<?xml version="1.0" encoding="UTF-8"?>
<testsuites name="MMA Plus Merchandising With Chiller Wise Data Verification" time="10844" tests="3" failures="0" errors="0">
   <testsuite name="MMA Plus Merchandising With Chiller Wise Data Verification" tests="3" failures="0" errors="0" time="10844" timestamp="2018-08-09 16:45:07" hostname="Fahad Shah - DESKTOP-L12UUAD" id="Test Suites/MMA Plus Merchandising With Chiller Wise Data Verification">
      <properties>
         <property name="deviceName" value="samsung SM-J110H (Android 4.4.4)"/>
         <property name="devicePlatform" value=""/>
         <property name="logFolder" value="F:\\Git Projects\\MMAPlus_Merchandising\\MMAPlus_Merchandising\\Reports\\MMA Plus Merchandising With Chiller Wise Data Verification\\20180809_164504"/>
         <property name="logFiles" value="F:\\Git Projects\\MMAPlus_Merchandising\\MMAPlus_Merchandising\\Reports\\MMA Plus Merchandising With Chiller Wise Data Verification\\20180809_164504\\appium.log, F:\\Git Projects\\MMAPlus_Merchandising\\MMAPlus_Merchandising\\Reports\\MMA Plus Merchandising With Chiller Wise Data Verification\\20180809_164504\\execution0.log"/>
         <property name="attachments" value="F:\\Git Projects\\MMAPlus_Merchandising\\MMAPlus_Merchandising\\Reports\\MMA Plus Merchandising With Chiller Wise Data Verification\\20180809_164504\\1533815280888.png, F:\\Git Projects\\MMAPlus_Merchandising\\MMAPlus_Merchandising\\Reports\\MMA Plus Merchandising With Chiller Wise Data Verification\\20180809_164504\\1533815643805.png, F:\\Git Projects\\MMAPlus_Merchandising\\MMAPlus_Merchandising\\Reports\\MMA Plus Merchandising With Chiller Wise Data Verification\\20180809_164504\\1533815929864.png, F:\\Git Projects\\MMAPlus_Merchandising\\MMAPlus_Merchandising\\Reports\\MMA Plus Merchandising With Chiller Wise Data Verification\\20180809_164504\\1533816207863.png, F:\\Git Projects\\MMAPlus_Merchandising\\MMAPlus_Merchandising\\Reports\\MMA Plus Merchandising With Chiller Wise Data Verification\\20180809_164504\\1533816236876.png, F:\\Git Projects\\MMAPlus_Merchandising\\MMAPlus_Merchandising\\Reports\\MMA Plus Merchandising With Chiller Wise Data Verification\\20180809_164504\\1533816600168.png, F:\\Git Projects\\MMAPlus_Merchandising\\MMAPlus_Merchandising\\Reports\\MMA Plus Merchandising With Chiller Wise Data Verification\\20180809_164504\\1533816629922.png, F:\\Git Projects\\MMAPlus_Merchandising\\MMAPlus_Merchandising\\Reports\\MMA Plus Merchandising With Chiller Wise Data Verification\\20180809_164504\\1533816906933.png, F:\\Git Projects\\MMAPlus_Merchandising\\MMAPlus_Merchandising\\Reports\\MMA Plus Merchandising With Chiller Wise Data Verification\\20180809_164504\\1533816935790.png, F:\\Git Projects\\MMAPlus_Merchandising\\MMAPlus_Merchandising\\Reports\\MMA Plus Merchandising With Chiller Wise Data Verification\\20180809_164504\\1533817297915.png, F:\\Git Projects\\MMAPlus_Merchandising\\MMAPlus_Merchandising\\Reports\\MMA Plus Merchandising With Chiller Wise Data Verification\\20180809_164504\\1533817627876.png, F:\\Git Projects\\MMAPlus_Merchandising\\MMAPlus_Merchandising\\Reports\\MMA Plus Merchandising With Chiller Wise Data Verification\\20180809_164504\\1533817993482.png, F:\\Git Projects\\MMAPlus_Merchandising\\MMAPlus_Merchandising\\Reports\\MMA Plus Merchandising With Chiller Wise Data Verification\\20180809_164504\\1533818401595.png, F:\\Git Projects\\MMAPlus_Merchandising\\MMAPlus_Merchandising\\Reports\\MMA Plus Merchandising With Chiller Wise Data Verification\\20180809_164504\\1533818468810.png, F:\\Git Projects\\MMAPlus_Merchandising\\MMAPlus_Merchandising\\Reports\\MMA Plus Merchandising With Chiller Wise Data Verification\\20180809_164504\\1533818577694.png, F:\\Git Projects\\MMAPlus_Merchandising\\MMAPlus_Merchandising\\Reports\\MMA Plus Merchandising With Chiller Wise Data Verification\\20180809_164504\\1533818683778.png, F:\\Git Projects\\MMAPlus_Merchandising\\MMAPlus_Merchandising\\Reports\\MMA Plus Merchandising With Chiller Wise Data Verification\\20180809_164504\\1533818753843.png, F:\\Git Projects\\MMAPlus_Merchandising\\MMAPlus_Merchandising\\Reports\\MMA Plus Merchandising With Chiller Wise Data Verification\\20180809_164504\\1533818821853.png, F:\\Git Projects\\MMAPlus_Merchandising\\MMAPlus_Merchandising\\Reports\\MMA Plus Merchandising With Chiller Wise Data Verification\\20180809_164504\\1533818870862.png, F:\\Git Projects\\MMAPlus_Merchandising\\MMAPlus_Merchandising\\Reports\\MMA Plus Merchandising With Chiller Wise Data Verification\\20180809_164504\\1533818926916.png, F:\\Git Projects\\MMAPlus_Merchandising\\MMAPlus_Merchandising\\Reports\\MMA Plus Merchandising With Chiller Wise Data Verification\\20180809_164504\\1533818994884.png, F:\\Git Projects\\MMAPlus_Merchandising\\MMAPlus_Merchandising\\Reports\\MMA Plus Merchandising With Chiller Wise Data Verification\\20180809_164504\\1533819397846.png, F:\\Git Projects\\MMAPlus_Merchandising\\MMAPlus_Merchandising\\Reports\\MMA Plus Merchandising With Chiller Wise Data Verification\\20180809_164504\\1533819513645.png, F:\\Git Projects\\MMAPlus_Merchandising\\MMAPlus_Merchandising\\Reports\\MMA Plus Merchandising With Chiller Wise Data Verification\\20180809_164504\\1533819579806.png, F:\\Git Projects\\MMAPlus_Merchandising\\MMAPlus_Merchandising\\Reports\\MMA Plus Merchandising With Chiller Wise Data Verification\\20180809_164504\\1533819687849.png, F:\\Git Projects\\MMAPlus_Merchandising\\MMAPlus_Merchandising\\Reports\\MMA Plus Merchandising With Chiller Wise Data Verification\\20180809_164504\\1533819791243.png, F:\\Git Projects\\MMAPlus_Merchandising\\MMAPlus_Merchandising\\Reports\\MMA Plus Merchandising With Chiller Wise Data Verification\\20180809_164504\\1533819854831.png, F:\\Git Projects\\MMAPlus_Merchandising\\MMAPlus_Merchandising\\Reports\\MMA Plus Merchandising With Chiller Wise Data Verification\\20180809_164504\\1533819923874.png, F:\\Git Projects\\MMAPlus_Merchandising\\MMAPlus_Merchandising\\Reports\\MMA Plus Merchandising With Chiller Wise Data Verification\\20180809_164504\\1533819973838.png, F:\\Git Projects\\MMAPlus_Merchandising\\MMAPlus_Merchandising\\Reports\\MMA Plus Merchandising With Chiller Wise Data Verification\\20180809_164504\\1533820032811.png, F:\\Git Projects\\MMAPlus_Merchandising\\MMAPlus_Merchandising\\Reports\\MMA Plus Merchandising With Chiller Wise Data Verification\\20180809_164504\\1533820101897.png, F:\\Git Projects\\MMAPlus_Merchandising\\MMAPlus_Merchandising\\Reports\\MMA Plus Merchandising With Chiller Wise Data Verification\\20180809_164504\\1533820497808.png, F:\\Git Projects\\MMAPlus_Merchandising\\MMAPlus_Merchandising\\Reports\\MMA Plus Merchandising With Chiller Wise Data Verification\\20180809_164504\\1533820613830.png, F:\\Git Projects\\MMAPlus_Merchandising\\MMAPlus_Merchandising\\Reports\\MMA Plus Merchandising With Chiller Wise Data Verification\\20180809_164504\\1533820681135.png, F:\\Git Projects\\MMAPlus_Merchandising\\MMAPlus_Merchandising\\Reports\\MMA Plus Merchandising With Chiller Wise Data Verification\\20180809_164504\\1533820788837.png, F:\\Git Projects\\MMAPlus_Merchandising\\MMAPlus_Merchandising\\Reports\\MMA Plus Merchandising With Chiller Wise Data Verification\\20180809_164504\\1533820895821.png, F:\\Git Projects\\MMAPlus_Merchandising\\MMAPlus_Merchandising\\Reports\\MMA Plus Merchandising With Chiller Wise Data Verification\\20180809_164504\\1533820962804.png, F:\\Git Projects\\MMAPlus_Merchandising\\MMAPlus_Merchandising\\Reports\\MMA Plus Merchandising With Chiller Wise Data Verification\\20180809_164504\\1533821034826.png, F:\\Git Projects\\MMAPlus_Merchandising\\MMAPlus_Merchandising\\Reports\\MMA Plus Merchandising With Chiller Wise Data Verification\\20180809_164504\\1533821084723.png, F:\\Git Projects\\MMAPlus_Merchandising\\MMAPlus_Merchandising\\Reports\\MMA Plus Merchandising With Chiller Wise Data Verification\\20180809_164504\\1533821145865.png, F:\\Git Projects\\MMAPlus_Merchandising\\MMAPlus_Merchandising\\Reports\\MMA Plus Merchandising With Chiller Wise Data Verification\\20180809_164504\\1533821212870.png, F:\\Git Projects\\MMAPlus_Merchandising\\MMAPlus_Merchandising\\Reports\\MMA Plus Merchandising With Chiller Wise Data Verification\\20180809_164504\\1533821476863.png, F:\\Git Projects\\MMAPlus_Merchandising\\MMAPlus_Merchandising\\Reports\\MMA Plus Merchandising With Chiller Wise Data Verification\\20180809_164504\\1533821847186.png, F:\\Git Projects\\MMAPlus_Merchandising\\MMAPlus_Merchandising\\Reports\\MMA Plus Merchandising With Chiller Wise Data Verification\\20180809_164504\\1533821953733.png, F:\\Git Projects\\MMAPlus_Merchandising\\MMAPlus_Merchandising\\Reports\\MMA Plus Merchandising With Chiller Wise Data Verification\\20180809_164504\\1533822020786.png, F:\\Git Projects\\MMAPlus_Merchandising\\MMAPlus_Merchandising\\Reports\\MMA Plus Merchandising With Chiller Wise Data Verification\\20180809_164504\\1533822128782.png, F:\\Git Projects\\MMAPlus_Merchandising\\MMAPlus_Merchandising\\Reports\\MMA Plus Merchandising With Chiller Wise Data Verification\\20180809_164504\\1533822234881.png, F:\\Git Projects\\MMAPlus_Merchandising\\MMAPlus_Merchandising\\Reports\\MMA Plus Merchandising With Chiller Wise Data Verification\\20180809_164504\\1533822301794.png, F:\\Git Projects\\MMAPlus_Merchandising\\MMAPlus_Merchandising\\Reports\\MMA Plus Merchandising With Chiller Wise Data Verification\\20180809_164504\\1533822370877.png, F:\\Git Projects\\MMAPlus_Merchandising\\MMAPlus_Merchandising\\Reports\\MMA Plus Merchandising With Chiller Wise Data Verification\\20180809_164504\\1533822422750.png, F:\\Git Projects\\MMAPlus_Merchandising\\MMAPlus_Merchandising\\Reports\\MMA Plus Merchandising With Chiller Wise Data Verification\\20180809_164504\\1533822482881.png, F:\\Git Projects\\MMAPlus_Merchandising\\MMAPlus_Merchandising\\Reports\\MMA Plus Merchandising With Chiller Wise Data Verification\\20180809_164504\\1533822552919.png, F:\\Git Projects\\MMAPlus_Merchandising\\MMAPlus_Merchandising\\Reports\\MMA Plus Merchandising With Chiller Wise Data Verification\\20180809_164504\\1533822947752.png, F:\\Git Projects\\MMAPlus_Merchandising\\MMAPlus_Merchandising\\Reports\\MMA Plus Merchandising With Chiller Wise Data Verification\\20180809_164504\\1533823062849.png, F:\\Git Projects\\MMAPlus_Merchandising\\MMAPlus_Merchandising\\Reports\\MMA Plus Merchandising With Chiller Wise Data Verification\\20180809_164504\\1533823129946.png, F:\\Git Projects\\MMAPlus_Merchandising\\MMAPlus_Merchandising\\Reports\\MMA Plus Merchandising With Chiller Wise Data Verification\\20180809_164504\\1533823239795.png, F:\\Git Projects\\MMAPlus_Merchandising\\MMAPlus_Merchandising\\Reports\\MMA Plus Merchandising With Chiller Wise Data Verification\\20180809_164504\\1533823347991.png, F:\\Git Projects\\MMAPlus_Merchandising\\MMAPlus_Merchandising\\Reports\\MMA Plus Merchandising With Chiller Wise Data Verification\\20180809_164504\\1533823414121.png, F:\\Git Projects\\MMAPlus_Merchandising\\MMAPlus_Merchandising\\Reports\\MMA Plus Merchandising With Chiller Wise Data Verification\\20180809_164504\\1533823484818.png, F:\\Git Projects\\MMAPlus_Merchandising\\MMAPlus_Merchandising\\Reports\\MMA Plus Merchandising With Chiller Wise Data Verification\\20180809_164504\\1533823535856.png, F:\\Git Projects\\MMAPlus_Merchandising\\MMAPlus_Merchandising\\Reports\\MMA Plus Merchandising With Chiller Wise Data Verification\\20180809_164504\\1533823593635.png, F:\\Git Projects\\MMAPlus_Merchandising\\MMAPlus_Merchandising\\Reports\\MMA Plus Merchandising With Chiller Wise Data Verification\\20180809_164504\\1533823662775.png, F:\\Git Projects\\MMAPlus_Merchandising\\MMAPlus_Merchandising\\Reports\\MMA Plus Merchandising With Chiller Wise Data Verification\\20180809_164504\\1533823977811.png, F:\\Git Projects\\MMAPlus_Merchandising\\MMAPlus_Merchandising\\Reports\\MMA Plus Merchandising With Chiller Wise Data Verification\\20180809_164504\\1533824050825.png, F:\\Git Projects\\MMAPlus_Merchandising\\MMAPlus_Merchandising\\Reports\\MMA Plus Merchandising With Chiller Wise Data Verification\\20180809_164504\\1533824110802.png, F:\\Git Projects\\MMAPlus_Merchandising\\MMAPlus_Merchandising\\Reports\\MMA Plus Merchandising With Chiller Wise Data Verification\\20180809_164504\\1533824176656.png, F:\\Git Projects\\MMAPlus_Merchandising\\MMAPlus_Merchandising\\Reports\\MMA Plus Merchandising With Chiller Wise Data Verification\\20180809_164504\\1533824250603.png, F:\\Git Projects\\MMAPlus_Merchandising\\MMAPlus_Merchandising\\Reports\\MMA Plus Merchandising With Chiller Wise Data Verification\\20180809_164504\\1533824321899.png, F:\\Git Projects\\MMAPlus_Merchandising\\MMAPlus_Merchandising\\Reports\\MMA Plus Merchandising With Chiller Wise Data Verification\\20180809_164504\\1533824438775.png, F:\\Git Projects\\MMAPlus_Merchandising\\MMAPlus_Merchandising\\Reports\\MMA Plus Merchandising With Chiller Wise Data Verification\\20180809_164504\\1533824534624.png, F:\\Git Projects\\MMAPlus_Merchandising\\MMAPlus_Merchandising\\Reports\\MMA Plus Merchandising With Chiller Wise Data Verification\\20180809_164504\\1533824799843.png, F:\\Git Projects\\MMAPlus_Merchandising\\MMAPlus_Merchandising\\Reports\\MMA Plus Merchandising With Chiller Wise Data Verification\\20180809_164504\\1533825080801.png, F:\\Git Projects\\MMAPlus_Merchandising\\MMAPlus_Merchandising\\Reports\\MMA Plus Merchandising With Chiller Wise Data Verification\\20180809_164504\\1533825190891.png, F:\\Git Projects\\MMAPlus_Merchandising\\MMAPlus_Merchandising\\Reports\\MMA Plus Merchandising With Chiller Wise Data Verification\\20180809_164504\\1533825256852.png, F:\\Git Projects\\MMAPlus_Merchandising\\MMAPlus_Merchandising\\Reports\\MMA Plus Merchandising With Chiller Wise Data Verification\\20180809_164504\\1533825302620.png, F:\\Git Projects\\MMAPlus_Merchandising\\MMAPlus_Merchandising\\Reports\\MMA Plus Merchandising With Chiller Wise Data Verification\\20180809_164504\\1533825362250.png, F:\\Git Projects\\MMAPlus_Merchandising\\MMAPlus_Merchandising\\Reports\\MMA Plus Merchandising With Chiller Wise Data Verification\\20180809_164504\\1533825470898.png, F:\\Git Projects\\MMAPlus_Merchandising\\MMAPlus_Merchandising\\Reports\\MMA Plus Merchandising With Chiller Wise Data Verification\\20180809_164504\\1533825537817.png, F:\\Git Projects\\MMAPlus_Merchandising\\MMAPlus_Merchandising\\Reports\\MMA Plus Merchandising With Chiller Wise Data Verification\\20180809_164504\\1533825607875.png, F:\\Git Projects\\MMAPlus_Merchandising\\MMAPlus_Merchandising\\Reports\\MMA Plus Merchandising With Chiller Wise Data Verification\\20180809_164504\\1533825658727.png, F:\\Git Projects\\MMAPlus_Merchandising\\MMAPlus_Merchandising\\Reports\\MMA Plus Merchandising With Chiller Wise Data Verification\\20180809_164504\\1533825718793.png, F:\\Git Projects\\MMAPlus_Merchandising\\MMAPlus_Merchandising\\Reports\\MMA Plus Merchandising With Chiller Wise Data Verification\\20180809_164504\\1533825789783.png"/>
         <property name="hostName" value="Fahad Shah - DESKTOP-L12UUAD"/>
         <property name="os" value="Windows 10 64bit"/>
         <property name="katalonVersion" value="5.6.0.1"/>
         <property name="deviceOS" value="Android"/>
         <property name="appiumVersion" value="1.8.1"/>
         <property name="deviceModel" value="SM-J110H"/>
         <property name="hostAddress" value="192.168.3.191"/>
         <property name="deviceManufacturer" value="samsung"/>
         <property name="deviceId" value="11016e423244a24a"/>
         <property name="deviceName" value="samsung SM-J110H (Android 4.4.4)"/>
         <property name="deviceOSVersion" value="4.4.4"/>
      </properties>
      <testcase name="Test Cases/LaunchingApp/LaunchApp" classname="Test Cases/LaunchingApp/LaunchApp" status="PASSED">
         <system-out><![CDATA[2018-08-09 16:45:07 - [TEST_CASE][PASSED] - Test Cases/LaunchingApp/LaunchApp: Test Cases/LaunchingApp/LaunchApp

2018-08-09 16:45:08 - [TEST_STEP][PASSED] - startApplication: Started app at: 'F:\QA_Automation\Builds\mma_local_060818_v150.apk'

2018-08-09 16:45:28 - [MESSAGE][PASSED] - Started app at: 'F:\QA_Automation\Builds\mma_local_060818_v150.apk'

2018-08-09 16:45:28 - [TEST_STEP][PASSED] - delay: Delayed 5 second(s)

2018-08-09 16:45:33 - [MESSAGE][PASSED] - Delayed 5 second(s)]]></system-out>
         <system-err><![CDATA[]]></system-err>
      </testcase>
      <testcase name="Test Cases/DistributionPoint/VisitDistributionPoint" classname="Test Cases/DistributionPoint/VisitDistributionPoint" status="PASSED">
         <system-out><![CDATA[2018-08-09 16:45:33 - [TEST_CASE][PASSED] - Test Cases/DistributionPoint/VisitDistributionPoint: Test Cases/DistributionPoint/VisitDistributionPoint

2018-08-09 16:45:34 - [TEST_STEP][PASSED] - verifyElementText: Actual text and expected text of test object 'Object Repository/DashboardScreenElements/Validate_DashboardScreen' are matched.

2018-08-09 16:45:35 - [MESSAGE][PASSED] - Actual text and expected text of test object 'Object Repository/DashboardScreenElements/Validate_DashboardScreen' are matched.

2018-08-09 16:45:35 - [TEST_STEP][PASSED] - com.ct.qa.keywords.CommonKeywords.selectday: com.ct.qa.keywords.CommonKeywords.selectday is PASSED

2018-08-09 16:45:35 - [MESSAGE][WARNING] - Timeout '0' is invalid. Using default page load timeout: '5'

2018-08-09 16:45:35 - [MESSAGE][PASSED] - Tapped on element 'Object Repository/DashboardScreenElements/DaysDropdownMenu'

2018-08-09 16:45:35 - [MESSAGE][WARNING] - Timeout '0' is invalid. Using default page load timeout: '5'

2018-08-09 16:45:37 - [MESSAGE][PASSED] - Element 'Object Repository/DashboardScreenElements/Validate_DaysListScreen' is exist

2018-08-09 16:45:39 - [MESSAGE][PASSED] - com.ct.qa.keywords.CommonKeywords.selectday is PASSED

2018-08-09 16:45:39 - [TEST_STEP][PASSED] - tap: Tapped on element 'Object Repository/DashboardScreenElements/StartYourDay'

2018-08-09 16:45:39 - [MESSAGE][WARNING] - Timeout '0' is invalid. Using default page load timeout: '5'

2018-08-09 16:45:41 - [MESSAGE][PASSED] - Tapped on element 'Object Repository/DashboardScreenElements/StartYourDay'

2018-08-09 16:45:41 - [TEST_STEP][PASSED] - delay: Delayed 15 second(s)

2018-08-09 16:45:56 - [MESSAGE][PASSED] - Delayed 15 second(s)

2018-08-09 16:45:56 - [TEST_STEP][PASSED] - verifyElementExist: Element 'Object Repository/CommonScreenElements/Validate_MapScreen' is exist

2018-08-09 16:45:56 - [MESSAGE][WARNING] - Timeout '0' is invalid. Using default page load timeout: '5'

2018-08-09 16:45:57 - [MESSAGE][PASSED] - Element 'Object Repository/CommonScreenElements/Validate_MapScreen' is exist

2018-08-09 16:45:57 - [TEST_STEP][PASSED] - tap: Tapped on element 'Object Repository/CommonScreenElements/Location_CheckIn'

2018-08-09 16:45:57 - [MESSAGE][WARNING] - Timeout '0' is invalid. Using default page load timeout: '5'

2018-08-09 16:45:58 - [MESSAGE][PASSED] - Tapped on element 'Object Repository/CommonScreenElements/Location_CheckIn'

2018-08-09 16:45:58 - [TEST_STEP][PASSED] - verifyElementExist: Element 'Object Repository/CommonScreenElements/Validate_InfoPopUP' is exist

2018-08-09 16:45:58 - [MESSAGE][WARNING] - Timeout '0' is invalid. Using default page load timeout: '5'

2018-08-09 16:45:59 - [MESSAGE][PASSED] - Element 'Object Repository/CommonScreenElements/Validate_InfoPopUP' is exist

2018-08-09 16:45:59 - [TEST_STEP][PASSED] - tap: Tapped on element 'Object Repository/CommonScreenElements/InfoPopUp_NoButton'

2018-08-09 16:45:59 - [MESSAGE][WARNING] - Timeout '0' is invalid. Using default page load timeout: '5'

2018-08-09 16:45:59 - [MESSAGE][PASSED] - Tapped on element 'Object Repository/CommonScreenElements/InfoPopUp_NoButton'

2018-08-09 16:45:59 - [TEST_STEP][PASSED] - verifyElementText: Actual text and expected text of test object 'Object Repository/DistributionPoint/Validate_RouteInfoScreen' are matched.

2018-08-09 16:46:01 - [MESSAGE][PASSED] - Actual text and expected text of test object 'Object Repository/DistributionPoint/Validate_RouteInfoScreen' are matched.

2018-08-09 16:46:01 - [TEST_STEP][PASSED] - tap: Tapped on element 'Object Repository/DistributionPoint/RouteInfoNextButton'

2018-08-09 16:46:01 - [MESSAGE][WARNING] - Timeout '0' is invalid. Using default page load timeout: '5'

2018-08-09 16:46:01 - [MESSAGE][PASSED] - Tapped on element 'Object Repository/DistributionPoint/RouteInfoNextButton'

2018-08-09 16:46:01 - [TEST_STEP][PASSED] - verifyElementText: Actual text and expected text of test object 'Object Repository/DistributionPoint/Validate_DistributionPointScreen' are matched.

2018-08-09 16:46:03 - [MESSAGE][PASSED] - Actual text and expected text of test object 'Object Repository/DistributionPoint/Validate_DistributionPointScreen' are matched.

2018-08-09 16:46:03 - [TEST_STEP][PASSED] - com.ct.qa.keywords.DistributionPointKeywords.visitdistributionPoint: com.ct.qa.keywords.DistributionPointKeywords.visitdistributionPoint is PASSED

2018-08-09 16:46:07 - [MESSAGE][PASSED] - Keyboard is hidden

2018-08-09 16:46:10 - [MESSAGE][PASSED] - Keyboard is hidden

2018-08-09 16:46:12 - [MESSAGE][PASSED] - Keyboard is hidden

2018-08-09 16:46:15 - [MESSAGE][PASSED] - Keyboard is hidden

2018-08-09 16:46:15 - [MESSAGE][PASSED] - com.ct.qa.keywords.DistributionPointKeywords.visitdistributionPoint is PASSED

2018-08-09 16:46:15 - [TEST_STEP][PASSED] - tap: Tapped on element 'Object Repository/DistributionPoint/DistributionPoint_SubmitButton'

2018-08-09 16:46:15 - [MESSAGE][WARNING] - Timeout '0' is invalid. Using default page load timeout: '5'

2018-08-09 16:46:16 - [MESSAGE][PASSED] - Tapped on element 'Object Repository/DistributionPoint/DistributionPoint_SubmitButton']]></system-out>
         <system-err><![CDATA[]]></system-err>
      </testcase>
      <testcase name="Test Cases/VisitShopScenarios/VisitShopsWithDataVerification" classname="Test Cases/VisitShopScenarios/VisitShopsWithDataVerification" status="PASSED">
         <system-out><![CDATA[2018-08-09 16:46:16 - [TEST_CASE][PASSED] - Test Cases/VisitShopScenarios/VisitShopsWithDataVerification: Test Cases/VisitShopScenarios/VisitShopsWithDataVerification

2018-08-09 16:46:16 - [TEST_STEP][PASSED] - verifyElementText: Actual text and expected text of test object 'Object Repository/DashboardScreenElements/Validate_DashboardScreen' are matched.

2018-08-09 16:46:18 - [MESSAGE][PASSED] - Actual text and expected text of test object 'Object Repository/DashboardScreenElements/Validate_DashboardScreen' are matched.

2018-08-09 16:46:18 - [TEST_STEP][PASSED] - com.ct.qa.keywords.CommonKeywords.selectday: com.ct.qa.keywords.CommonKeywords.selectday is PASSED

2018-08-09 16:46:18 - [MESSAGE][WARNING] - Timeout '0' is invalid. Using default page load timeout: '5'

2018-08-09 16:46:18 - [MESSAGE][PASSED] - Tapped on element 'Object Repository/DashboardScreenElements/DaysDropdownMenu'

2018-08-09 16:46:18 - [MESSAGE][WARNING] - Timeout '0' is invalid. Using default page load timeout: '5'

2018-08-09 16:46:19 - [MESSAGE][PASSED] - Element 'Object Repository/DashboardScreenElements/Validate_DaysListScreen' is exist

2018-08-09 16:46:20 - [MESSAGE][PASSED] - com.ct.qa.keywords.CommonKeywords.selectday is PASSED

2018-08-09 16:46:20 - [TEST_STEP][PASSED] - tap: Tapped on element 'Object Repository/DashboardScreenElements/StartYourDay'

2018-08-09 16:46:20 - [MESSAGE][WARNING] - Timeout '0' is invalid. Using default page load timeout: '5'

2018-08-09 16:46:21 - [MESSAGE][PASSED] - Tapped on element 'Object Repository/DashboardScreenElements/StartYourDay'

2018-08-09 16:46:21 - [TEST_STEP][PASSED] - verifyElementText: Actual text and expected text of test object 'Object Repository/Validate_ShopListScreen' are matched.

2018-08-09 16:46:24 - [MESSAGE][PASSED] - Actual text and expected text of test object 'Object Repository/Validate_ShopListScreen' are matched.

2018-08-09 16:46:24 - [TEST_STEP][PASSED] - com.ct.qa.keywords.ShopVisitingScenariosKeywords.visitShopWithDataVerification: com.ct.qa.keywords.ShopVisitingScenariosKeywords.visitShopWithDataVerification is PASSED

2018-08-09 16:46:27 - [MESSAGE][PASSED] - Actual text and expected text of test object 'Object Repository/Validate_ShopOptionsScreen' are matched.

2018-08-09 16:46:27 - [MESSAGE][WARNING] - Timeout '0' is invalid. Using default page load timeout: '5'

2018-08-09 16:46:27 - [MESSAGE][PASSED] - Tapped on element 'Object Repository/StartWorking'

2018-08-09 16:46:42 - [MESSAGE][PASSED] - Delayed 15 second(s)

2018-08-09 16:46:43 - [MESSAGE][PASSED] - Element 'Object Repository/CommonScreenElements/Validate_MapScreen' is exist

2018-08-09 16:46:43 - [MESSAGE][WARNING] - Timeout '0' is invalid. Using default page load timeout: '5'

2018-08-09 16:46:44 - [MESSAGE][PASSED] - Tapped on element 'Object Repository/CommonScreenElements/Location_CheckIn'

2018-08-09 16:46:44 - [MESSAGE][WARNING] - Timeout '0' is invalid. Using default page load timeout: '5'

2018-08-09 16:46:45 - [MESSAGE][PASSED] - Element 'Object Repository/CommonScreenElements/Validate_InfoPopUP' is exist

2018-08-09 16:46:45 - [MESSAGE][WARNING] - Timeout '0' is invalid. Using default page load timeout: '5'

2018-08-09 16:46:45 - [MESSAGE][PASSED] - Tapped on element 'Object Repository/CommonScreenElements/InfoPopUp_NoButton'

2018-08-09 16:46:45 - [TEST_CASE][PASSED] - Test Cases/ShopOpen/VisitShopOpen: Test Cases/ShopOpen/VisitShopOpen

2018-08-09 16:46:46 - [TEST_STEP][PASSED] - verifyElementExist: Element 'Object Repository/ShopActions_List' is exist

2018-08-09 16:46:46 - [MESSAGE][WARNING] - Timeout '0' is invalid. Using default page load timeout: '5'

2018-08-09 16:46:46 - [MESSAGE][PASSED] - Element 'Object Repository/ShopActions_List' is exist

2018-08-09 16:46:46 - [TEST_STEP][PASSED] - tap: Tapped on element 'Object Repository/ShopOpen/ShopOpen'

2018-08-09 16:46:46 - [MESSAGE][WARNING] - Timeout '0' is invalid. Using default page load timeout: '5'

2018-08-09 16:46:48 - [MESSAGE][PASSED] - Tapped on element 'Object Repository/ShopOpen/ShopOpen'

2018-08-09 16:46:48 - [TEST_STEP][PASSED] - verifyElementExist: Element 'Object Repository/CommonScreenElements/Validate_CameraScreen' is exist

2018-08-09 16:46:48 - [MESSAGE][WARNING] - Timeout '0' is invalid. Using default page load timeout: '5'

2018-08-09 16:46:49 - [MESSAGE][PASSED] - Element 'Object Repository/CommonScreenElements/Validate_CameraScreen' is exist

2018-08-09 16:46:49 - [TEST_STEP][PASSED] - tap: Tapped on element 'Object Repository/CommonScreenElements/TakePictureButton'

2018-08-09 16:46:49 - [MESSAGE][WARNING] - Timeout '0' is invalid. Using default page load timeout: '5'

2018-08-09 16:46:52 - [MESSAGE][PASSED] - Tapped on element 'Object Repository/CommonScreenElements/TakePictureButton'

2018-08-09 16:46:52 - [TEST_STEP][PASSED] - delay: Delayed 5 second(s)

2018-08-09 16:46:57 - [MESSAGE][PASSED] - Delayed 5 second(s)

2018-08-09 16:46:57 - [TEST_STEP][PASSED] - tap: Tapped on element 'Object Repository/CommonScreenElements/DoneButton'

2018-08-09 16:46:57 - [MESSAGE][WARNING] - Timeout '0' is invalid. Using default page load timeout: '5'

2018-08-09 16:46:58 - [MESSAGE][PASSED] - Tapped on element 'Object Repository/CommonScreenElements/DoneButton'

2018-08-09 16:46:58 - [MESSAGE][PASSED] - Call Test Case 'Test Cases/ShopOpen/VisitShopOpen' successfully

2018-08-09 16:46:58 - [TEST_CASE][PASSED] - Test Cases/ShopOpen/VisitCategoryScenarios/VisitShopCategoriesWithDataVerification: Test Cases/ShopOpen/VisitCategoryScenarios/VisitShopCategoriesWithDataVerification

2018-08-09 16:46:58 - [TEST_STEP][PASSED] - verifyElementExist: Element 'Object Repository/ShopOpen/Validate_ShopCategoriesListScreen' is exist

2018-08-09 16:46:58 - [MESSAGE][WARNING] - Timeout '0' is invalid. Using default page load timeout: '5'

2018-08-09 16:47:00 - [MESSAGE][PASSED] - Element 'Object Repository/ShopOpen/Validate_ShopCategoriesListScreen' is exist

2018-08-09 16:47:00 - [TEST_STEP][PASSED] - com.ct.qa.keywords.CategoryVisitingScenariosKeywords.visitShopCategoriesWithDataVerification: com.ct.qa.keywords.CategoryVisitingScenariosKeywords.visitShopCategoriesWithDataVerification is PASSED

2018-08-09 16:47:06 - [MESSAGE][PASSED] - Swiped from 0,293 to 0,200

2018-08-09 16:47:09 - [MESSAGE][PASSED] - Swiped from 0,293 to 0,200

2018-08-09 16:47:12 - [MESSAGE][PASSED] - Swiped from 0,293 to 0,200

2018-08-09 16:47:15 - [MESSAGE][PASSED] - Swiped from 0,293 to 0,200

2018-08-09 16:47:18 - [MESSAGE][PASSED] - Swiped from 0,293 to 0,200

2018-08-09 16:47:21 - [MESSAGE][PASSED] - Swiped from 0,293 to 0,200

2018-08-09 16:47:24 - [MESSAGE][PASSED] - Swiped from 0,293 to 0,200

2018-08-09 16:47:27 - [MESSAGE][PASSED] - Swiped from 0,293 to 0,200

2018-08-09 16:47:30 - [MESSAGE][PASSED] - Swiped from 0,293 to 0,200

2018-08-09 16:47:33 - [MESSAGE][PASSED] - Swiped from 0,200 to 0,750

2018-08-09 16:47:34 - [MESSAGE][PASSED] - Swiped from 0,200 to 0,750

2018-08-09 16:47:36 - [TEST_CASE][PASSED] - Test Cases/ShopOpen/ChillerUtilization/VisitChillerScenarios/VisitChillerUtilizationWithDataVerification: Test Cases/ShopOpen/ChillerUtilization/VisitChillerScenarios/VisitChillerUtilizationWithDataVerification

2018-08-09 16:47:36 - [TEST_STEP][PASSED] - verifyElementText: Actual text and expected text of test object 'Object Repository/ShopOpen/ChillerUtilization/Validate_ChillerUtilizationScreen' are matched.

2018-08-09 16:47:38 - [MESSAGE][PASSED] - Actual text and expected text of test object 'Object Repository/ShopOpen/ChillerUtilization/Validate_ChillerUtilizationScreen' are matched.

2018-08-09 16:47:38 - [TEST_STEP][PASSED] - com.ct.qa.keywords.ChillerVisitingScenariosKeywords.visitChillersTaggedInChillerUtilizationWithDataVerification: com.ct.qa.keywords.ChillerVisitingScenariosKeywords.visitChillersTaggedInChillerUtilizationWithDataVerification is PASSED

2018-08-09 16:47:39 - [MESSAGE][WARNING] - Timeout '0' is invalid. Using default page load timeout: '5'

2018-08-09 16:47:42 - [MESSAGE][PASSED] - Element 'Object Repository/CommonScreenElements/Validate_CameraScreen' is exist

2018-08-09 16:47:42 - [MESSAGE][WARNING] - Timeout '0' is invalid. Using default page load timeout: '5'

2018-08-09 16:47:45 - [MESSAGE][PASSED] - Tapped on element 'Object Repository/CommonScreenElements/TakePictureButton'

2018-08-09 16:47:50 - [MESSAGE][PASSED] - Delayed 5 second(s)

2018-08-09 16:47:50 - [MESSAGE][WARNING] - Timeout '0' is invalid. Using default page load timeout: '5'

2018-08-09 16:47:51 - [MESSAGE][PASSED] - Tapped on element 'Object Repository/CommonScreenElements/DoneButton'

2018-08-09 16:47:54 - [TEST_CASE][PASSED] - Test Cases/ShopOpen/ChillerUtilization/ChillerAvailable/VisitChillerAvailable: Test Cases/ShopOpen/ChillerUtilization/ChillerAvailable/VisitChillerAvailable

2018-08-09 16:47:54 - [TEST_STEP][PASSED] - verifyElementExist: Element 'Object Repository/ShopOpen/ChillerUtilization/ChillerAvailable/Validate_ChillerAvailableScreen' is exist

2018-08-09 16:47:54 - [MESSAGE][WARNING] - Timeout '0' is invalid. Using default page load timeout: '5'

2018-08-09 16:47:55 - [MESSAGE][PASSED] - Element 'Object Repository/ShopOpen/ChillerUtilization/ChillerAvailable/Validate_ChillerAvailableScreen' is exist

2018-08-09 16:47:55 - [TEST_STEP][PASSED] - tap: Tapped on element 'Object Repository/ShopOpen/ChillerUtilization/ChillerAvailable/Planogram_ImageView'

2018-08-09 16:47:55 - [MESSAGE][WARNING] - Timeout '0' is invalid. Using default page load timeout: '5'

2018-08-09 16:47:55 - [MESSAGE][PASSED] - Tapped on element 'Object Repository/ShopOpen/ChillerUtilization/ChillerAvailable/Planogram_ImageView'

2018-08-09 16:47:55 - [TEST_STEP][PASSED] - com.ct.qa.keywords.CommonKeywords.checkPlanogramAvailability: com.ct.qa.keywords.CommonKeywords.checkPlanogramAvailability is PASSED

2018-08-09 16:47:55 - [MESSAGE][WARNING] - Timeout '0' is invalid. Using default page load timeout: '5'

2018-08-09 16:48:01 - [MESSAGE][WARNING] - Object Object Repository/CommonScreenElements/InfoPopUp_OKButton not found
[[ATTACHMENT|F:\\Git Projects\\MMAPlus_Merchandising\\MMAPlus_Merchandising\\Reports\\MMA Plus Merchandising With Chiller Wise Data Verification\\20180809_164504\\1533815280888.png]]

2018-08-09 16:48:01 - [MESSAGE][PASSED] - com.ct.qa.keywords.CommonKeywords.checkPlanogramAvailability is PASSED

2018-08-09 16:48:01 - [TEST_STEP][PASSED] - com.ct.qa.keywords.CommonKeywords.closePlanogram: com.ct.qa.keywords.CommonKeywords.closePlanogram is PASSED

2018-08-09 16:48:02 - [MESSAGE][PASSED] - com.ct.qa.keywords.CommonKeywords.closePlanogram is PASSED

2018-08-09 16:48:02 - [TEST_STEP][PASSED] - verifyElementExist: Element 'Object Repository/ShopOpen/ChillerUtilization/ChillerAvailable/Validate_ChillerAvailableScreen' is exist

2018-08-09 16:48:02 - [MESSAGE][WARNING] - Timeout '0' is invalid. Using default page load timeout: '5'

2018-08-09 16:48:03 - [MESSAGE][PASSED] - Element 'Object Repository/ShopOpen/ChillerUtilization/ChillerAvailable/Validate_ChillerAvailableScreen' is exist

2018-08-09 16:48:03 - [TEST_STEP][PASSED] - com.ct.qa.keywords.CommonKeywords.findPictureImageView: com.ct.qa.keywords.CommonKeywords.findPictureImageView is PASSED

2018-08-09 16:48:03 - [MESSAGE][PASSED] - com.ct.qa.keywords.CommonKeywords.findPictureImageView is PASSED

2018-08-09 16:48:03 - [TEST_STEP][PASSED] - verifyElementExist: Element 'Object Repository/ShopOpen/ChillerUtilization/ChillerAvailable/Validate_ChillerAvailableScreen' is exist

2018-08-09 16:48:03 - [MESSAGE][WARNING] - Timeout '0' is invalid. Using default page load timeout: '5'

2018-08-09 16:48:03 - [MESSAGE][PASSED] - Element 'Object Repository/ShopOpen/ChillerUtilization/ChillerAvailable/Validate_ChillerAvailableScreen' is exist

2018-08-09 16:48:03 - [TEST_STEP][PASSED] - tap: Tapped on element 'Object Repository/ShopOpen/ChillerUtilization/ChillerAvailable/Depth1_TakePicture'

2018-08-09 16:48:03 - [MESSAGE][WARNING] - Timeout '0' is invalid. Using default page load timeout: '5'

2018-08-09 16:48:05 - [MESSAGE][PASSED] - Tapped on element 'Object Repository/ShopOpen/ChillerUtilization/ChillerAvailable/Depth1_TakePicture'

2018-08-09 16:48:05 - [TEST_STEP][PASSED] - verifyElementExist: Element 'Object Repository/CommonScreenElements/Validate_CameraScreen' is exist

2018-08-09 16:48:05 - [MESSAGE][WARNING] - Timeout '0' is invalid. Using default page load timeout: '5'

2018-08-09 16:48:06 - [MESSAGE][PASSED] - Element 'Object Repository/CommonScreenElements/Validate_CameraScreen' is exist

2018-08-09 16:48:06 - [TEST_STEP][PASSED] - tap: Tapped on element 'Object Repository/CommonScreenElements/TakePictureButton'

2018-08-09 16:48:06 - [MESSAGE][WARNING] - Timeout '0' is invalid. Using default page load timeout: '5'

2018-08-09 16:48:10 - [MESSAGE][PASSED] - Tapped on element 'Object Repository/CommonScreenElements/TakePictureButton'

2018-08-09 16:48:10 - [TEST_STEP][PASSED] - delay: Delayed 5 second(s)

2018-08-09 16:48:15 - [MESSAGE][PASSED] - Delayed 5 second(s)

2018-08-09 16:48:15 - [TEST_STEP][PASSED] - tap: Tapped on element 'Object Repository/CommonScreenElements/DoneButton'

2018-08-09 16:48:15 - [MESSAGE][WARNING] - Timeout '0' is invalid. Using default page load timeout: '5'

2018-08-09 16:48:15 - [MESSAGE][PASSED] - Tapped on element 'Object Repository/CommonScreenElements/DoneButton'

2018-08-09 16:48:15 - [TEST_STEP][PASSED] - verifyElementExist: Element 'Object Repository/ShopOpen/ChillerUtilization/ChillerAvailable/Validate_ChillerAvailableScreen' is exist

2018-08-09 16:48:15 - [MESSAGE][WARNING] - Timeout '0' is invalid. Using default page load timeout: '5'

2018-08-09 16:48:16 - [MESSAGE][PASSED] - Element 'Object Repository/ShopOpen/ChillerUtilization/ChillerAvailable/Validate_ChillerAvailableScreen' is exist

2018-08-09 16:48:16 - [TEST_STEP][PASSED] - tap: Tapped on element 'Object Repository/ShopOpen/ChillerUtilization/ChillerAvailable/Depth2TakePicture'

2018-08-09 16:48:16 - [MESSAGE][WARNING] - Timeout '0' is invalid. Using default page load timeout: '5'

2018-08-09 16:48:17 - [MESSAGE][PASSED] - Tapped on element 'Object Repository/ShopOpen/ChillerUtilization/ChillerAvailable/Depth2TakePicture'

2018-08-09 16:48:17 - [TEST_STEP][PASSED] - verifyElementExist: Element 'Object Repository/CommonScreenElements/Validate_CameraScreen' is exist

2018-08-09 16:48:17 - [MESSAGE][WARNING] - Timeout '0' is invalid. Using default page load timeout: '5'

2018-08-09 16:48:18 - [MESSAGE][PASSED] - Element 'Object Repository/CommonScreenElements/Validate_CameraScreen' is exist

2018-08-09 16:48:18 - [TEST_STEP][PASSED] - tap: Tapped on element 'Object Repository/CommonScreenElements/TakePictureButton'

2018-08-09 16:48:18 - [MESSAGE][WARNING] - Timeout '0' is invalid. Using default page load timeout: '5'

2018-08-09 16:48:22 - [MESSAGE][PASSED] - Tapped on element 'Object Repository/CommonScreenElements/TakePictureButton'

2018-08-09 16:48:22 - [TEST_STEP][PASSED] - delay: Delayed 5 second(s)

2018-08-09 16:48:27 - [MESSAGE][PASSED] - Delayed 5 second(s)

2018-08-09 16:48:27 - [TEST_STEP][PASSED] - tap: Tapped on element 'Object Repository/CommonScreenElements/DoneButton'

2018-08-09 16:48:27 - [MESSAGE][WARNING] - Timeout '0' is invalid. Using default page load timeout: '5'

2018-08-09 16:48:27 - [MESSAGE][PASSED] - Tapped on element 'Object Repository/CommonScreenElements/DoneButton'

2018-08-09 16:48:27 - [TEST_STEP][PASSED] - verifyElementExist: Element 'Object Repository/ShopOpen/ChillerUtilization/ChillerAvailable/Validate_ChillerAvailableScreen' is exist

2018-08-09 16:48:27 - [MESSAGE][WARNING] - Timeout '0' is invalid. Using default page load timeout: '5'

2018-08-09 16:48:28 - [MESSAGE][PASSED] - Element 'Object Repository/ShopOpen/ChillerUtilization/ChillerAvailable/Validate_ChillerAvailableScreen' is exist

2018-08-09 16:48:28 - [TEST_STEP][PASSED] - tap: Tapped on element 'Object Repository/ShopOpen/ChillerUtilization/ChillerAvailable/NextButton'

2018-08-09 16:48:28 - [MESSAGE][WARNING] - Timeout '0' is invalid. Using default page load timeout: '5'

2018-08-09 16:48:28 - [MESSAGE][PASSED] - Tapped on element 'Object Repository/ShopOpen/ChillerUtilization/ChillerAvailable/NextButton'

2018-08-09 16:48:28 - [TEST_STEP][PASSED] - verifyElementText: Actual text and expected text of test object 'Object Repository/ShopOpen/ChillerUtilization/ChillerAvailable/Validate_ChillerProductsCategoriesScreen' are matched.

2018-08-09 16:48:30 - [MESSAGE][PASSED] - Actual text and expected text of test object 'Object Repository/ShopOpen/ChillerUtilization/ChillerAvailable/Validate_ChillerProductsCategoriesScreen' are matched.

2018-08-09 16:48:30 - [TEST_STEP][PASSED] - com.ct.qa.keywords.ChillerProductsDataKeywords.visitChillerAvailableProductCategories: com.ct.qa.keywords.ChillerProductsDataKeywords.visitChillerAvailableProductCategories is PASSED

2018-08-09 16:48:33 - [TEST_CASE][PASSED] - Test Cases/ShopOpen/ChillerUtilization/ChillerAvailable/VisitProductCategoryAssets: Test Cases/ShopOpen/ChillerUtilization/ChillerAvailable/VisitProductCategoryAssets

2018-08-09 16:48:33 - [TEST_STEP][PASSED] - verifyElementText: Actual text and expected text of test object 'Object Repository/ShopOpen/ChillerUtilization/ChillerAvailable/Validate_ProductCategoryAssetScreen' are matched.

2018-08-09 16:48:35 - [MESSAGE][PASSED] - Actual text and expected text of test object 'Object Repository/ShopOpen/ChillerUtilization/ChillerAvailable/Validate_ProductCategoryAssetScreen' are matched.

2018-08-09 16:48:35 - [TEST_STEP][PASSED] - tap: Tapped on element 'Object Repository/ShopOpen/ChillerUtilization/ChillerAvailable/Facing'

2018-08-09 16:48:35 - [MESSAGE][WARNING] - Timeout '0' is invalid. Using default page load timeout: '5'

2018-08-09 16:48:35 - [MESSAGE][PASSED] - Tapped on element 'Object Repository/ShopOpen/ChillerUtilization/ChillerAvailable/Facing'

2018-08-09 16:48:35 - [TEST_STEP][PASSED] - verifyElementText: Actual text and expected text of test object 'Object Repository/ShopOpen/ChillerUtilization/ChillerAvailable/Validate_FacingScreen' are matched.

2018-08-09 16:48:37 - [MESSAGE][PASSED] - Actual text and expected text of test object 'Object Repository/ShopOpen/ChillerUtilization/ChillerAvailable/Validate_FacingScreen' are matched.

2018-08-09 16:48:37 - [TEST_STEP][PASSED] - com.ct.qa.keywords.ChillerProductsDataKeywords.visitChillerAvailableProductsData: com.ct.qa.keywords.ChillerProductsDataKeywords.visitChillerAvailableProductsData is PASSED

2018-08-09 16:48:40 - [MESSAGE][PASSED] - Keyboard is hidden

2018-08-09 16:48:41 - [MESSAGE][PASSED] - com.ct.qa.keywords.ChillerProductsDataKeywords.visitChillerAvailableProductsData is PASSED

2018-08-09 16:48:41 - [TEST_STEP][PASSED] - tap: Tapped on element 'Object Repository/ShopOpen/ChillerUtilization/ChillerAvailable/SubmitButton'

2018-08-09 16:48:41 - [MESSAGE][WARNING] - Timeout '0' is invalid. Using default page load timeout: '5'

2018-08-09 16:48:41 - [MESSAGE][PASSED] - Tapped on element 'Object Repository/ShopOpen/ChillerUtilization/ChillerAvailable/SubmitButton'

2018-08-09 16:48:41 - [TEST_STEP][PASSED] - verifyElementText: Actual text and expected text of test object 'Object Repository/ShopOpen/ChillerUtilization/ChillerAvailable/Validate_ProductCategoryAssetScreen' are matched.

2018-08-09 16:48:42 - [MESSAGE][PASSED] - Actual text and expected text of test object 'Object Repository/ShopOpen/ChillerUtilization/ChillerAvailable/Validate_ProductCategoryAssetScreen' are matched.

2018-08-09 16:48:42 - [TEST_STEP][PASSED] - tap: Tapped on element 'Object Repository/ShopOpen/ChillerUtilization/ChillerAvailable/Depth'

2018-08-09 16:48:42 - [MESSAGE][WARNING] - Timeout '0' is invalid. Using default page load timeout: '5'

2018-08-09 16:48:43 - [MESSAGE][PASSED] - Tapped on element 'Object Repository/ShopOpen/ChillerUtilization/ChillerAvailable/Depth'

2018-08-09 16:48:43 - [TEST_STEP][PASSED] - verifyElementText: Actual text and expected text of test object 'Object Repository/ShopOpen/ChillerUtilization/ChillerAvailable/Validate_DepthScreen' are matched.

2018-08-09 16:48:45 - [MESSAGE][PASSED] - Actual text and expected text of test object 'Object Repository/ShopOpen/ChillerUtilization/ChillerAvailable/Validate_DepthScreen' are matched.

2018-08-09 16:48:45 - [TEST_STEP][PASSED] - com.ct.qa.keywords.ChillerProductsDataKeywords.visitChillerAvailableProductsData: com.ct.qa.keywords.ChillerProductsDataKeywords.visitChillerAvailableProductsData is PASSED

2018-08-09 16:48:48 - [MESSAGE][PASSED] - Keyboard is hidden

2018-08-09 16:48:49 - [MESSAGE][PASSED] - com.ct.qa.keywords.ChillerProductsDataKeywords.visitChillerAvailableProductsData is PASSED

2018-08-09 16:48:49 - [TEST_STEP][PASSED] - tap: Tapped on element 'Object Repository/ShopOpen/ChillerUtilization/ChillerAvailable/SubmitButton'

2018-08-09 16:48:49 - [MESSAGE][WARNING] - Timeout '0' is invalid. Using default page load timeout: '5'

2018-08-09 16:48:49 - [MESSAGE][PASSED] - Tapped on element 'Object Repository/ShopOpen/ChillerUtilization/ChillerAvailable/SubmitButton'

2018-08-09 16:48:49 - [TEST_STEP][PASSED] - verifyElementText: Actual text and expected text of test object 'Object Repository/ShopOpen/ChillerUtilization/ChillerAvailable/Validate_ProductCategoryAssetScreen' are matched.

2018-08-09 16:48:50 - [MESSAGE][PASSED] - Actual text and expected text of test object 'Object Repository/ShopOpen/ChillerUtilization/ChillerAvailable/Validate_ProductCategoryAssetScreen' are matched.

2018-08-09 16:48:50 - [TEST_STEP][PASSED] - tap: Tapped on element 'Object Repository/ShopOpen/ChillerUtilization/ChillerAvailable/StockCount'

2018-08-09 16:48:50 - [MESSAGE][WARNING] - Timeout '0' is invalid. Using default page load timeout: '5'

2018-08-09 16:48:51 - [MESSAGE][PASSED] - Tapped on element 'Object Repository/ShopOpen/ChillerUtilization/ChillerAvailable/StockCount'

2018-08-09 16:48:51 - [TEST_STEP][PASSED] - verifyElementText: Actual text and expected text of test object 'Object Repository/ShopOpen/ChillerUtilization/ChillerAvailable/Validate_StockCountScreen' are matched.

2018-08-09 16:48:53 - [MESSAGE][PASSED] - Actual text and expected text of test object 'Object Repository/ShopOpen/ChillerUtilization/ChillerAvailable/Validate_StockCountScreen' are matched.

2018-08-09 16:48:53 - [TEST_STEP][PASSED] - com.ct.qa.keywords.ChillerProductsDataKeywords.visitChillerAvailableProductsData: com.ct.qa.keywords.ChillerProductsDataKeywords.visitChillerAvailableProductsData is PASSED

2018-08-09 16:48:56 - [MESSAGE][PASSED] - Keyboard is hidden

2018-08-09 16:48:57 - [MESSAGE][PASSED] - com.ct.qa.keywords.ChillerProductsDataKeywords.visitChillerAvailableProductsData is PASSED

2018-08-09 16:48:57 - [TEST_STEP][PASSED] - tap: Tapped on element 'Object Repository/ShopOpen/ChillerUtilization/ChillerAvailable/SubmitButton'

2018-08-09 16:48:57 - [MESSAGE][WARNING] - Timeout '0' is invalid. Using default page load timeout: '5'

2018-08-09 16:48:57 - [MESSAGE][PASSED] - Tapped on element 'Object Repository/ShopOpen/ChillerUtilization/ChillerAvailable/SubmitButton'

2018-08-09 16:48:57 - [TEST_STEP][PASSED] - verifyElementText: Actual text and expected text of test object 'Object Repository/ShopOpen/ChillerUtilization/ChillerAvailable/Validate_ProductCategoryAssetScreen' are matched.

2018-08-09 16:48:58 - [MESSAGE][PASSED] - Actual text and expected text of test object 'Object Repository/ShopOpen/ChillerUtilization/ChillerAvailable/Validate_ProductCategoryAssetScreen' are matched.

2018-08-09 16:48:58 - [TEST_STEP][PASSED] - tap: Tapped on element 'Object Repository/ShopOpen/ChillerUtilization/ChillerAvailable/PorductCategoryActions_BackButton'

2018-08-09 16:48:58 - [MESSAGE][WARNING] - Timeout '0' is invalid. Using default page load timeout: '5'

2018-08-09 16:48:58 - [MESSAGE][PASSED] - Tapped on element 'Object Repository/ShopOpen/ChillerUtilization/ChillerAvailable/PorductCategoryActions_BackButton'

2018-08-09 16:48:58 - [TEST_STEP][PASSED] - verifyElementText: Actual text and expected text of test object 'Object Repository/ShopOpen/ChillerUtilization/ChillerAvailable/Validate_ChillerProductsCategoriesScreen' are matched.

2018-08-09 16:48:59 - [MESSAGE][PASSED] - Actual text and expected text of test object 'Object Repository/ShopOpen/ChillerUtilization/ChillerAvailable/Validate_ChillerProductsCategoriesScreen' are matched.

2018-08-09 16:48:59 - [MESSAGE][PASSED] - Call Test Case 'Test Cases/ShopOpen/ChillerUtilization/ChillerAvailable/VisitProductCategoryAssets' successfully

2018-08-09 16:49:00 - [TEST_CASE][PASSED] - Test Cases/ShopOpen/ChillerUtilization/ChillerAvailable/VisitProductCategoryAssets: Test Cases/ShopOpen/ChillerUtilization/ChillerAvailable/VisitProductCategoryAssets

2018-08-09 16:49:00 - [TEST_STEP][PASSED] - verifyElementText: Actual text and expected text of test object 'Object Repository/ShopOpen/ChillerUtilization/ChillerAvailable/Validate_ProductCategoryAssetScreen' are matched.

2018-08-09 16:49:02 - [MESSAGE][PASSED] - Actual text and expected text of test object 'Object Repository/ShopOpen/ChillerUtilization/ChillerAvailable/Validate_ProductCategoryAssetScreen' are matched.

2018-08-09 16:49:02 - [TEST_STEP][PASSED] - tap: Tapped on element 'Object Repository/ShopOpen/ChillerUtilization/ChillerAvailable/Facing'

2018-08-09 16:49:02 - [MESSAGE][WARNING] - Timeout '0' is invalid. Using default page load timeout: '5'

2018-08-09 16:49:02 - [MESSAGE][PASSED] - Tapped on element 'Object Repository/ShopOpen/ChillerUtilization/ChillerAvailable/Facing'

2018-08-09 16:49:02 - [TEST_STEP][PASSED] - verifyElementText: Actual text and expected text of test object 'Object Repository/ShopOpen/ChillerUtilization/ChillerAvailable/Validate_FacingScreen' are matched.

2018-08-09 16:49:04 - [MESSAGE][PASSED] - Actual text and expected text of test object 'Object Repository/ShopOpen/ChillerUtilization/ChillerAvailable/Validate_FacingScreen' are matched.

2018-08-09 16:49:04 - [TEST_STEP][PASSED] - com.ct.qa.keywords.ChillerProductsDataKeywords.visitChillerAvailableProductsData: com.ct.qa.keywords.ChillerProductsDataKeywords.visitChillerAvailableProductsData is PASSED

2018-08-09 16:49:08 - [MESSAGE][PASSED] - Keyboard is hidden

2018-08-09 16:49:11 - [MESSAGE][PASSED] - Keyboard is hidden

2018-08-09 16:49:14 - [MESSAGE][PASSED] - Keyboard is hidden

2018-08-09 16:49:17 - [MESSAGE][PASSED] - Keyboard is hidden

2018-08-09 16:49:20 - [MESSAGE][PASSED] - Keyboard is hidden

2018-08-09 16:49:23 - [MESSAGE][PASSED] - Keyboard is hidden

2018-08-09 16:49:26 - [MESSAGE][PASSED] - Swiped from 50,359 to 50,250

2018-08-09 16:49:29 - [MESSAGE][PASSED] - Keyboard is hidden

2018-08-09 16:49:31 - [MESSAGE][PASSED] - Swiped from 50,359 to 50,250

2018-08-09 16:49:34 - [MESSAGE][PASSED] - Keyboard is hidden

2018-08-09 16:49:36 - [MESSAGE][PASSED] - Swiped from 50,359 to 50,250

2018-08-09 16:49:39 - [MESSAGE][PASSED] - Keyboard is hidden

2018-08-09 16:49:41 - [MESSAGE][PASSED] - Swiped from 50,359 to 50,250

2018-08-09 16:49:44 - [MESSAGE][PASSED] - Keyboard is hidden

2018-08-09 16:49:46 - [MESSAGE][PASSED] - Swiped from 50,359 to 50,250

2018-08-09 16:49:49 - [MESSAGE][PASSED] - Keyboard is hidden

2018-08-09 16:49:51 - [MESSAGE][PASSED] - Swiped from 50,359 to 50,250

2018-08-09 16:49:54 - [MESSAGE][PASSED] - Keyboard is hidden

2018-08-09 16:49:56 - [MESSAGE][PASSED] - Swiped from 50,359 to 50,250

2018-08-09 16:49:57 - [MESSAGE][PASSED] - com.ct.qa.keywords.ChillerProductsDataKeywords.visitChillerAvailableProductsData is PASSED

2018-08-09 16:49:57 - [TEST_STEP][PASSED] - tap: Tapped on element 'Object Repository/ShopOpen/ChillerUtilization/ChillerAvailable/SubmitButton'

2018-08-09 16:49:57 - [MESSAGE][WARNING] - Timeout '0' is invalid. Using default page load timeout: '5'

2018-08-09 16:49:57 - [MESSAGE][PASSED] - Tapped on element 'Object Repository/ShopOpen/ChillerUtilization/ChillerAvailable/SubmitButton'

2018-08-09 16:49:57 - [TEST_STEP][PASSED] - verifyElementText: Actual text and expected text of test object 'Object Repository/ShopOpen/ChillerUtilization/ChillerAvailable/Validate_ProductCategoryAssetScreen' are matched.

2018-08-09 16:49:58 - [MESSAGE][PASSED] - Actual text and expected text of test object 'Object Repository/ShopOpen/ChillerUtilization/ChillerAvailable/Validate_ProductCategoryAssetScreen' are matched.

2018-08-09 16:49:58 - [TEST_STEP][PASSED] - tap: Tapped on element 'Object Repository/ShopOpen/ChillerUtilization/ChillerAvailable/Depth'

2018-08-09 16:49:58 - [MESSAGE][WARNING] - Timeout '0' is invalid. Using default page load timeout: '5'

2018-08-09 16:49:58 - [MESSAGE][PASSED] - Tapped on element 'Object Repository/ShopOpen/ChillerUtilization/ChillerAvailable/Depth'

2018-08-09 16:49:58 - [TEST_STEP][PASSED] - verifyElementText: Actual text and expected text of test object 'Object Repository/ShopOpen/ChillerUtilization/ChillerAvailable/Validate_DepthScreen' are matched.

2018-08-09 16:50:01 - [MESSAGE][PASSED] - Actual text and expected text of test object 'Object Repository/ShopOpen/ChillerUtilization/ChillerAvailable/Validate_DepthScreen' are matched.

2018-08-09 16:50:01 - [TEST_STEP][PASSED] - com.ct.qa.keywords.ChillerProductsDataKeywords.visitChillerAvailableProductsData: com.ct.qa.keywords.ChillerProductsDataKeywords.visitChillerAvailableProductsData is PASSED

2018-08-09 16:50:05 - [MESSAGE][PASSED] - Keyboard is hidden

2018-08-09 16:50:08 - [MESSAGE][PASSED] - Keyboard is hidden

2018-08-09 16:50:11 - [MESSAGE][PASSED] - Keyboard is hidden

2018-08-09 16:50:14 - [MESSAGE][PASSED] - Keyboard is hidden

2018-08-09 16:50:17 - [MESSAGE][PASSED] - Keyboard is hidden

2018-08-09 16:50:20 - [MESSAGE][PASSED] - Keyboard is hidden

2018-08-09 16:50:23 - [MESSAGE][PASSED] - Swiped from 50,359 to 50,250

2018-08-09 16:50:26 - [MESSAGE][PASSED] - Keyboard is hidden

2018-08-09 16:50:28 - [MESSAGE][PASSED] - Swiped from 50,359 to 50,250

2018-08-09 16:50:31 - [MESSAGE][PASSED] - Keyboard is hidden

2018-08-09 16:50:33 - [MESSAGE][PASSED] - Swiped from 50,359 to 50,250

2018-08-09 16:50:36 - [MESSAGE][PASSED] - Keyboard is hidden

2018-08-09 16:50:38 - [MESSAGE][PASSED] - Swiped from 50,359 to 50,250

2018-08-09 16:50:41 - [MESSAGE][PASSED] - Keyboard is hidden

2018-08-09 16:50:43 - [MESSAGE][PASSED] - Swiped from 50,359 to 50,250

2018-08-09 16:50:46 - [MESSAGE][PASSED] - Keyboard is hidden

2018-08-09 16:50:48 - [MESSAGE][PASSED] - Swiped from 50,359 to 50,250

2018-08-09 16:50:51 - [MESSAGE][PASSED] - Keyboard is hidden

2018-08-09 16:50:53 - [MESSAGE][PASSED] - Swiped from 50,359 to 50,250

2018-08-09 16:50:54 - [MESSAGE][PASSED] - com.ct.qa.keywords.ChillerProductsDataKeywords.visitChillerAvailableProductsData is PASSED

2018-08-09 16:50:54 - [TEST_STEP][PASSED] - tap: Tapped on element 'Object Repository/ShopOpen/ChillerUtilization/ChillerAvailable/SubmitButton'

2018-08-09 16:50:54 - [MESSAGE][WARNING] - Timeout '0' is invalid. Using default page load timeout: '5'

2018-08-09 16:50:54 - [MESSAGE][PASSED] - Tapped on element 'Object Repository/ShopOpen/ChillerUtilization/ChillerAvailable/SubmitButton'

2018-08-09 16:50:54 - [TEST_STEP][PASSED] - verifyElementText: Actual text and expected text of test object 'Object Repository/ShopOpen/ChillerUtilization/ChillerAvailable/Validate_ProductCategoryAssetScreen' are matched.

2018-08-09 16:50:55 - [MESSAGE][PASSED] - Actual text and expected text of test object 'Object Repository/ShopOpen/ChillerUtilization/ChillerAvailable/Validate_ProductCategoryAssetScreen' are matched.

2018-08-09 16:50:55 - [TEST_STEP][PASSED] - tap: Tapped on element 'Object Repository/ShopOpen/ChillerUtilization/ChillerAvailable/StockCount'

2018-08-09 16:50:55 - [MESSAGE][WARNING] - Timeout '0' is invalid. Using default page load timeout: '5'

2018-08-09 16:50:57 - [MESSAGE][PASSED] - Tapped on element 'Object Repository/ShopOpen/ChillerUtilization/ChillerAvailable/StockCount'

2018-08-09 16:50:57 - [TEST_STEP][PASSED] - verifyElementText: Actual text and expected text of test object 'Object Repository/ShopOpen/ChillerUtilization/ChillerAvailable/Validate_StockCountScreen' are matched.

2018-08-09 16:50:58 - [MESSAGE][PASSED] - Actual text and expected text of test object 'Object Repository/ShopOpen/ChillerUtilization/ChillerAvailable/Validate_StockCountScreen' are matched.

2018-08-09 16:50:58 - [TEST_STEP][PASSED] - com.ct.qa.keywords.ChillerProductsDataKeywords.visitChillerAvailableProductsData: com.ct.qa.keywords.ChillerProductsDataKeywords.visitChillerAvailableProductsData is PASSED

2018-08-09 16:51:03 - [MESSAGE][PASSED] - Keyboard is hidden

2018-08-09 16:51:06 - [MESSAGE][PASSED] - Keyboard is hidden

2018-08-09 16:51:09 - [MESSAGE][PASSED] - Keyboard is hidden

2018-08-09 16:51:12 - [MESSAGE][PASSED] - Keyboard is hidden

2018-08-09 16:51:15 - [MESSAGE][PASSED] - Keyboard is hidden

2018-08-09 16:51:18 - [MESSAGE][PASSED] - Keyboard is hidden

2018-08-09 16:51:21 - [MESSAGE][PASSED] - Swiped from 50,359 to 50,250

2018-08-09 16:51:24 - [MESSAGE][PASSED] - Keyboard is hidden

2018-08-09 16:51:26 - [MESSAGE][PASSED] - Swiped from 50,359 to 50,250

2018-08-09 16:51:29 - [MESSAGE][PASSED] - Keyboard is hidden

2018-08-09 16:51:31 - [MESSAGE][PASSED] - Swiped from 50,359 to 50,250

2018-08-09 16:51:34 - [MESSAGE][PASSED] - Keyboard is hidden

2018-08-09 16:51:36 - [MESSAGE][PASSED] - Swiped from 50,359 to 50,250

2018-08-09 16:51:39 - [MESSAGE][PASSED] - Keyboard is hidden

2018-08-09 16:51:41 - [MESSAGE][PASSED] - Swiped from 50,359 to 50,250

2018-08-09 16:51:44 - [MESSAGE][PASSED] - Keyboard is hidden

2018-08-09 16:51:46 - [MESSAGE][PASSED] - Swiped from 50,359 to 50,250

2018-08-09 16:51:49 - [MESSAGE][PASSED] - Keyboard is hidden

2018-08-09 16:51:51 - [MESSAGE][PASSED] - Swiped from 50,359 to 50,250

2018-08-09 16:51:52 - [MESSAGE][PASSED] - com.ct.qa.keywords.ChillerProductsDataKeywords.visitChillerAvailableProductsData is PASSED

2018-08-09 16:51:52 - [TEST_STEP][PASSED] - tap: Tapped on element 'Object Repository/ShopOpen/ChillerUtilization/ChillerAvailable/SubmitButton'

2018-08-09 16:51:52 - [MESSAGE][WARNING] - Timeout '0' is invalid. Using default page load timeout: '5'

2018-08-09 16:51:52 - [MESSAGE][PASSED] - Tapped on element 'Object Repository/ShopOpen/ChillerUtilization/ChillerAvailable/SubmitButton'

2018-08-09 16:51:52 - [TEST_STEP][PASSED] - verifyElementText: Actual text and expected text of test object 'Object Repository/ShopOpen/ChillerUtilization/ChillerAvailable/Validate_ProductCategoryAssetScreen' are matched.

2018-08-09 16:51:53 - [MESSAGE][PASSED] - Actual text and expected text of test object 'Object Repository/ShopOpen/ChillerUtilization/ChillerAvailable/Validate_ProductCategoryAssetScreen' are matched.

2018-08-09 16:51:53 - [TEST_STEP][PASSED] - tap: Tapped on element 'Object Repository/ShopOpen/ChillerUtilization/ChillerAvailable/PorductCategoryActions_BackButton'

2018-08-09 16:51:53 - [MESSAGE][WARNING] - Timeout '0' is invalid. Using default page load timeout: '5'

2018-08-09 16:51:54 - [MESSAGE][PASSED] - Tapped on element 'Object Repository/ShopOpen/ChillerUtilization/ChillerAvailable/PorductCategoryActions_BackButton'

2018-08-09 16:51:54 - [TEST_STEP][PASSED] - verifyElementText: Actual text and expected text of test object 'Object Repository/ShopOpen/ChillerUtilization/ChillerAvailable/Validate_ChillerProductsCategoriesScreen' are matched.

2018-08-09 16:51:55 - [MESSAGE][PASSED] - Actual text and expected text of test object 'Object Repository/ShopOpen/ChillerUtilization/ChillerAvailable/Validate_ChillerProductsCategoriesScreen' are matched.

2018-08-09 16:51:55 - [MESSAGE][PASSED] - Call Test Case 'Test Cases/ShopOpen/ChillerUtilization/ChillerAvailable/VisitProductCategoryAssets' successfully

2018-08-09 16:51:55 - [TEST_CASE][PASSED] - Test Cases/ShopOpen/ChillerUtilization/ChillerAvailable/VisitProductCategoryAssets: Test Cases/ShopOpen/ChillerUtilization/ChillerAvailable/VisitProductCategoryAssets

2018-08-09 16:51:55 - [TEST_STEP][PASSED] - verifyElementText: Actual text and expected text of test object 'Object Repository/ShopOpen/ChillerUtilization/ChillerAvailable/Validate_ProductCategoryAssetScreen' are matched.

2018-08-09 16:51:57 - [MESSAGE][PASSED] - Actual text and expected text of test object 'Object Repository/ShopOpen/ChillerUtilization/ChillerAvailable/Validate_ProductCategoryAssetScreen' are matched.

2018-08-09 16:51:57 - [TEST_STEP][PASSED] - tap: Tapped on element 'Object Repository/ShopOpen/ChillerUtilization/ChillerAvailable/Facing'

2018-08-09 16:51:57 - [MESSAGE][WARNING] - Timeout '0' is invalid. Using default page load timeout: '5'

2018-08-09 16:51:57 - [MESSAGE][PASSED] - Tapped on element 'Object Repository/ShopOpen/ChillerUtilization/ChillerAvailable/Facing'

2018-08-09 16:51:57 - [TEST_STEP][PASSED] - verifyElementText: Actual text and expected text of test object 'Object Repository/ShopOpen/ChillerUtilization/ChillerAvailable/Validate_FacingScreen' are matched.

2018-08-09 16:51:59 - [MESSAGE][PASSED] - Actual text and expected text of test object 'Object Repository/ShopOpen/ChillerUtilization/ChillerAvailable/Validate_FacingScreen' are matched.

2018-08-09 16:51:59 - [TEST_STEP][PASSED] - com.ct.qa.keywords.ChillerProductsDataKeywords.visitChillerAvailableProductsData: com.ct.qa.keywords.ChillerProductsDataKeywords.visitChillerAvailableProductsData is PASSED

2018-08-09 16:52:03 - [MESSAGE][PASSED] - Keyboard is hidden

2018-08-09 16:52:06 - [MESSAGE][PASSED] - Keyboard is hidden

2018-08-09 16:52:07 - [MESSAGE][PASSED] - com.ct.qa.keywords.ChillerProductsDataKeywords.visitChillerAvailableProductsData is PASSED

2018-08-09 16:52:07 - [TEST_STEP][PASSED] - tap: Tapped on element 'Object Repository/ShopOpen/ChillerUtilization/ChillerAvailable/SubmitButton'

2018-08-09 16:52:07 - [MESSAGE][WARNING] - Timeout '0' is invalid. Using default page load timeout: '5'

2018-08-09 16:52:07 - [MESSAGE][PASSED] - Tapped on element 'Object Repository/ShopOpen/ChillerUtilization/ChillerAvailable/SubmitButton'

2018-08-09 16:52:07 - [TEST_STEP][PASSED] - verifyElementText: Actual text and expected text of test object 'Object Repository/ShopOpen/ChillerUtilization/ChillerAvailable/Validate_ProductCategoryAssetScreen' are matched.

2018-08-09 16:52:08 - [MESSAGE][PASSED] - Actual text and expected text of test object 'Object Repository/ShopOpen/ChillerUtilization/ChillerAvailable/Validate_ProductCategoryAssetScreen' are matched.

2018-08-09 16:52:08 - [TEST_STEP][PASSED] - tap: Tapped on element 'Object Repository/ShopOpen/ChillerUtilization/ChillerAvailable/Depth'

2018-08-09 16:52:08 - [MESSAGE][WARNING] - Timeout '0' is invalid. Using default page load timeout: '5'

2018-08-09 16:52:09 - [MESSAGE][PASSED] - Tapped on element 'Object Repository/ShopOpen/ChillerUtilization/ChillerAvailable/Depth'

2018-08-09 16:52:09 - [TEST_STEP][PASSED] - verifyElementText: Actual text and expected text of test object 'Object Repository/ShopOpen/ChillerUtilization/ChillerAvailable/Validate_DepthScreen' are matched.

2018-08-09 16:52:11 - [MESSAGE][PASSED] - Actual text and expected text of test object 'Object Repository/ShopOpen/ChillerUtilization/ChillerAvailable/Validate_DepthScreen' are matched.

2018-08-09 16:52:11 - [TEST_STEP][PASSED] - com.ct.qa.keywords.ChillerProductsDataKeywords.visitChillerAvailableProductsData: com.ct.qa.keywords.ChillerProductsDataKeywords.visitChillerAvailableProductsData is PASSED

2018-08-09 16:52:15 - [MESSAGE][PASSED] - Keyboard is hidden

2018-08-09 16:52:18 - [MESSAGE][PASSED] - Keyboard is hidden

2018-08-09 16:52:19 - [MESSAGE][PASSED] - com.ct.qa.keywords.ChillerProductsDataKeywords.visitChillerAvailableProductsData is PASSED

2018-08-09 16:52:19 - [TEST_STEP][PASSED] - tap: Tapped on element 'Object Repository/ShopOpen/ChillerUtilization/ChillerAvailable/SubmitButton'

2018-08-09 16:52:19 - [MESSAGE][WARNING] - Timeout '0' is invalid. Using default page load timeout: '5'

2018-08-09 16:52:19 - [MESSAGE][PASSED] - Tapped on element 'Object Repository/ShopOpen/ChillerUtilization/ChillerAvailable/SubmitButton'

2018-08-09 16:52:19 - [TEST_STEP][PASSED] - verifyElementText: Actual text and expected text of test object 'Object Repository/ShopOpen/ChillerUtilization/ChillerAvailable/Validate_ProductCategoryAssetScreen' are matched.

2018-08-09 16:52:20 - [MESSAGE][PASSED] - Actual text and expected text of test object 'Object Repository/ShopOpen/ChillerUtilization/ChillerAvailable/Validate_ProductCategoryAssetScreen' are matched.

2018-08-09 16:52:20 - [TEST_STEP][PASSED] - tap: Tapped on element 'Object Repository/ShopOpen/ChillerUtilization/ChillerAvailable/StockCount'

2018-08-09 16:52:20 - [MESSAGE][WARNING] - Timeout '0' is invalid. Using default page load timeout: '5'

2018-08-09 16:52:21 - [MESSAGE][PASSED] - Tapped on element 'Object Repository/ShopOpen/ChillerUtilization/ChillerAvailable/StockCount'

2018-08-09 16:52:21 - [TEST_STEP][PASSED] - verifyElementText: Actual text and expected text of test object 'Object Repository/ShopOpen/ChillerUtilization/ChillerAvailable/Validate_StockCountScreen' are matched.

2018-08-09 16:52:23 - [MESSAGE][PASSED] - Actual text and expected text of test object 'Object Repository/ShopOpen/ChillerUtilization/ChillerAvailable/Validate_StockCountScreen' are matched.

2018-08-09 16:52:23 - [TEST_STEP][PASSED] - com.ct.qa.keywords.ChillerProductsDataKeywords.visitChillerAvailableProductsData: com.ct.qa.keywords.ChillerProductsDataKeywords.visitChillerAvailableProductsData is PASSED

2018-08-09 16:52:26 - [MESSAGE][PASSED] - Keyboard is hidden

2018-08-09 16:52:29 - [MESSAGE][PASSED] - Keyboard is hidden

2018-08-09 16:52:30 - [MESSAGE][PASSED] - com.ct.qa.keywords.ChillerProductsDataKeywords.visitChillerAvailableProductsData is PASSED

2018-08-09 16:52:30 - [TEST_STEP][PASSED] - tap: Tapped on element 'Object Repository/ShopOpen/ChillerUtilization/ChillerAvailable/SubmitButton'

2018-08-09 16:52:30 - [MESSAGE][WARNING] - Timeout '0' is invalid. Using default page load timeout: '5'

2018-08-09 16:52:31 - [MESSAGE][PASSED] - Tapped on element 'Object Repository/ShopOpen/ChillerUtilization/ChillerAvailable/SubmitButton'

2018-08-09 16:52:31 - [TEST_STEP][PASSED] - verifyElementText: Actual text and expected text of test object 'Object Repository/ShopOpen/ChillerUtilization/ChillerAvailable/Validate_ProductCategoryAssetScreen' are matched.

2018-08-09 16:52:31 - [MESSAGE][PASSED] - Actual text and expected text of test object 'Object Repository/ShopOpen/ChillerUtilization/ChillerAvailable/Validate_ProductCategoryAssetScreen' are matched.

2018-08-09 16:52:31 - [TEST_STEP][PASSED] - tap: Tapped on element 'Object Repository/ShopOpen/ChillerUtilization/ChillerAvailable/PorductCategoryActions_BackButton'

2018-08-09 16:52:31 - [MESSAGE][WARNING] - Timeout '0' is invalid. Using default page load timeout: '5'

2018-08-09 16:52:32 - [MESSAGE][PASSED] - Tapped on element 'Object Repository/ShopOpen/ChillerUtilization/ChillerAvailable/PorductCategoryActions_BackButton'

2018-08-09 16:52:32 - [TEST_STEP][PASSED] - verifyElementText: Actual text and expected text of test object 'Object Repository/ShopOpen/ChillerUtilization/ChillerAvailable/Validate_ChillerProductsCategoriesScreen' are matched.

2018-08-09 16:52:33 - [MESSAGE][PASSED] - Actual text and expected text of test object 'Object Repository/ShopOpen/ChillerUtilization/ChillerAvailable/Validate_ChillerProductsCategoriesScreen' are matched.

2018-08-09 16:52:33 - [MESSAGE][PASSED] - Call Test Case 'Test Cases/ShopOpen/ChillerUtilization/ChillerAvailable/VisitProductCategoryAssets' successfully

2018-08-09 16:52:34 - [TEST_CASE][PASSED] - Test Cases/ShopOpen/ChillerUtilization/ChillerAvailable/VisitProductCategoryAssets: Test Cases/ShopOpen/ChillerUtilization/ChillerAvailable/VisitProductCategoryAssets

2018-08-09 16:52:34 - [TEST_STEP][PASSED] - verifyElementText: Actual text and expected text of test object 'Object Repository/ShopOpen/ChillerUtilization/ChillerAvailable/Validate_ProductCategoryAssetScreen' are matched.

2018-08-09 16:52:36 - [MESSAGE][PASSED] - Actual text and expected text of test object 'Object Repository/ShopOpen/ChillerUtilization/ChillerAvailable/Validate_ProductCategoryAssetScreen' are matched.

2018-08-09 16:52:36 - [TEST_STEP][PASSED] - tap: Tapped on element 'Object Repository/ShopOpen/ChillerUtilization/ChillerAvailable/Facing'

2018-08-09 16:52:36 - [MESSAGE][WARNING] - Timeout '0' is invalid. Using default page load timeout: '5'

2018-08-09 16:52:36 - [MESSAGE][PASSED] - Tapped on element 'Object Repository/ShopOpen/ChillerUtilization/ChillerAvailable/Facing'

2018-08-09 16:52:36 - [TEST_STEP][PASSED] - verifyElementText: Actual text and expected text of test object 'Object Repository/ShopOpen/ChillerUtilization/ChillerAvailable/Validate_FacingScreen' are matched.

2018-08-09 16:52:38 - [MESSAGE][PASSED] - Actual text and expected text of test object 'Object Repository/ShopOpen/ChillerUtilization/ChillerAvailable/Validate_FacingScreen' are matched.

2018-08-09 16:52:38 - [TEST_STEP][PASSED] - com.ct.qa.keywords.ChillerProductsDataKeywords.visitChillerAvailableProductsData: com.ct.qa.keywords.ChillerProductsDataKeywords.visitChillerAvailableProductsData is PASSED

2018-08-09 16:52:42 - [MESSAGE][PASSED] - Keyboard is hidden

2018-08-09 16:52:45 - [MESSAGE][PASSED] - Keyboard is hidden

2018-08-09 16:52:48 - [MESSAGE][PASSED] - Keyboard is hidden

2018-08-09 16:52:51 - [MESSAGE][PASSED] - Keyboard is hidden

2018-08-09 16:52:54 - [MESSAGE][PASSED] - Keyboard is hidden

2018-08-09 16:52:57 - [MESSAGE][PASSED] - Keyboard is hidden

2018-08-09 16:53:00 - [MESSAGE][PASSED] - Swiped from 65,359 to 65,250

2018-08-09 16:53:01 - [MESSAGE][PASSED] - com.ct.qa.keywords.ChillerProductsDataKeywords.visitChillerAvailableProductsData is PASSED

2018-08-09 16:53:01 - [TEST_STEP][PASSED] - tap: Tapped on element 'Object Repository/ShopOpen/ChillerUtilization/ChillerAvailable/SubmitButton'

2018-08-09 16:53:01 - [MESSAGE][WARNING] - Timeout '0' is invalid. Using default page load timeout: '5'

2018-08-09 16:53:02 - [MESSAGE][PASSED] - Tapped on element 'Object Repository/ShopOpen/ChillerUtilization/ChillerAvailable/SubmitButton'

2018-08-09 16:53:02 - [TEST_STEP][PASSED] - verifyElementText: Actual text and expected text of test object 'Object Repository/ShopOpen/ChillerUtilization/ChillerAvailable/Validate_ProductCategoryAssetScreen' are matched.

2018-08-09 16:53:03 - [MESSAGE][PASSED] - Actual text and expected text of test object 'Object Repository/ShopOpen/ChillerUtilization/ChillerAvailable/Validate_ProductCategoryAssetScreen' are matched.

2018-08-09 16:53:03 - [TEST_STEP][PASSED] - tap: Tapped on element 'Object Repository/ShopOpen/ChillerUtilization/ChillerAvailable/Depth'

2018-08-09 16:53:03 - [MESSAGE][WARNING] - Timeout '0' is invalid. Using default page load timeout: '5'

2018-08-09 16:53:03 - [MESSAGE][PASSED] - Tapped on element 'Object Repository/ShopOpen/ChillerUtilization/ChillerAvailable/Depth'

2018-08-09 16:53:03 - [TEST_STEP][PASSED] - verifyElementText: Actual text and expected text of test object 'Object Repository/ShopOpen/ChillerUtilization/ChillerAvailable/Validate_DepthScreen' are matched.

2018-08-09 16:53:05 - [MESSAGE][PASSED] - Actual text and expected text of test object 'Object Repository/ShopOpen/ChillerUtilization/ChillerAvailable/Validate_DepthScreen' are matched.

2018-08-09 16:53:05 - [TEST_STEP][PASSED] - com.ct.qa.keywords.ChillerProductsDataKeywords.visitChillerAvailableProductsData: com.ct.qa.keywords.ChillerProductsDataKeywords.visitChillerAvailableProductsData is PASSED

2018-08-09 16:53:09 - [MESSAGE][PASSED] - Keyboard is hidden

2018-08-09 16:53:12 - [MESSAGE][PASSED] - Keyboard is hidden

2018-08-09 16:53:15 - [MESSAGE][PASSED] - Keyboard is hidden

2018-08-09 16:53:18 - [MESSAGE][PASSED] - Keyboard is hidden

2018-08-09 16:53:21 - [MESSAGE][PASSED] - Keyboard is hidden

2018-08-09 16:53:24 - [MESSAGE][PASSED] - Keyboard is hidden

2018-08-09 16:53:27 - [MESSAGE][PASSED] - Swiped from 65,359 to 65,250

2018-08-09 16:53:28 - [MESSAGE][PASSED] - com.ct.qa.keywords.ChillerProductsDataKeywords.visitChillerAvailableProductsData is PASSED

2018-08-09 16:53:28 - [TEST_STEP][PASSED] - tap: Tapped on element 'Object Repository/ShopOpen/ChillerUtilization/ChillerAvailable/SubmitButton'

2018-08-09 16:53:28 - [MESSAGE][WARNING] - Timeout '0' is invalid. Using default page load timeout: '5'

2018-08-09 16:53:28 - [MESSAGE][PASSED] - Tapped on element 'Object Repository/ShopOpen/ChillerUtilization/ChillerAvailable/SubmitButton'

2018-08-09 16:53:28 - [TEST_STEP][PASSED] - verifyElementText: Actual text and expected text of test object 'Object Repository/ShopOpen/ChillerUtilization/ChillerAvailable/Validate_ProductCategoryAssetScreen' are matched.

2018-08-09 16:53:29 - [MESSAGE][PASSED] - Actual text and expected text of test object 'Object Repository/ShopOpen/ChillerUtilization/ChillerAvailable/Validate_ProductCategoryAssetScreen' are matched.

2018-08-09 16:53:29 - [TEST_STEP][PASSED] - tap: Tapped on element 'Object Repository/ShopOpen/ChillerUtilization/ChillerAvailable/StockCount'

2018-08-09 16:53:29 - [MESSAGE][WARNING] - Timeout '0' is invalid. Using default page load timeout: '5'

2018-08-09 16:53:30 - [MESSAGE][PASSED] - Tapped on element 'Object Repository/ShopOpen/ChillerUtilization/ChillerAvailable/StockCount'

2018-08-09 16:53:30 - [TEST_STEP][PASSED] - verifyElementText: Actual text and expected text of test object 'Object Repository/ShopOpen/ChillerUtilization/ChillerAvailable/Validate_StockCountScreen' are matched.

2018-08-09 16:53:32 - [MESSAGE][PASSED] - Actual text and expected text of test object 'Object Repository/ShopOpen/ChillerUtilization/ChillerAvailable/Validate_StockCountScreen' are matched.

2018-08-09 16:53:32 - [TEST_STEP][PASSED] - com.ct.qa.keywords.ChillerProductsDataKeywords.visitChillerAvailableProductsData: com.ct.qa.keywords.ChillerProductsDataKeywords.visitChillerAvailableProductsData is PASSED

2018-08-09 16:53:36 - [MESSAGE][PASSED] - Keyboard is hidden

2018-08-09 16:53:39 - [MESSAGE][PASSED] - Keyboard is hidden

2018-08-09 16:53:42 - [MESSAGE][PASSED] - Keyboard is hidden

2018-08-09 16:53:45 - [MESSAGE][PASSED] - Keyboard is hidden

2018-08-09 16:53:48 - [MESSAGE][PASSED] - Keyboard is hidden

2018-08-09 16:53:51 - [MESSAGE][PASSED] - Keyboard is hidden

2018-08-09 16:53:54 - [MESSAGE][PASSED] - Swiped from 65,359 to 65,250

2018-08-09 16:53:55 - [MESSAGE][PASSED] - com.ct.qa.keywords.ChillerProductsDataKeywords.visitChillerAvailableProductsData is PASSED

2018-08-09 16:53:55 - [TEST_STEP][PASSED] - tap: Tapped on element 'Object Repository/ShopOpen/ChillerUtilization/ChillerAvailable/SubmitButton'

2018-08-09 16:53:55 - [MESSAGE][WARNING] - Timeout '0' is invalid. Using default page load timeout: '5'

2018-08-09 16:53:55 - [MESSAGE][PASSED] - Tapped on element 'Object Repository/ShopOpen/ChillerUtilization/ChillerAvailable/SubmitButton'

2018-08-09 16:53:55 - [TEST_STEP][PASSED] - verifyElementText: Actual text and expected text of test object 'Object Repository/ShopOpen/ChillerUtilization/ChillerAvailable/Validate_ProductCategoryAssetScreen' are matched.

2018-08-09 16:53:56 - [MESSAGE][PASSED] - Actual text and expected text of test object 'Object Repository/ShopOpen/ChillerUtilization/ChillerAvailable/Validate_ProductCategoryAssetScreen' are matched.

2018-08-09 16:53:56 - [TEST_STEP][PASSED] - tap: Tapped on element 'Object Repository/ShopOpen/ChillerUtilization/ChillerAvailable/PorductCategoryActions_BackButton'

2018-08-09 16:53:56 - [MESSAGE][WARNING] - Timeout '0' is invalid. Using default page load timeout: '5'

2018-08-09 16:53:56 - [MESSAGE][PASSED] - Tapped on element 'Object Repository/ShopOpen/ChillerUtilization/ChillerAvailable/PorductCategoryActions_BackButton'

2018-08-09 16:53:56 - [TEST_STEP][PASSED] - verifyElementText: Actual text and expected text of test object 'Object Repository/ShopOpen/ChillerUtilization/ChillerAvailable/Validate_ChillerProductsCategoriesScreen' are matched.

2018-08-09 16:53:57 - [MESSAGE][PASSED] - Actual text and expected text of test object 'Object Repository/ShopOpen/ChillerUtilization/ChillerAvailable/Validate_ChillerProductsCategoriesScreen' are matched.

2018-08-09 16:53:57 - [MESSAGE][PASSED] - Call Test Case 'Test Cases/ShopOpen/ChillerUtilization/ChillerAvailable/VisitProductCategoryAssets' successfully

2018-08-09 16:53:57 - [MESSAGE][PASSED] - com.ct.qa.keywords.ChillerProductsDataKeywords.visitChillerAvailableProductCategories is PASSED

2018-08-09 16:53:57 - [TEST_STEP][PASSED] - tap: Tapped on element 'Object Repository/ShopOpen/ChillerUtilization/ChillerAvailable/ChillerProductsCategories_Planogram_ImageView'

2018-08-09 16:53:57 - [MESSAGE][WARNING] - Timeout '0' is invalid. Using default page load timeout: '5'

2018-08-09 16:53:58 - [MESSAGE][PASSED] - Tapped on element 'Object Repository/ShopOpen/ChillerUtilization/ChillerAvailable/ChillerProductsCategories_Planogram_ImageView'

2018-08-09 16:53:58 - [TEST_STEP][PASSED] - com.ct.qa.keywords.CommonKeywords.checkPlanogramAvailability: com.ct.qa.keywords.CommonKeywords.checkPlanogramAvailability is PASSED

2018-08-09 16:53:58 - [MESSAGE][WARNING] - Timeout '0' is invalid. Using default page load timeout: '5'

2018-08-09 16:54:04 - [MESSAGE][WARNING] - Object Object Repository/CommonScreenElements/InfoPopUp_OKButton not found
[[ATTACHMENT|F:\\Git Projects\\MMAPlus_Merchandising\\MMAPlus_Merchandising\\Reports\\MMA Plus Merchandising With Chiller Wise Data Verification\\20180809_164504\\1533815643805.png]]

2018-08-09 16:54:04 - [MESSAGE][PASSED] - com.ct.qa.keywords.CommonKeywords.checkPlanogramAvailability is PASSED

2018-08-09 16:54:04 - [TEST_STEP][PASSED] - com.ct.qa.keywords.CommonKeywords.closePlanogram: com.ct.qa.keywords.CommonKeywords.closePlanogram is PASSED

2018-08-09 16:54:05 - [MESSAGE][PASSED] - com.ct.qa.keywords.CommonKeywords.closePlanogram is PASSED

2018-08-09 16:54:05 - [TEST_STEP][PASSED] - verifyElementText: Actual text and expected text of test object 'Object Repository/ShopOpen/ChillerUtilization/ChillerAvailable/Validate_ChillerProductsCategoriesScreen' are matched.

2018-08-09 16:54:06 - [MESSAGE][PASSED] - Actual text and expected text of test object 'Object Repository/ShopOpen/ChillerUtilization/ChillerAvailable/Validate_ChillerProductsCategoriesScreen' are matched.

2018-08-09 16:54:06 - [TEST_STEP][PASSED] - com.ct.qa.keywords.CommonKeywords.findPictureImageView: com.ct.qa.keywords.CommonKeywords.findPictureImageView is PASSED

2018-08-09 16:54:06 - [MESSAGE][PASSED] - com.ct.qa.keywords.CommonKeywords.findPictureImageView is PASSED

2018-08-09 16:54:06 - [TEST_STEP][PASSED] - verifyElementText: Actual text and expected text of test object 'Object Repository/ShopOpen/ChillerUtilization/ChillerAvailable/Validate_ChillerProductsCategoriesScreen' are matched.

2018-08-09 16:54:06 - [MESSAGE][PASSED] - Actual text and expected text of test object 'Object Repository/ShopOpen/ChillerUtilization/ChillerAvailable/Validate_ChillerProductsCategoriesScreen' are matched.

2018-08-09 16:54:06 - [TEST_STEP][PASSED] - tap: Tapped on element 'Object Repository/ShopOpen/ChillerUtilization/ChillerAvailable/ChillerProductsCategories_BackButton'

2018-08-09 16:54:06 - [MESSAGE][WARNING] - Timeout '0' is invalid. Using default page load timeout: '5'

2018-08-09 16:54:09 - [MESSAGE][PASSED] - Tapped on element 'Object Repository/ShopOpen/ChillerUtilization/ChillerAvailable/ChillerProductsCategories_BackButton'

2018-08-09 16:54:09 - [TEST_STEP][PASSED] - verifyElementText: Actual text and expected text of test object 'Object Repository/ShopOpen/ChillerUtilization/Validate_ChillerUtilizationScreen' are matched.

2018-08-09 16:54:10 - [MESSAGE][PASSED] - Actual text and expected text of test object 'Object Repository/ShopOpen/ChillerUtilization/Validate_ChillerUtilizationScreen' are matched.

2018-08-09 16:54:10 - [MESSAGE][PASSED] - Call Test Case 'Test Cases/ShopOpen/ChillerUtilization/ChillerAvailable/VisitChillerAvailable' successfully

2018-08-09 16:54:10 - [MESSAGE][WARNING] - Timeout '0' is invalid. Using default page load timeout: '5'

2018-08-09 16:54:12 - [MESSAGE][PASSED] - Element 'Object Repository/CommonScreenElements/Validate_CameraScreen' is exist

2018-08-09 16:54:12 - [MESSAGE][WARNING] - Timeout '0' is invalid. Using default page load timeout: '5'

2018-08-09 16:54:16 - [MESSAGE][PASSED] - Tapped on element 'Object Repository/CommonScreenElements/TakePictureButton'

2018-08-09 16:54:21 - [MESSAGE][PASSED] - Delayed 5 second(s)

2018-08-09 16:54:21 - [MESSAGE][WARNING] - Timeout '0' is invalid. Using default page load timeout: '5'

2018-08-09 16:54:22 - [MESSAGE][PASSED] - Tapped on element 'Object Repository/CommonScreenElements/DoneButton'

2018-08-09 16:54:24 - [TEST_CASE][PASSED] - Test Cases/ShopOpen/ChillerUtilization/ChillerAvailable/VisitChillerAvailable: Test Cases/ShopOpen/ChillerUtilization/ChillerAvailable/VisitChillerAvailable

2018-08-09 16:54:24 - [TEST_STEP][PASSED] - verifyElementExist: Element 'Object Repository/ShopOpen/ChillerUtilization/ChillerAvailable/Validate_ChillerAvailableScreen' is exist

2018-08-09 16:54:24 - [MESSAGE][WARNING] - Timeout '0' is invalid. Using default page load timeout: '5'

2018-08-09 16:54:26 - [MESSAGE][PASSED] - Element 'Object Repository/ShopOpen/ChillerUtilization/ChillerAvailable/Validate_ChillerAvailableScreen' is exist

2018-08-09 16:54:26 - [TEST_STEP][PASSED] - tap: Tapped on element 'Object Repository/ShopOpen/ChillerUtilization/ChillerAvailable/Planogram_ImageView'

2018-08-09 16:54:26 - [MESSAGE][WARNING] - Timeout '0' is invalid. Using default page load timeout: '5'

2018-08-09 16:54:26 - [MESSAGE][PASSED] - Tapped on element 'Object Repository/ShopOpen/ChillerUtilization/ChillerAvailable/Planogram_ImageView'

2018-08-09 16:54:26 - [TEST_STEP][PASSED] - com.ct.qa.keywords.CommonKeywords.checkPlanogramAvailability: com.ct.qa.keywords.CommonKeywords.checkPlanogramAvailability is PASSED

2018-08-09 16:54:26 - [MESSAGE][WARNING] - Timeout '0' is invalid. Using default page load timeout: '5'

2018-08-09 16:54:28 - [MESSAGE][PASSED] - Tapped on element 'Object Repository/CommonScreenElements/InfoPopUp_OKButton'

2018-08-09 16:54:28 - [MESSAGE][PASSED] - com.ct.qa.keywords.CommonKeywords.checkPlanogramAvailability is PASSED

2018-08-09 16:54:28 - [TEST_STEP][PASSED] - com.ct.qa.keywords.CommonKeywords.closePlanogram: com.ct.qa.keywords.CommonKeywords.closePlanogram is PASSED

2018-08-09 16:54:29 - [MESSAGE][PASSED] - com.ct.qa.keywords.CommonKeywords.closePlanogram is PASSED

2018-08-09 16:54:29 - [TEST_STEP][PASSED] - verifyElementExist: Element 'Object Repository/ShopOpen/ChillerUtilization/ChillerAvailable/Validate_ChillerAvailableScreen' is exist

2018-08-09 16:54:29 - [MESSAGE][WARNING] - Timeout '0' is invalid. Using default page load timeout: '5'

2018-08-09 16:54:30 - [MESSAGE][PASSED] - Element 'Object Repository/ShopOpen/ChillerUtilization/ChillerAvailable/Validate_ChillerAvailableScreen' is exist

2018-08-09 16:54:30 - [TEST_STEP][PASSED] - com.ct.qa.keywords.CommonKeywords.findPictureImageView: com.ct.qa.keywords.CommonKeywords.findPictureImageView is PASSED

2018-08-09 16:54:30 - [MESSAGE][PASSED] - com.ct.qa.keywords.CommonKeywords.findPictureImageView is PASSED

2018-08-09 16:54:30 - [TEST_STEP][PASSED] - verifyElementExist: Element 'Object Repository/ShopOpen/ChillerUtilization/ChillerAvailable/Validate_ChillerAvailableScreen' is exist

2018-08-09 16:54:30 - [MESSAGE][WARNING] - Timeout '0' is invalid. Using default page load timeout: '5'

2018-08-09 16:54:30 - [MESSAGE][PASSED] - Element 'Object Repository/ShopOpen/ChillerUtilization/ChillerAvailable/Validate_ChillerAvailableScreen' is exist

2018-08-09 16:54:30 - [TEST_STEP][PASSED] - tap: Tapped on element 'Object Repository/ShopOpen/ChillerUtilization/ChillerAvailable/Depth1_TakePicture'

2018-08-09 16:54:30 - [MESSAGE][WARNING] - Timeout '0' is invalid. Using default page load timeout: '5'

2018-08-09 16:54:32 - [MESSAGE][PASSED] - Tapped on element 'Object Repository/ShopOpen/ChillerUtilization/ChillerAvailable/Depth1_TakePicture'

2018-08-09 16:54:32 - [TEST_STEP][PASSED] - verifyElementExist: Element 'Object Repository/CommonScreenElements/Validate_CameraScreen' is exist

2018-08-09 16:54:32 - [MESSAGE][WARNING] - Timeout '0' is invalid. Using default page load timeout: '5'

2018-08-09 16:54:34 - [MESSAGE][PASSED] - Element 'Object Repository/CommonScreenElements/Validate_CameraScreen' is exist

2018-08-09 16:54:34 - [TEST_STEP][PASSED] - tap: Tapped on element 'Object Repository/CommonScreenElements/TakePictureButton'

2018-08-09 16:54:34 - [MESSAGE][WARNING] - Timeout '0' is invalid. Using default page load timeout: '5'

2018-08-09 16:54:37 - [MESSAGE][PASSED] - Tapped on element 'Object Repository/CommonScreenElements/TakePictureButton'

2018-08-09 16:54:37 - [TEST_STEP][PASSED] - delay: Delayed 5 second(s)

2018-08-09 16:54:42 - [MESSAGE][PASSED] - Delayed 5 second(s)

2018-08-09 16:54:42 - [TEST_STEP][PASSED] - tap: Tapped on element 'Object Repository/CommonScreenElements/DoneButton'

2018-08-09 16:54:42 - [MESSAGE][WARNING] - Timeout '0' is invalid. Using default page load timeout: '5'

2018-08-09 16:54:43 - [MESSAGE][PASSED] - Tapped on element 'Object Repository/CommonScreenElements/DoneButton'

2018-08-09 16:54:43 - [TEST_STEP][PASSED] - verifyElementExist: Element 'Object Repository/ShopOpen/ChillerUtilization/ChillerAvailable/Validate_ChillerAvailableScreen' is exist

2018-08-09 16:54:43 - [MESSAGE][WARNING] - Timeout '0' is invalid. Using default page load timeout: '5'

2018-08-09 16:54:43 - [MESSAGE][PASSED] - Element 'Object Repository/ShopOpen/ChillerUtilization/ChillerAvailable/Validate_ChillerAvailableScreen' is exist

2018-08-09 16:54:43 - [TEST_STEP][PASSED] - tap: Tapped on element 'Object Repository/ShopOpen/ChillerUtilization/ChillerAvailable/Depth2TakePicture'

2018-08-09 16:54:43 - [MESSAGE][WARNING] - Timeout '0' is invalid. Using default page load timeout: '5'

2018-08-09 16:54:45 - [MESSAGE][PASSED] - Tapped on element 'Object Repository/ShopOpen/ChillerUtilization/ChillerAvailable/Depth2TakePicture'

2018-08-09 16:54:45 - [TEST_STEP][PASSED] - verifyElementExist: Element 'Object Repository/CommonScreenElements/Validate_CameraScreen' is exist

2018-08-09 16:54:45 - [MESSAGE][WARNING] - Timeout '0' is invalid. Using default page load timeout: '5'

2018-08-09 16:54:46 - [MESSAGE][PASSED] - Element 'Object Repository/CommonScreenElements/Validate_CameraScreen' is exist

2018-08-09 16:54:46 - [TEST_STEP][PASSED] - tap: Tapped on element 'Object Repository/CommonScreenElements/TakePictureButton'

2018-08-09 16:54:46 - [MESSAGE][WARNING] - Timeout '0' is invalid. Using default page load timeout: '5'

2018-08-09 16:54:49 - [MESSAGE][PASSED] - Tapped on element 'Object Repository/CommonScreenElements/TakePictureButton'

2018-08-09 16:54:49 - [TEST_STEP][PASSED] - delay: Delayed 5 second(s)

2018-08-09 16:54:54 - [MESSAGE][PASSED] - Delayed 5 second(s)

2018-08-09 16:54:54 - [TEST_STEP][PASSED] - tap: Tapped on element 'Object Repository/CommonScreenElements/DoneButton'

2018-08-09 16:54:54 - [MESSAGE][WARNING] - Timeout '0' is invalid. Using default page load timeout: '5'

2018-08-09 16:54:55 - [MESSAGE][PASSED] - Tapped on element 'Object Repository/CommonScreenElements/DoneButton'

2018-08-09 16:54:55 - [TEST_STEP][PASSED] - verifyElementExist: Element 'Object Repository/ShopOpen/ChillerUtilization/ChillerAvailable/Validate_ChillerAvailableScreen' is exist

2018-08-09 16:54:55 - [MESSAGE][WARNING] - Timeout '0' is invalid. Using default page load timeout: '5'

2018-08-09 16:54:56 - [MESSAGE][PASSED] - Element 'Object Repository/ShopOpen/ChillerUtilization/ChillerAvailable/Validate_ChillerAvailableScreen' is exist

2018-08-09 16:54:56 - [TEST_STEP][PASSED] - tap: Tapped on element 'Object Repository/ShopOpen/ChillerUtilization/ChillerAvailable/NextButton'

2018-08-09 16:54:56 - [MESSAGE][WARNING] - Timeout '0' is invalid. Using default page load timeout: '5'

2018-08-09 16:54:56 - [MESSAGE][PASSED] - Tapped on element 'Object Repository/ShopOpen/ChillerUtilization/ChillerAvailable/NextButton'

2018-08-09 16:54:56 - [TEST_STEP][PASSED] - verifyElementText: Actual text and expected text of test object 'Object Repository/ShopOpen/ChillerUtilization/ChillerAvailable/Validate_ChillerProductsCategoriesScreen' are matched.

2018-08-09 16:54:58 - [MESSAGE][PASSED] - Actual text and expected text of test object 'Object Repository/ShopOpen/ChillerUtilization/ChillerAvailable/Validate_ChillerProductsCategoriesScreen' are matched.

2018-08-09 16:54:58 - [TEST_STEP][PASSED] - com.ct.qa.keywords.ChillerProductsDataKeywords.visitChillerAvailableProductCategories: com.ct.qa.keywords.ChillerProductsDataKeywords.visitChillerAvailableProductCategories is PASSED

2018-08-09 16:55:00 - [TEST_CASE][PASSED] - Test Cases/ShopOpen/ChillerUtilization/ChillerAvailable/VisitProductCategoryAssets: Test Cases/ShopOpen/ChillerUtilization/ChillerAvailable/VisitProductCategoryAssets

2018-08-09 16:55:00 - [TEST_STEP][PASSED] - verifyElementText: Actual text and expected text of test object 'Object Repository/ShopOpen/ChillerUtilization/ChillerAvailable/Validate_ProductCategoryAssetScreen' are matched.

2018-08-09 16:55:02 - [MESSAGE][PASSED] - Actual text and expected text of test object 'Object Repository/ShopOpen/ChillerUtilization/ChillerAvailable/Validate_ProductCategoryAssetScreen' are matched.

2018-08-09 16:55:02 - [TEST_STEP][PASSED] - tap: Tapped on element 'Object Repository/ShopOpen/ChillerUtilization/ChillerAvailable/Facing'

2018-08-09 16:55:02 - [MESSAGE][WARNING] - Timeout '0' is invalid. Using default page load timeout: '5'

2018-08-09 16:55:02 - [MESSAGE][PASSED] - Tapped on element 'Object Repository/ShopOpen/ChillerUtilization/ChillerAvailable/Facing'

2018-08-09 16:55:02 - [TEST_STEP][PASSED] - verifyElementText: Actual text and expected text of test object 'Object Repository/ShopOpen/ChillerUtilization/ChillerAvailable/Validate_FacingScreen' are matched.

2018-08-09 16:55:04 - [MESSAGE][PASSED] - Actual text and expected text of test object 'Object Repository/ShopOpen/ChillerUtilization/ChillerAvailable/Validate_FacingScreen' are matched.

2018-08-09 16:55:04 - [TEST_STEP][PASSED] - com.ct.qa.keywords.ChillerProductsDataKeywords.visitChillerAvailableProductsData: com.ct.qa.keywords.ChillerProductsDataKeywords.visitChillerAvailableProductsData is PASSED

2018-08-09 16:55:07 - [MESSAGE][PASSED] - Keyboard is hidden

2018-08-09 16:55:08 - [MESSAGE][PASSED] - com.ct.qa.keywords.ChillerProductsDataKeywords.visitChillerAvailableProductsData is PASSED

2018-08-09 16:55:08 - [TEST_STEP][PASSED] - tap: Tapped on element 'Object Repository/ShopOpen/ChillerUtilization/ChillerAvailable/SubmitButton'

2018-08-09 16:55:08 - [MESSAGE][WARNING] - Timeout '0' is invalid. Using default page load timeout: '5'

2018-08-09 16:55:08 - [MESSAGE][PASSED] - Tapped on element 'Object Repository/ShopOpen/ChillerUtilization/ChillerAvailable/SubmitButton'

2018-08-09 16:55:08 - [TEST_STEP][PASSED] - verifyElementText: Actual text and expected text of test object 'Object Repository/ShopOpen/ChillerUtilization/ChillerAvailable/Validate_ProductCategoryAssetScreen' are matched.

2018-08-09 16:55:09 - [MESSAGE][PASSED] - Actual text and expected text of test object 'Object Repository/ShopOpen/ChillerUtilization/ChillerAvailable/Validate_ProductCategoryAssetScreen' are matched.

2018-08-09 16:55:09 - [TEST_STEP][PASSED] - tap: Tapped on element 'Object Repository/ShopOpen/ChillerUtilization/ChillerAvailable/Depth'

2018-08-09 16:55:09 - [MESSAGE][WARNING] - Timeout '0' is invalid. Using default page load timeout: '5'

2018-08-09 16:55:09 - [MESSAGE][PASSED] - Tapped on element 'Object Repository/ShopOpen/ChillerUtilization/ChillerAvailable/Depth'

2018-08-09 16:55:09 - [TEST_STEP][PASSED] - verifyElementText: Actual text and expected text of test object 'Object Repository/ShopOpen/ChillerUtilization/ChillerAvailable/Validate_DepthScreen' are matched.

2018-08-09 16:55:12 - [MESSAGE][PASSED] - Actual text and expected text of test object 'Object Repository/ShopOpen/ChillerUtilization/ChillerAvailable/Validate_DepthScreen' are matched.

2018-08-09 16:55:12 - [TEST_STEP][PASSED] - com.ct.qa.keywords.ChillerProductsDataKeywords.visitChillerAvailableProductsData: com.ct.qa.keywords.ChillerProductsDataKeywords.visitChillerAvailableProductsData is PASSED

2018-08-09 16:55:15 - [MESSAGE][PASSED] - Keyboard is hidden

2018-08-09 16:55:16 - [MESSAGE][PASSED] - com.ct.qa.keywords.ChillerProductsDataKeywords.visitChillerAvailableProductsData is PASSED

2018-08-09 16:55:16 - [TEST_STEP][PASSED] - tap: Tapped on element 'Object Repository/ShopOpen/ChillerUtilization/ChillerAvailable/SubmitButton'

2018-08-09 16:55:16 - [MESSAGE][WARNING] - Timeout '0' is invalid. Using default page load timeout: '5'

2018-08-09 16:55:16 - [MESSAGE][PASSED] - Tapped on element 'Object Repository/ShopOpen/ChillerUtilization/ChillerAvailable/SubmitButton'

2018-08-09 16:55:16 - [TEST_STEP][PASSED] - verifyElementText: Actual text and expected text of test object 'Object Repository/ShopOpen/ChillerUtilization/ChillerAvailable/Validate_ProductCategoryAssetScreen' are matched.

2018-08-09 16:55:17 - [MESSAGE][PASSED] - Actual text and expected text of test object 'Object Repository/ShopOpen/ChillerUtilization/ChillerAvailable/Validate_ProductCategoryAssetScreen' are matched.

2018-08-09 16:55:17 - [TEST_STEP][PASSED] - tap: Tapped on element 'Object Repository/ShopOpen/ChillerUtilization/ChillerAvailable/StockCount'

2018-08-09 16:55:17 - [MESSAGE][WARNING] - Timeout '0' is invalid. Using default page load timeout: '5'

2018-08-09 16:55:17 - [MESSAGE][PASSED] - Tapped on element 'Object Repository/ShopOpen/ChillerUtilization/ChillerAvailable/StockCount'

2018-08-09 16:55:17 - [TEST_STEP][PASSED] - verifyElementText: Actual text and expected text of test object 'Object Repository/ShopOpen/ChillerUtilization/ChillerAvailable/Validate_StockCountScreen' are matched.

2018-08-09 16:55:19 - [MESSAGE][PASSED] - Actual text and expected text of test object 'Object Repository/ShopOpen/ChillerUtilization/ChillerAvailable/Validate_StockCountScreen' are matched.

2018-08-09 16:55:19 - [TEST_STEP][PASSED] - com.ct.qa.keywords.ChillerProductsDataKeywords.visitChillerAvailableProductsData: com.ct.qa.keywords.ChillerProductsDataKeywords.visitChillerAvailableProductsData is PASSED

2018-08-09 16:55:22 - [MESSAGE][PASSED] - Keyboard is hidden

2018-08-09 16:55:23 - [MESSAGE][PASSED] - com.ct.qa.keywords.ChillerProductsDataKeywords.visitChillerAvailableProductsData is PASSED

2018-08-09 16:55:23 - [TEST_STEP][PASSED] - tap: Tapped on element 'Object Repository/ShopOpen/ChillerUtilization/ChillerAvailable/SubmitButton'

2018-08-09 16:55:23 - [MESSAGE][WARNING] - Timeout '0' is invalid. Using default page load timeout: '5'

2018-08-09 16:55:23 - [MESSAGE][PASSED] - Tapped on element 'Object Repository/ShopOpen/ChillerUtilization/ChillerAvailable/SubmitButton'

2018-08-09 16:55:23 - [TEST_STEP][PASSED] - verifyElementText: Actual text and expected text of test object 'Object Repository/ShopOpen/ChillerUtilization/ChillerAvailable/Validate_ProductCategoryAssetScreen' are matched.

2018-08-09 16:55:24 - [MESSAGE][PASSED] - Actual text and expected text of test object 'Object Repository/ShopOpen/ChillerUtilization/ChillerAvailable/Validate_ProductCategoryAssetScreen' are matched.

2018-08-09 16:55:24 - [TEST_STEP][PASSED] - tap: Tapped on element 'Object Repository/ShopOpen/ChillerUtilization/ChillerAvailable/PorductCategoryActions_BackButton'

2018-08-09 16:55:24 - [MESSAGE][WARNING] - Timeout '0' is invalid. Using default page load timeout: '5'

2018-08-09 16:55:25 - [MESSAGE][PASSED] - Tapped on element 'Object Repository/ShopOpen/ChillerUtilization/ChillerAvailable/PorductCategoryActions_BackButton'

2018-08-09 16:55:25 - [TEST_STEP][PASSED] - verifyElementText: Actual text and expected text of test object 'Object Repository/ShopOpen/ChillerUtilization/ChillerAvailable/Validate_ChillerProductsCategoriesScreen' are matched.

2018-08-09 16:55:26 - [MESSAGE][PASSED] - Actual text and expected text of test object 'Object Repository/ShopOpen/ChillerUtilization/ChillerAvailable/Validate_ChillerProductsCategoriesScreen' are matched.

2018-08-09 16:55:26 - [MESSAGE][PASSED] - Call Test Case 'Test Cases/ShopOpen/ChillerUtilization/ChillerAvailable/VisitProductCategoryAssets' successfully

2018-08-09 16:55:27 - [TEST_CASE][PASSED] - Test Cases/ShopOpen/ChillerUtilization/ChillerAvailable/VisitProductCategoryAssets: Test Cases/ShopOpen/ChillerUtilization/ChillerAvailable/VisitProductCategoryAssets

2018-08-09 16:55:27 - [TEST_STEP][PASSED] - verifyElementText: Actual text and expected text of test object 'Object Repository/ShopOpen/ChillerUtilization/ChillerAvailable/Validate_ProductCategoryAssetScreen' are matched.

2018-08-09 16:55:28 - [MESSAGE][PASSED] - Actual text and expected text of test object 'Object Repository/ShopOpen/ChillerUtilization/ChillerAvailable/Validate_ProductCategoryAssetScreen' are matched.

2018-08-09 16:55:28 - [TEST_STEP][PASSED] - tap: Tapped on element 'Object Repository/ShopOpen/ChillerUtilization/ChillerAvailable/Facing'

2018-08-09 16:55:28 - [MESSAGE][WARNING] - Timeout '0' is invalid. Using default page load timeout: '5'

2018-08-09 16:55:28 - [MESSAGE][PASSED] - Tapped on element 'Object Repository/ShopOpen/ChillerUtilization/ChillerAvailable/Facing'

2018-08-09 16:55:28 - [TEST_STEP][PASSED] - verifyElementText: Actual text and expected text of test object 'Object Repository/ShopOpen/ChillerUtilization/ChillerAvailable/Validate_FacingScreen' are matched.

2018-08-09 16:55:31 - [MESSAGE][PASSED] - Actual text and expected text of test object 'Object Repository/ShopOpen/ChillerUtilization/ChillerAvailable/Validate_FacingScreen' are matched.

2018-08-09 16:55:31 - [TEST_STEP][PASSED] - com.ct.qa.keywords.ChillerProductsDataKeywords.visitChillerAvailableProductsData: com.ct.qa.keywords.ChillerProductsDataKeywords.visitChillerAvailableProductsData is PASSED

2018-08-09 16:55:35 - [MESSAGE][PASSED] - Keyboard is hidden

2018-08-09 16:55:38 - [MESSAGE][PASSED] - Keyboard is hidden

2018-08-09 16:55:41 - [MESSAGE][PASSED] - Keyboard is hidden

2018-08-09 16:55:44 - [MESSAGE][PASSED] - Keyboard is hidden

2018-08-09 16:55:47 - [MESSAGE][PASSED] - Keyboard is hidden

2018-08-09 16:55:50 - [MESSAGE][PASSED] - Keyboard is hidden

2018-08-09 16:55:53 - [MESSAGE][PASSED] - Swiped from 50,359 to 50,250

2018-08-09 16:55:56 - [MESSAGE][PASSED] - Keyboard is hidden

2018-08-09 16:55:58 - [MESSAGE][PASSED] - Swiped from 50,359 to 50,250

2018-08-09 16:56:01 - [MESSAGE][PASSED] - Keyboard is hidden

2018-08-09 16:56:03 - [MESSAGE][PASSED] - Swiped from 50,359 to 50,250

2018-08-09 16:56:06 - [MESSAGE][PASSED] - Keyboard is hidden

2018-08-09 16:56:08 - [MESSAGE][PASSED] - Swiped from 50,359 to 50,250

2018-08-09 16:56:11 - [MESSAGE][PASSED] - Keyboard is hidden

2018-08-09 16:56:13 - [MESSAGE][PASSED] - Swiped from 50,359 to 50,250

2018-08-09 16:56:16 - [MESSAGE][PASSED] - Keyboard is hidden

2018-08-09 16:56:18 - [MESSAGE][PASSED] - Swiped from 50,359 to 50,250

2018-08-09 16:56:21 - [MESSAGE][PASSED] - Keyboard is hidden

2018-08-09 16:56:23 - [MESSAGE][PASSED] - Swiped from 50,359 to 50,250

2018-08-09 16:56:24 - [MESSAGE][PASSED] - com.ct.qa.keywords.ChillerProductsDataKeywords.visitChillerAvailableProductsData is PASSED

2018-08-09 16:56:24 - [TEST_STEP][PASSED] - tap: Tapped on element 'Object Repository/ShopOpen/ChillerUtilization/ChillerAvailable/SubmitButton'

2018-08-09 16:56:24 - [MESSAGE][WARNING] - Timeout '0' is invalid. Using default page load timeout: '5'

2018-08-09 16:56:24 - [MESSAGE][PASSED] - Tapped on element 'Object Repository/ShopOpen/ChillerUtilization/ChillerAvailable/SubmitButton'

2018-08-09 16:56:24 - [TEST_STEP][PASSED] - verifyElementText: Actual text and expected text of test object 'Object Repository/ShopOpen/ChillerUtilization/ChillerAvailable/Validate_ProductCategoryAssetScreen' are matched.

2018-08-09 16:56:25 - [MESSAGE][PASSED] - Actual text and expected text of test object 'Object Repository/ShopOpen/ChillerUtilization/ChillerAvailable/Validate_ProductCategoryAssetScreen' are matched.

2018-08-09 16:56:25 - [TEST_STEP][PASSED] - tap: Tapped on element 'Object Repository/ShopOpen/ChillerUtilization/ChillerAvailable/Depth'

2018-08-09 16:56:25 - [MESSAGE][WARNING] - Timeout '0' is invalid. Using default page load timeout: '5'

2018-08-09 16:56:25 - [MESSAGE][PASSED] - Tapped on element 'Object Repository/ShopOpen/ChillerUtilization/ChillerAvailable/Depth'

2018-08-09 16:56:25 - [TEST_STEP][PASSED] - verifyElementText: Actual text and expected text of test object 'Object Repository/ShopOpen/ChillerUtilization/ChillerAvailable/Validate_DepthScreen' are matched.

2018-08-09 16:56:28 - [MESSAGE][PASSED] - Actual text and expected text of test object 'Object Repository/ShopOpen/ChillerUtilization/ChillerAvailable/Validate_DepthScreen' are matched.

2018-08-09 16:56:28 - [TEST_STEP][PASSED] - com.ct.qa.keywords.ChillerProductsDataKeywords.visitChillerAvailableProductsData: com.ct.qa.keywords.ChillerProductsDataKeywords.visitChillerAvailableProductsData is PASSED

2018-08-09 16:56:32 - [MESSAGE][PASSED] - Keyboard is hidden

2018-08-09 16:56:35 - [MESSAGE][PASSED] - Keyboard is hidden

2018-08-09 16:56:38 - [MESSAGE][PASSED] - Keyboard is hidden

2018-08-09 16:56:41 - [MESSAGE][PASSED] - Keyboard is hidden

2018-08-09 16:56:44 - [MESSAGE][PASSED] - Keyboard is hidden

2018-08-09 16:56:47 - [MESSAGE][PASSED] - Keyboard is hidden

2018-08-09 16:56:50 - [MESSAGE][PASSED] - Swiped from 50,359 to 50,250

2018-08-09 16:56:53 - [MESSAGE][PASSED] - Keyboard is hidden

2018-08-09 16:56:55 - [MESSAGE][PASSED] - Swiped from 50,359 to 50,250

2018-08-09 16:56:58 - [MESSAGE][PASSED] - Keyboard is hidden

2018-08-09 16:57:00 - [MESSAGE][PASSED] - Swiped from 50,359 to 50,250

2018-08-09 16:57:03 - [MESSAGE][PASSED] - Keyboard is hidden

2018-08-09 16:57:05 - [MESSAGE][PASSED] - Swiped from 50,359 to 50,250

2018-08-09 16:57:08 - [MESSAGE][PASSED] - Keyboard is hidden

2018-08-09 16:57:10 - [MESSAGE][PASSED] - Swiped from 50,359 to 50,250

2018-08-09 16:57:13 - [MESSAGE][PASSED] - Keyboard is hidden

2018-08-09 16:57:15 - [MESSAGE][PASSED] - Swiped from 50,359 to 50,250

2018-08-09 16:57:18 - [MESSAGE][PASSED] - Keyboard is hidden

2018-08-09 16:57:20 - [MESSAGE][PASSED] - Swiped from 50,359 to 50,250

2018-08-09 16:57:21 - [MESSAGE][PASSED] - com.ct.qa.keywords.ChillerProductsDataKeywords.visitChillerAvailableProductsData is PASSED

2018-08-09 16:57:21 - [TEST_STEP][PASSED] - tap: Tapped on element 'Object Repository/ShopOpen/ChillerUtilization/ChillerAvailable/SubmitButton'

2018-08-09 16:57:21 - [MESSAGE][WARNING] - Timeout '0' is invalid. Using default page load timeout: '5'

2018-08-09 16:57:21 - [MESSAGE][PASSED] - Tapped on element 'Object Repository/ShopOpen/ChillerUtilization/ChillerAvailable/SubmitButton'

2018-08-09 16:57:21 - [TEST_STEP][PASSED] - verifyElementText: Actual text and expected text of test object 'Object Repository/ShopOpen/ChillerUtilization/ChillerAvailable/Validate_ProductCategoryAssetScreen' are matched.

2018-08-09 16:57:22 - [MESSAGE][PASSED] - Actual text and expected text of test object 'Object Repository/ShopOpen/ChillerUtilization/ChillerAvailable/Validate_ProductCategoryAssetScreen' are matched.

2018-08-09 16:57:22 - [TEST_STEP][PASSED] - tap: Tapped on element 'Object Repository/ShopOpen/ChillerUtilization/ChillerAvailable/StockCount'

2018-08-09 16:57:22 - [MESSAGE][WARNING] - Timeout '0' is invalid. Using default page load timeout: '5'

2018-08-09 16:57:22 - [MESSAGE][PASSED] - Tapped on element 'Object Repository/ShopOpen/ChillerUtilization/ChillerAvailable/StockCount'

2018-08-09 16:57:22 - [TEST_STEP][PASSED] - verifyElementText: Actual text and expected text of test object 'Object Repository/ShopOpen/ChillerUtilization/ChillerAvailable/Validate_StockCountScreen' are matched.

2018-08-09 16:57:25 - [MESSAGE][PASSED] - Actual text and expected text of test object 'Object Repository/ShopOpen/ChillerUtilization/ChillerAvailable/Validate_StockCountScreen' are matched.

2018-08-09 16:57:25 - [TEST_STEP][PASSED] - com.ct.qa.keywords.ChillerProductsDataKeywords.visitChillerAvailableProductsData: com.ct.qa.keywords.ChillerProductsDataKeywords.visitChillerAvailableProductsData is PASSED

2018-08-09 16:57:29 - [MESSAGE][PASSED] - Keyboard is hidden

2018-08-09 16:57:32 - [MESSAGE][PASSED] - Keyboard is hidden

2018-08-09 16:57:35 - [MESSAGE][PASSED] - Keyboard is hidden

2018-08-09 16:57:38 - [MESSAGE][PASSED] - Keyboard is hidden

2018-08-09 16:57:41 - [MESSAGE][PASSED] - Keyboard is hidden

2018-08-09 16:57:44 - [MESSAGE][PASSED] - Keyboard is hidden

2018-08-09 16:57:47 - [MESSAGE][PASSED] - Swiped from 50,359 to 50,250

2018-08-09 16:57:50 - [MESSAGE][PASSED] - Keyboard is hidden

2018-08-09 16:57:52 - [MESSAGE][PASSED] - Swiped from 50,359 to 50,250

2018-08-09 16:57:55 - [MESSAGE][PASSED] - Keyboard is hidden

2018-08-09 16:57:57 - [MESSAGE][PASSED] - Swiped from 50,359 to 50,250

2018-08-09 16:58:00 - [MESSAGE][PASSED] - Keyboard is hidden

2018-08-09 16:58:02 - [MESSAGE][PASSED] - Swiped from 50,359 to 50,250

2018-08-09 16:58:05 - [MESSAGE][PASSED] - Keyboard is hidden

2018-08-09 16:58:07 - [MESSAGE][PASSED] - Swiped from 50,359 to 50,250

2018-08-09 16:58:10 - [MESSAGE][PASSED] - Keyboard is hidden

2018-08-09 16:58:12 - [MESSAGE][PASSED] - Swiped from 50,359 to 50,250

2018-08-09 16:58:15 - [MESSAGE][PASSED] - Keyboard is hidden

2018-08-09 16:58:17 - [MESSAGE][PASSED] - Swiped from 50,359 to 50,250

2018-08-09 16:58:18 - [MESSAGE][PASSED] - com.ct.qa.keywords.ChillerProductsDataKeywords.visitChillerAvailableProductsData is PASSED

2018-08-09 16:58:18 - [TEST_STEP][PASSED] - tap: Tapped on element 'Object Repository/ShopOpen/ChillerUtilization/ChillerAvailable/SubmitButton'

2018-08-09 16:58:18 - [MESSAGE][WARNING] - Timeout '0' is invalid. Using default page load timeout: '5'

2018-08-09 16:58:18 - [MESSAGE][PASSED] - Tapped on element 'Object Repository/ShopOpen/ChillerUtilization/ChillerAvailable/SubmitButton'

2018-08-09 16:58:18 - [TEST_STEP][PASSED] - verifyElementText: Actual text and expected text of test object 'Object Repository/ShopOpen/ChillerUtilization/ChillerAvailable/Validate_ProductCategoryAssetScreen' are matched.

2018-08-09 16:58:19 - [MESSAGE][PASSED] - Actual text and expected text of test object 'Object Repository/ShopOpen/ChillerUtilization/ChillerAvailable/Validate_ProductCategoryAssetScreen' are matched.

2018-08-09 16:58:19 - [TEST_STEP][PASSED] - tap: Tapped on element 'Object Repository/ShopOpen/ChillerUtilization/ChillerAvailable/PorductCategoryActions_BackButton'

2018-08-09 16:58:19 - [MESSAGE][WARNING] - Timeout '0' is invalid. Using default page load timeout: '5'

2018-08-09 16:58:19 - [MESSAGE][PASSED] - Tapped on element 'Object Repository/ShopOpen/ChillerUtilization/ChillerAvailable/PorductCategoryActions_BackButton'

2018-08-09 16:58:19 - [TEST_STEP][PASSED] - verifyElementText: Actual text and expected text of test object 'Object Repository/ShopOpen/ChillerUtilization/ChillerAvailable/Validate_ChillerProductsCategoriesScreen' are matched.

2018-08-09 16:58:20 - [MESSAGE][PASSED] - Actual text and expected text of test object 'Object Repository/ShopOpen/ChillerUtilization/ChillerAvailable/Validate_ChillerProductsCategoriesScreen' are matched.

2018-08-09 16:58:20 - [MESSAGE][PASSED] - Call Test Case 'Test Cases/ShopOpen/ChillerUtilization/ChillerAvailable/VisitProductCategoryAssets' successfully

2018-08-09 16:58:20 - [MESSAGE][PASSED] - com.ct.qa.keywords.ChillerProductsDataKeywords.visitChillerAvailableProductCategories is PASSED

2018-08-09 16:58:20 - [TEST_STEP][PASSED] - tap: Tapped on element 'Object Repository/ShopOpen/ChillerUtilization/ChillerAvailable/ChillerProductsCategories_Planogram_ImageView'

2018-08-09 16:58:20 - [MESSAGE][WARNING] - Timeout '0' is invalid. Using default page load timeout: '5'

2018-08-09 16:58:21 - [MESSAGE][PASSED] - Tapped on element 'Object Repository/ShopOpen/ChillerUtilization/ChillerAvailable/ChillerProductsCategories_Planogram_ImageView'

2018-08-09 16:58:21 - [TEST_STEP][PASSED] - com.ct.qa.keywords.CommonKeywords.checkPlanogramAvailability: com.ct.qa.keywords.CommonKeywords.checkPlanogramAvailability is PASSED

2018-08-09 16:58:21 - [MESSAGE][WARNING] - Timeout '0' is invalid. Using default page load timeout: '5'

2018-08-09 16:58:23 - [MESSAGE][PASSED] - Tapped on element 'Object Repository/CommonScreenElements/InfoPopUp_OKButton'

2018-08-09 16:58:23 - [MESSAGE][PASSED] - com.ct.qa.keywords.CommonKeywords.checkPlanogramAvailability is PASSED

2018-08-09 16:58:23 - [TEST_STEP][PASSED] - com.ct.qa.keywords.CommonKeywords.closePlanogram: com.ct.qa.keywords.CommonKeywords.closePlanogram is PASSED

2018-08-09 16:58:24 - [MESSAGE][PASSED] - com.ct.qa.keywords.CommonKeywords.closePlanogram is PASSED

2018-08-09 16:58:24 - [TEST_STEP][PASSED] - verifyElementText: Actual text and expected text of test object 'Object Repository/ShopOpen/ChillerUtilization/ChillerAvailable/Validate_ChillerProductsCategoriesScreen' are matched.

2018-08-09 16:58:25 - [MESSAGE][PASSED] - Actual text and expected text of test object 'Object Repository/ShopOpen/ChillerUtilization/ChillerAvailable/Validate_ChillerProductsCategoriesScreen' are matched.

2018-08-09 16:58:25 - [TEST_STEP][PASSED] - com.ct.qa.keywords.CommonKeywords.findPictureImageView: com.ct.qa.keywords.CommonKeywords.findPictureImageView is PASSED

2018-08-09 16:58:25 - [MESSAGE][PASSED] - com.ct.qa.keywords.CommonKeywords.findPictureImageView is PASSED

2018-08-09 16:58:25 - [TEST_STEP][PASSED] - verifyElementText: Actual text and expected text of test object 'Object Repository/ShopOpen/ChillerUtilization/ChillerAvailable/Validate_ChillerProductsCategoriesScreen' are matched.

2018-08-09 16:58:26 - [MESSAGE][PASSED] - Actual text and expected text of test object 'Object Repository/ShopOpen/ChillerUtilization/ChillerAvailable/Validate_ChillerProductsCategoriesScreen' are matched.

2018-08-09 16:58:26 - [TEST_STEP][PASSED] - tap: Tapped on element 'Object Repository/ShopOpen/ChillerUtilization/ChillerAvailable/ChillerProductsCategories_BackButton'

2018-08-09 16:58:26 - [MESSAGE][WARNING] - Timeout '0' is invalid. Using default page load timeout: '5'

2018-08-09 16:58:27 - [MESSAGE][PASSED] - Tapped on element 'Object Repository/ShopOpen/ChillerUtilization/ChillerAvailable/ChillerProductsCategories_BackButton'

2018-08-09 16:58:27 - [TEST_STEP][PASSED] - verifyElementText: Actual text and expected text of test object 'Object Repository/ShopOpen/ChillerUtilization/Validate_ChillerUtilizationScreen' are matched.

2018-08-09 16:58:28 - [MESSAGE][PASSED] - Actual text and expected text of test object 'Object Repository/ShopOpen/ChillerUtilization/Validate_ChillerUtilizationScreen' are matched.

2018-08-09 16:58:28 - [MESSAGE][PASSED] - Call Test Case 'Test Cases/ShopOpen/ChillerUtilization/ChillerAvailable/VisitChillerAvailable' successfully

2018-08-09 16:58:28 - [MESSAGE][WARNING] - Timeout '0' is invalid. Using default page load timeout: '5'

2018-08-09 16:58:31 - [MESSAGE][PASSED] - Element 'Object Repository/CommonScreenElements/Validate_CameraScreen' is exist

2018-08-09 16:58:31 - [MESSAGE][WARNING] - Timeout '0' is invalid. Using default page load timeout: '5'

2018-08-09 16:58:34 - [MESSAGE][PASSED] - Tapped on element 'Object Repository/CommonScreenElements/TakePictureButton'

2018-08-09 16:58:39 - [MESSAGE][PASSED] - Delayed 5 second(s)

2018-08-09 16:58:39 - [MESSAGE][WARNING] - Timeout '0' is invalid. Using default page load timeout: '5'

2018-08-09 16:58:40 - [MESSAGE][PASSED] - Tapped on element 'Object Repository/CommonScreenElements/DoneButton'

2018-08-09 16:58:42 - [TEST_CASE][PASSED] - Test Cases/ShopOpen/ChillerUtilization/ChillerAvailable/VisitChillerAvailable: Test Cases/ShopOpen/ChillerUtilization/ChillerAvailable/VisitChillerAvailable

2018-08-09 16:58:42 - [TEST_STEP][PASSED] - verifyElementExist: Element 'Object Repository/ShopOpen/ChillerUtilization/ChillerAvailable/Validate_ChillerAvailableScreen' is exist

2018-08-09 16:58:42 - [MESSAGE][WARNING] - Timeout '0' is invalid. Using default page load timeout: '5'

2018-08-09 16:58:44 - [MESSAGE][PASSED] - Element 'Object Repository/ShopOpen/ChillerUtilization/ChillerAvailable/Validate_ChillerAvailableScreen' is exist

2018-08-09 16:58:44 - [TEST_STEP][PASSED] - tap: Tapped on element 'Object Repository/ShopOpen/ChillerUtilization/ChillerAvailable/Planogram_ImageView'

2018-08-09 16:58:44 - [MESSAGE][WARNING] - Timeout '0' is invalid. Using default page load timeout: '5'

2018-08-09 16:58:44 - [MESSAGE][PASSED] - Tapped on element 'Object Repository/ShopOpen/ChillerUtilization/ChillerAvailable/Planogram_ImageView'

2018-08-09 16:58:44 - [TEST_STEP][PASSED] - com.ct.qa.keywords.CommonKeywords.checkPlanogramAvailability: com.ct.qa.keywords.CommonKeywords.checkPlanogramAvailability is PASSED

2018-08-09 16:58:44 - [MESSAGE][WARNING] - Timeout '0' is invalid. Using default page load timeout: '5'

2018-08-09 16:58:50 - [MESSAGE][WARNING] - Object Object Repository/CommonScreenElements/InfoPopUp_OKButton not found
[[ATTACHMENT|F:\\Git Projects\\MMAPlus_Merchandising\\MMAPlus_Merchandising\\Reports\\MMA Plus Merchandising With Chiller Wise Data Verification\\20180809_164504\\1533815929864.png]]

2018-08-09 16:58:50 - [MESSAGE][PASSED] - com.ct.qa.keywords.CommonKeywords.checkPlanogramAvailability is PASSED

2018-08-09 16:58:50 - [TEST_STEP][PASSED] - com.ct.qa.keywords.CommonKeywords.closePlanogram: com.ct.qa.keywords.CommonKeywords.closePlanogram is PASSED

2018-08-09 16:58:51 - [MESSAGE][PASSED] - com.ct.qa.keywords.CommonKeywords.closePlanogram is PASSED

2018-08-09 16:58:51 - [TEST_STEP][PASSED] - verifyElementExist: Element 'Object Repository/ShopOpen/ChillerUtilization/ChillerAvailable/Validate_ChillerAvailableScreen' is exist

2018-08-09 16:58:51 - [MESSAGE][WARNING] - Timeout '0' is invalid. Using default page load timeout: '5'

2018-08-09 16:58:52 - [MESSAGE][PASSED] - Element 'Object Repository/ShopOpen/ChillerUtilization/ChillerAvailable/Validate_ChillerAvailableScreen' is exist

2018-08-09 16:58:52 - [TEST_STEP][PASSED] - com.ct.qa.keywords.CommonKeywords.findPictureImageView: com.ct.qa.keywords.CommonKeywords.findPictureImageView is PASSED

2018-08-09 16:58:52 - [MESSAGE][PASSED] - com.ct.qa.keywords.CommonKeywords.findPictureImageView is PASSED

2018-08-09 16:58:52 - [TEST_STEP][PASSED] - verifyElementExist: Element 'Object Repository/ShopOpen/ChillerUtilization/ChillerAvailable/Validate_ChillerAvailableScreen' is exist

2018-08-09 16:58:52 - [MESSAGE][WARNING] - Timeout '0' is invalid. Using default page load timeout: '5'

2018-08-09 16:58:52 - [MESSAGE][PASSED] - Element 'Object Repository/ShopOpen/ChillerUtilization/ChillerAvailable/Validate_ChillerAvailableScreen' is exist

2018-08-09 16:58:52 - [TEST_STEP][PASSED] - tap: Tapped on element 'Object Repository/ShopOpen/ChillerUtilization/ChillerAvailable/Depth1_TakePicture'

2018-08-09 16:58:52 - [MESSAGE][WARNING] - Timeout '0' is invalid. Using default page load timeout: '5'

2018-08-09 16:58:54 - [MESSAGE][PASSED] - Tapped on element 'Object Repository/ShopOpen/ChillerUtilization/ChillerAvailable/Depth1_TakePicture'

2018-08-09 16:58:54 - [TEST_STEP][PASSED] - verifyElementExist: Element 'Object Repository/CommonScreenElements/Validate_CameraScreen' is exist

2018-08-09 16:58:54 - [MESSAGE][WARNING] - Timeout '0' is invalid. Using default page load timeout: '5'

2018-08-09 16:58:55 - [MESSAGE][PASSED] - Element 'Object Repository/CommonScreenElements/Validate_CameraScreen' is exist

2018-08-09 16:58:55 - [TEST_STEP][PASSED] - tap: Tapped on element 'Object Repository/CommonScreenElements/TakePictureButton'

2018-08-09 16:58:55 - [MESSAGE][WARNING] - Timeout '0' is invalid. Using default page load timeout: '5'

2018-08-09 16:58:59 - [MESSAGE][PASSED] - Tapped on element 'Object Repository/CommonScreenElements/TakePictureButton'

2018-08-09 16:58:59 - [TEST_STEP][PASSED] - delay: Delayed 5 second(s)

2018-08-09 16:59:04 - [MESSAGE][PASSED] - Delayed 5 second(s)

2018-08-09 16:59:04 - [TEST_STEP][PASSED] - tap: Tapped on element 'Object Repository/CommonScreenElements/DoneButton'

2018-08-09 16:59:04 - [MESSAGE][WARNING] - Timeout '0' is invalid. Using default page load timeout: '5'

2018-08-09 16:59:04 - [MESSAGE][PASSED] - Tapped on element 'Object Repository/CommonScreenElements/DoneButton'

2018-08-09 16:59:04 - [TEST_STEP][PASSED] - verifyElementExist: Element 'Object Repository/ShopOpen/ChillerUtilization/ChillerAvailable/Validate_ChillerAvailableScreen' is exist

2018-08-09 16:59:04 - [MESSAGE][WARNING] - Timeout '0' is invalid. Using default page load timeout: '5'

2018-08-09 16:59:05 - [MESSAGE][PASSED] - Element 'Object Repository/ShopOpen/ChillerUtilization/ChillerAvailable/Validate_ChillerAvailableScreen' is exist

2018-08-09 16:59:05 - [TEST_STEP][PASSED] - tap: Tapped on element 'Object Repository/ShopOpen/ChillerUtilization/ChillerAvailable/Depth2TakePicture'

2018-08-09 16:59:05 - [MESSAGE][WARNING] - Timeout '0' is invalid. Using default page load timeout: '5'

2018-08-09 16:59:05 - [MESSAGE][PASSED] - Tapped on element 'Object Repository/ShopOpen/ChillerUtilization/ChillerAvailable/Depth2TakePicture'

2018-08-09 16:59:05 - [TEST_STEP][PASSED] - verifyElementExist: Element 'Object Repository/CommonScreenElements/Validate_CameraScreen' is exist

2018-08-09 16:59:05 - [MESSAGE][WARNING] - Timeout '0' is invalid. Using default page load timeout: '5'

2018-08-09 16:59:07 - [MESSAGE][PASSED] - Element 'Object Repository/CommonScreenElements/Validate_CameraScreen' is exist

2018-08-09 16:59:07 - [TEST_STEP][PASSED] - tap: Tapped on element 'Object Repository/CommonScreenElements/TakePictureButton'

2018-08-09 16:59:07 - [MESSAGE][WARNING] - Timeout '0' is invalid. Using default page load timeout: '5'

2018-08-09 16:59:10 - [MESSAGE][PASSED] - Tapped on element 'Object Repository/CommonScreenElements/TakePictureButton'

2018-08-09 16:59:10 - [TEST_STEP][PASSED] - delay: Delayed 5 second(s)

2018-08-09 16:59:15 - [MESSAGE][PASSED] - Delayed 5 second(s)

2018-08-09 16:59:15 - [TEST_STEP][PASSED] - tap: Tapped on element 'Object Repository/CommonScreenElements/DoneButton'

2018-08-09 16:59:15 - [MESSAGE][WARNING] - Timeout '0' is invalid. Using default page load timeout: '5'

2018-08-09 16:59:16 - [MESSAGE][PASSED] - Tapped on element 'Object Repository/CommonScreenElements/DoneButton'

2018-08-09 16:59:16 - [TEST_STEP][PASSED] - verifyElementExist: Element 'Object Repository/ShopOpen/ChillerUtilization/ChillerAvailable/Validate_ChillerAvailableScreen' is exist

2018-08-09 16:59:16 - [MESSAGE][WARNING] - Timeout '0' is invalid. Using default page load timeout: '5'

2018-08-09 16:59:17 - [MESSAGE][PASSED] - Element 'Object Repository/ShopOpen/ChillerUtilization/ChillerAvailable/Validate_ChillerAvailableScreen' is exist

2018-08-09 16:59:17 - [TEST_STEP][PASSED] - tap: Tapped on element 'Object Repository/ShopOpen/ChillerUtilization/ChillerAvailable/NextButton'

2018-08-09 16:59:17 - [MESSAGE][WARNING] - Timeout '0' is invalid. Using default page load timeout: '5'

2018-08-09 16:59:17 - [MESSAGE][PASSED] - Tapped on element 'Object Repository/ShopOpen/ChillerUtilization/ChillerAvailable/NextButton'

2018-08-09 16:59:17 - [TEST_STEP][PASSED] - verifyElementText: Actual text and expected text of test object 'Object Repository/ShopOpen/ChillerUtilization/ChillerAvailable/Validate_ChillerProductsCategoriesScreen' are matched.

2018-08-09 16:59:19 - [MESSAGE][PASSED] - Actual text and expected text of test object 'Object Repository/ShopOpen/ChillerUtilization/ChillerAvailable/Validate_ChillerProductsCategoriesScreen' are matched.

2018-08-09 16:59:19 - [TEST_STEP][PASSED] - com.ct.qa.keywords.ChillerProductsDataKeywords.visitChillerAvailableProductCategories: com.ct.qa.keywords.ChillerProductsDataKeywords.visitChillerAvailableProductCategories is PASSED

2018-08-09 16:59:21 - [TEST_CASE][PASSED] - Test Cases/ShopOpen/ChillerUtilization/ChillerAvailable/VisitProductCategoryAssets: Test Cases/ShopOpen/ChillerUtilization/ChillerAvailable/VisitProductCategoryAssets

2018-08-09 16:59:21 - [TEST_STEP][PASSED] - verifyElementText: Actual text and expected text of test object 'Object Repository/ShopOpen/ChillerUtilization/ChillerAvailable/Validate_ProductCategoryAssetScreen' are matched.

2018-08-09 16:59:23 - [MESSAGE][PASSED] - Actual text and expected text of test object 'Object Repository/ShopOpen/ChillerUtilization/ChillerAvailable/Validate_ProductCategoryAssetScreen' are matched.

2018-08-09 16:59:23 - [TEST_STEP][PASSED] - tap: Tapped on element 'Object Repository/ShopOpen/ChillerUtilization/ChillerAvailable/Facing'

2018-08-09 16:59:23 - [MESSAGE][WARNING] - Timeout '0' is invalid. Using default page load timeout: '5'

2018-08-09 16:59:23 - [MESSAGE][PASSED] - Tapped on element 'Object Repository/ShopOpen/ChillerUtilization/ChillerAvailable/Facing'

2018-08-09 16:59:23 - [TEST_STEP][PASSED] - verifyElementText: Actual text and expected text of test object 'Object Repository/ShopOpen/ChillerUtilization/ChillerAvailable/Validate_FacingScreen' are matched.

2018-08-09 16:59:25 - [MESSAGE][PASSED] - Actual text and expected text of test object 'Object Repository/ShopOpen/ChillerUtilization/ChillerAvailable/Validate_FacingScreen' are matched.

2018-08-09 16:59:25 - [TEST_STEP][PASSED] - com.ct.qa.keywords.ChillerProductsDataKeywords.visitChillerAvailableProductsData: com.ct.qa.keywords.ChillerProductsDataKeywords.visitChillerAvailableProductsData is PASSED

2018-08-09 16:59:28 - [MESSAGE][PASSED] - Keyboard is hidden

2018-08-09 16:59:29 - [MESSAGE][PASSED] - com.ct.qa.keywords.ChillerProductsDataKeywords.visitChillerAvailableProductsData is PASSED

2018-08-09 16:59:29 - [TEST_STEP][PASSED] - tap: Tapped on element 'Object Repository/ShopOpen/ChillerUtilization/ChillerAvailable/SubmitButton'

2018-08-09 16:59:29 - [MESSAGE][WARNING] - Timeout '0' is invalid. Using default page load timeout: '5'

2018-08-09 16:59:29 - [MESSAGE][PASSED] - Tapped on element 'Object Repository/ShopOpen/ChillerUtilization/ChillerAvailable/SubmitButton'

2018-08-09 16:59:29 - [TEST_STEP][PASSED] - verifyElementText: Actual text and expected text of test object 'Object Repository/ShopOpen/ChillerUtilization/ChillerAvailable/Validate_ProductCategoryAssetScreen' are matched.

2018-08-09 16:59:30 - [MESSAGE][PASSED] - Actual text and expected text of test object 'Object Repository/ShopOpen/ChillerUtilization/ChillerAvailable/Validate_ProductCategoryAssetScreen' are matched.

2018-08-09 16:59:30 - [TEST_STEP][PASSED] - tap: Tapped on element 'Object Repository/ShopOpen/ChillerUtilization/ChillerAvailable/Depth'

2018-08-09 16:59:30 - [MESSAGE][WARNING] - Timeout '0' is invalid. Using default page load timeout: '5'

2018-08-09 16:59:30 - [MESSAGE][PASSED] - Tapped on element 'Object Repository/ShopOpen/ChillerUtilization/ChillerAvailable/Depth'

2018-08-09 16:59:30 - [TEST_STEP][PASSED] - verifyElementText: Actual text and expected text of test object 'Object Repository/ShopOpen/ChillerUtilization/ChillerAvailable/Validate_DepthScreen' are matched.

2018-08-09 16:59:33 - [MESSAGE][PASSED] - Actual text and expected text of test object 'Object Repository/ShopOpen/ChillerUtilization/ChillerAvailable/Validate_DepthScreen' are matched.

2018-08-09 16:59:33 - [TEST_STEP][PASSED] - com.ct.qa.keywords.ChillerProductsDataKeywords.visitChillerAvailableProductsData: com.ct.qa.keywords.ChillerProductsDataKeywords.visitChillerAvailableProductsData is PASSED

2018-08-09 16:59:36 - [MESSAGE][PASSED] - Keyboard is hidden

2018-08-09 16:59:37 - [MESSAGE][PASSED] - com.ct.qa.keywords.ChillerProductsDataKeywords.visitChillerAvailableProductsData is PASSED

2018-08-09 16:59:37 - [TEST_STEP][PASSED] - tap: Tapped on element 'Object Repository/ShopOpen/ChillerUtilization/ChillerAvailable/SubmitButton'

2018-08-09 16:59:37 - [MESSAGE][WARNING] - Timeout '0' is invalid. Using default page load timeout: '5'

2018-08-09 16:59:37 - [MESSAGE][PASSED] - Tapped on element 'Object Repository/ShopOpen/ChillerUtilization/ChillerAvailable/SubmitButton'

2018-08-09 16:59:37 - [TEST_STEP][PASSED] - verifyElementText: Actual text and expected text of test object 'Object Repository/ShopOpen/ChillerUtilization/ChillerAvailable/Validate_ProductCategoryAssetScreen' are matched.

2018-08-09 16:59:38 - [MESSAGE][PASSED] - Actual text and expected text of test object 'Object Repository/ShopOpen/ChillerUtilization/ChillerAvailable/Validate_ProductCategoryAssetScreen' are matched.

2018-08-09 16:59:38 - [TEST_STEP][PASSED] - tap: Tapped on element 'Object Repository/ShopOpen/ChillerUtilization/ChillerAvailable/StockCount'

2018-08-09 16:59:38 - [MESSAGE][WARNING] - Timeout '0' is invalid. Using default page load timeout: '5'

2018-08-09 16:59:39 - [MESSAGE][PASSED] - Tapped on element 'Object Repository/ShopOpen/ChillerUtilization/ChillerAvailable/StockCount'

2018-08-09 16:59:39 - [TEST_STEP][PASSED] - verifyElementText: Actual text and expected text of test object 'Object Repository/ShopOpen/ChillerUtilization/ChillerAvailable/Validate_StockCountScreen' are matched.

2018-08-09 16:59:41 - [MESSAGE][PASSED] - Actual text and expected text of test object 'Object Repository/ShopOpen/ChillerUtilization/ChillerAvailable/Validate_StockCountScreen' are matched.

2018-08-09 16:59:41 - [TEST_STEP][PASSED] - com.ct.qa.keywords.ChillerProductsDataKeywords.visitChillerAvailableProductsData: com.ct.qa.keywords.ChillerProductsDataKeywords.visitChillerAvailableProductsData is PASSED

2018-08-09 16:59:44 - [MESSAGE][PASSED] - Keyboard is hidden

2018-08-09 16:59:45 - [MESSAGE][PASSED] - com.ct.qa.keywords.ChillerProductsDataKeywords.visitChillerAvailableProductsData is PASSED

2018-08-09 16:59:45 - [TEST_STEP][PASSED] - tap: Tapped on element 'Object Repository/ShopOpen/ChillerUtilization/ChillerAvailable/SubmitButton'

2018-08-09 16:59:45 - [MESSAGE][WARNING] - Timeout '0' is invalid. Using default page load timeout: '5'

2018-08-09 16:59:45 - [MESSAGE][PASSED] - Tapped on element 'Object Repository/ShopOpen/ChillerUtilization/ChillerAvailable/SubmitButton'

2018-08-09 16:59:45 - [TEST_STEP][PASSED] - verifyElementText: Actual text and expected text of test object 'Object Repository/ShopOpen/ChillerUtilization/ChillerAvailable/Validate_ProductCategoryAssetScreen' are matched.

2018-08-09 16:59:46 - [MESSAGE][PASSED] - Actual text and expected text of test object 'Object Repository/ShopOpen/ChillerUtilization/ChillerAvailable/Validate_ProductCategoryAssetScreen' are matched.

2018-08-09 16:59:46 - [TEST_STEP][PASSED] - tap: Tapped on element 'Object Repository/ShopOpen/ChillerUtilization/ChillerAvailable/PorductCategoryActions_BackButton'

2018-08-09 16:59:46 - [MESSAGE][WARNING] - Timeout '0' is invalid. Using default page load timeout: '5'

2018-08-09 16:59:46 - [MESSAGE][PASSED] - Tapped on element 'Object Repository/ShopOpen/ChillerUtilization/ChillerAvailable/PorductCategoryActions_BackButton'

2018-08-09 16:59:46 - [TEST_STEP][PASSED] - verifyElementText: Actual text and expected text of test object 'Object Repository/ShopOpen/ChillerUtilization/ChillerAvailable/Validate_ChillerProductsCategoriesScreen' are matched.

2018-08-09 16:59:47 - [MESSAGE][PASSED] - Actual text and expected text of test object 'Object Repository/ShopOpen/ChillerUtilization/ChillerAvailable/Validate_ChillerProductsCategoriesScreen' are matched.

2018-08-09 16:59:47 - [MESSAGE][PASSED] - Call Test Case 'Test Cases/ShopOpen/ChillerUtilization/ChillerAvailable/VisitProductCategoryAssets' successfully

2018-08-09 16:59:48 - [TEST_CASE][PASSED] - Test Cases/ShopOpen/ChillerUtilization/ChillerAvailable/VisitProductCategoryAssets: Test Cases/ShopOpen/ChillerUtilization/ChillerAvailable/VisitProductCategoryAssets

2018-08-09 16:59:48 - [TEST_STEP][PASSED] - verifyElementText: Actual text and expected text of test object 'Object Repository/ShopOpen/ChillerUtilization/ChillerAvailable/Validate_ProductCategoryAssetScreen' are matched.

2018-08-09 16:59:50 - [MESSAGE][PASSED] - Actual text and expected text of test object 'Object Repository/ShopOpen/ChillerUtilization/ChillerAvailable/Validate_ProductCategoryAssetScreen' are matched.

2018-08-09 16:59:50 - [TEST_STEP][PASSED] - tap: Tapped on element 'Object Repository/ShopOpen/ChillerUtilization/ChillerAvailable/Facing'

2018-08-09 16:59:50 - [MESSAGE][WARNING] - Timeout '0' is invalid. Using default page load timeout: '5'

2018-08-09 16:59:51 - [MESSAGE][PASSED] - Tapped on element 'Object Repository/ShopOpen/ChillerUtilization/ChillerAvailable/Facing'

2018-08-09 16:59:51 - [TEST_STEP][PASSED] - verifyElementText: Actual text and expected text of test object 'Object Repository/ShopOpen/ChillerUtilization/ChillerAvailable/Validate_FacingScreen' are matched.

2018-08-09 16:59:53 - [MESSAGE][PASSED] - Actual text and expected text of test object 'Object Repository/ShopOpen/ChillerUtilization/ChillerAvailable/Validate_FacingScreen' are matched.

2018-08-09 16:59:53 - [TEST_STEP][PASSED] - com.ct.qa.keywords.ChillerProductsDataKeywords.visitChillerAvailableProductsData: com.ct.qa.keywords.ChillerProductsDataKeywords.visitChillerAvailableProductsData is PASSED

2018-08-09 16:59:57 - [MESSAGE][PASSED] - Keyboard is hidden

2018-08-09 17:00:00 - [MESSAGE][PASSED] - Keyboard is hidden

2018-08-09 17:00:03 - [MESSAGE][PASSED] - Keyboard is hidden

2018-08-09 17:00:06 - [MESSAGE][PASSED] - Keyboard is hidden

2018-08-09 17:00:09 - [MESSAGE][PASSED] - Keyboard is hidden

2018-08-09 17:00:12 - [MESSAGE][PASSED] - Keyboard is hidden

2018-08-09 17:00:15 - [MESSAGE][PASSED] - Swiped from 50,359 to 50,250

2018-08-09 17:00:18 - [MESSAGE][PASSED] - Keyboard is hidden

2018-08-09 17:00:20 - [MESSAGE][PASSED] - Swiped from 50,359 to 50,250

2018-08-09 17:00:23 - [MESSAGE][PASSED] - Keyboard is hidden

2018-08-09 17:00:25 - [MESSAGE][PASSED] - Swiped from 50,359 to 50,250

2018-08-09 17:00:28 - [MESSAGE][PASSED] - Keyboard is hidden

2018-08-09 17:00:30 - [MESSAGE][PASSED] - Swiped from 50,359 to 50,250

2018-08-09 17:00:33 - [MESSAGE][PASSED] - Keyboard is hidden

2018-08-09 17:00:35 - [MESSAGE][PASSED] - Swiped from 50,359 to 50,250

2018-08-09 17:00:38 - [MESSAGE][PASSED] - Keyboard is hidden

2018-08-09 17:00:40 - [MESSAGE][PASSED] - Swiped from 50,359 to 50,250

2018-08-09 17:00:43 - [MESSAGE][PASSED] - Keyboard is hidden

2018-08-09 17:00:45 - [MESSAGE][PASSED] - Swiped from 50,359 to 50,250

2018-08-09 17:00:46 - [MESSAGE][PASSED] - com.ct.qa.keywords.ChillerProductsDataKeywords.visitChillerAvailableProductsData is PASSED

2018-08-09 17:00:46 - [TEST_STEP][PASSED] - tap: Tapped on element 'Object Repository/ShopOpen/ChillerUtilization/ChillerAvailable/SubmitButton'

2018-08-09 17:00:46 - [MESSAGE][WARNING] - Timeout '0' is invalid. Using default page load timeout: '5'

2018-08-09 17:00:46 - [MESSAGE][PASSED] - Tapped on element 'Object Repository/ShopOpen/ChillerUtilization/ChillerAvailable/SubmitButton'

2018-08-09 17:00:46 - [TEST_STEP][PASSED] - verifyElementText: Actual text and expected text of test object 'Object Repository/ShopOpen/ChillerUtilization/ChillerAvailable/Validate_ProductCategoryAssetScreen' are matched.

2018-08-09 17:00:47 - [MESSAGE][PASSED] - Actual text and expected text of test object 'Object Repository/ShopOpen/ChillerUtilization/ChillerAvailable/Validate_ProductCategoryAssetScreen' are matched.

2018-08-09 17:00:47 - [TEST_STEP][PASSED] - tap: Tapped on element 'Object Repository/ShopOpen/ChillerUtilization/ChillerAvailable/Depth'

2018-08-09 17:00:47 - [MESSAGE][WARNING] - Timeout '0' is invalid. Using default page load timeout: '5'

2018-08-09 17:00:47 - [MESSAGE][PASSED] - Tapped on element 'Object Repository/ShopOpen/ChillerUtilization/ChillerAvailable/Depth'

2018-08-09 17:00:47 - [TEST_STEP][PASSED] - verifyElementText: Actual text and expected text of test object 'Object Repository/ShopOpen/ChillerUtilization/ChillerAvailable/Validate_DepthScreen' are matched.

2018-08-09 17:00:50 - [MESSAGE][PASSED] - Actual text and expected text of test object 'Object Repository/ShopOpen/ChillerUtilization/ChillerAvailable/Validate_DepthScreen' are matched.

2018-08-09 17:00:50 - [TEST_STEP][PASSED] - com.ct.qa.keywords.ChillerProductsDataKeywords.visitChillerAvailableProductsData: com.ct.qa.keywords.ChillerProductsDataKeywords.visitChillerAvailableProductsData is PASSED

2018-08-09 17:00:55 - [MESSAGE][PASSED] - Keyboard is hidden

2018-08-09 17:00:58 - [MESSAGE][PASSED] - Keyboard is hidden

2018-08-09 17:01:01 - [MESSAGE][PASSED] - Keyboard is hidden

2018-08-09 17:01:04 - [MESSAGE][PASSED] - Keyboard is hidden

2018-08-09 17:01:07 - [MESSAGE][PASSED] - Keyboard is hidden

2018-08-09 17:01:10 - [MESSAGE][PASSED] - Keyboard is hidden

2018-08-09 17:01:13 - [MESSAGE][PASSED] - Swiped from 50,359 to 50,250

2018-08-09 17:01:16 - [MESSAGE][PASSED] - Keyboard is hidden

2018-08-09 17:01:18 - [MESSAGE][PASSED] - Swiped from 50,359 to 50,250

2018-08-09 17:01:21 - [MESSAGE][PASSED] - Keyboard is hidden

2018-08-09 17:01:23 - [MESSAGE][PASSED] - Swiped from 50,359 to 50,250

2018-08-09 17:01:26 - [MESSAGE][PASSED] - Keyboard is hidden

2018-08-09 17:01:28 - [MESSAGE][PASSED] - Swiped from 50,359 to 50,250

2018-08-09 17:01:31 - [MESSAGE][PASSED] - Keyboard is hidden

2018-08-09 17:01:33 - [MESSAGE][PASSED] - Swiped from 50,359 to 50,250

2018-08-09 17:01:36 - [MESSAGE][PASSED] - Keyboard is hidden

2018-08-09 17:01:38 - [MESSAGE][PASSED] - Swiped from 50,359 to 50,250

2018-08-09 17:01:41 - [MESSAGE][PASSED] - Keyboard is hidden

2018-08-09 17:01:43 - [MESSAGE][PASSED] - Swiped from 50,359 to 50,250

2018-08-09 17:01:44 - [MESSAGE][PASSED] - com.ct.qa.keywords.ChillerProductsDataKeywords.visitChillerAvailableProductsData is PASSED

2018-08-09 17:01:44 - [TEST_STEP][PASSED] - tap: Tapped on element 'Object Repository/ShopOpen/ChillerUtilization/ChillerAvailable/SubmitButton'

2018-08-09 17:01:44 - [MESSAGE][WARNING] - Timeout '0' is invalid. Using default page load timeout: '5'

2018-08-09 17:01:44 - [MESSAGE][PASSED] - Tapped on element 'Object Repository/ShopOpen/ChillerUtilization/ChillerAvailable/SubmitButton'

2018-08-09 17:01:44 - [TEST_STEP][PASSED] - verifyElementText: Actual text and expected text of test object 'Object Repository/ShopOpen/ChillerUtilization/ChillerAvailable/Validate_ProductCategoryAssetScreen' are matched.

2018-08-09 17:01:45 - [MESSAGE][PASSED] - Actual text and expected text of test object 'Object Repository/ShopOpen/ChillerUtilization/ChillerAvailable/Validate_ProductCategoryAssetScreen' are matched.

2018-08-09 17:01:45 - [TEST_STEP][PASSED] - tap: Tapped on element 'Object Repository/ShopOpen/ChillerUtilization/ChillerAvailable/StockCount'

2018-08-09 17:01:45 - [MESSAGE][WARNING] - Timeout '0' is invalid. Using default page load timeout: '5'

2018-08-09 17:01:45 - [MESSAGE][PASSED] - Tapped on element 'Object Repository/ShopOpen/ChillerUtilization/ChillerAvailable/StockCount'

2018-08-09 17:01:45 - [TEST_STEP][PASSED] - verifyElementText: Actual text and expected text of test object 'Object Repository/ShopOpen/ChillerUtilization/ChillerAvailable/Validate_StockCountScreen' are matched.

2018-08-09 17:01:48 - [MESSAGE][PASSED] - Actual text and expected text of test object 'Object Repository/ShopOpen/ChillerUtilization/ChillerAvailable/Validate_StockCountScreen' are matched.

2018-08-09 17:01:48 - [TEST_STEP][PASSED] - com.ct.qa.keywords.ChillerProductsDataKeywords.visitChillerAvailableProductsData: com.ct.qa.keywords.ChillerProductsDataKeywords.visitChillerAvailableProductsData is PASSED

2018-08-09 17:01:53 - [MESSAGE][PASSED] - Keyboard is hidden

2018-08-09 17:01:56 - [MESSAGE][PASSED] - Keyboard is hidden

2018-08-09 17:01:59 - [MESSAGE][PASSED] - Keyboard is hidden

2018-08-09 17:02:02 - [MESSAGE][PASSED] - Keyboard is hidden

2018-08-09 17:02:05 - [MESSAGE][PASSED] - Keyboard is hidden

2018-08-09 17:02:08 - [MESSAGE][PASSED] - Keyboard is hidden

2018-08-09 17:02:11 - [MESSAGE][PASSED] - Swiped from 50,359 to 50,250

2018-08-09 17:02:14 - [MESSAGE][PASSED] - Keyboard is hidden

2018-08-09 17:02:16 - [MESSAGE][PASSED] - Swiped from 50,359 to 50,250

2018-08-09 17:02:19 - [MESSAGE][PASSED] - Keyboard is hidden

2018-08-09 17:02:21 - [MESSAGE][PASSED] - Swiped from 50,359 to 50,250

2018-08-09 17:02:24 - [MESSAGE][PASSED] - Keyboard is hidden

2018-08-09 17:02:26 - [MESSAGE][PASSED] - Swiped from 50,359 to 50,250

2018-08-09 17:02:29 - [MESSAGE][PASSED] - Keyboard is hidden

2018-08-09 17:02:31 - [MESSAGE][PASSED] - Swiped from 50,359 to 50,250

2018-08-09 17:02:34 - [MESSAGE][PASSED] - Keyboard is hidden

2018-08-09 17:02:36 - [MESSAGE][PASSED] - Swiped from 50,359 to 50,250

2018-08-09 17:02:39 - [MESSAGE][PASSED] - Keyboard is hidden

2018-08-09 17:02:41 - [MESSAGE][PASSED] - Swiped from 50,359 to 50,250

2018-08-09 17:02:42 - [MESSAGE][PASSED] - com.ct.qa.keywords.ChillerProductsDataKeywords.visitChillerAvailableProductsData is PASSED

2018-08-09 17:02:42 - [TEST_STEP][PASSED] - tap: Tapped on element 'Object Repository/ShopOpen/ChillerUtilization/ChillerAvailable/SubmitButton'

2018-08-09 17:02:42 - [MESSAGE][WARNING] - Timeout '0' is invalid. Using default page load timeout: '5'

2018-08-09 17:02:42 - [MESSAGE][PASSED] - Tapped on element 'Object Repository/ShopOpen/ChillerUtilization/ChillerAvailable/SubmitButton'

2018-08-09 17:02:42 - [TEST_STEP][PASSED] - verifyElementText: Actual text and expected text of test object 'Object Repository/ShopOpen/ChillerUtilization/ChillerAvailable/Validate_ProductCategoryAssetScreen' are matched.

2018-08-09 17:02:43 - [MESSAGE][PASSED] - Actual text and expected text of test object 'Object Repository/ShopOpen/ChillerUtilization/ChillerAvailable/Validate_ProductCategoryAssetScreen' are matched.

2018-08-09 17:02:43 - [TEST_STEP][PASSED] - tap: Tapped on element 'Object Repository/ShopOpen/ChillerUtilization/ChillerAvailable/PorductCategoryActions_BackButton'

2018-08-09 17:02:43 - [MESSAGE][WARNING] - Timeout '0' is invalid. Using default page load timeout: '5'

2018-08-09 17:02:43 - [MESSAGE][PASSED] - Tapped on element 'Object Repository/ShopOpen/ChillerUtilization/ChillerAvailable/PorductCategoryActions_BackButton'

2018-08-09 17:02:43 - [TEST_STEP][PASSED] - verifyElementText: Actual text and expected text of test object 'Object Repository/ShopOpen/ChillerUtilization/ChillerAvailable/Validate_ChillerProductsCategoriesScreen' are matched.

2018-08-09 17:02:44 - [MESSAGE][PASSED] - Actual text and expected text of test object 'Object Repository/ShopOpen/ChillerUtilization/ChillerAvailable/Validate_ChillerProductsCategoriesScreen' are matched.

2018-08-09 17:02:44 - [MESSAGE][PASSED] - Call Test Case 'Test Cases/ShopOpen/ChillerUtilization/ChillerAvailable/VisitProductCategoryAssets' successfully

2018-08-09 17:02:45 - [TEST_CASE][PASSED] - Test Cases/ShopOpen/ChillerUtilization/ChillerAvailable/VisitProductCategoryAssets: Test Cases/ShopOpen/ChillerUtilization/ChillerAvailable/VisitProductCategoryAssets

2018-08-09 17:02:45 - [TEST_STEP][PASSED] - verifyElementText: Actual text and expected text of test object 'Object Repository/ShopOpen/ChillerUtilization/ChillerAvailable/Validate_ProductCategoryAssetScreen' are matched.

2018-08-09 17:02:47 - [MESSAGE][PASSED] - Actual text and expected text of test object 'Object Repository/ShopOpen/ChillerUtilization/ChillerAvailable/Validate_ProductCategoryAssetScreen' are matched.

2018-08-09 17:02:47 - [TEST_STEP][PASSED] - tap: Tapped on element 'Object Repository/ShopOpen/ChillerUtilization/ChillerAvailable/Facing'

2018-08-09 17:02:47 - [MESSAGE][WARNING] - Timeout '0' is invalid. Using default page load timeout: '5'

2018-08-09 17:02:47 - [MESSAGE][PASSED] - Tapped on element 'Object Repository/ShopOpen/ChillerUtilization/ChillerAvailable/Facing'

2018-08-09 17:02:47 - [TEST_STEP][PASSED] - verifyElementText: Actual text and expected text of test object 'Object Repository/ShopOpen/ChillerUtilization/ChillerAvailable/Validate_FacingScreen' are matched.

2018-08-09 17:02:49 - [MESSAGE][PASSED] - Actual text and expected text of test object 'Object Repository/ShopOpen/ChillerUtilization/ChillerAvailable/Validate_FacingScreen' are matched.

2018-08-09 17:02:49 - [TEST_STEP][PASSED] - com.ct.qa.keywords.ChillerProductsDataKeywords.visitChillerAvailableProductsData: com.ct.qa.keywords.ChillerProductsDataKeywords.visitChillerAvailableProductsData is PASSED

2018-08-09 17:02:52 - [MESSAGE][PASSED] - Keyboard is hidden

2018-08-09 17:02:55 - [MESSAGE][PASSED] - Keyboard is hidden

2018-08-09 17:02:56 - [MESSAGE][PASSED] - com.ct.qa.keywords.ChillerProductsDataKeywords.visitChillerAvailableProductsData is PASSED

2018-08-09 17:02:56 - [TEST_STEP][PASSED] - tap: Tapped on element 'Object Repository/ShopOpen/ChillerUtilization/ChillerAvailable/SubmitButton'

2018-08-09 17:02:56 - [MESSAGE][WARNING] - Timeout '0' is invalid. Using default page load timeout: '5'

2018-08-09 17:02:57 - [MESSAGE][PASSED] - Tapped on element 'Object Repository/ShopOpen/ChillerUtilization/ChillerAvailable/SubmitButton'

2018-08-09 17:02:57 - [TEST_STEP][PASSED] - verifyElementText: Actual text and expected text of test object 'Object Repository/ShopOpen/ChillerUtilization/ChillerAvailable/Validate_ProductCategoryAssetScreen' are matched.

2018-08-09 17:02:58 - [MESSAGE][PASSED] - Actual text and expected text of test object 'Object Repository/ShopOpen/ChillerUtilization/ChillerAvailable/Validate_ProductCategoryAssetScreen' are matched.

2018-08-09 17:02:58 - [TEST_STEP][PASSED] - tap: Tapped on element 'Object Repository/ShopOpen/ChillerUtilization/ChillerAvailable/Depth'

2018-08-09 17:02:58 - [MESSAGE][WARNING] - Timeout '0' is invalid. Using default page load timeout: '5'

2018-08-09 17:02:58 - [MESSAGE][PASSED] - Tapped on element 'Object Repository/ShopOpen/ChillerUtilization/ChillerAvailable/Depth'

2018-08-09 17:02:58 - [TEST_STEP][PASSED] - verifyElementText: Actual text and expected text of test object 'Object Repository/ShopOpen/ChillerUtilization/ChillerAvailable/Validate_DepthScreen' are matched.

2018-08-09 17:03:00 - [MESSAGE][PASSED] - Actual text and expected text of test object 'Object Repository/ShopOpen/ChillerUtilization/ChillerAvailable/Validate_DepthScreen' are matched.

2018-08-09 17:03:00 - [TEST_STEP][PASSED] - com.ct.qa.keywords.ChillerProductsDataKeywords.visitChillerAvailableProductsData: com.ct.qa.keywords.ChillerProductsDataKeywords.visitChillerAvailableProductsData is PASSED

2018-08-09 17:03:04 - [MESSAGE][PASSED] - Keyboard is hidden

2018-08-09 17:03:07 - [MESSAGE][PASSED] - Keyboard is hidden

2018-08-09 17:03:08 - [MESSAGE][PASSED] - com.ct.qa.keywords.ChillerProductsDataKeywords.visitChillerAvailableProductsData is PASSED

2018-08-09 17:03:08 - [TEST_STEP][PASSED] - tap: Tapped on element 'Object Repository/ShopOpen/ChillerUtilization/ChillerAvailable/SubmitButton'

2018-08-09 17:03:08 - [MESSAGE][WARNING] - Timeout '0' is invalid. Using default page load timeout: '5'

2018-08-09 17:03:08 - [MESSAGE][PASSED] - Tapped on element 'Object Repository/ShopOpen/ChillerUtilization/ChillerAvailable/SubmitButton'

2018-08-09 17:03:08 - [TEST_STEP][PASSED] - verifyElementText: Actual text and expected text of test object 'Object Repository/ShopOpen/ChillerUtilization/ChillerAvailable/Validate_ProductCategoryAssetScreen' are matched.

2018-08-09 17:03:09 - [MESSAGE][PASSED] - Actual text and expected text of test object 'Object Repository/ShopOpen/ChillerUtilization/ChillerAvailable/Validate_ProductCategoryAssetScreen' are matched.

2018-08-09 17:03:09 - [TEST_STEP][PASSED] - tap: Tapped on element 'Object Repository/ShopOpen/ChillerUtilization/ChillerAvailable/StockCount'

2018-08-09 17:03:09 - [MESSAGE][WARNING] - Timeout '0' is invalid. Using default page load timeout: '5'

2018-08-09 17:03:10 - [MESSAGE][PASSED] - Tapped on element 'Object Repository/ShopOpen/ChillerUtilization/ChillerAvailable/StockCount'

2018-08-09 17:03:10 - [TEST_STEP][PASSED] - verifyElementText: Actual text and expected text of test object 'Object Repository/ShopOpen/ChillerUtilization/ChillerAvailable/Validate_StockCountScreen' are matched.

2018-08-09 17:03:12 - [MESSAGE][PASSED] - Actual text and expected text of test object 'Object Repository/ShopOpen/ChillerUtilization/ChillerAvailable/Validate_StockCountScreen' are matched.

2018-08-09 17:03:12 - [TEST_STEP][PASSED] - com.ct.qa.keywords.ChillerProductsDataKeywords.visitChillerAvailableProductsData: com.ct.qa.keywords.ChillerProductsDataKeywords.visitChillerAvailableProductsData is PASSED

2018-08-09 17:03:15 - [MESSAGE][PASSED] - Keyboard is hidden

2018-08-09 17:03:17 - [MESSAGE][PASSED] - Keyboard is hidden

2018-08-09 17:03:18 - [MESSAGE][PASSED] - com.ct.qa.keywords.ChillerProductsDataKeywords.visitChillerAvailableProductsData is PASSED

2018-08-09 17:03:18 - [TEST_STEP][PASSED] - tap: Tapped on element 'Object Repository/ShopOpen/ChillerUtilization/ChillerAvailable/SubmitButton'

2018-08-09 17:03:18 - [MESSAGE][WARNING] - Timeout '0' is invalid. Using default page load timeout: '5'

2018-08-09 17:03:19 - [MESSAGE][PASSED] - Tapped on element 'Object Repository/ShopOpen/ChillerUtilization/ChillerAvailable/SubmitButton'

2018-08-09 17:03:19 - [TEST_STEP][PASSED] - verifyElementText: Actual text and expected text of test object 'Object Repository/ShopOpen/ChillerUtilization/ChillerAvailable/Validate_ProductCategoryAssetScreen' are matched.

2018-08-09 17:03:20 - [MESSAGE][PASSED] - Actual text and expected text of test object 'Object Repository/ShopOpen/ChillerUtilization/ChillerAvailable/Validate_ProductCategoryAssetScreen' are matched.

2018-08-09 17:03:20 - [TEST_STEP][PASSED] - tap: Tapped on element 'Object Repository/ShopOpen/ChillerUtilization/ChillerAvailable/PorductCategoryActions_BackButton'

2018-08-09 17:03:20 - [MESSAGE][WARNING] - Timeout '0' is invalid. Using default page load timeout: '5'

2018-08-09 17:03:20 - [MESSAGE][PASSED] - Tapped on element 'Object Repository/ShopOpen/ChillerUtilization/ChillerAvailable/PorductCategoryActions_BackButton'

2018-08-09 17:03:20 - [TEST_STEP][PASSED] - verifyElementText: Actual text and expected text of test object 'Object Repository/ShopOpen/ChillerUtilization/ChillerAvailable/Validate_ChillerProductsCategoriesScreen' are matched.

2018-08-09 17:03:21 - [MESSAGE][PASSED] - Actual text and expected text of test object 'Object Repository/ShopOpen/ChillerUtilization/ChillerAvailable/Validate_ChillerProductsCategoriesScreen' are matched.

2018-08-09 17:03:21 - [MESSAGE][PASSED] - Call Test Case 'Test Cases/ShopOpen/ChillerUtilization/ChillerAvailable/VisitProductCategoryAssets' successfully

2018-08-09 17:03:21 - [MESSAGE][PASSED] - com.ct.qa.keywords.ChillerProductsDataKeywords.visitChillerAvailableProductCategories is PASSED

2018-08-09 17:03:21 - [TEST_STEP][PASSED] - tap: Tapped on element 'Object Repository/ShopOpen/ChillerUtilization/ChillerAvailable/ChillerProductsCategories_Planogram_ImageView'

2018-08-09 17:03:21 - [MESSAGE][WARNING] - Timeout '0' is invalid. Using default page load timeout: '5'

2018-08-09 17:03:22 - [MESSAGE][PASSED] - Tapped on element 'Object Repository/ShopOpen/ChillerUtilization/ChillerAvailable/ChillerProductsCategories_Planogram_ImageView'

2018-08-09 17:03:22 - [TEST_STEP][PASSED] - com.ct.qa.keywords.CommonKeywords.checkPlanogramAvailability: com.ct.qa.keywords.CommonKeywords.checkPlanogramAvailability is PASSED

2018-08-09 17:03:22 - [MESSAGE][WARNING] - Timeout '0' is invalid. Using default page load timeout: '5'

2018-08-09 17:03:28 - [MESSAGE][WARNING] - Object Object Repository/CommonScreenElements/InfoPopUp_OKButton not found
[[ATTACHMENT|F:\\Git Projects\\MMAPlus_Merchandising\\MMAPlus_Merchandising\\Reports\\MMA Plus Merchandising With Chiller Wise Data Verification\\20180809_164504\\1533816207863.png]]

2018-08-09 17:03:28 - [MESSAGE][PASSED] - com.ct.qa.keywords.CommonKeywords.checkPlanogramAvailability is PASSED

2018-08-09 17:03:28 - [TEST_STEP][PASSED] - com.ct.qa.keywords.CommonKeywords.closePlanogram: com.ct.qa.keywords.CommonKeywords.closePlanogram is PASSED

2018-08-09 17:03:29 - [MESSAGE][PASSED] - com.ct.qa.keywords.CommonKeywords.closePlanogram is PASSED

2018-08-09 17:03:29 - [TEST_STEP][PASSED] - verifyElementText: Actual text and expected text of test object 'Object Repository/ShopOpen/ChillerUtilization/ChillerAvailable/Validate_ChillerProductsCategoriesScreen' are matched.

2018-08-09 17:03:30 - [MESSAGE][PASSED] - Actual text and expected text of test object 'Object Repository/ShopOpen/ChillerUtilization/ChillerAvailable/Validate_ChillerProductsCategoriesScreen' are matched.

2018-08-09 17:03:30 - [TEST_STEP][PASSED] - com.ct.qa.keywords.CommonKeywords.findPictureImageView: com.ct.qa.keywords.CommonKeywords.findPictureImageView is PASSED

2018-08-09 17:03:30 - [MESSAGE][PASSED] - com.ct.qa.keywords.CommonKeywords.findPictureImageView is PASSED

2018-08-09 17:03:30 - [TEST_STEP][PASSED] - verifyElementText: Actual text and expected text of test object 'Object Repository/ShopOpen/ChillerUtilization/ChillerAvailable/Validate_ChillerProductsCategoriesScreen' are matched.

2018-08-09 17:03:30 - [MESSAGE][PASSED] - Actual text and expected text of test object 'Object Repository/ShopOpen/ChillerUtilization/ChillerAvailable/Validate_ChillerProductsCategoriesScreen' are matched.

2018-08-09 17:03:30 - [TEST_STEP][PASSED] - tap: Tapped on element 'Object Repository/ShopOpen/ChillerUtilization/ChillerAvailable/ChillerProductsCategories_BackButton'

2018-08-09 17:03:30 - [MESSAGE][WARNING] - Timeout '0' is invalid. Using default page load timeout: '5'

2018-08-09 17:03:32 - [MESSAGE][PASSED] - Tapped on element 'Object Repository/ShopOpen/ChillerUtilization/ChillerAvailable/ChillerProductsCategories_BackButton'

2018-08-09 17:03:32 - [TEST_STEP][PASSED] - verifyElementText: Actual text and expected text of test object 'Object Repository/ShopOpen/ChillerUtilization/Validate_ChillerUtilizationScreen' are matched.

2018-08-09 17:03:33 - [MESSAGE][PASSED] - Actual text and expected text of test object 'Object Repository/ShopOpen/ChillerUtilization/Validate_ChillerUtilizationScreen' are matched.

2018-08-09 17:03:33 - [MESSAGE][PASSED] - Call Test Case 'Test Cases/ShopOpen/ChillerUtilization/ChillerAvailable/VisitChillerAvailable' successfully

2018-08-09 17:03:33 - [MESSAGE][WARNING] - Timeout '0' is invalid. Using default page load timeout: '5'

2018-08-09 17:03:37 - [MESSAGE][PASSED] - Element 'Object Repository/CommonScreenElements/Validate_CameraScreen' is exist

2018-08-09 17:03:37 - [MESSAGE][WARNING] - Timeout '0' is invalid. Using default page load timeout: '5'

2018-08-09 17:03:40 - [MESSAGE][PASSED] - Tapped on element 'Object Repository/CommonScreenElements/TakePictureButton'

2018-08-09 17:03:45 - [MESSAGE][PASSED] - Delayed 5 second(s)

2018-08-09 17:03:45 - [MESSAGE][WARNING] - Timeout '0' is invalid. Using default page load timeout: '5'

2018-08-09 17:03:46 - [MESSAGE][PASSED] - Tapped on element 'Object Repository/CommonScreenElements/DoneButton'

2018-08-09 17:03:49 - [TEST_CASE][PASSED] - Test Cases/ShopOpen/ChillerUtilization/ChillerAvailable/VisitChillerAvailable: Test Cases/ShopOpen/ChillerUtilization/ChillerAvailable/VisitChillerAvailable

2018-08-09 17:03:49 - [TEST_STEP][PASSED] - verifyElementExist: Element 'Object Repository/ShopOpen/ChillerUtilization/ChillerAvailable/Validate_ChillerAvailableScreen' is exist

2018-08-09 17:03:49 - [MESSAGE][WARNING] - Timeout '0' is invalid. Using default page load timeout: '5'

2018-08-09 17:03:51 - [MESSAGE][PASSED] - Element 'Object Repository/ShopOpen/ChillerUtilization/ChillerAvailable/Validate_ChillerAvailableScreen' is exist

2018-08-09 17:03:51 - [TEST_STEP][PASSED] - tap: Tapped on element 'Object Repository/ShopOpen/ChillerUtilization/ChillerAvailable/Planogram_ImageView'

2018-08-09 17:03:51 - [MESSAGE][WARNING] - Timeout '0' is invalid. Using default page load timeout: '5'

2018-08-09 17:03:51 - [MESSAGE][PASSED] - Tapped on element 'Object Repository/ShopOpen/ChillerUtilization/ChillerAvailable/Planogram_ImageView'

2018-08-09 17:03:51 - [TEST_STEP][PASSED] - com.ct.qa.keywords.CommonKeywords.checkPlanogramAvailability: com.ct.qa.keywords.CommonKeywords.checkPlanogramAvailability is PASSED

2018-08-09 17:03:51 - [MESSAGE][WARNING] - Timeout '0' is invalid. Using default page load timeout: '5'

2018-08-09 17:03:57 - [MESSAGE][WARNING] - Object Object Repository/CommonScreenElements/InfoPopUp_OKButton not found
[[ATTACHMENT|F:\\Git Projects\\MMAPlus_Merchandising\\MMAPlus_Merchandising\\Reports\\MMA Plus Merchandising With Chiller Wise Data Verification\\20180809_164504\\1533816236876.png]]

2018-08-09 17:03:57 - [MESSAGE][PASSED] - com.ct.qa.keywords.CommonKeywords.checkPlanogramAvailability is PASSED

2018-08-09 17:03:57 - [TEST_STEP][PASSED] - com.ct.qa.keywords.CommonKeywords.closePlanogram: com.ct.qa.keywords.CommonKeywords.closePlanogram is PASSED

2018-08-09 17:03:58 - [MESSAGE][PASSED] - com.ct.qa.keywords.CommonKeywords.closePlanogram is PASSED

2018-08-09 17:03:58 - [TEST_STEP][PASSED] - verifyElementExist: Element 'Object Repository/ShopOpen/ChillerUtilization/ChillerAvailable/Validate_ChillerAvailableScreen' is exist

2018-08-09 17:03:58 - [MESSAGE][WARNING] - Timeout '0' is invalid. Using default page load timeout: '5'

2018-08-09 17:03:59 - [MESSAGE][PASSED] - Element 'Object Repository/ShopOpen/ChillerUtilization/ChillerAvailable/Validate_ChillerAvailableScreen' is exist

2018-08-09 17:03:59 - [TEST_STEP][PASSED] - com.ct.qa.keywords.CommonKeywords.findPictureImageView: com.ct.qa.keywords.CommonKeywords.findPictureImageView is PASSED

2018-08-09 17:03:59 - [MESSAGE][PASSED] - com.ct.qa.keywords.CommonKeywords.findPictureImageView is PASSED

2018-08-09 17:03:59 - [TEST_STEP][PASSED] - verifyElementExist: Element 'Object Repository/ShopOpen/ChillerUtilization/ChillerAvailable/Validate_ChillerAvailableScreen' is exist

2018-08-09 17:03:59 - [MESSAGE][WARNING] - Timeout '0' is invalid. Using default page load timeout: '5'

2018-08-09 17:03:59 - [MESSAGE][PASSED] - Element 'Object Repository/ShopOpen/ChillerUtilization/ChillerAvailable/Validate_ChillerAvailableScreen' is exist

2018-08-09 17:03:59 - [TEST_STEP][PASSED] - tap: Tapped on element 'Object Repository/ShopOpen/ChillerUtilization/ChillerAvailable/Depth1_TakePicture'

2018-08-09 17:03:59 - [MESSAGE][WARNING] - Timeout '0' is invalid. Using default page load timeout: '5'

2018-08-09 17:04:00 - [MESSAGE][PASSED] - Tapped on element 'Object Repository/ShopOpen/ChillerUtilization/ChillerAvailable/Depth1_TakePicture'

2018-08-09 17:04:00 - [TEST_STEP][PASSED] - verifyElementExist: Element 'Object Repository/CommonScreenElements/Validate_CameraScreen' is exist

2018-08-09 17:04:00 - [MESSAGE][WARNING] - Timeout '0' is invalid. Using default page load timeout: '5'

2018-08-09 17:04:02 - [MESSAGE][PASSED] - Element 'Object Repository/CommonScreenElements/Validate_CameraScreen' is exist

2018-08-09 17:04:02 - [TEST_STEP][PASSED] - tap: Tapped on element 'Object Repository/CommonScreenElements/TakePictureButton'

2018-08-09 17:04:02 - [MESSAGE][WARNING] - Timeout '0' is invalid. Using default page load timeout: '5'

2018-08-09 17:04:05 - [MESSAGE][PASSED] - Tapped on element 'Object Repository/CommonScreenElements/TakePictureButton'

2018-08-09 17:04:05 - [TEST_STEP][PASSED] - delay: Delayed 5 second(s)

2018-08-09 17:04:10 - [MESSAGE][PASSED] - Delayed 5 second(s)

2018-08-09 17:04:10 - [TEST_STEP][PASSED] - tap: Tapped on element 'Object Repository/CommonScreenElements/DoneButton'

2018-08-09 17:04:10 - [MESSAGE][WARNING] - Timeout '0' is invalid. Using default page load timeout: '5'

2018-08-09 17:04:11 - [MESSAGE][PASSED] - Tapped on element 'Object Repository/CommonScreenElements/DoneButton'

2018-08-09 17:04:11 - [TEST_STEP][PASSED] - verifyElementExist: Element 'Object Repository/ShopOpen/ChillerUtilization/ChillerAvailable/Validate_ChillerAvailableScreen' is exist

2018-08-09 17:04:11 - [MESSAGE][WARNING] - Timeout '0' is invalid. Using default page load timeout: '5'

2018-08-09 17:04:12 - [MESSAGE][PASSED] - Element 'Object Repository/ShopOpen/ChillerUtilization/ChillerAvailable/Validate_ChillerAvailableScreen' is exist

2018-08-09 17:04:12 - [TEST_STEP][PASSED] - tap: Tapped on element 'Object Repository/ShopOpen/ChillerUtilization/ChillerAvailable/Depth2TakePicture'

2018-08-09 17:04:12 - [MESSAGE][WARNING] - Timeout '0' is invalid. Using default page load timeout: '5'

2018-08-09 17:04:14 - [MESSAGE][PASSED] - Tapped on element 'Object Repository/ShopOpen/ChillerUtilization/ChillerAvailable/Depth2TakePicture'

2018-08-09 17:04:14 - [TEST_STEP][PASSED] - verifyElementExist: Element 'Object Repository/CommonScreenElements/Validate_CameraScreen' is exist

2018-08-09 17:04:14 - [MESSAGE][WARNING] - Timeout '0' is invalid. Using default page load timeout: '5'

2018-08-09 17:04:15 - [MESSAGE][PASSED] - Element 'Object Repository/CommonScreenElements/Validate_CameraScreen' is exist

2018-08-09 17:04:15 - [TEST_STEP][PASSED] - tap: Tapped on element 'Object Repository/CommonScreenElements/TakePictureButton'

2018-08-09 17:04:15 - [MESSAGE][WARNING] - Timeout '0' is invalid. Using default page load timeout: '5'

2018-08-09 17:04:19 - [MESSAGE][PASSED] - Tapped on element 'Object Repository/CommonScreenElements/TakePictureButton'

2018-08-09 17:04:19 - [TEST_STEP][PASSED] - delay: Delayed 5 second(s)

2018-08-09 17:04:24 - [MESSAGE][PASSED] - Delayed 5 second(s)

2018-08-09 17:04:24 - [TEST_STEP][PASSED] - tap: Tapped on element 'Object Repository/CommonScreenElements/DoneButton'

2018-08-09 17:04:24 - [MESSAGE][WARNING] - Timeout '0' is invalid. Using default page load timeout: '5'

2018-08-09 17:04:24 - [MESSAGE][PASSED] - Tapped on element 'Object Repository/CommonScreenElements/DoneButton'

2018-08-09 17:04:24 - [TEST_STEP][PASSED] - verifyElementExist: Element 'Object Repository/ShopOpen/ChillerUtilization/ChillerAvailable/Validate_ChillerAvailableScreen' is exist

2018-08-09 17:04:24 - [MESSAGE][WARNING] - Timeout '0' is invalid. Using default page load timeout: '5'

2018-08-09 17:04:25 - [MESSAGE][PASSED] - Element 'Object Repository/ShopOpen/ChillerUtilization/ChillerAvailable/Validate_ChillerAvailableScreen' is exist

2018-08-09 17:04:25 - [TEST_STEP][PASSED] - tap: Tapped on element 'Object Repository/ShopOpen/ChillerUtilization/ChillerAvailable/NextButton'

2018-08-09 17:04:25 - [MESSAGE][WARNING] - Timeout '0' is invalid. Using default page load timeout: '5'

2018-08-09 17:04:25 - [MESSAGE][PASSED] - Tapped on element 'Object Repository/ShopOpen/ChillerUtilization/ChillerAvailable/NextButton'

2018-08-09 17:04:25 - [TEST_STEP][PASSED] - verifyElementText: Actual text and expected text of test object 'Object Repository/ShopOpen/ChillerUtilization/ChillerAvailable/Validate_ChillerProductsCategoriesScreen' are matched.

2018-08-09 17:04:27 - [MESSAGE][PASSED] - Actual text and expected text of test object 'Object Repository/ShopOpen/ChillerUtilization/ChillerAvailable/Validate_ChillerProductsCategoriesScreen' are matched.

2018-08-09 17:04:27 - [TEST_STEP][PASSED] - com.ct.qa.keywords.ChillerProductsDataKeywords.visitChillerAvailableProductCategories: com.ct.qa.keywords.ChillerProductsDataKeywords.visitChillerAvailableProductCategories is PASSED

2018-08-09 17:04:30 - [TEST_CASE][PASSED] - Test Cases/ShopOpen/ChillerUtilization/ChillerAvailable/VisitProductCategoryAssets: Test Cases/ShopOpen/ChillerUtilization/ChillerAvailable/VisitProductCategoryAssets

2018-08-09 17:04:30 - [TEST_STEP][PASSED] - verifyElementText: Actual text and expected text of test object 'Object Repository/ShopOpen/ChillerUtilization/ChillerAvailable/Validate_ProductCategoryAssetScreen' are matched.

2018-08-09 17:04:32 - [MESSAGE][PASSED] - Actual text and expected text of test object 'Object Repository/ShopOpen/ChillerUtilization/ChillerAvailable/Validate_ProductCategoryAssetScreen' are matched.

2018-08-09 17:04:32 - [TEST_STEP][PASSED] - tap: Tapped on element 'Object Repository/ShopOpen/ChillerUtilization/ChillerAvailable/Facing'

2018-08-09 17:04:32 - [MESSAGE][WARNING] - Timeout '0' is invalid. Using default page load timeout: '5'

2018-08-09 17:04:32 - [MESSAGE][PASSED] - Tapped on element 'Object Repository/ShopOpen/ChillerUtilization/ChillerAvailable/Facing'

2018-08-09 17:04:32 - [TEST_STEP][PASSED] - verifyElementText: Actual text and expected text of test object 'Object Repository/ShopOpen/ChillerUtilization/ChillerAvailable/Validate_FacingScreen' are matched.

2018-08-09 17:04:34 - [MESSAGE][PASSED] - Actual text and expected text of test object 'Object Repository/ShopOpen/ChillerUtilization/ChillerAvailable/Validate_FacingScreen' are matched.

2018-08-09 17:04:34 - [TEST_STEP][PASSED] - com.ct.qa.keywords.ChillerProductsDataKeywords.visitChillerAvailableProductsData: com.ct.qa.keywords.ChillerProductsDataKeywords.visitChillerAvailableProductsData is PASSED

2018-08-09 17:04:37 - [MESSAGE][PASSED] - Keyboard is hidden

2018-08-09 17:04:38 - [MESSAGE][PASSED] - com.ct.qa.keywords.ChillerProductsDataKeywords.visitChillerAvailableProductsData is PASSED

2018-08-09 17:04:38 - [TEST_STEP][PASSED] - tap: Tapped on element 'Object Repository/ShopOpen/ChillerUtilization/ChillerAvailable/SubmitButton'

2018-08-09 17:04:38 - [MESSAGE][WARNING] - Timeout '0' is invalid. Using default page load timeout: '5'

2018-08-09 17:04:38 - [MESSAGE][PASSED] - Tapped on element 'Object Repository/ShopOpen/ChillerUtilization/ChillerAvailable/SubmitButton'

2018-08-09 17:04:38 - [TEST_STEP][PASSED] - verifyElementText: Actual text and expected text of test object 'Object Repository/ShopOpen/ChillerUtilization/ChillerAvailable/Validate_ProductCategoryAssetScreen' are matched.

2018-08-09 17:04:39 - [MESSAGE][PASSED] - Actual text and expected text of test object 'Object Repository/ShopOpen/ChillerUtilization/ChillerAvailable/Validate_ProductCategoryAssetScreen' are matched.

2018-08-09 17:04:39 - [TEST_STEP][PASSED] - tap: Tapped on element 'Object Repository/ShopOpen/ChillerUtilization/ChillerAvailable/Depth'

2018-08-09 17:04:39 - [MESSAGE][WARNING] - Timeout '0' is invalid. Using default page load timeout: '5'

2018-08-09 17:04:39 - [MESSAGE][PASSED] - Tapped on element 'Object Repository/ShopOpen/ChillerUtilization/ChillerAvailable/Depth'

2018-08-09 17:04:39 - [TEST_STEP][PASSED] - verifyElementText: Actual text and expected text of test object 'Object Repository/ShopOpen/ChillerUtilization/ChillerAvailable/Validate_DepthScreen' are matched.

2018-08-09 17:04:42 - [MESSAGE][PASSED] - Actual text and expected text of test object 'Object Repository/ShopOpen/ChillerUtilization/ChillerAvailable/Validate_DepthScreen' are matched.

2018-08-09 17:04:42 - [TEST_STEP][PASSED] - com.ct.qa.keywords.ChillerProductsDataKeywords.visitChillerAvailableProductsData: com.ct.qa.keywords.ChillerProductsDataKeywords.visitChillerAvailableProductsData is PASSED

2018-08-09 17:04:45 - [MESSAGE][PASSED] - Keyboard is hidden

2018-08-09 17:04:46 - [MESSAGE][PASSED] - com.ct.qa.keywords.ChillerProductsDataKeywords.visitChillerAvailableProductsData is PASSED

2018-08-09 17:04:46 - [TEST_STEP][PASSED] - tap: Tapped on element 'Object Repository/ShopOpen/ChillerUtilization/ChillerAvailable/SubmitButton'

2018-08-09 17:04:46 - [MESSAGE][WARNING] - Timeout '0' is invalid. Using default page load timeout: '5'

2018-08-09 17:04:46 - [MESSAGE][PASSED] - Tapped on element 'Object Repository/ShopOpen/ChillerUtilization/ChillerAvailable/SubmitButton'

2018-08-09 17:04:46 - [TEST_STEP][PASSED] - verifyElementText: Actual text and expected text of test object 'Object Repository/ShopOpen/ChillerUtilization/ChillerAvailable/Validate_ProductCategoryAssetScreen' are matched.

2018-08-09 17:04:47 - [MESSAGE][PASSED] - Actual text and expected text of test object 'Object Repository/ShopOpen/ChillerUtilization/ChillerAvailable/Validate_ProductCategoryAssetScreen' are matched.

2018-08-09 17:04:47 - [TEST_STEP][PASSED] - tap: Tapped on element 'Object Repository/ShopOpen/ChillerUtilization/ChillerAvailable/StockCount'

2018-08-09 17:04:47 - [MESSAGE][WARNING] - Timeout '0' is invalid. Using default page load timeout: '5'

2018-08-09 17:04:47 - [MESSAGE][PASSED] - Tapped on element 'Object Repository/ShopOpen/ChillerUtilization/ChillerAvailable/StockCount'

2018-08-09 17:04:47 - [TEST_STEP][PASSED] - verifyElementText: Actual text and expected text of test object 'Object Repository/ShopOpen/ChillerUtilization/ChillerAvailable/Validate_StockCountScreen' are matched.

2018-08-09 17:04:50 - [MESSAGE][PASSED] - Actual text and expected text of test object 'Object Repository/ShopOpen/ChillerUtilization/ChillerAvailable/Validate_StockCountScreen' are matched.

2018-08-09 17:04:50 - [TEST_STEP][PASSED] - com.ct.qa.keywords.ChillerProductsDataKeywords.visitChillerAvailableProductsData: com.ct.qa.keywords.ChillerProductsDataKeywords.visitChillerAvailableProductsData is PASSED

2018-08-09 17:04:53 - [MESSAGE][PASSED] - Keyboard is hidden

2018-08-09 17:04:54 - [MESSAGE][PASSED] - com.ct.qa.keywords.ChillerProductsDataKeywords.visitChillerAvailableProductsData is PASSED

2018-08-09 17:04:54 - [TEST_STEP][PASSED] - tap: Tapped on element 'Object Repository/ShopOpen/ChillerUtilization/ChillerAvailable/SubmitButton'

2018-08-09 17:04:54 - [MESSAGE][WARNING] - Timeout '0' is invalid. Using default page load timeout: '5'

2018-08-09 17:04:54 - [MESSAGE][PASSED] - Tapped on element 'Object Repository/ShopOpen/ChillerUtilization/ChillerAvailable/SubmitButton'

2018-08-09 17:04:54 - [TEST_STEP][PASSED] - verifyElementText: Actual text and expected text of test object 'Object Repository/ShopOpen/ChillerUtilization/ChillerAvailable/Validate_ProductCategoryAssetScreen' are matched.

2018-08-09 17:04:55 - [MESSAGE][PASSED] - Actual text and expected text of test object 'Object Repository/ShopOpen/ChillerUtilization/ChillerAvailable/Validate_ProductCategoryAssetScreen' are matched.

2018-08-09 17:04:55 - [TEST_STEP][PASSED] - tap: Tapped on element 'Object Repository/ShopOpen/ChillerUtilization/ChillerAvailable/PorductCategoryActions_BackButton'

2018-08-09 17:04:55 - [MESSAGE][WARNING] - Timeout '0' is invalid. Using default page load timeout: '5'

2018-08-09 17:04:55 - [MESSAGE][PASSED] - Tapped on element 'Object Repository/ShopOpen/ChillerUtilization/ChillerAvailable/PorductCategoryActions_BackButton'

2018-08-09 17:04:55 - [TEST_STEP][PASSED] - verifyElementText: Actual text and expected text of test object 'Object Repository/ShopOpen/ChillerUtilization/ChillerAvailable/Validate_ChillerProductsCategoriesScreen' are matched.

2018-08-09 17:04:57 - [MESSAGE][PASSED] - Actual text and expected text of test object 'Object Repository/ShopOpen/ChillerUtilization/ChillerAvailable/Validate_ChillerProductsCategoriesScreen' are matched.

2018-08-09 17:04:57 - [MESSAGE][PASSED] - Call Test Case 'Test Cases/ShopOpen/ChillerUtilization/ChillerAvailable/VisitProductCategoryAssets' successfully

2018-08-09 17:04:57 - [TEST_CASE][PASSED] - Test Cases/ShopOpen/ChillerUtilization/ChillerAvailable/VisitProductCategoryAssets: Test Cases/ShopOpen/ChillerUtilization/ChillerAvailable/VisitProductCategoryAssets

2018-08-09 17:04:57 - [TEST_STEP][PASSED] - verifyElementText: Actual text and expected text of test object 'Object Repository/ShopOpen/ChillerUtilization/ChillerAvailable/Validate_ProductCategoryAssetScreen' are matched.

2018-08-09 17:05:00 - [MESSAGE][PASSED] - Actual text and expected text of test object 'Object Repository/ShopOpen/ChillerUtilization/ChillerAvailable/Validate_ProductCategoryAssetScreen' are matched.

2018-08-09 17:05:00 - [TEST_STEP][PASSED] - tap: Tapped on element 'Object Repository/ShopOpen/ChillerUtilization/ChillerAvailable/Facing'

2018-08-09 17:05:00 - [MESSAGE][WARNING] - Timeout '0' is invalid. Using default page load timeout: '5'

2018-08-09 17:05:01 - [MESSAGE][PASSED] - Tapped on element 'Object Repository/ShopOpen/ChillerUtilization/ChillerAvailable/Facing'

2018-08-09 17:05:01 - [TEST_STEP][PASSED] - verifyElementText: Actual text and expected text of test object 'Object Repository/ShopOpen/ChillerUtilization/ChillerAvailable/Validate_FacingScreen' are matched.

2018-08-09 17:05:03 - [MESSAGE][PASSED] - Actual text and expected text of test object 'Object Repository/ShopOpen/ChillerUtilization/ChillerAvailable/Validate_FacingScreen' are matched.

2018-08-09 17:05:03 - [TEST_STEP][PASSED] - com.ct.qa.keywords.ChillerProductsDataKeywords.visitChillerAvailableProductsData: com.ct.qa.keywords.ChillerProductsDataKeywords.visitChillerAvailableProductsData is PASSED

2018-08-09 17:05:07 - [MESSAGE][PASSED] - Keyboard is hidden

2018-08-09 17:05:10 - [MESSAGE][PASSED] - Keyboard is hidden

2018-08-09 17:05:13 - [MESSAGE][PASSED] - Keyboard is hidden

2018-08-09 17:05:16 - [MESSAGE][PASSED] - Keyboard is hidden

2018-08-09 17:05:19 - [MESSAGE][PASSED] - Keyboard is hidden

2018-08-09 17:05:22 - [MESSAGE][PASSED] - Keyboard is hidden

2018-08-09 17:05:25 - [MESSAGE][PASSED] - Swiped from 50,359 to 50,250

2018-08-09 17:05:28 - [MESSAGE][PASSED] - Keyboard is hidden

2018-08-09 17:05:30 - [MESSAGE][PASSED] - Swiped from 50,359 to 50,250

2018-08-09 17:05:33 - [MESSAGE][PASSED] - Keyboard is hidden

2018-08-09 17:05:35 - [MESSAGE][PASSED] - Swiped from 50,359 to 50,250

2018-08-09 17:05:38 - [MESSAGE][PASSED] - Keyboard is hidden

2018-08-09 17:05:40 - [MESSAGE][PASSED] - Swiped from 50,359 to 50,250

2018-08-09 17:05:43 - [MESSAGE][PASSED] - Keyboard is hidden

2018-08-09 17:05:45 - [MESSAGE][PASSED] - Swiped from 50,359 to 50,250

2018-08-09 17:05:48 - [MESSAGE][PASSED] - Keyboard is hidden

2018-08-09 17:05:50 - [MESSAGE][PASSED] - Swiped from 50,359 to 50,250

2018-08-09 17:05:53 - [MESSAGE][PASSED] - Keyboard is hidden

2018-08-09 17:05:55 - [MESSAGE][PASSED] - Swiped from 50,359 to 50,250

2018-08-09 17:05:56 - [MESSAGE][PASSED] - com.ct.qa.keywords.ChillerProductsDataKeywords.visitChillerAvailableProductsData is PASSED

2018-08-09 17:05:56 - [TEST_STEP][PASSED] - tap: Tapped on element 'Object Repository/ShopOpen/ChillerUtilization/ChillerAvailable/SubmitButton'

2018-08-09 17:05:56 - [MESSAGE][WARNING] - Timeout '0' is invalid. Using default page load timeout: '5'

2018-08-09 17:05:56 - [MESSAGE][PASSED] - Tapped on element 'Object Repository/ShopOpen/ChillerUtilization/ChillerAvailable/SubmitButton'

2018-08-09 17:05:56 - [TEST_STEP][PASSED] - verifyElementText: Actual text and expected text of test object 'Object Repository/ShopOpen/ChillerUtilization/ChillerAvailable/Validate_ProductCategoryAssetScreen' are matched.

2018-08-09 17:05:57 - [MESSAGE][PASSED] - Actual text and expected text of test object 'Object Repository/ShopOpen/ChillerUtilization/ChillerAvailable/Validate_ProductCategoryAssetScreen' are matched.

2018-08-09 17:05:57 - [TEST_STEP][PASSED] - tap: Tapped on element 'Object Repository/ShopOpen/ChillerUtilization/ChillerAvailable/Depth'

2018-08-09 17:05:57 - [MESSAGE][WARNING] - Timeout '0' is invalid. Using default page load timeout: '5'

2018-08-09 17:05:58 - [MESSAGE][PASSED] - Tapped on element 'Object Repository/ShopOpen/ChillerUtilization/ChillerAvailable/Depth'

2018-08-09 17:05:58 - [TEST_STEP][PASSED] - verifyElementText: Actual text and expected text of test object 'Object Repository/ShopOpen/ChillerUtilization/ChillerAvailable/Validate_DepthScreen' are matched.

2018-08-09 17:06:00 - [MESSAGE][PASSED] - Actual text and expected text of test object 'Object Repository/ShopOpen/ChillerUtilization/ChillerAvailable/Validate_DepthScreen' are matched.

2018-08-09 17:06:00 - [TEST_STEP][PASSED] - com.ct.qa.keywords.ChillerProductsDataKeywords.visitChillerAvailableProductsData: com.ct.qa.keywords.ChillerProductsDataKeywords.visitChillerAvailableProductsData is PASSED

2018-08-09 17:06:04 - [MESSAGE][PASSED] - Keyboard is hidden

2018-08-09 17:06:07 - [MESSAGE][PASSED] - Keyboard is hidden

2018-08-09 17:06:10 - [MESSAGE][PASSED] - Keyboard is hidden

2018-08-09 17:06:13 - [MESSAGE][PASSED] - Keyboard is hidden

2018-08-09 17:06:16 - [MESSAGE][PASSED] - Keyboard is hidden

2018-08-09 17:06:19 - [MESSAGE][PASSED] - Keyboard is hidden

2018-08-09 17:06:22 - [MESSAGE][PASSED] - Swiped from 50,359 to 50,250

2018-08-09 17:06:25 - [MESSAGE][PASSED] - Keyboard is hidden

2018-08-09 17:06:27 - [MESSAGE][PASSED] - Swiped from 50,359 to 50,250

2018-08-09 17:06:30 - [MESSAGE][PASSED] - Keyboard is hidden

2018-08-09 17:06:32 - [MESSAGE][PASSED] - Swiped from 50,359 to 50,250

2018-08-09 17:06:35 - [MESSAGE][PASSED] - Keyboard is hidden

2018-08-09 17:06:37 - [MESSAGE][PASSED] - Swiped from 50,359 to 50,250

2018-08-09 17:06:40 - [MESSAGE][PASSED] - Keyboard is hidden

2018-08-09 17:06:42 - [MESSAGE][PASSED] - Swiped from 50,359 to 50,250

2018-08-09 17:06:45 - [MESSAGE][PASSED] - Keyboard is hidden

2018-08-09 17:06:47 - [MESSAGE][PASSED] - Swiped from 50,359 to 50,250

2018-08-09 17:06:50 - [MESSAGE][PASSED] - Keyboard is hidden

2018-08-09 17:06:52 - [MESSAGE][PASSED] - Swiped from 50,359 to 50,250

2018-08-09 17:06:53 - [MESSAGE][PASSED] - com.ct.qa.keywords.ChillerProductsDataKeywords.visitChillerAvailableProductsData is PASSED

2018-08-09 17:06:53 - [TEST_STEP][PASSED] - tap: Tapped on element 'Object Repository/ShopOpen/ChillerUtilization/ChillerAvailable/SubmitButton'

2018-08-09 17:06:53 - [MESSAGE][WARNING] - Timeout '0' is invalid. Using default page load timeout: '5'

2018-08-09 17:06:53 - [MESSAGE][PASSED] - Tapped on element 'Object Repository/ShopOpen/ChillerUtilization/ChillerAvailable/SubmitButton'

2018-08-09 17:06:53 - [TEST_STEP][PASSED] - verifyElementText: Actual text and expected text of test object 'Object Repository/ShopOpen/ChillerUtilization/ChillerAvailable/Validate_ProductCategoryAssetScreen' are matched.

2018-08-09 17:06:54 - [MESSAGE][PASSED] - Actual text and expected text of test object 'Object Repository/ShopOpen/ChillerUtilization/ChillerAvailable/Validate_ProductCategoryAssetScreen' are matched.

2018-08-09 17:06:54 - [TEST_STEP][PASSED] - tap: Tapped on element 'Object Repository/ShopOpen/ChillerUtilization/ChillerAvailable/StockCount'

2018-08-09 17:06:54 - [MESSAGE][WARNING] - Timeout '0' is invalid. Using default page load timeout: '5'

2018-08-09 17:06:54 - [MESSAGE][PASSED] - Tapped on element 'Object Repository/ShopOpen/ChillerUtilization/ChillerAvailable/StockCount'

2018-08-09 17:06:54 - [TEST_STEP][PASSED] - verifyElementText: Actual text and expected text of test object 'Object Repository/ShopOpen/ChillerUtilization/ChillerAvailable/Validate_StockCountScreen' are matched.

2018-08-09 17:06:57 - [MESSAGE][PASSED] - Actual text and expected text of test object 'Object Repository/ShopOpen/ChillerUtilization/ChillerAvailable/Validate_StockCountScreen' are matched.

2018-08-09 17:06:57 - [TEST_STEP][PASSED] - com.ct.qa.keywords.ChillerProductsDataKeywords.visitChillerAvailableProductsData: com.ct.qa.keywords.ChillerProductsDataKeywords.visitChillerAvailableProductsData is PASSED

2018-08-09 17:07:01 - [MESSAGE][PASSED] - Keyboard is hidden

2018-08-09 17:07:04 - [MESSAGE][PASSED] - Keyboard is hidden

2018-08-09 17:07:07 - [MESSAGE][PASSED] - Keyboard is hidden

2018-08-09 17:07:10 - [MESSAGE][PASSED] - Keyboard is hidden

2018-08-09 17:07:13 - [MESSAGE][PASSED] - Keyboard is hidden

2018-08-09 17:07:16 - [MESSAGE][PASSED] - Keyboard is hidden

2018-08-09 17:07:19 - [MESSAGE][PASSED] - Swiped from 50,359 to 50,250

2018-08-09 17:07:22 - [MESSAGE][PASSED] - Keyboard is hidden

2018-08-09 17:07:24 - [MESSAGE][PASSED] - Swiped from 50,359 to 50,250

2018-08-09 17:07:27 - [MESSAGE][PASSED] - Keyboard is hidden

2018-08-09 17:07:29 - [MESSAGE][PASSED] - Swiped from 50,359 to 50,250

2018-08-09 17:07:32 - [MESSAGE][PASSED] - Keyboard is hidden

2018-08-09 17:07:34 - [MESSAGE][PASSED] - Swiped from 50,359 to 50,250

2018-08-09 17:07:37 - [MESSAGE][PASSED] - Keyboard is hidden

2018-08-09 17:07:39 - [MESSAGE][PASSED] - Swiped from 50,359 to 50,250

2018-08-09 17:07:42 - [MESSAGE][PASSED] - Keyboard is hidden

2018-08-09 17:07:44 - [MESSAGE][PASSED] - Swiped from 50,359 to 50,250

2018-08-09 17:07:47 - [MESSAGE][PASSED] - Keyboard is hidden

2018-08-09 17:07:49 - [MESSAGE][PASSED] - Swiped from 50,359 to 50,250

2018-08-09 17:07:50 - [MESSAGE][PASSED] - com.ct.qa.keywords.ChillerProductsDataKeywords.visitChillerAvailableProductsData is PASSED

2018-08-09 17:07:50 - [TEST_STEP][PASSED] - tap: Tapped on element 'Object Repository/ShopOpen/ChillerUtilization/ChillerAvailable/SubmitButton'

2018-08-09 17:07:50 - [MESSAGE][WARNING] - Timeout '0' is invalid. Using default page load timeout: '5'

2018-08-09 17:07:50 - [MESSAGE][PASSED] - Tapped on element 'Object Repository/ShopOpen/ChillerUtilization/ChillerAvailable/SubmitButton'

2018-08-09 17:07:50 - [TEST_STEP][PASSED] - verifyElementText: Actual text and expected text of test object 'Object Repository/ShopOpen/ChillerUtilization/ChillerAvailable/Validate_ProductCategoryAssetScreen' are matched.

2018-08-09 17:07:51 - [MESSAGE][PASSED] - Actual text and expected text of test object 'Object Repository/ShopOpen/ChillerUtilization/ChillerAvailable/Validate_ProductCategoryAssetScreen' are matched.

2018-08-09 17:07:51 - [TEST_STEP][PASSED] - tap: Tapped on element 'Object Repository/ShopOpen/ChillerUtilization/ChillerAvailable/PorductCategoryActions_BackButton'

2018-08-09 17:07:51 - [MESSAGE][WARNING] - Timeout '0' is invalid. Using default page load timeout: '5'

2018-08-09 17:07:51 - [MESSAGE][PASSED] - Tapped on element 'Object Repository/ShopOpen/ChillerUtilization/ChillerAvailable/PorductCategoryActions_BackButton'

2018-08-09 17:07:51 - [TEST_STEP][PASSED] - verifyElementText: Actual text and expected text of test object 'Object Repository/ShopOpen/ChillerUtilization/ChillerAvailable/Validate_ChillerProductsCategoriesScreen' are matched.

2018-08-09 17:07:53 - [MESSAGE][PASSED] - Actual text and expected text of test object 'Object Repository/ShopOpen/ChillerUtilization/ChillerAvailable/Validate_ChillerProductsCategoriesScreen' are matched.

2018-08-09 17:07:53 - [MESSAGE][PASSED] - Call Test Case 'Test Cases/ShopOpen/ChillerUtilization/ChillerAvailable/VisitProductCategoryAssets' successfully

2018-08-09 17:07:53 - [TEST_CASE][PASSED] - Test Cases/ShopOpen/ChillerUtilization/ChillerAvailable/VisitProductCategoryAssets: Test Cases/ShopOpen/ChillerUtilization/ChillerAvailable/VisitProductCategoryAssets

2018-08-09 17:07:53 - [TEST_STEP][PASSED] - verifyElementText: Actual text and expected text of test object 'Object Repository/ShopOpen/ChillerUtilization/ChillerAvailable/Validate_ProductCategoryAssetScreen' are matched.

2018-08-09 17:07:56 - [MESSAGE][PASSED] - Actual text and expected text of test object 'Object Repository/ShopOpen/ChillerUtilization/ChillerAvailable/Validate_ProductCategoryAssetScreen' are matched.

2018-08-09 17:07:56 - [TEST_STEP][PASSED] - tap: Tapped on element 'Object Repository/ShopOpen/ChillerUtilization/ChillerAvailable/Facing'

2018-08-09 17:07:56 - [MESSAGE][WARNING] - Timeout '0' is invalid. Using default page load timeout: '5'

2018-08-09 17:07:56 - [MESSAGE][PASSED] - Tapped on element 'Object Repository/ShopOpen/ChillerUtilization/ChillerAvailable/Facing'

2018-08-09 17:07:56 - [TEST_STEP][PASSED] - verifyElementText: Actual text and expected text of test object 'Object Repository/ShopOpen/ChillerUtilization/ChillerAvailable/Validate_FacingScreen' are matched.

2018-08-09 17:07:58 - [MESSAGE][PASSED] - Actual text and expected text of test object 'Object Repository/ShopOpen/ChillerUtilization/ChillerAvailable/Validate_FacingScreen' are matched.

2018-08-09 17:07:58 - [TEST_STEP][PASSED] - com.ct.qa.keywords.ChillerProductsDataKeywords.visitChillerAvailableProductsData: com.ct.qa.keywords.ChillerProductsDataKeywords.visitChillerAvailableProductsData is PASSED

2018-08-09 17:08:01 - [MESSAGE][PASSED] - Keyboard is hidden

2018-08-09 17:08:04 - [MESSAGE][PASSED] - Keyboard is hidden

2018-08-09 17:08:05 - [MESSAGE][PASSED] - com.ct.qa.keywords.ChillerProductsDataKeywords.visitChillerAvailableProductsData is PASSED

2018-08-09 17:08:05 - [TEST_STEP][PASSED] - tap: Tapped on element 'Object Repository/ShopOpen/ChillerUtilization/ChillerAvailable/SubmitButton'

2018-08-09 17:08:05 - [MESSAGE][WARNING] - Timeout '0' is invalid. Using default page load timeout: '5'

2018-08-09 17:08:05 - [MESSAGE][PASSED] - Tapped on element 'Object Repository/ShopOpen/ChillerUtilization/ChillerAvailable/SubmitButton'

2018-08-09 17:08:05 - [TEST_STEP][PASSED] - verifyElementText: Actual text and expected text of test object 'Object Repository/ShopOpen/ChillerUtilization/ChillerAvailable/Validate_ProductCategoryAssetScreen' are matched.

2018-08-09 17:08:06 - [MESSAGE][PASSED] - Actual text and expected text of test object 'Object Repository/ShopOpen/ChillerUtilization/ChillerAvailable/Validate_ProductCategoryAssetScreen' are matched.

2018-08-09 17:08:06 - [TEST_STEP][PASSED] - tap: Tapped on element 'Object Repository/ShopOpen/ChillerUtilization/ChillerAvailable/Depth'

2018-08-09 17:08:06 - [MESSAGE][WARNING] - Timeout '0' is invalid. Using default page load timeout: '5'

2018-08-09 17:08:07 - [MESSAGE][PASSED] - Tapped on element 'Object Repository/ShopOpen/ChillerUtilization/ChillerAvailable/Depth'

2018-08-09 17:08:07 - [TEST_STEP][PASSED] - verifyElementText: Actual text and expected text of test object 'Object Repository/ShopOpen/ChillerUtilization/ChillerAvailable/Validate_DepthScreen' are matched.

2018-08-09 17:08:09 - [MESSAGE][PASSED] - Actual text and expected text of test object 'Object Repository/ShopOpen/ChillerUtilization/ChillerAvailable/Validate_DepthScreen' are matched.

2018-08-09 17:08:09 - [TEST_STEP][PASSED] - com.ct.qa.keywords.ChillerProductsDataKeywords.visitChillerAvailableProductsData: com.ct.qa.keywords.ChillerProductsDataKeywords.visitChillerAvailableProductsData is PASSED

2018-08-09 17:08:12 - [MESSAGE][PASSED] - Keyboard is hidden

2018-08-09 17:08:15 - [MESSAGE][PASSED] - Keyboard is hidden

2018-08-09 17:08:16 - [MESSAGE][PASSED] - com.ct.qa.keywords.ChillerProductsDataKeywords.visitChillerAvailableProductsData is PASSED

2018-08-09 17:08:16 - [TEST_STEP][PASSED] - tap: Tapped on element 'Object Repository/ShopOpen/ChillerUtilization/ChillerAvailable/SubmitButton'

2018-08-09 17:08:16 - [MESSAGE][WARNING] - Timeout '0' is invalid. Using default page load timeout: '5'

2018-08-09 17:08:16 - [MESSAGE][PASSED] - Tapped on element 'Object Repository/ShopOpen/ChillerUtilization/ChillerAvailable/SubmitButton'

2018-08-09 17:08:16 - [TEST_STEP][PASSED] - verifyElementText: Actual text and expected text of test object 'Object Repository/ShopOpen/ChillerUtilization/ChillerAvailable/Validate_ProductCategoryAssetScreen' are matched.

2018-08-09 17:08:17 - [MESSAGE][PASSED] - Actual text and expected text of test object 'Object Repository/ShopOpen/ChillerUtilization/ChillerAvailable/Validate_ProductCategoryAssetScreen' are matched.

2018-08-09 17:08:17 - [TEST_STEP][PASSED] - tap: Tapped on element 'Object Repository/ShopOpen/ChillerUtilization/ChillerAvailable/StockCount'

2018-08-09 17:08:17 - [MESSAGE][WARNING] - Timeout '0' is invalid. Using default page load timeout: '5'

2018-08-09 17:08:18 - [MESSAGE][PASSED] - Tapped on element 'Object Repository/ShopOpen/ChillerUtilization/ChillerAvailable/StockCount'

2018-08-09 17:08:18 - [TEST_STEP][PASSED] - verifyElementText: Actual text and expected text of test object 'Object Repository/ShopOpen/ChillerUtilization/ChillerAvailable/Validate_StockCountScreen' are matched.

2018-08-09 17:08:20 - [MESSAGE][PASSED] - Actual text and expected text of test object 'Object Repository/ShopOpen/ChillerUtilization/ChillerAvailable/Validate_StockCountScreen' are matched.

2018-08-09 17:08:20 - [TEST_STEP][PASSED] - com.ct.qa.keywords.ChillerProductsDataKeywords.visitChillerAvailableProductsData: com.ct.qa.keywords.ChillerProductsDataKeywords.visitChillerAvailableProductsData is PASSED

2018-08-09 17:08:23 - [MESSAGE][PASSED] - Keyboard is hidden

2018-08-09 17:08:25 - [MESSAGE][PASSED] - Keyboard is hidden

2018-08-09 17:08:26 - [MESSAGE][PASSED] - com.ct.qa.keywords.ChillerProductsDataKeywords.visitChillerAvailableProductsData is PASSED

2018-08-09 17:08:26 - [TEST_STEP][PASSED] - tap: Tapped on element 'Object Repository/ShopOpen/ChillerUtilization/ChillerAvailable/SubmitButton'

2018-08-09 17:08:26 - [MESSAGE][WARNING] - Timeout '0' is invalid. Using default page load timeout: '5'

2018-08-09 17:08:26 - [MESSAGE][PASSED] - Tapped on element 'Object Repository/ShopOpen/ChillerUtilization/ChillerAvailable/SubmitButton'

2018-08-09 17:08:26 - [TEST_STEP][PASSED] - verifyElementText: Actual text and expected text of test object 'Object Repository/ShopOpen/ChillerUtilization/ChillerAvailable/Validate_ProductCategoryAssetScreen' are matched.

2018-08-09 17:08:27 - [MESSAGE][PASSED] - Actual text and expected text of test object 'Object Repository/ShopOpen/ChillerUtilization/ChillerAvailable/Validate_ProductCategoryAssetScreen' are matched.

2018-08-09 17:08:27 - [TEST_STEP][PASSED] - tap: Tapped on element 'Object Repository/ShopOpen/ChillerUtilization/ChillerAvailable/PorductCategoryActions_BackButton'

2018-08-09 17:08:27 - [MESSAGE][WARNING] - Timeout '0' is invalid. Using default page load timeout: '5'

2018-08-09 17:08:28 - [MESSAGE][PASSED] - Tapped on element 'Object Repository/ShopOpen/ChillerUtilization/ChillerAvailable/PorductCategoryActions_BackButton'

2018-08-09 17:08:28 - [TEST_STEP][PASSED] - verifyElementText: Actual text and expected text of test object 'Object Repository/ShopOpen/ChillerUtilization/ChillerAvailable/Validate_ChillerProductsCategoriesScreen' are matched.

2018-08-09 17:08:29 - [MESSAGE][PASSED] - Actual text and expected text of test object 'Object Repository/ShopOpen/ChillerUtilization/ChillerAvailable/Validate_ChillerProductsCategoriesScreen' are matched.

2018-08-09 17:08:29 - [MESSAGE][PASSED] - Call Test Case 'Test Cases/ShopOpen/ChillerUtilization/ChillerAvailable/VisitProductCategoryAssets' successfully

2018-08-09 17:08:29 - [TEST_CASE][PASSED] - Test Cases/ShopOpen/ChillerUtilization/ChillerAvailable/VisitProductCategoryAssets: Test Cases/ShopOpen/ChillerUtilization/ChillerAvailable/VisitProductCategoryAssets

2018-08-09 17:08:29 - [TEST_STEP][PASSED] - verifyElementText: Actual text and expected text of test object 'Object Repository/ShopOpen/ChillerUtilization/ChillerAvailable/Validate_ProductCategoryAssetScreen' are matched.

2018-08-09 17:08:32 - [MESSAGE][PASSED] - Actual text and expected text of test object 'Object Repository/ShopOpen/ChillerUtilization/ChillerAvailable/Validate_ProductCategoryAssetScreen' are matched.

2018-08-09 17:08:32 - [TEST_STEP][PASSED] - tap: Tapped on element 'Object Repository/ShopOpen/ChillerUtilization/ChillerAvailable/Facing'

2018-08-09 17:08:32 - [MESSAGE][WARNING] - Timeout '0' is invalid. Using default page load timeout: '5'

2018-08-09 17:08:32 - [MESSAGE][PASSED] - Tapped on element 'Object Repository/ShopOpen/ChillerUtilization/ChillerAvailable/Facing'

2018-08-09 17:08:32 - [TEST_STEP][PASSED] - verifyElementText: Actual text and expected text of test object 'Object Repository/ShopOpen/ChillerUtilization/ChillerAvailable/Validate_FacingScreen' are matched.

2018-08-09 17:08:34 - [MESSAGE][PASSED] - Actual text and expected text of test object 'Object Repository/ShopOpen/ChillerUtilization/ChillerAvailable/Validate_FacingScreen' are matched.

2018-08-09 17:08:34 - [TEST_STEP][PASSED] - com.ct.qa.keywords.ChillerProductsDataKeywords.visitChillerAvailableProductsData: com.ct.qa.keywords.ChillerProductsDataKeywords.visitChillerAvailableProductsData is PASSED

2018-08-09 17:08:38 - [MESSAGE][PASSED] - Keyboard is hidden

2018-08-09 17:08:41 - [MESSAGE][PASSED] - Keyboard is hidden

2018-08-09 17:08:44 - [MESSAGE][PASSED] - Keyboard is hidden

2018-08-09 17:08:47 - [MESSAGE][PASSED] - Keyboard is hidden

2018-08-09 17:08:50 - [MESSAGE][PASSED] - Keyboard is hidden

2018-08-09 17:08:53 - [MESSAGE][PASSED] - Keyboard is hidden

2018-08-09 17:08:56 - [MESSAGE][PASSED] - Swiped from 65,359 to 65,250

2018-08-09 17:08:57 - [MESSAGE][PASSED] - com.ct.qa.keywords.ChillerProductsDataKeywords.visitChillerAvailableProductsData is PASSED

2018-08-09 17:08:57 - [TEST_STEP][PASSED] - tap: Tapped on element 'Object Repository/ShopOpen/ChillerUtilization/ChillerAvailable/SubmitButton'

2018-08-09 17:08:57 - [MESSAGE][WARNING] - Timeout '0' is invalid. Using default page load timeout: '5'

2018-08-09 17:08:57 - [MESSAGE][PASSED] - Tapped on element 'Object Repository/ShopOpen/ChillerUtilization/ChillerAvailable/SubmitButton'

2018-08-09 17:08:57 - [TEST_STEP][PASSED] - verifyElementText: Actual text and expected text of test object 'Object Repository/ShopOpen/ChillerUtilization/ChillerAvailable/Validate_ProductCategoryAssetScreen' are matched.

2018-08-09 17:08:58 - [MESSAGE][PASSED] - Actual text and expected text of test object 'Object Repository/ShopOpen/ChillerUtilization/ChillerAvailable/Validate_ProductCategoryAssetScreen' are matched.

2018-08-09 17:08:58 - [TEST_STEP][PASSED] - tap: Tapped on element 'Object Repository/ShopOpen/ChillerUtilization/ChillerAvailable/Depth'

2018-08-09 17:08:58 - [MESSAGE][WARNING] - Timeout '0' is invalid. Using default page load timeout: '5'

2018-08-09 17:08:58 - [MESSAGE][PASSED] - Tapped on element 'Object Repository/ShopOpen/ChillerUtilization/ChillerAvailable/Depth'

2018-08-09 17:08:58 - [TEST_STEP][PASSED] - verifyElementText: Actual text and expected text of test object 'Object Repository/ShopOpen/ChillerUtilization/ChillerAvailable/Validate_DepthScreen' are matched.

2018-08-09 17:09:01 - [MESSAGE][PASSED] - Actual text and expected text of test object 'Object Repository/ShopOpen/ChillerUtilization/ChillerAvailable/Validate_DepthScreen' are matched.

2018-08-09 17:09:01 - [TEST_STEP][PASSED] - com.ct.qa.keywords.ChillerProductsDataKeywords.visitChillerAvailableProductsData: com.ct.qa.keywords.ChillerProductsDataKeywords.visitChillerAvailableProductsData is PASSED

2018-08-09 17:09:05 - [MESSAGE][PASSED] - Keyboard is hidden

2018-08-09 17:09:08 - [MESSAGE][PASSED] - Keyboard is hidden

2018-08-09 17:09:11 - [MESSAGE][PASSED] - Keyboard is hidden

2018-08-09 17:09:14 - [MESSAGE][PASSED] - Keyboard is hidden

2018-08-09 17:09:17 - [MESSAGE][PASSED] - Keyboard is hidden

2018-08-09 17:09:20 - [MESSAGE][PASSED] - Keyboard is hidden

2018-08-09 17:09:23 - [MESSAGE][PASSED] - Swiped from 65,359 to 65,250

2018-08-09 17:09:24 - [MESSAGE][PASSED] - com.ct.qa.keywords.ChillerProductsDataKeywords.visitChillerAvailableProductsData is PASSED

2018-08-09 17:09:24 - [TEST_STEP][PASSED] - tap: Tapped on element 'Object Repository/ShopOpen/ChillerUtilization/ChillerAvailable/SubmitButton'

2018-08-09 17:09:24 - [MESSAGE][WARNING] - Timeout '0' is invalid. Using default page load timeout: '5'

2018-08-09 17:09:24 - [MESSAGE][PASSED] - Tapped on element 'Object Repository/ShopOpen/ChillerUtilization/ChillerAvailable/SubmitButton'

2018-08-09 17:09:24 - [TEST_STEP][PASSED] - verifyElementText: Actual text and expected text of test object 'Object Repository/ShopOpen/ChillerUtilization/ChillerAvailable/Validate_ProductCategoryAssetScreen' are matched.

2018-08-09 17:09:25 - [MESSAGE][PASSED] - Actual text and expected text of test object 'Object Repository/ShopOpen/ChillerUtilization/ChillerAvailable/Validate_ProductCategoryAssetScreen' are matched.

2018-08-09 17:09:25 - [TEST_STEP][PASSED] - tap: Tapped on element 'Object Repository/ShopOpen/ChillerUtilization/ChillerAvailable/StockCount'

2018-08-09 17:09:25 - [MESSAGE][WARNING] - Timeout '0' is invalid. Using default page load timeout: '5'

2018-08-09 17:09:26 - [MESSAGE][PASSED] - Tapped on element 'Object Repository/ShopOpen/ChillerUtilization/ChillerAvailable/StockCount'

2018-08-09 17:09:26 - [TEST_STEP][PASSED] - verifyElementText: Actual text and expected text of test object 'Object Repository/ShopOpen/ChillerUtilization/ChillerAvailable/Validate_StockCountScreen' are matched.

2018-08-09 17:09:28 - [MESSAGE][PASSED] - Actual text and expected text of test object 'Object Repository/ShopOpen/ChillerUtilization/ChillerAvailable/Validate_StockCountScreen' are matched.

2018-08-09 17:09:28 - [TEST_STEP][PASSED] - com.ct.qa.keywords.ChillerProductsDataKeywords.visitChillerAvailableProductsData: com.ct.qa.keywords.ChillerProductsDataKeywords.visitChillerAvailableProductsData is PASSED

2018-08-09 17:09:32 - [MESSAGE][PASSED] - Keyboard is hidden

2018-08-09 17:09:35 - [MESSAGE][PASSED] - Keyboard is hidden

2018-08-09 17:09:38 - [MESSAGE][PASSED] - Keyboard is hidden

2018-08-09 17:09:41 - [MESSAGE][PASSED] - Keyboard is hidden

2018-08-09 17:09:44 - [MESSAGE][PASSED] - Keyboard is hidden

2018-08-09 17:09:47 - [MESSAGE][PASSED] - Keyboard is hidden

2018-08-09 17:09:50 - [MESSAGE][PASSED] - Swiped from 65,359 to 65,250

2018-08-09 17:09:51 - [MESSAGE][PASSED] - com.ct.qa.keywords.ChillerProductsDataKeywords.visitChillerAvailableProductsData is PASSED

2018-08-09 17:09:51 - [TEST_STEP][PASSED] - tap: Tapped on element 'Object Repository/ShopOpen/ChillerUtilization/ChillerAvailable/SubmitButton'

2018-08-09 17:09:51 - [MESSAGE][WARNING] - Timeout '0' is invalid. Using default page load timeout: '5'

2018-08-09 17:09:51 - [MESSAGE][PASSED] - Tapped on element 'Object Repository/ShopOpen/ChillerUtilization/ChillerAvailable/SubmitButton'

2018-08-09 17:09:51 - [TEST_STEP][PASSED] - verifyElementText: Actual text and expected text of test object 'Object Repository/ShopOpen/ChillerUtilization/ChillerAvailable/Validate_ProductCategoryAssetScreen' are matched.

2018-08-09 17:09:52 - [MESSAGE][PASSED] - Actual text and expected text of test object 'Object Repository/ShopOpen/ChillerUtilization/ChillerAvailable/Validate_ProductCategoryAssetScreen' are matched.

2018-08-09 17:09:52 - [TEST_STEP][PASSED] - tap: Tapped on element 'Object Repository/ShopOpen/ChillerUtilization/ChillerAvailable/PorductCategoryActions_BackButton'

2018-08-09 17:09:52 - [MESSAGE][WARNING] - Timeout '0' is invalid. Using default page load timeout: '5'

2018-08-09 17:09:53 - [MESSAGE][PASSED] - Tapped on element 'Object Repository/ShopOpen/ChillerUtilization/ChillerAvailable/PorductCategoryActions_BackButton'

2018-08-09 17:09:53 - [TEST_STEP][PASSED] - verifyElementText: Actual text and expected text of test object 'Object Repository/ShopOpen/ChillerUtilization/ChillerAvailable/Validate_ChillerProductsCategoriesScreen' are matched.

2018-08-09 17:09:54 - [MESSAGE][PASSED] - Actual text and expected text of test object 'Object Repository/ShopOpen/ChillerUtilization/ChillerAvailable/Validate_ChillerProductsCategoriesScreen' are matched.

2018-08-09 17:09:54 - [MESSAGE][PASSED] - Call Test Case 'Test Cases/ShopOpen/ChillerUtilization/ChillerAvailable/VisitProductCategoryAssets' successfully

2018-08-09 17:09:54 - [MESSAGE][PASSED] - com.ct.qa.keywords.ChillerProductsDataKeywords.visitChillerAvailableProductCategories is PASSED

2018-08-09 17:09:54 - [TEST_STEP][PASSED] - tap: Tapped on element 'Object Repository/ShopOpen/ChillerUtilization/ChillerAvailable/ChillerProductsCategories_Planogram_ImageView'

2018-08-09 17:09:54 - [MESSAGE][WARNING] - Timeout '0' is invalid. Using default page load timeout: '5'

2018-08-09 17:09:55 - [MESSAGE][PASSED] - Tapped on element 'Object Repository/ShopOpen/ChillerUtilization/ChillerAvailable/ChillerProductsCategories_Planogram_ImageView'

2018-08-09 17:09:55 - [TEST_STEP][PASSED] - com.ct.qa.keywords.CommonKeywords.checkPlanogramAvailability: com.ct.qa.keywords.CommonKeywords.checkPlanogramAvailability is PASSED

2018-08-09 17:09:55 - [MESSAGE][WARNING] - Timeout '0' is invalid. Using default page load timeout: '5'

2018-08-09 17:10:01 - [MESSAGE][WARNING] - Object Object Repository/CommonScreenElements/InfoPopUp_OKButton not found
[[ATTACHMENT|F:\\Git Projects\\MMAPlus_Merchandising\\MMAPlus_Merchandising\\Reports\\MMA Plus Merchandising With Chiller Wise Data Verification\\20180809_164504\\1533816600168.png]]

2018-08-09 17:10:01 - [MESSAGE][PASSED] - com.ct.qa.keywords.CommonKeywords.checkPlanogramAvailability is PASSED

2018-08-09 17:10:01 - [TEST_STEP][PASSED] - com.ct.qa.keywords.CommonKeywords.closePlanogram: com.ct.qa.keywords.CommonKeywords.closePlanogram is PASSED

2018-08-09 17:10:02 - [MESSAGE][PASSED] - com.ct.qa.keywords.CommonKeywords.closePlanogram is PASSED

2018-08-09 17:10:02 - [TEST_STEP][PASSED] - verifyElementText: Actual text and expected text of test object 'Object Repository/ShopOpen/ChillerUtilization/ChillerAvailable/Validate_ChillerProductsCategoriesScreen' are matched.

2018-08-09 17:10:03 - [MESSAGE][PASSED] - Actual text and expected text of test object 'Object Repository/ShopOpen/ChillerUtilization/ChillerAvailable/Validate_ChillerProductsCategoriesScreen' are matched.

2018-08-09 17:10:03 - [TEST_STEP][PASSED] - com.ct.qa.keywords.CommonKeywords.findPictureImageView: com.ct.qa.keywords.CommonKeywords.findPictureImageView is PASSED

2018-08-09 17:10:03 - [MESSAGE][PASSED] - com.ct.qa.keywords.CommonKeywords.findPictureImageView is PASSED

2018-08-09 17:10:03 - [TEST_STEP][PASSED] - verifyElementText: Actual text and expected text of test object 'Object Repository/ShopOpen/ChillerUtilization/ChillerAvailable/Validate_ChillerProductsCategoriesScreen' are matched.

2018-08-09 17:10:03 - [MESSAGE][PASSED] - Actual text and expected text of test object 'Object Repository/ShopOpen/ChillerUtilization/ChillerAvailable/Validate_ChillerProductsCategoriesScreen' are matched.

2018-08-09 17:10:03 - [TEST_STEP][PASSED] - tap: Tapped on element 'Object Repository/ShopOpen/ChillerUtilization/ChillerAvailable/ChillerProductsCategories_BackButton'

2018-08-09 17:10:03 - [MESSAGE][WARNING] - Timeout '0' is invalid. Using default page load timeout: '5'

2018-08-09 17:10:06 - [MESSAGE][PASSED] - Tapped on element 'Object Repository/ShopOpen/ChillerUtilization/ChillerAvailable/ChillerProductsCategories_BackButton'

2018-08-09 17:10:06 - [TEST_STEP][PASSED] - verifyElementText: Actual text and expected text of test object 'Object Repository/ShopOpen/ChillerUtilization/Validate_ChillerUtilizationScreen' are matched.

2018-08-09 17:10:07 - [MESSAGE][PASSED] - Actual text and expected text of test object 'Object Repository/ShopOpen/ChillerUtilization/Validate_ChillerUtilizationScreen' are matched.

2018-08-09 17:10:07 - [MESSAGE][PASSED] - Call Test Case 'Test Cases/ShopOpen/ChillerUtilization/ChillerAvailable/VisitChillerAvailable' successfully

2018-08-09 17:10:09 - [MESSAGE][WARNING] - Timeout '0' is invalid. Using default page load timeout: '5'

2018-08-09 17:10:10 - [MESSAGE][PASSED] - Element 'Object Repository/CommonScreenElements/Validate_CameraScreen' is exist

2018-08-09 17:10:10 - [MESSAGE][WARNING] - Timeout '0' is invalid. Using default page load timeout: '5'

2018-08-09 17:10:13 - [MESSAGE][PASSED] - Tapped on element 'Object Repository/CommonScreenElements/TakePictureButton'

2018-08-09 17:10:18 - [MESSAGE][PASSED] - Delayed 5 second(s)

2018-08-09 17:10:18 - [MESSAGE][WARNING] - Timeout '0' is invalid. Using default page load timeout: '5'

2018-08-09 17:10:19 - [MESSAGE][PASSED] - Tapped on element 'Object Repository/CommonScreenElements/DoneButton'

2018-08-09 17:10:22 - [TEST_CASE][PASSED] - Test Cases/ShopOpen/ChillerUtilization/ChillerAvailable/VisitChillerAvailable: Test Cases/ShopOpen/ChillerUtilization/ChillerAvailable/VisitChillerAvailable

2018-08-09 17:10:22 - [TEST_STEP][PASSED] - verifyElementExist: Element 'Object Repository/ShopOpen/ChillerUtilization/ChillerAvailable/Validate_ChillerAvailableScreen' is exist

2018-08-09 17:10:22 - [MESSAGE][WARNING] - Timeout '0' is invalid. Using default page load timeout: '5'

2018-08-09 17:10:24 - [MESSAGE][PASSED] - Element 'Object Repository/ShopOpen/ChillerUtilization/ChillerAvailable/Validate_ChillerAvailableScreen' is exist

2018-08-09 17:10:24 - [TEST_STEP][PASSED] - tap: Tapped on element 'Object Repository/ShopOpen/ChillerUtilization/ChillerAvailable/Planogram_ImageView'

2018-08-09 17:10:24 - [MESSAGE][WARNING] - Timeout '0' is invalid. Using default page load timeout: '5'

2018-08-09 17:10:24 - [MESSAGE][PASSED] - Tapped on element 'Object Repository/ShopOpen/ChillerUtilization/ChillerAvailable/Planogram_ImageView'

2018-08-09 17:10:24 - [TEST_STEP][PASSED] - com.ct.qa.keywords.CommonKeywords.checkPlanogramAvailability: com.ct.qa.keywords.CommonKeywords.checkPlanogramAvailability is PASSED

2018-08-09 17:10:24 - [MESSAGE][WARNING] - Timeout '0' is invalid. Using default page load timeout: '5'

2018-08-09 17:10:30 - [MESSAGE][WARNING] - Object Object Repository/CommonScreenElements/InfoPopUp_OKButton not found
[[ATTACHMENT|F:\\Git Projects\\MMAPlus_Merchandising\\MMAPlus_Merchandising\\Reports\\MMA Plus Merchandising With Chiller Wise Data Verification\\20180809_164504\\1533816629922.png]]

2018-08-09 17:10:30 - [MESSAGE][PASSED] - com.ct.qa.keywords.CommonKeywords.checkPlanogramAvailability is PASSED

2018-08-09 17:10:30 - [TEST_STEP][PASSED] - com.ct.qa.keywords.CommonKeywords.closePlanogram: com.ct.qa.keywords.CommonKeywords.closePlanogram is PASSED

2018-08-09 17:10:31 - [MESSAGE][PASSED] - com.ct.qa.keywords.CommonKeywords.closePlanogram is PASSED

2018-08-09 17:10:31 - [TEST_STEP][PASSED] - verifyElementExist: Element 'Object Repository/ShopOpen/ChillerUtilization/ChillerAvailable/Validate_ChillerAvailableScreen' is exist

2018-08-09 17:10:31 - [MESSAGE][WARNING] - Timeout '0' is invalid. Using default page load timeout: '5'

2018-08-09 17:10:32 - [MESSAGE][PASSED] - Element 'Object Repository/ShopOpen/ChillerUtilization/ChillerAvailable/Validate_ChillerAvailableScreen' is exist

2018-08-09 17:10:32 - [TEST_STEP][PASSED] - com.ct.qa.keywords.CommonKeywords.findPictureImageView: com.ct.qa.keywords.CommonKeywords.findPictureImageView is PASSED

2018-08-09 17:10:32 - [MESSAGE][PASSED] - com.ct.qa.keywords.CommonKeywords.findPictureImageView is PASSED

2018-08-09 17:10:32 - [TEST_STEP][PASSED] - verifyElementExist: Element 'Object Repository/ShopOpen/ChillerUtilization/ChillerAvailable/Validate_ChillerAvailableScreen' is exist

2018-08-09 17:10:32 - [MESSAGE][WARNING] - Timeout '0' is invalid. Using default page load timeout: '5'

2018-08-09 17:10:32 - [MESSAGE][PASSED] - Element 'Object Repository/ShopOpen/ChillerUtilization/ChillerAvailable/Validate_ChillerAvailableScreen' is exist

2018-08-09 17:10:32 - [TEST_STEP][PASSED] - tap: Tapped on element 'Object Repository/ShopOpen/ChillerUtilization/ChillerAvailable/Depth1_TakePicture'

2018-08-09 17:10:32 - [MESSAGE][WARNING] - Timeout '0' is invalid. Using default page load timeout: '5'

2018-08-09 17:10:35 - [MESSAGE][PASSED] - Tapped on element 'Object Repository/ShopOpen/ChillerUtilization/ChillerAvailable/Depth1_TakePicture'

2018-08-09 17:10:35 - [TEST_STEP][PASSED] - verifyElementExist: Element 'Object Repository/CommonScreenElements/Validate_CameraScreen' is exist

2018-08-09 17:10:35 - [MESSAGE][WARNING] - Timeout '0' is invalid. Using default page load timeout: '5'

2018-08-09 17:10:36 - [MESSAGE][PASSED] - Element 'Object Repository/CommonScreenElements/Validate_CameraScreen' is exist

2018-08-09 17:10:36 - [TEST_STEP][PASSED] - tap: Tapped on element 'Object Repository/CommonScreenElements/TakePictureButton'

2018-08-09 17:10:36 - [MESSAGE][WARNING] - Timeout '0' is invalid. Using default page load timeout: '5'

2018-08-09 17:10:39 - [MESSAGE][PASSED] - Tapped on element 'Object Repository/CommonScreenElements/TakePictureButton'

2018-08-09 17:10:39 - [TEST_STEP][PASSED] - delay: Delayed 5 second(s)

2018-08-09 17:10:44 - [MESSAGE][PASSED] - Delayed 5 second(s)

2018-08-09 17:10:44 - [TEST_STEP][PASSED] - tap: Tapped on element 'Object Repository/CommonScreenElements/DoneButton'

2018-08-09 17:10:44 - [MESSAGE][WARNING] - Timeout '0' is invalid. Using default page load timeout: '5'

2018-08-09 17:10:45 - [MESSAGE][PASSED] - Tapped on element 'Object Repository/CommonScreenElements/DoneButton'

2018-08-09 17:10:45 - [TEST_STEP][PASSED] - verifyElementExist: Element 'Object Repository/ShopOpen/ChillerUtilization/ChillerAvailable/Validate_ChillerAvailableScreen' is exist

2018-08-09 17:10:45 - [MESSAGE][WARNING] - Timeout '0' is invalid. Using default page load timeout: '5'

2018-08-09 17:10:46 - [MESSAGE][PASSED] - Element 'Object Repository/ShopOpen/ChillerUtilization/ChillerAvailable/Validate_ChillerAvailableScreen' is exist

2018-08-09 17:10:46 - [TEST_STEP][PASSED] - tap: Tapped on element 'Object Repository/ShopOpen/ChillerUtilization/ChillerAvailable/Depth2TakePicture'

2018-08-09 17:10:46 - [MESSAGE][WARNING] - Timeout '0' is invalid. Using default page load timeout: '5'

2018-08-09 17:10:47 - [MESSAGE][PASSED] - Tapped on element 'Object Repository/ShopOpen/ChillerUtilization/ChillerAvailable/Depth2TakePicture'

2018-08-09 17:10:47 - [TEST_STEP][PASSED] - verifyElementExist: Element 'Object Repository/CommonScreenElements/Validate_CameraScreen' is exist

2018-08-09 17:10:47 - [MESSAGE][WARNING] - Timeout '0' is invalid. Using default page load timeout: '5'

2018-08-09 17:10:48 - [MESSAGE][PASSED] - Element 'Object Repository/CommonScreenElements/Validate_CameraScreen' is exist

2018-08-09 17:10:48 - [TEST_STEP][PASSED] - tap: Tapped on element 'Object Repository/CommonScreenElements/TakePictureButton'

2018-08-09 17:10:48 - [MESSAGE][WARNING] - Timeout '0' is invalid. Using default page load timeout: '5'

2018-08-09 17:10:52 - [MESSAGE][PASSED] - Tapped on element 'Object Repository/CommonScreenElements/TakePictureButton'

2018-08-09 17:10:52 - [TEST_STEP][PASSED] - delay: Delayed 5 second(s)

2018-08-09 17:10:57 - [MESSAGE][PASSED] - Delayed 5 second(s)

2018-08-09 17:10:57 - [TEST_STEP][PASSED] - tap: Tapped on element 'Object Repository/CommonScreenElements/DoneButton'

2018-08-09 17:10:57 - [MESSAGE][WARNING] - Timeout '0' is invalid. Using default page load timeout: '5'

2018-08-09 17:10:57 - [MESSAGE][PASSED] - Tapped on element 'Object Repository/CommonScreenElements/DoneButton'

2018-08-09 17:10:57 - [TEST_STEP][PASSED] - verifyElementExist: Element 'Object Repository/ShopOpen/ChillerUtilization/ChillerAvailable/Validate_ChillerAvailableScreen' is exist

2018-08-09 17:10:57 - [MESSAGE][WARNING] - Timeout '0' is invalid. Using default page load timeout: '5'

2018-08-09 17:10:58 - [MESSAGE][PASSED] - Element 'Object Repository/ShopOpen/ChillerUtilization/ChillerAvailable/Validate_ChillerAvailableScreen' is exist

2018-08-09 17:10:58 - [TEST_STEP][PASSED] - tap: Tapped on element 'Object Repository/ShopOpen/ChillerUtilization/ChillerAvailable/NextButton'

2018-08-09 17:10:58 - [MESSAGE][WARNING] - Timeout '0' is invalid. Using default page load timeout: '5'

2018-08-09 17:10:58 - [MESSAGE][PASSED] - Tapped on element 'Object Repository/ShopOpen/ChillerUtilization/ChillerAvailable/NextButton'

2018-08-09 17:10:58 - [TEST_STEP][PASSED] - verifyElementText: Actual text and expected text of test object 'Object Repository/ShopOpen/ChillerUtilization/ChillerAvailable/Validate_ChillerProductsCategoriesScreen' are matched.

2018-08-09 17:11:01 - [MESSAGE][PASSED] - Actual text and expected text of test object 'Object Repository/ShopOpen/ChillerUtilization/ChillerAvailable/Validate_ChillerProductsCategoriesScreen' are matched.

2018-08-09 17:11:01 - [TEST_STEP][PASSED] - com.ct.qa.keywords.ChillerProductsDataKeywords.visitChillerAvailableProductCategories: com.ct.qa.keywords.ChillerProductsDataKeywords.visitChillerAvailableProductCategories is PASSED

2018-08-09 17:11:03 - [TEST_CASE][PASSED] - Test Cases/ShopOpen/ChillerUtilization/ChillerAvailable/VisitProductCategoryAssets: Test Cases/ShopOpen/ChillerUtilization/ChillerAvailable/VisitProductCategoryAssets

2018-08-09 17:11:04 - [TEST_STEP][PASSED] - verifyElementText: Actual text and expected text of test object 'Object Repository/ShopOpen/ChillerUtilization/ChillerAvailable/Validate_ProductCategoryAssetScreen' are matched.

2018-08-09 17:11:05 - [MESSAGE][PASSED] - Actual text and expected text of test object 'Object Repository/ShopOpen/ChillerUtilization/ChillerAvailable/Validate_ProductCategoryAssetScreen' are matched.

2018-08-09 17:11:05 - [TEST_STEP][PASSED] - tap: Tapped on element 'Object Repository/ShopOpen/ChillerUtilization/ChillerAvailable/Facing'

2018-08-09 17:11:05 - [MESSAGE][WARNING] - Timeout '0' is invalid. Using default page load timeout: '5'

2018-08-09 17:11:05 - [MESSAGE][PASSED] - Tapped on element 'Object Repository/ShopOpen/ChillerUtilization/ChillerAvailable/Facing'

2018-08-09 17:11:05 - [TEST_STEP][PASSED] - verifyElementText: Actual text and expected text of test object 'Object Repository/ShopOpen/ChillerUtilization/ChillerAvailable/Validate_FacingScreen' are matched.

2018-08-09 17:11:07 - [MESSAGE][PASSED] - Actual text and expected text of test object 'Object Repository/ShopOpen/ChillerUtilization/ChillerAvailable/Validate_FacingScreen' are matched.

2018-08-09 17:11:07 - [TEST_STEP][PASSED] - com.ct.qa.keywords.ChillerProductsDataKeywords.visitChillerAvailableProductsData: com.ct.qa.keywords.ChillerProductsDataKeywords.visitChillerAvailableProductsData is PASSED

2018-08-09 17:11:10 - [MESSAGE][PASSED] - Keyboard is hidden

2018-08-09 17:11:11 - [MESSAGE][PASSED] - com.ct.qa.keywords.ChillerProductsDataKeywords.visitChillerAvailableProductsData is PASSED

2018-08-09 17:11:11 - [TEST_STEP][PASSED] - tap: Tapped on element 'Object Repository/ShopOpen/ChillerUtilization/ChillerAvailable/SubmitButton'

2018-08-09 17:11:11 - [MESSAGE][WARNING] - Timeout '0' is invalid. Using default page load timeout: '5'

2018-08-09 17:11:11 - [MESSAGE][PASSED] - Tapped on element 'Object Repository/ShopOpen/ChillerUtilization/ChillerAvailable/SubmitButton'

2018-08-09 17:11:11 - [TEST_STEP][PASSED] - verifyElementText: Actual text and expected text of test object 'Object Repository/ShopOpen/ChillerUtilization/ChillerAvailable/Validate_ProductCategoryAssetScreen' are matched.

2018-08-09 17:11:12 - [MESSAGE][PASSED] - Actual text and expected text of test object 'Object Repository/ShopOpen/ChillerUtilization/ChillerAvailable/Validate_ProductCategoryAssetScreen' are matched.

2018-08-09 17:11:12 - [TEST_STEP][PASSED] - tap: Tapped on element 'Object Repository/ShopOpen/ChillerUtilization/ChillerAvailable/Depth'

2018-08-09 17:11:12 - [MESSAGE][WARNING] - Timeout '0' is invalid. Using default page load timeout: '5'

2018-08-09 17:11:12 - [MESSAGE][PASSED] - Tapped on element 'Object Repository/ShopOpen/ChillerUtilization/ChillerAvailable/Depth'

2018-08-09 17:11:12 - [TEST_STEP][PASSED] - verifyElementText: Actual text and expected text of test object 'Object Repository/ShopOpen/ChillerUtilization/ChillerAvailable/Validate_DepthScreen' are matched.

2018-08-09 17:11:15 - [MESSAGE][PASSED] - Actual text and expected text of test object 'Object Repository/ShopOpen/ChillerUtilization/ChillerAvailable/Validate_DepthScreen' are matched.

2018-08-09 17:11:15 - [TEST_STEP][PASSED] - com.ct.qa.keywords.ChillerProductsDataKeywords.visitChillerAvailableProductsData: com.ct.qa.keywords.ChillerProductsDataKeywords.visitChillerAvailableProductsData is PASSED

2018-08-09 17:11:18 - [MESSAGE][PASSED] - Keyboard is hidden

2018-08-09 17:11:19 - [MESSAGE][PASSED] - com.ct.qa.keywords.ChillerProductsDataKeywords.visitChillerAvailableProductsData is PASSED

2018-08-09 17:11:19 - [TEST_STEP][PASSED] - tap: Tapped on element 'Object Repository/ShopOpen/ChillerUtilization/ChillerAvailable/SubmitButton'

2018-08-09 17:11:19 - [MESSAGE][WARNING] - Timeout '0' is invalid. Using default page load timeout: '5'

2018-08-09 17:11:19 - [MESSAGE][PASSED] - Tapped on element 'Object Repository/ShopOpen/ChillerUtilization/ChillerAvailable/SubmitButton'

2018-08-09 17:11:19 - [TEST_STEP][PASSED] - verifyElementText: Actual text and expected text of test object 'Object Repository/ShopOpen/ChillerUtilization/ChillerAvailable/Validate_ProductCategoryAssetScreen' are matched.

2018-08-09 17:11:20 - [MESSAGE][PASSED] - Actual text and expected text of test object 'Object Repository/ShopOpen/ChillerUtilization/ChillerAvailable/Validate_ProductCategoryAssetScreen' are matched.

2018-08-09 17:11:20 - [TEST_STEP][PASSED] - tap: Tapped on element 'Object Repository/ShopOpen/ChillerUtilization/ChillerAvailable/StockCount'

2018-08-09 17:11:20 - [MESSAGE][WARNING] - Timeout '0' is invalid. Using default page load timeout: '5'

2018-08-09 17:11:21 - [MESSAGE][PASSED] - Tapped on element 'Object Repository/ShopOpen/ChillerUtilization/ChillerAvailable/StockCount'

2018-08-09 17:11:21 - [TEST_STEP][PASSED] - verifyElementText: Actual text and expected text of test object 'Object Repository/ShopOpen/ChillerUtilization/ChillerAvailable/Validate_StockCountScreen' are matched.

2018-08-09 17:11:23 - [MESSAGE][PASSED] - Actual text and expected text of test object 'Object Repository/ShopOpen/ChillerUtilization/ChillerAvailable/Validate_StockCountScreen' are matched.

2018-08-09 17:11:23 - [TEST_STEP][PASSED] - com.ct.qa.keywords.ChillerProductsDataKeywords.visitChillerAvailableProductsData: com.ct.qa.keywords.ChillerProductsDataKeywords.visitChillerAvailableProductsData is PASSED

2018-08-09 17:11:26 - [MESSAGE][PASSED] - Keyboard is hidden

2018-08-09 17:11:27 - [MESSAGE][PASSED] - com.ct.qa.keywords.ChillerProductsDataKeywords.visitChillerAvailableProductsData is PASSED

2018-08-09 17:11:27 - [TEST_STEP][PASSED] - tap: Tapped on element 'Object Repository/ShopOpen/ChillerUtilization/ChillerAvailable/SubmitButton'

2018-08-09 17:11:27 - [MESSAGE][WARNING] - Timeout '0' is invalid. Using default page load timeout: '5'

2018-08-09 17:11:27 - [MESSAGE][PASSED] - Tapped on element 'Object Repository/ShopOpen/ChillerUtilization/ChillerAvailable/SubmitButton'

2018-08-09 17:11:27 - [TEST_STEP][PASSED] - verifyElementText: Actual text and expected text of test object 'Object Repository/ShopOpen/ChillerUtilization/ChillerAvailable/Validate_ProductCategoryAssetScreen' are matched.

2018-08-09 17:11:28 - [MESSAGE][PASSED] - Actual text and expected text of test object 'Object Repository/ShopOpen/ChillerUtilization/ChillerAvailable/Validate_ProductCategoryAssetScreen' are matched.

2018-08-09 17:11:28 - [TEST_STEP][PASSED] - tap: Tapped on element 'Object Repository/ShopOpen/ChillerUtilization/ChillerAvailable/PorductCategoryActions_BackButton'

2018-08-09 17:11:28 - [MESSAGE][WARNING] - Timeout '0' is invalid. Using default page load timeout: '5'

2018-08-09 17:11:29 - [MESSAGE][PASSED] - Tapped on element 'Object Repository/ShopOpen/ChillerUtilization/ChillerAvailable/PorductCategoryActions_BackButton'

2018-08-09 17:11:29 - [TEST_STEP][PASSED] - verifyElementText: Actual text and expected text of test object 'Object Repository/ShopOpen/ChillerUtilization/ChillerAvailable/Validate_ChillerProductsCategoriesScreen' are matched.

2018-08-09 17:11:30 - [MESSAGE][PASSED] - Actual text and expected text of test object 'Object Repository/ShopOpen/ChillerUtilization/ChillerAvailable/Validate_ChillerProductsCategoriesScreen' are matched.

2018-08-09 17:11:30 - [MESSAGE][PASSED] - Call Test Case 'Test Cases/ShopOpen/ChillerUtilization/ChillerAvailable/VisitProductCategoryAssets' successfully

2018-08-09 17:11:30 - [TEST_CASE][PASSED] - Test Cases/ShopOpen/ChillerUtilization/ChillerAvailable/VisitProductCategoryAssets: Test Cases/ShopOpen/ChillerUtilization/ChillerAvailable/VisitProductCategoryAssets

2018-08-09 17:11:30 - [TEST_STEP][PASSED] - verifyElementText: Actual text and expected text of test object 'Object Repository/ShopOpen/ChillerUtilization/ChillerAvailable/Validate_ProductCategoryAssetScreen' are matched.

2018-08-09 17:11:33 - [MESSAGE][PASSED] - Actual text and expected text of test object 'Object Repository/ShopOpen/ChillerUtilization/ChillerAvailable/Validate_ProductCategoryAssetScreen' are matched.

2018-08-09 17:11:33 - [TEST_STEP][PASSED] - tap: Tapped on element 'Object Repository/ShopOpen/ChillerUtilization/ChillerAvailable/Facing'

2018-08-09 17:11:33 - [MESSAGE][WARNING] - Timeout '0' is invalid. Using default page load timeout: '5'

2018-08-09 17:11:33 - [MESSAGE][PASSED] - Tapped on element 'Object Repository/ShopOpen/ChillerUtilization/ChillerAvailable/Facing'

2018-08-09 17:11:33 - [TEST_STEP][PASSED] - verifyElementText: Actual text and expected text of test object 'Object Repository/ShopOpen/ChillerUtilization/ChillerAvailable/Validate_FacingScreen' are matched.

2018-08-09 17:11:36 - [MESSAGE][PASSED] - Actual text and expected text of test object 'Object Repository/ShopOpen/ChillerUtilization/ChillerAvailable/Validate_FacingScreen' are matched.

2018-08-09 17:11:36 - [TEST_STEP][PASSED] - com.ct.qa.keywords.ChillerProductsDataKeywords.visitChillerAvailableProductsData: com.ct.qa.keywords.ChillerProductsDataKeywords.visitChillerAvailableProductsData is PASSED

2018-08-09 17:11:40 - [MESSAGE][PASSED] - Keyboard is hidden

2018-08-09 17:11:43 - [MESSAGE][PASSED] - Keyboard is hidden

2018-08-09 17:11:46 - [MESSAGE][PASSED] - Keyboard is hidden

2018-08-09 17:11:49 - [MESSAGE][PASSED] - Keyboard is hidden

2018-08-09 17:11:52 - [MESSAGE][PASSED] - Keyboard is hidden

2018-08-09 17:11:55 - [MESSAGE][PASSED] - Keyboard is hidden

2018-08-09 17:11:58 - [MESSAGE][PASSED] - Swiped from 50,359 to 50,250

2018-08-09 17:12:01 - [MESSAGE][PASSED] - Keyboard is hidden

2018-08-09 17:12:03 - [MESSAGE][PASSED] - Swiped from 50,359 to 50,250

2018-08-09 17:12:06 - [MESSAGE][PASSED] - Keyboard is hidden

2018-08-09 17:12:08 - [MESSAGE][PASSED] - Swiped from 50,359 to 50,250

2018-08-09 17:12:11 - [MESSAGE][PASSED] - Keyboard is hidden

2018-08-09 17:12:13 - [MESSAGE][PASSED] - Swiped from 50,359 to 50,250

2018-08-09 17:12:16 - [MESSAGE][PASSED] - Keyboard is hidden

2018-08-09 17:12:18 - [MESSAGE][PASSED] - Swiped from 50,359 to 50,250

2018-08-09 17:12:21 - [MESSAGE][PASSED] - Keyboard is hidden

2018-08-09 17:12:23 - [MESSAGE][PASSED] - Swiped from 50,359 to 50,250

2018-08-09 17:12:26 - [MESSAGE][PASSED] - Keyboard is hidden

2018-08-09 17:12:28 - [MESSAGE][PASSED] - Swiped from 50,359 to 50,250

2018-08-09 17:12:29 - [MESSAGE][PASSED] - com.ct.qa.keywords.ChillerProductsDataKeywords.visitChillerAvailableProductsData is PASSED

2018-08-09 17:12:29 - [TEST_STEP][PASSED] - tap: Tapped on element 'Object Repository/ShopOpen/ChillerUtilization/ChillerAvailable/SubmitButton'

2018-08-09 17:12:29 - [MESSAGE][WARNING] - Timeout '0' is invalid. Using default page load timeout: '5'

2018-08-09 17:12:29 - [MESSAGE][PASSED] - Tapped on element 'Object Repository/ShopOpen/ChillerUtilization/ChillerAvailable/SubmitButton'

2018-08-09 17:12:29 - [TEST_STEP][PASSED] - verifyElementText: Actual text and expected text of test object 'Object Repository/ShopOpen/ChillerUtilization/ChillerAvailable/Validate_ProductCategoryAssetScreen' are matched.

2018-08-09 17:12:30 - [MESSAGE][PASSED] - Actual text and expected text of test object 'Object Repository/ShopOpen/ChillerUtilization/ChillerAvailable/Validate_ProductCategoryAssetScreen' are matched.

2018-08-09 17:12:30 - [TEST_STEP][PASSED] - tap: Tapped on element 'Object Repository/ShopOpen/ChillerUtilization/ChillerAvailable/Depth'

2018-08-09 17:12:30 - [MESSAGE][WARNING] - Timeout '0' is invalid. Using default page load timeout: '5'

2018-08-09 17:12:31 - [MESSAGE][PASSED] - Tapped on element 'Object Repository/ShopOpen/ChillerUtilization/ChillerAvailable/Depth'

2018-08-09 17:12:31 - [TEST_STEP][PASSED] - verifyElementText: Actual text and expected text of test object 'Object Repository/ShopOpen/ChillerUtilization/ChillerAvailable/Validate_DepthScreen' are matched.

2018-08-09 17:12:33 - [MESSAGE][PASSED] - Actual text and expected text of test object 'Object Repository/ShopOpen/ChillerUtilization/ChillerAvailable/Validate_DepthScreen' are matched.

2018-08-09 17:12:33 - [TEST_STEP][PASSED] - com.ct.qa.keywords.ChillerProductsDataKeywords.visitChillerAvailableProductsData: com.ct.qa.keywords.ChillerProductsDataKeywords.visitChillerAvailableProductsData is PASSED

2018-08-09 17:12:37 - [MESSAGE][PASSED] - Keyboard is hidden

2018-08-09 17:12:40 - [MESSAGE][PASSED] - Keyboard is hidden

2018-08-09 17:12:43 - [MESSAGE][PASSED] - Keyboard is hidden

2018-08-09 17:12:46 - [MESSAGE][PASSED] - Keyboard is hidden

2018-08-09 17:12:49 - [MESSAGE][PASSED] - Keyboard is hidden

2018-08-09 17:12:52 - [MESSAGE][PASSED] - Keyboard is hidden

2018-08-09 17:12:55 - [MESSAGE][PASSED] - Swiped from 50,359 to 50,250

2018-08-09 17:12:58 - [MESSAGE][PASSED] - Keyboard is hidden

2018-08-09 17:13:00 - [MESSAGE][PASSED] - Swiped from 50,359 to 50,250

2018-08-09 17:13:03 - [MESSAGE][PASSED] - Keyboard is hidden

2018-08-09 17:13:05 - [MESSAGE][PASSED] - Swiped from 50,359 to 50,250

2018-08-09 17:13:08 - [MESSAGE][PASSED] - Keyboard is hidden

2018-08-09 17:13:10 - [MESSAGE][PASSED] - Swiped from 50,359 to 50,250

2018-08-09 17:13:13 - [MESSAGE][PASSED] - Keyboard is hidden

2018-08-09 17:13:15 - [MESSAGE][PASSED] - Swiped from 50,359 to 50,250

2018-08-09 17:13:18 - [MESSAGE][PASSED] - Keyboard is hidden

2018-08-09 17:13:20 - [MESSAGE][PASSED] - Swiped from 50,359 to 50,250

2018-08-09 17:13:23 - [MESSAGE][PASSED] - Keyboard is hidden

2018-08-09 17:13:25 - [MESSAGE][PASSED] - Swiped from 50,359 to 50,250

2018-08-09 17:13:26 - [MESSAGE][PASSED] - com.ct.qa.keywords.ChillerProductsDataKeywords.visitChillerAvailableProductsData is PASSED

2018-08-09 17:13:26 - [TEST_STEP][PASSED] - tap: Tapped on element 'Object Repository/ShopOpen/ChillerUtilization/ChillerAvailable/SubmitButton'

2018-08-09 17:13:26 - [MESSAGE][WARNING] - Timeout '0' is invalid. Using default page load timeout: '5'

2018-08-09 17:13:26 - [MESSAGE][PASSED] - Tapped on element 'Object Repository/ShopOpen/ChillerUtilization/ChillerAvailable/SubmitButton'

2018-08-09 17:13:26 - [TEST_STEP][PASSED] - verifyElementText: Actual text and expected text of test object 'Object Repository/ShopOpen/ChillerUtilization/ChillerAvailable/Validate_ProductCategoryAssetScreen' are matched.

2018-08-09 17:13:27 - [MESSAGE][PASSED] - Actual text and expected text of test object 'Object Repository/ShopOpen/ChillerUtilization/ChillerAvailable/Validate_ProductCategoryAssetScreen' are matched.

2018-08-09 17:13:27 - [TEST_STEP][PASSED] - tap: Tapped on element 'Object Repository/ShopOpen/ChillerUtilization/ChillerAvailable/StockCount'

2018-08-09 17:13:27 - [MESSAGE][WARNING] - Timeout '0' is invalid. Using default page load timeout: '5'

2018-08-09 17:13:28 - [MESSAGE][PASSED] - Tapped on element 'Object Repository/ShopOpen/ChillerUtilization/ChillerAvailable/StockCount'

2018-08-09 17:13:28 - [TEST_STEP][PASSED] - verifyElementText: Actual text and expected text of test object 'Object Repository/ShopOpen/ChillerUtilization/ChillerAvailable/Validate_StockCountScreen' are matched.

2018-08-09 17:13:30 - [MESSAGE][PASSED] - Actual text and expected text of test object 'Object Repository/ShopOpen/ChillerUtilization/ChillerAvailable/Validate_StockCountScreen' are matched.

2018-08-09 17:13:30 - [TEST_STEP][PASSED] - com.ct.qa.keywords.ChillerProductsDataKeywords.visitChillerAvailableProductsData: com.ct.qa.keywords.ChillerProductsDataKeywords.visitChillerAvailableProductsData is PASSED

2018-08-09 17:13:34 - [MESSAGE][PASSED] - Keyboard is hidden

2018-08-09 17:13:37 - [MESSAGE][PASSED] - Keyboard is hidden

2018-08-09 17:13:40 - [MESSAGE][PASSED] - Keyboard is hidden

2018-08-09 17:13:43 - [MESSAGE][PASSED] - Keyboard is hidden

2018-08-09 17:13:46 - [MESSAGE][PASSED] - Keyboard is hidden

2018-08-09 17:13:49 - [MESSAGE][PASSED] - Keyboard is hidden

2018-08-09 17:13:52 - [MESSAGE][PASSED] - Swiped from 50,359 to 50,250

2018-08-09 17:13:55 - [MESSAGE][PASSED] - Keyboard is hidden

2018-08-09 17:13:57 - [MESSAGE][PASSED] - Swiped from 50,359 to 50,250

2018-08-09 17:14:00 - [MESSAGE][PASSED] - Keyboard is hidden

2018-08-09 17:14:02 - [MESSAGE][PASSED] - Swiped from 50,359 to 50,250

2018-08-09 17:14:05 - [MESSAGE][PASSED] - Keyboard is hidden

2018-08-09 17:14:07 - [MESSAGE][PASSED] - Swiped from 50,359 to 50,250

2018-08-09 17:14:10 - [MESSAGE][PASSED] - Keyboard is hidden

2018-08-09 17:14:12 - [MESSAGE][PASSED] - Swiped from 50,359 to 50,250

2018-08-09 17:14:15 - [MESSAGE][PASSED] - Keyboard is hidden

2018-08-09 17:14:17 - [MESSAGE][PASSED] - Swiped from 50,359 to 50,250

2018-08-09 17:14:20 - [MESSAGE][PASSED] - Keyboard is hidden

2018-08-09 17:14:22 - [MESSAGE][PASSED] - Swiped from 50,359 to 50,250

2018-08-09 17:14:23 - [MESSAGE][PASSED] - com.ct.qa.keywords.ChillerProductsDataKeywords.visitChillerAvailableProductsData is PASSED

2018-08-09 17:14:23 - [TEST_STEP][PASSED] - tap: Tapped on element 'Object Repository/ShopOpen/ChillerUtilization/ChillerAvailable/SubmitButton'

2018-08-09 17:14:23 - [MESSAGE][WARNING] - Timeout '0' is invalid. Using default page load timeout: '5'

2018-08-09 17:14:23 - [MESSAGE][PASSED] - Tapped on element 'Object Repository/ShopOpen/ChillerUtilization/ChillerAvailable/SubmitButton'

2018-08-09 17:14:23 - [TEST_STEP][PASSED] - verifyElementText: Actual text and expected text of test object 'Object Repository/ShopOpen/ChillerUtilization/ChillerAvailable/Validate_ProductCategoryAssetScreen' are matched.

2018-08-09 17:14:24 - [MESSAGE][PASSED] - Actual text and expected text of test object 'Object Repository/ShopOpen/ChillerUtilization/ChillerAvailable/Validate_ProductCategoryAssetScreen' are matched.

2018-08-09 17:14:24 - [TEST_STEP][PASSED] - tap: Tapped on element 'Object Repository/ShopOpen/ChillerUtilization/ChillerAvailable/PorductCategoryActions_BackButton'

2018-08-09 17:14:24 - [MESSAGE][WARNING] - Timeout '0' is invalid. Using default page load timeout: '5'

2018-08-09 17:14:24 - [MESSAGE][PASSED] - Tapped on element 'Object Repository/ShopOpen/ChillerUtilization/ChillerAvailable/PorductCategoryActions_BackButton'

2018-08-09 17:14:24 - [TEST_STEP][PASSED] - verifyElementText: Actual text and expected text of test object 'Object Repository/ShopOpen/ChillerUtilization/ChillerAvailable/Validate_ChillerProductsCategoriesScreen' are matched.

2018-08-09 17:14:25 - [MESSAGE][PASSED] - Actual text and expected text of test object 'Object Repository/ShopOpen/ChillerUtilization/ChillerAvailable/Validate_ChillerProductsCategoriesScreen' are matched.

2018-08-09 17:14:25 - [MESSAGE][PASSED] - Call Test Case 'Test Cases/ShopOpen/ChillerUtilization/ChillerAvailable/VisitProductCategoryAssets' successfully

2018-08-09 17:14:26 - [TEST_CASE][PASSED] - Test Cases/ShopOpen/ChillerUtilization/ChillerAvailable/VisitProductCategoryAssets: Test Cases/ShopOpen/ChillerUtilization/ChillerAvailable/VisitProductCategoryAssets

2018-08-09 17:14:26 - [TEST_STEP][PASSED] - verifyElementText: Actual text and expected text of test object 'Object Repository/ShopOpen/ChillerUtilization/ChillerAvailable/Validate_ProductCategoryAssetScreen' are matched.

2018-08-09 17:14:28 - [MESSAGE][PASSED] - Actual text and expected text of test object 'Object Repository/ShopOpen/ChillerUtilization/ChillerAvailable/Validate_ProductCategoryAssetScreen' are matched.

2018-08-09 17:14:28 - [TEST_STEP][PASSED] - tap: Tapped on element 'Object Repository/ShopOpen/ChillerUtilization/ChillerAvailable/Facing'

2018-08-09 17:14:28 - [MESSAGE][WARNING] - Timeout '0' is invalid. Using default page load timeout: '5'

2018-08-09 17:14:28 - [MESSAGE][PASSED] - Tapped on element 'Object Repository/ShopOpen/ChillerUtilization/ChillerAvailable/Facing'

2018-08-09 17:14:28 - [TEST_STEP][PASSED] - verifyElementText: Actual text and expected text of test object 'Object Repository/ShopOpen/ChillerUtilization/ChillerAvailable/Validate_FacingScreen' are matched.

2018-08-09 17:14:30 - [MESSAGE][PASSED] - Actual text and expected text of test object 'Object Repository/ShopOpen/ChillerUtilization/ChillerAvailable/Validate_FacingScreen' are matched.

2018-08-09 17:14:30 - [TEST_STEP][PASSED] - com.ct.qa.keywords.ChillerProductsDataKeywords.visitChillerAvailableProductsData: com.ct.qa.keywords.ChillerProductsDataKeywords.visitChillerAvailableProductsData is PASSED

2018-08-09 17:14:33 - [MESSAGE][PASSED] - Keyboard is hidden

2018-08-09 17:14:36 - [MESSAGE][PASSED] - Keyboard is hidden

2018-08-09 17:14:37 - [MESSAGE][PASSED] - com.ct.qa.keywords.ChillerProductsDataKeywords.visitChillerAvailableProductsData is PASSED

2018-08-09 17:14:37 - [TEST_STEP][PASSED] - tap: Tapped on element 'Object Repository/ShopOpen/ChillerUtilization/ChillerAvailable/SubmitButton'

2018-08-09 17:14:37 - [MESSAGE][WARNING] - Timeout '0' is invalid. Using default page load timeout: '5'

2018-08-09 17:14:38 - [MESSAGE][PASSED] - Tapped on element 'Object Repository/ShopOpen/ChillerUtilization/ChillerAvailable/SubmitButton'

2018-08-09 17:14:38 - [TEST_STEP][PASSED] - verifyElementText: Actual text and expected text of test object 'Object Repository/ShopOpen/ChillerUtilization/ChillerAvailable/Validate_ProductCategoryAssetScreen' are matched.

2018-08-09 17:14:39 - [MESSAGE][PASSED] - Actual text and expected text of test object 'Object Repository/ShopOpen/ChillerUtilization/ChillerAvailable/Validate_ProductCategoryAssetScreen' are matched.

2018-08-09 17:14:39 - [TEST_STEP][PASSED] - tap: Tapped on element 'Object Repository/ShopOpen/ChillerUtilization/ChillerAvailable/Depth'

2018-08-09 17:14:39 - [MESSAGE][WARNING] - Timeout '0' is invalid. Using default page load timeout: '5'

2018-08-09 17:14:39 - [MESSAGE][PASSED] - Tapped on element 'Object Repository/ShopOpen/ChillerUtilization/ChillerAvailable/Depth'

2018-08-09 17:14:39 - [TEST_STEP][PASSED] - verifyElementText: Actual text and expected text of test object 'Object Repository/ShopOpen/ChillerUtilization/ChillerAvailable/Validate_DepthScreen' are matched.

2018-08-09 17:14:41 - [MESSAGE][PASSED] - Actual text and expected text of test object 'Object Repository/ShopOpen/ChillerUtilization/ChillerAvailable/Validate_DepthScreen' are matched.

2018-08-09 17:14:41 - [TEST_STEP][PASSED] - com.ct.qa.keywords.ChillerProductsDataKeywords.visitChillerAvailableProductsData: com.ct.qa.keywords.ChillerProductsDataKeywords.visitChillerAvailableProductsData is PASSED

2018-08-09 17:14:44 - [MESSAGE][PASSED] - Keyboard is hidden

2018-08-09 17:14:47 - [MESSAGE][PASSED] - Keyboard is hidden

2018-08-09 17:14:48 - [MESSAGE][PASSED] - com.ct.qa.keywords.ChillerProductsDataKeywords.visitChillerAvailableProductsData is PASSED

2018-08-09 17:14:48 - [TEST_STEP][PASSED] - tap: Tapped on element 'Object Repository/ShopOpen/ChillerUtilization/ChillerAvailable/SubmitButton'

2018-08-09 17:14:48 - [MESSAGE][WARNING] - Timeout '0' is invalid. Using default page load timeout: '5'

2018-08-09 17:14:48 - [MESSAGE][PASSED] - Tapped on element 'Object Repository/ShopOpen/ChillerUtilization/ChillerAvailable/SubmitButton'

2018-08-09 17:14:48 - [TEST_STEP][PASSED] - verifyElementText: Actual text and expected text of test object 'Object Repository/ShopOpen/ChillerUtilization/ChillerAvailable/Validate_ProductCategoryAssetScreen' are matched.

2018-08-09 17:14:49 - [MESSAGE][PASSED] - Actual text and expected text of test object 'Object Repository/ShopOpen/ChillerUtilization/ChillerAvailable/Validate_ProductCategoryAssetScreen' are matched.

2018-08-09 17:14:49 - [TEST_STEP][PASSED] - tap: Tapped on element 'Object Repository/ShopOpen/ChillerUtilization/ChillerAvailable/StockCount'

2018-08-09 17:14:49 - [MESSAGE][WARNING] - Timeout '0' is invalid. Using default page load timeout: '5'

2018-08-09 17:14:50 - [MESSAGE][PASSED] - Tapped on element 'Object Repository/ShopOpen/ChillerUtilization/ChillerAvailable/StockCount'

2018-08-09 17:14:50 - [TEST_STEP][PASSED] - verifyElementText: Actual text and expected text of test object 'Object Repository/ShopOpen/ChillerUtilization/ChillerAvailable/Validate_StockCountScreen' are matched.

2018-08-09 17:14:52 - [MESSAGE][PASSED] - Actual text and expected text of test object 'Object Repository/ShopOpen/ChillerUtilization/ChillerAvailable/Validate_StockCountScreen' are matched.

2018-08-09 17:14:52 - [TEST_STEP][PASSED] - com.ct.qa.keywords.ChillerProductsDataKeywords.visitChillerAvailableProductsData: com.ct.qa.keywords.ChillerProductsDataKeywords.visitChillerAvailableProductsData is PASSED

2018-08-09 17:14:55 - [MESSAGE][PASSED] - Keyboard is hidden

2018-08-09 17:14:57 - [MESSAGE][PASSED] - Keyboard is hidden

2018-08-09 17:14:58 - [MESSAGE][PASSED] - com.ct.qa.keywords.ChillerProductsDataKeywords.visitChillerAvailableProductsData is PASSED

2018-08-09 17:14:58 - [TEST_STEP][PASSED] - tap: Tapped on element 'Object Repository/ShopOpen/ChillerUtilization/ChillerAvailable/SubmitButton'

2018-08-09 17:14:58 - [MESSAGE][WARNING] - Timeout '0' is invalid. Using default page load timeout: '5'

2018-08-09 17:14:58 - [MESSAGE][PASSED] - Tapped on element 'Object Repository/ShopOpen/ChillerUtilization/ChillerAvailable/SubmitButton'

2018-08-09 17:14:58 - [TEST_STEP][PASSED] - verifyElementText: Actual text and expected text of test object 'Object Repository/ShopOpen/ChillerUtilization/ChillerAvailable/Validate_ProductCategoryAssetScreen' are matched.

2018-08-09 17:14:59 - [MESSAGE][PASSED] - Actual text and expected text of test object 'Object Repository/ShopOpen/ChillerUtilization/ChillerAvailable/Validate_ProductCategoryAssetScreen' are matched.

2018-08-09 17:14:59 - [TEST_STEP][PASSED] - tap: Tapped on element 'Object Repository/ShopOpen/ChillerUtilization/ChillerAvailable/PorductCategoryActions_BackButton'

2018-08-09 17:14:59 - [MESSAGE][WARNING] - Timeout '0' is invalid. Using default page load timeout: '5'

2018-08-09 17:15:00 - [MESSAGE][PASSED] - Tapped on element 'Object Repository/ShopOpen/ChillerUtilization/ChillerAvailable/PorductCategoryActions_BackButton'

2018-08-09 17:15:00 - [TEST_STEP][PASSED] - verifyElementText: Actual text and expected text of test object 'Object Repository/ShopOpen/ChillerUtilization/ChillerAvailable/Validate_ChillerProductsCategoriesScreen' are matched.

2018-08-09 17:15:01 - [MESSAGE][PASSED] - Actual text and expected text of test object 'Object Repository/ShopOpen/ChillerUtilization/ChillerAvailable/Validate_ChillerProductsCategoriesScreen' are matched.

2018-08-09 17:15:01 - [MESSAGE][PASSED] - Call Test Case 'Test Cases/ShopOpen/ChillerUtilization/ChillerAvailable/VisitProductCategoryAssets' successfully

2018-08-09 17:15:01 - [MESSAGE][PASSED] - com.ct.qa.keywords.ChillerProductsDataKeywords.visitChillerAvailableProductCategories is PASSED

2018-08-09 17:15:01 - [TEST_STEP][PASSED] - tap: Tapped on element 'Object Repository/ShopOpen/ChillerUtilization/ChillerAvailable/ChillerProductsCategories_Planogram_ImageView'

2018-08-09 17:15:01 - [MESSAGE][WARNING] - Timeout '0' is invalid. Using default page load timeout: '5'

2018-08-09 17:15:01 - [MESSAGE][PASSED] - Tapped on element 'Object Repository/ShopOpen/ChillerUtilization/ChillerAvailable/ChillerProductsCategories_Planogram_ImageView'

2018-08-09 17:15:01 - [TEST_STEP][PASSED] - com.ct.qa.keywords.CommonKeywords.checkPlanogramAvailability: com.ct.qa.keywords.CommonKeywords.checkPlanogramAvailability is PASSED

2018-08-09 17:15:01 - [MESSAGE][WARNING] - Timeout '0' is invalid. Using default page load timeout: '5'

2018-08-09 17:15:08 - [MESSAGE][WARNING] - Object Object Repository/CommonScreenElements/InfoPopUp_OKButton not found
[[ATTACHMENT|F:\\Git Projects\\MMAPlus_Merchandising\\MMAPlus_Merchandising\\Reports\\MMA Plus Merchandising With Chiller Wise Data Verification\\20180809_164504\\1533816906933.png]]

2018-08-09 17:15:08 - [MESSAGE][PASSED] - com.ct.qa.keywords.CommonKeywords.checkPlanogramAvailability is PASSED

2018-08-09 17:15:08 - [TEST_STEP][PASSED] - com.ct.qa.keywords.CommonKeywords.closePlanogram: com.ct.qa.keywords.CommonKeywords.closePlanogram is PASSED

2018-08-09 17:15:08 - [MESSAGE][PASSED] - com.ct.qa.keywords.CommonKeywords.closePlanogram is PASSED

2018-08-09 17:15:08 - [TEST_STEP][PASSED] - verifyElementText: Actual text and expected text of test object 'Object Repository/ShopOpen/ChillerUtilization/ChillerAvailable/Validate_ChillerProductsCategoriesScreen' are matched.

2018-08-09 17:15:09 - [MESSAGE][PASSED] - Actual text and expected text of test object 'Object Repository/ShopOpen/ChillerUtilization/ChillerAvailable/Validate_ChillerProductsCategoriesScreen' are matched.

2018-08-09 17:15:09 - [TEST_STEP][PASSED] - com.ct.qa.keywords.CommonKeywords.findPictureImageView: com.ct.qa.keywords.CommonKeywords.findPictureImageView is PASSED

2018-08-09 17:15:09 - [MESSAGE][PASSED] - com.ct.qa.keywords.CommonKeywords.findPictureImageView is PASSED

2018-08-09 17:15:09 - [TEST_STEP][PASSED] - verifyElementText: Actual text and expected text of test object 'Object Repository/ShopOpen/ChillerUtilization/ChillerAvailable/Validate_ChillerProductsCategoriesScreen' are matched.

2018-08-09 17:15:09 - [MESSAGE][PASSED] - Actual text and expected text of test object 'Object Repository/ShopOpen/ChillerUtilization/ChillerAvailable/Validate_ChillerProductsCategoriesScreen' are matched.

2018-08-09 17:15:09 - [TEST_STEP][PASSED] - tap: Tapped on element 'Object Repository/ShopOpen/ChillerUtilization/ChillerAvailable/ChillerProductsCategories_BackButton'

2018-08-09 17:15:09 - [MESSAGE][WARNING] - Timeout '0' is invalid. Using default page load timeout: '5'

2018-08-09 17:15:11 - [MESSAGE][PASSED] - Tapped on element 'Object Repository/ShopOpen/ChillerUtilization/ChillerAvailable/ChillerProductsCategories_BackButton'

2018-08-09 17:15:11 - [TEST_STEP][PASSED] - verifyElementText: Actual text and expected text of test object 'Object Repository/ShopOpen/ChillerUtilization/Validate_ChillerUtilizationScreen' are matched.

2018-08-09 17:15:12 - [MESSAGE][PASSED] - Actual text and expected text of test object 'Object Repository/ShopOpen/ChillerUtilization/Validate_ChillerUtilizationScreen' are matched.

2018-08-09 17:15:12 - [MESSAGE][PASSED] - Call Test Case 'Test Cases/ShopOpen/ChillerUtilization/ChillerAvailable/VisitChillerAvailable' successfully

2018-08-09 17:15:12 - [MESSAGE][WARNING] - Timeout '0' is invalid. Using default page load timeout: '5'

2018-08-09 17:15:15 - [MESSAGE][PASSED] - Element 'Object Repository/CommonScreenElements/Validate_CameraScreen' is exist

2018-08-09 17:15:15 - [MESSAGE][WARNING] - Timeout '0' is invalid. Using default page load timeout: '5'

2018-08-09 17:15:18 - [MESSAGE][PASSED] - Tapped on element 'Object Repository/CommonScreenElements/TakePictureButton'

2018-08-09 17:15:23 - [MESSAGE][PASSED] - Delayed 5 second(s)

2018-08-09 17:15:23 - [MESSAGE][WARNING] - Timeout '0' is invalid. Using default page load timeout: '5'

2018-08-09 17:15:24 - [MESSAGE][PASSED] - Tapped on element 'Object Repository/CommonScreenElements/DoneButton'

2018-08-09 17:15:27 - [TEST_CASE][PASSED] - Test Cases/ShopOpen/ChillerUtilization/ChillerAvailable/VisitChillerAvailable: Test Cases/ShopOpen/ChillerUtilization/ChillerAvailable/VisitChillerAvailable

2018-08-09 17:15:27 - [TEST_STEP][PASSED] - verifyElementExist: Element 'Object Repository/ShopOpen/ChillerUtilization/ChillerAvailable/Validate_ChillerAvailableScreen' is exist

2018-08-09 17:15:27 - [MESSAGE][WARNING] - Timeout '0' is invalid. Using default page load timeout: '5'

2018-08-09 17:15:29 - [MESSAGE][PASSED] - Element 'Object Repository/ShopOpen/ChillerUtilization/ChillerAvailable/Validate_ChillerAvailableScreen' is exist

2018-08-09 17:15:29 - [TEST_STEP][PASSED] - tap: Tapped on element 'Object Repository/ShopOpen/ChillerUtilization/ChillerAvailable/Planogram_ImageView'

2018-08-09 17:15:29 - [MESSAGE][WARNING] - Timeout '0' is invalid. Using default page load timeout: '5'

2018-08-09 17:15:30 - [MESSAGE][PASSED] - Tapped on element 'Object Repository/ShopOpen/ChillerUtilization/ChillerAvailable/Planogram_ImageView'

2018-08-09 17:15:30 - [TEST_STEP][PASSED] - com.ct.qa.keywords.CommonKeywords.checkPlanogramAvailability: com.ct.qa.keywords.CommonKeywords.checkPlanogramAvailability is PASSED

2018-08-09 17:15:30 - [MESSAGE][WARNING] - Timeout '0' is invalid. Using default page load timeout: '5'

2018-08-09 17:15:36 - [MESSAGE][WARNING] - Object Object Repository/CommonScreenElements/InfoPopUp_OKButton not found
[[ATTACHMENT|F:\\Git Projects\\MMAPlus_Merchandising\\MMAPlus_Merchandising\\Reports\\MMA Plus Merchandising With Chiller Wise Data Verification\\20180809_164504\\1533816935790.png]]

2018-08-09 17:15:36 - [MESSAGE][PASSED] - com.ct.qa.keywords.CommonKeywords.checkPlanogramAvailability is PASSED

2018-08-09 17:15:36 - [TEST_STEP][PASSED] - com.ct.qa.keywords.CommonKeywords.closePlanogram: com.ct.qa.keywords.CommonKeywords.closePlanogram is PASSED

2018-08-09 17:15:37 - [MESSAGE][PASSED] - com.ct.qa.keywords.CommonKeywords.closePlanogram is PASSED

2018-08-09 17:15:37 - [TEST_STEP][PASSED] - verifyElementExist: Element 'Object Repository/ShopOpen/ChillerUtilization/ChillerAvailable/Validate_ChillerAvailableScreen' is exist

2018-08-09 17:15:37 - [MESSAGE][WARNING] - Timeout '0' is invalid. Using default page load timeout: '5'

2018-08-09 17:15:38 - [MESSAGE][PASSED] - Element 'Object Repository/ShopOpen/ChillerUtilization/ChillerAvailable/Validate_ChillerAvailableScreen' is exist

2018-08-09 17:15:38 - [TEST_STEP][PASSED] - com.ct.qa.keywords.CommonKeywords.findPictureImageView: com.ct.qa.keywords.CommonKeywords.findPictureImageView is PASSED

2018-08-09 17:15:38 - [MESSAGE][PASSED] - com.ct.qa.keywords.CommonKeywords.findPictureImageView is PASSED

2018-08-09 17:15:38 - [TEST_STEP][PASSED] - verifyElementExist: Element 'Object Repository/ShopOpen/ChillerUtilization/ChillerAvailable/Validate_ChillerAvailableScreen' is exist

2018-08-09 17:15:38 - [MESSAGE][WARNING] - Timeout '0' is invalid. Using default page load timeout: '5'

2018-08-09 17:15:38 - [MESSAGE][PASSED] - Element 'Object Repository/ShopOpen/ChillerUtilization/ChillerAvailable/Validate_ChillerAvailableScreen' is exist

2018-08-09 17:15:38 - [TEST_STEP][PASSED] - tap: Tapped on element 'Object Repository/ShopOpen/ChillerUtilization/ChillerAvailable/Depth1_TakePicture'

2018-08-09 17:15:38 - [MESSAGE][WARNING] - Timeout '0' is invalid. Using default page load timeout: '5'

2018-08-09 17:15:41 - [MESSAGE][PASSED] - Tapped on element 'Object Repository/ShopOpen/ChillerUtilization/ChillerAvailable/Depth1_TakePicture'

2018-08-09 17:15:41 - [TEST_STEP][PASSED] - verifyElementExist: Element 'Object Repository/CommonScreenElements/Validate_CameraScreen' is exist

2018-08-09 17:15:41 - [MESSAGE][WARNING] - Timeout '0' is invalid. Using default page load timeout: '5'

2018-08-09 17:15:41 - [MESSAGE][PASSED] - Element 'Object Repository/CommonScreenElements/Validate_CameraScreen' is exist

2018-08-09 17:15:41 - [TEST_STEP][PASSED] - tap: Tapped on element 'Object Repository/CommonScreenElements/TakePictureButton'

2018-08-09 17:15:41 - [MESSAGE][WARNING] - Timeout '0' is invalid. Using default page load timeout: '5'

2018-08-09 17:15:45 - [MESSAGE][PASSED] - Tapped on element 'Object Repository/CommonScreenElements/TakePictureButton'

2018-08-09 17:15:45 - [TEST_STEP][PASSED] - delay: Delayed 5 second(s)

2018-08-09 17:15:50 - [MESSAGE][PASSED] - Delayed 5 second(s)

2018-08-09 17:15:50 - [TEST_STEP][PASSED] - tap: Tapped on element 'Object Repository/CommonScreenElements/DoneButton'

2018-08-09 17:15:50 - [MESSAGE][WARNING] - Timeout '0' is invalid. Using default page load timeout: '5'

2018-08-09 17:15:50 - [MESSAGE][PASSED] - Tapped on element 'Object Repository/CommonScreenElements/DoneButton'

2018-08-09 17:15:50 - [TEST_STEP][PASSED] - verifyElementExist: Element 'Object Repository/ShopOpen/ChillerUtilization/ChillerAvailable/Validate_ChillerAvailableScreen' is exist

2018-08-09 17:15:50 - [MESSAGE][WARNING] - Timeout '0' is invalid. Using default page load timeout: '5'

2018-08-09 17:15:51 - [MESSAGE][PASSED] - Element 'Object Repository/ShopOpen/ChillerUtilization/ChillerAvailable/Validate_ChillerAvailableScreen' is exist

2018-08-09 17:15:51 - [TEST_STEP][PASSED] - tap: Tapped on element 'Object Repository/ShopOpen/ChillerUtilization/ChillerAvailable/Depth2TakePicture'

2018-08-09 17:15:51 - [MESSAGE][WARNING] - Timeout '0' is invalid. Using default page load timeout: '5'

2018-08-09 17:15:52 - [MESSAGE][PASSED] - Tapped on element 'Object Repository/ShopOpen/ChillerUtilization/ChillerAvailable/Depth2TakePicture'

2018-08-09 17:15:52 - [TEST_STEP][PASSED] - verifyElementExist: Element 'Object Repository/CommonScreenElements/Validate_CameraScreen' is exist

2018-08-09 17:15:52 - [MESSAGE][WARNING] - Timeout '0' is invalid. Using default page load timeout: '5'

2018-08-09 17:15:53 - [MESSAGE][PASSED] - Element 'Object Repository/CommonScreenElements/Validate_CameraScreen' is exist

2018-08-09 17:15:53 - [TEST_STEP][PASSED] - tap: Tapped on element 'Object Repository/CommonScreenElements/TakePictureButton'

2018-08-09 17:15:53 - [MESSAGE][WARNING] - Timeout '0' is invalid. Using default page load timeout: '5'

2018-08-09 17:15:57 - [MESSAGE][PASSED] - Tapped on element 'Object Repository/CommonScreenElements/TakePictureButton'

2018-08-09 17:15:57 - [TEST_STEP][PASSED] - delay: Delayed 5 second(s)

2018-08-09 17:16:02 - [MESSAGE][PASSED] - Delayed 5 second(s)

2018-08-09 17:16:02 - [TEST_STEP][PASSED] - tap: Tapped on element 'Object Repository/CommonScreenElements/DoneButton'

2018-08-09 17:16:02 - [MESSAGE][WARNING] - Timeout '0' is invalid. Using default page load timeout: '5'

2018-08-09 17:16:02 - [MESSAGE][PASSED] - Tapped on element 'Object Repository/CommonScreenElements/DoneButton'

2018-08-09 17:16:02 - [TEST_STEP][PASSED] - verifyElementExist: Element 'Object Repository/ShopOpen/ChillerUtilization/ChillerAvailable/Validate_ChillerAvailableScreen' is exist

2018-08-09 17:16:02 - [MESSAGE][WARNING] - Timeout '0' is invalid. Using default page load timeout: '5'

2018-08-09 17:16:03 - [MESSAGE][PASSED] - Element 'Object Repository/ShopOpen/ChillerUtilization/ChillerAvailable/Validate_ChillerAvailableScreen' is exist

2018-08-09 17:16:03 - [TEST_STEP][PASSED] - tap: Tapped on element 'Object Repository/ShopOpen/ChillerUtilization/ChillerAvailable/NextButton'

2018-08-09 17:16:03 - [MESSAGE][WARNING] - Timeout '0' is invalid. Using default page load timeout: '5'

2018-08-09 17:16:03 - [MESSAGE][PASSED] - Tapped on element 'Object Repository/ShopOpen/ChillerUtilization/ChillerAvailable/NextButton'

2018-08-09 17:16:03 - [TEST_STEP][PASSED] - verifyElementText: Actual text and expected text of test object 'Object Repository/ShopOpen/ChillerUtilization/ChillerAvailable/Validate_ChillerProductsCategoriesScreen' are matched.

2018-08-09 17:16:06 - [MESSAGE][PASSED] - Actual text and expected text of test object 'Object Repository/ShopOpen/ChillerUtilization/ChillerAvailable/Validate_ChillerProductsCategoriesScreen' are matched.

2018-08-09 17:16:06 - [TEST_STEP][PASSED] - com.ct.qa.keywords.ChillerProductsDataKeywords.visitChillerAvailableProductCategories: com.ct.qa.keywords.ChillerProductsDataKeywords.visitChillerAvailableProductCategories is PASSED

2018-08-09 17:16:09 - [TEST_CASE][PASSED] - Test Cases/ShopOpen/ChillerUtilization/ChillerAvailable/VisitProductCategoryAssets: Test Cases/ShopOpen/ChillerUtilization/ChillerAvailable/VisitProductCategoryAssets

2018-08-09 17:16:10 - [TEST_STEP][PASSED] - verifyElementText: Actual text and expected text of test object 'Object Repository/ShopOpen/ChillerUtilization/ChillerAvailable/Validate_ProductCategoryAssetScreen' are matched.

2018-08-09 17:16:11 - [MESSAGE][PASSED] - Actual text and expected text of test object 'Object Repository/ShopOpen/ChillerUtilization/ChillerAvailable/Validate_ProductCategoryAssetScreen' are matched.

2018-08-09 17:16:11 - [TEST_STEP][PASSED] - tap: Tapped on element 'Object Repository/ShopOpen/ChillerUtilization/ChillerAvailable/Facing'

2018-08-09 17:16:11 - [MESSAGE][WARNING] - Timeout '0' is invalid. Using default page load timeout: '5'

2018-08-09 17:16:11 - [MESSAGE][PASSED] - Tapped on element 'Object Repository/ShopOpen/ChillerUtilization/ChillerAvailable/Facing'

2018-08-09 17:16:11 - [TEST_STEP][PASSED] - verifyElementText: Actual text and expected text of test object 'Object Repository/ShopOpen/ChillerUtilization/ChillerAvailable/Validate_FacingScreen' are matched.

2018-08-09 17:16:13 - [MESSAGE][PASSED] - Actual text and expected text of test object 'Object Repository/ShopOpen/ChillerUtilization/ChillerAvailable/Validate_FacingScreen' are matched.

2018-08-09 17:16:13 - [TEST_STEP][PASSED] - com.ct.qa.keywords.ChillerProductsDataKeywords.visitChillerAvailableProductsData: com.ct.qa.keywords.ChillerProductsDataKeywords.visitChillerAvailableProductsData is PASSED

2018-08-09 17:16:16 - [MESSAGE][PASSED] - Keyboard is hidden

2018-08-09 17:16:17 - [MESSAGE][PASSED] - com.ct.qa.keywords.ChillerProductsDataKeywords.visitChillerAvailableProductsData is PASSED

2018-08-09 17:16:17 - [TEST_STEP][PASSED] - tap: Tapped on element 'Object Repository/ShopOpen/ChillerUtilization/ChillerAvailable/SubmitButton'

2018-08-09 17:16:17 - [MESSAGE][WARNING] - Timeout '0' is invalid. Using default page load timeout: '5'

2018-08-09 17:16:17 - [MESSAGE][PASSED] - Tapped on element 'Object Repository/ShopOpen/ChillerUtilization/ChillerAvailable/SubmitButton'

2018-08-09 17:16:17 - [TEST_STEP][PASSED] - verifyElementText: Actual text and expected text of test object 'Object Repository/ShopOpen/ChillerUtilization/ChillerAvailable/Validate_ProductCategoryAssetScreen' are matched.

2018-08-09 17:16:18 - [MESSAGE][PASSED] - Actual text and expected text of test object 'Object Repository/ShopOpen/ChillerUtilization/ChillerAvailable/Validate_ProductCategoryAssetScreen' are matched.

2018-08-09 17:16:18 - [TEST_STEP][PASSED] - tap: Tapped on element 'Object Repository/ShopOpen/ChillerUtilization/ChillerAvailable/Depth'

2018-08-09 17:16:18 - [MESSAGE][WARNING] - Timeout '0' is invalid. Using default page load timeout: '5'

2018-08-09 17:16:19 - [MESSAGE][PASSED] - Tapped on element 'Object Repository/ShopOpen/ChillerUtilization/ChillerAvailable/Depth'

2018-08-09 17:16:19 - [TEST_STEP][PASSED] - verifyElementText: Actual text and expected text of test object 'Object Repository/ShopOpen/ChillerUtilization/ChillerAvailable/Validate_DepthScreen' are matched.

2018-08-09 17:16:21 - [MESSAGE][PASSED] - Actual text and expected text of test object 'Object Repository/ShopOpen/ChillerUtilization/ChillerAvailable/Validate_DepthScreen' are matched.

2018-08-09 17:16:21 - [TEST_STEP][PASSED] - com.ct.qa.keywords.ChillerProductsDataKeywords.visitChillerAvailableProductsData: com.ct.qa.keywords.ChillerProductsDataKeywords.visitChillerAvailableProductsData is PASSED

2018-08-09 17:16:24 - [MESSAGE][PASSED] - Keyboard is hidden

2018-08-09 17:16:25 - [MESSAGE][PASSED] - com.ct.qa.keywords.ChillerProductsDataKeywords.visitChillerAvailableProductsData is PASSED

2018-08-09 17:16:25 - [TEST_STEP][PASSED] - tap: Tapped on element 'Object Repository/ShopOpen/ChillerUtilization/ChillerAvailable/SubmitButton'

2018-08-09 17:16:25 - [MESSAGE][WARNING] - Timeout '0' is invalid. Using default page load timeout: '5'

2018-08-09 17:16:25 - [MESSAGE][PASSED] - Tapped on element 'Object Repository/ShopOpen/ChillerUtilization/ChillerAvailable/SubmitButton'

2018-08-09 17:16:25 - [TEST_STEP][PASSED] - verifyElementText: Actual text and expected text of test object 'Object Repository/ShopOpen/ChillerUtilization/ChillerAvailable/Validate_ProductCategoryAssetScreen' are matched.

2018-08-09 17:16:26 - [MESSAGE][PASSED] - Actual text and expected text of test object 'Object Repository/ShopOpen/ChillerUtilization/ChillerAvailable/Validate_ProductCategoryAssetScreen' are matched.

2018-08-09 17:16:26 - [TEST_STEP][PASSED] - tap: Tapped on element 'Object Repository/ShopOpen/ChillerUtilization/ChillerAvailable/StockCount'

2018-08-09 17:16:26 - [MESSAGE][WARNING] - Timeout '0' is invalid. Using default page load timeout: '5'

2018-08-09 17:16:27 - [MESSAGE][PASSED] - Tapped on element 'Object Repository/ShopOpen/ChillerUtilization/ChillerAvailable/StockCount'

2018-08-09 17:16:27 - [TEST_STEP][PASSED] - verifyElementText: Actual text and expected text of test object 'Object Repository/ShopOpen/ChillerUtilization/ChillerAvailable/Validate_StockCountScreen' are matched.

2018-08-09 17:16:29 - [MESSAGE][PASSED] - Actual text and expected text of test object 'Object Repository/ShopOpen/ChillerUtilization/ChillerAvailable/Validate_StockCountScreen' are matched.

2018-08-09 17:16:29 - [TEST_STEP][PASSED] - com.ct.qa.keywords.ChillerProductsDataKeywords.visitChillerAvailableProductsData: com.ct.qa.keywords.ChillerProductsDataKeywords.visitChillerAvailableProductsData is PASSED

2018-08-09 17:16:32 - [MESSAGE][PASSED] - Keyboard is hidden

2018-08-09 17:16:33 - [MESSAGE][PASSED] - com.ct.qa.keywords.ChillerProductsDataKeywords.visitChillerAvailableProductsData is PASSED

2018-08-09 17:16:33 - [TEST_STEP][PASSED] - tap: Tapped on element 'Object Repository/ShopOpen/ChillerUtilization/ChillerAvailable/SubmitButton'

2018-08-09 17:16:33 - [MESSAGE][WARNING] - Timeout '0' is invalid. Using default page load timeout: '5'

2018-08-09 17:16:33 - [MESSAGE][PASSED] - Tapped on element 'Object Repository/ShopOpen/ChillerUtilization/ChillerAvailable/SubmitButton'

2018-08-09 17:16:33 - [TEST_STEP][PASSED] - verifyElementText: Actual text and expected text of test object 'Object Repository/ShopOpen/ChillerUtilization/ChillerAvailable/Validate_ProductCategoryAssetScreen' are matched.

2018-08-09 17:16:34 - [MESSAGE][PASSED] - Actual text and expected text of test object 'Object Repository/ShopOpen/ChillerUtilization/ChillerAvailable/Validate_ProductCategoryAssetScreen' are matched.

2018-08-09 17:16:34 - [TEST_STEP][PASSED] - tap: Tapped on element 'Object Repository/ShopOpen/ChillerUtilization/ChillerAvailable/PorductCategoryActions_BackButton'

2018-08-09 17:16:34 - [MESSAGE][WARNING] - Timeout '0' is invalid. Using default page load timeout: '5'

2018-08-09 17:16:34 - [MESSAGE][PASSED] - Tapped on element 'Object Repository/ShopOpen/ChillerUtilization/ChillerAvailable/PorductCategoryActions_BackButton'

2018-08-09 17:16:34 - [TEST_STEP][PASSED] - verifyElementText: Actual text and expected text of test object 'Object Repository/ShopOpen/ChillerUtilization/ChillerAvailable/Validate_ChillerProductsCategoriesScreen' are matched.

2018-08-09 17:16:35 - [MESSAGE][PASSED] - Actual text and expected text of test object 'Object Repository/ShopOpen/ChillerUtilization/ChillerAvailable/Validate_ChillerProductsCategoriesScreen' are matched.

2018-08-09 17:16:35 - [MESSAGE][PASSED] - Call Test Case 'Test Cases/ShopOpen/ChillerUtilization/ChillerAvailable/VisitProductCategoryAssets' successfully

2018-08-09 17:16:36 - [TEST_CASE][PASSED] - Test Cases/ShopOpen/ChillerUtilization/ChillerAvailable/VisitProductCategoryAssets: Test Cases/ShopOpen/ChillerUtilization/ChillerAvailable/VisitProductCategoryAssets

2018-08-09 17:16:36 - [TEST_STEP][PASSED] - verifyElementText: Actual text and expected text of test object 'Object Repository/ShopOpen/ChillerUtilization/ChillerAvailable/Validate_ProductCategoryAssetScreen' are matched.

2018-08-09 17:16:38 - [MESSAGE][PASSED] - Actual text and expected text of test object 'Object Repository/ShopOpen/ChillerUtilization/ChillerAvailable/Validate_ProductCategoryAssetScreen' are matched.

2018-08-09 17:16:38 - [TEST_STEP][PASSED] - tap: Tapped on element 'Object Repository/ShopOpen/ChillerUtilization/ChillerAvailable/Facing'

2018-08-09 17:16:38 - [MESSAGE][WARNING] - Timeout '0' is invalid. Using default page load timeout: '5'

2018-08-09 17:16:39 - [MESSAGE][PASSED] - Tapped on element 'Object Repository/ShopOpen/ChillerUtilization/ChillerAvailable/Facing'

2018-08-09 17:16:39 - [TEST_STEP][PASSED] - verifyElementText: Actual text and expected text of test object 'Object Repository/ShopOpen/ChillerUtilization/ChillerAvailable/Validate_FacingScreen' are matched.

2018-08-09 17:16:40 - [MESSAGE][PASSED] - Actual text and expected text of test object 'Object Repository/ShopOpen/ChillerUtilization/ChillerAvailable/Validate_FacingScreen' are matched.

2018-08-09 17:16:40 - [TEST_STEP][PASSED] - com.ct.qa.keywords.ChillerProductsDataKeywords.visitChillerAvailableProductsData: com.ct.qa.keywords.ChillerProductsDataKeywords.visitChillerAvailableProductsData is PASSED

2018-08-09 17:16:44 - [MESSAGE][PASSED] - Keyboard is hidden

2018-08-09 17:16:47 - [MESSAGE][PASSED] - Keyboard is hidden

2018-08-09 17:16:50 - [MESSAGE][PASSED] - Keyboard is hidden

2018-08-09 17:16:53 - [MESSAGE][PASSED] - Keyboard is hidden

2018-08-09 17:16:56 - [MESSAGE][PASSED] - Keyboard is hidden

2018-08-09 17:16:59 - [MESSAGE][PASSED] - Keyboard is hidden

2018-08-09 17:17:03 - [MESSAGE][PASSED] - Swiped from 50,359 to 50,250

2018-08-09 17:17:06 - [MESSAGE][PASSED] - Keyboard is hidden

2018-08-09 17:17:08 - [MESSAGE][PASSED] - Swiped from 50,359 to 50,250

2018-08-09 17:17:11 - [MESSAGE][PASSED] - Keyboard is hidden

2018-08-09 17:17:13 - [MESSAGE][PASSED] - Swiped from 50,359 to 50,250

2018-08-09 17:17:16 - [MESSAGE][PASSED] - Keyboard is hidden

2018-08-09 17:17:18 - [MESSAGE][PASSED] - Swiped from 50,359 to 50,250

2018-08-09 17:17:21 - [MESSAGE][PASSED] - Keyboard is hidden

2018-08-09 17:17:23 - [MESSAGE][PASSED] - Swiped from 50,359 to 50,250

2018-08-09 17:17:26 - [MESSAGE][PASSED] - Keyboard is hidden

2018-08-09 17:17:28 - [MESSAGE][PASSED] - Swiped from 50,359 to 50,250

2018-08-09 17:17:31 - [MESSAGE][PASSED] - Keyboard is hidden

2018-08-09 17:17:33 - [MESSAGE][PASSED] - Swiped from 50,359 to 50,250

2018-08-09 17:17:34 - [MESSAGE][PASSED] - com.ct.qa.keywords.ChillerProductsDataKeywords.visitChillerAvailableProductsData is PASSED

2018-08-09 17:17:34 - [TEST_STEP][PASSED] - tap: Tapped on element 'Object Repository/ShopOpen/ChillerUtilization/ChillerAvailable/SubmitButton'

2018-08-09 17:17:34 - [MESSAGE][WARNING] - Timeout '0' is invalid. Using default page load timeout: '5'

2018-08-09 17:17:34 - [MESSAGE][PASSED] - Tapped on element 'Object Repository/ShopOpen/ChillerUtilization/ChillerAvailable/SubmitButton'

2018-08-09 17:17:34 - [TEST_STEP][PASSED] - verifyElementText: Actual text and expected text of test object 'Object Repository/ShopOpen/ChillerUtilization/ChillerAvailable/Validate_ProductCategoryAssetScreen' are matched.

2018-08-09 17:17:35 - [MESSAGE][PASSED] - Actual text and expected text of test object 'Object Repository/ShopOpen/ChillerUtilization/ChillerAvailable/Validate_ProductCategoryAssetScreen' are matched.

2018-08-09 17:17:35 - [TEST_STEP][PASSED] - tap: Tapped on element 'Object Repository/ShopOpen/ChillerUtilization/ChillerAvailable/Depth'

2018-08-09 17:17:35 - [MESSAGE][WARNING] - Timeout '0' is invalid. Using default page load timeout: '5'

2018-08-09 17:17:35 - [MESSAGE][PASSED] - Tapped on element 'Object Repository/ShopOpen/ChillerUtilization/ChillerAvailable/Depth'

2018-08-09 17:17:35 - [TEST_STEP][PASSED] - verifyElementText: Actual text and expected text of test object 'Object Repository/ShopOpen/ChillerUtilization/ChillerAvailable/Validate_DepthScreen' are matched.

2018-08-09 17:17:38 - [MESSAGE][PASSED] - Actual text and expected text of test object 'Object Repository/ShopOpen/ChillerUtilization/ChillerAvailable/Validate_DepthScreen' are matched.

2018-08-09 17:17:38 - [TEST_STEP][PASSED] - com.ct.qa.keywords.ChillerProductsDataKeywords.visitChillerAvailableProductsData: com.ct.qa.keywords.ChillerProductsDataKeywords.visitChillerAvailableProductsData is PASSED

2018-08-09 17:17:42 - [MESSAGE][PASSED] - Keyboard is hidden

2018-08-09 17:17:45 - [MESSAGE][PASSED] - Keyboard is hidden

2018-08-09 17:17:48 - [MESSAGE][PASSED] - Keyboard is hidden

2018-08-09 17:17:51 - [MESSAGE][PASSED] - Keyboard is hidden

2018-08-09 17:17:54 - [MESSAGE][PASSED] - Keyboard is hidden

2018-08-09 17:17:57 - [MESSAGE][PASSED] - Keyboard is hidden

2018-08-09 17:18:00 - [MESSAGE][PASSED] - Swiped from 50,359 to 50,250

2018-08-09 17:18:03 - [MESSAGE][PASSED] - Keyboard is hidden

2018-08-09 17:18:05 - [MESSAGE][PASSED] - Swiped from 50,359 to 50,250

2018-08-09 17:18:08 - [MESSAGE][PASSED] - Keyboard is hidden

2018-08-09 17:18:10 - [MESSAGE][PASSED] - Swiped from 50,359 to 50,250

2018-08-09 17:18:13 - [MESSAGE][PASSED] - Keyboard is hidden

2018-08-09 17:18:15 - [MESSAGE][PASSED] - Swiped from 50,359 to 50,250

2018-08-09 17:18:18 - [MESSAGE][PASSED] - Keyboard is hidden

2018-08-09 17:18:20 - [MESSAGE][PASSED] - Swiped from 50,359 to 50,250

2018-08-09 17:18:23 - [MESSAGE][PASSED] - Keyboard is hidden

2018-08-09 17:18:25 - [MESSAGE][PASSED] - Swiped from 50,359 to 50,250

2018-08-09 17:18:28 - [MESSAGE][PASSED] - Keyboard is hidden

2018-08-09 17:18:30 - [MESSAGE][PASSED] - Swiped from 50,359 to 50,250

2018-08-09 17:18:31 - [MESSAGE][PASSED] - com.ct.qa.keywords.ChillerProductsDataKeywords.visitChillerAvailableProductsData is PASSED

2018-08-09 17:18:31 - [TEST_STEP][PASSED] - tap: Tapped on element 'Object Repository/ShopOpen/ChillerUtilization/ChillerAvailable/SubmitButton'

2018-08-09 17:18:31 - [MESSAGE][WARNING] - Timeout '0' is invalid. Using default page load timeout: '5'

2018-08-09 17:18:31 - [MESSAGE][PASSED] - Tapped on element 'Object Repository/ShopOpen/ChillerUtilization/ChillerAvailable/SubmitButton'

2018-08-09 17:18:31 - [TEST_STEP][PASSED] - verifyElementText: Actual text and expected text of test object 'Object Repository/ShopOpen/ChillerUtilization/ChillerAvailable/Validate_ProductCategoryAssetScreen' are matched.

2018-08-09 17:18:32 - [MESSAGE][PASSED] - Actual text and expected text of test object 'Object Repository/ShopOpen/ChillerUtilization/ChillerAvailable/Validate_ProductCategoryAssetScreen' are matched.

2018-08-09 17:18:32 - [TEST_STEP][PASSED] - tap: Tapped on element 'Object Repository/ShopOpen/ChillerUtilization/ChillerAvailable/StockCount'

2018-08-09 17:18:32 - [MESSAGE][WARNING] - Timeout '0' is invalid. Using default page load timeout: '5'

2018-08-09 17:18:32 - [MESSAGE][PASSED] - Tapped on element 'Object Repository/ShopOpen/ChillerUtilization/ChillerAvailable/StockCount'

2018-08-09 17:18:32 - [TEST_STEP][PASSED] - verifyElementText: Actual text and expected text of test object 'Object Repository/ShopOpen/ChillerUtilization/ChillerAvailable/Validate_StockCountScreen' are matched.

2018-08-09 17:18:35 - [MESSAGE][PASSED] - Actual text and expected text of test object 'Object Repository/ShopOpen/ChillerUtilization/ChillerAvailable/Validate_StockCountScreen' are matched.

2018-08-09 17:18:35 - [TEST_STEP][PASSED] - com.ct.qa.keywords.ChillerProductsDataKeywords.visitChillerAvailableProductsData: com.ct.qa.keywords.ChillerProductsDataKeywords.visitChillerAvailableProductsData is PASSED

2018-08-09 17:18:39 - [MESSAGE][PASSED] - Keyboard is hidden

2018-08-09 17:18:42 - [MESSAGE][PASSED] - Keyboard is hidden

2018-08-09 17:18:45 - [MESSAGE][PASSED] - Keyboard is hidden

2018-08-09 17:18:48 - [MESSAGE][PASSED] - Keyboard is hidden

2018-08-09 17:18:51 - [MESSAGE][PASSED] - Keyboard is hidden

2018-08-09 17:18:54 - [MESSAGE][PASSED] - Keyboard is hidden

2018-08-09 17:18:57 - [MESSAGE][PASSED] - Swiped from 50,359 to 50,250

2018-08-09 17:19:00 - [MESSAGE][PASSED] - Keyboard is hidden

2018-08-09 17:19:02 - [MESSAGE][PASSED] - Swiped from 50,359 to 50,250

2018-08-09 17:19:05 - [MESSAGE][PASSED] - Keyboard is hidden

2018-08-09 17:19:07 - [MESSAGE][PASSED] - Swiped from 50,359 to 50,250

2018-08-09 17:19:10 - [MESSAGE][PASSED] - Keyboard is hidden

2018-08-09 17:19:12 - [MESSAGE][PASSED] - Swiped from 50,359 to 50,250

2018-08-09 17:19:15 - [MESSAGE][PASSED] - Keyboard is hidden

2018-08-09 17:19:17 - [MESSAGE][PASSED] - Swiped from 50,359 to 50,250

2018-08-09 17:19:20 - [MESSAGE][PASSED] - Keyboard is hidden

2018-08-09 17:19:22 - [MESSAGE][PASSED] - Swiped from 50,359 to 50,250

2018-08-09 17:19:25 - [MESSAGE][PASSED] - Keyboard is hidden

2018-08-09 17:19:27 - [MESSAGE][PASSED] - Swiped from 50,359 to 50,250

2018-08-09 17:19:28 - [MESSAGE][PASSED] - com.ct.qa.keywords.ChillerProductsDataKeywords.visitChillerAvailableProductsData is PASSED

2018-08-09 17:19:28 - [TEST_STEP][PASSED] - tap: Tapped on element 'Object Repository/ShopOpen/ChillerUtilization/ChillerAvailable/SubmitButton'

2018-08-09 17:19:28 - [MESSAGE][WARNING] - Timeout '0' is invalid. Using default page load timeout: '5'

2018-08-09 17:19:28 - [MESSAGE][PASSED] - Tapped on element 'Object Repository/ShopOpen/ChillerUtilization/ChillerAvailable/SubmitButton'

2018-08-09 17:19:28 - [TEST_STEP][PASSED] - verifyElementText: Actual text and expected text of test object 'Object Repository/ShopOpen/ChillerUtilization/ChillerAvailable/Validate_ProductCategoryAssetScreen' are matched.

2018-08-09 17:19:29 - [MESSAGE][PASSED] - Actual text and expected text of test object 'Object Repository/ShopOpen/ChillerUtilization/ChillerAvailable/Validate_ProductCategoryAssetScreen' are matched.

2018-08-09 17:19:29 - [TEST_STEP][PASSED] - tap: Tapped on element 'Object Repository/ShopOpen/ChillerUtilization/ChillerAvailable/PorductCategoryActions_BackButton'

2018-08-09 17:19:29 - [MESSAGE][WARNING] - Timeout '0' is invalid. Using default page load timeout: '5'

2018-08-09 17:19:29 - [MESSAGE][PASSED] - Tapped on element 'Object Repository/ShopOpen/ChillerUtilization/ChillerAvailable/PorductCategoryActions_BackButton'

2018-08-09 17:19:29 - [TEST_STEP][PASSED] - verifyElementText: Actual text and expected text of test object 'Object Repository/ShopOpen/ChillerUtilization/ChillerAvailable/Validate_ChillerProductsCategoriesScreen' are matched.

2018-08-09 17:19:31 - [MESSAGE][PASSED] - Actual text and expected text of test object 'Object Repository/ShopOpen/ChillerUtilization/ChillerAvailable/Validate_ChillerProductsCategoriesScreen' are matched.

2018-08-09 17:19:31 - [MESSAGE][PASSED] - Call Test Case 'Test Cases/ShopOpen/ChillerUtilization/ChillerAvailable/VisitProductCategoryAssets' successfully

2018-08-09 17:19:31 - [TEST_CASE][PASSED] - Test Cases/ShopOpen/ChillerUtilization/ChillerAvailable/VisitProductCategoryAssets: Test Cases/ShopOpen/ChillerUtilization/ChillerAvailable/VisitProductCategoryAssets

2018-08-09 17:19:31 - [TEST_STEP][PASSED] - verifyElementText: Actual text and expected text of test object 'Object Repository/ShopOpen/ChillerUtilization/ChillerAvailable/Validate_ProductCategoryAssetScreen' are matched.

2018-08-09 17:19:33 - [MESSAGE][PASSED] - Actual text and expected text of test object 'Object Repository/ShopOpen/ChillerUtilization/ChillerAvailable/Validate_ProductCategoryAssetScreen' are matched.

2018-08-09 17:19:33 - [TEST_STEP][PASSED] - tap: Tapped on element 'Object Repository/ShopOpen/ChillerUtilization/ChillerAvailable/Facing'

2018-08-09 17:19:33 - [MESSAGE][WARNING] - Timeout '0' is invalid. Using default page load timeout: '5'

2018-08-09 17:19:33 - [MESSAGE][PASSED] - Tapped on element 'Object Repository/ShopOpen/ChillerUtilization/ChillerAvailable/Facing'

2018-08-09 17:19:33 - [TEST_STEP][PASSED] - verifyElementText: Actual text and expected text of test object 'Object Repository/ShopOpen/ChillerUtilization/ChillerAvailable/Validate_FacingScreen' are matched.

2018-08-09 17:19:35 - [MESSAGE][PASSED] - Actual text and expected text of test object 'Object Repository/ShopOpen/ChillerUtilization/ChillerAvailable/Validate_FacingScreen' are matched.

2018-08-09 17:19:35 - [TEST_STEP][PASSED] - com.ct.qa.keywords.ChillerProductsDataKeywords.visitChillerAvailableProductsData: com.ct.qa.keywords.ChillerProductsDataKeywords.visitChillerAvailableProductsData is PASSED

2018-08-09 17:19:38 - [MESSAGE][PASSED] - Keyboard is hidden

2018-08-09 17:19:41 - [MESSAGE][PASSED] - Keyboard is hidden

2018-08-09 17:19:42 - [MESSAGE][PASSED] - com.ct.qa.keywords.ChillerProductsDataKeywords.visitChillerAvailableProductsData is PASSED

2018-08-09 17:19:42 - [TEST_STEP][PASSED] - tap: Tapped on element 'Object Repository/ShopOpen/ChillerUtilization/ChillerAvailable/SubmitButton'

2018-08-09 17:19:42 - [MESSAGE][WARNING] - Timeout '0' is invalid. Using default page load timeout: '5'

2018-08-09 17:19:43 - [MESSAGE][PASSED] - Tapped on element 'Object Repository/ShopOpen/ChillerUtilization/ChillerAvailable/SubmitButton'

2018-08-09 17:19:43 - [TEST_STEP][PASSED] - verifyElementText: Actual text and expected text of test object 'Object Repository/ShopOpen/ChillerUtilization/ChillerAvailable/Validate_ProductCategoryAssetScreen' are matched.

2018-08-09 17:19:44 - [MESSAGE][PASSED] - Actual text and expected text of test object 'Object Repository/ShopOpen/ChillerUtilization/ChillerAvailable/Validate_ProductCategoryAssetScreen' are matched.

2018-08-09 17:19:44 - [TEST_STEP][PASSED] - tap: Tapped on element 'Object Repository/ShopOpen/ChillerUtilization/ChillerAvailable/Depth'

2018-08-09 17:19:44 - [MESSAGE][WARNING] - Timeout '0' is invalid. Using default page load timeout: '5'

2018-08-09 17:19:44 - [MESSAGE][PASSED] - Tapped on element 'Object Repository/ShopOpen/ChillerUtilization/ChillerAvailable/Depth'

2018-08-09 17:19:44 - [TEST_STEP][PASSED] - verifyElementText: Actual text and expected text of test object 'Object Repository/ShopOpen/ChillerUtilization/ChillerAvailable/Validate_DepthScreen' are matched.

2018-08-09 17:19:46 - [MESSAGE][PASSED] - Actual text and expected text of test object 'Object Repository/ShopOpen/ChillerUtilization/ChillerAvailable/Validate_DepthScreen' are matched.

2018-08-09 17:19:46 - [TEST_STEP][PASSED] - com.ct.qa.keywords.ChillerProductsDataKeywords.visitChillerAvailableProductsData: com.ct.qa.keywords.ChillerProductsDataKeywords.visitChillerAvailableProductsData is PASSED

2018-08-09 17:19:49 - [MESSAGE][PASSED] - Keyboard is hidden

2018-08-09 17:19:52 - [MESSAGE][PASSED] - Keyboard is hidden

2018-08-09 17:19:53 - [MESSAGE][PASSED] - com.ct.qa.keywords.ChillerProductsDataKeywords.visitChillerAvailableProductsData is PASSED

2018-08-09 17:19:53 - [TEST_STEP][PASSED] - tap: Tapped on element 'Object Repository/ShopOpen/ChillerUtilization/ChillerAvailable/SubmitButton'

2018-08-09 17:19:53 - [MESSAGE][WARNING] - Timeout '0' is invalid. Using default page load timeout: '5'

2018-08-09 17:19:54 - [MESSAGE][PASSED] - Tapped on element 'Object Repository/ShopOpen/ChillerUtilization/ChillerAvailable/SubmitButton'

2018-08-09 17:19:54 - [TEST_STEP][PASSED] - verifyElementText: Actual text and expected text of test object 'Object Repository/ShopOpen/ChillerUtilization/ChillerAvailable/Validate_ProductCategoryAssetScreen' are matched.

2018-08-09 17:19:55 - [MESSAGE][PASSED] - Actual text and expected text of test object 'Object Repository/ShopOpen/ChillerUtilization/ChillerAvailable/Validate_ProductCategoryAssetScreen' are matched.

2018-08-09 17:19:55 - [TEST_STEP][PASSED] - tap: Tapped on element 'Object Repository/ShopOpen/ChillerUtilization/ChillerAvailable/StockCount'

2018-08-09 17:19:55 - [MESSAGE][WARNING] - Timeout '0' is invalid. Using default page load timeout: '5'

2018-08-09 17:19:55 - [MESSAGE][PASSED] - Tapped on element 'Object Repository/ShopOpen/ChillerUtilization/ChillerAvailable/StockCount'

2018-08-09 17:19:55 - [TEST_STEP][PASSED] - verifyElementText: Actual text and expected text of test object 'Object Repository/ShopOpen/ChillerUtilization/ChillerAvailable/Validate_StockCountScreen' are matched.

2018-08-09 17:19:57 - [MESSAGE][PASSED] - Actual text and expected text of test object 'Object Repository/ShopOpen/ChillerUtilization/ChillerAvailable/Validate_StockCountScreen' are matched.

2018-08-09 17:19:57 - [TEST_STEP][PASSED] - com.ct.qa.keywords.ChillerProductsDataKeywords.visitChillerAvailableProductsData: com.ct.qa.keywords.ChillerProductsDataKeywords.visitChillerAvailableProductsData is PASSED

2018-08-09 17:20:00 - [MESSAGE][PASSED] - Keyboard is hidden

2018-08-09 17:20:03 - [MESSAGE][PASSED] - Keyboard is hidden

2018-08-09 17:20:04 - [MESSAGE][PASSED] - com.ct.qa.keywords.ChillerProductsDataKeywords.visitChillerAvailableProductsData is PASSED

2018-08-09 17:20:04 - [TEST_STEP][PASSED] - tap: Tapped on element 'Object Repository/ShopOpen/ChillerUtilization/ChillerAvailable/SubmitButton'

2018-08-09 17:20:04 - [MESSAGE][WARNING] - Timeout '0' is invalid. Using default page load timeout: '5'

2018-08-09 17:20:04 - [MESSAGE][PASSED] - Tapped on element 'Object Repository/ShopOpen/ChillerUtilization/ChillerAvailable/SubmitButton'

2018-08-09 17:20:04 - [TEST_STEP][PASSED] - verifyElementText: Actual text and expected text of test object 'Object Repository/ShopOpen/ChillerUtilization/ChillerAvailable/Validate_ProductCategoryAssetScreen' are matched.

2018-08-09 17:20:05 - [MESSAGE][PASSED] - Actual text and expected text of test object 'Object Repository/ShopOpen/ChillerUtilization/ChillerAvailable/Validate_ProductCategoryAssetScreen' are matched.

2018-08-09 17:20:05 - [TEST_STEP][PASSED] - tap: Tapped on element 'Object Repository/ShopOpen/ChillerUtilization/ChillerAvailable/PorductCategoryActions_BackButton'

2018-08-09 17:20:05 - [MESSAGE][WARNING] - Timeout '0' is invalid. Using default page load timeout: '5'

2018-08-09 17:20:06 - [MESSAGE][PASSED] - Tapped on element 'Object Repository/ShopOpen/ChillerUtilization/ChillerAvailable/PorductCategoryActions_BackButton'

2018-08-09 17:20:06 - [TEST_STEP][PASSED] - verifyElementText: Actual text and expected text of test object 'Object Repository/ShopOpen/ChillerUtilization/ChillerAvailable/Validate_ChillerProductsCategoriesScreen' are matched.

2018-08-09 17:20:07 - [MESSAGE][PASSED] - Actual text and expected text of test object 'Object Repository/ShopOpen/ChillerUtilization/ChillerAvailable/Validate_ChillerProductsCategoriesScreen' are matched.

2018-08-09 17:20:07 - [MESSAGE][PASSED] - Call Test Case 'Test Cases/ShopOpen/ChillerUtilization/ChillerAvailable/VisitProductCategoryAssets' successfully

2018-08-09 17:20:08 - [TEST_CASE][PASSED] - Test Cases/ShopOpen/ChillerUtilization/ChillerAvailable/VisitProductCategoryAssets: Test Cases/ShopOpen/ChillerUtilization/ChillerAvailable/VisitProductCategoryAssets

2018-08-09 17:20:08 - [TEST_STEP][PASSED] - verifyElementText: Actual text and expected text of test object 'Object Repository/ShopOpen/ChillerUtilization/ChillerAvailable/Validate_ProductCategoryAssetScreen' are matched.

2018-08-09 17:20:10 - [MESSAGE][PASSED] - Actual text and expected text of test object 'Object Repository/ShopOpen/ChillerUtilization/ChillerAvailable/Validate_ProductCategoryAssetScreen' are matched.

2018-08-09 17:20:10 - [TEST_STEP][PASSED] - tap: Tapped on element 'Object Repository/ShopOpen/ChillerUtilization/ChillerAvailable/Facing'

2018-08-09 17:20:10 - [MESSAGE][WARNING] - Timeout '0' is invalid. Using default page load timeout: '5'

2018-08-09 17:20:10 - [MESSAGE][PASSED] - Tapped on element 'Object Repository/ShopOpen/ChillerUtilization/ChillerAvailable/Facing'

2018-08-09 17:20:10 - [TEST_STEP][PASSED] - verifyElementText: Actual text and expected text of test object 'Object Repository/ShopOpen/ChillerUtilization/ChillerAvailable/Validate_FacingScreen' are matched.

2018-08-09 17:20:12 - [MESSAGE][PASSED] - Actual text and expected text of test object 'Object Repository/ShopOpen/ChillerUtilization/ChillerAvailable/Validate_FacingScreen' are matched.

2018-08-09 17:20:12 - [TEST_STEP][PASSED] - com.ct.qa.keywords.ChillerProductsDataKeywords.visitChillerAvailableProductsData: com.ct.qa.keywords.ChillerProductsDataKeywords.visitChillerAvailableProductsData is PASSED

2018-08-09 17:20:16 - [MESSAGE][PASSED] - Keyboard is hidden

2018-08-09 17:20:19 - [MESSAGE][PASSED] - Keyboard is hidden

2018-08-09 17:20:22 - [MESSAGE][PASSED] - Keyboard is hidden

2018-08-09 17:20:25 - [MESSAGE][PASSED] - Keyboard is hidden

2018-08-09 17:20:28 - [MESSAGE][PASSED] - Keyboard is hidden

2018-08-09 17:20:31 - [MESSAGE][PASSED] - Keyboard is hidden

2018-08-09 17:20:34 - [MESSAGE][PASSED] - Swiped from 65,359 to 65,250

2018-08-09 17:20:35 - [MESSAGE][PASSED] - com.ct.qa.keywords.ChillerProductsDataKeywords.visitChillerAvailableProductsData is PASSED

2018-08-09 17:20:35 - [TEST_STEP][PASSED] - tap: Tapped on element 'Object Repository/ShopOpen/ChillerUtilization/ChillerAvailable/SubmitButton'

2018-08-09 17:20:35 - [MESSAGE][WARNING] - Timeout '0' is invalid. Using default page load timeout: '5'

2018-08-09 17:20:36 - [MESSAGE][PASSED] - Tapped on element 'Object Repository/ShopOpen/ChillerUtilization/ChillerAvailable/SubmitButton'

2018-08-09 17:20:36 - [TEST_STEP][PASSED] - verifyElementText: Actual text and expected text of test object 'Object Repository/ShopOpen/ChillerUtilization/ChillerAvailable/Validate_ProductCategoryAssetScreen' are matched.

2018-08-09 17:20:36 - [MESSAGE][PASSED] - Actual text and expected text of test object 'Object Repository/ShopOpen/ChillerUtilization/ChillerAvailable/Validate_ProductCategoryAssetScreen' are matched.

2018-08-09 17:20:36 - [TEST_STEP][PASSED] - tap: Tapped on element 'Object Repository/ShopOpen/ChillerUtilization/ChillerAvailable/Depth'

2018-08-09 17:20:36 - [MESSAGE][WARNING] - Timeout '0' is invalid. Using default page load timeout: '5'

2018-08-09 17:20:37 - [MESSAGE][PASSED] - Tapped on element 'Object Repository/ShopOpen/ChillerUtilization/ChillerAvailable/Depth'

2018-08-09 17:20:37 - [TEST_STEP][PASSED] - verifyElementText: Actual text and expected text of test object 'Object Repository/ShopOpen/ChillerUtilization/ChillerAvailable/Validate_DepthScreen' are matched.

2018-08-09 17:20:39 - [MESSAGE][PASSED] - Actual text and expected text of test object 'Object Repository/ShopOpen/ChillerUtilization/ChillerAvailable/Validate_DepthScreen' are matched.

2018-08-09 17:20:39 - [TEST_STEP][PASSED] - com.ct.qa.keywords.ChillerProductsDataKeywords.visitChillerAvailableProductsData: com.ct.qa.keywords.ChillerProductsDataKeywords.visitChillerAvailableProductsData is PASSED

2018-08-09 17:20:43 - [MESSAGE][PASSED] - Keyboard is hidden

2018-08-09 17:20:46 - [MESSAGE][PASSED] - Keyboard is hidden

2018-08-09 17:20:49 - [MESSAGE][PASSED] - Keyboard is hidden

2018-08-09 17:20:52 - [MESSAGE][PASSED] - Keyboard is hidden

2018-08-09 17:20:55 - [MESSAGE][PASSED] - Keyboard is hidden

2018-08-09 17:20:58 - [MESSAGE][PASSED] - Keyboard is hidden

2018-08-09 17:21:01 - [MESSAGE][PASSED] - Swiped from 65,359 to 65,250

2018-08-09 17:21:02 - [MESSAGE][PASSED] - com.ct.qa.keywords.ChillerProductsDataKeywords.visitChillerAvailableProductsData is PASSED

2018-08-09 17:21:02 - [TEST_STEP][PASSED] - tap: Tapped on element 'Object Repository/ShopOpen/ChillerUtilization/ChillerAvailable/SubmitButton'

2018-08-09 17:21:02 - [MESSAGE][WARNING] - Timeout '0' is invalid. Using default page load timeout: '5'

2018-08-09 17:21:03 - [MESSAGE][PASSED] - Tapped on element 'Object Repository/ShopOpen/ChillerUtilization/ChillerAvailable/SubmitButton'

2018-08-09 17:21:03 - [TEST_STEP][PASSED] - verifyElementText: Actual text and expected text of test object 'Object Repository/ShopOpen/ChillerUtilization/ChillerAvailable/Validate_ProductCategoryAssetScreen' are matched.

2018-08-09 17:21:04 - [MESSAGE][PASSED] - Actual text and expected text of test object 'Object Repository/ShopOpen/ChillerUtilization/ChillerAvailable/Validate_ProductCategoryAssetScreen' are matched.

2018-08-09 17:21:04 - [TEST_STEP][PASSED] - tap: Tapped on element 'Object Repository/ShopOpen/ChillerUtilization/ChillerAvailable/StockCount'

2018-08-09 17:21:04 - [MESSAGE][WARNING] - Timeout '0' is invalid. Using default page load timeout: '5'

2018-08-09 17:21:04 - [MESSAGE][PASSED] - Tapped on element 'Object Repository/ShopOpen/ChillerUtilization/ChillerAvailable/StockCount'

2018-08-09 17:21:04 - [TEST_STEP][PASSED] - verifyElementText: Actual text and expected text of test object 'Object Repository/ShopOpen/ChillerUtilization/ChillerAvailable/Validate_StockCountScreen' are matched.

2018-08-09 17:21:06 - [MESSAGE][PASSED] - Actual text and expected text of test object 'Object Repository/ShopOpen/ChillerUtilization/ChillerAvailable/Validate_StockCountScreen' are matched.

2018-08-09 17:21:06 - [TEST_STEP][PASSED] - com.ct.qa.keywords.ChillerProductsDataKeywords.visitChillerAvailableProductsData: com.ct.qa.keywords.ChillerProductsDataKeywords.visitChillerAvailableProductsData is PASSED

2018-08-09 17:21:10 - [MESSAGE][PASSED] - Keyboard is hidden

2018-08-09 17:21:13 - [MESSAGE][PASSED] - Keyboard is hidden

2018-08-09 17:21:16 - [MESSAGE][PASSED] - Keyboard is hidden

2018-08-09 17:21:19 - [MESSAGE][PASSED] - Keyboard is hidden

2018-08-09 17:21:22 - [MESSAGE][PASSED] - Keyboard is hidden

2018-08-09 17:21:25 - [MESSAGE][PASSED] - Keyboard is hidden

2018-08-09 17:21:28 - [MESSAGE][PASSED] - Swiped from 65,359 to 65,250

2018-08-09 17:21:29 - [MESSAGE][PASSED] - com.ct.qa.keywords.ChillerProductsDataKeywords.visitChillerAvailableProductsData is PASSED

2018-08-09 17:21:29 - [TEST_STEP][PASSED] - tap: Tapped on element 'Object Repository/ShopOpen/ChillerUtilization/ChillerAvailable/SubmitButton'

2018-08-09 17:21:29 - [MESSAGE][WARNING] - Timeout '0' is invalid. Using default page load timeout: '5'

2018-08-09 17:21:29 - [MESSAGE][PASSED] - Tapped on element 'Object Repository/ShopOpen/ChillerUtilization/ChillerAvailable/SubmitButton'

2018-08-09 17:21:29 - [TEST_STEP][PASSED] - verifyElementText: Actual text and expected text of test object 'Object Repository/ShopOpen/ChillerUtilization/ChillerAvailable/Validate_ProductCategoryAssetScreen' are matched.

2018-08-09 17:21:30 - [MESSAGE][PASSED] - Actual text and expected text of test object 'Object Repository/ShopOpen/ChillerUtilization/ChillerAvailable/Validate_ProductCategoryAssetScreen' are matched.

2018-08-09 17:21:30 - [TEST_STEP][PASSED] - tap: Tapped on element 'Object Repository/ShopOpen/ChillerUtilization/ChillerAvailable/PorductCategoryActions_BackButton'

2018-08-09 17:21:30 - [MESSAGE][WARNING] - Timeout '0' is invalid. Using default page load timeout: '5'

2018-08-09 17:21:31 - [MESSAGE][PASSED] - Tapped on element 'Object Repository/ShopOpen/ChillerUtilization/ChillerAvailable/PorductCategoryActions_BackButton'

2018-08-09 17:21:31 - [TEST_STEP][PASSED] - verifyElementText: Actual text and expected text of test object 'Object Repository/ShopOpen/ChillerUtilization/ChillerAvailable/Validate_ChillerProductsCategoriesScreen' are matched.

2018-08-09 17:21:32 - [MESSAGE][PASSED] - Actual text and expected text of test object 'Object Repository/ShopOpen/ChillerUtilization/ChillerAvailable/Validate_ChillerProductsCategoriesScreen' are matched.

2018-08-09 17:21:32 - [MESSAGE][PASSED] - Call Test Case 'Test Cases/ShopOpen/ChillerUtilization/ChillerAvailable/VisitProductCategoryAssets' successfully

2018-08-09 17:21:32 - [MESSAGE][PASSED] - com.ct.qa.keywords.ChillerProductsDataKeywords.visitChillerAvailableProductCategories is PASSED

2018-08-09 17:21:32 - [TEST_STEP][PASSED] - tap: Tapped on element 'Object Repository/ShopOpen/ChillerUtilization/ChillerAvailable/ChillerProductsCategories_Planogram_ImageView'

2018-08-09 17:21:32 - [MESSAGE][WARNING] - Timeout '0' is invalid. Using default page load timeout: '5'

2018-08-09 17:21:32 - [MESSAGE][PASSED] - Tapped on element 'Object Repository/ShopOpen/ChillerUtilization/ChillerAvailable/ChillerProductsCategories_Planogram_ImageView'

2018-08-09 17:21:32 - [TEST_STEP][PASSED] - com.ct.qa.keywords.CommonKeywords.checkPlanogramAvailability: com.ct.qa.keywords.CommonKeywords.checkPlanogramAvailability is PASSED

2018-08-09 17:21:32 - [MESSAGE][WARNING] - Timeout '0' is invalid. Using default page load timeout: '5'

2018-08-09 17:21:38 - [MESSAGE][WARNING] - Object Object Repository/CommonScreenElements/InfoPopUp_OKButton not found
[[ATTACHMENT|F:\\Git Projects\\MMAPlus_Merchandising\\MMAPlus_Merchandising\\Reports\\MMA Plus Merchandising With Chiller Wise Data Verification\\20180809_164504\\1533817297915.png]]

2018-08-09 17:21:38 - [MESSAGE][PASSED] - com.ct.qa.keywords.CommonKeywords.checkPlanogramAvailability is PASSED

2018-08-09 17:21:38 - [TEST_STEP][PASSED] - com.ct.qa.keywords.CommonKeywords.closePlanogram: com.ct.qa.keywords.CommonKeywords.closePlanogram is PASSED

2018-08-09 17:21:39 - [MESSAGE][PASSED] - com.ct.qa.keywords.CommonKeywords.closePlanogram is PASSED

2018-08-09 17:21:39 - [TEST_STEP][PASSED] - verifyElementText: Actual text and expected text of test object 'Object Repository/ShopOpen/ChillerUtilization/ChillerAvailable/Validate_ChillerProductsCategoriesScreen' are matched.

2018-08-09 17:21:40 - [MESSAGE][PASSED] - Actual text and expected text of test object 'Object Repository/ShopOpen/ChillerUtilization/ChillerAvailable/Validate_ChillerProductsCategoriesScreen' are matched.

2018-08-09 17:21:40 - [TEST_STEP][PASSED] - com.ct.qa.keywords.CommonKeywords.findPictureImageView: com.ct.qa.keywords.CommonKeywords.findPictureImageView is PASSED

2018-08-09 17:21:40 - [MESSAGE][PASSED] - com.ct.qa.keywords.CommonKeywords.findPictureImageView is PASSED

2018-08-09 17:21:40 - [TEST_STEP][PASSED] - verifyElementText: Actual text and expected text of test object 'Object Repository/ShopOpen/ChillerUtilization/ChillerAvailable/Validate_ChillerProductsCategoriesScreen' are matched.

2018-08-09 17:21:40 - [MESSAGE][PASSED] - Actual text and expected text of test object 'Object Repository/ShopOpen/ChillerUtilization/ChillerAvailable/Validate_ChillerProductsCategoriesScreen' are matched.

2018-08-09 17:21:40 - [TEST_STEP][PASSED] - tap: Tapped on element 'Object Repository/ShopOpen/ChillerUtilization/ChillerAvailable/ChillerProductsCategories_BackButton'

2018-08-09 17:21:40 - [MESSAGE][WARNING] - Timeout '0' is invalid. Using default page load timeout: '5'

2018-08-09 17:21:42 - [MESSAGE][PASSED] - Tapped on element 'Object Repository/ShopOpen/ChillerUtilization/ChillerAvailable/ChillerProductsCategories_BackButton'

2018-08-09 17:21:42 - [TEST_STEP][PASSED] - verifyElementText: Actual text and expected text of test object 'Object Repository/ShopOpen/ChillerUtilization/Validate_ChillerUtilizationScreen' are matched.

2018-08-09 17:21:43 - [MESSAGE][PASSED] - Actual text and expected text of test object 'Object Repository/ShopOpen/ChillerUtilization/Validate_ChillerUtilizationScreen' are matched.

2018-08-09 17:21:43 - [MESSAGE][PASSED] - Call Test Case 'Test Cases/ShopOpen/ChillerUtilization/ChillerAvailable/VisitChillerAvailable' successfully

2018-08-09 17:21:47 - [MESSAGE][WARNING] - Timeout '0' is invalid. Using default page load timeout: '5'

2018-08-09 17:21:48 - [MESSAGE][PASSED] - Element 'Object Repository/CommonScreenElements/Validate_CameraScreen' is exist

2018-08-09 17:21:48 - [MESSAGE][WARNING] - Timeout '0' is invalid. Using default page load timeout: '5'

2018-08-09 17:21:51 - [MESSAGE][PASSED] - Tapped on element 'Object Repository/CommonScreenElements/TakePictureButton'

2018-08-09 17:21:56 - [MESSAGE][PASSED] - Delayed 5 second(s)

2018-08-09 17:21:56 - [MESSAGE][WARNING] - Timeout '0' is invalid. Using default page load timeout: '5'

2018-08-09 17:21:57 - [MESSAGE][PASSED] - Tapped on element 'Object Repository/CommonScreenElements/DoneButton'

2018-08-09 17:22:00 - [TEST_CASE][PASSED] - Test Cases/ShopOpen/ChillerUtilization/ChillerAvailable/VisitChillerAvailable: Test Cases/ShopOpen/ChillerUtilization/ChillerAvailable/VisitChillerAvailable

2018-08-09 17:22:00 - [TEST_STEP][PASSED] - verifyElementExist: Element 'Object Repository/ShopOpen/ChillerUtilization/ChillerAvailable/Validate_ChillerAvailableScreen' is exist

2018-08-09 17:22:00 - [MESSAGE][WARNING] - Timeout '0' is invalid. Using default page load timeout: '5'

2018-08-09 17:22:02 - [MESSAGE][PASSED] - Element 'Object Repository/ShopOpen/ChillerUtilization/ChillerAvailable/Validate_ChillerAvailableScreen' is exist

2018-08-09 17:22:02 - [TEST_STEP][PASSED] - tap: Tapped on element 'Object Repository/ShopOpen/ChillerUtilization/ChillerAvailable/Planogram_ImageView'

2018-08-09 17:22:02 - [MESSAGE][WARNING] - Timeout '0' is invalid. Using default page load timeout: '5'

2018-08-09 17:22:02 - [MESSAGE][PASSED] - Tapped on element 'Object Repository/ShopOpen/ChillerUtilization/ChillerAvailable/Planogram_ImageView'

2018-08-09 17:22:02 - [TEST_STEP][PASSED] - com.ct.qa.keywords.CommonKeywords.checkPlanogramAvailability: com.ct.qa.keywords.CommonKeywords.checkPlanogramAvailability is PASSED

2018-08-09 17:22:02 - [MESSAGE][WARNING] - Timeout '0' is invalid. Using default page load timeout: '5'

2018-08-09 17:22:04 - [MESSAGE][PASSED] - Tapped on element 'Object Repository/CommonScreenElements/InfoPopUp_OKButton'

2018-08-09 17:22:04 - [MESSAGE][PASSED] - com.ct.qa.keywords.CommonKeywords.checkPlanogramAvailability is PASSED

2018-08-09 17:22:04 - [TEST_STEP][PASSED] - com.ct.qa.keywords.CommonKeywords.closePlanogram: com.ct.qa.keywords.CommonKeywords.closePlanogram is PASSED

2018-08-09 17:22:05 - [MESSAGE][PASSED] - com.ct.qa.keywords.CommonKeywords.closePlanogram is PASSED

2018-08-09 17:22:05 - [TEST_STEP][PASSED] - verifyElementExist: Element 'Object Repository/ShopOpen/ChillerUtilization/ChillerAvailable/Validate_ChillerAvailableScreen' is exist

2018-08-09 17:22:05 - [MESSAGE][WARNING] - Timeout '0' is invalid. Using default page load timeout: '5'

2018-08-09 17:22:06 - [MESSAGE][PASSED] - Element 'Object Repository/ShopOpen/ChillerUtilization/ChillerAvailable/Validate_ChillerAvailableScreen' is exist

2018-08-09 17:22:06 - [TEST_STEP][PASSED] - com.ct.qa.keywords.CommonKeywords.findPictureImageView: com.ct.qa.keywords.CommonKeywords.findPictureImageView is PASSED

2018-08-09 17:22:06 - [MESSAGE][PASSED] - com.ct.qa.keywords.CommonKeywords.findPictureImageView is PASSED

2018-08-09 17:22:06 - [TEST_STEP][PASSED] - verifyElementExist: Element 'Object Repository/ShopOpen/ChillerUtilization/ChillerAvailable/Validate_ChillerAvailableScreen' is exist

2018-08-09 17:22:06 - [MESSAGE][WARNING] - Timeout '0' is invalid. Using default page load timeout: '5'

2018-08-09 17:22:06 - [MESSAGE][PASSED] - Element 'Object Repository/ShopOpen/ChillerUtilization/ChillerAvailable/Validate_ChillerAvailableScreen' is exist

2018-08-09 17:22:06 - [TEST_STEP][PASSED] - tap: Tapped on element 'Object Repository/ShopOpen/ChillerUtilization/ChillerAvailable/Depth1_TakePicture'

2018-08-09 17:22:06 - [MESSAGE][WARNING] - Timeout '0' is invalid. Using default page load timeout: '5'

2018-08-09 17:22:08 - [MESSAGE][PASSED] - Tapped on element 'Object Repository/ShopOpen/ChillerUtilization/ChillerAvailable/Depth1_TakePicture'

2018-08-09 17:22:08 - [TEST_STEP][PASSED] - verifyElementExist: Element 'Object Repository/CommonScreenElements/Validate_CameraScreen' is exist

2018-08-09 17:22:08 - [MESSAGE][WARNING] - Timeout '0' is invalid. Using default page load timeout: '5'

2018-08-09 17:22:09 - [MESSAGE][PASSED] - Element 'Object Repository/CommonScreenElements/Validate_CameraScreen' is exist

2018-08-09 17:22:09 - [TEST_STEP][PASSED] - tap: Tapped on element 'Object Repository/CommonScreenElements/TakePictureButton'

2018-08-09 17:22:09 - [MESSAGE][WARNING] - Timeout '0' is invalid. Using default page load timeout: '5'

2018-08-09 17:22:12 - [MESSAGE][PASSED] - Tapped on element 'Object Repository/CommonScreenElements/TakePictureButton'

2018-08-09 17:22:12 - [TEST_STEP][PASSED] - delay: Delayed 5 second(s)

2018-08-09 17:22:17 - [MESSAGE][PASSED] - Delayed 5 second(s)

2018-08-09 17:22:17 - [TEST_STEP][PASSED] - tap: Tapped on element 'Object Repository/CommonScreenElements/DoneButton'

2018-08-09 17:22:17 - [MESSAGE][WARNING] - Timeout '0' is invalid. Using default page load timeout: '5'

2018-08-09 17:22:18 - [MESSAGE][PASSED] - Tapped on element 'Object Repository/CommonScreenElements/DoneButton'

2018-08-09 17:22:18 - [TEST_STEP][PASSED] - verifyElementExist: Element 'Object Repository/ShopOpen/ChillerUtilization/ChillerAvailable/Validate_ChillerAvailableScreen' is exist

2018-08-09 17:22:18 - [MESSAGE][WARNING] - Timeout '0' is invalid. Using default page load timeout: '5'

2018-08-09 17:22:19 - [MESSAGE][PASSED] - Element 'Object Repository/ShopOpen/ChillerUtilization/ChillerAvailable/Validate_ChillerAvailableScreen' is exist

2018-08-09 17:22:19 - [TEST_STEP][PASSED] - tap: Tapped on element 'Object Repository/ShopOpen/ChillerUtilization/ChillerAvailable/Depth2TakePicture'

2018-08-09 17:22:19 - [MESSAGE][WARNING] - Timeout '0' is invalid. Using default page load timeout: '5'

2018-08-09 17:22:20 - [MESSAGE][PASSED] - Tapped on element 'Object Repository/ShopOpen/ChillerUtilization/ChillerAvailable/Depth2TakePicture'

2018-08-09 17:22:20 - [TEST_STEP][PASSED] - verifyElementExist: Element 'Object Repository/CommonScreenElements/Validate_CameraScreen' is exist

2018-08-09 17:22:20 - [MESSAGE][WARNING] - Timeout '0' is invalid. Using default page load timeout: '5'

2018-08-09 17:22:21 - [MESSAGE][PASSED] - Element 'Object Repository/CommonScreenElements/Validate_CameraScreen' is exist

2018-08-09 17:22:21 - [TEST_STEP][PASSED] - tap: Tapped on element 'Object Repository/CommonScreenElements/TakePictureButton'

2018-08-09 17:22:21 - [MESSAGE][WARNING] - Timeout '0' is invalid. Using default page load timeout: '5'

2018-08-09 17:22:25 - [MESSAGE][PASSED] - Tapped on element 'Object Repository/CommonScreenElements/TakePictureButton'

2018-08-09 17:22:25 - [TEST_STEP][PASSED] - delay: Delayed 5 second(s)

2018-08-09 17:22:30 - [MESSAGE][PASSED] - Delayed 5 second(s)

2018-08-09 17:22:30 - [TEST_STEP][PASSED] - tap: Tapped on element 'Object Repository/CommonScreenElements/DoneButton'

2018-08-09 17:22:30 - [MESSAGE][WARNING] - Timeout '0' is invalid. Using default page load timeout: '5'

2018-08-09 17:22:30 - [MESSAGE][PASSED] - Tapped on element 'Object Repository/CommonScreenElements/DoneButton'

2018-08-09 17:22:30 - [TEST_STEP][PASSED] - verifyElementExist: Element 'Object Repository/ShopOpen/ChillerUtilization/ChillerAvailable/Validate_ChillerAvailableScreen' is exist

2018-08-09 17:22:30 - [MESSAGE][WARNING] - Timeout '0' is invalid. Using default page load timeout: '5'

2018-08-09 17:22:31 - [MESSAGE][PASSED] - Element 'Object Repository/ShopOpen/ChillerUtilization/ChillerAvailable/Validate_ChillerAvailableScreen' is exist

2018-08-09 17:22:31 - [TEST_STEP][PASSED] - tap: Tapped on element 'Object Repository/ShopOpen/ChillerUtilization/ChillerAvailable/NextButton'

2018-08-09 17:22:31 - [MESSAGE][WARNING] - Timeout '0' is invalid. Using default page load timeout: '5'

2018-08-09 17:22:31 - [MESSAGE][PASSED] - Tapped on element 'Object Repository/ShopOpen/ChillerUtilization/ChillerAvailable/NextButton'

2018-08-09 17:22:31 - [TEST_STEP][PASSED] - verifyElementText: Actual text and expected text of test object 'Object Repository/ShopOpen/ChillerUtilization/ChillerAvailable/Validate_ChillerProductsCategoriesScreen' are matched.

2018-08-09 17:22:33 - [MESSAGE][PASSED] - Actual text and expected text of test object 'Object Repository/ShopOpen/ChillerUtilization/ChillerAvailable/Validate_ChillerProductsCategoriesScreen' are matched.

2018-08-09 17:22:33 - [TEST_STEP][PASSED] - com.ct.qa.keywords.ChillerProductsDataKeywords.visitChillerAvailableProductCategories: com.ct.qa.keywords.ChillerProductsDataKeywords.visitChillerAvailableProductCategories is PASSED

2018-08-09 17:22:36 - [TEST_CASE][PASSED] - Test Cases/ShopOpen/ChillerUtilization/ChillerAvailable/VisitProductCategoryAssets: Test Cases/ShopOpen/ChillerUtilization/ChillerAvailable/VisitProductCategoryAssets

2018-08-09 17:22:36 - [TEST_STEP][PASSED] - verifyElementText: Actual text and expected text of test object 'Object Repository/ShopOpen/ChillerUtilization/ChillerAvailable/Validate_ProductCategoryAssetScreen' are matched.

2018-08-09 17:22:38 - [MESSAGE][PASSED] - Actual text and expected text of test object 'Object Repository/ShopOpen/ChillerUtilization/ChillerAvailable/Validate_ProductCategoryAssetScreen' are matched.

2018-08-09 17:22:38 - [TEST_STEP][PASSED] - tap: Tapped on element 'Object Repository/ShopOpen/ChillerUtilization/ChillerAvailable/Facing'

2018-08-09 17:22:38 - [MESSAGE][WARNING] - Timeout '0' is invalid. Using default page load timeout: '5'

2018-08-09 17:22:38 - [MESSAGE][PASSED] - Tapped on element 'Object Repository/ShopOpen/ChillerUtilization/ChillerAvailable/Facing'

2018-08-09 17:22:38 - [TEST_STEP][PASSED] - verifyElementText: Actual text and expected text of test object 'Object Repository/ShopOpen/ChillerUtilization/ChillerAvailable/Validate_FacingScreen' are matched.

2018-08-09 17:22:40 - [MESSAGE][PASSED] - Actual text and expected text of test object 'Object Repository/ShopOpen/ChillerUtilization/ChillerAvailable/Validate_FacingScreen' are matched.

2018-08-09 17:22:40 - [TEST_STEP][PASSED] - com.ct.qa.keywords.ChillerProductsDataKeywords.visitChillerAvailableProductsData: com.ct.qa.keywords.ChillerProductsDataKeywords.visitChillerAvailableProductsData is PASSED

2018-08-09 17:22:43 - [MESSAGE][PASSED] - Keyboard is hidden

2018-08-09 17:22:44 - [MESSAGE][PASSED] - com.ct.qa.keywords.ChillerProductsDataKeywords.visitChillerAvailableProductsData is PASSED

2018-08-09 17:22:44 - [TEST_STEP][PASSED] - tap: Tapped on element 'Object Repository/ShopOpen/ChillerUtilization/ChillerAvailable/SubmitButton'

2018-08-09 17:22:44 - [MESSAGE][WARNING] - Timeout '0' is invalid. Using default page load timeout: '5'

2018-08-09 17:22:44 - [MESSAGE][PASSED] - Tapped on element 'Object Repository/ShopOpen/ChillerUtilization/ChillerAvailable/SubmitButton'

2018-08-09 17:22:44 - [TEST_STEP][PASSED] - verifyElementText: Actual text and expected text of test object 'Object Repository/ShopOpen/ChillerUtilization/ChillerAvailable/Validate_ProductCategoryAssetScreen' are matched.

2018-08-09 17:22:45 - [MESSAGE][PASSED] - Actual text and expected text of test object 'Object Repository/ShopOpen/ChillerUtilization/ChillerAvailable/Validate_ProductCategoryAssetScreen' are matched.

2018-08-09 17:22:45 - [TEST_STEP][PASSED] - tap: Tapped on element 'Object Repository/ShopOpen/ChillerUtilization/ChillerAvailable/Depth'

2018-08-09 17:22:45 - [MESSAGE][WARNING] - Timeout '0' is invalid. Using default page load timeout: '5'

2018-08-09 17:22:46 - [MESSAGE][PASSED] - Tapped on element 'Object Repository/ShopOpen/ChillerUtilization/ChillerAvailable/Depth'

2018-08-09 17:22:46 - [TEST_STEP][PASSED] - verifyElementText: Actual text and expected text of test object 'Object Repository/ShopOpen/ChillerUtilization/ChillerAvailable/Validate_DepthScreen' are matched.

2018-08-09 17:22:48 - [MESSAGE][PASSED] - Actual text and expected text of test object 'Object Repository/ShopOpen/ChillerUtilization/ChillerAvailable/Validate_DepthScreen' are matched.

2018-08-09 17:22:48 - [TEST_STEP][PASSED] - com.ct.qa.keywords.ChillerProductsDataKeywords.visitChillerAvailableProductsData: com.ct.qa.keywords.ChillerProductsDataKeywords.visitChillerAvailableProductsData is PASSED

2018-08-09 17:22:51 - [MESSAGE][PASSED] - Keyboard is hidden

2018-08-09 17:22:52 - [MESSAGE][PASSED] - com.ct.qa.keywords.ChillerProductsDataKeywords.visitChillerAvailableProductsData is PASSED

2018-08-09 17:22:52 - [TEST_STEP][PASSED] - tap: Tapped on element 'Object Repository/ShopOpen/ChillerUtilization/ChillerAvailable/SubmitButton'

2018-08-09 17:22:52 - [MESSAGE][WARNING] - Timeout '0' is invalid. Using default page load timeout: '5'

2018-08-09 17:22:52 - [MESSAGE][PASSED] - Tapped on element 'Object Repository/ShopOpen/ChillerUtilization/ChillerAvailable/SubmitButton'

2018-08-09 17:22:52 - [TEST_STEP][PASSED] - verifyElementText: Actual text and expected text of test object 'Object Repository/ShopOpen/ChillerUtilization/ChillerAvailable/Validate_ProductCategoryAssetScreen' are matched.

2018-08-09 17:22:53 - [MESSAGE][PASSED] - Actual text and expected text of test object 'Object Repository/ShopOpen/ChillerUtilization/ChillerAvailable/Validate_ProductCategoryAssetScreen' are matched.

2018-08-09 17:22:53 - [TEST_STEP][PASSED] - tap: Tapped on element 'Object Repository/ShopOpen/ChillerUtilization/ChillerAvailable/StockCount'

2018-08-09 17:22:53 - [MESSAGE][WARNING] - Timeout '0' is invalid. Using default page load timeout: '5'

2018-08-09 17:22:53 - [MESSAGE][PASSED] - Tapped on element 'Object Repository/ShopOpen/ChillerUtilization/ChillerAvailable/StockCount'

2018-08-09 17:22:53 - [TEST_STEP][PASSED] - verifyElementText: Actual text and expected text of test object 'Object Repository/ShopOpen/ChillerUtilization/ChillerAvailable/Validate_StockCountScreen' are matched.

2018-08-09 17:22:56 - [MESSAGE][PASSED] - Actual text and expected text of test object 'Object Repository/ShopOpen/ChillerUtilization/ChillerAvailable/Validate_StockCountScreen' are matched.

2018-08-09 17:22:56 - [TEST_STEP][PASSED] - com.ct.qa.keywords.ChillerProductsDataKeywords.visitChillerAvailableProductsData: com.ct.qa.keywords.ChillerProductsDataKeywords.visitChillerAvailableProductsData is PASSED

2018-08-09 17:22:59 - [MESSAGE][PASSED] - Keyboard is hidden

2018-08-09 17:23:00 - [MESSAGE][PASSED] - com.ct.qa.keywords.ChillerProductsDataKeywords.visitChillerAvailableProductsData is PASSED

2018-08-09 17:23:00 - [TEST_STEP][PASSED] - tap: Tapped on element 'Object Repository/ShopOpen/ChillerUtilization/ChillerAvailable/SubmitButton'

2018-08-09 17:23:00 - [MESSAGE][WARNING] - Timeout '0' is invalid. Using default page load timeout: '5'

2018-08-09 17:23:01 - [MESSAGE][PASSED] - Tapped on element 'Object Repository/ShopOpen/ChillerUtilization/ChillerAvailable/SubmitButton'

2018-08-09 17:23:01 - [TEST_STEP][PASSED] - verifyElementText: Actual text and expected text of test object 'Object Repository/ShopOpen/ChillerUtilization/ChillerAvailable/Validate_ProductCategoryAssetScreen' are matched.

2018-08-09 17:23:02 - [MESSAGE][PASSED] - Actual text and expected text of test object 'Object Repository/ShopOpen/ChillerUtilization/ChillerAvailable/Validate_ProductCategoryAssetScreen' are matched.

2018-08-09 17:23:02 - [TEST_STEP][PASSED] - tap: Tapped on element 'Object Repository/ShopOpen/ChillerUtilization/ChillerAvailable/PorductCategoryActions_BackButton'

2018-08-09 17:23:02 - [MESSAGE][WARNING] - Timeout '0' is invalid. Using default page load timeout: '5'

2018-08-09 17:23:02 - [MESSAGE][PASSED] - Tapped on element 'Object Repository/ShopOpen/ChillerUtilization/ChillerAvailable/PorductCategoryActions_BackButton'

2018-08-09 17:23:02 - [TEST_STEP][PASSED] - verifyElementText: Actual text and expected text of test object 'Object Repository/ShopOpen/ChillerUtilization/ChillerAvailable/Validate_ChillerProductsCategoriesScreen' are matched.

2018-08-09 17:23:03 - [MESSAGE][PASSED] - Actual text and expected text of test object 'Object Repository/ShopOpen/ChillerUtilization/ChillerAvailable/Validate_ChillerProductsCategoriesScreen' are matched.

2018-08-09 17:23:03 - [MESSAGE][PASSED] - Call Test Case 'Test Cases/ShopOpen/ChillerUtilization/ChillerAvailable/VisitProductCategoryAssets' successfully

2018-08-09 17:23:04 - [TEST_CASE][PASSED] - Test Cases/ShopOpen/ChillerUtilization/ChillerAvailable/VisitProductCategoryAssets: Test Cases/ShopOpen/ChillerUtilization/ChillerAvailable/VisitProductCategoryAssets

2018-08-09 17:23:04 - [TEST_STEP][PASSED] - verifyElementText: Actual text and expected text of test object 'Object Repository/ShopOpen/ChillerUtilization/ChillerAvailable/Validate_ProductCategoryAssetScreen' are matched.

2018-08-09 17:23:06 - [MESSAGE][PASSED] - Actual text and expected text of test object 'Object Repository/ShopOpen/ChillerUtilization/ChillerAvailable/Validate_ProductCategoryAssetScreen' are matched.

2018-08-09 17:23:06 - [TEST_STEP][PASSED] - tap: Tapped on element 'Object Repository/ShopOpen/ChillerUtilization/ChillerAvailable/Facing'

2018-08-09 17:23:06 - [MESSAGE][WARNING] - Timeout '0' is invalid. Using default page load timeout: '5'

2018-08-09 17:23:07 - [MESSAGE][PASSED] - Tapped on element 'Object Repository/ShopOpen/ChillerUtilization/ChillerAvailable/Facing'

2018-08-09 17:23:07 - [TEST_STEP][PASSED] - verifyElementText: Actual text and expected text of test object 'Object Repository/ShopOpen/ChillerUtilization/ChillerAvailable/Validate_FacingScreen' are matched.

2018-08-09 17:23:09 - [MESSAGE][PASSED] - Actual text and expected text of test object 'Object Repository/ShopOpen/ChillerUtilization/ChillerAvailable/Validate_FacingScreen' are matched.

2018-08-09 17:23:09 - [TEST_STEP][PASSED] - com.ct.qa.keywords.ChillerProductsDataKeywords.visitChillerAvailableProductsData: com.ct.qa.keywords.ChillerProductsDataKeywords.visitChillerAvailableProductsData is PASSED

2018-08-09 17:23:13 - [MESSAGE][PASSED] - Keyboard is hidden

2018-08-09 17:23:16 - [MESSAGE][PASSED] - Keyboard is hidden

2018-08-09 17:23:18 - [MESSAGE][PASSED] - Keyboard is hidden

2018-08-09 17:23:21 - [MESSAGE][PASSED] - Keyboard is hidden

2018-08-09 17:23:24 - [MESSAGE][PASSED] - Keyboard is hidden

2018-08-09 17:23:27 - [MESSAGE][PASSED] - Keyboard is hidden

2018-08-09 17:23:30 - [MESSAGE][PASSED] - Swiped from 50,359 to 50,250

2018-08-09 17:23:33 - [MESSAGE][PASSED] - Keyboard is hidden

2018-08-09 17:23:35 - [MESSAGE][PASSED] - Swiped from 50,359 to 50,250

2018-08-09 17:23:38 - [MESSAGE][PASSED] - Keyboard is hidden

2018-08-09 17:23:40 - [MESSAGE][PASSED] - Swiped from 50,359 to 50,250

2018-08-09 17:23:43 - [MESSAGE][PASSED] - Keyboard is hidden

2018-08-09 17:23:45 - [MESSAGE][PASSED] - Swiped from 50,359 to 50,250

2018-08-09 17:23:48 - [MESSAGE][PASSED] - Keyboard is hidden

2018-08-09 17:23:50 - [MESSAGE][PASSED] - Swiped from 50,359 to 50,250

2018-08-09 17:23:53 - [MESSAGE][PASSED] - Keyboard is hidden

2018-08-09 17:23:55 - [MESSAGE][PASSED] - Swiped from 50,359 to 50,250

2018-08-09 17:23:58 - [MESSAGE][PASSED] - Keyboard is hidden

2018-08-09 17:24:00 - [MESSAGE][PASSED] - Swiped from 50,359 to 50,250

2018-08-09 17:24:01 - [MESSAGE][PASSED] - com.ct.qa.keywords.ChillerProductsDataKeywords.visitChillerAvailableProductsData is PASSED

2018-08-09 17:24:01 - [TEST_STEP][PASSED] - tap: Tapped on element 'Object Repository/ShopOpen/ChillerUtilization/ChillerAvailable/SubmitButton'

2018-08-09 17:24:01 - [MESSAGE][WARNING] - Timeout '0' is invalid. Using default page load timeout: '5'

2018-08-09 17:24:01 - [MESSAGE][PASSED] - Tapped on element 'Object Repository/ShopOpen/ChillerUtilization/ChillerAvailable/SubmitButton'

2018-08-09 17:24:01 - [TEST_STEP][PASSED] - verifyElementText: Actual text and expected text of test object 'Object Repository/ShopOpen/ChillerUtilization/ChillerAvailable/Validate_ProductCategoryAssetScreen' are matched.

2018-08-09 17:24:02 - [MESSAGE][PASSED] - Actual text and expected text of test object 'Object Repository/ShopOpen/ChillerUtilization/ChillerAvailable/Validate_ProductCategoryAssetScreen' are matched.

2018-08-09 17:24:02 - [TEST_STEP][PASSED] - tap: Tapped on element 'Object Repository/ShopOpen/ChillerUtilization/ChillerAvailable/Depth'

2018-08-09 17:24:02 - [MESSAGE][WARNING] - Timeout '0' is invalid. Using default page load timeout: '5'

2018-08-09 17:24:02 - [MESSAGE][PASSED] - Tapped on element 'Object Repository/ShopOpen/ChillerUtilization/ChillerAvailable/Depth'

2018-08-09 17:24:02 - [TEST_STEP][PASSED] - verifyElementText: Actual text and expected text of test object 'Object Repository/ShopOpen/ChillerUtilization/ChillerAvailable/Validate_DepthScreen' are matched.

2018-08-09 17:24:05 - [MESSAGE][PASSED] - Actual text and expected text of test object 'Object Repository/ShopOpen/ChillerUtilization/ChillerAvailable/Validate_DepthScreen' are matched.

2018-08-09 17:24:05 - [TEST_STEP][PASSED] - com.ct.qa.keywords.ChillerProductsDataKeywords.visitChillerAvailableProductsData: com.ct.qa.keywords.ChillerProductsDataKeywords.visitChillerAvailableProductsData is PASSED

2018-08-09 17:24:09 - [MESSAGE][PASSED] - Keyboard is hidden

2018-08-09 17:24:12 - [MESSAGE][PASSED] - Keyboard is hidden

2018-08-09 17:24:15 - [MESSAGE][PASSED] - Keyboard is hidden

2018-08-09 17:24:18 - [MESSAGE][PASSED] - Keyboard is hidden

2018-08-09 17:24:21 - [MESSAGE][PASSED] - Keyboard is hidden

2018-08-09 17:24:24 - [MESSAGE][PASSED] - Keyboard is hidden

2018-08-09 17:24:27 - [MESSAGE][PASSED] - Swiped from 50,359 to 50,250

2018-08-09 17:24:30 - [MESSAGE][PASSED] - Keyboard is hidden

2018-08-09 17:24:32 - [MESSAGE][PASSED] - Swiped from 50,359 to 50,250

2018-08-09 17:24:35 - [MESSAGE][PASSED] - Keyboard is hidden

2018-08-09 17:24:37 - [MESSAGE][PASSED] - Swiped from 50,359 to 50,250

2018-08-09 17:24:40 - [MESSAGE][PASSED] - Keyboard is hidden

2018-08-09 17:24:42 - [MESSAGE][PASSED] - Swiped from 50,359 to 50,250

2018-08-09 17:24:45 - [MESSAGE][PASSED] - Keyboard is hidden

2018-08-09 17:24:47 - [MESSAGE][PASSED] - Swiped from 50,359 to 50,250

2018-08-09 17:24:50 - [MESSAGE][PASSED] - Keyboard is hidden

2018-08-09 17:24:52 - [MESSAGE][PASSED] - Swiped from 50,359 to 50,250

2018-08-09 17:24:55 - [MESSAGE][PASSED] - Keyboard is hidden

2018-08-09 17:24:57 - [MESSAGE][PASSED] - Swiped from 50,359 to 50,250

2018-08-09 17:24:58 - [MESSAGE][PASSED] - com.ct.qa.keywords.ChillerProductsDataKeywords.visitChillerAvailableProductsData is PASSED

2018-08-09 17:24:58 - [TEST_STEP][PASSED] - tap: Tapped on element 'Object Repository/ShopOpen/ChillerUtilization/ChillerAvailable/SubmitButton'

2018-08-09 17:24:58 - [MESSAGE][WARNING] - Timeout '0' is invalid. Using default page load timeout: '5'

2018-08-09 17:24:58 - [MESSAGE][PASSED] - Tapped on element 'Object Repository/ShopOpen/ChillerUtilization/ChillerAvailable/SubmitButton'

2018-08-09 17:24:58 - [TEST_STEP][PASSED] - verifyElementText: Actual text and expected text of test object 'Object Repository/ShopOpen/ChillerUtilization/ChillerAvailable/Validate_ProductCategoryAssetScreen' are matched.

2018-08-09 17:24:59 - [MESSAGE][PASSED] - Actual text and expected text of test object 'Object Repository/ShopOpen/ChillerUtilization/ChillerAvailable/Validate_ProductCategoryAssetScreen' are matched.

2018-08-09 17:24:59 - [TEST_STEP][PASSED] - tap: Tapped on element 'Object Repository/ShopOpen/ChillerUtilization/ChillerAvailable/StockCount'

2018-08-09 17:24:59 - [MESSAGE][WARNING] - Timeout '0' is invalid. Using default page load timeout: '5'

2018-08-09 17:24:59 - [MESSAGE][PASSED] - Tapped on element 'Object Repository/ShopOpen/ChillerUtilization/ChillerAvailable/StockCount'

2018-08-09 17:24:59 - [TEST_STEP][PASSED] - verifyElementText: Actual text and expected text of test object 'Object Repository/ShopOpen/ChillerUtilization/ChillerAvailable/Validate_StockCountScreen' are matched.

2018-08-09 17:25:02 - [MESSAGE][PASSED] - Actual text and expected text of test object 'Object Repository/ShopOpen/ChillerUtilization/ChillerAvailable/Validate_StockCountScreen' are matched.

2018-08-09 17:25:02 - [TEST_STEP][PASSED] - com.ct.qa.keywords.ChillerProductsDataKeywords.visitChillerAvailableProductsData: com.ct.qa.keywords.ChillerProductsDataKeywords.visitChillerAvailableProductsData is PASSED

2018-08-09 17:25:06 - [MESSAGE][PASSED] - Keyboard is hidden

2018-08-09 17:25:09 - [MESSAGE][PASSED] - Keyboard is hidden

2018-08-09 17:25:12 - [MESSAGE][PASSED] - Keyboard is hidden

2018-08-09 17:25:15 - [MESSAGE][PASSED] - Keyboard is hidden

2018-08-09 17:25:18 - [MESSAGE][PASSED] - Keyboard is hidden

2018-08-09 17:25:21 - [MESSAGE][PASSED] - Keyboard is hidden

2018-08-09 17:25:24 - [MESSAGE][PASSED] - Swiped from 50,359 to 50,250

2018-08-09 17:25:27 - [MESSAGE][PASSED] - Keyboard is hidden

2018-08-09 17:25:29 - [MESSAGE][PASSED] - Swiped from 50,359 to 50,250

2018-08-09 17:25:32 - [MESSAGE][PASSED] - Keyboard is hidden

2018-08-09 17:25:34 - [MESSAGE][PASSED] - Swiped from 50,359 to 50,250

2018-08-09 17:25:37 - [MESSAGE][PASSED] - Keyboard is hidden

2018-08-09 17:25:39 - [MESSAGE][PASSED] - Swiped from 50,359 to 50,250

2018-08-09 17:25:42 - [MESSAGE][PASSED] - Keyboard is hidden

2018-08-09 17:25:44 - [MESSAGE][PASSED] - Swiped from 50,359 to 50,250

2018-08-09 17:25:47 - [MESSAGE][PASSED] - Keyboard is hidden

2018-08-09 17:25:49 - [MESSAGE][PASSED] - Swiped from 50,359 to 50,250

2018-08-09 17:25:52 - [MESSAGE][PASSED] - Keyboard is hidden

2018-08-09 17:25:54 - [MESSAGE][PASSED] - Swiped from 50,359 to 50,250

2018-08-09 17:25:55 - [MESSAGE][PASSED] - com.ct.qa.keywords.ChillerProductsDataKeywords.visitChillerAvailableProductsData is PASSED

2018-08-09 17:25:55 - [TEST_STEP][PASSED] - tap: Tapped on element 'Object Repository/ShopOpen/ChillerUtilization/ChillerAvailable/SubmitButton'

2018-08-09 17:25:55 - [MESSAGE][WARNING] - Timeout '0' is invalid. Using default page load timeout: '5'

2018-08-09 17:25:55 - [MESSAGE][PASSED] - Tapped on element 'Object Repository/ShopOpen/ChillerUtilization/ChillerAvailable/SubmitButton'

2018-08-09 17:25:55 - [TEST_STEP][PASSED] - verifyElementText: Actual text and expected text of test object 'Object Repository/ShopOpen/ChillerUtilization/ChillerAvailable/Validate_ProductCategoryAssetScreen' are matched.

2018-08-09 17:25:56 - [MESSAGE][PASSED] - Actual text and expected text of test object 'Object Repository/ShopOpen/ChillerUtilization/ChillerAvailable/Validate_ProductCategoryAssetScreen' are matched.

2018-08-09 17:25:56 - [TEST_STEP][PASSED] - tap: Tapped on element 'Object Repository/ShopOpen/ChillerUtilization/ChillerAvailable/PorductCategoryActions_BackButton'

2018-08-09 17:25:56 - [MESSAGE][WARNING] - Timeout '0' is invalid. Using default page load timeout: '5'

2018-08-09 17:25:56 - [MESSAGE][PASSED] - Tapped on element 'Object Repository/ShopOpen/ChillerUtilization/ChillerAvailable/PorductCategoryActions_BackButton'

2018-08-09 17:25:56 - [TEST_STEP][PASSED] - verifyElementText: Actual text and expected text of test object 'Object Repository/ShopOpen/ChillerUtilization/ChillerAvailable/Validate_ChillerProductsCategoriesScreen' are matched.

2018-08-09 17:25:58 - [MESSAGE][PASSED] - Actual text and expected text of test object 'Object Repository/ShopOpen/ChillerUtilization/ChillerAvailable/Validate_ChillerProductsCategoriesScreen' are matched.

2018-08-09 17:25:58 - [MESSAGE][PASSED] - Call Test Case 'Test Cases/ShopOpen/ChillerUtilization/ChillerAvailable/VisitProductCategoryAssets' successfully

2018-08-09 17:25:58 - [TEST_CASE][PASSED] - Test Cases/ShopOpen/ChillerUtilization/ChillerAvailable/VisitProductCategoryAssets: Test Cases/ShopOpen/ChillerUtilization/ChillerAvailable/VisitProductCategoryAssets

2018-08-09 17:25:58 - [TEST_STEP][PASSED] - verifyElementText: Actual text and expected text of test object 'Object Repository/ShopOpen/ChillerUtilization/ChillerAvailable/Validate_ProductCategoryAssetScreen' are matched.

2018-08-09 17:26:01 - [MESSAGE][PASSED] - Actual text and expected text of test object 'Object Repository/ShopOpen/ChillerUtilization/ChillerAvailable/Validate_ProductCategoryAssetScreen' are matched.

2018-08-09 17:26:01 - [TEST_STEP][PASSED] - tap: Tapped on element 'Object Repository/ShopOpen/ChillerUtilization/ChillerAvailable/Facing'

2018-08-09 17:26:01 - [MESSAGE][WARNING] - Timeout '0' is invalid. Using default page load timeout: '5'

2018-08-09 17:26:01 - [MESSAGE][PASSED] - Tapped on element 'Object Repository/ShopOpen/ChillerUtilization/ChillerAvailable/Facing'

2018-08-09 17:26:01 - [TEST_STEP][PASSED] - verifyElementText: Actual text and expected text of test object 'Object Repository/ShopOpen/ChillerUtilization/ChillerAvailable/Validate_FacingScreen' are matched.

2018-08-09 17:26:03 - [MESSAGE][PASSED] - Actual text and expected text of test object 'Object Repository/ShopOpen/ChillerUtilization/ChillerAvailable/Validate_FacingScreen' are matched.

2018-08-09 17:26:03 - [TEST_STEP][PASSED] - com.ct.qa.keywords.ChillerProductsDataKeywords.visitChillerAvailableProductsData: com.ct.qa.keywords.ChillerProductsDataKeywords.visitChillerAvailableProductsData is PASSED

2018-08-09 17:26:06 - [MESSAGE][PASSED] - Keyboard is hidden

2018-08-09 17:26:09 - [MESSAGE][PASSED] - Keyboard is hidden

2018-08-09 17:26:10 - [MESSAGE][PASSED] - com.ct.qa.keywords.ChillerProductsDataKeywords.visitChillerAvailableProductsData is PASSED

2018-08-09 17:26:10 - [TEST_STEP][PASSED] - tap: Tapped on element 'Object Repository/ShopOpen/ChillerUtilization/ChillerAvailable/SubmitButton'

2018-08-09 17:26:10 - [MESSAGE][WARNING] - Timeout '0' is invalid. Using default page load timeout: '5'

2018-08-09 17:26:11 - [MESSAGE][PASSED] - Tapped on element 'Object Repository/ShopOpen/ChillerUtilization/ChillerAvailable/SubmitButton'

2018-08-09 17:26:11 - [TEST_STEP][PASSED] - verifyElementText: Actual text and expected text of test object 'Object Repository/ShopOpen/ChillerUtilization/ChillerAvailable/Validate_ProductCategoryAssetScreen' are matched.

2018-08-09 17:26:12 - [MESSAGE][PASSED] - Actual text and expected text of test object 'Object Repository/ShopOpen/ChillerUtilization/ChillerAvailable/Validate_ProductCategoryAssetScreen' are matched.

2018-08-09 17:26:12 - [TEST_STEP][PASSED] - tap: Tapped on element 'Object Repository/ShopOpen/ChillerUtilization/ChillerAvailable/Depth'

2018-08-09 17:26:12 - [MESSAGE][WARNING] - Timeout '0' is invalid. Using default page load timeout: '5'

2018-08-09 17:26:12 - [MESSAGE][PASSED] - Tapped on element 'Object Repository/ShopOpen/ChillerUtilization/ChillerAvailable/Depth'

2018-08-09 17:26:12 - [TEST_STEP][PASSED] - verifyElementText: Actual text and expected text of test object 'Object Repository/ShopOpen/ChillerUtilization/ChillerAvailable/Validate_DepthScreen' are matched.

2018-08-09 17:26:14 - [MESSAGE][PASSED] - Actual text and expected text of test object 'Object Repository/ShopOpen/ChillerUtilization/ChillerAvailable/Validate_DepthScreen' are matched.

2018-08-09 17:26:14 - [TEST_STEP][PASSED] - com.ct.qa.keywords.ChillerProductsDataKeywords.visitChillerAvailableProductsData: com.ct.qa.keywords.ChillerProductsDataKeywords.visitChillerAvailableProductsData is PASSED

2018-08-09 17:26:17 - [MESSAGE][PASSED] - Keyboard is hidden

2018-08-09 17:26:20 - [MESSAGE][PASSED] - Keyboard is hidden

2018-08-09 17:26:21 - [MESSAGE][PASSED] - com.ct.qa.keywords.ChillerProductsDataKeywords.visitChillerAvailableProductsData is PASSED

2018-08-09 17:26:21 - [TEST_STEP][PASSED] - tap: Tapped on element 'Object Repository/ShopOpen/ChillerUtilization/ChillerAvailable/SubmitButton'

2018-08-09 17:26:21 - [MESSAGE][WARNING] - Timeout '0' is invalid. Using default page load timeout: '5'

2018-08-09 17:26:22 - [MESSAGE][PASSED] - Tapped on element 'Object Repository/ShopOpen/ChillerUtilization/ChillerAvailable/SubmitButton'

2018-08-09 17:26:22 - [TEST_STEP][PASSED] - verifyElementText: Actual text and expected text of test object 'Object Repository/ShopOpen/ChillerUtilization/ChillerAvailable/Validate_ProductCategoryAssetScreen' are matched.

2018-08-09 17:26:23 - [MESSAGE][PASSED] - Actual text and expected text of test object 'Object Repository/ShopOpen/ChillerUtilization/ChillerAvailable/Validate_ProductCategoryAssetScreen' are matched.

2018-08-09 17:26:23 - [TEST_STEP][PASSED] - tap: Tapped on element 'Object Repository/ShopOpen/ChillerUtilization/ChillerAvailable/StockCount'

2018-08-09 17:26:23 - [MESSAGE][WARNING] - Timeout '0' is invalid. Using default page load timeout: '5'

2018-08-09 17:26:23 - [MESSAGE][PASSED] - Tapped on element 'Object Repository/ShopOpen/ChillerUtilization/ChillerAvailable/StockCount'

2018-08-09 17:26:23 - [TEST_STEP][PASSED] - verifyElementText: Actual text and expected text of test object 'Object Repository/ShopOpen/ChillerUtilization/ChillerAvailable/Validate_StockCountScreen' are matched.

2018-08-09 17:26:25 - [MESSAGE][PASSED] - Actual text and expected text of test object 'Object Repository/ShopOpen/ChillerUtilization/ChillerAvailable/Validate_StockCountScreen' are matched.

2018-08-09 17:26:25 - [TEST_STEP][PASSED] - com.ct.qa.keywords.ChillerProductsDataKeywords.visitChillerAvailableProductsData: com.ct.qa.keywords.ChillerProductsDataKeywords.visitChillerAvailableProductsData is PASSED

2018-08-09 17:26:28 - [MESSAGE][PASSED] - Keyboard is hidden

2018-08-09 17:26:30 - [MESSAGE][PASSED] - Keyboard is hidden

2018-08-09 17:26:31 - [MESSAGE][PASSED] - com.ct.qa.keywords.ChillerProductsDataKeywords.visitChillerAvailableProductsData is PASSED

2018-08-09 17:26:31 - [TEST_STEP][PASSED] - tap: Tapped on element 'Object Repository/ShopOpen/ChillerUtilization/ChillerAvailable/SubmitButton'

2018-08-09 17:26:31 - [MESSAGE][WARNING] - Timeout '0' is invalid. Using default page load timeout: '5'

2018-08-09 17:26:31 - [MESSAGE][PASSED] - Tapped on element 'Object Repository/ShopOpen/ChillerUtilization/ChillerAvailable/SubmitButton'

2018-08-09 17:26:31 - [TEST_STEP][PASSED] - verifyElementText: Actual text and expected text of test object 'Object Repository/ShopOpen/ChillerUtilization/ChillerAvailable/Validate_ProductCategoryAssetScreen' are matched.

2018-08-09 17:26:32 - [MESSAGE][PASSED] - Actual text and expected text of test object 'Object Repository/ShopOpen/ChillerUtilization/ChillerAvailable/Validate_ProductCategoryAssetScreen' are matched.

2018-08-09 17:26:32 - [TEST_STEP][PASSED] - tap: Tapped on element 'Object Repository/ShopOpen/ChillerUtilization/ChillerAvailable/PorductCategoryActions_BackButton'

2018-08-09 17:26:32 - [MESSAGE][WARNING] - Timeout '0' is invalid. Using default page load timeout: '5'

2018-08-09 17:26:33 - [MESSAGE][PASSED] - Tapped on element 'Object Repository/ShopOpen/ChillerUtilization/ChillerAvailable/PorductCategoryActions_BackButton'

2018-08-09 17:26:33 - [TEST_STEP][PASSED] - verifyElementText: Actual text and expected text of test object 'Object Repository/ShopOpen/ChillerUtilization/ChillerAvailable/Validate_ChillerProductsCategoriesScreen' are matched.

2018-08-09 17:26:34 - [MESSAGE][PASSED] - Actual text and expected text of test object 'Object Repository/ShopOpen/ChillerUtilization/ChillerAvailable/Validate_ChillerProductsCategoriesScreen' are matched.

2018-08-09 17:26:34 - [MESSAGE][PASSED] - Call Test Case 'Test Cases/ShopOpen/ChillerUtilization/ChillerAvailable/VisitProductCategoryAssets' successfully

2018-08-09 17:26:34 - [MESSAGE][PASSED] - com.ct.qa.keywords.ChillerProductsDataKeywords.visitChillerAvailableProductCategories is PASSED

2018-08-09 17:26:34 - [TEST_STEP][PASSED] - tap: Tapped on element 'Object Repository/ShopOpen/ChillerUtilization/ChillerAvailable/ChillerProductsCategories_Planogram_ImageView'

2018-08-09 17:26:34 - [MESSAGE][WARNING] - Timeout '0' is invalid. Using default page load timeout: '5'

2018-08-09 17:26:35 - [MESSAGE][PASSED] - Tapped on element 'Object Repository/ShopOpen/ChillerUtilization/ChillerAvailable/ChillerProductsCategories_Planogram_ImageView'

2018-08-09 17:26:35 - [TEST_STEP][PASSED] - com.ct.qa.keywords.CommonKeywords.checkPlanogramAvailability: com.ct.qa.keywords.CommonKeywords.checkPlanogramAvailability is PASSED

2018-08-09 17:26:35 - [MESSAGE][WARNING] - Timeout '0' is invalid. Using default page load timeout: '5'

2018-08-09 17:26:36 - [MESSAGE][PASSED] - Tapped on element 'Object Repository/CommonScreenElements/InfoPopUp_OKButton'

2018-08-09 17:26:36 - [MESSAGE][PASSED] - com.ct.qa.keywords.CommonKeywords.checkPlanogramAvailability is PASSED

2018-08-09 17:26:36 - [TEST_STEP][PASSED] - com.ct.qa.keywords.CommonKeywords.closePlanogram: com.ct.qa.keywords.CommonKeywords.closePlanogram is PASSED

2018-08-09 17:26:38 - [MESSAGE][PASSED] - com.ct.qa.keywords.CommonKeywords.closePlanogram is PASSED

2018-08-09 17:26:38 - [TEST_STEP][PASSED] - verifyElementText: Actual text and expected text of test object 'Object Repository/ShopOpen/ChillerUtilization/ChillerAvailable/Validate_ChillerProductsCategoriesScreen' are matched.

2018-08-09 17:26:38 - [MESSAGE][PASSED] - Actual text and expected text of test object 'Object Repository/ShopOpen/ChillerUtilization/ChillerAvailable/Validate_ChillerProductsCategoriesScreen' are matched.

2018-08-09 17:26:38 - [TEST_STEP][PASSED] - com.ct.qa.keywords.CommonKeywords.findPictureImageView: com.ct.qa.keywords.CommonKeywords.findPictureImageView is PASSED

2018-08-09 17:26:39 - [MESSAGE][PASSED] - com.ct.qa.keywords.CommonKeywords.findPictureImageView is PASSED

2018-08-09 17:26:39 - [TEST_STEP][PASSED] - verifyElementText: Actual text and expected text of test object 'Object Repository/ShopOpen/ChillerUtilization/ChillerAvailable/Validate_ChillerProductsCategoriesScreen' are matched.

2018-08-09 17:26:39 - [MESSAGE][PASSED] - Actual text and expected text of test object 'Object Repository/ShopOpen/ChillerUtilization/ChillerAvailable/Validate_ChillerProductsCategoriesScreen' are matched.

2018-08-09 17:26:39 - [TEST_STEP][PASSED] - tap: Tapped on element 'Object Repository/ShopOpen/ChillerUtilization/ChillerAvailable/ChillerProductsCategories_BackButton'

2018-08-09 17:26:39 - [MESSAGE][WARNING] - Timeout '0' is invalid. Using default page load timeout: '5'

2018-08-09 17:26:41 - [MESSAGE][PASSED] - Tapped on element 'Object Repository/ShopOpen/ChillerUtilization/ChillerAvailable/ChillerProductsCategories_BackButton'

2018-08-09 17:26:41 - [TEST_STEP][PASSED] - verifyElementText: Actual text and expected text of test object 'Object Repository/ShopOpen/ChillerUtilization/Validate_ChillerUtilizationScreen' are matched.

2018-08-09 17:26:42 - [MESSAGE][PASSED] - Actual text and expected text of test object 'Object Repository/ShopOpen/ChillerUtilization/Validate_ChillerUtilizationScreen' are matched.

2018-08-09 17:26:42 - [MESSAGE][PASSED] - Call Test Case 'Test Cases/ShopOpen/ChillerUtilization/ChillerAvailable/VisitChillerAvailable' successfully

2018-08-09 17:26:44 - [MESSAGE][PASSED] - Swiped from 0,292 to 0,200

2018-08-09 17:26:47 - [MESSAGE][WARNING] - Timeout '0' is invalid. Using default page load timeout: '5'

2018-08-09 17:26:48 - [MESSAGE][PASSED] - Element 'Object Repository/CommonScreenElements/Validate_CameraScreen' is exist

2018-08-09 17:26:48 - [MESSAGE][WARNING] - Timeout '0' is invalid. Using default page load timeout: '5'

2018-08-09 17:26:51 - [MESSAGE][PASSED] - Tapped on element 'Object Repository/CommonScreenElements/TakePictureButton'

2018-08-09 17:26:56 - [MESSAGE][PASSED] - Delayed 5 second(s)

2018-08-09 17:26:56 - [MESSAGE][WARNING] - Timeout '0' is invalid. Using default page load timeout: '5'

2018-08-09 17:26:57 - [MESSAGE][PASSED] - Tapped on element 'Object Repository/CommonScreenElements/DoneButton'

2018-08-09 17:27:01 - [TEST_CASE][PASSED] - Test Cases/ShopOpen/ChillerUtilization/ChillerAvailable/VisitChillerAvailable: Test Cases/ShopOpen/ChillerUtilization/ChillerAvailable/VisitChillerAvailable

2018-08-09 17:27:01 - [TEST_STEP][PASSED] - verifyElementExist: Element 'Object Repository/ShopOpen/ChillerUtilization/ChillerAvailable/Validate_ChillerAvailableScreen' is exist

2018-08-09 17:27:01 - [MESSAGE][WARNING] - Timeout '0' is invalid. Using default page load timeout: '5'

2018-08-09 17:27:02 - [MESSAGE][PASSED] - Element 'Object Repository/ShopOpen/ChillerUtilization/ChillerAvailable/Validate_ChillerAvailableScreen' is exist

2018-08-09 17:27:02 - [TEST_STEP][PASSED] - tap: Tapped on element 'Object Repository/ShopOpen/ChillerUtilization/ChillerAvailable/Planogram_ImageView'

2018-08-09 17:27:02 - [MESSAGE][WARNING] - Timeout '0' is invalid. Using default page load timeout: '5'

2018-08-09 17:27:02 - [MESSAGE][PASSED] - Tapped on element 'Object Repository/ShopOpen/ChillerUtilization/ChillerAvailable/Planogram_ImageView'

2018-08-09 17:27:02 - [TEST_STEP][PASSED] - com.ct.qa.keywords.CommonKeywords.checkPlanogramAvailability: com.ct.qa.keywords.CommonKeywords.checkPlanogramAvailability is PASSED

2018-08-09 17:27:02 - [MESSAGE][WARNING] - Timeout '0' is invalid. Using default page load timeout: '5'

2018-08-09 17:27:08 - [MESSAGE][WARNING] - Object Object Repository/CommonScreenElements/InfoPopUp_OKButton not found
[[ATTACHMENT|F:\\Git Projects\\MMAPlus_Merchandising\\MMAPlus_Merchandising\\Reports\\MMA Plus Merchandising With Chiller Wise Data Verification\\20180809_164504\\1533817627876.png]]

2018-08-09 17:27:08 - [MESSAGE][PASSED] - com.ct.qa.keywords.CommonKeywords.checkPlanogramAvailability is PASSED

2018-08-09 17:27:08 - [TEST_STEP][PASSED] - com.ct.qa.keywords.CommonKeywords.closePlanogram: com.ct.qa.keywords.CommonKeywords.closePlanogram is PASSED

2018-08-09 17:27:09 - [MESSAGE][PASSED] - com.ct.qa.keywords.CommonKeywords.closePlanogram is PASSED

2018-08-09 17:27:09 - [TEST_STEP][PASSED] - verifyElementExist: Element 'Object Repository/ShopOpen/ChillerUtilization/ChillerAvailable/Validate_ChillerAvailableScreen' is exist

2018-08-09 17:27:09 - [MESSAGE][WARNING] - Timeout '0' is invalid. Using default page load timeout: '5'

2018-08-09 17:27:10 - [MESSAGE][PASSED] - Element 'Object Repository/ShopOpen/ChillerUtilization/ChillerAvailable/Validate_ChillerAvailableScreen' is exist

2018-08-09 17:27:10 - [TEST_STEP][PASSED] - com.ct.qa.keywords.CommonKeywords.findPictureImageView: com.ct.qa.keywords.CommonKeywords.findPictureImageView is PASSED

2018-08-09 17:27:10 - [MESSAGE][PASSED] - com.ct.qa.keywords.CommonKeywords.findPictureImageView is PASSED

2018-08-09 17:27:10 - [TEST_STEP][PASSED] - verifyElementExist: Element 'Object Repository/ShopOpen/ChillerUtilization/ChillerAvailable/Validate_ChillerAvailableScreen' is exist

2018-08-09 17:27:10 - [MESSAGE][WARNING] - Timeout '0' is invalid. Using default page load timeout: '5'

2018-08-09 17:27:10 - [MESSAGE][PASSED] - Element 'Object Repository/ShopOpen/ChillerUtilization/ChillerAvailable/Validate_ChillerAvailableScreen' is exist

2018-08-09 17:27:10 - [TEST_STEP][PASSED] - tap: Tapped on element 'Object Repository/ShopOpen/ChillerUtilization/ChillerAvailable/Depth1_TakePicture'

2018-08-09 17:27:10 - [MESSAGE][WARNING] - Timeout '0' is invalid. Using default page load timeout: '5'

2018-08-09 17:27:12 - [MESSAGE][PASSED] - Tapped on element 'Object Repository/ShopOpen/ChillerUtilization/ChillerAvailable/Depth1_TakePicture'

2018-08-09 17:27:12 - [TEST_STEP][PASSED] - verifyElementExist: Element 'Object Repository/CommonScreenElements/Validate_CameraScreen' is exist

2018-08-09 17:27:12 - [MESSAGE][WARNING] - Timeout '0' is invalid. Using default page load timeout: '5'

2018-08-09 17:27:13 - [MESSAGE][PASSED] - Element 'Object Repository/CommonScreenElements/Validate_CameraScreen' is exist

2018-08-09 17:27:13 - [TEST_STEP][PASSED] - tap: Tapped on element 'Object Repository/CommonScreenElements/TakePictureButton'

2018-08-09 17:27:13 - [MESSAGE][WARNING] - Timeout '0' is invalid. Using default page load timeout: '5'

2018-08-09 17:27:16 - [MESSAGE][PASSED] - Tapped on element 'Object Repository/CommonScreenElements/TakePictureButton'

2018-08-09 17:27:16 - [TEST_STEP][PASSED] - delay: Delayed 5 second(s)

2018-08-09 17:27:21 - [MESSAGE][PASSED] - Delayed 5 second(s)

2018-08-09 17:27:21 - [TEST_STEP][PASSED] - tap: Tapped on element 'Object Repository/CommonScreenElements/DoneButton'

2018-08-09 17:27:21 - [MESSAGE][WARNING] - Timeout '0' is invalid. Using default page load timeout: '5'

2018-08-09 17:27:22 - [MESSAGE][PASSED] - Tapped on element 'Object Repository/CommonScreenElements/DoneButton'

2018-08-09 17:27:22 - [TEST_STEP][PASSED] - verifyElementExist: Element 'Object Repository/ShopOpen/ChillerUtilization/ChillerAvailable/Validate_ChillerAvailableScreen' is exist

2018-08-09 17:27:22 - [MESSAGE][WARNING] - Timeout '0' is invalid. Using default page load timeout: '5'

2018-08-09 17:27:23 - [MESSAGE][PASSED] - Element 'Object Repository/ShopOpen/ChillerUtilization/ChillerAvailable/Validate_ChillerAvailableScreen' is exist

2018-08-09 17:27:23 - [TEST_STEP][PASSED] - tap: Tapped on element 'Object Repository/ShopOpen/ChillerUtilization/ChillerAvailable/Depth2TakePicture'

2018-08-09 17:27:23 - [MESSAGE][WARNING] - Timeout '0' is invalid. Using default page load timeout: '5'

2018-08-09 17:27:24 - [MESSAGE][PASSED] - Tapped on element 'Object Repository/ShopOpen/ChillerUtilization/ChillerAvailable/Depth2TakePicture'

2018-08-09 17:27:24 - [TEST_STEP][PASSED] - verifyElementExist: Element 'Object Repository/CommonScreenElements/Validate_CameraScreen' is exist

2018-08-09 17:27:24 - [MESSAGE][WARNING] - Timeout '0' is invalid. Using default page load timeout: '5'

2018-08-09 17:27:25 - [MESSAGE][PASSED] - Element 'Object Repository/CommonScreenElements/Validate_CameraScreen' is exist

2018-08-09 17:27:25 - [TEST_STEP][PASSED] - tap: Tapped on element 'Object Repository/CommonScreenElements/TakePictureButton'

2018-08-09 17:27:25 - [MESSAGE][WARNING] - Timeout '0' is invalid. Using default page load timeout: '5'

2018-08-09 17:27:28 - [MESSAGE][PASSED] - Tapped on element 'Object Repository/CommonScreenElements/TakePictureButton'

2018-08-09 17:27:28 - [TEST_STEP][PASSED] - delay: Delayed 5 second(s)

2018-08-09 17:27:33 - [MESSAGE][PASSED] - Delayed 5 second(s)

2018-08-09 17:27:33 - [TEST_STEP][PASSED] - tap: Tapped on element 'Object Repository/CommonScreenElements/DoneButton'

2018-08-09 17:27:33 - [MESSAGE][WARNING] - Timeout '0' is invalid. Using default page load timeout: '5'

2018-08-09 17:27:34 - [MESSAGE][PASSED] - Tapped on element 'Object Repository/CommonScreenElements/DoneButton'

2018-08-09 17:27:34 - [TEST_STEP][PASSED] - verifyElementExist: Element 'Object Repository/ShopOpen/ChillerUtilization/ChillerAvailable/Validate_ChillerAvailableScreen' is exist

2018-08-09 17:27:34 - [MESSAGE][WARNING] - Timeout '0' is invalid. Using default page load timeout: '5'

2018-08-09 17:27:35 - [MESSAGE][PASSED] - Element 'Object Repository/ShopOpen/ChillerUtilization/ChillerAvailable/Validate_ChillerAvailableScreen' is exist

2018-08-09 17:27:35 - [TEST_STEP][PASSED] - tap: Tapped on element 'Object Repository/ShopOpen/ChillerUtilization/ChillerAvailable/NextButton'

2018-08-09 17:27:35 - [MESSAGE][WARNING] - Timeout '0' is invalid. Using default page load timeout: '5'

2018-08-09 17:27:36 - [MESSAGE][PASSED] - Tapped on element 'Object Repository/ShopOpen/ChillerUtilization/ChillerAvailable/NextButton'

2018-08-09 17:27:36 - [TEST_STEP][PASSED] - verifyElementText: Actual text and expected text of test object 'Object Repository/ShopOpen/ChillerUtilization/ChillerAvailable/Validate_ChillerProductsCategoriesScreen' are matched.

2018-08-09 17:27:37 - [MESSAGE][PASSED] - Actual text and expected text of test object 'Object Repository/ShopOpen/ChillerUtilization/ChillerAvailable/Validate_ChillerProductsCategoriesScreen' are matched.

2018-08-09 17:27:37 - [TEST_STEP][PASSED] - com.ct.qa.keywords.ChillerProductsDataKeywords.visitChillerAvailableProductCategories: com.ct.qa.keywords.ChillerProductsDataKeywords.visitChillerAvailableProductCategories is PASSED

2018-08-09 17:27:40 - [TEST_CASE][PASSED] - Test Cases/ShopOpen/ChillerUtilization/ChillerAvailable/VisitProductCategoryAssets: Test Cases/ShopOpen/ChillerUtilization/ChillerAvailable/VisitProductCategoryAssets

2018-08-09 17:27:40 - [TEST_STEP][PASSED] - verifyElementText: Actual text and expected text of test object 'Object Repository/ShopOpen/ChillerUtilization/ChillerAvailable/Validate_ProductCategoryAssetScreen' are matched.

2018-08-09 17:27:42 - [MESSAGE][PASSED] - Actual text and expected text of test object 'Object Repository/ShopOpen/ChillerUtilization/ChillerAvailable/Validate_ProductCategoryAssetScreen' are matched.

2018-08-09 17:27:42 - [TEST_STEP][PASSED] - tap: Tapped on element 'Object Repository/ShopOpen/ChillerUtilization/ChillerAvailable/Facing'

2018-08-09 17:27:42 - [MESSAGE][WARNING] - Timeout '0' is invalid. Using default page load timeout: '5'

2018-08-09 17:27:42 - [MESSAGE][PASSED] - Tapped on element 'Object Repository/ShopOpen/ChillerUtilization/ChillerAvailable/Facing'

2018-08-09 17:27:42 - [TEST_STEP][PASSED] - verifyElementText: Actual text and expected text of test object 'Object Repository/ShopOpen/ChillerUtilization/ChillerAvailable/Validate_FacingScreen' are matched.

2018-08-09 17:27:44 - [MESSAGE][PASSED] - Actual text and expected text of test object 'Object Repository/ShopOpen/ChillerUtilization/ChillerAvailable/Validate_FacingScreen' are matched.

2018-08-09 17:27:44 - [TEST_STEP][PASSED] - com.ct.qa.keywords.ChillerProductsDataKeywords.visitChillerAvailableProductsData: com.ct.qa.keywords.ChillerProductsDataKeywords.visitChillerAvailableProductsData is PASSED

2018-08-09 17:27:47 - [MESSAGE][PASSED] - Keyboard is hidden

2018-08-09 17:27:48 - [MESSAGE][PASSED] - com.ct.qa.keywords.ChillerProductsDataKeywords.visitChillerAvailableProductsData is PASSED

2018-08-09 17:27:48 - [TEST_STEP][PASSED] - tap: Tapped on element 'Object Repository/ShopOpen/ChillerUtilization/ChillerAvailable/SubmitButton'

2018-08-09 17:27:48 - [MESSAGE][WARNING] - Timeout '0' is invalid. Using default page load timeout: '5'

2018-08-09 17:27:48 - [MESSAGE][PASSED] - Tapped on element 'Object Repository/ShopOpen/ChillerUtilization/ChillerAvailable/SubmitButton'

2018-08-09 17:27:48 - [TEST_STEP][PASSED] - verifyElementText: Actual text and expected text of test object 'Object Repository/ShopOpen/ChillerUtilization/ChillerAvailable/Validate_ProductCategoryAssetScreen' are matched.

2018-08-09 17:27:49 - [MESSAGE][PASSED] - Actual text and expected text of test object 'Object Repository/ShopOpen/ChillerUtilization/ChillerAvailable/Validate_ProductCategoryAssetScreen' are matched.

2018-08-09 17:27:49 - [TEST_STEP][PASSED] - tap: Tapped on element 'Object Repository/ShopOpen/ChillerUtilization/ChillerAvailable/Depth'

2018-08-09 17:27:49 - [MESSAGE][WARNING] - Timeout '0' is invalid. Using default page load timeout: '5'

2018-08-09 17:27:50 - [MESSAGE][PASSED] - Tapped on element 'Object Repository/ShopOpen/ChillerUtilization/ChillerAvailable/Depth'

2018-08-09 17:27:50 - [TEST_STEP][PASSED] - verifyElementText: Actual text and expected text of test object 'Object Repository/ShopOpen/ChillerUtilization/ChillerAvailable/Validate_DepthScreen' are matched.

2018-08-09 17:27:52 - [MESSAGE][PASSED] - Actual text and expected text of test object 'Object Repository/ShopOpen/ChillerUtilization/ChillerAvailable/Validate_DepthScreen' are matched.

2018-08-09 17:27:52 - [TEST_STEP][PASSED] - com.ct.qa.keywords.ChillerProductsDataKeywords.visitChillerAvailableProductsData: com.ct.qa.keywords.ChillerProductsDataKeywords.visitChillerAvailableProductsData is PASSED

2018-08-09 17:27:55 - [MESSAGE][PASSED] - Keyboard is hidden

2018-08-09 17:27:56 - [MESSAGE][PASSED] - com.ct.qa.keywords.ChillerProductsDataKeywords.visitChillerAvailableProductsData is PASSED

2018-08-09 17:27:56 - [TEST_STEP][PASSED] - tap: Tapped on element 'Object Repository/ShopOpen/ChillerUtilization/ChillerAvailable/SubmitButton'

2018-08-09 17:27:56 - [MESSAGE][WARNING] - Timeout '0' is invalid. Using default page load timeout: '5'

2018-08-09 17:27:56 - [MESSAGE][PASSED] - Tapped on element 'Object Repository/ShopOpen/ChillerUtilization/ChillerAvailable/SubmitButton'

2018-08-09 17:27:56 - [TEST_STEP][PASSED] - verifyElementText: Actual text and expected text of test object 'Object Repository/ShopOpen/ChillerUtilization/ChillerAvailable/Validate_ProductCategoryAssetScreen' are matched.

2018-08-09 17:27:57 - [MESSAGE][PASSED] - Actual text and expected text of test object 'Object Repository/ShopOpen/ChillerUtilization/ChillerAvailable/Validate_ProductCategoryAssetScreen' are matched.

2018-08-09 17:27:57 - [TEST_STEP][PASSED] - tap: Tapped on element 'Object Repository/ShopOpen/ChillerUtilization/ChillerAvailable/StockCount'

2018-08-09 17:27:57 - [MESSAGE][WARNING] - Timeout '0' is invalid. Using default page load timeout: '5'

2018-08-09 17:27:57 - [MESSAGE][PASSED] - Tapped on element 'Object Repository/ShopOpen/ChillerUtilization/ChillerAvailable/StockCount'

2018-08-09 17:27:57 - [TEST_STEP][PASSED] - verifyElementText: Actual text and expected text of test object 'Object Repository/ShopOpen/ChillerUtilization/ChillerAvailable/Validate_StockCountScreen' are matched.

2018-08-09 17:28:00 - [MESSAGE][PASSED] - Actual text and expected text of test object 'Object Repository/ShopOpen/ChillerUtilization/ChillerAvailable/Validate_StockCountScreen' are matched.

2018-08-09 17:28:00 - [TEST_STEP][PASSED] - com.ct.qa.keywords.ChillerProductsDataKeywords.visitChillerAvailableProductsData: com.ct.qa.keywords.ChillerProductsDataKeywords.visitChillerAvailableProductsData is PASSED

2018-08-09 17:28:03 - [MESSAGE][PASSED] - Keyboard is hidden

2018-08-09 17:28:04 - [MESSAGE][PASSED] - com.ct.qa.keywords.ChillerProductsDataKeywords.visitChillerAvailableProductsData is PASSED

2018-08-09 17:28:04 - [TEST_STEP][PASSED] - tap: Tapped on element 'Object Repository/ShopOpen/ChillerUtilization/ChillerAvailable/SubmitButton'

2018-08-09 17:28:04 - [MESSAGE][WARNING] - Timeout '0' is invalid. Using default page load timeout: '5'

2018-08-09 17:28:05 - [MESSAGE][PASSED] - Tapped on element 'Object Repository/ShopOpen/ChillerUtilization/ChillerAvailable/SubmitButton'

2018-08-09 17:28:05 - [TEST_STEP][PASSED] - verifyElementText: Actual text and expected text of test object 'Object Repository/ShopOpen/ChillerUtilization/ChillerAvailable/Validate_ProductCategoryAssetScreen' are matched.

2018-08-09 17:28:06 - [MESSAGE][PASSED] - Actual text and expected text of test object 'Object Repository/ShopOpen/ChillerUtilization/ChillerAvailable/Validate_ProductCategoryAssetScreen' are matched.

2018-08-09 17:28:06 - [TEST_STEP][PASSED] - tap: Tapped on element 'Object Repository/ShopOpen/ChillerUtilization/ChillerAvailable/PorductCategoryActions_BackButton'

2018-08-09 17:28:06 - [MESSAGE][WARNING] - Timeout '0' is invalid. Using default page load timeout: '5'

2018-08-09 17:28:06 - [MESSAGE][PASSED] - Tapped on element 'Object Repository/ShopOpen/ChillerUtilization/ChillerAvailable/PorductCategoryActions_BackButton'

2018-08-09 17:28:06 - [TEST_STEP][PASSED] - verifyElementText: Actual text and expected text of test object 'Object Repository/ShopOpen/ChillerUtilization/ChillerAvailable/Validate_ChillerProductsCategoriesScreen' are matched.

2018-08-09 17:28:07 - [MESSAGE][PASSED] - Actual text and expected text of test object 'Object Repository/ShopOpen/ChillerUtilization/ChillerAvailable/Validate_ChillerProductsCategoriesScreen' are matched.

2018-08-09 17:28:07 - [MESSAGE][PASSED] - Call Test Case 'Test Cases/ShopOpen/ChillerUtilization/ChillerAvailable/VisitProductCategoryAssets' successfully

2018-08-09 17:28:08 - [TEST_CASE][PASSED] - Test Cases/ShopOpen/ChillerUtilization/ChillerAvailable/VisitProductCategoryAssets: Test Cases/ShopOpen/ChillerUtilization/ChillerAvailable/VisitProductCategoryAssets

2018-08-09 17:28:08 - [TEST_STEP][PASSED] - verifyElementText: Actual text and expected text of test object 'Object Repository/ShopOpen/ChillerUtilization/ChillerAvailable/Validate_ProductCategoryAssetScreen' are matched.

2018-08-09 17:28:10 - [MESSAGE][PASSED] - Actual text and expected text of test object 'Object Repository/ShopOpen/ChillerUtilization/ChillerAvailable/Validate_ProductCategoryAssetScreen' are matched.

2018-08-09 17:28:10 - [TEST_STEP][PASSED] - tap: Tapped on element 'Object Repository/ShopOpen/ChillerUtilization/ChillerAvailable/Facing'

2018-08-09 17:28:10 - [MESSAGE][WARNING] - Timeout '0' is invalid. Using default page load timeout: '5'

2018-08-09 17:28:10 - [MESSAGE][PASSED] - Tapped on element 'Object Repository/ShopOpen/ChillerUtilization/ChillerAvailable/Facing'

2018-08-09 17:28:10 - [TEST_STEP][PASSED] - verifyElementText: Actual text and expected text of test object 'Object Repository/ShopOpen/ChillerUtilization/ChillerAvailable/Validate_FacingScreen' are matched.

2018-08-09 17:28:12 - [MESSAGE][PASSED] - Actual text and expected text of test object 'Object Repository/ShopOpen/ChillerUtilization/ChillerAvailable/Validate_FacingScreen' are matched.

2018-08-09 17:28:12 - [TEST_STEP][PASSED] - com.ct.qa.keywords.ChillerProductsDataKeywords.visitChillerAvailableProductsData: com.ct.qa.keywords.ChillerProductsDataKeywords.visitChillerAvailableProductsData is PASSED

2018-08-09 17:28:16 - [MESSAGE][PASSED] - Keyboard is hidden

2018-08-09 17:28:19 - [MESSAGE][PASSED] - Keyboard is hidden

2018-08-09 17:28:22 - [MESSAGE][PASSED] - Keyboard is hidden

2018-08-09 17:28:25 - [MESSAGE][PASSED] - Keyboard is hidden

2018-08-09 17:28:28 - [MESSAGE][PASSED] - Keyboard is hidden

2018-08-09 17:28:31 - [MESSAGE][PASSED] - Keyboard is hidden

2018-08-09 17:28:35 - [MESSAGE][PASSED] - Swiped from 50,359 to 50,250

2018-08-09 17:28:38 - [MESSAGE][PASSED] - Keyboard is hidden

2018-08-09 17:28:40 - [MESSAGE][PASSED] - Swiped from 50,359 to 50,250

2018-08-09 17:28:43 - [MESSAGE][PASSED] - Keyboard is hidden

2018-08-09 17:28:45 - [MESSAGE][PASSED] - Swiped from 50,359 to 50,250

2018-08-09 17:28:48 - [MESSAGE][PASSED] - Keyboard is hidden

2018-08-09 17:28:50 - [MESSAGE][PASSED] - Swiped from 50,359 to 50,250

2018-08-09 17:28:53 - [MESSAGE][PASSED] - Keyboard is hidden

2018-08-09 17:28:55 - [MESSAGE][PASSED] - Swiped from 50,359 to 50,250

2018-08-09 17:28:58 - [MESSAGE][PASSED] - Keyboard is hidden

2018-08-09 17:29:00 - [MESSAGE][PASSED] - Swiped from 50,359 to 50,250

2018-08-09 17:29:03 - [MESSAGE][PASSED] - Keyboard is hidden

2018-08-09 17:29:05 - [MESSAGE][PASSED] - Swiped from 50,359 to 50,250

2018-08-09 17:29:06 - [MESSAGE][PASSED] - com.ct.qa.keywords.ChillerProductsDataKeywords.visitChillerAvailableProductsData is PASSED

2018-08-09 17:29:06 - [TEST_STEP][PASSED] - tap: Tapped on element 'Object Repository/ShopOpen/ChillerUtilization/ChillerAvailable/SubmitButton'

2018-08-09 17:29:06 - [MESSAGE][WARNING] - Timeout '0' is invalid. Using default page load timeout: '5'

2018-08-09 17:29:06 - [MESSAGE][PASSED] - Tapped on element 'Object Repository/ShopOpen/ChillerUtilization/ChillerAvailable/SubmitButton'

2018-08-09 17:29:06 - [TEST_STEP][PASSED] - verifyElementText: Actual text and expected text of test object 'Object Repository/ShopOpen/ChillerUtilization/ChillerAvailable/Validate_ProductCategoryAssetScreen' are matched.

2018-08-09 17:29:07 - [MESSAGE][PASSED] - Actual text and expected text of test object 'Object Repository/ShopOpen/ChillerUtilization/ChillerAvailable/Validate_ProductCategoryAssetScreen' are matched.

2018-08-09 17:29:07 - [TEST_STEP][PASSED] - tap: Tapped on element 'Object Repository/ShopOpen/ChillerUtilization/ChillerAvailable/Depth'

2018-08-09 17:29:07 - [MESSAGE][WARNING] - Timeout '0' is invalid. Using default page load timeout: '5'

2018-08-09 17:29:07 - [MESSAGE][PASSED] - Tapped on element 'Object Repository/ShopOpen/ChillerUtilization/ChillerAvailable/Depth'

2018-08-09 17:29:07 - [TEST_STEP][PASSED] - verifyElementText: Actual text and expected text of test object 'Object Repository/ShopOpen/ChillerUtilization/ChillerAvailable/Validate_DepthScreen' are matched.

2018-08-09 17:29:10 - [MESSAGE][PASSED] - Actual text and expected text of test object 'Object Repository/ShopOpen/ChillerUtilization/ChillerAvailable/Validate_DepthScreen' are matched.

2018-08-09 17:29:10 - [TEST_STEP][PASSED] - com.ct.qa.keywords.ChillerProductsDataKeywords.visitChillerAvailableProductsData: com.ct.qa.keywords.ChillerProductsDataKeywords.visitChillerAvailableProductsData is PASSED

2018-08-09 17:29:14 - [MESSAGE][PASSED] - Keyboard is hidden

2018-08-09 17:29:17 - [MESSAGE][PASSED] - Keyboard is hidden

2018-08-09 17:29:20 - [MESSAGE][PASSED] - Keyboard is hidden

2018-08-09 17:29:23 - [MESSAGE][PASSED] - Keyboard is hidden

2018-08-09 17:29:26 - [MESSAGE][PASSED] - Keyboard is hidden

2018-08-09 17:29:29 - [MESSAGE][PASSED] - Keyboard is hidden

2018-08-09 17:29:33 - [MESSAGE][PASSED] - Swiped from 50,359 to 50,250

2018-08-09 17:29:36 - [MESSAGE][PASSED] - Keyboard is hidden

2018-08-09 17:29:38 - [MESSAGE][PASSED] - Swiped from 50,359 to 50,250

2018-08-09 17:29:41 - [MESSAGE][PASSED] - Keyboard is hidden

2018-08-09 17:29:43 - [MESSAGE][PASSED] - Swiped from 50,359 to 50,250

2018-08-09 17:29:46 - [MESSAGE][PASSED] - Keyboard is hidden

2018-08-09 17:29:48 - [MESSAGE][PASSED] - Swiped from 50,359 to 50,250

2018-08-09 17:29:51 - [MESSAGE][PASSED] - Keyboard is hidden

2018-08-09 17:29:53 - [MESSAGE][PASSED] - Swiped from 50,359 to 50,250

2018-08-09 17:29:56 - [MESSAGE][PASSED] - Keyboard is hidden

2018-08-09 17:29:58 - [MESSAGE][PASSED] - Swiped from 50,359 to 50,250

2018-08-09 17:30:01 - [MESSAGE][PASSED] - Keyboard is hidden

2018-08-09 17:30:03 - [MESSAGE][PASSED] - Swiped from 50,359 to 50,250

2018-08-09 17:30:04 - [MESSAGE][PASSED] - com.ct.qa.keywords.ChillerProductsDataKeywords.visitChillerAvailableProductsData is PASSED

2018-08-09 17:30:04 - [TEST_STEP][PASSED] - tap: Tapped on element 'Object Repository/ShopOpen/ChillerUtilization/ChillerAvailable/SubmitButton'

2018-08-09 17:30:04 - [MESSAGE][WARNING] - Timeout '0' is invalid. Using default page load timeout: '5'

2018-08-09 17:30:04 - [MESSAGE][PASSED] - Tapped on element 'Object Repository/ShopOpen/ChillerUtilization/ChillerAvailable/SubmitButton'

2018-08-09 17:30:04 - [TEST_STEP][PASSED] - verifyElementText: Actual text and expected text of test object 'Object Repository/ShopOpen/ChillerUtilization/ChillerAvailable/Validate_ProductCategoryAssetScreen' are matched.

2018-08-09 17:30:05 - [MESSAGE][PASSED] - Actual text and expected text of test object 'Object Repository/ShopOpen/ChillerUtilization/ChillerAvailable/Validate_ProductCategoryAssetScreen' are matched.

2018-08-09 17:30:05 - [TEST_STEP][PASSED] - tap: Tapped on element 'Object Repository/ShopOpen/ChillerUtilization/ChillerAvailable/StockCount'

2018-08-09 17:30:05 - [MESSAGE][WARNING] - Timeout '0' is invalid. Using default page load timeout: '5'

2018-08-09 17:30:05 - [MESSAGE][PASSED] - Tapped on element 'Object Repository/ShopOpen/ChillerUtilization/ChillerAvailable/StockCount'

2018-08-09 17:30:05 - [TEST_STEP][PASSED] - verifyElementText: Actual text and expected text of test object 'Object Repository/ShopOpen/ChillerUtilization/ChillerAvailable/Validate_StockCountScreen' are matched.

2018-08-09 17:30:08 - [MESSAGE][PASSED] - Actual text and expected text of test object 'Object Repository/ShopOpen/ChillerUtilization/ChillerAvailable/Validate_StockCountScreen' are matched.

2018-08-09 17:30:08 - [TEST_STEP][PASSED] - com.ct.qa.keywords.ChillerProductsDataKeywords.visitChillerAvailableProductsData: com.ct.qa.keywords.ChillerProductsDataKeywords.visitChillerAvailableProductsData is PASSED

2018-08-09 17:30:12 - [MESSAGE][PASSED] - Keyboard is hidden

2018-08-09 17:30:15 - [MESSAGE][PASSED] - Keyboard is hidden

2018-08-09 17:30:18 - [MESSAGE][PASSED] - Keyboard is hidden

2018-08-09 17:30:21 - [MESSAGE][PASSED] - Keyboard is hidden

2018-08-09 17:30:24 - [MESSAGE][PASSED] - Keyboard is hidden

2018-08-09 17:30:27 - [MESSAGE][PASSED] - Keyboard is hidden

2018-08-09 17:30:30 - [MESSAGE][PASSED] - Swiped from 50,359 to 50,250

2018-08-09 17:30:33 - [MESSAGE][PASSED] - Keyboard is hidden

2018-08-09 17:30:35 - [MESSAGE][PASSED] - Swiped from 50,359 to 50,250

2018-08-09 17:30:38 - [MESSAGE][PASSED] - Keyboard is hidden

2018-08-09 17:30:40 - [MESSAGE][PASSED] - Swiped from 50,359 to 50,250

2018-08-09 17:30:43 - [MESSAGE][PASSED] - Keyboard is hidden

2018-08-09 17:30:45 - [MESSAGE][PASSED] - Swiped from 50,359 to 50,250

2018-08-09 17:30:48 - [MESSAGE][PASSED] - Keyboard is hidden

2018-08-09 17:30:50 - [MESSAGE][PASSED] - Swiped from 50,359 to 50,250

2018-08-09 17:30:53 - [MESSAGE][PASSED] - Keyboard is hidden

2018-08-09 17:30:55 - [MESSAGE][PASSED] - Swiped from 50,359 to 50,250

2018-08-09 17:30:58 - [MESSAGE][PASSED] - Keyboard is hidden

2018-08-09 17:31:00 - [MESSAGE][PASSED] - Swiped from 50,359 to 50,250

2018-08-09 17:31:01 - [MESSAGE][PASSED] - com.ct.qa.keywords.ChillerProductsDataKeywords.visitChillerAvailableProductsData is PASSED

2018-08-09 17:31:01 - [TEST_STEP][PASSED] - tap: Tapped on element 'Object Repository/ShopOpen/ChillerUtilization/ChillerAvailable/SubmitButton'

2018-08-09 17:31:01 - [MESSAGE][WARNING] - Timeout '0' is invalid. Using default page load timeout: '5'

2018-08-09 17:31:01 - [MESSAGE][PASSED] - Tapped on element 'Object Repository/ShopOpen/ChillerUtilization/ChillerAvailable/SubmitButton'

2018-08-09 17:31:01 - [TEST_STEP][PASSED] - verifyElementText: Actual text and expected text of test object 'Object Repository/ShopOpen/ChillerUtilization/ChillerAvailable/Validate_ProductCategoryAssetScreen' are matched.

2018-08-09 17:31:02 - [MESSAGE][PASSED] - Actual text and expected text of test object 'Object Repository/ShopOpen/ChillerUtilization/ChillerAvailable/Validate_ProductCategoryAssetScreen' are matched.

2018-08-09 17:31:02 - [TEST_STEP][PASSED] - tap: Tapped on element 'Object Repository/ShopOpen/ChillerUtilization/ChillerAvailable/PorductCategoryActions_BackButton'

2018-08-09 17:31:02 - [MESSAGE][WARNING] - Timeout '0' is invalid. Using default page load timeout: '5'

2018-08-09 17:31:02 - [MESSAGE][PASSED] - Tapped on element 'Object Repository/ShopOpen/ChillerUtilization/ChillerAvailable/PorductCategoryActions_BackButton'

2018-08-09 17:31:02 - [TEST_STEP][PASSED] - verifyElementText: Actual text and expected text of test object 'Object Repository/ShopOpen/ChillerUtilization/ChillerAvailable/Validate_ChillerProductsCategoriesScreen' are matched.

2018-08-09 17:31:04 - [MESSAGE][PASSED] - Actual text and expected text of test object 'Object Repository/ShopOpen/ChillerUtilization/ChillerAvailable/Validate_ChillerProductsCategoriesScreen' are matched.

2018-08-09 17:31:04 - [MESSAGE][PASSED] - Call Test Case 'Test Cases/ShopOpen/ChillerUtilization/ChillerAvailable/VisitProductCategoryAssets' successfully

2018-08-09 17:31:04 - [TEST_CASE][PASSED] - Test Cases/ShopOpen/ChillerUtilization/ChillerAvailable/VisitProductCategoryAssets: Test Cases/ShopOpen/ChillerUtilization/ChillerAvailable/VisitProductCategoryAssets

2018-08-09 17:31:04 - [TEST_STEP][PASSED] - verifyElementText: Actual text and expected text of test object 'Object Repository/ShopOpen/ChillerUtilization/ChillerAvailable/Validate_ProductCategoryAssetScreen' are matched.

2018-08-09 17:31:06 - [MESSAGE][PASSED] - Actual text and expected text of test object 'Object Repository/ShopOpen/ChillerUtilization/ChillerAvailable/Validate_ProductCategoryAssetScreen' are matched.

2018-08-09 17:31:06 - [TEST_STEP][PASSED] - tap: Tapped on element 'Object Repository/ShopOpen/ChillerUtilization/ChillerAvailable/Facing'

2018-08-09 17:31:06 - [MESSAGE][WARNING] - Timeout '0' is invalid. Using default page load timeout: '5'

2018-08-09 17:31:06 - [MESSAGE][PASSED] - Tapped on element 'Object Repository/ShopOpen/ChillerUtilization/ChillerAvailable/Facing'

2018-08-09 17:31:06 - [TEST_STEP][PASSED] - verifyElementText: Actual text and expected text of test object 'Object Repository/ShopOpen/ChillerUtilization/ChillerAvailable/Validate_FacingScreen' are matched.

2018-08-09 17:31:08 - [MESSAGE][PASSED] - Actual text and expected text of test object 'Object Repository/ShopOpen/ChillerUtilization/ChillerAvailable/Validate_FacingScreen' are matched.

2018-08-09 17:31:08 - [TEST_STEP][PASSED] - com.ct.qa.keywords.ChillerProductsDataKeywords.visitChillerAvailableProductsData: com.ct.qa.keywords.ChillerProductsDataKeywords.visitChillerAvailableProductsData is PASSED

2018-08-09 17:31:11 - [MESSAGE][PASSED] - Keyboard is hidden

2018-08-09 17:31:14 - [MESSAGE][PASSED] - Keyboard is hidden

2018-08-09 17:31:15 - [MESSAGE][PASSED] - com.ct.qa.keywords.ChillerProductsDataKeywords.visitChillerAvailableProductsData is PASSED

2018-08-09 17:31:15 - [TEST_STEP][PASSED] - tap: Tapped on element 'Object Repository/ShopOpen/ChillerUtilization/ChillerAvailable/SubmitButton'

2018-08-09 17:31:15 - [MESSAGE][WARNING] - Timeout '0' is invalid. Using default page load timeout: '5'

2018-08-09 17:31:15 - [MESSAGE][PASSED] - Tapped on element 'Object Repository/ShopOpen/ChillerUtilization/ChillerAvailable/SubmitButton'

2018-08-09 17:31:15 - [TEST_STEP][PASSED] - verifyElementText: Actual text and expected text of test object 'Object Repository/ShopOpen/ChillerUtilization/ChillerAvailable/Validate_ProductCategoryAssetScreen' are matched.

2018-08-09 17:31:16 - [MESSAGE][PASSED] - Actual text and expected text of test object 'Object Repository/ShopOpen/ChillerUtilization/ChillerAvailable/Validate_ProductCategoryAssetScreen' are matched.

2018-08-09 17:31:16 - [TEST_STEP][PASSED] - tap: Tapped on element 'Object Repository/ShopOpen/ChillerUtilization/ChillerAvailable/Depth'

2018-08-09 17:31:16 - [MESSAGE][WARNING] - Timeout '0' is invalid. Using default page load timeout: '5'

2018-08-09 17:31:17 - [MESSAGE][PASSED] - Tapped on element 'Object Repository/ShopOpen/ChillerUtilization/ChillerAvailable/Depth'

2018-08-09 17:31:17 - [TEST_STEP][PASSED] - verifyElementText: Actual text and expected text of test object 'Object Repository/ShopOpen/ChillerUtilization/ChillerAvailable/Validate_DepthScreen' are matched.

2018-08-09 17:31:19 - [MESSAGE][PASSED] - Actual text and expected text of test object 'Object Repository/ShopOpen/ChillerUtilization/ChillerAvailable/Validate_DepthScreen' are matched.

2018-08-09 17:31:19 - [TEST_STEP][PASSED] - com.ct.qa.keywords.ChillerProductsDataKeywords.visitChillerAvailableProductsData: com.ct.qa.keywords.ChillerProductsDataKeywords.visitChillerAvailableProductsData is PASSED

2018-08-09 17:31:22 - [MESSAGE][PASSED] - Keyboard is hidden

2018-08-09 17:31:25 - [MESSAGE][PASSED] - Keyboard is hidden

2018-08-09 17:31:26 - [MESSAGE][PASSED] - com.ct.qa.keywords.ChillerProductsDataKeywords.visitChillerAvailableProductsData is PASSED

2018-08-09 17:31:26 - [TEST_STEP][PASSED] - tap: Tapped on element 'Object Repository/ShopOpen/ChillerUtilization/ChillerAvailable/SubmitButton'

2018-08-09 17:31:26 - [MESSAGE][WARNING] - Timeout '0' is invalid. Using default page load timeout: '5'

2018-08-09 17:31:26 - [MESSAGE][PASSED] - Tapped on element 'Object Repository/ShopOpen/ChillerUtilization/ChillerAvailable/SubmitButton'

2018-08-09 17:31:26 - [TEST_STEP][PASSED] - verifyElementText: Actual text and expected text of test object 'Object Repository/ShopOpen/ChillerUtilization/ChillerAvailable/Validate_ProductCategoryAssetScreen' are matched.

2018-08-09 17:31:27 - [MESSAGE][PASSED] - Actual text and expected text of test object 'Object Repository/ShopOpen/ChillerUtilization/ChillerAvailable/Validate_ProductCategoryAssetScreen' are matched.

2018-08-09 17:31:27 - [TEST_STEP][PASSED] - tap: Tapped on element 'Object Repository/ShopOpen/ChillerUtilization/ChillerAvailable/StockCount'

2018-08-09 17:31:27 - [MESSAGE][WARNING] - Timeout '0' is invalid. Using default page load timeout: '5'

2018-08-09 17:31:28 - [MESSAGE][PASSED] - Tapped on element 'Object Repository/ShopOpen/ChillerUtilization/ChillerAvailable/StockCount'

2018-08-09 17:31:28 - [TEST_STEP][PASSED] - verifyElementText: Actual text and expected text of test object 'Object Repository/ShopOpen/ChillerUtilization/ChillerAvailable/Validate_StockCountScreen' are matched.

2018-08-09 17:31:30 - [MESSAGE][PASSED] - Actual text and expected text of test object 'Object Repository/ShopOpen/ChillerUtilization/ChillerAvailable/Validate_StockCountScreen' are matched.

2018-08-09 17:31:30 - [TEST_STEP][PASSED] - com.ct.qa.keywords.ChillerProductsDataKeywords.visitChillerAvailableProductsData: com.ct.qa.keywords.ChillerProductsDataKeywords.visitChillerAvailableProductsData is PASSED

2018-08-09 17:31:33 - [MESSAGE][PASSED] - Keyboard is hidden

2018-08-09 17:31:36 - [MESSAGE][PASSED] - Keyboard is hidden

2018-08-09 17:31:37 - [MESSAGE][PASSED] - com.ct.qa.keywords.ChillerProductsDataKeywords.visitChillerAvailableProductsData is PASSED

2018-08-09 17:31:37 - [TEST_STEP][PASSED] - tap: Tapped on element 'Object Repository/ShopOpen/ChillerUtilization/ChillerAvailable/SubmitButton'

2018-08-09 17:31:37 - [MESSAGE][WARNING] - Timeout '0' is invalid. Using default page load timeout: '5'

2018-08-09 17:31:37 - [MESSAGE][PASSED] - Tapped on element 'Object Repository/ShopOpen/ChillerUtilization/ChillerAvailable/SubmitButton'

2018-08-09 17:31:37 - [TEST_STEP][PASSED] - verifyElementText: Actual text and expected text of test object 'Object Repository/ShopOpen/ChillerUtilization/ChillerAvailable/Validate_ProductCategoryAssetScreen' are matched.

2018-08-09 17:31:38 - [MESSAGE][PASSED] - Actual text and expected text of test object 'Object Repository/ShopOpen/ChillerUtilization/ChillerAvailable/Validate_ProductCategoryAssetScreen' are matched.

2018-08-09 17:31:38 - [TEST_STEP][PASSED] - tap: Tapped on element 'Object Repository/ShopOpen/ChillerUtilization/ChillerAvailable/PorductCategoryActions_BackButton'

2018-08-09 17:31:38 - [MESSAGE][WARNING] - Timeout '0' is invalid. Using default page load timeout: '5'

2018-08-09 17:31:39 - [MESSAGE][PASSED] - Tapped on element 'Object Repository/ShopOpen/ChillerUtilization/ChillerAvailable/PorductCategoryActions_BackButton'

2018-08-09 17:31:39 - [TEST_STEP][PASSED] - verifyElementText: Actual text and expected text of test object 'Object Repository/ShopOpen/ChillerUtilization/ChillerAvailable/Validate_ChillerProductsCategoriesScreen' are matched.

2018-08-09 17:31:40 - [MESSAGE][PASSED] - Actual text and expected text of test object 'Object Repository/ShopOpen/ChillerUtilization/ChillerAvailable/Validate_ChillerProductsCategoriesScreen' are matched.

2018-08-09 17:31:40 - [MESSAGE][PASSED] - Call Test Case 'Test Cases/ShopOpen/ChillerUtilization/ChillerAvailable/VisitProductCategoryAssets' successfully

2018-08-09 17:31:40 - [TEST_CASE][PASSED] - Test Cases/ShopOpen/ChillerUtilization/ChillerAvailable/VisitProductCategoryAssets: Test Cases/ShopOpen/ChillerUtilization/ChillerAvailable/VisitProductCategoryAssets

2018-08-09 17:31:40 - [TEST_STEP][PASSED] - verifyElementText: Actual text and expected text of test object 'Object Repository/ShopOpen/ChillerUtilization/ChillerAvailable/Validate_ProductCategoryAssetScreen' are matched.

2018-08-09 17:31:43 - [MESSAGE][PASSED] - Actual text and expected text of test object 'Object Repository/ShopOpen/ChillerUtilization/ChillerAvailable/Validate_ProductCategoryAssetScreen' are matched.

2018-08-09 17:31:43 - [TEST_STEP][PASSED] - tap: Tapped on element 'Object Repository/ShopOpen/ChillerUtilization/ChillerAvailable/Facing'

2018-08-09 17:31:43 - [MESSAGE][WARNING] - Timeout '0' is invalid. Using default page load timeout: '5'

2018-08-09 17:31:43 - [MESSAGE][PASSED] - Tapped on element 'Object Repository/ShopOpen/ChillerUtilization/ChillerAvailable/Facing'

2018-08-09 17:31:43 - [TEST_STEP][PASSED] - verifyElementText: Actual text and expected text of test object 'Object Repository/ShopOpen/ChillerUtilization/ChillerAvailable/Validate_FacingScreen' are matched.

2018-08-09 17:31:45 - [MESSAGE][PASSED] - Actual text and expected text of test object 'Object Repository/ShopOpen/ChillerUtilization/ChillerAvailable/Validate_FacingScreen' are matched.

2018-08-09 17:31:45 - [TEST_STEP][PASSED] - com.ct.qa.keywords.ChillerProductsDataKeywords.visitChillerAvailableProductsData: com.ct.qa.keywords.ChillerProductsDataKeywords.visitChillerAvailableProductsData is PASSED

2018-08-09 17:31:49 - [MESSAGE][PASSED] - Keyboard is hidden

2018-08-09 17:31:52 - [MESSAGE][PASSED] - Keyboard is hidden

2018-08-09 17:31:55 - [MESSAGE][PASSED] - Keyboard is hidden

2018-08-09 17:31:58 - [MESSAGE][PASSED] - Keyboard is hidden

2018-08-09 17:32:01 - [MESSAGE][PASSED] - Keyboard is hidden

2018-08-09 17:32:04 - [MESSAGE][PASSED] - Keyboard is hidden

2018-08-09 17:32:07 - [MESSAGE][PASSED] - Swiped from 65,359 to 65,250

2018-08-09 17:32:08 - [MESSAGE][PASSED] - com.ct.qa.keywords.ChillerProductsDataKeywords.visitChillerAvailableProductsData is PASSED

2018-08-09 17:32:08 - [TEST_STEP][PASSED] - tap: Tapped on element 'Object Repository/ShopOpen/ChillerUtilization/ChillerAvailable/SubmitButton'

2018-08-09 17:32:08 - [MESSAGE][WARNING] - Timeout '0' is invalid. Using default page load timeout: '5'

2018-08-09 17:32:09 - [MESSAGE][PASSED] - Tapped on element 'Object Repository/ShopOpen/ChillerUtilization/ChillerAvailable/SubmitButton'

2018-08-09 17:32:09 - [TEST_STEP][PASSED] - verifyElementText: Actual text and expected text of test object 'Object Repository/ShopOpen/ChillerUtilization/ChillerAvailable/Validate_ProductCategoryAssetScreen' are matched.

2018-08-09 17:32:10 - [MESSAGE][PASSED] - Actual text and expected text of test object 'Object Repository/ShopOpen/ChillerUtilization/ChillerAvailable/Validate_ProductCategoryAssetScreen' are matched.

2018-08-09 17:32:10 - [TEST_STEP][PASSED] - tap: Tapped on element 'Object Repository/ShopOpen/ChillerUtilization/ChillerAvailable/Depth'

2018-08-09 17:32:10 - [MESSAGE][WARNING] - Timeout '0' is invalid. Using default page load timeout: '5'

2018-08-09 17:32:10 - [MESSAGE][PASSED] - Tapped on element 'Object Repository/ShopOpen/ChillerUtilization/ChillerAvailable/Depth'

2018-08-09 17:32:10 - [TEST_STEP][PASSED] - verifyElementText: Actual text and expected text of test object 'Object Repository/ShopOpen/ChillerUtilization/ChillerAvailable/Validate_DepthScreen' are matched.

2018-08-09 17:32:12 - [MESSAGE][PASSED] - Actual text and expected text of test object 'Object Repository/ShopOpen/ChillerUtilization/ChillerAvailable/Validate_DepthScreen' are matched.

2018-08-09 17:32:12 - [TEST_STEP][PASSED] - com.ct.qa.keywords.ChillerProductsDataKeywords.visitChillerAvailableProductsData: com.ct.qa.keywords.ChillerProductsDataKeywords.visitChillerAvailableProductsData is PASSED

2018-08-09 17:32:17 - [MESSAGE][PASSED] - Keyboard is hidden

2018-08-09 17:32:20 - [MESSAGE][PASSED] - Keyboard is hidden

2018-08-09 17:32:23 - [MESSAGE][PASSED] - Keyboard is hidden

2018-08-09 17:32:26 - [MESSAGE][PASSED] - Keyboard is hidden

2018-08-09 17:32:29 - [MESSAGE][PASSED] - Keyboard is hidden

2018-08-09 17:32:32 - [MESSAGE][PASSED] - Keyboard is hidden

2018-08-09 17:32:35 - [MESSAGE][PASSED] - Swiped from 65,359 to 65,250

2018-08-09 17:32:36 - [MESSAGE][PASSED] - com.ct.qa.keywords.ChillerProductsDataKeywords.visitChillerAvailableProductsData is PASSED

2018-08-09 17:32:36 - [TEST_STEP][PASSED] - tap: Tapped on element 'Object Repository/ShopOpen/ChillerUtilization/ChillerAvailable/SubmitButton'

2018-08-09 17:32:36 - [MESSAGE][WARNING] - Timeout '0' is invalid. Using default page load timeout: '5'

2018-08-09 17:32:36 - [MESSAGE][PASSED] - Tapped on element 'Object Repository/ShopOpen/ChillerUtilization/ChillerAvailable/SubmitButton'

2018-08-09 17:32:36 - [TEST_STEP][PASSED] - verifyElementText: Actual text and expected text of test object 'Object Repository/ShopOpen/ChillerUtilization/ChillerAvailable/Validate_ProductCategoryAssetScreen' are matched.

2018-08-09 17:32:37 - [MESSAGE][PASSED] - Actual text and expected text of test object 'Object Repository/ShopOpen/ChillerUtilization/ChillerAvailable/Validate_ProductCategoryAssetScreen' are matched.

2018-08-09 17:32:37 - [TEST_STEP][PASSED] - tap: Tapped on element 'Object Repository/ShopOpen/ChillerUtilization/ChillerAvailable/StockCount'

2018-08-09 17:32:37 - [MESSAGE][WARNING] - Timeout '0' is invalid. Using default page load timeout: '5'

2018-08-09 17:32:37 - [MESSAGE][PASSED] - Tapped on element 'Object Repository/ShopOpen/ChillerUtilization/ChillerAvailable/StockCount'

2018-08-09 17:32:37 - [TEST_STEP][PASSED] - verifyElementText: Actual text and expected text of test object 'Object Repository/ShopOpen/ChillerUtilization/ChillerAvailable/Validate_StockCountScreen' are matched.

2018-08-09 17:32:40 - [MESSAGE][PASSED] - Actual text and expected text of test object 'Object Repository/ShopOpen/ChillerUtilization/ChillerAvailable/Validate_StockCountScreen' are matched.

2018-08-09 17:32:40 - [TEST_STEP][PASSED] - com.ct.qa.keywords.ChillerProductsDataKeywords.visitChillerAvailableProductsData: com.ct.qa.keywords.ChillerProductsDataKeywords.visitChillerAvailableProductsData is PASSED

2018-08-09 17:32:44 - [MESSAGE][PASSED] - Keyboard is hidden

2018-08-09 17:32:47 - [MESSAGE][PASSED] - Keyboard is hidden

2018-08-09 17:32:49 - [MESSAGE][PASSED] - Keyboard is hidden

2018-08-09 17:32:52 - [MESSAGE][PASSED] - Keyboard is hidden

2018-08-09 17:32:55 - [MESSAGE][PASSED] - Keyboard is hidden

2018-08-09 17:32:58 - [MESSAGE][PASSED] - Keyboard is hidden

2018-08-09 17:33:03 - [MESSAGE][PASSED] - Swiped from 65,359 to 65,250

2018-08-09 17:33:04 - [MESSAGE][PASSED] - com.ct.qa.keywords.ChillerProductsDataKeywords.visitChillerAvailableProductsData is PASSED

2018-08-09 17:33:04 - [TEST_STEP][PASSED] - tap: Tapped on element 'Object Repository/ShopOpen/ChillerUtilization/ChillerAvailable/SubmitButton'

2018-08-09 17:33:04 - [MESSAGE][WARNING] - Timeout '0' is invalid. Using default page load timeout: '5'

2018-08-09 17:33:04 - [MESSAGE][PASSED] - Tapped on element 'Object Repository/ShopOpen/ChillerUtilization/ChillerAvailable/SubmitButton'

2018-08-09 17:33:04 - [TEST_STEP][PASSED] - verifyElementText: Actual text and expected text of test object 'Object Repository/ShopOpen/ChillerUtilization/ChillerAvailable/Validate_ProductCategoryAssetScreen' are matched.

2018-08-09 17:33:05 - [MESSAGE][PASSED] - Actual text and expected text of test object 'Object Repository/ShopOpen/ChillerUtilization/ChillerAvailable/Validate_ProductCategoryAssetScreen' are matched.

2018-08-09 17:33:05 - [TEST_STEP][PASSED] - tap: Tapped on element 'Object Repository/ShopOpen/ChillerUtilization/ChillerAvailable/PorductCategoryActions_BackButton'

2018-08-09 17:33:05 - [MESSAGE][WARNING] - Timeout '0' is invalid. Using default page load timeout: '5'

2018-08-09 17:33:06 - [MESSAGE][PASSED] - Tapped on element 'Object Repository/ShopOpen/ChillerUtilization/ChillerAvailable/PorductCategoryActions_BackButton'

2018-08-09 17:33:06 - [TEST_STEP][PASSED] - verifyElementText: Actual text and expected text of test object 'Object Repository/ShopOpen/ChillerUtilization/ChillerAvailable/Validate_ChillerProductsCategoriesScreen' are matched.

2018-08-09 17:33:07 - [MESSAGE][PASSED] - Actual text and expected text of test object 'Object Repository/ShopOpen/ChillerUtilization/ChillerAvailable/Validate_ChillerProductsCategoriesScreen' are matched.

2018-08-09 17:33:07 - [MESSAGE][PASSED] - Call Test Case 'Test Cases/ShopOpen/ChillerUtilization/ChillerAvailable/VisitProductCategoryAssets' successfully

2018-08-09 17:33:07 - [MESSAGE][PASSED] - com.ct.qa.keywords.ChillerProductsDataKeywords.visitChillerAvailableProductCategories is PASSED

2018-08-09 17:33:07 - [TEST_STEP][PASSED] - tap: Tapped on element 'Object Repository/ShopOpen/ChillerUtilization/ChillerAvailable/ChillerProductsCategories_Planogram_ImageView'

2018-08-09 17:33:07 - [MESSAGE][WARNING] - Timeout '0' is invalid. Using default page load timeout: '5'

2018-08-09 17:33:08 - [MESSAGE][PASSED] - Tapped on element 'Object Repository/ShopOpen/ChillerUtilization/ChillerAvailable/ChillerProductsCategories_Planogram_ImageView'

2018-08-09 17:33:08 - [TEST_STEP][PASSED] - com.ct.qa.keywords.CommonKeywords.checkPlanogramAvailability: com.ct.qa.keywords.CommonKeywords.checkPlanogramAvailability is PASSED

2018-08-09 17:33:08 - [MESSAGE][WARNING] - Timeout '0' is invalid. Using default page load timeout: '5'

2018-08-09 17:33:14 - [MESSAGE][WARNING] - Object Object Repository/CommonScreenElements/InfoPopUp_OKButton not found
[[ATTACHMENT|F:\\Git Projects\\MMAPlus_Merchandising\\MMAPlus_Merchandising\\Reports\\MMA Plus Merchandising With Chiller Wise Data Verification\\20180809_164504\\1533817993482.png]]

2018-08-09 17:33:14 - [MESSAGE][PASSED] - com.ct.qa.keywords.CommonKeywords.checkPlanogramAvailability is PASSED

2018-08-09 17:33:14 - [TEST_STEP][PASSED] - com.ct.qa.keywords.CommonKeywords.closePlanogram: com.ct.qa.keywords.CommonKeywords.closePlanogram is PASSED

2018-08-09 17:33:15 - [MESSAGE][PASSED] - com.ct.qa.keywords.CommonKeywords.closePlanogram is PASSED

2018-08-09 17:33:15 - [TEST_STEP][PASSED] - verifyElementText: Actual text and expected text of test object 'Object Repository/ShopOpen/ChillerUtilization/ChillerAvailable/Validate_ChillerProductsCategoriesScreen' are matched.

2018-08-09 17:33:16 - [MESSAGE][PASSED] - Actual text and expected text of test object 'Object Repository/ShopOpen/ChillerUtilization/ChillerAvailable/Validate_ChillerProductsCategoriesScreen' are matched.

2018-08-09 17:33:16 - [TEST_STEP][PASSED] - com.ct.qa.keywords.CommonKeywords.findPictureImageView: com.ct.qa.keywords.CommonKeywords.findPictureImageView is PASSED

2018-08-09 17:33:16 - [MESSAGE][PASSED] - com.ct.qa.keywords.CommonKeywords.findPictureImageView is PASSED

2018-08-09 17:33:16 - [TEST_STEP][PASSED] - verifyElementText: Actual text and expected text of test object 'Object Repository/ShopOpen/ChillerUtilization/ChillerAvailable/Validate_ChillerProductsCategoriesScreen' are matched.

2018-08-09 17:33:17 - [MESSAGE][PASSED] - Actual text and expected text of test object 'Object Repository/ShopOpen/ChillerUtilization/ChillerAvailable/Validate_ChillerProductsCategoriesScreen' are matched.

2018-08-09 17:33:17 - [TEST_STEP][PASSED] - tap: Tapped on element 'Object Repository/ShopOpen/ChillerUtilization/ChillerAvailable/ChillerProductsCategories_BackButton'

2018-08-09 17:33:17 - [MESSAGE][WARNING] - Timeout '0' is invalid. Using default page load timeout: '5'

2018-08-09 17:33:18 - [MESSAGE][PASSED] - Tapped on element 'Object Repository/ShopOpen/ChillerUtilization/ChillerAvailable/ChillerProductsCategories_BackButton'

2018-08-09 17:33:18 - [TEST_STEP][PASSED] - verifyElementText: Actual text and expected text of test object 'Object Repository/ShopOpen/ChillerUtilization/Validate_ChillerUtilizationScreen' are matched.

2018-08-09 17:33:19 - [MESSAGE][PASSED] - Actual text and expected text of test object 'Object Repository/ShopOpen/ChillerUtilization/Validate_ChillerUtilizationScreen' are matched.

2018-08-09 17:33:19 - [MESSAGE][PASSED] - Call Test Case 'Test Cases/ShopOpen/ChillerUtilization/ChillerAvailable/VisitChillerAvailable' successfully

2018-08-09 17:33:21 - [MESSAGE][PASSED] - Swiped from 0,292 to 0,200

2018-08-09 17:33:23 - [MESSAGE][WARNING] - Timeout '0' is invalid. Using default page load timeout: '5'

2018-08-09 17:33:26 - [MESSAGE][PASSED] - Element 'Object Repository/CommonScreenElements/Validate_CameraScreen' is exist

2018-08-09 17:33:26 - [MESSAGE][WARNING] - Timeout '0' is invalid. Using default page load timeout: '5'

2018-08-09 17:33:29 - [MESSAGE][PASSED] - Tapped on element 'Object Repository/CommonScreenElements/TakePictureButton'

2018-08-09 17:33:34 - [MESSAGE][PASSED] - Delayed 5 second(s)

2018-08-09 17:33:34 - [MESSAGE][WARNING] - Timeout '0' is invalid. Using default page load timeout: '5'

2018-08-09 17:33:35 - [MESSAGE][PASSED] - Tapped on element 'Object Repository/CommonScreenElements/DoneButton'

2018-08-09 17:33:38 - [TEST_CASE][PASSED] - Test Cases/ShopOpen/ChillerUtilization/ChillerAvailable/VisitChillerAvailable: Test Cases/ShopOpen/ChillerUtilization/ChillerAvailable/VisitChillerAvailable

2018-08-09 17:33:38 - [TEST_STEP][PASSED] - verifyElementExist: Element 'Object Repository/ShopOpen/ChillerUtilization/ChillerAvailable/Validate_ChillerAvailableScreen' is exist

2018-08-09 17:33:38 - [MESSAGE][WARNING] - Timeout '0' is invalid. Using default page load timeout: '5'

2018-08-09 17:33:40 - [MESSAGE][PASSED] - Element 'Object Repository/ShopOpen/ChillerUtilization/ChillerAvailable/Validate_ChillerAvailableScreen' is exist

2018-08-09 17:33:40 - [TEST_STEP][PASSED] - tap: Tapped on element 'Object Repository/ShopOpen/ChillerUtilization/ChillerAvailable/Planogram_ImageView'

2018-08-09 17:33:40 - [MESSAGE][WARNING] - Timeout '0' is invalid. Using default page load timeout: '5'

2018-08-09 17:33:40 - [MESSAGE][PASSED] - Tapped on element 'Object Repository/ShopOpen/ChillerUtilization/ChillerAvailable/Planogram_ImageView'

2018-08-09 17:33:40 - [TEST_STEP][PASSED] - com.ct.qa.keywords.CommonKeywords.checkPlanogramAvailability: com.ct.qa.keywords.CommonKeywords.checkPlanogramAvailability is PASSED

2018-08-09 17:33:40 - [MESSAGE][WARNING] - Timeout '0' is invalid. Using default page load timeout: '5'

2018-08-09 17:33:42 - [MESSAGE][PASSED] - Tapped on element 'Object Repository/CommonScreenElements/InfoPopUp_OKButton'

2018-08-09 17:33:42 - [MESSAGE][PASSED] - com.ct.qa.keywords.CommonKeywords.checkPlanogramAvailability is PASSED

2018-08-09 17:33:42 - [TEST_STEP][PASSED] - com.ct.qa.keywords.CommonKeywords.closePlanogram: com.ct.qa.keywords.CommonKeywords.closePlanogram is PASSED

2018-08-09 17:33:43 - [MESSAGE][PASSED] - com.ct.qa.keywords.CommonKeywords.closePlanogram is PASSED

2018-08-09 17:33:43 - [TEST_STEP][PASSED] - verifyElementExist: Element 'Object Repository/ShopOpen/ChillerUtilization/ChillerAvailable/Validate_ChillerAvailableScreen' is exist

2018-08-09 17:33:43 - [MESSAGE][WARNING] - Timeout '0' is invalid. Using default page load timeout: '5'

2018-08-09 17:33:44 - [MESSAGE][PASSED] - Element 'Object Repository/ShopOpen/ChillerUtilization/ChillerAvailable/Validate_ChillerAvailableScreen' is exist

2018-08-09 17:33:44 - [TEST_STEP][PASSED] - com.ct.qa.keywords.CommonKeywords.findPictureImageView: com.ct.qa.keywords.CommonKeywords.findPictureImageView is PASSED

2018-08-09 17:33:44 - [MESSAGE][PASSED] - com.ct.qa.keywords.CommonKeywords.findPictureImageView is PASSED

2018-08-09 17:33:44 - [TEST_STEP][PASSED] - verifyElementExist: Element 'Object Repository/ShopOpen/ChillerUtilization/ChillerAvailable/Validate_ChillerAvailableScreen' is exist

2018-08-09 17:33:44 - [MESSAGE][WARNING] - Timeout '0' is invalid. Using default page load timeout: '5'

2018-08-09 17:33:44 - [MESSAGE][PASSED] - Element 'Object Repository/ShopOpen/ChillerUtilization/ChillerAvailable/Validate_ChillerAvailableScreen' is exist

2018-08-09 17:33:44 - [TEST_STEP][PASSED] - tap: Tapped on element 'Object Repository/ShopOpen/ChillerUtilization/ChillerAvailable/Depth1_TakePicture'

2018-08-09 17:33:44 - [MESSAGE][WARNING] - Timeout '0' is invalid. Using default page load timeout: '5'

2018-08-09 17:33:47 - [MESSAGE][PASSED] - Tapped on element 'Object Repository/ShopOpen/ChillerUtilization/ChillerAvailable/Depth1_TakePicture'

2018-08-09 17:33:47 - [TEST_STEP][PASSED] - verifyElementExist: Element 'Object Repository/CommonScreenElements/Validate_CameraScreen' is exist

2018-08-09 17:33:47 - [MESSAGE][WARNING] - Timeout '0' is invalid. Using default page load timeout: '5'

2018-08-09 17:33:47 - [MESSAGE][PASSED] - Element 'Object Repository/CommonScreenElements/Validate_CameraScreen' is exist

2018-08-09 17:33:47 - [TEST_STEP][PASSED] - tap: Tapped on element 'Object Repository/CommonScreenElements/TakePictureButton'

2018-08-09 17:33:47 - [MESSAGE][WARNING] - Timeout '0' is invalid. Using default page load timeout: '5'

2018-08-09 17:33:50 - [MESSAGE][PASSED] - Tapped on element 'Object Repository/CommonScreenElements/TakePictureButton'

2018-08-09 17:33:50 - [TEST_STEP][PASSED] - delay: Delayed 5 second(s)

2018-08-09 17:33:55 - [MESSAGE][PASSED] - Delayed 5 second(s)

2018-08-09 17:33:55 - [TEST_STEP][PASSED] - tap: Tapped on element 'Object Repository/CommonScreenElements/DoneButton'

2018-08-09 17:33:55 - [MESSAGE][WARNING] - Timeout '0' is invalid. Using default page load timeout: '5'

2018-08-09 17:33:56 - [MESSAGE][PASSED] - Tapped on element 'Object Repository/CommonScreenElements/DoneButton'

2018-08-09 17:33:56 - [TEST_STEP][PASSED] - verifyElementExist: Element 'Object Repository/ShopOpen/ChillerUtilization/ChillerAvailable/Validate_ChillerAvailableScreen' is exist

2018-08-09 17:33:56 - [MESSAGE][WARNING] - Timeout '0' is invalid. Using default page load timeout: '5'

2018-08-09 17:33:57 - [MESSAGE][PASSED] - Element 'Object Repository/ShopOpen/ChillerUtilization/ChillerAvailable/Validate_ChillerAvailableScreen' is exist

2018-08-09 17:33:57 - [TEST_STEP][PASSED] - tap: Tapped on element 'Object Repository/ShopOpen/ChillerUtilization/ChillerAvailable/Depth2TakePicture'

2018-08-09 17:33:57 - [MESSAGE][WARNING] - Timeout '0' is invalid. Using default page load timeout: '5'

2018-08-09 17:33:59 - [MESSAGE][PASSED] - Tapped on element 'Object Repository/ShopOpen/ChillerUtilization/ChillerAvailable/Depth2TakePicture'

2018-08-09 17:33:59 - [TEST_STEP][PASSED] - verifyElementExist: Element 'Object Repository/CommonScreenElements/Validate_CameraScreen' is exist

2018-08-09 17:33:59 - [MESSAGE][WARNING] - Timeout '0' is invalid. Using default page load timeout: '5'

2018-08-09 17:34:00 - [MESSAGE][PASSED] - Element 'Object Repository/CommonScreenElements/Validate_CameraScreen' is exist

2018-08-09 17:34:00 - [TEST_STEP][PASSED] - tap: Tapped on element 'Object Repository/CommonScreenElements/TakePictureButton'

2018-08-09 17:34:00 - [MESSAGE][WARNING] - Timeout '0' is invalid. Using default page load timeout: '5'

2018-08-09 17:34:03 - [MESSAGE][PASSED] - Tapped on element 'Object Repository/CommonScreenElements/TakePictureButton'

2018-08-09 17:34:03 - [TEST_STEP][PASSED] - delay: Delayed 5 second(s)

2018-08-09 17:34:08 - [MESSAGE][PASSED] - Delayed 5 second(s)

2018-08-09 17:34:08 - [TEST_STEP][PASSED] - tap: Tapped on element 'Object Repository/CommonScreenElements/DoneButton'

2018-08-09 17:34:08 - [MESSAGE][WARNING] - Timeout '0' is invalid. Using default page load timeout: '5'

2018-08-09 17:34:09 - [MESSAGE][PASSED] - Tapped on element 'Object Repository/CommonScreenElements/DoneButton'

2018-08-09 17:34:09 - [TEST_STEP][PASSED] - verifyElementExist: Element 'Object Repository/ShopOpen/ChillerUtilization/ChillerAvailable/Validate_ChillerAvailableScreen' is exist

2018-08-09 17:34:09 - [MESSAGE][WARNING] - Timeout '0' is invalid. Using default page load timeout: '5'

2018-08-09 17:34:10 - [MESSAGE][PASSED] - Element 'Object Repository/ShopOpen/ChillerUtilization/ChillerAvailable/Validate_ChillerAvailableScreen' is exist

2018-08-09 17:34:10 - [TEST_STEP][PASSED] - tap: Tapped on element 'Object Repository/ShopOpen/ChillerUtilization/ChillerAvailable/NextButton'

2018-08-09 17:34:10 - [MESSAGE][WARNING] - Timeout '0' is invalid. Using default page load timeout: '5'

2018-08-09 17:34:10 - [MESSAGE][PASSED] - Tapped on element 'Object Repository/ShopOpen/ChillerUtilization/ChillerAvailable/NextButton'

2018-08-09 17:34:10 - [TEST_STEP][PASSED] - verifyElementText: Actual text and expected text of test object 'Object Repository/ShopOpen/ChillerUtilization/ChillerAvailable/Validate_ChillerProductsCategoriesScreen' are matched.

2018-08-09 17:34:12 - [MESSAGE][PASSED] - Actual text and expected text of test object 'Object Repository/ShopOpen/ChillerUtilization/ChillerAvailable/Validate_ChillerProductsCategoriesScreen' are matched.

2018-08-09 17:34:12 - [TEST_STEP][PASSED] - com.ct.qa.keywords.ChillerProductsDataKeywords.visitChillerAvailableProductCategories: com.ct.qa.keywords.ChillerProductsDataKeywords.visitChillerAvailableProductCategories is PASSED

2018-08-09 17:34:14 - [TEST_CASE][PASSED] - Test Cases/ShopOpen/ChillerUtilization/ChillerAvailable/VisitProductCategoryAssets: Test Cases/ShopOpen/ChillerUtilization/ChillerAvailable/VisitProductCategoryAssets

2018-08-09 17:34:14 - [TEST_STEP][PASSED] - verifyElementText: Actual text and expected text of test object 'Object Repository/ShopOpen/ChillerUtilization/ChillerAvailable/Validate_ProductCategoryAssetScreen' are matched.

2018-08-09 17:34:16 - [MESSAGE][PASSED] - Actual text and expected text of test object 'Object Repository/ShopOpen/ChillerUtilization/ChillerAvailable/Validate_ProductCategoryAssetScreen' are matched.

2018-08-09 17:34:16 - [TEST_STEP][PASSED] - tap: Tapped on element 'Object Repository/ShopOpen/ChillerUtilization/ChillerAvailable/Facing'

2018-08-09 17:34:16 - [MESSAGE][WARNING] - Timeout '0' is invalid. Using default page load timeout: '5'

2018-08-09 17:34:16 - [MESSAGE][PASSED] - Tapped on element 'Object Repository/ShopOpen/ChillerUtilization/ChillerAvailable/Facing'

2018-08-09 17:34:16 - [TEST_STEP][PASSED] - verifyElementText: Actual text and expected text of test object 'Object Repository/ShopOpen/ChillerUtilization/ChillerAvailable/Validate_FacingScreen' are matched.

2018-08-09 17:34:18 - [MESSAGE][PASSED] - Actual text and expected text of test object 'Object Repository/ShopOpen/ChillerUtilization/ChillerAvailable/Validate_FacingScreen' are matched.

2018-08-09 17:34:18 - [TEST_STEP][PASSED] - com.ct.qa.keywords.ChillerProductsDataKeywords.visitChillerAvailableProductsData: com.ct.qa.keywords.ChillerProductsDataKeywords.visitChillerAvailableProductsData is PASSED

2018-08-09 17:34:21 - [MESSAGE][PASSED] - Keyboard is hidden

2018-08-09 17:34:22 - [MESSAGE][PASSED] - com.ct.qa.keywords.ChillerProductsDataKeywords.visitChillerAvailableProductsData is PASSED

2018-08-09 17:34:22 - [TEST_STEP][PASSED] - tap: Tapped on element 'Object Repository/ShopOpen/ChillerUtilization/ChillerAvailable/SubmitButton'

2018-08-09 17:34:22 - [MESSAGE][WARNING] - Timeout '0' is invalid. Using default page load timeout: '5'

2018-08-09 17:34:22 - [MESSAGE][PASSED] - Tapped on element 'Object Repository/ShopOpen/ChillerUtilization/ChillerAvailable/SubmitButton'

2018-08-09 17:34:22 - [TEST_STEP][PASSED] - verifyElementText: Actual text and expected text of test object 'Object Repository/ShopOpen/ChillerUtilization/ChillerAvailable/Validate_ProductCategoryAssetScreen' are matched.

2018-08-09 17:34:23 - [MESSAGE][PASSED] - Actual text and expected text of test object 'Object Repository/ShopOpen/ChillerUtilization/ChillerAvailable/Validate_ProductCategoryAssetScreen' are matched.

2018-08-09 17:34:23 - [TEST_STEP][PASSED] - tap: Tapped on element 'Object Repository/ShopOpen/ChillerUtilization/ChillerAvailable/Depth'

2018-08-09 17:34:23 - [MESSAGE][WARNING] - Timeout '0' is invalid. Using default page load timeout: '5'

2018-08-09 17:34:23 - [MESSAGE][PASSED] - Tapped on element 'Object Repository/ShopOpen/ChillerUtilization/ChillerAvailable/Depth'

2018-08-09 17:34:23 - [TEST_STEP][PASSED] - verifyElementText: Actual text and expected text of test object 'Object Repository/ShopOpen/ChillerUtilization/ChillerAvailable/Validate_DepthScreen' are matched.

2018-08-09 17:34:26 - [MESSAGE][PASSED] - Actual text and expected text of test object 'Object Repository/ShopOpen/ChillerUtilization/ChillerAvailable/Validate_DepthScreen' are matched.

2018-08-09 17:34:26 - [TEST_STEP][PASSED] - com.ct.qa.keywords.ChillerProductsDataKeywords.visitChillerAvailableProductsData: com.ct.qa.keywords.ChillerProductsDataKeywords.visitChillerAvailableProductsData is PASSED

2018-08-09 17:34:29 - [MESSAGE][PASSED] - Keyboard is hidden

2018-08-09 17:34:30 - [MESSAGE][PASSED] - com.ct.qa.keywords.ChillerProductsDataKeywords.visitChillerAvailableProductsData is PASSED

2018-08-09 17:34:30 - [TEST_STEP][PASSED] - tap: Tapped on element 'Object Repository/ShopOpen/ChillerUtilization/ChillerAvailable/SubmitButton'

2018-08-09 17:34:30 - [MESSAGE][WARNING] - Timeout '0' is invalid. Using default page load timeout: '5'

2018-08-09 17:34:30 - [MESSAGE][PASSED] - Tapped on element 'Object Repository/ShopOpen/ChillerUtilization/ChillerAvailable/SubmitButton'

2018-08-09 17:34:30 - [TEST_STEP][PASSED] - verifyElementText: Actual text and expected text of test object 'Object Repository/ShopOpen/ChillerUtilization/ChillerAvailable/Validate_ProductCategoryAssetScreen' are matched.

2018-08-09 17:34:31 - [MESSAGE][PASSED] - Actual text and expected text of test object 'Object Repository/ShopOpen/ChillerUtilization/ChillerAvailable/Validate_ProductCategoryAssetScreen' are matched.

2018-08-09 17:34:31 - [TEST_STEP][PASSED] - tap: Tapped on element 'Object Repository/ShopOpen/ChillerUtilization/ChillerAvailable/StockCount'

2018-08-09 17:34:31 - [MESSAGE][WARNING] - Timeout '0' is invalid. Using default page load timeout: '5'

2018-08-09 17:34:32 - [MESSAGE][PASSED] - Tapped on element 'Object Repository/ShopOpen/ChillerUtilization/ChillerAvailable/StockCount'

2018-08-09 17:34:32 - [TEST_STEP][PASSED] - verifyElementText: Actual text and expected text of test object 'Object Repository/ShopOpen/ChillerUtilization/ChillerAvailable/Validate_StockCountScreen' are matched.

2018-08-09 17:34:34 - [MESSAGE][PASSED] - Actual text and expected text of test object 'Object Repository/ShopOpen/ChillerUtilization/ChillerAvailable/Validate_StockCountScreen' are matched.

2018-08-09 17:34:34 - [TEST_STEP][PASSED] - com.ct.qa.keywords.ChillerProductsDataKeywords.visitChillerAvailableProductsData: com.ct.qa.keywords.ChillerProductsDataKeywords.visitChillerAvailableProductsData is PASSED

2018-08-09 17:34:37 - [MESSAGE][PASSED] - Keyboard is hidden

2018-08-09 17:34:38 - [MESSAGE][PASSED] - com.ct.qa.keywords.ChillerProductsDataKeywords.visitChillerAvailableProductsData is PASSED

2018-08-09 17:34:38 - [TEST_STEP][PASSED] - tap: Tapped on element 'Object Repository/ShopOpen/ChillerUtilization/ChillerAvailable/SubmitButton'

2018-08-09 17:34:38 - [MESSAGE][WARNING] - Timeout '0' is invalid. Using default page load timeout: '5'

2018-08-09 17:34:38 - [MESSAGE][PASSED] - Tapped on element 'Object Repository/ShopOpen/ChillerUtilization/ChillerAvailable/SubmitButton'

2018-08-09 17:34:38 - [TEST_STEP][PASSED] - verifyElementText: Actual text and expected text of test object 'Object Repository/ShopOpen/ChillerUtilization/ChillerAvailable/Validate_ProductCategoryAssetScreen' are matched.

2018-08-09 17:34:39 - [MESSAGE][PASSED] - Actual text and expected text of test object 'Object Repository/ShopOpen/ChillerUtilization/ChillerAvailable/Validate_ProductCategoryAssetScreen' are matched.

2018-08-09 17:34:39 - [TEST_STEP][PASSED] - tap: Tapped on element 'Object Repository/ShopOpen/ChillerUtilization/ChillerAvailable/PorductCategoryActions_BackButton'

2018-08-09 17:34:39 - [MESSAGE][WARNING] - Timeout '0' is invalid. Using default page load timeout: '5'

2018-08-09 17:34:39 - [MESSAGE][PASSED] - Tapped on element 'Object Repository/ShopOpen/ChillerUtilization/ChillerAvailable/PorductCategoryActions_BackButton'

2018-08-09 17:34:39 - [TEST_STEP][PASSED] - verifyElementText: Actual text and expected text of test object 'Object Repository/ShopOpen/ChillerUtilization/ChillerAvailable/Validate_ChillerProductsCategoriesScreen' are matched.

2018-08-09 17:34:40 - [MESSAGE][PASSED] - Actual text and expected text of test object 'Object Repository/ShopOpen/ChillerUtilization/ChillerAvailable/Validate_ChillerProductsCategoriesScreen' are matched.

2018-08-09 17:34:40 - [MESSAGE][PASSED] - Call Test Case 'Test Cases/ShopOpen/ChillerUtilization/ChillerAvailable/VisitProductCategoryAssets' successfully

2018-08-09 17:34:41 - [TEST_CASE][PASSED] - Test Cases/ShopOpen/ChillerUtilization/ChillerAvailable/VisitProductCategoryAssets: Test Cases/ShopOpen/ChillerUtilization/ChillerAvailable/VisitProductCategoryAssets

2018-08-09 17:34:41 - [TEST_STEP][PASSED] - verifyElementText: Actual text and expected text of test object 'Object Repository/ShopOpen/ChillerUtilization/ChillerAvailable/Validate_ProductCategoryAssetScreen' are matched.

2018-08-09 17:34:43 - [MESSAGE][PASSED] - Actual text and expected text of test object 'Object Repository/ShopOpen/ChillerUtilization/ChillerAvailable/Validate_ProductCategoryAssetScreen' are matched.

2018-08-09 17:34:43 - [TEST_STEP][PASSED] - tap: Tapped on element 'Object Repository/ShopOpen/ChillerUtilization/ChillerAvailable/Facing'

2018-08-09 17:34:43 - [MESSAGE][WARNING] - Timeout '0' is invalid. Using default page load timeout: '5'

2018-08-09 17:34:44 - [MESSAGE][PASSED] - Tapped on element 'Object Repository/ShopOpen/ChillerUtilization/ChillerAvailable/Facing'

2018-08-09 17:34:44 - [TEST_STEP][PASSED] - verifyElementText: Actual text and expected text of test object 'Object Repository/ShopOpen/ChillerUtilization/ChillerAvailable/Validate_FacingScreen' are matched.

2018-08-09 17:34:46 - [MESSAGE][PASSED] - Actual text and expected text of test object 'Object Repository/ShopOpen/ChillerUtilization/ChillerAvailable/Validate_FacingScreen' are matched.

2018-08-09 17:34:46 - [TEST_STEP][PASSED] - com.ct.qa.keywords.ChillerProductsDataKeywords.visitChillerAvailableProductsData: com.ct.qa.keywords.ChillerProductsDataKeywords.visitChillerAvailableProductsData is PASSED

2018-08-09 17:34:50 - [MESSAGE][PASSED] - Keyboard is hidden

2018-08-09 17:34:53 - [MESSAGE][PASSED] - Keyboard is hidden

2018-08-09 17:34:56 - [MESSAGE][PASSED] - Keyboard is hidden

2018-08-09 17:34:59 - [MESSAGE][PASSED] - Keyboard is hidden

2018-08-09 17:35:02 - [MESSAGE][PASSED] - Keyboard is hidden

2018-08-09 17:35:05 - [MESSAGE][PASSED] - Keyboard is hidden

2018-08-09 17:35:08 - [MESSAGE][PASSED] - Swiped from 50,359 to 50,250

2018-08-09 17:35:11 - [MESSAGE][PASSED] - Keyboard is hidden

2018-08-09 17:35:13 - [MESSAGE][PASSED] - Swiped from 50,359 to 50,250

2018-08-09 17:35:16 - [MESSAGE][PASSED] - Keyboard is hidden

2018-08-09 17:35:18 - [MESSAGE][PASSED] - Swiped from 50,359 to 50,250

2018-08-09 17:35:21 - [MESSAGE][PASSED] - Keyboard is hidden

2018-08-09 17:35:23 - [MESSAGE][PASSED] - Swiped from 50,359 to 50,250

2018-08-09 17:35:26 - [MESSAGE][PASSED] - Keyboard is hidden

2018-08-09 17:35:28 - [MESSAGE][PASSED] - Swiped from 50,359 to 50,250

2018-08-09 17:35:31 - [MESSAGE][PASSED] - Keyboard is hidden

2018-08-09 17:35:33 - [MESSAGE][PASSED] - Swiped from 50,359 to 50,250

2018-08-09 17:35:36 - [MESSAGE][PASSED] - Keyboard is hidden

2018-08-09 17:35:38 - [MESSAGE][PASSED] - Swiped from 50,359 to 50,250

2018-08-09 17:35:39 - [MESSAGE][PASSED] - com.ct.qa.keywords.ChillerProductsDataKeywords.visitChillerAvailableProductsData is PASSED

2018-08-09 17:35:39 - [TEST_STEP][PASSED] - tap: Tapped on element 'Object Repository/ShopOpen/ChillerUtilization/ChillerAvailable/SubmitButton'

2018-08-09 17:35:39 - [MESSAGE][WARNING] - Timeout '0' is invalid. Using default page load timeout: '5'

2018-08-09 17:35:39 - [MESSAGE][PASSED] - Tapped on element 'Object Repository/ShopOpen/ChillerUtilization/ChillerAvailable/SubmitButton'

2018-08-09 17:35:39 - [TEST_STEP][PASSED] - verifyElementText: Actual text and expected text of test object 'Object Repository/ShopOpen/ChillerUtilization/ChillerAvailable/Validate_ProductCategoryAssetScreen' are matched.

2018-08-09 17:35:40 - [MESSAGE][PASSED] - Actual text and expected text of test object 'Object Repository/ShopOpen/ChillerUtilization/ChillerAvailable/Validate_ProductCategoryAssetScreen' are matched.

2018-08-09 17:35:40 - [TEST_STEP][PASSED] - tap: Tapped on element 'Object Repository/ShopOpen/ChillerUtilization/ChillerAvailable/Depth'

2018-08-09 17:35:40 - [MESSAGE][WARNING] - Timeout '0' is invalid. Using default page load timeout: '5'

2018-08-09 17:35:40 - [MESSAGE][PASSED] - Tapped on element 'Object Repository/ShopOpen/ChillerUtilization/ChillerAvailable/Depth'

2018-08-09 17:35:40 - [TEST_STEP][PASSED] - verifyElementText: Actual text and expected text of test object 'Object Repository/ShopOpen/ChillerUtilization/ChillerAvailable/Validate_DepthScreen' are matched.

2018-08-09 17:35:43 - [MESSAGE][PASSED] - Actual text and expected text of test object 'Object Repository/ShopOpen/ChillerUtilization/ChillerAvailable/Validate_DepthScreen' are matched.

2018-08-09 17:35:43 - [TEST_STEP][PASSED] - com.ct.qa.keywords.ChillerProductsDataKeywords.visitChillerAvailableProductsData: com.ct.qa.keywords.ChillerProductsDataKeywords.visitChillerAvailableProductsData is PASSED

2018-08-09 17:35:47 - [MESSAGE][PASSED] - Keyboard is hidden

2018-08-09 17:35:50 - [MESSAGE][PASSED] - Keyboard is hidden

2018-08-09 17:35:53 - [MESSAGE][PASSED] - Keyboard is hidden

2018-08-09 17:35:56 - [MESSAGE][PASSED] - Keyboard is hidden

2018-08-09 17:35:59 - [MESSAGE][PASSED] - Keyboard is hidden

2018-08-09 17:36:02 - [MESSAGE][PASSED] - Keyboard is hidden

2018-08-09 17:36:05 - [MESSAGE][PASSED] - Swiped from 50,359 to 50,250

2018-08-09 17:36:08 - [MESSAGE][PASSED] - Keyboard is hidden

2018-08-09 17:36:10 - [MESSAGE][PASSED] - Swiped from 50,359 to 50,250

2018-08-09 17:36:13 - [MESSAGE][PASSED] - Keyboard is hidden

2018-08-09 17:36:15 - [MESSAGE][PASSED] - Swiped from 50,359 to 50,250

2018-08-09 17:36:18 - [MESSAGE][PASSED] - Keyboard is hidden

2018-08-09 17:36:20 - [MESSAGE][PASSED] - Swiped from 50,359 to 50,250

2018-08-09 17:36:23 - [MESSAGE][PASSED] - Keyboard is hidden

2018-08-09 17:36:25 - [MESSAGE][PASSED] - Swiped from 50,359 to 50,250

2018-08-09 17:36:28 - [MESSAGE][PASSED] - Keyboard is hidden

2018-08-09 17:36:30 - [MESSAGE][PASSED] - Swiped from 50,359 to 50,250

2018-08-09 17:36:33 - [MESSAGE][PASSED] - Keyboard is hidden

2018-08-09 17:36:35 - [MESSAGE][PASSED] - Swiped from 50,359 to 50,250

2018-08-09 17:36:36 - [MESSAGE][PASSED] - com.ct.qa.keywords.ChillerProductsDataKeywords.visitChillerAvailableProductsData is PASSED

2018-08-09 17:36:36 - [TEST_STEP][PASSED] - tap: Tapped on element 'Object Repository/ShopOpen/ChillerUtilization/ChillerAvailable/SubmitButton'

2018-08-09 17:36:36 - [MESSAGE][WARNING] - Timeout '0' is invalid. Using default page load timeout: '5'

2018-08-09 17:36:36 - [MESSAGE][PASSED] - Tapped on element 'Object Repository/ShopOpen/ChillerUtilization/ChillerAvailable/SubmitButton'

2018-08-09 17:36:36 - [TEST_STEP][PASSED] - verifyElementText: Actual text and expected text of test object 'Object Repository/ShopOpen/ChillerUtilization/ChillerAvailable/Validate_ProductCategoryAssetScreen' are matched.

2018-08-09 17:36:37 - [MESSAGE][PASSED] - Actual text and expected text of test object 'Object Repository/ShopOpen/ChillerUtilization/ChillerAvailable/Validate_ProductCategoryAssetScreen' are matched.

2018-08-09 17:36:37 - [TEST_STEP][PASSED] - tap: Tapped on element 'Object Repository/ShopOpen/ChillerUtilization/ChillerAvailable/StockCount'

2018-08-09 17:36:37 - [MESSAGE][WARNING] - Timeout '0' is invalid. Using default page load timeout: '5'

2018-08-09 17:36:37 - [MESSAGE][PASSED] - Tapped on element 'Object Repository/ShopOpen/ChillerUtilization/ChillerAvailable/StockCount'

2018-08-09 17:36:37 - [TEST_STEP][PASSED] - verifyElementText: Actual text and expected text of test object 'Object Repository/ShopOpen/ChillerUtilization/ChillerAvailable/Validate_StockCountScreen' are matched.

2018-08-09 17:36:40 - [MESSAGE][PASSED] - Actual text and expected text of test object 'Object Repository/ShopOpen/ChillerUtilization/ChillerAvailable/Validate_StockCountScreen' are matched.

2018-08-09 17:36:40 - [TEST_STEP][PASSED] - com.ct.qa.keywords.ChillerProductsDataKeywords.visitChillerAvailableProductsData: com.ct.qa.keywords.ChillerProductsDataKeywords.visitChillerAvailableProductsData is PASSED

2018-08-09 17:36:44 - [MESSAGE][PASSED] - Keyboard is hidden

2018-08-09 17:36:47 - [MESSAGE][PASSED] - Keyboard is hidden

2018-08-09 17:36:50 - [MESSAGE][PASSED] - Keyboard is hidden

2018-08-09 17:36:53 - [MESSAGE][PASSED] - Keyboard is hidden

2018-08-09 17:36:56 - [MESSAGE][PASSED] - Keyboard is hidden

2018-08-09 17:36:59 - [MESSAGE][PASSED] - Keyboard is hidden

2018-08-09 17:37:03 - [MESSAGE][PASSED] - Swiped from 50,359 to 50,250

2018-08-09 17:37:06 - [MESSAGE][PASSED] - Keyboard is hidden

2018-08-09 17:37:08 - [MESSAGE][PASSED] - Swiped from 50,359 to 50,250

2018-08-09 17:37:11 - [MESSAGE][PASSED] - Keyboard is hidden

2018-08-09 17:37:13 - [MESSAGE][PASSED] - Swiped from 50,359 to 50,250

2018-08-09 17:37:16 - [MESSAGE][PASSED] - Keyboard is hidden

2018-08-09 17:37:18 - [MESSAGE][PASSED] - Swiped from 50,359 to 50,250

2018-08-09 17:37:21 - [MESSAGE][PASSED] - Keyboard is hidden

2018-08-09 17:37:23 - [MESSAGE][PASSED] - Swiped from 50,359 to 50,250

2018-08-09 17:37:26 - [MESSAGE][PASSED] - Keyboard is hidden

2018-08-09 17:37:28 - [MESSAGE][PASSED] - Swiped from 50,359 to 50,250

2018-08-09 17:37:31 - [MESSAGE][PASSED] - Keyboard is hidden

2018-08-09 17:37:33 - [MESSAGE][PASSED] - Swiped from 50,359 to 50,250

2018-08-09 17:37:34 - [MESSAGE][PASSED] - com.ct.qa.keywords.ChillerProductsDataKeywords.visitChillerAvailableProductsData is PASSED

2018-08-09 17:37:34 - [TEST_STEP][PASSED] - tap: Tapped on element 'Object Repository/ShopOpen/ChillerUtilization/ChillerAvailable/SubmitButton'

2018-08-09 17:37:34 - [MESSAGE][WARNING] - Timeout '0' is invalid. Using default page load timeout: '5'

2018-08-09 17:37:34 - [MESSAGE][PASSED] - Tapped on element 'Object Repository/ShopOpen/ChillerUtilization/ChillerAvailable/SubmitButton'

2018-08-09 17:37:34 - [TEST_STEP][PASSED] - verifyElementText: Actual text and expected text of test object 'Object Repository/ShopOpen/ChillerUtilization/ChillerAvailable/Validate_ProductCategoryAssetScreen' are matched.

2018-08-09 17:37:35 - [MESSAGE][PASSED] - Actual text and expected text of test object 'Object Repository/ShopOpen/ChillerUtilization/ChillerAvailable/Validate_ProductCategoryAssetScreen' are matched.

2018-08-09 17:37:35 - [TEST_STEP][PASSED] - tap: Tapped on element 'Object Repository/ShopOpen/ChillerUtilization/ChillerAvailable/PorductCategoryActions_BackButton'

2018-08-09 17:37:35 - [MESSAGE][WARNING] - Timeout '0' is invalid. Using default page load timeout: '5'

2018-08-09 17:37:35 - [MESSAGE][PASSED] - Tapped on element 'Object Repository/ShopOpen/ChillerUtilization/ChillerAvailable/PorductCategoryActions_BackButton'

2018-08-09 17:37:35 - [TEST_STEP][PASSED] - verifyElementText: Actual text and expected text of test object 'Object Repository/ShopOpen/ChillerUtilization/ChillerAvailable/Validate_ChillerProductsCategoriesScreen' are matched.

2018-08-09 17:37:37 - [MESSAGE][PASSED] - Actual text and expected text of test object 'Object Repository/ShopOpen/ChillerUtilization/ChillerAvailable/Validate_ChillerProductsCategoriesScreen' are matched.

2018-08-09 17:37:37 - [MESSAGE][PASSED] - Call Test Case 'Test Cases/ShopOpen/ChillerUtilization/ChillerAvailable/VisitProductCategoryAssets' successfully

2018-08-09 17:37:37 - [TEST_CASE][PASSED] - Test Cases/ShopOpen/ChillerUtilization/ChillerAvailable/VisitProductCategoryAssets: Test Cases/ShopOpen/ChillerUtilization/ChillerAvailable/VisitProductCategoryAssets

2018-08-09 17:37:37 - [TEST_STEP][PASSED] - verifyElementText: Actual text and expected text of test object 'Object Repository/ShopOpen/ChillerUtilization/ChillerAvailable/Validate_ProductCategoryAssetScreen' are matched.

2018-08-09 17:37:40 - [MESSAGE][PASSED] - Actual text and expected text of test object 'Object Repository/ShopOpen/ChillerUtilization/ChillerAvailable/Validate_ProductCategoryAssetScreen' are matched.

2018-08-09 17:37:40 - [TEST_STEP][PASSED] - tap: Tapped on element 'Object Repository/ShopOpen/ChillerUtilization/ChillerAvailable/Facing'

2018-08-09 17:37:40 - [MESSAGE][WARNING] - Timeout '0' is invalid. Using default page load timeout: '5'

2018-08-09 17:37:40 - [MESSAGE][PASSED] - Tapped on element 'Object Repository/ShopOpen/ChillerUtilization/ChillerAvailable/Facing'

2018-08-09 17:37:40 - [TEST_STEP][PASSED] - verifyElementText: Actual text and expected text of test object 'Object Repository/ShopOpen/ChillerUtilization/ChillerAvailable/Validate_FacingScreen' are matched.

2018-08-09 17:37:42 - [MESSAGE][PASSED] - Actual text and expected text of test object 'Object Repository/ShopOpen/ChillerUtilization/ChillerAvailable/Validate_FacingScreen' are matched.

2018-08-09 17:37:42 - [TEST_STEP][PASSED] - com.ct.qa.keywords.ChillerProductsDataKeywords.visitChillerAvailableProductsData: com.ct.qa.keywords.ChillerProductsDataKeywords.visitChillerAvailableProductsData is PASSED

2018-08-09 17:37:45 - [MESSAGE][PASSED] - Keyboard is hidden

2018-08-09 17:37:48 - [MESSAGE][PASSED] - Keyboard is hidden

2018-08-09 17:37:49 - [MESSAGE][PASSED] - com.ct.qa.keywords.ChillerProductsDataKeywords.visitChillerAvailableProductsData is PASSED

2018-08-09 17:37:49 - [TEST_STEP][PASSED] - tap: Tapped on element 'Object Repository/ShopOpen/ChillerUtilization/ChillerAvailable/SubmitButton'

2018-08-09 17:37:49 - [MESSAGE][WARNING] - Timeout '0' is invalid. Using default page load timeout: '5'

2018-08-09 17:37:49 - [MESSAGE][PASSED] - Tapped on element 'Object Repository/ShopOpen/ChillerUtilization/ChillerAvailable/SubmitButton'

2018-08-09 17:37:49 - [TEST_STEP][PASSED] - verifyElementText: Actual text and expected text of test object 'Object Repository/ShopOpen/ChillerUtilization/ChillerAvailable/Validate_ProductCategoryAssetScreen' are matched.

2018-08-09 17:37:50 - [MESSAGE][PASSED] - Actual text and expected text of test object 'Object Repository/ShopOpen/ChillerUtilization/ChillerAvailable/Validate_ProductCategoryAssetScreen' are matched.

2018-08-09 17:37:50 - [TEST_STEP][PASSED] - tap: Tapped on element 'Object Repository/ShopOpen/ChillerUtilization/ChillerAvailable/Depth'

2018-08-09 17:37:50 - [MESSAGE][WARNING] - Timeout '0' is invalid. Using default page load timeout: '5'

2018-08-09 17:37:51 - [MESSAGE][PASSED] - Tapped on element 'Object Repository/ShopOpen/ChillerUtilization/ChillerAvailable/Depth'

2018-08-09 17:37:51 - [TEST_STEP][PASSED] - verifyElementText: Actual text and expected text of test object 'Object Repository/ShopOpen/ChillerUtilization/ChillerAvailable/Validate_DepthScreen' are matched.

2018-08-09 17:37:53 - [MESSAGE][PASSED] - Actual text and expected text of test object 'Object Repository/ShopOpen/ChillerUtilization/ChillerAvailable/Validate_DepthScreen' are matched.

2018-08-09 17:37:53 - [TEST_STEP][PASSED] - com.ct.qa.keywords.ChillerProductsDataKeywords.visitChillerAvailableProductsData: com.ct.qa.keywords.ChillerProductsDataKeywords.visitChillerAvailableProductsData is PASSED

2018-08-09 17:37:56 - [MESSAGE][PASSED] - Keyboard is hidden

2018-08-09 17:37:59 - [MESSAGE][PASSED] - Keyboard is hidden

2018-08-09 17:38:01 - [MESSAGE][PASSED] - com.ct.qa.keywords.ChillerProductsDataKeywords.visitChillerAvailableProductsData is PASSED

2018-08-09 17:38:01 - [TEST_STEP][PASSED] - tap: Tapped on element 'Object Repository/ShopOpen/ChillerUtilization/ChillerAvailable/SubmitButton'

2018-08-09 17:38:01 - [MESSAGE][WARNING] - Timeout '0' is invalid. Using default page load timeout: '5'

2018-08-09 17:38:01 - [MESSAGE][PASSED] - Tapped on element 'Object Repository/ShopOpen/ChillerUtilization/ChillerAvailable/SubmitButton'

2018-08-09 17:38:01 - [TEST_STEP][PASSED] - verifyElementText: Actual text and expected text of test object 'Object Repository/ShopOpen/ChillerUtilization/ChillerAvailable/Validate_ProductCategoryAssetScreen' are matched.

2018-08-09 17:38:02 - [MESSAGE][PASSED] - Actual text and expected text of test object 'Object Repository/ShopOpen/ChillerUtilization/ChillerAvailable/Validate_ProductCategoryAssetScreen' are matched.

2018-08-09 17:38:02 - [TEST_STEP][PASSED] - tap: Tapped on element 'Object Repository/ShopOpen/ChillerUtilization/ChillerAvailable/StockCount'

2018-08-09 17:38:02 - [MESSAGE][WARNING] - Timeout '0' is invalid. Using default page load timeout: '5'

2018-08-09 17:38:02 - [MESSAGE][PASSED] - Tapped on element 'Object Repository/ShopOpen/ChillerUtilization/ChillerAvailable/StockCount'

2018-08-09 17:38:02 - [TEST_STEP][PASSED] - verifyElementText: Actual text and expected text of test object 'Object Repository/ShopOpen/ChillerUtilization/ChillerAvailable/Validate_StockCountScreen' are matched.

2018-08-09 17:38:05 - [MESSAGE][PASSED] - Actual text and expected text of test object 'Object Repository/ShopOpen/ChillerUtilization/ChillerAvailable/Validate_StockCountScreen' are matched.

2018-08-09 17:38:05 - [TEST_STEP][PASSED] - com.ct.qa.keywords.ChillerProductsDataKeywords.visitChillerAvailableProductsData: com.ct.qa.keywords.ChillerProductsDataKeywords.visitChillerAvailableProductsData is PASSED

2018-08-09 17:38:08 - [MESSAGE][PASSED] - Keyboard is hidden

2018-08-09 17:38:10 - [MESSAGE][PASSED] - Keyboard is hidden

2018-08-09 17:38:11 - [MESSAGE][PASSED] - com.ct.qa.keywords.ChillerProductsDataKeywords.visitChillerAvailableProductsData is PASSED

2018-08-09 17:38:11 - [TEST_STEP][PASSED] - tap: Tapped on element 'Object Repository/ShopOpen/ChillerUtilization/ChillerAvailable/SubmitButton'

2018-08-09 17:38:11 - [MESSAGE][WARNING] - Timeout '0' is invalid. Using default page load timeout: '5'

2018-08-09 17:38:11 - [MESSAGE][PASSED] - Tapped on element 'Object Repository/ShopOpen/ChillerUtilization/ChillerAvailable/SubmitButton'

2018-08-09 17:38:11 - [TEST_STEP][PASSED] - verifyElementText: Actual text and expected text of test object 'Object Repository/ShopOpen/ChillerUtilization/ChillerAvailable/Validate_ProductCategoryAssetScreen' are matched.

2018-08-09 17:38:12 - [MESSAGE][PASSED] - Actual text and expected text of test object 'Object Repository/ShopOpen/ChillerUtilization/ChillerAvailable/Validate_ProductCategoryAssetScreen' are matched.

2018-08-09 17:38:12 - [TEST_STEP][PASSED] - tap: Tapped on element 'Object Repository/ShopOpen/ChillerUtilization/ChillerAvailable/PorductCategoryActions_BackButton'

2018-08-09 17:38:12 - [MESSAGE][WARNING] - Timeout '0' is invalid. Using default page load timeout: '5'

2018-08-09 17:38:13 - [MESSAGE][PASSED] - Tapped on element 'Object Repository/ShopOpen/ChillerUtilization/ChillerAvailable/PorductCategoryActions_BackButton'

2018-08-09 17:38:13 - [TEST_STEP][PASSED] - verifyElementText: Actual text and expected text of test object 'Object Repository/ShopOpen/ChillerUtilization/ChillerAvailable/Validate_ChillerProductsCategoriesScreen' are matched.

2018-08-09 17:38:14 - [MESSAGE][PASSED] - Actual text and expected text of test object 'Object Repository/ShopOpen/ChillerUtilization/ChillerAvailable/Validate_ChillerProductsCategoriesScreen' are matched.

2018-08-09 17:38:14 - [MESSAGE][PASSED] - Call Test Case 'Test Cases/ShopOpen/ChillerUtilization/ChillerAvailable/VisitProductCategoryAssets' successfully

2018-08-09 17:38:14 - [MESSAGE][PASSED] - com.ct.qa.keywords.ChillerProductsDataKeywords.visitChillerAvailableProductCategories is PASSED

2018-08-09 17:38:14 - [TEST_STEP][PASSED] - tap: Tapped on element 'Object Repository/ShopOpen/ChillerUtilization/ChillerAvailable/ChillerProductsCategories_Planogram_ImageView'

2018-08-09 17:38:14 - [MESSAGE][WARNING] - Timeout '0' is invalid. Using default page load timeout: '5'

2018-08-09 17:38:14 - [MESSAGE][PASSED] - Tapped on element 'Object Repository/ShopOpen/ChillerUtilization/ChillerAvailable/ChillerProductsCategories_Planogram_ImageView'

2018-08-09 17:38:14 - [TEST_STEP][PASSED] - com.ct.qa.keywords.CommonKeywords.checkPlanogramAvailability: com.ct.qa.keywords.CommonKeywords.checkPlanogramAvailability is PASSED

2018-08-09 17:38:14 - [MESSAGE][WARNING] - Timeout '0' is invalid. Using default page load timeout: '5'

2018-08-09 17:38:16 - [MESSAGE][PASSED] - Tapped on element 'Object Repository/CommonScreenElements/InfoPopUp_OKButton'

2018-08-09 17:38:16 - [MESSAGE][PASSED] - com.ct.qa.keywords.CommonKeywords.checkPlanogramAvailability is PASSED

2018-08-09 17:38:16 - [TEST_STEP][PASSED] - com.ct.qa.keywords.CommonKeywords.closePlanogram: com.ct.qa.keywords.CommonKeywords.closePlanogram is PASSED

2018-08-09 17:38:17 - [MESSAGE][PASSED] - com.ct.qa.keywords.CommonKeywords.closePlanogram is PASSED

2018-08-09 17:38:17 - [TEST_STEP][PASSED] - verifyElementText: Actual text and expected text of test object 'Object Repository/ShopOpen/ChillerUtilization/ChillerAvailable/Validate_ChillerProductsCategoriesScreen' are matched.

2018-08-09 17:38:18 - [MESSAGE][PASSED] - Actual text and expected text of test object 'Object Repository/ShopOpen/ChillerUtilization/ChillerAvailable/Validate_ChillerProductsCategoriesScreen' are matched.

2018-08-09 17:38:18 - [TEST_STEP][PASSED] - com.ct.qa.keywords.CommonKeywords.findPictureImageView: com.ct.qa.keywords.CommonKeywords.findPictureImageView is PASSED

2018-08-09 17:38:18 - [MESSAGE][PASSED] - com.ct.qa.keywords.CommonKeywords.findPictureImageView is PASSED

2018-08-09 17:38:18 - [TEST_STEP][PASSED] - verifyElementText: Actual text and expected text of test object 'Object Repository/ShopOpen/ChillerUtilization/ChillerAvailable/Validate_ChillerProductsCategoriesScreen' are matched.

2018-08-09 17:38:18 - [MESSAGE][PASSED] - Actual text and expected text of test object 'Object Repository/ShopOpen/ChillerUtilization/ChillerAvailable/Validate_ChillerProductsCategoriesScreen' are matched.

2018-08-09 17:38:18 - [TEST_STEP][PASSED] - tap: Tapped on element 'Object Repository/ShopOpen/ChillerUtilization/ChillerAvailable/ChillerProductsCategories_BackButton'

2018-08-09 17:38:18 - [MESSAGE][WARNING] - Timeout '0' is invalid. Using default page load timeout: '5'

2018-08-09 17:38:20 - [MESSAGE][PASSED] - Tapped on element 'Object Repository/ShopOpen/ChillerUtilization/ChillerAvailable/ChillerProductsCategories_BackButton'

2018-08-09 17:38:20 - [TEST_STEP][PASSED] - verifyElementText: Actual text and expected text of test object 'Object Repository/ShopOpen/ChillerUtilization/Validate_ChillerUtilizationScreen' are matched.

2018-08-09 17:38:21 - [MESSAGE][PASSED] - Actual text and expected text of test object 'Object Repository/ShopOpen/ChillerUtilization/Validate_ChillerUtilizationScreen' are matched.

2018-08-09 17:38:21 - [MESSAGE][PASSED] - Call Test Case 'Test Cases/ShopOpen/ChillerUtilization/ChillerAvailable/VisitChillerAvailable' successfully

2018-08-09 17:38:23 - [MESSAGE][PASSED] - Swiped from 0,292 to 0,200

2018-08-09 17:38:24 - [MESSAGE][PASSED] - com.ct.qa.keywords.ChillerVisitingScenariosKeywords.visitChillersTaggedInChillerUtilizationWithDataVerification is PASSED

2018-08-09 17:38:24 - [TEST_STEP][PASSED] - tap: Tapped on element 'Object Repository/ShopOpen/ChillerUtilization/ChillerUtilization_backButton'

2018-08-09 17:38:24 - [MESSAGE][WARNING] - Timeout '0' is invalid. Using default page load timeout: '5'

2018-08-09 17:38:25 - [MESSAGE][PASSED] - Tapped on element 'Object Repository/ShopOpen/ChillerUtilization/ChillerUtilization_backButton'

2018-08-09 17:38:25 - [TEST_STEP][PASSED] - verifyElementExist: Element 'Object Repository/ShopOpen/Validate_ShopCategoriesListScreen' is exist

2018-08-09 17:38:25 - [MESSAGE][WARNING] - Timeout '0' is invalid. Using default page load timeout: '5'

2018-08-09 17:38:27 - [MESSAGE][PASSED] - Element 'Object Repository/ShopOpen/Validate_ShopCategoriesListScreen' is exist

2018-08-09 17:38:27 - [MESSAGE][PASSED] - Call Test Case 'Test Cases/ShopOpen/ChillerUtilization/VisitChillerScenarios/VisitChillerUtilizationWithDataVerification' successfully

2018-08-09 17:38:27 - [TEST_CASE][PASSED] - Test Cases/ShopOpen/RemainingCategories/VisitRemainingCategoriesWithDSA: Test Cases/ShopOpen/RemainingCategories/VisitRemainingCategoriesWithDSA

2018-08-09 17:38:28 - [TEST_STEP][PASSED] - verifyElementText: Actual text and expected text of test object 'Object Repository/ShopOpen/RemainingCategories/Validate_RemainingCategoriesDetailScreen' are matched.

2018-08-09 17:38:30 - [MESSAGE][PASSED] - Actual text and expected text of test object 'Object Repository/ShopOpen/RemainingCategories/Validate_RemainingCategoriesDetailScreen' are matched.

2018-08-09 17:38:30 - [TEST_STEP][PASSED] - tap: Tapped on element 'Object Repository/ShopOpen/RemainingCategories/DisplaySpaceAvailable'

2018-08-09 17:38:30 - [MESSAGE][WARNING] - Timeout '0' is invalid. Using default page load timeout: '5'

2018-08-09 17:38:30 - [MESSAGE][PASSED] - Tapped on element 'Object Repository/ShopOpen/RemainingCategories/DisplaySpaceAvailable'

2018-08-09 17:38:30 - [TEST_STEP][PASSED] - verifyElementText: Actual text and expected text of test object 'Object Repository/ShopOpen/RemainingCategories/Validate_ProductCategoryAssetScreen' are matched.

2018-08-09 17:38:33 - [MESSAGE][PASSED] - Actual text and expected text of test object 'Object Repository/ShopOpen/RemainingCategories/Validate_ProductCategoryAssetScreen' are matched.

2018-08-09 17:38:33 - [TEST_STEP][PASSED] - tap: Tapped on element 'Object Repository/ShopOpen/RemainingCategories/Facing'

2018-08-09 17:38:33 - [MESSAGE][WARNING] - Timeout '0' is invalid. Using default page load timeout: '5'

2018-08-09 17:38:33 - [MESSAGE][PASSED] - Tapped on element 'Object Repository/ShopOpen/RemainingCategories/Facing'

2018-08-09 17:38:33 - [TEST_STEP][PASSED] - verifyElementText: Actual text and expected text of test object 'Object Repository/ShopOpen/RemainingCategories/Validate_FacingScreen' are matched.

2018-08-09 17:38:35 - [MESSAGE][PASSED] - Actual text and expected text of test object 'Object Repository/ShopOpen/RemainingCategories/Validate_FacingScreen' are matched.

2018-08-09 17:38:35 - [TEST_STEP][PASSED] - com.ct.qa.keywords.ChannelProductsDataKeywords.visitChannelWiseProductsData: com.ct.qa.keywords.ChannelProductsDataKeywords.visitChannelWiseProductsData is PASSED

2018-08-09 17:38:39 - [MESSAGE][PASSED] - Keyboard is hidden

2018-08-09 17:38:42 - [MESSAGE][PASSED] - Keyboard is hidden

2018-08-09 17:38:45 - [MESSAGE][PASSED] - Keyboard is hidden

2018-08-09 17:38:48 - [MESSAGE][PASSED] - Keyboard is hidden

2018-08-09 17:38:51 - [MESSAGE][PASSED] - Keyboard is hidden

2018-08-09 17:38:54 - [MESSAGE][PASSED] - Keyboard is hidden

2018-08-09 17:38:57 - [MESSAGE][PASSED] - Swiped from 50,359 to 50,250

2018-08-09 17:39:00 - [MESSAGE][PASSED] - Keyboard is hidden

2018-08-09 17:39:02 - [MESSAGE][PASSED] - Swiped from 50,359 to 50,250

2018-08-09 17:39:05 - [MESSAGE][PASSED] - Keyboard is hidden

2018-08-09 17:39:07 - [MESSAGE][PASSED] - Swiped from 50,359 to 50,250

2018-08-09 17:39:10 - [MESSAGE][PASSED] - Keyboard is hidden

2018-08-09 17:39:12 - [MESSAGE][PASSED] - Swiped from 50,359 to 50,250

2018-08-09 17:39:13 - [MESSAGE][PASSED] - com.ct.qa.keywords.ChannelProductsDataKeywords.visitChannelWiseProductsData is PASSED

2018-08-09 17:39:13 - [TEST_STEP][PASSED] - tap: Tapped on element 'Object Repository/ShopOpen/RemainingCategories/SubmitButton'

2018-08-09 17:39:13 - [MESSAGE][WARNING] - Timeout '0' is invalid. Using default page load timeout: '5'

2018-08-09 17:39:13 - [MESSAGE][PASSED] - Tapped on element 'Object Repository/ShopOpen/RemainingCategories/SubmitButton'

2018-08-09 17:39:13 - [TEST_STEP][PASSED] - verifyElementText: Actual text and expected text of test object 'Object Repository/ShopOpen/RemainingCategories/Validate_ProductCategoryAssetScreen' are matched.

2018-08-09 17:39:14 - [MESSAGE][PASSED] - Actual text and expected text of test object 'Object Repository/ShopOpen/RemainingCategories/Validate_ProductCategoryAssetScreen' are matched.

2018-08-09 17:39:14 - [TEST_STEP][PASSED] - tap: Tapped on element 'Object Repository/ShopOpen/RemainingCategories/StockTaking'

2018-08-09 17:39:14 - [MESSAGE][WARNING] - Timeout '0' is invalid. Using default page load timeout: '5'

2018-08-09 17:39:14 - [MESSAGE][PASSED] - Tapped on element 'Object Repository/ShopOpen/RemainingCategories/StockTaking'

2018-08-09 17:39:14 - [TEST_STEP][PASSED] - verifyElementText: Actual text and expected text of test object 'Object Repository/ShopOpen/RemainingCategories/Validate_StockTakingScreen' are matched.

2018-08-09 17:39:16 - [MESSAGE][PASSED] - Actual text and expected text of test object 'Object Repository/ShopOpen/RemainingCategories/Validate_StockTakingScreen' are matched.

2018-08-09 17:39:16 - [TEST_STEP][PASSED] - com.ct.qa.keywords.ChannelProductsDataKeywords.visitChannelWiseProductsData: com.ct.qa.keywords.ChannelProductsDataKeywords.visitChannelWiseProductsData is PASSED

2018-08-09 17:39:20 - [MESSAGE][PASSED] - Keyboard is hidden

2018-08-09 17:39:23 - [MESSAGE][PASSED] - Keyboard is hidden

2018-08-09 17:39:26 - [MESSAGE][PASSED] - Keyboard is hidden

2018-08-09 17:39:29 - [MESSAGE][PASSED] - Keyboard is hidden

2018-08-09 17:39:32 - [MESSAGE][PASSED] - Keyboard is hidden

2018-08-09 17:39:35 - [MESSAGE][PASSED] - Keyboard is hidden

2018-08-09 17:39:38 - [MESSAGE][PASSED] - Swiped from 50,359 to 50,250

2018-08-09 17:39:41 - [MESSAGE][PASSED] - Keyboard is hidden

2018-08-09 17:39:43 - [MESSAGE][PASSED] - Swiped from 50,359 to 50,250

2018-08-09 17:39:46 - [MESSAGE][PASSED] - Keyboard is hidden

2018-08-09 17:39:48 - [MESSAGE][PASSED] - Swiped from 50,359 to 50,250

2018-08-09 17:39:51 - [MESSAGE][PASSED] - Keyboard is hidden

2018-08-09 17:39:53 - [MESSAGE][PASSED] - Swiped from 50,359 to 50,250

2018-08-09 17:39:54 - [MESSAGE][PASSED] - com.ct.qa.keywords.ChannelProductsDataKeywords.visitChannelWiseProductsData is PASSED

2018-08-09 17:39:54 - [TEST_STEP][PASSED] - tap: Tapped on element 'Object Repository/ShopOpen/RemainingCategories/SubmitButton'

2018-08-09 17:39:54 - [MESSAGE][WARNING] - Timeout '0' is invalid. Using default page load timeout: '5'

2018-08-09 17:39:54 - [MESSAGE][PASSED] - Tapped on element 'Object Repository/ShopOpen/RemainingCategories/SubmitButton'

2018-08-09 17:39:54 - [TEST_STEP][PASSED] - verifyElementText: Actual text and expected text of test object 'Object Repository/ShopOpen/RemainingCategories/Validate_ProductCategoryAssetScreen' are matched.

2018-08-09 17:39:55 - [MESSAGE][PASSED] - Actual text and expected text of test object 'Object Repository/ShopOpen/RemainingCategories/Validate_ProductCategoryAssetScreen' are matched.

2018-08-09 17:39:55 - [TEST_STEP][PASSED] - tap: Tapped on element 'Object Repository/ShopOpen/RemainingCategories/planogram_ImageView'

2018-08-09 17:39:55 - [MESSAGE][WARNING] - Timeout '0' is invalid. Using default page load timeout: '5'

2018-08-09 17:39:56 - [MESSAGE][PASSED] - Tapped on element 'Object Repository/ShopOpen/RemainingCategories/planogram_ImageView'

2018-08-09 17:39:56 - [TEST_STEP][PASSED] - com.ct.qa.keywords.CommonKeywords.checkPlanogramAvailability: com.ct.qa.keywords.CommonKeywords.checkPlanogramAvailability is PASSED

2018-08-09 17:39:56 - [MESSAGE][WARNING] - Timeout '0' is invalid. Using default page load timeout: '5'

2018-08-09 17:40:02 - [MESSAGE][WARNING] - Object Object Repository/CommonScreenElements/InfoPopUp_OKButton not found
[[ATTACHMENT|F:\\Git Projects\\MMAPlus_Merchandising\\MMAPlus_Merchandising\\Reports\\MMA Plus Merchandising With Chiller Wise Data Verification\\20180809_164504\\1533818401595.png]]

2018-08-09 17:40:02 - [MESSAGE][PASSED] - com.ct.qa.keywords.CommonKeywords.checkPlanogramAvailability is PASSED

2018-08-09 17:40:02 - [TEST_STEP][PASSED] - com.ct.qa.keywords.CommonKeywords.closePlanogram: com.ct.qa.keywords.CommonKeywords.closePlanogram is PASSED

2018-08-09 17:40:03 - [MESSAGE][PASSED] - com.ct.qa.keywords.CommonKeywords.closePlanogram is PASSED

2018-08-09 17:40:03 - [TEST_STEP][PASSED] - verifyElementText: Actual text and expected text of test object 'Object Repository/ShopOpen/RemainingCategories/Validate_ProductCategoryAssetScreen' are matched.

2018-08-09 17:40:03 - [MESSAGE][PASSED] - Actual text and expected text of test object 'Object Repository/ShopOpen/RemainingCategories/Validate_ProductCategoryAssetScreen' are matched.

2018-08-09 17:40:03 - [TEST_STEP][PASSED] - com.ct.qa.keywords.CommonKeywords.findPictureImageView: com.ct.qa.keywords.CommonKeywords.findPictureImageView is PASSED

2018-08-09 17:40:04 - [MESSAGE][WARNING] - Timeout '0' is invalid. Using default page load timeout: '5'

2018-08-09 17:40:04 - [MESSAGE][PASSED] - Tapped on element 'Object Repository/CommonScreenElements/Picture_ImageView'

2018-08-09 17:40:04 - [MESSAGE][WARNING] - Timeout '0' is invalid. Using default page load timeout: '5'

2018-08-09 17:40:07 - [MESSAGE][PASSED] - Element 'Object Repository/CommonScreenElements/Validate_CameraScreen' is exist

2018-08-09 17:40:07 - [MESSAGE][WARNING] - Timeout '0' is invalid. Using default page load timeout: '5'

2018-08-09 17:40:10 - [MESSAGE][PASSED] - Tapped on element 'Object Repository/CommonScreenElements/TakePictureButton'

2018-08-09 17:40:15 - [MESSAGE][PASSED] - Delayed 5 second(s)

2018-08-09 17:40:15 - [MESSAGE][WARNING] - Timeout '0' is invalid. Using default page load timeout: '5'

2018-08-09 17:40:16 - [MESSAGE][PASSED] - Tapped on element 'Object Repository/CommonScreenElements/DoneButton'

2018-08-09 17:40:16 - [MESSAGE][PASSED] - com.ct.qa.keywords.CommonKeywords.findPictureImageView is PASSED

2018-08-09 17:40:16 - [TEST_STEP][PASSED] - verifyElementText: Actual text and expected text of test object 'Object Repository/ShopOpen/RemainingCategories/Validate_ProductCategoryAssetScreen' are matched.

2018-08-09 17:40:17 - [MESSAGE][PASSED] - Actual text and expected text of test object 'Object Repository/ShopOpen/RemainingCategories/Validate_ProductCategoryAssetScreen' are matched.

2018-08-09 17:40:17 - [TEST_STEP][PASSED] - tap: Tapped on element 'Object Repository/ShopOpen/RemainingCategories/ProductCategoryAsset_BackButton'

2018-08-09 17:40:17 - [MESSAGE][WARNING] - Timeout '0' is invalid. Using default page load timeout: '5'

2018-08-09 17:40:18 - [MESSAGE][PASSED] - Tapped on element 'Object Repository/ShopOpen/RemainingCategories/ProductCategoryAsset_BackButton'

2018-08-09 17:40:18 - [TEST_STEP][PASSED] - verifyElementExist: Element 'Object Repository/ShopOpen/Validate_ShopCategoriesListScreen' is exist

2018-08-09 17:40:18 - [MESSAGE][WARNING] - Timeout '0' is invalid. Using default page load timeout: '5'

2018-08-09 17:40:20 - [MESSAGE][PASSED] - Element 'Object Repository/ShopOpen/Validate_ShopCategoriesListScreen' is exist

2018-08-09 17:40:20 - [MESSAGE][PASSED] - Call Test Case 'Test Cases/ShopOpen/RemainingCategories/VisitRemainingCategoriesWithDSA' successfully

2018-08-09 17:40:20 - [TEST_CASE][PASSED] - Test Cases/ShopOpen/RemainingCategories/VisitRemainingCategoriesWithDSA: Test Cases/ShopOpen/RemainingCategories/VisitRemainingCategoriesWithDSA

2018-08-09 17:40:20 - [TEST_STEP][PASSED] - verifyElementText: Actual text and expected text of test object 'Object Repository/ShopOpen/RemainingCategories/Validate_RemainingCategoriesDetailScreen' are matched.

2018-08-09 17:40:23 - [MESSAGE][PASSED] - Actual text and expected text of test object 'Object Repository/ShopOpen/RemainingCategories/Validate_RemainingCategoriesDetailScreen' are matched.

2018-08-09 17:40:23 - [TEST_STEP][PASSED] - tap: Tapped on element 'Object Repository/ShopOpen/RemainingCategories/DisplaySpaceAvailable'

2018-08-09 17:40:23 - [MESSAGE][WARNING] - Timeout '0' is invalid. Using default page load timeout: '5'

2018-08-09 17:40:23 - [MESSAGE][PASSED] - Tapped on element 'Object Repository/ShopOpen/RemainingCategories/DisplaySpaceAvailable'

2018-08-09 17:40:23 - [TEST_STEP][PASSED] - verifyElementText: Actual text and expected text of test object 'Object Repository/ShopOpen/RemainingCategories/Validate_ProductCategoryAssetScreen' are matched.

2018-08-09 17:40:25 - [MESSAGE][PASSED] - Actual text and expected text of test object 'Object Repository/ShopOpen/RemainingCategories/Validate_ProductCategoryAssetScreen' are matched.

2018-08-09 17:40:25 - [TEST_STEP][PASSED] - tap: Tapped on element 'Object Repository/ShopOpen/RemainingCategories/Facing'

2018-08-09 17:40:25 - [MESSAGE][WARNING] - Timeout '0' is invalid. Using default page load timeout: '5'

2018-08-09 17:40:25 - [MESSAGE][PASSED] - Tapped on element 'Object Repository/ShopOpen/RemainingCategories/Facing'

2018-08-09 17:40:25 - [TEST_STEP][PASSED] - verifyElementText: Actual text and expected text of test object 'Object Repository/ShopOpen/RemainingCategories/Validate_FacingScreen' are matched.

2018-08-09 17:40:28 - [MESSAGE][PASSED] - Actual text and expected text of test object 'Object Repository/ShopOpen/RemainingCategories/Validate_FacingScreen' are matched.

2018-08-09 17:40:28 - [TEST_STEP][PASSED] - com.ct.qa.keywords.ChannelProductsDataKeywords.visitChannelWiseProductsData: com.ct.qa.keywords.ChannelProductsDataKeywords.visitChannelWiseProductsData is PASSED

2018-08-09 17:40:32 - [MESSAGE][PASSED] - Keyboard is hidden

2018-08-09 17:40:35 - [MESSAGE][PASSED] - Keyboard is hidden

2018-08-09 17:40:38 - [MESSAGE][PASSED] - Keyboard is hidden

2018-08-09 17:40:41 - [MESSAGE][PASSED] - Keyboard is hidden

2018-08-09 17:40:42 - [MESSAGE][PASSED] - com.ct.qa.keywords.ChannelProductsDataKeywords.visitChannelWiseProductsData is PASSED

2018-08-09 17:40:42 - [TEST_STEP][PASSED] - tap: Tapped on element 'Object Repository/ShopOpen/RemainingCategories/SubmitButton'

2018-08-09 17:40:42 - [MESSAGE][WARNING] - Timeout '0' is invalid. Using default page load timeout: '5'

2018-08-09 17:40:43 - [MESSAGE][PASSED] - Tapped on element 'Object Repository/ShopOpen/RemainingCategories/SubmitButton'

2018-08-09 17:40:43 - [TEST_STEP][PASSED] - verifyElementText: Actual text and expected text of test object 'Object Repository/ShopOpen/RemainingCategories/Validate_ProductCategoryAssetScreen' are matched.

2018-08-09 17:40:44 - [MESSAGE][PASSED] - Actual text and expected text of test object 'Object Repository/ShopOpen/RemainingCategories/Validate_ProductCategoryAssetScreen' are matched.

2018-08-09 17:40:44 - [TEST_STEP][PASSED] - tap: Tapped on element 'Object Repository/ShopOpen/RemainingCategories/StockTaking'

2018-08-09 17:40:44 - [MESSAGE][WARNING] - Timeout '0' is invalid. Using default page load timeout: '5'

2018-08-09 17:40:45 - [MESSAGE][PASSED] - Tapped on element 'Object Repository/ShopOpen/RemainingCategories/StockTaking'

2018-08-09 17:40:45 - [TEST_STEP][PASSED] - verifyElementText: Actual text and expected text of test object 'Object Repository/ShopOpen/RemainingCategories/Validate_StockTakingScreen' are matched.

2018-08-09 17:40:47 - [MESSAGE][PASSED] - Actual text and expected text of test object 'Object Repository/ShopOpen/RemainingCategories/Validate_StockTakingScreen' are matched.

2018-08-09 17:40:47 - [TEST_STEP][PASSED] - com.ct.qa.keywords.ChannelProductsDataKeywords.visitChannelWiseProductsData: com.ct.qa.keywords.ChannelProductsDataKeywords.visitChannelWiseProductsData is PASSED

2018-08-09 17:40:51 - [MESSAGE][PASSED] - Keyboard is hidden

2018-08-09 17:40:54 - [MESSAGE][PASSED] - Keyboard is hidden

2018-08-09 17:40:57 - [MESSAGE][PASSED] - Keyboard is hidden

2018-08-09 17:41:00 - [MESSAGE][PASSED] - Keyboard is hidden

2018-08-09 17:41:02 - [MESSAGE][PASSED] - com.ct.qa.keywords.ChannelProductsDataKeywords.visitChannelWiseProductsData is PASSED

2018-08-09 17:41:02 - [TEST_STEP][PASSED] - tap: Tapped on element 'Object Repository/ShopOpen/RemainingCategories/SubmitButton'

2018-08-09 17:41:02 - [MESSAGE][WARNING] - Timeout '0' is invalid. Using default page load timeout: '5'

2018-08-09 17:41:02 - [MESSAGE][PASSED] - Tapped on element 'Object Repository/ShopOpen/RemainingCategories/SubmitButton'

2018-08-09 17:41:02 - [TEST_STEP][PASSED] - verifyElementText: Actual text and expected text of test object 'Object Repository/ShopOpen/RemainingCategories/Validate_ProductCategoryAssetScreen' are matched.

2018-08-09 17:41:03 - [MESSAGE][PASSED] - Actual text and expected text of test object 'Object Repository/ShopOpen/RemainingCategories/Validate_ProductCategoryAssetScreen' are matched.

2018-08-09 17:41:03 - [TEST_STEP][PASSED] - tap: Tapped on element 'Object Repository/ShopOpen/RemainingCategories/planogram_ImageView'

2018-08-09 17:41:03 - [MESSAGE][WARNING] - Timeout '0' is invalid. Using default page load timeout: '5'

2018-08-09 17:41:03 - [MESSAGE][PASSED] - Tapped on element 'Object Repository/ShopOpen/RemainingCategories/planogram_ImageView'

2018-08-09 17:41:03 - [TEST_STEP][PASSED] - com.ct.qa.keywords.CommonKeywords.checkPlanogramAvailability: com.ct.qa.keywords.CommonKeywords.checkPlanogramAvailability is PASSED

2018-08-09 17:41:03 - [MESSAGE][WARNING] - Timeout '0' is invalid. Using default page load timeout: '5'

2018-08-09 17:41:09 - [MESSAGE][WARNING] - Object Object Repository/CommonScreenElements/InfoPopUp_OKButton not found
[[ATTACHMENT|F:\\Git Projects\\MMAPlus_Merchandising\\MMAPlus_Merchandising\\Reports\\MMA Plus Merchandising With Chiller Wise Data Verification\\20180809_164504\\1533818468810.png]]

2018-08-09 17:41:09 - [MESSAGE][PASSED] - com.ct.qa.keywords.CommonKeywords.checkPlanogramAvailability is PASSED

2018-08-09 17:41:09 - [TEST_STEP][PASSED] - com.ct.qa.keywords.CommonKeywords.closePlanogram: com.ct.qa.keywords.CommonKeywords.closePlanogram is PASSED

2018-08-09 17:41:10 - [MESSAGE][PASSED] - com.ct.qa.keywords.CommonKeywords.closePlanogram is PASSED

2018-08-09 17:41:10 - [TEST_STEP][PASSED] - verifyElementText: Actual text and expected text of test object 'Object Repository/ShopOpen/RemainingCategories/Validate_ProductCategoryAssetScreen' are matched.

2018-08-09 17:41:11 - [MESSAGE][PASSED] - Actual text and expected text of test object 'Object Repository/ShopOpen/RemainingCategories/Validate_ProductCategoryAssetScreen' are matched.

2018-08-09 17:41:11 - [TEST_STEP][PASSED] - com.ct.qa.keywords.CommonKeywords.findPictureImageView: com.ct.qa.keywords.CommonKeywords.findPictureImageView is PASSED

2018-08-09 17:41:11 - [MESSAGE][WARNING] - Timeout '0' is invalid. Using default page load timeout: '5'

2018-08-09 17:41:13 - [MESSAGE][PASSED] - Tapped on element 'Object Repository/CommonScreenElements/Picture_ImageView'

2018-08-09 17:41:13 - [MESSAGE][WARNING] - Timeout '0' is invalid. Using default page load timeout: '5'

2018-08-09 17:41:14 - [MESSAGE][PASSED] - Element 'Object Repository/CommonScreenElements/Validate_CameraScreen' is exist

2018-08-09 17:41:14 - [MESSAGE][WARNING] - Timeout '0' is invalid. Using default page load timeout: '5'

2018-08-09 17:41:17 - [MESSAGE][PASSED] - Tapped on element 'Object Repository/CommonScreenElements/TakePictureButton'

2018-08-09 17:41:22 - [MESSAGE][PASSED] - Delayed 5 second(s)

2018-08-09 17:41:22 - [MESSAGE][WARNING] - Timeout '0' is invalid. Using default page load timeout: '5'

2018-08-09 17:41:23 - [MESSAGE][PASSED] - Tapped on element 'Object Repository/CommonScreenElements/DoneButton'

2018-08-09 17:41:23 - [MESSAGE][PASSED] - com.ct.qa.keywords.CommonKeywords.findPictureImageView is PASSED

2018-08-09 17:41:23 - [TEST_STEP][PASSED] - verifyElementText: Actual text and expected text of test object 'Object Repository/ShopOpen/RemainingCategories/Validate_ProductCategoryAssetScreen' are matched.

2018-08-09 17:41:24 - [MESSAGE][PASSED] - Actual text and expected text of test object 'Object Repository/ShopOpen/RemainingCategories/Validate_ProductCategoryAssetScreen' are matched.

2018-08-09 17:41:24 - [TEST_STEP][PASSED] - tap: Tapped on element 'Object Repository/ShopOpen/RemainingCategories/ProductCategoryAsset_BackButton'

2018-08-09 17:41:24 - [MESSAGE][WARNING] - Timeout '0' is invalid. Using default page load timeout: '5'

2018-08-09 17:41:25 - [MESSAGE][PASSED] - Tapped on element 'Object Repository/ShopOpen/RemainingCategories/ProductCategoryAsset_BackButton'

2018-08-09 17:41:25 - [TEST_STEP][PASSED] - verifyElementExist: Element 'Object Repository/ShopOpen/Validate_ShopCategoriesListScreen' is exist

2018-08-09 17:41:25 - [MESSAGE][WARNING] - Timeout '0' is invalid. Using default page load timeout: '5'

2018-08-09 17:41:27 - [MESSAGE][PASSED] - Element 'Object Repository/ShopOpen/Validate_ShopCategoriesListScreen' is exist

2018-08-09 17:41:27 - [MESSAGE][PASSED] - Call Test Case 'Test Cases/ShopOpen/RemainingCategories/VisitRemainingCategoriesWithDSA' successfully

2018-08-09 17:41:27 - [TEST_CASE][PASSED] - Test Cases/ShopOpen/RemainingCategories/VisitRemainingCategoriesWithDSA: Test Cases/ShopOpen/RemainingCategories/VisitRemainingCategoriesWithDSA

2018-08-09 17:41:27 - [TEST_STEP][PASSED] - verifyElementText: Actual text and expected text of test object 'Object Repository/ShopOpen/RemainingCategories/Validate_RemainingCategoriesDetailScreen' are matched.

2018-08-09 17:41:30 - [MESSAGE][PASSED] - Actual text and expected text of test object 'Object Repository/ShopOpen/RemainingCategories/Validate_RemainingCategoriesDetailScreen' are matched.

2018-08-09 17:41:30 - [TEST_STEP][PASSED] - tap: Tapped on element 'Object Repository/ShopOpen/RemainingCategories/DisplaySpaceAvailable'

2018-08-09 17:41:30 - [MESSAGE][WARNING] - Timeout '0' is invalid. Using default page load timeout: '5'

2018-08-09 17:41:30 - [MESSAGE][PASSED] - Tapped on element 'Object Repository/ShopOpen/RemainingCategories/DisplaySpaceAvailable'

2018-08-09 17:41:30 - [TEST_STEP][PASSED] - verifyElementText: Actual text and expected text of test object 'Object Repository/ShopOpen/RemainingCategories/Validate_ProductCategoryAssetScreen' are matched.

2018-08-09 17:41:32 - [MESSAGE][PASSED] - Actual text and expected text of test object 'Object Repository/ShopOpen/RemainingCategories/Validate_ProductCategoryAssetScreen' are matched.

2018-08-09 17:41:32 - [TEST_STEP][PASSED] - tap: Tapped on element 'Object Repository/ShopOpen/RemainingCategories/Facing'

2018-08-09 17:41:32 - [MESSAGE][WARNING] - Timeout '0' is invalid. Using default page load timeout: '5'

2018-08-09 17:41:32 - [MESSAGE][PASSED] - Tapped on element 'Object Repository/ShopOpen/RemainingCategories/Facing'

2018-08-09 17:41:32 - [TEST_STEP][PASSED] - verifyElementText: Actual text and expected text of test object 'Object Repository/ShopOpen/RemainingCategories/Validate_FacingScreen' are matched.

2018-08-09 17:41:34 - [MESSAGE][PASSED] - Actual text and expected text of test object 'Object Repository/ShopOpen/RemainingCategories/Validate_FacingScreen' are matched.

2018-08-09 17:41:34 - [TEST_STEP][PASSED] - com.ct.qa.keywords.ChannelProductsDataKeywords.visitChannelWiseProductsData: com.ct.qa.keywords.ChannelProductsDataKeywords.visitChannelWiseProductsData is PASSED

2018-08-09 17:41:37 - [MESSAGE][PASSED] - Keyboard is hidden

2018-08-09 17:41:40 - [MESSAGE][PASSED] - Keyboard is hidden

2018-08-09 17:41:41 - [MESSAGE][PASSED] - com.ct.qa.keywords.ChannelProductsDataKeywords.visitChannelWiseProductsData is PASSED

2018-08-09 17:41:41 - [TEST_STEP][PASSED] - tap: Tapped on element 'Object Repository/ShopOpen/RemainingCategories/SubmitButton'

2018-08-09 17:41:41 - [MESSAGE][WARNING] - Timeout '0' is invalid. Using default page load timeout: '5'

2018-08-09 17:41:41 - [MESSAGE][PASSED] - Tapped on element 'Object Repository/ShopOpen/RemainingCategories/SubmitButton'

2018-08-09 17:41:41 - [TEST_STEP][PASSED] - verifyElementText: Actual text and expected text of test object 'Object Repository/ShopOpen/RemainingCategories/Validate_ProductCategoryAssetScreen' are matched.

2018-08-09 17:41:42 - [MESSAGE][PASSED] - Actual text and expected text of test object 'Object Repository/ShopOpen/RemainingCategories/Validate_ProductCategoryAssetScreen' are matched.

2018-08-09 17:41:42 - [TEST_STEP][PASSED] - tap: Tapped on element 'Object Repository/ShopOpen/RemainingCategories/StockTaking'

2018-08-09 17:41:42 - [MESSAGE][WARNING] - Timeout '0' is invalid. Using default page load timeout: '5'

2018-08-09 17:41:43 - [MESSAGE][PASSED] - Tapped on element 'Object Repository/ShopOpen/RemainingCategories/StockTaking'

2018-08-09 17:41:43 - [TEST_STEP][PASSED] - verifyElementText: Actual text and expected text of test object 'Object Repository/ShopOpen/RemainingCategories/Validate_StockTakingScreen' are matched.

2018-08-09 17:41:45 - [MESSAGE][PASSED] - Actual text and expected text of test object 'Object Repository/ShopOpen/RemainingCategories/Validate_StockTakingScreen' are matched.

2018-08-09 17:41:45 - [TEST_STEP][PASSED] - com.ct.qa.keywords.ChannelProductsDataKeywords.visitChannelWiseProductsData: com.ct.qa.keywords.ChannelProductsDataKeywords.visitChannelWiseProductsData is PASSED

2018-08-09 17:41:48 - [MESSAGE][PASSED] - Keyboard is hidden

2018-08-09 17:41:51 - [MESSAGE][PASSED] - Keyboard is hidden

2018-08-09 17:41:52 - [MESSAGE][PASSED] - com.ct.qa.keywords.ChannelProductsDataKeywords.visitChannelWiseProductsData is PASSED

2018-08-09 17:41:52 - [TEST_STEP][PASSED] - tap: Tapped on element 'Object Repository/ShopOpen/RemainingCategories/SubmitButton'

2018-08-09 17:41:52 - [MESSAGE][WARNING] - Timeout '0' is invalid. Using default page load timeout: '5'

2018-08-09 17:41:52 - [MESSAGE][PASSED] - Tapped on element 'Object Repository/ShopOpen/RemainingCategories/SubmitButton'

2018-08-09 17:41:52 - [TEST_STEP][PASSED] - verifyElementText: Actual text and expected text of test object 'Object Repository/ShopOpen/RemainingCategories/Validate_ProductCategoryAssetScreen' are matched.

2018-08-09 17:41:53 - [MESSAGE][PASSED] - Actual text and expected text of test object 'Object Repository/ShopOpen/RemainingCategories/Validate_ProductCategoryAssetScreen' are matched.

2018-08-09 17:41:53 - [TEST_STEP][PASSED] - tap: Tapped on element 'Object Repository/ShopOpen/RemainingCategories/planogram_ImageView'

2018-08-09 17:41:53 - [MESSAGE][WARNING] - Timeout '0' is invalid. Using default page load timeout: '5'

2018-08-09 17:41:54 - [MESSAGE][PASSED] - Tapped on element 'Object Repository/ShopOpen/RemainingCategories/planogram_ImageView'

2018-08-09 17:41:54 - [TEST_STEP][PASSED] - com.ct.qa.keywords.CommonKeywords.checkPlanogramAvailability: com.ct.qa.keywords.CommonKeywords.checkPlanogramAvailability is PASSED

2018-08-09 17:41:54 - [MESSAGE][WARNING] - Timeout '0' is invalid. Using default page load timeout: '5'

2018-08-09 17:41:56 - [MESSAGE][PASSED] - Tapped on element 'Object Repository/CommonScreenElements/InfoPopUp_OKButton'

2018-08-09 17:41:56 - [MESSAGE][PASSED] - com.ct.qa.keywords.CommonKeywords.checkPlanogramAvailability is PASSED

2018-08-09 17:41:56 - [TEST_STEP][PASSED] - com.ct.qa.keywords.CommonKeywords.closePlanogram: com.ct.qa.keywords.CommonKeywords.closePlanogram is PASSED

2018-08-09 17:41:57 - [MESSAGE][PASSED] - com.ct.qa.keywords.CommonKeywords.closePlanogram is PASSED

2018-08-09 17:41:57 - [TEST_STEP][PASSED] - verifyElementText: Actual text and expected text of test object 'Object Repository/ShopOpen/RemainingCategories/Validate_ProductCategoryAssetScreen' are matched.

2018-08-09 17:41:58 - [MESSAGE][PASSED] - Actual text and expected text of test object 'Object Repository/ShopOpen/RemainingCategories/Validate_ProductCategoryAssetScreen' are matched.

2018-08-09 17:41:58 - [TEST_STEP][PASSED] - com.ct.qa.keywords.CommonKeywords.findPictureImageView: com.ct.qa.keywords.CommonKeywords.findPictureImageView is PASSED

2018-08-09 17:41:58 - [MESSAGE][WARNING] - Timeout '0' is invalid. Using default page load timeout: '5'

2018-08-09 17:42:01 - [MESSAGE][PASSED] - Tapped on element 'Object Repository/CommonScreenElements/Picture_ImageView'

2018-08-09 17:42:01 - [MESSAGE][WARNING] - Timeout '0' is invalid. Using default page load timeout: '5'

2018-08-09 17:42:02 - [MESSAGE][PASSED] - Element 'Object Repository/CommonScreenElements/Validate_CameraScreen' is exist

2018-08-09 17:42:02 - [MESSAGE][WARNING] - Timeout '0' is invalid. Using default page load timeout: '5'

2018-08-09 17:42:05 - [MESSAGE][PASSED] - Tapped on element 'Object Repository/CommonScreenElements/TakePictureButton'

2018-08-09 17:42:10 - [MESSAGE][PASSED] - Delayed 5 second(s)

2018-08-09 17:42:10 - [MESSAGE][WARNING] - Timeout '0' is invalid. Using default page load timeout: '5'

2018-08-09 17:42:11 - [MESSAGE][PASSED] - Tapped on element 'Object Repository/CommonScreenElements/DoneButton'

2018-08-09 17:42:11 - [MESSAGE][PASSED] - com.ct.qa.keywords.CommonKeywords.findPictureImageView is PASSED

2018-08-09 17:42:11 - [TEST_STEP][PASSED] - verifyElementText: Actual text and expected text of test object 'Object Repository/ShopOpen/RemainingCategories/Validate_ProductCategoryAssetScreen' are matched.

2018-08-09 17:42:12 - [MESSAGE][PASSED] - Actual text and expected text of test object 'Object Repository/ShopOpen/RemainingCategories/Validate_ProductCategoryAssetScreen' are matched.

2018-08-09 17:42:12 - [TEST_STEP][PASSED] - tap: Tapped on element 'Object Repository/ShopOpen/RemainingCategories/ProductCategoryAsset_BackButton'

2018-08-09 17:42:12 - [MESSAGE][WARNING] - Timeout '0' is invalid. Using default page load timeout: '5'

2018-08-09 17:42:12 - [MESSAGE][PASSED] - Tapped on element 'Object Repository/ShopOpen/RemainingCategories/ProductCategoryAsset_BackButton'

2018-08-09 17:42:12 - [TEST_STEP][PASSED] - verifyElementExist: Element 'Object Repository/ShopOpen/Validate_ShopCategoriesListScreen' is exist

2018-08-09 17:42:12 - [MESSAGE][WARNING] - Timeout '0' is invalid. Using default page load timeout: '5'

2018-08-09 17:42:14 - [MESSAGE][PASSED] - Element 'Object Repository/ShopOpen/Validate_ShopCategoriesListScreen' is exist

2018-08-09 17:42:14 - [MESSAGE][PASSED] - Call Test Case 'Test Cases/ShopOpen/RemainingCategories/VisitRemainingCategoriesWithDSA' successfully

2018-08-09 17:42:15 - [TEST_CASE][PASSED] - Test Cases/ShopOpen/RemainingCategories/VisitRemainingCategoriesWithDSA: Test Cases/ShopOpen/RemainingCategories/VisitRemainingCategoriesWithDSA

2018-08-09 17:42:15 - [TEST_STEP][PASSED] - verifyElementText: Actual text and expected text of test object 'Object Repository/ShopOpen/RemainingCategories/Validate_RemainingCategoriesDetailScreen' are matched.

2018-08-09 17:42:17 - [MESSAGE][PASSED] - Actual text and expected text of test object 'Object Repository/ShopOpen/RemainingCategories/Validate_RemainingCategoriesDetailScreen' are matched.

2018-08-09 17:42:17 - [TEST_STEP][PASSED] - tap: Tapped on element 'Object Repository/ShopOpen/RemainingCategories/DisplaySpaceAvailable'

2018-08-09 17:42:17 - [MESSAGE][WARNING] - Timeout '0' is invalid. Using default page load timeout: '5'

2018-08-09 17:42:17 - [MESSAGE][PASSED] - Tapped on element 'Object Repository/ShopOpen/RemainingCategories/DisplaySpaceAvailable'

2018-08-09 17:42:17 - [TEST_STEP][PASSED] - verifyElementText: Actual text and expected text of test object 'Object Repository/ShopOpen/RemainingCategories/Validate_ProductCategoryAssetScreen' are matched.

2018-08-09 17:42:20 - [MESSAGE][PASSED] - Actual text and expected text of test object 'Object Repository/ShopOpen/RemainingCategories/Validate_ProductCategoryAssetScreen' are matched.

2018-08-09 17:42:20 - [TEST_STEP][PASSED] - tap: Tapped on element 'Object Repository/ShopOpen/RemainingCategories/Facing'

2018-08-09 17:42:20 - [MESSAGE][WARNING] - Timeout '0' is invalid. Using default page load timeout: '5'

2018-08-09 17:42:20 - [MESSAGE][PASSED] - Tapped on element 'Object Repository/ShopOpen/RemainingCategories/Facing'

2018-08-09 17:42:20 - [TEST_STEP][PASSED] - verifyElementText: Actual text and expected text of test object 'Object Repository/ShopOpen/RemainingCategories/Validate_FacingScreen' are matched.

2018-08-09 17:42:22 - [MESSAGE][PASSED] - Actual text and expected text of test object 'Object Repository/ShopOpen/RemainingCategories/Validate_FacingScreen' are matched.

2018-08-09 17:42:22 - [TEST_STEP][PASSED] - com.ct.qa.keywords.ChannelProductsDataKeywords.visitChannelWiseProductsData: com.ct.qa.keywords.ChannelProductsDataKeywords.visitChannelWiseProductsData is PASSED

2018-08-09 17:42:26 - [MESSAGE][PASSED] - Keyboard is hidden

2018-08-09 17:42:29 - [MESSAGE][PASSED] - Keyboard is hidden

2018-08-09 17:42:32 - [MESSAGE][PASSED] - Keyboard is hidden

2018-08-09 17:42:33 - [MESSAGE][PASSED] - com.ct.qa.keywords.ChannelProductsDataKeywords.visitChannelWiseProductsData is PASSED

2018-08-09 17:42:33 - [TEST_STEP][PASSED] - tap: Tapped on element 'Object Repository/ShopOpen/RemainingCategories/SubmitButton'

2018-08-09 17:42:33 - [MESSAGE][WARNING] - Timeout '0' is invalid. Using default page load timeout: '5'

2018-08-09 17:42:34 - [MESSAGE][PASSED] - Tapped on element 'Object Repository/ShopOpen/RemainingCategories/SubmitButton'

2018-08-09 17:42:34 - [TEST_STEP][PASSED] - verifyElementText: Actual text and expected text of test object 'Object Repository/ShopOpen/RemainingCategories/Validate_ProductCategoryAssetScreen' are matched.

2018-08-09 17:42:35 - [MESSAGE][PASSED] - Actual text and expected text of test object 'Object Repository/ShopOpen/RemainingCategories/Validate_ProductCategoryAssetScreen' are matched.

2018-08-09 17:42:35 - [TEST_STEP][PASSED] - tap: Tapped on element 'Object Repository/ShopOpen/RemainingCategories/StockTaking'

2018-08-09 17:42:35 - [MESSAGE][WARNING] - Timeout '0' is invalid. Using default page load timeout: '5'

2018-08-09 17:42:35 - [MESSAGE][PASSED] - Tapped on element 'Object Repository/ShopOpen/RemainingCategories/StockTaking'

2018-08-09 17:42:35 - [TEST_STEP][PASSED] - verifyElementText: Actual text and expected text of test object 'Object Repository/ShopOpen/RemainingCategories/Validate_StockTakingScreen' are matched.

2018-08-09 17:42:37 - [MESSAGE][PASSED] - Actual text and expected text of test object 'Object Repository/ShopOpen/RemainingCategories/Validate_StockTakingScreen' are matched.

2018-08-09 17:42:37 - [TEST_STEP][PASSED] - com.ct.qa.keywords.ChannelProductsDataKeywords.visitChannelWiseProductsData: com.ct.qa.keywords.ChannelProductsDataKeywords.visitChannelWiseProductsData is PASSED

2018-08-09 17:42:41 - [MESSAGE][PASSED] - Keyboard is hidden

2018-08-09 17:42:44 - [MESSAGE][PASSED] - Keyboard is hidden

2018-08-09 17:42:47 - [MESSAGE][PASSED] - Keyboard is hidden

2018-08-09 17:42:48 - [MESSAGE][PASSED] - com.ct.qa.keywords.ChannelProductsDataKeywords.visitChannelWiseProductsData is PASSED

2018-08-09 17:42:48 - [TEST_STEP][PASSED] - tap: Tapped on element 'Object Repository/ShopOpen/RemainingCategories/SubmitButton'

2018-08-09 17:42:48 - [MESSAGE][WARNING] - Timeout '0' is invalid. Using default page load timeout: '5'

2018-08-09 17:42:51 - [MESSAGE][PASSED] - Tapped on element 'Object Repository/ShopOpen/RemainingCategories/SubmitButton'

2018-08-09 17:42:51 - [TEST_STEP][PASSED] - verifyElementText: Actual text and expected text of test object 'Object Repository/ShopOpen/RemainingCategories/Validate_ProductCategoryAssetScreen' are matched.

2018-08-09 17:42:51 - [MESSAGE][PASSED] - Actual text and expected text of test object 'Object Repository/ShopOpen/RemainingCategories/Validate_ProductCategoryAssetScreen' are matched.

2018-08-09 17:42:51 - [TEST_STEP][PASSED] - tap: Tapped on element 'Object Repository/ShopOpen/RemainingCategories/planogram_ImageView'

2018-08-09 17:42:51 - [MESSAGE][WARNING] - Timeout '0' is invalid. Using default page load timeout: '5'

2018-08-09 17:42:52 - [MESSAGE][PASSED] - Tapped on element 'Object Repository/ShopOpen/RemainingCategories/planogram_ImageView'

2018-08-09 17:42:52 - [TEST_STEP][PASSED] - com.ct.qa.keywords.CommonKeywords.checkPlanogramAvailability: com.ct.qa.keywords.CommonKeywords.checkPlanogramAvailability is PASSED

2018-08-09 17:42:52 - [MESSAGE][WARNING] - Timeout '0' is invalid. Using default page load timeout: '5'

2018-08-09 17:42:58 - [MESSAGE][WARNING] - Object Object Repository/CommonScreenElements/InfoPopUp_OKButton not found
[[ATTACHMENT|F:\\Git Projects\\MMAPlus_Merchandising\\MMAPlus_Merchandising\\Reports\\MMA Plus Merchandising With Chiller Wise Data Verification\\20180809_164504\\1533818577694.png]]

2018-08-09 17:42:58 - [MESSAGE][PASSED] - com.ct.qa.keywords.CommonKeywords.checkPlanogramAvailability is PASSED

2018-08-09 17:42:58 - [TEST_STEP][PASSED] - com.ct.qa.keywords.CommonKeywords.closePlanogram: com.ct.qa.keywords.CommonKeywords.closePlanogram is PASSED

2018-08-09 17:42:59 - [MESSAGE][PASSED] - com.ct.qa.keywords.CommonKeywords.closePlanogram is PASSED

2018-08-09 17:42:59 - [TEST_STEP][PASSED] - verifyElementText: Actual text and expected text of test object 'Object Repository/ShopOpen/RemainingCategories/Validate_ProductCategoryAssetScreen' are matched.

2018-08-09 17:43:01 - [MESSAGE][PASSED] - Actual text and expected text of test object 'Object Repository/ShopOpen/RemainingCategories/Validate_ProductCategoryAssetScreen' are matched.

2018-08-09 17:43:01 - [TEST_STEP][PASSED] - com.ct.qa.keywords.CommonKeywords.findPictureImageView: com.ct.qa.keywords.CommonKeywords.findPictureImageView is PASSED

2018-08-09 17:43:01 - [MESSAGE][WARNING] - Timeout '0' is invalid. Using default page load timeout: '5'

2018-08-09 17:43:01 - [MESSAGE][PASSED] - Tapped on element 'Object Repository/CommonScreenElements/Picture_ImageView'

2018-08-09 17:43:01 - [MESSAGE][WARNING] - Timeout '0' is invalid. Using default page load timeout: '5'

2018-08-09 17:43:04 - [MESSAGE][PASSED] - Element 'Object Repository/CommonScreenElements/Validate_CameraScreen' is exist

2018-08-09 17:43:04 - [MESSAGE][WARNING] - Timeout '0' is invalid. Using default page load timeout: '5'

2018-08-09 17:43:07 - [MESSAGE][PASSED] - Tapped on element 'Object Repository/CommonScreenElements/TakePictureButton'

2018-08-09 17:43:12 - [MESSAGE][PASSED] - Delayed 5 second(s)

2018-08-09 17:43:12 - [MESSAGE][WARNING] - Timeout '0' is invalid. Using default page load timeout: '5'

2018-08-09 17:43:13 - [MESSAGE][PASSED] - Tapped on element 'Object Repository/CommonScreenElements/DoneButton'

2018-08-09 17:43:13 - [MESSAGE][PASSED] - com.ct.qa.keywords.CommonKeywords.findPictureImageView is PASSED

2018-08-09 17:43:13 - [TEST_STEP][PASSED] - verifyElementText: Actual text and expected text of test object 'Object Repository/ShopOpen/RemainingCategories/Validate_ProductCategoryAssetScreen' are matched.

2018-08-09 17:43:14 - [MESSAGE][PASSED] - Actual text and expected text of test object 'Object Repository/ShopOpen/RemainingCategories/Validate_ProductCategoryAssetScreen' are matched.

2018-08-09 17:43:14 - [TEST_STEP][PASSED] - tap: Tapped on element 'Object Repository/ShopOpen/RemainingCategories/ProductCategoryAsset_BackButton'

2018-08-09 17:43:14 - [MESSAGE][WARNING] - Timeout '0' is invalid. Using default page load timeout: '5'

2018-08-09 17:43:14 - [MESSAGE][PASSED] - Tapped on element 'Object Repository/ShopOpen/RemainingCategories/ProductCategoryAsset_BackButton'

2018-08-09 17:43:14 - [TEST_STEP][PASSED] - verifyElementExist: Element 'Object Repository/ShopOpen/Validate_ShopCategoriesListScreen' is exist

2018-08-09 17:43:14 - [MESSAGE][WARNING] - Timeout '0' is invalid. Using default page load timeout: '5'

2018-08-09 17:43:17 - [MESSAGE][PASSED] - Element 'Object Repository/ShopOpen/Validate_ShopCategoriesListScreen' is exist

2018-08-09 17:43:17 - [MESSAGE][PASSED] - Call Test Case 'Test Cases/ShopOpen/RemainingCategories/VisitRemainingCategoriesWithDSA' successfully

2018-08-09 17:43:17 - [TEST_CASE][PASSED] - Test Cases/ShopOpen/RemainingCategories/VisitRemainingCategoriesWithDSA: Test Cases/ShopOpen/RemainingCategories/VisitRemainingCategoriesWithDSA

2018-08-09 17:43:17 - [TEST_STEP][PASSED] - verifyElementText: Actual text and expected text of test object 'Object Repository/ShopOpen/RemainingCategories/Validate_RemainingCategoriesDetailScreen' are matched.

2018-08-09 17:43:20 - [MESSAGE][PASSED] - Actual text and expected text of test object 'Object Repository/ShopOpen/RemainingCategories/Validate_RemainingCategoriesDetailScreen' are matched.

2018-08-09 17:43:20 - [TEST_STEP][PASSED] - tap: Tapped on element 'Object Repository/ShopOpen/RemainingCategories/DisplaySpaceAvailable'

2018-08-09 17:43:20 - [MESSAGE][WARNING] - Timeout '0' is invalid. Using default page load timeout: '5'

2018-08-09 17:43:20 - [MESSAGE][PASSED] - Tapped on element 'Object Repository/ShopOpen/RemainingCategories/DisplaySpaceAvailable'

2018-08-09 17:43:20 - [TEST_STEP][PASSED] - verifyElementText: Actual text and expected text of test object 'Object Repository/ShopOpen/RemainingCategories/Validate_ProductCategoryAssetScreen' are matched.

2018-08-09 17:43:22 - [MESSAGE][PASSED] - Actual text and expected text of test object 'Object Repository/ShopOpen/RemainingCategories/Validate_ProductCategoryAssetScreen' are matched.

2018-08-09 17:43:22 - [TEST_STEP][PASSED] - tap: Tapped on element 'Object Repository/ShopOpen/RemainingCategories/Facing'

2018-08-09 17:43:22 - [MESSAGE][WARNING] - Timeout '0' is invalid. Using default page load timeout: '5'

2018-08-09 17:43:22 - [MESSAGE][PASSED] - Tapped on element 'Object Repository/ShopOpen/RemainingCategories/Facing'

2018-08-09 17:43:22 - [TEST_STEP][PASSED] - verifyElementText: Actual text and expected text of test object 'Object Repository/ShopOpen/RemainingCategories/Validate_FacingScreen' are matched.

2018-08-09 17:43:24 - [MESSAGE][PASSED] - Actual text and expected text of test object 'Object Repository/ShopOpen/RemainingCategories/Validate_FacingScreen' are matched.

2018-08-09 17:43:24 - [TEST_STEP][PASSED] - com.ct.qa.keywords.ChannelProductsDataKeywords.visitChannelWiseProductsData: com.ct.qa.keywords.ChannelProductsDataKeywords.visitChannelWiseProductsData is PASSED

2018-08-09 17:43:28 - [MESSAGE][PASSED] - Keyboard is hidden

2018-08-09 17:43:31 - [MESSAGE][PASSED] - Keyboard is hidden

2018-08-09 17:43:34 - [MESSAGE][PASSED] - Keyboard is hidden

2018-08-09 17:43:37 - [MESSAGE][PASSED] - Keyboard is hidden

2018-08-09 17:43:40 - [MESSAGE][PASSED] - Keyboard is hidden

2018-08-09 17:43:43 - [MESSAGE][PASSED] - Keyboard is hidden

2018-08-09 17:43:47 - [MESSAGE][PASSED] - Swiped from 50,359 to 50,250

2018-08-09 17:43:50 - [MESSAGE][PASSED] - Keyboard is hidden

2018-08-09 17:43:52 - [MESSAGE][PASSED] - Swiped from 50,359 to 50,250

2018-08-09 17:43:55 - [MESSAGE][PASSED] - Keyboard is hidden

2018-08-09 17:43:57 - [MESSAGE][PASSED] - Swiped from 50,359 to 50,250

2018-08-09 17:43:58 - [MESSAGE][PASSED] - com.ct.qa.keywords.ChannelProductsDataKeywords.visitChannelWiseProductsData is PASSED

2018-08-09 17:43:58 - [TEST_STEP][PASSED] - tap: Tapped on element 'Object Repository/ShopOpen/RemainingCategories/SubmitButton'

2018-08-09 17:43:58 - [MESSAGE][WARNING] - Timeout '0' is invalid. Using default page load timeout: '5'

2018-08-09 17:43:58 - [MESSAGE][PASSED] - Tapped on element 'Object Repository/ShopOpen/RemainingCategories/SubmitButton'

2018-08-09 17:43:58 - [TEST_STEP][PASSED] - verifyElementText: Actual text and expected text of test object 'Object Repository/ShopOpen/RemainingCategories/Validate_ProductCategoryAssetScreen' are matched.

2018-08-09 17:43:59 - [MESSAGE][PASSED] - Actual text and expected text of test object 'Object Repository/ShopOpen/RemainingCategories/Validate_ProductCategoryAssetScreen' are matched.

2018-08-09 17:43:59 - [TEST_STEP][PASSED] - tap: Tapped on element 'Object Repository/ShopOpen/RemainingCategories/StockTaking'

2018-08-09 17:43:59 - [MESSAGE][WARNING] - Timeout '0' is invalid. Using default page load timeout: '5'

2018-08-09 17:44:00 - [MESSAGE][PASSED] - Tapped on element 'Object Repository/ShopOpen/RemainingCategories/StockTaking'

2018-08-09 17:44:00 - [TEST_STEP][PASSED] - verifyElementText: Actual text and expected text of test object 'Object Repository/ShopOpen/RemainingCategories/Validate_StockTakingScreen' are matched.

2018-08-09 17:44:02 - [MESSAGE][PASSED] - Actual text and expected text of test object 'Object Repository/ShopOpen/RemainingCategories/Validate_StockTakingScreen' are matched.

2018-08-09 17:44:02 - [TEST_STEP][PASSED] - com.ct.qa.keywords.ChannelProductsDataKeywords.visitChannelWiseProductsData: com.ct.qa.keywords.ChannelProductsDataKeywords.visitChannelWiseProductsData is PASSED

2018-08-09 17:44:06 - [MESSAGE][PASSED] - Keyboard is hidden

2018-08-09 17:44:09 - [MESSAGE][PASSED] - Keyboard is hidden

2018-08-09 17:44:12 - [MESSAGE][PASSED] - Keyboard is hidden

2018-08-09 17:44:15 - [MESSAGE][PASSED] - Keyboard is hidden

2018-08-09 17:44:18 - [MESSAGE][PASSED] - Keyboard is hidden

2018-08-09 17:44:21 - [MESSAGE][PASSED] - Keyboard is hidden

2018-08-09 17:44:25 - [MESSAGE][PASSED] - Swiped from 50,359 to 50,250

2018-08-09 17:44:28 - [MESSAGE][PASSED] - Keyboard is hidden

2018-08-09 17:44:30 - [MESSAGE][PASSED] - Swiped from 50,359 to 50,250

2018-08-09 17:44:33 - [MESSAGE][PASSED] - Keyboard is hidden

2018-08-09 17:44:35 - [MESSAGE][PASSED] - Swiped from 50,359 to 50,250

2018-08-09 17:44:36 - [MESSAGE][PASSED] - com.ct.qa.keywords.ChannelProductsDataKeywords.visitChannelWiseProductsData is PASSED

2018-08-09 17:44:36 - [TEST_STEP][PASSED] - tap: Tapped on element 'Object Repository/ShopOpen/RemainingCategories/SubmitButton'

2018-08-09 17:44:36 - [MESSAGE][WARNING] - Timeout '0' is invalid. Using default page load timeout: '5'

2018-08-09 17:44:36 - [MESSAGE][PASSED] - Tapped on element 'Object Repository/ShopOpen/RemainingCategories/SubmitButton'

2018-08-09 17:44:36 - [TEST_STEP][PASSED] - verifyElementText: Actual text and expected text of test object 'Object Repository/ShopOpen/RemainingCategories/Validate_ProductCategoryAssetScreen' are matched.

2018-08-09 17:44:37 - [MESSAGE][PASSED] - Actual text and expected text of test object 'Object Repository/ShopOpen/RemainingCategories/Validate_ProductCategoryAssetScreen' are matched.

2018-08-09 17:44:37 - [TEST_STEP][PASSED] - tap: Tapped on element 'Object Repository/ShopOpen/RemainingCategories/planogram_ImageView'

2018-08-09 17:44:37 - [MESSAGE][WARNING] - Timeout '0' is invalid. Using default page load timeout: '5'

2018-08-09 17:44:38 - [MESSAGE][PASSED] - Tapped on element 'Object Repository/ShopOpen/RemainingCategories/planogram_ImageView'

2018-08-09 17:44:38 - [TEST_STEP][PASSED] - com.ct.qa.keywords.CommonKeywords.checkPlanogramAvailability: com.ct.qa.keywords.CommonKeywords.checkPlanogramAvailability is PASSED

2018-08-09 17:44:38 - [MESSAGE][WARNING] - Timeout '0' is invalid. Using default page load timeout: '5'

2018-08-09 17:44:45 - [MESSAGE][WARNING] - Object Object Repository/CommonScreenElements/InfoPopUp_OKButton not found
[[ATTACHMENT|F:\\Git Projects\\MMAPlus_Merchandising\\MMAPlus_Merchandising\\Reports\\MMA Plus Merchandising With Chiller Wise Data Verification\\20180809_164504\\1533818683778.png]]

2018-08-09 17:44:45 - [MESSAGE][PASSED] - com.ct.qa.keywords.CommonKeywords.checkPlanogramAvailability is PASSED

2018-08-09 17:44:45 - [TEST_STEP][PASSED] - com.ct.qa.keywords.CommonKeywords.closePlanogram: com.ct.qa.keywords.CommonKeywords.closePlanogram is PASSED

2018-08-09 17:44:45 - [MESSAGE][PASSED] - com.ct.qa.keywords.CommonKeywords.closePlanogram is PASSED

2018-08-09 17:44:45 - [TEST_STEP][PASSED] - verifyElementText: Actual text and expected text of test object 'Object Repository/ShopOpen/RemainingCategories/Validate_ProductCategoryAssetScreen' are matched.

2018-08-09 17:44:46 - [MESSAGE][PASSED] - Actual text and expected text of test object 'Object Repository/ShopOpen/RemainingCategories/Validate_ProductCategoryAssetScreen' are matched.

2018-08-09 17:44:46 - [TEST_STEP][PASSED] - com.ct.qa.keywords.CommonKeywords.findPictureImageView: com.ct.qa.keywords.CommonKeywords.findPictureImageView is PASSED

2018-08-09 17:44:46 - [MESSAGE][WARNING] - Timeout '0' is invalid. Using default page load timeout: '5'

2018-08-09 17:44:48 - [MESSAGE][PASSED] - Tapped on element 'Object Repository/CommonScreenElements/Picture_ImageView'

2018-08-09 17:44:48 - [MESSAGE][WARNING] - Timeout '0' is invalid. Using default page load timeout: '5'

2018-08-09 17:44:49 - [MESSAGE][PASSED] - Element 'Object Repository/CommonScreenElements/Validate_CameraScreen' is exist

2018-08-09 17:44:49 - [MESSAGE][WARNING] - Timeout '0' is invalid. Using default page load timeout: '5'

2018-08-09 17:44:52 - [MESSAGE][PASSED] - Tapped on element 'Object Repository/CommonScreenElements/TakePictureButton'

2018-08-09 17:44:57 - [MESSAGE][PASSED] - Delayed 5 second(s)

2018-08-09 17:44:57 - [MESSAGE][WARNING] - Timeout '0' is invalid. Using default page load timeout: '5'

2018-08-09 17:44:58 - [MESSAGE][PASSED] - Tapped on element 'Object Repository/CommonScreenElements/DoneButton'

2018-08-09 17:44:58 - [MESSAGE][PASSED] - com.ct.qa.keywords.CommonKeywords.findPictureImageView is PASSED

2018-08-09 17:44:58 - [TEST_STEP][PASSED] - verifyElementText: Actual text and expected text of test object 'Object Repository/ShopOpen/RemainingCategories/Validate_ProductCategoryAssetScreen' are matched.

2018-08-09 17:45:00 - [MESSAGE][PASSED] - Actual text and expected text of test object 'Object Repository/ShopOpen/RemainingCategories/Validate_ProductCategoryAssetScreen' are matched.

2018-08-09 17:45:00 - [TEST_STEP][PASSED] - tap: Tapped on element 'Object Repository/ShopOpen/RemainingCategories/ProductCategoryAsset_BackButton'

2018-08-09 17:45:00 - [MESSAGE][WARNING] - Timeout '0' is invalid. Using default page load timeout: '5'

2018-08-09 17:45:02 - [MESSAGE][PASSED] - Tapped on element 'Object Repository/ShopOpen/RemainingCategories/ProductCategoryAsset_BackButton'

2018-08-09 17:45:02 - [TEST_STEP][PASSED] - verifyElementExist: Element 'Object Repository/ShopOpen/Validate_ShopCategoriesListScreen' is exist

2018-08-09 17:45:02 - [MESSAGE][WARNING] - Timeout '0' is invalid. Using default page load timeout: '5'

2018-08-09 17:45:04 - [MESSAGE][PASSED] - Element 'Object Repository/ShopOpen/Validate_ShopCategoriesListScreen' is exist

2018-08-09 17:45:04 - [MESSAGE][PASSED] - Call Test Case 'Test Cases/ShopOpen/RemainingCategories/VisitRemainingCategoriesWithDSA' successfully

2018-08-09 17:45:05 - [TEST_CASE][PASSED] - Test Cases/ShopOpen/RemainingCategories/VisitRemainingCategoriesWithDSA: Test Cases/ShopOpen/RemainingCategories/VisitRemainingCategoriesWithDSA

2018-08-09 17:45:05 - [TEST_STEP][PASSED] - verifyElementText: Actual text and expected text of test object 'Object Repository/ShopOpen/RemainingCategories/Validate_RemainingCategoriesDetailScreen' are matched.

2018-08-09 17:45:08 - [MESSAGE][PASSED] - Actual text and expected text of test object 'Object Repository/ShopOpen/RemainingCategories/Validate_RemainingCategoriesDetailScreen' are matched.

2018-08-09 17:45:08 - [TEST_STEP][PASSED] - tap: Tapped on element 'Object Repository/ShopOpen/RemainingCategories/DisplaySpaceAvailable'

2018-08-09 17:45:08 - [MESSAGE][WARNING] - Timeout '0' is invalid. Using default page load timeout: '5'

2018-08-09 17:45:08 - [MESSAGE][PASSED] - Tapped on element 'Object Repository/ShopOpen/RemainingCategories/DisplaySpaceAvailable'

2018-08-09 17:45:08 - [TEST_STEP][PASSED] - verifyElementText: Actual text and expected text of test object 'Object Repository/ShopOpen/RemainingCategories/Validate_ProductCategoryAssetScreen' are matched.

2018-08-09 17:45:11 - [MESSAGE][PASSED] - Actual text and expected text of test object 'Object Repository/ShopOpen/RemainingCategories/Validate_ProductCategoryAssetScreen' are matched.

2018-08-09 17:45:11 - [TEST_STEP][PASSED] - tap: Tapped on element 'Object Repository/ShopOpen/RemainingCategories/Facing'

2018-08-09 17:45:11 - [MESSAGE][WARNING] - Timeout '0' is invalid. Using default page load timeout: '5'

2018-08-09 17:45:11 - [MESSAGE][PASSED] - Tapped on element 'Object Repository/ShopOpen/RemainingCategories/Facing'

2018-08-09 17:45:11 - [TEST_STEP][PASSED] - verifyElementText: Actual text and expected text of test object 'Object Repository/ShopOpen/RemainingCategories/Validate_FacingScreen' are matched.

2018-08-09 17:45:13 - [MESSAGE][PASSED] - Actual text and expected text of test object 'Object Repository/ShopOpen/RemainingCategories/Validate_FacingScreen' are matched.

2018-08-09 17:45:13 - [TEST_STEP][PASSED] - com.ct.qa.keywords.ChannelProductsDataKeywords.visitChannelWiseProductsData: com.ct.qa.keywords.ChannelProductsDataKeywords.visitChannelWiseProductsData is PASSED

2018-08-09 17:45:17 - [MESSAGE][PASSED] - Keyboard is hidden

2018-08-09 17:45:20 - [MESSAGE][PASSED] - Keyboard is hidden

2018-08-09 17:45:23 - [MESSAGE][PASSED] - Keyboard is hidden

2018-08-09 17:45:26 - [MESSAGE][PASSED] - Keyboard is hidden

2018-08-09 17:45:27 - [MESSAGE][PASSED] - com.ct.qa.keywords.ChannelProductsDataKeywords.visitChannelWiseProductsData is PASSED

2018-08-09 17:45:27 - [TEST_STEP][PASSED] - tap: Tapped on element 'Object Repository/ShopOpen/RemainingCategories/SubmitButton'

2018-08-09 17:45:27 - [MESSAGE][WARNING] - Timeout '0' is invalid. Using default page load timeout: '5'

2018-08-09 17:45:28 - [MESSAGE][PASSED] - Tapped on element 'Object Repository/ShopOpen/RemainingCategories/SubmitButton'

2018-08-09 17:45:28 - [TEST_STEP][PASSED] - verifyElementText: Actual text and expected text of test object 'Object Repository/ShopOpen/RemainingCategories/Validate_ProductCategoryAssetScreen' are matched.

2018-08-09 17:45:29 - [MESSAGE][PASSED] - Actual text and expected text of test object 'Object Repository/ShopOpen/RemainingCategories/Validate_ProductCategoryAssetScreen' are matched.

2018-08-09 17:45:29 - [TEST_STEP][PASSED] - tap: Tapped on element 'Object Repository/ShopOpen/RemainingCategories/StockTaking'

2018-08-09 17:45:29 - [MESSAGE][WARNING] - Timeout '0' is invalid. Using default page load timeout: '5'

2018-08-09 17:45:29 - [MESSAGE][PASSED] - Tapped on element 'Object Repository/ShopOpen/RemainingCategories/StockTaking'

2018-08-09 17:45:29 - [TEST_STEP][PASSED] - verifyElementText: Actual text and expected text of test object 'Object Repository/ShopOpen/RemainingCategories/Validate_StockTakingScreen' are matched.

2018-08-09 17:45:32 - [MESSAGE][PASSED] - Actual text and expected text of test object 'Object Repository/ShopOpen/RemainingCategories/Validate_StockTakingScreen' are matched.

2018-08-09 17:45:32 - [TEST_STEP][PASSED] - com.ct.qa.keywords.ChannelProductsDataKeywords.visitChannelWiseProductsData: com.ct.qa.keywords.ChannelProductsDataKeywords.visitChannelWiseProductsData is PASSED

2018-08-09 17:45:36 - [MESSAGE][PASSED] - Keyboard is hidden

2018-08-09 17:45:39 - [MESSAGE][PASSED] - Keyboard is hidden

2018-08-09 17:45:42 - [MESSAGE][PASSED] - Keyboard is hidden

2018-08-09 17:45:45 - [MESSAGE][PASSED] - Keyboard is hidden

2018-08-09 17:45:46 - [MESSAGE][PASSED] - com.ct.qa.keywords.ChannelProductsDataKeywords.visitChannelWiseProductsData is PASSED

2018-08-09 17:45:46 - [TEST_STEP][PASSED] - tap: Tapped on element 'Object Repository/ShopOpen/RemainingCategories/SubmitButton'

2018-08-09 17:45:46 - [MESSAGE][WARNING] - Timeout '0' is invalid. Using default page load timeout: '5'

2018-08-09 17:45:47 - [MESSAGE][PASSED] - Tapped on element 'Object Repository/ShopOpen/RemainingCategories/SubmitButton'

2018-08-09 17:45:47 - [TEST_STEP][PASSED] - verifyElementText: Actual text and expected text of test object 'Object Repository/ShopOpen/RemainingCategories/Validate_ProductCategoryAssetScreen' are matched.

2018-08-09 17:45:48 - [MESSAGE][PASSED] - Actual text and expected text of test object 'Object Repository/ShopOpen/RemainingCategories/Validate_ProductCategoryAssetScreen' are matched.

2018-08-09 17:45:48 - [TEST_STEP][PASSED] - tap: Tapped on element 'Object Repository/ShopOpen/RemainingCategories/planogram_ImageView'

2018-08-09 17:45:48 - [MESSAGE][WARNING] - Timeout '0' is invalid. Using default page load timeout: '5'

2018-08-09 17:45:48 - [MESSAGE][PASSED] - Tapped on element 'Object Repository/ShopOpen/RemainingCategories/planogram_ImageView'

2018-08-09 17:45:48 - [TEST_STEP][PASSED] - com.ct.qa.keywords.CommonKeywords.checkPlanogramAvailability: com.ct.qa.keywords.CommonKeywords.checkPlanogramAvailability is PASSED

2018-08-09 17:45:48 - [MESSAGE][WARNING] - Timeout '0' is invalid. Using default page load timeout: '5'

2018-08-09 17:45:54 - [MESSAGE][WARNING] - Object Object Repository/CommonScreenElements/InfoPopUp_OKButton not found
[[ATTACHMENT|F:\\Git Projects\\MMAPlus_Merchandising\\MMAPlus_Merchandising\\Reports\\MMA Plus Merchandising With Chiller Wise Data Verification\\20180809_164504\\1533818753843.png]]

2018-08-09 17:45:54 - [MESSAGE][PASSED] - com.ct.qa.keywords.CommonKeywords.checkPlanogramAvailability is PASSED

2018-08-09 17:45:54 - [TEST_STEP][PASSED] - com.ct.qa.keywords.CommonKeywords.closePlanogram: com.ct.qa.keywords.CommonKeywords.closePlanogram is PASSED

2018-08-09 17:45:55 - [MESSAGE][PASSED] - com.ct.qa.keywords.CommonKeywords.closePlanogram is PASSED

2018-08-09 17:45:55 - [TEST_STEP][PASSED] - verifyElementText: Actual text and expected text of test object 'Object Repository/ShopOpen/RemainingCategories/Validate_ProductCategoryAssetScreen' are matched.

2018-08-09 17:45:56 - [MESSAGE][PASSED] - Actual text and expected text of test object 'Object Repository/ShopOpen/RemainingCategories/Validate_ProductCategoryAssetScreen' are matched.

2018-08-09 17:45:56 - [TEST_STEP][PASSED] - com.ct.qa.keywords.CommonKeywords.findPictureImageView: com.ct.qa.keywords.CommonKeywords.findPictureImageView is PASSED

2018-08-09 17:45:56 - [MESSAGE][WARNING] - Timeout '0' is invalid. Using default page load timeout: '5'

2018-08-09 17:45:58 - [MESSAGE][PASSED] - Tapped on element 'Object Repository/CommonScreenElements/Picture_ImageView'

2018-08-09 17:45:58 - [MESSAGE][WARNING] - Timeout '0' is invalid. Using default page load timeout: '5'

2018-08-09 17:45:59 - [MESSAGE][PASSED] - Element 'Object Repository/CommonScreenElements/Validate_CameraScreen' is exist

2018-08-09 17:45:59 - [MESSAGE][WARNING] - Timeout '0' is invalid. Using default page load timeout: '5'

2018-08-09 17:46:03 - [MESSAGE][PASSED] - Tapped on element 'Object Repository/CommonScreenElements/TakePictureButton'

2018-08-09 17:46:08 - [MESSAGE][PASSED] - Delayed 5 second(s)

2018-08-09 17:46:08 - [MESSAGE][WARNING] - Timeout '0' is invalid. Using default page load timeout: '5'

2018-08-09 17:46:08 - [MESSAGE][PASSED] - Tapped on element 'Object Repository/CommonScreenElements/DoneButton'

2018-08-09 17:46:08 - [MESSAGE][PASSED] - com.ct.qa.keywords.CommonKeywords.findPictureImageView is PASSED

2018-08-09 17:46:08 - [TEST_STEP][PASSED] - verifyElementText: Actual text and expected text of test object 'Object Repository/ShopOpen/RemainingCategories/Validate_ProductCategoryAssetScreen' are matched.

2018-08-09 17:46:09 - [MESSAGE][PASSED] - Actual text and expected text of test object 'Object Repository/ShopOpen/RemainingCategories/Validate_ProductCategoryAssetScreen' are matched.

2018-08-09 17:46:09 - [TEST_STEP][PASSED] - tap: Tapped on element 'Object Repository/ShopOpen/RemainingCategories/ProductCategoryAsset_BackButton'

2018-08-09 17:46:09 - [MESSAGE][WARNING] - Timeout '0' is invalid. Using default page load timeout: '5'

2018-08-09 17:46:10 - [MESSAGE][PASSED] - Tapped on element 'Object Repository/ShopOpen/RemainingCategories/ProductCategoryAsset_BackButton'

2018-08-09 17:46:10 - [TEST_STEP][PASSED] - verifyElementExist: Element 'Object Repository/ShopOpen/Validate_ShopCategoriesListScreen' is exist

2018-08-09 17:46:10 - [MESSAGE][WARNING] - Timeout '0' is invalid. Using default page load timeout: '5'

2018-08-09 17:46:12 - [MESSAGE][PASSED] - Element 'Object Repository/ShopOpen/Validate_ShopCategoriesListScreen' is exist

2018-08-09 17:46:12 - [MESSAGE][PASSED] - Call Test Case 'Test Cases/ShopOpen/RemainingCategories/VisitRemainingCategoriesWithDSA' successfully

2018-08-09 17:46:14 - [MESSAGE][PASSED] - Swiped from 0,293 to 0,200

2018-08-09 17:46:15 - [TEST_CASE][PASSED] - Test Cases/ShopOpen/RemainingCategories/VisitRemainingCategoriesWithDSA: Test Cases/ShopOpen/RemainingCategories/VisitRemainingCategoriesWithDSA

2018-08-09 17:46:15 - [TEST_STEP][PASSED] - verifyElementText: Actual text and expected text of test object 'Object Repository/ShopOpen/RemainingCategories/Validate_RemainingCategoriesDetailScreen' are matched.

2018-08-09 17:46:18 - [MESSAGE][PASSED] - Actual text and expected text of test object 'Object Repository/ShopOpen/RemainingCategories/Validate_RemainingCategoriesDetailScreen' are matched.

2018-08-09 17:46:18 - [TEST_STEP][PASSED] - tap: Tapped on element 'Object Repository/ShopOpen/RemainingCategories/DisplaySpaceAvailable'

2018-08-09 17:46:18 - [MESSAGE][WARNING] - Timeout '0' is invalid. Using default page load timeout: '5'

2018-08-09 17:46:18 - [MESSAGE][PASSED] - Tapped on element 'Object Repository/ShopOpen/RemainingCategories/DisplaySpaceAvailable'

2018-08-09 17:46:18 - [TEST_STEP][PASSED] - verifyElementText: Actual text and expected text of test object 'Object Repository/ShopOpen/RemainingCategories/Validate_ProductCategoryAssetScreen' are matched.

2018-08-09 17:46:20 - [MESSAGE][PASSED] - Actual text and expected text of test object 'Object Repository/ShopOpen/RemainingCategories/Validate_ProductCategoryAssetScreen' are matched.

2018-08-09 17:46:20 - [TEST_STEP][PASSED] - tap: Tapped on element 'Object Repository/ShopOpen/RemainingCategories/Facing'

2018-08-09 17:46:20 - [MESSAGE][WARNING] - Timeout '0' is invalid. Using default page load timeout: '5'

2018-08-09 17:46:20 - [MESSAGE][PASSED] - Tapped on element 'Object Repository/ShopOpen/RemainingCategories/Facing'

2018-08-09 17:46:20 - [TEST_STEP][PASSED] - verifyElementText: Actual text and expected text of test object 'Object Repository/ShopOpen/RemainingCategories/Validate_FacingScreen' are matched.

2018-08-09 17:46:22 - [MESSAGE][PASSED] - Actual text and expected text of test object 'Object Repository/ShopOpen/RemainingCategories/Validate_FacingScreen' are matched.

2018-08-09 17:46:22 - [TEST_STEP][PASSED] - com.ct.qa.keywords.ChannelProductsDataKeywords.visitChannelWiseProductsData: com.ct.qa.keywords.ChannelProductsDataKeywords.visitChannelWiseProductsData is PASSED

2018-08-09 17:46:26 - [MESSAGE][PASSED] - Keyboard is hidden

2018-08-09 17:46:29 - [MESSAGE][PASSED] - Keyboard is hidden

2018-08-09 17:46:32 - [MESSAGE][PASSED] - Keyboard is hidden

2018-08-09 17:46:35 - [MESSAGE][PASSED] - Keyboard is hidden

2018-08-09 17:46:36 - [MESSAGE][PASSED] - com.ct.qa.keywords.ChannelProductsDataKeywords.visitChannelWiseProductsData is PASSED

2018-08-09 17:46:36 - [TEST_STEP][PASSED] - tap: Tapped on element 'Object Repository/ShopOpen/RemainingCategories/SubmitButton'

2018-08-09 17:46:36 - [MESSAGE][WARNING] - Timeout '0' is invalid. Using default page load timeout: '5'

2018-08-09 17:46:37 - [MESSAGE][PASSED] - Tapped on element 'Object Repository/ShopOpen/RemainingCategories/SubmitButton'

2018-08-09 17:46:37 - [TEST_STEP][PASSED] - verifyElementText: Actual text and expected text of test object 'Object Repository/ShopOpen/RemainingCategories/Validate_ProductCategoryAssetScreen' are matched.

2018-08-09 17:46:38 - [MESSAGE][PASSED] - Actual text and expected text of test object 'Object Repository/ShopOpen/RemainingCategories/Validate_ProductCategoryAssetScreen' are matched.

2018-08-09 17:46:38 - [TEST_STEP][PASSED] - tap: Tapped on element 'Object Repository/ShopOpen/RemainingCategories/StockTaking'

2018-08-09 17:46:38 - [MESSAGE][WARNING] - Timeout '0' is invalid. Using default page load timeout: '5'

2018-08-09 17:46:38 - [MESSAGE][PASSED] - Tapped on element 'Object Repository/ShopOpen/RemainingCategories/StockTaking'

2018-08-09 17:46:38 - [TEST_STEP][PASSED] - verifyElementText: Actual text and expected text of test object 'Object Repository/ShopOpen/RemainingCategories/Validate_StockTakingScreen' are matched.

2018-08-09 17:46:40 - [MESSAGE][PASSED] - Actual text and expected text of test object 'Object Repository/ShopOpen/RemainingCategories/Validate_StockTakingScreen' are matched.

2018-08-09 17:46:40 - [TEST_STEP][PASSED] - com.ct.qa.keywords.ChannelProductsDataKeywords.visitChannelWiseProductsData: com.ct.qa.keywords.ChannelProductsDataKeywords.visitChannelWiseProductsData is PASSED

2018-08-09 17:46:44 - [MESSAGE][PASSED] - Keyboard is hidden

2018-08-09 17:46:47 - [MESSAGE][PASSED] - Keyboard is hidden

2018-08-09 17:46:50 - [MESSAGE][PASSED] - Keyboard is hidden

2018-08-09 17:46:53 - [MESSAGE][PASSED] - Keyboard is hidden

2018-08-09 17:46:54 - [MESSAGE][PASSED] - com.ct.qa.keywords.ChannelProductsDataKeywords.visitChannelWiseProductsData is PASSED

2018-08-09 17:46:54 - [TEST_STEP][PASSED] - tap: Tapped on element 'Object Repository/ShopOpen/RemainingCategories/SubmitButton'

2018-08-09 17:46:54 - [MESSAGE][WARNING] - Timeout '0' is invalid. Using default page load timeout: '5'

2018-08-09 17:46:55 - [MESSAGE][PASSED] - Tapped on element 'Object Repository/ShopOpen/RemainingCategories/SubmitButton'

2018-08-09 17:46:55 - [TEST_STEP][PASSED] - verifyElementText: Actual text and expected text of test object 'Object Repository/ShopOpen/RemainingCategories/Validate_ProductCategoryAssetScreen' are matched.

2018-08-09 17:46:56 - [MESSAGE][PASSED] - Actual text and expected text of test object 'Object Repository/ShopOpen/RemainingCategories/Validate_ProductCategoryAssetScreen' are matched.

2018-08-09 17:46:56 - [TEST_STEP][PASSED] - tap: Tapped on element 'Object Repository/ShopOpen/RemainingCategories/planogram_ImageView'

2018-08-09 17:46:56 - [MESSAGE][WARNING] - Timeout '0' is invalid. Using default page load timeout: '5'

2018-08-09 17:46:56 - [MESSAGE][PASSED] - Tapped on element 'Object Repository/ShopOpen/RemainingCategories/planogram_ImageView'

2018-08-09 17:46:56 - [TEST_STEP][PASSED] - com.ct.qa.keywords.CommonKeywords.checkPlanogramAvailability: com.ct.qa.keywords.CommonKeywords.checkPlanogramAvailability is PASSED

2018-08-09 17:46:56 - [MESSAGE][WARNING] - Timeout '0' is invalid. Using default page load timeout: '5'

2018-08-09 17:47:02 - [MESSAGE][WARNING] - Object Object Repository/CommonScreenElements/InfoPopUp_OKButton not found
[[ATTACHMENT|F:\\Git Projects\\MMAPlus_Merchandising\\MMAPlus_Merchandising\\Reports\\MMA Plus Merchandising With Chiller Wise Data Verification\\20180809_164504\\1533818821853.png]]

2018-08-09 17:47:02 - [MESSAGE][PASSED] - com.ct.qa.keywords.CommonKeywords.checkPlanogramAvailability is PASSED

2018-08-09 17:47:02 - [TEST_STEP][PASSED] - com.ct.qa.keywords.CommonKeywords.closePlanogram: com.ct.qa.keywords.CommonKeywords.closePlanogram is PASSED

2018-08-09 17:47:03 - [MESSAGE][PASSED] - com.ct.qa.keywords.CommonKeywords.closePlanogram is PASSED

2018-08-09 17:47:03 - [TEST_STEP][PASSED] - verifyElementText: Actual text and expected text of test object 'Object Repository/ShopOpen/RemainingCategories/Validate_ProductCategoryAssetScreen' are matched.

2018-08-09 17:47:04 - [MESSAGE][PASSED] - Actual text and expected text of test object 'Object Repository/ShopOpen/RemainingCategories/Validate_ProductCategoryAssetScreen' are matched.

2018-08-09 17:47:04 - [TEST_STEP][PASSED] - com.ct.qa.keywords.CommonKeywords.findPictureImageView: com.ct.qa.keywords.CommonKeywords.findPictureImageView is PASSED

2018-08-09 17:47:04 - [MESSAGE][WARNING] - Timeout '0' is invalid. Using default page load timeout: '5'

2018-08-09 17:47:06 - [MESSAGE][PASSED] - Tapped on element 'Object Repository/CommonScreenElements/Picture_ImageView'

2018-08-09 17:47:06 - [MESSAGE][WARNING] - Timeout '0' is invalid. Using default page load timeout: '5'

2018-08-09 17:47:07 - [MESSAGE][PASSED] - Element 'Object Repository/CommonScreenElements/Validate_CameraScreen' is exist

2018-08-09 17:47:07 - [MESSAGE][WARNING] - Timeout '0' is invalid. Using default page load timeout: '5'

2018-08-09 17:47:10 - [MESSAGE][PASSED] - Tapped on element 'Object Repository/CommonScreenElements/TakePictureButton'

2018-08-09 17:47:15 - [MESSAGE][PASSED] - Delayed 5 second(s)

2018-08-09 17:47:15 - [MESSAGE][WARNING] - Timeout '0' is invalid. Using default page load timeout: '5'

2018-08-09 17:47:16 - [MESSAGE][PASSED] - Tapped on element 'Object Repository/CommonScreenElements/DoneButton'

2018-08-09 17:47:16 - [MESSAGE][PASSED] - com.ct.qa.keywords.CommonKeywords.findPictureImageView is PASSED

2018-08-09 17:47:16 - [TEST_STEP][PASSED] - verifyElementText: Actual text and expected text of test object 'Object Repository/ShopOpen/RemainingCategories/Validate_ProductCategoryAssetScreen' are matched.

2018-08-09 17:47:17 - [MESSAGE][PASSED] - Actual text and expected text of test object 'Object Repository/ShopOpen/RemainingCategories/Validate_ProductCategoryAssetScreen' are matched.

2018-08-09 17:47:17 - [TEST_STEP][PASSED] - tap: Tapped on element 'Object Repository/ShopOpen/RemainingCategories/ProductCategoryAsset_BackButton'

2018-08-09 17:47:17 - [MESSAGE][WARNING] - Timeout '0' is invalid. Using default page load timeout: '5'

2018-08-09 17:47:17 - [MESSAGE][PASSED] - Tapped on element 'Object Repository/ShopOpen/RemainingCategories/ProductCategoryAsset_BackButton'

2018-08-09 17:47:17 - [TEST_STEP][PASSED] - verifyElementExist: Element 'Object Repository/ShopOpen/Validate_ShopCategoriesListScreen' is exist

2018-08-09 17:47:17 - [MESSAGE][WARNING] - Timeout '0' is invalid. Using default page load timeout: '5'

2018-08-09 17:47:19 - [MESSAGE][PASSED] - Element 'Object Repository/ShopOpen/Validate_ShopCategoriesListScreen' is exist

2018-08-09 17:47:19 - [MESSAGE][PASSED] - Call Test Case 'Test Cases/ShopOpen/RemainingCategories/VisitRemainingCategoriesWithDSA' successfully

2018-08-09 17:47:20 - [MESSAGE][PASSED] - Swiped from 0,293 to 0,200

2018-08-09 17:47:23 - [MESSAGE][PASSED] - Swiped from 0,293 to 0,200

2018-08-09 17:47:25 - [TEST_CASE][PASSED] - Test Cases/ShopOpen/RemainingCategories/VisitRemainingCategoriesWithDSA: Test Cases/ShopOpen/RemainingCategories/VisitRemainingCategoriesWithDSA

2018-08-09 17:47:25 - [TEST_STEP][PASSED] - verifyElementText: Actual text and expected text of test object 'Object Repository/ShopOpen/RemainingCategories/Validate_RemainingCategoriesDetailScreen' are matched.

2018-08-09 17:47:27 - [MESSAGE][PASSED] - Actual text and expected text of test object 'Object Repository/ShopOpen/RemainingCategories/Validate_RemainingCategoriesDetailScreen' are matched.

2018-08-09 17:47:27 - [TEST_STEP][PASSED] - tap: Tapped on element 'Object Repository/ShopOpen/RemainingCategories/DisplaySpaceAvailable'

2018-08-09 17:47:27 - [MESSAGE][WARNING] - Timeout '0' is invalid. Using default page load timeout: '5'

2018-08-09 17:47:27 - [MESSAGE][PASSED] - Tapped on element 'Object Repository/ShopOpen/RemainingCategories/DisplaySpaceAvailable'

2018-08-09 17:47:27 - [TEST_STEP][PASSED] - verifyElementText: Actual text and expected text of test object 'Object Repository/ShopOpen/RemainingCategories/Validate_ProductCategoryAssetScreen' are matched.

2018-08-09 17:47:29 - [MESSAGE][PASSED] - Actual text and expected text of test object 'Object Repository/ShopOpen/RemainingCategories/Validate_ProductCategoryAssetScreen' are matched.

2018-08-09 17:47:29 - [TEST_STEP][PASSED] - tap: Tapped on element 'Object Repository/ShopOpen/RemainingCategories/Facing'

2018-08-09 17:47:29 - [MESSAGE][WARNING] - Timeout '0' is invalid. Using default page load timeout: '5'

2018-08-09 17:47:29 - [MESSAGE][PASSED] - Tapped on element 'Object Repository/ShopOpen/RemainingCategories/Facing'

2018-08-09 17:47:29 - [TEST_STEP][PASSED] - verifyElementText: Actual text and expected text of test object 'Object Repository/ShopOpen/RemainingCategories/Validate_FacingScreen' are matched.

2018-08-09 17:47:31 - [MESSAGE][PASSED] - Actual text and expected text of test object 'Object Repository/ShopOpen/RemainingCategories/Validate_FacingScreen' are matched.

2018-08-09 17:47:31 - [TEST_STEP][PASSED] - com.ct.qa.keywords.ChannelProductsDataKeywords.visitChannelWiseProductsData: com.ct.qa.keywords.ChannelProductsDataKeywords.visitChannelWiseProductsData is PASSED

2018-08-09 17:47:34 - [MESSAGE][PASSED] - Keyboard is hidden

2018-08-09 17:47:35 - [MESSAGE][PASSED] - com.ct.qa.keywords.ChannelProductsDataKeywords.visitChannelWiseProductsData is PASSED

2018-08-09 17:47:35 - [TEST_STEP][PASSED] - tap: Tapped on element 'Object Repository/ShopOpen/RemainingCategories/SubmitButton'

2018-08-09 17:47:35 - [MESSAGE][WARNING] - Timeout '0' is invalid. Using default page load timeout: '5'

2018-08-09 17:47:35 - [MESSAGE][PASSED] - Tapped on element 'Object Repository/ShopOpen/RemainingCategories/SubmitButton'

2018-08-09 17:47:35 - [TEST_STEP][PASSED] - verifyElementText: Actual text and expected text of test object 'Object Repository/ShopOpen/RemainingCategories/Validate_ProductCategoryAssetScreen' are matched.

2018-08-09 17:47:36 - [MESSAGE][PASSED] - Actual text and expected text of test object 'Object Repository/ShopOpen/RemainingCategories/Validate_ProductCategoryAssetScreen' are matched.

2018-08-09 17:47:36 - [TEST_STEP][PASSED] - tap: Tapped on element 'Object Repository/ShopOpen/RemainingCategories/StockTaking'

2018-08-09 17:47:36 - [MESSAGE][WARNING] - Timeout '0' is invalid. Using default page load timeout: '5'

2018-08-09 17:47:36 - [MESSAGE][PASSED] - Tapped on element 'Object Repository/ShopOpen/RemainingCategories/StockTaking'

2018-08-09 17:47:36 - [TEST_STEP][PASSED] - verifyElementText: Actual text and expected text of test object 'Object Repository/ShopOpen/RemainingCategories/Validate_StockTakingScreen' are matched.

2018-08-09 17:47:39 - [MESSAGE][PASSED] - Actual text and expected text of test object 'Object Repository/ShopOpen/RemainingCategories/Validate_StockTakingScreen' are matched.

2018-08-09 17:47:39 - [TEST_STEP][PASSED] - com.ct.qa.keywords.ChannelProductsDataKeywords.visitChannelWiseProductsData: com.ct.qa.keywords.ChannelProductsDataKeywords.visitChannelWiseProductsData is PASSED

2018-08-09 17:47:42 - [MESSAGE][PASSED] - Keyboard is hidden

2018-08-09 17:47:43 - [MESSAGE][PASSED] - com.ct.qa.keywords.ChannelProductsDataKeywords.visitChannelWiseProductsData is PASSED

2018-08-09 17:47:43 - [TEST_STEP][PASSED] - tap: Tapped on element 'Object Repository/ShopOpen/RemainingCategories/SubmitButton'

2018-08-09 17:47:43 - [MESSAGE][WARNING] - Timeout '0' is invalid. Using default page load timeout: '5'

2018-08-09 17:47:44 - [MESSAGE][PASSED] - Tapped on element 'Object Repository/ShopOpen/RemainingCategories/SubmitButton'

2018-08-09 17:47:44 - [TEST_STEP][PASSED] - verifyElementText: Actual text and expected text of test object 'Object Repository/ShopOpen/RemainingCategories/Validate_ProductCategoryAssetScreen' are matched.

2018-08-09 17:47:45 - [MESSAGE][PASSED] - Actual text and expected text of test object 'Object Repository/ShopOpen/RemainingCategories/Validate_ProductCategoryAssetScreen' are matched.

2018-08-09 17:47:45 - [TEST_STEP][PASSED] - tap: Tapped on element 'Object Repository/ShopOpen/RemainingCategories/planogram_ImageView'

2018-08-09 17:47:45 - [MESSAGE][WARNING] - Timeout '0' is invalid. Using default page load timeout: '5'

2018-08-09 17:47:45 - [MESSAGE][PASSED] - Tapped on element 'Object Repository/ShopOpen/RemainingCategories/planogram_ImageView'

2018-08-09 17:47:45 - [TEST_STEP][PASSED] - com.ct.qa.keywords.CommonKeywords.checkPlanogramAvailability: com.ct.qa.keywords.CommonKeywords.checkPlanogramAvailability is PASSED

2018-08-09 17:47:45 - [MESSAGE][WARNING] - Timeout '0' is invalid. Using default page load timeout: '5'

2018-08-09 17:47:51 - [MESSAGE][WARNING] - Object Object Repository/CommonScreenElements/InfoPopUp_OKButton not found
[[ATTACHMENT|F:\\Git Projects\\MMAPlus_Merchandising\\MMAPlus_Merchandising\\Reports\\MMA Plus Merchandising With Chiller Wise Data Verification\\20180809_164504\\1533818870862.png]]

2018-08-09 17:47:51 - [MESSAGE][PASSED] - com.ct.qa.keywords.CommonKeywords.checkPlanogramAvailability is PASSED

2018-08-09 17:47:51 - [TEST_STEP][PASSED] - com.ct.qa.keywords.CommonKeywords.closePlanogram: com.ct.qa.keywords.CommonKeywords.closePlanogram is PASSED

2018-08-09 17:47:52 - [MESSAGE][PASSED] - com.ct.qa.keywords.CommonKeywords.closePlanogram is PASSED

2018-08-09 17:47:52 - [TEST_STEP][PASSED] - verifyElementText: Actual text and expected text of test object 'Object Repository/ShopOpen/RemainingCategories/Validate_ProductCategoryAssetScreen' are matched.

2018-08-09 17:47:53 - [MESSAGE][PASSED] - Actual text and expected text of test object 'Object Repository/ShopOpen/RemainingCategories/Validate_ProductCategoryAssetScreen' are matched.

2018-08-09 17:47:53 - [TEST_STEP][PASSED] - com.ct.qa.keywords.CommonKeywords.findPictureImageView: com.ct.qa.keywords.CommonKeywords.findPictureImageView is PASSED

2018-08-09 17:47:53 - [MESSAGE][WARNING] - Timeout '0' is invalid. Using default page load timeout: '5'

2018-08-09 17:47:55 - [MESSAGE][PASSED] - Tapped on element 'Object Repository/CommonScreenElements/Picture_ImageView'

2018-08-09 17:47:55 - [MESSAGE][WARNING] - Timeout '0' is invalid. Using default page load timeout: '5'

2018-08-09 17:47:56 - [MESSAGE][PASSED] - Element 'Object Repository/CommonScreenElements/Validate_CameraScreen' is exist

2018-08-09 17:47:56 - [MESSAGE][WARNING] - Timeout '0' is invalid. Using default page load timeout: '5'

2018-08-09 17:47:59 - [MESSAGE][PASSED] - Tapped on element 'Object Repository/CommonScreenElements/TakePictureButton'

2018-08-09 17:48:04 - [MESSAGE][PASSED] - Delayed 5 second(s)

2018-08-09 17:48:04 - [MESSAGE][WARNING] - Timeout '0' is invalid. Using default page load timeout: '5'

2018-08-09 17:48:05 - [MESSAGE][PASSED] - Tapped on element 'Object Repository/CommonScreenElements/DoneButton'

2018-08-09 17:48:05 - [MESSAGE][PASSED] - com.ct.qa.keywords.CommonKeywords.findPictureImageView is PASSED

2018-08-09 17:48:05 - [TEST_STEP][PASSED] - verifyElementText: Actual text and expected text of test object 'Object Repository/ShopOpen/RemainingCategories/Validate_ProductCategoryAssetScreen' are matched.

2018-08-09 17:48:06 - [MESSAGE][PASSED] - Actual text and expected text of test object 'Object Repository/ShopOpen/RemainingCategories/Validate_ProductCategoryAssetScreen' are matched.

2018-08-09 17:48:06 - [TEST_STEP][PASSED] - tap: Tapped on element 'Object Repository/ShopOpen/RemainingCategories/ProductCategoryAsset_BackButton'

2018-08-09 17:48:06 - [MESSAGE][WARNING] - Timeout '0' is invalid. Using default page load timeout: '5'

2018-08-09 17:48:06 - [MESSAGE][PASSED] - Tapped on element 'Object Repository/ShopOpen/RemainingCategories/ProductCategoryAsset_BackButton'

2018-08-09 17:48:06 - [TEST_STEP][PASSED] - verifyElementExist: Element 'Object Repository/ShopOpen/Validate_ShopCategoriesListScreen' is exist

2018-08-09 17:48:06 - [MESSAGE][WARNING] - Timeout '0' is invalid. Using default page load timeout: '5'

2018-08-09 17:48:08 - [MESSAGE][PASSED] - Element 'Object Repository/ShopOpen/Validate_ShopCategoriesListScreen' is exist

2018-08-09 17:48:08 - [MESSAGE][PASSED] - Call Test Case 'Test Cases/ShopOpen/RemainingCategories/VisitRemainingCategoriesWithDSA' successfully

2018-08-09 17:48:09 - [MESSAGE][PASSED] - Swiped from 0,293 to 0,200

2018-08-09 17:48:11 - [MESSAGE][PASSED] - Swiped from 0,293 to 0,200

2018-08-09 17:48:14 - [MESSAGE][PASSED] - Swiped from 0,293 to 0,200

2018-08-09 17:48:16 - [TEST_CASE][PASSED] - Test Cases/ShopOpen/RemainingCategories/VisitRemainingCategoriesWithDSA: Test Cases/ShopOpen/RemainingCategories/VisitRemainingCategoriesWithDSA

2018-08-09 17:48:16 - [TEST_STEP][PASSED] - verifyElementText: Actual text and expected text of test object 'Object Repository/ShopOpen/RemainingCategories/Validate_RemainingCategoriesDetailScreen' are matched.

2018-08-09 17:48:18 - [MESSAGE][PASSED] - Actual text and expected text of test object 'Object Repository/ShopOpen/RemainingCategories/Validate_RemainingCategoriesDetailScreen' are matched.

2018-08-09 17:48:18 - [TEST_STEP][PASSED] - tap: Tapped on element 'Object Repository/ShopOpen/RemainingCategories/DisplaySpaceAvailable'

2018-08-09 17:48:18 - [MESSAGE][WARNING] - Timeout '0' is invalid. Using default page load timeout: '5'

2018-08-09 17:48:18 - [MESSAGE][PASSED] - Tapped on element 'Object Repository/ShopOpen/RemainingCategories/DisplaySpaceAvailable'

2018-08-09 17:48:18 - [TEST_STEP][PASSED] - verifyElementText: Actual text and expected text of test object 'Object Repository/ShopOpen/RemainingCategories/Validate_ProductCategoryAssetScreen' are matched.

2018-08-09 17:48:20 - [MESSAGE][PASSED] - Actual text and expected text of test object 'Object Repository/ShopOpen/RemainingCategories/Validate_ProductCategoryAssetScreen' are matched.

2018-08-09 17:48:20 - [TEST_STEP][PASSED] - tap: Tapped on element 'Object Repository/ShopOpen/RemainingCategories/Facing'

2018-08-09 17:48:20 - [MESSAGE][WARNING] - Timeout '0' is invalid. Using default page load timeout: '5'

2018-08-09 17:48:21 - [MESSAGE][PASSED] - Tapped on element 'Object Repository/ShopOpen/RemainingCategories/Facing'

2018-08-09 17:48:21 - [TEST_STEP][PASSED] - verifyElementText: Actual text and expected text of test object 'Object Repository/ShopOpen/RemainingCategories/Validate_FacingScreen' are matched.

2018-08-09 17:48:22 - [MESSAGE][PASSED] - Actual text and expected text of test object 'Object Repository/ShopOpen/RemainingCategories/Validate_FacingScreen' are matched.

2018-08-09 17:48:22 - [TEST_STEP][PASSED] - com.ct.qa.keywords.ChannelProductsDataKeywords.visitChannelWiseProductsData: com.ct.qa.keywords.ChannelProductsDataKeywords.visitChannelWiseProductsData is PASSED

2018-08-09 17:48:25 - [MESSAGE][PASSED] - Keyboard is hidden

2018-08-09 17:48:28 - [MESSAGE][PASSED] - Keyboard is hidden

2018-08-09 17:48:29 - [MESSAGE][PASSED] - com.ct.qa.keywords.ChannelProductsDataKeywords.visitChannelWiseProductsData is PASSED

2018-08-09 17:48:29 - [TEST_STEP][PASSED] - tap: Tapped on element 'Object Repository/ShopOpen/RemainingCategories/SubmitButton'

2018-08-09 17:48:29 - [MESSAGE][WARNING] - Timeout '0' is invalid. Using default page load timeout: '5'

2018-08-09 17:48:30 - [MESSAGE][PASSED] - Tapped on element 'Object Repository/ShopOpen/RemainingCategories/SubmitButton'

2018-08-09 17:48:30 - [TEST_STEP][PASSED] - verifyElementText: Actual text and expected text of test object 'Object Repository/ShopOpen/RemainingCategories/Validate_ProductCategoryAssetScreen' are matched.

2018-08-09 17:48:31 - [MESSAGE][PASSED] - Actual text and expected text of test object 'Object Repository/ShopOpen/RemainingCategories/Validate_ProductCategoryAssetScreen' are matched.

2018-08-09 17:48:31 - [TEST_STEP][PASSED] - tap: Tapped on element 'Object Repository/ShopOpen/RemainingCategories/StockTaking'

2018-08-09 17:48:31 - [MESSAGE][WARNING] - Timeout '0' is invalid. Using default page load timeout: '5'

2018-08-09 17:48:31 - [MESSAGE][PASSED] - Tapped on element 'Object Repository/ShopOpen/RemainingCategories/StockTaking'

2018-08-09 17:48:31 - [TEST_STEP][PASSED] - verifyElementText: Actual text and expected text of test object 'Object Repository/ShopOpen/RemainingCategories/Validate_StockTakingScreen' are matched.

2018-08-09 17:48:33 - [MESSAGE][PASSED] - Actual text and expected text of test object 'Object Repository/ShopOpen/RemainingCategories/Validate_StockTakingScreen' are matched.

2018-08-09 17:48:33 - [TEST_STEP][PASSED] - com.ct.qa.keywords.ChannelProductsDataKeywords.visitChannelWiseProductsData: com.ct.qa.keywords.ChannelProductsDataKeywords.visitChannelWiseProductsData is PASSED

2018-08-09 17:48:36 - [MESSAGE][PASSED] - Keyboard is hidden

2018-08-09 17:48:38 - [MESSAGE][PASSED] - Keyboard is hidden

2018-08-09 17:48:39 - [MESSAGE][PASSED] - com.ct.qa.keywords.ChannelProductsDataKeywords.visitChannelWiseProductsData is PASSED

2018-08-09 17:48:39 - [TEST_STEP][PASSED] - tap: Tapped on element 'Object Repository/ShopOpen/RemainingCategories/SubmitButton'

2018-08-09 17:48:39 - [MESSAGE][WARNING] - Timeout '0' is invalid. Using default page load timeout: '5'

2018-08-09 17:48:40 - [MESSAGE][PASSED] - Tapped on element 'Object Repository/ShopOpen/RemainingCategories/SubmitButton'

2018-08-09 17:48:40 - [TEST_STEP][PASSED] - verifyElementText: Actual text and expected text of test object 'Object Repository/ShopOpen/RemainingCategories/Validate_ProductCategoryAssetScreen' are matched.

2018-08-09 17:48:41 - [MESSAGE][PASSED] - Actual text and expected text of test object 'Object Repository/ShopOpen/RemainingCategories/Validate_ProductCategoryAssetScreen' are matched.

2018-08-09 17:48:41 - [TEST_STEP][PASSED] - tap: Tapped on element 'Object Repository/ShopOpen/RemainingCategories/planogram_ImageView'

2018-08-09 17:48:41 - [MESSAGE][WARNING] - Timeout '0' is invalid. Using default page load timeout: '5'

2018-08-09 17:48:41 - [MESSAGE][PASSED] - Tapped on element 'Object Repository/ShopOpen/RemainingCategories/planogram_ImageView'

2018-08-09 17:48:41 - [TEST_STEP][PASSED] - com.ct.qa.keywords.CommonKeywords.checkPlanogramAvailability: com.ct.qa.keywords.CommonKeywords.checkPlanogramAvailability is PASSED

2018-08-09 17:48:41 - [MESSAGE][WARNING] - Timeout '0' is invalid. Using default page load timeout: '5'

2018-08-09 17:48:47 - [MESSAGE][WARNING] - Object Object Repository/CommonScreenElements/InfoPopUp_OKButton not found
[[ATTACHMENT|F:\\Git Projects\\MMAPlus_Merchandising\\MMAPlus_Merchandising\\Reports\\MMA Plus Merchandising With Chiller Wise Data Verification\\20180809_164504\\1533818926916.png]]

2018-08-09 17:48:47 - [MESSAGE][PASSED] - com.ct.qa.keywords.CommonKeywords.checkPlanogramAvailability is PASSED

2018-08-09 17:48:47 - [TEST_STEP][PASSED] - com.ct.qa.keywords.CommonKeywords.closePlanogram: com.ct.qa.keywords.CommonKeywords.closePlanogram is PASSED

2018-08-09 17:48:48 - [MESSAGE][PASSED] - com.ct.qa.keywords.CommonKeywords.closePlanogram is PASSED

2018-08-09 17:48:48 - [TEST_STEP][PASSED] - verifyElementText: Actual text and expected text of test object 'Object Repository/ShopOpen/RemainingCategories/Validate_ProductCategoryAssetScreen' are matched.

2018-08-09 17:48:49 - [MESSAGE][PASSED] - Actual text and expected text of test object 'Object Repository/ShopOpen/RemainingCategories/Validate_ProductCategoryAssetScreen' are matched.

2018-08-09 17:48:49 - [TEST_STEP][PASSED] - com.ct.qa.keywords.CommonKeywords.findPictureImageView: com.ct.qa.keywords.CommonKeywords.findPictureImageView is PASSED

2018-08-09 17:48:49 - [MESSAGE][WARNING] - Timeout '0' is invalid. Using default page load timeout: '5'

2018-08-09 17:48:52 - [MESSAGE][PASSED] - Tapped on element 'Object Repository/CommonScreenElements/Picture_ImageView'

2018-08-09 17:48:52 - [MESSAGE][WARNING] - Timeout '0' is invalid. Using default page load timeout: '5'

2018-08-09 17:48:52 - [MESSAGE][PASSED] - Element 'Object Repository/CommonScreenElements/Validate_CameraScreen' is exist

2018-08-09 17:48:52 - [MESSAGE][WARNING] - Timeout '0' is invalid. Using default page load timeout: '5'

2018-08-09 17:48:55 - [MESSAGE][PASSED] - Tapped on element 'Object Repository/CommonScreenElements/TakePictureButton'

2018-08-09 17:49:00 - [MESSAGE][PASSED] - Delayed 5 second(s)

2018-08-09 17:49:00 - [MESSAGE][WARNING] - Timeout '0' is invalid. Using default page load timeout: '5'

2018-08-09 17:49:01 - [MESSAGE][PASSED] - Tapped on element 'Object Repository/CommonScreenElements/DoneButton'

2018-08-09 17:49:01 - [MESSAGE][PASSED] - com.ct.qa.keywords.CommonKeywords.findPictureImageView is PASSED

2018-08-09 17:49:01 - [TEST_STEP][PASSED] - verifyElementText: Actual text and expected text of test object 'Object Repository/ShopOpen/RemainingCategories/Validate_ProductCategoryAssetScreen' are matched.

2018-08-09 17:49:02 - [MESSAGE][PASSED] - Actual text and expected text of test object 'Object Repository/ShopOpen/RemainingCategories/Validate_ProductCategoryAssetScreen' are matched.

2018-08-09 17:49:02 - [TEST_STEP][PASSED] - tap: Tapped on element 'Object Repository/ShopOpen/RemainingCategories/ProductCategoryAsset_BackButton'

2018-08-09 17:49:02 - [MESSAGE][WARNING] - Timeout '0' is invalid. Using default page load timeout: '5'

2018-08-09 17:49:02 - [MESSAGE][PASSED] - Tapped on element 'Object Repository/ShopOpen/RemainingCategories/ProductCategoryAsset_BackButton'

2018-08-09 17:49:02 - [TEST_STEP][PASSED] - verifyElementExist: Element 'Object Repository/ShopOpen/Validate_ShopCategoriesListScreen' is exist

2018-08-09 17:49:02 - [MESSAGE][WARNING] - Timeout '0' is invalid. Using default page load timeout: '5'

2018-08-09 17:49:05 - [MESSAGE][PASSED] - Element 'Object Repository/ShopOpen/Validate_ShopCategoriesListScreen' is exist

2018-08-09 17:49:05 - [MESSAGE][PASSED] - Call Test Case 'Test Cases/ShopOpen/RemainingCategories/VisitRemainingCategoriesWithDSA' successfully

2018-08-09 17:49:06 - [MESSAGE][PASSED] - Swiped from 0,293 to 0,200

2018-08-09 17:49:08 - [MESSAGE][PASSED] - Swiped from 0,293 to 0,200

2018-08-09 17:49:10 - [MESSAGE][PASSED] - Swiped from 0,293 to 0,200

2018-08-09 17:49:13 - [MESSAGE][PASSED] - Swiped from 0,293 to 0,200

2018-08-09 17:49:15 - [TEST_CASE][PASSED] - Test Cases/ShopOpen/RemainingCategories/VisitRemainingCategoriesWithDSA: Test Cases/ShopOpen/RemainingCategories/VisitRemainingCategoriesWithDSA

2018-08-09 17:49:15 - [TEST_STEP][PASSED] - verifyElementText: Actual text and expected text of test object 'Object Repository/ShopOpen/RemainingCategories/Validate_RemainingCategoriesDetailScreen' are matched.

2018-08-09 17:49:17 - [MESSAGE][PASSED] - Actual text and expected text of test object 'Object Repository/ShopOpen/RemainingCategories/Validate_RemainingCategoriesDetailScreen' are matched.

2018-08-09 17:49:17 - [TEST_STEP][PASSED] - tap: Tapped on element 'Object Repository/ShopOpen/RemainingCategories/DisplaySpaceAvailable'

2018-08-09 17:49:17 - [MESSAGE][WARNING] - Timeout '0' is invalid. Using default page load timeout: '5'

2018-08-09 17:49:17 - [MESSAGE][PASSED] - Tapped on element 'Object Repository/ShopOpen/RemainingCategories/DisplaySpaceAvailable'

2018-08-09 17:49:17 - [TEST_STEP][PASSED] - verifyElementText: Actual text and expected text of test object 'Object Repository/ShopOpen/RemainingCategories/Validate_ProductCategoryAssetScreen' are matched.

2018-08-09 17:49:19 - [MESSAGE][PASSED] - Actual text and expected text of test object 'Object Repository/ShopOpen/RemainingCategories/Validate_ProductCategoryAssetScreen' are matched.

2018-08-09 17:49:19 - [TEST_STEP][PASSED] - tap: Tapped on element 'Object Repository/ShopOpen/RemainingCategories/Facing'

2018-08-09 17:49:19 - [MESSAGE][WARNING] - Timeout '0' is invalid. Using default page load timeout: '5'

2018-08-09 17:49:19 - [MESSAGE][PASSED] - Tapped on element 'Object Repository/ShopOpen/RemainingCategories/Facing'

2018-08-09 17:49:19 - [TEST_STEP][PASSED] - verifyElementText: Actual text and expected text of test object 'Object Repository/ShopOpen/RemainingCategories/Validate_FacingScreen' are matched.

2018-08-09 17:49:21 - [MESSAGE][PASSED] - Actual text and expected text of test object 'Object Repository/ShopOpen/RemainingCategories/Validate_FacingScreen' are matched.

2018-08-09 17:49:21 - [TEST_STEP][PASSED] - com.ct.qa.keywords.ChannelProductsDataKeywords.visitChannelWiseProductsData: com.ct.qa.keywords.ChannelProductsDataKeywords.visitChannelWiseProductsData is PASSED

2018-08-09 17:49:25 - [MESSAGE][PASSED] - Keyboard is hidden

2018-08-09 17:49:28 - [MESSAGE][PASSED] - Keyboard is hidden

2018-08-09 17:49:31 - [MESSAGE][PASSED] - Keyboard is hidden

2018-08-09 17:49:32 - [MESSAGE][PASSED] - com.ct.qa.keywords.ChannelProductsDataKeywords.visitChannelWiseProductsData is PASSED

2018-08-09 17:49:32 - [TEST_STEP][PASSED] - tap: Tapped on element 'Object Repository/ShopOpen/RemainingCategories/SubmitButton'

2018-08-09 17:49:32 - [MESSAGE][WARNING] - Timeout '0' is invalid. Using default page load timeout: '5'

2018-08-09 17:49:33 - [MESSAGE][PASSED] - Tapped on element 'Object Repository/ShopOpen/RemainingCategories/SubmitButton'

2018-08-09 17:49:33 - [TEST_STEP][PASSED] - verifyElementText: Actual text and expected text of test object 'Object Repository/ShopOpen/RemainingCategories/Validate_ProductCategoryAssetScreen' are matched.

2018-08-09 17:49:34 - [MESSAGE][PASSED] - Actual text and expected text of test object 'Object Repository/ShopOpen/RemainingCategories/Validate_ProductCategoryAssetScreen' are matched.

2018-08-09 17:49:34 - [TEST_STEP][PASSED] - tap: Tapped on element 'Object Repository/ShopOpen/RemainingCategories/StockTaking'

2018-08-09 17:49:34 - [MESSAGE][WARNING] - Timeout '0' is invalid. Using default page load timeout: '5'

2018-08-09 17:49:34 - [MESSAGE][PASSED] - Tapped on element 'Object Repository/ShopOpen/RemainingCategories/StockTaking'

2018-08-09 17:49:34 - [TEST_STEP][PASSED] - verifyElementText: Actual text and expected text of test object 'Object Repository/ShopOpen/RemainingCategories/Validate_StockTakingScreen' are matched.

2018-08-09 17:49:36 - [MESSAGE][PASSED] - Actual text and expected text of test object 'Object Repository/ShopOpen/RemainingCategories/Validate_StockTakingScreen' are matched.

2018-08-09 17:49:36 - [TEST_STEP][PASSED] - com.ct.qa.keywords.ChannelProductsDataKeywords.visitChannelWiseProductsData: com.ct.qa.keywords.ChannelProductsDataKeywords.visitChannelWiseProductsData is PASSED

2018-08-09 17:49:39 - [MESSAGE][PASSED] - Keyboard is hidden

2018-08-09 17:49:42 - [MESSAGE][PASSED] - Keyboard is hidden

2018-08-09 17:49:45 - [MESSAGE][PASSED] - Keyboard is hidden

2018-08-09 17:49:46 - [MESSAGE][PASSED] - com.ct.qa.keywords.ChannelProductsDataKeywords.visitChannelWiseProductsData is PASSED

2018-08-09 17:49:46 - [TEST_STEP][PASSED] - tap: Tapped on element 'Object Repository/ShopOpen/RemainingCategories/SubmitButton'

2018-08-09 17:49:46 - [MESSAGE][WARNING] - Timeout '0' is invalid. Using default page load timeout: '5'

2018-08-09 17:49:47 - [MESSAGE][PASSED] - Tapped on element 'Object Repository/ShopOpen/RemainingCategories/SubmitButton'

2018-08-09 17:49:47 - [TEST_STEP][PASSED] - verifyElementText: Actual text and expected text of test object 'Object Repository/ShopOpen/RemainingCategories/Validate_ProductCategoryAssetScreen' are matched.

2018-08-09 17:49:49 - [MESSAGE][PASSED] - Actual text and expected text of test object 'Object Repository/ShopOpen/RemainingCategories/Validate_ProductCategoryAssetScreen' are matched.

2018-08-09 17:49:49 - [TEST_STEP][PASSED] - tap: Tapped on element 'Object Repository/ShopOpen/RemainingCategories/planogram_ImageView'

2018-08-09 17:49:49 - [MESSAGE][WARNING] - Timeout '0' is invalid. Using default page load timeout: '5'

2018-08-09 17:49:49 - [MESSAGE][PASSED] - Tapped on element 'Object Repository/ShopOpen/RemainingCategories/planogram_ImageView'

2018-08-09 17:49:49 - [TEST_STEP][PASSED] - com.ct.qa.keywords.CommonKeywords.checkPlanogramAvailability: com.ct.qa.keywords.CommonKeywords.checkPlanogramAvailability is PASSED

2018-08-09 17:49:49 - [MESSAGE][WARNING] - Timeout '0' is invalid. Using default page load timeout: '5'

2018-08-09 17:49:55 - [MESSAGE][WARNING] - Object Object Repository/CommonScreenElements/InfoPopUp_OKButton not found
[[ATTACHMENT|F:\\Git Projects\\MMAPlus_Merchandising\\MMAPlus_Merchandising\\Reports\\MMA Plus Merchandising With Chiller Wise Data Verification\\20180809_164504\\1533818994884.png]]

2018-08-09 17:49:55 - [MESSAGE][PASSED] - com.ct.qa.keywords.CommonKeywords.checkPlanogramAvailability is PASSED

2018-08-09 17:49:55 - [TEST_STEP][PASSED] - com.ct.qa.keywords.CommonKeywords.closePlanogram: com.ct.qa.keywords.CommonKeywords.closePlanogram is PASSED

2018-08-09 17:49:56 - [MESSAGE][PASSED] - com.ct.qa.keywords.CommonKeywords.closePlanogram is PASSED

2018-08-09 17:49:56 - [TEST_STEP][PASSED] - verifyElementText: Actual text and expected text of test object 'Object Repository/ShopOpen/RemainingCategories/Validate_ProductCategoryAssetScreen' are matched.

2018-08-09 17:49:57 - [MESSAGE][PASSED] - Actual text and expected text of test object 'Object Repository/ShopOpen/RemainingCategories/Validate_ProductCategoryAssetScreen' are matched.

2018-08-09 17:49:57 - [TEST_STEP][PASSED] - com.ct.qa.keywords.CommonKeywords.findPictureImageView: com.ct.qa.keywords.CommonKeywords.findPictureImageView is PASSED

2018-08-09 17:49:57 - [MESSAGE][WARNING] - Timeout '0' is invalid. Using default page load timeout: '5'

2018-08-09 17:49:59 - [MESSAGE][PASSED] - Tapped on element 'Object Repository/CommonScreenElements/Picture_ImageView'

2018-08-09 17:49:59 - [MESSAGE][WARNING] - Timeout '0' is invalid. Using default page load timeout: '5'

2018-08-09 17:50:00 - [MESSAGE][PASSED] - Element 'Object Repository/CommonScreenElements/Validate_CameraScreen' is exist

2018-08-09 17:50:00 - [MESSAGE][WARNING] - Timeout '0' is invalid. Using default page load timeout: '5'

2018-08-09 17:50:03 - [MESSAGE][PASSED] - Tapped on element 'Object Repository/CommonScreenElements/TakePictureButton'

2018-08-09 17:50:08 - [MESSAGE][PASSED] - Delayed 5 second(s)

2018-08-09 17:50:08 - [MESSAGE][WARNING] - Timeout '0' is invalid. Using default page load timeout: '5'

2018-08-09 17:50:09 - [MESSAGE][PASSED] - Tapped on element 'Object Repository/CommonScreenElements/DoneButton'

2018-08-09 17:50:09 - [MESSAGE][PASSED] - com.ct.qa.keywords.CommonKeywords.findPictureImageView is PASSED

2018-08-09 17:50:09 - [TEST_STEP][PASSED] - verifyElementText: Actual text and expected text of test object 'Object Repository/ShopOpen/RemainingCategories/Validate_ProductCategoryAssetScreen' are matched.

2018-08-09 17:50:10 - [MESSAGE][PASSED] - Actual text and expected text of test object 'Object Repository/ShopOpen/RemainingCategories/Validate_ProductCategoryAssetScreen' are matched.

2018-08-09 17:50:10 - [TEST_STEP][PASSED] - tap: Tapped on element 'Object Repository/ShopOpen/RemainingCategories/ProductCategoryAsset_BackButton'

2018-08-09 17:50:10 - [MESSAGE][WARNING] - Timeout '0' is invalid. Using default page load timeout: '5'

2018-08-09 17:50:10 - [MESSAGE][PASSED] - Tapped on element 'Object Repository/ShopOpen/RemainingCategories/ProductCategoryAsset_BackButton'

2018-08-09 17:50:10 - [TEST_STEP][PASSED] - verifyElementExist: Element 'Object Repository/ShopOpen/Validate_ShopCategoriesListScreen' is exist

2018-08-09 17:50:10 - [MESSAGE][WARNING] - Timeout '0' is invalid. Using default page load timeout: '5'

2018-08-09 17:50:12 - [MESSAGE][PASSED] - Element 'Object Repository/ShopOpen/Validate_ShopCategoriesListScreen' is exist

2018-08-09 17:50:12 - [MESSAGE][PASSED] - Call Test Case 'Test Cases/ShopOpen/RemainingCategories/VisitRemainingCategoriesWithDSA' successfully

2018-08-09 17:50:13 - [MESSAGE][PASSED] - Swiped from 0,293 to 0,200

2018-08-09 17:50:14 - [MESSAGE][PASSED] - Swiped from 0,293 to 0,200

2018-08-09 17:50:16 - [MESSAGE][PASSED] - Swiped from 0,293 to 0,200

2018-08-09 17:50:19 - [MESSAGE][PASSED] - Swiped from 0,293 to 0,200

2018-08-09 17:50:22 - [MESSAGE][PASSED] - Swiped from 0,293 to 0,200

2018-08-09 17:50:24 - [TEST_CASE][PASSED] - Test Cases/ShopOpen/RTMVisitFrequency/VisitRTMVisitFrequency: Test Cases/ShopOpen/RTMVisitFrequency/VisitRTMVisitFrequency

2018-08-09 17:50:24 - [TEST_STEP][PASSED] - verifyElementText: Actual text and expected text of test object 'Object Repository/ShopOpen/RTMVisitFrequency/Validate_RTMVisitFrequencyScreen' are matched.

2018-08-09 17:50:26 - [MESSAGE][PASSED] - Actual text and expected text of test object 'Object Repository/ShopOpen/RTMVisitFrequency/Validate_RTMVisitFrequencyScreen' are matched.

2018-08-09 17:50:26 - [TEST_STEP][PASSED] - com.ct.qa.keywords.RTMVisitFrequencyKeywords.visitRTMVisitFrequency: com.ct.qa.keywords.RTMVisitFrequencyKeywords.visitRTMVisitFrequency is PASSED

2018-08-09 17:50:26 - [MESSAGE][WARNING] - Timeout '0' is invalid. Using default page load timeout: '5'

2018-08-09 17:50:28 - [MESSAGE][PASSED] - Element 'Object Repository/ShopOpen/RTMVisitFrequency/Validate_RTMVisitFrequencyRemarks' is exist

2018-08-09 17:50:28 - [MESSAGE][WARNING] - Timeout '0' is invalid. Using default page load timeout: '5'

2018-08-09 17:50:29 - [MESSAGE][PASSED] - Tapped on element 'Object Repository/ShopOpen/RTMVisitFrequency/OnceAWeek'

2018-08-09 17:50:29 - [MESSAGE][WARNING] - Timeout '0' is invalid. Using default page load timeout: '5'

2018-08-09 17:50:31 - [MESSAGE][PASSED] - Element 'Object Repository/ShopOpen/RTMVisitFrequency/Validate_RTMVisitFrequencyRemarks' is exist

2018-08-09 17:50:31 - [MESSAGE][WARNING] - Timeout '0' is invalid. Using default page load timeout: '5'

2018-08-09 17:50:31 - [MESSAGE][PASSED] - Tapped on element 'Object Repository/ShopOpen/RTMVisitFrequency/OnceAWeek'

2018-08-09 17:50:32 - [MESSAGE][WARNING] - Timeout '0' is invalid. Using default page load timeout: '5'

2018-08-09 17:50:33 - [MESSAGE][PASSED] - Element 'Object Repository/ShopOpen/RTMVisitFrequency/Validate_RTMVisitFrequencyRemarks' is exist

2018-08-09 17:50:33 - [MESSAGE][WARNING] - Timeout '0' is invalid. Using default page load timeout: '5'

2018-08-09 17:50:34 - [MESSAGE][PASSED] - Tapped on element 'Object Repository/ShopOpen/RTMVisitFrequency/OnceAWeek'

2018-08-09 17:50:35 - [MESSAGE][WARNING] - Timeout '0' is invalid. Using default page load timeout: '5'

2018-08-09 17:50:36 - [MESSAGE][PASSED] - Element 'Object Repository/ShopOpen/RTMVisitFrequency/Validate_RTMVisitFrequencyRemarks' is exist

2018-08-09 17:50:36 - [MESSAGE][WARNING] - Timeout '0' is invalid. Using default page load timeout: '5'

2018-08-09 17:50:37 - [MESSAGE][PASSED] - Tapped on element 'Object Repository/ShopOpen/RTMVisitFrequency/OnceAWeek'

2018-08-09 17:50:37 - [MESSAGE][PASSED] - com.ct.qa.keywords.RTMVisitFrequencyKeywords.visitRTMVisitFrequency is PASSED

2018-08-09 17:50:37 - [TEST_STEP][PASSED] - tap: Tapped on element 'Object Repository/ShopOpen/RTMVisitFrequency/BackButton'

2018-08-09 17:50:37 - [MESSAGE][WARNING] - Timeout '0' is invalid. Using default page load timeout: '5'

2018-08-09 17:50:38 - [MESSAGE][PASSED] - Tapped on element 'Object Repository/ShopOpen/RTMVisitFrequency/BackButton'

2018-08-09 17:50:38 - [TEST_STEP][PASSED] - verifyElementExist: Element 'Object Repository/ShopOpen/Validate_ShopCategoriesListScreen' is exist

2018-08-09 17:50:38 - [MESSAGE][WARNING] - Timeout '0' is invalid. Using default page load timeout: '5'

2018-08-09 17:50:40 - [MESSAGE][PASSED] - Element 'Object Repository/ShopOpen/Validate_ShopCategoriesListScreen' is exist

2018-08-09 17:50:40 - [MESSAGE][PASSED] - Call Test Case 'Test Cases/ShopOpen/RTMVisitFrequency/VisitRTMVisitFrequency' successfully

2018-08-09 17:50:41 - [MESSAGE][PASSED] - Swiped from 0,293 to 0,200

2018-08-09 17:50:43 - [MESSAGE][PASSED] - Swiped from 0,293 to 0,200

2018-08-09 17:50:45 - [MESSAGE][PASSED] - Swiped from 0,293 to 0,200

2018-08-09 17:50:47 - [MESSAGE][PASSED] - Swiped from 0,293 to 0,200

2018-08-09 17:50:49 - [MESSAGE][PASSED] - Swiped from 0,293 to 0,200

2018-08-09 17:50:52 - [MESSAGE][PASSED] - Swiped from 0,293 to 0,200

2018-08-09 17:50:54 - [TEST_CASE][PASSED] - Test Cases/ShopOpen/POPApplication/OverwritePOPApplication: Test Cases/ShopOpen/POPApplication/OverwritePOPApplication

2018-08-09 17:50:55 - [TEST_STEP][PASSED] - verifyElementText: Actual text and expected text of test object 'Object Repository/ShopOpen/POPApplication/Validate_POPApplicationDetailScreen' are matched.

2018-08-09 17:50:56 - [MESSAGE][PASSED] - Actual text and expected text of test object 'Object Repository/ShopOpen/POPApplication/Validate_POPApplicationDetailScreen' are matched.

2018-08-09 17:50:56 - [TEST_STEP][PASSED] - tap: Tapped on element 'Object Repository/ShopOpen/POPApplication/POPDeployment_No'

2018-08-09 17:50:56 - [MESSAGE][WARNING] - Timeout '0' is invalid. Using default page load timeout: '5'

2018-08-09 17:50:56 - [MESSAGE][PASSED] - Tapped on element 'Object Repository/ShopOpen/POPApplication/POPDeployment_No'

2018-08-09 17:50:56 - [TEST_STEP][PASSED] - pressBack: Press back button successfully

2018-08-09 17:50:57 - [MESSAGE][PASSED] - Press back button successfully

2018-08-09 17:50:57 - [TEST_STEP][PASSED] - verifyElementExist: Element 'Object Repository/ShopOpen/Validate_ShopCategoriesListScreen' is exist

2018-08-09 17:50:57 - [MESSAGE][WARNING] - Timeout '0' is invalid. Using default page load timeout: '5'

2018-08-09 17:50:58 - [MESSAGE][PASSED] - Element 'Object Repository/ShopOpen/Validate_ShopCategoriesListScreen' is exist

2018-08-09 17:50:58 - [MESSAGE][PASSED] - Call Test Case 'Test Cases/ShopOpen/POPApplication/OverwritePOPApplication' successfully

2018-08-09 17:50:59 - [MESSAGE][PASSED] - Swiped from 0,293 to 0,200

2018-08-09 17:51:01 - [MESSAGE][PASSED] - Swiped from 0,293 to 0,200

2018-08-09 17:51:03 - [MESSAGE][PASSED] - Swiped from 0,293 to 0,200

2018-08-09 17:51:06 - [MESSAGE][PASSED] - Swiped from 0,293 to 0,200

2018-08-09 17:51:08 - [MESSAGE][PASSED] - Swiped from 0,293 to 0,200

2018-08-09 17:51:10 - [MESSAGE][PASSED] - Swiped from 0,293 to 0,200

2018-08-09 17:51:13 - [MESSAGE][PASSED] - Swiped from 0,293 to 0,200

2018-08-09 17:51:15 - [TEST_CASE][PASSED] - Test Cases/ShopOpen/RetailerRemarks/VisitRetailerRemarks: Test Cases/ShopOpen/RetailerRemarks/VisitRetailerRemarks

2018-08-09 17:51:16 - [TEST_STEP][PASSED] - verifyElementText: Actual text and expected text of test object 'Object Repository/ShopOpen/RetailerRemarks/Validate_RetailerRemarksScreen' are matched.

2018-08-09 17:51:17 - [MESSAGE][PASSED] - Actual text and expected text of test object 'Object Repository/ShopOpen/RetailerRemarks/Validate_RetailerRemarksScreen' are matched.

2018-08-09 17:51:17 - [TEST_STEP][PASSED] - com.ct.qa.keywords.RetailerRemarksKeywords.visitRetailerRemarks: com.ct.qa.keywords.RetailerRemarksKeywords.visitRetailerRemarks is PASSED

2018-08-09 17:51:18 - [MESSAGE][WARNING] - Timeout '0' is invalid. Using default page load timeout: '5'

2018-08-09 17:51:19 - [MESSAGE][PASSED] - Element 'Object Repository/ShopOpen/RetailerRemarks/OBNotVisiting' is exist

2018-08-09 17:51:19 - [MESSAGE][WARNING] - Timeout '0' is invalid. Using default page load timeout: '5'

2018-08-09 17:51:19 - [MESSAGE][PASSED] - Tapped on element 'Object Repository/ShopOpen/RetailerRemarks/OBNotVisiting'

2018-08-09 17:51:20 - [MESSAGE][PASSED] - Press back button successfully

2018-08-09 17:51:21 - [MESSAGE][PASSED] - Actual text and expected text of test object 'Object Repository/ShopOpen/RetailerRemarks/Validate_RetailerRemarksScreen' are matched.

2018-08-09 17:51:21 - [MESSAGE][WARNING] - Timeout '0' is invalid. Using default page load timeout: '5'

2018-08-09 17:51:22 - [MESSAGE][PASSED] - Element 'Object Repository/ShopOpen/RetailerRemarks/OBNotVisiting' is exist

2018-08-09 17:51:22 - [MESSAGE][WARNING] - Timeout '0' is invalid. Using default page load timeout: '5'

2018-08-09 17:51:23 - [MESSAGE][PASSED] - Tapped on element 'Object Repository/ShopOpen/RetailerRemarks/OBNotVisiting'

2018-08-09 17:51:24 - [MESSAGE][PASSED] - Press back button successfully

2018-08-09 17:51:25 - [MESSAGE][PASSED] - Actual text and expected text of test object 'Object Repository/ShopOpen/RetailerRemarks/Validate_RetailerRemarksScreen' are matched.

2018-08-09 17:51:25 - [MESSAGE][WARNING] - Timeout '0' is invalid. Using default page load timeout: '5'

2018-08-09 17:51:27 - [MESSAGE][PASSED] - Element 'Object Repository/ShopOpen/RetailerRemarks/OBNotVisiting' is exist

2018-08-09 17:51:27 - [MESSAGE][WARNING] - Timeout '0' is invalid. Using default page load timeout: '5'

2018-08-09 17:51:27 - [MESSAGE][PASSED] - Tapped on element 'Object Repository/ShopOpen/RetailerRemarks/OBNotVisiting'

2018-08-09 17:51:28 - [MESSAGE][PASSED] - Press back button successfully

2018-08-09 17:51:29 - [MESSAGE][PASSED] - Actual text and expected text of test object 'Object Repository/ShopOpen/RetailerRemarks/Validate_RetailerRemarksScreen' are matched.

2018-08-09 17:51:29 - [MESSAGE][PASSED] - com.ct.qa.keywords.RetailerRemarksKeywords.visitRetailerRemarks is PASSED

2018-08-09 17:51:29 - [TEST_STEP][PASSED] - tap: Tapped on element 'Object Repository/ShopOpen/RetailerRemarks/BackButton'

2018-08-09 17:51:29 - [MESSAGE][WARNING] - Timeout '0' is invalid. Using default page load timeout: '5'

2018-08-09 17:51:30 - [MESSAGE][PASSED] - Tapped on element 'Object Repository/ShopOpen/RetailerRemarks/BackButton'

2018-08-09 17:51:30 - [TEST_STEP][PASSED] - verifyElementExist: Element 'Object Repository/ShopOpen/Validate_ShopCategoriesListScreen' is exist

2018-08-09 17:51:30 - [MESSAGE][WARNING] - Timeout '0' is invalid. Using default page load timeout: '5'

2018-08-09 17:51:31 - [MESSAGE][PASSED] - Element 'Object Repository/ShopOpen/Validate_ShopCategoriesListScreen' is exist

2018-08-09 17:51:31 - [MESSAGE][PASSED] - Call Test Case 'Test Cases/ShopOpen/RetailerRemarks/VisitRetailerRemarks' successfully

2018-08-09 17:51:32 - [MESSAGE][PASSED] - Swiped from 0,293 to 0,200

2018-08-09 17:51:34 - [MESSAGE][PASSED] - Swiped from 0,293 to 0,200

2018-08-09 17:51:37 - [MESSAGE][PASSED] - Swiped from 0,293 to 0,200

2018-08-09 17:51:39 - [MESSAGE][PASSED] - Swiped from 0,293 to 0,200

2018-08-09 17:51:41 - [MESSAGE][PASSED] - Swiped from 0,293 to 0,200

2018-08-09 17:51:43 - [MESSAGE][PASSED] - Swiped from 0,293 to 0,200

2018-08-09 17:51:46 - [MESSAGE][PASSED] - Swiped from 0,293 to 0,200

2018-08-09 17:51:49 - [MESSAGE][PASSED] - Swiped from 0,293 to 0,200

2018-08-09 17:51:52 - [TEST_CASE][PASSED] - Test Cases/ShopOpen/AdditionalPicture/VisitAdditionalPicture: Test Cases/ShopOpen/AdditionalPicture/VisitAdditionalPicture

2018-08-09 17:51:52 - [TEST_STEP][PASSED] - verifyElementText: Actual text and expected text of test object 'Object Repository/ShopOpen/AdditionalPicture/Validate_AdditionalPictureScreen' are matched.

2018-08-09 17:51:53 - [MESSAGE][PASSED] - Actual text and expected text of test object 'Object Repository/ShopOpen/AdditionalPicture/Validate_AdditionalPictureScreen' are matched.

2018-08-09 17:51:53 - [TEST_STEP][PASSED] - com.ct.qa.keywords.AdditionalPictureKeywords.takeMendatoryImages: com.ct.qa.keywords.AdditionalPictureKeywords.takeMendatoryImages is PASSED

2018-08-09 17:51:54 - [MESSAGE][WARNING] - Timeout '0' is invalid. Using default page load timeout: '5'

2018-08-09 17:51:56 - [MESSAGE][PASSED] - Element 'Object Repository/CommonScreenElements/Validate_CameraScreen' is exist

2018-08-09 17:51:56 - [MESSAGE][WARNING] - Timeout '0' is invalid. Using default page load timeout: '5'

2018-08-09 17:52:00 - [MESSAGE][PASSED] - Tapped on element 'Object Repository/CommonScreenElements/TakePictureButton'

2018-08-09 17:52:05 - [MESSAGE][PASSED] - Delayed 5 second(s)

2018-08-09 17:52:05 - [MESSAGE][WARNING] - Timeout '0' is invalid. Using default page load timeout: '5'

2018-08-09 17:52:05 - [MESSAGE][PASSED] - Tapped on element 'Object Repository/CommonScreenElements/DoneButton'

2018-08-09 17:52:05 - [MESSAGE][PASSED] - com.ct.qa.keywords.AdditionalPictureKeywords.takeMendatoryImages is PASSED

2018-08-09 17:52:05 - [TEST_STEP][PASSED] - pressBack: Press back button successfully

2018-08-09 17:52:06 - [MESSAGE][PASSED] - Press back button successfully

2018-08-09 17:52:06 - [TEST_STEP][PASSED] - verifyElementExist: Element 'Object Repository/ShopOpen/Validate_ShopCategoriesListScreen' is exist

2018-08-09 17:52:06 - [MESSAGE][WARNING] - Timeout '0' is invalid. Using default page load timeout: '5'

2018-08-09 17:52:09 - [MESSAGE][PASSED] - Element 'Object Repository/ShopOpen/Validate_ShopCategoriesListScreen' is exist

2018-08-09 17:52:09 - [MESSAGE][PASSED] - Call Test Case 'Test Cases/ShopOpen/AdditionalPicture/VisitAdditionalPicture' successfully

2018-08-09 17:52:10 - [MESSAGE][PASSED] - Swiped from 0,293 to 0,200

2018-08-09 17:52:12 - [MESSAGE][PASSED] - Swiped from 0,293 to 0,200

2018-08-09 17:52:14 - [MESSAGE][PASSED] - Swiped from 0,293 to 0,200

2018-08-09 17:52:17 - [MESSAGE][PASSED] - Swiped from 0,293 to 0,200

2018-08-09 17:52:19 - [MESSAGE][PASSED] - Swiped from 0,293 to 0,200

2018-08-09 17:52:21 - [MESSAGE][PASSED] - Swiped from 0,293 to 0,200

2018-08-09 17:52:23 - [MESSAGE][PASSED] - Swiped from 0,293 to 0,200

2018-08-09 17:52:26 - [MESSAGE][PASSED] - Swiped from 0,293 to 0,200

2018-08-09 17:52:30 - [MESSAGE][PASSED] - Swiped from 0,293 to 0,200

2018-08-09 17:52:31 - [MESSAGE][PASSED] - com.ct.qa.keywords.CategoryVisitingScenariosKeywords.visitShopCategoriesWithDataVerification is PASSED

2018-08-09 17:52:31 - [MESSAGE][PASSED] - Call Test Case 'Test Cases/ShopOpen/VisitCategoryScenarios/VisitShopCategoriesWithDataVerification' successfully

2018-08-09 17:52:31 - [TEST_CASE][PASSED] - Test Cases/ShopOpen/SaveShop: Test Cases/ShopOpen/SaveShop

2018-08-09 17:52:31 - [TEST_STEP][PASSED] - tap: Tapped on element 'Object Repository/ShopOpen/SubmitButtonToSaveShop'

2018-08-09 17:52:31 - [MESSAGE][WARNING] - Timeout '0' is invalid. Using default page load timeout: '5'

2018-08-09 17:52:32 - [MESSAGE][PASSED] - Tapped on element 'Object Repository/ShopOpen/SubmitButtonToSaveShop'

2018-08-09 17:52:32 - [TEST_STEP][PASSED] - verifyElementExist: Element 'Object Repository/CommonScreenElements/Validate_InfoPopUP' is exist

2018-08-09 17:52:32 - [MESSAGE][WARNING] - Timeout '0' is invalid. Using default page load timeout: '5'

2018-08-09 17:52:33 - [MESSAGE][PASSED] - Element 'Object Repository/CommonScreenElements/Validate_InfoPopUP' is exist

2018-08-09 17:52:33 - [TEST_STEP][PASSED] - tap: Tapped on element 'Object Repository/CommonScreenElements/InfoPopUp_YesButton'

2018-08-09 17:52:33 - [MESSAGE][WARNING] - Timeout '0' is invalid. Using default page load timeout: '5'

2018-08-09 17:52:34 - [MESSAGE][PASSED] - Tapped on element 'Object Repository/CommonScreenElements/InfoPopUp_YesButton'

2018-08-09 17:52:34 - [TEST_STEP][PASSED] - verifyElementText: Actual text and expected text of test object 'Object Repository/Validate_ShopListScreen' are matched.

2018-08-09 17:52:35 - [MESSAGE][PASSED] - Actual text and expected text of test object 'Object Repository/Validate_ShopListScreen' are matched.

2018-08-09 17:52:35 - [MESSAGE][PASSED] - Call Test Case 'Test Cases/ShopOpen/SaveShop' successfully

2018-08-09 17:52:38 - [MESSAGE][PASSED] - Actual text and expected text of test object 'Object Repository/Validate_ShopOptionsScreen' are matched.

2018-08-09 17:52:38 - [MESSAGE][WARNING] - Timeout '0' is invalid. Using default page load timeout: '5'

2018-08-09 17:52:38 - [MESSAGE][PASSED] - Tapped on element 'Object Repository/StartWorking'

2018-08-09 17:52:53 - [MESSAGE][PASSED] - Delayed 15 second(s)

2018-08-09 17:52:54 - [MESSAGE][PASSED] - Element 'Object Repository/CommonScreenElements/Validate_MapScreen' is exist

2018-08-09 17:52:54 - [MESSAGE][WARNING] - Timeout '0' is invalid. Using default page load timeout: '5'

2018-08-09 17:52:55 - [MESSAGE][PASSED] - Tapped on element 'Object Repository/CommonScreenElements/Location_CheckIn'

2018-08-09 17:52:55 - [MESSAGE][WARNING] - Timeout '0' is invalid. Using default page load timeout: '5'

2018-08-09 17:52:56 - [MESSAGE][PASSED] - Element 'Object Repository/CommonScreenElements/Validate_InfoPopUP' is exist

2018-08-09 17:52:56 - [MESSAGE][WARNING] - Timeout '0' is invalid. Using default page load timeout: '5'

2018-08-09 17:52:56 - [MESSAGE][PASSED] - Tapped on element 'Object Repository/CommonScreenElements/InfoPopUp_NoButton'

2018-08-09 17:52:56 - [TEST_CASE][PASSED] - Test Cases/ShopOpen/VisitShopOpen: Test Cases/ShopOpen/VisitShopOpen

2018-08-09 17:52:56 - [TEST_STEP][PASSED] - verifyElementExist: Element 'Object Repository/ShopActions_List' is exist

2018-08-09 17:52:56 - [MESSAGE][WARNING] - Timeout '0' is invalid. Using default page load timeout: '5'

2018-08-09 17:52:57 - [MESSAGE][PASSED] - Element 'Object Repository/ShopActions_List' is exist

2018-08-09 17:52:57 - [TEST_STEP][PASSED] - tap: Tapped on element 'Object Repository/ShopOpen/ShopOpen'

2018-08-09 17:52:57 - [MESSAGE][WARNING] - Timeout '0' is invalid. Using default page load timeout: '5'

2018-08-09 17:53:00 - [MESSAGE][PASSED] - Tapped on element 'Object Repository/ShopOpen/ShopOpen'

2018-08-09 17:53:00 - [TEST_STEP][PASSED] - verifyElementExist: Element 'Object Repository/CommonScreenElements/Validate_CameraScreen' is exist

2018-08-09 17:53:00 - [MESSAGE][WARNING] - Timeout '0' is invalid. Using default page load timeout: '5'

2018-08-09 17:53:01 - [MESSAGE][PASSED] - Element 'Object Repository/CommonScreenElements/Validate_CameraScreen' is exist

2018-08-09 17:53:01 - [TEST_STEP][PASSED] - tap: Tapped on element 'Object Repository/CommonScreenElements/TakePictureButton'

2018-08-09 17:53:01 - [MESSAGE][WARNING] - Timeout '0' is invalid. Using default page load timeout: '5'

2018-08-09 17:53:04 - [MESSAGE][PASSED] - Tapped on element 'Object Repository/CommonScreenElements/TakePictureButton'

2018-08-09 17:53:04 - [TEST_STEP][PASSED] - delay: Delayed 5 second(s)

2018-08-09 17:53:09 - [MESSAGE][PASSED] - Delayed 5 second(s)

2018-08-09 17:53:09 - [TEST_STEP][PASSED] - tap: Tapped on element 'Object Repository/CommonScreenElements/DoneButton'

2018-08-09 17:53:09 - [MESSAGE][WARNING] - Timeout '0' is invalid. Using default page load timeout: '5'

2018-08-09 17:53:10 - [MESSAGE][PASSED] - Tapped on element 'Object Repository/CommonScreenElements/DoneButton'

2018-08-09 17:53:10 - [MESSAGE][PASSED] - Call Test Case 'Test Cases/ShopOpen/VisitShopOpen' successfully

2018-08-09 17:53:10 - [TEST_CASE][PASSED] - Test Cases/ShopOpen/VisitCategoryScenarios/VisitShopCategoriesWithDataVerification: Test Cases/ShopOpen/VisitCategoryScenarios/VisitShopCategoriesWithDataVerification

2018-08-09 17:53:10 - [TEST_STEP][PASSED] - verifyElementExist: Element 'Object Repository/ShopOpen/Validate_ShopCategoriesListScreen' is exist

2018-08-09 17:53:10 - [MESSAGE][WARNING] - Timeout '0' is invalid. Using default page load timeout: '5'

2018-08-09 17:53:12 - [MESSAGE][PASSED] - Element 'Object Repository/ShopOpen/Validate_ShopCategoriesListScreen' is exist

2018-08-09 17:53:12 - [TEST_STEP][PASSED] - com.ct.qa.keywords.CategoryVisitingScenariosKeywords.visitShopCategoriesWithDataVerification: com.ct.qa.keywords.CategoryVisitingScenariosKeywords.visitShopCategoriesWithDataVerification is PASSED

2018-08-09 17:53:17 - [MESSAGE][PASSED] - Swiped from 0,293 to 0,200

2018-08-09 17:53:20 - [MESSAGE][PASSED] - Swiped from 0,293 to 0,200

2018-08-09 17:53:24 - [MESSAGE][PASSED] - Swiped from 0,293 to 0,200

2018-08-09 17:53:27 - [MESSAGE][PASSED] - Swiped from 0,293 to 0,200

2018-08-09 17:53:30 - [MESSAGE][PASSED] - Swiped from 0,293 to 0,200

2018-08-09 17:53:33 - [MESSAGE][PASSED] - Swiped from 0,293 to 0,200

2018-08-09 17:53:36 - [MESSAGE][PASSED] - Swiped from 0,293 to 0,200

2018-08-09 17:53:40 - [MESSAGE][PASSED] - Swiped from 0,293 to 0,200

2018-08-09 17:53:43 - [MESSAGE][PASSED] - Swiped from 0,293 to 0,200

2018-08-09 17:53:46 - [MESSAGE][PASSED] - Swiped from 0,200 to 0,750

2018-08-09 17:53:47 - [MESSAGE][PASSED] - Swiped from 0,200 to 0,750

2018-08-09 17:53:49 - [TEST_CASE][PASSED] - Test Cases/ShopOpen/ChillerUtilization/VisitChillerScenarios/VisitChillerUtilizationWithDataVerification: Test Cases/ShopOpen/ChillerUtilization/VisitChillerScenarios/VisitChillerUtilizationWithDataVerification

2018-08-09 17:53:49 - [TEST_STEP][PASSED] - verifyElementText: Actual text and expected text of test object 'Object Repository/ShopOpen/ChillerUtilization/Validate_ChillerUtilizationScreen' are matched.

2018-08-09 17:53:51 - [MESSAGE][PASSED] - Actual text and expected text of test object 'Object Repository/ShopOpen/ChillerUtilization/Validate_ChillerUtilizationScreen' are matched.

2018-08-09 17:53:51 - [TEST_STEP][PASSED] - com.ct.qa.keywords.ChillerVisitingScenariosKeywords.visitChillersTaggedInChillerUtilizationWithDataVerification: com.ct.qa.keywords.ChillerVisitingScenariosKeywords.visitChillersTaggedInChillerUtilizationWithDataVerification is PASSED

2018-08-09 17:53:53 - [MESSAGE][WARNING] - Timeout '0' is invalid. Using default page load timeout: '5'

2018-08-09 17:53:54 - [MESSAGE][PASSED] - Element 'Object Repository/CommonScreenElements/Validate_CameraScreen' is exist

2018-08-09 17:53:54 - [MESSAGE][WARNING] - Timeout '0' is invalid. Using default page load timeout: '5'

2018-08-09 17:53:58 - [MESSAGE][PASSED] - Tapped on element 'Object Repository/CommonScreenElements/TakePictureButton'

2018-08-09 17:54:03 - [MESSAGE][PASSED] - Delayed 5 second(s)

2018-08-09 17:54:03 - [MESSAGE][WARNING] - Timeout '0' is invalid. Using default page load timeout: '5'

2018-08-09 17:54:03 - [MESSAGE][PASSED] - Tapped on element 'Object Repository/CommonScreenElements/DoneButton'

2018-08-09 17:54:06 - [TEST_CASE][PASSED] - Test Cases/ShopOpen/ChillerUtilization/ChillerNotAvailable/VisitChillerNotAvailable: Test Cases/ShopOpen/ChillerUtilization/ChillerNotAvailable/VisitChillerNotAvailable

2018-08-09 17:54:07 - [TEST_STEP][PASSED] - verifyElementText: Actual text and expected text of test object 'Object Repository/ShopOpen/ChillerUtilization/ChillerNotAvailable/Validate_ChillerNotAvailableScreen' are matched.

2018-08-09 17:54:09 - [MESSAGE][PASSED] - Actual text and expected text of test object 'Object Repository/ShopOpen/ChillerUtilization/ChillerNotAvailable/Validate_ChillerNotAvailableScreen' are matched.

2018-08-09 17:54:09 - [TEST_STEP][PASSED] - com.ct.qa.keywords.ChillerProductsDataKeywords.visitChillerNotAvailableProductCategories: com.ct.qa.keywords.ChillerProductsDataKeywords.visitChillerNotAvailableProductCategories is PASSED

2018-08-09 17:54:13 - [TEST_CASE][PASSED] - Test Cases/ShopOpen/ChillerUtilization/ChillerNotAvailable/VisitProductCategoryAssets: Test Cases/ShopOpen/ChillerUtilization/ChillerNotAvailable/VisitProductCategoryAssets

2018-08-09 17:54:14 - [TEST_STEP][PASSED] - verifyElementText: Actual text and expected text of test object 'Object Repository/ShopOpen/ChillerUtilization/ChillerNotAvailable/Validate_ProductCategoryAssetScreen' are matched.

2018-08-09 17:54:15 - [MESSAGE][PASSED] - Actual text and expected text of test object 'Object Repository/ShopOpen/ChillerUtilization/ChillerNotAvailable/Validate_ProductCategoryAssetScreen' are matched.

2018-08-09 17:54:15 - [TEST_STEP][PASSED] - tap: Tapped on element 'Object Repository/ShopOpen/ChillerUtilization/ChillerNotAvailable/Facing'

2018-08-09 17:54:15 - [MESSAGE][WARNING] - Timeout '0' is invalid. Using default page load timeout: '5'

2018-08-09 17:54:15 - [MESSAGE][PASSED] - Tapped on element 'Object Repository/ShopOpen/ChillerUtilization/ChillerNotAvailable/Facing'

2018-08-09 17:54:15 - [TEST_STEP][PASSED] - verifyElementText: Actual text and expected text of test object 'Object Repository/ShopOpen/ChillerUtilization/ChillerNotAvailable/Validate_FacingScreen' are matched.

2018-08-09 17:54:17 - [MESSAGE][PASSED] - Actual text and expected text of test object 'Object Repository/ShopOpen/ChillerUtilization/ChillerNotAvailable/Validate_FacingScreen' are matched.

2018-08-09 17:54:17 - [TEST_STEP][PASSED] - com.ct.qa.keywords.ChillerProductsDataKeywords.VisitChillerNotAvailableProductsData: com.ct.qa.keywords.ChillerProductsDataKeywords.VisitChillerNotAvailableProductsData is PASSED

2018-08-09 17:54:21 - [MESSAGE][PASSED] - Keyboard is hidden

2018-08-09 17:54:24 - [MESSAGE][PASSED] - Keyboard is hidden

2018-08-09 17:54:27 - [MESSAGE][PASSED] - Keyboard is hidden

2018-08-09 17:54:30 - [MESSAGE][PASSED] - Keyboard is hidden

2018-08-09 17:54:30 - [MESSAGE][PASSED] - com.ct.qa.keywords.ChillerProductsDataKeywords.VisitChillerNotAvailableProductsData is PASSED

2018-08-09 17:54:30 - [TEST_STEP][PASSED] - tap: Tapped on element 'Object Repository/ShopOpen/ChillerUtilization/ChillerNotAvailable/SubmitButton'

2018-08-09 17:54:30 - [MESSAGE][WARNING] - Timeout '0' is invalid. Using default page load timeout: '5'

2018-08-09 17:54:31 - [MESSAGE][PASSED] - Tapped on element 'Object Repository/ShopOpen/ChillerUtilization/ChillerNotAvailable/SubmitButton'

2018-08-09 17:54:31 - [TEST_STEP][PASSED] - verifyElementText: Actual text and expected text of test object 'Object Repository/ShopOpen/ChillerUtilization/ChillerNotAvailable/Validate_ProductCategoryAssetScreen' are matched.

2018-08-09 17:54:32 - [MESSAGE][PASSED] - Actual text and expected text of test object 'Object Repository/ShopOpen/ChillerUtilization/ChillerNotAvailable/Validate_ProductCategoryAssetScreen' are matched.

2018-08-09 17:54:32 - [TEST_STEP][PASSED] - tap: Tapped on element 'Object Repository/ShopOpen/ChillerUtilization/ChillerNotAvailable/StockTaking'

2018-08-09 17:54:32 - [MESSAGE][WARNING] - Timeout '0' is invalid. Using default page load timeout: '5'

2018-08-09 17:54:32 - [MESSAGE][PASSED] - Tapped on element 'Object Repository/ShopOpen/ChillerUtilization/ChillerNotAvailable/StockTaking'

2018-08-09 17:54:32 - [TEST_STEP][PASSED] - verifyElementText: Actual text and expected text of test object 'Object Repository/ShopOpen/ChillerUtilization/ChillerNotAvailable/Validate_StockTakingScreen' are matched.

2018-08-09 17:54:34 - [MESSAGE][PASSED] - Actual text and expected text of test object 'Object Repository/ShopOpen/ChillerUtilization/ChillerNotAvailable/Validate_StockTakingScreen' are matched.

2018-08-09 17:54:34 - [TEST_STEP][PASSED] - com.ct.qa.keywords.ChillerProductsDataKeywords.VisitChillerNotAvailableProductsData: com.ct.qa.keywords.ChillerProductsDataKeywords.VisitChillerNotAvailableProductsData is PASSED

2018-08-09 17:54:38 - [MESSAGE][PASSED] - Keyboard is hidden

2018-08-09 17:54:41 - [MESSAGE][PASSED] - Keyboard is hidden

2018-08-09 17:54:44 - [MESSAGE][PASSED] - Keyboard is hidden

2018-08-09 17:54:47 - [MESSAGE][PASSED] - Keyboard is hidden

2018-08-09 17:54:47 - [MESSAGE][PASSED] - com.ct.qa.keywords.ChillerProductsDataKeywords.VisitChillerNotAvailableProductsData is PASSED

2018-08-09 17:54:47 - [TEST_STEP][PASSED] - tap: Tapped on element 'Object Repository/ShopOpen/ChillerUtilization/ChillerNotAvailable/SubmitButton'

2018-08-09 17:54:47 - [MESSAGE][WARNING] - Timeout '0' is invalid. Using default page load timeout: '5'

2018-08-09 17:54:48 - [MESSAGE][PASSED] - Tapped on element 'Object Repository/ShopOpen/ChillerUtilization/ChillerNotAvailable/SubmitButton'

2018-08-09 17:54:48 - [TEST_STEP][PASSED] - verifyElementText: Actual text and expected text of test object 'Object Repository/ShopOpen/ChillerUtilization/ChillerNotAvailable/Validate_ProductCategoryAssetScreen' are matched.

2018-08-09 17:54:49 - [MESSAGE][PASSED] - Actual text and expected text of test object 'Object Repository/ShopOpen/ChillerUtilization/ChillerNotAvailable/Validate_ProductCategoryAssetScreen' are matched.

2018-08-09 17:54:49 - [TEST_STEP][PASSED] - tap: Tapped on element 'Object Repository/ShopOpen/ChillerUtilization/ChillerNotAvailable/ProductCategory_BackButton'

2018-08-09 17:54:49 - [MESSAGE][WARNING] - Timeout '0' is invalid. Using default page load timeout: '5'

2018-08-09 17:54:49 - [MESSAGE][PASSED] - Tapped on element 'Object Repository/ShopOpen/ChillerUtilization/ChillerNotAvailable/ProductCategory_BackButton'

2018-08-09 17:54:49 - [TEST_STEP][PASSED] - verifyElementText: Actual text and expected text of test object 'Object Repository/ShopOpen/ChillerUtilization/ChillerNotAvailable/Validate_ChillerNotAvailableScreen' are matched.

2018-08-09 17:54:50 - [MESSAGE][PASSED] - Actual text and expected text of test object 'Object Repository/ShopOpen/ChillerUtilization/ChillerNotAvailable/Validate_ChillerNotAvailableScreen' are matched.

2018-08-09 17:54:50 - [MESSAGE][PASSED] - Call Test Case 'Test Cases/ShopOpen/ChillerUtilization/ChillerNotAvailable/VisitProductCategoryAssets' successfully

2018-08-09 17:54:51 - [TEST_CASE][PASSED] - Test Cases/ShopOpen/ChillerUtilization/ChillerNotAvailable/VisitProductCategoryAssets: Test Cases/ShopOpen/ChillerUtilization/ChillerNotAvailable/VisitProductCategoryAssets

2018-08-09 17:54:51 - [TEST_STEP][PASSED] - verifyElementText: Actual text and expected text of test object 'Object Repository/ShopOpen/ChillerUtilization/ChillerNotAvailable/Validate_ProductCategoryAssetScreen' are matched.

2018-08-09 17:54:54 - [MESSAGE][PASSED] - Actual text and expected text of test object 'Object Repository/ShopOpen/ChillerUtilization/ChillerNotAvailable/Validate_ProductCategoryAssetScreen' are matched.

2018-08-09 17:54:54 - [TEST_STEP][PASSED] - tap: Tapped on element 'Object Repository/ShopOpen/ChillerUtilization/ChillerNotAvailable/Facing'

2018-08-09 17:54:54 - [MESSAGE][WARNING] - Timeout '0' is invalid. Using default page load timeout: '5'

2018-08-09 17:54:54 - [MESSAGE][PASSED] - Tapped on element 'Object Repository/ShopOpen/ChillerUtilization/ChillerNotAvailable/Facing'

2018-08-09 17:54:54 - [TEST_STEP][PASSED] - verifyElementText: Actual text and expected text of test object 'Object Repository/ShopOpen/ChillerUtilization/ChillerNotAvailable/Validate_FacingScreen' are matched.

2018-08-09 17:54:57 - [MESSAGE][PASSED] - Actual text and expected text of test object 'Object Repository/ShopOpen/ChillerUtilization/ChillerNotAvailable/Validate_FacingScreen' are matched.

2018-08-09 17:54:57 - [TEST_STEP][PASSED] - com.ct.qa.keywords.ChillerProductsDataKeywords.VisitChillerNotAvailableProductsData: com.ct.qa.keywords.ChillerProductsDataKeywords.VisitChillerNotAvailableProductsData is PASSED

2018-08-09 17:55:00 - [MESSAGE][PASSED] - Keyboard is hidden

2018-08-09 17:55:00 - [MESSAGE][PASSED] - com.ct.qa.keywords.ChillerProductsDataKeywords.VisitChillerNotAvailableProductsData is PASSED

2018-08-09 17:55:00 - [TEST_STEP][PASSED] - tap: Tapped on element 'Object Repository/ShopOpen/ChillerUtilization/ChillerNotAvailable/SubmitButton'

2018-08-09 17:55:00 - [MESSAGE][WARNING] - Timeout '0' is invalid. Using default page load timeout: '5'

2018-08-09 17:55:01 - [MESSAGE][PASSED] - Tapped on element 'Object Repository/ShopOpen/ChillerUtilization/ChillerNotAvailable/SubmitButton'

2018-08-09 17:55:01 - [TEST_STEP][PASSED] - verifyElementText: Actual text and expected text of test object 'Object Repository/ShopOpen/ChillerUtilization/ChillerNotAvailable/Validate_ProductCategoryAssetScreen' are matched.

2018-08-09 17:55:02 - [MESSAGE][PASSED] - Actual text and expected text of test object 'Object Repository/ShopOpen/ChillerUtilization/ChillerNotAvailable/Validate_ProductCategoryAssetScreen' are matched.

2018-08-09 17:55:02 - [TEST_STEP][PASSED] - tap: Tapped on element 'Object Repository/ShopOpen/ChillerUtilization/ChillerNotAvailable/StockTaking'

2018-08-09 17:55:02 - [MESSAGE][WARNING] - Timeout '0' is invalid. Using default page load timeout: '5'

2018-08-09 17:55:02 - [MESSAGE][PASSED] - Tapped on element 'Object Repository/ShopOpen/ChillerUtilization/ChillerNotAvailable/StockTaking'

2018-08-09 17:55:02 - [TEST_STEP][PASSED] - verifyElementText: Actual text and expected text of test object 'Object Repository/ShopOpen/ChillerUtilization/ChillerNotAvailable/Validate_StockTakingScreen' are matched.

2018-08-09 17:55:04 - [MESSAGE][PASSED] - Actual text and expected text of test object 'Object Repository/ShopOpen/ChillerUtilization/ChillerNotAvailable/Validate_StockTakingScreen' are matched.

2018-08-09 17:55:04 - [TEST_STEP][PASSED] - com.ct.qa.keywords.ChillerProductsDataKeywords.VisitChillerNotAvailableProductsData: com.ct.qa.keywords.ChillerProductsDataKeywords.VisitChillerNotAvailableProductsData is PASSED

2018-08-09 17:55:07 - [MESSAGE][PASSED] - Keyboard is hidden

2018-08-09 17:55:07 - [MESSAGE][PASSED] - com.ct.qa.keywords.ChillerProductsDataKeywords.VisitChillerNotAvailableProductsData is PASSED

2018-08-09 17:55:07 - [TEST_STEP][PASSED] - tap: Tapped on element 'Object Repository/ShopOpen/ChillerUtilization/ChillerNotAvailable/SubmitButton'

2018-08-09 17:55:07 - [MESSAGE][WARNING] - Timeout '0' is invalid. Using default page load timeout: '5'

2018-08-09 17:55:08 - [MESSAGE][PASSED] - Tapped on element 'Object Repository/ShopOpen/ChillerUtilization/ChillerNotAvailable/SubmitButton'

2018-08-09 17:55:08 - [TEST_STEP][PASSED] - verifyElementText: Actual text and expected text of test object 'Object Repository/ShopOpen/ChillerUtilization/ChillerNotAvailable/Validate_ProductCategoryAssetScreen' are matched.

2018-08-09 17:55:09 - [MESSAGE][PASSED] - Actual text and expected text of test object 'Object Repository/ShopOpen/ChillerUtilization/ChillerNotAvailable/Validate_ProductCategoryAssetScreen' are matched.

2018-08-09 17:55:09 - [TEST_STEP][PASSED] - tap: Tapped on element 'Object Repository/ShopOpen/ChillerUtilization/ChillerNotAvailable/ProductCategory_BackButton'

2018-08-09 17:55:09 - [MESSAGE][WARNING] - Timeout '0' is invalid. Using default page load timeout: '5'

2018-08-09 17:55:09 - [MESSAGE][PASSED] - Tapped on element 'Object Repository/ShopOpen/ChillerUtilization/ChillerNotAvailable/ProductCategory_BackButton'

2018-08-09 17:55:09 - [TEST_STEP][PASSED] - verifyElementText: Actual text and expected text of test object 'Object Repository/ShopOpen/ChillerUtilization/ChillerNotAvailable/Validate_ChillerNotAvailableScreen' are matched.

2018-08-09 17:55:11 - [MESSAGE][PASSED] - Actual text and expected text of test object 'Object Repository/ShopOpen/ChillerUtilization/ChillerNotAvailable/Validate_ChillerNotAvailableScreen' are matched.

2018-08-09 17:55:11 - [MESSAGE][PASSED] - Call Test Case 'Test Cases/ShopOpen/ChillerUtilization/ChillerNotAvailable/VisitProductCategoryAssets' successfully

2018-08-09 17:55:11 - [TEST_CASE][PASSED] - Test Cases/ShopOpen/ChillerUtilization/ChillerNotAvailable/VisitProductCategoryAssets: Test Cases/ShopOpen/ChillerUtilization/ChillerNotAvailable/VisitProductCategoryAssets

2018-08-09 17:55:11 - [TEST_STEP][PASSED] - verifyElementText: Actual text and expected text of test object 'Object Repository/ShopOpen/ChillerUtilization/ChillerNotAvailable/Validate_ProductCategoryAssetScreen' are matched.

2018-08-09 17:55:14 - [MESSAGE][PASSED] - Actual text and expected text of test object 'Object Repository/ShopOpen/ChillerUtilization/ChillerNotAvailable/Validate_ProductCategoryAssetScreen' are matched.

2018-08-09 17:55:14 - [TEST_STEP][PASSED] - tap: Tapped on element 'Object Repository/ShopOpen/ChillerUtilization/ChillerNotAvailable/Facing'

2018-08-09 17:55:14 - [MESSAGE][WARNING] - Timeout '0' is invalid. Using default page load timeout: '5'

2018-08-09 17:55:14 - [MESSAGE][PASSED] - Tapped on element 'Object Repository/ShopOpen/ChillerUtilization/ChillerNotAvailable/Facing'

2018-08-09 17:55:14 - [TEST_STEP][PASSED] - verifyElementText: Actual text and expected text of test object 'Object Repository/ShopOpen/ChillerUtilization/ChillerNotAvailable/Validate_FacingScreen' are matched.

2018-08-09 17:55:16 - [MESSAGE][PASSED] - Actual text and expected text of test object 'Object Repository/ShopOpen/ChillerUtilization/ChillerNotAvailable/Validate_FacingScreen' are matched.

2018-08-09 17:55:16 - [TEST_STEP][PASSED] - com.ct.qa.keywords.ChillerProductsDataKeywords.VisitChillerNotAvailableProductsData: com.ct.qa.keywords.ChillerProductsDataKeywords.VisitChillerNotAvailableProductsData is PASSED

2018-08-09 17:55:20 - [MESSAGE][PASSED] - Keyboard is hidden

2018-08-09 17:55:23 - [MESSAGE][PASSED] - Keyboard is hidden

2018-08-09 17:55:26 - [MESSAGE][PASSED] - Keyboard is hidden

2018-08-09 17:55:29 - [MESSAGE][PASSED] - Keyboard is hidden

2018-08-09 17:55:32 - [MESSAGE][PASSED] - Keyboard is hidden

2018-08-09 17:55:35 - [MESSAGE][PASSED] - Keyboard is hidden

2018-08-09 17:55:37 - [MESSAGE][PASSED] - Swiped from 65,359 to 65,250

2018-08-09 17:55:38 - [MESSAGE][PASSED] - com.ct.qa.keywords.ChillerProductsDataKeywords.VisitChillerNotAvailableProductsData is PASSED

2018-08-09 17:55:38 - [TEST_STEP][PASSED] - tap: Tapped on element 'Object Repository/ShopOpen/ChillerUtilization/ChillerNotAvailable/SubmitButton'

2018-08-09 17:55:38 - [MESSAGE][WARNING] - Timeout '0' is invalid. Using default page load timeout: '5'

2018-08-09 17:55:38 - [MESSAGE][PASSED] - Tapped on element 'Object Repository/ShopOpen/ChillerUtilization/ChillerNotAvailable/SubmitButton'

2018-08-09 17:55:38 - [TEST_STEP][PASSED] - verifyElementText: Actual text and expected text of test object 'Object Repository/ShopOpen/ChillerUtilization/ChillerNotAvailable/Validate_ProductCategoryAssetScreen' are matched.

2018-08-09 17:55:39 - [MESSAGE][PASSED] - Actual text and expected text of test object 'Object Repository/ShopOpen/ChillerUtilization/ChillerNotAvailable/Validate_ProductCategoryAssetScreen' are matched.

2018-08-09 17:55:39 - [TEST_STEP][PASSED] - tap: Tapped on element 'Object Repository/ShopOpen/ChillerUtilization/ChillerNotAvailable/StockTaking'

2018-08-09 17:55:39 - [MESSAGE][WARNING] - Timeout '0' is invalid. Using default page load timeout: '5'

2018-08-09 17:55:39 - [MESSAGE][PASSED] - Tapped on element 'Object Repository/ShopOpen/ChillerUtilization/ChillerNotAvailable/StockTaking'

2018-08-09 17:55:39 - [TEST_STEP][PASSED] - verifyElementText: Actual text and expected text of test object 'Object Repository/ShopOpen/ChillerUtilization/ChillerNotAvailable/Validate_StockTakingScreen' are matched.

2018-08-09 17:55:41 - [MESSAGE][PASSED] - Actual text and expected text of test object 'Object Repository/ShopOpen/ChillerUtilization/ChillerNotAvailable/Validate_StockTakingScreen' are matched.

2018-08-09 17:55:41 - [TEST_STEP][PASSED] - com.ct.qa.keywords.ChillerProductsDataKeywords.VisitChillerNotAvailableProductsData: com.ct.qa.keywords.ChillerProductsDataKeywords.VisitChillerNotAvailableProductsData is PASSED

2018-08-09 17:55:45 - [MESSAGE][PASSED] - Keyboard is hidden

2018-08-09 17:55:48 - [MESSAGE][PASSED] - Keyboard is hidden

2018-08-09 17:55:51 - [MESSAGE][PASSED] - Keyboard is hidden

2018-08-09 17:55:54 - [MESSAGE][PASSED] - Keyboard is hidden

2018-08-09 17:55:57 - [MESSAGE][PASSED] - Keyboard is hidden

2018-08-09 17:56:00 - [MESSAGE][PASSED] - Keyboard is hidden

2018-08-09 17:56:02 - [MESSAGE][PASSED] - Swiped from 65,359 to 65,250

2018-08-09 17:56:03 - [MESSAGE][PASSED] - com.ct.qa.keywords.ChillerProductsDataKeywords.VisitChillerNotAvailableProductsData is PASSED

2018-08-09 17:56:03 - [TEST_STEP][PASSED] - tap: Tapped on element 'Object Repository/ShopOpen/ChillerUtilization/ChillerNotAvailable/SubmitButton'

2018-08-09 17:56:03 - [MESSAGE][WARNING] - Timeout '0' is invalid. Using default page load timeout: '5'

2018-08-09 17:56:03 - [MESSAGE][PASSED] - Tapped on element 'Object Repository/ShopOpen/ChillerUtilization/ChillerNotAvailable/SubmitButton'

2018-08-09 17:56:03 - [TEST_STEP][PASSED] - verifyElementText: Actual text and expected text of test object 'Object Repository/ShopOpen/ChillerUtilization/ChillerNotAvailable/Validate_ProductCategoryAssetScreen' are matched.

2018-08-09 17:56:04 - [MESSAGE][PASSED] - Actual text and expected text of test object 'Object Repository/ShopOpen/ChillerUtilization/ChillerNotAvailable/Validate_ProductCategoryAssetScreen' are matched.

2018-08-09 17:56:04 - [TEST_STEP][PASSED] - tap: Tapped on element 'Object Repository/ShopOpen/ChillerUtilization/ChillerNotAvailable/ProductCategory_BackButton'

2018-08-09 17:56:04 - [MESSAGE][WARNING] - Timeout '0' is invalid. Using default page load timeout: '5'

2018-08-09 17:56:05 - [MESSAGE][PASSED] - Tapped on element 'Object Repository/ShopOpen/ChillerUtilization/ChillerNotAvailable/ProductCategory_BackButton'

2018-08-09 17:56:05 - [TEST_STEP][PASSED] - verifyElementText: Actual text and expected text of test object 'Object Repository/ShopOpen/ChillerUtilization/ChillerNotAvailable/Validate_ChillerNotAvailableScreen' are matched.

2018-08-09 17:56:06 - [MESSAGE][PASSED] - Actual text and expected text of test object 'Object Repository/ShopOpen/ChillerUtilization/ChillerNotAvailable/Validate_ChillerNotAvailableScreen' are matched.

2018-08-09 17:56:06 - [MESSAGE][PASSED] - Call Test Case 'Test Cases/ShopOpen/ChillerUtilization/ChillerNotAvailable/VisitProductCategoryAssets' successfully

2018-08-09 17:56:06 - [TEST_CASE][PASSED] - Test Cases/ShopOpen/ChillerUtilization/ChillerNotAvailable/VisitProductCategoryAssets: Test Cases/ShopOpen/ChillerUtilization/ChillerNotAvailable/VisitProductCategoryAssets

2018-08-09 17:56:06 - [TEST_STEP][PASSED] - verifyElementText: Actual text and expected text of test object 'Object Repository/ShopOpen/ChillerUtilization/ChillerNotAvailable/Validate_ProductCategoryAssetScreen' are matched.

2018-08-09 17:56:09 - [MESSAGE][PASSED] - Actual text and expected text of test object 'Object Repository/ShopOpen/ChillerUtilization/ChillerNotAvailable/Validate_ProductCategoryAssetScreen' are matched.

2018-08-09 17:56:09 - [TEST_STEP][PASSED] - tap: Tapped on element 'Object Repository/ShopOpen/ChillerUtilization/ChillerNotAvailable/Facing'

2018-08-09 17:56:09 - [MESSAGE][WARNING] - Timeout '0' is invalid. Using default page load timeout: '5'

2018-08-09 17:56:09 - [MESSAGE][PASSED] - Tapped on element 'Object Repository/ShopOpen/ChillerUtilization/ChillerNotAvailable/Facing'

2018-08-09 17:56:09 - [TEST_STEP][PASSED] - verifyElementText: Actual text and expected text of test object 'Object Repository/ShopOpen/ChillerUtilization/ChillerNotAvailable/Validate_FacingScreen' are matched.

2018-08-09 17:56:11 - [MESSAGE][PASSED] - Actual text and expected text of test object 'Object Repository/ShopOpen/ChillerUtilization/ChillerNotAvailable/Validate_FacingScreen' are matched.

2018-08-09 17:56:11 - [TEST_STEP][PASSED] - com.ct.qa.keywords.ChillerProductsDataKeywords.VisitChillerNotAvailableProductsData: com.ct.qa.keywords.ChillerProductsDataKeywords.VisitChillerNotAvailableProductsData is PASSED

2018-08-09 17:56:14 - [MESSAGE][PASSED] - Keyboard is hidden

2018-08-09 17:56:17 - [MESSAGE][PASSED] - Keyboard is hidden

2018-08-09 17:56:17 - [MESSAGE][PASSED] - com.ct.qa.keywords.ChillerProductsDataKeywords.VisitChillerNotAvailableProductsData is PASSED

2018-08-09 17:56:17 - [TEST_STEP][PASSED] - tap: Tapped on element 'Object Repository/ShopOpen/ChillerUtilization/ChillerNotAvailable/SubmitButton'

2018-08-09 17:56:17 - [MESSAGE][WARNING] - Timeout '0' is invalid. Using default page load timeout: '5'

2018-08-09 17:56:18 - [MESSAGE][PASSED] - Tapped on element 'Object Repository/ShopOpen/ChillerUtilization/ChillerNotAvailable/SubmitButton'

2018-08-09 17:56:18 - [TEST_STEP][PASSED] - verifyElementText: Actual text and expected text of test object 'Object Repository/ShopOpen/ChillerUtilization/ChillerNotAvailable/Validate_ProductCategoryAssetScreen' are matched.

2018-08-09 17:56:19 - [MESSAGE][PASSED] - Actual text and expected text of test object 'Object Repository/ShopOpen/ChillerUtilization/ChillerNotAvailable/Validate_ProductCategoryAssetScreen' are matched.

2018-08-09 17:56:19 - [TEST_STEP][PASSED] - tap: Tapped on element 'Object Repository/ShopOpen/ChillerUtilization/ChillerNotAvailable/StockTaking'

2018-08-09 17:56:19 - [MESSAGE][WARNING] - Timeout '0' is invalid. Using default page load timeout: '5'

2018-08-09 17:56:19 - [MESSAGE][PASSED] - Tapped on element 'Object Repository/ShopOpen/ChillerUtilization/ChillerNotAvailable/StockTaking'

2018-08-09 17:56:19 - [TEST_STEP][PASSED] - verifyElementText: Actual text and expected text of test object 'Object Repository/ShopOpen/ChillerUtilization/ChillerNotAvailable/Validate_StockTakingScreen' are matched.

2018-08-09 17:56:22 - [MESSAGE][PASSED] - Actual text and expected text of test object 'Object Repository/ShopOpen/ChillerUtilization/ChillerNotAvailable/Validate_StockTakingScreen' are matched.

2018-08-09 17:56:22 - [TEST_STEP][PASSED] - com.ct.qa.keywords.ChillerProductsDataKeywords.VisitChillerNotAvailableProductsData: com.ct.qa.keywords.ChillerProductsDataKeywords.VisitChillerNotAvailableProductsData is PASSED

2018-08-09 17:56:25 - [MESSAGE][PASSED] - Keyboard is hidden

2018-08-09 17:56:28 - [MESSAGE][PASSED] - Keyboard is hidden

2018-08-09 17:56:28 - [MESSAGE][PASSED] - com.ct.qa.keywords.ChillerProductsDataKeywords.VisitChillerNotAvailableProductsData is PASSED

2018-08-09 17:56:28 - [TEST_STEP][PASSED] - tap: Tapped on element 'Object Repository/ShopOpen/ChillerUtilization/ChillerNotAvailable/SubmitButton'

2018-08-09 17:56:28 - [MESSAGE][WARNING] - Timeout '0' is invalid. Using default page load timeout: '5'

2018-08-09 17:56:29 - [MESSAGE][PASSED] - Tapped on element 'Object Repository/ShopOpen/ChillerUtilization/ChillerNotAvailable/SubmitButton'

2018-08-09 17:56:29 - [TEST_STEP][PASSED] - verifyElementText: Actual text and expected text of test object 'Object Repository/ShopOpen/ChillerUtilization/ChillerNotAvailable/Validate_ProductCategoryAssetScreen' are matched.

2018-08-09 17:56:30 - [MESSAGE][PASSED] - Actual text and expected text of test object 'Object Repository/ShopOpen/ChillerUtilization/ChillerNotAvailable/Validate_ProductCategoryAssetScreen' are matched.

2018-08-09 17:56:30 - [TEST_STEP][PASSED] - tap: Tapped on element 'Object Repository/ShopOpen/ChillerUtilization/ChillerNotAvailable/ProductCategory_BackButton'

2018-08-09 17:56:30 - [MESSAGE][WARNING] - Timeout '0' is invalid. Using default page load timeout: '5'

2018-08-09 17:56:30 - [MESSAGE][PASSED] - Tapped on element 'Object Repository/ShopOpen/ChillerUtilization/ChillerNotAvailable/ProductCategory_BackButton'

2018-08-09 17:56:30 - [TEST_STEP][PASSED] - verifyElementText: Actual text and expected text of test object 'Object Repository/ShopOpen/ChillerUtilization/ChillerNotAvailable/Validate_ChillerNotAvailableScreen' are matched.

2018-08-09 17:56:32 - [MESSAGE][PASSED] - Actual text and expected text of test object 'Object Repository/ShopOpen/ChillerUtilization/ChillerNotAvailable/Validate_ChillerNotAvailableScreen' are matched.

2018-08-09 17:56:32 - [MESSAGE][PASSED] - Call Test Case 'Test Cases/ShopOpen/ChillerUtilization/ChillerNotAvailable/VisitProductCategoryAssets' successfully

2018-08-09 17:56:32 - [MESSAGE][PASSED] - com.ct.qa.keywords.ChillerProductsDataKeywords.visitChillerNotAvailableProductCategories is PASSED

2018-08-09 17:56:32 - [TEST_STEP][PASSED] - tap: Tapped on element 'Object Repository/ShopOpen/ChillerUtilization/ChillerNotAvailable/Planogram_ImageView'

2018-08-09 17:56:32 - [MESSAGE][WARNING] - Timeout '0' is invalid. Using default page load timeout: '5'

2018-08-09 17:56:32 - [MESSAGE][PASSED] - Tapped on element 'Object Repository/ShopOpen/ChillerUtilization/ChillerNotAvailable/Planogram_ImageView'

2018-08-09 17:56:32 - [TEST_STEP][PASSED] - com.ct.qa.keywords.CommonKeywords.checkPlanogramAvailability: com.ct.qa.keywords.CommonKeywords.checkPlanogramAvailability is PASSED

2018-08-09 17:56:32 - [MESSAGE][WARNING] - Timeout '0' is invalid. Using default page load timeout: '5'

2018-08-09 17:56:38 - [MESSAGE][WARNING] - Object Object Repository/CommonScreenElements/InfoPopUp_OKButton not found
[[ATTACHMENT|F:\\Git Projects\\MMAPlus_Merchandising\\MMAPlus_Merchandising\\Reports\\MMA Plus Merchandising With Chiller Wise Data Verification\\20180809_164504\\1533819397846.png]]

2018-08-09 17:56:38 - [MESSAGE][PASSED] - com.ct.qa.keywords.CommonKeywords.checkPlanogramAvailability is PASSED

2018-08-09 17:56:38 - [TEST_STEP][PASSED] - com.ct.qa.keywords.CommonKeywords.closePlanogram: com.ct.qa.keywords.CommonKeywords.closePlanogram is PASSED

2018-08-09 17:56:39 - [MESSAGE][PASSED] - com.ct.qa.keywords.CommonKeywords.closePlanogram is PASSED

2018-08-09 17:56:39 - [TEST_STEP][PASSED] - verifyElementText: Actual text and expected text of test object 'Object Repository/ShopOpen/ChillerUtilization/ChillerNotAvailable/Validate_ChillerNotAvailableScreen' are matched.

2018-08-09 17:56:40 - [MESSAGE][PASSED] - Actual text and expected text of test object 'Object Repository/ShopOpen/ChillerUtilization/ChillerNotAvailable/Validate_ChillerNotAvailableScreen' are matched.

2018-08-09 17:56:40 - [TEST_STEP][PASSED] - com.ct.qa.keywords.CommonKeywords.findPictureImageView: com.ct.qa.keywords.CommonKeywords.findPictureImageView is PASSED

2018-08-09 17:56:40 - [MESSAGE][WARNING] - Timeout '0' is invalid. Using default page load timeout: '5'

2018-08-09 17:56:42 - [MESSAGE][PASSED] - Tapped on element 'Object Repository/CommonScreenElements/Picture_ImageView'

2018-08-09 17:56:42 - [MESSAGE][WARNING] - Timeout '0' is invalid. Using default page load timeout: '5'

2018-08-09 17:56:43 - [MESSAGE][PASSED] - Element 'Object Repository/CommonScreenElements/Validate_CameraScreen' is exist

2018-08-09 17:56:43 - [MESSAGE][WARNING] - Timeout '0' is invalid. Using default page load timeout: '5'

2018-08-09 17:56:46 - [MESSAGE][PASSED] - Tapped on element 'Object Repository/CommonScreenElements/TakePictureButton'

2018-08-09 17:56:51 - [MESSAGE][PASSED] - Delayed 5 second(s)

2018-08-09 17:56:51 - [MESSAGE][WARNING] - Timeout '0' is invalid. Using default page load timeout: '5'

2018-08-09 17:56:52 - [MESSAGE][PASSED] - Tapped on element 'Object Repository/CommonScreenElements/DoneButton'

2018-08-09 17:56:52 - [MESSAGE][PASSED] - com.ct.qa.keywords.CommonKeywords.findPictureImageView is PASSED

2018-08-09 17:56:52 - [TEST_STEP][PASSED] - tap: Tapped on element 'Object Repository/ShopOpen/ChillerUtilization/ChillerNotAvailable/ChillerNotAvailable_BackButton'

2018-08-09 17:56:52 - [MESSAGE][WARNING] - Timeout '0' is invalid. Using default page load timeout: '5'

2018-08-09 17:56:54 - [MESSAGE][PASSED] - Tapped on element 'Object Repository/ShopOpen/ChillerUtilization/ChillerNotAvailable/ChillerNotAvailable_BackButton'

2018-08-09 17:56:54 - [TEST_STEP][PASSED] - verifyElementText: Actual text and expected text of test object 'Object Repository/ShopOpen/ChillerUtilization/Validate_ChillerUtilizationScreen' are matched.

2018-08-09 17:56:55 - [MESSAGE][PASSED] - Actual text and expected text of test object 'Object Repository/ShopOpen/ChillerUtilization/Validate_ChillerUtilizationScreen' are matched.

2018-08-09 17:56:55 - [MESSAGE][PASSED] - Call Test Case 'Test Cases/ShopOpen/ChillerUtilization/ChillerNotAvailable/VisitChillerNotAvailable' successfully

2018-08-09 17:56:55 - [MESSAGE][PASSED] - com.ct.qa.keywords.ChillerVisitingScenariosKeywords.visitChillersTaggedInChillerUtilizationWithDataVerification is PASSED

2018-08-09 17:56:55 - [TEST_STEP][PASSED] - tap: Tapped on element 'Object Repository/ShopOpen/ChillerUtilization/ChillerUtilization_backButton'

2018-08-09 17:56:55 - [MESSAGE][WARNING] - Timeout '0' is invalid. Using default page load timeout: '5'

2018-08-09 17:56:55 - [MESSAGE][PASSED] - Tapped on element 'Object Repository/ShopOpen/ChillerUtilization/ChillerUtilization_backButton'

2018-08-09 17:56:55 - [TEST_STEP][PASSED] - verifyElementExist: Element 'Object Repository/ShopOpen/Validate_ShopCategoriesListScreen' is exist

2018-08-09 17:56:55 - [MESSAGE][WARNING] - Timeout '0' is invalid. Using default page load timeout: '5'

2018-08-09 17:56:57 - [MESSAGE][PASSED] - Element 'Object Repository/ShopOpen/Validate_ShopCategoriesListScreen' is exist

2018-08-09 17:56:57 - [MESSAGE][PASSED] - Call Test Case 'Test Cases/ShopOpen/ChillerUtilization/VisitChillerScenarios/VisitChillerUtilizationWithDataVerification' successfully

2018-08-09 17:56:57 - [TEST_CASE][PASSED] - Test Cases/ShopOpen/RemainingCategories/VisitRemainingCategoriesWithDSA: Test Cases/ShopOpen/RemainingCategories/VisitRemainingCategoriesWithDSA

2018-08-09 17:56:57 - [TEST_STEP][PASSED] - verifyElementText: Actual text and expected text of test object 'Object Repository/ShopOpen/RemainingCategories/Validate_RemainingCategoriesDetailScreen' are matched.

2018-08-09 17:57:00 - [MESSAGE][PASSED] - Actual text and expected text of test object 'Object Repository/ShopOpen/RemainingCategories/Validate_RemainingCategoriesDetailScreen' are matched.

2018-08-09 17:57:00 - [TEST_STEP][PASSED] - tap: Tapped on element 'Object Repository/ShopOpen/RemainingCategories/DisplaySpaceAvailable'

2018-08-09 17:57:00 - [MESSAGE][WARNING] - Timeout '0' is invalid. Using default page load timeout: '5'

2018-08-09 17:57:01 - [MESSAGE][PASSED] - Tapped on element 'Object Repository/ShopOpen/RemainingCategories/DisplaySpaceAvailable'

2018-08-09 17:57:01 - [TEST_STEP][PASSED] - verifyElementText: Actual text and expected text of test object 'Object Repository/ShopOpen/RemainingCategories/Validate_ProductCategoryAssetScreen' are matched.

2018-08-09 17:57:03 - [MESSAGE][PASSED] - Actual text and expected text of test object 'Object Repository/ShopOpen/RemainingCategories/Validate_ProductCategoryAssetScreen' are matched.

2018-08-09 17:57:03 - [TEST_STEP][PASSED] - tap: Tapped on element 'Object Repository/ShopOpen/RemainingCategories/Facing'

2018-08-09 17:57:03 - [MESSAGE][WARNING] - Timeout '0' is invalid. Using default page load timeout: '5'

2018-08-09 17:57:03 - [MESSAGE][PASSED] - Tapped on element 'Object Repository/ShopOpen/RemainingCategories/Facing'

2018-08-09 17:57:03 - [TEST_STEP][PASSED] - verifyElementText: Actual text and expected text of test object 'Object Repository/ShopOpen/RemainingCategories/Validate_FacingScreen' are matched.

2018-08-09 17:57:05 - [MESSAGE][PASSED] - Actual text and expected text of test object 'Object Repository/ShopOpen/RemainingCategories/Validate_FacingScreen' are matched.

2018-08-09 17:57:05 - [TEST_STEP][PASSED] - com.ct.qa.keywords.ChannelProductsDataKeywords.visitChannelWiseProductsData: com.ct.qa.keywords.ChannelProductsDataKeywords.visitChannelWiseProductsData is PASSED

2018-08-09 17:57:09 - [MESSAGE][PASSED] - Keyboard is hidden

2018-08-09 17:57:12 - [MESSAGE][PASSED] - Keyboard is hidden

2018-08-09 17:57:15 - [MESSAGE][PASSED] - Keyboard is hidden

2018-08-09 17:57:18 - [MESSAGE][PASSED] - Keyboard is hidden

2018-08-09 17:57:21 - [MESSAGE][PASSED] - Keyboard is hidden

2018-08-09 17:57:24 - [MESSAGE][PASSED] - Keyboard is hidden

2018-08-09 17:57:28 - [MESSAGE][PASSED] - Swiped from 50,359 to 50,250

2018-08-09 17:57:30 - [MESSAGE][PASSED] - Keyboard is hidden

2018-08-09 17:57:32 - [MESSAGE][PASSED] - Swiped from 50,359 to 50,250

2018-08-09 17:57:35 - [MESSAGE][PASSED] - Keyboard is hidden

2018-08-09 17:57:37 - [MESSAGE][PASSED] - Swiped from 50,359 to 50,250

2018-08-09 17:57:40 - [MESSAGE][PASSED] - Keyboard is hidden

2018-08-09 17:57:42 - [MESSAGE][PASSED] - Swiped from 50,359 to 50,250

2018-08-09 17:57:43 - [MESSAGE][PASSED] - com.ct.qa.keywords.ChannelProductsDataKeywords.visitChannelWiseProductsData is PASSED

2018-08-09 17:57:43 - [TEST_STEP][PASSED] - tap: Tapped on element 'Object Repository/ShopOpen/RemainingCategories/SubmitButton'

2018-08-09 17:57:43 - [MESSAGE][WARNING] - Timeout '0' is invalid. Using default page load timeout: '5'

2018-08-09 17:57:43 - [MESSAGE][PASSED] - Tapped on element 'Object Repository/ShopOpen/RemainingCategories/SubmitButton'

2018-08-09 17:57:43 - [TEST_STEP][PASSED] - verifyElementText: Actual text and expected text of test object 'Object Repository/ShopOpen/RemainingCategories/Validate_ProductCategoryAssetScreen' are matched.

2018-08-09 17:57:44 - [MESSAGE][PASSED] - Actual text and expected text of test object 'Object Repository/ShopOpen/RemainingCategories/Validate_ProductCategoryAssetScreen' are matched.

2018-08-09 17:57:44 - [TEST_STEP][PASSED] - tap: Tapped on element 'Object Repository/ShopOpen/RemainingCategories/StockTaking'

2018-08-09 17:57:44 - [MESSAGE][WARNING] - Timeout '0' is invalid. Using default page load timeout: '5'

2018-08-09 17:57:45 - [MESSAGE][PASSED] - Tapped on element 'Object Repository/ShopOpen/RemainingCategories/StockTaking'

2018-08-09 17:57:45 - [TEST_STEP][PASSED] - verifyElementText: Actual text and expected text of test object 'Object Repository/ShopOpen/RemainingCategories/Validate_StockTakingScreen' are matched.

2018-08-09 17:57:47 - [MESSAGE][PASSED] - Actual text and expected text of test object 'Object Repository/ShopOpen/RemainingCategories/Validate_StockTakingScreen' are matched.

2018-08-09 17:57:47 - [TEST_STEP][PASSED] - com.ct.qa.keywords.ChannelProductsDataKeywords.visitChannelWiseProductsData: com.ct.qa.keywords.ChannelProductsDataKeywords.visitChannelWiseProductsData is PASSED

2018-08-09 17:57:51 - [MESSAGE][PASSED] - Keyboard is hidden

2018-08-09 17:57:54 - [MESSAGE][PASSED] - Keyboard is hidden

2018-08-09 17:57:57 - [MESSAGE][PASSED] - Keyboard is hidden

2018-08-09 17:58:00 - [MESSAGE][PASSED] - Keyboard is hidden

2018-08-09 17:58:03 - [MESSAGE][PASSED] - Keyboard is hidden

2018-08-09 17:58:06 - [MESSAGE][PASSED] - Keyboard is hidden

2018-08-09 17:58:10 - [MESSAGE][PASSED] - Swiped from 50,359 to 50,250

2018-08-09 17:58:13 - [MESSAGE][PASSED] - Keyboard is hidden

2018-08-09 17:58:15 - [MESSAGE][PASSED] - Swiped from 50,359 to 50,250

2018-08-09 17:58:18 - [MESSAGE][PASSED] - Keyboard is hidden

2018-08-09 17:58:20 - [MESSAGE][PASSED] - Swiped from 50,359 to 50,250

2018-08-09 17:58:23 - [MESSAGE][PASSED] - Keyboard is hidden

2018-08-09 17:58:25 - [MESSAGE][PASSED] - Swiped from 50,359 to 50,250

2018-08-09 17:58:26 - [MESSAGE][PASSED] - com.ct.qa.keywords.ChannelProductsDataKeywords.visitChannelWiseProductsData is PASSED

2018-08-09 17:58:26 - [TEST_STEP][PASSED] - tap: Tapped on element 'Object Repository/ShopOpen/RemainingCategories/SubmitButton'

2018-08-09 17:58:26 - [MESSAGE][WARNING] - Timeout '0' is invalid. Using default page load timeout: '5'

2018-08-09 17:58:26 - [MESSAGE][PASSED] - Tapped on element 'Object Repository/ShopOpen/RemainingCategories/SubmitButton'

2018-08-09 17:58:26 - [TEST_STEP][PASSED] - verifyElementText: Actual text and expected text of test object 'Object Repository/ShopOpen/RemainingCategories/Validate_ProductCategoryAssetScreen' are matched.

2018-08-09 17:58:27 - [MESSAGE][PASSED] - Actual text and expected text of test object 'Object Repository/ShopOpen/RemainingCategories/Validate_ProductCategoryAssetScreen' are matched.

2018-08-09 17:58:27 - [TEST_STEP][PASSED] - tap: Tapped on element 'Object Repository/ShopOpen/RemainingCategories/planogram_ImageView'

2018-08-09 17:58:27 - [MESSAGE][WARNING] - Timeout '0' is invalid. Using default page load timeout: '5'

2018-08-09 17:58:28 - [MESSAGE][PASSED] - Tapped on element 'Object Repository/ShopOpen/RemainingCategories/planogram_ImageView'

2018-08-09 17:58:28 - [TEST_STEP][PASSED] - com.ct.qa.keywords.CommonKeywords.checkPlanogramAvailability: com.ct.qa.keywords.CommonKeywords.checkPlanogramAvailability is PASSED

2018-08-09 17:58:28 - [MESSAGE][WARNING] - Timeout '0' is invalid. Using default page load timeout: '5'

2018-08-09 17:58:34 - [MESSAGE][WARNING] - Object Object Repository/CommonScreenElements/InfoPopUp_OKButton not found
[[ATTACHMENT|F:\\Git Projects\\MMAPlus_Merchandising\\MMAPlus_Merchandising\\Reports\\MMA Plus Merchandising With Chiller Wise Data Verification\\20180809_164504\\1533819513645.png]]

2018-08-09 17:58:34 - [MESSAGE][PASSED] - com.ct.qa.keywords.CommonKeywords.checkPlanogramAvailability is PASSED

2018-08-09 17:58:34 - [TEST_STEP][PASSED] - com.ct.qa.keywords.CommonKeywords.closePlanogram: com.ct.qa.keywords.CommonKeywords.closePlanogram is PASSED

2018-08-09 17:58:35 - [MESSAGE][PASSED] - com.ct.qa.keywords.CommonKeywords.closePlanogram is PASSED

2018-08-09 17:58:35 - [TEST_STEP][PASSED] - verifyElementText: Actual text and expected text of test object 'Object Repository/ShopOpen/RemainingCategories/Validate_ProductCategoryAssetScreen' are matched.

2018-08-09 17:58:36 - [MESSAGE][PASSED] - Actual text and expected text of test object 'Object Repository/ShopOpen/RemainingCategories/Validate_ProductCategoryAssetScreen' are matched.

2018-08-09 17:58:36 - [TEST_STEP][PASSED] - com.ct.qa.keywords.CommonKeywords.findPictureImageView: com.ct.qa.keywords.CommonKeywords.findPictureImageView is PASSED

2018-08-09 17:58:36 - [MESSAGE][WARNING] - Timeout '0' is invalid. Using default page load timeout: '5'

2018-08-09 17:58:36 - [MESSAGE][PASSED] - Tapped on element 'Object Repository/CommonScreenElements/Picture_ImageView'

2018-08-09 17:58:36 - [MESSAGE][WARNING] - Timeout '0' is invalid. Using default page load timeout: '5'

2018-08-09 17:58:39 - [MESSAGE][PASSED] - Element 'Object Repository/CommonScreenElements/Validate_CameraScreen' is exist

2018-08-09 17:58:39 - [MESSAGE][WARNING] - Timeout '0' is invalid. Using default page load timeout: '5'

2018-08-09 17:58:42 - [MESSAGE][PASSED] - Tapped on element 'Object Repository/CommonScreenElements/TakePictureButton'

2018-08-09 17:58:47 - [MESSAGE][PASSED] - Delayed 5 second(s)

2018-08-09 17:58:47 - [MESSAGE][WARNING] - Timeout '0' is invalid. Using default page load timeout: '5'

2018-08-09 17:58:48 - [MESSAGE][PASSED] - Tapped on element 'Object Repository/CommonScreenElements/DoneButton'

2018-08-09 17:58:48 - [MESSAGE][PASSED] - com.ct.qa.keywords.CommonKeywords.findPictureImageView is PASSED

2018-08-09 17:58:48 - [TEST_STEP][PASSED] - verifyElementText: Actual text and expected text of test object 'Object Repository/ShopOpen/RemainingCategories/Validate_ProductCategoryAssetScreen' are matched.

2018-08-09 17:58:48 - [MESSAGE][PASSED] - Actual text and expected text of test object 'Object Repository/ShopOpen/RemainingCategories/Validate_ProductCategoryAssetScreen' are matched.

2018-08-09 17:58:48 - [TEST_STEP][PASSED] - tap: Tapped on element 'Object Repository/ShopOpen/RemainingCategories/ProductCategoryAsset_BackButton'

2018-08-09 17:58:48 - [MESSAGE][WARNING] - Timeout '0' is invalid. Using default page load timeout: '5'

2018-08-09 17:58:50 - [MESSAGE][PASSED] - Tapped on element 'Object Repository/ShopOpen/RemainingCategories/ProductCategoryAsset_BackButton'

2018-08-09 17:58:50 - [TEST_STEP][PASSED] - verifyElementExist: Element 'Object Repository/ShopOpen/Validate_ShopCategoriesListScreen' is exist

2018-08-09 17:58:50 - [MESSAGE][WARNING] - Timeout '0' is invalid. Using default page load timeout: '5'

2018-08-09 17:58:52 - [MESSAGE][PASSED] - Element 'Object Repository/ShopOpen/Validate_ShopCategoriesListScreen' is exist

2018-08-09 17:58:52 - [MESSAGE][PASSED] - Call Test Case 'Test Cases/ShopOpen/RemainingCategories/VisitRemainingCategoriesWithDSA' successfully

2018-08-09 17:58:52 - [TEST_CASE][PASSED] - Test Cases/ShopOpen/RemainingCategories/VisitRemainingCategoriesWithDSA: Test Cases/ShopOpen/RemainingCategories/VisitRemainingCategoriesWithDSA

2018-08-09 17:58:52 - [TEST_STEP][PASSED] - verifyElementText: Actual text and expected text of test object 'Object Repository/ShopOpen/RemainingCategories/Validate_RemainingCategoriesDetailScreen' are matched.

2018-08-09 17:58:55 - [MESSAGE][PASSED] - Actual text and expected text of test object 'Object Repository/ShopOpen/RemainingCategories/Validate_RemainingCategoriesDetailScreen' are matched.

2018-08-09 17:58:55 - [TEST_STEP][PASSED] - tap: Tapped on element 'Object Repository/ShopOpen/RemainingCategories/DisplaySpaceAvailable'

2018-08-09 17:58:55 - [MESSAGE][WARNING] - Timeout '0' is invalid. Using default page load timeout: '5'

2018-08-09 17:58:55 - [MESSAGE][PASSED] - Tapped on element 'Object Repository/ShopOpen/RemainingCategories/DisplaySpaceAvailable'

2018-08-09 17:58:55 - [TEST_STEP][PASSED] - verifyElementText: Actual text and expected text of test object 'Object Repository/ShopOpen/RemainingCategories/Validate_ProductCategoryAssetScreen' are matched.

2018-08-09 17:58:57 - [MESSAGE][PASSED] - Actual text and expected text of test object 'Object Repository/ShopOpen/RemainingCategories/Validate_ProductCategoryAssetScreen' are matched.

2018-08-09 17:58:57 - [TEST_STEP][PASSED] - tap: Tapped on element 'Object Repository/ShopOpen/RemainingCategories/Facing'

2018-08-09 17:58:57 - [MESSAGE][WARNING] - Timeout '0' is invalid. Using default page load timeout: '5'

2018-08-09 17:58:57 - [MESSAGE][PASSED] - Tapped on element 'Object Repository/ShopOpen/RemainingCategories/Facing'

2018-08-09 17:58:57 - [TEST_STEP][PASSED] - verifyElementText: Actual text and expected text of test object 'Object Repository/ShopOpen/RemainingCategories/Validate_FacingScreen' are matched.

2018-08-09 17:58:59 - [MESSAGE][PASSED] - Actual text and expected text of test object 'Object Repository/ShopOpen/RemainingCategories/Validate_FacingScreen' are matched.

2018-08-09 17:58:59 - [TEST_STEP][PASSED] - com.ct.qa.keywords.ChannelProductsDataKeywords.visitChannelWiseProductsData: com.ct.qa.keywords.ChannelProductsDataKeywords.visitChannelWiseProductsData is PASSED

2018-08-09 17:59:04 - [MESSAGE][PASSED] - Keyboard is hidden

2018-08-09 17:59:07 - [MESSAGE][PASSED] - Keyboard is hidden

2018-08-09 17:59:10 - [MESSAGE][PASSED] - Keyboard is hidden

2018-08-09 17:59:13 - [MESSAGE][PASSED] - Keyboard is hidden

2018-08-09 17:59:14 - [MESSAGE][PASSED] - com.ct.qa.keywords.ChannelProductsDataKeywords.visitChannelWiseProductsData is PASSED

2018-08-09 17:59:14 - [TEST_STEP][PASSED] - tap: Tapped on element 'Object Repository/ShopOpen/RemainingCategories/SubmitButton'

2018-08-09 17:59:14 - [MESSAGE][WARNING] - Timeout '0' is invalid. Using default page load timeout: '5'

2018-08-09 17:59:15 - [MESSAGE][PASSED] - Tapped on element 'Object Repository/ShopOpen/RemainingCategories/SubmitButton'

2018-08-09 17:59:15 - [TEST_STEP][PASSED] - verifyElementText: Actual text and expected text of test object 'Object Repository/ShopOpen/RemainingCategories/Validate_ProductCategoryAssetScreen' are matched.

2018-08-09 17:59:16 - [MESSAGE][PASSED] - Actual text and expected text of test object 'Object Repository/ShopOpen/RemainingCategories/Validate_ProductCategoryAssetScreen' are matched.

2018-08-09 17:59:16 - [TEST_STEP][PASSED] - tap: Tapped on element 'Object Repository/ShopOpen/RemainingCategories/StockTaking'

2018-08-09 17:59:16 - [MESSAGE][WARNING] - Timeout '0' is invalid. Using default page load timeout: '5'

2018-08-09 17:59:16 - [MESSAGE][PASSED] - Tapped on element 'Object Repository/ShopOpen/RemainingCategories/StockTaking'

2018-08-09 17:59:16 - [TEST_STEP][PASSED] - verifyElementText: Actual text and expected text of test object 'Object Repository/ShopOpen/RemainingCategories/Validate_StockTakingScreen' are matched.

2018-08-09 17:59:18 - [MESSAGE][PASSED] - Actual text and expected text of test object 'Object Repository/ShopOpen/RemainingCategories/Validate_StockTakingScreen' are matched.

2018-08-09 17:59:18 - [TEST_STEP][PASSED] - com.ct.qa.keywords.ChannelProductsDataKeywords.visitChannelWiseProductsData: com.ct.qa.keywords.ChannelProductsDataKeywords.visitChannelWiseProductsData is PASSED

2018-08-09 17:59:22 - [MESSAGE][PASSED] - Keyboard is hidden

2018-08-09 17:59:25 - [MESSAGE][PASSED] - Keyboard is hidden

2018-08-09 17:59:28 - [MESSAGE][PASSED] - Keyboard is hidden

2018-08-09 17:59:31 - [MESSAGE][PASSED] - Keyboard is hidden

2018-08-09 17:59:32 - [MESSAGE][PASSED] - com.ct.qa.keywords.ChannelProductsDataKeywords.visitChannelWiseProductsData is PASSED

2018-08-09 17:59:32 - [TEST_STEP][PASSED] - tap: Tapped on element 'Object Repository/ShopOpen/RemainingCategories/SubmitButton'

2018-08-09 17:59:32 - [MESSAGE][WARNING] - Timeout '0' is invalid. Using default page load timeout: '5'

2018-08-09 17:59:33 - [MESSAGE][PASSED] - Tapped on element 'Object Repository/ShopOpen/RemainingCategories/SubmitButton'

2018-08-09 17:59:33 - [TEST_STEP][PASSED] - verifyElementText: Actual text and expected text of test object 'Object Repository/ShopOpen/RemainingCategories/Validate_ProductCategoryAssetScreen' are matched.

2018-08-09 17:59:34 - [MESSAGE][PASSED] - Actual text and expected text of test object 'Object Repository/ShopOpen/RemainingCategories/Validate_ProductCategoryAssetScreen' are matched.

2018-08-09 17:59:34 - [TEST_STEP][PASSED] - tap: Tapped on element 'Object Repository/ShopOpen/RemainingCategories/planogram_ImageView'

2018-08-09 17:59:34 - [MESSAGE][WARNING] - Timeout '0' is invalid. Using default page load timeout: '5'

2018-08-09 17:59:34 - [MESSAGE][PASSED] - Tapped on element 'Object Repository/ShopOpen/RemainingCategories/planogram_ImageView'

2018-08-09 17:59:34 - [TEST_STEP][PASSED] - com.ct.qa.keywords.CommonKeywords.checkPlanogramAvailability: com.ct.qa.keywords.CommonKeywords.checkPlanogramAvailability is PASSED

2018-08-09 17:59:34 - [MESSAGE][WARNING] - Timeout '0' is invalid. Using default page load timeout: '5'

2018-08-09 17:59:40 - [MESSAGE][WARNING] - Object Object Repository/CommonScreenElements/InfoPopUp_OKButton not found
[[ATTACHMENT|F:\\Git Projects\\MMAPlus_Merchandising\\MMAPlus_Merchandising\\Reports\\MMA Plus Merchandising With Chiller Wise Data Verification\\20180809_164504\\1533819579806.png]]

2018-08-09 17:59:40 - [MESSAGE][PASSED] - com.ct.qa.keywords.CommonKeywords.checkPlanogramAvailability is PASSED

2018-08-09 17:59:40 - [TEST_STEP][PASSED] - com.ct.qa.keywords.CommonKeywords.closePlanogram: com.ct.qa.keywords.CommonKeywords.closePlanogram is PASSED

2018-08-09 17:59:41 - [MESSAGE][PASSED] - com.ct.qa.keywords.CommonKeywords.closePlanogram is PASSED

2018-08-09 17:59:41 - [TEST_STEP][PASSED] - verifyElementText: Actual text and expected text of test object 'Object Repository/ShopOpen/RemainingCategories/Validate_ProductCategoryAssetScreen' are matched.

2018-08-09 17:59:42 - [MESSAGE][PASSED] - Actual text and expected text of test object 'Object Repository/ShopOpen/RemainingCategories/Validate_ProductCategoryAssetScreen' are matched.

2018-08-09 17:59:42 - [TEST_STEP][PASSED] - com.ct.qa.keywords.CommonKeywords.findPictureImageView: com.ct.qa.keywords.CommonKeywords.findPictureImageView is PASSED

2018-08-09 17:59:42 - [MESSAGE][WARNING] - Timeout '0' is invalid. Using default page load timeout: '5'

2018-08-09 17:59:44 - [MESSAGE][PASSED] - Tapped on element 'Object Repository/CommonScreenElements/Picture_ImageView'

2018-08-09 17:59:44 - [MESSAGE][WARNING] - Timeout '0' is invalid. Using default page load timeout: '5'

2018-08-09 17:59:45 - [MESSAGE][PASSED] - Element 'Object Repository/CommonScreenElements/Validate_CameraScreen' is exist

2018-08-09 17:59:45 - [MESSAGE][WARNING] - Timeout '0' is invalid. Using default page load timeout: '5'

2018-08-09 17:59:48 - [MESSAGE][PASSED] - Tapped on element 'Object Repository/CommonScreenElements/TakePictureButton'

2018-08-09 17:59:53 - [MESSAGE][PASSED] - Delayed 5 second(s)

2018-08-09 17:59:53 - [MESSAGE][WARNING] - Timeout '0' is invalid. Using default page load timeout: '5'

2018-08-09 17:59:54 - [MESSAGE][PASSED] - Tapped on element 'Object Repository/CommonScreenElements/DoneButton'

2018-08-09 17:59:54 - [MESSAGE][PASSED] - com.ct.qa.keywords.CommonKeywords.findPictureImageView is PASSED

2018-08-09 17:59:54 - [TEST_STEP][PASSED] - verifyElementText: Actual text and expected text of test object 'Object Repository/ShopOpen/RemainingCategories/Validate_ProductCategoryAssetScreen' are matched.

2018-08-09 17:59:55 - [MESSAGE][PASSED] - Actual text and expected text of test object 'Object Repository/ShopOpen/RemainingCategories/Validate_ProductCategoryAssetScreen' are matched.

2018-08-09 17:59:55 - [TEST_STEP][PASSED] - tap: Tapped on element 'Object Repository/ShopOpen/RemainingCategories/ProductCategoryAsset_BackButton'

2018-08-09 17:59:55 - [MESSAGE][WARNING] - Timeout '0' is invalid. Using default page load timeout: '5'

2018-08-09 17:59:55 - [MESSAGE][PASSED] - Tapped on element 'Object Repository/ShopOpen/RemainingCategories/ProductCategoryAsset_BackButton'

2018-08-09 17:59:55 - [TEST_STEP][PASSED] - verifyElementExist: Element 'Object Repository/ShopOpen/Validate_ShopCategoriesListScreen' is exist

2018-08-09 17:59:55 - [MESSAGE][WARNING] - Timeout '0' is invalid. Using default page load timeout: '5'

2018-08-09 17:59:58 - [MESSAGE][PASSED] - Element 'Object Repository/ShopOpen/Validate_ShopCategoriesListScreen' is exist

2018-08-09 17:59:58 - [MESSAGE][PASSED] - Call Test Case 'Test Cases/ShopOpen/RemainingCategories/VisitRemainingCategoriesWithDSA' successfully

2018-08-09 17:59:58 - [TEST_CASE][PASSED] - Test Cases/ShopOpen/RemainingCategories/VisitRemainingCategoriesWithDSA: Test Cases/ShopOpen/RemainingCategories/VisitRemainingCategoriesWithDSA

2018-08-09 17:59:58 - [TEST_STEP][PASSED] - verifyElementText: Actual text and expected text of test object 'Object Repository/ShopOpen/RemainingCategories/Validate_RemainingCategoriesDetailScreen' are matched.

2018-08-09 18:00:01 - [MESSAGE][PASSED] - Actual text and expected text of test object 'Object Repository/ShopOpen/RemainingCategories/Validate_RemainingCategoriesDetailScreen' are matched.

2018-08-09 18:00:01 - [TEST_STEP][PASSED] - tap: Tapped on element 'Object Repository/ShopOpen/RemainingCategories/DisplaySpaceAvailable'

2018-08-09 18:00:01 - [MESSAGE][WARNING] - Timeout '0' is invalid. Using default page load timeout: '5'

2018-08-09 18:00:01 - [MESSAGE][PASSED] - Tapped on element 'Object Repository/ShopOpen/RemainingCategories/DisplaySpaceAvailable'

2018-08-09 18:00:01 - [TEST_STEP][PASSED] - verifyElementText: Actual text and expected text of test object 'Object Repository/ShopOpen/RemainingCategories/Validate_ProductCategoryAssetScreen' are matched.

2018-08-09 18:00:04 - [MESSAGE][PASSED] - Actual text and expected text of test object 'Object Repository/ShopOpen/RemainingCategories/Validate_ProductCategoryAssetScreen' are matched.

2018-08-09 18:00:04 - [TEST_STEP][PASSED] - tap: Tapped on element 'Object Repository/ShopOpen/RemainingCategories/Facing'

2018-08-09 18:00:04 - [MESSAGE][WARNING] - Timeout '0' is invalid. Using default page load timeout: '5'

2018-08-09 18:00:04 - [MESSAGE][PASSED] - Tapped on element 'Object Repository/ShopOpen/RemainingCategories/Facing'

2018-08-09 18:00:04 - [TEST_STEP][PASSED] - verifyElementText: Actual text and expected text of test object 'Object Repository/ShopOpen/RemainingCategories/Validate_FacingScreen' are matched.

2018-08-09 18:00:06 - [MESSAGE][PASSED] - Actual text and expected text of test object 'Object Repository/ShopOpen/RemainingCategories/Validate_FacingScreen' are matched.

2018-08-09 18:00:06 - [TEST_STEP][PASSED] - com.ct.qa.keywords.ChannelProductsDataKeywords.visitChannelWiseProductsData: com.ct.qa.keywords.ChannelProductsDataKeywords.visitChannelWiseProductsData is PASSED

2018-08-09 18:00:09 - [MESSAGE][PASSED] - Keyboard is hidden

2018-08-09 18:00:12 - [MESSAGE][PASSED] - Keyboard is hidden

2018-08-09 18:00:13 - [MESSAGE][PASSED] - com.ct.qa.keywords.ChannelProductsDataKeywords.visitChannelWiseProductsData is PASSED

2018-08-09 18:00:13 - [TEST_STEP][PASSED] - tap: Tapped on element 'Object Repository/ShopOpen/RemainingCategories/SubmitButton'

2018-08-09 18:00:13 - [MESSAGE][WARNING] - Timeout '0' is invalid. Using default page load timeout: '5'

2018-08-09 18:00:13 - [MESSAGE][PASSED] - Tapped on element 'Object Repository/ShopOpen/RemainingCategories/SubmitButton'

2018-08-09 18:00:13 - [TEST_STEP][PASSED] - verifyElementText: Actual text and expected text of test object 'Object Repository/ShopOpen/RemainingCategories/Validate_ProductCategoryAssetScreen' are matched.

2018-08-09 18:00:14 - [MESSAGE][PASSED] - Actual text and expected text of test object 'Object Repository/ShopOpen/RemainingCategories/Validate_ProductCategoryAssetScreen' are matched.

2018-08-09 18:00:14 - [TEST_STEP][PASSED] - tap: Tapped on element 'Object Repository/ShopOpen/RemainingCategories/StockTaking'

2018-08-09 18:00:14 - [MESSAGE][WARNING] - Timeout '0' is invalid. Using default page load timeout: '5'

2018-08-09 18:00:15 - [MESSAGE][PASSED] - Tapped on element 'Object Repository/ShopOpen/RemainingCategories/StockTaking'

2018-08-09 18:00:15 - [TEST_STEP][PASSED] - verifyElementText: Actual text and expected text of test object 'Object Repository/ShopOpen/RemainingCategories/Validate_StockTakingScreen' are matched.

2018-08-09 18:00:17 - [MESSAGE][PASSED] - Actual text and expected text of test object 'Object Repository/ShopOpen/RemainingCategories/Validate_StockTakingScreen' are matched.

2018-08-09 18:00:17 - [TEST_STEP][PASSED] - com.ct.qa.keywords.ChannelProductsDataKeywords.visitChannelWiseProductsData: com.ct.qa.keywords.ChannelProductsDataKeywords.visitChannelWiseProductsData is PASSED

2018-08-09 18:00:20 - [MESSAGE][PASSED] - Keyboard is hidden

2018-08-09 18:00:23 - [MESSAGE][PASSED] - Keyboard is hidden

2018-08-09 18:00:24 - [MESSAGE][PASSED] - com.ct.qa.keywords.ChannelProductsDataKeywords.visitChannelWiseProductsData is PASSED

2018-08-09 18:00:24 - [TEST_STEP][PASSED] - tap: Tapped on element 'Object Repository/ShopOpen/RemainingCategories/SubmitButton'

2018-08-09 18:00:24 - [MESSAGE][WARNING] - Timeout '0' is invalid. Using default page load timeout: '5'

2018-08-09 18:00:24 - [MESSAGE][PASSED] - Tapped on element 'Object Repository/ShopOpen/RemainingCategories/SubmitButton'

2018-08-09 18:00:24 - [TEST_STEP][PASSED] - verifyElementText: Actual text and expected text of test object 'Object Repository/ShopOpen/RemainingCategories/Validate_ProductCategoryAssetScreen' are matched.

2018-08-09 18:00:25 - [MESSAGE][PASSED] - Actual text and expected text of test object 'Object Repository/ShopOpen/RemainingCategories/Validate_ProductCategoryAssetScreen' are matched.

2018-08-09 18:00:25 - [TEST_STEP][PASSED] - tap: Tapped on element 'Object Repository/ShopOpen/RemainingCategories/planogram_ImageView'

2018-08-09 18:00:25 - [MESSAGE][WARNING] - Timeout '0' is invalid. Using default page load timeout: '5'

2018-08-09 18:00:26 - [MESSAGE][PASSED] - Tapped on element 'Object Repository/ShopOpen/RemainingCategories/planogram_ImageView'

2018-08-09 18:00:26 - [TEST_STEP][PASSED] - com.ct.qa.keywords.CommonKeywords.checkPlanogramAvailability: com.ct.qa.keywords.CommonKeywords.checkPlanogramAvailability is PASSED

2018-08-09 18:00:26 - [MESSAGE][WARNING] - Timeout '0' is invalid. Using default page load timeout: '5'

2018-08-09 18:00:28 - [MESSAGE][PASSED] - Tapped on element 'Object Repository/CommonScreenElements/InfoPopUp_OKButton'

2018-08-09 18:00:28 - [MESSAGE][PASSED] - com.ct.qa.keywords.CommonKeywords.checkPlanogramAvailability is PASSED

2018-08-09 18:00:28 - [TEST_STEP][PASSED] - com.ct.qa.keywords.CommonKeywords.closePlanogram: com.ct.qa.keywords.CommonKeywords.closePlanogram is PASSED

2018-08-09 18:00:29 - [MESSAGE][PASSED] - com.ct.qa.keywords.CommonKeywords.closePlanogram is PASSED

2018-08-09 18:00:29 - [TEST_STEP][PASSED] - verifyElementText: Actual text and expected text of test object 'Object Repository/ShopOpen/RemainingCategories/Validate_ProductCategoryAssetScreen' are matched.

2018-08-09 18:00:30 - [MESSAGE][PASSED] - Actual text and expected text of test object 'Object Repository/ShopOpen/RemainingCategories/Validate_ProductCategoryAssetScreen' are matched.

2018-08-09 18:00:30 - [TEST_STEP][PASSED] - com.ct.qa.keywords.CommonKeywords.findPictureImageView: com.ct.qa.keywords.CommonKeywords.findPictureImageView is PASSED

2018-08-09 18:00:30 - [MESSAGE][WARNING] - Timeout '0' is invalid. Using default page load timeout: '5'

2018-08-09 18:00:33 - [MESSAGE][PASSED] - Tapped on element 'Object Repository/CommonScreenElements/Picture_ImageView'

2018-08-09 18:00:33 - [MESSAGE][WARNING] - Timeout '0' is invalid. Using default page load timeout: '5'

2018-08-09 18:00:33 - [MESSAGE][PASSED] - Element 'Object Repository/CommonScreenElements/Validate_CameraScreen' is exist

2018-08-09 18:00:33 - [MESSAGE][WARNING] - Timeout '0' is invalid. Using default page load timeout: '5'

2018-08-09 18:00:36 - [MESSAGE][PASSED] - Tapped on element 'Object Repository/CommonScreenElements/TakePictureButton'

2018-08-09 18:00:41 - [MESSAGE][PASSED] - Delayed 5 second(s)

2018-08-09 18:00:41 - [MESSAGE][WARNING] - Timeout '0' is invalid. Using default page load timeout: '5'

2018-08-09 18:00:42 - [MESSAGE][PASSED] - Tapped on element 'Object Repository/CommonScreenElements/DoneButton'

2018-08-09 18:00:42 - [MESSAGE][PASSED] - com.ct.qa.keywords.CommonKeywords.findPictureImageView is PASSED

2018-08-09 18:00:42 - [TEST_STEP][PASSED] - verifyElementText: Actual text and expected text of test object 'Object Repository/ShopOpen/RemainingCategories/Validate_ProductCategoryAssetScreen' are matched.

2018-08-09 18:00:43 - [MESSAGE][PASSED] - Actual text and expected text of test object 'Object Repository/ShopOpen/RemainingCategories/Validate_ProductCategoryAssetScreen' are matched.

2018-08-09 18:00:43 - [TEST_STEP][PASSED] - tap: Tapped on element 'Object Repository/ShopOpen/RemainingCategories/ProductCategoryAsset_BackButton'

2018-08-09 18:00:43 - [MESSAGE][WARNING] - Timeout '0' is invalid. Using default page load timeout: '5'

2018-08-09 18:00:43 - [MESSAGE][PASSED] - Tapped on element 'Object Repository/ShopOpen/RemainingCategories/ProductCategoryAsset_BackButton'

2018-08-09 18:00:43 - [TEST_STEP][PASSED] - verifyElementExist: Element 'Object Repository/ShopOpen/Validate_ShopCategoriesListScreen' is exist

2018-08-09 18:00:43 - [MESSAGE][WARNING] - Timeout '0' is invalid. Using default page load timeout: '5'

2018-08-09 18:00:46 - [MESSAGE][PASSED] - Element 'Object Repository/ShopOpen/Validate_ShopCategoriesListScreen' is exist

2018-08-09 18:00:46 - [MESSAGE][PASSED] - Call Test Case 'Test Cases/ShopOpen/RemainingCategories/VisitRemainingCategoriesWithDSA' successfully

2018-08-09 18:00:46 - [TEST_CASE][PASSED] - Test Cases/ShopOpen/RemainingCategories/VisitRemainingCategoriesWithDSA: Test Cases/ShopOpen/RemainingCategories/VisitRemainingCategoriesWithDSA

2018-08-09 18:00:46 - [TEST_STEP][PASSED] - verifyElementText: Actual text and expected text of test object 'Object Repository/ShopOpen/RemainingCategories/Validate_RemainingCategoriesDetailScreen' are matched.

2018-08-09 18:00:49 - [MESSAGE][PASSED] - Actual text and expected text of test object 'Object Repository/ShopOpen/RemainingCategories/Validate_RemainingCategoriesDetailScreen' are matched.

2018-08-09 18:00:49 - [TEST_STEP][PASSED] - tap: Tapped on element 'Object Repository/ShopOpen/RemainingCategories/DisplaySpaceAvailable'

2018-08-09 18:00:49 - [MESSAGE][WARNING] - Timeout '0' is invalid. Using default page load timeout: '5'

2018-08-09 18:00:49 - [MESSAGE][PASSED] - Tapped on element 'Object Repository/ShopOpen/RemainingCategories/DisplaySpaceAvailable'

2018-08-09 18:00:49 - [TEST_STEP][PASSED] - verifyElementText: Actual text and expected text of test object 'Object Repository/ShopOpen/RemainingCategories/Validate_ProductCategoryAssetScreen' are matched.

2018-08-09 18:00:51 - [MESSAGE][PASSED] - Actual text and expected text of test object 'Object Repository/ShopOpen/RemainingCategories/Validate_ProductCategoryAssetScreen' are matched.

2018-08-09 18:00:51 - [TEST_STEP][PASSED] - tap: Tapped on element 'Object Repository/ShopOpen/RemainingCategories/Facing'

2018-08-09 18:00:51 - [MESSAGE][WARNING] - Timeout '0' is invalid. Using default page load timeout: '5'

2018-08-09 18:00:51 - [MESSAGE][PASSED] - Tapped on element 'Object Repository/ShopOpen/RemainingCategories/Facing'

2018-08-09 18:00:51 - [TEST_STEP][PASSED] - verifyElementText: Actual text and expected text of test object 'Object Repository/ShopOpen/RemainingCategories/Validate_FacingScreen' are matched.

2018-08-09 18:00:53 - [MESSAGE][PASSED] - Actual text and expected text of test object 'Object Repository/ShopOpen/RemainingCategories/Validate_FacingScreen' are matched.

2018-08-09 18:00:53 - [TEST_STEP][PASSED] - com.ct.qa.keywords.ChannelProductsDataKeywords.visitChannelWiseProductsData: com.ct.qa.keywords.ChannelProductsDataKeywords.visitChannelWiseProductsData is PASSED

2018-08-09 18:00:57 - [MESSAGE][PASSED] - Keyboard is hidden

2018-08-09 18:01:00 - [MESSAGE][PASSED] - Keyboard is hidden

2018-08-09 18:01:03 - [MESSAGE][PASSED] - Keyboard is hidden

2018-08-09 18:01:04 - [MESSAGE][PASSED] - com.ct.qa.keywords.ChannelProductsDataKeywords.visitChannelWiseProductsData is PASSED

2018-08-09 18:01:04 - [TEST_STEP][PASSED] - tap: Tapped on element 'Object Repository/ShopOpen/RemainingCategories/SubmitButton'

2018-08-09 18:01:04 - [MESSAGE][WARNING] - Timeout '0' is invalid. Using default page load timeout: '5'

2018-08-09 18:01:05 - [MESSAGE][PASSED] - Tapped on element 'Object Repository/ShopOpen/RemainingCategories/SubmitButton'

2018-08-09 18:01:05 - [TEST_STEP][PASSED] - verifyElementText: Actual text and expected text of test object 'Object Repository/ShopOpen/RemainingCategories/Validate_ProductCategoryAssetScreen' are matched.

2018-08-09 18:01:06 - [MESSAGE][PASSED] - Actual text and expected text of test object 'Object Repository/ShopOpen/RemainingCategories/Validate_ProductCategoryAssetScreen' are matched.

2018-08-09 18:01:06 - [TEST_STEP][PASSED] - tap: Tapped on element 'Object Repository/ShopOpen/RemainingCategories/StockTaking'

2018-08-09 18:01:06 - [MESSAGE][WARNING] - Timeout '0' is invalid. Using default page load timeout: '5'

2018-08-09 18:01:06 - [MESSAGE][PASSED] - Tapped on element 'Object Repository/ShopOpen/RemainingCategories/StockTaking'

2018-08-09 18:01:06 - [TEST_STEP][PASSED] - verifyElementText: Actual text and expected text of test object 'Object Repository/ShopOpen/RemainingCategories/Validate_StockTakingScreen' are matched.

2018-08-09 18:01:08 - [MESSAGE][PASSED] - Actual text and expected text of test object 'Object Repository/ShopOpen/RemainingCategories/Validate_StockTakingScreen' are matched.

2018-08-09 18:01:08 - [TEST_STEP][PASSED] - com.ct.qa.keywords.ChannelProductsDataKeywords.visitChannelWiseProductsData: com.ct.qa.keywords.ChannelProductsDataKeywords.visitChannelWiseProductsData is PASSED

2018-08-09 18:01:12 - [MESSAGE][PASSED] - Keyboard is hidden

2018-08-09 18:01:15 - [MESSAGE][PASSED] - Keyboard is hidden

2018-08-09 18:01:18 - [MESSAGE][PASSED] - Keyboard is hidden

2018-08-09 18:01:19 - [MESSAGE][PASSED] - com.ct.qa.keywords.ChannelProductsDataKeywords.visitChannelWiseProductsData is PASSED

2018-08-09 18:01:19 - [TEST_STEP][PASSED] - tap: Tapped on element 'Object Repository/ShopOpen/RemainingCategories/SubmitButton'

2018-08-09 18:01:19 - [MESSAGE][WARNING] - Timeout '0' is invalid. Using default page load timeout: '5'

2018-08-09 18:01:21 - [MESSAGE][PASSED] - Tapped on element 'Object Repository/ShopOpen/RemainingCategories/SubmitButton'

2018-08-09 18:01:21 - [TEST_STEP][PASSED] - verifyElementText: Actual text and expected text of test object 'Object Repository/ShopOpen/RemainingCategories/Validate_ProductCategoryAssetScreen' are matched.

2018-08-09 18:01:22 - [MESSAGE][PASSED] - Actual text and expected text of test object 'Object Repository/ShopOpen/RemainingCategories/Validate_ProductCategoryAssetScreen' are matched.

2018-08-09 18:01:22 - [TEST_STEP][PASSED] - tap: Tapped on element 'Object Repository/ShopOpen/RemainingCategories/planogram_ImageView'

2018-08-09 18:01:22 - [MESSAGE][WARNING] - Timeout '0' is invalid. Using default page load timeout: '5'

2018-08-09 18:01:22 - [MESSAGE][PASSED] - Tapped on element 'Object Repository/ShopOpen/RemainingCategories/planogram_ImageView'

2018-08-09 18:01:22 - [TEST_STEP][PASSED] - com.ct.qa.keywords.CommonKeywords.checkPlanogramAvailability: com.ct.qa.keywords.CommonKeywords.checkPlanogramAvailability is PASSED

2018-08-09 18:01:22 - [MESSAGE][WARNING] - Timeout '0' is invalid. Using default page load timeout: '5'

2018-08-09 18:01:28 - [MESSAGE][WARNING] - Object Object Repository/CommonScreenElements/InfoPopUp_OKButton not found
[[ATTACHMENT|F:\\Git Projects\\MMAPlus_Merchandising\\MMAPlus_Merchandising\\Reports\\MMA Plus Merchandising With Chiller Wise Data Verification\\20180809_164504\\1533819687849.png]]

2018-08-09 18:01:28 - [MESSAGE][PASSED] - com.ct.qa.keywords.CommonKeywords.checkPlanogramAvailability is PASSED

2018-08-09 18:01:28 - [TEST_STEP][PASSED] - com.ct.qa.keywords.CommonKeywords.closePlanogram: com.ct.qa.keywords.CommonKeywords.closePlanogram is PASSED

2018-08-09 18:01:29 - [MESSAGE][PASSED] - com.ct.qa.keywords.CommonKeywords.closePlanogram is PASSED

2018-08-09 18:01:29 - [TEST_STEP][PASSED] - verifyElementText: Actual text and expected text of test object 'Object Repository/ShopOpen/RemainingCategories/Validate_ProductCategoryAssetScreen' are matched.

2018-08-09 18:01:30 - [MESSAGE][PASSED] - Actual text and expected text of test object 'Object Repository/ShopOpen/RemainingCategories/Validate_ProductCategoryAssetScreen' are matched.

2018-08-09 18:01:30 - [TEST_STEP][PASSED] - com.ct.qa.keywords.CommonKeywords.findPictureImageView: com.ct.qa.keywords.CommonKeywords.findPictureImageView is PASSED

2018-08-09 18:01:30 - [MESSAGE][WARNING] - Timeout '0' is invalid. Using default page load timeout: '5'

2018-08-09 18:01:33 - [MESSAGE][PASSED] - Tapped on element 'Object Repository/CommonScreenElements/Picture_ImageView'

2018-08-09 18:01:33 - [MESSAGE][WARNING] - Timeout '0' is invalid. Using default page load timeout: '5'

2018-08-09 18:01:33 - [MESSAGE][PASSED] - Element 'Object Repository/CommonScreenElements/Validate_CameraScreen' is exist

2018-08-09 18:01:33 - [MESSAGE][WARNING] - Timeout '0' is invalid. Using default page load timeout: '5'

2018-08-09 18:01:36 - [MESSAGE][PASSED] - Tapped on element 'Object Repository/CommonScreenElements/TakePictureButton'

2018-08-09 18:01:41 - [MESSAGE][PASSED] - Delayed 5 second(s)

2018-08-09 18:01:41 - [MESSAGE][WARNING] - Timeout '0' is invalid. Using default page load timeout: '5'

2018-08-09 18:01:42 - [MESSAGE][PASSED] - Tapped on element 'Object Repository/CommonScreenElements/DoneButton'

2018-08-09 18:01:42 - [MESSAGE][PASSED] - com.ct.qa.keywords.CommonKeywords.findPictureImageView is PASSED

2018-08-09 18:01:42 - [TEST_STEP][PASSED] - verifyElementText: Actual text and expected text of test object 'Object Repository/ShopOpen/RemainingCategories/Validate_ProductCategoryAssetScreen' are matched.

2018-08-09 18:01:43 - [MESSAGE][PASSED] - Actual text and expected text of test object 'Object Repository/ShopOpen/RemainingCategories/Validate_ProductCategoryAssetScreen' are matched.

2018-08-09 18:01:43 - [TEST_STEP][PASSED] - tap: Tapped on element 'Object Repository/ShopOpen/RemainingCategories/ProductCategoryAsset_BackButton'

2018-08-09 18:01:43 - [MESSAGE][WARNING] - Timeout '0' is invalid. Using default page load timeout: '5'

2018-08-09 18:01:43 - [MESSAGE][PASSED] - Tapped on element 'Object Repository/ShopOpen/RemainingCategories/ProductCategoryAsset_BackButton'

2018-08-09 18:01:43 - [TEST_STEP][PASSED] - verifyElementExist: Element 'Object Repository/ShopOpen/Validate_ShopCategoriesListScreen' is exist

2018-08-09 18:01:43 - [MESSAGE][WARNING] - Timeout '0' is invalid. Using default page load timeout: '5'

2018-08-09 18:01:46 - [MESSAGE][PASSED] - Element 'Object Repository/ShopOpen/Validate_ShopCategoriesListScreen' is exist

2018-08-09 18:01:46 - [MESSAGE][PASSED] - Call Test Case 'Test Cases/ShopOpen/RemainingCategories/VisitRemainingCategoriesWithDSA' successfully

2018-08-09 18:01:46 - [TEST_CASE][PASSED] - Test Cases/ShopOpen/RemainingCategories/VisitRemainingCategoriesWithDSA: Test Cases/ShopOpen/RemainingCategories/VisitRemainingCategoriesWithDSA

2018-08-09 18:01:46 - [TEST_STEP][PASSED] - verifyElementText: Actual text and expected text of test object 'Object Repository/ShopOpen/RemainingCategories/Validate_RemainingCategoriesDetailScreen' are matched.

2018-08-09 18:01:49 - [MESSAGE][PASSED] - Actual text and expected text of test object 'Object Repository/ShopOpen/RemainingCategories/Validate_RemainingCategoriesDetailScreen' are matched.

2018-08-09 18:01:49 - [TEST_STEP][PASSED] - tap: Tapped on element 'Object Repository/ShopOpen/RemainingCategories/DisplaySpaceAvailable'

2018-08-09 18:01:49 - [MESSAGE][WARNING] - Timeout '0' is invalid. Using default page load timeout: '5'

2018-08-09 18:01:49 - [MESSAGE][PASSED] - Tapped on element 'Object Repository/ShopOpen/RemainingCategories/DisplaySpaceAvailable'

2018-08-09 18:01:49 - [TEST_STEP][PASSED] - verifyElementText: Actual text and expected text of test object 'Object Repository/ShopOpen/RemainingCategories/Validate_ProductCategoryAssetScreen' are matched.

2018-08-09 18:01:52 - [MESSAGE][PASSED] - Actual text and expected text of test object 'Object Repository/ShopOpen/RemainingCategories/Validate_ProductCategoryAssetScreen' are matched.

2018-08-09 18:01:52 - [TEST_STEP][PASSED] - tap: Tapped on element 'Object Repository/ShopOpen/RemainingCategories/Facing'

2018-08-09 18:01:52 - [MESSAGE][WARNING] - Timeout '0' is invalid. Using default page load timeout: '5'

2018-08-09 18:01:52 - [MESSAGE][PASSED] - Tapped on element 'Object Repository/ShopOpen/RemainingCategories/Facing'

2018-08-09 18:01:52 - [TEST_STEP][PASSED] - verifyElementText: Actual text and expected text of test object 'Object Repository/ShopOpen/RemainingCategories/Validate_FacingScreen' are matched.

2018-08-09 18:01:54 - [MESSAGE][PASSED] - Actual text and expected text of test object 'Object Repository/ShopOpen/RemainingCategories/Validate_FacingScreen' are matched.

2018-08-09 18:01:54 - [TEST_STEP][PASSED] - com.ct.qa.keywords.ChannelProductsDataKeywords.visitChannelWiseProductsData: com.ct.qa.keywords.ChannelProductsDataKeywords.visitChannelWiseProductsData is PASSED

2018-08-09 18:01:58 - [MESSAGE][PASSED] - Keyboard is hidden

2018-08-09 18:02:01 - [MESSAGE][PASSED] - Keyboard is hidden

2018-08-09 18:02:04 - [MESSAGE][PASSED] - Keyboard is hidden

2018-08-09 18:02:07 - [MESSAGE][PASSED] - Keyboard is hidden

2018-08-09 18:02:10 - [MESSAGE][PASSED] - Keyboard is hidden

2018-08-09 18:02:13 - [MESSAGE][PASSED] - Keyboard is hidden

2018-08-09 18:02:16 - [MESSAGE][PASSED] - Swiped from 50,359 to 50,250

2018-08-09 18:02:19 - [MESSAGE][PASSED] - Keyboard is hidden

2018-08-09 18:02:21 - [MESSAGE][PASSED] - Swiped from 50,359 to 50,250

2018-08-09 18:02:24 - [MESSAGE][PASSED] - Keyboard is hidden

2018-08-09 18:02:26 - [MESSAGE][PASSED] - Swiped from 50,359 to 50,250

2018-08-09 18:02:27 - [MESSAGE][PASSED] - com.ct.qa.keywords.ChannelProductsDataKeywords.visitChannelWiseProductsData is PASSED

2018-08-09 18:02:27 - [TEST_STEP][PASSED] - tap: Tapped on element 'Object Repository/ShopOpen/RemainingCategories/SubmitButton'

2018-08-09 18:02:27 - [MESSAGE][WARNING] - Timeout '0' is invalid. Using default page load timeout: '5'

2018-08-09 18:02:27 - [MESSAGE][PASSED] - Tapped on element 'Object Repository/ShopOpen/RemainingCategories/SubmitButton'

2018-08-09 18:02:27 - [TEST_STEP][PASSED] - verifyElementText: Actual text and expected text of test object 'Object Repository/ShopOpen/RemainingCategories/Validate_ProductCategoryAssetScreen' are matched.

2018-08-09 18:02:28 - [MESSAGE][PASSED] - Actual text and expected text of test object 'Object Repository/ShopOpen/RemainingCategories/Validate_ProductCategoryAssetScreen' are matched.

2018-08-09 18:02:28 - [TEST_STEP][PASSED] - tap: Tapped on element 'Object Repository/ShopOpen/RemainingCategories/StockTaking'

2018-08-09 18:02:28 - [MESSAGE][WARNING] - Timeout '0' is invalid. Using default page load timeout: '5'

2018-08-09 18:02:28 - [MESSAGE][PASSED] - Tapped on element 'Object Repository/ShopOpen/RemainingCategories/StockTaking'

2018-08-09 18:02:28 - [TEST_STEP][PASSED] - verifyElementText: Actual text and expected text of test object 'Object Repository/ShopOpen/RemainingCategories/Validate_StockTakingScreen' are matched.

2018-08-09 18:02:30 - [MESSAGE][PASSED] - Actual text and expected text of test object 'Object Repository/ShopOpen/RemainingCategories/Validate_StockTakingScreen' are matched.

2018-08-09 18:02:30 - [TEST_STEP][PASSED] - com.ct.qa.keywords.ChannelProductsDataKeywords.visitChannelWiseProductsData: com.ct.qa.keywords.ChannelProductsDataKeywords.visitChannelWiseProductsData is PASSED

2018-08-09 18:02:35 - [MESSAGE][PASSED] - Keyboard is hidden

2018-08-09 18:02:38 - [MESSAGE][PASSED] - Keyboard is hidden

2018-08-09 18:02:41 - [MESSAGE][PASSED] - Keyboard is hidden

2018-08-09 18:02:44 - [MESSAGE][PASSED] - Keyboard is hidden

2018-08-09 18:02:47 - [MESSAGE][PASSED] - Keyboard is hidden

2018-08-09 18:02:50 - [MESSAGE][PASSED] - Keyboard is hidden

2018-08-09 18:02:54 - [MESSAGE][PASSED] - Swiped from 50,359 to 50,250

2018-08-09 18:02:56 - [MESSAGE][PASSED] - Keyboard is hidden

2018-08-09 18:02:58 - [MESSAGE][PASSED] - Swiped from 50,359 to 50,250

2018-08-09 18:03:01 - [MESSAGE][PASSED] - Keyboard is hidden

2018-08-09 18:03:03 - [MESSAGE][PASSED] - Swiped from 50,359 to 50,250

2018-08-09 18:03:04 - [MESSAGE][PASSED] - com.ct.qa.keywords.ChannelProductsDataKeywords.visitChannelWiseProductsData is PASSED

2018-08-09 18:03:04 - [TEST_STEP][PASSED] - tap: Tapped on element 'Object Repository/ShopOpen/RemainingCategories/SubmitButton'

2018-08-09 18:03:04 - [MESSAGE][WARNING] - Timeout '0' is invalid. Using default page load timeout: '5'

2018-08-09 18:03:04 - [MESSAGE][PASSED] - Tapped on element 'Object Repository/ShopOpen/RemainingCategories/SubmitButton'

2018-08-09 18:03:04 - [TEST_STEP][PASSED] - verifyElementText: Actual text and expected text of test object 'Object Repository/ShopOpen/RemainingCategories/Validate_ProductCategoryAssetScreen' are matched.

2018-08-09 18:03:05 - [MESSAGE][PASSED] - Actual text and expected text of test object 'Object Repository/ShopOpen/RemainingCategories/Validate_ProductCategoryAssetScreen' are matched.

2018-08-09 18:03:05 - [TEST_STEP][PASSED] - tap: Tapped on element 'Object Repository/ShopOpen/RemainingCategories/planogram_ImageView'

2018-08-09 18:03:05 - [MESSAGE][WARNING] - Timeout '0' is invalid. Using default page load timeout: '5'

2018-08-09 18:03:06 - [MESSAGE][PASSED] - Tapped on element 'Object Repository/ShopOpen/RemainingCategories/planogram_ImageView'

2018-08-09 18:03:06 - [TEST_STEP][PASSED] - com.ct.qa.keywords.CommonKeywords.checkPlanogramAvailability: com.ct.qa.keywords.CommonKeywords.checkPlanogramAvailability is PASSED

2018-08-09 18:03:06 - [MESSAGE][WARNING] - Timeout '0' is invalid. Using default page load timeout: '5'

2018-08-09 18:03:12 - [MESSAGE][WARNING] - Object Object Repository/CommonScreenElements/InfoPopUp_OKButton not found
[[ATTACHMENT|F:\\Git Projects\\MMAPlus_Merchandising\\MMAPlus_Merchandising\\Reports\\MMA Plus Merchandising With Chiller Wise Data Verification\\20180809_164504\\1533819791243.png]]

2018-08-09 18:03:12 - [MESSAGE][PASSED] - com.ct.qa.keywords.CommonKeywords.checkPlanogramAvailability is PASSED

2018-08-09 18:03:12 - [TEST_STEP][PASSED] - com.ct.qa.keywords.CommonKeywords.closePlanogram: com.ct.qa.keywords.CommonKeywords.closePlanogram is PASSED

2018-08-09 18:03:12 - [MESSAGE][PASSED] - com.ct.qa.keywords.CommonKeywords.closePlanogram is PASSED

2018-08-09 18:03:12 - [TEST_STEP][PASSED] - verifyElementText: Actual text and expected text of test object 'Object Repository/ShopOpen/RemainingCategories/Validate_ProductCategoryAssetScreen' are matched.

2018-08-09 18:03:13 - [MESSAGE][PASSED] - Actual text and expected text of test object 'Object Repository/ShopOpen/RemainingCategories/Validate_ProductCategoryAssetScreen' are matched.

2018-08-09 18:03:13 - [TEST_STEP][PASSED] - com.ct.qa.keywords.CommonKeywords.findPictureImageView: com.ct.qa.keywords.CommonKeywords.findPictureImageView is PASSED

2018-08-09 18:03:13 - [MESSAGE][WARNING] - Timeout '0' is invalid. Using default page load timeout: '5'

2018-08-09 18:03:16 - [MESSAGE][PASSED] - Tapped on element 'Object Repository/CommonScreenElements/Picture_ImageView'

2018-08-09 18:03:16 - [MESSAGE][WARNING] - Timeout '0' is invalid. Using default page load timeout: '5'

2018-08-09 18:03:16 - [MESSAGE][PASSED] - Element 'Object Repository/CommonScreenElements/Validate_CameraScreen' is exist

2018-08-09 18:03:16 - [MESSAGE][WARNING] - Timeout '0' is invalid. Using default page load timeout: '5'

2018-08-09 18:03:20 - [MESSAGE][PASSED] - Tapped on element 'Object Repository/CommonScreenElements/TakePictureButton'

2018-08-09 18:03:25 - [MESSAGE][PASSED] - Delayed 5 second(s)

2018-08-09 18:03:25 - [MESSAGE][WARNING] - Timeout '0' is invalid. Using default page load timeout: '5'

2018-08-09 18:03:25 - [MESSAGE][PASSED] - Tapped on element 'Object Repository/CommonScreenElements/DoneButton'

2018-08-09 18:03:25 - [MESSAGE][PASSED] - com.ct.qa.keywords.CommonKeywords.findPictureImageView is PASSED

2018-08-09 18:03:25 - [TEST_STEP][PASSED] - verifyElementText: Actual text and expected text of test object 'Object Repository/ShopOpen/RemainingCategories/Validate_ProductCategoryAssetScreen' are matched.

2018-08-09 18:03:26 - [MESSAGE][PASSED] - Actual text and expected text of test object 'Object Repository/ShopOpen/RemainingCategories/Validate_ProductCategoryAssetScreen' are matched.

2018-08-09 18:03:26 - [TEST_STEP][PASSED] - tap: Tapped on element 'Object Repository/ShopOpen/RemainingCategories/ProductCategoryAsset_BackButton'

2018-08-09 18:03:26 - [MESSAGE][WARNING] - Timeout '0' is invalid. Using default page load timeout: '5'

2018-08-09 18:03:26 - [MESSAGE][PASSED] - Tapped on element 'Object Repository/ShopOpen/RemainingCategories/ProductCategoryAsset_BackButton'

2018-08-09 18:03:26 - [TEST_STEP][PASSED] - verifyElementExist: Element 'Object Repository/ShopOpen/Validate_ShopCategoriesListScreen' is exist

2018-08-09 18:03:26 - [MESSAGE][WARNING] - Timeout '0' is invalid. Using default page load timeout: '5'

2018-08-09 18:03:28 - [MESSAGE][PASSED] - Element 'Object Repository/ShopOpen/Validate_ShopCategoriesListScreen' is exist

2018-08-09 18:03:28 - [MESSAGE][PASSED] - Call Test Case 'Test Cases/ShopOpen/RemainingCategories/VisitRemainingCategoriesWithDSA' successfully

2018-08-09 18:03:28 - [TEST_CASE][PASSED] - Test Cases/ShopOpen/RemainingCategories/VisitRemainingCategoriesWithDSA: Test Cases/ShopOpen/RemainingCategories/VisitRemainingCategoriesWithDSA

2018-08-09 18:03:28 - [TEST_STEP][PASSED] - verifyElementText: Actual text and expected text of test object 'Object Repository/ShopOpen/RemainingCategories/Validate_RemainingCategoriesDetailScreen' are matched.

2018-08-09 18:03:31 - [MESSAGE][PASSED] - Actual text and expected text of test object 'Object Repository/ShopOpen/RemainingCategories/Validate_RemainingCategoriesDetailScreen' are matched.

2018-08-09 18:03:31 - [TEST_STEP][PASSED] - tap: Tapped on element 'Object Repository/ShopOpen/RemainingCategories/DisplaySpaceAvailable'

2018-08-09 18:03:31 - [MESSAGE][WARNING] - Timeout '0' is invalid. Using default page load timeout: '5'

2018-08-09 18:03:31 - [MESSAGE][PASSED] - Tapped on element 'Object Repository/ShopOpen/RemainingCategories/DisplaySpaceAvailable'

2018-08-09 18:03:31 - [TEST_STEP][PASSED] - verifyElementText: Actual text and expected text of test object 'Object Repository/ShopOpen/RemainingCategories/Validate_ProductCategoryAssetScreen' are matched.

2018-08-09 18:03:33 - [MESSAGE][PASSED] - Actual text and expected text of test object 'Object Repository/ShopOpen/RemainingCategories/Validate_ProductCategoryAssetScreen' are matched.

2018-08-09 18:03:33 - [TEST_STEP][PASSED] - tap: Tapped on element 'Object Repository/ShopOpen/RemainingCategories/Facing'

2018-08-09 18:03:33 - [MESSAGE][WARNING] - Timeout '0' is invalid. Using default page load timeout: '5'

2018-08-09 18:03:33 - [MESSAGE][PASSED] - Tapped on element 'Object Repository/ShopOpen/RemainingCategories/Facing'

2018-08-09 18:03:33 - [TEST_STEP][PASSED] - verifyElementText: Actual text and expected text of test object 'Object Repository/ShopOpen/RemainingCategories/Validate_FacingScreen' are matched.

2018-08-09 18:03:35 - [MESSAGE][PASSED] - Actual text and expected text of test object 'Object Repository/ShopOpen/RemainingCategories/Validate_FacingScreen' are matched.

2018-08-09 18:03:35 - [TEST_STEP][PASSED] - com.ct.qa.keywords.ChannelProductsDataKeywords.visitChannelWiseProductsData: com.ct.qa.keywords.ChannelProductsDataKeywords.visitChannelWiseProductsData is PASSED

2018-08-09 18:03:39 - [MESSAGE][PASSED] - Keyboard is hidden

2018-08-09 18:03:42 - [MESSAGE][PASSED] - Keyboard is hidden

2018-08-09 18:03:45 - [MESSAGE][PASSED] - Keyboard is hidden

2018-08-09 18:03:48 - [MESSAGE][PASSED] - Keyboard is hidden

2018-08-09 18:03:49 - [MESSAGE][PASSED] - com.ct.qa.keywords.ChannelProductsDataKeywords.visitChannelWiseProductsData is PASSED

2018-08-09 18:03:49 - [TEST_STEP][PASSED] - tap: Tapped on element 'Object Repository/ShopOpen/RemainingCategories/SubmitButton'

2018-08-09 18:03:49 - [MESSAGE][WARNING] - Timeout '0' is invalid. Using default page load timeout: '5'

2018-08-09 18:03:50 - [MESSAGE][PASSED] - Tapped on element 'Object Repository/ShopOpen/RemainingCategories/SubmitButton'

2018-08-09 18:03:50 - [TEST_STEP][PASSED] - verifyElementText: Actual text and expected text of test object 'Object Repository/ShopOpen/RemainingCategories/Validate_ProductCategoryAssetScreen' are matched.

2018-08-09 18:03:51 - [MESSAGE][PASSED] - Actual text and expected text of test object 'Object Repository/ShopOpen/RemainingCategories/Validate_ProductCategoryAssetScreen' are matched.

2018-08-09 18:03:51 - [TEST_STEP][PASSED] - tap: Tapped on element 'Object Repository/ShopOpen/RemainingCategories/StockTaking'

2018-08-09 18:03:51 - [MESSAGE][WARNING] - Timeout '0' is invalid. Using default page load timeout: '5'

2018-08-09 18:03:51 - [MESSAGE][PASSED] - Tapped on element 'Object Repository/ShopOpen/RemainingCategories/StockTaking'

2018-08-09 18:03:51 - [TEST_STEP][PASSED] - verifyElementText: Actual text and expected text of test object 'Object Repository/ShopOpen/RemainingCategories/Validate_StockTakingScreen' are matched.

2018-08-09 18:03:53 - [MESSAGE][PASSED] - Actual text and expected text of test object 'Object Repository/ShopOpen/RemainingCategories/Validate_StockTakingScreen' are matched.

2018-08-09 18:03:53 - [TEST_STEP][PASSED] - com.ct.qa.keywords.ChannelProductsDataKeywords.visitChannelWiseProductsData: com.ct.qa.keywords.ChannelProductsDataKeywords.visitChannelWiseProductsData is PASSED

2018-08-09 18:03:57 - [MESSAGE][PASSED] - Keyboard is hidden

2018-08-09 18:04:00 - [MESSAGE][PASSED] - Keyboard is hidden

2018-08-09 18:04:03 - [MESSAGE][PASSED] - Keyboard is hidden

2018-08-09 18:04:06 - [MESSAGE][PASSED] - Keyboard is hidden

2018-08-09 18:04:07 - [MESSAGE][PASSED] - com.ct.qa.keywords.ChannelProductsDataKeywords.visitChannelWiseProductsData is PASSED

2018-08-09 18:04:07 - [TEST_STEP][PASSED] - tap: Tapped on element 'Object Repository/ShopOpen/RemainingCategories/SubmitButton'

2018-08-09 18:04:07 - [MESSAGE][WARNING] - Timeout '0' is invalid. Using default page load timeout: '5'

2018-08-09 18:04:08 - [MESSAGE][PASSED] - Tapped on element 'Object Repository/ShopOpen/RemainingCategories/SubmitButton'

2018-08-09 18:04:08 - [TEST_STEP][PASSED] - verifyElementText: Actual text and expected text of test object 'Object Repository/ShopOpen/RemainingCategories/Validate_ProductCategoryAssetScreen' are matched.

2018-08-09 18:04:09 - [MESSAGE][PASSED] - Actual text and expected text of test object 'Object Repository/ShopOpen/RemainingCategories/Validate_ProductCategoryAssetScreen' are matched.

2018-08-09 18:04:09 - [TEST_STEP][PASSED] - tap: Tapped on element 'Object Repository/ShopOpen/RemainingCategories/planogram_ImageView'

2018-08-09 18:04:09 - [MESSAGE][WARNING] - Timeout '0' is invalid. Using default page load timeout: '5'

2018-08-09 18:04:09 - [MESSAGE][PASSED] - Tapped on element 'Object Repository/ShopOpen/RemainingCategories/planogram_ImageView'

2018-08-09 18:04:09 - [TEST_STEP][PASSED] - com.ct.qa.keywords.CommonKeywords.checkPlanogramAvailability: com.ct.qa.keywords.CommonKeywords.checkPlanogramAvailability is PASSED

2018-08-09 18:04:09 - [MESSAGE][WARNING] - Timeout '0' is invalid. Using default page load timeout: '5'

2018-08-09 18:04:15 - [MESSAGE][WARNING] - Object Object Repository/CommonScreenElements/InfoPopUp_OKButton not found
[[ATTACHMENT|F:\\Git Projects\\MMAPlus_Merchandising\\MMAPlus_Merchandising\\Reports\\MMA Plus Merchandising With Chiller Wise Data Verification\\20180809_164504\\1533819854831.png]]

2018-08-09 18:04:15 - [MESSAGE][PASSED] - com.ct.qa.keywords.CommonKeywords.checkPlanogramAvailability is PASSED

2018-08-09 18:04:15 - [TEST_STEP][PASSED] - com.ct.qa.keywords.CommonKeywords.closePlanogram: com.ct.qa.keywords.CommonKeywords.closePlanogram is PASSED

2018-08-09 18:04:16 - [MESSAGE][PASSED] - com.ct.qa.keywords.CommonKeywords.closePlanogram is PASSED

2018-08-09 18:04:16 - [TEST_STEP][PASSED] - verifyElementText: Actual text and expected text of test object 'Object Repository/ShopOpen/RemainingCategories/Validate_ProductCategoryAssetScreen' are matched.

2018-08-09 18:04:17 - [MESSAGE][PASSED] - Actual text and expected text of test object 'Object Repository/ShopOpen/RemainingCategories/Validate_ProductCategoryAssetScreen' are matched.

2018-08-09 18:04:17 - [TEST_STEP][PASSED] - com.ct.qa.keywords.CommonKeywords.findPictureImageView: com.ct.qa.keywords.CommonKeywords.findPictureImageView is PASSED

2018-08-09 18:04:17 - [MESSAGE][WARNING] - Timeout '0' is invalid. Using default page load timeout: '5'

2018-08-09 18:04:19 - [MESSAGE][PASSED] - Tapped on element 'Object Repository/CommonScreenElements/Picture_ImageView'

2018-08-09 18:04:19 - [MESSAGE][WARNING] - Timeout '0' is invalid. Using default page load timeout: '5'

2018-08-09 18:04:20 - [MESSAGE][PASSED] - Element 'Object Repository/CommonScreenElements/Validate_CameraScreen' is exist

2018-08-09 18:04:20 - [MESSAGE][WARNING] - Timeout '0' is invalid. Using default page load timeout: '5'

2018-08-09 18:04:24 - [MESSAGE][PASSED] - Tapped on element 'Object Repository/CommonScreenElements/TakePictureButton'

2018-08-09 18:04:29 - [MESSAGE][PASSED] - Delayed 5 second(s)

2018-08-09 18:04:29 - [MESSAGE][WARNING] - Timeout '0' is invalid. Using default page load timeout: '5'

2018-08-09 18:04:29 - [MESSAGE][PASSED] - Tapped on element 'Object Repository/CommonScreenElements/DoneButton'

2018-08-09 18:04:29 - [MESSAGE][PASSED] - com.ct.qa.keywords.CommonKeywords.findPictureImageView is PASSED

2018-08-09 18:04:29 - [TEST_STEP][PASSED] - verifyElementText: Actual text and expected text of test object 'Object Repository/ShopOpen/RemainingCategories/Validate_ProductCategoryAssetScreen' are matched.

2018-08-09 18:04:30 - [MESSAGE][PASSED] - Actual text and expected text of test object 'Object Repository/ShopOpen/RemainingCategories/Validate_ProductCategoryAssetScreen' are matched.

2018-08-09 18:04:30 - [TEST_STEP][PASSED] - tap: Tapped on element 'Object Repository/ShopOpen/RemainingCategories/ProductCategoryAsset_BackButton'

2018-08-09 18:04:30 - [MESSAGE][WARNING] - Timeout '0' is invalid. Using default page load timeout: '5'

2018-08-09 18:04:31 - [MESSAGE][PASSED] - Tapped on element 'Object Repository/ShopOpen/RemainingCategories/ProductCategoryAsset_BackButton'

2018-08-09 18:04:31 - [TEST_STEP][PASSED] - verifyElementExist: Element 'Object Repository/ShopOpen/Validate_ShopCategoriesListScreen' is exist

2018-08-09 18:04:31 - [MESSAGE][WARNING] - Timeout '0' is invalid. Using default page load timeout: '5'

2018-08-09 18:04:33 - [MESSAGE][PASSED] - Element 'Object Repository/ShopOpen/Validate_ShopCategoriesListScreen' is exist

2018-08-09 18:04:33 - [MESSAGE][PASSED] - Call Test Case 'Test Cases/ShopOpen/RemainingCategories/VisitRemainingCategoriesWithDSA' successfully

2018-08-09 18:04:35 - [MESSAGE][PASSED] - Swiped from 0,293 to 0,200

2018-08-09 18:04:36 - [TEST_CASE][PASSED] - Test Cases/ShopOpen/RemainingCategories/VisitRemainingCategoriesWithDSA: Test Cases/ShopOpen/RemainingCategories/VisitRemainingCategoriesWithDSA

2018-08-09 18:04:36 - [TEST_STEP][PASSED] - verifyElementText: Actual text and expected text of test object 'Object Repository/ShopOpen/RemainingCategories/Validate_RemainingCategoriesDetailScreen' are matched.

2018-08-09 18:04:39 - [MESSAGE][PASSED] - Actual text and expected text of test object 'Object Repository/ShopOpen/RemainingCategories/Validate_RemainingCategoriesDetailScreen' are matched.

2018-08-09 18:04:39 - [TEST_STEP][PASSED] - tap: Tapped on element 'Object Repository/ShopOpen/RemainingCategories/DisplaySpaceAvailable'

2018-08-09 18:04:39 - [MESSAGE][WARNING] - Timeout '0' is invalid. Using default page load timeout: '5'

2018-08-09 18:04:39 - [MESSAGE][PASSED] - Tapped on element 'Object Repository/ShopOpen/RemainingCategories/DisplaySpaceAvailable'

2018-08-09 18:04:39 - [TEST_STEP][PASSED] - verifyElementText: Actual text and expected text of test object 'Object Repository/ShopOpen/RemainingCategories/Validate_ProductCategoryAssetScreen' are matched.

2018-08-09 18:04:41 - [MESSAGE][PASSED] - Actual text and expected text of test object 'Object Repository/ShopOpen/RemainingCategories/Validate_ProductCategoryAssetScreen' are matched.

2018-08-09 18:04:41 - [TEST_STEP][PASSED] - tap: Tapped on element 'Object Repository/ShopOpen/RemainingCategories/Facing'

2018-08-09 18:04:41 - [MESSAGE][WARNING] - Timeout '0' is invalid. Using default page load timeout: '5'

2018-08-09 18:04:41 - [MESSAGE][PASSED] - Tapped on element 'Object Repository/ShopOpen/RemainingCategories/Facing'

2018-08-09 18:04:41 - [TEST_STEP][PASSED] - verifyElementText: Actual text and expected text of test object 'Object Repository/ShopOpen/RemainingCategories/Validate_FacingScreen' are matched.

2018-08-09 18:04:43 - [MESSAGE][PASSED] - Actual text and expected text of test object 'Object Repository/ShopOpen/RemainingCategories/Validate_FacingScreen' are matched.

2018-08-09 18:04:43 - [TEST_STEP][PASSED] - com.ct.qa.keywords.ChannelProductsDataKeywords.visitChannelWiseProductsData: com.ct.qa.keywords.ChannelProductsDataKeywords.visitChannelWiseProductsData is PASSED

2018-08-09 18:04:47 - [MESSAGE][PASSED] - Keyboard is hidden

2018-08-09 18:04:50 - [MESSAGE][PASSED] - Keyboard is hidden

2018-08-09 18:04:53 - [MESSAGE][PASSED] - Keyboard is hidden

2018-08-09 18:04:56 - [MESSAGE][PASSED] - Keyboard is hidden

2018-08-09 18:04:57 - [MESSAGE][PASSED] - com.ct.qa.keywords.ChannelProductsDataKeywords.visitChannelWiseProductsData is PASSED

2018-08-09 18:04:57 - [TEST_STEP][PASSED] - tap: Tapped on element 'Object Repository/ShopOpen/RemainingCategories/SubmitButton'

2018-08-09 18:04:57 - [MESSAGE][WARNING] - Timeout '0' is invalid. Using default page load timeout: '5'

2018-08-09 18:04:58 - [MESSAGE][PASSED] - Tapped on element 'Object Repository/ShopOpen/RemainingCategories/SubmitButton'

2018-08-09 18:04:58 - [TEST_STEP][PASSED] - verifyElementText: Actual text and expected text of test object 'Object Repository/ShopOpen/RemainingCategories/Validate_ProductCategoryAssetScreen' are matched.

2018-08-09 18:04:59 - [MESSAGE][PASSED] - Actual text and expected text of test object 'Object Repository/ShopOpen/RemainingCategories/Validate_ProductCategoryAssetScreen' are matched.

2018-08-09 18:04:59 - [TEST_STEP][PASSED] - tap: Tapped on element 'Object Repository/ShopOpen/RemainingCategories/StockTaking'

2018-08-09 18:04:59 - [MESSAGE][WARNING] - Timeout '0' is invalid. Using default page load timeout: '5'

2018-08-09 18:05:00 - [MESSAGE][PASSED] - Tapped on element 'Object Repository/ShopOpen/RemainingCategories/StockTaking'

2018-08-09 18:05:00 - [TEST_STEP][PASSED] - verifyElementText: Actual text and expected text of test object 'Object Repository/ShopOpen/RemainingCategories/Validate_StockTakingScreen' are matched.

2018-08-09 18:05:02 - [MESSAGE][PASSED] - Actual text and expected text of test object 'Object Repository/ShopOpen/RemainingCategories/Validate_StockTakingScreen' are matched.

2018-08-09 18:05:02 - [TEST_STEP][PASSED] - com.ct.qa.keywords.ChannelProductsDataKeywords.visitChannelWiseProductsData: com.ct.qa.keywords.ChannelProductsDataKeywords.visitChannelWiseProductsData is PASSED

2018-08-09 18:05:06 - [MESSAGE][PASSED] - Keyboard is hidden

2018-08-09 18:05:09 - [MESSAGE][PASSED] - Keyboard is hidden

2018-08-09 18:05:12 - [MESSAGE][PASSED] - Keyboard is hidden

2018-08-09 18:05:15 - [MESSAGE][PASSED] - Keyboard is hidden

2018-08-09 18:05:16 - [MESSAGE][PASSED] - com.ct.qa.keywords.ChannelProductsDataKeywords.visitChannelWiseProductsData is PASSED

2018-08-09 18:05:16 - [TEST_STEP][PASSED] - tap: Tapped on element 'Object Repository/ShopOpen/RemainingCategories/SubmitButton'

2018-08-09 18:05:16 - [MESSAGE][WARNING] - Timeout '0' is invalid. Using default page load timeout: '5'

2018-08-09 18:05:17 - [MESSAGE][PASSED] - Tapped on element 'Object Repository/ShopOpen/RemainingCategories/SubmitButton'

2018-08-09 18:05:17 - [TEST_STEP][PASSED] - verifyElementText: Actual text and expected text of test object 'Object Repository/ShopOpen/RemainingCategories/Validate_ProductCategoryAssetScreen' are matched.

2018-08-09 18:05:18 - [MESSAGE][PASSED] - Actual text and expected text of test object 'Object Repository/ShopOpen/RemainingCategories/Validate_ProductCategoryAssetScreen' are matched.

2018-08-09 18:05:18 - [TEST_STEP][PASSED] - tap: Tapped on element 'Object Repository/ShopOpen/RemainingCategories/planogram_ImageView'

2018-08-09 18:05:18 - [MESSAGE][WARNING] - Timeout '0' is invalid. Using default page load timeout: '5'

2018-08-09 18:05:18 - [MESSAGE][PASSED] - Tapped on element 'Object Repository/ShopOpen/RemainingCategories/planogram_ImageView'

2018-08-09 18:05:18 - [TEST_STEP][PASSED] - com.ct.qa.keywords.CommonKeywords.checkPlanogramAvailability: com.ct.qa.keywords.CommonKeywords.checkPlanogramAvailability is PASSED

2018-08-09 18:05:18 - [MESSAGE][WARNING] - Timeout '0' is invalid. Using default page load timeout: '5'

2018-08-09 18:05:24 - [MESSAGE][WARNING] - Object Object Repository/CommonScreenElements/InfoPopUp_OKButton not found
[[ATTACHMENT|F:\\Git Projects\\MMAPlus_Merchandising\\MMAPlus_Merchandising\\Reports\\MMA Plus Merchandising With Chiller Wise Data Verification\\20180809_164504\\1533819923874.png]]

2018-08-09 18:05:24 - [MESSAGE][PASSED] - com.ct.qa.keywords.CommonKeywords.checkPlanogramAvailability is PASSED

2018-08-09 18:05:24 - [TEST_STEP][PASSED] - com.ct.qa.keywords.CommonKeywords.closePlanogram: com.ct.qa.keywords.CommonKeywords.closePlanogram is PASSED

2018-08-09 18:05:25 - [MESSAGE][PASSED] - com.ct.qa.keywords.CommonKeywords.closePlanogram is PASSED

2018-08-09 18:05:25 - [TEST_STEP][PASSED] - verifyElementText: Actual text and expected text of test object 'Object Repository/ShopOpen/RemainingCategories/Validate_ProductCategoryAssetScreen' are matched.

2018-08-09 18:05:26 - [MESSAGE][PASSED] - Actual text and expected text of test object 'Object Repository/ShopOpen/RemainingCategories/Validate_ProductCategoryAssetScreen' are matched.

2018-08-09 18:05:26 - [TEST_STEP][PASSED] - com.ct.qa.keywords.CommonKeywords.findPictureImageView: com.ct.qa.keywords.CommonKeywords.findPictureImageView is PASSED

2018-08-09 18:05:26 - [MESSAGE][WARNING] - Timeout '0' is invalid. Using default page load timeout: '5'

2018-08-09 18:05:28 - [MESSAGE][PASSED] - Tapped on element 'Object Repository/CommonScreenElements/Picture_ImageView'

2018-08-09 18:05:28 - [MESSAGE][WARNING] - Timeout '0' is invalid. Using default page load timeout: '5'

2018-08-09 18:05:29 - [MESSAGE][PASSED] - Element 'Object Repository/CommonScreenElements/Validate_CameraScreen' is exist

2018-08-09 18:05:29 - [MESSAGE][WARNING] - Timeout '0' is invalid. Using default page load timeout: '5'

2018-08-09 18:05:32 - [MESSAGE][PASSED] - Tapped on element 'Object Repository/CommonScreenElements/TakePictureButton'

2018-08-09 18:05:37 - [MESSAGE][PASSED] - Delayed 5 second(s)

2018-08-09 18:05:37 - [MESSAGE][WARNING] - Timeout '0' is invalid. Using default page load timeout: '5'

2018-08-09 18:05:38 - [MESSAGE][PASSED] - Tapped on element 'Object Repository/CommonScreenElements/DoneButton'

2018-08-09 18:05:38 - [MESSAGE][PASSED] - com.ct.qa.keywords.CommonKeywords.findPictureImageView is PASSED

2018-08-09 18:05:38 - [TEST_STEP][PASSED] - verifyElementText: Actual text and expected text of test object 'Object Repository/ShopOpen/RemainingCategories/Validate_ProductCategoryAssetScreen' are matched.

2018-08-09 18:05:39 - [MESSAGE][PASSED] - Actual text and expected text of test object 'Object Repository/ShopOpen/RemainingCategories/Validate_ProductCategoryAssetScreen' are matched.

2018-08-09 18:05:39 - [TEST_STEP][PASSED] - tap: Tapped on element 'Object Repository/ShopOpen/RemainingCategories/ProductCategoryAsset_BackButton'

2018-08-09 18:05:39 - [MESSAGE][WARNING] - Timeout '0' is invalid. Using default page load timeout: '5'

2018-08-09 18:05:40 - [MESSAGE][PASSED] - Tapped on element 'Object Repository/ShopOpen/RemainingCategories/ProductCategoryAsset_BackButton'

2018-08-09 18:05:40 - [TEST_STEP][PASSED] - verifyElementExist: Element 'Object Repository/ShopOpen/Validate_ShopCategoriesListScreen' is exist

2018-08-09 18:05:40 - [MESSAGE][WARNING] - Timeout '0' is invalid. Using default page load timeout: '5'

2018-08-09 18:05:42 - [MESSAGE][PASSED] - Element 'Object Repository/ShopOpen/Validate_ShopCategoriesListScreen' is exist

2018-08-09 18:05:42 - [MESSAGE][PASSED] - Call Test Case 'Test Cases/ShopOpen/RemainingCategories/VisitRemainingCategoriesWithDSA' successfully

2018-08-09 18:05:43 - [MESSAGE][PASSED] - Swiped from 0,293 to 0,200

2018-08-09 18:05:46 - [MESSAGE][PASSED] - Swiped from 0,293 to 0,200

2018-08-09 18:05:48 - [TEST_CASE][PASSED] - Test Cases/ShopOpen/RemainingCategories/VisitRemainingCategoriesWithDSA: Test Cases/ShopOpen/RemainingCategories/VisitRemainingCategoriesWithDSA

2018-08-09 18:05:48 - [TEST_STEP][PASSED] - verifyElementText: Actual text and expected text of test object 'Object Repository/ShopOpen/RemainingCategories/Validate_RemainingCategoriesDetailScreen' are matched.

2018-08-09 18:05:50 - [MESSAGE][PASSED] - Actual text and expected text of test object 'Object Repository/ShopOpen/RemainingCategories/Validate_RemainingCategoriesDetailScreen' are matched.

2018-08-09 18:05:50 - [TEST_STEP][PASSED] - tap: Tapped on element 'Object Repository/ShopOpen/RemainingCategories/DisplaySpaceAvailable'

2018-08-09 18:05:50 - [MESSAGE][WARNING] - Timeout '0' is invalid. Using default page load timeout: '5'

2018-08-09 18:05:50 - [MESSAGE][PASSED] - Tapped on element 'Object Repository/ShopOpen/RemainingCategories/DisplaySpaceAvailable'

2018-08-09 18:05:50 - [TEST_STEP][PASSED] - verifyElementText: Actual text and expected text of test object 'Object Repository/ShopOpen/RemainingCategories/Validate_ProductCategoryAssetScreen' are matched.

2018-08-09 18:05:53 - [MESSAGE][PASSED] - Actual text and expected text of test object 'Object Repository/ShopOpen/RemainingCategories/Validate_ProductCategoryAssetScreen' are matched.

2018-08-09 18:05:53 - [TEST_STEP][PASSED] - tap: Tapped on element 'Object Repository/ShopOpen/RemainingCategories/Facing'

2018-08-09 18:05:53 - [MESSAGE][WARNING] - Timeout '0' is invalid. Using default page load timeout: '5'

2018-08-09 18:05:53 - [MESSAGE][PASSED] - Tapped on element 'Object Repository/ShopOpen/RemainingCategories/Facing'

2018-08-09 18:05:53 - [TEST_STEP][PASSED] - verifyElementText: Actual text and expected text of test object 'Object Repository/ShopOpen/RemainingCategories/Validate_FacingScreen' are matched.

2018-08-09 18:05:55 - [MESSAGE][PASSED] - Actual text and expected text of test object 'Object Repository/ShopOpen/RemainingCategories/Validate_FacingScreen' are matched.

2018-08-09 18:05:55 - [TEST_STEP][PASSED] - com.ct.qa.keywords.ChannelProductsDataKeywords.visitChannelWiseProductsData: com.ct.qa.keywords.ChannelProductsDataKeywords.visitChannelWiseProductsData is PASSED

2018-08-09 18:05:58 - [MESSAGE][PASSED] - Keyboard is hidden

2018-08-09 18:05:59 - [MESSAGE][PASSED] - com.ct.qa.keywords.ChannelProductsDataKeywords.visitChannelWiseProductsData is PASSED

2018-08-09 18:05:59 - [TEST_STEP][PASSED] - tap: Tapped on element 'Object Repository/ShopOpen/RemainingCategories/SubmitButton'

2018-08-09 18:05:59 - [MESSAGE][WARNING] - Timeout '0' is invalid. Using default page load timeout: '5'

2018-08-09 18:05:59 - [MESSAGE][PASSED] - Tapped on element 'Object Repository/ShopOpen/RemainingCategories/SubmitButton'

2018-08-09 18:05:59 - [TEST_STEP][PASSED] - verifyElementText: Actual text and expected text of test object 'Object Repository/ShopOpen/RemainingCategories/Validate_ProductCategoryAssetScreen' are matched.

2018-08-09 18:06:01 - [MESSAGE][PASSED] - Actual text and expected text of test object 'Object Repository/ShopOpen/RemainingCategories/Validate_ProductCategoryAssetScreen' are matched.

2018-08-09 18:06:01 - [TEST_STEP][PASSED] - tap: Tapped on element 'Object Repository/ShopOpen/RemainingCategories/StockTaking'

2018-08-09 18:06:01 - [MESSAGE][WARNING] - Timeout '0' is invalid. Using default page load timeout: '5'

2018-08-09 18:06:01 - [MESSAGE][PASSED] - Tapped on element 'Object Repository/ShopOpen/RemainingCategories/StockTaking'

2018-08-09 18:06:01 - [TEST_STEP][PASSED] - verifyElementText: Actual text and expected text of test object 'Object Repository/ShopOpen/RemainingCategories/Validate_StockTakingScreen' are matched.

2018-08-09 18:06:03 - [MESSAGE][PASSED] - Actual text and expected text of test object 'Object Repository/ShopOpen/RemainingCategories/Validate_StockTakingScreen' are matched.

2018-08-09 18:06:03 - [TEST_STEP][PASSED] - com.ct.qa.keywords.ChannelProductsDataKeywords.visitChannelWiseProductsData: com.ct.qa.keywords.ChannelProductsDataKeywords.visitChannelWiseProductsData is PASSED

2018-08-09 18:06:06 - [MESSAGE][PASSED] - Keyboard is hidden

2018-08-09 18:06:07 - [MESSAGE][PASSED] - com.ct.qa.keywords.ChannelProductsDataKeywords.visitChannelWiseProductsData is PASSED

2018-08-09 18:06:07 - [TEST_STEP][PASSED] - tap: Tapped on element 'Object Repository/ShopOpen/RemainingCategories/SubmitButton'

2018-08-09 18:06:07 - [MESSAGE][WARNING] - Timeout '0' is invalid. Using default page load timeout: '5'

2018-08-09 18:06:07 - [MESSAGE][PASSED] - Tapped on element 'Object Repository/ShopOpen/RemainingCategories/SubmitButton'

2018-08-09 18:06:07 - [TEST_STEP][PASSED] - verifyElementText: Actual text and expected text of test object 'Object Repository/ShopOpen/RemainingCategories/Validate_ProductCategoryAssetScreen' are matched.

2018-08-09 18:06:08 - [MESSAGE][PASSED] - Actual text and expected text of test object 'Object Repository/ShopOpen/RemainingCategories/Validate_ProductCategoryAssetScreen' are matched.

2018-08-09 18:06:08 - [TEST_STEP][PASSED] - tap: Tapped on element 'Object Repository/ShopOpen/RemainingCategories/planogram_ImageView'

2018-08-09 18:06:08 - [MESSAGE][WARNING] - Timeout '0' is invalid. Using default page load timeout: '5'

2018-08-09 18:06:08 - [MESSAGE][PASSED] - Tapped on element 'Object Repository/ShopOpen/RemainingCategories/planogram_ImageView'

2018-08-09 18:06:08 - [TEST_STEP][PASSED] - com.ct.qa.keywords.CommonKeywords.checkPlanogramAvailability: com.ct.qa.keywords.CommonKeywords.checkPlanogramAvailability is PASSED

2018-08-09 18:06:08 - [MESSAGE][WARNING] - Timeout '0' is invalid. Using default page load timeout: '5'

2018-08-09 18:06:14 - [MESSAGE][WARNING] - Object Object Repository/CommonScreenElements/InfoPopUp_OKButton not found
[[ATTACHMENT|F:\\Git Projects\\MMAPlus_Merchandising\\MMAPlus_Merchandising\\Reports\\MMA Plus Merchandising With Chiller Wise Data Verification\\20180809_164504\\1533819973838.png]]

2018-08-09 18:06:14 - [MESSAGE][PASSED] - com.ct.qa.keywords.CommonKeywords.checkPlanogramAvailability is PASSED

2018-08-09 18:06:14 - [TEST_STEP][PASSED] - com.ct.qa.keywords.CommonKeywords.closePlanogram: com.ct.qa.keywords.CommonKeywords.closePlanogram is PASSED

2018-08-09 18:06:15 - [MESSAGE][PASSED] - com.ct.qa.keywords.CommonKeywords.closePlanogram is PASSED

2018-08-09 18:06:15 - [TEST_STEP][PASSED] - verifyElementText: Actual text and expected text of test object 'Object Repository/ShopOpen/RemainingCategories/Validate_ProductCategoryAssetScreen' are matched.

2018-08-09 18:06:16 - [MESSAGE][PASSED] - Actual text and expected text of test object 'Object Repository/ShopOpen/RemainingCategories/Validate_ProductCategoryAssetScreen' are matched.

2018-08-09 18:06:16 - [TEST_STEP][PASSED] - com.ct.qa.keywords.CommonKeywords.findPictureImageView: com.ct.qa.keywords.CommonKeywords.findPictureImageView is PASSED

2018-08-09 18:06:16 - [MESSAGE][WARNING] - Timeout '0' is invalid. Using default page load timeout: '5'

2018-08-09 18:06:18 - [MESSAGE][PASSED] - Tapped on element 'Object Repository/CommonScreenElements/Picture_ImageView'

2018-08-09 18:06:18 - [MESSAGE][WARNING] - Timeout '0' is invalid. Using default page load timeout: '5'

2018-08-09 18:06:19 - [MESSAGE][PASSED] - Element 'Object Repository/CommonScreenElements/Validate_CameraScreen' is exist

2018-08-09 18:06:19 - [MESSAGE][WARNING] - Timeout '0' is invalid. Using default page load timeout: '5'

2018-08-09 18:06:22 - [MESSAGE][PASSED] - Tapped on element 'Object Repository/CommonScreenElements/TakePictureButton'

2018-08-09 18:06:27 - [MESSAGE][PASSED] - Delayed 5 second(s)

2018-08-09 18:06:27 - [MESSAGE][WARNING] - Timeout '0' is invalid. Using default page load timeout: '5'

2018-08-09 18:06:28 - [MESSAGE][PASSED] - Tapped on element 'Object Repository/CommonScreenElements/DoneButton'

2018-08-09 18:06:28 - [MESSAGE][PASSED] - com.ct.qa.keywords.CommonKeywords.findPictureImageView is PASSED

2018-08-09 18:06:28 - [TEST_STEP][PASSED] - verifyElementText: Actual text and expected text of test object 'Object Repository/ShopOpen/RemainingCategories/Validate_ProductCategoryAssetScreen' are matched.

2018-08-09 18:06:29 - [MESSAGE][PASSED] - Actual text and expected text of test object 'Object Repository/ShopOpen/RemainingCategories/Validate_ProductCategoryAssetScreen' are matched.

2018-08-09 18:06:29 - [TEST_STEP][PASSED] - tap: Tapped on element 'Object Repository/ShopOpen/RemainingCategories/ProductCategoryAsset_BackButton'

2018-08-09 18:06:29 - [MESSAGE][WARNING] - Timeout '0' is invalid. Using default page load timeout: '5'

2018-08-09 18:06:29 - [MESSAGE][PASSED] - Tapped on element 'Object Repository/ShopOpen/RemainingCategories/ProductCategoryAsset_BackButton'

2018-08-09 18:06:29 - [TEST_STEP][PASSED] - verifyElementExist: Element 'Object Repository/ShopOpen/Validate_ShopCategoriesListScreen' is exist

2018-08-09 18:06:29 - [MESSAGE][WARNING] - Timeout '0' is invalid. Using default page load timeout: '5'

2018-08-09 18:06:32 - [MESSAGE][PASSED] - Element 'Object Repository/ShopOpen/Validate_ShopCategoriesListScreen' is exist

2018-08-09 18:06:32 - [MESSAGE][PASSED] - Call Test Case 'Test Cases/ShopOpen/RemainingCategories/VisitRemainingCategoriesWithDSA' successfully

2018-08-09 18:06:32 - [MESSAGE][PASSED] - Swiped from 0,293 to 0,200

2018-08-09 18:06:35 - [MESSAGE][PASSED] - Swiped from 0,293 to 0,200

2018-08-09 18:06:38 - [MESSAGE][PASSED] - Swiped from 0,293 to 0,200

2018-08-09 18:06:40 - [TEST_CASE][PASSED] - Test Cases/ShopOpen/RemainingCategories/VisitRemainingCategoriesWithDSA: Test Cases/ShopOpen/RemainingCategories/VisitRemainingCategoriesWithDSA

2018-08-09 18:06:40 - [TEST_STEP][PASSED] - verifyElementText: Actual text and expected text of test object 'Object Repository/ShopOpen/RemainingCategories/Validate_RemainingCategoriesDetailScreen' are matched.

2018-08-09 18:06:42 - [MESSAGE][PASSED] - Actual text and expected text of test object 'Object Repository/ShopOpen/RemainingCategories/Validate_RemainingCategoriesDetailScreen' are matched.

2018-08-09 18:06:42 - [TEST_STEP][PASSED] - tap: Tapped on element 'Object Repository/ShopOpen/RemainingCategories/DisplaySpaceAvailable'

2018-08-09 18:06:42 - [MESSAGE][WARNING] - Timeout '0' is invalid. Using default page load timeout: '5'

2018-08-09 18:06:42 - [MESSAGE][PASSED] - Tapped on element 'Object Repository/ShopOpen/RemainingCategories/DisplaySpaceAvailable'

2018-08-09 18:06:42 - [TEST_STEP][PASSED] - verifyElementText: Actual text and expected text of test object 'Object Repository/ShopOpen/RemainingCategories/Validate_ProductCategoryAssetScreen' are matched.

2018-08-09 18:06:45 - [MESSAGE][PASSED] - Actual text and expected text of test object 'Object Repository/ShopOpen/RemainingCategories/Validate_ProductCategoryAssetScreen' are matched.

2018-08-09 18:06:45 - [TEST_STEP][PASSED] - tap: Tapped on element 'Object Repository/ShopOpen/RemainingCategories/Facing'

2018-08-09 18:06:45 - [MESSAGE][WARNING] - Timeout '0' is invalid. Using default page load timeout: '5'

2018-08-09 18:06:45 - [MESSAGE][PASSED] - Tapped on element 'Object Repository/ShopOpen/RemainingCategories/Facing'

2018-08-09 18:06:45 - [TEST_STEP][PASSED] - verifyElementText: Actual text and expected text of test object 'Object Repository/ShopOpen/RemainingCategories/Validate_FacingScreen' are matched.

2018-08-09 18:06:47 - [MESSAGE][PASSED] - Actual text and expected text of test object 'Object Repository/ShopOpen/RemainingCategories/Validate_FacingScreen' are matched.

2018-08-09 18:06:47 - [TEST_STEP][PASSED] - com.ct.qa.keywords.ChannelProductsDataKeywords.visitChannelWiseProductsData: com.ct.qa.keywords.ChannelProductsDataKeywords.visitChannelWiseProductsData is PASSED

2018-08-09 18:06:50 - [MESSAGE][PASSED] - Keyboard is hidden

2018-08-09 18:06:53 - [MESSAGE][PASSED] - Keyboard is hidden

2018-08-09 18:06:54 - [MESSAGE][PASSED] - com.ct.qa.keywords.ChannelProductsDataKeywords.visitChannelWiseProductsData is PASSED

2018-08-09 18:06:54 - [TEST_STEP][PASSED] - tap: Tapped on element 'Object Repository/ShopOpen/RemainingCategories/SubmitButton'

2018-08-09 18:06:54 - [MESSAGE][WARNING] - Timeout '0' is invalid. Using default page load timeout: '5'

2018-08-09 18:06:54 - [MESSAGE][PASSED] - Tapped on element 'Object Repository/ShopOpen/RemainingCategories/SubmitButton'

2018-08-09 18:06:54 - [TEST_STEP][PASSED] - verifyElementText: Actual text and expected text of test object 'Object Repository/ShopOpen/RemainingCategories/Validate_ProductCategoryAssetScreen' are matched.

2018-08-09 18:06:55 - [MESSAGE][PASSED] - Actual text and expected text of test object 'Object Repository/ShopOpen/RemainingCategories/Validate_ProductCategoryAssetScreen' are matched.

2018-08-09 18:06:55 - [TEST_STEP][PASSED] - tap: Tapped on element 'Object Repository/ShopOpen/RemainingCategories/StockTaking'

2018-08-09 18:06:55 - [MESSAGE][WARNING] - Timeout '0' is invalid. Using default page load timeout: '5'

2018-08-09 18:06:56 - [MESSAGE][PASSED] - Tapped on element 'Object Repository/ShopOpen/RemainingCategories/StockTaking'

2018-08-09 18:06:56 - [TEST_STEP][PASSED] - verifyElementText: Actual text and expected text of test object 'Object Repository/ShopOpen/RemainingCategories/Validate_StockTakingScreen' are matched.

2018-08-09 18:06:58 - [MESSAGE][PASSED] - Actual text and expected text of test object 'Object Repository/ShopOpen/RemainingCategories/Validate_StockTakingScreen' are matched.

2018-08-09 18:06:58 - [TEST_STEP][PASSED] - com.ct.qa.keywords.ChannelProductsDataKeywords.visitChannelWiseProductsData: com.ct.qa.keywords.ChannelProductsDataKeywords.visitChannelWiseProductsData is PASSED

2018-08-09 18:07:01 - [MESSAGE][PASSED] - Keyboard is hidden

2018-08-09 18:07:04 - [MESSAGE][PASSED] - Keyboard is hidden

2018-08-09 18:07:05 - [MESSAGE][PASSED] - com.ct.qa.keywords.ChannelProductsDataKeywords.visitChannelWiseProductsData is PASSED

2018-08-09 18:07:05 - [TEST_STEP][PASSED] - tap: Tapped on element 'Object Repository/ShopOpen/RemainingCategories/SubmitButton'

2018-08-09 18:07:05 - [MESSAGE][WARNING] - Timeout '0' is invalid. Using default page load timeout: '5'

2018-08-09 18:07:06 - [MESSAGE][PASSED] - Tapped on element 'Object Repository/ShopOpen/RemainingCategories/SubmitButton'

2018-08-09 18:07:06 - [TEST_STEP][PASSED] - verifyElementText: Actual text and expected text of test object 'Object Repository/ShopOpen/RemainingCategories/Validate_ProductCategoryAssetScreen' are matched.

2018-08-09 18:07:07 - [MESSAGE][PASSED] - Actual text and expected text of test object 'Object Repository/ShopOpen/RemainingCategories/Validate_ProductCategoryAssetScreen' are matched.

2018-08-09 18:07:07 - [TEST_STEP][PASSED] - tap: Tapped on element 'Object Repository/ShopOpen/RemainingCategories/planogram_ImageView'

2018-08-09 18:07:07 - [MESSAGE][WARNING] - Timeout '0' is invalid. Using default page load timeout: '5'

2018-08-09 18:07:07 - [MESSAGE][PASSED] - Tapped on element 'Object Repository/ShopOpen/RemainingCategories/planogram_ImageView'

2018-08-09 18:07:07 - [TEST_STEP][PASSED] - com.ct.qa.keywords.CommonKeywords.checkPlanogramAvailability: com.ct.qa.keywords.CommonKeywords.checkPlanogramAvailability is PASSED

2018-08-09 18:07:07 - [MESSAGE][WARNING] - Timeout '0' is invalid. Using default page load timeout: '5'

2018-08-09 18:07:13 - [MESSAGE][WARNING] - Object Object Repository/CommonScreenElements/InfoPopUp_OKButton not found
[[ATTACHMENT|F:\\Git Projects\\MMAPlus_Merchandising\\MMAPlus_Merchandising\\Reports\\MMA Plus Merchandising With Chiller Wise Data Verification\\20180809_164504\\1533820032811.png]]

2018-08-09 18:07:13 - [MESSAGE][PASSED] - com.ct.qa.keywords.CommonKeywords.checkPlanogramAvailability is PASSED

2018-08-09 18:07:13 - [TEST_STEP][PASSED] - com.ct.qa.keywords.CommonKeywords.closePlanogram: com.ct.qa.keywords.CommonKeywords.closePlanogram is PASSED

2018-08-09 18:07:14 - [MESSAGE][PASSED] - com.ct.qa.keywords.CommonKeywords.closePlanogram is PASSED

2018-08-09 18:07:14 - [TEST_STEP][PASSED] - verifyElementText: Actual text and expected text of test object 'Object Repository/ShopOpen/RemainingCategories/Validate_ProductCategoryAssetScreen' are matched.

2018-08-09 18:07:15 - [MESSAGE][PASSED] - Actual text and expected text of test object 'Object Repository/ShopOpen/RemainingCategories/Validate_ProductCategoryAssetScreen' are matched.

2018-08-09 18:07:15 - [TEST_STEP][PASSED] - com.ct.qa.keywords.CommonKeywords.findPictureImageView: com.ct.qa.keywords.CommonKeywords.findPictureImageView is PASSED

2018-08-09 18:07:15 - [MESSAGE][WARNING] - Timeout '0' is invalid. Using default page load timeout: '5'

2018-08-09 18:07:17 - [MESSAGE][PASSED] - Tapped on element 'Object Repository/CommonScreenElements/Picture_ImageView'

2018-08-09 18:07:17 - [MESSAGE][WARNING] - Timeout '0' is invalid. Using default page load timeout: '5'

2018-08-09 18:07:18 - [MESSAGE][PASSED] - Element 'Object Repository/CommonScreenElements/Validate_CameraScreen' is exist

2018-08-09 18:07:18 - [MESSAGE][WARNING] - Timeout '0' is invalid. Using default page load timeout: '5'

2018-08-09 18:07:21 - [MESSAGE][PASSED] - Tapped on element 'Object Repository/CommonScreenElements/TakePictureButton'

2018-08-09 18:07:26 - [MESSAGE][PASSED] - Delayed 5 second(s)

2018-08-09 18:07:26 - [MESSAGE][WARNING] - Timeout '0' is invalid. Using default page load timeout: '5'

2018-08-09 18:07:27 - [MESSAGE][PASSED] - Tapped on element 'Object Repository/CommonScreenElements/DoneButton'

2018-08-09 18:07:27 - [MESSAGE][PASSED] - com.ct.qa.keywords.CommonKeywords.findPictureImageView is PASSED

2018-08-09 18:07:27 - [TEST_STEP][PASSED] - verifyElementText: Actual text and expected text of test object 'Object Repository/ShopOpen/RemainingCategories/Validate_ProductCategoryAssetScreen' are matched.

2018-08-09 18:07:28 - [MESSAGE][PASSED] - Actual text and expected text of test object 'Object Repository/ShopOpen/RemainingCategories/Validate_ProductCategoryAssetScreen' are matched.

2018-08-09 18:07:28 - [TEST_STEP][PASSED] - tap: Tapped on element 'Object Repository/ShopOpen/RemainingCategories/ProductCategoryAsset_BackButton'

2018-08-09 18:07:28 - [MESSAGE][WARNING] - Timeout '0' is invalid. Using default page load timeout: '5'

2018-08-09 18:07:28 - [MESSAGE][PASSED] - Tapped on element 'Object Repository/ShopOpen/RemainingCategories/ProductCategoryAsset_BackButton'

2018-08-09 18:07:28 - [TEST_STEP][PASSED] - verifyElementExist: Element 'Object Repository/ShopOpen/Validate_ShopCategoriesListScreen' is exist

2018-08-09 18:07:28 - [MESSAGE][WARNING] - Timeout '0' is invalid. Using default page load timeout: '5'

2018-08-09 18:07:31 - [MESSAGE][PASSED] - Element 'Object Repository/ShopOpen/Validate_ShopCategoriesListScreen' is exist

2018-08-09 18:07:31 - [MESSAGE][PASSED] - Call Test Case 'Test Cases/ShopOpen/RemainingCategories/VisitRemainingCategoriesWithDSA' successfully

2018-08-09 18:07:32 - [MESSAGE][PASSED] - Swiped from 0,293 to 0,200

2018-08-09 18:07:34 - [MESSAGE][PASSED] - Swiped from 0,293 to 0,200

2018-08-09 18:07:36 - [MESSAGE][PASSED] - Swiped from 0,293 to 0,200

2018-08-09 18:07:39 - [MESSAGE][PASSED] - Swiped from 0,293 to 0,200

2018-08-09 18:07:41 - [TEST_CASE][PASSED] - Test Cases/ShopOpen/RemainingCategories/VisitRemainingCategoriesWithDSA: Test Cases/ShopOpen/RemainingCategories/VisitRemainingCategoriesWithDSA

2018-08-09 18:07:41 - [TEST_STEP][PASSED] - verifyElementText: Actual text and expected text of test object 'Object Repository/ShopOpen/RemainingCategories/Validate_RemainingCategoriesDetailScreen' are matched.

2018-08-09 18:07:43 - [MESSAGE][PASSED] - Actual text and expected text of test object 'Object Repository/ShopOpen/RemainingCategories/Validate_RemainingCategoriesDetailScreen' are matched.

2018-08-09 18:07:43 - [TEST_STEP][PASSED] - tap: Tapped on element 'Object Repository/ShopOpen/RemainingCategories/DisplaySpaceAvailable'

2018-08-09 18:07:43 - [MESSAGE][WARNING] - Timeout '0' is invalid. Using default page load timeout: '5'

2018-08-09 18:07:43 - [MESSAGE][PASSED] - Tapped on element 'Object Repository/ShopOpen/RemainingCategories/DisplaySpaceAvailable'

2018-08-09 18:07:43 - [TEST_STEP][PASSED] - verifyElementText: Actual text and expected text of test object 'Object Repository/ShopOpen/RemainingCategories/Validate_ProductCategoryAssetScreen' are matched.

2018-08-09 18:07:46 - [MESSAGE][PASSED] - Actual text and expected text of test object 'Object Repository/ShopOpen/RemainingCategories/Validate_ProductCategoryAssetScreen' are matched.

2018-08-09 18:07:46 - [TEST_STEP][PASSED] - tap: Tapped on element 'Object Repository/ShopOpen/RemainingCategories/Facing'

2018-08-09 18:07:46 - [MESSAGE][WARNING] - Timeout '0' is invalid. Using default page load timeout: '5'

2018-08-09 18:07:46 - [MESSAGE][PASSED] - Tapped on element 'Object Repository/ShopOpen/RemainingCategories/Facing'

2018-08-09 18:07:46 - [TEST_STEP][PASSED] - verifyElementText: Actual text and expected text of test object 'Object Repository/ShopOpen/RemainingCategories/Validate_FacingScreen' are matched.

2018-08-09 18:07:48 - [MESSAGE][PASSED] - Actual text and expected text of test object 'Object Repository/ShopOpen/RemainingCategories/Validate_FacingScreen' are matched.

2018-08-09 18:07:48 - [TEST_STEP][PASSED] - com.ct.qa.keywords.ChannelProductsDataKeywords.visitChannelWiseProductsData: com.ct.qa.keywords.ChannelProductsDataKeywords.visitChannelWiseProductsData is PASSED

2018-08-09 18:07:51 - [MESSAGE][PASSED] - Keyboard is hidden

2018-08-09 18:07:54 - [MESSAGE][PASSED] - Keyboard is hidden

2018-08-09 18:07:57 - [MESSAGE][PASSED] - Keyboard is hidden

2018-08-09 18:07:58 - [MESSAGE][PASSED] - com.ct.qa.keywords.ChannelProductsDataKeywords.visitChannelWiseProductsData is PASSED

2018-08-09 18:07:58 - [TEST_STEP][PASSED] - tap: Tapped on element 'Object Repository/ShopOpen/RemainingCategories/SubmitButton'

2018-08-09 18:07:58 - [MESSAGE][WARNING] - Timeout '0' is invalid. Using default page load timeout: '5'

2018-08-09 18:07:59 - [MESSAGE][PASSED] - Tapped on element 'Object Repository/ShopOpen/RemainingCategories/SubmitButton'

2018-08-09 18:07:59 - [TEST_STEP][PASSED] - verifyElementText: Actual text and expected text of test object 'Object Repository/ShopOpen/RemainingCategories/Validate_ProductCategoryAssetScreen' are matched.

2018-08-09 18:08:01 - [MESSAGE][PASSED] - Actual text and expected text of test object 'Object Repository/ShopOpen/RemainingCategories/Validate_ProductCategoryAssetScreen' are matched.

2018-08-09 18:08:01 - [TEST_STEP][PASSED] - tap: Tapped on element 'Object Repository/ShopOpen/RemainingCategories/StockTaking'

2018-08-09 18:08:01 - [MESSAGE][WARNING] - Timeout '0' is invalid. Using default page load timeout: '5'

2018-08-09 18:08:01 - [MESSAGE][PASSED] - Tapped on element 'Object Repository/ShopOpen/RemainingCategories/StockTaking'

2018-08-09 18:08:01 - [TEST_STEP][PASSED] - verifyElementText: Actual text and expected text of test object 'Object Repository/ShopOpen/RemainingCategories/Validate_StockTakingScreen' are matched.

2018-08-09 18:08:03 - [MESSAGE][PASSED] - Actual text and expected text of test object 'Object Repository/ShopOpen/RemainingCategories/Validate_StockTakingScreen' are matched.

2018-08-09 18:08:03 - [TEST_STEP][PASSED] - com.ct.qa.keywords.ChannelProductsDataKeywords.visitChannelWiseProductsData: com.ct.qa.keywords.ChannelProductsDataKeywords.visitChannelWiseProductsData is PASSED

2018-08-09 18:08:07 - [MESSAGE][PASSED] - Keyboard is hidden

2018-08-09 18:08:10 - [MESSAGE][PASSED] - Keyboard is hidden

2018-08-09 18:08:13 - [MESSAGE][PASSED] - Keyboard is hidden

2018-08-09 18:08:14 - [MESSAGE][PASSED] - com.ct.qa.keywords.ChannelProductsDataKeywords.visitChannelWiseProductsData is PASSED

2018-08-09 18:08:14 - [TEST_STEP][PASSED] - tap: Tapped on element 'Object Repository/ShopOpen/RemainingCategories/SubmitButton'

2018-08-09 18:08:14 - [MESSAGE][WARNING] - Timeout '0' is invalid. Using default page load timeout: '5'

2018-08-09 18:08:15 - [MESSAGE][PASSED] - Tapped on element 'Object Repository/ShopOpen/RemainingCategories/SubmitButton'

2018-08-09 18:08:15 - [TEST_STEP][PASSED] - verifyElementText: Actual text and expected text of test object 'Object Repository/ShopOpen/RemainingCategories/Validate_ProductCategoryAssetScreen' are matched.

2018-08-09 18:08:16 - [MESSAGE][PASSED] - Actual text and expected text of test object 'Object Repository/ShopOpen/RemainingCategories/Validate_ProductCategoryAssetScreen' are matched.

2018-08-09 18:08:16 - [TEST_STEP][PASSED] - tap: Tapped on element 'Object Repository/ShopOpen/RemainingCategories/planogram_ImageView'

2018-08-09 18:08:16 - [MESSAGE][WARNING] - Timeout '0' is invalid. Using default page load timeout: '5'

2018-08-09 18:08:16 - [MESSAGE][PASSED] - Tapped on element 'Object Repository/ShopOpen/RemainingCategories/planogram_ImageView'

2018-08-09 18:08:16 - [TEST_STEP][PASSED] - com.ct.qa.keywords.CommonKeywords.checkPlanogramAvailability: com.ct.qa.keywords.CommonKeywords.checkPlanogramAvailability is PASSED

2018-08-09 18:08:16 - [MESSAGE][WARNING] - Timeout '0' is invalid. Using default page load timeout: '5'

2018-08-09 18:08:22 - [MESSAGE][WARNING] - Object Object Repository/CommonScreenElements/InfoPopUp_OKButton not found
[[ATTACHMENT|F:\\Git Projects\\MMAPlus_Merchandising\\MMAPlus_Merchandising\\Reports\\MMA Plus Merchandising With Chiller Wise Data Verification\\20180809_164504\\1533820101897.png]]

2018-08-09 18:08:22 - [MESSAGE][PASSED] - com.ct.qa.keywords.CommonKeywords.checkPlanogramAvailability is PASSED

2018-08-09 18:08:22 - [TEST_STEP][PASSED] - com.ct.qa.keywords.CommonKeywords.closePlanogram: com.ct.qa.keywords.CommonKeywords.closePlanogram is PASSED

2018-08-09 18:08:23 - [MESSAGE][PASSED] - com.ct.qa.keywords.CommonKeywords.closePlanogram is PASSED

2018-08-09 18:08:23 - [TEST_STEP][PASSED] - verifyElementText: Actual text and expected text of test object 'Object Repository/ShopOpen/RemainingCategories/Validate_ProductCategoryAssetScreen' are matched.

2018-08-09 18:08:24 - [MESSAGE][PASSED] - Actual text and expected text of test object 'Object Repository/ShopOpen/RemainingCategories/Validate_ProductCategoryAssetScreen' are matched.

2018-08-09 18:08:24 - [TEST_STEP][PASSED] - com.ct.qa.keywords.CommonKeywords.findPictureImageView: com.ct.qa.keywords.CommonKeywords.findPictureImageView is PASSED

2018-08-09 18:08:24 - [MESSAGE][WARNING] - Timeout '0' is invalid. Using default page load timeout: '5'

2018-08-09 18:08:26 - [MESSAGE][PASSED] - Tapped on element 'Object Repository/CommonScreenElements/Picture_ImageView'

2018-08-09 18:08:26 - [MESSAGE][WARNING] - Timeout '0' is invalid. Using default page load timeout: '5'

2018-08-09 18:08:27 - [MESSAGE][PASSED] - Element 'Object Repository/CommonScreenElements/Validate_CameraScreen' is exist

2018-08-09 18:08:27 - [MESSAGE][WARNING] - Timeout '0' is invalid. Using default page load timeout: '5'

2018-08-09 18:08:30 - [MESSAGE][PASSED] - Tapped on element 'Object Repository/CommonScreenElements/TakePictureButton'

2018-08-09 18:08:35 - [MESSAGE][PASSED] - Delayed 5 second(s)

2018-08-09 18:08:35 - [MESSAGE][WARNING] - Timeout '0' is invalid. Using default page load timeout: '5'

2018-08-09 18:08:36 - [MESSAGE][PASSED] - Tapped on element 'Object Repository/CommonScreenElements/DoneButton'

2018-08-09 18:08:36 - [MESSAGE][PASSED] - com.ct.qa.keywords.CommonKeywords.findPictureImageView is PASSED

2018-08-09 18:08:36 - [TEST_STEP][PASSED] - verifyElementText: Actual text and expected text of test object 'Object Repository/ShopOpen/RemainingCategories/Validate_ProductCategoryAssetScreen' are matched.

2018-08-09 18:08:37 - [MESSAGE][PASSED] - Actual text and expected text of test object 'Object Repository/ShopOpen/RemainingCategories/Validate_ProductCategoryAssetScreen' are matched.

2018-08-09 18:08:37 - [TEST_STEP][PASSED] - tap: Tapped on element 'Object Repository/ShopOpen/RemainingCategories/ProductCategoryAsset_BackButton'

2018-08-09 18:08:37 - [MESSAGE][WARNING] - Timeout '0' is invalid. Using default page load timeout: '5'

2018-08-09 18:08:37 - [MESSAGE][PASSED] - Tapped on element 'Object Repository/ShopOpen/RemainingCategories/ProductCategoryAsset_BackButton'

2018-08-09 18:08:37 - [TEST_STEP][PASSED] - verifyElementExist: Element 'Object Repository/ShopOpen/Validate_ShopCategoriesListScreen' is exist

2018-08-09 18:08:37 - [MESSAGE][WARNING] - Timeout '0' is invalid. Using default page load timeout: '5'

2018-08-09 18:08:39 - [MESSAGE][PASSED] - Element 'Object Repository/ShopOpen/Validate_ShopCategoriesListScreen' is exist

2018-08-09 18:08:39 - [MESSAGE][PASSED] - Call Test Case 'Test Cases/ShopOpen/RemainingCategories/VisitRemainingCategoriesWithDSA' successfully

2018-08-09 18:08:40 - [MESSAGE][PASSED] - Swiped from 0,293 to 0,200

2018-08-09 18:08:42 - [MESSAGE][PASSED] - Swiped from 0,293 to 0,200

2018-08-09 18:08:44 - [MESSAGE][PASSED] - Swiped from 0,293 to 0,200

2018-08-09 18:08:46 - [MESSAGE][PASSED] - Swiped from 0,293 to 0,200

2018-08-09 18:08:49 - [MESSAGE][PASSED] - Swiped from 0,293 to 0,200

2018-08-09 18:08:51 - [TEST_CASE][PASSED] - Test Cases/ShopOpen/RTMVisitFrequency/VisitRTMVisitFrequency: Test Cases/ShopOpen/RTMVisitFrequency/VisitRTMVisitFrequency

2018-08-09 18:08:51 - [TEST_STEP][PASSED] - verifyElementText: Actual text and expected text of test object 'Object Repository/ShopOpen/RTMVisitFrequency/Validate_RTMVisitFrequencyScreen' are matched.

2018-08-09 18:08:53 - [MESSAGE][PASSED] - Actual text and expected text of test object 'Object Repository/ShopOpen/RTMVisitFrequency/Validate_RTMVisitFrequencyScreen' are matched.

2018-08-09 18:08:53 - [TEST_STEP][PASSED] - com.ct.qa.keywords.RTMVisitFrequencyKeywords.visitRTMVisitFrequency: com.ct.qa.keywords.RTMVisitFrequencyKeywords.visitRTMVisitFrequency is PASSED

2018-08-09 18:08:54 - [MESSAGE][WARNING] - Timeout '0' is invalid. Using default page load timeout: '5'

2018-08-09 18:08:55 - [MESSAGE][PASSED] - Element 'Object Repository/ShopOpen/RTMVisitFrequency/Validate_RTMVisitFrequencyRemarks' is exist

2018-08-09 18:08:55 - [MESSAGE][WARNING] - Timeout '0' is invalid. Using default page load timeout: '5'

2018-08-09 18:08:56 - [MESSAGE][PASSED] - Tapped on element 'Object Repository/ShopOpen/RTMVisitFrequency/OnceAWeek'

2018-08-09 18:08:57 - [MESSAGE][WARNING] - Timeout '0' is invalid. Using default page load timeout: '5'

2018-08-09 18:08:59 - [MESSAGE][PASSED] - Element 'Object Repository/ShopOpen/RTMVisitFrequency/Validate_RTMVisitFrequencyRemarks' is exist

2018-08-09 18:08:59 - [MESSAGE][WARNING] - Timeout '0' is invalid. Using default page load timeout: '5'

2018-08-09 18:09:00 - [MESSAGE][PASSED] - Tapped on element 'Object Repository/ShopOpen/RTMVisitFrequency/OnceAWeek'

2018-08-09 18:09:02 - [MESSAGE][WARNING] - Timeout '0' is invalid. Using default page load timeout: '5'

2018-08-09 18:09:03 - [MESSAGE][PASSED] - Element 'Object Repository/ShopOpen/RTMVisitFrequency/Validate_RTMVisitFrequencyRemarks' is exist

2018-08-09 18:09:03 - [MESSAGE][WARNING] - Timeout '0' is invalid. Using default page load timeout: '5'

2018-08-09 18:09:04 - [MESSAGE][PASSED] - Tapped on element 'Object Repository/ShopOpen/RTMVisitFrequency/OnceAWeek'

2018-08-09 18:09:05 - [MESSAGE][WARNING] - Timeout '0' is invalid. Using default page load timeout: '5'

2018-08-09 18:09:06 - [MESSAGE][PASSED] - Element 'Object Repository/ShopOpen/RTMVisitFrequency/Validate_RTMVisitFrequencyRemarks' is exist

2018-08-09 18:09:06 - [MESSAGE][WARNING] - Timeout '0' is invalid. Using default page load timeout: '5'

2018-08-09 18:09:07 - [MESSAGE][PASSED] - Tapped on element 'Object Repository/ShopOpen/RTMVisitFrequency/OnceAWeek'

2018-08-09 18:09:07 - [MESSAGE][PASSED] - com.ct.qa.keywords.RTMVisitFrequencyKeywords.visitRTMVisitFrequency is PASSED

2018-08-09 18:09:07 - [TEST_STEP][PASSED] - tap: Tapped on element 'Object Repository/ShopOpen/RTMVisitFrequency/BackButton'

2018-08-09 18:09:07 - [MESSAGE][WARNING] - Timeout '0' is invalid. Using default page load timeout: '5'

2018-08-09 18:09:08 - [MESSAGE][PASSED] - Tapped on element 'Object Repository/ShopOpen/RTMVisitFrequency/BackButton'

2018-08-09 18:09:08 - [TEST_STEP][PASSED] - verifyElementExist: Element 'Object Repository/ShopOpen/Validate_ShopCategoriesListScreen' is exist

2018-08-09 18:09:08 - [MESSAGE][WARNING] - Timeout '0' is invalid. Using default page load timeout: '5'

2018-08-09 18:09:10 - [MESSAGE][PASSED] - Element 'Object Repository/ShopOpen/Validate_ShopCategoriesListScreen' is exist

2018-08-09 18:09:10 - [MESSAGE][PASSED] - Call Test Case 'Test Cases/ShopOpen/RTMVisitFrequency/VisitRTMVisitFrequency' successfully

2018-08-09 18:09:11 - [MESSAGE][PASSED] - Swiped from 0,293 to 0,200

2018-08-09 18:09:13 - [MESSAGE][PASSED] - Swiped from 0,293 to 0,200

2018-08-09 18:09:15 - [MESSAGE][PASSED] - Swiped from 0,293 to 0,200

2018-08-09 18:09:17 - [MESSAGE][PASSED] - Swiped from 0,293 to 0,200

2018-08-09 18:09:19 - [MESSAGE][PASSED] - Swiped from 0,293 to 0,200

2018-08-09 18:09:22 - [MESSAGE][PASSED] - Swiped from 0,293 to 0,200

2018-08-09 18:09:24 - [TEST_CASE][PASSED] - Test Cases/ShopOpen/POPApplication/OverwritePOPApplication: Test Cases/ShopOpen/POPApplication/OverwritePOPApplication

2018-08-09 18:09:24 - [TEST_STEP][PASSED] - verifyElementText: Actual text and expected text of test object 'Object Repository/ShopOpen/POPApplication/Validate_POPApplicationDetailScreen' are matched.

2018-08-09 18:09:26 - [MESSAGE][PASSED] - Actual text and expected text of test object 'Object Repository/ShopOpen/POPApplication/Validate_POPApplicationDetailScreen' are matched.

2018-08-09 18:09:26 - [TEST_STEP][PASSED] - tap: Tapped on element 'Object Repository/ShopOpen/POPApplication/POPDeployment_No'

2018-08-09 18:09:26 - [MESSAGE][WARNING] - Timeout '0' is invalid. Using default page load timeout: '5'

2018-08-09 18:09:26 - [MESSAGE][PASSED] - Tapped on element 'Object Repository/ShopOpen/POPApplication/POPDeployment_No'

2018-08-09 18:09:26 - [TEST_STEP][PASSED] - pressBack: Press back button successfully

2018-08-09 18:09:27 - [MESSAGE][PASSED] - Press back button successfully

2018-08-09 18:09:27 - [TEST_STEP][PASSED] - verifyElementExist: Element 'Object Repository/ShopOpen/Validate_ShopCategoriesListScreen' is exist

2018-08-09 18:09:27 - [MESSAGE][WARNING] - Timeout '0' is invalid. Using default page load timeout: '5'

2018-08-09 18:09:28 - [MESSAGE][PASSED] - Element 'Object Repository/ShopOpen/Validate_ShopCategoriesListScreen' is exist

2018-08-09 18:09:28 - [MESSAGE][PASSED] - Call Test Case 'Test Cases/ShopOpen/POPApplication/OverwritePOPApplication' successfully

2018-08-09 18:09:29 - [MESSAGE][PASSED] - Swiped from 0,293 to 0,200

2018-08-09 18:09:31 - [MESSAGE][PASSED] - Swiped from 0,293 to 0,200

2018-08-09 18:09:33 - [MESSAGE][PASSED] - Swiped from 0,293 to 0,200

2018-08-09 18:09:35 - [MESSAGE][PASSED] - Swiped from 0,293 to 0,200

2018-08-09 18:09:37 - [MESSAGE][PASSED] - Swiped from 0,293 to 0,200

2018-08-09 18:09:39 - [MESSAGE][PASSED] - Swiped from 0,293 to 0,200

2018-08-09 18:09:42 - [MESSAGE][PASSED] - Swiped from 0,293 to 0,200

2018-08-09 18:09:44 - [TEST_CASE][PASSED] - Test Cases/ShopOpen/RetailerRemarks/VisitRetailerRemarks: Test Cases/ShopOpen/RetailerRemarks/VisitRetailerRemarks

2018-08-09 18:09:44 - [TEST_STEP][PASSED] - verifyElementText: Actual text and expected text of test object 'Object Repository/ShopOpen/RetailerRemarks/Validate_RetailerRemarksScreen' are matched.

2018-08-09 18:09:46 - [MESSAGE][PASSED] - Actual text and expected text of test object 'Object Repository/ShopOpen/RetailerRemarks/Validate_RetailerRemarksScreen' are matched.

2018-08-09 18:09:46 - [TEST_STEP][PASSED] - com.ct.qa.keywords.RetailerRemarksKeywords.visitRetailerRemarks: com.ct.qa.keywords.RetailerRemarksKeywords.visitRetailerRemarks is PASSED

2018-08-09 18:09:47 - [MESSAGE][WARNING] - Timeout '0' is invalid. Using default page load timeout: '5'

2018-08-09 18:09:48 - [MESSAGE][PASSED] - Element 'Object Repository/ShopOpen/RetailerRemarks/OBNotVisiting' is exist

2018-08-09 18:09:48 - [MESSAGE][WARNING] - Timeout '0' is invalid. Using default page load timeout: '5'

2018-08-09 18:09:48 - [MESSAGE][PASSED] - Tapped on element 'Object Repository/ShopOpen/RetailerRemarks/OBNotVisiting'

2018-08-09 18:09:49 - [MESSAGE][PASSED] - Press back button successfully

2018-08-09 18:09:50 - [MESSAGE][PASSED] - Actual text and expected text of test object 'Object Repository/ShopOpen/RetailerRemarks/Validate_RetailerRemarksScreen' are matched.

2018-08-09 18:09:50 - [MESSAGE][WARNING] - Timeout '0' is invalid. Using default page load timeout: '5'

2018-08-09 18:09:51 - [MESSAGE][PASSED] - Element 'Object Repository/ShopOpen/RetailerRemarks/OBNotVisiting' is exist

2018-08-09 18:09:51 - [MESSAGE][WARNING] - Timeout '0' is invalid. Using default page load timeout: '5'

2018-08-09 18:09:51 - [MESSAGE][PASSED] - Tapped on element 'Object Repository/ShopOpen/RetailerRemarks/OBNotVisiting'

2018-08-09 18:09:52 - [MESSAGE][PASSED] - Press back button successfully

2018-08-09 18:09:53 - [MESSAGE][PASSED] - Actual text and expected text of test object 'Object Repository/ShopOpen/RetailerRemarks/Validate_RetailerRemarksScreen' are matched.

2018-08-09 18:09:53 - [MESSAGE][WARNING] - Timeout '0' is invalid. Using default page load timeout: '5'

2018-08-09 18:09:54 - [MESSAGE][PASSED] - Element 'Object Repository/ShopOpen/RetailerRemarks/OBNotVisiting' is exist

2018-08-09 18:09:54 - [MESSAGE][WARNING] - Timeout '0' is invalid. Using default page load timeout: '5'

2018-08-09 18:09:55 - [MESSAGE][PASSED] - Tapped on element 'Object Repository/ShopOpen/RetailerRemarks/OBNotVisiting'

2018-08-09 18:09:56 - [MESSAGE][PASSED] - Press back button successfully

2018-08-09 18:09:57 - [MESSAGE][PASSED] - Actual text and expected text of test object 'Object Repository/ShopOpen/RetailerRemarks/Validate_RetailerRemarksScreen' are matched.

2018-08-09 18:09:57 - [MESSAGE][PASSED] - com.ct.qa.keywords.RetailerRemarksKeywords.visitRetailerRemarks is PASSED

2018-08-09 18:09:57 - [TEST_STEP][PASSED] - tap: Tapped on element 'Object Repository/ShopOpen/RetailerRemarks/BackButton'

2018-08-09 18:09:57 - [MESSAGE][WARNING] - Timeout '0' is invalid. Using default page load timeout: '5'

2018-08-09 18:09:58 - [MESSAGE][PASSED] - Tapped on element 'Object Repository/ShopOpen/RetailerRemarks/BackButton'

2018-08-09 18:09:58 - [TEST_STEP][PASSED] - verifyElementExist: Element 'Object Repository/ShopOpen/Validate_ShopCategoriesListScreen' is exist

2018-08-09 18:09:58 - [MESSAGE][WARNING] - Timeout '0' is invalid. Using default page load timeout: '5'

2018-08-09 18:10:00 - [MESSAGE][PASSED] - Element 'Object Repository/ShopOpen/Validate_ShopCategoriesListScreen' is exist

2018-08-09 18:10:00 - [MESSAGE][PASSED] - Call Test Case 'Test Cases/ShopOpen/RetailerRemarks/VisitRetailerRemarks' successfully

2018-08-09 18:10:01 - [MESSAGE][PASSED] - Swiped from 0,293 to 0,200

2018-08-09 18:10:03 - [MESSAGE][PASSED] - Swiped from 0,293 to 0,200

2018-08-09 18:10:05 - [MESSAGE][PASSED] - Swiped from 0,293 to 0,200

2018-08-09 18:10:07 - [MESSAGE][PASSED] - Swiped from 0,293 to 0,200

2018-08-09 18:10:09 - [MESSAGE][PASSED] - Swiped from 0,293 to 0,200

2018-08-09 18:10:11 - [MESSAGE][PASSED] - Swiped from 0,293 to 0,200

2018-08-09 18:10:13 - [MESSAGE][PASSED] - Swiped from 0,293 to 0,200

2018-08-09 18:10:16 - [MESSAGE][PASSED] - Swiped from 0,293 to 0,200

2018-08-09 18:10:18 - [TEST_CASE][PASSED] - Test Cases/ShopOpen/AdditionalPicture/VisitAdditionalPicture: Test Cases/ShopOpen/AdditionalPicture/VisitAdditionalPicture

2018-08-09 18:10:18 - [TEST_STEP][PASSED] - verifyElementText: Actual text and expected text of test object 'Object Repository/ShopOpen/AdditionalPicture/Validate_AdditionalPictureScreen' are matched.

2018-08-09 18:10:20 - [MESSAGE][PASSED] - Actual text and expected text of test object 'Object Repository/ShopOpen/AdditionalPicture/Validate_AdditionalPictureScreen' are matched.

2018-08-09 18:10:20 - [TEST_STEP][PASSED] - com.ct.qa.keywords.AdditionalPictureKeywords.takeMendatoryImages: com.ct.qa.keywords.AdditionalPictureKeywords.takeMendatoryImages is PASSED

2018-08-09 18:10:21 - [MESSAGE][WARNING] - Timeout '0' is invalid. Using default page load timeout: '5'

2018-08-09 18:10:23 - [MESSAGE][PASSED] - Element 'Object Repository/CommonScreenElements/Validate_CameraScreen' is exist

2018-08-09 18:10:23 - [MESSAGE][WARNING] - Timeout '0' is invalid. Using default page load timeout: '5'

2018-08-09 18:10:27 - [MESSAGE][PASSED] - Tapped on element 'Object Repository/CommonScreenElements/TakePictureButton'

2018-08-09 18:10:32 - [MESSAGE][PASSED] - Delayed 5 second(s)

2018-08-09 18:10:32 - [MESSAGE][WARNING] - Timeout '0' is invalid. Using default page load timeout: '5'

2018-08-09 18:10:32 - [MESSAGE][PASSED] - Tapped on element 'Object Repository/CommonScreenElements/DoneButton'

2018-08-09 18:10:32 - [MESSAGE][PASSED] - com.ct.qa.keywords.AdditionalPictureKeywords.takeMendatoryImages is PASSED

2018-08-09 18:10:32 - [TEST_STEP][PASSED] - pressBack: Press back button successfully

2018-08-09 18:10:33 - [MESSAGE][PASSED] - Press back button successfully

2018-08-09 18:10:33 - [TEST_STEP][PASSED] - verifyElementExist: Element 'Object Repository/ShopOpen/Validate_ShopCategoriesListScreen' is exist

2018-08-09 18:10:33 - [MESSAGE][WARNING] - Timeout '0' is invalid. Using default page load timeout: '5'

2018-08-09 18:10:35 - [MESSAGE][PASSED] - Element 'Object Repository/ShopOpen/Validate_ShopCategoriesListScreen' is exist

2018-08-09 18:10:35 - [MESSAGE][PASSED] - Call Test Case 'Test Cases/ShopOpen/AdditionalPicture/VisitAdditionalPicture' successfully

2018-08-09 18:10:36 - [MESSAGE][PASSED] - Swiped from 0,293 to 0,200

2018-08-09 18:10:38 - [MESSAGE][PASSED] - Swiped from 0,293 to 0,200

2018-08-09 18:10:41 - [MESSAGE][PASSED] - Swiped from 0,293 to 0,200

2018-08-09 18:10:43 - [MESSAGE][PASSED] - Swiped from 0,293 to 0,200

2018-08-09 18:10:45 - [MESSAGE][PASSED] - Swiped from 0,293 to 0,200

2018-08-09 18:10:47 - [MESSAGE][PASSED] - Swiped from 0,293 to 0,200

2018-08-09 18:10:49 - [MESSAGE][PASSED] - Swiped from 0,293 to 0,200

2018-08-09 18:10:51 - [MESSAGE][PASSED] - Swiped from 0,293 to 0,200

2018-08-09 18:10:54 - [MESSAGE][PASSED] - Swiped from 0,293 to 0,200

2018-08-09 18:10:55 - [MESSAGE][PASSED] - com.ct.qa.keywords.CategoryVisitingScenariosKeywords.visitShopCategoriesWithDataVerification is PASSED

2018-08-09 18:10:55 - [MESSAGE][PASSED] - Call Test Case 'Test Cases/ShopOpen/VisitCategoryScenarios/VisitShopCategoriesWithDataVerification' successfully

2018-08-09 18:10:55 - [TEST_CASE][PASSED] - Test Cases/ShopOpen/SaveShop: Test Cases/ShopOpen/SaveShop

2018-08-09 18:10:55 - [TEST_STEP][PASSED] - tap: Tapped on element 'Object Repository/ShopOpen/SubmitButtonToSaveShop'

2018-08-09 18:10:55 - [MESSAGE][WARNING] - Timeout '0' is invalid. Using default page load timeout: '5'

2018-08-09 18:10:56 - [MESSAGE][PASSED] - Tapped on element 'Object Repository/ShopOpen/SubmitButtonToSaveShop'

2018-08-09 18:10:56 - [TEST_STEP][PASSED] - verifyElementExist: Element 'Object Repository/CommonScreenElements/Validate_InfoPopUP' is exist

2018-08-09 18:10:56 - [MESSAGE][WARNING] - Timeout '0' is invalid. Using default page load timeout: '5'

2018-08-09 18:10:57 - [MESSAGE][PASSED] - Element 'Object Repository/CommonScreenElements/Validate_InfoPopUP' is exist

2018-08-09 18:10:57 - [TEST_STEP][PASSED] - tap: Tapped on element 'Object Repository/CommonScreenElements/InfoPopUp_YesButton'

2018-08-09 18:10:57 - [MESSAGE][WARNING] - Timeout '0' is invalid. Using default page load timeout: '5'

2018-08-09 18:10:58 - [MESSAGE][PASSED] - Tapped on element 'Object Repository/CommonScreenElements/InfoPopUp_YesButton'

2018-08-09 18:10:58 - [TEST_STEP][PASSED] - verifyElementText: Actual text and expected text of test object 'Object Repository/Validate_ShopListScreen' are matched.

2018-08-09 18:10:59 - [MESSAGE][PASSED] - Actual text and expected text of test object 'Object Repository/Validate_ShopListScreen' are matched.

2018-08-09 18:10:59 - [MESSAGE][PASSED] - Call Test Case 'Test Cases/ShopOpen/SaveShop' successfully

2018-08-09 18:11:02 - [MESSAGE][PASSED] - Actual text and expected text of test object 'Object Repository/Validate_ShopOptionsScreen' are matched.

2018-08-09 18:11:02 - [MESSAGE][WARNING] - Timeout '0' is invalid. Using default page load timeout: '5'

2018-08-09 18:11:02 - [MESSAGE][PASSED] - Tapped on element 'Object Repository/StartWorking'

2018-08-09 18:11:17 - [MESSAGE][PASSED] - Delayed 15 second(s)

2018-08-09 18:11:18 - [MESSAGE][PASSED] - Element 'Object Repository/CommonScreenElements/Validate_MapScreen' is exist

2018-08-09 18:11:18 - [MESSAGE][WARNING] - Timeout '0' is invalid. Using default page load timeout: '5'

2018-08-09 18:11:19 - [MESSAGE][PASSED] - Tapped on element 'Object Repository/CommonScreenElements/Location_CheckIn'

2018-08-09 18:11:19 - [MESSAGE][WARNING] - Timeout '0' is invalid. Using default page load timeout: '5'

2018-08-09 18:11:20 - [MESSAGE][PASSED] - Element 'Object Repository/CommonScreenElements/Validate_InfoPopUP' is exist

2018-08-09 18:11:20 - [MESSAGE][WARNING] - Timeout '0' is invalid. Using default page load timeout: '5'

2018-08-09 18:11:21 - [MESSAGE][PASSED] - Tapped on element 'Object Repository/CommonScreenElements/InfoPopUp_NoButton'

2018-08-09 18:11:21 - [TEST_CASE][PASSED] - Test Cases/ShopOpen/VisitShopOpen: Test Cases/ShopOpen/VisitShopOpen

2018-08-09 18:11:21 - [TEST_STEP][PASSED] - verifyElementExist: Element 'Object Repository/ShopActions_List' is exist

2018-08-09 18:11:21 - [MESSAGE][WARNING] - Timeout '0' is invalid. Using default page load timeout: '5'

2018-08-09 18:11:21 - [MESSAGE][PASSED] - Element 'Object Repository/ShopActions_List' is exist

2018-08-09 18:11:21 - [TEST_STEP][PASSED] - tap: Tapped on element 'Object Repository/ShopOpen/ShopOpen'

2018-08-09 18:11:21 - [MESSAGE][WARNING] - Timeout '0' is invalid. Using default page load timeout: '5'

2018-08-09 18:11:23 - [MESSAGE][PASSED] - Tapped on element 'Object Repository/ShopOpen/ShopOpen'

2018-08-09 18:11:23 - [TEST_STEP][PASSED] - verifyElementExist: Element 'Object Repository/CommonScreenElements/Validate_CameraScreen' is exist

2018-08-09 18:11:23 - [MESSAGE][WARNING] - Timeout '0' is invalid. Using default page load timeout: '5'

2018-08-09 18:11:24 - [MESSAGE][PASSED] - Element 'Object Repository/CommonScreenElements/Validate_CameraScreen' is exist

2018-08-09 18:11:24 - [TEST_STEP][PASSED] - tap: Tapped on element 'Object Repository/CommonScreenElements/TakePictureButton'

2018-08-09 18:11:24 - [MESSAGE][WARNING] - Timeout '0' is invalid. Using default page load timeout: '5'

2018-08-09 18:11:27 - [MESSAGE][PASSED] - Tapped on element 'Object Repository/CommonScreenElements/TakePictureButton'

2018-08-09 18:11:27 - [TEST_STEP][PASSED] - delay: Delayed 5 second(s)

2018-08-09 18:11:32 - [MESSAGE][PASSED] - Delayed 5 second(s)

2018-08-09 18:11:32 - [TEST_STEP][PASSED] - tap: Tapped on element 'Object Repository/CommonScreenElements/DoneButton'

2018-08-09 18:11:32 - [MESSAGE][WARNING] - Timeout '0' is invalid. Using default page load timeout: '5'

2018-08-09 18:11:33 - [MESSAGE][PASSED] - Tapped on element 'Object Repository/CommonScreenElements/DoneButton'

2018-08-09 18:11:33 - [MESSAGE][PASSED] - Call Test Case 'Test Cases/ShopOpen/VisitShopOpen' successfully

2018-08-09 18:11:33 - [TEST_CASE][PASSED] - Test Cases/ShopOpen/VisitCategoryScenarios/VisitShopCategoriesWithDataVerification: Test Cases/ShopOpen/VisitCategoryScenarios/VisitShopCategoriesWithDataVerification

2018-08-09 18:11:33 - [TEST_STEP][PASSED] - verifyElementExist: Element 'Object Repository/ShopOpen/Validate_ShopCategoriesListScreen' is exist

2018-08-09 18:11:33 - [MESSAGE][WARNING] - Timeout '0' is invalid. Using default page load timeout: '5'

2018-08-09 18:11:35 - [MESSAGE][PASSED] - Element 'Object Repository/ShopOpen/Validate_ShopCategoriesListScreen' is exist

2018-08-09 18:11:35 - [TEST_STEP][PASSED] - com.ct.qa.keywords.CategoryVisitingScenariosKeywords.visitShopCategoriesWithDataVerification: com.ct.qa.keywords.CategoryVisitingScenariosKeywords.visitShopCategoriesWithDataVerification is PASSED

2018-08-09 18:11:39 - [MESSAGE][PASSED] - Swiped from 0,293 to 0,200

2018-08-09 18:11:42 - [MESSAGE][PASSED] - Swiped from 0,293 to 0,200

2018-08-09 18:11:46 - [MESSAGE][PASSED] - Swiped from 0,293 to 0,200

2018-08-09 18:11:49 - [MESSAGE][PASSED] - Swiped from 0,293 to 0,200

2018-08-09 18:11:52 - [MESSAGE][PASSED] - Swiped from 0,293 to 0,200

2018-08-09 18:11:55 - [MESSAGE][PASSED] - Swiped from 0,293 to 0,200

2018-08-09 18:11:59 - [MESSAGE][PASSED] - Swiped from 0,293 to 0,200

2018-08-09 18:12:02 - [MESSAGE][PASSED] - Swiped from 0,293 to 0,200

2018-08-09 18:12:05 - [MESSAGE][PASSED] - Swiped from 0,293 to 0,200

2018-08-09 18:12:08 - [MESSAGE][PASSED] - Swiped from 0,200 to 0,750

2018-08-09 18:12:08 - [MESSAGE][PASSED] - Swiped from 0,200 to 0,750

2018-08-09 18:12:10 - [TEST_CASE][PASSED] - Test Cases/ShopOpen/ChillerUtilization/VisitChillerScenarios/VisitChillerUtilizationWithDataVerification: Test Cases/ShopOpen/ChillerUtilization/VisitChillerScenarios/VisitChillerUtilizationWithDataVerification

2018-08-09 18:12:10 - [TEST_STEP][PASSED] - verifyElementText: Actual text and expected text of test object 'Object Repository/ShopOpen/ChillerUtilization/Validate_ChillerUtilizationScreen' are matched.

2018-08-09 18:12:12 - [MESSAGE][PASSED] - Actual text and expected text of test object 'Object Repository/ShopOpen/ChillerUtilization/Validate_ChillerUtilizationScreen' are matched.

2018-08-09 18:12:12 - [TEST_STEP][PASSED] - com.ct.qa.keywords.ChillerVisitingScenariosKeywords.visitChillersTaggedInChillerUtilizationWithDataVerification: com.ct.qa.keywords.ChillerVisitingScenariosKeywords.visitChillersTaggedInChillerUtilizationWithDataVerification is PASSED

2018-08-09 18:12:12 - [MESSAGE][WARNING] - Timeout '0' is invalid. Using default page load timeout: '5'

2018-08-09 18:12:15 - [MESSAGE][PASSED] - Element 'Object Repository/CommonScreenElements/Validate_CameraScreen' is exist

2018-08-09 18:12:15 - [MESSAGE][WARNING] - Timeout '0' is invalid. Using default page load timeout: '5'

2018-08-09 18:12:18 - [MESSAGE][PASSED] - Tapped on element 'Object Repository/CommonScreenElements/TakePictureButton'

2018-08-09 18:12:23 - [MESSAGE][PASSED] - Delayed 5 second(s)

2018-08-09 18:12:23 - [MESSAGE][WARNING] - Timeout '0' is invalid. Using default page load timeout: '5'

2018-08-09 18:12:24 - [MESSAGE][PASSED] - Tapped on element 'Object Repository/CommonScreenElements/DoneButton'

2018-08-09 18:12:28 - [TEST_CASE][PASSED] - Test Cases/ShopOpen/ChillerUtilization/ChillerRemovedForMaintenance/VisitChillerRemovedForMaintenance: Test Cases/ShopOpen/ChillerUtilization/ChillerRemovedForMaintenance/VisitChillerRemovedForMaintenance

2018-08-09 18:12:28 - [TEST_STEP][PASSED] - callTestCase: Call Test Case 'Test Cases/ShopOpen/ChillerUtilization/ChillerNotAvailable/VisitChillerNotAvailable' successfully

2018-08-09 18:12:28 - [TEST_CASE][PASSED] - Test Cases/ShopOpen/ChillerUtilization/ChillerNotAvailable/VisitChillerNotAvailable: Test Cases/ShopOpen/ChillerUtilization/ChillerNotAvailable/VisitChillerNotAvailable

2018-08-09 18:12:28 - [TEST_STEP][PASSED] - verifyElementText: Actual text and expected text of test object 'Object Repository/ShopOpen/ChillerUtilization/ChillerNotAvailable/Validate_ChillerNotAvailableScreen' are matched.

2018-08-09 18:12:30 - [MESSAGE][PASSED] - Actual text and expected text of test object 'Object Repository/ShopOpen/ChillerUtilization/ChillerNotAvailable/Validate_ChillerNotAvailableScreen' are matched.

2018-08-09 18:12:30 - [TEST_STEP][PASSED] - com.ct.qa.keywords.ChillerProductsDataKeywords.visitChillerNotAvailableProductCategories: com.ct.qa.keywords.ChillerProductsDataKeywords.visitChillerNotAvailableProductCategories is PASSED

2018-08-09 18:12:33 - [TEST_CASE][PASSED] - Test Cases/ShopOpen/ChillerUtilization/ChillerNotAvailable/VisitProductCategoryAssets: Test Cases/ShopOpen/ChillerUtilization/ChillerNotAvailable/VisitProductCategoryAssets

2018-08-09 18:12:33 - [TEST_STEP][PASSED] - verifyElementText: Actual text and expected text of test object 'Object Repository/ShopOpen/ChillerUtilization/ChillerNotAvailable/Validate_ProductCategoryAssetScreen' are matched.

2018-08-09 18:12:35 - [MESSAGE][PASSED] - Actual text and expected text of test object 'Object Repository/ShopOpen/ChillerUtilization/ChillerNotAvailable/Validate_ProductCategoryAssetScreen' are matched.

2018-08-09 18:12:35 - [TEST_STEP][PASSED] - tap: Tapped on element 'Object Repository/ShopOpen/ChillerUtilization/ChillerNotAvailable/Facing'

2018-08-09 18:12:35 - [MESSAGE][WARNING] - Timeout '0' is invalid. Using default page load timeout: '5'

2018-08-09 18:12:35 - [MESSAGE][PASSED] - Tapped on element 'Object Repository/ShopOpen/ChillerUtilization/ChillerNotAvailable/Facing'

2018-08-09 18:12:35 - [TEST_STEP][PASSED] - verifyElementText: Actual text and expected text of test object 'Object Repository/ShopOpen/ChillerUtilization/ChillerNotAvailable/Validate_FacingScreen' are matched.

2018-08-09 18:12:37 - [MESSAGE][PASSED] - Actual text and expected text of test object 'Object Repository/ShopOpen/ChillerUtilization/ChillerNotAvailable/Validate_FacingScreen' are matched.

2018-08-09 18:12:37 - [TEST_STEP][PASSED] - com.ct.qa.keywords.ChillerProductsDataKeywords.VisitChillerNotAvailableProductsData: com.ct.qa.keywords.ChillerProductsDataKeywords.VisitChillerNotAvailableProductsData is PASSED

2018-08-09 18:12:41 - [MESSAGE][PASSED] - Keyboard is hidden

2018-08-09 18:12:44 - [MESSAGE][PASSED] - Keyboard is hidden

2018-08-09 18:12:47 - [MESSAGE][PASSED] - Keyboard is hidden

2018-08-09 18:12:50 - [MESSAGE][PASSED] - Keyboard is hidden

2018-08-09 18:12:50 - [MESSAGE][PASSED] - com.ct.qa.keywords.ChillerProductsDataKeywords.VisitChillerNotAvailableProductsData is PASSED

2018-08-09 18:12:50 - [TEST_STEP][PASSED] - tap: Tapped on element 'Object Repository/ShopOpen/ChillerUtilization/ChillerNotAvailable/SubmitButton'

2018-08-09 18:12:50 - [MESSAGE][WARNING] - Timeout '0' is invalid. Using default page load timeout: '5'

2018-08-09 18:12:51 - [MESSAGE][PASSED] - Tapped on element 'Object Repository/ShopOpen/ChillerUtilization/ChillerNotAvailable/SubmitButton'

2018-08-09 18:12:51 - [TEST_STEP][PASSED] - verifyElementText: Actual text and expected text of test object 'Object Repository/ShopOpen/ChillerUtilization/ChillerNotAvailable/Validate_ProductCategoryAssetScreen' are matched.

2018-08-09 18:12:52 - [MESSAGE][PASSED] - Actual text and expected text of test object 'Object Repository/ShopOpen/ChillerUtilization/ChillerNotAvailable/Validate_ProductCategoryAssetScreen' are matched.

2018-08-09 18:12:52 - [TEST_STEP][PASSED] - tap: Tapped on element 'Object Repository/ShopOpen/ChillerUtilization/ChillerNotAvailable/StockTaking'

2018-08-09 18:12:52 - [MESSAGE][WARNING] - Timeout '0' is invalid. Using default page load timeout: '5'

2018-08-09 18:12:52 - [MESSAGE][PASSED] - Tapped on element 'Object Repository/ShopOpen/ChillerUtilization/ChillerNotAvailable/StockTaking'

2018-08-09 18:12:52 - [TEST_STEP][PASSED] - verifyElementText: Actual text and expected text of test object 'Object Repository/ShopOpen/ChillerUtilization/ChillerNotAvailable/Validate_StockTakingScreen' are matched.

2018-08-09 18:12:54 - [MESSAGE][PASSED] - Actual text and expected text of test object 'Object Repository/ShopOpen/ChillerUtilization/ChillerNotAvailable/Validate_StockTakingScreen' are matched.

2018-08-09 18:12:54 - [TEST_STEP][PASSED] - com.ct.qa.keywords.ChillerProductsDataKeywords.VisitChillerNotAvailableProductsData: com.ct.qa.keywords.ChillerProductsDataKeywords.VisitChillerNotAvailableProductsData is PASSED

2018-08-09 18:12:58 - [MESSAGE][PASSED] - Keyboard is hidden

2018-08-09 18:13:01 - [MESSAGE][PASSED] - Keyboard is hidden

2018-08-09 18:13:04 - [MESSAGE][PASSED] - Keyboard is hidden

2018-08-09 18:13:07 - [MESSAGE][PASSED] - Keyboard is hidden

2018-08-09 18:13:07 - [MESSAGE][PASSED] - com.ct.qa.keywords.ChillerProductsDataKeywords.VisitChillerNotAvailableProductsData is PASSED

2018-08-09 18:13:07 - [TEST_STEP][PASSED] - tap: Tapped on element 'Object Repository/ShopOpen/ChillerUtilization/ChillerNotAvailable/SubmitButton'

2018-08-09 18:13:07 - [MESSAGE][WARNING] - Timeout '0' is invalid. Using default page load timeout: '5'

2018-08-09 18:13:08 - [MESSAGE][PASSED] - Tapped on element 'Object Repository/ShopOpen/ChillerUtilization/ChillerNotAvailable/SubmitButton'

2018-08-09 18:13:08 - [TEST_STEP][PASSED] - verifyElementText: Actual text and expected text of test object 'Object Repository/ShopOpen/ChillerUtilization/ChillerNotAvailable/Validate_ProductCategoryAssetScreen' are matched.

2018-08-09 18:13:09 - [MESSAGE][PASSED] - Actual text and expected text of test object 'Object Repository/ShopOpen/ChillerUtilization/ChillerNotAvailable/Validate_ProductCategoryAssetScreen' are matched.

2018-08-09 18:13:09 - [TEST_STEP][PASSED] - tap: Tapped on element 'Object Repository/ShopOpen/ChillerUtilization/ChillerNotAvailable/ProductCategory_BackButton'

2018-08-09 18:13:09 - [MESSAGE][WARNING] - Timeout '0' is invalid. Using default page load timeout: '5'

2018-08-09 18:13:09 - [MESSAGE][PASSED] - Tapped on element 'Object Repository/ShopOpen/ChillerUtilization/ChillerNotAvailable/ProductCategory_BackButton'

2018-08-09 18:13:09 - [TEST_STEP][PASSED] - verifyElementText: Actual text and expected text of test object 'Object Repository/ShopOpen/ChillerUtilization/ChillerNotAvailable/Validate_ChillerNotAvailableScreen' are matched.

2018-08-09 18:13:10 - [MESSAGE][PASSED] - Actual text and expected text of test object 'Object Repository/ShopOpen/ChillerUtilization/ChillerNotAvailable/Validate_ChillerNotAvailableScreen' are matched.

2018-08-09 18:13:10 - [MESSAGE][PASSED] - Call Test Case 'Test Cases/ShopOpen/ChillerUtilization/ChillerNotAvailable/VisitProductCategoryAssets' successfully

2018-08-09 18:13:11 - [TEST_CASE][PASSED] - Test Cases/ShopOpen/ChillerUtilization/ChillerNotAvailable/VisitProductCategoryAssets: Test Cases/ShopOpen/ChillerUtilization/ChillerNotAvailable/VisitProductCategoryAssets

2018-08-09 18:13:12 - [TEST_STEP][PASSED] - verifyElementText: Actual text and expected text of test object 'Object Repository/ShopOpen/ChillerUtilization/ChillerNotAvailable/Validate_ProductCategoryAssetScreen' are matched.

2018-08-09 18:13:14 - [MESSAGE][PASSED] - Actual text and expected text of test object 'Object Repository/ShopOpen/ChillerUtilization/ChillerNotAvailable/Validate_ProductCategoryAssetScreen' are matched.

2018-08-09 18:13:14 - [TEST_STEP][PASSED] - tap: Tapped on element 'Object Repository/ShopOpen/ChillerUtilization/ChillerNotAvailable/Facing'

2018-08-09 18:13:14 - [MESSAGE][WARNING] - Timeout '0' is invalid. Using default page load timeout: '5'

2018-08-09 18:13:14 - [MESSAGE][PASSED] - Tapped on element 'Object Repository/ShopOpen/ChillerUtilization/ChillerNotAvailable/Facing'

2018-08-09 18:13:14 - [TEST_STEP][PASSED] - verifyElementText: Actual text and expected text of test object 'Object Repository/ShopOpen/ChillerUtilization/ChillerNotAvailable/Validate_FacingScreen' are matched.

2018-08-09 18:13:16 - [MESSAGE][PASSED] - Actual text and expected text of test object 'Object Repository/ShopOpen/ChillerUtilization/ChillerNotAvailable/Validate_FacingScreen' are matched.

2018-08-09 18:13:16 - [TEST_STEP][PASSED] - com.ct.qa.keywords.ChillerProductsDataKeywords.VisitChillerNotAvailableProductsData: com.ct.qa.keywords.ChillerProductsDataKeywords.VisitChillerNotAvailableProductsData is PASSED

2018-08-09 18:13:19 - [MESSAGE][PASSED] - Keyboard is hidden

2018-08-09 18:13:19 - [MESSAGE][PASSED] - com.ct.qa.keywords.ChillerProductsDataKeywords.VisitChillerNotAvailableProductsData is PASSED

2018-08-09 18:13:19 - [TEST_STEP][PASSED] - tap: Tapped on element 'Object Repository/ShopOpen/ChillerUtilization/ChillerNotAvailable/SubmitButton'

2018-08-09 18:13:19 - [MESSAGE][WARNING] - Timeout '0' is invalid. Using default page load timeout: '5'

2018-08-09 18:13:20 - [MESSAGE][PASSED] - Tapped on element 'Object Repository/ShopOpen/ChillerUtilization/ChillerNotAvailable/SubmitButton'

2018-08-09 18:13:20 - [TEST_STEP][PASSED] - verifyElementText: Actual text and expected text of test object 'Object Repository/ShopOpen/ChillerUtilization/ChillerNotAvailable/Validate_ProductCategoryAssetScreen' are matched.

2018-08-09 18:13:21 - [MESSAGE][PASSED] - Actual text and expected text of test object 'Object Repository/ShopOpen/ChillerUtilization/ChillerNotAvailable/Validate_ProductCategoryAssetScreen' are matched.

2018-08-09 18:13:21 - [TEST_STEP][PASSED] - tap: Tapped on element 'Object Repository/ShopOpen/ChillerUtilization/ChillerNotAvailable/StockTaking'

2018-08-09 18:13:21 - [MESSAGE][WARNING] - Timeout '0' is invalid. Using default page load timeout: '5'

2018-08-09 18:13:21 - [MESSAGE][PASSED] - Tapped on element 'Object Repository/ShopOpen/ChillerUtilization/ChillerNotAvailable/StockTaking'

2018-08-09 18:13:21 - [TEST_STEP][PASSED] - verifyElementText: Actual text and expected text of test object 'Object Repository/ShopOpen/ChillerUtilization/ChillerNotAvailable/Validate_StockTakingScreen' are matched.

2018-08-09 18:13:24 - [MESSAGE][PASSED] - Actual text and expected text of test object 'Object Repository/ShopOpen/ChillerUtilization/ChillerNotAvailable/Validate_StockTakingScreen' are matched.

2018-08-09 18:13:24 - [TEST_STEP][PASSED] - com.ct.qa.keywords.ChillerProductsDataKeywords.VisitChillerNotAvailableProductsData: com.ct.qa.keywords.ChillerProductsDataKeywords.VisitChillerNotAvailableProductsData is PASSED

2018-08-09 18:13:27 - [MESSAGE][PASSED] - Keyboard is hidden

2018-08-09 18:13:27 - [MESSAGE][PASSED] - com.ct.qa.keywords.ChillerProductsDataKeywords.VisitChillerNotAvailableProductsData is PASSED

2018-08-09 18:13:27 - [TEST_STEP][PASSED] - tap: Tapped on element 'Object Repository/ShopOpen/ChillerUtilization/ChillerNotAvailable/SubmitButton'

2018-08-09 18:13:27 - [MESSAGE][WARNING] - Timeout '0' is invalid. Using default page load timeout: '5'

2018-08-09 18:13:28 - [MESSAGE][PASSED] - Tapped on element 'Object Repository/ShopOpen/ChillerUtilization/ChillerNotAvailable/SubmitButton'

2018-08-09 18:13:28 - [TEST_STEP][PASSED] - verifyElementText: Actual text and expected text of test object 'Object Repository/ShopOpen/ChillerUtilization/ChillerNotAvailable/Validate_ProductCategoryAssetScreen' are matched.

2018-08-09 18:13:29 - [MESSAGE][PASSED] - Actual text and expected text of test object 'Object Repository/ShopOpen/ChillerUtilization/ChillerNotAvailable/Validate_ProductCategoryAssetScreen' are matched.

2018-08-09 18:13:29 - [TEST_STEP][PASSED] - tap: Tapped on element 'Object Repository/ShopOpen/ChillerUtilization/ChillerNotAvailable/ProductCategory_BackButton'

2018-08-09 18:13:29 - [MESSAGE][WARNING] - Timeout '0' is invalid. Using default page load timeout: '5'

2018-08-09 18:13:29 - [MESSAGE][PASSED] - Tapped on element 'Object Repository/ShopOpen/ChillerUtilization/ChillerNotAvailable/ProductCategory_BackButton'

2018-08-09 18:13:29 - [TEST_STEP][PASSED] - verifyElementText: Actual text and expected text of test object 'Object Repository/ShopOpen/ChillerUtilization/ChillerNotAvailable/Validate_ChillerNotAvailableScreen' are matched.

2018-08-09 18:13:30 - [MESSAGE][PASSED] - Actual text and expected text of test object 'Object Repository/ShopOpen/ChillerUtilization/ChillerNotAvailable/Validate_ChillerNotAvailableScreen' are matched.

2018-08-09 18:13:30 - [MESSAGE][PASSED] - Call Test Case 'Test Cases/ShopOpen/ChillerUtilization/ChillerNotAvailable/VisitProductCategoryAssets' successfully

2018-08-09 18:13:31 - [TEST_CASE][PASSED] - Test Cases/ShopOpen/ChillerUtilization/ChillerNotAvailable/VisitProductCategoryAssets: Test Cases/ShopOpen/ChillerUtilization/ChillerNotAvailable/VisitProductCategoryAssets

2018-08-09 18:13:31 - [TEST_STEP][PASSED] - verifyElementText: Actual text and expected text of test object 'Object Repository/ShopOpen/ChillerUtilization/ChillerNotAvailable/Validate_ProductCategoryAssetScreen' are matched.

2018-08-09 18:13:33 - [MESSAGE][PASSED] - Actual text and expected text of test object 'Object Repository/ShopOpen/ChillerUtilization/ChillerNotAvailable/Validate_ProductCategoryAssetScreen' are matched.

2018-08-09 18:13:33 - [TEST_STEP][PASSED] - tap: Tapped on element 'Object Repository/ShopOpen/ChillerUtilization/ChillerNotAvailable/Facing'

2018-08-09 18:13:33 - [MESSAGE][WARNING] - Timeout '0' is invalid. Using default page load timeout: '5'

2018-08-09 18:13:33 - [MESSAGE][PASSED] - Tapped on element 'Object Repository/ShopOpen/ChillerUtilization/ChillerNotAvailable/Facing'

2018-08-09 18:13:33 - [TEST_STEP][PASSED] - verifyElementText: Actual text and expected text of test object 'Object Repository/ShopOpen/ChillerUtilization/ChillerNotAvailable/Validate_FacingScreen' are matched.

2018-08-09 18:13:35 - [MESSAGE][PASSED] - Actual text and expected text of test object 'Object Repository/ShopOpen/ChillerUtilization/ChillerNotAvailable/Validate_FacingScreen' are matched.

2018-08-09 18:13:35 - [TEST_STEP][PASSED] - com.ct.qa.keywords.ChillerProductsDataKeywords.VisitChillerNotAvailableProductsData: com.ct.qa.keywords.ChillerProductsDataKeywords.VisitChillerNotAvailableProductsData is PASSED

2018-08-09 18:13:39 - [MESSAGE][PASSED] - Keyboard is hidden

2018-08-09 18:13:42 - [MESSAGE][PASSED] - Keyboard is hidden

2018-08-09 18:13:45 - [MESSAGE][PASSED] - Keyboard is hidden

2018-08-09 18:13:48 - [MESSAGE][PASSED] - Keyboard is hidden

2018-08-09 18:13:51 - [MESSAGE][PASSED] - Keyboard is hidden

2018-08-09 18:13:54 - [MESSAGE][PASSED] - Keyboard is hidden

2018-08-09 18:13:56 - [MESSAGE][PASSED] - Swiped from 65,359 to 65,250

2018-08-09 18:13:57 - [MESSAGE][PASSED] - com.ct.qa.keywords.ChillerProductsDataKeywords.VisitChillerNotAvailableProductsData is PASSED

2018-08-09 18:13:57 - [TEST_STEP][PASSED] - tap: Tapped on element 'Object Repository/ShopOpen/ChillerUtilization/ChillerNotAvailable/SubmitButton'

2018-08-09 18:13:57 - [MESSAGE][WARNING] - Timeout '0' is invalid. Using default page load timeout: '5'

2018-08-09 18:13:57 - [MESSAGE][PASSED] - Tapped on element 'Object Repository/ShopOpen/ChillerUtilization/ChillerNotAvailable/SubmitButton'

2018-08-09 18:13:57 - [TEST_STEP][PASSED] - verifyElementText: Actual text and expected text of test object 'Object Repository/ShopOpen/ChillerUtilization/ChillerNotAvailable/Validate_ProductCategoryAssetScreen' are matched.

2018-08-09 18:13:58 - [MESSAGE][PASSED] - Actual text and expected text of test object 'Object Repository/ShopOpen/ChillerUtilization/ChillerNotAvailable/Validate_ProductCategoryAssetScreen' are matched.

2018-08-09 18:13:58 - [TEST_STEP][PASSED] - tap: Tapped on element 'Object Repository/ShopOpen/ChillerUtilization/ChillerNotAvailable/StockTaking'

2018-08-09 18:13:58 - [MESSAGE][WARNING] - Timeout '0' is invalid. Using default page load timeout: '5'

2018-08-09 18:13:58 - [MESSAGE][PASSED] - Tapped on element 'Object Repository/ShopOpen/ChillerUtilization/ChillerNotAvailable/StockTaking'

2018-08-09 18:13:58 - [TEST_STEP][PASSED] - verifyElementText: Actual text and expected text of test object 'Object Repository/ShopOpen/ChillerUtilization/ChillerNotAvailable/Validate_StockTakingScreen' are matched.

2018-08-09 18:14:00 - [MESSAGE][PASSED] - Actual text and expected text of test object 'Object Repository/ShopOpen/ChillerUtilization/ChillerNotAvailable/Validate_StockTakingScreen' are matched.

2018-08-09 18:14:00 - [TEST_STEP][PASSED] - com.ct.qa.keywords.ChillerProductsDataKeywords.VisitChillerNotAvailableProductsData: com.ct.qa.keywords.ChillerProductsDataKeywords.VisitChillerNotAvailableProductsData is PASSED

2018-08-09 18:14:05 - [MESSAGE][PASSED] - Keyboard is hidden

2018-08-09 18:14:08 - [MESSAGE][PASSED] - Keyboard is hidden

2018-08-09 18:14:11 - [MESSAGE][PASSED] - Keyboard is hidden

2018-08-09 18:14:14 - [MESSAGE][PASSED] - Keyboard is hidden

2018-08-09 18:14:17 - [MESSAGE][PASSED] - Keyboard is hidden

2018-08-09 18:14:20 - [MESSAGE][PASSED] - Keyboard is hidden

2018-08-09 18:14:22 - [MESSAGE][PASSED] - Swiped from 65,359 to 65,250

2018-08-09 18:14:23 - [MESSAGE][PASSED] - com.ct.qa.keywords.ChillerProductsDataKeywords.VisitChillerNotAvailableProductsData is PASSED

2018-08-09 18:14:23 - [TEST_STEP][PASSED] - tap: Tapped on element 'Object Repository/ShopOpen/ChillerUtilization/ChillerNotAvailable/SubmitButton'

2018-08-09 18:14:23 - [MESSAGE][WARNING] - Timeout '0' is invalid. Using default page load timeout: '5'

2018-08-09 18:14:23 - [MESSAGE][PASSED] - Tapped on element 'Object Repository/ShopOpen/ChillerUtilization/ChillerNotAvailable/SubmitButton'

2018-08-09 18:14:23 - [TEST_STEP][PASSED] - verifyElementText: Actual text and expected text of test object 'Object Repository/ShopOpen/ChillerUtilization/ChillerNotAvailable/Validate_ProductCategoryAssetScreen' are matched.

2018-08-09 18:14:24 - [MESSAGE][PASSED] - Actual text and expected text of test object 'Object Repository/ShopOpen/ChillerUtilization/ChillerNotAvailable/Validate_ProductCategoryAssetScreen' are matched.

2018-08-09 18:14:24 - [TEST_STEP][PASSED] - tap: Tapped on element 'Object Repository/ShopOpen/ChillerUtilization/ChillerNotAvailable/ProductCategory_BackButton'

2018-08-09 18:14:24 - [MESSAGE][WARNING] - Timeout '0' is invalid. Using default page load timeout: '5'

2018-08-09 18:14:25 - [MESSAGE][PASSED] - Tapped on element 'Object Repository/ShopOpen/ChillerUtilization/ChillerNotAvailable/ProductCategory_BackButton'

2018-08-09 18:14:25 - [TEST_STEP][PASSED] - verifyElementText: Actual text and expected text of test object 'Object Repository/ShopOpen/ChillerUtilization/ChillerNotAvailable/Validate_ChillerNotAvailableScreen' are matched.

2018-08-09 18:14:26 - [MESSAGE][PASSED] - Actual text and expected text of test object 'Object Repository/ShopOpen/ChillerUtilization/ChillerNotAvailable/Validate_ChillerNotAvailableScreen' are matched.

2018-08-09 18:14:26 - [MESSAGE][PASSED] - Call Test Case 'Test Cases/ShopOpen/ChillerUtilization/ChillerNotAvailable/VisitProductCategoryAssets' successfully

2018-08-09 18:14:27 - [TEST_CASE][PASSED] - Test Cases/ShopOpen/ChillerUtilization/ChillerNotAvailable/VisitProductCategoryAssets: Test Cases/ShopOpen/ChillerUtilization/ChillerNotAvailable/VisitProductCategoryAssets

2018-08-09 18:14:27 - [TEST_STEP][PASSED] - verifyElementText: Actual text and expected text of test object 'Object Repository/ShopOpen/ChillerUtilization/ChillerNotAvailable/Validate_ProductCategoryAssetScreen' are matched.

2018-08-09 18:14:29 - [MESSAGE][PASSED] - Actual text and expected text of test object 'Object Repository/ShopOpen/ChillerUtilization/ChillerNotAvailable/Validate_ProductCategoryAssetScreen' are matched.

2018-08-09 18:14:29 - [TEST_STEP][PASSED] - tap: Tapped on element 'Object Repository/ShopOpen/ChillerUtilization/ChillerNotAvailable/Facing'

2018-08-09 18:14:29 - [MESSAGE][WARNING] - Timeout '0' is invalid. Using default page load timeout: '5'

2018-08-09 18:14:29 - [MESSAGE][PASSED] - Tapped on element 'Object Repository/ShopOpen/ChillerUtilization/ChillerNotAvailable/Facing'

2018-08-09 18:14:29 - [TEST_STEP][PASSED] - verifyElementText: Actual text and expected text of test object 'Object Repository/ShopOpen/ChillerUtilization/ChillerNotAvailable/Validate_FacingScreen' are matched.

2018-08-09 18:14:31 - [MESSAGE][PASSED] - Actual text and expected text of test object 'Object Repository/ShopOpen/ChillerUtilization/ChillerNotAvailable/Validate_FacingScreen' are matched.

2018-08-09 18:14:31 - [TEST_STEP][PASSED] - com.ct.qa.keywords.ChillerProductsDataKeywords.VisitChillerNotAvailableProductsData: com.ct.qa.keywords.ChillerProductsDataKeywords.VisitChillerNotAvailableProductsData is PASSED

2018-08-09 18:14:34 - [MESSAGE][PASSED] - Keyboard is hidden

2018-08-09 18:14:37 - [MESSAGE][PASSED] - Keyboard is hidden

2018-08-09 18:14:37 - [MESSAGE][PASSED] - com.ct.qa.keywords.ChillerProductsDataKeywords.VisitChillerNotAvailableProductsData is PASSED

2018-08-09 18:14:37 - [TEST_STEP][PASSED] - tap: Tapped on element 'Object Repository/ShopOpen/ChillerUtilization/ChillerNotAvailable/SubmitButton'

2018-08-09 18:14:37 - [MESSAGE][WARNING] - Timeout '0' is invalid. Using default page load timeout: '5'

2018-08-09 18:14:38 - [MESSAGE][PASSED] - Tapped on element 'Object Repository/ShopOpen/ChillerUtilization/ChillerNotAvailable/SubmitButton'

2018-08-09 18:14:38 - [TEST_STEP][PASSED] - verifyElementText: Actual text and expected text of test object 'Object Repository/ShopOpen/ChillerUtilization/ChillerNotAvailable/Validate_ProductCategoryAssetScreen' are matched.

2018-08-09 18:14:39 - [MESSAGE][PASSED] - Actual text and expected text of test object 'Object Repository/ShopOpen/ChillerUtilization/ChillerNotAvailable/Validate_ProductCategoryAssetScreen' are matched.

2018-08-09 18:14:39 - [TEST_STEP][PASSED] - tap: Tapped on element 'Object Repository/ShopOpen/ChillerUtilization/ChillerNotAvailable/StockTaking'

2018-08-09 18:14:39 - [MESSAGE][WARNING] - Timeout '0' is invalid. Using default page load timeout: '5'

2018-08-09 18:14:39 - [MESSAGE][PASSED] - Tapped on element 'Object Repository/ShopOpen/ChillerUtilization/ChillerNotAvailable/StockTaking'

2018-08-09 18:14:39 - [TEST_STEP][PASSED] - verifyElementText: Actual text and expected text of test object 'Object Repository/ShopOpen/ChillerUtilization/ChillerNotAvailable/Validate_StockTakingScreen' are matched.

2018-08-09 18:14:42 - [MESSAGE][PASSED] - Actual text and expected text of test object 'Object Repository/ShopOpen/ChillerUtilization/ChillerNotAvailable/Validate_StockTakingScreen' are matched.

2018-08-09 18:14:42 - [TEST_STEP][PASSED] - com.ct.qa.keywords.ChillerProductsDataKeywords.VisitChillerNotAvailableProductsData: com.ct.qa.keywords.ChillerProductsDataKeywords.VisitChillerNotAvailableProductsData is PASSED

2018-08-09 18:14:45 - [MESSAGE][PASSED] - Keyboard is hidden

2018-08-09 18:14:48 - [MESSAGE][PASSED] - Keyboard is hidden

2018-08-09 18:14:48 - [MESSAGE][PASSED] - com.ct.qa.keywords.ChillerProductsDataKeywords.VisitChillerNotAvailableProductsData is PASSED

2018-08-09 18:14:48 - [TEST_STEP][PASSED] - tap: Tapped on element 'Object Repository/ShopOpen/ChillerUtilization/ChillerNotAvailable/SubmitButton'

2018-08-09 18:14:48 - [MESSAGE][WARNING] - Timeout '0' is invalid. Using default page load timeout: '5'

2018-08-09 18:14:49 - [MESSAGE][PASSED] - Tapped on element 'Object Repository/ShopOpen/ChillerUtilization/ChillerNotAvailable/SubmitButton'

2018-08-09 18:14:49 - [TEST_STEP][PASSED] - verifyElementText: Actual text and expected text of test object 'Object Repository/ShopOpen/ChillerUtilization/ChillerNotAvailable/Validate_ProductCategoryAssetScreen' are matched.

2018-08-09 18:14:50 - [MESSAGE][PASSED] - Actual text and expected text of test object 'Object Repository/ShopOpen/ChillerUtilization/ChillerNotAvailable/Validate_ProductCategoryAssetScreen' are matched.

2018-08-09 18:14:50 - [TEST_STEP][PASSED] - tap: Tapped on element 'Object Repository/ShopOpen/ChillerUtilization/ChillerNotAvailable/ProductCategory_BackButton'

2018-08-09 18:14:50 - [MESSAGE][WARNING] - Timeout '0' is invalid. Using default page load timeout: '5'

2018-08-09 18:14:50 - [MESSAGE][PASSED] - Tapped on element 'Object Repository/ShopOpen/ChillerUtilization/ChillerNotAvailable/ProductCategory_BackButton'

2018-08-09 18:14:50 - [TEST_STEP][PASSED] - verifyElementText: Actual text and expected text of test object 'Object Repository/ShopOpen/ChillerUtilization/ChillerNotAvailable/Validate_ChillerNotAvailableScreen' are matched.

2018-08-09 18:14:51 - [MESSAGE][PASSED] - Actual text and expected text of test object 'Object Repository/ShopOpen/ChillerUtilization/ChillerNotAvailable/Validate_ChillerNotAvailableScreen' are matched.

2018-08-09 18:14:51 - [MESSAGE][PASSED] - Call Test Case 'Test Cases/ShopOpen/ChillerUtilization/ChillerNotAvailable/VisitProductCategoryAssets' successfully

2018-08-09 18:14:51 - [MESSAGE][PASSED] - com.ct.qa.keywords.ChillerProductsDataKeywords.visitChillerNotAvailableProductCategories is PASSED

2018-08-09 18:14:51 - [TEST_STEP][PASSED] - tap: Tapped on element 'Object Repository/ShopOpen/ChillerUtilization/ChillerNotAvailable/Planogram_ImageView'

2018-08-09 18:14:51 - [MESSAGE][WARNING] - Timeout '0' is invalid. Using default page load timeout: '5'

2018-08-09 18:14:52 - [MESSAGE][PASSED] - Tapped on element 'Object Repository/ShopOpen/ChillerUtilization/ChillerNotAvailable/Planogram_ImageView'

2018-08-09 18:14:52 - [TEST_STEP][PASSED] - com.ct.qa.keywords.CommonKeywords.checkPlanogramAvailability: com.ct.qa.keywords.CommonKeywords.checkPlanogramAvailability is PASSED

2018-08-09 18:14:52 - [MESSAGE][WARNING] - Timeout '0' is invalid. Using default page load timeout: '5'

2018-08-09 18:14:58 - [MESSAGE][WARNING] - Object Object Repository/CommonScreenElements/InfoPopUp_OKButton not found
[[ATTACHMENT|F:\\Git Projects\\MMAPlus_Merchandising\\MMAPlus_Merchandising\\Reports\\MMA Plus Merchandising With Chiller Wise Data Verification\\20180809_164504\\1533820497808.png]]

2018-08-09 18:14:58 - [MESSAGE][PASSED] - com.ct.qa.keywords.CommonKeywords.checkPlanogramAvailability is PASSED

2018-08-09 18:14:58 - [TEST_STEP][PASSED] - com.ct.qa.keywords.CommonKeywords.closePlanogram: com.ct.qa.keywords.CommonKeywords.closePlanogram is PASSED

2018-08-09 18:14:59 - [MESSAGE][PASSED] - com.ct.qa.keywords.CommonKeywords.closePlanogram is PASSED

2018-08-09 18:14:59 - [TEST_STEP][PASSED] - verifyElementText: Actual text and expected text of test object 'Object Repository/ShopOpen/ChillerUtilization/ChillerNotAvailable/Validate_ChillerNotAvailableScreen' are matched.

2018-08-09 18:15:00 - [MESSAGE][PASSED] - Actual text and expected text of test object 'Object Repository/ShopOpen/ChillerUtilization/ChillerNotAvailable/Validate_ChillerNotAvailableScreen' are matched.

2018-08-09 18:15:00 - [TEST_STEP][PASSED] - com.ct.qa.keywords.CommonKeywords.findPictureImageView: com.ct.qa.keywords.CommonKeywords.findPictureImageView is PASSED

2018-08-09 18:15:01 - [MESSAGE][WARNING] - Timeout '0' is invalid. Using default page load timeout: '5'

2018-08-09 18:15:01 - [MESSAGE][PASSED] - Tapped on element 'Object Repository/CommonScreenElements/Picture_ImageView'

2018-08-09 18:15:01 - [MESSAGE][WARNING] - Timeout '0' is invalid. Using default page load timeout: '5'

2018-08-09 18:15:03 - [MESSAGE][PASSED] - Element 'Object Repository/CommonScreenElements/Validate_CameraScreen' is exist

2018-08-09 18:15:03 - [MESSAGE][WARNING] - Timeout '0' is invalid. Using default page load timeout: '5'

2018-08-09 18:15:07 - [MESSAGE][PASSED] - Tapped on element 'Object Repository/CommonScreenElements/TakePictureButton'

2018-08-09 18:15:12 - [MESSAGE][PASSED] - Delayed 5 second(s)

2018-08-09 18:15:12 - [MESSAGE][WARNING] - Timeout '0' is invalid. Using default page load timeout: '5'

2018-08-09 18:15:12 - [MESSAGE][PASSED] - Tapped on element 'Object Repository/CommonScreenElements/DoneButton'

2018-08-09 18:15:12 - [MESSAGE][PASSED] - com.ct.qa.keywords.CommonKeywords.findPictureImageView is PASSED

2018-08-09 18:15:12 - [TEST_STEP][PASSED] - tap: Tapped on element 'Object Repository/ShopOpen/ChillerUtilization/ChillerNotAvailable/ChillerNotAvailable_BackButton'

2018-08-09 18:15:12 - [MESSAGE][WARNING] - Timeout '0' is invalid. Using default page load timeout: '5'

2018-08-09 18:15:13 - [MESSAGE][PASSED] - Tapped on element 'Object Repository/ShopOpen/ChillerUtilization/ChillerNotAvailable/ChillerNotAvailable_BackButton'

2018-08-09 18:15:13 - [TEST_STEP][PASSED] - verifyElementText: Actual text and expected text of test object 'Object Repository/ShopOpen/ChillerUtilization/Validate_ChillerUtilizationScreen' are matched.

2018-08-09 18:15:15 - [MESSAGE][PASSED] - Actual text and expected text of test object 'Object Repository/ShopOpen/ChillerUtilization/Validate_ChillerUtilizationScreen' are matched.

2018-08-09 18:15:15 - [MESSAGE][PASSED] - Call Test Case 'Test Cases/ShopOpen/ChillerUtilization/ChillerNotAvailable/VisitChillerNotAvailable' successfully

2018-08-09 18:15:15 - [MESSAGE][PASSED] - Call Test Case 'Test Cases/ShopOpen/ChillerUtilization/ChillerRemovedForMaintenance/VisitChillerRemovedForMaintenance' successfully

2018-08-09 18:15:15 - [MESSAGE][PASSED] - com.ct.qa.keywords.ChillerVisitingScenariosKeywords.visitChillersTaggedInChillerUtilizationWithDataVerification is PASSED

2018-08-09 18:15:15 - [TEST_STEP][PASSED] - tap: Tapped on element 'Object Repository/ShopOpen/ChillerUtilization/ChillerUtilization_backButton'

2018-08-09 18:15:15 - [MESSAGE][WARNING] - Timeout '0' is invalid. Using default page load timeout: '5'

2018-08-09 18:15:15 - [MESSAGE][PASSED] - Tapped on element 'Object Repository/ShopOpen/ChillerUtilization/ChillerUtilization_backButton'

2018-08-09 18:15:15 - [TEST_STEP][PASSED] - verifyElementExist: Element 'Object Repository/ShopOpen/Validate_ShopCategoriesListScreen' is exist

2018-08-09 18:15:15 - [MESSAGE][WARNING] - Timeout '0' is invalid. Using default page load timeout: '5'

2018-08-09 18:15:17 - [MESSAGE][PASSED] - Element 'Object Repository/ShopOpen/Validate_ShopCategoriesListScreen' is exist

2018-08-09 18:15:17 - [MESSAGE][PASSED] - Call Test Case 'Test Cases/ShopOpen/ChillerUtilization/VisitChillerScenarios/VisitChillerUtilizationWithDataVerification' successfully

2018-08-09 18:15:17 - [TEST_CASE][PASSED] - Test Cases/ShopOpen/RemainingCategories/VisitRemainingCategoriesWithDSA: Test Cases/ShopOpen/RemainingCategories/VisitRemainingCategoriesWithDSA

2018-08-09 18:15:17 - [TEST_STEP][PASSED] - verifyElementText: Actual text and expected text of test object 'Object Repository/ShopOpen/RemainingCategories/Validate_RemainingCategoriesDetailScreen' are matched.

2018-08-09 18:15:20 - [MESSAGE][PASSED] - Actual text and expected text of test object 'Object Repository/ShopOpen/RemainingCategories/Validate_RemainingCategoriesDetailScreen' are matched.

2018-08-09 18:15:20 - [TEST_STEP][PASSED] - tap: Tapped on element 'Object Repository/ShopOpen/RemainingCategories/DisplaySpaceAvailable'

2018-08-09 18:15:20 - [MESSAGE][WARNING] - Timeout '0' is invalid. Using default page load timeout: '5'

2018-08-09 18:15:21 - [MESSAGE][PASSED] - Tapped on element 'Object Repository/ShopOpen/RemainingCategories/DisplaySpaceAvailable'

2018-08-09 18:15:21 - [TEST_STEP][PASSED] - verifyElementText: Actual text and expected text of test object 'Object Repository/ShopOpen/RemainingCategories/Validate_ProductCategoryAssetScreen' are matched.

2018-08-09 18:15:23 - [MESSAGE][PASSED] - Actual text and expected text of test object 'Object Repository/ShopOpen/RemainingCategories/Validate_ProductCategoryAssetScreen' are matched.

2018-08-09 18:15:23 - [TEST_STEP][PASSED] - tap: Tapped on element 'Object Repository/ShopOpen/RemainingCategories/Facing'

2018-08-09 18:15:23 - [MESSAGE][WARNING] - Timeout '0' is invalid. Using default page load timeout: '5'

2018-08-09 18:15:23 - [MESSAGE][PASSED] - Tapped on element 'Object Repository/ShopOpen/RemainingCategories/Facing'

2018-08-09 18:15:23 - [TEST_STEP][PASSED] - verifyElementText: Actual text and expected text of test object 'Object Repository/ShopOpen/RemainingCategories/Validate_FacingScreen' are matched.

2018-08-09 18:15:25 - [MESSAGE][PASSED] - Actual text and expected text of test object 'Object Repository/ShopOpen/RemainingCategories/Validate_FacingScreen' are matched.

2018-08-09 18:15:25 - [TEST_STEP][PASSED] - com.ct.qa.keywords.ChannelProductsDataKeywords.visitChannelWiseProductsData: com.ct.qa.keywords.ChannelProductsDataKeywords.visitChannelWiseProductsData is PASSED

2018-08-09 18:15:29 - [MESSAGE][PASSED] - Keyboard is hidden

2018-08-09 18:15:32 - [MESSAGE][PASSED] - Keyboard is hidden

2018-08-09 18:15:35 - [MESSAGE][PASSED] - Keyboard is hidden

2018-08-09 18:15:38 - [MESSAGE][PASSED] - Keyboard is hidden

2018-08-09 18:15:41 - [MESSAGE][PASSED] - Keyboard is hidden

2018-08-09 18:15:44 - [MESSAGE][PASSED] - Keyboard is hidden

2018-08-09 18:15:47 - [MESSAGE][PASSED] - Swiped from 50,359 to 50,250

2018-08-09 18:15:50 - [MESSAGE][PASSED] - Keyboard is hidden

2018-08-09 18:15:52 - [MESSAGE][PASSED] - Swiped from 50,359 to 50,250

2018-08-09 18:15:55 - [MESSAGE][PASSED] - Keyboard is hidden

2018-08-09 18:15:57 - [MESSAGE][PASSED] - Swiped from 50,359 to 50,250

2018-08-09 18:16:00 - [MESSAGE][PASSED] - Keyboard is hidden

2018-08-09 18:16:02 - [MESSAGE][PASSED] - Swiped from 50,359 to 50,250

2018-08-09 18:16:03 - [MESSAGE][PASSED] - com.ct.qa.keywords.ChannelProductsDataKeywords.visitChannelWiseProductsData is PASSED

2018-08-09 18:16:03 - [TEST_STEP][PASSED] - tap: Tapped on element 'Object Repository/ShopOpen/RemainingCategories/SubmitButton'

2018-08-09 18:16:03 - [MESSAGE][WARNING] - Timeout '0' is invalid. Using default page load timeout: '5'

2018-08-09 18:16:03 - [MESSAGE][PASSED] - Tapped on element 'Object Repository/ShopOpen/RemainingCategories/SubmitButton'

2018-08-09 18:16:03 - [TEST_STEP][PASSED] - verifyElementText: Actual text and expected text of test object 'Object Repository/ShopOpen/RemainingCategories/Validate_ProductCategoryAssetScreen' are matched.

2018-08-09 18:16:04 - [MESSAGE][PASSED] - Actual text and expected text of test object 'Object Repository/ShopOpen/RemainingCategories/Validate_ProductCategoryAssetScreen' are matched.

2018-08-09 18:16:04 - [TEST_STEP][PASSED] - tap: Tapped on element 'Object Repository/ShopOpen/RemainingCategories/StockTaking'

2018-08-09 18:16:04 - [MESSAGE][WARNING] - Timeout '0' is invalid. Using default page load timeout: '5'

2018-08-09 18:16:04 - [MESSAGE][PASSED] - Tapped on element 'Object Repository/ShopOpen/RemainingCategories/StockTaking'

2018-08-09 18:16:04 - [TEST_STEP][PASSED] - verifyElementText: Actual text and expected text of test object 'Object Repository/ShopOpen/RemainingCategories/Validate_StockTakingScreen' are matched.

2018-08-09 18:16:07 - [MESSAGE][PASSED] - Actual text and expected text of test object 'Object Repository/ShopOpen/RemainingCategories/Validate_StockTakingScreen' are matched.

2018-08-09 18:16:07 - [TEST_STEP][PASSED] - com.ct.qa.keywords.ChannelProductsDataKeywords.visitChannelWiseProductsData: com.ct.qa.keywords.ChannelProductsDataKeywords.visitChannelWiseProductsData is PASSED

2018-08-09 18:16:11 - [MESSAGE][PASSED] - Keyboard is hidden

2018-08-09 18:16:14 - [MESSAGE][PASSED] - Keyboard is hidden

2018-08-09 18:16:17 - [MESSAGE][PASSED] - Keyboard is hidden

2018-08-09 18:16:20 - [MESSAGE][PASSED] - Keyboard is hidden

2018-08-09 18:16:23 - [MESSAGE][PASSED] - Keyboard is hidden

2018-08-09 18:16:26 - [MESSAGE][PASSED] - Keyboard is hidden

2018-08-09 18:16:30 - [MESSAGE][PASSED] - Swiped from 50,359 to 50,250

2018-08-09 18:16:33 - [MESSAGE][PASSED] - Keyboard is hidden

2018-08-09 18:16:35 - [MESSAGE][PASSED] - Swiped from 50,359 to 50,250

2018-08-09 18:16:38 - [MESSAGE][PASSED] - Keyboard is hidden

2018-08-09 18:16:40 - [MESSAGE][PASSED] - Swiped from 50,359 to 50,250

2018-08-09 18:16:43 - [MESSAGE][PASSED] - Keyboard is hidden

2018-08-09 18:16:45 - [MESSAGE][PASSED] - Swiped from 50,359 to 50,250

2018-08-09 18:16:46 - [MESSAGE][PASSED] - com.ct.qa.keywords.ChannelProductsDataKeywords.visitChannelWiseProductsData is PASSED

2018-08-09 18:16:46 - [TEST_STEP][PASSED] - tap: Tapped on element 'Object Repository/ShopOpen/RemainingCategories/SubmitButton'

2018-08-09 18:16:46 - [MESSAGE][WARNING] - Timeout '0' is invalid. Using default page load timeout: '5'

2018-08-09 18:16:46 - [MESSAGE][PASSED] - Tapped on element 'Object Repository/ShopOpen/RemainingCategories/SubmitButton'

2018-08-09 18:16:46 - [TEST_STEP][PASSED] - verifyElementText: Actual text and expected text of test object 'Object Repository/ShopOpen/RemainingCategories/Validate_ProductCategoryAssetScreen' are matched.

2018-08-09 18:16:47 - [MESSAGE][PASSED] - Actual text and expected text of test object 'Object Repository/ShopOpen/RemainingCategories/Validate_ProductCategoryAssetScreen' are matched.

2018-08-09 18:16:47 - [TEST_STEP][PASSED] - tap: Tapped on element 'Object Repository/ShopOpen/RemainingCategories/planogram_ImageView'

2018-08-09 18:16:47 - [MESSAGE][WARNING] - Timeout '0' is invalid. Using default page load timeout: '5'

2018-08-09 18:16:48 - [MESSAGE][PASSED] - Tapped on element 'Object Repository/ShopOpen/RemainingCategories/planogram_ImageView'

2018-08-09 18:16:48 - [TEST_STEP][PASSED] - com.ct.qa.keywords.CommonKeywords.checkPlanogramAvailability: com.ct.qa.keywords.CommonKeywords.checkPlanogramAvailability is PASSED

2018-08-09 18:16:48 - [MESSAGE][WARNING] - Timeout '0' is invalid. Using default page load timeout: '5'

2018-08-09 18:16:54 - [MESSAGE][WARNING] - Object Object Repository/CommonScreenElements/InfoPopUp_OKButton not found
[[ATTACHMENT|F:\\Git Projects\\MMAPlus_Merchandising\\MMAPlus_Merchandising\\Reports\\MMA Plus Merchandising With Chiller Wise Data Verification\\20180809_164504\\1533820613830.png]]

2018-08-09 18:16:54 - [MESSAGE][PASSED] - com.ct.qa.keywords.CommonKeywords.checkPlanogramAvailability is PASSED

2018-08-09 18:16:54 - [TEST_STEP][PASSED] - com.ct.qa.keywords.CommonKeywords.closePlanogram: com.ct.qa.keywords.CommonKeywords.closePlanogram is PASSED

2018-08-09 18:16:55 - [MESSAGE][PASSED] - com.ct.qa.keywords.CommonKeywords.closePlanogram is PASSED

2018-08-09 18:16:55 - [TEST_STEP][PASSED] - verifyElementText: Actual text and expected text of test object 'Object Repository/ShopOpen/RemainingCategories/Validate_ProductCategoryAssetScreen' are matched.

2018-08-09 18:16:56 - [MESSAGE][PASSED] - Actual text and expected text of test object 'Object Repository/ShopOpen/RemainingCategories/Validate_ProductCategoryAssetScreen' are matched.

2018-08-09 18:16:56 - [TEST_STEP][PASSED] - com.ct.qa.keywords.CommonKeywords.findPictureImageView: com.ct.qa.keywords.CommonKeywords.findPictureImageView is PASSED

2018-08-09 18:16:56 - [MESSAGE][WARNING] - Timeout '0' is invalid. Using default page load timeout: '5'

2018-08-09 18:16:59 - [MESSAGE][PASSED] - Tapped on element 'Object Repository/CommonScreenElements/Picture_ImageView'

2018-08-09 18:16:59 - [MESSAGE][WARNING] - Timeout '0' is invalid. Using default page load timeout: '5'

2018-08-09 18:17:00 - [MESSAGE][PASSED] - Element 'Object Repository/CommonScreenElements/Validate_CameraScreen' is exist

2018-08-09 18:17:00 - [MESSAGE][WARNING] - Timeout '0' is invalid. Using default page load timeout: '5'

2018-08-09 18:17:03 - [MESSAGE][PASSED] - Tapped on element 'Object Repository/CommonScreenElements/TakePictureButton'

2018-08-09 18:17:08 - [MESSAGE][PASSED] - Delayed 5 second(s)

2018-08-09 18:17:08 - [MESSAGE][WARNING] - Timeout '0' is invalid. Using default page load timeout: '5'

2018-08-09 18:17:09 - [MESSAGE][PASSED] - Tapped on element 'Object Repository/CommonScreenElements/DoneButton'

2018-08-09 18:17:09 - [MESSAGE][PASSED] - com.ct.qa.keywords.CommonKeywords.findPictureImageView is PASSED

2018-08-09 18:17:09 - [TEST_STEP][PASSED] - verifyElementText: Actual text and expected text of test object 'Object Repository/ShopOpen/RemainingCategories/Validate_ProductCategoryAssetScreen' are matched.

2018-08-09 18:17:10 - [MESSAGE][PASSED] - Actual text and expected text of test object 'Object Repository/ShopOpen/RemainingCategories/Validate_ProductCategoryAssetScreen' are matched.

2018-08-09 18:17:10 - [TEST_STEP][PASSED] - tap: Tapped on element 'Object Repository/ShopOpen/RemainingCategories/ProductCategoryAsset_BackButton'

2018-08-09 18:17:10 - [MESSAGE][WARNING] - Timeout '0' is invalid. Using default page load timeout: '5'

2018-08-09 18:17:11 - [MESSAGE][PASSED] - Tapped on element 'Object Repository/ShopOpen/RemainingCategories/ProductCategoryAsset_BackButton'

2018-08-09 18:17:11 - [TEST_STEP][PASSED] - verifyElementExist: Element 'Object Repository/ShopOpen/Validate_ShopCategoriesListScreen' is exist

2018-08-09 18:17:11 - [MESSAGE][WARNING] - Timeout '0' is invalid. Using default page load timeout: '5'

2018-08-09 18:17:13 - [MESSAGE][PASSED] - Element 'Object Repository/ShopOpen/Validate_ShopCategoriesListScreen' is exist

2018-08-09 18:17:13 - [MESSAGE][PASSED] - Call Test Case 'Test Cases/ShopOpen/RemainingCategories/VisitRemainingCategoriesWithDSA' successfully

2018-08-09 18:17:13 - [TEST_CASE][PASSED] - Test Cases/ShopOpen/RemainingCategories/VisitRemainingCategoriesWithDSA: Test Cases/ShopOpen/RemainingCategories/VisitRemainingCategoriesWithDSA

2018-08-09 18:17:13 - [TEST_STEP][PASSED] - verifyElementText: Actual text and expected text of test object 'Object Repository/ShopOpen/RemainingCategories/Validate_RemainingCategoriesDetailScreen' are matched.

2018-08-09 18:17:16 - [MESSAGE][PASSED] - Actual text and expected text of test object 'Object Repository/ShopOpen/RemainingCategories/Validate_RemainingCategoriesDetailScreen' are matched.

2018-08-09 18:17:16 - [TEST_STEP][PASSED] - tap: Tapped on element 'Object Repository/ShopOpen/RemainingCategories/DisplaySpaceAvailable'

2018-08-09 18:17:16 - [MESSAGE][WARNING] - Timeout '0' is invalid. Using default page load timeout: '5'

2018-08-09 18:17:16 - [MESSAGE][PASSED] - Tapped on element 'Object Repository/ShopOpen/RemainingCategories/DisplaySpaceAvailable'

2018-08-09 18:17:16 - [TEST_STEP][PASSED] - verifyElementText: Actual text and expected text of test object 'Object Repository/ShopOpen/RemainingCategories/Validate_ProductCategoryAssetScreen' are matched.

2018-08-09 18:17:19 - [MESSAGE][PASSED] - Actual text and expected text of test object 'Object Repository/ShopOpen/RemainingCategories/Validate_ProductCategoryAssetScreen' are matched.

2018-08-09 18:17:19 - [TEST_STEP][PASSED] - tap: Tapped on element 'Object Repository/ShopOpen/RemainingCategories/Facing'

2018-08-09 18:17:19 - [MESSAGE][WARNING] - Timeout '0' is invalid. Using default page load timeout: '5'

2018-08-09 18:17:19 - [MESSAGE][PASSED] - Tapped on element 'Object Repository/ShopOpen/RemainingCategories/Facing'

2018-08-09 18:17:19 - [TEST_STEP][PASSED] - verifyElementText: Actual text and expected text of test object 'Object Repository/ShopOpen/RemainingCategories/Validate_FacingScreen' are matched.

2018-08-09 18:17:21 - [MESSAGE][PASSED] - Actual text and expected text of test object 'Object Repository/ShopOpen/RemainingCategories/Validate_FacingScreen' are matched.

2018-08-09 18:17:21 - [TEST_STEP][PASSED] - com.ct.qa.keywords.ChannelProductsDataKeywords.visitChannelWiseProductsData: com.ct.qa.keywords.ChannelProductsDataKeywords.visitChannelWiseProductsData is PASSED

2018-08-09 18:17:25 - [MESSAGE][PASSED] - Keyboard is hidden

2018-08-09 18:17:28 - [MESSAGE][PASSED] - Keyboard is hidden

2018-08-09 18:17:31 - [MESSAGE][PASSED] - Keyboard is hidden

2018-08-09 18:17:34 - [MESSAGE][PASSED] - Keyboard is hidden

2018-08-09 18:17:35 - [MESSAGE][PASSED] - com.ct.qa.keywords.ChannelProductsDataKeywords.visitChannelWiseProductsData is PASSED

2018-08-09 18:17:35 - [TEST_STEP][PASSED] - tap: Tapped on element 'Object Repository/ShopOpen/RemainingCategories/SubmitButton'

2018-08-09 18:17:35 - [MESSAGE][WARNING] - Timeout '0' is invalid. Using default page load timeout: '5'

2018-08-09 18:17:36 - [MESSAGE][PASSED] - Tapped on element 'Object Repository/ShopOpen/RemainingCategories/SubmitButton'

2018-08-09 18:17:36 - [TEST_STEP][PASSED] - verifyElementText: Actual text and expected text of test object 'Object Repository/ShopOpen/RemainingCategories/Validate_ProductCategoryAssetScreen' are matched.

2018-08-09 18:17:37 - [MESSAGE][PASSED] - Actual text and expected text of test object 'Object Repository/ShopOpen/RemainingCategories/Validate_ProductCategoryAssetScreen' are matched.

2018-08-09 18:17:37 - [TEST_STEP][PASSED] - tap: Tapped on element 'Object Repository/ShopOpen/RemainingCategories/StockTaking'

2018-08-09 18:17:37 - [MESSAGE][WARNING] - Timeout '0' is invalid. Using default page load timeout: '5'

2018-08-09 18:17:37 - [MESSAGE][PASSED] - Tapped on element 'Object Repository/ShopOpen/RemainingCategories/StockTaking'

2018-08-09 18:17:37 - [TEST_STEP][PASSED] - verifyElementText: Actual text and expected text of test object 'Object Repository/ShopOpen/RemainingCategories/Validate_StockTakingScreen' are matched.

2018-08-09 18:17:39 - [MESSAGE][PASSED] - Actual text and expected text of test object 'Object Repository/ShopOpen/RemainingCategories/Validate_StockTakingScreen' are matched.

2018-08-09 18:17:39 - [TEST_STEP][PASSED] - com.ct.qa.keywords.ChannelProductsDataKeywords.visitChannelWiseProductsData: com.ct.qa.keywords.ChannelProductsDataKeywords.visitChannelWiseProductsData is PASSED

2018-08-09 18:17:43 - [MESSAGE][PASSED] - Keyboard is hidden

2018-08-09 18:17:46 - [MESSAGE][PASSED] - Keyboard is hidden

2018-08-09 18:17:49 - [MESSAGE][PASSED] - Keyboard is hidden

2018-08-09 18:17:52 - [MESSAGE][PASSED] - Keyboard is hidden

2018-08-09 18:17:53 - [MESSAGE][PASSED] - com.ct.qa.keywords.ChannelProductsDataKeywords.visitChannelWiseProductsData is PASSED

2018-08-09 18:17:53 - [TEST_STEP][PASSED] - tap: Tapped on element 'Object Repository/ShopOpen/RemainingCategories/SubmitButton'

2018-08-09 18:17:53 - [MESSAGE][WARNING] - Timeout '0' is invalid. Using default page load timeout: '5'

2018-08-09 18:17:54 - [MESSAGE][PASSED] - Tapped on element 'Object Repository/ShopOpen/RemainingCategories/SubmitButton'

2018-08-09 18:17:54 - [TEST_STEP][PASSED] - verifyElementText: Actual text and expected text of test object 'Object Repository/ShopOpen/RemainingCategories/Validate_ProductCategoryAssetScreen' are matched.

2018-08-09 18:17:55 - [MESSAGE][PASSED] - Actual text and expected text of test object 'Object Repository/ShopOpen/RemainingCategories/Validate_ProductCategoryAssetScreen' are matched.

2018-08-09 18:17:55 - [TEST_STEP][PASSED] - tap: Tapped on element 'Object Repository/ShopOpen/RemainingCategories/planogram_ImageView'

2018-08-09 18:17:55 - [MESSAGE][WARNING] - Timeout '0' is invalid. Using default page load timeout: '5'

2018-08-09 18:17:56 - [MESSAGE][PASSED] - Tapped on element 'Object Repository/ShopOpen/RemainingCategories/planogram_ImageView'

2018-08-09 18:17:56 - [TEST_STEP][PASSED] - com.ct.qa.keywords.CommonKeywords.checkPlanogramAvailability: com.ct.qa.keywords.CommonKeywords.checkPlanogramAvailability is PASSED

2018-08-09 18:17:56 - [MESSAGE][WARNING] - Timeout '0' is invalid. Using default page load timeout: '5'

2018-08-09 18:18:02 - [MESSAGE][WARNING] - Object Object Repository/CommonScreenElements/InfoPopUp_OKButton not found
[[ATTACHMENT|F:\\Git Projects\\MMAPlus_Merchandising\\MMAPlus_Merchandising\\Reports\\MMA Plus Merchandising With Chiller Wise Data Verification\\20180809_164504\\1533820681135.png]]

2018-08-09 18:18:02 - [MESSAGE][PASSED] - com.ct.qa.keywords.CommonKeywords.checkPlanogramAvailability is PASSED

2018-08-09 18:18:02 - [TEST_STEP][PASSED] - com.ct.qa.keywords.CommonKeywords.closePlanogram: com.ct.qa.keywords.CommonKeywords.closePlanogram is PASSED

2018-08-09 18:18:02 - [MESSAGE][PASSED] - com.ct.qa.keywords.CommonKeywords.closePlanogram is PASSED

2018-08-09 18:18:02 - [TEST_STEP][PASSED] - verifyElementText: Actual text and expected text of test object 'Object Repository/ShopOpen/RemainingCategories/Validate_ProductCategoryAssetScreen' are matched.

2018-08-09 18:18:03 - [MESSAGE][PASSED] - Actual text and expected text of test object 'Object Repository/ShopOpen/RemainingCategories/Validate_ProductCategoryAssetScreen' are matched.

2018-08-09 18:18:03 - [TEST_STEP][PASSED] - com.ct.qa.keywords.CommonKeywords.findPictureImageView: com.ct.qa.keywords.CommonKeywords.findPictureImageView is PASSED

2018-08-09 18:18:03 - [MESSAGE][WARNING] - Timeout '0' is invalid. Using default page load timeout: '5'

2018-08-09 18:18:06 - [MESSAGE][PASSED] - Tapped on element 'Object Repository/CommonScreenElements/Picture_ImageView'

2018-08-09 18:18:06 - [MESSAGE][WARNING] - Timeout '0' is invalid. Using default page load timeout: '5'

2018-08-09 18:18:06 - [MESSAGE][PASSED] - Element 'Object Repository/CommonScreenElements/Validate_CameraScreen' is exist

2018-08-09 18:18:06 - [MESSAGE][WARNING] - Timeout '0' is invalid. Using default page load timeout: '5'

2018-08-09 18:18:09 - [MESSAGE][PASSED] - Tapped on element 'Object Repository/CommonScreenElements/TakePictureButton'

2018-08-09 18:18:14 - [MESSAGE][PASSED] - Delayed 5 second(s)

2018-08-09 18:18:14 - [MESSAGE][WARNING] - Timeout '0' is invalid. Using default page load timeout: '5'

2018-08-09 18:18:15 - [MESSAGE][PASSED] - Tapped on element 'Object Repository/CommonScreenElements/DoneButton'

2018-08-09 18:18:15 - [MESSAGE][PASSED] - com.ct.qa.keywords.CommonKeywords.findPictureImageView is PASSED

2018-08-09 18:18:15 - [TEST_STEP][PASSED] - verifyElementText: Actual text and expected text of test object 'Object Repository/ShopOpen/RemainingCategories/Validate_ProductCategoryAssetScreen' are matched.

2018-08-09 18:18:16 - [MESSAGE][PASSED] - Actual text and expected text of test object 'Object Repository/ShopOpen/RemainingCategories/Validate_ProductCategoryAssetScreen' are matched.

2018-08-09 18:18:16 - [TEST_STEP][PASSED] - tap: Tapped on element 'Object Repository/ShopOpen/RemainingCategories/ProductCategoryAsset_BackButton'

2018-08-09 18:18:16 - [MESSAGE][WARNING] - Timeout '0' is invalid. Using default page load timeout: '5'

2018-08-09 18:18:16 - [MESSAGE][PASSED] - Tapped on element 'Object Repository/ShopOpen/RemainingCategories/ProductCategoryAsset_BackButton'

2018-08-09 18:18:16 - [TEST_STEP][PASSED] - verifyElementExist: Element 'Object Repository/ShopOpen/Validate_ShopCategoriesListScreen' is exist

2018-08-09 18:18:16 - [MESSAGE][WARNING] - Timeout '0' is invalid. Using default page load timeout: '5'

2018-08-09 18:18:18 - [MESSAGE][PASSED] - Element 'Object Repository/ShopOpen/Validate_ShopCategoriesListScreen' is exist

2018-08-09 18:18:18 - [MESSAGE][PASSED] - Call Test Case 'Test Cases/ShopOpen/RemainingCategories/VisitRemainingCategoriesWithDSA' successfully

2018-08-09 18:18:18 - [TEST_CASE][PASSED] - Test Cases/ShopOpen/RemainingCategories/VisitRemainingCategoriesWithDSA: Test Cases/ShopOpen/RemainingCategories/VisitRemainingCategoriesWithDSA

2018-08-09 18:18:18 - [TEST_STEP][PASSED] - verifyElementText: Actual text and expected text of test object 'Object Repository/ShopOpen/RemainingCategories/Validate_RemainingCategoriesDetailScreen' are matched.

2018-08-09 18:18:21 - [MESSAGE][PASSED] - Actual text and expected text of test object 'Object Repository/ShopOpen/RemainingCategories/Validate_RemainingCategoriesDetailScreen' are matched.

2018-08-09 18:18:21 - [TEST_STEP][PASSED] - tap: Tapped on element 'Object Repository/ShopOpen/RemainingCategories/DisplaySpaceAvailable'

2018-08-09 18:18:21 - [MESSAGE][WARNING] - Timeout '0' is invalid. Using default page load timeout: '5'

2018-08-09 18:18:21 - [MESSAGE][PASSED] - Tapped on element 'Object Repository/ShopOpen/RemainingCategories/DisplaySpaceAvailable'

2018-08-09 18:18:21 - [TEST_STEP][PASSED] - verifyElementText: Actual text and expected text of test object 'Object Repository/ShopOpen/RemainingCategories/Validate_ProductCategoryAssetScreen' are matched.

2018-08-09 18:18:24 - [MESSAGE][PASSED] - Actual text and expected text of test object 'Object Repository/ShopOpen/RemainingCategories/Validate_ProductCategoryAssetScreen' are matched.

2018-08-09 18:18:24 - [TEST_STEP][PASSED] - tap: Tapped on element 'Object Repository/ShopOpen/RemainingCategories/Facing'

2018-08-09 18:18:24 - [MESSAGE][WARNING] - Timeout '0' is invalid. Using default page load timeout: '5'

2018-08-09 18:18:24 - [MESSAGE][PASSED] - Tapped on element 'Object Repository/ShopOpen/RemainingCategories/Facing'

2018-08-09 18:18:24 - [TEST_STEP][PASSED] - verifyElementText: Actual text and expected text of test object 'Object Repository/ShopOpen/RemainingCategories/Validate_FacingScreen' are matched.

2018-08-09 18:18:26 - [MESSAGE][PASSED] - Actual text and expected text of test object 'Object Repository/ShopOpen/RemainingCategories/Validate_FacingScreen' are matched.

2018-08-09 18:18:26 - [TEST_STEP][PASSED] - com.ct.qa.keywords.ChannelProductsDataKeywords.visitChannelWiseProductsData: com.ct.qa.keywords.ChannelProductsDataKeywords.visitChannelWiseProductsData is PASSED

2018-08-09 18:18:30 - [MESSAGE][PASSED] - Keyboard is hidden

2018-08-09 18:18:33 - [MESSAGE][PASSED] - Keyboard is hidden

2018-08-09 18:18:34 - [MESSAGE][PASSED] - com.ct.qa.keywords.ChannelProductsDataKeywords.visitChannelWiseProductsData is PASSED

2018-08-09 18:18:34 - [TEST_STEP][PASSED] - tap: Tapped on element 'Object Repository/ShopOpen/RemainingCategories/SubmitButton'

2018-08-09 18:18:34 - [MESSAGE][WARNING] - Timeout '0' is invalid. Using default page load timeout: '5'

2018-08-09 18:18:35 - [MESSAGE][PASSED] - Tapped on element 'Object Repository/ShopOpen/RemainingCategories/SubmitButton'

2018-08-09 18:18:35 - [TEST_STEP][PASSED] - verifyElementText: Actual text and expected text of test object 'Object Repository/ShopOpen/RemainingCategories/Validate_ProductCategoryAssetScreen' are matched.

2018-08-09 18:18:36 - [MESSAGE][PASSED] - Actual text and expected text of test object 'Object Repository/ShopOpen/RemainingCategories/Validate_ProductCategoryAssetScreen' are matched.

2018-08-09 18:18:36 - [TEST_STEP][PASSED] - tap: Tapped on element 'Object Repository/ShopOpen/RemainingCategories/StockTaking'

2018-08-09 18:18:36 - [MESSAGE][WARNING] - Timeout '0' is invalid. Using default page load timeout: '5'

2018-08-09 18:18:36 - [MESSAGE][PASSED] - Tapped on element 'Object Repository/ShopOpen/RemainingCategories/StockTaking'

2018-08-09 18:18:36 - [TEST_STEP][PASSED] - verifyElementText: Actual text and expected text of test object 'Object Repository/ShopOpen/RemainingCategories/Validate_StockTakingScreen' are matched.

2018-08-09 18:18:38 - [MESSAGE][PASSED] - Actual text and expected text of test object 'Object Repository/ShopOpen/RemainingCategories/Validate_StockTakingScreen' are matched.

2018-08-09 18:18:38 - [TEST_STEP][PASSED] - com.ct.qa.keywords.ChannelProductsDataKeywords.visitChannelWiseProductsData: com.ct.qa.keywords.ChannelProductsDataKeywords.visitChannelWiseProductsData is PASSED

2018-08-09 18:18:41 - [MESSAGE][PASSED] - Keyboard is hidden

2018-08-09 18:18:44 - [MESSAGE][PASSED] - Keyboard is hidden

2018-08-09 18:18:45 - [MESSAGE][PASSED] - com.ct.qa.keywords.ChannelProductsDataKeywords.visitChannelWiseProductsData is PASSED

2018-08-09 18:18:45 - [TEST_STEP][PASSED] - tap: Tapped on element 'Object Repository/ShopOpen/RemainingCategories/SubmitButton'

2018-08-09 18:18:45 - [MESSAGE][WARNING] - Timeout '0' is invalid. Using default page load timeout: '5'

2018-08-09 18:18:45 - [MESSAGE][PASSED] - Tapped on element 'Object Repository/ShopOpen/RemainingCategories/SubmitButton'

2018-08-09 18:18:45 - [TEST_STEP][PASSED] - verifyElementText: Actual text and expected text of test object 'Object Repository/ShopOpen/RemainingCategories/Validate_ProductCategoryAssetScreen' are matched.

2018-08-09 18:18:46 - [MESSAGE][PASSED] - Actual text and expected text of test object 'Object Repository/ShopOpen/RemainingCategories/Validate_ProductCategoryAssetScreen' are matched.

2018-08-09 18:18:46 - [TEST_STEP][PASSED] - tap: Tapped on element 'Object Repository/ShopOpen/RemainingCategories/planogram_ImageView'

2018-08-09 18:18:46 - [MESSAGE][WARNING] - Timeout '0' is invalid. Using default page load timeout: '5'

2018-08-09 18:18:47 - [MESSAGE][PASSED] - Tapped on element 'Object Repository/ShopOpen/RemainingCategories/planogram_ImageView'

2018-08-09 18:18:47 - [TEST_STEP][PASSED] - com.ct.qa.keywords.CommonKeywords.checkPlanogramAvailability: com.ct.qa.keywords.CommonKeywords.checkPlanogramAvailability is PASSED

2018-08-09 18:18:47 - [MESSAGE][WARNING] - Timeout '0' is invalid. Using default page load timeout: '5'

2018-08-09 18:18:49 - [MESSAGE][PASSED] - Tapped on element 'Object Repository/CommonScreenElements/InfoPopUp_OKButton'

2018-08-09 18:18:49 - [MESSAGE][PASSED] - com.ct.qa.keywords.CommonKeywords.checkPlanogramAvailability is PASSED

2018-08-09 18:18:49 - [TEST_STEP][PASSED] - com.ct.qa.keywords.CommonKeywords.closePlanogram: com.ct.qa.keywords.CommonKeywords.closePlanogram is PASSED

2018-08-09 18:18:50 - [MESSAGE][PASSED] - com.ct.qa.keywords.CommonKeywords.closePlanogram is PASSED

2018-08-09 18:18:50 - [TEST_STEP][PASSED] - verifyElementText: Actual text and expected text of test object 'Object Repository/ShopOpen/RemainingCategories/Validate_ProductCategoryAssetScreen' are matched.

2018-08-09 18:18:51 - [MESSAGE][PASSED] - Actual text and expected text of test object 'Object Repository/ShopOpen/RemainingCategories/Validate_ProductCategoryAssetScreen' are matched.

2018-08-09 18:18:51 - [TEST_STEP][PASSED] - com.ct.qa.keywords.CommonKeywords.findPictureImageView: com.ct.qa.keywords.CommonKeywords.findPictureImageView is PASSED

2018-08-09 18:18:51 - [MESSAGE][WARNING] - Timeout '0' is invalid. Using default page load timeout: '5'

2018-08-09 18:18:53 - [MESSAGE][PASSED] - Tapped on element 'Object Repository/CommonScreenElements/Picture_ImageView'

2018-08-09 18:18:53 - [MESSAGE][WARNING] - Timeout '0' is invalid. Using default page load timeout: '5'

2018-08-09 18:18:55 - [MESSAGE][PASSED] - Element 'Object Repository/CommonScreenElements/Validate_CameraScreen' is exist

2018-08-09 18:18:55 - [MESSAGE][WARNING] - Timeout '0' is invalid. Using default page load timeout: '5'

2018-08-09 18:18:58 - [MESSAGE][PASSED] - Tapped on element 'Object Repository/CommonScreenElements/TakePictureButton'

2018-08-09 18:19:03 - [MESSAGE][PASSED] - Delayed 5 second(s)

2018-08-09 18:19:03 - [MESSAGE][WARNING] - Timeout '0' is invalid. Using default page load timeout: '5'

2018-08-09 18:19:04 - [MESSAGE][PASSED] - Tapped on element 'Object Repository/CommonScreenElements/DoneButton'

2018-08-09 18:19:04 - [MESSAGE][PASSED] - com.ct.qa.keywords.CommonKeywords.findPictureImageView is PASSED

2018-08-09 18:19:04 - [TEST_STEP][PASSED] - verifyElementText: Actual text and expected text of test object 'Object Repository/ShopOpen/RemainingCategories/Validate_ProductCategoryAssetScreen' are matched.

2018-08-09 18:19:05 - [MESSAGE][PASSED] - Actual text and expected text of test object 'Object Repository/ShopOpen/RemainingCategories/Validate_ProductCategoryAssetScreen' are matched.

2018-08-09 18:19:05 - [TEST_STEP][PASSED] - tap: Tapped on element 'Object Repository/ShopOpen/RemainingCategories/ProductCategoryAsset_BackButton'

2018-08-09 18:19:05 - [MESSAGE][WARNING] - Timeout '0' is invalid. Using default page load timeout: '5'

2018-08-09 18:19:05 - [MESSAGE][PASSED] - Tapped on element 'Object Repository/ShopOpen/RemainingCategories/ProductCategoryAsset_BackButton'

2018-08-09 18:19:05 - [TEST_STEP][PASSED] - verifyElementExist: Element 'Object Repository/ShopOpen/Validate_ShopCategoriesListScreen' is exist

2018-08-09 18:19:05 - [MESSAGE][WARNING] - Timeout '0' is invalid. Using default page load timeout: '5'

2018-08-09 18:19:07 - [MESSAGE][PASSED] - Element 'Object Repository/ShopOpen/Validate_ShopCategoriesListScreen' is exist

2018-08-09 18:19:07 - [MESSAGE][PASSED] - Call Test Case 'Test Cases/ShopOpen/RemainingCategories/VisitRemainingCategoriesWithDSA' successfully

2018-08-09 18:19:07 - [TEST_CASE][PASSED] - Test Cases/ShopOpen/RemainingCategories/VisitRemainingCategoriesWithDSA: Test Cases/ShopOpen/RemainingCategories/VisitRemainingCategoriesWithDSA

2018-08-09 18:19:07 - [TEST_STEP][PASSED] - verifyElementText: Actual text and expected text of test object 'Object Repository/ShopOpen/RemainingCategories/Validate_RemainingCategoriesDetailScreen' are matched.

2018-08-09 18:19:10 - [MESSAGE][PASSED] - Actual text and expected text of test object 'Object Repository/ShopOpen/RemainingCategories/Validate_RemainingCategoriesDetailScreen' are matched.

2018-08-09 18:19:10 - [TEST_STEP][PASSED] - tap: Tapped on element 'Object Repository/ShopOpen/RemainingCategories/DisplaySpaceAvailable'

2018-08-09 18:19:10 - [MESSAGE][WARNING] - Timeout '0' is invalid. Using default page load timeout: '5'

2018-08-09 18:19:10 - [MESSAGE][PASSED] - Tapped on element 'Object Repository/ShopOpen/RemainingCategories/DisplaySpaceAvailable'

2018-08-09 18:19:10 - [TEST_STEP][PASSED] - verifyElementText: Actual text and expected text of test object 'Object Repository/ShopOpen/RemainingCategories/Validate_ProductCategoryAssetScreen' are matched.

2018-08-09 18:19:13 - [MESSAGE][PASSED] - Actual text and expected text of test object 'Object Repository/ShopOpen/RemainingCategories/Validate_ProductCategoryAssetScreen' are matched.

2018-08-09 18:19:13 - [TEST_STEP][PASSED] - tap: Tapped on element 'Object Repository/ShopOpen/RemainingCategories/Facing'

2018-08-09 18:19:13 - [MESSAGE][WARNING] - Timeout '0' is invalid. Using default page load timeout: '5'

2018-08-09 18:19:13 - [MESSAGE][PASSED] - Tapped on element 'Object Repository/ShopOpen/RemainingCategories/Facing'

2018-08-09 18:19:13 - [TEST_STEP][PASSED] - verifyElementText: Actual text and expected text of test object 'Object Repository/ShopOpen/RemainingCategories/Validate_FacingScreen' are matched.

2018-08-09 18:19:15 - [MESSAGE][PASSED] - Actual text and expected text of test object 'Object Repository/ShopOpen/RemainingCategories/Validate_FacingScreen' are matched.

2018-08-09 18:19:15 - [TEST_STEP][PASSED] - com.ct.qa.keywords.ChannelProductsDataKeywords.visitChannelWiseProductsData: com.ct.qa.keywords.ChannelProductsDataKeywords.visitChannelWiseProductsData is PASSED

2018-08-09 18:19:19 - [MESSAGE][PASSED] - Keyboard is hidden

2018-08-09 18:19:22 - [MESSAGE][PASSED] - Keyboard is hidden

2018-08-09 18:19:25 - [MESSAGE][PASSED] - Keyboard is hidden

2018-08-09 18:19:26 - [MESSAGE][PASSED] - com.ct.qa.keywords.ChannelProductsDataKeywords.visitChannelWiseProductsData is PASSED

2018-08-09 18:19:26 - [TEST_STEP][PASSED] - tap: Tapped on element 'Object Repository/ShopOpen/RemainingCategories/SubmitButton'

2018-08-09 18:19:26 - [MESSAGE][WARNING] - Timeout '0' is invalid. Using default page load timeout: '5'

2018-08-09 18:19:27 - [MESSAGE][PASSED] - Tapped on element 'Object Repository/ShopOpen/RemainingCategories/SubmitButton'

2018-08-09 18:19:27 - [TEST_STEP][PASSED] - verifyElementText: Actual text and expected text of test object 'Object Repository/ShopOpen/RemainingCategories/Validate_ProductCategoryAssetScreen' are matched.

2018-08-09 18:19:28 - [MESSAGE][PASSED] - Actual text and expected text of test object 'Object Repository/ShopOpen/RemainingCategories/Validate_ProductCategoryAssetScreen' are matched.

2018-08-09 18:19:28 - [TEST_STEP][PASSED] - tap: Tapped on element 'Object Repository/ShopOpen/RemainingCategories/StockTaking'

2018-08-09 18:19:28 - [MESSAGE][WARNING] - Timeout '0' is invalid. Using default page load timeout: '5'

2018-08-09 18:19:28 - [MESSAGE][PASSED] - Tapped on element 'Object Repository/ShopOpen/RemainingCategories/StockTaking'

2018-08-09 18:19:28 - [TEST_STEP][PASSED] - verifyElementText: Actual text and expected text of test object 'Object Repository/ShopOpen/RemainingCategories/Validate_StockTakingScreen' are matched.

2018-08-09 18:19:30 - [MESSAGE][PASSED] - Actual text and expected text of test object 'Object Repository/ShopOpen/RemainingCategories/Validate_StockTakingScreen' are matched.

2018-08-09 18:19:30 - [TEST_STEP][PASSED] - com.ct.qa.keywords.ChannelProductsDataKeywords.visitChannelWiseProductsData: com.ct.qa.keywords.ChannelProductsDataKeywords.visitChannelWiseProductsData is PASSED

2018-08-09 18:19:34 - [MESSAGE][PASSED] - Keyboard is hidden

2018-08-09 18:19:37 - [MESSAGE][PASSED] - Keyboard is hidden

2018-08-09 18:19:40 - [MESSAGE][PASSED] - Keyboard is hidden

2018-08-09 18:19:41 - [MESSAGE][PASSED] - com.ct.qa.keywords.ChannelProductsDataKeywords.visitChannelWiseProductsData is PASSED

2018-08-09 18:19:41 - [TEST_STEP][PASSED] - tap: Tapped on element 'Object Repository/ShopOpen/RemainingCategories/SubmitButton'

2018-08-09 18:19:41 - [MESSAGE][WARNING] - Timeout '0' is invalid. Using default page load timeout: '5'

2018-08-09 18:19:42 - [MESSAGE][PASSED] - Tapped on element 'Object Repository/ShopOpen/RemainingCategories/SubmitButton'

2018-08-09 18:19:42 - [TEST_STEP][PASSED] - verifyElementText: Actual text and expected text of test object 'Object Repository/ShopOpen/RemainingCategories/Validate_ProductCategoryAssetScreen' are matched.

2018-08-09 18:19:43 - [MESSAGE][PASSED] - Actual text and expected text of test object 'Object Repository/ShopOpen/RemainingCategories/Validate_ProductCategoryAssetScreen' are matched.

2018-08-09 18:19:43 - [TEST_STEP][PASSED] - tap: Tapped on element 'Object Repository/ShopOpen/RemainingCategories/planogram_ImageView'

2018-08-09 18:19:43 - [MESSAGE][WARNING] - Timeout '0' is invalid. Using default page load timeout: '5'

2018-08-09 18:19:43 - [MESSAGE][PASSED] - Tapped on element 'Object Repository/ShopOpen/RemainingCategories/planogram_ImageView'

2018-08-09 18:19:43 - [TEST_STEP][PASSED] - com.ct.qa.keywords.CommonKeywords.checkPlanogramAvailability: com.ct.qa.keywords.CommonKeywords.checkPlanogramAvailability is PASSED

2018-08-09 18:19:43 - [MESSAGE][WARNING] - Timeout '0' is invalid. Using default page load timeout: '5'

2018-08-09 18:19:49 - [MESSAGE][WARNING] - Object Object Repository/CommonScreenElements/InfoPopUp_OKButton not found
[[ATTACHMENT|F:\\Git Projects\\MMAPlus_Merchandising\\MMAPlus_Merchandising\\Reports\\MMA Plus Merchandising With Chiller Wise Data Verification\\20180809_164504\\1533820788837.png]]

2018-08-09 18:19:49 - [MESSAGE][PASSED] - com.ct.qa.keywords.CommonKeywords.checkPlanogramAvailability is PASSED

2018-08-09 18:19:49 - [TEST_STEP][PASSED] - com.ct.qa.keywords.CommonKeywords.closePlanogram: com.ct.qa.keywords.CommonKeywords.closePlanogram is PASSED

2018-08-09 18:19:50 - [MESSAGE][PASSED] - com.ct.qa.keywords.CommonKeywords.closePlanogram is PASSED

2018-08-09 18:19:50 - [TEST_STEP][PASSED] - verifyElementText: Actual text and expected text of test object 'Object Repository/ShopOpen/RemainingCategories/Validate_ProductCategoryAssetScreen' are matched.

2018-08-09 18:19:51 - [MESSAGE][PASSED] - Actual text and expected text of test object 'Object Repository/ShopOpen/RemainingCategories/Validate_ProductCategoryAssetScreen' are matched.

2018-08-09 18:19:51 - [TEST_STEP][PASSED] - com.ct.qa.keywords.CommonKeywords.findPictureImageView: com.ct.qa.keywords.CommonKeywords.findPictureImageView is PASSED

2018-08-09 18:19:51 - [MESSAGE][WARNING] - Timeout '0' is invalid. Using default page load timeout: '5'

2018-08-09 18:19:53 - [MESSAGE][PASSED] - Tapped on element 'Object Repository/CommonScreenElements/Picture_ImageView'

2018-08-09 18:19:53 - [MESSAGE][WARNING] - Timeout '0' is invalid. Using default page load timeout: '5'

2018-08-09 18:19:55 - [MESSAGE][PASSED] - Element 'Object Repository/CommonScreenElements/Validate_CameraScreen' is exist

2018-08-09 18:19:55 - [MESSAGE][WARNING] - Timeout '0' is invalid. Using default page load timeout: '5'

2018-08-09 18:19:58 - [MESSAGE][PASSED] - Tapped on element 'Object Repository/CommonScreenElements/TakePictureButton'

2018-08-09 18:20:03 - [MESSAGE][PASSED] - Delayed 5 second(s)

2018-08-09 18:20:03 - [MESSAGE][WARNING] - Timeout '0' is invalid. Using default page load timeout: '5'

2018-08-09 18:20:04 - [MESSAGE][PASSED] - Tapped on element 'Object Repository/CommonScreenElements/DoneButton'

2018-08-09 18:20:04 - [MESSAGE][PASSED] - com.ct.qa.keywords.CommonKeywords.findPictureImageView is PASSED

2018-08-09 18:20:04 - [TEST_STEP][PASSED] - verifyElementText: Actual text and expected text of test object 'Object Repository/ShopOpen/RemainingCategories/Validate_ProductCategoryAssetScreen' are matched.

2018-08-09 18:20:05 - [MESSAGE][PASSED] - Actual text and expected text of test object 'Object Repository/ShopOpen/RemainingCategories/Validate_ProductCategoryAssetScreen' are matched.

2018-08-09 18:20:05 - [TEST_STEP][PASSED] - tap: Tapped on element 'Object Repository/ShopOpen/RemainingCategories/ProductCategoryAsset_BackButton'

2018-08-09 18:20:05 - [MESSAGE][WARNING] - Timeout '0' is invalid. Using default page load timeout: '5'

2018-08-09 18:20:05 - [MESSAGE][PASSED] - Tapped on element 'Object Repository/ShopOpen/RemainingCategories/ProductCategoryAsset_BackButton'

2018-08-09 18:20:05 - [TEST_STEP][PASSED] - verifyElementExist: Element 'Object Repository/ShopOpen/Validate_ShopCategoriesListScreen' is exist

2018-08-09 18:20:05 - [MESSAGE][WARNING] - Timeout '0' is invalid. Using default page load timeout: '5'

2018-08-09 18:20:07 - [MESSAGE][PASSED] - Element 'Object Repository/ShopOpen/Validate_ShopCategoriesListScreen' is exist

2018-08-09 18:20:07 - [MESSAGE][PASSED] - Call Test Case 'Test Cases/ShopOpen/RemainingCategories/VisitRemainingCategoriesWithDSA' successfully

2018-08-09 18:20:07 - [TEST_CASE][PASSED] - Test Cases/ShopOpen/RemainingCategories/VisitRemainingCategoriesWithDSA: Test Cases/ShopOpen/RemainingCategories/VisitRemainingCategoriesWithDSA

2018-08-09 18:20:07 - [TEST_STEP][PASSED] - verifyElementText: Actual text and expected text of test object 'Object Repository/ShopOpen/RemainingCategories/Validate_RemainingCategoriesDetailScreen' are matched.

2018-08-09 18:20:10 - [MESSAGE][PASSED] - Actual text and expected text of test object 'Object Repository/ShopOpen/RemainingCategories/Validate_RemainingCategoriesDetailScreen' are matched.

2018-08-09 18:20:10 - [TEST_STEP][PASSED] - tap: Tapped on element 'Object Repository/ShopOpen/RemainingCategories/DisplaySpaceAvailable'

2018-08-09 18:20:10 - [MESSAGE][WARNING] - Timeout '0' is invalid. Using default page load timeout: '5'

2018-08-09 18:20:10 - [MESSAGE][PASSED] - Tapped on element 'Object Repository/ShopOpen/RemainingCategories/DisplaySpaceAvailable'

2018-08-09 18:20:10 - [TEST_STEP][PASSED] - verifyElementText: Actual text and expected text of test object 'Object Repository/ShopOpen/RemainingCategories/Validate_ProductCategoryAssetScreen' are matched.

2018-08-09 18:20:12 - [MESSAGE][PASSED] - Actual text and expected text of test object 'Object Repository/ShopOpen/RemainingCategories/Validate_ProductCategoryAssetScreen' are matched.

2018-08-09 18:20:12 - [TEST_STEP][PASSED] - tap: Tapped on element 'Object Repository/ShopOpen/RemainingCategories/Facing'

2018-08-09 18:20:12 - [MESSAGE][WARNING] - Timeout '0' is invalid. Using default page load timeout: '5'

2018-08-09 18:20:12 - [MESSAGE][PASSED] - Tapped on element 'Object Repository/ShopOpen/RemainingCategories/Facing'

2018-08-09 18:20:12 - [TEST_STEP][PASSED] - verifyElementText: Actual text and expected text of test object 'Object Repository/ShopOpen/RemainingCategories/Validate_FacingScreen' are matched.

2018-08-09 18:20:14 - [MESSAGE][PASSED] - Actual text and expected text of test object 'Object Repository/ShopOpen/RemainingCategories/Validate_FacingScreen' are matched.

2018-08-09 18:20:14 - [TEST_STEP][PASSED] - com.ct.qa.keywords.ChannelProductsDataKeywords.visitChannelWiseProductsData: com.ct.qa.keywords.ChannelProductsDataKeywords.visitChannelWiseProductsData is PASSED

2018-08-09 18:20:19 - [MESSAGE][PASSED] - Keyboard is hidden

2018-08-09 18:20:22 - [MESSAGE][PASSED] - Keyboard is hidden

2018-08-09 18:20:25 - [MESSAGE][PASSED] - Keyboard is hidden

2018-08-09 18:20:28 - [MESSAGE][PASSED] - Keyboard is hidden

2018-08-09 18:20:31 - [MESSAGE][PASSED] - Keyboard is hidden

2018-08-09 18:20:34 - [MESSAGE][PASSED] - Keyboard is hidden

2018-08-09 18:20:38 - [MESSAGE][PASSED] - Swiped from 50,359 to 50,250

2018-08-09 18:20:40 - [MESSAGE][PASSED] - Keyboard is hidden

2018-08-09 18:20:42 - [MESSAGE][PASSED] - Swiped from 50,359 to 50,250

2018-08-09 18:20:45 - [MESSAGE][PASSED] - Keyboard is hidden

2018-08-09 18:20:47 - [MESSAGE][PASSED] - Swiped from 50,359 to 50,250

2018-08-09 18:20:48 - [MESSAGE][PASSED] - com.ct.qa.keywords.ChannelProductsDataKeywords.visitChannelWiseProductsData is PASSED

2018-08-09 18:20:48 - [TEST_STEP][PASSED] - tap: Tapped on element 'Object Repository/ShopOpen/RemainingCategories/SubmitButton'

2018-08-09 18:20:48 - [MESSAGE][WARNING] - Timeout '0' is invalid. Using default page load timeout: '5'

2018-08-09 18:20:48 - [MESSAGE][PASSED] - Tapped on element 'Object Repository/ShopOpen/RemainingCategories/SubmitButton'

2018-08-09 18:20:48 - [TEST_STEP][PASSED] - verifyElementText: Actual text and expected text of test object 'Object Repository/ShopOpen/RemainingCategories/Validate_ProductCategoryAssetScreen' are matched.

2018-08-09 18:20:49 - [MESSAGE][PASSED] - Actual text and expected text of test object 'Object Repository/ShopOpen/RemainingCategories/Validate_ProductCategoryAssetScreen' are matched.

2018-08-09 18:20:49 - [TEST_STEP][PASSED] - tap: Tapped on element 'Object Repository/ShopOpen/RemainingCategories/StockTaking'

2018-08-09 18:20:49 - [MESSAGE][WARNING] - Timeout '0' is invalid. Using default page load timeout: '5'

2018-08-09 18:20:50 - [MESSAGE][PASSED] - Tapped on element 'Object Repository/ShopOpen/RemainingCategories/StockTaking'

2018-08-09 18:20:50 - [TEST_STEP][PASSED] - verifyElementText: Actual text and expected text of test object 'Object Repository/ShopOpen/RemainingCategories/Validate_StockTakingScreen' are matched.

2018-08-09 18:20:52 - [MESSAGE][PASSED] - Actual text and expected text of test object 'Object Repository/ShopOpen/RemainingCategories/Validate_StockTakingScreen' are matched.

2018-08-09 18:20:52 - [TEST_STEP][PASSED] - com.ct.qa.keywords.ChannelProductsDataKeywords.visitChannelWiseProductsData: com.ct.qa.keywords.ChannelProductsDataKeywords.visitChannelWiseProductsData is PASSED

2018-08-09 18:20:56 - [MESSAGE][PASSED] - Keyboard is hidden

2018-08-09 18:20:59 - [MESSAGE][PASSED] - Keyboard is hidden

2018-08-09 18:21:02 - [MESSAGE][PASSED] - Keyboard is hidden

2018-08-09 18:21:06 - [MESSAGE][PASSED] - Keyboard is hidden

2018-08-09 18:21:10 - [MESSAGE][PASSED] - Keyboard is hidden

2018-08-09 18:21:13 - [MESSAGE][PASSED] - Keyboard is hidden

2018-08-09 18:21:17 - [MESSAGE][PASSED] - Swiped from 50,359 to 50,250

2018-08-09 18:21:20 - [MESSAGE][PASSED] - Keyboard is hidden

2018-08-09 18:21:22 - [MESSAGE][PASSED] - Swiped from 50,359 to 50,250

2018-08-09 18:21:25 - [MESSAGE][PASSED] - Keyboard is hidden

2018-08-09 18:21:27 - [MESSAGE][PASSED] - Swiped from 50,359 to 50,250

2018-08-09 18:21:28 - [MESSAGE][PASSED] - com.ct.qa.keywords.ChannelProductsDataKeywords.visitChannelWiseProductsData is PASSED

2018-08-09 18:21:28 - [TEST_STEP][PASSED] - tap: Tapped on element 'Object Repository/ShopOpen/RemainingCategories/SubmitButton'

2018-08-09 18:21:28 - [MESSAGE][WARNING] - Timeout '0' is invalid. Using default page load timeout: '5'

2018-08-09 18:21:28 - [MESSAGE][PASSED] - Tapped on element 'Object Repository/ShopOpen/RemainingCategories/SubmitButton'

2018-08-09 18:21:28 - [TEST_STEP][PASSED] - verifyElementText: Actual text and expected text of test object 'Object Repository/ShopOpen/RemainingCategories/Validate_ProductCategoryAssetScreen' are matched.

2018-08-09 18:21:30 - [MESSAGE][PASSED] - Actual text and expected text of test object 'Object Repository/ShopOpen/RemainingCategories/Validate_ProductCategoryAssetScreen' are matched.

2018-08-09 18:21:30 - [TEST_STEP][PASSED] - tap: Tapped on element 'Object Repository/ShopOpen/RemainingCategories/planogram_ImageView'

2018-08-09 18:21:30 - [MESSAGE][WARNING] - Timeout '0' is invalid. Using default page load timeout: '5'

2018-08-09 18:21:30 - [MESSAGE][PASSED] - Tapped on element 'Object Repository/ShopOpen/RemainingCategories/planogram_ImageView'

2018-08-09 18:21:30 - [TEST_STEP][PASSED] - com.ct.qa.keywords.CommonKeywords.checkPlanogramAvailability: com.ct.qa.keywords.CommonKeywords.checkPlanogramAvailability is PASSED

2018-08-09 18:21:30 - [MESSAGE][WARNING] - Timeout '0' is invalid. Using default page load timeout: '5'

2018-08-09 18:21:37 - [MESSAGE][WARNING] - Object Object Repository/CommonScreenElements/InfoPopUp_OKButton not found
[[ATTACHMENT|F:\\Git Projects\\MMAPlus_Merchandising\\MMAPlus_Merchandising\\Reports\\MMA Plus Merchandising With Chiller Wise Data Verification\\20180809_164504\\1533820895821.png]]

2018-08-09 18:21:37 - [MESSAGE][PASSED] - com.ct.qa.keywords.CommonKeywords.checkPlanogramAvailability is PASSED

2018-08-09 18:21:37 - [TEST_STEP][PASSED] - com.ct.qa.keywords.CommonKeywords.closePlanogram: com.ct.qa.keywords.CommonKeywords.closePlanogram is PASSED

2018-08-09 18:21:37 - [MESSAGE][PASSED] - com.ct.qa.keywords.CommonKeywords.closePlanogram is PASSED

2018-08-09 18:21:37 - [TEST_STEP][PASSED] - verifyElementText: Actual text and expected text of test object 'Object Repository/ShopOpen/RemainingCategories/Validate_ProductCategoryAssetScreen' are matched.

2018-08-09 18:21:38 - [MESSAGE][PASSED] - Actual text and expected text of test object 'Object Repository/ShopOpen/RemainingCategories/Validate_ProductCategoryAssetScreen' are matched.

2018-08-09 18:21:38 - [TEST_STEP][PASSED] - com.ct.qa.keywords.CommonKeywords.findPictureImageView: com.ct.qa.keywords.CommonKeywords.findPictureImageView is PASSED

2018-08-09 18:21:38 - [MESSAGE][WARNING] - Timeout '0' is invalid. Using default page load timeout: '5'

2018-08-09 18:21:41 - [MESSAGE][PASSED] - Tapped on element 'Object Repository/CommonScreenElements/Picture_ImageView'

2018-08-09 18:21:41 - [MESSAGE][WARNING] - Timeout '0' is invalid. Using default page load timeout: '5'

2018-08-09 18:21:42 - [MESSAGE][PASSED] - Element 'Object Repository/CommonScreenElements/Validate_CameraScreen' is exist

2018-08-09 18:21:42 - [MESSAGE][WARNING] - Timeout '0' is invalid. Using default page load timeout: '5'

2018-08-09 18:21:45 - [MESSAGE][PASSED] - Tapped on element 'Object Repository/CommonScreenElements/TakePictureButton'

2018-08-09 18:21:50 - [MESSAGE][PASSED] - Delayed 5 second(s)

2018-08-09 18:21:50 - [MESSAGE][WARNING] - Timeout '0' is invalid. Using default page load timeout: '5'

2018-08-09 18:21:51 - [MESSAGE][PASSED] - Tapped on element 'Object Repository/CommonScreenElements/DoneButton'

2018-08-09 18:21:51 - [MESSAGE][PASSED] - com.ct.qa.keywords.CommonKeywords.findPictureImageView is PASSED

2018-08-09 18:21:51 - [TEST_STEP][PASSED] - verifyElementText: Actual text and expected text of test object 'Object Repository/ShopOpen/RemainingCategories/Validate_ProductCategoryAssetScreen' are matched.

2018-08-09 18:21:52 - [MESSAGE][PASSED] - Actual text and expected text of test object 'Object Repository/ShopOpen/RemainingCategories/Validate_ProductCategoryAssetScreen' are matched.

2018-08-09 18:21:52 - [TEST_STEP][PASSED] - tap: Tapped on element 'Object Repository/ShopOpen/RemainingCategories/ProductCategoryAsset_BackButton'

2018-08-09 18:21:52 - [MESSAGE][WARNING] - Timeout '0' is invalid. Using default page load timeout: '5'

2018-08-09 18:21:53 - [MESSAGE][PASSED] - Tapped on element 'Object Repository/ShopOpen/RemainingCategories/ProductCategoryAsset_BackButton'

2018-08-09 18:21:53 - [TEST_STEP][PASSED] - verifyElementExist: Element 'Object Repository/ShopOpen/Validate_ShopCategoriesListScreen' is exist

2018-08-09 18:21:53 - [MESSAGE][WARNING] - Timeout '0' is invalid. Using default page load timeout: '5'

2018-08-09 18:21:55 - [MESSAGE][PASSED] - Element 'Object Repository/ShopOpen/Validate_ShopCategoriesListScreen' is exist

2018-08-09 18:21:55 - [MESSAGE][PASSED] - Call Test Case 'Test Cases/ShopOpen/RemainingCategories/VisitRemainingCategoriesWithDSA' successfully

2018-08-09 18:21:55 - [TEST_CASE][PASSED] - Test Cases/ShopOpen/RemainingCategories/VisitRemainingCategoriesWithDSA: Test Cases/ShopOpen/RemainingCategories/VisitRemainingCategoriesWithDSA

2018-08-09 18:21:55 - [TEST_STEP][PASSED] - verifyElementText: Actual text and expected text of test object 'Object Repository/ShopOpen/RemainingCategories/Validate_RemainingCategoriesDetailScreen' are matched.

2018-08-09 18:21:58 - [MESSAGE][PASSED] - Actual text and expected text of test object 'Object Repository/ShopOpen/RemainingCategories/Validate_RemainingCategoriesDetailScreen' are matched.

2018-08-09 18:21:58 - [TEST_STEP][PASSED] - tap: Tapped on element 'Object Repository/ShopOpen/RemainingCategories/DisplaySpaceAvailable'

2018-08-09 18:21:58 - [MESSAGE][WARNING] - Timeout '0' is invalid. Using default page load timeout: '5'

2018-08-09 18:21:58 - [MESSAGE][PASSED] - Tapped on element 'Object Repository/ShopOpen/RemainingCategories/DisplaySpaceAvailable'

2018-08-09 18:21:58 - [TEST_STEP][PASSED] - verifyElementText: Actual text and expected text of test object 'Object Repository/ShopOpen/RemainingCategories/Validate_ProductCategoryAssetScreen' are matched.

2018-08-09 18:22:01 - [MESSAGE][PASSED] - Actual text and expected text of test object 'Object Repository/ShopOpen/RemainingCategories/Validate_ProductCategoryAssetScreen' are matched.

2018-08-09 18:22:01 - [TEST_STEP][PASSED] - tap: Tapped on element 'Object Repository/ShopOpen/RemainingCategories/Facing'

2018-08-09 18:22:01 - [MESSAGE][WARNING] - Timeout '0' is invalid. Using default page load timeout: '5'

2018-08-09 18:22:01 - [MESSAGE][PASSED] - Tapped on element 'Object Repository/ShopOpen/RemainingCategories/Facing'

2018-08-09 18:22:01 - [TEST_STEP][PASSED] - verifyElementText: Actual text and expected text of test object 'Object Repository/ShopOpen/RemainingCategories/Validate_FacingScreen' are matched.

2018-08-09 18:22:03 - [MESSAGE][PASSED] - Actual text and expected text of test object 'Object Repository/ShopOpen/RemainingCategories/Validate_FacingScreen' are matched.

2018-08-09 18:22:03 - [TEST_STEP][PASSED] - com.ct.qa.keywords.ChannelProductsDataKeywords.visitChannelWiseProductsData: com.ct.qa.keywords.ChannelProductsDataKeywords.visitChannelWiseProductsData is PASSED

2018-08-09 18:22:07 - [MESSAGE][PASSED] - Keyboard is hidden

2018-08-09 18:22:10 - [MESSAGE][PASSED] - Keyboard is hidden

2018-08-09 18:22:13 - [MESSAGE][PASSED] - Keyboard is hidden

2018-08-09 18:22:16 - [MESSAGE][PASSED] - Keyboard is hidden

2018-08-09 18:22:17 - [MESSAGE][PASSED] - com.ct.qa.keywords.ChannelProductsDataKeywords.visitChannelWiseProductsData is PASSED

2018-08-09 18:22:17 - [TEST_STEP][PASSED] - tap: Tapped on element 'Object Repository/ShopOpen/RemainingCategories/SubmitButton'

2018-08-09 18:22:17 - [MESSAGE][WARNING] - Timeout '0' is invalid. Using default page load timeout: '5'

2018-08-09 18:22:18 - [MESSAGE][PASSED] - Tapped on element 'Object Repository/ShopOpen/RemainingCategories/SubmitButton'

2018-08-09 18:22:18 - [TEST_STEP][PASSED] - verifyElementText: Actual text and expected text of test object 'Object Repository/ShopOpen/RemainingCategories/Validate_ProductCategoryAssetScreen' are matched.

2018-08-09 18:22:19 - [MESSAGE][PASSED] - Actual text and expected text of test object 'Object Repository/ShopOpen/RemainingCategories/Validate_ProductCategoryAssetScreen' are matched.

2018-08-09 18:22:19 - [TEST_STEP][PASSED] - tap: Tapped on element 'Object Repository/ShopOpen/RemainingCategories/StockTaking'

2018-08-09 18:22:19 - [MESSAGE][WARNING] - Timeout '0' is invalid. Using default page load timeout: '5'

2018-08-09 18:22:19 - [MESSAGE][PASSED] - Tapped on element 'Object Repository/ShopOpen/RemainingCategories/StockTaking'

2018-08-09 18:22:19 - [TEST_STEP][PASSED] - verifyElementText: Actual text and expected text of test object 'Object Repository/ShopOpen/RemainingCategories/Validate_StockTakingScreen' are matched.

2018-08-09 18:22:21 - [MESSAGE][PASSED] - Actual text and expected text of test object 'Object Repository/ShopOpen/RemainingCategories/Validate_StockTakingScreen' are matched.

2018-08-09 18:22:21 - [TEST_STEP][PASSED] - com.ct.qa.keywords.ChannelProductsDataKeywords.visitChannelWiseProductsData: com.ct.qa.keywords.ChannelProductsDataKeywords.visitChannelWiseProductsData is PASSED

2018-08-09 18:22:25 - [MESSAGE][PASSED] - Keyboard is hidden

2018-08-09 18:22:28 - [MESSAGE][PASSED] - Keyboard is hidden

2018-08-09 18:22:31 - [MESSAGE][PASSED] - Keyboard is hidden

2018-08-09 18:22:34 - [MESSAGE][PASSED] - Keyboard is hidden

2018-08-09 18:22:35 - [MESSAGE][PASSED] - com.ct.qa.keywords.ChannelProductsDataKeywords.visitChannelWiseProductsData is PASSED

2018-08-09 18:22:35 - [TEST_STEP][PASSED] - tap: Tapped on element 'Object Repository/ShopOpen/RemainingCategories/SubmitButton'

2018-08-09 18:22:35 - [MESSAGE][WARNING] - Timeout '0' is invalid. Using default page load timeout: '5'

2018-08-09 18:22:36 - [MESSAGE][PASSED] - Tapped on element 'Object Repository/ShopOpen/RemainingCategories/SubmitButton'

2018-08-09 18:22:36 - [TEST_STEP][PASSED] - verifyElementText: Actual text and expected text of test object 'Object Repository/ShopOpen/RemainingCategories/Validate_ProductCategoryAssetScreen' are matched.

2018-08-09 18:22:37 - [MESSAGE][PASSED] - Actual text and expected text of test object 'Object Repository/ShopOpen/RemainingCategories/Validate_ProductCategoryAssetScreen' are matched.

2018-08-09 18:22:37 - [TEST_STEP][PASSED] - tap: Tapped on element 'Object Repository/ShopOpen/RemainingCategories/planogram_ImageView'

2018-08-09 18:22:37 - [MESSAGE][WARNING] - Timeout '0' is invalid. Using default page load timeout: '5'

2018-08-09 18:22:37 - [MESSAGE][PASSED] - Tapped on element 'Object Repository/ShopOpen/RemainingCategories/planogram_ImageView'

2018-08-09 18:22:37 - [TEST_STEP][PASSED] - com.ct.qa.keywords.CommonKeywords.checkPlanogramAvailability: com.ct.qa.keywords.CommonKeywords.checkPlanogramAvailability is PASSED

2018-08-09 18:22:37 - [MESSAGE][WARNING] - Timeout '0' is invalid. Using default page load timeout: '5'

2018-08-09 18:22:43 - [MESSAGE][WARNING] - Object Object Repository/CommonScreenElements/InfoPopUp_OKButton not found
[[ATTACHMENT|F:\\Git Projects\\MMAPlus_Merchandising\\MMAPlus_Merchandising\\Reports\\MMA Plus Merchandising With Chiller Wise Data Verification\\20180809_164504\\1533820962804.png]]

2018-08-09 18:22:43 - [MESSAGE][PASSED] - com.ct.qa.keywords.CommonKeywords.checkPlanogramAvailability is PASSED

2018-08-09 18:22:43 - [TEST_STEP][PASSED] - com.ct.qa.keywords.CommonKeywords.closePlanogram: com.ct.qa.keywords.CommonKeywords.closePlanogram is PASSED

2018-08-09 18:22:44 - [MESSAGE][PASSED] - com.ct.qa.keywords.CommonKeywords.closePlanogram is PASSED

2018-08-09 18:22:44 - [TEST_STEP][PASSED] - verifyElementText: Actual text and expected text of test object 'Object Repository/ShopOpen/RemainingCategories/Validate_ProductCategoryAssetScreen' are matched.

2018-08-09 18:22:45 - [MESSAGE][PASSED] - Actual text and expected text of test object 'Object Repository/ShopOpen/RemainingCategories/Validate_ProductCategoryAssetScreen' are matched.

2018-08-09 18:22:45 - [TEST_STEP][PASSED] - com.ct.qa.keywords.CommonKeywords.findPictureImageView: com.ct.qa.keywords.CommonKeywords.findPictureImageView is PASSED

2018-08-09 18:22:45 - [MESSAGE][WARNING] - Timeout '0' is invalid. Using default page load timeout: '5'

2018-08-09 18:22:47 - [MESSAGE][PASSED] - Tapped on element 'Object Repository/CommonScreenElements/Picture_ImageView'

2018-08-09 18:22:47 - [MESSAGE][WARNING] - Timeout '0' is invalid. Using default page load timeout: '5'

2018-08-09 18:22:48 - [MESSAGE][PASSED] - Element 'Object Repository/CommonScreenElements/Validate_CameraScreen' is exist

2018-08-09 18:22:48 - [MESSAGE][WARNING] - Timeout '0' is invalid. Using default page load timeout: '5'

2018-08-09 18:22:52 - [MESSAGE][PASSED] - Tapped on element 'Object Repository/CommonScreenElements/TakePictureButton'

2018-08-09 18:22:57 - [MESSAGE][PASSED] - Delayed 5 second(s)

2018-08-09 18:22:57 - [MESSAGE][WARNING] - Timeout '0' is invalid. Using default page load timeout: '5'

2018-08-09 18:22:57 - [MESSAGE][PASSED] - Tapped on element 'Object Repository/CommonScreenElements/DoneButton'

2018-08-09 18:22:57 - [MESSAGE][PASSED] - com.ct.qa.keywords.CommonKeywords.findPictureImageView is PASSED

2018-08-09 18:22:57 - [TEST_STEP][PASSED] - verifyElementText: Actual text and expected text of test object 'Object Repository/ShopOpen/RemainingCategories/Validate_ProductCategoryAssetScreen' are matched.

2018-08-09 18:22:58 - [MESSAGE][PASSED] - Actual text and expected text of test object 'Object Repository/ShopOpen/RemainingCategories/Validate_ProductCategoryAssetScreen' are matched.

2018-08-09 18:22:58 - [TEST_STEP][PASSED] - tap: Tapped on element 'Object Repository/ShopOpen/RemainingCategories/ProductCategoryAsset_BackButton'

2018-08-09 18:22:58 - [MESSAGE][WARNING] - Timeout '0' is invalid. Using default page load timeout: '5'

2018-08-09 18:22:59 - [MESSAGE][PASSED] - Tapped on element 'Object Repository/ShopOpen/RemainingCategories/ProductCategoryAsset_BackButton'

2018-08-09 18:22:59 - [TEST_STEP][PASSED] - verifyElementExist: Element 'Object Repository/ShopOpen/Validate_ShopCategoriesListScreen' is exist

2018-08-09 18:22:59 - [MESSAGE][WARNING] - Timeout '0' is invalid. Using default page load timeout: '5'

2018-08-09 18:23:02 - [MESSAGE][PASSED] - Element 'Object Repository/ShopOpen/Validate_ShopCategoriesListScreen' is exist

2018-08-09 18:23:02 - [MESSAGE][PASSED] - Call Test Case 'Test Cases/ShopOpen/RemainingCategories/VisitRemainingCategoriesWithDSA' successfully

2018-08-09 18:23:04 - [MESSAGE][PASSED] - Swiped from 0,293 to 0,200

2018-08-09 18:23:06 - [TEST_CASE][PASSED] - Test Cases/ShopOpen/RemainingCategories/VisitRemainingCategoriesWithDSA: Test Cases/ShopOpen/RemainingCategories/VisitRemainingCategoriesWithDSA

2018-08-09 18:23:06 - [TEST_STEP][PASSED] - verifyElementText: Actual text and expected text of test object 'Object Repository/ShopOpen/RemainingCategories/Validate_RemainingCategoriesDetailScreen' are matched.

2018-08-09 18:23:08 - [MESSAGE][PASSED] - Actual text and expected text of test object 'Object Repository/ShopOpen/RemainingCategories/Validate_RemainingCategoriesDetailScreen' are matched.

2018-08-09 18:23:08 - [TEST_STEP][PASSED] - tap: Tapped on element 'Object Repository/ShopOpen/RemainingCategories/DisplaySpaceAvailable'

2018-08-09 18:23:08 - [MESSAGE][WARNING] - Timeout '0' is invalid. Using default page load timeout: '5'

2018-08-09 18:23:08 - [MESSAGE][PASSED] - Tapped on element 'Object Repository/ShopOpen/RemainingCategories/DisplaySpaceAvailable'

2018-08-09 18:23:08 - [TEST_STEP][PASSED] - verifyElementText: Actual text and expected text of test object 'Object Repository/ShopOpen/RemainingCategories/Validate_ProductCategoryAssetScreen' are matched.

2018-08-09 18:23:11 - [MESSAGE][PASSED] - Actual text and expected text of test object 'Object Repository/ShopOpen/RemainingCategories/Validate_ProductCategoryAssetScreen' are matched.

2018-08-09 18:23:11 - [TEST_STEP][PASSED] - tap: Tapped on element 'Object Repository/ShopOpen/RemainingCategories/Facing'

2018-08-09 18:23:11 - [MESSAGE][WARNING] - Timeout '0' is invalid. Using default page load timeout: '5'

2018-08-09 18:23:13 - [MESSAGE][PASSED] - Tapped on element 'Object Repository/ShopOpen/RemainingCategories/Facing'

2018-08-09 18:23:13 - [TEST_STEP][PASSED] - verifyElementText: Actual text and expected text of test object 'Object Repository/ShopOpen/RemainingCategories/Validate_FacingScreen' are matched.

2018-08-09 18:23:15 - [MESSAGE][PASSED] - Actual text and expected text of test object 'Object Repository/ShopOpen/RemainingCategories/Validate_FacingScreen' are matched.

2018-08-09 18:23:15 - [TEST_STEP][PASSED] - com.ct.qa.keywords.ChannelProductsDataKeywords.visitChannelWiseProductsData: com.ct.qa.keywords.ChannelProductsDataKeywords.visitChannelWiseProductsData is PASSED

2018-08-09 18:23:19 - [MESSAGE][PASSED] - Keyboard is hidden

2018-08-09 18:23:22 - [MESSAGE][PASSED] - Keyboard is hidden

2018-08-09 18:23:25 - [MESSAGE][PASSED] - Keyboard is hidden

2018-08-09 18:23:28 - [MESSAGE][PASSED] - Keyboard is hidden

2018-08-09 18:23:30 - [MESSAGE][PASSED] - com.ct.qa.keywords.ChannelProductsDataKeywords.visitChannelWiseProductsData is PASSED

2018-08-09 18:23:30 - [TEST_STEP][PASSED] - tap: Tapped on element 'Object Repository/ShopOpen/RemainingCategories/SubmitButton'

2018-08-09 18:23:30 - [MESSAGE][WARNING] - Timeout '0' is invalid. Using default page load timeout: '5'

2018-08-09 18:23:30 - [MESSAGE][PASSED] - Tapped on element 'Object Repository/ShopOpen/RemainingCategories/SubmitButton'

2018-08-09 18:23:30 - [TEST_STEP][PASSED] - verifyElementText: Actual text and expected text of test object 'Object Repository/ShopOpen/RemainingCategories/Validate_ProductCategoryAssetScreen' are matched.

2018-08-09 18:23:31 - [MESSAGE][PASSED] - Actual text and expected text of test object 'Object Repository/ShopOpen/RemainingCategories/Validate_ProductCategoryAssetScreen' are matched.

2018-08-09 18:23:31 - [TEST_STEP][PASSED] - tap: Tapped on element 'Object Repository/ShopOpen/RemainingCategories/StockTaking'

2018-08-09 18:23:31 - [MESSAGE][WARNING] - Timeout '0' is invalid. Using default page load timeout: '5'

2018-08-09 18:23:31 - [MESSAGE][PASSED] - Tapped on element 'Object Repository/ShopOpen/RemainingCategories/StockTaking'

2018-08-09 18:23:31 - [TEST_STEP][PASSED] - verifyElementText: Actual text and expected text of test object 'Object Repository/ShopOpen/RemainingCategories/Validate_StockTakingScreen' are matched.

2018-08-09 18:23:33 - [MESSAGE][PASSED] - Actual text and expected text of test object 'Object Repository/ShopOpen/RemainingCategories/Validate_StockTakingScreen' are matched.

2018-08-09 18:23:33 - [TEST_STEP][PASSED] - com.ct.qa.keywords.ChannelProductsDataKeywords.visitChannelWiseProductsData: com.ct.qa.keywords.ChannelProductsDataKeywords.visitChannelWiseProductsData is PASSED

2018-08-09 18:23:37 - [MESSAGE][PASSED] - Keyboard is hidden

2018-08-09 18:23:40 - [MESSAGE][PASSED] - Keyboard is hidden

2018-08-09 18:23:43 - [MESSAGE][PASSED] - Keyboard is hidden

2018-08-09 18:23:46 - [MESSAGE][PASSED] - Keyboard is hidden

2018-08-09 18:23:47 - [MESSAGE][PASSED] - com.ct.qa.keywords.ChannelProductsDataKeywords.visitChannelWiseProductsData is PASSED

2018-08-09 18:23:47 - [TEST_STEP][PASSED] - tap: Tapped on element 'Object Repository/ShopOpen/RemainingCategories/SubmitButton'

2018-08-09 18:23:47 - [MESSAGE][WARNING] - Timeout '0' is invalid. Using default page load timeout: '5'

2018-08-09 18:23:48 - [MESSAGE][PASSED] - Tapped on element 'Object Repository/ShopOpen/RemainingCategories/SubmitButton'

2018-08-09 18:23:48 - [TEST_STEP][PASSED] - verifyElementText: Actual text and expected text of test object 'Object Repository/ShopOpen/RemainingCategories/Validate_ProductCategoryAssetScreen' are matched.

2018-08-09 18:23:49 - [MESSAGE][PASSED] - Actual text and expected text of test object 'Object Repository/ShopOpen/RemainingCategories/Validate_ProductCategoryAssetScreen' are matched.

2018-08-09 18:23:49 - [TEST_STEP][PASSED] - tap: Tapped on element 'Object Repository/ShopOpen/RemainingCategories/planogram_ImageView'

2018-08-09 18:23:49 - [MESSAGE][WARNING] - Timeout '0' is invalid. Using default page load timeout: '5'

2018-08-09 18:23:49 - [MESSAGE][PASSED] - Tapped on element 'Object Repository/ShopOpen/RemainingCategories/planogram_ImageView'

2018-08-09 18:23:49 - [TEST_STEP][PASSED] - com.ct.qa.keywords.CommonKeywords.checkPlanogramAvailability: com.ct.qa.keywords.CommonKeywords.checkPlanogramAvailability is PASSED

2018-08-09 18:23:49 - [MESSAGE][WARNING] - Timeout '0' is invalid. Using default page load timeout: '5'

2018-08-09 18:23:55 - [MESSAGE][WARNING] - Object Object Repository/CommonScreenElements/InfoPopUp_OKButton not found
[[ATTACHMENT|F:\\Git Projects\\MMAPlus_Merchandising\\MMAPlus_Merchandising\\Reports\\MMA Plus Merchandising With Chiller Wise Data Verification\\20180809_164504\\1533821034826.png]]

2018-08-09 18:23:55 - [MESSAGE][PASSED] - com.ct.qa.keywords.CommonKeywords.checkPlanogramAvailability is PASSED

2018-08-09 18:23:55 - [TEST_STEP][PASSED] - com.ct.qa.keywords.CommonKeywords.closePlanogram: com.ct.qa.keywords.CommonKeywords.closePlanogram is PASSED

2018-08-09 18:23:56 - [MESSAGE][PASSED] - com.ct.qa.keywords.CommonKeywords.closePlanogram is PASSED

2018-08-09 18:23:56 - [TEST_STEP][PASSED] - verifyElementText: Actual text and expected text of test object 'Object Repository/ShopOpen/RemainingCategories/Validate_ProductCategoryAssetScreen' are matched.

2018-08-09 18:23:57 - [MESSAGE][PASSED] - Actual text and expected text of test object 'Object Repository/ShopOpen/RemainingCategories/Validate_ProductCategoryAssetScreen' are matched.

2018-08-09 18:23:57 - [TEST_STEP][PASSED] - com.ct.qa.keywords.CommonKeywords.findPictureImageView: com.ct.qa.keywords.CommonKeywords.findPictureImageView is PASSED

2018-08-09 18:23:57 - [MESSAGE][WARNING] - Timeout '0' is invalid. Using default page load timeout: '5'

2018-08-09 18:23:59 - [MESSAGE][PASSED] - Tapped on element 'Object Repository/CommonScreenElements/Picture_ImageView'

2018-08-09 18:23:59 - [MESSAGE][WARNING] - Timeout '0' is invalid. Using default page load timeout: '5'

2018-08-09 18:24:00 - [MESSAGE][PASSED] - Element 'Object Repository/CommonScreenElements/Validate_CameraScreen' is exist

2018-08-09 18:24:00 - [MESSAGE][WARNING] - Timeout '0' is invalid. Using default page load timeout: '5'

2018-08-09 18:24:04 - [MESSAGE][PASSED] - Tapped on element 'Object Repository/CommonScreenElements/TakePictureButton'

2018-08-09 18:24:09 - [MESSAGE][PASSED] - Delayed 5 second(s)

2018-08-09 18:24:09 - [MESSAGE][WARNING] - Timeout '0' is invalid. Using default page load timeout: '5'

2018-08-09 18:24:09 - [MESSAGE][PASSED] - Tapped on element 'Object Repository/CommonScreenElements/DoneButton'

2018-08-09 18:24:09 - [MESSAGE][PASSED] - com.ct.qa.keywords.CommonKeywords.findPictureImageView is PASSED

2018-08-09 18:24:09 - [TEST_STEP][PASSED] - verifyElementText: Actual text and expected text of test object 'Object Repository/ShopOpen/RemainingCategories/Validate_ProductCategoryAssetScreen' are matched.

2018-08-09 18:24:10 - [MESSAGE][PASSED] - Actual text and expected text of test object 'Object Repository/ShopOpen/RemainingCategories/Validate_ProductCategoryAssetScreen' are matched.

2018-08-09 18:24:10 - [TEST_STEP][PASSED] - tap: Tapped on element 'Object Repository/ShopOpen/RemainingCategories/ProductCategoryAsset_BackButton'

2018-08-09 18:24:10 - [MESSAGE][WARNING] - Timeout '0' is invalid. Using default page load timeout: '5'

2018-08-09 18:24:11 - [MESSAGE][PASSED] - Tapped on element 'Object Repository/ShopOpen/RemainingCategories/ProductCategoryAsset_BackButton'

2018-08-09 18:24:11 - [TEST_STEP][PASSED] - verifyElementExist: Element 'Object Repository/ShopOpen/Validate_ShopCategoriesListScreen' is exist

2018-08-09 18:24:11 - [MESSAGE][WARNING] - Timeout '0' is invalid. Using default page load timeout: '5'

2018-08-09 18:24:13 - [MESSAGE][PASSED] - Element 'Object Repository/ShopOpen/Validate_ShopCategoriesListScreen' is exist

2018-08-09 18:24:13 - [MESSAGE][PASSED] - Call Test Case 'Test Cases/ShopOpen/RemainingCategories/VisitRemainingCategoriesWithDSA' successfully

2018-08-09 18:24:14 - [MESSAGE][PASSED] - Swiped from 0,293 to 0,200

2018-08-09 18:24:17 - [MESSAGE][PASSED] - Swiped from 0,293 to 0,200

2018-08-09 18:24:18 - [TEST_CASE][PASSED] - Test Cases/ShopOpen/RemainingCategories/VisitRemainingCategoriesWithDSA: Test Cases/ShopOpen/RemainingCategories/VisitRemainingCategoriesWithDSA

2018-08-09 18:24:18 - [TEST_STEP][PASSED] - verifyElementText: Actual text and expected text of test object 'Object Repository/ShopOpen/RemainingCategories/Validate_RemainingCategoriesDetailScreen' are matched.

2018-08-09 18:24:21 - [MESSAGE][PASSED] - Actual text and expected text of test object 'Object Repository/ShopOpen/RemainingCategories/Validate_RemainingCategoriesDetailScreen' are matched.

2018-08-09 18:24:21 - [TEST_STEP][PASSED] - tap: Tapped on element 'Object Repository/ShopOpen/RemainingCategories/DisplaySpaceAvailable'

2018-08-09 18:24:21 - [MESSAGE][WARNING] - Timeout '0' is invalid. Using default page load timeout: '5'

2018-08-09 18:24:21 - [MESSAGE][PASSED] - Tapped on element 'Object Repository/ShopOpen/RemainingCategories/DisplaySpaceAvailable'

2018-08-09 18:24:21 - [TEST_STEP][PASSED] - verifyElementText: Actual text and expected text of test object 'Object Repository/ShopOpen/RemainingCategories/Validate_ProductCategoryAssetScreen' are matched.

2018-08-09 18:24:23 - [MESSAGE][PASSED] - Actual text and expected text of test object 'Object Repository/ShopOpen/RemainingCategories/Validate_ProductCategoryAssetScreen' are matched.

2018-08-09 18:24:23 - [TEST_STEP][PASSED] - tap: Tapped on element 'Object Repository/ShopOpen/RemainingCategories/Facing'

2018-08-09 18:24:23 - [MESSAGE][WARNING] - Timeout '0' is invalid. Using default page load timeout: '5'

2018-08-09 18:24:23 - [MESSAGE][PASSED] - Tapped on element 'Object Repository/ShopOpen/RemainingCategories/Facing'

2018-08-09 18:24:23 - [TEST_STEP][PASSED] - verifyElementText: Actual text and expected text of test object 'Object Repository/ShopOpen/RemainingCategories/Validate_FacingScreen' are matched.

2018-08-09 18:24:25 - [MESSAGE][PASSED] - Actual text and expected text of test object 'Object Repository/ShopOpen/RemainingCategories/Validate_FacingScreen' are matched.

2018-08-09 18:24:25 - [TEST_STEP][PASSED] - com.ct.qa.keywords.ChannelProductsDataKeywords.visitChannelWiseProductsData: com.ct.qa.keywords.ChannelProductsDataKeywords.visitChannelWiseProductsData is PASSED

2018-08-09 18:24:28 - [MESSAGE][PASSED] - Keyboard is hidden

2018-08-09 18:24:29 - [MESSAGE][PASSED] - com.ct.qa.keywords.ChannelProductsDataKeywords.visitChannelWiseProductsData is PASSED

2018-08-09 18:24:29 - [TEST_STEP][PASSED] - tap: Tapped on element 'Object Repository/ShopOpen/RemainingCategories/SubmitButton'

2018-08-09 18:24:29 - [MESSAGE][WARNING] - Timeout '0' is invalid. Using default page load timeout: '5'

2018-08-09 18:24:29 - [MESSAGE][PASSED] - Tapped on element 'Object Repository/ShopOpen/RemainingCategories/SubmitButton'

2018-08-09 18:24:29 - [TEST_STEP][PASSED] - verifyElementText: Actual text and expected text of test object 'Object Repository/ShopOpen/RemainingCategories/Validate_ProductCategoryAssetScreen' are matched.

2018-08-09 18:24:30 - [MESSAGE][PASSED] - Actual text and expected text of test object 'Object Repository/ShopOpen/RemainingCategories/Validate_ProductCategoryAssetScreen' are matched.

2018-08-09 18:24:30 - [TEST_STEP][PASSED] - tap: Tapped on element 'Object Repository/ShopOpen/RemainingCategories/StockTaking'

2018-08-09 18:24:30 - [MESSAGE][WARNING] - Timeout '0' is invalid. Using default page load timeout: '5'

2018-08-09 18:24:31 - [MESSAGE][PASSED] - Tapped on element 'Object Repository/ShopOpen/RemainingCategories/StockTaking'

2018-08-09 18:24:31 - [TEST_STEP][PASSED] - verifyElementText: Actual text and expected text of test object 'Object Repository/ShopOpen/RemainingCategories/Validate_StockTakingScreen' are matched.

2018-08-09 18:24:33 - [MESSAGE][PASSED] - Actual text and expected text of test object 'Object Repository/ShopOpen/RemainingCategories/Validate_StockTakingScreen' are matched.

2018-08-09 18:24:33 - [TEST_STEP][PASSED] - com.ct.qa.keywords.ChannelProductsDataKeywords.visitChannelWiseProductsData: com.ct.qa.keywords.ChannelProductsDataKeywords.visitChannelWiseProductsData is PASSED

2018-08-09 18:24:36 - [MESSAGE][PASSED] - Keyboard is hidden

2018-08-09 18:24:37 - [MESSAGE][PASSED] - com.ct.qa.keywords.ChannelProductsDataKeywords.visitChannelWiseProductsData is PASSED

2018-08-09 18:24:37 - [TEST_STEP][PASSED] - tap: Tapped on element 'Object Repository/ShopOpen/RemainingCategories/SubmitButton'

2018-08-09 18:24:37 - [MESSAGE][WARNING] - Timeout '0' is invalid. Using default page load timeout: '5'

2018-08-09 18:24:37 - [MESSAGE][PASSED] - Tapped on element 'Object Repository/ShopOpen/RemainingCategories/SubmitButton'

2018-08-09 18:24:37 - [TEST_STEP][PASSED] - verifyElementText: Actual text and expected text of test object 'Object Repository/ShopOpen/RemainingCategories/Validate_ProductCategoryAssetScreen' are matched.

2018-08-09 18:24:38 - [MESSAGE][PASSED] - Actual text and expected text of test object 'Object Repository/ShopOpen/RemainingCategories/Validate_ProductCategoryAssetScreen' are matched.

2018-08-09 18:24:38 - [TEST_STEP][PASSED] - tap: Tapped on element 'Object Repository/ShopOpen/RemainingCategories/planogram_ImageView'

2018-08-09 18:24:38 - [MESSAGE][WARNING] - Timeout '0' is invalid. Using default page load timeout: '5'

2018-08-09 18:24:39 - [MESSAGE][PASSED] - Tapped on element 'Object Repository/ShopOpen/RemainingCategories/planogram_ImageView'

2018-08-09 18:24:39 - [TEST_STEP][PASSED] - com.ct.qa.keywords.CommonKeywords.checkPlanogramAvailability: com.ct.qa.keywords.CommonKeywords.checkPlanogramAvailability is PASSED

2018-08-09 18:24:39 - [MESSAGE][WARNING] - Timeout '0' is invalid. Using default page load timeout: '5'

2018-08-09 18:24:45 - [MESSAGE][WARNING] - Object Object Repository/CommonScreenElements/InfoPopUp_OKButton not found
[[ATTACHMENT|F:\\Git Projects\\MMAPlus_Merchandising\\MMAPlus_Merchandising\\Reports\\MMA Plus Merchandising With Chiller Wise Data Verification\\20180809_164504\\1533821084723.png]]

2018-08-09 18:24:45 - [MESSAGE][PASSED] - com.ct.qa.keywords.CommonKeywords.checkPlanogramAvailability is PASSED

2018-08-09 18:24:45 - [TEST_STEP][PASSED] - com.ct.qa.keywords.CommonKeywords.closePlanogram: com.ct.qa.keywords.CommonKeywords.closePlanogram is PASSED

2018-08-09 18:24:46 - [MESSAGE][PASSED] - com.ct.qa.keywords.CommonKeywords.closePlanogram is PASSED

2018-08-09 18:24:46 - [TEST_STEP][PASSED] - verifyElementText: Actual text and expected text of test object 'Object Repository/ShopOpen/RemainingCategories/Validate_ProductCategoryAssetScreen' are matched.

2018-08-09 18:24:47 - [MESSAGE][PASSED] - Actual text and expected text of test object 'Object Repository/ShopOpen/RemainingCategories/Validate_ProductCategoryAssetScreen' are matched.

2018-08-09 18:24:47 - [TEST_STEP][PASSED] - com.ct.qa.keywords.CommonKeywords.findPictureImageView: com.ct.qa.keywords.CommonKeywords.findPictureImageView is PASSED

2018-08-09 18:24:47 - [MESSAGE][WARNING] - Timeout '0' is invalid. Using default page load timeout: '5'

2018-08-09 18:24:49 - [MESSAGE][PASSED] - Tapped on element 'Object Repository/CommonScreenElements/Picture_ImageView'

2018-08-09 18:24:49 - [MESSAGE][WARNING] - Timeout '0' is invalid. Using default page load timeout: '5'

2018-08-09 18:24:50 - [MESSAGE][PASSED] - Element 'Object Repository/CommonScreenElements/Validate_CameraScreen' is exist

2018-08-09 18:24:50 - [MESSAGE][WARNING] - Timeout '0' is invalid. Using default page load timeout: '5'

2018-08-09 18:24:53 - [MESSAGE][PASSED] - Tapped on element 'Object Repository/CommonScreenElements/TakePictureButton'

2018-08-09 18:24:58 - [MESSAGE][PASSED] - Delayed 5 second(s)

2018-08-09 18:24:58 - [MESSAGE][WARNING] - Timeout '0' is invalid. Using default page load timeout: '5'

2018-08-09 18:24:59 - [MESSAGE][PASSED] - Tapped on element 'Object Repository/CommonScreenElements/DoneButton'

2018-08-09 18:24:59 - [MESSAGE][PASSED] - com.ct.qa.keywords.CommonKeywords.findPictureImageView is PASSED

2018-08-09 18:24:59 - [TEST_STEP][PASSED] - verifyElementText: Actual text and expected text of test object 'Object Repository/ShopOpen/RemainingCategories/Validate_ProductCategoryAssetScreen' are matched.

2018-08-09 18:25:00 - [MESSAGE][PASSED] - Actual text and expected text of test object 'Object Repository/ShopOpen/RemainingCategories/Validate_ProductCategoryAssetScreen' are matched.

2018-08-09 18:25:00 - [TEST_STEP][PASSED] - tap: Tapped on element 'Object Repository/ShopOpen/RemainingCategories/ProductCategoryAsset_BackButton'

2018-08-09 18:25:00 - [MESSAGE][WARNING] - Timeout '0' is invalid. Using default page load timeout: '5'

2018-08-09 18:25:01 - [MESSAGE][PASSED] - Tapped on element 'Object Repository/ShopOpen/RemainingCategories/ProductCategoryAsset_BackButton'

2018-08-09 18:25:01 - [TEST_STEP][PASSED] - verifyElementExist: Element 'Object Repository/ShopOpen/Validate_ShopCategoriesListScreen' is exist

2018-08-09 18:25:01 - [MESSAGE][WARNING] - Timeout '0' is invalid. Using default page load timeout: '5'

2018-08-09 18:25:03 - [MESSAGE][PASSED] - Element 'Object Repository/ShopOpen/Validate_ShopCategoriesListScreen' is exist

2018-08-09 18:25:03 - [MESSAGE][PASSED] - Call Test Case 'Test Cases/ShopOpen/RemainingCategories/VisitRemainingCategoriesWithDSA' successfully

2018-08-09 18:25:04 - [MESSAGE][PASSED] - Swiped from 0,293 to 0,200

2018-08-09 18:25:06 - [MESSAGE][PASSED] - Swiped from 0,293 to 0,200

2018-08-09 18:25:09 - [MESSAGE][PASSED] - Swiped from 0,293 to 0,200

2018-08-09 18:25:12 - [TEST_CASE][PASSED] - Test Cases/ShopOpen/RemainingCategories/VisitRemainingCategoriesWithDSA: Test Cases/ShopOpen/RemainingCategories/VisitRemainingCategoriesWithDSA

2018-08-09 18:25:12 - [TEST_STEP][PASSED] - verifyElementText: Actual text and expected text of test object 'Object Repository/ShopOpen/RemainingCategories/Validate_RemainingCategoriesDetailScreen' are matched.

2018-08-09 18:25:15 - [MESSAGE][PASSED] - Actual text and expected text of test object 'Object Repository/ShopOpen/RemainingCategories/Validate_RemainingCategoriesDetailScreen' are matched.

2018-08-09 18:25:15 - [TEST_STEP][PASSED] - tap: Tapped on element 'Object Repository/ShopOpen/RemainingCategories/DisplaySpaceAvailable'

2018-08-09 18:25:15 - [MESSAGE][WARNING] - Timeout '0' is invalid. Using default page load timeout: '5'

2018-08-09 18:25:16 - [MESSAGE][PASSED] - Tapped on element 'Object Repository/ShopOpen/RemainingCategories/DisplaySpaceAvailable'

2018-08-09 18:25:16 - [TEST_STEP][PASSED] - verifyElementText: Actual text and expected text of test object 'Object Repository/ShopOpen/RemainingCategories/Validate_ProductCategoryAssetScreen' are matched.

2018-08-09 18:25:18 - [MESSAGE][PASSED] - Actual text and expected text of test object 'Object Repository/ShopOpen/RemainingCategories/Validate_ProductCategoryAssetScreen' are matched.

2018-08-09 18:25:18 - [TEST_STEP][PASSED] - tap: Tapped on element 'Object Repository/ShopOpen/RemainingCategories/Facing'

2018-08-09 18:25:18 - [MESSAGE][WARNING] - Timeout '0' is invalid. Using default page load timeout: '5'

2018-08-09 18:25:18 - [MESSAGE][PASSED] - Tapped on element 'Object Repository/ShopOpen/RemainingCategories/Facing'

2018-08-09 18:25:18 - [TEST_STEP][PASSED] - verifyElementText: Actual text and expected text of test object 'Object Repository/ShopOpen/RemainingCategories/Validate_FacingScreen' are matched.

2018-08-09 18:25:20 - [MESSAGE][PASSED] - Actual text and expected text of test object 'Object Repository/ShopOpen/RemainingCategories/Validate_FacingScreen' are matched.

2018-08-09 18:25:20 - [TEST_STEP][PASSED] - com.ct.qa.keywords.ChannelProductsDataKeywords.visitChannelWiseProductsData: com.ct.qa.keywords.ChannelProductsDataKeywords.visitChannelWiseProductsData is PASSED

2018-08-09 18:25:23 - [MESSAGE][PASSED] - Keyboard is hidden

2018-08-09 18:25:26 - [MESSAGE][PASSED] - Keyboard is hidden

2018-08-09 18:25:27 - [MESSAGE][PASSED] - com.ct.qa.keywords.ChannelProductsDataKeywords.visitChannelWiseProductsData is PASSED

2018-08-09 18:25:27 - [TEST_STEP][PASSED] - tap: Tapped on element 'Object Repository/ShopOpen/RemainingCategories/SubmitButton'

2018-08-09 18:25:27 - [MESSAGE][WARNING] - Timeout '0' is invalid. Using default page load timeout: '5'

2018-08-09 18:25:27 - [MESSAGE][PASSED] - Tapped on element 'Object Repository/ShopOpen/RemainingCategories/SubmitButton'

2018-08-09 18:25:27 - [TEST_STEP][PASSED] - verifyElementText: Actual text and expected text of test object 'Object Repository/ShopOpen/RemainingCategories/Validate_ProductCategoryAssetScreen' are matched.

2018-08-09 18:25:28 - [MESSAGE][PASSED] - Actual text and expected text of test object 'Object Repository/ShopOpen/RemainingCategories/Validate_ProductCategoryAssetScreen' are matched.

2018-08-09 18:25:28 - [TEST_STEP][PASSED] - tap: Tapped on element 'Object Repository/ShopOpen/RemainingCategories/StockTaking'

2018-08-09 18:25:28 - [MESSAGE][WARNING] - Timeout '0' is invalid. Using default page load timeout: '5'

2018-08-09 18:25:29 - [MESSAGE][PASSED] - Tapped on element 'Object Repository/ShopOpen/RemainingCategories/StockTaking'

2018-08-09 18:25:29 - [TEST_STEP][PASSED] - verifyElementText: Actual text and expected text of test object 'Object Repository/ShopOpen/RemainingCategories/Validate_StockTakingScreen' are matched.

2018-08-09 18:25:31 - [MESSAGE][PASSED] - Actual text and expected text of test object 'Object Repository/ShopOpen/RemainingCategories/Validate_StockTakingScreen' are matched.

2018-08-09 18:25:31 - [TEST_STEP][PASSED] - com.ct.qa.keywords.ChannelProductsDataKeywords.visitChannelWiseProductsData: com.ct.qa.keywords.ChannelProductsDataKeywords.visitChannelWiseProductsData is PASSED

2018-08-09 18:25:34 - [MESSAGE][PASSED] - Keyboard is hidden

2018-08-09 18:25:37 - [MESSAGE][PASSED] - Keyboard is hidden

2018-08-09 18:25:38 - [MESSAGE][PASSED] - com.ct.qa.keywords.ChannelProductsDataKeywords.visitChannelWiseProductsData is PASSED

2018-08-09 18:25:38 - [TEST_STEP][PASSED] - tap: Tapped on element 'Object Repository/ShopOpen/RemainingCategories/SubmitButton'

2018-08-09 18:25:38 - [MESSAGE][WARNING] - Timeout '0' is invalid. Using default page load timeout: '5'

2018-08-09 18:25:38 - [MESSAGE][PASSED] - Tapped on element 'Object Repository/ShopOpen/RemainingCategories/SubmitButton'

2018-08-09 18:25:38 - [TEST_STEP][PASSED] - verifyElementText: Actual text and expected text of test object 'Object Repository/ShopOpen/RemainingCategories/Validate_ProductCategoryAssetScreen' are matched.

2018-08-09 18:25:40 - [MESSAGE][PASSED] - Actual text and expected text of test object 'Object Repository/ShopOpen/RemainingCategories/Validate_ProductCategoryAssetScreen' are matched.

2018-08-09 18:25:40 - [TEST_STEP][PASSED] - tap: Tapped on element 'Object Repository/ShopOpen/RemainingCategories/planogram_ImageView'

2018-08-09 18:25:40 - [MESSAGE][WARNING] - Timeout '0' is invalid. Using default page load timeout: '5'

2018-08-09 18:25:40 - [MESSAGE][PASSED] - Tapped on element 'Object Repository/ShopOpen/RemainingCategories/planogram_ImageView'

2018-08-09 18:25:40 - [TEST_STEP][PASSED] - com.ct.qa.keywords.CommonKeywords.checkPlanogramAvailability: com.ct.qa.keywords.CommonKeywords.checkPlanogramAvailability is PASSED

2018-08-09 18:25:40 - [MESSAGE][WARNING] - Timeout '0' is invalid. Using default page load timeout: '5'

2018-08-09 18:25:46 - [MESSAGE][WARNING] - Object Object Repository/CommonScreenElements/InfoPopUp_OKButton not found
[[ATTACHMENT|F:\\Git Projects\\MMAPlus_Merchandising\\MMAPlus_Merchandising\\Reports\\MMA Plus Merchandising With Chiller Wise Data Verification\\20180809_164504\\1533821145865.png]]

2018-08-09 18:25:46 - [MESSAGE][PASSED] - com.ct.qa.keywords.CommonKeywords.checkPlanogramAvailability is PASSED

2018-08-09 18:25:46 - [TEST_STEP][PASSED] - com.ct.qa.keywords.CommonKeywords.closePlanogram: com.ct.qa.keywords.CommonKeywords.closePlanogram is PASSED

2018-08-09 18:25:47 - [MESSAGE][PASSED] - com.ct.qa.keywords.CommonKeywords.closePlanogram is PASSED

2018-08-09 18:25:47 - [TEST_STEP][PASSED] - verifyElementText: Actual text and expected text of test object 'Object Repository/ShopOpen/RemainingCategories/Validate_ProductCategoryAssetScreen' are matched.

2018-08-09 18:25:48 - [MESSAGE][PASSED] - Actual text and expected text of test object 'Object Repository/ShopOpen/RemainingCategories/Validate_ProductCategoryAssetScreen' are matched.

2018-08-09 18:25:48 - [TEST_STEP][PASSED] - com.ct.qa.keywords.CommonKeywords.findPictureImageView: com.ct.qa.keywords.CommonKeywords.findPictureImageView is PASSED

2018-08-09 18:25:48 - [MESSAGE][WARNING] - Timeout '0' is invalid. Using default page load timeout: '5'

2018-08-09 18:25:51 - [MESSAGE][PASSED] - Tapped on element 'Object Repository/CommonScreenElements/Picture_ImageView'

2018-08-09 18:25:51 - [MESSAGE][WARNING] - Timeout '0' is invalid. Using default page load timeout: '5'

2018-08-09 18:25:51 - [MESSAGE][PASSED] - Element 'Object Repository/CommonScreenElements/Validate_CameraScreen' is exist

2018-08-09 18:25:51 - [MESSAGE][WARNING] - Timeout '0' is invalid. Using default page load timeout: '5'

2018-08-09 18:25:54 - [MESSAGE][PASSED] - Tapped on element 'Object Repository/CommonScreenElements/TakePictureButton'

2018-08-09 18:25:59 - [MESSAGE][PASSED] - Delayed 5 second(s)

2018-08-09 18:25:59 - [MESSAGE][WARNING] - Timeout '0' is invalid. Using default page load timeout: '5'

2018-08-09 18:26:00 - [MESSAGE][PASSED] - Tapped on element 'Object Repository/CommonScreenElements/DoneButton'

2018-08-09 18:26:00 - [MESSAGE][PASSED] - com.ct.qa.keywords.CommonKeywords.findPictureImageView is PASSED

2018-08-09 18:26:00 - [TEST_STEP][PASSED] - verifyElementText: Actual text and expected text of test object 'Object Repository/ShopOpen/RemainingCategories/Validate_ProductCategoryAssetScreen' are matched.

2018-08-09 18:26:01 - [MESSAGE][PASSED] - Actual text and expected text of test object 'Object Repository/ShopOpen/RemainingCategories/Validate_ProductCategoryAssetScreen' are matched.

2018-08-09 18:26:01 - [TEST_STEP][PASSED] - tap: Tapped on element 'Object Repository/ShopOpen/RemainingCategories/ProductCategoryAsset_BackButton'

2018-08-09 18:26:01 - [MESSAGE][WARNING] - Timeout '0' is invalid. Using default page load timeout: '5'

2018-08-09 18:26:02 - [MESSAGE][PASSED] - Tapped on element 'Object Repository/ShopOpen/RemainingCategories/ProductCategoryAsset_BackButton'

2018-08-09 18:26:02 - [TEST_STEP][PASSED] - verifyElementExist: Element 'Object Repository/ShopOpen/Validate_ShopCategoriesListScreen' is exist

2018-08-09 18:26:02 - [MESSAGE][WARNING] - Timeout '0' is invalid. Using default page load timeout: '5'

2018-08-09 18:26:04 - [MESSAGE][PASSED] - Element 'Object Repository/ShopOpen/Validate_ShopCategoriesListScreen' is exist

2018-08-09 18:26:04 - [MESSAGE][PASSED] - Call Test Case 'Test Cases/ShopOpen/RemainingCategories/VisitRemainingCategoriesWithDSA' successfully

2018-08-09 18:26:05 - [MESSAGE][PASSED] - Swiped from 0,293 to 0,200

2018-08-09 18:26:06 - [MESSAGE][PASSED] - Swiped from 0,293 to 0,200

2018-08-09 18:26:09 - [MESSAGE][PASSED] - Swiped from 0,293 to 0,200

2018-08-09 18:26:12 - [MESSAGE][PASSED] - Swiped from 0,293 to 0,200

2018-08-09 18:26:14 - [TEST_CASE][PASSED] - Test Cases/ShopOpen/RemainingCategories/VisitRemainingCategoriesWithDSA: Test Cases/ShopOpen/RemainingCategories/VisitRemainingCategoriesWithDSA

2018-08-09 18:26:14 - [TEST_STEP][PASSED] - verifyElementText: Actual text and expected text of test object 'Object Repository/ShopOpen/RemainingCategories/Validate_RemainingCategoriesDetailScreen' are matched.

2018-08-09 18:26:16 - [MESSAGE][PASSED] - Actual text and expected text of test object 'Object Repository/ShopOpen/RemainingCategories/Validate_RemainingCategoriesDetailScreen' are matched.

2018-08-09 18:26:16 - [TEST_STEP][PASSED] - tap: Tapped on element 'Object Repository/ShopOpen/RemainingCategories/DisplaySpaceAvailable'

2018-08-09 18:26:16 - [MESSAGE][WARNING] - Timeout '0' is invalid. Using default page load timeout: '5'

2018-08-09 18:26:16 - [MESSAGE][PASSED] - Tapped on element 'Object Repository/ShopOpen/RemainingCategories/DisplaySpaceAvailable'

2018-08-09 18:26:16 - [TEST_STEP][PASSED] - verifyElementText: Actual text and expected text of test object 'Object Repository/ShopOpen/RemainingCategories/Validate_ProductCategoryAssetScreen' are matched.

2018-08-09 18:26:18 - [MESSAGE][PASSED] - Actual text and expected text of test object 'Object Repository/ShopOpen/RemainingCategories/Validate_ProductCategoryAssetScreen' are matched.

2018-08-09 18:26:18 - [TEST_STEP][PASSED] - tap: Tapped on element 'Object Repository/ShopOpen/RemainingCategories/Facing'

2018-08-09 18:26:18 - [MESSAGE][WARNING] - Timeout '0' is invalid. Using default page load timeout: '5'

2018-08-09 18:26:18 - [MESSAGE][PASSED] - Tapped on element 'Object Repository/ShopOpen/RemainingCategories/Facing'

2018-08-09 18:26:18 - [TEST_STEP][PASSED] - verifyElementText: Actual text and expected text of test object 'Object Repository/ShopOpen/RemainingCategories/Validate_FacingScreen' are matched.

2018-08-09 18:26:20 - [MESSAGE][PASSED] - Actual text and expected text of test object 'Object Repository/ShopOpen/RemainingCategories/Validate_FacingScreen' are matched.

2018-08-09 18:26:20 - [TEST_STEP][PASSED] - com.ct.qa.keywords.ChannelProductsDataKeywords.visitChannelWiseProductsData: com.ct.qa.keywords.ChannelProductsDataKeywords.visitChannelWiseProductsData is PASSED

2018-08-09 18:26:24 - [MESSAGE][PASSED] - Keyboard is hidden

2018-08-09 18:26:27 - [MESSAGE][PASSED] - Keyboard is hidden

2018-08-09 18:26:30 - [MESSAGE][PASSED] - Keyboard is hidden

2018-08-09 18:26:31 - [MESSAGE][PASSED] - com.ct.qa.keywords.ChannelProductsDataKeywords.visitChannelWiseProductsData is PASSED

2018-08-09 18:26:31 - [TEST_STEP][PASSED] - tap: Tapped on element 'Object Repository/ShopOpen/RemainingCategories/SubmitButton'

2018-08-09 18:26:31 - [MESSAGE][WARNING] - Timeout '0' is invalid. Using default page load timeout: '5'

2018-08-09 18:26:32 - [MESSAGE][PASSED] - Tapped on element 'Object Repository/ShopOpen/RemainingCategories/SubmitButton'

2018-08-09 18:26:32 - [TEST_STEP][PASSED] - verifyElementText: Actual text and expected text of test object 'Object Repository/ShopOpen/RemainingCategories/Validate_ProductCategoryAssetScreen' are matched.

2018-08-09 18:26:33 - [MESSAGE][PASSED] - Actual text and expected text of test object 'Object Repository/ShopOpen/RemainingCategories/Validate_ProductCategoryAssetScreen' are matched.

2018-08-09 18:26:33 - [TEST_STEP][PASSED] - tap: Tapped on element 'Object Repository/ShopOpen/RemainingCategories/StockTaking'

2018-08-09 18:26:33 - [MESSAGE][WARNING] - Timeout '0' is invalid. Using default page load timeout: '5'

2018-08-09 18:26:33 - [MESSAGE][PASSED] - Tapped on element 'Object Repository/ShopOpen/RemainingCategories/StockTaking'

2018-08-09 18:26:33 - [TEST_STEP][PASSED] - verifyElementText: Actual text and expected text of test object 'Object Repository/ShopOpen/RemainingCategories/Validate_StockTakingScreen' are matched.

2018-08-09 18:26:35 - [MESSAGE][PASSED] - Actual text and expected text of test object 'Object Repository/ShopOpen/RemainingCategories/Validate_StockTakingScreen' are matched.

2018-08-09 18:26:35 - [TEST_STEP][PASSED] - com.ct.qa.keywords.ChannelProductsDataKeywords.visitChannelWiseProductsData: com.ct.qa.keywords.ChannelProductsDataKeywords.visitChannelWiseProductsData is PASSED

2018-08-09 18:26:38 - [MESSAGE][PASSED] - Keyboard is hidden

2018-08-09 18:26:41 - [MESSAGE][PASSED] - Keyboard is hidden

2018-08-09 18:26:44 - [MESSAGE][PASSED] - Keyboard is hidden

2018-08-09 18:26:45 - [MESSAGE][PASSED] - com.ct.qa.keywords.ChannelProductsDataKeywords.visitChannelWiseProductsData is PASSED

2018-08-09 18:26:45 - [TEST_STEP][PASSED] - tap: Tapped on element 'Object Repository/ShopOpen/RemainingCategories/SubmitButton'

2018-08-09 18:26:45 - [MESSAGE][WARNING] - Timeout '0' is invalid. Using default page load timeout: '5'

2018-08-09 18:26:46 - [MESSAGE][PASSED] - Tapped on element 'Object Repository/ShopOpen/RemainingCategories/SubmitButton'

2018-08-09 18:26:46 - [TEST_STEP][PASSED] - verifyElementText: Actual text and expected text of test object 'Object Repository/ShopOpen/RemainingCategories/Validate_ProductCategoryAssetScreen' are matched.

2018-08-09 18:26:47 - [MESSAGE][PASSED] - Actual text and expected text of test object 'Object Repository/ShopOpen/RemainingCategories/Validate_ProductCategoryAssetScreen' are matched.

2018-08-09 18:26:47 - [TEST_STEP][PASSED] - tap: Tapped on element 'Object Repository/ShopOpen/RemainingCategories/planogram_ImageView'

2018-08-09 18:26:47 - [MESSAGE][WARNING] - Timeout '0' is invalid. Using default page load timeout: '5'

2018-08-09 18:26:47 - [MESSAGE][PASSED] - Tapped on element 'Object Repository/ShopOpen/RemainingCategories/planogram_ImageView'

2018-08-09 18:26:47 - [TEST_STEP][PASSED] - com.ct.qa.keywords.CommonKeywords.checkPlanogramAvailability: com.ct.qa.keywords.CommonKeywords.checkPlanogramAvailability is PASSED

2018-08-09 18:26:47 - [MESSAGE][WARNING] - Timeout '0' is invalid. Using default page load timeout: '5'

2018-08-09 18:26:53 - [MESSAGE][WARNING] - Object Object Repository/CommonScreenElements/InfoPopUp_OKButton not found
[[ATTACHMENT|F:\\Git Projects\\MMAPlus_Merchandising\\MMAPlus_Merchandising\\Reports\\MMA Plus Merchandising With Chiller Wise Data Verification\\20180809_164504\\1533821212870.png]]

2018-08-09 18:26:53 - [MESSAGE][PASSED] - com.ct.qa.keywords.CommonKeywords.checkPlanogramAvailability is PASSED

2018-08-09 18:26:53 - [TEST_STEP][PASSED] - com.ct.qa.keywords.CommonKeywords.closePlanogram: com.ct.qa.keywords.CommonKeywords.closePlanogram is PASSED

2018-08-09 18:26:54 - [MESSAGE][PASSED] - com.ct.qa.keywords.CommonKeywords.closePlanogram is PASSED

2018-08-09 18:26:54 - [TEST_STEP][PASSED] - verifyElementText: Actual text and expected text of test object 'Object Repository/ShopOpen/RemainingCategories/Validate_ProductCategoryAssetScreen' are matched.

2018-08-09 18:26:55 - [MESSAGE][PASSED] - Actual text and expected text of test object 'Object Repository/ShopOpen/RemainingCategories/Validate_ProductCategoryAssetScreen' are matched.

2018-08-09 18:26:55 - [TEST_STEP][PASSED] - com.ct.qa.keywords.CommonKeywords.findPictureImageView: com.ct.qa.keywords.CommonKeywords.findPictureImageView is PASSED

2018-08-09 18:26:55 - [MESSAGE][WARNING] - Timeout '0' is invalid. Using default page load timeout: '5'

2018-08-09 18:26:57 - [MESSAGE][PASSED] - Tapped on element 'Object Repository/CommonScreenElements/Picture_ImageView'

2018-08-09 18:26:57 - [MESSAGE][WARNING] - Timeout '0' is invalid. Using default page load timeout: '5'

2018-08-09 18:26:58 - [MESSAGE][PASSED] - Element 'Object Repository/CommonScreenElements/Validate_CameraScreen' is exist

2018-08-09 18:26:58 - [MESSAGE][WARNING] - Timeout '0' is invalid. Using default page load timeout: '5'

2018-08-09 18:27:01 - [MESSAGE][PASSED] - Tapped on element 'Object Repository/CommonScreenElements/TakePictureButton'

2018-08-09 18:27:06 - [MESSAGE][PASSED] - Delayed 5 second(s)

2018-08-09 18:27:06 - [MESSAGE][WARNING] - Timeout '0' is invalid. Using default page load timeout: '5'

2018-08-09 18:27:07 - [MESSAGE][PASSED] - Tapped on element 'Object Repository/CommonScreenElements/DoneButton'

2018-08-09 18:27:07 - [MESSAGE][PASSED] - com.ct.qa.keywords.CommonKeywords.findPictureImageView is PASSED

2018-08-09 18:27:07 - [TEST_STEP][PASSED] - verifyElementText: Actual text and expected text of test object 'Object Repository/ShopOpen/RemainingCategories/Validate_ProductCategoryAssetScreen' are matched.

2018-08-09 18:27:08 - [MESSAGE][PASSED] - Actual text and expected text of test object 'Object Repository/ShopOpen/RemainingCategories/Validate_ProductCategoryAssetScreen' are matched.

2018-08-09 18:27:08 - [TEST_STEP][PASSED] - tap: Tapped on element 'Object Repository/ShopOpen/RemainingCategories/ProductCategoryAsset_BackButton'

2018-08-09 18:27:08 - [MESSAGE][WARNING] - Timeout '0' is invalid. Using default page load timeout: '5'

2018-08-09 18:27:08 - [MESSAGE][PASSED] - Tapped on element 'Object Repository/ShopOpen/RemainingCategories/ProductCategoryAsset_BackButton'

2018-08-09 18:27:08 - [TEST_STEP][PASSED] - verifyElementExist: Element 'Object Repository/ShopOpen/Validate_ShopCategoriesListScreen' is exist

2018-08-09 18:27:08 - [MESSAGE][WARNING] - Timeout '0' is invalid. Using default page load timeout: '5'

2018-08-09 18:27:10 - [MESSAGE][PASSED] - Element 'Object Repository/ShopOpen/Validate_ShopCategoriesListScreen' is exist

2018-08-09 18:27:10 - [MESSAGE][PASSED] - Call Test Case 'Test Cases/ShopOpen/RemainingCategories/VisitRemainingCategoriesWithDSA' successfully

2018-08-09 18:27:11 - [MESSAGE][PASSED] - Swiped from 0,293 to 0,200

2018-08-09 18:27:13 - [MESSAGE][PASSED] - Swiped from 0,293 to 0,200

2018-08-09 18:27:15 - [MESSAGE][PASSED] - Swiped from 0,293 to 0,200

2018-08-09 18:27:19 - [MESSAGE][PASSED] - Swiped from 0,293 to 0,200

2018-08-09 18:27:24 - [MESSAGE][PASSED] - Swiped from 0,293 to 0,200

2018-08-09 18:27:27 - [TEST_CASE][PASSED] - Test Cases/ShopOpen/RTMVisitFrequency/VisitRTMVisitFrequency: Test Cases/ShopOpen/RTMVisitFrequency/VisitRTMVisitFrequency

2018-08-09 18:27:27 - [TEST_STEP][PASSED] - verifyElementText: Actual text and expected text of test object 'Object Repository/ShopOpen/RTMVisitFrequency/Validate_RTMVisitFrequencyScreen' are matched.

2018-08-09 18:27:28 - [MESSAGE][PASSED] - Actual text and expected text of test object 'Object Repository/ShopOpen/RTMVisitFrequency/Validate_RTMVisitFrequencyScreen' are matched.

2018-08-09 18:27:28 - [TEST_STEP][PASSED] - com.ct.qa.keywords.RTMVisitFrequencyKeywords.visitRTMVisitFrequency: com.ct.qa.keywords.RTMVisitFrequencyKeywords.visitRTMVisitFrequency is PASSED

2018-08-09 18:27:29 - [MESSAGE][WARNING] - Timeout '0' is invalid. Using default page load timeout: '5'

2018-08-09 18:27:30 - [MESSAGE][PASSED] - Element 'Object Repository/ShopOpen/RTMVisitFrequency/Validate_RTMVisitFrequencyRemarks' is exist

2018-08-09 18:27:30 - [MESSAGE][WARNING] - Timeout '0' is invalid. Using default page load timeout: '5'

2018-08-09 18:27:31 - [MESSAGE][PASSED] - Tapped on element 'Object Repository/ShopOpen/RTMVisitFrequency/OnceAWeek'

2018-08-09 18:27:32 - [MESSAGE][WARNING] - Timeout '0' is invalid. Using default page load timeout: '5'

2018-08-09 18:27:33 - [MESSAGE][PASSED] - Element 'Object Repository/ShopOpen/RTMVisitFrequency/Validate_RTMVisitFrequencyRemarks' is exist

2018-08-09 18:27:33 - [MESSAGE][WARNING] - Timeout '0' is invalid. Using default page load timeout: '5'

2018-08-09 18:27:34 - [MESSAGE][PASSED] - Tapped on element 'Object Repository/ShopOpen/RTMVisitFrequency/OnceAWeek'

2018-08-09 18:27:35 - [MESSAGE][WARNING] - Timeout '0' is invalid. Using default page load timeout: '5'

2018-08-09 18:27:36 - [MESSAGE][PASSED] - Element 'Object Repository/ShopOpen/RTMVisitFrequency/Validate_RTMVisitFrequencyRemarks' is exist

2018-08-09 18:27:36 - [MESSAGE][WARNING] - Timeout '0' is invalid. Using default page load timeout: '5'

2018-08-09 18:27:37 - [MESSAGE][PASSED] - Tapped on element 'Object Repository/ShopOpen/RTMVisitFrequency/OnceAWeek'

2018-08-09 18:27:38 - [MESSAGE][WARNING] - Timeout '0' is invalid. Using default page load timeout: '5'

2018-08-09 18:27:39 - [MESSAGE][PASSED] - Element 'Object Repository/ShopOpen/RTMVisitFrequency/Validate_RTMVisitFrequencyRemarks' is exist

2018-08-09 18:27:39 - [MESSAGE][WARNING] - Timeout '0' is invalid. Using default page load timeout: '5'

2018-08-09 18:27:40 - [MESSAGE][PASSED] - Tapped on element 'Object Repository/ShopOpen/RTMVisitFrequency/OnceAWeek'

2018-08-09 18:27:40 - [MESSAGE][PASSED] - com.ct.qa.keywords.RTMVisitFrequencyKeywords.visitRTMVisitFrequency is PASSED

2018-08-09 18:27:40 - [TEST_STEP][PASSED] - tap: Tapped on element 'Object Repository/ShopOpen/RTMVisitFrequency/BackButton'

2018-08-09 18:27:40 - [MESSAGE][WARNING] - Timeout '0' is invalid. Using default page load timeout: '5'

2018-08-09 18:27:41 - [MESSAGE][PASSED] - Tapped on element 'Object Repository/ShopOpen/RTMVisitFrequency/BackButton'

2018-08-09 18:27:41 - [TEST_STEP][PASSED] - verifyElementExist: Element 'Object Repository/ShopOpen/Validate_ShopCategoriesListScreen' is exist

2018-08-09 18:27:41 - [MESSAGE][WARNING] - Timeout '0' is invalid. Using default page load timeout: '5'

2018-08-09 18:27:43 - [MESSAGE][PASSED] - Element 'Object Repository/ShopOpen/Validate_ShopCategoriesListScreen' is exist

2018-08-09 18:27:43 - [MESSAGE][PASSED] - Call Test Case 'Test Cases/ShopOpen/RTMVisitFrequency/VisitRTMVisitFrequency' successfully

2018-08-09 18:27:44 - [MESSAGE][PASSED] - Swiped from 0,293 to 0,200

2018-08-09 18:27:46 - [MESSAGE][PASSED] - Swiped from 0,293 to 0,200

2018-08-09 18:27:48 - [MESSAGE][PASSED] - Swiped from 0,293 to 0,200

2018-08-09 18:27:50 - [MESSAGE][PASSED] - Swiped from 0,293 to 0,200

2018-08-09 18:27:52 - [MESSAGE][PASSED] - Swiped from 0,293 to 0,200

2018-08-09 18:27:55 - [MESSAGE][PASSED] - Swiped from 0,293 to 0,200

2018-08-09 18:27:57 - [TEST_CASE][PASSED] - Test Cases/ShopOpen/POPApplication/OverwritePOPApplication: Test Cases/ShopOpen/POPApplication/OverwritePOPApplication

2018-08-09 18:27:57 - [TEST_STEP][PASSED] - verifyElementText: Actual text and expected text of test object 'Object Repository/ShopOpen/POPApplication/Validate_POPApplicationDetailScreen' are matched.

2018-08-09 18:27:59 - [MESSAGE][PASSED] - Actual text and expected text of test object 'Object Repository/ShopOpen/POPApplication/Validate_POPApplicationDetailScreen' are matched.

2018-08-09 18:27:59 - [TEST_STEP][PASSED] - tap: Tapped on element 'Object Repository/ShopOpen/POPApplication/POPDeployment_No'

2018-08-09 18:27:59 - [MESSAGE][WARNING] - Timeout '0' is invalid. Using default page load timeout: '5'

2018-08-09 18:27:59 - [MESSAGE][PASSED] - Tapped on element 'Object Repository/ShopOpen/POPApplication/POPDeployment_No'

2018-08-09 18:27:59 - [TEST_STEP][PASSED] - pressBack: Press back button successfully

2018-08-09 18:28:00 - [MESSAGE][PASSED] - Press back button successfully

2018-08-09 18:28:00 - [TEST_STEP][PASSED] - verifyElementExist: Element 'Object Repository/ShopOpen/Validate_ShopCategoriesListScreen' is exist

2018-08-09 18:28:00 - [MESSAGE][WARNING] - Timeout '0' is invalid. Using default page load timeout: '5'

2018-08-09 18:28:01 - [MESSAGE][PASSED] - Element 'Object Repository/ShopOpen/Validate_ShopCategoriesListScreen' is exist

2018-08-09 18:28:01 - [MESSAGE][PASSED] - Call Test Case 'Test Cases/ShopOpen/POPApplication/OverwritePOPApplication' successfully

2018-08-09 18:28:02 - [MESSAGE][PASSED] - Swiped from 0,293 to 0,200

2018-08-09 18:28:04 - [MESSAGE][PASSED] - Swiped from 0,293 to 0,200

2018-08-09 18:28:06 - [MESSAGE][PASSED] - Swiped from 0,293 to 0,200

2018-08-09 18:28:08 - [MESSAGE][PASSED] - Swiped from 0,293 to 0,200

2018-08-09 18:28:10 - [MESSAGE][PASSED] - Swiped from 0,293 to 0,200

2018-08-09 18:28:12 - [MESSAGE][PASSED] - Swiped from 0,293 to 0,200

2018-08-09 18:28:15 - [MESSAGE][PASSED] - Swiped from 0,293 to 0,200

2018-08-09 18:28:17 - [TEST_CASE][PASSED] - Test Cases/ShopOpen/RetailerRemarks/VisitRetailerRemarks: Test Cases/ShopOpen/RetailerRemarks/VisitRetailerRemarks

2018-08-09 18:28:17 - [TEST_STEP][PASSED] - verifyElementText: Actual text and expected text of test object 'Object Repository/ShopOpen/RetailerRemarks/Validate_RetailerRemarksScreen' are matched.

2018-08-09 18:28:19 - [MESSAGE][PASSED] - Actual text and expected text of test object 'Object Repository/ShopOpen/RetailerRemarks/Validate_RetailerRemarksScreen' are matched.

2018-08-09 18:28:19 - [TEST_STEP][PASSED] - com.ct.qa.keywords.RetailerRemarksKeywords.visitRetailerRemarks: com.ct.qa.keywords.RetailerRemarksKeywords.visitRetailerRemarks is PASSED

2018-08-09 18:28:20 - [MESSAGE][WARNING] - Timeout '0' is invalid. Using default page load timeout: '5'

2018-08-09 18:28:21 - [MESSAGE][PASSED] - Element 'Object Repository/ShopOpen/RetailerRemarks/OBNotVisiting' is exist

2018-08-09 18:28:21 - [MESSAGE][WARNING] - Timeout '0' is invalid. Using default page load timeout: '5'

2018-08-09 18:28:22 - [MESSAGE][PASSED] - Tapped on element 'Object Repository/ShopOpen/RetailerRemarks/OBNotVisiting'

2018-08-09 18:28:23 - [MESSAGE][PASSED] - Press back button successfully

2018-08-09 18:28:24 - [MESSAGE][PASSED] - Actual text and expected text of test object 'Object Repository/ShopOpen/RetailerRemarks/Validate_RetailerRemarksScreen' are matched.

2018-08-09 18:28:24 - [MESSAGE][WARNING] - Timeout '0' is invalid. Using default page load timeout: '5'

2018-08-09 18:28:25 - [MESSAGE][PASSED] - Element 'Object Repository/ShopOpen/RetailerRemarks/OBNotVisiting' is exist

2018-08-09 18:28:25 - [MESSAGE][WARNING] - Timeout '0' is invalid. Using default page load timeout: '5'

2018-08-09 18:28:26 - [MESSAGE][PASSED] - Tapped on element 'Object Repository/ShopOpen/RetailerRemarks/OBNotVisiting'

2018-08-09 18:28:27 - [MESSAGE][PASSED] - Press back button successfully

2018-08-09 18:28:28 - [MESSAGE][PASSED] - Actual text and expected text of test object 'Object Repository/ShopOpen/RetailerRemarks/Validate_RetailerRemarksScreen' are matched.

2018-08-09 18:28:28 - [MESSAGE][WARNING] - Timeout '0' is invalid. Using default page load timeout: '5'

2018-08-09 18:28:30 - [MESSAGE][PASSED] - Element 'Object Repository/ShopOpen/RetailerRemarks/OBNotVisiting' is exist

2018-08-09 18:28:30 - [MESSAGE][WARNING] - Timeout '0' is invalid. Using default page load timeout: '5'

2018-08-09 18:28:30 - [MESSAGE][PASSED] - Tapped on element 'Object Repository/ShopOpen/RetailerRemarks/OBNotVisiting'

2018-08-09 18:28:31 - [MESSAGE][PASSED] - Press back button successfully

2018-08-09 18:28:32 - [MESSAGE][PASSED] - Actual text and expected text of test object 'Object Repository/ShopOpen/RetailerRemarks/Validate_RetailerRemarksScreen' are matched.

2018-08-09 18:28:32 - [MESSAGE][PASSED] - com.ct.qa.keywords.RetailerRemarksKeywords.visitRetailerRemarks is PASSED

2018-08-09 18:28:32 - [TEST_STEP][PASSED] - tap: Tapped on element 'Object Repository/ShopOpen/RetailerRemarks/BackButton'

2018-08-09 18:28:32 - [MESSAGE][WARNING] - Timeout '0' is invalid. Using default page load timeout: '5'

2018-08-09 18:28:32 - [MESSAGE][PASSED] - Tapped on element 'Object Repository/ShopOpen/RetailerRemarks/BackButton'

2018-08-09 18:28:32 - [TEST_STEP][PASSED] - verifyElementExist: Element 'Object Repository/ShopOpen/Validate_ShopCategoriesListScreen' is exist

2018-08-09 18:28:32 - [MESSAGE][WARNING] - Timeout '0' is invalid. Using default page load timeout: '5'

2018-08-09 18:28:34 - [MESSAGE][PASSED] - Element 'Object Repository/ShopOpen/Validate_ShopCategoriesListScreen' is exist

2018-08-09 18:28:34 - [MESSAGE][PASSED] - Call Test Case 'Test Cases/ShopOpen/RetailerRemarks/VisitRetailerRemarks' successfully

2018-08-09 18:28:35 - [MESSAGE][PASSED] - Swiped from 0,293 to 0,200

2018-08-09 18:28:37 - [MESSAGE][PASSED] - Swiped from 0,293 to 0,200

2018-08-09 18:28:39 - [MESSAGE][PASSED] - Swiped from 0,293 to 0,200

2018-08-09 18:28:41 - [MESSAGE][PASSED] - Swiped from 0,293 to 0,200

2018-08-09 18:28:43 - [MESSAGE][PASSED] - Swiped from 0,293 to 0,200

2018-08-09 18:28:45 - [MESSAGE][PASSED] - Swiped from 0,293 to 0,200

2018-08-09 18:28:47 - [MESSAGE][PASSED] - Swiped from 0,293 to 0,200

2018-08-09 18:28:50 - [MESSAGE][PASSED] - Swiped from 0,293 to 0,200

2018-08-09 18:28:53 - [TEST_CASE][PASSED] - Test Cases/ShopOpen/AdditionalPicture/VisitAdditionalPicture: Test Cases/ShopOpen/AdditionalPicture/VisitAdditionalPicture

2018-08-09 18:28:53 - [TEST_STEP][PASSED] - verifyElementText: Actual text and expected text of test object 'Object Repository/ShopOpen/AdditionalPicture/Validate_AdditionalPictureScreen' are matched.

2018-08-09 18:28:54 - [MESSAGE][PASSED] - Actual text and expected text of test object 'Object Repository/ShopOpen/AdditionalPicture/Validate_AdditionalPictureScreen' are matched.

2018-08-09 18:28:54 - [TEST_STEP][PASSED] - com.ct.qa.keywords.AdditionalPictureKeywords.takeMendatoryImages: com.ct.qa.keywords.AdditionalPictureKeywords.takeMendatoryImages is PASSED

2018-08-09 18:28:55 - [MESSAGE][WARNING] - Timeout '0' is invalid. Using default page load timeout: '5'

2018-08-09 18:28:58 - [MESSAGE][PASSED] - Element 'Object Repository/CommonScreenElements/Validate_CameraScreen' is exist

2018-08-09 18:28:58 - [MESSAGE][WARNING] - Timeout '0' is invalid. Using default page load timeout: '5'

2018-08-09 18:29:01 - [MESSAGE][PASSED] - Tapped on element 'Object Repository/CommonScreenElements/TakePictureButton'

2018-08-09 18:29:06 - [MESSAGE][PASSED] - Delayed 5 second(s)

2018-08-09 18:29:06 - [MESSAGE][WARNING] - Timeout '0' is invalid. Using default page load timeout: '5'

2018-08-09 18:29:06 - [MESSAGE][PASSED] - Tapped on element 'Object Repository/CommonScreenElements/DoneButton'

2018-08-09 18:29:06 - [MESSAGE][PASSED] - com.ct.qa.keywords.AdditionalPictureKeywords.takeMendatoryImages is PASSED

2018-08-09 18:29:06 - [TEST_STEP][PASSED] - pressBack: Press back button successfully

2018-08-09 18:29:08 - [MESSAGE][PASSED] - Press back button successfully

2018-08-09 18:29:08 - [TEST_STEP][PASSED] - verifyElementExist: Element 'Object Repository/ShopOpen/Validate_ShopCategoriesListScreen' is exist

2018-08-09 18:29:08 - [MESSAGE][WARNING] - Timeout '0' is invalid. Using default page load timeout: '5'

2018-08-09 18:29:10 - [MESSAGE][PASSED] - Element 'Object Repository/ShopOpen/Validate_ShopCategoriesListScreen' is exist

2018-08-09 18:29:10 - [MESSAGE][PASSED] - Call Test Case 'Test Cases/ShopOpen/AdditionalPicture/VisitAdditionalPicture' successfully

2018-08-09 18:29:11 - [MESSAGE][PASSED] - Swiped from 0,293 to 0,200

2018-08-09 18:29:13 - [MESSAGE][PASSED] - Swiped from 0,293 to 0,200

2018-08-09 18:29:15 - [MESSAGE][PASSED] - Swiped from 0,293 to 0,200

2018-08-09 18:29:18 - [MESSAGE][PASSED] - Swiped from 0,293 to 0,200

2018-08-09 18:29:20 - [MESSAGE][PASSED] - Swiped from 0,293 to 0,200

2018-08-09 18:29:23 - [MESSAGE][PASSED] - Swiped from 0,293 to 0,200

2018-08-09 18:29:26 - [MESSAGE][PASSED] - Swiped from 0,293 to 0,200

2018-08-09 18:29:29 - [MESSAGE][PASSED] - Swiped from 0,293 to 0,200

2018-08-09 18:29:32 - [MESSAGE][PASSED] - Swiped from 0,293 to 0,200

2018-08-09 18:29:33 - [MESSAGE][PASSED] - com.ct.qa.keywords.CategoryVisitingScenariosKeywords.visitShopCategoriesWithDataVerification is PASSED

2018-08-09 18:29:33 - [MESSAGE][PASSED] - Call Test Case 'Test Cases/ShopOpen/VisitCategoryScenarios/VisitShopCategoriesWithDataVerification' successfully

2018-08-09 18:29:33 - [TEST_CASE][PASSED] - Test Cases/ShopOpen/SaveShop: Test Cases/ShopOpen/SaveShop

2018-08-09 18:29:33 - [TEST_STEP][PASSED] - tap: Tapped on element 'Object Repository/ShopOpen/SubmitButtonToSaveShop'

2018-08-09 18:29:33 - [MESSAGE][WARNING] - Timeout '0' is invalid. Using default page load timeout: '5'

2018-08-09 18:29:34 - [MESSAGE][PASSED] - Tapped on element 'Object Repository/ShopOpen/SubmitButtonToSaveShop'

2018-08-09 18:29:34 - [TEST_STEP][PASSED] - verifyElementExist: Element 'Object Repository/CommonScreenElements/Validate_InfoPopUP' is exist

2018-08-09 18:29:34 - [MESSAGE][WARNING] - Timeout '0' is invalid. Using default page load timeout: '5'

2018-08-09 18:29:35 - [MESSAGE][PASSED] - Element 'Object Repository/CommonScreenElements/Validate_InfoPopUP' is exist

2018-08-09 18:29:35 - [TEST_STEP][PASSED] - tap: Tapped on element 'Object Repository/CommonScreenElements/InfoPopUp_YesButton'

2018-08-09 18:29:35 - [MESSAGE][WARNING] - Timeout '0' is invalid. Using default page load timeout: '5'

2018-08-09 18:29:36 - [MESSAGE][PASSED] - Tapped on element 'Object Repository/CommonScreenElements/InfoPopUp_YesButton'

2018-08-09 18:29:36 - [TEST_STEP][PASSED] - verifyElementText: Actual text and expected text of test object 'Object Repository/Validate_ShopListScreen' are matched.

2018-08-09 18:29:37 - [MESSAGE][PASSED] - Actual text and expected text of test object 'Object Repository/Validate_ShopListScreen' are matched.

2018-08-09 18:29:37 - [MESSAGE][PASSED] - Call Test Case 'Test Cases/ShopOpen/SaveShop' successfully

2018-08-09 18:29:40 - [MESSAGE][PASSED] - Actual text and expected text of test object 'Object Repository/Validate_ShopOptionsScreen' are matched.

2018-08-09 18:29:40 - [MESSAGE][WARNING] - Timeout '0' is invalid. Using default page load timeout: '5'

2018-08-09 18:29:40 - [MESSAGE][PASSED] - Tapped on element 'Object Repository/StartWorking'

2018-08-09 18:29:56 - [MESSAGE][PASSED] - Delayed 15 second(s)

2018-08-09 18:29:56 - [MESSAGE][PASSED] - Element 'Object Repository/CommonScreenElements/Validate_MapScreen' is exist

2018-08-09 18:29:56 - [MESSAGE][WARNING] - Timeout '0' is invalid. Using default page load timeout: '5'

2018-08-09 18:29:57 - [MESSAGE][PASSED] - Tapped on element 'Object Repository/CommonScreenElements/Location_CheckIn'

2018-08-09 18:29:57 - [MESSAGE][WARNING] - Timeout '0' is invalid. Using default page load timeout: '5'

2018-08-09 18:29:58 - [MESSAGE][PASSED] - Element 'Object Repository/CommonScreenElements/Validate_InfoPopUP' is exist

2018-08-09 18:29:58 - [MESSAGE][WARNING] - Timeout '0' is invalid. Using default page load timeout: '5'

2018-08-09 18:29:58 - [MESSAGE][PASSED] - Tapped on element 'Object Repository/CommonScreenElements/InfoPopUp_NoButton'

2018-08-09 18:29:58 - [TEST_CASE][PASSED] - Test Cases/ShopOpen/VisitShopOpen: Test Cases/ShopOpen/VisitShopOpen

2018-08-09 18:29:58 - [TEST_STEP][PASSED] - verifyElementExist: Element 'Object Repository/ShopActions_List' is exist

2018-08-09 18:29:58 - [MESSAGE][WARNING] - Timeout '0' is invalid. Using default page load timeout: '5'

2018-08-09 18:29:59 - [MESSAGE][PASSED] - Element 'Object Repository/ShopActions_List' is exist

2018-08-09 18:29:59 - [TEST_STEP][PASSED] - tap: Tapped on element 'Object Repository/ShopOpen/ShopOpen'

2018-08-09 18:29:59 - [MESSAGE][WARNING] - Timeout '0' is invalid. Using default page load timeout: '5'

2018-08-09 18:30:01 - [MESSAGE][PASSED] - Tapped on element 'Object Repository/ShopOpen/ShopOpen'

2018-08-09 18:30:01 - [TEST_STEP][PASSED] - verifyElementExist: Element 'Object Repository/CommonScreenElements/Validate_CameraScreen' is exist

2018-08-09 18:30:01 - [MESSAGE][WARNING] - Timeout '0' is invalid. Using default page load timeout: '5'

2018-08-09 18:30:02 - [MESSAGE][PASSED] - Element 'Object Repository/CommonScreenElements/Validate_CameraScreen' is exist

2018-08-09 18:30:02 - [TEST_STEP][PASSED] - tap: Tapped on element 'Object Repository/CommonScreenElements/TakePictureButton'

2018-08-09 18:30:02 - [MESSAGE][WARNING] - Timeout '0' is invalid. Using default page load timeout: '5'

2018-08-09 18:30:05 - [MESSAGE][PASSED] - Tapped on element 'Object Repository/CommonScreenElements/TakePictureButton'

2018-08-09 18:30:05 - [TEST_STEP][PASSED] - delay: Delayed 5 second(s)

2018-08-09 18:30:10 - [MESSAGE][PASSED] - Delayed 5 second(s)

2018-08-09 18:30:10 - [TEST_STEP][PASSED] - tap: Tapped on element 'Object Repository/CommonScreenElements/DoneButton'

2018-08-09 18:30:10 - [MESSAGE][WARNING] - Timeout '0' is invalid. Using default page load timeout: '5'

2018-08-09 18:30:11 - [MESSAGE][PASSED] - Tapped on element 'Object Repository/CommonScreenElements/DoneButton'

2018-08-09 18:30:11 - [MESSAGE][PASSED] - Call Test Case 'Test Cases/ShopOpen/VisitShopOpen' successfully

2018-08-09 18:30:11 - [TEST_CASE][PASSED] - Test Cases/ShopOpen/VisitCategoryScenarios/VisitShopCategoriesWithDataVerification: Test Cases/ShopOpen/VisitCategoryScenarios/VisitShopCategoriesWithDataVerification

2018-08-09 18:30:11 - [TEST_STEP][PASSED] - verifyElementExist: Element 'Object Repository/ShopOpen/Validate_ShopCategoriesListScreen' is exist

2018-08-09 18:30:11 - [MESSAGE][WARNING] - Timeout '0' is invalid. Using default page load timeout: '5'

2018-08-09 18:30:13 - [MESSAGE][PASSED] - Element 'Object Repository/ShopOpen/Validate_ShopCategoriesListScreen' is exist

2018-08-09 18:30:13 - [TEST_STEP][PASSED] - com.ct.qa.keywords.CategoryVisitingScenariosKeywords.visitShopCategoriesWithDataVerification: com.ct.qa.keywords.CategoryVisitingScenariosKeywords.visitShopCategoriesWithDataVerification is PASSED

2018-08-09 18:30:18 - [MESSAGE][PASSED] - Swiped from 0,293 to 0,200

2018-08-09 18:30:22 - [MESSAGE][PASSED] - Swiped from 0,293 to 0,200

2018-08-09 18:30:25 - [MESSAGE][PASSED] - Swiped from 0,293 to 0,200

2018-08-09 18:30:28 - [MESSAGE][PASSED] - Swiped from 0,293 to 0,200

2018-08-09 18:30:31 - [MESSAGE][PASSED] - Swiped from 0,293 to 0,200

2018-08-09 18:30:34 - [MESSAGE][PASSED] - Swiped from 0,293 to 0,200

2018-08-09 18:30:38 - [MESSAGE][PASSED] - Swiped from 0,293 to 0,200

2018-08-09 18:30:41 - [MESSAGE][PASSED] - Swiped from 0,293 to 0,200

2018-08-09 18:30:44 - [MESSAGE][PASSED] - Swiped from 0,293 to 0,200

2018-08-09 18:30:46 - [MESSAGE][PASSED] - Swiped from 0,200 to 0,750

2018-08-09 18:30:47 - [MESSAGE][PASSED] - Swiped from 0,200 to 0,750

2018-08-09 18:30:49 - [TEST_CASE][PASSED] - Test Cases/ShopOpen/ChillerUtilization/VisitChillerScenarios/VisitChillerUtilizationWithDataVerification: Test Cases/ShopOpen/ChillerUtilization/VisitChillerScenarios/VisitChillerUtilizationWithDataVerification

2018-08-09 18:30:49 - [TEST_STEP][PASSED] - verifyElementText: Actual text and expected text of test object 'Object Repository/ShopOpen/ChillerUtilization/Validate_ChillerUtilizationScreen' are matched.

2018-08-09 18:30:51 - [MESSAGE][PASSED] - Actual text and expected text of test object 'Object Repository/ShopOpen/ChillerUtilization/Validate_ChillerUtilizationScreen' are matched.

2018-08-09 18:30:51 - [TEST_STEP][PASSED] - com.ct.qa.keywords.ChillerVisitingScenariosKeywords.visitChillersTaggedInChillerUtilizationWithDataVerification: com.ct.qa.keywords.ChillerVisitingScenariosKeywords.visitChillersTaggedInChillerUtilizationWithDataVerification is PASSED

2018-08-09 18:30:51 - [MESSAGE][WARNING] - Timeout '0' is invalid. Using default page load timeout: '5'

2018-08-09 18:30:54 - [MESSAGE][PASSED] - Element 'Object Repository/CommonScreenElements/Validate_CameraScreen' is exist

2018-08-09 18:30:54 - [MESSAGE][WARNING] - Timeout '0' is invalid. Using default page load timeout: '5'

2018-08-09 18:30:57 - [MESSAGE][PASSED] - Tapped on element 'Object Repository/CommonScreenElements/TakePictureButton'

2018-08-09 18:31:02 - [MESSAGE][PASSED] - Delayed 5 second(s)

2018-08-09 18:31:02 - [MESSAGE][WARNING] - Timeout '0' is invalid. Using default page load timeout: '5'

2018-08-09 18:31:03 - [MESSAGE][PASSED] - Tapped on element 'Object Repository/CommonScreenElements/DoneButton'

2018-08-09 18:31:06 - [TEST_CASE][PASSED] - Test Cases/ShopOpen/ChillerUtilization/ChillerNeedMaintenance/VisitChillerNeedMaintenance: Test Cases/ShopOpen/ChillerUtilization/ChillerNeedMaintenance/VisitChillerNeedMaintenance

2018-08-09 18:31:07 - [TEST_STEP][PASSED] - verifyElementText: Actual text and expected text of test object 'Object Repository/ShopOpen/ChillerUtilization/ChillerNeedMaintenance/Validate_CategoryRemarksScreen' are matched.

2018-08-09 18:31:08 - [MESSAGE][PASSED] - Actual text and expected text of test object 'Object Repository/ShopOpen/ChillerUtilization/ChillerNeedMaintenance/Validate_CategoryRemarksScreen' are matched.

2018-08-09 18:31:08 - [TEST_STEP][PASSED] - tap: Tapped on element 'Object Repository/ShopOpen/ChillerUtilization/ChillerNeedMaintenance/Others'

2018-08-09 18:31:08 - [MESSAGE][WARNING] - Timeout '0' is invalid. Using default page load timeout: '5'

2018-08-09 18:31:08 - [MESSAGE][PASSED] - Tapped on element 'Object Repository/ShopOpen/ChillerUtilization/ChillerNeedMaintenance/Others'

2018-08-09 18:31:08 - [TEST_STEP][PASSED] - tap: Tapped on element 'Object Repository/ShopOpen/ChillerUtilization/ChillerNeedMaintenance/CategoryRemarks_BackButton'

2018-08-09 18:31:08 - [MESSAGE][WARNING] - Timeout '0' is invalid. Using default page load timeout: '5'

2018-08-09 18:31:09 - [MESSAGE][PASSED] - Tapped on element 'Object Repository/ShopOpen/ChillerUtilization/ChillerNeedMaintenance/CategoryRemarks_BackButton'

2018-08-09 18:31:09 - [TEST_STEP][PASSED] - callTestCase: Call Test Case 'Test Cases/ShopOpen/ChillerUtilization/ChillerAvailable/VisitChillerAvailable' successfully

2018-08-09 18:31:09 - [TEST_CASE][PASSED] - Test Cases/ShopOpen/ChillerUtilization/ChillerAvailable/VisitChillerAvailable: Test Cases/ShopOpen/ChillerUtilization/ChillerAvailable/VisitChillerAvailable

2018-08-09 18:31:09 - [TEST_STEP][PASSED] - verifyElementExist: Element 'Object Repository/ShopOpen/ChillerUtilization/ChillerAvailable/Validate_ChillerAvailableScreen' is exist

2018-08-09 18:31:09 - [MESSAGE][WARNING] - Timeout '0' is invalid. Using default page load timeout: '5'

2018-08-09 18:31:11 - [MESSAGE][PASSED] - Element 'Object Repository/ShopOpen/ChillerUtilization/ChillerAvailable/Validate_ChillerAvailableScreen' is exist

2018-08-09 18:31:11 - [TEST_STEP][PASSED] - tap: Tapped on element 'Object Repository/ShopOpen/ChillerUtilization/ChillerAvailable/Planogram_ImageView'

2018-08-09 18:31:11 - [MESSAGE][WARNING] - Timeout '0' is invalid. Using default page load timeout: '5'

2018-08-09 18:31:11 - [MESSAGE][PASSED] - Tapped on element 'Object Repository/ShopOpen/ChillerUtilization/ChillerAvailable/Planogram_ImageView'

2018-08-09 18:31:11 - [TEST_STEP][PASSED] - com.ct.qa.keywords.CommonKeywords.checkPlanogramAvailability: com.ct.qa.keywords.CommonKeywords.checkPlanogramAvailability is PASSED

2018-08-09 18:31:11 - [MESSAGE][WARNING] - Timeout '0' is invalid. Using default page load timeout: '5'

2018-08-09 18:31:17 - [MESSAGE][WARNING] - Object Object Repository/CommonScreenElements/InfoPopUp_OKButton not found
[[ATTACHMENT|F:\\Git Projects\\MMAPlus_Merchandising\\MMAPlus_Merchandising\\Reports\\MMA Plus Merchandising With Chiller Wise Data Verification\\20180809_164504\\1533821476863.png]]

2018-08-09 18:31:17 - [MESSAGE][PASSED] - com.ct.qa.keywords.CommonKeywords.checkPlanogramAvailability is PASSED

2018-08-09 18:31:17 - [TEST_STEP][PASSED] - com.ct.qa.keywords.CommonKeywords.closePlanogram: com.ct.qa.keywords.CommonKeywords.closePlanogram is PASSED

2018-08-09 18:31:18 - [MESSAGE][PASSED] - com.ct.qa.keywords.CommonKeywords.closePlanogram is PASSED

2018-08-09 18:31:18 - [TEST_STEP][PASSED] - verifyElementExist: Element 'Object Repository/ShopOpen/ChillerUtilization/ChillerAvailable/Validate_ChillerAvailableScreen' is exist

2018-08-09 18:31:18 - [MESSAGE][WARNING] - Timeout '0' is invalid. Using default page load timeout: '5'

2018-08-09 18:31:19 - [MESSAGE][PASSED] - Element 'Object Repository/ShopOpen/ChillerUtilization/ChillerAvailable/Validate_ChillerAvailableScreen' is exist

2018-08-09 18:31:19 - [TEST_STEP][PASSED] - com.ct.qa.keywords.CommonKeywords.findPictureImageView: com.ct.qa.keywords.CommonKeywords.findPictureImageView is PASSED

2018-08-09 18:31:19 - [MESSAGE][PASSED] - com.ct.qa.keywords.CommonKeywords.findPictureImageView is PASSED

2018-08-09 18:31:19 - [TEST_STEP][PASSED] - verifyElementExist: Element 'Object Repository/ShopOpen/ChillerUtilization/ChillerAvailable/Validate_ChillerAvailableScreen' is exist

2018-08-09 18:31:19 - [MESSAGE][WARNING] - Timeout '0' is invalid. Using default page load timeout: '5'

2018-08-09 18:31:19 - [MESSAGE][PASSED] - Element 'Object Repository/ShopOpen/ChillerUtilization/ChillerAvailable/Validate_ChillerAvailableScreen' is exist

2018-08-09 18:31:19 - [TEST_STEP][PASSED] - tap: Tapped on element 'Object Repository/ShopOpen/ChillerUtilization/ChillerAvailable/Depth1_TakePicture'

2018-08-09 18:31:19 - [MESSAGE][WARNING] - Timeout '0' is invalid. Using default page load timeout: '5'

2018-08-09 18:31:22 - [MESSAGE][PASSED] - Tapped on element 'Object Repository/ShopOpen/ChillerUtilization/ChillerAvailable/Depth1_TakePicture'

2018-08-09 18:31:22 - [TEST_STEP][PASSED] - verifyElementExist: Element 'Object Repository/CommonScreenElements/Validate_CameraScreen' is exist

2018-08-09 18:31:22 - [MESSAGE][WARNING] - Timeout '0' is invalid. Using default page load timeout: '5'

2018-08-09 18:31:22 - [MESSAGE][PASSED] - Element 'Object Repository/CommonScreenElements/Validate_CameraScreen' is exist

2018-08-09 18:31:22 - [TEST_STEP][PASSED] - tap: Tapped on element 'Object Repository/CommonScreenElements/TakePictureButton'

2018-08-09 18:31:22 - [MESSAGE][WARNING] - Timeout '0' is invalid. Using default page load timeout: '5'

2018-08-09 18:31:26 - [MESSAGE][PASSED] - Tapped on element 'Object Repository/CommonScreenElements/TakePictureButton'

2018-08-09 18:31:26 - [TEST_STEP][PASSED] - delay: Delayed 5 second(s)

2018-08-09 18:31:31 - [MESSAGE][PASSED] - Delayed 5 second(s)

2018-08-09 18:31:31 - [TEST_STEP][PASSED] - tap: Tapped on element 'Object Repository/CommonScreenElements/DoneButton'

2018-08-09 18:31:31 - [MESSAGE][WARNING] - Timeout '0' is invalid. Using default page load timeout: '5'

2018-08-09 18:31:32 - [MESSAGE][PASSED] - Tapped on element 'Object Repository/CommonScreenElements/DoneButton'

2018-08-09 18:31:32 - [TEST_STEP][PASSED] - verifyElementExist: Element 'Object Repository/ShopOpen/ChillerUtilization/ChillerAvailable/Validate_ChillerAvailableScreen' is exist

2018-08-09 18:31:32 - [MESSAGE][WARNING] - Timeout '0' is invalid. Using default page load timeout: '5'

2018-08-09 18:31:33 - [MESSAGE][PASSED] - Element 'Object Repository/ShopOpen/ChillerUtilization/ChillerAvailable/Validate_ChillerAvailableScreen' is exist

2018-08-09 18:31:33 - [TEST_STEP][PASSED] - tap: Tapped on element 'Object Repository/ShopOpen/ChillerUtilization/ChillerAvailable/Depth2TakePicture'

2018-08-09 18:31:33 - [MESSAGE][WARNING] - Timeout '0' is invalid. Using default page load timeout: '5'

2018-08-09 18:31:34 - [MESSAGE][PASSED] - Tapped on element 'Object Repository/ShopOpen/ChillerUtilization/ChillerAvailable/Depth2TakePicture'

2018-08-09 18:31:34 - [TEST_STEP][PASSED] - verifyElementExist: Element 'Object Repository/CommonScreenElements/Validate_CameraScreen' is exist

2018-08-09 18:31:34 - [MESSAGE][WARNING] - Timeout '0' is invalid. Using default page load timeout: '5'

2018-08-09 18:31:36 - [MESSAGE][PASSED] - Element 'Object Repository/CommonScreenElements/Validate_CameraScreen' is exist

2018-08-09 18:31:36 - [TEST_STEP][PASSED] - tap: Tapped on element 'Object Repository/CommonScreenElements/TakePictureButton'

2018-08-09 18:31:36 - [MESSAGE][WARNING] - Timeout '0' is invalid. Using default page load timeout: '5'

2018-08-09 18:31:39 - [MESSAGE][PASSED] - Tapped on element 'Object Repository/CommonScreenElements/TakePictureButton'

2018-08-09 18:31:39 - [TEST_STEP][PASSED] - delay: Delayed 5 second(s)

2018-08-09 18:31:44 - [MESSAGE][PASSED] - Delayed 5 second(s)

2018-08-09 18:31:44 - [TEST_STEP][PASSED] - tap: Tapped on element 'Object Repository/CommonScreenElements/DoneButton'

2018-08-09 18:31:44 - [MESSAGE][WARNING] - Timeout '0' is invalid. Using default page load timeout: '5'

2018-08-09 18:31:45 - [MESSAGE][PASSED] - Tapped on element 'Object Repository/CommonScreenElements/DoneButton'

2018-08-09 18:31:45 - [TEST_STEP][PASSED] - verifyElementExist: Element 'Object Repository/ShopOpen/ChillerUtilization/ChillerAvailable/Validate_ChillerAvailableScreen' is exist

2018-08-09 18:31:45 - [MESSAGE][WARNING] - Timeout '0' is invalid. Using default page load timeout: '5'

2018-08-09 18:31:45 - [MESSAGE][PASSED] - Element 'Object Repository/ShopOpen/ChillerUtilization/ChillerAvailable/Validate_ChillerAvailableScreen' is exist

2018-08-09 18:31:45 - [TEST_STEP][PASSED] - tap: Tapped on element 'Object Repository/ShopOpen/ChillerUtilization/ChillerAvailable/NextButton'

2018-08-09 18:31:45 - [MESSAGE][WARNING] - Timeout '0' is invalid. Using default page load timeout: '5'

2018-08-09 18:31:46 - [MESSAGE][PASSED] - Tapped on element 'Object Repository/ShopOpen/ChillerUtilization/ChillerAvailable/NextButton'

2018-08-09 18:31:46 - [TEST_STEP][PASSED] - verifyElementText: Actual text and expected text of test object 'Object Repository/ShopOpen/ChillerUtilization/ChillerAvailable/Validate_ChillerProductsCategoriesScreen' are matched.

2018-08-09 18:31:48 - [MESSAGE][PASSED] - Actual text and expected text of test object 'Object Repository/ShopOpen/ChillerUtilization/ChillerAvailable/Validate_ChillerProductsCategoriesScreen' are matched.

2018-08-09 18:31:48 - [TEST_STEP][PASSED] - com.ct.qa.keywords.ChillerProductsDataKeywords.visitChillerAvailableProductCategories: com.ct.qa.keywords.ChillerProductsDataKeywords.visitChillerAvailableProductCategories is PASSED

2018-08-09 18:31:51 - [TEST_CASE][PASSED] - Test Cases/ShopOpen/ChillerUtilization/ChillerAvailable/VisitProductCategoryAssets: Test Cases/ShopOpen/ChillerUtilization/ChillerAvailable/VisitProductCategoryAssets

2018-08-09 18:31:51 - [TEST_STEP][PASSED] - verifyElementText: Actual text and expected text of test object 'Object Repository/ShopOpen/ChillerUtilization/ChillerAvailable/Validate_ProductCategoryAssetScreen' are matched.

2018-08-09 18:31:53 - [MESSAGE][PASSED] - Actual text and expected text of test object 'Object Repository/ShopOpen/ChillerUtilization/ChillerAvailable/Validate_ProductCategoryAssetScreen' are matched.

2018-08-09 18:31:53 - [TEST_STEP][PASSED] - tap: Tapped on element 'Object Repository/ShopOpen/ChillerUtilization/ChillerAvailable/Facing'

2018-08-09 18:31:53 - [MESSAGE][WARNING] - Timeout '0' is invalid. Using default page load timeout: '5'

2018-08-09 18:31:53 - [MESSAGE][PASSED] - Tapped on element 'Object Repository/ShopOpen/ChillerUtilization/ChillerAvailable/Facing'

2018-08-09 18:31:53 - [TEST_STEP][PASSED] - verifyElementText: Actual text and expected text of test object 'Object Repository/ShopOpen/ChillerUtilization/ChillerAvailable/Validate_FacingScreen' are matched.

2018-08-09 18:31:55 - [MESSAGE][PASSED] - Actual text and expected text of test object 'Object Repository/ShopOpen/ChillerUtilization/ChillerAvailable/Validate_FacingScreen' are matched.

2018-08-09 18:31:55 - [TEST_STEP][PASSED] - com.ct.qa.keywords.ChillerProductsDataKeywords.visitChillerAvailableProductsData: com.ct.qa.keywords.ChillerProductsDataKeywords.visitChillerAvailableProductsData is PASSED

2018-08-09 18:31:58 - [MESSAGE][PASSED] - Keyboard is hidden

2018-08-09 18:31:59 - [MESSAGE][PASSED] - com.ct.qa.keywords.ChillerProductsDataKeywords.visitChillerAvailableProductsData is PASSED

2018-08-09 18:31:59 - [TEST_STEP][PASSED] - tap: Tapped on element 'Object Repository/ShopOpen/ChillerUtilization/ChillerAvailable/SubmitButton'

2018-08-09 18:31:59 - [MESSAGE][WARNING] - Timeout '0' is invalid. Using default page load timeout: '5'

2018-08-09 18:31:59 - [MESSAGE][PASSED] - Tapped on element 'Object Repository/ShopOpen/ChillerUtilization/ChillerAvailable/SubmitButton'

2018-08-09 18:31:59 - [TEST_STEP][PASSED] - verifyElementText: Actual text and expected text of test object 'Object Repository/ShopOpen/ChillerUtilization/ChillerAvailable/Validate_ProductCategoryAssetScreen' are matched.

2018-08-09 18:32:01 - [MESSAGE][PASSED] - Actual text and expected text of test object 'Object Repository/ShopOpen/ChillerUtilization/ChillerAvailable/Validate_ProductCategoryAssetScreen' are matched.

2018-08-09 18:32:01 - [TEST_STEP][PASSED] - tap: Tapped on element 'Object Repository/ShopOpen/ChillerUtilization/ChillerAvailable/Depth'

2018-08-09 18:32:01 - [MESSAGE][WARNING] - Timeout '0' is invalid. Using default page load timeout: '5'

2018-08-09 18:32:01 - [MESSAGE][PASSED] - Tapped on element 'Object Repository/ShopOpen/ChillerUtilization/ChillerAvailable/Depth'

2018-08-09 18:32:01 - [TEST_STEP][PASSED] - verifyElementText: Actual text and expected text of test object 'Object Repository/ShopOpen/ChillerUtilization/ChillerAvailable/Validate_DepthScreen' are matched.

2018-08-09 18:32:03 - [MESSAGE][PASSED] - Actual text and expected text of test object 'Object Repository/ShopOpen/ChillerUtilization/ChillerAvailable/Validate_DepthScreen' are matched.

2018-08-09 18:32:03 - [TEST_STEP][PASSED] - com.ct.qa.keywords.ChillerProductsDataKeywords.visitChillerAvailableProductsData: com.ct.qa.keywords.ChillerProductsDataKeywords.visitChillerAvailableProductsData is PASSED

2018-08-09 18:32:06 - [MESSAGE][PASSED] - Keyboard is hidden

2018-08-09 18:32:07 - [MESSAGE][PASSED] - com.ct.qa.keywords.ChillerProductsDataKeywords.visitChillerAvailableProductsData is PASSED

2018-08-09 18:32:07 - [TEST_STEP][PASSED] - tap: Tapped on element 'Object Repository/ShopOpen/ChillerUtilization/ChillerAvailable/SubmitButton'

2018-08-09 18:32:07 - [MESSAGE][WARNING] - Timeout '0' is invalid. Using default page load timeout: '5'

2018-08-09 18:32:07 - [MESSAGE][PASSED] - Tapped on element 'Object Repository/ShopOpen/ChillerUtilization/ChillerAvailable/SubmitButton'

2018-08-09 18:32:07 - [TEST_STEP][PASSED] - verifyElementText: Actual text and expected text of test object 'Object Repository/ShopOpen/ChillerUtilization/ChillerAvailable/Validate_ProductCategoryAssetScreen' are matched.

2018-08-09 18:32:08 - [MESSAGE][PASSED] - Actual text and expected text of test object 'Object Repository/ShopOpen/ChillerUtilization/ChillerAvailable/Validate_ProductCategoryAssetScreen' are matched.

2018-08-09 18:32:08 - [TEST_STEP][PASSED] - tap: Tapped on element 'Object Repository/ShopOpen/ChillerUtilization/ChillerAvailable/StockCount'

2018-08-09 18:32:08 - [MESSAGE][WARNING] - Timeout '0' is invalid. Using default page load timeout: '5'

2018-08-09 18:32:09 - [MESSAGE][PASSED] - Tapped on element 'Object Repository/ShopOpen/ChillerUtilization/ChillerAvailable/StockCount'

2018-08-09 18:32:09 - [TEST_STEP][PASSED] - verifyElementText: Actual text and expected text of test object 'Object Repository/ShopOpen/ChillerUtilization/ChillerAvailable/Validate_StockCountScreen' are matched.

2018-08-09 18:32:11 - [MESSAGE][PASSED] - Actual text and expected text of test object 'Object Repository/ShopOpen/ChillerUtilization/ChillerAvailable/Validate_StockCountScreen' are matched.

2018-08-09 18:32:11 - [TEST_STEP][PASSED] - com.ct.qa.keywords.ChillerProductsDataKeywords.visitChillerAvailableProductsData: com.ct.qa.keywords.ChillerProductsDataKeywords.visitChillerAvailableProductsData is PASSED

2018-08-09 18:32:14 - [MESSAGE][PASSED] - Keyboard is hidden

2018-08-09 18:32:15 - [MESSAGE][PASSED] - com.ct.qa.keywords.ChillerProductsDataKeywords.visitChillerAvailableProductsData is PASSED

2018-08-09 18:32:15 - [TEST_STEP][PASSED] - tap: Tapped on element 'Object Repository/ShopOpen/ChillerUtilization/ChillerAvailable/SubmitButton'

2018-08-09 18:32:15 - [MESSAGE][WARNING] - Timeout '0' is invalid. Using default page load timeout: '5'

2018-08-09 18:32:15 - [MESSAGE][PASSED] - Tapped on element 'Object Repository/ShopOpen/ChillerUtilization/ChillerAvailable/SubmitButton'

2018-08-09 18:32:15 - [TEST_STEP][PASSED] - verifyElementText: Actual text and expected text of test object 'Object Repository/ShopOpen/ChillerUtilization/ChillerAvailable/Validate_ProductCategoryAssetScreen' are matched.

2018-08-09 18:32:16 - [MESSAGE][PASSED] - Actual text and expected text of test object 'Object Repository/ShopOpen/ChillerUtilization/ChillerAvailable/Validate_ProductCategoryAssetScreen' are matched.

2018-08-09 18:32:16 - [TEST_STEP][PASSED] - tap: Tapped on element 'Object Repository/ShopOpen/ChillerUtilization/ChillerAvailable/PorductCategoryActions_BackButton'

2018-08-09 18:32:16 - [MESSAGE][WARNING] - Timeout '0' is invalid. Using default page load timeout: '5'

2018-08-09 18:32:17 - [MESSAGE][PASSED] - Tapped on element 'Object Repository/ShopOpen/ChillerUtilization/ChillerAvailable/PorductCategoryActions_BackButton'

2018-08-09 18:32:17 - [TEST_STEP][PASSED] - verifyElementText: Actual text and expected text of test object 'Object Repository/ShopOpen/ChillerUtilization/ChillerAvailable/Validate_ChillerProductsCategoriesScreen' are matched.

2018-08-09 18:32:18 - [MESSAGE][PASSED] - Actual text and expected text of test object 'Object Repository/ShopOpen/ChillerUtilization/ChillerAvailable/Validate_ChillerProductsCategoriesScreen' are matched.

2018-08-09 18:32:18 - [MESSAGE][PASSED] - Call Test Case 'Test Cases/ShopOpen/ChillerUtilization/ChillerAvailable/VisitProductCategoryAssets' successfully

2018-08-09 18:32:18 - [TEST_CASE][PASSED] - Test Cases/ShopOpen/ChillerUtilization/ChillerAvailable/VisitProductCategoryAssets: Test Cases/ShopOpen/ChillerUtilization/ChillerAvailable/VisitProductCategoryAssets

2018-08-09 18:32:18 - [TEST_STEP][PASSED] - verifyElementText: Actual text and expected text of test object 'Object Repository/ShopOpen/ChillerUtilization/ChillerAvailable/Validate_ProductCategoryAssetScreen' are matched.

2018-08-09 18:32:21 - [MESSAGE][PASSED] - Actual text and expected text of test object 'Object Repository/ShopOpen/ChillerUtilization/ChillerAvailable/Validate_ProductCategoryAssetScreen' are matched.

2018-08-09 18:32:21 - [TEST_STEP][PASSED] - tap: Tapped on element 'Object Repository/ShopOpen/ChillerUtilization/ChillerAvailable/Facing'

2018-08-09 18:32:21 - [MESSAGE][WARNING] - Timeout '0' is invalid. Using default page load timeout: '5'

2018-08-09 18:32:21 - [MESSAGE][PASSED] - Tapped on element 'Object Repository/ShopOpen/ChillerUtilization/ChillerAvailable/Facing'

2018-08-09 18:32:21 - [TEST_STEP][PASSED] - verifyElementText: Actual text and expected text of test object 'Object Repository/ShopOpen/ChillerUtilization/ChillerAvailable/Validate_FacingScreen' are matched.

2018-08-09 18:32:23 - [MESSAGE][PASSED] - Actual text and expected text of test object 'Object Repository/ShopOpen/ChillerUtilization/ChillerAvailable/Validate_FacingScreen' are matched.

2018-08-09 18:32:23 - [TEST_STEP][PASSED] - com.ct.qa.keywords.ChillerProductsDataKeywords.visitChillerAvailableProductsData: com.ct.qa.keywords.ChillerProductsDataKeywords.visitChillerAvailableProductsData is PASSED

2018-08-09 18:32:27 - [MESSAGE][PASSED] - Keyboard is hidden

2018-08-09 18:32:30 - [MESSAGE][PASSED] - Keyboard is hidden

2018-08-09 18:32:33 - [MESSAGE][PASSED] - Keyboard is hidden

2018-08-09 18:32:36 - [MESSAGE][PASSED] - Keyboard is hidden

2018-08-09 18:32:39 - [MESSAGE][PASSED] - Keyboard is hidden

2018-08-09 18:32:42 - [MESSAGE][PASSED] - Keyboard is hidden

2018-08-09 18:32:45 - [MESSAGE][PASSED] - Swiped from 50,359 to 50,250

2018-08-09 18:32:48 - [MESSAGE][PASSED] - Keyboard is hidden

2018-08-09 18:32:50 - [MESSAGE][PASSED] - Swiped from 50,359 to 50,250

2018-08-09 18:32:53 - [MESSAGE][PASSED] - Keyboard is hidden

2018-08-09 18:32:55 - [MESSAGE][PASSED] - Swiped from 50,359 to 50,250

2018-08-09 18:32:58 - [MESSAGE][PASSED] - Keyboard is hidden

2018-08-09 18:33:00 - [MESSAGE][PASSED] - Swiped from 50,359 to 50,250

2018-08-09 18:33:03 - [MESSAGE][PASSED] - Keyboard is hidden

2018-08-09 18:33:05 - [MESSAGE][PASSED] - Swiped from 50,359 to 50,250

2018-08-09 18:33:08 - [MESSAGE][PASSED] - Keyboard is hidden

2018-08-09 18:33:10 - [MESSAGE][PASSED] - Swiped from 50,359 to 50,250

2018-08-09 18:33:13 - [MESSAGE][PASSED] - Keyboard is hidden

2018-08-09 18:33:15 - [MESSAGE][PASSED] - Swiped from 50,359 to 50,250

2018-08-09 18:33:16 - [MESSAGE][PASSED] - com.ct.qa.keywords.ChillerProductsDataKeywords.visitChillerAvailableProductsData is PASSED

2018-08-09 18:33:16 - [TEST_STEP][PASSED] - tap: Tapped on element 'Object Repository/ShopOpen/ChillerUtilization/ChillerAvailable/SubmitButton'

2018-08-09 18:33:16 - [MESSAGE][WARNING] - Timeout '0' is invalid. Using default page load timeout: '5'

2018-08-09 18:33:16 - [MESSAGE][PASSED] - Tapped on element 'Object Repository/ShopOpen/ChillerUtilization/ChillerAvailable/SubmitButton'

2018-08-09 18:33:16 - [TEST_STEP][PASSED] - verifyElementText: Actual text and expected text of test object 'Object Repository/ShopOpen/ChillerUtilization/ChillerAvailable/Validate_ProductCategoryAssetScreen' are matched.

2018-08-09 18:33:17 - [MESSAGE][PASSED] - Actual text and expected text of test object 'Object Repository/ShopOpen/ChillerUtilization/ChillerAvailable/Validate_ProductCategoryAssetScreen' are matched.

2018-08-09 18:33:17 - [TEST_STEP][PASSED] - tap: Tapped on element 'Object Repository/ShopOpen/ChillerUtilization/ChillerAvailable/Depth'

2018-08-09 18:33:17 - [MESSAGE][WARNING] - Timeout '0' is invalid. Using default page load timeout: '5'

2018-08-09 18:33:18 - [MESSAGE][PASSED] - Tapped on element 'Object Repository/ShopOpen/ChillerUtilization/ChillerAvailable/Depth'

2018-08-09 18:33:18 - [TEST_STEP][PASSED] - verifyElementText: Actual text and expected text of test object 'Object Repository/ShopOpen/ChillerUtilization/ChillerAvailable/Validate_DepthScreen' are matched.

2018-08-09 18:33:20 - [MESSAGE][PASSED] - Actual text and expected text of test object 'Object Repository/ShopOpen/ChillerUtilization/ChillerAvailable/Validate_DepthScreen' are matched.

2018-08-09 18:33:20 - [TEST_STEP][PASSED] - com.ct.qa.keywords.ChillerProductsDataKeywords.visitChillerAvailableProductsData: com.ct.qa.keywords.ChillerProductsDataKeywords.visitChillerAvailableProductsData is PASSED

2018-08-09 18:33:25 - [MESSAGE][PASSED] - Keyboard is hidden

2018-08-09 18:33:28 - [MESSAGE][PASSED] - Keyboard is hidden

2018-08-09 18:33:31 - [MESSAGE][PASSED] - Keyboard is hidden

2018-08-09 18:33:34 - [MESSAGE][PASSED] - Keyboard is hidden

2018-08-09 18:33:37 - [MESSAGE][PASSED] - Keyboard is hidden

2018-08-09 18:33:40 - [MESSAGE][PASSED] - Keyboard is hidden

2018-08-09 18:33:43 - [MESSAGE][PASSED] - Swiped from 50,359 to 50,250

2018-08-09 18:33:46 - [MESSAGE][PASSED] - Keyboard is hidden

2018-08-09 18:33:48 - [MESSAGE][PASSED] - Swiped from 50,359 to 50,250

2018-08-09 18:33:51 - [MESSAGE][PASSED] - Keyboard is hidden

2018-08-09 18:33:53 - [MESSAGE][PASSED] - Swiped from 50,359 to 50,250

2018-08-09 18:33:56 - [MESSAGE][PASSED] - Keyboard is hidden

2018-08-09 18:33:58 - [MESSAGE][PASSED] - Swiped from 50,359 to 50,250

2018-08-09 18:34:01 - [MESSAGE][PASSED] - Keyboard is hidden

2018-08-09 18:34:03 - [MESSAGE][PASSED] - Swiped from 50,359 to 50,250

2018-08-09 18:34:06 - [MESSAGE][PASSED] - Keyboard is hidden

2018-08-09 18:34:08 - [MESSAGE][PASSED] - Swiped from 50,359 to 50,250

2018-08-09 18:34:11 - [MESSAGE][PASSED] - Keyboard is hidden

2018-08-09 18:34:13 - [MESSAGE][PASSED] - Swiped from 50,359 to 50,250

2018-08-09 18:34:14 - [MESSAGE][PASSED] - com.ct.qa.keywords.ChillerProductsDataKeywords.visitChillerAvailableProductsData is PASSED

2018-08-09 18:34:14 - [TEST_STEP][PASSED] - tap: Tapped on element 'Object Repository/ShopOpen/ChillerUtilization/ChillerAvailable/SubmitButton'

2018-08-09 18:34:14 - [MESSAGE][WARNING] - Timeout '0' is invalid. Using default page load timeout: '5'

2018-08-09 18:34:14 - [MESSAGE][PASSED] - Tapped on element 'Object Repository/ShopOpen/ChillerUtilization/ChillerAvailable/SubmitButton'

2018-08-09 18:34:14 - [TEST_STEP][PASSED] - verifyElementText: Actual text and expected text of test object 'Object Repository/ShopOpen/ChillerUtilization/ChillerAvailable/Validate_ProductCategoryAssetScreen' are matched.

2018-08-09 18:34:15 - [MESSAGE][PASSED] - Actual text and expected text of test object 'Object Repository/ShopOpen/ChillerUtilization/ChillerAvailable/Validate_ProductCategoryAssetScreen' are matched.

2018-08-09 18:34:15 - [TEST_STEP][PASSED] - tap: Tapped on element 'Object Repository/ShopOpen/ChillerUtilization/ChillerAvailable/StockCount'

2018-08-09 18:34:15 - [MESSAGE][WARNING] - Timeout '0' is invalid. Using default page load timeout: '5'

2018-08-09 18:34:15 - [MESSAGE][PASSED] - Tapped on element 'Object Repository/ShopOpen/ChillerUtilization/ChillerAvailable/StockCount'

2018-08-09 18:34:15 - [TEST_STEP][PASSED] - verifyElementText: Actual text and expected text of test object 'Object Repository/ShopOpen/ChillerUtilization/ChillerAvailable/Validate_StockCountScreen' are matched.

2018-08-09 18:34:18 - [MESSAGE][PASSED] - Actual text and expected text of test object 'Object Repository/ShopOpen/ChillerUtilization/ChillerAvailable/Validate_StockCountScreen' are matched.

2018-08-09 18:34:18 - [TEST_STEP][PASSED] - com.ct.qa.keywords.ChillerProductsDataKeywords.visitChillerAvailableProductsData: com.ct.qa.keywords.ChillerProductsDataKeywords.visitChillerAvailableProductsData is PASSED

2018-08-09 18:34:22 - [MESSAGE][PASSED] - Keyboard is hidden

2018-08-09 18:34:25 - [MESSAGE][PASSED] - Keyboard is hidden

2018-08-09 18:34:28 - [MESSAGE][PASSED] - Keyboard is hidden

2018-08-09 18:34:31 - [MESSAGE][PASSED] - Keyboard is hidden

2018-08-09 18:34:34 - [MESSAGE][PASSED] - Keyboard is hidden

2018-08-09 18:34:37 - [MESSAGE][PASSED] - Keyboard is hidden

2018-08-09 18:34:41 - [MESSAGE][PASSED] - Swiped from 50,359 to 50,250

2018-08-09 18:34:44 - [MESSAGE][PASSED] - Keyboard is hidden

2018-08-09 18:34:46 - [MESSAGE][PASSED] - Swiped from 50,359 to 50,250

2018-08-09 18:34:49 - [MESSAGE][PASSED] - Keyboard is hidden

2018-08-09 18:34:51 - [MESSAGE][PASSED] - Swiped from 50,359 to 50,250

2018-08-09 18:34:54 - [MESSAGE][PASSED] - Keyboard is hidden

2018-08-09 18:34:56 - [MESSAGE][PASSED] - Swiped from 50,359 to 50,250

2018-08-09 18:34:59 - [MESSAGE][PASSED] - Keyboard is hidden

2018-08-09 18:35:01 - [MESSAGE][PASSED] - Swiped from 50,359 to 50,250

2018-08-09 18:35:04 - [MESSAGE][PASSED] - Keyboard is hidden

2018-08-09 18:35:06 - [MESSAGE][PASSED] - Swiped from 50,359 to 50,250

2018-08-09 18:35:09 - [MESSAGE][PASSED] - Keyboard is hidden

2018-08-09 18:35:11 - [MESSAGE][PASSED] - Swiped from 50,359 to 50,250

2018-08-09 18:35:12 - [MESSAGE][PASSED] - com.ct.qa.keywords.ChillerProductsDataKeywords.visitChillerAvailableProductsData is PASSED

2018-08-09 18:35:12 - [TEST_STEP][PASSED] - tap: Tapped on element 'Object Repository/ShopOpen/ChillerUtilization/ChillerAvailable/SubmitButton'

2018-08-09 18:35:12 - [MESSAGE][WARNING] - Timeout '0' is invalid. Using default page load timeout: '5'

2018-08-09 18:35:12 - [MESSAGE][PASSED] - Tapped on element 'Object Repository/ShopOpen/ChillerUtilization/ChillerAvailable/SubmitButton'

2018-08-09 18:35:12 - [TEST_STEP][PASSED] - verifyElementText: Actual text and expected text of test object 'Object Repository/ShopOpen/ChillerUtilization/ChillerAvailable/Validate_ProductCategoryAssetScreen' are matched.

2018-08-09 18:35:14 - [MESSAGE][PASSED] - Actual text and expected text of test object 'Object Repository/ShopOpen/ChillerUtilization/ChillerAvailable/Validate_ProductCategoryAssetScreen' are matched.

2018-08-09 18:35:14 - [TEST_STEP][PASSED] - tap: Tapped on element 'Object Repository/ShopOpen/ChillerUtilization/ChillerAvailable/PorductCategoryActions_BackButton'

2018-08-09 18:35:14 - [MESSAGE][WARNING] - Timeout '0' is invalid. Using default page load timeout: '5'

2018-08-09 18:35:14 - [MESSAGE][PASSED] - Tapped on element 'Object Repository/ShopOpen/ChillerUtilization/ChillerAvailable/PorductCategoryActions_BackButton'

2018-08-09 18:35:14 - [TEST_STEP][PASSED] - verifyElementText: Actual text and expected text of test object 'Object Repository/ShopOpen/ChillerUtilization/ChillerAvailable/Validate_ChillerProductsCategoriesScreen' are matched.

2018-08-09 18:35:15 - [MESSAGE][PASSED] - Actual text and expected text of test object 'Object Repository/ShopOpen/ChillerUtilization/ChillerAvailable/Validate_ChillerProductsCategoriesScreen' are matched.

2018-08-09 18:35:15 - [MESSAGE][PASSED] - Call Test Case 'Test Cases/ShopOpen/ChillerUtilization/ChillerAvailable/VisitProductCategoryAssets' successfully

2018-08-09 18:35:16 - [TEST_CASE][PASSED] - Test Cases/ShopOpen/ChillerUtilization/ChillerAvailable/VisitProductCategoryAssets: Test Cases/ShopOpen/ChillerUtilization/ChillerAvailable/VisitProductCategoryAssets

2018-08-09 18:35:16 - [TEST_STEP][PASSED] - verifyElementText: Actual text and expected text of test object 'Object Repository/ShopOpen/ChillerUtilization/ChillerAvailable/Validate_ProductCategoryAssetScreen' are matched.

2018-08-09 18:35:18 - [MESSAGE][PASSED] - Actual text and expected text of test object 'Object Repository/ShopOpen/ChillerUtilization/ChillerAvailable/Validate_ProductCategoryAssetScreen' are matched.

2018-08-09 18:35:18 - [TEST_STEP][PASSED] - tap: Tapped on element 'Object Repository/ShopOpen/ChillerUtilization/ChillerAvailable/Facing'

2018-08-09 18:35:18 - [MESSAGE][WARNING] - Timeout '0' is invalid. Using default page load timeout: '5'

2018-08-09 18:35:18 - [MESSAGE][PASSED] - Tapped on element 'Object Repository/ShopOpen/ChillerUtilization/ChillerAvailable/Facing'

2018-08-09 18:35:18 - [TEST_STEP][PASSED] - verifyElementText: Actual text and expected text of test object 'Object Repository/ShopOpen/ChillerUtilization/ChillerAvailable/Validate_FacingScreen' are matched.

2018-08-09 18:35:20 - [MESSAGE][PASSED] - Actual text and expected text of test object 'Object Repository/ShopOpen/ChillerUtilization/ChillerAvailable/Validate_FacingScreen' are matched.

2018-08-09 18:35:20 - [TEST_STEP][PASSED] - com.ct.qa.keywords.ChillerProductsDataKeywords.visitChillerAvailableProductsData: com.ct.qa.keywords.ChillerProductsDataKeywords.visitChillerAvailableProductsData is PASSED

2018-08-09 18:35:23 - [MESSAGE][PASSED] - Keyboard is hidden

2018-08-09 18:35:26 - [MESSAGE][PASSED] - Keyboard is hidden

2018-08-09 18:35:27 - [MESSAGE][PASSED] - com.ct.qa.keywords.ChillerProductsDataKeywords.visitChillerAvailableProductsData is PASSED

2018-08-09 18:35:27 - [TEST_STEP][PASSED] - tap: Tapped on element 'Object Repository/ShopOpen/ChillerUtilization/ChillerAvailable/SubmitButton'

2018-08-09 18:35:27 - [MESSAGE][WARNING] - Timeout '0' is invalid. Using default page load timeout: '5'

2018-08-09 18:35:28 - [MESSAGE][PASSED] - Tapped on element 'Object Repository/ShopOpen/ChillerUtilization/ChillerAvailable/SubmitButton'

2018-08-09 18:35:28 - [TEST_STEP][PASSED] - verifyElementText: Actual text and expected text of test object 'Object Repository/ShopOpen/ChillerUtilization/ChillerAvailable/Validate_ProductCategoryAssetScreen' are matched.

2018-08-09 18:35:29 - [MESSAGE][PASSED] - Actual text and expected text of test object 'Object Repository/ShopOpen/ChillerUtilization/ChillerAvailable/Validate_ProductCategoryAssetScreen' are matched.

2018-08-09 18:35:29 - [TEST_STEP][PASSED] - tap: Tapped on element 'Object Repository/ShopOpen/ChillerUtilization/ChillerAvailable/Depth'

2018-08-09 18:35:29 - [MESSAGE][WARNING] - Timeout '0' is invalid. Using default page load timeout: '5'

2018-08-09 18:35:29 - [MESSAGE][PASSED] - Tapped on element 'Object Repository/ShopOpen/ChillerUtilization/ChillerAvailable/Depth'

2018-08-09 18:35:29 - [TEST_STEP][PASSED] - verifyElementText: Actual text and expected text of test object 'Object Repository/ShopOpen/ChillerUtilization/ChillerAvailable/Validate_DepthScreen' are matched.

2018-08-09 18:35:32 - [MESSAGE][PASSED] - Actual text and expected text of test object 'Object Repository/ShopOpen/ChillerUtilization/ChillerAvailable/Validate_DepthScreen' are matched.

2018-08-09 18:35:32 - [TEST_STEP][PASSED] - com.ct.qa.keywords.ChillerProductsDataKeywords.visitChillerAvailableProductsData: com.ct.qa.keywords.ChillerProductsDataKeywords.visitChillerAvailableProductsData is PASSED

2018-08-09 18:35:35 - [MESSAGE][PASSED] - Keyboard is hidden

2018-08-09 18:35:38 - [MESSAGE][PASSED] - Keyboard is hidden

2018-08-09 18:35:39 - [MESSAGE][PASSED] - com.ct.qa.keywords.ChillerProductsDataKeywords.visitChillerAvailableProductsData is PASSED

2018-08-09 18:35:39 - [TEST_STEP][PASSED] - tap: Tapped on element 'Object Repository/ShopOpen/ChillerUtilization/ChillerAvailable/SubmitButton'

2018-08-09 18:35:39 - [MESSAGE][WARNING] - Timeout '0' is invalid. Using default page load timeout: '5'

2018-08-09 18:35:40 - [MESSAGE][PASSED] - Tapped on element 'Object Repository/ShopOpen/ChillerUtilization/ChillerAvailable/SubmitButton'

2018-08-09 18:35:40 - [TEST_STEP][PASSED] - verifyElementText: Actual text and expected text of test object 'Object Repository/ShopOpen/ChillerUtilization/ChillerAvailable/Validate_ProductCategoryAssetScreen' are matched.

2018-08-09 18:35:41 - [MESSAGE][PASSED] - Actual text and expected text of test object 'Object Repository/ShopOpen/ChillerUtilization/ChillerAvailable/Validate_ProductCategoryAssetScreen' are matched.

2018-08-09 18:35:41 - [TEST_STEP][PASSED] - tap: Tapped on element 'Object Repository/ShopOpen/ChillerUtilization/ChillerAvailable/StockCount'

2018-08-09 18:35:41 - [MESSAGE][WARNING] - Timeout '0' is invalid. Using default page load timeout: '5'

2018-08-09 18:35:41 - [MESSAGE][PASSED] - Tapped on element 'Object Repository/ShopOpen/ChillerUtilization/ChillerAvailable/StockCount'

2018-08-09 18:35:41 - [TEST_STEP][PASSED] - verifyElementText: Actual text and expected text of test object 'Object Repository/ShopOpen/ChillerUtilization/ChillerAvailable/Validate_StockCountScreen' are matched.

2018-08-09 18:35:43 - [MESSAGE][PASSED] - Actual text and expected text of test object 'Object Repository/ShopOpen/ChillerUtilization/ChillerAvailable/Validate_StockCountScreen' are matched.

2018-08-09 18:35:43 - [TEST_STEP][PASSED] - com.ct.qa.keywords.ChillerProductsDataKeywords.visitChillerAvailableProductsData: com.ct.qa.keywords.ChillerProductsDataKeywords.visitChillerAvailableProductsData is PASSED

2018-08-09 18:35:46 - [MESSAGE][PASSED] - Keyboard is hidden

2018-08-09 18:35:49 - [MESSAGE][PASSED] - Keyboard is hidden

2018-08-09 18:35:50 - [MESSAGE][PASSED] - com.ct.qa.keywords.ChillerProductsDataKeywords.visitChillerAvailableProductsData is PASSED

2018-08-09 18:35:50 - [TEST_STEP][PASSED] - tap: Tapped on element 'Object Repository/ShopOpen/ChillerUtilization/ChillerAvailable/SubmitButton'

2018-08-09 18:35:50 - [MESSAGE][WARNING] - Timeout '0' is invalid. Using default page load timeout: '5'

2018-08-09 18:35:51 - [MESSAGE][PASSED] - Tapped on element 'Object Repository/ShopOpen/ChillerUtilization/ChillerAvailable/SubmitButton'

2018-08-09 18:35:51 - [TEST_STEP][PASSED] - verifyElementText: Actual text and expected text of test object 'Object Repository/ShopOpen/ChillerUtilization/ChillerAvailable/Validate_ProductCategoryAssetScreen' are matched.

2018-08-09 18:35:52 - [MESSAGE][PASSED] - Actual text and expected text of test object 'Object Repository/ShopOpen/ChillerUtilization/ChillerAvailable/Validate_ProductCategoryAssetScreen' are matched.

2018-08-09 18:35:52 - [TEST_STEP][PASSED] - tap: Tapped on element 'Object Repository/ShopOpen/ChillerUtilization/ChillerAvailable/PorductCategoryActions_BackButton'

2018-08-09 18:35:52 - [MESSAGE][WARNING] - Timeout '0' is invalid. Using default page load timeout: '5'

2018-08-09 18:35:52 - [MESSAGE][PASSED] - Tapped on element 'Object Repository/ShopOpen/ChillerUtilization/ChillerAvailable/PorductCategoryActions_BackButton'

2018-08-09 18:35:52 - [TEST_STEP][PASSED] - verifyElementText: Actual text and expected text of test object 'Object Repository/ShopOpen/ChillerUtilization/ChillerAvailable/Validate_ChillerProductsCategoriesScreen' are matched.

2018-08-09 18:35:53 - [MESSAGE][PASSED] - Actual text and expected text of test object 'Object Repository/ShopOpen/ChillerUtilization/ChillerAvailable/Validate_ChillerProductsCategoriesScreen' are matched.

2018-08-09 18:35:53 - [MESSAGE][PASSED] - Call Test Case 'Test Cases/ShopOpen/ChillerUtilization/ChillerAvailable/VisitProductCategoryAssets' successfully

2018-08-09 18:35:54 - [TEST_CASE][PASSED] - Test Cases/ShopOpen/ChillerUtilization/ChillerAvailable/VisitProductCategoryAssets: Test Cases/ShopOpen/ChillerUtilization/ChillerAvailable/VisitProductCategoryAssets

2018-08-09 18:35:54 - [TEST_STEP][PASSED] - verifyElementText: Actual text and expected text of test object 'Object Repository/ShopOpen/ChillerUtilization/ChillerAvailable/Validate_ProductCategoryAssetScreen' are matched.

2018-08-09 18:35:56 - [MESSAGE][PASSED] - Actual text and expected text of test object 'Object Repository/ShopOpen/ChillerUtilization/ChillerAvailable/Validate_ProductCategoryAssetScreen' are matched.

2018-08-09 18:35:56 - [TEST_STEP][PASSED] - tap: Tapped on element 'Object Repository/ShopOpen/ChillerUtilization/ChillerAvailable/Facing'

2018-08-09 18:35:56 - [MESSAGE][WARNING] - Timeout '0' is invalid. Using default page load timeout: '5'

2018-08-09 18:35:56 - [MESSAGE][PASSED] - Tapped on element 'Object Repository/ShopOpen/ChillerUtilization/ChillerAvailable/Facing'

2018-08-09 18:35:56 - [TEST_STEP][PASSED] - verifyElementText: Actual text and expected text of test object 'Object Repository/ShopOpen/ChillerUtilization/ChillerAvailable/Validate_FacingScreen' are matched.

2018-08-09 18:35:58 - [MESSAGE][PASSED] - Actual text and expected text of test object 'Object Repository/ShopOpen/ChillerUtilization/ChillerAvailable/Validate_FacingScreen' are matched.

2018-08-09 18:35:58 - [TEST_STEP][PASSED] - com.ct.qa.keywords.ChillerProductsDataKeywords.visitChillerAvailableProductsData: com.ct.qa.keywords.ChillerProductsDataKeywords.visitChillerAvailableProductsData is PASSED

2018-08-09 18:36:03 - [MESSAGE][PASSED] - Keyboard is hidden

2018-08-09 18:36:06 - [MESSAGE][PASSED] - Keyboard is hidden

2018-08-09 18:36:09 - [MESSAGE][PASSED] - Keyboard is hidden

2018-08-09 18:36:12 - [MESSAGE][PASSED] - Keyboard is hidden

2018-08-09 18:36:15 - [MESSAGE][PASSED] - Keyboard is hidden

2018-08-09 18:36:18 - [MESSAGE][PASSED] - Keyboard is hidden

2018-08-09 18:36:22 - [MESSAGE][PASSED] - Swiped from 65,359 to 65,250

2018-08-09 18:36:23 - [MESSAGE][PASSED] - com.ct.qa.keywords.ChillerProductsDataKeywords.visitChillerAvailableProductsData is PASSED

2018-08-09 18:36:23 - [TEST_STEP][PASSED] - tap: Tapped on element 'Object Repository/ShopOpen/ChillerUtilization/ChillerAvailable/SubmitButton'

2018-08-09 18:36:23 - [MESSAGE][WARNING] - Timeout '0' is invalid. Using default page load timeout: '5'

2018-08-09 18:36:23 - [MESSAGE][PASSED] - Tapped on element 'Object Repository/ShopOpen/ChillerUtilization/ChillerAvailable/SubmitButton'

2018-08-09 18:36:23 - [TEST_STEP][PASSED] - verifyElementText: Actual text and expected text of test object 'Object Repository/ShopOpen/ChillerUtilization/ChillerAvailable/Validate_ProductCategoryAssetScreen' are matched.

2018-08-09 18:36:24 - [MESSAGE][PASSED] - Actual text and expected text of test object 'Object Repository/ShopOpen/ChillerUtilization/ChillerAvailable/Validate_ProductCategoryAssetScreen' are matched.

2018-08-09 18:36:24 - [TEST_STEP][PASSED] - tap: Tapped on element 'Object Repository/ShopOpen/ChillerUtilization/ChillerAvailable/Depth'

2018-08-09 18:36:24 - [MESSAGE][WARNING] - Timeout '0' is invalid. Using default page load timeout: '5'

2018-08-09 18:36:24 - [MESSAGE][PASSED] - Tapped on element 'Object Repository/ShopOpen/ChillerUtilization/ChillerAvailable/Depth'

2018-08-09 18:36:24 - [TEST_STEP][PASSED] - verifyElementText: Actual text and expected text of test object 'Object Repository/ShopOpen/ChillerUtilization/ChillerAvailable/Validate_DepthScreen' are matched.

2018-08-09 18:36:27 - [MESSAGE][PASSED] - Actual text and expected text of test object 'Object Repository/ShopOpen/ChillerUtilization/ChillerAvailable/Validate_DepthScreen' are matched.

2018-08-09 18:36:27 - [TEST_STEP][PASSED] - com.ct.qa.keywords.ChillerProductsDataKeywords.visitChillerAvailableProductsData: com.ct.qa.keywords.ChillerProductsDataKeywords.visitChillerAvailableProductsData is PASSED

2018-08-09 18:36:31 - [MESSAGE][PASSED] - Keyboard is hidden

2018-08-09 18:36:34 - [MESSAGE][PASSED] - Keyboard is hidden

2018-08-09 18:36:37 - [MESSAGE][PASSED] - Keyboard is hidden

2018-08-09 18:36:40 - [MESSAGE][PASSED] - Keyboard is hidden

2018-08-09 18:36:43 - [MESSAGE][PASSED] - Keyboard is hidden

2018-08-09 18:36:46 - [MESSAGE][PASSED] - Keyboard is hidden

2018-08-09 18:36:50 - [MESSAGE][PASSED] - Swiped from 65,359 to 65,250

2018-08-09 18:36:51 - [MESSAGE][PASSED] - com.ct.qa.keywords.ChillerProductsDataKeywords.visitChillerAvailableProductsData is PASSED

2018-08-09 18:36:51 - [TEST_STEP][PASSED] - tap: Tapped on element 'Object Repository/ShopOpen/ChillerUtilization/ChillerAvailable/SubmitButton'

2018-08-09 18:36:51 - [MESSAGE][WARNING] - Timeout '0' is invalid. Using default page load timeout: '5'

2018-08-09 18:36:51 - [MESSAGE][PASSED] - Tapped on element 'Object Repository/ShopOpen/ChillerUtilization/ChillerAvailable/SubmitButton'

2018-08-09 18:36:51 - [TEST_STEP][PASSED] - verifyElementText: Actual text and expected text of test object 'Object Repository/ShopOpen/ChillerUtilization/ChillerAvailable/Validate_ProductCategoryAssetScreen' are matched.

2018-08-09 18:36:52 - [MESSAGE][PASSED] - Actual text and expected text of test object 'Object Repository/ShopOpen/ChillerUtilization/ChillerAvailable/Validate_ProductCategoryAssetScreen' are matched.

2018-08-09 18:36:52 - [TEST_STEP][PASSED] - tap: Tapped on element 'Object Repository/ShopOpen/ChillerUtilization/ChillerAvailable/StockCount'

2018-08-09 18:36:52 - [MESSAGE][WARNING] - Timeout '0' is invalid. Using default page load timeout: '5'

2018-08-09 18:36:52 - [MESSAGE][PASSED] - Tapped on element 'Object Repository/ShopOpen/ChillerUtilization/ChillerAvailable/StockCount'

2018-08-09 18:36:52 - [TEST_STEP][PASSED] - verifyElementText: Actual text and expected text of test object 'Object Repository/ShopOpen/ChillerUtilization/ChillerAvailable/Validate_StockCountScreen' are matched.

2018-08-09 18:36:55 - [MESSAGE][PASSED] - Actual text and expected text of test object 'Object Repository/ShopOpen/ChillerUtilization/ChillerAvailable/Validate_StockCountScreen' are matched.

2018-08-09 18:36:55 - [TEST_STEP][PASSED] - com.ct.qa.keywords.ChillerProductsDataKeywords.visitChillerAvailableProductsData: com.ct.qa.keywords.ChillerProductsDataKeywords.visitChillerAvailableProductsData is PASSED

2018-08-09 18:36:59 - [MESSAGE][PASSED] - Keyboard is hidden

2018-08-09 18:37:02 - [MESSAGE][PASSED] - Keyboard is hidden

2018-08-09 18:37:05 - [MESSAGE][PASSED] - Keyboard is hidden

2018-08-09 18:37:08 - [MESSAGE][PASSED] - Keyboard is hidden

2018-08-09 18:37:11 - [MESSAGE][PASSED] - Keyboard is hidden

2018-08-09 18:37:14 - [MESSAGE][PASSED] - Keyboard is hidden

2018-08-09 18:37:17 - [MESSAGE][PASSED] - Swiped from 65,359 to 65,250

2018-08-09 18:37:18 - [MESSAGE][PASSED] - com.ct.qa.keywords.ChillerProductsDataKeywords.visitChillerAvailableProductsData is PASSED

2018-08-09 18:37:18 - [TEST_STEP][PASSED] - tap: Tapped on element 'Object Repository/ShopOpen/ChillerUtilization/ChillerAvailable/SubmitButton'

2018-08-09 18:37:18 - [MESSAGE][WARNING] - Timeout '0' is invalid. Using default page load timeout: '5'

2018-08-09 18:37:18 - [MESSAGE][PASSED] - Tapped on element 'Object Repository/ShopOpen/ChillerUtilization/ChillerAvailable/SubmitButton'

2018-08-09 18:37:18 - [TEST_STEP][PASSED] - verifyElementText: Actual text and expected text of test object 'Object Repository/ShopOpen/ChillerUtilization/ChillerAvailable/Validate_ProductCategoryAssetScreen' are matched.

2018-08-09 18:37:19 - [MESSAGE][PASSED] - Actual text and expected text of test object 'Object Repository/ShopOpen/ChillerUtilization/ChillerAvailable/Validate_ProductCategoryAssetScreen' are matched.

2018-08-09 18:37:19 - [TEST_STEP][PASSED] - tap: Tapped on element 'Object Repository/ShopOpen/ChillerUtilization/ChillerAvailable/PorductCategoryActions_BackButton'

2018-08-09 18:37:19 - [MESSAGE][WARNING] - Timeout '0' is invalid. Using default page load timeout: '5'

2018-08-09 18:37:20 - [MESSAGE][PASSED] - Tapped on element 'Object Repository/ShopOpen/ChillerUtilization/ChillerAvailable/PorductCategoryActions_BackButton'

2018-08-09 18:37:20 - [TEST_STEP][PASSED] - verifyElementText: Actual text and expected text of test object 'Object Repository/ShopOpen/ChillerUtilization/ChillerAvailable/Validate_ChillerProductsCategoriesScreen' are matched.

2018-08-09 18:37:21 - [MESSAGE][PASSED] - Actual text and expected text of test object 'Object Repository/ShopOpen/ChillerUtilization/ChillerAvailable/Validate_ChillerProductsCategoriesScreen' are matched.

2018-08-09 18:37:21 - [MESSAGE][PASSED] - Call Test Case 'Test Cases/ShopOpen/ChillerUtilization/ChillerAvailable/VisitProductCategoryAssets' successfully

2018-08-09 18:37:21 - [MESSAGE][PASSED] - com.ct.qa.keywords.ChillerProductsDataKeywords.visitChillerAvailableProductCategories is PASSED

2018-08-09 18:37:21 - [TEST_STEP][PASSED] - tap: Tapped on element 'Object Repository/ShopOpen/ChillerUtilization/ChillerAvailable/ChillerProductsCategories_Planogram_ImageView'

2018-08-09 18:37:21 - [MESSAGE][WARNING] - Timeout '0' is invalid. Using default page load timeout: '5'

2018-08-09 18:37:22 - [MESSAGE][PASSED] - Tapped on element 'Object Repository/ShopOpen/ChillerUtilization/ChillerAvailable/ChillerProductsCategories_Planogram_ImageView'

2018-08-09 18:37:22 - [TEST_STEP][PASSED] - com.ct.qa.keywords.CommonKeywords.checkPlanogramAvailability: com.ct.qa.keywords.CommonKeywords.checkPlanogramAvailability is PASSED

2018-08-09 18:37:22 - [MESSAGE][WARNING] - Timeout '0' is invalid. Using default page load timeout: '5'

2018-08-09 18:37:28 - [MESSAGE][WARNING] - Object Object Repository/CommonScreenElements/InfoPopUp_OKButton not found
[[ATTACHMENT|F:\\Git Projects\\MMAPlus_Merchandising\\MMAPlus_Merchandising\\Reports\\MMA Plus Merchandising With Chiller Wise Data Verification\\20180809_164504\\1533821847186.png]]

2018-08-09 18:37:28 - [MESSAGE][PASSED] - com.ct.qa.keywords.CommonKeywords.checkPlanogramAvailability is PASSED

2018-08-09 18:37:28 - [TEST_STEP][PASSED] - com.ct.qa.keywords.CommonKeywords.closePlanogram: com.ct.qa.keywords.CommonKeywords.closePlanogram is PASSED

2018-08-09 18:37:28 - [MESSAGE][PASSED] - com.ct.qa.keywords.CommonKeywords.closePlanogram is PASSED

2018-08-09 18:37:28 - [TEST_STEP][PASSED] - verifyElementText: Actual text and expected text of test object 'Object Repository/ShopOpen/ChillerUtilization/ChillerAvailable/Validate_ChillerProductsCategoriesScreen' are matched.

2018-08-09 18:37:29 - [MESSAGE][PASSED] - Actual text and expected text of test object 'Object Repository/ShopOpen/ChillerUtilization/ChillerAvailable/Validate_ChillerProductsCategoriesScreen' are matched.

2018-08-09 18:37:29 - [TEST_STEP][PASSED] - com.ct.qa.keywords.CommonKeywords.findPictureImageView: com.ct.qa.keywords.CommonKeywords.findPictureImageView is PASSED

2018-08-09 18:37:29 - [MESSAGE][PASSED] - com.ct.qa.keywords.CommonKeywords.findPictureImageView is PASSED

2018-08-09 18:37:29 - [TEST_STEP][PASSED] - verifyElementText: Actual text and expected text of test object 'Object Repository/ShopOpen/ChillerUtilization/ChillerAvailable/Validate_ChillerProductsCategoriesScreen' are matched.

2018-08-09 18:37:30 - [MESSAGE][PASSED] - Actual text and expected text of test object 'Object Repository/ShopOpen/ChillerUtilization/ChillerAvailable/Validate_ChillerProductsCategoriesScreen' are matched.

2018-08-09 18:37:30 - [TEST_STEP][PASSED] - tap: Tapped on element 'Object Repository/ShopOpen/ChillerUtilization/ChillerAvailable/ChillerProductsCategories_BackButton'

2018-08-09 18:37:30 - [MESSAGE][WARNING] - Timeout '0' is invalid. Using default page load timeout: '5'

2018-08-09 18:37:31 - [MESSAGE][PASSED] - Tapped on element 'Object Repository/ShopOpen/ChillerUtilization/ChillerAvailable/ChillerProductsCategories_BackButton'

2018-08-09 18:37:31 - [TEST_STEP][PASSED] - verifyElementText: Actual text and expected text of test object 'Object Repository/ShopOpen/ChillerUtilization/Validate_ChillerUtilizationScreen' are matched.

2018-08-09 18:37:32 - [MESSAGE][PASSED] - Actual text and expected text of test object 'Object Repository/ShopOpen/ChillerUtilization/Validate_ChillerUtilizationScreen' are matched.

2018-08-09 18:37:32 - [MESSAGE][PASSED] - Call Test Case 'Test Cases/ShopOpen/ChillerUtilization/ChillerAvailable/VisitChillerAvailable' successfully

2018-08-09 18:37:32 - [MESSAGE][PASSED] - Call Test Case 'Test Cases/ShopOpen/ChillerUtilization/ChillerNeedMaintenance/VisitChillerNeedMaintenance' successfully

2018-08-09 18:37:32 - [MESSAGE][PASSED] - com.ct.qa.keywords.ChillerVisitingScenariosKeywords.visitChillersTaggedInChillerUtilizationWithDataVerification is PASSED

2018-08-09 18:37:32 - [TEST_STEP][PASSED] - tap: Tapped on element 'Object Repository/ShopOpen/ChillerUtilization/ChillerUtilization_backButton'

2018-08-09 18:37:32 - [MESSAGE][WARNING] - Timeout '0' is invalid. Using default page load timeout: '5'

2018-08-09 18:37:32 - [MESSAGE][PASSED] - Tapped on element 'Object Repository/ShopOpen/ChillerUtilization/ChillerUtilization_backButton'

2018-08-09 18:37:32 - [TEST_STEP][PASSED] - verifyElementExist: Element 'Object Repository/ShopOpen/Validate_ShopCategoriesListScreen' is exist

2018-08-09 18:37:32 - [MESSAGE][WARNING] - Timeout '0' is invalid. Using default page load timeout: '5'

2018-08-09 18:37:35 - [MESSAGE][PASSED] - Element 'Object Repository/ShopOpen/Validate_ShopCategoriesListScreen' is exist

2018-08-09 18:37:35 - [MESSAGE][PASSED] - Call Test Case 'Test Cases/ShopOpen/ChillerUtilization/VisitChillerScenarios/VisitChillerUtilizationWithDataVerification' successfully

2018-08-09 18:37:35 - [TEST_CASE][PASSED] - Test Cases/ShopOpen/RemainingCategories/VisitRemainingCategoriesWithDSA: Test Cases/ShopOpen/RemainingCategories/VisitRemainingCategoriesWithDSA

2018-08-09 18:37:35 - [TEST_STEP][PASSED] - verifyElementText: Actual text and expected text of test object 'Object Repository/ShopOpen/RemainingCategories/Validate_RemainingCategoriesDetailScreen' are matched.

2018-08-09 18:37:38 - [MESSAGE][PASSED] - Actual text and expected text of test object 'Object Repository/ShopOpen/RemainingCategories/Validate_RemainingCategoriesDetailScreen' are matched.

2018-08-09 18:37:38 - [TEST_STEP][PASSED] - tap: Tapped on element 'Object Repository/ShopOpen/RemainingCategories/DisplaySpaceAvailable'

2018-08-09 18:37:38 - [MESSAGE][WARNING] - Timeout '0' is invalid. Using default page load timeout: '5'

2018-08-09 18:37:38 - [MESSAGE][PASSED] - Tapped on element 'Object Repository/ShopOpen/RemainingCategories/DisplaySpaceAvailable'

2018-08-09 18:37:38 - [TEST_STEP][PASSED] - verifyElementText: Actual text and expected text of test object 'Object Repository/ShopOpen/RemainingCategories/Validate_ProductCategoryAssetScreen' are matched.

2018-08-09 18:37:40 - [MESSAGE][PASSED] - Actual text and expected text of test object 'Object Repository/ShopOpen/RemainingCategories/Validate_ProductCategoryAssetScreen' are matched.

2018-08-09 18:37:40 - [TEST_STEP][PASSED] - tap: Tapped on element 'Object Repository/ShopOpen/RemainingCategories/Facing'

2018-08-09 18:37:40 - [MESSAGE][WARNING] - Timeout '0' is invalid. Using default page load timeout: '5'

2018-08-09 18:37:40 - [MESSAGE][PASSED] - Tapped on element 'Object Repository/ShopOpen/RemainingCategories/Facing'

2018-08-09 18:37:40 - [TEST_STEP][PASSED] - verifyElementText: Actual text and expected text of test object 'Object Repository/ShopOpen/RemainingCategories/Validate_FacingScreen' are matched.

2018-08-09 18:37:42 - [MESSAGE][PASSED] - Actual text and expected text of test object 'Object Repository/ShopOpen/RemainingCategories/Validate_FacingScreen' are matched.

2018-08-09 18:37:42 - [TEST_STEP][PASSED] - com.ct.qa.keywords.ChannelProductsDataKeywords.visitChannelWiseProductsData: com.ct.qa.keywords.ChannelProductsDataKeywords.visitChannelWiseProductsData is PASSED

2018-08-09 18:37:47 - [MESSAGE][PASSED] - Keyboard is hidden

2018-08-09 18:37:50 - [MESSAGE][PASSED] - Keyboard is hidden

2018-08-09 18:37:53 - [MESSAGE][PASSED] - Keyboard is hidden

2018-08-09 18:37:56 - [MESSAGE][PASSED] - Keyboard is hidden

2018-08-09 18:37:59 - [MESSAGE][PASSED] - Keyboard is hidden

2018-08-09 18:38:02 - [MESSAGE][PASSED] - Keyboard is hidden

2018-08-09 18:38:06 - [MESSAGE][PASSED] - Swiped from 50,359 to 50,250

2018-08-09 18:38:09 - [MESSAGE][PASSED] - Keyboard is hidden

2018-08-09 18:38:11 - [MESSAGE][PASSED] - Swiped from 50,359 to 50,250

2018-08-09 18:38:14 - [MESSAGE][PASSED] - Keyboard is hidden

2018-08-09 18:38:16 - [MESSAGE][PASSED] - Swiped from 50,359 to 50,250

2018-08-09 18:38:19 - [MESSAGE][PASSED] - Keyboard is hidden

2018-08-09 18:38:21 - [MESSAGE][PASSED] - Swiped from 50,359 to 50,250

2018-08-09 18:38:22 - [MESSAGE][PASSED] - com.ct.qa.keywords.ChannelProductsDataKeywords.visitChannelWiseProductsData is PASSED

2018-08-09 18:38:22 - [TEST_STEP][PASSED] - tap: Tapped on element 'Object Repository/ShopOpen/RemainingCategories/SubmitButton'

2018-08-09 18:38:22 - [MESSAGE][WARNING] - Timeout '0' is invalid. Using default page load timeout: '5'

2018-08-09 18:38:22 - [MESSAGE][PASSED] - Tapped on element 'Object Repository/ShopOpen/RemainingCategories/SubmitButton'

2018-08-09 18:38:22 - [TEST_STEP][PASSED] - verifyElementText: Actual text and expected text of test object 'Object Repository/ShopOpen/RemainingCategories/Validate_ProductCategoryAssetScreen' are matched.

2018-08-09 18:38:23 - [MESSAGE][PASSED] - Actual text and expected text of test object 'Object Repository/ShopOpen/RemainingCategories/Validate_ProductCategoryAssetScreen' are matched.

2018-08-09 18:38:23 - [TEST_STEP][PASSED] - tap: Tapped on element 'Object Repository/ShopOpen/RemainingCategories/StockTaking'

2018-08-09 18:38:23 - [MESSAGE][WARNING] - Timeout '0' is invalid. Using default page load timeout: '5'

2018-08-09 18:38:24 - [MESSAGE][PASSED] - Tapped on element 'Object Repository/ShopOpen/RemainingCategories/StockTaking'

2018-08-09 18:38:24 - [TEST_STEP][PASSED] - verifyElementText: Actual text and expected text of test object 'Object Repository/ShopOpen/RemainingCategories/Validate_StockTakingScreen' are matched.

2018-08-09 18:38:26 - [MESSAGE][PASSED] - Actual text and expected text of test object 'Object Repository/ShopOpen/RemainingCategories/Validate_StockTakingScreen' are matched.

2018-08-09 18:38:26 - [TEST_STEP][PASSED] - com.ct.qa.keywords.ChannelProductsDataKeywords.visitChannelWiseProductsData: com.ct.qa.keywords.ChannelProductsDataKeywords.visitChannelWiseProductsData is PASSED

2018-08-09 18:38:31 - [MESSAGE][PASSED] - Keyboard is hidden

2018-08-09 18:38:34 - [MESSAGE][PASSED] - Keyboard is hidden

2018-08-09 18:38:37 - [MESSAGE][PASSED] - Keyboard is hidden

2018-08-09 18:38:40 - [MESSAGE][PASSED] - Keyboard is hidden

2018-08-09 18:38:43 - [MESSAGE][PASSED] - Keyboard is hidden

2018-08-09 18:38:46 - [MESSAGE][PASSED] - Keyboard is hidden

2018-08-09 18:38:50 - [MESSAGE][PASSED] - Swiped from 50,359 to 50,250

2018-08-09 18:38:53 - [MESSAGE][PASSED] - Keyboard is hidden

2018-08-09 18:38:55 - [MESSAGE][PASSED] - Swiped from 50,359 to 50,250

2018-08-09 18:38:58 - [MESSAGE][PASSED] - Keyboard is hidden

2018-08-09 18:39:00 - [MESSAGE][PASSED] - Swiped from 50,359 to 50,250

2018-08-09 18:39:03 - [MESSAGE][PASSED] - Keyboard is hidden

2018-08-09 18:39:05 - [MESSAGE][PASSED] - Swiped from 50,359 to 50,250

2018-08-09 18:39:06 - [MESSAGE][PASSED] - com.ct.qa.keywords.ChannelProductsDataKeywords.visitChannelWiseProductsData is PASSED

2018-08-09 18:39:06 - [TEST_STEP][PASSED] - tap: Tapped on element 'Object Repository/ShopOpen/RemainingCategories/SubmitButton'

2018-08-09 18:39:06 - [MESSAGE][WARNING] - Timeout '0' is invalid. Using default page load timeout: '5'

2018-08-09 18:39:06 - [MESSAGE][PASSED] - Tapped on element 'Object Repository/ShopOpen/RemainingCategories/SubmitButton'

2018-08-09 18:39:06 - [TEST_STEP][PASSED] - verifyElementText: Actual text and expected text of test object 'Object Repository/ShopOpen/RemainingCategories/Validate_ProductCategoryAssetScreen' are matched.

2018-08-09 18:39:07 - [MESSAGE][PASSED] - Actual text and expected text of test object 'Object Repository/ShopOpen/RemainingCategories/Validate_ProductCategoryAssetScreen' are matched.

2018-08-09 18:39:07 - [TEST_STEP][PASSED] - tap: Tapped on element 'Object Repository/ShopOpen/RemainingCategories/planogram_ImageView'

2018-08-09 18:39:07 - [MESSAGE][WARNING] - Timeout '0' is invalid. Using default page load timeout: '5'

2018-08-09 18:39:08 - [MESSAGE][PASSED] - Tapped on element 'Object Repository/ShopOpen/RemainingCategories/planogram_ImageView'

2018-08-09 18:39:08 - [TEST_STEP][PASSED] - com.ct.qa.keywords.CommonKeywords.checkPlanogramAvailability: com.ct.qa.keywords.CommonKeywords.checkPlanogramAvailability is PASSED

2018-08-09 18:39:08 - [MESSAGE][WARNING] - Timeout '0' is invalid. Using default page load timeout: '5'

2018-08-09 18:39:14 - [MESSAGE][WARNING] - Object Object Repository/CommonScreenElements/InfoPopUp_OKButton not found
[[ATTACHMENT|F:\\Git Projects\\MMAPlus_Merchandising\\MMAPlus_Merchandising\\Reports\\MMA Plus Merchandising With Chiller Wise Data Verification\\20180809_164504\\1533821953733.png]]

2018-08-09 18:39:14 - [MESSAGE][PASSED] - com.ct.qa.keywords.CommonKeywords.checkPlanogramAvailability is PASSED

2018-08-09 18:39:14 - [TEST_STEP][PASSED] - com.ct.qa.keywords.CommonKeywords.closePlanogram: com.ct.qa.keywords.CommonKeywords.closePlanogram is PASSED

2018-08-09 18:39:15 - [MESSAGE][PASSED] - com.ct.qa.keywords.CommonKeywords.closePlanogram is PASSED

2018-08-09 18:39:15 - [TEST_STEP][PASSED] - verifyElementText: Actual text and expected text of test object 'Object Repository/ShopOpen/RemainingCategories/Validate_ProductCategoryAssetScreen' are matched.

2018-08-09 18:39:16 - [MESSAGE][PASSED] - Actual text and expected text of test object 'Object Repository/ShopOpen/RemainingCategories/Validate_ProductCategoryAssetScreen' are matched.

2018-08-09 18:39:16 - [TEST_STEP][PASSED] - com.ct.qa.keywords.CommonKeywords.findPictureImageView: com.ct.qa.keywords.CommonKeywords.findPictureImageView is PASSED

2018-08-09 18:39:16 - [MESSAGE][WARNING] - Timeout '0' is invalid. Using default page load timeout: '5'

2018-08-09 18:39:19 - [MESSAGE][PASSED] - Tapped on element 'Object Repository/CommonScreenElements/Picture_ImageView'

2018-08-09 18:39:19 - [MESSAGE][WARNING] - Timeout '0' is invalid. Using default page load timeout: '5'

2018-08-09 18:39:20 - [MESSAGE][PASSED] - Element 'Object Repository/CommonScreenElements/Validate_CameraScreen' is exist

2018-08-09 18:39:20 - [MESSAGE][WARNING] - Timeout '0' is invalid. Using default page load timeout: '5'

2018-08-09 18:39:23 - [MESSAGE][PASSED] - Tapped on element 'Object Repository/CommonScreenElements/TakePictureButton'

2018-08-09 18:39:28 - [MESSAGE][PASSED] - Delayed 5 second(s)

2018-08-09 18:39:28 - [MESSAGE][WARNING] - Timeout '0' is invalid. Using default page load timeout: '5'

2018-08-09 18:39:29 - [MESSAGE][PASSED] - Tapped on element 'Object Repository/CommonScreenElements/DoneButton'

2018-08-09 18:39:29 - [MESSAGE][PASSED] - com.ct.qa.keywords.CommonKeywords.findPictureImageView is PASSED

2018-08-09 18:39:29 - [TEST_STEP][PASSED] - verifyElementText: Actual text and expected text of test object 'Object Repository/ShopOpen/RemainingCategories/Validate_ProductCategoryAssetScreen' are matched.

2018-08-09 18:39:30 - [MESSAGE][PASSED] - Actual text and expected text of test object 'Object Repository/ShopOpen/RemainingCategories/Validate_ProductCategoryAssetScreen' are matched.

2018-08-09 18:39:30 - [TEST_STEP][PASSED] - tap: Tapped on element 'Object Repository/ShopOpen/RemainingCategories/ProductCategoryAsset_BackButton'

2018-08-09 18:39:30 - [MESSAGE][WARNING] - Timeout '0' is invalid. Using default page load timeout: '5'

2018-08-09 18:39:31 - [MESSAGE][PASSED] - Tapped on element 'Object Repository/ShopOpen/RemainingCategories/ProductCategoryAsset_BackButton'

2018-08-09 18:39:31 - [TEST_STEP][PASSED] - verifyElementExist: Element 'Object Repository/ShopOpen/Validate_ShopCategoriesListScreen' is exist

2018-08-09 18:39:31 - [MESSAGE][WARNING] - Timeout '0' is invalid. Using default page load timeout: '5'

2018-08-09 18:39:33 - [MESSAGE][PASSED] - Element 'Object Repository/ShopOpen/Validate_ShopCategoriesListScreen' is exist

2018-08-09 18:39:33 - [MESSAGE][PASSED] - Call Test Case 'Test Cases/ShopOpen/RemainingCategories/VisitRemainingCategoriesWithDSA' successfully

2018-08-09 18:39:33 - [TEST_CASE][PASSED] - Test Cases/ShopOpen/RemainingCategories/VisitRemainingCategoriesWithDSA: Test Cases/ShopOpen/RemainingCategories/VisitRemainingCategoriesWithDSA

2018-08-09 18:39:33 - [TEST_STEP][PASSED] - verifyElementText: Actual text and expected text of test object 'Object Repository/ShopOpen/RemainingCategories/Validate_RemainingCategoriesDetailScreen' are matched.

2018-08-09 18:39:36 - [MESSAGE][PASSED] - Actual text and expected text of test object 'Object Repository/ShopOpen/RemainingCategories/Validate_RemainingCategoriesDetailScreen' are matched.

2018-08-09 18:39:36 - [TEST_STEP][PASSED] - tap: Tapped on element 'Object Repository/ShopOpen/RemainingCategories/DisplaySpaceAvailable'

2018-08-09 18:39:36 - [MESSAGE][WARNING] - Timeout '0' is invalid. Using default page load timeout: '5'

2018-08-09 18:39:36 - [MESSAGE][PASSED] - Tapped on element 'Object Repository/ShopOpen/RemainingCategories/DisplaySpaceAvailable'

2018-08-09 18:39:36 - [TEST_STEP][PASSED] - verifyElementText: Actual text and expected text of test object 'Object Repository/ShopOpen/RemainingCategories/Validate_ProductCategoryAssetScreen' are matched.

2018-08-09 18:39:38 - [MESSAGE][PASSED] - Actual text and expected text of test object 'Object Repository/ShopOpen/RemainingCategories/Validate_ProductCategoryAssetScreen' are matched.

2018-08-09 18:39:38 - [TEST_STEP][PASSED] - tap: Tapped on element 'Object Repository/ShopOpen/RemainingCategories/Facing'

2018-08-09 18:39:38 - [MESSAGE][WARNING] - Timeout '0' is invalid. Using default page load timeout: '5'

2018-08-09 18:39:38 - [MESSAGE][PASSED] - Tapped on element 'Object Repository/ShopOpen/RemainingCategories/Facing'

2018-08-09 18:39:38 - [TEST_STEP][PASSED] - verifyElementText: Actual text and expected text of test object 'Object Repository/ShopOpen/RemainingCategories/Validate_FacingScreen' are matched.

2018-08-09 18:39:40 - [MESSAGE][PASSED] - Actual text and expected text of test object 'Object Repository/ShopOpen/RemainingCategories/Validate_FacingScreen' are matched.

2018-08-09 18:39:40 - [TEST_STEP][PASSED] - com.ct.qa.keywords.ChannelProductsDataKeywords.visitChannelWiseProductsData: com.ct.qa.keywords.ChannelProductsDataKeywords.visitChannelWiseProductsData is PASSED

2018-08-09 18:39:44 - [MESSAGE][PASSED] - Keyboard is hidden

2018-08-09 18:39:47 - [MESSAGE][PASSED] - Keyboard is hidden

2018-08-09 18:39:50 - [MESSAGE][PASSED] - Keyboard is hidden

2018-08-09 18:39:53 - [MESSAGE][PASSED] - Keyboard is hidden

2018-08-09 18:39:54 - [MESSAGE][PASSED] - com.ct.qa.keywords.ChannelProductsDataKeywords.visitChannelWiseProductsData is PASSED

2018-08-09 18:39:54 - [TEST_STEP][PASSED] - tap: Tapped on element 'Object Repository/ShopOpen/RemainingCategories/SubmitButton'

2018-08-09 18:39:54 - [MESSAGE][WARNING] - Timeout '0' is invalid. Using default page load timeout: '5'

2018-08-09 18:39:55 - [MESSAGE][PASSED] - Tapped on element 'Object Repository/ShopOpen/RemainingCategories/SubmitButton'

2018-08-09 18:39:55 - [TEST_STEP][PASSED] - verifyElementText: Actual text and expected text of test object 'Object Repository/ShopOpen/RemainingCategories/Validate_ProductCategoryAssetScreen' are matched.

2018-08-09 18:39:56 - [MESSAGE][PASSED] - Actual text and expected text of test object 'Object Repository/ShopOpen/RemainingCategories/Validate_ProductCategoryAssetScreen' are matched.

2018-08-09 18:39:56 - [TEST_STEP][PASSED] - tap: Tapped on element 'Object Repository/ShopOpen/RemainingCategories/StockTaking'

2018-08-09 18:39:56 - [MESSAGE][WARNING] - Timeout '0' is invalid. Using default page load timeout: '5'

2018-08-09 18:39:56 - [MESSAGE][PASSED] - Tapped on element 'Object Repository/ShopOpen/RemainingCategories/StockTaking'

2018-08-09 18:39:56 - [TEST_STEP][PASSED] - verifyElementText: Actual text and expected text of test object 'Object Repository/ShopOpen/RemainingCategories/Validate_StockTakingScreen' are matched.

2018-08-09 18:39:58 - [MESSAGE][PASSED] - Actual text and expected text of test object 'Object Repository/ShopOpen/RemainingCategories/Validate_StockTakingScreen' are matched.

2018-08-09 18:39:58 - [TEST_STEP][PASSED] - com.ct.qa.keywords.ChannelProductsDataKeywords.visitChannelWiseProductsData: com.ct.qa.keywords.ChannelProductsDataKeywords.visitChannelWiseProductsData is PASSED

2018-08-09 18:40:03 - [MESSAGE][PASSED] - Keyboard is hidden

2018-08-09 18:40:06 - [MESSAGE][PASSED] - Keyboard is hidden

2018-08-09 18:40:09 - [MESSAGE][PASSED] - Keyboard is hidden

2018-08-09 18:40:12 - [MESSAGE][PASSED] - Keyboard is hidden

2018-08-09 18:40:13 - [MESSAGE][PASSED] - com.ct.qa.keywords.ChannelProductsDataKeywords.visitChannelWiseProductsData is PASSED

2018-08-09 18:40:13 - [TEST_STEP][PASSED] - tap: Tapped on element 'Object Repository/ShopOpen/RemainingCategories/SubmitButton'

2018-08-09 18:40:13 - [MESSAGE][WARNING] - Timeout '0' is invalid. Using default page load timeout: '5'

2018-08-09 18:40:14 - [MESSAGE][PASSED] - Tapped on element 'Object Repository/ShopOpen/RemainingCategories/SubmitButton'

2018-08-09 18:40:14 - [TEST_STEP][PASSED] - verifyElementText: Actual text and expected text of test object 'Object Repository/ShopOpen/RemainingCategories/Validate_ProductCategoryAssetScreen' are matched.

2018-08-09 18:40:15 - [MESSAGE][PASSED] - Actual text and expected text of test object 'Object Repository/ShopOpen/RemainingCategories/Validate_ProductCategoryAssetScreen' are matched.

2018-08-09 18:40:15 - [TEST_STEP][PASSED] - tap: Tapped on element 'Object Repository/ShopOpen/RemainingCategories/planogram_ImageView'

2018-08-09 18:40:15 - [MESSAGE][WARNING] - Timeout '0' is invalid. Using default page load timeout: '5'

2018-08-09 18:40:15 - [MESSAGE][PASSED] - Tapped on element 'Object Repository/ShopOpen/RemainingCategories/planogram_ImageView'

2018-08-09 18:40:15 - [TEST_STEP][PASSED] - com.ct.qa.keywords.CommonKeywords.checkPlanogramAvailability: com.ct.qa.keywords.CommonKeywords.checkPlanogramAvailability is PASSED

2018-08-09 18:40:15 - [MESSAGE][WARNING] - Timeout '0' is invalid. Using default page load timeout: '5'

2018-08-09 18:40:21 - [MESSAGE][WARNING] - Object Object Repository/CommonScreenElements/InfoPopUp_OKButton not found
[[ATTACHMENT|F:\\Git Projects\\MMAPlus_Merchandising\\MMAPlus_Merchandising\\Reports\\MMA Plus Merchandising With Chiller Wise Data Verification\\20180809_164504\\1533822020786.png]]

2018-08-09 18:40:21 - [MESSAGE][PASSED] - com.ct.qa.keywords.CommonKeywords.checkPlanogramAvailability is PASSED

2018-08-09 18:40:21 - [TEST_STEP][PASSED] - com.ct.qa.keywords.CommonKeywords.closePlanogram: com.ct.qa.keywords.CommonKeywords.closePlanogram is PASSED

2018-08-09 18:40:22 - [MESSAGE][PASSED] - com.ct.qa.keywords.CommonKeywords.closePlanogram is PASSED

2018-08-09 18:40:22 - [TEST_STEP][PASSED] - verifyElementText: Actual text and expected text of test object 'Object Repository/ShopOpen/RemainingCategories/Validate_ProductCategoryAssetScreen' are matched.

2018-08-09 18:40:23 - [MESSAGE][PASSED] - Actual text and expected text of test object 'Object Repository/ShopOpen/RemainingCategories/Validate_ProductCategoryAssetScreen' are matched.

2018-08-09 18:40:23 - [TEST_STEP][PASSED] - com.ct.qa.keywords.CommonKeywords.findPictureImageView: com.ct.qa.keywords.CommonKeywords.findPictureImageView is PASSED

2018-08-09 18:40:23 - [MESSAGE][WARNING] - Timeout '0' is invalid. Using default page load timeout: '5'

2018-08-09 18:40:25 - [MESSAGE][PASSED] - Tapped on element 'Object Repository/CommonScreenElements/Picture_ImageView'

2018-08-09 18:40:25 - [MESSAGE][WARNING] - Timeout '0' is invalid. Using default page load timeout: '5'

2018-08-09 18:40:26 - [MESSAGE][PASSED] - Element 'Object Repository/CommonScreenElements/Validate_CameraScreen' is exist

2018-08-09 18:40:26 - [MESSAGE][WARNING] - Timeout '0' is invalid. Using default page load timeout: '5'

2018-08-09 18:40:30 - [MESSAGE][PASSED] - Tapped on element 'Object Repository/CommonScreenElements/TakePictureButton'

2018-08-09 18:40:35 - [MESSAGE][PASSED] - Delayed 5 second(s)

2018-08-09 18:40:35 - [MESSAGE][WARNING] - Timeout '0' is invalid. Using default page load timeout: '5'

2018-08-09 18:40:35 - [MESSAGE][PASSED] - Tapped on element 'Object Repository/CommonScreenElements/DoneButton'

2018-08-09 18:40:35 - [MESSAGE][PASSED] - com.ct.qa.keywords.CommonKeywords.findPictureImageView is PASSED

2018-08-09 18:40:35 - [TEST_STEP][PASSED] - verifyElementText: Actual text and expected text of test object 'Object Repository/ShopOpen/RemainingCategories/Validate_ProductCategoryAssetScreen' are matched.

2018-08-09 18:40:36 - [MESSAGE][PASSED] - Actual text and expected text of test object 'Object Repository/ShopOpen/RemainingCategories/Validate_ProductCategoryAssetScreen' are matched.

2018-08-09 18:40:36 - [TEST_STEP][PASSED] - tap: Tapped on element 'Object Repository/ShopOpen/RemainingCategories/ProductCategoryAsset_BackButton'

2018-08-09 18:40:36 - [MESSAGE][WARNING] - Timeout '0' is invalid. Using default page load timeout: '5'

2018-08-09 18:40:36 - [MESSAGE][PASSED] - Tapped on element 'Object Repository/ShopOpen/RemainingCategories/ProductCategoryAsset_BackButton'

2018-08-09 18:40:36 - [TEST_STEP][PASSED] - verifyElementExist: Element 'Object Repository/ShopOpen/Validate_ShopCategoriesListScreen' is exist

2018-08-09 18:40:36 - [MESSAGE][WARNING] - Timeout '0' is invalid. Using default page load timeout: '5'

2018-08-09 18:40:38 - [MESSAGE][PASSED] - Element 'Object Repository/ShopOpen/Validate_ShopCategoriesListScreen' is exist

2018-08-09 18:40:38 - [MESSAGE][PASSED] - Call Test Case 'Test Cases/ShopOpen/RemainingCategories/VisitRemainingCategoriesWithDSA' successfully

2018-08-09 18:40:38 - [TEST_CASE][PASSED] - Test Cases/ShopOpen/RemainingCategories/VisitRemainingCategoriesWithDSA: Test Cases/ShopOpen/RemainingCategories/VisitRemainingCategoriesWithDSA

2018-08-09 18:40:38 - [TEST_STEP][PASSED] - verifyElementText: Actual text and expected text of test object 'Object Repository/ShopOpen/RemainingCategories/Validate_RemainingCategoriesDetailScreen' are matched.

2018-08-09 18:40:41 - [MESSAGE][PASSED] - Actual text and expected text of test object 'Object Repository/ShopOpen/RemainingCategories/Validate_RemainingCategoriesDetailScreen' are matched.

2018-08-09 18:40:41 - [TEST_STEP][PASSED] - tap: Tapped on element 'Object Repository/ShopOpen/RemainingCategories/DisplaySpaceAvailable'

2018-08-09 18:40:41 - [MESSAGE][WARNING] - Timeout '0' is invalid. Using default page load timeout: '5'

2018-08-09 18:40:41 - [MESSAGE][PASSED] - Tapped on element 'Object Repository/ShopOpen/RemainingCategories/DisplaySpaceAvailable'

2018-08-09 18:40:41 - [TEST_STEP][PASSED] - verifyElementText: Actual text and expected text of test object 'Object Repository/ShopOpen/RemainingCategories/Validate_ProductCategoryAssetScreen' are matched.

2018-08-09 18:40:43 - [MESSAGE][PASSED] - Actual text and expected text of test object 'Object Repository/ShopOpen/RemainingCategories/Validate_ProductCategoryAssetScreen' are matched.

2018-08-09 18:40:43 - [TEST_STEP][PASSED] - tap: Tapped on element 'Object Repository/ShopOpen/RemainingCategories/Facing'

2018-08-09 18:40:43 - [MESSAGE][WARNING] - Timeout '0' is invalid. Using default page load timeout: '5'

2018-08-09 18:40:43 - [MESSAGE][PASSED] - Tapped on element 'Object Repository/ShopOpen/RemainingCategories/Facing'

2018-08-09 18:40:43 - [TEST_STEP][PASSED] - verifyElementText: Actual text and expected text of test object 'Object Repository/ShopOpen/RemainingCategories/Validate_FacingScreen' are matched.

2018-08-09 18:40:45 - [MESSAGE][PASSED] - Actual text and expected text of test object 'Object Repository/ShopOpen/RemainingCategories/Validate_FacingScreen' are matched.

2018-08-09 18:40:45 - [TEST_STEP][PASSED] - com.ct.qa.keywords.ChannelProductsDataKeywords.visitChannelWiseProductsData: com.ct.qa.keywords.ChannelProductsDataKeywords.visitChannelWiseProductsData is PASSED

2018-08-09 18:40:48 - [MESSAGE][PASSED] - Keyboard is hidden

2018-08-09 18:40:51 - [MESSAGE][PASSED] - Keyboard is hidden

2018-08-09 18:40:52 - [MESSAGE][PASSED] - com.ct.qa.keywords.ChannelProductsDataKeywords.visitChannelWiseProductsData is PASSED

2018-08-09 18:40:52 - [TEST_STEP][PASSED] - tap: Tapped on element 'Object Repository/ShopOpen/RemainingCategories/SubmitButton'

2018-08-09 18:40:52 - [MESSAGE][WARNING] - Timeout '0' is invalid. Using default page load timeout: '5'

2018-08-09 18:40:53 - [MESSAGE][PASSED] - Tapped on element 'Object Repository/ShopOpen/RemainingCategories/SubmitButton'

2018-08-09 18:40:53 - [TEST_STEP][PASSED] - verifyElementText: Actual text and expected text of test object 'Object Repository/ShopOpen/RemainingCategories/Validate_ProductCategoryAssetScreen' are matched.

2018-08-09 18:40:54 - [MESSAGE][PASSED] - Actual text and expected text of test object 'Object Repository/ShopOpen/RemainingCategories/Validate_ProductCategoryAssetScreen' are matched.

2018-08-09 18:40:54 - [TEST_STEP][PASSED] - tap: Tapped on element 'Object Repository/ShopOpen/RemainingCategories/StockTaking'

2018-08-09 18:40:54 - [MESSAGE][WARNING] - Timeout '0' is invalid. Using default page load timeout: '5'

2018-08-09 18:40:54 - [MESSAGE][PASSED] - Tapped on element 'Object Repository/ShopOpen/RemainingCategories/StockTaking'

2018-08-09 18:40:54 - [TEST_STEP][PASSED] - verifyElementText: Actual text and expected text of test object 'Object Repository/ShopOpen/RemainingCategories/Validate_StockTakingScreen' are matched.

2018-08-09 18:40:56 - [MESSAGE][PASSED] - Actual text and expected text of test object 'Object Repository/ShopOpen/RemainingCategories/Validate_StockTakingScreen' are matched.

2018-08-09 18:40:56 - [TEST_STEP][PASSED] - com.ct.qa.keywords.ChannelProductsDataKeywords.visitChannelWiseProductsData: com.ct.qa.keywords.ChannelProductsDataKeywords.visitChannelWiseProductsData is PASSED

2018-08-09 18:40:59 - [MESSAGE][PASSED] - Keyboard is hidden

2018-08-09 18:41:02 - [MESSAGE][PASSED] - Keyboard is hidden

2018-08-09 18:41:03 - [MESSAGE][PASSED] - com.ct.qa.keywords.ChannelProductsDataKeywords.visitChannelWiseProductsData is PASSED

2018-08-09 18:41:03 - [TEST_STEP][PASSED] - tap: Tapped on element 'Object Repository/ShopOpen/RemainingCategories/SubmitButton'

2018-08-09 18:41:03 - [MESSAGE][WARNING] - Timeout '0' is invalid. Using default page load timeout: '5'

2018-08-09 18:41:04 - [MESSAGE][PASSED] - Tapped on element 'Object Repository/ShopOpen/RemainingCategories/SubmitButton'

2018-08-09 18:41:04 - [TEST_STEP][PASSED] - verifyElementText: Actual text and expected text of test object 'Object Repository/ShopOpen/RemainingCategories/Validate_ProductCategoryAssetScreen' are matched.

2018-08-09 18:41:04 - [MESSAGE][PASSED] - Actual text and expected text of test object 'Object Repository/ShopOpen/RemainingCategories/Validate_ProductCategoryAssetScreen' are matched.

2018-08-09 18:41:04 - [TEST_STEP][PASSED] - tap: Tapped on element 'Object Repository/ShopOpen/RemainingCategories/planogram_ImageView'

2018-08-09 18:41:04 - [MESSAGE][WARNING] - Timeout '0' is invalid. Using default page load timeout: '5'

2018-08-09 18:41:05 - [MESSAGE][PASSED] - Tapped on element 'Object Repository/ShopOpen/RemainingCategories/planogram_ImageView'

2018-08-09 18:41:05 - [TEST_STEP][PASSED] - com.ct.qa.keywords.CommonKeywords.checkPlanogramAvailability: com.ct.qa.keywords.CommonKeywords.checkPlanogramAvailability is PASSED

2018-08-09 18:41:05 - [MESSAGE][WARNING] - Timeout '0' is invalid. Using default page load timeout: '5'

2018-08-09 18:41:07 - [MESSAGE][PASSED] - Tapped on element 'Object Repository/CommonScreenElements/InfoPopUp_OKButton'

2018-08-09 18:41:07 - [MESSAGE][PASSED] - com.ct.qa.keywords.CommonKeywords.checkPlanogramAvailability is PASSED

2018-08-09 18:41:07 - [TEST_STEP][PASSED] - com.ct.qa.keywords.CommonKeywords.closePlanogram: com.ct.qa.keywords.CommonKeywords.closePlanogram is PASSED

2018-08-09 18:41:08 - [MESSAGE][PASSED] - com.ct.qa.keywords.CommonKeywords.closePlanogram is PASSED

2018-08-09 18:41:08 - [TEST_STEP][PASSED] - verifyElementText: Actual text and expected text of test object 'Object Repository/ShopOpen/RemainingCategories/Validate_ProductCategoryAssetScreen' are matched.

2018-08-09 18:41:09 - [MESSAGE][PASSED] - Actual text and expected text of test object 'Object Repository/ShopOpen/RemainingCategories/Validate_ProductCategoryAssetScreen' are matched.

2018-08-09 18:41:09 - [TEST_STEP][PASSED] - com.ct.qa.keywords.CommonKeywords.findPictureImageView: com.ct.qa.keywords.CommonKeywords.findPictureImageView is PASSED

2018-08-09 18:41:09 - [MESSAGE][WARNING] - Timeout '0' is invalid. Using default page load timeout: '5'

2018-08-09 18:41:12 - [MESSAGE][PASSED] - Tapped on element 'Object Repository/CommonScreenElements/Picture_ImageView'

2018-08-09 18:41:12 - [MESSAGE][WARNING] - Timeout '0' is invalid. Using default page load timeout: '5'

2018-08-09 18:41:13 - [MESSAGE][PASSED] - Element 'Object Repository/CommonScreenElements/Validate_CameraScreen' is exist

2018-08-09 18:41:13 - [MESSAGE][WARNING] - Timeout '0' is invalid. Using default page load timeout: '5'

2018-08-09 18:41:16 - [MESSAGE][PASSED] - Tapped on element 'Object Repository/CommonScreenElements/TakePictureButton'

2018-08-09 18:41:21 - [MESSAGE][PASSED] - Delayed 5 second(s)

2018-08-09 18:41:21 - [MESSAGE][WARNING] - Timeout '0' is invalid. Using default page load timeout: '5'

2018-08-09 18:41:22 - [MESSAGE][PASSED] - Tapped on element 'Object Repository/CommonScreenElements/DoneButton'

2018-08-09 18:41:22 - [MESSAGE][PASSED] - com.ct.qa.keywords.CommonKeywords.findPictureImageView is PASSED

2018-08-09 18:41:22 - [TEST_STEP][PASSED] - verifyElementText: Actual text and expected text of test object 'Object Repository/ShopOpen/RemainingCategories/Validate_ProductCategoryAssetScreen' are matched.

2018-08-09 18:41:23 - [MESSAGE][PASSED] - Actual text and expected text of test object 'Object Repository/ShopOpen/RemainingCategories/Validate_ProductCategoryAssetScreen' are matched.

2018-08-09 18:41:23 - [TEST_STEP][PASSED] - tap: Tapped on element 'Object Repository/ShopOpen/RemainingCategories/ProductCategoryAsset_BackButton'

2018-08-09 18:41:23 - [MESSAGE][WARNING] - Timeout '0' is invalid. Using default page load timeout: '5'

2018-08-09 18:41:23 - [MESSAGE][PASSED] - Tapped on element 'Object Repository/ShopOpen/RemainingCategories/ProductCategoryAsset_BackButton'

2018-08-09 18:41:23 - [TEST_STEP][PASSED] - verifyElementExist: Element 'Object Repository/ShopOpen/Validate_ShopCategoriesListScreen' is exist

2018-08-09 18:41:23 - [MESSAGE][WARNING] - Timeout '0' is invalid. Using default page load timeout: '5'

2018-08-09 18:41:26 - [MESSAGE][PASSED] - Element 'Object Repository/ShopOpen/Validate_ShopCategoriesListScreen' is exist

2018-08-09 18:41:26 - [MESSAGE][PASSED] - Call Test Case 'Test Cases/ShopOpen/RemainingCategories/VisitRemainingCategoriesWithDSA' successfully

2018-08-09 18:41:26 - [TEST_CASE][PASSED] - Test Cases/ShopOpen/RemainingCategories/VisitRemainingCategoriesWithDSA: Test Cases/ShopOpen/RemainingCategories/VisitRemainingCategoriesWithDSA

2018-08-09 18:41:26 - [TEST_STEP][PASSED] - verifyElementText: Actual text and expected text of test object 'Object Repository/ShopOpen/RemainingCategories/Validate_RemainingCategoriesDetailScreen' are matched.

2018-08-09 18:41:29 - [MESSAGE][PASSED] - Actual text and expected text of test object 'Object Repository/ShopOpen/RemainingCategories/Validate_RemainingCategoriesDetailScreen' are matched.

2018-08-09 18:41:29 - [TEST_STEP][PASSED] - tap: Tapped on element 'Object Repository/ShopOpen/RemainingCategories/DisplaySpaceAvailable'

2018-08-09 18:41:29 - [MESSAGE][WARNING] - Timeout '0' is invalid. Using default page load timeout: '5'

2018-08-09 18:41:29 - [MESSAGE][PASSED] - Tapped on element 'Object Repository/ShopOpen/RemainingCategories/DisplaySpaceAvailable'

2018-08-09 18:41:29 - [TEST_STEP][PASSED] - verifyElementText: Actual text and expected text of test object 'Object Repository/ShopOpen/RemainingCategories/Validate_ProductCategoryAssetScreen' are matched.

2018-08-09 18:41:32 - [MESSAGE][PASSED] - Actual text and expected text of test object 'Object Repository/ShopOpen/RemainingCategories/Validate_ProductCategoryAssetScreen' are matched.

2018-08-09 18:41:32 - [TEST_STEP][PASSED] - tap: Tapped on element 'Object Repository/ShopOpen/RemainingCategories/Facing'

2018-08-09 18:41:32 - [MESSAGE][WARNING] - Timeout '0' is invalid. Using default page load timeout: '5'

2018-08-09 18:41:32 - [MESSAGE][PASSED] - Tapped on element 'Object Repository/ShopOpen/RemainingCategories/Facing'

2018-08-09 18:41:32 - [TEST_STEP][PASSED] - verifyElementText: Actual text and expected text of test object 'Object Repository/ShopOpen/RemainingCategories/Validate_FacingScreen' are matched.

2018-08-09 18:41:34 - [MESSAGE][PASSED] - Actual text and expected text of test object 'Object Repository/ShopOpen/RemainingCategories/Validate_FacingScreen' are matched.

2018-08-09 18:41:34 - [TEST_STEP][PASSED] - com.ct.qa.keywords.ChannelProductsDataKeywords.visitChannelWiseProductsData: com.ct.qa.keywords.ChannelProductsDataKeywords.visitChannelWiseProductsData is PASSED

2018-08-09 18:41:38 - [MESSAGE][PASSED] - Keyboard is hidden

2018-08-09 18:41:41 - [MESSAGE][PASSED] - Keyboard is hidden

2018-08-09 18:41:44 - [MESSAGE][PASSED] - Keyboard is hidden

2018-08-09 18:41:45 - [MESSAGE][PASSED] - com.ct.qa.keywords.ChannelProductsDataKeywords.visitChannelWiseProductsData is PASSED

2018-08-09 18:41:45 - [TEST_STEP][PASSED] - tap: Tapped on element 'Object Repository/ShopOpen/RemainingCategories/SubmitButton'

2018-08-09 18:41:45 - [MESSAGE][WARNING] - Timeout '0' is invalid. Using default page load timeout: '5'

2018-08-09 18:41:46 - [MESSAGE][PASSED] - Tapped on element 'Object Repository/ShopOpen/RemainingCategories/SubmitButton'

2018-08-09 18:41:46 - [TEST_STEP][PASSED] - verifyElementText: Actual text and expected text of test object 'Object Repository/ShopOpen/RemainingCategories/Validate_ProductCategoryAssetScreen' are matched.

2018-08-09 18:41:47 - [MESSAGE][PASSED] - Actual text and expected text of test object 'Object Repository/ShopOpen/RemainingCategories/Validate_ProductCategoryAssetScreen' are matched.

2018-08-09 18:41:47 - [TEST_STEP][PASSED] - tap: Tapped on element 'Object Repository/ShopOpen/RemainingCategories/StockTaking'

2018-08-09 18:41:47 - [MESSAGE][WARNING] - Timeout '0' is invalid. Using default page load timeout: '5'

2018-08-09 18:41:47 - [MESSAGE][PASSED] - Tapped on element 'Object Repository/ShopOpen/RemainingCategories/StockTaking'

2018-08-09 18:41:47 - [TEST_STEP][PASSED] - verifyElementText: Actual text and expected text of test object 'Object Repository/ShopOpen/RemainingCategories/Validate_StockTakingScreen' are matched.

2018-08-09 18:41:49 - [MESSAGE][PASSED] - Actual text and expected text of test object 'Object Repository/ShopOpen/RemainingCategories/Validate_StockTakingScreen' are matched.

2018-08-09 18:41:49 - [TEST_STEP][PASSED] - com.ct.qa.keywords.ChannelProductsDataKeywords.visitChannelWiseProductsData: com.ct.qa.keywords.ChannelProductsDataKeywords.visitChannelWiseProductsData is PASSED

2018-08-09 18:41:53 - [MESSAGE][PASSED] - Keyboard is hidden

2018-08-09 18:41:56 - [MESSAGE][PASSED] - Keyboard is hidden

2018-08-09 18:41:59 - [MESSAGE][PASSED] - Keyboard is hidden

2018-08-09 18:42:01 - [MESSAGE][PASSED] - com.ct.qa.keywords.ChannelProductsDataKeywords.visitChannelWiseProductsData is PASSED

2018-08-09 18:42:01 - [TEST_STEP][PASSED] - tap: Tapped on element 'Object Repository/ShopOpen/RemainingCategories/SubmitButton'

2018-08-09 18:42:01 - [MESSAGE][WARNING] - Timeout '0' is invalid. Using default page load timeout: '5'

2018-08-09 18:42:01 - [MESSAGE][PASSED] - Tapped on element 'Object Repository/ShopOpen/RemainingCategories/SubmitButton'

2018-08-09 18:42:01 - [TEST_STEP][PASSED] - verifyElementText: Actual text and expected text of test object 'Object Repository/ShopOpen/RemainingCategories/Validate_ProductCategoryAssetScreen' are matched.

2018-08-09 18:42:03 - [MESSAGE][PASSED] - Actual text and expected text of test object 'Object Repository/ShopOpen/RemainingCategories/Validate_ProductCategoryAssetScreen' are matched.

2018-08-09 18:42:03 - [TEST_STEP][PASSED] - tap: Tapped on element 'Object Repository/ShopOpen/RemainingCategories/planogram_ImageView'

2018-08-09 18:42:03 - [MESSAGE][WARNING] - Timeout '0' is invalid. Using default page load timeout: '5'

2018-08-09 18:42:03 - [MESSAGE][PASSED] - Tapped on element 'Object Repository/ShopOpen/RemainingCategories/planogram_ImageView'

2018-08-09 18:42:03 - [TEST_STEP][PASSED] - com.ct.qa.keywords.CommonKeywords.checkPlanogramAvailability: com.ct.qa.keywords.CommonKeywords.checkPlanogramAvailability is PASSED

2018-08-09 18:42:03 - [MESSAGE][WARNING] - Timeout '0' is invalid. Using default page load timeout: '5'

2018-08-09 18:42:09 - [MESSAGE][WARNING] - Object Object Repository/CommonScreenElements/InfoPopUp_OKButton not found
[[ATTACHMENT|F:\\Git Projects\\MMAPlus_Merchandising\\MMAPlus_Merchandising\\Reports\\MMA Plus Merchandising With Chiller Wise Data Verification\\20180809_164504\\1533822128782.png]]

2018-08-09 18:42:09 - [MESSAGE][PASSED] - com.ct.qa.keywords.CommonKeywords.checkPlanogramAvailability is PASSED

2018-08-09 18:42:09 - [TEST_STEP][PASSED] - com.ct.qa.keywords.CommonKeywords.closePlanogram: com.ct.qa.keywords.CommonKeywords.closePlanogram is PASSED

2018-08-09 18:42:10 - [MESSAGE][PASSED] - com.ct.qa.keywords.CommonKeywords.closePlanogram is PASSED

2018-08-09 18:42:10 - [TEST_STEP][PASSED] - verifyElementText: Actual text and expected text of test object 'Object Repository/ShopOpen/RemainingCategories/Validate_ProductCategoryAssetScreen' are matched.

2018-08-09 18:42:11 - [MESSAGE][PASSED] - Actual text and expected text of test object 'Object Repository/ShopOpen/RemainingCategories/Validate_ProductCategoryAssetScreen' are matched.

2018-08-09 18:42:11 - [TEST_STEP][PASSED] - com.ct.qa.keywords.CommonKeywords.findPictureImageView: com.ct.qa.keywords.CommonKeywords.findPictureImageView is PASSED

2018-08-09 18:42:11 - [MESSAGE][WARNING] - Timeout '0' is invalid. Using default page load timeout: '5'

2018-08-09 18:42:13 - [MESSAGE][PASSED] - Tapped on element 'Object Repository/CommonScreenElements/Picture_ImageView'

2018-08-09 18:42:13 - [MESSAGE][WARNING] - Timeout '0' is invalid. Using default page load timeout: '5'

2018-08-09 18:42:14 - [MESSAGE][PASSED] - Element 'Object Repository/CommonScreenElements/Validate_CameraScreen' is exist

2018-08-09 18:42:14 - [MESSAGE][WARNING] - Timeout '0' is invalid. Using default page load timeout: '5'

2018-08-09 18:42:18 - [MESSAGE][PASSED] - Tapped on element 'Object Repository/CommonScreenElements/TakePictureButton'

2018-08-09 18:42:23 - [MESSAGE][PASSED] - Delayed 5 second(s)

2018-08-09 18:42:23 - [MESSAGE][WARNING] - Timeout '0' is invalid. Using default page load timeout: '5'

2018-08-09 18:42:23 - [MESSAGE][PASSED] - Tapped on element 'Object Repository/CommonScreenElements/DoneButton'

2018-08-09 18:42:23 - [MESSAGE][PASSED] - com.ct.qa.keywords.CommonKeywords.findPictureImageView is PASSED

2018-08-09 18:42:23 - [TEST_STEP][PASSED] - verifyElementText: Actual text and expected text of test object 'Object Repository/ShopOpen/RemainingCategories/Validate_ProductCategoryAssetScreen' are matched.

2018-08-09 18:42:24 - [MESSAGE][PASSED] - Actual text and expected text of test object 'Object Repository/ShopOpen/RemainingCategories/Validate_ProductCategoryAssetScreen' are matched.

2018-08-09 18:42:24 - [TEST_STEP][PASSED] - tap: Tapped on element 'Object Repository/ShopOpen/RemainingCategories/ProductCategoryAsset_BackButton'

2018-08-09 18:42:24 - [MESSAGE][WARNING] - Timeout '0' is invalid. Using default page load timeout: '5'

2018-08-09 18:42:24 - [MESSAGE][PASSED] - Tapped on element 'Object Repository/ShopOpen/RemainingCategories/ProductCategoryAsset_BackButton'

2018-08-09 18:42:24 - [TEST_STEP][PASSED] - verifyElementExist: Element 'Object Repository/ShopOpen/Validate_ShopCategoriesListScreen' is exist

2018-08-09 18:42:24 - [MESSAGE][WARNING] - Timeout '0' is invalid. Using default page load timeout: '5'

2018-08-09 18:42:26 - [MESSAGE][PASSED] - Element 'Object Repository/ShopOpen/Validate_ShopCategoriesListScreen' is exist

2018-08-09 18:42:26 - [MESSAGE][PASSED] - Call Test Case 'Test Cases/ShopOpen/RemainingCategories/VisitRemainingCategoriesWithDSA' successfully

2018-08-09 18:42:26 - [TEST_CASE][PASSED] - Test Cases/ShopOpen/RemainingCategories/VisitRemainingCategoriesWithDSA: Test Cases/ShopOpen/RemainingCategories/VisitRemainingCategoriesWithDSA

2018-08-09 18:42:26 - [TEST_STEP][PASSED] - verifyElementText: Actual text and expected text of test object 'Object Repository/ShopOpen/RemainingCategories/Validate_RemainingCategoriesDetailScreen' are matched.

2018-08-09 18:42:29 - [MESSAGE][PASSED] - Actual text and expected text of test object 'Object Repository/ShopOpen/RemainingCategories/Validate_RemainingCategoriesDetailScreen' are matched.

2018-08-09 18:42:29 - [TEST_STEP][PASSED] - tap: Tapped on element 'Object Repository/ShopOpen/RemainingCategories/DisplaySpaceAvailable'

2018-08-09 18:42:29 - [MESSAGE][WARNING] - Timeout '0' is invalid. Using default page load timeout: '5'

2018-08-09 18:42:29 - [MESSAGE][PASSED] - Tapped on element 'Object Repository/ShopOpen/RemainingCategories/DisplaySpaceAvailable'

2018-08-09 18:42:29 - [TEST_STEP][PASSED] - verifyElementText: Actual text and expected text of test object 'Object Repository/ShopOpen/RemainingCategories/Validate_ProductCategoryAssetScreen' are matched.

2018-08-09 18:42:31 - [MESSAGE][PASSED] - Actual text and expected text of test object 'Object Repository/ShopOpen/RemainingCategories/Validate_ProductCategoryAssetScreen' are matched.

2018-08-09 18:42:31 - [TEST_STEP][PASSED] - tap: Tapped on element 'Object Repository/ShopOpen/RemainingCategories/Facing'

2018-08-09 18:42:31 - [MESSAGE][WARNING] - Timeout '0' is invalid. Using default page load timeout: '5'

2018-08-09 18:42:31 - [MESSAGE][PASSED] - Tapped on element 'Object Repository/ShopOpen/RemainingCategories/Facing'

2018-08-09 18:42:31 - [TEST_STEP][PASSED] - verifyElementText: Actual text and expected text of test object 'Object Repository/ShopOpen/RemainingCategories/Validate_FacingScreen' are matched.

2018-08-09 18:42:33 - [MESSAGE][PASSED] - Actual text and expected text of test object 'Object Repository/ShopOpen/RemainingCategories/Validate_FacingScreen' are matched.

2018-08-09 18:42:33 - [TEST_STEP][PASSED] - com.ct.qa.keywords.ChannelProductsDataKeywords.visitChannelWiseProductsData: com.ct.qa.keywords.ChannelProductsDataKeywords.visitChannelWiseProductsData is PASSED

2018-08-09 18:42:37 - [MESSAGE][PASSED] - Keyboard is hidden

2018-08-09 18:42:40 - [MESSAGE][PASSED] - Keyboard is hidden

2018-08-09 18:42:43 - [MESSAGE][PASSED] - Keyboard is hidden

2018-08-09 18:42:46 - [MESSAGE][PASSED] - Keyboard is hidden

2018-08-09 18:42:49 - [MESSAGE][PASSED] - Keyboard is hidden

2018-08-09 18:42:52 - [MESSAGE][PASSED] - Keyboard is hidden

2018-08-09 18:42:56 - [MESSAGE][PASSED] - Swiped from 50,359 to 50,250

2018-08-09 18:42:59 - [MESSAGE][PASSED] - Keyboard is hidden

2018-08-09 18:43:01 - [MESSAGE][PASSED] - Swiped from 50,359 to 50,250

2018-08-09 18:43:05 - [MESSAGE][PASSED] - Keyboard is hidden

2018-08-09 18:43:07 - [MESSAGE][PASSED] - Swiped from 50,359 to 50,250

2018-08-09 18:43:08 - [MESSAGE][PASSED] - com.ct.qa.keywords.ChannelProductsDataKeywords.visitChannelWiseProductsData is PASSED

2018-08-09 18:43:08 - [TEST_STEP][PASSED] - tap: Tapped on element 'Object Repository/ShopOpen/RemainingCategories/SubmitButton'

2018-08-09 18:43:08 - [MESSAGE][WARNING] - Timeout '0' is invalid. Using default page load timeout: '5'

2018-08-09 18:43:08 - [MESSAGE][PASSED] - Tapped on element 'Object Repository/ShopOpen/RemainingCategories/SubmitButton'

2018-08-09 18:43:08 - [TEST_STEP][PASSED] - verifyElementText: Actual text and expected text of test object 'Object Repository/ShopOpen/RemainingCategories/Validate_ProductCategoryAssetScreen' are matched.

2018-08-09 18:43:10 - [MESSAGE][PASSED] - Actual text and expected text of test object 'Object Repository/ShopOpen/RemainingCategories/Validate_ProductCategoryAssetScreen' are matched.

2018-08-09 18:43:10 - [TEST_STEP][PASSED] - tap: Tapped on element 'Object Repository/ShopOpen/RemainingCategories/StockTaking'

2018-08-09 18:43:10 - [MESSAGE][WARNING] - Timeout '0' is invalid. Using default page load timeout: '5'

2018-08-09 18:43:10 - [MESSAGE][PASSED] - Tapped on element 'Object Repository/ShopOpen/RemainingCategories/StockTaking'

2018-08-09 18:43:10 - [TEST_STEP][PASSED] - verifyElementText: Actual text and expected text of test object 'Object Repository/ShopOpen/RemainingCategories/Validate_StockTakingScreen' are matched.

2018-08-09 18:43:12 - [MESSAGE][PASSED] - Actual text and expected text of test object 'Object Repository/ShopOpen/RemainingCategories/Validate_StockTakingScreen' are matched.

2018-08-09 18:43:12 - [TEST_STEP][PASSED] - com.ct.qa.keywords.ChannelProductsDataKeywords.visitChannelWiseProductsData: com.ct.qa.keywords.ChannelProductsDataKeywords.visitChannelWiseProductsData is PASSED

2018-08-09 18:43:17 - [MESSAGE][PASSED] - Keyboard is hidden

2018-08-09 18:43:20 - [MESSAGE][PASSED] - Keyboard is hidden

2018-08-09 18:43:23 - [MESSAGE][PASSED] - Keyboard is hidden

2018-08-09 18:43:26 - [MESSAGE][PASSED] - Keyboard is hidden

2018-08-09 18:43:29 - [MESSAGE][PASSED] - Keyboard is hidden

2018-08-09 18:43:32 - [MESSAGE][PASSED] - Keyboard is hidden

2018-08-09 18:43:36 - [MESSAGE][PASSED] - Swiped from 50,359 to 50,250

2018-08-09 18:43:39 - [MESSAGE][PASSED] - Keyboard is hidden

2018-08-09 18:43:41 - [MESSAGE][PASSED] - Swiped from 50,359 to 50,250

2018-08-09 18:43:44 - [MESSAGE][PASSED] - Keyboard is hidden

2018-08-09 18:43:46 - [MESSAGE][PASSED] - Swiped from 50,359 to 50,250

2018-08-09 18:43:47 - [MESSAGE][PASSED] - com.ct.qa.keywords.ChannelProductsDataKeywords.visitChannelWiseProductsData is PASSED

2018-08-09 18:43:47 - [TEST_STEP][PASSED] - tap: Tapped on element 'Object Repository/ShopOpen/RemainingCategories/SubmitButton'

2018-08-09 18:43:47 - [MESSAGE][WARNING] - Timeout '0' is invalid. Using default page load timeout: '5'

2018-08-09 18:43:47 - [MESSAGE][PASSED] - Tapped on element 'Object Repository/ShopOpen/RemainingCategories/SubmitButton'

2018-08-09 18:43:47 - [TEST_STEP][PASSED] - verifyElementText: Actual text and expected text of test object 'Object Repository/ShopOpen/RemainingCategories/Validate_ProductCategoryAssetScreen' are matched.

2018-08-09 18:43:48 - [MESSAGE][PASSED] - Actual text and expected text of test object 'Object Repository/ShopOpen/RemainingCategories/Validate_ProductCategoryAssetScreen' are matched.

2018-08-09 18:43:48 - [TEST_STEP][PASSED] - tap: Tapped on element 'Object Repository/ShopOpen/RemainingCategories/planogram_ImageView'

2018-08-09 18:43:48 - [MESSAGE][WARNING] - Timeout '0' is invalid. Using default page load timeout: '5'

2018-08-09 18:43:49 - [MESSAGE][PASSED] - Tapped on element 'Object Repository/ShopOpen/RemainingCategories/planogram_ImageView'

2018-08-09 18:43:49 - [TEST_STEP][PASSED] - com.ct.qa.keywords.CommonKeywords.checkPlanogramAvailability: com.ct.qa.keywords.CommonKeywords.checkPlanogramAvailability is PASSED

2018-08-09 18:43:49 - [MESSAGE][WARNING] - Timeout '0' is invalid. Using default page load timeout: '5'

2018-08-09 18:43:56 - [MESSAGE][WARNING] - Object Object Repository/CommonScreenElements/InfoPopUp_OKButton not found
[[ATTACHMENT|F:\\Git Projects\\MMAPlus_Merchandising\\MMAPlus_Merchandising\\Reports\\MMA Plus Merchandising With Chiller Wise Data Verification\\20180809_164504\\1533822234881.png]]

2018-08-09 18:43:56 - [MESSAGE][PASSED] - com.ct.qa.keywords.CommonKeywords.checkPlanogramAvailability is PASSED

2018-08-09 18:43:56 - [TEST_STEP][PASSED] - com.ct.qa.keywords.CommonKeywords.closePlanogram: com.ct.qa.keywords.CommonKeywords.closePlanogram is PASSED

2018-08-09 18:43:56 - [MESSAGE][PASSED] - com.ct.qa.keywords.CommonKeywords.closePlanogram is PASSED

2018-08-09 18:43:56 - [TEST_STEP][PASSED] - verifyElementText: Actual text and expected text of test object 'Object Repository/ShopOpen/RemainingCategories/Validate_ProductCategoryAssetScreen' are matched.

2018-08-09 18:43:57 - [MESSAGE][PASSED] - Actual text and expected text of test object 'Object Repository/ShopOpen/RemainingCategories/Validate_ProductCategoryAssetScreen' are matched.

2018-08-09 18:43:57 - [TEST_STEP][PASSED] - com.ct.qa.keywords.CommonKeywords.findPictureImageView: com.ct.qa.keywords.CommonKeywords.findPictureImageView is PASSED

2018-08-09 18:43:57 - [MESSAGE][WARNING] - Timeout '0' is invalid. Using default page load timeout: '5'

2018-08-09 18:43:59 - [MESSAGE][PASSED] - Tapped on element 'Object Repository/CommonScreenElements/Picture_ImageView'

2018-08-09 18:43:59 - [MESSAGE][WARNING] - Timeout '0' is invalid. Using default page load timeout: '5'

2018-08-09 18:44:00 - [MESSAGE][PASSED] - Element 'Object Repository/CommonScreenElements/Validate_CameraScreen' is exist

2018-08-09 18:44:00 - [MESSAGE][WARNING] - Timeout '0' is invalid. Using default page load timeout: '5'

2018-08-09 18:44:04 - [MESSAGE][PASSED] - Tapped on element 'Object Repository/CommonScreenElements/TakePictureButton'

2018-08-09 18:44:09 - [MESSAGE][PASSED] - Delayed 5 second(s)

2018-08-09 18:44:09 - [MESSAGE][WARNING] - Timeout '0' is invalid. Using default page load timeout: '5'

2018-08-09 18:44:09 - [MESSAGE][PASSED] - Tapped on element 'Object Repository/CommonScreenElements/DoneButton'

2018-08-09 18:44:09 - [MESSAGE][PASSED] - com.ct.qa.keywords.CommonKeywords.findPictureImageView is PASSED

2018-08-09 18:44:09 - [TEST_STEP][PASSED] - verifyElementText: Actual text and expected text of test object 'Object Repository/ShopOpen/RemainingCategories/Validate_ProductCategoryAssetScreen' are matched.

2018-08-09 18:44:10 - [MESSAGE][PASSED] - Actual text and expected text of test object 'Object Repository/ShopOpen/RemainingCategories/Validate_ProductCategoryAssetScreen' are matched.

2018-08-09 18:44:10 - [TEST_STEP][PASSED] - tap: Tapped on element 'Object Repository/ShopOpen/RemainingCategories/ProductCategoryAsset_BackButton'

2018-08-09 18:44:10 - [MESSAGE][WARNING] - Timeout '0' is invalid. Using default page load timeout: '5'

2018-08-09 18:44:11 - [MESSAGE][PASSED] - Tapped on element 'Object Repository/ShopOpen/RemainingCategories/ProductCategoryAsset_BackButton'

2018-08-09 18:44:11 - [TEST_STEP][PASSED] - verifyElementExist: Element 'Object Repository/ShopOpen/Validate_ShopCategoriesListScreen' is exist

2018-08-09 18:44:11 - [MESSAGE][WARNING] - Timeout '0' is invalid. Using default page load timeout: '5'

2018-08-09 18:44:14 - [MESSAGE][PASSED] - Element 'Object Repository/ShopOpen/Validate_ShopCategoriesListScreen' is exist

2018-08-09 18:44:14 - [MESSAGE][PASSED] - Call Test Case 'Test Cases/ShopOpen/RemainingCategories/VisitRemainingCategoriesWithDSA' successfully

2018-08-09 18:44:14 - [TEST_CASE][PASSED] - Test Cases/ShopOpen/RemainingCategories/VisitRemainingCategoriesWithDSA: Test Cases/ShopOpen/RemainingCategories/VisitRemainingCategoriesWithDSA

2018-08-09 18:44:14 - [TEST_STEP][PASSED] - verifyElementText: Actual text and expected text of test object 'Object Repository/ShopOpen/RemainingCategories/Validate_RemainingCategoriesDetailScreen' are matched.

2018-08-09 18:44:17 - [MESSAGE][PASSED] - Actual text and expected text of test object 'Object Repository/ShopOpen/RemainingCategories/Validate_RemainingCategoriesDetailScreen' are matched.

2018-08-09 18:44:17 - [TEST_STEP][PASSED] - tap: Tapped on element 'Object Repository/ShopOpen/RemainingCategories/DisplaySpaceAvailable'

2018-08-09 18:44:17 - [MESSAGE][WARNING] - Timeout '0' is invalid. Using default page load timeout: '5'

2018-08-09 18:44:17 - [MESSAGE][PASSED] - Tapped on element 'Object Repository/ShopOpen/RemainingCategories/DisplaySpaceAvailable'

2018-08-09 18:44:17 - [TEST_STEP][PASSED] - verifyElementText: Actual text and expected text of test object 'Object Repository/ShopOpen/RemainingCategories/Validate_ProductCategoryAssetScreen' are matched.

2018-08-09 18:44:20 - [MESSAGE][PASSED] - Actual text and expected text of test object 'Object Repository/ShopOpen/RemainingCategories/Validate_ProductCategoryAssetScreen' are matched.

2018-08-09 18:44:20 - [TEST_STEP][PASSED] - tap: Tapped on element 'Object Repository/ShopOpen/RemainingCategories/Facing'

2018-08-09 18:44:20 - [MESSAGE][WARNING] - Timeout '0' is invalid. Using default page load timeout: '5'

2018-08-09 18:44:20 - [MESSAGE][PASSED] - Tapped on element 'Object Repository/ShopOpen/RemainingCategories/Facing'

2018-08-09 18:44:20 - [TEST_STEP][PASSED] - verifyElementText: Actual text and expected text of test object 'Object Repository/ShopOpen/RemainingCategories/Validate_FacingScreen' are matched.

2018-08-09 18:44:22 - [MESSAGE][PASSED] - Actual text and expected text of test object 'Object Repository/ShopOpen/RemainingCategories/Validate_FacingScreen' are matched.

2018-08-09 18:44:22 - [TEST_STEP][PASSED] - com.ct.qa.keywords.ChannelProductsDataKeywords.visitChannelWiseProductsData: com.ct.qa.keywords.ChannelProductsDataKeywords.visitChannelWiseProductsData is PASSED

2018-08-09 18:44:26 - [MESSAGE][PASSED] - Keyboard is hidden

2018-08-09 18:44:29 - [MESSAGE][PASSED] - Keyboard is hidden

2018-08-09 18:44:32 - [MESSAGE][PASSED] - Keyboard is hidden

2018-08-09 18:44:35 - [MESSAGE][PASSED] - Keyboard is hidden

2018-08-09 18:44:36 - [MESSAGE][PASSED] - com.ct.qa.keywords.ChannelProductsDataKeywords.visitChannelWiseProductsData is PASSED

2018-08-09 18:44:36 - [TEST_STEP][PASSED] - tap: Tapped on element 'Object Repository/ShopOpen/RemainingCategories/SubmitButton'

2018-08-09 18:44:36 - [MESSAGE][WARNING] - Timeout '0' is invalid. Using default page load timeout: '5'

2018-08-09 18:44:37 - [MESSAGE][PASSED] - Tapped on element 'Object Repository/ShopOpen/RemainingCategories/SubmitButton'

2018-08-09 18:44:37 - [TEST_STEP][PASSED] - verifyElementText: Actual text and expected text of test object 'Object Repository/ShopOpen/RemainingCategories/Validate_ProductCategoryAssetScreen' are matched.

2018-08-09 18:44:38 - [MESSAGE][PASSED] - Actual text and expected text of test object 'Object Repository/ShopOpen/RemainingCategories/Validate_ProductCategoryAssetScreen' are matched.

2018-08-09 18:44:38 - [TEST_STEP][PASSED] - tap: Tapped on element 'Object Repository/ShopOpen/RemainingCategories/StockTaking'

2018-08-09 18:44:38 - [MESSAGE][WARNING] - Timeout '0' is invalid. Using default page load timeout: '5'

2018-08-09 18:44:38 - [MESSAGE][PASSED] - Tapped on element 'Object Repository/ShopOpen/RemainingCategories/StockTaking'

2018-08-09 18:44:38 - [TEST_STEP][PASSED] - verifyElementText: Actual text and expected text of test object 'Object Repository/ShopOpen/RemainingCategories/Validate_StockTakingScreen' are matched.

2018-08-09 18:44:40 - [MESSAGE][PASSED] - Actual text and expected text of test object 'Object Repository/ShopOpen/RemainingCategories/Validate_StockTakingScreen' are matched.

2018-08-09 18:44:40 - [TEST_STEP][PASSED] - com.ct.qa.keywords.ChannelProductsDataKeywords.visitChannelWiseProductsData: com.ct.qa.keywords.ChannelProductsDataKeywords.visitChannelWiseProductsData is PASSED

2018-08-09 18:44:44 - [MESSAGE][PASSED] - Keyboard is hidden

2018-08-09 18:44:47 - [MESSAGE][PASSED] - Keyboard is hidden

2018-08-09 18:44:50 - [MESSAGE][PASSED] - Keyboard is hidden

2018-08-09 18:44:53 - [MESSAGE][PASSED] - Keyboard is hidden

2018-08-09 18:44:54 - [MESSAGE][PASSED] - com.ct.qa.keywords.ChannelProductsDataKeywords.visitChannelWiseProductsData is PASSED

2018-08-09 18:44:54 - [TEST_STEP][PASSED] - tap: Tapped on element 'Object Repository/ShopOpen/RemainingCategories/SubmitButton'

2018-08-09 18:44:54 - [MESSAGE][WARNING] - Timeout '0' is invalid. Using default page load timeout: '5'

2018-08-09 18:44:55 - [MESSAGE][PASSED] - Tapped on element 'Object Repository/ShopOpen/RemainingCategories/SubmitButton'

2018-08-09 18:44:55 - [TEST_STEP][PASSED] - verifyElementText: Actual text and expected text of test object 'Object Repository/ShopOpen/RemainingCategories/Validate_ProductCategoryAssetScreen' are matched.

2018-08-09 18:44:56 - [MESSAGE][PASSED] - Actual text and expected text of test object 'Object Repository/ShopOpen/RemainingCategories/Validate_ProductCategoryAssetScreen' are matched.

2018-08-09 18:44:56 - [TEST_STEP][PASSED] - tap: Tapped on element 'Object Repository/ShopOpen/RemainingCategories/planogram_ImageView'

2018-08-09 18:44:56 - [MESSAGE][WARNING] - Timeout '0' is invalid. Using default page load timeout: '5'

2018-08-09 18:44:56 - [MESSAGE][PASSED] - Tapped on element 'Object Repository/ShopOpen/RemainingCategories/planogram_ImageView'

2018-08-09 18:44:56 - [TEST_STEP][PASSED] - com.ct.qa.keywords.CommonKeywords.checkPlanogramAvailability: com.ct.qa.keywords.CommonKeywords.checkPlanogramAvailability is PASSED

2018-08-09 18:44:56 - [MESSAGE][WARNING] - Timeout '0' is invalid. Using default page load timeout: '5'

2018-08-09 18:45:02 - [MESSAGE][WARNING] - Object Object Repository/CommonScreenElements/InfoPopUp_OKButton not found
[[ATTACHMENT|F:\\Git Projects\\MMAPlus_Merchandising\\MMAPlus_Merchandising\\Reports\\MMA Plus Merchandising With Chiller Wise Data Verification\\20180809_164504\\1533822301794.png]]

2018-08-09 18:45:02 - [MESSAGE][PASSED] - com.ct.qa.keywords.CommonKeywords.checkPlanogramAvailability is PASSED

2018-08-09 18:45:02 - [TEST_STEP][PASSED] - com.ct.qa.keywords.CommonKeywords.closePlanogram: com.ct.qa.keywords.CommonKeywords.closePlanogram is PASSED

2018-08-09 18:45:03 - [MESSAGE][PASSED] - com.ct.qa.keywords.CommonKeywords.closePlanogram is PASSED

2018-08-09 18:45:03 - [TEST_STEP][PASSED] - verifyElementText: Actual text and expected text of test object 'Object Repository/ShopOpen/RemainingCategories/Validate_ProductCategoryAssetScreen' are matched.

2018-08-09 18:45:04 - [MESSAGE][PASSED] - Actual text and expected text of test object 'Object Repository/ShopOpen/RemainingCategories/Validate_ProductCategoryAssetScreen' are matched.

2018-08-09 18:45:04 - [TEST_STEP][PASSED] - com.ct.qa.keywords.CommonKeywords.findPictureImageView: com.ct.qa.keywords.CommonKeywords.findPictureImageView is PASSED

2018-08-09 18:45:04 - [MESSAGE][WARNING] - Timeout '0' is invalid. Using default page load timeout: '5'

2018-08-09 18:45:06 - [MESSAGE][PASSED] - Tapped on element 'Object Repository/CommonScreenElements/Picture_ImageView'

2018-08-09 18:45:06 - [MESSAGE][WARNING] - Timeout '0' is invalid. Using default page load timeout: '5'

2018-08-09 18:45:07 - [MESSAGE][PASSED] - Element 'Object Repository/CommonScreenElements/Validate_CameraScreen' is exist

2018-08-09 18:45:07 - [MESSAGE][WARNING] - Timeout '0' is invalid. Using default page load timeout: '5'

2018-08-09 18:45:10 - [MESSAGE][PASSED] - Tapped on element 'Object Repository/CommonScreenElements/TakePictureButton'

2018-08-09 18:45:15 - [MESSAGE][PASSED] - Delayed 5 second(s)

2018-08-09 18:45:15 - [MESSAGE][WARNING] - Timeout '0' is invalid. Using default page load timeout: '5'

2018-08-09 18:45:16 - [MESSAGE][PASSED] - Tapped on element 'Object Repository/CommonScreenElements/DoneButton'

2018-08-09 18:45:16 - [MESSAGE][PASSED] - com.ct.qa.keywords.CommonKeywords.findPictureImageView is PASSED

2018-08-09 18:45:16 - [TEST_STEP][PASSED] - verifyElementText: Actual text and expected text of test object 'Object Repository/ShopOpen/RemainingCategories/Validate_ProductCategoryAssetScreen' are matched.

2018-08-09 18:45:17 - [MESSAGE][PASSED] - Actual text and expected text of test object 'Object Repository/ShopOpen/RemainingCategories/Validate_ProductCategoryAssetScreen' are matched.

2018-08-09 18:45:17 - [TEST_STEP][PASSED] - tap: Tapped on element 'Object Repository/ShopOpen/RemainingCategories/ProductCategoryAsset_BackButton'

2018-08-09 18:45:17 - [MESSAGE][WARNING] - Timeout '0' is invalid. Using default page load timeout: '5'

2018-08-09 18:45:18 - [MESSAGE][PASSED] - Tapped on element 'Object Repository/ShopOpen/RemainingCategories/ProductCategoryAsset_BackButton'

2018-08-09 18:45:18 - [TEST_STEP][PASSED] - verifyElementExist: Element 'Object Repository/ShopOpen/Validate_ShopCategoriesListScreen' is exist

2018-08-09 18:45:18 - [MESSAGE][WARNING] - Timeout '0' is invalid. Using default page load timeout: '5'

2018-08-09 18:45:20 - [MESSAGE][PASSED] - Element 'Object Repository/ShopOpen/Validate_ShopCategoriesListScreen' is exist

2018-08-09 18:45:20 - [MESSAGE][PASSED] - Call Test Case 'Test Cases/ShopOpen/RemainingCategories/VisitRemainingCategoriesWithDSA' successfully

2018-08-09 18:45:21 - [MESSAGE][PASSED] - Swiped from 0,293 to 0,200

2018-08-09 18:45:24 - [TEST_CASE][PASSED] - Test Cases/ShopOpen/RemainingCategories/VisitRemainingCategoriesWithDSA: Test Cases/ShopOpen/RemainingCategories/VisitRemainingCategoriesWithDSA

2018-08-09 18:45:24 - [TEST_STEP][PASSED] - verifyElementText: Actual text and expected text of test object 'Object Repository/ShopOpen/RemainingCategories/Validate_RemainingCategoriesDetailScreen' are matched.

2018-08-09 18:45:26 - [MESSAGE][PASSED] - Actual text and expected text of test object 'Object Repository/ShopOpen/RemainingCategories/Validate_RemainingCategoriesDetailScreen' are matched.

2018-08-09 18:45:26 - [TEST_STEP][PASSED] - tap: Tapped on element 'Object Repository/ShopOpen/RemainingCategories/DisplaySpaceAvailable'

2018-08-09 18:45:26 - [MESSAGE][WARNING] - Timeout '0' is invalid. Using default page load timeout: '5'

2018-08-09 18:45:26 - [MESSAGE][PASSED] - Tapped on element 'Object Repository/ShopOpen/RemainingCategories/DisplaySpaceAvailable'

2018-08-09 18:45:26 - [TEST_STEP][PASSED] - verifyElementText: Actual text and expected text of test object 'Object Repository/ShopOpen/RemainingCategories/Validate_ProductCategoryAssetScreen' are matched.

2018-08-09 18:45:28 - [MESSAGE][PASSED] - Actual text and expected text of test object 'Object Repository/ShopOpen/RemainingCategories/Validate_ProductCategoryAssetScreen' are matched.

2018-08-09 18:45:28 - [TEST_STEP][PASSED] - tap: Tapped on element 'Object Repository/ShopOpen/RemainingCategories/Facing'

2018-08-09 18:45:28 - [MESSAGE][WARNING] - Timeout '0' is invalid. Using default page load timeout: '5'

2018-08-09 18:45:28 - [MESSAGE][PASSED] - Tapped on element 'Object Repository/ShopOpen/RemainingCategories/Facing'

2018-08-09 18:45:28 - [TEST_STEP][PASSED] - verifyElementText: Actual text and expected text of test object 'Object Repository/ShopOpen/RemainingCategories/Validate_FacingScreen' are matched.

2018-08-09 18:45:30 - [MESSAGE][PASSED] - Actual text and expected text of test object 'Object Repository/ShopOpen/RemainingCategories/Validate_FacingScreen' are matched.

2018-08-09 18:45:30 - [TEST_STEP][PASSED] - com.ct.qa.keywords.ChannelProductsDataKeywords.visitChannelWiseProductsData: com.ct.qa.keywords.ChannelProductsDataKeywords.visitChannelWiseProductsData is PASSED

2018-08-09 18:45:34 - [MESSAGE][PASSED] - Keyboard is hidden

2018-08-09 18:45:37 - [MESSAGE][PASSED] - Keyboard is hidden

2018-08-09 18:45:40 - [MESSAGE][PASSED] - Keyboard is hidden

2018-08-09 18:45:43 - [MESSAGE][PASSED] - Keyboard is hidden

2018-08-09 18:45:44 - [MESSAGE][PASSED] - com.ct.qa.keywords.ChannelProductsDataKeywords.visitChannelWiseProductsData is PASSED

2018-08-09 18:45:44 - [TEST_STEP][PASSED] - tap: Tapped on element 'Object Repository/ShopOpen/RemainingCategories/SubmitButton'

2018-08-09 18:45:44 - [MESSAGE][WARNING] - Timeout '0' is invalid. Using default page load timeout: '5'

2018-08-09 18:45:45 - [MESSAGE][PASSED] - Tapped on element 'Object Repository/ShopOpen/RemainingCategories/SubmitButton'

2018-08-09 18:45:45 - [TEST_STEP][PASSED] - verifyElementText: Actual text and expected text of test object 'Object Repository/ShopOpen/RemainingCategories/Validate_ProductCategoryAssetScreen' are matched.

2018-08-09 18:45:46 - [MESSAGE][PASSED] - Actual text and expected text of test object 'Object Repository/ShopOpen/RemainingCategories/Validate_ProductCategoryAssetScreen' are matched.

2018-08-09 18:45:46 - [TEST_STEP][PASSED] - tap: Tapped on element 'Object Repository/ShopOpen/RemainingCategories/StockTaking'

2018-08-09 18:45:46 - [MESSAGE][WARNING] - Timeout '0' is invalid. Using default page load timeout: '5'

2018-08-09 18:45:47 - [MESSAGE][PASSED] - Tapped on element 'Object Repository/ShopOpen/RemainingCategories/StockTaking'

2018-08-09 18:45:47 - [TEST_STEP][PASSED] - verifyElementText: Actual text and expected text of test object 'Object Repository/ShopOpen/RemainingCategories/Validate_StockTakingScreen' are matched.

2018-08-09 18:45:49 - [MESSAGE][PASSED] - Actual text and expected text of test object 'Object Repository/ShopOpen/RemainingCategories/Validate_StockTakingScreen' are matched.

2018-08-09 18:45:49 - [TEST_STEP][PASSED] - com.ct.qa.keywords.ChannelProductsDataKeywords.visitChannelWiseProductsData: com.ct.qa.keywords.ChannelProductsDataKeywords.visitChannelWiseProductsData is PASSED

2018-08-09 18:45:53 - [MESSAGE][PASSED] - Keyboard is hidden

2018-08-09 18:45:56 - [MESSAGE][PASSED] - Keyboard is hidden

2018-08-09 18:45:59 - [MESSAGE][PASSED] - Keyboard is hidden

2018-08-09 18:46:02 - [MESSAGE][PASSED] - Keyboard is hidden

2018-08-09 18:46:03 - [MESSAGE][PASSED] - com.ct.qa.keywords.ChannelProductsDataKeywords.visitChannelWiseProductsData is PASSED

2018-08-09 18:46:03 - [TEST_STEP][PASSED] - tap: Tapped on element 'Object Repository/ShopOpen/RemainingCategories/SubmitButton'

2018-08-09 18:46:03 - [MESSAGE][WARNING] - Timeout '0' is invalid. Using default page load timeout: '5'

2018-08-09 18:46:04 - [MESSAGE][PASSED] - Tapped on element 'Object Repository/ShopOpen/RemainingCategories/SubmitButton'

2018-08-09 18:46:04 - [TEST_STEP][PASSED] - verifyElementText: Actual text and expected text of test object 'Object Repository/ShopOpen/RemainingCategories/Validate_ProductCategoryAssetScreen' are matched.

2018-08-09 18:46:05 - [MESSAGE][PASSED] - Actual text and expected text of test object 'Object Repository/ShopOpen/RemainingCategories/Validate_ProductCategoryAssetScreen' are matched.

2018-08-09 18:46:05 - [TEST_STEP][PASSED] - tap: Tapped on element 'Object Repository/ShopOpen/RemainingCategories/planogram_ImageView'

2018-08-09 18:46:05 - [MESSAGE][WARNING] - Timeout '0' is invalid. Using default page load timeout: '5'

2018-08-09 18:46:05 - [MESSAGE][PASSED] - Tapped on element 'Object Repository/ShopOpen/RemainingCategories/planogram_ImageView'

2018-08-09 18:46:05 - [TEST_STEP][PASSED] - com.ct.qa.keywords.CommonKeywords.checkPlanogramAvailability: com.ct.qa.keywords.CommonKeywords.checkPlanogramAvailability is PASSED

2018-08-09 18:46:05 - [MESSAGE][WARNING] - Timeout '0' is invalid. Using default page load timeout: '5'

2018-08-09 18:46:11 - [MESSAGE][WARNING] - Object Object Repository/CommonScreenElements/InfoPopUp_OKButton not found
[[ATTACHMENT|F:\\Git Projects\\MMAPlus_Merchandising\\MMAPlus_Merchandising\\Reports\\MMA Plus Merchandising With Chiller Wise Data Verification\\20180809_164504\\1533822370877.png]]

2018-08-09 18:46:11 - [MESSAGE][PASSED] - com.ct.qa.keywords.CommonKeywords.checkPlanogramAvailability is PASSED

2018-08-09 18:46:11 - [TEST_STEP][PASSED] - com.ct.qa.keywords.CommonKeywords.closePlanogram: com.ct.qa.keywords.CommonKeywords.closePlanogram is PASSED

2018-08-09 18:46:12 - [MESSAGE][PASSED] - com.ct.qa.keywords.CommonKeywords.closePlanogram is PASSED

2018-08-09 18:46:12 - [TEST_STEP][PASSED] - verifyElementText: Actual text and expected text of test object 'Object Repository/ShopOpen/RemainingCategories/Validate_ProductCategoryAssetScreen' are matched.

2018-08-09 18:46:13 - [MESSAGE][PASSED] - Actual text and expected text of test object 'Object Repository/ShopOpen/RemainingCategories/Validate_ProductCategoryAssetScreen' are matched.

2018-08-09 18:46:13 - [TEST_STEP][PASSED] - com.ct.qa.keywords.CommonKeywords.findPictureImageView: com.ct.qa.keywords.CommonKeywords.findPictureImageView is PASSED

2018-08-09 18:46:13 - [MESSAGE][WARNING] - Timeout '0' is invalid. Using default page load timeout: '5'

2018-08-09 18:46:15 - [MESSAGE][PASSED] - Tapped on element 'Object Repository/CommonScreenElements/Picture_ImageView'

2018-08-09 18:46:15 - [MESSAGE][WARNING] - Timeout '0' is invalid. Using default page load timeout: '5'

2018-08-09 18:46:16 - [MESSAGE][PASSED] - Element 'Object Repository/CommonScreenElements/Validate_CameraScreen' is exist

2018-08-09 18:46:16 - [MESSAGE][WARNING] - Timeout '0' is invalid. Using default page load timeout: '5'

2018-08-09 18:46:20 - [MESSAGE][PASSED] - Tapped on element 'Object Repository/CommonScreenElements/TakePictureButton'

2018-08-09 18:46:25 - [MESSAGE][PASSED] - Delayed 5 second(s)

2018-08-09 18:46:25 - [MESSAGE][WARNING] - Timeout '0' is invalid. Using default page load timeout: '5'

2018-08-09 18:46:25 - [MESSAGE][PASSED] - Tapped on element 'Object Repository/CommonScreenElements/DoneButton'

2018-08-09 18:46:25 - [MESSAGE][PASSED] - com.ct.qa.keywords.CommonKeywords.findPictureImageView is PASSED

2018-08-09 18:46:25 - [TEST_STEP][PASSED] - verifyElementText: Actual text and expected text of test object 'Object Repository/ShopOpen/RemainingCategories/Validate_ProductCategoryAssetScreen' are matched.

2018-08-09 18:46:26 - [MESSAGE][PASSED] - Actual text and expected text of test object 'Object Repository/ShopOpen/RemainingCategories/Validate_ProductCategoryAssetScreen' are matched.

2018-08-09 18:46:26 - [TEST_STEP][PASSED] - tap: Tapped on element 'Object Repository/ShopOpen/RemainingCategories/ProductCategoryAsset_BackButton'

2018-08-09 18:46:26 - [MESSAGE][WARNING] - Timeout '0' is invalid. Using default page load timeout: '5'

2018-08-09 18:46:27 - [MESSAGE][PASSED] - Tapped on element 'Object Repository/ShopOpen/RemainingCategories/ProductCategoryAsset_BackButton'

2018-08-09 18:46:27 - [TEST_STEP][PASSED] - verifyElementExist: Element 'Object Repository/ShopOpen/Validate_ShopCategoriesListScreen' is exist

2018-08-09 18:46:27 - [MESSAGE][WARNING] - Timeout '0' is invalid. Using default page load timeout: '5'

2018-08-09 18:46:29 - [MESSAGE][PASSED] - Element 'Object Repository/ShopOpen/Validate_ShopCategoriesListScreen' is exist

2018-08-09 18:46:29 - [MESSAGE][PASSED] - Call Test Case 'Test Cases/ShopOpen/RemainingCategories/VisitRemainingCategoriesWithDSA' successfully

2018-08-09 18:46:30 - [MESSAGE][PASSED] - Swiped from 0,293 to 0,200

2018-08-09 18:46:34 - [MESSAGE][PASSED] - Swiped from 0,293 to 0,200

2018-08-09 18:46:36 - [TEST_CASE][PASSED] - Test Cases/ShopOpen/RemainingCategories/VisitRemainingCategoriesWithDSA: Test Cases/ShopOpen/RemainingCategories/VisitRemainingCategoriesWithDSA

2018-08-09 18:46:36 - [TEST_STEP][PASSED] - verifyElementText: Actual text and expected text of test object 'Object Repository/ShopOpen/RemainingCategories/Validate_RemainingCategoriesDetailScreen' are matched.

2018-08-09 18:46:38 - [MESSAGE][PASSED] - Actual text and expected text of test object 'Object Repository/ShopOpen/RemainingCategories/Validate_RemainingCategoriesDetailScreen' are matched.

2018-08-09 18:46:38 - [TEST_STEP][PASSED] - tap: Tapped on element 'Object Repository/ShopOpen/RemainingCategories/DisplaySpaceAvailable'

2018-08-09 18:46:38 - [MESSAGE][WARNING] - Timeout '0' is invalid. Using default page load timeout: '5'

2018-08-09 18:46:38 - [MESSAGE][PASSED] - Tapped on element 'Object Repository/ShopOpen/RemainingCategories/DisplaySpaceAvailable'

2018-08-09 18:46:38 - [TEST_STEP][PASSED] - verifyElementText: Actual text and expected text of test object 'Object Repository/ShopOpen/RemainingCategories/Validate_ProductCategoryAssetScreen' are matched.

2018-08-09 18:46:41 - [MESSAGE][PASSED] - Actual text and expected text of test object 'Object Repository/ShopOpen/RemainingCategories/Validate_ProductCategoryAssetScreen' are matched.

2018-08-09 18:46:41 - [TEST_STEP][PASSED] - tap: Tapped on element 'Object Repository/ShopOpen/RemainingCategories/Facing'

2018-08-09 18:46:41 - [MESSAGE][WARNING] - Timeout '0' is invalid. Using default page load timeout: '5'

2018-08-09 18:46:41 - [MESSAGE][PASSED] - Tapped on element 'Object Repository/ShopOpen/RemainingCategories/Facing'

2018-08-09 18:46:41 - [TEST_STEP][PASSED] - verifyElementText: Actual text and expected text of test object 'Object Repository/ShopOpen/RemainingCategories/Validate_FacingScreen' are matched.

2018-08-09 18:46:43 - [MESSAGE][PASSED] - Actual text and expected text of test object 'Object Repository/ShopOpen/RemainingCategories/Validate_FacingScreen' are matched.

2018-08-09 18:46:43 - [TEST_STEP][PASSED] - com.ct.qa.keywords.ChannelProductsDataKeywords.visitChannelWiseProductsData: com.ct.qa.keywords.ChannelProductsDataKeywords.visitChannelWiseProductsData is PASSED

2018-08-09 18:46:46 - [MESSAGE][PASSED] - Keyboard is hidden

2018-08-09 18:46:47 - [MESSAGE][PASSED] - com.ct.qa.keywords.ChannelProductsDataKeywords.visitChannelWiseProductsData is PASSED

2018-08-09 18:46:47 - [TEST_STEP][PASSED] - tap: Tapped on element 'Object Repository/ShopOpen/RemainingCategories/SubmitButton'

2018-08-09 18:46:47 - [MESSAGE][WARNING] - Timeout '0' is invalid. Using default page load timeout: '5'

2018-08-09 18:46:47 - [MESSAGE][PASSED] - Tapped on element 'Object Repository/ShopOpen/RemainingCategories/SubmitButton'

2018-08-09 18:46:47 - [TEST_STEP][PASSED] - verifyElementText: Actual text and expected text of test object 'Object Repository/ShopOpen/RemainingCategories/Validate_ProductCategoryAssetScreen' are matched.

2018-08-09 18:46:49 - [MESSAGE][PASSED] - Actual text and expected text of test object 'Object Repository/ShopOpen/RemainingCategories/Validate_ProductCategoryAssetScreen' are matched.

2018-08-09 18:46:49 - [TEST_STEP][PASSED] - tap: Tapped on element 'Object Repository/ShopOpen/RemainingCategories/StockTaking'

2018-08-09 18:46:49 - [MESSAGE][WARNING] - Timeout '0' is invalid. Using default page load timeout: '5'

2018-08-09 18:46:49 - [MESSAGE][PASSED] - Tapped on element 'Object Repository/ShopOpen/RemainingCategories/StockTaking'

2018-08-09 18:46:49 - [TEST_STEP][PASSED] - verifyElementText: Actual text and expected text of test object 'Object Repository/ShopOpen/RemainingCategories/Validate_StockTakingScreen' are matched.

2018-08-09 18:46:51 - [MESSAGE][PASSED] - Actual text and expected text of test object 'Object Repository/ShopOpen/RemainingCategories/Validate_StockTakingScreen' are matched.

2018-08-09 18:46:51 - [TEST_STEP][PASSED] - com.ct.qa.keywords.ChannelProductsDataKeywords.visitChannelWiseProductsData: com.ct.qa.keywords.ChannelProductsDataKeywords.visitChannelWiseProductsData is PASSED

2018-08-09 18:46:54 - [MESSAGE][PASSED] - Keyboard is hidden

2018-08-09 18:46:55 - [MESSAGE][PASSED] - com.ct.qa.keywords.ChannelProductsDataKeywords.visitChannelWiseProductsData is PASSED

2018-08-09 18:46:55 - [TEST_STEP][PASSED] - tap: Tapped on element 'Object Repository/ShopOpen/RemainingCategories/SubmitButton'

2018-08-09 18:46:55 - [MESSAGE][WARNING] - Timeout '0' is invalid. Using default page load timeout: '5'

2018-08-09 18:46:55 - [MESSAGE][PASSED] - Tapped on element 'Object Repository/ShopOpen/RemainingCategories/SubmitButton'

2018-08-09 18:46:55 - [TEST_STEP][PASSED] - verifyElementText: Actual text and expected text of test object 'Object Repository/ShopOpen/RemainingCategories/Validate_ProductCategoryAssetScreen' are matched.

2018-08-09 18:46:56 - [MESSAGE][PASSED] - Actual text and expected text of test object 'Object Repository/ShopOpen/RemainingCategories/Validate_ProductCategoryAssetScreen' are matched.

2018-08-09 18:46:56 - [TEST_STEP][PASSED] - tap: Tapped on element 'Object Repository/ShopOpen/RemainingCategories/planogram_ImageView'

2018-08-09 18:46:56 - [MESSAGE][WARNING] - Timeout '0' is invalid. Using default page load timeout: '5'

2018-08-09 18:46:57 - [MESSAGE][PASSED] - Tapped on element 'Object Repository/ShopOpen/RemainingCategories/planogram_ImageView'

2018-08-09 18:46:57 - [TEST_STEP][PASSED] - com.ct.qa.keywords.CommonKeywords.checkPlanogramAvailability: com.ct.qa.keywords.CommonKeywords.checkPlanogramAvailability is PASSED

2018-08-09 18:46:57 - [MESSAGE][WARNING] - Timeout '0' is invalid. Using default page load timeout: '5'

2018-08-09 18:47:03 - [MESSAGE][WARNING] - Object Object Repository/CommonScreenElements/InfoPopUp_OKButton not found
[[ATTACHMENT|F:\\Git Projects\\MMAPlus_Merchandising\\MMAPlus_Merchandising\\Reports\\MMA Plus Merchandising With Chiller Wise Data Verification\\20180809_164504\\1533822422750.png]]

2018-08-09 18:47:03 - [MESSAGE][PASSED] - com.ct.qa.keywords.CommonKeywords.checkPlanogramAvailability is PASSED

2018-08-09 18:47:03 - [TEST_STEP][PASSED] - com.ct.qa.keywords.CommonKeywords.closePlanogram: com.ct.qa.keywords.CommonKeywords.closePlanogram is PASSED

2018-08-09 18:47:04 - [MESSAGE][PASSED] - com.ct.qa.keywords.CommonKeywords.closePlanogram is PASSED

2018-08-09 18:47:04 - [TEST_STEP][PASSED] - verifyElementText: Actual text and expected text of test object 'Object Repository/ShopOpen/RemainingCategories/Validate_ProductCategoryAssetScreen' are matched.

2018-08-09 18:47:05 - [MESSAGE][PASSED] - Actual text and expected text of test object 'Object Repository/ShopOpen/RemainingCategories/Validate_ProductCategoryAssetScreen' are matched.

2018-08-09 18:47:05 - [TEST_STEP][PASSED] - com.ct.qa.keywords.CommonKeywords.findPictureImageView: com.ct.qa.keywords.CommonKeywords.findPictureImageView is PASSED

2018-08-09 18:47:05 - [MESSAGE][WARNING] - Timeout '0' is invalid. Using default page load timeout: '5'

2018-08-09 18:47:07 - [MESSAGE][PASSED] - Tapped on element 'Object Repository/CommonScreenElements/Picture_ImageView'

2018-08-09 18:47:07 - [MESSAGE][WARNING] - Timeout '0' is invalid. Using default page load timeout: '5'

2018-08-09 18:47:08 - [MESSAGE][PASSED] - Element 'Object Repository/CommonScreenElements/Validate_CameraScreen' is exist

2018-08-09 18:47:08 - [MESSAGE][WARNING] - Timeout '0' is invalid. Using default page load timeout: '5'

2018-08-09 18:47:12 - [MESSAGE][PASSED] - Tapped on element 'Object Repository/CommonScreenElements/TakePictureButton'

2018-08-09 18:47:17 - [MESSAGE][PASSED] - Delayed 5 second(s)

2018-08-09 18:47:17 - [MESSAGE][WARNING] - Timeout '0' is invalid. Using default page load timeout: '5'

2018-08-09 18:47:17 - [MESSAGE][PASSED] - Tapped on element 'Object Repository/CommonScreenElements/DoneButton'

2018-08-09 18:47:17 - [MESSAGE][PASSED] - com.ct.qa.keywords.CommonKeywords.findPictureImageView is PASSED

2018-08-09 18:47:17 - [TEST_STEP][PASSED] - verifyElementText: Actual text and expected text of test object 'Object Repository/ShopOpen/RemainingCategories/Validate_ProductCategoryAssetScreen' are matched.

2018-08-09 18:47:18 - [MESSAGE][PASSED] - Actual text and expected text of test object 'Object Repository/ShopOpen/RemainingCategories/Validate_ProductCategoryAssetScreen' are matched.

2018-08-09 18:47:18 - [TEST_STEP][PASSED] - tap: Tapped on element 'Object Repository/ShopOpen/RemainingCategories/ProductCategoryAsset_BackButton'

2018-08-09 18:47:18 - [MESSAGE][WARNING] - Timeout '0' is invalid. Using default page load timeout: '5'

2018-08-09 18:47:18 - [MESSAGE][PASSED] - Tapped on element 'Object Repository/ShopOpen/RemainingCategories/ProductCategoryAsset_BackButton'

2018-08-09 18:47:18 - [TEST_STEP][PASSED] - verifyElementExist: Element 'Object Repository/ShopOpen/Validate_ShopCategoriesListScreen' is exist

2018-08-09 18:47:18 - [MESSAGE][WARNING] - Timeout '0' is invalid. Using default page load timeout: '5'

2018-08-09 18:47:21 - [MESSAGE][PASSED] - Element 'Object Repository/ShopOpen/Validate_ShopCategoriesListScreen' is exist

2018-08-09 18:47:21 - [MESSAGE][PASSED] - Call Test Case 'Test Cases/ShopOpen/RemainingCategories/VisitRemainingCategoriesWithDSA' successfully

2018-08-09 18:47:22 - [MESSAGE][PASSED] - Swiped from 0,293 to 0,200

2018-08-09 18:47:24 - [MESSAGE][PASSED] - Swiped from 0,293 to 0,200

2018-08-09 18:47:27 - [MESSAGE][PASSED] - Swiped from 0,293 to 0,200

2018-08-09 18:47:29 - [TEST_CASE][PASSED] - Test Cases/ShopOpen/RemainingCategories/VisitRemainingCategoriesWithDSA: Test Cases/ShopOpen/RemainingCategories/VisitRemainingCategoriesWithDSA

2018-08-09 18:47:29 - [TEST_STEP][PASSED] - verifyElementText: Actual text and expected text of test object 'Object Repository/ShopOpen/RemainingCategories/Validate_RemainingCategoriesDetailScreen' are matched.

2018-08-09 18:47:32 - [MESSAGE][PASSED] - Actual text and expected text of test object 'Object Repository/ShopOpen/RemainingCategories/Validate_RemainingCategoriesDetailScreen' are matched.

2018-08-09 18:47:32 - [TEST_STEP][PASSED] - tap: Tapped on element 'Object Repository/ShopOpen/RemainingCategories/DisplaySpaceAvailable'

2018-08-09 18:47:32 - [MESSAGE][WARNING] - Timeout '0' is invalid. Using default page load timeout: '5'

2018-08-09 18:47:32 - [MESSAGE][PASSED] - Tapped on element 'Object Repository/ShopOpen/RemainingCategories/DisplaySpaceAvailable'

2018-08-09 18:47:32 - [TEST_STEP][PASSED] - verifyElementText: Actual text and expected text of test object 'Object Repository/ShopOpen/RemainingCategories/Validate_ProductCategoryAssetScreen' are matched.

2018-08-09 18:47:35 - [MESSAGE][PASSED] - Actual text and expected text of test object 'Object Repository/ShopOpen/RemainingCategories/Validate_ProductCategoryAssetScreen' are matched.

2018-08-09 18:47:35 - [TEST_STEP][PASSED] - tap: Tapped on element 'Object Repository/ShopOpen/RemainingCategories/Facing'

2018-08-09 18:47:35 - [MESSAGE][WARNING] - Timeout '0' is invalid. Using default page load timeout: '5'

2018-08-09 18:47:35 - [MESSAGE][PASSED] - Tapped on element 'Object Repository/ShopOpen/RemainingCategories/Facing'

2018-08-09 18:47:35 - [TEST_STEP][PASSED] - verifyElementText: Actual text and expected text of test object 'Object Repository/ShopOpen/RemainingCategories/Validate_FacingScreen' are matched.

2018-08-09 18:47:37 - [MESSAGE][PASSED] - Actual text and expected text of test object 'Object Repository/ShopOpen/RemainingCategories/Validate_FacingScreen' are matched.

2018-08-09 18:47:37 - [TEST_STEP][PASSED] - com.ct.qa.keywords.ChannelProductsDataKeywords.visitChannelWiseProductsData: com.ct.qa.keywords.ChannelProductsDataKeywords.visitChannelWiseProductsData is PASSED

2018-08-09 18:47:40 - [MESSAGE][PASSED] - Keyboard is hidden

2018-08-09 18:47:43 - [MESSAGE][PASSED] - Keyboard is hidden

2018-08-09 18:47:44 - [MESSAGE][PASSED] - com.ct.qa.keywords.ChannelProductsDataKeywords.visitChannelWiseProductsData is PASSED

2018-08-09 18:47:44 - [TEST_STEP][PASSED] - tap: Tapped on element 'Object Repository/ShopOpen/RemainingCategories/SubmitButton'

2018-08-09 18:47:44 - [MESSAGE][WARNING] - Timeout '0' is invalid. Using default page load timeout: '5'

2018-08-09 18:47:44 - [MESSAGE][PASSED] - Tapped on element 'Object Repository/ShopOpen/RemainingCategories/SubmitButton'

2018-08-09 18:47:44 - [TEST_STEP][PASSED] - verifyElementText: Actual text and expected text of test object 'Object Repository/ShopOpen/RemainingCategories/Validate_ProductCategoryAssetScreen' are matched.

2018-08-09 18:47:45 - [MESSAGE][PASSED] - Actual text and expected text of test object 'Object Repository/ShopOpen/RemainingCategories/Validate_ProductCategoryAssetScreen' are matched.

2018-08-09 18:47:45 - [TEST_STEP][PASSED] - tap: Tapped on element 'Object Repository/ShopOpen/RemainingCategories/StockTaking'

2018-08-09 18:47:45 - [MESSAGE][WARNING] - Timeout '0' is invalid. Using default page load timeout: '5'

2018-08-09 18:47:46 - [MESSAGE][PASSED] - Tapped on element 'Object Repository/ShopOpen/RemainingCategories/StockTaking'

2018-08-09 18:47:46 - [TEST_STEP][PASSED] - verifyElementText: Actual text and expected text of test object 'Object Repository/ShopOpen/RemainingCategories/Validate_StockTakingScreen' are matched.

2018-08-09 18:47:48 - [MESSAGE][PASSED] - Actual text and expected text of test object 'Object Repository/ShopOpen/RemainingCategories/Validate_StockTakingScreen' are matched.

2018-08-09 18:47:48 - [TEST_STEP][PASSED] - com.ct.qa.keywords.ChannelProductsDataKeywords.visitChannelWiseProductsData: com.ct.qa.keywords.ChannelProductsDataKeywords.visitChannelWiseProductsData is PASSED

2018-08-09 18:47:51 - [MESSAGE][PASSED] - Keyboard is hidden

2018-08-09 18:47:54 - [MESSAGE][PASSED] - Keyboard is hidden

2018-08-09 18:47:55 - [MESSAGE][PASSED] - com.ct.qa.keywords.ChannelProductsDataKeywords.visitChannelWiseProductsData is PASSED

2018-08-09 18:47:55 - [TEST_STEP][PASSED] - tap: Tapped on element 'Object Repository/ShopOpen/RemainingCategories/SubmitButton'

2018-08-09 18:47:55 - [MESSAGE][WARNING] - Timeout '0' is invalid. Using default page load timeout: '5'

2018-08-09 18:47:55 - [MESSAGE][PASSED] - Tapped on element 'Object Repository/ShopOpen/RemainingCategories/SubmitButton'

2018-08-09 18:47:55 - [TEST_STEP][PASSED] - verifyElementText: Actual text and expected text of test object 'Object Repository/ShopOpen/RemainingCategories/Validate_ProductCategoryAssetScreen' are matched.

2018-08-09 18:47:57 - [MESSAGE][PASSED] - Actual text and expected text of test object 'Object Repository/ShopOpen/RemainingCategories/Validate_ProductCategoryAssetScreen' are matched.

2018-08-09 18:47:57 - [TEST_STEP][PASSED] - tap: Tapped on element 'Object Repository/ShopOpen/RemainingCategories/planogram_ImageView'

2018-08-09 18:47:57 - [MESSAGE][WARNING] - Timeout '0' is invalid. Using default page load timeout: '5'

2018-08-09 18:47:57 - [MESSAGE][PASSED] - Tapped on element 'Object Repository/ShopOpen/RemainingCategories/planogram_ImageView'

2018-08-09 18:47:57 - [TEST_STEP][PASSED] - com.ct.qa.keywords.CommonKeywords.checkPlanogramAvailability: com.ct.qa.keywords.CommonKeywords.checkPlanogramAvailability is PASSED

2018-08-09 18:47:57 - [MESSAGE][WARNING] - Timeout '0' is invalid. Using default page load timeout: '5'

2018-08-09 18:48:03 - [MESSAGE][WARNING] - Object Object Repository/CommonScreenElements/InfoPopUp_OKButton not found
[[ATTACHMENT|F:\\Git Projects\\MMAPlus_Merchandising\\MMAPlus_Merchandising\\Reports\\MMA Plus Merchandising With Chiller Wise Data Verification\\20180809_164504\\1533822482881.png]]

2018-08-09 18:48:03 - [MESSAGE][PASSED] - com.ct.qa.keywords.CommonKeywords.checkPlanogramAvailability is PASSED

2018-08-09 18:48:03 - [TEST_STEP][PASSED] - com.ct.qa.keywords.CommonKeywords.closePlanogram: com.ct.qa.keywords.CommonKeywords.closePlanogram is PASSED

2018-08-09 18:48:04 - [MESSAGE][PASSED] - com.ct.qa.keywords.CommonKeywords.closePlanogram is PASSED

2018-08-09 18:48:04 - [TEST_STEP][PASSED] - verifyElementText: Actual text and expected text of test object 'Object Repository/ShopOpen/RemainingCategories/Validate_ProductCategoryAssetScreen' are matched.

2018-08-09 18:48:05 - [MESSAGE][PASSED] - Actual text and expected text of test object 'Object Repository/ShopOpen/RemainingCategories/Validate_ProductCategoryAssetScreen' are matched.

2018-08-09 18:48:05 - [TEST_STEP][PASSED] - com.ct.qa.keywords.CommonKeywords.findPictureImageView: com.ct.qa.keywords.CommonKeywords.findPictureImageView is PASSED

2018-08-09 18:48:05 - [MESSAGE][WARNING] - Timeout '0' is invalid. Using default page load timeout: '5'

2018-08-09 18:48:08 - [MESSAGE][PASSED] - Tapped on element 'Object Repository/CommonScreenElements/Picture_ImageView'

2018-08-09 18:48:08 - [MESSAGE][WARNING] - Timeout '0' is invalid. Using default page load timeout: '5'

2018-08-09 18:48:09 - [MESSAGE][PASSED] - Element 'Object Repository/CommonScreenElements/Validate_CameraScreen' is exist

2018-08-09 18:48:09 - [MESSAGE][WARNING] - Timeout '0' is invalid. Using default page load timeout: '5'

2018-08-09 18:48:12 - [MESSAGE][PASSED] - Tapped on element 'Object Repository/CommonScreenElements/TakePictureButton'

2018-08-09 18:48:17 - [MESSAGE][PASSED] - Delayed 5 second(s)

2018-08-09 18:48:17 - [MESSAGE][WARNING] - Timeout '0' is invalid. Using default page load timeout: '5'

2018-08-09 18:48:18 - [MESSAGE][PASSED] - Tapped on element 'Object Repository/CommonScreenElements/DoneButton'

2018-08-09 18:48:18 - [MESSAGE][PASSED] - com.ct.qa.keywords.CommonKeywords.findPictureImageView is PASSED

2018-08-09 18:48:18 - [TEST_STEP][PASSED] - verifyElementText: Actual text and expected text of test object 'Object Repository/ShopOpen/RemainingCategories/Validate_ProductCategoryAssetScreen' are matched.

2018-08-09 18:48:19 - [MESSAGE][PASSED] - Actual text and expected text of test object 'Object Repository/ShopOpen/RemainingCategories/Validate_ProductCategoryAssetScreen' are matched.

2018-08-09 18:48:19 - [TEST_STEP][PASSED] - tap: Tapped on element 'Object Repository/ShopOpen/RemainingCategories/ProductCategoryAsset_BackButton'

2018-08-09 18:48:19 - [MESSAGE][WARNING] - Timeout '0' is invalid. Using default page load timeout: '5'

2018-08-09 18:48:19 - [MESSAGE][PASSED] - Tapped on element 'Object Repository/ShopOpen/RemainingCategories/ProductCategoryAsset_BackButton'

2018-08-09 18:48:19 - [TEST_STEP][PASSED] - verifyElementExist: Element 'Object Repository/ShopOpen/Validate_ShopCategoriesListScreen' is exist

2018-08-09 18:48:19 - [MESSAGE][WARNING] - Timeout '0' is invalid. Using default page load timeout: '5'

2018-08-09 18:48:22 - [MESSAGE][PASSED] - Element 'Object Repository/ShopOpen/Validate_ShopCategoriesListScreen' is exist

2018-08-09 18:48:22 - [MESSAGE][PASSED] - Call Test Case 'Test Cases/ShopOpen/RemainingCategories/VisitRemainingCategoriesWithDSA' successfully

2018-08-09 18:48:23 - [MESSAGE][PASSED] - Swiped from 0,293 to 0,200

2018-08-09 18:48:25 - [MESSAGE][PASSED] - Swiped from 0,293 to 0,200

2018-08-09 18:48:27 - [MESSAGE][PASSED] - Swiped from 0,293 to 0,200

2018-08-09 18:48:30 - [MESSAGE][PASSED] - Swiped from 0,293 to 0,200

2018-08-09 18:48:32 - [TEST_CASE][PASSED] - Test Cases/ShopOpen/RemainingCategories/VisitRemainingCategoriesWithDSA: Test Cases/ShopOpen/RemainingCategories/VisitRemainingCategoriesWithDSA

2018-08-09 18:48:32 - [TEST_STEP][PASSED] - verifyElementText: Actual text and expected text of test object 'Object Repository/ShopOpen/RemainingCategories/Validate_RemainingCategoriesDetailScreen' are matched.

2018-08-09 18:48:34 - [MESSAGE][PASSED] - Actual text and expected text of test object 'Object Repository/ShopOpen/RemainingCategories/Validate_RemainingCategoriesDetailScreen' are matched.

2018-08-09 18:48:34 - [TEST_STEP][PASSED] - tap: Tapped on element 'Object Repository/ShopOpen/RemainingCategories/DisplaySpaceAvailable'

2018-08-09 18:48:34 - [MESSAGE][WARNING] - Timeout '0' is invalid. Using default page load timeout: '5'

2018-08-09 18:48:34 - [MESSAGE][PASSED] - Tapped on element 'Object Repository/ShopOpen/RemainingCategories/DisplaySpaceAvailable'

2018-08-09 18:48:34 - [TEST_STEP][PASSED] - verifyElementText: Actual text and expected text of test object 'Object Repository/ShopOpen/RemainingCategories/Validate_ProductCategoryAssetScreen' are matched.

2018-08-09 18:48:37 - [MESSAGE][PASSED] - Actual text and expected text of test object 'Object Repository/ShopOpen/RemainingCategories/Validate_ProductCategoryAssetScreen' are matched.

2018-08-09 18:48:37 - [TEST_STEP][PASSED] - tap: Tapped on element 'Object Repository/ShopOpen/RemainingCategories/Facing'

2018-08-09 18:48:37 - [MESSAGE][WARNING] - Timeout '0' is invalid. Using default page load timeout: '5'

2018-08-09 18:48:37 - [MESSAGE][PASSED] - Tapped on element 'Object Repository/ShopOpen/RemainingCategories/Facing'

2018-08-09 18:48:37 - [TEST_STEP][PASSED] - verifyElementText: Actual text and expected text of test object 'Object Repository/ShopOpen/RemainingCategories/Validate_FacingScreen' are matched.

2018-08-09 18:48:39 - [MESSAGE][PASSED] - Actual text and expected text of test object 'Object Repository/ShopOpen/RemainingCategories/Validate_FacingScreen' are matched.

2018-08-09 18:48:39 - [TEST_STEP][PASSED] - com.ct.qa.keywords.ChannelProductsDataKeywords.visitChannelWiseProductsData: com.ct.qa.keywords.ChannelProductsDataKeywords.visitChannelWiseProductsData is PASSED

2018-08-09 18:48:43 - [MESSAGE][PASSED] - Keyboard is hidden

2018-08-09 18:48:46 - [MESSAGE][PASSED] - Keyboard is hidden

2018-08-09 18:48:49 - [MESSAGE][PASSED] - Keyboard is hidden

2018-08-09 18:48:50 - [MESSAGE][PASSED] - com.ct.qa.keywords.ChannelProductsDataKeywords.visitChannelWiseProductsData is PASSED

2018-08-09 18:48:50 - [TEST_STEP][PASSED] - tap: Tapped on element 'Object Repository/ShopOpen/RemainingCategories/SubmitButton'

2018-08-09 18:48:50 - [MESSAGE][WARNING] - Timeout '0' is invalid. Using default page load timeout: '5'

2018-08-09 18:48:51 - [MESSAGE][PASSED] - Tapped on element 'Object Repository/ShopOpen/RemainingCategories/SubmitButton'

2018-08-09 18:48:51 - [TEST_STEP][PASSED] - verifyElementText: Actual text and expected text of test object 'Object Repository/ShopOpen/RemainingCategories/Validate_ProductCategoryAssetScreen' are matched.

2018-08-09 18:48:52 - [MESSAGE][PASSED] - Actual text and expected text of test object 'Object Repository/ShopOpen/RemainingCategories/Validate_ProductCategoryAssetScreen' are matched.

2018-08-09 18:48:52 - [TEST_STEP][PASSED] - tap: Tapped on element 'Object Repository/ShopOpen/RemainingCategories/StockTaking'

2018-08-09 18:48:52 - [MESSAGE][WARNING] - Timeout '0' is invalid. Using default page load timeout: '5'

2018-08-09 18:48:52 - [MESSAGE][PASSED] - Tapped on element 'Object Repository/ShopOpen/RemainingCategories/StockTaking'

2018-08-09 18:48:52 - [TEST_STEP][PASSED] - verifyElementText: Actual text and expected text of test object 'Object Repository/ShopOpen/RemainingCategories/Validate_StockTakingScreen' are matched.

2018-08-09 18:48:54 - [MESSAGE][PASSED] - Actual text and expected text of test object 'Object Repository/ShopOpen/RemainingCategories/Validate_StockTakingScreen' are matched.

2018-08-09 18:48:54 - [TEST_STEP][PASSED] - com.ct.qa.keywords.ChannelProductsDataKeywords.visitChannelWiseProductsData: com.ct.qa.keywords.ChannelProductsDataKeywords.visitChannelWiseProductsData is PASSED

2018-08-09 18:48:58 - [MESSAGE][PASSED] - Keyboard is hidden

2018-08-09 18:49:01 - [MESSAGE][PASSED] - Keyboard is hidden

2018-08-09 18:49:04 - [MESSAGE][PASSED] - Keyboard is hidden

2018-08-09 18:49:05 - [MESSAGE][PASSED] - com.ct.qa.keywords.ChannelProductsDataKeywords.visitChannelWiseProductsData is PASSED

2018-08-09 18:49:05 - [TEST_STEP][PASSED] - tap: Tapped on element 'Object Repository/ShopOpen/RemainingCategories/SubmitButton'

2018-08-09 18:49:05 - [MESSAGE][WARNING] - Timeout '0' is invalid. Using default page load timeout: '5'

2018-08-09 18:49:06 - [MESSAGE][PASSED] - Tapped on element 'Object Repository/ShopOpen/RemainingCategories/SubmitButton'

2018-08-09 18:49:06 - [TEST_STEP][PASSED] - verifyElementText: Actual text and expected text of test object 'Object Repository/ShopOpen/RemainingCategories/Validate_ProductCategoryAssetScreen' are matched.

2018-08-09 18:49:07 - [MESSAGE][PASSED] - Actual text and expected text of test object 'Object Repository/ShopOpen/RemainingCategories/Validate_ProductCategoryAssetScreen' are matched.

2018-08-09 18:49:07 - [TEST_STEP][PASSED] - tap: Tapped on element 'Object Repository/ShopOpen/RemainingCategories/planogram_ImageView'

2018-08-09 18:49:07 - [MESSAGE][WARNING] - Timeout '0' is invalid. Using default page load timeout: '5'

2018-08-09 18:49:07 - [MESSAGE][PASSED] - Tapped on element 'Object Repository/ShopOpen/RemainingCategories/planogram_ImageView'

2018-08-09 18:49:07 - [TEST_STEP][PASSED] - com.ct.qa.keywords.CommonKeywords.checkPlanogramAvailability: com.ct.qa.keywords.CommonKeywords.checkPlanogramAvailability is PASSED

2018-08-09 18:49:07 - [MESSAGE][WARNING] - Timeout '0' is invalid. Using default page load timeout: '5'

2018-08-09 18:49:13 - [MESSAGE][WARNING] - Object Object Repository/CommonScreenElements/InfoPopUp_OKButton not found
[[ATTACHMENT|F:\\Git Projects\\MMAPlus_Merchandising\\MMAPlus_Merchandising\\Reports\\MMA Plus Merchandising With Chiller Wise Data Verification\\20180809_164504\\1533822552919.png]]

2018-08-09 18:49:13 - [MESSAGE][PASSED] - com.ct.qa.keywords.CommonKeywords.checkPlanogramAvailability is PASSED

2018-08-09 18:49:13 - [TEST_STEP][PASSED] - com.ct.qa.keywords.CommonKeywords.closePlanogram: com.ct.qa.keywords.CommonKeywords.closePlanogram is PASSED

2018-08-09 18:49:14 - [MESSAGE][PASSED] - com.ct.qa.keywords.CommonKeywords.closePlanogram is PASSED

2018-08-09 18:49:14 - [TEST_STEP][PASSED] - verifyElementText: Actual text and expected text of test object 'Object Repository/ShopOpen/RemainingCategories/Validate_ProductCategoryAssetScreen' are matched.

2018-08-09 18:49:15 - [MESSAGE][PASSED] - Actual text and expected text of test object 'Object Repository/ShopOpen/RemainingCategories/Validate_ProductCategoryAssetScreen' are matched.

2018-08-09 18:49:15 - [TEST_STEP][PASSED] - com.ct.qa.keywords.CommonKeywords.findPictureImageView: com.ct.qa.keywords.CommonKeywords.findPictureImageView is PASSED

2018-08-09 18:49:15 - [MESSAGE][WARNING] - Timeout '0' is invalid. Using default page load timeout: '5'

2018-08-09 18:49:17 - [MESSAGE][PASSED] - Tapped on element 'Object Repository/CommonScreenElements/Picture_ImageView'

2018-08-09 18:49:17 - [MESSAGE][WARNING] - Timeout '0' is invalid. Using default page load timeout: '5'

2018-08-09 18:49:18 - [MESSAGE][PASSED] - Element 'Object Repository/CommonScreenElements/Validate_CameraScreen' is exist

2018-08-09 18:49:18 - [MESSAGE][WARNING] - Timeout '0' is invalid. Using default page load timeout: '5'

2018-08-09 18:49:22 - [MESSAGE][PASSED] - Tapped on element 'Object Repository/CommonScreenElements/TakePictureButton'

2018-08-09 18:49:27 - [MESSAGE][PASSED] - Delayed 5 second(s)

2018-08-09 18:49:27 - [MESSAGE][WARNING] - Timeout '0' is invalid. Using default page load timeout: '5'

2018-08-09 18:49:27 - [MESSAGE][PASSED] - Tapped on element 'Object Repository/CommonScreenElements/DoneButton'

2018-08-09 18:49:27 - [MESSAGE][PASSED] - com.ct.qa.keywords.CommonKeywords.findPictureImageView is PASSED

2018-08-09 18:49:27 - [TEST_STEP][PASSED] - verifyElementText: Actual text and expected text of test object 'Object Repository/ShopOpen/RemainingCategories/Validate_ProductCategoryAssetScreen' are matched.

2018-08-09 18:49:28 - [MESSAGE][PASSED] - Actual text and expected text of test object 'Object Repository/ShopOpen/RemainingCategories/Validate_ProductCategoryAssetScreen' are matched.

2018-08-09 18:49:28 - [TEST_STEP][PASSED] - tap: Tapped on element 'Object Repository/ShopOpen/RemainingCategories/ProductCategoryAsset_BackButton'

2018-08-09 18:49:28 - [MESSAGE][WARNING] - Timeout '0' is invalid. Using default page load timeout: '5'

2018-08-09 18:49:29 - [MESSAGE][PASSED] - Tapped on element 'Object Repository/ShopOpen/RemainingCategories/ProductCategoryAsset_BackButton'

2018-08-09 18:49:29 - [TEST_STEP][PASSED] - verifyElementExist: Element 'Object Repository/ShopOpen/Validate_ShopCategoriesListScreen' is exist

2018-08-09 18:49:29 - [MESSAGE][WARNING] - Timeout '0' is invalid. Using default page load timeout: '5'

2018-08-09 18:49:31 - [MESSAGE][PASSED] - Element 'Object Repository/ShopOpen/Validate_ShopCategoriesListScreen' is exist

2018-08-09 18:49:31 - [MESSAGE][PASSED] - Call Test Case 'Test Cases/ShopOpen/RemainingCategories/VisitRemainingCategoriesWithDSA' successfully

2018-08-09 18:49:32 - [MESSAGE][PASSED] - Swiped from 0,293 to 0,200

2018-08-09 18:49:34 - [MESSAGE][PASSED] - Swiped from 0,293 to 0,200

2018-08-09 18:49:36 - [MESSAGE][PASSED] - Swiped from 0,293 to 0,200

2018-08-09 18:49:38 - [MESSAGE][PASSED] - Swiped from 0,293 to 0,200

2018-08-09 18:49:41 - [MESSAGE][PASSED] - Swiped from 0,293 to 0,200

2018-08-09 18:49:43 - [TEST_CASE][PASSED] - Test Cases/ShopOpen/RTMVisitFrequency/VisitRTMVisitFrequency: Test Cases/ShopOpen/RTMVisitFrequency/VisitRTMVisitFrequency

2018-08-09 18:49:43 - [TEST_STEP][PASSED] - verifyElementText: Actual text and expected text of test object 'Object Repository/ShopOpen/RTMVisitFrequency/Validate_RTMVisitFrequencyScreen' are matched.

2018-08-09 18:49:45 - [MESSAGE][PASSED] - Actual text and expected text of test object 'Object Repository/ShopOpen/RTMVisitFrequency/Validate_RTMVisitFrequencyScreen' are matched.

2018-08-09 18:49:45 - [TEST_STEP][PASSED] - com.ct.qa.keywords.RTMVisitFrequencyKeywords.visitRTMVisitFrequency: com.ct.qa.keywords.RTMVisitFrequencyKeywords.visitRTMVisitFrequency is PASSED

2018-08-09 18:49:45 - [MESSAGE][WARNING] - Timeout '0' is invalid. Using default page load timeout: '5'

2018-08-09 18:49:47 - [MESSAGE][PASSED] - Element 'Object Repository/ShopOpen/RTMVisitFrequency/Validate_RTMVisitFrequencyRemarks' is exist

2018-08-09 18:49:47 - [MESSAGE][WARNING] - Timeout '0' is invalid. Using default page load timeout: '5'

2018-08-09 18:49:48 - [MESSAGE][PASSED] - Tapped on element 'Object Repository/ShopOpen/RTMVisitFrequency/OnceAWeek'

2018-08-09 18:49:48 - [MESSAGE][WARNING] - Timeout '0' is invalid. Using default page load timeout: '5'

2018-08-09 18:49:50 - [MESSAGE][PASSED] - Element 'Object Repository/ShopOpen/RTMVisitFrequency/Validate_RTMVisitFrequencyRemarks' is exist

2018-08-09 18:49:50 - [MESSAGE][WARNING] - Timeout '0' is invalid. Using default page load timeout: '5'

2018-08-09 18:49:50 - [MESSAGE][PASSED] - Tapped on element 'Object Repository/ShopOpen/RTMVisitFrequency/OnceAWeek'

2018-08-09 18:49:51 - [MESSAGE][WARNING] - Timeout '0' is invalid. Using default page load timeout: '5'

2018-08-09 18:49:52 - [MESSAGE][PASSED] - Element 'Object Repository/ShopOpen/RTMVisitFrequency/Validate_RTMVisitFrequencyRemarks' is exist

2018-08-09 18:49:52 - [MESSAGE][WARNING] - Timeout '0' is invalid. Using default page load timeout: '5'

2018-08-09 18:49:53 - [MESSAGE][PASSED] - Tapped on element 'Object Repository/ShopOpen/RTMVisitFrequency/OnceAWeek'

2018-08-09 18:49:54 - [MESSAGE][WARNING] - Timeout '0' is invalid. Using default page load timeout: '5'

2018-08-09 18:49:55 - [MESSAGE][PASSED] - Element 'Object Repository/ShopOpen/RTMVisitFrequency/Validate_RTMVisitFrequencyRemarks' is exist

2018-08-09 18:49:55 - [MESSAGE][WARNING] - Timeout '0' is invalid. Using default page load timeout: '5'

2018-08-09 18:49:56 - [MESSAGE][PASSED] - Tapped on element 'Object Repository/ShopOpen/RTMVisitFrequency/OnceAWeek'

2018-08-09 18:49:56 - [MESSAGE][PASSED] - com.ct.qa.keywords.RTMVisitFrequencyKeywords.visitRTMVisitFrequency is PASSED

2018-08-09 18:49:56 - [TEST_STEP][PASSED] - tap: Tapped on element 'Object Repository/ShopOpen/RTMVisitFrequency/BackButton'

2018-08-09 18:49:56 - [MESSAGE][WARNING] - Timeout '0' is invalid. Using default page load timeout: '5'

2018-08-09 18:49:57 - [MESSAGE][PASSED] - Tapped on element 'Object Repository/ShopOpen/RTMVisitFrequency/BackButton'

2018-08-09 18:49:57 - [TEST_STEP][PASSED] - verifyElementExist: Element 'Object Repository/ShopOpen/Validate_ShopCategoriesListScreen' is exist

2018-08-09 18:49:57 - [MESSAGE][WARNING] - Timeout '0' is invalid. Using default page load timeout: '5'

2018-08-09 18:49:59 - [MESSAGE][PASSED] - Element 'Object Repository/ShopOpen/Validate_ShopCategoriesListScreen' is exist

2018-08-09 18:49:59 - [MESSAGE][PASSED] - Call Test Case 'Test Cases/ShopOpen/RTMVisitFrequency/VisitRTMVisitFrequency' successfully

2018-08-09 18:50:00 - [MESSAGE][PASSED] - Swiped from 0,293 to 0,200

2018-08-09 18:50:02 - [MESSAGE][PASSED] - Swiped from 0,293 to 0,200

2018-08-09 18:50:04 - [MESSAGE][PASSED] - Swiped from 0,293 to 0,200

2018-08-09 18:50:07 - [MESSAGE][PASSED] - Swiped from 0,293 to 0,200

2018-08-09 18:50:09 - [MESSAGE][PASSED] - Swiped from 0,293 to 0,200

2018-08-09 18:50:12 - [MESSAGE][PASSED] - Swiped from 0,293 to 0,200

2018-08-09 18:50:14 - [TEST_CASE][PASSED] - Test Cases/ShopOpen/POPApplication/OverwritePOPApplication: Test Cases/ShopOpen/POPApplication/OverwritePOPApplication

2018-08-09 18:50:14 - [TEST_STEP][PASSED] - verifyElementText: Actual text and expected text of test object 'Object Repository/ShopOpen/POPApplication/Validate_POPApplicationDetailScreen' are matched.

2018-08-09 18:50:16 - [MESSAGE][PASSED] - Actual text and expected text of test object 'Object Repository/ShopOpen/POPApplication/Validate_POPApplicationDetailScreen' are matched.

2018-08-09 18:50:16 - [TEST_STEP][PASSED] - tap: Tapped on element 'Object Repository/ShopOpen/POPApplication/POPDeployment_No'

2018-08-09 18:50:16 - [MESSAGE][WARNING] - Timeout '0' is invalid. Using default page load timeout: '5'

2018-08-09 18:50:16 - [MESSAGE][PASSED] - Tapped on element 'Object Repository/ShopOpen/POPApplication/POPDeployment_No'

2018-08-09 18:50:16 - [TEST_STEP][PASSED] - pressBack: Press back button successfully

2018-08-09 18:50:17 - [MESSAGE][PASSED] - Press back button successfully

2018-08-09 18:50:17 - [TEST_STEP][PASSED] - verifyElementExist: Element 'Object Repository/ShopOpen/Validate_ShopCategoriesListScreen' is exist

2018-08-09 18:50:17 - [MESSAGE][WARNING] - Timeout '0' is invalid. Using default page load timeout: '5'

2018-08-09 18:50:18 - [MESSAGE][PASSED] - Element 'Object Repository/ShopOpen/Validate_ShopCategoriesListScreen' is exist

2018-08-09 18:50:18 - [MESSAGE][PASSED] - Call Test Case 'Test Cases/ShopOpen/POPApplication/OverwritePOPApplication' successfully

2018-08-09 18:50:19 - [MESSAGE][PASSED] - Swiped from 0,293 to 0,200

2018-08-09 18:50:21 - [MESSAGE][PASSED] - Swiped from 0,293 to 0,200

2018-08-09 18:50:23 - [MESSAGE][PASSED] - Swiped from 0,293 to 0,200

2018-08-09 18:50:25 - [MESSAGE][PASSED] - Swiped from 0,293 to 0,200

2018-08-09 18:50:27 - [MESSAGE][PASSED] - Swiped from 0,293 to 0,200

2018-08-09 18:50:29 - [MESSAGE][PASSED] - Swiped from 0,293 to 0,200

2018-08-09 18:50:32 - [MESSAGE][PASSED] - Swiped from 0,293 to 0,200

2018-08-09 18:50:34 - [TEST_CASE][PASSED] - Test Cases/ShopOpen/RetailerRemarks/VisitRetailerRemarks: Test Cases/ShopOpen/RetailerRemarks/VisitRetailerRemarks

2018-08-09 18:50:34 - [TEST_STEP][PASSED] - verifyElementText: Actual text and expected text of test object 'Object Repository/ShopOpen/RetailerRemarks/Validate_RetailerRemarksScreen' are matched.

2018-08-09 18:50:36 - [MESSAGE][PASSED] - Actual text and expected text of test object 'Object Repository/ShopOpen/RetailerRemarks/Validate_RetailerRemarksScreen' are matched.

2018-08-09 18:50:36 - [TEST_STEP][PASSED] - com.ct.qa.keywords.RetailerRemarksKeywords.visitRetailerRemarks: com.ct.qa.keywords.RetailerRemarksKeywords.visitRetailerRemarks is PASSED

2018-08-09 18:50:36 - [MESSAGE][WARNING] - Timeout '0' is invalid. Using default page load timeout: '5'

2018-08-09 18:50:38 - [MESSAGE][PASSED] - Element 'Object Repository/ShopOpen/RetailerRemarks/OBNotVisiting' is exist

2018-08-09 18:50:38 - [MESSAGE][WARNING] - Timeout '0' is invalid. Using default page load timeout: '5'

2018-08-09 18:50:38 - [MESSAGE][PASSED] - Tapped on element 'Object Repository/ShopOpen/RetailerRemarks/OBNotVisiting'

2018-08-09 18:50:39 - [MESSAGE][PASSED] - Press back button successfully

2018-08-09 18:50:40 - [MESSAGE][PASSED] - Actual text and expected text of test object 'Object Repository/ShopOpen/RetailerRemarks/Validate_RetailerRemarksScreen' are matched.

2018-08-09 18:50:40 - [MESSAGE][WARNING] - Timeout '0' is invalid. Using default page load timeout: '5'

2018-08-09 18:50:41 - [MESSAGE][PASSED] - Element 'Object Repository/ShopOpen/RetailerRemarks/OBNotVisiting' is exist

2018-08-09 18:50:41 - [MESSAGE][WARNING] - Timeout '0' is invalid. Using default page load timeout: '5'

2018-08-09 18:50:42 - [MESSAGE][PASSED] - Tapped on element 'Object Repository/ShopOpen/RetailerRemarks/OBNotVisiting'

2018-08-09 18:50:43 - [MESSAGE][PASSED] - Press back button successfully

2018-08-09 18:50:44 - [MESSAGE][PASSED] - Actual text and expected text of test object 'Object Repository/ShopOpen/RetailerRemarks/Validate_RetailerRemarksScreen' are matched.

2018-08-09 18:50:44 - [MESSAGE][WARNING] - Timeout '0' is invalid. Using default page load timeout: '5'

2018-08-09 18:50:45 - [MESSAGE][PASSED] - Element 'Object Repository/ShopOpen/RetailerRemarks/OBNotVisiting' is exist

2018-08-09 18:50:45 - [MESSAGE][WARNING] - Timeout '0' is invalid. Using default page load timeout: '5'

2018-08-09 18:50:45 - [MESSAGE][PASSED] - Tapped on element 'Object Repository/ShopOpen/RetailerRemarks/OBNotVisiting'

2018-08-09 18:50:46 - [MESSAGE][PASSED] - Press back button successfully

2018-08-09 18:50:47 - [MESSAGE][PASSED] - Actual text and expected text of test object 'Object Repository/ShopOpen/RetailerRemarks/Validate_RetailerRemarksScreen' are matched.

2018-08-09 18:50:47 - [MESSAGE][PASSED] - com.ct.qa.keywords.RetailerRemarksKeywords.visitRetailerRemarks is PASSED

2018-08-09 18:50:47 - [TEST_STEP][PASSED] - tap: Tapped on element 'Object Repository/ShopOpen/RetailerRemarks/BackButton'

2018-08-09 18:50:47 - [MESSAGE][WARNING] - Timeout '0' is invalid. Using default page load timeout: '5'

2018-08-09 18:50:47 - [MESSAGE][PASSED] - Tapped on element 'Object Repository/ShopOpen/RetailerRemarks/BackButton'

2018-08-09 18:50:47 - [TEST_STEP][PASSED] - verifyElementExist: Element 'Object Repository/ShopOpen/Validate_ShopCategoriesListScreen' is exist

2018-08-09 18:50:47 - [MESSAGE][WARNING] - Timeout '0' is invalid. Using default page load timeout: '5'

2018-08-09 18:50:49 - [MESSAGE][PASSED] - Element 'Object Repository/ShopOpen/Validate_ShopCategoriesListScreen' is exist

2018-08-09 18:50:49 - [MESSAGE][PASSED] - Call Test Case 'Test Cases/ShopOpen/RetailerRemarks/VisitRetailerRemarks' successfully

2018-08-09 18:50:50 - [MESSAGE][PASSED] - Swiped from 0,293 to 0,200

2018-08-09 18:50:52 - [MESSAGE][PASSED] - Swiped from 0,293 to 0,200

2018-08-09 18:50:54 - [MESSAGE][PASSED] - Swiped from 0,293 to 0,200

2018-08-09 18:50:56 - [MESSAGE][PASSED] - Swiped from 0,293 to 0,200

2018-08-09 18:50:58 - [MESSAGE][PASSED] - Swiped from 0,293 to 0,200

2018-08-09 18:51:00 - [MESSAGE][PASSED] - Swiped from 0,293 to 0,200

2018-08-09 18:51:02 - [MESSAGE][PASSED] - Swiped from 0,293 to 0,200

2018-08-09 18:51:05 - [MESSAGE][PASSED] - Swiped from 0,293 to 0,200

2018-08-09 18:51:07 - [TEST_CASE][PASSED] - Test Cases/ShopOpen/AdditionalPicture/VisitAdditionalPicture: Test Cases/ShopOpen/AdditionalPicture/VisitAdditionalPicture

2018-08-09 18:51:07 - [TEST_STEP][PASSED] - verifyElementText: Actual text and expected text of test object 'Object Repository/ShopOpen/AdditionalPicture/Validate_AdditionalPictureScreen' are matched.

2018-08-09 18:51:09 - [MESSAGE][PASSED] - Actual text and expected text of test object 'Object Repository/ShopOpen/AdditionalPicture/Validate_AdditionalPictureScreen' are matched.

2018-08-09 18:51:09 - [TEST_STEP][PASSED] - com.ct.qa.keywords.AdditionalPictureKeywords.takeMendatoryImages: com.ct.qa.keywords.AdditionalPictureKeywords.takeMendatoryImages is PASSED

2018-08-09 18:51:10 - [MESSAGE][WARNING] - Timeout '0' is invalid. Using default page load timeout: '5'

2018-08-09 18:51:12 - [MESSAGE][PASSED] - Element 'Object Repository/CommonScreenElements/Validate_CameraScreen' is exist

2018-08-09 18:51:12 - [MESSAGE][WARNING] - Timeout '0' is invalid. Using default page load timeout: '5'

2018-08-09 18:51:16 - [MESSAGE][PASSED] - Tapped on element 'Object Repository/CommonScreenElements/TakePictureButton'

2018-08-09 18:51:21 - [MESSAGE][PASSED] - Delayed 5 second(s)

2018-08-09 18:51:21 - [MESSAGE][WARNING] - Timeout '0' is invalid. Using default page load timeout: '5'

2018-08-09 18:51:21 - [MESSAGE][PASSED] - Tapped on element 'Object Repository/CommonScreenElements/DoneButton'

2018-08-09 18:51:21 - [MESSAGE][PASSED] - com.ct.qa.keywords.AdditionalPictureKeywords.takeMendatoryImages is PASSED

2018-08-09 18:51:21 - [TEST_STEP][PASSED] - pressBack: Press back button successfully

2018-08-09 18:51:22 - [MESSAGE][PASSED] - Press back button successfully

2018-08-09 18:51:22 - [TEST_STEP][PASSED] - verifyElementExist: Element 'Object Repository/ShopOpen/Validate_ShopCategoriesListScreen' is exist

2018-08-09 18:51:22 - [MESSAGE][WARNING] - Timeout '0' is invalid. Using default page load timeout: '5'

2018-08-09 18:51:24 - [MESSAGE][PASSED] - Element 'Object Repository/ShopOpen/Validate_ShopCategoriesListScreen' is exist

2018-08-09 18:51:24 - [MESSAGE][PASSED] - Call Test Case 'Test Cases/ShopOpen/AdditionalPicture/VisitAdditionalPicture' successfully

2018-08-09 18:51:24 - [MESSAGE][PASSED] - Swiped from 0,293 to 0,200

2018-08-09 18:51:26 - [MESSAGE][PASSED] - Swiped from 0,293 to 0,200

2018-08-09 18:51:29 - [MESSAGE][PASSED] - Swiped from 0,293 to 0,200

2018-08-09 18:51:31 - [MESSAGE][PASSED] - Swiped from 0,293 to 0,200

2018-08-09 18:51:33 - [MESSAGE][PASSED] - Swiped from 0,293 to 0,200

2018-08-09 18:51:35 - [MESSAGE][PASSED] - Swiped from 0,293 to 0,200

2018-08-09 18:51:37 - [MESSAGE][PASSED] - Swiped from 0,293 to 0,200

2018-08-09 18:51:39 - [MESSAGE][PASSED] - Swiped from 0,293 to 0,200

2018-08-09 18:51:43 - [MESSAGE][PASSED] - Swiped from 0,293 to 0,200

2018-08-09 18:51:44 - [MESSAGE][PASSED] - com.ct.qa.keywords.CategoryVisitingScenariosKeywords.visitShopCategoriesWithDataVerification is PASSED

2018-08-09 18:51:44 - [MESSAGE][PASSED] - Call Test Case 'Test Cases/ShopOpen/VisitCategoryScenarios/VisitShopCategoriesWithDataVerification' successfully

2018-08-09 18:51:44 - [TEST_CASE][PASSED] - Test Cases/ShopOpen/SaveShop: Test Cases/ShopOpen/SaveShop

2018-08-09 18:51:44 - [TEST_STEP][PASSED] - tap: Tapped on element 'Object Repository/ShopOpen/SubmitButtonToSaveShop'

2018-08-09 18:51:44 - [MESSAGE][WARNING] - Timeout '0' is invalid. Using default page load timeout: '5'

2018-08-09 18:51:45 - [MESSAGE][PASSED] - Tapped on element 'Object Repository/ShopOpen/SubmitButtonToSaveShop'

2018-08-09 18:51:45 - [TEST_STEP][PASSED] - verifyElementExist: Element 'Object Repository/CommonScreenElements/Validate_InfoPopUP' is exist

2018-08-09 18:51:45 - [MESSAGE][WARNING] - Timeout '0' is invalid. Using default page load timeout: '5'

2018-08-09 18:51:46 - [MESSAGE][PASSED] - Element 'Object Repository/CommonScreenElements/Validate_InfoPopUP' is exist

2018-08-09 18:51:46 - [TEST_STEP][PASSED] - tap: Tapped on element 'Object Repository/CommonScreenElements/InfoPopUp_YesButton'

2018-08-09 18:51:46 - [MESSAGE][WARNING] - Timeout '0' is invalid. Using default page load timeout: '5'

2018-08-09 18:51:47 - [MESSAGE][PASSED] - Tapped on element 'Object Repository/CommonScreenElements/InfoPopUp_YesButton'

2018-08-09 18:51:47 - [TEST_STEP][PASSED] - verifyElementText: Actual text and expected text of test object 'Object Repository/Validate_ShopListScreen' are matched.

2018-08-09 18:51:48 - [MESSAGE][PASSED] - Actual text and expected text of test object 'Object Repository/Validate_ShopListScreen' are matched.

2018-08-09 18:51:48 - [MESSAGE][PASSED] - Call Test Case 'Test Cases/ShopOpen/SaveShop' successfully

2018-08-09 18:51:50 - [MESSAGE][PASSED] - Actual text and expected text of test object 'Object Repository/Validate_ShopOptionsScreen' are matched.

2018-08-09 18:51:50 - [MESSAGE][WARNING] - Timeout '0' is invalid. Using default page load timeout: '5'

2018-08-09 18:51:50 - [MESSAGE][PASSED] - Tapped on element 'Object Repository/StartWorking'

2018-08-09 18:52:05 - [MESSAGE][PASSED] - Delayed 15 second(s)

2018-08-09 18:52:06 - [MESSAGE][PASSED] - Element 'Object Repository/CommonScreenElements/Validate_MapScreen' is exist

2018-08-09 18:52:06 - [MESSAGE][WARNING] - Timeout '0' is invalid. Using default page load timeout: '5'

2018-08-09 18:52:07 - [MESSAGE][PASSED] - Tapped on element 'Object Repository/CommonScreenElements/Location_CheckIn'

2018-08-09 18:52:07 - [MESSAGE][WARNING] - Timeout '0' is invalid. Using default page load timeout: '5'

2018-08-09 18:52:08 - [MESSAGE][PASSED] - Element 'Object Repository/CommonScreenElements/Validate_InfoPopUP' is exist

2018-08-09 18:52:08 - [MESSAGE][WARNING] - Timeout '0' is invalid. Using default page load timeout: '5'

2018-08-09 18:52:08 - [MESSAGE][PASSED] - Tapped on element 'Object Repository/CommonScreenElements/InfoPopUp_NoButton'

2018-08-09 18:52:08 - [TEST_CASE][PASSED] - Test Cases/ShopOpen/VisitShopOpen: Test Cases/ShopOpen/VisitShopOpen

2018-08-09 18:52:08 - [TEST_STEP][PASSED] - verifyElementExist: Element 'Object Repository/ShopActions_List' is exist

2018-08-09 18:52:08 - [MESSAGE][WARNING] - Timeout '0' is invalid. Using default page load timeout: '5'

2018-08-09 18:52:09 - [MESSAGE][PASSED] - Element 'Object Repository/ShopActions_List' is exist

2018-08-09 18:52:09 - [TEST_STEP][PASSED] - tap: Tapped on element 'Object Repository/ShopOpen/ShopOpen'

2018-08-09 18:52:09 - [MESSAGE][WARNING] - Timeout '0' is invalid. Using default page load timeout: '5'

2018-08-09 18:52:11 - [MESSAGE][PASSED] - Tapped on element 'Object Repository/ShopOpen/ShopOpen'

2018-08-09 18:52:11 - [TEST_STEP][PASSED] - verifyElementExist: Element 'Object Repository/CommonScreenElements/Validate_CameraScreen' is exist

2018-08-09 18:52:11 - [MESSAGE][WARNING] - Timeout '0' is invalid. Using default page load timeout: '5'

2018-08-09 18:52:12 - [MESSAGE][PASSED] - Element 'Object Repository/CommonScreenElements/Validate_CameraScreen' is exist

2018-08-09 18:52:12 - [TEST_STEP][PASSED] - tap: Tapped on element 'Object Repository/CommonScreenElements/TakePictureButton'

2018-08-09 18:52:12 - [MESSAGE][WARNING] - Timeout '0' is invalid. Using default page load timeout: '5'

2018-08-09 18:52:15 - [MESSAGE][PASSED] - Tapped on element 'Object Repository/CommonScreenElements/TakePictureButton'

2018-08-09 18:52:15 - [TEST_STEP][PASSED] - delay: Delayed 5 second(s)

2018-08-09 18:52:20 - [MESSAGE][PASSED] - Delayed 5 second(s)

2018-08-09 18:52:20 - [TEST_STEP][PASSED] - tap: Tapped on element 'Object Repository/CommonScreenElements/DoneButton'

2018-08-09 18:52:20 - [MESSAGE][WARNING] - Timeout '0' is invalid. Using default page load timeout: '5'

2018-08-09 18:52:21 - [MESSAGE][PASSED] - Tapped on element 'Object Repository/CommonScreenElements/DoneButton'

2018-08-09 18:52:21 - [MESSAGE][PASSED] - Call Test Case 'Test Cases/ShopOpen/VisitShopOpen' successfully

2018-08-09 18:52:21 - [TEST_CASE][PASSED] - Test Cases/ShopOpen/VisitCategoryScenarios/VisitShopCategoriesWithDataVerification: Test Cases/ShopOpen/VisitCategoryScenarios/VisitShopCategoriesWithDataVerification

2018-08-09 18:52:21 - [TEST_STEP][PASSED] - verifyElementExist: Element 'Object Repository/ShopOpen/Validate_ShopCategoriesListScreen' is exist

2018-08-09 18:52:21 - [MESSAGE][WARNING] - Timeout '0' is invalid. Using default page load timeout: '5'

2018-08-09 18:52:23 - [MESSAGE][PASSED] - Element 'Object Repository/ShopOpen/Validate_ShopCategoriesListScreen' is exist

2018-08-09 18:52:23 - [TEST_STEP][PASSED] - com.ct.qa.keywords.CategoryVisitingScenariosKeywords.visitShopCategoriesWithDataVerification: com.ct.qa.keywords.CategoryVisitingScenariosKeywords.visitShopCategoriesWithDataVerification is PASSED

2018-08-09 18:52:28 - [MESSAGE][PASSED] - Swiped from 0,293 to 0,200

2018-08-09 18:52:31 - [MESSAGE][PASSED] - Swiped from 0,293 to 0,200

2018-08-09 18:52:34 - [MESSAGE][PASSED] - Swiped from 0,293 to 0,200

2018-08-09 18:52:37 - [MESSAGE][PASSED] - Swiped from 0,293 to 0,200

2018-08-09 18:52:40 - [MESSAGE][PASSED] - Swiped from 0,293 to 0,200

2018-08-09 18:52:43 - [MESSAGE][PASSED] - Swiped from 0,293 to 0,200

2018-08-09 18:52:46 - [MESSAGE][PASSED] - Swiped from 0,293 to 0,200

2018-08-09 18:52:49 - [MESSAGE][PASSED] - Swiped from 0,293 to 0,200

2018-08-09 18:52:53 - [MESSAGE][PASSED] - Swiped from 0,293 to 0,200

2018-08-09 18:52:55 - [MESSAGE][PASSED] - Swiped from 0,200 to 0,750

2018-08-09 18:52:55 - [MESSAGE][PASSED] - Swiped from 0,200 to 0,750

2018-08-09 18:52:57 - [TEST_CASE][PASSED] - Test Cases/ShopOpen/ChillerUtilization/VisitChillerScenarios/VisitChillerUtilizationWithDataVerification: Test Cases/ShopOpen/ChillerUtilization/VisitChillerScenarios/VisitChillerUtilizationWithDataVerification

2018-08-09 18:52:57 - [TEST_STEP][PASSED] - verifyElementText: Actual text and expected text of test object 'Object Repository/ShopOpen/ChillerUtilization/Validate_ChillerUtilizationScreen' are matched.

2018-08-09 18:52:59 - [MESSAGE][PASSED] - Actual text and expected text of test object 'Object Repository/ShopOpen/ChillerUtilization/Validate_ChillerUtilizationScreen' are matched.

2018-08-09 18:52:59 - [TEST_STEP][PASSED] - com.ct.qa.keywords.ChillerVisitingScenariosKeywords.visitChillersTaggedInChillerUtilizationWithDataVerification: com.ct.qa.keywords.ChillerVisitingScenariosKeywords.visitChillersTaggedInChillerUtilizationWithDataVerification is PASSED

2018-08-09 18:53:01 - [MESSAGE][WARNING] - Timeout '0' is invalid. Using default page load timeout: '5'

2018-08-09 18:53:02 - [MESSAGE][PASSED] - Element 'Object Repository/CommonScreenElements/Validate_CameraScreen' is exist

2018-08-09 18:53:02 - [MESSAGE][WARNING] - Timeout '0' is invalid. Using default page load timeout: '5'

2018-08-09 18:53:05 - [MESSAGE][PASSED] - Tapped on element 'Object Repository/CommonScreenElements/TakePictureButton'

2018-08-09 18:53:10 - [MESSAGE][PASSED] - Delayed 5 second(s)

2018-08-09 18:53:10 - [MESSAGE][WARNING] - Timeout '0' is invalid. Using default page load timeout: '5'

2018-08-09 18:53:11 - [MESSAGE][PASSED] - Tapped on element 'Object Repository/CommonScreenElements/DoneButton'

2018-08-09 18:53:16 - [TEST_CASE][PASSED] - Test Cases/ShopOpen/ChillerUtilization/ChillerNotInAccess/VisitChillerNotInAccess: Test Cases/ShopOpen/ChillerUtilization/ChillerNotInAccess/VisitChillerNotInAccess

2018-08-09 18:53:16 - [TEST_STEP][PASSED] - callTestCase: Call Test Case 'Test Cases/ShopOpen/ChillerUtilization/ChillerNotAvailable/VisitChillerNotAvailable' successfully

2018-08-09 18:53:16 - [TEST_CASE][PASSED] - Test Cases/ShopOpen/ChillerUtilization/ChillerNotAvailable/VisitChillerNotAvailable: Test Cases/ShopOpen/ChillerUtilization/ChillerNotAvailable/VisitChillerNotAvailable

2018-08-09 18:53:16 - [TEST_STEP][PASSED] - verifyElementText: Actual text and expected text of test object 'Object Repository/ShopOpen/ChillerUtilization/ChillerNotAvailable/Validate_ChillerNotAvailableScreen' are matched.

2018-08-09 18:53:18 - [MESSAGE][PASSED] - Actual text and expected text of test object 'Object Repository/ShopOpen/ChillerUtilization/ChillerNotAvailable/Validate_ChillerNotAvailableScreen' are matched.

2018-08-09 18:53:18 - [TEST_STEP][PASSED] - com.ct.qa.keywords.ChillerProductsDataKeywords.visitChillerNotAvailableProductCategories: com.ct.qa.keywords.ChillerProductsDataKeywords.visitChillerNotAvailableProductCategories is PASSED

2018-08-09 18:53:21 - [TEST_CASE][PASSED] - Test Cases/ShopOpen/ChillerUtilization/ChillerNotAvailable/VisitProductCategoryAssets: Test Cases/ShopOpen/ChillerUtilization/ChillerNotAvailable/VisitProductCategoryAssets

2018-08-09 18:53:21 - [TEST_STEP][PASSED] - verifyElementText: Actual text and expected text of test object 'Object Repository/ShopOpen/ChillerUtilization/ChillerNotAvailable/Validate_ProductCategoryAssetScreen' are matched.

2018-08-09 18:53:24 - [MESSAGE][PASSED] - Actual text and expected text of test object 'Object Repository/ShopOpen/ChillerUtilization/ChillerNotAvailable/Validate_ProductCategoryAssetScreen' are matched.

2018-08-09 18:53:24 - [TEST_STEP][PASSED] - tap: Tapped on element 'Object Repository/ShopOpen/ChillerUtilization/ChillerNotAvailable/Facing'

2018-08-09 18:53:24 - [MESSAGE][WARNING] - Timeout '0' is invalid. Using default page load timeout: '5'

2018-08-09 18:53:24 - [MESSAGE][PASSED] - Tapped on element 'Object Repository/ShopOpen/ChillerUtilization/ChillerNotAvailable/Facing'

2018-08-09 18:53:24 - [TEST_STEP][PASSED] - verifyElementText: Actual text and expected text of test object 'Object Repository/ShopOpen/ChillerUtilization/ChillerNotAvailable/Validate_FacingScreen' are matched.

2018-08-09 18:53:26 - [MESSAGE][PASSED] - Actual text and expected text of test object 'Object Repository/ShopOpen/ChillerUtilization/ChillerNotAvailable/Validate_FacingScreen' are matched.

2018-08-09 18:53:26 - [TEST_STEP][PASSED] - com.ct.qa.keywords.ChillerProductsDataKeywords.VisitChillerNotAvailableProductsData: com.ct.qa.keywords.ChillerProductsDataKeywords.VisitChillerNotAvailableProductsData is PASSED

2018-08-09 18:53:30 - [MESSAGE][PASSED] - Keyboard is hidden

2018-08-09 18:53:33 - [MESSAGE][PASSED] - Keyboard is hidden

2018-08-09 18:53:36 - [MESSAGE][PASSED] - Keyboard is hidden

2018-08-09 18:53:39 - [MESSAGE][PASSED] - Keyboard is hidden

2018-08-09 18:53:39 - [MESSAGE][PASSED] - com.ct.qa.keywords.ChillerProductsDataKeywords.VisitChillerNotAvailableProductsData is PASSED

2018-08-09 18:53:39 - [TEST_STEP][PASSED] - tap: Tapped on element 'Object Repository/ShopOpen/ChillerUtilization/ChillerNotAvailable/SubmitButton'

2018-08-09 18:53:39 - [MESSAGE][WARNING] - Timeout '0' is invalid. Using default page load timeout: '5'

2018-08-09 18:53:40 - [MESSAGE][PASSED] - Tapped on element 'Object Repository/ShopOpen/ChillerUtilization/ChillerNotAvailable/SubmitButton'

2018-08-09 18:53:40 - [TEST_STEP][PASSED] - verifyElementText: Actual text and expected text of test object 'Object Repository/ShopOpen/ChillerUtilization/ChillerNotAvailable/Validate_ProductCategoryAssetScreen' are matched.

2018-08-09 18:53:41 - [MESSAGE][PASSED] - Actual text and expected text of test object 'Object Repository/ShopOpen/ChillerUtilization/ChillerNotAvailable/Validate_ProductCategoryAssetScreen' are matched.

2018-08-09 18:53:41 - [TEST_STEP][PASSED] - tap: Tapped on element 'Object Repository/ShopOpen/ChillerUtilization/ChillerNotAvailable/StockTaking'

2018-08-09 18:53:41 - [MESSAGE][WARNING] - Timeout '0' is invalid. Using default page load timeout: '5'

2018-08-09 18:53:41 - [MESSAGE][PASSED] - Tapped on element 'Object Repository/ShopOpen/ChillerUtilization/ChillerNotAvailable/StockTaking'

2018-08-09 18:53:41 - [TEST_STEP][PASSED] - verifyElementText: Actual text and expected text of test object 'Object Repository/ShopOpen/ChillerUtilization/ChillerNotAvailable/Validate_StockTakingScreen' are matched.

2018-08-09 18:53:43 - [MESSAGE][PASSED] - Actual text and expected text of test object 'Object Repository/ShopOpen/ChillerUtilization/ChillerNotAvailable/Validate_StockTakingScreen' are matched.

2018-08-09 18:53:43 - [TEST_STEP][PASSED] - com.ct.qa.keywords.ChillerProductsDataKeywords.VisitChillerNotAvailableProductsData: com.ct.qa.keywords.ChillerProductsDataKeywords.VisitChillerNotAvailableProductsData is PASSED

2018-08-09 18:53:47 - [MESSAGE][PASSED] - Keyboard is hidden

2018-08-09 18:53:50 - [MESSAGE][PASSED] - Keyboard is hidden

2018-08-09 18:53:53 - [MESSAGE][PASSED] - Keyboard is hidden

2018-08-09 18:53:56 - [MESSAGE][PASSED] - Keyboard is hidden

2018-08-09 18:53:56 - [MESSAGE][PASSED] - com.ct.qa.keywords.ChillerProductsDataKeywords.VisitChillerNotAvailableProductsData is PASSED

2018-08-09 18:53:56 - [TEST_STEP][PASSED] - tap: Tapped on element 'Object Repository/ShopOpen/ChillerUtilization/ChillerNotAvailable/SubmitButton'

2018-08-09 18:53:56 - [MESSAGE][WARNING] - Timeout '0' is invalid. Using default page load timeout: '5'

2018-08-09 18:53:57 - [MESSAGE][PASSED] - Tapped on element 'Object Repository/ShopOpen/ChillerUtilization/ChillerNotAvailable/SubmitButton'

2018-08-09 18:53:57 - [TEST_STEP][PASSED] - verifyElementText: Actual text and expected text of test object 'Object Repository/ShopOpen/ChillerUtilization/ChillerNotAvailable/Validate_ProductCategoryAssetScreen' are matched.

2018-08-09 18:53:58 - [MESSAGE][PASSED] - Actual text and expected text of test object 'Object Repository/ShopOpen/ChillerUtilization/ChillerNotAvailable/Validate_ProductCategoryAssetScreen' are matched.

2018-08-09 18:53:58 - [TEST_STEP][PASSED] - tap: Tapped on element 'Object Repository/ShopOpen/ChillerUtilization/ChillerNotAvailable/ProductCategory_BackButton'

2018-08-09 18:53:58 - [MESSAGE][WARNING] - Timeout '0' is invalid. Using default page load timeout: '5'

2018-08-09 18:53:58 - [MESSAGE][PASSED] - Tapped on element 'Object Repository/ShopOpen/ChillerUtilization/ChillerNotAvailable/ProductCategory_BackButton'

2018-08-09 18:53:58 - [TEST_STEP][PASSED] - verifyElementText: Actual text and expected text of test object 'Object Repository/ShopOpen/ChillerUtilization/ChillerNotAvailable/Validate_ChillerNotAvailableScreen' are matched.

2018-08-09 18:53:59 - [MESSAGE][PASSED] - Actual text and expected text of test object 'Object Repository/ShopOpen/ChillerUtilization/ChillerNotAvailable/Validate_ChillerNotAvailableScreen' are matched.

2018-08-09 18:53:59 - [MESSAGE][PASSED] - Call Test Case 'Test Cases/ShopOpen/ChillerUtilization/ChillerNotAvailable/VisitProductCategoryAssets' successfully

2018-08-09 18:54:01 - [TEST_CASE][PASSED] - Test Cases/ShopOpen/ChillerUtilization/ChillerNotAvailable/VisitProductCategoryAssets: Test Cases/ShopOpen/ChillerUtilization/ChillerNotAvailable/VisitProductCategoryAssets

2018-08-09 18:54:01 - [TEST_STEP][PASSED] - verifyElementText: Actual text and expected text of test object 'Object Repository/ShopOpen/ChillerUtilization/ChillerNotAvailable/Validate_ProductCategoryAssetScreen' are matched.

2018-08-09 18:54:03 - [MESSAGE][PASSED] - Actual text and expected text of test object 'Object Repository/ShopOpen/ChillerUtilization/ChillerNotAvailable/Validate_ProductCategoryAssetScreen' are matched.

2018-08-09 18:54:03 - [TEST_STEP][PASSED] - tap: Tapped on element 'Object Repository/ShopOpen/ChillerUtilization/ChillerNotAvailable/Facing'

2018-08-09 18:54:03 - [MESSAGE][WARNING] - Timeout '0' is invalid. Using default page load timeout: '5'

2018-08-09 18:54:03 - [MESSAGE][PASSED] - Tapped on element 'Object Repository/ShopOpen/ChillerUtilization/ChillerNotAvailable/Facing'

2018-08-09 18:54:03 - [TEST_STEP][PASSED] - verifyElementText: Actual text and expected text of test object 'Object Repository/ShopOpen/ChillerUtilization/ChillerNotAvailable/Validate_FacingScreen' are matched.

2018-08-09 18:54:06 - [MESSAGE][PASSED] - Actual text and expected text of test object 'Object Repository/ShopOpen/ChillerUtilization/ChillerNotAvailable/Validate_FacingScreen' are matched.

2018-08-09 18:54:06 - [TEST_STEP][PASSED] - com.ct.qa.keywords.ChillerProductsDataKeywords.VisitChillerNotAvailableProductsData: com.ct.qa.keywords.ChillerProductsDataKeywords.VisitChillerNotAvailableProductsData is PASSED

2018-08-09 18:54:09 - [MESSAGE][PASSED] - Keyboard is hidden

2018-08-09 18:54:09 - [MESSAGE][PASSED] - com.ct.qa.keywords.ChillerProductsDataKeywords.VisitChillerNotAvailableProductsData is PASSED

2018-08-09 18:54:09 - [TEST_STEP][PASSED] - tap: Tapped on element 'Object Repository/ShopOpen/ChillerUtilization/ChillerNotAvailable/SubmitButton'

2018-08-09 18:54:09 - [MESSAGE][WARNING] - Timeout '0' is invalid. Using default page load timeout: '5'

2018-08-09 18:54:10 - [MESSAGE][PASSED] - Tapped on element 'Object Repository/ShopOpen/ChillerUtilization/ChillerNotAvailable/SubmitButton'

2018-08-09 18:54:10 - [TEST_STEP][PASSED] - verifyElementText: Actual text and expected text of test object 'Object Repository/ShopOpen/ChillerUtilization/ChillerNotAvailable/Validate_ProductCategoryAssetScreen' are matched.

2018-08-09 18:54:11 - [MESSAGE][PASSED] - Actual text and expected text of test object 'Object Repository/ShopOpen/ChillerUtilization/ChillerNotAvailable/Validate_ProductCategoryAssetScreen' are matched.

2018-08-09 18:54:11 - [TEST_STEP][PASSED] - tap: Tapped on element 'Object Repository/ShopOpen/ChillerUtilization/ChillerNotAvailable/StockTaking'

2018-08-09 18:54:11 - [MESSAGE][WARNING] - Timeout '0' is invalid. Using default page load timeout: '5'

2018-08-09 18:54:11 - [MESSAGE][PASSED] - Tapped on element 'Object Repository/ShopOpen/ChillerUtilization/ChillerNotAvailable/StockTaking'

2018-08-09 18:54:11 - [TEST_STEP][PASSED] - verifyElementText: Actual text and expected text of test object 'Object Repository/ShopOpen/ChillerUtilization/ChillerNotAvailable/Validate_StockTakingScreen' are matched.

2018-08-09 18:54:14 - [MESSAGE][PASSED] - Actual text and expected text of test object 'Object Repository/ShopOpen/ChillerUtilization/ChillerNotAvailable/Validate_StockTakingScreen' are matched.

2018-08-09 18:54:14 - [TEST_STEP][PASSED] - com.ct.qa.keywords.ChillerProductsDataKeywords.VisitChillerNotAvailableProductsData: com.ct.qa.keywords.ChillerProductsDataKeywords.VisitChillerNotAvailableProductsData is PASSED

2018-08-09 18:54:17 - [MESSAGE][PASSED] - Keyboard is hidden

2018-08-09 18:54:17 - [MESSAGE][PASSED] - com.ct.qa.keywords.ChillerProductsDataKeywords.VisitChillerNotAvailableProductsData is PASSED

2018-08-09 18:54:17 - [TEST_STEP][PASSED] - tap: Tapped on element 'Object Repository/ShopOpen/ChillerUtilization/ChillerNotAvailable/SubmitButton'

2018-08-09 18:54:17 - [MESSAGE][WARNING] - Timeout '0' is invalid. Using default page load timeout: '5'

2018-08-09 18:54:18 - [MESSAGE][PASSED] - Tapped on element 'Object Repository/ShopOpen/ChillerUtilization/ChillerNotAvailable/SubmitButton'

2018-08-09 18:54:18 - [TEST_STEP][PASSED] - verifyElementText: Actual text and expected text of test object 'Object Repository/ShopOpen/ChillerUtilization/ChillerNotAvailable/Validate_ProductCategoryAssetScreen' are matched.

2018-08-09 18:54:19 - [MESSAGE][PASSED] - Actual text and expected text of test object 'Object Repository/ShopOpen/ChillerUtilization/ChillerNotAvailable/Validate_ProductCategoryAssetScreen' are matched.

2018-08-09 18:54:19 - [TEST_STEP][PASSED] - tap: Tapped on element 'Object Repository/ShopOpen/ChillerUtilization/ChillerNotAvailable/ProductCategory_BackButton'

2018-08-09 18:54:19 - [MESSAGE][WARNING] - Timeout '0' is invalid. Using default page load timeout: '5'

2018-08-09 18:54:19 - [MESSAGE][PASSED] - Tapped on element 'Object Repository/ShopOpen/ChillerUtilization/ChillerNotAvailable/ProductCategory_BackButton'

2018-08-09 18:54:19 - [TEST_STEP][PASSED] - verifyElementText: Actual text and expected text of test object 'Object Repository/ShopOpen/ChillerUtilization/ChillerNotAvailable/Validate_ChillerNotAvailableScreen' are matched.

2018-08-09 18:54:20 - [MESSAGE][PASSED] - Actual text and expected text of test object 'Object Repository/ShopOpen/ChillerUtilization/ChillerNotAvailable/Validate_ChillerNotAvailableScreen' are matched.

2018-08-09 18:54:20 - [MESSAGE][PASSED] - Call Test Case 'Test Cases/ShopOpen/ChillerUtilization/ChillerNotAvailable/VisitProductCategoryAssets' successfully

2018-08-09 18:54:21 - [TEST_CASE][PASSED] - Test Cases/ShopOpen/ChillerUtilization/ChillerNotAvailable/VisitProductCategoryAssets: Test Cases/ShopOpen/ChillerUtilization/ChillerNotAvailable/VisitProductCategoryAssets

2018-08-09 18:54:21 - [TEST_STEP][PASSED] - verifyElementText: Actual text and expected text of test object 'Object Repository/ShopOpen/ChillerUtilization/ChillerNotAvailable/Validate_ProductCategoryAssetScreen' are matched.

2018-08-09 18:54:23 - [MESSAGE][PASSED] - Actual text and expected text of test object 'Object Repository/ShopOpen/ChillerUtilization/ChillerNotAvailable/Validate_ProductCategoryAssetScreen' are matched.

2018-08-09 18:54:23 - [TEST_STEP][PASSED] - tap: Tapped on element 'Object Repository/ShopOpen/ChillerUtilization/ChillerNotAvailable/Facing'

2018-08-09 18:54:23 - [MESSAGE][WARNING] - Timeout '0' is invalid. Using default page load timeout: '5'

2018-08-09 18:54:23 - [MESSAGE][PASSED] - Tapped on element 'Object Repository/ShopOpen/ChillerUtilization/ChillerNotAvailable/Facing'

2018-08-09 18:54:23 - [TEST_STEP][PASSED] - verifyElementText: Actual text and expected text of test object 'Object Repository/ShopOpen/ChillerUtilization/ChillerNotAvailable/Validate_FacingScreen' are matched.

2018-08-09 18:54:25 - [MESSAGE][PASSED] - Actual text and expected text of test object 'Object Repository/ShopOpen/ChillerUtilization/ChillerNotAvailable/Validate_FacingScreen' are matched.

2018-08-09 18:54:25 - [TEST_STEP][PASSED] - com.ct.qa.keywords.ChillerProductsDataKeywords.VisitChillerNotAvailableProductsData: com.ct.qa.keywords.ChillerProductsDataKeywords.VisitChillerNotAvailableProductsData is PASSED

2018-08-09 18:54:29 - [MESSAGE][PASSED] - Keyboard is hidden

2018-08-09 18:54:32 - [MESSAGE][PASSED] - Keyboard is hidden

2018-08-09 18:54:35 - [MESSAGE][PASSED] - Keyboard is hidden

2018-08-09 18:54:38 - [MESSAGE][PASSED] - Keyboard is hidden

2018-08-09 18:54:41 - [MESSAGE][PASSED] - Keyboard is hidden

2018-08-09 18:54:44 - [MESSAGE][PASSED] - Keyboard is hidden

2018-08-09 18:54:46 - [MESSAGE][PASSED] - Swiped from 65,359 to 65,250

2018-08-09 18:54:47 - [MESSAGE][PASSED] - com.ct.qa.keywords.ChillerProductsDataKeywords.VisitChillerNotAvailableProductsData is PASSED

2018-08-09 18:54:47 - [TEST_STEP][PASSED] - tap: Tapped on element 'Object Repository/ShopOpen/ChillerUtilization/ChillerNotAvailable/SubmitButton'

2018-08-09 18:54:47 - [MESSAGE][WARNING] - Timeout '0' is invalid. Using default page load timeout: '5'

2018-08-09 18:54:47 - [MESSAGE][PASSED] - Tapped on element 'Object Repository/ShopOpen/ChillerUtilization/ChillerNotAvailable/SubmitButton'

2018-08-09 18:54:47 - [TEST_STEP][PASSED] - verifyElementText: Actual text and expected text of test object 'Object Repository/ShopOpen/ChillerUtilization/ChillerNotAvailable/Validate_ProductCategoryAssetScreen' are matched.

2018-08-09 18:54:48 - [MESSAGE][PASSED] - Actual text and expected text of test object 'Object Repository/ShopOpen/ChillerUtilization/ChillerNotAvailable/Validate_ProductCategoryAssetScreen' are matched.

2018-08-09 18:54:48 - [TEST_STEP][PASSED] - tap: Tapped on element 'Object Repository/ShopOpen/ChillerUtilization/ChillerNotAvailable/StockTaking'

2018-08-09 18:54:48 - [MESSAGE][WARNING] - Timeout '0' is invalid. Using default page load timeout: '5'

2018-08-09 18:54:49 - [MESSAGE][PASSED] - Tapped on element 'Object Repository/ShopOpen/ChillerUtilization/ChillerNotAvailable/StockTaking'

2018-08-09 18:54:49 - [TEST_STEP][PASSED] - verifyElementText: Actual text and expected text of test object 'Object Repository/ShopOpen/ChillerUtilization/ChillerNotAvailable/Validate_StockTakingScreen' are matched.

2018-08-09 18:54:51 - [MESSAGE][PASSED] - Actual text and expected text of test object 'Object Repository/ShopOpen/ChillerUtilization/ChillerNotAvailable/Validate_StockTakingScreen' are matched.

2018-08-09 18:54:51 - [TEST_STEP][PASSED] - com.ct.qa.keywords.ChillerProductsDataKeywords.VisitChillerNotAvailableProductsData: com.ct.qa.keywords.ChillerProductsDataKeywords.VisitChillerNotAvailableProductsData is PASSED

2018-08-09 18:54:55 - [MESSAGE][PASSED] - Keyboard is hidden

2018-08-09 18:54:58 - [MESSAGE][PASSED] - Keyboard is hidden

2018-08-09 18:55:01 - [MESSAGE][PASSED] - Keyboard is hidden

2018-08-09 18:55:04 - [MESSAGE][PASSED] - Keyboard is hidden

2018-08-09 18:55:07 - [MESSAGE][PASSED] - Keyboard is hidden

2018-08-09 18:55:10 - [MESSAGE][PASSED] - Keyboard is hidden

2018-08-09 18:55:12 - [MESSAGE][PASSED] - Swiped from 65,359 to 65,250

2018-08-09 18:55:13 - [MESSAGE][PASSED] - com.ct.qa.keywords.ChillerProductsDataKeywords.VisitChillerNotAvailableProductsData is PASSED

2018-08-09 18:55:13 - [TEST_STEP][PASSED] - tap: Tapped on element 'Object Repository/ShopOpen/ChillerUtilization/ChillerNotAvailable/SubmitButton'

2018-08-09 18:55:13 - [MESSAGE][WARNING] - Timeout '0' is invalid. Using default page load timeout: '5'

2018-08-09 18:55:14 - [MESSAGE][PASSED] - Tapped on element 'Object Repository/ShopOpen/ChillerUtilization/ChillerNotAvailable/SubmitButton'

2018-08-09 18:55:14 - [TEST_STEP][PASSED] - verifyElementText: Actual text and expected text of test object 'Object Repository/ShopOpen/ChillerUtilization/ChillerNotAvailable/Validate_ProductCategoryAssetScreen' are matched.

2018-08-09 18:55:14 - [MESSAGE][PASSED] - Actual text and expected text of test object 'Object Repository/ShopOpen/ChillerUtilization/ChillerNotAvailable/Validate_ProductCategoryAssetScreen' are matched.

2018-08-09 18:55:14 - [TEST_STEP][PASSED] - tap: Tapped on element 'Object Repository/ShopOpen/ChillerUtilization/ChillerNotAvailable/ProductCategory_BackButton'

2018-08-09 18:55:14 - [MESSAGE][WARNING] - Timeout '0' is invalid. Using default page load timeout: '5'

2018-08-09 18:55:15 - [MESSAGE][PASSED] - Tapped on element 'Object Repository/ShopOpen/ChillerUtilization/ChillerNotAvailable/ProductCategory_BackButton'

2018-08-09 18:55:15 - [TEST_STEP][PASSED] - verifyElementText: Actual text and expected text of test object 'Object Repository/ShopOpen/ChillerUtilization/ChillerNotAvailable/Validate_ChillerNotAvailableScreen' are matched.

2018-08-09 18:55:16 - [MESSAGE][PASSED] - Actual text and expected text of test object 'Object Repository/ShopOpen/ChillerUtilization/ChillerNotAvailable/Validate_ChillerNotAvailableScreen' are matched.

2018-08-09 18:55:16 - [MESSAGE][PASSED] - Call Test Case 'Test Cases/ShopOpen/ChillerUtilization/ChillerNotAvailable/VisitProductCategoryAssets' successfully

2018-08-09 18:55:17 - [TEST_CASE][PASSED] - Test Cases/ShopOpen/ChillerUtilization/ChillerNotAvailable/VisitProductCategoryAssets: Test Cases/ShopOpen/ChillerUtilization/ChillerNotAvailable/VisitProductCategoryAssets

2018-08-09 18:55:17 - [TEST_STEP][PASSED] - verifyElementText: Actual text and expected text of test object 'Object Repository/ShopOpen/ChillerUtilization/ChillerNotAvailable/Validate_ProductCategoryAssetScreen' are matched.

2018-08-09 18:55:19 - [MESSAGE][PASSED] - Actual text and expected text of test object 'Object Repository/ShopOpen/ChillerUtilization/ChillerNotAvailable/Validate_ProductCategoryAssetScreen' are matched.

2018-08-09 18:55:19 - [TEST_STEP][PASSED] - tap: Tapped on element 'Object Repository/ShopOpen/ChillerUtilization/ChillerNotAvailable/Facing'

2018-08-09 18:55:19 - [MESSAGE][WARNING] - Timeout '0' is invalid. Using default page load timeout: '5'

2018-08-09 18:55:19 - [MESSAGE][PASSED] - Tapped on element 'Object Repository/ShopOpen/ChillerUtilization/ChillerNotAvailable/Facing'

2018-08-09 18:55:19 - [TEST_STEP][PASSED] - verifyElementText: Actual text and expected text of test object 'Object Repository/ShopOpen/ChillerUtilization/ChillerNotAvailable/Validate_FacingScreen' are matched.

2018-08-09 18:55:21 - [MESSAGE][PASSED] - Actual text and expected text of test object 'Object Repository/ShopOpen/ChillerUtilization/ChillerNotAvailable/Validate_FacingScreen' are matched.

2018-08-09 18:55:21 - [TEST_STEP][PASSED] - com.ct.qa.keywords.ChillerProductsDataKeywords.VisitChillerNotAvailableProductsData: com.ct.qa.keywords.ChillerProductsDataKeywords.VisitChillerNotAvailableProductsData is PASSED

2018-08-09 18:55:24 - [MESSAGE][PASSED] - Keyboard is hidden

2018-08-09 18:55:27 - [MESSAGE][PASSED] - Keyboard is hidden

2018-08-09 18:55:27 - [MESSAGE][PASSED] - com.ct.qa.keywords.ChillerProductsDataKeywords.VisitChillerNotAvailableProductsData is PASSED

2018-08-09 18:55:27 - [TEST_STEP][PASSED] - tap: Tapped on element 'Object Repository/ShopOpen/ChillerUtilization/ChillerNotAvailable/SubmitButton'

2018-08-09 18:55:27 - [MESSAGE][WARNING] - Timeout '0' is invalid. Using default page load timeout: '5'

2018-08-09 18:55:28 - [MESSAGE][PASSED] - Tapped on element 'Object Repository/ShopOpen/ChillerUtilization/ChillerNotAvailable/SubmitButton'

2018-08-09 18:55:28 - [TEST_STEP][PASSED] - verifyElementText: Actual text and expected text of test object 'Object Repository/ShopOpen/ChillerUtilization/ChillerNotAvailable/Validate_ProductCategoryAssetScreen' are matched.

2018-08-09 18:55:29 - [MESSAGE][PASSED] - Actual text and expected text of test object 'Object Repository/ShopOpen/ChillerUtilization/ChillerNotAvailable/Validate_ProductCategoryAssetScreen' are matched.

2018-08-09 18:55:29 - [TEST_STEP][PASSED] - tap: Tapped on element 'Object Repository/ShopOpen/ChillerUtilization/ChillerNotAvailable/StockTaking'

2018-08-09 18:55:29 - [MESSAGE][WARNING] - Timeout '0' is invalid. Using default page load timeout: '5'

2018-08-09 18:55:29 - [MESSAGE][PASSED] - Tapped on element 'Object Repository/ShopOpen/ChillerUtilization/ChillerNotAvailable/StockTaking'

2018-08-09 18:55:29 - [TEST_STEP][PASSED] - verifyElementText: Actual text and expected text of test object 'Object Repository/ShopOpen/ChillerUtilization/ChillerNotAvailable/Validate_StockTakingScreen' are matched.

2018-08-09 18:55:32 - [MESSAGE][PASSED] - Actual text and expected text of test object 'Object Repository/ShopOpen/ChillerUtilization/ChillerNotAvailable/Validate_StockTakingScreen' are matched.

2018-08-09 18:55:32 - [TEST_STEP][PASSED] - com.ct.qa.keywords.ChillerProductsDataKeywords.VisitChillerNotAvailableProductsData: com.ct.qa.keywords.ChillerProductsDataKeywords.VisitChillerNotAvailableProductsData is PASSED

2018-08-09 18:55:35 - [MESSAGE][PASSED] - Keyboard is hidden

2018-08-09 18:55:38 - [MESSAGE][PASSED] - Keyboard is hidden

2018-08-09 18:55:38 - [MESSAGE][PASSED] - com.ct.qa.keywords.ChillerProductsDataKeywords.VisitChillerNotAvailableProductsData is PASSED

2018-08-09 18:55:38 - [TEST_STEP][PASSED] - tap: Tapped on element 'Object Repository/ShopOpen/ChillerUtilization/ChillerNotAvailable/SubmitButton'

2018-08-09 18:55:38 - [MESSAGE][WARNING] - Timeout '0' is invalid. Using default page load timeout: '5'

2018-08-09 18:55:39 - [MESSAGE][PASSED] - Tapped on element 'Object Repository/ShopOpen/ChillerUtilization/ChillerNotAvailable/SubmitButton'

2018-08-09 18:55:39 - [TEST_STEP][PASSED] - verifyElementText: Actual text and expected text of test object 'Object Repository/ShopOpen/ChillerUtilization/ChillerNotAvailable/Validate_ProductCategoryAssetScreen' are matched.

2018-08-09 18:55:40 - [MESSAGE][PASSED] - Actual text and expected text of test object 'Object Repository/ShopOpen/ChillerUtilization/ChillerNotAvailable/Validate_ProductCategoryAssetScreen' are matched.

2018-08-09 18:55:40 - [TEST_STEP][PASSED] - tap: Tapped on element 'Object Repository/ShopOpen/ChillerUtilization/ChillerNotAvailable/ProductCategory_BackButton'

2018-08-09 18:55:40 - [MESSAGE][WARNING] - Timeout '0' is invalid. Using default page load timeout: '5'

2018-08-09 18:55:40 - [MESSAGE][PASSED] - Tapped on element 'Object Repository/ShopOpen/ChillerUtilization/ChillerNotAvailable/ProductCategory_BackButton'

2018-08-09 18:55:40 - [TEST_STEP][PASSED] - verifyElementText: Actual text and expected text of test object 'Object Repository/ShopOpen/ChillerUtilization/ChillerNotAvailable/Validate_ChillerNotAvailableScreen' are matched.

2018-08-09 18:55:41 - [MESSAGE][PASSED] - Actual text and expected text of test object 'Object Repository/ShopOpen/ChillerUtilization/ChillerNotAvailable/Validate_ChillerNotAvailableScreen' are matched.

2018-08-09 18:55:41 - [MESSAGE][PASSED] - Call Test Case 'Test Cases/ShopOpen/ChillerUtilization/ChillerNotAvailable/VisitProductCategoryAssets' successfully

2018-08-09 18:55:41 - [MESSAGE][PASSED] - com.ct.qa.keywords.ChillerProductsDataKeywords.visitChillerNotAvailableProductCategories is PASSED

2018-08-09 18:55:41 - [TEST_STEP][PASSED] - tap: Tapped on element 'Object Repository/ShopOpen/ChillerUtilization/ChillerNotAvailable/Planogram_ImageView'

2018-08-09 18:55:41 - [MESSAGE][WARNING] - Timeout '0' is invalid. Using default page load timeout: '5'

2018-08-09 18:55:42 - [MESSAGE][PASSED] - Tapped on element 'Object Repository/ShopOpen/ChillerUtilization/ChillerNotAvailable/Planogram_ImageView'

2018-08-09 18:55:42 - [TEST_STEP][PASSED] - com.ct.qa.keywords.CommonKeywords.checkPlanogramAvailability: com.ct.qa.keywords.CommonKeywords.checkPlanogramAvailability is PASSED

2018-08-09 18:55:42 - [MESSAGE][WARNING] - Timeout '0' is invalid. Using default page load timeout: '5'

2018-08-09 18:55:48 - [MESSAGE][WARNING] - Object Object Repository/CommonScreenElements/InfoPopUp_OKButton not found
[[ATTACHMENT|F:\\Git Projects\\MMAPlus_Merchandising\\MMAPlus_Merchandising\\Reports\\MMA Plus Merchandising With Chiller Wise Data Verification\\20180809_164504\\1533822947752.png]]

2018-08-09 18:55:48 - [MESSAGE][PASSED] - com.ct.qa.keywords.CommonKeywords.checkPlanogramAvailability is PASSED

2018-08-09 18:55:48 - [TEST_STEP][PASSED] - com.ct.qa.keywords.CommonKeywords.closePlanogram: com.ct.qa.keywords.CommonKeywords.closePlanogram is PASSED

2018-08-09 18:55:49 - [MESSAGE][PASSED] - com.ct.qa.keywords.CommonKeywords.closePlanogram is PASSED

2018-08-09 18:55:49 - [TEST_STEP][PASSED] - verifyElementText: Actual text and expected text of test object 'Object Repository/ShopOpen/ChillerUtilization/ChillerNotAvailable/Validate_ChillerNotAvailableScreen' are matched.

2018-08-09 18:55:50 - [MESSAGE][PASSED] - Actual text and expected text of test object 'Object Repository/ShopOpen/ChillerUtilization/ChillerNotAvailable/Validate_ChillerNotAvailableScreen' are matched.

2018-08-09 18:55:50 - [TEST_STEP][PASSED] - com.ct.qa.keywords.CommonKeywords.findPictureImageView: com.ct.qa.keywords.CommonKeywords.findPictureImageView is PASSED

2018-08-09 18:55:50 - [MESSAGE][WARNING] - Timeout '0' is invalid. Using default page load timeout: '5'

2018-08-09 18:55:52 - [MESSAGE][PASSED] - Tapped on element 'Object Repository/CommonScreenElements/Picture_ImageView'

2018-08-09 18:55:52 - [MESSAGE][WARNING] - Timeout '0' is invalid. Using default page load timeout: '5'

2018-08-09 18:55:53 - [MESSAGE][PASSED] - Element 'Object Repository/CommonScreenElements/Validate_CameraScreen' is exist

2018-08-09 18:55:53 - [MESSAGE][WARNING] - Timeout '0' is invalid. Using default page load timeout: '5'

2018-08-09 18:55:57 - [MESSAGE][PASSED] - Tapped on element 'Object Repository/CommonScreenElements/TakePictureButton'

2018-08-09 18:56:02 - [MESSAGE][PASSED] - Delayed 5 second(s)

2018-08-09 18:56:02 - [MESSAGE][WARNING] - Timeout '0' is invalid. Using default page load timeout: '5'

2018-08-09 18:56:02 - [MESSAGE][PASSED] - Tapped on element 'Object Repository/CommonScreenElements/DoneButton'

2018-08-09 18:56:02 - [MESSAGE][PASSED] - com.ct.qa.keywords.CommonKeywords.findPictureImageView is PASSED

2018-08-09 18:56:02 - [TEST_STEP][PASSED] - tap: Tapped on element 'Object Repository/ShopOpen/ChillerUtilization/ChillerNotAvailable/ChillerNotAvailable_BackButton'

2018-08-09 18:56:02 - [MESSAGE][WARNING] - Timeout '0' is invalid. Using default page load timeout: '5'

2018-08-09 18:56:04 - [MESSAGE][PASSED] - Tapped on element 'Object Repository/ShopOpen/ChillerUtilization/ChillerNotAvailable/ChillerNotAvailable_BackButton'

2018-08-09 18:56:04 - [TEST_STEP][PASSED] - verifyElementText: Actual text and expected text of test object 'Object Repository/ShopOpen/ChillerUtilization/Validate_ChillerUtilizationScreen' are matched.

2018-08-09 18:56:05 - [MESSAGE][PASSED] - Actual text and expected text of test object 'Object Repository/ShopOpen/ChillerUtilization/Validate_ChillerUtilizationScreen' are matched.

2018-08-09 18:56:05 - [MESSAGE][PASSED] - Call Test Case 'Test Cases/ShopOpen/ChillerUtilization/ChillerNotAvailable/VisitChillerNotAvailable' successfully

2018-08-09 18:56:05 - [MESSAGE][PASSED] - Call Test Case 'Test Cases/ShopOpen/ChillerUtilization/ChillerNotInAccess/VisitChillerNotInAccess' successfully

2018-08-09 18:56:05 - [MESSAGE][PASSED] - com.ct.qa.keywords.ChillerVisitingScenariosKeywords.visitChillersTaggedInChillerUtilizationWithDataVerification is PASSED

2018-08-09 18:56:05 - [TEST_STEP][PASSED] - tap: Tapped on element 'Object Repository/ShopOpen/ChillerUtilization/ChillerUtilization_backButton'

2018-08-09 18:56:05 - [MESSAGE][WARNING] - Timeout '0' is invalid. Using default page load timeout: '5'

2018-08-09 18:56:06 - [MESSAGE][PASSED] - Tapped on element 'Object Repository/ShopOpen/ChillerUtilization/ChillerUtilization_backButton'

2018-08-09 18:56:06 - [TEST_STEP][PASSED] - verifyElementExist: Element 'Object Repository/ShopOpen/Validate_ShopCategoriesListScreen' is exist

2018-08-09 18:56:06 - [MESSAGE][WARNING] - Timeout '0' is invalid. Using default page load timeout: '5'

2018-08-09 18:56:07 - [MESSAGE][PASSED] - Element 'Object Repository/ShopOpen/Validate_ShopCategoriesListScreen' is exist

2018-08-09 18:56:07 - [MESSAGE][PASSED] - Call Test Case 'Test Cases/ShopOpen/ChillerUtilization/VisitChillerScenarios/VisitChillerUtilizationWithDataVerification' successfully

2018-08-09 18:56:07 - [TEST_CASE][PASSED] - Test Cases/ShopOpen/RemainingCategories/VisitRemainingCategoriesWithDSA: Test Cases/ShopOpen/RemainingCategories/VisitRemainingCategoriesWithDSA

2018-08-09 18:56:07 - [TEST_STEP][PASSED] - verifyElementText: Actual text and expected text of test object 'Object Repository/ShopOpen/RemainingCategories/Validate_RemainingCategoriesDetailScreen' are matched.

2018-08-09 18:56:10 - [MESSAGE][PASSED] - Actual text and expected text of test object 'Object Repository/ShopOpen/RemainingCategories/Validate_RemainingCategoriesDetailScreen' are matched.

2018-08-09 18:56:10 - [TEST_STEP][PASSED] - tap: Tapped on element 'Object Repository/ShopOpen/RemainingCategories/DisplaySpaceAvailable'

2018-08-09 18:56:10 - [MESSAGE][WARNING] - Timeout '0' is invalid. Using default page load timeout: '5'

2018-08-09 18:56:10 - [MESSAGE][PASSED] - Tapped on element 'Object Repository/ShopOpen/RemainingCategories/DisplaySpaceAvailable'

2018-08-09 18:56:10 - [TEST_STEP][PASSED] - verifyElementText: Actual text and expected text of test object 'Object Repository/ShopOpen/RemainingCategories/Validate_ProductCategoryAssetScreen' are matched.

2018-08-09 18:56:13 - [MESSAGE][PASSED] - Actual text and expected text of test object 'Object Repository/ShopOpen/RemainingCategories/Validate_ProductCategoryAssetScreen' are matched.

2018-08-09 18:56:13 - [TEST_STEP][PASSED] - tap: Tapped on element 'Object Repository/ShopOpen/RemainingCategories/Facing'

2018-08-09 18:56:13 - [MESSAGE][WARNING] - Timeout '0' is invalid. Using default page load timeout: '5'

2018-08-09 18:56:13 - [MESSAGE][PASSED] - Tapped on element 'Object Repository/ShopOpen/RemainingCategories/Facing'

2018-08-09 18:56:13 - [TEST_STEP][PASSED] - verifyElementText: Actual text and expected text of test object 'Object Repository/ShopOpen/RemainingCategories/Validate_FacingScreen' are matched.

2018-08-09 18:56:15 - [MESSAGE][PASSED] - Actual text and expected text of test object 'Object Repository/ShopOpen/RemainingCategories/Validate_FacingScreen' are matched.

2018-08-09 18:56:15 - [TEST_STEP][PASSED] - com.ct.qa.keywords.ChannelProductsDataKeywords.visitChannelWiseProductsData: com.ct.qa.keywords.ChannelProductsDataKeywords.visitChannelWiseProductsData is PASSED

2018-08-09 18:56:19 - [MESSAGE][PASSED] - Keyboard is hidden

2018-08-09 18:56:22 - [MESSAGE][PASSED] - Keyboard is hidden

2018-08-09 18:56:25 - [MESSAGE][PASSED] - Keyboard is hidden

2018-08-09 18:56:28 - [MESSAGE][PASSED] - Keyboard is hidden

2018-08-09 18:56:31 - [MESSAGE][PASSED] - Keyboard is hidden

2018-08-09 18:56:34 - [MESSAGE][PASSED] - Keyboard is hidden

2018-08-09 18:56:38 - [MESSAGE][PASSED] - Swiped from 50,359 to 50,250

2018-08-09 18:56:40 - [MESSAGE][PASSED] - Keyboard is hidden

2018-08-09 18:56:42 - [MESSAGE][PASSED] - Swiped from 50,359 to 50,250

2018-08-09 18:56:45 - [MESSAGE][PASSED] - Keyboard is hidden

2018-08-09 18:56:47 - [MESSAGE][PASSED] - Swiped from 50,359 to 50,250

2018-08-09 18:56:50 - [MESSAGE][PASSED] - Keyboard is hidden

2018-08-09 18:56:52 - [MESSAGE][PASSED] - Swiped from 50,359 to 50,250

2018-08-09 18:56:53 - [MESSAGE][PASSED] - com.ct.qa.keywords.ChannelProductsDataKeywords.visitChannelWiseProductsData is PASSED

2018-08-09 18:56:53 - [TEST_STEP][PASSED] - tap: Tapped on element 'Object Repository/ShopOpen/RemainingCategories/SubmitButton'

2018-08-09 18:56:53 - [MESSAGE][WARNING] - Timeout '0' is invalid. Using default page load timeout: '5'

2018-08-09 18:56:53 - [MESSAGE][PASSED] - Tapped on element 'Object Repository/ShopOpen/RemainingCategories/SubmitButton'

2018-08-09 18:56:53 - [TEST_STEP][PASSED] - verifyElementText: Actual text and expected text of test object 'Object Repository/ShopOpen/RemainingCategories/Validate_ProductCategoryAssetScreen' are matched.

2018-08-09 18:56:54 - [MESSAGE][PASSED] - Actual text and expected text of test object 'Object Repository/ShopOpen/RemainingCategories/Validate_ProductCategoryAssetScreen' are matched.

2018-08-09 18:56:54 - [TEST_STEP][PASSED] - tap: Tapped on element 'Object Repository/ShopOpen/RemainingCategories/StockTaking'

2018-08-09 18:56:54 - [MESSAGE][WARNING] - Timeout '0' is invalid. Using default page load timeout: '5'

2018-08-09 18:56:55 - [MESSAGE][PASSED] - Tapped on element 'Object Repository/ShopOpen/RemainingCategories/StockTaking'

2018-08-09 18:56:55 - [TEST_STEP][PASSED] - verifyElementText: Actual text and expected text of test object 'Object Repository/ShopOpen/RemainingCategories/Validate_StockTakingScreen' are matched.

2018-08-09 18:56:57 - [MESSAGE][PASSED] - Actual text and expected text of test object 'Object Repository/ShopOpen/RemainingCategories/Validate_StockTakingScreen' are matched.

2018-08-09 18:56:57 - [TEST_STEP][PASSED] - com.ct.qa.keywords.ChannelProductsDataKeywords.visitChannelWiseProductsData: com.ct.qa.keywords.ChannelProductsDataKeywords.visitChannelWiseProductsData is PASSED

2018-08-09 18:57:01 - [MESSAGE][PASSED] - Keyboard is hidden

2018-08-09 18:57:04 - [MESSAGE][PASSED] - Keyboard is hidden

2018-08-09 18:57:07 - [MESSAGE][PASSED] - Keyboard is hidden

2018-08-09 18:57:10 - [MESSAGE][PASSED] - Keyboard is hidden

2018-08-09 18:57:13 - [MESSAGE][PASSED] - Keyboard is hidden

2018-08-09 18:57:16 - [MESSAGE][PASSED] - Keyboard is hidden

2018-08-09 18:57:20 - [MESSAGE][PASSED] - Swiped from 50,359 to 50,250

2018-08-09 18:57:23 - [MESSAGE][PASSED] - Keyboard is hidden

2018-08-09 18:57:25 - [MESSAGE][PASSED] - Swiped from 50,359 to 50,250

2018-08-09 18:57:28 - [MESSAGE][PASSED] - Keyboard is hidden

2018-08-09 18:57:30 - [MESSAGE][PASSED] - Swiped from 50,359 to 50,250

2018-08-09 18:57:33 - [MESSAGE][PASSED] - Keyboard is hidden

2018-08-09 18:57:35 - [MESSAGE][PASSED] - Swiped from 50,359 to 50,250

2018-08-09 18:57:36 - [MESSAGE][PASSED] - com.ct.qa.keywords.ChannelProductsDataKeywords.visitChannelWiseProductsData is PASSED

2018-08-09 18:57:36 - [TEST_STEP][PASSED] - tap: Tapped on element 'Object Repository/ShopOpen/RemainingCategories/SubmitButton'

2018-08-09 18:57:36 - [MESSAGE][WARNING] - Timeout '0' is invalid. Using default page load timeout: '5'

2018-08-09 18:57:36 - [MESSAGE][PASSED] - Tapped on element 'Object Repository/ShopOpen/RemainingCategories/SubmitButton'

2018-08-09 18:57:36 - [TEST_STEP][PASSED] - verifyElementText: Actual text and expected text of test object 'Object Repository/ShopOpen/RemainingCategories/Validate_ProductCategoryAssetScreen' are matched.

2018-08-09 18:57:37 - [MESSAGE][PASSED] - Actual text and expected text of test object 'Object Repository/ShopOpen/RemainingCategories/Validate_ProductCategoryAssetScreen' are matched.

2018-08-09 18:57:37 - [TEST_STEP][PASSED] - tap: Tapped on element 'Object Repository/ShopOpen/RemainingCategories/planogram_ImageView'

2018-08-09 18:57:37 - [MESSAGE][WARNING] - Timeout '0' is invalid. Using default page load timeout: '5'

2018-08-09 18:57:37 - [MESSAGE][PASSED] - Tapped on element 'Object Repository/ShopOpen/RemainingCategories/planogram_ImageView'

2018-08-09 18:57:37 - [TEST_STEP][PASSED] - com.ct.qa.keywords.CommonKeywords.checkPlanogramAvailability: com.ct.qa.keywords.CommonKeywords.checkPlanogramAvailability is PASSED

2018-08-09 18:57:37 - [MESSAGE][WARNING] - Timeout '0' is invalid. Using default page load timeout: '5'

2018-08-09 18:57:43 - [MESSAGE][WARNING] - Object Object Repository/CommonScreenElements/InfoPopUp_OKButton not found
[[ATTACHMENT|F:\\Git Projects\\MMAPlus_Merchandising\\MMAPlus_Merchandising\\Reports\\MMA Plus Merchandising With Chiller Wise Data Verification\\20180809_164504\\1533823062849.png]]

2018-08-09 18:57:43 - [MESSAGE][PASSED] - com.ct.qa.keywords.CommonKeywords.checkPlanogramAvailability is PASSED

2018-08-09 18:57:43 - [TEST_STEP][PASSED] - com.ct.qa.keywords.CommonKeywords.closePlanogram: com.ct.qa.keywords.CommonKeywords.closePlanogram is PASSED

2018-08-09 18:57:44 - [MESSAGE][PASSED] - com.ct.qa.keywords.CommonKeywords.closePlanogram is PASSED

2018-08-09 18:57:44 - [TEST_STEP][PASSED] - verifyElementText: Actual text and expected text of test object 'Object Repository/ShopOpen/RemainingCategories/Validate_ProductCategoryAssetScreen' are matched.

2018-08-09 18:57:45 - [MESSAGE][PASSED] - Actual text and expected text of test object 'Object Repository/ShopOpen/RemainingCategories/Validate_ProductCategoryAssetScreen' are matched.

2018-08-09 18:57:45 - [TEST_STEP][PASSED] - com.ct.qa.keywords.CommonKeywords.findPictureImageView: com.ct.qa.keywords.CommonKeywords.findPictureImageView is PASSED

2018-08-09 18:57:45 - [MESSAGE][WARNING] - Timeout '0' is invalid. Using default page load timeout: '5'

2018-08-09 18:57:47 - [MESSAGE][PASSED] - Tapped on element 'Object Repository/CommonScreenElements/Picture_ImageView'

2018-08-09 18:57:47 - [MESSAGE][WARNING] - Timeout '0' is invalid. Using default page load timeout: '5'

2018-08-09 18:57:48 - [MESSAGE][PASSED] - Element 'Object Repository/CommonScreenElements/Validate_CameraScreen' is exist

2018-08-09 18:57:48 - [MESSAGE][WARNING] - Timeout '0' is invalid. Using default page load timeout: '5'

2018-08-09 18:57:52 - [MESSAGE][PASSED] - Tapped on element 'Object Repository/CommonScreenElements/TakePictureButton'

2018-08-09 18:57:57 - [MESSAGE][PASSED] - Delayed 5 second(s)

2018-08-09 18:57:57 - [MESSAGE][WARNING] - Timeout '0' is invalid. Using default page load timeout: '5'

2018-08-09 18:57:58 - [MESSAGE][PASSED] - Tapped on element 'Object Repository/CommonScreenElements/DoneButton'

2018-08-09 18:57:58 - [MESSAGE][PASSED] - com.ct.qa.keywords.CommonKeywords.findPictureImageView is PASSED

2018-08-09 18:57:58 - [TEST_STEP][PASSED] - verifyElementText: Actual text and expected text of test object 'Object Repository/ShopOpen/RemainingCategories/Validate_ProductCategoryAssetScreen' are matched.

2018-08-09 18:57:59 - [MESSAGE][PASSED] - Actual text and expected text of test object 'Object Repository/ShopOpen/RemainingCategories/Validate_ProductCategoryAssetScreen' are matched.

2018-08-09 18:57:59 - [TEST_STEP][PASSED] - tap: Tapped on element 'Object Repository/ShopOpen/RemainingCategories/ProductCategoryAsset_BackButton'

2018-08-09 18:57:59 - [MESSAGE][WARNING] - Timeout '0' is invalid. Using default page load timeout: '5'

2018-08-09 18:58:00 - [MESSAGE][PASSED] - Tapped on element 'Object Repository/ShopOpen/RemainingCategories/ProductCategoryAsset_BackButton'

2018-08-09 18:58:00 - [TEST_STEP][PASSED] - verifyElementExist: Element 'Object Repository/ShopOpen/Validate_ShopCategoriesListScreen' is exist

2018-08-09 18:58:00 - [MESSAGE][WARNING] - Timeout '0' is invalid. Using default page load timeout: '5'

2018-08-09 18:58:02 - [MESSAGE][PASSED] - Element 'Object Repository/ShopOpen/Validate_ShopCategoriesListScreen' is exist

2018-08-09 18:58:02 - [MESSAGE][PASSED] - Call Test Case 'Test Cases/ShopOpen/RemainingCategories/VisitRemainingCategoriesWithDSA' successfully

2018-08-09 18:58:03 - [TEST_CASE][PASSED] - Test Cases/ShopOpen/RemainingCategories/VisitRemainingCategoriesWithDSA: Test Cases/ShopOpen/RemainingCategories/VisitRemainingCategoriesWithDSA

2018-08-09 18:58:03 - [TEST_STEP][PASSED] - verifyElementText: Actual text and expected text of test object 'Object Repository/ShopOpen/RemainingCategories/Validate_RemainingCategoriesDetailScreen' are matched.

2018-08-09 18:58:05 - [MESSAGE][PASSED] - Actual text and expected text of test object 'Object Repository/ShopOpen/RemainingCategories/Validate_RemainingCategoriesDetailScreen' are matched.

2018-08-09 18:58:05 - [TEST_STEP][PASSED] - tap: Tapped on element 'Object Repository/ShopOpen/RemainingCategories/DisplaySpaceAvailable'

2018-08-09 18:58:05 - [MESSAGE][WARNING] - Timeout '0' is invalid. Using default page load timeout: '5'

2018-08-09 18:58:05 - [MESSAGE][PASSED] - Tapped on element 'Object Repository/ShopOpen/RemainingCategories/DisplaySpaceAvailable'

2018-08-09 18:58:05 - [TEST_STEP][PASSED] - verifyElementText: Actual text and expected text of test object 'Object Repository/ShopOpen/RemainingCategories/Validate_ProductCategoryAssetScreen' are matched.

2018-08-09 18:58:08 - [MESSAGE][PASSED] - Actual text and expected text of test object 'Object Repository/ShopOpen/RemainingCategories/Validate_ProductCategoryAssetScreen' are matched.

2018-08-09 18:58:08 - [TEST_STEP][PASSED] - tap: Tapped on element 'Object Repository/ShopOpen/RemainingCategories/Facing'

2018-08-09 18:58:08 - [MESSAGE][WARNING] - Timeout '0' is invalid. Using default page load timeout: '5'

2018-08-09 18:58:08 - [MESSAGE][PASSED] - Tapped on element 'Object Repository/ShopOpen/RemainingCategories/Facing'

2018-08-09 18:58:08 - [TEST_STEP][PASSED] - verifyElementText: Actual text and expected text of test object 'Object Repository/ShopOpen/RemainingCategories/Validate_FacingScreen' are matched.

2018-08-09 18:58:10 - [MESSAGE][PASSED] - Actual text and expected text of test object 'Object Repository/ShopOpen/RemainingCategories/Validate_FacingScreen' are matched.

2018-08-09 18:58:10 - [TEST_STEP][PASSED] - com.ct.qa.keywords.ChannelProductsDataKeywords.visitChannelWiseProductsData: com.ct.qa.keywords.ChannelProductsDataKeywords.visitChannelWiseProductsData is PASSED

2018-08-09 18:58:14 - [MESSAGE][PASSED] - Keyboard is hidden

2018-08-09 18:58:17 - [MESSAGE][PASSED] - Keyboard is hidden

2018-08-09 18:58:20 - [MESSAGE][PASSED] - Keyboard is hidden

2018-08-09 18:58:23 - [MESSAGE][PASSED] - Keyboard is hidden

2018-08-09 18:58:24 - [MESSAGE][PASSED] - com.ct.qa.keywords.ChannelProductsDataKeywords.visitChannelWiseProductsData is PASSED

2018-08-09 18:58:24 - [TEST_STEP][PASSED] - tap: Tapped on element 'Object Repository/ShopOpen/RemainingCategories/SubmitButton'

2018-08-09 18:58:24 - [MESSAGE][WARNING] - Timeout '0' is invalid. Using default page load timeout: '5'

2018-08-09 18:58:25 - [MESSAGE][PASSED] - Tapped on element 'Object Repository/ShopOpen/RemainingCategories/SubmitButton'

2018-08-09 18:58:25 - [TEST_STEP][PASSED] - verifyElementText: Actual text and expected text of test object 'Object Repository/ShopOpen/RemainingCategories/Validate_ProductCategoryAssetScreen' are matched.

2018-08-09 18:58:26 - [MESSAGE][PASSED] - Actual text and expected text of test object 'Object Repository/ShopOpen/RemainingCategories/Validate_ProductCategoryAssetScreen' are matched.

2018-08-09 18:58:26 - [TEST_STEP][PASSED] - tap: Tapped on element 'Object Repository/ShopOpen/RemainingCategories/StockTaking'

2018-08-09 18:58:26 - [MESSAGE][WARNING] - Timeout '0' is invalid. Using default page load timeout: '5'

2018-08-09 18:58:26 - [MESSAGE][PASSED] - Tapped on element 'Object Repository/ShopOpen/RemainingCategories/StockTaking'

2018-08-09 18:58:26 - [TEST_STEP][PASSED] - verifyElementText: Actual text and expected text of test object 'Object Repository/ShopOpen/RemainingCategories/Validate_StockTakingScreen' are matched.

2018-08-09 18:58:28 - [MESSAGE][PASSED] - Actual text and expected text of test object 'Object Repository/ShopOpen/RemainingCategories/Validate_StockTakingScreen' are matched.

2018-08-09 18:58:28 - [TEST_STEP][PASSED] - com.ct.qa.keywords.ChannelProductsDataKeywords.visitChannelWiseProductsData: com.ct.qa.keywords.ChannelProductsDataKeywords.visitChannelWiseProductsData is PASSED

2018-08-09 18:58:32 - [MESSAGE][PASSED] - Keyboard is hidden

2018-08-09 18:58:35 - [MESSAGE][PASSED] - Keyboard is hidden

2018-08-09 18:58:38 - [MESSAGE][PASSED] - Keyboard is hidden

2018-08-09 18:58:41 - [MESSAGE][PASSED] - Keyboard is hidden

2018-08-09 18:58:42 - [MESSAGE][PASSED] - com.ct.qa.keywords.ChannelProductsDataKeywords.visitChannelWiseProductsData is PASSED

2018-08-09 18:58:42 - [TEST_STEP][PASSED] - tap: Tapped on element 'Object Repository/ShopOpen/RemainingCategories/SubmitButton'

2018-08-09 18:58:42 - [MESSAGE][WARNING] - Timeout '0' is invalid. Using default page load timeout: '5'

2018-08-09 18:58:43 - [MESSAGE][PASSED] - Tapped on element 'Object Repository/ShopOpen/RemainingCategories/SubmitButton'

2018-08-09 18:58:43 - [TEST_STEP][PASSED] - verifyElementText: Actual text and expected text of test object 'Object Repository/ShopOpen/RemainingCategories/Validate_ProductCategoryAssetScreen' are matched.

2018-08-09 18:58:44 - [MESSAGE][PASSED] - Actual text and expected text of test object 'Object Repository/ShopOpen/RemainingCategories/Validate_ProductCategoryAssetScreen' are matched.

2018-08-09 18:58:44 - [TEST_STEP][PASSED] - tap: Tapped on element 'Object Repository/ShopOpen/RemainingCategories/planogram_ImageView'

2018-08-09 18:58:44 - [MESSAGE][WARNING] - Timeout '0' is invalid. Using default page load timeout: '5'

2018-08-09 18:58:44 - [MESSAGE][PASSED] - Tapped on element 'Object Repository/ShopOpen/RemainingCategories/planogram_ImageView'

2018-08-09 18:58:44 - [TEST_STEP][PASSED] - com.ct.qa.keywords.CommonKeywords.checkPlanogramAvailability: com.ct.qa.keywords.CommonKeywords.checkPlanogramAvailability is PASSED

2018-08-09 18:58:44 - [MESSAGE][WARNING] - Timeout '0' is invalid. Using default page load timeout: '5'

2018-08-09 18:58:50 - [MESSAGE][WARNING] - Object Object Repository/CommonScreenElements/InfoPopUp_OKButton not found
[[ATTACHMENT|F:\\Git Projects\\MMAPlus_Merchandising\\MMAPlus_Merchandising\\Reports\\MMA Plus Merchandising With Chiller Wise Data Verification\\20180809_164504\\1533823129946.png]]

2018-08-09 18:58:50 - [MESSAGE][PASSED] - com.ct.qa.keywords.CommonKeywords.checkPlanogramAvailability is PASSED

2018-08-09 18:58:50 - [TEST_STEP][PASSED] - com.ct.qa.keywords.CommonKeywords.closePlanogram: com.ct.qa.keywords.CommonKeywords.closePlanogram is PASSED

2018-08-09 18:58:51 - [MESSAGE][PASSED] - com.ct.qa.keywords.CommonKeywords.closePlanogram is PASSED

2018-08-09 18:58:51 - [TEST_STEP][PASSED] - verifyElementText: Actual text and expected text of test object 'Object Repository/ShopOpen/RemainingCategories/Validate_ProductCategoryAssetScreen' are matched.

2018-08-09 18:58:52 - [MESSAGE][PASSED] - Actual text and expected text of test object 'Object Repository/ShopOpen/RemainingCategories/Validate_ProductCategoryAssetScreen' are matched.

2018-08-09 18:58:52 - [TEST_STEP][PASSED] - com.ct.qa.keywords.CommonKeywords.findPictureImageView: com.ct.qa.keywords.CommonKeywords.findPictureImageView is PASSED

2018-08-09 18:58:52 - [MESSAGE][WARNING] - Timeout '0' is invalid. Using default page load timeout: '5'

2018-08-09 18:58:54 - [MESSAGE][PASSED] - Tapped on element 'Object Repository/CommonScreenElements/Picture_ImageView'

2018-08-09 18:58:54 - [MESSAGE][WARNING] - Timeout '0' is invalid. Using default page load timeout: '5'

2018-08-09 18:58:55 - [MESSAGE][PASSED] - Element 'Object Repository/CommonScreenElements/Validate_CameraScreen' is exist

2018-08-09 18:58:55 - [MESSAGE][WARNING] - Timeout '0' is invalid. Using default page load timeout: '5'

2018-08-09 18:58:59 - [MESSAGE][PASSED] - Tapped on element 'Object Repository/CommonScreenElements/TakePictureButton'

2018-08-09 18:59:04 - [MESSAGE][PASSED] - Delayed 5 second(s)

2018-08-09 18:59:04 - [MESSAGE][WARNING] - Timeout '0' is invalid. Using default page load timeout: '5'

2018-08-09 18:59:04 - [MESSAGE][PASSED] - Tapped on element 'Object Repository/CommonScreenElements/DoneButton'

2018-08-09 18:59:04 - [MESSAGE][PASSED] - com.ct.qa.keywords.CommonKeywords.findPictureImageView is PASSED

2018-08-09 18:59:04 - [TEST_STEP][PASSED] - verifyElementText: Actual text and expected text of test object 'Object Repository/ShopOpen/RemainingCategories/Validate_ProductCategoryAssetScreen' are matched.

2018-08-09 18:59:05 - [MESSAGE][PASSED] - Actual text and expected text of test object 'Object Repository/ShopOpen/RemainingCategories/Validate_ProductCategoryAssetScreen' are matched.

2018-08-09 18:59:05 - [TEST_STEP][PASSED] - tap: Tapped on element 'Object Repository/ShopOpen/RemainingCategories/ProductCategoryAsset_BackButton'

2018-08-09 18:59:05 - [MESSAGE][WARNING] - Timeout '0' is invalid. Using default page load timeout: '5'

2018-08-09 18:59:06 - [MESSAGE][PASSED] - Tapped on element 'Object Repository/ShopOpen/RemainingCategories/ProductCategoryAsset_BackButton'

2018-08-09 18:59:06 - [TEST_STEP][PASSED] - verifyElementExist: Element 'Object Repository/ShopOpen/Validate_ShopCategoriesListScreen' is exist

2018-08-09 18:59:06 - [MESSAGE][WARNING] - Timeout '0' is invalid. Using default page load timeout: '5'

2018-08-09 18:59:08 - [MESSAGE][PASSED] - Element 'Object Repository/ShopOpen/Validate_ShopCategoriesListScreen' is exist

2018-08-09 18:59:08 - [MESSAGE][PASSED] - Call Test Case 'Test Cases/ShopOpen/RemainingCategories/VisitRemainingCategoriesWithDSA' successfully

2018-08-09 18:59:08 - [TEST_CASE][PASSED] - Test Cases/ShopOpen/RemainingCategories/VisitRemainingCategoriesWithDSA: Test Cases/ShopOpen/RemainingCategories/VisitRemainingCategoriesWithDSA

2018-08-09 18:59:08 - [TEST_STEP][PASSED] - verifyElementText: Actual text and expected text of test object 'Object Repository/ShopOpen/RemainingCategories/Validate_RemainingCategoriesDetailScreen' are matched.

2018-08-09 18:59:11 - [MESSAGE][PASSED] - Actual text and expected text of test object 'Object Repository/ShopOpen/RemainingCategories/Validate_RemainingCategoriesDetailScreen' are matched.

2018-08-09 18:59:11 - [TEST_STEP][PASSED] - tap: Tapped on element 'Object Repository/ShopOpen/RemainingCategories/DisplaySpaceAvailable'

2018-08-09 18:59:11 - [MESSAGE][WARNING] - Timeout '0' is invalid. Using default page load timeout: '5'

2018-08-09 18:59:11 - [MESSAGE][PASSED] - Tapped on element 'Object Repository/ShopOpen/RemainingCategories/DisplaySpaceAvailable'

2018-08-09 18:59:11 - [TEST_STEP][PASSED] - verifyElementText: Actual text and expected text of test object 'Object Repository/ShopOpen/RemainingCategories/Validate_ProductCategoryAssetScreen' are matched.

2018-08-09 18:59:14 - [MESSAGE][PASSED] - Actual text and expected text of test object 'Object Repository/ShopOpen/RemainingCategories/Validate_ProductCategoryAssetScreen' are matched.

2018-08-09 18:59:14 - [TEST_STEP][PASSED] - tap: Tapped on element 'Object Repository/ShopOpen/RemainingCategories/Facing'

2018-08-09 18:59:14 - [MESSAGE][WARNING] - Timeout '0' is invalid. Using default page load timeout: '5'

2018-08-09 18:59:14 - [MESSAGE][PASSED] - Tapped on element 'Object Repository/ShopOpen/RemainingCategories/Facing'

2018-08-09 18:59:14 - [TEST_STEP][PASSED] - verifyElementText: Actual text and expected text of test object 'Object Repository/ShopOpen/RemainingCategories/Validate_FacingScreen' are matched.

2018-08-09 18:59:16 - [MESSAGE][PASSED] - Actual text and expected text of test object 'Object Repository/ShopOpen/RemainingCategories/Validate_FacingScreen' are matched.

2018-08-09 18:59:16 - [TEST_STEP][PASSED] - com.ct.qa.keywords.ChannelProductsDataKeywords.visitChannelWiseProductsData: com.ct.qa.keywords.ChannelProductsDataKeywords.visitChannelWiseProductsData is PASSED

2018-08-09 18:59:19 - [MESSAGE][PASSED] - Keyboard is hidden

2018-08-09 18:59:22 - [MESSAGE][PASSED] - Keyboard is hidden

2018-08-09 18:59:23 - [MESSAGE][PASSED] - com.ct.qa.keywords.ChannelProductsDataKeywords.visitChannelWiseProductsData is PASSED

2018-08-09 18:59:23 - [TEST_STEP][PASSED] - tap: Tapped on element 'Object Repository/ShopOpen/RemainingCategories/SubmitButton'

2018-08-09 18:59:23 - [MESSAGE][WARNING] - Timeout '0' is invalid. Using default page load timeout: '5'

2018-08-09 18:59:24 - [MESSAGE][PASSED] - Tapped on element 'Object Repository/ShopOpen/RemainingCategories/SubmitButton'

2018-08-09 18:59:24 - [TEST_STEP][PASSED] - verifyElementText: Actual text and expected text of test object 'Object Repository/ShopOpen/RemainingCategories/Validate_ProductCategoryAssetScreen' are matched.

2018-08-09 18:59:25 - [MESSAGE][PASSED] - Actual text and expected text of test object 'Object Repository/ShopOpen/RemainingCategories/Validate_ProductCategoryAssetScreen' are matched.

2018-08-09 18:59:25 - [TEST_STEP][PASSED] - tap: Tapped on element 'Object Repository/ShopOpen/RemainingCategories/StockTaking'

2018-08-09 18:59:25 - [MESSAGE][WARNING] - Timeout '0' is invalid. Using default page load timeout: '5'

2018-08-09 18:59:25 - [MESSAGE][PASSED] - Tapped on element 'Object Repository/ShopOpen/RemainingCategories/StockTaking'

2018-08-09 18:59:25 - [TEST_STEP][PASSED] - verifyElementText: Actual text and expected text of test object 'Object Repository/ShopOpen/RemainingCategories/Validate_StockTakingScreen' are matched.

2018-08-09 18:59:27 - [MESSAGE][PASSED] - Actual text and expected text of test object 'Object Repository/ShopOpen/RemainingCategories/Validate_StockTakingScreen' are matched.

2018-08-09 18:59:27 - [TEST_STEP][PASSED] - com.ct.qa.keywords.ChannelProductsDataKeywords.visitChannelWiseProductsData: com.ct.qa.keywords.ChannelProductsDataKeywords.visitChannelWiseProductsData is PASSED

2018-08-09 18:59:31 - [MESSAGE][PASSED] - Keyboard is hidden

2018-08-09 18:59:34 - [MESSAGE][PASSED] - Keyboard is hidden

2018-08-09 18:59:35 - [MESSAGE][PASSED] - com.ct.qa.keywords.ChannelProductsDataKeywords.visitChannelWiseProductsData is PASSED

2018-08-09 18:59:35 - [TEST_STEP][PASSED] - tap: Tapped on element 'Object Repository/ShopOpen/RemainingCategories/SubmitButton'

2018-08-09 18:59:35 - [MESSAGE][WARNING] - Timeout '0' is invalid. Using default page load timeout: '5'

2018-08-09 18:59:35 - [MESSAGE][PASSED] - Tapped on element 'Object Repository/ShopOpen/RemainingCategories/SubmitButton'

2018-08-09 18:59:35 - [TEST_STEP][PASSED] - verifyElementText: Actual text and expected text of test object 'Object Repository/ShopOpen/RemainingCategories/Validate_ProductCategoryAssetScreen' are matched.

2018-08-09 18:59:36 - [MESSAGE][PASSED] - Actual text and expected text of test object 'Object Repository/ShopOpen/RemainingCategories/Validate_ProductCategoryAssetScreen' are matched.

2018-08-09 18:59:36 - [TEST_STEP][PASSED] - tap: Tapped on element 'Object Repository/ShopOpen/RemainingCategories/planogram_ImageView'

2018-08-09 18:59:36 - [MESSAGE][WARNING] - Timeout '0' is invalid. Using default page load timeout: '5'

2018-08-09 18:59:37 - [MESSAGE][PASSED] - Tapped on element 'Object Repository/ShopOpen/RemainingCategories/planogram_ImageView'

2018-08-09 18:59:37 - [TEST_STEP][PASSED] - com.ct.qa.keywords.CommonKeywords.checkPlanogramAvailability: com.ct.qa.keywords.CommonKeywords.checkPlanogramAvailability is PASSED

2018-08-09 18:59:37 - [MESSAGE][WARNING] - Timeout '0' is invalid. Using default page load timeout: '5'

2018-08-09 18:59:39 - [MESSAGE][PASSED] - Tapped on element 'Object Repository/CommonScreenElements/InfoPopUp_OKButton'

2018-08-09 18:59:39 - [MESSAGE][PASSED] - com.ct.qa.keywords.CommonKeywords.checkPlanogramAvailability is PASSED

2018-08-09 18:59:39 - [TEST_STEP][PASSED] - com.ct.qa.keywords.CommonKeywords.closePlanogram: com.ct.qa.keywords.CommonKeywords.closePlanogram is PASSED

2018-08-09 18:59:40 - [MESSAGE][PASSED] - com.ct.qa.keywords.CommonKeywords.closePlanogram is PASSED

2018-08-09 18:59:40 - [TEST_STEP][PASSED] - verifyElementText: Actual text and expected text of test object 'Object Repository/ShopOpen/RemainingCategories/Validate_ProductCategoryAssetScreen' are matched.

2018-08-09 18:59:41 - [MESSAGE][PASSED] - Actual text and expected text of test object 'Object Repository/ShopOpen/RemainingCategories/Validate_ProductCategoryAssetScreen' are matched.

2018-08-09 18:59:41 - [TEST_STEP][PASSED] - com.ct.qa.keywords.CommonKeywords.findPictureImageView: com.ct.qa.keywords.CommonKeywords.findPictureImageView is PASSED

2018-08-09 18:59:41 - [MESSAGE][WARNING] - Timeout '0' is invalid. Using default page load timeout: '5'

2018-08-09 18:59:43 - [MESSAGE][PASSED] - Tapped on element 'Object Repository/CommonScreenElements/Picture_ImageView'

2018-08-09 18:59:43 - [MESSAGE][WARNING] - Timeout '0' is invalid. Using default page load timeout: '5'

2018-08-09 18:59:44 - [MESSAGE][PASSED] - Element 'Object Repository/CommonScreenElements/Validate_CameraScreen' is exist

2018-08-09 18:59:44 - [MESSAGE][WARNING] - Timeout '0' is invalid. Using default page load timeout: '5'

2018-08-09 18:59:48 - [MESSAGE][PASSED] - Tapped on element 'Object Repository/CommonScreenElements/TakePictureButton'

2018-08-09 18:59:53 - [MESSAGE][PASSED] - Delayed 5 second(s)

2018-08-09 18:59:53 - [MESSAGE][WARNING] - Timeout '0' is invalid. Using default page load timeout: '5'

2018-08-09 18:59:53 - [MESSAGE][PASSED] - Tapped on element 'Object Repository/CommonScreenElements/DoneButton'

2018-08-09 18:59:53 - [MESSAGE][PASSED] - com.ct.qa.keywords.CommonKeywords.findPictureImageView is PASSED

2018-08-09 18:59:53 - [TEST_STEP][PASSED] - verifyElementText: Actual text and expected text of test object 'Object Repository/ShopOpen/RemainingCategories/Validate_ProductCategoryAssetScreen' are matched.

2018-08-09 18:59:54 - [MESSAGE][PASSED] - Actual text and expected text of test object 'Object Repository/ShopOpen/RemainingCategories/Validate_ProductCategoryAssetScreen' are matched.

2018-08-09 18:59:54 - [TEST_STEP][PASSED] - tap: Tapped on element 'Object Repository/ShopOpen/RemainingCategories/ProductCategoryAsset_BackButton'

2018-08-09 18:59:54 - [MESSAGE][WARNING] - Timeout '0' is invalid. Using default page load timeout: '5'

2018-08-09 18:59:55 - [MESSAGE][PASSED] - Tapped on element 'Object Repository/ShopOpen/RemainingCategories/ProductCategoryAsset_BackButton'

2018-08-09 18:59:55 - [TEST_STEP][PASSED] - verifyElementExist: Element 'Object Repository/ShopOpen/Validate_ShopCategoriesListScreen' is exist

2018-08-09 18:59:55 - [MESSAGE][WARNING] - Timeout '0' is invalid. Using default page load timeout: '5'

2018-08-09 18:59:57 - [MESSAGE][PASSED] - Element 'Object Repository/ShopOpen/Validate_ShopCategoriesListScreen' is exist

2018-08-09 18:59:57 - [MESSAGE][PASSED] - Call Test Case 'Test Cases/ShopOpen/RemainingCategories/VisitRemainingCategoriesWithDSA' successfully

2018-08-09 18:59:57 - [TEST_CASE][PASSED] - Test Cases/ShopOpen/RemainingCategories/VisitRemainingCategoriesWithDSA: Test Cases/ShopOpen/RemainingCategories/VisitRemainingCategoriesWithDSA

2018-08-09 18:59:57 - [TEST_STEP][PASSED] - verifyElementText: Actual text and expected text of test object 'Object Repository/ShopOpen/RemainingCategories/Validate_RemainingCategoriesDetailScreen' are matched.

2018-08-09 19:00:00 - [MESSAGE][PASSED] - Actual text and expected text of test object 'Object Repository/ShopOpen/RemainingCategories/Validate_RemainingCategoriesDetailScreen' are matched.

2018-08-09 19:00:00 - [TEST_STEP][PASSED] - tap: Tapped on element 'Object Repository/ShopOpen/RemainingCategories/DisplaySpaceAvailable'

2018-08-09 19:00:00 - [MESSAGE][WARNING] - Timeout '0' is invalid. Using default page load timeout: '5'

2018-08-09 19:00:01 - [MESSAGE][PASSED] - Tapped on element 'Object Repository/ShopOpen/RemainingCategories/DisplaySpaceAvailable'

2018-08-09 19:00:01 - [TEST_STEP][PASSED] - verifyElementText: Actual text and expected text of test object 'Object Repository/ShopOpen/RemainingCategories/Validate_ProductCategoryAssetScreen' are matched.

2018-08-09 19:00:03 - [MESSAGE][PASSED] - Actual text and expected text of test object 'Object Repository/ShopOpen/RemainingCategories/Validate_ProductCategoryAssetScreen' are matched.

2018-08-09 19:00:03 - [TEST_STEP][PASSED] - tap: Tapped on element 'Object Repository/ShopOpen/RemainingCategories/Facing'

2018-08-09 19:00:03 - [MESSAGE][WARNING] - Timeout '0' is invalid. Using default page load timeout: '5'

2018-08-09 19:00:03 - [MESSAGE][PASSED] - Tapped on element 'Object Repository/ShopOpen/RemainingCategories/Facing'

2018-08-09 19:00:03 - [TEST_STEP][PASSED] - verifyElementText: Actual text and expected text of test object 'Object Repository/ShopOpen/RemainingCategories/Validate_FacingScreen' are matched.

2018-08-09 19:00:06 - [MESSAGE][PASSED] - Actual text and expected text of test object 'Object Repository/ShopOpen/RemainingCategories/Validate_FacingScreen' are matched.

2018-08-09 19:00:06 - [TEST_STEP][PASSED] - com.ct.qa.keywords.ChannelProductsDataKeywords.visitChannelWiseProductsData: com.ct.qa.keywords.ChannelProductsDataKeywords.visitChannelWiseProductsData is PASSED

2018-08-09 19:00:10 - [MESSAGE][PASSED] - Keyboard is hidden

2018-08-09 19:00:13 - [MESSAGE][PASSED] - Keyboard is hidden

2018-08-09 19:00:16 - [MESSAGE][PASSED] - Keyboard is hidden

2018-08-09 19:00:17 - [MESSAGE][PASSED] - com.ct.qa.keywords.ChannelProductsDataKeywords.visitChannelWiseProductsData is PASSED

2018-08-09 19:00:17 - [TEST_STEP][PASSED] - tap: Tapped on element 'Object Repository/ShopOpen/RemainingCategories/SubmitButton'

2018-08-09 19:00:17 - [MESSAGE][WARNING] - Timeout '0' is invalid. Using default page load timeout: '5'

2018-08-09 19:00:18 - [MESSAGE][PASSED] - Tapped on element 'Object Repository/ShopOpen/RemainingCategories/SubmitButton'

2018-08-09 19:00:18 - [TEST_STEP][PASSED] - verifyElementText: Actual text and expected text of test object 'Object Repository/ShopOpen/RemainingCategories/Validate_ProductCategoryAssetScreen' are matched.

2018-08-09 19:00:19 - [MESSAGE][PASSED] - Actual text and expected text of test object 'Object Repository/ShopOpen/RemainingCategories/Validate_ProductCategoryAssetScreen' are matched.

2018-08-09 19:00:19 - [TEST_STEP][PASSED] - tap: Tapped on element 'Object Repository/ShopOpen/RemainingCategories/StockTaking'

2018-08-09 19:00:19 - [MESSAGE][WARNING] - Timeout '0' is invalid. Using default page load timeout: '5'

2018-08-09 19:00:19 - [MESSAGE][PASSED] - Tapped on element 'Object Repository/ShopOpen/RemainingCategories/StockTaking'

2018-08-09 19:00:19 - [TEST_STEP][PASSED] - verifyElementText: Actual text and expected text of test object 'Object Repository/ShopOpen/RemainingCategories/Validate_StockTakingScreen' are matched.

2018-08-09 19:00:21 - [MESSAGE][PASSED] - Actual text and expected text of test object 'Object Repository/ShopOpen/RemainingCategories/Validate_StockTakingScreen' are matched.

2018-08-09 19:00:21 - [TEST_STEP][PASSED] - com.ct.qa.keywords.ChannelProductsDataKeywords.visitChannelWiseProductsData: com.ct.qa.keywords.ChannelProductsDataKeywords.visitChannelWiseProductsData is PASSED

2018-08-09 19:00:25 - [MESSAGE][PASSED] - Keyboard is hidden

2018-08-09 19:00:28 - [MESSAGE][PASSED] - Keyboard is hidden

2018-08-09 19:00:31 - [MESSAGE][PASSED] - Keyboard is hidden

2018-08-09 19:00:32 - [MESSAGE][PASSED] - com.ct.qa.keywords.ChannelProductsDataKeywords.visitChannelWiseProductsData is PASSED

2018-08-09 19:00:32 - [TEST_STEP][PASSED] - tap: Tapped on element 'Object Repository/ShopOpen/RemainingCategories/SubmitButton'

2018-08-09 19:00:32 - [MESSAGE][WARNING] - Timeout '0' is invalid. Using default page load timeout: '5'

2018-08-09 19:00:33 - [MESSAGE][PASSED] - Tapped on element 'Object Repository/ShopOpen/RemainingCategories/SubmitButton'

2018-08-09 19:00:33 - [TEST_STEP][PASSED] - verifyElementText: Actual text and expected text of test object 'Object Repository/ShopOpen/RemainingCategories/Validate_ProductCategoryAssetScreen' are matched.

2018-08-09 19:00:34 - [MESSAGE][PASSED] - Actual text and expected text of test object 'Object Repository/ShopOpen/RemainingCategories/Validate_ProductCategoryAssetScreen' are matched.

2018-08-09 19:00:34 - [TEST_STEP][PASSED] - tap: Tapped on element 'Object Repository/ShopOpen/RemainingCategories/planogram_ImageView'

2018-08-09 19:00:34 - [MESSAGE][WARNING] - Timeout '0' is invalid. Using default page load timeout: '5'

2018-08-09 19:00:34 - [MESSAGE][PASSED] - Tapped on element 'Object Repository/ShopOpen/RemainingCategories/planogram_ImageView'

2018-08-09 19:00:34 - [TEST_STEP][PASSED] - com.ct.qa.keywords.CommonKeywords.checkPlanogramAvailability: com.ct.qa.keywords.CommonKeywords.checkPlanogramAvailability is PASSED

2018-08-09 19:00:34 - [MESSAGE][WARNING] - Timeout '0' is invalid. Using default page load timeout: '5'

2018-08-09 19:00:40 - [MESSAGE][WARNING] - Object Object Repository/CommonScreenElements/InfoPopUp_OKButton not found
[[ATTACHMENT|F:\\Git Projects\\MMAPlus_Merchandising\\MMAPlus_Merchandising\\Reports\\MMA Plus Merchandising With Chiller Wise Data Verification\\20180809_164504\\1533823239795.png]]

2018-08-09 19:00:40 - [MESSAGE][PASSED] - com.ct.qa.keywords.CommonKeywords.checkPlanogramAvailability is PASSED

2018-08-09 19:00:40 - [TEST_STEP][PASSED] - com.ct.qa.keywords.CommonKeywords.closePlanogram: com.ct.qa.keywords.CommonKeywords.closePlanogram is PASSED

2018-08-09 19:00:41 - [MESSAGE][PASSED] - com.ct.qa.keywords.CommonKeywords.closePlanogram is PASSED

2018-08-09 19:00:41 - [TEST_STEP][PASSED] - verifyElementText: Actual text and expected text of test object 'Object Repository/ShopOpen/RemainingCategories/Validate_ProductCategoryAssetScreen' are matched.

2018-08-09 19:00:42 - [MESSAGE][PASSED] - Actual text and expected text of test object 'Object Repository/ShopOpen/RemainingCategories/Validate_ProductCategoryAssetScreen' are matched.

2018-08-09 19:00:42 - [TEST_STEP][PASSED] - com.ct.qa.keywords.CommonKeywords.findPictureImageView: com.ct.qa.keywords.CommonKeywords.findPictureImageView is PASSED

2018-08-09 19:00:42 - [MESSAGE][WARNING] - Timeout '0' is invalid. Using default page load timeout: '5'

2018-08-09 19:00:45 - [MESSAGE][PASSED] - Tapped on element 'Object Repository/CommonScreenElements/Picture_ImageView'

2018-08-09 19:00:45 - [MESSAGE][WARNING] - Timeout '0' is invalid. Using default page load timeout: '5'

2018-08-09 19:00:46 - [MESSAGE][PASSED] - Element 'Object Repository/CommonScreenElements/Validate_CameraScreen' is exist

2018-08-09 19:00:46 - [MESSAGE][WARNING] - Timeout '0' is invalid. Using default page load timeout: '5'

2018-08-09 19:00:49 - [MESSAGE][PASSED] - Tapped on element 'Object Repository/CommonScreenElements/TakePictureButton'

2018-08-09 19:00:54 - [MESSAGE][PASSED] - Delayed 5 second(s)

2018-08-09 19:00:54 - [MESSAGE][WARNING] - Timeout '0' is invalid. Using default page load timeout: '5'

2018-08-09 19:00:55 - [MESSAGE][PASSED] - Tapped on element 'Object Repository/CommonScreenElements/DoneButton'

2018-08-09 19:00:55 - [MESSAGE][PASSED] - com.ct.qa.keywords.CommonKeywords.findPictureImageView is PASSED

2018-08-09 19:00:55 - [TEST_STEP][PASSED] - verifyElementText: Actual text and expected text of test object 'Object Repository/ShopOpen/RemainingCategories/Validate_ProductCategoryAssetScreen' are matched.

2018-08-09 19:00:56 - [MESSAGE][PASSED] - Actual text and expected text of test object 'Object Repository/ShopOpen/RemainingCategories/Validate_ProductCategoryAssetScreen' are matched.

2018-08-09 19:00:56 - [TEST_STEP][PASSED] - tap: Tapped on element 'Object Repository/ShopOpen/RemainingCategories/ProductCategoryAsset_BackButton'

2018-08-09 19:00:56 - [MESSAGE][WARNING] - Timeout '0' is invalid. Using default page load timeout: '5'

2018-08-09 19:00:56 - [MESSAGE][PASSED] - Tapped on element 'Object Repository/ShopOpen/RemainingCategories/ProductCategoryAsset_BackButton'

2018-08-09 19:00:56 - [TEST_STEP][PASSED] - verifyElementExist: Element 'Object Repository/ShopOpen/Validate_ShopCategoriesListScreen' is exist

2018-08-09 19:00:56 - [MESSAGE][WARNING] - Timeout '0' is invalid. Using default page load timeout: '5'

2018-08-09 19:00:59 - [MESSAGE][PASSED] - Element 'Object Repository/ShopOpen/Validate_ShopCategoriesListScreen' is exist

2018-08-09 19:00:59 - [MESSAGE][PASSED] - Call Test Case 'Test Cases/ShopOpen/RemainingCategories/VisitRemainingCategoriesWithDSA' successfully

2018-08-09 19:00:59 - [TEST_CASE][PASSED] - Test Cases/ShopOpen/RemainingCategories/VisitRemainingCategoriesWithDSA: Test Cases/ShopOpen/RemainingCategories/VisitRemainingCategoriesWithDSA

2018-08-09 19:00:59 - [TEST_STEP][PASSED] - verifyElementText: Actual text and expected text of test object 'Object Repository/ShopOpen/RemainingCategories/Validate_RemainingCategoriesDetailScreen' are matched.

2018-08-09 19:01:02 - [MESSAGE][PASSED] - Actual text and expected text of test object 'Object Repository/ShopOpen/RemainingCategories/Validate_RemainingCategoriesDetailScreen' are matched.

2018-08-09 19:01:02 - [TEST_STEP][PASSED] - tap: Tapped on element 'Object Repository/ShopOpen/RemainingCategories/DisplaySpaceAvailable'

2018-08-09 19:01:02 - [MESSAGE][WARNING] - Timeout '0' is invalid. Using default page load timeout: '5'

2018-08-09 19:01:02 - [MESSAGE][PASSED] - Tapped on element 'Object Repository/ShopOpen/RemainingCategories/DisplaySpaceAvailable'

2018-08-09 19:01:02 - [TEST_STEP][PASSED] - verifyElementText: Actual text and expected text of test object 'Object Repository/ShopOpen/RemainingCategories/Validate_ProductCategoryAssetScreen' are matched.

2018-08-09 19:01:05 - [MESSAGE][PASSED] - Actual text and expected text of test object 'Object Repository/ShopOpen/RemainingCategories/Validate_ProductCategoryAssetScreen' are matched.

2018-08-09 19:01:05 - [TEST_STEP][PASSED] - tap: Tapped on element 'Object Repository/ShopOpen/RemainingCategories/Facing'

2018-08-09 19:01:05 - [MESSAGE][WARNING] - Timeout '0' is invalid. Using default page load timeout: '5'

2018-08-09 19:01:05 - [MESSAGE][PASSED] - Tapped on element 'Object Repository/ShopOpen/RemainingCategories/Facing'

2018-08-09 19:01:05 - [TEST_STEP][PASSED] - verifyElementText: Actual text and expected text of test object 'Object Repository/ShopOpen/RemainingCategories/Validate_FacingScreen' are matched.

2018-08-09 19:01:07 - [MESSAGE][PASSED] - Actual text and expected text of test object 'Object Repository/ShopOpen/RemainingCategories/Validate_FacingScreen' are matched.

2018-08-09 19:01:07 - [TEST_STEP][PASSED] - com.ct.qa.keywords.ChannelProductsDataKeywords.visitChannelWiseProductsData: com.ct.qa.keywords.ChannelProductsDataKeywords.visitChannelWiseProductsData is PASSED

2018-08-09 19:01:12 - [MESSAGE][PASSED] - Keyboard is hidden

2018-08-09 19:01:15 - [MESSAGE][PASSED] - Keyboard is hidden

2018-08-09 19:01:18 - [MESSAGE][PASSED] - Keyboard is hidden

2018-08-09 19:01:21 - [MESSAGE][PASSED] - Keyboard is hidden

2018-08-09 19:01:24 - [MESSAGE][PASSED] - Keyboard is hidden

2018-08-09 19:01:27 - [MESSAGE][PASSED] - Keyboard is hidden

2018-08-09 19:01:31 - [MESSAGE][PASSED] - Swiped from 50,359 to 50,250

2018-08-09 19:01:34 - [MESSAGE][PASSED] - Keyboard is hidden

2018-08-09 19:01:36 - [MESSAGE][PASSED] - Swiped from 50,359 to 50,250

2018-08-09 19:01:39 - [MESSAGE][PASSED] - Keyboard is hidden

2018-08-09 19:01:41 - [MESSAGE][PASSED] - Swiped from 50,359 to 50,250

2018-08-09 19:01:42 - [MESSAGE][PASSED] - com.ct.qa.keywords.ChannelProductsDataKeywords.visitChannelWiseProductsData is PASSED

2018-08-09 19:01:42 - [TEST_STEP][PASSED] - tap: Tapped on element 'Object Repository/ShopOpen/RemainingCategories/SubmitButton'

2018-08-09 19:01:42 - [MESSAGE][WARNING] - Timeout '0' is invalid. Using default page load timeout: '5'

2018-08-09 19:01:42 - [MESSAGE][PASSED] - Tapped on element 'Object Repository/ShopOpen/RemainingCategories/SubmitButton'

2018-08-09 19:01:42 - [TEST_STEP][PASSED] - verifyElementText: Actual text and expected text of test object 'Object Repository/ShopOpen/RemainingCategories/Validate_ProductCategoryAssetScreen' are matched.

2018-08-09 19:01:43 - [MESSAGE][PASSED] - Actual text and expected text of test object 'Object Repository/ShopOpen/RemainingCategories/Validate_ProductCategoryAssetScreen' are matched.

2018-08-09 19:01:43 - [TEST_STEP][PASSED] - tap: Tapped on element 'Object Repository/ShopOpen/RemainingCategories/StockTaking'

2018-08-09 19:01:43 - [MESSAGE][WARNING] - Timeout '0' is invalid. Using default page load timeout: '5'

2018-08-09 19:01:44 - [MESSAGE][PASSED] - Tapped on element 'Object Repository/ShopOpen/RemainingCategories/StockTaking'

2018-08-09 19:01:44 - [TEST_STEP][PASSED] - verifyElementText: Actual text and expected text of test object 'Object Repository/ShopOpen/RemainingCategories/Validate_StockTakingScreen' are matched.

2018-08-09 19:01:46 - [MESSAGE][PASSED] - Actual text and expected text of test object 'Object Repository/ShopOpen/RemainingCategories/Validate_StockTakingScreen' are matched.

2018-08-09 19:01:46 - [TEST_STEP][PASSED] - com.ct.qa.keywords.ChannelProductsDataKeywords.visitChannelWiseProductsData: com.ct.qa.keywords.ChannelProductsDataKeywords.visitChannelWiseProductsData is PASSED

2018-08-09 19:01:50 - [MESSAGE][PASSED] - Keyboard is hidden

2018-08-09 19:01:53 - [MESSAGE][PASSED] - Keyboard is hidden

2018-08-09 19:01:56 - [MESSAGE][PASSED] - Keyboard is hidden

2018-08-09 19:01:59 - [MESSAGE][PASSED] - Keyboard is hidden

2018-08-09 19:02:02 - [MESSAGE][PASSED] - Keyboard is hidden

2018-08-09 19:02:05 - [MESSAGE][PASSED] - Keyboard is hidden

2018-08-09 19:02:09 - [MESSAGE][PASSED] - Swiped from 50,359 to 50,250

2018-08-09 19:02:12 - [MESSAGE][PASSED] - Keyboard is hidden

2018-08-09 19:02:14 - [MESSAGE][PASSED] - Swiped from 50,359 to 50,250

2018-08-09 19:02:17 - [MESSAGE][PASSED] - Keyboard is hidden

2018-08-09 19:02:19 - [MESSAGE][PASSED] - Swiped from 50,359 to 50,250

2018-08-09 19:02:20 - [MESSAGE][PASSED] - com.ct.qa.keywords.ChannelProductsDataKeywords.visitChannelWiseProductsData is PASSED

2018-08-09 19:02:20 - [TEST_STEP][PASSED] - tap: Tapped on element 'Object Repository/ShopOpen/RemainingCategories/SubmitButton'

2018-08-09 19:02:20 - [MESSAGE][WARNING] - Timeout '0' is invalid. Using default page load timeout: '5'

2018-08-09 19:02:20 - [MESSAGE][PASSED] - Tapped on element 'Object Repository/ShopOpen/RemainingCategories/SubmitButton'

2018-08-09 19:02:20 - [TEST_STEP][PASSED] - verifyElementText: Actual text and expected text of test object 'Object Repository/ShopOpen/RemainingCategories/Validate_ProductCategoryAssetScreen' are matched.

2018-08-09 19:02:21 - [MESSAGE][PASSED] - Actual text and expected text of test object 'Object Repository/ShopOpen/RemainingCategories/Validate_ProductCategoryAssetScreen' are matched.

2018-08-09 19:02:21 - [TEST_STEP][PASSED] - tap: Tapped on element 'Object Repository/ShopOpen/RemainingCategories/planogram_ImageView'

2018-08-09 19:02:21 - [MESSAGE][WARNING] - Timeout '0' is invalid. Using default page load timeout: '5'

2018-08-09 19:02:22 - [MESSAGE][PASSED] - Tapped on element 'Object Repository/ShopOpen/RemainingCategories/planogram_ImageView'

2018-08-09 19:02:22 - [TEST_STEP][PASSED] - com.ct.qa.keywords.CommonKeywords.checkPlanogramAvailability: com.ct.qa.keywords.CommonKeywords.checkPlanogramAvailability is PASSED

2018-08-09 19:02:22 - [MESSAGE][WARNING] - Timeout '0' is invalid. Using default page load timeout: '5'

2018-08-09 19:02:29 - [MESSAGE][WARNING] - Object Object Repository/CommonScreenElements/InfoPopUp_OKButton not found
[[ATTACHMENT|F:\\Git Projects\\MMAPlus_Merchandising\\MMAPlus_Merchandising\\Reports\\MMA Plus Merchandising With Chiller Wise Data Verification\\20180809_164504\\1533823347991.png]]

2018-08-09 19:02:29 - [MESSAGE][PASSED] - com.ct.qa.keywords.CommonKeywords.checkPlanogramAvailability is PASSED

2018-08-09 19:02:29 - [TEST_STEP][PASSED] - com.ct.qa.keywords.CommonKeywords.closePlanogram: com.ct.qa.keywords.CommonKeywords.closePlanogram is PASSED

2018-08-09 19:02:29 - [MESSAGE][PASSED] - com.ct.qa.keywords.CommonKeywords.closePlanogram is PASSED

2018-08-09 19:02:29 - [TEST_STEP][PASSED] - verifyElementText: Actual text and expected text of test object 'Object Repository/ShopOpen/RemainingCategories/Validate_ProductCategoryAssetScreen' are matched.

2018-08-09 19:02:30 - [MESSAGE][PASSED] - Actual text and expected text of test object 'Object Repository/ShopOpen/RemainingCategories/Validate_ProductCategoryAssetScreen' are matched.

2018-08-09 19:02:30 - [TEST_STEP][PASSED] - com.ct.qa.keywords.CommonKeywords.findPictureImageView: com.ct.qa.keywords.CommonKeywords.findPictureImageView is PASSED

2018-08-09 19:02:30 - [MESSAGE][WARNING] - Timeout '0' is invalid. Using default page load timeout: '5'

2018-08-09 19:02:32 - [MESSAGE][PASSED] - Tapped on element 'Object Repository/CommonScreenElements/Picture_ImageView'

2018-08-09 19:02:32 - [MESSAGE][WARNING] - Timeout '0' is invalid. Using default page load timeout: '5'

2018-08-09 19:02:33 - [MESSAGE][PASSED] - Element 'Object Repository/CommonScreenElements/Validate_CameraScreen' is exist

2018-08-09 19:02:33 - [MESSAGE][WARNING] - Timeout '0' is invalid. Using default page load timeout: '5'

2018-08-09 19:02:37 - [MESSAGE][PASSED] - Tapped on element 'Object Repository/CommonScreenElements/TakePictureButton'

2018-08-09 19:02:42 - [MESSAGE][PASSED] - Delayed 5 second(s)

2018-08-09 19:02:42 - [MESSAGE][WARNING] - Timeout '0' is invalid. Using default page load timeout: '5'

2018-08-09 19:02:42 - [MESSAGE][PASSED] - Tapped on element 'Object Repository/CommonScreenElements/DoneButton'

2018-08-09 19:02:42 - [MESSAGE][PASSED] - com.ct.qa.keywords.CommonKeywords.findPictureImageView is PASSED

2018-08-09 19:02:42 - [TEST_STEP][PASSED] - verifyElementText: Actual text and expected text of test object 'Object Repository/ShopOpen/RemainingCategories/Validate_ProductCategoryAssetScreen' are matched.

2018-08-09 19:02:43 - [MESSAGE][PASSED] - Actual text and expected text of test object 'Object Repository/ShopOpen/RemainingCategories/Validate_ProductCategoryAssetScreen' are matched.

2018-08-09 19:02:43 - [TEST_STEP][PASSED] - tap: Tapped on element 'Object Repository/ShopOpen/RemainingCategories/ProductCategoryAsset_BackButton'

2018-08-09 19:02:43 - [MESSAGE][WARNING] - Timeout '0' is invalid. Using default page load timeout: '5'

2018-08-09 19:02:44 - [MESSAGE][PASSED] - Tapped on element 'Object Repository/ShopOpen/RemainingCategories/ProductCategoryAsset_BackButton'

2018-08-09 19:02:44 - [TEST_STEP][PASSED] - verifyElementExist: Element 'Object Repository/ShopOpen/Validate_ShopCategoriesListScreen' is exist

2018-08-09 19:02:44 - [MESSAGE][WARNING] - Timeout '0' is invalid. Using default page load timeout: '5'

2018-08-09 19:02:47 - [MESSAGE][PASSED] - Element 'Object Repository/ShopOpen/Validate_ShopCategoriesListScreen' is exist

2018-08-09 19:02:47 - [MESSAGE][PASSED] - Call Test Case 'Test Cases/ShopOpen/RemainingCategories/VisitRemainingCategoriesWithDSA' successfully

2018-08-09 19:02:47 - [TEST_CASE][PASSED] - Test Cases/ShopOpen/RemainingCategories/VisitRemainingCategoriesWithDSA: Test Cases/ShopOpen/RemainingCategories/VisitRemainingCategoriesWithDSA

2018-08-09 19:02:47 - [TEST_STEP][PASSED] - verifyElementText: Actual text and expected text of test object 'Object Repository/ShopOpen/RemainingCategories/Validate_RemainingCategoriesDetailScreen' are matched.

2018-08-09 19:02:50 - [MESSAGE][PASSED] - Actual text and expected text of test object 'Object Repository/ShopOpen/RemainingCategories/Validate_RemainingCategoriesDetailScreen' are matched.

2018-08-09 19:02:50 - [TEST_STEP][PASSED] - tap: Tapped on element 'Object Repository/ShopOpen/RemainingCategories/DisplaySpaceAvailable'

2018-08-09 19:02:50 - [MESSAGE][WARNING] - Timeout '0' is invalid. Using default page load timeout: '5'

2018-08-09 19:02:50 - [MESSAGE][PASSED] - Tapped on element 'Object Repository/ShopOpen/RemainingCategories/DisplaySpaceAvailable'

2018-08-09 19:02:50 - [TEST_STEP][PASSED] - verifyElementText: Actual text and expected text of test object 'Object Repository/ShopOpen/RemainingCategories/Validate_ProductCategoryAssetScreen' are matched.

2018-08-09 19:02:52 - [MESSAGE][PASSED] - Actual text and expected text of test object 'Object Repository/ShopOpen/RemainingCategories/Validate_ProductCategoryAssetScreen' are matched.

2018-08-09 19:02:52 - [TEST_STEP][PASSED] - tap: Tapped on element 'Object Repository/ShopOpen/RemainingCategories/Facing'

2018-08-09 19:02:52 - [MESSAGE][WARNING] - Timeout '0' is invalid. Using default page load timeout: '5'

2018-08-09 19:02:52 - [MESSAGE][PASSED] - Tapped on element 'Object Repository/ShopOpen/RemainingCategories/Facing'

2018-08-09 19:02:52 - [TEST_STEP][PASSED] - verifyElementText: Actual text and expected text of test object 'Object Repository/ShopOpen/RemainingCategories/Validate_FacingScreen' are matched.

2018-08-09 19:02:54 - [MESSAGE][PASSED] - Actual text and expected text of test object 'Object Repository/ShopOpen/RemainingCategories/Validate_FacingScreen' are matched.

2018-08-09 19:02:54 - [TEST_STEP][PASSED] - com.ct.qa.keywords.ChannelProductsDataKeywords.visitChannelWiseProductsData: com.ct.qa.keywords.ChannelProductsDataKeywords.visitChannelWiseProductsData is PASSED

2018-08-09 19:02:58 - [MESSAGE][PASSED] - Keyboard is hidden

2018-08-09 19:03:01 - [MESSAGE][PASSED] - Keyboard is hidden

2018-08-09 19:03:04 - [MESSAGE][PASSED] - Keyboard is hidden

2018-08-09 19:03:07 - [MESSAGE][PASSED] - Keyboard is hidden

2018-08-09 19:03:08 - [MESSAGE][PASSED] - com.ct.qa.keywords.ChannelProductsDataKeywords.visitChannelWiseProductsData is PASSED

2018-08-09 19:03:08 - [TEST_STEP][PASSED] - tap: Tapped on element 'Object Repository/ShopOpen/RemainingCategories/SubmitButton'

2018-08-09 19:03:08 - [MESSAGE][WARNING] - Timeout '0' is invalid. Using default page load timeout: '5'

2018-08-09 19:03:09 - [MESSAGE][PASSED] - Tapped on element 'Object Repository/ShopOpen/RemainingCategories/SubmitButton'

2018-08-09 19:03:09 - [TEST_STEP][PASSED] - verifyElementText: Actual text and expected text of test object 'Object Repository/ShopOpen/RemainingCategories/Validate_ProductCategoryAssetScreen' are matched.

2018-08-09 19:03:10 - [MESSAGE][PASSED] - Actual text and expected text of test object 'Object Repository/ShopOpen/RemainingCategories/Validate_ProductCategoryAssetScreen' are matched.

2018-08-09 19:03:10 - [TEST_STEP][PASSED] - tap: Tapped on element 'Object Repository/ShopOpen/RemainingCategories/StockTaking'

2018-08-09 19:03:10 - [MESSAGE][WARNING] - Timeout '0' is invalid. Using default page load timeout: '5'

2018-08-09 19:03:10 - [MESSAGE][PASSED] - Tapped on element 'Object Repository/ShopOpen/RemainingCategories/StockTaking'

2018-08-09 19:03:10 - [TEST_STEP][PASSED] - verifyElementText: Actual text and expected text of test object 'Object Repository/ShopOpen/RemainingCategories/Validate_StockTakingScreen' are matched.

2018-08-09 19:03:12 - [MESSAGE][PASSED] - Actual text and expected text of test object 'Object Repository/ShopOpen/RemainingCategories/Validate_StockTakingScreen' are matched.

2018-08-09 19:03:12 - [TEST_STEP][PASSED] - com.ct.qa.keywords.ChannelProductsDataKeywords.visitChannelWiseProductsData: com.ct.qa.keywords.ChannelProductsDataKeywords.visitChannelWiseProductsData is PASSED

2018-08-09 19:03:16 - [MESSAGE][PASSED] - Keyboard is hidden

2018-08-09 19:03:19 - [MESSAGE][PASSED] - Keyboard is hidden

2018-08-09 19:03:22 - [MESSAGE][PASSED] - Keyboard is hidden

2018-08-09 19:03:25 - [MESSAGE][PASSED] - Keyboard is hidden

2018-08-09 19:03:26 - [MESSAGE][PASSED] - com.ct.qa.keywords.ChannelProductsDataKeywords.visitChannelWiseProductsData is PASSED

2018-08-09 19:03:26 - [TEST_STEP][PASSED] - tap: Tapped on element 'Object Repository/ShopOpen/RemainingCategories/SubmitButton'

2018-08-09 19:03:26 - [MESSAGE][WARNING] - Timeout '0' is invalid. Using default page load timeout: '5'

2018-08-09 19:03:27 - [MESSAGE][PASSED] - Tapped on element 'Object Repository/ShopOpen/RemainingCategories/SubmitButton'

2018-08-09 19:03:27 - [TEST_STEP][PASSED] - verifyElementText: Actual text and expected text of test object 'Object Repository/ShopOpen/RemainingCategories/Validate_ProductCategoryAssetScreen' are matched.

2018-08-09 19:03:28 - [MESSAGE][PASSED] - Actual text and expected text of test object 'Object Repository/ShopOpen/RemainingCategories/Validate_ProductCategoryAssetScreen' are matched.

2018-08-09 19:03:28 - [TEST_STEP][PASSED] - tap: Tapped on element 'Object Repository/ShopOpen/RemainingCategories/planogram_ImageView'

2018-08-09 19:03:28 - [MESSAGE][WARNING] - Timeout '0' is invalid. Using default page load timeout: '5'

2018-08-09 19:03:29 - [MESSAGE][PASSED] - Tapped on element 'Object Repository/ShopOpen/RemainingCategories/planogram_ImageView'

2018-08-09 19:03:29 - [TEST_STEP][PASSED] - com.ct.qa.keywords.CommonKeywords.checkPlanogramAvailability: com.ct.qa.keywords.CommonKeywords.checkPlanogramAvailability is PASSED

2018-08-09 19:03:29 - [MESSAGE][WARNING] - Timeout '0' is invalid. Using default page load timeout: '5'

2018-08-09 19:03:35 - [MESSAGE][WARNING] - Object Object Repository/CommonScreenElements/InfoPopUp_OKButton not found
[[ATTACHMENT|F:\\Git Projects\\MMAPlus_Merchandising\\MMAPlus_Merchandising\\Reports\\MMA Plus Merchandising With Chiller Wise Data Verification\\20180809_164504\\1533823414121.png]]

2018-08-09 19:03:35 - [MESSAGE][PASSED] - com.ct.qa.keywords.CommonKeywords.checkPlanogramAvailability is PASSED

2018-08-09 19:03:35 - [TEST_STEP][PASSED] - com.ct.qa.keywords.CommonKeywords.closePlanogram: com.ct.qa.keywords.CommonKeywords.closePlanogram is PASSED

2018-08-09 19:03:35 - [MESSAGE][PASSED] - com.ct.qa.keywords.CommonKeywords.closePlanogram is PASSED

2018-08-09 19:03:35 - [TEST_STEP][PASSED] - verifyElementText: Actual text and expected text of test object 'Object Repository/ShopOpen/RemainingCategories/Validate_ProductCategoryAssetScreen' are matched.

2018-08-09 19:03:36 - [MESSAGE][PASSED] - Actual text and expected text of test object 'Object Repository/ShopOpen/RemainingCategories/Validate_ProductCategoryAssetScreen' are matched.

2018-08-09 19:03:36 - [TEST_STEP][PASSED] - com.ct.qa.keywords.CommonKeywords.findPictureImageView: com.ct.qa.keywords.CommonKeywords.findPictureImageView is PASSED

2018-08-09 19:03:36 - [MESSAGE][WARNING] - Timeout '0' is invalid. Using default page load timeout: '5'

2018-08-09 19:03:36 - [MESSAGE][PASSED] - Tapped on element 'Object Repository/CommonScreenElements/Picture_ImageView'

2018-08-09 19:03:36 - [MESSAGE][WARNING] - Timeout '0' is invalid. Using default page load timeout: '5'

2018-08-09 19:03:39 - [MESSAGE][PASSED] - Element 'Object Repository/CommonScreenElements/Validate_CameraScreen' is exist

2018-08-09 19:03:39 - [MESSAGE][WARNING] - Timeout '0' is invalid. Using default page load timeout: '5'

2018-08-09 19:03:42 - [MESSAGE][PASSED] - Tapped on element 'Object Repository/CommonScreenElements/TakePictureButton'

2018-08-09 19:03:47 - [MESSAGE][PASSED] - Delayed 5 second(s)

2018-08-09 19:03:47 - [MESSAGE][WARNING] - Timeout '0' is invalid. Using default page load timeout: '5'

2018-08-09 19:03:48 - [MESSAGE][PASSED] - Tapped on element 'Object Repository/CommonScreenElements/DoneButton'

2018-08-09 19:03:48 - [MESSAGE][PASSED] - com.ct.qa.keywords.CommonKeywords.findPictureImageView is PASSED

2018-08-09 19:03:48 - [TEST_STEP][PASSED] - verifyElementText: Actual text and expected text of test object 'Object Repository/ShopOpen/RemainingCategories/Validate_ProductCategoryAssetScreen' are matched.

2018-08-09 19:03:49 - [MESSAGE][PASSED] - Actual text and expected text of test object 'Object Repository/ShopOpen/RemainingCategories/Validate_ProductCategoryAssetScreen' are matched.

2018-08-09 19:03:49 - [TEST_STEP][PASSED] - tap: Tapped on element 'Object Repository/ShopOpen/RemainingCategories/ProductCategoryAsset_BackButton'

2018-08-09 19:03:49 - [MESSAGE][WARNING] - Timeout '0' is invalid. Using default page load timeout: '5'

2018-08-09 19:03:49 - [MESSAGE][PASSED] - Tapped on element 'Object Repository/ShopOpen/RemainingCategories/ProductCategoryAsset_BackButton'

2018-08-09 19:03:49 - [TEST_STEP][PASSED] - verifyElementExist: Element 'Object Repository/ShopOpen/Validate_ShopCategoriesListScreen' is exist

2018-08-09 19:03:49 - [MESSAGE][WARNING] - Timeout '0' is invalid. Using default page load timeout: '5'

2018-08-09 19:03:53 - [MESSAGE][PASSED] - Element 'Object Repository/ShopOpen/Validate_ShopCategoriesListScreen' is exist

2018-08-09 19:03:53 - [MESSAGE][PASSED] - Call Test Case 'Test Cases/ShopOpen/RemainingCategories/VisitRemainingCategoriesWithDSA' successfully

2018-08-09 19:03:54 - [MESSAGE][PASSED] - Swiped from 0,293 to 0,200

2018-08-09 19:03:57 - [TEST_CASE][PASSED] - Test Cases/ShopOpen/RemainingCategories/VisitRemainingCategoriesWithDSA: Test Cases/ShopOpen/RemainingCategories/VisitRemainingCategoriesWithDSA

2018-08-09 19:03:57 - [TEST_STEP][PASSED] - verifyElementText: Actual text and expected text of test object 'Object Repository/ShopOpen/RemainingCategories/Validate_RemainingCategoriesDetailScreen' are matched.

2018-08-09 19:03:59 - [MESSAGE][PASSED] - Actual text and expected text of test object 'Object Repository/ShopOpen/RemainingCategories/Validate_RemainingCategoriesDetailScreen' are matched.

2018-08-09 19:03:59 - [TEST_STEP][PASSED] - tap: Tapped on element 'Object Repository/ShopOpen/RemainingCategories/DisplaySpaceAvailable'

2018-08-09 19:03:59 - [MESSAGE][WARNING] - Timeout '0' is invalid. Using default page load timeout: '5'

2018-08-09 19:03:59 - [MESSAGE][PASSED] - Tapped on element 'Object Repository/ShopOpen/RemainingCategories/DisplaySpaceAvailable'

2018-08-09 19:03:59 - [TEST_STEP][PASSED] - verifyElementText: Actual text and expected text of test object 'Object Repository/ShopOpen/RemainingCategories/Validate_ProductCategoryAssetScreen' are matched.

2018-08-09 19:04:02 - [MESSAGE][PASSED] - Actual text and expected text of test object 'Object Repository/ShopOpen/RemainingCategories/Validate_ProductCategoryAssetScreen' are matched.

2018-08-09 19:04:02 - [TEST_STEP][PASSED] - tap: Tapped on element 'Object Repository/ShopOpen/RemainingCategories/Facing'

2018-08-09 19:04:02 - [MESSAGE][WARNING] - Timeout '0' is invalid. Using default page load timeout: '5'

2018-08-09 19:04:02 - [MESSAGE][PASSED] - Tapped on element 'Object Repository/ShopOpen/RemainingCategories/Facing'

2018-08-09 19:04:02 - [TEST_STEP][PASSED] - verifyElementText: Actual text and expected text of test object 'Object Repository/ShopOpen/RemainingCategories/Validate_FacingScreen' are matched.

2018-08-09 19:04:05 - [MESSAGE][PASSED] - Actual text and expected text of test object 'Object Repository/ShopOpen/RemainingCategories/Validate_FacingScreen' are matched.

2018-08-09 19:04:05 - [TEST_STEP][PASSED] - com.ct.qa.keywords.ChannelProductsDataKeywords.visitChannelWiseProductsData: com.ct.qa.keywords.ChannelProductsDataKeywords.visitChannelWiseProductsData is PASSED

2018-08-09 19:04:09 - [MESSAGE][PASSED] - Keyboard is hidden

2018-08-09 19:04:12 - [MESSAGE][PASSED] - Keyboard is hidden

2018-08-09 19:04:15 - [MESSAGE][PASSED] - Keyboard is hidden

2018-08-09 19:04:18 - [MESSAGE][PASSED] - Keyboard is hidden

2018-08-09 19:04:19 - [MESSAGE][PASSED] - com.ct.qa.keywords.ChannelProductsDataKeywords.visitChannelWiseProductsData is PASSED

2018-08-09 19:04:19 - [TEST_STEP][PASSED] - tap: Tapped on element 'Object Repository/ShopOpen/RemainingCategories/SubmitButton'

2018-08-09 19:04:19 - [MESSAGE][WARNING] - Timeout '0' is invalid. Using default page load timeout: '5'

2018-08-09 19:04:20 - [MESSAGE][PASSED] - Tapped on element 'Object Repository/ShopOpen/RemainingCategories/SubmitButton'

2018-08-09 19:04:20 - [TEST_STEP][PASSED] - verifyElementText: Actual text and expected text of test object 'Object Repository/ShopOpen/RemainingCategories/Validate_ProductCategoryAssetScreen' are matched.

2018-08-09 19:04:21 - [MESSAGE][PASSED] - Actual text and expected text of test object 'Object Repository/ShopOpen/RemainingCategories/Validate_ProductCategoryAssetScreen' are matched.

2018-08-09 19:04:21 - [TEST_STEP][PASSED] - tap: Tapped on element 'Object Repository/ShopOpen/RemainingCategories/StockTaking'

2018-08-09 19:04:21 - [MESSAGE][WARNING] - Timeout '0' is invalid. Using default page load timeout: '5'

2018-08-09 19:04:21 - [MESSAGE][PASSED] - Tapped on element 'Object Repository/ShopOpen/RemainingCategories/StockTaking'

2018-08-09 19:04:21 - [TEST_STEP][PASSED] - verifyElementText: Actual text and expected text of test object 'Object Repository/ShopOpen/RemainingCategories/Validate_StockTakingScreen' are matched.

2018-08-09 19:04:23 - [MESSAGE][PASSED] - Actual text and expected text of test object 'Object Repository/ShopOpen/RemainingCategories/Validate_StockTakingScreen' are matched.

2018-08-09 19:04:23 - [TEST_STEP][PASSED] - com.ct.qa.keywords.ChannelProductsDataKeywords.visitChannelWiseProductsData: com.ct.qa.keywords.ChannelProductsDataKeywords.visitChannelWiseProductsData is PASSED

2018-08-09 19:04:27 - [MESSAGE][PASSED] - Keyboard is hidden

2018-08-09 19:04:30 - [MESSAGE][PASSED] - Keyboard is hidden

2018-08-09 19:04:33 - [MESSAGE][PASSED] - Keyboard is hidden

2018-08-09 19:04:36 - [MESSAGE][PASSED] - Keyboard is hidden

2018-08-09 19:04:37 - [MESSAGE][PASSED] - com.ct.qa.keywords.ChannelProductsDataKeywords.visitChannelWiseProductsData is PASSED

2018-08-09 19:04:37 - [TEST_STEP][PASSED] - tap: Tapped on element 'Object Repository/ShopOpen/RemainingCategories/SubmitButton'

2018-08-09 19:04:37 - [MESSAGE][WARNING] - Timeout '0' is invalid. Using default page load timeout: '5'

2018-08-09 19:04:38 - [MESSAGE][PASSED] - Tapped on element 'Object Repository/ShopOpen/RemainingCategories/SubmitButton'

2018-08-09 19:04:38 - [TEST_STEP][PASSED] - verifyElementText: Actual text and expected text of test object 'Object Repository/ShopOpen/RemainingCategories/Validate_ProductCategoryAssetScreen' are matched.

2018-08-09 19:04:39 - [MESSAGE][PASSED] - Actual text and expected text of test object 'Object Repository/ShopOpen/RemainingCategories/Validate_ProductCategoryAssetScreen' are matched.

2018-08-09 19:04:39 - [TEST_STEP][PASSED] - tap: Tapped on element 'Object Repository/ShopOpen/RemainingCategories/planogram_ImageView'

2018-08-09 19:04:39 - [MESSAGE][WARNING] - Timeout '0' is invalid. Using default page load timeout: '5'

2018-08-09 19:04:39 - [MESSAGE][PASSED] - Tapped on element 'Object Repository/ShopOpen/RemainingCategories/planogram_ImageView'

2018-08-09 19:04:39 - [TEST_STEP][PASSED] - com.ct.qa.keywords.CommonKeywords.checkPlanogramAvailability: com.ct.qa.keywords.CommonKeywords.checkPlanogramAvailability is PASSED

2018-08-09 19:04:39 - [MESSAGE][WARNING] - Timeout '0' is invalid. Using default page load timeout: '5'

2018-08-09 19:04:45 - [MESSAGE][WARNING] - Object Object Repository/CommonScreenElements/InfoPopUp_OKButton not found
[[ATTACHMENT|F:\\Git Projects\\MMAPlus_Merchandising\\MMAPlus_Merchandising\\Reports\\MMA Plus Merchandising With Chiller Wise Data Verification\\20180809_164504\\1533823484818.png]]

2018-08-09 19:04:45 - [MESSAGE][PASSED] - com.ct.qa.keywords.CommonKeywords.checkPlanogramAvailability is PASSED

2018-08-09 19:04:45 - [TEST_STEP][PASSED] - com.ct.qa.keywords.CommonKeywords.closePlanogram: com.ct.qa.keywords.CommonKeywords.closePlanogram is PASSED

2018-08-09 19:04:46 - [MESSAGE][PASSED] - com.ct.qa.keywords.CommonKeywords.closePlanogram is PASSED

2018-08-09 19:04:46 - [TEST_STEP][PASSED] - verifyElementText: Actual text and expected text of test object 'Object Repository/ShopOpen/RemainingCategories/Validate_ProductCategoryAssetScreen' are matched.

2018-08-09 19:04:47 - [MESSAGE][PASSED] - Actual text and expected text of test object 'Object Repository/ShopOpen/RemainingCategories/Validate_ProductCategoryAssetScreen' are matched.

2018-08-09 19:04:47 - [TEST_STEP][PASSED] - com.ct.qa.keywords.CommonKeywords.findPictureImageView: com.ct.qa.keywords.CommonKeywords.findPictureImageView is PASSED

2018-08-09 19:04:47 - [MESSAGE][WARNING] - Timeout '0' is invalid. Using default page load timeout: '5'

2018-08-09 19:04:50 - [MESSAGE][PASSED] - Tapped on element 'Object Repository/CommonScreenElements/Picture_ImageView'

2018-08-09 19:04:50 - [MESSAGE][WARNING] - Timeout '0' is invalid. Using default page load timeout: '5'

2018-08-09 19:04:51 - [MESSAGE][PASSED] - Element 'Object Repository/CommonScreenElements/Validate_CameraScreen' is exist

2018-08-09 19:04:51 - [MESSAGE][WARNING] - Timeout '0' is invalid. Using default page load timeout: '5'

2018-08-09 19:04:54 - [MESSAGE][PASSED] - Tapped on element 'Object Repository/CommonScreenElements/TakePictureButton'

2018-08-09 19:04:59 - [MESSAGE][PASSED] - Delayed 5 second(s)

2018-08-09 19:04:59 - [MESSAGE][WARNING] - Timeout '0' is invalid. Using default page load timeout: '5'

2018-08-09 19:05:00 - [MESSAGE][PASSED] - Tapped on element 'Object Repository/CommonScreenElements/DoneButton'

2018-08-09 19:05:00 - [MESSAGE][PASSED] - com.ct.qa.keywords.CommonKeywords.findPictureImageView is PASSED

2018-08-09 19:05:00 - [TEST_STEP][PASSED] - verifyElementText: Actual text and expected text of test object 'Object Repository/ShopOpen/RemainingCategories/Validate_ProductCategoryAssetScreen' are matched.

2018-08-09 19:05:01 - [MESSAGE][PASSED] - Actual text and expected text of test object 'Object Repository/ShopOpen/RemainingCategories/Validate_ProductCategoryAssetScreen' are matched.

2018-08-09 19:05:01 - [TEST_STEP][PASSED] - tap: Tapped on element 'Object Repository/ShopOpen/RemainingCategories/ProductCategoryAsset_BackButton'

2018-08-09 19:05:01 - [MESSAGE][WARNING] - Timeout '0' is invalid. Using default page load timeout: '5'

2018-08-09 19:05:02 - [MESSAGE][PASSED] - Tapped on element 'Object Repository/ShopOpen/RemainingCategories/ProductCategoryAsset_BackButton'

2018-08-09 19:05:02 - [TEST_STEP][PASSED] - verifyElementExist: Element 'Object Repository/ShopOpen/Validate_ShopCategoriesListScreen' is exist

2018-08-09 19:05:02 - [MESSAGE][WARNING] - Timeout '0' is invalid. Using default page load timeout: '5'

2018-08-09 19:05:04 - [MESSAGE][PASSED] - Element 'Object Repository/ShopOpen/Validate_ShopCategoriesListScreen' is exist

2018-08-09 19:05:04 - [MESSAGE][PASSED] - Call Test Case 'Test Cases/ShopOpen/RemainingCategories/VisitRemainingCategoriesWithDSA' successfully

2018-08-09 19:05:05 - [MESSAGE][PASSED] - Swiped from 0,293 to 0,200

2018-08-09 19:05:08 - [MESSAGE][PASSED] - Swiped from 0,293 to 0,200

2018-08-09 19:05:10 - [TEST_CASE][PASSED] - Test Cases/ShopOpen/RemainingCategories/VisitRemainingCategoriesWithDSA: Test Cases/ShopOpen/RemainingCategories/VisitRemainingCategoriesWithDSA

2018-08-09 19:05:11 - [TEST_STEP][PASSED] - verifyElementText: Actual text and expected text of test object 'Object Repository/ShopOpen/RemainingCategories/Validate_RemainingCategoriesDetailScreen' are matched.

2018-08-09 19:05:12 - [MESSAGE][PASSED] - Actual text and expected text of test object 'Object Repository/ShopOpen/RemainingCategories/Validate_RemainingCategoriesDetailScreen' are matched.

2018-08-09 19:05:12 - [TEST_STEP][PASSED] - tap: Tapped on element 'Object Repository/ShopOpen/RemainingCategories/DisplaySpaceAvailable'

2018-08-09 19:05:12 - [MESSAGE][WARNING] - Timeout '0' is invalid. Using default page load timeout: '5'

2018-08-09 19:05:13 - [MESSAGE][PASSED] - Tapped on element 'Object Repository/ShopOpen/RemainingCategories/DisplaySpaceAvailable'

2018-08-09 19:05:13 - [TEST_STEP][PASSED] - verifyElementText: Actual text and expected text of test object 'Object Repository/ShopOpen/RemainingCategories/Validate_ProductCategoryAssetScreen' are matched.

2018-08-09 19:05:15 - [MESSAGE][PASSED] - Actual text and expected text of test object 'Object Repository/ShopOpen/RemainingCategories/Validate_ProductCategoryAssetScreen' are matched.

2018-08-09 19:05:15 - [TEST_STEP][PASSED] - tap: Tapped on element 'Object Repository/ShopOpen/RemainingCategories/Facing'

2018-08-09 19:05:15 - [MESSAGE][WARNING] - Timeout '0' is invalid. Using default page load timeout: '5'

2018-08-09 19:05:15 - [MESSAGE][PASSED] - Tapped on element 'Object Repository/ShopOpen/RemainingCategories/Facing'

2018-08-09 19:05:15 - [TEST_STEP][PASSED] - verifyElementText: Actual text and expected text of test object 'Object Repository/ShopOpen/RemainingCategories/Validate_FacingScreen' are matched.

2018-08-09 19:05:17 - [MESSAGE][PASSED] - Actual text and expected text of test object 'Object Repository/ShopOpen/RemainingCategories/Validate_FacingScreen' are matched.

2018-08-09 19:05:17 - [TEST_STEP][PASSED] - com.ct.qa.keywords.ChannelProductsDataKeywords.visitChannelWiseProductsData: com.ct.qa.keywords.ChannelProductsDataKeywords.visitChannelWiseProductsData is PASSED

2018-08-09 19:05:20 - [MESSAGE][PASSED] - Keyboard is hidden

2018-08-09 19:05:21 - [MESSAGE][PASSED] - com.ct.qa.keywords.ChannelProductsDataKeywords.visitChannelWiseProductsData is PASSED

2018-08-09 19:05:21 - [TEST_STEP][PASSED] - tap: Tapped on element 'Object Repository/ShopOpen/RemainingCategories/SubmitButton'

2018-08-09 19:05:21 - [MESSAGE][WARNING] - Timeout '0' is invalid. Using default page load timeout: '5'

2018-08-09 19:05:21 - [MESSAGE][PASSED] - Tapped on element 'Object Repository/ShopOpen/RemainingCategories/SubmitButton'

2018-08-09 19:05:21 - [TEST_STEP][PASSED] - verifyElementText: Actual text and expected text of test object 'Object Repository/ShopOpen/RemainingCategories/Validate_ProductCategoryAssetScreen' are matched.

2018-08-09 19:05:22 - [MESSAGE][PASSED] - Actual text and expected text of test object 'Object Repository/ShopOpen/RemainingCategories/Validate_ProductCategoryAssetScreen' are matched.

2018-08-09 19:05:22 - [TEST_STEP][PASSED] - tap: Tapped on element 'Object Repository/ShopOpen/RemainingCategories/StockTaking'

2018-08-09 19:05:22 - [MESSAGE][WARNING] - Timeout '0' is invalid. Using default page load timeout: '5'

2018-08-09 19:05:23 - [MESSAGE][PASSED] - Tapped on element 'Object Repository/ShopOpen/RemainingCategories/StockTaking'

2018-08-09 19:05:23 - [TEST_STEP][PASSED] - verifyElementText: Actual text and expected text of test object 'Object Repository/ShopOpen/RemainingCategories/Validate_StockTakingScreen' are matched.

2018-08-09 19:05:25 - [MESSAGE][PASSED] - Actual text and expected text of test object 'Object Repository/ShopOpen/RemainingCategories/Validate_StockTakingScreen' are matched.

2018-08-09 19:05:25 - [TEST_STEP][PASSED] - com.ct.qa.keywords.ChannelProductsDataKeywords.visitChannelWiseProductsData: com.ct.qa.keywords.ChannelProductsDataKeywords.visitChannelWiseProductsData is PASSED

2018-08-09 19:05:28 - [MESSAGE][PASSED] - Keyboard is hidden

2018-08-09 19:05:29 - [MESSAGE][PASSED] - com.ct.qa.keywords.ChannelProductsDataKeywords.visitChannelWiseProductsData is PASSED

2018-08-09 19:05:29 - [TEST_STEP][PASSED] - tap: Tapped on element 'Object Repository/ShopOpen/RemainingCategories/SubmitButton'

2018-08-09 19:05:29 - [MESSAGE][WARNING] - Timeout '0' is invalid. Using default page load timeout: '5'

2018-08-09 19:05:29 - [MESSAGE][PASSED] - Tapped on element 'Object Repository/ShopOpen/RemainingCategories/SubmitButton'

2018-08-09 19:05:29 - [TEST_STEP][PASSED] - verifyElementText: Actual text and expected text of test object 'Object Repository/ShopOpen/RemainingCategories/Validate_ProductCategoryAssetScreen' are matched.

2018-08-09 19:05:30 - [MESSAGE][PASSED] - Actual text and expected text of test object 'Object Repository/ShopOpen/RemainingCategories/Validate_ProductCategoryAssetScreen' are matched.

2018-08-09 19:05:30 - [TEST_STEP][PASSED] - tap: Tapped on element 'Object Repository/ShopOpen/RemainingCategories/planogram_ImageView'

2018-08-09 19:05:30 - [MESSAGE][WARNING] - Timeout '0' is invalid. Using default page load timeout: '5'

2018-08-09 19:05:30 - [MESSAGE][PASSED] - Tapped on element 'Object Repository/ShopOpen/RemainingCategories/planogram_ImageView'

2018-08-09 19:05:30 - [TEST_STEP][PASSED] - com.ct.qa.keywords.CommonKeywords.checkPlanogramAvailability: com.ct.qa.keywords.CommonKeywords.checkPlanogramAvailability is PASSED

2018-08-09 19:05:30 - [MESSAGE][WARNING] - Timeout '0' is invalid. Using default page load timeout: '5'

2018-08-09 19:05:36 - [MESSAGE][WARNING] - Object Object Repository/CommonScreenElements/InfoPopUp_OKButton not found
[[ATTACHMENT|F:\\Git Projects\\MMAPlus_Merchandising\\MMAPlus_Merchandising\\Reports\\MMA Plus Merchandising With Chiller Wise Data Verification\\20180809_164504\\1533823535856.png]]

2018-08-09 19:05:36 - [MESSAGE][PASSED] - com.ct.qa.keywords.CommonKeywords.checkPlanogramAvailability is PASSED

2018-08-09 19:05:36 - [TEST_STEP][PASSED] - com.ct.qa.keywords.CommonKeywords.closePlanogram: com.ct.qa.keywords.CommonKeywords.closePlanogram is PASSED

2018-08-09 19:05:37 - [MESSAGE][PASSED] - com.ct.qa.keywords.CommonKeywords.closePlanogram is PASSED

2018-08-09 19:05:37 - [TEST_STEP][PASSED] - verifyElementText: Actual text and expected text of test object 'Object Repository/ShopOpen/RemainingCategories/Validate_ProductCategoryAssetScreen' are matched.

2018-08-09 19:05:38 - [MESSAGE][PASSED] - Actual text and expected text of test object 'Object Repository/ShopOpen/RemainingCategories/Validate_ProductCategoryAssetScreen' are matched.

2018-08-09 19:05:38 - [TEST_STEP][PASSED] - com.ct.qa.keywords.CommonKeywords.findPictureImageView: com.ct.qa.keywords.CommonKeywords.findPictureImageView is PASSED

2018-08-09 19:05:38 - [MESSAGE][WARNING] - Timeout '0' is invalid. Using default page load timeout: '5'

2018-08-09 19:05:41 - [MESSAGE][PASSED] - Tapped on element 'Object Repository/CommonScreenElements/Picture_ImageView'

2018-08-09 19:05:41 - [MESSAGE][WARNING] - Timeout '0' is invalid. Using default page load timeout: '5'

2018-08-09 19:05:41 - [MESSAGE][PASSED] - Element 'Object Repository/CommonScreenElements/Validate_CameraScreen' is exist

2018-08-09 19:05:41 - [MESSAGE][WARNING] - Timeout '0' is invalid. Using default page load timeout: '5'

2018-08-09 19:05:44 - [MESSAGE][PASSED] - Tapped on element 'Object Repository/CommonScreenElements/TakePictureButton'

2018-08-09 19:05:49 - [MESSAGE][PASSED] - Delayed 5 second(s)

2018-08-09 19:05:49 - [MESSAGE][WARNING] - Timeout '0' is invalid. Using default page load timeout: '5'

2018-08-09 19:05:50 - [MESSAGE][PASSED] - Tapped on element 'Object Repository/CommonScreenElements/DoneButton'

2018-08-09 19:05:50 - [MESSAGE][PASSED] - com.ct.qa.keywords.CommonKeywords.findPictureImageView is PASSED

2018-08-09 19:05:50 - [TEST_STEP][PASSED] - verifyElementText: Actual text and expected text of test object 'Object Repository/ShopOpen/RemainingCategories/Validate_ProductCategoryAssetScreen' are matched.

2018-08-09 19:05:51 - [MESSAGE][PASSED] - Actual text and expected text of test object 'Object Repository/ShopOpen/RemainingCategories/Validate_ProductCategoryAssetScreen' are matched.

2018-08-09 19:05:51 - [TEST_STEP][PASSED] - tap: Tapped on element 'Object Repository/ShopOpen/RemainingCategories/ProductCategoryAsset_BackButton'

2018-08-09 19:05:51 - [MESSAGE][WARNING] - Timeout '0' is invalid. Using default page load timeout: '5'

2018-08-09 19:05:51 - [MESSAGE][PASSED] - Tapped on element 'Object Repository/ShopOpen/RemainingCategories/ProductCategoryAsset_BackButton'

2018-08-09 19:05:51 - [TEST_STEP][PASSED] - verifyElementExist: Element 'Object Repository/ShopOpen/Validate_ShopCategoriesListScreen' is exist

2018-08-09 19:05:51 - [MESSAGE][WARNING] - Timeout '0' is invalid. Using default page load timeout: '5'

2018-08-09 19:05:54 - [MESSAGE][PASSED] - Element 'Object Repository/ShopOpen/Validate_ShopCategoriesListScreen' is exist

2018-08-09 19:05:54 - [MESSAGE][PASSED] - Call Test Case 'Test Cases/ShopOpen/RemainingCategories/VisitRemainingCategoriesWithDSA' successfully

2018-08-09 19:05:55 - [MESSAGE][PASSED] - Swiped from 0,293 to 0,200

2018-08-09 19:05:57 - [MESSAGE][PASSED] - Swiped from 0,293 to 0,200

2018-08-09 19:06:00 - [MESSAGE][PASSED] - Swiped from 0,293 to 0,200

2018-08-09 19:06:02 - [TEST_CASE][PASSED] - Test Cases/ShopOpen/RemainingCategories/VisitRemainingCategoriesWithDSA: Test Cases/ShopOpen/RemainingCategories/VisitRemainingCategoriesWithDSA

2018-08-09 19:06:02 - [TEST_STEP][PASSED] - verifyElementText: Actual text and expected text of test object 'Object Repository/ShopOpen/RemainingCategories/Validate_RemainingCategoriesDetailScreen' are matched.

2018-08-09 19:06:04 - [MESSAGE][PASSED] - Actual text and expected text of test object 'Object Repository/ShopOpen/RemainingCategories/Validate_RemainingCategoriesDetailScreen' are matched.

2018-08-09 19:06:04 - [TEST_STEP][PASSED] - tap: Tapped on element 'Object Repository/ShopOpen/RemainingCategories/DisplaySpaceAvailable'

2018-08-09 19:06:04 - [MESSAGE][WARNING] - Timeout '0' is invalid. Using default page load timeout: '5'

2018-08-09 19:06:04 - [MESSAGE][PASSED] - Tapped on element 'Object Repository/ShopOpen/RemainingCategories/DisplaySpaceAvailable'

2018-08-09 19:06:04 - [TEST_STEP][PASSED] - verifyElementText: Actual text and expected text of test object 'Object Repository/ShopOpen/RemainingCategories/Validate_ProductCategoryAssetScreen' are matched.

2018-08-09 19:06:06 - [MESSAGE][PASSED] - Actual text and expected text of test object 'Object Repository/ShopOpen/RemainingCategories/Validate_ProductCategoryAssetScreen' are matched.

2018-08-09 19:06:06 - [TEST_STEP][PASSED] - tap: Tapped on element 'Object Repository/ShopOpen/RemainingCategories/Facing'

2018-08-09 19:06:06 - [MESSAGE][WARNING] - Timeout '0' is invalid. Using default page load timeout: '5'

2018-08-09 19:06:06 - [MESSAGE][PASSED] - Tapped on element 'Object Repository/ShopOpen/RemainingCategories/Facing'

2018-08-09 19:06:06 - [TEST_STEP][PASSED] - verifyElementText: Actual text and expected text of test object 'Object Repository/ShopOpen/RemainingCategories/Validate_FacingScreen' are matched.

2018-08-09 19:06:08 - [MESSAGE][PASSED] - Actual text and expected text of test object 'Object Repository/ShopOpen/RemainingCategories/Validate_FacingScreen' are matched.

2018-08-09 19:06:08 - [TEST_STEP][PASSED] - com.ct.qa.keywords.ChannelProductsDataKeywords.visitChannelWiseProductsData: com.ct.qa.keywords.ChannelProductsDataKeywords.visitChannelWiseProductsData is PASSED

2018-08-09 19:06:11 - [MESSAGE][PASSED] - Keyboard is hidden

2018-08-09 19:06:14 - [MESSAGE][PASSED] - Keyboard is hidden

2018-08-09 19:06:15 - [MESSAGE][PASSED] - com.ct.qa.keywords.ChannelProductsDataKeywords.visitChannelWiseProductsData is PASSED

2018-08-09 19:06:15 - [TEST_STEP][PASSED] - tap: Tapped on element 'Object Repository/ShopOpen/RemainingCategories/SubmitButton'

2018-08-09 19:06:15 - [MESSAGE][WARNING] - Timeout '0' is invalid. Using default page load timeout: '5'

2018-08-09 19:06:16 - [MESSAGE][PASSED] - Tapped on element 'Object Repository/ShopOpen/RemainingCategories/SubmitButton'

2018-08-09 19:06:16 - [TEST_STEP][PASSED] - verifyElementText: Actual text and expected text of test object 'Object Repository/ShopOpen/RemainingCategories/Validate_ProductCategoryAssetScreen' are matched.

2018-08-09 19:06:17 - [MESSAGE][PASSED] - Actual text and expected text of test object 'Object Repository/ShopOpen/RemainingCategories/Validate_ProductCategoryAssetScreen' are matched.

2018-08-09 19:06:17 - [TEST_STEP][PASSED] - tap: Tapped on element 'Object Repository/ShopOpen/RemainingCategories/StockTaking'

2018-08-09 19:06:17 - [MESSAGE][WARNING] - Timeout '0' is invalid. Using default page load timeout: '5'

2018-08-09 19:06:17 - [MESSAGE][PASSED] - Tapped on element 'Object Repository/ShopOpen/RemainingCategories/StockTaking'

2018-08-09 19:06:17 - [TEST_STEP][PASSED] - verifyElementText: Actual text and expected text of test object 'Object Repository/ShopOpen/RemainingCategories/Validate_StockTakingScreen' are matched.

2018-08-09 19:06:19 - [MESSAGE][PASSED] - Actual text and expected text of test object 'Object Repository/ShopOpen/RemainingCategories/Validate_StockTakingScreen' are matched.

2018-08-09 19:06:19 - [TEST_STEP][PASSED] - com.ct.qa.keywords.ChannelProductsDataKeywords.visitChannelWiseProductsData: com.ct.qa.keywords.ChannelProductsDataKeywords.visitChannelWiseProductsData is PASSED

2018-08-09 19:06:22 - [MESSAGE][PASSED] - Keyboard is hidden

2018-08-09 19:06:25 - [MESSAGE][PASSED] - Keyboard is hidden

2018-08-09 19:06:26 - [MESSAGE][PASSED] - com.ct.qa.keywords.ChannelProductsDataKeywords.visitChannelWiseProductsData is PASSED

2018-08-09 19:06:26 - [TEST_STEP][PASSED] - tap: Tapped on element 'Object Repository/ShopOpen/RemainingCategories/SubmitButton'

2018-08-09 19:06:26 - [MESSAGE][WARNING] - Timeout '0' is invalid. Using default page load timeout: '5'

2018-08-09 19:06:26 - [MESSAGE][PASSED] - Tapped on element 'Object Repository/ShopOpen/RemainingCategories/SubmitButton'

2018-08-09 19:06:26 - [TEST_STEP][PASSED] - verifyElementText: Actual text and expected text of test object 'Object Repository/ShopOpen/RemainingCategories/Validate_ProductCategoryAssetScreen' are matched.

2018-08-09 19:06:27 - [MESSAGE][PASSED] - Actual text and expected text of test object 'Object Repository/ShopOpen/RemainingCategories/Validate_ProductCategoryAssetScreen' are matched.

2018-08-09 19:06:27 - [TEST_STEP][PASSED] - tap: Tapped on element 'Object Repository/ShopOpen/RemainingCategories/planogram_ImageView'

2018-08-09 19:06:27 - [MESSAGE][WARNING] - Timeout '0' is invalid. Using default page load timeout: '5'

2018-08-09 19:06:28 - [MESSAGE][PASSED] - Tapped on element 'Object Repository/ShopOpen/RemainingCategories/planogram_ImageView'

2018-08-09 19:06:28 - [TEST_STEP][PASSED] - com.ct.qa.keywords.CommonKeywords.checkPlanogramAvailability: com.ct.qa.keywords.CommonKeywords.checkPlanogramAvailability is PASSED

2018-08-09 19:06:28 - [MESSAGE][WARNING] - Timeout '0' is invalid. Using default page load timeout: '5'

2018-08-09 19:06:34 - [MESSAGE][WARNING] - Object Object Repository/CommonScreenElements/InfoPopUp_OKButton not found
[[ATTACHMENT|F:\\Git Projects\\MMAPlus_Merchandising\\MMAPlus_Merchandising\\Reports\\MMA Plus Merchandising With Chiller Wise Data Verification\\20180809_164504\\1533823593635.png]]

2018-08-09 19:06:34 - [MESSAGE][PASSED] - com.ct.qa.keywords.CommonKeywords.checkPlanogramAvailability is PASSED

2018-08-09 19:06:34 - [TEST_STEP][PASSED] - com.ct.qa.keywords.CommonKeywords.closePlanogram: com.ct.qa.keywords.CommonKeywords.closePlanogram is PASSED

2018-08-09 19:06:35 - [MESSAGE][PASSED] - com.ct.qa.keywords.CommonKeywords.closePlanogram is PASSED

2018-08-09 19:06:35 - [TEST_STEP][PASSED] - verifyElementText: Actual text and expected text of test object 'Object Repository/ShopOpen/RemainingCategories/Validate_ProductCategoryAssetScreen' are matched.

2018-08-09 19:06:36 - [MESSAGE][PASSED] - Actual text and expected text of test object 'Object Repository/ShopOpen/RemainingCategories/Validate_ProductCategoryAssetScreen' are matched.

2018-08-09 19:06:36 - [TEST_STEP][PASSED] - com.ct.qa.keywords.CommonKeywords.findPictureImageView: com.ct.qa.keywords.CommonKeywords.findPictureImageView is PASSED

2018-08-09 19:06:36 - [MESSAGE][WARNING] - Timeout '0' is invalid. Using default page load timeout: '5'

2018-08-09 19:06:38 - [MESSAGE][PASSED] - Tapped on element 'Object Repository/CommonScreenElements/Picture_ImageView'

2018-08-09 19:06:38 - [MESSAGE][WARNING] - Timeout '0' is invalid. Using default page load timeout: '5'

2018-08-09 19:06:39 - [MESSAGE][PASSED] - Element 'Object Repository/CommonScreenElements/Validate_CameraScreen' is exist

2018-08-09 19:06:39 - [MESSAGE][WARNING] - Timeout '0' is invalid. Using default page load timeout: '5'

2018-08-09 19:06:43 - [MESSAGE][PASSED] - Tapped on element 'Object Repository/CommonScreenElements/TakePictureButton'

2018-08-09 19:06:48 - [MESSAGE][PASSED] - Delayed 5 second(s)

2018-08-09 19:06:48 - [MESSAGE][WARNING] - Timeout '0' is invalid. Using default page load timeout: '5'

2018-08-09 19:06:48 - [MESSAGE][PASSED] - Tapped on element 'Object Repository/CommonScreenElements/DoneButton'

2018-08-09 19:06:48 - [MESSAGE][PASSED] - com.ct.qa.keywords.CommonKeywords.findPictureImageView is PASSED

2018-08-09 19:06:48 - [TEST_STEP][PASSED] - verifyElementText: Actual text and expected text of test object 'Object Repository/ShopOpen/RemainingCategories/Validate_ProductCategoryAssetScreen' are matched.

2018-08-09 19:06:49 - [MESSAGE][PASSED] - Actual text and expected text of test object 'Object Repository/ShopOpen/RemainingCategories/Validate_ProductCategoryAssetScreen' are matched.

2018-08-09 19:06:49 - [TEST_STEP][PASSED] - tap: Tapped on element 'Object Repository/ShopOpen/RemainingCategories/ProductCategoryAsset_BackButton'

2018-08-09 19:06:49 - [MESSAGE][WARNING] - Timeout '0' is invalid. Using default page load timeout: '5'

2018-08-09 19:06:49 - [MESSAGE][PASSED] - Tapped on element 'Object Repository/ShopOpen/RemainingCategories/ProductCategoryAsset_BackButton'

2018-08-09 19:06:49 - [TEST_STEP][PASSED] - verifyElementExist: Element 'Object Repository/ShopOpen/Validate_ShopCategoriesListScreen' is exist

2018-08-09 19:06:49 - [MESSAGE][WARNING] - Timeout '0' is invalid. Using default page load timeout: '5'

2018-08-09 19:06:51 - [MESSAGE][PASSED] - Element 'Object Repository/ShopOpen/Validate_ShopCategoriesListScreen' is exist

2018-08-09 19:06:51 - [MESSAGE][PASSED] - Call Test Case 'Test Cases/ShopOpen/RemainingCategories/VisitRemainingCategoriesWithDSA' successfully

2018-08-09 19:06:52 - [MESSAGE][PASSED] - Swiped from 0,293 to 0,200

2018-08-09 19:06:54 - [MESSAGE][PASSED] - Swiped from 0,293 to 0,200

2018-08-09 19:06:56 - [MESSAGE][PASSED] - Swiped from 0,293 to 0,200

2018-08-09 19:06:59 - [MESSAGE][PASSED] - Swiped from 0,293 to 0,200

2018-08-09 19:07:02 - [TEST_CASE][PASSED] - Test Cases/ShopOpen/RemainingCategories/VisitRemainingCategoriesWithDSA: Test Cases/ShopOpen/RemainingCategories/VisitRemainingCategoriesWithDSA

2018-08-09 19:07:02 - [TEST_STEP][PASSED] - verifyElementText: Actual text and expected text of test object 'Object Repository/ShopOpen/RemainingCategories/Validate_RemainingCategoriesDetailScreen' are matched.

2018-08-09 19:07:04 - [MESSAGE][PASSED] - Actual text and expected text of test object 'Object Repository/ShopOpen/RemainingCategories/Validate_RemainingCategoriesDetailScreen' are matched.

2018-08-09 19:07:04 - [TEST_STEP][PASSED] - tap: Tapped on element 'Object Repository/ShopOpen/RemainingCategories/DisplaySpaceAvailable'

2018-08-09 19:07:04 - [MESSAGE][WARNING] - Timeout '0' is invalid. Using default page load timeout: '5'

2018-08-09 19:07:04 - [MESSAGE][PASSED] - Tapped on element 'Object Repository/ShopOpen/RemainingCategories/DisplaySpaceAvailable'

2018-08-09 19:07:04 - [TEST_STEP][PASSED] - verifyElementText: Actual text and expected text of test object 'Object Repository/ShopOpen/RemainingCategories/Validate_ProductCategoryAssetScreen' are matched.

2018-08-09 19:07:07 - [MESSAGE][PASSED] - Actual text and expected text of test object 'Object Repository/ShopOpen/RemainingCategories/Validate_ProductCategoryAssetScreen' are matched.

2018-08-09 19:07:07 - [TEST_STEP][PASSED] - tap: Tapped on element 'Object Repository/ShopOpen/RemainingCategories/Facing'

2018-08-09 19:07:07 - [MESSAGE][WARNING] - Timeout '0' is invalid. Using default page load timeout: '5'

2018-08-09 19:07:07 - [MESSAGE][PASSED] - Tapped on element 'Object Repository/ShopOpen/RemainingCategories/Facing'

2018-08-09 19:07:07 - [TEST_STEP][PASSED] - verifyElementText: Actual text and expected text of test object 'Object Repository/ShopOpen/RemainingCategories/Validate_FacingScreen' are matched.

2018-08-09 19:07:09 - [MESSAGE][PASSED] - Actual text and expected text of test object 'Object Repository/ShopOpen/RemainingCategories/Validate_FacingScreen' are matched.

2018-08-09 19:07:09 - [TEST_STEP][PASSED] - com.ct.qa.keywords.ChannelProductsDataKeywords.visitChannelWiseProductsData: com.ct.qa.keywords.ChannelProductsDataKeywords.visitChannelWiseProductsData is PASSED

2018-08-09 19:07:13 - [MESSAGE][PASSED] - Keyboard is hidden

2018-08-09 19:07:16 - [MESSAGE][PASSED] - Keyboard is hidden

2018-08-09 19:07:19 - [MESSAGE][PASSED] - Keyboard is hidden

2018-08-09 19:07:20 - [MESSAGE][PASSED] - com.ct.qa.keywords.ChannelProductsDataKeywords.visitChannelWiseProductsData is PASSED

2018-08-09 19:07:20 - [TEST_STEP][PASSED] - tap: Tapped on element 'Object Repository/ShopOpen/RemainingCategories/SubmitButton'

2018-08-09 19:07:20 - [MESSAGE][WARNING] - Timeout '0' is invalid. Using default page load timeout: '5'

2018-08-09 19:07:21 - [MESSAGE][PASSED] - Tapped on element 'Object Repository/ShopOpen/RemainingCategories/SubmitButton'

2018-08-09 19:07:21 - [TEST_STEP][PASSED] - verifyElementText: Actual text and expected text of test object 'Object Repository/ShopOpen/RemainingCategories/Validate_ProductCategoryAssetScreen' are matched.

2018-08-09 19:07:22 - [MESSAGE][PASSED] - Actual text and expected text of test object 'Object Repository/ShopOpen/RemainingCategories/Validate_ProductCategoryAssetScreen' are matched.

2018-08-09 19:07:22 - [TEST_STEP][PASSED] - tap: Tapped on element 'Object Repository/ShopOpen/RemainingCategories/StockTaking'

2018-08-09 19:07:22 - [MESSAGE][WARNING] - Timeout '0' is invalid. Using default page load timeout: '5'

2018-08-09 19:07:22 - [MESSAGE][PASSED] - Tapped on element 'Object Repository/ShopOpen/RemainingCategories/StockTaking'

2018-08-09 19:07:22 - [TEST_STEP][PASSED] - verifyElementText: Actual text and expected text of test object 'Object Repository/ShopOpen/RemainingCategories/Validate_StockTakingScreen' are matched.

2018-08-09 19:07:24 - [MESSAGE][PASSED] - Actual text and expected text of test object 'Object Repository/ShopOpen/RemainingCategories/Validate_StockTakingScreen' are matched.

2018-08-09 19:07:24 - [TEST_STEP][PASSED] - com.ct.qa.keywords.ChannelProductsDataKeywords.visitChannelWiseProductsData: com.ct.qa.keywords.ChannelProductsDataKeywords.visitChannelWiseProductsData is PASSED

2018-08-09 19:07:28 - [MESSAGE][PASSED] - Keyboard is hidden

2018-08-09 19:07:31 - [MESSAGE][PASSED] - Keyboard is hidden

2018-08-09 19:07:34 - [MESSAGE][PASSED] - Keyboard is hidden

2018-08-09 19:07:35 - [MESSAGE][PASSED] - com.ct.qa.keywords.ChannelProductsDataKeywords.visitChannelWiseProductsData is PASSED

2018-08-09 19:07:35 - [TEST_STEP][PASSED] - tap: Tapped on element 'Object Repository/ShopOpen/RemainingCategories/SubmitButton'

2018-08-09 19:07:35 - [MESSAGE][WARNING] - Timeout '0' is invalid. Using default page load timeout: '5'

2018-08-09 19:07:36 - [MESSAGE][PASSED] - Tapped on element 'Object Repository/ShopOpen/RemainingCategories/SubmitButton'

2018-08-09 19:07:36 - [TEST_STEP][PASSED] - verifyElementText: Actual text and expected text of test object 'Object Repository/ShopOpen/RemainingCategories/Validate_ProductCategoryAssetScreen' are matched.

2018-08-09 19:07:37 - [MESSAGE][PASSED] - Actual text and expected text of test object 'Object Repository/ShopOpen/RemainingCategories/Validate_ProductCategoryAssetScreen' are matched.

2018-08-09 19:07:37 - [TEST_STEP][PASSED] - tap: Tapped on element 'Object Repository/ShopOpen/RemainingCategories/planogram_ImageView'

2018-08-09 19:07:37 - [MESSAGE][WARNING] - Timeout '0' is invalid. Using default page load timeout: '5'

2018-08-09 19:07:37 - [MESSAGE][PASSED] - Tapped on element 'Object Repository/ShopOpen/RemainingCategories/planogram_ImageView'

2018-08-09 19:07:37 - [TEST_STEP][PASSED] - com.ct.qa.keywords.CommonKeywords.checkPlanogramAvailability: com.ct.qa.keywords.CommonKeywords.checkPlanogramAvailability is PASSED

2018-08-09 19:07:37 - [MESSAGE][WARNING] - Timeout '0' is invalid. Using default page load timeout: '5'

2018-08-09 19:07:43 - [MESSAGE][WARNING] - Object Object Repository/CommonScreenElements/InfoPopUp_OKButton not found
[[ATTACHMENT|F:\\Git Projects\\MMAPlus_Merchandising\\MMAPlus_Merchandising\\Reports\\MMA Plus Merchandising With Chiller Wise Data Verification\\20180809_164504\\1533823662775.png]]

2018-08-09 19:07:43 - [MESSAGE][PASSED] - com.ct.qa.keywords.CommonKeywords.checkPlanogramAvailability is PASSED

2018-08-09 19:07:43 - [TEST_STEP][PASSED] - com.ct.qa.keywords.CommonKeywords.closePlanogram: com.ct.qa.keywords.CommonKeywords.closePlanogram is PASSED

2018-08-09 19:07:44 - [MESSAGE][PASSED] - com.ct.qa.keywords.CommonKeywords.closePlanogram is PASSED

2018-08-09 19:07:44 - [TEST_STEP][PASSED] - verifyElementText: Actual text and expected text of test object 'Object Repository/ShopOpen/RemainingCategories/Validate_ProductCategoryAssetScreen' are matched.

2018-08-09 19:07:45 - [MESSAGE][PASSED] - Actual text and expected text of test object 'Object Repository/ShopOpen/RemainingCategories/Validate_ProductCategoryAssetScreen' are matched.

2018-08-09 19:07:45 - [TEST_STEP][PASSED] - com.ct.qa.keywords.CommonKeywords.findPictureImageView: com.ct.qa.keywords.CommonKeywords.findPictureImageView is PASSED

2018-08-09 19:07:45 - [MESSAGE][WARNING] - Timeout '0' is invalid. Using default page load timeout: '5'

2018-08-09 19:07:48 - [MESSAGE][PASSED] - Tapped on element 'Object Repository/CommonScreenElements/Picture_ImageView'

2018-08-09 19:07:48 - [MESSAGE][WARNING] - Timeout '0' is invalid. Using default page load timeout: '5'

2018-08-09 19:07:48 - [MESSAGE][PASSED] - Element 'Object Repository/CommonScreenElements/Validate_CameraScreen' is exist

2018-08-09 19:07:48 - [MESSAGE][WARNING] - Timeout '0' is invalid. Using default page load timeout: '5'

2018-08-09 19:07:51 - [MESSAGE][PASSED] - Tapped on element 'Object Repository/CommonScreenElements/TakePictureButton'

2018-08-09 19:07:56 - [MESSAGE][PASSED] - Delayed 5 second(s)

2018-08-09 19:07:56 - [MESSAGE][WARNING] - Timeout '0' is invalid. Using default page load timeout: '5'

2018-08-09 19:07:57 - [MESSAGE][PASSED] - Tapped on element 'Object Repository/CommonScreenElements/DoneButton'

2018-08-09 19:07:57 - [MESSAGE][PASSED] - com.ct.qa.keywords.CommonKeywords.findPictureImageView is PASSED

2018-08-09 19:07:57 - [TEST_STEP][PASSED] - verifyElementText: Actual text and expected text of test object 'Object Repository/ShopOpen/RemainingCategories/Validate_ProductCategoryAssetScreen' are matched.

2018-08-09 19:07:58 - [MESSAGE][PASSED] - Actual text and expected text of test object 'Object Repository/ShopOpen/RemainingCategories/Validate_ProductCategoryAssetScreen' are matched.

2018-08-09 19:07:58 - [TEST_STEP][PASSED] - tap: Tapped on element 'Object Repository/ShopOpen/RemainingCategories/ProductCategoryAsset_BackButton'

2018-08-09 19:07:58 - [MESSAGE][WARNING] - Timeout '0' is invalid. Using default page load timeout: '5'

2018-08-09 19:07:58 - [MESSAGE][PASSED] - Tapped on element 'Object Repository/ShopOpen/RemainingCategories/ProductCategoryAsset_BackButton'

2018-08-09 19:07:58 - [TEST_STEP][PASSED] - verifyElementExist: Element 'Object Repository/ShopOpen/Validate_ShopCategoriesListScreen' is exist

2018-08-09 19:07:58 - [MESSAGE][WARNING] - Timeout '0' is invalid. Using default page load timeout: '5'

2018-08-09 19:08:00 - [MESSAGE][PASSED] - Element 'Object Repository/ShopOpen/Validate_ShopCategoriesListScreen' is exist

2018-08-09 19:08:00 - [MESSAGE][PASSED] - Call Test Case 'Test Cases/ShopOpen/RemainingCategories/VisitRemainingCategoriesWithDSA' successfully

2018-08-09 19:08:00 - [MESSAGE][PASSED] - Swiped from 0,293 to 0,200

2018-08-09 19:08:03 - [MESSAGE][PASSED] - Swiped from 0,293 to 0,200

2018-08-09 19:08:04 - [MESSAGE][PASSED] - Swiped from 0,293 to 0,200

2018-08-09 19:08:07 - [MESSAGE][PASSED] - Swiped from 0,293 to 0,200

2018-08-09 19:08:10 - [MESSAGE][PASSED] - Swiped from 0,293 to 0,200

2018-08-09 19:08:12 - [TEST_CASE][PASSED] - Test Cases/ShopOpen/RTMVisitFrequency/VisitRTMVisitFrequency: Test Cases/ShopOpen/RTMVisitFrequency/VisitRTMVisitFrequency

2018-08-09 19:08:12 - [TEST_STEP][PASSED] - verifyElementText: Actual text and expected text of test object 'Object Repository/ShopOpen/RTMVisitFrequency/Validate_RTMVisitFrequencyScreen' are matched.

2018-08-09 19:08:14 - [MESSAGE][PASSED] - Actual text and expected text of test object 'Object Repository/ShopOpen/RTMVisitFrequency/Validate_RTMVisitFrequencyScreen' are matched.

2018-08-09 19:08:14 - [TEST_STEP][PASSED] - com.ct.qa.keywords.RTMVisitFrequencyKeywords.visitRTMVisitFrequency: com.ct.qa.keywords.RTMVisitFrequencyKeywords.visitRTMVisitFrequency is PASSED

2018-08-09 19:08:15 - [MESSAGE][WARNING] - Timeout '0' is invalid. Using default page load timeout: '5'

2018-08-09 19:08:16 - [MESSAGE][PASSED] - Element 'Object Repository/ShopOpen/RTMVisitFrequency/Validate_RTMVisitFrequencyRemarks' is exist

2018-08-09 19:08:16 - [MESSAGE][WARNING] - Timeout '0' is invalid. Using default page load timeout: '5'

2018-08-09 19:08:17 - [MESSAGE][PASSED] - Tapped on element 'Object Repository/ShopOpen/RTMVisitFrequency/OnceAWeek'

2018-08-09 19:08:17 - [MESSAGE][WARNING] - Timeout '0' is invalid. Using default page load timeout: '5'

2018-08-09 19:08:19 - [MESSAGE][PASSED] - Element 'Object Repository/ShopOpen/RTMVisitFrequency/Validate_RTMVisitFrequencyRemarks' is exist

2018-08-09 19:08:19 - [MESSAGE][WARNING] - Timeout '0' is invalid. Using default page load timeout: '5'

2018-08-09 19:08:19 - [MESSAGE][PASSED] - Tapped on element 'Object Repository/ShopOpen/RTMVisitFrequency/OnceAWeek'

2018-08-09 19:08:20 - [MESSAGE][WARNING] - Timeout '0' is invalid. Using default page load timeout: '5'

2018-08-09 19:08:21 - [MESSAGE][PASSED] - Element 'Object Repository/ShopOpen/RTMVisitFrequency/Validate_RTMVisitFrequencyRemarks' is exist

2018-08-09 19:08:21 - [MESSAGE][WARNING] - Timeout '0' is invalid. Using default page load timeout: '5'

2018-08-09 19:08:22 - [MESSAGE][PASSED] - Tapped on element 'Object Repository/ShopOpen/RTMVisitFrequency/OnceAWeek'

2018-08-09 19:08:23 - [MESSAGE][WARNING] - Timeout '0' is invalid. Using default page load timeout: '5'

2018-08-09 19:08:25 - [MESSAGE][PASSED] - Element 'Object Repository/ShopOpen/RTMVisitFrequency/Validate_RTMVisitFrequencyRemarks' is exist

2018-08-09 19:08:25 - [MESSAGE][WARNING] - Timeout '0' is invalid. Using default page load timeout: '5'

2018-08-09 19:08:25 - [MESSAGE][PASSED] - Tapped on element 'Object Repository/ShopOpen/RTMVisitFrequency/OnceAWeek'

2018-08-09 19:08:25 - [MESSAGE][PASSED] - com.ct.qa.keywords.RTMVisitFrequencyKeywords.visitRTMVisitFrequency is PASSED

2018-08-09 19:08:25 - [TEST_STEP][PASSED] - tap: Tapped on element 'Object Repository/ShopOpen/RTMVisitFrequency/BackButton'

2018-08-09 19:08:25 - [MESSAGE][WARNING] - Timeout '0' is invalid. Using default page load timeout: '5'

2018-08-09 19:08:26 - [MESSAGE][PASSED] - Tapped on element 'Object Repository/ShopOpen/RTMVisitFrequency/BackButton'

2018-08-09 19:08:26 - [TEST_STEP][PASSED] - verifyElementExist: Element 'Object Repository/ShopOpen/Validate_ShopCategoriesListScreen' is exist

2018-08-09 19:08:26 - [MESSAGE][WARNING] - Timeout '0' is invalid. Using default page load timeout: '5'

2018-08-09 19:08:28 - [MESSAGE][PASSED] - Element 'Object Repository/ShopOpen/Validate_ShopCategoriesListScreen' is exist

2018-08-09 19:08:28 - [MESSAGE][PASSED] - Call Test Case 'Test Cases/ShopOpen/RTMVisitFrequency/VisitRTMVisitFrequency' successfully

2018-08-09 19:08:29 - [MESSAGE][PASSED] - Swiped from 0,293 to 0,200

2018-08-09 19:08:31 - [MESSAGE][PASSED] - Swiped from 0,293 to 0,200

2018-08-09 19:08:33 - [MESSAGE][PASSED] - Swiped from 0,293 to 0,200

2018-08-09 19:08:35 - [MESSAGE][PASSED] - Swiped from 0,293 to 0,200

2018-08-09 19:08:37 - [MESSAGE][PASSED] - Swiped from 0,293 to 0,200

2018-08-09 19:08:40 - [MESSAGE][PASSED] - Swiped from 0,293 to 0,200

2018-08-09 19:08:42 - [TEST_CASE][PASSED] - Test Cases/ShopOpen/POPApplication/OverwritePOPApplication: Test Cases/ShopOpen/POPApplication/OverwritePOPApplication

2018-08-09 19:08:42 - [TEST_STEP][PASSED] - verifyElementText: Actual text and expected text of test object 'Object Repository/ShopOpen/POPApplication/Validate_POPApplicationDetailScreen' are matched.

2018-08-09 19:08:44 - [MESSAGE][PASSED] - Actual text and expected text of test object 'Object Repository/ShopOpen/POPApplication/Validate_POPApplicationDetailScreen' are matched.

2018-08-09 19:08:44 - [TEST_STEP][PASSED] - tap: Tapped on element 'Object Repository/ShopOpen/POPApplication/POPDeployment_No'

2018-08-09 19:08:44 - [MESSAGE][WARNING] - Timeout '0' is invalid. Using default page load timeout: '5'

2018-08-09 19:08:44 - [MESSAGE][PASSED] - Tapped on element 'Object Repository/ShopOpen/POPApplication/POPDeployment_No'

2018-08-09 19:08:44 - [TEST_STEP][PASSED] - pressBack: Press back button successfully

2018-08-09 19:08:45 - [MESSAGE][PASSED] - Press back button successfully

2018-08-09 19:08:45 - [TEST_STEP][PASSED] - verifyElementExist: Element 'Object Repository/ShopOpen/Validate_ShopCategoriesListScreen' is exist

2018-08-09 19:08:45 - [MESSAGE][WARNING] - Timeout '0' is invalid. Using default page load timeout: '5'

2018-08-09 19:08:46 - [MESSAGE][PASSED] - Element 'Object Repository/ShopOpen/Validate_ShopCategoriesListScreen' is exist

2018-08-09 19:08:46 - [MESSAGE][PASSED] - Call Test Case 'Test Cases/ShopOpen/POPApplication/OverwritePOPApplication' successfully

2018-08-09 19:08:46 - [MESSAGE][PASSED] - Swiped from 0,293 to 0,200

2018-08-09 19:08:49 - [MESSAGE][PASSED] - Swiped from 0,293 to 0,200

2018-08-09 19:08:51 - [MESSAGE][PASSED] - Swiped from 0,293 to 0,200

2018-08-09 19:08:53 - [MESSAGE][PASSED] - Swiped from 0,293 to 0,200

2018-08-09 19:08:55 - [MESSAGE][PASSED] - Swiped from 0,293 to 0,200

2018-08-09 19:08:57 - [MESSAGE][PASSED] - Swiped from 0,293 to 0,200

2018-08-09 19:09:00 - [MESSAGE][PASSED] - Swiped from 0,293 to 0,200

2018-08-09 19:09:02 - [TEST_CASE][PASSED] - Test Cases/ShopOpen/RetailerRemarks/VisitRetailerRemarks: Test Cases/ShopOpen/RetailerRemarks/VisitRetailerRemarks

2018-08-09 19:09:02 - [TEST_STEP][PASSED] - verifyElementText: Actual text and expected text of test object 'Object Repository/ShopOpen/RetailerRemarks/Validate_RetailerRemarksScreen' are matched.

2018-08-09 19:09:05 - [MESSAGE][PASSED] - Actual text and expected text of test object 'Object Repository/ShopOpen/RetailerRemarks/Validate_RetailerRemarksScreen' are matched.

2018-08-09 19:09:05 - [TEST_STEP][PASSED] - com.ct.qa.keywords.RetailerRemarksKeywords.visitRetailerRemarks: com.ct.qa.keywords.RetailerRemarksKeywords.visitRetailerRemarks is PASSED

2018-08-09 19:09:05 - [MESSAGE][WARNING] - Timeout '0' is invalid. Using default page load timeout: '5'

2018-08-09 19:09:07 - [MESSAGE][PASSED] - Element 'Object Repository/ShopOpen/RetailerRemarks/OBNotVisiting' is exist

2018-08-09 19:09:07 - [MESSAGE][WARNING] - Timeout '0' is invalid. Using default page load timeout: '5'

2018-08-09 19:09:07 - [MESSAGE][PASSED] - Tapped on element 'Object Repository/ShopOpen/RetailerRemarks/OBNotVisiting'

2018-08-09 19:09:08 - [MESSAGE][PASSED] - Press back button successfully

2018-08-09 19:09:09 - [MESSAGE][PASSED] - Actual text and expected text of test object 'Object Repository/ShopOpen/RetailerRemarks/Validate_RetailerRemarksScreen' are matched.

2018-08-09 19:09:09 - [MESSAGE][WARNING] - Timeout '0' is invalid. Using default page load timeout: '5'

2018-08-09 19:09:11 - [MESSAGE][PASSED] - Element 'Object Repository/ShopOpen/RetailerRemarks/OBNotVisiting' is exist

2018-08-09 19:09:11 - [MESSAGE][WARNING] - Timeout '0' is invalid. Using default page load timeout: '5'

2018-08-09 19:09:11 - [MESSAGE][PASSED] - Tapped on element 'Object Repository/ShopOpen/RetailerRemarks/OBNotVisiting'

2018-08-09 19:09:12 - [MESSAGE][PASSED] - Press back button successfully

2018-08-09 19:09:13 - [MESSAGE][PASSED] - Actual text and expected text of test object 'Object Repository/ShopOpen/RetailerRemarks/Validate_RetailerRemarksScreen' are matched.

2018-08-09 19:09:13 - [MESSAGE][WARNING] - Timeout '0' is invalid. Using default page load timeout: '5'

2018-08-09 19:09:15 - [MESSAGE][PASSED] - Element 'Object Repository/ShopOpen/RetailerRemarks/OBNotVisiting' is exist

2018-08-09 19:09:15 - [MESSAGE][WARNING] - Timeout '0' is invalid. Using default page load timeout: '5'

2018-08-09 19:09:15 - [MESSAGE][PASSED] - Tapped on element 'Object Repository/ShopOpen/RetailerRemarks/OBNotVisiting'

2018-08-09 19:09:16 - [MESSAGE][PASSED] - Press back button successfully

2018-08-09 19:09:17 - [MESSAGE][PASSED] - Actual text and expected text of test object 'Object Repository/ShopOpen/RetailerRemarks/Validate_RetailerRemarksScreen' are matched.

2018-08-09 19:09:17 - [MESSAGE][PASSED] - com.ct.qa.keywords.RetailerRemarksKeywords.visitRetailerRemarks is PASSED

2018-08-09 19:09:17 - [TEST_STEP][PASSED] - tap: Tapped on element 'Object Repository/ShopOpen/RetailerRemarks/BackButton'

2018-08-09 19:09:17 - [MESSAGE][WARNING] - Timeout '0' is invalid. Using default page load timeout: '5'

2018-08-09 19:09:17 - [MESSAGE][PASSED] - Tapped on element 'Object Repository/ShopOpen/RetailerRemarks/BackButton'

2018-08-09 19:09:17 - [TEST_STEP][PASSED] - verifyElementExist: Element 'Object Repository/ShopOpen/Validate_ShopCategoriesListScreen' is exist

2018-08-09 19:09:17 - [MESSAGE][WARNING] - Timeout '0' is invalid. Using default page load timeout: '5'

2018-08-09 19:09:19 - [MESSAGE][PASSED] - Element 'Object Repository/ShopOpen/Validate_ShopCategoriesListScreen' is exist

2018-08-09 19:09:19 - [MESSAGE][PASSED] - Call Test Case 'Test Cases/ShopOpen/RetailerRemarks/VisitRetailerRemarks' successfully

2018-08-09 19:09:20 - [MESSAGE][PASSED] - Swiped from 0,293 to 0,200

2018-08-09 19:09:22 - [MESSAGE][PASSED] - Swiped from 0,293 to 0,200

2018-08-09 19:09:24 - [MESSAGE][PASSED] - Swiped from 0,293 to 0,200

2018-08-09 19:09:26 - [MESSAGE][PASSED] - Swiped from 0,293 to 0,200

2018-08-09 19:09:28 - [MESSAGE][PASSED] - Swiped from 0,293 to 0,200

2018-08-09 19:09:31 - [MESSAGE][PASSED] - Swiped from 0,293 to 0,200

2018-08-09 19:09:33 - [MESSAGE][PASSED] - Swiped from 0,293 to 0,200

2018-08-09 19:09:36 - [MESSAGE][PASSED] - Swiped from 0,293 to 0,200

2018-08-09 19:09:38 - [TEST_CASE][PASSED] - Test Cases/ShopOpen/AdditionalPicture/VisitAdditionalPicture: Test Cases/ShopOpen/AdditionalPicture/VisitAdditionalPicture

2018-08-09 19:09:39 - [TEST_STEP][PASSED] - verifyElementText: Actual text and expected text of test object 'Object Repository/ShopOpen/AdditionalPicture/Validate_AdditionalPictureScreen' are matched.

2018-08-09 19:09:40 - [MESSAGE][PASSED] - Actual text and expected text of test object 'Object Repository/ShopOpen/AdditionalPicture/Validate_AdditionalPictureScreen' are matched.

2018-08-09 19:09:40 - [TEST_STEP][PASSED] - com.ct.qa.keywords.AdditionalPictureKeywords.takeMendatoryImages: com.ct.qa.keywords.AdditionalPictureKeywords.takeMendatoryImages is PASSED

2018-08-09 19:09:41 - [MESSAGE][WARNING] - Timeout '0' is invalid. Using default page load timeout: '5'

2018-08-09 19:09:43 - [MESSAGE][PASSED] - Element 'Object Repository/CommonScreenElements/Validate_CameraScreen' is exist

2018-08-09 19:09:43 - [MESSAGE][WARNING] - Timeout '0' is invalid. Using default page load timeout: '5'

2018-08-09 19:09:47 - [MESSAGE][PASSED] - Tapped on element 'Object Repository/CommonScreenElements/TakePictureButton'

2018-08-09 19:09:52 - [MESSAGE][PASSED] - Delayed 5 second(s)

2018-08-09 19:09:52 - [MESSAGE][WARNING] - Timeout '0' is invalid. Using default page load timeout: '5'

2018-08-09 19:09:52 - [MESSAGE][PASSED] - Tapped on element 'Object Repository/CommonScreenElements/DoneButton'

2018-08-09 19:09:52 - [MESSAGE][PASSED] - com.ct.qa.keywords.AdditionalPictureKeywords.takeMendatoryImages is PASSED

2018-08-09 19:09:52 - [TEST_STEP][PASSED] - pressBack: Press back button successfully

2018-08-09 19:09:53 - [MESSAGE][PASSED] - Press back button successfully

2018-08-09 19:09:53 - [TEST_STEP][PASSED] - verifyElementExist: Element 'Object Repository/ShopOpen/Validate_ShopCategoriesListScreen' is exist

2018-08-09 19:09:53 - [MESSAGE][WARNING] - Timeout '0' is invalid. Using default page load timeout: '5'

2018-08-09 19:09:56 - [MESSAGE][PASSED] - Element 'Object Repository/ShopOpen/Validate_ShopCategoriesListScreen' is exist

2018-08-09 19:09:56 - [MESSAGE][PASSED] - Call Test Case 'Test Cases/ShopOpen/AdditionalPicture/VisitAdditionalPicture' successfully

2018-08-09 19:09:56 - [MESSAGE][PASSED] - Swiped from 0,293 to 0,200

2018-08-09 19:09:59 - [MESSAGE][PASSED] - Swiped from 0,293 to 0,200

2018-08-09 19:10:02 - [MESSAGE][PASSED] - Swiped from 0,293 to 0,200

2018-08-09 19:10:04 - [MESSAGE][PASSED] - Swiped from 0,293 to 0,200

2018-08-09 19:10:06 - [MESSAGE][PASSED] - Swiped from 0,293 to 0,200

2018-08-09 19:10:08 - [MESSAGE][PASSED] - Swiped from 0,293 to 0,200

2018-08-09 19:10:10 - [MESSAGE][PASSED] - Swiped from 0,293 to 0,200

2018-08-09 19:10:12 - [MESSAGE][PASSED] - Swiped from 0,293 to 0,200

2018-08-09 19:10:15 - [MESSAGE][PASSED] - Swiped from 0,293 to 0,200

2018-08-09 19:10:17 - [MESSAGE][PASSED] - com.ct.qa.keywords.CategoryVisitingScenariosKeywords.visitShopCategoriesWithDataVerification is PASSED

2018-08-09 19:10:17 - [MESSAGE][PASSED] - Call Test Case 'Test Cases/ShopOpen/VisitCategoryScenarios/VisitShopCategoriesWithDataVerification' successfully

2018-08-09 19:10:17 - [TEST_CASE][PASSED] - Test Cases/ShopOpen/SaveShop: Test Cases/ShopOpen/SaveShop

2018-08-09 19:10:17 - [TEST_STEP][PASSED] - tap: Tapped on element 'Object Repository/ShopOpen/SubmitButtonToSaveShop'

2018-08-09 19:10:17 - [MESSAGE][WARNING] - Timeout '0' is invalid. Using default page load timeout: '5'

2018-08-09 19:10:17 - [MESSAGE][PASSED] - Tapped on element 'Object Repository/ShopOpen/SubmitButtonToSaveShop'

2018-08-09 19:10:17 - [TEST_STEP][PASSED] - verifyElementExist: Element 'Object Repository/CommonScreenElements/Validate_InfoPopUP' is exist

2018-08-09 19:10:17 - [MESSAGE][WARNING] - Timeout '0' is invalid. Using default page load timeout: '5'

2018-08-09 19:10:19 - [MESSAGE][PASSED] - Element 'Object Repository/CommonScreenElements/Validate_InfoPopUP' is exist

2018-08-09 19:10:19 - [TEST_STEP][PASSED] - tap: Tapped on element 'Object Repository/CommonScreenElements/InfoPopUp_YesButton'

2018-08-09 19:10:19 - [MESSAGE][WARNING] - Timeout '0' is invalid. Using default page load timeout: '5'

2018-08-09 19:10:19 - [MESSAGE][PASSED] - Tapped on element 'Object Repository/CommonScreenElements/InfoPopUp_YesButton'

2018-08-09 19:10:19 - [TEST_STEP][PASSED] - verifyElementText: Actual text and expected text of test object 'Object Repository/Validate_ShopListScreen' are matched.

2018-08-09 19:10:20 - [MESSAGE][PASSED] - Actual text and expected text of test object 'Object Repository/Validate_ShopListScreen' are matched.

2018-08-09 19:10:20 - [MESSAGE][PASSED] - Call Test Case 'Test Cases/ShopOpen/SaveShop' successfully

2018-08-09 19:10:22 - [MESSAGE][PASSED] - Actual text and expected text of test object 'Object Repository/Validate_ShopOptionsScreen' are matched.

2018-08-09 19:10:22 - [MESSAGE][WARNING] - Timeout '0' is invalid. Using default page load timeout: '5'

2018-08-09 19:10:22 - [MESSAGE][PASSED] - Tapped on element 'Object Repository/StartWorking'

2018-08-09 19:10:37 - [MESSAGE][PASSED] - Delayed 15 second(s)

2018-08-09 19:10:38 - [MESSAGE][PASSED] - Element 'Object Repository/CommonScreenElements/Validate_MapScreen' is exist

2018-08-09 19:10:38 - [MESSAGE][WARNING] - Timeout '0' is invalid. Using default page load timeout: '5'

2018-08-09 19:10:39 - [MESSAGE][PASSED] - Tapped on element 'Object Repository/CommonScreenElements/Location_CheckIn'

2018-08-09 19:10:39 - [MESSAGE][WARNING] - Timeout '0' is invalid. Using default page load timeout: '5'

2018-08-09 19:10:40 - [MESSAGE][PASSED] - Element 'Object Repository/CommonScreenElements/Validate_InfoPopUP' is exist

2018-08-09 19:10:40 - [MESSAGE][WARNING] - Timeout '0' is invalid. Using default page load timeout: '5'

2018-08-09 19:10:41 - [MESSAGE][PASSED] - Tapped on element 'Object Repository/CommonScreenElements/InfoPopUp_NoButton'

2018-08-09 19:10:41 - [TEST_CASE][PASSED] - Test Cases/ShopOpen/VisitShopOpen: Test Cases/ShopOpen/VisitShopOpen

2018-08-09 19:10:41 - [TEST_STEP][PASSED] - verifyElementExist: Element 'Object Repository/ShopActions_List' is exist

2018-08-09 19:10:41 - [MESSAGE][WARNING] - Timeout '0' is invalid. Using default page load timeout: '5'

2018-08-09 19:10:42 - [MESSAGE][PASSED] - Element 'Object Repository/ShopActions_List' is exist

2018-08-09 19:10:42 - [TEST_STEP][PASSED] - tap: Tapped on element 'Object Repository/ShopOpen/ShopOpen'

2018-08-09 19:10:42 - [MESSAGE][WARNING] - Timeout '0' is invalid. Using default page load timeout: '5'

2018-08-09 19:10:43 - [MESSAGE][PASSED] - Tapped on element 'Object Repository/ShopOpen/ShopOpen'

2018-08-09 19:10:43 - [TEST_STEP][PASSED] - verifyElementExist: Element 'Object Repository/CommonScreenElements/Validate_CameraScreen' is exist

2018-08-09 19:10:43 - [MESSAGE][WARNING] - Timeout '0' is invalid. Using default page load timeout: '5'

2018-08-09 19:10:44 - [MESSAGE][PASSED] - Element 'Object Repository/CommonScreenElements/Validate_CameraScreen' is exist

2018-08-09 19:10:44 - [TEST_STEP][PASSED] - tap: Tapped on element 'Object Repository/CommonScreenElements/TakePictureButton'

2018-08-09 19:10:44 - [MESSAGE][WARNING] - Timeout '0' is invalid. Using default page load timeout: '5'

2018-08-09 19:10:47 - [MESSAGE][PASSED] - Tapped on element 'Object Repository/CommonScreenElements/TakePictureButton'

2018-08-09 19:10:47 - [TEST_STEP][PASSED] - delay: Delayed 5 second(s)

2018-08-09 19:10:52 - [MESSAGE][PASSED] - Delayed 5 second(s)

2018-08-09 19:10:52 - [TEST_STEP][PASSED] - tap: Tapped on element 'Object Repository/CommonScreenElements/DoneButton'

2018-08-09 19:10:52 - [MESSAGE][WARNING] - Timeout '0' is invalid. Using default page load timeout: '5'

2018-08-09 19:10:53 - [MESSAGE][PASSED] - Tapped on element 'Object Repository/CommonScreenElements/DoneButton'

2018-08-09 19:10:53 - [MESSAGE][PASSED] - Call Test Case 'Test Cases/ShopOpen/VisitShopOpen' successfully

2018-08-09 19:10:53 - [TEST_CASE][PASSED] - Test Cases/ShopOpen/VisitCategoryScenarios/VisitShopCategoriesWithDataVerification: Test Cases/ShopOpen/VisitCategoryScenarios/VisitShopCategoriesWithDataVerification

2018-08-09 19:10:53 - [TEST_STEP][PASSED] - verifyElementExist: Element 'Object Repository/ShopOpen/Validate_ShopCategoriesListScreen' is exist

2018-08-09 19:10:53 - [MESSAGE][WARNING] - Timeout '0' is invalid. Using default page load timeout: '5'

2018-08-09 19:10:55 - [MESSAGE][PASSED] - Element 'Object Repository/ShopOpen/Validate_ShopCategoriesListScreen' is exist

2018-08-09 19:10:55 - [TEST_STEP][PASSED] - com.ct.qa.keywords.CategoryVisitingScenariosKeywords.visitShopCategoriesWithDataVerification: com.ct.qa.keywords.CategoryVisitingScenariosKeywords.visitShopCategoriesWithDataVerification is PASSED

2018-08-09 19:11:00 - [MESSAGE][PASSED] - Swiped from 0,293 to 0,200

2018-08-09 19:11:03 - [MESSAGE][PASSED] - Swiped from 0,293 to 0,200

2018-08-09 19:11:06 - [MESSAGE][PASSED] - Swiped from 0,293 to 0,200

2018-08-09 19:11:09 - [MESSAGE][PASSED] - Swiped from 0,293 to 0,200

2018-08-09 19:11:12 - [MESSAGE][PASSED] - Swiped from 0,293 to 0,200

2018-08-09 19:11:15 - [MESSAGE][PASSED] - Swiped from 0,293 to 0,200

2018-08-09 19:11:19 - [MESSAGE][PASSED] - Swiped from 0,293 to 0,200

2018-08-09 19:11:22 - [MESSAGE][PASSED] - Swiped from 0,293 to 0,200

2018-08-09 19:11:24 - [MESSAGE][PASSED] - Swiped from 0,200 to 0,750

2018-08-09 19:11:25 - [MESSAGE][PASSED] - Swiped from 0,200 to 0,750

2018-08-09 19:11:27 - [TEST_CASE][PASSED] - Test Cases/ShopOpen/ChillerUtilization/VisitChillerScenarios/VisitChillerUtilizationWithDataVerification: Test Cases/ShopOpen/ChillerUtilization/VisitChillerScenarios/VisitChillerUtilizationWithDataVerification

2018-08-09 19:11:27 - [TEST_STEP][PASSED] - verifyElementText: Actual text and expected text of test object 'Object Repository/ShopOpen/ChillerUtilization/Validate_ChillerUtilizationScreen' are matched.

2018-08-09 19:11:29 - [MESSAGE][PASSED] - Actual text and expected text of test object 'Object Repository/ShopOpen/ChillerUtilization/Validate_ChillerUtilizationScreen' are matched.

2018-08-09 19:11:29 - [TEST_STEP][PASSED] - com.ct.qa.keywords.ChillerVisitingScenariosKeywords.visitChillersTaggedInChillerUtilizationWithDataVerification: com.ct.qa.keywords.ChillerVisitingScenariosKeywords.visitChillersTaggedInChillerUtilizationWithDataVerification is PASSED

2018-08-09 19:11:29 - [MESSAGE][WARNING] - Timeout '0' is invalid. Using default page load timeout: '5'

2018-08-09 19:11:31 - [MESSAGE][PASSED] - Element 'Object Repository/CommonScreenElements/Validate_CameraScreen' is exist

2018-08-09 19:11:31 - [MESSAGE][WARNING] - Timeout '0' is invalid. Using default page load timeout: '5'

2018-08-09 19:11:35 - [MESSAGE][PASSED] - Tapped on element 'Object Repository/CommonScreenElements/TakePictureButton'

2018-08-09 19:11:40 - [MESSAGE][PASSED] - Delayed 5 second(s)

2018-08-09 19:11:40 - [MESSAGE][WARNING] - Timeout '0' is invalid. Using default page load timeout: '5'

2018-08-09 19:11:41 - [MESSAGE][PASSED] - Tapped on element 'Object Repository/CommonScreenElements/DoneButton'

2018-08-09 19:11:45 - [TEST_CASE][PASSED] - Test Cases/ShopOpen/ChillerUtilization/ShopKeeperDidNotAllow/VisitShopKeeperDidNotAllow: Test Cases/ShopOpen/ChillerUtilization/ShopKeeperDidNotAllow/VisitShopKeeperDidNotAllow

2018-08-09 19:11:45 - [TEST_STEP][PASSED] - verifyElementText: Actual text and expected text of test object 'Object Repository/ShopOpen/ChillerUtilization/ShopKeeperDidNotAllow/Validate_CategoryRemarksScreen' are matched.

2018-08-09 19:11:47 - [MESSAGE][PASSED] - Actual text and expected text of test object 'Object Repository/ShopOpen/ChillerUtilization/ShopKeeperDidNotAllow/Validate_CategoryRemarksScreen' are matched.

2018-08-09 19:11:47 - [TEST_STEP][PASSED] - tap: Tapped on element 'Object Repository/ShopOpen/ChillerUtilization/ShopKeeperDidNotAllow/CategoryRemark_ExpiryIssue'

2018-08-09 19:11:47 - [MESSAGE][WARNING] - Timeout '0' is invalid. Using default page load timeout: '5'

2018-08-09 19:11:47 - [MESSAGE][PASSED] - Tapped on element 'Object Repository/ShopOpen/ChillerUtilization/ShopKeeperDidNotAllow/CategoryRemark_ExpiryIssue'

2018-08-09 19:11:47 - [TEST_STEP][PASSED] - tap: Tapped on element 'Object Repository/ShopOpen/ChillerUtilization/ShopKeeperDidNotAllow/CategoryRemarks_BackButton'

2018-08-09 19:11:47 - [MESSAGE][WARNING] - Timeout '0' is invalid. Using default page load timeout: '5'

2018-08-09 19:11:48 - [MESSAGE][PASSED] - Tapped on element 'Object Repository/ShopOpen/ChillerUtilization/ShopKeeperDidNotAllow/CategoryRemarks_BackButton'

2018-08-09 19:11:48 - [TEST_STEP][PASSED] - verifyElementText: Actual text and expected text of test object 'Object Repository/ShopOpen/ChillerUtilization/Validate_ChillerUtilizationScreen' are matched.

2018-08-09 19:11:49 - [MESSAGE][PASSED] - Actual text and expected text of test object 'Object Repository/ShopOpen/ChillerUtilization/Validate_ChillerUtilizationScreen' are matched.

2018-08-09 19:11:49 - [MESSAGE][PASSED] - Call Test Case 'Test Cases/ShopOpen/ChillerUtilization/ShopKeeperDidNotAllow/VisitShopKeeperDidNotAllow' successfully

2018-08-09 19:11:49 - [MESSAGE][PASSED] - com.ct.qa.keywords.ChillerVisitingScenariosKeywords.visitChillersTaggedInChillerUtilizationWithDataVerification is PASSED

2018-08-09 19:11:49 - [TEST_STEP][PASSED] - tap: Tapped on element 'Object Repository/ShopOpen/ChillerUtilization/ChillerUtilization_backButton'

2018-08-09 19:11:49 - [MESSAGE][WARNING] - Timeout '0' is invalid. Using default page load timeout: '5'

2018-08-09 19:11:49 - [MESSAGE][PASSED] - Tapped on element 'Object Repository/ShopOpen/ChillerUtilization/ChillerUtilization_backButton'

2018-08-09 19:11:49 - [TEST_STEP][PASSED] - verifyElementExist: Element 'Object Repository/ShopOpen/Validate_ShopCategoriesListScreen' is exist

2018-08-09 19:11:49 - [MESSAGE][WARNING] - Timeout '0' is invalid. Using default page load timeout: '5'

2018-08-09 19:11:51 - [MESSAGE][PASSED] - Element 'Object Repository/ShopOpen/Validate_ShopCategoriesListScreen' is exist

2018-08-09 19:11:51 - [MESSAGE][PASSED] - Call Test Case 'Test Cases/ShopOpen/ChillerUtilization/VisitChillerScenarios/VisitChillerUtilizationWithDataVerification' successfully

2018-08-09 19:11:51 - [TEST_CASE][PASSED] - Test Cases/ShopOpen/RemainingCategories/VisitRemainingCategoriesWithDSA: Test Cases/ShopOpen/RemainingCategories/VisitRemainingCategoriesWithDSA

2018-08-09 19:11:51 - [TEST_STEP][PASSED] - verifyElementText: Actual text and expected text of test object 'Object Repository/ShopOpen/RemainingCategories/Validate_RemainingCategoriesDetailScreen' are matched.

2018-08-09 19:11:54 - [MESSAGE][PASSED] - Actual text and expected text of test object 'Object Repository/ShopOpen/RemainingCategories/Validate_RemainingCategoriesDetailScreen' are matched.

2018-08-09 19:11:54 - [TEST_STEP][PASSED] - tap: Tapped on element 'Object Repository/ShopOpen/RemainingCategories/DisplaySpaceAvailable'

2018-08-09 19:11:54 - [MESSAGE][WARNING] - Timeout '0' is invalid. Using default page load timeout: '5'

2018-08-09 19:11:54 - [MESSAGE][PASSED] - Tapped on element 'Object Repository/ShopOpen/RemainingCategories/DisplaySpaceAvailable'

2018-08-09 19:11:54 - [TEST_STEP][PASSED] - verifyElementText: Actual text and expected text of test object 'Object Repository/ShopOpen/RemainingCategories/Validate_ProductCategoryAssetScreen' are matched.

2018-08-09 19:11:56 - [MESSAGE][PASSED] - Actual text and expected text of test object 'Object Repository/ShopOpen/RemainingCategories/Validate_ProductCategoryAssetScreen' are matched.

2018-08-09 19:11:56 - [TEST_STEP][PASSED] - tap: Tapped on element 'Object Repository/ShopOpen/RemainingCategories/Facing'

2018-08-09 19:11:56 - [MESSAGE][WARNING] - Timeout '0' is invalid. Using default page load timeout: '5'

2018-08-09 19:11:56 - [MESSAGE][PASSED] - Tapped on element 'Object Repository/ShopOpen/RemainingCategories/Facing'

2018-08-09 19:11:56 - [TEST_STEP][PASSED] - verifyElementText: Actual text and expected text of test object 'Object Repository/ShopOpen/RemainingCategories/Validate_FacingScreen' are matched.

2018-08-09 19:11:58 - [MESSAGE][PASSED] - Actual text and expected text of test object 'Object Repository/ShopOpen/RemainingCategories/Validate_FacingScreen' are matched.

2018-08-09 19:11:58 - [TEST_STEP][PASSED] - com.ct.qa.keywords.ChannelProductsDataKeywords.visitChannelWiseProductsData: com.ct.qa.keywords.ChannelProductsDataKeywords.visitChannelWiseProductsData is PASSED

2018-08-09 19:12:03 - [MESSAGE][PASSED] - Keyboard is hidden

2018-08-09 19:12:06 - [MESSAGE][PASSED] - Keyboard is hidden

2018-08-09 19:12:09 - [MESSAGE][PASSED] - Keyboard is hidden

2018-08-09 19:12:12 - [MESSAGE][PASSED] - Keyboard is hidden

2018-08-09 19:12:15 - [MESSAGE][PASSED] - Keyboard is hidden

2018-08-09 19:12:18 - [MESSAGE][PASSED] - Keyboard is hidden

2018-08-09 19:12:22 - [MESSAGE][PASSED] - Swiped from 114,359 to 114,250

2018-08-09 19:12:23 - [MESSAGE][PASSED] - com.ct.qa.keywords.ChannelProductsDataKeywords.visitChannelWiseProductsData is PASSED

2018-08-09 19:12:23 - [TEST_STEP][PASSED] - tap: Tapped on element 'Object Repository/ShopOpen/RemainingCategories/SubmitButton'

2018-08-09 19:12:23 - [MESSAGE][WARNING] - Timeout '0' is invalid. Using default page load timeout: '5'

2018-08-09 19:12:23 - [MESSAGE][PASSED] - Tapped on element 'Object Repository/ShopOpen/RemainingCategories/SubmitButton'

2018-08-09 19:12:23 - [TEST_STEP][PASSED] - verifyElementText: Actual text and expected text of test object 'Object Repository/ShopOpen/RemainingCategories/Validate_ProductCategoryAssetScreen' are matched.

2018-08-09 19:12:25 - [MESSAGE][PASSED] - Actual text and expected text of test object 'Object Repository/ShopOpen/RemainingCategories/Validate_ProductCategoryAssetScreen' are matched.

2018-08-09 19:12:25 - [TEST_STEP][PASSED] - tap: Tapped on element 'Object Repository/ShopOpen/RemainingCategories/StockTaking'

2018-08-09 19:12:25 - [MESSAGE][WARNING] - Timeout '0' is invalid. Using default page load timeout: '5'

2018-08-09 19:12:25 - [MESSAGE][PASSED] - Tapped on element 'Object Repository/ShopOpen/RemainingCategories/StockTaking'

2018-08-09 19:12:25 - [TEST_STEP][PASSED] - verifyElementText: Actual text and expected text of test object 'Object Repository/ShopOpen/RemainingCategories/Validate_StockTakingScreen' are matched.

2018-08-09 19:12:27 - [MESSAGE][PASSED] - Actual text and expected text of test object 'Object Repository/ShopOpen/RemainingCategories/Validate_StockTakingScreen' are matched.

2018-08-09 19:12:27 - [TEST_STEP][PASSED] - com.ct.qa.keywords.ChannelProductsDataKeywords.visitChannelWiseProductsData: com.ct.qa.keywords.ChannelProductsDataKeywords.visitChannelWiseProductsData is PASSED

2018-08-09 19:12:31 - [MESSAGE][PASSED] - Keyboard is hidden

2018-08-09 19:12:34 - [MESSAGE][PASSED] - Keyboard is hidden

2018-08-09 19:12:37 - [MESSAGE][PASSED] - Keyboard is hidden

2018-08-09 19:12:40 - [MESSAGE][PASSED] - Keyboard is hidden

2018-08-09 19:12:43 - [MESSAGE][PASSED] - Keyboard is hidden

2018-08-09 19:12:46 - [MESSAGE][PASSED] - Keyboard is hidden

2018-08-09 19:12:49 - [MESSAGE][PASSED] - Swiped from 114,359 to 114,250

2018-08-09 19:12:50 - [MESSAGE][PASSED] - com.ct.qa.keywords.ChannelProductsDataKeywords.visitChannelWiseProductsData is PASSED

2018-08-09 19:12:50 - [TEST_STEP][PASSED] - tap: Tapped on element 'Object Repository/ShopOpen/RemainingCategories/SubmitButton'

2018-08-09 19:12:50 - [MESSAGE][WARNING] - Timeout '0' is invalid. Using default page load timeout: '5'

2018-08-09 19:12:51 - [MESSAGE][PASSED] - Tapped on element 'Object Repository/ShopOpen/RemainingCategories/SubmitButton'

2018-08-09 19:12:51 - [TEST_STEP][PASSED] - verifyElementText: Actual text and expected text of test object 'Object Repository/ShopOpen/RemainingCategories/Validate_ProductCategoryAssetScreen' are matched.

2018-08-09 19:12:52 - [MESSAGE][PASSED] - Actual text and expected text of test object 'Object Repository/ShopOpen/RemainingCategories/Validate_ProductCategoryAssetScreen' are matched.

2018-08-09 19:12:52 - [TEST_STEP][PASSED] - tap: Tapped on element 'Object Repository/ShopOpen/RemainingCategories/planogram_ImageView'

2018-08-09 19:12:52 - [MESSAGE][WARNING] - Timeout '0' is invalid. Using default page load timeout: '5'

2018-08-09 19:12:52 - [MESSAGE][PASSED] - Tapped on element 'Object Repository/ShopOpen/RemainingCategories/planogram_ImageView'

2018-08-09 19:12:52 - [TEST_STEP][PASSED] - com.ct.qa.keywords.CommonKeywords.checkPlanogramAvailability: com.ct.qa.keywords.CommonKeywords.checkPlanogramAvailability is PASSED

2018-08-09 19:12:52 - [MESSAGE][WARNING] - Timeout '0' is invalid. Using default page load timeout: '5'

2018-08-09 19:12:58 - [MESSAGE][WARNING] - Object Object Repository/CommonScreenElements/InfoPopUp_OKButton not found
[[ATTACHMENT|F:\\Git Projects\\MMAPlus_Merchandising\\MMAPlus_Merchandising\\Reports\\MMA Plus Merchandising With Chiller Wise Data Verification\\20180809_164504\\1533823977811.png]]

2018-08-09 19:12:58 - [MESSAGE][PASSED] - com.ct.qa.keywords.CommonKeywords.checkPlanogramAvailability is PASSED

2018-08-09 19:12:58 - [TEST_STEP][PASSED] - com.ct.qa.keywords.CommonKeywords.closePlanogram: com.ct.qa.keywords.CommonKeywords.closePlanogram is PASSED

2018-08-09 19:12:59 - [MESSAGE][PASSED] - com.ct.qa.keywords.CommonKeywords.closePlanogram is PASSED

2018-08-09 19:12:59 - [TEST_STEP][PASSED] - verifyElementText: Actual text and expected text of test object 'Object Repository/ShopOpen/RemainingCategories/Validate_ProductCategoryAssetScreen' are matched.

2018-08-09 19:13:01 - [MESSAGE][PASSED] - Actual text and expected text of test object 'Object Repository/ShopOpen/RemainingCategories/Validate_ProductCategoryAssetScreen' are matched.

2018-08-09 19:13:01 - [TEST_STEP][PASSED] - com.ct.qa.keywords.CommonKeywords.findPictureImageView: com.ct.qa.keywords.CommonKeywords.findPictureImageView is PASSED

2018-08-09 19:13:01 - [MESSAGE][WARNING] - Timeout '0' is invalid. Using default page load timeout: '5'

2018-08-09 19:13:03 - [MESSAGE][PASSED] - Tapped on element 'Object Repository/CommonScreenElements/Picture_ImageView'

2018-08-09 19:13:03 - [MESSAGE][WARNING] - Timeout '0' is invalid. Using default page load timeout: '5'

2018-08-09 19:13:04 - [MESSAGE][PASSED] - Element 'Object Repository/CommonScreenElements/Validate_CameraScreen' is exist

2018-08-09 19:13:04 - [MESSAGE][WARNING] - Timeout '0' is invalid. Using default page load timeout: '5'

2018-08-09 19:13:07 - [MESSAGE][PASSED] - Tapped on element 'Object Repository/CommonScreenElements/TakePictureButton'

2018-08-09 19:13:12 - [MESSAGE][PASSED] - Delayed 5 second(s)

2018-08-09 19:13:12 - [MESSAGE][WARNING] - Timeout '0' is invalid. Using default page load timeout: '5'

2018-08-09 19:13:13 - [MESSAGE][PASSED] - Tapped on element 'Object Repository/CommonScreenElements/DoneButton'

2018-08-09 19:13:13 - [MESSAGE][PASSED] - com.ct.qa.keywords.CommonKeywords.findPictureImageView is PASSED

2018-08-09 19:13:13 - [TEST_STEP][PASSED] - verifyElementText: Actual text and expected text of test object 'Object Repository/ShopOpen/RemainingCategories/Validate_ProductCategoryAssetScreen' are matched.

2018-08-09 19:13:14 - [MESSAGE][PASSED] - Actual text and expected text of test object 'Object Repository/ShopOpen/RemainingCategories/Validate_ProductCategoryAssetScreen' are matched.

2018-08-09 19:13:14 - [TEST_STEP][PASSED] - tap: Tapped on element 'Object Repository/ShopOpen/RemainingCategories/ProductCategoryAsset_BackButton'

2018-08-09 19:13:14 - [MESSAGE][WARNING] - Timeout '0' is invalid. Using default page load timeout: '5'

2018-08-09 19:13:15 - [MESSAGE][PASSED] - Tapped on element 'Object Repository/ShopOpen/RemainingCategories/ProductCategoryAsset_BackButton'

2018-08-09 19:13:15 - [TEST_STEP][PASSED] - verifyElementExist: Element 'Object Repository/ShopOpen/Validate_ShopCategoriesListScreen' is exist

2018-08-09 19:13:15 - [MESSAGE][WARNING] - Timeout '0' is invalid. Using default page load timeout: '5'

2018-08-09 19:13:17 - [MESSAGE][PASSED] - Element 'Object Repository/ShopOpen/Validate_ShopCategoriesListScreen' is exist

2018-08-09 19:13:17 - [MESSAGE][PASSED] - Call Test Case 'Test Cases/ShopOpen/RemainingCategories/VisitRemainingCategoriesWithDSA' successfully

2018-08-09 19:13:18 - [TEST_CASE][PASSED] - Test Cases/ShopOpen/RemainingCategories/VisitRemainingCategoriesWithDSA: Test Cases/ShopOpen/RemainingCategories/VisitRemainingCategoriesWithDSA

2018-08-09 19:13:18 - [TEST_STEP][PASSED] - verifyElementText: Actual text and expected text of test object 'Object Repository/ShopOpen/RemainingCategories/Validate_RemainingCategoriesDetailScreen' are matched.

2018-08-09 19:13:20 - [MESSAGE][PASSED] - Actual text and expected text of test object 'Object Repository/ShopOpen/RemainingCategories/Validate_RemainingCategoriesDetailScreen' are matched.

2018-08-09 19:13:20 - [TEST_STEP][PASSED] - tap: Tapped on element 'Object Repository/ShopOpen/RemainingCategories/DisplaySpaceAvailable'

2018-08-09 19:13:20 - [MESSAGE][WARNING] - Timeout '0' is invalid. Using default page load timeout: '5'

2018-08-09 19:13:20 - [MESSAGE][PASSED] - Tapped on element 'Object Repository/ShopOpen/RemainingCategories/DisplaySpaceAvailable'

2018-08-09 19:13:20 - [TEST_STEP][PASSED] - verifyElementText: Actual text and expected text of test object 'Object Repository/ShopOpen/RemainingCategories/Validate_ProductCategoryAssetScreen' are matched.

2018-08-09 19:13:23 - [MESSAGE][PASSED] - Actual text and expected text of test object 'Object Repository/ShopOpen/RemainingCategories/Validate_ProductCategoryAssetScreen' are matched.

2018-08-09 19:13:23 - [TEST_STEP][PASSED] - tap: Tapped on element 'Object Repository/ShopOpen/RemainingCategories/Facing'

2018-08-09 19:13:23 - [MESSAGE][WARNING] - Timeout '0' is invalid. Using default page load timeout: '5'

2018-08-09 19:13:23 - [MESSAGE][PASSED] - Tapped on element 'Object Repository/ShopOpen/RemainingCategories/Facing'

2018-08-09 19:13:23 - [TEST_STEP][PASSED] - verifyElementText: Actual text and expected text of test object 'Object Repository/ShopOpen/RemainingCategories/Validate_FacingScreen' are matched.

2018-08-09 19:13:25 - [MESSAGE][PASSED] - Actual text and expected text of test object 'Object Repository/ShopOpen/RemainingCategories/Validate_FacingScreen' are matched.

2018-08-09 19:13:25 - [TEST_STEP][PASSED] - com.ct.qa.keywords.ChannelProductsDataKeywords.visitChannelWiseProductsData: com.ct.qa.keywords.ChannelProductsDataKeywords.visitChannelWiseProductsData is PASSED

2018-08-09 19:13:29 - [MESSAGE][PASSED] - Keyboard is hidden

2018-08-09 19:13:32 - [MESSAGE][PASSED] - Keyboard is hidden

2018-08-09 19:13:35 - [MESSAGE][PASSED] - Keyboard is hidden

2018-08-09 19:13:38 - [MESSAGE][PASSED] - Keyboard is hidden

2018-08-09 19:13:41 - [MESSAGE][PASSED] - Keyboard is hidden

2018-08-09 19:13:43 - [MESSAGE][PASSED] - com.ct.qa.keywords.ChannelProductsDataKeywords.visitChannelWiseProductsData is PASSED

2018-08-09 19:13:43 - [TEST_STEP][PASSED] - tap: Tapped on element 'Object Repository/ShopOpen/RemainingCategories/SubmitButton'

2018-08-09 19:13:43 - [MESSAGE][WARNING] - Timeout '0' is invalid. Using default page load timeout: '5'

2018-08-09 19:13:43 - [MESSAGE][PASSED] - Tapped on element 'Object Repository/ShopOpen/RemainingCategories/SubmitButton'

2018-08-09 19:13:43 - [TEST_STEP][PASSED] - verifyElementText: Actual text and expected text of test object 'Object Repository/ShopOpen/RemainingCategories/Validate_ProductCategoryAssetScreen' are matched.

2018-08-09 19:13:44 - [MESSAGE][PASSED] - Actual text and expected text of test object 'Object Repository/ShopOpen/RemainingCategories/Validate_ProductCategoryAssetScreen' are matched.

2018-08-09 19:13:44 - [TEST_STEP][PASSED] - tap: Tapped on element 'Object Repository/ShopOpen/RemainingCategories/StockTaking'

2018-08-09 19:13:44 - [MESSAGE][WARNING] - Timeout '0' is invalid. Using default page load timeout: '5'

2018-08-09 19:13:44 - [MESSAGE][PASSED] - Tapped on element 'Object Repository/ShopOpen/RemainingCategories/StockTaking'

2018-08-09 19:13:44 - [TEST_STEP][PASSED] - verifyElementText: Actual text and expected text of test object 'Object Repository/ShopOpen/RemainingCategories/Validate_StockTakingScreen' are matched.

2018-08-09 19:13:46 - [MESSAGE][PASSED] - Actual text and expected text of test object 'Object Repository/ShopOpen/RemainingCategories/Validate_StockTakingScreen' are matched.

2018-08-09 19:13:46 - [TEST_STEP][PASSED] - com.ct.qa.keywords.ChannelProductsDataKeywords.visitChannelWiseProductsData: com.ct.qa.keywords.ChannelProductsDataKeywords.visitChannelWiseProductsData is PASSED

2018-08-09 19:13:50 - [MESSAGE][PASSED] - Keyboard is hidden

2018-08-09 19:13:53 - [MESSAGE][PASSED] - Keyboard is hidden

2018-08-09 19:13:56 - [MESSAGE][PASSED] - Keyboard is hidden

2018-08-09 19:13:59 - [MESSAGE][PASSED] - Keyboard is hidden

2018-08-09 19:14:02 - [MESSAGE][PASSED] - Keyboard is hidden

2018-08-09 19:14:04 - [MESSAGE][PASSED] - com.ct.qa.keywords.ChannelProductsDataKeywords.visitChannelWiseProductsData is PASSED

2018-08-09 19:14:04 - [TEST_STEP][PASSED] - tap: Tapped on element 'Object Repository/ShopOpen/RemainingCategories/SubmitButton'

2018-08-09 19:14:04 - [MESSAGE][WARNING] - Timeout '0' is invalid. Using default page load timeout: '5'

2018-08-09 19:14:04 - [MESSAGE][PASSED] - Tapped on element 'Object Repository/ShopOpen/RemainingCategories/SubmitButton'

2018-08-09 19:14:04 - [TEST_STEP][PASSED] - verifyElementText: Actual text and expected text of test object 'Object Repository/ShopOpen/RemainingCategories/Validate_ProductCategoryAssetScreen' are matched.

2018-08-09 19:14:05 - [MESSAGE][PASSED] - Actual text and expected text of test object 'Object Repository/ShopOpen/RemainingCategories/Validate_ProductCategoryAssetScreen' are matched.

2018-08-09 19:14:05 - [TEST_STEP][PASSED] - tap: Tapped on element 'Object Repository/ShopOpen/RemainingCategories/planogram_ImageView'

2018-08-09 19:14:05 - [MESSAGE][WARNING] - Timeout '0' is invalid. Using default page load timeout: '5'

2018-08-09 19:14:05 - [MESSAGE][PASSED] - Tapped on element 'Object Repository/ShopOpen/RemainingCategories/planogram_ImageView'

2018-08-09 19:14:05 - [TEST_STEP][PASSED] - com.ct.qa.keywords.CommonKeywords.checkPlanogramAvailability: com.ct.qa.keywords.CommonKeywords.checkPlanogramAvailability is PASSED

2018-08-09 19:14:05 - [MESSAGE][WARNING] - Timeout '0' is invalid. Using default page load timeout: '5'

2018-08-09 19:14:11 - [MESSAGE][WARNING] - Object Object Repository/CommonScreenElements/InfoPopUp_OKButton not found
[[ATTACHMENT|F:\\Git Projects\\MMAPlus_Merchandising\\MMAPlus_Merchandising\\Reports\\MMA Plus Merchandising With Chiller Wise Data Verification\\20180809_164504\\1533824050825.png]]

2018-08-09 19:14:11 - [MESSAGE][PASSED] - com.ct.qa.keywords.CommonKeywords.checkPlanogramAvailability is PASSED

2018-08-09 19:14:11 - [TEST_STEP][PASSED] - com.ct.qa.keywords.CommonKeywords.closePlanogram: com.ct.qa.keywords.CommonKeywords.closePlanogram is PASSED

2018-08-09 19:14:12 - [MESSAGE][PASSED] - com.ct.qa.keywords.CommonKeywords.closePlanogram is PASSED

2018-08-09 19:14:12 - [TEST_STEP][PASSED] - verifyElementText: Actual text and expected text of test object 'Object Repository/ShopOpen/RemainingCategories/Validate_ProductCategoryAssetScreen' are matched.

2018-08-09 19:14:13 - [MESSAGE][PASSED] - Actual text and expected text of test object 'Object Repository/ShopOpen/RemainingCategories/Validate_ProductCategoryAssetScreen' are matched.

2018-08-09 19:14:13 - [TEST_STEP][PASSED] - com.ct.qa.keywords.CommonKeywords.findPictureImageView: com.ct.qa.keywords.CommonKeywords.findPictureImageView is PASSED

2018-08-09 19:14:13 - [MESSAGE][WARNING] - Timeout '0' is invalid. Using default page load timeout: '5'

2018-08-09 19:14:15 - [MESSAGE][PASSED] - Tapped on element 'Object Repository/CommonScreenElements/Picture_ImageView'

2018-08-09 19:14:15 - [MESSAGE][WARNING] - Timeout '0' is invalid. Using default page load timeout: '5'

2018-08-09 19:14:16 - [MESSAGE][PASSED] - Element 'Object Repository/CommonScreenElements/Validate_CameraScreen' is exist

2018-08-09 19:14:16 - [MESSAGE][WARNING] - Timeout '0' is invalid. Using default page load timeout: '5'

2018-08-09 19:14:20 - [MESSAGE][PASSED] - Tapped on element 'Object Repository/CommonScreenElements/TakePictureButton'

2018-08-09 19:14:25 - [MESSAGE][PASSED] - Delayed 5 second(s)

2018-08-09 19:14:25 - [MESSAGE][WARNING] - Timeout '0' is invalid. Using default page load timeout: '5'

2018-08-09 19:14:26 - [MESSAGE][PASSED] - Tapped on element 'Object Repository/CommonScreenElements/DoneButton'

2018-08-09 19:14:26 - [MESSAGE][PASSED] - com.ct.qa.keywords.CommonKeywords.findPictureImageView is PASSED

2018-08-09 19:14:26 - [TEST_STEP][PASSED] - verifyElementText: Actual text and expected text of test object 'Object Repository/ShopOpen/RemainingCategories/Validate_ProductCategoryAssetScreen' are matched.

2018-08-09 19:14:26 - [MESSAGE][PASSED] - Actual text and expected text of test object 'Object Repository/ShopOpen/RemainingCategories/Validate_ProductCategoryAssetScreen' are matched.

2018-08-09 19:14:26 - [TEST_STEP][PASSED] - tap: Tapped on element 'Object Repository/ShopOpen/RemainingCategories/ProductCategoryAsset_BackButton'

2018-08-09 19:14:26 - [MESSAGE][WARNING] - Timeout '0' is invalid. Using default page load timeout: '5'

2018-08-09 19:14:27 - [MESSAGE][PASSED] - Tapped on element 'Object Repository/ShopOpen/RemainingCategories/ProductCategoryAsset_BackButton'

2018-08-09 19:14:27 - [TEST_STEP][PASSED] - verifyElementExist: Element 'Object Repository/ShopOpen/Validate_ShopCategoriesListScreen' is exist

2018-08-09 19:14:27 - [MESSAGE][WARNING] - Timeout '0' is invalid. Using default page load timeout: '5'

2018-08-09 19:14:29 - [MESSAGE][PASSED] - Element 'Object Repository/ShopOpen/Validate_ShopCategoriesListScreen' is exist

2018-08-09 19:14:29 - [MESSAGE][PASSED] - Call Test Case 'Test Cases/ShopOpen/RemainingCategories/VisitRemainingCategoriesWithDSA' successfully

2018-08-09 19:14:30 - [TEST_CASE][PASSED] - Test Cases/ShopOpen/RemainingCategories/VisitRemainingCategoriesWithDSA: Test Cases/ShopOpen/RemainingCategories/VisitRemainingCategoriesWithDSA

2018-08-09 19:14:30 - [TEST_STEP][PASSED] - verifyElementText: Actual text and expected text of test object 'Object Repository/ShopOpen/RemainingCategories/Validate_RemainingCategoriesDetailScreen' are matched.

2018-08-09 19:14:32 - [MESSAGE][PASSED] - Actual text and expected text of test object 'Object Repository/ShopOpen/RemainingCategories/Validate_RemainingCategoriesDetailScreen' are matched.

2018-08-09 19:14:32 - [TEST_STEP][PASSED] - tap: Tapped on element 'Object Repository/ShopOpen/RemainingCategories/DisplaySpaceAvailable'

2018-08-09 19:14:32 - [MESSAGE][WARNING] - Timeout '0' is invalid. Using default page load timeout: '5'

2018-08-09 19:14:32 - [MESSAGE][PASSED] - Tapped on element 'Object Repository/ShopOpen/RemainingCategories/DisplaySpaceAvailable'

2018-08-09 19:14:32 - [TEST_STEP][PASSED] - verifyElementText: Actual text and expected text of test object 'Object Repository/ShopOpen/RemainingCategories/Validate_ProductCategoryAssetScreen' are matched.

2018-08-09 19:14:35 - [MESSAGE][PASSED] - Actual text and expected text of test object 'Object Repository/ShopOpen/RemainingCategories/Validate_ProductCategoryAssetScreen' are matched.

2018-08-09 19:14:35 - [TEST_STEP][PASSED] - tap: Tapped on element 'Object Repository/ShopOpen/RemainingCategories/Facing'

2018-08-09 19:14:35 - [MESSAGE][WARNING] - Timeout '0' is invalid. Using default page load timeout: '5'

2018-08-09 19:14:35 - [MESSAGE][PASSED] - Tapped on element 'Object Repository/ShopOpen/RemainingCategories/Facing'

2018-08-09 19:14:35 - [TEST_STEP][PASSED] - verifyElementText: Actual text and expected text of test object 'Object Repository/ShopOpen/RemainingCategories/Validate_FacingScreen' are matched.

2018-08-09 19:14:37 - [MESSAGE][PASSED] - Actual text and expected text of test object 'Object Repository/ShopOpen/RemainingCategories/Validate_FacingScreen' are matched.

2018-08-09 19:14:37 - [TEST_STEP][PASSED] - com.ct.qa.keywords.ChannelProductsDataKeywords.visitChannelWiseProductsData: com.ct.qa.keywords.ChannelProductsDataKeywords.visitChannelWiseProductsData is PASSED

2018-08-09 19:14:41 - [MESSAGE][PASSED] - Keyboard is hidden

2018-08-09 19:14:44 - [MESSAGE][PASSED] - Keyboard is hidden

2018-08-09 19:14:47 - [MESSAGE][PASSED] - Keyboard is hidden

2018-08-09 19:14:48 - [MESSAGE][PASSED] - com.ct.qa.keywords.ChannelProductsDataKeywords.visitChannelWiseProductsData is PASSED

2018-08-09 19:14:48 - [TEST_STEP][PASSED] - tap: Tapped on element 'Object Repository/ShopOpen/RemainingCategories/SubmitButton'

2018-08-09 19:14:48 - [MESSAGE][WARNING] - Timeout '0' is invalid. Using default page load timeout: '5'

2018-08-09 19:14:49 - [MESSAGE][PASSED] - Tapped on element 'Object Repository/ShopOpen/RemainingCategories/SubmitButton'

2018-08-09 19:14:49 - [TEST_STEP][PASSED] - verifyElementText: Actual text and expected text of test object 'Object Repository/ShopOpen/RemainingCategories/Validate_ProductCategoryAssetScreen' are matched.

2018-08-09 19:14:50 - [MESSAGE][PASSED] - Actual text and expected text of test object 'Object Repository/ShopOpen/RemainingCategories/Validate_ProductCategoryAssetScreen' are matched.

2018-08-09 19:14:50 - [TEST_STEP][PASSED] - tap: Tapped on element 'Object Repository/ShopOpen/RemainingCategories/StockTaking'

2018-08-09 19:14:50 - [MESSAGE][WARNING] - Timeout '0' is invalid. Using default page load timeout: '5'

2018-08-09 19:14:50 - [MESSAGE][PASSED] - Tapped on element 'Object Repository/ShopOpen/RemainingCategories/StockTaking'

2018-08-09 19:14:50 - [TEST_STEP][PASSED] - verifyElementText: Actual text and expected text of test object 'Object Repository/ShopOpen/RemainingCategories/Validate_StockTakingScreen' are matched.

2018-08-09 19:14:52 - [MESSAGE][PASSED] - Actual text and expected text of test object 'Object Repository/ShopOpen/RemainingCategories/Validate_StockTakingScreen' are matched.

2018-08-09 19:14:52 - [TEST_STEP][PASSED] - com.ct.qa.keywords.ChannelProductsDataKeywords.visitChannelWiseProductsData: com.ct.qa.keywords.ChannelProductsDataKeywords.visitChannelWiseProductsData is PASSED

2018-08-09 19:14:56 - [MESSAGE][PASSED] - Keyboard is hidden

2018-08-09 19:14:59 - [MESSAGE][PASSED] - Keyboard is hidden

2018-08-09 19:15:02 - [MESSAGE][PASSED] - Keyboard is hidden

2018-08-09 19:15:03 - [MESSAGE][PASSED] - com.ct.qa.keywords.ChannelProductsDataKeywords.visitChannelWiseProductsData is PASSED

2018-08-09 19:15:03 - [TEST_STEP][PASSED] - tap: Tapped on element 'Object Repository/ShopOpen/RemainingCategories/SubmitButton'

2018-08-09 19:15:03 - [MESSAGE][WARNING] - Timeout '0' is invalid. Using default page load timeout: '5'

2018-08-09 19:15:04 - [MESSAGE][PASSED] - Tapped on element 'Object Repository/ShopOpen/RemainingCategories/SubmitButton'

2018-08-09 19:15:04 - [TEST_STEP][PASSED] - verifyElementText: Actual text and expected text of test object 'Object Repository/ShopOpen/RemainingCategories/Validate_ProductCategoryAssetScreen' are matched.

2018-08-09 19:15:05 - [MESSAGE][PASSED] - Actual text and expected text of test object 'Object Repository/ShopOpen/RemainingCategories/Validate_ProductCategoryAssetScreen' are matched.

2018-08-09 19:15:05 - [TEST_STEP][PASSED] - tap: Tapped on element 'Object Repository/ShopOpen/RemainingCategories/planogram_ImageView'

2018-08-09 19:15:05 - [MESSAGE][WARNING] - Timeout '0' is invalid. Using default page load timeout: '5'

2018-08-09 19:15:05 - [MESSAGE][PASSED] - Tapped on element 'Object Repository/ShopOpen/RemainingCategories/planogram_ImageView'

2018-08-09 19:15:05 - [TEST_STEP][PASSED] - com.ct.qa.keywords.CommonKeywords.checkPlanogramAvailability: com.ct.qa.keywords.CommonKeywords.checkPlanogramAvailability is PASSED

2018-08-09 19:15:05 - [MESSAGE][WARNING] - Timeout '0' is invalid. Using default page load timeout: '5'

2018-08-09 19:15:11 - [MESSAGE][WARNING] - Object Object Repository/CommonScreenElements/InfoPopUp_OKButton not found
[[ATTACHMENT|F:\\Git Projects\\MMAPlus_Merchandising\\MMAPlus_Merchandising\\Reports\\MMA Plus Merchandising With Chiller Wise Data Verification\\20180809_164504\\1533824110802.png]]

2018-08-09 19:15:11 - [MESSAGE][PASSED] - com.ct.qa.keywords.CommonKeywords.checkPlanogramAvailability is PASSED

2018-08-09 19:15:11 - [TEST_STEP][PASSED] - com.ct.qa.keywords.CommonKeywords.closePlanogram: com.ct.qa.keywords.CommonKeywords.closePlanogram is PASSED

2018-08-09 19:15:12 - [MESSAGE][PASSED] - com.ct.qa.keywords.CommonKeywords.closePlanogram is PASSED

2018-08-09 19:15:12 - [TEST_STEP][PASSED] - verifyElementText: Actual text and expected text of test object 'Object Repository/ShopOpen/RemainingCategories/Validate_ProductCategoryAssetScreen' are matched.

2018-08-09 19:15:13 - [MESSAGE][PASSED] - Actual text and expected text of test object 'Object Repository/ShopOpen/RemainingCategories/Validate_ProductCategoryAssetScreen' are matched.

2018-08-09 19:15:13 - [TEST_STEP][PASSED] - com.ct.qa.keywords.CommonKeywords.findPictureImageView: com.ct.qa.keywords.CommonKeywords.findPictureImageView is PASSED

2018-08-09 19:15:13 - [MESSAGE][WARNING] - Timeout '0' is invalid. Using default page load timeout: '5'

2018-08-09 19:15:15 - [MESSAGE][PASSED] - Tapped on element 'Object Repository/CommonScreenElements/Picture_ImageView'

2018-08-09 19:15:15 - [MESSAGE][WARNING] - Timeout '0' is invalid. Using default page load timeout: '5'

2018-08-09 19:15:16 - [MESSAGE][PASSED] - Element 'Object Repository/CommonScreenElements/Validate_CameraScreen' is exist

2018-08-09 19:15:16 - [MESSAGE][WARNING] - Timeout '0' is invalid. Using default page load timeout: '5'

2018-08-09 19:15:20 - [MESSAGE][PASSED] - Tapped on element 'Object Repository/CommonScreenElements/TakePictureButton'

2018-08-09 19:15:25 - [MESSAGE][PASSED] - Delayed 5 second(s)

2018-08-09 19:15:25 - [MESSAGE][WARNING] - Timeout '0' is invalid. Using default page load timeout: '5'

2018-08-09 19:15:25 - [MESSAGE][PASSED] - Tapped on element 'Object Repository/CommonScreenElements/DoneButton'

2018-08-09 19:15:25 - [MESSAGE][PASSED] - com.ct.qa.keywords.CommonKeywords.findPictureImageView is PASSED

2018-08-09 19:15:25 - [TEST_STEP][PASSED] - verifyElementText: Actual text and expected text of test object 'Object Repository/ShopOpen/RemainingCategories/Validate_ProductCategoryAssetScreen' are matched.

2018-08-09 19:15:26 - [MESSAGE][PASSED] - Actual text and expected text of test object 'Object Repository/ShopOpen/RemainingCategories/Validate_ProductCategoryAssetScreen' are matched.

2018-08-09 19:15:26 - [TEST_STEP][PASSED] - tap: Tapped on element 'Object Repository/ShopOpen/RemainingCategories/ProductCategoryAsset_BackButton'

2018-08-09 19:15:26 - [MESSAGE][WARNING] - Timeout '0' is invalid. Using default page load timeout: '5'

2018-08-09 19:15:26 - [MESSAGE][PASSED] - Tapped on element 'Object Repository/ShopOpen/RemainingCategories/ProductCategoryAsset_BackButton'

2018-08-09 19:15:26 - [TEST_STEP][PASSED] - verifyElementExist: Element 'Object Repository/ShopOpen/Validate_ShopCategoriesListScreen' is exist

2018-08-09 19:15:26 - [MESSAGE][WARNING] - Timeout '0' is invalid. Using default page load timeout: '5'

2018-08-09 19:15:28 - [MESSAGE][PASSED] - Element 'Object Repository/ShopOpen/Validate_ShopCategoriesListScreen' is exist

2018-08-09 19:15:28 - [MESSAGE][PASSED] - Call Test Case 'Test Cases/ShopOpen/RemainingCategories/VisitRemainingCategoriesWithDSA' successfully

2018-08-09 19:15:29 - [TEST_CASE][PASSED] - Test Cases/ShopOpen/RemainingCategories/VisitRemainingCategoriesWithDSA: Test Cases/ShopOpen/RemainingCategories/VisitRemainingCategoriesWithDSA

2018-08-09 19:15:29 - [TEST_STEP][PASSED] - verifyElementText: Actual text and expected text of test object 'Object Repository/ShopOpen/RemainingCategories/Validate_RemainingCategoriesDetailScreen' are matched.

2018-08-09 19:15:31 - [MESSAGE][PASSED] - Actual text and expected text of test object 'Object Repository/ShopOpen/RemainingCategories/Validate_RemainingCategoriesDetailScreen' are matched.

2018-08-09 19:15:31 - [TEST_STEP][PASSED] - tap: Tapped on element 'Object Repository/ShopOpen/RemainingCategories/DisplaySpaceAvailable'

2018-08-09 19:15:31 - [MESSAGE][WARNING] - Timeout '0' is invalid. Using default page load timeout: '5'

2018-08-09 19:15:31 - [MESSAGE][PASSED] - Tapped on element 'Object Repository/ShopOpen/RemainingCategories/DisplaySpaceAvailable'

2018-08-09 19:15:31 - [TEST_STEP][PASSED] - verifyElementText: Actual text and expected text of test object 'Object Repository/ShopOpen/RemainingCategories/Validate_ProductCategoryAssetScreen' are matched.

2018-08-09 19:15:34 - [MESSAGE][PASSED] - Actual text and expected text of test object 'Object Repository/ShopOpen/RemainingCategories/Validate_ProductCategoryAssetScreen' are matched.

2018-08-09 19:15:34 - [TEST_STEP][PASSED] - tap: Tapped on element 'Object Repository/ShopOpen/RemainingCategories/Facing'

2018-08-09 19:15:34 - [MESSAGE][WARNING] - Timeout '0' is invalid. Using default page load timeout: '5'

2018-08-09 19:15:34 - [MESSAGE][PASSED] - Tapped on element 'Object Repository/ShopOpen/RemainingCategories/Facing'

2018-08-09 19:15:34 - [TEST_STEP][PASSED] - verifyElementText: Actual text and expected text of test object 'Object Repository/ShopOpen/RemainingCategories/Validate_FacingScreen' are matched.

2018-08-09 19:15:36 - [MESSAGE][PASSED] - Actual text and expected text of test object 'Object Repository/ShopOpen/RemainingCategories/Validate_FacingScreen' are matched.

2018-08-09 19:15:36 - [TEST_STEP][PASSED] - com.ct.qa.keywords.ChannelProductsDataKeywords.visitChannelWiseProductsData: com.ct.qa.keywords.ChannelProductsDataKeywords.visitChannelWiseProductsData is PASSED

2018-08-09 19:15:40 - [MESSAGE][PASSED] - Keyboard is hidden

2018-08-09 19:15:43 - [MESSAGE][PASSED] - Keyboard is hidden

2018-08-09 19:15:46 - [MESSAGE][PASSED] - Keyboard is hidden

2018-08-09 19:15:49 - [MESSAGE][PASSED] - Keyboard is hidden

2018-08-09 19:15:50 - [MESSAGE][PASSED] - com.ct.qa.keywords.ChannelProductsDataKeywords.visitChannelWiseProductsData is PASSED

2018-08-09 19:15:50 - [TEST_STEP][PASSED] - tap: Tapped on element 'Object Repository/ShopOpen/RemainingCategories/SubmitButton'

2018-08-09 19:15:50 - [MESSAGE][WARNING] - Timeout '0' is invalid. Using default page load timeout: '5'

2018-08-09 19:15:51 - [MESSAGE][PASSED] - Tapped on element 'Object Repository/ShopOpen/RemainingCategories/SubmitButton'

2018-08-09 19:15:51 - [TEST_STEP][PASSED] - verifyElementText: Actual text and expected text of test object 'Object Repository/ShopOpen/RemainingCategories/Validate_ProductCategoryAssetScreen' are matched.

2018-08-09 19:15:52 - [MESSAGE][PASSED] - Actual text and expected text of test object 'Object Repository/ShopOpen/RemainingCategories/Validate_ProductCategoryAssetScreen' are matched.

2018-08-09 19:15:52 - [TEST_STEP][PASSED] - tap: Tapped on element 'Object Repository/ShopOpen/RemainingCategories/StockTaking'

2018-08-09 19:15:52 - [MESSAGE][WARNING] - Timeout '0' is invalid. Using default page load timeout: '5'

2018-08-09 19:15:52 - [MESSAGE][PASSED] - Tapped on element 'Object Repository/ShopOpen/RemainingCategories/StockTaking'

2018-08-09 19:15:52 - [TEST_STEP][PASSED] - verifyElementText: Actual text and expected text of test object 'Object Repository/ShopOpen/RemainingCategories/Validate_StockTakingScreen' are matched.

2018-08-09 19:15:54 - [MESSAGE][PASSED] - Actual text and expected text of test object 'Object Repository/ShopOpen/RemainingCategories/Validate_StockTakingScreen' are matched.

2018-08-09 19:15:54 - [TEST_STEP][PASSED] - com.ct.qa.keywords.ChannelProductsDataKeywords.visitChannelWiseProductsData: com.ct.qa.keywords.ChannelProductsDataKeywords.visitChannelWiseProductsData is PASSED

2018-08-09 19:15:58 - [MESSAGE][PASSED] - Keyboard is hidden

2018-08-09 19:16:01 - [MESSAGE][PASSED] - Keyboard is hidden

2018-08-09 19:16:04 - [MESSAGE][PASSED] - Keyboard is hidden

2018-08-09 19:16:07 - [MESSAGE][PASSED] - Keyboard is hidden

2018-08-09 19:16:08 - [MESSAGE][PASSED] - com.ct.qa.keywords.ChannelProductsDataKeywords.visitChannelWiseProductsData is PASSED

2018-08-09 19:16:08 - [TEST_STEP][PASSED] - tap: Tapped on element 'Object Repository/ShopOpen/RemainingCategories/SubmitButton'

2018-08-09 19:16:08 - [MESSAGE][WARNING] - Timeout '0' is invalid. Using default page load timeout: '5'

2018-08-09 19:16:09 - [MESSAGE][PASSED] - Tapped on element 'Object Repository/ShopOpen/RemainingCategories/SubmitButton'

2018-08-09 19:16:09 - [TEST_STEP][PASSED] - verifyElementText: Actual text and expected text of test object 'Object Repository/ShopOpen/RemainingCategories/Validate_ProductCategoryAssetScreen' are matched.

2018-08-09 19:16:10 - [MESSAGE][PASSED] - Actual text and expected text of test object 'Object Repository/ShopOpen/RemainingCategories/Validate_ProductCategoryAssetScreen' are matched.

2018-08-09 19:16:10 - [TEST_STEP][PASSED] - tap: Tapped on element 'Object Repository/ShopOpen/RemainingCategories/planogram_ImageView'

2018-08-09 19:16:10 - [MESSAGE][WARNING] - Timeout '0' is invalid. Using default page load timeout: '5'

2018-08-09 19:16:11 - [MESSAGE][PASSED] - Tapped on element 'Object Repository/ShopOpen/RemainingCategories/planogram_ImageView'

2018-08-09 19:16:11 - [TEST_STEP][PASSED] - com.ct.qa.keywords.CommonKeywords.checkPlanogramAvailability: com.ct.qa.keywords.CommonKeywords.checkPlanogramAvailability is PASSED

2018-08-09 19:16:11 - [MESSAGE][WARNING] - Timeout '0' is invalid. Using default page load timeout: '5'

2018-08-09 19:16:17 - [MESSAGE][WARNING] - Object Object Repository/CommonScreenElements/InfoPopUp_OKButton not found
[[ATTACHMENT|F:\\Git Projects\\MMAPlus_Merchandising\\MMAPlus_Merchandising\\Reports\\MMA Plus Merchandising With Chiller Wise Data Verification\\20180809_164504\\1533824176656.png]]

2018-08-09 19:16:17 - [MESSAGE][PASSED] - com.ct.qa.keywords.CommonKeywords.checkPlanogramAvailability is PASSED

2018-08-09 19:16:17 - [TEST_STEP][PASSED] - com.ct.qa.keywords.CommonKeywords.closePlanogram: com.ct.qa.keywords.CommonKeywords.closePlanogram is PASSED

2018-08-09 19:16:18 - [MESSAGE][PASSED] - com.ct.qa.keywords.CommonKeywords.closePlanogram is PASSED

2018-08-09 19:16:18 - [TEST_STEP][PASSED] - verifyElementText: Actual text and expected text of test object 'Object Repository/ShopOpen/RemainingCategories/Validate_ProductCategoryAssetScreen' are matched.

2018-08-09 19:16:19 - [MESSAGE][PASSED] - Actual text and expected text of test object 'Object Repository/ShopOpen/RemainingCategories/Validate_ProductCategoryAssetScreen' are matched.

2018-08-09 19:16:19 - [TEST_STEP][PASSED] - com.ct.qa.keywords.CommonKeywords.findPictureImageView: com.ct.qa.keywords.CommonKeywords.findPictureImageView is PASSED

2018-08-09 19:16:19 - [MESSAGE][WARNING] - Timeout '0' is invalid. Using default page load timeout: '5'

2018-08-09 19:16:21 - [MESSAGE][PASSED] - Tapped on element 'Object Repository/CommonScreenElements/Picture_ImageView'

2018-08-09 19:16:21 - [MESSAGE][WARNING] - Timeout '0' is invalid. Using default page load timeout: '5'

2018-08-09 19:16:22 - [MESSAGE][PASSED] - Element 'Object Repository/CommonScreenElements/Validate_CameraScreen' is exist

2018-08-09 19:16:22 - [MESSAGE][WARNING] - Timeout '0' is invalid. Using default page load timeout: '5'

2018-08-09 19:16:25 - [MESSAGE][PASSED] - Tapped on element 'Object Repository/CommonScreenElements/TakePictureButton'

2018-08-09 19:16:30 - [MESSAGE][PASSED] - Delayed 5 second(s)

2018-08-09 19:16:30 - [MESSAGE][WARNING] - Timeout '0' is invalid. Using default page load timeout: '5'

2018-08-09 19:16:31 - [MESSAGE][PASSED] - Tapped on element 'Object Repository/CommonScreenElements/DoneButton'

2018-08-09 19:16:31 - [MESSAGE][PASSED] - com.ct.qa.keywords.CommonKeywords.findPictureImageView is PASSED

2018-08-09 19:16:31 - [TEST_STEP][PASSED] - verifyElementText: Actual text and expected text of test object 'Object Repository/ShopOpen/RemainingCategories/Validate_ProductCategoryAssetScreen' are matched.

2018-08-09 19:16:32 - [MESSAGE][PASSED] - Actual text and expected text of test object 'Object Repository/ShopOpen/RemainingCategories/Validate_ProductCategoryAssetScreen' are matched.

2018-08-09 19:16:32 - [TEST_STEP][PASSED] - tap: Tapped on element 'Object Repository/ShopOpen/RemainingCategories/ProductCategoryAsset_BackButton'

2018-08-09 19:16:32 - [MESSAGE][WARNING] - Timeout '0' is invalid. Using default page load timeout: '5'

2018-08-09 19:16:33 - [MESSAGE][PASSED] - Tapped on element 'Object Repository/ShopOpen/RemainingCategories/ProductCategoryAsset_BackButton'

2018-08-09 19:16:33 - [TEST_STEP][PASSED] - verifyElementExist: Element 'Object Repository/ShopOpen/Validate_ShopCategoriesListScreen' is exist

2018-08-09 19:16:33 - [MESSAGE][WARNING] - Timeout '0' is invalid. Using default page load timeout: '5'

2018-08-09 19:16:35 - [MESSAGE][PASSED] - Element 'Object Repository/ShopOpen/Validate_ShopCategoriesListScreen' is exist

2018-08-09 19:16:35 - [MESSAGE][PASSED] - Call Test Case 'Test Cases/ShopOpen/RemainingCategories/VisitRemainingCategoriesWithDSA' successfully

2018-08-09 19:16:35 - [TEST_CASE][PASSED] - Test Cases/ShopOpen/RemainingCategories/VisitRemainingCategoriesWithDSA: Test Cases/ShopOpen/RemainingCategories/VisitRemainingCategoriesWithDSA

2018-08-09 19:16:35 - [TEST_STEP][PASSED] - verifyElementText: Actual text and expected text of test object 'Object Repository/ShopOpen/RemainingCategories/Validate_RemainingCategoriesDetailScreen' are matched.

2018-08-09 19:16:38 - [MESSAGE][PASSED] - Actual text and expected text of test object 'Object Repository/ShopOpen/RemainingCategories/Validate_RemainingCategoriesDetailScreen' are matched.

2018-08-09 19:16:38 - [TEST_STEP][PASSED] - tap: Tapped on element 'Object Repository/ShopOpen/RemainingCategories/DisplaySpaceAvailable'

2018-08-09 19:16:38 - [MESSAGE][WARNING] - Timeout '0' is invalid. Using default page load timeout: '5'

2018-08-09 19:16:38 - [MESSAGE][PASSED] - Tapped on element 'Object Repository/ShopOpen/RemainingCategories/DisplaySpaceAvailable'

2018-08-09 19:16:38 - [TEST_STEP][PASSED] - verifyElementText: Actual text and expected text of test object 'Object Repository/ShopOpen/RemainingCategories/Validate_ProductCategoryAssetScreen' are matched.

2018-08-09 19:16:41 - [MESSAGE][PASSED] - Actual text and expected text of test object 'Object Repository/ShopOpen/RemainingCategories/Validate_ProductCategoryAssetScreen' are matched.

2018-08-09 19:16:41 - [TEST_STEP][PASSED] - tap: Tapped on element 'Object Repository/ShopOpen/RemainingCategories/Facing'

2018-08-09 19:16:41 - [MESSAGE][WARNING] - Timeout '0' is invalid. Using default page load timeout: '5'

2018-08-09 19:16:41 - [MESSAGE][PASSED] - Tapped on element 'Object Repository/ShopOpen/RemainingCategories/Facing'

2018-08-09 19:16:41 - [TEST_STEP][PASSED] - verifyElementText: Actual text and expected text of test object 'Object Repository/ShopOpen/RemainingCategories/Validate_FacingScreen' are matched.

2018-08-09 19:16:43 - [MESSAGE][PASSED] - Actual text and expected text of test object 'Object Repository/ShopOpen/RemainingCategories/Validate_FacingScreen' are matched.

2018-08-09 19:16:43 - [TEST_STEP][PASSED] - com.ct.qa.keywords.ChannelProductsDataKeywords.visitChannelWiseProductsData: com.ct.qa.keywords.ChannelProductsDataKeywords.visitChannelWiseProductsData is PASSED

2018-08-09 19:16:47 - [MESSAGE][PASSED] - Keyboard is hidden

2018-08-09 19:16:50 - [MESSAGE][PASSED] - Keyboard is hidden

2018-08-09 19:16:53 - [MESSAGE][PASSED] - Keyboard is hidden

2018-08-09 19:16:56 - [MESSAGE][PASSED] - Keyboard is hidden

2018-08-09 19:16:59 - [MESSAGE][PASSED] - Keyboard is hidden

2018-08-09 19:17:01 - [MESSAGE][PASSED] - com.ct.qa.keywords.ChannelProductsDataKeywords.visitChannelWiseProductsData is PASSED

2018-08-09 19:17:01 - [TEST_STEP][PASSED] - tap: Tapped on element 'Object Repository/ShopOpen/RemainingCategories/SubmitButton'

2018-08-09 19:17:01 - [MESSAGE][WARNING] - Timeout '0' is invalid. Using default page load timeout: '5'

2018-08-09 19:17:02 - [MESSAGE][PASSED] - Tapped on element 'Object Repository/ShopOpen/RemainingCategories/SubmitButton'

2018-08-09 19:17:02 - [TEST_STEP][PASSED] - verifyElementText: Actual text and expected text of test object 'Object Repository/ShopOpen/RemainingCategories/Validate_ProductCategoryAssetScreen' are matched.

2018-08-09 19:17:03 - [MESSAGE][PASSED] - Actual text and expected text of test object 'Object Repository/ShopOpen/RemainingCategories/Validate_ProductCategoryAssetScreen' are matched.

2018-08-09 19:17:03 - [TEST_STEP][PASSED] - tap: Tapped on element 'Object Repository/ShopOpen/RemainingCategories/StockTaking'

2018-08-09 19:17:03 - [MESSAGE][WARNING] - Timeout '0' is invalid. Using default page load timeout: '5'

2018-08-09 19:17:03 - [MESSAGE][PASSED] - Tapped on element 'Object Repository/ShopOpen/RemainingCategories/StockTaking'

2018-08-09 19:17:03 - [TEST_STEP][PASSED] - verifyElementText: Actual text and expected text of test object 'Object Repository/ShopOpen/RemainingCategories/Validate_StockTakingScreen' are matched.

2018-08-09 19:17:05 - [MESSAGE][PASSED] - Actual text and expected text of test object 'Object Repository/ShopOpen/RemainingCategories/Validate_StockTakingScreen' are matched.

2018-08-09 19:17:05 - [TEST_STEP][PASSED] - com.ct.qa.keywords.ChannelProductsDataKeywords.visitChannelWiseProductsData: com.ct.qa.keywords.ChannelProductsDataKeywords.visitChannelWiseProductsData is PASSED

2018-08-09 19:17:09 - [MESSAGE][PASSED] - Keyboard is hidden

2018-08-09 19:17:12 - [MESSAGE][PASSED] - Keyboard is hidden

2018-08-09 19:17:15 - [MESSAGE][PASSED] - Keyboard is hidden

2018-08-09 19:17:18 - [MESSAGE][PASSED] - Keyboard is hidden

2018-08-09 19:17:21 - [MESSAGE][PASSED] - Keyboard is hidden

2018-08-09 19:17:23 - [MESSAGE][PASSED] - com.ct.qa.keywords.ChannelProductsDataKeywords.visitChannelWiseProductsData is PASSED

2018-08-09 19:17:23 - [TEST_STEP][PASSED] - tap: Tapped on element 'Object Repository/ShopOpen/RemainingCategories/SubmitButton'

2018-08-09 19:17:23 - [MESSAGE][WARNING] - Timeout '0' is invalid. Using default page load timeout: '5'

2018-08-09 19:17:23 - [MESSAGE][PASSED] - Tapped on element 'Object Repository/ShopOpen/RemainingCategories/SubmitButton'

2018-08-09 19:17:23 - [TEST_STEP][PASSED] - verifyElementText: Actual text and expected text of test object 'Object Repository/ShopOpen/RemainingCategories/Validate_ProductCategoryAssetScreen' are matched.

2018-08-09 19:17:24 - [MESSAGE][PASSED] - Actual text and expected text of test object 'Object Repository/ShopOpen/RemainingCategories/Validate_ProductCategoryAssetScreen' are matched.

2018-08-09 19:17:24 - [TEST_STEP][PASSED] - tap: Tapped on element 'Object Repository/ShopOpen/RemainingCategories/planogram_ImageView'

2018-08-09 19:17:24 - [MESSAGE][WARNING] - Timeout '0' is invalid. Using default page load timeout: '5'

2018-08-09 19:17:25 - [MESSAGE][PASSED] - Tapped on element 'Object Repository/ShopOpen/RemainingCategories/planogram_ImageView'

2018-08-09 19:17:25 - [TEST_STEP][PASSED] - com.ct.qa.keywords.CommonKeywords.checkPlanogramAvailability: com.ct.qa.keywords.CommonKeywords.checkPlanogramAvailability is PASSED

2018-08-09 19:17:25 - [MESSAGE][WARNING] - Timeout '0' is invalid. Using default page load timeout: '5'

2018-08-09 19:17:31 - [MESSAGE][WARNING] - Object Object Repository/CommonScreenElements/InfoPopUp_OKButton not found
[[ATTACHMENT|F:\\Git Projects\\MMAPlus_Merchandising\\MMAPlus_Merchandising\\Reports\\MMA Plus Merchandising With Chiller Wise Data Verification\\20180809_164504\\1533824250603.png]]

2018-08-09 19:17:31 - [MESSAGE][PASSED] - com.ct.qa.keywords.CommonKeywords.checkPlanogramAvailability is PASSED

2018-08-09 19:17:31 - [TEST_STEP][PASSED] - com.ct.qa.keywords.CommonKeywords.closePlanogram: com.ct.qa.keywords.CommonKeywords.closePlanogram is PASSED

2018-08-09 19:17:32 - [MESSAGE][PASSED] - com.ct.qa.keywords.CommonKeywords.closePlanogram is PASSED

2018-08-09 19:17:32 - [TEST_STEP][PASSED] - verifyElementText: Actual text and expected text of test object 'Object Repository/ShopOpen/RemainingCategories/Validate_ProductCategoryAssetScreen' are matched.

2018-08-09 19:17:33 - [MESSAGE][PASSED] - Actual text and expected text of test object 'Object Repository/ShopOpen/RemainingCategories/Validate_ProductCategoryAssetScreen' are matched.

2018-08-09 19:17:33 - [TEST_STEP][PASSED] - com.ct.qa.keywords.CommonKeywords.findPictureImageView: com.ct.qa.keywords.CommonKeywords.findPictureImageView is PASSED

2018-08-09 19:17:33 - [MESSAGE][WARNING] - Timeout '0' is invalid. Using default page load timeout: '5'

2018-08-09 19:17:33 - [MESSAGE][PASSED] - Tapped on element 'Object Repository/CommonScreenElements/Picture_ImageView'

2018-08-09 19:17:33 - [MESSAGE][WARNING] - Timeout '0' is invalid. Using default page load timeout: '5'

2018-08-09 19:17:36 - [MESSAGE][PASSED] - Element 'Object Repository/CommonScreenElements/Validate_CameraScreen' is exist

2018-08-09 19:17:36 - [MESSAGE][WARNING] - Timeout '0' is invalid. Using default page load timeout: '5'

2018-08-09 19:17:39 - [MESSAGE][PASSED] - Tapped on element 'Object Repository/CommonScreenElements/TakePictureButton'

2018-08-09 19:17:44 - [MESSAGE][PASSED] - Delayed 5 second(s)

2018-08-09 19:17:44 - [MESSAGE][WARNING] - Timeout '0' is invalid. Using default page load timeout: '5'

2018-08-09 19:17:45 - [MESSAGE][PASSED] - Tapped on element 'Object Repository/CommonScreenElements/DoneButton'

2018-08-09 19:17:45 - [MESSAGE][PASSED] - com.ct.qa.keywords.CommonKeywords.findPictureImageView is PASSED

2018-08-09 19:17:45 - [TEST_STEP][PASSED] - verifyElementText: Actual text and expected text of test object 'Object Repository/ShopOpen/RemainingCategories/Validate_ProductCategoryAssetScreen' are matched.

2018-08-09 19:17:46 - [MESSAGE][PASSED] - Actual text and expected text of test object 'Object Repository/ShopOpen/RemainingCategories/Validate_ProductCategoryAssetScreen' are matched.

2018-08-09 19:17:46 - [TEST_STEP][PASSED] - tap: Tapped on element 'Object Repository/ShopOpen/RemainingCategories/ProductCategoryAsset_BackButton'

2018-08-09 19:17:46 - [MESSAGE][WARNING] - Timeout '0' is invalid. Using default page load timeout: '5'

2018-08-09 19:17:47 - [MESSAGE][PASSED] - Tapped on element 'Object Repository/ShopOpen/RemainingCategories/ProductCategoryAsset_BackButton'

2018-08-09 19:17:47 - [TEST_STEP][PASSED] - verifyElementExist: Element 'Object Repository/ShopOpen/Validate_ShopCategoriesListScreen' is exist

2018-08-09 19:17:47 - [MESSAGE][WARNING] - Timeout '0' is invalid. Using default page load timeout: '5'

2018-08-09 19:17:49 - [MESSAGE][PASSED] - Element 'Object Repository/ShopOpen/Validate_ShopCategoriesListScreen' is exist

2018-08-09 19:17:49 - [MESSAGE][PASSED] - Call Test Case 'Test Cases/ShopOpen/RemainingCategories/VisitRemainingCategoriesWithDSA' successfully

2018-08-09 19:17:50 - [TEST_CASE][PASSED] - Test Cases/ShopOpen/RemainingCategories/VisitRemainingCategoriesWithDSA: Test Cases/ShopOpen/RemainingCategories/VisitRemainingCategoriesWithDSA

2018-08-09 19:17:50 - [TEST_STEP][PASSED] - verifyElementText: Actual text and expected text of test object 'Object Repository/ShopOpen/RemainingCategories/Validate_RemainingCategoriesDetailScreen' are matched.

2018-08-09 19:17:52 - [MESSAGE][PASSED] - Actual text and expected text of test object 'Object Repository/ShopOpen/RemainingCategories/Validate_RemainingCategoriesDetailScreen' are matched.

2018-08-09 19:17:52 - [TEST_STEP][PASSED] - tap: Tapped on element 'Object Repository/ShopOpen/RemainingCategories/DisplaySpaceAvailable'

2018-08-09 19:17:52 - [MESSAGE][WARNING] - Timeout '0' is invalid. Using default page load timeout: '5'

2018-08-09 19:17:52 - [MESSAGE][PASSED] - Tapped on element 'Object Repository/ShopOpen/RemainingCategories/DisplaySpaceAvailable'

2018-08-09 19:17:52 - [TEST_STEP][PASSED] - verifyElementText: Actual text and expected text of test object 'Object Repository/ShopOpen/RemainingCategories/Validate_ProductCategoryAssetScreen' are matched.

2018-08-09 19:17:54 - [MESSAGE][PASSED] - Actual text and expected text of test object 'Object Repository/ShopOpen/RemainingCategories/Validate_ProductCategoryAssetScreen' are matched.

2018-08-09 19:17:54 - [TEST_STEP][PASSED] - tap: Tapped on element 'Object Repository/ShopOpen/RemainingCategories/Facing'

2018-08-09 19:17:54 - [MESSAGE][WARNING] - Timeout '0' is invalid. Using default page load timeout: '5'

2018-08-09 19:17:54 - [MESSAGE][PASSED] - Tapped on element 'Object Repository/ShopOpen/RemainingCategories/Facing'

2018-08-09 19:17:54 - [TEST_STEP][PASSED] - verifyElementText: Actual text and expected text of test object 'Object Repository/ShopOpen/RemainingCategories/Validate_FacingScreen' are matched.

2018-08-09 19:17:56 - [MESSAGE][PASSED] - Actual text and expected text of test object 'Object Repository/ShopOpen/RemainingCategories/Validate_FacingScreen' are matched.

2018-08-09 19:17:56 - [TEST_STEP][PASSED] - com.ct.qa.keywords.ChannelProductsDataKeywords.visitChannelWiseProductsData: com.ct.qa.keywords.ChannelProductsDataKeywords.visitChannelWiseProductsData is PASSED

2018-08-09 19:18:00 - [MESSAGE][PASSED] - Keyboard is hidden

2018-08-09 19:18:03 - [MESSAGE][PASSED] - Keyboard is hidden

2018-08-09 19:18:06 - [MESSAGE][PASSED] - Keyboard is hidden

2018-08-09 19:18:09 - [MESSAGE][PASSED] - Keyboard is hidden

2018-08-09 19:18:12 - [MESSAGE][PASSED] - Keyboard is hidden

2018-08-09 19:18:14 - [MESSAGE][PASSED] - com.ct.qa.keywords.ChannelProductsDataKeywords.visitChannelWiseProductsData is PASSED

2018-08-09 19:18:14 - [TEST_STEP][PASSED] - tap: Tapped on element 'Object Repository/ShopOpen/RemainingCategories/SubmitButton'

2018-08-09 19:18:14 - [MESSAGE][WARNING] - Timeout '0' is invalid. Using default page load timeout: '5'

2018-08-09 19:18:14 - [MESSAGE][PASSED] - Tapped on element 'Object Repository/ShopOpen/RemainingCategories/SubmitButton'

2018-08-09 19:18:14 - [TEST_STEP][PASSED] - verifyElementText: Actual text and expected text of test object 'Object Repository/ShopOpen/RemainingCategories/Validate_ProductCategoryAssetScreen' are matched.

2018-08-09 19:18:15 - [MESSAGE][PASSED] - Actual text and expected text of test object 'Object Repository/ShopOpen/RemainingCategories/Validate_ProductCategoryAssetScreen' are matched.

2018-08-09 19:18:15 - [TEST_STEP][PASSED] - tap: Tapped on element 'Object Repository/ShopOpen/RemainingCategories/StockTaking'

2018-08-09 19:18:15 - [MESSAGE][WARNING] - Timeout '0' is invalid. Using default page load timeout: '5'

2018-08-09 19:18:15 - [MESSAGE][PASSED] - Tapped on element 'Object Repository/ShopOpen/RemainingCategories/StockTaking'

2018-08-09 19:18:15 - [TEST_STEP][PASSED] - verifyElementText: Actual text and expected text of test object 'Object Repository/ShopOpen/RemainingCategories/Validate_StockTakingScreen' are matched.

2018-08-09 19:18:17 - [MESSAGE][PASSED] - Actual text and expected text of test object 'Object Repository/ShopOpen/RemainingCategories/Validate_StockTakingScreen' are matched.

2018-08-09 19:18:17 - [TEST_STEP][PASSED] - com.ct.qa.keywords.ChannelProductsDataKeywords.visitChannelWiseProductsData: com.ct.qa.keywords.ChannelProductsDataKeywords.visitChannelWiseProductsData is PASSED

2018-08-09 19:18:21 - [MESSAGE][PASSED] - Keyboard is hidden

2018-08-09 19:18:24 - [MESSAGE][PASSED] - Keyboard is hidden

2018-08-09 19:18:27 - [MESSAGE][PASSED] - Keyboard is hidden

2018-08-09 19:18:30 - [MESSAGE][PASSED] - Keyboard is hidden

2018-08-09 19:18:33 - [MESSAGE][PASSED] - Keyboard is hidden

2018-08-09 19:18:35 - [MESSAGE][PASSED] - com.ct.qa.keywords.ChannelProductsDataKeywords.visitChannelWiseProductsData is PASSED

2018-08-09 19:18:35 - [TEST_STEP][PASSED] - tap: Tapped on element 'Object Repository/ShopOpen/RemainingCategories/SubmitButton'

2018-08-09 19:18:35 - [MESSAGE][WARNING] - Timeout '0' is invalid. Using default page load timeout: '5'

2018-08-09 19:18:35 - [MESSAGE][PASSED] - Tapped on element 'Object Repository/ShopOpen/RemainingCategories/SubmitButton'

2018-08-09 19:18:35 - [TEST_STEP][PASSED] - verifyElementText: Actual text and expected text of test object 'Object Repository/ShopOpen/RemainingCategories/Validate_ProductCategoryAssetScreen' are matched.

2018-08-09 19:18:36 - [MESSAGE][PASSED] - Actual text and expected text of test object 'Object Repository/ShopOpen/RemainingCategories/Validate_ProductCategoryAssetScreen' are matched.

2018-08-09 19:18:36 - [TEST_STEP][PASSED] - tap: Tapped on element 'Object Repository/ShopOpen/RemainingCategories/planogram_ImageView'

2018-08-09 19:18:36 - [MESSAGE][WARNING] - Timeout '0' is invalid. Using default page load timeout: '5'

2018-08-09 19:18:36 - [MESSAGE][PASSED] - Tapped on element 'Object Repository/ShopOpen/RemainingCategories/planogram_ImageView'

2018-08-09 19:18:36 - [TEST_STEP][PASSED] - com.ct.qa.keywords.CommonKeywords.checkPlanogramAvailability: com.ct.qa.keywords.CommonKeywords.checkPlanogramAvailability is PASSED

2018-08-09 19:18:36 - [MESSAGE][WARNING] - Timeout '0' is invalid. Using default page load timeout: '5'

2018-08-09 19:18:42 - [MESSAGE][WARNING] - Object Object Repository/CommonScreenElements/InfoPopUp_OKButton not found
[[ATTACHMENT|F:\\Git Projects\\MMAPlus_Merchandising\\MMAPlus_Merchandising\\Reports\\MMA Plus Merchandising With Chiller Wise Data Verification\\20180809_164504\\1533824321899.png]]

2018-08-09 19:18:42 - [MESSAGE][PASSED] - com.ct.qa.keywords.CommonKeywords.checkPlanogramAvailability is PASSED

2018-08-09 19:18:42 - [TEST_STEP][PASSED] - com.ct.qa.keywords.CommonKeywords.closePlanogram: com.ct.qa.keywords.CommonKeywords.closePlanogram is PASSED

2018-08-09 19:18:43 - [MESSAGE][PASSED] - com.ct.qa.keywords.CommonKeywords.closePlanogram is PASSED

2018-08-09 19:18:43 - [TEST_STEP][PASSED] - verifyElementText: Actual text and expected text of test object 'Object Repository/ShopOpen/RemainingCategories/Validate_ProductCategoryAssetScreen' are matched.

2018-08-09 19:18:44 - [MESSAGE][PASSED] - Actual text and expected text of test object 'Object Repository/ShopOpen/RemainingCategories/Validate_ProductCategoryAssetScreen' are matched.

2018-08-09 19:18:44 - [TEST_STEP][PASSED] - com.ct.qa.keywords.CommonKeywords.findPictureImageView: com.ct.qa.keywords.CommonKeywords.findPictureImageView is PASSED

2018-08-09 19:18:44 - [MESSAGE][WARNING] - Timeout '0' is invalid. Using default page load timeout: '5'

2018-08-09 19:18:46 - [MESSAGE][PASSED] - Tapped on element 'Object Repository/CommonScreenElements/Picture_ImageView'

2018-08-09 19:18:46 - [MESSAGE][WARNING] - Timeout '0' is invalid. Using default page load timeout: '5'

2018-08-09 19:18:47 - [MESSAGE][PASSED] - Element 'Object Repository/CommonScreenElements/Validate_CameraScreen' is exist

2018-08-09 19:18:47 - [MESSAGE][WARNING] - Timeout '0' is invalid. Using default page load timeout: '5'

2018-08-09 19:18:51 - [MESSAGE][PASSED] - Tapped on element 'Object Repository/CommonScreenElements/TakePictureButton'

2018-08-09 19:18:56 - [MESSAGE][PASSED] - Delayed 5 second(s)

2018-08-09 19:18:56 - [MESSAGE][WARNING] - Timeout '0' is invalid. Using default page load timeout: '5'

2018-08-09 19:18:56 - [MESSAGE][PASSED] - Tapped on element 'Object Repository/CommonScreenElements/DoneButton'

2018-08-09 19:18:56 - [MESSAGE][PASSED] - com.ct.qa.keywords.CommonKeywords.findPictureImageView is PASSED

2018-08-09 19:18:56 - [TEST_STEP][PASSED] - verifyElementText: Actual text and expected text of test object 'Object Repository/ShopOpen/RemainingCategories/Validate_ProductCategoryAssetScreen' are matched.

2018-08-09 19:18:57 - [MESSAGE][PASSED] - Actual text and expected text of test object 'Object Repository/ShopOpen/RemainingCategories/Validate_ProductCategoryAssetScreen' are matched.

2018-08-09 19:18:57 - [TEST_STEP][PASSED] - tap: Tapped on element 'Object Repository/ShopOpen/RemainingCategories/ProductCategoryAsset_BackButton'

2018-08-09 19:18:57 - [MESSAGE][WARNING] - Timeout '0' is invalid. Using default page load timeout: '5'

2018-08-09 19:18:57 - [MESSAGE][PASSED] - Tapped on element 'Object Repository/ShopOpen/RemainingCategories/ProductCategoryAsset_BackButton'

2018-08-09 19:18:57 - [TEST_STEP][PASSED] - verifyElementExist: Element 'Object Repository/ShopOpen/Validate_ShopCategoriesListScreen' is exist

2018-08-09 19:18:57 - [MESSAGE][WARNING] - Timeout '0' is invalid. Using default page load timeout: '5'

2018-08-09 19:18:59 - [MESSAGE][PASSED] - Element 'Object Repository/ShopOpen/Validate_ShopCategoriesListScreen' is exist

2018-08-09 19:18:59 - [MESSAGE][PASSED] - Call Test Case 'Test Cases/ShopOpen/RemainingCategories/VisitRemainingCategoriesWithDSA' successfully

2018-08-09 19:19:00 - [MESSAGE][PASSED] - Swiped from 0,293 to 0,200

2018-08-09 19:19:03 - [TEST_CASE][PASSED] - Test Cases/ShopOpen/RemainingCategories/VisitRemainingCategoriesWithDSA: Test Cases/ShopOpen/RemainingCategories/VisitRemainingCategoriesWithDSA

2018-08-09 19:19:03 - [TEST_STEP][PASSED] - verifyElementText: Actual text and expected text of test object 'Object Repository/ShopOpen/RemainingCategories/Validate_RemainingCategoriesDetailScreen' are matched.

2018-08-09 19:19:05 - [MESSAGE][PASSED] - Actual text and expected text of test object 'Object Repository/ShopOpen/RemainingCategories/Validate_RemainingCategoriesDetailScreen' are matched.

2018-08-09 19:19:05 - [TEST_STEP][PASSED] - tap: Tapped on element 'Object Repository/ShopOpen/RemainingCategories/DisplaySpaceAvailable'

2018-08-09 19:19:05 - [MESSAGE][WARNING] - Timeout '0' is invalid. Using default page load timeout: '5'

2018-08-09 19:19:05 - [MESSAGE][PASSED] - Tapped on element 'Object Repository/ShopOpen/RemainingCategories/DisplaySpaceAvailable'

2018-08-09 19:19:05 - [TEST_STEP][PASSED] - verifyElementText: Actual text and expected text of test object 'Object Repository/ShopOpen/RemainingCategories/Validate_ProductCategoryAssetScreen' are matched.

2018-08-09 19:19:08 - [MESSAGE][PASSED] - Actual text and expected text of test object 'Object Repository/ShopOpen/RemainingCategories/Validate_ProductCategoryAssetScreen' are matched.

2018-08-09 19:19:08 - [TEST_STEP][PASSED] - tap: Tapped on element 'Object Repository/ShopOpen/RemainingCategories/Facing'

2018-08-09 19:19:08 - [MESSAGE][WARNING] - Timeout '0' is invalid. Using default page load timeout: '5'

2018-08-09 19:19:08 - [MESSAGE][PASSED] - Tapped on element 'Object Repository/ShopOpen/RemainingCategories/Facing'

2018-08-09 19:19:08 - [TEST_STEP][PASSED] - verifyElementText: Actual text and expected text of test object 'Object Repository/ShopOpen/RemainingCategories/Validate_FacingScreen' are matched.

2018-08-09 19:19:10 - [MESSAGE][PASSED] - Actual text and expected text of test object 'Object Repository/ShopOpen/RemainingCategories/Validate_FacingScreen' are matched.

2018-08-09 19:19:10 - [TEST_STEP][PASSED] - com.ct.qa.keywords.ChannelProductsDataKeywords.visitChannelWiseProductsData: com.ct.qa.keywords.ChannelProductsDataKeywords.visitChannelWiseProductsData is PASSED

2018-08-09 19:19:13 - [MESSAGE][PASSED] - Keyboard is hidden

2018-08-09 19:19:14 - [MESSAGE][PASSED] - com.ct.qa.keywords.ChannelProductsDataKeywords.visitChannelWiseProductsData is PASSED

2018-08-09 19:19:14 - [TEST_STEP][PASSED] - tap: Tapped on element 'Object Repository/ShopOpen/RemainingCategories/SubmitButton'

2018-08-09 19:19:14 - [MESSAGE][WARNING] - Timeout '0' is invalid. Using default page load timeout: '5'

2018-08-09 19:19:14 - [MESSAGE][PASSED] - Tapped on element 'Object Repository/ShopOpen/RemainingCategories/SubmitButton'

2018-08-09 19:19:14 - [TEST_STEP][PASSED] - verifyElementText: Actual text and expected text of test object 'Object Repository/ShopOpen/RemainingCategories/Validate_ProductCategoryAssetScreen' are matched.

2018-08-09 19:19:15 - [MESSAGE][PASSED] - Actual text and expected text of test object 'Object Repository/ShopOpen/RemainingCategories/Validate_ProductCategoryAssetScreen' are matched.

2018-08-09 19:19:15 - [TEST_STEP][PASSED] - tap: Tapped on element 'Object Repository/ShopOpen/RemainingCategories/StockTaking'

2018-08-09 19:19:15 - [MESSAGE][WARNING] - Timeout '0' is invalid. Using default page load timeout: '5'

2018-08-09 19:19:15 - [MESSAGE][PASSED] - Tapped on element 'Object Repository/ShopOpen/RemainingCategories/StockTaking'

2018-08-09 19:19:15 - [TEST_STEP][PASSED] - verifyElementText: Actual text and expected text of test object 'Object Repository/ShopOpen/RemainingCategories/Validate_StockTakingScreen' are matched.

2018-08-09 19:19:18 - [MESSAGE][PASSED] - Actual text and expected text of test object 'Object Repository/ShopOpen/RemainingCategories/Validate_StockTakingScreen' are matched.

2018-08-09 19:19:18 - [TEST_STEP][PASSED] - com.ct.qa.keywords.ChannelProductsDataKeywords.visitChannelWiseProductsData: com.ct.qa.keywords.ChannelProductsDataKeywords.visitChannelWiseProductsData is PASSED

2018-08-09 19:19:21 - [MESSAGE][PASSED] - Keyboard is hidden

2018-08-09 19:19:22 - [MESSAGE][PASSED] - com.ct.qa.keywords.ChannelProductsDataKeywords.visitChannelWiseProductsData is PASSED

2018-08-09 19:19:22 - [TEST_STEP][PASSED] - tap: Tapped on element 'Object Repository/ShopOpen/RemainingCategories/SubmitButton'

2018-08-09 19:19:22 - [MESSAGE][WARNING] - Timeout '0' is invalid. Using default page load timeout: '5'

2018-08-09 19:19:22 - [MESSAGE][PASSED] - Tapped on element 'Object Repository/ShopOpen/RemainingCategories/SubmitButton'

2018-08-09 19:19:22 - [TEST_STEP][PASSED] - verifyElementText: Actual text and expected text of test object 'Object Repository/ShopOpen/RemainingCategories/Validate_ProductCategoryAssetScreen' are matched.

2018-08-09 19:19:23 - [MESSAGE][PASSED] - Actual text and expected text of test object 'Object Repository/ShopOpen/RemainingCategories/Validate_ProductCategoryAssetScreen' are matched.

2018-08-09 19:19:23 - [TEST_STEP][PASSED] - tap: Tapped on element 'Object Repository/ShopOpen/RemainingCategories/planogram_ImageView'

2018-08-09 19:19:23 - [MESSAGE][WARNING] - Timeout '0' is invalid. Using default page load timeout: '5'

2018-08-09 19:19:24 - [MESSAGE][PASSED] - Tapped on element 'Object Repository/ShopOpen/RemainingCategories/planogram_ImageView'

2018-08-09 19:19:24 - [TEST_STEP][PASSED] - com.ct.qa.keywords.CommonKeywords.checkPlanogramAvailability: com.ct.qa.keywords.CommonKeywords.checkPlanogramAvailability is PASSED

2018-08-09 19:19:24 - [MESSAGE][WARNING] - Timeout '0' is invalid. Using default page load timeout: '5'

2018-08-09 19:19:26 - [MESSAGE][PASSED] - Tapped on element 'Object Repository/CommonScreenElements/InfoPopUp_OKButton'

2018-08-09 19:19:26 - [MESSAGE][PASSED] - com.ct.qa.keywords.CommonKeywords.checkPlanogramAvailability is PASSED

2018-08-09 19:19:26 - [TEST_STEP][PASSED] - com.ct.qa.keywords.CommonKeywords.closePlanogram: com.ct.qa.keywords.CommonKeywords.closePlanogram is PASSED

2018-08-09 19:19:27 - [MESSAGE][PASSED] - com.ct.qa.keywords.CommonKeywords.closePlanogram is PASSED

2018-08-09 19:19:27 - [TEST_STEP][PASSED] - verifyElementText: Actual text and expected text of test object 'Object Repository/ShopOpen/RemainingCategories/Validate_ProductCategoryAssetScreen' are matched.

2018-08-09 19:19:28 - [MESSAGE][PASSED] - Actual text and expected text of test object 'Object Repository/ShopOpen/RemainingCategories/Validate_ProductCategoryAssetScreen' are matched.

2018-08-09 19:19:28 - [TEST_STEP][PASSED] - com.ct.qa.keywords.CommonKeywords.findPictureImageView: com.ct.qa.keywords.CommonKeywords.findPictureImageView is PASSED

2018-08-09 19:19:29 - [MESSAGE][WARNING] - Timeout '0' is invalid. Using default page load timeout: '5'

2018-08-09 19:19:30 - [MESSAGE][PASSED] - Tapped on element 'Object Repository/CommonScreenElements/Picture_ImageView'

2018-08-09 19:19:30 - [MESSAGE][WARNING] - Timeout '0' is invalid. Using default page load timeout: '5'

2018-08-09 19:19:32 - [MESSAGE][PASSED] - Element 'Object Repository/CommonScreenElements/Validate_CameraScreen' is exist

2018-08-09 19:19:32 - [MESSAGE][WARNING] - Timeout '0' is invalid. Using default page load timeout: '5'

2018-08-09 19:19:35 - [MESSAGE][PASSED] - Tapped on element 'Object Repository/CommonScreenElements/TakePictureButton'

2018-08-09 19:19:40 - [MESSAGE][PASSED] - Delayed 5 second(s)

2018-08-09 19:19:40 - [MESSAGE][WARNING] - Timeout '0' is invalid. Using default page load timeout: '5'

2018-08-09 19:19:41 - [MESSAGE][PASSED] - Tapped on element 'Object Repository/CommonScreenElements/DoneButton'

2018-08-09 19:19:41 - [MESSAGE][PASSED] - com.ct.qa.keywords.CommonKeywords.findPictureImageView is PASSED

2018-08-09 19:19:41 - [TEST_STEP][PASSED] - verifyElementText: Actual text and expected text of test object 'Object Repository/ShopOpen/RemainingCategories/Validate_ProductCategoryAssetScreen' are matched.

2018-08-09 19:19:42 - [MESSAGE][PASSED] - Actual text and expected text of test object 'Object Repository/ShopOpen/RemainingCategories/Validate_ProductCategoryAssetScreen' are matched.

2018-08-09 19:19:42 - [TEST_STEP][PASSED] - tap: Tapped on element 'Object Repository/ShopOpen/RemainingCategories/ProductCategoryAsset_BackButton'

2018-08-09 19:19:42 - [MESSAGE][WARNING] - Timeout '0' is invalid. Using default page load timeout: '5'

2018-08-09 19:19:42 - [MESSAGE][PASSED] - Tapped on element 'Object Repository/ShopOpen/RemainingCategories/ProductCategoryAsset_BackButton'

2018-08-09 19:19:42 - [TEST_STEP][PASSED] - verifyElementExist: Element 'Object Repository/ShopOpen/Validate_ShopCategoriesListScreen' is exist

2018-08-09 19:19:42 - [MESSAGE][WARNING] - Timeout '0' is invalid. Using default page load timeout: '5'

2018-08-09 19:19:45 - [MESSAGE][PASSED] - Element 'Object Repository/ShopOpen/Validate_ShopCategoriesListScreen' is exist

2018-08-09 19:19:45 - [MESSAGE][PASSED] - Call Test Case 'Test Cases/ShopOpen/RemainingCategories/VisitRemainingCategoriesWithDSA' successfully

2018-08-09 19:19:46 - [MESSAGE][PASSED] - Swiped from 0,293 to 0,200

2018-08-09 19:19:49 - [MESSAGE][PASSED] - Swiped from 0,293 to 0,200

2018-08-09 19:19:51 - [TEST_CASE][PASSED] - Test Cases/ShopOpen/RemainingCategories/VisitRemainingCategoriesWithDSA: Test Cases/ShopOpen/RemainingCategories/VisitRemainingCategoriesWithDSA

2018-08-09 19:19:51 - [TEST_STEP][PASSED] - verifyElementText: Actual text and expected text of test object 'Object Repository/ShopOpen/RemainingCategories/Validate_RemainingCategoriesDetailScreen' are matched.

2018-08-09 19:19:53 - [MESSAGE][PASSED] - Actual text and expected text of test object 'Object Repository/ShopOpen/RemainingCategories/Validate_RemainingCategoriesDetailScreen' are matched.

2018-08-09 19:19:53 - [TEST_STEP][PASSED] - tap: Tapped on element 'Object Repository/ShopOpen/RemainingCategories/DisplaySpaceAvailable'

2018-08-09 19:19:53 - [MESSAGE][WARNING] - Timeout '0' is invalid. Using default page load timeout: '5'

2018-08-09 19:19:53 - [MESSAGE][PASSED] - Tapped on element 'Object Repository/ShopOpen/RemainingCategories/DisplaySpaceAvailable'

2018-08-09 19:19:53 - [TEST_STEP][PASSED] - verifyElementText: Actual text and expected text of test object 'Object Repository/ShopOpen/RemainingCategories/Validate_ProductCategoryAssetScreen' are matched.

2018-08-09 19:19:56 - [MESSAGE][PASSED] - Actual text and expected text of test object 'Object Repository/ShopOpen/RemainingCategories/Validate_ProductCategoryAssetScreen' are matched.

2018-08-09 19:19:56 - [TEST_STEP][PASSED] - tap: Tapped on element 'Object Repository/ShopOpen/RemainingCategories/Facing'

2018-08-09 19:19:56 - [MESSAGE][WARNING] - Timeout '0' is invalid. Using default page load timeout: '5'

2018-08-09 19:19:56 - [MESSAGE][PASSED] - Tapped on element 'Object Repository/ShopOpen/RemainingCategories/Facing'

2018-08-09 19:19:56 - [TEST_STEP][PASSED] - verifyElementText: Actual text and expected text of test object 'Object Repository/ShopOpen/RemainingCategories/Validate_FacingScreen' are matched.

2018-08-09 19:19:58 - [MESSAGE][PASSED] - Actual text and expected text of test object 'Object Repository/ShopOpen/RemainingCategories/Validate_FacingScreen' are matched.

2018-08-09 19:19:58 - [TEST_STEP][PASSED] - com.ct.qa.keywords.ChannelProductsDataKeywords.visitChannelWiseProductsData: com.ct.qa.keywords.ChannelProductsDataKeywords.visitChannelWiseProductsData is PASSED

2018-08-09 19:20:03 - [MESSAGE][PASSED] - Keyboard is hidden

2018-08-09 19:20:06 - [MESSAGE][PASSED] - Keyboard is hidden

2018-08-09 19:20:09 - [MESSAGE][PASSED] - Keyboard is hidden

2018-08-09 19:20:12 - [MESSAGE][PASSED] - Keyboard is hidden

2018-08-09 19:20:13 - [MESSAGE][PASSED] - com.ct.qa.keywords.ChannelProductsDataKeywords.visitChannelWiseProductsData is PASSED

2018-08-09 19:20:13 - [TEST_STEP][PASSED] - tap: Tapped on element 'Object Repository/ShopOpen/RemainingCategories/SubmitButton'

2018-08-09 19:20:13 - [MESSAGE][WARNING] - Timeout '0' is invalid. Using default page load timeout: '5'

2018-08-09 19:20:14 - [MESSAGE][PASSED] - Tapped on element 'Object Repository/ShopOpen/RemainingCategories/SubmitButton'

2018-08-09 19:20:14 - [TEST_STEP][PASSED] - verifyElementText: Actual text and expected text of test object 'Object Repository/ShopOpen/RemainingCategories/Validate_ProductCategoryAssetScreen' are matched.

2018-08-09 19:20:15 - [MESSAGE][PASSED] - Actual text and expected text of test object 'Object Repository/ShopOpen/RemainingCategories/Validate_ProductCategoryAssetScreen' are matched.

2018-08-09 19:20:15 - [TEST_STEP][PASSED] - tap: Tapped on element 'Object Repository/ShopOpen/RemainingCategories/StockTaking'

2018-08-09 19:20:15 - [MESSAGE][WARNING] - Timeout '0' is invalid. Using default page load timeout: '5'

2018-08-09 19:20:15 - [MESSAGE][PASSED] - Tapped on element 'Object Repository/ShopOpen/RemainingCategories/StockTaking'

2018-08-09 19:20:15 - [TEST_STEP][PASSED] - verifyElementText: Actual text and expected text of test object 'Object Repository/ShopOpen/RemainingCategories/Validate_StockTakingScreen' are matched.

2018-08-09 19:20:17 - [MESSAGE][PASSED] - Actual text and expected text of test object 'Object Repository/ShopOpen/RemainingCategories/Validate_StockTakingScreen' are matched.

2018-08-09 19:20:17 - [TEST_STEP][PASSED] - com.ct.qa.keywords.ChannelProductsDataKeywords.visitChannelWiseProductsData: com.ct.qa.keywords.ChannelProductsDataKeywords.visitChannelWiseProductsData is PASSED

2018-08-09 19:20:21 - [MESSAGE][PASSED] - Keyboard is hidden

2018-08-09 19:20:24 - [MESSAGE][PASSED] - Keyboard is hidden

2018-08-09 19:20:27 - [MESSAGE][PASSED] - Keyboard is hidden

2018-08-09 19:20:30 - [MESSAGE][PASSED] - Keyboard is hidden

2018-08-09 19:20:31 - [MESSAGE][PASSED] - com.ct.qa.keywords.ChannelProductsDataKeywords.visitChannelWiseProductsData is PASSED

2018-08-09 19:20:31 - [TEST_STEP][PASSED] - tap: Tapped on element 'Object Repository/ShopOpen/RemainingCategories/SubmitButton'

2018-08-09 19:20:31 - [MESSAGE][WARNING] - Timeout '0' is invalid. Using default page load timeout: '5'

2018-08-09 19:20:32 - [MESSAGE][PASSED] - Tapped on element 'Object Repository/ShopOpen/RemainingCategories/SubmitButton'

2018-08-09 19:20:32 - [TEST_STEP][PASSED] - verifyElementText: Actual text and expected text of test object 'Object Repository/ShopOpen/RemainingCategories/Validate_ProductCategoryAssetScreen' are matched.

2018-08-09 19:20:33 - [MESSAGE][PASSED] - Actual text and expected text of test object 'Object Repository/ShopOpen/RemainingCategories/Validate_ProductCategoryAssetScreen' are matched.

2018-08-09 19:20:33 - [TEST_STEP][PASSED] - tap: Tapped on element 'Object Repository/ShopOpen/RemainingCategories/planogram_ImageView'

2018-08-09 19:20:33 - [MESSAGE][WARNING] - Timeout '0' is invalid. Using default page load timeout: '5'

2018-08-09 19:20:33 - [MESSAGE][PASSED] - Tapped on element 'Object Repository/ShopOpen/RemainingCategories/planogram_ImageView'

2018-08-09 19:20:33 - [TEST_STEP][PASSED] - com.ct.qa.keywords.CommonKeywords.checkPlanogramAvailability: com.ct.qa.keywords.CommonKeywords.checkPlanogramAvailability is PASSED

2018-08-09 19:20:33 - [MESSAGE][WARNING] - Timeout '0' is invalid. Using default page load timeout: '5'

2018-08-09 19:20:39 - [MESSAGE][WARNING] - Object Object Repository/CommonScreenElements/InfoPopUp_OKButton not found
[[ATTACHMENT|F:\\Git Projects\\MMAPlus_Merchandising\\MMAPlus_Merchandising\\Reports\\MMA Plus Merchandising With Chiller Wise Data Verification\\20180809_164504\\1533824438775.png]]

2018-08-09 19:20:39 - [MESSAGE][PASSED] - com.ct.qa.keywords.CommonKeywords.checkPlanogramAvailability is PASSED

2018-08-09 19:20:39 - [TEST_STEP][PASSED] - com.ct.qa.keywords.CommonKeywords.closePlanogram: com.ct.qa.keywords.CommonKeywords.closePlanogram is PASSED

2018-08-09 19:20:40 - [MESSAGE][PASSED] - com.ct.qa.keywords.CommonKeywords.closePlanogram is PASSED

2018-08-09 19:20:40 - [TEST_STEP][PASSED] - verifyElementText: Actual text and expected text of test object 'Object Repository/ShopOpen/RemainingCategories/Validate_ProductCategoryAssetScreen' are matched.

2018-08-09 19:20:41 - [MESSAGE][PASSED] - Actual text and expected text of test object 'Object Repository/ShopOpen/RemainingCategories/Validate_ProductCategoryAssetScreen' are matched.

2018-08-09 19:20:41 - [TEST_STEP][PASSED] - com.ct.qa.keywords.CommonKeywords.findPictureImageView: com.ct.qa.keywords.CommonKeywords.findPictureImageView is PASSED

2018-08-09 19:20:41 - [MESSAGE][WARNING] - Timeout '0' is invalid. Using default page load timeout: '5'

2018-08-09 19:20:44 - [MESSAGE][PASSED] - Tapped on element 'Object Repository/CommonScreenElements/Picture_ImageView'

2018-08-09 19:20:44 - [MESSAGE][WARNING] - Timeout '0' is invalid. Using default page load timeout: '5'

2018-08-09 19:20:45 - [MESSAGE][PASSED] - Element 'Object Repository/CommonScreenElements/Validate_CameraScreen' is exist

2018-08-09 19:20:45 - [MESSAGE][WARNING] - Timeout '0' is invalid. Using default page load timeout: '5'

2018-08-09 19:20:48 - [MESSAGE][PASSED] - Tapped on element 'Object Repository/CommonScreenElements/TakePictureButton'

2018-08-09 19:20:53 - [MESSAGE][PASSED] - Delayed 5 second(s)

2018-08-09 19:20:53 - [MESSAGE][WARNING] - Timeout '0' is invalid. Using default page load timeout: '5'

2018-08-09 19:20:54 - [MESSAGE][PASSED] - Tapped on element 'Object Repository/CommonScreenElements/DoneButton'

2018-08-09 19:20:54 - [MESSAGE][PASSED] - com.ct.qa.keywords.CommonKeywords.findPictureImageView is PASSED

2018-08-09 19:20:54 - [TEST_STEP][PASSED] - verifyElementText: Actual text and expected text of test object 'Object Repository/ShopOpen/RemainingCategories/Validate_ProductCategoryAssetScreen' are matched.

2018-08-09 19:20:55 - [MESSAGE][PASSED] - Actual text and expected text of test object 'Object Repository/ShopOpen/RemainingCategories/Validate_ProductCategoryAssetScreen' are matched.

2018-08-09 19:20:55 - [TEST_STEP][PASSED] - tap: Tapped on element 'Object Repository/ShopOpen/RemainingCategories/ProductCategoryAsset_BackButton'

2018-08-09 19:20:55 - [MESSAGE][WARNING] - Timeout '0' is invalid. Using default page load timeout: '5'

2018-08-09 19:20:55 - [MESSAGE][PASSED] - Tapped on element 'Object Repository/ShopOpen/RemainingCategories/ProductCategoryAsset_BackButton'

2018-08-09 19:20:55 - [TEST_STEP][PASSED] - verifyElementExist: Element 'Object Repository/ShopOpen/Validate_ShopCategoriesListScreen' is exist

2018-08-09 19:20:55 - [MESSAGE][WARNING] - Timeout '0' is invalid. Using default page load timeout: '5'

2018-08-09 19:20:58 - [MESSAGE][PASSED] - Element 'Object Repository/ShopOpen/Validate_ShopCategoriesListScreen' is exist

2018-08-09 19:20:58 - [MESSAGE][PASSED] - Call Test Case 'Test Cases/ShopOpen/RemainingCategories/VisitRemainingCategoriesWithDSA' successfully

2018-08-09 19:20:59 - [MESSAGE][PASSED] - Swiped from 0,293 to 0,200

2018-08-09 19:21:01 - [MESSAGE][PASSED] - Swiped from 0,293 to 0,200

2018-08-09 19:21:04 - [MESSAGE][PASSED] - Swiped from 0,293 to 0,200

2018-08-09 19:21:07 - [TEST_CASE][PASSED] - Test Cases/ShopOpen/RemainingCategories/VisitRemainingCategoriesWithDSA: Test Cases/ShopOpen/RemainingCategories/VisitRemainingCategoriesWithDSA

2018-08-09 19:21:07 - [TEST_STEP][PASSED] - verifyElementText: Actual text and expected text of test object 'Object Repository/ShopOpen/RemainingCategories/Validate_RemainingCategoriesDetailScreen' are matched.

2018-08-09 19:21:09 - [MESSAGE][PASSED] - Actual text and expected text of test object 'Object Repository/ShopOpen/RemainingCategories/Validate_RemainingCategoriesDetailScreen' are matched.

2018-08-09 19:21:09 - [TEST_STEP][PASSED] - tap: Tapped on element 'Object Repository/ShopOpen/RemainingCategories/DisplaySpaceAvailable'

2018-08-09 19:21:09 - [MESSAGE][WARNING] - Timeout '0' is invalid. Using default page load timeout: '5'

2018-08-09 19:21:09 - [MESSAGE][PASSED] - Tapped on element 'Object Repository/ShopOpen/RemainingCategories/DisplaySpaceAvailable'

2018-08-09 19:21:09 - [TEST_STEP][PASSED] - verifyElementText: Actual text and expected text of test object 'Object Repository/ShopOpen/RemainingCategories/Validate_ProductCategoryAssetScreen' are matched.

2018-08-09 19:21:11 - [MESSAGE][PASSED] - Actual text and expected text of test object 'Object Repository/ShopOpen/RemainingCategories/Validate_ProductCategoryAssetScreen' are matched.

2018-08-09 19:21:11 - [TEST_STEP][PASSED] - tap: Tapped on element 'Object Repository/ShopOpen/RemainingCategories/Facing'

2018-08-09 19:21:11 - [MESSAGE][WARNING] - Timeout '0' is invalid. Using default page load timeout: '5'

2018-08-09 19:21:11 - [MESSAGE][PASSED] - Tapped on element 'Object Repository/ShopOpen/RemainingCategories/Facing'

2018-08-09 19:21:11 - [TEST_STEP][PASSED] - verifyElementText: Actual text and expected text of test object 'Object Repository/ShopOpen/RemainingCategories/Validate_FacingScreen' are matched.

2018-08-09 19:21:13 - [MESSAGE][PASSED] - Actual text and expected text of test object 'Object Repository/ShopOpen/RemainingCategories/Validate_FacingScreen' are matched.

2018-08-09 19:21:13 - [TEST_STEP][PASSED] - com.ct.qa.keywords.ChannelProductsDataKeywords.visitChannelWiseProductsData: com.ct.qa.keywords.ChannelProductsDataKeywords.visitChannelWiseProductsData is PASSED

2018-08-09 19:21:17 - [MESSAGE][PASSED] - Keyboard is hidden

2018-08-09 19:21:20 - [MESSAGE][PASSED] - Keyboard is hidden

2018-08-09 19:21:23 - [MESSAGE][PASSED] - Keyboard is hidden

2018-08-09 19:21:26 - [MESSAGE][PASSED] - Keyboard is hidden

2018-08-09 19:21:29 - [MESSAGE][PASSED] - Keyboard is hidden

2018-08-09 19:21:32 - [MESSAGE][PASSED] - Keyboard is hidden

2018-08-09 19:21:36 - [MESSAGE][PASSED] - Swiped from 115,359 to 115,250

2018-08-09 19:21:37 - [MESSAGE][PASSED] - com.ct.qa.keywords.ChannelProductsDataKeywords.visitChannelWiseProductsData is PASSED

2018-08-09 19:21:37 - [TEST_STEP][PASSED] - tap: Tapped on element 'Object Repository/ShopOpen/RemainingCategories/SubmitButton'

2018-08-09 19:21:37 - [MESSAGE][WARNING] - Timeout '0' is invalid. Using default page load timeout: '5'

2018-08-09 19:21:37 - [MESSAGE][PASSED] - Tapped on element 'Object Repository/ShopOpen/RemainingCategories/SubmitButton'

2018-08-09 19:21:37 - [TEST_STEP][PASSED] - verifyElementText: Actual text and expected text of test object 'Object Repository/ShopOpen/RemainingCategories/Validate_ProductCategoryAssetScreen' are matched.

2018-08-09 19:21:38 - [MESSAGE][PASSED] - Actual text and expected text of test object 'Object Repository/ShopOpen/RemainingCategories/Validate_ProductCategoryAssetScreen' are matched.

2018-08-09 19:21:38 - [TEST_STEP][PASSED] - tap: Tapped on element 'Object Repository/ShopOpen/RemainingCategories/StockTaking'

2018-08-09 19:21:38 - [MESSAGE][WARNING] - Timeout '0' is invalid. Using default page load timeout: '5'

2018-08-09 19:21:39 - [MESSAGE][PASSED] - Tapped on element 'Object Repository/ShopOpen/RemainingCategories/StockTaking'

2018-08-09 19:21:39 - [TEST_STEP][PASSED] - verifyElementText: Actual text and expected text of test object 'Object Repository/ShopOpen/RemainingCategories/Validate_StockTakingScreen' are matched.

2018-08-09 19:21:41 - [MESSAGE][PASSED] - Actual text and expected text of test object 'Object Repository/ShopOpen/RemainingCategories/Validate_StockTakingScreen' are matched.

2018-08-09 19:21:41 - [TEST_STEP][PASSED] - com.ct.qa.keywords.ChannelProductsDataKeywords.visitChannelWiseProductsData: com.ct.qa.keywords.ChannelProductsDataKeywords.visitChannelWiseProductsData is PASSED

2018-08-09 19:21:45 - [MESSAGE][PASSED] - Keyboard is hidden

2018-08-09 19:21:48 - [MESSAGE][PASSED] - Keyboard is hidden

2018-08-09 19:21:51 - [MESSAGE][PASSED] - Keyboard is hidden

2018-08-09 19:21:54 - [MESSAGE][PASSED] - Keyboard is hidden

2018-08-09 19:21:57 - [MESSAGE][PASSED] - Keyboard is hidden

2018-08-09 19:22:00 - [MESSAGE][PASSED] - Keyboard is hidden

2018-08-09 19:22:05 - [MESSAGE][PASSED] - Swiped from 115,359 to 115,250

2018-08-09 19:22:06 - [MESSAGE][PASSED] - com.ct.qa.keywords.ChannelProductsDataKeywords.visitChannelWiseProductsData is PASSED

2018-08-09 19:22:06 - [TEST_STEP][PASSED] - tap: Tapped on element 'Object Repository/ShopOpen/RemainingCategories/SubmitButton'

2018-08-09 19:22:06 - [MESSAGE][WARNING] - Timeout '0' is invalid. Using default page load timeout: '5'

2018-08-09 19:22:06 - [MESSAGE][PASSED] - Tapped on element 'Object Repository/ShopOpen/RemainingCategories/SubmitButton'

2018-08-09 19:22:06 - [TEST_STEP][PASSED] - verifyElementText: Actual text and expected text of test object 'Object Repository/ShopOpen/RemainingCategories/Validate_ProductCategoryAssetScreen' are matched.

2018-08-09 19:22:08 - [MESSAGE][PASSED] - Actual text and expected text of test object 'Object Repository/ShopOpen/RemainingCategories/Validate_ProductCategoryAssetScreen' are matched.

2018-08-09 19:22:08 - [TEST_STEP][PASSED] - tap: Tapped on element 'Object Repository/ShopOpen/RemainingCategories/planogram_ImageView'

2018-08-09 19:22:08 - [MESSAGE][WARNING] - Timeout '0' is invalid. Using default page load timeout: '5'

2018-08-09 19:22:09 - [MESSAGE][PASSED] - Tapped on element 'Object Repository/ShopOpen/RemainingCategories/planogram_ImageView'

2018-08-09 19:22:09 - [TEST_STEP][PASSED] - com.ct.qa.keywords.CommonKeywords.checkPlanogramAvailability: com.ct.qa.keywords.CommonKeywords.checkPlanogramAvailability is PASSED

2018-08-09 19:22:09 - [MESSAGE][WARNING] - Timeout '0' is invalid. Using default page load timeout: '5'

2018-08-09 19:22:15 - [MESSAGE][WARNING] - Object Object Repository/CommonScreenElements/InfoPopUp_OKButton not found
[[ATTACHMENT|F:\\Git Projects\\MMAPlus_Merchandising\\MMAPlus_Merchandising\\Reports\\MMA Plus Merchandising With Chiller Wise Data Verification\\20180809_164504\\1533824534624.png]]

2018-08-09 19:22:15 - [MESSAGE][PASSED] - com.ct.qa.keywords.CommonKeywords.checkPlanogramAvailability is PASSED

2018-08-09 19:22:15 - [TEST_STEP][PASSED] - com.ct.qa.keywords.CommonKeywords.closePlanogram: com.ct.qa.keywords.CommonKeywords.closePlanogram is PASSED

2018-08-09 19:22:16 - [MESSAGE][PASSED] - com.ct.qa.keywords.CommonKeywords.closePlanogram is PASSED

2018-08-09 19:22:16 - [TEST_STEP][PASSED] - verifyElementText: Actual text and expected text of test object 'Object Repository/ShopOpen/RemainingCategories/Validate_ProductCategoryAssetScreen' are matched.

2018-08-09 19:22:17 - [MESSAGE][PASSED] - Actual text and expected text of test object 'Object Repository/ShopOpen/RemainingCategories/Validate_ProductCategoryAssetScreen' are matched.

2018-08-09 19:22:17 - [TEST_STEP][PASSED] - com.ct.qa.keywords.CommonKeywords.findPictureImageView: com.ct.qa.keywords.CommonKeywords.findPictureImageView is PASSED

2018-08-09 19:22:17 - [MESSAGE][WARNING] - Timeout '0' is invalid. Using default page load timeout: '5'

2018-08-09 19:22:19 - [MESSAGE][PASSED] - Tapped on element 'Object Repository/CommonScreenElements/Picture_ImageView'

2018-08-09 19:22:19 - [MESSAGE][WARNING] - Timeout '0' is invalid. Using default page load timeout: '5'

2018-08-09 19:22:20 - [MESSAGE][PASSED] - Element 'Object Repository/CommonScreenElements/Validate_CameraScreen' is exist

2018-08-09 19:22:20 - [MESSAGE][WARNING] - Timeout '0' is invalid. Using default page load timeout: '5'

2018-08-09 19:22:24 - [MESSAGE][PASSED] - Tapped on element 'Object Repository/CommonScreenElements/TakePictureButton'

2018-08-09 19:22:29 - [MESSAGE][PASSED] - Delayed 5 second(s)

2018-08-09 19:22:29 - [MESSAGE][WARNING] - Timeout '0' is invalid. Using default page load timeout: '5'

2018-08-09 19:22:30 - [MESSAGE][PASSED] - Tapped on element 'Object Repository/CommonScreenElements/DoneButton'

2018-08-09 19:22:30 - [MESSAGE][PASSED] - com.ct.qa.keywords.CommonKeywords.findPictureImageView is PASSED

2018-08-09 19:22:30 - [TEST_STEP][PASSED] - verifyElementText: Actual text and expected text of test object 'Object Repository/ShopOpen/RemainingCategories/Validate_ProductCategoryAssetScreen' are matched.

2018-08-09 19:22:30 - [MESSAGE][PASSED] - Actual text and expected text of test object 'Object Repository/ShopOpen/RemainingCategories/Validate_ProductCategoryAssetScreen' are matched.

2018-08-09 19:22:30 - [TEST_STEP][PASSED] - tap: Tapped on element 'Object Repository/ShopOpen/RemainingCategories/ProductCategoryAsset_BackButton'

2018-08-09 19:22:30 - [MESSAGE][WARNING] - Timeout '0' is invalid. Using default page load timeout: '5'

2018-08-09 19:22:31 - [MESSAGE][PASSED] - Tapped on element 'Object Repository/ShopOpen/RemainingCategories/ProductCategoryAsset_BackButton'

2018-08-09 19:22:31 - [TEST_STEP][PASSED] - verifyElementExist: Element 'Object Repository/ShopOpen/Validate_ShopCategoriesListScreen' is exist

2018-08-09 19:22:31 - [MESSAGE][WARNING] - Timeout '0' is invalid. Using default page load timeout: '5'

2018-08-09 19:22:34 - [MESSAGE][PASSED] - Element 'Object Repository/ShopOpen/Validate_ShopCategoriesListScreen' is exist

2018-08-09 19:22:34 - [MESSAGE][PASSED] - Call Test Case 'Test Cases/ShopOpen/RemainingCategories/VisitRemainingCategoriesWithDSA' successfully

2018-08-09 19:22:35 - [MESSAGE][PASSED] - Swiped from 0,293 to 0,200

2018-08-09 19:22:37 - [MESSAGE][PASSED] - Swiped from 0,293 to 0,200

2018-08-09 19:22:39 - [MESSAGE][PASSED] - Swiped from 0,293 to 0,200

2018-08-09 19:22:42 - [MESSAGE][PASSED] - Swiped from 0,293 to 0,200

2018-08-09 19:22:45 - [TEST_CASE][PASSED] - Test Cases/ShopOpen/RTMVisitFrequency/VisitRTMVisitFrequency: Test Cases/ShopOpen/RTMVisitFrequency/VisitRTMVisitFrequency

2018-08-09 19:22:45 - [TEST_STEP][PASSED] - verifyElementText: Actual text and expected text of test object 'Object Repository/ShopOpen/RTMVisitFrequency/Validate_RTMVisitFrequencyScreen' are matched.

2018-08-09 19:22:47 - [MESSAGE][PASSED] - Actual text and expected text of test object 'Object Repository/ShopOpen/RTMVisitFrequency/Validate_RTMVisitFrequencyScreen' are matched.

2018-08-09 19:22:47 - [TEST_STEP][PASSED] - com.ct.qa.keywords.RTMVisitFrequencyKeywords.visitRTMVisitFrequency: com.ct.qa.keywords.RTMVisitFrequencyKeywords.visitRTMVisitFrequency is PASSED

2018-08-09 19:22:48 - [MESSAGE][WARNING] - Timeout '0' is invalid. Using default page load timeout: '5'

2018-08-09 19:22:49 - [MESSAGE][PASSED] - Element 'Object Repository/ShopOpen/RTMVisitFrequency/Validate_RTMVisitFrequencyRemarks' is exist

2018-08-09 19:22:49 - [MESSAGE][WARNING] - Timeout '0' is invalid. Using default page load timeout: '5'

2018-08-09 19:22:50 - [MESSAGE][PASSED] - Tapped on element 'Object Repository/ShopOpen/RTMVisitFrequency/OnceAWeek'

2018-08-09 19:22:50 - [MESSAGE][WARNING] - Timeout '0' is invalid. Using default page load timeout: '5'

2018-08-09 19:22:52 - [MESSAGE][PASSED] - Element 'Object Repository/ShopOpen/RTMVisitFrequency/Validate_RTMVisitFrequencyRemarks' is exist

2018-08-09 19:22:52 - [MESSAGE][WARNING] - Timeout '0' is invalid. Using default page load timeout: '5'

2018-08-09 19:22:53 - [MESSAGE][PASSED] - Tapped on element 'Object Repository/ShopOpen/RTMVisitFrequency/OnceAWeek'

2018-08-09 19:22:53 - [MESSAGE][WARNING] - Timeout '0' is invalid. Using default page load timeout: '5'

2018-08-09 19:22:55 - [MESSAGE][PASSED] - Element 'Object Repository/ShopOpen/RTMVisitFrequency/Validate_RTMVisitFrequencyRemarks' is exist

2018-08-09 19:22:55 - [MESSAGE][WARNING] - Timeout '0' is invalid. Using default page load timeout: '5'

2018-08-09 19:22:55 - [MESSAGE][PASSED] - Tapped on element 'Object Repository/ShopOpen/RTMVisitFrequency/OnceAWeek'

2018-08-09 19:22:56 - [MESSAGE][WARNING] - Timeout '0' is invalid. Using default page load timeout: '5'

2018-08-09 19:22:57 - [MESSAGE][PASSED] - Element 'Object Repository/ShopOpen/RTMVisitFrequency/Validate_RTMVisitFrequencyRemarks' is exist

2018-08-09 19:22:57 - [MESSAGE][WARNING] - Timeout '0' is invalid. Using default page load timeout: '5'

2018-08-09 19:22:58 - [MESSAGE][PASSED] - Tapped on element 'Object Repository/ShopOpen/RTMVisitFrequency/OnceAWeek'

2018-08-09 19:22:58 - [MESSAGE][PASSED] - com.ct.qa.keywords.RTMVisitFrequencyKeywords.visitRTMVisitFrequency is PASSED

2018-08-09 19:22:58 - [TEST_STEP][PASSED] - tap: Tapped on element 'Object Repository/ShopOpen/RTMVisitFrequency/BackButton'

2018-08-09 19:22:58 - [MESSAGE][WARNING] - Timeout '0' is invalid. Using default page load timeout: '5'

2018-08-09 19:22:59 - [MESSAGE][PASSED] - Tapped on element 'Object Repository/ShopOpen/RTMVisitFrequency/BackButton'

2018-08-09 19:22:59 - [TEST_STEP][PASSED] - verifyElementExist: Element 'Object Repository/ShopOpen/Validate_ShopCategoriesListScreen' is exist

2018-08-09 19:22:59 - [MESSAGE][WARNING] - Timeout '0' is invalid. Using default page load timeout: '5'

2018-08-09 19:23:02 - [MESSAGE][PASSED] - Element 'Object Repository/ShopOpen/Validate_ShopCategoriesListScreen' is exist

2018-08-09 19:23:02 - [MESSAGE][PASSED] - Call Test Case 'Test Cases/ShopOpen/RTMVisitFrequency/VisitRTMVisitFrequency' successfully

2018-08-09 19:23:03 - [MESSAGE][PASSED] - Swiped from 0,293 to 0,200

2018-08-09 19:23:05 - [MESSAGE][PASSED] - Swiped from 0,293 to 0,200

2018-08-09 19:23:07 - [MESSAGE][PASSED] - Swiped from 0,293 to 0,200

2018-08-09 19:23:09 - [MESSAGE][PASSED] - Swiped from 0,293 to 0,200

2018-08-09 19:23:13 - [MESSAGE][PASSED] - Swiped from 0,293 to 0,200

2018-08-09 19:23:15 - [TEST_CASE][PASSED] - Test Cases/ShopOpen/POPApplication/OverwritePOPApplication: Test Cases/ShopOpen/POPApplication/OverwritePOPApplication

2018-08-09 19:23:15 - [TEST_STEP][PASSED] - verifyElementText: Actual text and expected text of test object 'Object Repository/ShopOpen/POPApplication/Validate_POPApplicationDetailScreen' are matched.

2018-08-09 19:23:17 - [MESSAGE][PASSED] - Actual text and expected text of test object 'Object Repository/ShopOpen/POPApplication/Validate_POPApplicationDetailScreen' are matched.

2018-08-09 19:23:17 - [TEST_STEP][PASSED] - tap: Tapped on element 'Object Repository/ShopOpen/POPApplication/POPDeployment_No'

2018-08-09 19:23:17 - [MESSAGE][WARNING] - Timeout '0' is invalid. Using default page load timeout: '5'

2018-08-09 19:23:17 - [MESSAGE][PASSED] - Tapped on element 'Object Repository/ShopOpen/POPApplication/POPDeployment_No'

2018-08-09 19:23:17 - [TEST_STEP][PASSED] - pressBack: Press back button successfully

2018-08-09 19:23:18 - [MESSAGE][PASSED] - Press back button successfully

2018-08-09 19:23:18 - [TEST_STEP][PASSED] - verifyElementExist: Element 'Object Repository/ShopOpen/Validate_ShopCategoriesListScreen' is exist

2018-08-09 19:23:18 - [MESSAGE][WARNING] - Timeout '0' is invalid. Using default page load timeout: '5'

2018-08-09 19:23:19 - [MESSAGE][PASSED] - Element 'Object Repository/ShopOpen/Validate_ShopCategoriesListScreen' is exist

2018-08-09 19:23:19 - [MESSAGE][PASSED] - Call Test Case 'Test Cases/ShopOpen/POPApplication/OverwritePOPApplication' successfully

2018-08-09 19:23:20 - [MESSAGE][PASSED] - Swiped from 0,293 to 0,200

2018-08-09 19:23:22 - [MESSAGE][PASSED] - Swiped from 0,293 to 0,200

2018-08-09 19:23:24 - [MESSAGE][PASSED] - Swiped from 0,293 to 0,200

2018-08-09 19:23:26 - [MESSAGE][PASSED] - Swiped from 0,293 to 0,200

2018-08-09 19:23:28 - [MESSAGE][PASSED] - Swiped from 0,293 to 0,200

2018-08-09 19:23:32 - [MESSAGE][PASSED] - Swiped from 0,293 to 0,200

2018-08-09 19:23:33 - [TEST_CASE][PASSED] - Test Cases/ShopOpen/RetailerRemarks/VisitRetailerRemarks: Test Cases/ShopOpen/RetailerRemarks/VisitRetailerRemarks

2018-08-09 19:23:33 - [TEST_STEP][PASSED] - verifyElementText: Actual text and expected text of test object 'Object Repository/ShopOpen/RetailerRemarks/Validate_RetailerRemarksScreen' are matched.

2018-08-09 19:23:36 - [MESSAGE][PASSED] - Actual text and expected text of test object 'Object Repository/ShopOpen/RetailerRemarks/Validate_RetailerRemarksScreen' are matched.

2018-08-09 19:23:36 - [TEST_STEP][PASSED] - com.ct.qa.keywords.RetailerRemarksKeywords.visitRetailerRemarks: com.ct.qa.keywords.RetailerRemarksKeywords.visitRetailerRemarks is PASSED

2018-08-09 19:23:36 - [MESSAGE][WARNING] - Timeout '0' is invalid. Using default page load timeout: '5'

2018-08-09 19:23:38 - [MESSAGE][PASSED] - Element 'Object Repository/ShopOpen/RetailerRemarks/OBNotVisiting' is exist

2018-08-09 19:23:38 - [MESSAGE][WARNING] - Timeout '0' is invalid. Using default page load timeout: '5'

2018-08-09 19:23:38 - [MESSAGE][PASSED] - Tapped on element 'Object Repository/ShopOpen/RetailerRemarks/OBNotVisiting'

2018-08-09 19:23:39 - [MESSAGE][PASSED] - Press back button successfully

2018-08-09 19:23:40 - [MESSAGE][PASSED] - Actual text and expected text of test object 'Object Repository/ShopOpen/RetailerRemarks/Validate_RetailerRemarksScreen' are matched.

2018-08-09 19:23:40 - [MESSAGE][WARNING] - Timeout '0' is invalid. Using default page load timeout: '5'

2018-08-09 19:23:42 - [MESSAGE][PASSED] - Element 'Object Repository/ShopOpen/RetailerRemarks/OBNotVisiting' is exist

2018-08-09 19:23:42 - [MESSAGE][WARNING] - Timeout '0' is invalid. Using default page load timeout: '5'

2018-08-09 19:23:42 - [MESSAGE][PASSED] - Tapped on element 'Object Repository/ShopOpen/RetailerRemarks/OBNotVisiting'

2018-08-09 19:23:43 - [MESSAGE][PASSED] - Press back button successfully

2018-08-09 19:23:44 - [MESSAGE][PASSED] - Actual text and expected text of test object 'Object Repository/ShopOpen/RetailerRemarks/Validate_RetailerRemarksScreen' are matched.

2018-08-09 19:23:44 - [MESSAGE][WARNING] - Timeout '0' is invalid. Using default page load timeout: '5'

2018-08-09 19:23:45 - [MESSAGE][PASSED] - Element 'Object Repository/ShopOpen/RetailerRemarks/OBNotVisiting' is exist

2018-08-09 19:23:45 - [MESSAGE][WARNING] - Timeout '0' is invalid. Using default page load timeout: '5'

2018-08-09 19:23:45 - [MESSAGE][PASSED] - Tapped on element 'Object Repository/ShopOpen/RetailerRemarks/OBNotVisiting'

2018-08-09 19:23:46 - [MESSAGE][PASSED] - Press back button successfully

2018-08-09 19:23:47 - [MESSAGE][PASSED] - Actual text and expected text of test object 'Object Repository/ShopOpen/RetailerRemarks/Validate_RetailerRemarksScreen' are matched.

2018-08-09 19:23:47 - [MESSAGE][PASSED] - com.ct.qa.keywords.RetailerRemarksKeywords.visitRetailerRemarks is PASSED

2018-08-09 19:23:47 - [TEST_STEP][PASSED] - tap: Tapped on element 'Object Repository/ShopOpen/RetailerRemarks/BackButton'

2018-08-09 19:23:47 - [MESSAGE][WARNING] - Timeout '0' is invalid. Using default page load timeout: '5'

2018-08-09 19:23:47 - [MESSAGE][PASSED] - Tapped on element 'Object Repository/ShopOpen/RetailerRemarks/BackButton'

2018-08-09 19:23:47 - [TEST_STEP][PASSED] - verifyElementExist: Element 'Object Repository/ShopOpen/Validate_ShopCategoriesListScreen' is exist

2018-08-09 19:23:47 - [MESSAGE][WARNING] - Timeout '0' is invalid. Using default page load timeout: '5'

2018-08-09 19:23:49 - [MESSAGE][PASSED] - Element 'Object Repository/ShopOpen/Validate_ShopCategoriesListScreen' is exist

2018-08-09 19:23:49 - [MESSAGE][PASSED] - Call Test Case 'Test Cases/ShopOpen/RetailerRemarks/VisitRetailerRemarks' successfully

2018-08-09 19:23:50 - [MESSAGE][PASSED] - Swiped from 0,293 to 0,200

2018-08-09 19:23:52 - [MESSAGE][PASSED] - Swiped from 0,293 to 0,200

2018-08-09 19:23:54 - [MESSAGE][PASSED] - Swiped from 0,293 to 0,200

2018-08-09 19:23:56 - [MESSAGE][PASSED] - Swiped from 0,293 to 0,200

2018-08-09 19:23:59 - [MESSAGE][PASSED] - Swiped from 0,293 to 0,200

2018-08-09 19:24:02 - [MESSAGE][PASSED] - Swiped from 0,293 to 0,200

2018-08-09 19:24:05 - [MESSAGE][PASSED] - Swiped from 0,293 to 0,200

2018-08-09 19:24:07 - [TEST_CASE][PASSED] - Test Cases/ShopOpen/AdditionalPicture/VisitAdditionalPicture: Test Cases/ShopOpen/AdditionalPicture/VisitAdditionalPicture

2018-08-09 19:24:07 - [TEST_STEP][PASSED] - verifyElementText: Actual text and expected text of test object 'Object Repository/ShopOpen/AdditionalPicture/Validate_AdditionalPictureScreen' are matched.

2018-08-09 19:24:09 - [MESSAGE][PASSED] - Actual text and expected text of test object 'Object Repository/ShopOpen/AdditionalPicture/Validate_AdditionalPictureScreen' are matched.

2018-08-09 19:24:09 - [TEST_STEP][PASSED] - com.ct.qa.keywords.AdditionalPictureKeywords.takeMendatoryImages: com.ct.qa.keywords.AdditionalPictureKeywords.takeMendatoryImages is PASSED

2018-08-09 19:24:10 - [MESSAGE][WARNING] - Timeout '0' is invalid. Using default page load timeout: '5'

2018-08-09 19:24:12 - [MESSAGE][PASSED] - Element 'Object Repository/CommonScreenElements/Validate_CameraScreen' is exist

2018-08-09 19:24:12 - [MESSAGE][WARNING] - Timeout '0' is invalid. Using default page load timeout: '5'

2018-08-09 19:24:15 - [MESSAGE][PASSED] - Tapped on element 'Object Repository/CommonScreenElements/TakePictureButton'

2018-08-09 19:24:20 - [MESSAGE][PASSED] - Delayed 5 second(s)

2018-08-09 19:24:20 - [MESSAGE][WARNING] - Timeout '0' is invalid. Using default page load timeout: '5'

2018-08-09 19:24:21 - [MESSAGE][PASSED] - Tapped on element 'Object Repository/CommonScreenElements/DoneButton'

2018-08-09 19:24:21 - [MESSAGE][PASSED] - com.ct.qa.keywords.AdditionalPictureKeywords.takeMendatoryImages is PASSED

2018-08-09 19:24:21 - [TEST_STEP][PASSED] - pressBack: Press back button successfully

2018-08-09 19:24:22 - [MESSAGE][PASSED] - Press back button successfully

2018-08-09 19:24:22 - [TEST_STEP][PASSED] - verifyElementExist: Element 'Object Repository/ShopOpen/Validate_ShopCategoriesListScreen' is exist

2018-08-09 19:24:22 - [MESSAGE][WARNING] - Timeout '0' is invalid. Using default page load timeout: '5'

2018-08-09 19:24:24 - [MESSAGE][PASSED] - Element 'Object Repository/ShopOpen/Validate_ShopCategoriesListScreen' is exist

2018-08-09 19:24:24 - [MESSAGE][PASSED] - Call Test Case 'Test Cases/ShopOpen/AdditionalPicture/VisitAdditionalPicture' successfully

2018-08-09 19:24:25 - [MESSAGE][PASSED] - Swiped from 0,293 to 0,200

2018-08-09 19:24:27 - [MESSAGE][PASSED] - Swiped from 0,293 to 0,200

2018-08-09 19:24:29 - [MESSAGE][PASSED] - Swiped from 0,293 to 0,200

2018-08-09 19:24:31 - [MESSAGE][PASSED] - Swiped from 0,293 to 0,200

2018-08-09 19:24:33 - [MESSAGE][PASSED] - Swiped from 0,293 to 0,200

2018-08-09 19:24:35 - [MESSAGE][PASSED] - Swiped from 0,293 to 0,200

2018-08-09 19:24:37 - [MESSAGE][PASSED] - Swiped from 0,293 to 0,200

2018-08-09 19:24:40 - [MESSAGE][PASSED] - Swiped from 0,293 to 0,200

2018-08-09 19:24:41 - [MESSAGE][PASSED] - com.ct.qa.keywords.CategoryVisitingScenariosKeywords.visitShopCategoriesWithDataVerification is PASSED

2018-08-09 19:24:41 - [MESSAGE][PASSED] - Call Test Case 'Test Cases/ShopOpen/VisitCategoryScenarios/VisitShopCategoriesWithDataVerification' successfully

2018-08-09 19:24:41 - [TEST_CASE][PASSED] - Test Cases/ShopOpen/SaveShop: Test Cases/ShopOpen/SaveShop

2018-08-09 19:24:41 - [TEST_STEP][PASSED] - tap: Tapped on element 'Object Repository/ShopOpen/SubmitButtonToSaveShop'

2018-08-09 19:24:41 - [MESSAGE][WARNING] - Timeout '0' is invalid. Using default page load timeout: '5'

2018-08-09 19:24:42 - [MESSAGE][PASSED] - Tapped on element 'Object Repository/ShopOpen/SubmitButtonToSaveShop'

2018-08-09 19:24:42 - [TEST_STEP][PASSED] - verifyElementExist: Element 'Object Repository/CommonScreenElements/Validate_InfoPopUP' is exist

2018-08-09 19:24:42 - [MESSAGE][WARNING] - Timeout '0' is invalid. Using default page load timeout: '5'

2018-08-09 19:24:43 - [MESSAGE][PASSED] - Element 'Object Repository/CommonScreenElements/Validate_InfoPopUP' is exist

2018-08-09 19:24:43 - [TEST_STEP][PASSED] - tap: Tapped on element 'Object Repository/CommonScreenElements/InfoPopUp_YesButton'

2018-08-09 19:24:43 - [MESSAGE][WARNING] - Timeout '0' is invalid. Using default page load timeout: '5'

2018-08-09 19:24:44 - [MESSAGE][PASSED] - Tapped on element 'Object Repository/CommonScreenElements/InfoPopUp_YesButton'

2018-08-09 19:24:44 - [TEST_STEP][PASSED] - verifyElementText: Actual text and expected text of test object 'Object Repository/Validate_ShopListScreen' are matched.

2018-08-09 19:24:45 - [MESSAGE][PASSED] - Actual text and expected text of test object 'Object Repository/Validate_ShopListScreen' are matched.

2018-08-09 19:24:45 - [MESSAGE][PASSED] - Call Test Case 'Test Cases/ShopOpen/SaveShop' successfully

2018-08-09 19:24:48 - [MESSAGE][PASSED] - Actual text and expected text of test object 'Object Repository/Validate_ShopOptionsScreen' are matched.

2018-08-09 19:24:48 - [MESSAGE][WARNING] - Timeout '0' is invalid. Using default page load timeout: '5'

2018-08-09 19:24:48 - [MESSAGE][PASSED] - Tapped on element 'Object Repository/StartWorking'

2018-08-09 19:25:03 - [MESSAGE][PASSED] - Delayed 15 second(s)

2018-08-09 19:25:04 - [MESSAGE][PASSED] - Element 'Object Repository/CommonScreenElements/Validate_MapScreen' is exist

2018-08-09 19:25:04 - [MESSAGE][WARNING] - Timeout '0' is invalid. Using default page load timeout: '5'

2018-08-09 19:25:05 - [MESSAGE][PASSED] - Tapped on element 'Object Repository/CommonScreenElements/Location_CheckIn'

2018-08-09 19:25:05 - [MESSAGE][WARNING] - Timeout '0' is invalid. Using default page load timeout: '5'

2018-08-09 19:25:06 - [MESSAGE][PASSED] - Element 'Object Repository/CommonScreenElements/Validate_InfoPopUP' is exist

2018-08-09 19:25:06 - [MESSAGE][WARNING] - Timeout '0' is invalid. Using default page load timeout: '5'

2018-08-09 19:25:07 - [MESSAGE][PASSED] - Tapped on element 'Object Repository/CommonScreenElements/InfoPopUp_NoButton'

2018-08-09 19:25:07 - [TEST_CASE][PASSED] - Test Cases/ShopOpen/VisitShopOpen: Test Cases/ShopOpen/VisitShopOpen

2018-08-09 19:25:07 - [TEST_STEP][PASSED] - verifyElementExist: Element 'Object Repository/ShopActions_List' is exist

2018-08-09 19:25:07 - [MESSAGE][WARNING] - Timeout '0' is invalid. Using default page load timeout: '5'

2018-08-09 19:25:07 - [MESSAGE][PASSED] - Element 'Object Repository/ShopActions_List' is exist

2018-08-09 19:25:07 - [TEST_STEP][PASSED] - tap: Tapped on element 'Object Repository/ShopOpen/ShopOpen'

2018-08-09 19:25:07 - [MESSAGE][WARNING] - Timeout '0' is invalid. Using default page load timeout: '5'

2018-08-09 19:25:10 - [MESSAGE][PASSED] - Tapped on element 'Object Repository/ShopOpen/ShopOpen'

2018-08-09 19:25:10 - [TEST_STEP][PASSED] - verifyElementExist: Element 'Object Repository/CommonScreenElements/Validate_CameraScreen' is exist

2018-08-09 19:25:10 - [MESSAGE][WARNING] - Timeout '0' is invalid. Using default page load timeout: '5'

2018-08-09 19:25:10 - [MESSAGE][PASSED] - Element 'Object Repository/CommonScreenElements/Validate_CameraScreen' is exist

2018-08-09 19:25:10 - [TEST_STEP][PASSED] - tap: Tapped on element 'Object Repository/CommonScreenElements/TakePictureButton'

2018-08-09 19:25:10 - [MESSAGE][WARNING] - Timeout '0' is invalid. Using default page load timeout: '5'

2018-08-09 19:25:14 - [MESSAGE][PASSED] - Tapped on element 'Object Repository/CommonScreenElements/TakePictureButton'

2018-08-09 19:25:14 - [TEST_STEP][PASSED] - delay: Delayed 5 second(s)

2018-08-09 19:25:19 - [MESSAGE][PASSED] - Delayed 5 second(s)

2018-08-09 19:25:19 - [TEST_STEP][PASSED] - tap: Tapped on element 'Object Repository/CommonScreenElements/DoneButton'

2018-08-09 19:25:19 - [MESSAGE][WARNING] - Timeout '0' is invalid. Using default page load timeout: '5'

2018-08-09 19:25:20 - [MESSAGE][PASSED] - Tapped on element 'Object Repository/CommonScreenElements/DoneButton'

2018-08-09 19:25:20 - [MESSAGE][PASSED] - Call Test Case 'Test Cases/ShopOpen/VisitShopOpen' successfully

2018-08-09 19:25:20 - [TEST_CASE][PASSED] - Test Cases/ShopOpen/VisitCategoryScenarios/VisitShopCategoriesWithDataVerification: Test Cases/ShopOpen/VisitCategoryScenarios/VisitShopCategoriesWithDataVerification

2018-08-09 19:25:20 - [TEST_STEP][PASSED] - verifyElementExist: Element 'Object Repository/ShopOpen/Validate_ShopCategoriesListScreen' is exist

2018-08-09 19:25:20 - [MESSAGE][WARNING] - Timeout '0' is invalid. Using default page load timeout: '5'

2018-08-09 19:25:22 - [MESSAGE][PASSED] - Element 'Object Repository/ShopOpen/Validate_ShopCategoriesListScreen' is exist

2018-08-09 19:25:22 - [TEST_STEP][PASSED] - com.ct.qa.keywords.CategoryVisitingScenariosKeywords.visitShopCategoriesWithDataVerification: com.ct.qa.keywords.CategoryVisitingScenariosKeywords.visitShopCategoriesWithDataVerification is PASSED

2018-08-09 19:25:26 - [MESSAGE][PASSED] - Swiped from 0,293 to 0,200

2018-08-09 19:25:30 - [MESSAGE][PASSED] - Swiped from 0,293 to 0,200

2018-08-09 19:25:34 - [MESSAGE][PASSED] - Swiped from 0,293 to 0,200

2018-08-09 19:25:37 - [MESSAGE][PASSED] - Swiped from 0,293 to 0,200

2018-08-09 19:25:40 - [MESSAGE][PASSED] - Swiped from 0,293 to 0,200

2018-08-09 19:25:43 - [MESSAGE][PASSED] - Swiped from 0,293 to 0,200

2018-08-09 19:25:46 - [MESSAGE][PASSED] - Swiped from 0,293 to 0,200

2018-08-09 19:25:49 - [MESSAGE][PASSED] - Swiped from 0,293 to 0,200

2018-08-09 19:25:53 - [MESSAGE][PASSED] - Swiped from 0,293 to 0,200

2018-08-09 19:25:55 - [MESSAGE][PASSED] - Swiped from 0,200 to 0,750

2018-08-09 19:25:56 - [MESSAGE][PASSED] - Swiped from 0,200 to 0,750

2018-08-09 19:25:58 - [TEST_CASE][PASSED] - Test Cases/ShopOpen/ChillerUtilization/VisitChillerScenarios/VisitChillerUtilizationWithDataVerification: Test Cases/ShopOpen/ChillerUtilization/VisitChillerScenarios/VisitChillerUtilizationWithDataVerification

2018-08-09 19:25:58 - [TEST_STEP][PASSED] - verifyElementText: Actual text and expected text of test object 'Object Repository/ShopOpen/ChillerUtilization/Validate_ChillerUtilizationScreen' are matched.

2018-08-09 19:26:00 - [MESSAGE][PASSED] - Actual text and expected text of test object 'Object Repository/ShopOpen/ChillerUtilization/Validate_ChillerUtilizationScreen' are matched.

2018-08-09 19:26:00 - [TEST_STEP][PASSED] - com.ct.qa.keywords.ChillerVisitingScenariosKeywords.visitChillersTaggedInChillerUtilizationWithDataVerification: com.ct.qa.keywords.ChillerVisitingScenariosKeywords.visitChillersTaggedInChillerUtilizationWithDataVerification is PASSED

2018-08-09 19:26:02 - [MESSAGE][WARNING] - Timeout '0' is invalid. Using default page load timeout: '5'

2018-08-09 19:26:03 - [MESSAGE][PASSED] - Element 'Object Repository/CommonScreenElements/Validate_CameraScreen' is exist

2018-08-09 19:26:03 - [MESSAGE][WARNING] - Timeout '0' is invalid. Using default page load timeout: '5'

2018-08-09 19:26:07 - [MESSAGE][PASSED] - Tapped on element 'Object Repository/CommonScreenElements/TakePictureButton'

2018-08-09 19:26:12 - [MESSAGE][PASSED] - Delayed 5 second(s)

2018-08-09 19:26:12 - [MESSAGE][WARNING] - Timeout '0' is invalid. Using default page load timeout: '5'

2018-08-09 19:26:12 - [MESSAGE][PASSED] - Tapped on element 'Object Repository/CommonScreenElements/DoneButton'

2018-08-09 19:26:18 - [TEST_CASE][PASSED] - Test Cases/ShopOpen/ChillerUtilization/ChillerTypeNotAvailable/VisitChillerTypeNotAvailable: Test Cases/ShopOpen/ChillerUtilization/ChillerTypeNotAvailable/VisitChillerTypeNotAvailable

2018-08-09 19:26:18 - [TEST_STEP][PASSED] - verifyElementText: Actual text and expected text of test object 'Object Repository/ShopOpen/ChillerUtilization/ChillerTypeNotAvailable/Validate_SelectAppropriateTypeScreen' are matched.

2018-08-09 19:26:18 - [MESSAGE][PASSED] - Actual text and expected text of test object 'Object Repository/ShopOpen/ChillerUtilization/ChillerTypeNotAvailable/Validate_SelectAppropriateTypeScreen' are matched.

2018-08-09 19:26:18 - [TEST_STEP][PASSED] - com.ct.qa.keywords.ChillerVisitingScenariosKeywords.selectChillerType: com.ct.qa.keywords.ChillerVisitingScenariosKeywords.selectChillerType is PASSED

2018-08-09 19:26:22 - [MESSAGE][PASSED] - com.ct.qa.keywords.ChillerVisitingScenariosKeywords.selectChillerType is PASSED

2018-08-09 19:26:22 - [TEST_STEP][PASSED] - verifyElementExist: Element 'Object Repository/CommonScreenElements/Validate_CameraScreen' is exist

2018-08-09 19:26:22 - [MESSAGE][WARNING] - Timeout '0' is invalid. Using default page load timeout: '5'

2018-08-09 19:26:23 - [MESSAGE][PASSED] - Element 'Object Repository/CommonScreenElements/Validate_CameraScreen' is exist

2018-08-09 19:26:23 - [TEST_STEP][PASSED] - tap: Tapped on element 'Object Repository/CommonScreenElements/TakePictureButton'

2018-08-09 19:26:23 - [MESSAGE][WARNING] - Timeout '0' is invalid. Using default page load timeout: '5'

2018-08-09 19:26:26 - [MESSAGE][PASSED] - Tapped on element 'Object Repository/CommonScreenElements/TakePictureButton'

2018-08-09 19:26:26 - [TEST_STEP][PASSED] - delay: Delayed 5 second(s)

2018-08-09 19:26:31 - [MESSAGE][PASSED] - Delayed 5 second(s)

2018-08-09 19:26:31 - [TEST_STEP][PASSED] - tap: Tapped on element 'Object Repository/CommonScreenElements/DoneButton'

2018-08-09 19:26:31 - [MESSAGE][WARNING] - Timeout '0' is invalid. Using default page load timeout: '5'

2018-08-09 19:26:32 - [MESSAGE][PASSED] - Tapped on element 'Object Repository/CommonScreenElements/DoneButton'

2018-08-09 19:26:32 - [TEST_STEP][PASSED] - callTestCase: Call Test Case 'Test Cases/ShopOpen/ChillerUtilization/ChillerTypeNotAvailable/VisitChillerAvailable' successfully

2018-08-09 19:26:32 - [TEST_CASE][PASSED] - Test Cases/ShopOpen/ChillerUtilization/ChillerTypeNotAvailable/VisitChillerAvailable: Test Cases/ShopOpen/ChillerUtilization/ChillerTypeNotAvailable/VisitChillerAvailable

2018-08-09 19:26:32 - [TEST_STEP][PASSED] - verifyElementExist: Element 'Object Repository/ShopOpen/ChillerUtilization/ChillerAvailable/Validate_ChillerAvailableScreen' is exist

2018-08-09 19:26:32 - [MESSAGE][WARNING] - Timeout '0' is invalid. Using default page load timeout: '5'

2018-08-09 19:26:34 - [MESSAGE][PASSED] - Element 'Object Repository/ShopOpen/ChillerUtilization/ChillerAvailable/Validate_ChillerAvailableScreen' is exist

2018-08-09 19:26:34 - [TEST_STEP][PASSED] - tap: Tapped on element 'Object Repository/ShopOpen/ChillerUtilization/ChillerAvailable/Planogram_ImageView'

2018-08-09 19:26:34 - [MESSAGE][WARNING] - Timeout '0' is invalid. Using default page load timeout: '5'

2018-08-09 19:26:34 - [MESSAGE][PASSED] - Tapped on element 'Object Repository/ShopOpen/ChillerUtilization/ChillerAvailable/Planogram_ImageView'

2018-08-09 19:26:34 - [TEST_STEP][PASSED] - com.ct.qa.keywords.CommonKeywords.checkPlanogramAvailability: com.ct.qa.keywords.CommonKeywords.checkPlanogramAvailability is PASSED

2018-08-09 19:26:34 - [MESSAGE][WARNING] - Timeout '0' is invalid. Using default page load timeout: '5'

2018-08-09 19:26:40 - [MESSAGE][WARNING] - Object Object Repository/CommonScreenElements/InfoPopUp_OKButton not found
[[ATTACHMENT|F:\\Git Projects\\MMAPlus_Merchandising\\MMAPlus_Merchandising\\Reports\\MMA Plus Merchandising With Chiller Wise Data Verification\\20180809_164504\\1533824799843.png]]

2018-08-09 19:26:40 - [MESSAGE][PASSED] - com.ct.qa.keywords.CommonKeywords.checkPlanogramAvailability is PASSED

2018-08-09 19:26:40 - [TEST_STEP][PASSED] - com.ct.qa.keywords.CommonKeywords.closePlanogram: com.ct.qa.keywords.CommonKeywords.closePlanogram is PASSED

2018-08-09 19:26:41 - [MESSAGE][PASSED] - com.ct.qa.keywords.CommonKeywords.closePlanogram is PASSED

2018-08-09 19:26:41 - [TEST_STEP][PASSED] - verifyElementExist: Element 'Object Repository/ShopOpen/ChillerUtilization/ChillerAvailable/Validate_ChillerAvailableScreen' is exist

2018-08-09 19:26:41 - [MESSAGE][WARNING] - Timeout '0' is invalid. Using default page load timeout: '5'

2018-08-09 19:26:42 - [MESSAGE][PASSED] - Element 'Object Repository/ShopOpen/ChillerUtilization/ChillerAvailable/Validate_ChillerAvailableScreen' is exist

2018-08-09 19:26:42 - [TEST_STEP][PASSED] - com.ct.qa.keywords.CommonKeywords.findPictureImageView: com.ct.qa.keywords.CommonKeywords.findPictureImageView is PASSED

2018-08-09 19:26:42 - [MESSAGE][PASSED] - com.ct.qa.keywords.CommonKeywords.findPictureImageView is PASSED

2018-08-09 19:26:42 - [TEST_STEP][PASSED] - verifyElementExist: Element 'Object Repository/ShopOpen/ChillerUtilization/ChillerAvailable/Validate_ChillerAvailableScreen' is exist

2018-08-09 19:26:42 - [MESSAGE][WARNING] - Timeout '0' is invalid. Using default page load timeout: '5'

2018-08-09 19:26:42 - [MESSAGE][PASSED] - Element 'Object Repository/ShopOpen/ChillerUtilization/ChillerAvailable/Validate_ChillerAvailableScreen' is exist

2018-08-09 19:26:42 - [TEST_STEP][PASSED] - tap: Tapped on element 'Object Repository/ShopOpen/ChillerUtilization/ChillerAvailable/Depth1_TakePicture'

2018-08-09 19:26:42 - [MESSAGE][WARNING] - Timeout '0' is invalid. Using default page load timeout: '5'

2018-08-09 19:26:44 - [MESSAGE][PASSED] - Tapped on element 'Object Repository/ShopOpen/ChillerUtilization/ChillerAvailable/Depth1_TakePicture'

2018-08-09 19:26:44 - [TEST_STEP][PASSED] - verifyElementExist: Element 'Object Repository/CommonScreenElements/Validate_CameraScreen' is exist

2018-08-09 19:26:44 - [MESSAGE][WARNING] - Timeout '0' is invalid. Using default page load timeout: '5'

2018-08-09 19:26:45 - [MESSAGE][PASSED] - Element 'Object Repository/CommonScreenElements/Validate_CameraScreen' is exist

2018-08-09 19:26:45 - [TEST_STEP][PASSED] - tap: Tapped on element 'Object Repository/CommonScreenElements/TakePictureButton'

2018-08-09 19:26:45 - [MESSAGE][WARNING] - Timeout '0' is invalid. Using default page load timeout: '5'

2018-08-09 19:26:49 - [MESSAGE][PASSED] - Tapped on element 'Object Repository/CommonScreenElements/TakePictureButton'

2018-08-09 19:26:49 - [TEST_STEP][PASSED] - delay: Delayed 5 second(s)

2018-08-09 19:26:54 - [MESSAGE][PASSED] - Delayed 5 second(s)

2018-08-09 19:26:54 - [TEST_STEP][PASSED] - tap: Tapped on element 'Object Repository/CommonScreenElements/DoneButton'

2018-08-09 19:26:54 - [MESSAGE][WARNING] - Timeout '0' is invalid. Using default page load timeout: '5'

2018-08-09 19:26:54 - [MESSAGE][PASSED] - Tapped on element 'Object Repository/CommonScreenElements/DoneButton'

2018-08-09 19:26:54 - [TEST_STEP][PASSED] - verifyElementExist: Element 'Object Repository/ShopOpen/ChillerUtilization/ChillerAvailable/Validate_ChillerAvailableScreen' is exist

2018-08-09 19:26:54 - [MESSAGE][WARNING] - Timeout '0' is invalid. Using default page load timeout: '5'

2018-08-09 19:26:55 - [MESSAGE][PASSED] - Element 'Object Repository/ShopOpen/ChillerUtilization/ChillerAvailable/Validate_ChillerAvailableScreen' is exist

2018-08-09 19:26:55 - [TEST_STEP][PASSED] - tap: Tapped on element 'Object Repository/ShopOpen/ChillerUtilization/ChillerAvailable/Depth2TakePicture'

2018-08-09 19:26:55 - [MESSAGE][WARNING] - Timeout '0' is invalid. Using default page load timeout: '5'

2018-08-09 19:26:56 - [MESSAGE][PASSED] - Tapped on element 'Object Repository/ShopOpen/ChillerUtilization/ChillerAvailable/Depth2TakePicture'

2018-08-09 19:26:56 - [TEST_STEP][PASSED] - verifyElementExist: Element 'Object Repository/CommonScreenElements/Validate_CameraScreen' is exist

2018-08-09 19:26:56 - [MESSAGE][WARNING] - Timeout '0' is invalid. Using default page load timeout: '5'

2018-08-09 19:26:57 - [MESSAGE][PASSED] - Element 'Object Repository/CommonScreenElements/Validate_CameraScreen' is exist

2018-08-09 19:26:57 - [TEST_STEP][PASSED] - tap: Tapped on element 'Object Repository/CommonScreenElements/TakePictureButton'

2018-08-09 19:26:57 - [MESSAGE][WARNING] - Timeout '0' is invalid. Using default page load timeout: '5'

2018-08-09 19:27:01 - [MESSAGE][PASSED] - Tapped on element 'Object Repository/CommonScreenElements/TakePictureButton'

2018-08-09 19:27:01 - [TEST_STEP][PASSED] - delay: Delayed 5 second(s)

2018-08-09 19:27:06 - [MESSAGE][PASSED] - Delayed 5 second(s)

2018-08-09 19:27:06 - [TEST_STEP][PASSED] - tap: Tapped on element 'Object Repository/CommonScreenElements/DoneButton'

2018-08-09 19:27:06 - [MESSAGE][WARNING] - Timeout '0' is invalid. Using default page load timeout: '5'

2018-08-09 19:27:06 - [MESSAGE][PASSED] - Tapped on element 'Object Repository/CommonScreenElements/DoneButton'

2018-08-09 19:27:06 - [TEST_STEP][PASSED] - verifyElementExist: Element 'Object Repository/ShopOpen/ChillerUtilization/ChillerAvailable/Validate_ChillerAvailableScreen' is exist

2018-08-09 19:27:06 - [MESSAGE][WARNING] - Timeout '0' is invalid. Using default page load timeout: '5'

2018-08-09 19:27:07 - [MESSAGE][PASSED] - Element 'Object Repository/ShopOpen/ChillerUtilization/ChillerAvailable/Validate_ChillerAvailableScreen' is exist

2018-08-09 19:27:07 - [TEST_STEP][PASSED] - tap: Tapped on element 'Object Repository/ShopOpen/ChillerUtilization/ChillerAvailable/NextButton'

2018-08-09 19:27:07 - [MESSAGE][WARNING] - Timeout '0' is invalid. Using default page load timeout: '5'

2018-08-09 19:27:08 - [MESSAGE][PASSED] - Tapped on element 'Object Repository/ShopOpen/ChillerUtilization/ChillerAvailable/NextButton'

2018-08-09 19:27:08 - [TEST_STEP][PASSED] - verifyElementText: Actual text and expected text of test object 'Object Repository/ShopOpen/ChillerUtilization/ChillerAvailable/Validate_ChillerProductsCategoriesScreen' are matched.

2018-08-09 19:27:10 - [MESSAGE][PASSED] - Actual text and expected text of test object 'Object Repository/ShopOpen/ChillerUtilization/ChillerAvailable/Validate_ChillerProductsCategoriesScreen' are matched.

2018-08-09 19:27:10 - [TEST_STEP][PASSED] - com.ct.qa.keywords.ChillerProductsDataKeywords.visitChillerAvailableProductCategories: com.ct.qa.keywords.ChillerProductsDataKeywords.visitChillerAvailableProductCategories is PASSED

2018-08-09 19:27:12 - [TEST_CASE][PASSED] - Test Cases/ShopOpen/ChillerUtilization/ChillerAvailable/VisitProductCategoryAssets: Test Cases/ShopOpen/ChillerUtilization/ChillerAvailable/VisitProductCategoryAssets

2018-08-09 19:27:12 - [TEST_STEP][PASSED] - verifyElementText: Actual text and expected text of test object 'Object Repository/ShopOpen/ChillerUtilization/ChillerAvailable/Validate_ProductCategoryAssetScreen' are matched.

2018-08-09 19:27:15 - [MESSAGE][PASSED] - Actual text and expected text of test object 'Object Repository/ShopOpen/ChillerUtilization/ChillerAvailable/Validate_ProductCategoryAssetScreen' are matched.

2018-08-09 19:27:15 - [TEST_STEP][PASSED] - tap: Tapped on element 'Object Repository/ShopOpen/ChillerUtilization/ChillerAvailable/Facing'

2018-08-09 19:27:15 - [MESSAGE][WARNING] - Timeout '0' is invalid. Using default page load timeout: '5'

2018-08-09 19:27:15 - [MESSAGE][PASSED] - Tapped on element 'Object Repository/ShopOpen/ChillerUtilization/ChillerAvailable/Facing'

2018-08-09 19:27:15 - [TEST_STEP][PASSED] - verifyElementText: Actual text and expected text of test object 'Object Repository/ShopOpen/ChillerUtilization/ChillerAvailable/Validate_FacingScreen' are matched.

2018-08-09 19:27:17 - [MESSAGE][PASSED] - Actual text and expected text of test object 'Object Repository/ShopOpen/ChillerUtilization/ChillerAvailable/Validate_FacingScreen' are matched.

2018-08-09 19:27:17 - [TEST_STEP][PASSED] - com.ct.qa.keywords.ChillerProductsDataKeywords.visitChillerAvailableProductsData: com.ct.qa.keywords.ChillerProductsDataKeywords.visitChillerAvailableProductsData is PASSED

2018-08-09 19:27:20 - [MESSAGE][PASSED] - Keyboard is hidden

2018-08-09 19:27:21 - [MESSAGE][PASSED] - com.ct.qa.keywords.ChillerProductsDataKeywords.visitChillerAvailableProductsData is PASSED

2018-08-09 19:27:21 - [TEST_STEP][PASSED] - tap: Tapped on element 'Object Repository/ShopOpen/ChillerUtilization/ChillerAvailable/SubmitButton'

2018-08-09 19:27:21 - [MESSAGE][WARNING] - Timeout '0' is invalid. Using default page load timeout: '5'

2018-08-09 19:27:21 - [MESSAGE][PASSED] - Tapped on element 'Object Repository/ShopOpen/ChillerUtilization/ChillerAvailable/SubmitButton'

2018-08-09 19:27:21 - [TEST_STEP][PASSED] - verifyElementText: Actual text and expected text of test object 'Object Repository/ShopOpen/ChillerUtilization/ChillerAvailable/Validate_ProductCategoryAssetScreen' are matched.

2018-08-09 19:27:22 - [MESSAGE][PASSED] - Actual text and expected text of test object 'Object Repository/ShopOpen/ChillerUtilization/ChillerAvailable/Validate_ProductCategoryAssetScreen' are matched.

2018-08-09 19:27:22 - [TEST_STEP][PASSED] - tap: Tapped on element 'Object Repository/ShopOpen/ChillerUtilization/ChillerAvailable/Depth'

2018-08-09 19:27:22 - [MESSAGE][WARNING] - Timeout '0' is invalid. Using default page load timeout: '5'

2018-08-09 19:27:22 - [MESSAGE][PASSED] - Tapped on element 'Object Repository/ShopOpen/ChillerUtilization/ChillerAvailable/Depth'

2018-08-09 19:27:22 - [TEST_STEP][PASSED] - verifyElementText: Actual text and expected text of test object 'Object Repository/ShopOpen/ChillerUtilization/ChillerAvailable/Validate_DepthScreen' are matched.

2018-08-09 19:27:25 - [MESSAGE][PASSED] - Actual text and expected text of test object 'Object Repository/ShopOpen/ChillerUtilization/ChillerAvailable/Validate_DepthScreen' are matched.

2018-08-09 19:27:25 - [TEST_STEP][PASSED] - com.ct.qa.keywords.ChillerProductsDataKeywords.visitChillerAvailableProductsData: com.ct.qa.keywords.ChillerProductsDataKeywords.visitChillerAvailableProductsData is PASSED

2018-08-09 19:27:28 - [MESSAGE][PASSED] - Keyboard is hidden

2018-08-09 19:27:29 - [MESSAGE][PASSED] - com.ct.qa.keywords.ChillerProductsDataKeywords.visitChillerAvailableProductsData is PASSED

2018-08-09 19:27:29 - [TEST_STEP][PASSED] - tap: Tapped on element 'Object Repository/ShopOpen/ChillerUtilization/ChillerAvailable/SubmitButton'

2018-08-09 19:27:29 - [MESSAGE][WARNING] - Timeout '0' is invalid. Using default page load timeout: '5'

2018-08-09 19:27:29 - [MESSAGE][PASSED] - Tapped on element 'Object Repository/ShopOpen/ChillerUtilization/ChillerAvailable/SubmitButton'

2018-08-09 19:27:29 - [TEST_STEP][PASSED] - verifyElementText: Actual text and expected text of test object 'Object Repository/ShopOpen/ChillerUtilization/ChillerAvailable/Validate_ProductCategoryAssetScreen' are matched.

2018-08-09 19:27:30 - [MESSAGE][PASSED] - Actual text and expected text of test object 'Object Repository/ShopOpen/ChillerUtilization/ChillerAvailable/Validate_ProductCategoryAssetScreen' are matched.

2018-08-09 19:27:30 - [TEST_STEP][PASSED] - tap: Tapped on element 'Object Repository/ShopOpen/ChillerUtilization/ChillerAvailable/StockCount'

2018-08-09 19:27:30 - [MESSAGE][WARNING] - Timeout '0' is invalid. Using default page load timeout: '5'

2018-08-09 19:27:31 - [MESSAGE][PASSED] - Tapped on element 'Object Repository/ShopOpen/ChillerUtilization/ChillerAvailable/StockCount'

2018-08-09 19:27:31 - [TEST_STEP][PASSED] - verifyElementText: Actual text and expected text of test object 'Object Repository/ShopOpen/ChillerUtilization/ChillerAvailable/Validate_StockCountScreen' are matched.

2018-08-09 19:27:33 - [MESSAGE][PASSED] - Actual text and expected text of test object 'Object Repository/ShopOpen/ChillerUtilization/ChillerAvailable/Validate_StockCountScreen' are matched.

2018-08-09 19:27:33 - [TEST_STEP][PASSED] - com.ct.qa.keywords.ChillerProductsDataKeywords.visitChillerAvailableProductsData: com.ct.qa.keywords.ChillerProductsDataKeywords.visitChillerAvailableProductsData is PASSED

2018-08-09 19:27:36 - [MESSAGE][PASSED] - Keyboard is hidden

2018-08-09 19:27:37 - [MESSAGE][PASSED] - com.ct.qa.keywords.ChillerProductsDataKeywords.visitChillerAvailableProductsData is PASSED

2018-08-09 19:27:37 - [TEST_STEP][PASSED] - tap: Tapped on element 'Object Repository/ShopOpen/ChillerUtilization/ChillerAvailable/SubmitButton'

2018-08-09 19:27:37 - [MESSAGE][WARNING] - Timeout '0' is invalid. Using default page load timeout: '5'

2018-08-09 19:27:37 - [MESSAGE][PASSED] - Tapped on element 'Object Repository/ShopOpen/ChillerUtilization/ChillerAvailable/SubmitButton'

2018-08-09 19:27:37 - [TEST_STEP][PASSED] - verifyElementText: Actual text and expected text of test object 'Object Repository/ShopOpen/ChillerUtilization/ChillerAvailable/Validate_ProductCategoryAssetScreen' are matched.

2018-08-09 19:27:38 - [MESSAGE][PASSED] - Actual text and expected text of test object 'Object Repository/ShopOpen/ChillerUtilization/ChillerAvailable/Validate_ProductCategoryAssetScreen' are matched.

2018-08-09 19:27:38 - [TEST_STEP][PASSED] - tap: Tapped on element 'Object Repository/ShopOpen/ChillerUtilization/ChillerAvailable/PorductCategoryActions_BackButton'

2018-08-09 19:27:38 - [MESSAGE][WARNING] - Timeout '0' is invalid. Using default page load timeout: '5'

2018-08-09 19:27:38 - [MESSAGE][PASSED] - Tapped on element 'Object Repository/ShopOpen/ChillerUtilization/ChillerAvailable/PorductCategoryActions_BackButton'

2018-08-09 19:27:38 - [TEST_STEP][PASSED] - verifyElementText: Actual text and expected text of test object 'Object Repository/ShopOpen/ChillerUtilization/ChillerAvailable/Validate_ChillerProductsCategoriesScreen' are matched.

2018-08-09 19:27:40 - [MESSAGE][PASSED] - Actual text and expected text of test object 'Object Repository/ShopOpen/ChillerUtilization/ChillerAvailable/Validate_ChillerProductsCategoriesScreen' are matched.

2018-08-09 19:27:40 - [MESSAGE][PASSED] - Call Test Case 'Test Cases/ShopOpen/ChillerUtilization/ChillerAvailable/VisitProductCategoryAssets' successfully

2018-08-09 19:27:40 - [TEST_CASE][PASSED] - Test Cases/ShopOpen/ChillerUtilization/ChillerAvailable/VisitProductCategoryAssets: Test Cases/ShopOpen/ChillerUtilization/ChillerAvailable/VisitProductCategoryAssets

2018-08-09 19:27:40 - [TEST_STEP][PASSED] - verifyElementText: Actual text and expected text of test object 'Object Repository/ShopOpen/ChillerUtilization/ChillerAvailable/Validate_ProductCategoryAssetScreen' are matched.

2018-08-09 19:27:43 - [MESSAGE][PASSED] - Actual text and expected text of test object 'Object Repository/ShopOpen/ChillerUtilization/ChillerAvailable/Validate_ProductCategoryAssetScreen' are matched.

2018-08-09 19:27:43 - [TEST_STEP][PASSED] - tap: Tapped on element 'Object Repository/ShopOpen/ChillerUtilization/ChillerAvailable/Facing'

2018-08-09 19:27:43 - [MESSAGE][WARNING] - Timeout '0' is invalid. Using default page load timeout: '5'

2018-08-09 19:27:43 - [MESSAGE][PASSED] - Tapped on element 'Object Repository/ShopOpen/ChillerUtilization/ChillerAvailable/Facing'

2018-08-09 19:27:43 - [TEST_STEP][PASSED] - verifyElementText: Actual text and expected text of test object 'Object Repository/ShopOpen/ChillerUtilization/ChillerAvailable/Validate_FacingScreen' are matched.

2018-08-09 19:27:45 - [MESSAGE][PASSED] - Actual text and expected text of test object 'Object Repository/ShopOpen/ChillerUtilization/ChillerAvailable/Validate_FacingScreen' are matched.

2018-08-09 19:27:45 - [TEST_STEP][PASSED] - com.ct.qa.keywords.ChillerProductsDataKeywords.visitChillerAvailableProductsData: com.ct.qa.keywords.ChillerProductsDataKeywords.visitChillerAvailableProductsData is PASSED

2018-08-09 19:27:49 - [MESSAGE][PASSED] - Keyboard is hidden

2018-08-09 19:27:52 - [MESSAGE][PASSED] - Keyboard is hidden

2018-08-09 19:27:55 - [MESSAGE][PASSED] - Keyboard is hidden

2018-08-09 19:27:58 - [MESSAGE][PASSED] - Keyboard is hidden

2018-08-09 19:28:01 - [MESSAGE][PASSED] - Keyboard is hidden

2018-08-09 19:28:04 - [MESSAGE][PASSED] - Keyboard is hidden

2018-08-09 19:28:07 - [MESSAGE][PASSED] - Swiped from 50,359 to 50,250

2018-08-09 19:28:10 - [MESSAGE][PASSED] - Keyboard is hidden

2018-08-09 19:28:12 - [MESSAGE][PASSED] - Swiped from 50,359 to 50,250

2018-08-09 19:28:15 - [MESSAGE][PASSED] - Keyboard is hidden

2018-08-09 19:28:17 - [MESSAGE][PASSED] - Swiped from 50,359 to 50,250

2018-08-09 19:28:20 - [MESSAGE][PASSED] - Keyboard is hidden

2018-08-09 19:28:22 - [MESSAGE][PASSED] - Swiped from 50,359 to 50,250

2018-08-09 19:28:25 - [MESSAGE][PASSED] - Keyboard is hidden

2018-08-09 19:28:27 - [MESSAGE][PASSED] - Swiped from 50,359 to 50,250

2018-08-09 19:28:30 - [MESSAGE][PASSED] - Keyboard is hidden

2018-08-09 19:28:32 - [MESSAGE][PASSED] - Swiped from 50,359 to 50,250

2018-08-09 19:28:35 - [MESSAGE][PASSED] - Keyboard is hidden

2018-08-09 19:28:37 - [MESSAGE][PASSED] - Swiped from 50,359 to 50,250

2018-08-09 19:28:38 - [MESSAGE][PASSED] - com.ct.qa.keywords.ChillerProductsDataKeywords.visitChillerAvailableProductsData is PASSED

2018-08-09 19:28:38 - [TEST_STEP][PASSED] - tap: Tapped on element 'Object Repository/ShopOpen/ChillerUtilization/ChillerAvailable/SubmitButton'

2018-08-09 19:28:38 - [MESSAGE][WARNING] - Timeout '0' is invalid. Using default page load timeout: '5'

2018-08-09 19:28:38 - [MESSAGE][PASSED] - Tapped on element 'Object Repository/ShopOpen/ChillerUtilization/ChillerAvailable/SubmitButton'

2018-08-09 19:28:38 - [TEST_STEP][PASSED] - verifyElementText: Actual text and expected text of test object 'Object Repository/ShopOpen/ChillerUtilization/ChillerAvailable/Validate_ProductCategoryAssetScreen' are matched.

2018-08-09 19:28:39 - [MESSAGE][PASSED] - Actual text and expected text of test object 'Object Repository/ShopOpen/ChillerUtilization/ChillerAvailable/Validate_ProductCategoryAssetScreen' are matched.

2018-08-09 19:28:39 - [TEST_STEP][PASSED] - tap: Tapped on element 'Object Repository/ShopOpen/ChillerUtilization/ChillerAvailable/Depth'

2018-08-09 19:28:39 - [MESSAGE][WARNING] - Timeout '0' is invalid. Using default page load timeout: '5'

2018-08-09 19:28:40 - [MESSAGE][PASSED] - Tapped on element 'Object Repository/ShopOpen/ChillerUtilization/ChillerAvailable/Depth'

2018-08-09 19:28:40 - [TEST_STEP][PASSED] - verifyElementText: Actual text and expected text of test object 'Object Repository/ShopOpen/ChillerUtilization/ChillerAvailable/Validate_DepthScreen' are matched.

2018-08-09 19:28:42 - [MESSAGE][PASSED] - Actual text and expected text of test object 'Object Repository/ShopOpen/ChillerUtilization/ChillerAvailable/Validate_DepthScreen' are matched.

2018-08-09 19:28:42 - [TEST_STEP][PASSED] - com.ct.qa.keywords.ChillerProductsDataKeywords.visitChillerAvailableProductsData: com.ct.qa.keywords.ChillerProductsDataKeywords.visitChillerAvailableProductsData is PASSED

2018-08-09 19:28:47 - [MESSAGE][PASSED] - Keyboard is hidden

2018-08-09 19:28:50 - [MESSAGE][PASSED] - Keyboard is hidden

2018-08-09 19:28:53 - [MESSAGE][PASSED] - Keyboard is hidden

2018-08-09 19:28:56 - [MESSAGE][PASSED] - Keyboard is hidden

2018-08-09 19:28:59 - [MESSAGE][PASSED] - Keyboard is hidden

2018-08-09 19:29:02 - [MESSAGE][PASSED] - Keyboard is hidden

2018-08-09 19:29:06 - [MESSAGE][PASSED] - Swiped from 50,359 to 50,250

2018-08-09 19:29:09 - [MESSAGE][PASSED] - Keyboard is hidden

2018-08-09 19:29:11 - [MESSAGE][PASSED] - Swiped from 50,359 to 50,250

2018-08-09 19:29:14 - [MESSAGE][PASSED] - Keyboard is hidden

2018-08-09 19:29:16 - [MESSAGE][PASSED] - Swiped from 50,359 to 50,250

2018-08-09 19:29:19 - [MESSAGE][PASSED] - Keyboard is hidden

2018-08-09 19:29:21 - [MESSAGE][PASSED] - Swiped from 50,359 to 50,250

2018-08-09 19:29:24 - [MESSAGE][PASSED] - Keyboard is hidden

2018-08-09 19:29:26 - [MESSAGE][PASSED] - Swiped from 50,359 to 50,250

2018-08-09 19:29:29 - [MESSAGE][PASSED] - Keyboard is hidden

2018-08-09 19:29:31 - [MESSAGE][PASSED] - Swiped from 50,359 to 50,250

2018-08-09 19:29:34 - [MESSAGE][PASSED] - Keyboard is hidden

2018-08-09 19:29:36 - [MESSAGE][PASSED] - Swiped from 50,359 to 50,250

2018-08-09 19:29:37 - [MESSAGE][PASSED] - com.ct.qa.keywords.ChillerProductsDataKeywords.visitChillerAvailableProductsData is PASSED

2018-08-09 19:29:37 - [TEST_STEP][PASSED] - tap: Tapped on element 'Object Repository/ShopOpen/ChillerUtilization/ChillerAvailable/SubmitButton'

2018-08-09 19:29:37 - [MESSAGE][WARNING] - Timeout '0' is invalid. Using default page load timeout: '5'

2018-08-09 19:29:37 - [MESSAGE][PASSED] - Tapped on element 'Object Repository/ShopOpen/ChillerUtilization/ChillerAvailable/SubmitButton'

2018-08-09 19:29:37 - [TEST_STEP][PASSED] - verifyElementText: Actual text and expected text of test object 'Object Repository/ShopOpen/ChillerUtilization/ChillerAvailable/Validate_ProductCategoryAssetScreen' are matched.

2018-08-09 19:29:38 - [MESSAGE][PASSED] - Actual text and expected text of test object 'Object Repository/ShopOpen/ChillerUtilization/ChillerAvailable/Validate_ProductCategoryAssetScreen' are matched.

2018-08-09 19:29:38 - [TEST_STEP][PASSED] - tap: Tapped on element 'Object Repository/ShopOpen/ChillerUtilization/ChillerAvailable/StockCount'

2018-08-09 19:29:38 - [MESSAGE][WARNING] - Timeout '0' is invalid. Using default page load timeout: '5'

2018-08-09 19:29:39 - [MESSAGE][PASSED] - Tapped on element 'Object Repository/ShopOpen/ChillerUtilization/ChillerAvailable/StockCount'

2018-08-09 19:29:39 - [TEST_STEP][PASSED] - verifyElementText: Actual text and expected text of test object 'Object Repository/ShopOpen/ChillerUtilization/ChillerAvailable/Validate_StockCountScreen' are matched.

2018-08-09 19:29:41 - [MESSAGE][PASSED] - Actual text and expected text of test object 'Object Repository/ShopOpen/ChillerUtilization/ChillerAvailable/Validate_StockCountScreen' are matched.

2018-08-09 19:29:41 - [TEST_STEP][PASSED] - com.ct.qa.keywords.ChillerProductsDataKeywords.visitChillerAvailableProductsData: com.ct.qa.keywords.ChillerProductsDataKeywords.visitChillerAvailableProductsData is PASSED

2018-08-09 19:29:45 - [MESSAGE][PASSED] - Keyboard is hidden

2018-08-09 19:29:48 - [MESSAGE][PASSED] - Keyboard is hidden

2018-08-09 19:29:51 - [MESSAGE][PASSED] - Keyboard is hidden

2018-08-09 19:29:54 - [MESSAGE][PASSED] - Keyboard is hidden

2018-08-09 19:29:57 - [MESSAGE][PASSED] - Keyboard is hidden

2018-08-09 19:30:00 - [MESSAGE][PASSED] - Keyboard is hidden

2018-08-09 19:30:03 - [MESSAGE][PASSED] - Swiped from 50,359 to 50,250

2018-08-09 19:30:06 - [MESSAGE][PASSED] - Keyboard is hidden

2018-08-09 19:30:08 - [MESSAGE][PASSED] - Swiped from 50,359 to 50,250

2018-08-09 19:30:11 - [MESSAGE][PASSED] - Keyboard is hidden

2018-08-09 19:30:13 - [MESSAGE][PASSED] - Swiped from 50,359 to 50,250

2018-08-09 19:30:16 - [MESSAGE][PASSED] - Keyboard is hidden

2018-08-09 19:30:18 - [MESSAGE][PASSED] - Swiped from 50,359 to 50,250

2018-08-09 19:30:21 - [MESSAGE][PASSED] - Keyboard is hidden

2018-08-09 19:30:23 - [MESSAGE][PASSED] - Swiped from 50,359 to 50,250

2018-08-09 19:30:26 - [MESSAGE][PASSED] - Keyboard is hidden

2018-08-09 19:30:28 - [MESSAGE][PASSED] - Swiped from 50,359 to 50,250

2018-08-09 19:30:31 - [MESSAGE][PASSED] - Keyboard is hidden

2018-08-09 19:30:33 - [MESSAGE][PASSED] - Swiped from 50,359 to 50,250

2018-08-09 19:30:34 - [MESSAGE][PASSED] - com.ct.qa.keywords.ChillerProductsDataKeywords.visitChillerAvailableProductsData is PASSED

2018-08-09 19:30:34 - [TEST_STEP][PASSED] - tap: Tapped on element 'Object Repository/ShopOpen/ChillerUtilization/ChillerAvailable/SubmitButton'

2018-08-09 19:30:34 - [MESSAGE][WARNING] - Timeout '0' is invalid. Using default page load timeout: '5'

2018-08-09 19:30:34 - [MESSAGE][PASSED] - Tapped on element 'Object Repository/ShopOpen/ChillerUtilization/ChillerAvailable/SubmitButton'

2018-08-09 19:30:34 - [TEST_STEP][PASSED] - verifyElementText: Actual text and expected text of test object 'Object Repository/ShopOpen/ChillerUtilization/ChillerAvailable/Validate_ProductCategoryAssetScreen' are matched.

2018-08-09 19:30:35 - [MESSAGE][PASSED] - Actual text and expected text of test object 'Object Repository/ShopOpen/ChillerUtilization/ChillerAvailable/Validate_ProductCategoryAssetScreen' are matched.

2018-08-09 19:30:35 - [TEST_STEP][PASSED] - tap: Tapped on element 'Object Repository/ShopOpen/ChillerUtilization/ChillerAvailable/PorductCategoryActions_BackButton'

2018-08-09 19:30:35 - [MESSAGE][WARNING] - Timeout '0' is invalid. Using default page load timeout: '5'

2018-08-09 19:30:35 - [MESSAGE][PASSED] - Tapped on element 'Object Repository/ShopOpen/ChillerUtilization/ChillerAvailable/PorductCategoryActions_BackButton'

2018-08-09 19:30:35 - [TEST_STEP][PASSED] - verifyElementText: Actual text and expected text of test object 'Object Repository/ShopOpen/ChillerUtilization/ChillerAvailable/Validate_ChillerProductsCategoriesScreen' are matched.

2018-08-09 19:30:37 - [MESSAGE][PASSED] - Actual text and expected text of test object 'Object Repository/ShopOpen/ChillerUtilization/ChillerAvailable/Validate_ChillerProductsCategoriesScreen' are matched.

2018-08-09 19:30:37 - [MESSAGE][PASSED] - Call Test Case 'Test Cases/ShopOpen/ChillerUtilization/ChillerAvailable/VisitProductCategoryAssets' successfully

2018-08-09 19:30:37 - [TEST_CASE][PASSED] - Test Cases/ShopOpen/ChillerUtilization/ChillerAvailable/VisitProductCategoryAssets: Test Cases/ShopOpen/ChillerUtilization/ChillerAvailable/VisitProductCategoryAssets

2018-08-09 19:30:37 - [TEST_STEP][PASSED] - verifyElementText: Actual text and expected text of test object 'Object Repository/ShopOpen/ChillerUtilization/ChillerAvailable/Validate_ProductCategoryAssetScreen' are matched.

2018-08-09 19:30:40 - [MESSAGE][PASSED] - Actual text and expected text of test object 'Object Repository/ShopOpen/ChillerUtilization/ChillerAvailable/Validate_ProductCategoryAssetScreen' are matched.

2018-08-09 19:30:40 - [TEST_STEP][PASSED] - tap: Tapped on element 'Object Repository/ShopOpen/ChillerUtilization/ChillerAvailable/Facing'

2018-08-09 19:30:40 - [MESSAGE][WARNING] - Timeout '0' is invalid. Using default page load timeout: '5'

2018-08-09 19:30:40 - [MESSAGE][PASSED] - Tapped on element 'Object Repository/ShopOpen/ChillerUtilization/ChillerAvailable/Facing'

2018-08-09 19:30:40 - [TEST_STEP][PASSED] - verifyElementText: Actual text and expected text of test object 'Object Repository/ShopOpen/ChillerUtilization/ChillerAvailable/Validate_FacingScreen' are matched.

2018-08-09 19:30:42 - [MESSAGE][PASSED] - Actual text and expected text of test object 'Object Repository/ShopOpen/ChillerUtilization/ChillerAvailable/Validate_FacingScreen' are matched.

2018-08-09 19:30:42 - [TEST_STEP][PASSED] - com.ct.qa.keywords.ChillerProductsDataKeywords.visitChillerAvailableProductsData: com.ct.qa.keywords.ChillerProductsDataKeywords.visitChillerAvailableProductsData is PASSED

2018-08-09 19:30:45 - [MESSAGE][PASSED] - Keyboard is hidden

2018-08-09 19:30:48 - [MESSAGE][PASSED] - Keyboard is hidden

2018-08-09 19:30:49 - [MESSAGE][PASSED] - com.ct.qa.keywords.ChillerProductsDataKeywords.visitChillerAvailableProductsData is PASSED

2018-08-09 19:30:49 - [TEST_STEP][PASSED] - tap: Tapped on element 'Object Repository/ShopOpen/ChillerUtilization/ChillerAvailable/SubmitButton'

2018-08-09 19:30:49 - [MESSAGE][WARNING] - Timeout '0' is invalid. Using default page load timeout: '5'

2018-08-09 19:30:49 - [MESSAGE][PASSED] - Tapped on element 'Object Repository/ShopOpen/ChillerUtilization/ChillerAvailable/SubmitButton'

2018-08-09 19:30:49 - [TEST_STEP][PASSED] - verifyElementText: Actual text and expected text of test object 'Object Repository/ShopOpen/ChillerUtilization/ChillerAvailable/Validate_ProductCategoryAssetScreen' are matched.

2018-08-09 19:30:50 - [MESSAGE][PASSED] - Actual text and expected text of test object 'Object Repository/ShopOpen/ChillerUtilization/ChillerAvailable/Validate_ProductCategoryAssetScreen' are matched.

2018-08-09 19:30:50 - [TEST_STEP][PASSED] - tap: Tapped on element 'Object Repository/ShopOpen/ChillerUtilization/ChillerAvailable/Depth'

2018-08-09 19:30:50 - [MESSAGE][WARNING] - Timeout '0' is invalid. Using default page load timeout: '5'

2018-08-09 19:30:51 - [MESSAGE][PASSED] - Tapped on element 'Object Repository/ShopOpen/ChillerUtilization/ChillerAvailable/Depth'

2018-08-09 19:30:51 - [TEST_STEP][PASSED] - verifyElementText: Actual text and expected text of test object 'Object Repository/ShopOpen/ChillerUtilization/ChillerAvailable/Validate_DepthScreen' are matched.

2018-08-09 19:30:53 - [MESSAGE][PASSED] - Actual text and expected text of test object 'Object Repository/ShopOpen/ChillerUtilization/ChillerAvailable/Validate_DepthScreen' are matched.

2018-08-09 19:30:53 - [TEST_STEP][PASSED] - com.ct.qa.keywords.ChillerProductsDataKeywords.visitChillerAvailableProductsData: com.ct.qa.keywords.ChillerProductsDataKeywords.visitChillerAvailableProductsData is PASSED

2018-08-09 19:30:56 - [MESSAGE][PASSED] - Keyboard is hidden

2018-08-09 19:30:59 - [MESSAGE][PASSED] - Keyboard is hidden

2018-08-09 19:31:00 - [MESSAGE][PASSED] - com.ct.qa.keywords.ChillerProductsDataKeywords.visitChillerAvailableProductsData is PASSED

2018-08-09 19:31:00 - [TEST_STEP][PASSED] - tap: Tapped on element 'Object Repository/ShopOpen/ChillerUtilization/ChillerAvailable/SubmitButton'

2018-08-09 19:31:00 - [MESSAGE][WARNING] - Timeout '0' is invalid. Using default page load timeout: '5'

2018-08-09 19:31:01 - [MESSAGE][PASSED] - Tapped on element 'Object Repository/ShopOpen/ChillerUtilization/ChillerAvailable/SubmitButton'

2018-08-09 19:31:01 - [TEST_STEP][PASSED] - verifyElementText: Actual text and expected text of test object 'Object Repository/ShopOpen/ChillerUtilization/ChillerAvailable/Validate_ProductCategoryAssetScreen' are matched.

2018-08-09 19:31:02 - [MESSAGE][PASSED] - Actual text and expected text of test object 'Object Repository/ShopOpen/ChillerUtilization/ChillerAvailable/Validate_ProductCategoryAssetScreen' are matched.

2018-08-09 19:31:02 - [TEST_STEP][PASSED] - tap: Tapped on element 'Object Repository/ShopOpen/ChillerUtilization/ChillerAvailable/StockCount'

2018-08-09 19:31:02 - [MESSAGE][WARNING] - Timeout '0' is invalid. Using default page load timeout: '5'

2018-08-09 19:31:02 - [MESSAGE][PASSED] - Tapped on element 'Object Repository/ShopOpen/ChillerUtilization/ChillerAvailable/StockCount'

2018-08-09 19:31:02 - [TEST_STEP][PASSED] - verifyElementText: Actual text and expected text of test object 'Object Repository/ShopOpen/ChillerUtilization/ChillerAvailable/Validate_StockCountScreen' are matched.

2018-08-09 19:31:05 - [MESSAGE][PASSED] - Actual text and expected text of test object 'Object Repository/ShopOpen/ChillerUtilization/ChillerAvailable/Validate_StockCountScreen' are matched.

2018-08-09 19:31:05 - [TEST_STEP][PASSED] - com.ct.qa.keywords.ChillerProductsDataKeywords.visitChillerAvailableProductsData: com.ct.qa.keywords.ChillerProductsDataKeywords.visitChillerAvailableProductsData is PASSED

2018-08-09 19:31:08 - [MESSAGE][PASSED] - Keyboard is hidden

2018-08-09 19:31:11 - [MESSAGE][PASSED] - Keyboard is hidden

2018-08-09 19:31:12 - [MESSAGE][PASSED] - com.ct.qa.keywords.ChillerProductsDataKeywords.visitChillerAvailableProductsData is PASSED

2018-08-09 19:31:12 - [TEST_STEP][PASSED] - tap: Tapped on element 'Object Repository/ShopOpen/ChillerUtilization/ChillerAvailable/SubmitButton'

2018-08-09 19:31:12 - [MESSAGE][WARNING] - Timeout '0' is invalid. Using default page load timeout: '5'

2018-08-09 19:31:13 - [MESSAGE][PASSED] - Tapped on element 'Object Repository/ShopOpen/ChillerUtilization/ChillerAvailable/SubmitButton'

2018-08-09 19:31:13 - [TEST_STEP][PASSED] - verifyElementText: Actual text and expected text of test object 'Object Repository/ShopOpen/ChillerUtilization/ChillerAvailable/Validate_ProductCategoryAssetScreen' are matched.

2018-08-09 19:31:13 - [MESSAGE][PASSED] - Actual text and expected text of test object 'Object Repository/ShopOpen/ChillerUtilization/ChillerAvailable/Validate_ProductCategoryAssetScreen' are matched.

2018-08-09 19:31:13 - [TEST_STEP][PASSED] - tap: Tapped on element 'Object Repository/ShopOpen/ChillerUtilization/ChillerAvailable/PorductCategoryActions_BackButton'

2018-08-09 19:31:13 - [MESSAGE][WARNING] - Timeout '0' is invalid. Using default page load timeout: '5'

2018-08-09 19:31:14 - [MESSAGE][PASSED] - Tapped on element 'Object Repository/ShopOpen/ChillerUtilization/ChillerAvailable/PorductCategoryActions_BackButton'

2018-08-09 19:31:14 - [TEST_STEP][PASSED] - verifyElementText: Actual text and expected text of test object 'Object Repository/ShopOpen/ChillerUtilization/ChillerAvailable/Validate_ChillerProductsCategoriesScreen' are matched.

2018-08-09 19:31:15 - [MESSAGE][PASSED] - Actual text and expected text of test object 'Object Repository/ShopOpen/ChillerUtilization/ChillerAvailable/Validate_ChillerProductsCategoriesScreen' are matched.

2018-08-09 19:31:15 - [MESSAGE][PASSED] - Call Test Case 'Test Cases/ShopOpen/ChillerUtilization/ChillerAvailable/VisitProductCategoryAssets' successfully

2018-08-09 19:31:15 - [MESSAGE][PASSED] - com.ct.qa.keywords.ChillerProductsDataKeywords.visitChillerAvailableProductCategories is PASSED

2018-08-09 19:31:15 - [TEST_STEP][PASSED] - tap: Tapped on element 'Object Repository/ShopOpen/ChillerUtilization/ChillerAvailable/ChillerProductsCategories_Planogram_ImageView'

2018-08-09 19:31:15 - [MESSAGE][WARNING] - Timeout '0' is invalid. Using default page load timeout: '5'

2018-08-09 19:31:15 - [MESSAGE][PASSED] - Tapped on element 'Object Repository/ShopOpen/ChillerUtilization/ChillerAvailable/ChillerProductsCategories_Planogram_ImageView'

2018-08-09 19:31:15 - [TEST_STEP][PASSED] - com.ct.qa.keywords.CommonKeywords.checkPlanogramAvailability: com.ct.qa.keywords.CommonKeywords.checkPlanogramAvailability is PASSED

2018-08-09 19:31:15 - [MESSAGE][WARNING] - Timeout '0' is invalid. Using default page load timeout: '5'

2018-08-09 19:31:21 - [MESSAGE][WARNING] - Object Object Repository/CommonScreenElements/InfoPopUp_OKButton not found
[[ATTACHMENT|F:\\Git Projects\\MMAPlus_Merchandising\\MMAPlus_Merchandising\\Reports\\MMA Plus Merchandising With Chiller Wise Data Verification\\20180809_164504\\1533825080801.png]]

2018-08-09 19:31:21 - [MESSAGE][PASSED] - com.ct.qa.keywords.CommonKeywords.checkPlanogramAvailability is PASSED

2018-08-09 19:31:21 - [TEST_STEP][PASSED] - com.ct.qa.keywords.CommonKeywords.closePlanogram: com.ct.qa.keywords.CommonKeywords.closePlanogram is PASSED

2018-08-09 19:31:22 - [MESSAGE][PASSED] - com.ct.qa.keywords.CommonKeywords.closePlanogram is PASSED

2018-08-09 19:31:22 - [TEST_STEP][PASSED] - verifyElementText: Actual text and expected text of test object 'Object Repository/ShopOpen/ChillerUtilization/ChillerAvailable/Validate_ChillerProductsCategoriesScreen' are matched.

2018-08-09 19:31:23 - [MESSAGE][PASSED] - Actual text and expected text of test object 'Object Repository/ShopOpen/ChillerUtilization/ChillerAvailable/Validate_ChillerProductsCategoriesScreen' are matched.

2018-08-09 19:31:23 - [TEST_STEP][PASSED] - com.ct.qa.keywords.CommonKeywords.findPictureImageView: com.ct.qa.keywords.CommonKeywords.findPictureImageView is PASSED

2018-08-09 19:31:23 - [MESSAGE][PASSED] - com.ct.qa.keywords.CommonKeywords.findPictureImageView is PASSED

2018-08-09 19:31:23 - [TEST_STEP][PASSED] - verifyElementText: Actual text and expected text of test object 'Object Repository/ShopOpen/ChillerUtilization/ChillerAvailable/Validate_ChillerProductsCategoriesScreen' are matched.

2018-08-09 19:31:24 - [MESSAGE][PASSED] - Actual text and expected text of test object 'Object Repository/ShopOpen/ChillerUtilization/ChillerAvailable/Validate_ChillerProductsCategoriesScreen' are matched.

2018-08-09 19:31:24 - [TEST_STEP][PASSED] - tap: Tapped on element 'Object Repository/ShopOpen/ChillerUtilization/ChillerAvailable/ChillerProductsCategories_BackButton'

2018-08-09 19:31:24 - [MESSAGE][WARNING] - Timeout '0' is invalid. Using default page load timeout: '5'

2018-08-09 19:31:25 - [MESSAGE][PASSED] - Tapped on element 'Object Repository/ShopOpen/ChillerUtilization/ChillerAvailable/ChillerProductsCategories_BackButton'

2018-08-09 19:31:25 - [TEST_STEP][PASSED] - verifyElementText: Actual text and expected text of test object 'Object Repository/ShopOpen/ChillerUtilization/Validate_ChillerRemarksScreen' are matched.

2018-08-09 19:31:30 - [MESSAGE][PASSED] - Actual text and expected text of test object 'Object Repository/ShopOpen/ChillerUtilization/Validate_ChillerRemarksScreen' are matched.

2018-08-09 19:31:30 - [TEST_STEP][PASSED] - tap: Tapped on element 'Object Repository/ShopOpen/ChillerUtilization/ChillerRemarks_BackButton'

2018-08-09 19:31:30 - [MESSAGE][WARNING] - Timeout '0' is invalid. Using default page load timeout: '5'

2018-08-09 19:31:30 - [MESSAGE][PASSED] - Tapped on element 'Object Repository/ShopOpen/ChillerUtilization/ChillerRemarks_BackButton'

2018-08-09 19:31:30 - [TEST_STEP][PASSED] - verifyElementText: Actual text and expected text of test object 'Object Repository/ShopOpen/ChillerUtilization/Validate_ChillerUtilizationScreen' are matched.

2018-08-09 19:31:31 - [MESSAGE][PASSED] - Actual text and expected text of test object 'Object Repository/ShopOpen/ChillerUtilization/Validate_ChillerUtilizationScreen' are matched.

2018-08-09 19:31:31 - [MESSAGE][PASSED] - Call Test Case 'Test Cases/ShopOpen/ChillerUtilization/ChillerTypeNotAvailable/VisitChillerAvailable' successfully

2018-08-09 19:31:31 - [MESSAGE][PASSED] - Call Test Case 'Test Cases/ShopOpen/ChillerUtilization/ChillerTypeNotAvailable/VisitChillerTypeNotAvailable' successfully

2018-08-09 19:31:31 - [MESSAGE][PASSED] - com.ct.qa.keywords.ChillerVisitingScenariosKeywords.visitChillersTaggedInChillerUtilizationWithDataVerification is PASSED

2018-08-09 19:31:31 - [TEST_STEP][PASSED] - tap: Tapped on element 'Object Repository/ShopOpen/ChillerUtilization/ChillerUtilization_backButton'

2018-08-09 19:31:31 - [MESSAGE][WARNING] - Timeout '0' is invalid. Using default page load timeout: '5'

2018-08-09 19:31:31 - [MESSAGE][PASSED] - Tapped on element 'Object Repository/ShopOpen/ChillerUtilization/ChillerUtilization_backButton'

2018-08-09 19:31:31 - [TEST_STEP][PASSED] - verifyElementExist: Element 'Object Repository/ShopOpen/Validate_ShopCategoriesListScreen' is exist

2018-08-09 19:31:31 - [MESSAGE][WARNING] - Timeout '0' is invalid. Using default page load timeout: '5'

2018-08-09 19:31:34 - [MESSAGE][PASSED] - Element 'Object Repository/ShopOpen/Validate_ShopCategoriesListScreen' is exist

2018-08-09 19:31:34 - [MESSAGE][PASSED] - Call Test Case 'Test Cases/ShopOpen/ChillerUtilization/VisitChillerScenarios/VisitChillerUtilizationWithDataVerification' successfully

2018-08-09 19:31:34 - [TEST_CASE][PASSED] - Test Cases/ShopOpen/RemainingCategories/VisitRemainingCategoriesWithDSA: Test Cases/ShopOpen/RemainingCategories/VisitRemainingCategoriesWithDSA

2018-08-09 19:31:34 - [TEST_STEP][PASSED] - verifyElementText: Actual text and expected text of test object 'Object Repository/ShopOpen/RemainingCategories/Validate_RemainingCategoriesDetailScreen' are matched.

2018-08-09 19:31:37 - [MESSAGE][PASSED] - Actual text and expected text of test object 'Object Repository/ShopOpen/RemainingCategories/Validate_RemainingCategoriesDetailScreen' are matched.

2018-08-09 19:31:37 - [TEST_STEP][PASSED] - tap: Tapped on element 'Object Repository/ShopOpen/RemainingCategories/DisplaySpaceAvailable'

2018-08-09 19:31:37 - [MESSAGE][WARNING] - Timeout '0' is invalid. Using default page load timeout: '5'

2018-08-09 19:31:37 - [MESSAGE][PASSED] - Tapped on element 'Object Repository/ShopOpen/RemainingCategories/DisplaySpaceAvailable'

2018-08-09 19:31:37 - [TEST_STEP][PASSED] - verifyElementText: Actual text and expected text of test object 'Object Repository/ShopOpen/RemainingCategories/Validate_ProductCategoryAssetScreen' are matched.

2018-08-09 19:31:39 - [MESSAGE][PASSED] - Actual text and expected text of test object 'Object Repository/ShopOpen/RemainingCategories/Validate_ProductCategoryAssetScreen' are matched.

2018-08-09 19:31:39 - [TEST_STEP][PASSED] - tap: Tapped on element 'Object Repository/ShopOpen/RemainingCategories/Facing'

2018-08-09 19:31:39 - [MESSAGE][WARNING] - Timeout '0' is invalid. Using default page load timeout: '5'

2018-08-09 19:31:39 - [MESSAGE][PASSED] - Tapped on element 'Object Repository/ShopOpen/RemainingCategories/Facing'

2018-08-09 19:31:39 - [TEST_STEP][PASSED] - verifyElementText: Actual text and expected text of test object 'Object Repository/ShopOpen/RemainingCategories/Validate_FacingScreen' are matched.

2018-08-09 19:31:41 - [MESSAGE][PASSED] - Actual text and expected text of test object 'Object Repository/ShopOpen/RemainingCategories/Validate_FacingScreen' are matched.

2018-08-09 19:31:41 - [TEST_STEP][PASSED] - com.ct.qa.keywords.ChannelProductsDataKeywords.visitChannelWiseProductsData: com.ct.qa.keywords.ChannelProductsDataKeywords.visitChannelWiseProductsData is PASSED

2018-08-09 19:31:46 - [MESSAGE][PASSED] - Keyboard is hidden

2018-08-09 19:31:49 - [MESSAGE][PASSED] - Keyboard is hidden

2018-08-09 19:31:52 - [MESSAGE][PASSED] - Keyboard is hidden

2018-08-09 19:31:55 - [MESSAGE][PASSED] - Keyboard is hidden

2018-08-09 19:31:58 - [MESSAGE][PASSED] - Keyboard is hidden

2018-08-09 19:32:01 - [MESSAGE][PASSED] - Keyboard is hidden

2018-08-09 19:32:05 - [MESSAGE][PASSED] - Swiped from 50,359 to 50,250

2018-08-09 19:32:08 - [MESSAGE][PASSED] - Keyboard is hidden

2018-08-09 19:32:10 - [MESSAGE][PASSED] - Swiped from 50,359 to 50,250

2018-08-09 19:32:13 - [MESSAGE][PASSED] - Keyboard is hidden

2018-08-09 19:32:15 - [MESSAGE][PASSED] - Swiped from 50,359 to 50,250

2018-08-09 19:32:18 - [MESSAGE][PASSED] - Keyboard is hidden

2018-08-09 19:32:20 - [MESSAGE][PASSED] - Swiped from 50,359 to 50,250

2018-08-09 19:32:21 - [MESSAGE][PASSED] - com.ct.qa.keywords.ChannelProductsDataKeywords.visitChannelWiseProductsData is PASSED

2018-08-09 19:32:21 - [TEST_STEP][PASSED] - tap: Tapped on element 'Object Repository/ShopOpen/RemainingCategories/SubmitButton'

2018-08-09 19:32:21 - [MESSAGE][WARNING] - Timeout '0' is invalid. Using default page load timeout: '5'

2018-08-09 19:32:22 - [MESSAGE][PASSED] - Tapped on element 'Object Repository/ShopOpen/RemainingCategories/SubmitButton'

2018-08-09 19:32:22 - [TEST_STEP][PASSED] - verifyElementText: Actual text and expected text of test object 'Object Repository/ShopOpen/RemainingCategories/Validate_ProductCategoryAssetScreen' are matched.

2018-08-09 19:32:23 - [MESSAGE][PASSED] - Actual text and expected text of test object 'Object Repository/ShopOpen/RemainingCategories/Validate_ProductCategoryAssetScreen' are matched.

2018-08-09 19:32:23 - [TEST_STEP][PASSED] - tap: Tapped on element 'Object Repository/ShopOpen/RemainingCategories/StockTaking'

2018-08-09 19:32:23 - [MESSAGE][WARNING] - Timeout '0' is invalid. Using default page load timeout: '5'

2018-08-09 19:32:23 - [MESSAGE][PASSED] - Tapped on element 'Object Repository/ShopOpen/RemainingCategories/StockTaking'

2018-08-09 19:32:23 - [TEST_STEP][PASSED] - verifyElementText: Actual text and expected text of test object 'Object Repository/ShopOpen/RemainingCategories/Validate_StockTakingScreen' are matched.

2018-08-09 19:32:25 - [MESSAGE][PASSED] - Actual text and expected text of test object 'Object Repository/ShopOpen/RemainingCategories/Validate_StockTakingScreen' are matched.

2018-08-09 19:32:25 - [TEST_STEP][PASSED] - com.ct.qa.keywords.ChannelProductsDataKeywords.visitChannelWiseProductsData: com.ct.qa.keywords.ChannelProductsDataKeywords.visitChannelWiseProductsData is PASSED

2018-08-09 19:32:29 - [MESSAGE][PASSED] - Keyboard is hidden

2018-08-09 19:32:32 - [MESSAGE][PASSED] - Keyboard is hidden

2018-08-09 19:32:35 - [MESSAGE][PASSED] - Keyboard is hidden

2018-08-09 19:32:38 - [MESSAGE][PASSED] - Keyboard is hidden

2018-08-09 19:32:41 - [MESSAGE][PASSED] - Keyboard is hidden

2018-08-09 19:32:44 - [MESSAGE][PASSED] - Keyboard is hidden

2018-08-09 19:32:47 - [MESSAGE][PASSED] - Swiped from 50,359 to 50,250

2018-08-09 19:32:50 - [MESSAGE][PASSED] - Keyboard is hidden

2018-08-09 19:32:52 - [MESSAGE][PASSED] - Swiped from 50,359 to 50,250

2018-08-09 19:32:55 - [MESSAGE][PASSED] - Keyboard is hidden

2018-08-09 19:32:57 - [MESSAGE][PASSED] - Swiped from 50,359 to 50,250

2018-08-09 19:33:00 - [MESSAGE][PASSED] - Keyboard is hidden

2018-08-09 19:33:02 - [MESSAGE][PASSED] - Swiped from 50,359 to 50,250

2018-08-09 19:33:03 - [MESSAGE][PASSED] - com.ct.qa.keywords.ChannelProductsDataKeywords.visitChannelWiseProductsData is PASSED

2018-08-09 19:33:03 - [TEST_STEP][PASSED] - tap: Tapped on element 'Object Repository/ShopOpen/RemainingCategories/SubmitButton'

2018-08-09 19:33:03 - [MESSAGE][WARNING] - Timeout '0' is invalid. Using default page load timeout: '5'

2018-08-09 19:33:04 - [MESSAGE][PASSED] - Tapped on element 'Object Repository/ShopOpen/RemainingCategories/SubmitButton'

2018-08-09 19:33:04 - [TEST_STEP][PASSED] - verifyElementText: Actual text and expected text of test object 'Object Repository/ShopOpen/RemainingCategories/Validate_ProductCategoryAssetScreen' are matched.

2018-08-09 19:33:05 - [MESSAGE][PASSED] - Actual text and expected text of test object 'Object Repository/ShopOpen/RemainingCategories/Validate_ProductCategoryAssetScreen' are matched.

2018-08-09 19:33:05 - [TEST_STEP][PASSED] - tap: Tapped on element 'Object Repository/ShopOpen/RemainingCategories/planogram_ImageView'

2018-08-09 19:33:05 - [MESSAGE][WARNING] - Timeout '0' is invalid. Using default page load timeout: '5'

2018-08-09 19:33:05 - [MESSAGE][PASSED] - Tapped on element 'Object Repository/ShopOpen/RemainingCategories/planogram_ImageView'

2018-08-09 19:33:05 - [TEST_STEP][PASSED] - com.ct.qa.keywords.CommonKeywords.checkPlanogramAvailability: com.ct.qa.keywords.CommonKeywords.checkPlanogramAvailability is PASSED

2018-08-09 19:33:05 - [MESSAGE][WARNING] - Timeout '0' is invalid. Using default page load timeout: '5'

2018-08-09 19:33:11 - [MESSAGE][WARNING] - Object Object Repository/CommonScreenElements/InfoPopUp_OKButton not found
[[ATTACHMENT|F:\\Git Projects\\MMAPlus_Merchandising\\MMAPlus_Merchandising\\Reports\\MMA Plus Merchandising With Chiller Wise Data Verification\\20180809_164504\\1533825190891.png]]

2018-08-09 19:33:11 - [MESSAGE][PASSED] - com.ct.qa.keywords.CommonKeywords.checkPlanogramAvailability is PASSED

2018-08-09 19:33:11 - [TEST_STEP][PASSED] - com.ct.qa.keywords.CommonKeywords.closePlanogram: com.ct.qa.keywords.CommonKeywords.closePlanogram is PASSED

2018-08-09 19:33:12 - [MESSAGE][PASSED] - com.ct.qa.keywords.CommonKeywords.closePlanogram is PASSED

2018-08-09 19:33:12 - [TEST_STEP][PASSED] - verifyElementText: Actual text and expected text of test object 'Object Repository/ShopOpen/RemainingCategories/Validate_ProductCategoryAssetScreen' are matched.

2018-08-09 19:33:13 - [MESSAGE][PASSED] - Actual text and expected text of test object 'Object Repository/ShopOpen/RemainingCategories/Validate_ProductCategoryAssetScreen' are matched.

2018-08-09 19:33:13 - [TEST_STEP][PASSED] - com.ct.qa.keywords.CommonKeywords.findPictureImageView: com.ct.qa.keywords.CommonKeywords.findPictureImageView is PASSED

2018-08-09 19:33:13 - [MESSAGE][WARNING] - Timeout '0' is invalid. Using default page load timeout: '5'

2018-08-09 19:33:15 - [MESSAGE][PASSED] - Tapped on element 'Object Repository/CommonScreenElements/Picture_ImageView'

2018-08-09 19:33:15 - [MESSAGE][WARNING] - Timeout '0' is invalid. Using default page load timeout: '5'

2018-08-09 19:33:16 - [MESSAGE][PASSED] - Element 'Object Repository/CommonScreenElements/Validate_CameraScreen' is exist

2018-08-09 19:33:16 - [MESSAGE][WARNING] - Timeout '0' is invalid. Using default page load timeout: '5'

2018-08-09 19:33:20 - [MESSAGE][PASSED] - Tapped on element 'Object Repository/CommonScreenElements/TakePictureButton'

2018-08-09 19:33:25 - [MESSAGE][PASSED] - Delayed 5 second(s)

2018-08-09 19:33:25 - [MESSAGE][WARNING] - Timeout '0' is invalid. Using default page load timeout: '5'

2018-08-09 19:33:26 - [MESSAGE][PASSED] - Tapped on element 'Object Repository/CommonScreenElements/DoneButton'

2018-08-09 19:33:26 - [MESSAGE][PASSED] - com.ct.qa.keywords.CommonKeywords.findPictureImageView is PASSED

2018-08-09 19:33:26 - [TEST_STEP][PASSED] - verifyElementText: Actual text and expected text of test object 'Object Repository/ShopOpen/RemainingCategories/Validate_ProductCategoryAssetScreen' are matched.

2018-08-09 19:33:26 - [MESSAGE][PASSED] - Actual text and expected text of test object 'Object Repository/ShopOpen/RemainingCategories/Validate_ProductCategoryAssetScreen' are matched.

2018-08-09 19:33:26 - [TEST_STEP][PASSED] - tap: Tapped on element 'Object Repository/ShopOpen/RemainingCategories/ProductCategoryAsset_BackButton'

2018-08-09 19:33:26 - [MESSAGE][WARNING] - Timeout '0' is invalid. Using default page load timeout: '5'

2018-08-09 19:33:27 - [MESSAGE][PASSED] - Tapped on element 'Object Repository/ShopOpen/RemainingCategories/ProductCategoryAsset_BackButton'

2018-08-09 19:33:27 - [TEST_STEP][PASSED] - verifyElementExist: Element 'Object Repository/ShopOpen/Validate_ShopCategoriesListScreen' is exist

2018-08-09 19:33:27 - [MESSAGE][WARNING] - Timeout '0' is invalid. Using default page load timeout: '5'

2018-08-09 19:33:30 - [MESSAGE][PASSED] - Element 'Object Repository/ShopOpen/Validate_ShopCategoriesListScreen' is exist

2018-08-09 19:33:30 - [MESSAGE][PASSED] - Call Test Case 'Test Cases/ShopOpen/RemainingCategories/VisitRemainingCategoriesWithDSA' successfully

2018-08-09 19:33:30 - [TEST_CASE][PASSED] - Test Cases/ShopOpen/RemainingCategories/VisitRemainingCategoriesWithDSA: Test Cases/ShopOpen/RemainingCategories/VisitRemainingCategoriesWithDSA

2018-08-09 19:33:30 - [TEST_STEP][PASSED] - verifyElementText: Actual text and expected text of test object 'Object Repository/ShopOpen/RemainingCategories/Validate_RemainingCategoriesDetailScreen' are matched.

2018-08-09 19:33:32 - [MESSAGE][PASSED] - Actual text and expected text of test object 'Object Repository/ShopOpen/RemainingCategories/Validate_RemainingCategoriesDetailScreen' are matched.

2018-08-09 19:33:32 - [TEST_STEP][PASSED] - tap: Tapped on element 'Object Repository/ShopOpen/RemainingCategories/DisplaySpaceAvailable'

2018-08-09 19:33:32 - [MESSAGE][WARNING] - Timeout '0' is invalid. Using default page load timeout: '5'

2018-08-09 19:33:32 - [MESSAGE][PASSED] - Tapped on element 'Object Repository/ShopOpen/RemainingCategories/DisplaySpaceAvailable'

2018-08-09 19:33:32 - [TEST_STEP][PASSED] - verifyElementText: Actual text and expected text of test object 'Object Repository/ShopOpen/RemainingCategories/Validate_ProductCategoryAssetScreen' are matched.

2018-08-09 19:33:35 - [MESSAGE][PASSED] - Actual text and expected text of test object 'Object Repository/ShopOpen/RemainingCategories/Validate_ProductCategoryAssetScreen' are matched.

2018-08-09 19:33:35 - [TEST_STEP][PASSED] - tap: Tapped on element 'Object Repository/ShopOpen/RemainingCategories/Facing'

2018-08-09 19:33:35 - [MESSAGE][WARNING] - Timeout '0' is invalid. Using default page load timeout: '5'

2018-08-09 19:33:35 - [MESSAGE][PASSED] - Tapped on element 'Object Repository/ShopOpen/RemainingCategories/Facing'

2018-08-09 19:33:35 - [TEST_STEP][PASSED] - verifyElementText: Actual text and expected text of test object 'Object Repository/ShopOpen/RemainingCategories/Validate_FacingScreen' are matched.

2018-08-09 19:33:37 - [MESSAGE][PASSED] - Actual text and expected text of test object 'Object Repository/ShopOpen/RemainingCategories/Validate_FacingScreen' are matched.

2018-08-09 19:33:37 - [TEST_STEP][PASSED] - com.ct.qa.keywords.ChannelProductsDataKeywords.visitChannelWiseProductsData: com.ct.qa.keywords.ChannelProductsDataKeywords.visitChannelWiseProductsData is PASSED

2018-08-09 19:33:41 - [MESSAGE][PASSED] - Keyboard is hidden

2018-08-09 19:33:44 - [MESSAGE][PASSED] - Keyboard is hidden

2018-08-09 19:33:47 - [MESSAGE][PASSED] - Keyboard is hidden

2018-08-09 19:33:50 - [MESSAGE][PASSED] - Keyboard is hidden

2018-08-09 19:33:51 - [MESSAGE][PASSED] - com.ct.qa.keywords.ChannelProductsDataKeywords.visitChannelWiseProductsData is PASSED

2018-08-09 19:33:51 - [TEST_STEP][PASSED] - tap: Tapped on element 'Object Repository/ShopOpen/RemainingCategories/SubmitButton'

2018-08-09 19:33:51 - [MESSAGE][WARNING] - Timeout '0' is invalid. Using default page load timeout: '5'

2018-08-09 19:33:52 - [MESSAGE][PASSED] - Tapped on element 'Object Repository/ShopOpen/RemainingCategories/SubmitButton'

2018-08-09 19:33:52 - [TEST_STEP][PASSED] - verifyElementText: Actual text and expected text of test object 'Object Repository/ShopOpen/RemainingCategories/Validate_ProductCategoryAssetScreen' are matched.

2018-08-09 19:33:53 - [MESSAGE][PASSED] - Actual text and expected text of test object 'Object Repository/ShopOpen/RemainingCategories/Validate_ProductCategoryAssetScreen' are matched.

2018-08-09 19:33:53 - [TEST_STEP][PASSED] - tap: Tapped on element 'Object Repository/ShopOpen/RemainingCategories/StockTaking'

2018-08-09 19:33:53 - [MESSAGE][WARNING] - Timeout '0' is invalid. Using default page load timeout: '5'

2018-08-09 19:33:53 - [MESSAGE][PASSED] - Tapped on element 'Object Repository/ShopOpen/RemainingCategories/StockTaking'

2018-08-09 19:33:53 - [TEST_STEP][PASSED] - verifyElementText: Actual text and expected text of test object 'Object Repository/ShopOpen/RemainingCategories/Validate_StockTakingScreen' are matched.

2018-08-09 19:33:55 - [MESSAGE][PASSED] - Actual text and expected text of test object 'Object Repository/ShopOpen/RemainingCategories/Validate_StockTakingScreen' are matched.

2018-08-09 19:33:55 - [TEST_STEP][PASSED] - com.ct.qa.keywords.ChannelProductsDataKeywords.visitChannelWiseProductsData: com.ct.qa.keywords.ChannelProductsDataKeywords.visitChannelWiseProductsData is PASSED

2018-08-09 19:33:59 - [MESSAGE][PASSED] - Keyboard is hidden

2018-08-09 19:34:02 - [MESSAGE][PASSED] - Keyboard is hidden

2018-08-09 19:34:05 - [MESSAGE][PASSED] - Keyboard is hidden

2018-08-09 19:34:08 - [MESSAGE][PASSED] - Keyboard is hidden

2018-08-09 19:34:09 - [MESSAGE][PASSED] - com.ct.qa.keywords.ChannelProductsDataKeywords.visitChannelWiseProductsData is PASSED

2018-08-09 19:34:09 - [TEST_STEP][PASSED] - tap: Tapped on element 'Object Repository/ShopOpen/RemainingCategories/SubmitButton'

2018-08-09 19:34:09 - [MESSAGE][WARNING] - Timeout '0' is invalid. Using default page load timeout: '5'

2018-08-09 19:34:10 - [MESSAGE][PASSED] - Tapped on element 'Object Repository/ShopOpen/RemainingCategories/SubmitButton'

2018-08-09 19:34:10 - [TEST_STEP][PASSED] - verifyElementText: Actual text and expected text of test object 'Object Repository/ShopOpen/RemainingCategories/Validate_ProductCategoryAssetScreen' are matched.

2018-08-09 19:34:11 - [MESSAGE][PASSED] - Actual text and expected text of test object 'Object Repository/ShopOpen/RemainingCategories/Validate_ProductCategoryAssetScreen' are matched.

2018-08-09 19:34:11 - [TEST_STEP][PASSED] - tap: Tapped on element 'Object Repository/ShopOpen/RemainingCategories/planogram_ImageView'

2018-08-09 19:34:11 - [MESSAGE][WARNING] - Timeout '0' is invalid. Using default page load timeout: '5'

2018-08-09 19:34:11 - [MESSAGE][PASSED] - Tapped on element 'Object Repository/ShopOpen/RemainingCategories/planogram_ImageView'

2018-08-09 19:34:11 - [TEST_STEP][PASSED] - com.ct.qa.keywords.CommonKeywords.checkPlanogramAvailability: com.ct.qa.keywords.CommonKeywords.checkPlanogramAvailability is PASSED

2018-08-09 19:34:11 - [MESSAGE][WARNING] - Timeout '0' is invalid. Using default page load timeout: '5'

2018-08-09 19:34:17 - [MESSAGE][WARNING] - Object Object Repository/CommonScreenElements/InfoPopUp_OKButton not found
[[ATTACHMENT|F:\\Git Projects\\MMAPlus_Merchandising\\MMAPlus_Merchandising\\Reports\\MMA Plus Merchandising With Chiller Wise Data Verification\\20180809_164504\\1533825256852.png]]

2018-08-09 19:34:17 - [MESSAGE][PASSED] - com.ct.qa.keywords.CommonKeywords.checkPlanogramAvailability is PASSED

2018-08-09 19:34:17 - [TEST_STEP][PASSED] - com.ct.qa.keywords.CommonKeywords.closePlanogram: com.ct.qa.keywords.CommonKeywords.closePlanogram is PASSED

2018-08-09 19:34:18 - [MESSAGE][PASSED] - com.ct.qa.keywords.CommonKeywords.closePlanogram is PASSED

2018-08-09 19:34:18 - [TEST_STEP][PASSED] - verifyElementText: Actual text and expected text of test object 'Object Repository/ShopOpen/RemainingCategories/Validate_ProductCategoryAssetScreen' are matched.

2018-08-09 19:34:19 - [MESSAGE][PASSED] - Actual text and expected text of test object 'Object Repository/ShopOpen/RemainingCategories/Validate_ProductCategoryAssetScreen' are matched.

2018-08-09 19:34:19 - [TEST_STEP][PASSED] - com.ct.qa.keywords.CommonKeywords.findPictureImageView: com.ct.qa.keywords.CommonKeywords.findPictureImageView is PASSED

2018-08-09 19:34:19 - [MESSAGE][WARNING] - Timeout '0' is invalid. Using default page load timeout: '5'

2018-08-09 19:34:21 - [MESSAGE][PASSED] - Tapped on element 'Object Repository/CommonScreenElements/Picture_ImageView'

2018-08-09 19:34:21 - [MESSAGE][WARNING] - Timeout '0' is invalid. Using default page load timeout: '5'

2018-08-09 19:34:22 - [MESSAGE][PASSED] - Element 'Object Repository/CommonScreenElements/Validate_CameraScreen' is exist

2018-08-09 19:34:22 - [MESSAGE][WARNING] - Timeout '0' is invalid. Using default page load timeout: '5'

2018-08-09 19:34:26 - [MESSAGE][PASSED] - Tapped on element 'Object Repository/CommonScreenElements/TakePictureButton'

2018-08-09 19:34:31 - [MESSAGE][PASSED] - Delayed 5 second(s)

2018-08-09 19:34:31 - [MESSAGE][WARNING] - Timeout '0' is invalid. Using default page load timeout: '5'

2018-08-09 19:34:31 - [MESSAGE][PASSED] - Tapped on element 'Object Repository/CommonScreenElements/DoneButton'

2018-08-09 19:34:31 - [MESSAGE][PASSED] - com.ct.qa.keywords.CommonKeywords.findPictureImageView is PASSED

2018-08-09 19:34:31 - [TEST_STEP][PASSED] - verifyElementText: Actual text and expected text of test object 'Object Repository/ShopOpen/RemainingCategories/Validate_ProductCategoryAssetScreen' are matched.

2018-08-09 19:34:32 - [MESSAGE][PASSED] - Actual text and expected text of test object 'Object Repository/ShopOpen/RemainingCategories/Validate_ProductCategoryAssetScreen' are matched.

2018-08-09 19:34:32 - [TEST_STEP][PASSED] - tap: Tapped on element 'Object Repository/ShopOpen/RemainingCategories/ProductCategoryAsset_BackButton'

2018-08-09 19:34:32 - [MESSAGE][WARNING] - Timeout '0' is invalid. Using default page load timeout: '5'

2018-08-09 19:34:33 - [MESSAGE][PASSED] - Tapped on element 'Object Repository/ShopOpen/RemainingCategories/ProductCategoryAsset_BackButton'

2018-08-09 19:34:33 - [TEST_STEP][PASSED] - verifyElementExist: Element 'Object Repository/ShopOpen/Validate_ShopCategoriesListScreen' is exist

2018-08-09 19:34:33 - [MESSAGE][WARNING] - Timeout '0' is invalid. Using default page load timeout: '5'

2018-08-09 19:34:35 - [MESSAGE][PASSED] - Element 'Object Repository/ShopOpen/Validate_ShopCategoriesListScreen' is exist

2018-08-09 19:34:35 - [MESSAGE][PASSED] - Call Test Case 'Test Cases/ShopOpen/RemainingCategories/VisitRemainingCategoriesWithDSA' successfully

2018-08-09 19:34:36 - [TEST_CASE][PASSED] - Test Cases/ShopOpen/RemainingCategories/VisitRemainingCategoriesWithDSA: Test Cases/ShopOpen/RemainingCategories/VisitRemainingCategoriesWithDSA

2018-08-09 19:34:36 - [TEST_STEP][PASSED] - verifyElementText: Actual text and expected text of test object 'Object Repository/ShopOpen/RemainingCategories/Validate_RemainingCategoriesDetailScreen' are matched.

2018-08-09 19:34:38 - [MESSAGE][PASSED] - Actual text and expected text of test object 'Object Repository/ShopOpen/RemainingCategories/Validate_RemainingCategoriesDetailScreen' are matched.

2018-08-09 19:34:38 - [TEST_STEP][PASSED] - tap: Tapped on element 'Object Repository/ShopOpen/RemainingCategories/DisplaySpaceAvailable'

2018-08-09 19:34:38 - [MESSAGE][WARNING] - Timeout '0' is invalid. Using default page load timeout: '5'

2018-08-09 19:34:38 - [MESSAGE][PASSED] - Tapped on element 'Object Repository/ShopOpen/RemainingCategories/DisplaySpaceAvailable'

2018-08-09 19:34:38 - [TEST_STEP][PASSED] - verifyElementText: Actual text and expected text of test object 'Object Repository/ShopOpen/RemainingCategories/Validate_ProductCategoryAssetScreen' are matched.

2018-08-09 19:34:41 - [MESSAGE][PASSED] - Actual text and expected text of test object 'Object Repository/ShopOpen/RemainingCategories/Validate_ProductCategoryAssetScreen' are matched.

2018-08-09 19:34:41 - [TEST_STEP][PASSED] - tap: Tapped on element 'Object Repository/ShopOpen/RemainingCategories/Facing'

2018-08-09 19:34:41 - [MESSAGE][WARNING] - Timeout '0' is invalid. Using default page load timeout: '5'

2018-08-09 19:34:41 - [MESSAGE][PASSED] - Tapped on element 'Object Repository/ShopOpen/RemainingCategories/Facing'

2018-08-09 19:34:41 - [TEST_STEP][PASSED] - verifyElementText: Actual text and expected text of test object 'Object Repository/ShopOpen/RemainingCategories/Validate_FacingScreen' are matched.

2018-08-09 19:34:43 - [MESSAGE][PASSED] - Actual text and expected text of test object 'Object Repository/ShopOpen/RemainingCategories/Validate_FacingScreen' are matched.

2018-08-09 19:34:43 - [TEST_STEP][PASSED] - com.ct.qa.keywords.ChannelProductsDataKeywords.visitChannelWiseProductsData: com.ct.qa.keywords.ChannelProductsDataKeywords.visitChannelWiseProductsData is PASSED

2018-08-09 19:34:46 - [MESSAGE][PASSED] - Keyboard is hidden

2018-08-09 19:34:47 - [MESSAGE][PASSED] - com.ct.qa.keywords.ChannelProductsDataKeywords.visitChannelWiseProductsData is PASSED

2018-08-09 19:34:47 - [TEST_STEP][PASSED] - tap: Tapped on element 'Object Repository/ShopOpen/RemainingCategories/SubmitButton'

2018-08-09 19:34:47 - [MESSAGE][WARNING] - Timeout '0' is invalid. Using default page load timeout: '5'

2018-08-09 19:34:47 - [MESSAGE][PASSED] - Tapped on element 'Object Repository/ShopOpen/RemainingCategories/SubmitButton'

2018-08-09 19:34:47 - [TEST_STEP][PASSED] - verifyElementText: Actual text and expected text of test object 'Object Repository/ShopOpen/RemainingCategories/Validate_ProductCategoryAssetScreen' are matched.

2018-08-09 19:34:48 - [MESSAGE][PASSED] - Actual text and expected text of test object 'Object Repository/ShopOpen/RemainingCategories/Validate_ProductCategoryAssetScreen' are matched.

2018-08-09 19:34:48 - [TEST_STEP][PASSED] - tap: Tapped on element 'Object Repository/ShopOpen/RemainingCategories/StockTaking'

2018-08-09 19:34:48 - [MESSAGE][WARNING] - Timeout '0' is invalid. Using default page load timeout: '5'

2018-08-09 19:34:49 - [MESSAGE][PASSED] - Tapped on element 'Object Repository/ShopOpen/RemainingCategories/StockTaking'

2018-08-09 19:34:49 - [TEST_STEP][PASSED] - verifyElementText: Actual text and expected text of test object 'Object Repository/ShopOpen/RemainingCategories/Validate_StockTakingScreen' are matched.

2018-08-09 19:34:51 - [MESSAGE][PASSED] - Actual text and expected text of test object 'Object Repository/ShopOpen/RemainingCategories/Validate_StockTakingScreen' are matched.

2018-08-09 19:34:51 - [TEST_STEP][PASSED] - com.ct.qa.keywords.ChannelProductsDataKeywords.visitChannelWiseProductsData: com.ct.qa.keywords.ChannelProductsDataKeywords.visitChannelWiseProductsData is PASSED

2018-08-09 19:34:54 - [MESSAGE][PASSED] - Keyboard is hidden

2018-08-09 19:34:55 - [MESSAGE][PASSED] - com.ct.qa.keywords.ChannelProductsDataKeywords.visitChannelWiseProductsData is PASSED

2018-08-09 19:34:55 - [TEST_STEP][PASSED] - tap: Tapped on element 'Object Repository/ShopOpen/RemainingCategories/SubmitButton'

2018-08-09 19:34:55 - [MESSAGE][WARNING] - Timeout '0' is invalid. Using default page load timeout: '5'

2018-08-09 19:34:55 - [MESSAGE][PASSED] - Tapped on element 'Object Repository/ShopOpen/RemainingCategories/SubmitButton'

2018-08-09 19:34:55 - [TEST_STEP][PASSED] - verifyElementText: Actual text and expected text of test object 'Object Repository/ShopOpen/RemainingCategories/Validate_ProductCategoryAssetScreen' are matched.

2018-08-09 19:34:56 - [MESSAGE][PASSED] - Actual text and expected text of test object 'Object Repository/ShopOpen/RemainingCategories/Validate_ProductCategoryAssetScreen' are matched.

2018-08-09 19:34:56 - [TEST_STEP][PASSED] - tap: Tapped on element 'Object Repository/ShopOpen/RemainingCategories/planogram_ImageView'

2018-08-09 19:34:56 - [MESSAGE][WARNING] - Timeout '0' is invalid. Using default page load timeout: '5'

2018-08-09 19:34:57 - [MESSAGE][PASSED] - Tapped on element 'Object Repository/ShopOpen/RemainingCategories/planogram_ImageView'

2018-08-09 19:34:57 - [TEST_STEP][PASSED] - com.ct.qa.keywords.CommonKeywords.checkPlanogramAvailability: com.ct.qa.keywords.CommonKeywords.checkPlanogramAvailability is PASSED

2018-08-09 19:34:57 - [MESSAGE][WARNING] - Timeout '0' is invalid. Using default page load timeout: '5'

2018-08-09 19:35:03 - [MESSAGE][WARNING] - Object Object Repository/CommonScreenElements/InfoPopUp_OKButton not found
[[ATTACHMENT|F:\\Git Projects\\MMAPlus_Merchandising\\MMAPlus_Merchandising\\Reports\\MMA Plus Merchandising With Chiller Wise Data Verification\\20180809_164504\\1533825302620.png]]

2018-08-09 19:35:03 - [MESSAGE][PASSED] - com.ct.qa.keywords.CommonKeywords.checkPlanogramAvailability is PASSED

2018-08-09 19:35:03 - [TEST_STEP][PASSED] - com.ct.qa.keywords.CommonKeywords.closePlanogram: com.ct.qa.keywords.CommonKeywords.closePlanogram is PASSED

2018-08-09 19:35:04 - [MESSAGE][PASSED] - com.ct.qa.keywords.CommonKeywords.closePlanogram is PASSED

2018-08-09 19:35:04 - [TEST_STEP][PASSED] - verifyElementText: Actual text and expected text of test object 'Object Repository/ShopOpen/RemainingCategories/Validate_ProductCategoryAssetScreen' are matched.

2018-08-09 19:35:05 - [MESSAGE][PASSED] - Actual text and expected text of test object 'Object Repository/ShopOpen/RemainingCategories/Validate_ProductCategoryAssetScreen' are matched.

2018-08-09 19:35:05 - [TEST_STEP][PASSED] - com.ct.qa.keywords.CommonKeywords.findPictureImageView: com.ct.qa.keywords.CommonKeywords.findPictureImageView is PASSED

2018-08-09 19:35:05 - [MESSAGE][WARNING] - Timeout '0' is invalid. Using default page load timeout: '5'

2018-08-09 19:35:05 - [MESSAGE][PASSED] - Tapped on element 'Object Repository/CommonScreenElements/Picture_ImageView'

2018-08-09 19:35:05 - [MESSAGE][WARNING] - Timeout '0' is invalid. Using default page load timeout: '5'

2018-08-09 19:35:07 - [MESSAGE][PASSED] - Element 'Object Repository/CommonScreenElements/Validate_CameraScreen' is exist

2018-08-09 19:35:07 - [MESSAGE][WARNING] - Timeout '0' is invalid. Using default page load timeout: '5'

2018-08-09 19:35:10 - [MESSAGE][PASSED] - Tapped on element 'Object Repository/CommonScreenElements/TakePictureButton'

2018-08-09 19:35:15 - [MESSAGE][PASSED] - Delayed 5 second(s)

2018-08-09 19:35:15 - [MESSAGE][WARNING] - Timeout '0' is invalid. Using default page load timeout: '5'

2018-08-09 19:35:16 - [MESSAGE][PASSED] - Tapped on element 'Object Repository/CommonScreenElements/DoneButton'

2018-08-09 19:35:16 - [MESSAGE][PASSED] - com.ct.qa.keywords.CommonKeywords.findPictureImageView is PASSED

2018-08-09 19:35:16 - [TEST_STEP][PASSED] - verifyElementText: Actual text and expected text of test object 'Object Repository/ShopOpen/RemainingCategories/Validate_ProductCategoryAssetScreen' are matched.

2018-08-09 19:35:17 - [MESSAGE][PASSED] - Actual text and expected text of test object 'Object Repository/ShopOpen/RemainingCategories/Validate_ProductCategoryAssetScreen' are matched.

2018-08-09 19:35:17 - [TEST_STEP][PASSED] - tap: Tapped on element 'Object Repository/ShopOpen/RemainingCategories/ProductCategoryAsset_BackButton'

2018-08-09 19:35:17 - [MESSAGE][WARNING] - Timeout '0' is invalid. Using default page load timeout: '5'

2018-08-09 19:35:17 - [MESSAGE][PASSED] - Tapped on element 'Object Repository/ShopOpen/RemainingCategories/ProductCategoryAsset_BackButton'

2018-08-09 19:35:17 - [TEST_STEP][PASSED] - verifyElementExist: Element 'Object Repository/ShopOpen/Validate_ShopCategoriesListScreen' is exist

2018-08-09 19:35:17 - [MESSAGE][WARNING] - Timeout '0' is invalid. Using default page load timeout: '5'

2018-08-09 19:35:20 - [MESSAGE][PASSED] - Element 'Object Repository/ShopOpen/Validate_ShopCategoriesListScreen' is exist

2018-08-09 19:35:20 - [MESSAGE][PASSED] - Call Test Case 'Test Cases/ShopOpen/RemainingCategories/VisitRemainingCategoriesWithDSA' successfully

2018-08-09 19:35:21 - [TEST_CASE][PASSED] - Test Cases/ShopOpen/RemainingCategories/VisitRemainingCategoriesWithDSA: Test Cases/ShopOpen/RemainingCategories/VisitRemainingCategoriesWithDSA

2018-08-09 19:35:21 - [TEST_STEP][PASSED] - verifyElementText: Actual text and expected text of test object 'Object Repository/ShopOpen/RemainingCategories/Validate_RemainingCategoriesDetailScreen' are matched.

2018-08-09 19:35:23 - [MESSAGE][PASSED] - Actual text and expected text of test object 'Object Repository/ShopOpen/RemainingCategories/Validate_RemainingCategoriesDetailScreen' are matched.

2018-08-09 19:35:23 - [TEST_STEP][PASSED] - tap: Tapped on element 'Object Repository/ShopOpen/RemainingCategories/DisplaySpaceAvailable'

2018-08-09 19:35:23 - [MESSAGE][WARNING] - Timeout '0' is invalid. Using default page load timeout: '5'

2018-08-09 19:35:23 - [MESSAGE][PASSED] - Tapped on element 'Object Repository/ShopOpen/RemainingCategories/DisplaySpaceAvailable'

2018-08-09 19:35:23 - [TEST_STEP][PASSED] - verifyElementText: Actual text and expected text of test object 'Object Repository/ShopOpen/RemainingCategories/Validate_ProductCategoryAssetScreen' are matched.

2018-08-09 19:35:26 - [MESSAGE][PASSED] - Actual text and expected text of test object 'Object Repository/ShopOpen/RemainingCategories/Validate_ProductCategoryAssetScreen' are matched.

2018-08-09 19:35:26 - [TEST_STEP][PASSED] - tap: Tapped on element 'Object Repository/ShopOpen/RemainingCategories/Facing'

2018-08-09 19:35:26 - [MESSAGE][WARNING] - Timeout '0' is invalid. Using default page load timeout: '5'

2018-08-09 19:35:26 - [MESSAGE][PASSED] - Tapped on element 'Object Repository/ShopOpen/RemainingCategories/Facing'

2018-08-09 19:35:26 - [TEST_STEP][PASSED] - verifyElementText: Actual text and expected text of test object 'Object Repository/ShopOpen/RemainingCategories/Validate_FacingScreen' are matched.

2018-08-09 19:35:28 - [MESSAGE][PASSED] - Actual text and expected text of test object 'Object Repository/ShopOpen/RemainingCategories/Validate_FacingScreen' are matched.

2018-08-09 19:35:28 - [TEST_STEP][PASSED] - com.ct.qa.keywords.ChannelProductsDataKeywords.visitChannelWiseProductsData: com.ct.qa.keywords.ChannelProductsDataKeywords.visitChannelWiseProductsData is PASSED

2018-08-09 19:35:32 - [MESSAGE][PASSED] - Keyboard is hidden

2018-08-09 19:35:35 - [MESSAGE][PASSED] - Keyboard is hidden

2018-08-09 19:35:38 - [MESSAGE][PASSED] - Keyboard is hidden

2018-08-09 19:35:39 - [MESSAGE][PASSED] - com.ct.qa.keywords.ChannelProductsDataKeywords.visitChannelWiseProductsData is PASSED

2018-08-09 19:35:39 - [TEST_STEP][PASSED] - tap: Tapped on element 'Object Repository/ShopOpen/RemainingCategories/SubmitButton'

2018-08-09 19:35:39 - [MESSAGE][WARNING] - Timeout '0' is invalid. Using default page load timeout: '5'

2018-08-09 19:35:40 - [MESSAGE][PASSED] - Tapped on element 'Object Repository/ShopOpen/RemainingCategories/SubmitButton'

2018-08-09 19:35:40 - [TEST_STEP][PASSED] - verifyElementText: Actual text and expected text of test object 'Object Repository/ShopOpen/RemainingCategories/Validate_ProductCategoryAssetScreen' are matched.

2018-08-09 19:35:41 - [MESSAGE][PASSED] - Actual text and expected text of test object 'Object Repository/ShopOpen/RemainingCategories/Validate_ProductCategoryAssetScreen' are matched.

2018-08-09 19:35:41 - [TEST_STEP][PASSED] - tap: Tapped on element 'Object Repository/ShopOpen/RemainingCategories/StockTaking'

2018-08-09 19:35:41 - [MESSAGE][WARNING] - Timeout '0' is invalid. Using default page load timeout: '5'

2018-08-09 19:35:41 - [MESSAGE][PASSED] - Tapped on element 'Object Repository/ShopOpen/RemainingCategories/StockTaking'

2018-08-09 19:35:41 - [TEST_STEP][PASSED] - verifyElementText: Actual text and expected text of test object 'Object Repository/ShopOpen/RemainingCategories/Validate_StockTakingScreen' are matched.

2018-08-09 19:35:43 - [MESSAGE][PASSED] - Actual text and expected text of test object 'Object Repository/ShopOpen/RemainingCategories/Validate_StockTakingScreen' are matched.

2018-08-09 19:35:43 - [TEST_STEP][PASSED] - com.ct.qa.keywords.ChannelProductsDataKeywords.visitChannelWiseProductsData: com.ct.qa.keywords.ChannelProductsDataKeywords.visitChannelWiseProductsData is PASSED

2018-08-09 19:35:47 - [MESSAGE][PASSED] - Keyboard is hidden

2018-08-09 19:35:50 - [MESSAGE][PASSED] - Keyboard is hidden

2018-08-09 19:35:53 - [MESSAGE][PASSED] - Keyboard is hidden

2018-08-09 19:35:54 - [MESSAGE][PASSED] - com.ct.qa.keywords.ChannelProductsDataKeywords.visitChannelWiseProductsData is PASSED

2018-08-09 19:35:54 - [TEST_STEP][PASSED] - tap: Tapped on element 'Object Repository/ShopOpen/RemainingCategories/SubmitButton'

2018-08-09 19:35:54 - [MESSAGE][WARNING] - Timeout '0' is invalid. Using default page load timeout: '5'

2018-08-09 19:35:55 - [MESSAGE][PASSED] - Tapped on element 'Object Repository/ShopOpen/RemainingCategories/SubmitButton'

2018-08-09 19:35:55 - [TEST_STEP][PASSED] - verifyElementText: Actual text and expected text of test object 'Object Repository/ShopOpen/RemainingCategories/Validate_ProductCategoryAssetScreen' are matched.

2018-08-09 19:35:56 - [MESSAGE][PASSED] - Actual text and expected text of test object 'Object Repository/ShopOpen/RemainingCategories/Validate_ProductCategoryAssetScreen' are matched.

2018-08-09 19:35:56 - [TEST_STEP][PASSED] - tap: Tapped on element 'Object Repository/ShopOpen/RemainingCategories/planogram_ImageView'

2018-08-09 19:35:56 - [MESSAGE][WARNING] - Timeout '0' is invalid. Using default page load timeout: '5'

2018-08-09 19:35:56 - [MESSAGE][PASSED] - Tapped on element 'Object Repository/ShopOpen/RemainingCategories/planogram_ImageView'

2018-08-09 19:35:56 - [TEST_STEP][PASSED] - com.ct.qa.keywords.CommonKeywords.checkPlanogramAvailability: com.ct.qa.keywords.CommonKeywords.checkPlanogramAvailability is PASSED

2018-08-09 19:35:56 - [MESSAGE][WARNING] - Timeout '0' is invalid. Using default page load timeout: '5'

2018-08-09 19:36:03 - [MESSAGE][WARNING] - Object Object Repository/CommonScreenElements/InfoPopUp_OKButton not found
[[ATTACHMENT|F:\\Git Projects\\MMAPlus_Merchandising\\MMAPlus_Merchandising\\Reports\\MMA Plus Merchandising With Chiller Wise Data Verification\\20180809_164504\\1533825362250.png]]

2018-08-09 19:36:03 - [MESSAGE][PASSED] - com.ct.qa.keywords.CommonKeywords.checkPlanogramAvailability is PASSED

2018-08-09 19:36:03 - [TEST_STEP][PASSED] - com.ct.qa.keywords.CommonKeywords.closePlanogram: com.ct.qa.keywords.CommonKeywords.closePlanogram is PASSED

2018-08-09 19:36:04 - [MESSAGE][PASSED] - com.ct.qa.keywords.CommonKeywords.closePlanogram is PASSED

2018-08-09 19:36:04 - [TEST_STEP][PASSED] - verifyElementText: Actual text and expected text of test object 'Object Repository/ShopOpen/RemainingCategories/Validate_ProductCategoryAssetScreen' are matched.

2018-08-09 19:36:05 - [MESSAGE][PASSED] - Actual text and expected text of test object 'Object Repository/ShopOpen/RemainingCategories/Validate_ProductCategoryAssetScreen' are matched.

2018-08-09 19:36:05 - [TEST_STEP][PASSED] - com.ct.qa.keywords.CommonKeywords.findPictureImageView: com.ct.qa.keywords.CommonKeywords.findPictureImageView is PASSED

2018-08-09 19:36:05 - [MESSAGE][WARNING] - Timeout '0' is invalid. Using default page load timeout: '5'

2018-08-09 19:36:06 - [MESSAGE][PASSED] - Tapped on element 'Object Repository/CommonScreenElements/Picture_ImageView'

2018-08-09 19:36:06 - [MESSAGE][WARNING] - Timeout '0' is invalid. Using default page load timeout: '5'

2018-08-09 19:36:09 - [MESSAGE][PASSED] - Element 'Object Repository/CommonScreenElements/Validate_CameraScreen' is exist

2018-08-09 19:36:09 - [MESSAGE][WARNING] - Timeout '0' is invalid. Using default page load timeout: '5'

2018-08-09 19:36:12 - [MESSAGE][PASSED] - Tapped on element 'Object Repository/CommonScreenElements/TakePictureButton'

2018-08-09 19:36:17 - [MESSAGE][PASSED] - Delayed 5 second(s)

2018-08-09 19:36:17 - [MESSAGE][WARNING] - Timeout '0' is invalid. Using default page load timeout: '5'

2018-08-09 19:36:18 - [MESSAGE][PASSED] - Tapped on element 'Object Repository/CommonScreenElements/DoneButton'

2018-08-09 19:36:18 - [MESSAGE][PASSED] - com.ct.qa.keywords.CommonKeywords.findPictureImageView is PASSED

2018-08-09 19:36:18 - [TEST_STEP][PASSED] - verifyElementText: Actual text and expected text of test object 'Object Repository/ShopOpen/RemainingCategories/Validate_ProductCategoryAssetScreen' are matched.

2018-08-09 19:36:19 - [MESSAGE][PASSED] - Actual text and expected text of test object 'Object Repository/ShopOpen/RemainingCategories/Validate_ProductCategoryAssetScreen' are matched.

2018-08-09 19:36:19 - [TEST_STEP][PASSED] - tap: Tapped on element 'Object Repository/ShopOpen/RemainingCategories/ProductCategoryAsset_BackButton'

2018-08-09 19:36:19 - [MESSAGE][WARNING] - Timeout '0' is invalid. Using default page load timeout: '5'

2018-08-09 19:36:20 - [MESSAGE][PASSED] - Tapped on element 'Object Repository/ShopOpen/RemainingCategories/ProductCategoryAsset_BackButton'

2018-08-09 19:36:20 - [TEST_STEP][PASSED] - verifyElementExist: Element 'Object Repository/ShopOpen/Validate_ShopCategoriesListScreen' is exist

2018-08-09 19:36:20 - [MESSAGE][WARNING] - Timeout '0' is invalid. Using default page load timeout: '5'

2018-08-09 19:36:22 - [MESSAGE][PASSED] - Element 'Object Repository/ShopOpen/Validate_ShopCategoriesListScreen' is exist

2018-08-09 19:36:22 - [MESSAGE][PASSED] - Call Test Case 'Test Cases/ShopOpen/RemainingCategories/VisitRemainingCategoriesWithDSA' successfully

2018-08-09 19:36:22 - [TEST_CASE][PASSED] - Test Cases/ShopOpen/RemainingCategories/VisitRemainingCategoriesWithDSA: Test Cases/ShopOpen/RemainingCategories/VisitRemainingCategoriesWithDSA

2018-08-09 19:36:22 - [TEST_STEP][PASSED] - verifyElementText: Actual text and expected text of test object 'Object Repository/ShopOpen/RemainingCategories/Validate_RemainingCategoriesDetailScreen' are matched.

2018-08-09 19:36:25 - [MESSAGE][PASSED] - Actual text and expected text of test object 'Object Repository/ShopOpen/RemainingCategories/Validate_RemainingCategoriesDetailScreen' are matched.

2018-08-09 19:36:25 - [TEST_STEP][PASSED] - tap: Tapped on element 'Object Repository/ShopOpen/RemainingCategories/DisplaySpaceAvailable'

2018-08-09 19:36:25 - [MESSAGE][WARNING] - Timeout '0' is invalid. Using default page load timeout: '5'

2018-08-09 19:36:25 - [MESSAGE][PASSED] - Tapped on element 'Object Repository/ShopOpen/RemainingCategories/DisplaySpaceAvailable'

2018-08-09 19:36:25 - [TEST_STEP][PASSED] - verifyElementText: Actual text and expected text of test object 'Object Repository/ShopOpen/RemainingCategories/Validate_ProductCategoryAssetScreen' are matched.

2018-08-09 19:36:28 - [MESSAGE][PASSED] - Actual text and expected text of test object 'Object Repository/ShopOpen/RemainingCategories/Validate_ProductCategoryAssetScreen' are matched.

2018-08-09 19:36:28 - [TEST_STEP][PASSED] - tap: Tapped on element 'Object Repository/ShopOpen/RemainingCategories/Facing'

2018-08-09 19:36:28 - [MESSAGE][WARNING] - Timeout '0' is invalid. Using default page load timeout: '5'

2018-08-09 19:36:28 - [MESSAGE][PASSED] - Tapped on element 'Object Repository/ShopOpen/RemainingCategories/Facing'

2018-08-09 19:36:28 - [TEST_STEP][PASSED] - verifyElementText: Actual text and expected text of test object 'Object Repository/ShopOpen/RemainingCategories/Validate_FacingScreen' are matched.

2018-08-09 19:36:30 - [MESSAGE][PASSED] - Actual text and expected text of test object 'Object Repository/ShopOpen/RemainingCategories/Validate_FacingScreen' are matched.

2018-08-09 19:36:30 - [TEST_STEP][PASSED] - com.ct.qa.keywords.ChannelProductsDataKeywords.visitChannelWiseProductsData: com.ct.qa.keywords.ChannelProductsDataKeywords.visitChannelWiseProductsData is PASSED

2018-08-09 19:36:34 - [MESSAGE][PASSED] - Keyboard is hidden

2018-08-09 19:36:37 - [MESSAGE][PASSED] - Keyboard is hidden

2018-08-09 19:36:40 - [MESSAGE][PASSED] - Keyboard is hidden

2018-08-09 19:36:43 - [MESSAGE][PASSED] - Keyboard is hidden

2018-08-09 19:36:46 - [MESSAGE][PASSED] - Keyboard is hidden

2018-08-09 19:36:49 - [MESSAGE][PASSED] - Keyboard is hidden

2018-08-09 19:36:53 - [MESSAGE][PASSED] - Swiped from 50,359 to 50,250

2018-08-09 19:36:56 - [MESSAGE][PASSED] - Keyboard is hidden

2018-08-09 19:36:58 - [MESSAGE][PASSED] - Swiped from 50,359 to 50,250

2018-08-09 19:37:01 - [MESSAGE][PASSED] - Keyboard is hidden

2018-08-09 19:37:03 - [MESSAGE][PASSED] - Swiped from 50,359 to 50,250

2018-08-09 19:37:04 - [MESSAGE][PASSED] - com.ct.qa.keywords.ChannelProductsDataKeywords.visitChannelWiseProductsData is PASSED

2018-08-09 19:37:04 - [TEST_STEP][PASSED] - tap: Tapped on element 'Object Repository/ShopOpen/RemainingCategories/SubmitButton'

2018-08-09 19:37:04 - [MESSAGE][WARNING] - Timeout '0' is invalid. Using default page load timeout: '5'

2018-08-09 19:37:04 - [MESSAGE][PASSED] - Tapped on element 'Object Repository/ShopOpen/RemainingCategories/SubmitButton'

2018-08-09 19:37:04 - [TEST_STEP][PASSED] - verifyElementText: Actual text and expected text of test object 'Object Repository/ShopOpen/RemainingCategories/Validate_ProductCategoryAssetScreen' are matched.

2018-08-09 19:37:05 - [MESSAGE][PASSED] - Actual text and expected text of test object 'Object Repository/ShopOpen/RemainingCategories/Validate_ProductCategoryAssetScreen' are matched.

2018-08-09 19:37:05 - [TEST_STEP][PASSED] - tap: Tapped on element 'Object Repository/ShopOpen/RemainingCategories/StockTaking'

2018-08-09 19:37:05 - [MESSAGE][WARNING] - Timeout '0' is invalid. Using default page load timeout: '5'

2018-08-09 19:37:06 - [MESSAGE][PASSED] - Tapped on element 'Object Repository/ShopOpen/RemainingCategories/StockTaking'

2018-08-09 19:37:06 - [TEST_STEP][PASSED] - verifyElementText: Actual text and expected text of test object 'Object Repository/ShopOpen/RemainingCategories/Validate_StockTakingScreen' are matched.

2018-08-09 19:37:08 - [MESSAGE][PASSED] - Actual text and expected text of test object 'Object Repository/ShopOpen/RemainingCategories/Validate_StockTakingScreen' are matched.

2018-08-09 19:37:08 - [TEST_STEP][PASSED] - com.ct.qa.keywords.ChannelProductsDataKeywords.visitChannelWiseProductsData: com.ct.qa.keywords.ChannelProductsDataKeywords.visitChannelWiseProductsData is PASSED

2018-08-09 19:37:13 - [MESSAGE][PASSED] - Keyboard is hidden

2018-08-09 19:37:16 - [MESSAGE][PASSED] - Keyboard is hidden

2018-08-09 19:37:19 - [MESSAGE][PASSED] - Keyboard is hidden

2018-08-09 19:37:22 - [MESSAGE][PASSED] - Keyboard is hidden

2018-08-09 19:37:25 - [MESSAGE][PASSED] - Keyboard is hidden

2018-08-09 19:37:28 - [MESSAGE][PASSED] - Keyboard is hidden

2018-08-09 19:37:32 - [MESSAGE][PASSED] - Swiped from 50,359 to 50,250

2018-08-09 19:37:35 - [MESSAGE][PASSED] - Keyboard is hidden

2018-08-09 19:37:37 - [MESSAGE][PASSED] - Swiped from 50,359 to 50,250

2018-08-09 19:37:40 - [MESSAGE][PASSED] - Keyboard is hidden

2018-08-09 19:37:42 - [MESSAGE][PASSED] - Swiped from 50,359 to 50,250

2018-08-09 19:37:43 - [MESSAGE][PASSED] - com.ct.qa.keywords.ChannelProductsDataKeywords.visitChannelWiseProductsData is PASSED

2018-08-09 19:37:43 - [TEST_STEP][PASSED] - tap: Tapped on element 'Object Repository/ShopOpen/RemainingCategories/SubmitButton'

2018-08-09 19:37:43 - [MESSAGE][WARNING] - Timeout '0' is invalid. Using default page load timeout: '5'

2018-08-09 19:37:44 - [MESSAGE][PASSED] - Tapped on element 'Object Repository/ShopOpen/RemainingCategories/SubmitButton'

2018-08-09 19:37:44 - [TEST_STEP][PASSED] - verifyElementText: Actual text and expected text of test object 'Object Repository/ShopOpen/RemainingCategories/Validate_ProductCategoryAssetScreen' are matched.

2018-08-09 19:37:45 - [MESSAGE][PASSED] - Actual text and expected text of test object 'Object Repository/ShopOpen/RemainingCategories/Validate_ProductCategoryAssetScreen' are matched.

2018-08-09 19:37:45 - [TEST_STEP][PASSED] - tap: Tapped on element 'Object Repository/ShopOpen/RemainingCategories/planogram_ImageView'

2018-08-09 19:37:45 - [MESSAGE][WARNING] - Timeout '0' is invalid. Using default page load timeout: '5'

2018-08-09 19:37:45 - [MESSAGE][PASSED] - Tapped on element 'Object Repository/ShopOpen/RemainingCategories/planogram_ImageView'

2018-08-09 19:37:45 - [TEST_STEP][PASSED] - com.ct.qa.keywords.CommonKeywords.checkPlanogramAvailability: com.ct.qa.keywords.CommonKeywords.checkPlanogramAvailability is PASSED

2018-08-09 19:37:45 - [MESSAGE][WARNING] - Timeout '0' is invalid. Using default page load timeout: '5'

2018-08-09 19:37:51 - [MESSAGE][WARNING] - Object Object Repository/CommonScreenElements/InfoPopUp_OKButton not found
[[ATTACHMENT|F:\\Git Projects\\MMAPlus_Merchandising\\MMAPlus_Merchandising\\Reports\\MMA Plus Merchandising With Chiller Wise Data Verification\\20180809_164504\\1533825470898.png]]

2018-08-09 19:37:51 - [MESSAGE][PASSED] - com.ct.qa.keywords.CommonKeywords.checkPlanogramAvailability is PASSED

2018-08-09 19:37:51 - [TEST_STEP][PASSED] - com.ct.qa.keywords.CommonKeywords.closePlanogram: com.ct.qa.keywords.CommonKeywords.closePlanogram is PASSED

2018-08-09 19:37:52 - [MESSAGE][PASSED] - com.ct.qa.keywords.CommonKeywords.closePlanogram is PASSED

2018-08-09 19:37:52 - [TEST_STEP][PASSED] - verifyElementText: Actual text and expected text of test object 'Object Repository/ShopOpen/RemainingCategories/Validate_ProductCategoryAssetScreen' are matched.

2018-08-09 19:37:53 - [MESSAGE][PASSED] - Actual text and expected text of test object 'Object Repository/ShopOpen/RemainingCategories/Validate_ProductCategoryAssetScreen' are matched.

2018-08-09 19:37:53 - [TEST_STEP][PASSED] - com.ct.qa.keywords.CommonKeywords.findPictureImageView: com.ct.qa.keywords.CommonKeywords.findPictureImageView is PASSED

2018-08-09 19:37:53 - [MESSAGE][WARNING] - Timeout '0' is invalid. Using default page load timeout: '5'

2018-08-09 19:37:55 - [MESSAGE][PASSED] - Tapped on element 'Object Repository/CommonScreenElements/Picture_ImageView'

2018-08-09 19:37:55 - [MESSAGE][WARNING] - Timeout '0' is invalid. Using default page load timeout: '5'

2018-08-09 19:37:56 - [MESSAGE][PASSED] - Element 'Object Repository/CommonScreenElements/Validate_CameraScreen' is exist

2018-08-09 19:37:56 - [MESSAGE][WARNING] - Timeout '0' is invalid. Using default page load timeout: '5'

2018-08-09 19:38:00 - [MESSAGE][PASSED] - Tapped on element 'Object Repository/CommonScreenElements/TakePictureButton'

2018-08-09 19:38:05 - [MESSAGE][PASSED] - Delayed 5 second(s)

2018-08-09 19:38:05 - [MESSAGE][WARNING] - Timeout '0' is invalid. Using default page load timeout: '5'

2018-08-09 19:38:06 - [MESSAGE][PASSED] - Tapped on element 'Object Repository/CommonScreenElements/DoneButton'

2018-08-09 19:38:06 - [MESSAGE][PASSED] - com.ct.qa.keywords.CommonKeywords.findPictureImageView is PASSED

2018-08-09 19:38:06 - [TEST_STEP][PASSED] - verifyElementText: Actual text and expected text of test object 'Object Repository/ShopOpen/RemainingCategories/Validate_ProductCategoryAssetScreen' are matched.

2018-08-09 19:38:07 - [MESSAGE][PASSED] - Actual text and expected text of test object 'Object Repository/ShopOpen/RemainingCategories/Validate_ProductCategoryAssetScreen' are matched.

2018-08-09 19:38:07 - [TEST_STEP][PASSED] - tap: Tapped on element 'Object Repository/ShopOpen/RemainingCategories/ProductCategoryAsset_BackButton'

2018-08-09 19:38:07 - [MESSAGE][WARNING] - Timeout '0' is invalid. Using default page load timeout: '5'

2018-08-09 19:38:08 - [MESSAGE][PASSED] - Tapped on element 'Object Repository/ShopOpen/RemainingCategories/ProductCategoryAsset_BackButton'

2018-08-09 19:38:08 - [TEST_STEP][PASSED] - verifyElementExist: Element 'Object Repository/ShopOpen/Validate_ShopCategoriesListScreen' is exist

2018-08-09 19:38:08 - [MESSAGE][WARNING] - Timeout '0' is invalid. Using default page load timeout: '5'

2018-08-09 19:38:10 - [MESSAGE][PASSED] - Element 'Object Repository/ShopOpen/Validate_ShopCategoriesListScreen' is exist

2018-08-09 19:38:10 - [MESSAGE][PASSED] - Call Test Case 'Test Cases/ShopOpen/RemainingCategories/VisitRemainingCategoriesWithDSA' successfully

2018-08-09 19:38:11 - [TEST_CASE][PASSED] - Test Cases/ShopOpen/RemainingCategories/VisitRemainingCategoriesWithDSA: Test Cases/ShopOpen/RemainingCategories/VisitRemainingCategoriesWithDSA

2018-08-09 19:38:11 - [TEST_STEP][PASSED] - verifyElementText: Actual text and expected text of test object 'Object Repository/ShopOpen/RemainingCategories/Validate_RemainingCategoriesDetailScreen' are matched.

2018-08-09 19:38:13 - [MESSAGE][PASSED] - Actual text and expected text of test object 'Object Repository/ShopOpen/RemainingCategories/Validate_RemainingCategoriesDetailScreen' are matched.

2018-08-09 19:38:13 - [TEST_STEP][PASSED] - tap: Tapped on element 'Object Repository/ShopOpen/RemainingCategories/DisplaySpaceAvailable'

2018-08-09 19:38:13 - [MESSAGE][WARNING] - Timeout '0' is invalid. Using default page load timeout: '5'

2018-08-09 19:38:13 - [MESSAGE][PASSED] - Tapped on element 'Object Repository/ShopOpen/RemainingCategories/DisplaySpaceAvailable'

2018-08-09 19:38:13 - [TEST_STEP][PASSED] - verifyElementText: Actual text and expected text of test object 'Object Repository/ShopOpen/RemainingCategories/Validate_ProductCategoryAssetScreen' are matched.

2018-08-09 19:38:16 - [MESSAGE][PASSED] - Actual text and expected text of test object 'Object Repository/ShopOpen/RemainingCategories/Validate_ProductCategoryAssetScreen' are matched.

2018-08-09 19:38:16 - [TEST_STEP][PASSED] - tap: Tapped on element 'Object Repository/ShopOpen/RemainingCategories/Facing'

2018-08-09 19:38:16 - [MESSAGE][WARNING] - Timeout '0' is invalid. Using default page load timeout: '5'

2018-08-09 19:38:16 - [MESSAGE][PASSED] - Tapped on element 'Object Repository/ShopOpen/RemainingCategories/Facing'

2018-08-09 19:38:16 - [TEST_STEP][PASSED] - verifyElementText: Actual text and expected text of test object 'Object Repository/ShopOpen/RemainingCategories/Validate_FacingScreen' are matched.

2018-08-09 19:38:18 - [MESSAGE][PASSED] - Actual text and expected text of test object 'Object Repository/ShopOpen/RemainingCategories/Validate_FacingScreen' are matched.

2018-08-09 19:38:18 - [TEST_STEP][PASSED] - com.ct.qa.keywords.ChannelProductsDataKeywords.visitChannelWiseProductsData: com.ct.qa.keywords.ChannelProductsDataKeywords.visitChannelWiseProductsData is PASSED

2018-08-09 19:38:22 - [MESSAGE][PASSED] - Keyboard is hidden

2018-08-09 19:38:25 - [MESSAGE][PASSED] - Keyboard is hidden

2018-08-09 19:38:28 - [MESSAGE][PASSED] - Keyboard is hidden

2018-08-09 19:38:31 - [MESSAGE][PASSED] - Keyboard is hidden

2018-08-09 19:38:32 - [MESSAGE][PASSED] - com.ct.qa.keywords.ChannelProductsDataKeywords.visitChannelWiseProductsData is PASSED

2018-08-09 19:38:32 - [TEST_STEP][PASSED] - tap: Tapped on element 'Object Repository/ShopOpen/RemainingCategories/SubmitButton'

2018-08-09 19:38:32 - [MESSAGE][WARNING] - Timeout '0' is invalid. Using default page load timeout: '5'

2018-08-09 19:38:33 - [MESSAGE][PASSED] - Tapped on element 'Object Repository/ShopOpen/RemainingCategories/SubmitButton'

2018-08-09 19:38:33 - [TEST_STEP][PASSED] - verifyElementText: Actual text and expected text of test object 'Object Repository/ShopOpen/RemainingCategories/Validate_ProductCategoryAssetScreen' are matched.

2018-08-09 19:38:34 - [MESSAGE][PASSED] - Actual text and expected text of test object 'Object Repository/ShopOpen/RemainingCategories/Validate_ProductCategoryAssetScreen' are matched.

2018-08-09 19:38:34 - [TEST_STEP][PASSED] - tap: Tapped on element 'Object Repository/ShopOpen/RemainingCategories/StockTaking'

2018-08-09 19:38:34 - [MESSAGE][WARNING] - Timeout '0' is invalid. Using default page load timeout: '5'

2018-08-09 19:38:34 - [MESSAGE][PASSED] - Tapped on element 'Object Repository/ShopOpen/RemainingCategories/StockTaking'

2018-08-09 19:38:34 - [TEST_STEP][PASSED] - verifyElementText: Actual text and expected text of test object 'Object Repository/ShopOpen/RemainingCategories/Validate_StockTakingScreen' are matched.

2018-08-09 19:38:36 - [MESSAGE][PASSED] - Actual text and expected text of test object 'Object Repository/ShopOpen/RemainingCategories/Validate_StockTakingScreen' are matched.

2018-08-09 19:38:36 - [TEST_STEP][PASSED] - com.ct.qa.keywords.ChannelProductsDataKeywords.visitChannelWiseProductsData: com.ct.qa.keywords.ChannelProductsDataKeywords.visitChannelWiseProductsData is PASSED

2018-08-09 19:38:40 - [MESSAGE][PASSED] - Keyboard is hidden

2018-08-09 19:38:43 - [MESSAGE][PASSED] - Keyboard is hidden

2018-08-09 19:38:46 - [MESSAGE][PASSED] - Keyboard is hidden

2018-08-09 19:38:49 - [MESSAGE][PASSED] - Keyboard is hidden

2018-08-09 19:38:50 - [MESSAGE][PASSED] - com.ct.qa.keywords.ChannelProductsDataKeywords.visitChannelWiseProductsData is PASSED

2018-08-09 19:38:50 - [TEST_STEP][PASSED] - tap: Tapped on element 'Object Repository/ShopOpen/RemainingCategories/SubmitButton'

2018-08-09 19:38:50 - [MESSAGE][WARNING] - Timeout '0' is invalid. Using default page load timeout: '5'

2018-08-09 19:38:51 - [MESSAGE][PASSED] - Tapped on element 'Object Repository/ShopOpen/RemainingCategories/SubmitButton'

2018-08-09 19:38:51 - [TEST_STEP][PASSED] - verifyElementText: Actual text and expected text of test object 'Object Repository/ShopOpen/RemainingCategories/Validate_ProductCategoryAssetScreen' are matched.

2018-08-09 19:38:52 - [MESSAGE][PASSED] - Actual text and expected text of test object 'Object Repository/ShopOpen/RemainingCategories/Validate_ProductCategoryAssetScreen' are matched.

2018-08-09 19:38:52 - [TEST_STEP][PASSED] - tap: Tapped on element 'Object Repository/ShopOpen/RemainingCategories/planogram_ImageView'

2018-08-09 19:38:52 - [MESSAGE][WARNING] - Timeout '0' is invalid. Using default page load timeout: '5'

2018-08-09 19:38:52 - [MESSAGE][PASSED] - Tapped on element 'Object Repository/ShopOpen/RemainingCategories/planogram_ImageView'

2018-08-09 19:38:52 - [TEST_STEP][PASSED] - com.ct.qa.keywords.CommonKeywords.checkPlanogramAvailability: com.ct.qa.keywords.CommonKeywords.checkPlanogramAvailability is PASSED

2018-08-09 19:38:52 - [MESSAGE][WARNING] - Timeout '0' is invalid. Using default page load timeout: '5'

2018-08-09 19:38:58 - [MESSAGE][WARNING] - Object Object Repository/CommonScreenElements/InfoPopUp_OKButton not found
[[ATTACHMENT|F:\\Git Projects\\MMAPlus_Merchandising\\MMAPlus_Merchandising\\Reports\\MMA Plus Merchandising With Chiller Wise Data Verification\\20180809_164504\\1533825537817.png]]

2018-08-09 19:38:58 - [MESSAGE][PASSED] - com.ct.qa.keywords.CommonKeywords.checkPlanogramAvailability is PASSED

2018-08-09 19:38:58 - [TEST_STEP][PASSED] - com.ct.qa.keywords.CommonKeywords.closePlanogram: com.ct.qa.keywords.CommonKeywords.closePlanogram is PASSED

2018-08-09 19:38:59 - [MESSAGE][PASSED] - com.ct.qa.keywords.CommonKeywords.closePlanogram is PASSED

2018-08-09 19:38:59 - [TEST_STEP][PASSED] - verifyElementText: Actual text and expected text of test object 'Object Repository/ShopOpen/RemainingCategories/Validate_ProductCategoryAssetScreen' are matched.

2018-08-09 19:39:00 - [MESSAGE][PASSED] - Actual text and expected text of test object 'Object Repository/ShopOpen/RemainingCategories/Validate_ProductCategoryAssetScreen' are matched.

2018-08-09 19:39:00 - [TEST_STEP][PASSED] - com.ct.qa.keywords.CommonKeywords.findPictureImageView: com.ct.qa.keywords.CommonKeywords.findPictureImageView is PASSED

2018-08-09 19:39:01 - [MESSAGE][WARNING] - Timeout '0' is invalid. Using default page load timeout: '5'

2018-08-09 19:39:01 - [MESSAGE][PASSED] - Tapped on element 'Object Repository/CommonScreenElements/Picture_ImageView'

2018-08-09 19:39:01 - [MESSAGE][WARNING] - Timeout '0' is invalid. Using default page load timeout: '5'

2018-08-09 19:39:03 - [MESSAGE][PASSED] - Element 'Object Repository/CommonScreenElements/Validate_CameraScreen' is exist

2018-08-09 19:39:03 - [MESSAGE][WARNING] - Timeout '0' is invalid. Using default page load timeout: '5'

2018-08-09 19:39:06 - [MESSAGE][PASSED] - Tapped on element 'Object Repository/CommonScreenElements/TakePictureButton'

2018-08-09 19:39:11 - [MESSAGE][PASSED] - Delayed 5 second(s)

2018-08-09 19:39:11 - [MESSAGE][WARNING] - Timeout '0' is invalid. Using default page load timeout: '5'

2018-08-09 19:39:12 - [MESSAGE][PASSED] - Tapped on element 'Object Repository/CommonScreenElements/DoneButton'

2018-08-09 19:39:12 - [MESSAGE][PASSED] - com.ct.qa.keywords.CommonKeywords.findPictureImageView is PASSED

2018-08-09 19:39:12 - [TEST_STEP][PASSED] - verifyElementText: Actual text and expected text of test object 'Object Repository/ShopOpen/RemainingCategories/Validate_ProductCategoryAssetScreen' are matched.

2018-08-09 19:39:13 - [MESSAGE][PASSED] - Actual text and expected text of test object 'Object Repository/ShopOpen/RemainingCategories/Validate_ProductCategoryAssetScreen' are matched.

2018-08-09 19:39:13 - [TEST_STEP][PASSED] - tap: Tapped on element 'Object Repository/ShopOpen/RemainingCategories/ProductCategoryAsset_BackButton'

2018-08-09 19:39:13 - [MESSAGE][WARNING] - Timeout '0' is invalid. Using default page load timeout: '5'

2018-08-09 19:39:14 - [MESSAGE][PASSED] - Tapped on element 'Object Repository/ShopOpen/RemainingCategories/ProductCategoryAsset_BackButton'

2018-08-09 19:39:14 - [TEST_STEP][PASSED] - verifyElementExist: Element 'Object Repository/ShopOpen/Validate_ShopCategoriesListScreen' is exist

2018-08-09 19:39:14 - [MESSAGE][WARNING] - Timeout '0' is invalid. Using default page load timeout: '5'

2018-08-09 19:39:16 - [MESSAGE][PASSED] - Element 'Object Repository/ShopOpen/Validate_ShopCategoriesListScreen' is exist

2018-08-09 19:39:16 - [MESSAGE][PASSED] - Call Test Case 'Test Cases/ShopOpen/RemainingCategories/VisitRemainingCategoriesWithDSA' successfully

2018-08-09 19:39:17 - [MESSAGE][PASSED] - Swiped from 0,293 to 0,200

2018-08-09 19:39:20 - [TEST_CASE][PASSED] - Test Cases/ShopOpen/RemainingCategories/VisitRemainingCategoriesWithDSA: Test Cases/ShopOpen/RemainingCategories/VisitRemainingCategoriesWithDSA

2018-08-09 19:39:20 - [TEST_STEP][PASSED] - verifyElementText: Actual text and expected text of test object 'Object Repository/ShopOpen/RemainingCategories/Validate_RemainingCategoriesDetailScreen' are matched.

2018-08-09 19:39:22 - [MESSAGE][PASSED] - Actual text and expected text of test object 'Object Repository/ShopOpen/RemainingCategories/Validate_RemainingCategoriesDetailScreen' are matched.

2018-08-09 19:39:22 - [TEST_STEP][PASSED] - tap: Tapped on element 'Object Repository/ShopOpen/RemainingCategories/DisplaySpaceAvailable'

2018-08-09 19:39:22 - [MESSAGE][WARNING] - Timeout '0' is invalid. Using default page load timeout: '5'

2018-08-09 19:39:22 - [MESSAGE][PASSED] - Tapped on element 'Object Repository/ShopOpen/RemainingCategories/DisplaySpaceAvailable'

2018-08-09 19:39:22 - [TEST_STEP][PASSED] - verifyElementText: Actual text and expected text of test object 'Object Repository/ShopOpen/RemainingCategories/Validate_ProductCategoryAssetScreen' are matched.

2018-08-09 19:39:24 - [MESSAGE][PASSED] - Actual text and expected text of test object 'Object Repository/ShopOpen/RemainingCategories/Validate_ProductCategoryAssetScreen' are matched.

2018-08-09 19:39:24 - [TEST_STEP][PASSED] - tap: Tapped on element 'Object Repository/ShopOpen/RemainingCategories/Facing'

2018-08-09 19:39:24 - [MESSAGE][WARNING] - Timeout '0' is invalid. Using default page load timeout: '5'

2018-08-09 19:39:24 - [MESSAGE][PASSED] - Tapped on element 'Object Repository/ShopOpen/RemainingCategories/Facing'

2018-08-09 19:39:24 - [TEST_STEP][PASSED] - verifyElementText: Actual text and expected text of test object 'Object Repository/ShopOpen/RemainingCategories/Validate_FacingScreen' are matched.

2018-08-09 19:39:26 - [MESSAGE][PASSED] - Actual text and expected text of test object 'Object Repository/ShopOpen/RemainingCategories/Validate_FacingScreen' are matched.

2018-08-09 19:39:26 - [TEST_STEP][PASSED] - com.ct.qa.keywords.ChannelProductsDataKeywords.visitChannelWiseProductsData: com.ct.qa.keywords.ChannelProductsDataKeywords.visitChannelWiseProductsData is PASSED

2018-08-09 19:39:30 - [MESSAGE][PASSED] - Keyboard is hidden

2018-08-09 19:39:33 - [MESSAGE][PASSED] - Keyboard is hidden

2018-08-09 19:39:36 - [MESSAGE][PASSED] - Keyboard is hidden

2018-08-09 19:39:39 - [MESSAGE][PASSED] - Keyboard is hidden

2018-08-09 19:39:40 - [MESSAGE][PASSED] - com.ct.qa.keywords.ChannelProductsDataKeywords.visitChannelWiseProductsData is PASSED

2018-08-09 19:39:40 - [TEST_STEP][PASSED] - tap: Tapped on element 'Object Repository/ShopOpen/RemainingCategories/SubmitButton'

2018-08-09 19:39:40 - [MESSAGE][WARNING] - Timeout '0' is invalid. Using default page load timeout: '5'

2018-08-09 19:39:41 - [MESSAGE][PASSED] - Tapped on element 'Object Repository/ShopOpen/RemainingCategories/SubmitButton'

2018-08-09 19:39:41 - [TEST_STEP][PASSED] - verifyElementText: Actual text and expected text of test object 'Object Repository/ShopOpen/RemainingCategories/Validate_ProductCategoryAssetScreen' are matched.

2018-08-09 19:39:42 - [MESSAGE][PASSED] - Actual text and expected text of test object 'Object Repository/ShopOpen/RemainingCategories/Validate_ProductCategoryAssetScreen' are matched.

2018-08-09 19:39:42 - [TEST_STEP][PASSED] - tap: Tapped on element 'Object Repository/ShopOpen/RemainingCategories/StockTaking'

2018-08-09 19:39:42 - [MESSAGE][WARNING] - Timeout '0' is invalid. Using default page load timeout: '5'

2018-08-09 19:39:43 - [MESSAGE][PASSED] - Tapped on element 'Object Repository/ShopOpen/RemainingCategories/StockTaking'

2018-08-09 19:39:43 - [TEST_STEP][PASSED] - verifyElementText: Actual text and expected text of test object 'Object Repository/ShopOpen/RemainingCategories/Validate_StockTakingScreen' are matched.

2018-08-09 19:39:45 - [MESSAGE][PASSED] - Actual text and expected text of test object 'Object Repository/ShopOpen/RemainingCategories/Validate_StockTakingScreen' are matched.

2018-08-09 19:39:45 - [TEST_STEP][PASSED] - com.ct.qa.keywords.ChannelProductsDataKeywords.visitChannelWiseProductsData: com.ct.qa.keywords.ChannelProductsDataKeywords.visitChannelWiseProductsData is PASSED

2018-08-09 19:39:49 - [MESSAGE][PASSED] - Keyboard is hidden

2018-08-09 19:39:52 - [MESSAGE][PASSED] - Keyboard is hidden

2018-08-09 19:39:55 - [MESSAGE][PASSED] - Keyboard is hidden

2018-08-09 19:39:58 - [MESSAGE][PASSED] - Keyboard is hidden

2018-08-09 19:39:59 - [MESSAGE][PASSED] - com.ct.qa.keywords.ChannelProductsDataKeywords.visitChannelWiseProductsData is PASSED

2018-08-09 19:39:59 - [TEST_STEP][PASSED] - tap: Tapped on element 'Object Repository/ShopOpen/RemainingCategories/SubmitButton'

2018-08-09 19:39:59 - [MESSAGE][WARNING] - Timeout '0' is invalid. Using default page load timeout: '5'

2018-08-09 19:40:01 - [MESSAGE][PASSED] - Tapped on element 'Object Repository/ShopOpen/RemainingCategories/SubmitButton'

2018-08-09 19:40:01 - [TEST_STEP][PASSED] - verifyElementText: Actual text and expected text of test object 'Object Repository/ShopOpen/RemainingCategories/Validate_ProductCategoryAssetScreen' are matched.

2018-08-09 19:40:02 - [MESSAGE][PASSED] - Actual text and expected text of test object 'Object Repository/ShopOpen/RemainingCategories/Validate_ProductCategoryAssetScreen' are matched.

2018-08-09 19:40:02 - [TEST_STEP][PASSED] - tap: Tapped on element 'Object Repository/ShopOpen/RemainingCategories/planogram_ImageView'

2018-08-09 19:40:02 - [MESSAGE][WARNING] - Timeout '0' is invalid. Using default page load timeout: '5'

2018-08-09 19:40:02 - [MESSAGE][PASSED] - Tapped on element 'Object Repository/ShopOpen/RemainingCategories/planogram_ImageView'

2018-08-09 19:40:02 - [TEST_STEP][PASSED] - com.ct.qa.keywords.CommonKeywords.checkPlanogramAvailability: com.ct.qa.keywords.CommonKeywords.checkPlanogramAvailability is PASSED

2018-08-09 19:40:02 - [MESSAGE][WARNING] - Timeout '0' is invalid. Using default page load timeout: '5'

2018-08-09 19:40:08 - [MESSAGE][WARNING] - Object Object Repository/CommonScreenElements/InfoPopUp_OKButton not found
[[ATTACHMENT|F:\\Git Projects\\MMAPlus_Merchandising\\MMAPlus_Merchandising\\Reports\\MMA Plus Merchandising With Chiller Wise Data Verification\\20180809_164504\\1533825607875.png]]

2018-08-09 19:40:08 - [MESSAGE][PASSED] - com.ct.qa.keywords.CommonKeywords.checkPlanogramAvailability is PASSED

2018-08-09 19:40:08 - [TEST_STEP][PASSED] - com.ct.qa.keywords.CommonKeywords.closePlanogram: com.ct.qa.keywords.CommonKeywords.closePlanogram is PASSED

2018-08-09 19:40:09 - [MESSAGE][PASSED] - com.ct.qa.keywords.CommonKeywords.closePlanogram is PASSED

2018-08-09 19:40:09 - [TEST_STEP][PASSED] - verifyElementText: Actual text and expected text of test object 'Object Repository/ShopOpen/RemainingCategories/Validate_ProductCategoryAssetScreen' are matched.

2018-08-09 19:40:10 - [MESSAGE][PASSED] - Actual text and expected text of test object 'Object Repository/ShopOpen/RemainingCategories/Validate_ProductCategoryAssetScreen' are matched.

2018-08-09 19:40:10 - [TEST_STEP][PASSED] - com.ct.qa.keywords.CommonKeywords.findPictureImageView: com.ct.qa.keywords.CommonKeywords.findPictureImageView is PASSED

2018-08-09 19:40:10 - [MESSAGE][WARNING] - Timeout '0' is invalid. Using default page load timeout: '5'

2018-08-09 19:40:12 - [MESSAGE][PASSED] - Tapped on element 'Object Repository/CommonScreenElements/Picture_ImageView'

2018-08-09 19:40:12 - [MESSAGE][WARNING] - Timeout '0' is invalid. Using default page load timeout: '5'

2018-08-09 19:40:13 - [MESSAGE][PASSED] - Element 'Object Repository/CommonScreenElements/Validate_CameraScreen' is exist

2018-08-09 19:40:13 - [MESSAGE][WARNING] - Timeout '0' is invalid. Using default page load timeout: '5'

2018-08-09 19:40:17 - [MESSAGE][PASSED] - Tapped on element 'Object Repository/CommonScreenElements/TakePictureButton'

2018-08-09 19:40:22 - [MESSAGE][PASSED] - Delayed 5 second(s)

2018-08-09 19:40:22 - [MESSAGE][WARNING] - Timeout '0' is invalid. Using default page load timeout: '5'

2018-08-09 19:40:22 - [MESSAGE][PASSED] - Tapped on element 'Object Repository/CommonScreenElements/DoneButton'

2018-08-09 19:40:22 - [MESSAGE][PASSED] - com.ct.qa.keywords.CommonKeywords.findPictureImageView is PASSED

2018-08-09 19:40:22 - [TEST_STEP][PASSED] - verifyElementText: Actual text and expected text of test object 'Object Repository/ShopOpen/RemainingCategories/Validate_ProductCategoryAssetScreen' are matched.

2018-08-09 19:40:23 - [MESSAGE][PASSED] - Actual text and expected text of test object 'Object Repository/ShopOpen/RemainingCategories/Validate_ProductCategoryAssetScreen' are matched.

2018-08-09 19:40:23 - [TEST_STEP][PASSED] - tap: Tapped on element 'Object Repository/ShopOpen/RemainingCategories/ProductCategoryAsset_BackButton'

2018-08-09 19:40:23 - [MESSAGE][WARNING] - Timeout '0' is invalid. Using default page load timeout: '5'

2018-08-09 19:40:24 - [MESSAGE][PASSED] - Tapped on element 'Object Repository/ShopOpen/RemainingCategories/ProductCategoryAsset_BackButton'

2018-08-09 19:40:24 - [TEST_STEP][PASSED] - verifyElementExist: Element 'Object Repository/ShopOpen/Validate_ShopCategoriesListScreen' is exist

2018-08-09 19:40:24 - [MESSAGE][WARNING] - Timeout '0' is invalid. Using default page load timeout: '5'

2018-08-09 19:40:26 - [MESSAGE][PASSED] - Element 'Object Repository/ShopOpen/Validate_ShopCategoriesListScreen' is exist

2018-08-09 19:40:26 - [MESSAGE][PASSED] - Call Test Case 'Test Cases/ShopOpen/RemainingCategories/VisitRemainingCategoriesWithDSA' successfully

2018-08-09 19:40:27 - [MESSAGE][PASSED] - Swiped from 0,293 to 0,200

2018-08-09 19:40:30 - [MESSAGE][PASSED] - Swiped from 0,293 to 0,200

2018-08-09 19:40:32 - [TEST_CASE][PASSED] - Test Cases/ShopOpen/RemainingCategories/VisitRemainingCategoriesWithDSA: Test Cases/ShopOpen/RemainingCategories/VisitRemainingCategoriesWithDSA

2018-08-09 19:40:32 - [TEST_STEP][PASSED] - verifyElementText: Actual text and expected text of test object 'Object Repository/ShopOpen/RemainingCategories/Validate_RemainingCategoriesDetailScreen' are matched.

2018-08-09 19:40:34 - [MESSAGE][PASSED] - Actual text and expected text of test object 'Object Repository/ShopOpen/RemainingCategories/Validate_RemainingCategoriesDetailScreen' are matched.

2018-08-09 19:40:34 - [TEST_STEP][PASSED] - tap: Tapped on element 'Object Repository/ShopOpen/RemainingCategories/DisplaySpaceAvailable'

2018-08-09 19:40:34 - [MESSAGE][WARNING] - Timeout '0' is invalid. Using default page load timeout: '5'

2018-08-09 19:40:34 - [MESSAGE][PASSED] - Tapped on element 'Object Repository/ShopOpen/RemainingCategories/DisplaySpaceAvailable'

2018-08-09 19:40:34 - [TEST_STEP][PASSED] - verifyElementText: Actual text and expected text of test object 'Object Repository/ShopOpen/RemainingCategories/Validate_ProductCategoryAssetScreen' are matched.

2018-08-09 19:40:37 - [MESSAGE][PASSED] - Actual text and expected text of test object 'Object Repository/ShopOpen/RemainingCategories/Validate_ProductCategoryAssetScreen' are matched.

2018-08-09 19:40:37 - [TEST_STEP][PASSED] - tap: Tapped on element 'Object Repository/ShopOpen/RemainingCategories/Facing'

2018-08-09 19:40:37 - [MESSAGE][WARNING] - Timeout '0' is invalid. Using default page load timeout: '5'

2018-08-09 19:40:37 - [MESSAGE][PASSED] - Tapped on element 'Object Repository/ShopOpen/RemainingCategories/Facing'

2018-08-09 19:40:37 - [TEST_STEP][PASSED] - verifyElementText: Actual text and expected text of test object 'Object Repository/ShopOpen/RemainingCategories/Validate_FacingScreen' are matched.

2018-08-09 19:40:39 - [MESSAGE][PASSED] - Actual text and expected text of test object 'Object Repository/ShopOpen/RemainingCategories/Validate_FacingScreen' are matched.

2018-08-09 19:40:39 - [TEST_STEP][PASSED] - com.ct.qa.keywords.ChannelProductsDataKeywords.visitChannelWiseProductsData: com.ct.qa.keywords.ChannelProductsDataKeywords.visitChannelWiseProductsData is PASSED

2018-08-09 19:40:42 - [MESSAGE][PASSED] - Keyboard is hidden

2018-08-09 19:40:43 - [MESSAGE][PASSED] - com.ct.qa.keywords.ChannelProductsDataKeywords.visitChannelWiseProductsData is PASSED

2018-08-09 19:40:43 - [TEST_STEP][PASSED] - tap: Tapped on element 'Object Repository/ShopOpen/RemainingCategories/SubmitButton'

2018-08-09 19:40:43 - [MESSAGE][WARNING] - Timeout '0' is invalid. Using default page load timeout: '5'

2018-08-09 19:40:43 - [MESSAGE][PASSED] - Tapped on element 'Object Repository/ShopOpen/RemainingCategories/SubmitButton'

2018-08-09 19:40:43 - [TEST_STEP][PASSED] - verifyElementText: Actual text and expected text of test object 'Object Repository/ShopOpen/RemainingCategories/Validate_ProductCategoryAssetScreen' are matched.

2018-08-09 19:40:44 - [MESSAGE][PASSED] - Actual text and expected text of test object 'Object Repository/ShopOpen/RemainingCategories/Validate_ProductCategoryAssetScreen' are matched.

2018-08-09 19:40:44 - [TEST_STEP][PASSED] - tap: Tapped on element 'Object Repository/ShopOpen/RemainingCategories/StockTaking'

2018-08-09 19:40:44 - [MESSAGE][WARNING] - Timeout '0' is invalid. Using default page load timeout: '5'

2018-08-09 19:40:45 - [MESSAGE][PASSED] - Tapped on element 'Object Repository/ShopOpen/RemainingCategories/StockTaking'

2018-08-09 19:40:45 - [TEST_STEP][PASSED] - verifyElementText: Actual text and expected text of test object 'Object Repository/ShopOpen/RemainingCategories/Validate_StockTakingScreen' are matched.

2018-08-09 19:40:47 - [MESSAGE][PASSED] - Actual text and expected text of test object 'Object Repository/ShopOpen/RemainingCategories/Validate_StockTakingScreen' are matched.

2018-08-09 19:40:47 - [TEST_STEP][PASSED] - com.ct.qa.keywords.ChannelProductsDataKeywords.visitChannelWiseProductsData: com.ct.qa.keywords.ChannelProductsDataKeywords.visitChannelWiseProductsData is PASSED

2018-08-09 19:40:50 - [MESSAGE][PASSED] - Keyboard is hidden

2018-08-09 19:40:51 - [MESSAGE][PASSED] - com.ct.qa.keywords.ChannelProductsDataKeywords.visitChannelWiseProductsData is PASSED

2018-08-09 19:40:51 - [TEST_STEP][PASSED] - tap: Tapped on element 'Object Repository/ShopOpen/RemainingCategories/SubmitButton'

2018-08-09 19:40:51 - [MESSAGE][WARNING] - Timeout '0' is invalid. Using default page load timeout: '5'

2018-08-09 19:40:51 - [MESSAGE][PASSED] - Tapped on element 'Object Repository/ShopOpen/RemainingCategories/SubmitButton'

2018-08-09 19:40:51 - [TEST_STEP][PASSED] - verifyElementText: Actual text and expected text of test object 'Object Repository/ShopOpen/RemainingCategories/Validate_ProductCategoryAssetScreen' are matched.

2018-08-09 19:40:52 - [MESSAGE][PASSED] - Actual text and expected text of test object 'Object Repository/ShopOpen/RemainingCategories/Validate_ProductCategoryAssetScreen' are matched.

2018-08-09 19:40:52 - [TEST_STEP][PASSED] - tap: Tapped on element 'Object Repository/ShopOpen/RemainingCategories/planogram_ImageView'

2018-08-09 19:40:52 - [MESSAGE][WARNING] - Timeout '0' is invalid. Using default page load timeout: '5'

2018-08-09 19:40:53 - [MESSAGE][PASSED] - Tapped on element 'Object Repository/ShopOpen/RemainingCategories/planogram_ImageView'

2018-08-09 19:40:53 - [TEST_STEP][PASSED] - com.ct.qa.keywords.CommonKeywords.checkPlanogramAvailability: com.ct.qa.keywords.CommonKeywords.checkPlanogramAvailability is PASSED

2018-08-09 19:40:53 - [MESSAGE][WARNING] - Timeout '0' is invalid. Using default page load timeout: '5'

2018-08-09 19:40:59 - [MESSAGE][WARNING] - Object Object Repository/CommonScreenElements/InfoPopUp_OKButton not found
[[ATTACHMENT|F:\\Git Projects\\MMAPlus_Merchandising\\MMAPlus_Merchandising\\Reports\\MMA Plus Merchandising With Chiller Wise Data Verification\\20180809_164504\\1533825658727.png]]

2018-08-09 19:40:59 - [MESSAGE][PASSED] - com.ct.qa.keywords.CommonKeywords.checkPlanogramAvailability is PASSED

2018-08-09 19:40:59 - [TEST_STEP][PASSED] - com.ct.qa.keywords.CommonKeywords.closePlanogram: com.ct.qa.keywords.CommonKeywords.closePlanogram is PASSED

2018-08-09 19:41:00 - [MESSAGE][PASSED] - com.ct.qa.keywords.CommonKeywords.closePlanogram is PASSED

2018-08-09 19:41:00 - [TEST_STEP][PASSED] - verifyElementText: Actual text and expected text of test object 'Object Repository/ShopOpen/RemainingCategories/Validate_ProductCategoryAssetScreen' are matched.

2018-08-09 19:41:01 - [MESSAGE][PASSED] - Actual text and expected text of test object 'Object Repository/ShopOpen/RemainingCategories/Validate_ProductCategoryAssetScreen' are matched.

2018-08-09 19:41:01 - [TEST_STEP][PASSED] - com.ct.qa.keywords.CommonKeywords.findPictureImageView: com.ct.qa.keywords.CommonKeywords.findPictureImageView is PASSED

2018-08-09 19:41:01 - [MESSAGE][WARNING] - Timeout '0' is invalid. Using default page load timeout: '5'

2018-08-09 19:41:04 - [MESSAGE][PASSED] - Tapped on element 'Object Repository/CommonScreenElements/Picture_ImageView'

2018-08-09 19:41:04 - [MESSAGE][WARNING] - Timeout '0' is invalid. Using default page load timeout: '5'

2018-08-09 19:41:04 - [MESSAGE][PASSED] - Element 'Object Repository/CommonScreenElements/Validate_CameraScreen' is exist

2018-08-09 19:41:04 - [MESSAGE][WARNING] - Timeout '0' is invalid. Using default page load timeout: '5'

2018-08-09 19:41:07 - [MESSAGE][PASSED] - Tapped on element 'Object Repository/CommonScreenElements/TakePictureButton'

2018-08-09 19:41:12 - [MESSAGE][PASSED] - Delayed 5 second(s)

2018-08-09 19:41:12 - [MESSAGE][WARNING] - Timeout '0' is invalid. Using default page load timeout: '5'

2018-08-09 19:41:13 - [MESSAGE][PASSED] - Tapped on element 'Object Repository/CommonScreenElements/DoneButton'

2018-08-09 19:41:13 - [MESSAGE][PASSED] - com.ct.qa.keywords.CommonKeywords.findPictureImageView is PASSED

2018-08-09 19:41:13 - [TEST_STEP][PASSED] - verifyElementText: Actual text and expected text of test object 'Object Repository/ShopOpen/RemainingCategories/Validate_ProductCategoryAssetScreen' are matched.

2018-08-09 19:41:14 - [MESSAGE][PASSED] - Actual text and expected text of test object 'Object Repository/ShopOpen/RemainingCategories/Validate_ProductCategoryAssetScreen' are matched.

2018-08-09 19:41:14 - [TEST_STEP][PASSED] - tap: Tapped on element 'Object Repository/ShopOpen/RemainingCategories/ProductCategoryAsset_BackButton'

2018-08-09 19:41:14 - [MESSAGE][WARNING] - Timeout '0' is invalid. Using default page load timeout: '5'

2018-08-09 19:41:14 - [MESSAGE][PASSED] - Tapped on element 'Object Repository/ShopOpen/RemainingCategories/ProductCategoryAsset_BackButton'

2018-08-09 19:41:14 - [TEST_STEP][PASSED] - verifyElementExist: Element 'Object Repository/ShopOpen/Validate_ShopCategoriesListScreen' is exist

2018-08-09 19:41:14 - [MESSAGE][WARNING] - Timeout '0' is invalid. Using default page load timeout: '5'

2018-08-09 19:41:17 - [MESSAGE][PASSED] - Element 'Object Repository/ShopOpen/Validate_ShopCategoriesListScreen' is exist

2018-08-09 19:41:17 - [MESSAGE][PASSED] - Call Test Case 'Test Cases/ShopOpen/RemainingCategories/VisitRemainingCategoriesWithDSA' successfully

2018-08-09 19:41:17 - [MESSAGE][PASSED] - Swiped from 0,293 to 0,200

2018-08-09 19:41:20 - [MESSAGE][PASSED] - Swiped from 0,293 to 0,200

2018-08-09 19:41:24 - [MESSAGE][PASSED] - Swiped from 0,293 to 0,200

2018-08-09 19:41:25 - [TEST_CASE][PASSED] - Test Cases/ShopOpen/RemainingCategories/VisitRemainingCategoriesWithDSA: Test Cases/ShopOpen/RemainingCategories/VisitRemainingCategoriesWithDSA

2018-08-09 19:41:25 - [TEST_STEP][PASSED] - verifyElementText: Actual text and expected text of test object 'Object Repository/ShopOpen/RemainingCategories/Validate_RemainingCategoriesDetailScreen' are matched.

2018-08-09 19:41:28 - [MESSAGE][PASSED] - Actual text and expected text of test object 'Object Repository/ShopOpen/RemainingCategories/Validate_RemainingCategoriesDetailScreen' are matched.

2018-08-09 19:41:28 - [TEST_STEP][PASSED] - tap: Tapped on element 'Object Repository/ShopOpen/RemainingCategories/DisplaySpaceAvailable'

2018-08-09 19:41:28 - [MESSAGE][WARNING] - Timeout '0' is invalid. Using default page load timeout: '5'

2018-08-09 19:41:28 - [MESSAGE][PASSED] - Tapped on element 'Object Repository/ShopOpen/RemainingCategories/DisplaySpaceAvailable'

2018-08-09 19:41:28 - [TEST_STEP][PASSED] - verifyElementText: Actual text and expected text of test object 'Object Repository/ShopOpen/RemainingCategories/Validate_ProductCategoryAssetScreen' are matched.

2018-08-09 19:41:31 - [MESSAGE][PASSED] - Actual text and expected text of test object 'Object Repository/ShopOpen/RemainingCategories/Validate_ProductCategoryAssetScreen' are matched.

2018-08-09 19:41:31 - [TEST_STEP][PASSED] - tap: Tapped on element 'Object Repository/ShopOpen/RemainingCategories/Facing'

2018-08-09 19:41:31 - [MESSAGE][WARNING] - Timeout '0' is invalid. Using default page load timeout: '5'

2018-08-09 19:41:31 - [MESSAGE][PASSED] - Tapped on element 'Object Repository/ShopOpen/RemainingCategories/Facing'

2018-08-09 19:41:31 - [TEST_STEP][PASSED] - verifyElementText: Actual text and expected text of test object 'Object Repository/ShopOpen/RemainingCategories/Validate_FacingScreen' are matched.

2018-08-09 19:41:33 - [MESSAGE][PASSED] - Actual text and expected text of test object 'Object Repository/ShopOpen/RemainingCategories/Validate_FacingScreen' are matched.

2018-08-09 19:41:33 - [TEST_STEP][PASSED] - com.ct.qa.keywords.ChannelProductsDataKeywords.visitChannelWiseProductsData: com.ct.qa.keywords.ChannelProductsDataKeywords.visitChannelWiseProductsData is PASSED

2018-08-09 19:41:36 - [MESSAGE][PASSED] - Keyboard is hidden

2018-08-09 19:41:39 - [MESSAGE][PASSED] - Keyboard is hidden

2018-08-09 19:41:40 - [MESSAGE][PASSED] - com.ct.qa.keywords.ChannelProductsDataKeywords.visitChannelWiseProductsData is PASSED

2018-08-09 19:41:40 - [TEST_STEP][PASSED] - tap: Tapped on element 'Object Repository/ShopOpen/RemainingCategories/SubmitButton'

2018-08-09 19:41:40 - [MESSAGE][WARNING] - Timeout '0' is invalid. Using default page load timeout: '5'

2018-08-09 19:41:40 - [MESSAGE][PASSED] - Tapped on element 'Object Repository/ShopOpen/RemainingCategories/SubmitButton'

2018-08-09 19:41:40 - [TEST_STEP][PASSED] - verifyElementText: Actual text and expected text of test object 'Object Repository/ShopOpen/RemainingCategories/Validate_ProductCategoryAssetScreen' are matched.

2018-08-09 19:41:42 - [MESSAGE][PASSED] - Actual text and expected text of test object 'Object Repository/ShopOpen/RemainingCategories/Validate_ProductCategoryAssetScreen' are matched.

2018-08-09 19:41:42 - [TEST_STEP][PASSED] - tap: Tapped on element 'Object Repository/ShopOpen/RemainingCategories/StockTaking'

2018-08-09 19:41:42 - [MESSAGE][WARNING] - Timeout '0' is invalid. Using default page load timeout: '5'

2018-08-09 19:41:42 - [MESSAGE][PASSED] - Tapped on element 'Object Repository/ShopOpen/RemainingCategories/StockTaking'

2018-08-09 19:41:42 - [TEST_STEP][PASSED] - verifyElementText: Actual text and expected text of test object 'Object Repository/ShopOpen/RemainingCategories/Validate_StockTakingScreen' are matched.

2018-08-09 19:41:44 - [MESSAGE][PASSED] - Actual text and expected text of test object 'Object Repository/ShopOpen/RemainingCategories/Validate_StockTakingScreen' are matched.

2018-08-09 19:41:44 - [TEST_STEP][PASSED] - com.ct.qa.keywords.ChannelProductsDataKeywords.visitChannelWiseProductsData: com.ct.qa.keywords.ChannelProductsDataKeywords.visitChannelWiseProductsData is PASSED

2018-08-09 19:41:47 - [MESSAGE][PASSED] - Keyboard is hidden

2018-08-09 19:41:50 - [MESSAGE][PASSED] - Keyboard is hidden

2018-08-09 19:41:51 - [MESSAGE][PASSED] - com.ct.qa.keywords.ChannelProductsDataKeywords.visitChannelWiseProductsData is PASSED

2018-08-09 19:41:51 - [TEST_STEP][PASSED] - tap: Tapped on element 'Object Repository/ShopOpen/RemainingCategories/SubmitButton'

2018-08-09 19:41:51 - [MESSAGE][WARNING] - Timeout '0' is invalid. Using default page load timeout: '5'

2018-08-09 19:41:52 - [MESSAGE][PASSED] - Tapped on element 'Object Repository/ShopOpen/RemainingCategories/SubmitButton'

2018-08-09 19:41:52 - [TEST_STEP][PASSED] - verifyElementText: Actual text and expected text of test object 'Object Repository/ShopOpen/RemainingCategories/Validate_ProductCategoryAssetScreen' are matched.

2018-08-09 19:41:53 - [MESSAGE][PASSED] - Actual text and expected text of test object 'Object Repository/ShopOpen/RemainingCategories/Validate_ProductCategoryAssetScreen' are matched.

2018-08-09 19:41:53 - [TEST_STEP][PASSED] - tap: Tapped on element 'Object Repository/ShopOpen/RemainingCategories/planogram_ImageView'

2018-08-09 19:41:53 - [MESSAGE][WARNING] - Timeout '0' is invalid. Using default page load timeout: '5'

2018-08-09 19:41:53 - [MESSAGE][PASSED] - Tapped on element 'Object Repository/ShopOpen/RemainingCategories/planogram_ImageView'

2018-08-09 19:41:53 - [TEST_STEP][PASSED] - com.ct.qa.keywords.CommonKeywords.checkPlanogramAvailability: com.ct.qa.keywords.CommonKeywords.checkPlanogramAvailability is PASSED

2018-08-09 19:41:53 - [MESSAGE][WARNING] - Timeout '0' is invalid. Using default page load timeout: '5'

2018-08-09 19:41:59 - [MESSAGE][WARNING] - Object Object Repository/CommonScreenElements/InfoPopUp_OKButton not found
[[ATTACHMENT|F:\\Git Projects\\MMAPlus_Merchandising\\MMAPlus_Merchandising\\Reports\\MMA Plus Merchandising With Chiller Wise Data Verification\\20180809_164504\\1533825718793.png]]

2018-08-09 19:41:59 - [MESSAGE][PASSED] - com.ct.qa.keywords.CommonKeywords.checkPlanogramAvailability is PASSED

2018-08-09 19:41:59 - [TEST_STEP][PASSED] - com.ct.qa.keywords.CommonKeywords.closePlanogram: com.ct.qa.keywords.CommonKeywords.closePlanogram is PASSED

2018-08-09 19:42:00 - [MESSAGE][PASSED] - com.ct.qa.keywords.CommonKeywords.closePlanogram is PASSED

2018-08-09 19:42:00 - [TEST_STEP][PASSED] - verifyElementText: Actual text and expected text of test object 'Object Repository/ShopOpen/RemainingCategories/Validate_ProductCategoryAssetScreen' are matched.

2018-08-09 19:42:01 - [MESSAGE][PASSED] - Actual text and expected text of test object 'Object Repository/ShopOpen/RemainingCategories/Validate_ProductCategoryAssetScreen' are matched.

2018-08-09 19:42:01 - [TEST_STEP][PASSED] - com.ct.qa.keywords.CommonKeywords.findPictureImageView: com.ct.qa.keywords.CommonKeywords.findPictureImageView is PASSED

2018-08-09 19:42:01 - [MESSAGE][WARNING] - Timeout '0' is invalid. Using default page load timeout: '5'

2018-08-09 19:42:04 - [MESSAGE][PASSED] - Tapped on element 'Object Repository/CommonScreenElements/Picture_ImageView'

2018-08-09 19:42:04 - [MESSAGE][WARNING] - Timeout '0' is invalid. Using default page load timeout: '5'

2018-08-09 19:42:05 - [MESSAGE][PASSED] - Element 'Object Repository/CommonScreenElements/Validate_CameraScreen' is exist

2018-08-09 19:42:05 - [MESSAGE][WARNING] - Timeout '0' is invalid. Using default page load timeout: '5'

2018-08-09 19:42:08 - [MESSAGE][PASSED] - Tapped on element 'Object Repository/CommonScreenElements/TakePictureButton'

2018-08-09 19:42:13 - [MESSAGE][PASSED] - Delayed 5 second(s)

2018-08-09 19:42:13 - [MESSAGE][WARNING] - Timeout '0' is invalid. Using default page load timeout: '5'

2018-08-09 19:42:14 - [MESSAGE][PASSED] - Tapped on element 'Object Repository/CommonScreenElements/DoneButton'

2018-08-09 19:42:14 - [MESSAGE][PASSED] - com.ct.qa.keywords.CommonKeywords.findPictureImageView is PASSED

2018-08-09 19:42:14 - [TEST_STEP][PASSED] - verifyElementText: Actual text and expected text of test object 'Object Repository/ShopOpen/RemainingCategories/Validate_ProductCategoryAssetScreen' are matched.

2018-08-09 19:42:15 - [MESSAGE][PASSED] - Actual text and expected text of test object 'Object Repository/ShopOpen/RemainingCategories/Validate_ProductCategoryAssetScreen' are matched.

2018-08-09 19:42:15 - [TEST_STEP][PASSED] - tap: Tapped on element 'Object Repository/ShopOpen/RemainingCategories/ProductCategoryAsset_BackButton'

2018-08-09 19:42:15 - [MESSAGE][WARNING] - Timeout '0' is invalid. Using default page load timeout: '5'

2018-08-09 19:42:15 - [MESSAGE][PASSED] - Tapped on element 'Object Repository/ShopOpen/RemainingCategories/ProductCategoryAsset_BackButton'

2018-08-09 19:42:15 - [TEST_STEP][PASSED] - verifyElementExist: Element 'Object Repository/ShopOpen/Validate_ShopCategoriesListScreen' is exist

2018-08-09 19:42:15 - [MESSAGE][WARNING] - Timeout '0' is invalid. Using default page load timeout: '5'

2018-08-09 19:42:18 - [MESSAGE][PASSED] - Element 'Object Repository/ShopOpen/Validate_ShopCategoriesListScreen' is exist

2018-08-09 19:42:18 - [MESSAGE][PASSED] - Call Test Case 'Test Cases/ShopOpen/RemainingCategories/VisitRemainingCategoriesWithDSA' successfully

2018-08-09 19:42:19 - [MESSAGE][PASSED] - Swiped from 0,293 to 0,200

2018-08-09 19:42:21 - [MESSAGE][PASSED] - Swiped from 0,293 to 0,200

2018-08-09 19:42:23 - [MESSAGE][PASSED] - Swiped from 0,293 to 0,200

2018-08-09 19:42:26 - [MESSAGE][PASSED] - Swiped from 0,293 to 0,200

2018-08-09 19:42:28 - [TEST_CASE][PASSED] - Test Cases/ShopOpen/RemainingCategories/VisitRemainingCategoriesWithDSA: Test Cases/ShopOpen/RemainingCategories/VisitRemainingCategoriesWithDSA

2018-08-09 19:42:28 - [TEST_STEP][PASSED] - verifyElementText: Actual text and expected text of test object 'Object Repository/ShopOpen/RemainingCategories/Validate_RemainingCategoriesDetailScreen' are matched.

2018-08-09 19:42:30 - [MESSAGE][PASSED] - Actual text and expected text of test object 'Object Repository/ShopOpen/RemainingCategories/Validate_RemainingCategoriesDetailScreen' are matched.

2018-08-09 19:42:30 - [TEST_STEP][PASSED] - tap: Tapped on element 'Object Repository/ShopOpen/RemainingCategories/DisplaySpaceAvailable'

2018-08-09 19:42:30 - [MESSAGE][WARNING] - Timeout '0' is invalid. Using default page load timeout: '5'

2018-08-09 19:42:30 - [MESSAGE][PASSED] - Tapped on element 'Object Repository/ShopOpen/RemainingCategories/DisplaySpaceAvailable'

2018-08-09 19:42:30 - [TEST_STEP][PASSED] - verifyElementText: Actual text and expected text of test object 'Object Repository/ShopOpen/RemainingCategories/Validate_ProductCategoryAssetScreen' are matched.

2018-08-09 19:42:33 - [MESSAGE][PASSED] - Actual text and expected text of test object 'Object Repository/ShopOpen/RemainingCategories/Validate_ProductCategoryAssetScreen' are matched.

2018-08-09 19:42:33 - [TEST_STEP][PASSED] - tap: Tapped on element 'Object Repository/ShopOpen/RemainingCategories/Facing'

2018-08-09 19:42:33 - [MESSAGE][WARNING] - Timeout '0' is invalid. Using default page load timeout: '5'

2018-08-09 19:42:33 - [MESSAGE][PASSED] - Tapped on element 'Object Repository/ShopOpen/RemainingCategories/Facing'

2018-08-09 19:42:33 - [TEST_STEP][PASSED] - verifyElementText: Actual text and expected text of test object 'Object Repository/ShopOpen/RemainingCategories/Validate_FacingScreen' are matched.

2018-08-09 19:42:35 - [MESSAGE][PASSED] - Actual text and expected text of test object 'Object Repository/ShopOpen/RemainingCategories/Validate_FacingScreen' are matched.

2018-08-09 19:42:35 - [TEST_STEP][PASSED] - com.ct.qa.keywords.ChannelProductsDataKeywords.visitChannelWiseProductsData: com.ct.qa.keywords.ChannelProductsDataKeywords.visitChannelWiseProductsData is PASSED

2018-08-09 19:42:39 - [MESSAGE][PASSED] - Keyboard is hidden

2018-08-09 19:42:42 - [MESSAGE][PASSED] - Keyboard is hidden

2018-08-09 19:42:45 - [MESSAGE][PASSED] - Keyboard is hidden

2018-08-09 19:42:46 - [MESSAGE][PASSED] - com.ct.qa.keywords.ChannelProductsDataKeywords.visitChannelWiseProductsData is PASSED

2018-08-09 19:42:46 - [TEST_STEP][PASSED] - tap: Tapped on element 'Object Repository/ShopOpen/RemainingCategories/SubmitButton'

2018-08-09 19:42:46 - [MESSAGE][WARNING] - Timeout '0' is invalid. Using default page load timeout: '5'

2018-08-09 19:42:47 - [MESSAGE][PASSED] - Tapped on element 'Object Repository/ShopOpen/RemainingCategories/SubmitButton'

2018-08-09 19:42:47 - [TEST_STEP][PASSED] - verifyElementText: Actual text and expected text of test object 'Object Repository/ShopOpen/RemainingCategories/Validate_ProductCategoryAssetScreen' are matched.

2018-08-09 19:42:48 - [MESSAGE][PASSED] - Actual text and expected text of test object 'Object Repository/ShopOpen/RemainingCategories/Validate_ProductCategoryAssetScreen' are matched.

2018-08-09 19:42:48 - [TEST_STEP][PASSED] - tap: Tapped on element 'Object Repository/ShopOpen/RemainingCategories/StockTaking'

2018-08-09 19:42:48 - [MESSAGE][WARNING] - Timeout '0' is invalid. Using default page load timeout: '5'

2018-08-09 19:42:48 - [MESSAGE][PASSED] - Tapped on element 'Object Repository/ShopOpen/RemainingCategories/StockTaking'

2018-08-09 19:42:48 - [TEST_STEP][PASSED] - verifyElementText: Actual text and expected text of test object 'Object Repository/ShopOpen/RemainingCategories/Validate_StockTakingScreen' are matched.

2018-08-09 19:42:50 - [MESSAGE][PASSED] - Actual text and expected text of test object 'Object Repository/ShopOpen/RemainingCategories/Validate_StockTakingScreen' are matched.

2018-08-09 19:42:50 - [TEST_STEP][PASSED] - com.ct.qa.keywords.ChannelProductsDataKeywords.visitChannelWiseProductsData: com.ct.qa.keywords.ChannelProductsDataKeywords.visitChannelWiseProductsData is PASSED

2018-08-09 19:42:54 - [MESSAGE][PASSED] - Keyboard is hidden

2018-08-09 19:42:57 - [MESSAGE][PASSED] - Keyboard is hidden

2018-08-09 19:43:00 - [MESSAGE][PASSED] - Keyboard is hidden

2018-08-09 19:43:01 - [MESSAGE][PASSED] - com.ct.qa.keywords.ChannelProductsDataKeywords.visitChannelWiseProductsData is PASSED

2018-08-09 19:43:01 - [TEST_STEP][PASSED] - tap: Tapped on element 'Object Repository/ShopOpen/RemainingCategories/SubmitButton'

2018-08-09 19:43:01 - [MESSAGE][WARNING] - Timeout '0' is invalid. Using default page load timeout: '5'

2018-08-09 19:43:02 - [MESSAGE][PASSED] - Tapped on element 'Object Repository/ShopOpen/RemainingCategories/SubmitButton'

2018-08-09 19:43:02 - [TEST_STEP][PASSED] - verifyElementText: Actual text and expected text of test object 'Object Repository/ShopOpen/RemainingCategories/Validate_ProductCategoryAssetScreen' are matched.

2018-08-09 19:43:03 - [MESSAGE][PASSED] - Actual text and expected text of test object 'Object Repository/ShopOpen/RemainingCategories/Validate_ProductCategoryAssetScreen' are matched.

2018-08-09 19:43:03 - [TEST_STEP][PASSED] - tap: Tapped on element 'Object Repository/ShopOpen/RemainingCategories/planogram_ImageView'

2018-08-09 19:43:03 - [MESSAGE][WARNING] - Timeout '0' is invalid. Using default page load timeout: '5'

2018-08-09 19:43:04 - [MESSAGE][PASSED] - Tapped on element 'Object Repository/ShopOpen/RemainingCategories/planogram_ImageView'

2018-08-09 19:43:04 - [TEST_STEP][PASSED] - com.ct.qa.keywords.CommonKeywords.checkPlanogramAvailability: com.ct.qa.keywords.CommonKeywords.checkPlanogramAvailability is PASSED

2018-08-09 19:43:04 - [MESSAGE][WARNING] - Timeout '0' is invalid. Using default page load timeout: '5'

2018-08-09 19:43:10 - [MESSAGE][WARNING] - Object Object Repository/CommonScreenElements/InfoPopUp_OKButton not found
[[ATTACHMENT|F:\\Git Projects\\MMAPlus_Merchandising\\MMAPlus_Merchandising\\Reports\\MMA Plus Merchandising With Chiller Wise Data Verification\\20180809_164504\\1533825789783.png]]

2018-08-09 19:43:10 - [MESSAGE][PASSED] - com.ct.qa.keywords.CommonKeywords.checkPlanogramAvailability is PASSED

2018-08-09 19:43:10 - [TEST_STEP][PASSED] - com.ct.qa.keywords.CommonKeywords.closePlanogram: com.ct.qa.keywords.CommonKeywords.closePlanogram is PASSED

2018-08-09 19:43:11 - [MESSAGE][PASSED] - com.ct.qa.keywords.CommonKeywords.closePlanogram is PASSED

2018-08-09 19:43:11 - [TEST_STEP][PASSED] - verifyElementText: Actual text and expected text of test object 'Object Repository/ShopOpen/RemainingCategories/Validate_ProductCategoryAssetScreen' are matched.

2018-08-09 19:43:12 - [MESSAGE][PASSED] - Actual text and expected text of test object 'Object Repository/ShopOpen/RemainingCategories/Validate_ProductCategoryAssetScreen' are matched.

2018-08-09 19:43:12 - [TEST_STEP][PASSED] - com.ct.qa.keywords.CommonKeywords.findPictureImageView: com.ct.qa.keywords.CommonKeywords.findPictureImageView is PASSED

2018-08-09 19:43:12 - [MESSAGE][WARNING] - Timeout '0' is invalid. Using default page load timeout: '5'

2018-08-09 19:43:14 - [MESSAGE][PASSED] - Tapped on element 'Object Repository/CommonScreenElements/Picture_ImageView'

2018-08-09 19:43:14 - [MESSAGE][WARNING] - Timeout '0' is invalid. Using default page load timeout: '5'

2018-08-09 19:43:15 - [MESSAGE][PASSED] - Element 'Object Repository/CommonScreenElements/Validate_CameraScreen' is exist

2018-08-09 19:43:15 - [MESSAGE][WARNING] - Timeout '0' is invalid. Using default page load timeout: '5'

2018-08-09 19:43:19 - [MESSAGE][PASSED] - Tapped on element 'Object Repository/CommonScreenElements/TakePictureButton'

2018-08-09 19:43:24 - [MESSAGE][PASSED] - Delayed 5 second(s)

2018-08-09 19:43:24 - [MESSAGE][WARNING] - Timeout '0' is invalid. Using default page load timeout: '5'

2018-08-09 19:43:24 - [MESSAGE][PASSED] - Tapped on element 'Object Repository/CommonScreenElements/DoneButton'

2018-08-09 19:43:24 - [MESSAGE][PASSED] - com.ct.qa.keywords.CommonKeywords.findPictureImageView is PASSED

2018-08-09 19:43:24 - [TEST_STEP][PASSED] - verifyElementText: Actual text and expected text of test object 'Object Repository/ShopOpen/RemainingCategories/Validate_ProductCategoryAssetScreen' are matched.

2018-08-09 19:43:25 - [MESSAGE][PASSED] - Actual text and expected text of test object 'Object Repository/ShopOpen/RemainingCategories/Validate_ProductCategoryAssetScreen' are matched.

2018-08-09 19:43:25 - [TEST_STEP][PASSED] - tap: Tapped on element 'Object Repository/ShopOpen/RemainingCategories/ProductCategoryAsset_BackButton'

2018-08-09 19:43:25 - [MESSAGE][WARNING] - Timeout '0' is invalid. Using default page load timeout: '5'

2018-08-09 19:43:25 - [MESSAGE][PASSED] - Tapped on element 'Object Repository/ShopOpen/RemainingCategories/ProductCategoryAsset_BackButton'

2018-08-09 19:43:25 - [TEST_STEP][PASSED] - verifyElementExist: Element 'Object Repository/ShopOpen/Validate_ShopCategoriesListScreen' is exist

2018-08-09 19:43:25 - [MESSAGE][WARNING] - Timeout '0' is invalid. Using default page load timeout: '5'

2018-08-09 19:43:27 - [MESSAGE][PASSED] - Element 'Object Repository/ShopOpen/Validate_ShopCategoriesListScreen' is exist

2018-08-09 19:43:27 - [MESSAGE][PASSED] - Call Test Case 'Test Cases/ShopOpen/RemainingCategories/VisitRemainingCategoriesWithDSA' successfully

2018-08-09 19:43:28 - [MESSAGE][PASSED] - Swiped from 0,293 to 0,200

2018-08-09 19:43:30 - [MESSAGE][PASSED] - Swiped from 0,293 to 0,200

2018-08-09 19:43:32 - [MESSAGE][PASSED] - Swiped from 0,293 to 0,200

2018-08-09 19:43:34 - [MESSAGE][PASSED] - Swiped from 0,293 to 0,200

2018-08-09 19:43:37 - [MESSAGE][PASSED] - Swiped from 0,293 to 0,200

2018-08-09 19:43:39 - [TEST_CASE][PASSED] - Test Cases/ShopOpen/RTMVisitFrequency/VisitRTMVisitFrequency: Test Cases/ShopOpen/RTMVisitFrequency/VisitRTMVisitFrequency

2018-08-09 19:43:39 - [TEST_STEP][PASSED] - verifyElementText: Actual text and expected text of test object 'Object Repository/ShopOpen/RTMVisitFrequency/Validate_RTMVisitFrequencyScreen' are matched.

2018-08-09 19:43:41 - [MESSAGE][PASSED] - Actual text and expected text of test object 'Object Repository/ShopOpen/RTMVisitFrequency/Validate_RTMVisitFrequencyScreen' are matched.

2018-08-09 19:43:41 - [TEST_STEP][PASSED] - com.ct.qa.keywords.RTMVisitFrequencyKeywords.visitRTMVisitFrequency: com.ct.qa.keywords.RTMVisitFrequencyKeywords.visitRTMVisitFrequency is PASSED

2018-08-09 19:43:41 - [MESSAGE][WARNING] - Timeout '0' is invalid. Using default page load timeout: '5'

2018-08-09 19:43:43 - [MESSAGE][PASSED] - Element 'Object Repository/ShopOpen/RTMVisitFrequency/Validate_RTMVisitFrequencyRemarks' is exist

2018-08-09 19:43:43 - [MESSAGE][WARNING] - Timeout '0' is invalid. Using default page load timeout: '5'

2018-08-09 19:43:44 - [MESSAGE][PASSED] - Tapped on element 'Object Repository/ShopOpen/RTMVisitFrequency/OnceAWeek'

2018-08-09 19:43:44 - [MESSAGE][WARNING] - Timeout '0' is invalid. Using default page load timeout: '5'

2018-08-09 19:43:46 - [MESSAGE][PASSED] - Element 'Object Repository/ShopOpen/RTMVisitFrequency/Validate_RTMVisitFrequencyRemarks' is exist

2018-08-09 19:43:46 - [MESSAGE][WARNING] - Timeout '0' is invalid. Using default page load timeout: '5'

2018-08-09 19:43:47 - [MESSAGE][PASSED] - Tapped on element 'Object Repository/ShopOpen/RTMVisitFrequency/OnceAWeek'

2018-08-09 19:43:47 - [MESSAGE][WARNING] - Timeout '0' is invalid. Using default page load timeout: '5'

2018-08-09 19:43:49 - [MESSAGE][PASSED] - Element 'Object Repository/ShopOpen/RTMVisitFrequency/Validate_RTMVisitFrequencyRemarks' is exist

2018-08-09 19:43:49 - [MESSAGE][WARNING] - Timeout '0' is invalid. Using default page load timeout: '5'

2018-08-09 19:43:49 - [MESSAGE][PASSED] - Tapped on element 'Object Repository/ShopOpen/RTMVisitFrequency/OnceAWeek'

2018-08-09 19:43:50 - [MESSAGE][WARNING] - Timeout '0' is invalid. Using default page load timeout: '5'

2018-08-09 19:43:52 - [MESSAGE][PASSED] - Element 'Object Repository/ShopOpen/RTMVisitFrequency/Validate_RTMVisitFrequencyRemarks' is exist

2018-08-09 19:43:52 - [MESSAGE][WARNING] - Timeout '0' is invalid. Using default page load timeout: '5'

2018-08-09 19:43:52 - [MESSAGE][PASSED] - Tapped on element 'Object Repository/ShopOpen/RTMVisitFrequency/OnceAWeek'

2018-08-09 19:43:52 - [MESSAGE][PASSED] - com.ct.qa.keywords.RTMVisitFrequencyKeywords.visitRTMVisitFrequency is PASSED

2018-08-09 19:43:52 - [TEST_STEP][PASSED] - tap: Tapped on element 'Object Repository/ShopOpen/RTMVisitFrequency/BackButton'

2018-08-09 19:43:52 - [MESSAGE][WARNING] - Timeout '0' is invalid. Using default page load timeout: '5'

2018-08-09 19:43:53 - [MESSAGE][PASSED] - Tapped on element 'Object Repository/ShopOpen/RTMVisitFrequency/BackButton'

2018-08-09 19:43:53 - [TEST_STEP][PASSED] - verifyElementExist: Element 'Object Repository/ShopOpen/Validate_ShopCategoriesListScreen' is exist

2018-08-09 19:43:53 - [MESSAGE][WARNING] - Timeout '0' is invalid. Using default page load timeout: '5'

2018-08-09 19:43:55 - [MESSAGE][PASSED] - Element 'Object Repository/ShopOpen/Validate_ShopCategoriesListScreen' is exist

2018-08-09 19:43:55 - [MESSAGE][PASSED] - Call Test Case 'Test Cases/ShopOpen/RTMVisitFrequency/VisitRTMVisitFrequency' successfully

2018-08-09 19:43:56 - [MESSAGE][PASSED] - Swiped from 0,293 to 0,200

2018-08-09 19:43:58 - [MESSAGE][PASSED] - Swiped from 0,293 to 0,200

2018-08-09 19:44:00 - [MESSAGE][PASSED] - Swiped from 0,293 to 0,200

2018-08-09 19:44:02 - [MESSAGE][PASSED] - Swiped from 0,293 to 0,200

2018-08-09 19:44:04 - [MESSAGE][PASSED] - Swiped from 0,293 to 0,200

2018-08-09 19:44:07 - [MESSAGE][PASSED] - Swiped from 0,293 to 0,200

2018-08-09 19:44:09 - [TEST_CASE][PASSED] - Test Cases/ShopOpen/POPApplication/OverwritePOPApplication: Test Cases/ShopOpen/POPApplication/OverwritePOPApplication

2018-08-09 19:44:09 - [TEST_STEP][PASSED] - verifyElementText: Actual text and expected text of test object 'Object Repository/ShopOpen/POPApplication/Validate_POPApplicationDetailScreen' are matched.

2018-08-09 19:44:11 - [MESSAGE][PASSED] - Actual text and expected text of test object 'Object Repository/ShopOpen/POPApplication/Validate_POPApplicationDetailScreen' are matched.

2018-08-09 19:44:11 - [TEST_STEP][PASSED] - tap: Tapped on element 'Object Repository/ShopOpen/POPApplication/POPDeployment_No'

2018-08-09 19:44:11 - [MESSAGE][WARNING] - Timeout '0' is invalid. Using default page load timeout: '5'

2018-08-09 19:44:11 - [MESSAGE][PASSED] - Tapped on element 'Object Repository/ShopOpen/POPApplication/POPDeployment_No'

2018-08-09 19:44:11 - [TEST_STEP][PASSED] - pressBack: Press back button successfully

2018-08-09 19:44:12 - [MESSAGE][PASSED] - Press back button successfully

2018-08-09 19:44:12 - [TEST_STEP][PASSED] - verifyElementExist: Element 'Object Repository/ShopOpen/Validate_ShopCategoriesListScreen' is exist

2018-08-09 19:44:12 - [MESSAGE][WARNING] - Timeout '0' is invalid. Using default page load timeout: '5'

2018-08-09 19:44:13 - [MESSAGE][PASSED] - Element 'Object Repository/ShopOpen/Validate_ShopCategoriesListScreen' is exist

2018-08-09 19:44:13 - [MESSAGE][PASSED] - Call Test Case 'Test Cases/ShopOpen/POPApplication/OverwritePOPApplication' successfully

2018-08-09 19:44:14 - [MESSAGE][PASSED] - Swiped from 0,293 to 0,200

2018-08-09 19:44:16 - [MESSAGE][PASSED] - Swiped from 0,293 to 0,200

2018-08-09 19:44:18 - [MESSAGE][PASSED] - Swiped from 0,293 to 0,200

2018-08-09 19:44:20 - [MESSAGE][PASSED] - Swiped from 0,293 to 0,200

2018-08-09 19:44:22 - [MESSAGE][PASSED] - Swiped from 0,293 to 0,200

2018-08-09 19:44:24 - [MESSAGE][PASSED] - Swiped from 0,293 to 0,200

2018-08-09 19:44:27 - [MESSAGE][PASSED] - Swiped from 0,293 to 0,200

2018-08-09 19:44:29 - [TEST_CASE][PASSED] - Test Cases/ShopOpen/RetailerRemarks/VisitRetailerRemarks: Test Cases/ShopOpen/RetailerRemarks/VisitRetailerRemarks

2018-08-09 19:44:29 - [TEST_STEP][PASSED] - verifyElementText: Actual text and expected text of test object 'Object Repository/ShopOpen/RetailerRemarks/Validate_RetailerRemarksScreen' are matched.

2018-08-09 19:44:31 - [MESSAGE][PASSED] - Actual text and expected text of test object 'Object Repository/ShopOpen/RetailerRemarks/Validate_RetailerRemarksScreen' are matched.

2018-08-09 19:44:31 - [TEST_STEP][PASSED] - com.ct.qa.keywords.RetailerRemarksKeywords.visitRetailerRemarks: com.ct.qa.keywords.RetailerRemarksKeywords.visitRetailerRemarks is PASSED

2018-08-09 19:44:31 - [MESSAGE][WARNING] - Timeout '0' is invalid. Using default page load timeout: '5'

2018-08-09 19:44:33 - [MESSAGE][PASSED] - Element 'Object Repository/ShopOpen/RetailerRemarks/OBNotVisiting' is exist

2018-08-09 19:44:33 - [MESSAGE][WARNING] - Timeout '0' is invalid. Using default page load timeout: '5'

2018-08-09 19:44:33 - [MESSAGE][PASSED] - Tapped on element 'Object Repository/ShopOpen/RetailerRemarks/OBNotVisiting'

2018-08-09 19:44:34 - [MESSAGE][PASSED] - Press back button successfully

2018-08-09 19:44:35 - [MESSAGE][PASSED] - Actual text and expected text of test object 'Object Repository/ShopOpen/RetailerRemarks/Validate_RetailerRemarksScreen' are matched.

2018-08-09 19:44:35 - [MESSAGE][WARNING] - Timeout '0' is invalid. Using default page load timeout: '5'

2018-08-09 19:44:37 - [MESSAGE][PASSED] - Element 'Object Repository/ShopOpen/RetailerRemarks/OBNotVisiting' is exist

2018-08-09 19:44:37 - [MESSAGE][WARNING] - Timeout '0' is invalid. Using default page load timeout: '5'

2018-08-09 19:44:37 - [MESSAGE][PASSED] - Tapped on element 'Object Repository/ShopOpen/RetailerRemarks/OBNotVisiting'

2018-08-09 19:44:38 - [MESSAGE][PASSED] - Press back button successfully

2018-08-09 19:44:39 - [MESSAGE][PASSED] - Actual text and expected text of test object 'Object Repository/ShopOpen/RetailerRemarks/Validate_RetailerRemarksScreen' are matched.

2018-08-09 19:44:39 - [MESSAGE][WARNING] - Timeout '0' is invalid. Using default page load timeout: '5'

2018-08-09 19:44:41 - [MESSAGE][PASSED] - Element 'Object Repository/ShopOpen/RetailerRemarks/OBNotVisiting' is exist

2018-08-09 19:44:41 - [MESSAGE][WARNING] - Timeout '0' is invalid. Using default page load timeout: '5'

2018-08-09 19:44:41 - [MESSAGE][PASSED] - Tapped on element 'Object Repository/ShopOpen/RetailerRemarks/OBNotVisiting'

2018-08-09 19:44:42 - [MESSAGE][PASSED] - Press back button successfully

2018-08-09 19:44:45 - [MESSAGE][PASSED] - Actual text and expected text of test object 'Object Repository/ShopOpen/RetailerRemarks/Validate_RetailerRemarksScreen' are matched.

2018-08-09 19:44:45 - [MESSAGE][PASSED] - com.ct.qa.keywords.RetailerRemarksKeywords.visitRetailerRemarks is PASSED

2018-08-09 19:44:45 - [TEST_STEP][PASSED] - tap: Tapped on element 'Object Repository/ShopOpen/RetailerRemarks/BackButton'

2018-08-09 19:44:45 - [MESSAGE][WARNING] - Timeout '0' is invalid. Using default page load timeout: '5'

2018-08-09 19:44:45 - [MESSAGE][PASSED] - Tapped on element 'Object Repository/ShopOpen/RetailerRemarks/BackButton'

2018-08-09 19:44:45 - [TEST_STEP][PASSED] - verifyElementExist: Element 'Object Repository/ShopOpen/Validate_ShopCategoriesListScreen' is exist

2018-08-09 19:44:45 - [MESSAGE][WARNING] - Timeout '0' is invalid. Using default page load timeout: '5'

2018-08-09 19:44:48 - [MESSAGE][PASSED] - Element 'Object Repository/ShopOpen/Validate_ShopCategoriesListScreen' is exist

2018-08-09 19:44:48 - [MESSAGE][PASSED] - Call Test Case 'Test Cases/ShopOpen/RetailerRemarks/VisitRetailerRemarks' successfully

2018-08-09 19:44:49 - [MESSAGE][PASSED] - Swiped from 0,293 to 0,200

2018-08-09 19:44:51 - [MESSAGE][PASSED] - Swiped from 0,293 to 0,200

2018-08-09 19:44:53 - [MESSAGE][PASSED] - Swiped from 0,293 to 0,200

2018-08-09 19:44:55 - [MESSAGE][PASSED] - Swiped from 0,293 to 0,200

2018-08-09 19:44:57 - [MESSAGE][PASSED] - Swiped from 0,293 to 0,200

2018-08-09 19:44:59 - [MESSAGE][PASSED] - Swiped from 0,293 to 0,200

2018-08-09 19:45:02 - [MESSAGE][PASSED] - Swiped from 0,293 to 0,200

2018-08-09 19:45:05 - [MESSAGE][PASSED] - Swiped from 0,293 to 0,200

2018-08-09 19:45:07 - [TEST_CASE][PASSED] - Test Cases/ShopOpen/AdditionalPicture/VisitAdditionalPicture: Test Cases/ShopOpen/AdditionalPicture/VisitAdditionalPicture

2018-08-09 19:45:07 - [TEST_STEP][PASSED] - verifyElementText: Actual text and expected text of test object 'Object Repository/ShopOpen/AdditionalPicture/Validate_AdditionalPictureScreen' are matched.

2018-08-09 19:45:09 - [MESSAGE][PASSED] - Actual text and expected text of test object 'Object Repository/ShopOpen/AdditionalPicture/Validate_AdditionalPictureScreen' are matched.

2018-08-09 19:45:09 - [TEST_STEP][PASSED] - com.ct.qa.keywords.AdditionalPictureKeywords.takeMendatoryImages: com.ct.qa.keywords.AdditionalPictureKeywords.takeMendatoryImages is PASSED

2018-08-09 19:45:12 - [MESSAGE][WARNING] - Timeout '0' is invalid. Using default page load timeout: '5'

2018-08-09 19:45:13 - [MESSAGE][PASSED] - Element 'Object Repository/CommonScreenElements/Validate_CameraScreen' is exist

2018-08-09 19:45:14 - [MESSAGE][WARNING] - Timeout '0' is invalid. Using default page load timeout: '5'

2018-08-09 19:45:17 - [MESSAGE][PASSED] - Tapped on element 'Object Repository/CommonScreenElements/TakePictureButton'

2018-08-09 19:45:22 - [MESSAGE][PASSED] - Delayed 5 second(s)

2018-08-09 19:45:22 - [MESSAGE][WARNING] - Timeout '0' is invalid. Using default page load timeout: '5'

2018-08-09 19:45:23 - [MESSAGE][PASSED] - Tapped on element 'Object Repository/CommonScreenElements/DoneButton'

2018-08-09 19:45:23 - [MESSAGE][PASSED] - com.ct.qa.keywords.AdditionalPictureKeywords.takeMendatoryImages is PASSED

2018-08-09 19:45:23 - [TEST_STEP][PASSED] - pressBack: Press back button successfully

2018-08-09 19:45:24 - [MESSAGE][PASSED] - Press back button successfully

2018-08-09 19:45:24 - [TEST_STEP][PASSED] - verifyElementExist: Element 'Object Repository/ShopOpen/Validate_ShopCategoriesListScreen' is exist

2018-08-09 19:45:24 - [MESSAGE][WARNING] - Timeout '0' is invalid. Using default page load timeout: '5'

2018-08-09 19:45:26 - [MESSAGE][PASSED] - Element 'Object Repository/ShopOpen/Validate_ShopCategoriesListScreen' is exist

2018-08-09 19:45:26 - [MESSAGE][PASSED] - Call Test Case 'Test Cases/ShopOpen/AdditionalPicture/VisitAdditionalPicture' successfully

2018-08-09 19:45:27 - [MESSAGE][PASSED] - Swiped from 0,293 to 0,200

2018-08-09 19:45:29 - [MESSAGE][PASSED] - Swiped from 0,293 to 0,200

2018-08-09 19:45:31 - [MESSAGE][PASSED] - Swiped from 0,293 to 0,200

2018-08-09 19:45:33 - [MESSAGE][PASSED] - Swiped from 0,293 to 0,200

2018-08-09 19:45:35 - [MESSAGE][PASSED] - Swiped from 0,293 to 0,200

2018-08-09 19:45:37 - [MESSAGE][PASSED] - Swiped from 0,293 to 0,200

2018-08-09 19:45:39 - [MESSAGE][PASSED] - Swiped from 0,293 to 0,200

2018-08-09 19:45:41 - [MESSAGE][PASSED] - Swiped from 0,293 to 0,200

2018-08-09 19:45:45 - [MESSAGE][PASSED] - Swiped from 0,293 to 0,200

2018-08-09 19:45:46 - [MESSAGE][PASSED] - com.ct.qa.keywords.CategoryVisitingScenariosKeywords.visitShopCategoriesWithDataVerification is PASSED

2018-08-09 19:45:46 - [MESSAGE][PASSED] - Call Test Case 'Test Cases/ShopOpen/VisitCategoryScenarios/VisitShopCategoriesWithDataVerification' successfully

2018-08-09 19:45:46 - [TEST_CASE][PASSED] - Test Cases/ShopOpen/SaveShop: Test Cases/ShopOpen/SaveShop

2018-08-09 19:45:46 - [TEST_STEP][PASSED] - tap: Tapped on element 'Object Repository/ShopOpen/SubmitButtonToSaveShop'

2018-08-09 19:45:46 - [MESSAGE][WARNING] - Timeout '0' is invalid. Using default page load timeout: '5'

2018-08-09 19:45:46 - [MESSAGE][PASSED] - Tapped on element 'Object Repository/ShopOpen/SubmitButtonToSaveShop'

2018-08-09 19:45:46 - [TEST_STEP][PASSED] - verifyElementExist: Element 'Object Repository/CommonScreenElements/Validate_InfoPopUP' is exist

2018-08-09 19:45:46 - [MESSAGE][WARNING] - Timeout '0' is invalid. Using default page load timeout: '5'

2018-08-09 19:45:48 - [MESSAGE][PASSED] - Element 'Object Repository/CommonScreenElements/Validate_InfoPopUP' is exist

2018-08-09 19:45:48 - [TEST_STEP][PASSED] - tap: Tapped on element 'Object Repository/CommonScreenElements/InfoPopUp_YesButton'

2018-08-09 19:45:48 - [MESSAGE][WARNING] - Timeout '0' is invalid. Using default page load timeout: '5'

2018-08-09 19:45:48 - [MESSAGE][PASSED] - Tapped on element 'Object Repository/CommonScreenElements/InfoPopUp_YesButton'

2018-08-09 19:45:48 - [TEST_STEP][PASSED] - verifyElementText: Actual text and expected text of test object 'Object Repository/Validate_ShopListScreen' are matched.

2018-08-09 19:45:49 - [MESSAGE][PASSED] - Actual text and expected text of test object 'Object Repository/Validate_ShopListScreen' are matched.

2018-08-09 19:45:49 - [MESSAGE][PASSED] - Call Test Case 'Test Cases/ShopOpen/SaveShop' successfully

2018-08-09 19:45:50 - [MESSAGE][PASSED] - Swiped from 0,292 to 0,200

2018-08-09 19:45:51 - [MESSAGE][PASSED] - com.ct.qa.keywords.ShopVisitingScenariosKeywords.visitShopWithDataVerification is PASSED]]></system-out>
         <system-err><![CDATA[]]></system-err>
      </testcase>
      <system-out><![CDATA[2018-08-09 16:45:07 - [TEST_SUITE][PASSED] - MMA Plus Merchandising With Chiller Wise Data Verification: Test Cases/VisitShopScenarios/VisitShopsWithDataVerification]]></system-out>
      <system-err><![CDATA[]]></system-err>
   </testsuite>
</testsuites>
