<?xml version="1.0" encoding="UTF-8"?>
<testsuites name="MMA Merchandising Data Verification" time="462" tests="2" failures="0" errors="0">
   <testsuite name="MMA Merchandising Data Verification" tests="2" failures="0" errors="0" time="462" timestamp="2018-12-17 16:31:09" hostname="Fahad Shah - DESKTOP-L12UUAD" id="Test Suites/MMA Merchandising Data Verification">
      <properties>
         <property name="deviceName" value="samsung SM-J110H (Android 4.4.4)"/>
         <property name="devicePlatform" value=""/>
         <property name="logFolder" value="F:\\Git Projects\\MMA_Merchandising\\MMA_Merchandising\\Reports\\MMA Merchandising Data Verification\\20181217_163106"/>
         <property name="logFiles" value="F:\\Git Projects\\MMA_Merchandising\\MMA_Merchandising\\Reports\\MMA Merchandising Data Verification\\20181217_163106\\appium.log, F:\\Git Projects\\MMA_Merchandising\\MMA_Merchandising\\Reports\\MMA Merchandising Data Verification\\20181217_163106\\execution0.log"/>
         <property name="attachments" value="F:\\Git Projects\\MMA_Merchandising\\MMA_Merchandising\\Reports\\MMA Merchandising Data Verification\\20181217_163106\\1545046396036.png"/>
         <property name="hostName" value="Fahad Shah - DESKTOP-L12UUAD"/>
         <property name="os" value="Windows 10 64bit"/>
         <property name="katalonVersion" value="5.9.1.2"/>
         <property name="deviceOS" value="Android"/>
         <property name="appiumVersion" value="1.8.1"/>
         <property name="deviceModel" value="SM-J110H"/>
         <property name="hostAddress" value="192.168.3.221"/>
         <property name="deviceManufacturer" value="samsung"/>
         <property name="deviceId" value="11015a1136d0b24a"/>
         <property name="deviceName" value="samsung SM-J110H (Android 4.4.4)"/>
         <property name="deviceOSVersion" value="4.4.4"/>
      </properties>
      <testcase name="Test Cases/LaunchingApp/LaunchApp" classname="Test Cases/LaunchingApp/LaunchApp" status="PASSED">
         <system-out><![CDATA[2018-12-17 16:31:09 - [TEST_CASE][PASSED] - Test Cases/LaunchingApp/LaunchApp: Test Cases/LaunchingApp/LaunchApp

2018-12-17 16:31:10 - [TEST_STEP][PASSED] - startApplication("F:\QA_Automation\Builds\mmaplus_061218_local_v151.apk", false): Started app at: 'F:\QA_Automation\Builds\mmaplus_061218_local_v151.apk'

2018-12-17 16:31:11 - [MESSAGE][INFO] - User set preference: ['deviceId', '']

2018-12-17 16:31:15 - [MESSAGE][INFO] - Appium server started on port 53,062

2018-12-17 16:31:26 - [MESSAGE][PASSED] - Started app at: 'F:\QA_Automation\Builds\mmaplus_061218_local_v151.apk'

2018-12-17 16:31:26 - [TEST_STEP][PASSED] - delay(5): Delayed 5 second(s)

2018-12-17 16:31:32 - [MESSAGE][PASSED] - Delayed 5 second(s)]]></system-out>
         <system-err><![CDATA[]]></system-err>
      </testcase>
      <testcase name="Test Cases/VisitShopScenarios/VisitShopsWithDataVerification" classname="Test Cases/VisitShopScenarios/VisitShopsWithDataVerification" status="PASSED">
         <system-out><![CDATA[2018-12-17 16:31:32 - [TEST_CASE][PASSED] - Test Cases/VisitShopScenarios/VisitShopsWithDataVerification: Test Cases/VisitShopScenarios/VisitShopsWithDataVerification

2018-12-17 16:31:32 - [TEST_STEP][PASSED] - verifyElementText(findTestObject("DashboardScreenElements/Validate_DashboardScreen", ["package":PACKAGENAME]), "Dashboard"): Actual text and expected text of test object 'Object Repository/DashboardScreenElements/Validate_DashboardScreen' are matched.

2018-12-17 16:31:37 - [MESSAGE][PASSED] - Actual text and expected text of test object 'Object Repository/DashboardScreenElements/Validate_DashboardScreen' are matched.

2018-12-17 16:31:37 - [TEST_STEP][PASSED] - com.ct.qa.keywords.CommonKeywords.selectday(): com.ct.qa.keywords.CommonKeywords.selectday is PASSED

2018-12-17 16:31:37 - [MESSAGE][WARNING] - Timeout '0' is invalid. Using default page load timeout: '5'

2018-12-17 16:31:37 - [MESSAGE][PASSED] - Tapped on element 'Object Repository/DashboardScreenElements/DaysDropdownMenu'

2018-12-17 16:31:37 - [MESSAGE][WARNING] - Timeout '0' is invalid. Using default page load timeout: '5'

2018-12-17 16:31:39 - [MESSAGE][PASSED] - Element 'Object Repository/DashboardScreenElements/Validate_DaysListScreen' is exist

2018-12-17 16:31:39 - [MESSAGE][PASSED] - com.ct.qa.keywords.CommonKeywords.selectday is PASSED

2018-12-17 16:31:39 - [TEST_STEP][PASSED] - tap(findTestObject("DashboardScreenElements/StartYourDay", ["package":PACKAGENAME]), 0): Tapped on element 'Object Repository/DashboardScreenElements/StartYourDay'

2018-12-17 16:31:39 - [MESSAGE][WARNING] - Timeout '0' is invalid. Using default page load timeout: '5'

2018-12-17 16:31:40 - [MESSAGE][PASSED] - Tapped on element 'Object Repository/DashboardScreenElements/StartYourDay'

2018-12-17 16:31:40 - [TEST_STEP][PASSED] - verifyElementText(findTestObject("Validate_ShopListScreen", ["package":PACKAGENAME]), "Shops on Route"): Actual text and expected text of test object 'Object Repository/Validate_ShopListScreen' are matched.

2018-12-17 16:31:42 - [MESSAGE][PASSED] - Actual text and expected text of test object 'Object Repository/Validate_ShopListScreen' are matched.

2018-12-17 16:31:42 - [TEST_STEP][PASSED] - com.ct.qa.keywords.ShopVisitingScenariosKeywords.visitShopWith_DataVerification(): com.ct.qa.keywords.ShopVisitingScenariosKeywords.visitShopWith_DataVerification is PASSED

2018-12-17 16:31:46 - [MESSAGE][PASSED] - Actual text and expected text of test object 'Object Repository/Validate_ShopOptionsScreen' are matched.

2018-12-17 16:31:47 - [MESSAGE][WARNING] - Timeout '0' is invalid. Using default page load timeout: '5'

2018-12-17 16:31:48 - [MESSAGE][PASSED] - Tapped on element 'Object Repository/StartWorking'

2018-12-17 16:32:03 - [MESSAGE][PASSED] - Delayed 15 second(s)

2018-12-17 16:32:04 - [MESSAGE][PASSED] - Element 'Object Repository/CommonScreenElements/Validate_MapScreen' is exist

2018-12-17 16:32:04 - [MESSAGE][WARNING] - Timeout '0' is invalid. Using default page load timeout: '5'

2018-12-17 16:32:05 - [MESSAGE][PASSED] - Tapped on element 'Object Repository/CommonScreenElements/Location_CheckIn'

2018-12-17 16:32:05 - [MESSAGE][WARNING] - Timeout '0' is invalid. Using default page load timeout: '5'

2018-12-17 16:32:06 - [MESSAGE][PASSED] - Element 'Object Repository/CommonScreenElements/Validate_InfoPopUP' is exist

2018-12-17 16:32:06 - [MESSAGE][WARNING] - Timeout '0' is invalid. Using default page load timeout: '5'

2018-12-17 16:32:07 - [MESSAGE][PASSED] - Tapped on element 'Object Repository/CommonScreenElements/InfoPopUp_NoButton'

2018-12-17 16:32:07 - [TEST_CASE][PASSED] - Test Cases/ShopOpen/VisitShopOpen: Test Cases/ShopOpen/VisitShopOpen

2018-12-17 16:32:07 - [TEST_STEP][PASSED] - verifyElementExist(findTestObject("ShopActions_List", ["package":PACKAGENAME]), 0): Element 'Object Repository/ShopActions_List' is exist

2018-12-17 16:32:07 - [MESSAGE][WARNING] - Timeout '0' is invalid. Using default page load timeout: '5'

2018-12-17 16:32:07 - [MESSAGE][PASSED] - Element 'Object Repository/ShopActions_List' is exist

2018-12-17 16:32:07 - [TEST_STEP][PASSED] - tap(findTestObject("ShopOpen/ShopOpen", ["package":PACKAGENAME]), 0): Tapped on element 'Object Repository/ShopOpen/ShopOpen'

2018-12-17 16:32:07 - [MESSAGE][WARNING] - Timeout '0' is invalid. Using default page load timeout: '5'

2018-12-17 16:32:10 - [MESSAGE][PASSED] - Tapped on element 'Object Repository/ShopOpen/ShopOpen'

2018-12-17 16:32:10 - [TEST_STEP][PASSED] - verifyElementExist(findTestObject("CommonScreenElements/Validate_CameraScreen", ["package":PACKAGENAME]), 0): Element 'Object Repository/CommonScreenElements/Validate_CameraScreen' is exist

2018-12-17 16:32:10 - [MESSAGE][WARNING] - Timeout '0' is invalid. Using default page load timeout: '5'

2018-12-17 16:32:11 - [MESSAGE][PASSED] - Element 'Object Repository/CommonScreenElements/Validate_CameraScreen' is exist

2018-12-17 16:32:11 - [TEST_STEP][PASSED] - tap(findTestObject("CommonScreenElements/TakePictureButton", ["package":PACKAGENAME]), 0): Tapped on element 'Object Repository/CommonScreenElements/TakePictureButton'

2018-12-17 16:32:11 - [MESSAGE][WARNING] - Timeout '0' is invalid. Using default page load timeout: '5'

2018-12-17 16:32:14 - [MESSAGE][PASSED] - Tapped on element 'Object Repository/CommonScreenElements/TakePictureButton'

2018-12-17 16:32:14 - [TEST_STEP][PASSED] - delay(5): Delayed 5 second(s)

2018-12-17 16:32:19 - [MESSAGE][PASSED] - Delayed 5 second(s)

2018-12-17 16:32:19 - [TEST_STEP][PASSED] - tap(findTestObject("CommonScreenElements/DoneButton", ["package":PACKAGENAME]), 0): Tapped on element 'Object Repository/CommonScreenElements/DoneButton'

2018-12-17 16:32:19 - [MESSAGE][WARNING] - Timeout '0' is invalid. Using default page load timeout: '5'

2018-12-17 16:32:20 - [MESSAGE][PASSED] - Tapped on element 'Object Repository/CommonScreenElements/DoneButton'

2018-12-17 16:32:20 - [MESSAGE][PASSED] - Call Test Case 'Test Cases/ShopOpen/VisitShopOpen' successfully

2018-12-17 16:32:20 - [TEST_CASE][PASSED] - Test Cases/ShopOpen/VisitCategoryScenarios/VisitShopCategoriesWithDataVerification: Test Cases/ShopOpen/VisitCategoryScenarios/VisitShopCategoriesWithDataVerification

2018-12-17 16:32:20 - [TEST_STEP][PASSED] - verifyElementExist(findTestObject("ShopOpen/Validate_ShopCategoriesListScreen", ["package":PACKAGENAME]), 0): Element 'Object Repository/ShopOpen/Validate_ShopCategoriesListScreen' is exist

2018-12-17 16:32:20 - [MESSAGE][WARNING] - Timeout '0' is invalid. Using default page load timeout: '5'

2018-12-17 16:32:22 - [MESSAGE][PASSED] - Element 'Object Repository/ShopOpen/Validate_ShopCategoriesListScreen' is exist

2018-12-17 16:32:22 - [TEST_STEP][PASSED] - com.ct.qa.keywords.CategoryVisitingScenariosKeywords.visitShopCategoriesWithDataVerification(): com.ct.qa.keywords.CategoryVisitingScenariosKeywords.visitShopCategoriesWithDataVerification is PASSED

2018-12-17 16:32:27 - [MESSAGE][PASSED] - Swiped from 0,293 to 0,200

2018-12-17 16:32:31 - [MESSAGE][PASSED] - Swiped from 0,293 to 0,200

2018-12-17 16:32:35 - [MESSAGE][PASSED] - Swiped from 0,293 to 0,200

2018-12-17 16:32:39 - [MESSAGE][PASSED] - Swiped from 0,293 to 0,200

2018-12-17 16:32:43 - [MESSAGE][PASSED] - Swiped from 0,293 to 0,200

2018-12-17 16:32:47 - [MESSAGE][PASSED] - Swiped from 0,293 to 0,200

2018-12-17 16:32:51 - [MESSAGE][PASSED] - Swiped from 0,293 to 0,200

2018-12-17 16:32:55 - [MESSAGE][PASSED] - Swiped from 0,293 to 0,200

2018-12-17 16:32:59 - [MESSAGE][PASSED] - Swiped from 0,293 to 0,200

2018-12-17 16:33:03 - [MESSAGE][PASSED] - Swiped from 0,293 to 0,200

2018-12-17 16:33:07 - [MESSAGE][PASSED] - Swiped from 0,200 to 0,750

2018-12-17 16:33:07 - [MESSAGE][PASSED] - Swiped from 0,200 to 0,750

2018-12-17 16:33:10 - [MESSAGE][WARNING] - Timeout '0' is invalid. Using default page load timeout: '5'

2018-12-17 16:33:17 - [MESSAGE][WARNING] - Element 'Object Repository/CommonScreenElements/Validate_CameraScreen' not found
[[ATTACHMENT|F:\\Git Projects\\MMA_Merchandising\\MMA_Merchandising\\Reports\\MMA Merchandising Data Verification\\20181217_163106\\1545046396036.png]]

2018-12-17 16:33:17 - [TEST_CASE][PASSED] - Test Cases/ShopOpen/ChillerUtilization/VisitChillerScenarios/VisitChillerUtilizationWithDataVerification: Test Cases/ShopOpen/ChillerUtilization/VisitChillerScenarios/VisitChillerUtilizationWithDataVerification

2018-12-17 16:33:18 - [TEST_STEP][PASSED] - verifyElementText(findTestObject("ShopOpen/ChillerUtilization/Validate_ChillerUtilizationScreen", ["package":PACKAGENAME]), "Shop Chillers"): Actual text and expected text of test object 'Object Repository/ShopOpen/ChillerUtilization/Validate_ChillerUtilizationScreen' are matched.

2018-12-17 16:33:18 - [MESSAGE][PASSED] - Actual text and expected text of test object 'Object Repository/ShopOpen/ChillerUtilization/Validate_ChillerUtilizationScreen' are matched.

2018-12-17 16:33:18 - [TEST_STEP][PASSED] - com.ct.qa.keywords.ChillerVisitingScenariosKeywords.visitChillersTaggedInChillerUtilizationWithDataVerification(): com.ct.qa.keywords.ChillerVisitingScenariosKeywords.visitChillersTaggedInChillerUtilizationWithDataVerification is PASSED

2018-12-17 16:33:20 - [MESSAGE][WARNING] - Timeout '0' is invalid. Using default page load timeout: '5'

2018-12-17 16:33:21 - [MESSAGE][PASSED] - Element 'Object Repository/CommonScreenElements/Validate_CameraScreen' is exist

2018-12-17 16:33:21 - [MESSAGE][WARNING] - Timeout '0' is invalid. Using default page load timeout: '5'

2018-12-17 16:33:25 - [MESSAGE][PASSED] - Tapped on element 'Object Repository/CommonScreenElements/TakePictureButton'

2018-12-17 16:33:30 - [MESSAGE][PASSED] - Delayed 5 second(s)

2018-12-17 16:33:30 - [MESSAGE][WARNING] - Timeout '0' is invalid. Using default page load timeout: '5'

2018-12-17 16:33:30 - [MESSAGE][PASSED] - Tapped on element 'Object Repository/CommonScreenElements/DoneButton'

2018-12-17 16:33:33 - [TEST_CASE][PASSED] - Test Cases/ShopOpen/ChillerUtilization/ChillerAvailable/VisitChillerAvailable: Test Cases/ShopOpen/ChillerUtilization/ChillerAvailable/VisitChillerAvailable

2018-12-17 16:33:34 - [TEST_STEP][PASSED] - verifyElementExist(findTestObject("ShopOpen/ChillerUtilization/ChillerAvailable/Validate_ChillerAvailableScreen", ["package":PACKAGENAME]), 0): Element 'Object Repository/ShopOpen/ChillerUtilization/ChillerAvailable/Validate_ChillerAvailableScreen' is exist

2018-12-17 16:33:34 - [MESSAGE][WARNING] - Timeout '0' is invalid. Using default page load timeout: '5'

2018-12-17 16:33:35 - [MESSAGE][PASSED] - Element 'Object Repository/ShopOpen/ChillerUtilization/ChillerAvailable/Validate_ChillerAvailableScreen' is exist

2018-12-17 16:33:35 - [TEST_STEP][PASSED] - tap(findTestObject("ShopOpen/ChillerUtilization/ChillerAvailable/Planogram_ImageView", ["package":PACKAGENAME]), 0): Tapped on element 'Object Repository/ShopOpen/ChillerUtilization/ChillerAvailable/Planogram_ImageView'

2018-12-17 16:33:35 - [MESSAGE][WARNING] - Timeout '0' is invalid. Using default page load timeout: '5'

2018-12-17 16:33:35 - [MESSAGE][PASSED] - Tapped on element 'Object Repository/ShopOpen/ChillerUtilization/ChillerAvailable/Planogram_ImageView'

2018-12-17 16:33:35 - [TEST_STEP][PASSED] - com.ct.qa.keywords.CommonKeywords.checkPlanogramAvailability(): com.ct.qa.keywords.CommonKeywords.checkPlanogramAvailability is PASSED

2018-12-17 16:33:35 - [MESSAGE][WARNING] - Timeout '0' is invalid. Using default page load timeout: '5'

2018-12-17 16:33:37 - [MESSAGE][PASSED] - Tapped on element 'Object Repository/CommonScreenElements/InfoPopUp_OKButton'

2018-12-17 16:33:37 - [MESSAGE][PASSED] - com.ct.qa.keywords.CommonKeywords.checkPlanogramAvailability is PASSED

2018-12-17 16:33:37 - [TEST_STEP][PASSED] - com.ct.qa.keywords.CommonKeywords.closePlanogram(): com.ct.qa.keywords.CommonKeywords.closePlanogram is PASSED

2018-12-17 16:33:38 - [MESSAGE][PASSED] - com.ct.qa.keywords.CommonKeywords.closePlanogram is PASSED

2018-12-17 16:33:38 - [TEST_STEP][PASSED] - verifyElementExist(findTestObject("ShopOpen/ChillerUtilization/ChillerAvailable/Validate_ChillerAvailableScreen", ["package":PACKAGENAME]), 0): Element 'Object Repository/ShopOpen/ChillerUtilization/ChillerAvailable/Validate_ChillerAvailableScreen' is exist

2018-12-17 16:33:38 - [MESSAGE][WARNING] - Timeout '0' is invalid. Using default page load timeout: '5'

2018-12-17 16:33:39 - [MESSAGE][PASSED] - Element 'Object Repository/ShopOpen/ChillerUtilization/ChillerAvailable/Validate_ChillerAvailableScreen' is exist

2018-12-17 16:33:39 - [TEST_STEP][PASSED] - tap(findTestObject("ShopOpen/ChillerUtilization/ChillerAvailable/Depth1_TakePicture", ["package":PACKAGENAME]), 0): Tapped on element 'Object Repository/ShopOpen/ChillerUtilization/ChillerAvailable/Depth1_TakePicture'

2018-12-17 16:33:39 - [MESSAGE][WARNING] - Timeout '0' is invalid. Using default page load timeout: '5'

2018-12-17 16:33:40 - [MESSAGE][PASSED] - Tapped on element 'Object Repository/ShopOpen/ChillerUtilization/ChillerAvailable/Depth1_TakePicture'

2018-12-17 16:33:40 - [TEST_STEP][PASSED] - verifyElementExist(findTestObject("CommonScreenElements/Validate_CameraScreen", ["package":PACKAGENAME]), 0): Element 'Object Repository/CommonScreenElements/Validate_CameraScreen' is exist

2018-12-17 16:33:40 - [MESSAGE][WARNING] - Timeout '0' is invalid. Using default page load timeout: '5'

2018-12-17 16:33:41 - [MESSAGE][PASSED] - Element 'Object Repository/CommonScreenElements/Validate_CameraScreen' is exist

2018-12-17 16:33:41 - [TEST_STEP][PASSED] - tap(findTestObject("CommonScreenElements/TakePictureButton", ["package":PACKAGENAME]), 0): Tapped on element 'Object Repository/CommonScreenElements/TakePictureButton'

2018-12-17 16:33:41 - [MESSAGE][WARNING] - Timeout '0' is invalid. Using default page load timeout: '5'

2018-12-17 16:33:44 - [MESSAGE][PASSED] - Tapped on element 'Object Repository/CommonScreenElements/TakePictureButton'

2018-12-17 16:33:44 - [TEST_STEP][PASSED] - delay(5): Delayed 5 second(s)

2018-12-17 16:33:49 - [MESSAGE][PASSED] - Delayed 5 second(s)

2018-12-17 16:33:49 - [TEST_STEP][PASSED] - tap(findTestObject("CommonScreenElements/DoneButton", ["package":PACKAGENAME]), 0): Tapped on element 'Object Repository/CommonScreenElements/DoneButton'

2018-12-17 16:33:49 - [MESSAGE][WARNING] - Timeout '0' is invalid. Using default page load timeout: '5'

2018-12-17 16:33:50 - [MESSAGE][PASSED] - Tapped on element 'Object Repository/CommonScreenElements/DoneButton'

2018-12-17 16:33:50 - [TEST_STEP][PASSED] - verifyElementExist(findTestObject("ShopOpen/ChillerUtilization/ChillerAvailable/Validate_ChillerAvailableScreen", ["package":PACKAGENAME]), 0): Element 'Object Repository/ShopOpen/ChillerUtilization/ChillerAvailable/Validate_ChillerAvailableScreen' is exist

2018-12-17 16:33:50 - [MESSAGE][WARNING] - Timeout '0' is invalid. Using default page load timeout: '5'

2018-12-17 16:33:51 - [MESSAGE][PASSED] - Element 'Object Repository/ShopOpen/ChillerUtilization/ChillerAvailable/Validate_ChillerAvailableScreen' is exist

2018-12-17 16:33:51 - [TEST_STEP][PASSED] - tap(findTestObject("ShopOpen/ChillerUtilization/ChillerAvailable/Depth2TakePicture", ["package":PACKAGENAME]), 0): Tapped on element 'Object Repository/ShopOpen/ChillerUtilization/ChillerAvailable/Depth2TakePicture'

2018-12-17 16:33:51 - [MESSAGE][WARNING] - Timeout '0' is invalid. Using default page load timeout: '5'

2018-12-17 16:33:51 - [MESSAGE][PASSED] - Tapped on element 'Object Repository/ShopOpen/ChillerUtilization/ChillerAvailable/Depth2TakePicture'

2018-12-17 16:33:51 - [TEST_STEP][PASSED] - verifyElementExist(findTestObject("CommonScreenElements/Validate_CameraScreen", ["package":PACKAGENAME]), 0): Element 'Object Repository/CommonScreenElements/Validate_CameraScreen' is exist

2018-12-17 16:33:51 - [MESSAGE][WARNING] - Timeout '0' is invalid. Using default page load timeout: '5'

2018-12-17 16:33:53 - [MESSAGE][PASSED] - Element 'Object Repository/CommonScreenElements/Validate_CameraScreen' is exist

2018-12-17 16:33:53 - [TEST_STEP][PASSED] - tap(findTestObject("CommonScreenElements/TakePictureButton", ["package":PACKAGENAME]), 0): Tapped on element 'Object Repository/CommonScreenElements/TakePictureButton'

2018-12-17 16:33:53 - [MESSAGE][WARNING] - Timeout '0' is invalid. Using default page load timeout: '5'

2018-12-17 16:33:57 - [MESSAGE][PASSED] - Tapped on element 'Object Repository/CommonScreenElements/TakePictureButton'

2018-12-17 16:33:57 - [TEST_STEP][PASSED] - delay(5): Delayed 5 second(s)

2018-12-17 16:34:02 - [MESSAGE][PASSED] - Delayed 5 second(s)

2018-12-17 16:34:02 - [TEST_STEP][PASSED] - tap(findTestObject("CommonScreenElements/DoneButton", ["package":PACKAGENAME]), 0): Tapped on element 'Object Repository/CommonScreenElements/DoneButton'

2018-12-17 16:34:02 - [MESSAGE][WARNING] - Timeout '0' is invalid. Using default page load timeout: '5'

2018-12-17 16:34:02 - [MESSAGE][PASSED] - Tapped on element 'Object Repository/CommonScreenElements/DoneButton'

2018-12-17 16:34:02 - [TEST_STEP][PASSED] - verifyElementExist(findTestObject("ShopOpen/ChillerUtilization/ChillerAvailable/Validate_ChillerAvailableScreen", ["package":PACKAGENAME]), 0): Element 'Object Repository/ShopOpen/ChillerUtilization/ChillerAvailable/Validate_ChillerAvailableScreen' is exist

2018-12-17 16:34:03 - [MESSAGE][WARNING] - Timeout '0' is invalid. Using default page load timeout: '5'

2018-12-17 16:34:04 - [MESSAGE][PASSED] - Element 'Object Repository/ShopOpen/ChillerUtilization/ChillerAvailable/Validate_ChillerAvailableScreen' is exist

2018-12-17 16:34:04 - [TEST_STEP][PASSED] - tap(findTestObject("ShopOpen/ChillerUtilization/ChillerAvailable/NextButton", ["package":PACKAGENAME]), 0): Tapped on element 'Object Repository/ShopOpen/ChillerUtilization/ChillerAvailable/NextButton'

2018-12-17 16:34:04 - [MESSAGE][WARNING] - Timeout '0' is invalid. Using default page load timeout: '5'

2018-12-17 16:34:04 - [MESSAGE][PASSED] - Tapped on element 'Object Repository/ShopOpen/ChillerUtilization/ChillerAvailable/NextButton'

2018-12-17 16:34:04 - [TEST_STEP][PASSED] - verifyElementText(findTestObject("ShopOpen/ChillerUtilization/ChillerAvailable/Validate_ChillerProductsCategoriesScreen", ["package":PACKAGENAME]), "Category:Chiller Utilization"): Actual text and expected text of test object 'Object Repository/ShopOpen/ChillerUtilization/ChillerAvailable/Validate_ChillerProductsCategoriesScreen' are matched.

2018-12-17 16:34:06 - [MESSAGE][PASSED] - Actual text and expected text of test object 'Object Repository/ShopOpen/ChillerUtilization/ChillerAvailable/Validate_ChillerProductsCategoriesScreen' are matched.

2018-12-17 16:34:06 - [TEST_STEP][PASSED] - com.ct.qa.keywords.ChillerProductsDataKeywords.visitChillerAvailableProductCategories(1): com.ct.qa.keywords.ChillerProductsDataKeywords.visitChillerAvailableProductCategories is PASSED

2018-12-17 16:34:09 - [TEST_CASE][PASSED] - Test Cases/ShopOpen/ChillerUtilization/ChillerAvailable/VisitProductCategoryAssets: Test Cases/ShopOpen/ChillerUtilization/ChillerAvailable/VisitProductCategoryAssets

2018-12-17 16:34:10 - [TEST_STEP][PASSED] - verifyElementText(findTestObject("ShopOpen/ChillerUtilization/ChillerAvailable/Validate_ProductCategoryAssetScreen", ["package":PACKAGENAME]), "Facing"): Actual text and expected text of test object 'Object Repository/ShopOpen/ChillerUtilization/ChillerAvailable/Validate_ProductCategoryAssetScreen' are matched.

2018-12-17 16:34:11 - [MESSAGE][PASSED] - Actual text and expected text of test object 'Object Repository/ShopOpen/ChillerUtilization/ChillerAvailable/Validate_ProductCategoryAssetScreen' are matched.

2018-12-17 16:34:11 - [TEST_STEP][PASSED] - tap(findTestObject("ShopOpen/ChillerUtilization/ChillerAvailable/Facing", ["package":PACKAGENAME]), 0): Tapped on element 'Object Repository/ShopOpen/ChillerUtilization/ChillerAvailable/Facing'

2018-12-17 16:34:11 - [MESSAGE][WARNING] - Timeout '0' is invalid. Using default page load timeout: '5'

2018-12-17 16:34:11 - [MESSAGE][PASSED] - Tapped on element 'Object Repository/ShopOpen/ChillerUtilization/ChillerAvailable/Facing'

2018-12-17 16:34:11 - [TEST_STEP][PASSED] - verifyElementText(findTestObject("ShopOpen/ChillerUtilization/ChillerAvailable/Validate_FacingScreen", ["package":PACKAGENAME]), "Facing"): Actual text and expected text of test object 'Object Repository/ShopOpen/ChillerUtilization/ChillerAvailable/Validate_FacingScreen' are matched.

2018-12-17 16:34:13 - [MESSAGE][PASSED] - Actual text and expected text of test object 'Object Repository/ShopOpen/ChillerUtilization/ChillerAvailable/Validate_FacingScreen' are matched.

2018-12-17 16:34:13 - [TEST_STEP][PASSED] - com.ct.qa.keywords.ChillerProductsDataKeywords.visitChillerAvailableProductsData(CHILLER_FACING, "Facing"): com.ct.qa.keywords.ChillerProductsDataKeywords.visitChillerAvailableProductsData is PASSED

2018-12-17 16:34:16 - [MESSAGE][PASSED] - Keyboard is hidden

2018-12-17 16:34:17 - [MESSAGE][PASSED] - com.ct.qa.keywords.ChillerProductsDataKeywords.visitChillerAvailableProductsData is PASSED

2018-12-17 16:34:17 - [TEST_STEP][PASSED] - tap(findTestObject("ShopOpen/ChillerUtilization/ChillerAvailable/SubmitButton", ["package":PACKAGENAME]), 0): Tapped on element 'Object Repository/ShopOpen/ChillerUtilization/ChillerAvailable/SubmitButton'

2018-12-17 16:34:17 - [MESSAGE][WARNING] - Timeout '0' is invalid. Using default page load timeout: '5'

2018-12-17 16:34:17 - [MESSAGE][PASSED] - Tapped on element 'Object Repository/ShopOpen/ChillerUtilization/ChillerAvailable/SubmitButton'

2018-12-17 16:34:17 - [TEST_STEP][PASSED] - verifyElementText(findTestObject("ShopOpen/ChillerUtilization/ChillerAvailable/Validate_ProductCategoryAssetScreen", ["package":PACKAGENAME]), "Facing"): Actual text and expected text of test object 'Object Repository/ShopOpen/ChillerUtilization/ChillerAvailable/Validate_ProductCategoryAssetScreen' are matched.

2018-12-17 16:34:18 - [MESSAGE][PASSED] - Actual text and expected text of test object 'Object Repository/ShopOpen/ChillerUtilization/ChillerAvailable/Validate_ProductCategoryAssetScreen' are matched.

2018-12-17 16:34:18 - [TEST_STEP][PASSED] - tap(findTestObject("ShopOpen/ChillerUtilization/ChillerAvailable/Depth", ["package":PACKAGENAME]), 0): Tapped on element 'Object Repository/ShopOpen/ChillerUtilization/ChillerAvailable/Depth'

2018-12-17 16:34:18 - [MESSAGE][WARNING] - Timeout '0' is invalid. Using default page load timeout: '5'

2018-12-17 16:34:19 - [MESSAGE][PASSED] - Tapped on element 'Object Repository/ShopOpen/ChillerUtilization/ChillerAvailable/Depth'

2018-12-17 16:34:19 - [TEST_STEP][PASSED] - verifyElementText(findTestObject("ShopOpen/ChillerUtilization/ChillerAvailable/Validate_DepthScreen", ["package":PACKAGENAME]), "Depth"): Actual text and expected text of test object 'Object Repository/ShopOpen/ChillerUtilization/ChillerAvailable/Validate_DepthScreen' are matched.

2018-12-17 16:34:21 - [MESSAGE][PASSED] - Actual text and expected text of test object 'Object Repository/ShopOpen/ChillerUtilization/ChillerAvailable/Validate_DepthScreen' are matched.

2018-12-17 16:34:21 - [TEST_STEP][PASSED] - com.ct.qa.keywords.ChillerProductsDataKeywords.visitChillerAvailableProductsData(CHILLER_DEPTH, "Depth"): com.ct.qa.keywords.ChillerProductsDataKeywords.visitChillerAvailableProductsData is PASSED

2018-12-17 16:34:24 - [MESSAGE][PASSED] - Keyboard is hidden

2018-12-17 16:34:25 - [MESSAGE][PASSED] - com.ct.qa.keywords.ChillerProductsDataKeywords.visitChillerAvailableProductsData is PASSED

2018-12-17 16:34:25 - [TEST_STEP][PASSED] - tap(findTestObject("ShopOpen/ChillerUtilization/ChillerAvailable/SubmitButton", ["package":PACKAGENAME]), 0): Tapped on element 'Object Repository/ShopOpen/ChillerUtilization/ChillerAvailable/SubmitButton'

2018-12-17 16:34:25 - [MESSAGE][WARNING] - Timeout '0' is invalid. Using default page load timeout: '5'

2018-12-17 16:34:25 - [MESSAGE][PASSED] - Tapped on element 'Object Repository/ShopOpen/ChillerUtilization/ChillerAvailable/SubmitButton'

2018-12-17 16:34:25 - [TEST_STEP][PASSED] - verifyElementText(findTestObject("ShopOpen/ChillerUtilization/ChillerAvailable/Validate_ProductCategoryAssetScreen", ["package":PACKAGENAME]), "Facing"): Actual text and expected text of test object 'Object Repository/ShopOpen/ChillerUtilization/ChillerAvailable/Validate_ProductCategoryAssetScreen' are matched.

2018-12-17 16:34:26 - [MESSAGE][PASSED] - Actual text and expected text of test object 'Object Repository/ShopOpen/ChillerUtilization/ChillerAvailable/Validate_ProductCategoryAssetScreen' are matched.

2018-12-17 16:34:26 - [TEST_STEP][PASSED] - tap(findTestObject("ShopOpen/ChillerUtilization/ChillerAvailable/StockCount", ["package":PACKAGENAME]), 0): Tapped on element 'Object Repository/ShopOpen/ChillerUtilization/ChillerAvailable/StockCount'

2018-12-17 16:34:26 - [MESSAGE][WARNING] - Timeout '0' is invalid. Using default page load timeout: '5'

2018-12-17 16:34:27 - [MESSAGE][PASSED] - Tapped on element 'Object Repository/ShopOpen/ChillerUtilization/ChillerAvailable/StockCount'

2018-12-17 16:34:27 - [TEST_STEP][PASSED] - verifyElementText(findTestObject("ShopOpen/ChillerUtilization/ChillerAvailable/Validate_StockCountScreen", ["package":PACKAGENAME]), "Stock Count"): Actual text and expected text of test object 'Object Repository/ShopOpen/ChillerUtilization/ChillerAvailable/Validate_StockCountScreen' are matched.

2018-12-17 16:34:29 - [MESSAGE][PASSED] - Actual text and expected text of test object 'Object Repository/ShopOpen/ChillerUtilization/ChillerAvailable/Validate_StockCountScreen' are matched.

2018-12-17 16:34:29 - [TEST_STEP][PASSED] - com.ct.qa.keywords.ChillerProductsDataKeywords.visitChillerAvailableProductsData(CHILLER_STOCKCOUNT, "Stock Count"): com.ct.qa.keywords.ChillerProductsDataKeywords.visitChillerAvailableProductsData is PASSED

2018-12-17 16:34:32 - [MESSAGE][PASSED] - Keyboard is hidden

2018-12-17 16:34:33 - [MESSAGE][PASSED] - com.ct.qa.keywords.ChillerProductsDataKeywords.visitChillerAvailableProductsData is PASSED

2018-12-17 16:34:33 - [TEST_STEP][PASSED] - tap(findTestObject("ShopOpen/ChillerUtilization/ChillerAvailable/SubmitButton", ["package":PACKAGENAME]), 0): Tapped on element 'Object Repository/ShopOpen/ChillerUtilization/ChillerAvailable/SubmitButton'

2018-12-17 16:34:33 - [MESSAGE][WARNING] - Timeout '0' is invalid. Using default page load timeout: '5'

2018-12-17 16:34:33 - [MESSAGE][PASSED] - Tapped on element 'Object Repository/ShopOpen/ChillerUtilization/ChillerAvailable/SubmitButton'

2018-12-17 16:34:33 - [TEST_STEP][PASSED] - verifyElementText(findTestObject("ShopOpen/ChillerUtilization/ChillerAvailable/Validate_ProductCategoryAssetScreen", ["package":PACKAGENAME]), "Facing"): Actual text and expected text of test object 'Object Repository/ShopOpen/ChillerUtilization/ChillerAvailable/Validate_ProductCategoryAssetScreen' are matched.

2018-12-17 16:34:34 - [MESSAGE][PASSED] - Actual text and expected text of test object 'Object Repository/ShopOpen/ChillerUtilization/ChillerAvailable/Validate_ProductCategoryAssetScreen' are matched.

2018-12-17 16:34:34 - [TEST_STEP][PASSED] - tap(findTestObject("ShopOpen/ChillerUtilization/ChillerAvailable/PorductCategoryActions_BackButton", ["package":PACKAGENAME]), 0): Tapped on element 'Object Repository/ShopOpen/ChillerUtilization/ChillerAvailable/PorductCategoryActions_BackButton'

2018-12-17 16:34:34 - [MESSAGE][WARNING] - Timeout '0' is invalid. Using default page load timeout: '5'

2018-12-17 16:34:35 - [MESSAGE][PASSED] - Tapped on element 'Object Repository/ShopOpen/ChillerUtilization/ChillerAvailable/PorductCategoryActions_BackButton'

2018-12-17 16:34:35 - [TEST_STEP][PASSED] - verifyElementText(findTestObject("ShopOpen/ChillerUtilization/ChillerAvailable/Validate_ChillerProductsCategoriesScreen", ["package":PACKAGENAME]), "Category:Chiller Utilization"): Actual text and expected text of test object 'Object Repository/ShopOpen/ChillerUtilization/ChillerAvailable/Validate_ChillerProductsCategoriesScreen' are matched.

2018-12-17 16:34:36 - [MESSAGE][PASSED] - Actual text and expected text of test object 'Object Repository/ShopOpen/ChillerUtilization/ChillerAvailable/Validate_ChillerProductsCategoriesScreen' are matched.

2018-12-17 16:34:36 - [MESSAGE][PASSED] - Call Test Case 'Test Cases/ShopOpen/ChillerUtilization/ChillerAvailable/VisitProductCategoryAssets' successfully

2018-12-17 16:34:37 - [TEST_CASE][PASSED] - Test Cases/ShopOpen/ChillerUtilization/ChillerAvailable/VisitProductCategoryAssets: Test Cases/ShopOpen/ChillerUtilization/ChillerAvailable/VisitProductCategoryAssets

2018-12-17 16:34:37 - [TEST_STEP][PASSED] - verifyElementText(findTestObject("ShopOpen/ChillerUtilization/ChillerAvailable/Validate_ProductCategoryAssetScreen", ["package":PACKAGENAME]), "Facing"): Actual text and expected text of test object 'Object Repository/ShopOpen/ChillerUtilization/ChillerAvailable/Validate_ProductCategoryAssetScreen' are matched.

2018-12-17 16:34:38 - [MESSAGE][PASSED] - Actual text and expected text of test object 'Object Repository/ShopOpen/ChillerUtilization/ChillerAvailable/Validate_ProductCategoryAssetScreen' are matched.

2018-12-17 16:34:38 - [TEST_STEP][PASSED] - tap(findTestObject("ShopOpen/ChillerUtilization/ChillerAvailable/Facing", ["package":PACKAGENAME]), 0): Tapped on element 'Object Repository/ShopOpen/ChillerUtilization/ChillerAvailable/Facing'

2018-12-17 16:34:38 - [MESSAGE][WARNING] - Timeout '0' is invalid. Using default page load timeout: '5'

2018-12-17 16:34:39 - [MESSAGE][PASSED] - Tapped on element 'Object Repository/ShopOpen/ChillerUtilization/ChillerAvailable/Facing'

2018-12-17 16:34:39 - [TEST_STEP][PASSED] - verifyElementText(findTestObject("ShopOpen/ChillerUtilization/ChillerAvailable/Validate_FacingScreen", ["package":PACKAGENAME]), "Facing"): Actual text and expected text of test object 'Object Repository/ShopOpen/ChillerUtilization/ChillerAvailable/Validate_FacingScreen' are matched.

2018-12-17 16:34:40 - [MESSAGE][PASSED] - Actual text and expected text of test object 'Object Repository/ShopOpen/ChillerUtilization/ChillerAvailable/Validate_FacingScreen' are matched.

2018-12-17 16:34:40 - [TEST_STEP][PASSED] - com.ct.qa.keywords.ChillerProductsDataKeywords.visitChillerAvailableProductsData(CHILLER_FACING, "Facing"): com.ct.qa.keywords.ChillerProductsDataKeywords.visitChillerAvailableProductsData is PASSED

2018-12-17 16:34:44 - [MESSAGE][PASSED] - Keyboard is hidden

2018-12-17 16:34:47 - [MESSAGE][PASSED] - Keyboard is hidden

2018-12-17 16:34:50 - [MESSAGE][PASSED] - Keyboard is hidden

2018-12-17 16:34:53 - [MESSAGE][PASSED] - Keyboard is hidden

2018-12-17 16:34:54 - [MESSAGE][PASSED] - com.ct.qa.keywords.ChillerProductsDataKeywords.visitChillerAvailableProductsData is PASSED

2018-12-17 16:34:54 - [TEST_STEP][PASSED] - tap(findTestObject("ShopOpen/ChillerUtilization/ChillerAvailable/SubmitButton", ["package":PACKAGENAME]), 0): Tapped on element 'Object Repository/ShopOpen/ChillerUtilization/ChillerAvailable/SubmitButton'

2018-12-17 16:34:54 - [MESSAGE][WARNING] - Timeout '0' is invalid. Using default page load timeout: '5'

2018-12-17 16:34:55 - [MESSAGE][PASSED] - Tapped on element 'Object Repository/ShopOpen/ChillerUtilization/ChillerAvailable/SubmitButton'

2018-12-17 16:34:55 - [TEST_STEP][PASSED] - verifyElementText(findTestObject("ShopOpen/ChillerUtilization/ChillerAvailable/Validate_ProductCategoryAssetScreen", ["package":PACKAGENAME]), "Facing"): Actual text and expected text of test object 'Object Repository/ShopOpen/ChillerUtilization/ChillerAvailable/Validate_ProductCategoryAssetScreen' are matched.

2018-12-17 16:34:56 - [MESSAGE][PASSED] - Actual text and expected text of test object 'Object Repository/ShopOpen/ChillerUtilization/ChillerAvailable/Validate_ProductCategoryAssetScreen' are matched.

2018-12-17 16:34:56 - [TEST_STEP][PASSED] - tap(findTestObject("ShopOpen/ChillerUtilization/ChillerAvailable/Depth", ["package":PACKAGENAME]), 0): Tapped on element 'Object Repository/ShopOpen/ChillerUtilization/ChillerAvailable/Depth'

2018-12-17 16:34:56 - [MESSAGE][WARNING] - Timeout '0' is invalid. Using default page load timeout: '5'

2018-12-17 16:34:57 - [MESSAGE][PASSED] - Tapped on element 'Object Repository/ShopOpen/ChillerUtilization/ChillerAvailable/Depth'

2018-12-17 16:34:57 - [TEST_STEP][PASSED] - verifyElementText(findTestObject("ShopOpen/ChillerUtilization/ChillerAvailable/Validate_DepthScreen", ["package":PACKAGENAME]), "Depth"): Actual text and expected text of test object 'Object Repository/ShopOpen/ChillerUtilization/ChillerAvailable/Validate_DepthScreen' are matched.

2018-12-17 16:34:59 - [MESSAGE][PASSED] - Actual text and expected text of test object 'Object Repository/ShopOpen/ChillerUtilization/ChillerAvailable/Validate_DepthScreen' are matched.

2018-12-17 16:34:59 - [TEST_STEP][PASSED] - com.ct.qa.keywords.ChillerProductsDataKeywords.visitChillerAvailableProductsData(CHILLER_DEPTH, "Depth"): com.ct.qa.keywords.ChillerProductsDataKeywords.visitChillerAvailableProductsData is PASSED

2018-12-17 16:35:03 - [MESSAGE][PASSED] - Keyboard is hidden

2018-12-17 16:35:06 - [MESSAGE][PASSED] - Keyboard is hidden

2018-12-17 16:35:09 - [MESSAGE][PASSED] - Keyboard is hidden

2018-12-17 16:35:12 - [MESSAGE][PASSED] - Keyboard is hidden

2018-12-17 16:35:13 - [MESSAGE][PASSED] - com.ct.qa.keywords.ChillerProductsDataKeywords.visitChillerAvailableProductsData is PASSED

2018-12-17 16:35:13 - [TEST_STEP][PASSED] - tap(findTestObject("ShopOpen/ChillerUtilization/ChillerAvailable/SubmitButton", ["package":PACKAGENAME]), 0): Tapped on element 'Object Repository/ShopOpen/ChillerUtilization/ChillerAvailable/SubmitButton'

2018-12-17 16:35:13 - [MESSAGE][WARNING] - Timeout '0' is invalid. Using default page load timeout: '5'

2018-12-17 16:35:14 - [MESSAGE][PASSED] - Tapped on element 'Object Repository/ShopOpen/ChillerUtilization/ChillerAvailable/SubmitButton'

2018-12-17 16:35:14 - [TEST_STEP][PASSED] - verifyElementText(findTestObject("ShopOpen/ChillerUtilization/ChillerAvailable/Validate_ProductCategoryAssetScreen", ["package":PACKAGENAME]), "Facing"): Actual text and expected text of test object 'Object Repository/ShopOpen/ChillerUtilization/ChillerAvailable/Validate_ProductCategoryAssetScreen' are matched.

2018-12-17 16:35:15 - [MESSAGE][PASSED] - Actual text and expected text of test object 'Object Repository/ShopOpen/ChillerUtilization/ChillerAvailable/Validate_ProductCategoryAssetScreen' are matched.

2018-12-17 16:35:15 - [TEST_STEP][PASSED] - tap(findTestObject("ShopOpen/ChillerUtilization/ChillerAvailable/StockCount", ["package":PACKAGENAME]), 0): Tapped on element 'Object Repository/ShopOpen/ChillerUtilization/ChillerAvailable/StockCount'

2018-12-17 16:35:15 - [MESSAGE][WARNING] - Timeout '0' is invalid. Using default page load timeout: '5'

2018-12-17 16:35:15 - [MESSAGE][PASSED] - Tapped on element 'Object Repository/ShopOpen/ChillerUtilization/ChillerAvailable/StockCount'

2018-12-17 16:35:15 - [TEST_STEP][PASSED] - verifyElementText(findTestObject("ShopOpen/ChillerUtilization/ChillerAvailable/Validate_StockCountScreen", ["package":PACKAGENAME]), "Stock Count"): Actual text and expected text of test object 'Object Repository/ShopOpen/ChillerUtilization/ChillerAvailable/Validate_StockCountScreen' are matched.

2018-12-17 16:35:17 - [MESSAGE][PASSED] - Actual text and expected text of test object 'Object Repository/ShopOpen/ChillerUtilization/ChillerAvailable/Validate_StockCountScreen' are matched.

2018-12-17 16:35:17 - [TEST_STEP][PASSED] - com.ct.qa.keywords.ChillerProductsDataKeywords.visitChillerAvailableProductsData(CHILLER_STOCKCOUNT, "Stock Count"): com.ct.qa.keywords.ChillerProductsDataKeywords.visitChillerAvailableProductsData is PASSED

2018-12-17 16:35:21 - [MESSAGE][PASSED] - Keyboard is hidden

2018-12-17 16:35:24 - [MESSAGE][PASSED] - Keyboard is hidden

2018-12-17 16:35:27 - [MESSAGE][PASSED] - Keyboard is hidden

2018-12-17 16:35:30 - [MESSAGE][PASSED] - Keyboard is hidden

2018-12-17 16:35:31 - [MESSAGE][PASSED] - com.ct.qa.keywords.ChillerProductsDataKeywords.visitChillerAvailableProductsData is PASSED

2018-12-17 16:35:31 - [TEST_STEP][PASSED] - tap(findTestObject("ShopOpen/ChillerUtilization/ChillerAvailable/SubmitButton", ["package":PACKAGENAME]), 0): Tapped on element 'Object Repository/ShopOpen/ChillerUtilization/ChillerAvailable/SubmitButton'

2018-12-17 16:35:31 - [MESSAGE][WARNING] - Timeout '0' is invalid. Using default page load timeout: '5'

2018-12-17 16:35:32 - [MESSAGE][PASSED] - Tapped on element 'Object Repository/ShopOpen/ChillerUtilization/ChillerAvailable/SubmitButton'

2018-12-17 16:35:32 - [TEST_STEP][PASSED] - verifyElementText(findTestObject("ShopOpen/ChillerUtilization/ChillerAvailable/Validate_ProductCategoryAssetScreen", ["package":PACKAGENAME]), "Facing"): Actual text and expected text of test object 'Object Repository/ShopOpen/ChillerUtilization/ChillerAvailable/Validate_ProductCategoryAssetScreen' are matched.

2018-12-17 16:35:33 - [MESSAGE][PASSED] - Actual text and expected text of test object 'Object Repository/ShopOpen/ChillerUtilization/ChillerAvailable/Validate_ProductCategoryAssetScreen' are matched.

2018-12-17 16:35:33 - [TEST_STEP][PASSED] - tap(findTestObject("ShopOpen/ChillerUtilization/ChillerAvailable/PorductCategoryActions_BackButton", ["package":PACKAGENAME]), 0): Tapped on element 'Object Repository/ShopOpen/ChillerUtilization/ChillerAvailable/PorductCategoryActions_BackButton'

2018-12-17 16:35:33 - [MESSAGE][WARNING] - Timeout '0' is invalid. Using default page load timeout: '5'

2018-12-17 16:35:33 - [MESSAGE][PASSED] - Tapped on element 'Object Repository/ShopOpen/ChillerUtilization/ChillerAvailable/PorductCategoryActions_BackButton'

2018-12-17 16:35:33 - [TEST_STEP][PASSED] - verifyElementText(findTestObject("ShopOpen/ChillerUtilization/ChillerAvailable/Validate_ChillerProductsCategoriesScreen", ["package":PACKAGENAME]), "Category:Chiller Utilization"): Actual text and expected text of test object 'Object Repository/ShopOpen/ChillerUtilization/ChillerAvailable/Validate_ChillerProductsCategoriesScreen' are matched.

2018-12-17 16:35:34 - [MESSAGE][PASSED] - Actual text and expected text of test object 'Object Repository/ShopOpen/ChillerUtilization/ChillerAvailable/Validate_ChillerProductsCategoriesScreen' are matched.

2018-12-17 16:35:34 - [MESSAGE][PASSED] - Call Test Case 'Test Cases/ShopOpen/ChillerUtilization/ChillerAvailable/VisitProductCategoryAssets' successfully

2018-12-17 16:35:35 - [TEST_CASE][PASSED] - Test Cases/ShopOpen/ChillerUtilization/ChillerAvailable/VisitProductCategoryAssets: Test Cases/ShopOpen/ChillerUtilization/ChillerAvailable/VisitProductCategoryAssets

2018-12-17 16:35:35 - [TEST_STEP][PASSED] - verifyElementText(findTestObject("ShopOpen/ChillerUtilization/ChillerAvailable/Validate_ProductCategoryAssetScreen", ["package":PACKAGENAME]), "Facing"): Actual text and expected text of test object 'Object Repository/ShopOpen/ChillerUtilization/ChillerAvailable/Validate_ProductCategoryAssetScreen' are matched.

2018-12-17 16:35:37 - [MESSAGE][PASSED] - Actual text and expected text of test object 'Object Repository/ShopOpen/ChillerUtilization/ChillerAvailable/Validate_ProductCategoryAssetScreen' are matched.

2018-12-17 16:35:37 - [TEST_STEP][PASSED] - tap(findTestObject("ShopOpen/ChillerUtilization/ChillerAvailable/Facing", ["package":PACKAGENAME]), 0): Tapped on element 'Object Repository/ShopOpen/ChillerUtilization/ChillerAvailable/Facing'

2018-12-17 16:35:37 - [MESSAGE][WARNING] - Timeout '0' is invalid. Using default page load timeout: '5'

2018-12-17 16:35:37 - [MESSAGE][PASSED] - Tapped on element 'Object Repository/ShopOpen/ChillerUtilization/ChillerAvailable/Facing'

2018-12-17 16:35:37 - [TEST_STEP][PASSED] - verifyElementText(findTestObject("ShopOpen/ChillerUtilization/ChillerAvailable/Validate_FacingScreen", ["package":PACKAGENAME]), "Facing"): Actual text and expected text of test object 'Object Repository/ShopOpen/ChillerUtilization/ChillerAvailable/Validate_FacingScreen' are matched.

2018-12-17 16:35:39 - [MESSAGE][PASSED] - Actual text and expected text of test object 'Object Repository/ShopOpen/ChillerUtilization/ChillerAvailable/Validate_FacingScreen' are matched.

2018-12-17 16:35:39 - [TEST_STEP][PASSED] - com.ct.qa.keywords.ChillerProductsDataKeywords.visitChillerAvailableProductsData(CHILLER_FACING, "Facing"): com.ct.qa.keywords.ChillerProductsDataKeywords.visitChillerAvailableProductsData is PASSED

2018-12-17 16:35:43 - [MESSAGE][PASSED] - Keyboard is hidden

2018-12-17 16:35:46 - [MESSAGE][PASSED] - Keyboard is hidden

2018-12-17 16:35:49 - [MESSAGE][PASSED] - Keyboard is hidden

2018-12-17 16:35:52 - [MESSAGE][PASSED] - Keyboard is hidden

2018-12-17 16:35:55 - [MESSAGE][PASSED] - Keyboard is hidden

2018-12-17 16:35:58 - [MESSAGE][PASSED] - Keyboard is hidden

2018-12-17 16:36:01 - [MESSAGE][PASSED] - Swiped from 55,359 to 55,250

2018-12-17 16:36:04 - [MESSAGE][PASSED] - Keyboard is hidden

2018-12-17 16:36:05 - [MESSAGE][PASSED] - Swiped from 55,359 to 55,250

2018-12-17 16:36:09 - [MESSAGE][PASSED] - Keyboard is hidden

2018-12-17 16:36:10 - [MESSAGE][PASSED] - Swiped from 55,359 to 55,250

2018-12-17 16:36:14 - [MESSAGE][PASSED] - Keyboard is hidden

2018-12-17 16:36:16 - [MESSAGE][PASSED] - Swiped from 55,359 to 55,250

2018-12-17 16:36:17 - [MESSAGE][PASSED] - com.ct.qa.keywords.ChillerProductsDataKeywords.visitChillerAvailableProductsData is PASSED

2018-12-17 16:36:17 - [TEST_STEP][PASSED] - tap(findTestObject("ShopOpen/ChillerUtilization/ChillerAvailable/SubmitButton", ["package":PACKAGENAME]), 0): Tapped on element 'Object Repository/ShopOpen/ChillerUtilization/ChillerAvailable/SubmitButton'

2018-12-17 16:36:17 - [MESSAGE][WARNING] - Timeout '0' is invalid. Using default page load timeout: '5'

2018-12-17 16:36:17 - [MESSAGE][PASSED] - Tapped on element 'Object Repository/ShopOpen/ChillerUtilization/ChillerAvailable/SubmitButton'

2018-12-17 16:36:17 - [TEST_STEP][PASSED] - verifyElementText(findTestObject("ShopOpen/ChillerUtilization/ChillerAvailable/Validate_ProductCategoryAssetScreen", ["package":PACKAGENAME]), "Facing"): Actual text and expected text of test object 'Object Repository/ShopOpen/ChillerUtilization/ChillerAvailable/Validate_ProductCategoryAssetScreen' are matched.

2018-12-17 16:36:18 - [MESSAGE][PASSED] - Actual text and expected text of test object 'Object Repository/ShopOpen/ChillerUtilization/ChillerAvailable/Validate_ProductCategoryAssetScreen' are matched.

2018-12-17 16:36:18 - [TEST_STEP][PASSED] - tap(findTestObject("ShopOpen/ChillerUtilization/ChillerAvailable/Depth", ["package":PACKAGENAME]), 0): Tapped on element 'Object Repository/ShopOpen/ChillerUtilization/ChillerAvailable/Depth'

2018-12-17 16:36:18 - [MESSAGE][WARNING] - Timeout '0' is invalid. Using default page load timeout: '5'

2018-12-17 16:36:19 - [MESSAGE][PASSED] - Tapped on element 'Object Repository/ShopOpen/ChillerUtilization/ChillerAvailable/Depth'

2018-12-17 16:36:19 - [TEST_STEP][PASSED] - verifyElementText(findTestObject("ShopOpen/ChillerUtilization/ChillerAvailable/Validate_DepthScreen", ["package":PACKAGENAME]), "Depth"): Actual text and expected text of test object 'Object Repository/ShopOpen/ChillerUtilization/ChillerAvailable/Validate_DepthScreen' are matched.

2018-12-17 16:36:21 - [MESSAGE][PASSED] - Actual text and expected text of test object 'Object Repository/ShopOpen/ChillerUtilization/ChillerAvailable/Validate_DepthScreen' are matched.

2018-12-17 16:36:21 - [TEST_STEP][PASSED] - com.ct.qa.keywords.ChillerProductsDataKeywords.visitChillerAvailableProductsData(CHILLER_DEPTH, "Depth"): com.ct.qa.keywords.ChillerProductsDataKeywords.visitChillerAvailableProductsData is PASSED

2018-12-17 16:36:26 - [MESSAGE][PASSED] - Keyboard is hidden

2018-12-17 16:36:29 - [MESSAGE][PASSED] - Keyboard is hidden

2018-12-17 16:36:32 - [MESSAGE][PASSED] - Keyboard is hidden

2018-12-17 16:36:35 - [MESSAGE][PASSED] - Keyboard is hidden

2018-12-17 16:36:38 - [MESSAGE][PASSED] - Keyboard is hidden

2018-12-17 16:36:41 - [MESSAGE][PASSED] - Keyboard is hidden

2018-12-17 16:36:45 - [MESSAGE][PASSED] - Swiped from 55,359 to 55,250

2018-12-17 16:36:48 - [MESSAGE][PASSED] - Keyboard is hidden

2018-12-17 16:36:50 - [MESSAGE][PASSED] - Swiped from 55,359 to 55,250

2018-12-17 16:36:53 - [MESSAGE][PASSED] - Keyboard is hidden

2018-12-17 16:36:55 - [MESSAGE][PASSED] - Swiped from 55,359 to 55,250

2018-12-17 16:36:58 - [MESSAGE][PASSED] - Keyboard is hidden

2018-12-17 16:37:00 - [MESSAGE][PASSED] - Swiped from 55,359 to 55,250

2018-12-17 16:37:01 - [MESSAGE][PASSED] - com.ct.qa.keywords.ChillerProductsDataKeywords.visitChillerAvailableProductsData is PASSED

2018-12-17 16:37:01 - [TEST_STEP][PASSED] - tap(findTestObject("ShopOpen/ChillerUtilization/ChillerAvailable/SubmitButton", ["package":PACKAGENAME]), 0): Tapped on element 'Object Repository/ShopOpen/ChillerUtilization/ChillerAvailable/SubmitButton'

2018-12-17 16:37:01 - [MESSAGE][WARNING] - Timeout '0' is invalid. Using default page load timeout: '5'

2018-12-17 16:37:01 - [MESSAGE][PASSED] - Tapped on element 'Object Repository/ShopOpen/ChillerUtilization/ChillerAvailable/SubmitButton'

2018-12-17 16:37:01 - [TEST_STEP][PASSED] - verifyElementText(findTestObject("ShopOpen/ChillerUtilization/ChillerAvailable/Validate_ProductCategoryAssetScreen", ["package":PACKAGENAME]), "Facing"): Actual text and expected text of test object 'Object Repository/ShopOpen/ChillerUtilization/ChillerAvailable/Validate_ProductCategoryAssetScreen' are matched.

2018-12-17 16:37:02 - [MESSAGE][PASSED] - Actual text and expected text of test object 'Object Repository/ShopOpen/ChillerUtilization/ChillerAvailable/Validate_ProductCategoryAssetScreen' are matched.

2018-12-17 16:37:02 - [TEST_STEP][PASSED] - tap(findTestObject("ShopOpen/ChillerUtilization/ChillerAvailable/StockCount", ["package":PACKAGENAME]), 0): Tapped on element 'Object Repository/ShopOpen/ChillerUtilization/ChillerAvailable/StockCount'

2018-12-17 16:37:02 - [MESSAGE][WARNING] - Timeout '0' is invalid. Using default page load timeout: '5'

2018-12-17 16:37:03 - [MESSAGE][PASSED] - Tapped on element 'Object Repository/ShopOpen/ChillerUtilization/ChillerAvailable/StockCount'

2018-12-17 16:37:03 - [TEST_STEP][PASSED] - verifyElementText(findTestObject("ShopOpen/ChillerUtilization/ChillerAvailable/Validate_StockCountScreen", ["package":PACKAGENAME]), "Stock Count"): Actual text and expected text of test object 'Object Repository/ShopOpen/ChillerUtilization/ChillerAvailable/Validate_StockCountScreen' are matched.

2018-12-17 16:37:05 - [MESSAGE][PASSED] - Actual text and expected text of test object 'Object Repository/ShopOpen/ChillerUtilization/ChillerAvailable/Validate_StockCountScreen' are matched.

2018-12-17 16:37:05 - [TEST_STEP][PASSED] - com.ct.qa.keywords.ChillerProductsDataKeywords.visitChillerAvailableProductsData(CHILLER_STOCKCOUNT, "Stock Count"): com.ct.qa.keywords.ChillerProductsDataKeywords.visitChillerAvailableProductsData is PASSED

2018-12-17 16:37:09 - [MESSAGE][PASSED] - Keyboard is hidden

2018-12-17 16:37:12 - [MESSAGE][PASSED] - Keyboard is hidden

2018-12-17 16:37:15 - [MESSAGE][PASSED] - Keyboard is hidden

2018-12-17 16:37:18 - [MESSAGE][PASSED] - Keyboard is hidden

2018-12-17 16:37:21 - [MESSAGE][PASSED] - Keyboard is hidden

2018-12-17 16:37:24 - [MESSAGE][PASSED] - Keyboard is hidden

2018-12-17 16:37:27 - [MESSAGE][PASSED] - Swiped from 55,359 to 55,250

2018-12-17 16:37:31 - [MESSAGE][PASSED] - Keyboard is hidden

2018-12-17 16:37:33 - [MESSAGE][PASSED] - Swiped from 55,359 to 55,250

2018-12-17 16:37:36 - [MESSAGE][PASSED] - Keyboard is hidden

2018-12-17 16:37:38 - [MESSAGE][PASSED] - Swiped from 55,359 to 55,250

2018-12-17 16:37:41 - [MESSAGE][PASSED] - Keyboard is hidden

2018-12-17 16:37:42 - [MESSAGE][PASSED] - Swiped from 55,359 to 55,250

2018-12-17 16:37:44 - [MESSAGE][PASSED] - com.ct.qa.keywords.ChillerProductsDataKeywords.visitChillerAvailableProductsData is PASSED

2018-12-17 16:37:44 - [TEST_STEP][PASSED] - tap(findTestObject("ShopOpen/ChillerUtilization/ChillerAvailable/SubmitButton", ["package":PACKAGENAME]), 0): Tapped on element 'Object Repository/ShopOpen/ChillerUtilization/ChillerAvailable/SubmitButton'

2018-12-17 16:37:44 - [MESSAGE][WARNING] - Timeout '0' is invalid. Using default page load timeout: '5'

2018-12-17 16:37:44 - [MESSAGE][PASSED] - Tapped on element 'Object Repository/ShopOpen/ChillerUtilization/ChillerAvailable/SubmitButton'

2018-12-17 16:37:44 - [TEST_STEP][PASSED] - verifyElementText(findTestObject("ShopOpen/ChillerUtilization/ChillerAvailable/Validate_ProductCategoryAssetScreen", ["package":PACKAGENAME]), "Facing"): Actual text and expected text of test object 'Object Repository/ShopOpen/ChillerUtilization/ChillerAvailable/Validate_ProductCategoryAssetScreen' are matched.

2018-12-17 16:37:45 - [MESSAGE][PASSED] - Actual text and expected text of test object 'Object Repository/ShopOpen/ChillerUtilization/ChillerAvailable/Validate_ProductCategoryAssetScreen' are matched.

2018-12-17 16:37:45 - [TEST_STEP][PASSED] - tap(findTestObject("ShopOpen/ChillerUtilization/ChillerAvailable/PorductCategoryActions_BackButton", ["package":PACKAGENAME]), 0): Tapped on element 'Object Repository/ShopOpen/ChillerUtilization/ChillerAvailable/PorductCategoryActions_BackButton'

2018-12-17 16:37:45 - [MESSAGE][WARNING] - Timeout '0' is invalid. Using default page load timeout: '5'

2018-12-17 16:37:46 - [MESSAGE][PASSED] - Tapped on element 'Object Repository/ShopOpen/ChillerUtilization/ChillerAvailable/PorductCategoryActions_BackButton'

2018-12-17 16:37:46 - [TEST_STEP][PASSED] - verifyElementText(findTestObject("ShopOpen/ChillerUtilization/ChillerAvailable/Validate_ChillerProductsCategoriesScreen", ["package":PACKAGENAME]), "Category:Chiller Utilization"): Actual text and expected text of test object 'Object Repository/ShopOpen/ChillerUtilization/ChillerAvailable/Validate_ChillerProductsCategoriesScreen' are matched.

2018-12-17 16:37:47 - [MESSAGE][PASSED] - Actual text and expected text of test object 'Object Repository/ShopOpen/ChillerUtilization/ChillerAvailable/Validate_ChillerProductsCategoriesScreen' are matched.

2018-12-17 16:37:47 - [MESSAGE][PASSED] - Call Test Case 'Test Cases/ShopOpen/ChillerUtilization/ChillerAvailable/VisitProductCategoryAssets' successfully

2018-12-17 16:37:48 - [TEST_CASE][PASSED] - Test Cases/ShopOpen/ChillerUtilization/ChillerAvailable/VisitProductCategoryAssets: Test Cases/ShopOpen/ChillerUtilization/ChillerAvailable/VisitProductCategoryAssets

2018-12-17 16:37:48 - [TEST_STEP][PASSED] - verifyElementText(findTestObject("ShopOpen/ChillerUtilization/ChillerAvailable/Validate_ProductCategoryAssetScreen", ["package":PACKAGENAME]), "Facing"): Actual text and expected text of test object 'Object Repository/ShopOpen/ChillerUtilization/ChillerAvailable/Validate_ProductCategoryAssetScreen' are matched.

2018-12-17 16:37:50 - [MESSAGE][PASSED] - Actual text and expected text of test object 'Object Repository/ShopOpen/ChillerUtilization/ChillerAvailable/Validate_ProductCategoryAssetScreen' are matched.

2018-12-17 16:37:50 - [TEST_STEP][PASSED] - tap(findTestObject("ShopOpen/ChillerUtilization/ChillerAvailable/Facing", ["package":PACKAGENAME]), 0): Tapped on element 'Object Repository/ShopOpen/ChillerUtilization/ChillerAvailable/Facing'

2018-12-17 16:37:50 - [MESSAGE][WARNING] - Timeout '0' is invalid. Using default page load timeout: '5'

2018-12-17 16:37:50 - [MESSAGE][PASSED] - Tapped on element 'Object Repository/ShopOpen/ChillerUtilization/ChillerAvailable/Facing'

2018-12-17 16:37:50 - [TEST_STEP][PASSED] - verifyElementText(findTestObject("ShopOpen/ChillerUtilization/ChillerAvailable/Validate_FacingScreen", ["package":PACKAGENAME]), "Facing"): Actual text and expected text of test object 'Object Repository/ShopOpen/ChillerUtilization/ChillerAvailable/Validate_FacingScreen' are matched.

2018-12-17 16:37:52 - [MESSAGE][PASSED] - Actual text and expected text of test object 'Object Repository/ShopOpen/ChillerUtilization/ChillerAvailable/Validate_FacingScreen' are matched.

2018-12-17 16:37:52 - [TEST_STEP][PASSED] - com.ct.qa.keywords.ChillerProductsDataKeywords.visitChillerAvailableProductsData(CHILLER_FACING, "Facing"): com.ct.qa.keywords.ChillerProductsDataKeywords.visitChillerAvailableProductsData is PASSED

2018-12-17 16:37:56 - [MESSAGE][PASSED] - Keyboard is hidden

2018-12-17 16:37:59 - [MESSAGE][PASSED] - Keyboard is hidden

2018-12-17 16:38:02 - [MESSAGE][PASSED] - Keyboard is hidden

2018-12-17 16:38:03 - [MESSAGE][PASSED] - com.ct.qa.keywords.ChillerProductsDataKeywords.visitChillerAvailableProductsData is PASSED

2018-12-17 16:38:03 - [TEST_STEP][PASSED] - tap(findTestObject("ShopOpen/ChillerUtilization/ChillerAvailable/SubmitButton", ["package":PACKAGENAME]), 0): Tapped on element 'Object Repository/ShopOpen/ChillerUtilization/ChillerAvailable/SubmitButton'

2018-12-17 16:38:03 - [MESSAGE][WARNING] - Timeout '0' is invalid. Using default page load timeout: '5'

2018-12-17 16:38:04 - [MESSAGE][PASSED] - Tapped on element 'Object Repository/ShopOpen/ChillerUtilization/ChillerAvailable/SubmitButton'

2018-12-17 16:38:04 - [TEST_STEP][PASSED] - verifyElementText(findTestObject("ShopOpen/ChillerUtilization/ChillerAvailable/Validate_ProductCategoryAssetScreen", ["package":PACKAGENAME]), "Facing"): Actual text and expected text of test object 'Object Repository/ShopOpen/ChillerUtilization/ChillerAvailable/Validate_ProductCategoryAssetScreen' are matched.

2018-12-17 16:38:05 - [MESSAGE][PASSED] - Actual text and expected text of test object 'Object Repository/ShopOpen/ChillerUtilization/ChillerAvailable/Validate_ProductCategoryAssetScreen' are matched.

2018-12-17 16:38:05 - [TEST_STEP][PASSED] - tap(findTestObject("ShopOpen/ChillerUtilization/ChillerAvailable/Depth", ["package":PACKAGENAME]), 0): Tapped on element 'Object Repository/ShopOpen/ChillerUtilization/ChillerAvailable/Depth'

2018-12-17 16:38:05 - [MESSAGE][WARNING] - Timeout '0' is invalid. Using default page load timeout: '5'

2018-12-17 16:38:05 - [MESSAGE][PASSED] - Tapped on element 'Object Repository/ShopOpen/ChillerUtilization/ChillerAvailable/Depth'

2018-12-17 16:38:05 - [TEST_STEP][PASSED] - verifyElementText(findTestObject("ShopOpen/ChillerUtilization/ChillerAvailable/Validate_DepthScreen", ["package":PACKAGENAME]), "Depth"): Actual text and expected text of test object 'Object Repository/ShopOpen/ChillerUtilization/ChillerAvailable/Validate_DepthScreen' are matched.

2018-12-17 16:38:07 - [MESSAGE][PASSED] - Actual text and expected text of test object 'Object Repository/ShopOpen/ChillerUtilization/ChillerAvailable/Validate_DepthScreen' are matched.

2018-12-17 16:38:07 - [TEST_STEP][PASSED] - com.ct.qa.keywords.ChillerProductsDataKeywords.visitChillerAvailableProductsData(CHILLER_DEPTH, "Depth"): com.ct.qa.keywords.ChillerProductsDataKeywords.visitChillerAvailableProductsData is PASSED

2018-12-17 16:38:11 - [MESSAGE][PASSED] - Keyboard is hidden

2018-12-17 16:38:14 - [MESSAGE][PASSED] - Keyboard is hidden

2018-12-17 16:38:17 - [MESSAGE][PASSED] - Keyboard is hidden

2018-12-17 16:38:18 - [MESSAGE][PASSED] - com.ct.qa.keywords.ChillerProductsDataKeywords.visitChillerAvailableProductsData is PASSED

2018-12-17 16:38:18 - [TEST_STEP][PASSED] - tap(findTestObject("ShopOpen/ChillerUtilization/ChillerAvailable/SubmitButton", ["package":PACKAGENAME]), 0): Tapped on element 'Object Repository/ShopOpen/ChillerUtilization/ChillerAvailable/SubmitButton'

2018-12-17 16:38:18 - [MESSAGE][WARNING] - Timeout '0' is invalid. Using default page load timeout: '5'

2018-12-17 16:38:19 - [MESSAGE][PASSED] - Tapped on element 'Object Repository/ShopOpen/ChillerUtilization/ChillerAvailable/SubmitButton'

2018-12-17 16:38:19 - [TEST_STEP][PASSED] - verifyElementText(findTestObject("ShopOpen/ChillerUtilization/ChillerAvailable/Validate_ProductCategoryAssetScreen", ["package":PACKAGENAME]), "Facing"): Actual text and expected text of test object 'Object Repository/ShopOpen/ChillerUtilization/ChillerAvailable/Validate_ProductCategoryAssetScreen' are matched.

2018-12-17 16:38:20 - [MESSAGE][PASSED] - Actual text and expected text of test object 'Object Repository/ShopOpen/ChillerUtilization/ChillerAvailable/Validate_ProductCategoryAssetScreen' are matched.

2018-12-17 16:38:20 - [TEST_STEP][PASSED] - tap(findTestObject("ShopOpen/ChillerUtilization/ChillerAvailable/StockCount", ["package":PACKAGENAME]), 0): Tapped on element 'Object Repository/ShopOpen/ChillerUtilization/ChillerAvailable/StockCount'

2018-12-17 16:38:20 - [MESSAGE][WARNING] - Timeout '0' is invalid. Using default page load timeout: '5'

2018-12-17 16:38:20 - [MESSAGE][PASSED] - Tapped on element 'Object Repository/ShopOpen/ChillerUtilization/ChillerAvailable/StockCount'

2018-12-17 16:38:20 - [TEST_STEP][PASSED] - verifyElementText(findTestObject("ShopOpen/ChillerUtilization/ChillerAvailable/Validate_StockCountScreen", ["package":PACKAGENAME]), "Stock Count"): Actual text and expected text of test object 'Object Repository/ShopOpen/ChillerUtilization/ChillerAvailable/Validate_StockCountScreen' are matched.

2018-12-17 16:38:22 - [MESSAGE][PASSED] - Actual text and expected text of test object 'Object Repository/ShopOpen/ChillerUtilization/ChillerAvailable/Validate_StockCountScreen' are matched.

2018-12-17 16:38:22 - [TEST_STEP][PASSED] - com.ct.qa.keywords.ChillerProductsDataKeywords.visitChillerAvailableProductsData(CHILLER_STOCKCOUNT, "Stock Count"): com.ct.qa.keywords.ChillerProductsDataKeywords.visitChillerAvailableProductsData is PASSED

2018-12-17 16:38:26 - [MESSAGE][PASSED] - Keyboard is hidden

2018-12-17 16:38:29 - [MESSAGE][PASSED] - Keyboard is hidden

2018-12-17 16:38:32 - [MESSAGE][PASSED] - Keyboard is hidden

2018-12-17 16:38:33 - [MESSAGE][PASSED] - com.ct.qa.keywords.ChillerProductsDataKeywords.visitChillerAvailableProductsData is PASSED

2018-12-17 16:38:33 - [TEST_STEP][PASSED] - tap(findTestObject("ShopOpen/ChillerUtilization/ChillerAvailable/SubmitButton", ["package":PACKAGENAME]), 0): Tapped on element 'Object Repository/ShopOpen/ChillerUtilization/ChillerAvailable/SubmitButton'

2018-12-17 16:38:33 - [MESSAGE][WARNING] - Timeout '0' is invalid. Using default page load timeout: '5'

2018-12-17 16:38:34 - [MESSAGE][PASSED] - Tapped on element 'Object Repository/ShopOpen/ChillerUtilization/ChillerAvailable/SubmitButton'

2018-12-17 16:38:34 - [TEST_STEP][PASSED] - verifyElementText(findTestObject("ShopOpen/ChillerUtilization/ChillerAvailable/Validate_ProductCategoryAssetScreen", ["package":PACKAGENAME]), "Facing"): Actual text and expected text of test object 'Object Repository/ShopOpen/ChillerUtilization/ChillerAvailable/Validate_ProductCategoryAssetScreen' are matched.

2018-12-17 16:38:35 - [MESSAGE][PASSED] - Actual text and expected text of test object 'Object Repository/ShopOpen/ChillerUtilization/ChillerAvailable/Validate_ProductCategoryAssetScreen' are matched.

2018-12-17 16:38:35 - [TEST_STEP][PASSED] - tap(findTestObject("ShopOpen/ChillerUtilization/ChillerAvailable/PorductCategoryActions_BackButton", ["package":PACKAGENAME]), 0): Tapped on element 'Object Repository/ShopOpen/ChillerUtilization/ChillerAvailable/PorductCategoryActions_BackButton'

2018-12-17 16:38:35 - [MESSAGE][WARNING] - Timeout '0' is invalid. Using default page load timeout: '5'

2018-12-17 16:38:35 - [MESSAGE][PASSED] - Tapped on element 'Object Repository/ShopOpen/ChillerUtilization/ChillerAvailable/PorductCategoryActions_BackButton'

2018-12-17 16:38:35 - [TEST_STEP][PASSED] - verifyElementText(findTestObject("ShopOpen/ChillerUtilization/ChillerAvailable/Validate_ChillerProductsCategoriesScreen", ["package":PACKAGENAME]), "Category:Chiller Utilization"): Actual text and expected text of test object 'Object Repository/ShopOpen/ChillerUtilization/ChillerAvailable/Validate_ChillerProductsCategoriesScreen' are matched.

2018-12-17 16:38:36 - [MESSAGE][PASSED] - Actual text and expected text of test object 'Object Repository/ShopOpen/ChillerUtilization/ChillerAvailable/Validate_ChillerProductsCategoriesScreen' are matched.

2018-12-17 16:38:36 - [MESSAGE][PASSED] - Call Test Case 'Test Cases/ShopOpen/ChillerUtilization/ChillerAvailable/VisitProductCategoryAssets' successfully

2018-12-17 16:38:36 - [MESSAGE][PASSED] - com.ct.qa.keywords.ChillerProductsDataKeywords.visitChillerAvailableProductCategories is PASSED

2018-12-17 16:38:36 - [TEST_STEP][PASSED] - com.ct.qa.keywords.CommonKeywords.visitPlanogramImageViewButton(): com.ct.qa.keywords.CommonKeywords.visitPlanogramImageViewButton is PASSED

2018-12-17 16:38:37 - [MESSAGE][WARNING] - Timeout '0' is invalid. Using default page load timeout: '5'

2018-12-17 16:38:39 - [MESSAGE][PASSED] - Tapped on element 'Object Repository/CommonScreenElements/InfoPopUp_OKButton'

2018-12-17 16:38:40 - [MESSAGE][PASSED] - com.ct.qa.keywords.CommonKeywords.visitPlanogramImageViewButton is PASSED

2018-12-17 16:38:40 - [TEST_STEP][PASSED] - verifyElementText(findTestObject("ShopOpen/ChillerUtilization/ChillerAvailable/Validate_ChillerProductsCategoriesScreen", ["package":PACKAGENAME]), "Category:Chiller Utilization"): Actual text and expected text of test object 'Object Repository/ShopOpen/ChillerUtilization/ChillerAvailable/Validate_ChillerProductsCategoriesScreen' are matched.

2018-12-17 16:38:41 - [MESSAGE][PASSED] - Actual text and expected text of test object 'Object Repository/ShopOpen/ChillerUtilization/ChillerAvailable/Validate_ChillerProductsCategoriesScreen' are matched.

2018-12-17 16:38:41 - [TEST_STEP][PASSED] - com.ct.qa.keywords.CommonKeywords.visitPictureImageViewButton(): com.ct.qa.keywords.CommonKeywords.visitPictureImageViewButton is PASSED

2018-12-17 16:38:42 - [MESSAGE][PASSED] - com.ct.qa.keywords.CommonKeywords.visitPictureImageViewButton is PASSED

2018-12-17 16:38:42 - [TEST_STEP][PASSED] - verifyElementText(findTestObject("ShopOpen/ChillerUtilization/ChillerAvailable/Validate_ChillerProductsCategoriesScreen", ["package":PACKAGENAME]), "Category:Chiller Utilization"): Actual text and expected text of test object 'Object Repository/ShopOpen/ChillerUtilization/ChillerAvailable/Validate_ChillerProductsCategoriesScreen' are matched.

2018-12-17 16:38:43 - [MESSAGE][PASSED] - Actual text and expected text of test object 'Object Repository/ShopOpen/ChillerUtilization/ChillerAvailable/Validate_ChillerProductsCategoriesScreen' are matched.

2018-12-17 16:38:43 - [TEST_STEP][PASSED] - com.ct.qa.keywords.CommonKeywords.visitBackImageViewButton(): com.ct.qa.keywords.CommonKeywords.visitBackImageViewButton is PASSED

2018-12-17 16:38:44 - [MESSAGE][PASSED] - com.ct.qa.keywords.CommonKeywords.visitBackImageViewButton is PASSED

2018-12-17 16:38:44 - [TEST_STEP][PASSED] - verifyElementText(findTestObject("ShopOpen/ChillerUtilization/Validate_ChillerUtilizationScreen", ["package":PACKAGENAME]), "Shop Chillers"): Actual text and expected text of test object 'Object Repository/ShopOpen/ChillerUtilization/Validate_ChillerUtilizationScreen' are matched.

2018-12-17 16:38:45 - [MESSAGE][PASSED] - Actual text and expected text of test object 'Object Repository/ShopOpen/ChillerUtilization/Validate_ChillerUtilizationScreen' are matched.

2018-12-17 16:38:45 - [MESSAGE][PASSED] - Call Test Case 'Test Cases/ShopOpen/ChillerUtilization/ChillerAvailable/VisitChillerAvailable' successfully

2018-12-17 16:38:45 - [MESSAGE][PASSED] - com.ct.qa.keywords.ChillerVisitingScenariosKeywords.visitChillersTaggedInChillerUtilizationWithDataVerification is PASSED

2018-12-17 16:38:45 - [TEST_STEP][PASSED] - tap(findTestObject("ShopOpen/ChillerUtilization/ChillerUtilization_backButton", ["package":PACKAGENAME]), 0): Tapped on element 'Object Repository/ShopOpen/ChillerUtilization/ChillerUtilization_backButton'

2018-12-17 16:38:45 - [MESSAGE][WARNING] - Timeout '0' is invalid. Using default page load timeout: '5'

2018-12-17 16:38:45 - [MESSAGE][PASSED] - Tapped on element 'Object Repository/ShopOpen/ChillerUtilization/ChillerUtilization_backButton'

2018-12-17 16:38:45 - [TEST_STEP][PASSED] - verifyElementExist(findTestObject("ShopOpen/Validate_ShopCategoriesListScreen", ["package":PACKAGENAME]), 0): Element 'Object Repository/ShopOpen/Validate_ShopCategoriesListScreen' is exist

2018-12-17 16:38:45 - [MESSAGE][WARNING] - Timeout '0' is invalid. Using default page load timeout: '5'

2018-12-17 16:38:47 - [MESSAGE][PASSED] - Element 'Object Repository/ShopOpen/Validate_ShopCategoriesListScreen' is exist

2018-12-17 16:38:47 - [MESSAGE][PASSED] - Call Test Case 'Test Cases/ShopOpen/ChillerUtilization/VisitChillerScenarios/VisitChillerUtilizationWithDataVerification' successfully

2018-12-17 16:38:47 - [MESSAGE][PASSED] - com.ct.qa.keywords.CategoryVisitingScenariosKeywords.visitShopCategoriesWithDataVerification is PASSED

2018-12-17 16:38:47 - [MESSAGE][PASSED] - Call Test Case 'Test Cases/ShopOpen/VisitCategoryScenarios/VisitShopCategoriesWithDataVerification' successfully

2018-12-17 16:38:47 - [TEST_CASE][PASSED] - Test Cases/ShopOpen/SaveShop: Test Cases/ShopOpen/SaveShop

2018-12-17 16:38:47 - [TEST_STEP][PASSED] - tap(findTestObject("ShopOpen/SubmitButtonToSaveShop", ["package":PACKAGENAME]), 0): Tapped on element 'Object Repository/ShopOpen/SubmitButtonToSaveShop'

2018-12-17 16:38:47 - [MESSAGE][WARNING] - Timeout '0' is invalid. Using default page load timeout: '5'

2018-12-17 16:38:48 - [MESSAGE][PASSED] - Tapped on element 'Object Repository/ShopOpen/SubmitButtonToSaveShop'

2018-12-17 16:38:48 - [TEST_STEP][PASSED] - verifyElementExist(findTestObject("CommonScreenElements/Validate_InfoPopUP", ["package":PACKAGENAME]), 0): Element 'Object Repository/CommonScreenElements/Validate_InfoPopUP' is exist

2018-12-17 16:38:48 - [MESSAGE][WARNING] - Timeout '0' is invalid. Using default page load timeout: '5'

2018-12-17 16:38:49 - [MESSAGE][PASSED] - Element 'Object Repository/CommonScreenElements/Validate_InfoPopUP' is exist

2018-12-17 16:38:49 - [TEST_STEP][PASSED] - tap(findTestObject("CommonScreenElements/InfoPopUp_YesButton", ["package":PACKAGENAME]), 0): Tapped on element 'Object Repository/CommonScreenElements/InfoPopUp_YesButton'

2018-12-17 16:38:49 - [MESSAGE][WARNING] - Timeout '0' is invalid. Using default page load timeout: '5'

2018-12-17 16:38:50 - [MESSAGE][PASSED] - Tapped on element 'Object Repository/CommonScreenElements/InfoPopUp_YesButton'

2018-12-17 16:38:50 - [TEST_STEP][PASSED] - verifyElementText(findTestObject("Validate_ShopListScreen", ["package":PACKAGENAME]), "Shops on Route"): Actual text and expected text of test object 'Object Repository/Validate_ShopListScreen' are matched.

2018-12-17 16:38:51 - [MESSAGE][PASSED] - Actual text and expected text of test object 'Object Repository/Validate_ShopListScreen' are matched.

2018-12-17 16:38:51 - [MESSAGE][PASSED] - Call Test Case 'Test Cases/ShopOpen/SaveShop' successfully

2018-12-17 16:38:51 - [MESSAGE][WARNING] - Timeout '0' is invalid. Using default page load timeout: '5'

2018-12-17 16:38:51 - [MESSAGE][PASSED] - Element 'Object Repository/Validate_ShopListScreen' is exist

2018-12-17 16:38:51 - [MESSAGE][INFO] - 

---------------------------------------------Missing Shop Data-----------------------------------------------------------------------------------------------------

<-------------------------------------------------------------------------------------------------------------------------------------->

Shop Name: Al Raziq Departmental(Lahore A)                             Channel: Large Grocery                                      

Visiting Scenarios:           Data Verification                                                                                   

Shop Actions:                 Get Direction,   
above items are missing on device...



Products:

Main Category:                Chiller Utilization                                         
Chiller type:                 SAX 550 (Without Yogurt)                                    
Chiller Remark:               Chiller Available                                           
Product Category:             Juices - 1000ML                                             
Products:                     FRUITA VITALS PEACH 1000ML, 
above items are displaying on device more than to expected items...



Products:

Main Category:                Chiller Utilization                                         
Chiller type:                 SAX 550 (Without Yogurt)                                    
Chiller Remark:               Chiller Available                                           
Product Category:             Water                                                       
Products:                     Water Npl 330ML, 
above items are displaying on device more than to expected items...



<-------------------------------------------------------------------------------------------------------------------------------------->



2018-12-17 16:38:51 - [MESSAGE][INFO] - 


---------------------------------------------Visited Shop Data-----------------------------------------------------------------------------------------------------

<-------------------------------------------------------------------------------------------------------------------------------------->

Shop Name: Al Raziq Departmental(Lahore A)                             Channel: Large Grocery                                      

Other Categories Visiting Scenarios:    (1) 'RTM visit frequency' with 'Once a week'
                                            'Pop Application' with 'No' remark                                                                  
                                            'Retailer Remarks' with 'OB not visiting' remark                                                    
                                            'Hanger Availability' with 'Yes' remark                                                             
                                        (2) 'RTM visit frequency' with 'Twice a week'                                                       
                                            'Pop Application' with 'No' remark                                                                  
                                            'Retailer Remarks' with 'SM not visiting' remark                                                    
                                            'Hanger Availability' with 'No' remark                                                              

Main Category:                Chiller Utilization                                                                                                               
Chiller Type Scenarios:       SAX 550 (Without Yogurt)  ==>  null                                                                                               
Chiller Remark Scenarios:     Chiller Available  ==>  null                                                                                                      


Product Category:             Flavoured Milk                                              
Products:                                         Facing      Stock Taking/      Depth      Overwrite Facing      Overwrite Stock Taking/      Overwrite Depth      
                                                              Stock Count                                         Overwrite Stock Count                             
MILO RTD 200ML                                    49          363                206        null                  null                         null                 

                                ----------------------------------------------------------------------------------------------------                                


Main Category:                Chiller Utilization                                                                                                               
Chiller Type Scenarios:       SAX 550 (Without Yogurt)  ==>  null                                                                                               
Chiller Remark Scenarios:     Chiller Available  ==>  null                                                                                                      


Product Category:             Juices - 1000ML                                             
Products:                                         Facing      Stock Taking/      Depth      Overwrite Facing      Overwrite Stock Taking/      Overwrite Depth      
                                                              Stock Count                                         Overwrite Stock Count                             
FRUITA VITALS CHAUNSA 1000ML                      37          351                194        null                  null                         null                 
FRUITA VITALS APPLE 1000ML                        39          353                196        null                  null                         null                 
FRUITA VITALS RED GRAPES 1000ML                   38          352                195        null                  null                         null                 
FRUITA VITALS PEACH 1000ML                        0000        0000               0000       null                  null                         null                 

                                ----------------------------------------------------------------------------------------------------                                


Main Category:                Chiller Utilization                                                                                                               
Chiller Type Scenarios:       SAX 550 (Without Yogurt)  ==>  null                                                                                               
Chiller Remark Scenarios:     Chiller Available  ==>  null                                                                                                      


Product Category:             Juices - 200ML                                              
Products:                                         Facing      Stock Taking/      Depth      Overwrite Facing      Overwrite Stock Taking/      Overwrite Depth      
                                                              Stock Count                                         Overwrite Stock Count                             
NESFRUTA MANGO 200ML                              47          361                204        null                  null                         null                 
FRUITA VITALS KINOW 200ML                         43          357                200        null                  null                         null                 
NESFRUTA APPLE 200ML                              48          362                205        null                  null                         null                 
FRUITA VITALS CHAUNSA 200ML                       40          354                197        null                  null                         null                 
FRUITA VITALS PEACH 200ML                         44          358                201        null                  null                         null                 
FRUITA VITALS RED GRAPES 200ML                    41          355                198        null                  null                         null                 
FRUITA VITALS PINEAPPLE 200ML                     45          359                202        null                  null                         null                 
FRUITA VITALS GUAVA 200ML                         46          360                203        null                  null                         null                 
FRUITA VITALS APPLE 200ML                         42          356                199        null                  null                         null                 

                                ----------------------------------------------------------------------------------------------------                                


Main Category:                Chiller Utilization                                                                                                               
Chiller Type Scenarios:       SAX 550 (Without Yogurt)  ==>  null                                                                                               
Chiller Remark Scenarios:     Chiller Available  ==>  null                                                                                                      


Product Category:             Water                                                       
Products:                                         Facing      Stock Taking/      Depth      Overwrite Facing      Overwrite Stock Taking/      Overwrite Depth      
                                                              Stock Count                                         Overwrite Stock Count                             
Water Npl 500ML                                   50          364                207        null                  null                         null                 
Water Npl 330ML                                   0000        0000               0000       null                  null                         null                 
Water Npl 1500ML                                  51          365                208        null                  null                         null                 

                                ----------------------------------------------------------------------------------------------------                                


<-------------------------------------------------------------------------------------------------------------------------------------->



2018-12-17 16:38:51 - [MESSAGE][PASSED] - com.ct.qa.keywords.ShopVisitingScenariosKeywords.visitShopWith_DataVerification is PASSED]]></system-out>
         <system-err><![CDATA[]]></system-err>
      </testcase>
      <system-out><![CDATA[2018-12-17 16:31:09 - [TEST_SUITE][PASSED] - MMA Merchandising Data Verification: Test Cases/VisitShopScenarios/VisitShopsWithDataVerification]]></system-out>
      <system-err><![CDATA[]]></system-err>
   </testsuite>
</testsuites>
