<?xml version="1.0" encoding="UTF-8"?>
<testsuites name="MMA Plus Merchandiser With Chiller Level Overwrite Scenarios" time="1463" tests="2" failures="0" errors="0">
   <testsuite name="MMA Plus Merchandiser With Chiller Level Overwrite Scenarios" tests="2" failures="0" errors="0" time="1463" timestamp="2019-04-08 17:44:18" hostname="Fahad Shah - DESKTOP-L12UUAD" id="Test Suites/MMA Plus Merchandiser With Chiller Level Overwrite Scenarios">
      <properties>
         <property name="deviceName" value="samsung SM-J110H (Android 4.4.4)"/>
         <property name="devicePlatform" value=""/>
         <property name="logFolder" value="F:\\Git Projects\\MMAPlus_Merchandising\\MMAPlus_Merchandising\\Reports\\MMA Plus Merchandiser With Chiller Level Overwrite Scenarios\\20190408_174415"/>
         <property name="logFiles" value="F:\\Git Projects\\MMAPlus_Merchandising\\MMAPlus_Merchandising\\Reports\\MMA Plus Merchandiser With Chiller Level Overwrite Scenarios\\20190408_174415\\appium.log, F:\\Git Projects\\MMAPlus_Merchandising\\MMAPlus_Merchandising\\Reports\\MMA Plus Merchandiser With Chiller Level Overwrite Scenarios\\20190408_174415\\execution0.log"/>
         <property name="attachments" value="F:\\Git Projects\\MMAPlus_Merchandising\\MMAPlus_Merchandising\\Reports\\MMA Plus Merchandiser With Chiller Level Overwrite Scenarios\\20190408_174415\\1554727582066.png, F:\\Git Projects\\MMAPlus_Merchandising\\MMAPlus_Merchandising\\Reports\\MMA Plus Merchandiser With Chiller Level Overwrite Scenarios\\20190408_174415\\1554727611505.png, F:\\Git Projects\\MMAPlus_Merchandising\\MMAPlus_Merchandising\\Reports\\MMA Plus Merchandiser With Chiller Level Overwrite Scenarios\\20190408_174415\\1554728083378.png, F:\\Git Projects\\MMAPlus_Merchandising\\MMAPlus_Merchandising\\Reports\\MMA Plus Merchandiser With Chiller Level Overwrite Scenarios\\20190408_174415\\1554728117570.png, F:\\Git Projects\\MMAPlus_Merchandising\\MMAPlus_Merchandising\\Reports\\MMA Plus Merchandiser With Chiller Level Overwrite Scenarios\\20190408_174415\\1554728498420.png, F:\\Git Projects\\MMAPlus_Merchandising\\MMAPlus_Merchandising\\Reports\\MMA Plus Merchandiser With Chiller Level Overwrite Scenarios\\20190408_174415\\1554728687310.png, F:\\Git Projects\\MMAPlus_Merchandising\\MMAPlus_Merchandising\\Reports\\MMA Plus Merchandiser With Chiller Level Overwrite Scenarios\\20190408_174415\\1554728894822.png"/>
         <property name="hostName" value="Fahad Shah - DESKTOP-L12UUAD"/>
         <property name="os" value="Windows 10 64bit"/>
         <property name="katalonVersion" value="5.10.0.1"/>
         <property name="deviceOS" value="Android"/>
         <property name="appiumVersion" value="1.8.1"/>
         <property name="deviceModel" value="SM-J110H"/>
         <property name="hostAddress" value="192.168.3.221"/>
         <property name="deviceManufacturer" value="samsung"/>
         <property name="deviceId" value="11016e423244a24a"/>
         <property name="deviceName" value="samsung SM-J110H (Android 4.4.4)"/>
         <property name="deviceOSVersion" value="4.4.4"/>
      </properties>
      <testcase name="Test Cases/LaunchingApp/LaunchApp" classname="Test Cases/LaunchingApp/LaunchApp" status="PASSED">
         <system-out><![CDATA[2019-04-08 17:44:19 - [TEST_CASE][PASSED] - Test Cases/LaunchingApp/LaunchApp: Test Cases/LaunchingApp/LaunchApp

2019-04-08 17:44:20 - [TEST_STEP][PASSED] - startApplication("F:\QA_Automation\Builds\mmaplus_030419_local_v154.apk", false): Started app at: 'F:\QA_Automation\Builds\mmaplus_030419_local_v154.apk'

2019-04-08 17:44:42 - [MESSAGE][PASSED] - Started app at: 'F:\QA_Automation\Builds\mmaplus_030419_local_v154.apk'

2019-04-08 17:44:42 - [TEST_STEP][PASSED] - delay(5): Delayed 5 second(s)

2019-04-08 17:44:47 - [MESSAGE][PASSED] - Delayed 5 second(s)]]></system-out>
         <system-err><![CDATA[]]></system-err>
      </testcase>
      <testcase name="Test Cases/VisitShopScenarios/VisitShopsWithChillerLevelOverwriteScenarios" classname="Test Cases/VisitShopScenarios/VisitShopsWithChillerLevelOverwriteScenarios" status="PASSED">
         <system-out><![CDATA[2019-04-08 17:44:47 - [TEST_CASE][PASSED] - Test Cases/VisitShopScenarios/VisitShopsWithChillerLevelOverwriteScenarios: Test Cases/VisitShopScenarios/VisitShopsWithChillerLevelOverwriteScenarios

2019-04-08 17:44:47 - [TEST_STEP][PASSED] - verifyElementText(findTestObject("DashboardScreenElements/Validate_DashboardScreen", ["package":PACKAGENAME]), "Dashboard"): Actual text and expected text of test object 'Object Repository/DashboardScreenElements/Validate_DashboardScreen' are matched.

2019-04-08 17:44:59 - [MESSAGE][PASSED] - Actual text and expected text of test object 'Object Repository/DashboardScreenElements/Validate_DashboardScreen' are matched.

2019-04-08 17:44:59 - [TEST_STEP][PASSED] - com.ct.qa.keywords.CommonKeywords.selectday(): com.ct.qa.keywords.CommonKeywords.selectday is PASSED

2019-04-08 17:44:59 - [MESSAGE][WARNING] - Timeout '0' is invalid. Using default page load timeout: '6'

2019-04-08 17:45:00 - [MESSAGE][PASSED] - Tapped on element 'Object Repository/DashboardScreenElements/DaysDropdownMenu'

2019-04-08 17:45:00 - [MESSAGE][WARNING] - Timeout '0' is invalid. Using default page load timeout: '6'

2019-04-08 17:45:01 - [MESSAGE][PASSED] - Element 'Object Repository/DashboardScreenElements/Validate_DaysListScreen' is exist

2019-04-08 17:45:03 - [MESSAGE][PASSED] - com.ct.qa.keywords.CommonKeywords.selectday is PASSED

2019-04-08 17:45:03 - [TEST_STEP][PASSED] - tap(findTestObject("DashboardScreenElements/StartYourDay", ["package":PACKAGENAME]), 0): Tapped on element 'Object Repository/DashboardScreenElements/StartYourDay'

2019-04-08 17:45:03 - [MESSAGE][WARNING] - Timeout '0' is invalid. Using default page load timeout: '6'

2019-04-08 17:45:04 - [MESSAGE][PASSED] - Tapped on element 'Object Repository/DashboardScreenElements/StartYourDay'

2019-04-08 17:45:04 - [TEST_STEP][PASSED] - verifyElementText(findTestObject("Validate_ShopListScreen", ["package":PACKAGENAME]), "Shops on Route"): Actual text and expected text of test object 'Object Repository/Validate_ShopListScreen' are matched.

2019-04-08 17:45:06 - [MESSAGE][PASSED] - Actual text and expected text of test object 'Object Repository/Validate_ShopListScreen' are matched.

2019-04-08 17:45:06 - [TEST_STEP][PASSED] - com.ct.qa.keywords.ShopVisitingScenariosKeywords.visitShopsWith_ChillerLevel_OverwriteScenarios(): com.ct.qa.keywords.ShopVisitingScenariosKeywords.visitShopsWith_ChillerLevel_OverwriteScenarios is PASSED

2019-04-08 17:45:33 - [MESSAGE][PASSED] - Actual text and expected text of test object 'Object Repository/Validate_ShopOptionsScreen' are matched.

2019-04-08 17:45:35 - [MESSAGE][WARNING] - Timeout '0' is invalid. Using default page load timeout: '6'

2019-04-08 17:45:35 - [MESSAGE][PASSED] - Tapped on element 'Object Repository/StartWorking'

2019-04-08 17:45:50 - [MESSAGE][PASSED] - Delayed 15 second(s)

2019-04-08 17:45:51 - [MESSAGE][PASSED] - Element 'Object Repository/CommonScreenElements/Validate_MapScreen' is exist

2019-04-08 17:45:51 - [MESSAGE][WARNING] - Timeout '0' is invalid. Using default page load timeout: '6'

2019-04-08 17:45:52 - [MESSAGE][PASSED] - Tapped on element 'Object Repository/CommonScreenElements/Location_CheckIn'

2019-04-08 17:45:52 - [MESSAGE][WARNING] - Timeout '0' is invalid. Using default page load timeout: '6'

2019-04-08 17:45:53 - [MESSAGE][PASSED] - Element 'Object Repository/CommonScreenElements/Validate_InfoPopUP' is exist

2019-04-08 17:45:53 - [MESSAGE][WARNING] - Timeout '0' is invalid. Using default page load timeout: '6'

2019-04-08 17:45:54 - [MESSAGE][PASSED] - Tapped on element 'Object Repository/CommonScreenElements/InfoPopUp_NoButton'

2019-04-08 17:45:54 - [TEST_CASE][PASSED] - Test Cases/ShopOpen/VisitShopOpen: Test Cases/ShopOpen/VisitShopOpen

2019-04-08 17:45:54 - [TEST_STEP][PASSED] - verifyElementExist(findTestObject("ShopActions_List", ["package":PACKAGENAME]), 0): Element 'Object Repository/ShopActions_List' is exist

2019-04-08 17:45:54 - [MESSAGE][WARNING] - Timeout '0' is invalid. Using default page load timeout: '6'

2019-04-08 17:45:54 - [MESSAGE][PASSED] - Element 'Object Repository/ShopActions_List' is exist

2019-04-08 17:45:54 - [TEST_STEP][PASSED] - tap(findTestObject("ShopOpen/ShopOpen", ["package":PACKAGENAME]), 0): Tapped on element 'Object Repository/ShopOpen/ShopOpen'

2019-04-08 17:45:54 - [MESSAGE][WARNING] - Timeout '0' is invalid. Using default page load timeout: '6'

2019-04-08 17:45:57 - [MESSAGE][PASSED] - Tapped on element 'Object Repository/ShopOpen/ShopOpen'

2019-04-08 17:45:57 - [TEST_STEP][PASSED] - com.ct.qa.keywords.CommonKeywords.takePicture(): com.ct.qa.keywords.CommonKeywords.takePicture is PASSED

2019-04-08 17:45:57 - [MESSAGE][WARNING] - Timeout '0' is invalid. Using default page load timeout: '6'

2019-04-08 17:45:57 - [MESSAGE][PASSED] - Element 'Object Repository/CommonScreenElements/Validate_CameraScreen' is exist

2019-04-08 17:45:57 - [MESSAGE][WARNING] - Timeout '0' is invalid. Using default page load timeout: '6'

2019-04-08 17:46:01 - [MESSAGE][PASSED] - Tapped on element 'Object Repository/CommonScreenElements/Camera_flashButton'

2019-04-08 17:46:01 - [MESSAGE][WARNING] - Timeout '0' is invalid. Using default page load timeout: '6'

2019-04-08 17:46:04 - [MESSAGE][PASSED] - Tapped on element 'Object Repository/CommonScreenElements/Camera_TakePictureButton'

2019-04-08 17:46:09 - [MESSAGE][PASSED] - Delayed 5 second(s)

2019-04-08 17:46:09 - [MESSAGE][WARNING] - Timeout '0' is invalid. Using default page load timeout: '6'

2019-04-08 17:46:10 - [MESSAGE][PASSED] - Tapped on element 'Object Repository/CommonScreenElements/Camera_DoneButton'

2019-04-08 17:46:10 - [MESSAGE][PASSED] - com.ct.qa.keywords.CommonKeywords.takePicture is PASSED

2019-04-08 17:46:10 - [MESSAGE][PASSED] - Call Test Case 'Test Cases/ShopOpen/VisitShopOpen' successfully

2019-04-08 17:46:10 - [TEST_CASE][PASSED] - Test Cases/ShopOpen/VisitCategoryScenarios/VisitShopCategoriesWith_ChillerLevelOverwriteScenarios: Test Cases/ShopOpen/VisitCategoryScenarios/VisitShopCategoriesWith_ChillerLevelOverwriteScenarios

2019-04-08 17:46:10 - [TEST_STEP][PASSED] - verifyElementExist(findTestObject("ShopOpen/Validate_ShopCategoriesListScreen", ["package":PACKAGENAME]), 0): Element 'Object Repository/ShopOpen/Validate_ShopCategoriesListScreen' is exist

2019-04-08 17:46:10 - [MESSAGE][WARNING] - Timeout '0' is invalid. Using default page load timeout: '6'

2019-04-08 17:46:12 - [MESSAGE][PASSED] - Element 'Object Repository/ShopOpen/Validate_ShopCategoriesListScreen' is exist

2019-04-08 17:46:12 - [TEST_STEP][PASSED] - com.ct.qa.keywords.CategoryVisitingScenariosKeywords.visitShopCategoriesWith_ChillerLevelOverwriteScenarios(): com.ct.qa.keywords.CategoryVisitingScenariosKeywords.visitShopCategoriesWith_ChillerLevelOverwriteScenarios is PASSED

2019-04-08 17:46:12 - [MESSAGE][PASSED] - Swiped from 0,200 to 0,750

2019-04-08 17:46:13 - [MESSAGE][PASSED] - Swiped from 0,200 to 0,750

2019-04-08 17:46:15 - [MESSAGE][WARNING] - Timeout '0' is invalid. Using default page load timeout: '6'

2019-04-08 17:46:23 - [MESSAGE][WARNING] - Element 'Object Repository/CommonScreenElements/Validate_CameraScreen' not found
[[ATTACHMENT|F:\\Git Projects\\MMAPlus_Merchandising\\MMAPlus_Merchandising\\Reports\\MMA Plus Merchandiser With Chiller Level Overwrite Scenarios\\20190408_174415\\1554727582066.png]]

2019-04-08 17:46:23 - [TEST_CASE][PASSED] - Test Cases/ShopOpen/ChillerUtilization/VisitChillerScenarios_WithChillerLevel/VisitChillerUtilizationWith_ChillerAvailable: Test Cases/ShopOpen/ChillerUtilization/VisitChillerScenarios_WithChillerLevel/VisitChillerUtilizationWith_ChillerAvailable

2019-04-08 17:46:23 - [TEST_STEP][PASSED] - verifyElementText(findTestObject("ShopOpen/ChillerUtilization/Validate_ChillerUtilizationScreen", ["package":PACKAGENAME]), "Shop Chillers"): Actual text and expected text of test object 'Object Repository/ShopOpen/ChillerUtilization/Validate_ChillerUtilizationScreen' are matched.

2019-04-08 17:46:24 - [MESSAGE][PASSED] - Actual text and expected text of test object 'Object Repository/ShopOpen/ChillerUtilization/Validate_ChillerUtilizationScreen' are matched.

2019-04-08 17:46:24 - [TEST_STEP][PASSED] - com.ct.qa.keywords.ChillerVisitingScenariosKeywords.visitChillersTaggedinChillerUtilizationWithSingleRemark("Chiller Available"): com.ct.qa.keywords.ChillerVisitingScenariosKeywords.visitChillersTaggedinChillerUtilizationWithSingleRemark is PASSED

2019-04-08 17:46:26 - [MESSAGE][WARNING] - Timeout '0' is invalid. Using default page load timeout: '6'

2019-04-08 17:46:27 - [MESSAGE][PASSED] - Element 'Object Repository/CommonScreenElements/Validate_CameraScreen' is exist

2019-04-08 17:46:27 - [MESSAGE][WARNING] - Timeout '0' is invalid. Using default page load timeout: '6'

2019-04-08 17:46:31 - [MESSAGE][PASSED] - Tapped on element 'Object Repository/CommonScreenElements/Camera_flashButton'

2019-04-08 17:46:31 - [MESSAGE][WARNING] - Timeout '0' is invalid. Using default page load timeout: '6'

2019-04-08 17:46:34 - [MESSAGE][PASSED] - Tapped on element 'Object Repository/CommonScreenElements/Camera_TakePictureButton'

2019-04-08 17:46:39 - [MESSAGE][PASSED] - Delayed 5 second(s)

2019-04-08 17:46:39 - [MESSAGE][WARNING] - Timeout '0' is invalid. Using default page load timeout: '6'

2019-04-08 17:46:40 - [MESSAGE][PASSED] - Tapped on element 'Object Repository/CommonScreenElements/Camera_DoneButton'

2019-04-08 17:46:43 - [TEST_CASE][PASSED] - Test Cases/ShopOpen/ChillerUtilization/ChillerAvailable/VisitChillerAvailable: Test Cases/ShopOpen/ChillerUtilization/ChillerAvailable/VisitChillerAvailable

2019-04-08 17:46:44 - [TEST_STEP][PASSED] - verifyElementExist(findTestObject("ShopOpen/ChillerUtilization/ChillerAvailable/Validate_ChillerAvailableScreen", ["package":PACKAGENAME]), 0): Element 'Object Repository/ShopOpen/ChillerUtilization/ChillerAvailable/Validate_ChillerAvailableScreen' is exist

2019-04-08 17:46:44 - [MESSAGE][WARNING] - Timeout '0' is invalid. Using default page load timeout: '6'

2019-04-08 17:46:45 - [MESSAGE][PASSED] - Element 'Object Repository/ShopOpen/ChillerUtilization/ChillerAvailable/Validate_ChillerAvailableScreen' is exist

2019-04-08 17:46:45 - [TEST_STEP][PASSED] - tap(findTestObject("ShopOpen/ChillerUtilization/ChillerAvailable/Planogram_ImageView", ["package":PACKAGENAME]), 0): Tapped on element 'Object Repository/ShopOpen/ChillerUtilization/ChillerAvailable/Planogram_ImageView'

2019-04-08 17:46:45 - [MESSAGE][WARNING] - Timeout '0' is invalid. Using default page load timeout: '6'

2019-04-08 17:46:45 - [MESSAGE][PASSED] - Tapped on element 'Object Repository/ShopOpen/ChillerUtilization/ChillerAvailable/Planogram_ImageView'

2019-04-08 17:46:45 - [TEST_STEP][PASSED] - com.ct.qa.keywords.CommonKeywords.checkPlanogramAvailability(): com.ct.qa.keywords.CommonKeywords.checkPlanogramAvailability is PASSED

2019-04-08 17:46:45 - [MESSAGE][WARNING] - Timeout '0' is invalid. Using default page load timeout: '6'

2019-04-08 17:46:52 - [MESSAGE][WARNING] - Object Object Repository/CommonScreenElements/InfoPopUp_OKButton not found
[[ATTACHMENT|F:\\Git Projects\\MMAPlus_Merchandising\\MMAPlus_Merchandising\\Reports\\MMA Plus Merchandiser With Chiller Level Overwrite Scenarios\\20190408_174415\\1554727611505.png]]

2019-04-08 17:46:52 - [MESSAGE][PASSED] - com.ct.qa.keywords.CommonKeywords.checkPlanogramAvailability is PASSED

2019-04-08 17:46:52 - [TEST_STEP][PASSED] - com.ct.qa.keywords.CommonKeywords.closePlanogram(): com.ct.qa.keywords.CommonKeywords.closePlanogram is PASSED

2019-04-08 17:46:53 - [MESSAGE][PASSED] - com.ct.qa.keywords.CommonKeywords.closePlanogram is PASSED

2019-04-08 17:46:53 - [TEST_STEP][PASSED] - verifyElementExist(findTestObject("ShopOpen/ChillerUtilization/ChillerAvailable/Validate_ChillerAvailableScreen", ["package":PACKAGENAME]), 0): Element 'Object Repository/ShopOpen/ChillerUtilization/ChillerAvailable/Validate_ChillerAvailableScreen' is exist

2019-04-08 17:46:53 - [MESSAGE][WARNING] - Timeout '0' is invalid. Using default page load timeout: '6'

2019-04-08 17:46:54 - [MESSAGE][PASSED] - Element 'Object Repository/ShopOpen/ChillerUtilization/ChillerAvailable/Validate_ChillerAvailableScreen' is exist

2019-04-08 17:46:54 - [TEST_STEP][PASSED] - tap(findTestObject("ShopOpen/ChillerUtilization/ChillerAvailable/Depth1_TakePicture", ["package":PACKAGENAME]), 0): Tapped on element 'Object Repository/ShopOpen/ChillerUtilization/ChillerAvailable/Depth1_TakePicture'

2019-04-08 17:46:54 - [MESSAGE][WARNING] - Timeout '0' is invalid. Using default page load timeout: '6'

2019-04-08 17:46:55 - [MESSAGE][PASSED] - Tapped on element 'Object Repository/ShopOpen/ChillerUtilization/ChillerAvailable/Depth1_TakePicture'

2019-04-08 17:46:55 - [TEST_STEP][PASSED] - com.ct.qa.keywords.CommonKeywords.takePicture(): com.ct.qa.keywords.CommonKeywords.takePicture is PASSED

2019-04-08 17:46:55 - [MESSAGE][WARNING] - Timeout '0' is invalid. Using default page load timeout: '6'

2019-04-08 17:46:56 - [MESSAGE][PASSED] - Element 'Object Repository/CommonScreenElements/Validate_CameraScreen' is exist

2019-04-08 17:46:56 - [MESSAGE][WARNING] - Timeout '0' is invalid. Using default page load timeout: '6'

2019-04-08 17:47:00 - [MESSAGE][PASSED] - Tapped on element 'Object Repository/CommonScreenElements/Camera_flashButton'

2019-04-08 17:47:00 - [MESSAGE][WARNING] - Timeout '0' is invalid. Using default page load timeout: '6'

2019-04-08 17:47:03 - [MESSAGE][PASSED] - Tapped on element 'Object Repository/CommonScreenElements/Camera_TakePictureButton'

2019-04-08 17:47:08 - [MESSAGE][PASSED] - Delayed 5 second(s)

2019-04-08 17:47:08 - [MESSAGE][WARNING] - Timeout '0' is invalid. Using default page load timeout: '6'

2019-04-08 17:47:09 - [MESSAGE][PASSED] - Tapped on element 'Object Repository/CommonScreenElements/Camera_DoneButton'

2019-04-08 17:47:09 - [MESSAGE][PASSED] - com.ct.qa.keywords.CommonKeywords.takePicture is PASSED

2019-04-08 17:47:09 - [TEST_STEP][PASSED] - verifyElementExist(findTestObject("ShopOpen/ChillerUtilization/ChillerAvailable/Validate_ChillerAvailableScreen", ["package":PACKAGENAME]), 0): Element 'Object Repository/ShopOpen/ChillerUtilization/ChillerAvailable/Validate_ChillerAvailableScreen' is exist

2019-04-08 17:47:09 - [MESSAGE][WARNING] - Timeout '0' is invalid. Using default page load timeout: '6'

2019-04-08 17:47:10 - [MESSAGE][PASSED] - Element 'Object Repository/ShopOpen/ChillerUtilization/ChillerAvailable/Validate_ChillerAvailableScreen' is exist

2019-04-08 17:47:10 - [TEST_STEP][PASSED] - tap(findTestObject("ShopOpen/ChillerUtilization/ChillerAvailable/Depth2TakePicture", ["package":PACKAGENAME]), 0): Tapped on element 'Object Repository/ShopOpen/ChillerUtilization/ChillerAvailable/Depth2TakePicture'

2019-04-08 17:47:10 - [MESSAGE][WARNING] - Timeout '0' is invalid. Using default page load timeout: '6'

2019-04-08 17:47:12 - [MESSAGE][PASSED] - Tapped on element 'Object Repository/ShopOpen/ChillerUtilization/ChillerAvailable/Depth2TakePicture'

2019-04-08 17:47:12 - [TEST_STEP][PASSED] - com.ct.qa.keywords.CommonKeywords.takePicture(): com.ct.qa.keywords.CommonKeywords.takePicture is PASSED

2019-04-08 17:47:12 - [MESSAGE][WARNING] - Timeout '0' is invalid. Using default page load timeout: '6'

2019-04-08 17:47:13 - [MESSAGE][PASSED] - Element 'Object Repository/CommonScreenElements/Validate_CameraScreen' is exist

2019-04-08 17:47:13 - [MESSAGE][WARNING] - Timeout '0' is invalid. Using default page load timeout: '6'

2019-04-08 17:47:16 - [MESSAGE][PASSED] - Tapped on element 'Object Repository/CommonScreenElements/Camera_flashButton'

2019-04-08 17:47:16 - [MESSAGE][WARNING] - Timeout '0' is invalid. Using default page load timeout: '6'

2019-04-08 17:47:19 - [MESSAGE][PASSED] - Tapped on element 'Object Repository/CommonScreenElements/Camera_TakePictureButton'

2019-04-08 17:47:24 - [MESSAGE][PASSED] - Delayed 5 second(s)

2019-04-08 17:47:24 - [MESSAGE][WARNING] - Timeout '0' is invalid. Using default page load timeout: '6'

2019-04-08 17:47:25 - [MESSAGE][PASSED] - Tapped on element 'Object Repository/CommonScreenElements/Camera_DoneButton'

2019-04-08 17:47:25 - [MESSAGE][PASSED] - com.ct.qa.keywords.CommonKeywords.takePicture is PASSED

2019-04-08 17:47:25 - [TEST_STEP][PASSED] - verifyElementExist(findTestObject("ShopOpen/ChillerUtilization/ChillerAvailable/Validate_ChillerAvailableScreen", ["package":PACKAGENAME]), 0): Element 'Object Repository/ShopOpen/ChillerUtilization/ChillerAvailable/Validate_ChillerAvailableScreen' is exist

2019-04-08 17:47:25 - [MESSAGE][WARNING] - Timeout '0' is invalid. Using default page load timeout: '6'

2019-04-08 17:47:26 - [MESSAGE][PASSED] - Element 'Object Repository/ShopOpen/ChillerUtilization/ChillerAvailable/Validate_ChillerAvailableScreen' is exist

2019-04-08 17:47:26 - [TEST_STEP][PASSED] - tap(findTestObject("ShopOpen/ChillerUtilization/ChillerAvailable/NextButton", ["package":PACKAGENAME]), 0): Tapped on element 'Object Repository/ShopOpen/ChillerUtilization/ChillerAvailable/NextButton'

2019-04-08 17:47:26 - [MESSAGE][WARNING] - Timeout '0' is invalid. Using default page load timeout: '6'

2019-04-08 17:47:26 - [MESSAGE][PASSED] - Tapped on element 'Object Repository/ShopOpen/ChillerUtilization/ChillerAvailable/NextButton'

2019-04-08 17:47:26 - [TEST_STEP][PASSED] - verifyElementText(findTestObject("ShopOpen/ChillerUtilization/ChillerAvailable/Validate_ChillerProductsCategoriesScreen", ["package":PACKAGENAME]), "Category:Chiller Utilization"): Actual text and expected text of test object 'Object Repository/ShopOpen/ChillerUtilization/ChillerAvailable/Validate_ChillerProductsCategoriesScreen' are matched.

2019-04-08 17:47:28 - [MESSAGE][PASSED] - Actual text and expected text of test object 'Object Repository/ShopOpen/ChillerUtilization/ChillerAvailable/Validate_ChillerProductsCategoriesScreen' are matched.

2019-04-08 17:47:28 - [TEST_STEP][PASSED] - com.ct.qa.keywords.ChillerProductsDataKeywords.visitChillerAvailableProductCategories(1): com.ct.qa.keywords.ChillerProductsDataKeywords.visitChillerAvailableProductCategories is PASSED

2019-04-08 17:47:32 - [TEST_CASE][PASSED] - Test Cases/ShopOpen/ChillerUtilization/ChillerAvailable/VisitProductCategoryAssets: Test Cases/ShopOpen/ChillerUtilization/ChillerAvailable/VisitProductCategoryAssets

2019-04-08 17:47:33 - [TEST_STEP][PASSED] - verifyElementText(findTestObject("ShopOpen/ChillerUtilization/ChillerAvailable/Validate_ProductCategoryAssetScreen", ["package":PACKAGENAME]), "Facing"): Actual text and expected text of test object 'Object Repository/ShopOpen/ChillerUtilization/ChillerAvailable/Validate_ProductCategoryAssetScreen' are matched.

2019-04-08 17:47:35 - [MESSAGE][PASSED] - Actual text and expected text of test object 'Object Repository/ShopOpen/ChillerUtilization/ChillerAvailable/Validate_ProductCategoryAssetScreen' are matched.

2019-04-08 17:47:35 - [TEST_STEP][PASSED] - tap(findTestObject("ShopOpen/ChillerUtilization/ChillerAvailable/Facing", ["package":PACKAGENAME]), 0): Tapped on element 'Object Repository/ShopOpen/ChillerUtilization/ChillerAvailable/Facing'

2019-04-08 17:47:35 - [MESSAGE][WARNING] - Timeout '0' is invalid. Using default page load timeout: '6'

2019-04-08 17:47:35 - [MESSAGE][PASSED] - Tapped on element 'Object Repository/ShopOpen/ChillerUtilization/ChillerAvailable/Facing'

2019-04-08 17:47:35 - [TEST_STEP][PASSED] - verifyElementText(findTestObject("ShopOpen/ChillerUtilization/ChillerAvailable/Validate_FacingScreen", ["package":PACKAGENAME]), "Facing"): Actual text and expected text of test object 'Object Repository/ShopOpen/ChillerUtilization/ChillerAvailable/Validate_FacingScreen' are matched.

2019-04-08 17:47:37 - [MESSAGE][PASSED] - Actual text and expected text of test object 'Object Repository/ShopOpen/ChillerUtilization/ChillerAvailable/Validate_FacingScreen' are matched.

2019-04-08 17:47:37 - [TEST_STEP][PASSED] - com.ct.qa.keywords.ChillerProductsDataKeywords.visitChillerAvailableProductsData(CHILLER_FACING, "Facing"): com.ct.qa.keywords.ChillerProductsDataKeywords.visitChillerAvailableProductsData is PASSED

2019-04-08 17:47:41 - [MESSAGE][PASSED] - Keyboard is hidden

2019-04-08 17:47:43 - [MESSAGE][PASSED] - Swiped from 117,359 to 117,250

2019-04-08 17:47:44 - [MESSAGE][PASSED] - com.ct.qa.keywords.ChillerProductsDataKeywords.visitChillerAvailableProductsData is PASSED

2019-04-08 17:47:44 - [TEST_STEP][PASSED] - tap(findTestObject("ShopOpen/ChillerUtilization/ChillerAvailable/SubmitButton", ["package":PACKAGENAME]), 0): Tapped on element 'Object Repository/ShopOpen/ChillerUtilization/ChillerAvailable/SubmitButton'

2019-04-08 17:47:44 - [MESSAGE][WARNING] - Timeout '0' is invalid. Using default page load timeout: '6'

2019-04-08 17:47:44 - [MESSAGE][PASSED] - Tapped on element 'Object Repository/ShopOpen/ChillerUtilization/ChillerAvailable/SubmitButton'

2019-04-08 17:47:44 - [TEST_STEP][PASSED] - verifyElementText(findTestObject("ShopOpen/ChillerUtilization/ChillerAvailable/Validate_ProductCategoryAssetScreen", ["package":PACKAGENAME]), "Facing"): Actual text and expected text of test object 'Object Repository/ShopOpen/ChillerUtilization/ChillerAvailable/Validate_ProductCategoryAssetScreen' are matched.

2019-04-08 17:47:45 - [MESSAGE][PASSED] - Actual text and expected text of test object 'Object Repository/ShopOpen/ChillerUtilization/ChillerAvailable/Validate_ProductCategoryAssetScreen' are matched.

2019-04-08 17:47:45 - [TEST_STEP][PASSED] - tap(findTestObject("ShopOpen/ChillerUtilization/ChillerAvailable/Depth", ["package":PACKAGENAME]), 0): Tapped on element 'Object Repository/ShopOpen/ChillerUtilization/ChillerAvailable/Depth'

2019-04-08 17:47:45 - [MESSAGE][WARNING] - Timeout '0' is invalid. Using default page load timeout: '6'

2019-04-08 17:47:46 - [MESSAGE][PASSED] - Tapped on element 'Object Repository/ShopOpen/ChillerUtilization/ChillerAvailable/Depth'

2019-04-08 17:47:46 - [TEST_STEP][PASSED] - verifyElementText(findTestObject("ShopOpen/ChillerUtilization/ChillerAvailable/Validate_DepthScreen", ["package":PACKAGENAME]), "Depth"): Actual text and expected text of test object 'Object Repository/ShopOpen/ChillerUtilization/ChillerAvailable/Validate_DepthScreen' are matched.

2019-04-08 17:47:48 - [MESSAGE][PASSED] - Actual text and expected text of test object 'Object Repository/ShopOpen/ChillerUtilization/ChillerAvailable/Validate_DepthScreen' are matched.

2019-04-08 17:47:48 - [TEST_STEP][PASSED] - com.ct.qa.keywords.ChillerProductsDataKeywords.visitChillerAvailableProductsData(CHILLER_DEPTH, "Depth"): com.ct.qa.keywords.ChillerProductsDataKeywords.visitChillerAvailableProductsData is PASSED

2019-04-08 17:47:51 - [MESSAGE][PASSED] - Keyboard is hidden

2019-04-08 17:47:52 - [MESSAGE][PASSED] - Swiped from 117,359 to 117,250

2019-04-08 17:47:53 - [MESSAGE][PASSED] - com.ct.qa.keywords.ChillerProductsDataKeywords.visitChillerAvailableProductsData is PASSED

2019-04-08 17:47:53 - [TEST_STEP][PASSED] - tap(findTestObject("ShopOpen/ChillerUtilization/ChillerAvailable/SubmitButton", ["package":PACKAGENAME]), 0): Tapped on element 'Object Repository/ShopOpen/ChillerUtilization/ChillerAvailable/SubmitButton'

2019-04-08 17:47:53 - [MESSAGE][WARNING] - Timeout '0' is invalid. Using default page load timeout: '6'

2019-04-08 17:47:54 - [MESSAGE][PASSED] - Tapped on element 'Object Repository/ShopOpen/ChillerUtilization/ChillerAvailable/SubmitButton'

2019-04-08 17:47:54 - [TEST_STEP][PASSED] - verifyElementText(findTestObject("ShopOpen/ChillerUtilization/ChillerAvailable/Validate_ProductCategoryAssetScreen", ["package":PACKAGENAME]), "Facing"): Actual text and expected text of test object 'Object Repository/ShopOpen/ChillerUtilization/ChillerAvailable/Validate_ProductCategoryAssetScreen' are matched.

2019-04-08 17:47:55 - [MESSAGE][PASSED] - Actual text and expected text of test object 'Object Repository/ShopOpen/ChillerUtilization/ChillerAvailable/Validate_ProductCategoryAssetScreen' are matched.

2019-04-08 17:47:55 - [TEST_STEP][PASSED] - tap(findTestObject("ShopOpen/ChillerUtilization/ChillerAvailable/StockCount", ["package":PACKAGENAME]), 0): Tapped on element 'Object Repository/ShopOpen/ChillerUtilization/ChillerAvailable/StockCount'

2019-04-08 17:47:55 - [MESSAGE][WARNING] - Timeout '0' is invalid. Using default page load timeout: '6'

2019-04-08 17:47:55 - [MESSAGE][PASSED] - Tapped on element 'Object Repository/ShopOpen/ChillerUtilization/ChillerAvailable/StockCount'

2019-04-08 17:47:55 - [TEST_STEP][PASSED] - verifyElementText(findTestObject("ShopOpen/ChillerUtilization/ChillerAvailable/Validate_StockCountScreen", ["package":PACKAGENAME]), "Stock Count"): Actual text and expected text of test object 'Object Repository/ShopOpen/ChillerUtilization/ChillerAvailable/Validate_StockCountScreen' are matched.

2019-04-08 17:47:57 - [MESSAGE][PASSED] - Actual text and expected text of test object 'Object Repository/ShopOpen/ChillerUtilization/ChillerAvailable/Validate_StockCountScreen' are matched.

2019-04-08 17:47:57 - [TEST_STEP][PASSED] - com.ct.qa.keywords.ChillerProductsDataKeywords.visitChillerAvailableProductsData(CHILLER_STOCKCOUNT, "Stock Count"): com.ct.qa.keywords.ChillerProductsDataKeywords.visitChillerAvailableProductsData is PASSED

2019-04-08 17:48:00 - [MESSAGE][PASSED] - Keyboard is hidden

2019-04-08 17:48:01 - [MESSAGE][PASSED] - Swiped from 117,359 to 117,250

2019-04-08 17:48:02 - [MESSAGE][PASSED] - com.ct.qa.keywords.ChillerProductsDataKeywords.visitChillerAvailableProductsData is PASSED

2019-04-08 17:48:02 - [TEST_STEP][PASSED] - tap(findTestObject("ShopOpen/ChillerUtilization/ChillerAvailable/SubmitButton", ["package":PACKAGENAME]), 0): Tapped on element 'Object Repository/ShopOpen/ChillerUtilization/ChillerAvailable/SubmitButton'

2019-04-08 17:48:02 - [MESSAGE][WARNING] - Timeout '0' is invalid. Using default page load timeout: '6'

2019-04-08 17:48:02 - [MESSAGE][PASSED] - Tapped on element 'Object Repository/ShopOpen/ChillerUtilization/ChillerAvailable/SubmitButton'

2019-04-08 17:48:02 - [TEST_STEP][PASSED] - verifyElementText(findTestObject("ShopOpen/ChillerUtilization/ChillerAvailable/Validate_ProductCategoryAssetScreen", ["package":PACKAGENAME]), "Facing"): Actual text and expected text of test object 'Object Repository/ShopOpen/ChillerUtilization/ChillerAvailable/Validate_ProductCategoryAssetScreen' are matched.

2019-04-08 17:48:03 - [MESSAGE][PASSED] - Actual text and expected text of test object 'Object Repository/ShopOpen/ChillerUtilization/ChillerAvailable/Validate_ProductCategoryAssetScreen' are matched.

2019-04-08 17:48:03 - [TEST_STEP][PASSED] - tap(findTestObject("ShopOpen/ChillerUtilization/ChillerAvailable/PorductCategoryActions_BackButton", ["package":PACKAGENAME]), 0): Tapped on element 'Object Repository/ShopOpen/ChillerUtilization/ChillerAvailable/PorductCategoryActions_BackButton'

2019-04-08 17:48:03 - [MESSAGE][WARNING] - Timeout '0' is invalid. Using default page load timeout: '6'

2019-04-08 17:48:04 - [MESSAGE][PASSED] - Tapped on element 'Object Repository/ShopOpen/ChillerUtilization/ChillerAvailable/PorductCategoryActions_BackButton'

2019-04-08 17:48:04 - [TEST_STEP][PASSED] - verifyElementText(findTestObject("ShopOpen/ChillerUtilization/ChillerAvailable/Validate_ChillerProductsCategoriesScreen", ["package":PACKAGENAME]), "Category:Chiller Utilization"): Actual text and expected text of test object 'Object Repository/ShopOpen/ChillerUtilization/ChillerAvailable/Validate_ChillerProductsCategoriesScreen' are matched.

2019-04-08 17:48:05 - [MESSAGE][PASSED] - Actual text and expected text of test object 'Object Repository/ShopOpen/ChillerUtilization/ChillerAvailable/Validate_ChillerProductsCategoriesScreen' are matched.

2019-04-08 17:48:05 - [MESSAGE][PASSED] - Call Test Case 'Test Cases/ShopOpen/ChillerUtilization/ChillerAvailable/VisitProductCategoryAssets' successfully

2019-04-08 17:48:06 - [TEST_CASE][PASSED] - Test Cases/ShopOpen/ChillerUtilization/ChillerAvailable/VisitProductCategoryAssets: Test Cases/ShopOpen/ChillerUtilization/ChillerAvailable/VisitProductCategoryAssets

2019-04-08 17:48:06 - [TEST_STEP][PASSED] - verifyElementText(findTestObject("ShopOpen/ChillerUtilization/ChillerAvailable/Validate_ProductCategoryAssetScreen", ["package":PACKAGENAME]), "Facing"): Actual text and expected text of test object 'Object Repository/ShopOpen/ChillerUtilization/ChillerAvailable/Validate_ProductCategoryAssetScreen' are matched.

2019-04-08 17:48:08 - [MESSAGE][PASSED] - Actual text and expected text of test object 'Object Repository/ShopOpen/ChillerUtilization/ChillerAvailable/Validate_ProductCategoryAssetScreen' are matched.

2019-04-08 17:48:08 - [TEST_STEP][PASSED] - tap(findTestObject("ShopOpen/ChillerUtilization/ChillerAvailable/Facing", ["package":PACKAGENAME]), 0): Tapped on element 'Object Repository/ShopOpen/ChillerUtilization/ChillerAvailable/Facing'

2019-04-08 17:48:08 - [MESSAGE][WARNING] - Timeout '0' is invalid. Using default page load timeout: '6'

2019-04-08 17:48:08 - [MESSAGE][PASSED] - Tapped on element 'Object Repository/ShopOpen/ChillerUtilization/ChillerAvailable/Facing'

2019-04-08 17:48:08 - [TEST_STEP][PASSED] - verifyElementText(findTestObject("ShopOpen/ChillerUtilization/ChillerAvailable/Validate_FacingScreen", ["package":PACKAGENAME]), "Facing"): Actual text and expected text of test object 'Object Repository/ShopOpen/ChillerUtilization/ChillerAvailable/Validate_FacingScreen' are matched.

2019-04-08 17:48:10 - [MESSAGE][PASSED] - Actual text and expected text of test object 'Object Repository/ShopOpen/ChillerUtilization/ChillerAvailable/Validate_FacingScreen' are matched.

2019-04-08 17:48:10 - [TEST_STEP][PASSED] - com.ct.qa.keywords.ChillerProductsDataKeywords.visitChillerAvailableProductsData(CHILLER_FACING, "Facing"): com.ct.qa.keywords.ChillerProductsDataKeywords.visitChillerAvailableProductsData is PASSED

2019-04-08 17:48:13 - [MESSAGE][PASSED] - Keyboard is hidden

2019-04-08 17:48:16 - [MESSAGE][PASSED] - Keyboard is hidden

2019-04-08 17:48:19 - [MESSAGE][PASSED] - Keyboard is hidden

2019-04-08 17:48:21 - [MESSAGE][PASSED] - Swiped from 25,359 to 25,250

2019-04-08 17:48:21 - [MESSAGE][PASSED] - com.ct.qa.keywords.ChillerProductsDataKeywords.visitChillerAvailableProductsData is PASSED

2019-04-08 17:48:21 - [TEST_STEP][PASSED] - tap(findTestObject("ShopOpen/ChillerUtilization/ChillerAvailable/SubmitButton", ["package":PACKAGENAME]), 0): Tapped on element 'Object Repository/ShopOpen/ChillerUtilization/ChillerAvailable/SubmitButton'

2019-04-08 17:48:21 - [MESSAGE][WARNING] - Timeout '0' is invalid. Using default page load timeout: '6'

2019-04-08 17:48:22 - [MESSAGE][PASSED] - Tapped on element 'Object Repository/ShopOpen/ChillerUtilization/ChillerAvailable/SubmitButton'

2019-04-08 17:48:22 - [TEST_STEP][PASSED] - verifyElementText(findTestObject("ShopOpen/ChillerUtilization/ChillerAvailable/Validate_ProductCategoryAssetScreen", ["package":PACKAGENAME]), "Facing"): Actual text and expected text of test object 'Object Repository/ShopOpen/ChillerUtilization/ChillerAvailable/Validate_ProductCategoryAssetScreen' are matched.

2019-04-08 17:48:23 - [MESSAGE][PASSED] - Actual text and expected text of test object 'Object Repository/ShopOpen/ChillerUtilization/ChillerAvailable/Validate_ProductCategoryAssetScreen' are matched.

2019-04-08 17:48:23 - [TEST_STEP][PASSED] - tap(findTestObject("ShopOpen/ChillerUtilization/ChillerAvailable/Depth", ["package":PACKAGENAME]), 0): Tapped on element 'Object Repository/ShopOpen/ChillerUtilization/ChillerAvailable/Depth'

2019-04-08 17:48:23 - [MESSAGE][WARNING] - Timeout '0' is invalid. Using default page load timeout: '6'

2019-04-08 17:48:23 - [MESSAGE][PASSED] - Tapped on element 'Object Repository/ShopOpen/ChillerUtilization/ChillerAvailable/Depth'

2019-04-08 17:48:23 - [TEST_STEP][PASSED] - verifyElementText(findTestObject("ShopOpen/ChillerUtilization/ChillerAvailable/Validate_DepthScreen", ["package":PACKAGENAME]), "Depth"): Actual text and expected text of test object 'Object Repository/ShopOpen/ChillerUtilization/ChillerAvailable/Validate_DepthScreen' are matched.

2019-04-08 17:48:25 - [MESSAGE][PASSED] - Actual text and expected text of test object 'Object Repository/ShopOpen/ChillerUtilization/ChillerAvailable/Validate_DepthScreen' are matched.

2019-04-08 17:48:25 - [TEST_STEP][PASSED] - com.ct.qa.keywords.ChillerProductsDataKeywords.visitChillerAvailableProductsData(CHILLER_DEPTH, "Depth"): com.ct.qa.keywords.ChillerProductsDataKeywords.visitChillerAvailableProductsData is PASSED

2019-04-08 17:48:28 - [MESSAGE][PASSED] - Keyboard is hidden

2019-04-08 17:48:31 - [MESSAGE][PASSED] - Keyboard is hidden

2019-04-08 17:48:34 - [MESSAGE][PASSED] - Keyboard is hidden

2019-04-08 17:48:36 - [MESSAGE][PASSED] - Swiped from 25,359 to 25,250

2019-04-08 17:48:36 - [MESSAGE][PASSED] - com.ct.qa.keywords.ChillerProductsDataKeywords.visitChillerAvailableProductsData is PASSED

2019-04-08 17:48:36 - [TEST_STEP][PASSED] - tap(findTestObject("ShopOpen/ChillerUtilization/ChillerAvailable/SubmitButton", ["package":PACKAGENAME]), 0): Tapped on element 'Object Repository/ShopOpen/ChillerUtilization/ChillerAvailable/SubmitButton'

2019-04-08 17:48:36 - [MESSAGE][WARNING] - Timeout '0' is invalid. Using default page load timeout: '6'

2019-04-08 17:48:37 - [MESSAGE][PASSED] - Tapped on element 'Object Repository/ShopOpen/ChillerUtilization/ChillerAvailable/SubmitButton'

2019-04-08 17:48:37 - [TEST_STEP][PASSED] - verifyElementText(findTestObject("ShopOpen/ChillerUtilization/ChillerAvailable/Validate_ProductCategoryAssetScreen", ["package":PACKAGENAME]), "Facing"): Actual text and expected text of test object 'Object Repository/ShopOpen/ChillerUtilization/ChillerAvailable/Validate_ProductCategoryAssetScreen' are matched.

2019-04-08 17:48:38 - [MESSAGE][PASSED] - Actual text and expected text of test object 'Object Repository/ShopOpen/ChillerUtilization/ChillerAvailable/Validate_ProductCategoryAssetScreen' are matched.

2019-04-08 17:48:38 - [TEST_STEP][PASSED] - tap(findTestObject("ShopOpen/ChillerUtilization/ChillerAvailable/StockCount", ["package":PACKAGENAME]), 0): Tapped on element 'Object Repository/ShopOpen/ChillerUtilization/ChillerAvailable/StockCount'

2019-04-08 17:48:38 - [MESSAGE][WARNING] - Timeout '0' is invalid. Using default page load timeout: '6'

2019-04-08 17:48:38 - [MESSAGE][PASSED] - Tapped on element 'Object Repository/ShopOpen/ChillerUtilization/ChillerAvailable/StockCount'

2019-04-08 17:48:38 - [TEST_STEP][PASSED] - verifyElementText(findTestObject("ShopOpen/ChillerUtilization/ChillerAvailable/Validate_StockCountScreen", ["package":PACKAGENAME]), "Stock Count"): Actual text and expected text of test object 'Object Repository/ShopOpen/ChillerUtilization/ChillerAvailable/Validate_StockCountScreen' are matched.

2019-04-08 17:48:41 - [MESSAGE][PASSED] - Actual text and expected text of test object 'Object Repository/ShopOpen/ChillerUtilization/ChillerAvailable/Validate_StockCountScreen' are matched.

2019-04-08 17:48:41 - [TEST_STEP][PASSED] - com.ct.qa.keywords.ChillerProductsDataKeywords.visitChillerAvailableProductsData(CHILLER_STOCKCOUNT, "Stock Count"): com.ct.qa.keywords.ChillerProductsDataKeywords.visitChillerAvailableProductsData is PASSED

2019-04-08 17:48:45 - [MESSAGE][PASSED] - Keyboard is hidden

2019-04-08 17:48:48 - [MESSAGE][PASSED] - Keyboard is hidden

2019-04-08 17:48:51 - [MESSAGE][PASSED] - Keyboard is hidden

2019-04-08 17:48:53 - [MESSAGE][PASSED] - Swiped from 25,359 to 25,250

2019-04-08 17:48:55 - [MESSAGE][PASSED] - com.ct.qa.keywords.ChillerProductsDataKeywords.visitChillerAvailableProductsData is PASSED

2019-04-08 17:48:55 - [TEST_STEP][PASSED] - tap(findTestObject("ShopOpen/ChillerUtilization/ChillerAvailable/SubmitButton", ["package":PACKAGENAME]), 0): Tapped on element 'Object Repository/ShopOpen/ChillerUtilization/ChillerAvailable/SubmitButton'

2019-04-08 17:48:55 - [MESSAGE][WARNING] - Timeout '0' is invalid. Using default page load timeout: '6'

2019-04-08 17:48:56 - [MESSAGE][PASSED] - Tapped on element 'Object Repository/ShopOpen/ChillerUtilization/ChillerAvailable/SubmitButton'

2019-04-08 17:48:56 - [TEST_STEP][PASSED] - verifyElementText(findTestObject("ShopOpen/ChillerUtilization/ChillerAvailable/Validate_ProductCategoryAssetScreen", ["package":PACKAGENAME]), "Facing"): Actual text and expected text of test object 'Object Repository/ShopOpen/ChillerUtilization/ChillerAvailable/Validate_ProductCategoryAssetScreen' are matched.

2019-04-08 17:48:57 - [MESSAGE][PASSED] - Actual text and expected text of test object 'Object Repository/ShopOpen/ChillerUtilization/ChillerAvailable/Validate_ProductCategoryAssetScreen' are matched.

2019-04-08 17:48:57 - [TEST_STEP][PASSED] - tap(findTestObject("ShopOpen/ChillerUtilization/ChillerAvailable/PorductCategoryActions_BackButton", ["package":PACKAGENAME]), 0): Tapped on element 'Object Repository/ShopOpen/ChillerUtilization/ChillerAvailable/PorductCategoryActions_BackButton'

2019-04-08 17:48:57 - [MESSAGE][WARNING] - Timeout '0' is invalid. Using default page load timeout: '6'

2019-04-08 17:48:57 - [MESSAGE][PASSED] - Tapped on element 'Object Repository/ShopOpen/ChillerUtilization/ChillerAvailable/PorductCategoryActions_BackButton'

2019-04-08 17:48:57 - [TEST_STEP][PASSED] - verifyElementText(findTestObject("ShopOpen/ChillerUtilization/ChillerAvailable/Validate_ChillerProductsCategoriesScreen", ["package":PACKAGENAME]), "Category:Chiller Utilization"): Actual text and expected text of test object 'Object Repository/ShopOpen/ChillerUtilization/ChillerAvailable/Validate_ChillerProductsCategoriesScreen' are matched.

2019-04-08 17:48:58 - [MESSAGE][PASSED] - Actual text and expected text of test object 'Object Repository/ShopOpen/ChillerUtilization/ChillerAvailable/Validate_ChillerProductsCategoriesScreen' are matched.

2019-04-08 17:48:58 - [MESSAGE][PASSED] - Call Test Case 'Test Cases/ShopOpen/ChillerUtilization/ChillerAvailable/VisitProductCategoryAssets' successfully

2019-04-08 17:48:59 - [TEST_CASE][PASSED] - Test Cases/ShopOpen/ChillerUtilization/ChillerAvailable/VisitProductCategoryAssets: Test Cases/ShopOpen/ChillerUtilization/ChillerAvailable/VisitProductCategoryAssets

2019-04-08 17:48:59 - [TEST_STEP][PASSED] - verifyElementText(findTestObject("ShopOpen/ChillerUtilization/ChillerAvailable/Validate_ProductCategoryAssetScreen", ["package":PACKAGENAME]), "Facing"): Actual text and expected text of test object 'Object Repository/ShopOpen/ChillerUtilization/ChillerAvailable/Validate_ProductCategoryAssetScreen' are matched.

2019-04-08 17:49:02 - [MESSAGE][PASSED] - Actual text and expected text of test object 'Object Repository/ShopOpen/ChillerUtilization/ChillerAvailable/Validate_ProductCategoryAssetScreen' are matched.

2019-04-08 17:49:02 - [TEST_STEP][PASSED] - tap(findTestObject("ShopOpen/ChillerUtilization/ChillerAvailable/Facing", ["package":PACKAGENAME]), 0): Tapped on element 'Object Repository/ShopOpen/ChillerUtilization/ChillerAvailable/Facing'

2019-04-08 17:49:02 - [MESSAGE][WARNING] - Timeout '0' is invalid. Using default page load timeout: '6'

2019-04-08 17:49:02 - [MESSAGE][PASSED] - Tapped on element 'Object Repository/ShopOpen/ChillerUtilization/ChillerAvailable/Facing'

2019-04-08 17:49:02 - [TEST_STEP][PASSED] - verifyElementText(findTestObject("ShopOpen/ChillerUtilization/ChillerAvailable/Validate_FacingScreen", ["package":PACKAGENAME]), "Facing"): Actual text and expected text of test object 'Object Repository/ShopOpen/ChillerUtilization/ChillerAvailable/Validate_FacingScreen' are matched.

2019-04-08 17:49:05 - [MESSAGE][PASSED] - Actual text and expected text of test object 'Object Repository/ShopOpen/ChillerUtilization/ChillerAvailable/Validate_FacingScreen' are matched.

2019-04-08 17:49:05 - [TEST_STEP][PASSED] - com.ct.qa.keywords.ChillerProductsDataKeywords.visitChillerAvailableProductsData(CHILLER_FACING, "Facing"): com.ct.qa.keywords.ChillerProductsDataKeywords.visitChillerAvailableProductsData is PASSED

2019-04-08 17:49:09 - [MESSAGE][PASSED] - Keyboard is hidden

2019-04-08 17:49:12 - [MESSAGE][PASSED] - Keyboard is hidden

2019-04-08 17:49:15 - [MESSAGE][PASSED] - Keyboard is hidden

2019-04-08 17:49:18 - [MESSAGE][PASSED] - Keyboard is hidden

2019-04-08 17:49:21 - [MESSAGE][PASSED] - Keyboard is hidden

2019-04-08 17:49:24 - [MESSAGE][PASSED] - Keyboard is hidden

2019-04-08 17:49:26 - [MESSAGE][PASSED] - Swiped from 30,359 to 30,250

2019-04-08 17:49:31 - [MESSAGE][PASSED] - Keyboard is hidden

2019-04-08 17:49:33 - [MESSAGE][PASSED] - Swiped from 30,359 to 30,250

2019-04-08 17:49:38 - [MESSAGE][PASSED] - Keyboard is hidden

2019-04-08 17:49:40 - [MESSAGE][PASSED] - Swiped from 30,359 to 30,250

2019-04-08 17:49:44 - [MESSAGE][PASSED] - Keyboard is hidden

2019-04-08 17:49:46 - [MESSAGE][PASSED] - Swiped from 30,359 to 30,250

2019-04-08 17:49:51 - [MESSAGE][PASSED] - Keyboard is hidden

2019-04-08 17:49:53 - [MESSAGE][PASSED] - Swiped from 30,359 to 30,250

2019-04-08 17:49:55 - [MESSAGE][PASSED] - com.ct.qa.keywords.ChillerProductsDataKeywords.visitChillerAvailableProductsData is PASSED

2019-04-08 17:49:55 - [TEST_STEP][PASSED] - tap(findTestObject("ShopOpen/ChillerUtilization/ChillerAvailable/SubmitButton", ["package":PACKAGENAME]), 0): Tapped on element 'Object Repository/ShopOpen/ChillerUtilization/ChillerAvailable/SubmitButton'

2019-04-08 17:49:55 - [MESSAGE][WARNING] - Timeout '0' is invalid. Using default page load timeout: '6'

2019-04-08 17:49:56 - [MESSAGE][PASSED] - Tapped on element 'Object Repository/ShopOpen/ChillerUtilization/ChillerAvailable/SubmitButton'

2019-04-08 17:49:56 - [TEST_STEP][PASSED] - verifyElementText(findTestObject("ShopOpen/ChillerUtilization/ChillerAvailable/Validate_ProductCategoryAssetScreen", ["package":PACKAGENAME]), "Facing"): Actual text and expected text of test object 'Object Repository/ShopOpen/ChillerUtilization/ChillerAvailable/Validate_ProductCategoryAssetScreen' are matched.

2019-04-08 17:49:57 - [MESSAGE][PASSED] - Actual text and expected text of test object 'Object Repository/ShopOpen/ChillerUtilization/ChillerAvailable/Validate_ProductCategoryAssetScreen' are matched.

2019-04-08 17:49:57 - [TEST_STEP][PASSED] - tap(findTestObject("ShopOpen/ChillerUtilization/ChillerAvailable/Depth", ["package":PACKAGENAME]), 0): Tapped on element 'Object Repository/ShopOpen/ChillerUtilization/ChillerAvailable/Depth'

2019-04-08 17:49:57 - [MESSAGE][WARNING] - Timeout '0' is invalid. Using default page load timeout: '6'

2019-04-08 17:49:57 - [MESSAGE][PASSED] - Tapped on element 'Object Repository/ShopOpen/ChillerUtilization/ChillerAvailable/Depth'

2019-04-08 17:49:57 - [TEST_STEP][PASSED] - verifyElementText(findTestObject("ShopOpen/ChillerUtilization/ChillerAvailable/Validate_DepthScreen", ["package":PACKAGENAME]), "Depth"): Actual text and expected text of test object 'Object Repository/ShopOpen/ChillerUtilization/ChillerAvailable/Validate_DepthScreen' are matched.

2019-04-08 17:49:59 - [MESSAGE][PASSED] - Actual text and expected text of test object 'Object Repository/ShopOpen/ChillerUtilization/ChillerAvailable/Validate_DepthScreen' are matched.

2019-04-08 17:49:59 - [TEST_STEP][PASSED] - com.ct.qa.keywords.ChillerProductsDataKeywords.visitChillerAvailableProductsData(CHILLER_DEPTH, "Depth"): com.ct.qa.keywords.ChillerProductsDataKeywords.visitChillerAvailableProductsData is PASSED

2019-04-08 17:50:03 - [MESSAGE][PASSED] - Keyboard is hidden

2019-04-08 17:50:06 - [MESSAGE][PASSED] - Keyboard is hidden

2019-04-08 17:50:09 - [MESSAGE][PASSED] - Keyboard is hidden

2019-04-08 17:50:12 - [MESSAGE][PASSED] - Keyboard is hidden

2019-04-08 17:50:15 - [MESSAGE][PASSED] - Keyboard is hidden

2019-04-08 17:50:18 - [MESSAGE][PASSED] - Keyboard is hidden

2019-04-08 17:50:20 - [MESSAGE][PASSED] - Swiped from 30,359 to 30,250

2019-04-08 17:50:25 - [MESSAGE][PASSED] - Keyboard is hidden

2019-04-08 17:50:27 - [MESSAGE][PASSED] - Swiped from 30,359 to 30,250

2019-04-08 17:50:32 - [MESSAGE][PASSED] - Keyboard is hidden

2019-04-08 17:50:34 - [MESSAGE][PASSED] - Swiped from 30,359 to 30,250

2019-04-08 17:50:38 - [MESSAGE][PASSED] - Keyboard is hidden

2019-04-08 17:50:40 - [MESSAGE][PASSED] - Swiped from 30,359 to 30,250

2019-04-08 17:50:44 - [MESSAGE][PASSED] - Keyboard is hidden

2019-04-08 17:50:46 - [MESSAGE][PASSED] - Swiped from 30,359 to 30,250

2019-04-08 17:50:48 - [MESSAGE][PASSED] - com.ct.qa.keywords.ChillerProductsDataKeywords.visitChillerAvailableProductsData is PASSED

2019-04-08 17:50:48 - [TEST_STEP][PASSED] - tap(findTestObject("ShopOpen/ChillerUtilization/ChillerAvailable/SubmitButton", ["package":PACKAGENAME]), 0): Tapped on element 'Object Repository/ShopOpen/ChillerUtilization/ChillerAvailable/SubmitButton'

2019-04-08 17:50:48 - [MESSAGE][WARNING] - Timeout '0' is invalid. Using default page load timeout: '6'

2019-04-08 17:50:49 - [MESSAGE][PASSED] - Tapped on element 'Object Repository/ShopOpen/ChillerUtilization/ChillerAvailable/SubmitButton'

2019-04-08 17:50:49 - [TEST_STEP][PASSED] - verifyElementText(findTestObject("ShopOpen/ChillerUtilization/ChillerAvailable/Validate_ProductCategoryAssetScreen", ["package":PACKAGENAME]), "Facing"): Actual text and expected text of test object 'Object Repository/ShopOpen/ChillerUtilization/ChillerAvailable/Validate_ProductCategoryAssetScreen' are matched.

2019-04-08 17:50:50 - [MESSAGE][PASSED] - Actual text and expected text of test object 'Object Repository/ShopOpen/ChillerUtilization/ChillerAvailable/Validate_ProductCategoryAssetScreen' are matched.

2019-04-08 17:50:50 - [TEST_STEP][PASSED] - tap(findTestObject("ShopOpen/ChillerUtilization/ChillerAvailable/StockCount", ["package":PACKAGENAME]), 0): Tapped on element 'Object Repository/ShopOpen/ChillerUtilization/ChillerAvailable/StockCount'

2019-04-08 17:50:50 - [MESSAGE][WARNING] - Timeout '0' is invalid. Using default page load timeout: '6'

2019-04-08 17:50:50 - [MESSAGE][PASSED] - Tapped on element 'Object Repository/ShopOpen/ChillerUtilization/ChillerAvailable/StockCount'

2019-04-08 17:50:50 - [TEST_STEP][PASSED] - verifyElementText(findTestObject("ShopOpen/ChillerUtilization/ChillerAvailable/Validate_StockCountScreen", ["package":PACKAGENAME]), "Stock Count"): Actual text and expected text of test object 'Object Repository/ShopOpen/ChillerUtilization/ChillerAvailable/Validate_StockCountScreen' are matched.

2019-04-08 17:50:52 - [MESSAGE][PASSED] - Actual text and expected text of test object 'Object Repository/ShopOpen/ChillerUtilization/ChillerAvailable/Validate_StockCountScreen' are matched.

2019-04-08 17:50:52 - [TEST_STEP][PASSED] - com.ct.qa.keywords.ChillerProductsDataKeywords.visitChillerAvailableProductsData(CHILLER_STOCKCOUNT, "Stock Count"): com.ct.qa.keywords.ChillerProductsDataKeywords.visitChillerAvailableProductsData is PASSED

2019-04-08 17:50:56 - [MESSAGE][PASSED] - Keyboard is hidden

2019-04-08 17:50:59 - [MESSAGE][PASSED] - Keyboard is hidden

2019-04-08 17:51:02 - [MESSAGE][PASSED] - Keyboard is hidden

2019-04-08 17:51:05 - [MESSAGE][PASSED] - Keyboard is hidden

2019-04-08 17:51:08 - [MESSAGE][PASSED] - Keyboard is hidden

2019-04-08 17:51:11 - [MESSAGE][PASSED] - Keyboard is hidden

2019-04-08 17:51:13 - [MESSAGE][PASSED] - Swiped from 30,359 to 30,250

2019-04-08 17:51:18 - [MESSAGE][PASSED] - Keyboard is hidden

2019-04-08 17:51:20 - [MESSAGE][PASSED] - Swiped from 30,359 to 30,250

2019-04-08 17:51:25 - [MESSAGE][PASSED] - Keyboard is hidden

2019-04-08 17:51:27 - [MESSAGE][PASSED] - Swiped from 30,359 to 30,250

2019-04-08 17:51:32 - [MESSAGE][PASSED] - Keyboard is hidden

2019-04-08 17:51:34 - [MESSAGE][PASSED] - Swiped from 30,359 to 30,250

2019-04-08 17:51:39 - [MESSAGE][PASSED] - Keyboard is hidden

2019-04-08 17:51:41 - [MESSAGE][PASSED] - Swiped from 30,359 to 30,250

2019-04-08 17:51:43 - [MESSAGE][PASSED] - com.ct.qa.keywords.ChillerProductsDataKeywords.visitChillerAvailableProductsData is PASSED

2019-04-08 17:51:43 - [TEST_STEP][PASSED] - tap(findTestObject("ShopOpen/ChillerUtilization/ChillerAvailable/SubmitButton", ["package":PACKAGENAME]), 0): Tapped on element 'Object Repository/ShopOpen/ChillerUtilization/ChillerAvailable/SubmitButton'

2019-04-08 17:51:43 - [MESSAGE][WARNING] - Timeout '0' is invalid. Using default page load timeout: '6'

2019-04-08 17:51:44 - [MESSAGE][PASSED] - Tapped on element 'Object Repository/ShopOpen/ChillerUtilization/ChillerAvailable/SubmitButton'

2019-04-08 17:51:44 - [TEST_STEP][PASSED] - verifyElementText(findTestObject("ShopOpen/ChillerUtilization/ChillerAvailable/Validate_ProductCategoryAssetScreen", ["package":PACKAGENAME]), "Facing"): Actual text and expected text of test object 'Object Repository/ShopOpen/ChillerUtilization/ChillerAvailable/Validate_ProductCategoryAssetScreen' are matched.

2019-04-08 17:51:45 - [MESSAGE][PASSED] - Actual text and expected text of test object 'Object Repository/ShopOpen/ChillerUtilization/ChillerAvailable/Validate_ProductCategoryAssetScreen' are matched.

2019-04-08 17:51:45 - [TEST_STEP][PASSED] - tap(findTestObject("ShopOpen/ChillerUtilization/ChillerAvailable/PorductCategoryActions_BackButton", ["package":PACKAGENAME]), 0): Tapped on element 'Object Repository/ShopOpen/ChillerUtilization/ChillerAvailable/PorductCategoryActions_BackButton'

2019-04-08 17:51:45 - [MESSAGE][WARNING] - Timeout '0' is invalid. Using default page load timeout: '6'

2019-04-08 17:51:46 - [MESSAGE][PASSED] - Tapped on element 'Object Repository/ShopOpen/ChillerUtilization/ChillerAvailable/PorductCategoryActions_BackButton'

2019-04-08 17:51:46 - [TEST_STEP][PASSED] - verifyElementText(findTestObject("ShopOpen/ChillerUtilization/ChillerAvailable/Validate_ChillerProductsCategoriesScreen", ["package":PACKAGENAME]), "Category:Chiller Utilization"): Actual text and expected text of test object 'Object Repository/ShopOpen/ChillerUtilization/ChillerAvailable/Validate_ChillerProductsCategoriesScreen' are matched.

2019-04-08 17:51:47 - [MESSAGE][PASSED] - Actual text and expected text of test object 'Object Repository/ShopOpen/ChillerUtilization/ChillerAvailable/Validate_ChillerProductsCategoriesScreen' are matched.

2019-04-08 17:51:47 - [MESSAGE][PASSED] - Call Test Case 'Test Cases/ShopOpen/ChillerUtilization/ChillerAvailable/VisitProductCategoryAssets' successfully

2019-04-08 17:51:47 - [TEST_CASE][PASSED] - Test Cases/ShopOpen/ChillerUtilization/ChillerAvailable/VisitProductCategoryAssets: Test Cases/ShopOpen/ChillerUtilization/ChillerAvailable/VisitProductCategoryAssets

2019-04-08 17:51:47 - [TEST_STEP][PASSED] - verifyElementText(findTestObject("ShopOpen/ChillerUtilization/ChillerAvailable/Validate_ProductCategoryAssetScreen", ["package":PACKAGENAME]), "Facing"): Actual text and expected text of test object 'Object Repository/ShopOpen/ChillerUtilization/ChillerAvailable/Validate_ProductCategoryAssetScreen' are matched.

2019-04-08 17:51:50 - [MESSAGE][PASSED] - Actual text and expected text of test object 'Object Repository/ShopOpen/ChillerUtilization/ChillerAvailable/Validate_ProductCategoryAssetScreen' are matched.

2019-04-08 17:51:50 - [TEST_STEP][PASSED] - tap(findTestObject("ShopOpen/ChillerUtilization/ChillerAvailable/Facing", ["package":PACKAGENAME]), 0): Tapped on element 'Object Repository/ShopOpen/ChillerUtilization/ChillerAvailable/Facing'

2019-04-08 17:51:50 - [MESSAGE][WARNING] - Timeout '0' is invalid. Using default page load timeout: '6'

2019-04-08 17:51:50 - [MESSAGE][PASSED] - Tapped on element 'Object Repository/ShopOpen/ChillerUtilization/ChillerAvailable/Facing'

2019-04-08 17:51:50 - [TEST_STEP][PASSED] - verifyElementText(findTestObject("ShopOpen/ChillerUtilization/ChillerAvailable/Validate_FacingScreen", ["package":PACKAGENAME]), "Facing"): Actual text and expected text of test object 'Object Repository/ShopOpen/ChillerUtilization/ChillerAvailable/Validate_FacingScreen' are matched.

2019-04-08 17:51:52 - [MESSAGE][PASSED] - Actual text and expected text of test object 'Object Repository/ShopOpen/ChillerUtilization/ChillerAvailable/Validate_FacingScreen' are matched.

2019-04-08 17:51:52 - [TEST_STEP][PASSED] - com.ct.qa.keywords.ChillerProductsDataKeywords.visitChillerAvailableProductsData(CHILLER_FACING, "Facing"): com.ct.qa.keywords.ChillerProductsDataKeywords.visitChillerAvailableProductsData is PASSED

2019-04-08 17:51:55 - [MESSAGE][PASSED] - Keyboard is hidden

2019-04-08 17:51:58 - [MESSAGE][PASSED] - Keyboard is hidden

2019-04-08 17:52:00 - [MESSAGE][PASSED] - Swiped from 117,359 to 117,250

2019-04-08 17:52:00 - [MESSAGE][PASSED] - com.ct.qa.keywords.ChillerProductsDataKeywords.visitChillerAvailableProductsData is PASSED

2019-04-08 17:52:00 - [TEST_STEP][PASSED] - tap(findTestObject("ShopOpen/ChillerUtilization/ChillerAvailable/SubmitButton", ["package":PACKAGENAME]), 0): Tapped on element 'Object Repository/ShopOpen/ChillerUtilization/ChillerAvailable/SubmitButton'

2019-04-08 17:52:00 - [MESSAGE][WARNING] - Timeout '0' is invalid. Using default page load timeout: '6'

2019-04-08 17:52:02 - [MESSAGE][PASSED] - Tapped on element 'Object Repository/ShopOpen/ChillerUtilization/ChillerAvailable/SubmitButton'

2019-04-08 17:52:02 - [TEST_STEP][PASSED] - verifyElementText(findTestObject("ShopOpen/ChillerUtilization/ChillerAvailable/Validate_ProductCategoryAssetScreen", ["package":PACKAGENAME]), "Facing"): Actual text and expected text of test object 'Object Repository/ShopOpen/ChillerUtilization/ChillerAvailable/Validate_ProductCategoryAssetScreen' are matched.

2019-04-08 17:52:03 - [MESSAGE][PASSED] - Actual text and expected text of test object 'Object Repository/ShopOpen/ChillerUtilization/ChillerAvailable/Validate_ProductCategoryAssetScreen' are matched.

2019-04-08 17:52:03 - [TEST_STEP][PASSED] - tap(findTestObject("ShopOpen/ChillerUtilization/ChillerAvailable/Depth", ["package":PACKAGENAME]), 0): Tapped on element 'Object Repository/ShopOpen/ChillerUtilization/ChillerAvailable/Depth'

2019-04-08 17:52:03 - [MESSAGE][WARNING] - Timeout '0' is invalid. Using default page load timeout: '6'

2019-04-08 17:52:03 - [MESSAGE][PASSED] - Tapped on element 'Object Repository/ShopOpen/ChillerUtilization/ChillerAvailable/Depth'

2019-04-08 17:52:03 - [TEST_STEP][PASSED] - verifyElementText(findTestObject("ShopOpen/ChillerUtilization/ChillerAvailable/Validate_DepthScreen", ["package":PACKAGENAME]), "Depth"): Actual text and expected text of test object 'Object Repository/ShopOpen/ChillerUtilization/ChillerAvailable/Validate_DepthScreen' are matched.

2019-04-08 17:52:05 - [MESSAGE][PASSED] - Actual text and expected text of test object 'Object Repository/ShopOpen/ChillerUtilization/ChillerAvailable/Validate_DepthScreen' are matched.

2019-04-08 17:52:05 - [TEST_STEP][PASSED] - com.ct.qa.keywords.ChillerProductsDataKeywords.visitChillerAvailableProductsData(CHILLER_DEPTH, "Depth"): com.ct.qa.keywords.ChillerProductsDataKeywords.visitChillerAvailableProductsData is PASSED

2019-04-08 17:52:08 - [MESSAGE][PASSED] - Keyboard is hidden

2019-04-08 17:52:11 - [MESSAGE][PASSED] - Keyboard is hidden

2019-04-08 17:52:13 - [MESSAGE][PASSED] - Swiped from 117,359 to 117,250

2019-04-08 17:52:13 - [MESSAGE][PASSED] - com.ct.qa.keywords.ChillerProductsDataKeywords.visitChillerAvailableProductsData is PASSED

2019-04-08 17:52:13 - [TEST_STEP][PASSED] - tap(findTestObject("ShopOpen/ChillerUtilization/ChillerAvailable/SubmitButton", ["package":PACKAGENAME]), 0): Tapped on element 'Object Repository/ShopOpen/ChillerUtilization/ChillerAvailable/SubmitButton'

2019-04-08 17:52:13 - [MESSAGE][WARNING] - Timeout '0' is invalid. Using default page load timeout: '6'

2019-04-08 17:52:14 - [MESSAGE][PASSED] - Tapped on element 'Object Repository/ShopOpen/ChillerUtilization/ChillerAvailable/SubmitButton'

2019-04-08 17:52:14 - [TEST_STEP][PASSED] - verifyElementText(findTestObject("ShopOpen/ChillerUtilization/ChillerAvailable/Validate_ProductCategoryAssetScreen", ["package":PACKAGENAME]), "Facing"): Actual text and expected text of test object 'Object Repository/ShopOpen/ChillerUtilization/ChillerAvailable/Validate_ProductCategoryAssetScreen' are matched.

2019-04-08 17:52:15 - [MESSAGE][PASSED] - Actual text and expected text of test object 'Object Repository/ShopOpen/ChillerUtilization/ChillerAvailable/Validate_ProductCategoryAssetScreen' are matched.

2019-04-08 17:52:15 - [TEST_STEP][PASSED] - tap(findTestObject("ShopOpen/ChillerUtilization/ChillerAvailable/StockCount", ["package":PACKAGENAME]), 0): Tapped on element 'Object Repository/ShopOpen/ChillerUtilization/ChillerAvailable/StockCount'

2019-04-08 17:52:15 - [MESSAGE][WARNING] - Timeout '0' is invalid. Using default page load timeout: '6'

2019-04-08 17:52:15 - [MESSAGE][PASSED] - Tapped on element 'Object Repository/ShopOpen/ChillerUtilization/ChillerAvailable/StockCount'

2019-04-08 17:52:15 - [TEST_STEP][PASSED] - verifyElementText(findTestObject("ShopOpen/ChillerUtilization/ChillerAvailable/Validate_StockCountScreen", ["package":PACKAGENAME]), "Stock Count"): Actual text and expected text of test object 'Object Repository/ShopOpen/ChillerUtilization/ChillerAvailable/Validate_StockCountScreen' are matched.

2019-04-08 17:52:18 - [MESSAGE][PASSED] - Actual text and expected text of test object 'Object Repository/ShopOpen/ChillerUtilization/ChillerAvailable/Validate_StockCountScreen' are matched.

2019-04-08 17:52:18 - [TEST_STEP][PASSED] - com.ct.qa.keywords.ChillerProductsDataKeywords.visitChillerAvailableProductsData(CHILLER_STOCKCOUNT, "Stock Count"): com.ct.qa.keywords.ChillerProductsDataKeywords.visitChillerAvailableProductsData is PASSED

2019-04-08 17:52:21 - [MESSAGE][PASSED] - Keyboard is hidden

2019-04-08 17:52:24 - [MESSAGE][PASSED] - Keyboard is hidden

2019-04-08 17:52:26 - [MESSAGE][PASSED] - Swiped from 117,359 to 117,250

2019-04-08 17:52:26 - [MESSAGE][PASSED] - com.ct.qa.keywords.ChillerProductsDataKeywords.visitChillerAvailableProductsData is PASSED

2019-04-08 17:52:26 - [TEST_STEP][PASSED] - tap(findTestObject("ShopOpen/ChillerUtilization/ChillerAvailable/SubmitButton", ["package":PACKAGENAME]), 0): Tapped on element 'Object Repository/ShopOpen/ChillerUtilization/ChillerAvailable/SubmitButton'

2019-04-08 17:52:26 - [MESSAGE][WARNING] - Timeout '0' is invalid. Using default page load timeout: '6'

2019-04-08 17:52:27 - [MESSAGE][PASSED] - Tapped on element 'Object Repository/ShopOpen/ChillerUtilization/ChillerAvailable/SubmitButton'

2019-04-08 17:52:27 - [TEST_STEP][PASSED] - verifyElementText(findTestObject("ShopOpen/ChillerUtilization/ChillerAvailable/Validate_ProductCategoryAssetScreen", ["package":PACKAGENAME]), "Facing"): Actual text and expected text of test object 'Object Repository/ShopOpen/ChillerUtilization/ChillerAvailable/Validate_ProductCategoryAssetScreen' are matched.

2019-04-08 17:52:28 - [MESSAGE][PASSED] - Actual text and expected text of test object 'Object Repository/ShopOpen/ChillerUtilization/ChillerAvailable/Validate_ProductCategoryAssetScreen' are matched.

2019-04-08 17:52:28 - [TEST_STEP][PASSED] - tap(findTestObject("ShopOpen/ChillerUtilization/ChillerAvailable/PorductCategoryActions_BackButton", ["package":PACKAGENAME]), 0): Tapped on element 'Object Repository/ShopOpen/ChillerUtilization/ChillerAvailable/PorductCategoryActions_BackButton'

2019-04-08 17:52:28 - [MESSAGE][WARNING] - Timeout '0' is invalid. Using default page load timeout: '6'

2019-04-08 17:52:28 - [MESSAGE][PASSED] - Tapped on element 'Object Repository/ShopOpen/ChillerUtilization/ChillerAvailable/PorductCategoryActions_BackButton'

2019-04-08 17:52:28 - [TEST_STEP][PASSED] - verifyElementText(findTestObject("ShopOpen/ChillerUtilization/ChillerAvailable/Validate_ChillerProductsCategoriesScreen", ["package":PACKAGENAME]), "Category:Chiller Utilization"): Actual text and expected text of test object 'Object Repository/ShopOpen/ChillerUtilization/ChillerAvailable/Validate_ChillerProductsCategoriesScreen' are matched.

2019-04-08 17:52:29 - [MESSAGE][PASSED] - Actual text and expected text of test object 'Object Repository/ShopOpen/ChillerUtilization/ChillerAvailable/Validate_ChillerProductsCategoriesScreen' are matched.

2019-04-08 17:52:29 - [MESSAGE][PASSED] - Call Test Case 'Test Cases/ShopOpen/ChillerUtilization/ChillerAvailable/VisitProductCategoryAssets' successfully

2019-04-08 17:52:30 - [TEST_CASE][PASSED] - Test Cases/ShopOpen/ChillerUtilization/ChillerAvailable/VisitProductCategoryAssets: Test Cases/ShopOpen/ChillerUtilization/ChillerAvailable/VisitProductCategoryAssets

2019-04-08 17:52:30 - [TEST_STEP][PASSED] - verifyElementText(findTestObject("ShopOpen/ChillerUtilization/ChillerAvailable/Validate_ProductCategoryAssetScreen", ["package":PACKAGENAME]), "Facing"): Actual text and expected text of test object 'Object Repository/ShopOpen/ChillerUtilization/ChillerAvailable/Validate_ProductCategoryAssetScreen' are matched.

2019-04-08 17:52:32 - [MESSAGE][PASSED] - Actual text and expected text of test object 'Object Repository/ShopOpen/ChillerUtilization/ChillerAvailable/Validate_ProductCategoryAssetScreen' are matched.

2019-04-08 17:52:32 - [TEST_STEP][PASSED] - tap(findTestObject("ShopOpen/ChillerUtilization/ChillerAvailable/Facing", ["package":PACKAGENAME]), 0): Tapped on element 'Object Repository/ShopOpen/ChillerUtilization/ChillerAvailable/Facing'

2019-04-08 17:52:32 - [MESSAGE][WARNING] - Timeout '0' is invalid. Using default page load timeout: '6'

2019-04-08 17:52:32 - [MESSAGE][PASSED] - Tapped on element 'Object Repository/ShopOpen/ChillerUtilization/ChillerAvailable/Facing'

2019-04-08 17:52:32 - [TEST_STEP][PASSED] - verifyElementText(findTestObject("ShopOpen/ChillerUtilization/ChillerAvailable/Validate_FacingScreen", ["package":PACKAGENAME]), "Facing"): Actual text and expected text of test object 'Object Repository/ShopOpen/ChillerUtilization/ChillerAvailable/Validate_FacingScreen' are matched.

2019-04-08 17:52:34 - [MESSAGE][PASSED] - Actual text and expected text of test object 'Object Repository/ShopOpen/ChillerUtilization/ChillerAvailable/Validate_FacingScreen' are matched.

2019-04-08 17:52:34 - [TEST_STEP][PASSED] - com.ct.qa.keywords.ChillerProductsDataKeywords.visitChillerAvailableProductsData(CHILLER_FACING, "Facing"): com.ct.qa.keywords.ChillerProductsDataKeywords.visitChillerAvailableProductsData is PASSED

2019-04-08 17:52:38 - [MESSAGE][PASSED] - Keyboard is hidden

2019-04-08 17:52:41 - [MESSAGE][PASSED] - Keyboard is hidden

2019-04-08 17:52:44 - [MESSAGE][PASSED] - Keyboard is hidden

2019-04-08 17:52:47 - [MESSAGE][PASSED] - Keyboard is hidden

2019-04-08 17:52:50 - [MESSAGE][PASSED] - Keyboard is hidden

2019-04-08 17:52:53 - [MESSAGE][PASSED] - Keyboard is hidden

2019-04-08 17:52:55 - [MESSAGE][PASSED] - Swiped from 18,359 to 18,250

2019-04-08 17:53:00 - [MESSAGE][PASSED] - Keyboard is hidden

2019-04-08 17:53:02 - [MESSAGE][PASSED] - Swiped from 18,359 to 18,250

2019-04-08 17:53:06 - [MESSAGE][PASSED] - Keyboard is hidden

2019-04-08 17:53:08 - [MESSAGE][PASSED] - Swiped from 18,359 to 18,250

2019-04-08 17:53:10 - [MESSAGE][PASSED] - com.ct.qa.keywords.ChillerProductsDataKeywords.visitChillerAvailableProductsData is PASSED

2019-04-08 17:53:10 - [TEST_STEP][PASSED] - tap(findTestObject("ShopOpen/ChillerUtilization/ChillerAvailable/SubmitButton", ["package":PACKAGENAME]), 0): Tapped on element 'Object Repository/ShopOpen/ChillerUtilization/ChillerAvailable/SubmitButton'

2019-04-08 17:53:10 - [MESSAGE][WARNING] - Timeout '0' is invalid. Using default page load timeout: '6'

2019-04-08 17:53:11 - [MESSAGE][PASSED] - Tapped on element 'Object Repository/ShopOpen/ChillerUtilization/ChillerAvailable/SubmitButton'

2019-04-08 17:53:11 - [TEST_STEP][PASSED] - verifyElementText(findTestObject("ShopOpen/ChillerUtilization/ChillerAvailable/Validate_ProductCategoryAssetScreen", ["package":PACKAGENAME]), "Facing"): Actual text and expected text of test object 'Object Repository/ShopOpen/ChillerUtilization/ChillerAvailable/Validate_ProductCategoryAssetScreen' are matched.

2019-04-08 17:53:12 - [MESSAGE][PASSED] - Actual text and expected text of test object 'Object Repository/ShopOpen/ChillerUtilization/ChillerAvailable/Validate_ProductCategoryAssetScreen' are matched.

2019-04-08 17:53:12 - [TEST_STEP][PASSED] - tap(findTestObject("ShopOpen/ChillerUtilization/ChillerAvailable/Depth", ["package":PACKAGENAME]), 0): Tapped on element 'Object Repository/ShopOpen/ChillerUtilization/ChillerAvailable/Depth'

2019-04-08 17:53:12 - [MESSAGE][WARNING] - Timeout '0' is invalid. Using default page load timeout: '6'

2019-04-08 17:53:12 - [MESSAGE][PASSED] - Tapped on element 'Object Repository/ShopOpen/ChillerUtilization/ChillerAvailable/Depth'

2019-04-08 17:53:12 - [TEST_STEP][PASSED] - verifyElementText(findTestObject("ShopOpen/ChillerUtilization/ChillerAvailable/Validate_DepthScreen", ["package":PACKAGENAME]), "Depth"): Actual text and expected text of test object 'Object Repository/ShopOpen/ChillerUtilization/ChillerAvailable/Validate_DepthScreen' are matched.

2019-04-08 17:53:14 - [MESSAGE][PASSED] - Actual text and expected text of test object 'Object Repository/ShopOpen/ChillerUtilization/ChillerAvailable/Validate_DepthScreen' are matched.

2019-04-08 17:53:14 - [TEST_STEP][PASSED] - com.ct.qa.keywords.ChillerProductsDataKeywords.visitChillerAvailableProductsData(CHILLER_DEPTH, "Depth"): com.ct.qa.keywords.ChillerProductsDataKeywords.visitChillerAvailableProductsData is PASSED

2019-04-08 17:53:18 - [MESSAGE][PASSED] - Keyboard is hidden

2019-04-08 17:53:21 - [MESSAGE][PASSED] - Keyboard is hidden

2019-04-08 17:53:24 - [MESSAGE][PASSED] - Keyboard is hidden

2019-04-08 17:53:27 - [MESSAGE][PASSED] - Keyboard is hidden

2019-04-08 17:53:30 - [MESSAGE][PASSED] - Keyboard is hidden

2019-04-08 17:53:33 - [MESSAGE][PASSED] - Keyboard is hidden

2019-04-08 17:53:35 - [MESSAGE][PASSED] - Swiped from 18,359 to 18,250

2019-04-08 17:53:39 - [MESSAGE][PASSED] - Keyboard is hidden

2019-04-08 17:53:41 - [MESSAGE][PASSED] - Swiped from 18,359 to 18,250

2019-04-08 17:53:47 - [MESSAGE][PASSED] - Keyboard is hidden

2019-04-08 17:53:49 - [MESSAGE][PASSED] - Swiped from 18,359 to 18,250

2019-04-08 17:53:51 - [MESSAGE][PASSED] - com.ct.qa.keywords.ChillerProductsDataKeywords.visitChillerAvailableProductsData is PASSED

2019-04-08 17:53:51 - [TEST_STEP][PASSED] - tap(findTestObject("ShopOpen/ChillerUtilization/ChillerAvailable/SubmitButton", ["package":PACKAGENAME]), 0): Tapped on element 'Object Repository/ShopOpen/ChillerUtilization/ChillerAvailable/SubmitButton'

2019-04-08 17:53:51 - [MESSAGE][WARNING] - Timeout '0' is invalid. Using default page load timeout: '6'

2019-04-08 17:53:52 - [MESSAGE][PASSED] - Tapped on element 'Object Repository/ShopOpen/ChillerUtilization/ChillerAvailable/SubmitButton'

2019-04-08 17:53:52 - [TEST_STEP][PASSED] - verifyElementText(findTestObject("ShopOpen/ChillerUtilization/ChillerAvailable/Validate_ProductCategoryAssetScreen", ["package":PACKAGENAME]), "Facing"): Actual text and expected text of test object 'Object Repository/ShopOpen/ChillerUtilization/ChillerAvailable/Validate_ProductCategoryAssetScreen' are matched.

2019-04-08 17:53:53 - [MESSAGE][PASSED] - Actual text and expected text of test object 'Object Repository/ShopOpen/ChillerUtilization/ChillerAvailable/Validate_ProductCategoryAssetScreen' are matched.

2019-04-08 17:53:53 - [TEST_STEP][PASSED] - tap(findTestObject("ShopOpen/ChillerUtilization/ChillerAvailable/StockCount", ["package":PACKAGENAME]), 0): Tapped on element 'Object Repository/ShopOpen/ChillerUtilization/ChillerAvailable/StockCount'

2019-04-08 17:53:53 - [MESSAGE][WARNING] - Timeout '0' is invalid. Using default page load timeout: '6'

2019-04-08 17:53:53 - [MESSAGE][PASSED] - Tapped on element 'Object Repository/ShopOpen/ChillerUtilization/ChillerAvailable/StockCount'

2019-04-08 17:53:53 - [TEST_STEP][PASSED] - verifyElementText(findTestObject("ShopOpen/ChillerUtilization/ChillerAvailable/Validate_StockCountScreen", ["package":PACKAGENAME]), "Stock Count"): Actual text and expected text of test object 'Object Repository/ShopOpen/ChillerUtilization/ChillerAvailable/Validate_StockCountScreen' are matched.

2019-04-08 17:53:55 - [MESSAGE][PASSED] - Actual text and expected text of test object 'Object Repository/ShopOpen/ChillerUtilization/ChillerAvailable/Validate_StockCountScreen' are matched.

2019-04-08 17:53:55 - [TEST_STEP][PASSED] - com.ct.qa.keywords.ChillerProductsDataKeywords.visitChillerAvailableProductsData(CHILLER_STOCKCOUNT, "Stock Count"): com.ct.qa.keywords.ChillerProductsDataKeywords.visitChillerAvailableProductsData is PASSED

2019-04-08 17:53:59 - [MESSAGE][PASSED] - Keyboard is hidden

2019-04-08 17:54:02 - [MESSAGE][PASSED] - Keyboard is hidden

2019-04-08 17:54:05 - [MESSAGE][PASSED] - Keyboard is hidden

2019-04-08 17:54:08 - [MESSAGE][PASSED] - Keyboard is hidden

2019-04-08 17:54:11 - [MESSAGE][PASSED] - Keyboard is hidden

2019-04-08 17:54:14 - [MESSAGE][PASSED] - Keyboard is hidden

2019-04-08 17:54:16 - [MESSAGE][PASSED] - Swiped from 18,359 to 18,250

2019-04-08 17:54:21 - [MESSAGE][PASSED] - Keyboard is hidden

2019-04-08 17:54:23 - [MESSAGE][PASSED] - Swiped from 18,359 to 18,250

2019-04-08 17:54:28 - [MESSAGE][PASSED] - Keyboard is hidden

2019-04-08 17:54:30 - [MESSAGE][PASSED] - Swiped from 18,359 to 18,250

2019-04-08 17:54:32 - [MESSAGE][PASSED] - com.ct.qa.keywords.ChillerProductsDataKeywords.visitChillerAvailableProductsData is PASSED

2019-04-08 17:54:32 - [TEST_STEP][PASSED] - tap(findTestObject("ShopOpen/ChillerUtilization/ChillerAvailable/SubmitButton", ["package":PACKAGENAME]), 0): Tapped on element 'Object Repository/ShopOpen/ChillerUtilization/ChillerAvailable/SubmitButton'

2019-04-08 17:54:32 - [MESSAGE][WARNING] - Timeout '0' is invalid. Using default page load timeout: '6'

2019-04-08 17:54:33 - [MESSAGE][PASSED] - Tapped on element 'Object Repository/ShopOpen/ChillerUtilization/ChillerAvailable/SubmitButton'

2019-04-08 17:54:33 - [TEST_STEP][PASSED] - verifyElementText(findTestObject("ShopOpen/ChillerUtilization/ChillerAvailable/Validate_ProductCategoryAssetScreen", ["package":PACKAGENAME]), "Facing"): Actual text and expected text of test object 'Object Repository/ShopOpen/ChillerUtilization/ChillerAvailable/Validate_ProductCategoryAssetScreen' are matched.

2019-04-08 17:54:34 - [MESSAGE][PASSED] - Actual text and expected text of test object 'Object Repository/ShopOpen/ChillerUtilization/ChillerAvailable/Validate_ProductCategoryAssetScreen' are matched.

2019-04-08 17:54:34 - [TEST_STEP][PASSED] - tap(findTestObject("ShopOpen/ChillerUtilization/ChillerAvailable/PorductCategoryActions_BackButton", ["package":PACKAGENAME]), 0): Tapped on element 'Object Repository/ShopOpen/ChillerUtilization/ChillerAvailable/PorductCategoryActions_BackButton'

2019-04-08 17:54:34 - [MESSAGE][WARNING] - Timeout '0' is invalid. Using default page load timeout: '6'

2019-04-08 17:54:34 - [MESSAGE][PASSED] - Tapped on element 'Object Repository/ShopOpen/ChillerUtilization/ChillerAvailable/PorductCategoryActions_BackButton'

2019-04-08 17:54:34 - [TEST_STEP][PASSED] - verifyElementText(findTestObject("ShopOpen/ChillerUtilization/ChillerAvailable/Validate_ChillerProductsCategoriesScreen", ["package":PACKAGENAME]), "Category:Chiller Utilization"): Actual text and expected text of test object 'Object Repository/ShopOpen/ChillerUtilization/ChillerAvailable/Validate_ChillerProductsCategoriesScreen' are matched.

2019-04-08 17:54:35 - [MESSAGE][PASSED] - Actual text and expected text of test object 'Object Repository/ShopOpen/ChillerUtilization/ChillerAvailable/Validate_ChillerProductsCategoriesScreen' are matched.

2019-04-08 17:54:35 - [MESSAGE][PASSED] - Call Test Case 'Test Cases/ShopOpen/ChillerUtilization/ChillerAvailable/VisitProductCategoryAssets' successfully

2019-04-08 17:54:35 - [MESSAGE][PASSED] - com.ct.qa.keywords.ChillerProductsDataKeywords.visitChillerAvailableProductCategories is PASSED

2019-04-08 17:54:35 - [TEST_STEP][PASSED] - com.ct.qa.keywords.CommonKeywords.visitPlanogramImageViewButton(): com.ct.qa.keywords.CommonKeywords.visitPlanogramImageViewButton is PASSED

2019-04-08 17:54:37 - [MESSAGE][WARNING] - Timeout '0' is invalid. Using default page load timeout: '6'

2019-04-08 17:54:44 - [MESSAGE][WARNING] - Object Object Repository/CommonScreenElements/InfoPopUp_OKButton not found
[[ATTACHMENT|F:\\Git Projects\\MMAPlus_Merchandising\\MMAPlus_Merchandising\\Reports\\MMA Plus Merchandiser With Chiller Level Overwrite Scenarios\\20190408_174415\\1554728083378.png]]

2019-04-08 17:54:45 - [MESSAGE][PASSED] - com.ct.qa.keywords.CommonKeywords.visitPlanogramImageViewButton is PASSED

2019-04-08 17:54:45 - [TEST_STEP][PASSED] - verifyElementText(findTestObject("ShopOpen/ChillerUtilization/ChillerAvailable/Validate_ChillerProductsCategoriesScreen", ["package":PACKAGENAME]), "Category:Chiller Utilization"): Actual text and expected text of test object 'Object Repository/ShopOpen/ChillerUtilization/ChillerAvailable/Validate_ChillerProductsCategoriesScreen' are matched.

2019-04-08 17:54:46 - [MESSAGE][PASSED] - Actual text and expected text of test object 'Object Repository/ShopOpen/ChillerUtilization/ChillerAvailable/Validate_ChillerProductsCategoriesScreen' are matched.

2019-04-08 17:54:46 - [TEST_STEP][PASSED] - com.ct.qa.keywords.CommonKeywords.visitPictureImageViewButton(): com.ct.qa.keywords.CommonKeywords.visitPictureImageViewButton is PASSED

2019-04-08 17:54:47 - [MESSAGE][PASSED] - com.ct.qa.keywords.CommonKeywords.visitPictureImageViewButton is PASSED

2019-04-08 17:54:47 - [TEST_STEP][PASSED] - verifyElementText(findTestObject("ShopOpen/ChillerUtilization/ChillerAvailable/Validate_ChillerProductsCategoriesScreen", ["package":PACKAGENAME]), "Category:Chiller Utilization"): Actual text and expected text of test object 'Object Repository/ShopOpen/ChillerUtilization/ChillerAvailable/Validate_ChillerProductsCategoriesScreen' are matched.

2019-04-08 17:54:47 - [MESSAGE][PASSED] - Actual text and expected text of test object 'Object Repository/ShopOpen/ChillerUtilization/ChillerAvailable/Validate_ChillerProductsCategoriesScreen' are matched.

2019-04-08 17:54:47 - [TEST_STEP][PASSED] - com.ct.qa.keywords.CommonKeywords.visitBackImageViewButton(): com.ct.qa.keywords.CommonKeywords.visitBackImageViewButton is PASSED

2019-04-08 17:54:48 - [MESSAGE][PASSED] - com.ct.qa.keywords.CommonKeywords.visitBackImageViewButton is PASSED

2019-04-08 17:54:48 - [TEST_STEP][PASSED] - verifyElementText(findTestObject("ShopOpen/ChillerUtilization/Validate_ChillerUtilizationScreen", ["package":PACKAGENAME]), "Shop Chillers"): Actual text and expected text of test object 'Object Repository/ShopOpen/ChillerUtilization/Validate_ChillerUtilizationScreen' are matched.

2019-04-08 17:54:50 - [MESSAGE][PASSED] - Actual text and expected text of test object 'Object Repository/ShopOpen/ChillerUtilization/Validate_ChillerUtilizationScreen' are matched.

2019-04-08 17:54:50 - [MESSAGE][PASSED] - Call Test Case 'Test Cases/ShopOpen/ChillerUtilization/ChillerAvailable/VisitChillerAvailable' successfully

2019-04-08 17:54:53 - [MESSAGE][WARNING] - Timeout '0' is invalid. Using default page load timeout: '6'

2019-04-08 17:54:54 - [MESSAGE][PASSED] - Element 'Object Repository/CommonScreenElements/Validate_CameraScreen' is exist

2019-04-08 17:54:54 - [MESSAGE][WARNING] - Timeout '0' is invalid. Using default page load timeout: '6'

2019-04-08 17:54:57 - [MESSAGE][PASSED] - Tapped on element 'Object Repository/CommonScreenElements/Camera_flashButton'

2019-04-08 17:54:57 - [MESSAGE][WARNING] - Timeout '0' is invalid. Using default page load timeout: '6'

2019-04-08 17:55:00 - [MESSAGE][PASSED] - Tapped on element 'Object Repository/CommonScreenElements/Camera_TakePictureButton'

2019-04-08 17:55:05 - [MESSAGE][PASSED] - Delayed 5 second(s)

2019-04-08 17:55:05 - [MESSAGE][WARNING] - Timeout '0' is invalid. Using default page load timeout: '6'

2019-04-08 17:55:06 - [MESSAGE][PASSED] - Tapped on element 'Object Repository/CommonScreenElements/Camera_DoneButton'

2019-04-08 17:55:09 - [TEST_CASE][PASSED] - Test Cases/ShopOpen/ChillerUtilization/ChillerAvailable/VisitChillerAvailable: Test Cases/ShopOpen/ChillerUtilization/ChillerAvailable/VisitChillerAvailable

2019-04-08 17:55:09 - [TEST_STEP][PASSED] - verifyElementExist(findTestObject("ShopOpen/ChillerUtilization/ChillerAvailable/Validate_ChillerAvailableScreen", ["package":PACKAGENAME]), 0): Element 'Object Repository/ShopOpen/ChillerUtilization/ChillerAvailable/Validate_ChillerAvailableScreen' is exist

2019-04-08 17:55:09 - [MESSAGE][WARNING] - Timeout '0' is invalid. Using default page load timeout: '6'

2019-04-08 17:55:11 - [MESSAGE][PASSED] - Element 'Object Repository/ShopOpen/ChillerUtilization/ChillerAvailable/Validate_ChillerAvailableScreen' is exist

2019-04-08 17:55:11 - [TEST_STEP][PASSED] - tap(findTestObject("ShopOpen/ChillerUtilization/ChillerAvailable/Planogram_ImageView", ["package":PACKAGENAME]), 0): Tapped on element 'Object Repository/ShopOpen/ChillerUtilization/ChillerAvailable/Planogram_ImageView'

2019-04-08 17:55:11 - [MESSAGE][WARNING] - Timeout '0' is invalid. Using default page load timeout: '6'

2019-04-08 17:55:11 - [MESSAGE][PASSED] - Tapped on element 'Object Repository/ShopOpen/ChillerUtilization/ChillerAvailable/Planogram_ImageView'

2019-04-08 17:55:11 - [TEST_STEP][PASSED] - com.ct.qa.keywords.CommonKeywords.checkPlanogramAvailability(): com.ct.qa.keywords.CommonKeywords.checkPlanogramAvailability is PASSED

2019-04-08 17:55:11 - [MESSAGE][WARNING] - Timeout '0' is invalid. Using default page load timeout: '6'

2019-04-08 17:55:18 - [MESSAGE][WARNING] - Object Object Repository/CommonScreenElements/InfoPopUp_OKButton not found
[[ATTACHMENT|F:\\Git Projects\\MMAPlus_Merchandising\\MMAPlus_Merchandising\\Reports\\MMA Plus Merchandiser With Chiller Level Overwrite Scenarios\\20190408_174415\\1554728117570.png]]

2019-04-08 17:55:18 - [MESSAGE][PASSED] - com.ct.qa.keywords.CommonKeywords.checkPlanogramAvailability is PASSED

2019-04-08 17:55:18 - [TEST_STEP][PASSED] - com.ct.qa.keywords.CommonKeywords.closePlanogram(): com.ct.qa.keywords.CommonKeywords.closePlanogram is PASSED

2019-04-08 17:55:19 - [MESSAGE][PASSED] - com.ct.qa.keywords.CommonKeywords.closePlanogram is PASSED

2019-04-08 17:55:19 - [TEST_STEP][PASSED] - verifyElementExist(findTestObject("ShopOpen/ChillerUtilization/ChillerAvailable/Validate_ChillerAvailableScreen", ["package":PACKAGENAME]), 0): Element 'Object Repository/ShopOpen/ChillerUtilization/ChillerAvailable/Validate_ChillerAvailableScreen' is exist

2019-04-08 17:55:19 - [MESSAGE][WARNING] - Timeout '0' is invalid. Using default page load timeout: '6'

2019-04-08 17:55:20 - [MESSAGE][PASSED] - Element 'Object Repository/ShopOpen/ChillerUtilization/ChillerAvailable/Validate_ChillerAvailableScreen' is exist

2019-04-08 17:55:20 - [TEST_STEP][PASSED] - tap(findTestObject("ShopOpen/ChillerUtilization/ChillerAvailable/Depth1_TakePicture", ["package":PACKAGENAME]), 0): Tapped on element 'Object Repository/ShopOpen/ChillerUtilization/ChillerAvailable/Depth1_TakePicture'

2019-04-08 17:55:20 - [MESSAGE][WARNING] - Timeout '0' is invalid. Using default page load timeout: '6'

2019-04-08 17:55:21 - [MESSAGE][PASSED] - Tapped on element 'Object Repository/ShopOpen/ChillerUtilization/ChillerAvailable/Depth1_TakePicture'

2019-04-08 17:55:21 - [TEST_STEP][PASSED] - com.ct.qa.keywords.CommonKeywords.takePicture(): com.ct.qa.keywords.CommonKeywords.takePicture is PASSED

2019-04-08 17:55:21 - [MESSAGE][WARNING] - Timeout '0' is invalid. Using default page load timeout: '6'

2019-04-08 17:55:22 - [MESSAGE][PASSED] - Element 'Object Repository/CommonScreenElements/Validate_CameraScreen' is exist

2019-04-08 17:55:22 - [MESSAGE][WARNING] - Timeout '0' is invalid. Using default page load timeout: '6'

2019-04-08 17:55:25 - [MESSAGE][PASSED] - Tapped on element 'Object Repository/CommonScreenElements/Camera_flashButton'

2019-04-08 17:55:25 - [MESSAGE][WARNING] - Timeout '0' is invalid. Using default page load timeout: '6'

2019-04-08 17:55:28 - [MESSAGE][PASSED] - Tapped on element 'Object Repository/CommonScreenElements/Camera_TakePictureButton'

2019-04-08 17:55:33 - [MESSAGE][PASSED] - Delayed 5 second(s)

2019-04-08 17:55:33 - [MESSAGE][WARNING] - Timeout '0' is invalid. Using default page load timeout: '6'

2019-04-08 17:55:34 - [MESSAGE][PASSED] - Tapped on element 'Object Repository/CommonScreenElements/Camera_DoneButton'

2019-04-08 17:55:34 - [MESSAGE][PASSED] - com.ct.qa.keywords.CommonKeywords.takePicture is PASSED

2019-04-08 17:55:34 - [TEST_STEP][PASSED] - verifyElementExist(findTestObject("ShopOpen/ChillerUtilization/ChillerAvailable/Validate_ChillerAvailableScreen", ["package":PACKAGENAME]), 0): Element 'Object Repository/ShopOpen/ChillerUtilization/ChillerAvailable/Validate_ChillerAvailableScreen' is exist

2019-04-08 17:55:34 - [MESSAGE][WARNING] - Timeout '0' is invalid. Using default page load timeout: '6'

2019-04-08 17:55:35 - [MESSAGE][PASSED] - Element 'Object Repository/ShopOpen/ChillerUtilization/ChillerAvailable/Validate_ChillerAvailableScreen' is exist

2019-04-08 17:55:35 - [TEST_STEP][PASSED] - tap(findTestObject("ShopOpen/ChillerUtilization/ChillerAvailable/Depth2TakePicture", ["package":PACKAGENAME]), 0): Tapped on element 'Object Repository/ShopOpen/ChillerUtilization/ChillerAvailable/Depth2TakePicture'

2019-04-08 17:55:35 - [MESSAGE][WARNING] - Timeout '0' is invalid. Using default page load timeout: '6'

2019-04-08 17:55:37 - [MESSAGE][PASSED] - Tapped on element 'Object Repository/ShopOpen/ChillerUtilization/ChillerAvailable/Depth2TakePicture'

2019-04-08 17:55:37 - [TEST_STEP][PASSED] - com.ct.qa.keywords.CommonKeywords.takePicture(): com.ct.qa.keywords.CommonKeywords.takePicture is PASSED

2019-04-08 17:55:37 - [MESSAGE][WARNING] - Timeout '0' is invalid. Using default page load timeout: '6'

2019-04-08 17:55:38 - [MESSAGE][PASSED] - Element 'Object Repository/CommonScreenElements/Validate_CameraScreen' is exist

2019-04-08 17:55:38 - [MESSAGE][WARNING] - Timeout '0' is invalid. Using default page load timeout: '6'

2019-04-08 17:55:41 - [MESSAGE][PASSED] - Tapped on element 'Object Repository/CommonScreenElements/Camera_flashButton'

2019-04-08 17:55:41 - [MESSAGE][WARNING] - Timeout '0' is invalid. Using default page load timeout: '6'

2019-04-08 17:55:44 - [MESSAGE][PASSED] - Tapped on element 'Object Repository/CommonScreenElements/Camera_TakePictureButton'

2019-04-08 17:55:49 - [MESSAGE][PASSED] - Delayed 5 second(s)

2019-04-08 17:55:49 - [MESSAGE][WARNING] - Timeout '0' is invalid. Using default page load timeout: '6'

2019-04-08 17:55:50 - [MESSAGE][PASSED] - Tapped on element 'Object Repository/CommonScreenElements/Camera_DoneButton'

2019-04-08 17:55:50 - [MESSAGE][PASSED] - com.ct.qa.keywords.CommonKeywords.takePicture is PASSED

2019-04-08 17:55:50 - [TEST_STEP][PASSED] - verifyElementExist(findTestObject("ShopOpen/ChillerUtilization/ChillerAvailable/Validate_ChillerAvailableScreen", ["package":PACKAGENAME]), 0): Element 'Object Repository/ShopOpen/ChillerUtilization/ChillerAvailable/Validate_ChillerAvailableScreen' is exist

2019-04-08 17:55:50 - [MESSAGE][WARNING] - Timeout '0' is invalid. Using default page load timeout: '6'

2019-04-08 17:55:51 - [MESSAGE][PASSED] - Element 'Object Repository/ShopOpen/ChillerUtilization/ChillerAvailable/Validate_ChillerAvailableScreen' is exist

2019-04-08 17:55:51 - [TEST_STEP][PASSED] - tap(findTestObject("ShopOpen/ChillerUtilization/ChillerAvailable/NextButton", ["package":PACKAGENAME]), 0): Tapped on element 'Object Repository/ShopOpen/ChillerUtilization/ChillerAvailable/NextButton'

2019-04-08 17:55:51 - [MESSAGE][WARNING] - Timeout '0' is invalid. Using default page load timeout: '6'

2019-04-08 17:55:51 - [MESSAGE][PASSED] - Tapped on element 'Object Repository/ShopOpen/ChillerUtilization/ChillerAvailable/NextButton'

2019-04-08 17:55:51 - [TEST_STEP][PASSED] - verifyElementText(findTestObject("ShopOpen/ChillerUtilization/ChillerAvailable/Validate_ChillerProductsCategoriesScreen", ["package":PACKAGENAME]), "Category:Chiller Utilization"): Actual text and expected text of test object 'Object Repository/ShopOpen/ChillerUtilization/ChillerAvailable/Validate_ChillerProductsCategoriesScreen' are matched.

2019-04-08 17:55:54 - [MESSAGE][PASSED] - Actual text and expected text of test object 'Object Repository/ShopOpen/ChillerUtilization/ChillerAvailable/Validate_ChillerProductsCategoriesScreen' are matched.

2019-04-08 17:55:54 - [TEST_STEP][PASSED] - com.ct.qa.keywords.ChillerProductsDataKeywords.visitChillerAvailableProductCategories(1): com.ct.qa.keywords.ChillerProductsDataKeywords.visitChillerAvailableProductCategories is PASSED

2019-04-08 17:55:57 - [TEST_CASE][PASSED] - Test Cases/ShopOpen/ChillerUtilization/ChillerAvailable/VisitProductCategoryAssets: Test Cases/ShopOpen/ChillerUtilization/ChillerAvailable/VisitProductCategoryAssets

2019-04-08 17:55:57 - [TEST_STEP][PASSED] - verifyElementText(findTestObject("ShopOpen/ChillerUtilization/ChillerAvailable/Validate_ProductCategoryAssetScreen", ["package":PACKAGENAME]), "Facing"): Actual text and expected text of test object 'Object Repository/ShopOpen/ChillerUtilization/ChillerAvailable/Validate_ProductCategoryAssetScreen' are matched.

2019-04-08 17:55:59 - [MESSAGE][PASSED] - Actual text and expected text of test object 'Object Repository/ShopOpen/ChillerUtilization/ChillerAvailable/Validate_ProductCategoryAssetScreen' are matched.

2019-04-08 17:55:59 - [TEST_STEP][PASSED] - tap(findTestObject("ShopOpen/ChillerUtilization/ChillerAvailable/Facing", ["package":PACKAGENAME]), 0): Tapped on element 'Object Repository/ShopOpen/ChillerUtilization/ChillerAvailable/Facing'

2019-04-08 17:55:59 - [MESSAGE][WARNING] - Timeout '0' is invalid. Using default page load timeout: '6'

2019-04-08 17:55:59 - [MESSAGE][PASSED] - Tapped on element 'Object Repository/ShopOpen/ChillerUtilization/ChillerAvailable/Facing'

2019-04-08 17:55:59 - [TEST_STEP][PASSED] - verifyElementText(findTestObject("ShopOpen/ChillerUtilization/ChillerAvailable/Validate_FacingScreen", ["package":PACKAGENAME]), "Facing"): Actual text and expected text of test object 'Object Repository/ShopOpen/ChillerUtilization/ChillerAvailable/Validate_FacingScreen' are matched.

2019-04-08 17:56:01 - [MESSAGE][PASSED] - Actual text and expected text of test object 'Object Repository/ShopOpen/ChillerUtilization/ChillerAvailable/Validate_FacingScreen' are matched.

2019-04-08 17:56:01 - [TEST_STEP][PASSED] - com.ct.qa.keywords.ChillerProductsDataKeywords.visitChillerAvailableProductsData(CHILLER_FACING, "Facing"): com.ct.qa.keywords.ChillerProductsDataKeywords.visitChillerAvailableProductsData is PASSED

2019-04-08 17:56:04 - [MESSAGE][PASSED] - Keyboard is hidden

2019-04-08 17:56:06 - [MESSAGE][PASSED] - Swiped from 117,359 to 117,250

2019-04-08 17:56:06 - [MESSAGE][PASSED] - com.ct.qa.keywords.ChillerProductsDataKeywords.visitChillerAvailableProductsData is PASSED

2019-04-08 17:56:06 - [TEST_STEP][PASSED] - tap(findTestObject("ShopOpen/ChillerUtilization/ChillerAvailable/SubmitButton", ["package":PACKAGENAME]), 0): Tapped on element 'Object Repository/ShopOpen/ChillerUtilization/ChillerAvailable/SubmitButton'

2019-04-08 17:56:06 - [MESSAGE][WARNING] - Timeout '0' is invalid. Using default page load timeout: '6'

2019-04-08 17:56:06 - [MESSAGE][PASSED] - Tapped on element 'Object Repository/ShopOpen/ChillerUtilization/ChillerAvailable/SubmitButton'

2019-04-08 17:56:06 - [TEST_STEP][PASSED] - verifyElementText(findTestObject("ShopOpen/ChillerUtilization/ChillerAvailable/Validate_ProductCategoryAssetScreen", ["package":PACKAGENAME]), "Facing"): Actual text and expected text of test object 'Object Repository/ShopOpen/ChillerUtilization/ChillerAvailable/Validate_ProductCategoryAssetScreen' are matched.

2019-04-08 17:56:07 - [MESSAGE][PASSED] - Actual text and expected text of test object 'Object Repository/ShopOpen/ChillerUtilization/ChillerAvailable/Validate_ProductCategoryAssetScreen' are matched.

2019-04-08 17:56:07 - [TEST_STEP][PASSED] - tap(findTestObject("ShopOpen/ChillerUtilization/ChillerAvailable/Depth", ["package":PACKAGENAME]), 0): Tapped on element 'Object Repository/ShopOpen/ChillerUtilization/ChillerAvailable/Depth'

2019-04-08 17:56:07 - [MESSAGE][WARNING] - Timeout '0' is invalid. Using default page load timeout: '6'

2019-04-08 17:56:08 - [MESSAGE][PASSED] - Tapped on element 'Object Repository/ShopOpen/ChillerUtilization/ChillerAvailable/Depth'

2019-04-08 17:56:08 - [TEST_STEP][PASSED] - verifyElementText(findTestObject("ShopOpen/ChillerUtilization/ChillerAvailable/Validate_DepthScreen", ["package":PACKAGENAME]), "Depth"): Actual text and expected text of test object 'Object Repository/ShopOpen/ChillerUtilization/ChillerAvailable/Validate_DepthScreen' are matched.

2019-04-08 17:56:10 - [MESSAGE][PASSED] - Actual text and expected text of test object 'Object Repository/ShopOpen/ChillerUtilization/ChillerAvailable/Validate_DepthScreen' are matched.

2019-04-08 17:56:10 - [TEST_STEP][PASSED] - com.ct.qa.keywords.ChillerProductsDataKeywords.visitChillerAvailableProductsData(CHILLER_DEPTH, "Depth"): com.ct.qa.keywords.ChillerProductsDataKeywords.visitChillerAvailableProductsData is PASSED

2019-04-08 17:56:13 - [MESSAGE][PASSED] - Keyboard is hidden

2019-04-08 17:56:14 - [MESSAGE][PASSED] - Swiped from 117,359 to 117,250

2019-04-08 17:56:15 - [MESSAGE][PASSED] - com.ct.qa.keywords.ChillerProductsDataKeywords.visitChillerAvailableProductsData is PASSED

2019-04-08 17:56:15 - [TEST_STEP][PASSED] - tap(findTestObject("ShopOpen/ChillerUtilization/ChillerAvailable/SubmitButton", ["package":PACKAGENAME]), 0): Tapped on element 'Object Repository/ShopOpen/ChillerUtilization/ChillerAvailable/SubmitButton'

2019-04-08 17:56:15 - [MESSAGE][WARNING] - Timeout '0' is invalid. Using default page load timeout: '6'

2019-04-08 17:56:15 - [MESSAGE][PASSED] - Tapped on element 'Object Repository/ShopOpen/ChillerUtilization/ChillerAvailable/SubmitButton'

2019-04-08 17:56:15 - [TEST_STEP][PASSED] - verifyElementText(findTestObject("ShopOpen/ChillerUtilization/ChillerAvailable/Validate_ProductCategoryAssetScreen", ["package":PACKAGENAME]), "Facing"): Actual text and expected text of test object 'Object Repository/ShopOpen/ChillerUtilization/ChillerAvailable/Validate_ProductCategoryAssetScreen' are matched.

2019-04-08 17:56:16 - [MESSAGE][PASSED] - Actual text and expected text of test object 'Object Repository/ShopOpen/ChillerUtilization/ChillerAvailable/Validate_ProductCategoryAssetScreen' are matched.

2019-04-08 17:56:16 - [TEST_STEP][PASSED] - tap(findTestObject("ShopOpen/ChillerUtilization/ChillerAvailable/StockCount", ["package":PACKAGENAME]), 0): Tapped on element 'Object Repository/ShopOpen/ChillerUtilization/ChillerAvailable/StockCount'

2019-04-08 17:56:16 - [MESSAGE][WARNING] - Timeout '0' is invalid. Using default page load timeout: '6'

2019-04-08 17:56:17 - [MESSAGE][PASSED] - Tapped on element 'Object Repository/ShopOpen/ChillerUtilization/ChillerAvailable/StockCount'

2019-04-08 17:56:17 - [TEST_STEP][PASSED] - verifyElementText(findTestObject("ShopOpen/ChillerUtilization/ChillerAvailable/Validate_StockCountScreen", ["package":PACKAGENAME]), "Stock Count"): Actual text and expected text of test object 'Object Repository/ShopOpen/ChillerUtilization/ChillerAvailable/Validate_StockCountScreen' are matched.

2019-04-08 17:56:19 - [MESSAGE][PASSED] - Actual text and expected text of test object 'Object Repository/ShopOpen/ChillerUtilization/ChillerAvailable/Validate_StockCountScreen' are matched.

2019-04-08 17:56:19 - [TEST_STEP][PASSED] - com.ct.qa.keywords.ChillerProductsDataKeywords.visitChillerAvailableProductsData(CHILLER_STOCKCOUNT, "Stock Count"): com.ct.qa.keywords.ChillerProductsDataKeywords.visitChillerAvailableProductsData is PASSED

2019-04-08 17:56:22 - [MESSAGE][PASSED] - Keyboard is hidden

2019-04-08 17:56:23 - [MESSAGE][PASSED] - Swiped from 117,359 to 117,250

2019-04-08 17:56:24 - [MESSAGE][PASSED] - com.ct.qa.keywords.ChillerProductsDataKeywords.visitChillerAvailableProductsData is PASSED

2019-04-08 17:56:24 - [TEST_STEP][PASSED] - tap(findTestObject("ShopOpen/ChillerUtilization/ChillerAvailable/SubmitButton", ["package":PACKAGENAME]), 0): Tapped on element 'Object Repository/ShopOpen/ChillerUtilization/ChillerAvailable/SubmitButton'

2019-04-08 17:56:24 - [MESSAGE][WARNING] - Timeout '0' is invalid. Using default page load timeout: '6'

2019-04-08 17:56:24 - [MESSAGE][PASSED] - Tapped on element 'Object Repository/ShopOpen/ChillerUtilization/ChillerAvailable/SubmitButton'

2019-04-08 17:56:24 - [TEST_STEP][PASSED] - verifyElementText(findTestObject("ShopOpen/ChillerUtilization/ChillerAvailable/Validate_ProductCategoryAssetScreen", ["package":PACKAGENAME]), "Facing"): Actual text and expected text of test object 'Object Repository/ShopOpen/ChillerUtilization/ChillerAvailable/Validate_ProductCategoryAssetScreen' are matched.

2019-04-08 17:56:25 - [MESSAGE][PASSED] - Actual text and expected text of test object 'Object Repository/ShopOpen/ChillerUtilization/ChillerAvailable/Validate_ProductCategoryAssetScreen' are matched.

2019-04-08 17:56:25 - [TEST_STEP][PASSED] - tap(findTestObject("ShopOpen/ChillerUtilization/ChillerAvailable/PorductCategoryActions_BackButton", ["package":PACKAGENAME]), 0): Tapped on element 'Object Repository/ShopOpen/ChillerUtilization/ChillerAvailable/PorductCategoryActions_BackButton'

2019-04-08 17:56:25 - [MESSAGE][WARNING] - Timeout '0' is invalid. Using default page load timeout: '6'

2019-04-08 17:56:26 - [MESSAGE][PASSED] - Tapped on element 'Object Repository/ShopOpen/ChillerUtilization/ChillerAvailable/PorductCategoryActions_BackButton'

2019-04-08 17:56:26 - [TEST_STEP][PASSED] - verifyElementText(findTestObject("ShopOpen/ChillerUtilization/ChillerAvailable/Validate_ChillerProductsCategoriesScreen", ["package":PACKAGENAME]), "Category:Chiller Utilization"): Actual text and expected text of test object 'Object Repository/ShopOpen/ChillerUtilization/ChillerAvailable/Validate_ChillerProductsCategoriesScreen' are matched.

2019-04-08 17:56:27 - [MESSAGE][PASSED] - Actual text and expected text of test object 'Object Repository/ShopOpen/ChillerUtilization/ChillerAvailable/Validate_ChillerProductsCategoriesScreen' are matched.

2019-04-08 17:56:27 - [MESSAGE][PASSED] - Call Test Case 'Test Cases/ShopOpen/ChillerUtilization/ChillerAvailable/VisitProductCategoryAssets' successfully

2019-04-08 17:56:27 - [TEST_CASE][PASSED] - Test Cases/ShopOpen/ChillerUtilization/ChillerAvailable/VisitProductCategoryAssets: Test Cases/ShopOpen/ChillerUtilization/ChillerAvailable/VisitProductCategoryAssets

2019-04-08 17:56:27 - [TEST_STEP][PASSED] - verifyElementText(findTestObject("ShopOpen/ChillerUtilization/ChillerAvailable/Validate_ProductCategoryAssetScreen", ["package":PACKAGENAME]), "Facing"): Actual text and expected text of test object 'Object Repository/ShopOpen/ChillerUtilization/ChillerAvailable/Validate_ProductCategoryAssetScreen' are matched.

2019-04-08 17:56:30 - [MESSAGE][PASSED] - Actual text and expected text of test object 'Object Repository/ShopOpen/ChillerUtilization/ChillerAvailable/Validate_ProductCategoryAssetScreen' are matched.

2019-04-08 17:56:30 - [TEST_STEP][PASSED] - tap(findTestObject("ShopOpen/ChillerUtilization/ChillerAvailable/Facing", ["package":PACKAGENAME]), 0): Tapped on element 'Object Repository/ShopOpen/ChillerUtilization/ChillerAvailable/Facing'

2019-04-08 17:56:30 - [MESSAGE][WARNING] - Timeout '0' is invalid. Using default page load timeout: '6'

2019-04-08 17:56:30 - [MESSAGE][PASSED] - Tapped on element 'Object Repository/ShopOpen/ChillerUtilization/ChillerAvailable/Facing'

2019-04-08 17:56:30 - [TEST_STEP][PASSED] - verifyElementText(findTestObject("ShopOpen/ChillerUtilization/ChillerAvailable/Validate_FacingScreen", ["package":PACKAGENAME]), "Facing"): Actual text and expected text of test object 'Object Repository/ShopOpen/ChillerUtilization/ChillerAvailable/Validate_FacingScreen' are matched.

2019-04-08 17:56:32 - [MESSAGE][PASSED] - Actual text and expected text of test object 'Object Repository/ShopOpen/ChillerUtilization/ChillerAvailable/Validate_FacingScreen' are matched.

2019-04-08 17:56:32 - [TEST_STEP][PASSED] - com.ct.qa.keywords.ChillerProductsDataKeywords.visitChillerAvailableProductsData(CHILLER_FACING, "Facing"): com.ct.qa.keywords.ChillerProductsDataKeywords.visitChillerAvailableProductsData is PASSED

2019-04-08 17:56:36 - [MESSAGE][PASSED] - Keyboard is hidden

2019-04-08 17:56:39 - [MESSAGE][PASSED] - Keyboard is hidden

2019-04-08 17:56:42 - [MESSAGE][PASSED] - Keyboard is hidden

2019-04-08 17:56:45 - [MESSAGE][PASSED] - Keyboard is hidden

2019-04-08 17:56:48 - [MESSAGE][PASSED] - Keyboard is hidden

2019-04-08 17:56:51 - [MESSAGE][PASSED] - Keyboard is hidden

2019-04-08 17:56:53 - [MESSAGE][PASSED] - Swiped from 25,359 to 25,250

2019-04-08 17:56:55 - [MESSAGE][PASSED] - com.ct.qa.keywords.ChillerProductsDataKeywords.visitChillerAvailableProductsData is PASSED

2019-04-08 17:56:55 - [TEST_STEP][PASSED] - tap(findTestObject("ShopOpen/ChillerUtilization/ChillerAvailable/SubmitButton", ["package":PACKAGENAME]), 0): Tapped on element 'Object Repository/ShopOpen/ChillerUtilization/ChillerAvailable/SubmitButton'

2019-04-08 17:56:55 - [MESSAGE][WARNING] - Timeout '0' is invalid. Using default page load timeout: '6'

2019-04-08 17:56:55 - [MESSAGE][PASSED] - Tapped on element 'Object Repository/ShopOpen/ChillerUtilization/ChillerAvailable/SubmitButton'

2019-04-08 17:56:55 - [TEST_STEP][PASSED] - verifyElementText(findTestObject("ShopOpen/ChillerUtilization/ChillerAvailable/Validate_ProductCategoryAssetScreen", ["package":PACKAGENAME]), "Facing"): Actual text and expected text of test object 'Object Repository/ShopOpen/ChillerUtilization/ChillerAvailable/Validate_ProductCategoryAssetScreen' are matched.

2019-04-08 17:56:56 - [MESSAGE][PASSED] - Actual text and expected text of test object 'Object Repository/ShopOpen/ChillerUtilization/ChillerAvailable/Validate_ProductCategoryAssetScreen' are matched.

2019-04-08 17:56:56 - [TEST_STEP][PASSED] - tap(findTestObject("ShopOpen/ChillerUtilization/ChillerAvailable/Depth", ["package":PACKAGENAME]), 0): Tapped on element 'Object Repository/ShopOpen/ChillerUtilization/ChillerAvailable/Depth'

2019-04-08 17:56:56 - [MESSAGE][WARNING] - Timeout '0' is invalid. Using default page load timeout: '6'

2019-04-08 17:56:56 - [MESSAGE][PASSED] - Tapped on element 'Object Repository/ShopOpen/ChillerUtilization/ChillerAvailable/Depth'

2019-04-08 17:56:56 - [TEST_STEP][PASSED] - verifyElementText(findTestObject("ShopOpen/ChillerUtilization/ChillerAvailable/Validate_DepthScreen", ["package":PACKAGENAME]), "Depth"): Actual text and expected text of test object 'Object Repository/ShopOpen/ChillerUtilization/ChillerAvailable/Validate_DepthScreen' are matched.

2019-04-08 17:56:58 - [MESSAGE][PASSED] - Actual text and expected text of test object 'Object Repository/ShopOpen/ChillerUtilization/ChillerAvailable/Validate_DepthScreen' are matched.

2019-04-08 17:56:58 - [TEST_STEP][PASSED] - com.ct.qa.keywords.ChillerProductsDataKeywords.visitChillerAvailableProductsData(CHILLER_DEPTH, "Depth"): com.ct.qa.keywords.ChillerProductsDataKeywords.visitChillerAvailableProductsData is PASSED

2019-04-08 17:57:02 - [MESSAGE][PASSED] - Keyboard is hidden

2019-04-08 17:57:05 - [MESSAGE][PASSED] - Keyboard is hidden

2019-04-08 17:57:08 - [MESSAGE][PASSED] - Keyboard is hidden

2019-04-08 17:57:11 - [MESSAGE][PASSED] - Keyboard is hidden

2019-04-08 17:57:14 - [MESSAGE][PASSED] - Keyboard is hidden

2019-04-08 17:57:17 - [MESSAGE][PASSED] - Keyboard is hidden

2019-04-08 17:57:19 - [MESSAGE][PASSED] - Swiped from 25,359 to 25,250

2019-04-08 17:57:21 - [MESSAGE][PASSED] - com.ct.qa.keywords.ChillerProductsDataKeywords.visitChillerAvailableProductsData is PASSED

2019-04-08 17:57:21 - [TEST_STEP][PASSED] - tap(findTestObject("ShopOpen/ChillerUtilization/ChillerAvailable/SubmitButton", ["package":PACKAGENAME]), 0): Tapped on element 'Object Repository/ShopOpen/ChillerUtilization/ChillerAvailable/SubmitButton'

2019-04-08 17:57:21 - [MESSAGE][WARNING] - Timeout '0' is invalid. Using default page load timeout: '6'

2019-04-08 17:57:22 - [MESSAGE][PASSED] - Tapped on element 'Object Repository/ShopOpen/ChillerUtilization/ChillerAvailable/SubmitButton'

2019-04-08 17:57:22 - [TEST_STEP][PASSED] - verifyElementText(findTestObject("ShopOpen/ChillerUtilization/ChillerAvailable/Validate_ProductCategoryAssetScreen", ["package":PACKAGENAME]), "Facing"): Actual text and expected text of test object 'Object Repository/ShopOpen/ChillerUtilization/ChillerAvailable/Validate_ProductCategoryAssetScreen' are matched.

2019-04-08 17:57:23 - [MESSAGE][PASSED] - Actual text and expected text of test object 'Object Repository/ShopOpen/ChillerUtilization/ChillerAvailable/Validate_ProductCategoryAssetScreen' are matched.

2019-04-08 17:57:23 - [TEST_STEP][PASSED] - tap(findTestObject("ShopOpen/ChillerUtilization/ChillerAvailable/StockCount", ["package":PACKAGENAME]), 0): Tapped on element 'Object Repository/ShopOpen/ChillerUtilization/ChillerAvailable/StockCount'

2019-04-08 17:57:23 - [MESSAGE][WARNING] - Timeout '0' is invalid. Using default page load timeout: '6'

2019-04-08 17:57:24 - [MESSAGE][PASSED] - Tapped on element 'Object Repository/ShopOpen/ChillerUtilization/ChillerAvailable/StockCount'

2019-04-08 17:57:24 - [TEST_STEP][PASSED] - verifyElementText(findTestObject("ShopOpen/ChillerUtilization/ChillerAvailable/Validate_StockCountScreen", ["package":PACKAGENAME]), "Stock Count"): Actual text and expected text of test object 'Object Repository/ShopOpen/ChillerUtilization/ChillerAvailable/Validate_StockCountScreen' are matched.

2019-04-08 17:57:26 - [MESSAGE][PASSED] - Actual text and expected text of test object 'Object Repository/ShopOpen/ChillerUtilization/ChillerAvailable/Validate_StockCountScreen' are matched.

2019-04-08 17:57:26 - [TEST_STEP][PASSED] - com.ct.qa.keywords.ChillerProductsDataKeywords.visitChillerAvailableProductsData(CHILLER_STOCKCOUNT, "Stock Count"): com.ct.qa.keywords.ChillerProductsDataKeywords.visitChillerAvailableProductsData is PASSED

2019-04-08 17:57:30 - [MESSAGE][PASSED] - Keyboard is hidden

2019-04-08 17:57:33 - [MESSAGE][PASSED] - Keyboard is hidden

2019-04-08 17:57:36 - [MESSAGE][PASSED] - Keyboard is hidden

2019-04-08 17:57:39 - [MESSAGE][PASSED] - Keyboard is hidden

2019-04-08 17:57:42 - [MESSAGE][PASSED] - Keyboard is hidden

2019-04-08 17:57:45 - [MESSAGE][PASSED] - Keyboard is hidden

2019-04-08 17:57:47 - [MESSAGE][PASSED] - Swiped from 25,359 to 25,250

2019-04-08 17:57:49 - [MESSAGE][PASSED] - com.ct.qa.keywords.ChillerProductsDataKeywords.visitChillerAvailableProductsData is PASSED

2019-04-08 17:57:49 - [TEST_STEP][PASSED] - tap(findTestObject("ShopOpen/ChillerUtilization/ChillerAvailable/SubmitButton", ["package":PACKAGENAME]), 0): Tapped on element 'Object Repository/ShopOpen/ChillerUtilization/ChillerAvailable/SubmitButton'

2019-04-08 17:57:49 - [MESSAGE][WARNING] - Timeout '0' is invalid. Using default page load timeout: '6'

2019-04-08 17:57:49 - [MESSAGE][PASSED] - Tapped on element 'Object Repository/ShopOpen/ChillerUtilization/ChillerAvailable/SubmitButton'

2019-04-08 17:57:49 - [TEST_STEP][PASSED] - verifyElementText(findTestObject("ShopOpen/ChillerUtilization/ChillerAvailable/Validate_ProductCategoryAssetScreen", ["package":PACKAGENAME]), "Facing"): Actual text and expected text of test object 'Object Repository/ShopOpen/ChillerUtilization/ChillerAvailable/Validate_ProductCategoryAssetScreen' are matched.

2019-04-08 17:57:50 - [MESSAGE][PASSED] - Actual text and expected text of test object 'Object Repository/ShopOpen/ChillerUtilization/ChillerAvailable/Validate_ProductCategoryAssetScreen' are matched.

2019-04-08 17:57:50 - [TEST_STEP][PASSED] - tap(findTestObject("ShopOpen/ChillerUtilization/ChillerAvailable/PorductCategoryActions_BackButton", ["package":PACKAGENAME]), 0): Tapped on element 'Object Repository/ShopOpen/ChillerUtilization/ChillerAvailable/PorductCategoryActions_BackButton'

2019-04-08 17:57:50 - [MESSAGE][WARNING] - Timeout '0' is invalid. Using default page load timeout: '6'

2019-04-08 17:57:51 - [MESSAGE][PASSED] - Tapped on element 'Object Repository/ShopOpen/ChillerUtilization/ChillerAvailable/PorductCategoryActions_BackButton'

2019-04-08 17:57:51 - [TEST_STEP][PASSED] - verifyElementText(findTestObject("ShopOpen/ChillerUtilization/ChillerAvailable/Validate_ChillerProductsCategoriesScreen", ["package":PACKAGENAME]), "Category:Chiller Utilization"): Actual text and expected text of test object 'Object Repository/ShopOpen/ChillerUtilization/ChillerAvailable/Validate_ChillerProductsCategoriesScreen' are matched.

2019-04-08 17:57:52 - [MESSAGE][PASSED] - Actual text and expected text of test object 'Object Repository/ShopOpen/ChillerUtilization/ChillerAvailable/Validate_ChillerProductsCategoriesScreen' are matched.

2019-04-08 17:57:52 - [MESSAGE][PASSED] - Call Test Case 'Test Cases/ShopOpen/ChillerUtilization/ChillerAvailable/VisitProductCategoryAssets' successfully

2019-04-08 17:57:52 - [TEST_CASE][PASSED] - Test Cases/ShopOpen/ChillerUtilization/ChillerAvailable/VisitProductCategoryAssets: Test Cases/ShopOpen/ChillerUtilization/ChillerAvailable/VisitProductCategoryAssets

2019-04-08 17:57:52 - [TEST_STEP][PASSED] - verifyElementText(findTestObject("ShopOpen/ChillerUtilization/ChillerAvailable/Validate_ProductCategoryAssetScreen", ["package":PACKAGENAME]), "Facing"): Actual text and expected text of test object 'Object Repository/ShopOpen/ChillerUtilization/ChillerAvailable/Validate_ProductCategoryAssetScreen' are matched.

2019-04-08 17:57:54 - [MESSAGE][PASSED] - Actual text and expected text of test object 'Object Repository/ShopOpen/ChillerUtilization/ChillerAvailable/Validate_ProductCategoryAssetScreen' are matched.

2019-04-08 17:57:54 - [TEST_STEP][PASSED] - tap(findTestObject("ShopOpen/ChillerUtilization/ChillerAvailable/Facing", ["package":PACKAGENAME]), 0): Tapped on element 'Object Repository/ShopOpen/ChillerUtilization/ChillerAvailable/Facing'

2019-04-08 17:57:54 - [MESSAGE][WARNING] - Timeout '0' is invalid. Using default page load timeout: '6'

2019-04-08 17:57:54 - [MESSAGE][PASSED] - Tapped on element 'Object Repository/ShopOpen/ChillerUtilization/ChillerAvailable/Facing'

2019-04-08 17:57:54 - [TEST_STEP][PASSED] - verifyElementText(findTestObject("ShopOpen/ChillerUtilization/ChillerAvailable/Validate_FacingScreen", ["package":PACKAGENAME]), "Facing"): Actual text and expected text of test object 'Object Repository/ShopOpen/ChillerUtilization/ChillerAvailable/Validate_FacingScreen' are matched.

2019-04-08 17:57:57 - [MESSAGE][PASSED] - Actual text and expected text of test object 'Object Repository/ShopOpen/ChillerUtilization/ChillerAvailable/Validate_FacingScreen' are matched.

2019-04-08 17:57:57 - [TEST_STEP][PASSED] - com.ct.qa.keywords.ChillerProductsDataKeywords.visitChillerAvailableProductsData(CHILLER_FACING, "Facing"): com.ct.qa.keywords.ChillerProductsDataKeywords.visitChillerAvailableProductsData is PASSED

2019-04-08 17:58:01 - [MESSAGE][PASSED] - Keyboard is hidden

2019-04-08 17:58:04 - [MESSAGE][PASSED] - Keyboard is hidden

2019-04-08 17:58:07 - [MESSAGE][PASSED] - Keyboard is hidden

2019-04-08 17:58:10 - [MESSAGE][PASSED] - Keyboard is hidden

2019-04-08 17:58:13 - [MESSAGE][PASSED] - Keyboard is hidden

2019-04-08 17:58:16 - [MESSAGE][PASSED] - Keyboard is hidden

2019-04-08 17:58:18 - [MESSAGE][PASSED] - Swiped from 30,359 to 30,250

2019-04-08 17:58:23 - [MESSAGE][PASSED] - Keyboard is hidden

2019-04-08 17:58:25 - [MESSAGE][PASSED] - Swiped from 30,359 to 30,250

2019-04-08 17:58:30 - [MESSAGE][PASSED] - Keyboard is hidden

2019-04-08 17:58:32 - [MESSAGE][PASSED] - Swiped from 30,359 to 30,250

2019-04-08 17:58:37 - [MESSAGE][PASSED] - Keyboard is hidden

2019-04-08 17:58:39 - [MESSAGE][PASSED] - Swiped from 30,359 to 30,250

2019-04-08 17:58:44 - [MESSAGE][PASSED] - Keyboard is hidden

2019-04-08 17:58:46 - [MESSAGE][PASSED] - Swiped from 30,359 to 30,250

2019-04-08 17:58:48 - [MESSAGE][PASSED] - com.ct.qa.keywords.ChillerProductsDataKeywords.visitChillerAvailableProductsData is PASSED

2019-04-08 17:58:48 - [TEST_STEP][PASSED] - tap(findTestObject("ShopOpen/ChillerUtilization/ChillerAvailable/SubmitButton", ["package":PACKAGENAME]), 0): Tapped on element 'Object Repository/ShopOpen/ChillerUtilization/ChillerAvailable/SubmitButton'

2019-04-08 17:58:48 - [MESSAGE][WARNING] - Timeout '0' is invalid. Using default page load timeout: '6'

2019-04-08 17:58:49 - [MESSAGE][PASSED] - Tapped on element 'Object Repository/ShopOpen/ChillerUtilization/ChillerAvailable/SubmitButton'

2019-04-08 17:58:49 - [TEST_STEP][PASSED] - verifyElementText(findTestObject("ShopOpen/ChillerUtilization/ChillerAvailable/Validate_ProductCategoryAssetScreen", ["package":PACKAGENAME]), "Facing"): Actual text and expected text of test object 'Object Repository/ShopOpen/ChillerUtilization/ChillerAvailable/Validate_ProductCategoryAssetScreen' are matched.

2019-04-08 17:58:50 - [MESSAGE][PASSED] - Actual text and expected text of test object 'Object Repository/ShopOpen/ChillerUtilization/ChillerAvailable/Validate_ProductCategoryAssetScreen' are matched.

2019-04-08 17:58:50 - [TEST_STEP][PASSED] - tap(findTestObject("ShopOpen/ChillerUtilization/ChillerAvailable/Depth", ["package":PACKAGENAME]), 0): Tapped on element 'Object Repository/ShopOpen/ChillerUtilization/ChillerAvailable/Depth'

2019-04-08 17:58:50 - [MESSAGE][WARNING] - Timeout '0' is invalid. Using default page load timeout: '6'

2019-04-08 17:58:50 - [MESSAGE][PASSED] - Tapped on element 'Object Repository/ShopOpen/ChillerUtilization/ChillerAvailable/Depth'

2019-04-08 17:58:50 - [TEST_STEP][PASSED] - verifyElementText(findTestObject("ShopOpen/ChillerUtilization/ChillerAvailable/Validate_DepthScreen", ["package":PACKAGENAME]), "Depth"): Actual text and expected text of test object 'Object Repository/ShopOpen/ChillerUtilization/ChillerAvailable/Validate_DepthScreen' are matched.

2019-04-08 17:58:52 - [MESSAGE][PASSED] - Actual text and expected text of test object 'Object Repository/ShopOpen/ChillerUtilization/ChillerAvailable/Validate_DepthScreen' are matched.

2019-04-08 17:58:52 - [TEST_STEP][PASSED] - com.ct.qa.keywords.ChillerProductsDataKeywords.visitChillerAvailableProductsData(CHILLER_DEPTH, "Depth"): com.ct.qa.keywords.ChillerProductsDataKeywords.visitChillerAvailableProductsData is PASSED

2019-04-08 17:58:56 - [MESSAGE][PASSED] - Keyboard is hidden

2019-04-08 17:58:59 - [MESSAGE][PASSED] - Keyboard is hidden

2019-04-08 17:59:02 - [MESSAGE][PASSED] - Keyboard is hidden

2019-04-08 17:59:05 - [MESSAGE][PASSED] - Keyboard is hidden

2019-04-08 17:59:08 - [MESSAGE][PASSED] - Keyboard is hidden

2019-04-08 17:59:11 - [MESSAGE][PASSED] - Keyboard is hidden

2019-04-08 17:59:13 - [MESSAGE][PASSED] - Swiped from 30,359 to 30,250

2019-04-08 17:59:18 - [MESSAGE][PASSED] - Keyboard is hidden

2019-04-08 17:59:20 - [MESSAGE][PASSED] - Swiped from 30,359 to 30,250

2019-04-08 17:59:25 - [MESSAGE][PASSED] - Keyboard is hidden

2019-04-08 17:59:27 - [MESSAGE][PASSED] - Swiped from 30,359 to 30,250

2019-04-08 17:59:32 - [MESSAGE][PASSED] - Keyboard is hidden

2019-04-08 17:59:34 - [MESSAGE][PASSED] - Swiped from 30,359 to 30,250

2019-04-08 17:59:39 - [MESSAGE][PASSED] - Keyboard is hidden

2019-04-08 17:59:41 - [MESSAGE][PASSED] - Swiped from 30,359 to 30,250

2019-04-08 17:59:43 - [MESSAGE][PASSED] - com.ct.qa.keywords.ChillerProductsDataKeywords.visitChillerAvailableProductsData is PASSED

2019-04-08 17:59:43 - [TEST_STEP][PASSED] - tap(findTestObject("ShopOpen/ChillerUtilization/ChillerAvailable/SubmitButton", ["package":PACKAGENAME]), 0): Tapped on element 'Object Repository/ShopOpen/ChillerUtilization/ChillerAvailable/SubmitButton'

2019-04-08 17:59:43 - [MESSAGE][WARNING] - Timeout '0' is invalid. Using default page load timeout: '6'

2019-04-08 17:59:44 - [MESSAGE][PASSED] - Tapped on element 'Object Repository/ShopOpen/ChillerUtilization/ChillerAvailable/SubmitButton'

2019-04-08 17:59:44 - [TEST_STEP][PASSED] - verifyElementText(findTestObject("ShopOpen/ChillerUtilization/ChillerAvailable/Validate_ProductCategoryAssetScreen", ["package":PACKAGENAME]), "Facing"): Actual text and expected text of test object 'Object Repository/ShopOpen/ChillerUtilization/ChillerAvailable/Validate_ProductCategoryAssetScreen' are matched.

2019-04-08 17:59:45 - [MESSAGE][PASSED] - Actual text and expected text of test object 'Object Repository/ShopOpen/ChillerUtilization/ChillerAvailable/Validate_ProductCategoryAssetScreen' are matched.

2019-04-08 17:59:45 - [TEST_STEP][PASSED] - tap(findTestObject("ShopOpen/ChillerUtilization/ChillerAvailable/StockCount", ["package":PACKAGENAME]), 0): Tapped on element 'Object Repository/ShopOpen/ChillerUtilization/ChillerAvailable/StockCount'

2019-04-08 17:59:45 - [MESSAGE][WARNING] - Timeout '0' is invalid. Using default page load timeout: '6'

2019-04-08 17:59:45 - [MESSAGE][PASSED] - Tapped on element 'Object Repository/ShopOpen/ChillerUtilization/ChillerAvailable/StockCount'

2019-04-08 17:59:45 - [TEST_STEP][PASSED] - verifyElementText(findTestObject("ShopOpen/ChillerUtilization/ChillerAvailable/Validate_StockCountScreen", ["package":PACKAGENAME]), "Stock Count"): Actual text and expected text of test object 'Object Repository/ShopOpen/ChillerUtilization/ChillerAvailable/Validate_StockCountScreen' are matched.

2019-04-08 17:59:48 - [MESSAGE][PASSED] - Actual text and expected text of test object 'Object Repository/ShopOpen/ChillerUtilization/ChillerAvailable/Validate_StockCountScreen' are matched.

2019-04-08 17:59:48 - [TEST_STEP][PASSED] - com.ct.qa.keywords.ChillerProductsDataKeywords.visitChillerAvailableProductsData(CHILLER_STOCKCOUNT, "Stock Count"): com.ct.qa.keywords.ChillerProductsDataKeywords.visitChillerAvailableProductsData is PASSED

2019-04-08 17:59:52 - [MESSAGE][PASSED] - Keyboard is hidden

2019-04-08 17:59:55 - [MESSAGE][PASSED] - Keyboard is hidden

2019-04-08 17:59:58 - [MESSAGE][PASSED] - Keyboard is hidden

2019-04-08 18:00:01 - [MESSAGE][PASSED] - Keyboard is hidden

2019-04-08 18:00:04 - [MESSAGE][PASSED] - Keyboard is hidden

2019-04-08 18:00:07 - [MESSAGE][PASSED] - Keyboard is hidden

2019-04-08 18:00:09 - [MESSAGE][PASSED] - Swiped from 30,359 to 30,250

2019-04-08 18:00:14 - [MESSAGE][PASSED] - Keyboard is hidden

2019-04-08 18:00:16 - [MESSAGE][PASSED] - Swiped from 30,359 to 30,250

2019-04-08 18:00:21 - [MESSAGE][PASSED] - Keyboard is hidden

2019-04-08 18:00:23 - [MESSAGE][PASSED] - Swiped from 30,359 to 30,250

2019-04-08 18:00:27 - [MESSAGE][PASSED] - Keyboard is hidden

2019-04-08 18:00:29 - [MESSAGE][PASSED] - Swiped from 30,359 to 30,250

2019-04-08 18:00:34 - [MESSAGE][PASSED] - Keyboard is hidden

2019-04-08 18:00:36 - [MESSAGE][PASSED] - Swiped from 30,359 to 30,250

2019-04-08 18:00:38 - [MESSAGE][PASSED] - com.ct.qa.keywords.ChillerProductsDataKeywords.visitChillerAvailableProductsData is PASSED

2019-04-08 18:00:38 - [TEST_STEP][PASSED] - tap(findTestObject("ShopOpen/ChillerUtilization/ChillerAvailable/SubmitButton", ["package":PACKAGENAME]), 0): Tapped on element 'Object Repository/ShopOpen/ChillerUtilization/ChillerAvailable/SubmitButton'

2019-04-08 18:00:38 - [MESSAGE][WARNING] - Timeout '0' is invalid. Using default page load timeout: '6'

2019-04-08 18:00:38 - [MESSAGE][PASSED] - Tapped on element 'Object Repository/ShopOpen/ChillerUtilization/ChillerAvailable/SubmitButton'

2019-04-08 18:00:38 - [TEST_STEP][PASSED] - verifyElementText(findTestObject("ShopOpen/ChillerUtilization/ChillerAvailable/Validate_ProductCategoryAssetScreen", ["package":PACKAGENAME]), "Facing"): Actual text and expected text of test object 'Object Repository/ShopOpen/ChillerUtilization/ChillerAvailable/Validate_ProductCategoryAssetScreen' are matched.

2019-04-08 18:00:39 - [MESSAGE][PASSED] - Actual text and expected text of test object 'Object Repository/ShopOpen/ChillerUtilization/ChillerAvailable/Validate_ProductCategoryAssetScreen' are matched.

2019-04-08 18:00:39 - [TEST_STEP][PASSED] - tap(findTestObject("ShopOpen/ChillerUtilization/ChillerAvailable/PorductCategoryActions_BackButton", ["package":PACKAGENAME]), 0): Tapped on element 'Object Repository/ShopOpen/ChillerUtilization/ChillerAvailable/PorductCategoryActions_BackButton'

2019-04-08 18:00:39 - [MESSAGE][WARNING] - Timeout '0' is invalid. Using default page load timeout: '6'

2019-04-08 18:00:39 - [MESSAGE][PASSED] - Tapped on element 'Object Repository/ShopOpen/ChillerUtilization/ChillerAvailable/PorductCategoryActions_BackButton'

2019-04-08 18:00:39 - [TEST_STEP][PASSED] - verifyElementText(findTestObject("ShopOpen/ChillerUtilization/ChillerAvailable/Validate_ChillerProductsCategoriesScreen", ["package":PACKAGENAME]), "Category:Chiller Utilization"): Actual text and expected text of test object 'Object Repository/ShopOpen/ChillerUtilization/ChillerAvailable/Validate_ChillerProductsCategoriesScreen' are matched.

2019-04-08 18:00:40 - [MESSAGE][PASSED] - Actual text and expected text of test object 'Object Repository/ShopOpen/ChillerUtilization/ChillerAvailable/Validate_ChillerProductsCategoriesScreen' are matched.

2019-04-08 18:00:40 - [MESSAGE][PASSED] - Call Test Case 'Test Cases/ShopOpen/ChillerUtilization/ChillerAvailable/VisitProductCategoryAssets' successfully

2019-04-08 18:00:41 - [TEST_CASE][PASSED] - Test Cases/ShopOpen/ChillerUtilization/ChillerAvailable/VisitProductCategoryAssets: Test Cases/ShopOpen/ChillerUtilization/ChillerAvailable/VisitProductCategoryAssets

2019-04-08 18:00:41 - [TEST_STEP][PASSED] - verifyElementText(findTestObject("ShopOpen/ChillerUtilization/ChillerAvailable/Validate_ProductCategoryAssetScreen", ["package":PACKAGENAME]), "Facing"): Actual text and expected text of test object 'Object Repository/ShopOpen/ChillerUtilization/ChillerAvailable/Validate_ProductCategoryAssetScreen' are matched.

2019-04-08 18:00:44 - [MESSAGE][PASSED] - Actual text and expected text of test object 'Object Repository/ShopOpen/ChillerUtilization/ChillerAvailable/Validate_ProductCategoryAssetScreen' are matched.

2019-04-08 18:00:44 - [TEST_STEP][PASSED] - tap(findTestObject("ShopOpen/ChillerUtilization/ChillerAvailable/Facing", ["package":PACKAGENAME]), 0): Tapped on element 'Object Repository/ShopOpen/ChillerUtilization/ChillerAvailable/Facing'

2019-04-08 18:00:44 - [MESSAGE][WARNING] - Timeout '0' is invalid. Using default page load timeout: '6'

2019-04-08 18:00:44 - [MESSAGE][PASSED] - Tapped on element 'Object Repository/ShopOpen/ChillerUtilization/ChillerAvailable/Facing'

2019-04-08 18:00:44 - [TEST_STEP][PASSED] - verifyElementText(findTestObject("ShopOpen/ChillerUtilization/ChillerAvailable/Validate_FacingScreen", ["package":PACKAGENAME]), "Facing"): Actual text and expected text of test object 'Object Repository/ShopOpen/ChillerUtilization/ChillerAvailable/Validate_FacingScreen' are matched.

2019-04-08 18:00:46 - [MESSAGE][PASSED] - Actual text and expected text of test object 'Object Repository/ShopOpen/ChillerUtilization/ChillerAvailable/Validate_FacingScreen' are matched.

2019-04-08 18:00:46 - [TEST_STEP][PASSED] - com.ct.qa.keywords.ChillerProductsDataKeywords.visitChillerAvailableProductsData(CHILLER_FACING, "Facing"): com.ct.qa.keywords.ChillerProductsDataKeywords.visitChillerAvailableProductsData is PASSED

2019-04-08 18:00:49 - [MESSAGE][PASSED] - Keyboard is hidden

2019-04-08 18:00:52 - [MESSAGE][PASSED] - Keyboard is hidden

2019-04-08 18:00:55 - [MESSAGE][PASSED] - Keyboard is hidden

2019-04-08 18:00:57 - [MESSAGE][PASSED] - Swiped from 117,359 to 117,250

2019-04-08 18:00:57 - [MESSAGE][PASSED] - com.ct.qa.keywords.ChillerProductsDataKeywords.visitChillerAvailableProductsData is PASSED

2019-04-08 18:00:57 - [TEST_STEP][PASSED] - tap(findTestObject("ShopOpen/ChillerUtilization/ChillerAvailable/SubmitButton", ["package":PACKAGENAME]), 0): Tapped on element 'Object Repository/ShopOpen/ChillerUtilization/ChillerAvailable/SubmitButton'

2019-04-08 18:00:57 - [MESSAGE][WARNING] - Timeout '0' is invalid. Using default page load timeout: '6'

2019-04-08 18:00:58 - [MESSAGE][PASSED] - Tapped on element 'Object Repository/ShopOpen/ChillerUtilization/ChillerAvailable/SubmitButton'

2019-04-08 18:00:58 - [TEST_STEP][PASSED] - verifyElementText(findTestObject("ShopOpen/ChillerUtilization/ChillerAvailable/Validate_ProductCategoryAssetScreen", ["package":PACKAGENAME]), "Facing"): Actual text and expected text of test object 'Object Repository/ShopOpen/ChillerUtilization/ChillerAvailable/Validate_ProductCategoryAssetScreen' are matched.

2019-04-08 18:00:59 - [MESSAGE][PASSED] - Actual text and expected text of test object 'Object Repository/ShopOpen/ChillerUtilization/ChillerAvailable/Validate_ProductCategoryAssetScreen' are matched.

2019-04-08 18:00:59 - [TEST_STEP][PASSED] - tap(findTestObject("ShopOpen/ChillerUtilization/ChillerAvailable/Depth", ["package":PACKAGENAME]), 0): Tapped on element 'Object Repository/ShopOpen/ChillerUtilization/ChillerAvailable/Depth'

2019-04-08 18:00:59 - [MESSAGE][WARNING] - Timeout '0' is invalid. Using default page load timeout: '6'

2019-04-08 18:00:59 - [MESSAGE][PASSED] - Tapped on element 'Object Repository/ShopOpen/ChillerUtilization/ChillerAvailable/Depth'

2019-04-08 18:00:59 - [TEST_STEP][PASSED] - verifyElementText(findTestObject("ShopOpen/ChillerUtilization/ChillerAvailable/Validate_DepthScreen", ["package":PACKAGENAME]), "Depth"): Actual text and expected text of test object 'Object Repository/ShopOpen/ChillerUtilization/ChillerAvailable/Validate_DepthScreen' are matched.

2019-04-08 18:01:01 - [MESSAGE][PASSED] - Actual text and expected text of test object 'Object Repository/ShopOpen/ChillerUtilization/ChillerAvailable/Validate_DepthScreen' are matched.

2019-04-08 18:01:01 - [TEST_STEP][PASSED] - com.ct.qa.keywords.ChillerProductsDataKeywords.visitChillerAvailableProductsData(CHILLER_DEPTH, "Depth"): com.ct.qa.keywords.ChillerProductsDataKeywords.visitChillerAvailableProductsData is PASSED

2019-04-08 18:01:04 - [MESSAGE][PASSED] - Keyboard is hidden

2019-04-08 18:01:07 - [MESSAGE][PASSED] - Keyboard is hidden

2019-04-08 18:01:10 - [MESSAGE][PASSED] - Keyboard is hidden

2019-04-08 18:01:12 - [MESSAGE][PASSED] - Swiped from 117,359 to 117,250

2019-04-08 18:01:12 - [MESSAGE][PASSED] - com.ct.qa.keywords.ChillerProductsDataKeywords.visitChillerAvailableProductsData is PASSED

2019-04-08 18:01:12 - [TEST_STEP][PASSED] - tap(findTestObject("ShopOpen/ChillerUtilization/ChillerAvailable/SubmitButton", ["package":PACKAGENAME]), 0): Tapped on element 'Object Repository/ShopOpen/ChillerUtilization/ChillerAvailable/SubmitButton'

2019-04-08 18:01:12 - [MESSAGE][WARNING] - Timeout '0' is invalid. Using default page load timeout: '6'

2019-04-08 18:01:13 - [MESSAGE][PASSED] - Tapped on element 'Object Repository/ShopOpen/ChillerUtilization/ChillerAvailable/SubmitButton'

2019-04-08 18:01:13 - [TEST_STEP][PASSED] - verifyElementText(findTestObject("ShopOpen/ChillerUtilization/ChillerAvailable/Validate_ProductCategoryAssetScreen", ["package":PACKAGENAME]), "Facing"): Actual text and expected text of test object 'Object Repository/ShopOpen/ChillerUtilization/ChillerAvailable/Validate_ProductCategoryAssetScreen' are matched.

2019-04-08 18:01:14 - [MESSAGE][PASSED] - Actual text and expected text of test object 'Object Repository/ShopOpen/ChillerUtilization/ChillerAvailable/Validate_ProductCategoryAssetScreen' are matched.

2019-04-08 18:01:14 - [TEST_STEP][PASSED] - tap(findTestObject("ShopOpen/ChillerUtilization/ChillerAvailable/StockCount", ["package":PACKAGENAME]), 0): Tapped on element 'Object Repository/ShopOpen/ChillerUtilization/ChillerAvailable/StockCount'

2019-04-08 18:01:14 - [MESSAGE][WARNING] - Timeout '0' is invalid. Using default page load timeout: '6'

2019-04-08 18:01:14 - [MESSAGE][PASSED] - Tapped on element 'Object Repository/ShopOpen/ChillerUtilization/ChillerAvailable/StockCount'

2019-04-08 18:01:14 - [TEST_STEP][PASSED] - verifyElementText(findTestObject("ShopOpen/ChillerUtilization/ChillerAvailable/Validate_StockCountScreen", ["package":PACKAGENAME]), "Stock Count"): Actual text and expected text of test object 'Object Repository/ShopOpen/ChillerUtilization/ChillerAvailable/Validate_StockCountScreen' are matched.

2019-04-08 18:01:16 - [MESSAGE][PASSED] - Actual text and expected text of test object 'Object Repository/ShopOpen/ChillerUtilization/ChillerAvailable/Validate_StockCountScreen' are matched.

2019-04-08 18:01:16 - [TEST_STEP][PASSED] - com.ct.qa.keywords.ChillerProductsDataKeywords.visitChillerAvailableProductsData(CHILLER_STOCKCOUNT, "Stock Count"): com.ct.qa.keywords.ChillerProductsDataKeywords.visitChillerAvailableProductsData is PASSED

2019-04-08 18:01:19 - [MESSAGE][PASSED] - Keyboard is hidden

2019-04-08 18:01:22 - [MESSAGE][PASSED] - Keyboard is hidden

2019-04-08 18:01:25 - [MESSAGE][PASSED] - Keyboard is hidden

2019-04-08 18:01:27 - [MESSAGE][PASSED] - Swiped from 117,359 to 117,250

2019-04-08 18:01:27 - [MESSAGE][PASSED] - com.ct.qa.keywords.ChillerProductsDataKeywords.visitChillerAvailableProductsData is PASSED

2019-04-08 18:01:27 - [TEST_STEP][PASSED] - tap(findTestObject("ShopOpen/ChillerUtilization/ChillerAvailable/SubmitButton", ["package":PACKAGENAME]), 0): Tapped on element 'Object Repository/ShopOpen/ChillerUtilization/ChillerAvailable/SubmitButton'

2019-04-08 18:01:27 - [MESSAGE][WARNING] - Timeout '0' is invalid. Using default page load timeout: '6'

2019-04-08 18:01:28 - [MESSAGE][PASSED] - Tapped on element 'Object Repository/ShopOpen/ChillerUtilization/ChillerAvailable/SubmitButton'

2019-04-08 18:01:28 - [TEST_STEP][PASSED] - verifyElementText(findTestObject("ShopOpen/ChillerUtilization/ChillerAvailable/Validate_ProductCategoryAssetScreen", ["package":PACKAGENAME]), "Facing"): Actual text and expected text of test object 'Object Repository/ShopOpen/ChillerUtilization/ChillerAvailable/Validate_ProductCategoryAssetScreen' are matched.

2019-04-08 18:01:29 - [MESSAGE][PASSED] - Actual text and expected text of test object 'Object Repository/ShopOpen/ChillerUtilization/ChillerAvailable/Validate_ProductCategoryAssetScreen' are matched.

2019-04-08 18:01:29 - [TEST_STEP][PASSED] - tap(findTestObject("ShopOpen/ChillerUtilization/ChillerAvailable/PorductCategoryActions_BackButton", ["package":PACKAGENAME]), 0): Tapped on element 'Object Repository/ShopOpen/ChillerUtilization/ChillerAvailable/PorductCategoryActions_BackButton'

2019-04-08 18:01:29 - [MESSAGE][WARNING] - Timeout '0' is invalid. Using default page load timeout: '6'

2019-04-08 18:01:29 - [MESSAGE][PASSED] - Tapped on element 'Object Repository/ShopOpen/ChillerUtilization/ChillerAvailable/PorductCategoryActions_BackButton'

2019-04-08 18:01:29 - [TEST_STEP][PASSED] - verifyElementText(findTestObject("ShopOpen/ChillerUtilization/ChillerAvailable/Validate_ChillerProductsCategoriesScreen", ["package":PACKAGENAME]), "Category:Chiller Utilization"): Actual text and expected text of test object 'Object Repository/ShopOpen/ChillerUtilization/ChillerAvailable/Validate_ChillerProductsCategoriesScreen' are matched.

2019-04-08 18:01:30 - [MESSAGE][PASSED] - Actual text and expected text of test object 'Object Repository/ShopOpen/ChillerUtilization/ChillerAvailable/Validate_ChillerProductsCategoriesScreen' are matched.

2019-04-08 18:01:30 - [MESSAGE][PASSED] - Call Test Case 'Test Cases/ShopOpen/ChillerUtilization/ChillerAvailable/VisitProductCategoryAssets' successfully

2019-04-08 18:01:30 - [MESSAGE][PASSED] - com.ct.qa.keywords.ChillerProductsDataKeywords.visitChillerAvailableProductCategories is PASSED

2019-04-08 18:01:30 - [TEST_STEP][PASSED] - com.ct.qa.keywords.CommonKeywords.visitPlanogramImageViewButton(): com.ct.qa.keywords.CommonKeywords.visitPlanogramImageViewButton is PASSED

2019-04-08 18:01:32 - [MESSAGE][WARNING] - Timeout '0' is invalid. Using default page load timeout: '6'

2019-04-08 18:01:39 - [MESSAGE][WARNING] - Object Object Repository/CommonScreenElements/InfoPopUp_OKButton not found
[[ATTACHMENT|F:\\Git Projects\\MMAPlus_Merchandising\\MMAPlus_Merchandising\\Reports\\MMA Plus Merchandiser With Chiller Level Overwrite Scenarios\\20190408_174415\\1554728498420.png]]

2019-04-08 18:01:40 - [MESSAGE][PASSED] - com.ct.qa.keywords.CommonKeywords.visitPlanogramImageViewButton is PASSED

2019-04-08 18:01:40 - [TEST_STEP][PASSED] - verifyElementText(findTestObject("ShopOpen/ChillerUtilization/ChillerAvailable/Validate_ChillerProductsCategoriesScreen", ["package":PACKAGENAME]), "Category:Chiller Utilization"): Actual text and expected text of test object 'Object Repository/ShopOpen/ChillerUtilization/ChillerAvailable/Validate_ChillerProductsCategoriesScreen' are matched.

2019-04-08 18:01:41 - [MESSAGE][PASSED] - Actual text and expected text of test object 'Object Repository/ShopOpen/ChillerUtilization/ChillerAvailable/Validate_ChillerProductsCategoriesScreen' are matched.

2019-04-08 18:01:41 - [TEST_STEP][PASSED] - com.ct.qa.keywords.CommonKeywords.visitPictureImageViewButton(): com.ct.qa.keywords.CommonKeywords.visitPictureImageViewButton is PASSED

2019-04-08 18:01:42 - [MESSAGE][PASSED] - com.ct.qa.keywords.CommonKeywords.visitPictureImageViewButton is PASSED

2019-04-08 18:01:42 - [TEST_STEP][PASSED] - verifyElementText(findTestObject("ShopOpen/ChillerUtilization/ChillerAvailable/Validate_ChillerProductsCategoriesScreen", ["package":PACKAGENAME]), "Category:Chiller Utilization"): Actual text and expected text of test object 'Object Repository/ShopOpen/ChillerUtilization/ChillerAvailable/Validate_ChillerProductsCategoriesScreen' are matched.

2019-04-08 18:01:42 - [MESSAGE][PASSED] - Actual text and expected text of test object 'Object Repository/ShopOpen/ChillerUtilization/ChillerAvailable/Validate_ChillerProductsCategoriesScreen' are matched.

2019-04-08 18:01:42 - [TEST_STEP][PASSED] - com.ct.qa.keywords.CommonKeywords.visitBackImageViewButton(): com.ct.qa.keywords.CommonKeywords.visitBackImageViewButton is PASSED

2019-04-08 18:01:43 - [MESSAGE][PASSED] - com.ct.qa.keywords.CommonKeywords.visitBackImageViewButton is PASSED

2019-04-08 18:01:43 - [TEST_STEP][PASSED] - verifyElementText(findTestObject("ShopOpen/ChillerUtilization/Validate_ChillerUtilizationScreen", ["package":PACKAGENAME]), "Shop Chillers"): Actual text and expected text of test object 'Object Repository/ShopOpen/ChillerUtilization/Validate_ChillerUtilizationScreen' are matched.

2019-04-08 18:01:44 - [MESSAGE][PASSED] - Actual text and expected text of test object 'Object Repository/ShopOpen/ChillerUtilization/Validate_ChillerUtilizationScreen' are matched.

2019-04-08 18:01:44 - [MESSAGE][PASSED] - Call Test Case 'Test Cases/ShopOpen/ChillerUtilization/ChillerAvailable/VisitChillerAvailable' successfully

2019-04-08 18:01:44 - [MESSAGE][PASSED] - com.ct.qa.keywords.ChillerVisitingScenariosKeywords.visitChillersTaggedinChillerUtilizationWithSingleRemark is PASSED

2019-04-08 18:01:44 - [MESSAGE][PASSED] - Call Test Case 'Test Cases/ShopOpen/ChillerUtilization/VisitChillerScenarios_WithChillerLevel/VisitChillerUtilizationWith_ChillerAvailable' successfully

2019-04-08 18:01:45 - [TEST_CASE][PASSED] - Test Cases/ShopOpen/ChillerUtilization/VisitChillerScenarios_WithCategeoryLevel/OverwriteChillerUtilizationWith_ChillerNotAvailable: Test Cases/ShopOpen/ChillerUtilization/VisitChillerScenarios_WithCategeoryLevel/OverwriteChillerUtilizationWith_ChillerNotAvailable

2019-04-08 18:01:45 - [TEST_STEP][PASSED] - verifyElementText(findTestObject("ShopOpen/ChillerUtilization/Validate_ChillerUtilizationScreen", ["package":PACKAGENAME]), "Shop Chillers"): Actual text and expected text of test object 'Object Repository/ShopOpen/ChillerUtilization/Validate_ChillerUtilizationScreen' are matched.

2019-04-08 18:01:45 - [MESSAGE][PASSED] - Actual text and expected text of test object 'Object Repository/ShopOpen/ChillerUtilization/Validate_ChillerUtilizationScreen' are matched.

2019-04-08 18:01:45 - [TEST_STEP][PASSED] - com.ct.qa.keywords.ChillerVisitingScenariosKeywords.overwriteChillersTaggedinChillerUtilizationWithSingleRemark("Chiller not Available"): com.ct.qa.keywords.ChillerVisitingScenariosKeywords.overwriteChillersTaggedinChillerUtilizationWithSingleRemark is PASSED

2019-04-08 18:01:46 - [MESSAGE][WARNING] - Timeout '0' is invalid. Using default page load timeout: '6'

2019-04-08 18:01:49 - [MESSAGE][PASSED] - Tapped on element 'Object Repository/CommonScreenElements/InfoPopUp_YesButton'

2019-04-08 18:01:49 - [MESSAGE][WARNING] - Timeout '0' is invalid. Using default page load timeout: '6'

2019-04-08 18:01:50 - [MESSAGE][PASSED] - Element 'Object Repository/CommonScreenElements/Validate_CameraScreen' is exist

2019-04-08 18:01:50 - [MESSAGE][WARNING] - Timeout '0' is invalid. Using default page load timeout: '6'

2019-04-08 18:01:53 - [MESSAGE][PASSED] - Tapped on element 'Object Repository/CommonScreenElements/Camera_flashButton'

2019-04-08 18:01:53 - [MESSAGE][WARNING] - Timeout '0' is invalid. Using default page load timeout: '6'

2019-04-08 18:01:56 - [MESSAGE][PASSED] - Tapped on element 'Object Repository/CommonScreenElements/Camera_TakePictureButton'

2019-04-08 18:02:01 - [MESSAGE][PASSED] - Delayed 5 second(s)

2019-04-08 18:02:01 - [MESSAGE][WARNING] - Timeout '0' is invalid. Using default page load timeout: '6'

2019-04-08 18:02:02 - [MESSAGE][PASSED] - Tapped on element 'Object Repository/CommonScreenElements/Camera_DoneButton'

2019-04-08 18:02:06 - [TEST_CASE][PASSED] - Test Cases/ShopOpen/ChillerUtilization/ChillerNotAvailable/OverwriteChillerNotAvailable: Test Cases/ShopOpen/ChillerUtilization/ChillerNotAvailable/OverwriteChillerNotAvailable

2019-04-08 18:02:06 - [TEST_STEP][PASSED] - verifyElementText(findTestObject("ShopOpen/ChillerUtilization/ChillerNotAvailable/Validate_ChillerNotAvailableScreen", ["package":PACKAGENAME]), "Category:Chiller Utilization"): Actual text and expected text of test object 'Object Repository/ShopOpen/ChillerUtilization/ChillerNotAvailable/Validate_ChillerNotAvailableScreen' are matched.

2019-04-08 18:02:08 - [MESSAGE][PASSED] - Actual text and expected text of test object 'Object Repository/ShopOpen/ChillerUtilization/ChillerNotAvailable/Validate_ChillerNotAvailableScreen' are matched.

2019-04-08 18:02:08 - [TEST_STEP][PASSED] - com.ct.qa.keywords.ChillerProductsDataKeywords.visitChillerNotAvailableProductCategories(2): com.ct.qa.keywords.ChillerProductsDataKeywords.visitChillerNotAvailableProductCategories is PASSED

2019-04-08 18:02:10 - [TEST_CASE][PASSED] - Test Cases/ShopOpen/ChillerUtilization/ChillerNotAvailable/VisitProductCategoryAssets: Test Cases/ShopOpen/ChillerUtilization/ChillerNotAvailable/VisitProductCategoryAssets

2019-04-08 18:02:10 - [TEST_STEP][PASSED] - verifyElementText(findTestObject("ShopOpen/ChillerUtilization/ChillerNotAvailable/Validate_ProductCategoryAssetScreen", ["package":PACKAGENAME]), "Facing"): Actual text and expected text of test object 'Object Repository/ShopOpen/ChillerUtilization/ChillerNotAvailable/Validate_ProductCategoryAssetScreen' are matched.

2019-04-08 18:02:13 - [MESSAGE][PASSED] - Actual text and expected text of test object 'Object Repository/ShopOpen/ChillerUtilization/ChillerNotAvailable/Validate_ProductCategoryAssetScreen' are matched.

2019-04-08 18:02:13 - [TEST_STEP][PASSED] - tap(findTestObject("ShopOpen/ChillerUtilization/ChillerNotAvailable/Facing", ["package":PACKAGENAME]), 0): Tapped on element 'Object Repository/ShopOpen/ChillerUtilization/ChillerNotAvailable/Facing'

2019-04-08 18:02:13 - [MESSAGE][WARNING] - Timeout '0' is invalid. Using default page load timeout: '6'

2019-04-08 18:02:13 - [MESSAGE][PASSED] - Tapped on element 'Object Repository/ShopOpen/ChillerUtilization/ChillerNotAvailable/Facing'

2019-04-08 18:02:13 - [TEST_STEP][PASSED] - verifyElementText(findTestObject("ShopOpen/ChillerUtilization/ChillerNotAvailable/Validate_FacingScreen", ["package":PACKAGENAME]), "Facing"): Actual text and expected text of test object 'Object Repository/ShopOpen/ChillerUtilization/ChillerNotAvailable/Validate_FacingScreen' are matched.

2019-04-08 18:02:15 - [MESSAGE][PASSED] - Actual text and expected text of test object 'Object Repository/ShopOpen/ChillerUtilization/ChillerNotAvailable/Validate_FacingScreen' are matched.

2019-04-08 18:02:15 - [TEST_STEP][PASSED] - com.ct.qa.keywords.ChillerProductsDataKeywords.VisitChillerNotAvailableProductsData(CHANNEL_CNA_FACING, "Facing"): com.ct.qa.keywords.ChillerProductsDataKeywords.VisitChillerNotAvailableProductsData is PASSED

2019-04-08 18:02:19 - [MESSAGE][PASSED] - Keyboard is hidden

2019-04-08 18:02:22 - [MESSAGE][PASSED] - Keyboard is hidden

2019-04-08 18:02:25 - [MESSAGE][PASSED] - Keyboard is hidden

2019-04-08 18:02:28 - [MESSAGE][PASSED] - Keyboard is hidden

2019-04-08 18:02:31 - [MESSAGE][PASSED] - Keyboard is hidden

2019-04-08 18:02:34 - [MESSAGE][PASSED] - Keyboard is hidden

2019-04-08 18:02:36 - [MESSAGE][PASSED] - Swiped from 30,359 to 30,250

2019-04-08 18:02:38 - [MESSAGE][PASSED] - com.ct.qa.keywords.ChillerProductsDataKeywords.VisitChillerNotAvailableProductsData is PASSED

2019-04-08 18:02:38 - [TEST_STEP][PASSED] - tap(findTestObject("ShopOpen/ChillerUtilization/ChillerNotAvailable/SubmitButton", ["package":PACKAGENAME]), 0): Tapped on element 'Object Repository/ShopOpen/ChillerUtilization/ChillerNotAvailable/SubmitButton'

2019-04-08 18:02:38 - [MESSAGE][WARNING] - Timeout '0' is invalid. Using default page load timeout: '6'

2019-04-08 18:02:39 - [MESSAGE][PASSED] - Tapped on element 'Object Repository/ShopOpen/ChillerUtilization/ChillerNotAvailable/SubmitButton'

2019-04-08 18:02:39 - [TEST_STEP][PASSED] - verifyElementText(findTestObject("ShopOpen/ChillerUtilization/ChillerNotAvailable/Validate_ProductCategoryAssetScreen", ["package":PACKAGENAME]), "Facing"): Actual text and expected text of test object 'Object Repository/ShopOpen/ChillerUtilization/ChillerNotAvailable/Validate_ProductCategoryAssetScreen' are matched.

2019-04-08 18:02:40 - [MESSAGE][PASSED] - Actual text and expected text of test object 'Object Repository/ShopOpen/ChillerUtilization/ChillerNotAvailable/Validate_ProductCategoryAssetScreen' are matched.

2019-04-08 18:02:40 - [TEST_STEP][PASSED] - tap(findTestObject("ShopOpen/ChillerUtilization/ChillerNotAvailable/StockTaking", ["package":PACKAGENAME]), 0): Tapped on element 'Object Repository/ShopOpen/ChillerUtilization/ChillerNotAvailable/StockTaking'

2019-04-08 18:02:40 - [MESSAGE][WARNING] - Timeout '0' is invalid. Using default page load timeout: '6'

2019-04-08 18:02:40 - [MESSAGE][PASSED] - Tapped on element 'Object Repository/ShopOpen/ChillerUtilization/ChillerNotAvailable/StockTaking'

2019-04-08 18:02:40 - [TEST_STEP][PASSED] - verifyElementText(findTestObject("ShopOpen/ChillerUtilization/ChillerNotAvailable/Validate_StockTakingScreen", ["package":PACKAGENAME]), "Stock Taking"): Actual text and expected text of test object 'Object Repository/ShopOpen/ChillerUtilization/ChillerNotAvailable/Validate_StockTakingScreen' are matched.

2019-04-08 18:02:42 - [MESSAGE][PASSED] - Actual text and expected text of test object 'Object Repository/ShopOpen/ChillerUtilization/ChillerNotAvailable/Validate_StockTakingScreen' are matched.

2019-04-08 18:02:42 - [TEST_STEP][PASSED] - com.ct.qa.keywords.ChillerProductsDataKeywords.VisitChillerNotAvailableProductsData(CHANNEL_CNA_STOCKTAKING, "Stock Taking"): com.ct.qa.keywords.ChillerProductsDataKeywords.VisitChillerNotAvailableProductsData is PASSED

2019-04-08 18:02:46 - [MESSAGE][PASSED] - Keyboard is hidden

2019-04-08 18:02:49 - [MESSAGE][PASSED] - Keyboard is hidden

2019-04-08 18:02:52 - [MESSAGE][PASSED] - Keyboard is hidden

2019-04-08 18:02:55 - [MESSAGE][PASSED] - Keyboard is hidden

2019-04-08 18:02:58 - [MESSAGE][PASSED] - Keyboard is hidden

2019-04-08 18:03:01 - [MESSAGE][PASSED] - Keyboard is hidden

2019-04-08 18:03:03 - [MESSAGE][PASSED] - Swiped from 30,359 to 30,250

2019-04-08 18:03:05 - [MESSAGE][PASSED] - com.ct.qa.keywords.ChillerProductsDataKeywords.VisitChillerNotAvailableProductsData is PASSED

2019-04-08 18:03:05 - [TEST_STEP][PASSED] - tap(findTestObject("ShopOpen/ChillerUtilization/ChillerNotAvailable/SubmitButton", ["package":PACKAGENAME]), 0): Tapped on element 'Object Repository/ShopOpen/ChillerUtilization/ChillerNotAvailable/SubmitButton'

2019-04-08 18:03:05 - [MESSAGE][WARNING] - Timeout '0' is invalid. Using default page load timeout: '6'

2019-04-08 18:03:05 - [MESSAGE][PASSED] - Tapped on element 'Object Repository/ShopOpen/ChillerUtilization/ChillerNotAvailable/SubmitButton'

2019-04-08 18:03:05 - [TEST_STEP][PASSED] - verifyElementText(findTestObject("ShopOpen/ChillerUtilization/ChillerNotAvailable/Validate_ProductCategoryAssetScreen", ["package":PACKAGENAME]), "Facing"): Actual text and expected text of test object 'Object Repository/ShopOpen/ChillerUtilization/ChillerNotAvailable/Validate_ProductCategoryAssetScreen' are matched.

2019-04-08 18:03:06 - [MESSAGE][PASSED] - Actual text and expected text of test object 'Object Repository/ShopOpen/ChillerUtilization/ChillerNotAvailable/Validate_ProductCategoryAssetScreen' are matched.

2019-04-08 18:03:06 - [TEST_STEP][PASSED] - tap(findTestObject("ShopOpen/ChillerUtilization/ChillerNotAvailable/ProductCategory_BackButton", ["package":PACKAGENAME]), 0): Tapped on element 'Object Repository/ShopOpen/ChillerUtilization/ChillerNotAvailable/ProductCategory_BackButton'

2019-04-08 18:03:06 - [MESSAGE][WARNING] - Timeout '0' is invalid. Using default page load timeout: '6'

2019-04-08 18:03:06 - [MESSAGE][PASSED] - Tapped on element 'Object Repository/ShopOpen/ChillerUtilization/ChillerNotAvailable/ProductCategory_BackButton'

2019-04-08 18:03:06 - [TEST_STEP][PASSED] - verifyElementText(findTestObject("ShopOpen/ChillerUtilization/ChillerNotAvailable/Validate_ChillerNotAvailableScreen", ["package":PACKAGENAME]), "Category:Chiller Utilization"): Actual text and expected text of test object 'Object Repository/ShopOpen/ChillerUtilization/ChillerNotAvailable/Validate_ChillerNotAvailableScreen' are matched.

2019-04-08 18:03:07 - [MESSAGE][PASSED] - Actual text and expected text of test object 'Object Repository/ShopOpen/ChillerUtilization/ChillerNotAvailable/Validate_ChillerNotAvailableScreen' are matched.

2019-04-08 18:03:07 - [MESSAGE][PASSED] - Call Test Case 'Test Cases/ShopOpen/ChillerUtilization/ChillerNotAvailable/VisitProductCategoryAssets' successfully

2019-04-08 18:03:08 - [TEST_CASE][PASSED] - Test Cases/ShopOpen/ChillerUtilization/ChillerNotAvailable/VisitProductCategoryAssets: Test Cases/ShopOpen/ChillerUtilization/ChillerNotAvailable/VisitProductCategoryAssets

2019-04-08 18:03:08 - [TEST_STEP][PASSED] - verifyElementText(findTestObject("ShopOpen/ChillerUtilization/ChillerNotAvailable/Validate_ProductCategoryAssetScreen", ["package":PACKAGENAME]), "Facing"): Actual text and expected text of test object 'Object Repository/ShopOpen/ChillerUtilization/ChillerNotAvailable/Validate_ProductCategoryAssetScreen' are matched.

2019-04-08 18:03:10 - [MESSAGE][PASSED] - Actual text and expected text of test object 'Object Repository/ShopOpen/ChillerUtilization/ChillerNotAvailable/Validate_ProductCategoryAssetScreen' are matched.

2019-04-08 18:03:10 - [TEST_STEP][PASSED] - tap(findTestObject("ShopOpen/ChillerUtilization/ChillerNotAvailable/Facing", ["package":PACKAGENAME]), 0): Tapped on element 'Object Repository/ShopOpen/ChillerUtilization/ChillerNotAvailable/Facing'

2019-04-08 18:03:10 - [MESSAGE][WARNING] - Timeout '0' is invalid. Using default page load timeout: '6'

2019-04-08 18:03:10 - [MESSAGE][PASSED] - Tapped on element 'Object Repository/ShopOpen/ChillerUtilization/ChillerNotAvailable/Facing'

2019-04-08 18:03:10 - [TEST_STEP][PASSED] - verifyElementText(findTestObject("ShopOpen/ChillerUtilization/ChillerNotAvailable/Validate_FacingScreen", ["package":PACKAGENAME]), "Facing"): Actual text and expected text of test object 'Object Repository/ShopOpen/ChillerUtilization/ChillerNotAvailable/Validate_FacingScreen' are matched.

2019-04-08 18:03:12 - [MESSAGE][PASSED] - Actual text and expected text of test object 'Object Repository/ShopOpen/ChillerUtilization/ChillerNotAvailable/Validate_FacingScreen' are matched.

2019-04-08 18:03:12 - [TEST_STEP][PASSED] - com.ct.qa.keywords.ChillerProductsDataKeywords.VisitChillerNotAvailableProductsData(CHANNEL_CNA_FACING, "Facing"): com.ct.qa.keywords.ChillerProductsDataKeywords.VisitChillerNotAvailableProductsData is PASSED

2019-04-08 18:03:15 - [MESSAGE][PASSED] - Keyboard is hidden

2019-04-08 18:03:16 - [MESSAGE][PASSED] - Swiped from 117,359 to 117,250

2019-04-08 18:03:17 - [MESSAGE][PASSED] - com.ct.qa.keywords.ChillerProductsDataKeywords.VisitChillerNotAvailableProductsData is PASSED

2019-04-08 18:03:17 - [TEST_STEP][PASSED] - tap(findTestObject("ShopOpen/ChillerUtilization/ChillerNotAvailable/SubmitButton", ["package":PACKAGENAME]), 0): Tapped on element 'Object Repository/ShopOpen/ChillerUtilization/ChillerNotAvailable/SubmitButton'

2019-04-08 18:03:17 - [MESSAGE][WARNING] - Timeout '0' is invalid. Using default page load timeout: '6'

2019-04-08 18:03:17 - [MESSAGE][PASSED] - Tapped on element 'Object Repository/ShopOpen/ChillerUtilization/ChillerNotAvailable/SubmitButton'

2019-04-08 18:03:17 - [TEST_STEP][PASSED] - verifyElementText(findTestObject("ShopOpen/ChillerUtilization/ChillerNotAvailable/Validate_ProductCategoryAssetScreen", ["package":PACKAGENAME]), "Facing"): Actual text and expected text of test object 'Object Repository/ShopOpen/ChillerUtilization/ChillerNotAvailable/Validate_ProductCategoryAssetScreen' are matched.

2019-04-08 18:03:18 - [MESSAGE][PASSED] - Actual text and expected text of test object 'Object Repository/ShopOpen/ChillerUtilization/ChillerNotAvailable/Validate_ProductCategoryAssetScreen' are matched.

2019-04-08 18:03:18 - [TEST_STEP][PASSED] - tap(findTestObject("ShopOpen/ChillerUtilization/ChillerNotAvailable/StockTaking", ["package":PACKAGENAME]), 0): Tapped on element 'Object Repository/ShopOpen/ChillerUtilization/ChillerNotAvailable/StockTaking'

2019-04-08 18:03:18 - [MESSAGE][WARNING] - Timeout '0' is invalid. Using default page load timeout: '6'

2019-04-08 18:03:19 - [MESSAGE][PASSED] - Tapped on element 'Object Repository/ShopOpen/ChillerUtilization/ChillerNotAvailable/StockTaking'

2019-04-08 18:03:19 - [TEST_STEP][PASSED] - verifyElementText(findTestObject("ShopOpen/ChillerUtilization/ChillerNotAvailable/Validate_StockTakingScreen", ["package":PACKAGENAME]), "Stock Taking"): Actual text and expected text of test object 'Object Repository/ShopOpen/ChillerUtilization/ChillerNotAvailable/Validate_StockTakingScreen' are matched.

2019-04-08 18:03:21 - [MESSAGE][PASSED] - Actual text and expected text of test object 'Object Repository/ShopOpen/ChillerUtilization/ChillerNotAvailable/Validate_StockTakingScreen' are matched.

2019-04-08 18:03:21 - [TEST_STEP][PASSED] - com.ct.qa.keywords.ChillerProductsDataKeywords.VisitChillerNotAvailableProductsData(CHANNEL_CNA_STOCKTAKING, "Stock Taking"): com.ct.qa.keywords.ChillerProductsDataKeywords.VisitChillerNotAvailableProductsData is PASSED

2019-04-08 18:03:24 - [MESSAGE][PASSED] - Keyboard is hidden

2019-04-08 18:03:25 - [MESSAGE][PASSED] - Swiped from 117,359 to 117,250

2019-04-08 18:03:26 - [MESSAGE][PASSED] - com.ct.qa.keywords.ChillerProductsDataKeywords.VisitChillerNotAvailableProductsData is PASSED

2019-04-08 18:03:26 - [TEST_STEP][PASSED] - tap(findTestObject("ShopOpen/ChillerUtilization/ChillerNotAvailable/SubmitButton", ["package":PACKAGENAME]), 0): Tapped on element 'Object Repository/ShopOpen/ChillerUtilization/ChillerNotAvailable/SubmitButton'

2019-04-08 18:03:26 - [MESSAGE][WARNING] - Timeout '0' is invalid. Using default page load timeout: '6'

2019-04-08 18:03:26 - [MESSAGE][PASSED] - Tapped on element 'Object Repository/ShopOpen/ChillerUtilization/ChillerNotAvailable/SubmitButton'

2019-04-08 18:03:26 - [TEST_STEP][PASSED] - verifyElementText(findTestObject("ShopOpen/ChillerUtilization/ChillerNotAvailable/Validate_ProductCategoryAssetScreen", ["package":PACKAGENAME]), "Facing"): Actual text and expected text of test object 'Object Repository/ShopOpen/ChillerUtilization/ChillerNotAvailable/Validate_ProductCategoryAssetScreen' are matched.

2019-04-08 18:03:27 - [MESSAGE][PASSED] - Actual text and expected text of test object 'Object Repository/ShopOpen/ChillerUtilization/ChillerNotAvailable/Validate_ProductCategoryAssetScreen' are matched.

2019-04-08 18:03:27 - [TEST_STEP][PASSED] - tap(findTestObject("ShopOpen/ChillerUtilization/ChillerNotAvailable/ProductCategory_BackButton", ["package":PACKAGENAME]), 0): Tapped on element 'Object Repository/ShopOpen/ChillerUtilization/ChillerNotAvailable/ProductCategory_BackButton'

2019-04-08 18:03:27 - [MESSAGE][WARNING] - Timeout '0' is invalid. Using default page load timeout: '6'

2019-04-08 18:03:28 - [MESSAGE][PASSED] - Tapped on element 'Object Repository/ShopOpen/ChillerUtilization/ChillerNotAvailable/ProductCategory_BackButton'

2019-04-08 18:03:28 - [TEST_STEP][PASSED] - verifyElementText(findTestObject("ShopOpen/ChillerUtilization/ChillerNotAvailable/Validate_ChillerNotAvailableScreen", ["package":PACKAGENAME]), "Category:Chiller Utilization"): Actual text and expected text of test object 'Object Repository/ShopOpen/ChillerUtilization/ChillerNotAvailable/Validate_ChillerNotAvailableScreen' are matched.

2019-04-08 18:03:29 - [MESSAGE][PASSED] - Actual text and expected text of test object 'Object Repository/ShopOpen/ChillerUtilization/ChillerNotAvailable/Validate_ChillerNotAvailableScreen' are matched.

2019-04-08 18:03:29 - [MESSAGE][PASSED] - Call Test Case 'Test Cases/ShopOpen/ChillerUtilization/ChillerNotAvailable/VisitProductCategoryAssets' successfully

2019-04-08 18:03:29 - [TEST_CASE][PASSED] - Test Cases/ShopOpen/ChillerUtilization/ChillerNotAvailable/VisitProductCategoryAssets: Test Cases/ShopOpen/ChillerUtilization/ChillerNotAvailable/VisitProductCategoryAssets

2019-04-08 18:03:29 - [TEST_STEP][PASSED] - verifyElementText(findTestObject("ShopOpen/ChillerUtilization/ChillerNotAvailable/Validate_ProductCategoryAssetScreen", ["package":PACKAGENAME]), "Facing"): Actual text and expected text of test object 'Object Repository/ShopOpen/ChillerUtilization/ChillerNotAvailable/Validate_ProductCategoryAssetScreen' are matched.

2019-04-08 18:03:31 - [MESSAGE][PASSED] - Actual text and expected text of test object 'Object Repository/ShopOpen/ChillerUtilization/ChillerNotAvailable/Validate_ProductCategoryAssetScreen' are matched.

2019-04-08 18:03:31 - [TEST_STEP][PASSED] - tap(findTestObject("ShopOpen/ChillerUtilization/ChillerNotAvailable/Facing", ["package":PACKAGENAME]), 0): Tapped on element 'Object Repository/ShopOpen/ChillerUtilization/ChillerNotAvailable/Facing'

2019-04-08 18:03:31 - [MESSAGE][WARNING] - Timeout '0' is invalid. Using default page load timeout: '6'

2019-04-08 18:03:31 - [MESSAGE][PASSED] - Tapped on element 'Object Repository/ShopOpen/ChillerUtilization/ChillerNotAvailable/Facing'

2019-04-08 18:03:31 - [TEST_STEP][PASSED] - verifyElementText(findTestObject("ShopOpen/ChillerUtilization/ChillerNotAvailable/Validate_FacingScreen", ["package":PACKAGENAME]), "Facing"): Actual text and expected text of test object 'Object Repository/ShopOpen/ChillerUtilization/ChillerNotAvailable/Validate_FacingScreen' are matched.

2019-04-08 18:03:33 - [MESSAGE][PASSED] - Actual text and expected text of test object 'Object Repository/ShopOpen/ChillerUtilization/ChillerNotAvailable/Validate_FacingScreen' are matched.

2019-04-08 18:03:33 - [TEST_STEP][PASSED] - com.ct.qa.keywords.ChillerProductsDataKeywords.VisitChillerNotAvailableProductsData(CHANNEL_CNA_FACING, "Facing"): com.ct.qa.keywords.ChillerProductsDataKeywords.VisitChillerNotAvailableProductsData is PASSED

2019-04-08 18:03:37 - [MESSAGE][PASSED] - Keyboard is hidden

2019-04-08 18:03:40 - [MESSAGE][PASSED] - Keyboard is hidden

2019-04-08 18:03:43 - [MESSAGE][PASSED] - Keyboard is hidden

2019-04-08 18:03:46 - [MESSAGE][PASSED] - Keyboard is hidden

2019-04-08 18:03:49 - [MESSAGE][PASSED] - Keyboard is hidden

2019-04-08 18:03:52 - [MESSAGE][PASSED] - Keyboard is hidden

2019-04-08 18:03:54 - [MESSAGE][PASSED] - Swiped from 23,359 to 23,250

2019-04-08 18:03:58 - [MESSAGE][PASSED] - Keyboard is hidden

2019-04-08 18:04:00 - [MESSAGE][PASSED] - Swiped from 23,359 to 23,250

2019-04-08 18:04:02 - [MESSAGE][PASSED] - com.ct.qa.keywords.ChillerProductsDataKeywords.VisitChillerNotAvailableProductsData is PASSED

2019-04-08 18:04:02 - [TEST_STEP][PASSED] - tap(findTestObject("ShopOpen/ChillerUtilization/ChillerNotAvailable/SubmitButton", ["package":PACKAGENAME]), 0): Tapped on element 'Object Repository/ShopOpen/ChillerUtilization/ChillerNotAvailable/SubmitButton'

2019-04-08 18:04:02 - [MESSAGE][WARNING] - Timeout '0' is invalid. Using default page load timeout: '6'

2019-04-08 18:04:03 - [MESSAGE][PASSED] - Tapped on element 'Object Repository/ShopOpen/ChillerUtilization/ChillerNotAvailable/SubmitButton'

2019-04-08 18:04:03 - [TEST_STEP][PASSED] - verifyElementText(findTestObject("ShopOpen/ChillerUtilization/ChillerNotAvailable/Validate_ProductCategoryAssetScreen", ["package":PACKAGENAME]), "Facing"): Actual text and expected text of test object 'Object Repository/ShopOpen/ChillerUtilization/ChillerNotAvailable/Validate_ProductCategoryAssetScreen' are matched.

2019-04-08 18:04:04 - [MESSAGE][PASSED] - Actual text and expected text of test object 'Object Repository/ShopOpen/ChillerUtilization/ChillerNotAvailable/Validate_ProductCategoryAssetScreen' are matched.

2019-04-08 18:04:04 - [TEST_STEP][PASSED] - tap(findTestObject("ShopOpen/ChillerUtilization/ChillerNotAvailable/StockTaking", ["package":PACKAGENAME]), 0): Tapped on element 'Object Repository/ShopOpen/ChillerUtilization/ChillerNotAvailable/StockTaking'

2019-04-08 18:04:04 - [MESSAGE][WARNING] - Timeout '0' is invalid. Using default page load timeout: '6'

2019-04-08 18:04:04 - [MESSAGE][PASSED] - Tapped on element 'Object Repository/ShopOpen/ChillerUtilization/ChillerNotAvailable/StockTaking'

2019-04-08 18:04:04 - [TEST_STEP][PASSED] - verifyElementText(findTestObject("ShopOpen/ChillerUtilization/ChillerNotAvailable/Validate_StockTakingScreen", ["package":PACKAGENAME]), "Stock Taking"): Actual text and expected text of test object 'Object Repository/ShopOpen/ChillerUtilization/ChillerNotAvailable/Validate_StockTakingScreen' are matched.

2019-04-08 18:04:06 - [MESSAGE][PASSED] - Actual text and expected text of test object 'Object Repository/ShopOpen/ChillerUtilization/ChillerNotAvailable/Validate_StockTakingScreen' are matched.

2019-04-08 18:04:06 - [TEST_STEP][PASSED] - com.ct.qa.keywords.ChillerProductsDataKeywords.VisitChillerNotAvailableProductsData(CHANNEL_CNA_STOCKTAKING, "Stock Taking"): com.ct.qa.keywords.ChillerProductsDataKeywords.VisitChillerNotAvailableProductsData is PASSED

2019-04-08 18:04:10 - [MESSAGE][PASSED] - Keyboard is hidden

2019-04-08 18:04:13 - [MESSAGE][PASSED] - Keyboard is hidden

2019-04-08 18:04:16 - [MESSAGE][PASSED] - Keyboard is hidden

2019-04-08 18:04:19 - [MESSAGE][PASSED] - Keyboard is hidden

2019-04-08 18:04:22 - [MESSAGE][PASSED] - Keyboard is hidden

2019-04-08 18:04:25 - [MESSAGE][PASSED] - Keyboard is hidden

2019-04-08 18:04:27 - [MESSAGE][PASSED] - Swiped from 23,359 to 23,250

2019-04-08 18:04:32 - [MESSAGE][PASSED] - Keyboard is hidden

2019-04-08 18:04:34 - [MESSAGE][PASSED] - Swiped from 23,359 to 23,250

2019-04-08 18:04:36 - [MESSAGE][PASSED] - com.ct.qa.keywords.ChillerProductsDataKeywords.VisitChillerNotAvailableProductsData is PASSED

2019-04-08 18:04:36 - [TEST_STEP][PASSED] - tap(findTestObject("ShopOpen/ChillerUtilization/ChillerNotAvailable/SubmitButton", ["package":PACKAGENAME]), 0): Tapped on element 'Object Repository/ShopOpen/ChillerUtilization/ChillerNotAvailable/SubmitButton'

2019-04-08 18:04:36 - [MESSAGE][WARNING] - Timeout '0' is invalid. Using default page load timeout: '6'

2019-04-08 18:04:37 - [MESSAGE][PASSED] - Tapped on element 'Object Repository/ShopOpen/ChillerUtilization/ChillerNotAvailable/SubmitButton'

2019-04-08 18:04:37 - [TEST_STEP][PASSED] - verifyElementText(findTestObject("ShopOpen/ChillerUtilization/ChillerNotAvailable/Validate_ProductCategoryAssetScreen", ["package":PACKAGENAME]), "Facing"): Actual text and expected text of test object 'Object Repository/ShopOpen/ChillerUtilization/ChillerNotAvailable/Validate_ProductCategoryAssetScreen' are matched.

2019-04-08 18:04:38 - [MESSAGE][PASSED] - Actual text and expected text of test object 'Object Repository/ShopOpen/ChillerUtilization/ChillerNotAvailable/Validate_ProductCategoryAssetScreen' are matched.

2019-04-08 18:04:38 - [TEST_STEP][PASSED] - tap(findTestObject("ShopOpen/ChillerUtilization/ChillerNotAvailable/ProductCategory_BackButton", ["package":PACKAGENAME]), 0): Tapped on element 'Object Repository/ShopOpen/ChillerUtilization/ChillerNotAvailable/ProductCategory_BackButton'

2019-04-08 18:04:38 - [MESSAGE][WARNING] - Timeout '0' is invalid. Using default page load timeout: '6'

2019-04-08 18:04:38 - [MESSAGE][PASSED] - Tapped on element 'Object Repository/ShopOpen/ChillerUtilization/ChillerNotAvailable/ProductCategory_BackButton'

2019-04-08 18:04:38 - [TEST_STEP][PASSED] - verifyElementText(findTestObject("ShopOpen/ChillerUtilization/ChillerNotAvailable/Validate_ChillerNotAvailableScreen", ["package":PACKAGENAME]), "Category:Chiller Utilization"): Actual text and expected text of test object 'Object Repository/ShopOpen/ChillerUtilization/ChillerNotAvailable/Validate_ChillerNotAvailableScreen' are matched.

2019-04-08 18:04:39 - [MESSAGE][PASSED] - Actual text and expected text of test object 'Object Repository/ShopOpen/ChillerUtilization/ChillerNotAvailable/Validate_ChillerNotAvailableScreen' are matched.

2019-04-08 18:04:39 - [MESSAGE][PASSED] - Call Test Case 'Test Cases/ShopOpen/ChillerUtilization/ChillerNotAvailable/VisitProductCategoryAssets' successfully

2019-04-08 18:04:39 - [MESSAGE][PASSED] - com.ct.qa.keywords.ChillerProductsDataKeywords.visitChillerNotAvailableProductCategories is PASSED

2019-04-08 18:04:39 - [TEST_STEP][PASSED] - com.ct.qa.keywords.CommonKeywords.visitPlanogramImageViewButton(): com.ct.qa.keywords.CommonKeywords.visitPlanogramImageViewButton is PASSED

2019-04-08 18:04:41 - [MESSAGE][WARNING] - Timeout '0' is invalid. Using default page load timeout: '6'

2019-04-08 18:04:48 - [MESSAGE][WARNING] - Object Object Repository/CommonScreenElements/InfoPopUp_OKButton not found
[[ATTACHMENT|F:\\Git Projects\\MMAPlus_Merchandising\\MMAPlus_Merchandising\\Reports\\MMA Plus Merchandiser With Chiller Level Overwrite Scenarios\\20190408_174415\\1554728687310.png]]

2019-04-08 18:04:49 - [MESSAGE][PASSED] - com.ct.qa.keywords.CommonKeywords.visitPlanogramImageViewButton is PASSED

2019-04-08 18:04:49 - [TEST_STEP][PASSED] - verifyElementText(findTestObject("ShopOpen/ChillerUtilization/ChillerNotAvailable/Validate_ChillerNotAvailableScreen", ["package":PACKAGENAME]), "Category:Chiller Utilization"): Actual text and expected text of test object 'Object Repository/ShopOpen/ChillerUtilization/ChillerNotAvailable/Validate_ChillerNotAvailableScreen' are matched.

2019-04-08 18:04:50 - [MESSAGE][PASSED] - Actual text and expected text of test object 'Object Repository/ShopOpen/ChillerUtilization/ChillerNotAvailable/Validate_ChillerNotAvailableScreen' are matched.

2019-04-08 18:04:50 - [TEST_STEP][PASSED] - com.ct.qa.keywords.CommonKeywords.visitPictureImageViewButton(): com.ct.qa.keywords.CommonKeywords.visitPictureImageViewButton is PASSED

2019-04-08 18:04:51 - [MESSAGE][WARNING] - Timeout '0' is invalid. Using default page load timeout: '6'

2019-04-08 18:04:53 - [MESSAGE][PASSED] - Element 'Object Repository/CommonScreenElements/Validate_CameraScreen' is exist

2019-04-08 18:04:53 - [MESSAGE][WARNING] - Timeout '0' is invalid. Using default page load timeout: '6'

2019-04-08 18:04:56 - [MESSAGE][PASSED] - Tapped on element 'Object Repository/CommonScreenElements/Camera_flashButton'

2019-04-08 18:04:56 - [MESSAGE][WARNING] - Timeout '0' is invalid. Using default page load timeout: '6'

2019-04-08 18:05:00 - [MESSAGE][PASSED] - Tapped on element 'Object Repository/CommonScreenElements/Camera_TakePictureButton'

2019-04-08 18:05:05 - [MESSAGE][PASSED] - Delayed 5 second(s)

2019-04-08 18:05:05 - [MESSAGE][WARNING] - Timeout '0' is invalid. Using default page load timeout: '6'

2019-04-08 18:05:06 - [MESSAGE][PASSED] - Tapped on element 'Object Repository/CommonScreenElements/Camera_DoneButton'

2019-04-08 18:05:06 - [MESSAGE][PASSED] - com.ct.qa.keywords.CommonKeywords.visitPictureImageViewButton is PASSED

2019-04-08 18:05:06 - [TEST_STEP][PASSED] - verifyElementText(findTestObject("ShopOpen/ChillerUtilization/ChillerNotAvailable/Validate_ChillerNotAvailableScreen", ["package":PACKAGENAME]), "Category:Chiller Utilization"): Actual text and expected text of test object 'Object Repository/ShopOpen/ChillerUtilization/ChillerNotAvailable/Validate_ChillerNotAvailableScreen' are matched.

2019-04-08 18:05:07 - [MESSAGE][PASSED] - Actual text and expected text of test object 'Object Repository/ShopOpen/ChillerUtilization/ChillerNotAvailable/Validate_ChillerNotAvailableScreen' are matched.

2019-04-08 18:05:07 - [TEST_STEP][PASSED] - com.ct.qa.keywords.CommonKeywords.visitBackImageViewButton(): com.ct.qa.keywords.CommonKeywords.visitBackImageViewButton is PASSED

2019-04-08 18:05:08 - [MESSAGE][PASSED] - com.ct.qa.keywords.CommonKeywords.visitBackImageViewButton is PASSED

2019-04-08 18:05:08 - [TEST_STEP][PASSED] - verifyElementText(findTestObject("ShopOpen/ChillerUtilization/Validate_ChillerUtilizationScreen", ["package":PACKAGENAME]), "Shop Chillers"): Actual text and expected text of test object 'Object Repository/ShopOpen/ChillerUtilization/Validate_ChillerUtilizationScreen' are matched.

2019-04-08 18:05:09 - [MESSAGE][PASSED] - Actual text and expected text of test object 'Object Repository/ShopOpen/ChillerUtilization/Validate_ChillerUtilizationScreen' are matched.

2019-04-08 18:05:09 - [MESSAGE][PASSED] - Call Test Case 'Test Cases/ShopOpen/ChillerUtilization/ChillerNotAvailable/OverwriteChillerNotAvailable' successfully

2019-04-08 18:05:09 - [MESSAGE][WARNING] - Timeout '0' is invalid. Using default page load timeout: '6'

2019-04-08 18:05:12 - [MESSAGE][PASSED] - Tapped on element 'Object Repository/CommonScreenElements/InfoPopUp_YesButton'

2019-04-08 18:05:12 - [MESSAGE][WARNING] - Timeout '0' is invalid. Using default page load timeout: '6'

2019-04-08 18:05:13 - [MESSAGE][PASSED] - Element 'Object Repository/CommonScreenElements/Validate_CameraScreen' is exist

2019-04-08 18:05:13 - [MESSAGE][WARNING] - Timeout '0' is invalid. Using default page load timeout: '6'

2019-04-08 18:05:16 - [MESSAGE][PASSED] - Tapped on element 'Object Repository/CommonScreenElements/Camera_flashButton'

2019-04-08 18:05:16 - [MESSAGE][WARNING] - Timeout '0' is invalid. Using default page load timeout: '6'

2019-04-08 18:05:20 - [MESSAGE][PASSED] - Tapped on element 'Object Repository/CommonScreenElements/Camera_TakePictureButton'

2019-04-08 18:05:25 - [MESSAGE][PASSED] - Delayed 5 second(s)

2019-04-08 18:05:25 - [MESSAGE][WARNING] - Timeout '0' is invalid. Using default page load timeout: '6'

2019-04-08 18:05:25 - [MESSAGE][PASSED] - Tapped on element 'Object Repository/CommonScreenElements/Camera_DoneButton'

2019-04-08 18:05:28 - [TEST_CASE][PASSED] - Test Cases/ShopOpen/ChillerUtilization/ChillerNotAvailable/OverwriteChillerNotAvailable: Test Cases/ShopOpen/ChillerUtilization/ChillerNotAvailable/OverwriteChillerNotAvailable

2019-04-08 18:05:28 - [TEST_STEP][PASSED] - verifyElementText(findTestObject("ShopOpen/ChillerUtilization/ChillerNotAvailable/Validate_ChillerNotAvailableScreen", ["package":PACKAGENAME]), "Category:Chiller Utilization"): Actual text and expected text of test object 'Object Repository/ShopOpen/ChillerUtilization/ChillerNotAvailable/Validate_ChillerNotAvailableScreen' are matched.

2019-04-08 18:05:31 - [MESSAGE][PASSED] - Actual text and expected text of test object 'Object Repository/ShopOpen/ChillerUtilization/ChillerNotAvailable/Validate_ChillerNotAvailableScreen' are matched.

2019-04-08 18:05:31 - [TEST_STEP][PASSED] - com.ct.qa.keywords.ChillerProductsDataKeywords.visitChillerNotAvailableProductCategories(2): com.ct.qa.keywords.ChillerProductsDataKeywords.visitChillerNotAvailableProductCategories is PASSED

2019-04-08 18:05:33 - [TEST_CASE][PASSED] - Test Cases/ShopOpen/ChillerUtilization/ChillerNotAvailable/VisitProductCategoryAssets: Test Cases/ShopOpen/ChillerUtilization/ChillerNotAvailable/VisitProductCategoryAssets

2019-04-08 18:05:33 - [TEST_STEP][PASSED] - verifyElementText(findTestObject("ShopOpen/ChillerUtilization/ChillerNotAvailable/Validate_ProductCategoryAssetScreen", ["package":PACKAGENAME]), "Facing"): Actual text and expected text of test object 'Object Repository/ShopOpen/ChillerUtilization/ChillerNotAvailable/Validate_ProductCategoryAssetScreen' are matched.

2019-04-08 18:05:36 - [MESSAGE][PASSED] - Actual text and expected text of test object 'Object Repository/ShopOpen/ChillerUtilization/ChillerNotAvailable/Validate_ProductCategoryAssetScreen' are matched.

2019-04-08 18:05:36 - [TEST_STEP][PASSED] - tap(findTestObject("ShopOpen/ChillerUtilization/ChillerNotAvailable/Facing", ["package":PACKAGENAME]), 0): Tapped on element 'Object Repository/ShopOpen/ChillerUtilization/ChillerNotAvailable/Facing'

2019-04-08 18:05:36 - [MESSAGE][WARNING] - Timeout '0' is invalid. Using default page load timeout: '6'

2019-04-08 18:05:36 - [MESSAGE][PASSED] - Tapped on element 'Object Repository/ShopOpen/ChillerUtilization/ChillerNotAvailable/Facing'

2019-04-08 18:05:36 - [TEST_STEP][PASSED] - verifyElementText(findTestObject("ShopOpen/ChillerUtilization/ChillerNotAvailable/Validate_FacingScreen", ["package":PACKAGENAME]), "Facing"): Actual text and expected text of test object 'Object Repository/ShopOpen/ChillerUtilization/ChillerNotAvailable/Validate_FacingScreen' are matched.

2019-04-08 18:05:38 - [MESSAGE][PASSED] - Actual text and expected text of test object 'Object Repository/ShopOpen/ChillerUtilization/ChillerNotAvailable/Validate_FacingScreen' are matched.

2019-04-08 18:05:38 - [TEST_STEP][PASSED] - com.ct.qa.keywords.ChillerProductsDataKeywords.VisitChillerNotAvailableProductsData(CHANNEL_CNA_FACING, "Facing"): com.ct.qa.keywords.ChillerProductsDataKeywords.VisitChillerNotAvailableProductsData is PASSED

2019-04-08 18:05:42 - [MESSAGE][PASSED] - Keyboard is hidden

2019-04-08 18:05:45 - [MESSAGE][PASSED] - Keyboard is hidden

2019-04-08 18:05:48 - [MESSAGE][PASSED] - Keyboard is hidden

2019-04-08 18:05:51 - [MESSAGE][PASSED] - Keyboard is hidden

2019-04-08 18:05:54 - [MESSAGE][PASSED] - Keyboard is hidden

2019-04-08 18:05:57 - [MESSAGE][PASSED] - Keyboard is hidden

2019-04-08 18:05:59 - [MESSAGE][PASSED] - Swiped from 30,359 to 30,250

2019-04-08 18:06:00 - [MESSAGE][PASSED] - com.ct.qa.keywords.ChillerProductsDataKeywords.VisitChillerNotAvailableProductsData is PASSED

2019-04-08 18:06:00 - [TEST_STEP][PASSED] - tap(findTestObject("ShopOpen/ChillerUtilization/ChillerNotAvailable/SubmitButton", ["package":PACKAGENAME]), 0): Tapped on element 'Object Repository/ShopOpen/ChillerUtilization/ChillerNotAvailable/SubmitButton'

2019-04-08 18:06:00 - [MESSAGE][WARNING] - Timeout '0' is invalid. Using default page load timeout: '6'

2019-04-08 18:06:01 - [MESSAGE][PASSED] - Tapped on element 'Object Repository/ShopOpen/ChillerUtilization/ChillerNotAvailable/SubmitButton'

2019-04-08 18:06:01 - [TEST_STEP][PASSED] - verifyElementText(findTestObject("ShopOpen/ChillerUtilization/ChillerNotAvailable/Validate_ProductCategoryAssetScreen", ["package":PACKAGENAME]), "Facing"): Actual text and expected text of test object 'Object Repository/ShopOpen/ChillerUtilization/ChillerNotAvailable/Validate_ProductCategoryAssetScreen' are matched.

2019-04-08 18:06:02 - [MESSAGE][PASSED] - Actual text and expected text of test object 'Object Repository/ShopOpen/ChillerUtilization/ChillerNotAvailable/Validate_ProductCategoryAssetScreen' are matched.

2019-04-08 18:06:02 - [TEST_STEP][PASSED] - tap(findTestObject("ShopOpen/ChillerUtilization/ChillerNotAvailable/StockTaking", ["package":PACKAGENAME]), 0): Tapped on element 'Object Repository/ShopOpen/ChillerUtilization/ChillerNotAvailable/StockTaking'

2019-04-08 18:06:02 - [MESSAGE][WARNING] - Timeout '0' is invalid. Using default page load timeout: '6'

2019-04-08 18:06:03 - [MESSAGE][PASSED] - Tapped on element 'Object Repository/ShopOpen/ChillerUtilization/ChillerNotAvailable/StockTaking'

2019-04-08 18:06:03 - [TEST_STEP][PASSED] - verifyElementText(findTestObject("ShopOpen/ChillerUtilization/ChillerNotAvailable/Validate_StockTakingScreen", ["package":PACKAGENAME]), "Stock Taking"): Actual text and expected text of test object 'Object Repository/ShopOpen/ChillerUtilization/ChillerNotAvailable/Validate_StockTakingScreen' are matched.

2019-04-08 18:06:06 - [MESSAGE][PASSED] - Actual text and expected text of test object 'Object Repository/ShopOpen/ChillerUtilization/ChillerNotAvailable/Validate_StockTakingScreen' are matched.

2019-04-08 18:06:06 - [TEST_STEP][PASSED] - com.ct.qa.keywords.ChillerProductsDataKeywords.VisitChillerNotAvailableProductsData(CHANNEL_CNA_STOCKTAKING, "Stock Taking"): com.ct.qa.keywords.ChillerProductsDataKeywords.VisitChillerNotAvailableProductsData is PASSED

2019-04-08 18:06:10 - [MESSAGE][PASSED] - Keyboard is hidden

2019-04-08 18:06:13 - [MESSAGE][PASSED] - Keyboard is hidden

2019-04-08 18:06:16 - [MESSAGE][PASSED] - Keyboard is hidden

2019-04-08 18:06:19 - [MESSAGE][PASSED] - Keyboard is hidden

2019-04-08 18:06:22 - [MESSAGE][PASSED] - Keyboard is hidden

2019-04-08 18:06:25 - [MESSAGE][PASSED] - Keyboard is hidden

2019-04-08 18:06:27 - [MESSAGE][PASSED] - Swiped from 30,359 to 30,250

2019-04-08 18:06:29 - [MESSAGE][PASSED] - com.ct.qa.keywords.ChillerProductsDataKeywords.VisitChillerNotAvailableProductsData is PASSED

2019-04-08 18:06:29 - [TEST_STEP][PASSED] - tap(findTestObject("ShopOpen/ChillerUtilization/ChillerNotAvailable/SubmitButton", ["package":PACKAGENAME]), 0): Tapped on element 'Object Repository/ShopOpen/ChillerUtilization/ChillerNotAvailable/SubmitButton'

2019-04-08 18:06:29 - [MESSAGE][WARNING] - Timeout '0' is invalid. Using default page load timeout: '6'

2019-04-08 18:06:29 - [MESSAGE][PASSED] - Tapped on element 'Object Repository/ShopOpen/ChillerUtilization/ChillerNotAvailable/SubmitButton'

2019-04-08 18:06:29 - [TEST_STEP][PASSED] - verifyElementText(findTestObject("ShopOpen/ChillerUtilization/ChillerNotAvailable/Validate_ProductCategoryAssetScreen", ["package":PACKAGENAME]), "Facing"): Actual text and expected text of test object 'Object Repository/ShopOpen/ChillerUtilization/ChillerNotAvailable/Validate_ProductCategoryAssetScreen' are matched.

2019-04-08 18:06:30 - [MESSAGE][PASSED] - Actual text and expected text of test object 'Object Repository/ShopOpen/ChillerUtilization/ChillerNotAvailable/Validate_ProductCategoryAssetScreen' are matched.

2019-04-08 18:06:30 - [TEST_STEP][PASSED] - tap(findTestObject("ShopOpen/ChillerUtilization/ChillerNotAvailable/ProductCategory_BackButton", ["package":PACKAGENAME]), 0): Tapped on element 'Object Repository/ShopOpen/ChillerUtilization/ChillerNotAvailable/ProductCategory_BackButton'

2019-04-08 18:06:30 - [MESSAGE][WARNING] - Timeout '0' is invalid. Using default page load timeout: '6'

2019-04-08 18:06:31 - [MESSAGE][PASSED] - Tapped on element 'Object Repository/ShopOpen/ChillerUtilization/ChillerNotAvailable/ProductCategory_BackButton'

2019-04-08 18:06:31 - [TEST_STEP][PASSED] - verifyElementText(findTestObject("ShopOpen/ChillerUtilization/ChillerNotAvailable/Validate_ChillerNotAvailableScreen", ["package":PACKAGENAME]), "Category:Chiller Utilization"): Actual text and expected text of test object 'Object Repository/ShopOpen/ChillerUtilization/ChillerNotAvailable/Validate_ChillerNotAvailableScreen' are matched.

2019-04-08 18:06:32 - [MESSAGE][PASSED] - Actual text and expected text of test object 'Object Repository/ShopOpen/ChillerUtilization/ChillerNotAvailable/Validate_ChillerNotAvailableScreen' are matched.

2019-04-08 18:06:32 - [MESSAGE][PASSED] - Call Test Case 'Test Cases/ShopOpen/ChillerUtilization/ChillerNotAvailable/VisitProductCategoryAssets' successfully

2019-04-08 18:06:32 - [TEST_CASE][PASSED] - Test Cases/ShopOpen/ChillerUtilization/ChillerNotAvailable/VisitProductCategoryAssets: Test Cases/ShopOpen/ChillerUtilization/ChillerNotAvailable/VisitProductCategoryAssets

2019-04-08 18:06:32 - [TEST_STEP][PASSED] - verifyElementText(findTestObject("ShopOpen/ChillerUtilization/ChillerNotAvailable/Validate_ProductCategoryAssetScreen", ["package":PACKAGENAME]), "Facing"): Actual text and expected text of test object 'Object Repository/ShopOpen/ChillerUtilization/ChillerNotAvailable/Validate_ProductCategoryAssetScreen' are matched.

2019-04-08 18:06:35 - [MESSAGE][PASSED] - Actual text and expected text of test object 'Object Repository/ShopOpen/ChillerUtilization/ChillerNotAvailable/Validate_ProductCategoryAssetScreen' are matched.

2019-04-08 18:06:35 - [TEST_STEP][PASSED] - tap(findTestObject("ShopOpen/ChillerUtilization/ChillerNotAvailable/Facing", ["package":PACKAGENAME]), 0): Tapped on element 'Object Repository/ShopOpen/ChillerUtilization/ChillerNotAvailable/Facing'

2019-04-08 18:06:35 - [MESSAGE][WARNING] - Timeout '0' is invalid. Using default page load timeout: '6'

2019-04-08 18:06:35 - [MESSAGE][PASSED] - Tapped on element 'Object Repository/ShopOpen/ChillerUtilization/ChillerNotAvailable/Facing'

2019-04-08 18:06:35 - [TEST_STEP][PASSED] - verifyElementText(findTestObject("ShopOpen/ChillerUtilization/ChillerNotAvailable/Validate_FacingScreen", ["package":PACKAGENAME]), "Facing"): Actual text and expected text of test object 'Object Repository/ShopOpen/ChillerUtilization/ChillerNotAvailable/Validate_FacingScreen' are matched.

2019-04-08 18:06:37 - [MESSAGE][PASSED] - Actual text and expected text of test object 'Object Repository/ShopOpen/ChillerUtilization/ChillerNotAvailable/Validate_FacingScreen' are matched.

2019-04-08 18:06:37 - [TEST_STEP][PASSED] - com.ct.qa.keywords.ChillerProductsDataKeywords.VisitChillerNotAvailableProductsData(CHANNEL_CNA_FACING, "Facing"): com.ct.qa.keywords.ChillerProductsDataKeywords.VisitChillerNotAvailableProductsData is PASSED

2019-04-08 18:06:40 - [MESSAGE][PASSED] - Keyboard is hidden

2019-04-08 18:06:41 - [MESSAGE][PASSED] - Swiped from 117,359 to 117,250

2019-04-08 18:06:42 - [MESSAGE][PASSED] - com.ct.qa.keywords.ChillerProductsDataKeywords.VisitChillerNotAvailableProductsData is PASSED

2019-04-08 18:06:42 - [TEST_STEP][PASSED] - tap(findTestObject("ShopOpen/ChillerUtilization/ChillerNotAvailable/SubmitButton", ["package":PACKAGENAME]), 0): Tapped on element 'Object Repository/ShopOpen/ChillerUtilization/ChillerNotAvailable/SubmitButton'

2019-04-08 18:06:42 - [MESSAGE][WARNING] - Timeout '0' is invalid. Using default page load timeout: '6'

2019-04-08 18:06:42 - [MESSAGE][PASSED] - Tapped on element 'Object Repository/ShopOpen/ChillerUtilization/ChillerNotAvailable/SubmitButton'

2019-04-08 18:06:42 - [TEST_STEP][PASSED] - verifyElementText(findTestObject("ShopOpen/ChillerUtilization/ChillerNotAvailable/Validate_ProductCategoryAssetScreen", ["package":PACKAGENAME]), "Facing"): Actual text and expected text of test object 'Object Repository/ShopOpen/ChillerUtilization/ChillerNotAvailable/Validate_ProductCategoryAssetScreen' are matched.

2019-04-08 18:06:43 - [MESSAGE][PASSED] - Actual text and expected text of test object 'Object Repository/ShopOpen/ChillerUtilization/ChillerNotAvailable/Validate_ProductCategoryAssetScreen' are matched.

2019-04-08 18:06:43 - [TEST_STEP][PASSED] - tap(findTestObject("ShopOpen/ChillerUtilization/ChillerNotAvailable/StockTaking", ["package":PACKAGENAME]), 0): Tapped on element 'Object Repository/ShopOpen/ChillerUtilization/ChillerNotAvailable/StockTaking'

2019-04-08 18:06:43 - [MESSAGE][WARNING] - Timeout '0' is invalid. Using default page load timeout: '6'

2019-04-08 18:06:43 - [MESSAGE][PASSED] - Tapped on element 'Object Repository/ShopOpen/ChillerUtilization/ChillerNotAvailable/StockTaking'

2019-04-08 18:06:43 - [TEST_STEP][PASSED] - verifyElementText(findTestObject("ShopOpen/ChillerUtilization/ChillerNotAvailable/Validate_StockTakingScreen", ["package":PACKAGENAME]), "Stock Taking"): Actual text and expected text of test object 'Object Repository/ShopOpen/ChillerUtilization/ChillerNotAvailable/Validate_StockTakingScreen' are matched.

2019-04-08 18:06:46 - [MESSAGE][PASSED] - Actual text and expected text of test object 'Object Repository/ShopOpen/ChillerUtilization/ChillerNotAvailable/Validate_StockTakingScreen' are matched.

2019-04-08 18:06:46 - [TEST_STEP][PASSED] - com.ct.qa.keywords.ChillerProductsDataKeywords.VisitChillerNotAvailableProductsData(CHANNEL_CNA_STOCKTAKING, "Stock Taking"): com.ct.qa.keywords.ChillerProductsDataKeywords.VisitChillerNotAvailableProductsData is PASSED

2019-04-08 18:06:49 - [MESSAGE][PASSED] - Keyboard is hidden

2019-04-08 18:06:50 - [MESSAGE][PASSED] - Swiped from 117,359 to 117,250

2019-04-08 18:06:51 - [MESSAGE][PASSED] - com.ct.qa.keywords.ChillerProductsDataKeywords.VisitChillerNotAvailableProductsData is PASSED

2019-04-08 18:06:51 - [TEST_STEP][PASSED] - tap(findTestObject("ShopOpen/ChillerUtilization/ChillerNotAvailable/SubmitButton", ["package":PACKAGENAME]), 0): Tapped on element 'Object Repository/ShopOpen/ChillerUtilization/ChillerNotAvailable/SubmitButton'

2019-04-08 18:06:51 - [MESSAGE][WARNING] - Timeout '0' is invalid. Using default page load timeout: '6'

2019-04-08 18:06:51 - [MESSAGE][PASSED] - Tapped on element 'Object Repository/ShopOpen/ChillerUtilization/ChillerNotAvailable/SubmitButton'

2019-04-08 18:06:51 - [TEST_STEP][PASSED] - verifyElementText(findTestObject("ShopOpen/ChillerUtilization/ChillerNotAvailable/Validate_ProductCategoryAssetScreen", ["package":PACKAGENAME]), "Facing"): Actual text and expected text of test object 'Object Repository/ShopOpen/ChillerUtilization/ChillerNotAvailable/Validate_ProductCategoryAssetScreen' are matched.

2019-04-08 18:06:52 - [MESSAGE][PASSED] - Actual text and expected text of test object 'Object Repository/ShopOpen/ChillerUtilization/ChillerNotAvailable/Validate_ProductCategoryAssetScreen' are matched.

2019-04-08 18:06:52 - [TEST_STEP][PASSED] - tap(findTestObject("ShopOpen/ChillerUtilization/ChillerNotAvailable/ProductCategory_BackButton", ["package":PACKAGENAME]), 0): Tapped on element 'Object Repository/ShopOpen/ChillerUtilization/ChillerNotAvailable/ProductCategory_BackButton'

2019-04-08 18:06:52 - [MESSAGE][WARNING] - Timeout '0' is invalid. Using default page load timeout: '6'

2019-04-08 18:06:53 - [MESSAGE][PASSED] - Tapped on element 'Object Repository/ShopOpen/ChillerUtilization/ChillerNotAvailable/ProductCategory_BackButton'

2019-04-08 18:06:53 - [TEST_STEP][PASSED] - verifyElementText(findTestObject("ShopOpen/ChillerUtilization/ChillerNotAvailable/Validate_ChillerNotAvailableScreen", ["package":PACKAGENAME]), "Category:Chiller Utilization"): Actual text and expected text of test object 'Object Repository/ShopOpen/ChillerUtilization/ChillerNotAvailable/Validate_ChillerNotAvailableScreen' are matched.

2019-04-08 18:06:54 - [MESSAGE][PASSED] - Actual text and expected text of test object 'Object Repository/ShopOpen/ChillerUtilization/ChillerNotAvailable/Validate_ChillerNotAvailableScreen' are matched.

2019-04-08 18:06:54 - [MESSAGE][PASSED] - Call Test Case 'Test Cases/ShopOpen/ChillerUtilization/ChillerNotAvailable/VisitProductCategoryAssets' successfully

2019-04-08 18:06:54 - [TEST_CASE][PASSED] - Test Cases/ShopOpen/ChillerUtilization/ChillerNotAvailable/VisitProductCategoryAssets: Test Cases/ShopOpen/ChillerUtilization/ChillerNotAvailable/VisitProductCategoryAssets

2019-04-08 18:06:54 - [TEST_STEP][PASSED] - verifyElementText(findTestObject("ShopOpen/ChillerUtilization/ChillerNotAvailable/Validate_ProductCategoryAssetScreen", ["package":PACKAGENAME]), "Facing"): Actual text and expected text of test object 'Object Repository/ShopOpen/ChillerUtilization/ChillerNotAvailable/Validate_ProductCategoryAssetScreen' are matched.

2019-04-08 18:06:57 - [MESSAGE][PASSED] - Actual text and expected text of test object 'Object Repository/ShopOpen/ChillerUtilization/ChillerNotAvailable/Validate_ProductCategoryAssetScreen' are matched.

2019-04-08 18:06:57 - [TEST_STEP][PASSED] - tap(findTestObject("ShopOpen/ChillerUtilization/ChillerNotAvailable/Facing", ["package":PACKAGENAME]), 0): Tapped on element 'Object Repository/ShopOpen/ChillerUtilization/ChillerNotAvailable/Facing'

2019-04-08 18:06:57 - [MESSAGE][WARNING] - Timeout '0' is invalid. Using default page load timeout: '6'

2019-04-08 18:06:57 - [MESSAGE][PASSED] - Tapped on element 'Object Repository/ShopOpen/ChillerUtilization/ChillerNotAvailable/Facing'

2019-04-08 18:06:57 - [TEST_STEP][PASSED] - verifyElementText(findTestObject("ShopOpen/ChillerUtilization/ChillerNotAvailable/Validate_FacingScreen", ["package":PACKAGENAME]), "Facing"): Actual text and expected text of test object 'Object Repository/ShopOpen/ChillerUtilization/ChillerNotAvailable/Validate_FacingScreen' are matched.

2019-04-08 18:06:59 - [MESSAGE][PASSED] - Actual text and expected text of test object 'Object Repository/ShopOpen/ChillerUtilization/ChillerNotAvailable/Validate_FacingScreen' are matched.

2019-04-08 18:06:59 - [TEST_STEP][PASSED] - com.ct.qa.keywords.ChillerProductsDataKeywords.VisitChillerNotAvailableProductsData(CHANNEL_CNA_FACING, "Facing"): com.ct.qa.keywords.ChillerProductsDataKeywords.VisitChillerNotAvailableProductsData is PASSED

2019-04-08 18:07:03 - [MESSAGE][PASSED] - Keyboard is hidden

2019-04-08 18:07:06 - [MESSAGE][PASSED] - Keyboard is hidden

2019-04-08 18:07:09 - [MESSAGE][PASSED] - Keyboard is hidden

2019-04-08 18:07:12 - [MESSAGE][PASSED] - Keyboard is hidden

2019-04-08 18:07:15 - [MESSAGE][PASSED] - Keyboard is hidden

2019-04-08 18:07:18 - [MESSAGE][PASSED] - Keyboard is hidden

2019-04-08 18:07:20 - [MESSAGE][PASSED] - Swiped from 23,359 to 23,250

2019-04-08 18:07:25 - [MESSAGE][PASSED] - Keyboard is hidden

2019-04-08 18:07:27 - [MESSAGE][PASSED] - Swiped from 23,359 to 23,250

2019-04-08 18:07:29 - [MESSAGE][PASSED] - com.ct.qa.keywords.ChillerProductsDataKeywords.VisitChillerNotAvailableProductsData is PASSED

2019-04-08 18:07:29 - [TEST_STEP][PASSED] - tap(findTestObject("ShopOpen/ChillerUtilization/ChillerNotAvailable/SubmitButton", ["package":PACKAGENAME]), 0): Tapped on element 'Object Repository/ShopOpen/ChillerUtilization/ChillerNotAvailable/SubmitButton'

2019-04-08 18:07:29 - [MESSAGE][WARNING] - Timeout '0' is invalid. Using default page load timeout: '6'

2019-04-08 18:07:30 - [MESSAGE][PASSED] - Tapped on element 'Object Repository/ShopOpen/ChillerUtilization/ChillerNotAvailable/SubmitButton'

2019-04-08 18:07:30 - [TEST_STEP][PASSED] - verifyElementText(findTestObject("ShopOpen/ChillerUtilization/ChillerNotAvailable/Validate_ProductCategoryAssetScreen", ["package":PACKAGENAME]), "Facing"): Actual text and expected text of test object 'Object Repository/ShopOpen/ChillerUtilization/ChillerNotAvailable/Validate_ProductCategoryAssetScreen' are matched.

2019-04-08 18:07:31 - [MESSAGE][PASSED] - Actual text and expected text of test object 'Object Repository/ShopOpen/ChillerUtilization/ChillerNotAvailable/Validate_ProductCategoryAssetScreen' are matched.

2019-04-08 18:07:31 - [TEST_STEP][PASSED] - tap(findTestObject("ShopOpen/ChillerUtilization/ChillerNotAvailable/StockTaking", ["package":PACKAGENAME]), 0): Tapped on element 'Object Repository/ShopOpen/ChillerUtilization/ChillerNotAvailable/StockTaking'

2019-04-08 18:07:31 - [MESSAGE][WARNING] - Timeout '0' is invalid. Using default page load timeout: '6'

2019-04-08 18:07:31 - [MESSAGE][PASSED] - Tapped on element 'Object Repository/ShopOpen/ChillerUtilization/ChillerNotAvailable/StockTaking'

2019-04-08 18:07:31 - [TEST_STEP][PASSED] - verifyElementText(findTestObject("ShopOpen/ChillerUtilization/ChillerNotAvailable/Validate_StockTakingScreen", ["package":PACKAGENAME]), "Stock Taking"): Actual text and expected text of test object 'Object Repository/ShopOpen/ChillerUtilization/ChillerNotAvailable/Validate_StockTakingScreen' are matched.

2019-04-08 18:07:34 - [MESSAGE][PASSED] - Actual text and expected text of test object 'Object Repository/ShopOpen/ChillerUtilization/ChillerNotAvailable/Validate_StockTakingScreen' are matched.

2019-04-08 18:07:34 - [TEST_STEP][PASSED] - com.ct.qa.keywords.ChillerProductsDataKeywords.VisitChillerNotAvailableProductsData(CHANNEL_CNA_STOCKTAKING, "Stock Taking"): com.ct.qa.keywords.ChillerProductsDataKeywords.VisitChillerNotAvailableProductsData is PASSED

2019-04-08 18:07:38 - [MESSAGE][PASSED] - Keyboard is hidden

2019-04-08 18:07:41 - [MESSAGE][PASSED] - Keyboard is hidden

2019-04-08 18:07:44 - [MESSAGE][PASSED] - Keyboard is hidden

2019-04-08 18:07:47 - [MESSAGE][PASSED] - Keyboard is hidden

2019-04-08 18:07:50 - [MESSAGE][PASSED] - Keyboard is hidden

2019-04-08 18:07:53 - [MESSAGE][PASSED] - Keyboard is hidden

2019-04-08 18:07:55 - [MESSAGE][PASSED] - Swiped from 23,359 to 23,250

2019-04-08 18:08:00 - [MESSAGE][PASSED] - Keyboard is hidden

2019-04-08 18:08:02 - [MESSAGE][PASSED] - Swiped from 23,359 to 23,250

2019-04-08 18:08:04 - [MESSAGE][PASSED] - com.ct.qa.keywords.ChillerProductsDataKeywords.VisitChillerNotAvailableProductsData is PASSED

2019-04-08 18:08:04 - [TEST_STEP][PASSED] - tap(findTestObject("ShopOpen/ChillerUtilization/ChillerNotAvailable/SubmitButton", ["package":PACKAGENAME]), 0): Tapped on element 'Object Repository/ShopOpen/ChillerUtilization/ChillerNotAvailable/SubmitButton'

2019-04-08 18:08:04 - [MESSAGE][WARNING] - Timeout '0' is invalid. Using default page load timeout: '6'

2019-04-08 18:08:05 - [MESSAGE][PASSED] - Tapped on element 'Object Repository/ShopOpen/ChillerUtilization/ChillerNotAvailable/SubmitButton'

2019-04-08 18:08:05 - [TEST_STEP][PASSED] - verifyElementText(findTestObject("ShopOpen/ChillerUtilization/ChillerNotAvailable/Validate_ProductCategoryAssetScreen", ["package":PACKAGENAME]), "Facing"): Actual text and expected text of test object 'Object Repository/ShopOpen/ChillerUtilization/ChillerNotAvailable/Validate_ProductCategoryAssetScreen' are matched.

2019-04-08 18:08:06 - [MESSAGE][PASSED] - Actual text and expected text of test object 'Object Repository/ShopOpen/ChillerUtilization/ChillerNotAvailable/Validate_ProductCategoryAssetScreen' are matched.

2019-04-08 18:08:06 - [TEST_STEP][PASSED] - tap(findTestObject("ShopOpen/ChillerUtilization/ChillerNotAvailable/ProductCategory_BackButton", ["package":PACKAGENAME]), 0): Tapped on element 'Object Repository/ShopOpen/ChillerUtilization/ChillerNotAvailable/ProductCategory_BackButton'

2019-04-08 18:08:06 - [MESSAGE][WARNING] - Timeout '0' is invalid. Using default page load timeout: '6'

2019-04-08 18:08:06 - [MESSAGE][PASSED] - Tapped on element 'Object Repository/ShopOpen/ChillerUtilization/ChillerNotAvailable/ProductCategory_BackButton'

2019-04-08 18:08:06 - [TEST_STEP][PASSED] - verifyElementText(findTestObject("ShopOpen/ChillerUtilization/ChillerNotAvailable/Validate_ChillerNotAvailableScreen", ["package":PACKAGENAME]), "Category:Chiller Utilization"): Actual text and expected text of test object 'Object Repository/ShopOpen/ChillerUtilization/ChillerNotAvailable/Validate_ChillerNotAvailableScreen' are matched.

2019-04-08 18:08:07 - [MESSAGE][PASSED] - Actual text and expected text of test object 'Object Repository/ShopOpen/ChillerUtilization/ChillerNotAvailable/Validate_ChillerNotAvailableScreen' are matched.

2019-04-08 18:08:07 - [MESSAGE][PASSED] - Call Test Case 'Test Cases/ShopOpen/ChillerUtilization/ChillerNotAvailable/VisitProductCategoryAssets' successfully

2019-04-08 18:08:07 - [MESSAGE][PASSED] - com.ct.qa.keywords.ChillerProductsDataKeywords.visitChillerNotAvailableProductCategories is PASSED

2019-04-08 18:08:07 - [TEST_STEP][PASSED] - com.ct.qa.keywords.CommonKeywords.visitPlanogramImageViewButton(): com.ct.qa.keywords.CommonKeywords.visitPlanogramImageViewButton is PASSED

2019-04-08 18:08:08 - [MESSAGE][WARNING] - Timeout '0' is invalid. Using default page load timeout: '6'

2019-04-08 18:08:16 - [MESSAGE][WARNING] - Object Object Repository/CommonScreenElements/InfoPopUp_OKButton not found
[[ATTACHMENT|F:\\Git Projects\\MMAPlus_Merchandising\\MMAPlus_Merchandising\\Reports\\MMA Plus Merchandiser With Chiller Level Overwrite Scenarios\\20190408_174415\\1554728894822.png]]

2019-04-08 18:08:16 - [MESSAGE][PASSED] - com.ct.qa.keywords.CommonKeywords.visitPlanogramImageViewButton is PASSED

2019-04-08 18:08:16 - [TEST_STEP][PASSED] - verifyElementText(findTestObject("ShopOpen/ChillerUtilization/ChillerNotAvailable/Validate_ChillerNotAvailableScreen", ["package":PACKAGENAME]), "Category:Chiller Utilization"): Actual text and expected text of test object 'Object Repository/ShopOpen/ChillerUtilization/ChillerNotAvailable/Validate_ChillerNotAvailableScreen' are matched.

2019-04-08 18:08:17 - [MESSAGE][PASSED] - Actual text and expected text of test object 'Object Repository/ShopOpen/ChillerUtilization/ChillerNotAvailable/Validate_ChillerNotAvailableScreen' are matched.

2019-04-08 18:08:17 - [TEST_STEP][PASSED] - com.ct.qa.keywords.CommonKeywords.visitPictureImageViewButton(): com.ct.qa.keywords.CommonKeywords.visitPictureImageViewButton is PASSED

2019-04-08 18:08:18 - [MESSAGE][WARNING] - Timeout '0' is invalid. Using default page load timeout: '6'

2019-04-08 18:08:20 - [MESSAGE][PASSED] - Element 'Object Repository/CommonScreenElements/Validate_CameraScreen' is exist

2019-04-08 18:08:20 - [MESSAGE][WARNING] - Timeout '0' is invalid. Using default page load timeout: '6'

2019-04-08 18:08:24 - [MESSAGE][PASSED] - Tapped on element 'Object Repository/CommonScreenElements/Camera_flashButton'

2019-04-08 18:08:24 - [MESSAGE][WARNING] - Timeout '0' is invalid. Using default page load timeout: '6'

2019-04-08 18:08:27 - [MESSAGE][PASSED] - Tapped on element 'Object Repository/CommonScreenElements/Camera_TakePictureButton'

2019-04-08 18:08:32 - [MESSAGE][PASSED] - Delayed 5 second(s)

2019-04-08 18:08:32 - [MESSAGE][WARNING] - Timeout '0' is invalid. Using default page load timeout: '6'

2019-04-08 18:08:33 - [MESSAGE][PASSED] - Tapped on element 'Object Repository/CommonScreenElements/Camera_DoneButton'

2019-04-08 18:08:33 - [MESSAGE][PASSED] - com.ct.qa.keywords.CommonKeywords.visitPictureImageViewButton is PASSED

2019-04-08 18:08:33 - [TEST_STEP][PASSED] - verifyElementText(findTestObject("ShopOpen/ChillerUtilization/ChillerNotAvailable/Validate_ChillerNotAvailableScreen", ["package":PACKAGENAME]), "Category:Chiller Utilization"): Actual text and expected text of test object 'Object Repository/ShopOpen/ChillerUtilization/ChillerNotAvailable/Validate_ChillerNotAvailableScreen' are matched.

2019-04-08 18:08:34 - [MESSAGE][PASSED] - Actual text and expected text of test object 'Object Repository/ShopOpen/ChillerUtilization/ChillerNotAvailable/Validate_ChillerNotAvailableScreen' are matched.

2019-04-08 18:08:34 - [TEST_STEP][PASSED] - com.ct.qa.keywords.CommonKeywords.visitBackImageViewButton(): com.ct.qa.keywords.CommonKeywords.visitBackImageViewButton is PASSED

2019-04-08 18:08:35 - [MESSAGE][PASSED] - com.ct.qa.keywords.CommonKeywords.visitBackImageViewButton is PASSED

2019-04-08 18:08:35 - [TEST_STEP][PASSED] - verifyElementText(findTestObject("ShopOpen/ChillerUtilization/Validate_ChillerUtilizationScreen", ["package":PACKAGENAME]), "Shop Chillers"): Actual text and expected text of test object 'Object Repository/ShopOpen/ChillerUtilization/Validate_ChillerUtilizationScreen' are matched.

2019-04-08 18:08:36 - [MESSAGE][PASSED] - Actual text and expected text of test object 'Object Repository/ShopOpen/ChillerUtilization/Validate_ChillerUtilizationScreen' are matched.

2019-04-08 18:08:36 - [MESSAGE][PASSED] - Call Test Case 'Test Cases/ShopOpen/ChillerUtilization/ChillerNotAvailable/OverwriteChillerNotAvailable' successfully

2019-04-08 18:08:36 - [MESSAGE][PASSED] - com.ct.qa.keywords.ChillerVisitingScenariosKeywords.overwriteChillersTaggedinChillerUtilizationWithSingleRemark is PASSED

2019-04-08 18:08:36 - [TEST_STEP][PASSED] - tap(findTestObject("ShopOpen/ChillerUtilization/ChillerUtilization_backButton", ["package":PACKAGENAME]), 0): Tapped on element 'Object Repository/ShopOpen/ChillerUtilization/ChillerUtilization_backButton'

2019-04-08 18:08:36 - [MESSAGE][WARNING] - Timeout '0' is invalid. Using default page load timeout: '6'

2019-04-08 18:08:36 - [MESSAGE][PASSED] - Tapped on element 'Object Repository/ShopOpen/ChillerUtilization/ChillerUtilization_backButton'

2019-04-08 18:08:36 - [TEST_STEP][PASSED] - verifyElementExist(findTestObject("ShopOpen/Validate_ShopCategoriesListScreen", ["package":PACKAGENAME]), 0): Element 'Object Repository/ShopOpen/Validate_ShopCategoriesListScreen' is exist

2019-04-08 18:08:36 - [MESSAGE][WARNING] - Timeout '0' is invalid. Using default page load timeout: '6'

2019-04-08 18:08:38 - [MESSAGE][PASSED] - Element 'Object Repository/ShopOpen/Validate_ShopCategoriesListScreen' is exist

2019-04-08 18:08:38 - [MESSAGE][PASSED] - Call Test Case 'Test Cases/ShopOpen/ChillerUtilization/VisitChillerScenarios_WithCategeoryLevel/OverwriteChillerUtilizationWith_ChillerNotAvailable' successfully

2019-04-08 18:08:38 - [MESSAGE][PASSED] - com.ct.qa.keywords.CategoryVisitingScenariosKeywords.visitShopCategoriesWith_ChillerLevelOverwriteScenarios is PASSED

2019-04-08 18:08:38 - [MESSAGE][PASSED] - Call Test Case 'Test Cases/ShopOpen/VisitCategoryScenarios/VisitShopCategoriesWith_ChillerLevelOverwriteScenarios' successfully

2019-04-08 18:08:38 - [TEST_CASE][PASSED] - Test Cases/ShopOpen/SaveShop: Test Cases/ShopOpen/SaveShop

2019-04-08 18:08:38 - [TEST_STEP][PASSED] - tap(findTestObject("ShopOpen/SubmitButtonToSaveShop", ["package":PACKAGENAME]), 0): Tapped on element 'Object Repository/ShopOpen/SubmitButtonToSaveShop'

2019-04-08 18:08:38 - [MESSAGE][WARNING] - Timeout '0' is invalid. Using default page load timeout: '6'

2019-04-08 18:08:39 - [MESSAGE][PASSED] - Tapped on element 'Object Repository/ShopOpen/SubmitButtonToSaveShop'

2019-04-08 18:08:39 - [TEST_STEP][PASSED] - verifyElementExist(findTestObject("CommonScreenElements/Validate_InfoPopUP", ["package":PACKAGENAME]), 0): Element 'Object Repository/CommonScreenElements/Validate_InfoPopUP' is exist

2019-04-08 18:08:39 - [MESSAGE][WARNING] - Timeout '0' is invalid. Using default page load timeout: '6'

2019-04-08 18:08:40 - [MESSAGE][PASSED] - Element 'Object Repository/CommonScreenElements/Validate_InfoPopUP' is exist

2019-04-08 18:08:40 - [TEST_STEP][PASSED] - tap(findTestObject("CommonScreenElements/InfoPopUp_YesButton", ["package":PACKAGENAME]), 0): Tapped on element 'Object Repository/CommonScreenElements/InfoPopUp_YesButton'

2019-04-08 18:08:40 - [MESSAGE][WARNING] - Timeout '0' is invalid. Using default page load timeout: '6'

2019-04-08 18:08:40 - [MESSAGE][PASSED] - Tapped on element 'Object Repository/CommonScreenElements/InfoPopUp_YesButton'

2019-04-08 18:08:40 - [TEST_STEP][PASSED] - verifyElementText(findTestObject("Validate_ShopListScreen", ["package":PACKAGENAME]), "Shops on Route"): Actual text and expected text of test object 'Object Repository/Validate_ShopListScreen' are matched.

2019-04-08 18:08:42 - [MESSAGE][PASSED] - Actual text and expected text of test object 'Object Repository/Validate_ShopListScreen' are matched.

2019-04-08 18:08:42 - [MESSAGE][PASSED] - Call Test Case 'Test Cases/ShopOpen/SaveShop' successfully

2019-04-08 18:08:42 - [MESSAGE][WARNING] - Timeout '0' is invalid. Using default page load timeout: '6'

2019-04-08 18:08:42 - [MESSAGE][PASSED] - Element 'Object Repository/Validate_ShopListScreen' is exist

2019-04-08 18:08:42 - [MESSAGE][PASSED] - com.ct.qa.keywords.ShopVisitingScenariosKeywords.visitShopsWith_ChillerLevel_OverwriteScenarios is PASSED]]></system-out>
         <system-err><![CDATA[]]></system-err>
      </testcase>
      <system-out><![CDATA[2019-04-08 17:44:18 - [TEST_SUITE][PASSED] - MMA Plus Merchandiser With Chiller Level Overwrite Scenarios: Test Cases/VisitShopScenarios/VisitShopsWithChillerLevelOverwriteScenarios]]></system-out>
      <system-err><![CDATA[]]></system-err>
   </testsuite>
</testsuites>
