<?xml version="1.0" encoding="UTF-8"?>
<testsuites name="MMA Plus Merchandising With Shop Level Overwrite Scenarios" time="59" tests="1" failures="1" errors="0">
   <testsuite name="MMA Plus Merchandising With Shop Level Overwrite Scenarios" tests="1" failures="1" errors="0" time="59" timestamp="2018-08-10 18:53:04" hostname="Fahad Shah - DESKTOP-L12UUAD" id="Test Suites/MMA Plus Merchandising With Shop Level Overwrite Scenarios">
      <properties>
         <property name="deviceName" value="samsung SM-J110H (Android 4.4.4)"/>
         <property name="devicePlatform" value=""/>
         <property name="logFolder" value="F:\\Git Projects\\MMAPlus_Merchandising\\MMAPlus_Merchandising\\Reports\\MMA Plus Merchandising With Shop Level Overwrite Scenarios\\20180810_185302"/>
         <property name="logFiles" value="F:\\Git Projects\\MMAPlus_Merchandising\\MMAPlus_Merchandising\\Reports\\MMA Plus Merchandising With Shop Level Overwrite Scenarios\\20180810_185302\\appium.log, F:\\Git Projects\\MMAPlus_Merchandising\\MMAPlus_Merchandising\\Reports\\MMA Plus Merchandising With Shop Level Overwrite Scenarios\\20180810_185302\\execution0.log"/>
         <property name="attachments" value="F:\\Git Projects\\MMAPlus_Merchandising\\MMAPlus_Merchandising\\Reports\\MMA Plus Merchandising With Shop Level Overwrite Scenarios\\20180810_185302\\1533909241094.png, F:\\Git Projects\\MMAPlus_Merchandising\\MMAPlus_Merchandising\\Reports\\MMA Plus Merchandising With Shop Level Overwrite Scenarios\\20180810_185302\\1533909242346.png"/>
         <property name="hostName" value="Fahad Shah - DESKTOP-L12UUAD"/>
         <property name="os" value="Windows 10 64bit"/>
         <property name="katalonVersion" value="5.6.0.1"/>
         <property name="deviceOS" value="Android"/>
         <property name="appiumVersion" value="1.8.1"/>
         <property name="deviceModel" value="SM-J110H"/>
         <property name="hostAddress" value="192.168.3.191"/>
         <property name="deviceManufacturer" value="samsung"/>
         <property name="deviceId" value="11016e423244a24a"/>
         <property name="deviceName" value="samsung SM-J110H (Android 4.4.4)"/>
         <property name="deviceOSVersion" value="4.4.4"/>
      </properties>
      <testcase name="Test Cases/LaunchingApp/LaunchApp" classname="Test Cases/LaunchingApp/LaunchApp" status="PASSED">
         <system-out><![CDATA[2018-08-10 18:53:04 - [TEST_CASE][PASSED] - Test Cases/LaunchingApp/LaunchApp: Test Cases/LaunchingApp/LaunchApp

2018-08-10 18:53:05 - [TEST_STEP][PASSED] - startApplication: Started app at: 'F:\QA_Automation\Builds\mma_local_060818_v150.apk'

2018-08-10 18:53:23 - [MESSAGE][PASSED] - Started app at: 'F:\QA_Automation\Builds\mma_local_060818_v150.apk'

2018-08-10 18:53:23 - [TEST_STEP][PASSED] - delay: Delayed 5 second(s)

2018-08-10 18:53:28 - [MESSAGE][PASSED] - Delayed 5 second(s)]]></system-out>
         <system-err><![CDATA[]]></system-err>
      </testcase>
      <testcase name="Test Cases/VisitShopScenarios/VisitShopsWithShopLevelOverwriting" classname="Test Cases/VisitShopScenarios/VisitShopsWithShopLevelOverwriting" status="FAILED">
         <failure type="FAILED" message="Failed to tap on element 'Object Repository/CommonScreenElements/Location_CheckIn' (Root cause: Object Object Repository/CommonScreenElements/Location_CheckIn not found)"/>
         <system-out><![CDATA[2018-08-10 18:53:28 - [TEST_CASE][FAILED] - Test Cases/VisitShopScenarios/VisitShopsWithShopLevelOverwriting: Test Cases/VisitShopScenarios/VisitShopsWithShopLevelOverwriting FAILED because (of) Failed to tap on element 'Object Repository/CommonScreenElements/Location_CheckIn' (Root cause: Object Object Repository/CommonScreenElements/Location_CheckIn not found)

2018-08-10 18:53:28 - [TEST_STEP][PASSED] - verifyElementText: Actual text and expected text of test object 'Object Repository/DashboardScreenElements/Validate_DashboardScreen' are matched.

2018-08-10 18:53:29 - [MESSAGE][PASSED] - Actual text and expected text of test object 'Object Repository/DashboardScreenElements/Validate_DashboardScreen' are matched.

2018-08-10 18:53:29 - [TEST_STEP][PASSED] - com.ct.qa.keywords.CommonKeywords.selectday: com.ct.qa.keywords.CommonKeywords.selectday is PASSED

2018-08-10 18:53:29 - [MESSAGE][WARNING] - Timeout '0' is invalid. Using default page load timeout: '5'

2018-08-10 18:53:29 - [MESSAGE][PASSED] - Tapped on element 'Object Repository/DashboardScreenElements/DaysDropdownMenu'

2018-08-10 18:53:29 - [MESSAGE][WARNING] - Timeout '0' is invalid. Using default page load timeout: '5'

2018-08-10 18:53:31 - [MESSAGE][PASSED] - Element 'Object Repository/DashboardScreenElements/Validate_DaysListScreen' is exist

2018-08-10 18:53:34 - [MESSAGE][PASSED] - com.ct.qa.keywords.CommonKeywords.selectday is PASSED

2018-08-10 18:53:34 - [TEST_STEP][PASSED] - tap: Tapped on element 'Object Repository/DashboardScreenElements/StartYourDay'

2018-08-10 18:53:34 - [MESSAGE][WARNING] - Timeout '0' is invalid. Using default page load timeout: '5'

2018-08-10 18:53:34 - [MESSAGE][PASSED] - Tapped on element 'Object Repository/DashboardScreenElements/StartYourDay'

2018-08-10 18:53:34 - [TEST_STEP][PASSED] - verifyElementText: Actual text and expected text of test object 'Object Repository/Validate_ShopListScreen' are matched.

2018-08-10 18:53:37 - [MESSAGE][PASSED] - Actual text and expected text of test object 'Object Repository/Validate_ShopListScreen' are matched.

2018-08-10 18:53:37 - [TEST_STEP][FAILED] - com.ct.qa.keywords.ShopVisitingScenariosKeywords.visitShopsWithShopLevelOverwriting: Failed to tap on element 'Object Repository/CommonScreenElements/Location_CheckIn' (Root cause: Object Object Repository/CommonScreenElements/Location_CheckIn not found)

2018-08-10 18:53:40 - [MESSAGE][PASSED] - Actual text and expected text of test object 'Object Repository/Validate_ShopOptionsScreen' are matched.

2018-08-10 18:53:40 - [MESSAGE][WARNING] - Timeout '0' is invalid. Using default page load timeout: '5'

2018-08-10 18:53:40 - [MESSAGE][PASSED] - Tapped on element 'Object Repository/StartWorking'

2018-08-10 18:53:55 - [MESSAGE][PASSED] - Delayed 15 second(s)

2018-08-10 18:53:56 - [MESSAGE][PASSED] - Element 'Object Repository/CommonScreenElements/Validate_MapScreen' is exist

2018-08-10 18:53:56 - [MESSAGE][WARNING] - Timeout '0' is invalid. Using default page load timeout: '5'

2018-08-10 18:54:02 - [MESSAGE][FAILED] - Object Object Repository/CommonScreenElements/Location_CheckIn not found
[[ATTACHMENT|F:\\Git Projects\\MMAPlus_Merchandising\\MMAPlus_Merchandising\\Reports\\MMA Plus Merchandising With Shop Level Overwrite Scenarios\\20180810_185302\\1533909241094.png]]

2018-08-10 18:54:03 - [MESSAGE][FAILED] - Failed to tap on element 'Object Repository/CommonScreenElements/Location_CheckIn' (Root cause: Object Object Repository/CommonScreenElements/Location_CheckIn not found)
[[ATTACHMENT|F:\\Git Projects\\MMAPlus_Merchandising\\MMAPlus_Merchandising\\Reports\\MMA Plus Merchandising With Shop Level Overwrite Scenarios\\20180810_185302\\1533909242346.png]]

2018-08-10 18:54:03 - [MESSAGE][FAILED] - Failed to tap on element 'Object Repository/CommonScreenElements/Location_CheckIn' (Root cause: Object Object Repository/CommonScreenElements/Location_CheckIn not found)]]></system-out>
         <system-err><![CDATA[2018-08-10 18:53:28 - [TEST_CASE][FAILED] - Test Cases/VisitShopScenarios/VisitShopsWithShopLevelOverwriting: Test Cases/VisitShopScenarios/VisitShopsWithShopLevelOverwriting FAILED because (of) Failed to tap on element 'Object Repository/CommonScreenElements/Location_CheckIn' (Root cause: Object Object Repository/CommonScreenElements/Location_CheckIn not found)]]></system-err>
      </testcase>
      <system-out><![CDATA[2018-08-10 18:53:04 - [TEST_SUITE][FAILED] - MMA Plus Merchandising With Shop Level Overwrite Scenarios: Test Cases/VisitShopScenarios/VisitShopsWithShopLevelOverwriting FAILED because (of) Failed to tap on element 'Object Repository/CommonScreenElements/Location_CheckIn' (Root cause: Object Object Repository/CommonScreenElements/Location_CheckIn not found)]]></system-out>
      <system-err><![CDATA[2018-08-10 18:53:04 - [TEST_SUITE][FAILED] - MMA Plus Merchandising With Shop Level Overwrite Scenarios: Test Cases/VisitShopScenarios/VisitShopsWithShopLevelOverwriting FAILED because (of) Failed to tap on element 'Object Repository/CommonScreenElements/Location_CheckIn' (Root cause: Object Object Repository/CommonScreenElements/Location_CheckIn not found)]]></system-err>
   </testsuite>
</testsuites>
