<?xml version="1.0" encoding="UTF-8"?>
<testsuites name="MMA Plus Merchandiser With Chiller Level Overwrite Scenarios" time="1474" tests="2" failures="0" errors="0">
   <testsuite name="MMA Plus Merchandiser With Chiller Level Overwrite Scenarios" tests="2" failures="0" errors="0" time="1474" timestamp="2019-04-08 16:22:17" hostname="Fahad Shah - DESKTOP-L12UUAD" id="Test Suites/MMA Plus Merchandiser With Chiller Level Overwrite Scenarios">
      <properties>
         <property name="deviceName" value="samsung SM-J110H (Android 4.4.4)"/>
         <property name="devicePlatform" value=""/>
         <property name="logFolder" value="F:\\Git Projects\\MMAPlus_Merchandising\\MMAPlus_Merchandising\\Reports\\MMA Plus Merchandiser With Chiller Level Overwrite Scenarios\\20190408_162214"/>
         <property name="logFiles" value="F:\\Git Projects\\MMAPlus_Merchandising\\MMAPlus_Merchandising\\Reports\\MMA Plus Merchandiser With Chiller Level Overwrite Scenarios\\20190408_162214\\appium.log, F:\\Git Projects\\MMAPlus_Merchandising\\MMAPlus_Merchandising\\Reports\\MMA Plus Merchandiser With Chiller Level Overwrite Scenarios\\20190408_162214\\execution0.log"/>
         <property name="attachments" value="F:\\Git Projects\\MMAPlus_Merchandising\\MMAPlus_Merchandising\\Reports\\MMA Plus Merchandiser With Chiller Level Overwrite Scenarios\\20190408_162214\\1554722647057.png, F:\\Git Projects\\MMAPlus_Merchandising\\MMAPlus_Merchandising\\Reports\\MMA Plus Merchandiser With Chiller Level Overwrite Scenarios\\20190408_162214\\1554722675668.png, F:\\Git Projects\\MMAPlus_Merchandising\\MMAPlus_Merchandising\\Reports\\MMA Plus Merchandiser With Chiller Level Overwrite Scenarios\\20190408_162214\\1554723149557.png, F:\\Git Projects\\MMAPlus_Merchandising\\MMAPlus_Merchandising\\Reports\\MMA Plus Merchandiser With Chiller Level Overwrite Scenarios\\20190408_162214\\1554723184672.png, F:\\Git Projects\\MMAPlus_Merchandising\\MMAPlus_Merchandising\\Reports\\MMA Plus Merchandiser With Chiller Level Overwrite Scenarios\\20190408_162214\\1554723574596.png, F:\\Git Projects\\MMAPlus_Merchandising\\MMAPlus_Merchandising\\Reports\\MMA Plus Merchandiser With Chiller Level Overwrite Scenarios\\20190408_162214\\1554723771653.png, F:\\Git Projects\\MMAPlus_Merchandising\\MMAPlus_Merchandising\\Reports\\MMA Plus Merchandiser With Chiller Level Overwrite Scenarios\\20190408_162214\\1554723984586.png"/>
         <property name="hostName" value="Fahad Shah - DESKTOP-L12UUAD"/>
         <property name="os" value="Windows 10 64bit"/>
         <property name="katalonVersion" value="5.10.0.1"/>
         <property name="deviceOS" value="Android"/>
         <property name="appiumVersion" value="1.8.1"/>
         <property name="deviceModel" value="SM-J110H"/>
         <property name="hostAddress" value="192.168.3.221"/>
         <property name="deviceManufacturer" value="samsung"/>
         <property name="deviceId" value="11016e423244a24a"/>
         <property name="deviceName" value="samsung SM-J110H (Android 4.4.4)"/>
         <property name="deviceOSVersion" value="4.4.4"/>
      </properties>
      <testcase name="Test Cases/LaunchingApp/LaunchApp" classname="Test Cases/LaunchingApp/LaunchApp" status="PASSED">
         <system-out><![CDATA[2019-04-08 16:22:18 - [TEST_CASE][PASSED] - Test Cases/LaunchingApp/LaunchApp: Test Cases/LaunchingApp/LaunchApp

2019-04-08 16:22:19 - [TEST_STEP][PASSED] - startApplication("F:\QA_Automation\Builds\mmaplus_030419_local_v154.apk", false): Started app at: 'F:\QA_Automation\Builds\mmaplus_030419_local_v154.apk'

2019-04-08 16:22:40 - [MESSAGE][PASSED] - Started app at: 'F:\QA_Automation\Builds\mmaplus_030419_local_v154.apk'

2019-04-08 16:22:40 - [TEST_STEP][PASSED] - delay(5): Delayed 5 second(s)

2019-04-08 16:22:45 - [MESSAGE][PASSED] - Delayed 5 second(s)]]></system-out>
         <system-err><![CDATA[]]></system-err>
      </testcase>
      <testcase name="Test Cases/VisitShopScenarios/VisitShopsWithChillerLevelOverwriteScenarios" classname="Test Cases/VisitShopScenarios/VisitShopsWithChillerLevelOverwriteScenarios" status="PASSED">
         <system-out><![CDATA[2019-04-08 16:22:45 - [TEST_CASE][PASSED] - Test Cases/VisitShopScenarios/VisitShopsWithChillerLevelOverwriteScenarios: Test Cases/VisitShopScenarios/VisitShopsWithChillerLevelOverwriteScenarios

2019-04-08 16:22:46 - [TEST_STEP][PASSED] - verifyElementText(findTestObject("DashboardScreenElements/Validate_DashboardScreen", ["package":PACKAGENAME]), "Dashboard"): Actual text and expected text of test object 'Object Repository/DashboardScreenElements/Validate_DashboardScreen' are matched.

2019-04-08 16:22:50 - [MESSAGE][PASSED] - Actual text and expected text of test object 'Object Repository/DashboardScreenElements/Validate_DashboardScreen' are matched.

2019-04-08 16:22:50 - [TEST_STEP][PASSED] - com.ct.qa.keywords.CommonKeywords.selectday(): com.ct.qa.keywords.CommonKeywords.selectday is PASSED

2019-04-08 16:22:50 - [MESSAGE][WARNING] - Timeout '0' is invalid. Using default page load timeout: '6'

2019-04-08 16:22:51 - [MESSAGE][PASSED] - Tapped on element 'Object Repository/DashboardScreenElements/DaysDropdownMenu'

2019-04-08 16:22:51 - [MESSAGE][WARNING] - Timeout '0' is invalid. Using default page load timeout: '6'

2019-04-08 16:22:52 - [MESSAGE][PASSED] - Element 'Object Repository/DashboardScreenElements/Validate_DaysListScreen' is exist

2019-04-08 16:22:54 - [MESSAGE][PASSED] - com.ct.qa.keywords.CommonKeywords.selectday is PASSED

2019-04-08 16:22:54 - [TEST_STEP][PASSED] - tap(findTestObject("DashboardScreenElements/StartYourDay", ["package":PACKAGENAME]), 0): Tapped on element 'Object Repository/DashboardScreenElements/StartYourDay'

2019-04-08 16:22:54 - [MESSAGE][WARNING] - Timeout '0' is invalid. Using default page load timeout: '6'

2019-04-08 16:22:55 - [MESSAGE][PASSED] - Tapped on element 'Object Repository/DashboardScreenElements/StartYourDay'

2019-04-08 16:22:55 - [TEST_STEP][PASSED] - verifyElementText(findTestObject("Validate_ShopListScreen", ["package":PACKAGENAME]), "Shops on Route"): Actual text and expected text of test object 'Object Repository/Validate_ShopListScreen' are matched.

2019-04-08 16:22:58 - [MESSAGE][PASSED] - Actual text and expected text of test object 'Object Repository/Validate_ShopListScreen' are matched.

2019-04-08 16:22:58 - [TEST_STEP][PASSED] - com.ct.qa.keywords.ShopVisitingScenariosKeywords.visitShopsWith_ChillerLevel_OverwriteScenarios(): com.ct.qa.keywords.ShopVisitingScenariosKeywords.visitShopsWith_ChillerLevel_OverwriteScenarios is PASSED

2019-04-08 16:23:17 - [MESSAGE][PASSED] - Actual text and expected text of test object 'Object Repository/Validate_ShopOptionsScreen' are matched.

2019-04-08 16:23:19 - [MESSAGE][WARNING] - Timeout '0' is invalid. Using default page load timeout: '6'

2019-04-08 16:23:20 - [MESSAGE][PASSED] - Tapped on element 'Object Repository/StartWorking'

2019-04-08 16:23:35 - [MESSAGE][PASSED] - Delayed 15 second(s)

2019-04-08 16:23:36 - [MESSAGE][PASSED] - Element 'Object Repository/CommonScreenElements/Validate_MapScreen' is exist

2019-04-08 16:23:36 - [MESSAGE][WARNING] - Timeout '0' is invalid. Using default page load timeout: '6'

2019-04-08 16:23:36 - [MESSAGE][PASSED] - Tapped on element 'Object Repository/CommonScreenElements/Location_CheckIn'

2019-04-08 16:23:36 - [MESSAGE][WARNING] - Timeout '0' is invalid. Using default page load timeout: '6'

2019-04-08 16:23:37 - [MESSAGE][PASSED] - Element 'Object Repository/CommonScreenElements/Validate_InfoPopUP' is exist

2019-04-08 16:23:37 - [MESSAGE][WARNING] - Timeout '0' is invalid. Using default page load timeout: '6'

2019-04-08 16:23:38 - [MESSAGE][PASSED] - Tapped on element 'Object Repository/CommonScreenElements/InfoPopUp_NoButton'

2019-04-08 16:23:38 - [TEST_CASE][PASSED] - Test Cases/ShopOpen/VisitShopOpen: Test Cases/ShopOpen/VisitShopOpen

2019-04-08 16:23:39 - [TEST_STEP][PASSED] - verifyElementExist(findTestObject("ShopActions_List", ["package":PACKAGENAME]), 0): Element 'Object Repository/ShopActions_List' is exist

2019-04-08 16:23:39 - [MESSAGE][WARNING] - Timeout '0' is invalid. Using default page load timeout: '6'

2019-04-08 16:23:39 - [MESSAGE][PASSED] - Element 'Object Repository/ShopActions_List' is exist

2019-04-08 16:23:39 - [TEST_STEP][PASSED] - tap(findTestObject("ShopOpen/ShopOpen", ["package":PACKAGENAME]), 0): Tapped on element 'Object Repository/ShopOpen/ShopOpen'

2019-04-08 16:23:39 - [MESSAGE][WARNING] - Timeout '0' is invalid. Using default page load timeout: '6'

2019-04-08 16:23:42 - [MESSAGE][PASSED] - Tapped on element 'Object Repository/ShopOpen/ShopOpen'

2019-04-08 16:23:42 - [TEST_STEP][PASSED] - com.ct.qa.keywords.CommonKeywords.takePicture(): com.ct.qa.keywords.CommonKeywords.takePicture is PASSED

2019-04-08 16:23:42 - [MESSAGE][WARNING] - Timeout '0' is invalid. Using default page load timeout: '6'

2019-04-08 16:23:42 - [MESSAGE][PASSED] - Element 'Object Repository/CommonScreenElements/Validate_CameraScreen' is exist

2019-04-08 16:23:42 - [MESSAGE][WARNING] - Timeout '0' is invalid. Using default page load timeout: '6'

2019-04-08 16:23:46 - [MESSAGE][PASSED] - Tapped on element 'Object Repository/CommonScreenElements/Camera_flashButton'

2019-04-08 16:23:46 - [MESSAGE][WARNING] - Timeout '0' is invalid. Using default page load timeout: '6'

2019-04-08 16:23:49 - [MESSAGE][PASSED] - Tapped on element 'Object Repository/CommonScreenElements/Camera_TakePictureButton'

2019-04-08 16:23:54 - [MESSAGE][PASSED] - Delayed 5 second(s)

2019-04-08 16:23:54 - [MESSAGE][WARNING] - Timeout '0' is invalid. Using default page load timeout: '6'

2019-04-08 16:23:55 - [MESSAGE][PASSED] - Tapped on element 'Object Repository/CommonScreenElements/Camera_DoneButton'

2019-04-08 16:23:55 - [MESSAGE][PASSED] - com.ct.qa.keywords.CommonKeywords.takePicture is PASSED

2019-04-08 16:23:55 - [MESSAGE][PASSED] - Call Test Case 'Test Cases/ShopOpen/VisitShopOpen' successfully

2019-04-08 16:23:55 - [TEST_CASE][PASSED] - Test Cases/ShopOpen/VisitCategoryScenarios/VisitShopCategoriesWith_ChillerLevelOverwriteScenarios: Test Cases/ShopOpen/VisitCategoryScenarios/VisitShopCategoriesWith_ChillerLevelOverwriteScenarios

2019-04-08 16:23:55 - [TEST_STEP][PASSED] - verifyElementExist(findTestObject("ShopOpen/Validate_ShopCategoriesListScreen", ["package":PACKAGENAME]), 0): Element 'Object Repository/ShopOpen/Validate_ShopCategoriesListScreen' is exist

2019-04-08 16:23:56 - [MESSAGE][WARNING] - Timeout '0' is invalid. Using default page load timeout: '6'

2019-04-08 16:23:57 - [MESSAGE][PASSED] - Element 'Object Repository/ShopOpen/Validate_ShopCategoriesListScreen' is exist

2019-04-08 16:23:57 - [TEST_STEP][PASSED] - com.ct.qa.keywords.CategoryVisitingScenariosKeywords.visitShopCategoriesWith_ChillerLevelOverwriteScenarios(): com.ct.qa.keywords.CategoryVisitingScenariosKeywords.visitShopCategoriesWith_ChillerLevelOverwriteScenarios is PASSED

2019-04-08 16:23:58 - [MESSAGE][PASSED] - Swiped from 0,200 to 0,750

2019-04-08 16:23:58 - [MESSAGE][PASSED] - Swiped from 0,200 to 0,750

2019-04-08 16:24:00 - [MESSAGE][WARNING] - Timeout '0' is invalid. Using default page load timeout: '6'

2019-04-08 16:24:08 - [MESSAGE][WARNING] - Element 'Object Repository/CommonScreenElements/Validate_CameraScreen' not found
[[ATTACHMENT|F:\\Git Projects\\MMAPlus_Merchandising\\MMAPlus_Merchandising\\Reports\\MMA Plus Merchandiser With Chiller Level Overwrite Scenarios\\20190408_162214\\1554722647057.png]]

2019-04-08 16:24:08 - [TEST_CASE][PASSED] - Test Cases/ShopOpen/ChillerUtilization/VisitChillerScenarios_WithChillerLevel/VisitChillerUtilizationWith_ChillerAvailable: Test Cases/ShopOpen/ChillerUtilization/VisitChillerScenarios_WithChillerLevel/VisitChillerUtilizationWith_ChillerAvailable

2019-04-08 16:24:08 - [TEST_STEP][PASSED] - verifyElementText(findTestObject("ShopOpen/ChillerUtilization/Validate_ChillerUtilizationScreen", ["package":PACKAGENAME]), "Shop Chillers"): Actual text and expected text of test object 'Object Repository/ShopOpen/ChillerUtilization/Validate_ChillerUtilizationScreen' are matched.

2019-04-08 16:24:09 - [MESSAGE][PASSED] - Actual text and expected text of test object 'Object Repository/ShopOpen/ChillerUtilization/Validate_ChillerUtilizationScreen' are matched.

2019-04-08 16:24:09 - [TEST_STEP][PASSED] - com.ct.qa.keywords.ChillerVisitingScenariosKeywords.visitChillersTaggedinChillerUtilizationWithSingleRemark("Chiller Available"): com.ct.qa.keywords.ChillerVisitingScenariosKeywords.visitChillersTaggedinChillerUtilizationWithSingleRemark is PASSED

2019-04-08 16:24:11 - [MESSAGE][WARNING] - Timeout '0' is invalid. Using default page load timeout: '6'

2019-04-08 16:24:12 - [MESSAGE][PASSED] - Element 'Object Repository/CommonScreenElements/Validate_CameraScreen' is exist

2019-04-08 16:24:12 - [MESSAGE][WARNING] - Timeout '0' is invalid. Using default page load timeout: '6'

2019-04-08 16:24:15 - [MESSAGE][PASSED] - Tapped on element 'Object Repository/CommonScreenElements/Camera_flashButton'

2019-04-08 16:24:15 - [MESSAGE][WARNING] - Timeout '0' is invalid. Using default page load timeout: '6'

2019-04-08 16:24:19 - [MESSAGE][PASSED] - Tapped on element 'Object Repository/CommonScreenElements/Camera_TakePictureButton'

2019-04-08 16:24:24 - [MESSAGE][PASSED] - Delayed 5 second(s)

2019-04-08 16:24:24 - [MESSAGE][WARNING] - Timeout '0' is invalid. Using default page load timeout: '6'

2019-04-08 16:24:24 - [MESSAGE][PASSED] - Tapped on element 'Object Repository/CommonScreenElements/Camera_DoneButton'

2019-04-08 16:24:27 - [TEST_CASE][PASSED] - Test Cases/ShopOpen/ChillerUtilization/ChillerAvailable/VisitChillerAvailable: Test Cases/ShopOpen/ChillerUtilization/ChillerAvailable/VisitChillerAvailable

2019-04-08 16:24:28 - [TEST_STEP][PASSED] - verifyElementExist(findTestObject("ShopOpen/ChillerUtilization/ChillerAvailable/Validate_ChillerAvailableScreen", ["package":PACKAGENAME]), 0): Element 'Object Repository/ShopOpen/ChillerUtilization/ChillerAvailable/Validate_ChillerAvailableScreen' is exist

2019-04-08 16:24:28 - [MESSAGE][WARNING] - Timeout '0' is invalid. Using default page load timeout: '6'

2019-04-08 16:24:29 - [MESSAGE][PASSED] - Element 'Object Repository/ShopOpen/ChillerUtilization/ChillerAvailable/Validate_ChillerAvailableScreen' is exist

2019-04-08 16:24:29 - [TEST_STEP][PASSED] - tap(findTestObject("ShopOpen/ChillerUtilization/ChillerAvailable/Planogram_ImageView", ["package":PACKAGENAME]), 0): Tapped on element 'Object Repository/ShopOpen/ChillerUtilization/ChillerAvailable/Planogram_ImageView'

2019-04-08 16:24:29 - [MESSAGE][WARNING] - Timeout '0' is invalid. Using default page load timeout: '6'

2019-04-08 16:24:29 - [MESSAGE][PASSED] - Tapped on element 'Object Repository/ShopOpen/ChillerUtilization/ChillerAvailable/Planogram_ImageView'

2019-04-08 16:24:29 - [TEST_STEP][PASSED] - com.ct.qa.keywords.CommonKeywords.checkPlanogramAvailability(): com.ct.qa.keywords.CommonKeywords.checkPlanogramAvailability is PASSED

2019-04-08 16:24:29 - [MESSAGE][WARNING] - Timeout '0' is invalid. Using default page load timeout: '6'

2019-04-08 16:24:36 - [MESSAGE][WARNING] - Object Object Repository/CommonScreenElements/InfoPopUp_OKButton not found
[[ATTACHMENT|F:\\Git Projects\\MMAPlus_Merchandising\\MMAPlus_Merchandising\\Reports\\MMA Plus Merchandiser With Chiller Level Overwrite Scenarios\\20190408_162214\\1554722675668.png]]

2019-04-08 16:24:36 - [MESSAGE][PASSED] - com.ct.qa.keywords.CommonKeywords.checkPlanogramAvailability is PASSED

2019-04-08 16:24:36 - [TEST_STEP][PASSED] - com.ct.qa.keywords.CommonKeywords.closePlanogram(): com.ct.qa.keywords.CommonKeywords.closePlanogram is PASSED

2019-04-08 16:24:37 - [MESSAGE][PASSED] - com.ct.qa.keywords.CommonKeywords.closePlanogram is PASSED

2019-04-08 16:24:37 - [TEST_STEP][PASSED] - verifyElementExist(findTestObject("ShopOpen/ChillerUtilization/ChillerAvailable/Validate_ChillerAvailableScreen", ["package":PACKAGENAME]), 0): Element 'Object Repository/ShopOpen/ChillerUtilization/ChillerAvailable/Validate_ChillerAvailableScreen' is exist

2019-04-08 16:24:37 - [MESSAGE][WARNING] - Timeout '0' is invalid. Using default page load timeout: '6'

2019-04-08 16:24:38 - [MESSAGE][PASSED] - Element 'Object Repository/ShopOpen/ChillerUtilization/ChillerAvailable/Validate_ChillerAvailableScreen' is exist

2019-04-08 16:24:38 - [TEST_STEP][PASSED] - tap(findTestObject("ShopOpen/ChillerUtilization/ChillerAvailable/Depth1_TakePicture", ["package":PACKAGENAME]), 0): Tapped on element 'Object Repository/ShopOpen/ChillerUtilization/ChillerAvailable/Depth1_TakePicture'

2019-04-08 16:24:38 - [MESSAGE][WARNING] - Timeout '0' is invalid. Using default page load timeout: '6'

2019-04-08 16:24:40 - [MESSAGE][PASSED] - Tapped on element 'Object Repository/ShopOpen/ChillerUtilization/ChillerAvailable/Depth1_TakePicture'

2019-04-08 16:24:40 - [TEST_STEP][PASSED] - com.ct.qa.keywords.CommonKeywords.takePicture(): com.ct.qa.keywords.CommonKeywords.takePicture is PASSED

2019-04-08 16:24:40 - [MESSAGE][WARNING] - Timeout '0' is invalid. Using default page load timeout: '6'

2019-04-08 16:24:41 - [MESSAGE][PASSED] - Element 'Object Repository/CommonScreenElements/Validate_CameraScreen' is exist

2019-04-08 16:24:41 - [MESSAGE][WARNING] - Timeout '0' is invalid. Using default page load timeout: '6'

2019-04-08 16:24:45 - [MESSAGE][PASSED] - Tapped on element 'Object Repository/CommonScreenElements/Camera_flashButton'

2019-04-08 16:24:45 - [MESSAGE][WARNING] - Timeout '0' is invalid. Using default page load timeout: '6'

2019-04-08 16:24:48 - [MESSAGE][PASSED] - Tapped on element 'Object Repository/CommonScreenElements/Camera_TakePictureButton'

2019-04-08 16:24:53 - [MESSAGE][PASSED] - Delayed 5 second(s)

2019-04-08 16:24:53 - [MESSAGE][WARNING] - Timeout '0' is invalid. Using default page load timeout: '6'

2019-04-08 16:24:54 - [MESSAGE][PASSED] - Tapped on element 'Object Repository/CommonScreenElements/Camera_DoneButton'

2019-04-08 16:24:54 - [MESSAGE][PASSED] - com.ct.qa.keywords.CommonKeywords.takePicture is PASSED

2019-04-08 16:24:54 - [TEST_STEP][PASSED] - verifyElementExist(findTestObject("ShopOpen/ChillerUtilization/ChillerAvailable/Validate_ChillerAvailableScreen", ["package":PACKAGENAME]), 0): Element 'Object Repository/ShopOpen/ChillerUtilization/ChillerAvailable/Validate_ChillerAvailableScreen' is exist

2019-04-08 16:24:54 - [MESSAGE][WARNING] - Timeout '0' is invalid. Using default page load timeout: '6'

2019-04-08 16:24:55 - [MESSAGE][PASSED] - Element 'Object Repository/ShopOpen/ChillerUtilization/ChillerAvailable/Validate_ChillerAvailableScreen' is exist

2019-04-08 16:24:55 - [TEST_STEP][PASSED] - tap(findTestObject("ShopOpen/ChillerUtilization/ChillerAvailable/Depth2TakePicture", ["package":PACKAGENAME]), 0): Tapped on element 'Object Repository/ShopOpen/ChillerUtilization/ChillerAvailable/Depth2TakePicture'

2019-04-08 16:24:55 - [MESSAGE][WARNING] - Timeout '0' is invalid. Using default page load timeout: '6'

2019-04-08 16:24:56 - [MESSAGE][PASSED] - Tapped on element 'Object Repository/ShopOpen/ChillerUtilization/ChillerAvailable/Depth2TakePicture'

2019-04-08 16:24:56 - [TEST_STEP][PASSED] - com.ct.qa.keywords.CommonKeywords.takePicture(): com.ct.qa.keywords.CommonKeywords.takePicture is PASSED

2019-04-08 16:24:56 - [MESSAGE][WARNING] - Timeout '0' is invalid. Using default page load timeout: '6'

2019-04-08 16:24:57 - [MESSAGE][PASSED] - Element 'Object Repository/CommonScreenElements/Validate_CameraScreen' is exist

2019-04-08 16:24:57 - [MESSAGE][WARNING] - Timeout '0' is invalid. Using default page load timeout: '6'

2019-04-08 16:25:00 - [MESSAGE][PASSED] - Tapped on element 'Object Repository/CommonScreenElements/Camera_flashButton'

2019-04-08 16:25:00 - [MESSAGE][WARNING] - Timeout '0' is invalid. Using default page load timeout: '6'

2019-04-08 16:25:04 - [MESSAGE][PASSED] - Tapped on element 'Object Repository/CommonScreenElements/Camera_TakePictureButton'

2019-04-08 16:25:09 - [MESSAGE][PASSED] - Delayed 5 second(s)

2019-04-08 16:25:09 - [MESSAGE][WARNING] - Timeout '0' is invalid. Using default page load timeout: '6'

2019-04-08 16:25:09 - [MESSAGE][PASSED] - Tapped on element 'Object Repository/CommonScreenElements/Camera_DoneButton'

2019-04-08 16:25:09 - [MESSAGE][PASSED] - com.ct.qa.keywords.CommonKeywords.takePicture is PASSED

2019-04-08 16:25:09 - [TEST_STEP][PASSED] - verifyElementExist(findTestObject("ShopOpen/ChillerUtilization/ChillerAvailable/Validate_ChillerAvailableScreen", ["package":PACKAGENAME]), 0): Element 'Object Repository/ShopOpen/ChillerUtilization/ChillerAvailable/Validate_ChillerAvailableScreen' is exist

2019-04-08 16:25:09 - [MESSAGE][WARNING] - Timeout '0' is invalid. Using default page load timeout: '6'

2019-04-08 16:25:10 - [MESSAGE][PASSED] - Element 'Object Repository/ShopOpen/ChillerUtilization/ChillerAvailable/Validate_ChillerAvailableScreen' is exist

2019-04-08 16:25:10 - [TEST_STEP][PASSED] - tap(findTestObject("ShopOpen/ChillerUtilization/ChillerAvailable/NextButton", ["package":PACKAGENAME]), 0): Tapped on element 'Object Repository/ShopOpen/ChillerUtilization/ChillerAvailable/NextButton'

2019-04-08 16:25:10 - [MESSAGE][WARNING] - Timeout '0' is invalid. Using default page load timeout: '6'

2019-04-08 16:25:11 - [MESSAGE][PASSED] - Tapped on element 'Object Repository/ShopOpen/ChillerUtilization/ChillerAvailable/NextButton'

2019-04-08 16:25:11 - [TEST_STEP][PASSED] - verifyElementText(findTestObject("ShopOpen/ChillerUtilization/ChillerAvailable/Validate_ChillerProductsCategoriesScreen", ["package":PACKAGENAME]), "Category:Chiller Utilization"): Actual text and expected text of test object 'Object Repository/ShopOpen/ChillerUtilization/ChillerAvailable/Validate_ChillerProductsCategoriesScreen' are matched.

2019-04-08 16:25:13 - [MESSAGE][PASSED] - Actual text and expected text of test object 'Object Repository/ShopOpen/ChillerUtilization/ChillerAvailable/Validate_ChillerProductsCategoriesScreen' are matched.

2019-04-08 16:25:13 - [TEST_STEP][PASSED] - com.ct.qa.keywords.ChillerProductsDataKeywords.visitChillerAvailableProductCategories(1): com.ct.qa.keywords.ChillerProductsDataKeywords.visitChillerAvailableProductCategories is PASSED

2019-04-08 16:25:17 - [TEST_CASE][PASSED] - Test Cases/ShopOpen/ChillerUtilization/ChillerAvailable/VisitProductCategoryAssets: Test Cases/ShopOpen/ChillerUtilization/ChillerAvailable/VisitProductCategoryAssets

2019-04-08 16:25:18 - [TEST_STEP][PASSED] - verifyElementText(findTestObject("ShopOpen/ChillerUtilization/ChillerAvailable/Validate_ProductCategoryAssetScreen", ["package":PACKAGENAME]), "Facing"): Actual text and expected text of test object 'Object Repository/ShopOpen/ChillerUtilization/ChillerAvailable/Validate_ProductCategoryAssetScreen' are matched.

2019-04-08 16:25:20 - [MESSAGE][PASSED] - Actual text and expected text of test object 'Object Repository/ShopOpen/ChillerUtilization/ChillerAvailable/Validate_ProductCategoryAssetScreen' are matched.

2019-04-08 16:25:20 - [TEST_STEP][PASSED] - tap(findTestObject("ShopOpen/ChillerUtilization/ChillerAvailable/Facing", ["package":PACKAGENAME]), 0): Tapped on element 'Object Repository/ShopOpen/ChillerUtilization/ChillerAvailable/Facing'

2019-04-08 16:25:20 - [MESSAGE][WARNING] - Timeout '0' is invalid. Using default page load timeout: '6'

2019-04-08 16:25:20 - [MESSAGE][PASSED] - Tapped on element 'Object Repository/ShopOpen/ChillerUtilization/ChillerAvailable/Facing'

2019-04-08 16:25:20 - [TEST_STEP][PASSED] - verifyElementText(findTestObject("ShopOpen/ChillerUtilization/ChillerAvailable/Validate_FacingScreen", ["package":PACKAGENAME]), "Facing"): Actual text and expected text of test object 'Object Repository/ShopOpen/ChillerUtilization/ChillerAvailable/Validate_FacingScreen' are matched.

2019-04-08 16:25:22 - [MESSAGE][PASSED] - Actual text and expected text of test object 'Object Repository/ShopOpen/ChillerUtilization/ChillerAvailable/Validate_FacingScreen' are matched.

2019-04-08 16:25:22 - [TEST_STEP][PASSED] - com.ct.qa.keywords.ChillerProductsDataKeywords.visitChillerAvailableProductsData(CHILLER_FACING, "Facing"): com.ct.qa.keywords.ChillerProductsDataKeywords.visitChillerAvailableProductsData is PASSED

2019-04-08 16:25:25 - [MESSAGE][PASSED] - Keyboard is hidden

2019-04-08 16:25:27 - [MESSAGE][PASSED] - Swiped from 117,359 to 117,250

2019-04-08 16:25:27 - [MESSAGE][PASSED] - com.ct.qa.keywords.ChillerProductsDataKeywords.visitChillerAvailableProductsData is PASSED

2019-04-08 16:25:27 - [TEST_STEP][PASSED] - tap(findTestObject("ShopOpen/ChillerUtilization/ChillerAvailable/SubmitButton", ["package":PACKAGENAME]), 0): Tapped on element 'Object Repository/ShopOpen/ChillerUtilization/ChillerAvailable/SubmitButton'

2019-04-08 16:25:27 - [MESSAGE][WARNING] - Timeout '0' is invalid. Using default page load timeout: '6'

2019-04-08 16:25:28 - [MESSAGE][PASSED] - Tapped on element 'Object Repository/ShopOpen/ChillerUtilization/ChillerAvailable/SubmitButton'

2019-04-08 16:25:28 - [TEST_STEP][PASSED] - verifyElementText(findTestObject("ShopOpen/ChillerUtilization/ChillerAvailable/Validate_ProductCategoryAssetScreen", ["package":PACKAGENAME]), "Facing"): Actual text and expected text of test object 'Object Repository/ShopOpen/ChillerUtilization/ChillerAvailable/Validate_ProductCategoryAssetScreen' are matched.

2019-04-08 16:25:29 - [MESSAGE][PASSED] - Actual text and expected text of test object 'Object Repository/ShopOpen/ChillerUtilization/ChillerAvailable/Validate_ProductCategoryAssetScreen' are matched.

2019-04-08 16:25:29 - [TEST_STEP][PASSED] - tap(findTestObject("ShopOpen/ChillerUtilization/ChillerAvailable/Depth", ["package":PACKAGENAME]), 0): Tapped on element 'Object Repository/ShopOpen/ChillerUtilization/ChillerAvailable/Depth'

2019-04-08 16:25:29 - [MESSAGE][WARNING] - Timeout '0' is invalid. Using default page load timeout: '6'

2019-04-08 16:25:29 - [MESSAGE][PASSED] - Tapped on element 'Object Repository/ShopOpen/ChillerUtilization/ChillerAvailable/Depth'

2019-04-08 16:25:29 - [TEST_STEP][PASSED] - verifyElementText(findTestObject("ShopOpen/ChillerUtilization/ChillerAvailable/Validate_DepthScreen", ["package":PACKAGENAME]), "Depth"): Actual text and expected text of test object 'Object Repository/ShopOpen/ChillerUtilization/ChillerAvailable/Validate_DepthScreen' are matched.

2019-04-08 16:25:32 - [MESSAGE][PASSED] - Actual text and expected text of test object 'Object Repository/ShopOpen/ChillerUtilization/ChillerAvailable/Validate_DepthScreen' are matched.

2019-04-08 16:25:32 - [TEST_STEP][PASSED] - com.ct.qa.keywords.ChillerProductsDataKeywords.visitChillerAvailableProductsData(CHILLER_DEPTH, "Depth"): com.ct.qa.keywords.ChillerProductsDataKeywords.visitChillerAvailableProductsData is PASSED

2019-04-08 16:25:35 - [MESSAGE][PASSED] - Keyboard is hidden

2019-04-08 16:25:36 - [MESSAGE][PASSED] - Swiped from 117,359 to 117,250

2019-04-08 16:25:37 - [MESSAGE][PASSED] - com.ct.qa.keywords.ChillerProductsDataKeywords.visitChillerAvailableProductsData is PASSED

2019-04-08 16:25:37 - [TEST_STEP][PASSED] - tap(findTestObject("ShopOpen/ChillerUtilization/ChillerAvailable/SubmitButton", ["package":PACKAGENAME]), 0): Tapped on element 'Object Repository/ShopOpen/ChillerUtilization/ChillerAvailable/SubmitButton'

2019-04-08 16:25:37 - [MESSAGE][WARNING] - Timeout '0' is invalid. Using default page load timeout: '6'

2019-04-08 16:25:37 - [MESSAGE][PASSED] - Tapped on element 'Object Repository/ShopOpen/ChillerUtilization/ChillerAvailable/SubmitButton'

2019-04-08 16:25:37 - [TEST_STEP][PASSED] - verifyElementText(findTestObject("ShopOpen/ChillerUtilization/ChillerAvailable/Validate_ProductCategoryAssetScreen", ["package":PACKAGENAME]), "Facing"): Actual text and expected text of test object 'Object Repository/ShopOpen/ChillerUtilization/ChillerAvailable/Validate_ProductCategoryAssetScreen' are matched.

2019-04-08 16:25:38 - [MESSAGE][PASSED] - Actual text and expected text of test object 'Object Repository/ShopOpen/ChillerUtilization/ChillerAvailable/Validate_ProductCategoryAssetScreen' are matched.

2019-04-08 16:25:38 - [TEST_STEP][PASSED] - tap(findTestObject("ShopOpen/ChillerUtilization/ChillerAvailable/StockCount", ["package":PACKAGENAME]), 0): Tapped on element 'Object Repository/ShopOpen/ChillerUtilization/ChillerAvailable/StockCount'

2019-04-08 16:25:38 - [MESSAGE][WARNING] - Timeout '0' is invalid. Using default page load timeout: '6'

2019-04-08 16:25:39 - [MESSAGE][PASSED] - Tapped on element 'Object Repository/ShopOpen/ChillerUtilization/ChillerAvailable/StockCount'

2019-04-08 16:25:39 - [TEST_STEP][PASSED] - verifyElementText(findTestObject("ShopOpen/ChillerUtilization/ChillerAvailable/Validate_StockCountScreen", ["package":PACKAGENAME]), "Stock Count"): Actual text and expected text of test object 'Object Repository/ShopOpen/ChillerUtilization/ChillerAvailable/Validate_StockCountScreen' are matched.

2019-04-08 16:25:41 - [MESSAGE][PASSED] - Actual text and expected text of test object 'Object Repository/ShopOpen/ChillerUtilization/ChillerAvailable/Validate_StockCountScreen' are matched.

2019-04-08 16:25:41 - [TEST_STEP][PASSED] - com.ct.qa.keywords.ChillerProductsDataKeywords.visitChillerAvailableProductsData(CHILLER_STOCKCOUNT, "Stock Count"): com.ct.qa.keywords.ChillerProductsDataKeywords.visitChillerAvailableProductsData is PASSED

2019-04-08 16:25:45 - [MESSAGE][PASSED] - Keyboard is hidden

2019-04-08 16:25:47 - [MESSAGE][PASSED] - Swiped from 117,359 to 117,250

2019-04-08 16:25:47 - [MESSAGE][PASSED] - com.ct.qa.keywords.ChillerProductsDataKeywords.visitChillerAvailableProductsData is PASSED

2019-04-08 16:25:47 - [TEST_STEP][PASSED] - tap(findTestObject("ShopOpen/ChillerUtilization/ChillerAvailable/SubmitButton", ["package":PACKAGENAME]), 0): Tapped on element 'Object Repository/ShopOpen/ChillerUtilization/ChillerAvailable/SubmitButton'

2019-04-08 16:25:47 - [MESSAGE][WARNING] - Timeout '0' is invalid. Using default page load timeout: '6'

2019-04-08 16:25:48 - [MESSAGE][PASSED] - Tapped on element 'Object Repository/ShopOpen/ChillerUtilization/ChillerAvailable/SubmitButton'

2019-04-08 16:25:48 - [TEST_STEP][PASSED] - verifyElementText(findTestObject("ShopOpen/ChillerUtilization/ChillerAvailable/Validate_ProductCategoryAssetScreen", ["package":PACKAGENAME]), "Facing"): Actual text and expected text of test object 'Object Repository/ShopOpen/ChillerUtilization/ChillerAvailable/Validate_ProductCategoryAssetScreen' are matched.

2019-04-08 16:25:49 - [MESSAGE][PASSED] - Actual text and expected text of test object 'Object Repository/ShopOpen/ChillerUtilization/ChillerAvailable/Validate_ProductCategoryAssetScreen' are matched.

2019-04-08 16:25:49 - [TEST_STEP][PASSED] - tap(findTestObject("ShopOpen/ChillerUtilization/ChillerAvailable/PorductCategoryActions_BackButton", ["package":PACKAGENAME]), 0): Tapped on element 'Object Repository/ShopOpen/ChillerUtilization/ChillerAvailable/PorductCategoryActions_BackButton'

2019-04-08 16:25:49 - [MESSAGE][WARNING] - Timeout '0' is invalid. Using default page load timeout: '6'

2019-04-08 16:25:49 - [MESSAGE][PASSED] - Tapped on element 'Object Repository/ShopOpen/ChillerUtilization/ChillerAvailable/PorductCategoryActions_BackButton'

2019-04-08 16:25:49 - [TEST_STEP][PASSED] - verifyElementText(findTestObject("ShopOpen/ChillerUtilization/ChillerAvailable/Validate_ChillerProductsCategoriesScreen", ["package":PACKAGENAME]), "Category:Chiller Utilization"): Actual text and expected text of test object 'Object Repository/ShopOpen/ChillerUtilization/ChillerAvailable/Validate_ChillerProductsCategoriesScreen' are matched.

2019-04-08 16:25:50 - [MESSAGE][PASSED] - Actual text and expected text of test object 'Object Repository/ShopOpen/ChillerUtilization/ChillerAvailable/Validate_ChillerProductsCategoriesScreen' are matched.

2019-04-08 16:25:50 - [MESSAGE][PASSED] - Call Test Case 'Test Cases/ShopOpen/ChillerUtilization/ChillerAvailable/VisitProductCategoryAssets' successfully

2019-04-08 16:25:51 - [TEST_CASE][PASSED] - Test Cases/ShopOpen/ChillerUtilization/ChillerAvailable/VisitProductCategoryAssets: Test Cases/ShopOpen/ChillerUtilization/ChillerAvailable/VisitProductCategoryAssets

2019-04-08 16:25:51 - [TEST_STEP][PASSED] - verifyElementText(findTestObject("ShopOpen/ChillerUtilization/ChillerAvailable/Validate_ProductCategoryAssetScreen", ["package":PACKAGENAME]), "Facing"): Actual text and expected text of test object 'Object Repository/ShopOpen/ChillerUtilization/ChillerAvailable/Validate_ProductCategoryAssetScreen' are matched.

2019-04-08 16:25:53 - [MESSAGE][PASSED] - Actual text and expected text of test object 'Object Repository/ShopOpen/ChillerUtilization/ChillerAvailable/Validate_ProductCategoryAssetScreen' are matched.

2019-04-08 16:25:53 - [TEST_STEP][PASSED] - tap(findTestObject("ShopOpen/ChillerUtilization/ChillerAvailable/Facing", ["package":PACKAGENAME]), 0): Tapped on element 'Object Repository/ShopOpen/ChillerUtilization/ChillerAvailable/Facing'

2019-04-08 16:25:53 - [MESSAGE][WARNING] - Timeout '0' is invalid. Using default page load timeout: '6'

2019-04-08 16:25:53 - [MESSAGE][PASSED] - Tapped on element 'Object Repository/ShopOpen/ChillerUtilization/ChillerAvailable/Facing'

2019-04-08 16:25:53 - [TEST_STEP][PASSED] - verifyElementText(findTestObject("ShopOpen/ChillerUtilization/ChillerAvailable/Validate_FacingScreen", ["package":PACKAGENAME]), "Facing"): Actual text and expected text of test object 'Object Repository/ShopOpen/ChillerUtilization/ChillerAvailable/Validate_FacingScreen' are matched.

2019-04-08 16:25:55 - [MESSAGE][PASSED] - Actual text and expected text of test object 'Object Repository/ShopOpen/ChillerUtilization/ChillerAvailable/Validate_FacingScreen' are matched.

2019-04-08 16:25:55 - [TEST_STEP][PASSED] - com.ct.qa.keywords.ChillerProductsDataKeywords.visitChillerAvailableProductsData(CHILLER_FACING, "Facing"): com.ct.qa.keywords.ChillerProductsDataKeywords.visitChillerAvailableProductsData is PASSED

2019-04-08 16:25:59 - [MESSAGE][PASSED] - Keyboard is hidden

2019-04-08 16:26:02 - [MESSAGE][PASSED] - Keyboard is hidden

2019-04-08 16:26:05 - [MESSAGE][PASSED] - Keyboard is hidden

2019-04-08 16:26:07 - [MESSAGE][PASSED] - Swiped from 25,359 to 25,250

2019-04-08 16:26:08 - [MESSAGE][PASSED] - com.ct.qa.keywords.ChillerProductsDataKeywords.visitChillerAvailableProductsData is PASSED

2019-04-08 16:26:08 - [TEST_STEP][PASSED] - tap(findTestObject("ShopOpen/ChillerUtilization/ChillerAvailable/SubmitButton", ["package":PACKAGENAME]), 0): Tapped on element 'Object Repository/ShopOpen/ChillerUtilization/ChillerAvailable/SubmitButton'

2019-04-08 16:26:08 - [MESSAGE][WARNING] - Timeout '0' is invalid. Using default page load timeout: '6'

2019-04-08 16:26:08 - [MESSAGE][PASSED] - Tapped on element 'Object Repository/ShopOpen/ChillerUtilization/ChillerAvailable/SubmitButton'

2019-04-08 16:26:08 - [TEST_STEP][PASSED] - verifyElementText(findTestObject("ShopOpen/ChillerUtilization/ChillerAvailable/Validate_ProductCategoryAssetScreen", ["package":PACKAGENAME]), "Facing"): Actual text and expected text of test object 'Object Repository/ShopOpen/ChillerUtilization/ChillerAvailable/Validate_ProductCategoryAssetScreen' are matched.

2019-04-08 16:26:09 - [MESSAGE][PASSED] - Actual text and expected text of test object 'Object Repository/ShopOpen/ChillerUtilization/ChillerAvailable/Validate_ProductCategoryAssetScreen' are matched.

2019-04-08 16:26:09 - [TEST_STEP][PASSED] - tap(findTestObject("ShopOpen/ChillerUtilization/ChillerAvailable/Depth", ["package":PACKAGENAME]), 0): Tapped on element 'Object Repository/ShopOpen/ChillerUtilization/ChillerAvailable/Depth'

2019-04-08 16:26:09 - [MESSAGE][WARNING] - Timeout '0' is invalid. Using default page load timeout: '6'

2019-04-08 16:26:10 - [MESSAGE][PASSED] - Tapped on element 'Object Repository/ShopOpen/ChillerUtilization/ChillerAvailable/Depth'

2019-04-08 16:26:10 - [TEST_STEP][PASSED] - verifyElementText(findTestObject("ShopOpen/ChillerUtilization/ChillerAvailable/Validate_DepthScreen", ["package":PACKAGENAME]), "Depth"): Actual text and expected text of test object 'Object Repository/ShopOpen/ChillerUtilization/ChillerAvailable/Validate_DepthScreen' are matched.

2019-04-08 16:26:12 - [MESSAGE][PASSED] - Actual text and expected text of test object 'Object Repository/ShopOpen/ChillerUtilization/ChillerAvailable/Validate_DepthScreen' are matched.

2019-04-08 16:26:12 - [TEST_STEP][PASSED] - com.ct.qa.keywords.ChillerProductsDataKeywords.visitChillerAvailableProductsData(CHILLER_DEPTH, "Depth"): com.ct.qa.keywords.ChillerProductsDataKeywords.visitChillerAvailableProductsData is PASSED

2019-04-08 16:26:16 - [MESSAGE][PASSED] - Keyboard is hidden

2019-04-08 16:26:19 - [MESSAGE][PASSED] - Keyboard is hidden

2019-04-08 16:26:22 - [MESSAGE][PASSED] - Keyboard is hidden

2019-04-08 16:26:24 - [MESSAGE][PASSED] - Swiped from 25,359 to 25,250

2019-04-08 16:26:24 - [MESSAGE][PASSED] - com.ct.qa.keywords.ChillerProductsDataKeywords.visitChillerAvailableProductsData is PASSED

2019-04-08 16:26:24 - [TEST_STEP][PASSED] - tap(findTestObject("ShopOpen/ChillerUtilization/ChillerAvailable/SubmitButton", ["package":PACKAGENAME]), 0): Tapped on element 'Object Repository/ShopOpen/ChillerUtilization/ChillerAvailable/SubmitButton'

2019-04-08 16:26:24 - [MESSAGE][WARNING] - Timeout '0' is invalid. Using default page load timeout: '6'

2019-04-08 16:26:25 - [MESSAGE][PASSED] - Tapped on element 'Object Repository/ShopOpen/ChillerUtilization/ChillerAvailable/SubmitButton'

2019-04-08 16:26:25 - [TEST_STEP][PASSED] - verifyElementText(findTestObject("ShopOpen/ChillerUtilization/ChillerAvailable/Validate_ProductCategoryAssetScreen", ["package":PACKAGENAME]), "Facing"): Actual text and expected text of test object 'Object Repository/ShopOpen/ChillerUtilization/ChillerAvailable/Validate_ProductCategoryAssetScreen' are matched.

2019-04-08 16:26:26 - [MESSAGE][PASSED] - Actual text and expected text of test object 'Object Repository/ShopOpen/ChillerUtilization/ChillerAvailable/Validate_ProductCategoryAssetScreen' are matched.

2019-04-08 16:26:26 - [TEST_STEP][PASSED] - tap(findTestObject("ShopOpen/ChillerUtilization/ChillerAvailable/StockCount", ["package":PACKAGENAME]), 0): Tapped on element 'Object Repository/ShopOpen/ChillerUtilization/ChillerAvailable/StockCount'

2019-04-08 16:26:26 - [MESSAGE][WARNING] - Timeout '0' is invalid. Using default page load timeout: '6'

2019-04-08 16:26:26 - [MESSAGE][PASSED] - Tapped on element 'Object Repository/ShopOpen/ChillerUtilization/ChillerAvailable/StockCount'

2019-04-08 16:26:26 - [TEST_STEP][PASSED] - verifyElementText(findTestObject("ShopOpen/ChillerUtilization/ChillerAvailable/Validate_StockCountScreen", ["package":PACKAGENAME]), "Stock Count"): Actual text and expected text of test object 'Object Repository/ShopOpen/ChillerUtilization/ChillerAvailable/Validate_StockCountScreen' are matched.

2019-04-08 16:26:28 - [MESSAGE][PASSED] - Actual text and expected text of test object 'Object Repository/ShopOpen/ChillerUtilization/ChillerAvailable/Validate_StockCountScreen' are matched.

2019-04-08 16:26:28 - [TEST_STEP][PASSED] - com.ct.qa.keywords.ChillerProductsDataKeywords.visitChillerAvailableProductsData(CHILLER_STOCKCOUNT, "Stock Count"): com.ct.qa.keywords.ChillerProductsDataKeywords.visitChillerAvailableProductsData is PASSED

2019-04-08 16:26:31 - [MESSAGE][PASSED] - Keyboard is hidden

2019-04-08 16:26:34 - [MESSAGE][PASSED] - Keyboard is hidden

2019-04-08 16:26:37 - [MESSAGE][PASSED] - Keyboard is hidden

2019-04-08 16:26:39 - [MESSAGE][PASSED] - Swiped from 25,359 to 25,250

2019-04-08 16:26:40 - [MESSAGE][PASSED] - com.ct.qa.keywords.ChillerProductsDataKeywords.visitChillerAvailableProductsData is PASSED

2019-04-08 16:26:40 - [TEST_STEP][PASSED] - tap(findTestObject("ShopOpen/ChillerUtilization/ChillerAvailable/SubmitButton", ["package":PACKAGENAME]), 0): Tapped on element 'Object Repository/ShopOpen/ChillerUtilization/ChillerAvailable/SubmitButton'

2019-04-08 16:26:40 - [MESSAGE][WARNING] - Timeout '0' is invalid. Using default page load timeout: '6'

2019-04-08 16:26:40 - [MESSAGE][PASSED] - Tapped on element 'Object Repository/ShopOpen/ChillerUtilization/ChillerAvailable/SubmitButton'

2019-04-08 16:26:40 - [TEST_STEP][PASSED] - verifyElementText(findTestObject("ShopOpen/ChillerUtilization/ChillerAvailable/Validate_ProductCategoryAssetScreen", ["package":PACKAGENAME]), "Facing"): Actual text and expected text of test object 'Object Repository/ShopOpen/ChillerUtilization/ChillerAvailable/Validate_ProductCategoryAssetScreen' are matched.

2019-04-08 16:26:41 - [MESSAGE][PASSED] - Actual text and expected text of test object 'Object Repository/ShopOpen/ChillerUtilization/ChillerAvailable/Validate_ProductCategoryAssetScreen' are matched.

2019-04-08 16:26:41 - [TEST_STEP][PASSED] - tap(findTestObject("ShopOpen/ChillerUtilization/ChillerAvailable/PorductCategoryActions_BackButton", ["package":PACKAGENAME]), 0): Tapped on element 'Object Repository/ShopOpen/ChillerUtilization/ChillerAvailable/PorductCategoryActions_BackButton'

2019-04-08 16:26:41 - [MESSAGE][WARNING] - Timeout '0' is invalid. Using default page load timeout: '6'

2019-04-08 16:26:41 - [MESSAGE][PASSED] - Tapped on element 'Object Repository/ShopOpen/ChillerUtilization/ChillerAvailable/PorductCategoryActions_BackButton'

2019-04-08 16:26:41 - [TEST_STEP][PASSED] - verifyElementText(findTestObject("ShopOpen/ChillerUtilization/ChillerAvailable/Validate_ChillerProductsCategoriesScreen", ["package":PACKAGENAME]), "Category:Chiller Utilization"): Actual text and expected text of test object 'Object Repository/ShopOpen/ChillerUtilization/ChillerAvailable/Validate_ChillerProductsCategoriesScreen' are matched.

2019-04-08 16:26:42 - [MESSAGE][PASSED] - Actual text and expected text of test object 'Object Repository/ShopOpen/ChillerUtilization/ChillerAvailable/Validate_ChillerProductsCategoriesScreen' are matched.

2019-04-08 16:26:42 - [MESSAGE][PASSED] - Call Test Case 'Test Cases/ShopOpen/ChillerUtilization/ChillerAvailable/VisitProductCategoryAssets' successfully

2019-04-08 16:26:43 - [TEST_CASE][PASSED] - Test Cases/ShopOpen/ChillerUtilization/ChillerAvailable/VisitProductCategoryAssets: Test Cases/ShopOpen/ChillerUtilization/ChillerAvailable/VisitProductCategoryAssets

2019-04-08 16:26:43 - [TEST_STEP][PASSED] - verifyElementText(findTestObject("ShopOpen/ChillerUtilization/ChillerAvailable/Validate_ProductCategoryAssetScreen", ["package":PACKAGENAME]), "Facing"): Actual text and expected text of test object 'Object Repository/ShopOpen/ChillerUtilization/ChillerAvailable/Validate_ProductCategoryAssetScreen' are matched.

2019-04-08 16:26:45 - [MESSAGE][PASSED] - Actual text and expected text of test object 'Object Repository/ShopOpen/ChillerUtilization/ChillerAvailable/Validate_ProductCategoryAssetScreen' are matched.

2019-04-08 16:26:45 - [TEST_STEP][PASSED] - tap(findTestObject("ShopOpen/ChillerUtilization/ChillerAvailable/Facing", ["package":PACKAGENAME]), 0): Tapped on element 'Object Repository/ShopOpen/ChillerUtilization/ChillerAvailable/Facing'

2019-04-08 16:26:45 - [MESSAGE][WARNING] - Timeout '0' is invalid. Using default page load timeout: '6'

2019-04-08 16:26:45 - [MESSAGE][PASSED] - Tapped on element 'Object Repository/ShopOpen/ChillerUtilization/ChillerAvailable/Facing'

2019-04-08 16:26:45 - [TEST_STEP][PASSED] - verifyElementText(findTestObject("ShopOpen/ChillerUtilization/ChillerAvailable/Validate_FacingScreen", ["package":PACKAGENAME]), "Facing"): Actual text and expected text of test object 'Object Repository/ShopOpen/ChillerUtilization/ChillerAvailable/Validate_FacingScreen' are matched.

2019-04-08 16:26:47 - [MESSAGE][PASSED] - Actual text and expected text of test object 'Object Repository/ShopOpen/ChillerUtilization/ChillerAvailable/Validate_FacingScreen' are matched.

2019-04-08 16:26:47 - [TEST_STEP][PASSED] - com.ct.qa.keywords.ChillerProductsDataKeywords.visitChillerAvailableProductsData(CHILLER_FACING, "Facing"): com.ct.qa.keywords.ChillerProductsDataKeywords.visitChillerAvailableProductsData is PASSED

2019-04-08 16:26:51 - [MESSAGE][PASSED] - Keyboard is hidden

2019-04-08 16:26:54 - [MESSAGE][PASSED] - Keyboard is hidden

2019-04-08 16:26:57 - [MESSAGE][PASSED] - Keyboard is hidden

2019-04-08 16:27:00 - [MESSAGE][PASSED] - Keyboard is hidden

2019-04-08 16:27:03 - [MESSAGE][PASSED] - Keyboard is hidden

2019-04-08 16:27:06 - [MESSAGE][PASSED] - Keyboard is hidden

2019-04-08 16:27:08 - [MESSAGE][PASSED] - Swiped from 30,359 to 30,250

2019-04-08 16:27:13 - [MESSAGE][PASSED] - Keyboard is hidden

2019-04-08 16:27:15 - [MESSAGE][PASSED] - Swiped from 30,359 to 30,250

2019-04-08 16:27:20 - [MESSAGE][PASSED] - Keyboard is hidden

2019-04-08 16:27:22 - [MESSAGE][PASSED] - Swiped from 30,359 to 30,250

2019-04-08 16:27:28 - [MESSAGE][PASSED] - Keyboard is hidden

2019-04-08 16:27:30 - [MESSAGE][PASSED] - Swiped from 30,359 to 30,250

2019-04-08 16:27:35 - [MESSAGE][PASSED] - Keyboard is hidden

2019-04-08 16:27:37 - [MESSAGE][PASSED] - Swiped from 30,359 to 30,250

2019-04-08 16:27:39 - [MESSAGE][PASSED] - com.ct.qa.keywords.ChillerProductsDataKeywords.visitChillerAvailableProductsData is PASSED

2019-04-08 16:27:39 - [TEST_STEP][PASSED] - tap(findTestObject("ShopOpen/ChillerUtilization/ChillerAvailable/SubmitButton", ["package":PACKAGENAME]), 0): Tapped on element 'Object Repository/ShopOpen/ChillerUtilization/ChillerAvailable/SubmitButton'

2019-04-08 16:27:39 - [MESSAGE][WARNING] - Timeout '0' is invalid. Using default page load timeout: '6'

2019-04-08 16:27:40 - [MESSAGE][PASSED] - Tapped on element 'Object Repository/ShopOpen/ChillerUtilization/ChillerAvailable/SubmitButton'

2019-04-08 16:27:40 - [TEST_STEP][PASSED] - verifyElementText(findTestObject("ShopOpen/ChillerUtilization/ChillerAvailable/Validate_ProductCategoryAssetScreen", ["package":PACKAGENAME]), "Facing"): Actual text and expected text of test object 'Object Repository/ShopOpen/ChillerUtilization/ChillerAvailable/Validate_ProductCategoryAssetScreen' are matched.

2019-04-08 16:27:41 - [MESSAGE][PASSED] - Actual text and expected text of test object 'Object Repository/ShopOpen/ChillerUtilization/ChillerAvailable/Validate_ProductCategoryAssetScreen' are matched.

2019-04-08 16:27:41 - [TEST_STEP][PASSED] - tap(findTestObject("ShopOpen/ChillerUtilization/ChillerAvailable/Depth", ["package":PACKAGENAME]), 0): Tapped on element 'Object Repository/ShopOpen/ChillerUtilization/ChillerAvailable/Depth'

2019-04-08 16:27:41 - [MESSAGE][WARNING] - Timeout '0' is invalid. Using default page load timeout: '6'

2019-04-08 16:27:41 - [MESSAGE][PASSED] - Tapped on element 'Object Repository/ShopOpen/ChillerUtilization/ChillerAvailable/Depth'

2019-04-08 16:27:41 - [TEST_STEP][PASSED] - verifyElementText(findTestObject("ShopOpen/ChillerUtilization/ChillerAvailable/Validate_DepthScreen", ["package":PACKAGENAME]), "Depth"): Actual text and expected text of test object 'Object Repository/ShopOpen/ChillerUtilization/ChillerAvailable/Validate_DepthScreen' are matched.

2019-04-08 16:27:43 - [MESSAGE][PASSED] - Actual text and expected text of test object 'Object Repository/ShopOpen/ChillerUtilization/ChillerAvailable/Validate_DepthScreen' are matched.

2019-04-08 16:27:43 - [TEST_STEP][PASSED] - com.ct.qa.keywords.ChillerProductsDataKeywords.visitChillerAvailableProductsData(CHILLER_DEPTH, "Depth"): com.ct.qa.keywords.ChillerProductsDataKeywords.visitChillerAvailableProductsData is PASSED

2019-04-08 16:27:47 - [MESSAGE][PASSED] - Keyboard is hidden

2019-04-08 16:27:50 - [MESSAGE][PASSED] - Keyboard is hidden

2019-04-08 16:27:53 - [MESSAGE][PASSED] - Keyboard is hidden

2019-04-08 16:27:56 - [MESSAGE][PASSED] - Keyboard is hidden

2019-04-08 16:27:59 - [MESSAGE][PASSED] - Keyboard is hidden

2019-04-08 16:28:02 - [MESSAGE][PASSED] - Keyboard is hidden

2019-04-08 16:28:04 - [MESSAGE][PASSED] - Swiped from 30,359 to 30,250

2019-04-08 16:28:09 - [MESSAGE][PASSED] - Keyboard is hidden

2019-04-08 16:28:11 - [MESSAGE][PASSED] - Swiped from 30,359 to 30,250

2019-04-08 16:28:16 - [MESSAGE][PASSED] - Keyboard is hidden

2019-04-08 16:28:18 - [MESSAGE][PASSED] - Swiped from 30,359 to 30,250

2019-04-08 16:28:23 - [MESSAGE][PASSED] - Keyboard is hidden

2019-04-08 16:28:25 - [MESSAGE][PASSED] - Swiped from 30,359 to 30,250

2019-04-08 16:28:29 - [MESSAGE][PASSED] - Keyboard is hidden

2019-04-08 16:28:31 - [MESSAGE][PASSED] - Swiped from 30,359 to 30,250

2019-04-08 16:28:33 - [MESSAGE][PASSED] - com.ct.qa.keywords.ChillerProductsDataKeywords.visitChillerAvailableProductsData is PASSED

2019-04-08 16:28:33 - [TEST_STEP][PASSED] - tap(findTestObject("ShopOpen/ChillerUtilization/ChillerAvailable/SubmitButton", ["package":PACKAGENAME]), 0): Tapped on element 'Object Repository/ShopOpen/ChillerUtilization/ChillerAvailable/SubmitButton'

2019-04-08 16:28:33 - [MESSAGE][WARNING] - Timeout '0' is invalid. Using default page load timeout: '6'

2019-04-08 16:28:34 - [MESSAGE][PASSED] - Tapped on element 'Object Repository/ShopOpen/ChillerUtilization/ChillerAvailable/SubmitButton'

2019-04-08 16:28:34 - [TEST_STEP][PASSED] - verifyElementText(findTestObject("ShopOpen/ChillerUtilization/ChillerAvailable/Validate_ProductCategoryAssetScreen", ["package":PACKAGENAME]), "Facing"): Actual text and expected text of test object 'Object Repository/ShopOpen/ChillerUtilization/ChillerAvailable/Validate_ProductCategoryAssetScreen' are matched.

2019-04-08 16:28:35 - [MESSAGE][PASSED] - Actual text and expected text of test object 'Object Repository/ShopOpen/ChillerUtilization/ChillerAvailable/Validate_ProductCategoryAssetScreen' are matched.

2019-04-08 16:28:35 - [TEST_STEP][PASSED] - tap(findTestObject("ShopOpen/ChillerUtilization/ChillerAvailable/StockCount", ["package":PACKAGENAME]), 0): Tapped on element 'Object Repository/ShopOpen/ChillerUtilization/ChillerAvailable/StockCount'

2019-04-08 16:28:35 - [MESSAGE][WARNING] - Timeout '0' is invalid. Using default page load timeout: '6'

2019-04-08 16:28:35 - [MESSAGE][PASSED] - Tapped on element 'Object Repository/ShopOpen/ChillerUtilization/ChillerAvailable/StockCount'

2019-04-08 16:28:35 - [TEST_STEP][PASSED] - verifyElementText(findTestObject("ShopOpen/ChillerUtilization/ChillerAvailable/Validate_StockCountScreen", ["package":PACKAGENAME]), "Stock Count"): Actual text and expected text of test object 'Object Repository/ShopOpen/ChillerUtilization/ChillerAvailable/Validate_StockCountScreen' are matched.

2019-04-08 16:28:38 - [MESSAGE][PASSED] - Actual text and expected text of test object 'Object Repository/ShopOpen/ChillerUtilization/ChillerAvailable/Validate_StockCountScreen' are matched.

2019-04-08 16:28:38 - [TEST_STEP][PASSED] - com.ct.qa.keywords.ChillerProductsDataKeywords.visitChillerAvailableProductsData(CHILLER_STOCKCOUNT, "Stock Count"): com.ct.qa.keywords.ChillerProductsDataKeywords.visitChillerAvailableProductsData is PASSED

2019-04-08 16:28:42 - [MESSAGE][PASSED] - Keyboard is hidden

2019-04-08 16:28:45 - [MESSAGE][PASSED] - Keyboard is hidden

2019-04-08 16:28:48 - [MESSAGE][PASSED] - Keyboard is hidden

2019-04-08 16:28:51 - [MESSAGE][PASSED] - Keyboard is hidden

2019-04-08 16:28:54 - [MESSAGE][PASSED] - Keyboard is hidden

2019-04-08 16:28:57 - [MESSAGE][PASSED] - Keyboard is hidden

2019-04-08 16:28:59 - [MESSAGE][PASSED] - Swiped from 30,359 to 30,250

2019-04-08 16:29:03 - [MESSAGE][PASSED] - Keyboard is hidden

2019-04-08 16:29:05 - [MESSAGE][PASSED] - Swiped from 30,359 to 30,250

2019-04-08 16:29:10 - [MESSAGE][PASSED] - Keyboard is hidden

2019-04-08 16:29:12 - [MESSAGE][PASSED] - Swiped from 30,359 to 30,250

2019-04-08 16:29:17 - [MESSAGE][PASSED] - Keyboard is hidden

2019-04-08 16:29:19 - [MESSAGE][PASSED] - Swiped from 30,359 to 30,250

2019-04-08 16:29:24 - [MESSAGE][PASSED] - Keyboard is hidden

2019-04-08 16:29:26 - [MESSAGE][PASSED] - Swiped from 30,359 to 30,250

2019-04-08 16:29:28 - [MESSAGE][PASSED] - com.ct.qa.keywords.ChillerProductsDataKeywords.visitChillerAvailableProductsData is PASSED

2019-04-08 16:29:28 - [TEST_STEP][PASSED] - tap(findTestObject("ShopOpen/ChillerUtilization/ChillerAvailable/SubmitButton", ["package":PACKAGENAME]), 0): Tapped on element 'Object Repository/ShopOpen/ChillerUtilization/ChillerAvailable/SubmitButton'

2019-04-08 16:29:28 - [MESSAGE][WARNING] - Timeout '0' is invalid. Using default page load timeout: '6'

2019-04-08 16:29:29 - [MESSAGE][PASSED] - Tapped on element 'Object Repository/ShopOpen/ChillerUtilization/ChillerAvailable/SubmitButton'

2019-04-08 16:29:29 - [TEST_STEP][PASSED] - verifyElementText(findTestObject("ShopOpen/ChillerUtilization/ChillerAvailable/Validate_ProductCategoryAssetScreen", ["package":PACKAGENAME]), "Facing"): Actual text and expected text of test object 'Object Repository/ShopOpen/ChillerUtilization/ChillerAvailable/Validate_ProductCategoryAssetScreen' are matched.

2019-04-08 16:29:30 - [MESSAGE][PASSED] - Actual text and expected text of test object 'Object Repository/ShopOpen/ChillerUtilization/ChillerAvailable/Validate_ProductCategoryAssetScreen' are matched.

2019-04-08 16:29:30 - [TEST_STEP][PASSED] - tap(findTestObject("ShopOpen/ChillerUtilization/ChillerAvailable/PorductCategoryActions_BackButton", ["package":PACKAGENAME]), 0): Tapped on element 'Object Repository/ShopOpen/ChillerUtilization/ChillerAvailable/PorductCategoryActions_BackButton'

2019-04-08 16:29:30 - [MESSAGE][WARNING] - Timeout '0' is invalid. Using default page load timeout: '6'

2019-04-08 16:29:30 - [MESSAGE][PASSED] - Tapped on element 'Object Repository/ShopOpen/ChillerUtilization/ChillerAvailable/PorductCategoryActions_BackButton'

2019-04-08 16:29:30 - [TEST_STEP][PASSED] - verifyElementText(findTestObject("ShopOpen/ChillerUtilization/ChillerAvailable/Validate_ChillerProductsCategoriesScreen", ["package":PACKAGENAME]), "Category:Chiller Utilization"): Actual text and expected text of test object 'Object Repository/ShopOpen/ChillerUtilization/ChillerAvailable/Validate_ChillerProductsCategoriesScreen' are matched.

2019-04-08 16:29:31 - [MESSAGE][PASSED] - Actual text and expected text of test object 'Object Repository/ShopOpen/ChillerUtilization/ChillerAvailable/Validate_ChillerProductsCategoriesScreen' are matched.

2019-04-08 16:29:31 - [MESSAGE][PASSED] - Call Test Case 'Test Cases/ShopOpen/ChillerUtilization/ChillerAvailable/VisitProductCategoryAssets' successfully

2019-04-08 16:29:32 - [TEST_CASE][PASSED] - Test Cases/ShopOpen/ChillerUtilization/ChillerAvailable/VisitProductCategoryAssets: Test Cases/ShopOpen/ChillerUtilization/ChillerAvailable/VisitProductCategoryAssets

2019-04-08 16:29:32 - [TEST_STEP][PASSED] - verifyElementText(findTestObject("ShopOpen/ChillerUtilization/ChillerAvailable/Validate_ProductCategoryAssetScreen", ["package":PACKAGENAME]), "Facing"): Actual text and expected text of test object 'Object Repository/ShopOpen/ChillerUtilization/ChillerAvailable/Validate_ProductCategoryAssetScreen' are matched.

2019-04-08 16:29:35 - [MESSAGE][PASSED] - Actual text and expected text of test object 'Object Repository/ShopOpen/ChillerUtilization/ChillerAvailable/Validate_ProductCategoryAssetScreen' are matched.

2019-04-08 16:29:35 - [TEST_STEP][PASSED] - tap(findTestObject("ShopOpen/ChillerUtilization/ChillerAvailable/Facing", ["package":PACKAGENAME]), 0): Tapped on element 'Object Repository/ShopOpen/ChillerUtilization/ChillerAvailable/Facing'

2019-04-08 16:29:35 - [MESSAGE][WARNING] - Timeout '0' is invalid. Using default page load timeout: '6'

2019-04-08 16:29:35 - [MESSAGE][PASSED] - Tapped on element 'Object Repository/ShopOpen/ChillerUtilization/ChillerAvailable/Facing'

2019-04-08 16:29:35 - [TEST_STEP][PASSED] - verifyElementText(findTestObject("ShopOpen/ChillerUtilization/ChillerAvailable/Validate_FacingScreen", ["package":PACKAGENAME]), "Facing"): Actual text and expected text of test object 'Object Repository/ShopOpen/ChillerUtilization/ChillerAvailable/Validate_FacingScreen' are matched.

2019-04-08 16:29:37 - [MESSAGE][PASSED] - Actual text and expected text of test object 'Object Repository/ShopOpen/ChillerUtilization/ChillerAvailable/Validate_FacingScreen' are matched.

2019-04-08 16:29:37 - [TEST_STEP][PASSED] - com.ct.qa.keywords.ChillerProductsDataKeywords.visitChillerAvailableProductsData(CHILLER_FACING, "Facing"): com.ct.qa.keywords.ChillerProductsDataKeywords.visitChillerAvailableProductsData is PASSED

2019-04-08 16:29:40 - [MESSAGE][PASSED] - Keyboard is hidden

2019-04-08 16:29:43 - [MESSAGE][PASSED] - Keyboard is hidden

2019-04-08 16:29:44 - [MESSAGE][PASSED] - Swiped from 117,359 to 117,250

2019-04-08 16:29:45 - [MESSAGE][PASSED] - com.ct.qa.keywords.ChillerProductsDataKeywords.visitChillerAvailableProductsData is PASSED

2019-04-08 16:29:45 - [TEST_STEP][PASSED] - tap(findTestObject("ShopOpen/ChillerUtilization/ChillerAvailable/SubmitButton", ["package":PACKAGENAME]), 0): Tapped on element 'Object Repository/ShopOpen/ChillerUtilization/ChillerAvailable/SubmitButton'

2019-04-08 16:29:45 - [MESSAGE][WARNING] - Timeout '0' is invalid. Using default page load timeout: '6'

2019-04-08 16:29:46 - [MESSAGE][PASSED] - Tapped on element 'Object Repository/ShopOpen/ChillerUtilization/ChillerAvailable/SubmitButton'

2019-04-08 16:29:46 - [TEST_STEP][PASSED] - verifyElementText(findTestObject("ShopOpen/ChillerUtilization/ChillerAvailable/Validate_ProductCategoryAssetScreen", ["package":PACKAGENAME]), "Facing"): Actual text and expected text of test object 'Object Repository/ShopOpen/ChillerUtilization/ChillerAvailable/Validate_ProductCategoryAssetScreen' are matched.

2019-04-08 16:29:47 - [MESSAGE][PASSED] - Actual text and expected text of test object 'Object Repository/ShopOpen/ChillerUtilization/ChillerAvailable/Validate_ProductCategoryAssetScreen' are matched.

2019-04-08 16:29:47 - [TEST_STEP][PASSED] - tap(findTestObject("ShopOpen/ChillerUtilization/ChillerAvailable/Depth", ["package":PACKAGENAME]), 0): Tapped on element 'Object Repository/ShopOpen/ChillerUtilization/ChillerAvailable/Depth'

2019-04-08 16:29:47 - [MESSAGE][WARNING] - Timeout '0' is invalid. Using default page load timeout: '6'

2019-04-08 16:29:47 - [MESSAGE][PASSED] - Tapped on element 'Object Repository/ShopOpen/ChillerUtilization/ChillerAvailable/Depth'

2019-04-08 16:29:47 - [TEST_STEP][PASSED] - verifyElementText(findTestObject("ShopOpen/ChillerUtilization/ChillerAvailable/Validate_DepthScreen", ["package":PACKAGENAME]), "Depth"): Actual text and expected text of test object 'Object Repository/ShopOpen/ChillerUtilization/ChillerAvailable/Validate_DepthScreen' are matched.

2019-04-08 16:29:49 - [MESSAGE][PASSED] - Actual text and expected text of test object 'Object Repository/ShopOpen/ChillerUtilization/ChillerAvailable/Validate_DepthScreen' are matched.

2019-04-08 16:29:49 - [TEST_STEP][PASSED] - com.ct.qa.keywords.ChillerProductsDataKeywords.visitChillerAvailableProductsData(CHILLER_DEPTH, "Depth"): com.ct.qa.keywords.ChillerProductsDataKeywords.visitChillerAvailableProductsData is PASSED

2019-04-08 16:29:52 - [MESSAGE][PASSED] - Keyboard is hidden

2019-04-08 16:29:55 - [MESSAGE][PASSED] - Keyboard is hidden

2019-04-08 16:29:57 - [MESSAGE][PASSED] - Swiped from 117,359 to 117,250

2019-04-08 16:29:57 - [MESSAGE][PASSED] - com.ct.qa.keywords.ChillerProductsDataKeywords.visitChillerAvailableProductsData is PASSED

2019-04-08 16:29:57 - [TEST_STEP][PASSED] - tap(findTestObject("ShopOpen/ChillerUtilization/ChillerAvailable/SubmitButton", ["package":PACKAGENAME]), 0): Tapped on element 'Object Repository/ShopOpen/ChillerUtilization/ChillerAvailable/SubmitButton'

2019-04-08 16:29:57 - [MESSAGE][WARNING] - Timeout '0' is invalid. Using default page load timeout: '6'

2019-04-08 16:29:58 - [MESSAGE][PASSED] - Tapped on element 'Object Repository/ShopOpen/ChillerUtilization/ChillerAvailable/SubmitButton'

2019-04-08 16:29:58 - [TEST_STEP][PASSED] - verifyElementText(findTestObject("ShopOpen/ChillerUtilization/ChillerAvailable/Validate_ProductCategoryAssetScreen", ["package":PACKAGENAME]), "Facing"): Actual text and expected text of test object 'Object Repository/ShopOpen/ChillerUtilization/ChillerAvailable/Validate_ProductCategoryAssetScreen' are matched.

2019-04-08 16:29:59 - [MESSAGE][PASSED] - Actual text and expected text of test object 'Object Repository/ShopOpen/ChillerUtilization/ChillerAvailable/Validate_ProductCategoryAssetScreen' are matched.

2019-04-08 16:29:59 - [TEST_STEP][PASSED] - tap(findTestObject("ShopOpen/ChillerUtilization/ChillerAvailable/StockCount", ["package":PACKAGENAME]), 0): Tapped on element 'Object Repository/ShopOpen/ChillerUtilization/ChillerAvailable/StockCount'

2019-04-08 16:29:59 - [MESSAGE][WARNING] - Timeout '0' is invalid. Using default page load timeout: '6'

2019-04-08 16:29:59 - [MESSAGE][PASSED] - Tapped on element 'Object Repository/ShopOpen/ChillerUtilization/ChillerAvailable/StockCount'

2019-04-08 16:29:59 - [TEST_STEP][PASSED] - verifyElementText(findTestObject("ShopOpen/ChillerUtilization/ChillerAvailable/Validate_StockCountScreen", ["package":PACKAGENAME]), "Stock Count"): Actual text and expected text of test object 'Object Repository/ShopOpen/ChillerUtilization/ChillerAvailable/Validate_StockCountScreen' are matched.

2019-04-08 16:30:01 - [MESSAGE][PASSED] - Actual text and expected text of test object 'Object Repository/ShopOpen/ChillerUtilization/ChillerAvailable/Validate_StockCountScreen' are matched.

2019-04-08 16:30:01 - [TEST_STEP][PASSED] - com.ct.qa.keywords.ChillerProductsDataKeywords.visitChillerAvailableProductsData(CHILLER_STOCKCOUNT, "Stock Count"): com.ct.qa.keywords.ChillerProductsDataKeywords.visitChillerAvailableProductsData is PASSED

2019-04-08 16:30:04 - [MESSAGE][PASSED] - Keyboard is hidden

2019-04-08 16:30:07 - [MESSAGE][PASSED] - Keyboard is hidden

2019-04-08 16:30:09 - [MESSAGE][PASSED] - Swiped from 117,359 to 117,250

2019-04-08 16:30:09 - [MESSAGE][PASSED] - com.ct.qa.keywords.ChillerProductsDataKeywords.visitChillerAvailableProductsData is PASSED

2019-04-08 16:30:09 - [TEST_STEP][PASSED] - tap(findTestObject("ShopOpen/ChillerUtilization/ChillerAvailable/SubmitButton", ["package":PACKAGENAME]), 0): Tapped on element 'Object Repository/ShopOpen/ChillerUtilization/ChillerAvailable/SubmitButton'

2019-04-08 16:30:09 - [MESSAGE][WARNING] - Timeout '0' is invalid. Using default page load timeout: '6'

2019-04-08 16:30:10 - [MESSAGE][PASSED] - Tapped on element 'Object Repository/ShopOpen/ChillerUtilization/ChillerAvailable/SubmitButton'

2019-04-08 16:30:10 - [TEST_STEP][PASSED] - verifyElementText(findTestObject("ShopOpen/ChillerUtilization/ChillerAvailable/Validate_ProductCategoryAssetScreen", ["package":PACKAGENAME]), "Facing"): Actual text and expected text of test object 'Object Repository/ShopOpen/ChillerUtilization/ChillerAvailable/Validate_ProductCategoryAssetScreen' are matched.

2019-04-08 16:30:11 - [MESSAGE][PASSED] - Actual text and expected text of test object 'Object Repository/ShopOpen/ChillerUtilization/ChillerAvailable/Validate_ProductCategoryAssetScreen' are matched.

2019-04-08 16:30:11 - [TEST_STEP][PASSED] - tap(findTestObject("ShopOpen/ChillerUtilization/ChillerAvailable/PorductCategoryActions_BackButton", ["package":PACKAGENAME]), 0): Tapped on element 'Object Repository/ShopOpen/ChillerUtilization/ChillerAvailable/PorductCategoryActions_BackButton'

2019-04-08 16:30:11 - [MESSAGE][WARNING] - Timeout '0' is invalid. Using default page load timeout: '6'

2019-04-08 16:30:11 - [MESSAGE][PASSED] - Tapped on element 'Object Repository/ShopOpen/ChillerUtilization/ChillerAvailable/PorductCategoryActions_BackButton'

2019-04-08 16:30:11 - [TEST_STEP][PASSED] - verifyElementText(findTestObject("ShopOpen/ChillerUtilization/ChillerAvailable/Validate_ChillerProductsCategoriesScreen", ["package":PACKAGENAME]), "Category:Chiller Utilization"): Actual text and expected text of test object 'Object Repository/ShopOpen/ChillerUtilization/ChillerAvailable/Validate_ChillerProductsCategoriesScreen' are matched.

2019-04-08 16:30:12 - [MESSAGE][PASSED] - Actual text and expected text of test object 'Object Repository/ShopOpen/ChillerUtilization/ChillerAvailable/Validate_ChillerProductsCategoriesScreen' are matched.

2019-04-08 16:30:12 - [MESSAGE][PASSED] - Call Test Case 'Test Cases/ShopOpen/ChillerUtilization/ChillerAvailable/VisitProductCategoryAssets' successfully

2019-04-08 16:30:13 - [TEST_CASE][PASSED] - Test Cases/ShopOpen/ChillerUtilization/ChillerAvailable/VisitProductCategoryAssets: Test Cases/ShopOpen/ChillerUtilization/ChillerAvailable/VisitProductCategoryAssets

2019-04-08 16:30:13 - [TEST_STEP][PASSED] - verifyElementText(findTestObject("ShopOpen/ChillerUtilization/ChillerAvailable/Validate_ProductCategoryAssetScreen", ["package":PACKAGENAME]), "Facing"): Actual text and expected text of test object 'Object Repository/ShopOpen/ChillerUtilization/ChillerAvailable/Validate_ProductCategoryAssetScreen' are matched.

2019-04-08 16:30:16 - [MESSAGE][PASSED] - Actual text and expected text of test object 'Object Repository/ShopOpen/ChillerUtilization/ChillerAvailable/Validate_ProductCategoryAssetScreen' are matched.

2019-04-08 16:30:16 - [TEST_STEP][PASSED] - tap(findTestObject("ShopOpen/ChillerUtilization/ChillerAvailable/Facing", ["package":PACKAGENAME]), 0): Tapped on element 'Object Repository/ShopOpen/ChillerUtilization/ChillerAvailable/Facing'

2019-04-08 16:30:16 - [MESSAGE][WARNING] - Timeout '0' is invalid. Using default page load timeout: '6'

2019-04-08 16:30:16 - [MESSAGE][PASSED] - Tapped on element 'Object Repository/ShopOpen/ChillerUtilization/ChillerAvailable/Facing'

2019-04-08 16:30:16 - [TEST_STEP][PASSED] - verifyElementText(findTestObject("ShopOpen/ChillerUtilization/ChillerAvailable/Validate_FacingScreen", ["package":PACKAGENAME]), "Facing"): Actual text and expected text of test object 'Object Repository/ShopOpen/ChillerUtilization/ChillerAvailable/Validate_FacingScreen' are matched.

2019-04-08 16:30:19 - [MESSAGE][PASSED] - Actual text and expected text of test object 'Object Repository/ShopOpen/ChillerUtilization/ChillerAvailable/Validate_FacingScreen' are matched.

2019-04-08 16:30:19 - [TEST_STEP][PASSED] - com.ct.qa.keywords.ChillerProductsDataKeywords.visitChillerAvailableProductsData(CHILLER_FACING, "Facing"): com.ct.qa.keywords.ChillerProductsDataKeywords.visitChillerAvailableProductsData is PASSED

2019-04-08 16:30:23 - [MESSAGE][PASSED] - Keyboard is hidden

2019-04-08 16:30:26 - [MESSAGE][PASSED] - Keyboard is hidden

2019-04-08 16:30:29 - [MESSAGE][PASSED] - Keyboard is hidden

2019-04-08 16:30:32 - [MESSAGE][PASSED] - Keyboard is hidden

2019-04-08 16:30:35 - [MESSAGE][PASSED] - Keyboard is hidden

2019-04-08 16:30:38 - [MESSAGE][PASSED] - Keyboard is hidden

2019-04-08 16:30:40 - [MESSAGE][PASSED] - Swiped from 18,359 to 18,250

2019-04-08 16:30:45 - [MESSAGE][PASSED] - Keyboard is hidden

2019-04-08 16:30:47 - [MESSAGE][PASSED] - Swiped from 18,359 to 18,250

2019-04-08 16:30:52 - [MESSAGE][PASSED] - Keyboard is hidden

2019-04-08 16:30:54 - [MESSAGE][PASSED] - Swiped from 18,359 to 18,250

2019-04-08 16:30:56 - [MESSAGE][PASSED] - com.ct.qa.keywords.ChillerProductsDataKeywords.visitChillerAvailableProductsData is PASSED

2019-04-08 16:30:56 - [TEST_STEP][PASSED] - tap(findTestObject("ShopOpen/ChillerUtilization/ChillerAvailable/SubmitButton", ["package":PACKAGENAME]), 0): Tapped on element 'Object Repository/ShopOpen/ChillerUtilization/ChillerAvailable/SubmitButton'

2019-04-08 16:30:56 - [MESSAGE][WARNING] - Timeout '0' is invalid. Using default page load timeout: '6'

2019-04-08 16:30:57 - [MESSAGE][PASSED] - Tapped on element 'Object Repository/ShopOpen/ChillerUtilization/ChillerAvailable/SubmitButton'

2019-04-08 16:30:57 - [TEST_STEP][PASSED] - verifyElementText(findTestObject("ShopOpen/ChillerUtilization/ChillerAvailable/Validate_ProductCategoryAssetScreen", ["package":PACKAGENAME]), "Facing"): Actual text and expected text of test object 'Object Repository/ShopOpen/ChillerUtilization/ChillerAvailable/Validate_ProductCategoryAssetScreen' are matched.

2019-04-08 16:30:58 - [MESSAGE][PASSED] - Actual text and expected text of test object 'Object Repository/ShopOpen/ChillerUtilization/ChillerAvailable/Validate_ProductCategoryAssetScreen' are matched.

2019-04-08 16:30:58 - [TEST_STEP][PASSED] - tap(findTestObject("ShopOpen/ChillerUtilization/ChillerAvailable/Depth", ["package":PACKAGENAME]), 0): Tapped on element 'Object Repository/ShopOpen/ChillerUtilization/ChillerAvailable/Depth'

2019-04-08 16:30:58 - [MESSAGE][WARNING] - Timeout '0' is invalid. Using default page load timeout: '6'

2019-04-08 16:30:58 - [MESSAGE][PASSED] - Tapped on element 'Object Repository/ShopOpen/ChillerUtilization/ChillerAvailable/Depth'

2019-04-08 16:30:58 - [TEST_STEP][PASSED] - verifyElementText(findTestObject("ShopOpen/ChillerUtilization/ChillerAvailable/Validate_DepthScreen", ["package":PACKAGENAME]), "Depth"): Actual text and expected text of test object 'Object Repository/ShopOpen/ChillerUtilization/ChillerAvailable/Validate_DepthScreen' are matched.

2019-04-08 16:31:00 - [MESSAGE][PASSED] - Actual text and expected text of test object 'Object Repository/ShopOpen/ChillerUtilization/ChillerAvailable/Validate_DepthScreen' are matched.

2019-04-08 16:31:00 - [TEST_STEP][PASSED] - com.ct.qa.keywords.ChillerProductsDataKeywords.visitChillerAvailableProductsData(CHILLER_DEPTH, "Depth"): com.ct.qa.keywords.ChillerProductsDataKeywords.visitChillerAvailableProductsData is PASSED

2019-04-08 16:31:04 - [MESSAGE][PASSED] - Keyboard is hidden

2019-04-08 16:31:07 - [MESSAGE][PASSED] - Keyboard is hidden

2019-04-08 16:31:10 - [MESSAGE][PASSED] - Keyboard is hidden

2019-04-08 16:31:13 - [MESSAGE][PASSED] - Keyboard is hidden

2019-04-08 16:31:16 - [MESSAGE][PASSED] - Keyboard is hidden

2019-04-08 16:31:19 - [MESSAGE][PASSED] - Keyboard is hidden

2019-04-08 16:31:21 - [MESSAGE][PASSED] - Swiped from 18,359 to 18,250

2019-04-08 16:31:26 - [MESSAGE][PASSED] - Keyboard is hidden

2019-04-08 16:31:28 - [MESSAGE][PASSED] - Swiped from 18,359 to 18,250

2019-04-08 16:31:33 - [MESSAGE][PASSED] - Keyboard is hidden

2019-04-08 16:31:35 - [MESSAGE][PASSED] - Swiped from 18,359 to 18,250

2019-04-08 16:31:37 - [MESSAGE][PASSED] - com.ct.qa.keywords.ChillerProductsDataKeywords.visitChillerAvailableProductsData is PASSED

2019-04-08 16:31:37 - [TEST_STEP][PASSED] - tap(findTestObject("ShopOpen/ChillerUtilization/ChillerAvailable/SubmitButton", ["package":PACKAGENAME]), 0): Tapped on element 'Object Repository/ShopOpen/ChillerUtilization/ChillerAvailable/SubmitButton'

2019-04-08 16:31:37 - [MESSAGE][WARNING] - Timeout '0' is invalid. Using default page load timeout: '6'

2019-04-08 16:31:38 - [MESSAGE][PASSED] - Tapped on element 'Object Repository/ShopOpen/ChillerUtilization/ChillerAvailable/SubmitButton'

2019-04-08 16:31:38 - [TEST_STEP][PASSED] - verifyElementText(findTestObject("ShopOpen/ChillerUtilization/ChillerAvailable/Validate_ProductCategoryAssetScreen", ["package":PACKAGENAME]), "Facing"): Actual text and expected text of test object 'Object Repository/ShopOpen/ChillerUtilization/ChillerAvailable/Validate_ProductCategoryAssetScreen' are matched.

2019-04-08 16:31:39 - [MESSAGE][PASSED] - Actual text and expected text of test object 'Object Repository/ShopOpen/ChillerUtilization/ChillerAvailable/Validate_ProductCategoryAssetScreen' are matched.

2019-04-08 16:31:39 - [TEST_STEP][PASSED] - tap(findTestObject("ShopOpen/ChillerUtilization/ChillerAvailable/StockCount", ["package":PACKAGENAME]), 0): Tapped on element 'Object Repository/ShopOpen/ChillerUtilization/ChillerAvailable/StockCount'

2019-04-08 16:31:39 - [MESSAGE][WARNING] - Timeout '0' is invalid. Using default page load timeout: '6'

2019-04-08 16:31:39 - [MESSAGE][PASSED] - Tapped on element 'Object Repository/ShopOpen/ChillerUtilization/ChillerAvailable/StockCount'

2019-04-08 16:31:39 - [TEST_STEP][PASSED] - verifyElementText(findTestObject("ShopOpen/ChillerUtilization/ChillerAvailable/Validate_StockCountScreen", ["package":PACKAGENAME]), "Stock Count"): Actual text and expected text of test object 'Object Repository/ShopOpen/ChillerUtilization/ChillerAvailable/Validate_StockCountScreen' are matched.

2019-04-08 16:31:41 - [MESSAGE][PASSED] - Actual text and expected text of test object 'Object Repository/ShopOpen/ChillerUtilization/ChillerAvailable/Validate_StockCountScreen' are matched.

2019-04-08 16:31:41 - [TEST_STEP][PASSED] - com.ct.qa.keywords.ChillerProductsDataKeywords.visitChillerAvailableProductsData(CHILLER_STOCKCOUNT, "Stock Count"): com.ct.qa.keywords.ChillerProductsDataKeywords.visitChillerAvailableProductsData is PASSED

2019-04-08 16:31:45 - [MESSAGE][PASSED] - Keyboard is hidden

2019-04-08 16:31:48 - [MESSAGE][PASSED] - Keyboard is hidden

2019-04-08 16:31:51 - [MESSAGE][PASSED] - Keyboard is hidden

2019-04-08 16:31:54 - [MESSAGE][PASSED] - Keyboard is hidden

2019-04-08 16:31:57 - [MESSAGE][PASSED] - Keyboard is hidden

2019-04-08 16:32:00 - [MESSAGE][PASSED] - Keyboard is hidden

2019-04-08 16:32:02 - [MESSAGE][PASSED] - Swiped from 18,359 to 18,250

2019-04-08 16:32:08 - [MESSAGE][PASSED] - Keyboard is hidden

2019-04-08 16:32:10 - [MESSAGE][PASSED] - Swiped from 18,359 to 18,250

2019-04-08 16:32:14 - [MESSAGE][PASSED] - Keyboard is hidden

2019-04-08 16:32:16 - [MESSAGE][PASSED] - Swiped from 18,359 to 18,250

2019-04-08 16:32:18 - [MESSAGE][PASSED] - com.ct.qa.keywords.ChillerProductsDataKeywords.visitChillerAvailableProductsData is PASSED

2019-04-08 16:32:18 - [TEST_STEP][PASSED] - tap(findTestObject("ShopOpen/ChillerUtilization/ChillerAvailable/SubmitButton", ["package":PACKAGENAME]), 0): Tapped on element 'Object Repository/ShopOpen/ChillerUtilization/ChillerAvailable/SubmitButton'

2019-04-08 16:32:18 - [MESSAGE][WARNING] - Timeout '0' is invalid. Using default page load timeout: '6'

2019-04-08 16:32:19 - [MESSAGE][PASSED] - Tapped on element 'Object Repository/ShopOpen/ChillerUtilization/ChillerAvailable/SubmitButton'

2019-04-08 16:32:19 - [TEST_STEP][PASSED] - verifyElementText(findTestObject("ShopOpen/ChillerUtilization/ChillerAvailable/Validate_ProductCategoryAssetScreen", ["package":PACKAGENAME]), "Facing"): Actual text and expected text of test object 'Object Repository/ShopOpen/ChillerUtilization/ChillerAvailable/Validate_ProductCategoryAssetScreen' are matched.

2019-04-08 16:32:20 - [MESSAGE][PASSED] - Actual text and expected text of test object 'Object Repository/ShopOpen/ChillerUtilization/ChillerAvailable/Validate_ProductCategoryAssetScreen' are matched.

2019-04-08 16:32:20 - [TEST_STEP][PASSED] - tap(findTestObject("ShopOpen/ChillerUtilization/ChillerAvailable/PorductCategoryActions_BackButton", ["package":PACKAGENAME]), 0): Tapped on element 'Object Repository/ShopOpen/ChillerUtilization/ChillerAvailable/PorductCategoryActions_BackButton'

2019-04-08 16:32:20 - [MESSAGE][WARNING] - Timeout '0' is invalid. Using default page load timeout: '6'

2019-04-08 16:32:20 - [MESSAGE][PASSED] - Tapped on element 'Object Repository/ShopOpen/ChillerUtilization/ChillerAvailable/PorductCategoryActions_BackButton'

2019-04-08 16:32:20 - [TEST_STEP][PASSED] - verifyElementText(findTestObject("ShopOpen/ChillerUtilization/ChillerAvailable/Validate_ChillerProductsCategoriesScreen", ["package":PACKAGENAME]), "Category:Chiller Utilization"): Actual text and expected text of test object 'Object Repository/ShopOpen/ChillerUtilization/ChillerAvailable/Validate_ChillerProductsCategoriesScreen' are matched.

2019-04-08 16:32:21 - [MESSAGE][PASSED] - Actual text and expected text of test object 'Object Repository/ShopOpen/ChillerUtilization/ChillerAvailable/Validate_ChillerProductsCategoriesScreen' are matched.

2019-04-08 16:32:21 - [MESSAGE][PASSED] - Call Test Case 'Test Cases/ShopOpen/ChillerUtilization/ChillerAvailable/VisitProductCategoryAssets' successfully

2019-04-08 16:32:21 - [MESSAGE][PASSED] - com.ct.qa.keywords.ChillerProductsDataKeywords.visitChillerAvailableProductCategories is PASSED

2019-04-08 16:32:21 - [TEST_STEP][PASSED] - com.ct.qa.keywords.CommonKeywords.visitPlanogramImageViewButton(): com.ct.qa.keywords.CommonKeywords.visitPlanogramImageViewButton is PASSED

2019-04-08 16:32:23 - [MESSAGE][WARNING] - Timeout '0' is invalid. Using default page load timeout: '6'

2019-04-08 16:32:30 - [MESSAGE][WARNING] - Object Object Repository/CommonScreenElements/InfoPopUp_OKButton not found
[[ATTACHMENT|F:\\Git Projects\\MMAPlus_Merchandising\\MMAPlus_Merchandising\\Reports\\MMA Plus Merchandiser With Chiller Level Overwrite Scenarios\\20190408_162214\\1554723149557.png]]

2019-04-08 16:32:31 - [MESSAGE][PASSED] - com.ct.qa.keywords.CommonKeywords.visitPlanogramImageViewButton is PASSED

2019-04-08 16:32:31 - [TEST_STEP][PASSED] - verifyElementText(findTestObject("ShopOpen/ChillerUtilization/ChillerAvailable/Validate_ChillerProductsCategoriesScreen", ["package":PACKAGENAME]), "Category:Chiller Utilization"): Actual text and expected text of test object 'Object Repository/ShopOpen/ChillerUtilization/ChillerAvailable/Validate_ChillerProductsCategoriesScreen' are matched.

2019-04-08 16:32:32 - [MESSAGE][PASSED] - Actual text and expected text of test object 'Object Repository/ShopOpen/ChillerUtilization/ChillerAvailable/Validate_ChillerProductsCategoriesScreen' are matched.

2019-04-08 16:32:32 - [TEST_STEP][PASSED] - com.ct.qa.keywords.CommonKeywords.visitPictureImageViewButton(): com.ct.qa.keywords.CommonKeywords.visitPictureImageViewButton is PASSED

2019-04-08 16:32:34 - [MESSAGE][PASSED] - com.ct.qa.keywords.CommonKeywords.visitPictureImageViewButton is PASSED

2019-04-08 16:32:34 - [TEST_STEP][PASSED] - verifyElementText(findTestObject("ShopOpen/ChillerUtilization/ChillerAvailable/Validate_ChillerProductsCategoriesScreen", ["package":PACKAGENAME]), "Category:Chiller Utilization"): Actual text and expected text of test object 'Object Repository/ShopOpen/ChillerUtilization/ChillerAvailable/Validate_ChillerProductsCategoriesScreen' are matched.

2019-04-08 16:32:34 - [MESSAGE][PASSED] - Actual text and expected text of test object 'Object Repository/ShopOpen/ChillerUtilization/ChillerAvailable/Validate_ChillerProductsCategoriesScreen' are matched.

2019-04-08 16:32:34 - [TEST_STEP][PASSED] - com.ct.qa.keywords.CommonKeywords.visitBackImageViewButton(): com.ct.qa.keywords.CommonKeywords.visitBackImageViewButton is PASSED

2019-04-08 16:32:36 - [MESSAGE][PASSED] - com.ct.qa.keywords.CommonKeywords.visitBackImageViewButton is PASSED

2019-04-08 16:32:36 - [TEST_STEP][PASSED] - verifyElementText(findTestObject("ShopOpen/ChillerUtilization/Validate_ChillerUtilizationScreen", ["package":PACKAGENAME]), "Shop Chillers"): Actual text and expected text of test object 'Object Repository/ShopOpen/ChillerUtilization/Validate_ChillerUtilizationScreen' are matched.

2019-04-08 16:32:37 - [MESSAGE][PASSED] - Actual text and expected text of test object 'Object Repository/ShopOpen/ChillerUtilization/Validate_ChillerUtilizationScreen' are matched.

2019-04-08 16:32:37 - [MESSAGE][PASSED] - Call Test Case 'Test Cases/ShopOpen/ChillerUtilization/ChillerAvailable/VisitChillerAvailable' successfully

2019-04-08 16:32:39 - [MESSAGE][WARNING] - Timeout '0' is invalid. Using default page load timeout: '6'

2019-04-08 16:32:41 - [MESSAGE][PASSED] - Element 'Object Repository/CommonScreenElements/Validate_CameraScreen' is exist

2019-04-08 16:32:41 - [MESSAGE][WARNING] - Timeout '0' is invalid. Using default page load timeout: '6'

2019-04-08 16:32:44 - [MESSAGE][PASSED] - Tapped on element 'Object Repository/CommonScreenElements/Camera_flashButton'

2019-04-08 16:32:44 - [MESSAGE][WARNING] - Timeout '0' is invalid. Using default page load timeout: '6'

2019-04-08 16:32:47 - [MESSAGE][PASSED] - Tapped on element 'Object Repository/CommonScreenElements/Camera_TakePictureButton'

2019-04-08 16:32:52 - [MESSAGE][PASSED] - Delayed 5 second(s)

2019-04-08 16:32:52 - [MESSAGE][WARNING] - Timeout '0' is invalid. Using default page load timeout: '6'

2019-04-08 16:32:53 - [MESSAGE][PASSED] - Tapped on element 'Object Repository/CommonScreenElements/Camera_DoneButton'

2019-04-08 16:32:56 - [TEST_CASE][PASSED] - Test Cases/ShopOpen/ChillerUtilization/ChillerAvailable/VisitChillerAvailable: Test Cases/ShopOpen/ChillerUtilization/ChillerAvailable/VisitChillerAvailable

2019-04-08 16:32:56 - [TEST_STEP][PASSED] - verifyElementExist(findTestObject("ShopOpen/ChillerUtilization/ChillerAvailable/Validate_ChillerAvailableScreen", ["package":PACKAGENAME]), 0): Element 'Object Repository/ShopOpen/ChillerUtilization/ChillerAvailable/Validate_ChillerAvailableScreen' is exist

2019-04-08 16:32:56 - [MESSAGE][WARNING] - Timeout '0' is invalid. Using default page load timeout: '6'

2019-04-08 16:32:58 - [MESSAGE][PASSED] - Element 'Object Repository/ShopOpen/ChillerUtilization/ChillerAvailable/Validate_ChillerAvailableScreen' is exist

2019-04-08 16:32:58 - [TEST_STEP][PASSED] - tap(findTestObject("ShopOpen/ChillerUtilization/ChillerAvailable/Planogram_ImageView", ["package":PACKAGENAME]), 0): Tapped on element 'Object Repository/ShopOpen/ChillerUtilization/ChillerAvailable/Planogram_ImageView'

2019-04-08 16:32:58 - [MESSAGE][WARNING] - Timeout '0' is invalid. Using default page load timeout: '6'

2019-04-08 16:32:58 - [MESSAGE][PASSED] - Tapped on element 'Object Repository/ShopOpen/ChillerUtilization/ChillerAvailable/Planogram_ImageView'

2019-04-08 16:32:58 - [TEST_STEP][PASSED] - com.ct.qa.keywords.CommonKeywords.checkPlanogramAvailability(): com.ct.qa.keywords.CommonKeywords.checkPlanogramAvailability is PASSED

2019-04-08 16:32:58 - [MESSAGE][WARNING] - Timeout '0' is invalid. Using default page load timeout: '6'

2019-04-08 16:33:05 - [MESSAGE][WARNING] - Object Object Repository/CommonScreenElements/InfoPopUp_OKButton not found
[[ATTACHMENT|F:\\Git Projects\\MMAPlus_Merchandising\\MMAPlus_Merchandising\\Reports\\MMA Plus Merchandiser With Chiller Level Overwrite Scenarios\\20190408_162214\\1554723184672.png]]

2019-04-08 16:33:05 - [MESSAGE][PASSED] - com.ct.qa.keywords.CommonKeywords.checkPlanogramAvailability is PASSED

2019-04-08 16:33:05 - [TEST_STEP][PASSED] - com.ct.qa.keywords.CommonKeywords.closePlanogram(): com.ct.qa.keywords.CommonKeywords.closePlanogram is PASSED

2019-04-08 16:33:06 - [MESSAGE][PASSED] - com.ct.qa.keywords.CommonKeywords.closePlanogram is PASSED

2019-04-08 16:33:06 - [TEST_STEP][PASSED] - verifyElementExist(findTestObject("ShopOpen/ChillerUtilization/ChillerAvailable/Validate_ChillerAvailableScreen", ["package":PACKAGENAME]), 0): Element 'Object Repository/ShopOpen/ChillerUtilization/ChillerAvailable/Validate_ChillerAvailableScreen' is exist

2019-04-08 16:33:06 - [MESSAGE][WARNING] - Timeout '0' is invalid. Using default page load timeout: '6'

2019-04-08 16:33:07 - [MESSAGE][PASSED] - Element 'Object Repository/ShopOpen/ChillerUtilization/ChillerAvailable/Validate_ChillerAvailableScreen' is exist

2019-04-08 16:33:07 - [TEST_STEP][PASSED] - tap(findTestObject("ShopOpen/ChillerUtilization/ChillerAvailable/Depth1_TakePicture", ["package":PACKAGENAME]), 0): Tapped on element 'Object Repository/ShopOpen/ChillerUtilization/ChillerAvailable/Depth1_TakePicture'

2019-04-08 16:33:07 - [MESSAGE][WARNING] - Timeout '0' is invalid. Using default page load timeout: '6'

2019-04-08 16:33:07 - [MESSAGE][PASSED] - Tapped on element 'Object Repository/ShopOpen/ChillerUtilization/ChillerAvailable/Depth1_TakePicture'

2019-04-08 16:33:07 - [TEST_STEP][PASSED] - com.ct.qa.keywords.CommonKeywords.takePicture(): com.ct.qa.keywords.CommonKeywords.takePicture is PASSED

2019-04-08 16:33:07 - [MESSAGE][WARNING] - Timeout '0' is invalid. Using default page load timeout: '6'

2019-04-08 16:33:09 - [MESSAGE][PASSED] - Element 'Object Repository/CommonScreenElements/Validate_CameraScreen' is exist

2019-04-08 16:33:09 - [MESSAGE][WARNING] - Timeout '0' is invalid. Using default page load timeout: '6'

2019-04-08 16:33:13 - [MESSAGE][PASSED] - Tapped on element 'Object Repository/CommonScreenElements/Camera_flashButton'

2019-04-08 16:33:13 - [MESSAGE][WARNING] - Timeout '0' is invalid. Using default page load timeout: '6'

2019-04-08 16:33:16 - [MESSAGE][PASSED] - Tapped on element 'Object Repository/CommonScreenElements/Camera_TakePictureButton'

2019-04-08 16:33:21 - [MESSAGE][PASSED] - Delayed 5 second(s)

2019-04-08 16:33:21 - [MESSAGE][WARNING] - Timeout '0' is invalid. Using default page load timeout: '6'

2019-04-08 16:33:22 - [MESSAGE][PASSED] - Tapped on element 'Object Repository/CommonScreenElements/Camera_DoneButton'

2019-04-08 16:33:22 - [MESSAGE][PASSED] - com.ct.qa.keywords.CommonKeywords.takePicture is PASSED

2019-04-08 16:33:22 - [TEST_STEP][PASSED] - verifyElementExist(findTestObject("ShopOpen/ChillerUtilization/ChillerAvailable/Validate_ChillerAvailableScreen", ["package":PACKAGENAME]), 0): Element 'Object Repository/ShopOpen/ChillerUtilization/ChillerAvailable/Validate_ChillerAvailableScreen' is exist

2019-04-08 16:33:22 - [MESSAGE][WARNING] - Timeout '0' is invalid. Using default page load timeout: '6'

2019-04-08 16:33:23 - [MESSAGE][PASSED] - Element 'Object Repository/ShopOpen/ChillerUtilization/ChillerAvailable/Validate_ChillerAvailableScreen' is exist

2019-04-08 16:33:23 - [TEST_STEP][PASSED] - tap(findTestObject("ShopOpen/ChillerUtilization/ChillerAvailable/Depth2TakePicture", ["package":PACKAGENAME]), 0): Tapped on element 'Object Repository/ShopOpen/ChillerUtilization/ChillerAvailable/Depth2TakePicture'

2019-04-08 16:33:23 - [MESSAGE][WARNING] - Timeout '0' is invalid. Using default page load timeout: '6'

2019-04-08 16:33:24 - [MESSAGE][PASSED] - Tapped on element 'Object Repository/ShopOpen/ChillerUtilization/ChillerAvailable/Depth2TakePicture'

2019-04-08 16:33:24 - [TEST_STEP][PASSED] - com.ct.qa.keywords.CommonKeywords.takePicture(): com.ct.qa.keywords.CommonKeywords.takePicture is PASSED

2019-04-08 16:33:24 - [MESSAGE][WARNING] - Timeout '0' is invalid. Using default page load timeout: '6'

2019-04-08 16:33:25 - [MESSAGE][PASSED] - Element 'Object Repository/CommonScreenElements/Validate_CameraScreen' is exist

2019-04-08 16:33:25 - [MESSAGE][WARNING] - Timeout '0' is invalid. Using default page load timeout: '6'

2019-04-08 16:33:29 - [MESSAGE][PASSED] - Tapped on element 'Object Repository/CommonScreenElements/Camera_flashButton'

2019-04-08 16:33:29 - [MESSAGE][WARNING] - Timeout '0' is invalid. Using default page load timeout: '6'

2019-04-08 16:33:32 - [MESSAGE][PASSED] - Tapped on element 'Object Repository/CommonScreenElements/Camera_TakePictureButton'

2019-04-08 16:33:37 - [MESSAGE][PASSED] - Delayed 5 second(s)

2019-04-08 16:33:37 - [MESSAGE][WARNING] - Timeout '0' is invalid. Using default page load timeout: '6'

2019-04-08 16:33:38 - [MESSAGE][PASSED] - Tapped on element 'Object Repository/CommonScreenElements/Camera_DoneButton'

2019-04-08 16:33:38 - [MESSAGE][PASSED] - com.ct.qa.keywords.CommonKeywords.takePicture is PASSED

2019-04-08 16:33:38 - [TEST_STEP][PASSED] - verifyElementExist(findTestObject("ShopOpen/ChillerUtilization/ChillerAvailable/Validate_ChillerAvailableScreen", ["package":PACKAGENAME]), 0): Element 'Object Repository/ShopOpen/ChillerUtilization/ChillerAvailable/Validate_ChillerAvailableScreen' is exist

2019-04-08 16:33:38 - [MESSAGE][WARNING] - Timeout '0' is invalid. Using default page load timeout: '6'

2019-04-08 16:33:39 - [MESSAGE][PASSED] - Element 'Object Repository/ShopOpen/ChillerUtilization/ChillerAvailable/Validate_ChillerAvailableScreen' is exist

2019-04-08 16:33:39 - [TEST_STEP][PASSED] - tap(findTestObject("ShopOpen/ChillerUtilization/ChillerAvailable/NextButton", ["package":PACKAGENAME]), 0): Tapped on element 'Object Repository/ShopOpen/ChillerUtilization/ChillerAvailable/NextButton'

2019-04-08 16:33:39 - [MESSAGE][WARNING] - Timeout '0' is invalid. Using default page load timeout: '6'

2019-04-08 16:33:39 - [MESSAGE][PASSED] - Tapped on element 'Object Repository/ShopOpen/ChillerUtilization/ChillerAvailable/NextButton'

2019-04-08 16:33:39 - [TEST_STEP][PASSED] - verifyElementText(findTestObject("ShopOpen/ChillerUtilization/ChillerAvailable/Validate_ChillerProductsCategoriesScreen", ["package":PACKAGENAME]), "Category:Chiller Utilization"): Actual text and expected text of test object 'Object Repository/ShopOpen/ChillerUtilization/ChillerAvailable/Validate_ChillerProductsCategoriesScreen' are matched.

2019-04-08 16:33:41 - [MESSAGE][PASSED] - Actual text and expected text of test object 'Object Repository/ShopOpen/ChillerUtilization/ChillerAvailable/Validate_ChillerProductsCategoriesScreen' are matched.

2019-04-08 16:33:41 - [TEST_STEP][PASSED] - com.ct.qa.keywords.ChillerProductsDataKeywords.visitChillerAvailableProductCategories(1): com.ct.qa.keywords.ChillerProductsDataKeywords.visitChillerAvailableProductCategories is PASSED

2019-04-08 16:33:44 - [TEST_CASE][PASSED] - Test Cases/ShopOpen/ChillerUtilization/ChillerAvailable/VisitProductCategoryAssets: Test Cases/ShopOpen/ChillerUtilization/ChillerAvailable/VisitProductCategoryAssets

2019-04-08 16:33:44 - [TEST_STEP][PASSED] - verifyElementText(findTestObject("ShopOpen/ChillerUtilization/ChillerAvailable/Validate_ProductCategoryAssetScreen", ["package":PACKAGENAME]), "Facing"): Actual text and expected text of test object 'Object Repository/ShopOpen/ChillerUtilization/ChillerAvailable/Validate_ProductCategoryAssetScreen' are matched.

2019-04-08 16:33:46 - [MESSAGE][PASSED] - Actual text and expected text of test object 'Object Repository/ShopOpen/ChillerUtilization/ChillerAvailable/Validate_ProductCategoryAssetScreen' are matched.

2019-04-08 16:33:46 - [TEST_STEP][PASSED] - tap(findTestObject("ShopOpen/ChillerUtilization/ChillerAvailable/Facing", ["package":PACKAGENAME]), 0): Tapped on element 'Object Repository/ShopOpen/ChillerUtilization/ChillerAvailable/Facing'

2019-04-08 16:33:46 - [MESSAGE][WARNING] - Timeout '0' is invalid. Using default page load timeout: '6'

2019-04-08 16:33:46 - [MESSAGE][PASSED] - Tapped on element 'Object Repository/ShopOpen/ChillerUtilization/ChillerAvailable/Facing'

2019-04-08 16:33:46 - [TEST_STEP][PASSED] - verifyElementText(findTestObject("ShopOpen/ChillerUtilization/ChillerAvailable/Validate_FacingScreen", ["package":PACKAGENAME]), "Facing"): Actual text and expected text of test object 'Object Repository/ShopOpen/ChillerUtilization/ChillerAvailable/Validate_FacingScreen' are matched.

2019-04-08 16:33:48 - [MESSAGE][PASSED] - Actual text and expected text of test object 'Object Repository/ShopOpen/ChillerUtilization/ChillerAvailable/Validate_FacingScreen' are matched.

2019-04-08 16:33:48 - [TEST_STEP][PASSED] - com.ct.qa.keywords.ChillerProductsDataKeywords.visitChillerAvailableProductsData(CHILLER_FACING, "Facing"): com.ct.qa.keywords.ChillerProductsDataKeywords.visitChillerAvailableProductsData is PASSED

2019-04-08 16:33:51 - [MESSAGE][PASSED] - Keyboard is hidden

2019-04-08 16:33:53 - [MESSAGE][PASSED] - Swiped from 117,359 to 117,250

2019-04-08 16:33:53 - [MESSAGE][PASSED] - com.ct.qa.keywords.ChillerProductsDataKeywords.visitChillerAvailableProductsData is PASSED

2019-04-08 16:33:53 - [TEST_STEP][PASSED] - tap(findTestObject("ShopOpen/ChillerUtilization/ChillerAvailable/SubmitButton", ["package":PACKAGENAME]), 0): Tapped on element 'Object Repository/ShopOpen/ChillerUtilization/ChillerAvailable/SubmitButton'

2019-04-08 16:33:53 - [MESSAGE][WARNING] - Timeout '0' is invalid. Using default page load timeout: '6'

2019-04-08 16:33:54 - [MESSAGE][PASSED] - Tapped on element 'Object Repository/ShopOpen/ChillerUtilization/ChillerAvailable/SubmitButton'

2019-04-08 16:33:54 - [TEST_STEP][PASSED] - verifyElementText(findTestObject("ShopOpen/ChillerUtilization/ChillerAvailable/Validate_ProductCategoryAssetScreen", ["package":PACKAGENAME]), "Facing"): Actual text and expected text of test object 'Object Repository/ShopOpen/ChillerUtilization/ChillerAvailable/Validate_ProductCategoryAssetScreen' are matched.

2019-04-08 16:33:55 - [MESSAGE][PASSED] - Actual text and expected text of test object 'Object Repository/ShopOpen/ChillerUtilization/ChillerAvailable/Validate_ProductCategoryAssetScreen' are matched.

2019-04-08 16:33:55 - [TEST_STEP][PASSED] - tap(findTestObject("ShopOpen/ChillerUtilization/ChillerAvailable/Depth", ["package":PACKAGENAME]), 0): Tapped on element 'Object Repository/ShopOpen/ChillerUtilization/ChillerAvailable/Depth'

2019-04-08 16:33:55 - [MESSAGE][WARNING] - Timeout '0' is invalid. Using default page load timeout: '6'

2019-04-08 16:33:55 - [MESSAGE][PASSED] - Tapped on element 'Object Repository/ShopOpen/ChillerUtilization/ChillerAvailable/Depth'

2019-04-08 16:33:55 - [TEST_STEP][PASSED] - verifyElementText(findTestObject("ShopOpen/ChillerUtilization/ChillerAvailable/Validate_DepthScreen", ["package":PACKAGENAME]), "Depth"): Actual text and expected text of test object 'Object Repository/ShopOpen/ChillerUtilization/ChillerAvailable/Validate_DepthScreen' are matched.

2019-04-08 16:33:57 - [MESSAGE][PASSED] - Actual text and expected text of test object 'Object Repository/ShopOpen/ChillerUtilization/ChillerAvailable/Validate_DepthScreen' are matched.

2019-04-08 16:33:57 - [TEST_STEP][PASSED] - com.ct.qa.keywords.ChillerProductsDataKeywords.visitChillerAvailableProductsData(CHILLER_DEPTH, "Depth"): com.ct.qa.keywords.ChillerProductsDataKeywords.visitChillerAvailableProductsData is PASSED

2019-04-08 16:34:00 - [MESSAGE][PASSED] - Keyboard is hidden

2019-04-08 16:34:01 - [MESSAGE][PASSED] - Swiped from 117,359 to 117,250

2019-04-08 16:34:02 - [MESSAGE][PASSED] - com.ct.qa.keywords.ChillerProductsDataKeywords.visitChillerAvailableProductsData is PASSED

2019-04-08 16:34:02 - [TEST_STEP][PASSED] - tap(findTestObject("ShopOpen/ChillerUtilization/ChillerAvailable/SubmitButton", ["package":PACKAGENAME]), 0): Tapped on element 'Object Repository/ShopOpen/ChillerUtilization/ChillerAvailable/SubmitButton'

2019-04-08 16:34:02 - [MESSAGE][WARNING] - Timeout '0' is invalid. Using default page load timeout: '6'

2019-04-08 16:34:03 - [MESSAGE][PASSED] - Tapped on element 'Object Repository/ShopOpen/ChillerUtilization/ChillerAvailable/SubmitButton'

2019-04-08 16:34:03 - [TEST_STEP][PASSED] - verifyElementText(findTestObject("ShopOpen/ChillerUtilization/ChillerAvailable/Validate_ProductCategoryAssetScreen", ["package":PACKAGENAME]), "Facing"): Actual text and expected text of test object 'Object Repository/ShopOpen/ChillerUtilization/ChillerAvailable/Validate_ProductCategoryAssetScreen' are matched.

2019-04-08 16:34:04 - [MESSAGE][PASSED] - Actual text and expected text of test object 'Object Repository/ShopOpen/ChillerUtilization/ChillerAvailable/Validate_ProductCategoryAssetScreen' are matched.

2019-04-08 16:34:04 - [TEST_STEP][PASSED] - tap(findTestObject("ShopOpen/ChillerUtilization/ChillerAvailable/StockCount", ["package":PACKAGENAME]), 0): Tapped on element 'Object Repository/ShopOpen/ChillerUtilization/ChillerAvailable/StockCount'

2019-04-08 16:34:04 - [MESSAGE][WARNING] - Timeout '0' is invalid. Using default page load timeout: '6'

2019-04-08 16:34:04 - [MESSAGE][PASSED] - Tapped on element 'Object Repository/ShopOpen/ChillerUtilization/ChillerAvailable/StockCount'

2019-04-08 16:34:04 - [TEST_STEP][PASSED] - verifyElementText(findTestObject("ShopOpen/ChillerUtilization/ChillerAvailable/Validate_StockCountScreen", ["package":PACKAGENAME]), "Stock Count"): Actual text and expected text of test object 'Object Repository/ShopOpen/ChillerUtilization/ChillerAvailable/Validate_StockCountScreen' are matched.

2019-04-08 16:34:06 - [MESSAGE][PASSED] - Actual text and expected text of test object 'Object Repository/ShopOpen/ChillerUtilization/ChillerAvailable/Validate_StockCountScreen' are matched.

2019-04-08 16:34:06 - [TEST_STEP][PASSED] - com.ct.qa.keywords.ChillerProductsDataKeywords.visitChillerAvailableProductsData(CHILLER_STOCKCOUNT, "Stock Count"): com.ct.qa.keywords.ChillerProductsDataKeywords.visitChillerAvailableProductsData is PASSED

2019-04-08 16:34:09 - [MESSAGE][PASSED] - Keyboard is hidden

2019-04-08 16:34:11 - [MESSAGE][PASSED] - Swiped from 117,359 to 117,250

2019-04-08 16:34:11 - [MESSAGE][PASSED] - com.ct.qa.keywords.ChillerProductsDataKeywords.visitChillerAvailableProductsData is PASSED

2019-04-08 16:34:11 - [TEST_STEP][PASSED] - tap(findTestObject("ShopOpen/ChillerUtilization/ChillerAvailable/SubmitButton", ["package":PACKAGENAME]), 0): Tapped on element 'Object Repository/ShopOpen/ChillerUtilization/ChillerAvailable/SubmitButton'

2019-04-08 16:34:11 - [MESSAGE][WARNING] - Timeout '0' is invalid. Using default page load timeout: '6'

2019-04-08 16:34:12 - [MESSAGE][PASSED] - Tapped on element 'Object Repository/ShopOpen/ChillerUtilization/ChillerAvailable/SubmitButton'

2019-04-08 16:34:12 - [TEST_STEP][PASSED] - verifyElementText(findTestObject("ShopOpen/ChillerUtilization/ChillerAvailable/Validate_ProductCategoryAssetScreen", ["package":PACKAGENAME]), "Facing"): Actual text and expected text of test object 'Object Repository/ShopOpen/ChillerUtilization/ChillerAvailable/Validate_ProductCategoryAssetScreen' are matched.

2019-04-08 16:34:13 - [MESSAGE][PASSED] - Actual text and expected text of test object 'Object Repository/ShopOpen/ChillerUtilization/ChillerAvailable/Validate_ProductCategoryAssetScreen' are matched.

2019-04-08 16:34:13 - [TEST_STEP][PASSED] - tap(findTestObject("ShopOpen/ChillerUtilization/ChillerAvailable/PorductCategoryActions_BackButton", ["package":PACKAGENAME]), 0): Tapped on element 'Object Repository/ShopOpen/ChillerUtilization/ChillerAvailable/PorductCategoryActions_BackButton'

2019-04-08 16:34:13 - [MESSAGE][WARNING] - Timeout '0' is invalid. Using default page load timeout: '6'

2019-04-08 16:34:13 - [MESSAGE][PASSED] - Tapped on element 'Object Repository/ShopOpen/ChillerUtilization/ChillerAvailable/PorductCategoryActions_BackButton'

2019-04-08 16:34:13 - [TEST_STEP][PASSED] - verifyElementText(findTestObject("ShopOpen/ChillerUtilization/ChillerAvailable/Validate_ChillerProductsCategoriesScreen", ["package":PACKAGENAME]), "Category:Chiller Utilization"): Actual text and expected text of test object 'Object Repository/ShopOpen/ChillerUtilization/ChillerAvailable/Validate_ChillerProductsCategoriesScreen' are matched.

2019-04-08 16:34:15 - [MESSAGE][PASSED] - Actual text and expected text of test object 'Object Repository/ShopOpen/ChillerUtilization/ChillerAvailable/Validate_ChillerProductsCategoriesScreen' are matched.

2019-04-08 16:34:15 - [MESSAGE][PASSED] - Call Test Case 'Test Cases/ShopOpen/ChillerUtilization/ChillerAvailable/VisitProductCategoryAssets' successfully

2019-04-08 16:34:15 - [TEST_CASE][PASSED] - Test Cases/ShopOpen/ChillerUtilization/ChillerAvailable/VisitProductCategoryAssets: Test Cases/ShopOpen/ChillerUtilization/ChillerAvailable/VisitProductCategoryAssets

2019-04-08 16:34:15 - [TEST_STEP][PASSED] - verifyElementText(findTestObject("ShopOpen/ChillerUtilization/ChillerAvailable/Validate_ProductCategoryAssetScreen", ["package":PACKAGENAME]), "Facing"): Actual text and expected text of test object 'Object Repository/ShopOpen/ChillerUtilization/ChillerAvailable/Validate_ProductCategoryAssetScreen' are matched.

2019-04-08 16:34:18 - [MESSAGE][PASSED] - Actual text and expected text of test object 'Object Repository/ShopOpen/ChillerUtilization/ChillerAvailable/Validate_ProductCategoryAssetScreen' are matched.

2019-04-08 16:34:18 - [TEST_STEP][PASSED] - tap(findTestObject("ShopOpen/ChillerUtilization/ChillerAvailable/Facing", ["package":PACKAGENAME]), 0): Tapped on element 'Object Repository/ShopOpen/ChillerUtilization/ChillerAvailable/Facing'

2019-04-08 16:34:18 - [MESSAGE][WARNING] - Timeout '0' is invalid. Using default page load timeout: '6'

2019-04-08 16:34:18 - [MESSAGE][PASSED] - Tapped on element 'Object Repository/ShopOpen/ChillerUtilization/ChillerAvailable/Facing'

2019-04-08 16:34:18 - [TEST_STEP][PASSED] - verifyElementText(findTestObject("ShopOpen/ChillerUtilization/ChillerAvailable/Validate_FacingScreen", ["package":PACKAGENAME]), "Facing"): Actual text and expected text of test object 'Object Repository/ShopOpen/ChillerUtilization/ChillerAvailable/Validate_FacingScreen' are matched.

2019-04-08 16:34:20 - [MESSAGE][PASSED] - Actual text and expected text of test object 'Object Repository/ShopOpen/ChillerUtilization/ChillerAvailable/Validate_FacingScreen' are matched.

2019-04-08 16:34:20 - [TEST_STEP][PASSED] - com.ct.qa.keywords.ChillerProductsDataKeywords.visitChillerAvailableProductsData(CHILLER_FACING, "Facing"): com.ct.qa.keywords.ChillerProductsDataKeywords.visitChillerAvailableProductsData is PASSED

2019-04-08 16:34:24 - [MESSAGE][PASSED] - Keyboard is hidden

2019-04-08 16:34:27 - [MESSAGE][PASSED] - Keyboard is hidden

2019-04-08 16:34:30 - [MESSAGE][PASSED] - Keyboard is hidden

2019-04-08 16:34:33 - [MESSAGE][PASSED] - Keyboard is hidden

2019-04-08 16:34:36 - [MESSAGE][PASSED] - Keyboard is hidden

2019-04-08 16:34:39 - [MESSAGE][PASSED] - Keyboard is hidden

2019-04-08 16:34:41 - [MESSAGE][PASSED] - Swiped from 25,359 to 25,250

2019-04-08 16:34:43 - [MESSAGE][PASSED] - com.ct.qa.keywords.ChillerProductsDataKeywords.visitChillerAvailableProductsData is PASSED

2019-04-08 16:34:43 - [TEST_STEP][PASSED] - tap(findTestObject("ShopOpen/ChillerUtilization/ChillerAvailable/SubmitButton", ["package":PACKAGENAME]), 0): Tapped on element 'Object Repository/ShopOpen/ChillerUtilization/ChillerAvailable/SubmitButton'

2019-04-08 16:34:43 - [MESSAGE][WARNING] - Timeout '0' is invalid. Using default page load timeout: '6'

2019-04-08 16:34:44 - [MESSAGE][PASSED] - Tapped on element 'Object Repository/ShopOpen/ChillerUtilization/ChillerAvailable/SubmitButton'

2019-04-08 16:34:44 - [TEST_STEP][PASSED] - verifyElementText(findTestObject("ShopOpen/ChillerUtilization/ChillerAvailable/Validate_ProductCategoryAssetScreen", ["package":PACKAGENAME]), "Facing"): Actual text and expected text of test object 'Object Repository/ShopOpen/ChillerUtilization/ChillerAvailable/Validate_ProductCategoryAssetScreen' are matched.

2019-04-08 16:34:45 - [MESSAGE][PASSED] - Actual text and expected text of test object 'Object Repository/ShopOpen/ChillerUtilization/ChillerAvailable/Validate_ProductCategoryAssetScreen' are matched.

2019-04-08 16:34:45 - [TEST_STEP][PASSED] - tap(findTestObject("ShopOpen/ChillerUtilization/ChillerAvailable/Depth", ["package":PACKAGENAME]), 0): Tapped on element 'Object Repository/ShopOpen/ChillerUtilization/ChillerAvailable/Depth'

2019-04-08 16:34:45 - [MESSAGE][WARNING] - Timeout '0' is invalid. Using default page load timeout: '6'

2019-04-08 16:34:45 - [MESSAGE][PASSED] - Tapped on element 'Object Repository/ShopOpen/ChillerUtilization/ChillerAvailable/Depth'

2019-04-08 16:34:45 - [TEST_STEP][PASSED] - verifyElementText(findTestObject("ShopOpen/ChillerUtilization/ChillerAvailable/Validate_DepthScreen", ["package":PACKAGENAME]), "Depth"): Actual text and expected text of test object 'Object Repository/ShopOpen/ChillerUtilization/ChillerAvailable/Validate_DepthScreen' are matched.

2019-04-08 16:34:48 - [MESSAGE][PASSED] - Actual text and expected text of test object 'Object Repository/ShopOpen/ChillerUtilization/ChillerAvailable/Validate_DepthScreen' are matched.

2019-04-08 16:34:48 - [TEST_STEP][PASSED] - com.ct.qa.keywords.ChillerProductsDataKeywords.visitChillerAvailableProductsData(CHILLER_DEPTH, "Depth"): com.ct.qa.keywords.ChillerProductsDataKeywords.visitChillerAvailableProductsData is PASSED

2019-04-08 16:34:52 - [MESSAGE][PASSED] - Keyboard is hidden

2019-04-08 16:34:55 - [MESSAGE][PASSED] - Keyboard is hidden

2019-04-08 16:34:58 - [MESSAGE][PASSED] - Keyboard is hidden

2019-04-08 16:35:01 - [MESSAGE][PASSED] - Keyboard is hidden

2019-04-08 16:35:04 - [MESSAGE][PASSED] - Keyboard is hidden

2019-04-08 16:35:07 - [MESSAGE][PASSED] - Keyboard is hidden

2019-04-08 16:35:09 - [MESSAGE][PASSED] - Swiped from 25,359 to 25,250

2019-04-08 16:35:11 - [MESSAGE][PASSED] - com.ct.qa.keywords.ChillerProductsDataKeywords.visitChillerAvailableProductsData is PASSED

2019-04-08 16:35:11 - [TEST_STEP][PASSED] - tap(findTestObject("ShopOpen/ChillerUtilization/ChillerAvailable/SubmitButton", ["package":PACKAGENAME]), 0): Tapped on element 'Object Repository/ShopOpen/ChillerUtilization/ChillerAvailable/SubmitButton'

2019-04-08 16:35:11 - [MESSAGE][WARNING] - Timeout '0' is invalid. Using default page load timeout: '6'

2019-04-08 16:35:12 - [MESSAGE][PASSED] - Tapped on element 'Object Repository/ShopOpen/ChillerUtilization/ChillerAvailable/SubmitButton'

2019-04-08 16:35:12 - [TEST_STEP][PASSED] - verifyElementText(findTestObject("ShopOpen/ChillerUtilization/ChillerAvailable/Validate_ProductCategoryAssetScreen", ["package":PACKAGENAME]), "Facing"): Actual text and expected text of test object 'Object Repository/ShopOpen/ChillerUtilization/ChillerAvailable/Validate_ProductCategoryAssetScreen' are matched.

2019-04-08 16:35:13 - [MESSAGE][PASSED] - Actual text and expected text of test object 'Object Repository/ShopOpen/ChillerUtilization/ChillerAvailable/Validate_ProductCategoryAssetScreen' are matched.

2019-04-08 16:35:13 - [TEST_STEP][PASSED] - tap(findTestObject("ShopOpen/ChillerUtilization/ChillerAvailable/StockCount", ["package":PACKAGENAME]), 0): Tapped on element 'Object Repository/ShopOpen/ChillerUtilization/ChillerAvailable/StockCount'

2019-04-08 16:35:13 - [MESSAGE][WARNING] - Timeout '0' is invalid. Using default page load timeout: '6'

2019-04-08 16:35:14 - [MESSAGE][PASSED] - Tapped on element 'Object Repository/ShopOpen/ChillerUtilization/ChillerAvailable/StockCount'

2019-04-08 16:35:14 - [TEST_STEP][PASSED] - verifyElementText(findTestObject("ShopOpen/ChillerUtilization/ChillerAvailable/Validate_StockCountScreen", ["package":PACKAGENAME]), "Stock Count"): Actual text and expected text of test object 'Object Repository/ShopOpen/ChillerUtilization/ChillerAvailable/Validate_StockCountScreen' are matched.

2019-04-08 16:35:16 - [MESSAGE][PASSED] - Actual text and expected text of test object 'Object Repository/ShopOpen/ChillerUtilization/ChillerAvailable/Validate_StockCountScreen' are matched.

2019-04-08 16:35:16 - [TEST_STEP][PASSED] - com.ct.qa.keywords.ChillerProductsDataKeywords.visitChillerAvailableProductsData(CHILLER_STOCKCOUNT, "Stock Count"): com.ct.qa.keywords.ChillerProductsDataKeywords.visitChillerAvailableProductsData is PASSED

2019-04-08 16:35:20 - [MESSAGE][PASSED] - Keyboard is hidden

2019-04-08 16:35:23 - [MESSAGE][PASSED] - Keyboard is hidden

2019-04-08 16:35:26 - [MESSAGE][PASSED] - Keyboard is hidden

2019-04-08 16:35:29 - [MESSAGE][PASSED] - Keyboard is hidden

2019-04-08 16:35:32 - [MESSAGE][PASSED] - Keyboard is hidden

2019-04-08 16:35:35 - [MESSAGE][PASSED] - Keyboard is hidden

2019-04-08 16:35:37 - [MESSAGE][PASSED] - Swiped from 25,359 to 25,250

2019-04-08 16:35:39 - [MESSAGE][PASSED] - com.ct.qa.keywords.ChillerProductsDataKeywords.visitChillerAvailableProductsData is PASSED

2019-04-08 16:35:39 - [TEST_STEP][PASSED] - tap(findTestObject("ShopOpen/ChillerUtilization/ChillerAvailable/SubmitButton", ["package":PACKAGENAME]), 0): Tapped on element 'Object Repository/ShopOpen/ChillerUtilization/ChillerAvailable/SubmitButton'

2019-04-08 16:35:39 - [MESSAGE][WARNING] - Timeout '0' is invalid. Using default page load timeout: '6'

2019-04-08 16:35:39 - [MESSAGE][PASSED] - Tapped on element 'Object Repository/ShopOpen/ChillerUtilization/ChillerAvailable/SubmitButton'

2019-04-08 16:35:39 - [TEST_STEP][PASSED] - verifyElementText(findTestObject("ShopOpen/ChillerUtilization/ChillerAvailable/Validate_ProductCategoryAssetScreen", ["package":PACKAGENAME]), "Facing"): Actual text and expected text of test object 'Object Repository/ShopOpen/ChillerUtilization/ChillerAvailable/Validate_ProductCategoryAssetScreen' are matched.

2019-04-08 16:35:40 - [MESSAGE][PASSED] - Actual text and expected text of test object 'Object Repository/ShopOpen/ChillerUtilization/ChillerAvailable/Validate_ProductCategoryAssetScreen' are matched.

2019-04-08 16:35:40 - [TEST_STEP][PASSED] - tap(findTestObject("ShopOpen/ChillerUtilization/ChillerAvailable/PorductCategoryActions_BackButton", ["package":PACKAGENAME]), 0): Tapped on element 'Object Repository/ShopOpen/ChillerUtilization/ChillerAvailable/PorductCategoryActions_BackButton'

2019-04-08 16:35:40 - [MESSAGE][WARNING] - Timeout '0' is invalid. Using default page load timeout: '6'

2019-04-08 16:35:41 - [MESSAGE][PASSED] - Tapped on element 'Object Repository/ShopOpen/ChillerUtilization/ChillerAvailable/PorductCategoryActions_BackButton'

2019-04-08 16:35:41 - [TEST_STEP][PASSED] - verifyElementText(findTestObject("ShopOpen/ChillerUtilization/ChillerAvailable/Validate_ChillerProductsCategoriesScreen", ["package":PACKAGENAME]), "Category:Chiller Utilization"): Actual text and expected text of test object 'Object Repository/ShopOpen/ChillerUtilization/ChillerAvailable/Validate_ChillerProductsCategoriesScreen' are matched.

2019-04-08 16:35:42 - [MESSAGE][PASSED] - Actual text and expected text of test object 'Object Repository/ShopOpen/ChillerUtilization/ChillerAvailable/Validate_ChillerProductsCategoriesScreen' are matched.

2019-04-08 16:35:42 - [MESSAGE][PASSED] - Call Test Case 'Test Cases/ShopOpen/ChillerUtilization/ChillerAvailable/VisitProductCategoryAssets' successfully

2019-04-08 16:35:43 - [TEST_CASE][PASSED] - Test Cases/ShopOpen/ChillerUtilization/ChillerAvailable/VisitProductCategoryAssets: Test Cases/ShopOpen/ChillerUtilization/ChillerAvailable/VisitProductCategoryAssets

2019-04-08 16:35:43 - [TEST_STEP][PASSED] - verifyElementText(findTestObject("ShopOpen/ChillerUtilization/ChillerAvailable/Validate_ProductCategoryAssetScreen", ["package":PACKAGENAME]), "Facing"): Actual text and expected text of test object 'Object Repository/ShopOpen/ChillerUtilization/ChillerAvailable/Validate_ProductCategoryAssetScreen' are matched.

2019-04-08 16:35:45 - [MESSAGE][PASSED] - Actual text and expected text of test object 'Object Repository/ShopOpen/ChillerUtilization/ChillerAvailable/Validate_ProductCategoryAssetScreen' are matched.

2019-04-08 16:35:45 - [TEST_STEP][PASSED] - tap(findTestObject("ShopOpen/ChillerUtilization/ChillerAvailable/Facing", ["package":PACKAGENAME]), 0): Tapped on element 'Object Repository/ShopOpen/ChillerUtilization/ChillerAvailable/Facing'

2019-04-08 16:35:45 - [MESSAGE][WARNING] - Timeout '0' is invalid. Using default page load timeout: '6'

2019-04-08 16:35:45 - [MESSAGE][PASSED] - Tapped on element 'Object Repository/ShopOpen/ChillerUtilization/ChillerAvailable/Facing'

2019-04-08 16:35:45 - [TEST_STEP][PASSED] - verifyElementText(findTestObject("ShopOpen/ChillerUtilization/ChillerAvailable/Validate_FacingScreen", ["package":PACKAGENAME]), "Facing"): Actual text and expected text of test object 'Object Repository/ShopOpen/ChillerUtilization/ChillerAvailable/Validate_FacingScreen' are matched.

2019-04-08 16:35:48 - [MESSAGE][PASSED] - Actual text and expected text of test object 'Object Repository/ShopOpen/ChillerUtilization/ChillerAvailable/Validate_FacingScreen' are matched.

2019-04-08 16:35:48 - [TEST_STEP][PASSED] - com.ct.qa.keywords.ChillerProductsDataKeywords.visitChillerAvailableProductsData(CHILLER_FACING, "Facing"): com.ct.qa.keywords.ChillerProductsDataKeywords.visitChillerAvailableProductsData is PASSED

2019-04-08 16:35:52 - [MESSAGE][PASSED] - Keyboard is hidden

2019-04-08 16:35:55 - [MESSAGE][PASSED] - Keyboard is hidden

2019-04-08 16:35:58 - [MESSAGE][PASSED] - Keyboard is hidden

2019-04-08 16:36:01 - [MESSAGE][PASSED] - Keyboard is hidden

2019-04-08 16:36:04 - [MESSAGE][PASSED] - Keyboard is hidden

2019-04-08 16:36:07 - [MESSAGE][PASSED] - Keyboard is hidden

2019-04-08 16:36:09 - [MESSAGE][PASSED] - Swiped from 30,359 to 30,250

2019-04-08 16:36:14 - [MESSAGE][PASSED] - Keyboard is hidden

2019-04-08 16:36:16 - [MESSAGE][PASSED] - Swiped from 30,359 to 30,250

2019-04-08 16:36:21 - [MESSAGE][PASSED] - Keyboard is hidden

2019-04-08 16:36:23 - [MESSAGE][PASSED] - Swiped from 30,359 to 30,250

2019-04-08 16:36:28 - [MESSAGE][PASSED] - Keyboard is hidden

2019-04-08 16:36:30 - [MESSAGE][PASSED] - Swiped from 30,359 to 30,250

2019-04-08 16:36:35 - [MESSAGE][PASSED] - Keyboard is hidden

2019-04-08 16:36:37 - [MESSAGE][PASSED] - Swiped from 30,359 to 30,250

2019-04-08 16:36:39 - [MESSAGE][PASSED] - com.ct.qa.keywords.ChillerProductsDataKeywords.visitChillerAvailableProductsData is PASSED

2019-04-08 16:36:39 - [TEST_STEP][PASSED] - tap(findTestObject("ShopOpen/ChillerUtilization/ChillerAvailable/SubmitButton", ["package":PACKAGENAME]), 0): Tapped on element 'Object Repository/ShopOpen/ChillerUtilization/ChillerAvailable/SubmitButton'

2019-04-08 16:36:39 - [MESSAGE][WARNING] - Timeout '0' is invalid. Using default page load timeout: '6'

2019-04-08 16:36:40 - [MESSAGE][PASSED] - Tapped on element 'Object Repository/ShopOpen/ChillerUtilization/ChillerAvailable/SubmitButton'

2019-04-08 16:36:40 - [TEST_STEP][PASSED] - verifyElementText(findTestObject("ShopOpen/ChillerUtilization/ChillerAvailable/Validate_ProductCategoryAssetScreen", ["package":PACKAGENAME]), "Facing"): Actual text and expected text of test object 'Object Repository/ShopOpen/ChillerUtilization/ChillerAvailable/Validate_ProductCategoryAssetScreen' are matched.

2019-04-08 16:36:41 - [MESSAGE][PASSED] - Actual text and expected text of test object 'Object Repository/ShopOpen/ChillerUtilization/ChillerAvailable/Validate_ProductCategoryAssetScreen' are matched.

2019-04-08 16:36:41 - [TEST_STEP][PASSED] - tap(findTestObject("ShopOpen/ChillerUtilization/ChillerAvailable/Depth", ["package":PACKAGENAME]), 0): Tapped on element 'Object Repository/ShopOpen/ChillerUtilization/ChillerAvailable/Depth'

2019-04-08 16:36:41 - [MESSAGE][WARNING] - Timeout '0' is invalid. Using default page load timeout: '6'

2019-04-08 16:36:41 - [MESSAGE][PASSED] - Tapped on element 'Object Repository/ShopOpen/ChillerUtilization/ChillerAvailable/Depth'

2019-04-08 16:36:41 - [TEST_STEP][PASSED] - verifyElementText(findTestObject("ShopOpen/ChillerUtilization/ChillerAvailable/Validate_DepthScreen", ["package":PACKAGENAME]), "Depth"): Actual text and expected text of test object 'Object Repository/ShopOpen/ChillerUtilization/ChillerAvailable/Validate_DepthScreen' are matched.

2019-04-08 16:36:44 - [MESSAGE][PASSED] - Actual text and expected text of test object 'Object Repository/ShopOpen/ChillerUtilization/ChillerAvailable/Validate_DepthScreen' are matched.

2019-04-08 16:36:44 - [TEST_STEP][PASSED] - com.ct.qa.keywords.ChillerProductsDataKeywords.visitChillerAvailableProductsData(CHILLER_DEPTH, "Depth"): com.ct.qa.keywords.ChillerProductsDataKeywords.visitChillerAvailableProductsData is PASSED

2019-04-08 16:36:48 - [MESSAGE][PASSED] - Keyboard is hidden

2019-04-08 16:36:51 - [MESSAGE][PASSED] - Keyboard is hidden

2019-04-08 16:36:54 - [MESSAGE][PASSED] - Keyboard is hidden

2019-04-08 16:36:57 - [MESSAGE][PASSED] - Keyboard is hidden

2019-04-08 16:37:00 - [MESSAGE][PASSED] - Keyboard is hidden

2019-04-08 16:37:03 - [MESSAGE][PASSED] - Keyboard is hidden

2019-04-08 16:37:05 - [MESSAGE][PASSED] - Swiped from 30,359 to 30,250

2019-04-08 16:37:11 - [MESSAGE][PASSED] - Keyboard is hidden

2019-04-08 16:37:13 - [MESSAGE][PASSED] - Swiped from 30,359 to 30,250

2019-04-08 16:37:18 - [MESSAGE][PASSED] - Keyboard is hidden

2019-04-08 16:37:20 - [MESSAGE][PASSED] - Swiped from 30,359 to 30,250

2019-04-08 16:37:25 - [MESSAGE][PASSED] - Keyboard is hidden

2019-04-08 16:37:27 - [MESSAGE][PASSED] - Swiped from 30,359 to 30,250

2019-04-08 16:37:32 - [MESSAGE][PASSED] - Keyboard is hidden

2019-04-08 16:37:34 - [MESSAGE][PASSED] - Swiped from 30,359 to 30,250

2019-04-08 16:37:36 - [MESSAGE][PASSED] - com.ct.qa.keywords.ChillerProductsDataKeywords.visitChillerAvailableProductsData is PASSED

2019-04-08 16:37:36 - [TEST_STEP][PASSED] - tap(findTestObject("ShopOpen/ChillerUtilization/ChillerAvailable/SubmitButton", ["package":PACKAGENAME]), 0): Tapped on element 'Object Repository/ShopOpen/ChillerUtilization/ChillerAvailable/SubmitButton'

2019-04-08 16:37:36 - [MESSAGE][WARNING] - Timeout '0' is invalid. Using default page load timeout: '6'

2019-04-08 16:37:37 - [MESSAGE][PASSED] - Tapped on element 'Object Repository/ShopOpen/ChillerUtilization/ChillerAvailable/SubmitButton'

2019-04-08 16:37:37 - [TEST_STEP][PASSED] - verifyElementText(findTestObject("ShopOpen/ChillerUtilization/ChillerAvailable/Validate_ProductCategoryAssetScreen", ["package":PACKAGENAME]), "Facing"): Actual text and expected text of test object 'Object Repository/ShopOpen/ChillerUtilization/ChillerAvailable/Validate_ProductCategoryAssetScreen' are matched.

2019-04-08 16:37:38 - [MESSAGE][PASSED] - Actual text and expected text of test object 'Object Repository/ShopOpen/ChillerUtilization/ChillerAvailable/Validate_ProductCategoryAssetScreen' are matched.

2019-04-08 16:37:38 - [TEST_STEP][PASSED] - tap(findTestObject("ShopOpen/ChillerUtilization/ChillerAvailable/StockCount", ["package":PACKAGENAME]), 0): Tapped on element 'Object Repository/ShopOpen/ChillerUtilization/ChillerAvailable/StockCount'

2019-04-08 16:37:38 - [MESSAGE][WARNING] - Timeout '0' is invalid. Using default page load timeout: '6'

2019-04-08 16:37:38 - [MESSAGE][PASSED] - Tapped on element 'Object Repository/ShopOpen/ChillerUtilization/ChillerAvailable/StockCount'

2019-04-08 16:37:38 - [TEST_STEP][PASSED] - verifyElementText(findTestObject("ShopOpen/ChillerUtilization/ChillerAvailable/Validate_StockCountScreen", ["package":PACKAGENAME]), "Stock Count"): Actual text and expected text of test object 'Object Repository/ShopOpen/ChillerUtilization/ChillerAvailable/Validate_StockCountScreen' are matched.

2019-04-08 16:37:41 - [MESSAGE][PASSED] - Actual text and expected text of test object 'Object Repository/ShopOpen/ChillerUtilization/ChillerAvailable/Validate_StockCountScreen' are matched.

2019-04-08 16:37:41 - [TEST_STEP][PASSED] - com.ct.qa.keywords.ChillerProductsDataKeywords.visitChillerAvailableProductsData(CHILLER_STOCKCOUNT, "Stock Count"): com.ct.qa.keywords.ChillerProductsDataKeywords.visitChillerAvailableProductsData is PASSED

2019-04-08 16:37:45 - [MESSAGE][PASSED] - Keyboard is hidden

2019-04-08 16:37:48 - [MESSAGE][PASSED] - Keyboard is hidden

2019-04-08 16:37:51 - [MESSAGE][PASSED] - Keyboard is hidden

2019-04-08 16:37:54 - [MESSAGE][PASSED] - Keyboard is hidden

2019-04-08 16:37:57 - [MESSAGE][PASSED] - Keyboard is hidden

2019-04-08 16:38:00 - [MESSAGE][PASSED] - Keyboard is hidden

2019-04-08 16:38:02 - [MESSAGE][PASSED] - Swiped from 30,359 to 30,250

2019-04-08 16:38:07 - [MESSAGE][PASSED] - Keyboard is hidden

2019-04-08 16:38:09 - [MESSAGE][PASSED] - Swiped from 30,359 to 30,250

2019-04-08 16:38:13 - [MESSAGE][PASSED] - Keyboard is hidden

2019-04-08 16:38:15 - [MESSAGE][PASSED] - Swiped from 30,359 to 30,250

2019-04-08 16:38:20 - [MESSAGE][PASSED] - Keyboard is hidden

2019-04-08 16:38:22 - [MESSAGE][PASSED] - Swiped from 30,359 to 30,250

2019-04-08 16:38:27 - [MESSAGE][PASSED] - Keyboard is hidden

2019-04-08 16:38:29 - [MESSAGE][PASSED] - Swiped from 30,359 to 30,250

2019-04-08 16:38:31 - [MESSAGE][PASSED] - com.ct.qa.keywords.ChillerProductsDataKeywords.visitChillerAvailableProductsData is PASSED

2019-04-08 16:38:31 - [TEST_STEP][PASSED] - tap(findTestObject("ShopOpen/ChillerUtilization/ChillerAvailable/SubmitButton", ["package":PACKAGENAME]), 0): Tapped on element 'Object Repository/ShopOpen/ChillerUtilization/ChillerAvailable/SubmitButton'

2019-04-08 16:38:31 - [MESSAGE][WARNING] - Timeout '0' is invalid. Using default page load timeout: '6'

2019-04-08 16:38:31 - [MESSAGE][PASSED] - Tapped on element 'Object Repository/ShopOpen/ChillerUtilization/ChillerAvailable/SubmitButton'

2019-04-08 16:38:31 - [TEST_STEP][PASSED] - verifyElementText(findTestObject("ShopOpen/ChillerUtilization/ChillerAvailable/Validate_ProductCategoryAssetScreen", ["package":PACKAGENAME]), "Facing"): Actual text and expected text of test object 'Object Repository/ShopOpen/ChillerUtilization/ChillerAvailable/Validate_ProductCategoryAssetScreen' are matched.

2019-04-08 16:38:32 - [MESSAGE][PASSED] - Actual text and expected text of test object 'Object Repository/ShopOpen/ChillerUtilization/ChillerAvailable/Validate_ProductCategoryAssetScreen' are matched.

2019-04-08 16:38:32 - [TEST_STEP][PASSED] - tap(findTestObject("ShopOpen/ChillerUtilization/ChillerAvailable/PorductCategoryActions_BackButton", ["package":PACKAGENAME]), 0): Tapped on element 'Object Repository/ShopOpen/ChillerUtilization/ChillerAvailable/PorductCategoryActions_BackButton'

2019-04-08 16:38:33 - [MESSAGE][WARNING] - Timeout '0' is invalid. Using default page load timeout: '6'

2019-04-08 16:38:33 - [MESSAGE][PASSED] - Tapped on element 'Object Repository/ShopOpen/ChillerUtilization/ChillerAvailable/PorductCategoryActions_BackButton'

2019-04-08 16:38:33 - [TEST_STEP][PASSED] - verifyElementText(findTestObject("ShopOpen/ChillerUtilization/ChillerAvailable/Validate_ChillerProductsCategoriesScreen", ["package":PACKAGENAME]), "Category:Chiller Utilization"): Actual text and expected text of test object 'Object Repository/ShopOpen/ChillerUtilization/ChillerAvailable/Validate_ChillerProductsCategoriesScreen' are matched.

2019-04-08 16:38:34 - [MESSAGE][PASSED] - Actual text and expected text of test object 'Object Repository/ShopOpen/ChillerUtilization/ChillerAvailable/Validate_ChillerProductsCategoriesScreen' are matched.

2019-04-08 16:38:34 - [MESSAGE][PASSED] - Call Test Case 'Test Cases/ShopOpen/ChillerUtilization/ChillerAvailable/VisitProductCategoryAssets' successfully

2019-04-08 16:38:35 - [TEST_CASE][PASSED] - Test Cases/ShopOpen/ChillerUtilization/ChillerAvailable/VisitProductCategoryAssets: Test Cases/ShopOpen/ChillerUtilization/ChillerAvailable/VisitProductCategoryAssets

2019-04-08 16:38:35 - [TEST_STEP][PASSED] - verifyElementText(findTestObject("ShopOpen/ChillerUtilization/ChillerAvailable/Validate_ProductCategoryAssetScreen", ["package":PACKAGENAME]), "Facing"): Actual text and expected text of test object 'Object Repository/ShopOpen/ChillerUtilization/ChillerAvailable/Validate_ProductCategoryAssetScreen' are matched.

2019-04-08 16:38:37 - [MESSAGE][PASSED] - Actual text and expected text of test object 'Object Repository/ShopOpen/ChillerUtilization/ChillerAvailable/Validate_ProductCategoryAssetScreen' are matched.

2019-04-08 16:38:37 - [TEST_STEP][PASSED] - tap(findTestObject("ShopOpen/ChillerUtilization/ChillerAvailable/Facing", ["package":PACKAGENAME]), 0): Tapped on element 'Object Repository/ShopOpen/ChillerUtilization/ChillerAvailable/Facing'

2019-04-08 16:38:37 - [MESSAGE][WARNING] - Timeout '0' is invalid. Using default page load timeout: '6'

2019-04-08 16:38:37 - [MESSAGE][PASSED] - Tapped on element 'Object Repository/ShopOpen/ChillerUtilization/ChillerAvailable/Facing'

2019-04-08 16:38:37 - [TEST_STEP][PASSED] - verifyElementText(findTestObject("ShopOpen/ChillerUtilization/ChillerAvailable/Validate_FacingScreen", ["package":PACKAGENAME]), "Facing"): Actual text and expected text of test object 'Object Repository/ShopOpen/ChillerUtilization/ChillerAvailable/Validate_FacingScreen' are matched.

2019-04-08 16:38:39 - [MESSAGE][PASSED] - Actual text and expected text of test object 'Object Repository/ShopOpen/ChillerUtilization/ChillerAvailable/Validate_FacingScreen' are matched.

2019-04-08 16:38:39 - [TEST_STEP][PASSED] - com.ct.qa.keywords.ChillerProductsDataKeywords.visitChillerAvailableProductsData(CHILLER_FACING, "Facing"): com.ct.qa.keywords.ChillerProductsDataKeywords.visitChillerAvailableProductsData is PASSED

2019-04-08 16:38:43 - [MESSAGE][PASSED] - Keyboard is hidden

2019-04-08 16:38:46 - [MESSAGE][PASSED] - Keyboard is hidden

2019-04-08 16:38:49 - [MESSAGE][PASSED] - Keyboard is hidden

2019-04-08 16:38:51 - [MESSAGE][PASSED] - Swiped from 117,359 to 117,250

2019-04-08 16:38:52 - [MESSAGE][PASSED] - com.ct.qa.keywords.ChillerProductsDataKeywords.visitChillerAvailableProductsData is PASSED

2019-04-08 16:38:52 - [TEST_STEP][PASSED] - tap(findTestObject("ShopOpen/ChillerUtilization/ChillerAvailable/SubmitButton", ["package":PACKAGENAME]), 0): Tapped on element 'Object Repository/ShopOpen/ChillerUtilization/ChillerAvailable/SubmitButton'

2019-04-08 16:38:52 - [MESSAGE][WARNING] - Timeout '0' is invalid. Using default page load timeout: '6'

2019-04-08 16:38:52 - [MESSAGE][PASSED] - Tapped on element 'Object Repository/ShopOpen/ChillerUtilization/ChillerAvailable/SubmitButton'

2019-04-08 16:38:52 - [TEST_STEP][PASSED] - verifyElementText(findTestObject("ShopOpen/ChillerUtilization/ChillerAvailable/Validate_ProductCategoryAssetScreen", ["package":PACKAGENAME]), "Facing"): Actual text and expected text of test object 'Object Repository/ShopOpen/ChillerUtilization/ChillerAvailable/Validate_ProductCategoryAssetScreen' are matched.

2019-04-08 16:38:53 - [MESSAGE][PASSED] - Actual text and expected text of test object 'Object Repository/ShopOpen/ChillerUtilization/ChillerAvailable/Validate_ProductCategoryAssetScreen' are matched.

2019-04-08 16:38:53 - [TEST_STEP][PASSED] - tap(findTestObject("ShopOpen/ChillerUtilization/ChillerAvailable/Depth", ["package":PACKAGENAME]), 0): Tapped on element 'Object Repository/ShopOpen/ChillerUtilization/ChillerAvailable/Depth'

2019-04-08 16:38:53 - [MESSAGE][WARNING] - Timeout '0' is invalid. Using default page load timeout: '6'

2019-04-08 16:38:54 - [MESSAGE][PASSED] - Tapped on element 'Object Repository/ShopOpen/ChillerUtilization/ChillerAvailable/Depth'

2019-04-08 16:38:54 - [TEST_STEP][PASSED] - verifyElementText(findTestObject("ShopOpen/ChillerUtilization/ChillerAvailable/Validate_DepthScreen", ["package":PACKAGENAME]), "Depth"): Actual text and expected text of test object 'Object Repository/ShopOpen/ChillerUtilization/ChillerAvailable/Validate_DepthScreen' are matched.

2019-04-08 16:38:56 - [MESSAGE][PASSED] - Actual text and expected text of test object 'Object Repository/ShopOpen/ChillerUtilization/ChillerAvailable/Validate_DepthScreen' are matched.

2019-04-08 16:38:56 - [TEST_STEP][PASSED] - com.ct.qa.keywords.ChillerProductsDataKeywords.visitChillerAvailableProductsData(CHILLER_DEPTH, "Depth"): com.ct.qa.keywords.ChillerProductsDataKeywords.visitChillerAvailableProductsData is PASSED

2019-04-08 16:38:59 - [MESSAGE][PASSED] - Keyboard is hidden

2019-04-08 16:39:02 - [MESSAGE][PASSED] - Keyboard is hidden

2019-04-08 16:39:05 - [MESSAGE][PASSED] - Keyboard is hidden

2019-04-08 16:39:07 - [MESSAGE][PASSED] - Swiped from 117,359 to 117,250

2019-04-08 16:39:07 - [MESSAGE][PASSED] - com.ct.qa.keywords.ChillerProductsDataKeywords.visitChillerAvailableProductsData is PASSED

2019-04-08 16:39:07 - [TEST_STEP][PASSED] - tap(findTestObject("ShopOpen/ChillerUtilization/ChillerAvailable/SubmitButton", ["package":PACKAGENAME]), 0): Tapped on element 'Object Repository/ShopOpen/ChillerUtilization/ChillerAvailable/SubmitButton'

2019-04-08 16:39:07 - [MESSAGE][WARNING] - Timeout '0' is invalid. Using default page load timeout: '6'

2019-04-08 16:39:08 - [MESSAGE][PASSED] - Tapped on element 'Object Repository/ShopOpen/ChillerUtilization/ChillerAvailable/SubmitButton'

2019-04-08 16:39:08 - [TEST_STEP][PASSED] - verifyElementText(findTestObject("ShopOpen/ChillerUtilization/ChillerAvailable/Validate_ProductCategoryAssetScreen", ["package":PACKAGENAME]), "Facing"): Actual text and expected text of test object 'Object Repository/ShopOpen/ChillerUtilization/ChillerAvailable/Validate_ProductCategoryAssetScreen' are matched.

2019-04-08 16:39:09 - [MESSAGE][PASSED] - Actual text and expected text of test object 'Object Repository/ShopOpen/ChillerUtilization/ChillerAvailable/Validate_ProductCategoryAssetScreen' are matched.

2019-04-08 16:39:09 - [TEST_STEP][PASSED] - tap(findTestObject("ShopOpen/ChillerUtilization/ChillerAvailable/StockCount", ["package":PACKAGENAME]), 0): Tapped on element 'Object Repository/ShopOpen/ChillerUtilization/ChillerAvailable/StockCount'

2019-04-08 16:39:09 - [MESSAGE][WARNING] - Timeout '0' is invalid. Using default page load timeout: '6'

2019-04-08 16:39:09 - [MESSAGE][PASSED] - Tapped on element 'Object Repository/ShopOpen/ChillerUtilization/ChillerAvailable/StockCount'

2019-04-08 16:39:09 - [TEST_STEP][PASSED] - verifyElementText(findTestObject("ShopOpen/ChillerUtilization/ChillerAvailable/Validate_StockCountScreen", ["package":PACKAGENAME]), "Stock Count"): Actual text and expected text of test object 'Object Repository/ShopOpen/ChillerUtilization/ChillerAvailable/Validate_StockCountScreen' are matched.

2019-04-08 16:39:11 - [MESSAGE][PASSED] - Actual text and expected text of test object 'Object Repository/ShopOpen/ChillerUtilization/ChillerAvailable/Validate_StockCountScreen' are matched.

2019-04-08 16:39:11 - [TEST_STEP][PASSED] - com.ct.qa.keywords.ChillerProductsDataKeywords.visitChillerAvailableProductsData(CHILLER_STOCKCOUNT, "Stock Count"): com.ct.qa.keywords.ChillerProductsDataKeywords.visitChillerAvailableProductsData is PASSED

2019-04-08 16:39:15 - [MESSAGE][PASSED] - Keyboard is hidden

2019-04-08 16:39:18 - [MESSAGE][PASSED] - Keyboard is hidden

2019-04-08 16:39:21 - [MESSAGE][PASSED] - Keyboard is hidden

2019-04-08 16:39:23 - [MESSAGE][PASSED] - Swiped from 117,359 to 117,250

2019-04-08 16:39:24 - [MESSAGE][PASSED] - com.ct.qa.keywords.ChillerProductsDataKeywords.visitChillerAvailableProductsData is PASSED

2019-04-08 16:39:24 - [TEST_STEP][PASSED] - tap(findTestObject("ShopOpen/ChillerUtilization/ChillerAvailable/SubmitButton", ["package":PACKAGENAME]), 0): Tapped on element 'Object Repository/ShopOpen/ChillerUtilization/ChillerAvailable/SubmitButton'

2019-04-08 16:39:24 - [MESSAGE][WARNING] - Timeout '0' is invalid. Using default page load timeout: '6'

2019-04-08 16:39:24 - [MESSAGE][PASSED] - Tapped on element 'Object Repository/ShopOpen/ChillerUtilization/ChillerAvailable/SubmitButton'

2019-04-08 16:39:24 - [TEST_STEP][PASSED] - verifyElementText(findTestObject("ShopOpen/ChillerUtilization/ChillerAvailable/Validate_ProductCategoryAssetScreen", ["package":PACKAGENAME]), "Facing"): Actual text and expected text of test object 'Object Repository/ShopOpen/ChillerUtilization/ChillerAvailable/Validate_ProductCategoryAssetScreen' are matched.

2019-04-08 16:39:25 - [MESSAGE][PASSED] - Actual text and expected text of test object 'Object Repository/ShopOpen/ChillerUtilization/ChillerAvailable/Validate_ProductCategoryAssetScreen' are matched.

2019-04-08 16:39:25 - [TEST_STEP][PASSED] - tap(findTestObject("ShopOpen/ChillerUtilization/ChillerAvailable/PorductCategoryActions_BackButton", ["package":PACKAGENAME]), 0): Tapped on element 'Object Repository/ShopOpen/ChillerUtilization/ChillerAvailable/PorductCategoryActions_BackButton'

2019-04-08 16:39:25 - [MESSAGE][WARNING] - Timeout '0' is invalid. Using default page load timeout: '6'

2019-04-08 16:39:25 - [MESSAGE][PASSED] - Tapped on element 'Object Repository/ShopOpen/ChillerUtilization/ChillerAvailable/PorductCategoryActions_BackButton'

2019-04-08 16:39:25 - [TEST_STEP][PASSED] - verifyElementText(findTestObject("ShopOpen/ChillerUtilization/ChillerAvailable/Validate_ChillerProductsCategoriesScreen", ["package":PACKAGENAME]), "Category:Chiller Utilization"): Actual text and expected text of test object 'Object Repository/ShopOpen/ChillerUtilization/ChillerAvailable/Validate_ChillerProductsCategoriesScreen' are matched.

2019-04-08 16:39:26 - [MESSAGE][PASSED] - Actual text and expected text of test object 'Object Repository/ShopOpen/ChillerUtilization/ChillerAvailable/Validate_ChillerProductsCategoriesScreen' are matched.

2019-04-08 16:39:26 - [MESSAGE][PASSED] - Call Test Case 'Test Cases/ShopOpen/ChillerUtilization/ChillerAvailable/VisitProductCategoryAssets' successfully

2019-04-08 16:39:26 - [MESSAGE][PASSED] - com.ct.qa.keywords.ChillerProductsDataKeywords.visitChillerAvailableProductCategories is PASSED

2019-04-08 16:39:26 - [TEST_STEP][PASSED] - com.ct.qa.keywords.CommonKeywords.visitPlanogramImageViewButton(): com.ct.qa.keywords.CommonKeywords.visitPlanogramImageViewButton is PASSED

2019-04-08 16:39:28 - [MESSAGE][WARNING] - Timeout '0' is invalid. Using default page load timeout: '6'

2019-04-08 16:39:35 - [MESSAGE][WARNING] - Object Object Repository/CommonScreenElements/InfoPopUp_OKButton not found
[[ATTACHMENT|F:\\Git Projects\\MMAPlus_Merchandising\\MMAPlus_Merchandising\\Reports\\MMA Plus Merchandiser With Chiller Level Overwrite Scenarios\\20190408_162214\\1554723574596.png]]

2019-04-08 16:39:36 - [MESSAGE][PASSED] - com.ct.qa.keywords.CommonKeywords.visitPlanogramImageViewButton is PASSED

2019-04-08 16:39:36 - [TEST_STEP][PASSED] - verifyElementText(findTestObject("ShopOpen/ChillerUtilization/ChillerAvailable/Validate_ChillerProductsCategoriesScreen", ["package":PACKAGENAME]), "Category:Chiller Utilization"): Actual text and expected text of test object 'Object Repository/ShopOpen/ChillerUtilization/ChillerAvailable/Validate_ChillerProductsCategoriesScreen' are matched.

2019-04-08 16:39:37 - [MESSAGE][PASSED] - Actual text and expected text of test object 'Object Repository/ShopOpen/ChillerUtilization/ChillerAvailable/Validate_ChillerProductsCategoriesScreen' are matched.

2019-04-08 16:39:37 - [TEST_STEP][PASSED] - com.ct.qa.keywords.CommonKeywords.visitPictureImageViewButton(): com.ct.qa.keywords.CommonKeywords.visitPictureImageViewButton is PASSED

2019-04-08 16:39:38 - [MESSAGE][PASSED] - com.ct.qa.keywords.CommonKeywords.visitPictureImageViewButton is PASSED

2019-04-08 16:39:38 - [TEST_STEP][PASSED] - verifyElementText(findTestObject("ShopOpen/ChillerUtilization/ChillerAvailable/Validate_ChillerProductsCategoriesScreen", ["package":PACKAGENAME]), "Category:Chiller Utilization"): Actual text and expected text of test object 'Object Repository/ShopOpen/ChillerUtilization/ChillerAvailable/Validate_ChillerProductsCategoriesScreen' are matched.

2019-04-08 16:39:38 - [MESSAGE][PASSED] - Actual text and expected text of test object 'Object Repository/ShopOpen/ChillerUtilization/ChillerAvailable/Validate_ChillerProductsCategoriesScreen' are matched.

2019-04-08 16:39:38 - [TEST_STEP][PASSED] - com.ct.qa.keywords.CommonKeywords.visitBackImageViewButton(): com.ct.qa.keywords.CommonKeywords.visitBackImageViewButton is PASSED

2019-04-08 16:39:39 - [MESSAGE][PASSED] - com.ct.qa.keywords.CommonKeywords.visitBackImageViewButton is PASSED

2019-04-08 16:39:39 - [TEST_STEP][PASSED] - verifyElementText(findTestObject("ShopOpen/ChillerUtilization/Validate_ChillerUtilizationScreen", ["package":PACKAGENAME]), "Shop Chillers"): Actual text and expected text of test object 'Object Repository/ShopOpen/ChillerUtilization/Validate_ChillerUtilizationScreen' are matched.

2019-04-08 16:39:41 - [MESSAGE][PASSED] - Actual text and expected text of test object 'Object Repository/ShopOpen/ChillerUtilization/Validate_ChillerUtilizationScreen' are matched.

2019-04-08 16:39:41 - [MESSAGE][PASSED] - Call Test Case 'Test Cases/ShopOpen/ChillerUtilization/ChillerAvailable/VisitChillerAvailable' successfully

2019-04-08 16:39:41 - [MESSAGE][PASSED] - com.ct.qa.keywords.ChillerVisitingScenariosKeywords.visitChillersTaggedinChillerUtilizationWithSingleRemark is PASSED

2019-04-08 16:39:41 - [MESSAGE][PASSED] - Call Test Case 'Test Cases/ShopOpen/ChillerUtilization/VisitChillerScenarios_WithChillerLevel/VisitChillerUtilizationWith_ChillerAvailable' successfully

2019-04-08 16:39:41 - [TEST_CASE][PASSED] - Test Cases/ShopOpen/ChillerUtilization/VisitChillerScenarios_WithCategeoryLevel/OverwriteChillerUtilizationWith_ChillerNotAvailable: Test Cases/ShopOpen/ChillerUtilization/VisitChillerScenarios_WithCategeoryLevel/OverwriteChillerUtilizationWith_ChillerNotAvailable

2019-04-08 16:39:41 - [TEST_STEP][PASSED] - verifyElementText(findTestObject("ShopOpen/ChillerUtilization/Validate_ChillerUtilizationScreen", ["package":PACKAGENAME]), "Shop Chillers"): Actual text and expected text of test object 'Object Repository/ShopOpen/ChillerUtilization/Validate_ChillerUtilizationScreen' are matched.

2019-04-08 16:39:42 - [MESSAGE][PASSED] - Actual text and expected text of test object 'Object Repository/ShopOpen/ChillerUtilization/Validate_ChillerUtilizationScreen' are matched.

2019-04-08 16:39:42 - [TEST_STEP][PASSED] - com.ct.qa.keywords.ChillerVisitingScenariosKeywords.overwriteChillersTaggedinChillerUtilizationWithSingleRemark("Chiller not Available"): com.ct.qa.keywords.ChillerVisitingScenariosKeywords.overwriteChillersTaggedinChillerUtilizationWithSingleRemark is PASSED

2019-04-08 16:39:43 - [MESSAGE][WARNING] - Timeout '0' is invalid. Using default page load timeout: '6'

2019-04-08 16:39:46 - [MESSAGE][PASSED] - Tapped on element 'Object Repository/CommonScreenElements/InfoPopUp_YesButton'

2019-04-08 16:39:46 - [MESSAGE][WARNING] - Timeout '0' is invalid. Using default page load timeout: '6'

2019-04-08 16:39:47 - [MESSAGE][PASSED] - Element 'Object Repository/CommonScreenElements/Validate_CameraScreen' is exist

2019-04-08 16:39:47 - [MESSAGE][WARNING] - Timeout '0' is invalid. Using default page load timeout: '6'

2019-04-08 16:39:50 - [MESSAGE][PASSED] - Tapped on element 'Object Repository/CommonScreenElements/Camera_flashButton'

2019-04-08 16:39:50 - [MESSAGE][WARNING] - Timeout '0' is invalid. Using default page load timeout: '6'

2019-04-08 16:39:53 - [MESSAGE][PASSED] - Tapped on element 'Object Repository/CommonScreenElements/Camera_TakePictureButton'

2019-04-08 16:39:58 - [MESSAGE][PASSED] - Delayed 5 second(s)

2019-04-08 16:39:58 - [MESSAGE][WARNING] - Timeout '0' is invalid. Using default page load timeout: '6'

2019-04-08 16:39:59 - [MESSAGE][PASSED] - Tapped on element 'Object Repository/CommonScreenElements/Camera_DoneButton'

2019-04-08 16:40:02 - [TEST_CASE][PASSED] - Test Cases/ShopOpen/ChillerUtilization/ChillerNotAvailable/OverwriteChillerNotAvailable: Test Cases/ShopOpen/ChillerUtilization/ChillerNotAvailable/OverwriteChillerNotAvailable

2019-04-08 16:40:03 - [TEST_STEP][PASSED] - verifyElementText(findTestObject("ShopOpen/ChillerUtilization/ChillerNotAvailable/Validate_ChillerNotAvailableScreen", ["package":PACKAGENAME]), "Category:Chiller Utilization"): Actual text and expected text of test object 'Object Repository/ShopOpen/ChillerUtilization/ChillerNotAvailable/Validate_ChillerNotAvailableScreen' are matched.

2019-04-08 16:40:05 - [MESSAGE][PASSED] - Actual text and expected text of test object 'Object Repository/ShopOpen/ChillerUtilization/ChillerNotAvailable/Validate_ChillerNotAvailableScreen' are matched.

2019-04-08 16:40:05 - [TEST_STEP][PASSED] - com.ct.qa.keywords.ChillerProductsDataKeywords.visitChillerNotAvailableProductCategories(2): com.ct.qa.keywords.ChillerProductsDataKeywords.visitChillerNotAvailableProductCategories is PASSED

2019-04-08 16:40:07 - [TEST_CASE][PASSED] - Test Cases/ShopOpen/ChillerUtilization/ChillerNotAvailable/VisitProductCategoryAssets: Test Cases/ShopOpen/ChillerUtilization/ChillerNotAvailable/VisitProductCategoryAssets

2019-04-08 16:40:08 - [TEST_STEP][PASSED] - verifyElementText(findTestObject("ShopOpen/ChillerUtilization/ChillerNotAvailable/Validate_ProductCategoryAssetScreen", ["package":PACKAGENAME]), "Facing"): Actual text and expected text of test object 'Object Repository/ShopOpen/ChillerUtilization/ChillerNotAvailable/Validate_ProductCategoryAssetScreen' are matched.

2019-04-08 16:40:10 - [MESSAGE][PASSED] - Actual text and expected text of test object 'Object Repository/ShopOpen/ChillerUtilization/ChillerNotAvailable/Validate_ProductCategoryAssetScreen' are matched.

2019-04-08 16:40:10 - [TEST_STEP][PASSED] - tap(findTestObject("ShopOpen/ChillerUtilization/ChillerNotAvailable/Facing", ["package":PACKAGENAME]), 0): Tapped on element 'Object Repository/ShopOpen/ChillerUtilization/ChillerNotAvailable/Facing'

2019-04-08 16:40:10 - [MESSAGE][WARNING] - Timeout '0' is invalid. Using default page load timeout: '6'

2019-04-08 16:40:10 - [MESSAGE][PASSED] - Tapped on element 'Object Repository/ShopOpen/ChillerUtilization/ChillerNotAvailable/Facing'

2019-04-08 16:40:10 - [TEST_STEP][PASSED] - verifyElementText(findTestObject("ShopOpen/ChillerUtilization/ChillerNotAvailable/Validate_FacingScreen", ["package":PACKAGENAME]), "Facing"): Actual text and expected text of test object 'Object Repository/ShopOpen/ChillerUtilization/ChillerNotAvailable/Validate_FacingScreen' are matched.

2019-04-08 16:40:12 - [MESSAGE][PASSED] - Actual text and expected text of test object 'Object Repository/ShopOpen/ChillerUtilization/ChillerNotAvailable/Validate_FacingScreen' are matched.

2019-04-08 16:40:12 - [TEST_STEP][PASSED] - com.ct.qa.keywords.ChillerProductsDataKeywords.VisitChillerNotAvailableProductsData(CHANNEL_CNA_FACING, "Facing"): com.ct.qa.keywords.ChillerProductsDataKeywords.VisitChillerNotAvailableProductsData is PASSED

2019-04-08 16:40:16 - [MESSAGE][PASSED] - Keyboard is hidden

2019-04-08 16:40:19 - [MESSAGE][PASSED] - Keyboard is hidden

2019-04-08 16:40:22 - [MESSAGE][PASSED] - Keyboard is hidden

2019-04-08 16:40:25 - [MESSAGE][PASSED] - Keyboard is hidden

2019-04-08 16:40:28 - [MESSAGE][PASSED] - Keyboard is hidden

2019-04-08 16:40:31 - [MESSAGE][PASSED] - Keyboard is hidden

2019-04-08 16:40:33 - [MESSAGE][PASSED] - Swiped from 30,359 to 30,250

2019-04-08 16:40:35 - [MESSAGE][PASSED] - com.ct.qa.keywords.ChillerProductsDataKeywords.VisitChillerNotAvailableProductsData is PASSED

2019-04-08 16:40:35 - [TEST_STEP][PASSED] - tap(findTestObject("ShopOpen/ChillerUtilization/ChillerNotAvailable/SubmitButton", ["package":PACKAGENAME]), 0): Tapped on element 'Object Repository/ShopOpen/ChillerUtilization/ChillerNotAvailable/SubmitButton'

2019-04-08 16:40:35 - [MESSAGE][WARNING] - Timeout '0' is invalid. Using default page load timeout: '6'

2019-04-08 16:40:36 - [MESSAGE][PASSED] - Tapped on element 'Object Repository/ShopOpen/ChillerUtilization/ChillerNotAvailable/SubmitButton'

2019-04-08 16:40:36 - [TEST_STEP][PASSED] - verifyElementText(findTestObject("ShopOpen/ChillerUtilization/ChillerNotAvailable/Validate_ProductCategoryAssetScreen", ["package":PACKAGENAME]), "Facing"): Actual text and expected text of test object 'Object Repository/ShopOpen/ChillerUtilization/ChillerNotAvailable/Validate_ProductCategoryAssetScreen' are matched.

2019-04-08 16:40:37 - [MESSAGE][PASSED] - Actual text and expected text of test object 'Object Repository/ShopOpen/ChillerUtilization/ChillerNotAvailable/Validate_ProductCategoryAssetScreen' are matched.

2019-04-08 16:40:37 - [TEST_STEP][PASSED] - tap(findTestObject("ShopOpen/ChillerUtilization/ChillerNotAvailable/StockTaking", ["package":PACKAGENAME]), 0): Tapped on element 'Object Repository/ShopOpen/ChillerUtilization/ChillerNotAvailable/StockTaking'

2019-04-08 16:40:37 - [MESSAGE][WARNING] - Timeout '0' is invalid. Using default page load timeout: '6'

2019-04-08 16:40:37 - [MESSAGE][PASSED] - Tapped on element 'Object Repository/ShopOpen/ChillerUtilization/ChillerNotAvailable/StockTaking'

2019-04-08 16:40:37 - [TEST_STEP][PASSED] - verifyElementText(findTestObject("ShopOpen/ChillerUtilization/ChillerNotAvailable/Validate_StockTakingScreen", ["package":PACKAGENAME]), "Stock Taking"): Actual text and expected text of test object 'Object Repository/ShopOpen/ChillerUtilization/ChillerNotAvailable/Validate_StockTakingScreen' are matched.

2019-04-08 16:40:40 - [MESSAGE][PASSED] - Actual text and expected text of test object 'Object Repository/ShopOpen/ChillerUtilization/ChillerNotAvailable/Validate_StockTakingScreen' are matched.

2019-04-08 16:40:40 - [TEST_STEP][PASSED] - com.ct.qa.keywords.ChillerProductsDataKeywords.VisitChillerNotAvailableProductsData(CHANNEL_CNA_STOCKTAKING, "Stock Taking"): com.ct.qa.keywords.ChillerProductsDataKeywords.VisitChillerNotAvailableProductsData is PASSED

2019-04-08 16:40:44 - [MESSAGE][PASSED] - Keyboard is hidden

2019-04-08 16:40:47 - [MESSAGE][PASSED] - Keyboard is hidden

2019-04-08 16:40:50 - [MESSAGE][PASSED] - Keyboard is hidden

2019-04-08 16:40:53 - [MESSAGE][PASSED] - Keyboard is hidden

2019-04-08 16:40:56 - [MESSAGE][PASSED] - Keyboard is hidden

2019-04-08 16:40:59 - [MESSAGE][PASSED] - Keyboard is hidden

2019-04-08 16:41:01 - [MESSAGE][PASSED] - Swiped from 30,359 to 30,250

2019-04-08 16:41:03 - [MESSAGE][PASSED] - com.ct.qa.keywords.ChillerProductsDataKeywords.VisitChillerNotAvailableProductsData is PASSED

2019-04-08 16:41:03 - [TEST_STEP][PASSED] - tap(findTestObject("ShopOpen/ChillerUtilization/ChillerNotAvailable/SubmitButton", ["package":PACKAGENAME]), 0): Tapped on element 'Object Repository/ShopOpen/ChillerUtilization/ChillerNotAvailable/SubmitButton'

2019-04-08 16:41:03 - [MESSAGE][WARNING] - Timeout '0' is invalid. Using default page load timeout: '6'

2019-04-08 16:41:04 - [MESSAGE][PASSED] - Tapped on element 'Object Repository/ShopOpen/ChillerUtilization/ChillerNotAvailable/SubmitButton'

2019-04-08 16:41:04 - [TEST_STEP][PASSED] - verifyElementText(findTestObject("ShopOpen/ChillerUtilization/ChillerNotAvailable/Validate_ProductCategoryAssetScreen", ["package":PACKAGENAME]), "Facing"): Actual text and expected text of test object 'Object Repository/ShopOpen/ChillerUtilization/ChillerNotAvailable/Validate_ProductCategoryAssetScreen' are matched.

2019-04-08 16:41:05 - [MESSAGE][PASSED] - Actual text and expected text of test object 'Object Repository/ShopOpen/ChillerUtilization/ChillerNotAvailable/Validate_ProductCategoryAssetScreen' are matched.

2019-04-08 16:41:05 - [TEST_STEP][PASSED] - tap(findTestObject("ShopOpen/ChillerUtilization/ChillerNotAvailable/ProductCategory_BackButton", ["package":PACKAGENAME]), 0): Tapped on element 'Object Repository/ShopOpen/ChillerUtilization/ChillerNotAvailable/ProductCategory_BackButton'

2019-04-08 16:41:05 - [MESSAGE][WARNING] - Timeout '0' is invalid. Using default page load timeout: '6'

2019-04-08 16:41:05 - [MESSAGE][PASSED] - Tapped on element 'Object Repository/ShopOpen/ChillerUtilization/ChillerNotAvailable/ProductCategory_BackButton'

2019-04-08 16:41:05 - [TEST_STEP][PASSED] - verifyElementText(findTestObject("ShopOpen/ChillerUtilization/ChillerNotAvailable/Validate_ChillerNotAvailableScreen", ["package":PACKAGENAME]), "Category:Chiller Utilization"): Actual text and expected text of test object 'Object Repository/ShopOpen/ChillerUtilization/ChillerNotAvailable/Validate_ChillerNotAvailableScreen' are matched.

2019-04-08 16:41:06 - [MESSAGE][PASSED] - Actual text and expected text of test object 'Object Repository/ShopOpen/ChillerUtilization/ChillerNotAvailable/Validate_ChillerNotAvailableScreen' are matched.

2019-04-08 16:41:06 - [MESSAGE][PASSED] - Call Test Case 'Test Cases/ShopOpen/ChillerUtilization/ChillerNotAvailable/VisitProductCategoryAssets' successfully

2019-04-08 16:41:07 - [TEST_CASE][PASSED] - Test Cases/ShopOpen/ChillerUtilization/ChillerNotAvailable/VisitProductCategoryAssets: Test Cases/ShopOpen/ChillerUtilization/ChillerNotAvailable/VisitProductCategoryAssets

2019-04-08 16:41:07 - [TEST_STEP][PASSED] - verifyElementText(findTestObject("ShopOpen/ChillerUtilization/ChillerNotAvailable/Validate_ProductCategoryAssetScreen", ["package":PACKAGENAME]), "Facing"): Actual text and expected text of test object 'Object Repository/ShopOpen/ChillerUtilization/ChillerNotAvailable/Validate_ProductCategoryAssetScreen' are matched.

2019-04-08 16:41:10 - [MESSAGE][PASSED] - Actual text and expected text of test object 'Object Repository/ShopOpen/ChillerUtilization/ChillerNotAvailable/Validate_ProductCategoryAssetScreen' are matched.

2019-04-08 16:41:10 - [TEST_STEP][PASSED] - tap(findTestObject("ShopOpen/ChillerUtilization/ChillerNotAvailable/Facing", ["package":PACKAGENAME]), 0): Tapped on element 'Object Repository/ShopOpen/ChillerUtilization/ChillerNotAvailable/Facing'

2019-04-08 16:41:10 - [MESSAGE][WARNING] - Timeout '0' is invalid. Using default page load timeout: '6'

2019-04-08 16:41:10 - [MESSAGE][PASSED] - Tapped on element 'Object Repository/ShopOpen/ChillerUtilization/ChillerNotAvailable/Facing'

2019-04-08 16:41:10 - [TEST_STEP][PASSED] - verifyElementText(findTestObject("ShopOpen/ChillerUtilization/ChillerNotAvailable/Validate_FacingScreen", ["package":PACKAGENAME]), "Facing"): Actual text and expected text of test object 'Object Repository/ShopOpen/ChillerUtilization/ChillerNotAvailable/Validate_FacingScreen' are matched.

2019-04-08 16:41:12 - [MESSAGE][PASSED] - Actual text and expected text of test object 'Object Repository/ShopOpen/ChillerUtilization/ChillerNotAvailable/Validate_FacingScreen' are matched.

2019-04-08 16:41:12 - [TEST_STEP][PASSED] - com.ct.qa.keywords.ChillerProductsDataKeywords.VisitChillerNotAvailableProductsData(CHANNEL_CNA_FACING, "Facing"): com.ct.qa.keywords.ChillerProductsDataKeywords.VisitChillerNotAvailableProductsData is PASSED

2019-04-08 16:41:15 - [MESSAGE][PASSED] - Keyboard is hidden

2019-04-08 16:41:16 - [MESSAGE][PASSED] - Swiped from 117,359 to 117,250

2019-04-08 16:41:17 - [MESSAGE][PASSED] - com.ct.qa.keywords.ChillerProductsDataKeywords.VisitChillerNotAvailableProductsData is PASSED

2019-04-08 16:41:17 - [TEST_STEP][PASSED] - tap(findTestObject("ShopOpen/ChillerUtilization/ChillerNotAvailable/SubmitButton", ["package":PACKAGENAME]), 0): Tapped on element 'Object Repository/ShopOpen/ChillerUtilization/ChillerNotAvailable/SubmitButton'

2019-04-08 16:41:17 - [MESSAGE][WARNING] - Timeout '0' is invalid. Using default page load timeout: '6'

2019-04-08 16:41:18 - [MESSAGE][PASSED] - Tapped on element 'Object Repository/ShopOpen/ChillerUtilization/ChillerNotAvailable/SubmitButton'

2019-04-08 16:41:18 - [TEST_STEP][PASSED] - verifyElementText(findTestObject("ShopOpen/ChillerUtilization/ChillerNotAvailable/Validate_ProductCategoryAssetScreen", ["package":PACKAGENAME]), "Facing"): Actual text and expected text of test object 'Object Repository/ShopOpen/ChillerUtilization/ChillerNotAvailable/Validate_ProductCategoryAssetScreen' are matched.

2019-04-08 16:41:19 - [MESSAGE][PASSED] - Actual text and expected text of test object 'Object Repository/ShopOpen/ChillerUtilization/ChillerNotAvailable/Validate_ProductCategoryAssetScreen' are matched.

2019-04-08 16:41:19 - [TEST_STEP][PASSED] - tap(findTestObject("ShopOpen/ChillerUtilization/ChillerNotAvailable/StockTaking", ["package":PACKAGENAME]), 0): Tapped on element 'Object Repository/ShopOpen/ChillerUtilization/ChillerNotAvailable/StockTaking'

2019-04-08 16:41:19 - [MESSAGE][WARNING] - Timeout '0' is invalid. Using default page load timeout: '6'

2019-04-08 16:41:19 - [MESSAGE][PASSED] - Tapped on element 'Object Repository/ShopOpen/ChillerUtilization/ChillerNotAvailable/StockTaking'

2019-04-08 16:41:19 - [TEST_STEP][PASSED] - verifyElementText(findTestObject("ShopOpen/ChillerUtilization/ChillerNotAvailable/Validate_StockTakingScreen", ["package":PACKAGENAME]), "Stock Taking"): Actual text and expected text of test object 'Object Repository/ShopOpen/ChillerUtilization/ChillerNotAvailable/Validate_StockTakingScreen' are matched.

2019-04-08 16:41:22 - [MESSAGE][PASSED] - Actual text and expected text of test object 'Object Repository/ShopOpen/ChillerUtilization/ChillerNotAvailable/Validate_StockTakingScreen' are matched.

2019-04-08 16:41:22 - [TEST_STEP][PASSED] - com.ct.qa.keywords.ChillerProductsDataKeywords.VisitChillerNotAvailableProductsData(CHANNEL_CNA_STOCKTAKING, "Stock Taking"): com.ct.qa.keywords.ChillerProductsDataKeywords.VisitChillerNotAvailableProductsData is PASSED

2019-04-08 16:41:25 - [MESSAGE][PASSED] - Keyboard is hidden

2019-04-08 16:41:27 - [MESSAGE][PASSED] - Swiped from 117,359 to 117,250

2019-04-08 16:41:27 - [MESSAGE][PASSED] - com.ct.qa.keywords.ChillerProductsDataKeywords.VisitChillerNotAvailableProductsData is PASSED

2019-04-08 16:41:27 - [TEST_STEP][PASSED] - tap(findTestObject("ShopOpen/ChillerUtilization/ChillerNotAvailable/SubmitButton", ["package":PACKAGENAME]), 0): Tapped on element 'Object Repository/ShopOpen/ChillerUtilization/ChillerNotAvailable/SubmitButton'

2019-04-08 16:41:27 - [MESSAGE][WARNING] - Timeout '0' is invalid. Using default page load timeout: '6'

2019-04-08 16:41:28 - [MESSAGE][PASSED] - Tapped on element 'Object Repository/ShopOpen/ChillerUtilization/ChillerNotAvailable/SubmitButton'

2019-04-08 16:41:28 - [TEST_STEP][PASSED] - verifyElementText(findTestObject("ShopOpen/ChillerUtilization/ChillerNotAvailable/Validate_ProductCategoryAssetScreen", ["package":PACKAGENAME]), "Facing"): Actual text and expected text of test object 'Object Repository/ShopOpen/ChillerUtilization/ChillerNotAvailable/Validate_ProductCategoryAssetScreen' are matched.

2019-04-08 16:41:29 - [MESSAGE][PASSED] - Actual text and expected text of test object 'Object Repository/ShopOpen/ChillerUtilization/ChillerNotAvailable/Validate_ProductCategoryAssetScreen' are matched.

2019-04-08 16:41:29 - [TEST_STEP][PASSED] - tap(findTestObject("ShopOpen/ChillerUtilization/ChillerNotAvailable/ProductCategory_BackButton", ["package":PACKAGENAME]), 0): Tapped on element 'Object Repository/ShopOpen/ChillerUtilization/ChillerNotAvailable/ProductCategory_BackButton'

2019-04-08 16:41:29 - [MESSAGE][WARNING] - Timeout '0' is invalid. Using default page load timeout: '6'

2019-04-08 16:41:29 - [MESSAGE][PASSED] - Tapped on element 'Object Repository/ShopOpen/ChillerUtilization/ChillerNotAvailable/ProductCategory_BackButton'

2019-04-08 16:41:29 - [TEST_STEP][PASSED] - verifyElementText(findTestObject("ShopOpen/ChillerUtilization/ChillerNotAvailable/Validate_ChillerNotAvailableScreen", ["package":PACKAGENAME]), "Category:Chiller Utilization"): Actual text and expected text of test object 'Object Repository/ShopOpen/ChillerUtilization/ChillerNotAvailable/Validate_ChillerNotAvailableScreen' are matched.

2019-04-08 16:41:30 - [MESSAGE][PASSED] - Actual text and expected text of test object 'Object Repository/ShopOpen/ChillerUtilization/ChillerNotAvailable/Validate_ChillerNotAvailableScreen' are matched.

2019-04-08 16:41:30 - [MESSAGE][PASSED] - Call Test Case 'Test Cases/ShopOpen/ChillerUtilization/ChillerNotAvailable/VisitProductCategoryAssets' successfully

2019-04-08 16:41:31 - [TEST_CASE][PASSED] - Test Cases/ShopOpen/ChillerUtilization/ChillerNotAvailable/VisitProductCategoryAssets: Test Cases/ShopOpen/ChillerUtilization/ChillerNotAvailable/VisitProductCategoryAssets

2019-04-08 16:41:31 - [TEST_STEP][PASSED] - verifyElementText(findTestObject("ShopOpen/ChillerUtilization/ChillerNotAvailable/Validate_ProductCategoryAssetScreen", ["package":PACKAGENAME]), "Facing"): Actual text and expected text of test object 'Object Repository/ShopOpen/ChillerUtilization/ChillerNotAvailable/Validate_ProductCategoryAssetScreen' are matched.

2019-04-08 16:41:33 - [MESSAGE][PASSED] - Actual text and expected text of test object 'Object Repository/ShopOpen/ChillerUtilization/ChillerNotAvailable/Validate_ProductCategoryAssetScreen' are matched.

2019-04-08 16:41:33 - [TEST_STEP][PASSED] - tap(findTestObject("ShopOpen/ChillerUtilization/ChillerNotAvailable/Facing", ["package":PACKAGENAME]), 0): Tapped on element 'Object Repository/ShopOpen/ChillerUtilization/ChillerNotAvailable/Facing'

2019-04-08 16:41:33 - [MESSAGE][WARNING] - Timeout '0' is invalid. Using default page load timeout: '6'

2019-04-08 16:41:33 - [MESSAGE][PASSED] - Tapped on element 'Object Repository/ShopOpen/ChillerUtilization/ChillerNotAvailable/Facing'

2019-04-08 16:41:33 - [TEST_STEP][PASSED] - verifyElementText(findTestObject("ShopOpen/ChillerUtilization/ChillerNotAvailable/Validate_FacingScreen", ["package":PACKAGENAME]), "Facing"): Actual text and expected text of test object 'Object Repository/ShopOpen/ChillerUtilization/ChillerNotAvailable/Validate_FacingScreen' are matched.

2019-04-08 16:41:35 - [MESSAGE][PASSED] - Actual text and expected text of test object 'Object Repository/ShopOpen/ChillerUtilization/ChillerNotAvailable/Validate_FacingScreen' are matched.

2019-04-08 16:41:35 - [TEST_STEP][PASSED] - com.ct.qa.keywords.ChillerProductsDataKeywords.VisitChillerNotAvailableProductsData(CHANNEL_CNA_FACING, "Facing"): com.ct.qa.keywords.ChillerProductsDataKeywords.VisitChillerNotAvailableProductsData is PASSED

2019-04-08 16:41:39 - [MESSAGE][PASSED] - Keyboard is hidden

2019-04-08 16:41:42 - [MESSAGE][PASSED] - Keyboard is hidden

2019-04-08 16:41:45 - [MESSAGE][PASSED] - Keyboard is hidden

2019-04-08 16:41:48 - [MESSAGE][PASSED] - Keyboard is hidden

2019-04-08 16:41:51 - [MESSAGE][PASSED] - Keyboard is hidden

2019-04-08 16:41:54 - [MESSAGE][PASSED] - Keyboard is hidden

2019-04-08 16:41:56 - [MESSAGE][PASSED] - Swiped from 23,359 to 23,250

2019-04-08 16:42:01 - [MESSAGE][PASSED] - Keyboard is hidden

2019-04-08 16:42:03 - [MESSAGE][PASSED] - Swiped from 23,359 to 23,250

2019-04-08 16:42:05 - [MESSAGE][PASSED] - com.ct.qa.keywords.ChillerProductsDataKeywords.VisitChillerNotAvailableProductsData is PASSED

2019-04-08 16:42:05 - [TEST_STEP][PASSED] - tap(findTestObject("ShopOpen/ChillerUtilization/ChillerNotAvailable/SubmitButton", ["package":PACKAGENAME]), 0): Tapped on element 'Object Repository/ShopOpen/ChillerUtilization/ChillerNotAvailable/SubmitButton'

2019-04-08 16:42:05 - [MESSAGE][WARNING] - Timeout '0' is invalid. Using default page load timeout: '6'

2019-04-08 16:42:06 - [MESSAGE][PASSED] - Tapped on element 'Object Repository/ShopOpen/ChillerUtilization/ChillerNotAvailable/SubmitButton'

2019-04-08 16:42:06 - [TEST_STEP][PASSED] - verifyElementText(findTestObject("ShopOpen/ChillerUtilization/ChillerNotAvailable/Validate_ProductCategoryAssetScreen", ["package":PACKAGENAME]), "Facing"): Actual text and expected text of test object 'Object Repository/ShopOpen/ChillerUtilization/ChillerNotAvailable/Validate_ProductCategoryAssetScreen' are matched.

2019-04-08 16:42:07 - [MESSAGE][PASSED] - Actual text and expected text of test object 'Object Repository/ShopOpen/ChillerUtilization/ChillerNotAvailable/Validate_ProductCategoryAssetScreen' are matched.

2019-04-08 16:42:07 - [TEST_STEP][PASSED] - tap(findTestObject("ShopOpen/ChillerUtilization/ChillerNotAvailable/StockTaking", ["package":PACKAGENAME]), 0): Tapped on element 'Object Repository/ShopOpen/ChillerUtilization/ChillerNotAvailable/StockTaking'

2019-04-08 16:42:07 - [MESSAGE][WARNING] - Timeout '0' is invalid. Using default page load timeout: '6'

2019-04-08 16:42:08 - [MESSAGE][PASSED] - Tapped on element 'Object Repository/ShopOpen/ChillerUtilization/ChillerNotAvailable/StockTaking'

2019-04-08 16:42:08 - [TEST_STEP][PASSED] - verifyElementText(findTestObject("ShopOpen/ChillerUtilization/ChillerNotAvailable/Validate_StockTakingScreen", ["package":PACKAGENAME]), "Stock Taking"): Actual text and expected text of test object 'Object Repository/ShopOpen/ChillerUtilization/ChillerNotAvailable/Validate_StockTakingScreen' are matched.

2019-04-08 16:42:10 - [MESSAGE][PASSED] - Actual text and expected text of test object 'Object Repository/ShopOpen/ChillerUtilization/ChillerNotAvailable/Validate_StockTakingScreen' are matched.

2019-04-08 16:42:10 - [TEST_STEP][PASSED] - com.ct.qa.keywords.ChillerProductsDataKeywords.VisitChillerNotAvailableProductsData(CHANNEL_CNA_STOCKTAKING, "Stock Taking"): com.ct.qa.keywords.ChillerProductsDataKeywords.VisitChillerNotAvailableProductsData is PASSED

2019-04-08 16:42:14 - [MESSAGE][PASSED] - Keyboard is hidden

2019-04-08 16:42:17 - [MESSAGE][PASSED] - Keyboard is hidden

2019-04-08 16:42:20 - [MESSAGE][PASSED] - Keyboard is hidden

2019-04-08 16:42:23 - [MESSAGE][PASSED] - Keyboard is hidden

2019-04-08 16:42:26 - [MESSAGE][PASSED] - Keyboard is hidden

2019-04-08 16:42:29 - [MESSAGE][PASSED] - Keyboard is hidden

2019-04-08 16:42:31 - [MESSAGE][PASSED] - Swiped from 23,359 to 23,250

2019-04-08 16:42:35 - [MESSAGE][PASSED] - Keyboard is hidden

2019-04-08 16:42:37 - [MESSAGE][PASSED] - Swiped from 23,359 to 23,250

2019-04-08 16:42:39 - [MESSAGE][PASSED] - com.ct.qa.keywords.ChillerProductsDataKeywords.VisitChillerNotAvailableProductsData is PASSED

2019-04-08 16:42:39 - [TEST_STEP][PASSED] - tap(findTestObject("ShopOpen/ChillerUtilization/ChillerNotAvailable/SubmitButton", ["package":PACKAGENAME]), 0): Tapped on element 'Object Repository/ShopOpen/ChillerUtilization/ChillerNotAvailable/SubmitButton'

2019-04-08 16:42:39 - [MESSAGE][WARNING] - Timeout '0' is invalid. Using default page load timeout: '6'

2019-04-08 16:42:40 - [MESSAGE][PASSED] - Tapped on element 'Object Repository/ShopOpen/ChillerUtilization/ChillerNotAvailable/SubmitButton'

2019-04-08 16:42:40 - [TEST_STEP][PASSED] - verifyElementText(findTestObject("ShopOpen/ChillerUtilization/ChillerNotAvailable/Validate_ProductCategoryAssetScreen", ["package":PACKAGENAME]), "Facing"): Actual text and expected text of test object 'Object Repository/ShopOpen/ChillerUtilization/ChillerNotAvailable/Validate_ProductCategoryAssetScreen' are matched.

2019-04-08 16:42:41 - [MESSAGE][PASSED] - Actual text and expected text of test object 'Object Repository/ShopOpen/ChillerUtilization/ChillerNotAvailable/Validate_ProductCategoryAssetScreen' are matched.

2019-04-08 16:42:41 - [TEST_STEP][PASSED] - tap(findTestObject("ShopOpen/ChillerUtilization/ChillerNotAvailable/ProductCategory_BackButton", ["package":PACKAGENAME]), 0): Tapped on element 'Object Repository/ShopOpen/ChillerUtilization/ChillerNotAvailable/ProductCategory_BackButton'

2019-04-08 16:42:41 - [MESSAGE][WARNING] - Timeout '0' is invalid. Using default page load timeout: '6'

2019-04-08 16:42:41 - [MESSAGE][PASSED] - Tapped on element 'Object Repository/ShopOpen/ChillerUtilization/ChillerNotAvailable/ProductCategory_BackButton'

2019-04-08 16:42:41 - [TEST_STEP][PASSED] - verifyElementText(findTestObject("ShopOpen/ChillerUtilization/ChillerNotAvailable/Validate_ChillerNotAvailableScreen", ["package":PACKAGENAME]), "Category:Chiller Utilization"): Actual text and expected text of test object 'Object Repository/ShopOpen/ChillerUtilization/ChillerNotAvailable/Validate_ChillerNotAvailableScreen' are matched.

2019-04-08 16:42:42 - [MESSAGE][PASSED] - Actual text and expected text of test object 'Object Repository/ShopOpen/ChillerUtilization/ChillerNotAvailable/Validate_ChillerNotAvailableScreen' are matched.

2019-04-08 16:42:42 - [MESSAGE][PASSED] - Call Test Case 'Test Cases/ShopOpen/ChillerUtilization/ChillerNotAvailable/VisitProductCategoryAssets' successfully

2019-04-08 16:42:42 - [MESSAGE][PASSED] - com.ct.qa.keywords.ChillerProductsDataKeywords.visitChillerNotAvailableProductCategories is PASSED

2019-04-08 16:42:42 - [TEST_STEP][PASSED] - com.ct.qa.keywords.CommonKeywords.visitPlanogramImageViewButton(): com.ct.qa.keywords.CommonKeywords.visitPlanogramImageViewButton is PASSED

2019-04-08 16:42:45 - [MESSAGE][WARNING] - Timeout '0' is invalid. Using default page load timeout: '6'

2019-04-08 16:42:53 - [MESSAGE][WARNING] - Object Object Repository/CommonScreenElements/InfoPopUp_OKButton not found
[[ATTACHMENT|F:\\Git Projects\\MMAPlus_Merchandising\\MMAPlus_Merchandising\\Reports\\MMA Plus Merchandiser With Chiller Level Overwrite Scenarios\\20190408_162214\\1554723771653.png]]

2019-04-08 16:42:53 - [MESSAGE][PASSED] - com.ct.qa.keywords.CommonKeywords.visitPlanogramImageViewButton is PASSED

2019-04-08 16:42:53 - [TEST_STEP][PASSED] - verifyElementText(findTestObject("ShopOpen/ChillerUtilization/ChillerNotAvailable/Validate_ChillerNotAvailableScreen", ["package":PACKAGENAME]), "Category:Chiller Utilization"): Actual text and expected text of test object 'Object Repository/ShopOpen/ChillerUtilization/ChillerNotAvailable/Validate_ChillerNotAvailableScreen' are matched.

2019-04-08 16:42:55 - [MESSAGE][PASSED] - Actual text and expected text of test object 'Object Repository/ShopOpen/ChillerUtilization/ChillerNotAvailable/Validate_ChillerNotAvailableScreen' are matched.

2019-04-08 16:42:55 - [TEST_STEP][PASSED] - com.ct.qa.keywords.CommonKeywords.visitPictureImageViewButton(): com.ct.qa.keywords.CommonKeywords.visitPictureImageViewButton is PASSED

2019-04-08 16:42:56 - [MESSAGE][WARNING] - Timeout '0' is invalid. Using default page load timeout: '6'

2019-04-08 16:42:58 - [MESSAGE][PASSED] - Element 'Object Repository/CommonScreenElements/Validate_CameraScreen' is exist

2019-04-08 16:42:58 - [MESSAGE][WARNING] - Timeout '0' is invalid. Using default page load timeout: '6'

2019-04-08 16:43:02 - [MESSAGE][PASSED] - Tapped on element 'Object Repository/CommonScreenElements/Camera_flashButton'

2019-04-08 16:43:02 - [MESSAGE][WARNING] - Timeout '0' is invalid. Using default page load timeout: '6'

2019-04-08 16:43:05 - [MESSAGE][PASSED] - Tapped on element 'Object Repository/CommonScreenElements/Camera_TakePictureButton'

2019-04-08 16:43:10 - [MESSAGE][PASSED] - Delayed 5 second(s)

2019-04-08 16:43:10 - [MESSAGE][WARNING] - Timeout '0' is invalid. Using default page load timeout: '6'

2019-04-08 16:43:11 - [MESSAGE][PASSED] - Tapped on element 'Object Repository/CommonScreenElements/Camera_DoneButton'

2019-04-08 16:43:11 - [MESSAGE][PASSED] - com.ct.qa.keywords.CommonKeywords.visitPictureImageViewButton is PASSED

2019-04-08 16:43:11 - [TEST_STEP][PASSED] - verifyElementText(findTestObject("ShopOpen/ChillerUtilization/ChillerNotAvailable/Validate_ChillerNotAvailableScreen", ["package":PACKAGENAME]), "Category:Chiller Utilization"): Actual text and expected text of test object 'Object Repository/ShopOpen/ChillerUtilization/ChillerNotAvailable/Validate_ChillerNotAvailableScreen' are matched.

2019-04-08 16:43:12 - [MESSAGE][PASSED] - Actual text and expected text of test object 'Object Repository/ShopOpen/ChillerUtilization/ChillerNotAvailable/Validate_ChillerNotAvailableScreen' are matched.

2019-04-08 16:43:12 - [TEST_STEP][PASSED] - com.ct.qa.keywords.CommonKeywords.visitBackImageViewButton(): com.ct.qa.keywords.CommonKeywords.visitBackImageViewButton is PASSED

2019-04-08 16:43:13 - [MESSAGE][PASSED] - com.ct.qa.keywords.CommonKeywords.visitBackImageViewButton is PASSED

2019-04-08 16:43:13 - [TEST_STEP][PASSED] - verifyElementText(findTestObject("ShopOpen/ChillerUtilization/Validate_ChillerUtilizationScreen", ["package":PACKAGENAME]), "Shop Chillers"): Actual text and expected text of test object 'Object Repository/ShopOpen/ChillerUtilization/Validate_ChillerUtilizationScreen' are matched.

2019-04-08 16:43:14 - [MESSAGE][PASSED] - Actual text and expected text of test object 'Object Repository/ShopOpen/ChillerUtilization/Validate_ChillerUtilizationScreen' are matched.

2019-04-08 16:43:14 - [MESSAGE][PASSED] - Call Test Case 'Test Cases/ShopOpen/ChillerUtilization/ChillerNotAvailable/OverwriteChillerNotAvailable' successfully

2019-04-08 16:43:15 - [MESSAGE][WARNING] - Timeout '0' is invalid. Using default page load timeout: '6'

2019-04-08 16:43:18 - [MESSAGE][PASSED] - Tapped on element 'Object Repository/CommonScreenElements/InfoPopUp_YesButton'

2019-04-08 16:43:18 - [MESSAGE][WARNING] - Timeout '0' is invalid. Using default page load timeout: '6'

2019-04-08 16:43:19 - [MESSAGE][PASSED] - Element 'Object Repository/CommonScreenElements/Validate_CameraScreen' is exist

2019-04-08 16:43:19 - [MESSAGE][WARNING] - Timeout '0' is invalid. Using default page load timeout: '6'

2019-04-08 16:43:22 - [MESSAGE][PASSED] - Tapped on element 'Object Repository/CommonScreenElements/Camera_flashButton'

2019-04-08 16:43:22 - [MESSAGE][WARNING] - Timeout '0' is invalid. Using default page load timeout: '6'

2019-04-08 16:43:25 - [MESSAGE][PASSED] - Tapped on element 'Object Repository/CommonScreenElements/Camera_TakePictureButton'

2019-04-08 16:43:30 - [MESSAGE][PASSED] - Delayed 5 second(s)

2019-04-08 16:43:30 - [MESSAGE][WARNING] - Timeout '0' is invalid. Using default page load timeout: '6'

2019-04-08 16:43:31 - [MESSAGE][PASSED] - Tapped on element 'Object Repository/CommonScreenElements/Camera_DoneButton'

2019-04-08 16:43:34 - [TEST_CASE][PASSED] - Test Cases/ShopOpen/ChillerUtilization/ChillerNotAvailable/OverwriteChillerNotAvailable: Test Cases/ShopOpen/ChillerUtilization/ChillerNotAvailable/OverwriteChillerNotAvailable

2019-04-08 16:43:34 - [TEST_STEP][PASSED] - verifyElementText(findTestObject("ShopOpen/ChillerUtilization/ChillerNotAvailable/Validate_ChillerNotAvailableScreen", ["package":PACKAGENAME]), "Category:Chiller Utilization"): Actual text and expected text of test object 'Object Repository/ShopOpen/ChillerUtilization/ChillerNotAvailable/Validate_ChillerNotAvailableScreen' are matched.

2019-04-08 16:43:37 - [MESSAGE][PASSED] - Actual text and expected text of test object 'Object Repository/ShopOpen/ChillerUtilization/ChillerNotAvailable/Validate_ChillerNotAvailableScreen' are matched.

2019-04-08 16:43:37 - [TEST_STEP][PASSED] - com.ct.qa.keywords.ChillerProductsDataKeywords.visitChillerNotAvailableProductCategories(2): com.ct.qa.keywords.ChillerProductsDataKeywords.visitChillerNotAvailableProductCategories is PASSED

2019-04-08 16:43:40 - [TEST_CASE][PASSED] - Test Cases/ShopOpen/ChillerUtilization/ChillerNotAvailable/VisitProductCategoryAssets: Test Cases/ShopOpen/ChillerUtilization/ChillerNotAvailable/VisitProductCategoryAssets

2019-04-08 16:43:40 - [TEST_STEP][PASSED] - verifyElementText(findTestObject("ShopOpen/ChillerUtilization/ChillerNotAvailable/Validate_ProductCategoryAssetScreen", ["package":PACKAGENAME]), "Facing"): Actual text and expected text of test object 'Object Repository/ShopOpen/ChillerUtilization/ChillerNotAvailable/Validate_ProductCategoryAssetScreen' are matched.

2019-04-08 16:43:42 - [MESSAGE][PASSED] - Actual text and expected text of test object 'Object Repository/ShopOpen/ChillerUtilization/ChillerNotAvailable/Validate_ProductCategoryAssetScreen' are matched.

2019-04-08 16:43:42 - [TEST_STEP][PASSED] - tap(findTestObject("ShopOpen/ChillerUtilization/ChillerNotAvailable/Facing", ["package":PACKAGENAME]), 0): Tapped on element 'Object Repository/ShopOpen/ChillerUtilization/ChillerNotAvailable/Facing'

2019-04-08 16:43:42 - [MESSAGE][WARNING] - Timeout '0' is invalid. Using default page load timeout: '6'

2019-04-08 16:43:42 - [MESSAGE][PASSED] - Tapped on element 'Object Repository/ShopOpen/ChillerUtilization/ChillerNotAvailable/Facing'

2019-04-08 16:43:42 - [TEST_STEP][PASSED] - verifyElementText(findTestObject("ShopOpen/ChillerUtilization/ChillerNotAvailable/Validate_FacingScreen", ["package":PACKAGENAME]), "Facing"): Actual text and expected text of test object 'Object Repository/ShopOpen/ChillerUtilization/ChillerNotAvailable/Validate_FacingScreen' are matched.

2019-04-08 16:43:45 - [MESSAGE][PASSED] - Actual text and expected text of test object 'Object Repository/ShopOpen/ChillerUtilization/ChillerNotAvailable/Validate_FacingScreen' are matched.

2019-04-08 16:43:45 - [TEST_STEP][PASSED] - com.ct.qa.keywords.ChillerProductsDataKeywords.VisitChillerNotAvailableProductsData(CHANNEL_CNA_FACING, "Facing"): com.ct.qa.keywords.ChillerProductsDataKeywords.VisitChillerNotAvailableProductsData is PASSED

2019-04-08 16:43:49 - [MESSAGE][PASSED] - Keyboard is hidden

2019-04-08 16:43:52 - [MESSAGE][PASSED] - Keyboard is hidden

2019-04-08 16:43:55 - [MESSAGE][PASSED] - Keyboard is hidden

2019-04-08 16:43:58 - [MESSAGE][PASSED] - Keyboard is hidden

2019-04-08 16:44:01 - [MESSAGE][PASSED] - Keyboard is hidden

2019-04-08 16:44:04 - [MESSAGE][PASSED] - Keyboard is hidden

2019-04-08 16:44:06 - [MESSAGE][PASSED] - Swiped from 30,359 to 30,250

2019-04-08 16:44:08 - [MESSAGE][PASSED] - com.ct.qa.keywords.ChillerProductsDataKeywords.VisitChillerNotAvailableProductsData is PASSED

2019-04-08 16:44:08 - [TEST_STEP][PASSED] - tap(findTestObject("ShopOpen/ChillerUtilization/ChillerNotAvailable/SubmitButton", ["package":PACKAGENAME]), 0): Tapped on element 'Object Repository/ShopOpen/ChillerUtilization/ChillerNotAvailable/SubmitButton'

2019-04-08 16:44:08 - [MESSAGE][WARNING] - Timeout '0' is invalid. Using default page load timeout: '6'

2019-04-08 16:44:08 - [MESSAGE][PASSED] - Tapped on element 'Object Repository/ShopOpen/ChillerUtilization/ChillerNotAvailable/SubmitButton'

2019-04-08 16:44:08 - [TEST_STEP][PASSED] - verifyElementText(findTestObject("ShopOpen/ChillerUtilization/ChillerNotAvailable/Validate_ProductCategoryAssetScreen", ["package":PACKAGENAME]), "Facing"): Actual text and expected text of test object 'Object Repository/ShopOpen/ChillerUtilization/ChillerNotAvailable/Validate_ProductCategoryAssetScreen' are matched.

2019-04-08 16:44:09 - [MESSAGE][PASSED] - Actual text and expected text of test object 'Object Repository/ShopOpen/ChillerUtilization/ChillerNotAvailable/Validate_ProductCategoryAssetScreen' are matched.

2019-04-08 16:44:09 - [TEST_STEP][PASSED] - tap(findTestObject("ShopOpen/ChillerUtilization/ChillerNotAvailable/StockTaking", ["package":PACKAGENAME]), 0): Tapped on element 'Object Repository/ShopOpen/ChillerUtilization/ChillerNotAvailable/StockTaking'

2019-04-08 16:44:09 - [MESSAGE][WARNING] - Timeout '0' is invalid. Using default page load timeout: '6'

2019-04-08 16:44:10 - [MESSAGE][PASSED] - Tapped on element 'Object Repository/ShopOpen/ChillerUtilization/ChillerNotAvailable/StockTaking'

2019-04-08 16:44:10 - [TEST_STEP][PASSED] - verifyElementText(findTestObject("ShopOpen/ChillerUtilization/ChillerNotAvailable/Validate_StockTakingScreen", ["package":PACKAGENAME]), "Stock Taking"): Actual text and expected text of test object 'Object Repository/ShopOpen/ChillerUtilization/ChillerNotAvailable/Validate_StockTakingScreen' are matched.

2019-04-08 16:44:12 - [MESSAGE][PASSED] - Actual text and expected text of test object 'Object Repository/ShopOpen/ChillerUtilization/ChillerNotAvailable/Validate_StockTakingScreen' are matched.

2019-04-08 16:44:12 - [TEST_STEP][PASSED] - com.ct.qa.keywords.ChillerProductsDataKeywords.VisitChillerNotAvailableProductsData(CHANNEL_CNA_STOCKTAKING, "Stock Taking"): com.ct.qa.keywords.ChillerProductsDataKeywords.VisitChillerNotAvailableProductsData is PASSED

2019-04-08 16:44:16 - [MESSAGE][PASSED] - Keyboard is hidden

2019-04-08 16:44:19 - [MESSAGE][PASSED] - Keyboard is hidden

2019-04-08 16:44:22 - [MESSAGE][PASSED] - Keyboard is hidden

2019-04-08 16:44:25 - [MESSAGE][PASSED] - Keyboard is hidden

2019-04-08 16:44:28 - [MESSAGE][PASSED] - Keyboard is hidden

2019-04-08 16:44:31 - [MESSAGE][PASSED] - Keyboard is hidden

2019-04-08 16:44:33 - [MESSAGE][PASSED] - Swiped from 30,359 to 30,250

2019-04-08 16:44:36 - [MESSAGE][PASSED] - com.ct.qa.keywords.ChillerProductsDataKeywords.VisitChillerNotAvailableProductsData is PASSED

2019-04-08 16:44:36 - [TEST_STEP][PASSED] - tap(findTestObject("ShopOpen/ChillerUtilization/ChillerNotAvailable/SubmitButton", ["package":PACKAGENAME]), 0): Tapped on element 'Object Repository/ShopOpen/ChillerUtilization/ChillerNotAvailable/SubmitButton'

2019-04-08 16:44:36 - [MESSAGE][WARNING] - Timeout '0' is invalid. Using default page load timeout: '6'

2019-04-08 16:44:36 - [MESSAGE][PASSED] - Tapped on element 'Object Repository/ShopOpen/ChillerUtilization/ChillerNotAvailable/SubmitButton'

2019-04-08 16:44:36 - [TEST_STEP][PASSED] - verifyElementText(findTestObject("ShopOpen/ChillerUtilization/ChillerNotAvailable/Validate_ProductCategoryAssetScreen", ["package":PACKAGENAME]), "Facing"): Actual text and expected text of test object 'Object Repository/ShopOpen/ChillerUtilization/ChillerNotAvailable/Validate_ProductCategoryAssetScreen' are matched.

2019-04-08 16:44:37 - [MESSAGE][PASSED] - Actual text and expected text of test object 'Object Repository/ShopOpen/ChillerUtilization/ChillerNotAvailable/Validate_ProductCategoryAssetScreen' are matched.

2019-04-08 16:44:37 - [TEST_STEP][PASSED] - tap(findTestObject("ShopOpen/ChillerUtilization/ChillerNotAvailable/ProductCategory_BackButton", ["package":PACKAGENAME]), 0): Tapped on element 'Object Repository/ShopOpen/ChillerUtilization/ChillerNotAvailable/ProductCategory_BackButton'

2019-04-08 16:44:37 - [MESSAGE][WARNING] - Timeout '0' is invalid. Using default page load timeout: '6'

2019-04-08 16:44:38 - [MESSAGE][PASSED] - Tapped on element 'Object Repository/ShopOpen/ChillerUtilization/ChillerNotAvailable/ProductCategory_BackButton'

2019-04-08 16:44:38 - [TEST_STEP][PASSED] - verifyElementText(findTestObject("ShopOpen/ChillerUtilization/ChillerNotAvailable/Validate_ChillerNotAvailableScreen", ["package":PACKAGENAME]), "Category:Chiller Utilization"): Actual text and expected text of test object 'Object Repository/ShopOpen/ChillerUtilization/ChillerNotAvailable/Validate_ChillerNotAvailableScreen' are matched.

2019-04-08 16:44:39 - [MESSAGE][PASSED] - Actual text and expected text of test object 'Object Repository/ShopOpen/ChillerUtilization/ChillerNotAvailable/Validate_ChillerNotAvailableScreen' are matched.

2019-04-08 16:44:39 - [MESSAGE][PASSED] - Call Test Case 'Test Cases/ShopOpen/ChillerUtilization/ChillerNotAvailable/VisitProductCategoryAssets' successfully

2019-04-08 16:44:40 - [TEST_CASE][PASSED] - Test Cases/ShopOpen/ChillerUtilization/ChillerNotAvailable/VisitProductCategoryAssets: Test Cases/ShopOpen/ChillerUtilization/ChillerNotAvailable/VisitProductCategoryAssets

2019-04-08 16:44:40 - [TEST_STEP][PASSED] - verifyElementText(findTestObject("ShopOpen/ChillerUtilization/ChillerNotAvailable/Validate_ProductCategoryAssetScreen", ["package":PACKAGENAME]), "Facing"): Actual text and expected text of test object 'Object Repository/ShopOpen/ChillerUtilization/ChillerNotAvailable/Validate_ProductCategoryAssetScreen' are matched.

2019-04-08 16:44:42 - [MESSAGE][PASSED] - Actual text and expected text of test object 'Object Repository/ShopOpen/ChillerUtilization/ChillerNotAvailable/Validate_ProductCategoryAssetScreen' are matched.

2019-04-08 16:44:42 - [TEST_STEP][PASSED] - tap(findTestObject("ShopOpen/ChillerUtilization/ChillerNotAvailable/Facing", ["package":PACKAGENAME]), 0): Tapped on element 'Object Repository/ShopOpen/ChillerUtilization/ChillerNotAvailable/Facing'

2019-04-08 16:44:42 - [MESSAGE][WARNING] - Timeout '0' is invalid. Using default page load timeout: '6'

2019-04-08 16:44:42 - [MESSAGE][PASSED] - Tapped on element 'Object Repository/ShopOpen/ChillerUtilization/ChillerNotAvailable/Facing'

2019-04-08 16:44:42 - [TEST_STEP][PASSED] - verifyElementText(findTestObject("ShopOpen/ChillerUtilization/ChillerNotAvailable/Validate_FacingScreen", ["package":PACKAGENAME]), "Facing"): Actual text and expected text of test object 'Object Repository/ShopOpen/ChillerUtilization/ChillerNotAvailable/Validate_FacingScreen' are matched.

2019-04-08 16:44:45 - [MESSAGE][PASSED] - Actual text and expected text of test object 'Object Repository/ShopOpen/ChillerUtilization/ChillerNotAvailable/Validate_FacingScreen' are matched.

2019-04-08 16:44:45 - [TEST_STEP][PASSED] - com.ct.qa.keywords.ChillerProductsDataKeywords.VisitChillerNotAvailableProductsData(CHANNEL_CNA_FACING, "Facing"): com.ct.qa.keywords.ChillerProductsDataKeywords.VisitChillerNotAvailableProductsData is PASSED

2019-04-08 16:44:48 - [MESSAGE][PASSED] - Keyboard is hidden

2019-04-08 16:44:49 - [MESSAGE][PASSED] - Swiped from 117,359 to 117,250

2019-04-08 16:44:50 - [MESSAGE][PASSED] - com.ct.qa.keywords.ChillerProductsDataKeywords.VisitChillerNotAvailableProductsData is PASSED

2019-04-08 16:44:50 - [TEST_STEP][PASSED] - tap(findTestObject("ShopOpen/ChillerUtilization/ChillerNotAvailable/SubmitButton", ["package":PACKAGENAME]), 0): Tapped on element 'Object Repository/ShopOpen/ChillerUtilization/ChillerNotAvailable/SubmitButton'

2019-04-08 16:44:50 - [MESSAGE][WARNING] - Timeout '0' is invalid. Using default page load timeout: '6'

2019-04-08 16:44:51 - [MESSAGE][PASSED] - Tapped on element 'Object Repository/ShopOpen/ChillerUtilization/ChillerNotAvailable/SubmitButton'

2019-04-08 16:44:51 - [TEST_STEP][PASSED] - verifyElementText(findTestObject("ShopOpen/ChillerUtilization/ChillerNotAvailable/Validate_ProductCategoryAssetScreen", ["package":PACKAGENAME]), "Facing"): Actual text and expected text of test object 'Object Repository/ShopOpen/ChillerUtilization/ChillerNotAvailable/Validate_ProductCategoryAssetScreen' are matched.

2019-04-08 16:44:52 - [MESSAGE][PASSED] - Actual text and expected text of test object 'Object Repository/ShopOpen/ChillerUtilization/ChillerNotAvailable/Validate_ProductCategoryAssetScreen' are matched.

2019-04-08 16:44:52 - [TEST_STEP][PASSED] - tap(findTestObject("ShopOpen/ChillerUtilization/ChillerNotAvailable/StockTaking", ["package":PACKAGENAME]), 0): Tapped on element 'Object Repository/ShopOpen/ChillerUtilization/ChillerNotAvailable/StockTaking'

2019-04-08 16:44:52 - [MESSAGE][WARNING] - Timeout '0' is invalid. Using default page load timeout: '6'

2019-04-08 16:44:52 - [MESSAGE][PASSED] - Tapped on element 'Object Repository/ShopOpen/ChillerUtilization/ChillerNotAvailable/StockTaking'

2019-04-08 16:44:52 - [TEST_STEP][PASSED] - verifyElementText(findTestObject("ShopOpen/ChillerUtilization/ChillerNotAvailable/Validate_StockTakingScreen", ["package":PACKAGENAME]), "Stock Taking"): Actual text and expected text of test object 'Object Repository/ShopOpen/ChillerUtilization/ChillerNotAvailable/Validate_StockTakingScreen' are matched.

2019-04-08 16:44:55 - [MESSAGE][PASSED] - Actual text and expected text of test object 'Object Repository/ShopOpen/ChillerUtilization/ChillerNotAvailable/Validate_StockTakingScreen' are matched.

2019-04-08 16:44:55 - [TEST_STEP][PASSED] - com.ct.qa.keywords.ChillerProductsDataKeywords.VisitChillerNotAvailableProductsData(CHANNEL_CNA_STOCKTAKING, "Stock Taking"): com.ct.qa.keywords.ChillerProductsDataKeywords.VisitChillerNotAvailableProductsData is PASSED

2019-04-08 16:44:58 - [MESSAGE][PASSED] - Keyboard is hidden

2019-04-08 16:44:59 - [MESSAGE][PASSED] - Swiped from 117,359 to 117,250

2019-04-08 16:45:00 - [MESSAGE][PASSED] - com.ct.qa.keywords.ChillerProductsDataKeywords.VisitChillerNotAvailableProductsData is PASSED

2019-04-08 16:45:00 - [TEST_STEP][PASSED] - tap(findTestObject("ShopOpen/ChillerUtilization/ChillerNotAvailable/SubmitButton", ["package":PACKAGENAME]), 0): Tapped on element 'Object Repository/ShopOpen/ChillerUtilization/ChillerNotAvailable/SubmitButton'

2019-04-08 16:45:00 - [MESSAGE][WARNING] - Timeout '0' is invalid. Using default page load timeout: '6'

2019-04-08 16:45:01 - [MESSAGE][PASSED] - Tapped on element 'Object Repository/ShopOpen/ChillerUtilization/ChillerNotAvailable/SubmitButton'

2019-04-08 16:45:01 - [TEST_STEP][PASSED] - verifyElementText(findTestObject("ShopOpen/ChillerUtilization/ChillerNotAvailable/Validate_ProductCategoryAssetScreen", ["package":PACKAGENAME]), "Facing"): Actual text and expected text of test object 'Object Repository/ShopOpen/ChillerUtilization/ChillerNotAvailable/Validate_ProductCategoryAssetScreen' are matched.

2019-04-08 16:45:02 - [MESSAGE][PASSED] - Actual text and expected text of test object 'Object Repository/ShopOpen/ChillerUtilization/ChillerNotAvailable/Validate_ProductCategoryAssetScreen' are matched.

2019-04-08 16:45:02 - [TEST_STEP][PASSED] - tap(findTestObject("ShopOpen/ChillerUtilization/ChillerNotAvailable/ProductCategory_BackButton", ["package":PACKAGENAME]), 0): Tapped on element 'Object Repository/ShopOpen/ChillerUtilization/ChillerNotAvailable/ProductCategory_BackButton'

2019-04-08 16:45:02 - [MESSAGE][WARNING] - Timeout '0' is invalid. Using default page load timeout: '6'

2019-04-08 16:45:02 - [MESSAGE][PASSED] - Tapped on element 'Object Repository/ShopOpen/ChillerUtilization/ChillerNotAvailable/ProductCategory_BackButton'

2019-04-08 16:45:02 - [TEST_STEP][PASSED] - verifyElementText(findTestObject("ShopOpen/ChillerUtilization/ChillerNotAvailable/Validate_ChillerNotAvailableScreen", ["package":PACKAGENAME]), "Category:Chiller Utilization"): Actual text and expected text of test object 'Object Repository/ShopOpen/ChillerUtilization/ChillerNotAvailable/Validate_ChillerNotAvailableScreen' are matched.

2019-04-08 16:45:03 - [MESSAGE][PASSED] - Actual text and expected text of test object 'Object Repository/ShopOpen/ChillerUtilization/ChillerNotAvailable/Validate_ChillerNotAvailableScreen' are matched.

2019-04-08 16:45:03 - [MESSAGE][PASSED] - Call Test Case 'Test Cases/ShopOpen/ChillerUtilization/ChillerNotAvailable/VisitProductCategoryAssets' successfully

2019-04-08 16:45:04 - [TEST_CASE][PASSED] - Test Cases/ShopOpen/ChillerUtilization/ChillerNotAvailable/VisitProductCategoryAssets: Test Cases/ShopOpen/ChillerUtilization/ChillerNotAvailable/VisitProductCategoryAssets

2019-04-08 16:45:04 - [TEST_STEP][PASSED] - verifyElementText(findTestObject("ShopOpen/ChillerUtilization/ChillerNotAvailable/Validate_ProductCategoryAssetScreen", ["package":PACKAGENAME]), "Facing"): Actual text and expected text of test object 'Object Repository/ShopOpen/ChillerUtilization/ChillerNotAvailable/Validate_ProductCategoryAssetScreen' are matched.

2019-04-08 16:45:06 - [MESSAGE][PASSED] - Actual text and expected text of test object 'Object Repository/ShopOpen/ChillerUtilization/ChillerNotAvailable/Validate_ProductCategoryAssetScreen' are matched.

2019-04-08 16:45:06 - [TEST_STEP][PASSED] - tap(findTestObject("ShopOpen/ChillerUtilization/ChillerNotAvailable/Facing", ["package":PACKAGENAME]), 0): Tapped on element 'Object Repository/ShopOpen/ChillerUtilization/ChillerNotAvailable/Facing'

2019-04-08 16:45:06 - [MESSAGE][WARNING] - Timeout '0' is invalid. Using default page load timeout: '6'

2019-04-08 16:45:06 - [MESSAGE][PASSED] - Tapped on element 'Object Repository/ShopOpen/ChillerUtilization/ChillerNotAvailable/Facing'

2019-04-08 16:45:06 - [TEST_STEP][PASSED] - verifyElementText(findTestObject("ShopOpen/ChillerUtilization/ChillerNotAvailable/Validate_FacingScreen", ["package":PACKAGENAME]), "Facing"): Actual text and expected text of test object 'Object Repository/ShopOpen/ChillerUtilization/ChillerNotAvailable/Validate_FacingScreen' are matched.

2019-04-08 16:45:08 - [MESSAGE][PASSED] - Actual text and expected text of test object 'Object Repository/ShopOpen/ChillerUtilization/ChillerNotAvailable/Validate_FacingScreen' are matched.

2019-04-08 16:45:08 - [TEST_STEP][PASSED] - com.ct.qa.keywords.ChillerProductsDataKeywords.VisitChillerNotAvailableProductsData(CHANNEL_CNA_FACING, "Facing"): com.ct.qa.keywords.ChillerProductsDataKeywords.VisitChillerNotAvailableProductsData is PASSED

2019-04-08 16:45:12 - [MESSAGE][PASSED] - Keyboard is hidden

2019-04-08 16:45:15 - [MESSAGE][PASSED] - Keyboard is hidden

2019-04-08 16:45:18 - [MESSAGE][PASSED] - Keyboard is hidden

2019-04-08 16:45:21 - [MESSAGE][PASSED] - Keyboard is hidden

2019-04-08 16:45:24 - [MESSAGE][PASSED] - Keyboard is hidden

2019-04-08 16:45:27 - [MESSAGE][PASSED] - Keyboard is hidden

2019-04-08 16:45:29 - [MESSAGE][PASSED] - Swiped from 23,359 to 23,250

2019-04-08 16:45:34 - [MESSAGE][PASSED] - Keyboard is hidden

2019-04-08 16:45:36 - [MESSAGE][PASSED] - Swiped from 23,359 to 23,250

2019-04-08 16:45:38 - [MESSAGE][PASSED] - com.ct.qa.keywords.ChillerProductsDataKeywords.VisitChillerNotAvailableProductsData is PASSED

2019-04-08 16:45:38 - [TEST_STEP][PASSED] - tap(findTestObject("ShopOpen/ChillerUtilization/ChillerNotAvailable/SubmitButton", ["package":PACKAGENAME]), 0): Tapped on element 'Object Repository/ShopOpen/ChillerUtilization/ChillerNotAvailable/SubmitButton'

2019-04-08 16:45:38 - [MESSAGE][WARNING] - Timeout '0' is invalid. Using default page load timeout: '6'

2019-04-08 16:45:39 - [MESSAGE][PASSED] - Tapped on element 'Object Repository/ShopOpen/ChillerUtilization/ChillerNotAvailable/SubmitButton'

2019-04-08 16:45:39 - [TEST_STEP][PASSED] - verifyElementText(findTestObject("ShopOpen/ChillerUtilization/ChillerNotAvailable/Validate_ProductCategoryAssetScreen", ["package":PACKAGENAME]), "Facing"): Actual text and expected text of test object 'Object Repository/ShopOpen/ChillerUtilization/ChillerNotAvailable/Validate_ProductCategoryAssetScreen' are matched.

2019-04-08 16:45:40 - [MESSAGE][PASSED] - Actual text and expected text of test object 'Object Repository/ShopOpen/ChillerUtilization/ChillerNotAvailable/Validate_ProductCategoryAssetScreen' are matched.

2019-04-08 16:45:40 - [TEST_STEP][PASSED] - tap(findTestObject("ShopOpen/ChillerUtilization/ChillerNotAvailable/StockTaking", ["package":PACKAGENAME]), 0): Tapped on element 'Object Repository/ShopOpen/ChillerUtilization/ChillerNotAvailable/StockTaking'

2019-04-08 16:45:40 - [MESSAGE][WARNING] - Timeout '0' is invalid. Using default page load timeout: '6'

2019-04-08 16:45:40 - [MESSAGE][PASSED] - Tapped on element 'Object Repository/ShopOpen/ChillerUtilization/ChillerNotAvailable/StockTaking'

2019-04-08 16:45:40 - [TEST_STEP][PASSED] - verifyElementText(findTestObject("ShopOpen/ChillerUtilization/ChillerNotAvailable/Validate_StockTakingScreen", ["package":PACKAGENAME]), "Stock Taking"): Actual text and expected text of test object 'Object Repository/ShopOpen/ChillerUtilization/ChillerNotAvailable/Validate_StockTakingScreen' are matched.

2019-04-08 16:45:43 - [MESSAGE][PASSED] - Actual text and expected text of test object 'Object Repository/ShopOpen/ChillerUtilization/ChillerNotAvailable/Validate_StockTakingScreen' are matched.

2019-04-08 16:45:43 - [TEST_STEP][PASSED] - com.ct.qa.keywords.ChillerProductsDataKeywords.VisitChillerNotAvailableProductsData(CHANNEL_CNA_STOCKTAKING, "Stock Taking"): com.ct.qa.keywords.ChillerProductsDataKeywords.VisitChillerNotAvailableProductsData is PASSED

2019-04-08 16:45:47 - [MESSAGE][PASSED] - Keyboard is hidden

2019-04-08 16:45:50 - [MESSAGE][PASSED] - Keyboard is hidden

2019-04-08 16:45:53 - [MESSAGE][PASSED] - Keyboard is hidden

2019-04-08 16:45:56 - [MESSAGE][PASSED] - Keyboard is hidden

2019-04-08 16:45:59 - [MESSAGE][PASSED] - Keyboard is hidden

2019-04-08 16:46:02 - [MESSAGE][PASSED] - Keyboard is hidden

2019-04-08 16:46:04 - [MESSAGE][PASSED] - Swiped from 23,359 to 23,250

2019-04-08 16:46:09 - [MESSAGE][PASSED] - Keyboard is hidden

2019-04-08 16:46:11 - [MESSAGE][PASSED] - Swiped from 23,359 to 23,250

2019-04-08 16:46:13 - [MESSAGE][PASSED] - com.ct.qa.keywords.ChillerProductsDataKeywords.VisitChillerNotAvailableProductsData is PASSED

2019-04-08 16:46:13 - [TEST_STEP][PASSED] - tap(findTestObject("ShopOpen/ChillerUtilization/ChillerNotAvailable/SubmitButton", ["package":PACKAGENAME]), 0): Tapped on element 'Object Repository/ShopOpen/ChillerUtilization/ChillerNotAvailable/SubmitButton'

2019-04-08 16:46:13 - [MESSAGE][WARNING] - Timeout '0' is invalid. Using default page load timeout: '6'

2019-04-08 16:46:14 - [MESSAGE][PASSED] - Tapped on element 'Object Repository/ShopOpen/ChillerUtilization/ChillerNotAvailable/SubmitButton'

2019-04-08 16:46:14 - [TEST_STEP][PASSED] - verifyElementText(findTestObject("ShopOpen/ChillerUtilization/ChillerNotAvailable/Validate_ProductCategoryAssetScreen", ["package":PACKAGENAME]), "Facing"): Actual text and expected text of test object 'Object Repository/ShopOpen/ChillerUtilization/ChillerNotAvailable/Validate_ProductCategoryAssetScreen' are matched.

2019-04-08 16:46:15 - [MESSAGE][PASSED] - Actual text and expected text of test object 'Object Repository/ShopOpen/ChillerUtilization/ChillerNotAvailable/Validate_ProductCategoryAssetScreen' are matched.

2019-04-08 16:46:15 - [TEST_STEP][PASSED] - tap(findTestObject("ShopOpen/ChillerUtilization/ChillerNotAvailable/ProductCategory_BackButton", ["package":PACKAGENAME]), 0): Tapped on element 'Object Repository/ShopOpen/ChillerUtilization/ChillerNotAvailable/ProductCategory_BackButton'

2019-04-08 16:46:15 - [MESSAGE][WARNING] - Timeout '0' is invalid. Using default page load timeout: '6'

2019-04-08 16:46:15 - [MESSAGE][PASSED] - Tapped on element 'Object Repository/ShopOpen/ChillerUtilization/ChillerNotAvailable/ProductCategory_BackButton'

2019-04-08 16:46:15 - [TEST_STEP][PASSED] - verifyElementText(findTestObject("ShopOpen/ChillerUtilization/ChillerNotAvailable/Validate_ChillerNotAvailableScreen", ["package":PACKAGENAME]), "Category:Chiller Utilization"): Actual text and expected text of test object 'Object Repository/ShopOpen/ChillerUtilization/ChillerNotAvailable/Validate_ChillerNotAvailableScreen' are matched.

2019-04-08 16:46:16 - [MESSAGE][PASSED] - Actual text and expected text of test object 'Object Repository/ShopOpen/ChillerUtilization/ChillerNotAvailable/Validate_ChillerNotAvailableScreen' are matched.

2019-04-08 16:46:16 - [MESSAGE][PASSED] - Call Test Case 'Test Cases/ShopOpen/ChillerUtilization/ChillerNotAvailable/VisitProductCategoryAssets' successfully

2019-04-08 16:46:16 - [MESSAGE][PASSED] - com.ct.qa.keywords.ChillerProductsDataKeywords.visitChillerNotAvailableProductCategories is PASSED

2019-04-08 16:46:16 - [TEST_STEP][PASSED] - com.ct.qa.keywords.CommonKeywords.visitPlanogramImageViewButton(): com.ct.qa.keywords.CommonKeywords.visitPlanogramImageViewButton is PASSED

2019-04-08 16:46:18 - [MESSAGE][WARNING] - Timeout '0' is invalid. Using default page load timeout: '6'

2019-04-08 16:46:25 - [MESSAGE][WARNING] - Object Object Repository/CommonScreenElements/InfoPopUp_OKButton not found
[[ATTACHMENT|F:\\Git Projects\\MMAPlus_Merchandising\\MMAPlus_Merchandising\\Reports\\MMA Plus Merchandiser With Chiller Level Overwrite Scenarios\\20190408_162214\\1554723984586.png]]

2019-04-08 16:46:26 - [MESSAGE][PASSED] - com.ct.qa.keywords.CommonKeywords.visitPlanogramImageViewButton is PASSED

2019-04-08 16:46:26 - [TEST_STEP][PASSED] - verifyElementText(findTestObject("ShopOpen/ChillerUtilization/ChillerNotAvailable/Validate_ChillerNotAvailableScreen", ["package":PACKAGENAME]), "Category:Chiller Utilization"): Actual text and expected text of test object 'Object Repository/ShopOpen/ChillerUtilization/ChillerNotAvailable/Validate_ChillerNotAvailableScreen' are matched.

2019-04-08 16:46:27 - [MESSAGE][PASSED] - Actual text and expected text of test object 'Object Repository/ShopOpen/ChillerUtilization/ChillerNotAvailable/Validate_ChillerNotAvailableScreen' are matched.

2019-04-08 16:46:27 - [TEST_STEP][PASSED] - com.ct.qa.keywords.CommonKeywords.visitPictureImageViewButton(): com.ct.qa.keywords.CommonKeywords.visitPictureImageViewButton is PASSED

2019-04-08 16:46:28 - [MESSAGE][WARNING] - Timeout '0' is invalid. Using default page load timeout: '6'

2019-04-08 16:46:30 - [MESSAGE][PASSED] - Element 'Object Repository/CommonScreenElements/Validate_CameraScreen' is exist

2019-04-08 16:46:30 - [MESSAGE][WARNING] - Timeout '0' is invalid. Using default page load timeout: '6'

2019-04-08 16:46:33 - [MESSAGE][PASSED] - Tapped on element 'Object Repository/CommonScreenElements/Camera_flashButton'

2019-04-08 16:46:33 - [MESSAGE][WARNING] - Timeout '0' is invalid. Using default page load timeout: '6'

2019-04-08 16:46:36 - [MESSAGE][PASSED] - Tapped on element 'Object Repository/CommonScreenElements/Camera_TakePictureButton'

2019-04-08 16:46:41 - [MESSAGE][PASSED] - Delayed 5 second(s)

2019-04-08 16:46:41 - [MESSAGE][WARNING] - Timeout '0' is invalid. Using default page load timeout: '6'

2019-04-08 16:46:42 - [MESSAGE][PASSED] - Tapped on element 'Object Repository/CommonScreenElements/Camera_DoneButton'

2019-04-08 16:46:42 - [MESSAGE][PASSED] - com.ct.qa.keywords.CommonKeywords.visitPictureImageViewButton is PASSED

2019-04-08 16:46:42 - [TEST_STEP][PASSED] - verifyElementText(findTestObject("ShopOpen/ChillerUtilization/ChillerNotAvailable/Validate_ChillerNotAvailableScreen", ["package":PACKAGENAME]), "Category:Chiller Utilization"): Actual text and expected text of test object 'Object Repository/ShopOpen/ChillerUtilization/ChillerNotAvailable/Validate_ChillerNotAvailableScreen' are matched.

2019-04-08 16:46:43 - [MESSAGE][PASSED] - Actual text and expected text of test object 'Object Repository/ShopOpen/ChillerUtilization/ChillerNotAvailable/Validate_ChillerNotAvailableScreen' are matched.

2019-04-08 16:46:43 - [TEST_STEP][PASSED] - com.ct.qa.keywords.CommonKeywords.visitBackImageViewButton(): com.ct.qa.keywords.CommonKeywords.visitBackImageViewButton is PASSED

2019-04-08 16:46:44 - [MESSAGE][PASSED] - com.ct.qa.keywords.CommonKeywords.visitBackImageViewButton is PASSED

2019-04-08 16:46:44 - [TEST_STEP][PASSED] - verifyElementText(findTestObject("ShopOpen/ChillerUtilization/Validate_ChillerUtilizationScreen", ["package":PACKAGENAME]), "Shop Chillers"): Actual text and expected text of test object 'Object Repository/ShopOpen/ChillerUtilization/Validate_ChillerUtilizationScreen' are matched.

2019-04-08 16:46:46 - [MESSAGE][PASSED] - Actual text and expected text of test object 'Object Repository/ShopOpen/ChillerUtilization/Validate_ChillerUtilizationScreen' are matched.

2019-04-08 16:46:46 - [MESSAGE][PASSED] - Call Test Case 'Test Cases/ShopOpen/ChillerUtilization/ChillerNotAvailable/OverwriteChillerNotAvailable' successfully

2019-04-08 16:46:46 - [MESSAGE][PASSED] - com.ct.qa.keywords.ChillerVisitingScenariosKeywords.overwriteChillersTaggedinChillerUtilizationWithSingleRemark is PASSED

2019-04-08 16:46:46 - [TEST_STEP][PASSED] - tap(findTestObject("ShopOpen/ChillerUtilization/ChillerUtilization_backButton", ["package":PACKAGENAME]), 0): Tapped on element 'Object Repository/ShopOpen/ChillerUtilization/ChillerUtilization_backButton'

2019-04-08 16:46:46 - [MESSAGE][WARNING] - Timeout '0' is invalid. Using default page load timeout: '6'

2019-04-08 16:46:46 - [MESSAGE][PASSED] - Tapped on element 'Object Repository/ShopOpen/ChillerUtilization/ChillerUtilization_backButton'

2019-04-08 16:46:46 - [TEST_STEP][PASSED] - verifyElementExist(findTestObject("ShopOpen/Validate_ShopCategoriesListScreen", ["package":PACKAGENAME]), 0): Element 'Object Repository/ShopOpen/Validate_ShopCategoriesListScreen' is exist

2019-04-08 16:46:46 - [MESSAGE][WARNING] - Timeout '0' is invalid. Using default page load timeout: '6'

2019-04-08 16:46:48 - [MESSAGE][PASSED] - Element 'Object Repository/ShopOpen/Validate_ShopCategoriesListScreen' is exist

2019-04-08 16:46:48 - [MESSAGE][PASSED] - Call Test Case 'Test Cases/ShopOpen/ChillerUtilization/VisitChillerScenarios_WithCategeoryLevel/OverwriteChillerUtilizationWith_ChillerNotAvailable' successfully

2019-04-08 16:46:48 - [MESSAGE][PASSED] - com.ct.qa.keywords.CategoryVisitingScenariosKeywords.visitShopCategoriesWith_ChillerLevelOverwriteScenarios is PASSED

2019-04-08 16:46:48 - [MESSAGE][PASSED] - Call Test Case 'Test Cases/ShopOpen/VisitCategoryScenarios/VisitShopCategoriesWith_ChillerLevelOverwriteScenarios' successfully

2019-04-08 16:46:48 - [TEST_CASE][PASSED] - Test Cases/ShopOpen/SaveShop: Test Cases/ShopOpen/SaveShop

2019-04-08 16:46:48 - [TEST_STEP][PASSED] - tap(findTestObject("ShopOpen/SubmitButtonToSaveShop", ["package":PACKAGENAME]), 0): Tapped on element 'Object Repository/ShopOpen/SubmitButtonToSaveShop'

2019-04-08 16:46:48 - [MESSAGE][WARNING] - Timeout '0' is invalid. Using default page load timeout: '6'

2019-04-08 16:46:49 - [MESSAGE][PASSED] - Tapped on element 'Object Repository/ShopOpen/SubmitButtonToSaveShop'

2019-04-08 16:46:49 - [TEST_STEP][PASSED] - verifyElementExist(findTestObject("CommonScreenElements/Validate_InfoPopUP", ["package":PACKAGENAME]), 0): Element 'Object Repository/CommonScreenElements/Validate_InfoPopUP' is exist

2019-04-08 16:46:49 - [MESSAGE][WARNING] - Timeout '0' is invalid. Using default page load timeout: '6'

2019-04-08 16:46:50 - [MESSAGE][PASSED] - Element 'Object Repository/CommonScreenElements/Validate_InfoPopUP' is exist

2019-04-08 16:46:50 - [TEST_STEP][PASSED] - tap(findTestObject("CommonScreenElements/InfoPopUp_YesButton", ["package":PACKAGENAME]), 0): Tapped on element 'Object Repository/CommonScreenElements/InfoPopUp_YesButton'

2019-04-08 16:46:50 - [MESSAGE][WARNING] - Timeout '0' is invalid. Using default page load timeout: '6'

2019-04-08 16:46:51 - [MESSAGE][PASSED] - Tapped on element 'Object Repository/CommonScreenElements/InfoPopUp_YesButton'

2019-04-08 16:46:51 - [TEST_STEP][PASSED] - verifyElementText(findTestObject("Validate_ShopListScreen", ["package":PACKAGENAME]), "Shops on Route"): Actual text and expected text of test object 'Object Repository/Validate_ShopListScreen' are matched.

2019-04-08 16:46:52 - [MESSAGE][PASSED] - Actual text and expected text of test object 'Object Repository/Validate_ShopListScreen' are matched.

2019-04-08 16:46:52 - [MESSAGE][PASSED] - Call Test Case 'Test Cases/ShopOpen/SaveShop' successfully

2019-04-08 16:46:52 - [MESSAGE][WARNING] - Timeout '0' is invalid. Using default page load timeout: '6'

2019-04-08 16:46:52 - [MESSAGE][PASSED] - Element 'Object Repository/Validate_ShopListScreen' is exist

2019-04-08 16:46:52 - [MESSAGE][PASSED] - com.ct.qa.keywords.ShopVisitingScenariosKeywords.visitShopsWith_ChillerLevel_OverwriteScenarios is PASSED]]></system-out>
         <system-err><![CDATA[]]></system-err>
      </testcase>
      <system-out><![CDATA[2019-04-08 16:22:17 - [TEST_SUITE][PASSED] - MMA Plus Merchandiser With Chiller Level Overwrite Scenarios: Test Cases/VisitShopScenarios/VisitShopsWithChillerLevelOverwriteScenarios]]></system-out>
      <system-err><![CDATA[]]></system-err>
   </testsuite>
</testsuites>
