<?xml version="1.0" encoding="UTF-8"?>
<testsuites name="MMA Plus Merchandising With Chiller Wise Data Verification" time="2087" tests="3" failures="0" errors="0">
   <testsuite name="MMA Plus Merchandising With Chiller Wise Data Verification" tests="3" failures="0" errors="0" time="2087" timestamp="2018-10-08 17:11:55" hostname="Fahad Shah - DESKTOP-L12UUAD" id="Test Suites/MMA Plus Merchandising With Chiller Wise Data Verification">
      <properties>
         <property name="deviceName" value="samsung SM-J110H (Android 4.4.4)"/>
         <property name="devicePlatform" value=""/>
         <property name="logFolder" value="F:\\Git Projects\\MMAPlus_Merchandising\\MMAPlus_Merchandising\\Reports\\MMA Plus Merchandising With Chiller Wise Data Verification\\20181008_171154"/>
         <property name="logFiles" value="F:\\Git Projects\\MMAPlus_Merchandising\\MMAPlus_Merchandising\\Reports\\MMA Plus Merchandising With Chiller Wise Data Verification\\20181008_171154\\appium.log, F:\\Git Projects\\MMAPlus_Merchandising\\MMAPlus_Merchandising\\Reports\\MMA Plus Merchandising With Chiller Wise Data Verification\\20181008_171154\\execution0.log"/>
         <property name="attachments" value="F:\\Git Projects\\MMAPlus_Merchandising\\MMAPlus_Merchandising\\Reports\\MMA Plus Merchandising With Chiller Wise Data Verification\\20181008_171154\\1539000906295.png, F:\\Git Projects\\MMAPlus_Merchandising\\MMAPlus_Merchandising\\Reports\\MMA Plus Merchandising With Chiller Wise Data Verification\\20181008_171154\\1539000949437.png, F:\\Git Projects\\MMAPlus_Merchandising\\MMAPlus_Merchandising\\Reports\\MMA Plus Merchandising With Chiller Wise Data Verification\\20181008_171154\\1539001020484.png, F:\\Git Projects\\MMAPlus_Merchandising\\MMAPlus_Merchandising\\Reports\\MMA Plus Merchandising With Chiller Wise Data Verification\\20181008_171154\\1539001063272.png, F:\\Git Projects\\MMAPlus_Merchandising\\MMAPlus_Merchandising\\Reports\\MMA Plus Merchandising With Chiller Wise Data Verification\\20181008_171154\\1539001112398.png, F:\\Git Projects\\MMAPlus_Merchandising\\MMAPlus_Merchandising\\Reports\\MMA Plus Merchandising With Chiller Wise Data Verification\\20181008_171154\\1539001244274.png, F:\\Git Projects\\MMAPlus_Merchandising\\MMAPlus_Merchandising\\Reports\\MMA Plus Merchandising With Chiller Wise Data Verification\\20181008_171154\\1539001474293.png, F:\\Git Projects\\MMAPlus_Merchandising\\MMAPlus_Merchandising\\Reports\\MMA Plus Merchandising With Chiller Wise Data Verification\\20181008_171154\\1539001516227.png, F:\\Git Projects\\MMAPlus_Merchandising\\MMAPlus_Merchandising\\Reports\\MMA Plus Merchandising With Chiller Wise Data Verification\\20181008_171154\\1539001583431.png, F:\\Git Projects\\MMAPlus_Merchandising\\MMAPlus_Merchandising\\Reports\\MMA Plus Merchandising With Chiller Wise Data Verification\\20181008_171154\\1539001625468.png, F:\\Git Projects\\MMAPlus_Merchandising\\MMAPlus_Merchandising\\Reports\\MMA Plus Merchandising With Chiller Wise Data Verification\\20181008_171154\\1539001673464.png, F:\\Git Projects\\MMAPlus_Merchandising\\MMAPlus_Merchandising\\Reports\\MMA Plus Merchandising With Chiller Wise Data Verification\\20181008_171154\\1539001804379.png, F:\\Git Projects\\MMAPlus_Merchandising\\MMAPlus_Merchandising\\Reports\\MMA Plus Merchandising With Chiller Wise Data Verification\\20181008_171154\\1539002170441.png, F:\\Git Projects\\MMAPlus_Merchandising\\MMAPlus_Merchandising\\Reports\\MMA Plus Merchandising With Chiller Wise Data Verification\\20181008_171154\\1539002234434.png, F:\\Git Projects\\MMAPlus_Merchandising\\MMAPlus_Merchandising\\Reports\\MMA Plus Merchandising With Chiller Wise Data Verification\\20181008_171154\\1539002303472.png, F:\\Git Projects\\MMAPlus_Merchandising\\MMAPlus_Merchandising\\Reports\\MMA Plus Merchandising With Chiller Wise Data Verification\\20181008_171154\\1539002351294.png, F:\\Git Projects\\MMAPlus_Merchandising\\MMAPlus_Merchandising\\Reports\\MMA Plus Merchandising With Chiller Wise Data Verification\\20181008_171154\\1539002420404.png, F:\\Git Projects\\MMAPlus_Merchandising\\MMAPlus_Merchandising\\Reports\\MMA Plus Merchandising With Chiller Wise Data Verification\\20181008_171154\\1539002482465.png, F:\\Git Projects\\MMAPlus_Merchandising\\MMAPlus_Merchandising\\Reports\\MMA Plus Merchandising With Chiller Wise Data Verification\\20181008_171154\\1539002529496.png, F:\\Git Projects\\MMAPlus_Merchandising\\MMAPlus_Merchandising\\Reports\\MMA Plus Merchandising With Chiller Wise Data Verification\\20181008_171154\\1539002661240.png"/>
         <property name="hostName" value="Fahad Shah - DESKTOP-L12UUAD"/>
         <property name="os" value="Windows 10 64bit"/>
         <property name="katalonVersion" value="5.7.1.1"/>
         <property name="deviceOS" value="Android"/>
         <property name="appiumVersion" value="1.8.1"/>
         <property name="deviceModel" value="SM-J110H"/>
         <property name="hostAddress" value="192.168.3.221"/>
         <property name="deviceManufacturer" value="samsung"/>
         <property name="deviceId" value="11015a1136d0b24a"/>
         <property name="deviceName" value="samsung SM-J110H (Android 4.4.4)"/>
         <property name="deviceOSVersion" value="4.4.4"/>
      </properties>
      <testcase name="Test Cases/LaunchingApp/LaunchApp" classname="Test Cases/LaunchingApp/LaunchApp" status="PASSED">
         <system-out><![CDATA[2018-10-08 17:11:56 - [TEST_CASE][PASSED] - Test Cases/LaunchingApp/LaunchApp: Test Cases/LaunchingApp/LaunchApp

2018-10-08 17:11:57 - [TEST_STEP][PASSED] - startApplication: Started app at: 'F:\QA_Automation\Builds\mma_plus_live_v150_081018.apk'

2018-10-08 17:12:13 - [MESSAGE][PASSED] - Started app at: 'F:\QA_Automation\Builds\mma_plus_live_v150_081018.apk'

2018-10-08 17:12:13 - [TEST_STEP][PASSED] - delay: Delayed 5 second(s)

2018-10-08 17:12:18 - [MESSAGE][PASSED] - Delayed 5 second(s)]]></system-out>
         <system-err><![CDATA[]]></system-err>
      </testcase>
      <testcase name="Test Cases/SliderOptions/VisitSliderOptions" classname="Test Cases/SliderOptions/VisitSliderOptions" status="PASSED">
         <system-out><![CDATA[2018-10-08 17:12:18 - [TEST_CASE][PASSED] - Test Cases/SliderOptions/VisitSliderOptions: Test Cases/SliderOptions/VisitSliderOptions

2018-10-08 17:12:18 - [TEST_STEP][PASSED] - verifyElementText: Actual text and expected text of test object 'Object Repository/DashboardScreenElements/Validate_DashboardScreen' are matched.

2018-10-08 17:12:20 - [MESSAGE][PASSED] - Actual text and expected text of test object 'Object Repository/DashboardScreenElements/Validate_DashboardScreen' are matched.

2018-10-08 17:12:20 - [TEST_STEP][PASSED] - swipe: Swiped from 2,250 to 400,250

2018-10-08 17:12:21 - [MESSAGE][PASSED] - Swiped from 2,250 to 400,250

2018-10-08 17:12:21 - [TEST_STEP][PASSED] - swipe: Swiped from 2,250 to 400,250

2018-10-08 17:12:22 - [MESSAGE][PASSED] - Swiped from 2,250 to 400,250

2018-10-08 17:12:22 - [TEST_STEP][PASSED] - verifyElementExist: Element 'Object Repository/SliderOptions/Validate_SliderItemsScreen' is exist

2018-10-08 17:12:22 - [MESSAGE][WARNING] - Timeout '0' is invalid. Using default page load timeout: '4'

2018-10-08 17:12:23 - [MESSAGE][PASSED] - Element 'Object Repository/SliderOptions/Validate_SliderItemsScreen' is exist

2018-10-08 17:12:23 - [TEST_STEP][PASSED] - com.ct.qa.keywords.SliderOptionsKeywords.valideSliderOptions: com.ct.qa.keywords.SliderOptionsKeywords.valideSliderOptions is PASSED

2018-10-08 17:12:29 - [MESSAGE][PASSED] - Swiped from 0,255 to 0,200

2018-10-08 17:12:31 - [MESSAGE][PASSED] - Swiped from 0,284 to 0,200

2018-10-08 17:12:36 - [MESSAGE][PASSED] - Swiped from 0,284 to 0,200

2018-10-08 17:12:39 - [MESSAGE][PASSED] - Swiped from 0,284 to 0,200

2018-10-08 17:12:43 - [MESSAGE][PASSED] - Swiped from 0,284 to 0,200

2018-10-08 17:12:45 - [MESSAGE][PASSED] - com.ct.qa.keywords.SliderOptionsKeywords.valideSliderOptions is PASSED

2018-10-08 17:12:45 - [TEST_STEP][PASSED] - swipe: Swiped from 5,200 to 5,500

2018-10-08 17:12:46 - [MESSAGE][PASSED] - Swiped from 5,200 to 5,500

2018-10-08 17:12:46 - [TEST_STEP][PASSED] - swipe: Swiped from 5,200 to 5,500

2018-10-08 17:12:46 - [MESSAGE][PASSED] - Swiped from 5,200 to 5,500

2018-10-08 17:12:46 - [TEST_STEP][PASSED] - com.ct.qa.keywords.SliderOptionsKeywords.findSliderOption: com.ct.qa.keywords.SliderOptionsKeywords.findSliderOption is PASSED

2018-10-08 17:12:47 - [MESSAGE][PASSED] - Swiped from 5,200 to 5,500

2018-10-08 17:12:48 - [MESSAGE][PASSED] - Swiped from 5,200 to 5,500

2018-10-08 17:12:50 - [MESSAGE][WARNING] - Timeout '0' is invalid. Using default page load timeout: '4'

2018-10-08 17:12:51 - [MESSAGE][PASSED] - Element 'Object Repository/SliderOptions/UpdateProfile_EnterEmail' is exist

2018-10-08 17:12:51 - [MESSAGE][WARNING] - Timeout '0' is invalid. Using default page load timeout: '4'

2018-10-08 17:12:51 - [MESSAGE][PASSED] - Element 'Object Repository/SliderOptions/UpdateProfile_EnterPhone' is exist

2018-10-08 17:12:52 - [MESSAGE][WARNING] - Timeout '0' is invalid. Using default page load timeout: '4'

2018-10-08 17:12:52 - [MESSAGE][PASSED] - Element 'Object Repository/SliderOptions/UpdateProfile_EnterCNIC' is exist

2018-10-08 17:12:52 - [MESSAGE][PASSED] - Press back button successfully

2018-10-08 17:12:52 - [MESSAGE][WARNING] - Timeout '0' is invalid. Using default page load timeout: '4'

2018-10-08 17:12:53 - [MESSAGE][PASSED] - Element 'Object Repository/SliderOptions/Validate_SliderItemsScreen' is exist

2018-10-08 17:12:53 - [MESSAGE][PASSED] - com.ct.qa.keywords.SliderOptionsKeywords.findSliderOption is PASSED

2018-10-08 17:12:53 - [TEST_STEP][PASSED] - com.ct.qa.keywords.SliderOptionsKeywords.findSliderOption: com.ct.qa.keywords.SliderOptionsKeywords.findSliderOption is PASSED

2018-10-08 17:12:53 - [MESSAGE][PASSED] - Swiped from 5,200 to 5,500

2018-10-08 17:12:54 - [MESSAGE][PASSED] - Swiped from 5,200 to 5,500

2018-10-08 17:13:00 - [MESSAGE][PASSED] - Actual text and expected text of test object 'Object Repository/SliderOptions/Validate_OutOfRoute_RouteListScreen' are matched.

2018-10-08 17:13:04 - [MESSAGE][PASSED] - Actual text and expected text of test object 'Object Repository/SliderOptions/Validate_OutOfRoute_ShopOnRouteScreen' are matched.

2018-10-08 17:13:04 - [MESSAGE][PASSED] - Press back button successfully

2018-10-08 17:13:05 - [MESSAGE][PASSED] - Actual text and expected text of test object 'Object Repository/SliderOptions/Validate_OutOfRoute_RouteListScreen' are matched.

2018-10-08 17:13:05 - [MESSAGE][PASSED] - Press back button successfully

2018-10-08 17:13:05 - [MESSAGE][WARNING] - Timeout '0' is invalid. Using default page load timeout: '4'

2018-10-08 17:13:06 - [MESSAGE][PASSED] - Element 'Object Repository/SliderOptions/Validate_SliderItemsScreen' is exist

2018-10-08 17:13:06 - [MESSAGE][PASSED] - com.ct.qa.keywords.SliderOptionsKeywords.findSliderOption is PASSED

2018-10-08 17:13:06 - [TEST_STEP][PASSED] - com.ct.qa.keywords.SliderOptionsKeywords.findSliderOption: com.ct.qa.keywords.SliderOptionsKeywords.findSliderOption is PASSED

2018-10-08 17:13:06 - [MESSAGE][PASSED] - Swiped from 5,200 to 5,500

2018-10-08 17:13:07 - [MESSAGE][PASSED] - Swiped from 5,200 to 5,500

2018-10-08 17:13:13 - [MESSAGE][PASSED] - Swiped from 0,255 to 0,200

2018-10-08 17:13:16 - [MESSAGE][PASSED] - Swiped from 0,284 to 0,200

2018-10-08 17:13:20 - [MESSAGE][PASSED] - Actual text and expected text of test object 'Object Repository/SliderOptions/Validate_LoginCode' are matched.

2018-10-08 17:13:20 - [MESSAGE][PASSED] - Actual text and expected text of test object 'Object Repository/SliderOptions/Validate_LoginTime' are matched.

2018-10-08 17:13:20 - [MESSAGE][PASSED] - Actual text and expected text of test object 'Object Repository/SliderOptions/Validate_SyncAttempted' are matched.

2018-10-08 17:13:21 - [MESSAGE][PASSED] - Actual text and expected text of test object 'Object Repository/SliderOptions/Validate_SyncSuccessful' are matched.

2018-10-08 17:13:21 - [MESSAGE][PASSED] - Actual text and expected text of test object 'Object Repository/SliderOptions/Validate_RefreshRoutes' are matched.

2018-10-08 17:13:21 - [MESSAGE][PASSED] - Actual text and expected text of test object 'Object Repository/SliderOptions/Validate_BuildVersion' are matched.

2018-10-08 17:13:22 - [MESSAGE][PASSED] - Press back button successfully

2018-10-08 17:13:22 - [MESSAGE][WARNING] - Timeout '0' is invalid. Using default page load timeout: '4'

2018-10-08 17:13:23 - [MESSAGE][PASSED] - Element 'Object Repository/SliderOptions/Validate_SliderItemsScreen' is exist

2018-10-08 17:13:23 - [MESSAGE][PASSED] - com.ct.qa.keywords.SliderOptionsKeywords.findSliderOption is PASSED

2018-10-08 17:13:23 - [TEST_STEP][PASSED] - swipe: Swiped from 320,5 to 2,5

2018-10-08 17:13:23 - [MESSAGE][PASSED] - Swiped from 320,5 to 2,5

2018-10-08 17:13:23 - [TEST_STEP][PASSED] - swipe: Swiped from 320,5 to 2,5

2018-10-08 17:13:24 - [MESSAGE][PASSED] - Swiped from 320,5 to 2,5

2018-10-08 17:13:24 - [TEST_STEP][PASSED] - com.ct.qa.keywords.SliderOptionsKeywords.displayMissingSliderOptionsInReport: com.ct.qa.keywords.SliderOptionsKeywords.displayMissingSliderOptionsInReport is PASSED

2018-10-08 17:13:24 - [MESSAGE][PASSED] - com.ct.qa.keywords.SliderOptionsKeywords.displayMissingSliderOptionsInReport is PASSED]]></system-out>
         <system-err><![CDATA[]]></system-err>
      </testcase>
      <testcase name="Test Cases/VisitShopScenarios/VisitShopsWithChillerWiseDataVerification" classname="Test Cases/VisitShopScenarios/VisitShopsWithChillerWiseDataVerification" status="PASSED">
         <system-out><![CDATA[2018-10-08 17:13:24 - [TEST_CASE][PASSED] - Test Cases/VisitShopScenarios/VisitShopsWithChillerWiseDataVerification: Test Cases/VisitShopScenarios/VisitShopsWithChillerWiseDataVerification

2018-10-08 17:13:24 - [TEST_STEP][PASSED] - verifyElementText: Actual text and expected text of test object 'Object Repository/DashboardScreenElements/Validate_DashboardScreen' are matched.

2018-10-08 17:13:24 - [MESSAGE][PASSED] - Actual text and expected text of test object 'Object Repository/DashboardScreenElements/Validate_DashboardScreen' are matched.

2018-10-08 17:13:24 - [TEST_STEP][PASSED] - com.ct.qa.keywords.CommonKeywords.selectday: com.ct.qa.keywords.CommonKeywords.selectday is PASSED

2018-10-08 17:13:25 - [MESSAGE][WARNING] - Timeout '0' is invalid. Using default page load timeout: '4'

2018-10-08 17:13:25 - [MESSAGE][PASSED] - Tapped on element 'Object Repository/DashboardScreenElements/DaysDropdownMenu'

2018-10-08 17:13:25 - [MESSAGE][WARNING] - Timeout '0' is invalid. Using default page load timeout: '4'

2018-10-08 17:13:26 - [MESSAGE][PASSED] - Element 'Object Repository/DashboardScreenElements/Validate_DaysListScreen' is exist

2018-10-08 17:13:27 - [MESSAGE][PASSED] - com.ct.qa.keywords.CommonKeywords.selectday is PASSED

2018-10-08 17:13:27 - [TEST_STEP][PASSED] - tap: Tapped on element 'Object Repository/DashboardScreenElements/StartYourDay'

2018-10-08 17:13:27 - [MESSAGE][WARNING] - Timeout '0' is invalid. Using default page load timeout: '4'

2018-10-08 17:13:28 - [MESSAGE][PASSED] - Tapped on element 'Object Repository/DashboardScreenElements/StartYourDay'

2018-10-08 17:13:28 - [TEST_STEP][PASSED] - verifyElementText: Actual text and expected text of test object 'Object Repository/Validate_ShopListScreen' are matched.

2018-10-08 17:13:29 - [MESSAGE][PASSED] - Actual text and expected text of test object 'Object Repository/Validate_ShopListScreen' are matched.

2018-10-08 17:13:29 - [TEST_STEP][PASSED] - com.ct.qa.keywords.ShopVisitingScenariosKeywords.visitShopWithChillerWiseDataVerification: com.ct.qa.keywords.ShopVisitingScenariosKeywords.visitShopWithChillerWiseDataVerification is PASSED

2018-10-08 17:13:32 - [MESSAGE][PASSED] - Actual text and expected text of test object 'Object Repository/Validate_ShopOptionsScreen' are matched.

2018-10-08 17:13:32 - [MESSAGE][WARNING] - Timeout '0' is invalid. Using default page load timeout: '4'

2018-10-08 17:13:33 - [MESSAGE][PASSED] - Tapped on element 'Object Repository/StartWorking'

2018-10-08 17:13:48 - [MESSAGE][PASSED] - Delayed 15 second(s)

2018-10-08 17:13:49 - [MESSAGE][PASSED] - Element 'Object Repository/CommonScreenElements/Validate_MapScreen' is exist

2018-10-08 17:13:49 - [MESSAGE][WARNING] - Timeout '0' is invalid. Using default page load timeout: '4'

2018-10-08 17:13:49 - [MESSAGE][PASSED] - Tapped on element 'Object Repository/CommonScreenElements/Location_CheckIn'

2018-10-08 17:13:49 - [MESSAGE][WARNING] - Timeout '0' is invalid. Using default page load timeout: '4'

2018-10-08 17:13:51 - [MESSAGE][PASSED] - Element 'Object Repository/CommonScreenElements/Validate_InfoPopUP' is exist

2018-10-08 17:13:51 - [MESSAGE][WARNING] - Timeout '0' is invalid. Using default page load timeout: '4'

2018-10-08 17:13:51 - [MESSAGE][PASSED] - Tapped on element 'Object Repository/CommonScreenElements/InfoPopUp_NoButton'

2018-10-08 17:13:51 - [TEST_CASE][PASSED] - Test Cases/ShopOpen/VisitShopOpen: Test Cases/ShopOpen/VisitShopOpen

2018-10-08 17:13:52 - [TEST_STEP][PASSED] - verifyElementExist: Element 'Object Repository/ShopActions_List' is exist

2018-10-08 17:13:52 - [MESSAGE][WARNING] - Timeout '0' is invalid. Using default page load timeout: '4'

2018-10-08 17:13:52 - [MESSAGE][PASSED] - Element 'Object Repository/ShopActions_List' is exist

2018-10-08 17:13:52 - [TEST_STEP][PASSED] - tap: Tapped on element 'Object Repository/ShopOpen/ShopOpen'

2018-10-08 17:13:52 - [MESSAGE][WARNING] - Timeout '0' is invalid. Using default page load timeout: '4'

2018-10-08 17:13:54 - [MESSAGE][PASSED] - Tapped on element 'Object Repository/ShopOpen/ShopOpen'

2018-10-08 17:13:54 - [TEST_STEP][PASSED] - verifyElementExist: Element 'Object Repository/CommonScreenElements/Validate_CameraScreen' is exist

2018-10-08 17:13:54 - [MESSAGE][WARNING] - Timeout '0' is invalid. Using default page load timeout: '4'

2018-10-08 17:13:55 - [MESSAGE][PASSED] - Element 'Object Repository/CommonScreenElements/Validate_CameraScreen' is exist

2018-10-08 17:13:55 - [TEST_STEP][PASSED] - tap: Tapped on element 'Object Repository/CommonScreenElements/TakePictureButton'

2018-10-08 17:13:55 - [MESSAGE][WARNING] - Timeout '0' is invalid. Using default page load timeout: '4'

2018-10-08 17:13:58 - [MESSAGE][PASSED] - Tapped on element 'Object Repository/CommonScreenElements/TakePictureButton'

2018-10-08 17:13:58 - [TEST_STEP][PASSED] - delay: Delayed 5 second(s)

2018-10-08 17:14:03 - [MESSAGE][PASSED] - Delayed 5 second(s)

2018-10-08 17:14:03 - [TEST_STEP][PASSED] - tap: Tapped on element 'Object Repository/CommonScreenElements/DoneButton'

2018-10-08 17:14:03 - [MESSAGE][WARNING] - Timeout '0' is invalid. Using default page load timeout: '4'

2018-10-08 17:14:03 - [MESSAGE][PASSED] - Tapped on element 'Object Repository/CommonScreenElements/DoneButton'

2018-10-08 17:14:03 - [MESSAGE][PASSED] - Call Test Case 'Test Cases/ShopOpen/VisitShopOpen' successfully

2018-10-08 17:14:03 - [TEST_CASE][PASSED] - Test Cases/ShopOpen/VisitCategoryScenarios/VisitShopCategoriesWithDataVerification: Test Cases/ShopOpen/VisitCategoryScenarios/VisitShopCategoriesWithDataVerification

2018-10-08 17:14:04 - [TEST_STEP][PASSED] - verifyElementExist: Element 'Object Repository/ShopOpen/Validate_ShopCategoriesListScreen' is exist

2018-10-08 17:14:04 - [MESSAGE][WARNING] - Timeout '0' is invalid. Using default page load timeout: '4'

2018-10-08 17:14:06 - [MESSAGE][PASSED] - Element 'Object Repository/ShopOpen/Validate_ShopCategoriesListScreen' is exist

2018-10-08 17:14:06 - [TEST_STEP][PASSED] - com.ct.qa.keywords.CategoryVisitingScenariosKeywords.visitShopCategoriesWithDataVerification: com.ct.qa.keywords.CategoryVisitingScenariosKeywords.visitShopCategoriesWithDataVerification is PASSED

2018-10-08 17:14:10 - [MESSAGE][PASSED] - Swiped from 0,293 to 0,200

2018-10-08 17:14:13 - [MESSAGE][PASSED] - Swiped from 0,293 to 0,200

2018-10-08 17:14:16 - [MESSAGE][PASSED] - Swiped from 0,293 to 0,200

2018-10-08 17:14:19 - [MESSAGE][PASSED] - Swiped from 0,293 to 0,200

2018-10-08 17:14:22 - [MESSAGE][PASSED] - Swiped from 0,293 to 0,200

2018-10-08 17:14:25 - [MESSAGE][PASSED] - Swiped from 0,293 to 0,200

2018-10-08 17:14:28 - [MESSAGE][PASSED] - Swiped from 0,200 to 0,750

2018-10-08 17:14:28 - [MESSAGE][PASSED] - Swiped from 0,200 to 0,750

2018-10-08 17:14:30 - [TEST_CASE][PASSED] - Test Cases/ShopOpen/Chiller/VisitChillerWithChillerNotAllocated: Test Cases/ShopOpen/Chiller/VisitChillerWithChillerNotAllocated

2018-10-08 17:14:30 - [TEST_STEP][PASSED] - verifyElementText: Actual text and expected text of test object 'Object Repository/ShopOpen/Chiller/Validate_ChillerScreen' are matched.

2018-10-08 17:14:31 - [MESSAGE][PASSED] - Actual text and expected text of test object 'Object Repository/ShopOpen/Chiller/Validate_ChillerScreen' are matched.

2018-10-08 17:14:31 - [TEST_STEP][PASSED] - tap: Tapped on element 'Object Repository/ShopOpen/Chiller/ChillerNotAllocated'

2018-10-08 17:14:31 - [MESSAGE][WARNING] - Timeout '0' is invalid. Using default page load timeout: '4'

2018-10-08 17:14:32 - [MESSAGE][PASSED] - Tapped on element 'Object Repository/ShopOpen/Chiller/ChillerNotAllocated'

2018-10-08 17:14:32 - [TEST_STEP][PASSED] - verifyElementText: Actual text and expected text of test object 'Object Repository/ShopOpen/Chiller/Validate_ChillerNotAllocatedProductCategoryScreen' are matched.

2018-10-08 17:14:33 - [MESSAGE][PASSED] - Actual text and expected text of test object 'Object Repository/ShopOpen/Chiller/Validate_ChillerNotAllocatedProductCategoryScreen' are matched.

2018-10-08 17:14:33 - [TEST_STEP][PASSED] - com.ct.qa.keywords.ChannelProductsDataKeywords.visitChillerNotAllocatedProductCategories: com.ct.qa.keywords.ChannelProductsDataKeywords.visitChillerNotAllocatedProductCategories is PASSED

2018-10-08 17:14:35 - [TEST_CASE][PASSED] - Test Cases/ShopOpen/Chiller/VisitProductCategoryAssets: Test Cases/ShopOpen/Chiller/VisitProductCategoryAssets

2018-10-08 17:14:35 - [TEST_STEP][PASSED] - verifyElementText: Actual text and expected text of test object 'Object Repository/ShopOpen/Chiller/Validate_ProductCategoryAssetsScreen' are matched.

2018-10-08 17:14:37 - [MESSAGE][PASSED] - Actual text and expected text of test object 'Object Repository/ShopOpen/Chiller/Validate_ProductCategoryAssetsScreen' are matched.

2018-10-08 17:14:37 - [TEST_STEP][PASSED] - tap: Tapped on element 'Object Repository/ShopOpen/Chiller/Facing'

2018-10-08 17:14:37 - [MESSAGE][WARNING] - Timeout '0' is invalid. Using default page load timeout: '4'

2018-10-08 17:14:37 - [MESSAGE][PASSED] - Tapped on element 'Object Repository/ShopOpen/Chiller/Facing'

2018-10-08 17:14:37 - [TEST_STEP][PASSED] - verifyElementText: Actual text and expected text of test object 'Object Repository/ShopOpen/Chiller/Validate_FacingScreen' are matched.

2018-10-08 17:14:39 - [MESSAGE][PASSED] - Actual text and expected text of test object 'Object Repository/ShopOpen/Chiller/Validate_FacingScreen' are matched.

2018-10-08 17:14:39 - [TEST_STEP][PASSED] - com.ct.qa.keywords.ChannelProductsDataKeywords.visitChannelWiseProductsData: com.ct.qa.keywords.ChannelProductsDataKeywords.visitChannelWiseProductsData is PASSED

2018-10-08 17:14:43 - [MESSAGE][PASSED] - Keyboard is hidden

2018-10-08 17:14:46 - [MESSAGE][PASSED] - Keyboard is hidden

2018-10-08 17:14:47 - [MESSAGE][PASSED] - com.ct.qa.keywords.ChannelProductsDataKeywords.visitChannelWiseProductsData is PASSED

2018-10-08 17:14:47 - [TEST_STEP][PASSED] - tap: Tapped on element 'Object Repository/ShopOpen/Chiller/SubmitButton'

2018-10-08 17:14:47 - [MESSAGE][WARNING] - Timeout '0' is invalid. Using default page load timeout: '4'

2018-10-08 17:14:48 - [MESSAGE][PASSED] - Tapped on element 'Object Repository/ShopOpen/Chiller/SubmitButton'

2018-10-08 17:14:48 - [TEST_STEP][PASSED] - verifyElementText: Actual text and expected text of test object 'Object Repository/ShopOpen/Chiller/Validate_ProductCategoryAssetsScreen' are matched.

2018-10-08 17:14:49 - [MESSAGE][PASSED] - Actual text and expected text of test object 'Object Repository/ShopOpen/Chiller/Validate_ProductCategoryAssetsScreen' are matched.

2018-10-08 17:14:49 - [TEST_STEP][PASSED] - tap: Tapped on element 'Object Repository/ShopOpen/Chiller/StockTaking'

2018-10-08 17:14:49 - [MESSAGE][WARNING] - Timeout '0' is invalid. Using default page load timeout: '4'

2018-10-08 17:14:49 - [MESSAGE][PASSED] - Tapped on element 'Object Repository/ShopOpen/Chiller/StockTaking'

2018-10-08 17:14:49 - [TEST_STEP][PASSED] - verifyElementText: Actual text and expected text of test object 'Object Repository/ShopOpen/Chiller/Validate_StockTakingScreen' are matched.

2018-10-08 17:14:51 - [MESSAGE][PASSED] - Actual text and expected text of test object 'Object Repository/ShopOpen/Chiller/Validate_StockTakingScreen' are matched.

2018-10-08 17:14:51 - [TEST_STEP][PASSED] - com.ct.qa.keywords.ChannelProductsDataKeywords.visitChannelWiseProductsData: com.ct.qa.keywords.ChannelProductsDataKeywords.visitChannelWiseProductsData is PASSED

2018-10-08 17:14:54 - [MESSAGE][PASSED] - Keyboard is hidden

2018-10-08 17:14:57 - [MESSAGE][PASSED] - Keyboard is hidden

2018-10-08 17:14:58 - [MESSAGE][PASSED] - com.ct.qa.keywords.ChannelProductsDataKeywords.visitChannelWiseProductsData is PASSED

2018-10-08 17:14:58 - [TEST_STEP][PASSED] - tap: Tapped on element 'Object Repository/ShopOpen/Chiller/SubmitButton'

2018-10-08 17:14:58 - [MESSAGE][WARNING] - Timeout '0' is invalid. Using default page load timeout: '4'

2018-10-08 17:14:59 - [MESSAGE][PASSED] - Tapped on element 'Object Repository/ShopOpen/Chiller/SubmitButton'

2018-10-08 17:14:59 - [TEST_STEP][PASSED] - verifyElementText: Actual text and expected text of test object 'Object Repository/ShopOpen/Chiller/Validate_ProductCategoryAssetsScreen' are matched.

2018-10-08 17:14:59 - [MESSAGE][PASSED] - Actual text and expected text of test object 'Object Repository/ShopOpen/Chiller/Validate_ProductCategoryAssetsScreen' are matched.

2018-10-08 17:14:59 - [TEST_STEP][PASSED] - tap: Tapped on element 'Object Repository/ShopOpen/Chiller/ChillerNotAllocatedProductCategory_BackButton'

2018-10-08 17:14:59 - [MESSAGE][WARNING] - Timeout '0' is invalid. Using default page load timeout: '4'

2018-10-08 17:15:00 - [MESSAGE][PASSED] - Tapped on element 'Object Repository/ShopOpen/Chiller/ChillerNotAllocatedProductCategory_BackButton'

2018-10-08 17:15:00 - [MESSAGE][PASSED] - Call Test Case 'Test Cases/ShopOpen/Chiller/VisitProductCategoryAssets' successfully

2018-10-08 17:15:01 - [MESSAGE][PASSED] - Actual text and expected text of test object 'Object Repository/ShopOpen/Chiller/Validate_ChillerNotAllocatedProductCategoryScreen' are matched.

2018-10-08 17:15:01 - [MESSAGE][PASSED] - com.ct.qa.keywords.ChannelProductsDataKeywords.visitChillerNotAllocatedProductCategories is PASSED

2018-10-08 17:15:01 - [TEST_STEP][PASSED] - verifyElementText: Actual text and expected text of test object 'Object Repository/ShopOpen/Chiller/Validate_ChillerNotAllocatedProductCategoryScreen' are matched.

2018-10-08 17:15:01 - [MESSAGE][PASSED] - Actual text and expected text of test object 'Object Repository/ShopOpen/Chiller/Validate_ChillerNotAllocatedProductCategoryScreen' are matched.

2018-10-08 17:15:01 - [TEST_STEP][PASSED] - tap: Tapped on element 'Object Repository/ShopOpen/Chiller/Planogram_ImageView'

2018-10-08 17:15:01 - [MESSAGE][WARNING] - Timeout '0' is invalid. Using default page load timeout: '4'

2018-10-08 17:15:02 - [MESSAGE][PASSED] - Tapped on element 'Object Repository/ShopOpen/Chiller/Planogram_ImageView'

2018-10-08 17:15:02 - [TEST_STEP][PASSED] - com.ct.qa.keywords.CommonKeywords.checkPlanogramAvailability: com.ct.qa.keywords.CommonKeywords.checkPlanogramAvailability is PASSED

2018-10-08 17:15:02 - [MESSAGE][WARNING] - Timeout '0' is invalid. Using default page load timeout: '4'

2018-10-08 17:15:08 - [MESSAGE][WARNING] - Object Object Repository/CommonScreenElements/InfoPopUp_OKButton not found
[[ATTACHMENT|F:\\Git Projects\\MMAPlus_Merchandising\\MMAPlus_Merchandising\\Reports\\MMA Plus Merchandising With Chiller Wise Data Verification\\20181008_171154\\1539000906295.png]]

2018-10-08 17:15:08 - [MESSAGE][PASSED] - com.ct.qa.keywords.CommonKeywords.checkPlanogramAvailability is PASSED

2018-10-08 17:15:08 - [TEST_STEP][PASSED] - com.ct.qa.keywords.CommonKeywords.closePlanogram: com.ct.qa.keywords.CommonKeywords.closePlanogram is PASSED

2018-10-08 17:15:09 - [MESSAGE][PASSED] - com.ct.qa.keywords.CommonKeywords.closePlanogram is PASSED

2018-10-08 17:15:09 - [TEST_STEP][PASSED] - verifyElementText: Actual text and expected text of test object 'Object Repository/ShopOpen/Chiller/Validate_ChillerNotAllocatedProductCategoryScreen' are matched.

2018-10-08 17:15:09 - [MESSAGE][PASSED] - Actual text and expected text of test object 'Object Repository/ShopOpen/Chiller/Validate_ChillerNotAllocatedProductCategoryScreen' are matched.

2018-10-08 17:15:09 - [TEST_STEP][PASSED] - com.ct.qa.keywords.CommonKeywords.findPictureImageView: com.ct.qa.keywords.CommonKeywords.findPictureImageView is PASSED

2018-10-08 17:15:10 - [MESSAGE][WARNING] - Timeout '0' is invalid. Using default page load timeout: '4'

2018-10-08 17:15:12 - [MESSAGE][PASSED] - Tapped on element 'Object Repository/CommonScreenElements/Picture_ImageView'

2018-10-08 17:15:12 - [MESSAGE][WARNING] - Timeout '0' is invalid. Using default page load timeout: '4'

2018-10-08 17:15:13 - [MESSAGE][PASSED] - Element 'Object Repository/CommonScreenElements/Validate_CameraScreen' is exist

2018-10-08 17:15:13 - [MESSAGE][WARNING] - Timeout '0' is invalid. Using default page load timeout: '4'

2018-10-08 17:15:16 - [MESSAGE][PASSED] - Tapped on element 'Object Repository/CommonScreenElements/TakePictureButton'

2018-10-08 17:15:21 - [MESSAGE][PASSED] - Delayed 5 second(s)

2018-10-08 17:15:21 - [MESSAGE][WARNING] - Timeout '0' is invalid. Using default page load timeout: '4'

2018-10-08 17:15:22 - [MESSAGE][PASSED] - Tapped on element 'Object Repository/CommonScreenElements/DoneButton'

2018-10-08 17:15:22 - [MESSAGE][PASSED] - com.ct.qa.keywords.CommonKeywords.findPictureImageView is PASSED

2018-10-08 17:15:22 - [TEST_STEP][PASSED] - verifyElementText: Actual text and expected text of test object 'Object Repository/ShopOpen/Chiller/Validate_ChillerNotAllocatedProductCategoryScreen' are matched.

2018-10-08 17:15:23 - [MESSAGE][PASSED] - Actual text and expected text of test object 'Object Repository/ShopOpen/Chiller/Validate_ChillerNotAllocatedProductCategoryScreen' are matched.

2018-10-08 17:15:23 - [TEST_STEP][PASSED] - tap: Tapped on element 'Object Repository/ShopOpen/Chiller/ChillerNotAllocatedProductCategory_BackButton'

2018-10-08 17:15:23 - [MESSAGE][WARNING] - Timeout '0' is invalid. Using default page load timeout: '4'

2018-10-08 17:15:24 - [MESSAGE][PASSED] - Tapped on element 'Object Repository/ShopOpen/Chiller/ChillerNotAllocatedProductCategory_BackButton'

2018-10-08 17:15:24 - [TEST_STEP][PASSED] - verifyElementExist: Element 'Object Repository/ShopOpen/Validate_ShopCategoriesListScreen' is exist

2018-10-08 17:15:24 - [MESSAGE][WARNING] - Timeout '0' is invalid. Using default page load timeout: '4'

2018-10-08 17:15:26 - [MESSAGE][PASSED] - Element 'Object Repository/ShopOpen/Validate_ShopCategoriesListScreen' is exist

2018-10-08 17:15:26 - [MESSAGE][PASSED] - Call Test Case 'Test Cases/ShopOpen/Chiller/VisitChillerWithChillerNotAllocated' successfully

2018-10-08 17:15:27 - [TEST_CASE][PASSED] - Test Cases/ShopOpen/RemainingCategories/VisitRemainingCategoriesWithDSA: Test Cases/ShopOpen/RemainingCategories/VisitRemainingCategoriesWithDSA

2018-10-08 17:15:27 - [TEST_STEP][PASSED] - verifyElementText: Actual text and expected text of test object 'Object Repository/ShopOpen/RemainingCategories/Validate_MainCategoryDetailScreen' are matched.

2018-10-08 17:15:29 - [MESSAGE][PASSED] - Actual text and expected text of test object 'Object Repository/ShopOpen/RemainingCategories/Validate_MainCategoryDetailScreen' are matched.

2018-10-08 17:15:29 - [TEST_STEP][PASSED] - tap: Tapped on element 'Object Repository/ShopOpen/RemainingCategories/DisplaySpaceAvailable'

2018-10-08 17:15:29 - [MESSAGE][WARNING] - Timeout '0' is invalid. Using default page load timeout: '4'

2018-10-08 17:15:29 - [MESSAGE][PASSED] - Tapped on element 'Object Repository/ShopOpen/RemainingCategories/DisplaySpaceAvailable'

2018-10-08 17:15:29 - [TEST_STEP][PASSED] - verifyElementText: Actual text and expected text of test object 'Object Repository/ShopOpen/RemainingCategories/Validate_ProductCategoryAssetScreen' are matched.

2018-10-08 17:15:30 - [MESSAGE][PASSED] - Actual text and expected text of test object 'Object Repository/ShopOpen/RemainingCategories/Validate_ProductCategoryAssetScreen' are matched.

2018-10-08 17:15:30 - [TEST_STEP][PASSED] - tap: Tapped on element 'Object Repository/ShopOpen/RemainingCategories/Facing'

2018-10-08 17:15:30 - [MESSAGE][WARNING] - Timeout '0' is invalid. Using default page load timeout: '4'

2018-10-08 17:15:31 - [MESSAGE][PASSED] - Tapped on element 'Object Repository/ShopOpen/RemainingCategories/Facing'

2018-10-08 17:15:31 - [TEST_STEP][PASSED] - verifyElementText: Actual text and expected text of test object 'Object Repository/ShopOpen/RemainingCategories/Validate_FacingScreen' are matched.

2018-10-08 17:15:33 - [MESSAGE][PASSED] - Actual text and expected text of test object 'Object Repository/ShopOpen/RemainingCategories/Validate_FacingScreen' are matched.

2018-10-08 17:15:33 - [TEST_STEP][PASSED] - com.ct.qa.keywords.ChannelProductsDataKeywords.visitChannelWiseProductsData: com.ct.qa.keywords.ChannelProductsDataKeywords.visitChannelWiseProductsData is PASSED

2018-10-08 17:15:36 - [MESSAGE][PASSED] - Keyboard is hidden

2018-10-08 17:15:36 - [MESSAGE][PASSED] - com.ct.qa.keywords.ChannelProductsDataKeywords.visitChannelWiseProductsData is PASSED

2018-10-08 17:15:36 - [TEST_STEP][PASSED] - tap: Tapped on element 'Object Repository/ShopOpen/RemainingCategories/SubmitButton'

2018-10-08 17:15:36 - [MESSAGE][WARNING] - Timeout '0' is invalid. Using default page load timeout: '4'

2018-10-08 17:15:37 - [MESSAGE][PASSED] - Tapped on element 'Object Repository/ShopOpen/RemainingCategories/SubmitButton'

2018-10-08 17:15:37 - [TEST_STEP][PASSED] - verifyElementText: Actual text and expected text of test object 'Object Repository/ShopOpen/RemainingCategories/Validate_ProductCategoryAssetScreen' are matched.

2018-10-08 17:15:38 - [MESSAGE][PASSED] - Actual text and expected text of test object 'Object Repository/ShopOpen/RemainingCategories/Validate_ProductCategoryAssetScreen' are matched.

2018-10-08 17:15:38 - [TEST_STEP][PASSED] - tap: Tapped on element 'Object Repository/ShopOpen/RemainingCategories/StockTaking'

2018-10-08 17:15:38 - [MESSAGE][WARNING] - Timeout '0' is invalid. Using default page load timeout: '4'

2018-10-08 17:15:38 - [MESSAGE][PASSED] - Tapped on element 'Object Repository/ShopOpen/RemainingCategories/StockTaking'

2018-10-08 17:15:38 - [TEST_STEP][PASSED] - verifyElementText: Actual text and expected text of test object 'Object Repository/ShopOpen/RemainingCategories/Validate_StockTakingScreen' are matched.

2018-10-08 17:15:39 - [MESSAGE][PASSED] - Actual text and expected text of test object 'Object Repository/ShopOpen/RemainingCategories/Validate_StockTakingScreen' are matched.

2018-10-08 17:15:39 - [TEST_STEP][PASSED] - com.ct.qa.keywords.ChannelProductsDataKeywords.visitChannelWiseProductsData: com.ct.qa.keywords.ChannelProductsDataKeywords.visitChannelWiseProductsData is PASSED

2018-10-08 17:15:43 - [MESSAGE][PASSED] - Keyboard is hidden

2018-10-08 17:15:43 - [MESSAGE][PASSED] - com.ct.qa.keywords.ChannelProductsDataKeywords.visitChannelWiseProductsData is PASSED

2018-10-08 17:15:43 - [TEST_STEP][PASSED] - tap: Tapped on element 'Object Repository/ShopOpen/RemainingCategories/SubmitButton'

2018-10-08 17:15:43 - [MESSAGE][WARNING] - Timeout '0' is invalid. Using default page load timeout: '4'

2018-10-08 17:15:44 - [MESSAGE][PASSED] - Tapped on element 'Object Repository/ShopOpen/RemainingCategories/SubmitButton'

2018-10-08 17:15:44 - [TEST_STEP][PASSED] - verifyElementText: Actual text and expected text of test object 'Object Repository/ShopOpen/RemainingCategories/Validate_ProductCategoryAssetScreen' are matched.

2018-10-08 17:15:45 - [MESSAGE][PASSED] - Actual text and expected text of test object 'Object Repository/ShopOpen/RemainingCategories/Validate_ProductCategoryAssetScreen' are matched.

2018-10-08 17:15:45 - [TEST_STEP][PASSED] - tap: Tapped on element 'Object Repository/ShopOpen/RemainingCategories/planogram_ImageView'

2018-10-08 17:15:45 - [MESSAGE][WARNING] - Timeout '0' is invalid. Using default page load timeout: '4'

2018-10-08 17:15:45 - [MESSAGE][PASSED] - Tapped on element 'Object Repository/ShopOpen/RemainingCategories/planogram_ImageView'

2018-10-08 17:15:45 - [TEST_STEP][PASSED] - com.ct.qa.keywords.CommonKeywords.checkPlanogramAvailability: com.ct.qa.keywords.CommonKeywords.checkPlanogramAvailability is PASSED

2018-10-08 17:15:45 - [MESSAGE][WARNING] - Timeout '0' is invalid. Using default page load timeout: '4'

2018-10-08 17:15:51 - [MESSAGE][WARNING] - Object Object Repository/CommonScreenElements/InfoPopUp_OKButton not found
[[ATTACHMENT|F:\\Git Projects\\MMAPlus_Merchandising\\MMAPlus_Merchandising\\Reports\\MMA Plus Merchandising With Chiller Wise Data Verification\\20181008_171154\\1539000949437.png]]

2018-10-08 17:15:51 - [MESSAGE][PASSED] - com.ct.qa.keywords.CommonKeywords.checkPlanogramAvailability is PASSED

2018-10-08 17:15:51 - [TEST_STEP][PASSED] - com.ct.qa.keywords.CommonKeywords.closePlanogram: com.ct.qa.keywords.CommonKeywords.closePlanogram is PASSED

2018-10-08 17:15:51 - [MESSAGE][PASSED] - com.ct.qa.keywords.CommonKeywords.closePlanogram is PASSED

2018-10-08 17:15:51 - [TEST_STEP][PASSED] - verifyElementText: Actual text and expected text of test object 'Object Repository/ShopOpen/RemainingCategories/Validate_ProductCategoryAssetScreen' are matched.

2018-10-08 17:15:52 - [MESSAGE][PASSED] - Actual text and expected text of test object 'Object Repository/ShopOpen/RemainingCategories/Validate_ProductCategoryAssetScreen' are matched.

2018-10-08 17:15:52 - [TEST_STEP][PASSED] - com.ct.qa.keywords.CommonKeywords.findPictureImageView: com.ct.qa.keywords.CommonKeywords.findPictureImageView is PASSED

2018-10-08 17:15:53 - [MESSAGE][WARNING] - Timeout '0' is invalid. Using default page load timeout: '4'

2018-10-08 17:15:55 - [MESSAGE][PASSED] - Tapped on element 'Object Repository/CommonScreenElements/Picture_ImageView'

2018-10-08 17:15:55 - [MESSAGE][WARNING] - Timeout '0' is invalid. Using default page load timeout: '4'

2018-10-08 17:15:56 - [MESSAGE][PASSED] - Element 'Object Repository/CommonScreenElements/Validate_CameraScreen' is exist

2018-10-08 17:15:56 - [MESSAGE][WARNING] - Timeout '0' is invalid. Using default page load timeout: '4'

2018-10-08 17:15:59 - [MESSAGE][PASSED] - Tapped on element 'Object Repository/CommonScreenElements/TakePictureButton'

2018-10-08 17:16:04 - [MESSAGE][PASSED] - Delayed 5 second(s)

2018-10-08 17:16:04 - [MESSAGE][WARNING] - Timeout '0' is invalid. Using default page load timeout: '4'

2018-10-08 17:16:05 - [MESSAGE][PASSED] - Tapped on element 'Object Repository/CommonScreenElements/DoneButton'

2018-10-08 17:16:05 - [MESSAGE][PASSED] - com.ct.qa.keywords.CommonKeywords.findPictureImageView is PASSED

2018-10-08 17:16:05 - [TEST_STEP][PASSED] - verifyElementText: Actual text and expected text of test object 'Object Repository/ShopOpen/RemainingCategories/Validate_ProductCategoryAssetScreen' are matched.

2018-10-08 17:16:06 - [MESSAGE][PASSED] - Actual text and expected text of test object 'Object Repository/ShopOpen/RemainingCategories/Validate_ProductCategoryAssetScreen' are matched.

2018-10-08 17:16:06 - [TEST_STEP][PASSED] - tap: Tapped on element 'Object Repository/ShopOpen/RemainingCategories/ProductCategoryAsset_BackButton'

2018-10-08 17:16:06 - [MESSAGE][WARNING] - Timeout '0' is invalid. Using default page load timeout: '4'

2018-10-08 17:16:07 - [MESSAGE][PASSED] - Tapped on element 'Object Repository/ShopOpen/RemainingCategories/ProductCategoryAsset_BackButton'

2018-10-08 17:16:07 - [TEST_STEP][PASSED] - verifyElementExist: Element 'Object Repository/ShopOpen/Validate_ShopCategoriesListScreen' is exist

2018-10-08 17:16:07 - [MESSAGE][WARNING] - Timeout '0' is invalid. Using default page load timeout: '4'

2018-10-08 17:16:08 - [MESSAGE][PASSED] - Element 'Object Repository/ShopOpen/Validate_ShopCategoriesListScreen' is exist

2018-10-08 17:16:08 - [MESSAGE][PASSED] - Call Test Case 'Test Cases/ShopOpen/RemainingCategories/VisitRemainingCategoriesWithDSA' successfully

2018-10-08 17:16:09 - [TEST_CASE][PASSED] - Test Cases/ShopOpen/RemainingCategories/VisitRemainingCategoriesWithDSA: Test Cases/ShopOpen/RemainingCategories/VisitRemainingCategoriesWithDSA

2018-10-08 17:16:09 - [TEST_STEP][PASSED] - verifyElementText: Actual text and expected text of test object 'Object Repository/ShopOpen/RemainingCategories/Validate_MainCategoryDetailScreen' are matched.

2018-10-08 17:16:10 - [MESSAGE][PASSED] - Actual text and expected text of test object 'Object Repository/ShopOpen/RemainingCategories/Validate_MainCategoryDetailScreen' are matched.

2018-10-08 17:16:10 - [TEST_STEP][PASSED] - tap: Tapped on element 'Object Repository/ShopOpen/RemainingCategories/DisplaySpaceAvailable'

2018-10-08 17:16:10 - [MESSAGE][WARNING] - Timeout '0' is invalid. Using default page load timeout: '4'

2018-10-08 17:16:11 - [MESSAGE][PASSED] - Tapped on element 'Object Repository/ShopOpen/RemainingCategories/DisplaySpaceAvailable'

2018-10-08 17:16:11 - [TEST_STEP][PASSED] - verifyElementText: Actual text and expected text of test object 'Object Repository/ShopOpen/RemainingCategories/Validate_ProductCategoryAssetScreen' are matched.

2018-10-08 17:16:13 - [MESSAGE][PASSED] - Actual text and expected text of test object 'Object Repository/ShopOpen/RemainingCategories/Validate_ProductCategoryAssetScreen' are matched.

2018-10-08 17:16:13 - [TEST_STEP][PASSED] - tap: Tapped on element 'Object Repository/ShopOpen/RemainingCategories/Facing'

2018-10-08 17:16:13 - [MESSAGE][WARNING] - Timeout '0' is invalid. Using default page load timeout: '4'

2018-10-08 17:16:13 - [MESSAGE][PASSED] - Tapped on element 'Object Repository/ShopOpen/RemainingCategories/Facing'

2018-10-08 17:16:13 - [TEST_STEP][PASSED] - verifyElementText: Actual text and expected text of test object 'Object Repository/ShopOpen/RemainingCategories/Validate_FacingScreen' are matched.

2018-10-08 17:16:14 - [MESSAGE][PASSED] - Actual text and expected text of test object 'Object Repository/ShopOpen/RemainingCategories/Validate_FacingScreen' are matched.

2018-10-08 17:16:14 - [TEST_STEP][PASSED] - com.ct.qa.keywords.ChannelProductsDataKeywords.visitChannelWiseProductsData: com.ct.qa.keywords.ChannelProductsDataKeywords.visitChannelWiseProductsData is PASSED

2018-10-08 17:16:19 - [MESSAGE][PASSED] - Keyboard is hidden

2018-10-08 17:16:22 - [MESSAGE][PASSED] - Keyboard is hidden

2018-10-08 17:16:25 - [MESSAGE][PASSED] - Keyboard is hidden

2018-10-08 17:16:28 - [MESSAGE][PASSED] - Keyboard is hidden

2018-10-08 17:16:31 - [MESSAGE][PASSED] - Keyboard is hidden

2018-10-08 17:16:32 - [MESSAGE][PASSED] - com.ct.qa.keywords.ChannelProductsDataKeywords.visitChannelWiseProductsData is PASSED

2018-10-08 17:16:32 - [TEST_STEP][PASSED] - tap: Tapped on element 'Object Repository/ShopOpen/RemainingCategories/SubmitButton'

2018-10-08 17:16:32 - [MESSAGE][WARNING] - Timeout '0' is invalid. Using default page load timeout: '4'

2018-10-08 17:16:33 - [MESSAGE][PASSED] - Tapped on element 'Object Repository/ShopOpen/RemainingCategories/SubmitButton'

2018-10-08 17:16:33 - [TEST_STEP][PASSED] - verifyElementText: Actual text and expected text of test object 'Object Repository/ShopOpen/RemainingCategories/Validate_ProductCategoryAssetScreen' are matched.

2018-10-08 17:16:34 - [MESSAGE][PASSED] - Actual text and expected text of test object 'Object Repository/ShopOpen/RemainingCategories/Validate_ProductCategoryAssetScreen' are matched.

2018-10-08 17:16:34 - [TEST_STEP][PASSED] - tap: Tapped on element 'Object Repository/ShopOpen/RemainingCategories/StockTaking'

2018-10-08 17:16:34 - [MESSAGE][WARNING] - Timeout '0' is invalid. Using default page load timeout: '4'

2018-10-08 17:16:35 - [MESSAGE][PASSED] - Tapped on element 'Object Repository/ShopOpen/RemainingCategories/StockTaking'

2018-10-08 17:16:35 - [TEST_STEP][PASSED] - verifyElementText: Actual text and expected text of test object 'Object Repository/ShopOpen/RemainingCategories/Validate_StockTakingScreen' are matched.

2018-10-08 17:16:36 - [MESSAGE][PASSED] - Actual text and expected text of test object 'Object Repository/ShopOpen/RemainingCategories/Validate_StockTakingScreen' are matched.

2018-10-08 17:16:36 - [TEST_STEP][PASSED] - com.ct.qa.keywords.ChannelProductsDataKeywords.visitChannelWiseProductsData: com.ct.qa.keywords.ChannelProductsDataKeywords.visitChannelWiseProductsData is PASSED

2018-10-08 17:16:41 - [MESSAGE][PASSED] - Keyboard is hidden

2018-10-08 17:16:44 - [MESSAGE][PASSED] - Keyboard is hidden

2018-10-08 17:16:47 - [MESSAGE][PASSED] - Keyboard is hidden

2018-10-08 17:16:50 - [MESSAGE][PASSED] - Keyboard is hidden

2018-10-08 17:16:53 - [MESSAGE][PASSED] - Keyboard is hidden

2018-10-08 17:16:54 - [MESSAGE][PASSED] - com.ct.qa.keywords.ChannelProductsDataKeywords.visitChannelWiseProductsData is PASSED

2018-10-08 17:16:54 - [TEST_STEP][PASSED] - tap: Tapped on element 'Object Repository/ShopOpen/RemainingCategories/SubmitButton'

2018-10-08 17:16:54 - [MESSAGE][WARNING] - Timeout '0' is invalid. Using default page load timeout: '4'

2018-10-08 17:16:55 - [MESSAGE][PASSED] - Tapped on element 'Object Repository/ShopOpen/RemainingCategories/SubmitButton'

2018-10-08 17:16:55 - [TEST_STEP][PASSED] - verifyElementText: Actual text and expected text of test object 'Object Repository/ShopOpen/RemainingCategories/Validate_ProductCategoryAssetScreen' are matched.

2018-10-08 17:16:56 - [MESSAGE][PASSED] - Actual text and expected text of test object 'Object Repository/ShopOpen/RemainingCategories/Validate_ProductCategoryAssetScreen' are matched.

2018-10-08 17:16:56 - [TEST_STEP][PASSED] - tap: Tapped on element 'Object Repository/ShopOpen/RemainingCategories/planogram_ImageView'

2018-10-08 17:16:56 - [MESSAGE][WARNING] - Timeout '0' is invalid. Using default page load timeout: '4'

2018-10-08 17:16:56 - [MESSAGE][PASSED] - Tapped on element 'Object Repository/ShopOpen/RemainingCategories/planogram_ImageView'

2018-10-08 17:16:56 - [TEST_STEP][PASSED] - com.ct.qa.keywords.CommonKeywords.checkPlanogramAvailability: com.ct.qa.keywords.CommonKeywords.checkPlanogramAvailability is PASSED

2018-10-08 17:16:56 - [MESSAGE][WARNING] - Timeout '0' is invalid. Using default page load timeout: '4'

2018-10-08 17:17:01 - [MESSAGE][WARNING] - Object Object Repository/CommonScreenElements/InfoPopUp_OKButton not found
[[ATTACHMENT|F:\\Git Projects\\MMAPlus_Merchandising\\MMAPlus_Merchandising\\Reports\\MMA Plus Merchandising With Chiller Wise Data Verification\\20181008_171154\\1539001020484.png]]

2018-10-08 17:17:01 - [MESSAGE][PASSED] - com.ct.qa.keywords.CommonKeywords.checkPlanogramAvailability is PASSED

2018-10-08 17:17:01 - [TEST_STEP][PASSED] - com.ct.qa.keywords.CommonKeywords.closePlanogram: com.ct.qa.keywords.CommonKeywords.closePlanogram is PASSED

2018-10-08 17:17:02 - [MESSAGE][PASSED] - com.ct.qa.keywords.CommonKeywords.closePlanogram is PASSED

2018-10-08 17:17:02 - [TEST_STEP][PASSED] - verifyElementText: Actual text and expected text of test object 'Object Repository/ShopOpen/RemainingCategories/Validate_ProductCategoryAssetScreen' are matched.

2018-10-08 17:17:02 - [MESSAGE][PASSED] - Actual text and expected text of test object 'Object Repository/ShopOpen/RemainingCategories/Validate_ProductCategoryAssetScreen' are matched.

2018-10-08 17:17:02 - [TEST_STEP][PASSED] - com.ct.qa.keywords.CommonKeywords.findPictureImageView: com.ct.qa.keywords.CommonKeywords.findPictureImageView is PASSED

2018-10-08 17:17:03 - [MESSAGE][WARNING] - Timeout '0' is invalid. Using default page load timeout: '4'

2018-10-08 17:17:05 - [MESSAGE][PASSED] - Tapped on element 'Object Repository/CommonScreenElements/Picture_ImageView'

2018-10-08 17:17:05 - [MESSAGE][WARNING] - Timeout '0' is invalid. Using default page load timeout: '4'

2018-10-08 17:17:06 - [MESSAGE][PASSED] - Element 'Object Repository/CommonScreenElements/Validate_CameraScreen' is exist

2018-10-08 17:17:06 - [MESSAGE][WARNING] - Timeout '0' is invalid. Using default page load timeout: '4'

2018-10-08 17:17:09 - [MESSAGE][PASSED] - Tapped on element 'Object Repository/CommonScreenElements/TakePictureButton'

2018-10-08 17:17:14 - [MESSAGE][PASSED] - Delayed 5 second(s)

2018-10-08 17:17:14 - [MESSAGE][WARNING] - Timeout '0' is invalid. Using default page load timeout: '4'

2018-10-08 17:17:15 - [MESSAGE][PASSED] - Tapped on element 'Object Repository/CommonScreenElements/DoneButton'

2018-10-08 17:17:15 - [MESSAGE][PASSED] - com.ct.qa.keywords.CommonKeywords.findPictureImageView is PASSED

2018-10-08 17:17:15 - [TEST_STEP][PASSED] - verifyElementText: Actual text and expected text of test object 'Object Repository/ShopOpen/RemainingCategories/Validate_ProductCategoryAssetScreen' are matched.

2018-10-08 17:17:16 - [MESSAGE][PASSED] - Actual text and expected text of test object 'Object Repository/ShopOpen/RemainingCategories/Validate_ProductCategoryAssetScreen' are matched.

2018-10-08 17:17:16 - [TEST_STEP][PASSED] - tap: Tapped on element 'Object Repository/ShopOpen/RemainingCategories/ProductCategoryAsset_BackButton'

2018-10-08 17:17:16 - [MESSAGE][WARNING] - Timeout '0' is invalid. Using default page load timeout: '4'

2018-10-08 17:17:16 - [MESSAGE][PASSED] - Tapped on element 'Object Repository/ShopOpen/RemainingCategories/ProductCategoryAsset_BackButton'

2018-10-08 17:17:16 - [TEST_STEP][PASSED] - verifyElementExist: Element 'Object Repository/ShopOpen/Validate_ShopCategoriesListScreen' is exist

2018-10-08 17:17:16 - [MESSAGE][WARNING] - Timeout '0' is invalid. Using default page load timeout: '4'

2018-10-08 17:17:17 - [MESSAGE][PASSED] - Element 'Object Repository/ShopOpen/Validate_ShopCategoriesListScreen' is exist

2018-10-08 17:17:17 - [MESSAGE][PASSED] - Call Test Case 'Test Cases/ShopOpen/RemainingCategories/VisitRemainingCategoriesWithDSA' successfully

2018-10-08 17:17:18 - [TEST_CASE][PASSED] - Test Cases/ShopOpen/RemainingCategories/VisitRemainingCategoriesWithDSA: Test Cases/ShopOpen/RemainingCategories/VisitRemainingCategoriesWithDSA

2018-10-08 17:17:18 - [TEST_STEP][PASSED] - verifyElementText: Actual text and expected text of test object 'Object Repository/ShopOpen/RemainingCategories/Validate_MainCategoryDetailScreen' are matched.

2018-10-08 17:17:19 - [MESSAGE][PASSED] - Actual text and expected text of test object 'Object Repository/ShopOpen/RemainingCategories/Validate_MainCategoryDetailScreen' are matched.

2018-10-08 17:17:19 - [TEST_STEP][PASSED] - tap: Tapped on element 'Object Repository/ShopOpen/RemainingCategories/DisplaySpaceAvailable'

2018-10-08 17:17:19 - [MESSAGE][WARNING] - Timeout '0' is invalid. Using default page load timeout: '4'

2018-10-08 17:17:20 - [MESSAGE][PASSED] - Tapped on element 'Object Repository/ShopOpen/RemainingCategories/DisplaySpaceAvailable'

2018-10-08 17:17:20 - [TEST_STEP][PASSED] - verifyElementText: Actual text and expected text of test object 'Object Repository/ShopOpen/RemainingCategories/Validate_ProductCategoryAssetScreen' are matched.

2018-10-08 17:17:22 - [MESSAGE][PASSED] - Actual text and expected text of test object 'Object Repository/ShopOpen/RemainingCategories/Validate_ProductCategoryAssetScreen' are matched.

2018-10-08 17:17:22 - [TEST_STEP][PASSED] - tap: Tapped on element 'Object Repository/ShopOpen/RemainingCategories/Facing'

2018-10-08 17:17:22 - [MESSAGE][WARNING] - Timeout '0' is invalid. Using default page load timeout: '4'

2018-10-08 17:17:23 - [MESSAGE][PASSED] - Tapped on element 'Object Repository/ShopOpen/RemainingCategories/Facing'

2018-10-08 17:17:23 - [TEST_STEP][PASSED] - verifyElementText: Actual text and expected text of test object 'Object Repository/ShopOpen/RemainingCategories/Validate_FacingScreen' are matched.

2018-10-08 17:17:24 - [MESSAGE][PASSED] - Actual text and expected text of test object 'Object Repository/ShopOpen/RemainingCategories/Validate_FacingScreen' are matched.

2018-10-08 17:17:24 - [TEST_STEP][PASSED] - com.ct.qa.keywords.ChannelProductsDataKeywords.visitChannelWiseProductsData: com.ct.qa.keywords.ChannelProductsDataKeywords.visitChannelWiseProductsData is PASSED

2018-10-08 17:17:28 - [MESSAGE][PASSED] - Keyboard is hidden

2018-10-08 17:17:28 - [MESSAGE][PASSED] - com.ct.qa.keywords.ChannelProductsDataKeywords.visitChannelWiseProductsData is PASSED

2018-10-08 17:17:28 - [TEST_STEP][PASSED] - tap: Tapped on element 'Object Repository/ShopOpen/RemainingCategories/SubmitButton'

2018-10-08 17:17:28 - [MESSAGE][WARNING] - Timeout '0' is invalid. Using default page load timeout: '4'

2018-10-08 17:17:29 - [MESSAGE][PASSED] - Tapped on element 'Object Repository/ShopOpen/RemainingCategories/SubmitButton'

2018-10-08 17:17:29 - [TEST_STEP][PASSED] - verifyElementText: Actual text and expected text of test object 'Object Repository/ShopOpen/RemainingCategories/Validate_ProductCategoryAssetScreen' are matched.

2018-10-08 17:17:30 - [MESSAGE][PASSED] - Actual text and expected text of test object 'Object Repository/ShopOpen/RemainingCategories/Validate_ProductCategoryAssetScreen' are matched.

2018-10-08 17:17:30 - [TEST_STEP][PASSED] - tap: Tapped on element 'Object Repository/ShopOpen/RemainingCategories/StockTaking'

2018-10-08 17:17:30 - [MESSAGE][WARNING] - Timeout '0' is invalid. Using default page load timeout: '4'

2018-10-08 17:17:31 - [MESSAGE][PASSED] - Tapped on element 'Object Repository/ShopOpen/RemainingCategories/StockTaking'

2018-10-08 17:17:31 - [TEST_STEP][PASSED] - verifyElementText: Actual text and expected text of test object 'Object Repository/ShopOpen/RemainingCategories/Validate_StockTakingScreen' are matched.

2018-10-08 17:17:32 - [MESSAGE][PASSED] - Actual text and expected text of test object 'Object Repository/ShopOpen/RemainingCategories/Validate_StockTakingScreen' are matched.

2018-10-08 17:17:32 - [TEST_STEP][PASSED] - com.ct.qa.keywords.ChannelProductsDataKeywords.visitChannelWiseProductsData: com.ct.qa.keywords.ChannelProductsDataKeywords.visitChannelWiseProductsData is PASSED

2018-10-08 17:17:36 - [MESSAGE][PASSED] - Keyboard is hidden

2018-10-08 17:17:37 - [MESSAGE][PASSED] - com.ct.qa.keywords.ChannelProductsDataKeywords.visitChannelWiseProductsData is PASSED

2018-10-08 17:17:37 - [TEST_STEP][PASSED] - tap: Tapped on element 'Object Repository/ShopOpen/RemainingCategories/SubmitButton'

2018-10-08 17:17:37 - [MESSAGE][WARNING] - Timeout '0' is invalid. Using default page load timeout: '4'

2018-10-08 17:17:37 - [MESSAGE][PASSED] - Tapped on element 'Object Repository/ShopOpen/RemainingCategories/SubmitButton'

2018-10-08 17:17:37 - [TEST_STEP][PASSED] - verifyElementText: Actual text and expected text of test object 'Object Repository/ShopOpen/RemainingCategories/Validate_ProductCategoryAssetScreen' are matched.

2018-10-08 17:17:38 - [MESSAGE][PASSED] - Actual text and expected text of test object 'Object Repository/ShopOpen/RemainingCategories/Validate_ProductCategoryAssetScreen' are matched.

2018-10-08 17:17:38 - [TEST_STEP][PASSED] - tap: Tapped on element 'Object Repository/ShopOpen/RemainingCategories/planogram_ImageView'

2018-10-08 17:17:38 - [MESSAGE][WARNING] - Timeout '0' is invalid. Using default page load timeout: '4'

2018-10-08 17:17:39 - [MESSAGE][PASSED] - Tapped on element 'Object Repository/ShopOpen/RemainingCategories/planogram_ImageView'

2018-10-08 17:17:39 - [TEST_STEP][PASSED] - com.ct.qa.keywords.CommonKeywords.checkPlanogramAvailability: com.ct.qa.keywords.CommonKeywords.checkPlanogramAvailability is PASSED

2018-10-08 17:17:39 - [MESSAGE][WARNING] - Timeout '0' is invalid. Using default page load timeout: '4'

2018-10-08 17:17:44 - [MESSAGE][WARNING] - Object Object Repository/CommonScreenElements/InfoPopUp_OKButton not found
[[ATTACHMENT|F:\\Git Projects\\MMAPlus_Merchandising\\MMAPlus_Merchandising\\Reports\\MMA Plus Merchandising With Chiller Wise Data Verification\\20181008_171154\\1539001063272.png]]

2018-10-08 17:17:44 - [MESSAGE][PASSED] - com.ct.qa.keywords.CommonKeywords.checkPlanogramAvailability is PASSED

2018-10-08 17:17:44 - [TEST_STEP][PASSED] - com.ct.qa.keywords.CommonKeywords.closePlanogram: com.ct.qa.keywords.CommonKeywords.closePlanogram is PASSED

2018-10-08 17:17:45 - [MESSAGE][PASSED] - com.ct.qa.keywords.CommonKeywords.closePlanogram is PASSED

2018-10-08 17:17:45 - [TEST_STEP][PASSED] - verifyElementText: Actual text and expected text of test object 'Object Repository/ShopOpen/RemainingCategories/Validate_ProductCategoryAssetScreen' are matched.

2018-10-08 17:17:46 - [MESSAGE][PASSED] - Actual text and expected text of test object 'Object Repository/ShopOpen/RemainingCategories/Validate_ProductCategoryAssetScreen' are matched.

2018-10-08 17:17:46 - [TEST_STEP][PASSED] - com.ct.qa.keywords.CommonKeywords.findPictureImageView: com.ct.qa.keywords.CommonKeywords.findPictureImageView is PASSED

2018-10-08 17:17:46 - [MESSAGE][WARNING] - Timeout '0' is invalid. Using default page load timeout: '4'

2018-10-08 17:17:48 - [MESSAGE][PASSED] - Tapped on element 'Object Repository/CommonScreenElements/Picture_ImageView'

2018-10-08 17:17:48 - [MESSAGE][WARNING] - Timeout '0' is invalid. Using default page load timeout: '4'

2018-10-08 17:17:49 - [MESSAGE][PASSED] - Element 'Object Repository/CommonScreenElements/Validate_CameraScreen' is exist

2018-10-08 17:17:49 - [MESSAGE][WARNING] - Timeout '0' is invalid. Using default page load timeout: '4'

2018-10-08 17:17:52 - [MESSAGE][PASSED] - Tapped on element 'Object Repository/CommonScreenElements/TakePictureButton'

2018-10-08 17:17:57 - [MESSAGE][PASSED] - Delayed 5 second(s)

2018-10-08 17:17:57 - [MESSAGE][WARNING] - Timeout '0' is invalid. Using default page load timeout: '4'

2018-10-08 17:17:58 - [MESSAGE][PASSED] - Tapped on element 'Object Repository/CommonScreenElements/DoneButton'

2018-10-08 17:17:58 - [MESSAGE][PASSED] - com.ct.qa.keywords.CommonKeywords.findPictureImageView is PASSED

2018-10-08 17:17:58 - [TEST_STEP][PASSED] - verifyElementText: Actual text and expected text of test object 'Object Repository/ShopOpen/RemainingCategories/Validate_ProductCategoryAssetScreen' are matched.

2018-10-08 17:17:59 - [MESSAGE][PASSED] - Actual text and expected text of test object 'Object Repository/ShopOpen/RemainingCategories/Validate_ProductCategoryAssetScreen' are matched.

2018-10-08 17:17:59 - [TEST_STEP][PASSED] - tap: Tapped on element 'Object Repository/ShopOpen/RemainingCategories/ProductCategoryAsset_BackButton'

2018-10-08 17:17:59 - [MESSAGE][WARNING] - Timeout '0' is invalid. Using default page load timeout: '4'

2018-10-08 17:18:00 - [MESSAGE][PASSED] - Tapped on element 'Object Repository/ShopOpen/RemainingCategories/ProductCategoryAsset_BackButton'

2018-10-08 17:18:00 - [TEST_STEP][PASSED] - verifyElementExist: Element 'Object Repository/ShopOpen/Validate_ShopCategoriesListScreen' is exist

2018-10-08 17:18:00 - [MESSAGE][WARNING] - Timeout '0' is invalid. Using default page load timeout: '4'

2018-10-08 17:18:01 - [MESSAGE][PASSED] - Element 'Object Repository/ShopOpen/Validate_ShopCategoriesListScreen' is exist

2018-10-08 17:18:01 - [MESSAGE][PASSED] - Call Test Case 'Test Cases/ShopOpen/RemainingCategories/VisitRemainingCategoriesWithDSA' successfully

2018-10-08 17:18:02 - [TEST_CASE][PASSED] - Test Cases/ShopOpen/RemainingCategories/VisitRemainingCategoriesWithDSA: Test Cases/ShopOpen/RemainingCategories/VisitRemainingCategoriesWithDSA

2018-10-08 17:18:02 - [TEST_STEP][PASSED] - verifyElementText: Actual text and expected text of test object 'Object Repository/ShopOpen/RemainingCategories/Validate_MainCategoryDetailScreen' are matched.

2018-10-08 17:18:04 - [MESSAGE][PASSED] - Actual text and expected text of test object 'Object Repository/ShopOpen/RemainingCategories/Validate_MainCategoryDetailScreen' are matched.

2018-10-08 17:18:04 - [TEST_STEP][PASSED] - tap: Tapped on element 'Object Repository/ShopOpen/RemainingCategories/DisplaySpaceAvailable'

2018-10-08 17:18:04 - [MESSAGE][WARNING] - Timeout '0' is invalid. Using default page load timeout: '4'

2018-10-08 17:18:04 - [MESSAGE][PASSED] - Tapped on element 'Object Repository/ShopOpen/RemainingCategories/DisplaySpaceAvailable'

2018-10-08 17:18:04 - [TEST_STEP][PASSED] - verifyElementText: Actual text and expected text of test object 'Object Repository/ShopOpen/RemainingCategories/Validate_ProductCategoryAssetScreen' are matched.

2018-10-08 17:18:05 - [MESSAGE][PASSED] - Actual text and expected text of test object 'Object Repository/ShopOpen/RemainingCategories/Validate_ProductCategoryAssetScreen' are matched.

2018-10-08 17:18:05 - [TEST_STEP][PASSED] - tap: Tapped on element 'Object Repository/ShopOpen/RemainingCategories/Facing'

2018-10-08 17:18:05 - [MESSAGE][WARNING] - Timeout '0' is invalid. Using default page load timeout: '4'

2018-10-08 17:18:06 - [MESSAGE][PASSED] - Tapped on element 'Object Repository/ShopOpen/RemainingCategories/Facing'

2018-10-08 17:18:06 - [TEST_STEP][PASSED] - verifyElementText: Actual text and expected text of test object 'Object Repository/ShopOpen/RemainingCategories/Validate_FacingScreen' are matched.

2018-10-08 17:18:07 - [MESSAGE][PASSED] - Actual text and expected text of test object 'Object Repository/ShopOpen/RemainingCategories/Validate_FacingScreen' are matched.

2018-10-08 17:18:07 - [TEST_STEP][PASSED] - com.ct.qa.keywords.ChannelProductsDataKeywords.visitChannelWiseProductsData: com.ct.qa.keywords.ChannelProductsDataKeywords.visitChannelWiseProductsData is PASSED

2018-10-08 17:18:11 - [MESSAGE][PASSED] - Keyboard is hidden

2018-10-08 17:18:14 - [MESSAGE][PASSED] - Keyboard is hidden

2018-10-08 17:18:15 - [MESSAGE][PASSED] - com.ct.qa.keywords.ChannelProductsDataKeywords.visitChannelWiseProductsData is PASSED

2018-10-08 17:18:15 - [TEST_STEP][PASSED] - tap: Tapped on element 'Object Repository/ShopOpen/RemainingCategories/SubmitButton'

2018-10-08 17:18:15 - [MESSAGE][WARNING] - Timeout '0' is invalid. Using default page load timeout: '4'

2018-10-08 17:18:15 - [MESSAGE][PASSED] - Tapped on element 'Object Repository/ShopOpen/RemainingCategories/SubmitButton'

2018-10-08 17:18:15 - [TEST_STEP][PASSED] - verifyElementText: Actual text and expected text of test object 'Object Repository/ShopOpen/RemainingCategories/Validate_ProductCategoryAssetScreen' are matched.

2018-10-08 17:18:16 - [MESSAGE][PASSED] - Actual text and expected text of test object 'Object Repository/ShopOpen/RemainingCategories/Validate_ProductCategoryAssetScreen' are matched.

2018-10-08 17:18:16 - [TEST_STEP][PASSED] - tap: Tapped on element 'Object Repository/ShopOpen/RemainingCategories/StockTaking'

2018-10-08 17:18:16 - [MESSAGE][WARNING] - Timeout '0' is invalid. Using default page load timeout: '4'

2018-10-08 17:18:17 - [MESSAGE][PASSED] - Tapped on element 'Object Repository/ShopOpen/RemainingCategories/StockTaking'

2018-10-08 17:18:17 - [TEST_STEP][PASSED] - verifyElementText: Actual text and expected text of test object 'Object Repository/ShopOpen/RemainingCategories/Validate_StockTakingScreen' are matched.

2018-10-08 17:18:18 - [MESSAGE][PASSED] - Actual text and expected text of test object 'Object Repository/ShopOpen/RemainingCategories/Validate_StockTakingScreen' are matched.

2018-10-08 17:18:18 - [TEST_STEP][PASSED] - com.ct.qa.keywords.ChannelProductsDataKeywords.visitChannelWiseProductsData: com.ct.qa.keywords.ChannelProductsDataKeywords.visitChannelWiseProductsData is PASSED

2018-10-08 17:18:22 - [MESSAGE][PASSED] - Keyboard is hidden

2018-10-08 17:18:25 - [MESSAGE][PASSED] - Keyboard is hidden

2018-10-08 17:18:26 - [MESSAGE][PASSED] - com.ct.qa.keywords.ChannelProductsDataKeywords.visitChannelWiseProductsData is PASSED

2018-10-08 17:18:26 - [TEST_STEP][PASSED] - tap: Tapped on element 'Object Repository/ShopOpen/RemainingCategories/SubmitButton'

2018-10-08 17:18:26 - [MESSAGE][WARNING] - Timeout '0' is invalid. Using default page load timeout: '4'

2018-10-08 17:18:26 - [MESSAGE][PASSED] - Tapped on element 'Object Repository/ShopOpen/RemainingCategories/SubmitButton'

2018-10-08 17:18:26 - [TEST_STEP][PASSED] - verifyElementText: Actual text and expected text of test object 'Object Repository/ShopOpen/RemainingCategories/Validate_ProductCategoryAssetScreen' are matched.

2018-10-08 17:18:27 - [MESSAGE][PASSED] - Actual text and expected text of test object 'Object Repository/ShopOpen/RemainingCategories/Validate_ProductCategoryAssetScreen' are matched.

2018-10-08 17:18:27 - [TEST_STEP][PASSED] - tap: Tapped on element 'Object Repository/ShopOpen/RemainingCategories/planogram_ImageView'

2018-10-08 17:18:27 - [MESSAGE][WARNING] - Timeout '0' is invalid. Using default page load timeout: '4'

2018-10-08 17:18:28 - [MESSAGE][PASSED] - Tapped on element 'Object Repository/ShopOpen/RemainingCategories/planogram_ImageView'

2018-10-08 17:18:28 - [TEST_STEP][PASSED] - com.ct.qa.keywords.CommonKeywords.checkPlanogramAvailability: com.ct.qa.keywords.CommonKeywords.checkPlanogramAvailability is PASSED

2018-10-08 17:18:28 - [MESSAGE][WARNING] - Timeout '0' is invalid. Using default page load timeout: '4'

2018-10-08 17:18:33 - [MESSAGE][WARNING] - Object Object Repository/CommonScreenElements/InfoPopUp_OKButton not found
[[ATTACHMENT|F:\\Git Projects\\MMAPlus_Merchandising\\MMAPlus_Merchandising\\Reports\\MMA Plus Merchandising With Chiller Wise Data Verification\\20181008_171154\\1539001112398.png]]

2018-10-08 17:18:33 - [MESSAGE][PASSED] - com.ct.qa.keywords.CommonKeywords.checkPlanogramAvailability is PASSED

2018-10-08 17:18:33 - [TEST_STEP][PASSED] - com.ct.qa.keywords.CommonKeywords.closePlanogram: com.ct.qa.keywords.CommonKeywords.closePlanogram is PASSED

2018-10-08 17:18:34 - [MESSAGE][PASSED] - com.ct.qa.keywords.CommonKeywords.closePlanogram is PASSED

2018-10-08 17:18:34 - [TEST_STEP][PASSED] - verifyElementText: Actual text and expected text of test object 'Object Repository/ShopOpen/RemainingCategories/Validate_ProductCategoryAssetScreen' are matched.

2018-10-08 17:18:34 - [MESSAGE][PASSED] - Actual text and expected text of test object 'Object Repository/ShopOpen/RemainingCategories/Validate_ProductCategoryAssetScreen' are matched.

2018-10-08 17:18:34 - [TEST_STEP][PASSED] - com.ct.qa.keywords.CommonKeywords.findPictureImageView: com.ct.qa.keywords.CommonKeywords.findPictureImageView is PASSED

2018-10-08 17:18:35 - [MESSAGE][WARNING] - Timeout '0' is invalid. Using default page load timeout: '4'

2018-10-08 17:18:37 - [MESSAGE][PASSED] - Tapped on element 'Object Repository/CommonScreenElements/Picture_ImageView'

2018-10-08 17:18:37 - [MESSAGE][WARNING] - Timeout '0' is invalid. Using default page load timeout: '4'

2018-10-08 17:18:38 - [MESSAGE][PASSED] - Element 'Object Repository/CommonScreenElements/Validate_CameraScreen' is exist

2018-10-08 17:18:38 - [MESSAGE][WARNING] - Timeout '0' is invalid. Using default page load timeout: '4'

2018-10-08 17:18:41 - [MESSAGE][PASSED] - Tapped on element 'Object Repository/CommonScreenElements/TakePictureButton'

2018-10-08 17:18:46 - [MESSAGE][PASSED] - Delayed 5 second(s)

2018-10-08 17:18:46 - [MESSAGE][WARNING] - Timeout '0' is invalid. Using default page load timeout: '4'

2018-10-08 17:18:47 - [MESSAGE][PASSED] - Tapped on element 'Object Repository/CommonScreenElements/DoneButton'

2018-10-08 17:18:47 - [MESSAGE][PASSED] - com.ct.qa.keywords.CommonKeywords.findPictureImageView is PASSED

2018-10-08 17:18:47 - [TEST_STEP][PASSED] - verifyElementText: Actual text and expected text of test object 'Object Repository/ShopOpen/RemainingCategories/Validate_ProductCategoryAssetScreen' are matched.

2018-10-08 17:18:48 - [MESSAGE][PASSED] - Actual text and expected text of test object 'Object Repository/ShopOpen/RemainingCategories/Validate_ProductCategoryAssetScreen' are matched.

2018-10-08 17:18:48 - [TEST_STEP][PASSED] - tap: Tapped on element 'Object Repository/ShopOpen/RemainingCategories/ProductCategoryAsset_BackButton'

2018-10-08 17:18:48 - [MESSAGE][WARNING] - Timeout '0' is invalid. Using default page load timeout: '4'

2018-10-08 17:18:49 - [MESSAGE][PASSED] - Tapped on element 'Object Repository/ShopOpen/RemainingCategories/ProductCategoryAsset_BackButton'

2018-10-08 17:18:49 - [TEST_STEP][PASSED] - verifyElementExist: Element 'Object Repository/ShopOpen/Validate_ShopCategoriesListScreen' is exist

2018-10-08 17:18:49 - [MESSAGE][WARNING] - Timeout '0' is invalid. Using default page load timeout: '4'

2018-10-08 17:18:50 - [MESSAGE][PASSED] - Element 'Object Repository/ShopOpen/Validate_ShopCategoriesListScreen' is exist

2018-10-08 17:18:50 - [MESSAGE][PASSED] - Call Test Case 'Test Cases/ShopOpen/RemainingCategories/VisitRemainingCategoriesWithDSA' successfully

2018-10-08 17:18:51 - [TEST_CASE][PASSED] - Test Cases/ShopOpen/RemainingCategories/VisitRemainingCategoriesWithDSA: Test Cases/ShopOpen/RemainingCategories/VisitRemainingCategoriesWithDSA

2018-10-08 17:18:51 - [TEST_STEP][PASSED] - verifyElementText: Actual text and expected text of test object 'Object Repository/ShopOpen/RemainingCategories/Validate_MainCategoryDetailScreen' are matched.

2018-10-08 17:18:52 - [MESSAGE][PASSED] - Actual text and expected text of test object 'Object Repository/ShopOpen/RemainingCategories/Validate_MainCategoryDetailScreen' are matched.

2018-10-08 17:18:52 - [TEST_STEP][PASSED] - tap: Tapped on element 'Object Repository/ShopOpen/RemainingCategories/DisplaySpaceAvailable'

2018-10-08 17:18:52 - [MESSAGE][WARNING] - Timeout '0' is invalid. Using default page load timeout: '4'

2018-10-08 17:18:53 - [MESSAGE][PASSED] - Tapped on element 'Object Repository/ShopOpen/RemainingCategories/DisplaySpaceAvailable'

2018-10-08 17:18:53 - [TEST_STEP][PASSED] - verifyElementText: Actual text and expected text of test object 'Object Repository/ShopOpen/RemainingCategories/Validate_ProductCategoryAssetScreen' are matched.

2018-10-08 17:18:55 - [MESSAGE][PASSED] - Actual text and expected text of test object 'Object Repository/ShopOpen/RemainingCategories/Validate_ProductCategoryAssetScreen' are matched.

2018-10-08 17:18:55 - [TEST_STEP][PASSED] - tap: Tapped on element 'Object Repository/ShopOpen/RemainingCategories/Facing'

2018-10-08 17:18:55 - [MESSAGE][WARNING] - Timeout '0' is invalid. Using default page load timeout: '4'

2018-10-08 17:18:55 - [MESSAGE][PASSED] - Tapped on element 'Object Repository/ShopOpen/RemainingCategories/Facing'

2018-10-08 17:18:55 - [TEST_STEP][PASSED] - verifyElementText: Actual text and expected text of test object 'Object Repository/ShopOpen/RemainingCategories/Validate_FacingScreen' are matched.

2018-10-08 17:18:57 - [MESSAGE][PASSED] - Actual text and expected text of test object 'Object Repository/ShopOpen/RemainingCategories/Validate_FacingScreen' are matched.

2018-10-08 17:18:57 - [TEST_STEP][PASSED] - com.ct.qa.keywords.ChannelProductsDataKeywords.visitChannelWiseProductsData: com.ct.qa.keywords.ChannelProductsDataKeywords.visitChannelWiseProductsData is PASSED

2018-10-08 17:19:01 - [MESSAGE][PASSED] - Keyboard is hidden

2018-10-08 17:19:04 - [MESSAGE][PASSED] - Keyboard is hidden

2018-10-08 17:19:07 - [MESSAGE][PASSED] - Keyboard is hidden

2018-10-08 17:19:10 - [MESSAGE][PASSED] - Keyboard is hidden

2018-10-08 17:19:13 - [MESSAGE][PASSED] - Keyboard is hidden

2018-10-08 17:19:16 - [MESSAGE][PASSED] - Keyboard is hidden

2018-10-08 17:19:18 - [MESSAGE][PASSED] - Swiped from 73,359 to 73,250

2018-10-08 17:19:22 - [MESSAGE][PASSED] - Keyboard is hidden

2018-10-08 17:19:23 - [MESSAGE][PASSED] - Swiped from 73,359 to 73,250

2018-10-08 17:19:27 - [MESSAGE][PASSED] - Keyboard is hidden

2018-10-08 17:19:28 - [MESSAGE][PASSED] - Swiped from 73,359 to 73,250

2018-10-08 17:19:32 - [MESSAGE][PASSED] - Keyboard is hidden

2018-10-08 17:19:33 - [MESSAGE][PASSED] - Swiped from 73,359 to 73,250

2018-10-08 17:19:37 - [MESSAGE][PASSED] - Keyboard is hidden

2018-10-08 17:19:38 - [MESSAGE][PASSED] - Swiped from 73,359 to 73,250

2018-10-08 17:19:42 - [MESSAGE][PASSED] - Keyboard is hidden

2018-10-08 17:19:43 - [MESSAGE][PASSED] - Swiped from 73,359 to 73,250

2018-10-08 17:19:44 - [MESSAGE][PASSED] - com.ct.qa.keywords.ChannelProductsDataKeywords.visitChannelWiseProductsData is PASSED

2018-10-08 17:19:44 - [TEST_STEP][PASSED] - tap: Tapped on element 'Object Repository/ShopOpen/RemainingCategories/SubmitButton'

2018-10-08 17:19:44 - [MESSAGE][WARNING] - Timeout '0' is invalid. Using default page load timeout: '4'

2018-10-08 17:19:45 - [MESSAGE][PASSED] - Tapped on element 'Object Repository/ShopOpen/RemainingCategories/SubmitButton'

2018-10-08 17:19:45 - [TEST_STEP][PASSED] - verifyElementText: Actual text and expected text of test object 'Object Repository/ShopOpen/RemainingCategories/Validate_ProductCategoryAssetScreen' are matched.

2018-10-08 17:19:46 - [MESSAGE][PASSED] - Actual text and expected text of test object 'Object Repository/ShopOpen/RemainingCategories/Validate_ProductCategoryAssetScreen' are matched.

2018-10-08 17:19:46 - [TEST_STEP][PASSED] - tap: Tapped on element 'Object Repository/ShopOpen/RemainingCategories/StockTaking'

2018-10-08 17:19:46 - [MESSAGE][WARNING] - Timeout '0' is invalid. Using default page load timeout: '4'

2018-10-08 17:19:47 - [MESSAGE][PASSED] - Tapped on element 'Object Repository/ShopOpen/RemainingCategories/StockTaking'

2018-10-08 17:19:47 - [TEST_STEP][PASSED] - verifyElementText: Actual text and expected text of test object 'Object Repository/ShopOpen/RemainingCategories/Validate_StockTakingScreen' are matched.

2018-10-08 17:19:48 - [MESSAGE][PASSED] - Actual text and expected text of test object 'Object Repository/ShopOpen/RemainingCategories/Validate_StockTakingScreen' are matched.

2018-10-08 17:19:48 - [TEST_STEP][PASSED] - com.ct.qa.keywords.ChannelProductsDataKeywords.visitChannelWiseProductsData: com.ct.qa.keywords.ChannelProductsDataKeywords.visitChannelWiseProductsData is PASSED

2018-10-08 17:19:53 - [MESSAGE][PASSED] - Keyboard is hidden

2018-10-08 17:19:56 - [MESSAGE][PASSED] - Keyboard is hidden

2018-10-08 17:19:59 - [MESSAGE][PASSED] - Keyboard is hidden

2018-10-08 17:20:02 - [MESSAGE][PASSED] - Keyboard is hidden

2018-10-08 17:20:05 - [MESSAGE][PASSED] - Keyboard is hidden

2018-10-08 17:20:08 - [MESSAGE][PASSED] - Keyboard is hidden

2018-10-08 17:20:11 - [MESSAGE][PASSED] - Swiped from 73,359 to 73,250

2018-10-08 17:20:15 - [MESSAGE][PASSED] - Keyboard is hidden

2018-10-08 17:20:16 - [MESSAGE][PASSED] - Swiped from 73,359 to 73,250

2018-10-08 17:20:20 - [MESSAGE][PASSED] - Keyboard is hidden

2018-10-08 17:20:21 - [MESSAGE][PASSED] - Swiped from 73,359 to 73,250

2018-10-08 17:20:25 - [MESSAGE][PASSED] - Keyboard is hidden

2018-10-08 17:20:26 - [MESSAGE][PASSED] - Swiped from 73,359 to 73,250

2018-10-08 17:20:30 - [MESSAGE][PASSED] - Keyboard is hidden

2018-10-08 17:20:31 - [MESSAGE][PASSED] - Swiped from 73,359 to 73,250

2018-10-08 17:20:35 - [MESSAGE][PASSED] - Keyboard is hidden

2018-10-08 17:20:36 - [MESSAGE][PASSED] - Swiped from 73,359 to 73,250

2018-10-08 17:20:37 - [MESSAGE][PASSED] - com.ct.qa.keywords.ChannelProductsDataKeywords.visitChannelWiseProductsData is PASSED

2018-10-08 17:20:37 - [TEST_STEP][PASSED] - tap: Tapped on element 'Object Repository/ShopOpen/RemainingCategories/SubmitButton'

2018-10-08 17:20:37 - [MESSAGE][WARNING] - Timeout '0' is invalid. Using default page load timeout: '4'

2018-10-08 17:20:38 - [MESSAGE][PASSED] - Tapped on element 'Object Repository/ShopOpen/RemainingCategories/SubmitButton'

2018-10-08 17:20:38 - [TEST_STEP][PASSED] - verifyElementText: Actual text and expected text of test object 'Object Repository/ShopOpen/RemainingCategories/Validate_ProductCategoryAssetScreen' are matched.

2018-10-08 17:20:39 - [MESSAGE][PASSED] - Actual text and expected text of test object 'Object Repository/ShopOpen/RemainingCategories/Validate_ProductCategoryAssetScreen' are matched.

2018-10-08 17:20:39 - [TEST_STEP][PASSED] - tap: Tapped on element 'Object Repository/ShopOpen/RemainingCategories/planogram_ImageView'

2018-10-08 17:20:39 - [MESSAGE][WARNING] - Timeout '0' is invalid. Using default page load timeout: '4'

2018-10-08 17:20:40 - [MESSAGE][PASSED] - Tapped on element 'Object Repository/ShopOpen/RemainingCategories/planogram_ImageView'

2018-10-08 17:20:40 - [TEST_STEP][PASSED] - com.ct.qa.keywords.CommonKeywords.checkPlanogramAvailability: com.ct.qa.keywords.CommonKeywords.checkPlanogramAvailability is PASSED

2018-10-08 17:20:40 - [MESSAGE][WARNING] - Timeout '0' is invalid. Using default page load timeout: '4'

2018-10-08 17:20:45 - [MESSAGE][WARNING] - Object Object Repository/CommonScreenElements/InfoPopUp_OKButton not found
[[ATTACHMENT|F:\\Git Projects\\MMAPlus_Merchandising\\MMAPlus_Merchandising\\Reports\\MMA Plus Merchandising With Chiller Wise Data Verification\\20181008_171154\\1539001244274.png]]

2018-10-08 17:20:45 - [MESSAGE][PASSED] - com.ct.qa.keywords.CommonKeywords.checkPlanogramAvailability is PASSED

2018-10-08 17:20:45 - [TEST_STEP][PASSED] - com.ct.qa.keywords.CommonKeywords.closePlanogram: com.ct.qa.keywords.CommonKeywords.closePlanogram is PASSED

2018-10-08 17:20:46 - [MESSAGE][PASSED] - com.ct.qa.keywords.CommonKeywords.closePlanogram is PASSED

2018-10-08 17:20:46 - [TEST_STEP][PASSED] - verifyElementText: Actual text and expected text of test object 'Object Repository/ShopOpen/RemainingCategories/Validate_ProductCategoryAssetScreen' are matched.

2018-10-08 17:20:47 - [MESSAGE][PASSED] - Actual text and expected text of test object 'Object Repository/ShopOpen/RemainingCategories/Validate_ProductCategoryAssetScreen' are matched.

2018-10-08 17:20:47 - [TEST_STEP][PASSED] - com.ct.qa.keywords.CommonKeywords.findPictureImageView: com.ct.qa.keywords.CommonKeywords.findPictureImageView is PASSED

2018-10-08 17:20:47 - [MESSAGE][WARNING] - Timeout '0' is invalid. Using default page load timeout: '4'

2018-10-08 17:20:49 - [MESSAGE][PASSED] - Tapped on element 'Object Repository/CommonScreenElements/Picture_ImageView'

2018-10-08 17:20:49 - [MESSAGE][WARNING] - Timeout '0' is invalid. Using default page load timeout: '4'

2018-10-08 17:20:50 - [MESSAGE][PASSED] - Element 'Object Repository/CommonScreenElements/Validate_CameraScreen' is exist

2018-10-08 17:20:50 - [MESSAGE][WARNING] - Timeout '0' is invalid. Using default page load timeout: '4'

2018-10-08 17:20:53 - [MESSAGE][PASSED] - Tapped on element 'Object Repository/CommonScreenElements/TakePictureButton'

2018-10-08 17:20:58 - [MESSAGE][PASSED] - Delayed 5 second(s)

2018-10-08 17:20:58 - [MESSAGE][WARNING] - Timeout '0' is invalid. Using default page load timeout: '4'

2018-10-08 17:20:59 - [MESSAGE][PASSED] - Tapped on element 'Object Repository/CommonScreenElements/DoneButton'

2018-10-08 17:20:59 - [MESSAGE][PASSED] - com.ct.qa.keywords.CommonKeywords.findPictureImageView is PASSED

2018-10-08 17:20:59 - [TEST_STEP][PASSED] - verifyElementText: Actual text and expected text of test object 'Object Repository/ShopOpen/RemainingCategories/Validate_ProductCategoryAssetScreen' are matched.

2018-10-08 17:21:00 - [MESSAGE][PASSED] - Actual text and expected text of test object 'Object Repository/ShopOpen/RemainingCategories/Validate_ProductCategoryAssetScreen' are matched.

2018-10-08 17:21:00 - [TEST_STEP][PASSED] - tap: Tapped on element 'Object Repository/ShopOpen/RemainingCategories/ProductCategoryAsset_BackButton'

2018-10-08 17:21:00 - [MESSAGE][WARNING] - Timeout '0' is invalid. Using default page load timeout: '4'

2018-10-08 17:21:00 - [MESSAGE][PASSED] - Tapped on element 'Object Repository/ShopOpen/RemainingCategories/ProductCategoryAsset_BackButton'

2018-10-08 17:21:00 - [TEST_STEP][PASSED] - verifyElementExist: Element 'Object Repository/ShopOpen/Validate_ShopCategoriesListScreen' is exist

2018-10-08 17:21:00 - [MESSAGE][WARNING] - Timeout '0' is invalid. Using default page load timeout: '4'

2018-10-08 17:21:02 - [MESSAGE][PASSED] - Element 'Object Repository/ShopOpen/Validate_ShopCategoriesListScreen' is exist

2018-10-08 17:21:02 - [MESSAGE][PASSED] - Call Test Case 'Test Cases/ShopOpen/RemainingCategories/VisitRemainingCategoriesWithDSA' successfully

2018-10-08 17:21:04 - [MESSAGE][PASSED] - Swiped from 0,293 to 0,200

2018-10-08 17:21:06 - [TEST_CASE][PASSED] - Test Cases/ShopOpen/RTMVisitFrequency/VisitRTMVisitFrequency: Test Cases/ShopOpen/RTMVisitFrequency/VisitRTMVisitFrequency

2018-10-08 17:21:07 - [TEST_STEP][PASSED] - verifyElementText: Actual text and expected text of test object 'Object Repository/ShopOpen/RTMVisitFrequency/Validate_RTMVisitFrequencyScreen' are matched.

2018-10-08 17:21:08 - [MESSAGE][PASSED] - Actual text and expected text of test object 'Object Repository/ShopOpen/RTMVisitFrequency/Validate_RTMVisitFrequencyScreen' are matched.

2018-10-08 17:21:08 - [TEST_STEP][PASSED] - com.ct.qa.keywords.RTMVisitFrequencyKeywords.visitRTMVisitFrequency: com.ct.qa.keywords.RTMVisitFrequencyKeywords.visitRTMVisitFrequency is PASSED

2018-10-08 17:21:08 - [MESSAGE][WARNING] - Timeout '0' is invalid. Using default page load timeout: '4'

2018-10-08 17:21:10 - [MESSAGE][PASSED] - Element 'Object Repository/ShopOpen/RTMVisitFrequency/Validate_RTMVisitFrequencyRemarks' is exist

2018-10-08 17:21:10 - [MESSAGE][WARNING] - Timeout '0' is invalid. Using default page load timeout: '4'

2018-10-08 17:21:10 - [MESSAGE][PASSED] - Tapped on element 'Object Repository/ShopOpen/RTMVisitFrequency/OnceAWeek'

2018-10-08 17:21:11 - [MESSAGE][WARNING] - Timeout '0' is invalid. Using default page load timeout: '4'

2018-10-08 17:21:12 - [MESSAGE][PASSED] - Element 'Object Repository/ShopOpen/RTMVisitFrequency/Validate_RTMVisitFrequencyRemarks' is exist

2018-10-08 17:21:12 - [MESSAGE][WARNING] - Timeout '0' is invalid. Using default page load timeout: '4'

2018-10-08 17:21:13 - [MESSAGE][PASSED] - Tapped on element 'Object Repository/ShopOpen/RTMVisitFrequency/OnceAWeek'

2018-10-08 17:21:14 - [MESSAGE][WARNING] - Timeout '0' is invalid. Using default page load timeout: '4'

2018-10-08 17:21:15 - [MESSAGE][PASSED] - Element 'Object Repository/ShopOpen/RTMVisitFrequency/Validate_RTMVisitFrequencyRemarks' is exist

2018-10-08 17:21:15 - [MESSAGE][WARNING] - Timeout '0' is invalid. Using default page load timeout: '4'

2018-10-08 17:21:16 - [MESSAGE][PASSED] - Tapped on element 'Object Repository/ShopOpen/RTMVisitFrequency/OnceAWeek'

2018-10-08 17:21:17 - [MESSAGE][WARNING] - Timeout '0' is invalid. Using default page load timeout: '4'

2018-10-08 17:21:18 - [MESSAGE][PASSED] - Element 'Object Repository/ShopOpen/RTMVisitFrequency/Validate_RTMVisitFrequencyRemarks' is exist

2018-10-08 17:21:18 - [MESSAGE][WARNING] - Timeout '0' is invalid. Using default page load timeout: '4'

2018-10-08 17:21:19 - [MESSAGE][PASSED] - Tapped on element 'Object Repository/ShopOpen/RTMVisitFrequency/OnceAWeek'

2018-10-08 17:21:19 - [MESSAGE][PASSED] - com.ct.qa.keywords.RTMVisitFrequencyKeywords.visitRTMVisitFrequency is PASSED

2018-10-08 17:21:19 - [TEST_STEP][PASSED] - tap: Tapped on element 'Object Repository/ShopOpen/RTMVisitFrequency/BackButton'

2018-10-08 17:21:19 - [MESSAGE][WARNING] - Timeout '0' is invalid. Using default page load timeout: '4'

2018-10-08 17:21:20 - [MESSAGE][PASSED] - Tapped on element 'Object Repository/ShopOpen/RTMVisitFrequency/BackButton'

2018-10-08 17:21:20 - [TEST_STEP][PASSED] - verifyElementExist: Element 'Object Repository/ShopOpen/Validate_ShopCategoriesListScreen' is exist

2018-10-08 17:21:20 - [MESSAGE][WARNING] - Timeout '0' is invalid. Using default page load timeout: '4'

2018-10-08 17:21:21 - [MESSAGE][PASSED] - Element 'Object Repository/ShopOpen/Validate_ShopCategoriesListScreen' is exist

2018-10-08 17:21:21 - [MESSAGE][PASSED] - Call Test Case 'Test Cases/ShopOpen/RTMVisitFrequency/VisitRTMVisitFrequency' successfully

2018-10-08 17:21:22 - [MESSAGE][PASSED] - Swiped from 0,293 to 0,200

2018-10-08 17:21:25 - [MESSAGE][PASSED] - Swiped from 0,293 to 0,200

2018-10-08 17:21:28 - [TEST_CASE][PASSED] - Test Cases/ShopOpen/HangerAvailability/VisitHangerAvailability: Test Cases/ShopOpen/HangerAvailability/VisitHangerAvailability

2018-10-08 17:21:28 - [TEST_STEP][PASSED] - verifyElementText: Actual text and expected text of test object 'Object Repository/ShopOpen/HangerAvailability/Validate_HangerAvailabilityScreen' are matched.

2018-10-08 17:21:29 - [MESSAGE][PASSED] - Actual text and expected text of test object 'Object Repository/ShopOpen/HangerAvailability/Validate_HangerAvailabilityScreen' are matched.

2018-10-08 17:21:29 - [TEST_STEP][PASSED] - tap: Tapped on element 'Object Repository/ShopOpen/HangerAvailability/HangerAvailability_Yes'

2018-10-08 17:21:29 - [MESSAGE][WARNING] - Timeout '0' is invalid. Using default page load timeout: '4'

2018-10-08 17:21:30 - [MESSAGE][PASSED] - Tapped on element 'Object Repository/ShopOpen/HangerAvailability/HangerAvailability_Yes'

2018-10-08 17:21:30 - [TEST_STEP][PASSED] - tap: Tapped on element 'Object Repository/ShopOpen/HangerAvailability/HangerAvailability_BackButton'

2018-10-08 17:21:30 - [MESSAGE][WARNING] - Timeout '0' is invalid. Using default page load timeout: '4'

2018-10-08 17:21:31 - [MESSAGE][PASSED] - Tapped on element 'Object Repository/ShopOpen/HangerAvailability/HangerAvailability_BackButton'

2018-10-08 17:21:31 - [TEST_STEP][PASSED] - verifyElementExist: Element 'Object Repository/ShopOpen/Validate_ShopCategoriesListScreen' is exist

2018-10-08 17:21:31 - [MESSAGE][WARNING] - Timeout '0' is invalid. Using default page load timeout: '4'

2018-10-08 17:21:32 - [MESSAGE][PASSED] - Element 'Object Repository/ShopOpen/Validate_ShopCategoriesListScreen' is exist

2018-10-08 17:21:32 - [MESSAGE][PASSED] - Call Test Case 'Test Cases/ShopOpen/HangerAvailability/VisitHangerAvailability' successfully

2018-10-08 17:21:33 - [MESSAGE][PASSED] - Swiped from 0,293 to 0,200

2018-10-08 17:21:35 - [MESSAGE][PASSED] - Swiped from 0,293 to 0,200

2018-10-08 17:21:38 - [MESSAGE][PASSED] - Swiped from 0,293 to 0,200

2018-10-08 17:21:41 - [TEST_CASE][PASSED] - Test Cases/ShopOpen/POPApplication/OverwritePOPApplication: Test Cases/ShopOpen/POPApplication/OverwritePOPApplication

2018-10-08 17:21:41 - [TEST_STEP][PASSED] - verifyElementText: Actual text and expected text of test object 'Object Repository/ShopOpen/POPApplication/Validate_POPApplicationDetailScreen' are matched.

2018-10-08 17:21:42 - [MESSAGE][PASSED] - Actual text and expected text of test object 'Object Repository/ShopOpen/POPApplication/Validate_POPApplicationDetailScreen' are matched.

2018-10-08 17:21:42 - [TEST_STEP][PASSED] - tap: Tapped on element 'Object Repository/ShopOpen/POPApplication/POPDeployment_No'

2018-10-08 17:21:42 - [MESSAGE][WARNING] - Timeout '0' is invalid. Using default page load timeout: '4'

2018-10-08 17:21:43 - [MESSAGE][PASSED] - Tapped on element 'Object Repository/ShopOpen/POPApplication/POPDeployment_No'

2018-10-08 17:21:43 - [TEST_STEP][PASSED] - pressBack: Press back button successfully

2018-10-08 17:21:43 - [MESSAGE][PASSED] - Press back button successfully

2018-10-08 17:21:43 - [TEST_STEP][PASSED] - verifyElementExist: Element 'Object Repository/ShopOpen/Validate_ShopCategoriesListScreen' is exist

2018-10-08 17:21:43 - [MESSAGE][WARNING] - Timeout '0' is invalid. Using default page load timeout: '4'

2018-10-08 17:21:45 - [MESSAGE][PASSED] - Element 'Object Repository/ShopOpen/Validate_ShopCategoriesListScreen' is exist

2018-10-08 17:21:45 - [MESSAGE][PASSED] - Call Test Case 'Test Cases/ShopOpen/POPApplication/OverwritePOPApplication' successfully

2018-10-08 17:21:45 - [MESSAGE][PASSED] - Swiped from 0,293 to 0,200

2018-10-08 17:21:47 - [MESSAGE][PASSED] - Swiped from 0,293 to 0,200

2018-10-08 17:21:50 - [MESSAGE][PASSED] - Swiped from 0,293 to 0,200

2018-10-08 17:21:53 - [MESSAGE][PASSED] - Swiped from 0,293 to 0,200

2018-10-08 17:21:55 - [TEST_CASE][PASSED] - Test Cases/ShopOpen/RetailerRemarks/VisitRetailerRemarks: Test Cases/ShopOpen/RetailerRemarks/VisitRetailerRemarks

2018-10-08 17:21:55 - [TEST_STEP][PASSED] - verifyElementText: Actual text and expected text of test object 'Object Repository/ShopOpen/RetailerRemarks/Validate_RetailerRemarksScreen' are matched.

2018-10-08 17:21:57 - [MESSAGE][PASSED] - Actual text and expected text of test object 'Object Repository/ShopOpen/RetailerRemarks/Validate_RetailerRemarksScreen' are matched.

2018-10-08 17:21:57 - [TEST_STEP][PASSED] - com.ct.qa.keywords.RetailerRemarksKeywords.visitRetailerRemarks: com.ct.qa.keywords.RetailerRemarksKeywords.visitRetailerRemarks is PASSED

2018-10-08 17:21:57 - [MESSAGE][WARNING] - Timeout '0' is invalid. Using default page load timeout: '4'

2018-10-08 17:21:59 - [MESSAGE][PASSED] - Element 'Object Repository/ShopOpen/RetailerRemarks/OBNotVisiting' is exist

2018-10-08 17:21:59 - [MESSAGE][WARNING] - Timeout '0' is invalid. Using default page load timeout: '4'

2018-10-08 17:21:59 - [MESSAGE][PASSED] - Tapped on element 'Object Repository/ShopOpen/RetailerRemarks/OBNotVisiting'

2018-10-08 17:21:59 - [MESSAGE][PASSED] - Press back button successfully

2018-10-08 17:22:01 - [MESSAGE][PASSED] - Actual text and expected text of test object 'Object Repository/ShopOpen/RetailerRemarks/Validate_RetailerRemarksScreen' are matched.

2018-10-08 17:22:01 - [MESSAGE][WARNING] - Timeout '0' is invalid. Using default page load timeout: '4'

2018-10-08 17:22:02 - [MESSAGE][PASSED] - Element 'Object Repository/ShopOpen/RetailerRemarks/OBNotVisiting' is exist

2018-10-08 17:22:02 - [MESSAGE][WARNING] - Timeout '0' is invalid. Using default page load timeout: '4'

2018-10-08 17:22:03 - [MESSAGE][PASSED] - Tapped on element 'Object Repository/ShopOpen/RetailerRemarks/OBNotVisiting'

2018-10-08 17:22:04 - [MESSAGE][PASSED] - Press back button successfully

2018-10-08 17:22:04 - [MESSAGE][PASSED] - Actual text and expected text of test object 'Object Repository/ShopOpen/RetailerRemarks/Validate_RetailerRemarksScreen' are matched.

2018-10-08 17:22:05 - [MESSAGE][WARNING] - Timeout '0' is invalid. Using default page load timeout: '4'

2018-10-08 17:22:06 - [MESSAGE][PASSED] - Element 'Object Repository/ShopOpen/RetailerRemarks/OBNotVisiting' is exist

2018-10-08 17:22:06 - [MESSAGE][WARNING] - Timeout '0' is invalid. Using default page load timeout: '4'

2018-10-08 17:22:07 - [MESSAGE][PASSED] - Tapped on element 'Object Repository/ShopOpen/RetailerRemarks/OBNotVisiting'

2018-10-08 17:22:07 - [MESSAGE][PASSED] - Press back button successfully

2018-10-08 17:22:08 - [MESSAGE][PASSED] - Actual text and expected text of test object 'Object Repository/ShopOpen/RetailerRemarks/Validate_RetailerRemarksScreen' are matched.

2018-10-08 17:22:08 - [MESSAGE][PASSED] - com.ct.qa.keywords.RetailerRemarksKeywords.visitRetailerRemarks is PASSED

2018-10-08 17:22:08 - [TEST_STEP][PASSED] - tap: Tapped on element 'Object Repository/ShopOpen/RetailerRemarks/BackButton'

2018-10-08 17:22:08 - [MESSAGE][WARNING] - Timeout '0' is invalid. Using default page load timeout: '4'

2018-10-08 17:22:09 - [MESSAGE][PASSED] - Tapped on element 'Object Repository/ShopOpen/RetailerRemarks/BackButton'

2018-10-08 17:22:09 - [TEST_STEP][PASSED] - verifyElementExist: Element 'Object Repository/ShopOpen/Validate_ShopCategoriesListScreen' is exist

2018-10-08 17:22:09 - [MESSAGE][WARNING] - Timeout '0' is invalid. Using default page load timeout: '4'

2018-10-08 17:22:10 - [MESSAGE][PASSED] - Element 'Object Repository/ShopOpen/Validate_ShopCategoriesListScreen' is exist

2018-10-08 17:22:10 - [MESSAGE][PASSED] - Call Test Case 'Test Cases/ShopOpen/RetailerRemarks/VisitRetailerRemarks' successfully

2018-10-08 17:22:11 - [MESSAGE][PASSED] - Swiped from 0,293 to 0,200

2018-10-08 17:22:13 - [MESSAGE][PASSED] - Swiped from 0,293 to 0,200

2018-10-08 17:22:15 - [MESSAGE][PASSED] - Swiped from 0,293 to 0,200

2018-10-08 17:22:17 - [MESSAGE][PASSED] - Swiped from 0,293 to 0,200

2018-10-08 17:22:20 - [MESSAGE][PASSED] - Swiped from 0,293 to 0,200

2018-10-08 17:22:23 - [TEST_CASE][PASSED] - Test Cases/ShopOpen/AdditionalPicture/VisitAdditionalPicture: Test Cases/ShopOpen/AdditionalPicture/VisitAdditionalPicture

2018-10-08 17:22:23 - [TEST_STEP][PASSED] - verifyElementText: Actual text and expected text of test object 'Object Repository/ShopOpen/AdditionalPicture/Validate_AdditionalPictureScreen' are matched.

2018-10-08 17:22:24 - [MESSAGE][PASSED] - Actual text and expected text of test object 'Object Repository/ShopOpen/AdditionalPicture/Validate_AdditionalPictureScreen' are matched.

2018-10-08 17:22:24 - [TEST_STEP][PASSED] - com.ct.qa.keywords.AdditionalPictureKeywords.takeMendatoryImages: com.ct.qa.keywords.AdditionalPictureKeywords.takeMendatoryImages is PASSED

2018-10-08 17:22:26 - [MESSAGE][WARNING] - Timeout '0' is invalid. Using default page load timeout: '4'

2018-10-08 17:22:28 - [MESSAGE][PASSED] - Element 'Object Repository/CommonScreenElements/Validate_CameraScreen' is exist

2018-10-08 17:22:28 - [MESSAGE][WARNING] - Timeout '0' is invalid. Using default page load timeout: '4'

2018-10-08 17:22:29 - [MESSAGE][PASSED] - Tapped on element 'Object Repository/CommonScreenElements/TakePictureButton'

2018-10-08 17:22:34 - [MESSAGE][PASSED] - Delayed 5 second(s)

2018-10-08 17:22:34 - [MESSAGE][WARNING] - Timeout '0' is invalid. Using default page load timeout: '4'

2018-10-08 17:22:35 - [MESSAGE][PASSED] - Tapped on element 'Object Repository/CommonScreenElements/DoneButton'

2018-10-08 17:22:35 - [MESSAGE][PASSED] - com.ct.qa.keywords.AdditionalPictureKeywords.takeMendatoryImages is PASSED

2018-10-08 17:22:35 - [TEST_STEP][PASSED] - pressBack: Press back button successfully

2018-10-08 17:22:37 - [MESSAGE][PASSED] - Press back button successfully

2018-10-08 17:22:37 - [TEST_STEP][PASSED] - verifyElementExist: Element 'Object Repository/ShopOpen/Validate_ShopCategoriesListScreen' is exist

2018-10-08 17:22:37 - [MESSAGE][WARNING] - Timeout '0' is invalid. Using default page load timeout: '4'

2018-10-08 17:22:38 - [MESSAGE][PASSED] - Element 'Object Repository/ShopOpen/Validate_ShopCategoriesListScreen' is exist

2018-10-08 17:22:38 - [MESSAGE][PASSED] - Call Test Case 'Test Cases/ShopOpen/AdditionalPicture/VisitAdditionalPicture' successfully

2018-10-08 17:22:39 - [MESSAGE][PASSED] - Swiped from 0,293 to 0,200

2018-10-08 17:22:41 - [MESSAGE][PASSED] - Swiped from 0,293 to 0,200

2018-10-08 17:22:44 - [MESSAGE][PASSED] - Swiped from 0,293 to 0,200

2018-10-08 17:22:45 - [MESSAGE][PASSED] - Swiped from 0,293 to 0,200

2018-10-08 17:22:47 - [MESSAGE][PASSED] - Swiped from 0,293 to 0,200

2018-10-08 17:22:50 - [MESSAGE][PASSED] - Swiped from 0,293 to 0,200

2018-10-08 17:22:52 - [MESSAGE][PASSED] - com.ct.qa.keywords.CategoryVisitingScenariosKeywords.visitShopCategoriesWithDataVerification is PASSED

2018-10-08 17:22:52 - [MESSAGE][PASSED] - Call Test Case 'Test Cases/ShopOpen/VisitCategoryScenarios/VisitShopCategoriesWithDataVerification' successfully

2018-10-08 17:22:52 - [TEST_CASE][PASSED] - Test Cases/ShopOpen/SaveShop: Test Cases/ShopOpen/SaveShop

2018-10-08 17:22:52 - [TEST_STEP][PASSED] - tap: Tapped on element 'Object Repository/ShopOpen/SubmitButtonToSaveShop'

2018-10-08 17:22:52 - [MESSAGE][WARNING] - Timeout '0' is invalid. Using default page load timeout: '4'

2018-10-08 17:22:53 - [MESSAGE][PASSED] - Tapped on element 'Object Repository/ShopOpen/SubmitButtonToSaveShop'

2018-10-08 17:22:53 - [TEST_STEP][PASSED] - verifyElementExist: Element 'Object Repository/CommonScreenElements/Validate_InfoPopUP' is exist

2018-10-08 17:22:53 - [MESSAGE][WARNING] - Timeout '0' is invalid. Using default page load timeout: '4'

2018-10-08 17:22:54 - [MESSAGE][PASSED] - Element 'Object Repository/CommonScreenElements/Validate_InfoPopUP' is exist

2018-10-08 17:22:54 - [TEST_STEP][PASSED] - tap: Tapped on element 'Object Repository/CommonScreenElements/InfoPopUp_YesButton'

2018-10-08 17:22:54 - [MESSAGE][WARNING] - Timeout '0' is invalid. Using default page load timeout: '4'

2018-10-08 17:22:59 - [MESSAGE][PASSED] - Tapped on element 'Object Repository/CommonScreenElements/InfoPopUp_YesButton'

2018-10-08 17:22:59 - [TEST_STEP][PASSED] - verifyElementText: Actual text and expected text of test object 'Object Repository/Validate_ShopListScreen' are matched.

2018-10-08 17:23:00 - [MESSAGE][PASSED] - Actual text and expected text of test object 'Object Repository/Validate_ShopListScreen' are matched.

2018-10-08 17:23:00 - [MESSAGE][PASSED] - Call Test Case 'Test Cases/ShopOpen/SaveShop' successfully

2018-10-08 17:23:00 - [MESSAGE][WARNING] - Timeout '0' is invalid. Using default page load timeout: '4'

2018-10-08 17:23:00 - [MESSAGE][PASSED] - Element 'Object Repository/Validate_ShopListScreen' is exist

2018-10-08 17:23:02 - [MESSAGE][PASSED] - Actual text and expected text of test object 'Object Repository/Validate_ShopOptionsScreen' are matched.

2018-10-08 17:23:02 - [MESSAGE][WARNING] - Timeout '0' is invalid. Using default page load timeout: '4'

2018-10-08 17:23:03 - [MESSAGE][PASSED] - Tapped on element 'Object Repository/StartWorking'

2018-10-08 17:23:18 - [MESSAGE][PASSED] - Delayed 15 second(s)

2018-10-08 17:23:19 - [MESSAGE][PASSED] - Element 'Object Repository/CommonScreenElements/Validate_MapScreen' is exist

2018-10-08 17:23:19 - [MESSAGE][WARNING] - Timeout '0' is invalid. Using default page load timeout: '4'

2018-10-08 17:23:19 - [MESSAGE][PASSED] - Tapped on element 'Object Repository/CommonScreenElements/Location_CheckIn'

2018-10-08 17:23:19 - [MESSAGE][WARNING] - Timeout '0' is invalid. Using default page load timeout: '4'

2018-10-08 17:23:21 - [MESSAGE][PASSED] - Element 'Object Repository/CommonScreenElements/Validate_InfoPopUP' is exist

2018-10-08 17:23:21 - [MESSAGE][WARNING] - Timeout '0' is invalid. Using default page load timeout: '4'

2018-10-08 17:23:21 - [MESSAGE][PASSED] - Tapped on element 'Object Repository/CommonScreenElements/InfoPopUp_NoButton'

2018-10-08 17:23:21 - [TEST_CASE][PASSED] - Test Cases/ShopOpen/VisitShopOpen: Test Cases/ShopOpen/VisitShopOpen

2018-10-08 17:23:21 - [TEST_STEP][PASSED] - verifyElementExist: Element 'Object Repository/ShopActions_List' is exist

2018-10-08 17:23:21 - [MESSAGE][WARNING] - Timeout '0' is invalid. Using default page load timeout: '4'

2018-10-08 17:23:22 - [MESSAGE][PASSED] - Element 'Object Repository/ShopActions_List' is exist

2018-10-08 17:23:22 - [TEST_STEP][PASSED] - tap: Tapped on element 'Object Repository/ShopOpen/ShopOpen'

2018-10-08 17:23:22 - [MESSAGE][WARNING] - Timeout '0' is invalid. Using default page load timeout: '4'

2018-10-08 17:23:24 - [MESSAGE][PASSED] - Tapped on element 'Object Repository/ShopOpen/ShopOpen'

2018-10-08 17:23:24 - [TEST_STEP][PASSED] - verifyElementExist: Element 'Object Repository/CommonScreenElements/Validate_CameraScreen' is exist

2018-10-08 17:23:24 - [MESSAGE][WARNING] - Timeout '0' is invalid. Using default page load timeout: '4'

2018-10-08 17:23:25 - [MESSAGE][PASSED] - Element 'Object Repository/CommonScreenElements/Validate_CameraScreen' is exist

2018-10-08 17:23:25 - [TEST_STEP][PASSED] - tap: Tapped on element 'Object Repository/CommonScreenElements/TakePictureButton'

2018-10-08 17:23:25 - [MESSAGE][WARNING] - Timeout '0' is invalid. Using default page load timeout: '4'

2018-10-08 17:23:28 - [MESSAGE][PASSED] - Tapped on element 'Object Repository/CommonScreenElements/TakePictureButton'

2018-10-08 17:23:28 - [TEST_STEP][PASSED] - delay: Delayed 5 second(s)

2018-10-08 17:23:33 - [MESSAGE][PASSED] - Delayed 5 second(s)

2018-10-08 17:23:33 - [TEST_STEP][PASSED] - tap: Tapped on element 'Object Repository/CommonScreenElements/DoneButton'

2018-10-08 17:23:33 - [MESSAGE][WARNING] - Timeout '0' is invalid. Using default page load timeout: '4'

2018-10-08 17:23:34 - [MESSAGE][PASSED] - Tapped on element 'Object Repository/CommonScreenElements/DoneButton'

2018-10-08 17:23:34 - [MESSAGE][PASSED] - Call Test Case 'Test Cases/ShopOpen/VisitShopOpen' successfully

2018-10-08 17:23:34 - [TEST_CASE][PASSED] - Test Cases/ShopOpen/VisitCategoryScenarios/VisitShopCategoriesWithDataVerification: Test Cases/ShopOpen/VisitCategoryScenarios/VisitShopCategoriesWithDataVerification

2018-10-08 17:23:34 - [TEST_STEP][PASSED] - verifyElementExist: Element 'Object Repository/ShopOpen/Validate_ShopCategoriesListScreen' is exist

2018-10-08 17:23:34 - [MESSAGE][WARNING] - Timeout '0' is invalid. Using default page load timeout: '4'

2018-10-08 17:23:36 - [MESSAGE][PASSED] - Element 'Object Repository/ShopOpen/Validate_ShopCategoriesListScreen' is exist

2018-10-08 17:23:36 - [TEST_STEP][PASSED] - com.ct.qa.keywords.CategoryVisitingScenariosKeywords.visitShopCategoriesWithDataVerification: com.ct.qa.keywords.CategoryVisitingScenariosKeywords.visitShopCategoriesWithDataVerification is PASSED

2018-10-08 17:23:41 - [MESSAGE][PASSED] - Swiped from 0,293 to 0,200

2018-10-08 17:23:44 - [MESSAGE][PASSED] - Swiped from 0,293 to 0,200

2018-10-08 17:23:47 - [MESSAGE][PASSED] - Swiped from 0,293 to 0,200

2018-10-08 17:23:50 - [MESSAGE][PASSED] - Swiped from 0,293 to 0,200

2018-10-08 17:23:53 - [MESSAGE][PASSED] - Swiped from 0,293 to 0,200

2018-10-08 17:23:56 - [MESSAGE][PASSED] - Swiped from 0,293 to 0,200

2018-10-08 17:23:58 - [MESSAGE][PASSED] - Swiped from 0,200 to 0,750

2018-10-08 17:23:59 - [MESSAGE][PASSED] - Swiped from 0,200 to 0,750

2018-10-08 17:24:01 - [TEST_CASE][PASSED] - Test Cases/ShopOpen/Chiller/VisitChillerWithChillerNotAllocated: Test Cases/ShopOpen/Chiller/VisitChillerWithChillerNotAllocated

2018-10-08 17:24:01 - [TEST_STEP][PASSED] - verifyElementText: Actual text and expected text of test object 'Object Repository/ShopOpen/Chiller/Validate_ChillerScreen' are matched.

2018-10-08 17:24:03 - [MESSAGE][PASSED] - Actual text and expected text of test object 'Object Repository/ShopOpen/Chiller/Validate_ChillerScreen' are matched.

2018-10-08 17:24:03 - [TEST_STEP][PASSED] - tap: Tapped on element 'Object Repository/ShopOpen/Chiller/ChillerNotAllocated'

2018-10-08 17:24:03 - [MESSAGE][WARNING] - Timeout '0' is invalid. Using default page load timeout: '4'

2018-10-08 17:24:03 - [MESSAGE][PASSED] - Tapped on element 'Object Repository/ShopOpen/Chiller/ChillerNotAllocated'

2018-10-08 17:24:03 - [TEST_STEP][PASSED] - verifyElementText: Actual text and expected text of test object 'Object Repository/ShopOpen/Chiller/Validate_ChillerNotAllocatedProductCategoryScreen' are matched.

2018-10-08 17:24:05 - [MESSAGE][PASSED] - Actual text and expected text of test object 'Object Repository/ShopOpen/Chiller/Validate_ChillerNotAllocatedProductCategoryScreen' are matched.

2018-10-08 17:24:05 - [TEST_STEP][PASSED] - com.ct.qa.keywords.ChannelProductsDataKeywords.visitChillerNotAllocatedProductCategories: com.ct.qa.keywords.ChannelProductsDataKeywords.visitChillerNotAllocatedProductCategories is PASSED

2018-10-08 17:24:06 - [TEST_CASE][PASSED] - Test Cases/ShopOpen/Chiller/VisitProductCategoryAssets: Test Cases/ShopOpen/Chiller/VisitProductCategoryAssets

2018-10-08 17:24:06 - [TEST_STEP][PASSED] - verifyElementText: Actual text and expected text of test object 'Object Repository/ShopOpen/Chiller/Validate_ProductCategoryAssetsScreen' are matched.

2018-10-08 17:24:08 - [MESSAGE][PASSED] - Actual text and expected text of test object 'Object Repository/ShopOpen/Chiller/Validate_ProductCategoryAssetsScreen' are matched.

2018-10-08 17:24:08 - [TEST_STEP][PASSED] - tap: Tapped on element 'Object Repository/ShopOpen/Chiller/Facing'

2018-10-08 17:24:08 - [MESSAGE][WARNING] - Timeout '0' is invalid. Using default page load timeout: '4'

2018-10-08 17:24:08 - [MESSAGE][PASSED] - Tapped on element 'Object Repository/ShopOpen/Chiller/Facing'

2018-10-08 17:24:08 - [TEST_STEP][PASSED] - verifyElementText: Actual text and expected text of test object 'Object Repository/ShopOpen/Chiller/Validate_FacingScreen' are matched.

2018-10-08 17:24:10 - [MESSAGE][PASSED] - Actual text and expected text of test object 'Object Repository/ShopOpen/Chiller/Validate_FacingScreen' are matched.

2018-10-08 17:24:10 - [TEST_STEP][PASSED] - com.ct.qa.keywords.ChannelProductsDataKeywords.visitChannelWiseProductsData: com.ct.qa.keywords.ChannelProductsDataKeywords.visitChannelWiseProductsData is PASSED

2018-10-08 17:24:13 - [MESSAGE][PASSED] - Keyboard is hidden

2018-10-08 17:24:16 - [MESSAGE][PASSED] - Keyboard is hidden

2018-10-08 17:24:17 - [MESSAGE][PASSED] - com.ct.qa.keywords.ChannelProductsDataKeywords.visitChannelWiseProductsData is PASSED

2018-10-08 17:24:17 - [TEST_STEP][PASSED] - tap: Tapped on element 'Object Repository/ShopOpen/Chiller/SubmitButton'

2018-10-08 17:24:17 - [MESSAGE][WARNING] - Timeout '0' is invalid. Using default page load timeout: '4'

2018-10-08 17:24:17 - [MESSAGE][PASSED] - Tapped on element 'Object Repository/ShopOpen/Chiller/SubmitButton'

2018-10-08 17:24:17 - [TEST_STEP][PASSED] - verifyElementText: Actual text and expected text of test object 'Object Repository/ShopOpen/Chiller/Validate_ProductCategoryAssetsScreen' are matched.

2018-10-08 17:24:18 - [MESSAGE][PASSED] - Actual text and expected text of test object 'Object Repository/ShopOpen/Chiller/Validate_ProductCategoryAssetsScreen' are matched.

2018-10-08 17:24:18 - [TEST_STEP][PASSED] - tap: Tapped on element 'Object Repository/ShopOpen/Chiller/StockTaking'

2018-10-08 17:24:18 - [MESSAGE][WARNING] - Timeout '0' is invalid. Using default page load timeout: '4'

2018-10-08 17:24:18 - [MESSAGE][PASSED] - Tapped on element 'Object Repository/ShopOpen/Chiller/StockTaking'

2018-10-08 17:24:18 - [TEST_STEP][PASSED] - verifyElementText: Actual text and expected text of test object 'Object Repository/ShopOpen/Chiller/Validate_StockTakingScreen' are matched.

2018-10-08 17:24:19 - [MESSAGE][PASSED] - Actual text and expected text of test object 'Object Repository/ShopOpen/Chiller/Validate_StockTakingScreen' are matched.

2018-10-08 17:24:19 - [TEST_STEP][PASSED] - com.ct.qa.keywords.ChannelProductsDataKeywords.visitChannelWiseProductsData: com.ct.qa.keywords.ChannelProductsDataKeywords.visitChannelWiseProductsData is PASSED

2018-10-08 17:24:23 - [MESSAGE][PASSED] - Keyboard is hidden

2018-10-08 17:24:26 - [MESSAGE][PASSED] - Keyboard is hidden

2018-10-08 17:24:27 - [MESSAGE][PASSED] - com.ct.qa.keywords.ChannelProductsDataKeywords.visitChannelWiseProductsData is PASSED

2018-10-08 17:24:27 - [TEST_STEP][PASSED] - tap: Tapped on element 'Object Repository/ShopOpen/Chiller/SubmitButton'

2018-10-08 17:24:27 - [MESSAGE][WARNING] - Timeout '0' is invalid. Using default page load timeout: '4'

2018-10-08 17:24:27 - [MESSAGE][PASSED] - Tapped on element 'Object Repository/ShopOpen/Chiller/SubmitButton'

2018-10-08 17:24:27 - [TEST_STEP][PASSED] - verifyElementText: Actual text and expected text of test object 'Object Repository/ShopOpen/Chiller/Validate_ProductCategoryAssetsScreen' are matched.

2018-10-08 17:24:28 - [MESSAGE][PASSED] - Actual text and expected text of test object 'Object Repository/ShopOpen/Chiller/Validate_ProductCategoryAssetsScreen' are matched.

2018-10-08 17:24:28 - [TEST_STEP][PASSED] - tap: Tapped on element 'Object Repository/ShopOpen/Chiller/ChillerNotAllocatedProductCategory_BackButton'

2018-10-08 17:24:28 - [MESSAGE][WARNING] - Timeout '0' is invalid. Using default page load timeout: '4'

2018-10-08 17:24:28 - [MESSAGE][PASSED] - Tapped on element 'Object Repository/ShopOpen/Chiller/ChillerNotAllocatedProductCategory_BackButton'

2018-10-08 17:24:28 - [MESSAGE][PASSED] - Call Test Case 'Test Cases/ShopOpen/Chiller/VisitProductCategoryAssets' successfully

2018-10-08 17:24:29 - [MESSAGE][PASSED] - Actual text and expected text of test object 'Object Repository/ShopOpen/Chiller/Validate_ChillerNotAllocatedProductCategoryScreen' are matched.

2018-10-08 17:24:29 - [MESSAGE][PASSED] - com.ct.qa.keywords.ChannelProductsDataKeywords.visitChillerNotAllocatedProductCategories is PASSED

2018-10-08 17:24:29 - [TEST_STEP][PASSED] - verifyElementText: Actual text and expected text of test object 'Object Repository/ShopOpen/Chiller/Validate_ChillerNotAllocatedProductCategoryScreen' are matched.

2018-10-08 17:24:29 - [MESSAGE][PASSED] - Actual text and expected text of test object 'Object Repository/ShopOpen/Chiller/Validate_ChillerNotAllocatedProductCategoryScreen' are matched.

2018-10-08 17:24:29 - [TEST_STEP][PASSED] - tap: Tapped on element 'Object Repository/ShopOpen/Chiller/Planogram_ImageView'

2018-10-08 17:24:29 - [MESSAGE][WARNING] - Timeout '0' is invalid. Using default page load timeout: '4'

2018-10-08 17:24:30 - [MESSAGE][PASSED] - Tapped on element 'Object Repository/ShopOpen/Chiller/Planogram_ImageView'

2018-10-08 17:24:30 - [TEST_STEP][PASSED] - com.ct.qa.keywords.CommonKeywords.checkPlanogramAvailability: com.ct.qa.keywords.CommonKeywords.checkPlanogramAvailability is PASSED

2018-10-08 17:24:30 - [MESSAGE][WARNING] - Timeout '0' is invalid. Using default page load timeout: '4'

2018-10-08 17:24:36 - [MESSAGE][WARNING] - Object Object Repository/CommonScreenElements/InfoPopUp_OKButton not found
[[ATTACHMENT|F:\\Git Projects\\MMAPlus_Merchandising\\MMAPlus_Merchandising\\Reports\\MMA Plus Merchandising With Chiller Wise Data Verification\\20181008_171154\\1539001474293.png]]

2018-10-08 17:24:36 - [MESSAGE][PASSED] - com.ct.qa.keywords.CommonKeywords.checkPlanogramAvailability is PASSED

2018-10-08 17:24:36 - [TEST_STEP][PASSED] - com.ct.qa.keywords.CommonKeywords.closePlanogram: com.ct.qa.keywords.CommonKeywords.closePlanogram is PASSED

2018-10-08 17:24:37 - [MESSAGE][PASSED] - com.ct.qa.keywords.CommonKeywords.closePlanogram is PASSED

2018-10-08 17:24:37 - [TEST_STEP][PASSED] - verifyElementText: Actual text and expected text of test object 'Object Repository/ShopOpen/Chiller/Validate_ChillerNotAllocatedProductCategoryScreen' are matched.

2018-10-08 17:24:38 - [MESSAGE][PASSED] - Actual text and expected text of test object 'Object Repository/ShopOpen/Chiller/Validate_ChillerNotAllocatedProductCategoryScreen' are matched.

2018-10-08 17:24:38 - [TEST_STEP][PASSED] - com.ct.qa.keywords.CommonKeywords.findPictureImageView: com.ct.qa.keywords.CommonKeywords.findPictureImageView is PASSED

2018-10-08 17:24:38 - [MESSAGE][WARNING] - Timeout '0' is invalid. Using default page load timeout: '4'

2018-10-08 17:24:40 - [MESSAGE][PASSED] - Tapped on element 'Object Repository/CommonScreenElements/Picture_ImageView'

2018-10-08 17:24:40 - [MESSAGE][WARNING] - Timeout '0' is invalid. Using default page load timeout: '4'

2018-10-08 17:24:41 - [MESSAGE][PASSED] - Element 'Object Repository/CommonScreenElements/Validate_CameraScreen' is exist

2018-10-08 17:24:41 - [MESSAGE][WARNING] - Timeout '0' is invalid. Using default page load timeout: '4'

2018-10-08 17:24:44 - [MESSAGE][PASSED] - Tapped on element 'Object Repository/CommonScreenElements/TakePictureButton'

2018-10-08 17:24:49 - [MESSAGE][PASSED] - Delayed 5 second(s)

2018-10-08 17:24:49 - [MESSAGE][WARNING] - Timeout '0' is invalid. Using default page load timeout: '4'

2018-10-08 17:24:50 - [MESSAGE][PASSED] - Tapped on element 'Object Repository/CommonScreenElements/DoneButton'

2018-10-08 17:24:50 - [MESSAGE][PASSED] - com.ct.qa.keywords.CommonKeywords.findPictureImageView is PASSED

2018-10-08 17:24:50 - [TEST_STEP][PASSED] - verifyElementText: Actual text and expected text of test object 'Object Repository/ShopOpen/Chiller/Validate_ChillerNotAllocatedProductCategoryScreen' are matched.

2018-10-08 17:24:50 - [MESSAGE][PASSED] - Actual text and expected text of test object 'Object Repository/ShopOpen/Chiller/Validate_ChillerNotAllocatedProductCategoryScreen' are matched.

2018-10-08 17:24:50 - [TEST_STEP][PASSED] - tap: Tapped on element 'Object Repository/ShopOpen/Chiller/ChillerNotAllocatedProductCategory_BackButton'

2018-10-08 17:24:50 - [MESSAGE][WARNING] - Timeout '0' is invalid. Using default page load timeout: '4'

2018-10-08 17:24:51 - [MESSAGE][PASSED] - Tapped on element 'Object Repository/ShopOpen/Chiller/ChillerNotAllocatedProductCategory_BackButton'

2018-10-08 17:24:51 - [TEST_STEP][PASSED] - verifyElementExist: Element 'Object Repository/ShopOpen/Validate_ShopCategoriesListScreen' is exist

2018-10-08 17:24:51 - [MESSAGE][WARNING] - Timeout '0' is invalid. Using default page load timeout: '4'

2018-10-08 17:24:52 - [MESSAGE][PASSED] - Element 'Object Repository/ShopOpen/Validate_ShopCategoriesListScreen' is exist

2018-10-08 17:24:52 - [MESSAGE][PASSED] - Call Test Case 'Test Cases/ShopOpen/Chiller/VisitChillerWithChillerNotAllocated' successfully

2018-10-08 17:24:53 - [TEST_CASE][PASSED] - Test Cases/ShopOpen/RemainingCategories/VisitRemainingCategoriesWithDSA: Test Cases/ShopOpen/RemainingCategories/VisitRemainingCategoriesWithDSA

2018-10-08 17:24:53 - [TEST_STEP][PASSED] - verifyElementText: Actual text and expected text of test object 'Object Repository/ShopOpen/RemainingCategories/Validate_MainCategoryDetailScreen' are matched.

2018-10-08 17:24:54 - [MESSAGE][PASSED] - Actual text and expected text of test object 'Object Repository/ShopOpen/RemainingCategories/Validate_MainCategoryDetailScreen' are matched.

2018-10-08 17:24:54 - [TEST_STEP][PASSED] - tap: Tapped on element 'Object Repository/ShopOpen/RemainingCategories/DisplaySpaceAvailable'

2018-10-08 17:24:54 - [MESSAGE][WARNING] - Timeout '0' is invalid. Using default page load timeout: '4'

2018-10-08 17:24:55 - [MESSAGE][PASSED] - Tapped on element 'Object Repository/ShopOpen/RemainingCategories/DisplaySpaceAvailable'

2018-10-08 17:24:55 - [TEST_STEP][PASSED] - verifyElementText: Actual text and expected text of test object 'Object Repository/ShopOpen/RemainingCategories/Validate_ProductCategoryAssetScreen' are matched.

2018-10-08 17:24:57 - [MESSAGE][PASSED] - Actual text and expected text of test object 'Object Repository/ShopOpen/RemainingCategories/Validate_ProductCategoryAssetScreen' are matched.

2018-10-08 17:24:57 - [TEST_STEP][PASSED] - tap: Tapped on element 'Object Repository/ShopOpen/RemainingCategories/Facing'

2018-10-08 17:24:57 - [MESSAGE][WARNING] - Timeout '0' is invalid. Using default page load timeout: '4'

2018-10-08 17:24:57 - [MESSAGE][PASSED] - Tapped on element 'Object Repository/ShopOpen/RemainingCategories/Facing'

2018-10-08 17:24:57 - [TEST_STEP][PASSED] - verifyElementText: Actual text and expected text of test object 'Object Repository/ShopOpen/RemainingCategories/Validate_FacingScreen' are matched.

2018-10-08 17:24:58 - [MESSAGE][PASSED] - Actual text and expected text of test object 'Object Repository/ShopOpen/RemainingCategories/Validate_FacingScreen' are matched.

2018-10-08 17:24:58 - [TEST_STEP][PASSED] - com.ct.qa.keywords.ChannelProductsDataKeywords.visitChannelWiseProductsData: com.ct.qa.keywords.ChannelProductsDataKeywords.visitChannelWiseProductsData is PASSED

2018-10-08 17:25:02 - [MESSAGE][PASSED] - Keyboard is hidden

2018-10-08 17:25:02 - [MESSAGE][PASSED] - com.ct.qa.keywords.ChannelProductsDataKeywords.visitChannelWiseProductsData is PASSED

2018-10-08 17:25:02 - [TEST_STEP][PASSED] - tap: Tapped on element 'Object Repository/ShopOpen/RemainingCategories/SubmitButton'

2018-10-08 17:25:02 - [MESSAGE][WARNING] - Timeout '0' is invalid. Using default page load timeout: '4'

2018-10-08 17:25:03 - [MESSAGE][PASSED] - Tapped on element 'Object Repository/ShopOpen/RemainingCategories/SubmitButton'

2018-10-08 17:25:03 - [TEST_STEP][PASSED] - verifyElementText: Actual text and expected text of test object 'Object Repository/ShopOpen/RemainingCategories/Validate_ProductCategoryAssetScreen' are matched.

2018-10-08 17:25:04 - [MESSAGE][PASSED] - Actual text and expected text of test object 'Object Repository/ShopOpen/RemainingCategories/Validate_ProductCategoryAssetScreen' are matched.

2018-10-08 17:25:04 - [TEST_STEP][PASSED] - tap: Tapped on element 'Object Repository/ShopOpen/RemainingCategories/StockTaking'

2018-10-08 17:25:04 - [MESSAGE][WARNING] - Timeout '0' is invalid. Using default page load timeout: '4'

2018-10-08 17:25:04 - [MESSAGE][PASSED] - Tapped on element 'Object Repository/ShopOpen/RemainingCategories/StockTaking'

2018-10-08 17:25:04 - [TEST_STEP][PASSED] - verifyElementText: Actual text and expected text of test object 'Object Repository/ShopOpen/RemainingCategories/Validate_StockTakingScreen' are matched.

2018-10-08 17:25:05 - [MESSAGE][PASSED] - Actual text and expected text of test object 'Object Repository/ShopOpen/RemainingCategories/Validate_StockTakingScreen' are matched.

2018-10-08 17:25:05 - [TEST_STEP][PASSED] - com.ct.qa.keywords.ChannelProductsDataKeywords.visitChannelWiseProductsData: com.ct.qa.keywords.ChannelProductsDataKeywords.visitChannelWiseProductsData is PASSED

2018-10-08 17:25:09 - [MESSAGE][PASSED] - Keyboard is hidden

2018-10-08 17:25:09 - [MESSAGE][PASSED] - com.ct.qa.keywords.ChannelProductsDataKeywords.visitChannelWiseProductsData is PASSED

2018-10-08 17:25:09 - [TEST_STEP][PASSED] - tap: Tapped on element 'Object Repository/ShopOpen/RemainingCategories/SubmitButton'

2018-10-08 17:25:09 - [MESSAGE][WARNING] - Timeout '0' is invalid. Using default page load timeout: '4'

2018-10-08 17:25:10 - [MESSAGE][PASSED] - Tapped on element 'Object Repository/ShopOpen/RemainingCategories/SubmitButton'

2018-10-08 17:25:10 - [TEST_STEP][PASSED] - verifyElementText: Actual text and expected text of test object 'Object Repository/ShopOpen/RemainingCategories/Validate_ProductCategoryAssetScreen' are matched.

2018-10-08 17:25:11 - [MESSAGE][PASSED] - Actual text and expected text of test object 'Object Repository/ShopOpen/RemainingCategories/Validate_ProductCategoryAssetScreen' are matched.

2018-10-08 17:25:11 - [TEST_STEP][PASSED] - tap: Tapped on element 'Object Repository/ShopOpen/RemainingCategories/planogram_ImageView'

2018-10-08 17:25:11 - [MESSAGE][WARNING] - Timeout '0' is invalid. Using default page load timeout: '4'

2018-10-08 17:25:12 - [MESSAGE][PASSED] - Tapped on element 'Object Repository/ShopOpen/RemainingCategories/planogram_ImageView'

2018-10-08 17:25:12 - [TEST_STEP][PASSED] - com.ct.qa.keywords.CommonKeywords.checkPlanogramAvailability: com.ct.qa.keywords.CommonKeywords.checkPlanogramAvailability is PASSED

2018-10-08 17:25:12 - [MESSAGE][WARNING] - Timeout '0' is invalid. Using default page load timeout: '4'

2018-10-08 17:25:17 - [MESSAGE][WARNING] - Object Object Repository/CommonScreenElements/InfoPopUp_OKButton not found
[[ATTACHMENT|F:\\Git Projects\\MMAPlus_Merchandising\\MMAPlus_Merchandising\\Reports\\MMA Plus Merchandising With Chiller Wise Data Verification\\20181008_171154\\1539001516227.png]]

2018-10-08 17:25:17 - [MESSAGE][PASSED] - com.ct.qa.keywords.CommonKeywords.checkPlanogramAvailability is PASSED

2018-10-08 17:25:17 - [TEST_STEP][PASSED] - com.ct.qa.keywords.CommonKeywords.closePlanogram: com.ct.qa.keywords.CommonKeywords.closePlanogram is PASSED

2018-10-08 17:25:18 - [MESSAGE][PASSED] - com.ct.qa.keywords.CommonKeywords.closePlanogram is PASSED

2018-10-08 17:25:18 - [TEST_STEP][PASSED] - verifyElementText: Actual text and expected text of test object 'Object Repository/ShopOpen/RemainingCategories/Validate_ProductCategoryAssetScreen' are matched.

2018-10-08 17:25:19 - [MESSAGE][PASSED] - Actual text and expected text of test object 'Object Repository/ShopOpen/RemainingCategories/Validate_ProductCategoryAssetScreen' are matched.

2018-10-08 17:25:19 - [TEST_STEP][PASSED] - com.ct.qa.keywords.CommonKeywords.findPictureImageView: com.ct.qa.keywords.CommonKeywords.findPictureImageView is PASSED

2018-10-08 17:25:19 - [MESSAGE][WARNING] - Timeout '0' is invalid. Using default page load timeout: '4'

2018-10-08 17:25:21 - [MESSAGE][PASSED] - Tapped on element 'Object Repository/CommonScreenElements/Picture_ImageView'

2018-10-08 17:25:21 - [MESSAGE][WARNING] - Timeout '0' is invalid. Using default page load timeout: '4'

2018-10-08 17:25:21 - [MESSAGE][PASSED] - Element 'Object Repository/CommonScreenElements/Validate_CameraScreen' is exist

2018-10-08 17:25:21 - [MESSAGE][WARNING] - Timeout '0' is invalid. Using default page load timeout: '4'

2018-10-08 17:25:25 - [MESSAGE][PASSED] - Tapped on element 'Object Repository/CommonScreenElements/TakePictureButton'

2018-10-08 17:25:30 - [MESSAGE][PASSED] - Delayed 5 second(s)

2018-10-08 17:25:30 - [MESSAGE][WARNING] - Timeout '0' is invalid. Using default page load timeout: '4'

2018-10-08 17:25:31 - [MESSAGE][PASSED] - Tapped on element 'Object Repository/CommonScreenElements/DoneButton'

2018-10-08 17:25:31 - [MESSAGE][PASSED] - com.ct.qa.keywords.CommonKeywords.findPictureImageView is PASSED

2018-10-08 17:25:31 - [TEST_STEP][PASSED] - verifyElementText: Actual text and expected text of test object 'Object Repository/ShopOpen/RemainingCategories/Validate_ProductCategoryAssetScreen' are matched.

2018-10-08 17:25:32 - [MESSAGE][PASSED] - Actual text and expected text of test object 'Object Repository/ShopOpen/RemainingCategories/Validate_ProductCategoryAssetScreen' are matched.

2018-10-08 17:25:32 - [TEST_STEP][PASSED] - tap: Tapped on element 'Object Repository/ShopOpen/RemainingCategories/ProductCategoryAsset_BackButton'

2018-10-08 17:25:32 - [MESSAGE][WARNING] - Timeout '0' is invalid. Using default page load timeout: '4'

2018-10-08 17:25:32 - [MESSAGE][PASSED] - Tapped on element 'Object Repository/ShopOpen/RemainingCategories/ProductCategoryAsset_BackButton'

2018-10-08 17:25:32 - [TEST_STEP][PASSED] - verifyElementExist: Element 'Object Repository/ShopOpen/Validate_ShopCategoriesListScreen' is exist

2018-10-08 17:25:32 - [MESSAGE][WARNING] - Timeout '0' is invalid. Using default page load timeout: '4'

2018-10-08 17:25:33 - [MESSAGE][PASSED] - Element 'Object Repository/ShopOpen/Validate_ShopCategoriesListScreen' is exist

2018-10-08 17:25:33 - [MESSAGE][PASSED] - Call Test Case 'Test Cases/ShopOpen/RemainingCategories/VisitRemainingCategoriesWithDSA' successfully

2018-10-08 17:25:34 - [TEST_CASE][PASSED] - Test Cases/ShopOpen/RemainingCategories/VisitRemainingCategoriesWithDSA: Test Cases/ShopOpen/RemainingCategories/VisitRemainingCategoriesWithDSA

2018-10-08 17:25:34 - [TEST_STEP][PASSED] - verifyElementText: Actual text and expected text of test object 'Object Repository/ShopOpen/RemainingCategories/Validate_MainCategoryDetailScreen' are matched.

2018-10-08 17:25:35 - [MESSAGE][PASSED] - Actual text and expected text of test object 'Object Repository/ShopOpen/RemainingCategories/Validate_MainCategoryDetailScreen' are matched.

2018-10-08 17:25:35 - [TEST_STEP][PASSED] - tap: Tapped on element 'Object Repository/ShopOpen/RemainingCategories/DisplaySpaceAvailable'

2018-10-08 17:25:35 - [MESSAGE][WARNING] - Timeout '0' is invalid. Using default page load timeout: '4'

2018-10-08 17:25:36 - [MESSAGE][PASSED] - Tapped on element 'Object Repository/ShopOpen/RemainingCategories/DisplaySpaceAvailable'

2018-10-08 17:25:36 - [TEST_STEP][PASSED] - verifyElementText: Actual text and expected text of test object 'Object Repository/ShopOpen/RemainingCategories/Validate_ProductCategoryAssetScreen' are matched.

2018-10-08 17:25:37 - [MESSAGE][PASSED] - Actual text and expected text of test object 'Object Repository/ShopOpen/RemainingCategories/Validate_ProductCategoryAssetScreen' are matched.

2018-10-08 17:25:37 - [TEST_STEP][PASSED] - tap: Tapped on element 'Object Repository/ShopOpen/RemainingCategories/Facing'

2018-10-08 17:25:37 - [MESSAGE][WARNING] - Timeout '0' is invalid. Using default page load timeout: '4'

2018-10-08 17:25:38 - [MESSAGE][PASSED] - Tapped on element 'Object Repository/ShopOpen/RemainingCategories/Facing'

2018-10-08 17:25:38 - [TEST_STEP][PASSED] - verifyElementText: Actual text and expected text of test object 'Object Repository/ShopOpen/RemainingCategories/Validate_FacingScreen' are matched.

2018-10-08 17:25:40 - [MESSAGE][PASSED] - Actual text and expected text of test object 'Object Repository/ShopOpen/RemainingCategories/Validate_FacingScreen' are matched.

2018-10-08 17:25:40 - [TEST_STEP][PASSED] - com.ct.qa.keywords.ChannelProductsDataKeywords.visitChannelWiseProductsData: com.ct.qa.keywords.ChannelProductsDataKeywords.visitChannelWiseProductsData is PASSED

2018-10-08 17:25:44 - [MESSAGE][PASSED] - Keyboard is hidden

2018-10-08 17:25:47 - [MESSAGE][PASSED] - Keyboard is hidden

2018-10-08 17:25:49 - [MESSAGE][PASSED] - Keyboard is hidden

2018-10-08 17:25:52 - [MESSAGE][PASSED] - Keyboard is hidden

2018-10-08 17:25:55 - [MESSAGE][PASSED] - Keyboard is hidden

2018-10-08 17:25:56 - [MESSAGE][PASSED] - com.ct.qa.keywords.ChannelProductsDataKeywords.visitChannelWiseProductsData is PASSED

2018-10-08 17:25:56 - [TEST_STEP][PASSED] - tap: Tapped on element 'Object Repository/ShopOpen/RemainingCategories/SubmitButton'

2018-10-08 17:25:56 - [MESSAGE][WARNING] - Timeout '0' is invalid. Using default page load timeout: '4'

2018-10-08 17:25:57 - [MESSAGE][PASSED] - Tapped on element 'Object Repository/ShopOpen/RemainingCategories/SubmitButton'

2018-10-08 17:25:57 - [TEST_STEP][PASSED] - verifyElementText: Actual text and expected text of test object 'Object Repository/ShopOpen/RemainingCategories/Validate_ProductCategoryAssetScreen' are matched.

2018-10-08 17:25:58 - [MESSAGE][PASSED] - Actual text and expected text of test object 'Object Repository/ShopOpen/RemainingCategories/Validate_ProductCategoryAssetScreen' are matched.

2018-10-08 17:25:58 - [TEST_STEP][PASSED] - tap: Tapped on element 'Object Repository/ShopOpen/RemainingCategories/StockTaking'

2018-10-08 17:25:58 - [MESSAGE][WARNING] - Timeout '0' is invalid. Using default page load timeout: '4'

2018-10-08 17:25:58 - [MESSAGE][PASSED] - Tapped on element 'Object Repository/ShopOpen/RemainingCategories/StockTaking'

2018-10-08 17:25:58 - [TEST_STEP][PASSED] - verifyElementText: Actual text and expected text of test object 'Object Repository/ShopOpen/RemainingCategories/Validate_StockTakingScreen' are matched.

2018-10-08 17:25:59 - [MESSAGE][PASSED] - Actual text and expected text of test object 'Object Repository/ShopOpen/RemainingCategories/Validate_StockTakingScreen' are matched.

2018-10-08 17:25:59 - [TEST_STEP][PASSED] - com.ct.qa.keywords.ChannelProductsDataKeywords.visitChannelWiseProductsData: com.ct.qa.keywords.ChannelProductsDataKeywords.visitChannelWiseProductsData is PASSED

2018-10-08 17:26:04 - [MESSAGE][PASSED] - Keyboard is hidden

2018-10-08 17:26:07 - [MESSAGE][PASSED] - Keyboard is hidden

2018-10-08 17:26:10 - [MESSAGE][PASSED] - Keyboard is hidden

2018-10-08 17:26:13 - [MESSAGE][PASSED] - Keyboard is hidden

2018-10-08 17:26:16 - [MESSAGE][PASSED] - Keyboard is hidden

2018-10-08 17:26:17 - [MESSAGE][PASSED] - com.ct.qa.keywords.ChannelProductsDataKeywords.visitChannelWiseProductsData is PASSED

2018-10-08 17:26:17 - [TEST_STEP][PASSED] - tap: Tapped on element 'Object Repository/ShopOpen/RemainingCategories/SubmitButton'

2018-10-08 17:26:17 - [MESSAGE][WARNING] - Timeout '0' is invalid. Using default page load timeout: '4'

2018-10-08 17:26:18 - [MESSAGE][PASSED] - Tapped on element 'Object Repository/ShopOpen/RemainingCategories/SubmitButton'

2018-10-08 17:26:18 - [TEST_STEP][PASSED] - verifyElementText: Actual text and expected text of test object 'Object Repository/ShopOpen/RemainingCategories/Validate_ProductCategoryAssetScreen' are matched.

2018-10-08 17:26:19 - [MESSAGE][PASSED] - Actual text and expected text of test object 'Object Repository/ShopOpen/RemainingCategories/Validate_ProductCategoryAssetScreen' are matched.

2018-10-08 17:26:19 - [TEST_STEP][PASSED] - tap: Tapped on element 'Object Repository/ShopOpen/RemainingCategories/planogram_ImageView'

2018-10-08 17:26:19 - [MESSAGE][WARNING] - Timeout '0' is invalid. Using default page load timeout: '4'

2018-10-08 17:26:19 - [MESSAGE][PASSED] - Tapped on element 'Object Repository/ShopOpen/RemainingCategories/planogram_ImageView'

2018-10-08 17:26:19 - [TEST_STEP][PASSED] - com.ct.qa.keywords.CommonKeywords.checkPlanogramAvailability: com.ct.qa.keywords.CommonKeywords.checkPlanogramAvailability is PASSED

2018-10-08 17:26:19 - [MESSAGE][WARNING] - Timeout '0' is invalid. Using default page load timeout: '4'

2018-10-08 17:26:24 - [MESSAGE][WARNING] - Object Object Repository/CommonScreenElements/InfoPopUp_OKButton not found
[[ATTACHMENT|F:\\Git Projects\\MMAPlus_Merchandising\\MMAPlus_Merchandising\\Reports\\MMA Plus Merchandising With Chiller Wise Data Verification\\20181008_171154\\1539001583431.png]]

2018-10-08 17:26:24 - [MESSAGE][PASSED] - com.ct.qa.keywords.CommonKeywords.checkPlanogramAvailability is PASSED

2018-10-08 17:26:24 - [TEST_STEP][PASSED] - com.ct.qa.keywords.CommonKeywords.closePlanogram: com.ct.qa.keywords.CommonKeywords.closePlanogram is PASSED

2018-10-08 17:26:25 - [MESSAGE][PASSED] - com.ct.qa.keywords.CommonKeywords.closePlanogram is PASSED

2018-10-08 17:26:25 - [TEST_STEP][PASSED] - verifyElementText: Actual text and expected text of test object 'Object Repository/ShopOpen/RemainingCategories/Validate_ProductCategoryAssetScreen' are matched.

2018-10-08 17:26:26 - [MESSAGE][PASSED] - Actual text and expected text of test object 'Object Repository/ShopOpen/RemainingCategories/Validate_ProductCategoryAssetScreen' are matched.

2018-10-08 17:26:26 - [TEST_STEP][PASSED] - com.ct.qa.keywords.CommonKeywords.findPictureImageView: com.ct.qa.keywords.CommonKeywords.findPictureImageView is PASSED

2018-10-08 17:26:26 - [MESSAGE][WARNING] - Timeout '0' is invalid. Using default page load timeout: '4'

2018-10-08 17:26:28 - [MESSAGE][PASSED] - Tapped on element 'Object Repository/CommonScreenElements/Picture_ImageView'

2018-10-08 17:26:28 - [MESSAGE][WARNING] - Timeout '0' is invalid. Using default page load timeout: '4'

2018-10-08 17:26:29 - [MESSAGE][PASSED] - Element 'Object Repository/CommonScreenElements/Validate_CameraScreen' is exist

2018-10-08 17:26:29 - [MESSAGE][WARNING] - Timeout '0' is invalid. Using default page load timeout: '4'

2018-10-08 17:26:32 - [MESSAGE][PASSED] - Tapped on element 'Object Repository/CommonScreenElements/TakePictureButton'

2018-10-08 17:26:37 - [MESSAGE][PASSED] - Delayed 5 second(s)

2018-10-08 17:26:37 - [MESSAGE][WARNING] - Timeout '0' is invalid. Using default page load timeout: '4'

2018-10-08 17:26:38 - [MESSAGE][PASSED] - Tapped on element 'Object Repository/CommonScreenElements/DoneButton'

2018-10-08 17:26:38 - [MESSAGE][PASSED] - com.ct.qa.keywords.CommonKeywords.findPictureImageView is PASSED

2018-10-08 17:26:38 - [TEST_STEP][PASSED] - verifyElementText: Actual text and expected text of test object 'Object Repository/ShopOpen/RemainingCategories/Validate_ProductCategoryAssetScreen' are matched.

2018-10-08 17:26:39 - [MESSAGE][PASSED] - Actual text and expected text of test object 'Object Repository/ShopOpen/RemainingCategories/Validate_ProductCategoryAssetScreen' are matched.

2018-10-08 17:26:39 - [TEST_STEP][PASSED] - tap: Tapped on element 'Object Repository/ShopOpen/RemainingCategories/ProductCategoryAsset_BackButton'

2018-10-08 17:26:39 - [MESSAGE][WARNING] - Timeout '0' is invalid. Using default page load timeout: '4'

2018-10-08 17:26:40 - [MESSAGE][PASSED] - Tapped on element 'Object Repository/ShopOpen/RemainingCategories/ProductCategoryAsset_BackButton'

2018-10-08 17:26:40 - [TEST_STEP][PASSED] - verifyElementExist: Element 'Object Repository/ShopOpen/Validate_ShopCategoriesListScreen' is exist

2018-10-08 17:26:40 - [MESSAGE][WARNING] - Timeout '0' is invalid. Using default page load timeout: '4'

2018-10-08 17:26:41 - [MESSAGE][PASSED] - Element 'Object Repository/ShopOpen/Validate_ShopCategoriesListScreen' is exist

2018-10-08 17:26:41 - [MESSAGE][PASSED] - Call Test Case 'Test Cases/ShopOpen/RemainingCategories/VisitRemainingCategoriesWithDSA' successfully

2018-10-08 17:26:42 - [TEST_CASE][PASSED] - Test Cases/ShopOpen/RemainingCategories/VisitRemainingCategoriesWithDSA: Test Cases/ShopOpen/RemainingCategories/VisitRemainingCategoriesWithDSA

2018-10-08 17:26:42 - [TEST_STEP][PASSED] - verifyElementText: Actual text and expected text of test object 'Object Repository/ShopOpen/RemainingCategories/Validate_MainCategoryDetailScreen' are matched.

2018-10-08 17:26:43 - [MESSAGE][PASSED] - Actual text and expected text of test object 'Object Repository/ShopOpen/RemainingCategories/Validate_MainCategoryDetailScreen' are matched.

2018-10-08 17:26:43 - [TEST_STEP][PASSED] - tap: Tapped on element 'Object Repository/ShopOpen/RemainingCategories/DisplaySpaceAvailable'

2018-10-08 17:26:43 - [MESSAGE][WARNING] - Timeout '0' is invalid. Using default page load timeout: '4'

2018-10-08 17:26:44 - [MESSAGE][PASSED] - Tapped on element 'Object Repository/ShopOpen/RemainingCategories/DisplaySpaceAvailable'

2018-10-08 17:26:44 - [TEST_STEP][PASSED] - verifyElementText: Actual text and expected text of test object 'Object Repository/ShopOpen/RemainingCategories/Validate_ProductCategoryAssetScreen' are matched.

2018-10-08 17:26:45 - [MESSAGE][PASSED] - Actual text and expected text of test object 'Object Repository/ShopOpen/RemainingCategories/Validate_ProductCategoryAssetScreen' are matched.

2018-10-08 17:26:45 - [TEST_STEP][PASSED] - tap: Tapped on element 'Object Repository/ShopOpen/RemainingCategories/Facing'

2018-10-08 17:26:45 - [MESSAGE][WARNING] - Timeout '0' is invalid. Using default page load timeout: '4'

2018-10-08 17:26:46 - [MESSAGE][PASSED] - Tapped on element 'Object Repository/ShopOpen/RemainingCategories/Facing'

2018-10-08 17:26:46 - [TEST_STEP][PASSED] - verifyElementText: Actual text and expected text of test object 'Object Repository/ShopOpen/RemainingCategories/Validate_FacingScreen' are matched.

2018-10-08 17:26:47 - [MESSAGE][PASSED] - Actual text and expected text of test object 'Object Repository/ShopOpen/RemainingCategories/Validate_FacingScreen' are matched.

2018-10-08 17:26:47 - [TEST_STEP][PASSED] - com.ct.qa.keywords.ChannelProductsDataKeywords.visitChannelWiseProductsData: com.ct.qa.keywords.ChannelProductsDataKeywords.visitChannelWiseProductsData is PASSED

2018-10-08 17:26:51 - [MESSAGE][PASSED] - Keyboard is hidden

2018-10-08 17:26:51 - [MESSAGE][PASSED] - com.ct.qa.keywords.ChannelProductsDataKeywords.visitChannelWiseProductsData is PASSED

2018-10-08 17:26:51 - [TEST_STEP][PASSED] - tap: Tapped on element 'Object Repository/ShopOpen/RemainingCategories/SubmitButton'

2018-10-08 17:26:51 - [MESSAGE][WARNING] - Timeout '0' is invalid. Using default page load timeout: '4'

2018-10-08 17:26:52 - [MESSAGE][PASSED] - Tapped on element 'Object Repository/ShopOpen/RemainingCategories/SubmitButton'

2018-10-08 17:26:52 - [TEST_STEP][PASSED] - verifyElementText: Actual text and expected text of test object 'Object Repository/ShopOpen/RemainingCategories/Validate_ProductCategoryAssetScreen' are matched.

2018-10-08 17:26:53 - [MESSAGE][PASSED] - Actual text and expected text of test object 'Object Repository/ShopOpen/RemainingCategories/Validate_ProductCategoryAssetScreen' are matched.

2018-10-08 17:26:53 - [TEST_STEP][PASSED] - tap: Tapped on element 'Object Repository/ShopOpen/RemainingCategories/StockTaking'

2018-10-08 17:26:53 - [MESSAGE][WARNING] - Timeout '0' is invalid. Using default page load timeout: '4'

2018-10-08 17:26:54 - [MESSAGE][PASSED] - Tapped on element 'Object Repository/ShopOpen/RemainingCategories/StockTaking'

2018-10-08 17:26:54 - [TEST_STEP][PASSED] - verifyElementText: Actual text and expected text of test object 'Object Repository/ShopOpen/RemainingCategories/Validate_StockTakingScreen' are matched.

2018-10-08 17:26:56 - [MESSAGE][PASSED] - Actual text and expected text of test object 'Object Repository/ShopOpen/RemainingCategories/Validate_StockTakingScreen' are matched.

2018-10-08 17:26:56 - [TEST_STEP][PASSED] - com.ct.qa.keywords.ChannelProductsDataKeywords.visitChannelWiseProductsData: com.ct.qa.keywords.ChannelProductsDataKeywords.visitChannelWiseProductsData is PASSED

2018-10-08 17:26:59 - [MESSAGE][PASSED] - Keyboard is hidden

2018-10-08 17:27:00 - [MESSAGE][PASSED] - com.ct.qa.keywords.ChannelProductsDataKeywords.visitChannelWiseProductsData is PASSED

2018-10-08 17:27:00 - [TEST_STEP][PASSED] - tap: Tapped on element 'Object Repository/ShopOpen/RemainingCategories/SubmitButton'

2018-10-08 17:27:00 - [MESSAGE][WARNING] - Timeout '0' is invalid. Using default page load timeout: '4'

2018-10-08 17:27:00 - [MESSAGE][PASSED] - Tapped on element 'Object Repository/ShopOpen/RemainingCategories/SubmitButton'

2018-10-08 17:27:00 - [TEST_STEP][PASSED] - verifyElementText: Actual text and expected text of test object 'Object Repository/ShopOpen/RemainingCategories/Validate_ProductCategoryAssetScreen' are matched.

2018-10-08 17:27:01 - [MESSAGE][PASSED] - Actual text and expected text of test object 'Object Repository/ShopOpen/RemainingCategories/Validate_ProductCategoryAssetScreen' are matched.

2018-10-08 17:27:01 - [TEST_STEP][PASSED] - tap: Tapped on element 'Object Repository/ShopOpen/RemainingCategories/planogram_ImageView'

2018-10-08 17:27:01 - [MESSAGE][WARNING] - Timeout '0' is invalid. Using default page load timeout: '4'

2018-10-08 17:27:01 - [MESSAGE][PASSED] - Tapped on element 'Object Repository/ShopOpen/RemainingCategories/planogram_ImageView'

2018-10-08 17:27:01 - [TEST_STEP][PASSED] - com.ct.qa.keywords.CommonKeywords.checkPlanogramAvailability: com.ct.qa.keywords.CommonKeywords.checkPlanogramAvailability is PASSED

2018-10-08 17:27:01 - [MESSAGE][WARNING] - Timeout '0' is invalid. Using default page load timeout: '4'

2018-10-08 17:27:07 - [MESSAGE][WARNING] - Object Object Repository/CommonScreenElements/InfoPopUp_OKButton not found
[[ATTACHMENT|F:\\Git Projects\\MMAPlus_Merchandising\\MMAPlus_Merchandising\\Reports\\MMA Plus Merchandising With Chiller Wise Data Verification\\20181008_171154\\1539001625468.png]]

2018-10-08 17:27:07 - [MESSAGE][PASSED] - com.ct.qa.keywords.CommonKeywords.checkPlanogramAvailability is PASSED

2018-10-08 17:27:07 - [TEST_STEP][PASSED] - com.ct.qa.keywords.CommonKeywords.closePlanogram: com.ct.qa.keywords.CommonKeywords.closePlanogram is PASSED

2018-10-08 17:27:07 - [MESSAGE][PASSED] - com.ct.qa.keywords.CommonKeywords.closePlanogram is PASSED

2018-10-08 17:27:07 - [TEST_STEP][PASSED] - verifyElementText: Actual text and expected text of test object 'Object Repository/ShopOpen/RemainingCategories/Validate_ProductCategoryAssetScreen' are matched.

2018-10-08 17:27:08 - [MESSAGE][PASSED] - Actual text and expected text of test object 'Object Repository/ShopOpen/RemainingCategories/Validate_ProductCategoryAssetScreen' are matched.

2018-10-08 17:27:08 - [TEST_STEP][PASSED] - com.ct.qa.keywords.CommonKeywords.findPictureImageView: com.ct.qa.keywords.CommonKeywords.findPictureImageView is PASSED

2018-10-08 17:27:09 - [MESSAGE][WARNING] - Timeout '0' is invalid. Using default page load timeout: '4'

2018-10-08 17:27:09 - [MESSAGE][PASSED] - Tapped on element 'Object Repository/CommonScreenElements/Picture_ImageView'

2018-10-08 17:27:09 - [MESSAGE][WARNING] - Timeout '0' is invalid. Using default page load timeout: '4'

2018-10-08 17:27:11 - [MESSAGE][PASSED] - Element 'Object Repository/CommonScreenElements/Validate_CameraScreen' is exist

2018-10-08 17:27:11 - [MESSAGE][WARNING] - Timeout '0' is invalid. Using default page load timeout: '4'

2018-10-08 17:27:14 - [MESSAGE][PASSED] - Tapped on element 'Object Repository/CommonScreenElements/TakePictureButton'

2018-10-08 17:27:19 - [MESSAGE][PASSED] - Delayed 5 second(s)

2018-10-08 17:27:19 - [MESSAGE][WARNING] - Timeout '0' is invalid. Using default page load timeout: '4'

2018-10-08 17:27:20 - [MESSAGE][PASSED] - Tapped on element 'Object Repository/CommonScreenElements/DoneButton'

2018-10-08 17:27:20 - [MESSAGE][PASSED] - com.ct.qa.keywords.CommonKeywords.findPictureImageView is PASSED

2018-10-08 17:27:20 - [TEST_STEP][PASSED] - verifyElementText: Actual text and expected text of test object 'Object Repository/ShopOpen/RemainingCategories/Validate_ProductCategoryAssetScreen' are matched.

2018-10-08 17:27:21 - [MESSAGE][PASSED] - Actual text and expected text of test object 'Object Repository/ShopOpen/RemainingCategories/Validate_ProductCategoryAssetScreen' are matched.

2018-10-08 17:27:21 - [TEST_STEP][PASSED] - tap: Tapped on element 'Object Repository/ShopOpen/RemainingCategories/ProductCategoryAsset_BackButton'

2018-10-08 17:27:21 - [MESSAGE][WARNING] - Timeout '0' is invalid. Using default page load timeout: '4'

2018-10-08 17:27:21 - [MESSAGE][PASSED] - Tapped on element 'Object Repository/ShopOpen/RemainingCategories/ProductCategoryAsset_BackButton'

2018-10-08 17:27:21 - [TEST_STEP][PASSED] - verifyElementExist: Element 'Object Repository/ShopOpen/Validate_ShopCategoriesListScreen' is exist

2018-10-08 17:27:21 - [MESSAGE][WARNING] - Timeout '0' is invalid. Using default page load timeout: '4'

2018-10-08 17:27:22 - [MESSAGE][PASSED] - Element 'Object Repository/ShopOpen/Validate_ShopCategoriesListScreen' is exist

2018-10-08 17:27:22 - [MESSAGE][PASSED] - Call Test Case 'Test Cases/ShopOpen/RemainingCategories/VisitRemainingCategoriesWithDSA' successfully

2018-10-08 17:27:23 - [TEST_CASE][PASSED] - Test Cases/ShopOpen/RemainingCategories/VisitRemainingCategoriesWithDSA: Test Cases/ShopOpen/RemainingCategories/VisitRemainingCategoriesWithDSA

2018-10-08 17:27:23 - [TEST_STEP][PASSED] - verifyElementText: Actual text and expected text of test object 'Object Repository/ShopOpen/RemainingCategories/Validate_MainCategoryDetailScreen' are matched.

2018-10-08 17:27:24 - [MESSAGE][PASSED] - Actual text and expected text of test object 'Object Repository/ShopOpen/RemainingCategories/Validate_MainCategoryDetailScreen' are matched.

2018-10-08 17:27:24 - [TEST_STEP][PASSED] - tap: Tapped on element 'Object Repository/ShopOpen/RemainingCategories/DisplaySpaceAvailable'

2018-10-08 17:27:24 - [MESSAGE][WARNING] - Timeout '0' is invalid. Using default page load timeout: '4'

2018-10-08 17:27:25 - [MESSAGE][PASSED] - Tapped on element 'Object Repository/ShopOpen/RemainingCategories/DisplaySpaceAvailable'

2018-10-08 17:27:25 - [TEST_STEP][PASSED] - verifyElementText: Actual text and expected text of test object 'Object Repository/ShopOpen/RemainingCategories/Validate_ProductCategoryAssetScreen' are matched.

2018-10-08 17:27:26 - [MESSAGE][PASSED] - Actual text and expected text of test object 'Object Repository/ShopOpen/RemainingCategories/Validate_ProductCategoryAssetScreen' are matched.

2018-10-08 17:27:26 - [TEST_STEP][PASSED] - tap: Tapped on element 'Object Repository/ShopOpen/RemainingCategories/Facing'

2018-10-08 17:27:26 - [MESSAGE][WARNING] - Timeout '0' is invalid. Using default page load timeout: '4'

2018-10-08 17:27:27 - [MESSAGE][PASSED] - Tapped on element 'Object Repository/ShopOpen/RemainingCategories/Facing'

2018-10-08 17:27:27 - [TEST_STEP][PASSED] - verifyElementText: Actual text and expected text of test object 'Object Repository/ShopOpen/RemainingCategories/Validate_FacingScreen' are matched.

2018-10-08 17:27:28 - [MESSAGE][PASSED] - Actual text and expected text of test object 'Object Repository/ShopOpen/RemainingCategories/Validate_FacingScreen' are matched.

2018-10-08 17:27:28 - [TEST_STEP][PASSED] - com.ct.qa.keywords.ChannelProductsDataKeywords.visitChannelWiseProductsData: com.ct.qa.keywords.ChannelProductsDataKeywords.visitChannelWiseProductsData is PASSED

2018-10-08 17:27:32 - [MESSAGE][PASSED] - Keyboard is hidden

2018-10-08 17:27:35 - [MESSAGE][PASSED] - Keyboard is hidden

2018-10-08 17:27:36 - [MESSAGE][PASSED] - com.ct.qa.keywords.ChannelProductsDataKeywords.visitChannelWiseProductsData is PASSED

2018-10-08 17:27:36 - [TEST_STEP][PASSED] - tap: Tapped on element 'Object Repository/ShopOpen/RemainingCategories/SubmitButton'

2018-10-08 17:27:36 - [MESSAGE][WARNING] - Timeout '0' is invalid. Using default page load timeout: '4'

2018-10-08 17:27:36 - [MESSAGE][PASSED] - Tapped on element 'Object Repository/ShopOpen/RemainingCategories/SubmitButton'

2018-10-08 17:27:36 - [TEST_STEP][PASSED] - verifyElementText: Actual text and expected text of test object 'Object Repository/ShopOpen/RemainingCategories/Validate_ProductCategoryAssetScreen' are matched.

2018-10-08 17:27:37 - [MESSAGE][PASSED] - Actual text and expected text of test object 'Object Repository/ShopOpen/RemainingCategories/Validate_ProductCategoryAssetScreen' are matched.

2018-10-08 17:27:37 - [TEST_STEP][PASSED] - tap: Tapped on element 'Object Repository/ShopOpen/RemainingCategories/StockTaking'

2018-10-08 17:27:37 - [MESSAGE][WARNING] - Timeout '0' is invalid. Using default page load timeout: '4'

2018-10-08 17:27:38 - [MESSAGE][PASSED] - Tapped on element 'Object Repository/ShopOpen/RemainingCategories/StockTaking'

2018-10-08 17:27:38 - [TEST_STEP][PASSED] - verifyElementText: Actual text and expected text of test object 'Object Repository/ShopOpen/RemainingCategories/Validate_StockTakingScreen' are matched.

2018-10-08 17:27:40 - [MESSAGE][PASSED] - Actual text and expected text of test object 'Object Repository/ShopOpen/RemainingCategories/Validate_StockTakingScreen' are matched.

2018-10-08 17:27:40 - [TEST_STEP][PASSED] - com.ct.qa.keywords.ChannelProductsDataKeywords.visitChannelWiseProductsData: com.ct.qa.keywords.ChannelProductsDataKeywords.visitChannelWiseProductsData is PASSED

2018-10-08 17:27:43 - [MESSAGE][PASSED] - Keyboard is hidden

2018-10-08 17:27:46 - [MESSAGE][PASSED] - Keyboard is hidden

2018-10-08 17:27:47 - [MESSAGE][PASSED] - com.ct.qa.keywords.ChannelProductsDataKeywords.visitChannelWiseProductsData is PASSED

2018-10-08 17:27:47 - [TEST_STEP][PASSED] - tap: Tapped on element 'Object Repository/ShopOpen/RemainingCategories/SubmitButton'

2018-10-08 17:27:47 - [MESSAGE][WARNING] - Timeout '0' is invalid. Using default page load timeout: '4'

2018-10-08 17:27:48 - [MESSAGE][PASSED] - Tapped on element 'Object Repository/ShopOpen/RemainingCategories/SubmitButton'

2018-10-08 17:27:48 - [TEST_STEP][PASSED] - verifyElementText: Actual text and expected text of test object 'Object Repository/ShopOpen/RemainingCategories/Validate_ProductCategoryAssetScreen' are matched.

2018-10-08 17:27:48 - [MESSAGE][PASSED] - Actual text and expected text of test object 'Object Repository/ShopOpen/RemainingCategories/Validate_ProductCategoryAssetScreen' are matched.

2018-10-08 17:27:48 - [TEST_STEP][PASSED] - tap: Tapped on element 'Object Repository/ShopOpen/RemainingCategories/planogram_ImageView'

2018-10-08 17:27:48 - [MESSAGE][WARNING] - Timeout '0' is invalid. Using default page load timeout: '4'

2018-10-08 17:27:49 - [MESSAGE][PASSED] - Tapped on element 'Object Repository/ShopOpen/RemainingCategories/planogram_ImageView'

2018-10-08 17:27:49 - [TEST_STEP][PASSED] - com.ct.qa.keywords.CommonKeywords.checkPlanogramAvailability: com.ct.qa.keywords.CommonKeywords.checkPlanogramAvailability is PASSED

2018-10-08 17:27:49 - [MESSAGE][WARNING] - Timeout '0' is invalid. Using default page load timeout: '4'

2018-10-08 17:27:54 - [MESSAGE][WARNING] - Object Object Repository/CommonScreenElements/InfoPopUp_OKButton not found
[[ATTACHMENT|F:\\Git Projects\\MMAPlus_Merchandising\\MMAPlus_Merchandising\\Reports\\MMA Plus Merchandising With Chiller Wise Data Verification\\20181008_171154\\1539001673464.png]]

2018-10-08 17:27:54 - [MESSAGE][PASSED] - com.ct.qa.keywords.CommonKeywords.checkPlanogramAvailability is PASSED

2018-10-08 17:27:54 - [TEST_STEP][PASSED] - com.ct.qa.keywords.CommonKeywords.closePlanogram: com.ct.qa.keywords.CommonKeywords.closePlanogram is PASSED

2018-10-08 17:27:55 - [MESSAGE][PASSED] - com.ct.qa.keywords.CommonKeywords.closePlanogram is PASSED

2018-10-08 17:27:55 - [TEST_STEP][PASSED] - verifyElementText: Actual text and expected text of test object 'Object Repository/ShopOpen/RemainingCategories/Validate_ProductCategoryAssetScreen' are matched.

2018-10-08 17:27:56 - [MESSAGE][PASSED] - Actual text and expected text of test object 'Object Repository/ShopOpen/RemainingCategories/Validate_ProductCategoryAssetScreen' are matched.

2018-10-08 17:27:56 - [TEST_STEP][PASSED] - com.ct.qa.keywords.CommonKeywords.findPictureImageView: com.ct.qa.keywords.CommonKeywords.findPictureImageView is PASSED

2018-10-08 17:27:56 - [MESSAGE][WARNING] - Timeout '0' is invalid. Using default page load timeout: '4'

2018-10-08 17:27:58 - [MESSAGE][PASSED] - Tapped on element 'Object Repository/CommonScreenElements/Picture_ImageView'

2018-10-08 17:27:58 - [MESSAGE][WARNING] - Timeout '0' is invalid. Using default page load timeout: '4'

2018-10-08 17:27:59 - [MESSAGE][PASSED] - Element 'Object Repository/CommonScreenElements/Validate_CameraScreen' is exist

2018-10-08 17:27:59 - [MESSAGE][WARNING] - Timeout '0' is invalid. Using default page load timeout: '4'

2018-10-08 17:28:02 - [MESSAGE][PASSED] - Tapped on element 'Object Repository/CommonScreenElements/TakePictureButton'

2018-10-08 17:28:07 - [MESSAGE][PASSED] - Delayed 5 second(s)

2018-10-08 17:28:07 - [MESSAGE][WARNING] - Timeout '0' is invalid. Using default page load timeout: '4'

2018-10-08 17:28:08 - [MESSAGE][PASSED] - Tapped on element 'Object Repository/CommonScreenElements/DoneButton'

2018-10-08 17:28:08 - [MESSAGE][PASSED] - com.ct.qa.keywords.CommonKeywords.findPictureImageView is PASSED

2018-10-08 17:28:08 - [TEST_STEP][PASSED] - verifyElementText: Actual text and expected text of test object 'Object Repository/ShopOpen/RemainingCategories/Validate_ProductCategoryAssetScreen' are matched.

2018-10-08 17:28:09 - [MESSAGE][PASSED] - Actual text and expected text of test object 'Object Repository/ShopOpen/RemainingCategories/Validate_ProductCategoryAssetScreen' are matched.

2018-10-08 17:28:09 - [TEST_STEP][PASSED] - tap: Tapped on element 'Object Repository/ShopOpen/RemainingCategories/ProductCategoryAsset_BackButton'

2018-10-08 17:28:09 - [MESSAGE][WARNING] - Timeout '0' is invalid. Using default page load timeout: '4'

2018-10-08 17:28:09 - [MESSAGE][PASSED] - Tapped on element 'Object Repository/ShopOpen/RemainingCategories/ProductCategoryAsset_BackButton'

2018-10-08 17:28:09 - [TEST_STEP][PASSED] - verifyElementExist: Element 'Object Repository/ShopOpen/Validate_ShopCategoriesListScreen' is exist

2018-10-08 17:28:09 - [MESSAGE][WARNING] - Timeout '0' is invalid. Using default page load timeout: '4'

2018-10-08 17:28:10 - [MESSAGE][PASSED] - Element 'Object Repository/ShopOpen/Validate_ShopCategoriesListScreen' is exist

2018-10-08 17:28:10 - [MESSAGE][PASSED] - Call Test Case 'Test Cases/ShopOpen/RemainingCategories/VisitRemainingCategoriesWithDSA' successfully

2018-10-08 17:28:11 - [TEST_CASE][PASSED] - Test Cases/ShopOpen/RemainingCategories/VisitRemainingCategoriesWithDSA: Test Cases/ShopOpen/RemainingCategories/VisitRemainingCategoriesWithDSA

2018-10-08 17:28:11 - [TEST_STEP][PASSED] - verifyElementText: Actual text and expected text of test object 'Object Repository/ShopOpen/RemainingCategories/Validate_MainCategoryDetailScreen' are matched.

2018-10-08 17:28:12 - [MESSAGE][PASSED] - Actual text and expected text of test object 'Object Repository/ShopOpen/RemainingCategories/Validate_MainCategoryDetailScreen' are matched.

2018-10-08 17:28:12 - [TEST_STEP][PASSED] - tap: Tapped on element 'Object Repository/ShopOpen/RemainingCategories/DisplaySpaceAvailable'

2018-10-08 17:28:12 - [MESSAGE][WARNING] - Timeout '0' is invalid. Using default page load timeout: '4'

2018-10-08 17:28:13 - [MESSAGE][PASSED] - Tapped on element 'Object Repository/ShopOpen/RemainingCategories/DisplaySpaceAvailable'

2018-10-08 17:28:13 - [TEST_STEP][PASSED] - verifyElementText: Actual text and expected text of test object 'Object Repository/ShopOpen/RemainingCategories/Validate_ProductCategoryAssetScreen' are matched.

2018-10-08 17:28:15 - [MESSAGE][PASSED] - Actual text and expected text of test object 'Object Repository/ShopOpen/RemainingCategories/Validate_ProductCategoryAssetScreen' are matched.

2018-10-08 17:28:15 - [TEST_STEP][PASSED] - tap: Tapped on element 'Object Repository/ShopOpen/RemainingCategories/Facing'

2018-10-08 17:28:15 - [MESSAGE][WARNING] - Timeout '0' is invalid. Using default page load timeout: '4'

2018-10-08 17:28:15 - [MESSAGE][PASSED] - Tapped on element 'Object Repository/ShopOpen/RemainingCategories/Facing'

2018-10-08 17:28:15 - [TEST_STEP][PASSED] - verifyElementText: Actual text and expected text of test object 'Object Repository/ShopOpen/RemainingCategories/Validate_FacingScreen' are matched.

2018-10-08 17:28:17 - [MESSAGE][PASSED] - Actual text and expected text of test object 'Object Repository/ShopOpen/RemainingCategories/Validate_FacingScreen' are matched.

2018-10-08 17:28:17 - [TEST_STEP][PASSED] - com.ct.qa.keywords.ChannelProductsDataKeywords.visitChannelWiseProductsData: com.ct.qa.keywords.ChannelProductsDataKeywords.visitChannelWiseProductsData is PASSED

2018-10-08 17:28:21 - [MESSAGE][PASSED] - Keyboard is hidden

2018-10-08 17:28:24 - [MESSAGE][PASSED] - Keyboard is hidden

2018-10-08 17:28:27 - [MESSAGE][PASSED] - Keyboard is hidden

2018-10-08 17:28:30 - [MESSAGE][PASSED] - Keyboard is hidden

2018-10-08 17:28:33 - [MESSAGE][PASSED] - Keyboard is hidden

2018-10-08 17:28:36 - [MESSAGE][PASSED] - Keyboard is hidden

2018-10-08 17:28:39 - [MESSAGE][PASSED] - Swiped from 73,359 to 73,250

2018-10-08 17:28:43 - [MESSAGE][PASSED] - Keyboard is hidden

2018-10-08 17:28:44 - [MESSAGE][PASSED] - Swiped from 73,359 to 73,250

2018-10-08 17:28:48 - [MESSAGE][PASSED] - Keyboard is hidden

2018-10-08 17:28:49 - [MESSAGE][PASSED] - Swiped from 73,359 to 73,250

2018-10-08 17:28:53 - [MESSAGE][PASSED] - Keyboard is hidden

2018-10-08 17:28:54 - [MESSAGE][PASSED] - Swiped from 73,359 to 73,250

2018-10-08 17:28:58 - [MESSAGE][PASSED] - Keyboard is hidden

2018-10-08 17:28:59 - [MESSAGE][PASSED] - Swiped from 73,359 to 73,250

2018-10-08 17:29:03 - [MESSAGE][PASSED] - Keyboard is hidden

2018-10-08 17:29:04 - [MESSAGE][PASSED] - Swiped from 73,359 to 73,250

2018-10-08 17:29:05 - [MESSAGE][PASSED] - com.ct.qa.keywords.ChannelProductsDataKeywords.visitChannelWiseProductsData is PASSED

2018-10-08 17:29:05 - [TEST_STEP][PASSED] - tap: Tapped on element 'Object Repository/ShopOpen/RemainingCategories/SubmitButton'

2018-10-08 17:29:05 - [MESSAGE][WARNING] - Timeout '0' is invalid. Using default page load timeout: '4'

2018-10-08 17:29:06 - [MESSAGE][PASSED] - Tapped on element 'Object Repository/ShopOpen/RemainingCategories/SubmitButton'

2018-10-08 17:29:06 - [TEST_STEP][PASSED] - verifyElementText: Actual text and expected text of test object 'Object Repository/ShopOpen/RemainingCategories/Validate_ProductCategoryAssetScreen' are matched.

2018-10-08 17:29:07 - [MESSAGE][PASSED] - Actual text and expected text of test object 'Object Repository/ShopOpen/RemainingCategories/Validate_ProductCategoryAssetScreen' are matched.

2018-10-08 17:29:07 - [TEST_STEP][PASSED] - tap: Tapped on element 'Object Repository/ShopOpen/RemainingCategories/StockTaking'

2018-10-08 17:29:07 - [MESSAGE][WARNING] - Timeout '0' is invalid. Using default page load timeout: '4'

2018-10-08 17:29:08 - [MESSAGE][PASSED] - Tapped on element 'Object Repository/ShopOpen/RemainingCategories/StockTaking'

2018-10-08 17:29:08 - [TEST_STEP][PASSED] - verifyElementText: Actual text and expected text of test object 'Object Repository/ShopOpen/RemainingCategories/Validate_StockTakingScreen' are matched.

2018-10-08 17:29:09 - [MESSAGE][PASSED] - Actual text and expected text of test object 'Object Repository/ShopOpen/RemainingCategories/Validate_StockTakingScreen' are matched.

2018-10-08 17:29:09 - [TEST_STEP][PASSED] - com.ct.qa.keywords.ChannelProductsDataKeywords.visitChannelWiseProductsData: com.ct.qa.keywords.ChannelProductsDataKeywords.visitChannelWiseProductsData is PASSED

2018-10-08 17:29:14 - [MESSAGE][PASSED] - Keyboard is hidden

2018-10-08 17:29:17 - [MESSAGE][PASSED] - Keyboard is hidden

2018-10-08 17:29:20 - [MESSAGE][PASSED] - Keyboard is hidden

2018-10-08 17:29:23 - [MESSAGE][PASSED] - Keyboard is hidden

2018-10-08 17:29:26 - [MESSAGE][PASSED] - Keyboard is hidden

2018-10-08 17:29:29 - [MESSAGE][PASSED] - Keyboard is hidden

2018-10-08 17:29:31 - [MESSAGE][PASSED] - Swiped from 73,359 to 73,250

2018-10-08 17:29:35 - [MESSAGE][PASSED] - Keyboard is hidden

2018-10-08 17:29:36 - [MESSAGE][PASSED] - Swiped from 73,359 to 73,250

2018-10-08 17:29:40 - [MESSAGE][PASSED] - Keyboard is hidden

2018-10-08 17:29:41 - [MESSAGE][PASSED] - Swiped from 73,359 to 73,250

2018-10-08 17:29:45 - [MESSAGE][PASSED] - Keyboard is hidden

2018-10-08 17:29:46 - [MESSAGE][PASSED] - Swiped from 73,359 to 73,250

2018-10-08 17:29:50 - [MESSAGE][PASSED] - Keyboard is hidden

2018-10-08 17:29:51 - [MESSAGE][PASSED] - Swiped from 73,359 to 73,250

2018-10-08 17:29:55 - [MESSAGE][PASSED] - Keyboard is hidden

2018-10-08 17:29:56 - [MESSAGE][PASSED] - Swiped from 73,359 to 73,250

2018-10-08 17:29:57 - [MESSAGE][PASSED] - com.ct.qa.keywords.ChannelProductsDataKeywords.visitChannelWiseProductsData is PASSED

2018-10-08 17:29:57 - [TEST_STEP][PASSED] - tap: Tapped on element 'Object Repository/ShopOpen/RemainingCategories/SubmitButton'

2018-10-08 17:29:57 - [MESSAGE][WARNING] - Timeout '0' is invalid. Using default page load timeout: '4'

2018-10-08 17:29:58 - [MESSAGE][PASSED] - Tapped on element 'Object Repository/ShopOpen/RemainingCategories/SubmitButton'

2018-10-08 17:29:58 - [TEST_STEP][PASSED] - verifyElementText: Actual text and expected text of test object 'Object Repository/ShopOpen/RemainingCategories/Validate_ProductCategoryAssetScreen' are matched.

2018-10-08 17:29:59 - [MESSAGE][PASSED] - Actual text and expected text of test object 'Object Repository/ShopOpen/RemainingCategories/Validate_ProductCategoryAssetScreen' are matched.

2018-10-08 17:29:59 - [TEST_STEP][PASSED] - tap: Tapped on element 'Object Repository/ShopOpen/RemainingCategories/planogram_ImageView'

2018-10-08 17:29:59 - [MESSAGE][WARNING] - Timeout '0' is invalid. Using default page load timeout: '4'

2018-10-08 17:30:00 - [MESSAGE][PASSED] - Tapped on element 'Object Repository/ShopOpen/RemainingCategories/planogram_ImageView'

2018-10-08 17:30:00 - [TEST_STEP][PASSED] - com.ct.qa.keywords.CommonKeywords.checkPlanogramAvailability: com.ct.qa.keywords.CommonKeywords.checkPlanogramAvailability is PASSED

2018-10-08 17:30:00 - [MESSAGE][WARNING] - Timeout '0' is invalid. Using default page load timeout: '4'

2018-10-08 17:30:06 - [MESSAGE][WARNING] - Object Object Repository/CommonScreenElements/InfoPopUp_OKButton not found
[[ATTACHMENT|F:\\Git Projects\\MMAPlus_Merchandising\\MMAPlus_Merchandising\\Reports\\MMA Plus Merchandising With Chiller Wise Data Verification\\20181008_171154\\1539001804379.png]]

2018-10-08 17:30:06 - [MESSAGE][PASSED] - com.ct.qa.keywords.CommonKeywords.checkPlanogramAvailability is PASSED

2018-10-08 17:30:06 - [TEST_STEP][PASSED] - com.ct.qa.keywords.CommonKeywords.closePlanogram: com.ct.qa.keywords.CommonKeywords.closePlanogram is PASSED

2018-10-08 17:30:06 - [MESSAGE][PASSED] - com.ct.qa.keywords.CommonKeywords.closePlanogram is PASSED

2018-10-08 17:30:06 - [TEST_STEP][PASSED] - verifyElementText: Actual text and expected text of test object 'Object Repository/ShopOpen/RemainingCategories/Validate_ProductCategoryAssetScreen' are matched.

2018-10-08 17:30:07 - [MESSAGE][PASSED] - Actual text and expected text of test object 'Object Repository/ShopOpen/RemainingCategories/Validate_ProductCategoryAssetScreen' are matched.

2018-10-08 17:30:07 - [TEST_STEP][PASSED] - com.ct.qa.keywords.CommonKeywords.findPictureImageView: com.ct.qa.keywords.CommonKeywords.findPictureImageView is PASSED

2018-10-08 17:30:07 - [MESSAGE][WARNING] - Timeout '0' is invalid. Using default page load timeout: '4'

2018-10-08 17:30:09 - [MESSAGE][PASSED] - Tapped on element 'Object Repository/CommonScreenElements/Picture_ImageView'

2018-10-08 17:30:09 - [MESSAGE][WARNING] - Timeout '0' is invalid. Using default page load timeout: '4'

2018-10-08 17:30:10 - [MESSAGE][PASSED] - Element 'Object Repository/CommonScreenElements/Validate_CameraScreen' is exist

2018-10-08 17:30:10 - [MESSAGE][WARNING] - Timeout '0' is invalid. Using default page load timeout: '4'

2018-10-08 17:30:13 - [MESSAGE][PASSED] - Tapped on element 'Object Repository/CommonScreenElements/TakePictureButton'

2018-10-08 17:30:18 - [MESSAGE][PASSED] - Delayed 5 second(s)

2018-10-08 17:30:18 - [MESSAGE][WARNING] - Timeout '0' is invalid. Using default page load timeout: '4'

2018-10-08 17:30:19 - [MESSAGE][PASSED] - Tapped on element 'Object Repository/CommonScreenElements/DoneButton'

2018-10-08 17:30:19 - [MESSAGE][PASSED] - com.ct.qa.keywords.CommonKeywords.findPictureImageView is PASSED

2018-10-08 17:30:19 - [TEST_STEP][PASSED] - verifyElementText: Actual text and expected text of test object 'Object Repository/ShopOpen/RemainingCategories/Validate_ProductCategoryAssetScreen' are matched.

2018-10-08 17:30:20 - [MESSAGE][PASSED] - Actual text and expected text of test object 'Object Repository/ShopOpen/RemainingCategories/Validate_ProductCategoryAssetScreen' are matched.

2018-10-08 17:30:20 - [TEST_STEP][PASSED] - tap: Tapped on element 'Object Repository/ShopOpen/RemainingCategories/ProductCategoryAsset_BackButton'

2018-10-08 17:30:20 - [MESSAGE][WARNING] - Timeout '0' is invalid. Using default page load timeout: '4'

2018-10-08 17:30:20 - [MESSAGE][PASSED] - Tapped on element 'Object Repository/ShopOpen/RemainingCategories/ProductCategoryAsset_BackButton'

2018-10-08 17:30:20 - [TEST_STEP][PASSED] - verifyElementExist: Element 'Object Repository/ShopOpen/Validate_ShopCategoriesListScreen' is exist

2018-10-08 17:30:20 - [MESSAGE][WARNING] - Timeout '0' is invalid. Using default page load timeout: '4'

2018-10-08 17:30:21 - [MESSAGE][PASSED] - Element 'Object Repository/ShopOpen/Validate_ShopCategoriesListScreen' is exist

2018-10-08 17:30:21 - [MESSAGE][PASSED] - Call Test Case 'Test Cases/ShopOpen/RemainingCategories/VisitRemainingCategoriesWithDSA' successfully

2018-10-08 17:30:23 - [MESSAGE][PASSED] - Swiped from 0,293 to 0,200

2018-10-08 17:30:25 - [TEST_CASE][PASSED] - Test Cases/ShopOpen/RTMVisitFrequency/VisitRTMVisitFrequency: Test Cases/ShopOpen/RTMVisitFrequency/VisitRTMVisitFrequency

2018-10-08 17:30:25 - [TEST_STEP][PASSED] - verifyElementText: Actual text and expected text of test object 'Object Repository/ShopOpen/RTMVisitFrequency/Validate_RTMVisitFrequencyScreen' are matched.

2018-10-08 17:30:27 - [MESSAGE][PASSED] - Actual text and expected text of test object 'Object Repository/ShopOpen/RTMVisitFrequency/Validate_RTMVisitFrequencyScreen' are matched.

2018-10-08 17:30:27 - [TEST_STEP][PASSED] - com.ct.qa.keywords.RTMVisitFrequencyKeywords.visitRTMVisitFrequency: com.ct.qa.keywords.RTMVisitFrequencyKeywords.visitRTMVisitFrequency is PASSED

2018-10-08 17:30:28 - [MESSAGE][WARNING] - Timeout '0' is invalid. Using default page load timeout: '4'

2018-10-08 17:30:29 - [MESSAGE][PASSED] - Element 'Object Repository/ShopOpen/RTMVisitFrequency/Validate_RTMVisitFrequencyRemarks' is exist

2018-10-08 17:30:29 - [MESSAGE][WARNING] - Timeout '0' is invalid. Using default page load timeout: '4'

2018-10-08 17:30:30 - [MESSAGE][PASSED] - Tapped on element 'Object Repository/ShopOpen/RTMVisitFrequency/OnceAWeek'

2018-10-08 17:30:31 - [MESSAGE][WARNING] - Timeout '0' is invalid. Using default page load timeout: '4'

2018-10-08 17:30:32 - [MESSAGE][PASSED] - Element 'Object Repository/ShopOpen/RTMVisitFrequency/Validate_RTMVisitFrequencyRemarks' is exist

2018-10-08 17:30:32 - [MESSAGE][WARNING] - Timeout '0' is invalid. Using default page load timeout: '4'

2018-10-08 17:30:33 - [MESSAGE][PASSED] - Tapped on element 'Object Repository/ShopOpen/RTMVisitFrequency/OnceAWeek'

2018-10-08 17:30:34 - [MESSAGE][WARNING] - Timeout '0' is invalid. Using default page load timeout: '4'

2018-10-08 17:30:35 - [MESSAGE][PASSED] - Element 'Object Repository/ShopOpen/RTMVisitFrequency/Validate_RTMVisitFrequencyRemarks' is exist

2018-10-08 17:30:35 - [MESSAGE][WARNING] - Timeout '0' is invalid. Using default page load timeout: '4'

2018-10-08 17:30:36 - [MESSAGE][PASSED] - Tapped on element 'Object Repository/ShopOpen/RTMVisitFrequency/OnceAWeek'

2018-10-08 17:30:37 - [MESSAGE][WARNING] - Timeout '0' is invalid. Using default page load timeout: '4'

2018-10-08 17:30:38 - [MESSAGE][PASSED] - Element 'Object Repository/ShopOpen/RTMVisitFrequency/Validate_RTMVisitFrequencyRemarks' is exist

2018-10-08 17:30:38 - [MESSAGE][WARNING] - Timeout '0' is invalid. Using default page load timeout: '4'

2018-10-08 17:30:39 - [MESSAGE][PASSED] - Tapped on element 'Object Repository/ShopOpen/RTMVisitFrequency/OnceAWeek'

2018-10-08 17:30:39 - [MESSAGE][PASSED] - com.ct.qa.keywords.RTMVisitFrequencyKeywords.visitRTMVisitFrequency is PASSED

2018-10-08 17:30:39 - [TEST_STEP][PASSED] - tap: Tapped on element 'Object Repository/ShopOpen/RTMVisitFrequency/BackButton'

2018-10-08 17:30:39 - [MESSAGE][WARNING] - Timeout '0' is invalid. Using default page load timeout: '4'

2018-10-08 17:30:40 - [MESSAGE][PASSED] - Tapped on element 'Object Repository/ShopOpen/RTMVisitFrequency/BackButton'

2018-10-08 17:30:40 - [TEST_STEP][PASSED] - verifyElementExist: Element 'Object Repository/ShopOpen/Validate_ShopCategoriesListScreen' is exist

2018-10-08 17:30:40 - [MESSAGE][WARNING] - Timeout '0' is invalid. Using default page load timeout: '4'

2018-10-08 17:30:41 - [MESSAGE][PASSED] - Element 'Object Repository/ShopOpen/Validate_ShopCategoriesListScreen' is exist

2018-10-08 17:30:41 - [MESSAGE][PASSED] - Call Test Case 'Test Cases/ShopOpen/RTMVisitFrequency/VisitRTMVisitFrequency' successfully

2018-10-08 17:30:42 - [MESSAGE][PASSED] - Swiped from 0,293 to 0,200

2018-10-08 17:30:45 - [MESSAGE][PASSED] - Swiped from 0,293 to 0,200

2018-10-08 17:30:48 - [TEST_CASE][PASSED] - Test Cases/ShopOpen/HangerAvailability/VisitHangerAvailability: Test Cases/ShopOpen/HangerAvailability/VisitHangerAvailability

2018-10-08 17:30:48 - [TEST_STEP][PASSED] - verifyElementText: Actual text and expected text of test object 'Object Repository/ShopOpen/HangerAvailability/Validate_HangerAvailabilityScreen' are matched.

2018-10-08 17:30:49 - [MESSAGE][PASSED] - Actual text and expected text of test object 'Object Repository/ShopOpen/HangerAvailability/Validate_HangerAvailabilityScreen' are matched.

2018-10-08 17:30:49 - [TEST_STEP][PASSED] - tap: Tapped on element 'Object Repository/ShopOpen/HangerAvailability/HangerAvailability_Yes'

2018-10-08 17:30:49 - [MESSAGE][WARNING] - Timeout '0' is invalid. Using default page load timeout: '4'

2018-10-08 17:30:50 - [MESSAGE][PASSED] - Tapped on element 'Object Repository/ShopOpen/HangerAvailability/HangerAvailability_Yes'

2018-10-08 17:30:50 - [TEST_STEP][PASSED] - tap: Tapped on element 'Object Repository/ShopOpen/HangerAvailability/HangerAvailability_BackButton'

2018-10-08 17:30:50 - [MESSAGE][WARNING] - Timeout '0' is invalid. Using default page load timeout: '4'

2018-10-08 17:30:51 - [MESSAGE][PASSED] - Tapped on element 'Object Repository/ShopOpen/HangerAvailability/HangerAvailability_BackButton'

2018-10-08 17:30:51 - [TEST_STEP][PASSED] - verifyElementExist: Element 'Object Repository/ShopOpen/Validate_ShopCategoriesListScreen' is exist

2018-10-08 17:30:51 - [MESSAGE][WARNING] - Timeout '0' is invalid. Using default page load timeout: '4'

2018-10-08 17:30:53 - [MESSAGE][PASSED] - Element 'Object Repository/ShopOpen/Validate_ShopCategoriesListScreen' is exist

2018-10-08 17:30:53 - [MESSAGE][PASSED] - Call Test Case 'Test Cases/ShopOpen/HangerAvailability/VisitHangerAvailability' successfully

2018-10-08 17:30:53 - [MESSAGE][PASSED] - Swiped from 0,293 to 0,200

2018-10-08 17:30:55 - [MESSAGE][PASSED] - Swiped from 0,293 to 0,200

2018-10-08 17:30:58 - [MESSAGE][PASSED] - Swiped from 0,293 to 0,200

2018-10-08 17:31:01 - [TEST_CASE][PASSED] - Test Cases/ShopOpen/POPApplication/OverwritePOPApplication: Test Cases/ShopOpen/POPApplication/OverwritePOPApplication

2018-10-08 17:31:01 - [TEST_STEP][PASSED] - verifyElementText: Actual text and expected text of test object 'Object Repository/ShopOpen/POPApplication/Validate_POPApplicationDetailScreen' are matched.

2018-10-08 17:31:02 - [MESSAGE][PASSED] - Actual text and expected text of test object 'Object Repository/ShopOpen/POPApplication/Validate_POPApplicationDetailScreen' are matched.

2018-10-08 17:31:02 - [TEST_STEP][PASSED] - tap: Tapped on element 'Object Repository/ShopOpen/POPApplication/POPDeployment_No'

2018-10-08 17:31:02 - [MESSAGE][WARNING] - Timeout '0' is invalid. Using default page load timeout: '4'

2018-10-08 17:31:03 - [MESSAGE][PASSED] - Tapped on element 'Object Repository/ShopOpen/POPApplication/POPDeployment_No'

2018-10-08 17:31:03 - [TEST_STEP][PASSED] - pressBack: Press back button successfully

2018-10-08 17:31:03 - [MESSAGE][PASSED] - Press back button successfully

2018-10-08 17:31:03 - [TEST_STEP][PASSED] - verifyElementExist: Element 'Object Repository/ShopOpen/Validate_ShopCategoriesListScreen' is exist

2018-10-08 17:31:03 - [MESSAGE][WARNING] - Timeout '0' is invalid. Using default page load timeout: '4'

2018-10-08 17:31:05 - [MESSAGE][PASSED] - Element 'Object Repository/ShopOpen/Validate_ShopCategoriesListScreen' is exist

2018-10-08 17:31:05 - [MESSAGE][PASSED] - Call Test Case 'Test Cases/ShopOpen/POPApplication/OverwritePOPApplication' successfully

2018-10-08 17:31:05 - [MESSAGE][PASSED] - Swiped from 0,293 to 0,200

2018-10-08 17:31:07 - [MESSAGE][PASSED] - Swiped from 0,293 to 0,200

2018-10-08 17:31:09 - [MESSAGE][PASSED] - Swiped from 0,293 to 0,200

2018-10-08 17:31:12 - [MESSAGE][PASSED] - Swiped from 0,293 to 0,200

2018-10-08 17:31:14 - [TEST_CASE][PASSED] - Test Cases/ShopOpen/RetailerRemarks/VisitRetailerRemarks: Test Cases/ShopOpen/RetailerRemarks/VisitRetailerRemarks

2018-10-08 17:31:14 - [TEST_STEP][PASSED] - verifyElementText: Actual text and expected text of test object 'Object Repository/ShopOpen/RetailerRemarks/Validate_RetailerRemarksScreen' are matched.

2018-10-08 17:31:16 - [MESSAGE][PASSED] - Actual text and expected text of test object 'Object Repository/ShopOpen/RetailerRemarks/Validate_RetailerRemarksScreen' are matched.

2018-10-08 17:31:16 - [TEST_STEP][PASSED] - com.ct.qa.keywords.RetailerRemarksKeywords.visitRetailerRemarks: com.ct.qa.keywords.RetailerRemarksKeywords.visitRetailerRemarks is PASSED

2018-10-08 17:31:17 - [MESSAGE][WARNING] - Timeout '0' is invalid. Using default page load timeout: '4'

2018-10-08 17:31:18 - [MESSAGE][PASSED] - Element 'Object Repository/ShopOpen/RetailerRemarks/OBNotVisiting' is exist

2018-10-08 17:31:18 - [MESSAGE][WARNING] - Timeout '0' is invalid. Using default page load timeout: '4'

2018-10-08 17:31:19 - [MESSAGE][PASSED] - Tapped on element 'Object Repository/ShopOpen/RetailerRemarks/OBNotVisiting'

2018-10-08 17:31:19 - [MESSAGE][PASSED] - Press back button successfully

2018-10-08 17:31:20 - [MESSAGE][PASSED] - Actual text and expected text of test object 'Object Repository/ShopOpen/RetailerRemarks/Validate_RetailerRemarksScreen' are matched.

2018-10-08 17:31:21 - [MESSAGE][WARNING] - Timeout '0' is invalid. Using default page load timeout: '4'

2018-10-08 17:31:22 - [MESSAGE][PASSED] - Element 'Object Repository/ShopOpen/RetailerRemarks/OBNotVisiting' is exist

2018-10-08 17:31:22 - [MESSAGE][WARNING] - Timeout '0' is invalid. Using default page load timeout: '4'

2018-10-08 17:31:23 - [MESSAGE][PASSED] - Tapped on element 'Object Repository/ShopOpen/RetailerRemarks/OBNotVisiting'

2018-10-08 17:31:24 - [MESSAGE][PASSED] - Press back button successfully

2018-10-08 17:31:24 - [MESSAGE][PASSED] - Actual text and expected text of test object 'Object Repository/ShopOpen/RetailerRemarks/Validate_RetailerRemarksScreen' are matched.

2018-10-08 17:31:25 - [MESSAGE][WARNING] - Timeout '0' is invalid. Using default page load timeout: '4'

2018-10-08 17:31:26 - [MESSAGE][PASSED] - Element 'Object Repository/ShopOpen/RetailerRemarks/OBNotVisiting' is exist

2018-10-08 17:31:26 - [MESSAGE][WARNING] - Timeout '0' is invalid. Using default page load timeout: '4'

2018-10-08 17:31:27 - [MESSAGE][PASSED] - Tapped on element 'Object Repository/ShopOpen/RetailerRemarks/OBNotVisiting'

2018-10-08 17:31:27 - [MESSAGE][PASSED] - Press back button successfully

2018-10-08 17:31:28 - [MESSAGE][PASSED] - Actual text and expected text of test object 'Object Repository/ShopOpen/RetailerRemarks/Validate_RetailerRemarksScreen' are matched.

2018-10-08 17:31:28 - [MESSAGE][PASSED] - com.ct.qa.keywords.RetailerRemarksKeywords.visitRetailerRemarks is PASSED

2018-10-08 17:31:28 - [TEST_STEP][PASSED] - tap: Tapped on element 'Object Repository/ShopOpen/RetailerRemarks/BackButton'

2018-10-08 17:31:28 - [MESSAGE][WARNING] - Timeout '0' is invalid. Using default page load timeout: '4'

2018-10-08 17:31:29 - [MESSAGE][PASSED] - Tapped on element 'Object Repository/ShopOpen/RetailerRemarks/BackButton'

2018-10-08 17:31:29 - [TEST_STEP][PASSED] - verifyElementExist: Element 'Object Repository/ShopOpen/Validate_ShopCategoriesListScreen' is exist

2018-10-08 17:31:29 - [MESSAGE][WARNING] - Timeout '0' is invalid. Using default page load timeout: '4'

2018-10-08 17:31:31 - [MESSAGE][PASSED] - Element 'Object Repository/ShopOpen/Validate_ShopCategoriesListScreen' is exist

2018-10-08 17:31:31 - [MESSAGE][PASSED] - Call Test Case 'Test Cases/ShopOpen/RetailerRemarks/VisitRetailerRemarks' successfully

2018-10-08 17:31:31 - [MESSAGE][PASSED] - Swiped from 0,293 to 0,200

2018-10-08 17:31:33 - [MESSAGE][PASSED] - Swiped from 0,293 to 0,200

2018-10-08 17:31:35 - [MESSAGE][PASSED] - Swiped from 0,293 to 0,200

2018-10-08 17:31:37 - [MESSAGE][PASSED] - Swiped from 0,293 to 0,200

2018-10-08 17:31:40 - [MESSAGE][PASSED] - Swiped from 0,293 to 0,200

2018-10-08 17:31:42 - [TEST_CASE][PASSED] - Test Cases/ShopOpen/AdditionalPicture/VisitAdditionalPicture: Test Cases/ShopOpen/AdditionalPicture/VisitAdditionalPicture

2018-10-08 17:31:42 - [TEST_STEP][PASSED] - verifyElementText: Actual text and expected text of test object 'Object Repository/ShopOpen/AdditionalPicture/Validate_AdditionalPictureScreen' are matched.

2018-10-08 17:31:44 - [MESSAGE][PASSED] - Actual text and expected text of test object 'Object Repository/ShopOpen/AdditionalPicture/Validate_AdditionalPictureScreen' are matched.

2018-10-08 17:31:44 - [TEST_STEP][PASSED] - com.ct.qa.keywords.AdditionalPictureKeywords.takeMendatoryImages: com.ct.qa.keywords.AdditionalPictureKeywords.takeMendatoryImages is PASSED

2018-10-08 17:31:46 - [MESSAGE][WARNING] - Timeout '0' is invalid. Using default page load timeout: '4'

2018-10-08 17:31:48 - [MESSAGE][PASSED] - Element 'Object Repository/CommonScreenElements/Validate_CameraScreen' is exist

2018-10-08 17:31:48 - [MESSAGE][WARNING] - Timeout '0' is invalid. Using default page load timeout: '4'

2018-10-08 17:31:51 - [MESSAGE][PASSED] - Tapped on element 'Object Repository/CommonScreenElements/TakePictureButton'

2018-10-08 17:31:56 - [MESSAGE][PASSED] - Delayed 5 second(s)

2018-10-08 17:31:56 - [MESSAGE][WARNING] - Timeout '0' is invalid. Using default page load timeout: '4'

2018-10-08 17:31:57 - [MESSAGE][PASSED] - Tapped on element 'Object Repository/CommonScreenElements/DoneButton'

2018-10-08 17:31:57 - [MESSAGE][PASSED] - com.ct.qa.keywords.AdditionalPictureKeywords.takeMendatoryImages is PASSED

2018-10-08 17:31:57 - [TEST_STEP][PASSED] - pressBack: Press back button successfully

2018-10-08 17:31:58 - [MESSAGE][PASSED] - Press back button successfully

2018-10-08 17:31:58 - [TEST_STEP][PASSED] - verifyElementExist: Element 'Object Repository/ShopOpen/Validate_ShopCategoriesListScreen' is exist

2018-10-08 17:31:58 - [MESSAGE][WARNING] - Timeout '0' is invalid. Using default page load timeout: '4'

2018-10-08 17:31:59 - [MESSAGE][PASSED] - Element 'Object Repository/ShopOpen/Validate_ShopCategoriesListScreen' is exist

2018-10-08 17:31:59 - [MESSAGE][PASSED] - Call Test Case 'Test Cases/ShopOpen/AdditionalPicture/VisitAdditionalPicture' successfully

2018-10-08 17:32:00 - [MESSAGE][PASSED] - Swiped from 0,293 to 0,200

2018-10-08 17:32:02 - [MESSAGE][PASSED] - Swiped from 0,293 to 0,200

2018-10-08 17:32:04 - [MESSAGE][PASSED] - Swiped from 0,293 to 0,200

2018-10-08 17:32:06 - [MESSAGE][PASSED] - Swiped from 0,293 to 0,200

2018-10-08 17:32:08 - [MESSAGE][PASSED] - Swiped from 0,293 to 0,200

2018-10-08 17:32:11 - [MESSAGE][PASSED] - Swiped from 0,293 to 0,200

2018-10-08 17:32:13 - [MESSAGE][PASSED] - com.ct.qa.keywords.CategoryVisitingScenariosKeywords.visitShopCategoriesWithDataVerification is PASSED

2018-10-08 17:32:13 - [MESSAGE][PASSED] - Call Test Case 'Test Cases/ShopOpen/VisitCategoryScenarios/VisitShopCategoriesWithDataVerification' successfully

2018-10-08 17:32:13 - [TEST_CASE][PASSED] - Test Cases/ShopOpen/SaveShop: Test Cases/ShopOpen/SaveShop

2018-10-08 17:32:13 - [TEST_STEP][PASSED] - tap: Tapped on element 'Object Repository/ShopOpen/SubmitButtonToSaveShop'

2018-10-08 17:32:13 - [MESSAGE][WARNING] - Timeout '0' is invalid. Using default page load timeout: '4'

2018-10-08 17:32:14 - [MESSAGE][PASSED] - Tapped on element 'Object Repository/ShopOpen/SubmitButtonToSaveShop'

2018-10-08 17:32:14 - [TEST_STEP][PASSED] - verifyElementExist: Element 'Object Repository/CommonScreenElements/Validate_InfoPopUP' is exist

2018-10-08 17:32:14 - [MESSAGE][WARNING] - Timeout '0' is invalid. Using default page load timeout: '4'

2018-10-08 17:32:15 - [MESSAGE][PASSED] - Element 'Object Repository/CommonScreenElements/Validate_InfoPopUP' is exist

2018-10-08 17:32:15 - [TEST_STEP][PASSED] - tap: Tapped on element 'Object Repository/CommonScreenElements/InfoPopUp_YesButton'

2018-10-08 17:32:15 - [MESSAGE][WARNING] - Timeout '0' is invalid. Using default page load timeout: '4'

2018-10-08 17:32:20 - [MESSAGE][PASSED] - Tapped on element 'Object Repository/CommonScreenElements/InfoPopUp_YesButton'

2018-10-08 17:32:20 - [TEST_STEP][PASSED] - verifyElementText: Actual text and expected text of test object 'Object Repository/Validate_ShopListScreen' are matched.

2018-10-08 17:32:21 - [MESSAGE][PASSED] - Actual text and expected text of test object 'Object Repository/Validate_ShopListScreen' are matched.

2018-10-08 17:32:21 - [MESSAGE][PASSED] - Call Test Case 'Test Cases/ShopOpen/SaveShop' successfully

2018-10-08 17:32:21 - [MESSAGE][WARNING] - Timeout '0' is invalid. Using default page load timeout: '4'

2018-10-08 17:32:21 - [MESSAGE][PASSED] - Element 'Object Repository/Validate_ShopListScreen' is exist

2018-10-08 17:32:23 - [MESSAGE][PASSED] - Actual text and expected text of test object 'Object Repository/Validate_ShopOptionsScreen' are matched.

2018-10-08 17:32:23 - [MESSAGE][WARNING] - Timeout '0' is invalid. Using default page load timeout: '4'

2018-10-08 17:32:24 - [MESSAGE][PASSED] - Tapped on element 'Object Repository/StartWorking'

2018-10-08 17:32:39 - [MESSAGE][PASSED] - Delayed 15 second(s)

2018-10-08 17:32:40 - [MESSAGE][PASSED] - Element 'Object Repository/CommonScreenElements/Validate_MapScreen' is exist

2018-10-08 17:32:40 - [MESSAGE][WARNING] - Timeout '0' is invalid. Using default page load timeout: '4'

2018-10-08 17:32:40 - [MESSAGE][PASSED] - Tapped on element 'Object Repository/CommonScreenElements/Location_CheckIn'

2018-10-08 17:32:40 - [MESSAGE][WARNING] - Timeout '0' is invalid. Using default page load timeout: '4'

2018-10-08 17:32:41 - [MESSAGE][PASSED] - Element 'Object Repository/CommonScreenElements/Validate_InfoPopUP' is exist

2018-10-08 17:32:41 - [MESSAGE][WARNING] - Timeout '0' is invalid. Using default page load timeout: '4'

2018-10-08 17:32:42 - [MESSAGE][PASSED] - Tapped on element 'Object Repository/CommonScreenElements/InfoPopUp_NoButton'

2018-10-08 17:32:42 - [TEST_CASE][PASSED] - Test Cases/ShopOpen/VisitShopOpen: Test Cases/ShopOpen/VisitShopOpen

2018-10-08 17:32:42 - [TEST_STEP][PASSED] - verifyElementExist: Element 'Object Repository/ShopActions_List' is exist

2018-10-08 17:32:42 - [MESSAGE][WARNING] - Timeout '0' is invalid. Using default page load timeout: '4'

2018-10-08 17:32:43 - [MESSAGE][PASSED] - Element 'Object Repository/ShopActions_List' is exist

2018-10-08 17:32:43 - [TEST_STEP][PASSED] - tap: Tapped on element 'Object Repository/ShopOpen/ShopOpen'

2018-10-08 17:32:43 - [MESSAGE][WARNING] - Timeout '0' is invalid. Using default page load timeout: '4'

2018-10-08 17:32:44 - [MESSAGE][PASSED] - Tapped on element 'Object Repository/ShopOpen/ShopOpen'

2018-10-08 17:32:44 - [TEST_STEP][PASSED] - verifyElementExist: Element 'Object Repository/CommonScreenElements/Validate_CameraScreen' is exist

2018-10-08 17:32:44 - [MESSAGE][WARNING] - Timeout '0' is invalid. Using default page load timeout: '4'

2018-10-08 17:32:45 - [MESSAGE][PASSED] - Element 'Object Repository/CommonScreenElements/Validate_CameraScreen' is exist

2018-10-08 17:32:45 - [TEST_STEP][PASSED] - tap: Tapped on element 'Object Repository/CommonScreenElements/TakePictureButton'

2018-10-08 17:32:45 - [MESSAGE][WARNING] - Timeout '0' is invalid. Using default page load timeout: '4'

2018-10-08 17:32:48 - [MESSAGE][PASSED] - Tapped on element 'Object Repository/CommonScreenElements/TakePictureButton'

2018-10-08 17:32:48 - [TEST_STEP][PASSED] - delay: Delayed 5 second(s)

2018-10-08 17:32:53 - [MESSAGE][PASSED] - Delayed 5 second(s)

2018-10-08 17:32:53 - [TEST_STEP][PASSED] - tap: Tapped on element 'Object Repository/CommonScreenElements/DoneButton'

2018-10-08 17:32:53 - [MESSAGE][WARNING] - Timeout '0' is invalid. Using default page load timeout: '4'

2018-10-08 17:32:54 - [MESSAGE][PASSED] - Tapped on element 'Object Repository/CommonScreenElements/DoneButton'

2018-10-08 17:32:54 - [MESSAGE][PASSED] - Call Test Case 'Test Cases/ShopOpen/VisitShopOpen' successfully

2018-10-08 17:32:54 - [TEST_CASE][PASSED] - Test Cases/ShopOpen/VisitCategoryScenarios/VisitShopCategoriesWithDataVerification: Test Cases/ShopOpen/VisitCategoryScenarios/VisitShopCategoriesWithDataVerification

2018-10-08 17:32:54 - [TEST_STEP][PASSED] - verifyElementExist: Element 'Object Repository/ShopOpen/Validate_ShopCategoriesListScreen' is exist

2018-10-08 17:32:54 - [MESSAGE][WARNING] - Timeout '0' is invalid. Using default page load timeout: '4'

2018-10-08 17:32:56 - [MESSAGE][PASSED] - Element 'Object Repository/ShopOpen/Validate_ShopCategoriesListScreen' is exist

2018-10-08 17:32:56 - [TEST_STEP][PASSED] - com.ct.qa.keywords.CategoryVisitingScenariosKeywords.visitShopCategoriesWithDataVerification: com.ct.qa.keywords.CategoryVisitingScenariosKeywords.visitShopCategoriesWithDataVerification is PASSED

2018-10-08 17:33:00 - [MESSAGE][PASSED] - Swiped from 0,293 to 0,200

2018-10-08 17:33:03 - [MESSAGE][PASSED] - Swiped from 0,293 to 0,200

2018-10-08 17:33:06 - [MESSAGE][PASSED] - Swiped from 0,293 to 0,200

2018-10-08 17:33:09 - [MESSAGE][PASSED] - Swiped from 0,293 to 0,200

2018-10-08 17:33:12 - [MESSAGE][PASSED] - Swiped from 0,293 to 0,200

2018-10-08 17:33:15 - [MESSAGE][PASSED] - Swiped from 0,293 to 0,200

2018-10-08 17:33:18 - [MESSAGE][PASSED] - Swiped from 0,293 to 0,200

2018-10-08 17:33:21 - [MESSAGE][PASSED] - Swiped from 0,200 to 0,750

2018-10-08 17:33:21 - [MESSAGE][PASSED] - Swiped from 0,200 to 0,750

2018-10-08 17:33:23 - [TEST_CASE][PASSED] - Test Cases/ShopOpen/Chiller/VisitChillerWithChillerNotAllocated: Test Cases/ShopOpen/Chiller/VisitChillerWithChillerNotAllocated

2018-10-08 17:33:23 - [TEST_STEP][PASSED] - verifyElementText: Actual text and expected text of test object 'Object Repository/ShopOpen/Chiller/Validate_ChillerScreen' are matched.

2018-10-08 17:33:24 - [MESSAGE][PASSED] - Actual text and expected text of test object 'Object Repository/ShopOpen/Chiller/Validate_ChillerScreen' are matched.

2018-10-08 17:33:24 - [TEST_STEP][PASSED] - tap: Tapped on element 'Object Repository/ShopOpen/Chiller/ChillerNotAllocated'

2018-10-08 17:33:24 - [MESSAGE][WARNING] - Timeout '0' is invalid. Using default page load timeout: '4'

2018-10-08 17:33:25 - [MESSAGE][PASSED] - Tapped on element 'Object Repository/ShopOpen/Chiller/ChillerNotAllocated'

2018-10-08 17:33:25 - [TEST_STEP][PASSED] - verifyElementText: Actual text and expected text of test object 'Object Repository/ShopOpen/Chiller/Validate_ChillerNotAllocatedProductCategoryScreen' are matched.

2018-10-08 17:33:26 - [MESSAGE][PASSED] - Actual text and expected text of test object 'Object Repository/ShopOpen/Chiller/Validate_ChillerNotAllocatedProductCategoryScreen' are matched.

2018-10-08 17:33:26 - [TEST_STEP][PASSED] - com.ct.qa.keywords.ChannelProductsDataKeywords.visitChillerNotAllocatedProductCategories: com.ct.qa.keywords.ChannelProductsDataKeywords.visitChillerNotAllocatedProductCategories is PASSED

2018-10-08 17:33:30 - [TEST_CASE][PASSED] - Test Cases/ShopOpen/Chiller/VisitProductCategoryAssets: Test Cases/ShopOpen/Chiller/VisitProductCategoryAssets

2018-10-08 17:33:30 - [TEST_STEP][PASSED] - verifyElementText: Actual text and expected text of test object 'Object Repository/ShopOpen/Chiller/Validate_ProductCategoryAssetsScreen' are matched.

2018-10-08 17:33:31 - [MESSAGE][PASSED] - Actual text and expected text of test object 'Object Repository/ShopOpen/Chiller/Validate_ProductCategoryAssetsScreen' are matched.

2018-10-08 17:33:31 - [TEST_STEP][PASSED] - tap: Tapped on element 'Object Repository/ShopOpen/Chiller/Facing'

2018-10-08 17:33:31 - [MESSAGE][WARNING] - Timeout '0' is invalid. Using default page load timeout: '4'

2018-10-08 17:33:32 - [MESSAGE][PASSED] - Tapped on element 'Object Repository/ShopOpen/Chiller/Facing'

2018-10-08 17:33:32 - [TEST_STEP][PASSED] - verifyElementText: Actual text and expected text of test object 'Object Repository/ShopOpen/Chiller/Validate_FacingScreen' are matched.

2018-10-08 17:33:33 - [MESSAGE][PASSED] - Actual text and expected text of test object 'Object Repository/ShopOpen/Chiller/Validate_FacingScreen' are matched.

2018-10-08 17:33:33 - [TEST_STEP][PASSED] - com.ct.qa.keywords.ChannelProductsDataKeywords.visitChannelWiseProductsData: com.ct.qa.keywords.ChannelProductsDataKeywords.visitChannelWiseProductsData is PASSED

2018-10-08 17:33:38 - [MESSAGE][PASSED] - Keyboard is hidden

2018-10-08 17:33:41 - [MESSAGE][PASSED] - Keyboard is hidden

2018-10-08 17:33:44 - [MESSAGE][PASSED] - Keyboard is hidden

2018-10-08 17:33:47 - [MESSAGE][PASSED] - Keyboard is hidden

2018-10-08 17:33:50 - [MESSAGE][PASSED] - Keyboard is hidden

2018-10-08 17:33:51 - [MESSAGE][PASSED] - com.ct.qa.keywords.ChannelProductsDataKeywords.visitChannelWiseProductsData is PASSED

2018-10-08 17:33:51 - [TEST_STEP][PASSED] - tap: Tapped on element 'Object Repository/ShopOpen/Chiller/SubmitButton'

2018-10-08 17:33:51 - [MESSAGE][WARNING] - Timeout '0' is invalid. Using default page load timeout: '4'

2018-10-08 17:33:52 - [MESSAGE][PASSED] - Tapped on element 'Object Repository/ShopOpen/Chiller/SubmitButton'

2018-10-08 17:33:52 - [TEST_STEP][PASSED] - verifyElementText: Actual text and expected text of test object 'Object Repository/ShopOpen/Chiller/Validate_ProductCategoryAssetsScreen' are matched.

2018-10-08 17:33:53 - [MESSAGE][PASSED] - Actual text and expected text of test object 'Object Repository/ShopOpen/Chiller/Validate_ProductCategoryAssetsScreen' are matched.

2018-10-08 17:33:53 - [TEST_STEP][PASSED] - tap: Tapped on element 'Object Repository/ShopOpen/Chiller/StockTaking'

2018-10-08 17:33:53 - [MESSAGE][WARNING] - Timeout '0' is invalid. Using default page load timeout: '4'

2018-10-08 17:33:53 - [MESSAGE][PASSED] - Tapped on element 'Object Repository/ShopOpen/Chiller/StockTaking'

2018-10-08 17:33:53 - [TEST_STEP][PASSED] - verifyElementText: Actual text and expected text of test object 'Object Repository/ShopOpen/Chiller/Validate_StockTakingScreen' are matched.

2018-10-08 17:33:55 - [MESSAGE][PASSED] - Actual text and expected text of test object 'Object Repository/ShopOpen/Chiller/Validate_StockTakingScreen' are matched.

2018-10-08 17:33:55 - [TEST_STEP][PASSED] - com.ct.qa.keywords.ChannelProductsDataKeywords.visitChannelWiseProductsData: com.ct.qa.keywords.ChannelProductsDataKeywords.visitChannelWiseProductsData is PASSED

2018-10-08 17:33:59 - [MESSAGE][PASSED] - Keyboard is hidden

2018-10-08 17:34:02 - [MESSAGE][PASSED] - Keyboard is hidden

2018-10-08 17:34:05 - [MESSAGE][PASSED] - Keyboard is hidden

2018-10-08 17:34:08 - [MESSAGE][PASSED] - Keyboard is hidden

2018-10-08 17:34:11 - [MESSAGE][PASSED] - Keyboard is hidden

2018-10-08 17:34:12 - [MESSAGE][PASSED] - com.ct.qa.keywords.ChannelProductsDataKeywords.visitChannelWiseProductsData is PASSED

2018-10-08 17:34:12 - [TEST_STEP][PASSED] - tap: Tapped on element 'Object Repository/ShopOpen/Chiller/SubmitButton'

2018-10-08 17:34:12 - [MESSAGE][WARNING] - Timeout '0' is invalid. Using default page load timeout: '4'

2018-10-08 17:34:13 - [MESSAGE][PASSED] - Tapped on element 'Object Repository/ShopOpen/Chiller/SubmitButton'

2018-10-08 17:34:13 - [TEST_STEP][PASSED] - verifyElementText: Actual text and expected text of test object 'Object Repository/ShopOpen/Chiller/Validate_ProductCategoryAssetsScreen' are matched.

2018-10-08 17:34:14 - [MESSAGE][PASSED] - Actual text and expected text of test object 'Object Repository/ShopOpen/Chiller/Validate_ProductCategoryAssetsScreen' are matched.

2018-10-08 17:34:14 - [TEST_STEP][PASSED] - tap: Tapped on element 'Object Repository/ShopOpen/Chiller/ChillerNotAllocatedProductCategory_BackButton'

2018-10-08 17:34:14 - [MESSAGE][WARNING] - Timeout '0' is invalid. Using default page load timeout: '4'

2018-10-08 17:34:14 - [MESSAGE][PASSED] - Tapped on element 'Object Repository/ShopOpen/Chiller/ChillerNotAllocatedProductCategory_BackButton'

2018-10-08 17:34:14 - [MESSAGE][PASSED] - Call Test Case 'Test Cases/ShopOpen/Chiller/VisitProductCategoryAssets' successfully

2018-10-08 17:34:15 - [MESSAGE][PASSED] - Actual text and expected text of test object 'Object Repository/ShopOpen/Chiller/Validate_ChillerNotAllocatedProductCategoryScreen' are matched.

2018-10-08 17:34:16 - [TEST_CASE][PASSED] - Test Cases/ShopOpen/Chiller/VisitProductCategoryAssets: Test Cases/ShopOpen/Chiller/VisitProductCategoryAssets

2018-10-08 17:34:16 - [TEST_STEP][PASSED] - verifyElementText: Actual text and expected text of test object 'Object Repository/ShopOpen/Chiller/Validate_ProductCategoryAssetsScreen' are matched.

2018-10-08 17:34:17 - [MESSAGE][PASSED] - Actual text and expected text of test object 'Object Repository/ShopOpen/Chiller/Validate_ProductCategoryAssetsScreen' are matched.

2018-10-08 17:34:17 - [TEST_STEP][PASSED] - tap: Tapped on element 'Object Repository/ShopOpen/Chiller/Facing'

2018-10-08 17:34:17 - [MESSAGE][WARNING] - Timeout '0' is invalid. Using default page load timeout: '4'

2018-10-08 17:34:18 - [MESSAGE][PASSED] - Tapped on element 'Object Repository/ShopOpen/Chiller/Facing'

2018-10-08 17:34:18 - [TEST_STEP][PASSED] - verifyElementText: Actual text and expected text of test object 'Object Repository/ShopOpen/Chiller/Validate_FacingScreen' are matched.

2018-10-08 17:34:19 - [MESSAGE][PASSED] - Actual text and expected text of test object 'Object Repository/ShopOpen/Chiller/Validate_FacingScreen' are matched.

2018-10-08 17:34:19 - [TEST_STEP][PASSED] - com.ct.qa.keywords.ChannelProductsDataKeywords.visitChannelWiseProductsData: com.ct.qa.keywords.ChannelProductsDataKeywords.visitChannelWiseProductsData is PASSED

2018-10-08 17:34:23 - [MESSAGE][PASSED] - Keyboard is hidden

2018-10-08 17:34:26 - [MESSAGE][PASSED] - Keyboard is hidden

2018-10-08 17:34:27 - [MESSAGE][PASSED] - com.ct.qa.keywords.ChannelProductsDataKeywords.visitChannelWiseProductsData is PASSED

2018-10-08 17:34:27 - [TEST_STEP][PASSED] - tap: Tapped on element 'Object Repository/ShopOpen/Chiller/SubmitButton'

2018-10-08 17:34:27 - [MESSAGE][WARNING] - Timeout '0' is invalid. Using default page load timeout: '4'

2018-10-08 17:34:27 - [MESSAGE][PASSED] - Tapped on element 'Object Repository/ShopOpen/Chiller/SubmitButton'

2018-10-08 17:34:27 - [TEST_STEP][PASSED] - verifyElementText: Actual text and expected text of test object 'Object Repository/ShopOpen/Chiller/Validate_ProductCategoryAssetsScreen' are matched.

2018-10-08 17:34:28 - [MESSAGE][PASSED] - Actual text and expected text of test object 'Object Repository/ShopOpen/Chiller/Validate_ProductCategoryAssetsScreen' are matched.

2018-10-08 17:34:28 - [TEST_STEP][PASSED] - tap: Tapped on element 'Object Repository/ShopOpen/Chiller/StockTaking'

2018-10-08 17:34:28 - [MESSAGE][WARNING] - Timeout '0' is invalid. Using default page load timeout: '4'

2018-10-08 17:34:28 - [MESSAGE][PASSED] - Tapped on element 'Object Repository/ShopOpen/Chiller/StockTaking'

2018-10-08 17:34:28 - [TEST_STEP][PASSED] - verifyElementText: Actual text and expected text of test object 'Object Repository/ShopOpen/Chiller/Validate_StockTakingScreen' are matched.

2018-10-08 17:34:30 - [MESSAGE][PASSED] - Actual text and expected text of test object 'Object Repository/ShopOpen/Chiller/Validate_StockTakingScreen' are matched.

2018-10-08 17:34:30 - [TEST_STEP][PASSED] - com.ct.qa.keywords.ChannelProductsDataKeywords.visitChannelWiseProductsData: com.ct.qa.keywords.ChannelProductsDataKeywords.visitChannelWiseProductsData is PASSED

2018-10-08 17:34:33 - [MESSAGE][PASSED] - Keyboard is hidden

2018-10-08 17:34:36 - [MESSAGE][PASSED] - Keyboard is hidden

2018-10-08 17:34:37 - [MESSAGE][PASSED] - com.ct.qa.keywords.ChannelProductsDataKeywords.visitChannelWiseProductsData is PASSED

2018-10-08 17:34:37 - [TEST_STEP][PASSED] - tap: Tapped on element 'Object Repository/ShopOpen/Chiller/SubmitButton'

2018-10-08 17:34:37 - [MESSAGE][WARNING] - Timeout '0' is invalid. Using default page load timeout: '4'

2018-10-08 17:34:37 - [MESSAGE][PASSED] - Tapped on element 'Object Repository/ShopOpen/Chiller/SubmitButton'

2018-10-08 17:34:37 - [TEST_STEP][PASSED] - verifyElementText: Actual text and expected text of test object 'Object Repository/ShopOpen/Chiller/Validate_ProductCategoryAssetsScreen' are matched.

2018-10-08 17:34:38 - [MESSAGE][PASSED] - Actual text and expected text of test object 'Object Repository/ShopOpen/Chiller/Validate_ProductCategoryAssetsScreen' are matched.

2018-10-08 17:34:38 - [TEST_STEP][PASSED] - tap: Tapped on element 'Object Repository/ShopOpen/Chiller/ChillerNotAllocatedProductCategory_BackButton'

2018-10-08 17:34:38 - [MESSAGE][WARNING] - Timeout '0' is invalid. Using default page load timeout: '4'

2018-10-08 17:34:39 - [MESSAGE][PASSED] - Tapped on element 'Object Repository/ShopOpen/Chiller/ChillerNotAllocatedProductCategory_BackButton'

2018-10-08 17:34:39 - [MESSAGE][PASSED] - Call Test Case 'Test Cases/ShopOpen/Chiller/VisitProductCategoryAssets' successfully

2018-10-08 17:34:39 - [MESSAGE][PASSED] - Actual text and expected text of test object 'Object Repository/ShopOpen/Chiller/Validate_ChillerNotAllocatedProductCategoryScreen' are matched.

2018-10-08 17:34:40 - [TEST_CASE][PASSED] - Test Cases/ShopOpen/Chiller/VisitProductCategoryAssets: Test Cases/ShopOpen/Chiller/VisitProductCategoryAssets

2018-10-08 17:34:40 - [TEST_STEP][PASSED] - verifyElementText: Actual text and expected text of test object 'Object Repository/ShopOpen/Chiller/Validate_ProductCategoryAssetsScreen' are matched.

2018-10-08 17:34:42 - [MESSAGE][PASSED] - Actual text and expected text of test object 'Object Repository/ShopOpen/Chiller/Validate_ProductCategoryAssetsScreen' are matched.

2018-10-08 17:34:42 - [TEST_STEP][PASSED] - tap: Tapped on element 'Object Repository/ShopOpen/Chiller/Facing'

2018-10-08 17:34:42 - [MESSAGE][WARNING] - Timeout '0' is invalid. Using default page load timeout: '4'

2018-10-08 17:34:42 - [MESSAGE][PASSED] - Tapped on element 'Object Repository/ShopOpen/Chiller/Facing'

2018-10-08 17:34:42 - [TEST_STEP][PASSED] - verifyElementText: Actual text and expected text of test object 'Object Repository/ShopOpen/Chiller/Validate_FacingScreen' are matched.

2018-10-08 17:34:43 - [MESSAGE][PASSED] - Actual text and expected text of test object 'Object Repository/ShopOpen/Chiller/Validate_FacingScreen' are matched.

2018-10-08 17:34:43 - [TEST_STEP][PASSED] - com.ct.qa.keywords.ChannelProductsDataKeywords.visitChannelWiseProductsData: com.ct.qa.keywords.ChannelProductsDataKeywords.visitChannelWiseProductsData is PASSED

2018-10-08 17:34:47 - [MESSAGE][PASSED] - Keyboard is hidden

2018-10-08 17:34:47 - [MESSAGE][PASSED] - com.ct.qa.keywords.ChannelProductsDataKeywords.visitChannelWiseProductsData is PASSED

2018-10-08 17:34:47 - [TEST_STEP][PASSED] - tap: Tapped on element 'Object Repository/ShopOpen/Chiller/SubmitButton'

2018-10-08 17:34:47 - [MESSAGE][WARNING] - Timeout '0' is invalid. Using default page load timeout: '4'

2018-10-08 17:34:48 - [MESSAGE][PASSED] - Tapped on element 'Object Repository/ShopOpen/Chiller/SubmitButton'

2018-10-08 17:34:48 - [TEST_STEP][PASSED] - verifyElementText: Actual text and expected text of test object 'Object Repository/ShopOpen/Chiller/Validate_ProductCategoryAssetsScreen' are matched.

2018-10-08 17:34:49 - [MESSAGE][PASSED] - Actual text and expected text of test object 'Object Repository/ShopOpen/Chiller/Validate_ProductCategoryAssetsScreen' are matched.

2018-10-08 17:34:49 - [TEST_STEP][PASSED] - tap: Tapped on element 'Object Repository/ShopOpen/Chiller/StockTaking'

2018-10-08 17:34:49 - [MESSAGE][WARNING] - Timeout '0' is invalid. Using default page load timeout: '4'

2018-10-08 17:34:49 - [MESSAGE][PASSED] - Tapped on element 'Object Repository/ShopOpen/Chiller/StockTaking'

2018-10-08 17:34:49 - [TEST_STEP][PASSED] - verifyElementText: Actual text and expected text of test object 'Object Repository/ShopOpen/Chiller/Validate_StockTakingScreen' are matched.

2018-10-08 17:34:50 - [MESSAGE][PASSED] - Actual text and expected text of test object 'Object Repository/ShopOpen/Chiller/Validate_StockTakingScreen' are matched.

2018-10-08 17:34:50 - [TEST_STEP][PASSED] - com.ct.qa.keywords.ChannelProductsDataKeywords.visitChannelWiseProductsData: com.ct.qa.keywords.ChannelProductsDataKeywords.visitChannelWiseProductsData is PASSED

2018-10-08 17:34:54 - [MESSAGE][PASSED] - Keyboard is hidden

2018-10-08 17:34:54 - [MESSAGE][PASSED] - com.ct.qa.keywords.ChannelProductsDataKeywords.visitChannelWiseProductsData is PASSED

2018-10-08 17:34:54 - [TEST_STEP][PASSED] - tap: Tapped on element 'Object Repository/ShopOpen/Chiller/SubmitButton'

2018-10-08 17:34:55 - [MESSAGE][WARNING] - Timeout '0' is invalid. Using default page load timeout: '4'

2018-10-08 17:34:55 - [MESSAGE][PASSED] - Tapped on element 'Object Repository/ShopOpen/Chiller/SubmitButton'

2018-10-08 17:34:55 - [TEST_STEP][PASSED] - verifyElementText: Actual text and expected text of test object 'Object Repository/ShopOpen/Chiller/Validate_ProductCategoryAssetsScreen' are matched.

2018-10-08 17:34:56 - [MESSAGE][PASSED] - Actual text and expected text of test object 'Object Repository/ShopOpen/Chiller/Validate_ProductCategoryAssetsScreen' are matched.

2018-10-08 17:34:56 - [TEST_STEP][PASSED] - tap: Tapped on element 'Object Repository/ShopOpen/Chiller/ChillerNotAllocatedProductCategory_BackButton'

2018-10-08 17:34:56 - [MESSAGE][WARNING] - Timeout '0' is invalid. Using default page load timeout: '4'

2018-10-08 17:34:56 - [MESSAGE][PASSED] - Tapped on element 'Object Repository/ShopOpen/Chiller/ChillerNotAllocatedProductCategory_BackButton'

2018-10-08 17:34:56 - [MESSAGE][PASSED] - Call Test Case 'Test Cases/ShopOpen/Chiller/VisitProductCategoryAssets' successfully

2018-10-08 17:34:57 - [MESSAGE][PASSED] - Actual text and expected text of test object 'Object Repository/ShopOpen/Chiller/Validate_ChillerNotAllocatedProductCategoryScreen' are matched.

2018-10-08 17:34:58 - [TEST_CASE][PASSED] - Test Cases/ShopOpen/Chiller/VisitProductCategoryAssets: Test Cases/ShopOpen/Chiller/VisitProductCategoryAssets

2018-10-08 17:34:58 - [TEST_STEP][PASSED] - verifyElementText: Actual text and expected text of test object 'Object Repository/ShopOpen/Chiller/Validate_ProductCategoryAssetsScreen' are matched.

2018-10-08 17:34:59 - [MESSAGE][PASSED] - Actual text and expected text of test object 'Object Repository/ShopOpen/Chiller/Validate_ProductCategoryAssetsScreen' are matched.

2018-10-08 17:34:59 - [TEST_STEP][PASSED] - tap: Tapped on element 'Object Repository/ShopOpen/Chiller/Facing'

2018-10-08 17:34:59 - [MESSAGE][WARNING] - Timeout '0' is invalid. Using default page load timeout: '4'

2018-10-08 17:35:00 - [MESSAGE][PASSED] - Tapped on element 'Object Repository/ShopOpen/Chiller/Facing'

2018-10-08 17:35:00 - [TEST_STEP][PASSED] - verifyElementText: Actual text and expected text of test object 'Object Repository/ShopOpen/Chiller/Validate_FacingScreen' are matched.

2018-10-08 17:35:02 - [MESSAGE][PASSED] - Actual text and expected text of test object 'Object Repository/ShopOpen/Chiller/Validate_FacingScreen' are matched.

2018-10-08 17:35:02 - [TEST_STEP][PASSED] - com.ct.qa.keywords.ChannelProductsDataKeywords.visitChannelWiseProductsData: com.ct.qa.keywords.ChannelProductsDataKeywords.visitChannelWiseProductsData is PASSED

2018-10-08 17:35:06 - [MESSAGE][PASSED] - Keyboard is hidden

2018-10-08 17:35:09 - [MESSAGE][PASSED] - Keyboard is hidden

2018-10-08 17:35:12 - [MESSAGE][PASSED] - Keyboard is hidden

2018-10-08 17:35:15 - [MESSAGE][PASSED] - Keyboard is hidden

2018-10-08 17:35:18 - [MESSAGE][PASSED] - Keyboard is hidden

2018-10-08 17:35:21 - [MESSAGE][PASSED] - Keyboard is hidden

2018-10-08 17:35:24 - [MESSAGE][PASSED] - Swiped from 23,359 to 23,250

2018-10-08 17:35:28 - [MESSAGE][PASSED] - Keyboard is hidden

2018-10-08 17:35:29 - [MESSAGE][PASSED] - Swiped from 23,359 to 23,250

2018-10-08 17:35:30 - [MESSAGE][PASSED] - com.ct.qa.keywords.ChannelProductsDataKeywords.visitChannelWiseProductsData is PASSED

2018-10-08 17:35:30 - [TEST_STEP][PASSED] - tap: Tapped on element 'Object Repository/ShopOpen/Chiller/SubmitButton'

2018-10-08 17:35:30 - [MESSAGE][WARNING] - Timeout '0' is invalid. Using default page load timeout: '4'

2018-10-08 17:35:31 - [MESSAGE][PASSED] - Tapped on element 'Object Repository/ShopOpen/Chiller/SubmitButton'

2018-10-08 17:35:31 - [TEST_STEP][PASSED] - verifyElementText: Actual text and expected text of test object 'Object Repository/ShopOpen/Chiller/Validate_ProductCategoryAssetsScreen' are matched.

2018-10-08 17:35:32 - [MESSAGE][PASSED] - Actual text and expected text of test object 'Object Repository/ShopOpen/Chiller/Validate_ProductCategoryAssetsScreen' are matched.

2018-10-08 17:35:32 - [TEST_STEP][PASSED] - tap: Tapped on element 'Object Repository/ShopOpen/Chiller/StockTaking'

2018-10-08 17:35:32 - [MESSAGE][WARNING] - Timeout '0' is invalid. Using default page load timeout: '4'

2018-10-08 17:35:32 - [MESSAGE][PASSED] - Tapped on element 'Object Repository/ShopOpen/Chiller/StockTaking'

2018-10-08 17:35:32 - [TEST_STEP][PASSED] - verifyElementText: Actual text and expected text of test object 'Object Repository/ShopOpen/Chiller/Validate_StockTakingScreen' are matched.

2018-10-08 17:35:34 - [MESSAGE][PASSED] - Actual text and expected text of test object 'Object Repository/ShopOpen/Chiller/Validate_StockTakingScreen' are matched.

2018-10-08 17:35:34 - [TEST_STEP][PASSED] - com.ct.qa.keywords.ChannelProductsDataKeywords.visitChannelWiseProductsData: com.ct.qa.keywords.ChannelProductsDataKeywords.visitChannelWiseProductsData is PASSED

2018-10-08 17:35:38 - [MESSAGE][PASSED] - Keyboard is hidden

2018-10-08 17:35:41 - [MESSAGE][PASSED] - Keyboard is hidden

2018-10-08 17:35:44 - [MESSAGE][PASSED] - Keyboard is hidden

2018-10-08 17:35:47 - [MESSAGE][PASSED] - Keyboard is hidden

2018-10-08 17:35:50 - [MESSAGE][PASSED] - Keyboard is hidden

2018-10-08 17:35:53 - [MESSAGE][PASSED] - Keyboard is hidden

2018-10-08 17:35:56 - [MESSAGE][PASSED] - Swiped from 23,359 to 23,250

2018-10-08 17:36:00 - [MESSAGE][PASSED] - Keyboard is hidden

2018-10-08 17:36:01 - [MESSAGE][PASSED] - Swiped from 23,359 to 23,250

2018-10-08 17:36:03 - [MESSAGE][PASSED] - com.ct.qa.keywords.ChannelProductsDataKeywords.visitChannelWiseProductsData is PASSED

2018-10-08 17:36:03 - [TEST_STEP][PASSED] - tap: Tapped on element 'Object Repository/ShopOpen/Chiller/SubmitButton'

2018-10-08 17:36:03 - [MESSAGE][WARNING] - Timeout '0' is invalid. Using default page load timeout: '4'

2018-10-08 17:36:03 - [MESSAGE][PASSED] - Tapped on element 'Object Repository/ShopOpen/Chiller/SubmitButton'

2018-10-08 17:36:03 - [TEST_STEP][PASSED] - verifyElementText: Actual text and expected text of test object 'Object Repository/ShopOpen/Chiller/Validate_ProductCategoryAssetsScreen' are matched.

2018-10-08 17:36:04 - [MESSAGE][PASSED] - Actual text and expected text of test object 'Object Repository/ShopOpen/Chiller/Validate_ProductCategoryAssetsScreen' are matched.

2018-10-08 17:36:04 - [TEST_STEP][PASSED] - tap: Tapped on element 'Object Repository/ShopOpen/Chiller/ChillerNotAllocatedProductCategory_BackButton'

2018-10-08 17:36:04 - [MESSAGE][WARNING] - Timeout '0' is invalid. Using default page load timeout: '4'

2018-10-08 17:36:04 - [MESSAGE][PASSED] - Tapped on element 'Object Repository/ShopOpen/Chiller/ChillerNotAllocatedProductCategory_BackButton'

2018-10-08 17:36:04 - [MESSAGE][PASSED] - Call Test Case 'Test Cases/ShopOpen/Chiller/VisitProductCategoryAssets' successfully

2018-10-08 17:36:05 - [MESSAGE][PASSED] - Actual text and expected text of test object 'Object Repository/ShopOpen/Chiller/Validate_ChillerNotAllocatedProductCategoryScreen' are matched.

2018-10-08 17:36:05 - [MESSAGE][PASSED] - com.ct.qa.keywords.ChannelProductsDataKeywords.visitChillerNotAllocatedProductCategories is PASSED

2018-10-08 17:36:05 - [TEST_STEP][PASSED] - verifyElementText: Actual text and expected text of test object 'Object Repository/ShopOpen/Chiller/Validate_ChillerNotAllocatedProductCategoryScreen' are matched.

2018-10-08 17:36:05 - [MESSAGE][PASSED] - Actual text and expected text of test object 'Object Repository/ShopOpen/Chiller/Validate_ChillerNotAllocatedProductCategoryScreen' are matched.

2018-10-08 17:36:05 - [TEST_STEP][PASSED] - tap: Tapped on element 'Object Repository/ShopOpen/Chiller/Planogram_ImageView'

2018-10-08 17:36:05 - [MESSAGE][WARNING] - Timeout '0' is invalid. Using default page load timeout: '4'

2018-10-08 17:36:06 - [MESSAGE][PASSED] - Tapped on element 'Object Repository/ShopOpen/Chiller/Planogram_ImageView'

2018-10-08 17:36:06 - [TEST_STEP][PASSED] - com.ct.qa.keywords.CommonKeywords.checkPlanogramAvailability: com.ct.qa.keywords.CommonKeywords.checkPlanogramAvailability is PASSED

2018-10-08 17:36:06 - [MESSAGE][WARNING] - Timeout '0' is invalid. Using default page load timeout: '4'

2018-10-08 17:36:12 - [MESSAGE][WARNING] - Object Object Repository/CommonScreenElements/InfoPopUp_OKButton not found
[[ATTACHMENT|F:\\Git Projects\\MMAPlus_Merchandising\\MMAPlus_Merchandising\\Reports\\MMA Plus Merchandising With Chiller Wise Data Verification\\20181008_171154\\1539002170441.png]]

2018-10-08 17:36:12 - [MESSAGE][PASSED] - com.ct.qa.keywords.CommonKeywords.checkPlanogramAvailability is PASSED

2018-10-08 17:36:12 - [TEST_STEP][PASSED] - com.ct.qa.keywords.CommonKeywords.closePlanogram: com.ct.qa.keywords.CommonKeywords.closePlanogram is PASSED

2018-10-08 17:36:12 - [MESSAGE][PASSED] - com.ct.qa.keywords.CommonKeywords.closePlanogram is PASSED

2018-10-08 17:36:12 - [TEST_STEP][PASSED] - verifyElementText: Actual text and expected text of test object 'Object Repository/ShopOpen/Chiller/Validate_ChillerNotAllocatedProductCategoryScreen' are matched.

2018-10-08 17:36:14 - [MESSAGE][PASSED] - Actual text and expected text of test object 'Object Repository/ShopOpen/Chiller/Validate_ChillerNotAllocatedProductCategoryScreen' are matched.

2018-10-08 17:36:14 - [TEST_STEP][PASSED] - com.ct.qa.keywords.CommonKeywords.findPictureImageView: com.ct.qa.keywords.CommonKeywords.findPictureImageView is PASSED

2018-10-08 17:36:14 - [MESSAGE][WARNING] - Timeout '0' is invalid. Using default page load timeout: '4'

2018-10-08 17:36:16 - [MESSAGE][PASSED] - Tapped on element 'Object Repository/CommonScreenElements/Picture_ImageView'

2018-10-08 17:36:16 - [MESSAGE][WARNING] - Timeout '0' is invalid. Using default page load timeout: '4'

2018-10-08 17:36:17 - [MESSAGE][PASSED] - Element 'Object Repository/CommonScreenElements/Validate_CameraScreen' is exist

2018-10-08 17:36:17 - [MESSAGE][WARNING] - Timeout '0' is invalid. Using default page load timeout: '4'

2018-10-08 17:36:20 - [MESSAGE][PASSED] - Tapped on element 'Object Repository/CommonScreenElements/TakePictureButton'

2018-10-08 17:36:25 - [MESSAGE][PASSED] - Delayed 5 second(s)

2018-10-08 17:36:25 - [MESSAGE][WARNING] - Timeout '0' is invalid. Using default page load timeout: '4'

2018-10-08 17:36:26 - [MESSAGE][PASSED] - Tapped on element 'Object Repository/CommonScreenElements/DoneButton'

2018-10-08 17:36:26 - [MESSAGE][PASSED] - com.ct.qa.keywords.CommonKeywords.findPictureImageView is PASSED

2018-10-08 17:36:26 - [TEST_STEP][PASSED] - verifyElementText: Actual text and expected text of test object 'Object Repository/ShopOpen/Chiller/Validate_ChillerNotAllocatedProductCategoryScreen' are matched.

2018-10-08 17:36:27 - [MESSAGE][PASSED] - Actual text and expected text of test object 'Object Repository/ShopOpen/Chiller/Validate_ChillerNotAllocatedProductCategoryScreen' are matched.

2018-10-08 17:36:27 - [TEST_STEP][PASSED] - tap: Tapped on element 'Object Repository/ShopOpen/Chiller/ChillerNotAllocatedProductCategory_BackButton'

2018-10-08 17:36:27 - [MESSAGE][WARNING] - Timeout '0' is invalid. Using default page load timeout: '4'

2018-10-08 17:36:27 - [MESSAGE][PASSED] - Tapped on element 'Object Repository/ShopOpen/Chiller/ChillerNotAllocatedProductCategory_BackButton'

2018-10-08 17:36:27 - [TEST_STEP][PASSED] - verifyElementExist: Element 'Object Repository/ShopOpen/Validate_ShopCategoriesListScreen' is exist

2018-10-08 17:36:27 - [MESSAGE][WARNING] - Timeout '0' is invalid. Using default page load timeout: '4'

2018-10-08 17:36:29 - [MESSAGE][PASSED] - Element 'Object Repository/ShopOpen/Validate_ShopCategoriesListScreen' is exist

2018-10-08 17:36:29 - [MESSAGE][PASSED] - Call Test Case 'Test Cases/ShopOpen/Chiller/VisitChillerWithChillerNotAllocated' successfully

2018-10-08 17:36:30 - [TEST_CASE][PASSED] - Test Cases/ShopOpen/RemainingCategories/VisitRemainingCategoriesWithDSA: Test Cases/ShopOpen/RemainingCategories/VisitRemainingCategoriesWithDSA

2018-10-08 17:36:30 - [TEST_STEP][PASSED] - verifyElementText: Actual text and expected text of test object 'Object Repository/ShopOpen/RemainingCategories/Validate_MainCategoryDetailScreen' are matched.

2018-10-08 17:36:31 - [MESSAGE][PASSED] - Actual text and expected text of test object 'Object Repository/ShopOpen/RemainingCategories/Validate_MainCategoryDetailScreen' are matched.

2018-10-08 17:36:31 - [TEST_STEP][PASSED] - tap: Tapped on element 'Object Repository/ShopOpen/RemainingCategories/DisplaySpaceAvailable'

2018-10-08 17:36:31 - [MESSAGE][WARNING] - Timeout '0' is invalid. Using default page load timeout: '4'

2018-10-08 17:36:32 - [MESSAGE][PASSED] - Tapped on element 'Object Repository/ShopOpen/RemainingCategories/DisplaySpaceAvailable'

2018-10-08 17:36:32 - [TEST_STEP][PASSED] - verifyElementText: Actual text and expected text of test object 'Object Repository/ShopOpen/RemainingCategories/Validate_ProductCategoryAssetScreen' are matched.

2018-10-08 17:36:33 - [MESSAGE][PASSED] - Actual text and expected text of test object 'Object Repository/ShopOpen/RemainingCategories/Validate_ProductCategoryAssetScreen' are matched.

2018-10-08 17:36:33 - [TEST_STEP][PASSED] - tap: Tapped on element 'Object Repository/ShopOpen/RemainingCategories/Facing'

2018-10-08 17:36:33 - [MESSAGE][WARNING] - Timeout '0' is invalid. Using default page load timeout: '4'

2018-10-08 17:36:34 - [MESSAGE][PASSED] - Tapped on element 'Object Repository/ShopOpen/RemainingCategories/Facing'

2018-10-08 17:36:34 - [TEST_STEP][PASSED] - verifyElementText: Actual text and expected text of test object 'Object Repository/ShopOpen/RemainingCategories/Validate_FacingScreen' are matched.

2018-10-08 17:36:36 - [MESSAGE][PASSED] - Actual text and expected text of test object 'Object Repository/ShopOpen/RemainingCategories/Validate_FacingScreen' are matched.

2018-10-08 17:36:36 - [TEST_STEP][PASSED] - com.ct.qa.keywords.ChannelProductsDataKeywords.visitChannelWiseProductsData: com.ct.qa.keywords.ChannelProductsDataKeywords.visitChannelWiseProductsData is PASSED

2018-10-08 17:36:40 - [MESSAGE][PASSED] - Keyboard is hidden

2018-10-08 17:36:43 - [MESSAGE][PASSED] - Keyboard is hidden

2018-10-08 17:36:46 - [MESSAGE][PASSED] - Keyboard is hidden

2018-10-08 17:36:49 - [MESSAGE][PASSED] - Keyboard is hidden

2018-10-08 17:36:50 - [MESSAGE][PASSED] - com.ct.qa.keywords.ChannelProductsDataKeywords.visitChannelWiseProductsData is PASSED

2018-10-08 17:36:50 - [TEST_STEP][PASSED] - tap: Tapped on element 'Object Repository/ShopOpen/RemainingCategories/SubmitButton'

2018-10-08 17:36:50 - [MESSAGE][WARNING] - Timeout '0' is invalid. Using default page load timeout: '4'

2018-10-08 17:36:51 - [MESSAGE][PASSED] - Tapped on element 'Object Repository/ShopOpen/RemainingCategories/SubmitButton'

2018-10-08 17:36:51 - [TEST_STEP][PASSED] - verifyElementText: Actual text and expected text of test object 'Object Repository/ShopOpen/RemainingCategories/Validate_ProductCategoryAssetScreen' are matched.

2018-10-08 17:36:52 - [MESSAGE][PASSED] - Actual text and expected text of test object 'Object Repository/ShopOpen/RemainingCategories/Validate_ProductCategoryAssetScreen' are matched.

2018-10-08 17:36:52 - [TEST_STEP][PASSED] - tap: Tapped on element 'Object Repository/ShopOpen/RemainingCategories/StockTaking'

2018-10-08 17:36:52 - [MESSAGE][WARNING] - Timeout '0' is invalid. Using default page load timeout: '4'

2018-10-08 17:36:52 - [MESSAGE][PASSED] - Tapped on element 'Object Repository/ShopOpen/RemainingCategories/StockTaking'

2018-10-08 17:36:52 - [TEST_STEP][PASSED] - verifyElementText: Actual text and expected text of test object 'Object Repository/ShopOpen/RemainingCategories/Validate_StockTakingScreen' are matched.

2018-10-08 17:36:54 - [MESSAGE][PASSED] - Actual text and expected text of test object 'Object Repository/ShopOpen/RemainingCategories/Validate_StockTakingScreen' are matched.

2018-10-08 17:36:54 - [TEST_STEP][PASSED] - com.ct.qa.keywords.ChannelProductsDataKeywords.visitChannelWiseProductsData: com.ct.qa.keywords.ChannelProductsDataKeywords.visitChannelWiseProductsData is PASSED

2018-10-08 17:36:58 - [MESSAGE][PASSED] - Keyboard is hidden

2018-10-08 17:37:01 - [MESSAGE][PASSED] - Keyboard is hidden

2018-10-08 17:37:04 - [MESSAGE][PASSED] - Keyboard is hidden

2018-10-08 17:37:07 - [MESSAGE][PASSED] - Keyboard is hidden

2018-10-08 17:37:08 - [MESSAGE][PASSED] - com.ct.qa.keywords.ChannelProductsDataKeywords.visitChannelWiseProductsData is PASSED

2018-10-08 17:37:08 - [TEST_STEP][PASSED] - tap: Tapped on element 'Object Repository/ShopOpen/RemainingCategories/SubmitButton'

2018-10-08 17:37:08 - [MESSAGE][WARNING] - Timeout '0' is invalid. Using default page load timeout: '4'

2018-10-08 17:37:09 - [MESSAGE][PASSED] - Tapped on element 'Object Repository/ShopOpen/RemainingCategories/SubmitButton'

2018-10-08 17:37:09 - [TEST_STEP][PASSED] - verifyElementText: Actual text and expected text of test object 'Object Repository/ShopOpen/RemainingCategories/Validate_ProductCategoryAssetScreen' are matched.

2018-10-08 17:37:10 - [MESSAGE][PASSED] - Actual text and expected text of test object 'Object Repository/ShopOpen/RemainingCategories/Validate_ProductCategoryAssetScreen' are matched.

2018-10-08 17:37:10 - [TEST_STEP][PASSED] - tap: Tapped on element 'Object Repository/ShopOpen/RemainingCategories/planogram_ImageView'

2018-10-08 17:37:10 - [MESSAGE][WARNING] - Timeout '0' is invalid. Using default page load timeout: '4'

2018-10-08 17:37:10 - [MESSAGE][PASSED] - Tapped on element 'Object Repository/ShopOpen/RemainingCategories/planogram_ImageView'

2018-10-08 17:37:10 - [TEST_STEP][PASSED] - com.ct.qa.keywords.CommonKeywords.checkPlanogramAvailability: com.ct.qa.keywords.CommonKeywords.checkPlanogramAvailability is PASSED

2018-10-08 17:37:10 - [MESSAGE][WARNING] - Timeout '0' is invalid. Using default page load timeout: '4'

2018-10-08 17:37:15 - [MESSAGE][WARNING] - Object Object Repository/CommonScreenElements/InfoPopUp_OKButton not found
[[ATTACHMENT|F:\\Git Projects\\MMAPlus_Merchandising\\MMAPlus_Merchandising\\Reports\\MMA Plus Merchandising With Chiller Wise Data Verification\\20181008_171154\\1539002234434.png]]

2018-10-08 17:37:15 - [MESSAGE][PASSED] - com.ct.qa.keywords.CommonKeywords.checkPlanogramAvailability is PASSED

2018-10-08 17:37:15 - [TEST_STEP][PASSED] - com.ct.qa.keywords.CommonKeywords.closePlanogram: com.ct.qa.keywords.CommonKeywords.closePlanogram is PASSED

2018-10-08 17:37:16 - [MESSAGE][PASSED] - com.ct.qa.keywords.CommonKeywords.closePlanogram is PASSED

2018-10-08 17:37:16 - [TEST_STEP][PASSED] - verifyElementText: Actual text and expected text of test object 'Object Repository/ShopOpen/RemainingCategories/Validate_ProductCategoryAssetScreen' are matched.

2018-10-08 17:37:17 - [MESSAGE][PASSED] - Actual text and expected text of test object 'Object Repository/ShopOpen/RemainingCategories/Validate_ProductCategoryAssetScreen' are matched.

2018-10-08 17:37:17 - [TEST_STEP][PASSED] - com.ct.qa.keywords.CommonKeywords.findPictureImageView: com.ct.qa.keywords.CommonKeywords.findPictureImageView is PASSED

2018-10-08 17:37:17 - [MESSAGE][WARNING] - Timeout '0' is invalid. Using default page load timeout: '4'

2018-10-08 17:37:19 - [MESSAGE][PASSED] - Tapped on element 'Object Repository/CommonScreenElements/Picture_ImageView'

2018-10-08 17:37:19 - [MESSAGE][WARNING] - Timeout '0' is invalid. Using default page load timeout: '4'

2018-10-08 17:37:20 - [MESSAGE][PASSED] - Element 'Object Repository/CommonScreenElements/Validate_CameraScreen' is exist

2018-10-08 17:37:20 - [MESSAGE][WARNING] - Timeout '0' is invalid. Using default page load timeout: '4'

2018-10-08 17:37:23 - [MESSAGE][PASSED] - Tapped on element 'Object Repository/CommonScreenElements/TakePictureButton'

2018-10-08 17:37:28 - [MESSAGE][PASSED] - Delayed 5 second(s)

2018-10-08 17:37:28 - [MESSAGE][WARNING] - Timeout '0' is invalid. Using default page load timeout: '4'

2018-10-08 17:37:29 - [MESSAGE][PASSED] - Tapped on element 'Object Repository/CommonScreenElements/DoneButton'

2018-10-08 17:37:29 - [MESSAGE][PASSED] - com.ct.qa.keywords.CommonKeywords.findPictureImageView is PASSED

2018-10-08 17:37:29 - [TEST_STEP][PASSED] - verifyElementText: Actual text and expected text of test object 'Object Repository/ShopOpen/RemainingCategories/Validate_ProductCategoryAssetScreen' are matched.

2018-10-08 17:37:30 - [MESSAGE][PASSED] - Actual text and expected text of test object 'Object Repository/ShopOpen/RemainingCategories/Validate_ProductCategoryAssetScreen' are matched.

2018-10-08 17:37:30 - [TEST_STEP][PASSED] - tap: Tapped on element 'Object Repository/ShopOpen/RemainingCategories/ProductCategoryAsset_BackButton'

2018-10-08 17:37:30 - [MESSAGE][WARNING] - Timeout '0' is invalid. Using default page load timeout: '4'

2018-10-08 17:37:31 - [MESSAGE][PASSED] - Tapped on element 'Object Repository/ShopOpen/RemainingCategories/ProductCategoryAsset_BackButton'

2018-10-08 17:37:31 - [TEST_STEP][PASSED] - verifyElementExist: Element 'Object Repository/ShopOpen/Validate_ShopCategoriesListScreen' is exist

2018-10-08 17:37:31 - [MESSAGE][WARNING] - Timeout '0' is invalid. Using default page load timeout: '4'

2018-10-08 17:37:32 - [MESSAGE][PASSED] - Element 'Object Repository/ShopOpen/Validate_ShopCategoriesListScreen' is exist

2018-10-08 17:37:32 - [MESSAGE][PASSED] - Call Test Case 'Test Cases/ShopOpen/RemainingCategories/VisitRemainingCategoriesWithDSA' successfully

2018-10-08 17:37:33 - [TEST_CASE][PASSED] - Test Cases/ShopOpen/RemainingCategories/VisitRemainingCategoriesWithDSA: Test Cases/ShopOpen/RemainingCategories/VisitRemainingCategoriesWithDSA

2018-10-08 17:37:33 - [TEST_STEP][PASSED] - verifyElementText: Actual text and expected text of test object 'Object Repository/ShopOpen/RemainingCategories/Validate_MainCategoryDetailScreen' are matched.

2018-10-08 17:37:34 - [MESSAGE][PASSED] - Actual text and expected text of test object 'Object Repository/ShopOpen/RemainingCategories/Validate_MainCategoryDetailScreen' are matched.

2018-10-08 17:37:34 - [TEST_STEP][PASSED] - tap: Tapped on element 'Object Repository/ShopOpen/RemainingCategories/DisplaySpaceAvailable'

2018-10-08 17:37:34 - [MESSAGE][WARNING] - Timeout '0' is invalid. Using default page load timeout: '4'

2018-10-08 17:37:35 - [MESSAGE][PASSED] - Tapped on element 'Object Repository/ShopOpen/RemainingCategories/DisplaySpaceAvailable'

2018-10-08 17:37:35 - [TEST_STEP][PASSED] - verifyElementText: Actual text and expected text of test object 'Object Repository/ShopOpen/RemainingCategories/Validate_ProductCategoryAssetScreen' are matched.

2018-10-08 17:37:36 - [MESSAGE][PASSED] - Actual text and expected text of test object 'Object Repository/ShopOpen/RemainingCategories/Validate_ProductCategoryAssetScreen' are matched.

2018-10-08 17:37:36 - [TEST_STEP][PASSED] - tap: Tapped on element 'Object Repository/ShopOpen/RemainingCategories/Facing'

2018-10-08 17:37:36 - [MESSAGE][WARNING] - Timeout '0' is invalid. Using default page load timeout: '4'

2018-10-08 17:37:37 - [MESSAGE][PASSED] - Tapped on element 'Object Repository/ShopOpen/RemainingCategories/Facing'

2018-10-08 17:37:37 - [TEST_STEP][PASSED] - verifyElementText: Actual text and expected text of test object 'Object Repository/ShopOpen/RemainingCategories/Validate_FacingScreen' are matched.

2018-10-08 17:37:39 - [MESSAGE][PASSED] - Actual text and expected text of test object 'Object Repository/ShopOpen/RemainingCategories/Validate_FacingScreen' are matched.

2018-10-08 17:37:39 - [TEST_STEP][PASSED] - com.ct.qa.keywords.ChannelProductsDataKeywords.visitChannelWiseProductsData: com.ct.qa.keywords.ChannelProductsDataKeywords.visitChannelWiseProductsData is PASSED

2018-10-08 17:37:43 - [MESSAGE][PASSED] - Keyboard is hidden

2018-10-08 17:37:46 - [MESSAGE][PASSED] - Keyboard is hidden

2018-10-08 17:37:49 - [MESSAGE][PASSED] - Keyboard is hidden

2018-10-08 17:37:52 - [MESSAGE][PASSED] - Keyboard is hidden

2018-10-08 17:37:55 - [MESSAGE][PASSED] - Keyboard is hidden

2018-10-08 17:37:56 - [MESSAGE][PASSED] - com.ct.qa.keywords.ChannelProductsDataKeywords.visitChannelWiseProductsData is PASSED

2018-10-08 17:37:56 - [TEST_STEP][PASSED] - tap: Tapped on element 'Object Repository/ShopOpen/RemainingCategories/SubmitButton'

2018-10-08 17:37:56 - [MESSAGE][WARNING] - Timeout '0' is invalid. Using default page load timeout: '4'

2018-10-08 17:37:57 - [MESSAGE][PASSED] - Tapped on element 'Object Repository/ShopOpen/RemainingCategories/SubmitButton'

2018-10-08 17:37:57 - [TEST_STEP][PASSED] - verifyElementText: Actual text and expected text of test object 'Object Repository/ShopOpen/RemainingCategories/Validate_ProductCategoryAssetScreen' are matched.

2018-10-08 17:37:58 - [MESSAGE][PASSED] - Actual text and expected text of test object 'Object Repository/ShopOpen/RemainingCategories/Validate_ProductCategoryAssetScreen' are matched.

2018-10-08 17:37:58 - [TEST_STEP][PASSED] - tap: Tapped on element 'Object Repository/ShopOpen/RemainingCategories/StockTaking'

2018-10-08 17:37:58 - [MESSAGE][WARNING] - Timeout '0' is invalid. Using default page load timeout: '4'

2018-10-08 17:37:58 - [MESSAGE][PASSED] - Tapped on element 'Object Repository/ShopOpen/RemainingCategories/StockTaking'

2018-10-08 17:37:58 - [TEST_STEP][PASSED] - verifyElementText: Actual text and expected text of test object 'Object Repository/ShopOpen/RemainingCategories/Validate_StockTakingScreen' are matched.

2018-10-08 17:38:00 - [MESSAGE][PASSED] - Actual text and expected text of test object 'Object Repository/ShopOpen/RemainingCategories/Validate_StockTakingScreen' are matched.

2018-10-08 17:38:00 - [TEST_STEP][PASSED] - com.ct.qa.keywords.ChannelProductsDataKeywords.visitChannelWiseProductsData: com.ct.qa.keywords.ChannelProductsDataKeywords.visitChannelWiseProductsData is PASSED

2018-10-08 17:38:04 - [MESSAGE][PASSED] - Keyboard is hidden

2018-10-08 17:38:07 - [MESSAGE][PASSED] - Keyboard is hidden

2018-10-08 17:38:10 - [MESSAGE][PASSED] - Keyboard is hidden

2018-10-08 17:38:13 - [MESSAGE][PASSED] - Keyboard is hidden

2018-10-08 17:38:16 - [MESSAGE][PASSED] - Keyboard is hidden

2018-10-08 17:38:17 - [MESSAGE][PASSED] - com.ct.qa.keywords.ChannelProductsDataKeywords.visitChannelWiseProductsData is PASSED

2018-10-08 17:38:17 - [TEST_STEP][PASSED] - tap: Tapped on element 'Object Repository/ShopOpen/RemainingCategories/SubmitButton'

2018-10-08 17:38:17 - [MESSAGE][WARNING] - Timeout '0' is invalid. Using default page load timeout: '4'

2018-10-08 17:38:18 - [MESSAGE][PASSED] - Tapped on element 'Object Repository/ShopOpen/RemainingCategories/SubmitButton'

2018-10-08 17:38:18 - [TEST_STEP][PASSED] - verifyElementText: Actual text and expected text of test object 'Object Repository/ShopOpen/RemainingCategories/Validate_ProductCategoryAssetScreen' are matched.

2018-10-08 17:38:19 - [MESSAGE][PASSED] - Actual text and expected text of test object 'Object Repository/ShopOpen/RemainingCategories/Validate_ProductCategoryAssetScreen' are matched.

2018-10-08 17:38:19 - [TEST_STEP][PASSED] - tap: Tapped on element 'Object Repository/ShopOpen/RemainingCategories/planogram_ImageView'

2018-10-08 17:38:19 - [MESSAGE][WARNING] - Timeout '0' is invalid. Using default page load timeout: '4'

2018-10-08 17:38:19 - [MESSAGE][PASSED] - Tapped on element 'Object Repository/ShopOpen/RemainingCategories/planogram_ImageView'

2018-10-08 17:38:19 - [TEST_STEP][PASSED] - com.ct.qa.keywords.CommonKeywords.checkPlanogramAvailability: com.ct.qa.keywords.CommonKeywords.checkPlanogramAvailability is PASSED

2018-10-08 17:38:19 - [MESSAGE][WARNING] - Timeout '0' is invalid. Using default page load timeout: '4'

2018-10-08 17:38:24 - [MESSAGE][WARNING] - Object Object Repository/CommonScreenElements/InfoPopUp_OKButton not found
[[ATTACHMENT|F:\\Git Projects\\MMAPlus_Merchandising\\MMAPlus_Merchandising\\Reports\\MMA Plus Merchandising With Chiller Wise Data Verification\\20181008_171154\\1539002303472.png]]

2018-10-08 17:38:24 - [MESSAGE][PASSED] - com.ct.qa.keywords.CommonKeywords.checkPlanogramAvailability is PASSED

2018-10-08 17:38:24 - [TEST_STEP][PASSED] - com.ct.qa.keywords.CommonKeywords.closePlanogram: com.ct.qa.keywords.CommonKeywords.closePlanogram is PASSED

2018-10-08 17:38:25 - [MESSAGE][PASSED] - com.ct.qa.keywords.CommonKeywords.closePlanogram is PASSED

2018-10-08 17:38:25 - [TEST_STEP][PASSED] - verifyElementText: Actual text and expected text of test object 'Object Repository/ShopOpen/RemainingCategories/Validate_ProductCategoryAssetScreen' are matched.

2018-10-08 17:38:25 - [MESSAGE][PASSED] - Actual text and expected text of test object 'Object Repository/ShopOpen/RemainingCategories/Validate_ProductCategoryAssetScreen' are matched.

2018-10-08 17:38:25 - [TEST_STEP][PASSED] - com.ct.qa.keywords.CommonKeywords.findPictureImageView: com.ct.qa.keywords.CommonKeywords.findPictureImageView is PASSED

2018-10-08 17:38:26 - [MESSAGE][WARNING] - Timeout '0' is invalid. Using default page load timeout: '4'

2018-10-08 17:38:28 - [MESSAGE][PASSED] - Tapped on element 'Object Repository/CommonScreenElements/Picture_ImageView'

2018-10-08 17:38:28 - [MESSAGE][WARNING] - Timeout '0' is invalid. Using default page load timeout: '4'

2018-10-08 17:38:28 - [MESSAGE][PASSED] - Element 'Object Repository/CommonScreenElements/Validate_CameraScreen' is exist

2018-10-08 17:38:28 - [MESSAGE][WARNING] - Timeout '0' is invalid. Using default page load timeout: '4'

2018-10-08 17:38:32 - [MESSAGE][PASSED] - Tapped on element 'Object Repository/CommonScreenElements/TakePictureButton'

2018-10-08 17:38:37 - [MESSAGE][PASSED] - Delayed 5 second(s)

2018-10-08 17:38:37 - [MESSAGE][WARNING] - Timeout '0' is invalid. Using default page load timeout: '4'

2018-10-08 17:38:37 - [MESSAGE][PASSED] - Tapped on element 'Object Repository/CommonScreenElements/DoneButton'

2018-10-08 17:38:37 - [MESSAGE][PASSED] - com.ct.qa.keywords.CommonKeywords.findPictureImageView is PASSED

2018-10-08 17:38:37 - [TEST_STEP][PASSED] - verifyElementText: Actual text and expected text of test object 'Object Repository/ShopOpen/RemainingCategories/Validate_ProductCategoryAssetScreen' are matched.

2018-10-08 17:38:39 - [MESSAGE][PASSED] - Actual text and expected text of test object 'Object Repository/ShopOpen/RemainingCategories/Validate_ProductCategoryAssetScreen' are matched.

2018-10-08 17:38:39 - [TEST_STEP][PASSED] - tap: Tapped on element 'Object Repository/ShopOpen/RemainingCategories/ProductCategoryAsset_BackButton'

2018-10-08 17:38:39 - [MESSAGE][WARNING] - Timeout '0' is invalid. Using default page load timeout: '4'

2018-10-08 17:38:39 - [MESSAGE][PASSED] - Tapped on element 'Object Repository/ShopOpen/RemainingCategories/ProductCategoryAsset_BackButton'

2018-10-08 17:38:39 - [TEST_STEP][PASSED] - verifyElementExist: Element 'Object Repository/ShopOpen/Validate_ShopCategoriesListScreen' is exist

2018-10-08 17:38:39 - [MESSAGE][WARNING] - Timeout '0' is invalid. Using default page load timeout: '4'

2018-10-08 17:38:40 - [MESSAGE][PASSED] - Element 'Object Repository/ShopOpen/Validate_ShopCategoriesListScreen' is exist

2018-10-08 17:38:40 - [MESSAGE][PASSED] - Call Test Case 'Test Cases/ShopOpen/RemainingCategories/VisitRemainingCategoriesWithDSA' successfully

2018-10-08 17:38:41 - [TEST_CASE][PASSED] - Test Cases/ShopOpen/RemainingCategories/VisitRemainingCategoriesWithDSA: Test Cases/ShopOpen/RemainingCategories/VisitRemainingCategoriesWithDSA

2018-10-08 17:38:41 - [TEST_STEP][PASSED] - verifyElementText: Actual text and expected text of test object 'Object Repository/ShopOpen/RemainingCategories/Validate_MainCategoryDetailScreen' are matched.

2018-10-08 17:38:42 - [MESSAGE][PASSED] - Actual text and expected text of test object 'Object Repository/ShopOpen/RemainingCategories/Validate_MainCategoryDetailScreen' are matched.

2018-10-08 17:38:43 - [TEST_STEP][PASSED] - tap: Tapped on element 'Object Repository/ShopOpen/RemainingCategories/DisplaySpaceAvailable'

2018-10-08 17:38:43 - [MESSAGE][WARNING] - Timeout '0' is invalid. Using default page load timeout: '4'

2018-10-08 17:38:43 - [MESSAGE][PASSED] - Tapped on element 'Object Repository/ShopOpen/RemainingCategories/DisplaySpaceAvailable'

2018-10-08 17:38:43 - [TEST_STEP][PASSED] - verifyElementText: Actual text and expected text of test object 'Object Repository/ShopOpen/RemainingCategories/Validate_ProductCategoryAssetScreen' are matched.

2018-10-08 17:38:45 - [MESSAGE][PASSED] - Actual text and expected text of test object 'Object Repository/ShopOpen/RemainingCategories/Validate_ProductCategoryAssetScreen' are matched.

2018-10-08 17:38:45 - [TEST_STEP][PASSED] - tap: Tapped on element 'Object Repository/ShopOpen/RemainingCategories/Facing'

2018-10-08 17:38:45 - [MESSAGE][WARNING] - Timeout '0' is invalid. Using default page load timeout: '4'

2018-10-08 17:38:45 - [MESSAGE][PASSED] - Tapped on element 'Object Repository/ShopOpen/RemainingCategories/Facing'

2018-10-08 17:38:45 - [TEST_STEP][PASSED] - verifyElementText: Actual text and expected text of test object 'Object Repository/ShopOpen/RemainingCategories/Validate_FacingScreen' are matched.

2018-10-08 17:38:46 - [MESSAGE][PASSED] - Actual text and expected text of test object 'Object Repository/ShopOpen/RemainingCategories/Validate_FacingScreen' are matched.

2018-10-08 17:38:46 - [TEST_STEP][PASSED] - com.ct.qa.keywords.ChannelProductsDataKeywords.visitChannelWiseProductsData: com.ct.qa.keywords.ChannelProductsDataKeywords.visitChannelWiseProductsData is PASSED

2018-10-08 17:38:50 - [MESSAGE][PASSED] - Keyboard is hidden

2018-10-08 17:38:53 - [MESSAGE][PASSED] - Keyboard is hidden

2018-10-08 17:38:54 - [MESSAGE][PASSED] - com.ct.qa.keywords.ChannelProductsDataKeywords.visitChannelWiseProductsData is PASSED

2018-10-08 17:38:54 - [TEST_STEP][PASSED] - tap: Tapped on element 'Object Repository/ShopOpen/RemainingCategories/SubmitButton'

2018-10-08 17:38:54 - [MESSAGE][WARNING] - Timeout '0' is invalid. Using default page load timeout: '4'

2018-10-08 17:38:54 - [MESSAGE][PASSED] - Tapped on element 'Object Repository/ShopOpen/RemainingCategories/SubmitButton'

2018-10-08 17:38:54 - [TEST_STEP][PASSED] - verifyElementText: Actual text and expected text of test object 'Object Repository/ShopOpen/RemainingCategories/Validate_ProductCategoryAssetScreen' are matched.

2018-10-08 17:38:55 - [MESSAGE][PASSED] - Actual text and expected text of test object 'Object Repository/ShopOpen/RemainingCategories/Validate_ProductCategoryAssetScreen' are matched.

2018-10-08 17:38:55 - [TEST_STEP][PASSED] - tap: Tapped on element 'Object Repository/ShopOpen/RemainingCategories/StockTaking'

2018-10-08 17:38:55 - [MESSAGE][WARNING] - Timeout '0' is invalid. Using default page load timeout: '4'

2018-10-08 17:38:56 - [MESSAGE][PASSED] - Tapped on element 'Object Repository/ShopOpen/RemainingCategories/StockTaking'

2018-10-08 17:38:56 - [TEST_STEP][PASSED] - verifyElementText: Actual text and expected text of test object 'Object Repository/ShopOpen/RemainingCategories/Validate_StockTakingScreen' are matched.

2018-10-08 17:38:57 - [MESSAGE][PASSED] - Actual text and expected text of test object 'Object Repository/ShopOpen/RemainingCategories/Validate_StockTakingScreen' are matched.

2018-10-08 17:38:57 - [TEST_STEP][PASSED] - com.ct.qa.keywords.ChannelProductsDataKeywords.visitChannelWiseProductsData: com.ct.qa.keywords.ChannelProductsDataKeywords.visitChannelWiseProductsData is PASSED

2018-10-08 17:39:01 - [MESSAGE][PASSED] - Keyboard is hidden

2018-10-08 17:39:04 - [MESSAGE][PASSED] - Keyboard is hidden

2018-10-08 17:39:05 - [MESSAGE][PASSED] - com.ct.qa.keywords.ChannelProductsDataKeywords.visitChannelWiseProductsData is PASSED

2018-10-08 17:39:05 - [TEST_STEP][PASSED] - tap: Tapped on element 'Object Repository/ShopOpen/RemainingCategories/SubmitButton'

2018-10-08 17:39:05 - [MESSAGE][WARNING] - Timeout '0' is invalid. Using default page load timeout: '4'

2018-10-08 17:39:05 - [MESSAGE][PASSED] - Tapped on element 'Object Repository/ShopOpen/RemainingCategories/SubmitButton'

2018-10-08 17:39:05 - [TEST_STEP][PASSED] - verifyElementText: Actual text and expected text of test object 'Object Repository/ShopOpen/RemainingCategories/Validate_ProductCategoryAssetScreen' are matched.

2018-10-08 17:39:06 - [MESSAGE][PASSED] - Actual text and expected text of test object 'Object Repository/ShopOpen/RemainingCategories/Validate_ProductCategoryAssetScreen' are matched.

2018-10-08 17:39:06 - [TEST_STEP][PASSED] - tap: Tapped on element 'Object Repository/ShopOpen/RemainingCategories/planogram_ImageView'

2018-10-08 17:39:06 - [MESSAGE][WARNING] - Timeout '0' is invalid. Using default page load timeout: '4'

2018-10-08 17:39:07 - [MESSAGE][PASSED] - Tapped on element 'Object Repository/ShopOpen/RemainingCategories/planogram_ImageView'

2018-10-08 17:39:07 - [TEST_STEP][PASSED] - com.ct.qa.keywords.CommonKeywords.checkPlanogramAvailability: com.ct.qa.keywords.CommonKeywords.checkPlanogramAvailability is PASSED

2018-10-08 17:39:07 - [MESSAGE][WARNING] - Timeout '0' is invalid. Using default page load timeout: '4'

2018-10-08 17:39:12 - [MESSAGE][WARNING] - Object Object Repository/CommonScreenElements/InfoPopUp_OKButton not found
[[ATTACHMENT|F:\\Git Projects\\MMAPlus_Merchandising\\MMAPlus_Merchandising\\Reports\\MMA Plus Merchandising With Chiller Wise Data Verification\\20181008_171154\\1539002351294.png]]

2018-10-08 17:39:12 - [MESSAGE][PASSED] - com.ct.qa.keywords.CommonKeywords.checkPlanogramAvailability is PASSED

2018-10-08 17:39:12 - [TEST_STEP][PASSED] - com.ct.qa.keywords.CommonKeywords.closePlanogram: com.ct.qa.keywords.CommonKeywords.closePlanogram is PASSED

2018-10-08 17:39:13 - [MESSAGE][PASSED] - com.ct.qa.keywords.CommonKeywords.closePlanogram is PASSED

2018-10-08 17:39:13 - [TEST_STEP][PASSED] - verifyElementText: Actual text and expected text of test object 'Object Repository/ShopOpen/RemainingCategories/Validate_ProductCategoryAssetScreen' are matched.

2018-10-08 17:39:14 - [MESSAGE][PASSED] - Actual text and expected text of test object 'Object Repository/ShopOpen/RemainingCategories/Validate_ProductCategoryAssetScreen' are matched.

2018-10-08 17:39:14 - [TEST_STEP][PASSED] - com.ct.qa.keywords.CommonKeywords.findPictureImageView: com.ct.qa.keywords.CommonKeywords.findPictureImageView is PASSED

2018-10-08 17:39:14 - [MESSAGE][WARNING] - Timeout '0' is invalid. Using default page load timeout: '4'

2018-10-08 17:39:16 - [MESSAGE][PASSED] - Tapped on element 'Object Repository/CommonScreenElements/Picture_ImageView'

2018-10-08 17:39:16 - [MESSAGE][WARNING] - Timeout '0' is invalid. Using default page load timeout: '4'

2018-10-08 17:39:17 - [MESSAGE][PASSED] - Element 'Object Repository/CommonScreenElements/Validate_CameraScreen' is exist

2018-10-08 17:39:17 - [MESSAGE][WARNING] - Timeout '0' is invalid. Using default page load timeout: '4'

2018-10-08 17:39:20 - [MESSAGE][PASSED] - Tapped on element 'Object Repository/CommonScreenElements/TakePictureButton'

2018-10-08 17:39:25 - [MESSAGE][PASSED] - Delayed 5 second(s)

2018-10-08 17:39:25 - [MESSAGE][WARNING] - Timeout '0' is invalid. Using default page load timeout: '4'

2018-10-08 17:39:26 - [MESSAGE][PASSED] - Tapped on element 'Object Repository/CommonScreenElements/DoneButton'

2018-10-08 17:39:26 - [MESSAGE][PASSED] - com.ct.qa.keywords.CommonKeywords.findPictureImageView is PASSED

2018-10-08 17:39:26 - [TEST_STEP][PASSED] - verifyElementText: Actual text and expected text of test object 'Object Repository/ShopOpen/RemainingCategories/Validate_ProductCategoryAssetScreen' are matched.

2018-10-08 17:39:27 - [MESSAGE][PASSED] - Actual text and expected text of test object 'Object Repository/ShopOpen/RemainingCategories/Validate_ProductCategoryAssetScreen' are matched.

2018-10-08 17:39:27 - [TEST_STEP][PASSED] - tap: Tapped on element 'Object Repository/ShopOpen/RemainingCategories/ProductCategoryAsset_BackButton'

2018-10-08 17:39:27 - [MESSAGE][WARNING] - Timeout '0' is invalid. Using default page load timeout: '4'

2018-10-08 17:39:27 - [MESSAGE][PASSED] - Tapped on element 'Object Repository/ShopOpen/RemainingCategories/ProductCategoryAsset_BackButton'

2018-10-08 17:39:27 - [TEST_STEP][PASSED] - verifyElementExist: Element 'Object Repository/ShopOpen/Validate_ShopCategoriesListScreen' is exist

2018-10-08 17:39:27 - [MESSAGE][WARNING] - Timeout '0' is invalid. Using default page load timeout: '4'

2018-10-08 17:39:28 - [MESSAGE][PASSED] - Element 'Object Repository/ShopOpen/Validate_ShopCategoriesListScreen' is exist

2018-10-08 17:39:28 - [MESSAGE][PASSED] - Call Test Case 'Test Cases/ShopOpen/RemainingCategories/VisitRemainingCategoriesWithDSA' successfully

2018-10-08 17:39:29 - [TEST_CASE][PASSED] - Test Cases/ShopOpen/RemainingCategories/VisitRemainingCategoriesWithDSA: Test Cases/ShopOpen/RemainingCategories/VisitRemainingCategoriesWithDSA

2018-10-08 17:39:29 - [TEST_STEP][PASSED] - verifyElementText: Actual text and expected text of test object 'Object Repository/ShopOpen/RemainingCategories/Validate_MainCategoryDetailScreen' are matched.

2018-10-08 17:39:30 - [MESSAGE][PASSED] - Actual text and expected text of test object 'Object Repository/ShopOpen/RemainingCategories/Validate_MainCategoryDetailScreen' are matched.

2018-10-08 17:39:30 - [TEST_STEP][PASSED] - tap: Tapped on element 'Object Repository/ShopOpen/RemainingCategories/DisplaySpaceAvailable'

2018-10-08 17:39:30 - [MESSAGE][WARNING] - Timeout '0' is invalid. Using default page load timeout: '4'

2018-10-08 17:39:31 - [MESSAGE][PASSED] - Tapped on element 'Object Repository/ShopOpen/RemainingCategories/DisplaySpaceAvailable'

2018-10-08 17:39:31 - [TEST_STEP][PASSED] - verifyElementText: Actual text and expected text of test object 'Object Repository/ShopOpen/RemainingCategories/Validate_ProductCategoryAssetScreen' are matched.

2018-10-08 17:39:32 - [MESSAGE][PASSED] - Actual text and expected text of test object 'Object Repository/ShopOpen/RemainingCategories/Validate_ProductCategoryAssetScreen' are matched.

2018-10-08 17:39:32 - [TEST_STEP][PASSED] - tap: Tapped on element 'Object Repository/ShopOpen/RemainingCategories/Facing'

2018-10-08 17:39:32 - [MESSAGE][WARNING] - Timeout '0' is invalid. Using default page load timeout: '4'

2018-10-08 17:39:33 - [MESSAGE][PASSED] - Tapped on element 'Object Repository/ShopOpen/RemainingCategories/Facing'

2018-10-08 17:39:33 - [TEST_STEP][PASSED] - verifyElementText: Actual text and expected text of test object 'Object Repository/ShopOpen/RemainingCategories/Validate_FacingScreen' are matched.

2018-10-08 17:39:35 - [MESSAGE][PASSED] - Actual text and expected text of test object 'Object Repository/ShopOpen/RemainingCategories/Validate_FacingScreen' are matched.

2018-10-08 17:39:35 - [TEST_STEP][PASSED] - com.ct.qa.keywords.ChannelProductsDataKeywords.visitChannelWiseProductsData: com.ct.qa.keywords.ChannelProductsDataKeywords.visitChannelWiseProductsData is PASSED

2018-10-08 17:39:39 - [MESSAGE][PASSED] - Keyboard is hidden

2018-10-08 17:39:42 - [MESSAGE][PASSED] - Keyboard is hidden

2018-10-08 17:39:45 - [MESSAGE][PASSED] - Keyboard is hidden

2018-10-08 17:39:48 - [MESSAGE][PASSED] - Keyboard is hidden

2018-10-08 17:39:51 - [MESSAGE][PASSED] - Keyboard is hidden

2018-10-08 17:39:52 - [MESSAGE][PASSED] - com.ct.qa.keywords.ChannelProductsDataKeywords.visitChannelWiseProductsData is PASSED

2018-10-08 17:39:52 - [TEST_STEP][PASSED] - tap: Tapped on element 'Object Repository/ShopOpen/RemainingCategories/SubmitButton'

2018-10-08 17:39:52 - [MESSAGE][WARNING] - Timeout '0' is invalid. Using default page load timeout: '4'

2018-10-08 17:39:53 - [MESSAGE][PASSED] - Tapped on element 'Object Repository/ShopOpen/RemainingCategories/SubmitButton'

2018-10-08 17:39:53 - [TEST_STEP][PASSED] - verifyElementText: Actual text and expected text of test object 'Object Repository/ShopOpen/RemainingCategories/Validate_ProductCategoryAssetScreen' are matched.

2018-10-08 17:39:54 - [MESSAGE][PASSED] - Actual text and expected text of test object 'Object Repository/ShopOpen/RemainingCategories/Validate_ProductCategoryAssetScreen' are matched.

2018-10-08 17:39:54 - [TEST_STEP][PASSED] - tap: Tapped on element 'Object Repository/ShopOpen/RemainingCategories/StockTaking'

2018-10-08 17:39:54 - [MESSAGE][WARNING] - Timeout '0' is invalid. Using default page load timeout: '4'

2018-10-08 17:39:54 - [MESSAGE][PASSED] - Tapped on element 'Object Repository/ShopOpen/RemainingCategories/StockTaking'

2018-10-08 17:39:54 - [TEST_STEP][PASSED] - verifyElementText: Actual text and expected text of test object 'Object Repository/ShopOpen/RemainingCategories/Validate_StockTakingScreen' are matched.

2018-10-08 17:39:55 - [MESSAGE][PASSED] - Actual text and expected text of test object 'Object Repository/ShopOpen/RemainingCategories/Validate_StockTakingScreen' are matched.

2018-10-08 17:39:55 - [TEST_STEP][PASSED] - com.ct.qa.keywords.ChannelProductsDataKeywords.visitChannelWiseProductsData: com.ct.qa.keywords.ChannelProductsDataKeywords.visitChannelWiseProductsData is PASSED

2018-10-08 17:40:00 - [MESSAGE][PASSED] - Keyboard is hidden

2018-10-08 17:40:03 - [MESSAGE][PASSED] - Keyboard is hidden

2018-10-08 17:40:06 - [MESSAGE][PASSED] - Keyboard is hidden

2018-10-08 17:40:09 - [MESSAGE][PASSED] - Keyboard is hidden

2018-10-08 17:40:12 - [MESSAGE][PASSED] - Keyboard is hidden

2018-10-08 17:40:14 - [MESSAGE][PASSED] - com.ct.qa.keywords.ChannelProductsDataKeywords.visitChannelWiseProductsData is PASSED

2018-10-08 17:40:14 - [TEST_STEP][PASSED] - tap: Tapped on element 'Object Repository/ShopOpen/RemainingCategories/SubmitButton'

2018-10-08 17:40:14 - [MESSAGE][WARNING] - Timeout '0' is invalid. Using default page load timeout: '4'

2018-10-08 17:40:14 - [MESSAGE][PASSED] - Tapped on element 'Object Repository/ShopOpen/RemainingCategories/SubmitButton'

2018-10-08 17:40:14 - [TEST_STEP][PASSED] - verifyElementText: Actual text and expected text of test object 'Object Repository/ShopOpen/RemainingCategories/Validate_ProductCategoryAssetScreen' are matched.

2018-10-08 17:40:15 - [MESSAGE][PASSED] - Actual text and expected text of test object 'Object Repository/ShopOpen/RemainingCategories/Validate_ProductCategoryAssetScreen' are matched.

2018-10-08 17:40:15 - [TEST_STEP][PASSED] - tap: Tapped on element 'Object Repository/ShopOpen/RemainingCategories/planogram_ImageView'

2018-10-08 17:40:15 - [MESSAGE][WARNING] - Timeout '0' is invalid. Using default page load timeout: '4'

2018-10-08 17:40:16 - [MESSAGE][PASSED] - Tapped on element 'Object Repository/ShopOpen/RemainingCategories/planogram_ImageView'

2018-10-08 17:40:16 - [TEST_STEP][PASSED] - com.ct.qa.keywords.CommonKeywords.checkPlanogramAvailability: com.ct.qa.keywords.CommonKeywords.checkPlanogramAvailability is PASSED

2018-10-08 17:40:16 - [MESSAGE][WARNING] - Timeout '0' is invalid. Using default page load timeout: '4'

2018-10-08 17:40:21 - [MESSAGE][WARNING] - Object Object Repository/CommonScreenElements/InfoPopUp_OKButton not found
[[ATTACHMENT|F:\\Git Projects\\MMAPlus_Merchandising\\MMAPlus_Merchandising\\Reports\\MMA Plus Merchandising With Chiller Wise Data Verification\\20181008_171154\\1539002420404.png]]

2018-10-08 17:40:21 - [MESSAGE][PASSED] - com.ct.qa.keywords.CommonKeywords.checkPlanogramAvailability is PASSED

2018-10-08 17:40:21 - [TEST_STEP][PASSED] - com.ct.qa.keywords.CommonKeywords.closePlanogram: com.ct.qa.keywords.CommonKeywords.closePlanogram is PASSED

2018-10-08 17:40:22 - [MESSAGE][PASSED] - com.ct.qa.keywords.CommonKeywords.closePlanogram is PASSED

2018-10-08 17:40:22 - [TEST_STEP][PASSED] - verifyElementText: Actual text and expected text of test object 'Object Repository/ShopOpen/RemainingCategories/Validate_ProductCategoryAssetScreen' are matched.

2018-10-08 17:40:23 - [MESSAGE][PASSED] - Actual text and expected text of test object 'Object Repository/ShopOpen/RemainingCategories/Validate_ProductCategoryAssetScreen' are matched.

2018-10-08 17:40:23 - [TEST_STEP][PASSED] - com.ct.qa.keywords.CommonKeywords.findPictureImageView: com.ct.qa.keywords.CommonKeywords.findPictureImageView is PASSED

2018-10-08 17:40:23 - [MESSAGE][WARNING] - Timeout '0' is invalid. Using default page load timeout: '4'

2018-10-08 17:40:25 - [MESSAGE][PASSED] - Tapped on element 'Object Repository/CommonScreenElements/Picture_ImageView'

2018-10-08 17:40:25 - [MESSAGE][WARNING] - Timeout '0' is invalid. Using default page load timeout: '4'

2018-10-08 17:40:26 - [MESSAGE][PASSED] - Element 'Object Repository/CommonScreenElements/Validate_CameraScreen' is exist

2018-10-08 17:40:26 - [MESSAGE][WARNING] - Timeout '0' is invalid. Using default page load timeout: '4'

2018-10-08 17:40:29 - [MESSAGE][PASSED] - Tapped on element 'Object Repository/CommonScreenElements/TakePictureButton'

2018-10-08 17:40:34 - [MESSAGE][PASSED] - Delayed 5 second(s)

2018-10-08 17:40:34 - [MESSAGE][WARNING] - Timeout '0' is invalid. Using default page load timeout: '4'

2018-10-08 17:40:35 - [MESSAGE][PASSED] - Tapped on element 'Object Repository/CommonScreenElements/DoneButton'

2018-10-08 17:40:35 - [MESSAGE][PASSED] - com.ct.qa.keywords.CommonKeywords.findPictureImageView is PASSED

2018-10-08 17:40:35 - [TEST_STEP][PASSED] - verifyElementText: Actual text and expected text of test object 'Object Repository/ShopOpen/RemainingCategories/Validate_ProductCategoryAssetScreen' are matched.

2018-10-08 17:40:35 - [MESSAGE][PASSED] - Actual text and expected text of test object 'Object Repository/ShopOpen/RemainingCategories/Validate_ProductCategoryAssetScreen' are matched.

2018-10-08 17:40:35 - [TEST_STEP][PASSED] - tap: Tapped on element 'Object Repository/ShopOpen/RemainingCategories/ProductCategoryAsset_BackButton'

2018-10-08 17:40:35 - [MESSAGE][WARNING] - Timeout '0' is invalid. Using default page load timeout: '4'

2018-10-08 17:40:36 - [MESSAGE][PASSED] - Tapped on element 'Object Repository/ShopOpen/RemainingCategories/ProductCategoryAsset_BackButton'

2018-10-08 17:40:36 - [TEST_STEP][PASSED] - verifyElementExist: Element 'Object Repository/ShopOpen/Validate_ShopCategoriesListScreen' is exist

2018-10-08 17:40:36 - [MESSAGE][WARNING] - Timeout '0' is invalid. Using default page load timeout: '4'

2018-10-08 17:40:37 - [MESSAGE][PASSED] - Element 'Object Repository/ShopOpen/Validate_ShopCategoriesListScreen' is exist

2018-10-08 17:40:37 - [MESSAGE][PASSED] - Call Test Case 'Test Cases/ShopOpen/RemainingCategories/VisitRemainingCategoriesWithDSA' successfully

2018-10-08 17:40:38 - [TEST_CASE][PASSED] - Test Cases/ShopOpen/RemainingCategories/VisitRemainingCategoriesWithDSA: Test Cases/ShopOpen/RemainingCategories/VisitRemainingCategoriesWithDSA

2018-10-08 17:40:38 - [TEST_STEP][PASSED] - verifyElementText: Actual text and expected text of test object 'Object Repository/ShopOpen/RemainingCategories/Validate_MainCategoryDetailScreen' are matched.

2018-10-08 17:40:39 - [MESSAGE][PASSED] - Actual text and expected text of test object 'Object Repository/ShopOpen/RemainingCategories/Validate_MainCategoryDetailScreen' are matched.

2018-10-08 17:40:39 - [TEST_STEP][PASSED] - tap: Tapped on element 'Object Repository/ShopOpen/RemainingCategories/DisplaySpaceAvailable'

2018-10-08 17:40:39 - [MESSAGE][WARNING] - Timeout '0' is invalid. Using default page load timeout: '4'

2018-10-08 17:40:40 - [MESSAGE][PASSED] - Tapped on element 'Object Repository/ShopOpen/RemainingCategories/DisplaySpaceAvailable'

2018-10-08 17:40:40 - [TEST_STEP][PASSED] - verifyElementText: Actual text and expected text of test object 'Object Repository/ShopOpen/RemainingCategories/Validate_ProductCategoryAssetScreen' are matched.

2018-10-08 17:40:41 - [MESSAGE][PASSED] - Actual text and expected text of test object 'Object Repository/ShopOpen/RemainingCategories/Validate_ProductCategoryAssetScreen' are matched.

2018-10-08 17:40:41 - [TEST_STEP][PASSED] - tap: Tapped on element 'Object Repository/ShopOpen/RemainingCategories/Facing'

2018-10-08 17:40:41 - [MESSAGE][WARNING] - Timeout '0' is invalid. Using default page load timeout: '4'

2018-10-08 17:40:42 - [MESSAGE][PASSED] - Tapped on element 'Object Repository/ShopOpen/RemainingCategories/Facing'

2018-10-08 17:40:42 - [TEST_STEP][PASSED] - verifyElementText: Actual text and expected text of test object 'Object Repository/ShopOpen/RemainingCategories/Validate_FacingScreen' are matched.

2018-10-08 17:40:44 - [MESSAGE][PASSED] - Actual text and expected text of test object 'Object Repository/ShopOpen/RemainingCategories/Validate_FacingScreen' are matched.

2018-10-08 17:40:44 - [TEST_STEP][PASSED] - com.ct.qa.keywords.ChannelProductsDataKeywords.visitChannelWiseProductsData: com.ct.qa.keywords.ChannelProductsDataKeywords.visitChannelWiseProductsData is PASSED

2018-10-08 17:40:48 - [MESSAGE][PASSED] - Keyboard is hidden

2018-10-08 17:40:51 - [MESSAGE][PASSED] - Keyboard is hidden

2018-10-08 17:40:54 - [MESSAGE][PASSED] - Keyboard is hidden

2018-10-08 17:40:57 - [MESSAGE][PASSED] - Keyboard is hidden

2018-10-08 17:40:58 - [MESSAGE][PASSED] - com.ct.qa.keywords.ChannelProductsDataKeywords.visitChannelWiseProductsData is PASSED

2018-10-08 17:40:58 - [TEST_STEP][PASSED] - tap: Tapped on element 'Object Repository/ShopOpen/RemainingCategories/SubmitButton'

2018-10-08 17:40:58 - [MESSAGE][WARNING] - Timeout '0' is invalid. Using default page load timeout: '4'

2018-10-08 17:40:59 - [MESSAGE][PASSED] - Tapped on element 'Object Repository/ShopOpen/RemainingCategories/SubmitButton'

2018-10-08 17:40:59 - [TEST_STEP][PASSED] - verifyElementText: Actual text and expected text of test object 'Object Repository/ShopOpen/RemainingCategories/Validate_ProductCategoryAssetScreen' are matched.

2018-10-08 17:41:00 - [MESSAGE][PASSED] - Actual text and expected text of test object 'Object Repository/ShopOpen/RemainingCategories/Validate_ProductCategoryAssetScreen' are matched.

2018-10-08 17:41:00 - [TEST_STEP][PASSED] - tap: Tapped on element 'Object Repository/ShopOpen/RemainingCategories/StockTaking'

2018-10-08 17:41:00 - [MESSAGE][WARNING] - Timeout '0' is invalid. Using default page load timeout: '4'

2018-10-08 17:41:00 - [MESSAGE][PASSED] - Tapped on element 'Object Repository/ShopOpen/RemainingCategories/StockTaking'

2018-10-08 17:41:00 - [TEST_STEP][PASSED] - verifyElementText: Actual text and expected text of test object 'Object Repository/ShopOpen/RemainingCategories/Validate_StockTakingScreen' are matched.

2018-10-08 17:41:02 - [MESSAGE][PASSED] - Actual text and expected text of test object 'Object Repository/ShopOpen/RemainingCategories/Validate_StockTakingScreen' are matched.

2018-10-08 17:41:02 - [TEST_STEP][PASSED] - com.ct.qa.keywords.ChannelProductsDataKeywords.visitChannelWiseProductsData: com.ct.qa.keywords.ChannelProductsDataKeywords.visitChannelWiseProductsData is PASSED

2018-10-08 17:41:06 - [MESSAGE][PASSED] - Keyboard is hidden

2018-10-08 17:41:09 - [MESSAGE][PASSED] - Keyboard is hidden

2018-10-08 17:41:12 - [MESSAGE][PASSED] - Keyboard is hidden

2018-10-08 17:41:15 - [MESSAGE][PASSED] - Keyboard is hidden

2018-10-08 17:41:16 - [MESSAGE][PASSED] - com.ct.qa.keywords.ChannelProductsDataKeywords.visitChannelWiseProductsData is PASSED

2018-10-08 17:41:16 - [TEST_STEP][PASSED] - tap: Tapped on element 'Object Repository/ShopOpen/RemainingCategories/SubmitButton'

2018-10-08 17:41:16 - [MESSAGE][WARNING] - Timeout '0' is invalid. Using default page load timeout: '4'

2018-10-08 17:41:17 - [MESSAGE][PASSED] - Tapped on element 'Object Repository/ShopOpen/RemainingCategories/SubmitButton'

2018-10-08 17:41:17 - [TEST_STEP][PASSED] - verifyElementText: Actual text and expected text of test object 'Object Repository/ShopOpen/RemainingCategories/Validate_ProductCategoryAssetScreen' are matched.

2018-10-08 17:41:17 - [MESSAGE][PASSED] - Actual text and expected text of test object 'Object Repository/ShopOpen/RemainingCategories/Validate_ProductCategoryAssetScreen' are matched.

2018-10-08 17:41:17 - [TEST_STEP][PASSED] - tap: Tapped on element 'Object Repository/ShopOpen/RemainingCategories/planogram_ImageView'

2018-10-08 17:41:17 - [MESSAGE][WARNING] - Timeout '0' is invalid. Using default page load timeout: '4'

2018-10-08 17:41:18 - [MESSAGE][PASSED] - Tapped on element 'Object Repository/ShopOpen/RemainingCategories/planogram_ImageView'

2018-10-08 17:41:18 - [TEST_STEP][PASSED] - com.ct.qa.keywords.CommonKeywords.checkPlanogramAvailability: com.ct.qa.keywords.CommonKeywords.checkPlanogramAvailability is PASSED

2018-10-08 17:41:18 - [MESSAGE][WARNING] - Timeout '0' is invalid. Using default page load timeout: '4'

2018-10-08 17:41:23 - [MESSAGE][WARNING] - Object Object Repository/CommonScreenElements/InfoPopUp_OKButton not found
[[ATTACHMENT|F:\\Git Projects\\MMAPlus_Merchandising\\MMAPlus_Merchandising\\Reports\\MMA Plus Merchandising With Chiller Wise Data Verification\\20181008_171154\\1539002482465.png]]

2018-10-08 17:41:23 - [MESSAGE][PASSED] - com.ct.qa.keywords.CommonKeywords.checkPlanogramAvailability is PASSED

2018-10-08 17:41:23 - [TEST_STEP][PASSED] - com.ct.qa.keywords.CommonKeywords.closePlanogram: com.ct.qa.keywords.CommonKeywords.closePlanogram is PASSED

2018-10-08 17:41:24 - [MESSAGE][PASSED] - com.ct.qa.keywords.CommonKeywords.closePlanogram is PASSED

2018-10-08 17:41:24 - [TEST_STEP][PASSED] - verifyElementText: Actual text and expected text of test object 'Object Repository/ShopOpen/RemainingCategories/Validate_ProductCategoryAssetScreen' are matched.

2018-10-08 17:41:25 - [MESSAGE][PASSED] - Actual text and expected text of test object 'Object Repository/ShopOpen/RemainingCategories/Validate_ProductCategoryAssetScreen' are matched.

2018-10-08 17:41:25 - [TEST_STEP][PASSED] - com.ct.qa.keywords.CommonKeywords.findPictureImageView: com.ct.qa.keywords.CommonKeywords.findPictureImageView is PASSED

2018-10-08 17:41:25 - [MESSAGE][WARNING] - Timeout '0' is invalid. Using default page load timeout: '4'

2018-10-08 17:41:27 - [MESSAGE][PASSED] - Tapped on element 'Object Repository/CommonScreenElements/Picture_ImageView'

2018-10-08 17:41:27 - [MESSAGE][WARNING] - Timeout '0' is invalid. Using default page load timeout: '4'

2018-10-08 17:41:27 - [MESSAGE][PASSED] - Element 'Object Repository/CommonScreenElements/Validate_CameraScreen' is exist

2018-10-08 17:41:27 - [MESSAGE][WARNING] - Timeout '0' is invalid. Using default page load timeout: '4'

2018-10-08 17:41:31 - [MESSAGE][PASSED] - Tapped on element 'Object Repository/CommonScreenElements/TakePictureButton'

2018-10-08 17:41:36 - [MESSAGE][PASSED] - Delayed 5 second(s)

2018-10-08 17:41:36 - [MESSAGE][WARNING] - Timeout '0' is invalid. Using default page load timeout: '4'

2018-10-08 17:41:36 - [MESSAGE][PASSED] - Tapped on element 'Object Repository/CommonScreenElements/DoneButton'

2018-10-08 17:41:36 - [MESSAGE][PASSED] - com.ct.qa.keywords.CommonKeywords.findPictureImageView is PASSED

2018-10-08 17:41:36 - [TEST_STEP][PASSED] - verifyElementText: Actual text and expected text of test object 'Object Repository/ShopOpen/RemainingCategories/Validate_ProductCategoryAssetScreen' are matched.

2018-10-08 17:41:37 - [MESSAGE][PASSED] - Actual text and expected text of test object 'Object Repository/ShopOpen/RemainingCategories/Validate_ProductCategoryAssetScreen' are matched.

2018-10-08 17:41:37 - [TEST_STEP][PASSED] - tap: Tapped on element 'Object Repository/ShopOpen/RemainingCategories/ProductCategoryAsset_BackButton'

2018-10-08 17:41:37 - [MESSAGE][WARNING] - Timeout '0' is invalid. Using default page load timeout: '4'

2018-10-08 17:41:38 - [MESSAGE][PASSED] - Tapped on element 'Object Repository/ShopOpen/RemainingCategories/ProductCategoryAsset_BackButton'

2018-10-08 17:41:38 - [TEST_STEP][PASSED] - verifyElementExist: Element 'Object Repository/ShopOpen/Validate_ShopCategoriesListScreen' is exist

2018-10-08 17:41:38 - [MESSAGE][WARNING] - Timeout '0' is invalid. Using default page load timeout: '4'

2018-10-08 17:41:39 - [MESSAGE][PASSED] - Element 'Object Repository/ShopOpen/Validate_ShopCategoriesListScreen' is exist

2018-10-08 17:41:39 - [MESSAGE][PASSED] - Call Test Case 'Test Cases/ShopOpen/RemainingCategories/VisitRemainingCategoriesWithDSA' successfully

2018-10-08 17:41:40 - [TEST_CASE][PASSED] - Test Cases/ShopOpen/RemainingCategories/VisitRemainingCategoriesWithDSA: Test Cases/ShopOpen/RemainingCategories/VisitRemainingCategoriesWithDSA

2018-10-08 17:41:40 - [TEST_STEP][PASSED] - verifyElementText: Actual text and expected text of test object 'Object Repository/ShopOpen/RemainingCategories/Validate_MainCategoryDetailScreen' are matched.

2018-10-08 17:41:41 - [MESSAGE][PASSED] - Actual text and expected text of test object 'Object Repository/ShopOpen/RemainingCategories/Validate_MainCategoryDetailScreen' are matched.

2018-10-08 17:41:41 - [TEST_STEP][PASSED] - tap: Tapped on element 'Object Repository/ShopOpen/RemainingCategories/DisplaySpaceAvailable'

2018-10-08 17:41:41 - [MESSAGE][WARNING] - Timeout '0' is invalid. Using default page load timeout: '4'

2018-10-08 17:41:42 - [MESSAGE][PASSED] - Tapped on element 'Object Repository/ShopOpen/RemainingCategories/DisplaySpaceAvailable'

2018-10-08 17:41:42 - [TEST_STEP][PASSED] - verifyElementText: Actual text and expected text of test object 'Object Repository/ShopOpen/RemainingCategories/Validate_ProductCategoryAssetScreen' are matched.

2018-10-08 17:41:43 - [MESSAGE][PASSED] - Actual text and expected text of test object 'Object Repository/ShopOpen/RemainingCategories/Validate_ProductCategoryAssetScreen' are matched.

2018-10-08 17:41:43 - [TEST_STEP][PASSED] - tap: Tapped on element 'Object Repository/ShopOpen/RemainingCategories/Facing'

2018-10-08 17:41:43 - [MESSAGE][WARNING] - Timeout '0' is invalid. Using default page load timeout: '4'

2018-10-08 17:41:44 - [MESSAGE][PASSED] - Tapped on element 'Object Repository/ShopOpen/RemainingCategories/Facing'

2018-10-08 17:41:44 - [TEST_STEP][PASSED] - verifyElementText: Actual text and expected text of test object 'Object Repository/ShopOpen/RemainingCategories/Validate_FacingScreen' are matched.

2018-10-08 17:41:45 - [MESSAGE][PASSED] - Actual text and expected text of test object 'Object Repository/ShopOpen/RemainingCategories/Validate_FacingScreen' are matched.

2018-10-08 17:41:45 - [TEST_STEP][PASSED] - com.ct.qa.keywords.ChannelProductsDataKeywords.visitChannelWiseProductsData: com.ct.qa.keywords.ChannelProductsDataKeywords.visitChannelWiseProductsData is PASSED

2018-10-08 17:41:49 - [MESSAGE][PASSED] - Keyboard is hidden

2018-10-08 17:41:52 - [MESSAGE][PASSED] - Keyboard is hidden

2018-10-08 17:41:53 - [MESSAGE][PASSED] - com.ct.qa.keywords.ChannelProductsDataKeywords.visitChannelWiseProductsData is PASSED

2018-10-08 17:41:53 - [TEST_STEP][PASSED] - tap: Tapped on element 'Object Repository/ShopOpen/RemainingCategories/SubmitButton'

2018-10-08 17:41:53 - [MESSAGE][WARNING] - Timeout '0' is invalid. Using default page load timeout: '4'

2018-10-08 17:41:54 - [MESSAGE][PASSED] - Tapped on element 'Object Repository/ShopOpen/RemainingCategories/SubmitButton'

2018-10-08 17:41:54 - [TEST_STEP][PASSED] - verifyElementText: Actual text and expected text of test object 'Object Repository/ShopOpen/RemainingCategories/Validate_ProductCategoryAssetScreen' are matched.

2018-10-08 17:41:54 - [MESSAGE][PASSED] - Actual text and expected text of test object 'Object Repository/ShopOpen/RemainingCategories/Validate_ProductCategoryAssetScreen' are matched.

2018-10-08 17:41:54 - [TEST_STEP][PASSED] - tap: Tapped on element 'Object Repository/ShopOpen/RemainingCategories/StockTaking'

2018-10-08 17:41:54 - [MESSAGE][WARNING] - Timeout '0' is invalid. Using default page load timeout: '4'

2018-10-08 17:41:55 - [MESSAGE][PASSED] - Tapped on element 'Object Repository/ShopOpen/RemainingCategories/StockTaking'

2018-10-08 17:41:55 - [TEST_STEP][PASSED] - verifyElementText: Actual text and expected text of test object 'Object Repository/ShopOpen/RemainingCategories/Validate_StockTakingScreen' are matched.

2018-10-08 17:41:56 - [MESSAGE][PASSED] - Actual text and expected text of test object 'Object Repository/ShopOpen/RemainingCategories/Validate_StockTakingScreen' are matched.

2018-10-08 17:41:56 - [TEST_STEP][PASSED] - com.ct.qa.keywords.ChannelProductsDataKeywords.visitChannelWiseProductsData: com.ct.qa.keywords.ChannelProductsDataKeywords.visitChannelWiseProductsData is PASSED

2018-10-08 17:42:00 - [MESSAGE][PASSED] - Keyboard is hidden

2018-10-08 17:42:03 - [MESSAGE][PASSED] - Keyboard is hidden

2018-10-08 17:42:04 - [MESSAGE][PASSED] - com.ct.qa.keywords.ChannelProductsDataKeywords.visitChannelWiseProductsData is PASSED

2018-10-08 17:42:04 - [TEST_STEP][PASSED] - tap: Tapped on element 'Object Repository/ShopOpen/RemainingCategories/SubmitButton'

2018-10-08 17:42:04 - [MESSAGE][WARNING] - Timeout '0' is invalid. Using default page load timeout: '4'

2018-10-08 17:42:04 - [MESSAGE][PASSED] - Tapped on element 'Object Repository/ShopOpen/RemainingCategories/SubmitButton'

2018-10-08 17:42:04 - [TEST_STEP][PASSED] - verifyElementText: Actual text and expected text of test object 'Object Repository/ShopOpen/RemainingCategories/Validate_ProductCategoryAssetScreen' are matched.

2018-10-08 17:42:05 - [MESSAGE][PASSED] - Actual text and expected text of test object 'Object Repository/ShopOpen/RemainingCategories/Validate_ProductCategoryAssetScreen' are matched.

2018-10-08 17:42:05 - [TEST_STEP][PASSED] - tap: Tapped on element 'Object Repository/ShopOpen/RemainingCategories/planogram_ImageView'

2018-10-08 17:42:05 - [MESSAGE][WARNING] - Timeout '0' is invalid. Using default page load timeout: '4'

2018-10-08 17:42:05 - [MESSAGE][PASSED] - Tapped on element 'Object Repository/ShopOpen/RemainingCategories/planogram_ImageView'

2018-10-08 17:42:05 - [TEST_STEP][PASSED] - com.ct.qa.keywords.CommonKeywords.checkPlanogramAvailability: com.ct.qa.keywords.CommonKeywords.checkPlanogramAvailability is PASSED

2018-10-08 17:42:05 - [MESSAGE][WARNING] - Timeout '0' is invalid. Using default page load timeout: '4'

2018-10-08 17:42:10 - [MESSAGE][WARNING] - Object Object Repository/CommonScreenElements/InfoPopUp_OKButton not found
[[ATTACHMENT|F:\\Git Projects\\MMAPlus_Merchandising\\MMAPlus_Merchandising\\Reports\\MMA Plus Merchandising With Chiller Wise Data Verification\\20181008_171154\\1539002529496.png]]

2018-10-08 17:42:10 - [MESSAGE][PASSED] - com.ct.qa.keywords.CommonKeywords.checkPlanogramAvailability is PASSED

2018-10-08 17:42:10 - [TEST_STEP][PASSED] - com.ct.qa.keywords.CommonKeywords.closePlanogram: com.ct.qa.keywords.CommonKeywords.closePlanogram is PASSED

2018-10-08 17:42:11 - [MESSAGE][PASSED] - com.ct.qa.keywords.CommonKeywords.closePlanogram is PASSED

2018-10-08 17:42:11 - [TEST_STEP][PASSED] - verifyElementText: Actual text and expected text of test object 'Object Repository/ShopOpen/RemainingCategories/Validate_ProductCategoryAssetScreen' are matched.

2018-10-08 17:42:11 - [MESSAGE][PASSED] - Actual text and expected text of test object 'Object Repository/ShopOpen/RemainingCategories/Validate_ProductCategoryAssetScreen' are matched.

2018-10-08 17:42:11 - [TEST_STEP][PASSED] - com.ct.qa.keywords.CommonKeywords.findPictureImageView: com.ct.qa.keywords.CommonKeywords.findPictureImageView is PASSED

2018-10-08 17:42:12 - [MESSAGE][WARNING] - Timeout '0' is invalid. Using default page load timeout: '4'

2018-10-08 17:42:12 - [MESSAGE][PASSED] - Tapped on element 'Object Repository/CommonScreenElements/Picture_ImageView'

2018-10-08 17:42:12 - [MESSAGE][WARNING] - Timeout '0' is invalid. Using default page load timeout: '4'

2018-10-08 17:42:14 - [MESSAGE][PASSED] - Element 'Object Repository/CommonScreenElements/Validate_CameraScreen' is exist

2018-10-08 17:42:14 - [MESSAGE][WARNING] - Timeout '0' is invalid. Using default page load timeout: '4'

2018-10-08 17:42:17 - [MESSAGE][PASSED] - Tapped on element 'Object Repository/CommonScreenElements/TakePictureButton'

2018-10-08 17:42:22 - [MESSAGE][PASSED] - Delayed 5 second(s)

2018-10-08 17:42:22 - [MESSAGE][WARNING] - Timeout '0' is invalid. Using default page load timeout: '4'

2018-10-08 17:42:23 - [MESSAGE][PASSED] - Tapped on element 'Object Repository/CommonScreenElements/DoneButton'

2018-10-08 17:42:23 - [MESSAGE][PASSED] - com.ct.qa.keywords.CommonKeywords.findPictureImageView is PASSED

2018-10-08 17:42:23 - [TEST_STEP][PASSED] - verifyElementText: Actual text and expected text of test object 'Object Repository/ShopOpen/RemainingCategories/Validate_ProductCategoryAssetScreen' are matched.

2018-10-08 17:42:23 - [MESSAGE][PASSED] - Actual text and expected text of test object 'Object Repository/ShopOpen/RemainingCategories/Validate_ProductCategoryAssetScreen' are matched.

2018-10-08 17:42:23 - [TEST_STEP][PASSED] - tap: Tapped on element 'Object Repository/ShopOpen/RemainingCategories/ProductCategoryAsset_BackButton'

2018-10-08 17:42:23 - [MESSAGE][WARNING] - Timeout '0' is invalid. Using default page load timeout: '4'

2018-10-08 17:42:24 - [MESSAGE][PASSED] - Tapped on element 'Object Repository/ShopOpen/RemainingCategories/ProductCategoryAsset_BackButton'

2018-10-08 17:42:24 - [TEST_STEP][PASSED] - verifyElementExist: Element 'Object Repository/ShopOpen/Validate_ShopCategoriesListScreen' is exist

2018-10-08 17:42:24 - [MESSAGE][WARNING] - Timeout '0' is invalid. Using default page load timeout: '4'

2018-10-08 17:42:26 - [MESSAGE][PASSED] - Element 'Object Repository/ShopOpen/Validate_ShopCategoriesListScreen' is exist

2018-10-08 17:42:26 - [MESSAGE][PASSED] - Call Test Case 'Test Cases/ShopOpen/RemainingCategories/VisitRemainingCategoriesWithDSA' successfully

2018-10-08 17:42:27 - [MESSAGE][PASSED] - Swiped from 0,293 to 0,200

2018-10-08 17:42:29 - [TEST_CASE][PASSED] - Test Cases/ShopOpen/RemainingCategories/VisitRemainingCategoriesWithDSA: Test Cases/ShopOpen/RemainingCategories/VisitRemainingCategoriesWithDSA

2018-10-08 17:42:29 - [TEST_STEP][PASSED] - verifyElementText: Actual text and expected text of test object 'Object Repository/ShopOpen/RemainingCategories/Validate_MainCategoryDetailScreen' are matched.

2018-10-08 17:42:30 - [MESSAGE][PASSED] - Actual text and expected text of test object 'Object Repository/ShopOpen/RemainingCategories/Validate_MainCategoryDetailScreen' are matched.

2018-10-08 17:42:30 - [TEST_STEP][PASSED] - tap: Tapped on element 'Object Repository/ShopOpen/RemainingCategories/DisplaySpaceAvailable'

2018-10-08 17:42:30 - [MESSAGE][WARNING] - Timeout '0' is invalid. Using default page load timeout: '4'

2018-10-08 17:42:31 - [MESSAGE][PASSED] - Tapped on element 'Object Repository/ShopOpen/RemainingCategories/DisplaySpaceAvailable'

2018-10-08 17:42:31 - [TEST_STEP][PASSED] - verifyElementText: Actual text and expected text of test object 'Object Repository/ShopOpen/RemainingCategories/Validate_ProductCategoryAssetScreen' are matched.

2018-10-08 17:42:32 - [MESSAGE][PASSED] - Actual text and expected text of test object 'Object Repository/ShopOpen/RemainingCategories/Validate_ProductCategoryAssetScreen' are matched.

2018-10-08 17:42:32 - [TEST_STEP][PASSED] - tap: Tapped on element 'Object Repository/ShopOpen/RemainingCategories/Facing'

2018-10-08 17:42:32 - [MESSAGE][WARNING] - Timeout '0' is invalid. Using default page load timeout: '4'

2018-10-08 17:42:33 - [MESSAGE][PASSED] - Tapped on element 'Object Repository/ShopOpen/RemainingCategories/Facing'

2018-10-08 17:42:33 - [TEST_STEP][PASSED] - verifyElementText: Actual text and expected text of test object 'Object Repository/ShopOpen/RemainingCategories/Validate_FacingScreen' are matched.

2018-10-08 17:42:35 - [MESSAGE][PASSED] - Actual text and expected text of test object 'Object Repository/ShopOpen/RemainingCategories/Validate_FacingScreen' are matched.

2018-10-08 17:42:35 - [TEST_STEP][PASSED] - com.ct.qa.keywords.ChannelProductsDataKeywords.visitChannelWiseProductsData: com.ct.qa.keywords.ChannelProductsDataKeywords.visitChannelWiseProductsData is PASSED

2018-10-08 17:42:39 - [MESSAGE][PASSED] - Keyboard is hidden

2018-10-08 17:42:42 - [MESSAGE][PASSED] - Keyboard is hidden

2018-10-08 17:42:45 - [MESSAGE][PASSED] - Keyboard is hidden

2018-10-08 17:42:48 - [MESSAGE][PASSED] - Keyboard is hidden

2018-10-08 17:42:51 - [MESSAGE][PASSED] - Keyboard is hidden

2018-10-08 17:42:54 - [MESSAGE][PASSED] - Keyboard is hidden

2018-10-08 17:42:56 - [MESSAGE][PASSED] - Swiped from 73,359 to 73,250

2018-10-08 17:43:00 - [MESSAGE][PASSED] - Keyboard is hidden

2018-10-08 17:43:01 - [MESSAGE][PASSED] - Swiped from 73,359 to 73,250

2018-10-08 17:43:05 - [MESSAGE][PASSED] - Keyboard is hidden

2018-10-08 17:43:06 - [MESSAGE][PASSED] - Swiped from 73,359 to 73,250

2018-10-08 17:43:10 - [MESSAGE][PASSED] - Keyboard is hidden

2018-10-08 17:43:11 - [MESSAGE][PASSED] - Swiped from 73,359 to 73,250

2018-10-08 17:43:15 - [MESSAGE][PASSED] - Keyboard is hidden

2018-10-08 17:43:16 - [MESSAGE][PASSED] - Swiped from 73,359 to 73,250

2018-10-08 17:43:20 - [MESSAGE][PASSED] - Keyboard is hidden

2018-10-08 17:43:21 - [MESSAGE][PASSED] - Swiped from 73,359 to 73,250

2018-10-08 17:43:23 - [MESSAGE][PASSED] - com.ct.qa.keywords.ChannelProductsDataKeywords.visitChannelWiseProductsData is PASSED

2018-10-08 17:43:23 - [TEST_STEP][PASSED] - tap: Tapped on element 'Object Repository/ShopOpen/RemainingCategories/SubmitButton'

2018-10-08 17:43:23 - [MESSAGE][WARNING] - Timeout '0' is invalid. Using default page load timeout: '4'

2018-10-08 17:43:23 - [MESSAGE][PASSED] - Tapped on element 'Object Repository/ShopOpen/RemainingCategories/SubmitButton'

2018-10-08 17:43:23 - [TEST_STEP][PASSED] - verifyElementText: Actual text and expected text of test object 'Object Repository/ShopOpen/RemainingCategories/Validate_ProductCategoryAssetScreen' are matched.

2018-10-08 17:43:24 - [MESSAGE][PASSED] - Actual text and expected text of test object 'Object Repository/ShopOpen/RemainingCategories/Validate_ProductCategoryAssetScreen' are matched.

2018-10-08 17:43:24 - [TEST_STEP][PASSED] - tap: Tapped on element 'Object Repository/ShopOpen/RemainingCategories/StockTaking'

2018-10-08 17:43:24 - [MESSAGE][WARNING] - Timeout '0' is invalid. Using default page load timeout: '4'

2018-10-08 17:43:25 - [MESSAGE][PASSED] - Tapped on element 'Object Repository/ShopOpen/RemainingCategories/StockTaking'

2018-10-08 17:43:25 - [TEST_STEP][PASSED] - verifyElementText: Actual text and expected text of test object 'Object Repository/ShopOpen/RemainingCategories/Validate_StockTakingScreen' are matched.

2018-10-08 17:43:26 - [MESSAGE][PASSED] - Actual text and expected text of test object 'Object Repository/ShopOpen/RemainingCategories/Validate_StockTakingScreen' are matched.

2018-10-08 17:43:26 - [TEST_STEP][PASSED] - com.ct.qa.keywords.ChannelProductsDataKeywords.visitChannelWiseProductsData: com.ct.qa.keywords.ChannelProductsDataKeywords.visitChannelWiseProductsData is PASSED

2018-10-08 17:43:31 - [MESSAGE][PASSED] - Keyboard is hidden

2018-10-08 17:43:34 - [MESSAGE][PASSED] - Keyboard is hidden

2018-10-08 17:43:37 - [MESSAGE][PASSED] - Keyboard is hidden

2018-10-08 17:43:40 - [MESSAGE][PASSED] - Keyboard is hidden

2018-10-08 17:43:43 - [MESSAGE][PASSED] - Keyboard is hidden

2018-10-08 17:43:46 - [MESSAGE][PASSED] - Keyboard is hidden

2018-10-08 17:43:49 - [MESSAGE][PASSED] - Swiped from 73,359 to 73,250

2018-10-08 17:43:52 - [MESSAGE][PASSED] - Keyboard is hidden

2018-10-08 17:43:53 - [MESSAGE][PASSED] - Swiped from 73,359 to 73,250

2018-10-08 17:43:57 - [MESSAGE][PASSED] - Keyboard is hidden

2018-10-08 17:43:58 - [MESSAGE][PASSED] - Swiped from 73,359 to 73,250

2018-10-08 17:44:02 - [MESSAGE][PASSED] - Keyboard is hidden

2018-10-08 17:44:03 - [MESSAGE][PASSED] - Swiped from 73,359 to 73,250

2018-10-08 17:44:07 - [MESSAGE][PASSED] - Keyboard is hidden

2018-10-08 17:44:08 - [MESSAGE][PASSED] - Swiped from 73,359 to 73,250

2018-10-08 17:44:12 - [MESSAGE][PASSED] - Keyboard is hidden

2018-10-08 17:44:13 - [MESSAGE][PASSED] - Swiped from 73,359 to 73,250

2018-10-08 17:44:14 - [MESSAGE][PASSED] - com.ct.qa.keywords.ChannelProductsDataKeywords.visitChannelWiseProductsData is PASSED

2018-10-08 17:44:14 - [TEST_STEP][PASSED] - tap: Tapped on element 'Object Repository/ShopOpen/RemainingCategories/SubmitButton'

2018-10-08 17:44:14 - [MESSAGE][WARNING] - Timeout '0' is invalid. Using default page load timeout: '4'

2018-10-08 17:44:15 - [MESSAGE][PASSED] - Tapped on element 'Object Repository/ShopOpen/RemainingCategories/SubmitButton'

2018-10-08 17:44:15 - [TEST_STEP][PASSED] - verifyElementText: Actual text and expected text of test object 'Object Repository/ShopOpen/RemainingCategories/Validate_ProductCategoryAssetScreen' are matched.

2018-10-08 17:44:16 - [MESSAGE][PASSED] - Actual text and expected text of test object 'Object Repository/ShopOpen/RemainingCategories/Validate_ProductCategoryAssetScreen' are matched.

2018-10-08 17:44:16 - [TEST_STEP][PASSED] - tap: Tapped on element 'Object Repository/ShopOpen/RemainingCategories/planogram_ImageView'

2018-10-08 17:44:16 - [MESSAGE][WARNING] - Timeout '0' is invalid. Using default page load timeout: '4'

2018-10-08 17:44:17 - [MESSAGE][PASSED] - Tapped on element 'Object Repository/ShopOpen/RemainingCategories/planogram_ImageView'

2018-10-08 17:44:17 - [TEST_STEP][PASSED] - com.ct.qa.keywords.CommonKeywords.checkPlanogramAvailability: com.ct.qa.keywords.CommonKeywords.checkPlanogramAvailability is PASSED

2018-10-08 17:44:17 - [MESSAGE][WARNING] - Timeout '0' is invalid. Using default page load timeout: '4'

2018-10-08 17:44:22 - [MESSAGE][WARNING] - Object Object Repository/CommonScreenElements/InfoPopUp_OKButton not found
[[ATTACHMENT|F:\\Git Projects\\MMAPlus_Merchandising\\MMAPlus_Merchandising\\Reports\\MMA Plus Merchandising With Chiller Wise Data Verification\\20181008_171154\\1539002661240.png]]

2018-10-08 17:44:22 - [MESSAGE][PASSED] - com.ct.qa.keywords.CommonKeywords.checkPlanogramAvailability is PASSED

2018-10-08 17:44:22 - [TEST_STEP][PASSED] - com.ct.qa.keywords.CommonKeywords.closePlanogram: com.ct.qa.keywords.CommonKeywords.closePlanogram is PASSED

2018-10-08 17:44:23 - [MESSAGE][PASSED] - com.ct.qa.keywords.CommonKeywords.closePlanogram is PASSED

2018-10-08 17:44:23 - [TEST_STEP][PASSED] - verifyElementText: Actual text and expected text of test object 'Object Repository/ShopOpen/RemainingCategories/Validate_ProductCategoryAssetScreen' are matched.

2018-10-08 17:44:23 - [MESSAGE][PASSED] - Actual text and expected text of test object 'Object Repository/ShopOpen/RemainingCategories/Validate_ProductCategoryAssetScreen' are matched.

2018-10-08 17:44:23 - [TEST_STEP][PASSED] - com.ct.qa.keywords.CommonKeywords.findPictureImageView: com.ct.qa.keywords.CommonKeywords.findPictureImageView is PASSED

2018-10-08 17:44:24 - [MESSAGE][WARNING] - Timeout '0' is invalid. Using default page load timeout: '4'

2018-10-08 17:44:25 - [MESSAGE][PASSED] - Tapped on element 'Object Repository/CommonScreenElements/Picture_ImageView'

2018-10-08 17:44:25 - [MESSAGE][WARNING] - Timeout '0' is invalid. Using default page load timeout: '4'

2018-10-08 17:44:26 - [MESSAGE][PASSED] - Element 'Object Repository/CommonScreenElements/Validate_CameraScreen' is exist

2018-10-08 17:44:26 - [MESSAGE][WARNING] - Timeout '0' is invalid. Using default page load timeout: '4'

2018-10-08 17:44:30 - [MESSAGE][PASSED] - Tapped on element 'Object Repository/CommonScreenElements/TakePictureButton'

2018-10-08 17:44:35 - [MESSAGE][PASSED] - Delayed 5 second(s)

2018-10-08 17:44:35 - [MESSAGE][WARNING] - Timeout '0' is invalid. Using default page load timeout: '4'

2018-10-08 17:44:35 - [MESSAGE][PASSED] - Tapped on element 'Object Repository/CommonScreenElements/DoneButton'

2018-10-08 17:44:35 - [MESSAGE][PASSED] - com.ct.qa.keywords.CommonKeywords.findPictureImageView is PASSED

2018-10-08 17:44:35 - [TEST_STEP][PASSED] - verifyElementText: Actual text and expected text of test object 'Object Repository/ShopOpen/RemainingCategories/Validate_ProductCategoryAssetScreen' are matched.

2018-10-08 17:44:36 - [MESSAGE][PASSED] - Actual text and expected text of test object 'Object Repository/ShopOpen/RemainingCategories/Validate_ProductCategoryAssetScreen' are matched.

2018-10-08 17:44:36 - [TEST_STEP][PASSED] - tap: Tapped on element 'Object Repository/ShopOpen/RemainingCategories/ProductCategoryAsset_BackButton'

2018-10-08 17:44:36 - [MESSAGE][WARNING] - Timeout '0' is invalid. Using default page load timeout: '4'

2018-10-08 17:44:37 - [MESSAGE][PASSED] - Tapped on element 'Object Repository/ShopOpen/RemainingCategories/ProductCategoryAsset_BackButton'

2018-10-08 17:44:37 - [TEST_STEP][PASSED] - verifyElementExist: Element 'Object Repository/ShopOpen/Validate_ShopCategoriesListScreen' is exist

2018-10-08 17:44:37 - [MESSAGE][WARNING] - Timeout '0' is invalid. Using default page load timeout: '4'

2018-10-08 17:44:38 - [MESSAGE][PASSED] - Element 'Object Repository/ShopOpen/Validate_ShopCategoriesListScreen' is exist

2018-10-08 17:44:38 - [MESSAGE][PASSED] - Call Test Case 'Test Cases/ShopOpen/RemainingCategories/VisitRemainingCategoriesWithDSA' successfully

2018-10-08 17:44:39 - [MESSAGE][PASSED] - Swiped from 0,293 to 0,200

2018-10-08 17:44:42 - [MESSAGE][PASSED] - Swiped from 0,293 to 0,200

2018-10-08 17:44:44 - [MESSAGE][PASSED] - Swiped from 0,200 to 0,750

2018-10-08 17:44:45 - [MESSAGE][PASSED] - Swiped from 0,200 to 0,750

2018-10-08 17:44:46 - [MESSAGE][PASSED] - Swiped from 0,293 to 0,200

2018-10-08 17:44:48 - [MESSAGE][PASSED] - Swiped from 0,293 to 0,200

2018-10-08 17:44:50 - [MESSAGE][PASSED] - Swiped from 0,293 to 0,200

2018-10-08 17:44:53 - [TEST_CASE][PASSED] - Test Cases/ShopOpen/RTMVisitFrequency/VisitRTMVisitFrequency: Test Cases/ShopOpen/RTMVisitFrequency/VisitRTMVisitFrequency

2018-10-08 17:44:53 - [TEST_STEP][PASSED] - verifyElementText: Actual text and expected text of test object 'Object Repository/ShopOpen/RTMVisitFrequency/Validate_RTMVisitFrequencyScreen' are matched.

2018-10-08 17:44:54 - [MESSAGE][PASSED] - Actual text and expected text of test object 'Object Repository/ShopOpen/RTMVisitFrequency/Validate_RTMVisitFrequencyScreen' are matched.

2018-10-08 17:44:54 - [TEST_STEP][PASSED] - com.ct.qa.keywords.RTMVisitFrequencyKeywords.visitRTMVisitFrequency: com.ct.qa.keywords.RTMVisitFrequencyKeywords.visitRTMVisitFrequency is PASSED

2018-10-08 17:44:55 - [MESSAGE][WARNING] - Timeout '0' is invalid. Using default page load timeout: '4'

2018-10-08 17:44:56 - [MESSAGE][PASSED] - Element 'Object Repository/ShopOpen/RTMVisitFrequency/Validate_RTMVisitFrequencyRemarks' is exist

2018-10-08 17:44:56 - [MESSAGE][WARNING] - Timeout '0' is invalid. Using default page load timeout: '4'

2018-10-08 17:44:57 - [MESSAGE][PASSED] - Tapped on element 'Object Repository/ShopOpen/RTMVisitFrequency/OnceAWeek'

2018-10-08 17:44:58 - [MESSAGE][WARNING] - Timeout '0' is invalid. Using default page load timeout: '4'

2018-10-08 17:44:59 - [MESSAGE][PASSED] - Element 'Object Repository/ShopOpen/RTMVisitFrequency/Validate_RTMVisitFrequencyRemarks' is exist

2018-10-08 17:44:59 - [MESSAGE][WARNING] - Timeout '0' is invalid. Using default page load timeout: '4'

2018-10-08 17:45:00 - [MESSAGE][PASSED] - Tapped on element 'Object Repository/ShopOpen/RTMVisitFrequency/OnceAWeek'

2018-10-08 17:45:01 - [MESSAGE][WARNING] - Timeout '0' is invalid. Using default page load timeout: '4'

2018-10-08 17:45:02 - [MESSAGE][PASSED] - Element 'Object Repository/ShopOpen/RTMVisitFrequency/Validate_RTMVisitFrequencyRemarks' is exist

2018-10-08 17:45:02 - [MESSAGE][WARNING] - Timeout '0' is invalid. Using default page load timeout: '4'

2018-10-08 17:45:03 - [MESSAGE][PASSED] - Tapped on element 'Object Repository/ShopOpen/RTMVisitFrequency/OnceAWeek'

2018-10-08 17:45:04 - [MESSAGE][WARNING] - Timeout '0' is invalid. Using default page load timeout: '4'

2018-10-08 17:45:05 - [MESSAGE][PASSED] - Element 'Object Repository/ShopOpen/RTMVisitFrequency/Validate_RTMVisitFrequencyRemarks' is exist

2018-10-08 17:45:05 - [MESSAGE][WARNING] - Timeout '0' is invalid. Using default page load timeout: '4'

2018-10-08 17:45:06 - [MESSAGE][PASSED] - Tapped on element 'Object Repository/ShopOpen/RTMVisitFrequency/OnceAWeek'

2018-10-08 17:45:06 - [MESSAGE][PASSED] - com.ct.qa.keywords.RTMVisitFrequencyKeywords.visitRTMVisitFrequency is PASSED

2018-10-08 17:45:06 - [TEST_STEP][PASSED] - tap: Tapped on element 'Object Repository/ShopOpen/RTMVisitFrequency/BackButton'

2018-10-08 17:45:06 - [MESSAGE][WARNING] - Timeout '0' is invalid. Using default page load timeout: '4'

2018-10-08 17:45:07 - [MESSAGE][PASSED] - Tapped on element 'Object Repository/ShopOpen/RTMVisitFrequency/BackButton'

2018-10-08 17:45:07 - [TEST_STEP][PASSED] - verifyElementExist: Element 'Object Repository/ShopOpen/Validate_ShopCategoriesListScreen' is exist

2018-10-08 17:45:07 - [MESSAGE][WARNING] - Timeout '0' is invalid. Using default page load timeout: '4'

2018-10-08 17:45:08 - [MESSAGE][PASSED] - Element 'Object Repository/ShopOpen/Validate_ShopCategoriesListScreen' is exist

2018-10-08 17:45:08 - [MESSAGE][PASSED] - Call Test Case 'Test Cases/ShopOpen/RTMVisitFrequency/VisitRTMVisitFrequency' successfully

2018-10-08 17:45:09 - [MESSAGE][PASSED] - Swiped from 0,293 to 0,200

2018-10-08 17:45:11 - [MESSAGE][PASSED] - Swiped from 0,293 to 0,200

2018-10-08 17:45:13 - [MESSAGE][PASSED] - Swiped from 0,293 to 0,200

2018-10-08 17:45:16 - [MESSAGE][PASSED] - Swiped from 0,293 to 0,200

2018-10-08 17:45:18 - [TEST_CASE][PASSED] - Test Cases/ShopOpen/POPApplication/OverwritePOPApplication: Test Cases/ShopOpen/POPApplication/OverwritePOPApplication

2018-10-08 17:45:18 - [TEST_STEP][PASSED] - verifyElementText: Actual text and expected text of test object 'Object Repository/ShopOpen/POPApplication/Validate_POPApplicationDetailScreen' are matched.

2018-10-08 17:45:19 - [MESSAGE][PASSED] - Actual text and expected text of test object 'Object Repository/ShopOpen/POPApplication/Validate_POPApplicationDetailScreen' are matched.

2018-10-08 17:45:19 - [TEST_STEP][PASSED] - tap: Tapped on element 'Object Repository/ShopOpen/POPApplication/POPDeployment_No'

2018-10-08 17:45:19 - [MESSAGE][WARNING] - Timeout '0' is invalid. Using default page load timeout: '4'

2018-10-08 17:45:20 - [MESSAGE][PASSED] - Tapped on element 'Object Repository/ShopOpen/POPApplication/POPDeployment_No'

2018-10-08 17:45:20 - [TEST_STEP][PASSED] - pressBack: Press back button successfully

2018-10-08 17:45:20 - [MESSAGE][PASSED] - Press back button successfully

2018-10-08 17:45:20 - [TEST_STEP][PASSED] - verifyElementExist: Element 'Object Repository/ShopOpen/Validate_ShopCategoriesListScreen' is exist

2018-10-08 17:45:20 - [MESSAGE][WARNING] - Timeout '0' is invalid. Using default page load timeout: '4'

2018-10-08 17:45:21 - [MESSAGE][PASSED] - Element 'Object Repository/ShopOpen/Validate_ShopCategoriesListScreen' is exist

2018-10-08 17:45:21 - [MESSAGE][PASSED] - Call Test Case 'Test Cases/ShopOpen/POPApplication/OverwritePOPApplication' successfully

2018-10-08 17:45:22 - [MESSAGE][PASSED] - Swiped from 0,293 to 0,200

2018-10-08 17:45:24 - [MESSAGE][PASSED] - Swiped from 0,293 to 0,200

2018-10-08 17:45:26 - [MESSAGE][PASSED] - Swiped from 0,293 to 0,200

2018-10-08 17:45:28 - [MESSAGE][PASSED] - Swiped from 0,293 to 0,200

2018-10-08 17:45:31 - [MESSAGE][PASSED] - Swiped from 0,293 to 0,200

2018-10-08 17:45:34 - [TEST_CASE][PASSED] - Test Cases/ShopOpen/RetailerRemarks/VisitRetailerRemarks: Test Cases/ShopOpen/RetailerRemarks/VisitRetailerRemarks

2018-10-08 17:45:34 - [TEST_STEP][PASSED] - verifyElementText: Actual text and expected text of test object 'Object Repository/ShopOpen/RetailerRemarks/Validate_RetailerRemarksScreen' are matched.

2018-10-08 17:45:35 - [MESSAGE][PASSED] - Actual text and expected text of test object 'Object Repository/ShopOpen/RetailerRemarks/Validate_RetailerRemarksScreen' are matched.

2018-10-08 17:45:35 - [TEST_STEP][PASSED] - com.ct.qa.keywords.RetailerRemarksKeywords.visitRetailerRemarks: com.ct.qa.keywords.RetailerRemarksKeywords.visitRetailerRemarks is PASSED

2018-10-08 17:45:36 - [MESSAGE][WARNING] - Timeout '0' is invalid. Using default page load timeout: '4'

2018-10-08 17:45:37 - [MESSAGE][PASSED] - Element 'Object Repository/ShopOpen/RetailerRemarks/OBNotVisiting' is exist

2018-10-08 17:45:37 - [MESSAGE][WARNING] - Timeout '0' is invalid. Using default page load timeout: '4'

2018-10-08 17:45:38 - [MESSAGE][PASSED] - Tapped on element 'Object Repository/ShopOpen/RetailerRemarks/OBNotVisiting'

2018-10-08 17:45:38 - [MESSAGE][PASSED] - Press back button successfully

2018-10-08 17:45:40 - [MESSAGE][PASSED] - Actual text and expected text of test object 'Object Repository/ShopOpen/RetailerRemarks/Validate_RetailerRemarksScreen' are matched.

2018-10-08 17:45:40 - [MESSAGE][WARNING] - Timeout '0' is invalid. Using default page load timeout: '4'

2018-10-08 17:45:41 - [MESSAGE][PASSED] - Element 'Object Repository/ShopOpen/RetailerRemarks/OBNotVisiting' is exist

2018-10-08 17:45:41 - [MESSAGE][WARNING] - Timeout '0' is invalid. Using default page load timeout: '4'

2018-10-08 17:45:42 - [MESSAGE][PASSED] - Tapped on element 'Object Repository/ShopOpen/RetailerRemarks/OBNotVisiting'

2018-10-08 17:45:42 - [MESSAGE][PASSED] - Press back button successfully

2018-10-08 17:45:43 - [MESSAGE][PASSED] - Actual text and expected text of test object 'Object Repository/ShopOpen/RetailerRemarks/Validate_RetailerRemarksScreen' are matched.

2018-10-08 17:45:44 - [MESSAGE][WARNING] - Timeout '0' is invalid. Using default page load timeout: '4'

2018-10-08 17:45:45 - [MESSAGE][PASSED] - Element 'Object Repository/ShopOpen/RetailerRemarks/OBNotVisiting' is exist

2018-10-08 17:45:45 - [MESSAGE][WARNING] - Timeout '0' is invalid. Using default page load timeout: '4'

2018-10-08 17:45:46 - [MESSAGE][PASSED] - Tapped on element 'Object Repository/ShopOpen/RetailerRemarks/OBNotVisiting'

2018-10-08 17:45:46 - [MESSAGE][PASSED] - Press back button successfully

2018-10-08 17:45:47 - [MESSAGE][PASSED] - Actual text and expected text of test object 'Object Repository/ShopOpen/RetailerRemarks/Validate_RetailerRemarksScreen' are matched.

2018-10-08 17:45:47 - [MESSAGE][PASSED] - com.ct.qa.keywords.RetailerRemarksKeywords.visitRetailerRemarks is PASSED

2018-10-08 17:45:47 - [TEST_STEP][PASSED] - tap: Tapped on element 'Object Repository/ShopOpen/RetailerRemarks/BackButton'

2018-10-08 17:45:47 - [MESSAGE][WARNING] - Timeout '0' is invalid. Using default page load timeout: '4'

2018-10-08 17:45:48 - [MESSAGE][PASSED] - Tapped on element 'Object Repository/ShopOpen/RetailerRemarks/BackButton'

2018-10-08 17:45:48 - [TEST_STEP][PASSED] - verifyElementExist: Element 'Object Repository/ShopOpen/Validate_ShopCategoriesListScreen' is exist

2018-10-08 17:45:48 - [MESSAGE][WARNING] - Timeout '0' is invalid. Using default page load timeout: '4'

2018-10-08 17:45:50 - [MESSAGE][PASSED] - Element 'Object Repository/ShopOpen/Validate_ShopCategoriesListScreen' is exist

2018-10-08 17:45:50 - [MESSAGE][PASSED] - Call Test Case 'Test Cases/ShopOpen/RetailerRemarks/VisitRetailerRemarks' successfully

2018-10-08 17:45:50 - [MESSAGE][PASSED] - Swiped from 0,293 to 0,200

2018-10-08 17:45:52 - [MESSAGE][PASSED] - Swiped from 0,293 to 0,200

2018-10-08 17:45:54 - [MESSAGE][PASSED] - Swiped from 0,293 to 0,200

2018-10-08 17:45:56 - [MESSAGE][PASSED] - Swiped from 0,293 to 0,200

2018-10-08 17:45:58 - [MESSAGE][PASSED] - Swiped from 0,293 to 0,200

2018-10-08 17:46:02 - [MESSAGE][PASSED] - Swiped from 0,293 to 0,200

2018-10-08 17:46:04 - [TEST_CASE][PASSED] - Test Cases/ShopOpen/AdditionalPicture/VisitAdditionalPicture: Test Cases/ShopOpen/AdditionalPicture/VisitAdditionalPicture

2018-10-08 17:46:04 - [TEST_STEP][PASSED] - verifyElementText: Actual text and expected text of test object 'Object Repository/ShopOpen/AdditionalPicture/Validate_AdditionalPictureScreen' are matched.

2018-10-08 17:46:05 - [MESSAGE][PASSED] - Actual text and expected text of test object 'Object Repository/ShopOpen/AdditionalPicture/Validate_AdditionalPictureScreen' are matched.

2018-10-08 17:46:05 - [TEST_STEP][PASSED] - com.ct.qa.keywords.AdditionalPictureKeywords.takeMendatoryImages: com.ct.qa.keywords.AdditionalPictureKeywords.takeMendatoryImages is PASSED

2018-10-08 17:46:07 - [MESSAGE][WARNING] - Timeout '0' is invalid. Using default page load timeout: '4'

2018-10-08 17:46:09 - [MESSAGE][PASSED] - Element 'Object Repository/CommonScreenElements/Validate_CameraScreen' is exist

2018-10-08 17:46:09 - [MESSAGE][WARNING] - Timeout '0' is invalid. Using default page load timeout: '4'

2018-10-08 17:46:12 - [MESSAGE][PASSED] - Tapped on element 'Object Repository/CommonScreenElements/TakePictureButton'

2018-10-08 17:46:17 - [MESSAGE][PASSED] - Delayed 5 second(s)

2018-10-08 17:46:17 - [MESSAGE][WARNING] - Timeout '0' is invalid. Using default page load timeout: '4'

2018-10-08 17:46:18 - [MESSAGE][PASSED] - Tapped on element 'Object Repository/CommonScreenElements/DoneButton'

2018-10-08 17:46:18 - [MESSAGE][PASSED] - com.ct.qa.keywords.AdditionalPictureKeywords.takeMendatoryImages is PASSED

2018-10-08 17:46:18 - [TEST_STEP][PASSED] - pressBack: Press back button successfully

2018-10-08 17:46:19 - [MESSAGE][PASSED] - Press back button successfully

2018-10-08 17:46:19 - [TEST_STEP][PASSED] - verifyElementExist: Element 'Object Repository/ShopOpen/Validate_ShopCategoriesListScreen' is exist

2018-10-08 17:46:19 - [MESSAGE][WARNING] - Timeout '0' is invalid. Using default page load timeout: '4'

2018-10-08 17:46:20 - [MESSAGE][PASSED] - Element 'Object Repository/ShopOpen/Validate_ShopCategoriesListScreen' is exist

2018-10-08 17:46:20 - [MESSAGE][PASSED] - Call Test Case 'Test Cases/ShopOpen/AdditionalPicture/VisitAdditionalPicture' successfully

2018-10-08 17:46:21 - [MESSAGE][PASSED] - Swiped from 0,293 to 0,200

2018-10-08 17:46:23 - [MESSAGE][PASSED] - Swiped from 0,293 to 0,200

2018-10-08 17:46:25 - [MESSAGE][PASSED] - Swiped from 0,293 to 0,200

2018-10-08 17:46:27 - [MESSAGE][PASSED] - Swiped from 0,293 to 0,200

2018-10-08 17:46:29 - [MESSAGE][PASSED] - Swiped from 0,293 to 0,200

2018-10-08 17:46:31 - [MESSAGE][PASSED] - Swiped from 0,293 to 0,200

2018-10-08 17:46:35 - [MESSAGE][PASSED] - Swiped from 0,293 to 0,200

2018-10-08 17:46:36 - [MESSAGE][PASSED] - com.ct.qa.keywords.CategoryVisitingScenariosKeywords.visitShopCategoriesWithDataVerification is PASSED

2018-10-08 17:46:36 - [MESSAGE][PASSED] - Call Test Case 'Test Cases/ShopOpen/VisitCategoryScenarios/VisitShopCategoriesWithDataVerification' successfully

2018-10-08 17:46:36 - [TEST_CASE][PASSED] - Test Cases/ShopOpen/SaveShop: Test Cases/ShopOpen/SaveShop

2018-10-08 17:46:36 - [TEST_STEP][PASSED] - tap: Tapped on element 'Object Repository/ShopOpen/SubmitButtonToSaveShop'

2018-10-08 17:46:36 - [MESSAGE][WARNING] - Timeout '0' is invalid. Using default page load timeout: '4'

2018-10-08 17:46:37 - [MESSAGE][PASSED] - Tapped on element 'Object Repository/ShopOpen/SubmitButtonToSaveShop'

2018-10-08 17:46:37 - [TEST_STEP][PASSED] - verifyElementExist: Element 'Object Repository/CommonScreenElements/Validate_InfoPopUP' is exist

2018-10-08 17:46:37 - [MESSAGE][WARNING] - Timeout '0' is invalid. Using default page load timeout: '4'

2018-10-08 17:46:41 - [MESSAGE][PASSED] - Element 'Object Repository/CommonScreenElements/Validate_InfoPopUP' is exist

2018-10-08 17:46:41 - [TEST_STEP][PASSED] - tap: Tapped on element 'Object Repository/CommonScreenElements/InfoPopUp_YesButton'

2018-10-08 17:46:41 - [MESSAGE][WARNING] - Timeout '0' is invalid. Using default page load timeout: '4'

2018-10-08 17:46:42 - [MESSAGE][PASSED] - Tapped on element 'Object Repository/CommonScreenElements/InfoPopUp_YesButton'

2018-10-08 17:46:42 - [TEST_STEP][PASSED] - verifyElementText: Actual text and expected text of test object 'Object Repository/Validate_ShopListScreen' are matched.

2018-10-08 17:46:43 - [MESSAGE][PASSED] - Actual text and expected text of test object 'Object Repository/Validate_ShopListScreen' are matched.

2018-10-08 17:46:43 - [MESSAGE][PASSED] - Call Test Case 'Test Cases/ShopOpen/SaveShop' successfully

2018-10-08 17:46:43 - [MESSAGE][WARNING] - Timeout '0' is invalid. Using default page load timeout: '4'

2018-10-08 17:46:43 - [MESSAGE][PASSED] - Element 'Object Repository/Validate_ShopListScreen' is exist

2018-10-08 17:46:43 - [MESSAGE][PASSED] - com.ct.qa.keywords.ShopVisitingScenariosKeywords.visitShopWithChillerWiseDataVerification is PASSED]]></system-out>
         <system-err><![CDATA[]]></system-err>
      </testcase>
      <system-out><![CDATA[2018-10-08 17:11:55 - [TEST_SUITE][PASSED] - MMA Plus Merchandising With Chiller Wise Data Verification: Test Cases/VisitShopScenarios/VisitShopsWithChillerWiseDataVerification]]></system-out>
      <system-err><![CDATA[]]></system-err>
   </testsuite>
</testsuites>
