<?xml version="1.0" encoding="UTF-8" standalone="yes"?>
<testsuites name="MMA Plus Merchandising With Data Verification" time="3495" tests="5" failures="0" errors="0">
    <testsuite name="MMA Plus Merchandising With Data Verification" tests="5" failures="0" errors="0" time="3495" timestamp="2019-07-09 14:36:28" hostname="Fahad Shah - DESKTOP-L12UUAD" id="Test Suites/MMA Plus Merchandising/MMA Plus Merchandising With Data Verification">
        <properties>
            <property name="deviceName" value="samsung SM-J110H (Android 4.4.4)"/>
            <property name="devicePlatform" value=""/>
            <property name="logFolder" value="F:\\Git Projects\\MMAPlus\\MMAPlus\\Reports\\MMA Plus Merchandising\\MMA Plus Merchandising With Data Verification\\20190709_143621"/>
            <property name="logFiles" value="F:\\Git Projects\\MMAPlus\\MMAPlus\\Reports\\MMA Plus Merchandising\\MMA Plus Merchandising With Data Verification\\20190709_143621\\appium.log, F:\\Git Projects\\MMAPlus\\MMAPlus\\Reports\\MMA Plus Merchandising\\MMA Plus Merchandising With Data Verification\\20190709_143621\\execution0.log"/>
            <property name="attachments" value="F:\\Git Projects\\MMAPlus\\MMAPlus\\Reports\\MMA Plus Merchandising\\MMA Plus Merchandising With Data Verification\\20190709_143621\\1562665126248.png, F:\\Git Projects\\MMAPlus\\MMAPlus\\Reports\\MMA Plus Merchandising\\MMA Plus Merchandising With Data Verification\\20190709_143621\\1562665342224.png, F:\\Git Projects\\MMAPlus\\MMAPlus\\Reports\\MMA Plus Merchandising\\MMA Plus Merchandising With Data Verification\\20190709_143621\\1562665368278.png, F:\\Git Projects\\MMAPlus\\MMAPlus\\Reports\\MMA Plus Merchandising\\MMA Plus Merchandising With Data Verification\\20190709_143621\\1562665445635.png, F:\\Git Projects\\MMAPlus\\MMAPlus\\Reports\\MMA Plus Merchandising\\MMA Plus Merchandising With Data Verification\\20190709_143621\\1562665471310.png, F:\\Git Projects\\MMAPlus\\MMAPlus\\Reports\\MMA Plus Merchandising\\MMA Plus Merchandising With Data Verification\\20190709_143621\\1562665551651.png, F:\\Git Projects\\MMAPlus\\MMAPlus\\Reports\\MMA Plus Merchandising\\MMA Plus Merchandising With Data Verification\\20190709_143621\\1562665577329.png, F:\\Git Projects\\MMAPlus\\MMAPlus\\Reports\\MMA Plus Merchandising\\MMA Plus Merchandising With Data Verification\\20190709_143621\\1562665640827.png, F:\\Git Projects\\MMAPlus\\MMAPlus\\Reports\\MMA Plus Merchandising\\MMA Plus Merchandising With Data Verification\\20190709_143621\\1562665666250.png, F:\\Git Projects\\MMAPlus\\MMAPlus\\Reports\\MMA Plus Merchandising\\MMA Plus Merchandising With Data Verification\\20190709_143621\\1562665710737.png, F:\\Git Projects\\MMAPlus\\MMAPlus\\Reports\\MMA Plus Merchandising\\MMA Plus Merchandising With Data Verification\\20190709_143621\\1562665737236.png, F:\\Git Projects\\MMAPlus\\MMAPlus\\Reports\\MMA Plus Merchandising\\MMA Plus Merchandising With Data Verification\\20190709_143621\\1562665815667.png, F:\\Git Projects\\MMAPlus\\MMAPlus\\Reports\\MMA Plus Merchandising\\MMA Plus Merchandising With Data Verification\\20190709_143621\\1562665841235.png, F:\\Git Projects\\MMAPlus\\MMAPlus\\Reports\\MMA Plus Merchandising\\MMA Plus Merchandising With Data Verification\\20190709_143621\\1562665890828.png, F:\\Git Projects\\MMAPlus\\MMAPlus\\Reports\\MMA Plus Merchandising\\MMA Plus Merchandising With Data Verification\\20190709_143621\\1562665922420.png, F:\\Git Projects\\MMAPlus\\MMAPlus\\Reports\\MMA Plus Merchandising\\MMA Plus Merchandising With Data Verification\\20190709_143621\\1562665966858.png, F:\\Git Projects\\MMAPlus\\MMAPlus\\Reports\\MMA Plus Merchandising\\MMA Plus Merchandising With Data Verification\\20190709_143621\\1562665998248.png, F:\\Git Projects\\MMAPlus\\MMAPlus\\Reports\\MMA Plus Merchandising\\MMA Plus Merchandising With Data Verification\\20190709_143621\\1562666041792.png, F:\\Git Projects\\MMAPlus\\MMAPlus\\Reports\\MMA Plus Merchandising\\MMA Plus Merchandising With Data Verification\\20190709_143621\\1562666183253.png, F:\\Git Projects\\MMAPlus\\MMAPlus\\Reports\\MMA Plus Merchandising\\MMA Plus Merchandising With Data Verification\\20190709_143621\\1562666428324.png, F:\\Git Projects\\MMAPlus\\MMAPlus\\Reports\\MMA Plus Merchandising\\MMA Plus Merchandising With Data Verification\\20190709_143621\\1562666478877.png, F:\\Git Projects\\MMAPlus\\MMAPlus\\Reports\\MMA Plus Merchandising\\MMA Plus Merchandising With Data Verification\\20190709_143621\\1562666505432.png, F:\\Git Projects\\MMAPlus\\MMAPlus\\Reports\\MMA Plus Merchandising\\MMA Plus Merchandising With Data Verification\\20190709_143621\\1562666683157.png, F:\\Git Projects\\MMAPlus\\MMAPlus\\Reports\\MMA Plus Merchandising\\MMA Plus Merchandising With Data Verification\\20190709_143621\\1562666710301.png, F:\\Git Projects\\MMAPlus\\MMAPlus\\Reports\\MMA Plus Merchandising\\MMA Plus Merchandising With Data Verification\\20190709_143621\\1562667002810.png, F:\\Git Projects\\MMAPlus\\MMAPlus\\Reports\\MMA Plus Merchandising\\MMA Plus Merchandising With Data Verification\\20190709_143621\\1562667030252.png, F:\\Git Projects\\MMAPlus\\MMAPlus\\Reports\\MMA Plus Merchandising\\MMA Plus Merchandising With Data Verification\\20190709_143621\\1562667069744.png, F:\\Git Projects\\MMAPlus\\MMAPlus\\Reports\\MMA Plus Merchandising\\MMA Plus Merchandising With Data Verification\\20190709_143621\\1562667169267.png, F:\\Git Projects\\MMAPlus\\MMAPlus\\Reports\\MMA Plus Merchandising\\MMA Plus Merchandising With Data Verification\\20190709_143621\\1562667316235.png, F:\\Git Projects\\MMAPlus\\MMAPlus\\Reports\\MMA Plus Merchandising\\MMA Plus Merchandising With Data Verification\\20190709_143621\\1562667530889.png, F:\\Git Projects\\MMAPlus\\MMAPlus\\Reports\\MMA Plus Merchandising\\MMA Plus Merchandising With Data Verification\\20190709_143621\\1562667557309.png, F:\\Git Projects\\MMAPlus\\MMAPlus\\Reports\\MMA Plus Merchandising\\MMA Plus Merchandising With Data Verification\\20190709_143621\\1562667638684.png, F:\\Git Projects\\MMAPlus\\MMAPlus\\Reports\\MMA Plus Merchandising\\MMA Plus Merchandising With Data Verification\\20190709_143621\\1562667664266.png, F:\\Git Projects\\MMAPlus\\MMAPlus\\Reports\\MMA Plus Merchandising\\MMA Plus Merchandising With Data Verification\\20190709_143621\\1562667741785.png, F:\\Git Projects\\MMAPlus\\MMAPlus\\Reports\\MMA Plus Merchandising\\MMA Plus Merchandising With Data Verification\\20190709_143621\\1562667768241.png, F:\\Git Projects\\MMAPlus\\MMAPlus\\Reports\\MMA Plus Merchandising\\MMA Plus Merchandising With Data Verification\\20190709_143621\\1562667834922.png, F:\\Git Projects\\MMAPlus\\MMAPlus\\Reports\\MMA Plus Merchandising\\MMA Plus Merchandising With Data Verification\\20190709_143621\\1562667861232.png, F:\\Git Projects\\MMAPlus\\MMAPlus\\Reports\\MMA Plus Merchandising\\MMA Plus Merchandising With Data Verification\\20190709_143621\\1562667906697.png, F:\\Git Projects\\MMAPlus\\MMAPlus\\Reports\\MMA Plus Merchandising\\MMA Plus Merchandising With Data Verification\\20190709_143621\\1562667934265.png, F:\\Git Projects\\MMAPlus\\MMAPlus\\Reports\\MMA Plus Merchandising\\MMA Plus Merchandising With Data Verification\\20190709_143621\\1562668013848.png, F:\\Git Projects\\MMAPlus\\MMAPlus\\Reports\\MMA Plus Merchandising\\MMA Plus Merchandising With Data Verification\\20190709_143621\\1562668040248.png, F:\\Git Projects\\MMAPlus\\MMAPlus\\Reports\\MMA Plus Merchandising\\MMA Plus Merchandising With Data Verification\\20190709_143621\\1562668092680.png, F:\\Git Projects\\MMAPlus\\MMAPlus\\Reports\\MMA Plus Merchandising\\MMA Plus Merchandising With Data Verification\\20190709_143621\\1562668125498.png, F:\\Git Projects\\MMAPlus\\MMAPlus\\Reports\\MMA Plus Merchandising\\MMA Plus Merchandising With Data Verification\\20190709_143621\\1562668171628.png, F:\\Git Projects\\MMAPlus\\MMAPlus\\Reports\\MMA Plus Merchandising\\MMA Plus Merchandising With Data Verification\\20190709_143621\\1562668204281.png, F:\\Git Projects\\MMAPlus\\MMAPlus\\Reports\\MMA Plus Merchandising\\MMA Plus Merchandising With Data Verification\\20190709_143621\\1562668249644.png, F:\\Git Projects\\MMAPlus\\MMAPlus\\Reports\\MMA Plus Merchandising\\MMA Plus Merchandising With Data Verification\\20190709_143621\\1562668396252.png"/>
            <property name="hostName" value="Fahad Shah - DESKTOP-L12UUAD"/>
            <property name="os" value="Windows 10 64bit"/>
            <property name="katalonVersion" value="6.1.5.3"/>
            <property name="deviceOS" value="Android"/>
            <property name="appiumVersion" value="1.8.1"/>
            <property name="deviceModel" value="SM-J110H"/>
            <property name="hostAddress" value="192.168.123.2"/>
            <property name="deviceManufacturer" value="samsung"/>
            <property name="deviceId" value="11016e423244a24a"/>
            <property name="deviceName" value="samsung SM-J110H (Android 4.4.4)"/>
            <property name="deviceOSVersion" value="4.4.4"/>
        </properties>
        <testcase name="Test Cases/LaunchingApp/LaunchApp" classname="Test Cases/LaunchingApp/LaunchApp" status="PASSED">
            <system-out>2019-07-09 14:36:28 - [TEST_CASE][PASSED] - Test Cases/LaunchingApp/LaunchApp: Test Cases/LaunchingApp/LaunchApp&#xD;
&#xD;
2019-07-09 14:36:29 - [TEST_STEP][PASSED] - startApplication("F:\QA_Automation\Builds\MMA Plus\mmaplus_expired_product_module_080719_local.apk", false): Started app at: 'F:\QA_Automation\Builds\MMA Plus\mmaplus_expired_product_module_080719_local.apk'&#xD;
&#xD;
2019-07-09 14:36:29 - [MESSAGE][INFO] - User set preference: ['deviceId', '']&#xD;
&#xD;
2019-07-09 14:36:34 - [MESSAGE][INFO] - Appium server started on port 51,730&#xD;
&#xD;
2019-07-09 14:36:48 - [MESSAGE][PASSED] - Started app at: 'F:\QA_Automation\Builds\MMA Plus\mmaplus_expired_product_module_080719_local.apk'&#xD;
&#xD;
2019-07-09 14:36:48 - [TEST_STEP][PASSED] - delay(5): Delayed 5 second(s)&#xD;
&#xD;
2019-07-09 14:36:53 - [MESSAGE][PASSED] - Delayed 5 second(s)</system-out>
            <system-err></system-err>
        </testcase>
        <testcase name="Test Cases/SliderOptions/VisitSliderOptions" classname="Test Cases/SliderOptions/VisitSliderOptions" status="PASSED">
            <system-out>2019-07-09 14:36:53 - [TEST_CASE][PASSED] - Test Cases/SliderOptions/VisitSliderOptions: Test Cases/SliderOptions/VisitSliderOptions&#xD;
&#xD;
2019-07-09 14:36:53 - [TEST_STEP][PASSED] - verifyElementText(findTestObject("DashboardScreenElements/Validate_DashboardScreen", ["package":PACKAGENAME]), "Dashboard"): Actual text and expected text of test object 'Object Repository/DashboardScreenElements/Validate_DashboardScreen' are matched.&#xD;
&#xD;
2019-07-09 14:37:00 - [MESSAGE][PASSED] - Actual text and expected text of test object 'Object Repository/DashboardScreenElements/Validate_DashboardScreen' are matched.&#xD;
&#xD;
2019-07-09 14:37:00 - [TEST_STEP][PASSED] - swipe(2, 250, 400, 250): Swiped from 2,250 to 400,250&#xD;
&#xD;
2019-07-09 14:37:00 - [MESSAGE][PASSED] - Swiped from 2,250 to 400,250&#xD;
&#xD;
2019-07-09 14:37:00 - [TEST_STEP][PASSED] - verifyElementExist(findTestObject("SliderOptions/Validate_SliderItemsScreen", ["package":PACKAGENAME]), 0): Element 'Object Repository/SliderOptions/Validate_SliderItemsScreen' is exist&#xD;
&#xD;
2019-07-09 14:37:00 - [MESSAGE][WARNING] - Timeout '0' is invalid. Using default page load timeout: '6'&#xD;
&#xD;
2019-07-09 14:37:03 - [MESSAGE][PASSED] - Element 'Object Repository/SliderOptions/Validate_SliderItemsScreen' is exist&#xD;
&#xD;
2019-07-09 14:37:03 - [TEST_STEP][PASSED] - qa.keywords.SliderOptionsKeywords.valideSliderOptions(): qa.keywords.SliderOptionsKeywords.valideSliderOptions is PASSED&#xD;
&#xD;
2019-07-09 14:37:19 - [MESSAGE][PASSED] - qa.keywords.SliderOptionsKeywords.valideSliderOptions is PASSED&#xD;
&#xD;
2019-07-09 14:37:19 - [TEST_STEP][PASSED] - qa.keywords.SliderOptionsKeywords.findSliderOption("Update Profile"): qa.keywords.SliderOptionsKeywords.findSliderOption is PASSED&#xD;
&#xD;
2019-07-09 14:37:19 - [MESSAGE][PASSED] - Swiped from 5,200 to 5,500&#xD;
&#xD;
2019-07-09 14:37:20 - [MESSAGE][PASSED] - Swiped from 5,200 to 5,500&#xD;
&#xD;
2019-07-09 14:37:22 - [MESSAGE][WARNING] - Timeout '0' is invalid. Using default page load timeout: '6'&#xD;
&#xD;
2019-07-09 14:37:24 - [MESSAGE][PASSED] - Element 'Object Repository/SliderOptions/UpdateProfile_EnterEmail' is exist&#xD;
&#xD;
2019-07-09 14:37:24 - [MESSAGE][WARNING] - Timeout '0' is invalid. Using default page load timeout: '6'&#xD;
&#xD;
2019-07-09 14:37:24 - [MESSAGE][PASSED] - Element 'Object Repository/SliderOptions/UpdateProfile_EnterPhone' is exist&#xD;
&#xD;
2019-07-09 14:37:24 - [MESSAGE][WARNING] - Timeout '0' is invalid. Using default page load timeout: '6'&#xD;
&#xD;
2019-07-09 14:37:24 - [MESSAGE][PASSED] - Element 'Object Repository/SliderOptions/UpdateProfile_EnterCNIC' is exist&#xD;
&#xD;
2019-07-09 14:37:24 - [MESSAGE][PASSED] - Press back button successfully&#xD;
&#xD;
2019-07-09 14:37:24 - [MESSAGE][WARNING] - Timeout '0' is invalid. Using default page load timeout: '6'&#xD;
&#xD;
2019-07-09 14:37:26 - [MESSAGE][PASSED] - Element 'Object Repository/SliderOptions/Validate_SliderItemsScreen' is exist&#xD;
&#xD;
2019-07-09 14:37:26 - [MESSAGE][PASSED] - qa.keywords.SliderOptionsKeywords.findSliderOption is PASSED&#xD;
&#xD;
2019-07-09 14:37:26 - [TEST_STEP][PASSED] - qa.keywords.SliderOptionsKeywords.findSliderOption("Out of Route"): qa.keywords.SliderOptionsKeywords.findSliderOption is PASSED&#xD;
&#xD;
2019-07-09 14:37:26 - [MESSAGE][PASSED] - Swiped from 5,200 to 5,500&#xD;
&#xD;
2019-07-09 14:37:27 - [MESSAGE][PASSED] - Swiped from 5,200 to 5,500&#xD;
&#xD;
2019-07-09 14:37:32 - [MESSAGE][PASSED] - Actual text and expected text of test object 'Object Repository/SliderOptions/Validate_OutOfRoute_RouteListScreen' are matched.&#xD;
&#xD;
2019-07-09 14:37:36 - [MESSAGE][PASSED] - Actual text and expected text of test object 'Object Repository/SliderOptions/Validate_OutOfRoute_ShopOnRouteScreen' are matched.&#xD;
&#xD;
2019-07-09 14:37:40 - [MESSAGE][PASSED] - Actual text and expected text of test object 'Object Repository/Validate_ShopOptionsScreen' are matched.&#xD;
&#xD;
2019-07-09 14:37:42 - [MESSAGE][WARNING] - Timeout '0' is invalid. Using default page load timeout: '6'&#xD;
&#xD;
2019-07-09 14:37:43 - [MESSAGE][PASSED] - Tapped on element 'Object Repository/StartWorking'&#xD;
&#xD;
2019-07-09 14:37:58 - [MESSAGE][PASSED] - Delayed 15 second(s)&#xD;
&#xD;
2019-07-09 14:37:59 - [MESSAGE][PASSED] - Element 'Object Repository/CommonScreenElements/Validate_MapScreen' is exist&#xD;
&#xD;
2019-07-09 14:37:59 - [MESSAGE][WARNING] - Timeout '0' is invalid. Using default page load timeout: '6'&#xD;
&#xD;
2019-07-09 14:37:59 - [MESSAGE][PASSED] - Tapped on element 'Object Repository/CommonScreenElements/Location_CheckIn'&#xD;
&#xD;
2019-07-09 14:37:59 - [MESSAGE][WARNING] - Timeout '0' is invalid. Using default page load timeout: '6'&#xD;
&#xD;
2019-07-09 14:38:00 - [MESSAGE][PASSED] - Element 'Object Repository/CommonScreenElements/Validate_InfoPopUP' is exist&#xD;
&#xD;
2019-07-09 14:38:00 - [MESSAGE][WARNING] - Timeout '0' is invalid. Using default page load timeout: '6'&#xD;
&#xD;
2019-07-09 14:38:01 - [MESSAGE][PASSED] - Tapped on element 'Object Repository/CommonScreenElements/InfoPopUp_NoButton'&#xD;
&#xD;
2019-07-09 14:38:03 - [TEST_CASE][PASSED] - Test Cases/ShopOpen/VisitShopOpen: Test Cases/ShopOpen/VisitShopOpen&#xD;
&#xD;
2019-07-09 14:38:03 - [TEST_STEP][PASSED] - verifyElementExist(findTestObject("ShopActions_List", ["package":PACKAGENAME]), 0): Element 'Object Repository/ShopActions_List' is exist&#xD;
&#xD;
2019-07-09 14:38:03 - [MESSAGE][WARNING] - Timeout '0' is invalid. Using default page load timeout: '6'&#xD;
&#xD;
2019-07-09 14:38:03 - [MESSAGE][PASSED] - Element 'Object Repository/ShopActions_List' is exist&#xD;
&#xD;
2019-07-09 14:38:03 - [TEST_STEP][PASSED] - tap(findTestObject("ShopOpen/ShopOpen", ["package":PACKAGENAME]), 0): Tapped on element 'Object Repository/ShopOpen/ShopOpen'&#xD;
&#xD;
2019-07-09 14:38:03 - [MESSAGE][WARNING] - Timeout '0' is invalid. Using default page load timeout: '6'&#xD;
&#xD;
2019-07-09 14:38:05 - [MESSAGE][PASSED] - Tapped on element 'Object Repository/ShopOpen/ShopOpen'&#xD;
&#xD;
2019-07-09 14:38:05 - [TEST_STEP][PASSED] - qa.keywords.CommonKeywords.takePicture(): qa.keywords.CommonKeywords.takePicture is PASSED&#xD;
&#xD;
2019-07-09 14:38:05 - [MESSAGE][WARNING] - Timeout '0' is invalid. Using default page load timeout: '6'&#xD;
&#xD;
2019-07-09 14:38:06 - [MESSAGE][PASSED] - Element 'Object Repository/CommonScreenElements/Validate_CameraScreen' is exist&#xD;
&#xD;
2019-07-09 14:38:06 - [MESSAGE][WARNING] - Timeout '0' is invalid. Using default page load timeout: '6'&#xD;
&#xD;
2019-07-09 14:38:09 - [MESSAGE][PASSED] - Tapped on element 'Object Repository/CommonScreenElements/Camera_TakePictureButton'&#xD;
&#xD;
2019-07-09 14:38:14 - [MESSAGE][PASSED] - Delayed 5 second(s)&#xD;
&#xD;
2019-07-09 14:38:14 - [MESSAGE][WARNING] - Timeout '0' is invalid. Using default page load timeout: '6'&#xD;
&#xD;
2019-07-09 14:38:16 - [MESSAGE][PASSED] - Tapped on element 'Object Repository/CommonScreenElements/Camera_DoneButton'&#xD;
&#xD;
2019-07-09 14:38:16 - [MESSAGE][PASSED] - qa.keywords.CommonKeywords.takePicture is PASSED&#xD;
&#xD;
2019-07-09 14:38:16 - [MESSAGE][PASSED] - Call Test Case 'Test Cases/ShopOpen/VisitShopOpen' successfully&#xD;
&#xD;
2019-07-09 14:38:16 - [TEST_CASE][PASSED] - Test Cases/ShopOpen/VisitCategoryScenarios/VisitShopCategoriesWithDataVerification: Test Cases/ShopOpen/VisitCategoryScenarios/VisitShopCategoriesWithDataVerification&#xD;
&#xD;
2019-07-09 14:38:16 - [TEST_STEP][PASSED] - verifyElementExist(findTestObject("ShopOpen/Validate_ShopCategoriesListScreen", ["package":PACKAGENAME]), 0): Element 'Object Repository/ShopOpen/Validate_ShopCategoriesListScreen' is exist&#xD;
&#xD;
2019-07-09 14:38:16 - [MESSAGE][WARNING] - Timeout '0' is invalid. Using default page load timeout: '6'&#xD;
&#xD;
2019-07-09 14:38:18 - [MESSAGE][PASSED] - Element 'Object Repository/ShopOpen/Validate_ShopCategoriesListScreen' is exist&#xD;
&#xD;
2019-07-09 14:38:18 - [TEST_STEP][PASSED] - qa.keywords.CategoryVisitingScenariosKeywords.visitShopCategoriesWithDataVerification(): qa.keywords.CategoryVisitingScenariosKeywords.visitShopCategoriesWithDataVerification is PASSED&#xD;
&#xD;
2019-07-09 14:38:37 - [MESSAGE][PASSED] - Swiped from 0,200 to 0,750&#xD;
&#xD;
2019-07-09 14:38:37 - [MESSAGE][PASSED] - Swiped from 0,200 to 0,750&#xD;
&#xD;
2019-07-09 14:38:39 - [MESSAGE][WARNING] - Timeout '0' is invalid. Using default page load timeout: '6'&#xD;
&#xD;
2019-07-09 14:38:47 - [MESSAGE][WARNING] - Element 'Object Repository/CommonScreenElements/Validate_CameraScreen' not found&#xD;
[[ATTACHMENT|F:\\Git Projects\\MMAPlus\\MMAPlus\\Reports\\MMA Plus Merchandising\\MMA Plus Merchandising With Data Verification\\20190709_143621\\1562665126248.png]]&#xD;
&#xD;
2019-07-09 14:38:47 - [MESSAGE][PASSED] - Actual text and expected text of test object 'Object Repository/ShopOpen/Chiller/Validate_ChillerScreen' are matched.&#xD;
&#xD;
2019-07-09 14:38:48 - [TEST_CASE][PASSED] - Test Cases/ShopOpen/Chiller/VisitChillerWithChillerNotAllocated: Test Cases/ShopOpen/Chiller/VisitChillerWithChillerNotAllocated&#xD;
&#xD;
2019-07-09 14:38:49 - [TEST_STEP][PASSED] - verifyElementText(findTestObject("ShopOpen/Chiller/Validate_ChillerNotAllocatedProductCategoryScreen", ["package":PACKAGENAME]), "Category:Chiller"): Actual text and expected text of test object 'Object Repository/ShopOpen/Chiller/Validate_ChillerNotAllocatedProductCategoryScreen' are matched.&#xD;
&#xD;
2019-07-09 14:38:50 - [MESSAGE][PASSED] - Actual text and expected text of test object 'Object Repository/ShopOpen/Chiller/Validate_ChillerNotAllocatedProductCategoryScreen' are matched.&#xD;
&#xD;
2019-07-09 14:38:50 - [TEST_STEP][PASSED] - qa.keywords.ChannelProductsDataKeywords.visitChillerNotAllocatedProductCategories(1): qa.keywords.ChannelProductsDataKeywords.visitChillerNotAllocatedProductCategories is PASSED&#xD;
&#xD;
2019-07-09 14:38:54 - [TEST_CASE][PASSED] - Test Cases/ShopOpen/Chiller/VisitProductCategoryAssets: Test Cases/ShopOpen/Chiller/VisitProductCategoryAssets&#xD;
&#xD;
2019-07-09 14:38:55 - [TEST_STEP][PASSED] - verifyElementText(findTestObject("ShopOpen/Chiller/Validate_ProductCategoryAssetsScreen", ["package":PACKAGENAME]), "Facing"): Actual text and expected text of test object 'Object Repository/ShopOpen/Chiller/Validate_ProductCategoryAssetsScreen' are matched.&#xD;
&#xD;
2019-07-09 14:38:56 - [MESSAGE][PASSED] - Actual text and expected text of test object 'Object Repository/ShopOpen/Chiller/Validate_ProductCategoryAssetsScreen' are matched.&#xD;
&#xD;
2019-07-09 14:38:56 - [TEST_STEP][PASSED] - tap(findTestObject("ShopOpen/Chiller/Facing", ["package":PACKAGENAME]), 0): Tapped on element 'Object Repository/ShopOpen/Chiller/Facing'&#xD;
&#xD;
2019-07-09 14:38:56 - [MESSAGE][WARNING] - Timeout '0' is invalid. Using default page load timeout: '6'&#xD;
&#xD;
2019-07-09 14:38:56 - [MESSAGE][PASSED] - Tapped on element 'Object Repository/ShopOpen/Chiller/Facing'&#xD;
&#xD;
2019-07-09 14:38:56 - [TEST_STEP][PASSED] - verifyElementText(findTestObject("ShopOpen/Chiller/Validate_FacingScreen", ["package":PACKAGENAME]), "Facing"): Actual text and expected text of test object 'Object Repository/ShopOpen/Chiller/Validate_FacingScreen' are matched.&#xD;
&#xD;
2019-07-09 14:38:58 - [MESSAGE][PASSED] - Actual text and expected text of test object 'Object Repository/ShopOpen/Chiller/Validate_FacingScreen' are matched.&#xD;
&#xD;
2019-07-09 14:38:58 - [TEST_STEP][PASSED] - qa.keywords.ChannelProductsDataKeywords.visitChannelWiseProductsData(CHANNEL_CHILLER_FACING, "Facing"): qa.keywords.ChannelProductsDataKeywords.visitChannelWiseProductsData is PASSED&#xD;
&#xD;
2019-07-09 14:39:03 - [MESSAGE][PASSED] - Keyboard is hidden&#xD;
&#xD;
2019-07-09 14:39:06 - [MESSAGE][PASSED] - Keyboard is hidden&#xD;
&#xD;
2019-07-09 14:39:09 - [MESSAGE][PASSED] - Keyboard is hidden&#xD;
&#xD;
2019-07-09 14:39:12 - [MESSAGE][PASSED] - Keyboard is hidden&#xD;
&#xD;
2019-07-09 14:39:15 - [MESSAGE][PASSED] - Keyboard is hidden&#xD;
&#xD;
2019-07-09 14:39:18 - [MESSAGE][PASSED] - Keyboard is hidden&#xD;
&#xD;
2019-07-09 14:39:22 - [MESSAGE][PASSED] - qa.keywords.ChannelProductsDataKeywords.visitChannelWiseProductsData is PASSED&#xD;
&#xD;
2019-07-09 14:39:22 - [TEST_STEP][PASSED] - tap(findTestObject("ShopOpen/Chiller/SubmitButton", ["package":PACKAGENAME]), 0): Tapped on element 'Object Repository/ShopOpen/Chiller/SubmitButton'&#xD;
&#xD;
2019-07-09 14:39:22 - [MESSAGE][WARNING] - Timeout '0' is invalid. Using default page load timeout: '6'&#xD;
&#xD;
2019-07-09 14:39:23 - [MESSAGE][PASSED] - Tapped on element 'Object Repository/ShopOpen/Chiller/SubmitButton'&#xD;
&#xD;
2019-07-09 14:39:23 - [TEST_STEP][PASSED] - verifyElementText(findTestObject("ShopOpen/Chiller/Validate_ProductCategoryAssetsScreen", ["package":PACKAGENAME]), "Facing"): Actual text and expected text of test object 'Object Repository/ShopOpen/Chiller/Validate_ProductCategoryAssetsScreen' are matched.&#xD;
&#xD;
2019-07-09 14:39:24 - [MESSAGE][PASSED] - Actual text and expected text of test object 'Object Repository/ShopOpen/Chiller/Validate_ProductCategoryAssetsScreen' are matched.&#xD;
&#xD;
2019-07-09 14:39:24 - [TEST_STEP][PASSED] - tap(findTestObject("ShopOpen/Chiller/StockTaking", ["package":PACKAGENAME]), 0): Tapped on element 'Object Repository/ShopOpen/Chiller/StockTaking'&#xD;
&#xD;
2019-07-09 14:39:24 - [MESSAGE][WARNING] - Timeout '0' is invalid. Using default page load timeout: '6'&#xD;
&#xD;
2019-07-09 14:39:24 - [MESSAGE][PASSED] - Tapped on element 'Object Repository/ShopOpen/Chiller/StockTaking'&#xD;
&#xD;
2019-07-09 14:39:24 - [TEST_STEP][PASSED] - verifyElementText(findTestObject("ShopOpen/Chiller/Validate_StockTakingScreen", ["package":PACKAGENAME]), "Stock Taking"): Actual text and expected text of test object 'Object Repository/ShopOpen/Chiller/Validate_StockTakingScreen' are matched.&#xD;
&#xD;
2019-07-09 14:39:26 - [MESSAGE][PASSED] - Actual text and expected text of test object 'Object Repository/ShopOpen/Chiller/Validate_StockTakingScreen' are matched.&#xD;
&#xD;
2019-07-09 14:39:26 - [TEST_STEP][PASSED] - qa.keywords.ChannelProductsDataKeywords.visitChannelWiseProductsData(CHANNEL_CHILLER_STOCKTAKING, "Stock Taking"): qa.keywords.ChannelProductsDataKeywords.visitChannelWiseProductsData is PASSED&#xD;
&#xD;
2019-07-09 14:39:30 - [MESSAGE][PASSED] - Keyboard is hidden&#xD;
&#xD;
2019-07-09 14:39:33 - [MESSAGE][PASSED] - Keyboard is hidden&#xD;
&#xD;
2019-07-09 14:39:36 - [MESSAGE][PASSED] - Keyboard is hidden&#xD;
&#xD;
2019-07-09 14:39:39 - [MESSAGE][PASSED] - Keyboard is hidden&#xD;
&#xD;
2019-07-09 14:39:42 - [MESSAGE][PASSED] - Keyboard is hidden&#xD;
&#xD;
2019-07-09 14:39:45 - [MESSAGE][PASSED] - Keyboard is hidden&#xD;
&#xD;
2019-07-09 14:39:48 - [MESSAGE][PASSED] - qa.keywords.ChannelProductsDataKeywords.visitChannelWiseProductsData is PASSED&#xD;
&#xD;
2019-07-09 14:39:48 - [TEST_STEP][PASSED] - tap(findTestObject("ShopOpen/Chiller/SubmitButton", ["package":PACKAGENAME]), 0): Tapped on element 'Object Repository/ShopOpen/Chiller/SubmitButton'&#xD;
&#xD;
2019-07-09 14:39:48 - [MESSAGE][WARNING] - Timeout '0' is invalid. Using default page load timeout: '6'&#xD;
&#xD;
2019-07-09 14:39:49 - [MESSAGE][PASSED] - Tapped on element 'Object Repository/ShopOpen/Chiller/SubmitButton'&#xD;
&#xD;
2019-07-09 14:39:49 - [TEST_STEP][PASSED] - verifyElementText(findTestObject("ShopOpen/Chiller/Validate_ProductCategoryAssetsScreen", ["package":PACKAGENAME]), "Facing"): Actual text and expected text of test object 'Object Repository/ShopOpen/Chiller/Validate_ProductCategoryAssetsScreen' are matched.&#xD;
&#xD;
2019-07-09 14:39:50 - [MESSAGE][PASSED] - Actual text and expected text of test object 'Object Repository/ShopOpen/Chiller/Validate_ProductCategoryAssetsScreen' are matched.&#xD;
&#xD;
2019-07-09 14:39:50 - [TEST_STEP][PASSED] - tap(findTestObject("ShopOpen/Chiller/ChillerNotAllocatedProductCategory_BackButton", ["package":PACKAGENAME]), 0): Tapped on element 'Object Repository/ShopOpen/Chiller/ChillerNotAllocatedProductCategory_BackButton'&#xD;
&#xD;
2019-07-09 14:39:50 - [MESSAGE][WARNING] - Timeout '0' is invalid. Using default page load timeout: '6'&#xD;
&#xD;
2019-07-09 14:39:50 - [MESSAGE][PASSED] - Tapped on element 'Object Repository/ShopOpen/Chiller/ChillerNotAllocatedProductCategory_BackButton'&#xD;
&#xD;
2019-07-09 14:39:50 - [MESSAGE][PASSED] - Call Test Case 'Test Cases/ShopOpen/Chiller/VisitProductCategoryAssets' successfully&#xD;
&#xD;
2019-07-09 14:39:51 - [MESSAGE][PASSED] - Actual text and expected text of test object 'Object Repository/ShopOpen/Chiller/Validate_ChillerNotAllocatedProductCategoryScreen' are matched.&#xD;
&#xD;
2019-07-09 14:39:52 - [TEST_CASE][PASSED] - Test Cases/ShopOpen/Chiller/VisitProductCategoryAssets: Test Cases/ShopOpen/Chiller/VisitProductCategoryAssets&#xD;
&#xD;
2019-07-09 14:39:52 - [TEST_STEP][PASSED] - verifyElementText(findTestObject("ShopOpen/Chiller/Validate_ProductCategoryAssetsScreen", ["package":PACKAGENAME]), "Facing"): Actual text and expected text of test object 'Object Repository/ShopOpen/Chiller/Validate_ProductCategoryAssetsScreen' are matched.&#xD;
&#xD;
2019-07-09 14:39:54 - [MESSAGE][PASSED] - Actual text and expected text of test object 'Object Repository/ShopOpen/Chiller/Validate_ProductCategoryAssetsScreen' are matched.&#xD;
&#xD;
2019-07-09 14:39:54 - [TEST_STEP][PASSED] - tap(findTestObject("ShopOpen/Chiller/Facing", ["package":PACKAGENAME]), 0): Tapped on element 'Object Repository/ShopOpen/Chiller/Facing'&#xD;
&#xD;
2019-07-09 14:39:54 - [MESSAGE][WARNING] - Timeout '0' is invalid. Using default page load timeout: '6'&#xD;
&#xD;
2019-07-09 14:39:54 - [MESSAGE][PASSED] - Tapped on element 'Object Repository/ShopOpen/Chiller/Facing'&#xD;
&#xD;
2019-07-09 14:39:54 - [TEST_STEP][PASSED] - verifyElementText(findTestObject("ShopOpen/Chiller/Validate_FacingScreen", ["package":PACKAGENAME]), "Facing"): Actual text and expected text of test object 'Object Repository/ShopOpen/Chiller/Validate_FacingScreen' are matched.&#xD;
&#xD;
2019-07-09 14:39:56 - [MESSAGE][PASSED] - Actual text and expected text of test object 'Object Repository/ShopOpen/Chiller/Validate_FacingScreen' are matched.&#xD;
&#xD;
2019-07-09 14:39:56 - [TEST_STEP][PASSED] - qa.keywords.ChannelProductsDataKeywords.visitChannelWiseProductsData(CHANNEL_CHILLER_FACING, "Facing"): qa.keywords.ChannelProductsDataKeywords.visitChannelWiseProductsData is PASSED&#xD;
&#xD;
2019-07-09 14:40:00 - [MESSAGE][PASSED] - Keyboard is hidden&#xD;
&#xD;
2019-07-09 14:40:03 - [MESSAGE][PASSED] - Keyboard is hidden&#xD;
&#xD;
2019-07-09 14:40:06 - [MESSAGE][PASSED] - Keyboard is hidden&#xD;
&#xD;
2019-07-09 14:40:08 - [MESSAGE][PASSED] - qa.keywords.ChannelProductsDataKeywords.visitChannelWiseProductsData is PASSED&#xD;
&#xD;
2019-07-09 14:40:08 - [TEST_STEP][PASSED] - tap(findTestObject("ShopOpen/Chiller/SubmitButton", ["package":PACKAGENAME]), 0): Tapped on element 'Object Repository/ShopOpen/Chiller/SubmitButton'&#xD;
&#xD;
2019-07-09 14:40:08 - [MESSAGE][WARNING] - Timeout '0' is invalid. Using default page load timeout: '6'&#xD;
&#xD;
2019-07-09 14:40:09 - [MESSAGE][PASSED] - Tapped on element 'Object Repository/ShopOpen/Chiller/SubmitButton'&#xD;
&#xD;
2019-07-09 14:40:09 - [TEST_STEP][PASSED] - verifyElementText(findTestObject("ShopOpen/Chiller/Validate_ProductCategoryAssetsScreen", ["package":PACKAGENAME]), "Facing"): Actual text and expected text of test object 'Object Repository/ShopOpen/Chiller/Validate_ProductCategoryAssetsScreen' are matched.&#xD;
&#xD;
2019-07-09 14:40:10 - [MESSAGE][PASSED] - Actual text and expected text of test object 'Object Repository/ShopOpen/Chiller/Validate_ProductCategoryAssetsScreen' are matched.&#xD;
&#xD;
2019-07-09 14:40:10 - [TEST_STEP][PASSED] - tap(findTestObject("ShopOpen/Chiller/StockTaking", ["package":PACKAGENAME]), 0): Tapped on element 'Object Repository/ShopOpen/Chiller/StockTaking'&#xD;
&#xD;
2019-07-09 14:40:10 - [MESSAGE][WARNING] - Timeout '0' is invalid. Using default page load timeout: '6'&#xD;
&#xD;
2019-07-09 14:40:10 - [MESSAGE][PASSED] - Tapped on element 'Object Repository/ShopOpen/Chiller/StockTaking'&#xD;
&#xD;
2019-07-09 14:40:10 - [TEST_STEP][PASSED] - verifyElementText(findTestObject("ShopOpen/Chiller/Validate_StockTakingScreen", ["package":PACKAGENAME]), "Stock Taking"): Actual text and expected text of test object 'Object Repository/ShopOpen/Chiller/Validate_StockTakingScreen' are matched.&#xD;
&#xD;
2019-07-09 14:40:12 - [MESSAGE][PASSED] - Actual text and expected text of test object 'Object Repository/ShopOpen/Chiller/Validate_StockTakingScreen' are matched.&#xD;
&#xD;
2019-07-09 14:40:12 - [TEST_STEP][PASSED] - qa.keywords.ChannelProductsDataKeywords.visitChannelWiseProductsData(CHANNEL_CHILLER_STOCKTAKING, "Stock Taking"): qa.keywords.ChannelProductsDataKeywords.visitChannelWiseProductsData is PASSED&#xD;
&#xD;
2019-07-09 14:40:16 - [MESSAGE][PASSED] - Keyboard is hidden&#xD;
&#xD;
2019-07-09 14:40:19 - [MESSAGE][PASSED] - Keyboard is hidden&#xD;
&#xD;
2019-07-09 14:40:22 - [MESSAGE][PASSED] - Keyboard is hidden&#xD;
&#xD;
2019-07-09 14:40:24 - [MESSAGE][PASSED] - qa.keywords.ChannelProductsDataKeywords.visitChannelWiseProductsData is PASSED&#xD;
&#xD;
2019-07-09 14:40:24 - [TEST_STEP][PASSED] - tap(findTestObject("ShopOpen/Chiller/SubmitButton", ["package":PACKAGENAME]), 0): Tapped on element 'Object Repository/ShopOpen/Chiller/SubmitButton'&#xD;
&#xD;
2019-07-09 14:40:24 - [MESSAGE][WARNING] - Timeout '0' is invalid. Using default page load timeout: '6'&#xD;
&#xD;
2019-07-09 14:40:25 - [MESSAGE][PASSED] - Tapped on element 'Object Repository/ShopOpen/Chiller/SubmitButton'&#xD;
&#xD;
2019-07-09 14:40:25 - [TEST_STEP][PASSED] - verifyElementText(findTestObject("ShopOpen/Chiller/Validate_ProductCategoryAssetsScreen", ["package":PACKAGENAME]), "Facing"): Actual text and expected text of test object 'Object Repository/ShopOpen/Chiller/Validate_ProductCategoryAssetsScreen' are matched.&#xD;
&#xD;
2019-07-09 14:40:26 - [MESSAGE][PASSED] - Actual text and expected text of test object 'Object Repository/ShopOpen/Chiller/Validate_ProductCategoryAssetsScreen' are matched.&#xD;
&#xD;
2019-07-09 14:40:26 - [TEST_STEP][PASSED] - tap(findTestObject("ShopOpen/Chiller/ChillerNotAllocatedProductCategory_BackButton", ["package":PACKAGENAME]), 0): Tapped on element 'Object Repository/ShopOpen/Chiller/ChillerNotAllocatedProductCategory_BackButton'&#xD;
&#xD;
2019-07-09 14:40:26 - [MESSAGE][WARNING] - Timeout '0' is invalid. Using default page load timeout: '6'&#xD;
&#xD;
2019-07-09 14:40:26 - [MESSAGE][PASSED] - Tapped on element 'Object Repository/ShopOpen/Chiller/ChillerNotAllocatedProductCategory_BackButton'&#xD;
&#xD;
2019-07-09 14:40:26 - [MESSAGE][PASSED] - Call Test Case 'Test Cases/ShopOpen/Chiller/VisitProductCategoryAssets' successfully&#xD;
&#xD;
2019-07-09 14:40:27 - [MESSAGE][PASSED] - Actual text and expected text of test object 'Object Repository/ShopOpen/Chiller/Validate_ChillerNotAllocatedProductCategoryScreen' are matched.&#xD;
&#xD;
2019-07-09 14:40:28 - [TEST_CASE][PASSED] - Test Cases/ShopOpen/Chiller/VisitProductCategoryAssets: Test Cases/ShopOpen/Chiller/VisitProductCategoryAssets&#xD;
&#xD;
2019-07-09 14:40:28 - [TEST_STEP][PASSED] - verifyElementText(findTestObject("ShopOpen/Chiller/Validate_ProductCategoryAssetsScreen", ["package":PACKAGENAME]), "Facing"): Actual text and expected text of test object 'Object Repository/ShopOpen/Chiller/Validate_ProductCategoryAssetsScreen' are matched.&#xD;
&#xD;
2019-07-09 14:40:31 - [MESSAGE][PASSED] - Actual text and expected text of test object 'Object Repository/ShopOpen/Chiller/Validate_ProductCategoryAssetsScreen' are matched.&#xD;
&#xD;
2019-07-09 14:40:31 - [TEST_STEP][PASSED] - tap(findTestObject("ShopOpen/Chiller/Facing", ["package":PACKAGENAME]), 0): Tapped on element 'Object Repository/ShopOpen/Chiller/Facing'&#xD;
&#xD;
2019-07-09 14:40:31 - [MESSAGE][WARNING] - Timeout '0' is invalid. Using default page load timeout: '6'&#xD;
&#xD;
2019-07-09 14:40:31 - [MESSAGE][PASSED] - Tapped on element 'Object Repository/ShopOpen/Chiller/Facing'&#xD;
&#xD;
2019-07-09 14:40:31 - [TEST_STEP][PASSED] - verifyElementText(findTestObject("ShopOpen/Chiller/Validate_FacingScreen", ["package":PACKAGENAME]), "Facing"): Actual text and expected text of test object 'Object Repository/ShopOpen/Chiller/Validate_FacingScreen' are matched.&#xD;
&#xD;
2019-07-09 14:40:33 - [MESSAGE][PASSED] - Actual text and expected text of test object 'Object Repository/ShopOpen/Chiller/Validate_FacingScreen' are matched.&#xD;
&#xD;
2019-07-09 14:40:33 - [TEST_STEP][PASSED] - qa.keywords.ChannelProductsDataKeywords.visitChannelWiseProductsData(CHANNEL_CHILLER_FACING, "Facing"): qa.keywords.ChannelProductsDataKeywords.visitChannelWiseProductsData is PASSED&#xD;
&#xD;
2019-07-09 14:40:36 - [MESSAGE][PASSED] - Keyboard is hidden&#xD;
&#xD;
2019-07-09 14:40:38 - [MESSAGE][PASSED] - qa.keywords.ChannelProductsDataKeywords.visitChannelWiseProductsData is PASSED&#xD;
&#xD;
2019-07-09 14:40:38 - [TEST_STEP][PASSED] - tap(findTestObject("ShopOpen/Chiller/SubmitButton", ["package":PACKAGENAME]), 0): Tapped on element 'Object Repository/ShopOpen/Chiller/SubmitButton'&#xD;
&#xD;
2019-07-09 14:40:38 - [MESSAGE][WARNING] - Timeout '0' is invalid. Using default page load timeout: '6'&#xD;
&#xD;
2019-07-09 14:40:38 - [MESSAGE][PASSED] - Tapped on element 'Object Repository/ShopOpen/Chiller/SubmitButton'&#xD;
&#xD;
2019-07-09 14:40:38 - [TEST_STEP][PASSED] - verifyElementText(findTestObject("ShopOpen/Chiller/Validate_ProductCategoryAssetsScreen", ["package":PACKAGENAME]), "Facing"): Actual text and expected text of test object 'Object Repository/ShopOpen/Chiller/Validate_ProductCategoryAssetsScreen' are matched.&#xD;
&#xD;
2019-07-09 14:40:39 - [MESSAGE][PASSED] - Actual text and expected text of test object 'Object Repository/ShopOpen/Chiller/Validate_ProductCategoryAssetsScreen' are matched.&#xD;
&#xD;
2019-07-09 14:40:39 - [TEST_STEP][PASSED] - tap(findTestObject("ShopOpen/Chiller/StockTaking", ["package":PACKAGENAME]), 0): Tapped on element 'Object Repository/ShopOpen/Chiller/StockTaking'&#xD;
&#xD;
2019-07-09 14:40:39 - [MESSAGE][WARNING] - Timeout '0' is invalid. Using default page load timeout: '6'&#xD;
&#xD;
2019-07-09 14:40:40 - [MESSAGE][PASSED] - Tapped on element 'Object Repository/ShopOpen/Chiller/StockTaking'&#xD;
&#xD;
2019-07-09 14:40:40 - [TEST_STEP][PASSED] - verifyElementText(findTestObject("ShopOpen/Chiller/Validate_StockTakingScreen", ["package":PACKAGENAME]), "Stock Taking"): Actual text and expected text of test object 'Object Repository/ShopOpen/Chiller/Validate_StockTakingScreen' are matched.&#xD;
&#xD;
2019-07-09 14:40:42 - [MESSAGE][PASSED] - Actual text and expected text of test object 'Object Repository/ShopOpen/Chiller/Validate_StockTakingScreen' are matched.&#xD;
&#xD;
2019-07-09 14:40:42 - [TEST_STEP][PASSED] - qa.keywords.ChannelProductsDataKeywords.visitChannelWiseProductsData(CHANNEL_CHILLER_STOCKTAKING, "Stock Taking"): qa.keywords.ChannelProductsDataKeywords.visitChannelWiseProductsData is PASSED&#xD;
&#xD;
2019-07-09 14:40:45 - [MESSAGE][PASSED] - Keyboard is hidden&#xD;
&#xD;
2019-07-09 14:40:47 - [MESSAGE][PASSED] - qa.keywords.ChannelProductsDataKeywords.visitChannelWiseProductsData is PASSED&#xD;
&#xD;
2019-07-09 14:40:47 - [TEST_STEP][PASSED] - tap(findTestObject("ShopOpen/Chiller/SubmitButton", ["package":PACKAGENAME]), 0): Tapped on element 'Object Repository/ShopOpen/Chiller/SubmitButton'&#xD;
&#xD;
2019-07-09 14:40:47 - [MESSAGE][WARNING] - Timeout '0' is invalid. Using default page load timeout: '6'&#xD;
&#xD;
2019-07-09 14:40:47 - [MESSAGE][PASSED] - Tapped on element 'Object Repository/ShopOpen/Chiller/SubmitButton'&#xD;
&#xD;
2019-07-09 14:40:47 - [TEST_STEP][PASSED] - verifyElementText(findTestObject("ShopOpen/Chiller/Validate_ProductCategoryAssetsScreen", ["package":PACKAGENAME]), "Facing"): Actual text and expected text of test object 'Object Repository/ShopOpen/Chiller/Validate_ProductCategoryAssetsScreen' are matched.&#xD;
&#xD;
2019-07-09 14:40:48 - [MESSAGE][PASSED] - Actual text and expected text of test object 'Object Repository/ShopOpen/Chiller/Validate_ProductCategoryAssetsScreen' are matched.&#xD;
&#xD;
2019-07-09 14:40:48 - [TEST_STEP][PASSED] - tap(findTestObject("ShopOpen/Chiller/ChillerNotAllocatedProductCategory_BackButton", ["package":PACKAGENAME]), 0): Tapped on element 'Object Repository/ShopOpen/Chiller/ChillerNotAllocatedProductCategory_BackButton'&#xD;
&#xD;
2019-07-09 14:40:48 - [MESSAGE][WARNING] - Timeout '0' is invalid. Using default page load timeout: '6'&#xD;
&#xD;
2019-07-09 14:40:49 - [MESSAGE][PASSED] - Tapped on element 'Object Repository/ShopOpen/Chiller/ChillerNotAllocatedProductCategory_BackButton'&#xD;
&#xD;
2019-07-09 14:40:49 - [MESSAGE][PASSED] - Call Test Case 'Test Cases/ShopOpen/Chiller/VisitProductCategoryAssets' successfully&#xD;
&#xD;
2019-07-09 14:40:49 - [MESSAGE][PASSED] - Actual text and expected text of test object 'Object Repository/ShopOpen/Chiller/Validate_ChillerNotAllocatedProductCategoryScreen' are matched.&#xD;
&#xD;
2019-07-09 14:40:50 - [TEST_CASE][PASSED] - Test Cases/ShopOpen/Chiller/VisitProductCategoryAssets: Test Cases/ShopOpen/Chiller/VisitProductCategoryAssets&#xD;
&#xD;
2019-07-09 14:40:51 - [TEST_STEP][PASSED] - verifyElementText(findTestObject("ShopOpen/Chiller/Validate_ProductCategoryAssetsScreen", ["package":PACKAGENAME]), "Facing"): Actual text and expected text of test object 'Object Repository/ShopOpen/Chiller/Validate_ProductCategoryAssetsScreen' are matched.&#xD;
&#xD;
2019-07-09 14:40:53 - [MESSAGE][PASSED] - Actual text and expected text of test object 'Object Repository/ShopOpen/Chiller/Validate_ProductCategoryAssetsScreen' are matched.&#xD;
&#xD;
2019-07-09 14:40:53 - [TEST_STEP][PASSED] - tap(findTestObject("ShopOpen/Chiller/Facing", ["package":PACKAGENAME]), 0): Tapped on element 'Object Repository/ShopOpen/Chiller/Facing'&#xD;
&#xD;
2019-07-09 14:40:53 - [MESSAGE][WARNING] - Timeout '0' is invalid. Using default page load timeout: '6'&#xD;
&#xD;
2019-07-09 14:40:54 - [MESSAGE][PASSED] - Tapped on element 'Object Repository/ShopOpen/Chiller/Facing'&#xD;
&#xD;
2019-07-09 14:40:54 - [TEST_STEP][PASSED] - verifyElementText(findTestObject("ShopOpen/Chiller/Validate_FacingScreen", ["package":PACKAGENAME]), "Facing"): Actual text and expected text of test object 'Object Repository/ShopOpen/Chiller/Validate_FacingScreen' are matched.&#xD;
&#xD;
2019-07-09 14:40:55 - [MESSAGE][PASSED] - Actual text and expected text of test object 'Object Repository/ShopOpen/Chiller/Validate_FacingScreen' are matched.&#xD;
&#xD;
2019-07-09 14:40:55 - [TEST_STEP][PASSED] - qa.keywords.ChannelProductsDataKeywords.visitChannelWiseProductsData(CHANNEL_CHILLER_FACING, "Facing"): qa.keywords.ChannelProductsDataKeywords.visitChannelWiseProductsData is PASSED&#xD;
&#xD;
2019-07-09 14:41:00 - [MESSAGE][PASSED] - Keyboard is hidden&#xD;
&#xD;
2019-07-09 14:41:03 - [MESSAGE][PASSED] - Keyboard is hidden&#xD;
&#xD;
2019-07-09 14:41:06 - [MESSAGE][PASSED] - Keyboard is hidden&#xD;
&#xD;
2019-07-09 14:41:09 - [MESSAGE][PASSED] - Keyboard is hidden&#xD;
&#xD;
2019-07-09 14:41:12 - [MESSAGE][PASSED] - Keyboard is hidden&#xD;
&#xD;
2019-07-09 14:41:15 - [MESSAGE][PASSED] - Keyboard is hidden&#xD;
&#xD;
2019-07-09 14:41:21 - [MESSAGE][PASSED] - Keyboard is hidden&#xD;
&#xD;
2019-07-09 14:41:27 - [MESSAGE][PASSED] - Keyboard is hidden&#xD;
&#xD;
2019-07-09 14:41:31 - [MESSAGE][PASSED] - qa.keywords.ChannelProductsDataKeywords.visitChannelWiseProductsData is PASSED&#xD;
&#xD;
2019-07-09 14:41:31 - [TEST_STEP][PASSED] - tap(findTestObject("ShopOpen/Chiller/SubmitButton", ["package":PACKAGENAME]), 0): Tapped on element 'Object Repository/ShopOpen/Chiller/SubmitButton'&#xD;
&#xD;
2019-07-09 14:41:31 - [MESSAGE][WARNING] - Timeout '0' is invalid. Using default page load timeout: '6'&#xD;
&#xD;
2019-07-09 14:41:31 - [MESSAGE][PASSED] - Tapped on element 'Object Repository/ShopOpen/Chiller/SubmitButton'&#xD;
&#xD;
2019-07-09 14:41:31 - [TEST_STEP][PASSED] - verifyElementText(findTestObject("ShopOpen/Chiller/Validate_ProductCategoryAssetsScreen", ["package":PACKAGENAME]), "Facing"): Actual text and expected text of test object 'Object Repository/ShopOpen/Chiller/Validate_ProductCategoryAssetsScreen' are matched.&#xD;
&#xD;
2019-07-09 14:41:32 - [MESSAGE][PASSED] - Actual text and expected text of test object 'Object Repository/ShopOpen/Chiller/Validate_ProductCategoryAssetsScreen' are matched.&#xD;
&#xD;
2019-07-09 14:41:32 - [TEST_STEP][PASSED] - tap(findTestObject("ShopOpen/Chiller/StockTaking", ["package":PACKAGENAME]), 0): Tapped on element 'Object Repository/ShopOpen/Chiller/StockTaking'&#xD;
&#xD;
2019-07-09 14:41:32 - [MESSAGE][WARNING] - Timeout '0' is invalid. Using default page load timeout: '6'&#xD;
&#xD;
2019-07-09 14:41:32 - [MESSAGE][PASSED] - Tapped on element 'Object Repository/ShopOpen/Chiller/StockTaking'&#xD;
&#xD;
2019-07-09 14:41:32 - [TEST_STEP][PASSED] - verifyElementText(findTestObject("ShopOpen/Chiller/Validate_StockTakingScreen", ["package":PACKAGENAME]), "Stock Taking"): Actual text and expected text of test object 'Object Repository/ShopOpen/Chiller/Validate_StockTakingScreen' are matched.&#xD;
&#xD;
2019-07-09 14:41:35 - [MESSAGE][PASSED] - Actual text and expected text of test object 'Object Repository/ShopOpen/Chiller/Validate_StockTakingScreen' are matched.&#xD;
&#xD;
2019-07-09 14:41:35 - [TEST_STEP][PASSED] - qa.keywords.ChannelProductsDataKeywords.visitChannelWiseProductsData(CHANNEL_CHILLER_STOCKTAKING, "Stock Taking"): qa.keywords.ChannelProductsDataKeywords.visitChannelWiseProductsData is PASSED&#xD;
&#xD;
2019-07-09 14:41:40 - [MESSAGE][PASSED] - Keyboard is hidden&#xD;
&#xD;
2019-07-09 14:41:43 - [MESSAGE][PASSED] - Keyboard is hidden&#xD;
&#xD;
2019-07-09 14:41:46 - [MESSAGE][PASSED] - Keyboard is hidden&#xD;
&#xD;
2019-07-09 14:41:49 - [MESSAGE][PASSED] - Keyboard is hidden&#xD;
&#xD;
2019-07-09 14:41:52 - [MESSAGE][PASSED] - Keyboard is hidden&#xD;
&#xD;
2019-07-09 14:41:55 - [MESSAGE][PASSED] - Keyboard is hidden&#xD;
&#xD;
2019-07-09 14:42:01 - [MESSAGE][PASSED] - Keyboard is hidden&#xD;
&#xD;
2019-07-09 14:42:07 - [MESSAGE][PASSED] - Keyboard is hidden&#xD;
&#xD;
2019-07-09 14:42:10 - [MESSAGE][PASSED] - qa.keywords.ChannelProductsDataKeywords.visitChannelWiseProductsData is PASSED&#xD;
&#xD;
2019-07-09 14:42:10 - [TEST_STEP][PASSED] - tap(findTestObject("ShopOpen/Chiller/SubmitButton", ["package":PACKAGENAME]), 0): Tapped on element 'Object Repository/ShopOpen/Chiller/SubmitButton'&#xD;
&#xD;
2019-07-09 14:42:10 - [MESSAGE][WARNING] - Timeout '0' is invalid. Using default page load timeout: '6'&#xD;
&#xD;
2019-07-09 14:42:11 - [MESSAGE][PASSED] - Tapped on element 'Object Repository/ShopOpen/Chiller/SubmitButton'&#xD;
&#xD;
2019-07-09 14:42:11 - [TEST_STEP][PASSED] - verifyElementText(findTestObject("ShopOpen/Chiller/Validate_ProductCategoryAssetsScreen", ["package":PACKAGENAME]), "Facing"): Actual text and expected text of test object 'Object Repository/ShopOpen/Chiller/Validate_ProductCategoryAssetsScreen' are matched.&#xD;
&#xD;
2019-07-09 14:42:12 - [MESSAGE][PASSED] - Actual text and expected text of test object 'Object Repository/ShopOpen/Chiller/Validate_ProductCategoryAssetsScreen' are matched.&#xD;
&#xD;
2019-07-09 14:42:12 - [TEST_STEP][PASSED] - tap(findTestObject("ShopOpen/Chiller/ChillerNotAllocatedProductCategory_BackButton", ["package":PACKAGENAME]), 0): Tapped on element 'Object Repository/ShopOpen/Chiller/ChillerNotAllocatedProductCategory_BackButton'&#xD;
&#xD;
2019-07-09 14:42:12 - [MESSAGE][WARNING] - Timeout '0' is invalid. Using default page load timeout: '6'&#xD;
&#xD;
2019-07-09 14:42:12 - [MESSAGE][PASSED] - Tapped on element 'Object Repository/ShopOpen/Chiller/ChillerNotAllocatedProductCategory_BackButton'&#xD;
&#xD;
2019-07-09 14:42:12 - [MESSAGE][PASSED] - Call Test Case 'Test Cases/ShopOpen/Chiller/VisitProductCategoryAssets' successfully&#xD;
&#xD;
2019-07-09 14:42:13 - [MESSAGE][PASSED] - Actual text and expected text of test object 'Object Repository/ShopOpen/Chiller/Validate_ChillerNotAllocatedProductCategoryScreen' are matched.&#xD;
&#xD;
2019-07-09 14:42:13 - [MESSAGE][PASSED] - qa.keywords.ChannelProductsDataKeywords.visitChillerNotAllocatedProductCategories is PASSED&#xD;
&#xD;
2019-07-09 14:42:13 - [TEST_STEP][PASSED] - verifyElementText(findTestObject("ShopOpen/Chiller/Validate_ChillerNotAllocatedProductCategoryScreen", ["package":PACKAGENAME]), "Category:Chiller"): Actual text and expected text of test object 'Object Repository/ShopOpen/Chiller/Validate_ChillerNotAllocatedProductCategoryScreen' are matched.&#xD;
&#xD;
2019-07-09 14:42:14 - [MESSAGE][PASSED] - Actual text and expected text of test object 'Object Repository/ShopOpen/Chiller/Validate_ChillerNotAllocatedProductCategoryScreen' are matched.&#xD;
&#xD;
2019-07-09 14:42:14 - [TEST_STEP][PASSED] - qa.keywords.CommonKeywords.visitPlanogramImageViewButton(): qa.keywords.CommonKeywords.visitPlanogramImageViewButton is PASSED&#xD;
&#xD;
2019-07-09 14:42:16 - [MESSAGE][WARNING] - Timeout '0' is invalid. Using default page load timeout: '6'&#xD;
&#xD;
2019-07-09 14:42:23 - [MESSAGE][WARNING] - Object Object Repository/CommonScreenElements/InfoPopUp_OKButton not found&#xD;
[[ATTACHMENT|F:\\Git Projects\\MMAPlus\\MMAPlus\\Reports\\MMA Plus Merchandising\\MMA Plus Merchandising With Data Verification\\20190709_143621\\1562665342224.png]]&#xD;
&#xD;
2019-07-09 14:42:23 - [MESSAGE][PASSED] - qa.keywords.CommonKeywords.visitPlanogramImageViewButton is PASSED&#xD;
&#xD;
2019-07-09 14:42:23 - [TEST_STEP][PASSED] - verifyElementText(findTestObject("ShopOpen/Chiller/Validate_ChillerNotAllocatedProductCategoryScreen", ["package":PACKAGENAME]), "Category:Chiller"): Actual text and expected text of test object 'Object Repository/ShopOpen/Chiller/Validate_ChillerNotAllocatedProductCategoryScreen' are matched.&#xD;
&#xD;
2019-07-09 14:42:24 - [MESSAGE][PASSED] - Actual text and expected text of test object 'Object Repository/ShopOpen/Chiller/Validate_ChillerNotAllocatedProductCategoryScreen' are matched.&#xD;
&#xD;
2019-07-09 14:42:24 - [TEST_STEP][PASSED] - qa.keywords.CommonKeywords.visitPictureImageViewButton(): qa.keywords.CommonKeywords.visitPictureImageViewButton is PASSED&#xD;
&#xD;
2019-07-09 14:42:25 - [MESSAGE][WARNING] - Timeout '0' is invalid. Using default page load timeout: '6'&#xD;
&#xD;
2019-07-09 14:42:27 - [MESSAGE][PASSED] - Element 'Object Repository/CommonScreenElements/Validate_CameraScreen' is exist&#xD;
&#xD;
2019-07-09 14:42:27 - [MESSAGE][WARNING] - Timeout '0' is invalid. Using default page load timeout: '6'&#xD;
&#xD;
2019-07-09 14:42:30 - [MESSAGE][PASSED] - Tapped on element 'Object Repository/CommonScreenElements/Camera_TakePictureButton'&#xD;
&#xD;
2019-07-09 14:42:35 - [MESSAGE][PASSED] - Delayed 5 second(s)&#xD;
&#xD;
2019-07-09 14:42:36 - [MESSAGE][WARNING] - Timeout '0' is invalid. Using default page load timeout: '6'&#xD;
&#xD;
2019-07-09 14:42:36 - [MESSAGE][PASSED] - Tapped on element 'Object Repository/CommonScreenElements/Camera_DoneButton'&#xD;
&#xD;
2019-07-09 14:42:36 - [MESSAGE][PASSED] - qa.keywords.CommonKeywords.visitPictureImageViewButton is PASSED&#xD;
&#xD;
2019-07-09 14:42:36 - [TEST_STEP][PASSED] - verifyElementText(findTestObject("ShopOpen/Chiller/Validate_ChillerNotAllocatedProductCategoryScreen", ["package":PACKAGENAME]), "Category:Chiller"): Actual text and expected text of test object 'Object Repository/ShopOpen/Chiller/Validate_ChillerNotAllocatedProductCategoryScreen' are matched.&#xD;
&#xD;
2019-07-09 14:42:37 - [MESSAGE][PASSED] - Actual text and expected text of test object 'Object Repository/ShopOpen/Chiller/Validate_ChillerNotAllocatedProductCategoryScreen' are matched.&#xD;
&#xD;
2019-07-09 14:42:37 - [TEST_STEP][PASSED] - qa.keywords.CommonKeywords.visitBackImageViewButton(): qa.keywords.CommonKeywords.visitBackImageViewButton is PASSED&#xD;
&#xD;
2019-07-09 14:42:38 - [MESSAGE][PASSED] - qa.keywords.CommonKeywords.visitBackImageViewButton is PASSED&#xD;
&#xD;
2019-07-09 14:42:38 - [TEST_STEP][PASSED] - verifyElementExist(findTestObject("ShopOpen/Validate_ShopCategoriesListScreen", ["package":PACKAGENAME]), 0): Element 'Object Repository/ShopOpen/Validate_ShopCategoriesListScreen' is exist&#xD;
&#xD;
2019-07-09 14:42:38 - [MESSAGE][WARNING] - Timeout '0' is invalid. Using default page load timeout: '6'&#xD;
&#xD;
2019-07-09 14:42:41 - [MESSAGE][PASSED] - Element 'Object Repository/ShopOpen/Validate_ShopCategoriesListScreen' is exist&#xD;
&#xD;
2019-07-09 14:42:41 - [MESSAGE][PASSED] - Call Test Case 'Test Cases/ShopOpen/Chiller/VisitChillerWithChillerNotAllocated' successfully&#xD;
&#xD;
2019-07-09 14:42:41 - [MESSAGE][WARNING] - Timeout '0' is invalid. Using default page load timeout: '6'&#xD;
&#xD;
2019-07-09 14:42:49 - [MESSAGE][WARNING] - Element 'Object Repository/CommonScreenElements/Validate_CameraScreen' not found&#xD;
[[ATTACHMENT|F:\\Git Projects\\MMAPlus\\MMAPlus\\Reports\\MMA Plus Merchandising\\MMA Plus Merchandising With Data Verification\\20190709_143621\\1562665368278.png]]&#xD;
&#xD;
2019-07-09 14:42:49 - [MESSAGE][PASSED] - Actual text and expected text of test object 'Object Repository/ShopOpen/RemainingCategories/Validate_MainCategoryDetailScreen' are matched.&#xD;
&#xD;
2019-07-09 14:42:50 - [TEST_CASE][PASSED] - Test Cases/ShopOpen/RemainingCategories/VisitRemainingCategoriesWithDSA: Test Cases/ShopOpen/RemainingCategories/VisitRemainingCategoriesWithDSA&#xD;
&#xD;
2019-07-09 14:42:50 - [TEST_STEP][PASSED] - verifyElementText(findTestObject("ShopOpen/RemainingCategories/Validate_ProductCategoryAssetScreen", ["package":PACKAGENAME]), "Facing"): Actual text and expected text of test object 'Object Repository/ShopOpen/RemainingCategories/Validate_ProductCategoryAssetScreen' are matched.&#xD;
&#xD;
2019-07-09 14:42:52 - [MESSAGE][PASSED] - Actual text and expected text of test object 'Object Repository/ShopOpen/RemainingCategories/Validate_ProductCategoryAssetScreen' are matched.&#xD;
&#xD;
2019-07-09 14:42:52 - [TEST_STEP][PASSED] - tap(findTestObject("ShopOpen/RemainingCategories/Facing", ["package":PACKAGENAME]), 0): Tapped on element 'Object Repository/ShopOpen/RemainingCategories/Facing'&#xD;
&#xD;
2019-07-09 14:42:52 - [MESSAGE][WARNING] - Timeout '0' is invalid. Using default page load timeout: '6'&#xD;
&#xD;
2019-07-09 14:42:52 - [MESSAGE][PASSED] - Tapped on element 'Object Repository/ShopOpen/RemainingCategories/Facing'&#xD;
&#xD;
2019-07-09 14:42:52 - [TEST_STEP][PASSED] - verifyElementText(findTestObject("ShopOpen/RemainingCategories/Validate_FacingScreen", ["package":PACKAGENAME]), "Facing"): Actual text and expected text of test object 'Object Repository/ShopOpen/RemainingCategories/Validate_FacingScreen' are matched.&#xD;
&#xD;
2019-07-09 14:42:54 - [MESSAGE][PASSED] - Actual text and expected text of test object 'Object Repository/ShopOpen/RemainingCategories/Validate_FacingScreen' are matched.&#xD;
&#xD;
2019-07-09 14:42:54 - [TEST_STEP][PASSED] - qa.keywords.ChannelProductsDataKeywords.visitChannelWiseProductsData(CHANNEL_DSA_FACING, "Facing"): qa.keywords.ChannelProductsDataKeywords.visitChannelWiseProductsData is PASSED&#xD;
&#xD;
2019-07-09 14:42:59 - [MESSAGE][PASSED] - Keyboard is hidden&#xD;
&#xD;
2019-07-09 14:43:02 - [MESSAGE][PASSED] - Keyboard is hidden&#xD;
&#xD;
2019-07-09 14:43:05 - [MESSAGE][PASSED] - Keyboard is hidden&#xD;
&#xD;
2019-07-09 14:43:08 - [MESSAGE][PASSED] - Keyboard is hidden&#xD;
&#xD;
2019-07-09 14:43:11 - [MESSAGE][PASSED] - Keyboard is hidden&#xD;
&#xD;
2019-07-09 14:43:14 - [MESSAGE][PASSED] - Keyboard is hidden&#xD;
&#xD;
2019-07-09 14:43:20 - [MESSAGE][PASSED] - Keyboard is hidden&#xD;
&#xD;
2019-07-09 14:43:23 - [MESSAGE][PASSED] - qa.keywords.ChannelProductsDataKeywords.visitChannelWiseProductsData is PASSED&#xD;
&#xD;
2019-07-09 14:43:23 - [TEST_STEP][PASSED] - tap(findTestObject("ShopOpen/RemainingCategories/SubmitButton", ["package":PACKAGENAME]), 0): Tapped on element 'Object Repository/ShopOpen/RemainingCategories/SubmitButton'&#xD;
&#xD;
2019-07-09 14:43:23 - [MESSAGE][WARNING] - Timeout '0' is invalid. Using default page load timeout: '6'&#xD;
&#xD;
2019-07-09 14:43:24 - [MESSAGE][PASSED] - Tapped on element 'Object Repository/ShopOpen/RemainingCategories/SubmitButton'&#xD;
&#xD;
2019-07-09 14:43:24 - [TEST_STEP][PASSED] - verifyElementText(findTestObject("ShopOpen/RemainingCategories/Validate_ProductCategoryAssetScreen", ["package":PACKAGENAME]), "Facing"): Actual text and expected text of test object 'Object Repository/ShopOpen/RemainingCategories/Validate_ProductCategoryAssetScreen' are matched.&#xD;
&#xD;
2019-07-09 14:43:25 - [MESSAGE][PASSED] - Actual text and expected text of test object 'Object Repository/ShopOpen/RemainingCategories/Validate_ProductCategoryAssetScreen' are matched.&#xD;
&#xD;
2019-07-09 14:43:25 - [TEST_STEP][PASSED] - tap(findTestObject("ShopOpen/RemainingCategories/StockTaking", ["package":PACKAGENAME]), 0): Tapped on element 'Object Repository/ShopOpen/RemainingCategories/StockTaking'&#xD;
&#xD;
2019-07-09 14:43:25 - [MESSAGE][WARNING] - Timeout '0' is invalid. Using default page load timeout: '6'&#xD;
&#xD;
2019-07-09 14:43:25 - [MESSAGE][PASSED] - Tapped on element 'Object Repository/ShopOpen/RemainingCategories/StockTaking'&#xD;
&#xD;
2019-07-09 14:43:25 - [TEST_STEP][PASSED] - verifyElementText(findTestObject("ShopOpen/RemainingCategories/Validate_StockTakingScreen", ["package":PACKAGENAME]), "Stock Taking"): Actual text and expected text of test object 'Object Repository/ShopOpen/RemainingCategories/Validate_StockTakingScreen' are matched.&#xD;
&#xD;
2019-07-09 14:43:27 - [MESSAGE][PASSED] - Actual text and expected text of test object 'Object Repository/ShopOpen/RemainingCategories/Validate_StockTakingScreen' are matched.&#xD;
&#xD;
2019-07-09 14:43:27 - [TEST_STEP][PASSED] - qa.keywords.ChannelProductsDataKeywords.visitChannelWiseProductsData(CHANNEL_DSA_STOCKTAKING, "Stock Taking"): qa.keywords.ChannelProductsDataKeywords.visitChannelWiseProductsData is PASSED&#xD;
&#xD;
2019-07-09 14:43:31 - [MESSAGE][PASSED] - Keyboard is hidden&#xD;
&#xD;
2019-07-09 14:43:34 - [MESSAGE][PASSED] - Keyboard is hidden&#xD;
&#xD;
2019-07-09 14:43:37 - [MESSAGE][PASSED] - Keyboard is hidden&#xD;
&#xD;
2019-07-09 14:43:40 - [MESSAGE][PASSED] - Keyboard is hidden&#xD;
&#xD;
2019-07-09 14:43:43 - [MESSAGE][PASSED] - Keyboard is hidden&#xD;
&#xD;
2019-07-09 14:43:46 - [MESSAGE][PASSED] - Keyboard is hidden&#xD;
&#xD;
2019-07-09 14:43:52 - [MESSAGE][PASSED] - Keyboard is hidden&#xD;
&#xD;
2019-07-09 14:43:55 - [MESSAGE][PASSED] - qa.keywords.ChannelProductsDataKeywords.visitChannelWiseProductsData is PASSED&#xD;
&#xD;
2019-07-09 14:43:55 - [TEST_STEP][PASSED] - tap(findTestObject("ShopOpen/RemainingCategories/SubmitButton", ["package":PACKAGENAME]), 0): Tapped on element 'Object Repository/ShopOpen/RemainingCategories/SubmitButton'&#xD;
&#xD;
2019-07-09 14:43:55 - [MESSAGE][WARNING] - Timeout '0' is invalid. Using default page load timeout: '6'&#xD;
&#xD;
2019-07-09 14:43:56 - [MESSAGE][PASSED] - Tapped on element 'Object Repository/ShopOpen/RemainingCategories/SubmitButton'&#xD;
&#xD;
2019-07-09 14:43:56 - [TEST_STEP][PASSED] - verifyElementText(findTestObject("ShopOpen/RemainingCategories/Validate_ProductCategoryAssetScreen", ["package":PACKAGENAME]), "Facing"): Actual text and expected text of test object 'Object Repository/ShopOpen/RemainingCategories/Validate_ProductCategoryAssetScreen' are matched.&#xD;
&#xD;
2019-07-09 14:43:57 - [MESSAGE][PASSED] - Actual text and expected text of test object 'Object Repository/ShopOpen/RemainingCategories/Validate_ProductCategoryAssetScreen' are matched.&#xD;
&#xD;
2019-07-09 14:43:57 - [TEST_STEP][PASSED] - qa.keywords.CommonKeywords.visitPlanogramImageViewButton(): qa.keywords.CommonKeywords.visitPlanogramImageViewButton is PASSED&#xD;
&#xD;
2019-07-09 14:43:59 - [MESSAGE][WARNING] - Timeout '0' is invalid. Using default page load timeout: '6'&#xD;
&#xD;
2019-07-09 14:44:06 - [MESSAGE][WARNING] - Object Object Repository/CommonScreenElements/InfoPopUp_OKButton not found&#xD;
[[ATTACHMENT|F:\\Git Projects\\MMAPlus\\MMAPlus\\Reports\\MMA Plus Merchandising\\MMA Plus Merchandising With Data Verification\\20190709_143621\\1562665445635.png]]&#xD;
&#xD;
2019-07-09 14:44:07 - [MESSAGE][PASSED] - qa.keywords.CommonKeywords.visitPlanogramImageViewButton is PASSED&#xD;
&#xD;
2019-07-09 14:44:07 - [TEST_STEP][PASSED] - verifyElementText(findTestObject("ShopOpen/RemainingCategories/Validate_ProductCategoryAssetScreen", ["package":PACKAGENAME]), "Facing"): Actual text and expected text of test object 'Object Repository/ShopOpen/RemainingCategories/Validate_ProductCategoryAssetScreen' are matched.&#xD;
&#xD;
2019-07-09 14:44:08 - [MESSAGE][PASSED] - Actual text and expected text of test object 'Object Repository/ShopOpen/RemainingCategories/Validate_ProductCategoryAssetScreen' are matched.&#xD;
&#xD;
2019-07-09 14:44:08 - [TEST_STEP][PASSED] - qa.keywords.CommonKeywords.visitPictureImageViewButton(): qa.keywords.CommonKeywords.visitPictureImageViewButton is PASSED&#xD;
&#xD;
2019-07-09 14:44:10 - [MESSAGE][WARNING] - Timeout '0' is invalid. Using default page load timeout: '6'&#xD;
&#xD;
2019-07-09 14:44:11 - [MESSAGE][PASSED] - Element 'Object Repository/CommonScreenElements/Validate_CameraScreen' is exist&#xD;
&#xD;
2019-07-09 14:44:11 - [MESSAGE][WARNING] - Timeout '0' is invalid. Using default page load timeout: '6'&#xD;
&#xD;
2019-07-09 14:44:14 - [MESSAGE][PASSED] - Tapped on element 'Object Repository/CommonScreenElements/Camera_TakePictureButton'&#xD;
&#xD;
2019-07-09 14:44:19 - [MESSAGE][PASSED] - Delayed 5 second(s)&#xD;
&#xD;
2019-07-09 14:44:19 - [MESSAGE][WARNING] - Timeout '0' is invalid. Using default page load timeout: '6'&#xD;
&#xD;
2019-07-09 14:44:20 - [MESSAGE][PASSED] - Tapped on element 'Object Repository/CommonScreenElements/Camera_DoneButton'&#xD;
&#xD;
2019-07-09 14:44:20 - [MESSAGE][PASSED] - qa.keywords.CommonKeywords.visitPictureImageViewButton is PASSED&#xD;
&#xD;
2019-07-09 14:44:20 - [TEST_STEP][PASSED] - verifyElementText(findTestObject("ShopOpen/RemainingCategories/Validate_ProductCategoryAssetScreen", ["package":PACKAGENAME]), "Facing"): Actual text and expected text of test object 'Object Repository/ShopOpen/RemainingCategories/Validate_ProductCategoryAssetScreen' are matched.&#xD;
&#xD;
2019-07-09 14:44:21 - [MESSAGE][PASSED] - Actual text and expected text of test object 'Object Repository/ShopOpen/RemainingCategories/Validate_ProductCategoryAssetScreen' are matched.&#xD;
&#xD;
2019-07-09 14:44:21 - [TEST_STEP][PASSED] - qa.keywords.CommonKeywords.visitBackImageViewButton(): qa.keywords.CommonKeywords.visitBackImageViewButton is PASSED&#xD;
&#xD;
2019-07-09 14:44:22 - [MESSAGE][PASSED] - qa.keywords.CommonKeywords.visitBackImageViewButton is PASSED&#xD;
&#xD;
2019-07-09 14:44:22 - [TEST_STEP][PASSED] - verifyElementExist(findTestObject("ShopOpen/Validate_ShopCategoriesListScreen", ["package":PACKAGENAME]), 0): Element 'Object Repository/ShopOpen/Validate_ShopCategoriesListScreen' is exist&#xD;
&#xD;
2019-07-09 14:44:22 - [MESSAGE][WARNING] - Timeout '0' is invalid. Using default page load timeout: '6'&#xD;
&#xD;
2019-07-09 14:44:24 - [MESSAGE][PASSED] - Element 'Object Repository/ShopOpen/Validate_ShopCategoriesListScreen' is exist&#xD;
&#xD;
2019-07-09 14:44:24 - [MESSAGE][PASSED] - Call Test Case 'Test Cases/ShopOpen/RemainingCategories/VisitRemainingCategoriesWithDSA' successfully&#xD;
&#xD;
2019-07-09 14:44:24 - [MESSAGE][WARNING] - Timeout '0' is invalid. Using default page load timeout: '6'&#xD;
&#xD;
2019-07-09 14:44:32 - [MESSAGE][WARNING] - Element 'Object Repository/CommonScreenElements/Validate_CameraScreen' not found&#xD;
[[ATTACHMENT|F:\\Git Projects\\MMAPlus\\MMAPlus\\Reports\\MMA Plus Merchandising\\MMA Plus Merchandising With Data Verification\\20190709_143621\\1562665471310.png]]&#xD;
&#xD;
2019-07-09 14:44:32 - [MESSAGE][PASSED] - Actual text and expected text of test object 'Object Repository/ShopOpen/RemainingCategories/Validate_MainCategoryDetailScreen' are matched.&#xD;
&#xD;
2019-07-09 14:44:33 - [TEST_CASE][PASSED] - Test Cases/ShopOpen/RemainingCategories/VisitRemainingCategoriesWithDSA: Test Cases/ShopOpen/RemainingCategories/VisitRemainingCategoriesWithDSA&#xD;
&#xD;
2019-07-09 14:44:33 - [TEST_STEP][PASSED] - verifyElementText(findTestObject("ShopOpen/RemainingCategories/Validate_ProductCategoryAssetScreen", ["package":PACKAGENAME]), "Facing"): Actual text and expected text of test object 'Object Repository/ShopOpen/RemainingCategories/Validate_ProductCategoryAssetScreen' are matched.&#xD;
&#xD;
2019-07-09 14:44:35 - [MESSAGE][PASSED] - Actual text and expected text of test object 'Object Repository/ShopOpen/RemainingCategories/Validate_ProductCategoryAssetScreen' are matched.&#xD;
&#xD;
2019-07-09 14:44:35 - [TEST_STEP][PASSED] - tap(findTestObject("ShopOpen/RemainingCategories/Facing", ["package":PACKAGENAME]), 0): Tapped on element 'Object Repository/ShopOpen/RemainingCategories/Facing'&#xD;
&#xD;
2019-07-09 14:44:35 - [MESSAGE][WARNING] - Timeout '0' is invalid. Using default page load timeout: '6'&#xD;
&#xD;
2019-07-09 14:44:35 - [MESSAGE][PASSED] - Tapped on element 'Object Repository/ShopOpen/RemainingCategories/Facing'&#xD;
&#xD;
2019-07-09 14:44:35 - [TEST_STEP][PASSED] - verifyElementText(findTestObject("ShopOpen/RemainingCategories/Validate_FacingScreen", ["package":PACKAGENAME]), "Facing"): Actual text and expected text of test object 'Object Repository/ShopOpen/RemainingCategories/Validate_FacingScreen' are matched.&#xD;
&#xD;
2019-07-09 14:44:37 - [MESSAGE][PASSED] - Actual text and expected text of test object 'Object Repository/ShopOpen/RemainingCategories/Validate_FacingScreen' are matched.&#xD;
&#xD;
2019-07-09 14:44:37 - [TEST_STEP][PASSED] - qa.keywords.ChannelProductsDataKeywords.visitChannelWiseProductsData(CHANNEL_DSA_FACING, "Facing"): qa.keywords.ChannelProductsDataKeywords.visitChannelWiseProductsData is PASSED&#xD;
&#xD;
2019-07-09 14:44:42 - [MESSAGE][PASSED] - Keyboard is hidden&#xD;
&#xD;
2019-07-09 14:44:45 - [MESSAGE][PASSED] - Keyboard is hidden&#xD;
&#xD;
2019-07-09 14:44:48 - [MESSAGE][PASSED] - Keyboard is hidden&#xD;
&#xD;
2019-07-09 14:44:51 - [MESSAGE][PASSED] - Keyboard is hidden&#xD;
&#xD;
2019-07-09 14:44:54 - [MESSAGE][PASSED] - Keyboard is hidden&#xD;
&#xD;
2019-07-09 14:44:57 - [MESSAGE][PASSED] - Keyboard is hidden&#xD;
&#xD;
2019-07-09 14:45:03 - [MESSAGE][PASSED] - Keyboard is hidden&#xD;
&#xD;
2019-07-09 14:45:06 - [MESSAGE][PASSED] - qa.keywords.ChannelProductsDataKeywords.visitChannelWiseProductsData is PASSED&#xD;
&#xD;
2019-07-09 14:45:06 - [TEST_STEP][PASSED] - tap(findTestObject("ShopOpen/RemainingCategories/SubmitButton", ["package":PACKAGENAME]), 0): Tapped on element 'Object Repository/ShopOpen/RemainingCategories/SubmitButton'&#xD;
&#xD;
2019-07-09 14:45:06 - [MESSAGE][WARNING] - Timeout '0' is invalid. Using default page load timeout: '6'&#xD;
&#xD;
2019-07-09 14:45:07 - [MESSAGE][PASSED] - Tapped on element 'Object Repository/ShopOpen/RemainingCategories/SubmitButton'&#xD;
&#xD;
2019-07-09 14:45:07 - [TEST_STEP][PASSED] - verifyElementText(findTestObject("ShopOpen/RemainingCategories/Validate_ProductCategoryAssetScreen", ["package":PACKAGENAME]), "Facing"): Actual text and expected text of test object 'Object Repository/ShopOpen/RemainingCategories/Validate_ProductCategoryAssetScreen' are matched.&#xD;
&#xD;
2019-07-09 14:45:08 - [MESSAGE][PASSED] - Actual text and expected text of test object 'Object Repository/ShopOpen/RemainingCategories/Validate_ProductCategoryAssetScreen' are matched.&#xD;
&#xD;
2019-07-09 14:45:08 - [TEST_STEP][PASSED] - tap(findTestObject("ShopOpen/RemainingCategories/StockTaking", ["package":PACKAGENAME]), 0): Tapped on element 'Object Repository/ShopOpen/RemainingCategories/StockTaking'&#xD;
&#xD;
2019-07-09 14:45:08 - [MESSAGE][WARNING] - Timeout '0' is invalid. Using default page load timeout: '6'&#xD;
&#xD;
2019-07-09 14:45:08 - [MESSAGE][PASSED] - Tapped on element 'Object Repository/ShopOpen/RemainingCategories/StockTaking'&#xD;
&#xD;
2019-07-09 14:45:08 - [TEST_STEP][PASSED] - verifyElementText(findTestObject("ShopOpen/RemainingCategories/Validate_StockTakingScreen", ["package":PACKAGENAME]), "Stock Taking"): Actual text and expected text of test object 'Object Repository/ShopOpen/RemainingCategories/Validate_StockTakingScreen' are matched.&#xD;
&#xD;
2019-07-09 14:45:11 - [MESSAGE][PASSED] - Actual text and expected text of test object 'Object Repository/ShopOpen/RemainingCategories/Validate_StockTakingScreen' are matched.&#xD;
&#xD;
2019-07-09 14:45:11 - [TEST_STEP][PASSED] - qa.keywords.ChannelProductsDataKeywords.visitChannelWiseProductsData(CHANNEL_DSA_STOCKTAKING, "Stock Taking"): qa.keywords.ChannelProductsDataKeywords.visitChannelWiseProductsData is PASSED&#xD;
&#xD;
2019-07-09 14:45:16 - [MESSAGE][PASSED] - Keyboard is hidden&#xD;
&#xD;
2019-07-09 14:45:19 - [MESSAGE][PASSED] - Keyboard is hidden&#xD;
&#xD;
2019-07-09 14:45:22 - [MESSAGE][PASSED] - Keyboard is hidden&#xD;
&#xD;
2019-07-09 14:45:25 - [MESSAGE][PASSED] - Keyboard is hidden&#xD;
&#xD;
2019-07-09 14:45:28 - [MESSAGE][PASSED] - Keyboard is hidden&#xD;
&#xD;
2019-07-09 14:45:31 - [MESSAGE][PASSED] - Keyboard is hidden&#xD;
&#xD;
2019-07-09 14:45:38 - [MESSAGE][PASSED] - Keyboard is hidden&#xD;
&#xD;
2019-07-09 14:45:41 - [MESSAGE][PASSED] - qa.keywords.ChannelProductsDataKeywords.visitChannelWiseProductsData is PASSED&#xD;
&#xD;
2019-07-09 14:45:41 - [TEST_STEP][PASSED] - tap(findTestObject("ShopOpen/RemainingCategories/SubmitButton", ["package":PACKAGENAME]), 0): Tapped on element 'Object Repository/ShopOpen/RemainingCategories/SubmitButton'&#xD;
&#xD;
2019-07-09 14:45:41 - [MESSAGE][WARNING] - Timeout '0' is invalid. Using default page load timeout: '6'&#xD;
&#xD;
2019-07-09 14:45:42 - [MESSAGE][PASSED] - Tapped on element 'Object Repository/ShopOpen/RemainingCategories/SubmitButton'&#xD;
&#xD;
2019-07-09 14:45:42 - [TEST_STEP][PASSED] - verifyElementText(findTestObject("ShopOpen/RemainingCategories/Validate_ProductCategoryAssetScreen", ["package":PACKAGENAME]), "Facing"): Actual text and expected text of test object 'Object Repository/ShopOpen/RemainingCategories/Validate_ProductCategoryAssetScreen' are matched.&#xD;
&#xD;
2019-07-09 14:45:43 - [MESSAGE][PASSED] - Actual text and expected text of test object 'Object Repository/ShopOpen/RemainingCategories/Validate_ProductCategoryAssetScreen' are matched.&#xD;
&#xD;
2019-07-09 14:45:43 - [TEST_STEP][PASSED] - qa.keywords.CommonKeywords.visitPlanogramImageViewButton(): qa.keywords.CommonKeywords.visitPlanogramImageViewButton is PASSED&#xD;
&#xD;
2019-07-09 14:45:45 - [MESSAGE][WARNING] - Timeout '0' is invalid. Using default page load timeout: '6'&#xD;
&#xD;
2019-07-09 14:45:52 - [MESSAGE][WARNING] - Object Object Repository/CommonScreenElements/InfoPopUp_OKButton not found&#xD;
[[ATTACHMENT|F:\\Git Projects\\MMAPlus\\MMAPlus\\Reports\\MMA Plus Merchandising\\MMA Plus Merchandising With Data Verification\\20190709_143621\\1562665551651.png]]&#xD;
&#xD;
2019-07-09 14:45:53 - [MESSAGE][PASSED] - qa.keywords.CommonKeywords.visitPlanogramImageViewButton is PASSED&#xD;
&#xD;
2019-07-09 14:45:53 - [TEST_STEP][PASSED] - verifyElementText(findTestObject("ShopOpen/RemainingCategories/Validate_ProductCategoryAssetScreen", ["package":PACKAGENAME]), "Facing"): Actual text and expected text of test object 'Object Repository/ShopOpen/RemainingCategories/Validate_ProductCategoryAssetScreen' are matched.&#xD;
&#xD;
2019-07-09 14:45:54 - [MESSAGE][PASSED] - Actual text and expected text of test object 'Object Repository/ShopOpen/RemainingCategories/Validate_ProductCategoryAssetScreen' are matched.&#xD;
&#xD;
2019-07-09 14:45:54 - [TEST_STEP][PASSED] - qa.keywords.CommonKeywords.visitPictureImageViewButton(): qa.keywords.CommonKeywords.visitPictureImageViewButton is PASSED&#xD;
&#xD;
2019-07-09 14:45:56 - [MESSAGE][WARNING] - Timeout '0' is invalid. Using default page load timeout: '6'&#xD;
&#xD;
2019-07-09 14:45:57 - [MESSAGE][PASSED] - Element 'Object Repository/CommonScreenElements/Validate_CameraScreen' is exist&#xD;
&#xD;
2019-07-09 14:45:57 - [MESSAGE][WARNING] - Timeout '0' is invalid. Using default page load timeout: '6'&#xD;
&#xD;
2019-07-09 14:46:00 - [MESSAGE][PASSED] - Tapped on element 'Object Repository/CommonScreenElements/Camera_TakePictureButton'&#xD;
&#xD;
2019-07-09 14:46:05 - [MESSAGE][PASSED] - Delayed 5 second(s)&#xD;
&#xD;
2019-07-09 14:46:05 - [MESSAGE][WARNING] - Timeout '0' is invalid. Using default page load timeout: '6'&#xD;
&#xD;
2019-07-09 14:46:06 - [MESSAGE][PASSED] - Tapped on element 'Object Repository/CommonScreenElements/Camera_DoneButton'&#xD;
&#xD;
2019-07-09 14:46:06 - [MESSAGE][PASSED] - qa.keywords.CommonKeywords.visitPictureImageViewButton is PASSED&#xD;
&#xD;
2019-07-09 14:46:06 - [TEST_STEP][PASSED] - verifyElementText(findTestObject("ShopOpen/RemainingCategories/Validate_ProductCategoryAssetScreen", ["package":PACKAGENAME]), "Facing"): Actual text and expected text of test object 'Object Repository/ShopOpen/RemainingCategories/Validate_ProductCategoryAssetScreen' are matched.&#xD;
&#xD;
2019-07-09 14:46:07 - [MESSAGE][PASSED] - Actual text and expected text of test object 'Object Repository/ShopOpen/RemainingCategories/Validate_ProductCategoryAssetScreen' are matched.&#xD;
&#xD;
2019-07-09 14:46:07 - [TEST_STEP][PASSED] - qa.keywords.CommonKeywords.visitBackImageViewButton(): qa.keywords.CommonKeywords.visitBackImageViewButton is PASSED&#xD;
&#xD;
2019-07-09 14:46:08 - [MESSAGE][PASSED] - qa.keywords.CommonKeywords.visitBackImageViewButton is PASSED&#xD;
&#xD;
2019-07-09 14:46:08 - [TEST_STEP][PASSED] - verifyElementExist(findTestObject("ShopOpen/Validate_ShopCategoriesListScreen", ["package":PACKAGENAME]), 0): Element 'Object Repository/ShopOpen/Validate_ShopCategoriesListScreen' is exist&#xD;
&#xD;
2019-07-09 14:46:08 - [MESSAGE][WARNING] - Timeout '0' is invalid. Using default page load timeout: '6'&#xD;
&#xD;
2019-07-09 14:46:10 - [MESSAGE][PASSED] - Element 'Object Repository/ShopOpen/Validate_ShopCategoriesListScreen' is exist&#xD;
&#xD;
2019-07-09 14:46:10 - [MESSAGE][PASSED] - Call Test Case 'Test Cases/ShopOpen/RemainingCategories/VisitRemainingCategoriesWithDSA' successfully&#xD;
&#xD;
2019-07-09 14:46:10 - [MESSAGE][WARNING] - Timeout '0' is invalid. Using default page load timeout: '6'&#xD;
&#xD;
2019-07-09 14:46:18 - [MESSAGE][WARNING] - Element 'Object Repository/CommonScreenElements/Validate_CameraScreen' not found&#xD;
[[ATTACHMENT|F:\\Git Projects\\MMAPlus\\MMAPlus\\Reports\\MMA Plus Merchandising\\MMA Plus Merchandising With Data Verification\\20190709_143621\\1562665577329.png]]&#xD;
&#xD;
2019-07-09 14:46:18 - [MESSAGE][PASSED] - Actual text and expected text of test object 'Object Repository/ShopOpen/RemainingCategories/Validate_MainCategoryDetailScreen' are matched.&#xD;
&#xD;
2019-07-09 14:46:18 - [TEST_CASE][PASSED] - Test Cases/ShopOpen/RemainingCategories/VisitRemainingCategoriesWithDSA: Test Cases/ShopOpen/RemainingCategories/VisitRemainingCategoriesWithDSA&#xD;
&#xD;
2019-07-09 14:46:18 - [TEST_STEP][PASSED] - verifyElementText(findTestObject("ShopOpen/RemainingCategories/Validate_ProductCategoryAssetScreen", ["package":PACKAGENAME]), "Facing"): Actual text and expected text of test object 'Object Repository/ShopOpen/RemainingCategories/Validate_ProductCategoryAssetScreen' are matched.&#xD;
&#xD;
2019-07-09 14:46:21 - [MESSAGE][PASSED] - Actual text and expected text of test object 'Object Repository/ShopOpen/RemainingCategories/Validate_ProductCategoryAssetScreen' are matched.&#xD;
&#xD;
2019-07-09 14:46:21 - [TEST_STEP][PASSED] - tap(findTestObject("ShopOpen/RemainingCategories/Facing", ["package":PACKAGENAME]), 0): Tapped on element 'Object Repository/ShopOpen/RemainingCategories/Facing'&#xD;
&#xD;
2019-07-09 14:46:21 - [MESSAGE][WARNING] - Timeout '0' is invalid. Using default page load timeout: '6'&#xD;
&#xD;
2019-07-09 14:46:21 - [MESSAGE][PASSED] - Tapped on element 'Object Repository/ShopOpen/RemainingCategories/Facing'&#xD;
&#xD;
2019-07-09 14:46:21 - [TEST_STEP][PASSED] - verifyElementText(findTestObject("ShopOpen/RemainingCategories/Validate_FacingScreen", ["package":PACKAGENAME]), "Facing"): Actual text and expected text of test object 'Object Repository/ShopOpen/RemainingCategories/Validate_FacingScreen' are matched.&#xD;
&#xD;
2019-07-09 14:46:23 - [MESSAGE][PASSED] - Actual text and expected text of test object 'Object Repository/ShopOpen/RemainingCategories/Validate_FacingScreen' are matched.&#xD;
&#xD;
2019-07-09 14:46:23 - [TEST_STEP][PASSED] - qa.keywords.ChannelProductsDataKeywords.visitChannelWiseProductsData(CHANNEL_DSA_FACING, "Facing"): qa.keywords.ChannelProductsDataKeywords.visitChannelWiseProductsData is PASSED&#xD;
&#xD;
2019-07-09 14:46:28 - [MESSAGE][PASSED] - Keyboard is hidden&#xD;
&#xD;
2019-07-09 14:46:31 - [MESSAGE][PASSED] - Keyboard is hidden&#xD;
&#xD;
2019-07-09 14:46:34 - [MESSAGE][PASSED] - Keyboard is hidden&#xD;
&#xD;
2019-07-09 14:46:37 - [MESSAGE][PASSED] - Keyboard is hidden&#xD;
&#xD;
2019-07-09 14:46:40 - [MESSAGE][PASSED] - Keyboard is hidden&#xD;
&#xD;
2019-07-09 14:46:43 - [MESSAGE][PASSED] - Keyboard is hidden&#xD;
&#xD;
2019-07-09 14:46:46 - [MESSAGE][PASSED] - qa.keywords.ChannelProductsDataKeywords.visitChannelWiseProductsData is PASSED&#xD;
&#xD;
2019-07-09 14:46:46 - [TEST_STEP][PASSED] - tap(findTestObject("ShopOpen/RemainingCategories/SubmitButton", ["package":PACKAGENAME]), 0): Tapped on element 'Object Repository/ShopOpen/RemainingCategories/SubmitButton'&#xD;
&#xD;
2019-07-09 14:46:46 - [MESSAGE][WARNING] - Timeout '0' is invalid. Using default page load timeout: '6'&#xD;
&#xD;
2019-07-09 14:46:46 - [MESSAGE][PASSED] - Tapped on element 'Object Repository/ShopOpen/RemainingCategories/SubmitButton'&#xD;
&#xD;
2019-07-09 14:46:46 - [TEST_STEP][PASSED] - verifyElementText(findTestObject("ShopOpen/RemainingCategories/Validate_ProductCategoryAssetScreen", ["package":PACKAGENAME]), "Facing"): Actual text and expected text of test object 'Object Repository/ShopOpen/RemainingCategories/Validate_ProductCategoryAssetScreen' are matched.&#xD;
&#xD;
2019-07-09 14:46:47 - [MESSAGE][PASSED] - Actual text and expected text of test object 'Object Repository/ShopOpen/RemainingCategories/Validate_ProductCategoryAssetScreen' are matched.&#xD;
&#xD;
2019-07-09 14:46:47 - [TEST_STEP][PASSED] - tap(findTestObject("ShopOpen/RemainingCategories/StockTaking", ["package":PACKAGENAME]), 0): Tapped on element 'Object Repository/ShopOpen/RemainingCategories/StockTaking'&#xD;
&#xD;
2019-07-09 14:46:47 - [MESSAGE][WARNING] - Timeout '0' is invalid. Using default page load timeout: '6'&#xD;
&#xD;
2019-07-09 14:46:47 - [MESSAGE][PASSED] - Tapped on element 'Object Repository/ShopOpen/RemainingCategories/StockTaking'&#xD;
&#xD;
2019-07-09 14:46:47 - [TEST_STEP][PASSED] - verifyElementText(findTestObject("ShopOpen/RemainingCategories/Validate_StockTakingScreen", ["package":PACKAGENAME]), "Stock Taking"): Actual text and expected text of test object 'Object Repository/ShopOpen/RemainingCategories/Validate_StockTakingScreen' are matched.&#xD;
&#xD;
2019-07-09 14:46:49 - [MESSAGE][PASSED] - Actual text and expected text of test object 'Object Repository/ShopOpen/RemainingCategories/Validate_StockTakingScreen' are matched.&#xD;
&#xD;
2019-07-09 14:46:49 - [TEST_STEP][PASSED] - qa.keywords.ChannelProductsDataKeywords.visitChannelWiseProductsData(CHANNEL_DSA_STOCKTAKING, "Stock Taking"): qa.keywords.ChannelProductsDataKeywords.visitChannelWiseProductsData is PASSED&#xD;
&#xD;
2019-07-09 14:46:54 - [MESSAGE][PASSED] - Keyboard is hidden&#xD;
&#xD;
2019-07-09 14:46:57 - [MESSAGE][PASSED] - Keyboard is hidden&#xD;
&#xD;
2019-07-09 14:47:00 - [MESSAGE][PASSED] - Keyboard is hidden&#xD;
&#xD;
2019-07-09 14:47:03 - [MESSAGE][PASSED] - Keyboard is hidden&#xD;
&#xD;
2019-07-09 14:47:06 - [MESSAGE][PASSED] - Keyboard is hidden&#xD;
&#xD;
2019-07-09 14:47:09 - [MESSAGE][PASSED] - Keyboard is hidden&#xD;
&#xD;
2019-07-09 14:47:12 - [MESSAGE][PASSED] - qa.keywords.ChannelProductsDataKeywords.visitChannelWiseProductsData is PASSED&#xD;
&#xD;
2019-07-09 14:47:12 - [TEST_STEP][PASSED] - tap(findTestObject("ShopOpen/RemainingCategories/SubmitButton", ["package":PACKAGENAME]), 0): Tapped on element 'Object Repository/ShopOpen/RemainingCategories/SubmitButton'&#xD;
&#xD;
2019-07-09 14:47:12 - [MESSAGE][WARNING] - Timeout '0' is invalid. Using default page load timeout: '6'&#xD;
&#xD;
2019-07-09 14:47:12 - [MESSAGE][PASSED] - Tapped on element 'Object Repository/ShopOpen/RemainingCategories/SubmitButton'&#xD;
&#xD;
2019-07-09 14:47:12 - [TEST_STEP][PASSED] - verifyElementText(findTestObject("ShopOpen/RemainingCategories/Validate_ProductCategoryAssetScreen", ["package":PACKAGENAME]), "Facing"): Actual text and expected text of test object 'Object Repository/ShopOpen/RemainingCategories/Validate_ProductCategoryAssetScreen' are matched.&#xD;
&#xD;
2019-07-09 14:47:13 - [MESSAGE][PASSED] - Actual text and expected text of test object 'Object Repository/ShopOpen/RemainingCategories/Validate_ProductCategoryAssetScreen' are matched.&#xD;
&#xD;
2019-07-09 14:47:13 - [TEST_STEP][PASSED] - qa.keywords.CommonKeywords.visitPlanogramImageViewButton(): qa.keywords.CommonKeywords.visitPlanogramImageViewButton is PASSED&#xD;
&#xD;
2019-07-09 14:47:14 - [MESSAGE][WARNING] - Timeout '0' is invalid. Using default page load timeout: '6'&#xD;
&#xD;
2019-07-09 14:47:21 - [MESSAGE][WARNING] - Object Object Repository/CommonScreenElements/InfoPopUp_OKButton not found&#xD;
[[ATTACHMENT|F:\\Git Projects\\MMAPlus\\MMAPlus\\Reports\\MMA Plus Merchandising\\MMA Plus Merchandising With Data Verification\\20190709_143621\\1562665640827.png]]&#xD;
&#xD;
2019-07-09 14:47:22 - [MESSAGE][PASSED] - qa.keywords.CommonKeywords.visitPlanogramImageViewButton is PASSED&#xD;
&#xD;
2019-07-09 14:47:22 - [TEST_STEP][PASSED] - verifyElementText(findTestObject("ShopOpen/RemainingCategories/Validate_ProductCategoryAssetScreen", ["package":PACKAGENAME]), "Facing"): Actual text and expected text of test object 'Object Repository/ShopOpen/RemainingCategories/Validate_ProductCategoryAssetScreen' are matched.&#xD;
&#xD;
2019-07-09 14:47:23 - [MESSAGE][PASSED] - Actual text and expected text of test object 'Object Repository/ShopOpen/RemainingCategories/Validate_ProductCategoryAssetScreen' are matched.&#xD;
&#xD;
2019-07-09 14:47:23 - [TEST_STEP][PASSED] - qa.keywords.CommonKeywords.visitPictureImageViewButton(): qa.keywords.CommonKeywords.visitPictureImageViewButton is PASSED&#xD;
&#xD;
2019-07-09 14:47:25 - [MESSAGE][WARNING] - Timeout '0' is invalid. Using default page load timeout: '6'&#xD;
&#xD;
2019-07-09 14:47:26 - [MESSAGE][PASSED] - Element 'Object Repository/CommonScreenElements/Validate_CameraScreen' is exist&#xD;
&#xD;
2019-07-09 14:47:26 - [MESSAGE][WARNING] - Timeout '0' is invalid. Using default page load timeout: '6'&#xD;
&#xD;
2019-07-09 14:47:30 - [MESSAGE][PASSED] - Tapped on element 'Object Repository/CommonScreenElements/Camera_TakePictureButton'&#xD;
&#xD;
2019-07-09 14:47:35 - [MESSAGE][PASSED] - Delayed 5 second(s)&#xD;
&#xD;
2019-07-09 14:47:35 - [MESSAGE][WARNING] - Timeout '0' is invalid. Using default page load timeout: '6'&#xD;
&#xD;
2019-07-09 14:47:35 - [MESSAGE][PASSED] - Tapped on element 'Object Repository/CommonScreenElements/Camera_DoneButton'&#xD;
&#xD;
2019-07-09 14:47:35 - [MESSAGE][PASSED] - qa.keywords.CommonKeywords.visitPictureImageViewButton is PASSED&#xD;
&#xD;
2019-07-09 14:47:35 - [TEST_STEP][PASSED] - verifyElementText(findTestObject("ShopOpen/RemainingCategories/Validate_ProductCategoryAssetScreen", ["package":PACKAGENAME]), "Facing"): Actual text and expected text of test object 'Object Repository/ShopOpen/RemainingCategories/Validate_ProductCategoryAssetScreen' are matched.&#xD;
&#xD;
2019-07-09 14:47:36 - [MESSAGE][PASSED] - Actual text and expected text of test object 'Object Repository/ShopOpen/RemainingCategories/Validate_ProductCategoryAssetScreen' are matched.&#xD;
&#xD;
2019-07-09 14:47:36 - [TEST_STEP][PASSED] - qa.keywords.CommonKeywords.visitBackImageViewButton(): qa.keywords.CommonKeywords.visitBackImageViewButton is PASSED&#xD;
&#xD;
2019-07-09 14:47:37 - [MESSAGE][PASSED] - qa.keywords.CommonKeywords.visitBackImageViewButton is PASSED&#xD;
&#xD;
2019-07-09 14:47:37 - [TEST_STEP][PASSED] - verifyElementExist(findTestObject("ShopOpen/Validate_ShopCategoriesListScreen", ["package":PACKAGENAME]), 0): Element 'Object Repository/ShopOpen/Validate_ShopCategoriesListScreen' is exist&#xD;
&#xD;
2019-07-09 14:47:37 - [MESSAGE][WARNING] - Timeout '0' is invalid. Using default page load timeout: '6'&#xD;
&#xD;
2019-07-09 14:47:39 - [MESSAGE][PASSED] - Element 'Object Repository/ShopOpen/Validate_ShopCategoriesListScreen' is exist&#xD;
&#xD;
2019-07-09 14:47:39 - [MESSAGE][PASSED] - Call Test Case 'Test Cases/ShopOpen/RemainingCategories/VisitRemainingCategoriesWithDSA' successfully&#xD;
&#xD;
2019-07-09 14:47:39 - [MESSAGE][WARNING] - Timeout '0' is invalid. Using default page load timeout: '6'&#xD;
&#xD;
2019-07-09 14:47:47 - [MESSAGE][WARNING] - Element 'Object Repository/CommonScreenElements/Validate_CameraScreen' not found&#xD;
[[ATTACHMENT|F:\\Git Projects\\MMAPlus\\MMAPlus\\Reports\\MMA Plus Merchandising\\MMA Plus Merchandising With Data Verification\\20190709_143621\\1562665666250.png]]&#xD;
&#xD;
2019-07-09 14:47:47 - [MESSAGE][PASSED] - Actual text and expected text of test object 'Object Repository/ShopOpen/RemainingCategories/Validate_MainCategoryDetailScreen' are matched.&#xD;
&#xD;
2019-07-09 14:47:47 - [TEST_CASE][PASSED] - Test Cases/ShopOpen/RemainingCategories/VisitRemainingCategoriesWithDSA: Test Cases/ShopOpen/RemainingCategories/VisitRemainingCategoriesWithDSA&#xD;
&#xD;
2019-07-09 14:47:47 - [TEST_STEP][PASSED] - verifyElementText(findTestObject("ShopOpen/RemainingCategories/Validate_ProductCategoryAssetScreen", ["package":PACKAGENAME]), "Facing"): Actual text and expected text of test object 'Object Repository/ShopOpen/RemainingCategories/Validate_ProductCategoryAssetScreen' are matched.&#xD;
&#xD;
2019-07-09 14:47:50 - [MESSAGE][PASSED] - Actual text and expected text of test object 'Object Repository/ShopOpen/RemainingCategories/Validate_ProductCategoryAssetScreen' are matched.&#xD;
&#xD;
2019-07-09 14:47:50 - [TEST_STEP][PASSED] - tap(findTestObject("ShopOpen/RemainingCategories/Facing", ["package":PACKAGENAME]), 0): Tapped on element 'Object Repository/ShopOpen/RemainingCategories/Facing'&#xD;
&#xD;
2019-07-09 14:47:50 - [MESSAGE][WARNING] - Timeout '0' is invalid. Using default page load timeout: '6'&#xD;
&#xD;
2019-07-09 14:47:50 - [MESSAGE][PASSED] - Tapped on element 'Object Repository/ShopOpen/RemainingCategories/Facing'&#xD;
&#xD;
2019-07-09 14:47:50 - [TEST_STEP][PASSED] - verifyElementText(findTestObject("ShopOpen/RemainingCategories/Validate_FacingScreen", ["package":PACKAGENAME]), "Facing"): Actual text and expected text of test object 'Object Repository/ShopOpen/RemainingCategories/Validate_FacingScreen' are matched.&#xD;
&#xD;
2019-07-09 14:47:52 - [MESSAGE][PASSED] - Actual text and expected text of test object 'Object Repository/ShopOpen/RemainingCategories/Validate_FacingScreen' are matched.&#xD;
&#xD;
2019-07-09 14:47:52 - [TEST_STEP][PASSED] - qa.keywords.ChannelProductsDataKeywords.visitChannelWiseProductsData(CHANNEL_DSA_FACING, "Facing"): qa.keywords.ChannelProductsDataKeywords.visitChannelWiseProductsData is PASSED&#xD;
&#xD;
2019-07-09 14:47:56 - [MESSAGE][PASSED] - Keyboard is hidden&#xD;
&#xD;
2019-07-09 14:47:59 - [MESSAGE][PASSED] - Keyboard is hidden&#xD;
&#xD;
2019-07-09 14:48:02 - [MESSAGE][PASSED] - Keyboard is hidden&#xD;
&#xD;
2019-07-09 14:48:04 - [MESSAGE][PASSED] - qa.keywords.ChannelProductsDataKeywords.visitChannelWiseProductsData is PASSED&#xD;
&#xD;
2019-07-09 14:48:04 - [TEST_STEP][PASSED] - tap(findTestObject("ShopOpen/RemainingCategories/SubmitButton", ["package":PACKAGENAME]), 0): Tapped on element 'Object Repository/ShopOpen/RemainingCategories/SubmitButton'&#xD;
&#xD;
2019-07-09 14:48:04 - [MESSAGE][WARNING] - Timeout '0' is invalid. Using default page load timeout: '6'&#xD;
&#xD;
2019-07-09 14:48:05 - [MESSAGE][PASSED] - Tapped on element 'Object Repository/ShopOpen/RemainingCategories/SubmitButton'&#xD;
&#xD;
2019-07-09 14:48:05 - [TEST_STEP][PASSED] - verifyElementText(findTestObject("ShopOpen/RemainingCategories/Validate_ProductCategoryAssetScreen", ["package":PACKAGENAME]), "Facing"): Actual text and expected text of test object 'Object Repository/ShopOpen/RemainingCategories/Validate_ProductCategoryAssetScreen' are matched.&#xD;
&#xD;
2019-07-09 14:48:06 - [MESSAGE][PASSED] - Actual text and expected text of test object 'Object Repository/ShopOpen/RemainingCategories/Validate_ProductCategoryAssetScreen' are matched.&#xD;
&#xD;
2019-07-09 14:48:06 - [TEST_STEP][PASSED] - tap(findTestObject("ShopOpen/RemainingCategories/StockTaking", ["package":PACKAGENAME]), 0): Tapped on element 'Object Repository/ShopOpen/RemainingCategories/StockTaking'&#xD;
&#xD;
2019-07-09 14:48:06 - [MESSAGE][WARNING] - Timeout '0' is invalid. Using default page load timeout: '6'&#xD;
&#xD;
2019-07-09 14:48:06 - [MESSAGE][PASSED] - Tapped on element 'Object Repository/ShopOpen/RemainingCategories/StockTaking'&#xD;
&#xD;
2019-07-09 14:48:06 - [TEST_STEP][PASSED] - verifyElementText(findTestObject("ShopOpen/RemainingCategories/Validate_StockTakingScreen", ["package":PACKAGENAME]), "Stock Taking"): Actual text and expected text of test object 'Object Repository/ShopOpen/RemainingCategories/Validate_StockTakingScreen' are matched.&#xD;
&#xD;
2019-07-09 14:48:08 - [MESSAGE][PASSED] - Actual text and expected text of test object 'Object Repository/ShopOpen/RemainingCategories/Validate_StockTakingScreen' are matched.&#xD;
&#xD;
2019-07-09 14:48:08 - [TEST_STEP][PASSED] - qa.keywords.ChannelProductsDataKeywords.visitChannelWiseProductsData(CHANNEL_DSA_STOCKTAKING, "Stock Taking"): qa.keywords.ChannelProductsDataKeywords.visitChannelWiseProductsData is PASSED&#xD;
&#xD;
2019-07-09 14:48:12 - [MESSAGE][PASSED] - Keyboard is hidden&#xD;
&#xD;
2019-07-09 14:48:15 - [MESSAGE][PASSED] - Keyboard is hidden&#xD;
&#xD;
2019-07-09 14:48:18 - [MESSAGE][PASSED] - Keyboard is hidden&#xD;
&#xD;
2019-07-09 14:48:20 - [MESSAGE][PASSED] - qa.keywords.ChannelProductsDataKeywords.visitChannelWiseProductsData is PASSED&#xD;
&#xD;
2019-07-09 14:48:20 - [TEST_STEP][PASSED] - tap(findTestObject("ShopOpen/RemainingCategories/SubmitButton", ["package":PACKAGENAME]), 0): Tapped on element 'Object Repository/ShopOpen/RemainingCategories/SubmitButton'&#xD;
&#xD;
2019-07-09 14:48:20 - [MESSAGE][WARNING] - Timeout '0' is invalid. Using default page load timeout: '6'&#xD;
&#xD;
2019-07-09 14:48:21 - [MESSAGE][PASSED] - Tapped on element 'Object Repository/ShopOpen/RemainingCategories/SubmitButton'&#xD;
&#xD;
2019-07-09 14:48:21 - [TEST_STEP][PASSED] - verifyElementText(findTestObject("ShopOpen/RemainingCategories/Validate_ProductCategoryAssetScreen", ["package":PACKAGENAME]), "Facing"): Actual text and expected text of test object 'Object Repository/ShopOpen/RemainingCategories/Validate_ProductCategoryAssetScreen' are matched.&#xD;
&#xD;
2019-07-09 14:48:22 - [MESSAGE][PASSED] - Actual text and expected text of test object 'Object Repository/ShopOpen/RemainingCategories/Validate_ProductCategoryAssetScreen' are matched.&#xD;
&#xD;
2019-07-09 14:48:22 - [TEST_STEP][PASSED] - qa.keywords.CommonKeywords.visitPlanogramImageViewButton(): qa.keywords.CommonKeywords.visitPlanogramImageViewButton is PASSED&#xD;
&#xD;
2019-07-09 14:48:24 - [MESSAGE][WARNING] - Timeout '0' is invalid. Using default page load timeout: '6'&#xD;
&#xD;
2019-07-09 14:48:31 - [MESSAGE][WARNING] - Object Object Repository/CommonScreenElements/InfoPopUp_OKButton not found&#xD;
[[ATTACHMENT|F:\\Git Projects\\MMAPlus\\MMAPlus\\Reports\\MMA Plus Merchandising\\MMA Plus Merchandising With Data Verification\\20190709_143621\\1562665710737.png]]&#xD;
&#xD;
2019-07-09 14:48:32 - [MESSAGE][PASSED] - qa.keywords.CommonKeywords.visitPlanogramImageViewButton is PASSED&#xD;
&#xD;
2019-07-09 14:48:32 - [TEST_STEP][PASSED] - verifyElementText(findTestObject("ShopOpen/RemainingCategories/Validate_ProductCategoryAssetScreen", ["package":PACKAGENAME]), "Facing"): Actual text and expected text of test object 'Object Repository/ShopOpen/RemainingCategories/Validate_ProductCategoryAssetScreen' are matched.&#xD;
&#xD;
2019-07-09 14:48:33 - [MESSAGE][PASSED] - Actual text and expected text of test object 'Object Repository/ShopOpen/RemainingCategories/Validate_ProductCategoryAssetScreen' are matched.&#xD;
&#xD;
2019-07-09 14:48:33 - [TEST_STEP][PASSED] - qa.keywords.CommonKeywords.visitPictureImageViewButton(): qa.keywords.CommonKeywords.visitPictureImageViewButton is PASSED&#xD;
&#xD;
2019-07-09 14:48:36 - [MESSAGE][WARNING] - Timeout '0' is invalid. Using default page load timeout: '6'&#xD;
&#xD;
2019-07-09 14:48:37 - [MESSAGE][PASSED] - Element 'Object Repository/CommonScreenElements/Validate_CameraScreen' is exist&#xD;
&#xD;
2019-07-09 14:48:37 - [MESSAGE][WARNING] - Timeout '0' is invalid. Using default page load timeout: '6'&#xD;
&#xD;
2019-07-09 14:48:40 - [MESSAGE][PASSED] - Tapped on element 'Object Repository/CommonScreenElements/Camera_TakePictureButton'&#xD;
&#xD;
2019-07-09 14:48:45 - [MESSAGE][PASSED] - Delayed 5 second(s)&#xD;
&#xD;
2019-07-09 14:48:45 - [MESSAGE][WARNING] - Timeout '0' is invalid. Using default page load timeout: '6'&#xD;
&#xD;
2019-07-09 14:48:46 - [MESSAGE][PASSED] - Tapped on element 'Object Repository/CommonScreenElements/Camera_DoneButton'&#xD;
&#xD;
2019-07-09 14:48:46 - [MESSAGE][PASSED] - qa.keywords.CommonKeywords.visitPictureImageViewButton is PASSED&#xD;
&#xD;
2019-07-09 14:48:46 - [TEST_STEP][PASSED] - verifyElementText(findTestObject("ShopOpen/RemainingCategories/Validate_ProductCategoryAssetScreen", ["package":PACKAGENAME]), "Facing"): Actual text and expected text of test object 'Object Repository/ShopOpen/RemainingCategories/Validate_ProductCategoryAssetScreen' are matched.&#xD;
&#xD;
2019-07-09 14:48:47 - [MESSAGE][PASSED] - Actual text and expected text of test object 'Object Repository/ShopOpen/RemainingCategories/Validate_ProductCategoryAssetScreen' are matched.&#xD;
&#xD;
2019-07-09 14:48:47 - [TEST_STEP][PASSED] - qa.keywords.CommonKeywords.visitBackImageViewButton(): qa.keywords.CommonKeywords.visitBackImageViewButton is PASSED&#xD;
&#xD;
2019-07-09 14:48:48 - [MESSAGE][PASSED] - qa.keywords.CommonKeywords.visitBackImageViewButton is PASSED&#xD;
&#xD;
2019-07-09 14:48:48 - [TEST_STEP][PASSED] - verifyElementExist(findTestObject("ShopOpen/Validate_ShopCategoriesListScreen", ["package":PACKAGENAME]), 0): Element 'Object Repository/ShopOpen/Validate_ShopCategoriesListScreen' is exist&#xD;
&#xD;
2019-07-09 14:48:48 - [MESSAGE][WARNING] - Timeout '0' is invalid. Using default page load timeout: '6'&#xD;
&#xD;
2019-07-09 14:48:50 - [MESSAGE][PASSED] - Element 'Object Repository/ShopOpen/Validate_ShopCategoriesListScreen' is exist&#xD;
&#xD;
2019-07-09 14:48:50 - [MESSAGE][PASSED] - Call Test Case 'Test Cases/ShopOpen/RemainingCategories/VisitRemainingCategoriesWithDSA' successfully&#xD;
&#xD;
2019-07-09 14:48:50 - [MESSAGE][WARNING] - Timeout '0' is invalid. Using default page load timeout: '6'&#xD;
&#xD;
2019-07-09 14:48:58 - [MESSAGE][WARNING] - Element 'Object Repository/CommonScreenElements/Validate_CameraScreen' not found&#xD;
[[ATTACHMENT|F:\\Git Projects\\MMAPlus\\MMAPlus\\Reports\\MMA Plus Merchandising\\MMA Plus Merchandising With Data Verification\\20190709_143621\\1562665737236.png]]&#xD;
&#xD;
2019-07-09 14:48:58 - [MESSAGE][PASSED] - Actual text and expected text of test object 'Object Repository/ShopOpen/RemainingCategories/Validate_MainCategoryDetailScreen' are matched.&#xD;
&#xD;
2019-07-09 14:48:59 - [TEST_CASE][PASSED] - Test Cases/ShopOpen/RemainingCategories/VisitRemainingCategoriesWithDSA: Test Cases/ShopOpen/RemainingCategories/VisitRemainingCategoriesWithDSA&#xD;
&#xD;
2019-07-09 14:48:59 - [TEST_STEP][PASSED] - verifyElementText(findTestObject("ShopOpen/RemainingCategories/Validate_ProductCategoryAssetScreen", ["package":PACKAGENAME]), "Facing"): Actual text and expected text of test object 'Object Repository/ShopOpen/RemainingCategories/Validate_ProductCategoryAssetScreen' are matched.&#xD;
&#xD;
2019-07-09 14:49:01 - [MESSAGE][PASSED] - Actual text and expected text of test object 'Object Repository/ShopOpen/RemainingCategories/Validate_ProductCategoryAssetScreen' are matched.&#xD;
&#xD;
2019-07-09 14:49:01 - [TEST_STEP][PASSED] - tap(findTestObject("ShopOpen/RemainingCategories/Facing", ["package":PACKAGENAME]), 0): Tapped on element 'Object Repository/ShopOpen/RemainingCategories/Facing'&#xD;
&#xD;
2019-07-09 14:49:01 - [MESSAGE][WARNING] - Timeout '0' is invalid. Using default page load timeout: '6'&#xD;
&#xD;
2019-07-09 14:49:01 - [MESSAGE][PASSED] - Tapped on element 'Object Repository/ShopOpen/RemainingCategories/Facing'&#xD;
&#xD;
2019-07-09 14:49:01 - [TEST_STEP][PASSED] - verifyElementText(findTestObject("ShopOpen/RemainingCategories/Validate_FacingScreen", ["package":PACKAGENAME]), "Facing"): Actual text and expected text of test object 'Object Repository/ShopOpen/RemainingCategories/Validate_FacingScreen' are matched.&#xD;
&#xD;
2019-07-09 14:49:03 - [MESSAGE][PASSED] - Actual text and expected text of test object 'Object Repository/ShopOpen/RemainingCategories/Validate_FacingScreen' are matched.&#xD;
&#xD;
2019-07-09 14:49:03 - [TEST_STEP][PASSED] - qa.keywords.ChannelProductsDataKeywords.visitChannelWiseProductsData(CHANNEL_DSA_FACING, "Facing"): qa.keywords.ChannelProductsDataKeywords.visitChannelWiseProductsData is PASSED&#xD;
&#xD;
2019-07-09 14:49:08 - [MESSAGE][PASSED] - Keyboard is hidden&#xD;
&#xD;
2019-07-09 14:49:11 - [MESSAGE][PASSED] - Keyboard is hidden&#xD;
&#xD;
2019-07-09 14:49:14 - [MESSAGE][PASSED] - Keyboard is hidden&#xD;
&#xD;
2019-07-09 14:49:17 - [MESSAGE][PASSED] - Keyboard is hidden&#xD;
&#xD;
2019-07-09 14:49:20 - [MESSAGE][PASSED] - Keyboard is hidden&#xD;
&#xD;
2019-07-09 14:49:23 - [MESSAGE][PASSED] - Keyboard is hidden&#xD;
&#xD;
2019-07-09 14:49:29 - [MESSAGE][PASSED] - Keyboard is hidden&#xD;
&#xD;
2019-07-09 14:49:32 - [MESSAGE][PASSED] - qa.keywords.ChannelProductsDataKeywords.visitChannelWiseProductsData is PASSED&#xD;
&#xD;
2019-07-09 14:49:32 - [TEST_STEP][PASSED] - tap(findTestObject("ShopOpen/RemainingCategories/SubmitButton", ["package":PACKAGENAME]), 0): Tapped on element 'Object Repository/ShopOpen/RemainingCategories/SubmitButton'&#xD;
&#xD;
2019-07-09 14:49:32 - [MESSAGE][WARNING] - Timeout '0' is invalid. Using default page load timeout: '6'&#xD;
&#xD;
2019-07-09 14:49:32 - [MESSAGE][PASSED] - Tapped on element 'Object Repository/ShopOpen/RemainingCategories/SubmitButton'&#xD;
&#xD;
2019-07-09 14:49:32 - [TEST_STEP][PASSED] - verifyElementText(findTestObject("ShopOpen/RemainingCategories/Validate_ProductCategoryAssetScreen", ["package":PACKAGENAME]), "Facing"): Actual text and expected text of test object 'Object Repository/ShopOpen/RemainingCategories/Validate_ProductCategoryAssetScreen' are matched.&#xD;
&#xD;
2019-07-09 14:49:33 - [MESSAGE][PASSED] - Actual text and expected text of test object 'Object Repository/ShopOpen/RemainingCategories/Validate_ProductCategoryAssetScreen' are matched.&#xD;
&#xD;
2019-07-09 14:49:33 - [TEST_STEP][PASSED] - tap(findTestObject("ShopOpen/RemainingCategories/StockTaking", ["package":PACKAGENAME]), 0): Tapped on element 'Object Repository/ShopOpen/RemainingCategories/StockTaking'&#xD;
&#xD;
2019-07-09 14:49:33 - [MESSAGE][WARNING] - Timeout '0' is invalid. Using default page load timeout: '6'&#xD;
&#xD;
2019-07-09 14:49:34 - [MESSAGE][PASSED] - Tapped on element 'Object Repository/ShopOpen/RemainingCategories/StockTaking'&#xD;
&#xD;
2019-07-09 14:49:34 - [TEST_STEP][PASSED] - verifyElementText(findTestObject("ShopOpen/RemainingCategories/Validate_StockTakingScreen", ["package":PACKAGENAME]), "Stock Taking"): Actual text and expected text of test object 'Object Repository/ShopOpen/RemainingCategories/Validate_StockTakingScreen' are matched.&#xD;
&#xD;
2019-07-09 14:49:36 - [MESSAGE][PASSED] - Actual text and expected text of test object 'Object Repository/ShopOpen/RemainingCategories/Validate_StockTakingScreen' are matched.&#xD;
&#xD;
2019-07-09 14:49:36 - [TEST_STEP][PASSED] - qa.keywords.ChannelProductsDataKeywords.visitChannelWiseProductsData(CHANNEL_DSA_STOCKTAKING, "Stock Taking"): qa.keywords.ChannelProductsDataKeywords.visitChannelWiseProductsData is PASSED&#xD;
&#xD;
2019-07-09 14:49:41 - [MESSAGE][PASSED] - Keyboard is hidden&#xD;
&#xD;
2019-07-09 14:49:44 - [MESSAGE][PASSED] - Keyboard is hidden&#xD;
&#xD;
2019-07-09 14:49:47 - [MESSAGE][PASSED] - Keyboard is hidden&#xD;
&#xD;
2019-07-09 14:49:50 - [MESSAGE][PASSED] - Keyboard is hidden&#xD;
&#xD;
2019-07-09 14:49:53 - [MESSAGE][PASSED] - Keyboard is hidden&#xD;
&#xD;
2019-07-09 14:49:56 - [MESSAGE][PASSED] - Keyboard is hidden&#xD;
&#xD;
2019-07-09 14:50:02 - [MESSAGE][PASSED] - Keyboard is hidden&#xD;
&#xD;
2019-07-09 14:50:05 - [MESSAGE][PASSED] - qa.keywords.ChannelProductsDataKeywords.visitChannelWiseProductsData is PASSED&#xD;
&#xD;
2019-07-09 14:50:05 - [TEST_STEP][PASSED] - tap(findTestObject("ShopOpen/RemainingCategories/SubmitButton", ["package":PACKAGENAME]), 0): Tapped on element 'Object Repository/ShopOpen/RemainingCategories/SubmitButton'&#xD;
&#xD;
2019-07-09 14:50:05 - [MESSAGE][WARNING] - Timeout '0' is invalid. Using default page load timeout: '6'&#xD;
&#xD;
2019-07-09 14:50:06 - [MESSAGE][PASSED] - Tapped on element 'Object Repository/ShopOpen/RemainingCategories/SubmitButton'&#xD;
&#xD;
2019-07-09 14:50:06 - [TEST_STEP][PASSED] - verifyElementText(findTestObject("ShopOpen/RemainingCategories/Validate_ProductCategoryAssetScreen", ["package":PACKAGENAME]), "Facing"): Actual text and expected text of test object 'Object Repository/ShopOpen/RemainingCategories/Validate_ProductCategoryAssetScreen' are matched.&#xD;
&#xD;
2019-07-09 14:50:07 - [MESSAGE][PASSED] - Actual text and expected text of test object 'Object Repository/ShopOpen/RemainingCategories/Validate_ProductCategoryAssetScreen' are matched.&#xD;
&#xD;
2019-07-09 14:50:07 - [TEST_STEP][PASSED] - qa.keywords.CommonKeywords.visitPlanogramImageViewButton(): qa.keywords.CommonKeywords.visitPlanogramImageViewButton is PASSED&#xD;
&#xD;
2019-07-09 14:50:09 - [MESSAGE][WARNING] - Timeout '0' is invalid. Using default page load timeout: '6'&#xD;
&#xD;
2019-07-09 14:50:16 - [MESSAGE][WARNING] - Object Object Repository/CommonScreenElements/InfoPopUp_OKButton not found&#xD;
[[ATTACHMENT|F:\\Git Projects\\MMAPlus\\MMAPlus\\Reports\\MMA Plus Merchandising\\MMA Plus Merchandising With Data Verification\\20190709_143621\\1562665815667.png]]&#xD;
&#xD;
2019-07-09 14:50:17 - [MESSAGE][PASSED] - qa.keywords.CommonKeywords.visitPlanogramImageViewButton is PASSED&#xD;
&#xD;
2019-07-09 14:50:17 - [TEST_STEP][PASSED] - verifyElementText(findTestObject("ShopOpen/RemainingCategories/Validate_ProductCategoryAssetScreen", ["package":PACKAGENAME]), "Facing"): Actual text and expected text of test object 'Object Repository/ShopOpen/RemainingCategories/Validate_ProductCategoryAssetScreen' are matched.&#xD;
&#xD;
2019-07-09 14:50:18 - [MESSAGE][PASSED] - Actual text and expected text of test object 'Object Repository/ShopOpen/RemainingCategories/Validate_ProductCategoryAssetScreen' are matched.&#xD;
&#xD;
2019-07-09 14:50:18 - [TEST_STEP][PASSED] - qa.keywords.CommonKeywords.visitPictureImageViewButton(): qa.keywords.CommonKeywords.visitPictureImageViewButton is PASSED&#xD;
&#xD;
2019-07-09 14:50:20 - [MESSAGE][WARNING] - Timeout '0' is invalid. Using default page load timeout: '6'&#xD;
&#xD;
2019-07-09 14:50:21 - [MESSAGE][PASSED] - Element 'Object Repository/CommonScreenElements/Validate_CameraScreen' is exist&#xD;
&#xD;
2019-07-09 14:50:21 - [MESSAGE][WARNING] - Timeout '0' is invalid. Using default page load timeout: '6'&#xD;
&#xD;
2019-07-09 14:50:24 - [MESSAGE][PASSED] - Tapped on element 'Object Repository/CommonScreenElements/Camera_TakePictureButton'&#xD;
&#xD;
2019-07-09 14:50:29 - [MESSAGE][PASSED] - Delayed 5 second(s)&#xD;
&#xD;
2019-07-09 14:50:29 - [MESSAGE][WARNING] - Timeout '0' is invalid. Using default page load timeout: '6'&#xD;
&#xD;
2019-07-09 14:50:30 - [MESSAGE][PASSED] - Tapped on element 'Object Repository/CommonScreenElements/Camera_DoneButton'&#xD;
&#xD;
2019-07-09 14:50:30 - [MESSAGE][PASSED] - qa.keywords.CommonKeywords.visitPictureImageViewButton is PASSED&#xD;
&#xD;
2019-07-09 14:50:30 - [TEST_STEP][PASSED] - verifyElementText(findTestObject("ShopOpen/RemainingCategories/Validate_ProductCategoryAssetScreen", ["package":PACKAGENAME]), "Facing"): Actual text and expected text of test object 'Object Repository/ShopOpen/RemainingCategories/Validate_ProductCategoryAssetScreen' are matched.&#xD;
&#xD;
2019-07-09 14:50:31 - [MESSAGE][PASSED] - Actual text and expected text of test object 'Object Repository/ShopOpen/RemainingCategories/Validate_ProductCategoryAssetScreen' are matched.&#xD;
&#xD;
2019-07-09 14:50:31 - [TEST_STEP][PASSED] - qa.keywords.CommonKeywords.visitBackImageViewButton(): qa.keywords.CommonKeywords.visitBackImageViewButton is PASSED&#xD;
&#xD;
2019-07-09 14:50:32 - [MESSAGE][PASSED] - qa.keywords.CommonKeywords.visitBackImageViewButton is PASSED&#xD;
&#xD;
2019-07-09 14:50:32 - [TEST_STEP][PASSED] - verifyElementExist(findTestObject("ShopOpen/Validate_ShopCategoriesListScreen", ["package":PACKAGENAME]), 0): Element 'Object Repository/ShopOpen/Validate_ShopCategoriesListScreen' is exist&#xD;
&#xD;
2019-07-09 14:50:32 - [MESSAGE][WARNING] - Timeout '0' is invalid. Using default page load timeout: '6'&#xD;
&#xD;
2019-07-09 14:50:34 - [MESSAGE][PASSED] - Element 'Object Repository/ShopOpen/Validate_ShopCategoriesListScreen' is exist&#xD;
&#xD;
2019-07-09 14:50:34 - [MESSAGE][PASSED] - Call Test Case 'Test Cases/ShopOpen/RemainingCategories/VisitRemainingCategoriesWithDSA' successfully&#xD;
&#xD;
2019-07-09 14:50:34 - [MESSAGE][WARNING] - Timeout '0' is invalid. Using default page load timeout: '6'&#xD;
&#xD;
2019-07-09 14:50:42 - [MESSAGE][WARNING] - Element 'Object Repository/CommonScreenElements/Validate_CameraScreen' not found&#xD;
[[ATTACHMENT|F:\\Git Projects\\MMAPlus\\MMAPlus\\Reports\\MMA Plus Merchandising\\MMA Plus Merchandising With Data Verification\\20190709_143621\\1562665841235.png]]&#xD;
&#xD;
2019-07-09 14:50:42 - [MESSAGE][PASSED] - Actual text and expected text of test object 'Object Repository/ShopOpen/RemainingCategories/Validate_MainCategoryDetailScreen' are matched.&#xD;
&#xD;
2019-07-09 14:50:42 - [TEST_CASE][PASSED] - Test Cases/ShopOpen/RemainingCategories/VisitRemainingCategoriesWithDSA: Test Cases/ShopOpen/RemainingCategories/VisitRemainingCategoriesWithDSA&#xD;
&#xD;
2019-07-09 14:50:42 - [TEST_STEP][PASSED] - verifyElementText(findTestObject("ShopOpen/RemainingCategories/Validate_ProductCategoryAssetScreen", ["package":PACKAGENAME]), "Facing"): Actual text and expected text of test object 'Object Repository/ShopOpen/RemainingCategories/Validate_ProductCategoryAssetScreen' are matched.&#xD;
&#xD;
2019-07-09 14:50:45 - [MESSAGE][PASSED] - Actual text and expected text of test object 'Object Repository/ShopOpen/RemainingCategories/Validate_ProductCategoryAssetScreen' are matched.&#xD;
&#xD;
2019-07-09 14:50:45 - [TEST_STEP][PASSED] - tap(findTestObject("ShopOpen/RemainingCategories/Facing", ["package":PACKAGENAME]), 0): Tapped on element 'Object Repository/ShopOpen/RemainingCategories/Facing'&#xD;
&#xD;
2019-07-09 14:50:45 - [MESSAGE][WARNING] - Timeout '0' is invalid. Using default page load timeout: '6'&#xD;
&#xD;
2019-07-09 14:50:45 - [MESSAGE][PASSED] - Tapped on element 'Object Repository/ShopOpen/RemainingCategories/Facing'&#xD;
&#xD;
2019-07-09 14:50:45 - [TEST_STEP][PASSED] - verifyElementText(findTestObject("ShopOpen/RemainingCategories/Validate_FacingScreen", ["package":PACKAGENAME]), "Facing"): Actual text and expected text of test object 'Object Repository/ShopOpen/RemainingCategories/Validate_FacingScreen' are matched.&#xD;
&#xD;
2019-07-09 14:50:47 - [MESSAGE][PASSED] - Actual text and expected text of test object 'Object Repository/ShopOpen/RemainingCategories/Validate_FacingScreen' are matched.&#xD;
&#xD;
2019-07-09 14:50:47 - [TEST_STEP][PASSED] - qa.keywords.ChannelProductsDataKeywords.visitChannelWiseProductsData(CHANNEL_DSA_FACING, "Facing"): qa.keywords.ChannelProductsDataKeywords.visitChannelWiseProductsData is PASSED&#xD;
&#xD;
2019-07-09 14:50:51 - [MESSAGE][PASSED] - Keyboard is hidden&#xD;
&#xD;
2019-07-09 14:50:54 - [MESSAGE][PASSED] - Keyboard is hidden&#xD;
&#xD;
2019-07-09 14:50:57 - [MESSAGE][PASSED] - Keyboard is hidden&#xD;
&#xD;
2019-07-09 14:51:00 - [MESSAGE][PASSED] - Keyboard is hidden&#xD;
&#xD;
2019-07-09 14:51:02 - [MESSAGE][PASSED] - qa.keywords.ChannelProductsDataKeywords.visitChannelWiseProductsData is PASSED&#xD;
&#xD;
2019-07-09 14:51:02 - [TEST_STEP][PASSED] - tap(findTestObject("ShopOpen/RemainingCategories/SubmitButton", ["package":PACKAGENAME]), 0): Tapped on element 'Object Repository/ShopOpen/RemainingCategories/SubmitButton'&#xD;
&#xD;
2019-07-09 14:51:02 - [MESSAGE][WARNING] - Timeout '0' is invalid. Using default page load timeout: '6'&#xD;
&#xD;
2019-07-09 14:51:03 - [MESSAGE][PASSED] - Tapped on element 'Object Repository/ShopOpen/RemainingCategories/SubmitButton'&#xD;
&#xD;
2019-07-09 14:51:03 - [TEST_STEP][PASSED] - verifyElementText(findTestObject("ShopOpen/RemainingCategories/Validate_ProductCategoryAssetScreen", ["package":PACKAGENAME]), "Facing"): Actual text and expected text of test object 'Object Repository/ShopOpen/RemainingCategories/Validate_ProductCategoryAssetScreen' are matched.&#xD;
&#xD;
2019-07-09 14:51:04 - [MESSAGE][PASSED] - Actual text and expected text of test object 'Object Repository/ShopOpen/RemainingCategories/Validate_ProductCategoryAssetScreen' are matched.&#xD;
&#xD;
2019-07-09 14:51:04 - [TEST_STEP][PASSED] - tap(findTestObject("ShopOpen/RemainingCategories/StockTaking", ["package":PACKAGENAME]), 0): Tapped on element 'Object Repository/ShopOpen/RemainingCategories/StockTaking'&#xD;
&#xD;
2019-07-09 14:51:04 - [MESSAGE][WARNING] - Timeout '0' is invalid. Using default page load timeout: '6'&#xD;
&#xD;
2019-07-09 14:51:04 - [MESSAGE][PASSED] - Tapped on element 'Object Repository/ShopOpen/RemainingCategories/StockTaking'&#xD;
&#xD;
2019-07-09 14:51:04 - [TEST_STEP][PASSED] - verifyElementText(findTestObject("ShopOpen/RemainingCategories/Validate_StockTakingScreen", ["package":PACKAGENAME]), "Stock Taking"): Actual text and expected text of test object 'Object Repository/ShopOpen/RemainingCategories/Validate_StockTakingScreen' are matched.&#xD;
&#xD;
2019-07-09 14:51:06 - [MESSAGE][PASSED] - Actual text and expected text of test object 'Object Repository/ShopOpen/RemainingCategories/Validate_StockTakingScreen' are matched.&#xD;
&#xD;
2019-07-09 14:51:06 - [TEST_STEP][PASSED] - qa.keywords.ChannelProductsDataKeywords.visitChannelWiseProductsData(CHANNEL_DSA_STOCKTAKING, "Stock Taking"): qa.keywords.ChannelProductsDataKeywords.visitChannelWiseProductsData is PASSED&#xD;
&#xD;
2019-07-09 14:51:10 - [MESSAGE][PASSED] - Keyboard is hidden&#xD;
&#xD;
2019-07-09 14:51:13 - [MESSAGE][PASSED] - Keyboard is hidden&#xD;
&#xD;
2019-07-09 14:51:16 - [MESSAGE][PASSED] - Keyboard is hidden&#xD;
&#xD;
2019-07-09 14:51:19 - [MESSAGE][PASSED] - Keyboard is hidden&#xD;
&#xD;
2019-07-09 14:51:21 - [MESSAGE][PASSED] - qa.keywords.ChannelProductsDataKeywords.visitChannelWiseProductsData is PASSED&#xD;
&#xD;
2019-07-09 14:51:21 - [TEST_STEP][PASSED] - tap(findTestObject("ShopOpen/RemainingCategories/SubmitButton", ["package":PACKAGENAME]), 0): Tapped on element 'Object Repository/ShopOpen/RemainingCategories/SubmitButton'&#xD;
&#xD;
2019-07-09 14:51:21 - [MESSAGE][WARNING] - Timeout '0' is invalid. Using default page load timeout: '6'&#xD;
&#xD;
2019-07-09 14:51:22 - [MESSAGE][PASSED] - Tapped on element 'Object Repository/ShopOpen/RemainingCategories/SubmitButton'&#xD;
&#xD;
2019-07-09 14:51:22 - [TEST_STEP][PASSED] - verifyElementText(findTestObject("ShopOpen/RemainingCategories/Validate_ProductCategoryAssetScreen", ["package":PACKAGENAME]), "Facing"): Actual text and expected text of test object 'Object Repository/ShopOpen/RemainingCategories/Validate_ProductCategoryAssetScreen' are matched.&#xD;
&#xD;
2019-07-09 14:51:23 - [MESSAGE][PASSED] - Actual text and expected text of test object 'Object Repository/ShopOpen/RemainingCategories/Validate_ProductCategoryAssetScreen' are matched.&#xD;
&#xD;
2019-07-09 14:51:23 - [TEST_STEP][PASSED] - qa.keywords.CommonKeywords.visitPlanogramImageViewButton(): qa.keywords.CommonKeywords.visitPlanogramImageViewButton is PASSED&#xD;
&#xD;
2019-07-09 14:51:24 - [MESSAGE][WARNING] - Timeout '0' is invalid. Using default page load timeout: '6'&#xD;
&#xD;
2019-07-09 14:51:31 - [MESSAGE][WARNING] - Object Object Repository/CommonScreenElements/InfoPopUp_OKButton not found&#xD;
[[ATTACHMENT|F:\\Git Projects\\MMAPlus\\MMAPlus\\Reports\\MMA Plus Merchandising\\MMA Plus Merchandising With Data Verification\\20190709_143621\\1562665890828.png]]&#xD;
&#xD;
2019-07-09 14:51:32 - [MESSAGE][PASSED] - qa.keywords.CommonKeywords.visitPlanogramImageViewButton is PASSED&#xD;
&#xD;
2019-07-09 14:51:32 - [TEST_STEP][PASSED] - verifyElementText(findTestObject("ShopOpen/RemainingCategories/Validate_ProductCategoryAssetScreen", ["package":PACKAGENAME]), "Facing"): Actual text and expected text of test object 'Object Repository/ShopOpen/RemainingCategories/Validate_ProductCategoryAssetScreen' are matched.&#xD;
&#xD;
2019-07-09 14:51:33 - [MESSAGE][PASSED] - Actual text and expected text of test object 'Object Repository/ShopOpen/RemainingCategories/Validate_ProductCategoryAssetScreen' are matched.&#xD;
&#xD;
2019-07-09 14:51:33 - [TEST_STEP][PASSED] - qa.keywords.CommonKeywords.visitPictureImageViewButton(): qa.keywords.CommonKeywords.visitPictureImageViewButton is PASSED&#xD;
&#xD;
2019-07-09 14:51:36 - [MESSAGE][WARNING] - Timeout '0' is invalid. Using default page load timeout: '6'&#xD;
&#xD;
2019-07-09 14:51:37 - [MESSAGE][PASSED] - Element 'Object Repository/CommonScreenElements/Validate_CameraScreen' is exist&#xD;
&#xD;
2019-07-09 14:51:37 - [MESSAGE][WARNING] - Timeout '0' is invalid. Using default page load timeout: '6'&#xD;
&#xD;
2019-07-09 14:51:39 - [MESSAGE][PASSED] - Tapped on element 'Object Repository/CommonScreenElements/Camera_TakePictureButton'&#xD;
&#xD;
2019-07-09 14:51:44 - [MESSAGE][PASSED] - Delayed 5 second(s)&#xD;
&#xD;
2019-07-09 14:51:44 - [MESSAGE][WARNING] - Timeout '0' is invalid. Using default page load timeout: '6'&#xD;
&#xD;
2019-07-09 14:51:45 - [MESSAGE][PASSED] - Tapped on element 'Object Repository/CommonScreenElements/Camera_DoneButton'&#xD;
&#xD;
2019-07-09 14:51:45 - [MESSAGE][PASSED] - qa.keywords.CommonKeywords.visitPictureImageViewButton is PASSED&#xD;
&#xD;
2019-07-09 14:51:45 - [TEST_STEP][PASSED] - verifyElementText(findTestObject("ShopOpen/RemainingCategories/Validate_ProductCategoryAssetScreen", ["package":PACKAGENAME]), "Facing"): Actual text and expected text of test object 'Object Repository/ShopOpen/RemainingCategories/Validate_ProductCategoryAssetScreen' are matched.&#xD;
&#xD;
2019-07-09 14:51:46 - [MESSAGE][PASSED] - Actual text and expected text of test object 'Object Repository/ShopOpen/RemainingCategories/Validate_ProductCategoryAssetScreen' are matched.&#xD;
&#xD;
2019-07-09 14:51:46 - [TEST_STEP][PASSED] - qa.keywords.CommonKeywords.visitBackImageViewButton(): qa.keywords.CommonKeywords.visitBackImageViewButton is PASSED&#xD;
&#xD;
2019-07-09 14:51:47 - [MESSAGE][PASSED] - qa.keywords.CommonKeywords.visitBackImageViewButton is PASSED&#xD;
&#xD;
2019-07-09 14:51:47 - [TEST_STEP][PASSED] - verifyElementExist(findTestObject("ShopOpen/Validate_ShopCategoriesListScreen", ["package":PACKAGENAME]), 0): Element 'Object Repository/ShopOpen/Validate_ShopCategoriesListScreen' is exist&#xD;
&#xD;
2019-07-09 14:51:47 - [MESSAGE][WARNING] - Timeout '0' is invalid. Using default page load timeout: '6'&#xD;
&#xD;
2019-07-09 14:51:49 - [MESSAGE][PASSED] - Element 'Object Repository/ShopOpen/Validate_ShopCategoriesListScreen' is exist&#xD;
&#xD;
2019-07-09 14:51:49 - [MESSAGE][PASSED] - Call Test Case 'Test Cases/ShopOpen/RemainingCategories/VisitRemainingCategoriesWithDSA' successfully&#xD;
&#xD;
2019-07-09 14:51:55 - [MESSAGE][WARNING] - Timeout '0' is invalid. Using default page load timeout: '6'&#xD;
&#xD;
2019-07-09 14:52:03 - [MESSAGE][WARNING] - Element 'Object Repository/CommonScreenElements/Validate_CameraScreen' not found&#xD;
[[ATTACHMENT|F:\\Git Projects\\MMAPlus\\MMAPlus\\Reports\\MMA Plus Merchandising\\MMA Plus Merchandising With Data Verification\\20190709_143621\\1562665922420.png]]&#xD;
&#xD;
2019-07-09 14:52:03 - [MESSAGE][PASSED] - Actual text and expected text of test object 'Object Repository/ShopOpen/RemainingCategories/Validate_MainCategoryDetailScreen' are matched.&#xD;
&#xD;
2019-07-09 14:52:04 - [TEST_CASE][PASSED] - Test Cases/ShopOpen/RemainingCategories/VisitRemainingCategoriesWithDSA: Test Cases/ShopOpen/RemainingCategories/VisitRemainingCategoriesWithDSA&#xD;
&#xD;
2019-07-09 14:52:04 - [TEST_STEP][PASSED] - verifyElementText(findTestObject("ShopOpen/RemainingCategories/Validate_ProductCategoryAssetScreen", ["package":PACKAGENAME]), "Facing"): Actual text and expected text of test object 'Object Repository/ShopOpen/RemainingCategories/Validate_ProductCategoryAssetScreen' are matched.&#xD;
&#xD;
2019-07-09 14:52:06 - [MESSAGE][PASSED] - Actual text and expected text of test object 'Object Repository/ShopOpen/RemainingCategories/Validate_ProductCategoryAssetScreen' are matched.&#xD;
&#xD;
2019-07-09 14:52:06 - [TEST_STEP][PASSED] - tap(findTestObject("ShopOpen/RemainingCategories/Facing", ["package":PACKAGENAME]), 0): Tapped on element 'Object Repository/ShopOpen/RemainingCategories/Facing'&#xD;
&#xD;
2019-07-09 14:52:06 - [MESSAGE][WARNING] - Timeout '0' is invalid. Using default page load timeout: '6'&#xD;
&#xD;
2019-07-09 14:52:06 - [MESSAGE][PASSED] - Tapped on element 'Object Repository/ShopOpen/RemainingCategories/Facing'&#xD;
&#xD;
2019-07-09 14:52:06 - [TEST_STEP][PASSED] - verifyElementText(findTestObject("ShopOpen/RemainingCategories/Validate_FacingScreen", ["package":PACKAGENAME]), "Facing"): Actual text and expected text of test object 'Object Repository/ShopOpen/RemainingCategories/Validate_FacingScreen' are matched.&#xD;
&#xD;
2019-07-09 14:52:08 - [MESSAGE][PASSED] - Actual text and expected text of test object 'Object Repository/ShopOpen/RemainingCategories/Validate_FacingScreen' are matched.&#xD;
&#xD;
2019-07-09 14:52:08 - [TEST_STEP][PASSED] - qa.keywords.ChannelProductsDataKeywords.visitChannelWiseProductsData(CHANNEL_DSA_FACING, "Facing"): qa.keywords.ChannelProductsDataKeywords.visitChannelWiseProductsData is PASSED&#xD;
&#xD;
2019-07-09 14:52:12 - [MESSAGE][PASSED] - Keyboard is hidden&#xD;
&#xD;
2019-07-09 14:52:15 - [MESSAGE][PASSED] - Keyboard is hidden&#xD;
&#xD;
2019-07-09 14:52:18 - [MESSAGE][PASSED] - Keyboard is hidden&#xD;
&#xD;
2019-07-09 14:52:20 - [MESSAGE][PASSED] - qa.keywords.ChannelProductsDataKeywords.visitChannelWiseProductsData is PASSED&#xD;
&#xD;
2019-07-09 14:52:20 - [TEST_STEP][PASSED] - tap(findTestObject("ShopOpen/RemainingCategories/SubmitButton", ["package":PACKAGENAME]), 0): Tapped on element 'Object Repository/ShopOpen/RemainingCategories/SubmitButton'&#xD;
&#xD;
2019-07-09 14:52:20 - [MESSAGE][WARNING] - Timeout '0' is invalid. Using default page load timeout: '6'&#xD;
&#xD;
2019-07-09 14:52:21 - [MESSAGE][PASSED] - Tapped on element 'Object Repository/ShopOpen/RemainingCategories/SubmitButton'&#xD;
&#xD;
2019-07-09 14:52:21 - [TEST_STEP][PASSED] - verifyElementText(findTestObject("ShopOpen/RemainingCategories/Validate_ProductCategoryAssetScreen", ["package":PACKAGENAME]), "Facing"): Actual text and expected text of test object 'Object Repository/ShopOpen/RemainingCategories/Validate_ProductCategoryAssetScreen' are matched.&#xD;
&#xD;
2019-07-09 14:52:22 - [MESSAGE][PASSED] - Actual text and expected text of test object 'Object Repository/ShopOpen/RemainingCategories/Validate_ProductCategoryAssetScreen' are matched.&#xD;
&#xD;
2019-07-09 14:52:22 - [TEST_STEP][PASSED] - tap(findTestObject("ShopOpen/RemainingCategories/StockTaking", ["package":PACKAGENAME]), 0): Tapped on element 'Object Repository/ShopOpen/RemainingCategories/StockTaking'&#xD;
&#xD;
2019-07-09 14:52:22 - [MESSAGE][WARNING] - Timeout '0' is invalid. Using default page load timeout: '6'&#xD;
&#xD;
2019-07-09 14:52:22 - [MESSAGE][PASSED] - Tapped on element 'Object Repository/ShopOpen/RemainingCategories/StockTaking'&#xD;
&#xD;
2019-07-09 14:52:22 - [TEST_STEP][PASSED] - verifyElementText(findTestObject("ShopOpen/RemainingCategories/Validate_StockTakingScreen", ["package":PACKAGENAME]), "Stock Taking"): Actual text and expected text of test object 'Object Repository/ShopOpen/RemainingCategories/Validate_StockTakingScreen' are matched.&#xD;
&#xD;
2019-07-09 14:52:24 - [MESSAGE][PASSED] - Actual text and expected text of test object 'Object Repository/ShopOpen/RemainingCategories/Validate_StockTakingScreen' are matched.&#xD;
&#xD;
2019-07-09 14:52:24 - [TEST_STEP][PASSED] - qa.keywords.ChannelProductsDataKeywords.visitChannelWiseProductsData(CHANNEL_DSA_STOCKTAKING, "Stock Taking"): qa.keywords.ChannelProductsDataKeywords.visitChannelWiseProductsData is PASSED&#xD;
&#xD;
2019-07-09 14:52:28 - [MESSAGE][PASSED] - Keyboard is hidden&#xD;
&#xD;
2019-07-09 14:52:31 - [MESSAGE][PASSED] - Keyboard is hidden&#xD;
&#xD;
2019-07-09 14:52:34 - [MESSAGE][PASSED] - Keyboard is hidden&#xD;
&#xD;
2019-07-09 14:52:37 - [MESSAGE][PASSED] - qa.keywords.ChannelProductsDataKeywords.visitChannelWiseProductsData is PASSED&#xD;
&#xD;
2019-07-09 14:52:37 - [TEST_STEP][PASSED] - tap(findTestObject("ShopOpen/RemainingCategories/SubmitButton", ["package":PACKAGENAME]), 0): Tapped on element 'Object Repository/ShopOpen/RemainingCategories/SubmitButton'&#xD;
&#xD;
2019-07-09 14:52:37 - [MESSAGE][WARNING] - Timeout '0' is invalid. Using default page load timeout: '6'&#xD;
&#xD;
2019-07-09 14:52:37 - [MESSAGE][PASSED] - Tapped on element 'Object Repository/ShopOpen/RemainingCategories/SubmitButton'&#xD;
&#xD;
2019-07-09 14:52:37 - [TEST_STEP][PASSED] - verifyElementText(findTestObject("ShopOpen/RemainingCategories/Validate_ProductCategoryAssetScreen", ["package":PACKAGENAME]), "Facing"): Actual text and expected text of test object 'Object Repository/ShopOpen/RemainingCategories/Validate_ProductCategoryAssetScreen' are matched.&#xD;
&#xD;
2019-07-09 14:52:38 - [MESSAGE][PASSED] - Actual text and expected text of test object 'Object Repository/ShopOpen/RemainingCategories/Validate_ProductCategoryAssetScreen' are matched.&#xD;
&#xD;
2019-07-09 14:52:38 - [TEST_STEP][PASSED] - qa.keywords.CommonKeywords.visitPlanogramImageViewButton(): qa.keywords.CommonKeywords.visitPlanogramImageViewButton is PASSED&#xD;
&#xD;
2019-07-09 14:52:40 - [MESSAGE][WARNING] - Timeout '0' is invalid. Using default page load timeout: '6'&#xD;
&#xD;
2019-07-09 14:52:47 - [MESSAGE][WARNING] - Object Object Repository/CommonScreenElements/InfoPopUp_OKButton not found&#xD;
[[ATTACHMENT|F:\\Git Projects\\MMAPlus\\MMAPlus\\Reports\\MMA Plus Merchandising\\MMA Plus Merchandising With Data Verification\\20190709_143621\\1562665966858.png]]&#xD;
&#xD;
2019-07-09 14:52:48 - [MESSAGE][PASSED] - qa.keywords.CommonKeywords.visitPlanogramImageViewButton is PASSED&#xD;
&#xD;
2019-07-09 14:52:48 - [TEST_STEP][PASSED] - verifyElementText(findTestObject("ShopOpen/RemainingCategories/Validate_ProductCategoryAssetScreen", ["package":PACKAGENAME]), "Facing"): Actual text and expected text of test object 'Object Repository/ShopOpen/RemainingCategories/Validate_ProductCategoryAssetScreen' are matched.&#xD;
&#xD;
2019-07-09 14:52:49 - [MESSAGE][PASSED] - Actual text and expected text of test object 'Object Repository/ShopOpen/RemainingCategories/Validate_ProductCategoryAssetScreen' are matched.&#xD;
&#xD;
2019-07-09 14:52:49 - [TEST_STEP][PASSED] - qa.keywords.CommonKeywords.visitPictureImageViewButton(): qa.keywords.CommonKeywords.visitPictureImageViewButton is PASSED&#xD;
&#xD;
2019-07-09 14:52:51 - [MESSAGE][WARNING] - Timeout '0' is invalid. Using default page load timeout: '6'&#xD;
&#xD;
2019-07-09 14:52:52 - [MESSAGE][PASSED] - Element 'Object Repository/CommonScreenElements/Validate_CameraScreen' is exist&#xD;
&#xD;
2019-07-09 14:52:52 - [MESSAGE][WARNING] - Timeout '0' is invalid. Using default page load timeout: '6'&#xD;
&#xD;
2019-07-09 14:52:56 - [MESSAGE][PASSED] - Tapped on element 'Object Repository/CommonScreenElements/Camera_TakePictureButton'&#xD;
&#xD;
2019-07-09 14:53:01 - [MESSAGE][PASSED] - Delayed 5 second(s)&#xD;
&#xD;
2019-07-09 14:53:01 - [MESSAGE][WARNING] - Timeout '0' is invalid. Using default page load timeout: '6'&#xD;
&#xD;
2019-07-09 14:53:01 - [MESSAGE][PASSED] - Tapped on element 'Object Repository/CommonScreenElements/Camera_DoneButton'&#xD;
&#xD;
2019-07-09 14:53:01 - [MESSAGE][PASSED] - qa.keywords.CommonKeywords.visitPictureImageViewButton is PASSED&#xD;
&#xD;
2019-07-09 14:53:01 - [TEST_STEP][PASSED] - verifyElementText(findTestObject("ShopOpen/RemainingCategories/Validate_ProductCategoryAssetScreen", ["package":PACKAGENAME]), "Facing"): Actual text and expected text of test object 'Object Repository/ShopOpen/RemainingCategories/Validate_ProductCategoryAssetScreen' are matched.&#xD;
&#xD;
2019-07-09 14:53:03 - [MESSAGE][PASSED] - Actual text and expected text of test object 'Object Repository/ShopOpen/RemainingCategories/Validate_ProductCategoryAssetScreen' are matched.&#xD;
&#xD;
2019-07-09 14:53:03 - [TEST_STEP][PASSED] - qa.keywords.CommonKeywords.visitBackImageViewButton(): qa.keywords.CommonKeywords.visitBackImageViewButton is PASSED&#xD;
&#xD;
2019-07-09 14:53:04 - [MESSAGE][PASSED] - qa.keywords.CommonKeywords.visitBackImageViewButton is PASSED&#xD;
&#xD;
2019-07-09 14:53:04 - [TEST_STEP][PASSED] - verifyElementExist(findTestObject("ShopOpen/Validate_ShopCategoriesListScreen", ["package":PACKAGENAME]), 0): Element 'Object Repository/ShopOpen/Validate_ShopCategoriesListScreen' is exist&#xD;
&#xD;
2019-07-09 14:53:04 - [MESSAGE][WARNING] - Timeout '0' is invalid. Using default page load timeout: '6'&#xD;
&#xD;
2019-07-09 14:53:06 - [MESSAGE][PASSED] - Element 'Object Repository/ShopOpen/Validate_ShopCategoriesListScreen' is exist&#xD;
&#xD;
2019-07-09 14:53:06 - [MESSAGE][PASSED] - Call Test Case 'Test Cases/ShopOpen/RemainingCategories/VisitRemainingCategoriesWithDSA' successfully&#xD;
&#xD;
2019-07-09 14:53:11 - [MESSAGE][WARNING] - Timeout '0' is invalid. Using default page load timeout: '6'&#xD;
&#xD;
2019-07-09 14:53:19 - [MESSAGE][WARNING] - Element 'Object Repository/CommonScreenElements/Validate_CameraScreen' not found&#xD;
[[ATTACHMENT|F:\\Git Projects\\MMAPlus\\MMAPlus\\Reports\\MMA Plus Merchandising\\MMA Plus Merchandising With Data Verification\\20190709_143621\\1562665998248.png]]&#xD;
&#xD;
2019-07-09 14:53:19 - [MESSAGE][PASSED] - Actual text and expected text of test object 'Object Repository/ShopOpen/RemainingCategories/Validate_MainCategoryDetailScreen' are matched.&#xD;
&#xD;
2019-07-09 14:53:20 - [TEST_CASE][PASSED] - Test Cases/ShopOpen/RemainingCategories/VisitRemainingCategoriesWithDSA: Test Cases/ShopOpen/RemainingCategories/VisitRemainingCategoriesWithDSA&#xD;
&#xD;
2019-07-09 14:53:20 - [TEST_STEP][PASSED] - verifyElementText(findTestObject("ShopOpen/RemainingCategories/Validate_ProductCategoryAssetScreen", ["package":PACKAGENAME]), "Facing"): Actual text and expected text of test object 'Object Repository/ShopOpen/RemainingCategories/Validate_ProductCategoryAssetScreen' are matched.&#xD;
&#xD;
2019-07-09 14:53:22 - [MESSAGE][PASSED] - Actual text and expected text of test object 'Object Repository/ShopOpen/RemainingCategories/Validate_ProductCategoryAssetScreen' are matched.&#xD;
&#xD;
2019-07-09 14:53:22 - [TEST_STEP][PASSED] - tap(findTestObject("ShopOpen/RemainingCategories/Facing", ["package":PACKAGENAME]), 0): Tapped on element 'Object Repository/ShopOpen/RemainingCategories/Facing'&#xD;
&#xD;
2019-07-09 14:53:22 - [MESSAGE][WARNING] - Timeout '0' is invalid. Using default page load timeout: '6'&#xD;
&#xD;
2019-07-09 14:53:22 - [MESSAGE][PASSED] - Tapped on element 'Object Repository/ShopOpen/RemainingCategories/Facing'&#xD;
&#xD;
2019-07-09 14:53:22 - [TEST_STEP][PASSED] - verifyElementText(findTestObject("ShopOpen/RemainingCategories/Validate_FacingScreen", ["package":PACKAGENAME]), "Facing"): Actual text and expected text of test object 'Object Repository/ShopOpen/RemainingCategories/Validate_FacingScreen' are matched.&#xD;
&#xD;
2019-07-09 14:53:24 - [MESSAGE][PASSED] - Actual text and expected text of test object 'Object Repository/ShopOpen/RemainingCategories/Validate_FacingScreen' are matched.&#xD;
&#xD;
2019-07-09 14:53:24 - [TEST_STEP][PASSED] - qa.keywords.ChannelProductsDataKeywords.visitChannelWiseProductsData(CHANNEL_DSA_FACING, "Facing"): qa.keywords.ChannelProductsDataKeywords.visitChannelWiseProductsData is PASSED&#xD;
&#xD;
2019-07-09 14:53:28 - [MESSAGE][PASSED] - Keyboard is hidden&#xD;
&#xD;
2019-07-09 14:53:31 - [MESSAGE][PASSED] - Keyboard is hidden&#xD;
&#xD;
2019-07-09 14:53:34 - [MESSAGE][PASSED] - Keyboard is hidden&#xD;
&#xD;
2019-07-09 14:53:36 - [MESSAGE][PASSED] - qa.keywords.ChannelProductsDataKeywords.visitChannelWiseProductsData is PASSED&#xD;
&#xD;
2019-07-09 14:53:36 - [TEST_STEP][PASSED] - tap(findTestObject("ShopOpen/RemainingCategories/SubmitButton", ["package":PACKAGENAME]), 0): Tapped on element 'Object Repository/ShopOpen/RemainingCategories/SubmitButton'&#xD;
&#xD;
2019-07-09 14:53:36 - [MESSAGE][WARNING] - Timeout '0' is invalid. Using default page load timeout: '6'&#xD;
&#xD;
2019-07-09 14:53:37 - [MESSAGE][PASSED] - Tapped on element 'Object Repository/ShopOpen/RemainingCategories/SubmitButton'&#xD;
&#xD;
2019-07-09 14:53:37 - [TEST_STEP][PASSED] - verifyElementText(findTestObject("ShopOpen/RemainingCategories/Validate_ProductCategoryAssetScreen", ["package":PACKAGENAME]), "Facing"): Actual text and expected text of test object 'Object Repository/ShopOpen/RemainingCategories/Validate_ProductCategoryAssetScreen' are matched.&#xD;
&#xD;
2019-07-09 14:53:38 - [MESSAGE][PASSED] - Actual text and expected text of test object 'Object Repository/ShopOpen/RemainingCategories/Validate_ProductCategoryAssetScreen' are matched.&#xD;
&#xD;
2019-07-09 14:53:38 - [TEST_STEP][PASSED] - tap(findTestObject("ShopOpen/RemainingCategories/StockTaking", ["package":PACKAGENAME]), 0): Tapped on element 'Object Repository/ShopOpen/RemainingCategories/StockTaking'&#xD;
&#xD;
2019-07-09 14:53:38 - [MESSAGE][WARNING] - Timeout '0' is invalid. Using default page load timeout: '6'&#xD;
&#xD;
2019-07-09 14:53:38 - [MESSAGE][PASSED] - Tapped on element 'Object Repository/ShopOpen/RemainingCategories/StockTaking'&#xD;
&#xD;
2019-07-09 14:53:38 - [TEST_STEP][PASSED] - verifyElementText(findTestObject("ShopOpen/RemainingCategories/Validate_StockTakingScreen", ["package":PACKAGENAME]), "Stock Taking"): Actual text and expected text of test object 'Object Repository/ShopOpen/RemainingCategories/Validate_StockTakingScreen' are matched.&#xD;
&#xD;
2019-07-09 14:53:41 - [MESSAGE][PASSED] - Actual text and expected text of test object 'Object Repository/ShopOpen/RemainingCategories/Validate_StockTakingScreen' are matched.&#xD;
&#xD;
2019-07-09 14:53:41 - [TEST_STEP][PASSED] - qa.keywords.ChannelProductsDataKeywords.visitChannelWiseProductsData(CHANNEL_DSA_STOCKTAKING, "Stock Taking"): qa.keywords.ChannelProductsDataKeywords.visitChannelWiseProductsData is PASSED&#xD;
&#xD;
2019-07-09 14:53:44 - [MESSAGE][PASSED] - Keyboard is hidden&#xD;
&#xD;
2019-07-09 14:53:47 - [MESSAGE][PASSED] - Keyboard is hidden&#xD;
&#xD;
2019-07-09 14:53:50 - [MESSAGE][PASSED] - Keyboard is hidden&#xD;
&#xD;
2019-07-09 14:53:52 - [MESSAGE][PASSED] - qa.keywords.ChannelProductsDataKeywords.visitChannelWiseProductsData is PASSED&#xD;
&#xD;
2019-07-09 14:53:52 - [TEST_STEP][PASSED] - tap(findTestObject("ShopOpen/RemainingCategories/SubmitButton", ["package":PACKAGENAME]), 0): Tapped on element 'Object Repository/ShopOpen/RemainingCategories/SubmitButton'&#xD;
&#xD;
2019-07-09 14:53:52 - [MESSAGE][WARNING] - Timeout '0' is invalid. Using default page load timeout: '6'&#xD;
&#xD;
2019-07-09 14:53:53 - [MESSAGE][PASSED] - Tapped on element 'Object Repository/ShopOpen/RemainingCategories/SubmitButton'&#xD;
&#xD;
2019-07-09 14:53:53 - [TEST_STEP][PASSED] - verifyElementText(findTestObject("ShopOpen/RemainingCategories/Validate_ProductCategoryAssetScreen", ["package":PACKAGENAME]), "Facing"): Actual text and expected text of test object 'Object Repository/ShopOpen/RemainingCategories/Validate_ProductCategoryAssetScreen' are matched.&#xD;
&#xD;
2019-07-09 14:53:54 - [MESSAGE][PASSED] - Actual text and expected text of test object 'Object Repository/ShopOpen/RemainingCategories/Validate_ProductCategoryAssetScreen' are matched.&#xD;
&#xD;
2019-07-09 14:53:54 - [TEST_STEP][PASSED] - qa.keywords.CommonKeywords.visitPlanogramImageViewButton(): qa.keywords.CommonKeywords.visitPlanogramImageViewButton is PASSED&#xD;
&#xD;
2019-07-09 14:53:55 - [MESSAGE][WARNING] - Timeout '0' is invalid. Using default page load timeout: '6'&#xD;
&#xD;
2019-07-09 14:54:02 - [MESSAGE][WARNING] - Object Object Repository/CommonScreenElements/InfoPopUp_OKButton not found&#xD;
[[ATTACHMENT|F:\\Git Projects\\MMAPlus\\MMAPlus\\Reports\\MMA Plus Merchandising\\MMA Plus Merchandising With Data Verification\\20190709_143621\\1562666041792.png]]&#xD;
&#xD;
2019-07-09 14:54:03 - [MESSAGE][PASSED] - qa.keywords.CommonKeywords.visitPlanogramImageViewButton is PASSED&#xD;
&#xD;
2019-07-09 14:54:03 - [TEST_STEP][PASSED] - verifyElementText(findTestObject("ShopOpen/RemainingCategories/Validate_ProductCategoryAssetScreen", ["package":PACKAGENAME]), "Facing"): Actual text and expected text of test object 'Object Repository/ShopOpen/RemainingCategories/Validate_ProductCategoryAssetScreen' are matched.&#xD;
&#xD;
2019-07-09 14:54:04 - [MESSAGE][PASSED] - Actual text and expected text of test object 'Object Repository/ShopOpen/RemainingCategories/Validate_ProductCategoryAssetScreen' are matched.&#xD;
&#xD;
2019-07-09 14:54:04 - [TEST_STEP][PASSED] - qa.keywords.CommonKeywords.visitPictureImageViewButton(): qa.keywords.CommonKeywords.visitPictureImageViewButton is PASSED&#xD;
&#xD;
2019-07-09 14:54:06 - [MESSAGE][WARNING] - Timeout '0' is invalid. Using default page load timeout: '6'&#xD;
&#xD;
2019-07-09 14:54:08 - [MESSAGE][PASSED] - Element 'Object Repository/CommonScreenElements/Validate_CameraScreen' is exist&#xD;
&#xD;
2019-07-09 14:54:08 - [MESSAGE][WARNING] - Timeout '0' is invalid. Using default page load timeout: '6'&#xD;
&#xD;
2019-07-09 14:54:11 - [MESSAGE][PASSED] - Tapped on element 'Object Repository/CommonScreenElements/Camera_TakePictureButton'&#xD;
&#xD;
2019-07-09 14:54:16 - [MESSAGE][PASSED] - Delayed 5 second(s)&#xD;
&#xD;
2019-07-09 14:54:16 - [MESSAGE][WARNING] - Timeout '0' is invalid. Using default page load timeout: '6'&#xD;
&#xD;
2019-07-09 14:54:16 - [MESSAGE][PASSED] - Tapped on element 'Object Repository/CommonScreenElements/Camera_DoneButton'&#xD;
&#xD;
2019-07-09 14:54:16 - [MESSAGE][PASSED] - qa.keywords.CommonKeywords.visitPictureImageViewButton is PASSED&#xD;
&#xD;
2019-07-09 14:54:16 - [TEST_STEP][PASSED] - verifyElementText(findTestObject("ShopOpen/RemainingCategories/Validate_ProductCategoryAssetScreen", ["package":PACKAGENAME]), "Facing"): Actual text and expected text of test object 'Object Repository/ShopOpen/RemainingCategories/Validate_ProductCategoryAssetScreen' are matched.&#xD;
&#xD;
2019-07-09 14:54:17 - [MESSAGE][PASSED] - Actual text and expected text of test object 'Object Repository/ShopOpen/RemainingCategories/Validate_ProductCategoryAssetScreen' are matched.&#xD;
&#xD;
2019-07-09 14:54:17 - [TEST_STEP][PASSED] - qa.keywords.CommonKeywords.visitBackImageViewButton(): qa.keywords.CommonKeywords.visitBackImageViewButton is PASSED&#xD;
&#xD;
2019-07-09 14:54:19 - [MESSAGE][PASSED] - qa.keywords.CommonKeywords.visitBackImageViewButton is PASSED&#xD;
&#xD;
2019-07-09 14:54:19 - [TEST_STEP][PASSED] - verifyElementExist(findTestObject("ShopOpen/Validate_ShopCategoriesListScreen", ["package":PACKAGENAME]), 0): Element 'Object Repository/ShopOpen/Validate_ShopCategoriesListScreen' is exist&#xD;
&#xD;
2019-07-09 14:54:19 - [MESSAGE][WARNING] - Timeout '0' is invalid. Using default page load timeout: '6'&#xD;
&#xD;
2019-07-09 14:54:21 - [MESSAGE][PASSED] - Element 'Object Repository/ShopOpen/Validate_ShopCategoriesListScreen' is exist&#xD;
&#xD;
2019-07-09 14:54:21 - [MESSAGE][PASSED] - Call Test Case 'Test Cases/ShopOpen/RemainingCategories/VisitRemainingCategoriesWithDSA' successfully&#xD;
&#xD;
2019-07-09 14:54:26 - [TEST_CASE][PASSED] - Test Cases/ShopOpen/CompetitionTracking/VisitCompetitionTracking: Test Cases/ShopOpen/CompetitionTracking/VisitCompetitionTracking&#xD;
&#xD;
2019-07-09 14:54:27 - [TEST_STEP][PASSED] - verifyElementExist(findTestObject("ShopOpen/CompetitionTracking/Validate_CompetitionTrackingScreen", ["package":PACKAGENAME]), 0): Element 'Object Repository/ShopOpen/CompetitionTracking/Validate_CompetitionTrackingScreen' is exist&#xD;
&#xD;
2019-07-09 14:54:27 - [MESSAGE][WARNING] - Timeout '0' is invalid. Using default page load timeout: '6'&#xD;
&#xD;
2019-07-09 14:54:28 - [MESSAGE][PASSED] - Element 'Object Repository/ShopOpen/CompetitionTracking/Validate_CompetitionTrackingScreen' is exist&#xD;
&#xD;
2019-07-09 14:54:28 - [TEST_STEP][PASSED] - qa.keywords.CompetitionTrackingKeywords.visitCompetitiontrackingProducts(): qa.keywords.CompetitionTrackingKeywords.visitCompetitiontrackingProducts is PASSED&#xD;
&#xD;
2019-07-09 14:54:31 - [MESSAGE][PASSED] - Keyboard is hidden&#xD;
&#xD;
2019-07-09 14:54:33 - [MESSAGE][PASSED] - Keyboard is hidden&#xD;
&#xD;
2019-07-09 14:54:35 - [MESSAGE][PASSED] - Keyboard is hidden&#xD;
&#xD;
2019-07-09 14:54:37 - [MESSAGE][PASSED] - Keyboard is hidden&#xD;
&#xD;
2019-07-09 14:54:37 - [MESSAGE][PASSED] - qa.keywords.CompetitionTrackingKeywords.visitCompetitiontrackingProducts is PASSED&#xD;
&#xD;
2019-07-09 14:54:37 - [TEST_STEP][PASSED] - pressBack(): Press back button successfully&#xD;
&#xD;
2019-07-09 14:54:38 - [MESSAGE][PASSED] - Press back button successfully&#xD;
&#xD;
2019-07-09 14:54:38 - [TEST_STEP][PASSED] - verifyElementExist(findTestObject("ShopOpen/Validate_ShopCategoriesListScreen", ["package":PACKAGENAME]), 0): Element 'Object Repository/ShopOpen/Validate_ShopCategoriesListScreen' is exist&#xD;
&#xD;
2019-07-09 14:54:38 - [MESSAGE][WARNING] - Timeout '0' is invalid. Using default page load timeout: '6'&#xD;
&#xD;
2019-07-09 14:54:39 - [MESSAGE][PASSED] - Element 'Object Repository/ShopOpen/Validate_ShopCategoriesListScreen' is exist&#xD;
&#xD;
2019-07-09 14:54:39 - [MESSAGE][PASSED] - Call Test Case 'Test Cases/ShopOpen/CompetitionTracking/VisitCompetitionTracking' successfully&#xD;
&#xD;
2019-07-09 14:54:39 - [MESSAGE][PASSED] - Swiped from 0,200 to 0,750&#xD;
&#xD;
2019-07-09 14:54:44 - [TEST_CASE][PASSED] - Test Cases/ShopOpen/RTMVisitFrequency/VisitRTMVisitFrequency: Test Cases/ShopOpen/RTMVisitFrequency/VisitRTMVisitFrequency&#xD;
&#xD;
2019-07-09 14:54:45 - [TEST_STEP][PASSED] - verifyElementText(findTestObject("ShopOpen/RTMVisitFrequency/Validate_RTMVisitFrequencyScreen", ["package":PACKAGENAME]), "Options"): Actual text and expected text of test object 'Object Repository/ShopOpen/RTMVisitFrequency/Validate_RTMVisitFrequencyScreen' are matched.&#xD;
&#xD;
2019-07-09 14:54:46 - [MESSAGE][PASSED] - Actual text and expected text of test object 'Object Repository/ShopOpen/RTMVisitFrequency/Validate_RTMVisitFrequencyScreen' are matched.&#xD;
&#xD;
2019-07-09 14:54:46 - [TEST_STEP][PASSED] - qa.keywords.RTMVisitFrequencyKeywords.visitRTMVisitFrequency(): qa.keywords.RTMVisitFrequencyKeywords.visitRTMVisitFrequency is PASSED&#xD;
&#xD;
2019-07-09 14:54:47 - [MESSAGE][WARNING] - Timeout '0' is invalid. Using default page load timeout: '6'&#xD;
&#xD;
2019-07-09 14:54:49 - [MESSAGE][PASSED] - Element 'Object Repository/ShopOpen/RTMVisitFrequency/Validate_RTMVisitFrequencyRemarks' is exist&#xD;
&#xD;
2019-07-09 14:54:50 - [MESSAGE][PASSED] - Actual text and expected text of test object 'Object Repository/ShopOpen/RTMVisitFrequency/Validate_RTMVisitFrequencyScreen' are matched.&#xD;
&#xD;
2019-07-09 14:54:50 - [MESSAGE][WARNING] - Timeout '0' is invalid. Using default page load timeout: '6'&#xD;
&#xD;
2019-07-09 14:54:52 - [MESSAGE][PASSED] - Element 'Object Repository/ShopOpen/RTMVisitFrequency/Validate_RTMVisitFrequencyRemarks' is exist&#xD;
&#xD;
2019-07-09 14:54:54 - [MESSAGE][PASSED] - Actual text and expected text of test object 'Object Repository/ShopOpen/RTMVisitFrequency/Validate_RTMVisitFrequencyScreen' are matched.&#xD;
&#xD;
2019-07-09 14:54:55 - [MESSAGE][WARNING] - Timeout '0' is invalid. Using default page load timeout: '6'&#xD;
&#xD;
2019-07-09 14:54:56 - [MESSAGE][PASSED] - Element 'Object Repository/ShopOpen/RTMVisitFrequency/Validate_RTMVisitFrequencyRemarks' is exist&#xD;
&#xD;
2019-07-09 14:54:58 - [MESSAGE][PASSED] - Actual text and expected text of test object 'Object Repository/ShopOpen/RTMVisitFrequency/Validate_RTMVisitFrequencyScreen' are matched.&#xD;
&#xD;
2019-07-09 14:54:58 - [MESSAGE][WARNING] - Timeout '0' is invalid. Using default page load timeout: '6'&#xD;
&#xD;
2019-07-09 14:55:00 - [MESSAGE][PASSED] - Element 'Object Repository/ShopOpen/RTMVisitFrequency/Validate_RTMVisitFrequencyRemarks' is exist&#xD;
&#xD;
2019-07-09 14:55:02 - [MESSAGE][PASSED] - Actual text and expected text of test object 'Object Repository/ShopOpen/RTMVisitFrequency/Validate_RTMVisitFrequencyScreen' are matched.&#xD;
&#xD;
2019-07-09 14:55:02 - [MESSAGE][PASSED] - qa.keywords.RTMVisitFrequencyKeywords.visitRTMVisitFrequency is PASSED&#xD;
&#xD;
2019-07-09 14:55:02 - [TEST_STEP][PASSED] - tap(findTestObject("ShopOpen/RTMVisitFrequency/BackButton", ["package":PACKAGENAME]), 0): Tapped on element 'Object Repository/ShopOpen/RTMVisitFrequency/BackButton'&#xD;
&#xD;
2019-07-09 14:55:02 - [MESSAGE][WARNING] - Timeout '0' is invalid. Using default page load timeout: '6'&#xD;
&#xD;
2019-07-09 14:55:02 - [MESSAGE][PASSED] - Tapped on element 'Object Repository/ShopOpen/RTMVisitFrequency/BackButton'&#xD;
&#xD;
2019-07-09 14:55:02 - [TEST_STEP][PASSED] - verifyElementExist(findTestObject("ShopOpen/Validate_ShopCategoriesListScreen", ["package":PACKAGENAME]), 0): Element 'Object Repository/ShopOpen/Validate_ShopCategoriesListScreen' is exist&#xD;
&#xD;
2019-07-09 14:55:02 - [MESSAGE][WARNING] - Timeout '0' is invalid. Using default page load timeout: '6'&#xD;
&#xD;
2019-07-09 14:55:04 - [MESSAGE][PASSED] - Element 'Object Repository/ShopOpen/Validate_ShopCategoriesListScreen' is exist&#xD;
&#xD;
2019-07-09 14:55:04 - [MESSAGE][PASSED] - Call Test Case 'Test Cases/ShopOpen/RTMVisitFrequency/VisitRTMVisitFrequency' successfully&#xD;
&#xD;
2019-07-09 14:55:09 - [TEST_CASE][PASSED] - Test Cases/ShopOpen/POPApplication/OverwritePOPApplication: Test Cases/ShopOpen/POPApplication/OverwritePOPApplication&#xD;
&#xD;
2019-07-09 14:55:10 - [TEST_STEP][PASSED] - verifyElementText(findTestObject("ShopOpen/POPApplication/Validate_POPApplicationDetailScreen", ["package":PACKAGENAME]), "KPI :POP Application"): Actual text and expected text of test object 'Object Repository/ShopOpen/POPApplication/Validate_POPApplicationDetailScreen' are matched.&#xD;
&#xD;
2019-07-09 14:55:11 - [MESSAGE][PASSED] - Actual text and expected text of test object 'Object Repository/ShopOpen/POPApplication/Validate_POPApplicationDetailScreen' are matched.&#xD;
&#xD;
2019-07-09 14:55:11 - [TEST_STEP][PASSED] - tap(findTestObject("ShopOpen/POPApplication/POPDeployment_No", ["package":PACKAGENAME]), 0): Tapped on element 'Object Repository/ShopOpen/POPApplication/POPDeployment_No'&#xD;
&#xD;
2019-07-09 14:55:11 - [MESSAGE][WARNING] - Timeout '0' is invalid. Using default page load timeout: '6'&#xD;
&#xD;
2019-07-09 14:55:11 - [MESSAGE][PASSED] - Tapped on element 'Object Repository/ShopOpen/POPApplication/POPDeployment_No'&#xD;
&#xD;
2019-07-09 14:55:11 - [TEST_STEP][PASSED] - pressBack(): Press back button successfully&#xD;
&#xD;
2019-07-09 14:55:12 - [MESSAGE][PASSED] - Press back button successfully&#xD;
&#xD;
2019-07-09 14:55:12 - [TEST_STEP][PASSED] - verifyElementExist(findTestObject("ShopOpen/Validate_ShopCategoriesListScreen", ["package":PACKAGENAME]), 0): Element 'Object Repository/ShopOpen/Validate_ShopCategoriesListScreen' is exist&#xD;
&#xD;
2019-07-09 14:55:12 - [MESSAGE][WARNING] - Timeout '0' is invalid. Using default page load timeout: '6'&#xD;
&#xD;
2019-07-09 14:55:13 - [MESSAGE][PASSED] - Element 'Object Repository/ShopOpen/Validate_ShopCategoriesListScreen' is exist&#xD;
&#xD;
2019-07-09 14:55:13 - [MESSAGE][PASSED] - Call Test Case 'Test Cases/ShopOpen/POPApplication/OverwritePOPApplication' successfully&#xD;
&#xD;
2019-07-09 14:55:18 - [TEST_CASE][PASSED] - Test Cases/ShopOpen/RetailerRemarks/VisitRetailerRemarks: Test Cases/ShopOpen/RetailerRemarks/VisitRetailerRemarks&#xD;
&#xD;
2019-07-09 14:55:19 - [TEST_STEP][PASSED] - verifyElementText(findTestObject("ShopOpen/RetailerRemarks/Validate_RetailerRemarksScreen", ["package":PACKAGENAME]), "KPI: Retailer Remarks"): Actual text and expected text of test object 'Object Repository/ShopOpen/RetailerRemarks/Validate_RetailerRemarksScreen' are matched.&#xD;
&#xD;
2019-07-09 14:55:20 - [MESSAGE][PASSED] - Actual text and expected text of test object 'Object Repository/ShopOpen/RetailerRemarks/Validate_RetailerRemarksScreen' are matched.&#xD;
&#xD;
2019-07-09 14:55:20 - [TEST_STEP][PASSED] - qa.keywords.RetailerRemarksKeywords.visitRetailerRemarks(): qa.keywords.RetailerRemarksKeywords.visitRetailerRemarks is PASSED&#xD;
&#xD;
2019-07-09 14:55:20 - [MESSAGE][WARNING] - Timeout '0' is invalid. Using default page load timeout: '6'&#xD;
&#xD;
2019-07-09 14:55:22 - [MESSAGE][PASSED] - Element 'Object Repository/ShopOpen/RetailerRemarks/Validate_RetailerRemarks_RemarksScreen' is exist&#xD;
&#xD;
2019-07-09 14:55:24 - [MESSAGE][PASSED] - Press back button successfully&#xD;
&#xD;
2019-07-09 14:55:25 - [MESSAGE][PASSED] - Actual text and expected text of test object 'Object Repository/ShopOpen/RetailerRemarks/Validate_RetailerRemarksScreen' are matched.&#xD;
&#xD;
2019-07-09 14:55:25 - [MESSAGE][WARNING] - Timeout '0' is invalid. Using default page load timeout: '6'&#xD;
&#xD;
2019-07-09 14:55:28 - [MESSAGE][PASSED] - Element 'Object Repository/ShopOpen/RetailerRemarks/Validate_RetailerRemarks_RemarksScreen' is exist&#xD;
&#xD;
2019-07-09 14:55:30 - [MESSAGE][PASSED] - Press back button successfully&#xD;
&#xD;
2019-07-09 14:55:31 - [MESSAGE][PASSED] - Actual text and expected text of test object 'Object Repository/ShopOpen/RetailerRemarks/Validate_RetailerRemarksScreen' are matched.&#xD;
&#xD;
2019-07-09 14:55:31 - [MESSAGE][WARNING] - Timeout '0' is invalid. Using default page load timeout: '6'&#xD;
&#xD;
2019-07-09 14:55:33 - [MESSAGE][PASSED] - Element 'Object Repository/ShopOpen/RetailerRemarks/Validate_RetailerRemarks_RemarksScreen' is exist&#xD;
&#xD;
2019-07-09 14:55:35 - [MESSAGE][PASSED] - Press back button successfully&#xD;
&#xD;
2019-07-09 14:55:36 - [MESSAGE][PASSED] - Actual text and expected text of test object 'Object Repository/ShopOpen/RetailerRemarks/Validate_RetailerRemarksScreen' are matched.&#xD;
&#xD;
2019-07-09 14:55:36 - [MESSAGE][PASSED] - qa.keywords.RetailerRemarksKeywords.visitRetailerRemarks is PASSED&#xD;
&#xD;
2019-07-09 14:55:36 - [TEST_STEP][PASSED] - tap(findTestObject("ShopOpen/RetailerRemarks/BackButton", ["package":PACKAGENAME]), 0): Tapped on element 'Object Repository/ShopOpen/RetailerRemarks/BackButton'&#xD;
&#xD;
2019-07-09 14:55:36 - [MESSAGE][WARNING] - Timeout '0' is invalid. Using default page load timeout: '6'&#xD;
&#xD;
2019-07-09 14:55:36 - [MESSAGE][PASSED] - Tapped on element 'Object Repository/ShopOpen/RetailerRemarks/BackButton'&#xD;
&#xD;
2019-07-09 14:55:36 - [TEST_STEP][PASSED] - verifyElementExist(findTestObject("ShopOpen/Validate_ShopCategoriesListScreen", ["package":PACKAGENAME]), 0): Element 'Object Repository/ShopOpen/Validate_ShopCategoriesListScreen' is exist&#xD;
&#xD;
2019-07-09 14:55:36 - [MESSAGE][WARNING] - Timeout '0' is invalid. Using default page load timeout: '6'&#xD;
&#xD;
2019-07-09 14:55:38 - [MESSAGE][PASSED] - Element 'Object Repository/ShopOpen/Validate_ShopCategoriesListScreen' is exist&#xD;
&#xD;
2019-07-09 14:55:38 - [MESSAGE][PASSED] - Call Test Case 'Test Cases/ShopOpen/RetailerRemarks/VisitRetailerRemarks' successfully&#xD;
&#xD;
2019-07-09 14:55:48 - [TEST_CASE][PASSED] - Test Cases/ShopOpen/AdditionalPicture/VisitAdditionalPicture: Test Cases/ShopOpen/AdditionalPicture/VisitAdditionalPicture&#xD;
&#xD;
2019-07-09 14:55:49 - [TEST_STEP][PASSED] - verifyElementText(findTestObject("ShopOpen/AdditionalPicture/Validate_AdditionalPictureScreen", ["package":PACKAGENAME]), "Additional Picture"): Actual text and expected text of test object 'Object Repository/ShopOpen/AdditionalPicture/Validate_AdditionalPictureScreen' are matched.&#xD;
&#xD;
2019-07-09 14:55:51 - [MESSAGE][PASSED] - Actual text and expected text of test object 'Object Repository/ShopOpen/AdditionalPicture/Validate_AdditionalPictureScreen' are matched.&#xD;
&#xD;
2019-07-09 14:55:51 - [TEST_STEP][PASSED] - qa.keywords.AdditionalPictureKeywords.takeMendatoryImages(): qa.keywords.AdditionalPictureKeywords.takeMendatoryImages is PASSED&#xD;
&#xD;
2019-07-09 14:55:52 - [MESSAGE][WARNING] - Timeout '0' is invalid. Using default page load timeout: '6'&#xD;
&#xD;
2019-07-09 14:55:55 - [MESSAGE][PASSED] - Element 'Object Repository/CommonScreenElements/Validate_CameraScreen' is exist&#xD;
&#xD;
2019-07-09 14:55:55 - [MESSAGE][WARNING] - Timeout '0' is invalid. Using default page load timeout: '6'&#xD;
&#xD;
2019-07-09 14:55:58 - [MESSAGE][PASSED] - Tapped on element 'Object Repository/CommonScreenElements/Camera_TakePictureButton'&#xD;
&#xD;
2019-07-09 14:56:03 - [MESSAGE][PASSED] - Delayed 5 second(s)&#xD;
&#xD;
2019-07-09 14:56:03 - [MESSAGE][WARNING] - Timeout '0' is invalid. Using default page load timeout: '6'&#xD;
&#xD;
2019-07-09 14:56:03 - [MESSAGE][PASSED] - Tapped on element 'Object Repository/CommonScreenElements/Camera_DoneButton'&#xD;
&#xD;
2019-07-09 14:56:03 - [MESSAGE][PASSED] - qa.keywords.AdditionalPictureKeywords.takeMendatoryImages is PASSED&#xD;
&#xD;
2019-07-09 14:56:03 - [TEST_STEP][PASSED] - pressBack(): Press back button successfully&#xD;
&#xD;
2019-07-09 14:56:05 - [MESSAGE][PASSED] - Press back button successfully&#xD;
&#xD;
2019-07-09 14:56:05 - [TEST_STEP][PASSED] - verifyElementExist(findTestObject("ShopOpen/Validate_ShopCategoriesListScreen", ["package":PACKAGENAME]), 0): Element 'Object Repository/ShopOpen/Validate_ShopCategoriesListScreen' is exist&#xD;
&#xD;
2019-07-09 14:56:05 - [MESSAGE][WARNING] - Timeout '0' is invalid. Using default page load timeout: '6'&#xD;
&#xD;
2019-07-09 14:56:07 - [MESSAGE][PASSED] - Element 'Object Repository/ShopOpen/Validate_ShopCategoriesListScreen' is exist&#xD;
&#xD;
2019-07-09 14:56:07 - [MESSAGE][PASSED] - Call Test Case 'Test Cases/ShopOpen/AdditionalPicture/VisitAdditionalPicture' successfully&#xD;
&#xD;
2019-07-09 14:56:16 - [MESSAGE][WARNING] - Timeout '0' is invalid. Using default page load timeout: '6'&#xD;
&#xD;
2019-07-09 14:56:24 - [MESSAGE][WARNING] - Element 'Object Repository/CommonScreenElements/Validate_CameraScreen' not found&#xD;
[[ATTACHMENT|F:\\Git Projects\\MMAPlus\\MMAPlus\\Reports\\MMA Plus Merchandising\\MMA Plus Merchandising With Data Verification\\20190709_143621\\1562666183253.png]]&#xD;
&#xD;
2019-07-09 14:56:24 - [TEST_CASE][PASSED] - Test Cases/ShopOpen/Survey/visitSurveyCategories: Test Cases/ShopOpen/Survey/visitSurveyCategories&#xD;
&#xD;
2019-07-09 14:56:24 - [TEST_STEP][PASSED] - verifyElementText(findTestObject("ShopOpen/Survey/Validate_QuestionCategoriesScreen", ["package":PACKAGENAME]), "Question Category"): Actual text and expected text of test object 'Object Repository/ShopOpen/Survey/Validate_QuestionCategoriesScreen' are matched.&#xD;
&#xD;
2019-07-09 14:56:24 - [MESSAGE][PASSED] - Actual text and expected text of test object 'Object Repository/ShopOpen/Survey/Validate_QuestionCategoriesScreen' are matched.&#xD;
&#xD;
2019-07-09 14:56:24 - [TEST_STEP][PASSED] - qa.keywords.SurveyKeywords.visitQuestionCategories(1): qa.keywords.SurveyKeywords.visitQuestionCategories is PASSED&#xD;
&#xD;
2019-07-09 14:56:25 - [TEST_CASE][PASSED] - Test Cases/ShopOpen/Survey/SurveyQuestions/VisitSurveyQuestions: Test Cases/ShopOpen/Survey/SurveyQuestions/VisitSurveyQuestions&#xD;
&#xD;
2019-07-09 14:56:26 - [TEST_STEP][PASSED] - verifyElementExist(findTestObject("ShopOpen/Survey/Validate_SurveyQuestionsScreen", ["package":PACKAGENAME]), 0): Element 'Object Repository/ShopOpen/Survey/Validate_SurveyQuestionsScreen' is exist&#xD;
&#xD;
2019-07-09 14:56:26 - [MESSAGE][WARNING] - Timeout '0' is invalid. Using default page load timeout: '6'&#xD;
&#xD;
2019-07-09 14:56:27 - [MESSAGE][PASSED] - Element 'Object Repository/ShopOpen/Survey/Validate_SurveyQuestionsScreen' is exist&#xD;
&#xD;
2019-07-09 14:56:27 - [TEST_STEP][PASSED] - qa.keywords.SurveyKeywords.visitSurveyQuestions(): qa.keywords.SurveyKeywords.visitSurveyQuestions is PASSED&#xD;
&#xD;
2019-07-09 14:56:30 - [MESSAGE][PASSED] - Keyboard is hidden&#xD;
&#xD;
2019-07-09 14:56:32 - [MESSAGE][PASSED] - Keyboard is hidden&#xD;
&#xD;
2019-07-09 14:56:35 - [MESSAGE][PASSED] - Keyboard is hidden&#xD;
&#xD;
2019-07-09 14:56:37 - [MESSAGE][PASSED] - Keyboard is hidden&#xD;
&#xD;
2019-07-09 14:56:38 - [MESSAGE][WARNING] - Timeout '0' is invalid. Using default page load timeout: '6'&#xD;
&#xD;
2019-07-09 14:56:39 - [MESSAGE][PASSED] - Element 'Object Repository/ShopOpen/Survey/Validate_RemarksPopup' is exist&#xD;
&#xD;
2019-07-09 14:56:39 - [MESSAGE][WARNING] - Timeout '0' is invalid. Using default page load timeout: '6'&#xD;
&#xD;
2019-07-09 14:56:40 - [MESSAGE][PASSED] - Tapped on element 'Object Repository/ShopOpen/Survey/RemarksPopup_Yes'&#xD;
&#xD;
2019-07-09 14:56:42 - [MESSAGE][WARNING] - Timeout '0' is invalid. Using default page load timeout: '6'&#xD;
&#xD;
2019-07-09 14:56:43 - [MESSAGE][PASSED] - Element 'Object Repository/CommonScreenElements/Validate_CameraScreen' is exist&#xD;
&#xD;
2019-07-09 14:56:43 - [MESSAGE][WARNING] - Timeout '0' is invalid. Using default page load timeout: '6'&#xD;
&#xD;
2019-07-09 14:56:46 - [MESSAGE][PASSED] - Tapped on element 'Object Repository/CommonScreenElements/Camera_TakePictureButton'&#xD;
&#xD;
2019-07-09 14:56:51 - [MESSAGE][PASSED] - Delayed 5 second(s)&#xD;
&#xD;
2019-07-09 14:56:51 - [MESSAGE][WARNING] - Timeout '0' is invalid. Using default page load timeout: '6'&#xD;
&#xD;
2019-07-09 14:56:52 - [MESSAGE][PASSED] - Tapped on element 'Object Repository/CommonScreenElements/Camera_DoneButton'&#xD;
&#xD;
2019-07-09 14:56:52 - [MESSAGE][WARNING] - Timeout '0' is invalid. Using default page load timeout: '6'&#xD;
&#xD;
2019-07-09 14:56:53 - [MESSAGE][PASSED] - Element 'Object Repository/ShopOpen/Survey/Validate_SurveyQuestionsScreen' is exist&#xD;
&#xD;
2019-07-09 14:56:55 - [MESSAGE][PASSED] - Swiped from 10,450 to 10,200&#xD;
&#xD;
2019-07-09 14:56:58 - [MESSAGE][WARNING] - Timeout '0' is invalid. Using default page load timeout: '6'&#xD;
&#xD;
2019-07-09 14:56:59 - [MESSAGE][PASSED] - Element 'Object Repository/CommonScreenElements/Validate_CameraScreen' is exist&#xD;
&#xD;
2019-07-09 14:56:59 - [MESSAGE][WARNING] - Timeout '0' is invalid. Using default page load timeout: '6'&#xD;
&#xD;
2019-07-09 14:57:02 - [MESSAGE][PASSED] - Tapped on element 'Object Repository/CommonScreenElements/Camera_TakePictureButton'&#xD;
&#xD;
2019-07-09 14:57:07 - [MESSAGE][PASSED] - Delayed 5 second(s)&#xD;
&#xD;
2019-07-09 14:57:07 - [MESSAGE][WARNING] - Timeout '0' is invalid. Using default page load timeout: '6'&#xD;
&#xD;
2019-07-09 14:57:08 - [MESSAGE][PASSED] - Tapped on element 'Object Repository/CommonScreenElements/Camera_DoneButton'&#xD;
&#xD;
2019-07-09 14:57:08 - [MESSAGE][WARNING] - Timeout '0' is invalid. Using default page load timeout: '6'&#xD;
&#xD;
2019-07-09 14:57:09 - [MESSAGE][PASSED] - Element 'Object Repository/ShopOpen/Survey/Validate_SurveyQuestionsScreen' is exist&#xD;
&#xD;
2019-07-09 14:57:11 - [MESSAGE][PASSED] - Swiped from 10,450 to 10,200&#xD;
&#xD;
2019-07-09 14:57:12 - [MESSAGE][WARNING] - Timeout '0' is invalid. Using default page load timeout: '6'&#xD;
&#xD;
2019-07-09 14:57:15 - [MESSAGE][PASSED] - Element 'Object Repository/CommonScreenElements/Validate_CameraScreen' is exist&#xD;
&#xD;
2019-07-09 14:57:15 - [MESSAGE][WARNING] - Timeout '0' is invalid. Using default page load timeout: '6'&#xD;
&#xD;
2019-07-09 14:57:18 - [MESSAGE][PASSED] - Tapped on element 'Object Repository/CommonScreenElements/Camera_TakePictureButton'&#xD;
&#xD;
2019-07-09 14:57:23 - [MESSAGE][PASSED] - Delayed 5 second(s)&#xD;
&#xD;
2019-07-09 14:57:23 - [MESSAGE][WARNING] - Timeout '0' is invalid. Using default page load timeout: '6'&#xD;
&#xD;
2019-07-09 14:57:23 - [MESSAGE][PASSED] - Tapped on element 'Object Repository/CommonScreenElements/Camera_DoneButton'&#xD;
&#xD;
2019-07-09 14:57:23 - [MESSAGE][WARNING] - Timeout '0' is invalid. Using default page load timeout: '6'&#xD;
&#xD;
2019-07-09 14:57:24 - [MESSAGE][PASSED] - Element 'Object Repository/ShopOpen/Survey/Validate_SurveyQuestionsScreen' is exist&#xD;
&#xD;
2019-07-09 14:57:25 - [MESSAGE][PASSED] - Swiped from 10,450 to 10,200&#xD;
&#xD;
2019-07-09 14:57:26 - [MESSAGE][PASSED] - qa.keywords.SurveyKeywords.visitSurveyQuestions is PASSED&#xD;
&#xD;
2019-07-09 14:57:26 - [TEST_STEP][PASSED] - pressBack(): Press back button successfully&#xD;
&#xD;
2019-07-09 14:57:27 - [MESSAGE][PASSED] - Press back button successfully&#xD;
&#xD;
2019-07-09 14:57:27 - [MESSAGE][PASSED] - Call Test Case 'Test Cases/ShopOpen/Survey/SurveyQuestions/VisitSurveyQuestions' successfully&#xD;
&#xD;
2019-07-09 14:57:27 - [MESSAGE][PASSED] - qa.keywords.SurveyKeywords.visitQuestionCategories is PASSED&#xD;
&#xD;
2019-07-09 14:57:27 - [TEST_STEP][PASSED] - pressBack(): Press back button successfully&#xD;
&#xD;
2019-07-09 14:57:28 - [MESSAGE][PASSED] - Press back button successfully&#xD;
&#xD;
2019-07-09 14:57:28 - [TEST_STEP][PASSED] - verifyElementExist(findTestObject("ShopOpen/Validate_ShopCategoriesListScreen"), 0): Element 'Object Repository/ShopOpen/Validate_ShopCategoriesListScreen' is exist&#xD;
&#xD;
2019-07-09 14:57:28 - [MESSAGE][WARNING] - Timeout '0' is invalid. Using default page load timeout: '6'&#xD;
&#xD;
2019-07-09 14:57:29 - [MESSAGE][PASSED] - Element 'Object Repository/ShopOpen/Validate_ShopCategoriesListScreen' is exist&#xD;
&#xD;
2019-07-09 14:57:29 - [MESSAGE][PASSED] - Call Test Case 'Test Cases/ShopOpen/Survey/visitSurveyCategories' successfully&#xD;
&#xD;
2019-07-09 14:57:38 - [MESSAGE][PASSED] - Swiped from 0,200 to 0,750&#xD;
&#xD;
2019-07-09 14:57:52 - [MESSAGE][PASSED] - qa.keywords.CategoryVisitingScenariosKeywords.visitShopCategoriesWithDataVerification is PASSED&#xD;
&#xD;
2019-07-09 14:57:52 - [MESSAGE][PASSED] - Call Test Case 'Test Cases/ShopOpen/VisitCategoryScenarios/VisitShopCategoriesWithDataVerification' successfully&#xD;
&#xD;
2019-07-09 14:57:52 - [TEST_CASE][PASSED] - Test Cases/ShopOpen/SaveShop: Test Cases/ShopOpen/SaveShop&#xD;
&#xD;
2019-07-09 14:57:52 - [TEST_STEP][PASSED] - tap(findTestObject("ShopOpen/SubmitButtonToSaveShop", ["package":PACKAGENAME]), 0): Tapped on element 'Object Repository/ShopOpen/SubmitButtonToSaveShop'&#xD;
&#xD;
2019-07-09 14:57:52 - [MESSAGE][WARNING] - Timeout '0' is invalid. Using default page load timeout: '6'&#xD;
&#xD;
2019-07-09 14:57:53 - [MESSAGE][PASSED] - Tapped on element 'Object Repository/ShopOpen/SubmitButtonToSaveShop'&#xD;
&#xD;
2019-07-09 14:57:53 - [TEST_STEP][PASSED] - verifyElementExist(findTestObject("CommonScreenElements/Validate_InfoPopUP", ["package":PACKAGENAME]), 0): Element 'Object Repository/CommonScreenElements/Validate_InfoPopUP' is exist&#xD;
&#xD;
2019-07-09 14:57:53 - [MESSAGE][WARNING] - Timeout '0' is invalid. Using default page load timeout: '6'&#xD;
&#xD;
2019-07-09 14:57:54 - [MESSAGE][PASSED] - Element 'Object Repository/CommonScreenElements/Validate_InfoPopUP' is exist&#xD;
&#xD;
2019-07-09 14:57:54 - [TEST_STEP][PASSED] - tap(findTestObject("CommonScreenElements/InfoPopUp_YesButton", ["package":PACKAGENAME]), 0): Tapped on element 'Object Repository/CommonScreenElements/InfoPopUp_YesButton'&#xD;
&#xD;
2019-07-09 14:57:54 - [MESSAGE][WARNING] - Timeout '0' is invalid. Using default page load timeout: '6'&#xD;
&#xD;
2019-07-09 14:57:54 - [MESSAGE][PASSED] - Tapped on element 'Object Repository/CommonScreenElements/InfoPopUp_YesButton'&#xD;
&#xD;
2019-07-09 14:57:54 - [TEST_STEP][PASSED] - verifyElementText(findTestObject("Validate_ShopListScreen", ["package":PACKAGENAME]), "Shops on Route"): Actual text and expected text of test object 'Object Repository/Validate_ShopListScreen' are matched.&#xD;
&#xD;
2019-07-09 14:57:55 - [MESSAGE][PASSED] - Actual text and expected text of test object 'Object Repository/Validate_ShopListScreen' are matched.&#xD;
&#xD;
2019-07-09 14:57:55 - [MESSAGE][PASSED] - Call Test Case 'Test Cases/ShopOpen/SaveShop' successfully&#xD;
&#xD;
2019-07-09 14:57:55 - [MESSAGE][WARNING] - Timeout '0' is invalid. Using default page load timeout: '6'&#xD;
&#xD;
2019-07-09 14:57:56 - [MESSAGE][PASSED] - Element 'Object Repository/Validate_ShopListScreen' is exist&#xD;
&#xD;
2019-07-09 14:57:56 - [MESSAGE][PASSED] - Press back button successfully&#xD;
&#xD;
2019-07-09 14:57:57 - [MESSAGE][PASSED] - Actual text and expected text of test object 'Object Repository/SliderOptions/Validate_OutOfRoute_RouteListScreen' are matched.&#xD;
&#xD;
2019-07-09 14:57:57 - [MESSAGE][PASSED] - Press back button successfully&#xD;
&#xD;
2019-07-09 14:57:57 - [MESSAGE][WARNING] - Timeout '0' is invalid. Using default page load timeout: '6'&#xD;
&#xD;
2019-07-09 14:57:59 - [MESSAGE][PASSED] - Element 'Object Repository/SliderOptions/Validate_SliderItemsScreen' is exist&#xD;
&#xD;
2019-07-09 14:57:59 - [MESSAGE][PASSED] - qa.keywords.SliderOptionsKeywords.findSliderOption is PASSED&#xD;
&#xD;
2019-07-09 14:57:59 - [TEST_STEP][NOT_RUN] - qa.keywords.SliderOptionsKeywords.findSliderOption("Abnormal Shops"): NOT_RUN: qa.keywords.SliderOptionsKeywords.findSliderOption("Abnormal Shops")&#xD;
&#xD;
2019-07-09 14:57:59 - [MESSAGE][NOT_RUN] - NOT_RUN: qa.keywords.SliderOptionsKeywords.findSliderOption("Abnormal Shops")&#xD;
&#xD;
2019-07-09 14:57:59 - [TEST_STEP][PASSED] - qa.keywords.SliderOptionsKeywords.findSliderOption("Info"): qa.keywords.SliderOptionsKeywords.findSliderOption is PASSED&#xD;
&#xD;
2019-07-09 14:57:59 - [MESSAGE][PASSED] - Swiped from 5,200 to 5,500&#xD;
&#xD;
2019-07-09 14:58:00 - [MESSAGE][PASSED] - Swiped from 5,200 to 5,500&#xD;
&#xD;
2019-07-09 14:58:16 - [MESSAGE][PASSED] - Actual text and expected text of test object 'Object Repository/SliderOptions/Validate_LoginCode' are matched.&#xD;
&#xD;
2019-07-09 14:58:16 - [MESSAGE][PASSED] - Actual text and expected text of test object 'Object Repository/SliderOptions/Validate_LoginTime' are matched.&#xD;
&#xD;
2019-07-09 14:58:16 - [MESSAGE][PASSED] - Actual text and expected text of test object 'Object Repository/SliderOptions/Validate_SyncAttempted' are matched.&#xD;
&#xD;
2019-07-09 14:58:17 - [MESSAGE][PASSED] - Actual text and expected text of test object 'Object Repository/SliderOptions/Validate_SyncSuccessful' are matched.&#xD;
&#xD;
2019-07-09 14:58:17 - [MESSAGE][PASSED] - Actual text and expected text of test object 'Object Repository/SliderOptions/Validate_RefreshRoutes' are matched.&#xD;
&#xD;
2019-07-09 14:58:18 - [MESSAGE][PASSED] - Actual text and expected text of test object 'Object Repository/SliderOptions/Validate_BuildVersion' are matched.&#xD;
&#xD;
2019-07-09 14:58:18 - [MESSAGE][PASSED] - Press back button successfully&#xD;
&#xD;
2019-07-09 14:58:18 - [MESSAGE][WARNING] - Timeout '0' is invalid. Using default page load timeout: '6'&#xD;
&#xD;
2019-07-09 14:58:19 - [MESSAGE][PASSED] - Element 'Object Repository/SliderOptions/Validate_SliderItemsScreen' is exist&#xD;
&#xD;
2019-07-09 14:58:24 - [MESSAGE][PASSED] - qa.keywords.SliderOptionsKeywords.findSliderOption is PASSED&#xD;
&#xD;
2019-07-09 14:58:24 - [TEST_STEP][NOT_RUN] - qa.keywords.SliderOptionsKeywords.findSliderOption("RedFlag Shops"): NOT_RUN: qa.keywords.SliderOptionsKeywords.findSliderOption("RedFlag Shops")&#xD;
&#xD;
2019-07-09 14:58:24 - [MESSAGE][NOT_RUN] - NOT_RUN: qa.keywords.SliderOptionsKeywords.findSliderOption("RedFlag Shops")&#xD;
&#xD;
2019-07-09 14:58:24 - [TEST_STEP][PASSED] - swipe(320, 5, 2, 5): Swiped from 320,5 to 2,5&#xD;
&#xD;
2019-07-09 14:58:25 - [MESSAGE][PASSED] - Swiped from 320,5 to 2,5&#xD;
&#xD;
2019-07-09 14:58:25 - [TEST_STEP][PASSED] - qa.keywords.SliderOptionsKeywords.displayMissingSliderOptionsInReport(): qa.keywords.SliderOptionsKeywords.displayMissingSliderOptionsInReport is PASSED&#xD;
&#xD;
2019-07-09 14:58:25 - [MESSAGE][INFO] - 

---------------------------------------------Missing Shop Data-----------------------------------------------------------------------------------------------------

&lt;--------------------------------------------------------------------------------------------------------------------------------------&gt;

Shop Name: AJ BAKERS                                        Channel: Bakery Fragmented                                  
Visiting Scenarios: Data Verification                       Remark: Out Of Route Shops                                  

Shop Categories:              Expiry Issue,   
above items are display on device not match with expected items...



Shop Remarks:                 Shop To Be Removed,   
above items are missing on device...



Question Categories:

Main Category:                Survey                                                      
Question Categories:          Competition Tracking,	
above items are missing on device...



&lt;--------------------------------------------------------------------------------------------------------------------------------------&gt;

&#xD;
&#xD;
2019-07-09 14:58:25 - [MESSAGE][INFO] - 


---------------------------------------------Visited Shop Data-----------------------------------------------------------------------------------------------------

&lt;--------------------------------------------------------------------------------------------------------------------------------------&gt;

Shop Name: AJ BAKERS                                        Channel: Bakery Fragmented                                  
Visiting Scenarios: Shop Open                               Remark: Out Of Route Shops                                  

Other Categories Visiting Scenarios:    (1) 'RTM visit frequency' with 'Once a week'
                                            'Pop Application' with 'No' remark                                                                  
                                            'Retailer Remarks' with 'OB not visiting' remark                                                    
                                            'Hanger Availability' with 'Yes' remark                                                             
                                        (2) 'RTM visit frequency' with 'Twice a week'                                                       
                                            'Pop Application' with 'No' remark                                                                  
                                            'Retailer Remarks' with 'SM not visiting' remark                                                    
                                            'Hanger Availability' with 'No' remark                                                              

Main Category:                Chiller                                                     
Scenarios:                    Chiller Not Allocated  ==&gt;  null                                                                                                  

Product Category:             Juices - 200ML                                              
Products:                                         Facing                      Stock Taking                Overwrite Facing            Overwrite Stock Taking      
FRUITA VITALS CHAUNSA 200ML                       14576                       16390                       null                        null                        
FRUITA VITALS RED GRAPES 200ML                    14577                       16391                       null                        null                        
NESFRUTA MANGO 200ML                              14579                       16393                       null                        null                        
FRUITA VITALS APPLE 200ML                         14578                       16392                       null                        null                        
FRUITA VITALS PEACH 200ML                         14580                       16394                       null                        null                        
FRUITA VITALS ROYAL MANGOES 200ML                 14581                       16395                       null                        null                        


Product Category:             Water                                                       
Products:                                         Facing                      Stock Taking                Overwrite Facing            Overwrite Stock Taking      
Water Npl 500ML                                   14591                       16405                       null                        null                        
Water Npl 1500ML                                  14592                       16406                       null                        null                        
Water Npl 330ML                                   14593                       16407                       null                        null                        


Product Category:             Flavoured Milk                                              
Products:                                         Facing                      Stock Taking                Overwrite Facing            Overwrite Stock Taking      
MILO RTD 200ML                                    14590                       16404                       null                        null                        


Product Category:             Yogurt                                                      
Products:                                         Facing                      Stock Taking                Overwrite Facing            Overwrite Stock Taking      
Sweet &amp; Tasty 400GM                               14583                       16397                       null                        null                        
Nestle Nesvita YOGURT 400GM                       14585                       16399                       null                        null                        
NESTLE MILKPAK YOGURT POUCH 500GM                 14582                       16396                       null                        null                        
NESTLE ZEERA RAITA 250GM                          14586                       16400                       null                        null                        
PODINA RAITA 250GM                                14584                       16398                       null                        null                        
NESTLE MILKPAK YOGURT CUP 450GM                   14587                       16401                       null                        null                        
Sweet &amp; Tasty 200GM                               14588                       16402                       null                        null                        
NESTLE MILKPAK YOGURT POUCH 1000GM                14589                       16403                       null                        null                        

                                ----------------------------------------------------------------------------------------------------                                


Main Category:                Nutrition                                                   
Scenarios:                    Display Space Available  ==&gt;  null                                                                                                

Product Category:             Nutrition                                                   
Products:                                         Facing                      Stock Taking                Overwrite Facing            Overwrite Stock Taking      
CERELAC 3 Fruit 175GM                             101                         1915                        null                        null                        
CERELAC Wheat 350GM                               102                         1916                        null                        null                        
CERELAC RICE 175GM                                103                         1917                        null                        null                        
NIDO NNS 1+ 400GM                                 105                         1919                        null                        null                        
Nido NNS 3+ 400GM                                 106                         1920                        null                        null                        
CERELAC Wheat 175GM                               104                         1918                        null                        null                        
CERELAC 3 Fruit 350GM                             100                         1914                        null                        null                        

                                ----------------------------------------------------------------------------------------------------                                


Main Category:                Dairy Liquid                                                
Scenarios:                    Display Space Available  ==&gt;  null                                                                                                

Product Category:             Dairy Liquid                                                
Products:                                         Facing                      Stock Taking                Overwrite Facing            Overwrite Stock Taking      
MILKPAK UHT 250ML                                 82                          1896                        null                        null                        
MILKPAK UHT 1000ML                                83                          1897                        null                        null                        
EVERYDAY UHT 180ML                                84                          1898                        null                        null                        
MILKPAK CREAM 200ML                               85                          1899                        null                        null                        
NESVITA UHT 1000ML                                86                          1900                        null                        null                        
NESVITA UHT 200ML                                 87                          1901                        null                        null                        
EVERYDAY UHT 225ML                                88                          1902                        null                        null                        

                                ----------------------------------------------------------------------------------------------------                                


Main Category:                BFC                                                         
Scenarios:                    Display Space Available  ==&gt;  null                                                                                                

Product Category:             BFC                                                         
Products:                                         Facing                      Stock Taking                Overwrite Facing            Overwrite Stock Taking      
Nestle KOKO KRUNCH 80GM                           116                         1930                        null                        null                        
MILO Cereal 80GM                                  118                         1932                        null                        null                        
Nestle KOKO KRUNCH 330GM                          113                         1927                        null                        null                        
Nestle KOKO KRUNCH 170GM                          115                         1929                        null                        null                        
MILO Cereal 330GM                                 114                         1928                        null                        null                        
MILO Cereal 170GM                                 117                         1931                        null                        null                        

                                ----------------------------------------------------------------------------------------------------                                


Main Category:                Powder Tea Whitener                                         
Scenarios:                    Display Space Available  ==&gt;  null                                                                                                

Product Category:             Powder Tea Whitener                                         
Products:                                         Facing                      Stock Taking                Overwrite Facing            Overwrite Stock Taking      
NESTLE EVERYDAY ORIGINAL 375GM                    111                         1925                        null                        null                        
NESTLE EVERYDAY ORIGINAL 900GM                    110                         1924                        null                        null                        
NESTLE EVERYDAY MIXED TEA 250GM                   112                         1926                        null                        null                        

                                ----------------------------------------------------------------------------------------------------                                


Main Category:                Juices                                                      
Scenarios:                    Display Space Available  ==&gt;  null                                                                                                

Product Category:             Juices                                                      
Products:                                         Facing                      Stock Taking                Overwrite Facing            Overwrite Stock Taking      
FRUITA VITALS CHAUNSA 1000ML                      89                          1903                        null                        null                        
FRUITA VITALS RED GRAPES 1000ML                   90                          1904                        null                        null                        
FRUITA VITALS APPLE 1000ML                        91                          1905                        null                        null                        
NESFRUTA MANGO 1000ML                             92                          1906                        null                        null                        
FRUITA VITALS PEACH 1000ML                        93                          1907                        null                        null                        
NESFRUTA APPLE 1000ML                             94                          1908                        null                        null                        
FRUITA VITALS ROYAL MANGOES 1000ML                95                          1909                        null                        null                        

                                ----------------------------------------------------------------------------------------------------                                


Main Category:                Infant Nutrition                                            
Scenarios:                    Display Space Available  ==&gt;  null                                                                                                

Product Category:             Infant Nutrition                                            
Products:                                         Facing                      Stock Taking                Overwrite Facing            Overwrite Stock Taking      
LACTOGEN 1 200GM                                  98                          1912                        null                        null                        
LACTOGEN 1 400GM                                  96                          1910                        null                        null                        
LACTOGEN 2 400GM                                  97                          1911                        null                        null                        
LACTOGEN 2 200GM                                  99                          1913                        null                        null                        

                                ----------------------------------------------------------------------------------------------------                                


Main Category:                Dairy Powder                                                
Scenarios:                    Display Space Available  ==&gt;  null                                                                                                

Product Category:             Dairy Powder                                                
Products:                                         Facing                      Stock Taking                Overwrite Facing            Overwrite Stock Taking      
Nido Fortigrow 910GM                              108                         1922                        null                        null                        
NESTLE BUNYAD 260GM                               107                         1921                        null                        null                        
NESTLE BUNYAD 910GM                               109                         1923                        null                        null                        

                                ----------------------------------------------------------------------------------------------------                                


Main Category:                Coffee                                                      
Scenarios:                    Display Space Available  ==&gt;  null                                                                                                

Product Category:             Coffee                                                      
Products:                                         Facing                      Stock Taking                Overwrite Facing            Overwrite Stock Taking      
NESCAFE 3IN1 BOX 20GM                             119                         1933                        null                        null                        
NESCAFE CLASSIC 50GM                              121                         1935                        null                        null                        
NESCAFE CLASSIC 100GM                             120                         1934                        null                        null                        

                                ----------------------------------------------------------------------------------------------------                                


&lt;--------------------------------------------------------------------------------------------------------------------------------------&gt;

&#xD;
&#xD;
2019-07-09 14:58:25 - [MESSAGE][PASSED] - qa.keywords.SliderOptionsKeywords.displayMissingSliderOptionsInReport is PASSED</system-out>
            <system-err></system-err>
        </testcase>
        <testcase name="Test Cases/Attendence/VisitAttendance_ForMerchandising" classname="Test Cases/Attendence/VisitAttendance_ForMerchandising" status="PASSED">
            <system-out>2019-07-09 14:58:25 - [TEST_CASE][PASSED] - Test Cases/Attendence/VisitAttendance_ForMerchandising: Test Cases/Attendence/VisitAttendance_ForMerchandising&#xD;
&#xD;
2019-07-09 14:58:25 - [TEST_STEP][PASSED] - verifyElementText(findTestObject("DashboardScreenElements/Validate_DashboardScreen", ["package":PACKAGENAME]), "Dashboard"): Actual text and expected text of test object 'Object Repository/DashboardScreenElements/Validate_DashboardScreen' are matched.&#xD;
&#xD;
2019-07-09 14:58:26 - [MESSAGE][PASSED] - Actual text and expected text of test object 'Object Repository/DashboardScreenElements/Validate_DashboardScreen' are matched.&#xD;
&#xD;
2019-07-09 14:58:26 - [TEST_STEP][PASSED] - qa.keywords.CommonKeywords.selectday(): qa.keywords.CommonKeywords.selectday is PASSED&#xD;
&#xD;
2019-07-09 14:58:26 - [MESSAGE][WARNING] - Timeout '0' is invalid. Using default page load timeout: '6'&#xD;
&#xD;
2019-07-09 14:58:26 - [MESSAGE][PASSED] - Tapped on element 'Object Repository/DashboardScreenElements/DaysDropdownMenu'&#xD;
&#xD;
2019-07-09 14:58:26 - [MESSAGE][WARNING] - Timeout '0' is invalid. Using default page load timeout: '6'&#xD;
&#xD;
2019-07-09 14:58:28 - [MESSAGE][PASSED] - Element 'Object Repository/DashboardScreenElements/Validate_DaysListScreen' is exist&#xD;
&#xD;
2019-07-09 14:58:29 - [MESSAGE][PASSED] - qa.keywords.CommonKeywords.selectday is PASSED&#xD;
&#xD;
2019-07-09 14:58:29 - [TEST_STEP][PASSED] - tap(findTestObject("DashboardScreenElements/StartYourDay", ["package":PACKAGENAME]), 0): Tapped on element 'Object Repository/DashboardScreenElements/StartYourDay'&#xD;
&#xD;
2019-07-09 14:58:29 - [MESSAGE][WARNING] - Timeout '0' is invalid. Using default page load timeout: '6'&#xD;
&#xD;
2019-07-09 14:58:30 - [MESSAGE][PASSED] - Tapped on element 'Object Repository/DashboardScreenElements/StartYourDay'&#xD;
&#xD;
2019-07-09 14:58:30 - [TEST_STEP][PASSED] - verifyElementText(findTestObject("Attendence/Validate_AttendenceScreen", ["package":PACKAGENAME]), "Attendance"): Actual text and expected text of test object 'Object Repository/Attendence/Validate_AttendenceScreen' are matched.&#xD;
&#xD;
2019-07-09 14:58:32 - [MESSAGE][PASSED] - Actual text and expected text of test object 'Object Repository/Attendence/Validate_AttendenceScreen' are matched.&#xD;
&#xD;
2019-07-09 14:58:32 - [TEST_STEP][PASSED] - tap(findTestObject("Attendence/TakeSelfie_ImageViewButton", ["package":PACKAGENAME]), 0): Tapped on element 'Object Repository/Attendence/TakeSelfie_ImageViewButton'&#xD;
&#xD;
2019-07-09 14:58:32 - [MESSAGE][WARNING] - Timeout '0' is invalid. Using default page load timeout: '6'&#xD;
&#xD;
2019-07-09 14:58:34 - [MESSAGE][PASSED] - Tapped on element 'Object Repository/Attendence/TakeSelfie_ImageViewButton'&#xD;
&#xD;
2019-07-09 14:58:34 - [TEST_STEP][PASSED] - qa.keywords.CommonKeywords.takePicture(): qa.keywords.CommonKeywords.takePicture is PASSED&#xD;
&#xD;
2019-07-09 14:58:34 - [MESSAGE][WARNING] - Timeout '0' is invalid. Using default page load timeout: '6'&#xD;
&#xD;
2019-07-09 14:58:35 - [MESSAGE][PASSED] - Element 'Object Repository/CommonScreenElements/Validate_CameraScreen' is exist&#xD;
&#xD;
2019-07-09 14:58:35 - [MESSAGE][WARNING] - Timeout '0' is invalid. Using default page load timeout: '6'&#xD;
&#xD;
2019-07-09 14:58:36 - [MESSAGE][PASSED] - Tapped on element 'Object Repository/CommonScreenElements/Camera_TakePictureButton'&#xD;
&#xD;
2019-07-09 14:58:41 - [MESSAGE][PASSED] - Delayed 5 second(s)&#xD;
&#xD;
2019-07-09 14:58:41 - [MESSAGE][WARNING] - Timeout '0' is invalid. Using default page load timeout: '6'&#xD;
&#xD;
2019-07-09 14:58:42 - [MESSAGE][PASSED] - Tapped on element 'Object Repository/CommonScreenElements/Camera_DoneButton'&#xD;
&#xD;
2019-07-09 14:58:42 - [MESSAGE][PASSED] - qa.keywords.CommonKeywords.takePicture is PASSED&#xD;
&#xD;
2019-07-09 14:58:42 - [TEST_STEP][PASSED] - qa.keywords.AttendenceKeywords.visitAttendenceRemark(): qa.keywords.AttendenceKeywords.visitAttendenceRemark is PASSED&#xD;
&#xD;
2019-07-09 14:58:43 - [MESSAGE][PASSED] - qa.keywords.AttendenceKeywords.visitAttendenceRemark is PASSED&#xD;
&#xD;
2019-07-09 14:58:43 - [TEST_STEP][PASSED] - tap(findTestObject("Attendence/Attendence_SubmitButton", ["package":PACKAGENAME]), 0): Tapped on element 'Object Repository/Attendence/Attendence_SubmitButton'&#xD;
&#xD;
2019-07-09 14:58:43 - [MESSAGE][WARNING] - Timeout '0' is invalid. Using default page load timeout: '6'&#xD;
&#xD;
2019-07-09 14:58:45 - [MESSAGE][PASSED] - Tapped on element 'Object Repository/Attendence/Attendence_SubmitButton'&#xD;
&#xD;
2019-07-09 14:58:45 - [TEST_STEP][PASSED] - delay(15, STOP_ON_FAILURE): Delayed 15 second(s)&#xD;
&#xD;
2019-07-09 14:59:00 - [MESSAGE][PASSED] - Delayed 15 second(s)&#xD;
&#xD;
2019-07-09 14:59:00 - [TEST_STEP][PASSED] - verifyElementExist(findTestObject("CommonScreenElements/Validate_MapScreen", ["package":PACKAGENAME]), 0): Element 'Object Repository/CommonScreenElements/Validate_MapScreen' is exist&#xD;
&#xD;
2019-07-09 14:59:00 - [MESSAGE][WARNING] - Timeout '0' is invalid. Using default page load timeout: '6'&#xD;
&#xD;
2019-07-09 14:59:00 - [MESSAGE][PASSED] - Element 'Object Repository/CommonScreenElements/Validate_MapScreen' is exist&#xD;
&#xD;
2019-07-09 14:59:00 - [TEST_STEP][PASSED] - tap(findTestObject("CommonScreenElements/Location_CheckIn", ["package":PACKAGENAME]), 0): Tapped on element 'Object Repository/CommonScreenElements/Location_CheckIn'&#xD;
&#xD;
2019-07-09 14:59:00 - [MESSAGE][WARNING] - Timeout '0' is invalid. Using default page load timeout: '6'&#xD;
&#xD;
2019-07-09 14:59:01 - [MESSAGE][PASSED] - Tapped on element 'Object Repository/CommonScreenElements/Location_CheckIn'&#xD;
&#xD;
2019-07-09 14:59:01 - [TEST_STEP][PASSED] - verifyElementExist(findTestObject("CommonScreenElements/Validate_InfoPopUP", ["package":PACKAGENAME]), 0): Element 'Object Repository/CommonScreenElements/Validate_InfoPopUP' is exist&#xD;
&#xD;
2019-07-09 14:59:01 - [MESSAGE][WARNING] - Timeout '0' is invalid. Using default page load timeout: '6'&#xD;
&#xD;
2019-07-09 14:59:02 - [MESSAGE][PASSED] - Element 'Object Repository/CommonScreenElements/Validate_InfoPopUP' is exist&#xD;
&#xD;
2019-07-09 14:59:02 - [TEST_STEP][PASSED] - tap(findTestObject("CommonScreenElements/InfoPopUp_YesButton", ["package":PACKAGENAME]), 0): Tapped on element 'Object Repository/CommonScreenElements/InfoPopUp_YesButton'&#xD;
&#xD;
2019-07-09 14:59:02 - [MESSAGE][WARNING] - Timeout '0' is invalid. Using default page load timeout: '6'&#xD;
&#xD;
2019-07-09 14:59:03 - [MESSAGE][PASSED] - Tapped on element 'Object Repository/CommonScreenElements/InfoPopUp_YesButton'</system-out>
            <system-err></system-err>
        </testcase>
        <testcase name="Test Cases/DistributionPoint/VisitDistributionPoint" classname="Test Cases/DistributionPoint/VisitDistributionPoint" status="PASSED">
            <system-out>2019-07-09 14:59:03 - [TEST_CASE][PASSED] - Test Cases/DistributionPoint/VisitDistributionPoint: Test Cases/DistributionPoint/VisitDistributionPoint&#xD;
&#xD;
2019-07-09 14:59:03 - [TEST_STEP][PASSED] - verifyElementText(findTestObject("DistributionPoint/Validate_RouteInfoScreen", ["package":PACKAGENAME]), "Route Info"): Actual text and expected text of test object 'Object Repository/DistributionPoint/Validate_RouteInfoScreen' are matched.&#xD;
&#xD;
2019-07-09 14:59:03 - [MESSAGE][PASSED] - Actual text and expected text of test object 'Object Repository/DistributionPoint/Validate_RouteInfoScreen' are matched.&#xD;
&#xD;
2019-07-09 14:59:03 - [TEST_STEP][PASSED] - tap(findTestObject("DistributionPoint/RouteInfoNextButton", ["package":PACKAGENAME]), 0): Tapped on element 'Object Repository/DistributionPoint/RouteInfoNextButton'&#xD;
&#xD;
2019-07-09 14:59:03 - [MESSAGE][WARNING] - Timeout '0' is invalid. Using default page load timeout: '6'&#xD;
&#xD;
2019-07-09 14:59:04 - [MESSAGE][PASSED] - Tapped on element 'Object Repository/DistributionPoint/RouteInfoNextButton'&#xD;
&#xD;
2019-07-09 14:59:04 - [TEST_STEP][PASSED] - verifyElementText(findTestObject("DistributionPoint/Validate_DistributionPointScreen", ["package":PACKAGENAME]), "Poster Quantity:"): Actual text and expected text of test object 'Object Repository/DistributionPoint/Validate_DistributionPointScreen' are matched.&#xD;
&#xD;
2019-07-09 14:59:06 - [MESSAGE][PASSED] - Actual text and expected text of test object 'Object Repository/DistributionPoint/Validate_DistributionPointScreen' are matched.&#xD;
&#xD;
2019-07-09 14:59:06 - [TEST_STEP][PASSED] - qa.keywords.DistributionPointKeywords.visitdistributionPoint(): qa.keywords.DistributionPointKeywords.visitdistributionPoint is PASSED&#xD;
&#xD;
2019-07-09 14:59:09 - [MESSAGE][PASSED] - Keyboard is hidden&#xD;
&#xD;
2019-07-09 14:59:11 - [MESSAGE][PASSED] - Keyboard is hidden&#xD;
&#xD;
2019-07-09 14:59:14 - [MESSAGE][PASSED] - Keyboard is hidden&#xD;
&#xD;
2019-07-09 14:59:16 - [MESSAGE][PASSED] - Keyboard is hidden&#xD;
&#xD;
2019-07-09 14:59:16 - [MESSAGE][PASSED] - qa.keywords.DistributionPointKeywords.visitdistributionPoint is PASSED&#xD;
&#xD;
2019-07-09 14:59:16 - [TEST_STEP][PASSED] - tap(findTestObject("DistributionPoint/DistributionPoint_SubmitButton", ["package":PACKAGENAME]), 0): Tapped on element 'Object Repository/DistributionPoint/DistributionPoint_SubmitButton'&#xD;
&#xD;
2019-07-09 14:59:16 - [MESSAGE][WARNING] - Timeout '0' is invalid. Using default page load timeout: '6'&#xD;
&#xD;
2019-07-09 14:59:17 - [MESSAGE][PASSED] - Tapped on element 'Object Repository/DistributionPoint/DistributionPoint_SubmitButton'&#xD;
&#xD;
2019-07-09 14:59:17 - [TEST_STEP][PASSED] - verifyElementText(findTestObject("DashboardScreenElements/Validate_DashboardScreen", ["package":PACKAGENAME]), "Dashboard"): Actual text and expected text of test object 'Object Repository/DashboardScreenElements/Validate_DashboardScreen' are matched.&#xD;
&#xD;
2019-07-09 14:59:19 - [MESSAGE][PASSED] - Actual text and expected text of test object 'Object Repository/DashboardScreenElements/Validate_DashboardScreen' are matched.</system-out>
            <system-err></system-err>
        </testcase>
        <testcase name="Test Cases/MerchandisingShopScenarios/VisitShopsWithDataVerification" classname="Test Cases/MerchandisingShopScenarios/VisitShopsWithDataVerification" status="PASSED">
            <system-out>2019-07-09 14:59:19 - [TEST_CASE][PASSED] - Test Cases/MerchandisingShopScenarios/VisitShopsWithDataVerification: Test Cases/MerchandisingShopScenarios/VisitShopsWithDataVerification&#xD;
&#xD;
2019-07-09 14:59:19 - [TEST_STEP][PASSED] - verifyElementText(findTestObject("DashboardScreenElements/Validate_DashboardScreen", ["package":PACKAGENAME]), "Dashboard"): Actual text and expected text of test object 'Object Repository/DashboardScreenElements/Validate_DashboardScreen' are matched.&#xD;
&#xD;
2019-07-09 14:59:19 - [MESSAGE][PASSED] - Actual text and expected text of test object 'Object Repository/DashboardScreenElements/Validate_DashboardScreen' are matched.&#xD;
&#xD;
2019-07-09 14:59:19 - [TEST_STEP][PASSED] - qa.keywords.CommonKeywords.selectday(): qa.keywords.CommonKeywords.selectday is PASSED&#xD;
&#xD;
2019-07-09 14:59:19 - [MESSAGE][WARNING] - Timeout '0' is invalid. Using default page load timeout: '6'&#xD;
&#xD;
2019-07-09 14:59:20 - [MESSAGE][PASSED] - Tapped on element 'Object Repository/DashboardScreenElements/DaysDropdownMenu'&#xD;
&#xD;
2019-07-09 14:59:20 - [MESSAGE][WARNING] - Timeout '0' is invalid. Using default page load timeout: '6'&#xD;
&#xD;
2019-07-09 14:59:21 - [MESSAGE][PASSED] - Element 'Object Repository/DashboardScreenElements/Validate_DaysListScreen' is exist&#xD;
&#xD;
2019-07-09 14:59:22 - [MESSAGE][PASSED] - qa.keywords.CommonKeywords.selectday is PASSED&#xD;
&#xD;
2019-07-09 14:59:22 - [TEST_STEP][PASSED] - tap(findTestObject("DashboardScreenElements/StartYourDay", ["package":PACKAGENAME]), 0): Tapped on element 'Object Repository/DashboardScreenElements/StartYourDay'&#xD;
&#xD;
2019-07-09 14:59:22 - [MESSAGE][WARNING] - Timeout '0' is invalid. Using default page load timeout: '6'&#xD;
&#xD;
2019-07-09 14:59:23 - [MESSAGE][PASSED] - Tapped on element 'Object Repository/DashboardScreenElements/StartYourDay'&#xD;
&#xD;
2019-07-09 14:59:23 - [TEST_STEP][PASSED] - verifyElementText(findTestObject("Validate_ShopListScreen", ["package":PACKAGENAME]), "Shops on Route"): Actual text and expected text of test object 'Object Repository/Validate_ShopListScreen' are matched.&#xD;
&#xD;
2019-07-09 14:59:25 - [MESSAGE][PASSED] - Actual text and expected text of test object 'Object Repository/Validate_ShopListScreen' are matched.&#xD;
&#xD;
2019-07-09 14:59:25 - [TEST_STEP][PASSED] - qa.keywords.ShopVisitingScenariosKeywords.visitShopWith_DataVerification(): qa.keywords.ShopVisitingScenariosKeywords.visitShopWith_DataVerification is PASSED&#xD;
&#xD;
2019-07-09 14:59:29 - [MESSAGE][PASSED] - Actual text and expected text of test object 'Object Repository/Validate_ShopOptionsScreen' are matched.&#xD;
&#xD;
2019-07-09 14:59:31 - [MESSAGE][WARNING] - Timeout '0' is invalid. Using default page load timeout: '6'&#xD;
&#xD;
2019-07-09 14:59:31 - [MESSAGE][PASSED] - Tapped on element 'Object Repository/StartWorking'&#xD;
&#xD;
2019-07-09 14:59:46 - [MESSAGE][PASSED] - Delayed 15 second(s)&#xD;
&#xD;
2019-07-09 14:59:47 - [MESSAGE][PASSED] - Element 'Object Repository/CommonScreenElements/Validate_MapScreen' is exist&#xD;
&#xD;
2019-07-09 14:59:47 - [MESSAGE][WARNING] - Timeout '0' is invalid. Using default page load timeout: '6'&#xD;
&#xD;
2019-07-09 14:59:48 - [MESSAGE][PASSED] - Tapped on element 'Object Repository/CommonScreenElements/Location_CheckIn'&#xD;
&#xD;
2019-07-09 14:59:48 - [MESSAGE][WARNING] - Timeout '0' is invalid. Using default page load timeout: '6'&#xD;
&#xD;
2019-07-09 14:59:48 - [MESSAGE][PASSED] - Element 'Object Repository/CommonScreenElements/Validate_InfoPopUP' is exist&#xD;
&#xD;
2019-07-09 14:59:48 - [MESSAGE][WARNING] - Timeout '0' is invalid. Using default page load timeout: '6'&#xD;
&#xD;
2019-07-09 14:59:49 - [MESSAGE][PASSED] - Tapped on element 'Object Repository/CommonScreenElements/InfoPopUp_NoButton'&#xD;
&#xD;
2019-07-09 14:59:52 - [TEST_CASE][PASSED] - Test Cases/ShopOpen/VisitShopOpen: Test Cases/ShopOpen/VisitShopOpen&#xD;
&#xD;
2019-07-09 14:59:52 - [TEST_STEP][PASSED] - verifyElementExist(findTestObject("ShopActions_List", ["package":PACKAGENAME]), 0): Element 'Object Repository/ShopActions_List' is exist&#xD;
&#xD;
2019-07-09 14:59:52 - [MESSAGE][WARNING] - Timeout '0' is invalid. Using default page load timeout: '6'&#xD;
&#xD;
2019-07-09 14:59:52 - [MESSAGE][PASSED] - Element 'Object Repository/ShopActions_List' is exist&#xD;
&#xD;
2019-07-09 14:59:52 - [TEST_STEP][PASSED] - tap(findTestObject("ShopOpen/ShopOpen", ["package":PACKAGENAME]), 0): Tapped on element 'Object Repository/ShopOpen/ShopOpen'&#xD;
&#xD;
2019-07-09 14:59:52 - [MESSAGE][WARNING] - Timeout '0' is invalid. Using default page load timeout: '6'&#xD;
&#xD;
2019-07-09 14:59:54 - [MESSAGE][PASSED] - Tapped on element 'Object Repository/ShopOpen/ShopOpen'&#xD;
&#xD;
2019-07-09 14:59:54 - [TEST_STEP][PASSED] - qa.keywords.CommonKeywords.takePicture(): qa.keywords.CommonKeywords.takePicture is PASSED&#xD;
&#xD;
2019-07-09 14:59:54 - [MESSAGE][WARNING] - Timeout '0' is invalid. Using default page load timeout: '6'&#xD;
&#xD;
2019-07-09 14:59:56 - [MESSAGE][PASSED] - Element 'Object Repository/CommonScreenElements/Validate_CameraScreen' is exist&#xD;
&#xD;
2019-07-09 14:59:56 - [MESSAGE][WARNING] - Timeout '0' is invalid. Using default page load timeout: '6'&#xD;
&#xD;
2019-07-09 14:59:59 - [MESSAGE][PASSED] - Tapped on element 'Object Repository/CommonScreenElements/Camera_TakePictureButton'&#xD;
&#xD;
2019-07-09 15:00:04 - [MESSAGE][PASSED] - Delayed 5 second(s)&#xD;
&#xD;
2019-07-09 15:00:04 - [MESSAGE][WARNING] - Timeout '0' is invalid. Using default page load timeout: '6'&#xD;
&#xD;
2019-07-09 15:00:05 - [MESSAGE][PASSED] - Tapped on element 'Object Repository/CommonScreenElements/Camera_DoneButton'&#xD;
&#xD;
2019-07-09 15:00:05 - [MESSAGE][PASSED] - qa.keywords.CommonKeywords.takePicture is PASSED&#xD;
&#xD;
2019-07-09 15:00:05 - [MESSAGE][PASSED] - Call Test Case 'Test Cases/ShopOpen/VisitShopOpen' successfully&#xD;
&#xD;
2019-07-09 15:00:05 - [TEST_CASE][PASSED] - Test Cases/ShopOpen/VisitCategoryScenarios/VisitShopCategoriesWithDataVerification: Test Cases/ShopOpen/VisitCategoryScenarios/VisitShopCategoriesWithDataVerification&#xD;
&#xD;
2019-07-09 15:00:05 - [TEST_STEP][PASSED] - verifyElementExist(findTestObject("ShopOpen/Validate_ShopCategoriesListScreen", ["package":PACKAGENAME]), 0): Element 'Object Repository/ShopOpen/Validate_ShopCategoriesListScreen' is exist&#xD;
&#xD;
2019-07-09 15:00:05 - [MESSAGE][WARNING] - Timeout '0' is invalid. Using default page load timeout: '6'&#xD;
&#xD;
2019-07-09 15:00:07 - [MESSAGE][PASSED] - Element 'Object Repository/ShopOpen/Validate_ShopCategoriesListScreen' is exist&#xD;
&#xD;
2019-07-09 15:00:07 - [TEST_STEP][PASSED] - qa.keywords.CategoryVisitingScenariosKeywords.visitShopCategoriesWithDataVerification(): qa.keywords.CategoryVisitingScenariosKeywords.visitShopCategoriesWithDataVerification is PASSED&#xD;
&#xD;
2019-07-09 15:00:20 - [MESSAGE][PASSED] - Swiped from 0,200 to 0,750&#xD;
&#xD;
2019-07-09 15:00:20 - [MESSAGE][PASSED] - Swiped from 0,200 to 0,750&#xD;
&#xD;
2019-07-09 15:00:21 - [MESSAGE][WARNING] - Timeout '0' is invalid. Using default page load timeout: '6'&#xD;
&#xD;
2019-07-09 15:00:29 - [MESSAGE][WARNING] - Element 'Object Repository/CommonScreenElements/Validate_CameraScreen' not found&#xD;
[[ATTACHMENT|F:\\Git Projects\\MMAPlus\\MMAPlus\\Reports\\MMA Plus Merchandising\\MMA Plus Merchandising With Data Verification\\20190709_143621\\1562666428324.png]]&#xD;
&#xD;
2019-07-09 15:00:29 - [MESSAGE][PASSED] - Actual text and expected text of test object 'Object Repository/ShopOpen/Chiller/Validate_ChillerScreen' are matched.&#xD;
&#xD;
2019-07-09 15:00:30 - [TEST_CASE][PASSED] - Test Cases/ShopOpen/Chiller/VisitChillerWithChillerNotAllocated: Test Cases/ShopOpen/Chiller/VisitChillerWithChillerNotAllocated&#xD;
&#xD;
2019-07-09 15:00:30 - [TEST_STEP][PASSED] - verifyElementText(findTestObject("ShopOpen/Chiller/Validate_ChillerNotAllocatedProductCategoryScreen", ["package":PACKAGENAME]), "Category:Chiller"): Actual text and expected text of test object 'Object Repository/ShopOpen/Chiller/Validate_ChillerNotAllocatedProductCategoryScreen' are matched.&#xD;
&#xD;
2019-07-09 15:00:33 - [MESSAGE][PASSED] - Actual text and expected text of test object 'Object Repository/ShopOpen/Chiller/Validate_ChillerNotAllocatedProductCategoryScreen' are matched.&#xD;
&#xD;
2019-07-09 15:00:33 - [TEST_STEP][PASSED] - qa.keywords.ChannelProductsDataKeywords.visitChillerNotAllocatedProductCategories(1): qa.keywords.ChannelProductsDataKeywords.visitChillerNotAllocatedProductCategories is PASSED&#xD;
&#xD;
2019-07-09 15:00:34 - [TEST_CASE][PASSED] - Test Cases/ShopOpen/Chiller/VisitProductCategoryAssets: Test Cases/ShopOpen/Chiller/VisitProductCategoryAssets&#xD;
&#xD;
2019-07-09 15:00:34 - [TEST_STEP][PASSED] - verifyElementText(findTestObject("ShopOpen/Chiller/Validate_ProductCategoryAssetsScreen", ["package":PACKAGENAME]), "Facing"): Actual text and expected text of test object 'Object Repository/ShopOpen/Chiller/Validate_ProductCategoryAssetsScreen' are matched.&#xD;
&#xD;
2019-07-09 15:00:37 - [MESSAGE][PASSED] - Actual text and expected text of test object 'Object Repository/ShopOpen/Chiller/Validate_ProductCategoryAssetsScreen' are matched.&#xD;
&#xD;
2019-07-09 15:00:37 - [TEST_STEP][PASSED] - tap(findTestObject("ShopOpen/Chiller/Facing", ["package":PACKAGENAME]), 0): Tapped on element 'Object Repository/ShopOpen/Chiller/Facing'&#xD;
&#xD;
2019-07-09 15:00:37 - [MESSAGE][WARNING] - Timeout '0' is invalid. Using default page load timeout: '6'&#xD;
&#xD;
2019-07-09 15:00:37 - [MESSAGE][PASSED] - Tapped on element 'Object Repository/ShopOpen/Chiller/Facing'&#xD;
&#xD;
2019-07-09 15:00:37 - [TEST_STEP][PASSED] - verifyElementText(findTestObject("ShopOpen/Chiller/Validate_FacingScreen", ["package":PACKAGENAME]), "Facing"): Actual text and expected text of test object 'Object Repository/ShopOpen/Chiller/Validate_FacingScreen' are matched.&#xD;
&#xD;
2019-07-09 15:00:39 - [MESSAGE][PASSED] - Actual text and expected text of test object 'Object Repository/ShopOpen/Chiller/Validate_FacingScreen' are matched.&#xD;
&#xD;
2019-07-09 15:00:39 - [TEST_STEP][PASSED] - qa.keywords.ChannelProductsDataKeywords.visitChannelWiseProductsData(CHANNEL_CHILLER_FACING, "Facing"): qa.keywords.ChannelProductsDataKeywords.visitChannelWiseProductsData is PASSED&#xD;
&#xD;
2019-07-09 15:00:43 - [MESSAGE][PASSED] - Keyboard is hidden&#xD;
&#xD;
2019-07-09 15:00:46 - [MESSAGE][PASSED] - Keyboard is hidden&#xD;
&#xD;
2019-07-09 15:00:49 - [MESSAGE][PASSED] - Keyboard is hidden&#xD;
&#xD;
2019-07-09 15:00:51 - [MESSAGE][PASSED] - qa.keywords.ChannelProductsDataKeywords.visitChannelWiseProductsData is PASSED&#xD;
&#xD;
2019-07-09 15:00:51 - [TEST_STEP][PASSED] - tap(findTestObject("ShopOpen/Chiller/SubmitButton", ["package":PACKAGENAME]), 0): Tapped on element 'Object Repository/ShopOpen/Chiller/SubmitButton'&#xD;
&#xD;
2019-07-09 15:00:51 - [MESSAGE][WARNING] - Timeout '0' is invalid. Using default page load timeout: '6'&#xD;
&#xD;
2019-07-09 15:00:52 - [MESSAGE][PASSED] - Tapped on element 'Object Repository/ShopOpen/Chiller/SubmitButton'&#xD;
&#xD;
2019-07-09 15:00:52 - [TEST_STEP][PASSED] - verifyElementText(findTestObject("ShopOpen/Chiller/Validate_ProductCategoryAssetsScreen", ["package":PACKAGENAME]), "Facing"): Actual text and expected text of test object 'Object Repository/ShopOpen/Chiller/Validate_ProductCategoryAssetsScreen' are matched.&#xD;
&#xD;
2019-07-09 15:00:53 - [MESSAGE][PASSED] - Actual text and expected text of test object 'Object Repository/ShopOpen/Chiller/Validate_ProductCategoryAssetsScreen' are matched.&#xD;
&#xD;
2019-07-09 15:00:53 - [TEST_STEP][PASSED] - tap(findTestObject("ShopOpen/Chiller/StockTaking", ["package":PACKAGENAME]), 0): Tapped on element 'Object Repository/ShopOpen/Chiller/StockTaking'&#xD;
&#xD;
2019-07-09 15:00:53 - [MESSAGE][WARNING] - Timeout '0' is invalid. Using default page load timeout: '6'&#xD;
&#xD;
2019-07-09 15:00:53 - [MESSAGE][PASSED] - Tapped on element 'Object Repository/ShopOpen/Chiller/StockTaking'&#xD;
&#xD;
2019-07-09 15:00:53 - [TEST_STEP][PASSED] - verifyElementText(findTestObject("ShopOpen/Chiller/Validate_StockTakingScreen", ["package":PACKAGENAME]), "Stock Taking"): Actual text and expected text of test object 'Object Repository/ShopOpen/Chiller/Validate_StockTakingScreen' are matched.&#xD;
&#xD;
2019-07-09 15:00:55 - [MESSAGE][PASSED] - Actual text and expected text of test object 'Object Repository/ShopOpen/Chiller/Validate_StockTakingScreen' are matched.&#xD;
&#xD;
2019-07-09 15:00:55 - [TEST_STEP][PASSED] - qa.keywords.ChannelProductsDataKeywords.visitChannelWiseProductsData(CHANNEL_CHILLER_STOCKTAKING, "Stock Taking"): qa.keywords.ChannelProductsDataKeywords.visitChannelWiseProductsData is PASSED&#xD;
&#xD;
2019-07-09 15:00:59 - [MESSAGE][PASSED] - Keyboard is hidden&#xD;
&#xD;
2019-07-09 15:01:02 - [MESSAGE][PASSED] - Keyboard is hidden&#xD;
&#xD;
2019-07-09 15:01:05 - [MESSAGE][PASSED] - Keyboard is hidden&#xD;
&#xD;
2019-07-09 15:01:07 - [MESSAGE][PASSED] - qa.keywords.ChannelProductsDataKeywords.visitChannelWiseProductsData is PASSED&#xD;
&#xD;
2019-07-09 15:01:07 - [TEST_STEP][PASSED] - tap(findTestObject("ShopOpen/Chiller/SubmitButton", ["package":PACKAGENAME]), 0): Tapped on element 'Object Repository/ShopOpen/Chiller/SubmitButton'&#xD;
&#xD;
2019-07-09 15:01:07 - [MESSAGE][WARNING] - Timeout '0' is invalid. Using default page load timeout: '6'&#xD;
&#xD;
2019-07-09 15:01:08 - [MESSAGE][PASSED] - Tapped on element 'Object Repository/ShopOpen/Chiller/SubmitButton'&#xD;
&#xD;
2019-07-09 15:01:08 - [TEST_STEP][PASSED] - verifyElementText(findTestObject("ShopOpen/Chiller/Validate_ProductCategoryAssetsScreen", ["package":PACKAGENAME]), "Facing"): Actual text and expected text of test object 'Object Repository/ShopOpen/Chiller/Validate_ProductCategoryAssetsScreen' are matched.&#xD;
&#xD;
2019-07-09 15:01:09 - [MESSAGE][PASSED] - Actual text and expected text of test object 'Object Repository/ShopOpen/Chiller/Validate_ProductCategoryAssetsScreen' are matched.&#xD;
&#xD;
2019-07-09 15:01:09 - [TEST_STEP][PASSED] - tap(findTestObject("ShopOpen/Chiller/ChillerNotAllocatedProductCategory_BackButton", ["package":PACKAGENAME]), 0): Tapped on element 'Object Repository/ShopOpen/Chiller/ChillerNotAllocatedProductCategory_BackButton'&#xD;
&#xD;
2019-07-09 15:01:09 - [MESSAGE][WARNING] - Timeout '0' is invalid. Using default page load timeout: '6'&#xD;
&#xD;
2019-07-09 15:01:09 - [MESSAGE][PASSED] - Tapped on element 'Object Repository/ShopOpen/Chiller/ChillerNotAllocatedProductCategory_BackButton'&#xD;
&#xD;
2019-07-09 15:01:09 - [MESSAGE][PASSED] - Call Test Case 'Test Cases/ShopOpen/Chiller/VisitProductCategoryAssets' successfully&#xD;
&#xD;
2019-07-09 15:01:10 - [MESSAGE][PASSED] - Actual text and expected text of test object 'Object Repository/ShopOpen/Chiller/Validate_ChillerNotAllocatedProductCategoryScreen' are matched.&#xD;
&#xD;
2019-07-09 15:01:10 - [MESSAGE][PASSED] - qa.keywords.ChannelProductsDataKeywords.visitChillerNotAllocatedProductCategories is PASSED&#xD;
&#xD;
2019-07-09 15:01:10 - [TEST_STEP][PASSED] - verifyElementText(findTestObject("ShopOpen/Chiller/Validate_ChillerNotAllocatedProductCategoryScreen", ["package":PACKAGENAME]), "Category:Chiller"): Actual text and expected text of test object 'Object Repository/ShopOpen/Chiller/Validate_ChillerNotAllocatedProductCategoryScreen' are matched.&#xD;
&#xD;
2019-07-09 15:01:10 - [MESSAGE][PASSED] - Actual text and expected text of test object 'Object Repository/ShopOpen/Chiller/Validate_ChillerNotAllocatedProductCategoryScreen' are matched.&#xD;
&#xD;
2019-07-09 15:01:10 - [TEST_STEP][PASSED] - qa.keywords.CommonKeywords.visitPlanogramImageViewButton(): qa.keywords.CommonKeywords.visitPlanogramImageViewButton is PASSED&#xD;
&#xD;
2019-07-09 15:01:12 - [MESSAGE][WARNING] - Timeout '0' is invalid. Using default page load timeout: '6'&#xD;
&#xD;
2019-07-09 15:01:19 - [MESSAGE][WARNING] - Object Object Repository/CommonScreenElements/InfoPopUp_OKButton not found&#xD;
[[ATTACHMENT|F:\\Git Projects\\MMAPlus\\MMAPlus\\Reports\\MMA Plus Merchandising\\MMA Plus Merchandising With Data Verification\\20190709_143621\\1562666478877.png]]&#xD;
&#xD;
2019-07-09 15:01:20 - [MESSAGE][PASSED] - qa.keywords.CommonKeywords.visitPlanogramImageViewButton is PASSED&#xD;
&#xD;
2019-07-09 15:01:20 - [TEST_STEP][PASSED] - verifyElementText(findTestObject("ShopOpen/Chiller/Validate_ChillerNotAllocatedProductCategoryScreen", ["package":PACKAGENAME]), "Category:Chiller"): Actual text and expected text of test object 'Object Repository/ShopOpen/Chiller/Validate_ChillerNotAllocatedProductCategoryScreen' are matched.&#xD;
&#xD;
2019-07-09 15:01:21 - [MESSAGE][PASSED] - Actual text and expected text of test object 'Object Repository/ShopOpen/Chiller/Validate_ChillerNotAllocatedProductCategoryScreen' are matched.&#xD;
&#xD;
2019-07-09 15:01:21 - [TEST_STEP][PASSED] - qa.keywords.CommonKeywords.visitPictureImageViewButton(): qa.keywords.CommonKeywords.visitPictureImageViewButton is PASSED&#xD;
&#xD;
2019-07-09 15:01:24 - [MESSAGE][WARNING] - Timeout '0' is invalid. Using default page load timeout: '6'&#xD;
&#xD;
2019-07-09 15:01:25 - [MESSAGE][PASSED] - Element 'Object Repository/CommonScreenElements/Validate_CameraScreen' is exist&#xD;
&#xD;
2019-07-09 15:01:25 - [MESSAGE][WARNING] - Timeout '0' is invalid. Using default page load timeout: '6'&#xD;
&#xD;
2019-07-09 15:01:28 - [MESSAGE][PASSED] - Tapped on element 'Object Repository/CommonScreenElements/Camera_TakePictureButton'&#xD;
&#xD;
2019-07-09 15:01:33 - [MESSAGE][PASSED] - Delayed 5 second(s)&#xD;
&#xD;
2019-07-09 15:01:33 - [MESSAGE][WARNING] - Timeout '0' is invalid. Using default page load timeout: '6'&#xD;
&#xD;
2019-07-09 15:01:34 - [MESSAGE][PASSED] - Tapped on element 'Object Repository/CommonScreenElements/Camera_DoneButton'&#xD;
&#xD;
2019-07-09 15:01:34 - [MESSAGE][PASSED] - qa.keywords.CommonKeywords.visitPictureImageViewButton is PASSED&#xD;
&#xD;
2019-07-09 15:01:34 - [TEST_STEP][PASSED] - verifyElementText(findTestObject("ShopOpen/Chiller/Validate_ChillerNotAllocatedProductCategoryScreen", ["package":PACKAGENAME]), "Category:Chiller"): Actual text and expected text of test object 'Object Repository/ShopOpen/Chiller/Validate_ChillerNotAllocatedProductCategoryScreen' are matched.&#xD;
&#xD;
2019-07-09 15:01:35 - [MESSAGE][PASSED] - Actual text and expected text of test object 'Object Repository/ShopOpen/Chiller/Validate_ChillerNotAllocatedProductCategoryScreen' are matched.&#xD;
&#xD;
2019-07-09 15:01:35 - [TEST_STEP][PASSED] - qa.keywords.CommonKeywords.visitBackImageViewButton(): qa.keywords.CommonKeywords.visitBackImageViewButton is PASSED&#xD;
&#xD;
2019-07-09 15:01:36 - [MESSAGE][PASSED] - qa.keywords.CommonKeywords.visitBackImageViewButton is PASSED&#xD;
&#xD;
2019-07-09 15:01:36 - [TEST_STEP][PASSED] - verifyElementExist(findTestObject("ShopOpen/Validate_ShopCategoriesListScreen", ["package":PACKAGENAME]), 0): Element 'Object Repository/ShopOpen/Validate_ShopCategoriesListScreen' is exist&#xD;
&#xD;
2019-07-09 15:01:36 - [MESSAGE][WARNING] - Timeout '0' is invalid. Using default page load timeout: '6'&#xD;
&#xD;
2019-07-09 15:01:38 - [MESSAGE][PASSED] - Element 'Object Repository/ShopOpen/Validate_ShopCategoriesListScreen' is exist&#xD;
&#xD;
2019-07-09 15:01:38 - [MESSAGE][PASSED] - Call Test Case 'Test Cases/ShopOpen/Chiller/VisitChillerWithChillerNotAllocated' successfully&#xD;
&#xD;
2019-07-09 15:01:39 - [MESSAGE][WARNING] - Timeout '0' is invalid. Using default page load timeout: '6'&#xD;
&#xD;
2019-07-09 15:01:46 - [MESSAGE][WARNING] - Element 'Object Repository/CommonScreenElements/Validate_CameraScreen' not found&#xD;
[[ATTACHMENT|F:\\Git Projects\\MMAPlus\\MMAPlus\\Reports\\MMA Plus Merchandising\\MMA Plus Merchandising With Data Verification\\20190709_143621\\1562666505432.png]]&#xD;
&#xD;
2019-07-09 15:01:46 - [MESSAGE][PASSED] - Actual text and expected text of test object 'Object Repository/ShopOpen/RemainingCategories/Validate_MainCategoryDetailScreen' are matched.&#xD;
&#xD;
2019-07-09 15:01:47 - [TEST_CASE][PASSED] - Test Cases/ShopOpen/RemainingCategories/VisitRemainingCategoriesWithDSA: Test Cases/ShopOpen/RemainingCategories/VisitRemainingCategoriesWithDSA&#xD;
&#xD;
2019-07-09 15:01:47 - [TEST_STEP][PASSED] - verifyElementText(findTestObject("ShopOpen/RemainingCategories/Validate_ProductCategoryAssetScreen", ["package":PACKAGENAME]), "Facing"): Actual text and expected text of test object 'Object Repository/ShopOpen/RemainingCategories/Validate_ProductCategoryAssetScreen' are matched.&#xD;
&#xD;
2019-07-09 15:01:49 - [MESSAGE][PASSED] - Actual text and expected text of test object 'Object Repository/ShopOpen/RemainingCategories/Validate_ProductCategoryAssetScreen' are matched.&#xD;
&#xD;
2019-07-09 15:01:49 - [TEST_STEP][PASSED] - tap(findTestObject("ShopOpen/RemainingCategories/Facing", ["package":PACKAGENAME]), 0): Tapped on element 'Object Repository/ShopOpen/RemainingCategories/Facing'&#xD;
&#xD;
2019-07-09 15:01:49 - [MESSAGE][WARNING] - Timeout '0' is invalid. Using default page load timeout: '6'&#xD;
&#xD;
2019-07-09 15:01:50 - [MESSAGE][PASSED] - Tapped on element 'Object Repository/ShopOpen/RemainingCategories/Facing'&#xD;
&#xD;
2019-07-09 15:01:50 - [TEST_STEP][PASSED] - verifyElementText(findTestObject("ShopOpen/RemainingCategories/Validate_FacingScreen", ["package":PACKAGENAME]), "Facing"): Actual text and expected text of test object 'Object Repository/ShopOpen/RemainingCategories/Validate_FacingScreen' are matched.&#xD;
&#xD;
2019-07-09 15:01:52 - [MESSAGE][PASSED] - Actual text and expected text of test object 'Object Repository/ShopOpen/RemainingCategories/Validate_FacingScreen' are matched.&#xD;
&#xD;
2019-07-09 15:01:52 - [TEST_STEP][PASSED] - qa.keywords.ChannelProductsDataKeywords.visitChannelWiseProductsData(CHANNEL_DSA_FACING, "Facing"): qa.keywords.ChannelProductsDataKeywords.visitChannelWiseProductsData is PASSED&#xD;
&#xD;
2019-07-09 15:01:57 - [MESSAGE][PASSED] - Keyboard is hidden&#xD;
&#xD;
2019-07-09 15:02:00 - [MESSAGE][PASSED] - Keyboard is hidden&#xD;
&#xD;
2019-07-09 15:02:03 - [MESSAGE][PASSED] - Keyboard is hidden&#xD;
&#xD;
2019-07-09 15:02:06 - [MESSAGE][PASSED] - Keyboard is hidden&#xD;
&#xD;
2019-07-09 15:02:09 - [MESSAGE][PASSED] - Keyboard is hidden&#xD;
&#xD;
2019-07-09 15:02:12 - [MESSAGE][PASSED] - Keyboard is hidden&#xD;
&#xD;
2019-07-09 15:02:18 - [MESSAGE][PASSED] - Keyboard is hidden&#xD;
&#xD;
2019-07-09 15:02:24 - [MESSAGE][PASSED] - Keyboard is hidden&#xD;
&#xD;
2019-07-09 15:02:30 - [MESSAGE][PASSED] - Keyboard is hidden&#xD;
&#xD;
2019-07-09 15:02:36 - [MESSAGE][PASSED] - Keyboard is hidden&#xD;
&#xD;
2019-07-09 15:02:42 - [MESSAGE][PASSED] - Keyboard is hidden&#xD;
&#xD;
2019-07-09 15:02:49 - [MESSAGE][PASSED] - Keyboard is hidden&#xD;
&#xD;
2019-07-09 15:02:55 - [MESSAGE][PASSED] - Keyboard is hidden&#xD;
&#xD;
2019-07-09 15:03:01 - [MESSAGE][PASSED] - Keyboard is hidden&#xD;
&#xD;
2019-07-09 15:03:07 - [MESSAGE][PASSED] - Keyboard is hidden&#xD;
&#xD;
2019-07-09 15:03:10 - [MESSAGE][PASSED] - qa.keywords.ChannelProductsDataKeywords.visitChannelWiseProductsData is PASSED&#xD;
&#xD;
2019-07-09 15:03:10 - [TEST_STEP][PASSED] - tap(findTestObject("ShopOpen/RemainingCategories/SubmitButton", ["package":PACKAGENAME]), 0): Tapped on element 'Object Repository/ShopOpen/RemainingCategories/SubmitButton'&#xD;
&#xD;
2019-07-09 15:03:10 - [MESSAGE][WARNING] - Timeout '0' is invalid. Using default page load timeout: '6'&#xD;
&#xD;
2019-07-09 15:03:11 - [MESSAGE][PASSED] - Tapped on element 'Object Repository/ShopOpen/RemainingCategories/SubmitButton'&#xD;
&#xD;
2019-07-09 15:03:11 - [TEST_STEP][PASSED] - verifyElementText(findTestObject("ShopOpen/RemainingCategories/Validate_ProductCategoryAssetScreen", ["package":PACKAGENAME]), "Facing"): Actual text and expected text of test object 'Object Repository/ShopOpen/RemainingCategories/Validate_ProductCategoryAssetScreen' are matched.&#xD;
&#xD;
2019-07-09 15:03:12 - [MESSAGE][PASSED] - Actual text and expected text of test object 'Object Repository/ShopOpen/RemainingCategories/Validate_ProductCategoryAssetScreen' are matched.&#xD;
&#xD;
2019-07-09 15:03:12 - [TEST_STEP][PASSED] - tap(findTestObject("ShopOpen/RemainingCategories/StockTaking", ["package":PACKAGENAME]), 0): Tapped on element 'Object Repository/ShopOpen/RemainingCategories/StockTaking'&#xD;
&#xD;
2019-07-09 15:03:12 - [MESSAGE][WARNING] - Timeout '0' is invalid. Using default page load timeout: '6'&#xD;
&#xD;
2019-07-09 15:03:12 - [MESSAGE][PASSED] - Tapped on element 'Object Repository/ShopOpen/RemainingCategories/StockTaking'&#xD;
&#xD;
2019-07-09 15:03:12 - [TEST_STEP][PASSED] - verifyElementText(findTestObject("ShopOpen/RemainingCategories/Validate_StockTakingScreen", ["package":PACKAGENAME]), "Stock Taking"): Actual text and expected text of test object 'Object Repository/ShopOpen/RemainingCategories/Validate_StockTakingScreen' are matched.&#xD;
&#xD;
2019-07-09 15:03:15 - [MESSAGE][PASSED] - Actual text and expected text of test object 'Object Repository/ShopOpen/RemainingCategories/Validate_StockTakingScreen' are matched.&#xD;
&#xD;
2019-07-09 15:03:15 - [TEST_STEP][PASSED] - qa.keywords.ChannelProductsDataKeywords.visitChannelWiseProductsData(CHANNEL_DSA_STOCKTAKING, "Stock Taking"): qa.keywords.ChannelProductsDataKeywords.visitChannelWiseProductsData is PASSED&#xD;
&#xD;
2019-07-09 15:03:19 - [MESSAGE][PASSED] - Keyboard is hidden&#xD;
&#xD;
2019-07-09 15:03:22 - [MESSAGE][PASSED] - Keyboard is hidden&#xD;
&#xD;
2019-07-09 15:03:25 - [MESSAGE][PASSED] - Keyboard is hidden&#xD;
&#xD;
2019-07-09 15:03:28 - [MESSAGE][PASSED] - Keyboard is hidden&#xD;
&#xD;
2019-07-09 15:03:31 - [MESSAGE][PASSED] - Keyboard is hidden&#xD;
&#xD;
2019-07-09 15:03:34 - [MESSAGE][PASSED] - Keyboard is hidden&#xD;
&#xD;
2019-07-09 15:03:40 - [MESSAGE][PASSED] - Keyboard is hidden&#xD;
&#xD;
2019-07-09 15:03:46 - [MESSAGE][PASSED] - Keyboard is hidden&#xD;
&#xD;
2019-07-09 15:03:52 - [MESSAGE][PASSED] - Keyboard is hidden&#xD;
&#xD;
2019-07-09 15:03:58 - [MESSAGE][PASSED] - Keyboard is hidden&#xD;
&#xD;
2019-07-09 15:04:04 - [MESSAGE][PASSED] - Keyboard is hidden&#xD;
&#xD;
2019-07-09 15:04:10 - [MESSAGE][PASSED] - Keyboard is hidden&#xD;
&#xD;
2019-07-09 15:04:17 - [MESSAGE][PASSED] - Keyboard is hidden&#xD;
&#xD;
2019-07-09 15:04:23 - [MESSAGE][PASSED] - Keyboard is hidden&#xD;
&#xD;
2019-07-09 15:04:30 - [MESSAGE][PASSED] - Keyboard is hidden&#xD;
&#xD;
2019-07-09 15:04:34 - [MESSAGE][PASSED] - qa.keywords.ChannelProductsDataKeywords.visitChannelWiseProductsData is PASSED&#xD;
&#xD;
2019-07-09 15:04:34 - [TEST_STEP][PASSED] - tap(findTestObject("ShopOpen/RemainingCategories/SubmitButton", ["package":PACKAGENAME]), 0): Tapped on element 'Object Repository/ShopOpen/RemainingCategories/SubmitButton'&#xD;
&#xD;
2019-07-09 15:04:34 - [MESSAGE][WARNING] - Timeout '0' is invalid. Using default page load timeout: '6'&#xD;
&#xD;
2019-07-09 15:04:34 - [MESSAGE][PASSED] - Tapped on element 'Object Repository/ShopOpen/RemainingCategories/SubmitButton'&#xD;
&#xD;
2019-07-09 15:04:34 - [TEST_STEP][PASSED] - verifyElementText(findTestObject("ShopOpen/RemainingCategories/Validate_ProductCategoryAssetScreen", ["package":PACKAGENAME]), "Facing"): Actual text and expected text of test object 'Object Repository/ShopOpen/RemainingCategories/Validate_ProductCategoryAssetScreen' are matched.&#xD;
&#xD;
2019-07-09 15:04:35 - [MESSAGE][PASSED] - Actual text and expected text of test object 'Object Repository/ShopOpen/RemainingCategories/Validate_ProductCategoryAssetScreen' are matched.&#xD;
&#xD;
2019-07-09 15:04:35 - [TEST_STEP][PASSED] - qa.keywords.CommonKeywords.visitPlanogramImageViewButton(): qa.keywords.CommonKeywords.visitPlanogramImageViewButton is PASSED&#xD;
&#xD;
2019-07-09 15:04:37 - [MESSAGE][WARNING] - Timeout '0' is invalid. Using default page load timeout: '6'&#xD;
&#xD;
2019-07-09 15:04:44 - [MESSAGE][WARNING] - Object Object Repository/CommonScreenElements/InfoPopUp_OKButton not found&#xD;
[[ATTACHMENT|F:\\Git Projects\\MMAPlus\\MMAPlus\\Reports\\MMA Plus Merchandising\\MMA Plus Merchandising With Data Verification\\20190709_143621\\1562666683157.png]]&#xD;
&#xD;
2019-07-09 15:04:44 - [MESSAGE][PASSED] - qa.keywords.CommonKeywords.visitPlanogramImageViewButton is PASSED&#xD;
&#xD;
2019-07-09 15:04:44 - [TEST_STEP][PASSED] - verifyElementText(findTestObject("ShopOpen/RemainingCategories/Validate_ProductCategoryAssetScreen", ["package":PACKAGENAME]), "Facing"): Actual text and expected text of test object 'Object Repository/ShopOpen/RemainingCategories/Validate_ProductCategoryAssetScreen' are matched.&#xD;
&#xD;
2019-07-09 15:04:45 - [MESSAGE][PASSED] - Actual text and expected text of test object 'Object Repository/ShopOpen/RemainingCategories/Validate_ProductCategoryAssetScreen' are matched.&#xD;
&#xD;
2019-07-09 15:04:45 - [TEST_STEP][PASSED] - qa.keywords.CommonKeywords.visitPictureImageViewButton(): qa.keywords.CommonKeywords.visitPictureImageViewButton is PASSED&#xD;
&#xD;
2019-07-09 15:04:48 - [MESSAGE][WARNING] - Timeout '0' is invalid. Using default page load timeout: '6'&#xD;
&#xD;
2019-07-09 15:04:49 - [MESSAGE][PASSED] - Element 'Object Repository/CommonScreenElements/Validate_CameraScreen' is exist&#xD;
&#xD;
2019-07-09 15:04:49 - [MESSAGE][WARNING] - Timeout '0' is invalid. Using default page load timeout: '6'&#xD;
&#xD;
2019-07-09 15:04:52 - [MESSAGE][PASSED] - Tapped on element 'Object Repository/CommonScreenElements/Camera_TakePictureButton'&#xD;
&#xD;
2019-07-09 15:04:57 - [MESSAGE][PASSED] - Delayed 5 second(s)&#xD;
&#xD;
2019-07-09 15:04:57 - [MESSAGE][WARNING] - Timeout '0' is invalid. Using default page load timeout: '6'&#xD;
&#xD;
2019-07-09 15:04:58 - [MESSAGE][PASSED] - Tapped on element 'Object Repository/CommonScreenElements/Camera_DoneButton'&#xD;
&#xD;
2019-07-09 15:04:58 - [MESSAGE][PASSED] - qa.keywords.CommonKeywords.visitPictureImageViewButton is PASSED&#xD;
&#xD;
2019-07-09 15:04:58 - [TEST_STEP][PASSED] - verifyElementText(findTestObject("ShopOpen/RemainingCategories/Validate_ProductCategoryAssetScreen", ["package":PACKAGENAME]), "Facing"): Actual text and expected text of test object 'Object Repository/ShopOpen/RemainingCategories/Validate_ProductCategoryAssetScreen' are matched.&#xD;
&#xD;
2019-07-09 15:04:59 - [MESSAGE][PASSED] - Actual text and expected text of test object 'Object Repository/ShopOpen/RemainingCategories/Validate_ProductCategoryAssetScreen' are matched.&#xD;
&#xD;
2019-07-09 15:04:59 - [TEST_STEP][PASSED] - qa.keywords.CommonKeywords.visitBackImageViewButton(): qa.keywords.CommonKeywords.visitBackImageViewButton is PASSED&#xD;
&#xD;
2019-07-09 15:05:01 - [MESSAGE][PASSED] - qa.keywords.CommonKeywords.visitBackImageViewButton is PASSED&#xD;
&#xD;
2019-07-09 15:05:01 - [TEST_STEP][PASSED] - verifyElementExist(findTestObject("ShopOpen/Validate_ShopCategoriesListScreen", ["package":PACKAGENAME]), 0): Element 'Object Repository/ShopOpen/Validate_ShopCategoriesListScreen' is exist&#xD;
&#xD;
2019-07-09 15:05:01 - [MESSAGE][WARNING] - Timeout '0' is invalid. Using default page load timeout: '6'&#xD;
&#xD;
2019-07-09 15:05:03 - [MESSAGE][PASSED] - Element 'Object Repository/ShopOpen/Validate_ShopCategoriesListScreen' is exist&#xD;
&#xD;
2019-07-09 15:05:03 - [MESSAGE][PASSED] - Call Test Case 'Test Cases/ShopOpen/RemainingCategories/VisitRemainingCategoriesWithDSA' successfully&#xD;
&#xD;
2019-07-09 15:05:03 - [MESSAGE][WARNING] - Timeout '0' is invalid. Using default page load timeout: '6'&#xD;
&#xD;
2019-07-09 15:05:11 - [MESSAGE][WARNING] - Element 'Object Repository/CommonScreenElements/Validate_CameraScreen' not found&#xD;
[[ATTACHMENT|F:\\Git Projects\\MMAPlus\\MMAPlus\\Reports\\MMA Plus Merchandising\\MMA Plus Merchandising With Data Verification\\20190709_143621\\1562666710301.png]]&#xD;
&#xD;
2019-07-09 15:05:11 - [MESSAGE][PASSED] - Actual text and expected text of test object 'Object Repository/ShopOpen/RemainingCategories/Validate_MainCategoryDetailScreen' are matched.&#xD;
&#xD;
2019-07-09 15:05:12 - [TEST_CASE][PASSED] - Test Cases/ShopOpen/RemainingCategories/VisitRemainingCategoriesWithDSA: Test Cases/ShopOpen/RemainingCategories/VisitRemainingCategoriesWithDSA&#xD;
&#xD;
2019-07-09 15:05:12 - [TEST_STEP][PASSED] - verifyElementText(findTestObject("ShopOpen/RemainingCategories/Validate_ProductCategoryAssetScreen", ["package":PACKAGENAME]), "Facing"): Actual text and expected text of test object 'Object Repository/ShopOpen/RemainingCategories/Validate_ProductCategoryAssetScreen' are matched.&#xD;
&#xD;
2019-07-09 15:05:14 - [MESSAGE][PASSED] - Actual text and expected text of test object 'Object Repository/ShopOpen/RemainingCategories/Validate_ProductCategoryAssetScreen' are matched.&#xD;
&#xD;
2019-07-09 15:05:14 - [TEST_STEP][PASSED] - tap(findTestObject("ShopOpen/RemainingCategories/Facing", ["package":PACKAGENAME]), 0): Tapped on element 'Object Repository/ShopOpen/RemainingCategories/Facing'&#xD;
&#xD;
2019-07-09 15:05:14 - [MESSAGE][WARNING] - Timeout '0' is invalid. Using default page load timeout: '6'&#xD;
&#xD;
2019-07-09 15:05:14 - [MESSAGE][PASSED] - Tapped on element 'Object Repository/ShopOpen/RemainingCategories/Facing'&#xD;
&#xD;
2019-07-09 15:05:14 - [TEST_STEP][PASSED] - verifyElementText(findTestObject("ShopOpen/RemainingCategories/Validate_FacingScreen", ["package":PACKAGENAME]), "Facing"): Actual text and expected text of test object 'Object Repository/ShopOpen/RemainingCategories/Validate_FacingScreen' are matched.&#xD;
&#xD;
2019-07-09 15:05:16 - [MESSAGE][PASSED] - Actual text and expected text of test object 'Object Repository/ShopOpen/RemainingCategories/Validate_FacingScreen' are matched.&#xD;
&#xD;
2019-07-09 15:05:16 - [TEST_STEP][PASSED] - qa.keywords.ChannelProductsDataKeywords.visitChannelWiseProductsData(CHANNEL_DSA_FACING, "Facing"): qa.keywords.ChannelProductsDataKeywords.visitChannelWiseProductsData is PASSED&#xD;
&#xD;
2019-07-09 15:05:21 - [MESSAGE][PASSED] - Keyboard is hidden&#xD;
&#xD;
2019-07-09 15:05:24 - [MESSAGE][PASSED] - Keyboard is hidden&#xD;
&#xD;
2019-07-09 15:05:27 - [MESSAGE][PASSED] - Keyboard is hidden&#xD;
&#xD;
2019-07-09 15:05:30 - [MESSAGE][PASSED] - Keyboard is hidden&#xD;
&#xD;
2019-07-09 15:05:33 - [MESSAGE][PASSED] - Keyboard is hidden&#xD;
&#xD;
2019-07-09 15:05:36 - [MESSAGE][PASSED] - Keyboard is hidden&#xD;
&#xD;
2019-07-09 15:05:43 - [MESSAGE][PASSED] - Keyboard is hidden&#xD;
&#xD;
2019-07-09 15:05:50 - [MESSAGE][PASSED] - Keyboard is hidden&#xD;
&#xD;
2019-07-09 15:05:57 - [MESSAGE][PASSED] - Keyboard is hidden&#xD;
&#xD;
2019-07-09 15:06:04 - [MESSAGE][PASSED] - Keyboard is hidden&#xD;
&#xD;
2019-07-09 15:06:11 - [MESSAGE][PASSED] - Keyboard is hidden&#xD;
&#xD;
2019-07-09 15:06:18 - [MESSAGE][PASSED] - Keyboard is hidden&#xD;
&#xD;
2019-07-09 15:06:25 - [MESSAGE][PASSED] - Keyboard is hidden&#xD;
&#xD;
2019-07-09 15:06:31 - [MESSAGE][PASSED] - Keyboard is hidden&#xD;
&#xD;
2019-07-09 15:06:37 - [MESSAGE][PASSED] - Keyboard is hidden&#xD;
&#xD;
2019-07-09 15:06:43 - [MESSAGE][PASSED] - Keyboard is hidden&#xD;
&#xD;
2019-07-09 15:06:50 - [MESSAGE][PASSED] - Keyboard is hidden&#xD;
&#xD;
2019-07-09 15:06:57 - [MESSAGE][PASSED] - Keyboard is hidden&#xD;
&#xD;
2019-07-09 15:07:04 - [MESSAGE][PASSED] - Keyboard is hidden&#xD;
&#xD;
2019-07-09 15:07:11 - [MESSAGE][PASSED] - Keyboard is hidden&#xD;
&#xD;
2019-07-09 15:07:17 - [MESSAGE][PASSED] - Keyboard is hidden&#xD;
&#xD;
2019-07-09 15:07:24 - [MESSAGE][PASSED] - Keyboard is hidden&#xD;
&#xD;
2019-07-09 15:07:31 - [MESSAGE][PASSED] - Keyboard is hidden&#xD;
&#xD;
2019-07-09 15:07:35 - [MESSAGE][PASSED] - qa.keywords.ChannelProductsDataKeywords.visitChannelWiseProductsData is PASSED&#xD;
&#xD;
2019-07-09 15:07:35 - [TEST_STEP][PASSED] - tap(findTestObject("ShopOpen/RemainingCategories/SubmitButton", ["package":PACKAGENAME]), 0): Tapped on element 'Object Repository/ShopOpen/RemainingCategories/SubmitButton'&#xD;
&#xD;
2019-07-09 15:07:35 - [MESSAGE][WARNING] - Timeout '0' is invalid. Using default page load timeout: '6'&#xD;
&#xD;
2019-07-09 15:07:35 - [MESSAGE][PASSED] - Tapped on element 'Object Repository/ShopOpen/RemainingCategories/SubmitButton'&#xD;
&#xD;
2019-07-09 15:07:35 - [TEST_STEP][PASSED] - verifyElementText(findTestObject("ShopOpen/RemainingCategories/Validate_ProductCategoryAssetScreen", ["package":PACKAGENAME]), "Facing"): Actual text and expected text of test object 'Object Repository/ShopOpen/RemainingCategories/Validate_ProductCategoryAssetScreen' are matched.&#xD;
&#xD;
2019-07-09 15:07:36 - [MESSAGE][PASSED] - Actual text and expected text of test object 'Object Repository/ShopOpen/RemainingCategories/Validate_ProductCategoryAssetScreen' are matched.&#xD;
&#xD;
2019-07-09 15:07:36 - [TEST_STEP][PASSED] - tap(findTestObject("ShopOpen/RemainingCategories/StockTaking", ["package":PACKAGENAME]), 0): Tapped on element 'Object Repository/ShopOpen/RemainingCategories/StockTaking'&#xD;
&#xD;
2019-07-09 15:07:36 - [MESSAGE][WARNING] - Timeout '0' is invalid. Using default page load timeout: '6'&#xD;
&#xD;
2019-07-09 15:07:37 - [MESSAGE][PASSED] - Tapped on element 'Object Repository/ShopOpen/RemainingCategories/StockTaking'&#xD;
&#xD;
2019-07-09 15:07:37 - [TEST_STEP][PASSED] - verifyElementText(findTestObject("ShopOpen/RemainingCategories/Validate_StockTakingScreen", ["package":PACKAGENAME]), "Stock Taking"): Actual text and expected text of test object 'Object Repository/ShopOpen/RemainingCategories/Validate_StockTakingScreen' are matched.&#xD;
&#xD;
2019-07-09 15:07:39 - [MESSAGE][PASSED] - Actual text and expected text of test object 'Object Repository/ShopOpen/RemainingCategories/Validate_StockTakingScreen' are matched.&#xD;
&#xD;
2019-07-09 15:07:39 - [TEST_STEP][PASSED] - qa.keywords.ChannelProductsDataKeywords.visitChannelWiseProductsData(CHANNEL_DSA_STOCKTAKING, "Stock Taking"): qa.keywords.ChannelProductsDataKeywords.visitChannelWiseProductsData is PASSED&#xD;
&#xD;
2019-07-09 15:07:44 - [MESSAGE][PASSED] - Keyboard is hidden&#xD;
&#xD;
2019-07-09 15:07:47 - [MESSAGE][PASSED] - Keyboard is hidden&#xD;
&#xD;
2019-07-09 15:07:50 - [MESSAGE][PASSED] - Keyboard is hidden&#xD;
&#xD;
2019-07-09 15:07:53 - [MESSAGE][PASSED] - Keyboard is hidden&#xD;
&#xD;
2019-07-09 15:07:56 - [MESSAGE][PASSED] - Keyboard is hidden&#xD;
&#xD;
2019-07-09 15:07:59 - [MESSAGE][PASSED] - Keyboard is hidden&#xD;
&#xD;
2019-07-09 15:08:06 - [MESSAGE][PASSED] - Keyboard is hidden&#xD;
&#xD;
2019-07-09 15:08:13 - [MESSAGE][PASSED] - Keyboard is hidden&#xD;
&#xD;
2019-07-09 15:08:20 - [MESSAGE][PASSED] - Keyboard is hidden&#xD;
&#xD;
2019-07-09 15:08:27 - [MESSAGE][PASSED] - Keyboard is hidden&#xD;
&#xD;
2019-07-09 15:08:33 - [MESSAGE][PASSED] - Keyboard is hidden&#xD;
&#xD;
2019-07-09 15:08:39 - [MESSAGE][PASSED] - Keyboard is hidden&#xD;
&#xD;
2019-07-09 15:08:46 - [MESSAGE][PASSED] - Keyboard is hidden&#xD;
&#xD;
2019-07-09 15:08:52 - [MESSAGE][PASSED] - Keyboard is hidden&#xD;
&#xD;
2019-07-09 15:08:58 - [MESSAGE][PASSED] - Keyboard is hidden&#xD;
&#xD;
2019-07-09 15:09:05 - [MESSAGE][PASSED] - Keyboard is hidden&#xD;
&#xD;
2019-07-09 15:09:11 - [MESSAGE][PASSED] - Keyboard is hidden&#xD;
&#xD;
2019-07-09 15:09:17 - [MESSAGE][PASSED] - Keyboard is hidden&#xD;
&#xD;
2019-07-09 15:09:23 - [MESSAGE][PASSED] - Keyboard is hidden&#xD;
&#xD;
2019-07-09 15:09:29 - [MESSAGE][PASSED] - Keyboard is hidden&#xD;
&#xD;
2019-07-09 15:09:35 - [MESSAGE][PASSED] - Keyboard is hidden&#xD;
&#xD;
2019-07-09 15:09:42 - [MESSAGE][PASSED] - Keyboard is hidden&#xD;
&#xD;
2019-07-09 15:09:49 - [MESSAGE][PASSED] - Keyboard is hidden&#xD;
&#xD;
2019-07-09 15:09:53 - [MESSAGE][PASSED] - qa.keywords.ChannelProductsDataKeywords.visitChannelWiseProductsData is PASSED&#xD;
&#xD;
2019-07-09 15:09:53 - [TEST_STEP][PASSED] - tap(findTestObject("ShopOpen/RemainingCategories/SubmitButton", ["package":PACKAGENAME]), 0): Tapped on element 'Object Repository/ShopOpen/RemainingCategories/SubmitButton'&#xD;
&#xD;
2019-07-09 15:09:53 - [MESSAGE][WARNING] - Timeout '0' is invalid. Using default page load timeout: '6'&#xD;
&#xD;
2019-07-09 15:09:53 - [MESSAGE][PASSED] - Tapped on element 'Object Repository/ShopOpen/RemainingCategories/SubmitButton'&#xD;
&#xD;
2019-07-09 15:09:53 - [TEST_STEP][PASSED] - verifyElementText(findTestObject("ShopOpen/RemainingCategories/Validate_ProductCategoryAssetScreen", ["package":PACKAGENAME]), "Facing"): Actual text and expected text of test object 'Object Repository/ShopOpen/RemainingCategories/Validate_ProductCategoryAssetScreen' are matched.&#xD;
&#xD;
2019-07-09 15:09:54 - [MESSAGE][PASSED] - Actual text and expected text of test object 'Object Repository/ShopOpen/RemainingCategories/Validate_ProductCategoryAssetScreen' are matched.&#xD;
&#xD;
2019-07-09 15:09:54 - [TEST_STEP][PASSED] - qa.keywords.CommonKeywords.visitPlanogramImageViewButton(): qa.keywords.CommonKeywords.visitPlanogramImageViewButton is PASSED&#xD;
&#xD;
2019-07-09 15:09:56 - [MESSAGE][WARNING] - Timeout '0' is invalid. Using default page load timeout: '6'&#xD;
&#xD;
2019-07-09 15:10:04 - [MESSAGE][WARNING] - Object Object Repository/CommonScreenElements/InfoPopUp_OKButton not found&#xD;
[[ATTACHMENT|F:\\Git Projects\\MMAPlus\\MMAPlus\\Reports\\MMA Plus Merchandising\\MMA Plus Merchandising With Data Verification\\20190709_143621\\1562667002810.png]]&#xD;
&#xD;
2019-07-09 15:10:04 - [MESSAGE][PASSED] - qa.keywords.CommonKeywords.visitPlanogramImageViewButton is PASSED&#xD;
&#xD;
2019-07-09 15:10:04 - [TEST_STEP][PASSED] - verifyElementText(findTestObject("ShopOpen/RemainingCategories/Validate_ProductCategoryAssetScreen", ["package":PACKAGENAME]), "Facing"): Actual text and expected text of test object 'Object Repository/ShopOpen/RemainingCategories/Validate_ProductCategoryAssetScreen' are matched.&#xD;
&#xD;
2019-07-09 15:10:05 - [MESSAGE][PASSED] - Actual text and expected text of test object 'Object Repository/ShopOpen/RemainingCategories/Validate_ProductCategoryAssetScreen' are matched.&#xD;
&#xD;
2019-07-09 15:10:05 - [TEST_STEP][PASSED] - qa.keywords.CommonKeywords.visitPictureImageViewButton(): qa.keywords.CommonKeywords.visitPictureImageViewButton is PASSED&#xD;
&#xD;
2019-07-09 15:10:08 - [MESSAGE][WARNING] - Timeout '0' is invalid. Using default page load timeout: '6'&#xD;
&#xD;
2019-07-09 15:10:08 - [MESSAGE][PASSED] - Element 'Object Repository/CommonScreenElements/Validate_CameraScreen' is exist&#xD;
&#xD;
2019-07-09 15:10:08 - [MESSAGE][WARNING] - Timeout '0' is invalid. Using default page load timeout: '6'&#xD;
&#xD;
2019-07-09 15:10:12 - [MESSAGE][PASSED] - Tapped on element 'Object Repository/CommonScreenElements/Camera_TakePictureButton'&#xD;
&#xD;
2019-07-09 15:10:17 - [MESSAGE][PASSED] - Delayed 5 second(s)&#xD;
&#xD;
2019-07-09 15:10:17 - [MESSAGE][WARNING] - Timeout '0' is invalid. Using default page load timeout: '6'&#xD;
&#xD;
2019-07-09 15:10:18 - [MESSAGE][PASSED] - Tapped on element 'Object Repository/CommonScreenElements/Camera_DoneButton'&#xD;
&#xD;
2019-07-09 15:10:18 - [MESSAGE][PASSED] - qa.keywords.CommonKeywords.visitPictureImageViewButton is PASSED&#xD;
&#xD;
2019-07-09 15:10:18 - [TEST_STEP][PASSED] - verifyElementText(findTestObject("ShopOpen/RemainingCategories/Validate_ProductCategoryAssetScreen", ["package":PACKAGENAME]), "Facing"): Actual text and expected text of test object 'Object Repository/ShopOpen/RemainingCategories/Validate_ProductCategoryAssetScreen' are matched.&#xD;
&#xD;
2019-07-09 15:10:19 - [MESSAGE][PASSED] - Actual text and expected text of test object 'Object Repository/ShopOpen/RemainingCategories/Validate_ProductCategoryAssetScreen' are matched.&#xD;
&#xD;
2019-07-09 15:10:19 - [TEST_STEP][PASSED] - qa.keywords.CommonKeywords.visitBackImageViewButton(): qa.keywords.CommonKeywords.visitBackImageViewButton is PASSED&#xD;
&#xD;
2019-07-09 15:10:21 - [MESSAGE][PASSED] - qa.keywords.CommonKeywords.visitBackImageViewButton is PASSED&#xD;
&#xD;
2019-07-09 15:10:21 - [TEST_STEP][PASSED] - verifyElementExist(findTestObject("ShopOpen/Validate_ShopCategoriesListScreen", ["package":PACKAGENAME]), 0): Element 'Object Repository/ShopOpen/Validate_ShopCategoriesListScreen' is exist&#xD;
&#xD;
2019-07-09 15:10:21 - [MESSAGE][WARNING] - Timeout '0' is invalid. Using default page load timeout: '6'&#xD;
&#xD;
2019-07-09 15:10:23 - [MESSAGE][PASSED] - Element 'Object Repository/ShopOpen/Validate_ShopCategoriesListScreen' is exist&#xD;
&#xD;
2019-07-09 15:10:23 - [MESSAGE][PASSED] - Call Test Case 'Test Cases/ShopOpen/RemainingCategories/VisitRemainingCategoriesWithDSA' successfully&#xD;
&#xD;
2019-07-09 15:10:23 - [MESSAGE][WARNING] - Timeout '0' is invalid. Using default page load timeout: '6'&#xD;
&#xD;
2019-07-09 15:10:31 - [MESSAGE][WARNING] - Element 'Object Repository/CommonScreenElements/Validate_CameraScreen' not found&#xD;
[[ATTACHMENT|F:\\Git Projects\\MMAPlus\\MMAPlus\\Reports\\MMA Plus Merchandising\\MMA Plus Merchandising With Data Verification\\20190709_143621\\1562667030252.png]]&#xD;
&#xD;
2019-07-09 15:10:31 - [MESSAGE][PASSED] - Actual text and expected text of test object 'Object Repository/ShopOpen/RemainingCategories/Validate_MainCategoryDetailScreen' are matched.&#xD;
&#xD;
2019-07-09 15:10:32 - [TEST_CASE][PASSED] - Test Cases/ShopOpen/RemainingCategories/VisitRemainingCategoriesWithDSA: Test Cases/ShopOpen/RemainingCategories/VisitRemainingCategoriesWithDSA&#xD;
&#xD;
2019-07-09 15:10:32 - [TEST_STEP][PASSED] - verifyElementText(findTestObject("ShopOpen/RemainingCategories/Validate_ProductCategoryAssetScreen", ["package":PACKAGENAME]), "Facing"): Actual text and expected text of test object 'Object Repository/ShopOpen/RemainingCategories/Validate_ProductCategoryAssetScreen' are matched.&#xD;
&#xD;
2019-07-09 15:10:34 - [MESSAGE][PASSED] - Actual text and expected text of test object 'Object Repository/ShopOpen/RemainingCategories/Validate_ProductCategoryAssetScreen' are matched.&#xD;
&#xD;
2019-07-09 15:10:34 - [TEST_STEP][PASSED] - tap(findTestObject("ShopOpen/RemainingCategories/Facing", ["package":PACKAGENAME]), 0): Tapped on element 'Object Repository/ShopOpen/RemainingCategories/Facing'&#xD;
&#xD;
2019-07-09 15:10:34 - [MESSAGE][WARNING] - Timeout '0' is invalid. Using default page load timeout: '6'&#xD;
&#xD;
2019-07-09 15:10:34 - [MESSAGE][PASSED] - Tapped on element 'Object Repository/ShopOpen/RemainingCategories/Facing'&#xD;
&#xD;
2019-07-09 15:10:34 - [TEST_STEP][PASSED] - verifyElementText(findTestObject("ShopOpen/RemainingCategories/Validate_FacingScreen", ["package":PACKAGENAME]), "Facing"): Actual text and expected text of test object 'Object Repository/ShopOpen/RemainingCategories/Validate_FacingScreen' are matched.&#xD;
&#xD;
2019-07-09 15:10:36 - [MESSAGE][PASSED] - Actual text and expected text of test object 'Object Repository/ShopOpen/RemainingCategories/Validate_FacingScreen' are matched.&#xD;
&#xD;
2019-07-09 15:10:36 - [TEST_STEP][PASSED] - qa.keywords.ChannelProductsDataKeywords.visitChannelWiseProductsData(CHANNEL_DSA_FACING, "Facing"): qa.keywords.ChannelProductsDataKeywords.visitChannelWiseProductsData is PASSED&#xD;
&#xD;
2019-07-09 15:10:40 - [MESSAGE][PASSED] - Keyboard is hidden&#xD;
&#xD;
2019-07-09 15:10:43 - [MESSAGE][PASSED] - Keyboard is hidden&#xD;
&#xD;
2019-07-09 15:10:45 - [MESSAGE][PASSED] - qa.keywords.ChannelProductsDataKeywords.visitChannelWiseProductsData is PASSED&#xD;
&#xD;
2019-07-09 15:10:45 - [TEST_STEP][PASSED] - tap(findTestObject("ShopOpen/RemainingCategories/SubmitButton", ["package":PACKAGENAME]), 0): Tapped on element 'Object Repository/ShopOpen/RemainingCategories/SubmitButton'&#xD;
&#xD;
2019-07-09 15:10:45 - [MESSAGE][WARNING] - Timeout '0' is invalid. Using default page load timeout: '6'&#xD;
&#xD;
2019-07-09 15:10:46 - [MESSAGE][PASSED] - Tapped on element 'Object Repository/ShopOpen/RemainingCategories/SubmitButton'&#xD;
&#xD;
2019-07-09 15:10:46 - [TEST_STEP][PASSED] - verifyElementText(findTestObject("ShopOpen/RemainingCategories/Validate_ProductCategoryAssetScreen", ["package":PACKAGENAME]), "Facing"): Actual text and expected text of test object 'Object Repository/ShopOpen/RemainingCategories/Validate_ProductCategoryAssetScreen' are matched.&#xD;
&#xD;
2019-07-09 15:10:47 - [MESSAGE][PASSED] - Actual text and expected text of test object 'Object Repository/ShopOpen/RemainingCategories/Validate_ProductCategoryAssetScreen' are matched.&#xD;
&#xD;
2019-07-09 15:10:47 - [TEST_STEP][PASSED] - tap(findTestObject("ShopOpen/RemainingCategories/StockTaking", ["package":PACKAGENAME]), 0): Tapped on element 'Object Repository/ShopOpen/RemainingCategories/StockTaking'&#xD;
&#xD;
2019-07-09 15:10:47 - [MESSAGE][WARNING] - Timeout '0' is invalid. Using default page load timeout: '6'&#xD;
&#xD;
2019-07-09 15:10:48 - [MESSAGE][PASSED] - Tapped on element 'Object Repository/ShopOpen/RemainingCategories/StockTaking'&#xD;
&#xD;
2019-07-09 15:10:48 - [TEST_STEP][PASSED] - verifyElementText(findTestObject("ShopOpen/RemainingCategories/Validate_StockTakingScreen", ["package":PACKAGENAME]), "Stock Taking"): Actual text and expected text of test object 'Object Repository/ShopOpen/RemainingCategories/Validate_StockTakingScreen' are matched.&#xD;
&#xD;
2019-07-09 15:10:50 - [MESSAGE][PASSED] - Actual text and expected text of test object 'Object Repository/ShopOpen/RemainingCategories/Validate_StockTakingScreen' are matched.&#xD;
&#xD;
2019-07-09 15:10:50 - [TEST_STEP][PASSED] - qa.keywords.ChannelProductsDataKeywords.visitChannelWiseProductsData(CHANNEL_DSA_STOCKTAKING, "Stock Taking"): qa.keywords.ChannelProductsDataKeywords.visitChannelWiseProductsData is PASSED&#xD;
&#xD;
2019-07-09 15:10:54 - [MESSAGE][PASSED] - Keyboard is hidden&#xD;
&#xD;
2019-07-09 15:10:57 - [MESSAGE][PASSED] - Keyboard is hidden&#xD;
&#xD;
2019-07-09 15:10:59 - [MESSAGE][PASSED] - qa.keywords.ChannelProductsDataKeywords.visitChannelWiseProductsData is PASSED&#xD;
&#xD;
2019-07-09 15:10:59 - [TEST_STEP][PASSED] - tap(findTestObject("ShopOpen/RemainingCategories/SubmitButton", ["package":PACKAGENAME]), 0): Tapped on element 'Object Repository/ShopOpen/RemainingCategories/SubmitButton'&#xD;
&#xD;
2019-07-09 15:10:59 - [MESSAGE][WARNING] - Timeout '0' is invalid. Using default page load timeout: '6'&#xD;
&#xD;
2019-07-09 15:11:00 - [MESSAGE][PASSED] - Tapped on element 'Object Repository/ShopOpen/RemainingCategories/SubmitButton'&#xD;
&#xD;
2019-07-09 15:11:00 - [TEST_STEP][PASSED] - verifyElementText(findTestObject("ShopOpen/RemainingCategories/Validate_ProductCategoryAssetScreen", ["package":PACKAGENAME]), "Facing"): Actual text and expected text of test object 'Object Repository/ShopOpen/RemainingCategories/Validate_ProductCategoryAssetScreen' are matched.&#xD;
&#xD;
2019-07-09 15:11:01 - [MESSAGE][PASSED] - Actual text and expected text of test object 'Object Repository/ShopOpen/RemainingCategories/Validate_ProductCategoryAssetScreen' are matched.&#xD;
&#xD;
2019-07-09 15:11:01 - [TEST_STEP][PASSED] - qa.keywords.CommonKeywords.visitPlanogramImageViewButton(): qa.keywords.CommonKeywords.visitPlanogramImageViewButton is PASSED&#xD;
&#xD;
2019-07-09 15:11:03 - [MESSAGE][WARNING] - Timeout '0' is invalid. Using default page load timeout: '6'&#xD;
&#xD;
2019-07-09 15:11:10 - [MESSAGE][WARNING] - Object Object Repository/CommonScreenElements/InfoPopUp_OKButton not found&#xD;
[[ATTACHMENT|F:\\Git Projects\\MMAPlus\\MMAPlus\\Reports\\MMA Plus Merchandising\\MMA Plus Merchandising With Data Verification\\20190709_143621\\1562667069744.png]]&#xD;
&#xD;
2019-07-09 15:11:11 - [MESSAGE][PASSED] - qa.keywords.CommonKeywords.visitPlanogramImageViewButton is PASSED&#xD;
&#xD;
2019-07-09 15:11:11 - [TEST_STEP][PASSED] - verifyElementText(findTestObject("ShopOpen/RemainingCategories/Validate_ProductCategoryAssetScreen", ["package":PACKAGENAME]), "Facing"): Actual text and expected text of test object 'Object Repository/ShopOpen/RemainingCategories/Validate_ProductCategoryAssetScreen' are matched.&#xD;
&#xD;
2019-07-09 15:11:12 - [MESSAGE][PASSED] - Actual text and expected text of test object 'Object Repository/ShopOpen/RemainingCategories/Validate_ProductCategoryAssetScreen' are matched.&#xD;
&#xD;
2019-07-09 15:11:12 - [TEST_STEP][PASSED] - qa.keywords.CommonKeywords.visitPictureImageViewButton(): qa.keywords.CommonKeywords.visitPictureImageViewButton is PASSED&#xD;
&#xD;
2019-07-09 15:11:13 - [MESSAGE][WARNING] - Timeout '0' is invalid. Using default page load timeout: '6'&#xD;
&#xD;
2019-07-09 15:11:16 - [MESSAGE][PASSED] - Element 'Object Repository/CommonScreenElements/Validate_CameraScreen' is exist&#xD;
&#xD;
2019-07-09 15:11:16 - [MESSAGE][WARNING] - Timeout '0' is invalid. Using default page load timeout: '6'&#xD;
&#xD;
2019-07-09 15:11:19 - [MESSAGE][PASSED] - Tapped on element 'Object Repository/CommonScreenElements/Camera_TakePictureButton'&#xD;
&#xD;
2019-07-09 15:11:24 - [MESSAGE][PASSED] - Delayed 5 second(s)&#xD;
&#xD;
2019-07-09 15:11:24 - [MESSAGE][WARNING] - Timeout '0' is invalid. Using default page load timeout: '6'&#xD;
&#xD;
2019-07-09 15:11:25 - [MESSAGE][PASSED] - Tapped on element 'Object Repository/CommonScreenElements/Camera_DoneButton'&#xD;
&#xD;
2019-07-09 15:11:25 - [MESSAGE][PASSED] - qa.keywords.CommonKeywords.visitPictureImageViewButton is PASSED&#xD;
&#xD;
2019-07-09 15:11:25 - [TEST_STEP][PASSED] - verifyElementText(findTestObject("ShopOpen/RemainingCategories/Validate_ProductCategoryAssetScreen", ["package":PACKAGENAME]), "Facing"): Actual text and expected text of test object 'Object Repository/ShopOpen/RemainingCategories/Validate_ProductCategoryAssetScreen' are matched.&#xD;
&#xD;
2019-07-09 15:11:26 - [MESSAGE][PASSED] - Actual text and expected text of test object 'Object Repository/ShopOpen/RemainingCategories/Validate_ProductCategoryAssetScreen' are matched.&#xD;
&#xD;
2019-07-09 15:11:26 - [TEST_STEP][PASSED] - qa.keywords.CommonKeywords.visitBackImageViewButton(): qa.keywords.CommonKeywords.visitBackImageViewButton is PASSED&#xD;
&#xD;
2019-07-09 15:11:27 - [MESSAGE][PASSED] - qa.keywords.CommonKeywords.visitBackImageViewButton is PASSED&#xD;
&#xD;
2019-07-09 15:11:27 - [TEST_STEP][PASSED] - verifyElementExist(findTestObject("ShopOpen/Validate_ShopCategoriesListScreen", ["package":PACKAGENAME]), 0): Element 'Object Repository/ShopOpen/Validate_ShopCategoriesListScreen' is exist&#xD;
&#xD;
2019-07-09 15:11:27 - [MESSAGE][WARNING] - Timeout '0' is invalid. Using default page load timeout: '6'&#xD;
&#xD;
2019-07-09 15:11:29 - [MESSAGE][PASSED] - Element 'Object Repository/ShopOpen/Validate_ShopCategoriesListScreen' is exist&#xD;
&#xD;
2019-07-09 15:11:29 - [MESSAGE][PASSED] - Call Test Case 'Test Cases/ShopOpen/RemainingCategories/VisitRemainingCategoriesWithDSA' successfully&#xD;
&#xD;
2019-07-09 15:11:29 - [TEST_CASE][PASSED] - Test Cases/ShopOpen/RTMVisitFrequency/VisitRTMVisitFrequency: Test Cases/ShopOpen/RTMVisitFrequency/VisitRTMVisitFrequency&#xD;
&#xD;
2019-07-09 15:11:29 - [TEST_STEP][PASSED] - verifyElementText(findTestObject("ShopOpen/RTMVisitFrequency/Validate_RTMVisitFrequencyScreen", ["package":PACKAGENAME]), "Options"): Actual text and expected text of test object 'Object Repository/ShopOpen/RTMVisitFrequency/Validate_RTMVisitFrequencyScreen' are matched.&#xD;
&#xD;
2019-07-09 15:11:31 - [MESSAGE][PASSED] - Actual text and expected text of test object 'Object Repository/ShopOpen/RTMVisitFrequency/Validate_RTMVisitFrequencyScreen' are matched.&#xD;
&#xD;
2019-07-09 15:11:31 - [TEST_STEP][PASSED] - qa.keywords.RTMVisitFrequencyKeywords.visitRTMVisitFrequency(): qa.keywords.RTMVisitFrequencyKeywords.visitRTMVisitFrequency is PASSED&#xD;
&#xD;
2019-07-09 15:11:32 - [MESSAGE][WARNING] - Timeout '0' is invalid. Using default page load timeout: '6'&#xD;
&#xD;
2019-07-09 15:11:33 - [MESSAGE][PASSED] - Element 'Object Repository/ShopOpen/RTMVisitFrequency/Validate_RTMVisitFrequencyRemarks' is exist&#xD;
&#xD;
2019-07-09 15:11:35 - [MESSAGE][PASSED] - Actual text and expected text of test object 'Object Repository/ShopOpen/RTMVisitFrequency/Validate_RTMVisitFrequencyScreen' are matched.&#xD;
&#xD;
2019-07-09 15:11:35 - [MESSAGE][WARNING] - Timeout '0' is invalid. Using default page load timeout: '6'&#xD;
&#xD;
2019-07-09 15:11:37 - [MESSAGE][PASSED] - Element 'Object Repository/ShopOpen/RTMVisitFrequency/Validate_RTMVisitFrequencyRemarks' is exist&#xD;
&#xD;
2019-07-09 15:11:39 - [MESSAGE][PASSED] - Actual text and expected text of test object 'Object Repository/ShopOpen/RTMVisitFrequency/Validate_RTMVisitFrequencyScreen' are matched.&#xD;
&#xD;
2019-07-09 15:11:39 - [MESSAGE][WARNING] - Timeout '0' is invalid. Using default page load timeout: '6'&#xD;
&#xD;
2019-07-09 15:11:41 - [MESSAGE][PASSED] - Element 'Object Repository/ShopOpen/RTMVisitFrequency/Validate_RTMVisitFrequencyRemarks' is exist&#xD;
&#xD;
2019-07-09 15:11:43 - [MESSAGE][PASSED] - Actual text and expected text of test object 'Object Repository/ShopOpen/RTMVisitFrequency/Validate_RTMVisitFrequencyScreen' are matched.&#xD;
&#xD;
2019-07-09 15:11:43 - [MESSAGE][WARNING] - Timeout '0' is invalid. Using default page load timeout: '6'&#xD;
&#xD;
2019-07-09 15:11:45 - [MESSAGE][PASSED] - Element 'Object Repository/ShopOpen/RTMVisitFrequency/Validate_RTMVisitFrequencyRemarks' is exist&#xD;
&#xD;
2019-07-09 15:11:46 - [MESSAGE][PASSED] - Actual text and expected text of test object 'Object Repository/ShopOpen/RTMVisitFrequency/Validate_RTMVisitFrequencyScreen' are matched.&#xD;
&#xD;
2019-07-09 15:11:46 - [MESSAGE][PASSED] - qa.keywords.RTMVisitFrequencyKeywords.visitRTMVisitFrequency is PASSED&#xD;
&#xD;
2019-07-09 15:11:46 - [TEST_STEP][PASSED] - tap(findTestObject("ShopOpen/RTMVisitFrequency/BackButton", ["package":PACKAGENAME]), 0): Tapped on element 'Object Repository/ShopOpen/RTMVisitFrequency/BackButton'&#xD;
&#xD;
2019-07-09 15:11:46 - [MESSAGE][WARNING] - Timeout '0' is invalid. Using default page load timeout: '6'&#xD;
&#xD;
2019-07-09 15:11:47 - [MESSAGE][PASSED] - Tapped on element 'Object Repository/ShopOpen/RTMVisitFrequency/BackButton'&#xD;
&#xD;
2019-07-09 15:11:47 - [TEST_STEP][PASSED] - verifyElementExist(findTestObject("ShopOpen/Validate_ShopCategoriesListScreen", ["package":PACKAGENAME]), 0): Element 'Object Repository/ShopOpen/Validate_ShopCategoriesListScreen' is exist&#xD;
&#xD;
2019-07-09 15:11:47 - [MESSAGE][WARNING] - Timeout '0' is invalid. Using default page load timeout: '6'&#xD;
&#xD;
2019-07-09 15:11:49 - [MESSAGE][PASSED] - Element 'Object Repository/ShopOpen/Validate_ShopCategoriesListScreen' is exist&#xD;
&#xD;
2019-07-09 15:11:49 - [MESSAGE][PASSED] - Call Test Case 'Test Cases/ShopOpen/RTMVisitFrequency/VisitRTMVisitFrequency' successfully&#xD;
&#xD;
2019-07-09 15:11:49 - [TEST_CASE][PASSED] - Test Cases/ShopOpen/POPApplication/OverwritePOPApplication: Test Cases/ShopOpen/POPApplication/OverwritePOPApplication&#xD;
&#xD;
2019-07-09 15:11:49 - [TEST_STEP][PASSED] - verifyElementText(findTestObject("ShopOpen/POPApplication/Validate_POPApplicationDetailScreen", ["package":PACKAGENAME]), "KPI :POP Application"): Actual text and expected text of test object 'Object Repository/ShopOpen/POPApplication/Validate_POPApplicationDetailScreen' are matched.&#xD;
&#xD;
2019-07-09 15:11:51 - [MESSAGE][PASSED] - Actual text and expected text of test object 'Object Repository/ShopOpen/POPApplication/Validate_POPApplicationDetailScreen' are matched.&#xD;
&#xD;
2019-07-09 15:11:51 - [TEST_STEP][PASSED] - tap(findTestObject("ShopOpen/POPApplication/POPDeployment_No", ["package":PACKAGENAME]), 0): Tapped on element 'Object Repository/ShopOpen/POPApplication/POPDeployment_No'&#xD;
&#xD;
2019-07-09 15:11:51 - [MESSAGE][WARNING] - Timeout '0' is invalid. Using default page load timeout: '6'&#xD;
&#xD;
2019-07-09 15:11:51 - [MESSAGE][PASSED] - Tapped on element 'Object Repository/ShopOpen/POPApplication/POPDeployment_No'&#xD;
&#xD;
2019-07-09 15:11:51 - [TEST_STEP][PASSED] - pressBack(): Press back button successfully&#xD;
&#xD;
2019-07-09 15:11:52 - [MESSAGE][PASSED] - Press back button successfully&#xD;
&#xD;
2019-07-09 15:11:52 - [TEST_STEP][PASSED] - verifyElementExist(findTestObject("ShopOpen/Validate_ShopCategoriesListScreen", ["package":PACKAGENAME]), 0): Element 'Object Repository/ShopOpen/Validate_ShopCategoriesListScreen' is exist&#xD;
&#xD;
2019-07-09 15:11:52 - [MESSAGE][WARNING] - Timeout '0' is invalid. Using default page load timeout: '6'&#xD;
&#xD;
2019-07-09 15:11:53 - [MESSAGE][PASSED] - Element 'Object Repository/ShopOpen/Validate_ShopCategoriesListScreen' is exist&#xD;
&#xD;
2019-07-09 15:11:53 - [MESSAGE][PASSED] - Call Test Case 'Test Cases/ShopOpen/POPApplication/OverwritePOPApplication' successfully&#xD;
&#xD;
2019-07-09 15:11:53 - [TEST_CASE][PASSED] - Test Cases/ShopOpen/RetailerRemarks/VisitRetailerRemarks: Test Cases/ShopOpen/RetailerRemarks/VisitRetailerRemarks&#xD;
&#xD;
2019-07-09 15:11:53 - [TEST_STEP][PASSED] - verifyElementText(findTestObject("ShopOpen/RetailerRemarks/Validate_RetailerRemarksScreen", ["package":PACKAGENAME]), "KPI: Retailer Remarks"): Actual text and expected text of test object 'Object Repository/ShopOpen/RetailerRemarks/Validate_RetailerRemarksScreen' are matched.&#xD;
&#xD;
2019-07-09 15:11:55 - [MESSAGE][PASSED] - Actual text and expected text of test object 'Object Repository/ShopOpen/RetailerRemarks/Validate_RetailerRemarksScreen' are matched.&#xD;
&#xD;
2019-07-09 15:11:55 - [TEST_STEP][PASSED] - qa.keywords.RetailerRemarksKeywords.visitRetailerRemarks(): qa.keywords.RetailerRemarksKeywords.visitRetailerRemarks is PASSED&#xD;
&#xD;
2019-07-09 15:11:55 - [MESSAGE][WARNING] - Timeout '0' is invalid. Using default page load timeout: '6'&#xD;
&#xD;
2019-07-09 15:11:57 - [MESSAGE][PASSED] - Element 'Object Repository/ShopOpen/RetailerRemarks/Validate_RetailerRemarks_RemarksScreen' is exist&#xD;
&#xD;
2019-07-09 15:11:59 - [MESSAGE][PASSED] - Press back button successfully&#xD;
&#xD;
2019-07-09 15:12:00 - [MESSAGE][PASSED] - Actual text and expected text of test object 'Object Repository/ShopOpen/RetailerRemarks/Validate_RetailerRemarksScreen' are matched.&#xD;
&#xD;
2019-07-09 15:12:00 - [MESSAGE][WARNING] - Timeout '0' is invalid. Using default page load timeout: '6'&#xD;
&#xD;
2019-07-09 15:12:03 - [MESSAGE][PASSED] - Element 'Object Repository/ShopOpen/RetailerRemarks/Validate_RetailerRemarks_RemarksScreen' is exist&#xD;
&#xD;
2019-07-09 15:12:05 - [MESSAGE][PASSED] - Press back button successfully&#xD;
&#xD;
2019-07-09 15:12:06 - [MESSAGE][PASSED] - Actual text and expected text of test object 'Object Repository/ShopOpen/RetailerRemarks/Validate_RetailerRemarksScreen' are matched.&#xD;
&#xD;
2019-07-09 15:12:06 - [MESSAGE][WARNING] - Timeout '0' is invalid. Using default page load timeout: '6'&#xD;
&#xD;
2019-07-09 15:12:08 - [MESSAGE][PASSED] - Element 'Object Repository/ShopOpen/RetailerRemarks/Validate_RetailerRemarks_RemarksScreen' is exist&#xD;
&#xD;
2019-07-09 15:12:10 - [MESSAGE][PASSED] - Press back button successfully&#xD;
&#xD;
2019-07-09 15:12:11 - [MESSAGE][PASSED] - Actual text and expected text of test object 'Object Repository/ShopOpen/RetailerRemarks/Validate_RetailerRemarksScreen' are matched.&#xD;
&#xD;
2019-07-09 15:12:11 - [MESSAGE][PASSED] - qa.keywords.RetailerRemarksKeywords.visitRetailerRemarks is PASSED&#xD;
&#xD;
2019-07-09 15:12:11 - [TEST_STEP][PASSED] - tap(findTestObject("ShopOpen/RetailerRemarks/BackButton", ["package":PACKAGENAME]), 0): Tapped on element 'Object Repository/ShopOpen/RetailerRemarks/BackButton'&#xD;
&#xD;
2019-07-09 15:12:11 - [MESSAGE][WARNING] - Timeout '0' is invalid. Using default page load timeout: '6'&#xD;
&#xD;
2019-07-09 15:12:11 - [MESSAGE][PASSED] - Tapped on element 'Object Repository/ShopOpen/RetailerRemarks/BackButton'&#xD;
&#xD;
2019-07-09 15:12:11 - [TEST_STEP][PASSED] - verifyElementExist(findTestObject("ShopOpen/Validate_ShopCategoriesListScreen", ["package":PACKAGENAME]), 0): Element 'Object Repository/ShopOpen/Validate_ShopCategoriesListScreen' is exist&#xD;
&#xD;
2019-07-09 15:12:11 - [MESSAGE][WARNING] - Timeout '0' is invalid. Using default page load timeout: '6'&#xD;
&#xD;
2019-07-09 15:12:13 - [MESSAGE][PASSED] - Element 'Object Repository/ShopOpen/Validate_ShopCategoriesListScreen' is exist&#xD;
&#xD;
2019-07-09 15:12:13 - [MESSAGE][PASSED] - Call Test Case 'Test Cases/ShopOpen/RetailerRemarks/VisitRetailerRemarks' successfully&#xD;
&#xD;
2019-07-09 15:12:19 - [TEST_CASE][PASSED] - Test Cases/ShopOpen/AdditionalPicture/VisitAdditionalPicture: Test Cases/ShopOpen/AdditionalPicture/VisitAdditionalPicture&#xD;
&#xD;
2019-07-09 15:12:19 - [TEST_STEP][PASSED] - verifyElementText(findTestObject("ShopOpen/AdditionalPicture/Validate_AdditionalPictureScreen", ["package":PACKAGENAME]), "Additional Picture"): Actual text and expected text of test object 'Object Repository/ShopOpen/AdditionalPicture/Validate_AdditionalPictureScreen' are matched.&#xD;
&#xD;
2019-07-09 15:12:22 - [MESSAGE][PASSED] - Actual text and expected text of test object 'Object Repository/ShopOpen/AdditionalPicture/Validate_AdditionalPictureScreen' are matched.&#xD;
&#xD;
2019-07-09 15:12:22 - [TEST_STEP][PASSED] - qa.keywords.AdditionalPictureKeywords.takeMendatoryImages(): qa.keywords.AdditionalPictureKeywords.takeMendatoryImages is PASSED&#xD;
&#xD;
2019-07-09 15:12:23 - [MESSAGE][WARNING] - Timeout '0' is invalid. Using default page load timeout: '6'&#xD;
&#xD;
2019-07-09 15:12:26 - [MESSAGE][PASSED] - Element 'Object Repository/CommonScreenElements/Validate_CameraScreen' is exist&#xD;
&#xD;
2019-07-09 15:12:26 - [MESSAGE][WARNING] - Timeout '0' is invalid. Using default page load timeout: '6'&#xD;
&#xD;
2019-07-09 15:12:29 - [MESSAGE][PASSED] - Tapped on element 'Object Repository/CommonScreenElements/Camera_TakePictureButton'&#xD;
&#xD;
2019-07-09 15:12:34 - [MESSAGE][PASSED] - Delayed 5 second(s)&#xD;
&#xD;
2019-07-09 15:12:34 - [MESSAGE][WARNING] - Timeout '0' is invalid. Using default page load timeout: '6'&#xD;
&#xD;
2019-07-09 15:12:34 - [MESSAGE][PASSED] - Tapped on element 'Object Repository/CommonScreenElements/Camera_DoneButton'&#xD;
&#xD;
2019-07-09 15:12:34 - [MESSAGE][PASSED] - qa.keywords.AdditionalPictureKeywords.takeMendatoryImages is PASSED&#xD;
&#xD;
2019-07-09 15:12:34 - [TEST_STEP][PASSED] - pressBack(): Press back button successfully&#xD;
&#xD;
2019-07-09 15:12:35 - [MESSAGE][PASSED] - Press back button successfully&#xD;
&#xD;
2019-07-09 15:12:35 - [TEST_STEP][PASSED] - verifyElementExist(findTestObject("ShopOpen/Validate_ShopCategoriesListScreen", ["package":PACKAGENAME]), 0): Element 'Object Repository/ShopOpen/Validate_ShopCategoriesListScreen' is exist&#xD;
&#xD;
2019-07-09 15:12:35 - [MESSAGE][WARNING] - Timeout '0' is invalid. Using default page load timeout: '6'&#xD;
&#xD;
2019-07-09 15:12:37 - [MESSAGE][PASSED] - Element 'Object Repository/ShopOpen/Validate_ShopCategoriesListScreen' is exist&#xD;
&#xD;
2019-07-09 15:12:37 - [MESSAGE][PASSED] - Call Test Case 'Test Cases/ShopOpen/AdditionalPicture/VisitAdditionalPicture' successfully&#xD;
&#xD;
2019-07-09 15:12:42 - [MESSAGE][WARNING] - Timeout '0' is invalid. Using default page load timeout: '6'&#xD;
&#xD;
2019-07-09 15:12:50 - [MESSAGE][WARNING] - Element 'Object Repository/CommonScreenElements/Validate_CameraScreen' not found&#xD;
[[ATTACHMENT|F:\\Git Projects\\MMAPlus\\MMAPlus\\Reports\\MMA Plus Merchandising\\MMA Plus Merchandising With Data Verification\\20190709_143621\\1562667169267.png]]&#xD;
&#xD;
2019-07-09 15:12:50 - [TEST_CASE][PASSED] - Test Cases/ShopOpen/Survey/visitSurveyCategories: Test Cases/ShopOpen/Survey/visitSurveyCategories&#xD;
&#xD;
2019-07-09 15:12:50 - [TEST_STEP][PASSED] - verifyElementText(findTestObject("ShopOpen/Survey/Validate_QuestionCategoriesScreen", ["package":PACKAGENAME]), "Question Category"): Actual text and expected text of test object 'Object Repository/ShopOpen/Survey/Validate_QuestionCategoriesScreen' are matched.&#xD;
&#xD;
2019-07-09 15:12:50 - [MESSAGE][PASSED] - Actual text and expected text of test object 'Object Repository/ShopOpen/Survey/Validate_QuestionCategoriesScreen' are matched.&#xD;
&#xD;
2019-07-09 15:12:50 - [TEST_STEP][PASSED] - qa.keywords.SurveyKeywords.visitQuestionCategories(1): qa.keywords.SurveyKeywords.visitQuestionCategories is PASSED&#xD;
&#xD;
2019-07-09 15:12:51 - [TEST_CASE][PASSED] - Test Cases/ShopOpen/Survey/SurveyQuestions/VisitSurveyQuestions: Test Cases/ShopOpen/Survey/SurveyQuestions/VisitSurveyQuestions&#xD;
&#xD;
2019-07-09 15:12:51 - [TEST_STEP][PASSED] - verifyElementExist(findTestObject("ShopOpen/Survey/Validate_SurveyQuestionsScreen", ["package":PACKAGENAME]), 0): Element 'Object Repository/ShopOpen/Survey/Validate_SurveyQuestionsScreen' is exist&#xD;
&#xD;
2019-07-09 15:12:51 - [MESSAGE][WARNING] - Timeout '0' is invalid. Using default page load timeout: '6'&#xD;
&#xD;
2019-07-09 15:12:53 - [MESSAGE][PASSED] - Element 'Object Repository/ShopOpen/Survey/Validate_SurveyQuestionsScreen' is exist&#xD;
&#xD;
2019-07-09 15:12:53 - [TEST_STEP][PASSED] - qa.keywords.SurveyKeywords.visitSurveyQuestions(): qa.keywords.SurveyKeywords.visitSurveyQuestions is PASSED&#xD;
&#xD;
2019-07-09 15:12:56 - [MESSAGE][PASSED] - Keyboard is hidden&#xD;
&#xD;
2019-07-09 15:12:59 - [MESSAGE][PASSED] - Keyboard is hidden&#xD;
&#xD;
2019-07-09 15:13:02 - [MESSAGE][PASSED] - Keyboard is hidden&#xD;
&#xD;
2019-07-09 15:13:05 - [MESSAGE][PASSED] - Keyboard is hidden&#xD;
&#xD;
2019-07-09 15:13:06 - [MESSAGE][WARNING] - Timeout '0' is invalid. Using default page load timeout: '6'&#xD;
&#xD;
2019-07-09 15:13:07 - [MESSAGE][PASSED] - Element 'Object Repository/ShopOpen/Survey/Validate_RemarksPopup' is exist&#xD;
&#xD;
2019-07-09 15:13:07 - [MESSAGE][WARNING] - Timeout '0' is invalid. Using default page load timeout: '6'&#xD;
&#xD;
2019-07-09 15:13:08 - [MESSAGE][PASSED] - Tapped on element 'Object Repository/ShopOpen/Survey/RemarksPopup_Yes'&#xD;
&#xD;
2019-07-09 15:13:10 - [MESSAGE][WARNING] - Timeout '0' is invalid. Using default page load timeout: '6'&#xD;
&#xD;
2019-07-09 15:13:11 - [MESSAGE][PASSED] - Element 'Object Repository/CommonScreenElements/Validate_CameraScreen' is exist&#xD;
&#xD;
2019-07-09 15:13:11 - [MESSAGE][WARNING] - Timeout '0' is invalid. Using default page load timeout: '6'&#xD;
&#xD;
2019-07-09 15:13:15 - [MESSAGE][PASSED] - Tapped on element 'Object Repository/CommonScreenElements/Camera_TakePictureButton'&#xD;
&#xD;
2019-07-09 15:13:20 - [MESSAGE][PASSED] - Delayed 5 second(s)&#xD;
&#xD;
2019-07-09 15:13:20 - [MESSAGE][WARNING] - Timeout '0' is invalid. Using default page load timeout: '6'&#xD;
&#xD;
2019-07-09 15:13:20 - [MESSAGE][PASSED] - Tapped on element 'Object Repository/CommonScreenElements/Camera_DoneButton'&#xD;
&#xD;
2019-07-09 15:13:20 - [MESSAGE][WARNING] - Timeout '0' is invalid. Using default page load timeout: '6'&#xD;
&#xD;
2019-07-09 15:13:21 - [MESSAGE][PASSED] - Element 'Object Repository/ShopOpen/Survey/Validate_SurveyQuestionsScreen' is exist&#xD;
&#xD;
2019-07-09 15:13:23 - [MESSAGE][PASSED] - Swiped from 10,450 to 10,200&#xD;
&#xD;
2019-07-09 15:13:24 - [MESSAGE][WARNING] - Timeout '0' is invalid. Using default page load timeout: '6'&#xD;
&#xD;
2019-07-09 15:13:26 - [MESSAGE][PASSED] - Element 'Object Repository/CommonScreenElements/Validate_CameraScreen' is exist&#xD;
&#xD;
2019-07-09 15:13:26 - [MESSAGE][WARNING] - Timeout '0' is invalid. Using default page load timeout: '6'&#xD;
&#xD;
2019-07-09 15:13:29 - [MESSAGE][PASSED] - Tapped on element 'Object Repository/CommonScreenElements/Camera_TakePictureButton'&#xD;
&#xD;
2019-07-09 15:13:34 - [MESSAGE][PASSED] - Delayed 5 second(s)&#xD;
&#xD;
2019-07-09 15:13:34 - [MESSAGE][WARNING] - Timeout '0' is invalid. Using default page load timeout: '6'&#xD;
&#xD;
2019-07-09 15:13:35 - [MESSAGE][PASSED] - Tapped on element 'Object Repository/CommonScreenElements/Camera_DoneButton'&#xD;
&#xD;
2019-07-09 15:13:35 - [MESSAGE][WARNING] - Timeout '0' is invalid. Using default page load timeout: '6'&#xD;
&#xD;
2019-07-09 15:13:35 - [MESSAGE][PASSED] - Element 'Object Repository/ShopOpen/Survey/Validate_SurveyQuestionsScreen' is exist&#xD;
&#xD;
2019-07-09 15:13:36 - [MESSAGE][PASSED] - Swiped from 10,450 to 10,200&#xD;
&#xD;
2019-07-09 15:13:38 - [MESSAGE][WARNING] - Timeout '0' is invalid. Using default page load timeout: '6'&#xD;
&#xD;
2019-07-09 15:13:40 - [MESSAGE][PASSED] - Element 'Object Repository/CommonScreenElements/Validate_CameraScreen' is exist&#xD;
&#xD;
2019-07-09 15:13:40 - [MESSAGE][WARNING] - Timeout '0' is invalid. Using default page load timeout: '6'&#xD;
&#xD;
2019-07-09 15:13:44 - [MESSAGE][PASSED] - Tapped on element 'Object Repository/CommonScreenElements/Camera_TakePictureButton'&#xD;
&#xD;
2019-07-09 15:13:49 - [MESSAGE][PASSED] - Delayed 5 second(s)&#xD;
&#xD;
2019-07-09 15:13:49 - [MESSAGE][WARNING] - Timeout '0' is invalid. Using default page load timeout: '6'&#xD;
&#xD;
2019-07-09 15:13:49 - [MESSAGE][PASSED] - Tapped on element 'Object Repository/CommonScreenElements/Camera_DoneButton'&#xD;
&#xD;
2019-07-09 15:13:49 - [MESSAGE][WARNING] - Timeout '0' is invalid. Using default page load timeout: '6'&#xD;
&#xD;
2019-07-09 15:13:50 - [MESSAGE][PASSED] - Element 'Object Repository/ShopOpen/Survey/Validate_SurveyQuestionsScreen' is exist&#xD;
&#xD;
2019-07-09 15:13:52 - [MESSAGE][PASSED] - Swiped from 10,450 to 10,200&#xD;
&#xD;
2019-07-09 15:13:53 - [MESSAGE][PASSED] - qa.keywords.SurveyKeywords.visitSurveyQuestions is PASSED&#xD;
&#xD;
2019-07-09 15:13:53 - [TEST_STEP][PASSED] - pressBack(): Press back button successfully&#xD;
&#xD;
2019-07-09 15:13:53 - [MESSAGE][PASSED] - Press back button successfully&#xD;
&#xD;
2019-07-09 15:13:53 - [MESSAGE][PASSED] - Call Test Case 'Test Cases/ShopOpen/Survey/SurveyQuestions/VisitSurveyQuestions' successfully&#xD;
&#xD;
2019-07-09 15:13:53 - [MESSAGE][PASSED] - qa.keywords.SurveyKeywords.visitQuestionCategories is PASSED&#xD;
&#xD;
2019-07-09 15:13:53 - [TEST_STEP][PASSED] - pressBack(): Press back button successfully&#xD;
&#xD;
2019-07-09 15:13:54 - [MESSAGE][PASSED] - Press back button successfully&#xD;
&#xD;
2019-07-09 15:13:54 - [TEST_STEP][PASSED] - verifyElementExist(findTestObject("ShopOpen/Validate_ShopCategoriesListScreen"), 0): Element 'Object Repository/ShopOpen/Validate_ShopCategoriesListScreen' is exist&#xD;
&#xD;
2019-07-09 15:13:54 - [MESSAGE][WARNING] - Timeout '0' is invalid. Using default page load timeout: '6'&#xD;
&#xD;
2019-07-09 15:13:55 - [MESSAGE][PASSED] - Element 'Object Repository/ShopOpen/Validate_ShopCategoriesListScreen' is exist&#xD;
&#xD;
2019-07-09 15:13:55 - [MESSAGE][PASSED] - Call Test Case 'Test Cases/ShopOpen/Survey/visitSurveyCategories' successfully&#xD;
&#xD;
2019-07-09 15:14:04 - [MESSAGE][PASSED] - qa.keywords.CategoryVisitingScenariosKeywords.visitShopCategoriesWithDataVerification is PASSED&#xD;
&#xD;
2019-07-09 15:14:04 - [MESSAGE][PASSED] - Call Test Case 'Test Cases/ShopOpen/VisitCategoryScenarios/VisitShopCategoriesWithDataVerification' successfully&#xD;
&#xD;
2019-07-09 15:14:04 - [TEST_CASE][PASSED] - Test Cases/ShopOpen/SaveShop: Test Cases/ShopOpen/SaveShop&#xD;
&#xD;
2019-07-09 15:14:04 - [TEST_STEP][PASSED] - tap(findTestObject("ShopOpen/SubmitButtonToSaveShop", ["package":PACKAGENAME]), 0): Tapped on element 'Object Repository/ShopOpen/SubmitButtonToSaveShop'&#xD;
&#xD;
2019-07-09 15:14:04 - [MESSAGE][WARNING] - Timeout '0' is invalid. Using default page load timeout: '6'&#xD;
&#xD;
2019-07-09 15:14:05 - [MESSAGE][PASSED] - Tapped on element 'Object Repository/ShopOpen/SubmitButtonToSaveShop'&#xD;
&#xD;
2019-07-09 15:14:05 - [TEST_STEP][PASSED] - verifyElementExist(findTestObject("CommonScreenElements/Validate_InfoPopUP", ["package":PACKAGENAME]), 0): Element 'Object Repository/CommonScreenElements/Validate_InfoPopUP' is exist&#xD;
&#xD;
2019-07-09 15:14:05 - [MESSAGE][WARNING] - Timeout '0' is invalid. Using default page load timeout: '6'&#xD;
&#xD;
2019-07-09 15:14:06 - [MESSAGE][PASSED] - Element 'Object Repository/CommonScreenElements/Validate_InfoPopUP' is exist&#xD;
&#xD;
2019-07-09 15:14:06 - [TEST_STEP][PASSED] - tap(findTestObject("CommonScreenElements/InfoPopUp_YesButton", ["package":PACKAGENAME]), 0): Tapped on element 'Object Repository/CommonScreenElements/InfoPopUp_YesButton'&#xD;
&#xD;
2019-07-09 15:14:06 - [MESSAGE][WARNING] - Timeout '0' is invalid. Using default page load timeout: '6'&#xD;
&#xD;
2019-07-09 15:14:07 - [MESSAGE][PASSED] - Tapped on element 'Object Repository/CommonScreenElements/InfoPopUp_YesButton'&#xD;
&#xD;
2019-07-09 15:14:07 - [TEST_STEP][PASSED] - verifyElementText(findTestObject("Validate_ShopListScreen", ["package":PACKAGENAME]), "Shops on Route"): Actual text and expected text of test object 'Object Repository/Validate_ShopListScreen' are matched.&#xD;
&#xD;
2019-07-09 15:14:07 - [MESSAGE][PASSED] - Actual text and expected text of test object 'Object Repository/Validate_ShopListScreen' are matched.&#xD;
&#xD;
2019-07-09 15:14:07 - [MESSAGE][PASSED] - Call Test Case 'Test Cases/ShopOpen/SaveShop' successfully&#xD;
&#xD;
2019-07-09 15:14:07 - [MESSAGE][WARNING] - Timeout '0' is invalid. Using default page load timeout: '6'&#xD;
&#xD;
2019-07-09 15:14:08 - [MESSAGE][PASSED] - Element 'Object Repository/Validate_ShopListScreen' is exist&#xD;
&#xD;
2019-07-09 15:14:11 - [MESSAGE][PASSED] - Actual text and expected text of test object 'Object Repository/Validate_ShopOptionsScreen' are matched.&#xD;
&#xD;
2019-07-09 15:14:13 - [MESSAGE][WARNING] - Timeout '0' is invalid. Using default page load timeout: '6'&#xD;
&#xD;
2019-07-09 15:14:14 - [MESSAGE][PASSED] - Tapped on element 'Object Repository/StartWorking'&#xD;
&#xD;
2019-07-09 15:14:29 - [MESSAGE][PASSED] - Delayed 15 second(s)&#xD;
&#xD;
2019-07-09 15:14:30 - [MESSAGE][PASSED] - Element 'Object Repository/CommonScreenElements/Validate_MapScreen' is exist&#xD;
&#xD;
2019-07-09 15:14:30 - [MESSAGE][WARNING] - Timeout '0' is invalid. Using default page load timeout: '6'&#xD;
&#xD;
2019-07-09 15:14:30 - [MESSAGE][PASSED] - Tapped on element 'Object Repository/CommonScreenElements/Location_CheckIn'&#xD;
&#xD;
2019-07-09 15:14:30 - [MESSAGE][WARNING] - Timeout '0' is invalid. Using default page load timeout: '6'&#xD;
&#xD;
2019-07-09 15:14:31 - [MESSAGE][PASSED] - Element 'Object Repository/CommonScreenElements/Validate_InfoPopUP' is exist&#xD;
&#xD;
2019-07-09 15:14:31 - [MESSAGE][WARNING] - Timeout '0' is invalid. Using default page load timeout: '6'&#xD;
&#xD;
2019-07-09 15:14:32 - [MESSAGE][PASSED] - Tapped on element 'Object Repository/CommonScreenElements/InfoPopUp_NoButton'&#xD;
&#xD;
2019-07-09 15:14:34 - [TEST_CASE][PASSED] - Test Cases/ShopOpen/VisitShopOpen: Test Cases/ShopOpen/VisitShopOpen&#xD;
&#xD;
2019-07-09 15:14:34 - [TEST_STEP][PASSED] - verifyElementExist(findTestObject("ShopActions_List", ["package":PACKAGENAME]), 0): Element 'Object Repository/ShopActions_List' is exist&#xD;
&#xD;
2019-07-09 15:14:34 - [MESSAGE][WARNING] - Timeout '0' is invalid. Using default page load timeout: '6'&#xD;
&#xD;
2019-07-09 15:14:34 - [MESSAGE][PASSED] - Element 'Object Repository/ShopActions_List' is exist&#xD;
&#xD;
2019-07-09 15:14:34 - [TEST_STEP][PASSED] - tap(findTestObject("ShopOpen/ShopOpen", ["package":PACKAGENAME]), 0): Tapped on element 'Object Repository/ShopOpen/ShopOpen'&#xD;
&#xD;
2019-07-09 15:14:34 - [MESSAGE][WARNING] - Timeout '0' is invalid. Using default page load timeout: '6'&#xD;
&#xD;
2019-07-09 15:14:37 - [MESSAGE][PASSED] - Tapped on element 'Object Repository/ShopOpen/ShopOpen'&#xD;
&#xD;
2019-07-09 15:14:37 - [TEST_STEP][PASSED] - qa.keywords.CommonKeywords.takePicture(): qa.keywords.CommonKeywords.takePicture is PASSED&#xD;
&#xD;
2019-07-09 15:14:37 - [MESSAGE][WARNING] - Timeout '0' is invalid. Using default page load timeout: '6'&#xD;
&#xD;
2019-07-09 15:14:37 - [MESSAGE][PASSED] - Element 'Object Repository/CommonScreenElements/Validate_CameraScreen' is exist&#xD;
&#xD;
2019-07-09 15:14:37 - [MESSAGE][WARNING] - Timeout '0' is invalid. Using default page load timeout: '6'&#xD;
&#xD;
2019-07-09 15:14:40 - [MESSAGE][PASSED] - Tapped on element 'Object Repository/CommonScreenElements/Camera_TakePictureButton'&#xD;
&#xD;
2019-07-09 15:14:45 - [MESSAGE][PASSED] - Delayed 5 second(s)&#xD;
&#xD;
2019-07-09 15:14:45 - [MESSAGE][WARNING] - Timeout '0' is invalid. Using default page load timeout: '6'&#xD;
&#xD;
2019-07-09 15:14:45 - [MESSAGE][PASSED] - Tapped on element 'Object Repository/CommonScreenElements/Camera_DoneButton'&#xD;
&#xD;
2019-07-09 15:14:45 - [MESSAGE][PASSED] - qa.keywords.CommonKeywords.takePicture is PASSED&#xD;
&#xD;
2019-07-09 15:14:45 - [MESSAGE][PASSED] - Call Test Case 'Test Cases/ShopOpen/VisitShopOpen' successfully&#xD;
&#xD;
2019-07-09 15:14:45 - [TEST_CASE][PASSED] - Test Cases/ShopOpen/VisitCategoryScenarios/VisitShopCategoriesWithDataVerification: Test Cases/ShopOpen/VisitCategoryScenarios/VisitShopCategoriesWithDataVerification&#xD;
&#xD;
2019-07-09 15:14:45 - [TEST_STEP][PASSED] - verifyElementExist(findTestObject("ShopOpen/Validate_ShopCategoriesListScreen", ["package":PACKAGENAME]), 0): Element 'Object Repository/ShopOpen/Validate_ShopCategoriesListScreen' is exist&#xD;
&#xD;
2019-07-09 15:14:45 - [MESSAGE][WARNING] - Timeout '0' is invalid. Using default page load timeout: '6'&#xD;
&#xD;
2019-07-09 15:14:48 - [MESSAGE][PASSED] - Element 'Object Repository/ShopOpen/Validate_ShopCategoriesListScreen' is exist&#xD;
&#xD;
2019-07-09 15:14:48 - [TEST_STEP][PASSED] - qa.keywords.CategoryVisitingScenariosKeywords.visitShopCategoriesWithDataVerification(): qa.keywords.CategoryVisitingScenariosKeywords.visitShopCategoriesWithDataVerification is PASSED&#xD;
&#xD;
2019-07-09 15:15:07 - [MESSAGE][PASSED] - Swiped from 0,200 to 0,750&#xD;
&#xD;
2019-07-09 15:15:07 - [MESSAGE][PASSED] - Swiped from 0,200 to 0,750&#xD;
&#xD;
2019-07-09 15:15:09 - [MESSAGE][WARNING] - Timeout '0' is invalid. Using default page load timeout: '6'&#xD;
&#xD;
2019-07-09 15:15:17 - [MESSAGE][WARNING] - Element 'Object Repository/CommonScreenElements/Validate_CameraScreen' not found&#xD;
[[ATTACHMENT|F:\\Git Projects\\MMAPlus\\MMAPlus\\Reports\\MMA Plus Merchandising\\MMA Plus Merchandising With Data Verification\\20190709_143621\\1562667316235.png]]&#xD;
&#xD;
2019-07-09 15:15:18 - [MESSAGE][PASSED] - Actual text and expected text of test object 'Object Repository/ShopOpen/Chiller/Validate_ChillerScreen' are matched.&#xD;
&#xD;
2019-07-09 15:15:19 - [TEST_CASE][PASSED] - Test Cases/ShopOpen/Chiller/VisitChillerWithChillerNotAllocated: Test Cases/ShopOpen/Chiller/VisitChillerWithChillerNotAllocated&#xD;
&#xD;
2019-07-09 15:15:19 - [TEST_STEP][PASSED] - verifyElementText(findTestObject("ShopOpen/Chiller/Validate_ChillerNotAllocatedProductCategoryScreen", ["package":PACKAGENAME]), "Category:Chiller"): Actual text and expected text of test object 'Object Repository/ShopOpen/Chiller/Validate_ChillerNotAllocatedProductCategoryScreen' are matched.&#xD;
&#xD;
2019-07-09 15:15:21 - [MESSAGE][PASSED] - Actual text and expected text of test object 'Object Repository/ShopOpen/Chiller/Validate_ChillerNotAllocatedProductCategoryScreen' are matched.&#xD;
&#xD;
2019-07-09 15:15:21 - [TEST_STEP][PASSED] - qa.keywords.ChannelProductsDataKeywords.visitChillerNotAllocatedProductCategories(1): qa.keywords.ChannelProductsDataKeywords.visitChillerNotAllocatedProductCategories is PASSED&#xD;
&#xD;
2019-07-09 15:15:24 - [TEST_CASE][PASSED] - Test Cases/ShopOpen/Chiller/VisitProductCategoryAssets: Test Cases/ShopOpen/Chiller/VisitProductCategoryAssets&#xD;
&#xD;
2019-07-09 15:15:24 - [TEST_STEP][PASSED] - verifyElementText(findTestObject("ShopOpen/Chiller/Validate_ProductCategoryAssetsScreen", ["package":PACKAGENAME]), "Facing"): Actual text and expected text of test object 'Object Repository/ShopOpen/Chiller/Validate_ProductCategoryAssetsScreen' are matched.&#xD;
&#xD;
2019-07-09 15:15:26 - [MESSAGE][PASSED] - Actual text and expected text of test object 'Object Repository/ShopOpen/Chiller/Validate_ProductCategoryAssetsScreen' are matched.&#xD;
&#xD;
2019-07-09 15:15:26 - [TEST_STEP][PASSED] - tap(findTestObject("ShopOpen/Chiller/Facing", ["package":PACKAGENAME]), 0): Tapped on element 'Object Repository/ShopOpen/Chiller/Facing'&#xD;
&#xD;
2019-07-09 15:15:26 - [MESSAGE][WARNING] - Timeout '0' is invalid. Using default page load timeout: '6'&#xD;
&#xD;
2019-07-09 15:15:26 - [MESSAGE][PASSED] - Tapped on element 'Object Repository/ShopOpen/Chiller/Facing'&#xD;
&#xD;
2019-07-09 15:15:26 - [TEST_STEP][PASSED] - verifyElementText(findTestObject("ShopOpen/Chiller/Validate_FacingScreen", ["package":PACKAGENAME]), "Facing"): Actual text and expected text of test object 'Object Repository/ShopOpen/Chiller/Validate_FacingScreen' are matched.&#xD;
&#xD;
2019-07-09 15:15:28 - [MESSAGE][PASSED] - Actual text and expected text of test object 'Object Repository/ShopOpen/Chiller/Validate_FacingScreen' are matched.&#xD;
&#xD;
2019-07-09 15:15:28 - [TEST_STEP][PASSED] - qa.keywords.ChannelProductsDataKeywords.visitChannelWiseProductsData(CHANNEL_CHILLER_FACING, "Facing"): qa.keywords.ChannelProductsDataKeywords.visitChannelWiseProductsData is PASSED&#xD;
&#xD;
2019-07-09 15:15:33 - [MESSAGE][PASSED] - Keyboard is hidden&#xD;
&#xD;
2019-07-09 15:15:36 - [MESSAGE][PASSED] - Keyboard is hidden&#xD;
&#xD;
2019-07-09 15:15:39 - [MESSAGE][PASSED] - Keyboard is hidden&#xD;
&#xD;
2019-07-09 15:15:42 - [MESSAGE][PASSED] - Keyboard is hidden&#xD;
&#xD;
2019-07-09 15:15:45 - [MESSAGE][PASSED] - Keyboard is hidden&#xD;
&#xD;
2019-07-09 15:15:48 - [MESSAGE][PASSED] - Keyboard is hidden&#xD;
&#xD;
2019-07-09 15:15:51 - [MESSAGE][PASSED] - qa.keywords.ChannelProductsDataKeywords.visitChannelWiseProductsData is PASSED&#xD;
&#xD;
2019-07-09 15:15:51 - [TEST_STEP][PASSED] - tap(findTestObject("ShopOpen/Chiller/SubmitButton", ["package":PACKAGENAME]), 0): Tapped on element 'Object Repository/ShopOpen/Chiller/SubmitButton'&#xD;
&#xD;
2019-07-09 15:15:51 - [MESSAGE][WARNING] - Timeout '0' is invalid. Using default page load timeout: '6'&#xD;
&#xD;
2019-07-09 15:15:52 - [MESSAGE][PASSED] - Tapped on element 'Object Repository/ShopOpen/Chiller/SubmitButton'&#xD;
&#xD;
2019-07-09 15:15:52 - [TEST_STEP][PASSED] - verifyElementText(findTestObject("ShopOpen/Chiller/Validate_ProductCategoryAssetsScreen", ["package":PACKAGENAME]), "Facing"): Actual text and expected text of test object 'Object Repository/ShopOpen/Chiller/Validate_ProductCategoryAssetsScreen' are matched.&#xD;
&#xD;
2019-07-09 15:15:53 - [MESSAGE][PASSED] - Actual text and expected text of test object 'Object Repository/ShopOpen/Chiller/Validate_ProductCategoryAssetsScreen' are matched.&#xD;
&#xD;
2019-07-09 15:15:53 - [TEST_STEP][PASSED] - tap(findTestObject("ShopOpen/Chiller/StockTaking", ["package":PACKAGENAME]), 0): Tapped on element 'Object Repository/ShopOpen/Chiller/StockTaking'&#xD;
&#xD;
2019-07-09 15:15:53 - [MESSAGE][WARNING] - Timeout '0' is invalid. Using default page load timeout: '6'&#xD;
&#xD;
2019-07-09 15:15:53 - [MESSAGE][PASSED] - Tapped on element 'Object Repository/ShopOpen/Chiller/StockTaking'&#xD;
&#xD;
2019-07-09 15:15:53 - [TEST_STEP][PASSED] - verifyElementText(findTestObject("ShopOpen/Chiller/Validate_StockTakingScreen", ["package":PACKAGENAME]), "Stock Taking"): Actual text and expected text of test object 'Object Repository/ShopOpen/Chiller/Validate_StockTakingScreen' are matched.&#xD;
&#xD;
2019-07-09 15:15:55 - [MESSAGE][PASSED] - Actual text and expected text of test object 'Object Repository/ShopOpen/Chiller/Validate_StockTakingScreen' are matched.&#xD;
&#xD;
2019-07-09 15:15:55 - [TEST_STEP][PASSED] - qa.keywords.ChannelProductsDataKeywords.visitChannelWiseProductsData(CHANNEL_CHILLER_STOCKTAKING, "Stock Taking"): qa.keywords.ChannelProductsDataKeywords.visitChannelWiseProductsData is PASSED&#xD;
&#xD;
2019-07-09 15:16:00 - [MESSAGE][PASSED] - Keyboard is hidden&#xD;
&#xD;
2019-07-09 15:16:03 - [MESSAGE][PASSED] - Keyboard is hidden&#xD;
&#xD;
2019-07-09 15:16:06 - [MESSAGE][PASSED] - Keyboard is hidden&#xD;
&#xD;
2019-07-09 15:16:09 - [MESSAGE][PASSED] - Keyboard is hidden&#xD;
&#xD;
2019-07-09 15:16:12 - [MESSAGE][PASSED] - Keyboard is hidden&#xD;
&#xD;
2019-07-09 15:16:15 - [MESSAGE][PASSED] - Keyboard is hidden&#xD;
&#xD;
2019-07-09 15:16:18 - [MESSAGE][PASSED] - qa.keywords.ChannelProductsDataKeywords.visitChannelWiseProductsData is PASSED&#xD;
&#xD;
2019-07-09 15:16:18 - [TEST_STEP][PASSED] - tap(findTestObject("ShopOpen/Chiller/SubmitButton", ["package":PACKAGENAME]), 0): Tapped on element 'Object Repository/ShopOpen/Chiller/SubmitButton'&#xD;
&#xD;
2019-07-09 15:16:18 - [MESSAGE][WARNING] - Timeout '0' is invalid. Using default page load timeout: '6'&#xD;
&#xD;
2019-07-09 15:16:19 - [MESSAGE][PASSED] - Tapped on element 'Object Repository/ShopOpen/Chiller/SubmitButton'&#xD;
&#xD;
2019-07-09 15:16:19 - [TEST_STEP][PASSED] - verifyElementText(findTestObject("ShopOpen/Chiller/Validate_ProductCategoryAssetsScreen", ["package":PACKAGENAME]), "Facing"): Actual text and expected text of test object 'Object Repository/ShopOpen/Chiller/Validate_ProductCategoryAssetsScreen' are matched.&#xD;
&#xD;
2019-07-09 15:16:20 - [MESSAGE][PASSED] - Actual text and expected text of test object 'Object Repository/ShopOpen/Chiller/Validate_ProductCategoryAssetsScreen' are matched.&#xD;
&#xD;
2019-07-09 15:16:20 - [TEST_STEP][PASSED] - tap(findTestObject("ShopOpen/Chiller/ChillerNotAllocatedProductCategory_BackButton", ["package":PACKAGENAME]), 0): Tapped on element 'Object Repository/ShopOpen/Chiller/ChillerNotAllocatedProductCategory_BackButton'&#xD;
&#xD;
2019-07-09 15:16:20 - [MESSAGE][WARNING] - Timeout '0' is invalid. Using default page load timeout: '6'&#xD;
&#xD;
2019-07-09 15:16:20 - [MESSAGE][PASSED] - Tapped on element 'Object Repository/ShopOpen/Chiller/ChillerNotAllocatedProductCategory_BackButton'&#xD;
&#xD;
2019-07-09 15:16:20 - [MESSAGE][PASSED] - Call Test Case 'Test Cases/ShopOpen/Chiller/VisitProductCategoryAssets' successfully&#xD;
&#xD;
2019-07-09 15:16:21 - [MESSAGE][PASSED] - Actual text and expected text of test object 'Object Repository/ShopOpen/Chiller/Validate_ChillerNotAllocatedProductCategoryScreen' are matched.&#xD;
&#xD;
2019-07-09 15:16:22 - [TEST_CASE][PASSED] - Test Cases/ShopOpen/Chiller/VisitProductCategoryAssets: Test Cases/ShopOpen/Chiller/VisitProductCategoryAssets&#xD;
&#xD;
2019-07-09 15:16:22 - [TEST_STEP][PASSED] - verifyElementText(findTestObject("ShopOpen/Chiller/Validate_ProductCategoryAssetsScreen", ["package":PACKAGENAME]), "Facing"): Actual text and expected text of test object 'Object Repository/ShopOpen/Chiller/Validate_ProductCategoryAssetsScreen' are matched.&#xD;
&#xD;
2019-07-09 15:16:24 - [MESSAGE][PASSED] - Actual text and expected text of test object 'Object Repository/ShopOpen/Chiller/Validate_ProductCategoryAssetsScreen' are matched.&#xD;
&#xD;
2019-07-09 15:16:24 - [TEST_STEP][PASSED] - tap(findTestObject("ShopOpen/Chiller/Facing", ["package":PACKAGENAME]), 0): Tapped on element 'Object Repository/ShopOpen/Chiller/Facing'&#xD;
&#xD;
2019-07-09 15:16:24 - [MESSAGE][WARNING] - Timeout '0' is invalid. Using default page load timeout: '6'&#xD;
&#xD;
2019-07-09 15:16:24 - [MESSAGE][PASSED] - Tapped on element 'Object Repository/ShopOpen/Chiller/Facing'&#xD;
&#xD;
2019-07-09 15:16:24 - [TEST_STEP][PASSED] - verifyElementText(findTestObject("ShopOpen/Chiller/Validate_FacingScreen", ["package":PACKAGENAME]), "Facing"): Actual text and expected text of test object 'Object Repository/ShopOpen/Chiller/Validate_FacingScreen' are matched.&#xD;
&#xD;
2019-07-09 15:16:26 - [MESSAGE][PASSED] - Actual text and expected text of test object 'Object Repository/ShopOpen/Chiller/Validate_FacingScreen' are matched.&#xD;
&#xD;
2019-07-09 15:16:26 - [TEST_STEP][PASSED] - qa.keywords.ChannelProductsDataKeywords.visitChannelWiseProductsData(CHANNEL_CHILLER_FACING, "Facing"): qa.keywords.ChannelProductsDataKeywords.visitChannelWiseProductsData is PASSED&#xD;
&#xD;
2019-07-09 15:16:30 - [MESSAGE][PASSED] - Keyboard is hidden&#xD;
&#xD;
2019-07-09 15:16:33 - [MESSAGE][PASSED] - Keyboard is hidden&#xD;
&#xD;
2019-07-09 15:16:36 - [MESSAGE][PASSED] - Keyboard is hidden&#xD;
&#xD;
2019-07-09 15:16:38 - [MESSAGE][PASSED] - qa.keywords.ChannelProductsDataKeywords.visitChannelWiseProductsData is PASSED&#xD;
&#xD;
2019-07-09 15:16:38 - [TEST_STEP][PASSED] - tap(findTestObject("ShopOpen/Chiller/SubmitButton", ["package":PACKAGENAME]), 0): Tapped on element 'Object Repository/ShopOpen/Chiller/SubmitButton'&#xD;
&#xD;
2019-07-09 15:16:38 - [MESSAGE][WARNING] - Timeout '0' is invalid. Using default page load timeout: '6'&#xD;
&#xD;
2019-07-09 15:16:39 - [MESSAGE][PASSED] - Tapped on element 'Object Repository/ShopOpen/Chiller/SubmitButton'&#xD;
&#xD;
2019-07-09 15:16:39 - [TEST_STEP][PASSED] - verifyElementText(findTestObject("ShopOpen/Chiller/Validate_ProductCategoryAssetsScreen", ["package":PACKAGENAME]), "Facing"): Actual text and expected text of test object 'Object Repository/ShopOpen/Chiller/Validate_ProductCategoryAssetsScreen' are matched.&#xD;
&#xD;
2019-07-09 15:16:40 - [MESSAGE][PASSED] - Actual text and expected text of test object 'Object Repository/ShopOpen/Chiller/Validate_ProductCategoryAssetsScreen' are matched.&#xD;
&#xD;
2019-07-09 15:16:40 - [TEST_STEP][PASSED] - tap(findTestObject("ShopOpen/Chiller/StockTaking", ["package":PACKAGENAME]), 0): Tapped on element 'Object Repository/ShopOpen/Chiller/StockTaking'&#xD;
&#xD;
2019-07-09 15:16:40 - [MESSAGE][WARNING] - Timeout '0' is invalid. Using default page load timeout: '6'&#xD;
&#xD;
2019-07-09 15:16:40 - [MESSAGE][PASSED] - Tapped on element 'Object Repository/ShopOpen/Chiller/StockTaking'&#xD;
&#xD;
2019-07-09 15:16:40 - [TEST_STEP][PASSED] - verifyElementText(findTestObject("ShopOpen/Chiller/Validate_StockTakingScreen", ["package":PACKAGENAME]), "Stock Taking"): Actual text and expected text of test object 'Object Repository/ShopOpen/Chiller/Validate_StockTakingScreen' are matched.&#xD;
&#xD;
2019-07-09 15:16:42 - [MESSAGE][PASSED] - Actual text and expected text of test object 'Object Repository/ShopOpen/Chiller/Validate_StockTakingScreen' are matched.&#xD;
&#xD;
2019-07-09 15:16:42 - [TEST_STEP][PASSED] - qa.keywords.ChannelProductsDataKeywords.visitChannelWiseProductsData(CHANNEL_CHILLER_STOCKTAKING, "Stock Taking"): qa.keywords.ChannelProductsDataKeywords.visitChannelWiseProductsData is PASSED&#xD;
&#xD;
2019-07-09 15:16:46 - [MESSAGE][PASSED] - Keyboard is hidden&#xD;
&#xD;
2019-07-09 15:16:49 - [MESSAGE][PASSED] - Keyboard is hidden&#xD;
&#xD;
2019-07-09 15:16:52 - [MESSAGE][PASSED] - Keyboard is hidden&#xD;
&#xD;
2019-07-09 15:16:54 - [MESSAGE][PASSED] - qa.keywords.ChannelProductsDataKeywords.visitChannelWiseProductsData is PASSED&#xD;
&#xD;
2019-07-09 15:16:54 - [TEST_STEP][PASSED] - tap(findTestObject("ShopOpen/Chiller/SubmitButton", ["package":PACKAGENAME]), 0): Tapped on element 'Object Repository/ShopOpen/Chiller/SubmitButton'&#xD;
&#xD;
2019-07-09 15:16:54 - [MESSAGE][WARNING] - Timeout '0' is invalid. Using default page load timeout: '6'&#xD;
&#xD;
2019-07-09 15:16:55 - [MESSAGE][PASSED] - Tapped on element 'Object Repository/ShopOpen/Chiller/SubmitButton'&#xD;
&#xD;
2019-07-09 15:16:55 - [TEST_STEP][PASSED] - verifyElementText(findTestObject("ShopOpen/Chiller/Validate_ProductCategoryAssetsScreen", ["package":PACKAGENAME]), "Facing"): Actual text and expected text of test object 'Object Repository/ShopOpen/Chiller/Validate_ProductCategoryAssetsScreen' are matched.&#xD;
&#xD;
2019-07-09 15:16:56 - [MESSAGE][PASSED] - Actual text and expected text of test object 'Object Repository/ShopOpen/Chiller/Validate_ProductCategoryAssetsScreen' are matched.&#xD;
&#xD;
2019-07-09 15:16:56 - [TEST_STEP][PASSED] - tap(findTestObject("ShopOpen/Chiller/ChillerNotAllocatedProductCategory_BackButton", ["package":PACKAGENAME]), 0): Tapped on element 'Object Repository/ShopOpen/Chiller/ChillerNotAllocatedProductCategory_BackButton'&#xD;
&#xD;
2019-07-09 15:16:56 - [MESSAGE][WARNING] - Timeout '0' is invalid. Using default page load timeout: '6'&#xD;
&#xD;
2019-07-09 15:16:56 - [MESSAGE][PASSED] - Tapped on element 'Object Repository/ShopOpen/Chiller/ChillerNotAllocatedProductCategory_BackButton'&#xD;
&#xD;
2019-07-09 15:16:56 - [MESSAGE][PASSED] - Call Test Case 'Test Cases/ShopOpen/Chiller/VisitProductCategoryAssets' successfully&#xD;
&#xD;
2019-07-09 15:16:57 - [MESSAGE][PASSED] - Actual text and expected text of test object 'Object Repository/ShopOpen/Chiller/Validate_ChillerNotAllocatedProductCategoryScreen' are matched.&#xD;
&#xD;
2019-07-09 15:16:58 - [TEST_CASE][PASSED] - Test Cases/ShopOpen/Chiller/VisitProductCategoryAssets: Test Cases/ShopOpen/Chiller/VisitProductCategoryAssets&#xD;
&#xD;
2019-07-09 15:16:58 - [TEST_STEP][PASSED] - verifyElementText(findTestObject("ShopOpen/Chiller/Validate_ProductCategoryAssetsScreen", ["package":PACKAGENAME]), "Facing"): Actual text and expected text of test object 'Object Repository/ShopOpen/Chiller/Validate_ProductCategoryAssetsScreen' are matched.&#xD;
&#xD;
2019-07-09 15:17:00 - [MESSAGE][PASSED] - Actual text and expected text of test object 'Object Repository/ShopOpen/Chiller/Validate_ProductCategoryAssetsScreen' are matched.&#xD;
&#xD;
2019-07-09 15:17:00 - [TEST_STEP][PASSED] - tap(findTestObject("ShopOpen/Chiller/Facing", ["package":PACKAGENAME]), 0): Tapped on element 'Object Repository/ShopOpen/Chiller/Facing'&#xD;
&#xD;
2019-07-09 15:17:00 - [MESSAGE][WARNING] - Timeout '0' is invalid. Using default page load timeout: '6'&#xD;
&#xD;
2019-07-09 15:17:00 - [MESSAGE][PASSED] - Tapped on element 'Object Repository/ShopOpen/Chiller/Facing'&#xD;
&#xD;
2019-07-09 15:17:00 - [TEST_STEP][PASSED] - verifyElementText(findTestObject("ShopOpen/Chiller/Validate_FacingScreen", ["package":PACKAGENAME]), "Facing"): Actual text and expected text of test object 'Object Repository/ShopOpen/Chiller/Validate_FacingScreen' are matched.&#xD;
&#xD;
2019-07-09 15:17:02 - [MESSAGE][PASSED] - Actual text and expected text of test object 'Object Repository/ShopOpen/Chiller/Validate_FacingScreen' are matched.&#xD;
&#xD;
2019-07-09 15:17:02 - [TEST_STEP][PASSED] - qa.keywords.ChannelProductsDataKeywords.visitChannelWiseProductsData(CHANNEL_CHILLER_FACING, "Facing"): qa.keywords.ChannelProductsDataKeywords.visitChannelWiseProductsData is PASSED&#xD;
&#xD;
2019-07-09 15:17:05 - [MESSAGE][PASSED] - Keyboard is hidden&#xD;
&#xD;
2019-07-09 15:17:07 - [MESSAGE][PASSED] - qa.keywords.ChannelProductsDataKeywords.visitChannelWiseProductsData is PASSED&#xD;
&#xD;
2019-07-09 15:17:07 - [TEST_STEP][PASSED] - tap(findTestObject("ShopOpen/Chiller/SubmitButton", ["package":PACKAGENAME]), 0): Tapped on element 'Object Repository/ShopOpen/Chiller/SubmitButton'&#xD;
&#xD;
2019-07-09 15:17:07 - [MESSAGE][WARNING] - Timeout '0' is invalid. Using default page load timeout: '6'&#xD;
&#xD;
2019-07-09 15:17:08 - [MESSAGE][PASSED] - Tapped on element 'Object Repository/ShopOpen/Chiller/SubmitButton'&#xD;
&#xD;
2019-07-09 15:17:08 - [TEST_STEP][PASSED] - verifyElementText(findTestObject("ShopOpen/Chiller/Validate_ProductCategoryAssetsScreen", ["package":PACKAGENAME]), "Facing"): Actual text and expected text of test object 'Object Repository/ShopOpen/Chiller/Validate_ProductCategoryAssetsScreen' are matched.&#xD;
&#xD;
2019-07-09 15:17:08 - [MESSAGE][PASSED] - Actual text and expected text of test object 'Object Repository/ShopOpen/Chiller/Validate_ProductCategoryAssetsScreen' are matched.&#xD;
&#xD;
2019-07-09 15:17:08 - [TEST_STEP][PASSED] - tap(findTestObject("ShopOpen/Chiller/StockTaking", ["package":PACKAGENAME]), 0): Tapped on element 'Object Repository/ShopOpen/Chiller/StockTaking'&#xD;
&#xD;
2019-07-09 15:17:08 - [MESSAGE][WARNING] - Timeout '0' is invalid. Using default page load timeout: '6'&#xD;
&#xD;
2019-07-09 15:17:09 - [MESSAGE][PASSED] - Tapped on element 'Object Repository/ShopOpen/Chiller/StockTaking'&#xD;
&#xD;
2019-07-09 15:17:09 - [TEST_STEP][PASSED] - verifyElementText(findTestObject("ShopOpen/Chiller/Validate_StockTakingScreen", ["package":PACKAGENAME]), "Stock Taking"): Actual text and expected text of test object 'Object Repository/ShopOpen/Chiller/Validate_StockTakingScreen' are matched.&#xD;
&#xD;
2019-07-09 15:17:11 - [MESSAGE][PASSED] - Actual text and expected text of test object 'Object Repository/ShopOpen/Chiller/Validate_StockTakingScreen' are matched.&#xD;
&#xD;
2019-07-09 15:17:11 - [TEST_STEP][PASSED] - qa.keywords.ChannelProductsDataKeywords.visitChannelWiseProductsData(CHANNEL_CHILLER_STOCKTAKING, "Stock Taking"): qa.keywords.ChannelProductsDataKeywords.visitChannelWiseProductsData is PASSED&#xD;
&#xD;
2019-07-09 15:17:14 - [MESSAGE][PASSED] - Keyboard is hidden&#xD;
&#xD;
2019-07-09 15:17:16 - [MESSAGE][PASSED] - qa.keywords.ChannelProductsDataKeywords.visitChannelWiseProductsData is PASSED&#xD;
&#xD;
2019-07-09 15:17:16 - [TEST_STEP][PASSED] - tap(findTestObject("ShopOpen/Chiller/SubmitButton", ["package":PACKAGENAME]), 0): Tapped on element 'Object Repository/ShopOpen/Chiller/SubmitButton'&#xD;
&#xD;
2019-07-09 15:17:16 - [MESSAGE][WARNING] - Timeout '0' is invalid. Using default page load timeout: '6'&#xD;
&#xD;
2019-07-09 15:17:16 - [MESSAGE][PASSED] - Tapped on element 'Object Repository/ShopOpen/Chiller/SubmitButton'&#xD;
&#xD;
2019-07-09 15:17:16 - [TEST_STEP][PASSED] - verifyElementText(findTestObject("ShopOpen/Chiller/Validate_ProductCategoryAssetsScreen", ["package":PACKAGENAME]), "Facing"): Actual text and expected text of test object 'Object Repository/ShopOpen/Chiller/Validate_ProductCategoryAssetsScreen' are matched.&#xD;
&#xD;
2019-07-09 15:17:17 - [MESSAGE][PASSED] - Actual text and expected text of test object 'Object Repository/ShopOpen/Chiller/Validate_ProductCategoryAssetsScreen' are matched.&#xD;
&#xD;
2019-07-09 15:17:17 - [TEST_STEP][PASSED] - tap(findTestObject("ShopOpen/Chiller/ChillerNotAllocatedProductCategory_BackButton", ["package":PACKAGENAME]), 0): Tapped on element 'Object Repository/ShopOpen/Chiller/ChillerNotAllocatedProductCategory_BackButton'&#xD;
&#xD;
2019-07-09 15:17:17 - [MESSAGE][WARNING] - Timeout '0' is invalid. Using default page load timeout: '6'&#xD;
&#xD;
2019-07-09 15:17:18 - [MESSAGE][PASSED] - Tapped on element 'Object Repository/ShopOpen/Chiller/ChillerNotAllocatedProductCategory_BackButton'&#xD;
&#xD;
2019-07-09 15:17:18 - [MESSAGE][PASSED] - Call Test Case 'Test Cases/ShopOpen/Chiller/VisitProductCategoryAssets' successfully&#xD;
&#xD;
2019-07-09 15:17:19 - [MESSAGE][PASSED] - Actual text and expected text of test object 'Object Repository/ShopOpen/Chiller/Validate_ChillerNotAllocatedProductCategoryScreen' are matched.&#xD;
&#xD;
2019-07-09 15:17:20 - [TEST_CASE][PASSED] - Test Cases/ShopOpen/Chiller/VisitProductCategoryAssets: Test Cases/ShopOpen/Chiller/VisitProductCategoryAssets&#xD;
&#xD;
2019-07-09 15:17:20 - [TEST_STEP][PASSED] - verifyElementText(findTestObject("ShopOpen/Chiller/Validate_ProductCategoryAssetsScreen", ["package":PACKAGENAME]), "Facing"): Actual text and expected text of test object 'Object Repository/ShopOpen/Chiller/Validate_ProductCategoryAssetsScreen' are matched.&#xD;
&#xD;
2019-07-09 15:17:22 - [MESSAGE][PASSED] - Actual text and expected text of test object 'Object Repository/ShopOpen/Chiller/Validate_ProductCategoryAssetsScreen' are matched.&#xD;
&#xD;
2019-07-09 15:17:22 - [TEST_STEP][PASSED] - tap(findTestObject("ShopOpen/Chiller/Facing", ["package":PACKAGENAME]), 0): Tapped on element 'Object Repository/ShopOpen/Chiller/Facing'&#xD;
&#xD;
2019-07-09 15:17:22 - [MESSAGE][WARNING] - Timeout '0' is invalid. Using default page load timeout: '6'&#xD;
&#xD;
2019-07-09 15:17:22 - [MESSAGE][PASSED] - Tapped on element 'Object Repository/ShopOpen/Chiller/Facing'&#xD;
&#xD;
2019-07-09 15:17:22 - [TEST_STEP][PASSED] - verifyElementText(findTestObject("ShopOpen/Chiller/Validate_FacingScreen", ["package":PACKAGENAME]), "Facing"): Actual text and expected text of test object 'Object Repository/ShopOpen/Chiller/Validate_FacingScreen' are matched.&#xD;
&#xD;
2019-07-09 15:17:24 - [MESSAGE][PASSED] - Actual text and expected text of test object 'Object Repository/ShopOpen/Chiller/Validate_FacingScreen' are matched.&#xD;
&#xD;
2019-07-09 15:17:24 - [TEST_STEP][PASSED] - qa.keywords.ChannelProductsDataKeywords.visitChannelWiseProductsData(CHANNEL_CHILLER_FACING, "Facing"): qa.keywords.ChannelProductsDataKeywords.visitChannelWiseProductsData is PASSED&#xD;
&#xD;
2019-07-09 15:17:29 - [MESSAGE][PASSED] - Keyboard is hidden&#xD;
&#xD;
2019-07-09 15:17:32 - [MESSAGE][PASSED] - Keyboard is hidden&#xD;
&#xD;
2019-07-09 15:17:35 - [MESSAGE][PASSED] - Keyboard is hidden&#xD;
&#xD;
2019-07-09 15:17:38 - [MESSAGE][PASSED] - Keyboard is hidden&#xD;
&#xD;
2019-07-09 15:17:41 - [MESSAGE][PASSED] - Keyboard is hidden&#xD;
&#xD;
2019-07-09 15:17:44 - [MESSAGE][PASSED] - Keyboard is hidden&#xD;
&#xD;
2019-07-09 15:17:50 - [MESSAGE][PASSED] - Keyboard is hidden&#xD;
&#xD;
2019-07-09 15:17:56 - [MESSAGE][PASSED] - Keyboard is hidden&#xD;
&#xD;
2019-07-09 15:17:59 - [MESSAGE][PASSED] - qa.keywords.ChannelProductsDataKeywords.visitChannelWiseProductsData is PASSED&#xD;
&#xD;
2019-07-09 15:17:59 - [TEST_STEP][PASSED] - tap(findTestObject("ShopOpen/Chiller/SubmitButton", ["package":PACKAGENAME]), 0): Tapped on element 'Object Repository/ShopOpen/Chiller/SubmitButton'&#xD;
&#xD;
2019-07-09 15:17:59 - [MESSAGE][WARNING] - Timeout '0' is invalid. Using default page load timeout: '6'&#xD;
&#xD;
2019-07-09 15:17:59 - [MESSAGE][PASSED] - Tapped on element 'Object Repository/ShopOpen/Chiller/SubmitButton'&#xD;
&#xD;
2019-07-09 15:17:59 - [TEST_STEP][PASSED] - verifyElementText(findTestObject("ShopOpen/Chiller/Validate_ProductCategoryAssetsScreen", ["package":PACKAGENAME]), "Facing"): Actual text and expected text of test object 'Object Repository/ShopOpen/Chiller/Validate_ProductCategoryAssetsScreen' are matched.&#xD;
&#xD;
2019-07-09 15:18:00 - [MESSAGE][PASSED] - Actual text and expected text of test object 'Object Repository/ShopOpen/Chiller/Validate_ProductCategoryAssetsScreen' are matched.&#xD;
&#xD;
2019-07-09 15:18:00 - [TEST_STEP][PASSED] - tap(findTestObject("ShopOpen/Chiller/StockTaking", ["package":PACKAGENAME]), 0): Tapped on element 'Object Repository/ShopOpen/Chiller/StockTaking'&#xD;
&#xD;
2019-07-09 15:18:00 - [MESSAGE][WARNING] - Timeout '0' is invalid. Using default page load timeout: '6'&#xD;
&#xD;
2019-07-09 15:18:00 - [MESSAGE][PASSED] - Tapped on element 'Object Repository/ShopOpen/Chiller/StockTaking'&#xD;
&#xD;
2019-07-09 15:18:00 - [TEST_STEP][PASSED] - verifyElementText(findTestObject("ShopOpen/Chiller/Validate_StockTakingScreen", ["package":PACKAGENAME]), "Stock Taking"): Actual text and expected text of test object 'Object Repository/ShopOpen/Chiller/Validate_StockTakingScreen' are matched.&#xD;
&#xD;
2019-07-09 15:18:03 - [MESSAGE][PASSED] - Actual text and expected text of test object 'Object Repository/ShopOpen/Chiller/Validate_StockTakingScreen' are matched.&#xD;
&#xD;
2019-07-09 15:18:03 - [TEST_STEP][PASSED] - qa.keywords.ChannelProductsDataKeywords.visitChannelWiseProductsData(CHANNEL_CHILLER_STOCKTAKING, "Stock Taking"): qa.keywords.ChannelProductsDataKeywords.visitChannelWiseProductsData is PASSED&#xD;
&#xD;
2019-07-09 15:18:08 - [MESSAGE][PASSED] - Keyboard is hidden&#xD;
&#xD;
2019-07-09 15:18:11 - [MESSAGE][PASSED] - Keyboard is hidden&#xD;
&#xD;
2019-07-09 15:18:14 - [MESSAGE][PASSED] - Keyboard is hidden&#xD;
&#xD;
2019-07-09 15:18:17 - [MESSAGE][PASSED] - Keyboard is hidden&#xD;
&#xD;
2019-07-09 15:18:20 - [MESSAGE][PASSED] - Keyboard is hidden&#xD;
&#xD;
2019-07-09 15:18:23 - [MESSAGE][PASSED] - Keyboard is hidden&#xD;
&#xD;
2019-07-09 15:18:29 - [MESSAGE][PASSED] - Keyboard is hidden&#xD;
&#xD;
2019-07-09 15:18:35 - [MESSAGE][PASSED] - Keyboard is hidden&#xD;
&#xD;
2019-07-09 15:18:39 - [MESSAGE][PASSED] - qa.keywords.ChannelProductsDataKeywords.visitChannelWiseProductsData is PASSED&#xD;
&#xD;
2019-07-09 15:18:39 - [TEST_STEP][PASSED] - tap(findTestObject("ShopOpen/Chiller/SubmitButton", ["package":PACKAGENAME]), 0): Tapped on element 'Object Repository/ShopOpen/Chiller/SubmitButton'&#xD;
&#xD;
2019-07-09 15:18:39 - [MESSAGE][WARNING] - Timeout '0' is invalid. Using default page load timeout: '6'&#xD;
&#xD;
2019-07-09 15:18:39 - [MESSAGE][PASSED] - Tapped on element 'Object Repository/ShopOpen/Chiller/SubmitButton'&#xD;
&#xD;
2019-07-09 15:18:39 - [TEST_STEP][PASSED] - verifyElementText(findTestObject("ShopOpen/Chiller/Validate_ProductCategoryAssetsScreen", ["package":PACKAGENAME]), "Facing"): Actual text and expected text of test object 'Object Repository/ShopOpen/Chiller/Validate_ProductCategoryAssetsScreen' are matched.&#xD;
&#xD;
2019-07-09 15:18:40 - [MESSAGE][PASSED] - Actual text and expected text of test object 'Object Repository/ShopOpen/Chiller/Validate_ProductCategoryAssetsScreen' are matched.&#xD;
&#xD;
2019-07-09 15:18:40 - [TEST_STEP][PASSED] - tap(findTestObject("ShopOpen/Chiller/ChillerNotAllocatedProductCategory_BackButton", ["package":PACKAGENAME]), 0): Tapped on element 'Object Repository/ShopOpen/Chiller/ChillerNotAllocatedProductCategory_BackButton'&#xD;
&#xD;
2019-07-09 15:18:40 - [MESSAGE][WARNING] - Timeout '0' is invalid. Using default page load timeout: '6'&#xD;
&#xD;
2019-07-09 15:18:41 - [MESSAGE][PASSED] - Tapped on element 'Object Repository/ShopOpen/Chiller/ChillerNotAllocatedProductCategory_BackButton'&#xD;
&#xD;
2019-07-09 15:18:41 - [MESSAGE][PASSED] - Call Test Case 'Test Cases/ShopOpen/Chiller/VisitProductCategoryAssets' successfully&#xD;
&#xD;
2019-07-09 15:18:42 - [MESSAGE][PASSED] - Actual text and expected text of test object 'Object Repository/ShopOpen/Chiller/Validate_ChillerNotAllocatedProductCategoryScreen' are matched.&#xD;
&#xD;
2019-07-09 15:18:42 - [MESSAGE][PASSED] - qa.keywords.ChannelProductsDataKeywords.visitChillerNotAllocatedProductCategories is PASSED&#xD;
&#xD;
2019-07-09 15:18:42 - [TEST_STEP][PASSED] - verifyElementText(findTestObject("ShopOpen/Chiller/Validate_ChillerNotAllocatedProductCategoryScreen", ["package":PACKAGENAME]), "Category:Chiller"): Actual text and expected text of test object 'Object Repository/ShopOpen/Chiller/Validate_ChillerNotAllocatedProductCategoryScreen' are matched.&#xD;
&#xD;
2019-07-09 15:18:42 - [MESSAGE][PASSED] - Actual text and expected text of test object 'Object Repository/ShopOpen/Chiller/Validate_ChillerNotAllocatedProductCategoryScreen' are matched.&#xD;
&#xD;
2019-07-09 15:18:42 - [TEST_STEP][PASSED] - qa.keywords.CommonKeywords.visitPlanogramImageViewButton(): qa.keywords.CommonKeywords.visitPlanogramImageViewButton is PASSED&#xD;
&#xD;
2019-07-09 15:18:44 - [MESSAGE][WARNING] - Timeout '0' is invalid. Using default page load timeout: '6'&#xD;
&#xD;
2019-07-09 15:18:52 - [MESSAGE][WARNING] - Object Object Repository/CommonScreenElements/InfoPopUp_OKButton not found&#xD;
[[ATTACHMENT|F:\\Git Projects\\MMAPlus\\MMAPlus\\Reports\\MMA Plus Merchandising\\MMA Plus Merchandising With Data Verification\\20190709_143621\\1562667530889.png]]&#xD;
&#xD;
2019-07-09 15:18:52 - [MESSAGE][PASSED] - qa.keywords.CommonKeywords.visitPlanogramImageViewButton is PASSED&#xD;
&#xD;
2019-07-09 15:18:52 - [TEST_STEP][PASSED] - verifyElementText(findTestObject("ShopOpen/Chiller/Validate_ChillerNotAllocatedProductCategoryScreen", ["package":PACKAGENAME]), "Category:Chiller"): Actual text and expected text of test object 'Object Repository/ShopOpen/Chiller/Validate_ChillerNotAllocatedProductCategoryScreen' are matched.&#xD;
&#xD;
2019-07-09 15:18:53 - [MESSAGE][PASSED] - Actual text and expected text of test object 'Object Repository/ShopOpen/Chiller/Validate_ChillerNotAllocatedProductCategoryScreen' are matched.&#xD;
&#xD;
2019-07-09 15:18:53 - [TEST_STEP][PASSED] - qa.keywords.CommonKeywords.visitPictureImageViewButton(): qa.keywords.CommonKeywords.visitPictureImageViewButton is PASSED&#xD;
&#xD;
2019-07-09 15:18:54 - [MESSAGE][WARNING] - Timeout '0' is invalid. Using default page load timeout: '6'&#xD;
&#xD;
2019-07-09 15:18:57 - [MESSAGE][PASSED] - Element 'Object Repository/CommonScreenElements/Validate_CameraScreen' is exist&#xD;
&#xD;
2019-07-09 15:18:57 - [MESSAGE][WARNING] - Timeout '0' is invalid. Using default page load timeout: '6'&#xD;
&#xD;
2019-07-09 15:19:00 - [MESSAGE][PASSED] - Tapped on element 'Object Repository/CommonScreenElements/Camera_TakePictureButton'&#xD;
&#xD;
2019-07-09 15:19:05 - [MESSAGE][PASSED] - Delayed 5 second(s)&#xD;
&#xD;
2019-07-09 15:19:05 - [MESSAGE][WARNING] - Timeout '0' is invalid. Using default page load timeout: '6'&#xD;
&#xD;
2019-07-09 15:19:06 - [MESSAGE][PASSED] - Tapped on element 'Object Repository/CommonScreenElements/Camera_DoneButton'&#xD;
&#xD;
2019-07-09 15:19:06 - [MESSAGE][PASSED] - qa.keywords.CommonKeywords.visitPictureImageViewButton is PASSED&#xD;
&#xD;
2019-07-09 15:19:06 - [TEST_STEP][PASSED] - verifyElementText(findTestObject("ShopOpen/Chiller/Validate_ChillerNotAllocatedProductCategoryScreen", ["package":PACKAGENAME]), "Category:Chiller"): Actual text and expected text of test object 'Object Repository/ShopOpen/Chiller/Validate_ChillerNotAllocatedProductCategoryScreen' are matched.&#xD;
&#xD;
2019-07-09 15:19:07 - [MESSAGE][PASSED] - Actual text and expected text of test object 'Object Repository/ShopOpen/Chiller/Validate_ChillerNotAllocatedProductCategoryScreen' are matched.&#xD;
&#xD;
2019-07-09 15:19:07 - [TEST_STEP][PASSED] - qa.keywords.CommonKeywords.visitBackImageViewButton(): qa.keywords.CommonKeywords.visitBackImageViewButton is PASSED&#xD;
&#xD;
2019-07-09 15:19:08 - [MESSAGE][PASSED] - qa.keywords.CommonKeywords.visitBackImageViewButton is PASSED&#xD;
&#xD;
2019-07-09 15:19:08 - [TEST_STEP][PASSED] - verifyElementExist(findTestObject("ShopOpen/Validate_ShopCategoriesListScreen", ["package":PACKAGENAME]), 0): Element 'Object Repository/ShopOpen/Validate_ShopCategoriesListScreen' is exist&#xD;
&#xD;
2019-07-09 15:19:08 - [MESSAGE][WARNING] - Timeout '0' is invalid. Using default page load timeout: '6'&#xD;
&#xD;
2019-07-09 15:19:10 - [MESSAGE][PASSED] - Element 'Object Repository/ShopOpen/Validate_ShopCategoriesListScreen' is exist&#xD;
&#xD;
2019-07-09 15:19:10 - [MESSAGE][PASSED] - Call Test Case 'Test Cases/ShopOpen/Chiller/VisitChillerWithChillerNotAllocated' successfully&#xD;
&#xD;
2019-07-09 15:19:10 - [MESSAGE][WARNING] - Timeout '0' is invalid. Using default page load timeout: '6'&#xD;
&#xD;
2019-07-09 15:19:18 - [MESSAGE][WARNING] - Element 'Object Repository/CommonScreenElements/Validate_CameraScreen' not found&#xD;
[[ATTACHMENT|F:\\Git Projects\\MMAPlus\\MMAPlus\\Reports\\MMA Plus Merchandising\\MMA Plus Merchandising With Data Verification\\20190709_143621\\1562667557309.png]]&#xD;
&#xD;
2019-07-09 15:19:18 - [MESSAGE][PASSED] - Actual text and expected text of test object 'Object Repository/ShopOpen/RemainingCategories/Validate_MainCategoryDetailScreen' are matched.&#xD;
&#xD;
2019-07-09 15:19:20 - [TEST_CASE][PASSED] - Test Cases/ShopOpen/RemainingCategories/VisitRemainingCategoriesWithDSA: Test Cases/ShopOpen/RemainingCategories/VisitRemainingCategoriesWithDSA&#xD;
&#xD;
2019-07-09 15:19:20 - [TEST_STEP][PASSED] - verifyElementText(findTestObject("ShopOpen/RemainingCategories/Validate_ProductCategoryAssetScreen", ["package":PACKAGENAME]), "Facing"): Actual text and expected text of test object 'Object Repository/ShopOpen/RemainingCategories/Validate_ProductCategoryAssetScreen' are matched.&#xD;
&#xD;
2019-07-09 15:19:22 - [MESSAGE][PASSED] - Actual text and expected text of test object 'Object Repository/ShopOpen/RemainingCategories/Validate_ProductCategoryAssetScreen' are matched.&#xD;
&#xD;
2019-07-09 15:19:22 - [TEST_STEP][PASSED] - tap(findTestObject("ShopOpen/RemainingCategories/Facing", ["package":PACKAGENAME]), 0): Tapped on element 'Object Repository/ShopOpen/RemainingCategories/Facing'&#xD;
&#xD;
2019-07-09 15:19:22 - [MESSAGE][WARNING] - Timeout '0' is invalid. Using default page load timeout: '6'&#xD;
&#xD;
2019-07-09 15:19:22 - [MESSAGE][PASSED] - Tapped on element 'Object Repository/ShopOpen/RemainingCategories/Facing'&#xD;
&#xD;
2019-07-09 15:19:22 - [TEST_STEP][PASSED] - verifyElementText(findTestObject("ShopOpen/RemainingCategories/Validate_FacingScreen", ["package":PACKAGENAME]), "Facing"): Actual text and expected text of test object 'Object Repository/ShopOpen/RemainingCategories/Validate_FacingScreen' are matched.&#xD;
&#xD;
2019-07-09 15:19:24 - [MESSAGE][PASSED] - Actual text and expected text of test object 'Object Repository/ShopOpen/RemainingCategories/Validate_FacingScreen' are matched.&#xD;
&#xD;
2019-07-09 15:19:24 - [TEST_STEP][PASSED] - qa.keywords.ChannelProductsDataKeywords.visitChannelWiseProductsData(CHANNEL_DSA_FACING, "Facing"): qa.keywords.ChannelProductsDataKeywords.visitChannelWiseProductsData is PASSED&#xD;
&#xD;
2019-07-09 15:19:29 - [MESSAGE][PASSED] - Keyboard is hidden&#xD;
&#xD;
2019-07-09 15:19:32 - [MESSAGE][PASSED] - Keyboard is hidden&#xD;
&#xD;
2019-07-09 15:19:35 - [MESSAGE][PASSED] - Keyboard is hidden&#xD;
&#xD;
2019-07-09 15:19:38 - [MESSAGE][PASSED] - Keyboard is hidden&#xD;
&#xD;
2019-07-09 15:19:41 - [MESSAGE][PASSED] - Keyboard is hidden&#xD;
&#xD;
2019-07-09 15:19:44 - [MESSAGE][PASSED] - Keyboard is hidden&#xD;
&#xD;
2019-07-09 15:19:51 - [MESSAGE][PASSED] - Keyboard is hidden&#xD;
&#xD;
2019-07-09 15:19:55 - [MESSAGE][PASSED] - qa.keywords.ChannelProductsDataKeywords.visitChannelWiseProductsData is PASSED&#xD;
&#xD;
2019-07-09 15:19:55 - [TEST_STEP][PASSED] - tap(findTestObject("ShopOpen/RemainingCategories/SubmitButton", ["package":PACKAGENAME]), 0): Tapped on element 'Object Repository/ShopOpen/RemainingCategories/SubmitButton'&#xD;
&#xD;
2019-07-09 15:19:55 - [MESSAGE][WARNING] - Timeout '0' is invalid. Using default page load timeout: '6'&#xD;
&#xD;
2019-07-09 15:19:55 - [MESSAGE][PASSED] - Tapped on element 'Object Repository/ShopOpen/RemainingCategories/SubmitButton'&#xD;
&#xD;
2019-07-09 15:19:55 - [TEST_STEP][PASSED] - verifyElementText(findTestObject("ShopOpen/RemainingCategories/Validate_ProductCategoryAssetScreen", ["package":PACKAGENAME]), "Facing"): Actual text and expected text of test object 'Object Repository/ShopOpen/RemainingCategories/Validate_ProductCategoryAssetScreen' are matched.&#xD;
&#xD;
2019-07-09 15:19:56 - [MESSAGE][PASSED] - Actual text and expected text of test object 'Object Repository/ShopOpen/RemainingCategories/Validate_ProductCategoryAssetScreen' are matched.&#xD;
&#xD;
2019-07-09 15:19:56 - [TEST_STEP][PASSED] - tap(findTestObject("ShopOpen/RemainingCategories/StockTaking", ["package":PACKAGENAME]), 0): Tapped on element 'Object Repository/ShopOpen/RemainingCategories/StockTaking'&#xD;
&#xD;
2019-07-09 15:19:56 - [MESSAGE][WARNING] - Timeout '0' is invalid. Using default page load timeout: '6'&#xD;
&#xD;
2019-07-09 15:19:57 - [MESSAGE][PASSED] - Tapped on element 'Object Repository/ShopOpen/RemainingCategories/StockTaking'&#xD;
&#xD;
2019-07-09 15:19:57 - [TEST_STEP][PASSED] - verifyElementText(findTestObject("ShopOpen/RemainingCategories/Validate_StockTakingScreen", ["package":PACKAGENAME]), "Stock Taking"): Actual text and expected text of test object 'Object Repository/ShopOpen/RemainingCategories/Validate_StockTakingScreen' are matched.&#xD;
&#xD;
2019-07-09 15:19:59 - [MESSAGE][PASSED] - Actual text and expected text of test object 'Object Repository/ShopOpen/RemainingCategories/Validate_StockTakingScreen' are matched.&#xD;
&#xD;
2019-07-09 15:19:59 - [TEST_STEP][PASSED] - qa.keywords.ChannelProductsDataKeywords.visitChannelWiseProductsData(CHANNEL_DSA_STOCKTAKING, "Stock Taking"): qa.keywords.ChannelProductsDataKeywords.visitChannelWiseProductsData is PASSED&#xD;
&#xD;
2019-07-09 15:20:04 - [MESSAGE][PASSED] - Keyboard is hidden&#xD;
&#xD;
2019-07-09 15:20:07 - [MESSAGE][PASSED] - Keyboard is hidden&#xD;
&#xD;
2019-07-09 15:20:10 - [MESSAGE][PASSED] - Keyboard is hidden&#xD;
&#xD;
2019-07-09 15:20:13 - [MESSAGE][PASSED] - Keyboard is hidden&#xD;
&#xD;
2019-07-09 15:20:16 - [MESSAGE][PASSED] - Keyboard is hidden&#xD;
&#xD;
2019-07-09 15:20:19 - [MESSAGE][PASSED] - Keyboard is hidden&#xD;
&#xD;
2019-07-09 15:20:25 - [MESSAGE][PASSED] - Keyboard is hidden&#xD;
&#xD;
2019-07-09 15:20:28 - [MESSAGE][PASSED] - qa.keywords.ChannelProductsDataKeywords.visitChannelWiseProductsData is PASSED&#xD;
&#xD;
2019-07-09 15:20:28 - [TEST_STEP][PASSED] - tap(findTestObject("ShopOpen/RemainingCategories/SubmitButton", ["package":PACKAGENAME]), 0): Tapped on element 'Object Repository/ShopOpen/RemainingCategories/SubmitButton'&#xD;
&#xD;
2019-07-09 15:20:28 - [MESSAGE][WARNING] - Timeout '0' is invalid. Using default page load timeout: '6'&#xD;
&#xD;
2019-07-09 15:20:29 - [MESSAGE][PASSED] - Tapped on element 'Object Repository/ShopOpen/RemainingCategories/SubmitButton'&#xD;
&#xD;
2019-07-09 15:20:29 - [TEST_STEP][PASSED] - verifyElementText(findTestObject("ShopOpen/RemainingCategories/Validate_ProductCategoryAssetScreen", ["package":PACKAGENAME]), "Facing"): Actual text and expected text of test object 'Object Repository/ShopOpen/RemainingCategories/Validate_ProductCategoryAssetScreen' are matched.&#xD;
&#xD;
2019-07-09 15:20:30 - [MESSAGE][PASSED] - Actual text and expected text of test object 'Object Repository/ShopOpen/RemainingCategories/Validate_ProductCategoryAssetScreen' are matched.&#xD;
&#xD;
2019-07-09 15:20:30 - [TEST_STEP][PASSED] - qa.keywords.CommonKeywords.visitPlanogramImageViewButton(): qa.keywords.CommonKeywords.visitPlanogramImageViewButton is PASSED&#xD;
&#xD;
2019-07-09 15:20:32 - [MESSAGE][WARNING] - Timeout '0' is invalid. Using default page load timeout: '6'&#xD;
&#xD;
2019-07-09 15:20:39 - [MESSAGE][WARNING] - Object Object Repository/CommonScreenElements/InfoPopUp_OKButton not found&#xD;
[[ATTACHMENT|F:\\Git Projects\\MMAPlus\\MMAPlus\\Reports\\MMA Plus Merchandising\\MMA Plus Merchandising With Data Verification\\20190709_143621\\1562667638684.png]]&#xD;
&#xD;
2019-07-09 15:20:40 - [MESSAGE][PASSED] - qa.keywords.CommonKeywords.visitPlanogramImageViewButton is PASSED&#xD;
&#xD;
2019-07-09 15:20:40 - [TEST_STEP][PASSED] - verifyElementText(findTestObject("ShopOpen/RemainingCategories/Validate_ProductCategoryAssetScreen", ["package":PACKAGENAME]), "Facing"): Actual text and expected text of test object 'Object Repository/ShopOpen/RemainingCategories/Validate_ProductCategoryAssetScreen' are matched.&#xD;
&#xD;
2019-07-09 15:20:41 - [MESSAGE][PASSED] - Actual text and expected text of test object 'Object Repository/ShopOpen/RemainingCategories/Validate_ProductCategoryAssetScreen' are matched.&#xD;
&#xD;
2019-07-09 15:20:41 - [TEST_STEP][PASSED] - qa.keywords.CommonKeywords.visitPictureImageViewButton(): qa.keywords.CommonKeywords.visitPictureImageViewButton is PASSED&#xD;
&#xD;
2019-07-09 15:20:44 - [MESSAGE][WARNING] - Timeout '0' is invalid. Using default page load timeout: '6'&#xD;
&#xD;
2019-07-09 15:20:45 - [MESSAGE][PASSED] - Element 'Object Repository/CommonScreenElements/Validate_CameraScreen' is exist&#xD;
&#xD;
2019-07-09 15:20:45 - [MESSAGE][WARNING] - Timeout '0' is invalid. Using default page load timeout: '6'&#xD;
&#xD;
2019-07-09 15:20:47 - [MESSAGE][PASSED] - Tapped on element 'Object Repository/CommonScreenElements/Camera_TakePictureButton'&#xD;
&#xD;
2019-07-09 15:20:52 - [MESSAGE][PASSED] - Delayed 5 second(s)&#xD;
&#xD;
2019-07-09 15:20:52 - [MESSAGE][WARNING] - Timeout '0' is invalid. Using default page load timeout: '6'&#xD;
&#xD;
2019-07-09 15:20:53 - [MESSAGE][PASSED] - Tapped on element 'Object Repository/CommonScreenElements/Camera_DoneButton'&#xD;
&#xD;
2019-07-09 15:20:53 - [MESSAGE][PASSED] - qa.keywords.CommonKeywords.visitPictureImageViewButton is PASSED&#xD;
&#xD;
2019-07-09 15:20:53 - [TEST_STEP][PASSED] - verifyElementText(findTestObject("ShopOpen/RemainingCategories/Validate_ProductCategoryAssetScreen", ["package":PACKAGENAME]), "Facing"): Actual text and expected text of test object 'Object Repository/ShopOpen/RemainingCategories/Validate_ProductCategoryAssetScreen' are matched.&#xD;
&#xD;
2019-07-09 15:20:54 - [MESSAGE][PASSED] - Actual text and expected text of test object 'Object Repository/ShopOpen/RemainingCategories/Validate_ProductCategoryAssetScreen' are matched.&#xD;
&#xD;
2019-07-09 15:20:54 - [TEST_STEP][PASSED] - qa.keywords.CommonKeywords.visitBackImageViewButton(): qa.keywords.CommonKeywords.visitBackImageViewButton is PASSED&#xD;
&#xD;
2019-07-09 15:20:55 - [MESSAGE][PASSED] - qa.keywords.CommonKeywords.visitBackImageViewButton is PASSED&#xD;
&#xD;
2019-07-09 15:20:55 - [TEST_STEP][PASSED] - verifyElementExist(findTestObject("ShopOpen/Validate_ShopCategoriesListScreen", ["package":PACKAGENAME]), 0): Element 'Object Repository/ShopOpen/Validate_ShopCategoriesListScreen' is exist&#xD;
&#xD;
2019-07-09 15:20:55 - [MESSAGE][WARNING] - Timeout '0' is invalid. Using default page load timeout: '6'&#xD;
&#xD;
2019-07-09 15:20:57 - [MESSAGE][PASSED] - Element 'Object Repository/ShopOpen/Validate_ShopCategoriesListScreen' is exist&#xD;
&#xD;
2019-07-09 15:20:57 - [MESSAGE][PASSED] - Call Test Case 'Test Cases/ShopOpen/RemainingCategories/VisitRemainingCategoriesWithDSA' successfully&#xD;
&#xD;
2019-07-09 15:20:57 - [MESSAGE][WARNING] - Timeout '0' is invalid. Using default page load timeout: '6'&#xD;
&#xD;
2019-07-09 15:21:05 - [MESSAGE][WARNING] - Element 'Object Repository/CommonScreenElements/Validate_CameraScreen' not found&#xD;
[[ATTACHMENT|F:\\Git Projects\\MMAPlus\\MMAPlus\\Reports\\MMA Plus Merchandising\\MMA Plus Merchandising With Data Verification\\20190709_143621\\1562667664266.png]]&#xD;
&#xD;
2019-07-09 15:21:05 - [MESSAGE][PASSED] - Actual text and expected text of test object 'Object Repository/ShopOpen/RemainingCategories/Validate_MainCategoryDetailScreen' are matched.&#xD;
&#xD;
2019-07-09 15:21:06 - [TEST_CASE][PASSED] - Test Cases/ShopOpen/RemainingCategories/VisitRemainingCategoriesWithDSA: Test Cases/ShopOpen/RemainingCategories/VisitRemainingCategoriesWithDSA&#xD;
&#xD;
2019-07-09 15:21:06 - [TEST_STEP][PASSED] - verifyElementText(findTestObject("ShopOpen/RemainingCategories/Validate_ProductCategoryAssetScreen", ["package":PACKAGENAME]), "Facing"): Actual text and expected text of test object 'Object Repository/ShopOpen/RemainingCategories/Validate_ProductCategoryAssetScreen' are matched.&#xD;
&#xD;
2019-07-09 15:21:08 - [MESSAGE][PASSED] - Actual text and expected text of test object 'Object Repository/ShopOpen/RemainingCategories/Validate_ProductCategoryAssetScreen' are matched.&#xD;
&#xD;
2019-07-09 15:21:08 - [TEST_STEP][PASSED] - tap(findTestObject("ShopOpen/RemainingCategories/Facing", ["package":PACKAGENAME]), 0): Tapped on element 'Object Repository/ShopOpen/RemainingCategories/Facing'&#xD;
&#xD;
2019-07-09 15:21:08 - [MESSAGE][WARNING] - Timeout '0' is invalid. Using default page load timeout: '6'&#xD;
&#xD;
2019-07-09 15:21:08 - [MESSAGE][PASSED] - Tapped on element 'Object Repository/ShopOpen/RemainingCategories/Facing'&#xD;
&#xD;
2019-07-09 15:21:08 - [TEST_STEP][PASSED] - verifyElementText(findTestObject("ShopOpen/RemainingCategories/Validate_FacingScreen", ["package":PACKAGENAME]), "Facing"): Actual text and expected text of test object 'Object Repository/ShopOpen/RemainingCategories/Validate_FacingScreen' are matched.&#xD;
&#xD;
2019-07-09 15:21:10 - [MESSAGE][PASSED] - Actual text and expected text of test object 'Object Repository/ShopOpen/RemainingCategories/Validate_FacingScreen' are matched.&#xD;
&#xD;
2019-07-09 15:21:10 - [TEST_STEP][PASSED] - qa.keywords.ChannelProductsDataKeywords.visitChannelWiseProductsData(CHANNEL_DSA_FACING, "Facing"): qa.keywords.ChannelProductsDataKeywords.visitChannelWiseProductsData is PASSED&#xD;
&#xD;
2019-07-09 15:21:15 - [MESSAGE][PASSED] - Keyboard is hidden&#xD;
&#xD;
2019-07-09 15:21:18 - [MESSAGE][PASSED] - Keyboard is hidden&#xD;
&#xD;
2019-07-09 15:21:21 - [MESSAGE][PASSED] - Keyboard is hidden&#xD;
&#xD;
2019-07-09 15:21:24 - [MESSAGE][PASSED] - Keyboard is hidden&#xD;
&#xD;
2019-07-09 15:21:27 - [MESSAGE][PASSED] - Keyboard is hidden&#xD;
&#xD;
2019-07-09 15:21:30 - [MESSAGE][PASSED] - Keyboard is hidden&#xD;
&#xD;
2019-07-09 15:21:36 - [MESSAGE][PASSED] - Keyboard is hidden&#xD;
&#xD;
2019-07-09 15:21:39 - [MESSAGE][PASSED] - qa.keywords.ChannelProductsDataKeywords.visitChannelWiseProductsData is PASSED&#xD;
&#xD;
2019-07-09 15:21:39 - [TEST_STEP][PASSED] - tap(findTestObject("ShopOpen/RemainingCategories/SubmitButton", ["package":PACKAGENAME]), 0): Tapped on element 'Object Repository/ShopOpen/RemainingCategories/SubmitButton'&#xD;
&#xD;
2019-07-09 15:21:39 - [MESSAGE][WARNING] - Timeout '0' is invalid. Using default page load timeout: '6'&#xD;
&#xD;
2019-07-09 15:21:40 - [MESSAGE][PASSED] - Tapped on element 'Object Repository/ShopOpen/RemainingCategories/SubmitButton'&#xD;
&#xD;
2019-07-09 15:21:40 - [TEST_STEP][PASSED] - verifyElementText(findTestObject("ShopOpen/RemainingCategories/Validate_ProductCategoryAssetScreen", ["package":PACKAGENAME]), "Facing"): Actual text and expected text of test object 'Object Repository/ShopOpen/RemainingCategories/Validate_ProductCategoryAssetScreen' are matched.&#xD;
&#xD;
2019-07-09 15:21:40 - [MESSAGE][PASSED] - Actual text and expected text of test object 'Object Repository/ShopOpen/RemainingCategories/Validate_ProductCategoryAssetScreen' are matched.&#xD;
&#xD;
2019-07-09 15:21:40 - [TEST_STEP][PASSED] - tap(findTestObject("ShopOpen/RemainingCategories/StockTaking", ["package":PACKAGENAME]), 0): Tapped on element 'Object Repository/ShopOpen/RemainingCategories/StockTaking'&#xD;
&#xD;
2019-07-09 15:21:40 - [MESSAGE][WARNING] - Timeout '0' is invalid. Using default page load timeout: '6'&#xD;
&#xD;
2019-07-09 15:21:41 - [MESSAGE][PASSED] - Tapped on element 'Object Repository/ShopOpen/RemainingCategories/StockTaking'&#xD;
&#xD;
2019-07-09 15:21:41 - [TEST_STEP][PASSED] - verifyElementText(findTestObject("ShopOpen/RemainingCategories/Validate_StockTakingScreen", ["package":PACKAGENAME]), "Stock Taking"): Actual text and expected text of test object 'Object Repository/ShopOpen/RemainingCategories/Validate_StockTakingScreen' are matched.&#xD;
&#xD;
2019-07-09 15:21:43 - [MESSAGE][PASSED] - Actual text and expected text of test object 'Object Repository/ShopOpen/RemainingCategories/Validate_StockTakingScreen' are matched.&#xD;
&#xD;
2019-07-09 15:21:43 - [TEST_STEP][PASSED] - qa.keywords.ChannelProductsDataKeywords.visitChannelWiseProductsData(CHANNEL_DSA_STOCKTAKING, "Stock Taking"): qa.keywords.ChannelProductsDataKeywords.visitChannelWiseProductsData is PASSED&#xD;
&#xD;
2019-07-09 15:21:48 - [MESSAGE][PASSED] - Keyboard is hidden&#xD;
&#xD;
2019-07-09 15:21:51 - [MESSAGE][PASSED] - Keyboard is hidden&#xD;
&#xD;
2019-07-09 15:21:54 - [MESSAGE][PASSED] - Keyboard is hidden&#xD;
&#xD;
2019-07-09 15:21:57 - [MESSAGE][PASSED] - Keyboard is hidden&#xD;
&#xD;
2019-07-09 15:22:00 - [MESSAGE][PASSED] - Keyboard is hidden&#xD;
&#xD;
2019-07-09 15:22:03 - [MESSAGE][PASSED] - Keyboard is hidden&#xD;
&#xD;
2019-07-09 15:22:09 - [MESSAGE][PASSED] - Keyboard is hidden&#xD;
&#xD;
2019-07-09 15:22:12 - [MESSAGE][PASSED] - qa.keywords.ChannelProductsDataKeywords.visitChannelWiseProductsData is PASSED&#xD;
&#xD;
2019-07-09 15:22:12 - [TEST_STEP][PASSED] - tap(findTestObject("ShopOpen/RemainingCategories/SubmitButton", ["package":PACKAGENAME]), 0): Tapped on element 'Object Repository/ShopOpen/RemainingCategories/SubmitButton'&#xD;
&#xD;
2019-07-09 15:22:12 - [MESSAGE][WARNING] - Timeout '0' is invalid. Using default page load timeout: '6'&#xD;
&#xD;
2019-07-09 15:22:12 - [MESSAGE][PASSED] - Tapped on element 'Object Repository/ShopOpen/RemainingCategories/SubmitButton'&#xD;
&#xD;
2019-07-09 15:22:12 - [TEST_STEP][PASSED] - verifyElementText(findTestObject("ShopOpen/RemainingCategories/Validate_ProductCategoryAssetScreen", ["package":PACKAGENAME]), "Facing"): Actual text and expected text of test object 'Object Repository/ShopOpen/RemainingCategories/Validate_ProductCategoryAssetScreen' are matched.&#xD;
&#xD;
2019-07-09 15:22:14 - [MESSAGE][PASSED] - Actual text and expected text of test object 'Object Repository/ShopOpen/RemainingCategories/Validate_ProductCategoryAssetScreen' are matched.&#xD;
&#xD;
2019-07-09 15:22:14 - [TEST_STEP][PASSED] - qa.keywords.CommonKeywords.visitPlanogramImageViewButton(): qa.keywords.CommonKeywords.visitPlanogramImageViewButton is PASSED&#xD;
&#xD;
2019-07-09 15:22:15 - [MESSAGE][WARNING] - Timeout '0' is invalid. Using default page load timeout: '6'&#xD;
&#xD;
2019-07-09 15:22:22 - [MESSAGE][WARNING] - Object Object Repository/CommonScreenElements/InfoPopUp_OKButton not found&#xD;
[[ATTACHMENT|F:\\Git Projects\\MMAPlus\\MMAPlus\\Reports\\MMA Plus Merchandising\\MMA Plus Merchandising With Data Verification\\20190709_143621\\1562667741785.png]]&#xD;
&#xD;
2019-07-09 15:22:23 - [MESSAGE][PASSED] - qa.keywords.CommonKeywords.visitPlanogramImageViewButton is PASSED&#xD;
&#xD;
2019-07-09 15:22:23 - [TEST_STEP][PASSED] - verifyElementText(findTestObject("ShopOpen/RemainingCategories/Validate_ProductCategoryAssetScreen", ["package":PACKAGENAME]), "Facing"): Actual text and expected text of test object 'Object Repository/ShopOpen/RemainingCategories/Validate_ProductCategoryAssetScreen' are matched.&#xD;
&#xD;
2019-07-09 15:22:24 - [MESSAGE][PASSED] - Actual text and expected text of test object 'Object Repository/ShopOpen/RemainingCategories/Validate_ProductCategoryAssetScreen' are matched.&#xD;
&#xD;
2019-07-09 15:22:24 - [TEST_STEP][PASSED] - qa.keywords.CommonKeywords.visitPictureImageViewButton(): qa.keywords.CommonKeywords.visitPictureImageViewButton is PASSED&#xD;
&#xD;
2019-07-09 15:22:26 - [MESSAGE][WARNING] - Timeout '0' is invalid. Using default page load timeout: '6'&#xD;
&#xD;
2019-07-09 15:22:28 - [MESSAGE][PASSED] - Element 'Object Repository/CommonScreenElements/Validate_CameraScreen' is exist&#xD;
&#xD;
2019-07-09 15:22:28 - [MESSAGE][WARNING] - Timeout '0' is invalid. Using default page load timeout: '6'&#xD;
&#xD;
2019-07-09 15:22:31 - [MESSAGE][PASSED] - Tapped on element 'Object Repository/CommonScreenElements/Camera_TakePictureButton'&#xD;
&#xD;
2019-07-09 15:22:36 - [MESSAGE][PASSED] - Delayed 5 second(s)&#xD;
&#xD;
2019-07-09 15:22:36 - [MESSAGE][WARNING] - Timeout '0' is invalid. Using default page load timeout: '6'&#xD;
&#xD;
2019-07-09 15:22:37 - [MESSAGE][PASSED] - Tapped on element 'Object Repository/CommonScreenElements/Camera_DoneButton'&#xD;
&#xD;
2019-07-09 15:22:37 - [MESSAGE][PASSED] - qa.keywords.CommonKeywords.visitPictureImageViewButton is PASSED&#xD;
&#xD;
2019-07-09 15:22:37 - [TEST_STEP][PASSED] - verifyElementText(findTestObject("ShopOpen/RemainingCategories/Validate_ProductCategoryAssetScreen", ["package":PACKAGENAME]), "Facing"): Actual text and expected text of test object 'Object Repository/ShopOpen/RemainingCategories/Validate_ProductCategoryAssetScreen' are matched.&#xD;
&#xD;
2019-07-09 15:22:38 - [MESSAGE][PASSED] - Actual text and expected text of test object 'Object Repository/ShopOpen/RemainingCategories/Validate_ProductCategoryAssetScreen' are matched.&#xD;
&#xD;
2019-07-09 15:22:38 - [TEST_STEP][PASSED] - qa.keywords.CommonKeywords.visitBackImageViewButton(): qa.keywords.CommonKeywords.visitBackImageViewButton is PASSED&#xD;
&#xD;
2019-07-09 15:22:39 - [MESSAGE][PASSED] - qa.keywords.CommonKeywords.visitBackImageViewButton is PASSED&#xD;
&#xD;
2019-07-09 15:22:39 - [TEST_STEP][PASSED] - verifyElementExist(findTestObject("ShopOpen/Validate_ShopCategoriesListScreen", ["package":PACKAGENAME]), 0): Element 'Object Repository/ShopOpen/Validate_ShopCategoriesListScreen' is exist&#xD;
&#xD;
2019-07-09 15:22:39 - [MESSAGE][WARNING] - Timeout '0' is invalid. Using default page load timeout: '6'&#xD;
&#xD;
2019-07-09 15:22:41 - [MESSAGE][PASSED] - Element 'Object Repository/ShopOpen/Validate_ShopCategoriesListScreen' is exist&#xD;
&#xD;
2019-07-09 15:22:41 - [MESSAGE][PASSED] - Call Test Case 'Test Cases/ShopOpen/RemainingCategories/VisitRemainingCategoriesWithDSA' successfully&#xD;
&#xD;
2019-07-09 15:22:41 - [MESSAGE][WARNING] - Timeout '0' is invalid. Using default page load timeout: '6'&#xD;
&#xD;
2019-07-09 15:22:49 - [MESSAGE][WARNING] - Element 'Object Repository/CommonScreenElements/Validate_CameraScreen' not found&#xD;
[[ATTACHMENT|F:\\Git Projects\\MMAPlus\\MMAPlus\\Reports\\MMA Plus Merchandising\\MMA Plus Merchandising With Data Verification\\20190709_143621\\1562667768241.png]]&#xD;
&#xD;
2019-07-09 15:22:49 - [MESSAGE][PASSED] - Actual text and expected text of test object 'Object Repository/ShopOpen/RemainingCategories/Validate_MainCategoryDetailScreen' are matched.&#xD;
&#xD;
2019-07-09 15:22:50 - [TEST_CASE][PASSED] - Test Cases/ShopOpen/RemainingCategories/VisitRemainingCategoriesWithDSA: Test Cases/ShopOpen/RemainingCategories/VisitRemainingCategoriesWithDSA&#xD;
&#xD;
2019-07-09 15:22:50 - [TEST_STEP][PASSED] - verifyElementText(findTestObject("ShopOpen/RemainingCategories/Validate_ProductCategoryAssetScreen", ["package":PACKAGENAME]), "Facing"): Actual text and expected text of test object 'Object Repository/ShopOpen/RemainingCategories/Validate_ProductCategoryAssetScreen' are matched.&#xD;
&#xD;
2019-07-09 15:22:52 - [MESSAGE][PASSED] - Actual text and expected text of test object 'Object Repository/ShopOpen/RemainingCategories/Validate_ProductCategoryAssetScreen' are matched.&#xD;
&#xD;
2019-07-09 15:22:52 - [TEST_STEP][PASSED] - tap(findTestObject("ShopOpen/RemainingCategories/Facing", ["package":PACKAGENAME]), 0): Tapped on element 'Object Repository/ShopOpen/RemainingCategories/Facing'&#xD;
&#xD;
2019-07-09 15:22:52 - [MESSAGE][WARNING] - Timeout '0' is invalid. Using default page load timeout: '6'&#xD;
&#xD;
2019-07-09 15:22:52 - [MESSAGE][PASSED] - Tapped on element 'Object Repository/ShopOpen/RemainingCategories/Facing'&#xD;
&#xD;
2019-07-09 15:22:52 - [TEST_STEP][PASSED] - verifyElementText(findTestObject("ShopOpen/RemainingCategories/Validate_FacingScreen", ["package":PACKAGENAME]), "Facing"): Actual text and expected text of test object 'Object Repository/ShopOpen/RemainingCategories/Validate_FacingScreen' are matched.&#xD;
&#xD;
2019-07-09 15:22:54 - [MESSAGE][PASSED] - Actual text and expected text of test object 'Object Repository/ShopOpen/RemainingCategories/Validate_FacingScreen' are matched.&#xD;
&#xD;
2019-07-09 15:22:54 - [TEST_STEP][PASSED] - qa.keywords.ChannelProductsDataKeywords.visitChannelWiseProductsData(CHANNEL_DSA_FACING, "Facing"): qa.keywords.ChannelProductsDataKeywords.visitChannelWiseProductsData is PASSED&#xD;
&#xD;
2019-07-09 15:22:59 - [MESSAGE][PASSED] - Keyboard is hidden&#xD;
&#xD;
2019-07-09 15:23:02 - [MESSAGE][PASSED] - Keyboard is hidden&#xD;
&#xD;
2019-07-09 15:23:05 - [MESSAGE][PASSED] - Keyboard is hidden&#xD;
&#xD;
2019-07-09 15:23:08 - [MESSAGE][PASSED] - Keyboard is hidden&#xD;
&#xD;
2019-07-09 15:23:11 - [MESSAGE][PASSED] - Keyboard is hidden&#xD;
&#xD;
2019-07-09 15:23:14 - [MESSAGE][PASSED] - Keyboard is hidden&#xD;
&#xD;
2019-07-09 15:23:17 - [MESSAGE][PASSED] - qa.keywords.ChannelProductsDataKeywords.visitChannelWiseProductsData is PASSED&#xD;
&#xD;
2019-07-09 15:23:17 - [TEST_STEP][PASSED] - tap(findTestObject("ShopOpen/RemainingCategories/SubmitButton", ["package":PACKAGENAME]), 0): Tapped on element 'Object Repository/ShopOpen/RemainingCategories/SubmitButton'&#xD;
&#xD;
2019-07-09 15:23:17 - [MESSAGE][WARNING] - Timeout '0' is invalid. Using default page load timeout: '6'&#xD;
&#xD;
2019-07-09 15:23:17 - [MESSAGE][PASSED] - Tapped on element 'Object Repository/ShopOpen/RemainingCategories/SubmitButton'&#xD;
&#xD;
2019-07-09 15:23:17 - [TEST_STEP][PASSED] - verifyElementText(findTestObject("ShopOpen/RemainingCategories/Validate_ProductCategoryAssetScreen", ["package":PACKAGENAME]), "Facing"): Actual text and expected text of test object 'Object Repository/ShopOpen/RemainingCategories/Validate_ProductCategoryAssetScreen' are matched.&#xD;
&#xD;
2019-07-09 15:23:18 - [MESSAGE][PASSED] - Actual text and expected text of test object 'Object Repository/ShopOpen/RemainingCategories/Validate_ProductCategoryAssetScreen' are matched.&#xD;
&#xD;
2019-07-09 15:23:18 - [TEST_STEP][PASSED] - tap(findTestObject("ShopOpen/RemainingCategories/StockTaking", ["package":PACKAGENAME]), 0): Tapped on element 'Object Repository/ShopOpen/RemainingCategories/StockTaking'&#xD;
&#xD;
2019-07-09 15:23:18 - [MESSAGE][WARNING] - Timeout '0' is invalid. Using default page load timeout: '6'&#xD;
&#xD;
2019-07-09 15:23:19 - [MESSAGE][PASSED] - Tapped on element 'Object Repository/ShopOpen/RemainingCategories/StockTaking'&#xD;
&#xD;
2019-07-09 15:23:19 - [TEST_STEP][PASSED] - verifyElementText(findTestObject("ShopOpen/RemainingCategories/Validate_StockTakingScreen", ["package":PACKAGENAME]), "Stock Taking"): Actual text and expected text of test object 'Object Repository/ShopOpen/RemainingCategories/Validate_StockTakingScreen' are matched.&#xD;
&#xD;
2019-07-09 15:23:21 - [MESSAGE][PASSED] - Actual text and expected text of test object 'Object Repository/ShopOpen/RemainingCategories/Validate_StockTakingScreen' are matched.&#xD;
&#xD;
2019-07-09 15:23:21 - [TEST_STEP][PASSED] - qa.keywords.ChannelProductsDataKeywords.visitChannelWiseProductsData(CHANNEL_DSA_STOCKTAKING, "Stock Taking"): qa.keywords.ChannelProductsDataKeywords.visitChannelWiseProductsData is PASSED&#xD;
&#xD;
2019-07-09 15:23:26 - [MESSAGE][PASSED] - Keyboard is hidden&#xD;
&#xD;
2019-07-09 15:23:29 - [MESSAGE][PASSED] - Keyboard is hidden&#xD;
&#xD;
2019-07-09 15:23:32 - [MESSAGE][PASSED] - Keyboard is hidden&#xD;
&#xD;
2019-07-09 15:23:35 - [MESSAGE][PASSED] - Keyboard is hidden&#xD;
&#xD;
2019-07-09 15:23:38 - [MESSAGE][PASSED] - Keyboard is hidden&#xD;
&#xD;
2019-07-09 15:23:41 - [MESSAGE][PASSED] - Keyboard is hidden&#xD;
&#xD;
2019-07-09 15:23:44 - [MESSAGE][PASSED] - qa.keywords.ChannelProductsDataKeywords.visitChannelWiseProductsData is PASSED&#xD;
&#xD;
2019-07-09 15:23:44 - [TEST_STEP][PASSED] - tap(findTestObject("ShopOpen/RemainingCategories/SubmitButton", ["package":PACKAGENAME]), 0): Tapped on element 'Object Repository/ShopOpen/RemainingCategories/SubmitButton'&#xD;
&#xD;
2019-07-09 15:23:44 - [MESSAGE][WARNING] - Timeout '0' is invalid. Using default page load timeout: '6'&#xD;
&#xD;
2019-07-09 15:23:45 - [MESSAGE][PASSED] - Tapped on element 'Object Repository/ShopOpen/RemainingCategories/SubmitButton'&#xD;
&#xD;
2019-07-09 15:23:45 - [TEST_STEP][PASSED] - verifyElementText(findTestObject("ShopOpen/RemainingCategories/Validate_ProductCategoryAssetScreen", ["package":PACKAGENAME]), "Facing"): Actual text and expected text of test object 'Object Repository/ShopOpen/RemainingCategories/Validate_ProductCategoryAssetScreen' are matched.&#xD;
&#xD;
2019-07-09 15:23:46 - [MESSAGE][PASSED] - Actual text and expected text of test object 'Object Repository/ShopOpen/RemainingCategories/Validate_ProductCategoryAssetScreen' are matched.&#xD;
&#xD;
2019-07-09 15:23:46 - [TEST_STEP][PASSED] - qa.keywords.CommonKeywords.visitPlanogramImageViewButton(): qa.keywords.CommonKeywords.visitPlanogramImageViewButton is PASSED&#xD;
&#xD;
2019-07-09 15:23:48 - [MESSAGE][WARNING] - Timeout '0' is invalid. Using default page load timeout: '6'&#xD;
&#xD;
2019-07-09 15:23:56 - [MESSAGE][WARNING] - Object Object Repository/CommonScreenElements/InfoPopUp_OKButton not found&#xD;
[[ATTACHMENT|F:\\Git Projects\\MMAPlus\\MMAPlus\\Reports\\MMA Plus Merchandising\\MMA Plus Merchandising With Data Verification\\20190709_143621\\1562667834922.png]]&#xD;
&#xD;
2019-07-09 15:23:56 - [MESSAGE][PASSED] - qa.keywords.CommonKeywords.visitPlanogramImageViewButton is PASSED&#xD;
&#xD;
2019-07-09 15:23:56 - [TEST_STEP][PASSED] - verifyElementText(findTestObject("ShopOpen/RemainingCategories/Validate_ProductCategoryAssetScreen", ["package":PACKAGENAME]), "Facing"): Actual text and expected text of test object 'Object Repository/ShopOpen/RemainingCategories/Validate_ProductCategoryAssetScreen' are matched.&#xD;
&#xD;
2019-07-09 15:23:57 - [MESSAGE][PASSED] - Actual text and expected text of test object 'Object Repository/ShopOpen/RemainingCategories/Validate_ProductCategoryAssetScreen' are matched.&#xD;
&#xD;
2019-07-09 15:23:57 - [TEST_STEP][PASSED] - qa.keywords.CommonKeywords.visitPictureImageViewButton(): qa.keywords.CommonKeywords.visitPictureImageViewButton is PASSED&#xD;
&#xD;
2019-07-09 15:23:58 - [MESSAGE][WARNING] - Timeout '0' is invalid. Using default page load timeout: '6'&#xD;
&#xD;
2019-07-09 15:24:01 - [MESSAGE][PASSED] - Element 'Object Repository/CommonScreenElements/Validate_CameraScreen' is exist&#xD;
&#xD;
2019-07-09 15:24:01 - [MESSAGE][WARNING] - Timeout '0' is invalid. Using default page load timeout: '6'&#xD;
&#xD;
2019-07-09 15:24:04 - [MESSAGE][PASSED] - Tapped on element 'Object Repository/CommonScreenElements/Camera_TakePictureButton'&#xD;
&#xD;
2019-07-09 15:24:09 - [MESSAGE][PASSED] - Delayed 5 second(s)&#xD;
&#xD;
2019-07-09 15:24:09 - [MESSAGE][WARNING] - Timeout '0' is invalid. Using default page load timeout: '6'&#xD;
&#xD;
2019-07-09 15:24:10 - [MESSAGE][PASSED] - Tapped on element 'Object Repository/CommonScreenElements/Camera_DoneButton'&#xD;
&#xD;
2019-07-09 15:24:10 - [MESSAGE][PASSED] - qa.keywords.CommonKeywords.visitPictureImageViewButton is PASSED&#xD;
&#xD;
2019-07-09 15:24:10 - [TEST_STEP][PASSED] - verifyElementText(findTestObject("ShopOpen/RemainingCategories/Validate_ProductCategoryAssetScreen", ["package":PACKAGENAME]), "Facing"): Actual text and expected text of test object 'Object Repository/ShopOpen/RemainingCategories/Validate_ProductCategoryAssetScreen' are matched.&#xD;
&#xD;
2019-07-09 15:24:11 - [MESSAGE][PASSED] - Actual text and expected text of test object 'Object Repository/ShopOpen/RemainingCategories/Validate_ProductCategoryAssetScreen' are matched.&#xD;
&#xD;
2019-07-09 15:24:11 - [TEST_STEP][PASSED] - qa.keywords.CommonKeywords.visitBackImageViewButton(): qa.keywords.CommonKeywords.visitBackImageViewButton is PASSED&#xD;
&#xD;
2019-07-09 15:24:12 - [MESSAGE][PASSED] - qa.keywords.CommonKeywords.visitBackImageViewButton is PASSED&#xD;
&#xD;
2019-07-09 15:24:12 - [TEST_STEP][PASSED] - verifyElementExist(findTestObject("ShopOpen/Validate_ShopCategoriesListScreen", ["package":PACKAGENAME]), 0): Element 'Object Repository/ShopOpen/Validate_ShopCategoriesListScreen' is exist&#xD;
&#xD;
2019-07-09 15:24:12 - [MESSAGE][WARNING] - Timeout '0' is invalid. Using default page load timeout: '6'&#xD;
&#xD;
2019-07-09 15:24:14 - [MESSAGE][PASSED] - Element 'Object Repository/ShopOpen/Validate_ShopCategoriesListScreen' is exist&#xD;
&#xD;
2019-07-09 15:24:14 - [MESSAGE][PASSED] - Call Test Case 'Test Cases/ShopOpen/RemainingCategories/VisitRemainingCategoriesWithDSA' successfully&#xD;
&#xD;
2019-07-09 15:24:14 - [MESSAGE][WARNING] - Timeout '0' is invalid. Using default page load timeout: '6'&#xD;
&#xD;
2019-07-09 15:24:22 - [MESSAGE][WARNING] - Element 'Object Repository/CommonScreenElements/Validate_CameraScreen' not found&#xD;
[[ATTACHMENT|F:\\Git Projects\\MMAPlus\\MMAPlus\\Reports\\MMA Plus Merchandising\\MMA Plus Merchandising With Data Verification\\20190709_143621\\1562667861232.png]]&#xD;
&#xD;
2019-07-09 15:24:22 - [MESSAGE][PASSED] - Actual text and expected text of test object 'Object Repository/ShopOpen/RemainingCategories/Validate_MainCategoryDetailScreen' are matched.&#xD;
&#xD;
2019-07-09 15:24:23 - [TEST_CASE][PASSED] - Test Cases/ShopOpen/RemainingCategories/VisitRemainingCategoriesWithDSA: Test Cases/ShopOpen/RemainingCategories/VisitRemainingCategoriesWithDSA&#xD;
&#xD;
2019-07-09 15:24:23 - [TEST_STEP][PASSED] - verifyElementText(findTestObject("ShopOpen/RemainingCategories/Validate_ProductCategoryAssetScreen", ["package":PACKAGENAME]), "Facing"): Actual text and expected text of test object 'Object Repository/ShopOpen/RemainingCategories/Validate_ProductCategoryAssetScreen' are matched.&#xD;
&#xD;
2019-07-09 15:24:25 - [MESSAGE][PASSED] - Actual text and expected text of test object 'Object Repository/ShopOpen/RemainingCategories/Validate_ProductCategoryAssetScreen' are matched.&#xD;
&#xD;
2019-07-09 15:24:25 - [TEST_STEP][PASSED] - tap(findTestObject("ShopOpen/RemainingCategories/Facing", ["package":PACKAGENAME]), 0): Tapped on element 'Object Repository/ShopOpen/RemainingCategories/Facing'&#xD;
&#xD;
2019-07-09 15:24:25 - [MESSAGE][WARNING] - Timeout '0' is invalid. Using default page load timeout: '6'&#xD;
&#xD;
2019-07-09 15:24:25 - [MESSAGE][PASSED] - Tapped on element 'Object Repository/ShopOpen/RemainingCategories/Facing'&#xD;
&#xD;
2019-07-09 15:24:25 - [TEST_STEP][PASSED] - verifyElementText(findTestObject("ShopOpen/RemainingCategories/Validate_FacingScreen", ["package":PACKAGENAME]), "Facing"): Actual text and expected text of test object 'Object Repository/ShopOpen/RemainingCategories/Validate_FacingScreen' are matched.&#xD;
&#xD;
2019-07-09 15:24:27 - [MESSAGE][PASSED] - Actual text and expected text of test object 'Object Repository/ShopOpen/RemainingCategories/Validate_FacingScreen' are matched.&#xD;
&#xD;
2019-07-09 15:24:27 - [TEST_STEP][PASSED] - qa.keywords.ChannelProductsDataKeywords.visitChannelWiseProductsData(CHANNEL_DSA_FACING, "Facing"): qa.keywords.ChannelProductsDataKeywords.visitChannelWiseProductsData is PASSED&#xD;
&#xD;
2019-07-09 15:24:31 - [MESSAGE][PASSED] - Keyboard is hidden&#xD;
&#xD;
2019-07-09 15:24:34 - [MESSAGE][PASSED] - Keyboard is hidden&#xD;
&#xD;
2019-07-09 15:24:37 - [MESSAGE][PASSED] - Keyboard is hidden&#xD;
&#xD;
2019-07-09 15:24:39 - [MESSAGE][PASSED] - qa.keywords.ChannelProductsDataKeywords.visitChannelWiseProductsData is PASSED&#xD;
&#xD;
2019-07-09 15:24:39 - [TEST_STEP][PASSED] - tap(findTestObject("ShopOpen/RemainingCategories/SubmitButton", ["package":PACKAGENAME]), 0): Tapped on element 'Object Repository/ShopOpen/RemainingCategories/SubmitButton'&#xD;
&#xD;
2019-07-09 15:24:39 - [MESSAGE][WARNING] - Timeout '0' is invalid. Using default page load timeout: '6'&#xD;
&#xD;
2019-07-09 15:24:40 - [MESSAGE][PASSED] - Tapped on element 'Object Repository/ShopOpen/RemainingCategories/SubmitButton'&#xD;
&#xD;
2019-07-09 15:24:40 - [TEST_STEP][PASSED] - verifyElementText(findTestObject("ShopOpen/RemainingCategories/Validate_ProductCategoryAssetScreen", ["package":PACKAGENAME]), "Facing"): Actual text and expected text of test object 'Object Repository/ShopOpen/RemainingCategories/Validate_ProductCategoryAssetScreen' are matched.&#xD;
&#xD;
2019-07-09 15:24:41 - [MESSAGE][PASSED] - Actual text and expected text of test object 'Object Repository/ShopOpen/RemainingCategories/Validate_ProductCategoryAssetScreen' are matched.&#xD;
&#xD;
2019-07-09 15:24:41 - [TEST_STEP][PASSED] - tap(findTestObject("ShopOpen/RemainingCategories/StockTaking", ["package":PACKAGENAME]), 0): Tapped on element 'Object Repository/ShopOpen/RemainingCategories/StockTaking'&#xD;
&#xD;
2019-07-09 15:24:41 - [MESSAGE][WARNING] - Timeout '0' is invalid. Using default page load timeout: '6'&#xD;
&#xD;
2019-07-09 15:24:41 - [MESSAGE][PASSED] - Tapped on element 'Object Repository/ShopOpen/RemainingCategories/StockTaking'&#xD;
&#xD;
2019-07-09 15:24:41 - [TEST_STEP][PASSED] - verifyElementText(findTestObject("ShopOpen/RemainingCategories/Validate_StockTakingScreen", ["package":PACKAGENAME]), "Stock Taking"): Actual text and expected text of test object 'Object Repository/ShopOpen/RemainingCategories/Validate_StockTakingScreen' are matched.&#xD;
&#xD;
2019-07-09 15:24:43 - [MESSAGE][PASSED] - Actual text and expected text of test object 'Object Repository/ShopOpen/RemainingCategories/Validate_StockTakingScreen' are matched.&#xD;
&#xD;
2019-07-09 15:24:43 - [TEST_STEP][PASSED] - qa.keywords.ChannelProductsDataKeywords.visitChannelWiseProductsData(CHANNEL_DSA_STOCKTAKING, "Stock Taking"): qa.keywords.ChannelProductsDataKeywords.visitChannelWiseProductsData is PASSED&#xD;
&#xD;
2019-07-09 15:24:47 - [MESSAGE][PASSED] - Keyboard is hidden&#xD;
&#xD;
2019-07-09 15:24:50 - [MESSAGE][PASSED] - Keyboard is hidden&#xD;
&#xD;
2019-07-09 15:24:53 - [MESSAGE][PASSED] - Keyboard is hidden&#xD;
&#xD;
2019-07-09 15:24:55 - [MESSAGE][PASSED] - qa.keywords.ChannelProductsDataKeywords.visitChannelWiseProductsData is PASSED&#xD;
&#xD;
2019-07-09 15:24:55 - [TEST_STEP][PASSED] - tap(findTestObject("ShopOpen/RemainingCategories/SubmitButton", ["package":PACKAGENAME]), 0): Tapped on element 'Object Repository/ShopOpen/RemainingCategories/SubmitButton'&#xD;
&#xD;
2019-07-09 15:24:55 - [MESSAGE][WARNING] - Timeout '0' is invalid. Using default page load timeout: '6'&#xD;
&#xD;
2019-07-09 15:24:57 - [MESSAGE][PASSED] - Tapped on element 'Object Repository/ShopOpen/RemainingCategories/SubmitButton'&#xD;
&#xD;
2019-07-09 15:24:57 - [TEST_STEP][PASSED] - verifyElementText(findTestObject("ShopOpen/RemainingCategories/Validate_ProductCategoryAssetScreen", ["package":PACKAGENAME]), "Facing"): Actual text and expected text of test object 'Object Repository/ShopOpen/RemainingCategories/Validate_ProductCategoryAssetScreen' are matched.&#xD;
&#xD;
2019-07-09 15:24:58 - [MESSAGE][PASSED] - Actual text and expected text of test object 'Object Repository/ShopOpen/RemainingCategories/Validate_ProductCategoryAssetScreen' are matched.&#xD;
&#xD;
2019-07-09 15:24:58 - [TEST_STEP][PASSED] - qa.keywords.CommonKeywords.visitPlanogramImageViewButton(): qa.keywords.CommonKeywords.visitPlanogramImageViewButton is PASSED&#xD;
&#xD;
2019-07-09 15:25:00 - [MESSAGE][WARNING] - Timeout '0' is invalid. Using default page load timeout: '6'&#xD;
&#xD;
2019-07-09 15:25:08 - [MESSAGE][WARNING] - Object Object Repository/CommonScreenElements/InfoPopUp_OKButton not found&#xD;
[[ATTACHMENT|F:\\Git Projects\\MMAPlus\\MMAPlus\\Reports\\MMA Plus Merchandising\\MMA Plus Merchandising With Data Verification\\20190709_143621\\1562667906697.png]]&#xD;
&#xD;
2019-07-09 15:25:08 - [MESSAGE][PASSED] - qa.keywords.CommonKeywords.visitPlanogramImageViewButton is PASSED&#xD;
&#xD;
2019-07-09 15:25:08 - [TEST_STEP][PASSED] - verifyElementText(findTestObject("ShopOpen/RemainingCategories/Validate_ProductCategoryAssetScreen", ["package":PACKAGENAME]), "Facing"): Actual text and expected text of test object 'Object Repository/ShopOpen/RemainingCategories/Validate_ProductCategoryAssetScreen' are matched.&#xD;
&#xD;
2019-07-09 15:25:09 - [MESSAGE][PASSED] - Actual text and expected text of test object 'Object Repository/ShopOpen/RemainingCategories/Validate_ProductCategoryAssetScreen' are matched.&#xD;
&#xD;
2019-07-09 15:25:09 - [TEST_STEP][PASSED] - qa.keywords.CommonKeywords.visitPictureImageViewButton(): qa.keywords.CommonKeywords.visitPictureImageViewButton is PASSED&#xD;
&#xD;
2019-07-09 15:25:10 - [MESSAGE][WARNING] - Timeout '0' is invalid. Using default page load timeout: '6'&#xD;
&#xD;
2019-07-09 15:25:13 - [MESSAGE][PASSED] - Element 'Object Repository/CommonScreenElements/Validate_CameraScreen' is exist&#xD;
&#xD;
2019-07-09 15:25:13 - [MESSAGE][WARNING] - Timeout '0' is invalid. Using default page load timeout: '6'&#xD;
&#xD;
2019-07-09 15:25:16 - [MESSAGE][PASSED] - Tapped on element 'Object Repository/CommonScreenElements/Camera_TakePictureButton'&#xD;
&#xD;
2019-07-09 15:25:21 - [MESSAGE][PASSED] - Delayed 5 second(s)&#xD;
&#xD;
2019-07-09 15:25:21 - [MESSAGE][WARNING] - Timeout '0' is invalid. Using default page load timeout: '6'&#xD;
&#xD;
2019-07-09 15:25:22 - [MESSAGE][PASSED] - Tapped on element 'Object Repository/CommonScreenElements/Camera_DoneButton'&#xD;
&#xD;
2019-07-09 15:25:22 - [MESSAGE][PASSED] - qa.keywords.CommonKeywords.visitPictureImageViewButton is PASSED&#xD;
&#xD;
2019-07-09 15:25:22 - [TEST_STEP][PASSED] - verifyElementText(findTestObject("ShopOpen/RemainingCategories/Validate_ProductCategoryAssetScreen", ["package":PACKAGENAME]), "Facing"): Actual text and expected text of test object 'Object Repository/ShopOpen/RemainingCategories/Validate_ProductCategoryAssetScreen' are matched.&#xD;
&#xD;
2019-07-09 15:25:23 - [MESSAGE][PASSED] - Actual text and expected text of test object 'Object Repository/ShopOpen/RemainingCategories/Validate_ProductCategoryAssetScreen' are matched.&#xD;
&#xD;
2019-07-09 15:25:23 - [TEST_STEP][PASSED] - qa.keywords.CommonKeywords.visitBackImageViewButton(): qa.keywords.CommonKeywords.visitBackImageViewButton is PASSED&#xD;
&#xD;
2019-07-09 15:25:25 - [MESSAGE][PASSED] - qa.keywords.CommonKeywords.visitBackImageViewButton is PASSED&#xD;
&#xD;
2019-07-09 15:25:25 - [TEST_STEP][PASSED] - verifyElementExist(findTestObject("ShopOpen/Validate_ShopCategoriesListScreen", ["package":PACKAGENAME]), 0): Element 'Object Repository/ShopOpen/Validate_ShopCategoriesListScreen' is exist&#xD;
&#xD;
2019-07-09 15:25:25 - [MESSAGE][WARNING] - Timeout '0' is invalid. Using default page load timeout: '6'&#xD;
&#xD;
2019-07-09 15:25:27 - [MESSAGE][PASSED] - Element 'Object Repository/ShopOpen/Validate_ShopCategoriesListScreen' is exist&#xD;
&#xD;
2019-07-09 15:25:27 - [MESSAGE][PASSED] - Call Test Case 'Test Cases/ShopOpen/RemainingCategories/VisitRemainingCategoriesWithDSA' successfully&#xD;
&#xD;
2019-07-09 15:25:27 - [MESSAGE][WARNING] - Timeout '0' is invalid. Using default page load timeout: '6'&#xD;
&#xD;
2019-07-09 15:25:35 - [MESSAGE][WARNING] - Element 'Object Repository/CommonScreenElements/Validate_CameraScreen' not found&#xD;
[[ATTACHMENT|F:\\Git Projects\\MMAPlus\\MMAPlus\\Reports\\MMA Plus Merchandising\\MMA Plus Merchandising With Data Verification\\20190709_143621\\1562667934265.png]]&#xD;
&#xD;
2019-07-09 15:25:35 - [MESSAGE][PASSED] - Actual text and expected text of test object 'Object Repository/ShopOpen/RemainingCategories/Validate_MainCategoryDetailScreen' are matched.&#xD;
&#xD;
2019-07-09 15:25:36 - [TEST_CASE][PASSED] - Test Cases/ShopOpen/RemainingCategories/VisitRemainingCategoriesWithDSA: Test Cases/ShopOpen/RemainingCategories/VisitRemainingCategoriesWithDSA&#xD;
&#xD;
2019-07-09 15:25:36 - [TEST_STEP][PASSED] - verifyElementText(findTestObject("ShopOpen/RemainingCategories/Validate_ProductCategoryAssetScreen", ["package":PACKAGENAME]), "Facing"): Actual text and expected text of test object 'Object Repository/ShopOpen/RemainingCategories/Validate_ProductCategoryAssetScreen' are matched.&#xD;
&#xD;
2019-07-09 15:25:38 - [MESSAGE][PASSED] - Actual text and expected text of test object 'Object Repository/ShopOpen/RemainingCategories/Validate_ProductCategoryAssetScreen' are matched.&#xD;
&#xD;
2019-07-09 15:25:38 - [TEST_STEP][PASSED] - tap(findTestObject("ShopOpen/RemainingCategories/Facing", ["package":PACKAGENAME]), 0): Tapped on element 'Object Repository/ShopOpen/RemainingCategories/Facing'&#xD;
&#xD;
2019-07-09 15:25:38 - [MESSAGE][WARNING] - Timeout '0' is invalid. Using default page load timeout: '6'&#xD;
&#xD;
2019-07-09 15:25:38 - [MESSAGE][PASSED] - Tapped on element 'Object Repository/ShopOpen/RemainingCategories/Facing'&#xD;
&#xD;
2019-07-09 15:25:38 - [TEST_STEP][PASSED] - verifyElementText(findTestObject("ShopOpen/RemainingCategories/Validate_FacingScreen", ["package":PACKAGENAME]), "Facing"): Actual text and expected text of test object 'Object Repository/ShopOpen/RemainingCategories/Validate_FacingScreen' are matched.&#xD;
&#xD;
2019-07-09 15:25:40 - [MESSAGE][PASSED] - Actual text and expected text of test object 'Object Repository/ShopOpen/RemainingCategories/Validate_FacingScreen' are matched.&#xD;
&#xD;
2019-07-09 15:25:40 - [TEST_STEP][PASSED] - qa.keywords.ChannelProductsDataKeywords.visitChannelWiseProductsData(CHANNEL_DSA_FACING, "Facing"): qa.keywords.ChannelProductsDataKeywords.visitChannelWiseProductsData is PASSED&#xD;
&#xD;
2019-07-09 15:25:45 - [MESSAGE][PASSED] - Keyboard is hidden&#xD;
&#xD;
2019-07-09 15:25:48 - [MESSAGE][PASSED] - Keyboard is hidden&#xD;
&#xD;
2019-07-09 15:25:51 - [MESSAGE][PASSED] - Keyboard is hidden&#xD;
&#xD;
2019-07-09 15:25:54 - [MESSAGE][PASSED] - Keyboard is hidden&#xD;
&#xD;
2019-07-09 15:25:57 - [MESSAGE][PASSED] - Keyboard is hidden&#xD;
&#xD;
2019-07-09 15:26:00 - [MESSAGE][PASSED] - Keyboard is hidden&#xD;
&#xD;
2019-07-09 15:26:07 - [MESSAGE][PASSED] - Keyboard is hidden&#xD;
&#xD;
2019-07-09 15:26:11 - [MESSAGE][PASSED] - qa.keywords.ChannelProductsDataKeywords.visitChannelWiseProductsData is PASSED&#xD;
&#xD;
2019-07-09 15:26:11 - [TEST_STEP][PASSED] - tap(findTestObject("ShopOpen/RemainingCategories/SubmitButton", ["package":PACKAGENAME]), 0): Tapped on element 'Object Repository/ShopOpen/RemainingCategories/SubmitButton'&#xD;
&#xD;
2019-07-09 15:26:11 - [MESSAGE][WARNING] - Timeout '0' is invalid. Using default page load timeout: '6'&#xD;
&#xD;
2019-07-09 15:26:11 - [MESSAGE][PASSED] - Tapped on element 'Object Repository/ShopOpen/RemainingCategories/SubmitButton'&#xD;
&#xD;
2019-07-09 15:26:11 - [TEST_STEP][PASSED] - verifyElementText(findTestObject("ShopOpen/RemainingCategories/Validate_ProductCategoryAssetScreen", ["package":PACKAGENAME]), "Facing"): Actual text and expected text of test object 'Object Repository/ShopOpen/RemainingCategories/Validate_ProductCategoryAssetScreen' are matched.&#xD;
&#xD;
2019-07-09 15:26:12 - [MESSAGE][PASSED] - Actual text and expected text of test object 'Object Repository/ShopOpen/RemainingCategories/Validate_ProductCategoryAssetScreen' are matched.&#xD;
&#xD;
2019-07-09 15:26:12 - [TEST_STEP][PASSED] - tap(findTestObject("ShopOpen/RemainingCategories/StockTaking", ["package":PACKAGENAME]), 0): Tapped on element 'Object Repository/ShopOpen/RemainingCategories/StockTaking'&#xD;
&#xD;
2019-07-09 15:26:12 - [MESSAGE][WARNING] - Timeout '0' is invalid. Using default page load timeout: '6'&#xD;
&#xD;
2019-07-09 15:26:13 - [MESSAGE][PASSED] - Tapped on element 'Object Repository/ShopOpen/RemainingCategories/StockTaking'&#xD;
&#xD;
2019-07-09 15:26:13 - [TEST_STEP][PASSED] - verifyElementText(findTestObject("ShopOpen/RemainingCategories/Validate_StockTakingScreen", ["package":PACKAGENAME]), "Stock Taking"): Actual text and expected text of test object 'Object Repository/ShopOpen/RemainingCategories/Validate_StockTakingScreen' are matched.&#xD;
&#xD;
2019-07-09 15:26:15 - [MESSAGE][PASSED] - Actual text and expected text of test object 'Object Repository/ShopOpen/RemainingCategories/Validate_StockTakingScreen' are matched.&#xD;
&#xD;
2019-07-09 15:26:15 - [TEST_STEP][PASSED] - qa.keywords.ChannelProductsDataKeywords.visitChannelWiseProductsData(CHANNEL_DSA_STOCKTAKING, "Stock Taking"): qa.keywords.ChannelProductsDataKeywords.visitChannelWiseProductsData is PASSED&#xD;
&#xD;
2019-07-09 15:26:20 - [MESSAGE][PASSED] - Keyboard is hidden&#xD;
&#xD;
2019-07-09 15:26:23 - [MESSAGE][PASSED] - Keyboard is hidden&#xD;
&#xD;
2019-07-09 15:26:26 - [MESSAGE][PASSED] - Keyboard is hidden&#xD;
&#xD;
2019-07-09 15:26:29 - [MESSAGE][PASSED] - Keyboard is hidden&#xD;
&#xD;
2019-07-09 15:26:32 - [MESSAGE][PASSED] - Keyboard is hidden&#xD;
&#xD;
2019-07-09 15:26:35 - [MESSAGE][PASSED] - Keyboard is hidden&#xD;
&#xD;
2019-07-09 15:26:41 - [MESSAGE][PASSED] - Keyboard is hidden&#xD;
&#xD;
2019-07-09 15:26:44 - [MESSAGE][PASSED] - qa.keywords.ChannelProductsDataKeywords.visitChannelWiseProductsData is PASSED&#xD;
&#xD;
2019-07-09 15:26:44 - [TEST_STEP][PASSED] - tap(findTestObject("ShopOpen/RemainingCategories/SubmitButton", ["package":PACKAGENAME]), 0): Tapped on element 'Object Repository/ShopOpen/RemainingCategories/SubmitButton'&#xD;
&#xD;
2019-07-09 15:26:44 - [MESSAGE][WARNING] - Timeout '0' is invalid. Using default page load timeout: '6'&#xD;
&#xD;
2019-07-09 15:26:44 - [MESSAGE][PASSED] - Tapped on element 'Object Repository/ShopOpen/RemainingCategories/SubmitButton'&#xD;
&#xD;
2019-07-09 15:26:44 - [TEST_STEP][PASSED] - verifyElementText(findTestObject("ShopOpen/RemainingCategories/Validate_ProductCategoryAssetScreen", ["package":PACKAGENAME]), "Facing"): Actual text and expected text of test object 'Object Repository/ShopOpen/RemainingCategories/Validate_ProductCategoryAssetScreen' are matched.&#xD;
&#xD;
2019-07-09 15:26:45 - [MESSAGE][PASSED] - Actual text and expected text of test object 'Object Repository/ShopOpen/RemainingCategories/Validate_ProductCategoryAssetScreen' are matched.&#xD;
&#xD;
2019-07-09 15:26:45 - [TEST_STEP][PASSED] - qa.keywords.CommonKeywords.visitPlanogramImageViewButton(): qa.keywords.CommonKeywords.visitPlanogramImageViewButton is PASSED&#xD;
&#xD;
2019-07-09 15:26:47 - [MESSAGE][WARNING] - Timeout '0' is invalid. Using default page load timeout: '6'&#xD;
&#xD;
2019-07-09 15:26:54 - [MESSAGE][WARNING] - Object Object Repository/CommonScreenElements/InfoPopUp_OKButton not found&#xD;
[[ATTACHMENT|F:\\Git Projects\\MMAPlus\\MMAPlus\\Reports\\MMA Plus Merchandising\\MMA Plus Merchandising With Data Verification\\20190709_143621\\1562668013848.png]]&#xD;
&#xD;
2019-07-09 15:26:55 - [MESSAGE][PASSED] - qa.keywords.CommonKeywords.visitPlanogramImageViewButton is PASSED&#xD;
&#xD;
2019-07-09 15:26:55 - [TEST_STEP][PASSED] - verifyElementText(findTestObject("ShopOpen/RemainingCategories/Validate_ProductCategoryAssetScreen", ["package":PACKAGENAME]), "Facing"): Actual text and expected text of test object 'Object Repository/ShopOpen/RemainingCategories/Validate_ProductCategoryAssetScreen' are matched.&#xD;
&#xD;
2019-07-09 15:26:56 - [MESSAGE][PASSED] - Actual text and expected text of test object 'Object Repository/ShopOpen/RemainingCategories/Validate_ProductCategoryAssetScreen' are matched.&#xD;
&#xD;
2019-07-09 15:26:56 - [TEST_STEP][PASSED] - qa.keywords.CommonKeywords.visitPictureImageViewButton(): qa.keywords.CommonKeywords.visitPictureImageViewButton is PASSED&#xD;
&#xD;
2019-07-09 15:26:58 - [MESSAGE][WARNING] - Timeout '0' is invalid. Using default page load timeout: '6'&#xD;
&#xD;
2019-07-09 15:26:59 - [MESSAGE][PASSED] - Element 'Object Repository/CommonScreenElements/Validate_CameraScreen' is exist&#xD;
&#xD;
2019-07-09 15:26:59 - [MESSAGE][WARNING] - Timeout '0' is invalid. Using default page load timeout: '6'&#xD;
&#xD;
2019-07-09 15:27:03 - [MESSAGE][PASSED] - Tapped on element 'Object Repository/CommonScreenElements/Camera_TakePictureButton'&#xD;
&#xD;
2019-07-09 15:27:08 - [MESSAGE][PASSED] - Delayed 5 second(s)&#xD;
&#xD;
2019-07-09 15:27:08 - [MESSAGE][WARNING] - Timeout '0' is invalid. Using default page load timeout: '6'&#xD;
&#xD;
2019-07-09 15:27:08 - [MESSAGE][PASSED] - Tapped on element 'Object Repository/CommonScreenElements/Camera_DoneButton'&#xD;
&#xD;
2019-07-09 15:27:08 - [MESSAGE][PASSED] - qa.keywords.CommonKeywords.visitPictureImageViewButton is PASSED&#xD;
&#xD;
2019-07-09 15:27:08 - [TEST_STEP][PASSED] - verifyElementText(findTestObject("ShopOpen/RemainingCategories/Validate_ProductCategoryAssetScreen", ["package":PACKAGENAME]), "Facing"): Actual text and expected text of test object 'Object Repository/ShopOpen/RemainingCategories/Validate_ProductCategoryAssetScreen' are matched.&#xD;
&#xD;
2019-07-09 15:27:10 - [MESSAGE][PASSED] - Actual text and expected text of test object 'Object Repository/ShopOpen/RemainingCategories/Validate_ProductCategoryAssetScreen' are matched.&#xD;
&#xD;
2019-07-09 15:27:10 - [TEST_STEP][PASSED] - qa.keywords.CommonKeywords.visitBackImageViewButton(): qa.keywords.CommonKeywords.visitBackImageViewButton is PASSED&#xD;
&#xD;
2019-07-09 15:27:11 - [MESSAGE][PASSED] - qa.keywords.CommonKeywords.visitBackImageViewButton is PASSED&#xD;
&#xD;
2019-07-09 15:27:11 - [TEST_STEP][PASSED] - verifyElementExist(findTestObject("ShopOpen/Validate_ShopCategoriesListScreen", ["package":PACKAGENAME]), 0): Element 'Object Repository/ShopOpen/Validate_ShopCategoriesListScreen' is exist&#xD;
&#xD;
2019-07-09 15:27:11 - [MESSAGE][WARNING] - Timeout '0' is invalid. Using default page load timeout: '6'&#xD;
&#xD;
2019-07-09 15:27:13 - [MESSAGE][PASSED] - Element 'Object Repository/ShopOpen/Validate_ShopCategoriesListScreen' is exist&#xD;
&#xD;
2019-07-09 15:27:13 - [MESSAGE][PASSED] - Call Test Case 'Test Cases/ShopOpen/RemainingCategories/VisitRemainingCategoriesWithDSA' successfully&#xD;
&#xD;
2019-07-09 15:27:13 - [MESSAGE][WARNING] - Timeout '0' is invalid. Using default page load timeout: '6'&#xD;
&#xD;
2019-07-09 15:27:21 - [MESSAGE][WARNING] - Element 'Object Repository/CommonScreenElements/Validate_CameraScreen' not found&#xD;
[[ATTACHMENT|F:\\Git Projects\\MMAPlus\\MMAPlus\\Reports\\MMA Plus Merchandising\\MMA Plus Merchandising With Data Verification\\20190709_143621\\1562668040248.png]]&#xD;
&#xD;
2019-07-09 15:27:21 - [MESSAGE][PASSED] - Actual text and expected text of test object 'Object Repository/ShopOpen/RemainingCategories/Validate_MainCategoryDetailScreen' are matched.&#xD;
&#xD;
2019-07-09 15:27:22 - [TEST_CASE][PASSED] - Test Cases/ShopOpen/RemainingCategories/VisitRemainingCategoriesWithDSA: Test Cases/ShopOpen/RemainingCategories/VisitRemainingCategoriesWithDSA&#xD;
&#xD;
2019-07-09 15:27:22 - [TEST_STEP][PASSED] - verifyElementText(findTestObject("ShopOpen/RemainingCategories/Validate_ProductCategoryAssetScreen", ["package":PACKAGENAME]), "Facing"): Actual text and expected text of test object 'Object Repository/ShopOpen/RemainingCategories/Validate_ProductCategoryAssetScreen' are matched.&#xD;
&#xD;
2019-07-09 15:27:24 - [MESSAGE][PASSED] - Actual text and expected text of test object 'Object Repository/ShopOpen/RemainingCategories/Validate_ProductCategoryAssetScreen' are matched.&#xD;
&#xD;
2019-07-09 15:27:24 - [TEST_STEP][PASSED] - tap(findTestObject("ShopOpen/RemainingCategories/Facing", ["package":PACKAGENAME]), 0): Tapped on element 'Object Repository/ShopOpen/RemainingCategories/Facing'&#xD;
&#xD;
2019-07-09 15:27:24 - [MESSAGE][WARNING] - Timeout '0' is invalid. Using default page load timeout: '6'&#xD;
&#xD;
2019-07-09 15:27:24 - [MESSAGE][PASSED] - Tapped on element 'Object Repository/ShopOpen/RemainingCategories/Facing'&#xD;
&#xD;
2019-07-09 15:27:24 - [TEST_STEP][PASSED] - verifyElementText(findTestObject("ShopOpen/RemainingCategories/Validate_FacingScreen", ["package":PACKAGENAME]), "Facing"): Actual text and expected text of test object 'Object Repository/ShopOpen/RemainingCategories/Validate_FacingScreen' are matched.&#xD;
&#xD;
2019-07-09 15:27:26 - [MESSAGE][PASSED] - Actual text and expected text of test object 'Object Repository/ShopOpen/RemainingCategories/Validate_FacingScreen' are matched.&#xD;
&#xD;
2019-07-09 15:27:26 - [TEST_STEP][PASSED] - qa.keywords.ChannelProductsDataKeywords.visitChannelWiseProductsData(CHANNEL_DSA_FACING, "Facing"): qa.keywords.ChannelProductsDataKeywords.visitChannelWiseProductsData is PASSED&#xD;
&#xD;
2019-07-09 15:27:30 - [MESSAGE][PASSED] - Keyboard is hidden&#xD;
&#xD;
2019-07-09 15:27:33 - [MESSAGE][PASSED] - Keyboard is hidden&#xD;
&#xD;
2019-07-09 15:27:36 - [MESSAGE][PASSED] - Keyboard is hidden&#xD;
&#xD;
2019-07-09 15:27:39 - [MESSAGE][PASSED] - Keyboard is hidden&#xD;
&#xD;
2019-07-09 15:27:41 - [MESSAGE][PASSED] - qa.keywords.ChannelProductsDataKeywords.visitChannelWiseProductsData is PASSED&#xD;
&#xD;
2019-07-09 15:27:41 - [TEST_STEP][PASSED] - tap(findTestObject("ShopOpen/RemainingCategories/SubmitButton", ["package":PACKAGENAME]), 0): Tapped on element 'Object Repository/ShopOpen/RemainingCategories/SubmitButton'&#xD;
&#xD;
2019-07-09 15:27:41 - [MESSAGE][WARNING] - Timeout '0' is invalid. Using default page load timeout: '6'&#xD;
&#xD;
2019-07-09 15:27:42 - [MESSAGE][PASSED] - Tapped on element 'Object Repository/ShopOpen/RemainingCategories/SubmitButton'&#xD;
&#xD;
2019-07-09 15:27:42 - [TEST_STEP][PASSED] - verifyElementText(findTestObject("ShopOpen/RemainingCategories/Validate_ProductCategoryAssetScreen", ["package":PACKAGENAME]), "Facing"): Actual text and expected text of test object 'Object Repository/ShopOpen/RemainingCategories/Validate_ProductCategoryAssetScreen' are matched.&#xD;
&#xD;
2019-07-09 15:27:44 - [MESSAGE][PASSED] - Actual text and expected text of test object 'Object Repository/ShopOpen/RemainingCategories/Validate_ProductCategoryAssetScreen' are matched.&#xD;
&#xD;
2019-07-09 15:27:44 - [TEST_STEP][PASSED] - tap(findTestObject("ShopOpen/RemainingCategories/StockTaking", ["package":PACKAGENAME]), 0): Tapped on element 'Object Repository/ShopOpen/RemainingCategories/StockTaking'&#xD;
&#xD;
2019-07-09 15:27:44 - [MESSAGE][WARNING] - Timeout '0' is invalid. Using default page load timeout: '6'&#xD;
&#xD;
2019-07-09 15:27:44 - [MESSAGE][PASSED] - Tapped on element 'Object Repository/ShopOpen/RemainingCategories/StockTaking'&#xD;
&#xD;
2019-07-09 15:27:44 - [TEST_STEP][PASSED] - verifyElementText(findTestObject("ShopOpen/RemainingCategories/Validate_StockTakingScreen", ["package":PACKAGENAME]), "Stock Taking"): Actual text and expected text of test object 'Object Repository/ShopOpen/RemainingCategories/Validate_StockTakingScreen' are matched.&#xD;
&#xD;
2019-07-09 15:27:46 - [MESSAGE][PASSED] - Actual text and expected text of test object 'Object Repository/ShopOpen/RemainingCategories/Validate_StockTakingScreen' are matched.&#xD;
&#xD;
2019-07-09 15:27:46 - [TEST_STEP][PASSED] - qa.keywords.ChannelProductsDataKeywords.visitChannelWiseProductsData(CHANNEL_DSA_STOCKTAKING, "Stock Taking"): qa.keywords.ChannelProductsDataKeywords.visitChannelWiseProductsData is PASSED&#xD;
&#xD;
2019-07-09 15:27:50 - [MESSAGE][PASSED] - Keyboard is hidden&#xD;
&#xD;
2019-07-09 15:27:53 - [MESSAGE][PASSED] - Keyboard is hidden&#xD;
&#xD;
2019-07-09 15:27:56 - [MESSAGE][PASSED] - Keyboard is hidden&#xD;
&#xD;
2019-07-09 15:27:59 - [MESSAGE][PASSED] - Keyboard is hidden&#xD;
&#xD;
2019-07-09 15:28:02 - [MESSAGE][PASSED] - qa.keywords.ChannelProductsDataKeywords.visitChannelWiseProductsData is PASSED&#xD;
&#xD;
2019-07-09 15:28:02 - [TEST_STEP][PASSED] - tap(findTestObject("ShopOpen/RemainingCategories/SubmitButton", ["package":PACKAGENAME]), 0): Tapped on element 'Object Repository/ShopOpen/RemainingCategories/SubmitButton'&#xD;
&#xD;
2019-07-09 15:28:02 - [MESSAGE][WARNING] - Timeout '0' is invalid. Using default page load timeout: '6'&#xD;
&#xD;
2019-07-09 15:28:03 - [MESSAGE][PASSED] - Tapped on element 'Object Repository/ShopOpen/RemainingCategories/SubmitButton'&#xD;
&#xD;
2019-07-09 15:28:03 - [TEST_STEP][PASSED] - verifyElementText(findTestObject("ShopOpen/RemainingCategories/Validate_ProductCategoryAssetScreen", ["package":PACKAGENAME]), "Facing"): Actual text and expected text of test object 'Object Repository/ShopOpen/RemainingCategories/Validate_ProductCategoryAssetScreen' are matched.&#xD;
&#xD;
2019-07-09 15:28:04 - [MESSAGE][PASSED] - Actual text and expected text of test object 'Object Repository/ShopOpen/RemainingCategories/Validate_ProductCategoryAssetScreen' are matched.&#xD;
&#xD;
2019-07-09 15:28:04 - [TEST_STEP][PASSED] - qa.keywords.CommonKeywords.visitPlanogramImageViewButton(): qa.keywords.CommonKeywords.visitPlanogramImageViewButton is PASSED&#xD;
&#xD;
2019-07-09 15:28:06 - [MESSAGE][WARNING] - Timeout '0' is invalid. Using default page load timeout: '6'&#xD;
&#xD;
2019-07-09 15:28:13 - [MESSAGE][WARNING] - Object Object Repository/CommonScreenElements/InfoPopUp_OKButton not found&#xD;
[[ATTACHMENT|F:\\Git Projects\\MMAPlus\\MMAPlus\\Reports\\MMA Plus Merchandising\\MMA Plus Merchandising With Data Verification\\20190709_143621\\1562668092680.png]]&#xD;
&#xD;
2019-07-09 15:28:14 - [MESSAGE][PASSED] - qa.keywords.CommonKeywords.visitPlanogramImageViewButton is PASSED&#xD;
&#xD;
2019-07-09 15:28:14 - [TEST_STEP][PASSED] - verifyElementText(findTestObject("ShopOpen/RemainingCategories/Validate_ProductCategoryAssetScreen", ["package":PACKAGENAME]), "Facing"): Actual text and expected text of test object 'Object Repository/ShopOpen/RemainingCategories/Validate_ProductCategoryAssetScreen' are matched.&#xD;
&#xD;
2019-07-09 15:28:15 - [MESSAGE][PASSED] - Actual text and expected text of test object 'Object Repository/ShopOpen/RemainingCategories/Validate_ProductCategoryAssetScreen' are matched.&#xD;
&#xD;
2019-07-09 15:28:15 - [TEST_STEP][PASSED] - qa.keywords.CommonKeywords.visitPictureImageViewButton(): qa.keywords.CommonKeywords.visitPictureImageViewButton is PASSED&#xD;
&#xD;
2019-07-09 15:28:17 - [MESSAGE][WARNING] - Timeout '0' is invalid. Using default page load timeout: '6'&#xD;
&#xD;
2019-07-09 15:28:18 - [MESSAGE][PASSED] - Element 'Object Repository/CommonScreenElements/Validate_CameraScreen' is exist&#xD;
&#xD;
2019-07-09 15:28:18 - [MESSAGE][WARNING] - Timeout '0' is invalid. Using default page load timeout: '6'&#xD;
&#xD;
2019-07-09 15:28:22 - [MESSAGE][PASSED] - Tapped on element 'Object Repository/CommonScreenElements/Camera_TakePictureButton'&#xD;
&#xD;
2019-07-09 15:28:27 - [MESSAGE][PASSED] - Delayed 5 second(s)&#xD;
&#xD;
2019-07-09 15:28:27 - [MESSAGE][WARNING] - Timeout '0' is invalid. Using default page load timeout: '6'&#xD;
&#xD;
2019-07-09 15:28:27 - [MESSAGE][PASSED] - Tapped on element 'Object Repository/CommonScreenElements/Camera_DoneButton'&#xD;
&#xD;
2019-07-09 15:28:27 - [MESSAGE][PASSED] - qa.keywords.CommonKeywords.visitPictureImageViewButton is PASSED&#xD;
&#xD;
2019-07-09 15:28:27 - [TEST_STEP][PASSED] - verifyElementText(findTestObject("ShopOpen/RemainingCategories/Validate_ProductCategoryAssetScreen", ["package":PACKAGENAME]), "Facing"): Actual text and expected text of test object 'Object Repository/ShopOpen/RemainingCategories/Validate_ProductCategoryAssetScreen' are matched.&#xD;
&#xD;
2019-07-09 15:28:28 - [MESSAGE][PASSED] - Actual text and expected text of test object 'Object Repository/ShopOpen/RemainingCategories/Validate_ProductCategoryAssetScreen' are matched.&#xD;
&#xD;
2019-07-09 15:28:28 - [TEST_STEP][PASSED] - qa.keywords.CommonKeywords.visitBackImageViewButton(): qa.keywords.CommonKeywords.visitBackImageViewButton is PASSED&#xD;
&#xD;
2019-07-09 15:28:30 - [MESSAGE][PASSED] - qa.keywords.CommonKeywords.visitBackImageViewButton is PASSED&#xD;
&#xD;
2019-07-09 15:28:30 - [TEST_STEP][PASSED] - verifyElementExist(findTestObject("ShopOpen/Validate_ShopCategoriesListScreen", ["package":PACKAGENAME]), 0): Element 'Object Repository/ShopOpen/Validate_ShopCategoriesListScreen' is exist&#xD;
&#xD;
2019-07-09 15:28:30 - [MESSAGE][WARNING] - Timeout '0' is invalid. Using default page load timeout: '6'&#xD;
&#xD;
2019-07-09 15:28:32 - [MESSAGE][PASSED] - Element 'Object Repository/ShopOpen/Validate_ShopCategoriesListScreen' is exist&#xD;
&#xD;
2019-07-09 15:28:32 - [MESSAGE][PASSED] - Call Test Case 'Test Cases/ShopOpen/RemainingCategories/VisitRemainingCategoriesWithDSA' successfully&#xD;
&#xD;
2019-07-09 15:28:38 - [MESSAGE][WARNING] - Timeout '0' is invalid. Using default page load timeout: '6'&#xD;
&#xD;
2019-07-09 15:28:46 - [MESSAGE][WARNING] - Element 'Object Repository/CommonScreenElements/Validate_CameraScreen' not found&#xD;
[[ATTACHMENT|F:\\Git Projects\\MMAPlus\\MMAPlus\\Reports\\MMA Plus Merchandising\\MMA Plus Merchandising With Data Verification\\20190709_143621\\1562668125498.png]]&#xD;
&#xD;
2019-07-09 15:28:46 - [MESSAGE][PASSED] - Actual text and expected text of test object 'Object Repository/ShopOpen/RemainingCategories/Validate_MainCategoryDetailScreen' are matched.&#xD;
&#xD;
2019-07-09 15:28:47 - [TEST_CASE][PASSED] - Test Cases/ShopOpen/RemainingCategories/VisitRemainingCategoriesWithDSA: Test Cases/ShopOpen/RemainingCategories/VisitRemainingCategoriesWithDSA&#xD;
&#xD;
2019-07-09 15:28:47 - [TEST_STEP][PASSED] - verifyElementText(findTestObject("ShopOpen/RemainingCategories/Validate_ProductCategoryAssetScreen", ["package":PACKAGENAME]), "Facing"): Actual text and expected text of test object 'Object Repository/ShopOpen/RemainingCategories/Validate_ProductCategoryAssetScreen' are matched.&#xD;
&#xD;
2019-07-09 15:28:50 - [MESSAGE][PASSED] - Actual text and expected text of test object 'Object Repository/ShopOpen/RemainingCategories/Validate_ProductCategoryAssetScreen' are matched.&#xD;
&#xD;
2019-07-09 15:28:50 - [TEST_STEP][PASSED] - tap(findTestObject("ShopOpen/RemainingCategories/Facing", ["package":PACKAGENAME]), 0): Tapped on element 'Object Repository/ShopOpen/RemainingCategories/Facing'&#xD;
&#xD;
2019-07-09 15:28:50 - [MESSAGE][WARNING] - Timeout '0' is invalid. Using default page load timeout: '6'&#xD;
&#xD;
2019-07-09 15:28:50 - [MESSAGE][PASSED] - Tapped on element 'Object Repository/ShopOpen/RemainingCategories/Facing'&#xD;
&#xD;
2019-07-09 15:28:50 - [TEST_STEP][PASSED] - verifyElementText(findTestObject("ShopOpen/RemainingCategories/Validate_FacingScreen", ["package":PACKAGENAME]), "Facing"): Actual text and expected text of test object 'Object Repository/ShopOpen/RemainingCategories/Validate_FacingScreen' are matched.&#xD;
&#xD;
2019-07-09 15:28:52 - [MESSAGE][PASSED] - Actual text and expected text of test object 'Object Repository/ShopOpen/RemainingCategories/Validate_FacingScreen' are matched.&#xD;
&#xD;
2019-07-09 15:28:52 - [TEST_STEP][PASSED] - qa.keywords.ChannelProductsDataKeywords.visitChannelWiseProductsData(CHANNEL_DSA_FACING, "Facing"): qa.keywords.ChannelProductsDataKeywords.visitChannelWiseProductsData is PASSED&#xD;
&#xD;
2019-07-09 15:28:56 - [MESSAGE][PASSED] - Keyboard is hidden&#xD;
&#xD;
2019-07-09 15:28:59 - [MESSAGE][PASSED] - Keyboard is hidden&#xD;
&#xD;
2019-07-09 15:29:02 - [MESSAGE][PASSED] - Keyboard is hidden&#xD;
&#xD;
2019-07-09 15:29:04 - [MESSAGE][PASSED] - qa.keywords.ChannelProductsDataKeywords.visitChannelWiseProductsData is PASSED&#xD;
&#xD;
2019-07-09 15:29:04 - [TEST_STEP][PASSED] - tap(findTestObject("ShopOpen/RemainingCategories/SubmitButton", ["package":PACKAGENAME]), 0): Tapped on element 'Object Repository/ShopOpen/RemainingCategories/SubmitButton'&#xD;
&#xD;
2019-07-09 15:29:04 - [MESSAGE][WARNING] - Timeout '0' is invalid. Using default page load timeout: '6'&#xD;
&#xD;
2019-07-09 15:29:05 - [MESSAGE][PASSED] - Tapped on element 'Object Repository/ShopOpen/RemainingCategories/SubmitButton'&#xD;
&#xD;
2019-07-09 15:29:05 - [TEST_STEP][PASSED] - verifyElementText(findTestObject("ShopOpen/RemainingCategories/Validate_ProductCategoryAssetScreen", ["package":PACKAGENAME]), "Facing"): Actual text and expected text of test object 'Object Repository/ShopOpen/RemainingCategories/Validate_ProductCategoryAssetScreen' are matched.&#xD;
&#xD;
2019-07-09 15:29:07 - [MESSAGE][PASSED] - Actual text and expected text of test object 'Object Repository/ShopOpen/RemainingCategories/Validate_ProductCategoryAssetScreen' are matched.&#xD;
&#xD;
2019-07-09 15:29:07 - [TEST_STEP][PASSED] - tap(findTestObject("ShopOpen/RemainingCategories/StockTaking", ["package":PACKAGENAME]), 0): Tapped on element 'Object Repository/ShopOpen/RemainingCategories/StockTaking'&#xD;
&#xD;
2019-07-09 15:29:07 - [MESSAGE][WARNING] - Timeout '0' is invalid. Using default page load timeout: '6'&#xD;
&#xD;
2019-07-09 15:29:07 - [MESSAGE][PASSED] - Tapped on element 'Object Repository/ShopOpen/RemainingCategories/StockTaking'&#xD;
&#xD;
2019-07-09 15:29:07 - [TEST_STEP][PASSED] - verifyElementText(findTestObject("ShopOpen/RemainingCategories/Validate_StockTakingScreen", ["package":PACKAGENAME]), "Stock Taking"): Actual text and expected text of test object 'Object Repository/ShopOpen/RemainingCategories/Validate_StockTakingScreen' are matched.&#xD;
&#xD;
2019-07-09 15:29:09 - [MESSAGE][PASSED] - Actual text and expected text of test object 'Object Repository/ShopOpen/RemainingCategories/Validate_StockTakingScreen' are matched.&#xD;
&#xD;
2019-07-09 15:29:09 - [TEST_STEP][PASSED] - qa.keywords.ChannelProductsDataKeywords.visitChannelWiseProductsData(CHANNEL_DSA_STOCKTAKING, "Stock Taking"): qa.keywords.ChannelProductsDataKeywords.visitChannelWiseProductsData is PASSED&#xD;
&#xD;
2019-07-09 15:29:13 - [MESSAGE][PASSED] - Keyboard is hidden&#xD;
&#xD;
2019-07-09 15:29:16 - [MESSAGE][PASSED] - Keyboard is hidden&#xD;
&#xD;
2019-07-09 15:29:19 - [MESSAGE][PASSED] - Keyboard is hidden&#xD;
&#xD;
2019-07-09 15:29:21 - [MESSAGE][PASSED] - qa.keywords.ChannelProductsDataKeywords.visitChannelWiseProductsData is PASSED&#xD;
&#xD;
2019-07-09 15:29:21 - [TEST_STEP][PASSED] - tap(findTestObject("ShopOpen/RemainingCategories/SubmitButton", ["package":PACKAGENAME]), 0): Tapped on element 'Object Repository/ShopOpen/RemainingCategories/SubmitButton'&#xD;
&#xD;
2019-07-09 15:29:21 - [MESSAGE][WARNING] - Timeout '0' is invalid. Using default page load timeout: '6'&#xD;
&#xD;
2019-07-09 15:29:22 - [MESSAGE][PASSED] - Tapped on element 'Object Repository/ShopOpen/RemainingCategories/SubmitButton'&#xD;
&#xD;
2019-07-09 15:29:22 - [TEST_STEP][PASSED] - verifyElementText(findTestObject("ShopOpen/RemainingCategories/Validate_ProductCategoryAssetScreen", ["package":PACKAGENAME]), "Facing"): Actual text and expected text of test object 'Object Repository/ShopOpen/RemainingCategories/Validate_ProductCategoryAssetScreen' are matched.&#xD;
&#xD;
2019-07-09 15:29:23 - [MESSAGE][PASSED] - Actual text and expected text of test object 'Object Repository/ShopOpen/RemainingCategories/Validate_ProductCategoryAssetScreen' are matched.&#xD;
&#xD;
2019-07-09 15:29:23 - [TEST_STEP][PASSED] - qa.keywords.CommonKeywords.visitPlanogramImageViewButton(): qa.keywords.CommonKeywords.visitPlanogramImageViewButton is PASSED&#xD;
&#xD;
2019-07-09 15:29:25 - [MESSAGE][WARNING] - Timeout '0' is invalid. Using default page load timeout: '6'&#xD;
&#xD;
2019-07-09 15:29:32 - [MESSAGE][WARNING] - Object Object Repository/CommonScreenElements/InfoPopUp_OKButton not found&#xD;
[[ATTACHMENT|F:\\Git Projects\\MMAPlus\\MMAPlus\\Reports\\MMA Plus Merchandising\\MMA Plus Merchandising With Data Verification\\20190709_143621\\1562668171628.png]]&#xD;
&#xD;
2019-07-09 15:29:33 - [MESSAGE][PASSED] - qa.keywords.CommonKeywords.visitPlanogramImageViewButton is PASSED&#xD;
&#xD;
2019-07-09 15:29:33 - [TEST_STEP][PASSED] - verifyElementText(findTestObject("ShopOpen/RemainingCategories/Validate_ProductCategoryAssetScreen", ["package":PACKAGENAME]), "Facing"): Actual text and expected text of test object 'Object Repository/ShopOpen/RemainingCategories/Validate_ProductCategoryAssetScreen' are matched.&#xD;
&#xD;
2019-07-09 15:29:34 - [MESSAGE][PASSED] - Actual text and expected text of test object 'Object Repository/ShopOpen/RemainingCategories/Validate_ProductCategoryAssetScreen' are matched.&#xD;
&#xD;
2019-07-09 15:29:34 - [TEST_STEP][PASSED] - qa.keywords.CommonKeywords.visitPictureImageViewButton(): qa.keywords.CommonKeywords.visitPictureImageViewButton is PASSED&#xD;
&#xD;
2019-07-09 15:29:38 - [MESSAGE][WARNING] - Timeout '0' is invalid. Using default page load timeout: '6'&#xD;
&#xD;
2019-07-09 15:29:39 - [MESSAGE][PASSED] - Element 'Object Repository/CommonScreenElements/Validate_CameraScreen' is exist&#xD;
&#xD;
2019-07-09 15:29:39 - [MESSAGE][WARNING] - Timeout '0' is invalid. Using default page load timeout: '6'&#xD;
&#xD;
2019-07-09 15:29:42 - [MESSAGE][PASSED] - Tapped on element 'Object Repository/CommonScreenElements/Camera_TakePictureButton'&#xD;
&#xD;
2019-07-09 15:29:47 - [MESSAGE][PASSED] - Delayed 5 second(s)&#xD;
&#xD;
2019-07-09 15:29:47 - [MESSAGE][WARNING] - Timeout '0' is invalid. Using default page load timeout: '6'&#xD;
&#xD;
2019-07-09 15:29:48 - [MESSAGE][PASSED] - Tapped on element 'Object Repository/CommonScreenElements/Camera_DoneButton'&#xD;
&#xD;
2019-07-09 15:29:48 - [MESSAGE][PASSED] - qa.keywords.CommonKeywords.visitPictureImageViewButton is PASSED&#xD;
&#xD;
2019-07-09 15:29:48 - [TEST_STEP][PASSED] - verifyElementText(findTestObject("ShopOpen/RemainingCategories/Validate_ProductCategoryAssetScreen", ["package":PACKAGENAME]), "Facing"): Actual text and expected text of test object 'Object Repository/ShopOpen/RemainingCategories/Validate_ProductCategoryAssetScreen' are matched.&#xD;
&#xD;
2019-07-09 15:29:49 - [MESSAGE][PASSED] - Actual text and expected text of test object 'Object Repository/ShopOpen/RemainingCategories/Validate_ProductCategoryAssetScreen' are matched.&#xD;
&#xD;
2019-07-09 15:29:49 - [TEST_STEP][PASSED] - qa.keywords.CommonKeywords.visitBackImageViewButton(): qa.keywords.CommonKeywords.visitBackImageViewButton is PASSED&#xD;
&#xD;
2019-07-09 15:29:50 - [MESSAGE][PASSED] - qa.keywords.CommonKeywords.visitBackImageViewButton is PASSED&#xD;
&#xD;
2019-07-09 15:29:50 - [TEST_STEP][PASSED] - verifyElementExist(findTestObject("ShopOpen/Validate_ShopCategoriesListScreen", ["package":PACKAGENAME]), 0): Element 'Object Repository/ShopOpen/Validate_ShopCategoriesListScreen' is exist&#xD;
&#xD;
2019-07-09 15:29:50 - [MESSAGE][WARNING] - Timeout '0' is invalid. Using default page load timeout: '6'&#xD;
&#xD;
2019-07-09 15:29:52 - [MESSAGE][PASSED] - Element 'Object Repository/ShopOpen/Validate_ShopCategoriesListScreen' is exist&#xD;
&#xD;
2019-07-09 15:29:52 - [MESSAGE][PASSED] - Call Test Case 'Test Cases/ShopOpen/RemainingCategories/VisitRemainingCategoriesWithDSA' successfully&#xD;
&#xD;
2019-07-09 15:29:57 - [MESSAGE][WARNING] - Timeout '0' is invalid. Using default page load timeout: '6'&#xD;
&#xD;
2019-07-09 15:30:05 - [MESSAGE][WARNING] - Element 'Object Repository/CommonScreenElements/Validate_CameraScreen' not found&#xD;
[[ATTACHMENT|F:\\Git Projects\\MMAPlus\\MMAPlus\\Reports\\MMA Plus Merchandising\\MMA Plus Merchandising With Data Verification\\20190709_143621\\1562668204281.png]]&#xD;
&#xD;
2019-07-09 15:30:05 - [MESSAGE][PASSED] - Actual text and expected text of test object 'Object Repository/ShopOpen/RemainingCategories/Validate_MainCategoryDetailScreen' are matched.&#xD;
&#xD;
2019-07-09 15:30:06 - [TEST_CASE][PASSED] - Test Cases/ShopOpen/RemainingCategories/VisitRemainingCategoriesWithDSA: Test Cases/ShopOpen/RemainingCategories/VisitRemainingCategoriesWithDSA&#xD;
&#xD;
2019-07-09 15:30:06 - [TEST_STEP][PASSED] - verifyElementText(findTestObject("ShopOpen/RemainingCategories/Validate_ProductCategoryAssetScreen", ["package":PACKAGENAME]), "Facing"): Actual text and expected text of test object 'Object Repository/ShopOpen/RemainingCategories/Validate_ProductCategoryAssetScreen' are matched.&#xD;
&#xD;
2019-07-09 15:30:08 - [MESSAGE][PASSED] - Actual text and expected text of test object 'Object Repository/ShopOpen/RemainingCategories/Validate_ProductCategoryAssetScreen' are matched.&#xD;
&#xD;
2019-07-09 15:30:08 - [TEST_STEP][PASSED] - tap(findTestObject("ShopOpen/RemainingCategories/Facing", ["package":PACKAGENAME]), 0): Tapped on element 'Object Repository/ShopOpen/RemainingCategories/Facing'&#xD;
&#xD;
2019-07-09 15:30:08 - [MESSAGE][WARNING] - Timeout '0' is invalid. Using default page load timeout: '6'&#xD;
&#xD;
2019-07-09 15:30:08 - [MESSAGE][PASSED] - Tapped on element 'Object Repository/ShopOpen/RemainingCategories/Facing'&#xD;
&#xD;
2019-07-09 15:30:08 - [TEST_STEP][PASSED] - verifyElementText(findTestObject("ShopOpen/RemainingCategories/Validate_FacingScreen", ["package":PACKAGENAME]), "Facing"): Actual text and expected text of test object 'Object Repository/ShopOpen/RemainingCategories/Validate_FacingScreen' are matched.&#xD;
&#xD;
2019-07-09 15:30:10 - [MESSAGE][PASSED] - Actual text and expected text of test object 'Object Repository/ShopOpen/RemainingCategories/Validate_FacingScreen' are matched.&#xD;
&#xD;
2019-07-09 15:30:10 - [TEST_STEP][PASSED] - qa.keywords.ChannelProductsDataKeywords.visitChannelWiseProductsData(CHANNEL_DSA_FACING, "Facing"): qa.keywords.ChannelProductsDataKeywords.visitChannelWiseProductsData is PASSED&#xD;
&#xD;
2019-07-09 15:30:14 - [MESSAGE][PASSED] - Keyboard is hidden&#xD;
&#xD;
2019-07-09 15:30:17 - [MESSAGE][PASSED] - Keyboard is hidden&#xD;
&#xD;
2019-07-09 15:30:20 - [MESSAGE][PASSED] - Keyboard is hidden&#xD;
&#xD;
2019-07-09 15:30:23 - [MESSAGE][PASSED] - qa.keywords.ChannelProductsDataKeywords.visitChannelWiseProductsData is PASSED&#xD;
&#xD;
2019-07-09 15:30:23 - [TEST_STEP][PASSED] - tap(findTestObject("ShopOpen/RemainingCategories/SubmitButton", ["package":PACKAGENAME]), 0): Tapped on element 'Object Repository/ShopOpen/RemainingCategories/SubmitButton'&#xD;
&#xD;
2019-07-09 15:30:23 - [MESSAGE][WARNING] - Timeout '0' is invalid. Using default page load timeout: '6'&#xD;
&#xD;
2019-07-09 15:30:23 - [MESSAGE][PASSED] - Tapped on element 'Object Repository/ShopOpen/RemainingCategories/SubmitButton'&#xD;
&#xD;
2019-07-09 15:30:23 - [TEST_STEP][PASSED] - verifyElementText(findTestObject("ShopOpen/RemainingCategories/Validate_ProductCategoryAssetScreen", ["package":PACKAGENAME]), "Facing"): Actual text and expected text of test object 'Object Repository/ShopOpen/RemainingCategories/Validate_ProductCategoryAssetScreen' are matched.&#xD;
&#xD;
2019-07-09 15:30:24 - [MESSAGE][PASSED] - Actual text and expected text of test object 'Object Repository/ShopOpen/RemainingCategories/Validate_ProductCategoryAssetScreen' are matched.&#xD;
&#xD;
2019-07-09 15:30:24 - [TEST_STEP][PASSED] - tap(findTestObject("ShopOpen/RemainingCategories/StockTaking", ["package":PACKAGENAME]), 0): Tapped on element 'Object Repository/ShopOpen/RemainingCategories/StockTaking'&#xD;
&#xD;
2019-07-09 15:30:24 - [MESSAGE][WARNING] - Timeout '0' is invalid. Using default page load timeout: '6'&#xD;
&#xD;
2019-07-09 15:30:25 - [MESSAGE][PASSED] - Tapped on element 'Object Repository/ShopOpen/RemainingCategories/StockTaking'&#xD;
&#xD;
2019-07-09 15:30:25 - [TEST_STEP][PASSED] - verifyElementText(findTestObject("ShopOpen/RemainingCategories/Validate_StockTakingScreen", ["package":PACKAGENAME]), "Stock Taking"): Actual text and expected text of test object 'Object Repository/ShopOpen/RemainingCategories/Validate_StockTakingScreen' are matched.&#xD;
&#xD;
2019-07-09 15:30:27 - [MESSAGE][PASSED] - Actual text and expected text of test object 'Object Repository/ShopOpen/RemainingCategories/Validate_StockTakingScreen' are matched.&#xD;
&#xD;
2019-07-09 15:30:27 - [TEST_STEP][PASSED] - qa.keywords.ChannelProductsDataKeywords.visitChannelWiseProductsData(CHANNEL_DSA_STOCKTAKING, "Stock Taking"): qa.keywords.ChannelProductsDataKeywords.visitChannelWiseProductsData is PASSED&#xD;
&#xD;
2019-07-09 15:30:31 - [MESSAGE][PASSED] - Keyboard is hidden&#xD;
&#xD;
2019-07-09 15:30:34 - [MESSAGE][PASSED] - Keyboard is hidden&#xD;
&#xD;
2019-07-09 15:30:37 - [MESSAGE][PASSED] - Keyboard is hidden&#xD;
&#xD;
2019-07-09 15:30:39 - [MESSAGE][PASSED] - qa.keywords.ChannelProductsDataKeywords.visitChannelWiseProductsData is PASSED&#xD;
&#xD;
2019-07-09 15:30:39 - [TEST_STEP][PASSED] - tap(findTestObject("ShopOpen/RemainingCategories/SubmitButton", ["package":PACKAGENAME]), 0): Tapped on element 'Object Repository/ShopOpen/RemainingCategories/SubmitButton'&#xD;
&#xD;
2019-07-09 15:30:39 - [MESSAGE][WARNING] - Timeout '0' is invalid. Using default page load timeout: '6'&#xD;
&#xD;
2019-07-09 15:30:40 - [MESSAGE][PASSED] - Tapped on element 'Object Repository/ShopOpen/RemainingCategories/SubmitButton'&#xD;
&#xD;
2019-07-09 15:30:40 - [TEST_STEP][PASSED] - verifyElementText(findTestObject("ShopOpen/RemainingCategories/Validate_ProductCategoryAssetScreen", ["package":PACKAGENAME]), "Facing"): Actual text and expected text of test object 'Object Repository/ShopOpen/RemainingCategories/Validate_ProductCategoryAssetScreen' are matched.&#xD;
&#xD;
2019-07-09 15:30:41 - [MESSAGE][PASSED] - Actual text and expected text of test object 'Object Repository/ShopOpen/RemainingCategories/Validate_ProductCategoryAssetScreen' are matched.&#xD;
&#xD;
2019-07-09 15:30:41 - [TEST_STEP][PASSED] - qa.keywords.CommonKeywords.visitPlanogramImageViewButton(): qa.keywords.CommonKeywords.visitPlanogramImageViewButton is PASSED&#xD;
&#xD;
2019-07-09 15:30:43 - [MESSAGE][WARNING] - Timeout '0' is invalid. Using default page load timeout: '6'&#xD;
&#xD;
2019-07-09 15:30:50 - [MESSAGE][WARNING] - Object Object Repository/CommonScreenElements/InfoPopUp_OKButton not found&#xD;
[[ATTACHMENT|F:\\Git Projects\\MMAPlus\\MMAPlus\\Reports\\MMA Plus Merchandising\\MMA Plus Merchandising With Data Verification\\20190709_143621\\1562668249644.png]]&#xD;
&#xD;
2019-07-09 15:30:51 - [MESSAGE][PASSED] - qa.keywords.CommonKeywords.visitPlanogramImageViewButton is PASSED&#xD;
&#xD;
2019-07-09 15:30:51 - [TEST_STEP][PASSED] - verifyElementText(findTestObject("ShopOpen/RemainingCategories/Validate_ProductCategoryAssetScreen", ["package":PACKAGENAME]), "Facing"): Actual text and expected text of test object 'Object Repository/ShopOpen/RemainingCategories/Validate_ProductCategoryAssetScreen' are matched.&#xD;
&#xD;
2019-07-09 15:30:52 - [MESSAGE][PASSED] - Actual text and expected text of test object 'Object Repository/ShopOpen/RemainingCategories/Validate_ProductCategoryAssetScreen' are matched.&#xD;
&#xD;
2019-07-09 15:30:52 - [TEST_STEP][PASSED] - qa.keywords.CommonKeywords.visitPictureImageViewButton(): qa.keywords.CommonKeywords.visitPictureImageViewButton is PASSED&#xD;
&#xD;
2019-07-09 15:30:55 - [MESSAGE][WARNING] - Timeout '0' is invalid. Using default page load timeout: '6'&#xD;
&#xD;
2019-07-09 15:30:56 - [MESSAGE][PASSED] - Element 'Object Repository/CommonScreenElements/Validate_CameraScreen' is exist&#xD;
&#xD;
2019-07-09 15:30:56 - [MESSAGE][WARNING] - Timeout '0' is invalid. Using default page load timeout: '6'&#xD;
&#xD;
2019-07-09 15:31:00 - [MESSAGE][PASSED] - Tapped on element 'Object Repository/CommonScreenElements/Camera_TakePictureButton'&#xD;
&#xD;
2019-07-09 15:31:05 - [MESSAGE][PASSED] - Delayed 5 second(s)&#xD;
&#xD;
2019-07-09 15:31:05 - [MESSAGE][WARNING] - Timeout '0' is invalid. Using default page load timeout: '6'&#xD;
&#xD;
2019-07-09 15:31:05 - [MESSAGE][PASSED] - Tapped on element 'Object Repository/CommonScreenElements/Camera_DoneButton'&#xD;
&#xD;
2019-07-09 15:31:05 - [MESSAGE][PASSED] - qa.keywords.CommonKeywords.visitPictureImageViewButton is PASSED&#xD;
&#xD;
2019-07-09 15:31:05 - [TEST_STEP][PASSED] - verifyElementText(findTestObject("ShopOpen/RemainingCategories/Validate_ProductCategoryAssetScreen", ["package":PACKAGENAME]), "Facing"): Actual text and expected text of test object 'Object Repository/ShopOpen/RemainingCategories/Validate_ProductCategoryAssetScreen' are matched.&#xD;
&#xD;
2019-07-09 15:31:06 - [MESSAGE][PASSED] - Actual text and expected text of test object 'Object Repository/ShopOpen/RemainingCategories/Validate_ProductCategoryAssetScreen' are matched.&#xD;
&#xD;
2019-07-09 15:31:06 - [TEST_STEP][PASSED] - qa.keywords.CommonKeywords.visitBackImageViewButton(): qa.keywords.CommonKeywords.visitBackImageViewButton is PASSED&#xD;
&#xD;
2019-07-09 15:31:07 - [MESSAGE][PASSED] - qa.keywords.CommonKeywords.visitBackImageViewButton is PASSED&#xD;
&#xD;
2019-07-09 15:31:07 - [TEST_STEP][PASSED] - verifyElementExist(findTestObject("ShopOpen/Validate_ShopCategoriesListScreen", ["package":PACKAGENAME]), 0): Element 'Object Repository/ShopOpen/Validate_ShopCategoriesListScreen' is exist&#xD;
&#xD;
2019-07-09 15:31:07 - [MESSAGE][WARNING] - Timeout '0' is invalid. Using default page load timeout: '6'&#xD;
&#xD;
2019-07-09 15:31:09 - [MESSAGE][PASSED] - Element 'Object Repository/ShopOpen/Validate_ShopCategoriesListScreen' is exist&#xD;
&#xD;
2019-07-09 15:31:09 - [MESSAGE][PASSED] - Call Test Case 'Test Cases/ShopOpen/RemainingCategories/VisitRemainingCategoriesWithDSA' successfully&#xD;
&#xD;
2019-07-09 15:31:14 - [TEST_CASE][PASSED] - Test Cases/ShopOpen/CompetitionTracking/VisitCompetitionTracking: Test Cases/ShopOpen/CompetitionTracking/VisitCompetitionTracking&#xD;
&#xD;
2019-07-09 15:31:14 - [TEST_STEP][PASSED] - verifyElementExist(findTestObject("ShopOpen/CompetitionTracking/Validate_CompetitionTrackingScreen", ["package":PACKAGENAME]), 0): Element 'Object Repository/ShopOpen/CompetitionTracking/Validate_CompetitionTrackingScreen' is exist&#xD;
&#xD;
2019-07-09 15:31:14 - [MESSAGE][WARNING] - Timeout '0' is invalid. Using default page load timeout: '6'&#xD;
&#xD;
2019-07-09 15:31:16 - [MESSAGE][PASSED] - Element 'Object Repository/ShopOpen/CompetitionTracking/Validate_CompetitionTrackingScreen' is exist&#xD;
&#xD;
2019-07-09 15:31:16 - [TEST_STEP][PASSED] - qa.keywords.CompetitionTrackingKeywords.visitCompetitiontrackingProducts(): qa.keywords.CompetitionTrackingKeywords.visitCompetitiontrackingProducts is PASSED&#xD;
&#xD;
2019-07-09 15:31:20 - [MESSAGE][PASSED] - Keyboard is hidden&#xD;
&#xD;
2019-07-09 15:31:22 - [MESSAGE][PASSED] - Keyboard is hidden&#xD;
&#xD;
2019-07-09 15:31:24 - [MESSAGE][PASSED] - Keyboard is hidden&#xD;
&#xD;
2019-07-09 15:31:26 - [MESSAGE][PASSED] - Keyboard is hidden&#xD;
&#xD;
2019-07-09 15:31:26 - [MESSAGE][PASSED] - qa.keywords.CompetitionTrackingKeywords.visitCompetitiontrackingProducts is PASSED&#xD;
&#xD;
2019-07-09 15:31:26 - [TEST_STEP][PASSED] - pressBack(): Press back button successfully&#xD;
&#xD;
2019-07-09 15:31:27 - [MESSAGE][PASSED] - Press back button successfully&#xD;
&#xD;
2019-07-09 15:31:27 - [TEST_STEP][PASSED] - verifyElementExist(findTestObject("ShopOpen/Validate_ShopCategoriesListScreen", ["package":PACKAGENAME]), 0): Element 'Object Repository/ShopOpen/Validate_ShopCategoriesListScreen' is exist&#xD;
&#xD;
2019-07-09 15:31:27 - [MESSAGE][WARNING] - Timeout '0' is invalid. Using default page load timeout: '6'&#xD;
&#xD;
2019-07-09 15:31:28 - [MESSAGE][PASSED] - Element 'Object Repository/ShopOpen/Validate_ShopCategoriesListScreen' is exist&#xD;
&#xD;
2019-07-09 15:31:28 - [MESSAGE][PASSED] - Call Test Case 'Test Cases/ShopOpen/CompetitionTracking/VisitCompetitionTracking' successfully&#xD;
&#xD;
2019-07-09 15:31:28 - [MESSAGE][PASSED] - Swiped from 0,200 to 0,750&#xD;
&#xD;
2019-07-09 15:31:34 - [TEST_CASE][PASSED] - Test Cases/ShopOpen/RTMVisitFrequency/VisitRTMVisitFrequency: Test Cases/ShopOpen/RTMVisitFrequency/VisitRTMVisitFrequency&#xD;
&#xD;
2019-07-09 15:31:34 - [TEST_STEP][PASSED] - verifyElementText(findTestObject("ShopOpen/RTMVisitFrequency/Validate_RTMVisitFrequencyScreen", ["package":PACKAGENAME]), "Options"): Actual text and expected text of test object 'Object Repository/ShopOpen/RTMVisitFrequency/Validate_RTMVisitFrequencyScreen' are matched.&#xD;
&#xD;
2019-07-09 15:31:36 - [MESSAGE][PASSED] - Actual text and expected text of test object 'Object Repository/ShopOpen/RTMVisitFrequency/Validate_RTMVisitFrequencyScreen' are matched.&#xD;
&#xD;
2019-07-09 15:31:36 - [TEST_STEP][PASSED] - qa.keywords.RTMVisitFrequencyKeywords.visitRTMVisitFrequency(): qa.keywords.RTMVisitFrequencyKeywords.visitRTMVisitFrequency is PASSED&#xD;
&#xD;
2019-07-09 15:31:37 - [MESSAGE][WARNING] - Timeout '0' is invalid. Using default page load timeout: '6'&#xD;
&#xD;
2019-07-09 15:31:39 - [MESSAGE][PASSED] - Element 'Object Repository/ShopOpen/RTMVisitFrequency/Validate_RTMVisitFrequencyRemarks' is exist&#xD;
&#xD;
2019-07-09 15:31:41 - [MESSAGE][PASSED] - Actual text and expected text of test object 'Object Repository/ShopOpen/RTMVisitFrequency/Validate_RTMVisitFrequencyScreen' are matched.&#xD;
&#xD;
2019-07-09 15:31:42 - [MESSAGE][WARNING] - Timeout '0' is invalid. Using default page load timeout: '6'&#xD;
&#xD;
2019-07-09 15:31:44 - [MESSAGE][PASSED] - Element 'Object Repository/ShopOpen/RTMVisitFrequency/Validate_RTMVisitFrequencyRemarks' is exist&#xD;
&#xD;
2019-07-09 15:31:46 - [MESSAGE][PASSED] - Actual text and expected text of test object 'Object Repository/ShopOpen/RTMVisitFrequency/Validate_RTMVisitFrequencyScreen' are matched.&#xD;
&#xD;
2019-07-09 15:31:46 - [MESSAGE][WARNING] - Timeout '0' is invalid. Using default page load timeout: '6'&#xD;
&#xD;
2019-07-09 15:31:48 - [MESSAGE][PASSED] - Element 'Object Repository/ShopOpen/RTMVisitFrequency/Validate_RTMVisitFrequencyRemarks' is exist&#xD;
&#xD;
2019-07-09 15:31:50 - [MESSAGE][PASSED] - Actual text and expected text of test object 'Object Repository/ShopOpen/RTMVisitFrequency/Validate_RTMVisitFrequencyScreen' are matched.&#xD;
&#xD;
2019-07-09 15:31:50 - [MESSAGE][WARNING] - Timeout '0' is invalid. Using default page load timeout: '6'&#xD;
&#xD;
2019-07-09 15:31:52 - [MESSAGE][PASSED] - Element 'Object Repository/ShopOpen/RTMVisitFrequency/Validate_RTMVisitFrequencyRemarks' is exist&#xD;
&#xD;
2019-07-09 15:31:54 - [MESSAGE][PASSED] - Actual text and expected text of test object 'Object Repository/ShopOpen/RTMVisitFrequency/Validate_RTMVisitFrequencyScreen' are matched.&#xD;
&#xD;
2019-07-09 15:31:54 - [MESSAGE][PASSED] - qa.keywords.RTMVisitFrequencyKeywords.visitRTMVisitFrequency is PASSED&#xD;
&#xD;
2019-07-09 15:31:54 - [TEST_STEP][PASSED] - tap(findTestObject("ShopOpen/RTMVisitFrequency/BackButton", ["package":PACKAGENAME]), 0): Tapped on element 'Object Repository/ShopOpen/RTMVisitFrequency/BackButton'&#xD;
&#xD;
2019-07-09 15:31:54 - [MESSAGE][WARNING] - Timeout '0' is invalid. Using default page load timeout: '6'&#xD;
&#xD;
2019-07-09 15:31:54 - [MESSAGE][PASSED] - Tapped on element 'Object Repository/ShopOpen/RTMVisitFrequency/BackButton'&#xD;
&#xD;
2019-07-09 15:31:54 - [TEST_STEP][PASSED] - verifyElementExist(findTestObject("ShopOpen/Validate_ShopCategoriesListScreen", ["package":PACKAGENAME]), 0): Element 'Object Repository/ShopOpen/Validate_ShopCategoriesListScreen' is exist&#xD;
&#xD;
2019-07-09 15:31:54 - [MESSAGE][WARNING] - Timeout '0' is invalid. Using default page load timeout: '6'&#xD;
&#xD;
2019-07-09 15:31:56 - [MESSAGE][PASSED] - Element 'Object Repository/ShopOpen/Validate_ShopCategoriesListScreen' is exist&#xD;
&#xD;
2019-07-09 15:31:56 - [MESSAGE][PASSED] - Call Test Case 'Test Cases/ShopOpen/RTMVisitFrequency/VisitRTMVisitFrequency' successfully&#xD;
&#xD;
2019-07-09 15:32:01 - [TEST_CASE][PASSED] - Test Cases/ShopOpen/POPApplication/OverwritePOPApplication: Test Cases/ShopOpen/POPApplication/OverwritePOPApplication&#xD;
&#xD;
2019-07-09 15:32:01 - [TEST_STEP][PASSED] - verifyElementText(findTestObject("ShopOpen/POPApplication/Validate_POPApplicationDetailScreen", ["package":PACKAGENAME]), "KPI :POP Application"): Actual text and expected text of test object 'Object Repository/ShopOpen/POPApplication/Validate_POPApplicationDetailScreen' are matched.&#xD;
&#xD;
2019-07-09 15:32:03 - [MESSAGE][PASSED] - Actual text and expected text of test object 'Object Repository/ShopOpen/POPApplication/Validate_POPApplicationDetailScreen' are matched.&#xD;
&#xD;
2019-07-09 15:32:03 - [TEST_STEP][PASSED] - tap(findTestObject("ShopOpen/POPApplication/POPDeployment_No", ["package":PACKAGENAME]), 0): Tapped on element 'Object Repository/ShopOpen/POPApplication/POPDeployment_No'&#xD;
&#xD;
2019-07-09 15:32:03 - [MESSAGE][WARNING] - Timeout '0' is invalid. Using default page load timeout: '6'&#xD;
&#xD;
2019-07-09 15:32:03 - [MESSAGE][PASSED] - Tapped on element 'Object Repository/ShopOpen/POPApplication/POPDeployment_No'&#xD;
&#xD;
2019-07-09 15:32:03 - [TEST_STEP][PASSED] - pressBack(): Press back button successfully&#xD;
&#xD;
2019-07-09 15:32:04 - [MESSAGE][PASSED] - Press back button successfully&#xD;
&#xD;
2019-07-09 15:32:04 - [TEST_STEP][PASSED] - verifyElementExist(findTestObject("ShopOpen/Validate_ShopCategoriesListScreen", ["package":PACKAGENAME]), 0): Element 'Object Repository/ShopOpen/Validate_ShopCategoriesListScreen' is exist&#xD;
&#xD;
2019-07-09 15:32:04 - [MESSAGE][WARNING] - Timeout '0' is invalid. Using default page load timeout: '6'&#xD;
&#xD;
2019-07-09 15:32:05 - [MESSAGE][PASSED] - Element 'Object Repository/ShopOpen/Validate_ShopCategoriesListScreen' is exist&#xD;
&#xD;
2019-07-09 15:32:05 - [MESSAGE][PASSED] - Call Test Case 'Test Cases/ShopOpen/POPApplication/OverwritePOPApplication' successfully&#xD;
&#xD;
2019-07-09 15:32:10 - [TEST_CASE][PASSED] - Test Cases/ShopOpen/RetailerRemarks/VisitRetailerRemarks: Test Cases/ShopOpen/RetailerRemarks/VisitRetailerRemarks&#xD;
&#xD;
2019-07-09 15:32:10 - [TEST_STEP][PASSED] - verifyElementText(findTestObject("ShopOpen/RetailerRemarks/Validate_RetailerRemarksScreen", ["package":PACKAGENAME]), "KPI: Retailer Remarks"): Actual text and expected text of test object 'Object Repository/ShopOpen/RetailerRemarks/Validate_RetailerRemarksScreen' are matched.&#xD;
&#xD;
2019-07-09 15:32:12 - [MESSAGE][PASSED] - Actual text and expected text of test object 'Object Repository/ShopOpen/RetailerRemarks/Validate_RetailerRemarksScreen' are matched.&#xD;
&#xD;
2019-07-09 15:32:12 - [TEST_STEP][PASSED] - qa.keywords.RetailerRemarksKeywords.visitRetailerRemarks(): qa.keywords.RetailerRemarksKeywords.visitRetailerRemarks is PASSED&#xD;
&#xD;
2019-07-09 15:32:13 - [MESSAGE][WARNING] - Timeout '0' is invalid. Using default page load timeout: '6'&#xD;
&#xD;
2019-07-09 15:32:15 - [MESSAGE][PASSED] - Element 'Object Repository/ShopOpen/RetailerRemarks/Validate_RetailerRemarks_RemarksScreen' is exist&#xD;
&#xD;
2019-07-09 15:32:17 - [MESSAGE][PASSED] - Press back button successfully&#xD;
&#xD;
2019-07-09 15:32:18 - [MESSAGE][PASSED] - Actual text and expected text of test object 'Object Repository/ShopOpen/RetailerRemarks/Validate_RetailerRemarksScreen' are matched.&#xD;
&#xD;
2019-07-09 15:32:18 - [MESSAGE][WARNING] - Timeout '0' is invalid. Using default page load timeout: '6'&#xD;
&#xD;
2019-07-09 15:32:21 - [MESSAGE][PASSED] - Element 'Object Repository/ShopOpen/RetailerRemarks/Validate_RetailerRemarks_RemarksScreen' is exist&#xD;
&#xD;
2019-07-09 15:32:23 - [MESSAGE][PASSED] - Press back button successfully&#xD;
&#xD;
2019-07-09 15:32:24 - [MESSAGE][PASSED] - Actual text and expected text of test object 'Object Repository/ShopOpen/RetailerRemarks/Validate_RetailerRemarksScreen' are matched.&#xD;
&#xD;
2019-07-09 15:32:24 - [MESSAGE][WARNING] - Timeout '0' is invalid. Using default page load timeout: '6'&#xD;
&#xD;
2019-07-09 15:32:27 - [MESSAGE][PASSED] - Element 'Object Repository/ShopOpen/RetailerRemarks/Validate_RetailerRemarks_RemarksScreen' is exist&#xD;
&#xD;
2019-07-09 15:32:29 - [MESSAGE][PASSED] - Press back button successfully&#xD;
&#xD;
2019-07-09 15:32:30 - [MESSAGE][PASSED] - Actual text and expected text of test object 'Object Repository/ShopOpen/RetailerRemarks/Validate_RetailerRemarksScreen' are matched.&#xD;
&#xD;
2019-07-09 15:32:30 - [MESSAGE][PASSED] - qa.keywords.RetailerRemarksKeywords.visitRetailerRemarks is PASSED&#xD;
&#xD;
2019-07-09 15:32:30 - [TEST_STEP][PASSED] - tap(findTestObject("ShopOpen/RetailerRemarks/BackButton", ["package":PACKAGENAME]), 0): Tapped on element 'Object Repository/ShopOpen/RetailerRemarks/BackButton'&#xD;
&#xD;
2019-07-09 15:32:30 - [MESSAGE][WARNING] - Timeout '0' is invalid. Using default page load timeout: '6'&#xD;
&#xD;
2019-07-09 15:32:30 - [MESSAGE][PASSED] - Tapped on element 'Object Repository/ShopOpen/RetailerRemarks/BackButton'&#xD;
&#xD;
2019-07-09 15:32:30 - [TEST_STEP][PASSED] - verifyElementExist(findTestObject("ShopOpen/Validate_ShopCategoriesListScreen", ["package":PACKAGENAME]), 0): Element 'Object Repository/ShopOpen/Validate_ShopCategoriesListScreen' is exist&#xD;
&#xD;
2019-07-09 15:32:30 - [MESSAGE][WARNING] - Timeout '0' is invalid. Using default page load timeout: '6'&#xD;
&#xD;
2019-07-09 15:32:32 - [MESSAGE][PASSED] - Element 'Object Repository/ShopOpen/Validate_ShopCategoriesListScreen' is exist&#xD;
&#xD;
2019-07-09 15:32:32 - [MESSAGE][PASSED] - Call Test Case 'Test Cases/ShopOpen/RetailerRemarks/VisitRetailerRemarks' successfully&#xD;
&#xD;
2019-07-09 15:32:43 - [TEST_CASE][PASSED] - Test Cases/ShopOpen/AdditionalPicture/VisitAdditionalPicture: Test Cases/ShopOpen/AdditionalPicture/VisitAdditionalPicture&#xD;
&#xD;
2019-07-09 15:32:43 - [TEST_STEP][PASSED] - verifyElementText(findTestObject("ShopOpen/AdditionalPicture/Validate_AdditionalPictureScreen", ["package":PACKAGENAME]), "Additional Picture"): Actual text and expected text of test object 'Object Repository/ShopOpen/AdditionalPicture/Validate_AdditionalPictureScreen' are matched.&#xD;
&#xD;
2019-07-09 15:32:45 - [MESSAGE][PASSED] - Actual text and expected text of test object 'Object Repository/ShopOpen/AdditionalPicture/Validate_AdditionalPictureScreen' are matched.&#xD;
&#xD;
2019-07-09 15:32:45 - [TEST_STEP][PASSED] - qa.keywords.AdditionalPictureKeywords.takeMendatoryImages(): qa.keywords.AdditionalPictureKeywords.takeMendatoryImages is PASSED&#xD;
&#xD;
2019-07-09 15:32:46 - [MESSAGE][WARNING] - Timeout '0' is invalid. Using default page load timeout: '6'&#xD;
&#xD;
2019-07-09 15:32:48 - [MESSAGE][PASSED] - Element 'Object Repository/CommonScreenElements/Validate_CameraScreen' is exist&#xD;
&#xD;
2019-07-09 15:32:48 - [MESSAGE][WARNING] - Timeout '0' is invalid. Using default page load timeout: '6'&#xD;
&#xD;
2019-07-09 15:32:51 - [MESSAGE][PASSED] - Tapped on element 'Object Repository/CommonScreenElements/Camera_TakePictureButton'&#xD;
&#xD;
2019-07-09 15:32:56 - [MESSAGE][PASSED] - Delayed 5 second(s)&#xD;
&#xD;
2019-07-09 15:32:56 - [MESSAGE][WARNING] - Timeout '0' is invalid. Using default page load timeout: '6'&#xD;
&#xD;
2019-07-09 15:32:57 - [MESSAGE][PASSED] - Tapped on element 'Object Repository/CommonScreenElements/Camera_DoneButton'&#xD;
&#xD;
2019-07-09 15:32:57 - [MESSAGE][PASSED] - qa.keywords.AdditionalPictureKeywords.takeMendatoryImages is PASSED&#xD;
&#xD;
2019-07-09 15:32:57 - [TEST_STEP][PASSED] - pressBack(): Press back button successfully&#xD;
&#xD;
2019-07-09 15:32:58 - [MESSAGE][PASSED] - Press back button successfully&#xD;
&#xD;
2019-07-09 15:32:58 - [TEST_STEP][PASSED] - verifyElementExist(findTestObject("ShopOpen/Validate_ShopCategoriesListScreen", ["package":PACKAGENAME]), 0): Element 'Object Repository/ShopOpen/Validate_ShopCategoriesListScreen' is exist&#xD;
&#xD;
2019-07-09 15:32:58 - [MESSAGE][WARNING] - Timeout '0' is invalid. Using default page load timeout: '6'&#xD;
&#xD;
2019-07-09 15:33:00 - [MESSAGE][PASSED] - Element 'Object Repository/ShopOpen/Validate_ShopCategoriesListScreen' is exist&#xD;
&#xD;
2019-07-09 15:33:00 - [MESSAGE][PASSED] - Call Test Case 'Test Cases/ShopOpen/AdditionalPicture/VisitAdditionalPicture' successfully&#xD;
&#xD;
2019-07-09 15:33:09 - [MESSAGE][WARNING] - Timeout '0' is invalid. Using default page load timeout: '6'&#xD;
&#xD;
2019-07-09 15:33:17 - [MESSAGE][WARNING] - Element 'Object Repository/CommonScreenElements/Validate_CameraScreen' not found&#xD;
[[ATTACHMENT|F:\\Git Projects\\MMAPlus\\MMAPlus\\Reports\\MMA Plus Merchandising\\MMA Plus Merchandising With Data Verification\\20190709_143621\\1562668396252.png]]&#xD;
&#xD;
2019-07-09 15:33:17 - [TEST_CASE][PASSED] - Test Cases/ShopOpen/Survey/visitSurveyCategories: Test Cases/ShopOpen/Survey/visitSurveyCategories&#xD;
&#xD;
2019-07-09 15:33:17 - [TEST_STEP][PASSED] - verifyElementText(findTestObject("ShopOpen/Survey/Validate_QuestionCategoriesScreen", ["package":PACKAGENAME]), "Question Category"): Actual text and expected text of test object 'Object Repository/ShopOpen/Survey/Validate_QuestionCategoriesScreen' are matched.&#xD;
&#xD;
2019-07-09 15:33:18 - [MESSAGE][PASSED] - Actual text and expected text of test object 'Object Repository/ShopOpen/Survey/Validate_QuestionCategoriesScreen' are matched.&#xD;
&#xD;
2019-07-09 15:33:18 - [TEST_STEP][PASSED] - qa.keywords.SurveyKeywords.visitQuestionCategories(1): qa.keywords.SurveyKeywords.visitQuestionCategories is PASSED&#xD;
&#xD;
2019-07-09 15:33:20 - [TEST_CASE][PASSED] - Test Cases/ShopOpen/Survey/SurveyQuestions/VisitSurveyQuestions: Test Cases/ShopOpen/Survey/SurveyQuestions/VisitSurveyQuestions&#xD;
&#xD;
2019-07-09 15:33:20 - [TEST_STEP][PASSED] - verifyElementExist(findTestObject("ShopOpen/Survey/Validate_SurveyQuestionsScreen", ["package":PACKAGENAME]), 0): Element 'Object Repository/ShopOpen/Survey/Validate_SurveyQuestionsScreen' is exist&#xD;
&#xD;
2019-07-09 15:33:20 - [MESSAGE][WARNING] - Timeout '0' is invalid. Using default page load timeout: '6'&#xD;
&#xD;
2019-07-09 15:33:22 - [MESSAGE][PASSED] - Element 'Object Repository/ShopOpen/Survey/Validate_SurveyQuestionsScreen' is exist&#xD;
&#xD;
2019-07-09 15:33:22 - [TEST_STEP][PASSED] - qa.keywords.SurveyKeywords.visitSurveyQuestions(): qa.keywords.SurveyKeywords.visitSurveyQuestions is PASSED&#xD;
&#xD;
2019-07-09 15:33:25 - [MESSAGE][PASSED] - Keyboard is hidden&#xD;
&#xD;
2019-07-09 15:33:28 - [MESSAGE][PASSED] - Keyboard is hidden&#xD;
&#xD;
2019-07-09 15:33:31 - [MESSAGE][PASSED] - Keyboard is hidden&#xD;
&#xD;
2019-07-09 15:33:34 - [MESSAGE][PASSED] - Keyboard is hidden&#xD;
&#xD;
2019-07-09 15:33:35 - [MESSAGE][WARNING] - Timeout '0' is invalid. Using default page load timeout: '6'&#xD;
&#xD;
2019-07-09 15:33:36 - [MESSAGE][PASSED] - Element 'Object Repository/ShopOpen/Survey/Validate_RemarksPopup' is exist&#xD;
&#xD;
2019-07-09 15:33:36 - [MESSAGE][WARNING] - Timeout '0' is invalid. Using default page load timeout: '6'&#xD;
&#xD;
2019-07-09 15:33:37 - [MESSAGE][PASSED] - Tapped on element 'Object Repository/ShopOpen/Survey/RemarksPopup_Yes'&#xD;
&#xD;
2019-07-09 15:33:39 - [MESSAGE][WARNING] - Timeout '0' is invalid. Using default page load timeout: '6'&#xD;
&#xD;
2019-07-09 15:33:40 - [MESSAGE][PASSED] - Element 'Object Repository/CommonScreenElements/Validate_CameraScreen' is exist&#xD;
&#xD;
2019-07-09 15:33:40 - [MESSAGE][WARNING] - Timeout '0' is invalid. Using default page load timeout: '6'&#xD;
&#xD;
2019-07-09 15:33:44 - [MESSAGE][PASSED] - Tapped on element 'Object Repository/CommonScreenElements/Camera_TakePictureButton'&#xD;
&#xD;
2019-07-09 15:33:49 - [MESSAGE][PASSED] - Delayed 5 second(s)&#xD;
&#xD;
2019-07-09 15:33:49 - [MESSAGE][WARNING] - Timeout '0' is invalid. Using default page load timeout: '6'&#xD;
&#xD;
2019-07-09 15:33:50 - [MESSAGE][PASSED] - Tapped on element 'Object Repository/CommonScreenElements/Camera_DoneButton'&#xD;
&#xD;
2019-07-09 15:33:50 - [MESSAGE][WARNING] - Timeout '0' is invalid. Using default page load timeout: '6'&#xD;
&#xD;
2019-07-09 15:33:50 - [MESSAGE][PASSED] - Element 'Object Repository/ShopOpen/Survey/Validate_SurveyQuestionsScreen' is exist&#xD;
&#xD;
2019-07-09 15:33:52 - [MESSAGE][PASSED] - Swiped from 10,450 to 10,200&#xD;
&#xD;
2019-07-09 15:33:54 - [MESSAGE][WARNING] - Timeout '0' is invalid. Using default page load timeout: '6'&#xD;
&#xD;
2019-07-09 15:33:56 - [MESSAGE][PASSED] - Element 'Object Repository/CommonScreenElements/Validate_CameraScreen' is exist&#xD;
&#xD;
2019-07-09 15:33:56 - [MESSAGE][WARNING] - Timeout '0' is invalid. Using default page load timeout: '6'&#xD;
&#xD;
2019-07-09 15:34:00 - [MESSAGE][PASSED] - Tapped on element 'Object Repository/CommonScreenElements/Camera_TakePictureButton'&#xD;
&#xD;
2019-07-09 15:34:05 - [MESSAGE][PASSED] - Delayed 5 second(s)&#xD;
&#xD;
2019-07-09 15:34:05 - [MESSAGE][WARNING] - Timeout '0' is invalid. Using default page load timeout: '6'&#xD;
&#xD;
2019-07-09 15:34:05 - [MESSAGE][PASSED] - Tapped on element 'Object Repository/CommonScreenElements/Camera_DoneButton'&#xD;
&#xD;
2019-07-09 15:34:05 - [MESSAGE][WARNING] - Timeout '0' is invalid. Using default page load timeout: '6'&#xD;
&#xD;
2019-07-09 15:34:07 - [MESSAGE][PASSED] - Element 'Object Repository/ShopOpen/Survey/Validate_SurveyQuestionsScreen' is exist&#xD;
&#xD;
2019-07-09 15:34:08 - [MESSAGE][PASSED] - Swiped from 10,450 to 10,200&#xD;
&#xD;
2019-07-09 15:34:09 - [MESSAGE][WARNING] - Timeout '0' is invalid. Using default page load timeout: '6'&#xD;
&#xD;
2019-07-09 15:34:11 - [MESSAGE][PASSED] - Element 'Object Repository/CommonScreenElements/Validate_CameraScreen' is exist&#xD;
&#xD;
2019-07-09 15:34:11 - [MESSAGE][WARNING] - Timeout '0' is invalid. Using default page load timeout: '6'&#xD;
&#xD;
2019-07-09 15:34:15 - [MESSAGE][PASSED] - Tapped on element 'Object Repository/CommonScreenElements/Camera_TakePictureButton'&#xD;
&#xD;
2019-07-09 15:34:20 - [MESSAGE][PASSED] - Delayed 5 second(s)&#xD;
&#xD;
2019-07-09 15:34:20 - [MESSAGE][WARNING] - Timeout '0' is invalid. Using default page load timeout: '6'&#xD;
&#xD;
2019-07-09 15:34:21 - [MESSAGE][PASSED] - Tapped on element 'Object Repository/CommonScreenElements/Camera_DoneButton'&#xD;
&#xD;
2019-07-09 15:34:21 - [MESSAGE][WARNING] - Timeout '0' is invalid. Using default page load timeout: '6'&#xD;
&#xD;
2019-07-09 15:34:21 - [MESSAGE][PASSED] - Element 'Object Repository/ShopOpen/Survey/Validate_SurveyQuestionsScreen' is exist&#xD;
&#xD;
2019-07-09 15:34:22 - [MESSAGE][PASSED] - Swiped from 10,450 to 10,200&#xD;
&#xD;
2019-07-09 15:34:24 - [MESSAGE][PASSED] - qa.keywords.SurveyKeywords.visitSurveyQuestions is PASSED&#xD;
&#xD;
2019-07-09 15:34:24 - [TEST_STEP][PASSED] - pressBack(): Press back button successfully&#xD;
&#xD;
2019-07-09 15:34:24 - [MESSAGE][PASSED] - Press back button successfully&#xD;
&#xD;
2019-07-09 15:34:24 - [MESSAGE][PASSED] - Call Test Case 'Test Cases/ShopOpen/Survey/SurveyQuestions/VisitSurveyQuestions' successfully&#xD;
&#xD;
2019-07-09 15:34:24 - [MESSAGE][PASSED] - qa.keywords.SurveyKeywords.visitQuestionCategories is PASSED&#xD;
&#xD;
2019-07-09 15:34:24 - [TEST_STEP][PASSED] - pressBack(): Press back button successfully&#xD;
&#xD;
2019-07-09 15:34:25 - [MESSAGE][PASSED] - Press back button successfully&#xD;
&#xD;
2019-07-09 15:34:25 - [TEST_STEP][PASSED] - verifyElementExist(findTestObject("ShopOpen/Validate_ShopCategoriesListScreen"), 0): Element 'Object Repository/ShopOpen/Validate_ShopCategoriesListScreen' is exist&#xD;
&#xD;
2019-07-09 15:34:25 - [MESSAGE][WARNING] - Timeout '0' is invalid. Using default page load timeout: '6'&#xD;
&#xD;
2019-07-09 15:34:26 - [MESSAGE][PASSED] - Element 'Object Repository/ShopOpen/Validate_ShopCategoriesListScreen' is exist&#xD;
&#xD;
2019-07-09 15:34:26 - [MESSAGE][PASSED] - Call Test Case 'Test Cases/ShopOpen/Survey/visitSurveyCategories' successfully&#xD;
&#xD;
2019-07-09 15:34:39 - [MESSAGE][PASSED] - qa.keywords.CategoryVisitingScenariosKeywords.visitShopCategoriesWithDataVerification is PASSED&#xD;
&#xD;
2019-07-09 15:34:39 - [MESSAGE][PASSED] - Call Test Case 'Test Cases/ShopOpen/VisitCategoryScenarios/VisitShopCategoriesWithDataVerification' successfully&#xD;
&#xD;
2019-07-09 15:34:39 - [TEST_CASE][PASSED] - Test Cases/ShopOpen/SaveShop: Test Cases/ShopOpen/SaveShop&#xD;
&#xD;
2019-07-09 15:34:39 - [TEST_STEP][PASSED] - tap(findTestObject("ShopOpen/SubmitButtonToSaveShop", ["package":PACKAGENAME]), 0): Tapped on element 'Object Repository/ShopOpen/SubmitButtonToSaveShop'&#xD;
&#xD;
2019-07-09 15:34:39 - [MESSAGE][WARNING] - Timeout '0' is invalid. Using default page load timeout: '6'&#xD;
&#xD;
2019-07-09 15:34:40 - [MESSAGE][PASSED] - Tapped on element 'Object Repository/ShopOpen/SubmitButtonToSaveShop'&#xD;
&#xD;
2019-07-09 15:34:40 - [TEST_STEP][PASSED] - verifyElementExist(findTestObject("CommonScreenElements/Validate_InfoPopUP", ["package":PACKAGENAME]), 0): Element 'Object Repository/CommonScreenElements/Validate_InfoPopUP' is exist&#xD;
&#xD;
2019-07-09 15:34:40 - [MESSAGE][WARNING] - Timeout '0' is invalid. Using default page load timeout: '6'&#xD;
&#xD;
2019-07-09 15:34:41 - [MESSAGE][PASSED] - Element 'Object Repository/CommonScreenElements/Validate_InfoPopUP' is exist&#xD;
&#xD;
2019-07-09 15:34:41 - [TEST_STEP][PASSED] - tap(findTestObject("CommonScreenElements/InfoPopUp_YesButton", ["package":PACKAGENAME]), 0): Tapped on element 'Object Repository/CommonScreenElements/InfoPopUp_YesButton'&#xD;
&#xD;
2019-07-09 15:34:41 - [MESSAGE][WARNING] - Timeout '0' is invalid. Using default page load timeout: '6'&#xD;
&#xD;
2019-07-09 15:34:41 - [MESSAGE][PASSED] - Tapped on element 'Object Repository/CommonScreenElements/InfoPopUp_YesButton'&#xD;
&#xD;
2019-07-09 15:34:41 - [TEST_STEP][PASSED] - verifyElementText(findTestObject("Validate_ShopListScreen", ["package":PACKAGENAME]), "Shops on Route"): Actual text and expected text of test object 'Object Repository/Validate_ShopListScreen' are matched.&#xD;
&#xD;
2019-07-09 15:34:42 - [MESSAGE][PASSED] - Actual text and expected text of test object 'Object Repository/Validate_ShopListScreen' are matched.&#xD;
&#xD;
2019-07-09 15:34:42 - [MESSAGE][PASSED] - Call Test Case 'Test Cases/ShopOpen/SaveShop' successfully&#xD;
&#xD;
2019-07-09 15:34:42 - [MESSAGE][WARNING] - Timeout '0' is invalid. Using default page load timeout: '6'&#xD;
&#xD;
2019-07-09 15:34:43 - [MESSAGE][PASSED] - Element 'Object Repository/Validate_ShopListScreen' is exist&#xD;
&#xD;
2019-07-09 15:34:43 - [MESSAGE][INFO] - 

---------------------------------------------Missing Shop Data-----------------------------------------------------------------------------------------------------

&lt;--------------------------------------------------------------------------------------------------------------------------------------&gt;

Shop Name: AL Dua Pharmacy                                  Channel: Super Drug Store                                   
Visiting Scenarios: Data Verification                       Remark: Normal Shops                                        

Shop Categories:              Competition Tracking,   Hanger Availibility,   
above items are missing on device...



Shop Remarks:                 Shop To Be Removed,   
above items are missing on device...



Question Categories:

Main Category:                Survey                                                      
Question Categories:          Competition Tracking,	
above items are missing on device...



Products:

Main Category:                Infant Nutrition                                            
Product Category:             Infant Nutrition                                            
Products:                     Lactogen 2 800GM,	
above items are display on device not match with expected items...



&lt;--------------------------------------------------------------------------------------------------------------------------------------&gt;

&#xD;
&#xD;
2019-07-09 15:34:43 - [MESSAGE][INFO] - 

Shop Name: AL KOSAR DAIRY                                   Channel: Bakery Fragmented                                  
Visiting Scenarios: Data Verification                       Remark: Normal Shops                                        

Shop Categories:              Hanger Availibility,   
above items are missing on device...



Shop Remarks:                 Shop To Be Removed,   
above items are missing on device...



Question Categories:

Main Category:                Survey                                                      
Question Categories:          Competition Tracking,	
above items are missing on device...



&lt;--------------------------------------------------------------------------------------------------------------------------------------&gt;

&#xD;
&#xD;
2019-07-09 15:34:43 - [MESSAGE][INFO] - 


---------------------------------------------Visited Shop Data-----------------------------------------------------------------------------------------------------

&lt;--------------------------------------------------------------------------------------------------------------------------------------&gt;

Shop Name: AL Dua Pharmacy                                  Channel: Super Drug Store                                   
Visiting Scenarios: Shop Open                               Remark: Normal Shops                                        

Other Categories Visiting Scenarios:    (1) 'RTM visit frequency' with 'Once a week'
                                            'Pop Application' with 'No' remark                                                                  
                                            'Retailer Remarks' with 'OB not visiting' remark                                                    
                                            'Hanger Availability' with 'Yes' remark                                                             
                                        (2) 'RTM visit frequency' with 'Twice a week'                                                       
                                            'Pop Application' with 'No' remark                                                                  
                                            'Retailer Remarks' with 'SM not visiting' remark                                                    
                                            'Hanger Availability' with 'No' remark                                                              

Main Category:                Chiller                                                     
Scenarios:                    Chiller Not Allocated  ==&gt;  null                                                                                                  

Product Category:             Water                                                       
Products:                                         Facing                      Stock Taking                Overwrite Facing            Overwrite Stock Taking      
Water Npl 500ML                                   15889                       17703                       null                        null                        
Water Npl 1500ML                                  15890                       17704                       null                        null                        
Water Npl 330ML                                   15891                       17705                       null                        null                        

                                ----------------------------------------------------------------------------------------------------                                


Main Category:                Nutrition                                                   
Scenarios:                    Display Space Available  ==&gt;  null                                                                                                

Product Category:             Nutrition                                                   
Products:                                         Facing                      Stock Taking                Overwrite Facing            Overwrite Stock Taking      
CERELAC 3 Fruit 175GM                             1404                        3218                        null                        null                        
CERELAC RICE 175GM                                1406                        3220                        null                        null                        
CERELAC Wheat 175GM                               1407                        3221                        null                        null                        
CERELAC 3 Fruit 350GM                             1403                        3217                        null                        null                        
CERELAC Wheat 350GM                               1405                        3219                        null                        null                        
NIDO NNS 1+ 400GM                                 1409                        3223                        null                        null                        
Nido NNS 3+ 400GM                                 1411                        3225                        null                        null                        
CERELAC STRAWBERY APPLE 175GM                     1412                        3226                        null                        null                        
Cerelac Orange Apple 175GM                        1413                        3227                        null                        null                        
Cerelac Yellow Fruit 175GM                        1414                        3228                        null                        null                        
CERELAC RED FRUIT 175GM                           1410                        3224                        null                        null                        
NIDO NNS 1+ 1000GM                                1408                        3222                        null                        null                        
CERELAC SAVORY RICE CARROT SPINACH 175GM          1416                        3230                        null                        null                        
CERELAC SAVORY RICE CARROT PUMPKIN 175GM          1417                        3231                        null                        null                        
Nido NNS 3+ 800GM                                 1415                        3229                        null                        null                        

                                ----------------------------------------------------------------------------------------------------                                


Main Category:                Infant Nutrition                                            
Scenarios:                    Display Space Available  ==&gt;  null                                                                                                

Product Category:             Infant Nutrition                                            
Products:                                         Facing                      Stock Taking                Overwrite Facing            Overwrite Stock Taking      
LACTOGEN 1 400GM                                  1380                        3194                        null                        null                        
LACTOGEN 1 200GM                                  1382                        3196                        null                        null                        
LACTOGEN 2 400GM                                  1381                        3195                        null                        null                        
LACTOGEN 2 200GM                                  1383                        3197                        null                        null                        
LACTOGEN RECOVER 180GM                            1384                        3198                        null                        null                        
Nan 1 400GM                                       1385                        3199                        null                        null                        
Nan 2 400GM                                       1386                        3200                        null                        null                        
NAN 1 800GM                                       1394                        3208                        null                        null                        
NAN 2 900GM                                       1395                        3209                        null                        null                        
NESTLE NANGROW 3 400GM                            1391                        3205                        null                        null                        
Pre Nan 400GM                                     1392                        3206                        null                        null                        
AL110 400GM                                       1387                        3201                        null                        null                        
Lactogen 1 800GM                                  1388                        3202                        null                        null                        
LACTOGROW 3 400GM                                 1390                        3204                        null                        null                        
LACTOGROW 3 800GM                                 1393                        3207                        null                        null                        
Lactogen 2 800GM                                  0000                        0000                        null                        null                        
LACTOGROW 4 400GM                                 1396                        3210                        null                        null                        
NESTLE NANGROW 3 900GM                            1397                        3211                        null                        null                        
NESTLE NAN AR 380GM                               1398                        3212                        null                        null                        
NESTLE NAN 2 BIB 350GM                            1399                        3213                        null                        null                        
NESTLE NAN 2 BIB 600GM                            1400                        3214                        null                        null                        
NESTLE NANGROW 3 BIB 350GM                        1401                        3215                        null                        null                        
NESTLE NANGROW 3 BIB 600GM                        1402                        3216                        null                        null                        

                                ----------------------------------------------------------------------------------------------------                                


Main Category:                Dairy Powder                                                
Scenarios:                    Display Space Available  ==&gt;  null                                                                                                

Product Category:             Dairy Powder                                                
Products:                                         Facing                      Stock Taking                Overwrite Facing            Overwrite Stock Taking      
NESTLE BUNYAD 260GM                               1418                        3232                        null                        null                        
NESTLE BUNYAD 910GM                               1419                        3233                        null                        null                        

                                ----------------------------------------------------------------------------------------------------                                


&lt;--------------------------------------------------------------------------------------------------------------------------------------&gt;

&#xD;
&#xD;
2019-07-09 15:34:43 - [MESSAGE][INFO] - 

Shop Name: AL KOSAR DAIRY                                   Channel: Bakery Fragmented                                  
Visiting Scenarios: Shop Open                               Remark: Normal Shops                                        

Other Categories Visiting Scenarios:    (1) 'RTM visit frequency' with 'Once a week'
                                            'Pop Application' with 'No' remark                                                                  
                                            'Retailer Remarks' with 'OB not visiting' remark                                                    
                                            'Hanger Availability' with 'Yes' remark                                                             
                                        (2) 'RTM visit frequency' with 'Twice a week'                                                       
                                            'Pop Application' with 'No' remark                                                                  
                                            'Retailer Remarks' with 'SM not visiting' remark                                                    
                                            'Hanger Availability' with 'No' remark                                                              

Main Category:                Chiller                                                     
Scenarios:                    Chiller Not Allocated  ==&gt;  null                                                                                                  

Product Category:             Juices - 200ML                                              
Products:                                         Facing                      Stock Taking                Overwrite Facing            Overwrite Stock Taking      
FRUITA VITALS CHAUNSA 200ML                       14576                       16390                       null                        null                        
FRUITA VITALS RED GRAPES 200ML                    14577                       16391                       null                        null                        
NESFRUTA MANGO 200ML                              14579                       16393                       null                        null                        
FRUITA VITALS APPLE 200ML                         14578                       16392                       null                        null                        
FRUITA VITALS PEACH 200ML                         14580                       16394                       null                        null                        
FRUITA VITALS ROYAL MANGOES 200ML                 14581                       16395                       null                        null                        


Product Category:             Water                                                       
Products:                                         Facing                      Stock Taking                Overwrite Facing            Overwrite Stock Taking      
Water Npl 500ML                                   14591                       16405                       null                        null                        
Water Npl 1500ML                                  14592                       16406                       null                        null                        
Water Npl 330ML                                   14593                       16407                       null                        null                        


Product Category:             Flavoured Milk                                              
Products:                                         Facing                      Stock Taking                Overwrite Facing            Overwrite Stock Taking      
MILO RTD 200ML                                    14590                       16404                       null                        null                        


Product Category:             Yogurt                                                      
Products:                                         Facing                      Stock Taking                Overwrite Facing            Overwrite Stock Taking      
Sweet &amp; Tasty 400GM                               14583                       16397                       null                        null                        
Nestle Nesvita YOGURT 400GM                       14585                       16399                       null                        null                        
NESTLE MILKPAK YOGURT POUCH 500GM                 14582                       16396                       null                        null                        
NESTLE ZEERA RAITA 250GM                          14586                       16400                       null                        null                        
PODINA RAITA 250GM                                14584                       16398                       null                        null                        
NESTLE MILKPAK YOGURT CUP 450GM                   14587                       16401                       null                        null                        
Sweet &amp; Tasty 200GM                               14588                       16402                       null                        null                        
NESTLE MILKPAK YOGURT POUCH 1000GM                14589                       16403                       null                        null                        

                                ----------------------------------------------------------------------------------------------------                                


Main Category:                Nutrition                                                   
Scenarios:                    Display Space Available  ==&gt;  null                                                                                                

Product Category:             Nutrition                                                   
Products:                                         Facing                      Stock Taking                Overwrite Facing            Overwrite Stock Taking      
CERELAC 3 Fruit 175GM                             101                         1915                        null                        null                        
CERELAC Wheat 350GM                               102                         1916                        null                        null                        
CERELAC RICE 175GM                                103                         1917                        null                        null                        
NIDO NNS 1+ 400GM                                 105                         1919                        null                        null                        
Nido NNS 3+ 400GM                                 106                         1920                        null                        null                        
CERELAC Wheat 175GM                               104                         1918                        null                        null                        
CERELAC 3 Fruit 350GM                             100                         1914                        null                        null                        

                                ----------------------------------------------------------------------------------------------------                                


Main Category:                Dairy Liquid                                                
Scenarios:                    Display Space Available  ==&gt;  null                                                                                                

Product Category:             Dairy Liquid                                                
Products:                                         Facing                      Stock Taking                Overwrite Facing            Overwrite Stock Taking      
MILKPAK UHT 250ML                                 82                          1896                        null                        null                        
MILKPAK UHT 1000ML                                83                          1897                        null                        null                        
EVERYDAY UHT 180ML                                84                          1898                        null                        null                        
MILKPAK CREAM 200ML                               85                          1899                        null                        null                        
NESVITA UHT 1000ML                                86                          1900                        null                        null                        
NESVITA UHT 200ML                                 87                          1901                        null                        null                        
EVERYDAY UHT 225ML                                88                          1902                        null                        null                        

                                ----------------------------------------------------------------------------------------------------                                


Main Category:                BFC                                                         
Scenarios:                    Display Space Available  ==&gt;  null                                                                                                

Product Category:             BFC                                                         
Products:                                         Facing                      Stock Taking                Overwrite Facing            Overwrite Stock Taking      
Nestle KOKO KRUNCH 80GM                           116                         1930                        null                        null                        
MILO Cereal 80GM                                  118                         1932                        null                        null                        
Nestle KOKO KRUNCH 330GM                          113                         1927                        null                        null                        
Nestle KOKO KRUNCH 170GM                          115                         1929                        null                        null                        
MILO Cereal 330GM                                 114                         1928                        null                        null                        
MILO Cereal 170GM                                 117                         1931                        null                        null                        

                                ----------------------------------------------------------------------------------------------------                                


Main Category:                Powder Tea Whitener                                         
Scenarios:                    Display Space Available  ==&gt;  null                                                                                                

Product Category:             Powder Tea Whitener                                         
Products:                                         Facing                      Stock Taking                Overwrite Facing            Overwrite Stock Taking      
NESTLE EVERYDAY ORIGINAL 375GM                    111                         1925                        null                        null                        
NESTLE EVERYDAY ORIGINAL 900GM                    110                         1924                        null                        null                        
NESTLE EVERYDAY MIXED TEA 250GM                   112                         1926                        null                        null                        

                                ----------------------------------------------------------------------------------------------------                                


Main Category:                Juices                                                      
Scenarios:                    Display Space Available  ==&gt;  null                                                                                                

Product Category:             Juices                                                      
Products:                                         Facing                      Stock Taking                Overwrite Facing            Overwrite Stock Taking      
FRUITA VITALS CHAUNSA 1000ML                      89                          1903                        null                        null                        
FRUITA VITALS RED GRAPES 1000ML                   90                          1904                        null                        null                        
FRUITA VITALS APPLE 1000ML                        91                          1905                        null                        null                        
NESFRUTA MANGO 1000ML                             92                          1906                        null                        null                        
FRUITA VITALS PEACH 1000ML                        93                          1907                        null                        null                        
NESFRUTA APPLE 1000ML                             94                          1908                        null                        null                        
FRUITA VITALS ROYAL MANGOES 1000ML                95                          1909                        null                        null                        

                                ----------------------------------------------------------------------------------------------------                                


Main Category:                Infant Nutrition                                            
Scenarios:                    Display Space Available  ==&gt;  null                                                                                                

Product Category:             Infant Nutrition                                            
Products:                                         Facing                      Stock Taking                Overwrite Facing            Overwrite Stock Taking      
LACTOGEN 1 200GM                                  98                          1912                        null                        null                        
LACTOGEN 1 400GM                                  96                          1910                        null                        null                        
LACTOGEN 2 400GM                                  97                          1911                        null                        null                        
LACTOGEN 2 200GM                                  99                          1913                        null                        null                        

                                ----------------------------------------------------------------------------------------------------                                


Main Category:                Dairy Powder                                                
Scenarios:                    Display Space Available  ==&gt;  null                                                                                                

Product Category:             Dairy Powder                                                
Products:                                         Facing                      Stock Taking                Overwrite Facing            Overwrite Stock Taking      
Nido Fortigrow 910GM                              108                         1922                        null                        null                        
NESTLE BUNYAD 260GM                               107                         1921                        null                        null                        
NESTLE BUNYAD 910GM                               109                         1923                        null                        null                        

                                ----------------------------------------------------------------------------------------------------                                


Main Category:                Coffee                                                      
Scenarios:                    Display Space Available  ==&gt;  null                                                                                                

Product Category:             Coffee                                                      
Products:                                         Facing                      Stock Taking                Overwrite Facing            Overwrite Stock Taking      
NESCAFE 3IN1 BOX 20GM                             119                         1933                        null                        null                        
NESCAFE CLASSIC 50GM                              121                         1935                        null                        null                        
NESCAFE CLASSIC 100GM                             120                         1934                        null                        null                        

                                ----------------------------------------------------------------------------------------------------                                


&lt;--------------------------------------------------------------------------------------------------------------------------------------&gt;

&#xD;
&#xD;
2019-07-09 15:34:43 - [MESSAGE][PASSED] - qa.keywords.ShopVisitingScenariosKeywords.visitShopWith_DataVerification is PASSED</system-out>
            <system-err></system-err>
        </testcase>
        <system-out>2019-07-09 14:36:28 - [TEST_SUITE][INCOMPLETE] - MMA Plus Merchandising With Data Verification: null</system-out>
        <system-err>2019-07-09 14:36:28 - [TEST_SUITE][INCOMPLETE] - MMA Plus Merchandising With Data Verification: null</system-err>
    </testsuite>
</testsuites>
