<?xml version="1.0" encoding="UTF-8"?>
<testsuites name="MMA Plus Merchandising With Chiller Data Verification" time="4082" tests="2" failures="1" errors="0">
   <testsuite name="MMA Plus Merchandising With Chiller Data Verification" tests="2" failures="1" errors="0" time="4082" timestamp="2018-07-27 16:37:29" hostname="Fahad Shah - DESKTOP-L12UUAD" id="Test Suites/MMA Plus Merchandising With Chiller Data Verification">
      <properties>
         <property name="deviceName" value="samsung SM-J110H (Android 4.4.4)"/>
         <property name="devicePlatform" value=""/>
         <property name="logFolder" value="F:\\Git Projects\\MMAPlus_Merchandising\\MMAPlus_Merchandising\\Reports\\MMA Plus Merchandising With Chiller Data Verification\\20180727_163727"/>
         <property name="logFiles" value="F:\\Git Projects\\MMAPlus_Merchandising\\MMAPlus_Merchandising\\Reports\\MMA Plus Merchandising With Chiller Data Verification\\20180727_163727\\appium.log, F:\\Git Projects\\MMAPlus_Merchandising\\MMAPlus_Merchandising\\Reports\\MMA Plus Merchandising With Chiller Data Verification\\20180727_163727\\execution0.log"/>
         <property name="attachments" value="F:\\Git Projects\\MMAPlus_Merchandising\\MMAPlus_Merchandising\\Reports\\MMA Plus Merchandising With Chiller Data Verification\\20180727_163727\\1532691741567.png, F:\\Git Projects\\MMAPlus_Merchandising\\MMAPlus_Merchandising\\Reports\\MMA Plus Merchandising With Chiller Data Verification\\20180727_163727\\1532691897903.png, F:\\Git Projects\\MMAPlus_Merchandising\\MMAPlus_Merchandising\\Reports\\MMA Plus Merchandising With Chiller Data Verification\\20180727_163727\\1532691992647.png, F:\\Git Projects\\MMAPlus_Merchandising\\MMAPlus_Merchandising\\Reports\\MMA Plus Merchandising With Chiller Data Verification\\20180727_163727\\1532692109521.png, F:\\Git Projects\\MMAPlus_Merchandising\\MMAPlus_Merchandising\\Reports\\MMA Plus Merchandising With Chiller Data Verification\\20180727_163727\\1532692171575.png, F:\\Git Projects\\MMAPlus_Merchandising\\MMAPlus_Merchandising\\Reports\\MMA Plus Merchandising With Chiller Data Verification\\20180727_163727\\1532692326596.png, F:\\Git Projects\\MMAPlus_Merchandising\\MMAPlus_Merchandising\\Reports\\MMA Plus Merchandising With Chiller Data Verification\\20180727_163727\\1532692518625.png, F:\\Git Projects\\MMAPlus_Merchandising\\MMAPlus_Merchandising\\Reports\\MMA Plus Merchandising With Chiller Data Verification\\20180727_163727\\1532692592689.png, F:\\Git Projects\\MMAPlus_Merchandising\\MMAPlus_Merchandising\\Reports\\MMA Plus Merchandising With Chiller Data Verification\\20180727_163727\\1532692674650.png, F:\\Git Projects\\MMAPlus_Merchandising\\MMAPlus_Merchandising\\Reports\\MMA Plus Merchandising With Chiller Data Verification\\20180727_163727\\1532692741733.png, F:\\Git Projects\\MMAPlus_Merchandising\\MMAPlus_Merchandising\\Reports\\MMA Plus Merchandising With Chiller Data Verification\\20180727_163727\\1532693100449.png, F:\\Git Projects\\MMAPlus_Merchandising\\MMAPlus_Merchandising\\Reports\\MMA Plus Merchandising With Chiller Data Verification\\20180727_163727\\1532693254450.png, F:\\Git Projects\\MMAPlus_Merchandising\\MMAPlus_Merchandising\\Reports\\MMA Plus Merchandising With Chiller Data Verification\\20180727_163727\\1532693349633.png, F:\\Git Projects\\MMAPlus_Merchandising\\MMAPlus_Merchandising\\Reports\\MMA Plus Merchandising With Chiller Data Verification\\20180727_163727\\1532693464446.png, F:\\Git Projects\\MMAPlus_Merchandising\\MMAPlus_Merchandising\\Reports\\MMA Plus Merchandising With Chiller Data Verification\\20180727_163727\\1532693526686.png, F:\\Git Projects\\MMAPlus_Merchandising\\MMAPlus_Merchandising\\Reports\\MMA Plus Merchandising With Chiller Data Verification\\20180727_163727\\1532693681583.png, F:\\Git Projects\\MMAPlus_Merchandising\\MMAPlus_Merchandising\\Reports\\MMA Plus Merchandising With Chiller Data Verification\\20180727_163727\\1532693777480.png, F:\\Git Projects\\MMAPlus_Merchandising\\MMAPlus_Merchandising\\Reports\\MMA Plus Merchandising With Chiller Data Verification\\20180727_163727\\1532693859527.png, F:\\Git Projects\\MMAPlus_Merchandising\\MMAPlus_Merchandising\\Reports\\MMA Plus Merchandising With Chiller Data Verification\\20180727_163727\\1532693933602.png, F:\\Git Projects\\MMAPlus_Merchandising\\MMAPlus_Merchandising\\Reports\\MMA Plus Merchandising With Chiller Data Verification\\20180727_163727\\1532694001697.png, F:\\Git Projects\\MMAPlus_Merchandising\\MMAPlus_Merchandising\\Reports\\MMA Plus Merchandising With Chiller Data Verification\\20180727_163727\\1532694330994.png, F:\\Git Projects\\MMAPlus_Merchandising\\MMAPlus_Merchandising\\Reports\\MMA Plus Merchandising With Chiller Data Verification\\20180727_163727\\1532694485642.png, F:\\Git Projects\\MMAPlus_Merchandising\\MMAPlus_Merchandising\\Reports\\MMA Plus Merchandising With Chiller Data Verification\\20180727_163727\\1532694589546.png, F:\\Git Projects\\MMAPlus_Merchandising\\MMAPlus_Merchandising\\Reports\\MMA Plus Merchandising With Chiller Data Verification\\20180727_163727\\1532694703493.png, F:\\Git Projects\\MMAPlus_Merchandising\\MMAPlus_Merchandising\\Reports\\MMA Plus Merchandising With Chiller Data Verification\\20180727_163727\\1532694766719.png, F:\\Git Projects\\MMAPlus_Merchandising\\MMAPlus_Merchandising\\Reports\\MMA Plus Merchandising With Chiller Data Verification\\20180727_163727\\1532694921531.png, F:\\Git Projects\\MMAPlus_Merchandising\\MMAPlus_Merchandising\\Reports\\MMA Plus Merchandising With Chiller Data Verification\\20180727_163727\\1532695017516.png, F:\\Git Projects\\MMAPlus_Merchandising\\MMAPlus_Merchandising\\Reports\\MMA Plus Merchandising With Chiller Data Verification\\20180727_163727\\1532695102938.png, F:\\Git Projects\\MMAPlus_Merchandising\\MMAPlus_Merchandising\\Reports\\MMA Plus Merchandising With Chiller Data Verification\\20180727_163727\\1532695177733.png, F:\\Git Projects\\MMAPlus_Merchandising\\MMAPlus_Merchandising\\Reports\\MMA Plus Merchandising With Chiller Data Verification\\20180727_163727\\1532695248605.png, F:\\Git Projects\\MMAPlus_Merchandising\\MMAPlus_Merchandising\\Reports\\MMA Plus Merchandising With Chiller Data Verification\\20180727_163727\\1532695529129.png, F:\\Git Projects\\MMAPlus_Merchandising\\MMAPlus_Merchandising\\Reports\\MMA Plus Merchandising With Chiller Data Verification\\20180727_163727\\1532695530150.png"/>
         <property name="hostName" value="Fahad Shah - DESKTOP-L12UUAD"/>
         <property name="os" value="Windows 10 64bit"/>
         <property name="katalonVersion" value="5.5.0.1"/>
         <property name="deviceOS" value="Android"/>
         <property name="appiumVersion" value="1.8.1"/>
         <property name="deviceModel" value="SM-J110H"/>
         <property name="hostAddress" value="192.168.3.191"/>
         <property name="deviceManufacturer" value="samsung"/>
         <property name="deviceId" value="11015a1136d0b24a"/>
         <property name="deviceName" value="samsung SM-J110H (Android 4.4.4)"/>
         <property name="deviceOSVersion" value="4.4.4"/>
      </properties>
      <testcase name="Test Cases/LaunchingApp/LaunchApp" classname="Test Cases/LaunchingApp/LaunchApp" status="PASSED">
         <system-out><![CDATA[2018-07-27 16:37:29 - [TEST_CASE][PASSED] - Test Cases/LaunchingApp/LaunchApp: Test Cases/LaunchingApp/LaunchApp

2018-07-27 16:37:30 - [TEST_STEP][PASSED] - startApplication: Started app at: 'F:\QA_Automation\Builds\mmaplus_local_merchandising_030518.apk'

2018-07-27 16:37:49 - [MESSAGE][PASSED] - Started app at: 'F:\QA_Automation\Builds\mmaplus_local_merchandising_030518.apk'

2018-07-27 16:37:49 - [TEST_STEP][PASSED] - delay: Delayed 5 second(s)

2018-07-27 16:37:54 - [MESSAGE][PASSED] - Delayed 5 second(s)]]></system-out>
         <system-err><![CDATA[]]></system-err>
      </testcase>
      <testcase name="Test Cases/DistributionPoint/VisitDistributionPoint" classname="Test Cases/DistributionPoint/VisitDistributionPoint" status="PASSED">
         <system-out><![CDATA[2018-07-27 16:37:54 - [TEST_CASE][PASSED] - Test Cases/DistributionPoint/VisitDistributionPoint: Test Cases/DistributionPoint/VisitDistributionPoint

2018-07-27 16:37:55 - [TEST_STEP][PASSED] - verifyElementText: Actual text and expected text of test object 'Object Repository/DashboardScreenElements/Validate_DashboardScreen' are matched.

2018-07-27 16:37:56 - [MESSAGE][PASSED] - Actual text and expected text of test object 'Object Repository/DashboardScreenElements/Validate_DashboardScreen' are matched.

2018-07-27 16:37:56 - [TEST_STEP][PASSED] - com.ct.qa.keywords.CommonKeywords.selectday: com.ct.qa.keywords.CommonKeywords.selectday is PASSED

2018-07-27 16:37:56 - [MESSAGE][WARNING] - Timeout '0' is invalid. Using default page load timeout: '15'

2018-07-27 16:37:56 - [MESSAGE][PASSED] - Tapped on element 'Object Repository/DashboardScreenElements/DaysDropdownMenu'

2018-07-27 16:37:59 - [MESSAGE][PASSED] - com.ct.qa.keywords.CommonKeywords.selectday is PASSED

2018-07-27 16:37:59 - [TEST_STEP][PASSED] - tap: Tapped on element 'Object Repository/DashboardScreenElements/StartYourDay'

2018-07-27 16:37:59 - [MESSAGE][WARNING] - Timeout '0' is invalid. Using default page load timeout: '15'

2018-07-27 16:38:00 - [MESSAGE][PASSED] - Tapped on element 'Object Repository/DashboardScreenElements/StartYourDay'

2018-07-27 16:38:00 - [TEST_STEP][PASSED] - delay: Delayed 15 second(s)

2018-07-27 16:38:15 - [MESSAGE][PASSED] - Delayed 15 second(s)

2018-07-27 16:38:15 - [TEST_STEP][PASSED] - verifyElementExist: Element 'Object Repository/CommonScreenElements/Validate_MapScreen' is exist

2018-07-27 16:38:15 - [MESSAGE][WARNING] - Timeout '0' is invalid. Using default page load timeout: '15'

2018-07-27 16:38:17 - [MESSAGE][PASSED] - Element 'Object Repository/CommonScreenElements/Validate_MapScreen' is exist

2018-07-27 16:38:17 - [TEST_STEP][PASSED] - tap: Tapped on element 'Object Repository/CommonScreenElements/Location_CheckIn'

2018-07-27 16:38:17 - [MESSAGE][WARNING] - Timeout '0' is invalid. Using default page load timeout: '15'

2018-07-27 16:38:17 - [MESSAGE][PASSED] - Tapped on element 'Object Repository/CommonScreenElements/Location_CheckIn'

2018-07-27 16:38:17 - [TEST_STEP][PASSED] - verifyElementExist: Element 'Object Repository/CommonScreenElements/Validate_InfoPopUP' is exist

2018-07-27 16:38:17 - [MESSAGE][WARNING] - Timeout '0' is invalid. Using default page load timeout: '15'

2018-07-27 16:38:18 - [MESSAGE][PASSED] - Element 'Object Repository/CommonScreenElements/Validate_InfoPopUP' is exist

2018-07-27 16:38:18 - [TEST_STEP][PASSED] - tap: Tapped on element 'Object Repository/CommonScreenElements/InfoPopUp_NoButton'

2018-07-27 16:38:18 - [MESSAGE][WARNING] - Timeout '0' is invalid. Using default page load timeout: '15'

2018-07-27 16:38:20 - [MESSAGE][PASSED] - Tapped on element 'Object Repository/CommonScreenElements/InfoPopUp_NoButton'

2018-07-27 16:38:20 - [TEST_STEP][PASSED] - verifyElementText: Actual text and expected text of test object 'Object Repository/DistributionPoint/Validate_RouteInfoScreen' are matched.

2018-07-27 16:38:20 - [MESSAGE][PASSED] - Actual text and expected text of test object 'Object Repository/DistributionPoint/Validate_RouteInfoScreen' are matched.

2018-07-27 16:38:20 - [TEST_STEP][PASSED] - tap: Tapped on element 'Object Repository/DistributionPoint/RouteInfoNextButton'

2018-07-27 16:38:20 - [MESSAGE][WARNING] - Timeout '0' is invalid. Using default page load timeout: '15'

2018-07-27 16:38:21 - [MESSAGE][PASSED] - Tapped on element 'Object Repository/DistributionPoint/RouteInfoNextButton'

2018-07-27 16:38:21 - [TEST_STEP][PASSED] - verifyElementText: Actual text and expected text of test object 'Object Repository/DistributionPoint/Validate_DistributionPointScreen' are matched.

2018-07-27 16:38:23 - [MESSAGE][PASSED] - Actual text and expected text of test object 'Object Repository/DistributionPoint/Validate_DistributionPointScreen' are matched.

2018-07-27 16:38:23 - [TEST_STEP][PASSED] - com.ct.qa.keywords.DistributionPointKeywords.visitdistributionPoint: com.ct.qa.keywords.DistributionPointKeywords.visitdistributionPoint is PASSED

2018-07-27 16:38:27 - [MESSAGE][PASSED] - Keyboard is hidden

2018-07-27 16:38:30 - [MESSAGE][PASSED] - Keyboard is hidden

2018-07-27 16:38:33 - [MESSAGE][PASSED] - Keyboard is hidden

2018-07-27 16:38:36 - [MESSAGE][PASSED] - Keyboard is hidden

2018-07-27 16:38:36 - [MESSAGE][PASSED] - com.ct.qa.keywords.DistributionPointKeywords.visitdistributionPoint is PASSED

2018-07-27 16:38:36 - [TEST_STEP][PASSED] - tap: Tapped on element 'Object Repository/DistributionPoint/DistributionPoint_SubmitButton'

2018-07-27 16:38:36 - [MESSAGE][WARNING] - Timeout '0' is invalid. Using default page load timeout: '15'

2018-07-27 16:38:37 - [MESSAGE][PASSED] - Tapped on element 'Object Repository/DistributionPoint/DistributionPoint_SubmitButton']]></system-out>
         <system-err><![CDATA[]]></system-err>
      </testcase>
      <testcase name="Test Cases/VisitShops/VisitShopWithChillerNotAllocatedForDataVerification" classname="Test Cases/VisitShops/VisitShopWithChillerNotAllocatedForDataVerification" status="FAILED">
         <failure type="FAILED" message="Failed to check for element 'Object Repository/ShopOpen/Validate_ShopCategoriesListScreen' exist (Root cause: Element 'Object Repository/ShopOpen/Validate_ShopCategoriesListScreen' not found)"/>
         <system-out><![CDATA[2018-07-27 16:38:37 - [TEST_CASE][FAILED] - Test Cases/VisitShops/VisitShopWithChillerNotAllocatedForDataVerification: Test Cases/VisitShops/VisitShopWithChillerNotAllocatedForDataVerification FAILED because (of) Failed to check for element 'Object Repository/ShopOpen/Validate_ShopCategoriesListScreen' exist (Root cause: Element 'Object Repository/ShopOpen/Validate_ShopCategoriesListScreen' not found)

2018-07-27 16:38:37 - [TEST_STEP][PASSED] - verifyElementText: Actual text and expected text of test object 'Object Repository/DashboardScreenElements/Validate_DashboardScreen' are matched.

2018-07-27 16:38:39 - [MESSAGE][PASSED] - Actual text and expected text of test object 'Object Repository/DashboardScreenElements/Validate_DashboardScreen' are matched.

2018-07-27 16:38:39 - [TEST_STEP][PASSED] - com.ct.qa.keywords.CommonKeywords.selectday: com.ct.qa.keywords.CommonKeywords.selectday is PASSED

2018-07-27 16:38:39 - [MESSAGE][WARNING] - Timeout '0' is invalid. Using default page load timeout: '15'

2018-07-27 16:38:39 - [MESSAGE][PASSED] - Tapped on element 'Object Repository/DashboardScreenElements/DaysDropdownMenu'

2018-07-27 16:38:40 - [MESSAGE][PASSED] - com.ct.qa.keywords.CommonKeywords.selectday is PASSED

2018-07-27 16:38:40 - [TEST_STEP][PASSED] - tap: Tapped on element 'Object Repository/DashboardScreenElements/StartYourDay'

2018-07-27 16:38:40 - [MESSAGE][WARNING] - Timeout '0' is invalid. Using default page load timeout: '15'

2018-07-27 16:38:41 - [MESSAGE][PASSED] - Tapped on element 'Object Repository/DashboardScreenElements/StartYourDay'

2018-07-27 16:38:41 - [TEST_STEP][PASSED] - verifyElementText: Actual text and expected text of test object 'Object Repository/Validate_ShopListScreen' are matched.

2018-07-27 16:38:43 - [MESSAGE][PASSED] - Actual text and expected text of test object 'Object Repository/Validate_ShopListScreen' are matched.

2018-07-27 16:38:43 - [TEST_STEP][FAILED] - com.ct.qa.keywords.ShopVisitingScenariosKeywords.visitShopWithChillerNotAllocatedDataVerification: Failed to check for element 'Object Repository/ShopOpen/Validate_ShopCategoriesListScreen' exist (Root cause: Element 'Object Repository/ShopOpen/Validate_ShopCategoriesListScreen' not found)

2018-07-27 16:38:46 - [MESSAGE][PASSED] - Actual text and expected text of test object 'Object Repository/Validate_ShopOptionsScreen' are matched.

2018-07-27 16:38:46 - [MESSAGE][WARNING] - Timeout '0' is invalid. Using default page load timeout: '15'

2018-07-27 16:38:46 - [MESSAGE][PASSED] - Tapped on element 'Object Repository/StartWorking'

2018-07-27 16:39:01 - [MESSAGE][PASSED] - Delayed 15 second(s)

2018-07-27 16:39:02 - [MESSAGE][PASSED] - Element 'Object Repository/CommonScreenElements/Validate_MapScreen' is exist

2018-07-27 16:39:02 - [MESSAGE][WARNING] - Timeout '0' is invalid. Using default page load timeout: '15'

2018-07-27 16:39:03 - [MESSAGE][PASSED] - Tapped on element 'Object Repository/CommonScreenElements/Location_CheckIn'

2018-07-27 16:39:03 - [MESSAGE][WARNING] - Timeout '0' is invalid. Using default page load timeout: '15'

2018-07-27 16:39:04 - [MESSAGE][PASSED] - Element 'Object Repository/CommonScreenElements/Validate_InfoPopUP' is exist

2018-07-27 16:39:04 - [MESSAGE][WARNING] - Timeout '0' is invalid. Using default page load timeout: '15'

2018-07-27 16:39:05 - [MESSAGE][PASSED] - Tapped on element 'Object Repository/CommonScreenElements/InfoPopUp_NoButton'

2018-07-27 16:39:05 - [TEST_CASE][PASSED] - Test Cases/ShopOpen/VisitShopOpen: Test Cases/ShopOpen/VisitShopOpen

2018-07-27 16:39:05 - [TEST_STEP][PASSED] - verifyElementExist: Element 'Object Repository/ShopActions_List' is exist

2018-07-27 16:39:05 - [MESSAGE][WARNING] - Timeout '0' is invalid. Using default page load timeout: '15'

2018-07-27 16:39:05 - [MESSAGE][PASSED] - Element 'Object Repository/ShopActions_List' is exist

2018-07-27 16:39:05 - [TEST_STEP][PASSED] - tap: Tapped on element 'Object Repository/ShopOpen/ShopOpen'

2018-07-27 16:39:05 - [MESSAGE][WARNING] - Timeout '0' is invalid. Using default page load timeout: '15'

2018-07-27 16:39:07 - [MESSAGE][PASSED] - Tapped on element 'Object Repository/ShopOpen/ShopOpen'

2018-07-27 16:39:07 - [TEST_STEP][PASSED] - verifyElementExist: Element 'Object Repository/CommonScreenElements/Validate_CameraScreen' is exist

2018-07-27 16:39:07 - [MESSAGE][WARNING] - Timeout '0' is invalid. Using default page load timeout: '15'

2018-07-27 16:39:08 - [MESSAGE][PASSED] - Element 'Object Repository/CommonScreenElements/Validate_CameraScreen' is exist

2018-07-27 16:39:08 - [TEST_STEP][PASSED] - tap: Tapped on element 'Object Repository/CommonScreenElements/TakePictureButton'

2018-07-27 16:39:08 - [MESSAGE][WARNING] - Timeout '0' is invalid. Using default page load timeout: '15'

2018-07-27 16:39:11 - [MESSAGE][PASSED] - Tapped on element 'Object Repository/CommonScreenElements/TakePictureButton'

2018-07-27 16:39:11 - [TEST_STEP][PASSED] - delay: Delayed 5 second(s)

2018-07-27 16:39:16 - [MESSAGE][PASSED] - Delayed 5 second(s)

2018-07-27 16:39:16 - [TEST_STEP][PASSED] - tap: Tapped on element 'Object Repository/CommonScreenElements/DoneButton'

2018-07-27 16:39:16 - [MESSAGE][WARNING] - Timeout '0' is invalid. Using default page load timeout: '15'

2018-07-27 16:39:17 - [MESSAGE][PASSED] - Tapped on element 'Object Repository/CommonScreenElements/DoneButton'

2018-07-27 16:39:17 - [MESSAGE][PASSED] - Call Test Case 'Test Cases/ShopOpen/VisitShopOpen' successfully

2018-07-27 16:39:17 - [TEST_CASE][PASSED] - Test Cases/ShopOpen/VisitShopCategories: Test Cases/ShopOpen/VisitShopCategories

2018-07-27 16:39:18 - [TEST_STEP][PASSED] - verifyElementExist: Element 'Object Repository/ShopOpen/Validate_ShopCategoriesListScreen' is exist

2018-07-27 16:39:18 - [MESSAGE][WARNING] - Timeout '0' is invalid. Using default page load timeout: '15'

2018-07-27 16:39:20 - [MESSAGE][PASSED] - Element 'Object Repository/ShopOpen/Validate_ShopCategoriesListScreen' is exist

2018-07-27 16:39:20 - [TEST_STEP][PASSED] - com.ct.qa.keywords.CategoryVisitingScenariosKeywords.visitShopCategories: com.ct.qa.keywords.CategoryVisitingScenariosKeywords.visitShopCategories is PASSED

2018-07-27 16:39:22 - [TEST_CASE][PASSED] - Test Cases/ShopOpen/Chiller/VisitChillerWithChillerNotAllocated: Test Cases/ShopOpen/Chiller/VisitChillerWithChillerNotAllocated

2018-07-27 16:39:22 - [TEST_STEP][PASSED] - verifyElementText: Actual text and expected text of test object 'Object Repository/ShopOpen/Chiller/Validate_ChillerScreen' are matched.

2018-07-27 16:39:24 - [MESSAGE][PASSED] - Actual text and expected text of test object 'Object Repository/ShopOpen/Chiller/Validate_ChillerScreen' are matched.

2018-07-27 16:39:24 - [TEST_STEP][PASSED] - tap: Tapped on element 'Object Repository/ShopOpen/Chiller/ChillerNotAllocated'

2018-07-27 16:39:24 - [MESSAGE][WARNING] - Timeout '0' is invalid. Using default page load timeout: '15'

2018-07-27 16:39:24 - [MESSAGE][PASSED] - Tapped on element 'Object Repository/ShopOpen/Chiller/ChillerNotAllocated'

2018-07-27 16:39:24 - [TEST_STEP][PASSED] - verifyElementText: Actual text and expected text of test object 'Object Repository/ShopOpen/Chiller/Validate_ChillerNotAllocatedProductCategoryScreen' are matched.

2018-07-27 16:39:27 - [MESSAGE][PASSED] - Actual text and expected text of test object 'Object Repository/ShopOpen/Chiller/Validate_ChillerNotAllocatedProductCategoryScreen' are matched.

2018-07-27 16:39:27 - [TEST_STEP][PASSED] - com.ct.qa.keywords.ChannelKeywords.visitChillerNotAllocatedProductCategories: com.ct.qa.keywords.ChannelKeywords.visitChillerNotAllocatedProductCategories is PASSED

2018-07-27 16:39:31 - [TEST_CASE][PASSED] - Test Cases/ShopOpen/Chiller/VisitProductCategoryAssets: Test Cases/ShopOpen/Chiller/VisitProductCategoryAssets

2018-07-27 16:39:31 - [TEST_STEP][PASSED] - verifyElementText: Actual text and expected text of test object 'Object Repository/ShopOpen/Chiller/Validate_ProductCategoryAssetsScreen' are matched.

2018-07-27 16:39:33 - [MESSAGE][PASSED] - Actual text and expected text of test object 'Object Repository/ShopOpen/Chiller/Validate_ProductCategoryAssetsScreen' are matched.

2018-07-27 16:39:33 - [TEST_STEP][PASSED] - tap: Tapped on element 'Object Repository/ShopOpen/Chiller/Facing'

2018-07-27 16:39:33 - [MESSAGE][WARNING] - Timeout '0' is invalid. Using default page load timeout: '15'

2018-07-27 16:39:33 - [MESSAGE][PASSED] - Tapped on element 'Object Repository/ShopOpen/Chiller/Facing'

2018-07-27 16:39:33 - [TEST_STEP][PASSED] - verifyElementText: Actual text and expected text of test object 'Object Repository/ShopOpen/Chiller/Validate_FacingScreen' are matched.

2018-07-27 16:39:35 - [MESSAGE][PASSED] - Actual text and expected text of test object 'Object Repository/ShopOpen/Chiller/Validate_FacingScreen' are matched.

2018-07-27 16:39:35 - [TEST_STEP][PASSED] - com.ct.qa.keywords.ChannelKeywords.visitChannelWiseProductsData: com.ct.qa.keywords.ChannelKeywords.visitChannelWiseProductsData is PASSED

2018-07-27 16:39:39 - [MESSAGE][PASSED] - Keyboard is hidden

2018-07-27 16:39:42 - [MESSAGE][PASSED] - Keyboard is hidden

2018-07-27 16:39:45 - [MESSAGE][PASSED] - Keyboard is hidden

2018-07-27 16:39:48 - [MESSAGE][PASSED] - Keyboard is hidden

2018-07-27 16:39:51 - [MESSAGE][PASSED] - Keyboard is hidden

2018-07-27 16:39:52 - [MESSAGE][PASSED] - com.ct.qa.keywords.ChannelKeywords.visitChannelWiseProductsData is PASSED

2018-07-27 16:39:52 - [TEST_STEP][PASSED] - tap: Tapped on element 'Object Repository/ShopOpen/Chiller/SubmitButton'

2018-07-27 16:39:52 - [MESSAGE][WARNING] - Timeout '0' is invalid. Using default page load timeout: '15'

2018-07-27 16:39:53 - [MESSAGE][PASSED] - Tapped on element 'Object Repository/ShopOpen/Chiller/SubmitButton'

2018-07-27 16:39:53 - [TEST_STEP][PASSED] - verifyElementText: Actual text and expected text of test object 'Object Repository/ShopOpen/Chiller/Validate_ProductCategoryAssetsScreen' are matched.

2018-07-27 16:39:54 - [MESSAGE][PASSED] - Actual text and expected text of test object 'Object Repository/ShopOpen/Chiller/Validate_ProductCategoryAssetsScreen' are matched.

2018-07-27 16:39:54 - [TEST_STEP][PASSED] - tap: Tapped on element 'Object Repository/ShopOpen/Chiller/StockTaking'

2018-07-27 16:39:54 - [MESSAGE][WARNING] - Timeout '0' is invalid. Using default page load timeout: '15'

2018-07-27 16:39:55 - [MESSAGE][PASSED] - Tapped on element 'Object Repository/ShopOpen/Chiller/StockTaking'

2018-07-27 16:39:55 - [TEST_STEP][PASSED] - verifyElementText: Actual text and expected text of test object 'Object Repository/ShopOpen/Chiller/Validate_StockTakingScreen' are matched.

2018-07-27 16:39:57 - [MESSAGE][PASSED] - Actual text and expected text of test object 'Object Repository/ShopOpen/Chiller/Validate_StockTakingScreen' are matched.

2018-07-27 16:39:57 - [TEST_STEP][PASSED] - com.ct.qa.keywords.ChannelKeywords.visitChannelWiseProductsData: com.ct.qa.keywords.ChannelKeywords.visitChannelWiseProductsData is PASSED

2018-07-27 16:40:01 - [MESSAGE][PASSED] - Keyboard is hidden

2018-07-27 16:40:04 - [MESSAGE][PASSED] - Keyboard is hidden

2018-07-27 16:40:07 - [MESSAGE][PASSED] - Keyboard is hidden

2018-07-27 16:40:10 - [MESSAGE][PASSED] - Keyboard is hidden

2018-07-27 16:40:13 - [MESSAGE][PASSED] - Keyboard is hidden

2018-07-27 16:40:14 - [MESSAGE][PASSED] - com.ct.qa.keywords.ChannelKeywords.visitChannelWiseProductsData is PASSED

2018-07-27 16:40:14 - [TEST_STEP][PASSED] - tap: Tapped on element 'Object Repository/ShopOpen/Chiller/SubmitButton'

2018-07-27 16:40:14 - [MESSAGE][WARNING] - Timeout '0' is invalid. Using default page load timeout: '15'

2018-07-27 16:40:15 - [MESSAGE][PASSED] - Tapped on element 'Object Repository/ShopOpen/Chiller/SubmitButton'

2018-07-27 16:40:15 - [TEST_STEP][PASSED] - verifyElementText: Actual text and expected text of test object 'Object Repository/ShopOpen/Chiller/Validate_ProductCategoryAssetsScreen' are matched.

2018-07-27 16:40:16 - [MESSAGE][PASSED] - Actual text and expected text of test object 'Object Repository/ShopOpen/Chiller/Validate_ProductCategoryAssetsScreen' are matched.

2018-07-27 16:40:16 - [TEST_STEP][PASSED] - tap: Tapped on element 'Object Repository/ShopOpen/Chiller/ChillerNotAllocatedProductCategory_BackButton'

2018-07-27 16:40:16 - [MESSAGE][WARNING] - Timeout '0' is invalid. Using default page load timeout: '15'

2018-07-27 16:40:17 - [MESSAGE][PASSED] - Tapped on element 'Object Repository/ShopOpen/Chiller/ChillerNotAllocatedProductCategory_BackButton'

2018-07-27 16:40:17 - [MESSAGE][PASSED] - Call Test Case 'Test Cases/ShopOpen/Chiller/VisitProductCategoryAssets' successfully

2018-07-27 16:40:18 - [MESSAGE][PASSED] - Actual text and expected text of test object 'Object Repository/ShopOpen/Chiller/Validate_ChillerNotAllocatedProductCategoryScreen' are matched.

2018-07-27 16:40:19 - [TEST_CASE][PASSED] - Test Cases/ShopOpen/Chiller/VisitProductCategoryAssets: Test Cases/ShopOpen/Chiller/VisitProductCategoryAssets

2018-07-27 16:40:19 - [TEST_STEP][PASSED] - verifyElementText: Actual text and expected text of test object 'Object Repository/ShopOpen/Chiller/Validate_ProductCategoryAssetsScreen' are matched.

2018-07-27 16:40:21 - [MESSAGE][PASSED] - Actual text and expected text of test object 'Object Repository/ShopOpen/Chiller/Validate_ProductCategoryAssetsScreen' are matched.

2018-07-27 16:40:21 - [TEST_STEP][PASSED] - tap: Tapped on element 'Object Repository/ShopOpen/Chiller/Facing'

2018-07-27 16:40:21 - [MESSAGE][WARNING] - Timeout '0' is invalid. Using default page load timeout: '15'

2018-07-27 16:40:21 - [MESSAGE][PASSED] - Tapped on element 'Object Repository/ShopOpen/Chiller/Facing'

2018-07-27 16:40:21 - [TEST_STEP][PASSED] - verifyElementText: Actual text and expected text of test object 'Object Repository/ShopOpen/Chiller/Validate_FacingScreen' are matched.

2018-07-27 16:40:23 - [MESSAGE][PASSED] - Actual text and expected text of test object 'Object Repository/ShopOpen/Chiller/Validate_FacingScreen' are matched.

2018-07-27 16:40:23 - [TEST_STEP][PASSED] - com.ct.qa.keywords.ChannelKeywords.visitChannelWiseProductsData: com.ct.qa.keywords.ChannelKeywords.visitChannelWiseProductsData is PASSED

2018-07-27 16:40:27 - [MESSAGE][PASSED] - Keyboard is hidden

2018-07-27 16:40:30 - [MESSAGE][PASSED] - Keyboard is hidden

2018-07-27 16:40:33 - [MESSAGE][PASSED] - Keyboard is hidden

2018-07-27 16:40:36 - [MESSAGE][PASSED] - Keyboard is hidden

2018-07-27 16:40:39 - [MESSAGE][PASSED] - Keyboard is hidden

2018-07-27 16:40:42 - [MESSAGE][PASSED] - Keyboard is hidden

2018-07-27 16:40:45 - [MESSAGE][PASSED] - Swiped from 65,359 to 65,250

2018-07-27 16:40:46 - [MESSAGE][PASSED] - com.ct.qa.keywords.ChannelKeywords.visitChannelWiseProductsData is PASSED

2018-07-27 16:40:46 - [TEST_STEP][PASSED] - tap: Tapped on element 'Object Repository/ShopOpen/Chiller/SubmitButton'

2018-07-27 16:40:46 - [MESSAGE][WARNING] - Timeout '0' is invalid. Using default page load timeout: '15'

2018-07-27 16:40:46 - [MESSAGE][PASSED] - Tapped on element 'Object Repository/ShopOpen/Chiller/SubmitButton'

2018-07-27 16:40:46 - [TEST_STEP][PASSED] - verifyElementText: Actual text and expected text of test object 'Object Repository/ShopOpen/Chiller/Validate_ProductCategoryAssetsScreen' are matched.

2018-07-27 16:40:47 - [MESSAGE][PASSED] - Actual text and expected text of test object 'Object Repository/ShopOpen/Chiller/Validate_ProductCategoryAssetsScreen' are matched.

2018-07-27 16:40:47 - [TEST_STEP][PASSED] - tap: Tapped on element 'Object Repository/ShopOpen/Chiller/StockTaking'

2018-07-27 16:40:47 - [MESSAGE][WARNING] - Timeout '0' is invalid. Using default page load timeout: '15'

2018-07-27 16:40:48 - [MESSAGE][PASSED] - Tapped on element 'Object Repository/ShopOpen/Chiller/StockTaking'

2018-07-27 16:40:48 - [TEST_STEP][PASSED] - verifyElementText: Actual text and expected text of test object 'Object Repository/ShopOpen/Chiller/Validate_StockTakingScreen' are matched.

2018-07-27 16:40:50 - [MESSAGE][PASSED] - Actual text and expected text of test object 'Object Repository/ShopOpen/Chiller/Validate_StockTakingScreen' are matched.

2018-07-27 16:40:50 - [TEST_STEP][PASSED] - com.ct.qa.keywords.ChannelKeywords.visitChannelWiseProductsData: com.ct.qa.keywords.ChannelKeywords.visitChannelWiseProductsData is PASSED

2018-07-27 16:40:54 - [MESSAGE][PASSED] - Keyboard is hidden

2018-07-27 16:40:57 - [MESSAGE][PASSED] - Keyboard is hidden

2018-07-27 16:41:00 - [MESSAGE][PASSED] - Keyboard is hidden

2018-07-27 16:41:04 - [MESSAGE][PASSED] - Keyboard is hidden

2018-07-27 16:41:07 - [MESSAGE][PASSED] - Keyboard is hidden

2018-07-27 16:41:10 - [MESSAGE][PASSED] - Keyboard is hidden

2018-07-27 16:41:14 - [MESSAGE][PASSED] - Swiped from 65,359 to 65,250

2018-07-27 16:41:15 - [MESSAGE][PASSED] - com.ct.qa.keywords.ChannelKeywords.visitChannelWiseProductsData is PASSED

2018-07-27 16:41:15 - [TEST_STEP][PASSED] - tap: Tapped on element 'Object Repository/ShopOpen/Chiller/SubmitButton'

2018-07-27 16:41:15 - [MESSAGE][WARNING] - Timeout '0' is invalid. Using default page load timeout: '15'

2018-07-27 16:41:16 - [MESSAGE][PASSED] - Tapped on element 'Object Repository/ShopOpen/Chiller/SubmitButton'

2018-07-27 16:41:16 - [TEST_STEP][PASSED] - verifyElementText: Actual text and expected text of test object 'Object Repository/ShopOpen/Chiller/Validate_ProductCategoryAssetsScreen' are matched.

2018-07-27 16:41:17 - [MESSAGE][PASSED] - Actual text and expected text of test object 'Object Repository/ShopOpen/Chiller/Validate_ProductCategoryAssetsScreen' are matched.

2018-07-27 16:41:17 - [TEST_STEP][PASSED] - tap: Tapped on element 'Object Repository/ShopOpen/Chiller/ChillerNotAllocatedProductCategory_BackButton'

2018-07-27 16:41:17 - [MESSAGE][WARNING] - Timeout '0' is invalid. Using default page load timeout: '15'

2018-07-27 16:41:17 - [MESSAGE][PASSED] - Tapped on element 'Object Repository/ShopOpen/Chiller/ChillerNotAllocatedProductCategory_BackButton'

2018-07-27 16:41:17 - [MESSAGE][PASSED] - Call Test Case 'Test Cases/ShopOpen/Chiller/VisitProductCategoryAssets' successfully

2018-07-27 16:41:18 - [MESSAGE][PASSED] - Actual text and expected text of test object 'Object Repository/ShopOpen/Chiller/Validate_ChillerNotAllocatedProductCategoryScreen' are matched.

2018-07-27 16:41:19 - [TEST_CASE][PASSED] - Test Cases/ShopOpen/Chiller/VisitProductCategoryAssets: Test Cases/ShopOpen/Chiller/VisitProductCategoryAssets

2018-07-27 16:41:19 - [TEST_STEP][PASSED] - verifyElementText: Actual text and expected text of test object 'Object Repository/ShopOpen/Chiller/Validate_ProductCategoryAssetsScreen' are matched.

2018-07-27 16:41:21 - [MESSAGE][PASSED] - Actual text and expected text of test object 'Object Repository/ShopOpen/Chiller/Validate_ProductCategoryAssetsScreen' are matched.

2018-07-27 16:41:21 - [TEST_STEP][PASSED] - tap: Tapped on element 'Object Repository/ShopOpen/Chiller/Facing'

2018-07-27 16:41:21 - [MESSAGE][WARNING] - Timeout '0' is invalid. Using default page load timeout: '15'

2018-07-27 16:41:21 - [MESSAGE][PASSED] - Tapped on element 'Object Repository/ShopOpen/Chiller/Facing'

2018-07-27 16:41:21 - [TEST_STEP][PASSED] - verifyElementText: Actual text and expected text of test object 'Object Repository/ShopOpen/Chiller/Validate_FacingScreen' are matched.

2018-07-27 16:41:23 - [MESSAGE][PASSED] - Actual text and expected text of test object 'Object Repository/ShopOpen/Chiller/Validate_FacingScreen' are matched.

2018-07-27 16:41:23 - [TEST_STEP][PASSED] - com.ct.qa.keywords.ChannelKeywords.visitChannelWiseProductsData: com.ct.qa.keywords.ChannelKeywords.visitChannelWiseProductsData is PASSED

2018-07-27 16:41:26 - [MESSAGE][PASSED] - Keyboard is hidden

2018-07-27 16:41:27 - [MESSAGE][PASSED] - com.ct.qa.keywords.ChannelKeywords.visitChannelWiseProductsData is PASSED

2018-07-27 16:41:27 - [TEST_STEP][PASSED] - tap: Tapped on element 'Object Repository/ShopOpen/Chiller/SubmitButton'

2018-07-27 16:41:27 - [MESSAGE][WARNING] - Timeout '0' is invalid. Using default page load timeout: '15'

2018-07-27 16:41:27 - [MESSAGE][PASSED] - Tapped on element 'Object Repository/ShopOpen/Chiller/SubmitButton'

2018-07-27 16:41:27 - [TEST_STEP][PASSED] - verifyElementText: Actual text and expected text of test object 'Object Repository/ShopOpen/Chiller/Validate_ProductCategoryAssetsScreen' are matched.

2018-07-27 16:41:28 - [MESSAGE][PASSED] - Actual text and expected text of test object 'Object Repository/ShopOpen/Chiller/Validate_ProductCategoryAssetsScreen' are matched.

2018-07-27 16:41:28 - [TEST_STEP][PASSED] - tap: Tapped on element 'Object Repository/ShopOpen/Chiller/StockTaking'

2018-07-27 16:41:28 - [MESSAGE][WARNING] - Timeout '0' is invalid. Using default page load timeout: '15'

2018-07-27 16:41:29 - [MESSAGE][PASSED] - Tapped on element 'Object Repository/ShopOpen/Chiller/StockTaking'

2018-07-27 16:41:29 - [TEST_STEP][PASSED] - verifyElementText: Actual text and expected text of test object 'Object Repository/ShopOpen/Chiller/Validate_StockTakingScreen' are matched.

2018-07-27 16:41:31 - [MESSAGE][PASSED] - Actual text and expected text of test object 'Object Repository/ShopOpen/Chiller/Validate_StockTakingScreen' are matched.

2018-07-27 16:41:31 - [TEST_STEP][PASSED] - com.ct.qa.keywords.ChannelKeywords.visitChannelWiseProductsData: com.ct.qa.keywords.ChannelKeywords.visitChannelWiseProductsData is PASSED

2018-07-27 16:41:34 - [MESSAGE][PASSED] - Keyboard is hidden

2018-07-27 16:41:35 - [MESSAGE][PASSED] - com.ct.qa.keywords.ChannelKeywords.visitChannelWiseProductsData is PASSED

2018-07-27 16:41:35 - [TEST_STEP][PASSED] - tap: Tapped on element 'Object Repository/ShopOpen/Chiller/SubmitButton'

2018-07-27 16:41:35 - [MESSAGE][WARNING] - Timeout '0' is invalid. Using default page load timeout: '15'

2018-07-27 16:41:36 - [MESSAGE][PASSED] - Tapped on element 'Object Repository/ShopOpen/Chiller/SubmitButton'

2018-07-27 16:41:36 - [TEST_STEP][PASSED] - verifyElementText: Actual text and expected text of test object 'Object Repository/ShopOpen/Chiller/Validate_ProductCategoryAssetsScreen' are matched.

2018-07-27 16:41:37 - [MESSAGE][PASSED] - Actual text and expected text of test object 'Object Repository/ShopOpen/Chiller/Validate_ProductCategoryAssetsScreen' are matched.

2018-07-27 16:41:37 - [TEST_STEP][PASSED] - tap: Tapped on element 'Object Repository/ShopOpen/Chiller/ChillerNotAllocatedProductCategory_BackButton'

2018-07-27 16:41:37 - [MESSAGE][WARNING] - Timeout '0' is invalid. Using default page load timeout: '15'

2018-07-27 16:41:37 - [MESSAGE][PASSED] - Tapped on element 'Object Repository/ShopOpen/Chiller/ChillerNotAllocatedProductCategory_BackButton'

2018-07-27 16:41:37 - [MESSAGE][PASSED] - Call Test Case 'Test Cases/ShopOpen/Chiller/VisitProductCategoryAssets' successfully

2018-07-27 16:41:38 - [MESSAGE][PASSED] - Actual text and expected text of test object 'Object Repository/ShopOpen/Chiller/Validate_ChillerNotAllocatedProductCategoryScreen' are matched.

2018-07-27 16:41:39 - [TEST_CASE][PASSED] - Test Cases/ShopOpen/Chiller/VisitProductCategoryAssets: Test Cases/ShopOpen/Chiller/VisitProductCategoryAssets

2018-07-27 16:41:39 - [TEST_STEP][PASSED] - verifyElementText: Actual text and expected text of test object 'Object Repository/ShopOpen/Chiller/Validate_ProductCategoryAssetsScreen' are matched.

2018-07-27 16:41:41 - [MESSAGE][PASSED] - Actual text and expected text of test object 'Object Repository/ShopOpen/Chiller/Validate_ProductCategoryAssetsScreen' are matched.

2018-07-27 16:41:41 - [TEST_STEP][PASSED] - tap: Tapped on element 'Object Repository/ShopOpen/Chiller/Facing'

2018-07-27 16:41:41 - [MESSAGE][WARNING] - Timeout '0' is invalid. Using default page load timeout: '15'

2018-07-27 16:41:41 - [MESSAGE][PASSED] - Tapped on element 'Object Repository/ShopOpen/Chiller/Facing'

2018-07-27 16:41:41 - [TEST_STEP][PASSED] - verifyElementText: Actual text and expected text of test object 'Object Repository/ShopOpen/Chiller/Validate_FacingScreen' are matched.

2018-07-27 16:41:43 - [MESSAGE][PASSED] - Actual text and expected text of test object 'Object Repository/ShopOpen/Chiller/Validate_FacingScreen' are matched.

2018-07-27 16:41:43 - [TEST_STEP][PASSED] - com.ct.qa.keywords.ChannelKeywords.visitChannelWiseProductsData: com.ct.qa.keywords.ChannelKeywords.visitChannelWiseProductsData is PASSED

2018-07-27 16:41:47 - [MESSAGE][PASSED] - Keyboard is hidden

2018-07-27 16:41:50 - [MESSAGE][PASSED] - Keyboard is hidden

2018-07-27 16:41:51 - [MESSAGE][PASSED] - com.ct.qa.keywords.ChannelKeywords.visitChannelWiseProductsData is PASSED

2018-07-27 16:41:51 - [TEST_STEP][PASSED] - tap: Tapped on element 'Object Repository/ShopOpen/Chiller/SubmitButton'

2018-07-27 16:41:51 - [MESSAGE][WARNING] - Timeout '0' is invalid. Using default page load timeout: '15'

2018-07-27 16:41:52 - [MESSAGE][PASSED] - Tapped on element 'Object Repository/ShopOpen/Chiller/SubmitButton'

2018-07-27 16:41:52 - [TEST_STEP][PASSED] - verifyElementText: Actual text and expected text of test object 'Object Repository/ShopOpen/Chiller/Validate_ProductCategoryAssetsScreen' are matched.

2018-07-27 16:41:53 - [MESSAGE][PASSED] - Actual text and expected text of test object 'Object Repository/ShopOpen/Chiller/Validate_ProductCategoryAssetsScreen' are matched.

2018-07-27 16:41:53 - [TEST_STEP][PASSED] - tap: Tapped on element 'Object Repository/ShopOpen/Chiller/StockTaking'

2018-07-27 16:41:53 - [MESSAGE][WARNING] - Timeout '0' is invalid. Using default page load timeout: '15'

2018-07-27 16:41:53 - [MESSAGE][PASSED] - Tapped on element 'Object Repository/ShopOpen/Chiller/StockTaking'

2018-07-27 16:41:53 - [TEST_STEP][PASSED] - verifyElementText: Actual text and expected text of test object 'Object Repository/ShopOpen/Chiller/Validate_StockTakingScreen' are matched.

2018-07-27 16:41:55 - [MESSAGE][PASSED] - Actual text and expected text of test object 'Object Repository/ShopOpen/Chiller/Validate_StockTakingScreen' are matched.

2018-07-27 16:41:55 - [TEST_STEP][PASSED] - com.ct.qa.keywords.ChannelKeywords.visitChannelWiseProductsData: com.ct.qa.keywords.ChannelKeywords.visitChannelWiseProductsData is PASSED

2018-07-27 16:41:58 - [MESSAGE][PASSED] - Keyboard is hidden

2018-07-27 16:42:01 - [MESSAGE][PASSED] - Keyboard is hidden

2018-07-27 16:42:02 - [MESSAGE][PASSED] - com.ct.qa.keywords.ChannelKeywords.visitChannelWiseProductsData is PASSED

2018-07-27 16:42:02 - [TEST_STEP][PASSED] - tap: Tapped on element 'Object Repository/ShopOpen/Chiller/SubmitButton'

2018-07-27 16:42:02 - [MESSAGE][WARNING] - Timeout '0' is invalid. Using default page load timeout: '15'

2018-07-27 16:42:02 - [MESSAGE][PASSED] - Tapped on element 'Object Repository/ShopOpen/Chiller/SubmitButton'

2018-07-27 16:42:02 - [TEST_STEP][PASSED] - verifyElementText: Actual text and expected text of test object 'Object Repository/ShopOpen/Chiller/Validate_ProductCategoryAssetsScreen' are matched.

2018-07-27 16:42:03 - [MESSAGE][PASSED] - Actual text and expected text of test object 'Object Repository/ShopOpen/Chiller/Validate_ProductCategoryAssetsScreen' are matched.

2018-07-27 16:42:03 - [TEST_STEP][PASSED] - tap: Tapped on element 'Object Repository/ShopOpen/Chiller/ChillerNotAllocatedProductCategory_BackButton'

2018-07-27 16:42:03 - [MESSAGE][WARNING] - Timeout '0' is invalid. Using default page load timeout: '15'

2018-07-27 16:42:04 - [MESSAGE][PASSED] - Tapped on element 'Object Repository/ShopOpen/Chiller/ChillerNotAllocatedProductCategory_BackButton'

2018-07-27 16:42:04 - [MESSAGE][PASSED] - Call Test Case 'Test Cases/ShopOpen/Chiller/VisitProductCategoryAssets' successfully

2018-07-27 16:42:05 - [MESSAGE][PASSED] - Actual text and expected text of test object 'Object Repository/ShopOpen/Chiller/Validate_ChillerNotAllocatedProductCategoryScreen' are matched.

2018-07-27 16:42:05 - [MESSAGE][PASSED] - com.ct.qa.keywords.ChannelKeywords.visitChillerNotAllocatedProductCategories is PASSED

2018-07-27 16:42:05 - [TEST_STEP][PASSED] - verifyElementText: Actual text and expected text of test object 'Object Repository/ShopOpen/Chiller/Validate_ChillerNotAllocatedProductCategoryScreen' are matched.

2018-07-27 16:42:05 - [MESSAGE][PASSED] - Actual text and expected text of test object 'Object Repository/ShopOpen/Chiller/Validate_ChillerNotAllocatedProductCategoryScreen' are matched.

2018-07-27 16:42:05 - [TEST_STEP][PASSED] - tap: Tapped on element 'Object Repository/ShopOpen/Chiller/Planogram_ImageView'

2018-07-27 16:42:05 - [MESSAGE][WARNING] - Timeout '0' is invalid. Using default page load timeout: '15'

2018-07-27 16:42:06 - [MESSAGE][PASSED] - Tapped on element 'Object Repository/ShopOpen/Chiller/Planogram_ImageView'

2018-07-27 16:42:06 - [TEST_STEP][PASSED] - com.ct.qa.keywords.CommonKeywords.checkPlanogramAvailability: com.ct.qa.keywords.CommonKeywords.checkPlanogramAvailability is PASSED

2018-07-27 16:42:06 - [MESSAGE][WARNING] - Timeout '0' is invalid. Using default page load timeout: '15'

2018-07-27 16:42:22 - [MESSAGE][WARNING] - Object Object Repository/CommonScreenElements/InfoPopUp_OKButton not found
[[ATTACHMENT|F:\\Git Projects\\MMAPlus_Merchandising\\MMAPlus_Merchandising\\Reports\\MMA Plus Merchandising With Chiller Data Verification\\20180727_163727\\1532691741567.png]]

2018-07-27 16:42:22 - [MESSAGE][PASSED] - com.ct.qa.keywords.CommonKeywords.checkPlanogramAvailability is PASSED

2018-07-27 16:42:22 - [TEST_STEP][PASSED] - com.ct.qa.keywords.CommonKeywords.closePlanogram: com.ct.qa.keywords.CommonKeywords.closePlanogram is PASSED

2018-07-27 16:42:23 - [MESSAGE][PASSED] - com.ct.qa.keywords.CommonKeywords.closePlanogram is PASSED

2018-07-27 16:42:23 - [TEST_STEP][PASSED] - verifyElementText: Actual text and expected text of test object 'Object Repository/ShopOpen/Chiller/Validate_ChillerNotAllocatedProductCategoryScreen' are matched.

2018-07-27 16:42:24 - [MESSAGE][PASSED] - Actual text and expected text of test object 'Object Repository/ShopOpen/Chiller/Validate_ChillerNotAllocatedProductCategoryScreen' are matched.

2018-07-27 16:42:24 - [TEST_STEP][PASSED] - com.ct.qa.keywords.CommonKeywords.findPictureImageView: com.ct.qa.keywords.CommonKeywords.findPictureImageView is PASSED

2018-07-27 16:42:24 - [MESSAGE][WARNING] - Timeout '0' is invalid. Using default page load timeout: '15'

2018-07-27 16:42:26 - [MESSAGE][PASSED] - Tapped on element 'Object Repository/CommonScreenElements/Picture_ImageView'

2018-07-27 16:42:26 - [MESSAGE][WARNING] - Timeout '0' is invalid. Using default page load timeout: '15'

2018-07-27 16:42:27 - [MESSAGE][PASSED] - Element 'Object Repository/CommonScreenElements/Validate_CameraScreen' is exist

2018-07-27 16:42:27 - [MESSAGE][WARNING] - Timeout '0' is invalid. Using default page load timeout: '15'

2018-07-27 16:42:30 - [MESSAGE][PASSED] - Tapped on element 'Object Repository/CommonScreenElements/TakePictureButton'

2018-07-27 16:42:35 - [MESSAGE][PASSED] - Delayed 5 second(s)

2018-07-27 16:42:35 - [MESSAGE][WARNING] - Timeout '0' is invalid. Using default page load timeout: '15'

2018-07-27 16:42:36 - [MESSAGE][PASSED] - Tapped on element 'Object Repository/CommonScreenElements/DoneButton'

2018-07-27 16:42:36 - [MESSAGE][PASSED] - com.ct.qa.keywords.CommonKeywords.findPictureImageView is PASSED

2018-07-27 16:42:36 - [TEST_STEP][PASSED] - verifyElementText: Actual text and expected text of test object 'Object Repository/ShopOpen/Chiller/Validate_ChillerNotAllocatedProductCategoryScreen' are matched.

2018-07-27 16:42:37 - [MESSAGE][PASSED] - Actual text and expected text of test object 'Object Repository/ShopOpen/Chiller/Validate_ChillerNotAllocatedProductCategoryScreen' are matched.

2018-07-27 16:42:37 - [TEST_STEP][PASSED] - tap: Tapped on element 'Object Repository/ShopOpen/Chiller/ChillerNotAllocatedProductCategory_BackButton'

2018-07-27 16:42:37 - [MESSAGE][WARNING] - Timeout '0' is invalid. Using default page load timeout: '15'

2018-07-27 16:42:39 - [MESSAGE][PASSED] - Tapped on element 'Object Repository/ShopOpen/Chiller/ChillerNotAllocatedProductCategory_BackButton'

2018-07-27 16:42:39 - [TEST_STEP][PASSED] - verifyElementExist: Element 'Object Repository/ShopOpen/Validate_ShopCategoriesListScreen' is exist

2018-07-27 16:42:39 - [MESSAGE][WARNING] - Timeout '0' is invalid. Using default page load timeout: '15'

2018-07-27 16:42:41 - [MESSAGE][PASSED] - Element 'Object Repository/ShopOpen/Validate_ShopCategoriesListScreen' is exist

2018-07-27 16:42:41 - [MESSAGE][PASSED] - Call Test Case 'Test Cases/ShopOpen/Chiller/VisitChillerWithChillerNotAllocated' successfully

2018-07-27 16:42:41 - [TEST_CASE][PASSED] - Test Cases/ShopOpen/RemainingCategories/VisitRemainingCategoriesWithDSA: Test Cases/ShopOpen/RemainingCategories/VisitRemainingCategoriesWithDSA

2018-07-27 16:42:41 - [TEST_STEP][PASSED] - verifyElementText: Actual text and expected text of test object 'Object Repository/ShopOpen/RemainingCategories/Validate_RemainingCategoriesDetailScreen' are matched.

2018-07-27 16:42:43 - [MESSAGE][PASSED] - Actual text and expected text of test object 'Object Repository/ShopOpen/RemainingCategories/Validate_RemainingCategoriesDetailScreen' are matched.

2018-07-27 16:42:43 - [TEST_STEP][PASSED] - tap: Tapped on element 'Object Repository/ShopOpen/RemainingCategories/DisplaySpaceAvailable'

2018-07-27 16:42:43 - [MESSAGE][WARNING] - Timeout '0' is invalid. Using default page load timeout: '15'

2018-07-27 16:42:44 - [MESSAGE][PASSED] - Tapped on element 'Object Repository/ShopOpen/RemainingCategories/DisplaySpaceAvailable'

2018-07-27 16:42:44 - [TEST_STEP][PASSED] - verifyElementText: Actual text and expected text of test object 'Object Repository/ShopOpen/RemainingCategories/Validate_ProductCategoryAssetScreen' are matched.

2018-07-27 16:42:46 - [MESSAGE][PASSED] - Actual text and expected text of test object 'Object Repository/ShopOpen/RemainingCategories/Validate_ProductCategoryAssetScreen' are matched.

2018-07-27 16:42:46 - [TEST_STEP][PASSED] - tap: Tapped on element 'Object Repository/ShopOpen/RemainingCategories/Facing'

2018-07-27 16:42:46 - [MESSAGE][WARNING] - Timeout '0' is invalid. Using default page load timeout: '15'

2018-07-27 16:42:46 - [MESSAGE][PASSED] - Tapped on element 'Object Repository/ShopOpen/RemainingCategories/Facing'

2018-07-27 16:42:46 - [TEST_STEP][PASSED] - verifyElementText: Actual text and expected text of test object 'Object Repository/ShopOpen/RemainingCategories/Validate_FacingScreen' are matched.

2018-07-27 16:42:48 - [MESSAGE][PASSED] - Actual text and expected text of test object 'Object Repository/ShopOpen/RemainingCategories/Validate_FacingScreen' are matched.

2018-07-27 16:42:48 - [TEST_STEP][PASSED] - com.ct.qa.keywords.ChannelKeywords.visitChannelWiseProductsData: com.ct.qa.keywords.ChannelKeywords.visitChannelWiseProductsData is PASSED

2018-07-27 16:42:52 - [MESSAGE][PASSED] - Keyboard is hidden

2018-07-27 16:42:55 - [MESSAGE][PASSED] - Keyboard is hidden

2018-07-27 16:42:58 - [MESSAGE][PASSED] - Keyboard is hidden

2018-07-27 16:43:01 - [MESSAGE][PASSED] - Keyboard is hidden

2018-07-27 16:43:04 - [MESSAGE][PASSED] - Keyboard is hidden

2018-07-27 16:43:07 - [MESSAGE][PASSED] - Keyboard is hidden

2018-07-27 16:43:10 - [MESSAGE][PASSED] - Swiped from 50,359 to 50,250

2018-07-27 16:43:13 - [MESSAGE][PASSED] - Keyboard is hidden

2018-07-27 16:43:15 - [MESSAGE][PASSED] - Swiped from 50,359 to 50,250

2018-07-27 16:43:18 - [MESSAGE][PASSED] - Keyboard is hidden

2018-07-27 16:43:20 - [MESSAGE][PASSED] - Swiped from 50,359 to 50,250

2018-07-27 16:43:23 - [MESSAGE][PASSED] - Keyboard is hidden

2018-07-27 16:43:25 - [MESSAGE][PASSED] - Swiped from 50,359 to 50,250

2018-07-27 16:43:28 - [MESSAGE][PASSED] - Keyboard is hidden

2018-07-27 16:43:30 - [MESSAGE][PASSED] - Swiped from 50,359 to 50,250

2018-07-27 16:43:33 - [MESSAGE][PASSED] - Keyboard is hidden

2018-07-27 16:43:35 - [MESSAGE][PASSED] - Swiped from 50,359 to 50,250

2018-07-27 16:43:38 - [MESSAGE][PASSED] - Keyboard is hidden

2018-07-27 16:43:40 - [MESSAGE][PASSED] - Swiped from 50,359 to 50,250

2018-07-27 16:43:41 - [MESSAGE][PASSED] - com.ct.qa.keywords.ChannelKeywords.visitChannelWiseProductsData is PASSED

2018-07-27 16:43:41 - [TEST_STEP][PASSED] - tap: Tapped on element 'Object Repository/ShopOpen/RemainingCategories/SubmitButton'

2018-07-27 16:43:41 - [MESSAGE][WARNING] - Timeout '0' is invalid. Using default page load timeout: '15'

2018-07-27 16:43:41 - [MESSAGE][PASSED] - Tapped on element 'Object Repository/ShopOpen/RemainingCategories/SubmitButton'

2018-07-27 16:43:41 - [TEST_STEP][PASSED] - verifyElementText: Actual text and expected text of test object 'Object Repository/ShopOpen/RemainingCategories/Validate_ProductCategoryAssetScreen' are matched.

2018-07-27 16:43:42 - [MESSAGE][PASSED] - Actual text and expected text of test object 'Object Repository/ShopOpen/RemainingCategories/Validate_ProductCategoryAssetScreen' are matched.

2018-07-27 16:43:42 - [TEST_STEP][PASSED] - tap: Tapped on element 'Object Repository/ShopOpen/RemainingCategories/StockTaking'

2018-07-27 16:43:42 - [MESSAGE][WARNING] - Timeout '0' is invalid. Using default page load timeout: '15'

2018-07-27 16:43:43 - [MESSAGE][PASSED] - Tapped on element 'Object Repository/ShopOpen/RemainingCategories/StockTaking'

2018-07-27 16:43:43 - [TEST_STEP][PASSED] - verifyElementText: Actual text and expected text of test object 'Object Repository/ShopOpen/RemainingCategories/Validate_StockTakingScreen' are matched.

2018-07-27 16:43:45 - [MESSAGE][PASSED] - Actual text and expected text of test object 'Object Repository/ShopOpen/RemainingCategories/Validate_StockTakingScreen' are matched.

2018-07-27 16:43:45 - [TEST_STEP][PASSED] - com.ct.qa.keywords.ChannelKeywords.visitChannelWiseProductsData: com.ct.qa.keywords.ChannelKeywords.visitChannelWiseProductsData is PASSED

2018-07-27 16:43:50 - [MESSAGE][PASSED] - Keyboard is hidden

2018-07-27 16:43:53 - [MESSAGE][PASSED] - Keyboard is hidden

2018-07-27 16:43:56 - [MESSAGE][PASSED] - Keyboard is hidden

2018-07-27 16:43:59 - [MESSAGE][PASSED] - Keyboard is hidden

2018-07-27 16:44:02 - [MESSAGE][PASSED] - Keyboard is hidden

2018-07-27 16:44:05 - [MESSAGE][PASSED] - Keyboard is hidden

2018-07-27 16:44:09 - [MESSAGE][PASSED] - Swiped from 50,359 to 50,250

2018-07-27 16:44:12 - [MESSAGE][PASSED] - Keyboard is hidden

2018-07-27 16:44:14 - [MESSAGE][PASSED] - Swiped from 50,359 to 50,250

2018-07-27 16:44:17 - [MESSAGE][PASSED] - Keyboard is hidden

2018-07-27 16:44:19 - [MESSAGE][PASSED] - Swiped from 50,359 to 50,250

2018-07-27 16:44:22 - [MESSAGE][PASSED] - Keyboard is hidden

2018-07-27 16:44:24 - [MESSAGE][PASSED] - Swiped from 50,359 to 50,250

2018-07-27 16:44:27 - [MESSAGE][PASSED] - Keyboard is hidden

2018-07-27 16:44:28 - [MESSAGE][PASSED] - Swiped from 50,359 to 50,250

2018-07-27 16:44:32 - [MESSAGE][PASSED] - Keyboard is hidden

2018-07-27 16:44:34 - [MESSAGE][PASSED] - Swiped from 50,359 to 50,250

2018-07-27 16:44:37 - [MESSAGE][PASSED] - Keyboard is hidden

2018-07-27 16:44:39 - [MESSAGE][PASSED] - Swiped from 50,359 to 50,250

2018-07-27 16:44:40 - [MESSAGE][PASSED] - com.ct.qa.keywords.ChannelKeywords.visitChannelWiseProductsData is PASSED

2018-07-27 16:44:40 - [TEST_STEP][PASSED] - tap: Tapped on element 'Object Repository/ShopOpen/RemainingCategories/SubmitButton'

2018-07-27 16:44:40 - [MESSAGE][WARNING] - Timeout '0' is invalid. Using default page load timeout: '15'

2018-07-27 16:44:41 - [MESSAGE][PASSED] - Tapped on element 'Object Repository/ShopOpen/RemainingCategories/SubmitButton'

2018-07-27 16:44:41 - [TEST_STEP][PASSED] - verifyElementText: Actual text and expected text of test object 'Object Repository/ShopOpen/RemainingCategories/Validate_ProductCategoryAssetScreen' are matched.

2018-07-27 16:44:42 - [MESSAGE][PASSED] - Actual text and expected text of test object 'Object Repository/ShopOpen/RemainingCategories/Validate_ProductCategoryAssetScreen' are matched.

2018-07-27 16:44:42 - [TEST_STEP][PASSED] - tap: Tapped on element 'Object Repository/ShopOpen/RemainingCategories/planogram_ImageView'

2018-07-27 16:44:42 - [MESSAGE][WARNING] - Timeout '0' is invalid. Using default page load timeout: '15'

2018-07-27 16:44:42 - [MESSAGE][PASSED] - Tapped on element 'Object Repository/ShopOpen/RemainingCategories/planogram_ImageView'

2018-07-27 16:44:42 - [TEST_STEP][PASSED] - com.ct.qa.keywords.CommonKeywords.checkPlanogramAvailability: com.ct.qa.keywords.CommonKeywords.checkPlanogramAvailability is PASSED

2018-07-27 16:44:42 - [MESSAGE][WARNING] - Timeout '0' is invalid. Using default page load timeout: '15'

2018-07-27 16:44:58 - [MESSAGE][WARNING] - Object Object Repository/CommonScreenElements/InfoPopUp_OKButton not found
[[ATTACHMENT|F:\\Git Projects\\MMAPlus_Merchandising\\MMAPlus_Merchandising\\Reports\\MMA Plus Merchandising With Chiller Data Verification\\20180727_163727\\1532691897903.png]]

2018-07-27 16:44:58 - [MESSAGE][PASSED] - com.ct.qa.keywords.CommonKeywords.checkPlanogramAvailability is PASSED

2018-07-27 16:44:58 - [TEST_STEP][PASSED] - com.ct.qa.keywords.CommonKeywords.closePlanogram: com.ct.qa.keywords.CommonKeywords.closePlanogram is PASSED

2018-07-27 16:44:59 - [MESSAGE][PASSED] - com.ct.qa.keywords.CommonKeywords.closePlanogram is PASSED

2018-07-27 16:44:59 - [TEST_STEP][PASSED] - verifyElementText: Actual text and expected text of test object 'Object Repository/ShopOpen/RemainingCategories/Validate_ProductCategoryAssetScreen' are matched.

2018-07-27 16:45:00 - [MESSAGE][PASSED] - Actual text and expected text of test object 'Object Repository/ShopOpen/RemainingCategories/Validate_ProductCategoryAssetScreen' are matched.

2018-07-27 16:45:00 - [TEST_STEP][PASSED] - com.ct.qa.keywords.CommonKeywords.findPictureImageView: com.ct.qa.keywords.CommonKeywords.findPictureImageView is PASSED

2018-07-27 16:45:00 - [MESSAGE][WARNING] - Timeout '0' is invalid. Using default page load timeout: '15'

2018-07-27 16:45:02 - [MESSAGE][PASSED] - Tapped on element 'Object Repository/CommonScreenElements/Picture_ImageView'

2018-07-27 16:45:02 - [MESSAGE][WARNING] - Timeout '0' is invalid. Using default page load timeout: '15'

2018-07-27 16:45:03 - [MESSAGE][PASSED] - Element 'Object Repository/CommonScreenElements/Validate_CameraScreen' is exist

2018-07-27 16:45:03 - [MESSAGE][WARNING] - Timeout '0' is invalid. Using default page load timeout: '15'

2018-07-27 16:45:06 - [MESSAGE][PASSED] - Tapped on element 'Object Repository/CommonScreenElements/TakePictureButton'

2018-07-27 16:45:11 - [MESSAGE][PASSED] - Delayed 5 second(s)

2018-07-27 16:45:11 - [MESSAGE][WARNING] - Timeout '0' is invalid. Using default page load timeout: '15'

2018-07-27 16:45:12 - [MESSAGE][PASSED] - Tapped on element 'Object Repository/CommonScreenElements/DoneButton'

2018-07-27 16:45:12 - [MESSAGE][PASSED] - com.ct.qa.keywords.CommonKeywords.findPictureImageView is PASSED

2018-07-27 16:45:12 - [TEST_STEP][PASSED] - verifyElementText: Actual text and expected text of test object 'Object Repository/ShopOpen/RemainingCategories/Validate_ProductCategoryAssetScreen' are matched.

2018-07-27 16:45:13 - [MESSAGE][PASSED] - Actual text and expected text of test object 'Object Repository/ShopOpen/RemainingCategories/Validate_ProductCategoryAssetScreen' are matched.

2018-07-27 16:45:13 - [TEST_STEP][PASSED] - tap: Tapped on element 'Object Repository/ShopOpen/RemainingCategories/ProductCategoryAsset_BackButton'

2018-07-27 16:45:13 - [MESSAGE][WARNING] - Timeout '0' is invalid. Using default page load timeout: '15'

2018-07-27 16:45:14 - [MESSAGE][PASSED] - Tapped on element 'Object Repository/ShopOpen/RemainingCategories/ProductCategoryAsset_BackButton'

2018-07-27 16:45:14 - [TEST_STEP][PASSED] - verifyElementExist: Element 'Object Repository/ShopOpen/Validate_ShopCategoriesListScreen' is exist

2018-07-27 16:45:14 - [MESSAGE][WARNING] - Timeout '0' is invalid. Using default page load timeout: '15'

2018-07-27 16:45:17 - [MESSAGE][PASSED] - Element 'Object Repository/ShopOpen/Validate_ShopCategoriesListScreen' is exist

2018-07-27 16:45:17 - [MESSAGE][PASSED] - Call Test Case 'Test Cases/ShopOpen/RemainingCategories/VisitRemainingCategoriesWithDSA' successfully

2018-07-27 16:45:17 - [TEST_CASE][PASSED] - Test Cases/ShopOpen/RemainingCategories/VisitRemainingCategoriesWithDSA: Test Cases/ShopOpen/RemainingCategories/VisitRemainingCategoriesWithDSA

2018-07-27 16:45:17 - [TEST_STEP][PASSED] - verifyElementText: Actual text and expected text of test object 'Object Repository/ShopOpen/RemainingCategories/Validate_RemainingCategoriesDetailScreen' are matched.

2018-07-27 16:45:20 - [MESSAGE][PASSED] - Actual text and expected text of test object 'Object Repository/ShopOpen/RemainingCategories/Validate_RemainingCategoriesDetailScreen' are matched.

2018-07-27 16:45:20 - [TEST_STEP][PASSED] - tap: Tapped on element 'Object Repository/ShopOpen/RemainingCategories/DisplaySpaceAvailable'

2018-07-27 16:45:20 - [MESSAGE][WARNING] - Timeout '0' is invalid. Using default page load timeout: '15'

2018-07-27 16:45:20 - [MESSAGE][PASSED] - Tapped on element 'Object Repository/ShopOpen/RemainingCategories/DisplaySpaceAvailable'

2018-07-27 16:45:20 - [TEST_STEP][PASSED] - verifyElementText: Actual text and expected text of test object 'Object Repository/ShopOpen/RemainingCategories/Validate_ProductCategoryAssetScreen' are matched.

2018-07-27 16:45:23 - [MESSAGE][PASSED] - Actual text and expected text of test object 'Object Repository/ShopOpen/RemainingCategories/Validate_ProductCategoryAssetScreen' are matched.

2018-07-27 16:45:23 - [TEST_STEP][PASSED] - tap: Tapped on element 'Object Repository/ShopOpen/RemainingCategories/Facing'

2018-07-27 16:45:23 - [MESSAGE][WARNING] - Timeout '0' is invalid. Using default page load timeout: '15'

2018-07-27 16:45:23 - [MESSAGE][PASSED] - Tapped on element 'Object Repository/ShopOpen/RemainingCategories/Facing'

2018-07-27 16:45:23 - [TEST_STEP][PASSED] - verifyElementText: Actual text and expected text of test object 'Object Repository/ShopOpen/RemainingCategories/Validate_FacingScreen' are matched.

2018-07-27 16:45:25 - [MESSAGE][PASSED] - Actual text and expected text of test object 'Object Repository/ShopOpen/RemainingCategories/Validate_FacingScreen' are matched.

2018-07-27 16:45:25 - [TEST_STEP][PASSED] - com.ct.qa.keywords.ChannelKeywords.visitChannelWiseProductsData: com.ct.qa.keywords.ChannelKeywords.visitChannelWiseProductsData is PASSED

2018-07-27 16:45:29 - [MESSAGE][PASSED] - Keyboard is hidden

2018-07-27 16:45:32 - [MESSAGE][PASSED] - Keyboard is hidden

2018-07-27 16:45:35 - [MESSAGE][PASSED] - Keyboard is hidden

2018-07-27 16:45:38 - [MESSAGE][PASSED] - Keyboard is hidden

2018-07-27 16:45:41 - [MESSAGE][PASSED] - Keyboard is hidden

2018-07-27 16:45:44 - [MESSAGE][PASSED] - Keyboard is hidden

2018-07-27 16:45:47 - [MESSAGE][PASSED] - Swiped from 70,359 to 70,250

2018-07-27 16:45:48 - [MESSAGE][PASSED] - com.ct.qa.keywords.ChannelKeywords.visitChannelWiseProductsData is PASSED

2018-07-27 16:45:48 - [TEST_STEP][PASSED] - tap: Tapped on element 'Object Repository/ShopOpen/RemainingCategories/SubmitButton'

2018-07-27 16:45:48 - [MESSAGE][WARNING] - Timeout '0' is invalid. Using default page load timeout: '15'

2018-07-27 16:45:48 - [MESSAGE][PASSED] - Tapped on element 'Object Repository/ShopOpen/RemainingCategories/SubmitButton'

2018-07-27 16:45:48 - [TEST_STEP][PASSED] - verifyElementText: Actual text and expected text of test object 'Object Repository/ShopOpen/RemainingCategories/Validate_ProductCategoryAssetScreen' are matched.

2018-07-27 16:45:49 - [MESSAGE][PASSED] - Actual text and expected text of test object 'Object Repository/ShopOpen/RemainingCategories/Validate_ProductCategoryAssetScreen' are matched.

2018-07-27 16:45:49 - [TEST_STEP][PASSED] - tap: Tapped on element 'Object Repository/ShopOpen/RemainingCategories/StockTaking'

2018-07-27 16:45:49 - [MESSAGE][WARNING] - Timeout '0' is invalid. Using default page load timeout: '15'

2018-07-27 16:45:50 - [MESSAGE][PASSED] - Tapped on element 'Object Repository/ShopOpen/RemainingCategories/StockTaking'

2018-07-27 16:45:50 - [TEST_STEP][PASSED] - verifyElementText: Actual text and expected text of test object 'Object Repository/ShopOpen/RemainingCategories/Validate_StockTakingScreen' are matched.

2018-07-27 16:45:52 - [MESSAGE][PASSED] - Actual text and expected text of test object 'Object Repository/ShopOpen/RemainingCategories/Validate_StockTakingScreen' are matched.

2018-07-27 16:45:52 - [TEST_STEP][PASSED] - com.ct.qa.keywords.ChannelKeywords.visitChannelWiseProductsData: com.ct.qa.keywords.ChannelKeywords.visitChannelWiseProductsData is PASSED

2018-07-27 16:45:56 - [MESSAGE][PASSED] - Keyboard is hidden

2018-07-27 16:45:59 - [MESSAGE][PASSED] - Keyboard is hidden

2018-07-27 16:46:02 - [MESSAGE][PASSED] - Keyboard is hidden

2018-07-27 16:46:05 - [MESSAGE][PASSED] - Keyboard is hidden

2018-07-27 16:46:08 - [MESSAGE][PASSED] - Keyboard is hidden

2018-07-27 16:46:11 - [MESSAGE][PASSED] - Keyboard is hidden

2018-07-27 16:46:14 - [MESSAGE][PASSED] - Swiped from 70,359 to 70,250

2018-07-27 16:46:15 - [MESSAGE][PASSED] - com.ct.qa.keywords.ChannelKeywords.visitChannelWiseProductsData is PASSED

2018-07-27 16:46:15 - [TEST_STEP][PASSED] - tap: Tapped on element 'Object Repository/ShopOpen/RemainingCategories/SubmitButton'

2018-07-27 16:46:15 - [MESSAGE][WARNING] - Timeout '0' is invalid. Using default page load timeout: '15'

2018-07-27 16:46:15 - [MESSAGE][PASSED] - Tapped on element 'Object Repository/ShopOpen/RemainingCategories/SubmitButton'

2018-07-27 16:46:15 - [TEST_STEP][PASSED] - verifyElementText: Actual text and expected text of test object 'Object Repository/ShopOpen/RemainingCategories/Validate_ProductCategoryAssetScreen' are matched.

2018-07-27 16:46:16 - [MESSAGE][PASSED] - Actual text and expected text of test object 'Object Repository/ShopOpen/RemainingCategories/Validate_ProductCategoryAssetScreen' are matched.

2018-07-27 16:46:16 - [TEST_STEP][PASSED] - tap: Tapped on element 'Object Repository/ShopOpen/RemainingCategories/planogram_ImageView'

2018-07-27 16:46:16 - [MESSAGE][WARNING] - Timeout '0' is invalid. Using default page load timeout: '15'

2018-07-27 16:46:17 - [MESSAGE][PASSED] - Tapped on element 'Object Repository/ShopOpen/RemainingCategories/planogram_ImageView'

2018-07-27 16:46:17 - [TEST_STEP][PASSED] - com.ct.qa.keywords.CommonKeywords.checkPlanogramAvailability: com.ct.qa.keywords.CommonKeywords.checkPlanogramAvailability is PASSED

2018-07-27 16:46:17 - [MESSAGE][WARNING] - Timeout '0' is invalid. Using default page load timeout: '15'

2018-07-27 16:46:33 - [MESSAGE][WARNING] - Object Object Repository/CommonScreenElements/InfoPopUp_OKButton not found
[[ATTACHMENT|F:\\Git Projects\\MMAPlus_Merchandising\\MMAPlus_Merchandising\\Reports\\MMA Plus Merchandising With Chiller Data Verification\\20180727_163727\\1532691992647.png]]

2018-07-27 16:46:33 - [MESSAGE][PASSED] - com.ct.qa.keywords.CommonKeywords.checkPlanogramAvailability is PASSED

2018-07-27 16:46:33 - [TEST_STEP][PASSED] - com.ct.qa.keywords.CommonKeywords.closePlanogram: com.ct.qa.keywords.CommonKeywords.closePlanogram is PASSED

2018-07-27 16:46:34 - [MESSAGE][PASSED] - com.ct.qa.keywords.CommonKeywords.closePlanogram is PASSED

2018-07-27 16:46:34 - [TEST_STEP][PASSED] - verifyElementText: Actual text and expected text of test object 'Object Repository/ShopOpen/RemainingCategories/Validate_ProductCategoryAssetScreen' are matched.

2018-07-27 16:46:35 - [MESSAGE][PASSED] - Actual text and expected text of test object 'Object Repository/ShopOpen/RemainingCategories/Validate_ProductCategoryAssetScreen' are matched.

2018-07-27 16:46:35 - [TEST_STEP][PASSED] - com.ct.qa.keywords.CommonKeywords.findPictureImageView: com.ct.qa.keywords.CommonKeywords.findPictureImageView is PASSED

2018-07-27 16:46:35 - [MESSAGE][WARNING] - Timeout '0' is invalid. Using default page load timeout: '15'

2018-07-27 16:46:37 - [MESSAGE][PASSED] - Tapped on element 'Object Repository/CommonScreenElements/Picture_ImageView'

2018-07-27 16:46:37 - [MESSAGE][WARNING] - Timeout '0' is invalid. Using default page load timeout: '15'

2018-07-27 16:46:38 - [MESSAGE][PASSED] - Element 'Object Repository/CommonScreenElements/Validate_CameraScreen' is exist

2018-07-27 16:46:38 - [MESSAGE][WARNING] - Timeout '0' is invalid. Using default page load timeout: '15'

2018-07-27 16:46:42 - [MESSAGE][PASSED] - Tapped on element 'Object Repository/CommonScreenElements/TakePictureButton'

2018-07-27 16:46:47 - [MESSAGE][PASSED] - Delayed 5 second(s)

2018-07-27 16:46:47 - [MESSAGE][WARNING] - Timeout '0' is invalid. Using default page load timeout: '15'

2018-07-27 16:46:47 - [MESSAGE][PASSED] - Tapped on element 'Object Repository/CommonScreenElements/DoneButton'

2018-07-27 16:46:47 - [MESSAGE][PASSED] - com.ct.qa.keywords.CommonKeywords.findPictureImageView is PASSED

2018-07-27 16:46:47 - [TEST_STEP][PASSED] - verifyElementText: Actual text and expected text of test object 'Object Repository/ShopOpen/RemainingCategories/Validate_ProductCategoryAssetScreen' are matched.

2018-07-27 16:46:48 - [MESSAGE][PASSED] - Actual text and expected text of test object 'Object Repository/ShopOpen/RemainingCategories/Validate_ProductCategoryAssetScreen' are matched.

2018-07-27 16:46:48 - [TEST_STEP][PASSED] - tap: Tapped on element 'Object Repository/ShopOpen/RemainingCategories/ProductCategoryAsset_BackButton'

2018-07-27 16:46:48 - [MESSAGE][WARNING] - Timeout '0' is invalid. Using default page load timeout: '15'

2018-07-27 16:46:49 - [MESSAGE][PASSED] - Tapped on element 'Object Repository/ShopOpen/RemainingCategories/ProductCategoryAsset_BackButton'

2018-07-27 16:46:49 - [TEST_STEP][PASSED] - verifyElementExist: Element 'Object Repository/ShopOpen/Validate_ShopCategoriesListScreen' is exist

2018-07-27 16:46:49 - [MESSAGE][WARNING] - Timeout '0' is invalid. Using default page load timeout: '15'

2018-07-27 16:46:52 - [MESSAGE][PASSED] - Element 'Object Repository/ShopOpen/Validate_ShopCategoriesListScreen' is exist

2018-07-27 16:46:52 - [MESSAGE][PASSED] - Call Test Case 'Test Cases/ShopOpen/RemainingCategories/VisitRemainingCategoriesWithDSA' successfully

2018-07-27 16:46:52 - [TEST_CASE][PASSED] - Test Cases/ShopOpen/RemainingCategories/VisitRemainingCategoriesWithDSA: Test Cases/ShopOpen/RemainingCategories/VisitRemainingCategoriesWithDSA

2018-07-27 16:46:52 - [TEST_STEP][PASSED] - verifyElementText: Actual text and expected text of test object 'Object Repository/ShopOpen/RemainingCategories/Validate_RemainingCategoriesDetailScreen' are matched.

2018-07-27 16:46:54 - [MESSAGE][PASSED] - Actual text and expected text of test object 'Object Repository/ShopOpen/RemainingCategories/Validate_RemainingCategoriesDetailScreen' are matched.

2018-07-27 16:46:54 - [TEST_STEP][PASSED] - tap: Tapped on element 'Object Repository/ShopOpen/RemainingCategories/DisplaySpaceAvailable'

2018-07-27 16:46:54 - [MESSAGE][WARNING] - Timeout '0' is invalid. Using default page load timeout: '15'

2018-07-27 16:46:55 - [MESSAGE][PASSED] - Tapped on element 'Object Repository/ShopOpen/RemainingCategories/DisplaySpaceAvailable'

2018-07-27 16:46:55 - [TEST_STEP][PASSED] - verifyElementText: Actual text and expected text of test object 'Object Repository/ShopOpen/RemainingCategories/Validate_ProductCategoryAssetScreen' are matched.

2018-07-27 16:46:57 - [MESSAGE][PASSED] - Actual text and expected text of test object 'Object Repository/ShopOpen/RemainingCategories/Validate_ProductCategoryAssetScreen' are matched.

2018-07-27 16:46:57 - [TEST_STEP][PASSED] - tap: Tapped on element 'Object Repository/ShopOpen/RemainingCategories/Facing'

2018-07-27 16:46:57 - [MESSAGE][WARNING] - Timeout '0' is invalid. Using default page load timeout: '15'

2018-07-27 16:46:57 - [MESSAGE][PASSED] - Tapped on element 'Object Repository/ShopOpen/RemainingCategories/Facing'

2018-07-27 16:46:57 - [TEST_STEP][PASSED] - verifyElementText: Actual text and expected text of test object 'Object Repository/ShopOpen/RemainingCategories/Validate_FacingScreen' are matched.

2018-07-27 16:46:59 - [MESSAGE][PASSED] - Actual text and expected text of test object 'Object Repository/ShopOpen/RemainingCategories/Validate_FacingScreen' are matched.

2018-07-27 16:46:59 - [TEST_STEP][PASSED] - com.ct.qa.keywords.ChannelKeywords.visitChannelWiseProductsData: com.ct.qa.keywords.ChannelKeywords.visitChannelWiseProductsData is PASSED

2018-07-27 16:47:04 - [MESSAGE][PASSED] - Keyboard is hidden

2018-07-27 16:47:07 - [MESSAGE][PASSED] - Keyboard is hidden

2018-07-27 16:47:10 - [MESSAGE][PASSED] - Keyboard is hidden

2018-07-27 16:47:13 - [MESSAGE][PASSED] - Keyboard is hidden

2018-07-27 16:47:16 - [MESSAGE][PASSED] - Keyboard is hidden

2018-07-27 16:47:19 - [MESSAGE][PASSED] - Keyboard is hidden

2018-07-27 16:47:22 - [MESSAGE][PASSED] - Swiped from 84,359 to 84,250

2018-07-27 16:47:26 - [MESSAGE][PASSED] - Keyboard is hidden

2018-07-27 16:47:28 - [MESSAGE][PASSED] - Swiped from 84,359 to 84,250

2018-07-27 16:47:31 - [MESSAGE][PASSED] - Keyboard is hidden

2018-07-27 16:47:33 - [MESSAGE][PASSED] - Swiped from 84,359 to 84,250

2018-07-27 16:47:34 - [MESSAGE][PASSED] - com.ct.qa.keywords.ChannelKeywords.visitChannelWiseProductsData is PASSED

2018-07-27 16:47:34 - [TEST_STEP][PASSED] - tap: Tapped on element 'Object Repository/ShopOpen/RemainingCategories/SubmitButton'

2018-07-27 16:47:34 - [MESSAGE][WARNING] - Timeout '0' is invalid. Using default page load timeout: '15'

2018-07-27 16:47:34 - [MESSAGE][PASSED] - Tapped on element 'Object Repository/ShopOpen/RemainingCategories/SubmitButton'

2018-07-27 16:47:34 - [TEST_STEP][PASSED] - verifyElementText: Actual text and expected text of test object 'Object Repository/ShopOpen/RemainingCategories/Validate_ProductCategoryAssetScreen' are matched.

2018-07-27 16:47:35 - [MESSAGE][PASSED] - Actual text and expected text of test object 'Object Repository/ShopOpen/RemainingCategories/Validate_ProductCategoryAssetScreen' are matched.

2018-07-27 16:47:35 - [TEST_STEP][PASSED] - tap: Tapped on element 'Object Repository/ShopOpen/RemainingCategories/StockTaking'

2018-07-27 16:47:35 - [MESSAGE][WARNING] - Timeout '0' is invalid. Using default page load timeout: '15'

2018-07-27 16:47:36 - [MESSAGE][PASSED] - Tapped on element 'Object Repository/ShopOpen/RemainingCategories/StockTaking'

2018-07-27 16:47:36 - [TEST_STEP][PASSED] - verifyElementText: Actual text and expected text of test object 'Object Repository/ShopOpen/RemainingCategories/Validate_StockTakingScreen' are matched.

2018-07-27 16:47:38 - [MESSAGE][PASSED] - Actual text and expected text of test object 'Object Repository/ShopOpen/RemainingCategories/Validate_StockTakingScreen' are matched.

2018-07-27 16:47:38 - [TEST_STEP][PASSED] - com.ct.qa.keywords.ChannelKeywords.visitChannelWiseProductsData: com.ct.qa.keywords.ChannelKeywords.visitChannelWiseProductsData is PASSED

2018-07-27 16:47:42 - [MESSAGE][PASSED] - Keyboard is hidden

2018-07-27 16:47:45 - [MESSAGE][PASSED] - Keyboard is hidden

2018-07-27 16:47:48 - [MESSAGE][PASSED] - Keyboard is hidden

2018-07-27 16:47:51 - [MESSAGE][PASSED] - Keyboard is hidden

2018-07-27 16:47:54 - [MESSAGE][PASSED] - Keyboard is hidden

2018-07-27 16:47:57 - [MESSAGE][PASSED] - Keyboard is hidden

2018-07-27 16:48:01 - [MESSAGE][PASSED] - Swiped from 84,359 to 84,250

2018-07-27 16:48:04 - [MESSAGE][PASSED] - Keyboard is hidden

2018-07-27 16:48:05 - [MESSAGE][PASSED] - Swiped from 84,359 to 84,250

2018-07-27 16:48:09 - [MESSAGE][PASSED] - Keyboard is hidden

2018-07-27 16:48:11 - [MESSAGE][PASSED] - Swiped from 84,359 to 84,250

2018-07-27 16:48:12 - [MESSAGE][PASSED] - com.ct.qa.keywords.ChannelKeywords.visitChannelWiseProductsData is PASSED

2018-07-27 16:48:12 - [TEST_STEP][PASSED] - tap: Tapped on element 'Object Repository/ShopOpen/RemainingCategories/SubmitButton'

2018-07-27 16:48:12 - [MESSAGE][WARNING] - Timeout '0' is invalid. Using default page load timeout: '15'

2018-07-27 16:48:12 - [MESSAGE][PASSED] - Tapped on element 'Object Repository/ShopOpen/RemainingCategories/SubmitButton'

2018-07-27 16:48:12 - [TEST_STEP][PASSED] - verifyElementText: Actual text and expected text of test object 'Object Repository/ShopOpen/RemainingCategories/Validate_ProductCategoryAssetScreen' are matched.

2018-07-27 16:48:13 - [MESSAGE][PASSED] - Actual text and expected text of test object 'Object Repository/ShopOpen/RemainingCategories/Validate_ProductCategoryAssetScreen' are matched.

2018-07-27 16:48:13 - [TEST_STEP][PASSED] - tap: Tapped on element 'Object Repository/ShopOpen/RemainingCategories/planogram_ImageView'

2018-07-27 16:48:13 - [MESSAGE][WARNING] - Timeout '0' is invalid. Using default page load timeout: '15'

2018-07-27 16:48:14 - [MESSAGE][PASSED] - Tapped on element 'Object Repository/ShopOpen/RemainingCategories/planogram_ImageView'

2018-07-27 16:48:14 - [TEST_STEP][PASSED] - com.ct.qa.keywords.CommonKeywords.checkPlanogramAvailability: com.ct.qa.keywords.CommonKeywords.checkPlanogramAvailability is PASSED

2018-07-27 16:48:14 - [MESSAGE][WARNING] - Timeout '0' is invalid. Using default page load timeout: '15'

2018-07-27 16:48:30 - [MESSAGE][WARNING] - Object Object Repository/CommonScreenElements/InfoPopUp_OKButton not found
[[ATTACHMENT|F:\\Git Projects\\MMAPlus_Merchandising\\MMAPlus_Merchandising\\Reports\\MMA Plus Merchandising With Chiller Data Verification\\20180727_163727\\1532692109521.png]]

2018-07-27 16:48:30 - [MESSAGE][PASSED] - com.ct.qa.keywords.CommonKeywords.checkPlanogramAvailability is PASSED

2018-07-27 16:48:30 - [TEST_STEP][PASSED] - com.ct.qa.keywords.CommonKeywords.closePlanogram: com.ct.qa.keywords.CommonKeywords.closePlanogram is PASSED

2018-07-27 16:48:31 - [MESSAGE][PASSED] - com.ct.qa.keywords.CommonKeywords.closePlanogram is PASSED

2018-07-27 16:48:31 - [TEST_STEP][PASSED] - verifyElementText: Actual text and expected text of test object 'Object Repository/ShopOpen/RemainingCategories/Validate_ProductCategoryAssetScreen' are matched.

2018-07-27 16:48:32 - [MESSAGE][PASSED] - Actual text and expected text of test object 'Object Repository/ShopOpen/RemainingCategories/Validate_ProductCategoryAssetScreen' are matched.

2018-07-27 16:48:32 - [TEST_STEP][PASSED] - com.ct.qa.keywords.CommonKeywords.findPictureImageView: com.ct.qa.keywords.CommonKeywords.findPictureImageView is PASSED

2018-07-27 16:48:32 - [MESSAGE][WARNING] - Timeout '0' is invalid. Using default page load timeout: '15'

2018-07-27 16:48:34 - [MESSAGE][PASSED] - Tapped on element 'Object Repository/CommonScreenElements/Picture_ImageView'

2018-07-27 16:48:34 - [MESSAGE][WARNING] - Timeout '0' is invalid. Using default page load timeout: '15'

2018-07-27 16:48:35 - [MESSAGE][PASSED] - Element 'Object Repository/CommonScreenElements/Validate_CameraScreen' is exist

2018-07-27 16:48:35 - [MESSAGE][WARNING] - Timeout '0' is invalid. Using default page load timeout: '15'

2018-07-27 16:48:38 - [MESSAGE][PASSED] - Tapped on element 'Object Repository/CommonScreenElements/TakePictureButton'

2018-07-27 16:48:43 - [MESSAGE][PASSED] - Delayed 5 second(s)

2018-07-27 16:48:43 - [MESSAGE][WARNING] - Timeout '0' is invalid. Using default page load timeout: '15'

2018-07-27 16:48:44 - [MESSAGE][PASSED] - Tapped on element 'Object Repository/CommonScreenElements/DoneButton'

2018-07-27 16:48:44 - [MESSAGE][PASSED] - com.ct.qa.keywords.CommonKeywords.findPictureImageView is PASSED

2018-07-27 16:48:44 - [TEST_STEP][PASSED] - verifyElementText: Actual text and expected text of test object 'Object Repository/ShopOpen/RemainingCategories/Validate_ProductCategoryAssetScreen' are matched.

2018-07-27 16:48:45 - [MESSAGE][PASSED] - Actual text and expected text of test object 'Object Repository/ShopOpen/RemainingCategories/Validate_ProductCategoryAssetScreen' are matched.

2018-07-27 16:48:45 - [TEST_STEP][PASSED] - tap: Tapped on element 'Object Repository/ShopOpen/RemainingCategories/ProductCategoryAsset_BackButton'

2018-07-27 16:48:45 - [MESSAGE][WARNING] - Timeout '0' is invalid. Using default page load timeout: '15'

2018-07-27 16:48:46 - [MESSAGE][PASSED] - Tapped on element 'Object Repository/ShopOpen/RemainingCategories/ProductCategoryAsset_BackButton'

2018-07-27 16:48:46 - [TEST_STEP][PASSED] - verifyElementExist: Element 'Object Repository/ShopOpen/Validate_ShopCategoriesListScreen' is exist

2018-07-27 16:48:46 - [MESSAGE][WARNING] - Timeout '0' is invalid. Using default page load timeout: '15'

2018-07-27 16:48:48 - [MESSAGE][PASSED] - Element 'Object Repository/ShopOpen/Validate_ShopCategoriesListScreen' is exist

2018-07-27 16:48:48 - [MESSAGE][PASSED] - Call Test Case 'Test Cases/ShopOpen/RemainingCategories/VisitRemainingCategoriesWithDSA' successfully

2018-07-27 16:48:48 - [TEST_CASE][PASSED] - Test Cases/ShopOpen/RemainingCategories/VisitRemainingCategoriesWithDSA: Test Cases/ShopOpen/RemainingCategories/VisitRemainingCategoriesWithDSA

2018-07-27 16:48:48 - [TEST_STEP][PASSED] - verifyElementText: Actual text and expected text of test object 'Object Repository/ShopOpen/RemainingCategories/Validate_RemainingCategoriesDetailScreen' are matched.

2018-07-27 16:48:50 - [MESSAGE][PASSED] - Actual text and expected text of test object 'Object Repository/ShopOpen/RemainingCategories/Validate_RemainingCategoriesDetailScreen' are matched.

2018-07-27 16:48:50 - [TEST_STEP][PASSED] - tap: Tapped on element 'Object Repository/ShopOpen/RemainingCategories/DisplaySpaceAvailable'

2018-07-27 16:48:50 - [MESSAGE][WARNING] - Timeout '0' is invalid. Using default page load timeout: '15'

2018-07-27 16:48:50 - [MESSAGE][PASSED] - Tapped on element 'Object Repository/ShopOpen/RemainingCategories/DisplaySpaceAvailable'

2018-07-27 16:48:50 - [TEST_STEP][PASSED] - verifyElementText: Actual text and expected text of test object 'Object Repository/ShopOpen/RemainingCategories/Validate_ProductCategoryAssetScreen' are matched.

2018-07-27 16:48:53 - [MESSAGE][PASSED] - Actual text and expected text of test object 'Object Repository/ShopOpen/RemainingCategories/Validate_ProductCategoryAssetScreen' are matched.

2018-07-27 16:48:53 - [TEST_STEP][PASSED] - tap: Tapped on element 'Object Repository/ShopOpen/RemainingCategories/Facing'

2018-07-27 16:48:53 - [MESSAGE][WARNING] - Timeout '0' is invalid. Using default page load timeout: '15'

2018-07-27 16:48:53 - [MESSAGE][PASSED] - Tapped on element 'Object Repository/ShopOpen/RemainingCategories/Facing'

2018-07-27 16:48:53 - [TEST_STEP][PASSED] - verifyElementText: Actual text and expected text of test object 'Object Repository/ShopOpen/RemainingCategories/Validate_FacingScreen' are matched.

2018-07-27 16:48:56 - [MESSAGE][PASSED] - Actual text and expected text of test object 'Object Repository/ShopOpen/RemainingCategories/Validate_FacingScreen' are matched.

2018-07-27 16:48:56 - [TEST_STEP][PASSED] - com.ct.qa.keywords.ChannelKeywords.visitChannelWiseProductsData: com.ct.qa.keywords.ChannelKeywords.visitChannelWiseProductsData is PASSED

2018-07-27 16:48:59 - [MESSAGE][PASSED] - Keyboard is hidden

2018-07-27 16:49:02 - [MESSAGE][PASSED] - Keyboard is hidden

2018-07-27 16:49:03 - [MESSAGE][PASSED] - com.ct.qa.keywords.ChannelKeywords.visitChannelWiseProductsData is PASSED

2018-07-27 16:49:03 - [TEST_STEP][PASSED] - tap: Tapped on element 'Object Repository/ShopOpen/RemainingCategories/SubmitButton'

2018-07-27 16:49:03 - [MESSAGE][WARNING] - Timeout '0' is invalid. Using default page load timeout: '15'

2018-07-27 16:49:04 - [MESSAGE][PASSED] - Tapped on element 'Object Repository/ShopOpen/RemainingCategories/SubmitButton'

2018-07-27 16:49:04 - [TEST_STEP][PASSED] - verifyElementText: Actual text and expected text of test object 'Object Repository/ShopOpen/RemainingCategories/Validate_ProductCategoryAssetScreen' are matched.

2018-07-27 16:49:05 - [MESSAGE][PASSED] - Actual text and expected text of test object 'Object Repository/ShopOpen/RemainingCategories/Validate_ProductCategoryAssetScreen' are matched.

2018-07-27 16:49:05 - [TEST_STEP][PASSED] - tap: Tapped on element 'Object Repository/ShopOpen/RemainingCategories/StockTaking'

2018-07-27 16:49:05 - [MESSAGE][WARNING] - Timeout '0' is invalid. Using default page load timeout: '15'

2018-07-27 16:49:05 - [MESSAGE][PASSED] - Tapped on element 'Object Repository/ShopOpen/RemainingCategories/StockTaking'

2018-07-27 16:49:05 - [TEST_STEP][PASSED] - verifyElementText: Actual text and expected text of test object 'Object Repository/ShopOpen/RemainingCategories/Validate_StockTakingScreen' are matched.

2018-07-27 16:49:07 - [MESSAGE][PASSED] - Actual text and expected text of test object 'Object Repository/ShopOpen/RemainingCategories/Validate_StockTakingScreen' are matched.

2018-07-27 16:49:07 - [TEST_STEP][PASSED] - com.ct.qa.keywords.ChannelKeywords.visitChannelWiseProductsData: com.ct.qa.keywords.ChannelKeywords.visitChannelWiseProductsData is PASSED

2018-07-27 16:49:10 - [MESSAGE][PASSED] - Keyboard is hidden

2018-07-27 16:49:13 - [MESSAGE][PASSED] - Keyboard is hidden

2018-07-27 16:49:14 - [MESSAGE][PASSED] - com.ct.qa.keywords.ChannelKeywords.visitChannelWiseProductsData is PASSED

2018-07-27 16:49:14 - [TEST_STEP][PASSED] - tap: Tapped on element 'Object Repository/ShopOpen/RemainingCategories/SubmitButton'

2018-07-27 16:49:14 - [MESSAGE][WARNING] - Timeout '0' is invalid. Using default page load timeout: '15'

2018-07-27 16:49:14 - [MESSAGE][PASSED] - Tapped on element 'Object Repository/ShopOpen/RemainingCategories/SubmitButton'

2018-07-27 16:49:14 - [TEST_STEP][PASSED] - verifyElementText: Actual text and expected text of test object 'Object Repository/ShopOpen/RemainingCategories/Validate_ProductCategoryAssetScreen' are matched.

2018-07-27 16:49:15 - [MESSAGE][PASSED] - Actual text and expected text of test object 'Object Repository/ShopOpen/RemainingCategories/Validate_ProductCategoryAssetScreen' are matched.

2018-07-27 16:49:15 - [TEST_STEP][PASSED] - tap: Tapped on element 'Object Repository/ShopOpen/RemainingCategories/planogram_ImageView'

2018-07-27 16:49:15 - [MESSAGE][WARNING] - Timeout '0' is invalid. Using default page load timeout: '15'

2018-07-27 16:49:16 - [MESSAGE][PASSED] - Tapped on element 'Object Repository/ShopOpen/RemainingCategories/planogram_ImageView'

2018-07-27 16:49:16 - [TEST_STEP][PASSED] - com.ct.qa.keywords.CommonKeywords.checkPlanogramAvailability: com.ct.qa.keywords.CommonKeywords.checkPlanogramAvailability is PASSED

2018-07-27 16:49:16 - [MESSAGE][WARNING] - Timeout '0' is invalid. Using default page load timeout: '15'

2018-07-27 16:49:32 - [MESSAGE][WARNING] - Object Object Repository/CommonScreenElements/InfoPopUp_OKButton not found
[[ATTACHMENT|F:\\Git Projects\\MMAPlus_Merchandising\\MMAPlus_Merchandising\\Reports\\MMA Plus Merchandising With Chiller Data Verification\\20180727_163727\\1532692171575.png]]

2018-07-27 16:49:32 - [MESSAGE][PASSED] - com.ct.qa.keywords.CommonKeywords.checkPlanogramAvailability is PASSED

2018-07-27 16:49:32 - [TEST_STEP][PASSED] - com.ct.qa.keywords.CommonKeywords.closePlanogram: com.ct.qa.keywords.CommonKeywords.closePlanogram is PASSED

2018-07-27 16:49:33 - [MESSAGE][PASSED] - com.ct.qa.keywords.CommonKeywords.closePlanogram is PASSED

2018-07-27 16:49:33 - [TEST_STEP][PASSED] - verifyElementText: Actual text and expected text of test object 'Object Repository/ShopOpen/RemainingCategories/Validate_ProductCategoryAssetScreen' are matched.

2018-07-27 16:49:34 - [MESSAGE][PASSED] - Actual text and expected text of test object 'Object Repository/ShopOpen/RemainingCategories/Validate_ProductCategoryAssetScreen' are matched.

2018-07-27 16:49:34 - [TEST_STEP][PASSED] - com.ct.qa.keywords.CommonKeywords.findPictureImageView: com.ct.qa.keywords.CommonKeywords.findPictureImageView is PASSED

2018-07-27 16:49:34 - [MESSAGE][WARNING] - Timeout '0' is invalid. Using default page load timeout: '15'

2018-07-27 16:49:36 - [MESSAGE][PASSED] - Tapped on element 'Object Repository/CommonScreenElements/Picture_ImageView'

2018-07-27 16:49:36 - [MESSAGE][WARNING] - Timeout '0' is invalid. Using default page load timeout: '15'

2018-07-27 16:49:37 - [MESSAGE][PASSED] - Element 'Object Repository/CommonScreenElements/Validate_CameraScreen' is exist

2018-07-27 16:49:37 - [MESSAGE][WARNING] - Timeout '0' is invalid. Using default page load timeout: '15'

2018-07-27 16:49:41 - [MESSAGE][PASSED] - Tapped on element 'Object Repository/CommonScreenElements/TakePictureButton'

2018-07-27 16:49:46 - [MESSAGE][PASSED] - Delayed 5 second(s)

2018-07-27 16:49:46 - [MESSAGE][WARNING] - Timeout '0' is invalid. Using default page load timeout: '15'

2018-07-27 16:49:46 - [MESSAGE][PASSED] - Tapped on element 'Object Repository/CommonScreenElements/DoneButton'

2018-07-27 16:49:46 - [MESSAGE][PASSED] - com.ct.qa.keywords.CommonKeywords.findPictureImageView is PASSED

2018-07-27 16:49:46 - [TEST_STEP][PASSED] - verifyElementText: Actual text and expected text of test object 'Object Repository/ShopOpen/RemainingCategories/Validate_ProductCategoryAssetScreen' are matched.

2018-07-27 16:49:47 - [MESSAGE][PASSED] - Actual text and expected text of test object 'Object Repository/ShopOpen/RemainingCategories/Validate_ProductCategoryAssetScreen' are matched.

2018-07-27 16:49:47 - [TEST_STEP][PASSED] - tap: Tapped on element 'Object Repository/ShopOpen/RemainingCategories/ProductCategoryAsset_BackButton'

2018-07-27 16:49:47 - [MESSAGE][WARNING] - Timeout '0' is invalid. Using default page load timeout: '15'

2018-07-27 16:49:48 - [MESSAGE][PASSED] - Tapped on element 'Object Repository/ShopOpen/RemainingCategories/ProductCategoryAsset_BackButton'

2018-07-27 16:49:48 - [TEST_STEP][PASSED] - verifyElementExist: Element 'Object Repository/ShopOpen/Validate_ShopCategoriesListScreen' is exist

2018-07-27 16:49:48 - [MESSAGE][WARNING] - Timeout '0' is invalid. Using default page load timeout: '15'

2018-07-27 16:49:50 - [MESSAGE][PASSED] - Element 'Object Repository/ShopOpen/Validate_ShopCategoriesListScreen' is exist

2018-07-27 16:49:50 - [MESSAGE][PASSED] - Call Test Case 'Test Cases/ShopOpen/RemainingCategories/VisitRemainingCategoriesWithDSA' successfully

2018-07-27 16:49:50 - [TEST_CASE][PASSED] - Test Cases/ShopOpen/RemainingCategories/VisitRemainingCategoriesWithDSA: Test Cases/ShopOpen/RemainingCategories/VisitRemainingCategoriesWithDSA

2018-07-27 16:49:50 - [TEST_STEP][PASSED] - verifyElementText: Actual text and expected text of test object 'Object Repository/ShopOpen/RemainingCategories/Validate_RemainingCategoriesDetailScreen' are matched.

2018-07-27 16:49:52 - [MESSAGE][PASSED] - Actual text and expected text of test object 'Object Repository/ShopOpen/RemainingCategories/Validate_RemainingCategoriesDetailScreen' are matched.

2018-07-27 16:49:52 - [TEST_STEP][PASSED] - tap: Tapped on element 'Object Repository/ShopOpen/RemainingCategories/DisplaySpaceAvailable'

2018-07-27 16:49:52 - [MESSAGE][WARNING] - Timeout '0' is invalid. Using default page load timeout: '15'

2018-07-27 16:49:52 - [MESSAGE][PASSED] - Tapped on element 'Object Repository/ShopOpen/RemainingCategories/DisplaySpaceAvailable'

2018-07-27 16:49:52 - [TEST_STEP][PASSED] - verifyElementText: Actual text and expected text of test object 'Object Repository/ShopOpen/RemainingCategories/Validate_ProductCategoryAssetScreen' are matched.

2018-07-27 16:49:55 - [MESSAGE][PASSED] - Actual text and expected text of test object 'Object Repository/ShopOpen/RemainingCategories/Validate_ProductCategoryAssetScreen' are matched.

2018-07-27 16:49:55 - [TEST_STEP][PASSED] - tap: Tapped on element 'Object Repository/ShopOpen/RemainingCategories/Facing'

2018-07-27 16:49:55 - [MESSAGE][WARNING] - Timeout '0' is invalid. Using default page load timeout: '15'

2018-07-27 16:49:55 - [MESSAGE][PASSED] - Tapped on element 'Object Repository/ShopOpen/RemainingCategories/Facing'

2018-07-27 16:49:55 - [TEST_STEP][PASSED] - verifyElementText: Actual text and expected text of test object 'Object Repository/ShopOpen/RemainingCategories/Validate_FacingScreen' are matched.

2018-07-27 16:49:57 - [MESSAGE][PASSED] - Actual text and expected text of test object 'Object Repository/ShopOpen/RemainingCategories/Validate_FacingScreen' are matched.

2018-07-27 16:49:57 - [TEST_STEP][PASSED] - com.ct.qa.keywords.ChannelKeywords.visitChannelWiseProductsData: com.ct.qa.keywords.ChannelKeywords.visitChannelWiseProductsData is PASSED

2018-07-27 16:50:01 - [MESSAGE][PASSED] - Keyboard is hidden

2018-07-27 16:50:04 - [MESSAGE][PASSED] - Keyboard is hidden

2018-07-27 16:50:07 - [MESSAGE][PASSED] - Keyboard is hidden

2018-07-27 16:50:10 - [MESSAGE][PASSED] - Keyboard is hidden

2018-07-27 16:50:13 - [MESSAGE][PASSED] - Keyboard is hidden

2018-07-27 16:50:16 - [MESSAGE][PASSED] - Keyboard is hidden

2018-07-27 16:50:19 - [MESSAGE][PASSED] - Swiped from 1,359 to 1,250

2018-07-27 16:50:22 - [MESSAGE][PASSED] - Keyboard is hidden

2018-07-27 16:50:24 - [MESSAGE][PASSED] - Swiped from 1,359 to 1,250

2018-07-27 16:50:27 - [MESSAGE][PASSED] - Keyboard is hidden

2018-07-27 16:50:29 - [MESSAGE][PASSED] - Swiped from 1,359 to 1,250

2018-07-27 16:50:32 - [MESSAGE][PASSED] - Keyboard is hidden

2018-07-27 16:50:34 - [MESSAGE][PASSED] - Swiped from 1,359 to 1,250

2018-07-27 16:50:37 - [MESSAGE][PASSED] - Keyboard is hidden

2018-07-27 16:50:39 - [MESSAGE][PASSED] - Swiped from 1,359 to 1,250

2018-07-27 16:50:42 - [MESSAGE][PASSED] - Keyboard is hidden

2018-07-27 16:50:44 - [MESSAGE][PASSED] - Swiped from 1,359 to 1,250

2018-07-27 16:50:47 - [MESSAGE][PASSED] - Keyboard is hidden

2018-07-27 16:50:49 - [MESSAGE][PASSED] - Swiped from 1,359 to 1,250

2018-07-27 16:50:50 - [MESSAGE][PASSED] - com.ct.qa.keywords.ChannelKeywords.visitChannelWiseProductsData is PASSED

2018-07-27 16:50:50 - [TEST_STEP][PASSED] - tap: Tapped on element 'Object Repository/ShopOpen/RemainingCategories/SubmitButton'

2018-07-27 16:50:50 - [MESSAGE][WARNING] - Timeout '0' is invalid. Using default page load timeout: '15'

2018-07-27 16:50:50 - [MESSAGE][PASSED] - Tapped on element 'Object Repository/ShopOpen/RemainingCategories/SubmitButton'

2018-07-27 16:50:50 - [TEST_STEP][PASSED] - verifyElementText: Actual text and expected text of test object 'Object Repository/ShopOpen/RemainingCategories/Validate_ProductCategoryAssetScreen' are matched.

2018-07-27 16:50:51 - [MESSAGE][PASSED] - Actual text and expected text of test object 'Object Repository/ShopOpen/RemainingCategories/Validate_ProductCategoryAssetScreen' are matched.

2018-07-27 16:50:51 - [TEST_STEP][PASSED] - tap: Tapped on element 'Object Repository/ShopOpen/RemainingCategories/StockTaking'

2018-07-27 16:50:51 - [MESSAGE][WARNING] - Timeout '0' is invalid. Using default page load timeout: '15'

2018-07-27 16:50:52 - [MESSAGE][PASSED] - Tapped on element 'Object Repository/ShopOpen/RemainingCategories/StockTaking'

2018-07-27 16:50:52 - [TEST_STEP][PASSED] - verifyElementText: Actual text and expected text of test object 'Object Repository/ShopOpen/RemainingCategories/Validate_StockTakingScreen' are matched.

2018-07-27 16:50:54 - [MESSAGE][PASSED] - Actual text and expected text of test object 'Object Repository/ShopOpen/RemainingCategories/Validate_StockTakingScreen' are matched.

2018-07-27 16:50:54 - [TEST_STEP][PASSED] - com.ct.qa.keywords.ChannelKeywords.visitChannelWiseProductsData: com.ct.qa.keywords.ChannelKeywords.visitChannelWiseProductsData is PASSED

2018-07-27 16:50:59 - [MESSAGE][PASSED] - Keyboard is hidden

2018-07-27 16:51:02 - [MESSAGE][PASSED] - Keyboard is hidden

2018-07-27 16:51:05 - [MESSAGE][PASSED] - Keyboard is hidden

2018-07-27 16:51:08 - [MESSAGE][PASSED] - Keyboard is hidden

2018-07-27 16:51:11 - [MESSAGE][PASSED] - Keyboard is hidden

2018-07-27 16:51:14 - [MESSAGE][PASSED] - Keyboard is hidden

2018-07-27 16:51:17 - [MESSAGE][PASSED] - Swiped from 1,359 to 1,250

2018-07-27 16:51:21 - [MESSAGE][PASSED] - Keyboard is hidden

2018-07-27 16:51:23 - [MESSAGE][PASSED] - Swiped from 1,359 to 1,250

2018-07-27 16:51:26 - [MESSAGE][PASSED] - Keyboard is hidden

2018-07-27 16:51:28 - [MESSAGE][PASSED] - Swiped from 1,359 to 1,250

2018-07-27 16:51:31 - [MESSAGE][PASSED] - Keyboard is hidden

2018-07-27 16:51:32 - [MESSAGE][PASSED] - Swiped from 1,359 to 1,250

2018-07-27 16:51:36 - [MESSAGE][PASSED] - Keyboard is hidden

2018-07-27 16:51:37 - [MESSAGE][PASSED] - Swiped from 1,359 to 1,250

2018-07-27 16:51:41 - [MESSAGE][PASSED] - Keyboard is hidden

2018-07-27 16:51:43 - [MESSAGE][PASSED] - Swiped from 1,359 to 1,250

2018-07-27 16:51:46 - [MESSAGE][PASSED] - Keyboard is hidden

2018-07-27 16:51:47 - [MESSAGE][PASSED] - Swiped from 1,359 to 1,250

2018-07-27 16:51:49 - [MESSAGE][PASSED] - com.ct.qa.keywords.ChannelKeywords.visitChannelWiseProductsData is PASSED

2018-07-27 16:51:49 - [TEST_STEP][PASSED] - tap: Tapped on element 'Object Repository/ShopOpen/RemainingCategories/SubmitButton'

2018-07-27 16:51:49 - [MESSAGE][WARNING] - Timeout '0' is invalid. Using default page load timeout: '15'

2018-07-27 16:51:49 - [MESSAGE][PASSED] - Tapped on element 'Object Repository/ShopOpen/RemainingCategories/SubmitButton'

2018-07-27 16:51:49 - [TEST_STEP][PASSED] - verifyElementText: Actual text and expected text of test object 'Object Repository/ShopOpen/RemainingCategories/Validate_ProductCategoryAssetScreen' are matched.

2018-07-27 16:51:50 - [MESSAGE][PASSED] - Actual text and expected text of test object 'Object Repository/ShopOpen/RemainingCategories/Validate_ProductCategoryAssetScreen' are matched.

2018-07-27 16:51:50 - [TEST_STEP][PASSED] - tap: Tapped on element 'Object Repository/ShopOpen/RemainingCategories/planogram_ImageView'

2018-07-27 16:51:50 - [MESSAGE][WARNING] - Timeout '0' is invalid. Using default page load timeout: '15'

2018-07-27 16:51:51 - [MESSAGE][PASSED] - Tapped on element 'Object Repository/ShopOpen/RemainingCategories/planogram_ImageView'

2018-07-27 16:51:51 - [TEST_STEP][PASSED] - com.ct.qa.keywords.CommonKeywords.checkPlanogramAvailability: com.ct.qa.keywords.CommonKeywords.checkPlanogramAvailability is PASSED

2018-07-27 16:51:51 - [MESSAGE][WARNING] - Timeout '0' is invalid. Using default page load timeout: '15'

2018-07-27 16:52:07 - [MESSAGE][WARNING] - Object Object Repository/CommonScreenElements/InfoPopUp_OKButton not found
[[ATTACHMENT|F:\\Git Projects\\MMAPlus_Merchandising\\MMAPlus_Merchandising\\Reports\\MMA Plus Merchandising With Chiller Data Verification\\20180727_163727\\1532692326596.png]]

2018-07-27 16:52:07 - [MESSAGE][PASSED] - com.ct.qa.keywords.CommonKeywords.checkPlanogramAvailability is PASSED

2018-07-27 16:52:07 - [TEST_STEP][PASSED] - com.ct.qa.keywords.CommonKeywords.closePlanogram: com.ct.qa.keywords.CommonKeywords.closePlanogram is PASSED

2018-07-27 16:52:08 - [MESSAGE][PASSED] - com.ct.qa.keywords.CommonKeywords.closePlanogram is PASSED

2018-07-27 16:52:08 - [TEST_STEP][PASSED] - verifyElementText: Actual text and expected text of test object 'Object Repository/ShopOpen/RemainingCategories/Validate_ProductCategoryAssetScreen' are matched.

2018-07-27 16:52:09 - [MESSAGE][PASSED] - Actual text and expected text of test object 'Object Repository/ShopOpen/RemainingCategories/Validate_ProductCategoryAssetScreen' are matched.

2018-07-27 16:52:09 - [TEST_STEP][PASSED] - com.ct.qa.keywords.CommonKeywords.findPictureImageView: com.ct.qa.keywords.CommonKeywords.findPictureImageView is PASSED

2018-07-27 16:52:09 - [MESSAGE][WARNING] - Timeout '0' is invalid. Using default page load timeout: '15'

2018-07-27 16:52:11 - [MESSAGE][PASSED] - Tapped on element 'Object Repository/CommonScreenElements/Picture_ImageView'

2018-07-27 16:52:11 - [MESSAGE][WARNING] - Timeout '0' is invalid. Using default page load timeout: '15'

2018-07-27 16:52:12 - [MESSAGE][PASSED] - Element 'Object Repository/CommonScreenElements/Validate_CameraScreen' is exist

2018-07-27 16:52:12 - [MESSAGE][WARNING] - Timeout '0' is invalid. Using default page load timeout: '15'

2018-07-27 16:52:15 - [MESSAGE][PASSED] - Tapped on element 'Object Repository/CommonScreenElements/TakePictureButton'

2018-07-27 16:52:20 - [MESSAGE][PASSED] - Delayed 5 second(s)

2018-07-27 16:52:20 - [MESSAGE][WARNING] - Timeout '0' is invalid. Using default page load timeout: '15'

2018-07-27 16:52:21 - [MESSAGE][PASSED] - Tapped on element 'Object Repository/CommonScreenElements/DoneButton'

2018-07-27 16:52:21 - [MESSAGE][PASSED] - com.ct.qa.keywords.CommonKeywords.findPictureImageView is PASSED

2018-07-27 16:52:21 - [TEST_STEP][PASSED] - verifyElementText: Actual text and expected text of test object 'Object Repository/ShopOpen/RemainingCategories/Validate_ProductCategoryAssetScreen' are matched.

2018-07-27 16:52:22 - [MESSAGE][PASSED] - Actual text and expected text of test object 'Object Repository/ShopOpen/RemainingCategories/Validate_ProductCategoryAssetScreen' are matched.

2018-07-27 16:52:22 - [TEST_STEP][PASSED] - tap: Tapped on element 'Object Repository/ShopOpen/RemainingCategories/ProductCategoryAsset_BackButton'

2018-07-27 16:52:22 - [MESSAGE][WARNING] - Timeout '0' is invalid. Using default page load timeout: '15'

2018-07-27 16:52:22 - [MESSAGE][PASSED] - Tapped on element 'Object Repository/ShopOpen/RemainingCategories/ProductCategoryAsset_BackButton'

2018-07-27 16:52:22 - [TEST_STEP][PASSED] - verifyElementExist: Element 'Object Repository/ShopOpen/Validate_ShopCategoriesListScreen' is exist

2018-07-27 16:52:22 - [MESSAGE][WARNING] - Timeout '0' is invalid. Using default page load timeout: '15'

2018-07-27 16:52:24 - [MESSAGE][PASSED] - Element 'Object Repository/ShopOpen/Validate_ShopCategoriesListScreen' is exist

2018-07-27 16:52:24 - [MESSAGE][PASSED] - Call Test Case 'Test Cases/ShopOpen/RemainingCategories/VisitRemainingCategoriesWithDSA' successfully

2018-07-27 16:52:24 - [TEST_CASE][PASSED] - Test Cases/ShopOpen/RemainingCategories/VisitRemainingCategoriesWithDSA: Test Cases/ShopOpen/RemainingCategories/VisitRemainingCategoriesWithDSA

2018-07-27 16:52:24 - [TEST_STEP][PASSED] - verifyElementText: Actual text and expected text of test object 'Object Repository/ShopOpen/RemainingCategories/Validate_RemainingCategoriesDetailScreen' are matched.

2018-07-27 16:52:26 - [MESSAGE][PASSED] - Actual text and expected text of test object 'Object Repository/ShopOpen/RemainingCategories/Validate_RemainingCategoriesDetailScreen' are matched.

2018-07-27 16:52:26 - [TEST_STEP][PASSED] - tap: Tapped on element 'Object Repository/ShopOpen/RemainingCategories/DisplaySpaceAvailable'

2018-07-27 16:52:26 - [MESSAGE][WARNING] - Timeout '0' is invalid. Using default page load timeout: '15'

2018-07-27 16:52:26 - [MESSAGE][PASSED] - Tapped on element 'Object Repository/ShopOpen/RemainingCategories/DisplaySpaceAvailable'

2018-07-27 16:52:26 - [TEST_STEP][PASSED] - verifyElementText: Actual text and expected text of test object 'Object Repository/ShopOpen/RemainingCategories/Validate_ProductCategoryAssetScreen' are matched.

2018-07-27 16:52:29 - [MESSAGE][PASSED] - Actual text and expected text of test object 'Object Repository/ShopOpen/RemainingCategories/Validate_ProductCategoryAssetScreen' are matched.

2018-07-27 16:52:29 - [TEST_STEP][PASSED] - tap: Tapped on element 'Object Repository/ShopOpen/RemainingCategories/Facing'

2018-07-27 16:52:29 - [MESSAGE][WARNING] - Timeout '0' is invalid. Using default page load timeout: '15'

2018-07-27 16:52:29 - [MESSAGE][PASSED] - Tapped on element 'Object Repository/ShopOpen/RemainingCategories/Facing'

2018-07-27 16:52:29 - [TEST_STEP][PASSED] - verifyElementText: Actual text and expected text of test object 'Object Repository/ShopOpen/RemainingCategories/Validate_FacingScreen' are matched.

2018-07-27 16:52:31 - [MESSAGE][PASSED] - Actual text and expected text of test object 'Object Repository/ShopOpen/RemainingCategories/Validate_FacingScreen' are matched.

2018-07-27 16:52:31 - [TEST_STEP][PASSED] - com.ct.qa.keywords.ChannelKeywords.visitChannelWiseProductsData: com.ct.qa.keywords.ChannelKeywords.visitChannelWiseProductsData is PASSED

2018-07-27 16:52:35 - [MESSAGE][PASSED] - Keyboard is hidden

2018-07-27 16:52:38 - [MESSAGE][PASSED] - Keyboard is hidden

2018-07-27 16:52:41 - [MESSAGE][PASSED] - Keyboard is hidden

2018-07-27 16:52:44 - [MESSAGE][PASSED] - Keyboard is hidden

2018-07-27 16:52:47 - [MESSAGE][PASSED] - Keyboard is hidden

2018-07-27 16:52:50 - [MESSAGE][PASSED] - Keyboard is hidden

2018-07-27 16:52:53 - [MESSAGE][PASSED] - Swiped from 89,359 to 89,250

2018-07-27 16:52:56 - [MESSAGE][PASSED] - Keyboard is hidden

2018-07-27 16:52:58 - [MESSAGE][PASSED] - Swiped from 89,359 to 89,250

2018-07-27 16:53:01 - [MESSAGE][PASSED] - Keyboard is hidden

2018-07-27 16:53:03 - [MESSAGE][PASSED] - Swiped from 89,359 to 89,250

2018-07-27 16:53:06 - [MESSAGE][PASSED] - Keyboard is hidden

2018-07-27 16:53:07 - [MESSAGE][PASSED] - Swiped from 89,359 to 89,250

2018-07-27 16:53:11 - [MESSAGE][PASSED] - Keyboard is hidden

2018-07-27 16:53:13 - [MESSAGE][PASSED] - Swiped from 89,359 to 89,250

2018-07-27 16:53:16 - [MESSAGE][PASSED] - Keyboard is hidden

2018-07-27 16:53:18 - [MESSAGE][PASSED] - Swiped from 89,359 to 89,250

2018-07-27 16:53:21 - [MESSAGE][PASSED] - Keyboard is hidden

2018-07-27 16:53:23 - [MESSAGE][PASSED] - Swiped from 89,359 to 89,250

2018-07-27 16:53:26 - [MESSAGE][PASSED] - Keyboard is hidden

2018-07-27 16:53:28 - [MESSAGE][PASSED] - Swiped from 89,359 to 89,250

2018-07-27 16:53:31 - [MESSAGE][PASSED] - Keyboard is hidden

2018-07-27 16:53:33 - [MESSAGE][PASSED] - Swiped from 89,359 to 89,250

2018-07-27 16:53:36 - [MESSAGE][PASSED] - Keyboard is hidden

2018-07-27 16:53:38 - [MESSAGE][PASSED] - Swiped from 89,359 to 89,250

2018-07-27 16:53:41 - [MESSAGE][PASSED] - Keyboard is hidden

2018-07-27 16:53:43 - [MESSAGE][PASSED] - Swiped from 89,359 to 89,250

2018-07-27 16:53:44 - [MESSAGE][PASSED] - com.ct.qa.keywords.ChannelKeywords.visitChannelWiseProductsData is PASSED

2018-07-27 16:53:44 - [TEST_STEP][PASSED] - tap: Tapped on element 'Object Repository/ShopOpen/RemainingCategories/SubmitButton'

2018-07-27 16:53:44 - [MESSAGE][WARNING] - Timeout '0' is invalid. Using default page load timeout: '15'

2018-07-27 16:53:44 - [MESSAGE][PASSED] - Tapped on element 'Object Repository/ShopOpen/RemainingCategories/SubmitButton'

2018-07-27 16:53:44 - [TEST_STEP][PASSED] - verifyElementText: Actual text and expected text of test object 'Object Repository/ShopOpen/RemainingCategories/Validate_ProductCategoryAssetScreen' are matched.

2018-07-27 16:53:45 - [MESSAGE][PASSED] - Actual text and expected text of test object 'Object Repository/ShopOpen/RemainingCategories/Validate_ProductCategoryAssetScreen' are matched.

2018-07-27 16:53:45 - [TEST_STEP][PASSED] - tap: Tapped on element 'Object Repository/ShopOpen/RemainingCategories/StockTaking'

2018-07-27 16:53:45 - [MESSAGE][WARNING] - Timeout '0' is invalid. Using default page load timeout: '15'

2018-07-27 16:53:46 - [MESSAGE][PASSED] - Tapped on element 'Object Repository/ShopOpen/RemainingCategories/StockTaking'

2018-07-27 16:53:46 - [TEST_STEP][PASSED] - verifyElementText: Actual text and expected text of test object 'Object Repository/ShopOpen/RemainingCategories/Validate_StockTakingScreen' are matched.

2018-07-27 16:53:48 - [MESSAGE][PASSED] - Actual text and expected text of test object 'Object Repository/ShopOpen/RemainingCategories/Validate_StockTakingScreen' are matched.

2018-07-27 16:53:48 - [TEST_STEP][PASSED] - com.ct.qa.keywords.ChannelKeywords.visitChannelWiseProductsData: com.ct.qa.keywords.ChannelKeywords.visitChannelWiseProductsData is PASSED

2018-07-27 16:53:52 - [MESSAGE][PASSED] - Keyboard is hidden

2018-07-27 16:53:55 - [MESSAGE][PASSED] - Keyboard is hidden

2018-07-27 16:53:58 - [MESSAGE][PASSED] - Keyboard is hidden

2018-07-27 16:54:01 - [MESSAGE][PASSED] - Keyboard is hidden

2018-07-27 16:54:04 - [MESSAGE][PASSED] - Keyboard is hidden

2018-07-27 16:54:07 - [MESSAGE][PASSED] - Keyboard is hidden

2018-07-27 16:54:10 - [MESSAGE][PASSED] - Swiped from 89,359 to 89,250

2018-07-27 16:54:13 - [MESSAGE][PASSED] - Keyboard is hidden

2018-07-27 16:54:15 - [MESSAGE][PASSED] - Swiped from 89,359 to 89,250

2018-07-27 16:54:18 - [MESSAGE][PASSED] - Keyboard is hidden

2018-07-27 16:54:20 - [MESSAGE][PASSED] - Swiped from 89,359 to 89,250

2018-07-27 16:54:23 - [MESSAGE][PASSED] - Keyboard is hidden

2018-07-27 16:54:25 - [MESSAGE][PASSED] - Swiped from 89,359 to 89,250

2018-07-27 16:54:28 - [MESSAGE][PASSED] - Keyboard is hidden

2018-07-27 16:54:30 - [MESSAGE][PASSED] - Swiped from 89,359 to 89,250

2018-07-27 16:54:33 - [MESSAGE][PASSED] - Keyboard is hidden

2018-07-27 16:54:35 - [MESSAGE][PASSED] - Swiped from 89,359 to 89,250

2018-07-27 16:54:38 - [MESSAGE][PASSED] - Keyboard is hidden

2018-07-27 16:54:40 - [MESSAGE][PASSED] - Swiped from 89,359 to 89,250

2018-07-27 16:54:43 - [MESSAGE][PASSED] - Keyboard is hidden

2018-07-27 16:54:45 - [MESSAGE][PASSED] - Swiped from 89,359 to 89,250

2018-07-27 16:54:48 - [MESSAGE][PASSED] - Keyboard is hidden

2018-07-27 16:54:50 - [MESSAGE][PASSED] - Swiped from 89,359 to 89,250

2018-07-27 16:54:53 - [MESSAGE][PASSED] - Keyboard is hidden

2018-07-27 16:54:55 - [MESSAGE][PASSED] - Swiped from 89,359 to 89,250

2018-07-27 16:54:58 - [MESSAGE][PASSED] - Keyboard is hidden

2018-07-27 16:55:00 - [MESSAGE][PASSED] - Swiped from 89,359 to 89,250

2018-07-27 16:55:01 - [MESSAGE][PASSED] - com.ct.qa.keywords.ChannelKeywords.visitChannelWiseProductsData is PASSED

2018-07-27 16:55:01 - [TEST_STEP][PASSED] - tap: Tapped on element 'Object Repository/ShopOpen/RemainingCategories/SubmitButton'

2018-07-27 16:55:01 - [MESSAGE][WARNING] - Timeout '0' is invalid. Using default page load timeout: '15'

2018-07-27 16:55:02 - [MESSAGE][PASSED] - Tapped on element 'Object Repository/ShopOpen/RemainingCategories/SubmitButton'

2018-07-27 16:55:02 - [TEST_STEP][PASSED] - verifyElementText: Actual text and expected text of test object 'Object Repository/ShopOpen/RemainingCategories/Validate_ProductCategoryAssetScreen' are matched.

2018-07-27 16:55:03 - [MESSAGE][PASSED] - Actual text and expected text of test object 'Object Repository/ShopOpen/RemainingCategories/Validate_ProductCategoryAssetScreen' are matched.

2018-07-27 16:55:03 - [TEST_STEP][PASSED] - tap: Tapped on element 'Object Repository/ShopOpen/RemainingCategories/planogram_ImageView'

2018-07-27 16:55:03 - [MESSAGE][WARNING] - Timeout '0' is invalid. Using default page load timeout: '15'

2018-07-27 16:55:03 - [MESSAGE][PASSED] - Tapped on element 'Object Repository/ShopOpen/RemainingCategories/planogram_ImageView'

2018-07-27 16:55:03 - [TEST_STEP][PASSED] - com.ct.qa.keywords.CommonKeywords.checkPlanogramAvailability: com.ct.qa.keywords.CommonKeywords.checkPlanogramAvailability is PASSED

2018-07-27 16:55:03 - [MESSAGE][WARNING] - Timeout '0' is invalid. Using default page load timeout: '15'

2018-07-27 16:55:19 - [MESSAGE][WARNING] - Object Object Repository/CommonScreenElements/InfoPopUp_OKButton not found
[[ATTACHMENT|F:\\Git Projects\\MMAPlus_Merchandising\\MMAPlus_Merchandising\\Reports\\MMA Plus Merchandising With Chiller Data Verification\\20180727_163727\\1532692518625.png]]

2018-07-27 16:55:19 - [MESSAGE][PASSED] - com.ct.qa.keywords.CommonKeywords.checkPlanogramAvailability is PASSED

2018-07-27 16:55:19 - [TEST_STEP][PASSED] - com.ct.qa.keywords.CommonKeywords.closePlanogram: com.ct.qa.keywords.CommonKeywords.closePlanogram is PASSED

2018-07-27 16:55:20 - [MESSAGE][PASSED] - com.ct.qa.keywords.CommonKeywords.closePlanogram is PASSED

2018-07-27 16:55:20 - [TEST_STEP][PASSED] - verifyElementText: Actual text and expected text of test object 'Object Repository/ShopOpen/RemainingCategories/Validate_ProductCategoryAssetScreen' are matched.

2018-07-27 16:55:21 - [MESSAGE][PASSED] - Actual text and expected text of test object 'Object Repository/ShopOpen/RemainingCategories/Validate_ProductCategoryAssetScreen' are matched.

2018-07-27 16:55:21 - [TEST_STEP][PASSED] - com.ct.qa.keywords.CommonKeywords.findPictureImageView: com.ct.qa.keywords.CommonKeywords.findPictureImageView is PASSED

2018-07-27 16:55:21 - [MESSAGE][WARNING] - Timeout '0' is invalid. Using default page load timeout: '15'

2018-07-27 16:55:24 - [MESSAGE][PASSED] - Tapped on element 'Object Repository/CommonScreenElements/Picture_ImageView'

2018-07-27 16:55:24 - [MESSAGE][WARNING] - Timeout '0' is invalid. Using default page load timeout: '15'

2018-07-27 16:55:25 - [MESSAGE][PASSED] - Element 'Object Repository/CommonScreenElements/Validate_CameraScreen' is exist

2018-07-27 16:55:25 - [MESSAGE][WARNING] - Timeout '0' is invalid. Using default page load timeout: '15'

2018-07-27 16:55:28 - [MESSAGE][PASSED] - Tapped on element 'Object Repository/CommonScreenElements/TakePictureButton'

2018-07-27 16:55:33 - [MESSAGE][PASSED] - Delayed 5 second(s)

2018-07-27 16:55:33 - [MESSAGE][WARNING] - Timeout '0' is invalid. Using default page load timeout: '15'

2018-07-27 16:55:34 - [MESSAGE][PASSED] - Tapped on element 'Object Repository/CommonScreenElements/DoneButton'

2018-07-27 16:55:34 - [MESSAGE][PASSED] - com.ct.qa.keywords.CommonKeywords.findPictureImageView is PASSED

2018-07-27 16:55:34 - [TEST_STEP][PASSED] - verifyElementText: Actual text and expected text of test object 'Object Repository/ShopOpen/RemainingCategories/Validate_ProductCategoryAssetScreen' are matched.

2018-07-27 16:55:35 - [MESSAGE][PASSED] - Actual text and expected text of test object 'Object Repository/ShopOpen/RemainingCategories/Validate_ProductCategoryAssetScreen' are matched.

2018-07-27 16:55:35 - [TEST_STEP][PASSED] - tap: Tapped on element 'Object Repository/ShopOpen/RemainingCategories/ProductCategoryAsset_BackButton'

2018-07-27 16:55:35 - [MESSAGE][WARNING] - Timeout '0' is invalid. Using default page load timeout: '15'

2018-07-27 16:55:36 - [MESSAGE][PASSED] - Tapped on element 'Object Repository/ShopOpen/RemainingCategories/ProductCategoryAsset_BackButton'

2018-07-27 16:55:36 - [TEST_STEP][PASSED] - verifyElementExist: Element 'Object Repository/ShopOpen/Validate_ShopCategoriesListScreen' is exist

2018-07-27 16:55:36 - [MESSAGE][WARNING] - Timeout '0' is invalid. Using default page load timeout: '15'

2018-07-27 16:55:38 - [MESSAGE][PASSED] - Element 'Object Repository/ShopOpen/Validate_ShopCategoriesListScreen' is exist

2018-07-27 16:55:38 - [MESSAGE][PASSED] - Call Test Case 'Test Cases/ShopOpen/RemainingCategories/VisitRemainingCategoriesWithDSA' successfully

2018-07-27 16:55:39 - [MESSAGE][PASSED] - Swiped from 0,293 to 0,200

2018-07-27 16:55:41 - [TEST_CASE][PASSED] - Test Cases/ShopOpen/RemainingCategories/VisitRemainingCategoriesWithDSA: Test Cases/ShopOpen/RemainingCategories/VisitRemainingCategoriesWithDSA

2018-07-27 16:55:41 - [TEST_STEP][PASSED] - verifyElementText: Actual text and expected text of test object 'Object Repository/ShopOpen/RemainingCategories/Validate_RemainingCategoriesDetailScreen' are matched.

2018-07-27 16:55:44 - [MESSAGE][PASSED] - Actual text and expected text of test object 'Object Repository/ShopOpen/RemainingCategories/Validate_RemainingCategoriesDetailScreen' are matched.

2018-07-27 16:55:44 - [TEST_STEP][PASSED] - tap: Tapped on element 'Object Repository/ShopOpen/RemainingCategories/DisplaySpaceAvailable'

2018-07-27 16:55:44 - [MESSAGE][WARNING] - Timeout '0' is invalid. Using default page load timeout: '15'

2018-07-27 16:55:44 - [MESSAGE][PASSED] - Tapped on element 'Object Repository/ShopOpen/RemainingCategories/DisplaySpaceAvailable'

2018-07-27 16:55:44 - [TEST_STEP][PASSED] - verifyElementText: Actual text and expected text of test object 'Object Repository/ShopOpen/RemainingCategories/Validate_ProductCategoryAssetScreen' are matched.

2018-07-27 16:55:46 - [MESSAGE][PASSED] - Actual text and expected text of test object 'Object Repository/ShopOpen/RemainingCategories/Validate_ProductCategoryAssetScreen' are matched.

2018-07-27 16:55:46 - [TEST_STEP][PASSED] - tap: Tapped on element 'Object Repository/ShopOpen/RemainingCategories/Facing'

2018-07-27 16:55:46 - [MESSAGE][WARNING] - Timeout '0' is invalid. Using default page load timeout: '15'

2018-07-27 16:55:46 - [MESSAGE][PASSED] - Tapped on element 'Object Repository/ShopOpen/RemainingCategories/Facing'

2018-07-27 16:55:46 - [TEST_STEP][PASSED] - verifyElementText: Actual text and expected text of test object 'Object Repository/ShopOpen/RemainingCategories/Validate_FacingScreen' are matched.

2018-07-27 16:55:48 - [MESSAGE][PASSED] - Actual text and expected text of test object 'Object Repository/ShopOpen/RemainingCategories/Validate_FacingScreen' are matched.

2018-07-27 16:55:48 - [TEST_STEP][PASSED] - com.ct.qa.keywords.ChannelKeywords.visitChannelWiseProductsData: com.ct.qa.keywords.ChannelKeywords.visitChannelWiseProductsData is PASSED

2018-07-27 16:55:52 - [MESSAGE][PASSED] - Keyboard is hidden

2018-07-27 16:55:55 - [MESSAGE][PASSED] - Keyboard is hidden

2018-07-27 16:55:58 - [MESSAGE][PASSED] - Keyboard is hidden

2018-07-27 16:55:59 - [MESSAGE][PASSED] - com.ct.qa.keywords.ChannelKeywords.visitChannelWiseProductsData is PASSED

2018-07-27 16:55:59 - [TEST_STEP][PASSED] - tap: Tapped on element 'Object Repository/ShopOpen/RemainingCategories/SubmitButton'

2018-07-27 16:55:59 - [MESSAGE][WARNING] - Timeout '0' is invalid. Using default page load timeout: '15'

2018-07-27 16:56:00 - [MESSAGE][PASSED] - Tapped on element 'Object Repository/ShopOpen/RemainingCategories/SubmitButton'

2018-07-27 16:56:00 - [TEST_STEP][PASSED] - verifyElementText: Actual text and expected text of test object 'Object Repository/ShopOpen/RemainingCategories/Validate_ProductCategoryAssetScreen' are matched.

2018-07-27 16:56:02 - [MESSAGE][PASSED] - Actual text and expected text of test object 'Object Repository/ShopOpen/RemainingCategories/Validate_ProductCategoryAssetScreen' are matched.

2018-07-27 16:56:02 - [TEST_STEP][PASSED] - tap: Tapped on element 'Object Repository/ShopOpen/RemainingCategories/StockTaking'

2018-07-27 16:56:02 - [MESSAGE][WARNING] - Timeout '0' is invalid. Using default page load timeout: '15'

2018-07-27 16:56:03 - [MESSAGE][PASSED] - Tapped on element 'Object Repository/ShopOpen/RemainingCategories/StockTaking'

2018-07-27 16:56:03 - [TEST_STEP][PASSED] - verifyElementText: Actual text and expected text of test object 'Object Repository/ShopOpen/RemainingCategories/Validate_StockTakingScreen' are matched.

2018-07-27 16:56:05 - [MESSAGE][PASSED] - Actual text and expected text of test object 'Object Repository/ShopOpen/RemainingCategories/Validate_StockTakingScreen' are matched.

2018-07-27 16:56:05 - [TEST_STEP][PASSED] - com.ct.qa.keywords.ChannelKeywords.visitChannelWiseProductsData: com.ct.qa.keywords.ChannelKeywords.visitChannelWiseProductsData is PASSED

2018-07-27 16:56:08 - [MESSAGE][PASSED] - Keyboard is hidden

2018-07-27 16:56:11 - [MESSAGE][PASSED] - Keyboard is hidden

2018-07-27 16:56:14 - [MESSAGE][PASSED] - Keyboard is hidden

2018-07-27 16:56:15 - [MESSAGE][PASSED] - com.ct.qa.keywords.ChannelKeywords.visitChannelWiseProductsData is PASSED

2018-07-27 16:56:15 - [TEST_STEP][PASSED] - tap: Tapped on element 'Object Repository/ShopOpen/RemainingCategories/SubmitButton'

2018-07-27 16:56:15 - [MESSAGE][WARNING] - Timeout '0' is invalid. Using default page load timeout: '15'

2018-07-27 16:56:16 - [MESSAGE][PASSED] - Tapped on element 'Object Repository/ShopOpen/RemainingCategories/SubmitButton'

2018-07-27 16:56:16 - [TEST_STEP][PASSED] - verifyElementText: Actual text and expected text of test object 'Object Repository/ShopOpen/RemainingCategories/Validate_ProductCategoryAssetScreen' are matched.

2018-07-27 16:56:17 - [MESSAGE][PASSED] - Actual text and expected text of test object 'Object Repository/ShopOpen/RemainingCategories/Validate_ProductCategoryAssetScreen' are matched.

2018-07-27 16:56:17 - [TEST_STEP][PASSED] - tap: Tapped on element 'Object Repository/ShopOpen/RemainingCategories/planogram_ImageView'

2018-07-27 16:56:17 - [MESSAGE][WARNING] - Timeout '0' is invalid. Using default page load timeout: '15'

2018-07-27 16:56:17 - [MESSAGE][PASSED] - Tapped on element 'Object Repository/ShopOpen/RemainingCategories/planogram_ImageView'

2018-07-27 16:56:17 - [TEST_STEP][PASSED] - com.ct.qa.keywords.CommonKeywords.checkPlanogramAvailability: com.ct.qa.keywords.CommonKeywords.checkPlanogramAvailability is PASSED

2018-07-27 16:56:17 - [MESSAGE][WARNING] - Timeout '0' is invalid. Using default page load timeout: '15'

2018-07-27 16:56:33 - [MESSAGE][WARNING] - Object Object Repository/CommonScreenElements/InfoPopUp_OKButton not found
[[ATTACHMENT|F:\\Git Projects\\MMAPlus_Merchandising\\MMAPlus_Merchandising\\Reports\\MMA Plus Merchandising With Chiller Data Verification\\20180727_163727\\1532692592689.png]]

2018-07-27 16:56:33 - [MESSAGE][PASSED] - com.ct.qa.keywords.CommonKeywords.checkPlanogramAvailability is PASSED

2018-07-27 16:56:33 - [TEST_STEP][PASSED] - com.ct.qa.keywords.CommonKeywords.closePlanogram: com.ct.qa.keywords.CommonKeywords.closePlanogram is PASSED

2018-07-27 16:56:34 - [MESSAGE][PASSED] - com.ct.qa.keywords.CommonKeywords.closePlanogram is PASSED

2018-07-27 16:56:34 - [TEST_STEP][PASSED] - verifyElementText: Actual text and expected text of test object 'Object Repository/ShopOpen/RemainingCategories/Validate_ProductCategoryAssetScreen' are matched.

2018-07-27 16:56:35 - [MESSAGE][PASSED] - Actual text and expected text of test object 'Object Repository/ShopOpen/RemainingCategories/Validate_ProductCategoryAssetScreen' are matched.

2018-07-27 16:56:35 - [TEST_STEP][PASSED] - com.ct.qa.keywords.CommonKeywords.findPictureImageView: com.ct.qa.keywords.CommonKeywords.findPictureImageView is PASSED

2018-07-27 16:56:35 - [MESSAGE][WARNING] - Timeout '0' is invalid. Using default page load timeout: '15'

2018-07-27 16:56:37 - [MESSAGE][PASSED] - Tapped on element 'Object Repository/CommonScreenElements/Picture_ImageView'

2018-07-27 16:56:37 - [MESSAGE][WARNING] - Timeout '0' is invalid. Using default page load timeout: '15'

2018-07-27 16:56:38 - [MESSAGE][PASSED] - Element 'Object Repository/CommonScreenElements/Validate_CameraScreen' is exist

2018-07-27 16:56:38 - [MESSAGE][WARNING] - Timeout '0' is invalid. Using default page load timeout: '15'

2018-07-27 16:56:42 - [MESSAGE][PASSED] - Tapped on element 'Object Repository/CommonScreenElements/TakePictureButton'

2018-07-27 16:56:47 - [MESSAGE][PASSED] - Delayed 5 second(s)

2018-07-27 16:56:47 - [MESSAGE][WARNING] - Timeout '0' is invalid. Using default page load timeout: '15'

2018-07-27 16:56:48 - [MESSAGE][PASSED] - Tapped on element 'Object Repository/CommonScreenElements/DoneButton'

2018-07-27 16:56:48 - [MESSAGE][PASSED] - com.ct.qa.keywords.CommonKeywords.findPictureImageView is PASSED

2018-07-27 16:56:48 - [TEST_STEP][PASSED] - verifyElementText: Actual text and expected text of test object 'Object Repository/ShopOpen/RemainingCategories/Validate_ProductCategoryAssetScreen' are matched.

2018-07-27 16:56:49 - [MESSAGE][PASSED] - Actual text and expected text of test object 'Object Repository/ShopOpen/RemainingCategories/Validate_ProductCategoryAssetScreen' are matched.

2018-07-27 16:56:49 - [TEST_STEP][PASSED] - tap: Tapped on element 'Object Repository/ShopOpen/RemainingCategories/ProductCategoryAsset_BackButton'

2018-07-27 16:56:49 - [MESSAGE][WARNING] - Timeout '0' is invalid. Using default page load timeout: '15'

2018-07-27 16:56:49 - [MESSAGE][PASSED] - Tapped on element 'Object Repository/ShopOpen/RemainingCategories/ProductCategoryAsset_BackButton'

2018-07-27 16:56:49 - [TEST_STEP][PASSED] - verifyElementExist: Element 'Object Repository/ShopOpen/Validate_ShopCategoriesListScreen' is exist

2018-07-27 16:56:49 - [MESSAGE][WARNING] - Timeout '0' is invalid. Using default page load timeout: '15'

2018-07-27 16:56:52 - [MESSAGE][PASSED] - Element 'Object Repository/ShopOpen/Validate_ShopCategoriesListScreen' is exist

2018-07-27 16:56:52 - [MESSAGE][PASSED] - Call Test Case 'Test Cases/ShopOpen/RemainingCategories/VisitRemainingCategoriesWithDSA' successfully

2018-07-27 16:56:52 - [MESSAGE][PASSED] - Swiped from 0,293 to 0,200

2018-07-27 16:56:56 - [MESSAGE][PASSED] - Swiped from 0,293 to 0,200

2018-07-27 16:56:58 - [TEST_CASE][PASSED] - Test Cases/ShopOpen/RemainingCategories/VisitRemainingCategoriesWithDSA: Test Cases/ShopOpen/RemainingCategories/VisitRemainingCategoriesWithDSA

2018-07-27 16:56:58 - [TEST_STEP][PASSED] - verifyElementText: Actual text and expected text of test object 'Object Repository/ShopOpen/RemainingCategories/Validate_RemainingCategoriesDetailScreen' are matched.

2018-07-27 16:57:00 - [MESSAGE][PASSED] - Actual text and expected text of test object 'Object Repository/ShopOpen/RemainingCategories/Validate_RemainingCategoriesDetailScreen' are matched.

2018-07-27 16:57:00 - [TEST_STEP][PASSED] - tap: Tapped on element 'Object Repository/ShopOpen/RemainingCategories/DisplaySpaceAvailable'

2018-07-27 16:57:00 - [MESSAGE][WARNING] - Timeout '0' is invalid. Using default page load timeout: '15'

2018-07-27 16:57:00 - [MESSAGE][PASSED] - Tapped on element 'Object Repository/ShopOpen/RemainingCategories/DisplaySpaceAvailable'

2018-07-27 16:57:00 - [TEST_STEP][PASSED] - verifyElementText: Actual text and expected text of test object 'Object Repository/ShopOpen/RemainingCategories/Validate_ProductCategoryAssetScreen' are matched.

2018-07-27 16:57:03 - [MESSAGE][PASSED] - Actual text and expected text of test object 'Object Repository/ShopOpen/RemainingCategories/Validate_ProductCategoryAssetScreen' are matched.

2018-07-27 16:57:03 - [TEST_STEP][PASSED] - tap: Tapped on element 'Object Repository/ShopOpen/RemainingCategories/Facing'

2018-07-27 16:57:03 - [MESSAGE][WARNING] - Timeout '0' is invalid. Using default page load timeout: '15'

2018-07-27 16:57:03 - [MESSAGE][PASSED] - Tapped on element 'Object Repository/ShopOpen/RemainingCategories/Facing'

2018-07-27 16:57:03 - [TEST_STEP][PASSED] - verifyElementText: Actual text and expected text of test object 'Object Repository/ShopOpen/RemainingCategories/Validate_FacingScreen' are matched.

2018-07-27 16:57:05 - [MESSAGE][PASSED] - Actual text and expected text of test object 'Object Repository/ShopOpen/RemainingCategories/Validate_FacingScreen' are matched.

2018-07-27 16:57:05 - [TEST_STEP][PASSED] - com.ct.qa.keywords.ChannelKeywords.visitChannelWiseProductsData: com.ct.qa.keywords.ChannelKeywords.visitChannelWiseProductsData is PASSED

2018-07-27 16:57:09 - [MESSAGE][PASSED] - Keyboard is hidden

2018-07-27 16:57:12 - [MESSAGE][PASSED] - Keyboard is hidden

2018-07-27 16:57:15 - [MESSAGE][PASSED] - Keyboard is hidden

2018-07-27 16:57:18 - [MESSAGE][PASSED] - Keyboard is hidden

2018-07-27 16:57:19 - [MESSAGE][PASSED] - com.ct.qa.keywords.ChannelKeywords.visitChannelWiseProductsData is PASSED

2018-07-27 16:57:19 - [TEST_STEP][PASSED] - tap: Tapped on element 'Object Repository/ShopOpen/RemainingCategories/SubmitButton'

2018-07-27 16:57:19 - [MESSAGE][WARNING] - Timeout '0' is invalid. Using default page load timeout: '15'

2018-07-27 16:57:20 - [MESSAGE][PASSED] - Tapped on element 'Object Repository/ShopOpen/RemainingCategories/SubmitButton'

2018-07-27 16:57:20 - [TEST_STEP][PASSED] - verifyElementText: Actual text and expected text of test object 'Object Repository/ShopOpen/RemainingCategories/Validate_ProductCategoryAssetScreen' are matched.

2018-07-27 16:57:21 - [MESSAGE][PASSED] - Actual text and expected text of test object 'Object Repository/ShopOpen/RemainingCategories/Validate_ProductCategoryAssetScreen' are matched.

2018-07-27 16:57:21 - [TEST_STEP][PASSED] - tap: Tapped on element 'Object Repository/ShopOpen/RemainingCategories/StockTaking'

2018-07-27 16:57:21 - [MESSAGE][WARNING] - Timeout '0' is invalid. Using default page load timeout: '15'

2018-07-27 16:57:22 - [MESSAGE][PASSED] - Tapped on element 'Object Repository/ShopOpen/RemainingCategories/StockTaking'

2018-07-27 16:57:22 - [TEST_STEP][PASSED] - verifyElementText: Actual text and expected text of test object 'Object Repository/ShopOpen/RemainingCategories/Validate_StockTakingScreen' are matched.

2018-07-27 16:57:23 - [MESSAGE][PASSED] - Actual text and expected text of test object 'Object Repository/ShopOpen/RemainingCategories/Validate_StockTakingScreen' are matched.

2018-07-27 16:57:23 - [TEST_STEP][PASSED] - com.ct.qa.keywords.ChannelKeywords.visitChannelWiseProductsData: com.ct.qa.keywords.ChannelKeywords.visitChannelWiseProductsData is PASSED

2018-07-27 16:57:27 - [MESSAGE][PASSED] - Keyboard is hidden

2018-07-27 16:57:30 - [MESSAGE][PASSED] - Keyboard is hidden

2018-07-27 16:57:33 - [MESSAGE][PASSED] - Keyboard is hidden

2018-07-27 16:57:36 - [MESSAGE][PASSED] - Keyboard is hidden

2018-07-27 16:57:37 - [MESSAGE][PASSED] - com.ct.qa.keywords.ChannelKeywords.visitChannelWiseProductsData is PASSED

2018-07-27 16:57:37 - [TEST_STEP][PASSED] - tap: Tapped on element 'Object Repository/ShopOpen/RemainingCategories/SubmitButton'

2018-07-27 16:57:37 - [MESSAGE][WARNING] - Timeout '0' is invalid. Using default page load timeout: '15'

2018-07-27 16:57:38 - [MESSAGE][PASSED] - Tapped on element 'Object Repository/ShopOpen/RemainingCategories/SubmitButton'

2018-07-27 16:57:38 - [TEST_STEP][PASSED] - verifyElementText: Actual text and expected text of test object 'Object Repository/ShopOpen/RemainingCategories/Validate_ProductCategoryAssetScreen' are matched.

2018-07-27 16:57:39 - [MESSAGE][PASSED] - Actual text and expected text of test object 'Object Repository/ShopOpen/RemainingCategories/Validate_ProductCategoryAssetScreen' are matched.

2018-07-27 16:57:39 - [TEST_STEP][PASSED] - tap: Tapped on element 'Object Repository/ShopOpen/RemainingCategories/planogram_ImageView'

2018-07-27 16:57:39 - [MESSAGE][WARNING] - Timeout '0' is invalid. Using default page load timeout: '15'

2018-07-27 16:57:39 - [MESSAGE][PASSED] - Tapped on element 'Object Repository/ShopOpen/RemainingCategories/planogram_ImageView'

2018-07-27 16:57:39 - [TEST_STEP][PASSED] - com.ct.qa.keywords.CommonKeywords.checkPlanogramAvailability: com.ct.qa.keywords.CommonKeywords.checkPlanogramAvailability is PASSED

2018-07-27 16:57:39 - [MESSAGE][WARNING] - Timeout '0' is invalid. Using default page load timeout: '15'

2018-07-27 16:57:55 - [MESSAGE][WARNING] - Object Object Repository/CommonScreenElements/InfoPopUp_OKButton not found
[[ATTACHMENT|F:\\Git Projects\\MMAPlus_Merchandising\\MMAPlus_Merchandising\\Reports\\MMA Plus Merchandising With Chiller Data Verification\\20180727_163727\\1532692674650.png]]

2018-07-27 16:57:55 - [MESSAGE][PASSED] - com.ct.qa.keywords.CommonKeywords.checkPlanogramAvailability is PASSED

2018-07-27 16:57:55 - [TEST_STEP][PASSED] - com.ct.qa.keywords.CommonKeywords.closePlanogram: com.ct.qa.keywords.CommonKeywords.closePlanogram is PASSED

2018-07-27 16:57:56 - [MESSAGE][PASSED] - com.ct.qa.keywords.CommonKeywords.closePlanogram is PASSED

2018-07-27 16:57:56 - [TEST_STEP][PASSED] - verifyElementText: Actual text and expected text of test object 'Object Repository/ShopOpen/RemainingCategories/Validate_ProductCategoryAssetScreen' are matched.

2018-07-27 16:57:57 - [MESSAGE][PASSED] - Actual text and expected text of test object 'Object Repository/ShopOpen/RemainingCategories/Validate_ProductCategoryAssetScreen' are matched.

2018-07-27 16:57:57 - [TEST_STEP][PASSED] - com.ct.qa.keywords.CommonKeywords.findPictureImageView: com.ct.qa.keywords.CommonKeywords.findPictureImageView is PASSED

2018-07-27 16:57:57 - [MESSAGE][WARNING] - Timeout '0' is invalid. Using default page load timeout: '15'

2018-07-27 16:57:59 - [MESSAGE][PASSED] - Tapped on element 'Object Repository/CommonScreenElements/Picture_ImageView'

2018-07-27 16:57:59 - [MESSAGE][WARNING] - Timeout '0' is invalid. Using default page load timeout: '15'

2018-07-27 16:58:00 - [MESSAGE][PASSED] - Element 'Object Repository/CommonScreenElements/Validate_CameraScreen' is exist

2018-07-27 16:58:00 - [MESSAGE][WARNING] - Timeout '0' is invalid. Using default page load timeout: '15'

2018-07-27 16:58:03 - [MESSAGE][PASSED] - Tapped on element 'Object Repository/CommonScreenElements/TakePictureButton'

2018-07-27 16:58:08 - [MESSAGE][PASSED] - Delayed 5 second(s)

2018-07-27 16:58:08 - [MESSAGE][WARNING] - Timeout '0' is invalid. Using default page load timeout: '15'

2018-07-27 16:58:09 - [MESSAGE][PASSED] - Tapped on element 'Object Repository/CommonScreenElements/DoneButton'

2018-07-27 16:58:09 - [MESSAGE][PASSED] - com.ct.qa.keywords.CommonKeywords.findPictureImageView is PASSED

2018-07-27 16:58:09 - [TEST_STEP][PASSED] - verifyElementText: Actual text and expected text of test object 'Object Repository/ShopOpen/RemainingCategories/Validate_ProductCategoryAssetScreen' are matched.

2018-07-27 16:58:10 - [MESSAGE][PASSED] - Actual text and expected text of test object 'Object Repository/ShopOpen/RemainingCategories/Validate_ProductCategoryAssetScreen' are matched.

2018-07-27 16:58:10 - [TEST_STEP][PASSED] - tap: Tapped on element 'Object Repository/ShopOpen/RemainingCategories/ProductCategoryAsset_BackButton'

2018-07-27 16:58:10 - [MESSAGE][WARNING] - Timeout '0' is invalid. Using default page load timeout: '15'

2018-07-27 16:58:10 - [MESSAGE][PASSED] - Tapped on element 'Object Repository/ShopOpen/RemainingCategories/ProductCategoryAsset_BackButton'

2018-07-27 16:58:10 - [TEST_STEP][PASSED] - verifyElementExist: Element 'Object Repository/ShopOpen/Validate_ShopCategoriesListScreen' is exist

2018-07-27 16:58:10 - [MESSAGE][WARNING] - Timeout '0' is invalid. Using default page load timeout: '15'

2018-07-27 16:58:12 - [MESSAGE][PASSED] - Element 'Object Repository/ShopOpen/Validate_ShopCategoriesListScreen' is exist

2018-07-27 16:58:12 - [MESSAGE][PASSED] - Call Test Case 'Test Cases/ShopOpen/RemainingCategories/VisitRemainingCategoriesWithDSA' successfully

2018-07-27 16:58:12 - [MESSAGE][PASSED] - Swiped from 0,293 to 0,200

2018-07-27 16:58:15 - [MESSAGE][PASSED] - Swiped from 0,293 to 0,200

2018-07-27 16:58:18 - [MESSAGE][PASSED] - Swiped from 0,293 to 0,200

2018-07-27 16:58:20 - [TEST_CASE][PASSED] - Test Cases/ShopOpen/RemainingCategories/VisitRemainingCategoriesWithDSA: Test Cases/ShopOpen/RemainingCategories/VisitRemainingCategoriesWithDSA

2018-07-27 16:58:20 - [TEST_STEP][PASSED] - verifyElementText: Actual text and expected text of test object 'Object Repository/ShopOpen/RemainingCategories/Validate_RemainingCategoriesDetailScreen' are matched.

2018-07-27 16:58:22 - [MESSAGE][PASSED] - Actual text and expected text of test object 'Object Repository/ShopOpen/RemainingCategories/Validate_RemainingCategoriesDetailScreen' are matched.

2018-07-27 16:58:22 - [TEST_STEP][PASSED] - tap: Tapped on element 'Object Repository/ShopOpen/RemainingCategories/DisplaySpaceAvailable'

2018-07-27 16:58:22 - [MESSAGE][WARNING] - Timeout '0' is invalid. Using default page load timeout: '15'

2018-07-27 16:58:22 - [MESSAGE][PASSED] - Tapped on element 'Object Repository/ShopOpen/RemainingCategories/DisplaySpaceAvailable'

2018-07-27 16:58:22 - [TEST_STEP][PASSED] - verifyElementText: Actual text and expected text of test object 'Object Repository/ShopOpen/RemainingCategories/Validate_ProductCategoryAssetScreen' are matched.

2018-07-27 16:58:24 - [MESSAGE][PASSED] - Actual text and expected text of test object 'Object Repository/ShopOpen/RemainingCategories/Validate_ProductCategoryAssetScreen' are matched.

2018-07-27 16:58:24 - [TEST_STEP][PASSED] - tap: Tapped on element 'Object Repository/ShopOpen/RemainingCategories/Facing'

2018-07-27 16:58:24 - [MESSAGE][WARNING] - Timeout '0' is invalid. Using default page load timeout: '15'

2018-07-27 16:58:24 - [MESSAGE][PASSED] - Tapped on element 'Object Repository/ShopOpen/RemainingCategories/Facing'

2018-07-27 16:58:24 - [TEST_STEP][PASSED] - verifyElementText: Actual text and expected text of test object 'Object Repository/ShopOpen/RemainingCategories/Validate_FacingScreen' are matched.

2018-07-27 16:58:26 - [MESSAGE][PASSED] - Actual text and expected text of test object 'Object Repository/ShopOpen/RemainingCategories/Validate_FacingScreen' are matched.

2018-07-27 16:58:26 - [TEST_STEP][PASSED] - com.ct.qa.keywords.ChannelKeywords.visitChannelWiseProductsData: com.ct.qa.keywords.ChannelKeywords.visitChannelWiseProductsData is PASSED

2018-07-27 16:58:29 - [MESSAGE][PASSED] - Keyboard is hidden

2018-07-27 16:58:32 - [MESSAGE][PASSED] - Keyboard is hidden

2018-07-27 16:58:33 - [MESSAGE][PASSED] - com.ct.qa.keywords.ChannelKeywords.visitChannelWiseProductsData is PASSED

2018-07-27 16:58:33 - [TEST_STEP][PASSED] - tap: Tapped on element 'Object Repository/ShopOpen/RemainingCategories/SubmitButton'

2018-07-27 16:58:33 - [MESSAGE][WARNING] - Timeout '0' is invalid. Using default page load timeout: '15'

2018-07-27 16:58:34 - [MESSAGE][PASSED] - Tapped on element 'Object Repository/ShopOpen/RemainingCategories/SubmitButton'

2018-07-27 16:58:34 - [TEST_STEP][PASSED] - verifyElementText: Actual text and expected text of test object 'Object Repository/ShopOpen/RemainingCategories/Validate_ProductCategoryAssetScreen' are matched.

2018-07-27 16:58:35 - [MESSAGE][PASSED] - Actual text and expected text of test object 'Object Repository/ShopOpen/RemainingCategories/Validate_ProductCategoryAssetScreen' are matched.

2018-07-27 16:58:35 - [TEST_STEP][PASSED] - tap: Tapped on element 'Object Repository/ShopOpen/RemainingCategories/StockTaking'

2018-07-27 16:58:35 - [MESSAGE][WARNING] - Timeout '0' is invalid. Using default page load timeout: '15'

2018-07-27 16:58:35 - [MESSAGE][PASSED] - Tapped on element 'Object Repository/ShopOpen/RemainingCategories/StockTaking'

2018-07-27 16:58:35 - [TEST_STEP][PASSED] - verifyElementText: Actual text and expected text of test object 'Object Repository/ShopOpen/RemainingCategories/Validate_StockTakingScreen' are matched.

2018-07-27 16:58:37 - [MESSAGE][PASSED] - Actual text and expected text of test object 'Object Repository/ShopOpen/RemainingCategories/Validate_StockTakingScreen' are matched.

2018-07-27 16:58:37 - [TEST_STEP][PASSED] - com.ct.qa.keywords.ChannelKeywords.visitChannelWiseProductsData: com.ct.qa.keywords.ChannelKeywords.visitChannelWiseProductsData is PASSED

2018-07-27 16:58:40 - [MESSAGE][PASSED] - Keyboard is hidden

2018-07-27 16:58:43 - [MESSAGE][PASSED] - Keyboard is hidden

2018-07-27 16:58:44 - [MESSAGE][PASSED] - com.ct.qa.keywords.ChannelKeywords.visitChannelWiseProductsData is PASSED

2018-07-27 16:58:44 - [TEST_STEP][PASSED] - tap: Tapped on element 'Object Repository/ShopOpen/RemainingCategories/SubmitButton'

2018-07-27 16:58:44 - [MESSAGE][WARNING] - Timeout '0' is invalid. Using default page load timeout: '15'

2018-07-27 16:58:45 - [MESSAGE][PASSED] - Tapped on element 'Object Repository/ShopOpen/RemainingCategories/SubmitButton'

2018-07-27 16:58:45 - [TEST_STEP][PASSED] - verifyElementText: Actual text and expected text of test object 'Object Repository/ShopOpen/RemainingCategories/Validate_ProductCategoryAssetScreen' are matched.

2018-07-27 16:58:46 - [MESSAGE][PASSED] - Actual text and expected text of test object 'Object Repository/ShopOpen/RemainingCategories/Validate_ProductCategoryAssetScreen' are matched.

2018-07-27 16:58:46 - [TEST_STEP][PASSED] - tap: Tapped on element 'Object Repository/ShopOpen/RemainingCategories/planogram_ImageView'

2018-07-27 16:58:46 - [MESSAGE][WARNING] - Timeout '0' is invalid. Using default page load timeout: '15'

2018-07-27 16:58:46 - [MESSAGE][PASSED] - Tapped on element 'Object Repository/ShopOpen/RemainingCategories/planogram_ImageView'

2018-07-27 16:58:46 - [TEST_STEP][PASSED] - com.ct.qa.keywords.CommonKeywords.checkPlanogramAvailability: com.ct.qa.keywords.CommonKeywords.checkPlanogramAvailability is PASSED

2018-07-27 16:58:46 - [MESSAGE][WARNING] - Timeout '0' is invalid. Using default page load timeout: '15'

2018-07-27 16:59:02 - [MESSAGE][WARNING] - Object Object Repository/CommonScreenElements/InfoPopUp_OKButton not found
[[ATTACHMENT|F:\\Git Projects\\MMAPlus_Merchandising\\MMAPlus_Merchandising\\Reports\\MMA Plus Merchandising With Chiller Data Verification\\20180727_163727\\1532692741733.png]]

2018-07-27 16:59:02 - [MESSAGE][PASSED] - com.ct.qa.keywords.CommonKeywords.checkPlanogramAvailability is PASSED

2018-07-27 16:59:02 - [TEST_STEP][PASSED] - com.ct.qa.keywords.CommonKeywords.closePlanogram: com.ct.qa.keywords.CommonKeywords.closePlanogram is PASSED

2018-07-27 16:59:03 - [MESSAGE][PASSED] - com.ct.qa.keywords.CommonKeywords.closePlanogram is PASSED

2018-07-27 16:59:03 - [TEST_STEP][PASSED] - verifyElementText: Actual text and expected text of test object 'Object Repository/ShopOpen/RemainingCategories/Validate_ProductCategoryAssetScreen' are matched.

2018-07-27 16:59:04 - [MESSAGE][PASSED] - Actual text and expected text of test object 'Object Repository/ShopOpen/RemainingCategories/Validate_ProductCategoryAssetScreen' are matched.

2018-07-27 16:59:04 - [TEST_STEP][PASSED] - com.ct.qa.keywords.CommonKeywords.findPictureImageView: com.ct.qa.keywords.CommonKeywords.findPictureImageView is PASSED

2018-07-27 16:59:04 - [MESSAGE][WARNING] - Timeout '0' is invalid. Using default page load timeout: '15'

2018-07-27 16:59:07 - [MESSAGE][PASSED] - Tapped on element 'Object Repository/CommonScreenElements/Picture_ImageView'

2018-07-27 16:59:07 - [MESSAGE][WARNING] - Timeout '0' is invalid. Using default page load timeout: '15'

2018-07-27 16:59:07 - [MESSAGE][PASSED] - Element 'Object Repository/CommonScreenElements/Validate_CameraScreen' is exist

2018-07-27 16:59:07 - [MESSAGE][WARNING] - Timeout '0' is invalid. Using default page load timeout: '15'

2018-07-27 16:59:10 - [MESSAGE][PASSED] - Tapped on element 'Object Repository/CommonScreenElements/TakePictureButton'

2018-07-27 16:59:15 - [MESSAGE][PASSED] - Delayed 5 second(s)

2018-07-27 16:59:15 - [MESSAGE][WARNING] - Timeout '0' is invalid. Using default page load timeout: '15'

2018-07-27 16:59:16 - [MESSAGE][PASSED] - Tapped on element 'Object Repository/CommonScreenElements/DoneButton'

2018-07-27 16:59:16 - [MESSAGE][PASSED] - com.ct.qa.keywords.CommonKeywords.findPictureImageView is PASSED

2018-07-27 16:59:16 - [TEST_STEP][PASSED] - verifyElementText: Actual text and expected text of test object 'Object Repository/ShopOpen/RemainingCategories/Validate_ProductCategoryAssetScreen' are matched.

2018-07-27 16:59:17 - [MESSAGE][PASSED] - Actual text and expected text of test object 'Object Repository/ShopOpen/RemainingCategories/Validate_ProductCategoryAssetScreen' are matched.

2018-07-27 16:59:17 - [TEST_STEP][PASSED] - tap: Tapped on element 'Object Repository/ShopOpen/RemainingCategories/ProductCategoryAsset_BackButton'

2018-07-27 16:59:17 - [MESSAGE][WARNING] - Timeout '0' is invalid. Using default page load timeout: '15'

2018-07-27 16:59:17 - [MESSAGE][PASSED] - Tapped on element 'Object Repository/ShopOpen/RemainingCategories/ProductCategoryAsset_BackButton'

2018-07-27 16:59:17 - [TEST_STEP][PASSED] - verifyElementExist: Element 'Object Repository/ShopOpen/Validate_ShopCategoriesListScreen' is exist

2018-07-27 16:59:17 - [MESSAGE][WARNING] - Timeout '0' is invalid. Using default page load timeout: '15'

2018-07-27 16:59:20 - [MESSAGE][PASSED] - Element 'Object Repository/ShopOpen/Validate_ShopCategoriesListScreen' is exist

2018-07-27 16:59:20 - [MESSAGE][PASSED] - Call Test Case 'Test Cases/ShopOpen/RemainingCategories/VisitRemainingCategoriesWithDSA' successfully

2018-07-27 16:59:20 - [MESSAGE][PASSED] - Swiped from 0,293 to 0,200

2018-07-27 16:59:23 - [MESSAGE][PASSED] - Swiped from 0,293 to 0,200

2018-07-27 16:59:25 - [MESSAGE][PASSED] - Swiped from 0,293 to 0,200

2018-07-27 16:59:28 - [MESSAGE][PASSED] - Swiped from 0,293 to 0,200

2018-07-27 16:59:30 - [TEST_CASE][PASSED] - Test Cases/ShopOpen/RTMVisitFrequency/VisitRTMVisitFrequency: Test Cases/ShopOpen/RTMVisitFrequency/VisitRTMVisitFrequency

2018-07-27 16:59:30 - [TEST_STEP][PASSED] - verifyElementText: Actual text and expected text of test object 'Object Repository/ShopOpen/RTMVisitFrequency/Validate_RTMVisitFrequencyScreen' are matched.

2018-07-27 16:59:32 - [MESSAGE][PASSED] - Actual text and expected text of test object 'Object Repository/ShopOpen/RTMVisitFrequency/Validate_RTMVisitFrequencyScreen' are matched.

2018-07-27 16:59:32 - [TEST_STEP][PASSED] - com.ct.qa.keywords.RTMVisitFrequencyKeywords.visitRTMVisitFrequency: com.ct.qa.keywords.RTMVisitFrequencyKeywords.visitRTMVisitFrequency is PASSED

2018-07-27 16:59:32 - [MESSAGE][WARNING] - Timeout '0' is invalid. Using default page load timeout: '15'

2018-07-27 16:59:34 - [MESSAGE][PASSED] - Element 'Object Repository/ShopOpen/RTMVisitFrequency/Validate_RTMVisitFrequencyRemarks' is exist

2018-07-27 16:59:34 - [MESSAGE][WARNING] - Timeout '0' is invalid. Using default page load timeout: '15'

2018-07-27 16:59:35 - [MESSAGE][PASSED] - Tapped on element 'Object Repository/ShopOpen/RTMVisitFrequency/OnceAWeek'

2018-07-27 16:59:35 - [MESSAGE][WARNING] - Timeout '0' is invalid. Using default page load timeout: '15'

2018-07-27 16:59:37 - [MESSAGE][PASSED] - Element 'Object Repository/ShopOpen/RTMVisitFrequency/Validate_RTMVisitFrequencyRemarks' is exist

2018-07-27 16:59:37 - [MESSAGE][WARNING] - Timeout '0' is invalid. Using default page load timeout: '15'

2018-07-27 16:59:37 - [MESSAGE][PASSED] - Tapped on element 'Object Repository/ShopOpen/RTMVisitFrequency/OnceAWeek'

2018-07-27 16:59:38 - [MESSAGE][WARNING] - Timeout '0' is invalid. Using default page load timeout: '15'

2018-07-27 16:59:39 - [MESSAGE][PASSED] - Element 'Object Repository/ShopOpen/RTMVisitFrequency/Validate_RTMVisitFrequencyRemarks' is exist

2018-07-27 16:59:39 - [MESSAGE][WARNING] - Timeout '0' is invalid. Using default page load timeout: '15'

2018-07-27 16:59:40 - [MESSAGE][PASSED] - Tapped on element 'Object Repository/ShopOpen/RTMVisitFrequency/OnceAWeek'

2018-07-27 16:59:41 - [MESSAGE][WARNING] - Timeout '0' is invalid. Using default page load timeout: '15'

2018-07-27 16:59:42 - [MESSAGE][PASSED] - Element 'Object Repository/ShopOpen/RTMVisitFrequency/Validate_RTMVisitFrequencyRemarks' is exist

2018-07-27 16:59:42 - [MESSAGE][WARNING] - Timeout '0' is invalid. Using default page load timeout: '15'

2018-07-27 16:59:43 - [MESSAGE][PASSED] - Tapped on element 'Object Repository/ShopOpen/RTMVisitFrequency/OnceAWeek'

2018-07-27 16:59:43 - [MESSAGE][PASSED] - com.ct.qa.keywords.RTMVisitFrequencyKeywords.visitRTMVisitFrequency is PASSED

2018-07-27 16:59:43 - [TEST_STEP][PASSED] - tap: Tapped on element 'Object Repository/ShopOpen/RTMVisitFrequency/BackButton'

2018-07-27 16:59:43 - [MESSAGE][WARNING] - Timeout '0' is invalid. Using default page load timeout: '15'

2018-07-27 16:59:44 - [MESSAGE][PASSED] - Tapped on element 'Object Repository/ShopOpen/RTMVisitFrequency/BackButton'

2018-07-27 16:59:44 - [TEST_STEP][PASSED] - verifyElementExist: Element 'Object Repository/ShopOpen/Validate_ShopCategoriesListScreen' is exist

2018-07-27 16:59:44 - [MESSAGE][WARNING] - Timeout '0' is invalid. Using default page load timeout: '15'

2018-07-27 16:59:46 - [MESSAGE][PASSED] - Element 'Object Repository/ShopOpen/Validate_ShopCategoriesListScreen' is exist

2018-07-27 16:59:46 - [MESSAGE][PASSED] - Call Test Case 'Test Cases/ShopOpen/RTMVisitFrequency/VisitRTMVisitFrequency' successfully

2018-07-27 16:59:46 - [MESSAGE][PASSED] - Swiped from 0,293 to 0,200

2018-07-27 16:59:49 - [MESSAGE][PASSED] - Swiped from 0,293 to 0,200

2018-07-27 16:59:51 - [MESSAGE][PASSED] - Swiped from 0,293 to 0,200

2018-07-27 16:59:53 - [MESSAGE][PASSED] - Swiped from 0,293 to 0,200

2018-07-27 16:59:56 - [MESSAGE][PASSED] - Swiped from 0,293 to 0,200

2018-07-27 16:59:58 - [TEST_CASE][PASSED] - Test Cases/ShopOpen/POPApplication/OverwritePOPApplication: Test Cases/ShopOpen/POPApplication/OverwritePOPApplication

2018-07-27 16:59:58 - [TEST_STEP][PASSED] - verifyElementText: Actual text and expected text of test object 'Object Repository/ShopOpen/POPApplication/Validate_POPApplicationDetailScreen' are matched.

2018-07-27 17:00:00 - [MESSAGE][PASSED] - Actual text and expected text of test object 'Object Repository/ShopOpen/POPApplication/Validate_POPApplicationDetailScreen' are matched.

2018-07-27 17:00:00 - [TEST_STEP][PASSED] - tap: Tapped on element 'Object Repository/ShopOpen/POPApplication/POPDeployment_No'

2018-07-27 17:00:00 - [MESSAGE][WARNING] - Timeout '0' is invalid. Using default page load timeout: '15'

2018-07-27 17:00:00 - [MESSAGE][PASSED] - Tapped on element 'Object Repository/ShopOpen/POPApplication/POPDeployment_No'

2018-07-27 17:00:00 - [TEST_STEP][PASSED] - pressBack: Press back button successfully

2018-07-27 17:00:01 - [MESSAGE][PASSED] - Press back button successfully

2018-07-27 17:00:01 - [TEST_STEP][PASSED] - verifyElementExist: Element 'Object Repository/ShopOpen/Validate_ShopCategoriesListScreen' is exist

2018-07-27 17:00:01 - [MESSAGE][WARNING] - Timeout '0' is invalid. Using default page load timeout: '15'

2018-07-27 17:00:02 - [MESSAGE][PASSED] - Element 'Object Repository/ShopOpen/Validate_ShopCategoriesListScreen' is exist

2018-07-27 17:00:02 - [MESSAGE][PASSED] - Call Test Case 'Test Cases/ShopOpen/POPApplication/OverwritePOPApplication' successfully

2018-07-27 17:00:02 - [MESSAGE][PASSED] - Swiped from 0,293 to 0,200

2018-07-27 17:00:05 - [MESSAGE][PASSED] - Swiped from 0,293 to 0,200

2018-07-27 17:00:07 - [MESSAGE][PASSED] - Swiped from 0,293 to 0,200

2018-07-27 17:00:09 - [MESSAGE][PASSED] - Swiped from 0,293 to 0,200

2018-07-27 17:00:11 - [MESSAGE][PASSED] - Swiped from 0,293 to 0,200

2018-07-27 17:00:14 - [MESSAGE][PASSED] - Swiped from 0,293 to 0,200

2018-07-27 17:00:16 - [TEST_CASE][PASSED] - Test Cases/ShopOpen/RetailerRemarks/VisitRetailerRemarks: Test Cases/ShopOpen/RetailerRemarks/VisitRetailerRemarks

2018-07-27 17:00:16 - [TEST_STEP][PASSED] - verifyElementText: Actual text and expected text of test object 'Object Repository/ShopOpen/RetailerRemarks/Validate_RetailerRemarksScreen' are matched.

2018-07-27 17:00:18 - [MESSAGE][PASSED] - Actual text and expected text of test object 'Object Repository/ShopOpen/RetailerRemarks/Validate_RetailerRemarksScreen' are matched.

2018-07-27 17:00:18 - [TEST_STEP][PASSED] - com.ct.qa.keywords.RetailerRemarksKeywords.visitRetailerRemarks: com.ct.qa.keywords.RetailerRemarksKeywords.visitRetailerRemarks is PASSED

2018-07-27 17:00:18 - [MESSAGE][WARNING] - Timeout '0' is invalid. Using default page load timeout: '15'

2018-07-27 17:00:20 - [MESSAGE][PASSED] - Element 'Object Repository/ShopOpen/RetailerRemarks/OBNotVisiting' is exist

2018-07-27 17:00:20 - [MESSAGE][WARNING] - Timeout '0' is invalid. Using default page load timeout: '15'

2018-07-27 17:00:20 - [MESSAGE][PASSED] - Tapped on element 'Object Repository/ShopOpen/RetailerRemarks/OBNotVisiting'

2018-07-27 17:00:21 - [MESSAGE][PASSED] - Press back button successfully

2018-07-27 17:00:22 - [MESSAGE][PASSED] - Actual text and expected text of test object 'Object Repository/ShopOpen/RetailerRemarks/Validate_RetailerRemarksScreen' are matched.

2018-07-27 17:00:22 - [MESSAGE][WARNING] - Timeout '0' is invalid. Using default page load timeout: '15'

2018-07-27 17:00:23 - [MESSAGE][PASSED] - Element 'Object Repository/ShopOpen/RetailerRemarks/OBNotVisiting' is exist

2018-07-27 17:00:23 - [MESSAGE][WARNING] - Timeout '0' is invalid. Using default page load timeout: '15'

2018-07-27 17:00:24 - [MESSAGE][PASSED] - Tapped on element 'Object Repository/ShopOpen/RetailerRemarks/OBNotVisiting'

2018-07-27 17:00:25 - [MESSAGE][PASSED] - Press back button successfully

2018-07-27 17:00:26 - [MESSAGE][PASSED] - Actual text and expected text of test object 'Object Repository/ShopOpen/RetailerRemarks/Validate_RetailerRemarksScreen' are matched.

2018-07-27 17:00:26 - [MESSAGE][WARNING] - Timeout '0' is invalid. Using default page load timeout: '15'

2018-07-27 17:00:27 - [MESSAGE][PASSED] - Element 'Object Repository/ShopOpen/RetailerRemarks/OBNotVisiting' is exist

2018-07-27 17:00:27 - [MESSAGE][WARNING] - Timeout '0' is invalid. Using default page load timeout: '15'

2018-07-27 17:00:28 - [MESSAGE][PASSED] - Tapped on element 'Object Repository/ShopOpen/RetailerRemarks/OBNotVisiting'

2018-07-27 17:00:29 - [MESSAGE][PASSED] - Press back button successfully

2018-07-27 17:00:30 - [MESSAGE][PASSED] - Actual text and expected text of test object 'Object Repository/ShopOpen/RetailerRemarks/Validate_RetailerRemarksScreen' are matched.

2018-07-27 17:00:30 - [MESSAGE][PASSED] - com.ct.qa.keywords.RetailerRemarksKeywords.visitRetailerRemarks is PASSED

2018-07-27 17:00:30 - [TEST_STEP][PASSED] - tap: Tapped on element 'Object Repository/ShopOpen/RetailerRemarks/BackButton'

2018-07-27 17:00:30 - [MESSAGE][WARNING] - Timeout '0' is invalid. Using default page load timeout: '15'

2018-07-27 17:00:30 - [MESSAGE][PASSED] - Tapped on element 'Object Repository/ShopOpen/RetailerRemarks/BackButton'

2018-07-27 17:00:30 - [TEST_STEP][PASSED] - verifyElementExist: Element 'Object Repository/ShopOpen/Validate_ShopCategoriesListScreen' is exist

2018-07-27 17:00:30 - [MESSAGE][WARNING] - Timeout '0' is invalid. Using default page load timeout: '15'

2018-07-27 17:00:32 - [MESSAGE][PASSED] - Element 'Object Repository/ShopOpen/Validate_ShopCategoriesListScreen' is exist

2018-07-27 17:00:32 - [MESSAGE][PASSED] - Call Test Case 'Test Cases/ShopOpen/RetailerRemarks/VisitRetailerRemarks' successfully

2018-07-27 17:00:32 - [MESSAGE][PASSED] - Swiped from 0,293 to 0,200

2018-07-27 17:00:35 - [MESSAGE][PASSED] - Swiped from 0,293 to 0,200

2018-07-27 17:00:37 - [MESSAGE][PASSED] - Swiped from 0,293 to 0,200

2018-07-27 17:00:39 - [MESSAGE][PASSED] - Swiped from 0,293 to 0,200

2018-07-27 17:00:41 - [MESSAGE][PASSED] - Swiped from 0,293 to 0,200

2018-07-27 17:00:43 - [MESSAGE][PASSED] - Swiped from 0,293 to 0,200

2018-07-27 17:00:46 - [MESSAGE][PASSED] - Swiped from 0,293 to 0,200

2018-07-27 17:00:48 - [TEST_CASE][PASSED] - Test Cases/ShopOpen/AdditionalPicture/VisitAdditionalPicture: Test Cases/ShopOpen/AdditionalPicture/VisitAdditionalPicture

2018-07-27 17:00:48 - [TEST_STEP][PASSED] - verifyElementText: Actual text and expected text of test object 'Object Repository/ShopOpen/AdditionalPicture/Validate_AdditionalPictureScreen' are matched.

2018-07-27 17:00:50 - [MESSAGE][PASSED] - Actual text and expected text of test object 'Object Repository/ShopOpen/AdditionalPicture/Validate_AdditionalPictureScreen' are matched.

2018-07-27 17:00:50 - [TEST_STEP][PASSED] - com.ct.qa.keywords.AdditionalPictureKeywords.takeMendatoryImages: com.ct.qa.keywords.AdditionalPictureKeywords.takeMendatoryImages is PASSED

2018-07-27 17:00:53 - [MESSAGE][WARNING] - Timeout '0' is invalid. Using default page load timeout: '15'

2018-07-27 17:00:54 - [MESSAGE][PASSED] - Element 'Object Repository/CommonScreenElements/Validate_CameraScreen' is exist

2018-07-27 17:00:54 - [MESSAGE][WARNING] - Timeout '0' is invalid. Using default page load timeout: '15'

2018-07-27 17:00:58 - [MESSAGE][PASSED] - Tapped on element 'Object Repository/CommonScreenElements/TakePictureButton'

2018-07-27 17:01:03 - [MESSAGE][PASSED] - Delayed 5 second(s)

2018-07-27 17:01:03 - [MESSAGE][WARNING] - Timeout '0' is invalid. Using default page load timeout: '15'

2018-07-27 17:01:03 - [MESSAGE][PASSED] - Tapped on element 'Object Repository/CommonScreenElements/DoneButton'

2018-07-27 17:01:03 - [MESSAGE][PASSED] - com.ct.qa.keywords.AdditionalPictureKeywords.takeMendatoryImages is PASSED

2018-07-27 17:01:03 - [TEST_STEP][PASSED] - pressBack: Press back button successfully

2018-07-27 17:01:05 - [MESSAGE][PASSED] - Press back button successfully

2018-07-27 17:01:05 - [TEST_STEP][PASSED] - verifyElementExist: Element 'Object Repository/ShopOpen/Validate_ShopCategoriesListScreen' is exist

2018-07-27 17:01:05 - [MESSAGE][WARNING] - Timeout '0' is invalid. Using default page load timeout: '15'

2018-07-27 17:01:07 - [MESSAGE][PASSED] - Element 'Object Repository/ShopOpen/Validate_ShopCategoriesListScreen' is exist

2018-07-27 17:01:07 - [MESSAGE][PASSED] - Call Test Case 'Test Cases/ShopOpen/AdditionalPicture/VisitAdditionalPicture' successfully

2018-07-27 17:01:07 - [MESSAGE][PASSED] - Swiped from 0,293 to 0,200

2018-07-27 17:01:10 - [MESSAGE][PASSED] - Swiped from 0,293 to 0,200

2018-07-27 17:01:12 - [MESSAGE][PASSED] - Swiped from 0,293 to 0,200

2018-07-27 17:01:14 - [MESSAGE][PASSED] - Swiped from 0,293 to 0,200

2018-07-27 17:01:17 - [MESSAGE][PASSED] - Swiped from 0,293 to 0,200

2018-07-27 17:01:19 - [MESSAGE][PASSED] - Swiped from 0,293 to 0,200

2018-07-27 17:01:21 - [MESSAGE][PASSED] - Swiped from 0,293 to 0,200

2018-07-27 17:01:24 - [MESSAGE][PASSED] - Swiped from 0,293 to 0,200

2018-07-27 17:01:25 - [MESSAGE][PASSED] - com.ct.qa.keywords.CategoryVisitingScenariosKeywords.visitShopCategories is PASSED

2018-07-27 17:01:25 - [MESSAGE][PASSED] - Call Test Case 'Test Cases/ShopOpen/VisitShopCategories' successfully

2018-07-27 17:01:25 - [TEST_CASE][PASSED] - Test Cases/ShopOpen/SaveShop: Test Cases/ShopOpen/SaveShop

2018-07-27 17:01:25 - [TEST_STEP][PASSED] - tap: Tapped on element 'Object Repository/ShopOpen/SubmitButtonToSaveShop'

2018-07-27 17:01:25 - [MESSAGE][WARNING] - Timeout '0' is invalid. Using default page load timeout: '15'

2018-07-27 17:01:26 - [MESSAGE][PASSED] - Tapped on element 'Object Repository/ShopOpen/SubmitButtonToSaveShop'

2018-07-27 17:01:26 - [TEST_STEP][PASSED] - verifyElementExist: Element 'Object Repository/CommonScreenElements/Validate_InfoPopUP' is exist

2018-07-27 17:01:26 - [MESSAGE][WARNING] - Timeout '0' is invalid. Using default page load timeout: '15'

2018-07-27 17:01:27 - [MESSAGE][PASSED] - Element 'Object Repository/CommonScreenElements/Validate_InfoPopUP' is exist

2018-07-27 17:01:27 - [TEST_STEP][PASSED] - tap: Tapped on element 'Object Repository/CommonScreenElements/InfoPopUp_YesButton'

2018-07-27 17:01:27 - [MESSAGE][WARNING] - Timeout '0' is invalid. Using default page load timeout: '15'

2018-07-27 17:01:28 - [MESSAGE][PASSED] - Tapped on element 'Object Repository/CommonScreenElements/InfoPopUp_YesButton'

2018-07-27 17:01:28 - [TEST_STEP][PASSED] - verifyElementText: Actual text and expected text of test object 'Object Repository/Validate_ShopListScreen' are matched.

2018-07-27 17:01:29 - [MESSAGE][PASSED] - Actual text and expected text of test object 'Object Repository/Validate_ShopListScreen' are matched.

2018-07-27 17:01:29 - [MESSAGE][PASSED] - Call Test Case 'Test Cases/ShopOpen/SaveShop' successfully

2018-07-27 17:01:31 - [MESSAGE][PASSED] - Actual text and expected text of test object 'Object Repository/Validate_ShopOptionsScreen' are matched.

2018-07-27 17:01:31 - [MESSAGE][WARNING] - Timeout '0' is invalid. Using default page load timeout: '15'

2018-07-27 17:01:31 - [MESSAGE][PASSED] - Tapped on element 'Object Repository/StartWorking'

2018-07-27 17:01:46 - [MESSAGE][PASSED] - Delayed 15 second(s)

2018-07-27 17:01:47 - [MESSAGE][PASSED] - Element 'Object Repository/CommonScreenElements/Validate_MapScreen' is exist

2018-07-27 17:01:47 - [MESSAGE][WARNING] - Timeout '0' is invalid. Using default page load timeout: '15'

2018-07-27 17:01:47 - [MESSAGE][PASSED] - Tapped on element 'Object Repository/CommonScreenElements/Location_CheckIn'

2018-07-27 17:01:47 - [MESSAGE][WARNING] - Timeout '0' is invalid. Using default page load timeout: '15'

2018-07-27 17:01:48 - [MESSAGE][PASSED] - Element 'Object Repository/CommonScreenElements/Validate_InfoPopUP' is exist

2018-07-27 17:01:48 - [MESSAGE][WARNING] - Timeout '0' is invalid. Using default page load timeout: '15'

2018-07-27 17:01:49 - [MESSAGE][PASSED] - Tapped on element 'Object Repository/CommonScreenElements/InfoPopUp_NoButton'

2018-07-27 17:01:49 - [TEST_CASE][PASSED] - Test Cases/ShopOpen/VisitShopOpen: Test Cases/ShopOpen/VisitShopOpen

2018-07-27 17:01:49 - [TEST_STEP][PASSED] - verifyElementExist: Element 'Object Repository/ShopActions_List' is exist

2018-07-27 17:01:49 - [MESSAGE][WARNING] - Timeout '0' is invalid. Using default page load timeout: '15'

2018-07-27 17:01:50 - [MESSAGE][PASSED] - Element 'Object Repository/ShopActions_List' is exist

2018-07-27 17:01:50 - [TEST_STEP][PASSED] - tap: Tapped on element 'Object Repository/ShopOpen/ShopOpen'

2018-07-27 17:01:50 - [MESSAGE][WARNING] - Timeout '0' is invalid. Using default page load timeout: '15'

2018-07-27 17:01:51 - [MESSAGE][PASSED] - Tapped on element 'Object Repository/ShopOpen/ShopOpen'

2018-07-27 17:01:51 - [TEST_STEP][PASSED] - verifyElementExist: Element 'Object Repository/CommonScreenElements/Validate_CameraScreen' is exist

2018-07-27 17:01:51 - [MESSAGE][WARNING] - Timeout '0' is invalid. Using default page load timeout: '15'

2018-07-27 17:01:52 - [MESSAGE][PASSED] - Element 'Object Repository/CommonScreenElements/Validate_CameraScreen' is exist

2018-07-27 17:01:52 - [TEST_STEP][PASSED] - tap: Tapped on element 'Object Repository/CommonScreenElements/TakePictureButton'

2018-07-27 17:01:52 - [MESSAGE][WARNING] - Timeout '0' is invalid. Using default page load timeout: '15'

2018-07-27 17:01:56 - [MESSAGE][PASSED] - Tapped on element 'Object Repository/CommonScreenElements/TakePictureButton'

2018-07-27 17:01:56 - [TEST_STEP][PASSED] - delay: Delayed 5 second(s)

2018-07-27 17:02:01 - [MESSAGE][PASSED] - Delayed 5 second(s)

2018-07-27 17:02:01 - [TEST_STEP][PASSED] - tap: Tapped on element 'Object Repository/CommonScreenElements/DoneButton'

2018-07-27 17:02:01 - [MESSAGE][WARNING] - Timeout '0' is invalid. Using default page load timeout: '15'

2018-07-27 17:02:02 - [MESSAGE][PASSED] - Tapped on element 'Object Repository/CommonScreenElements/DoneButton'

2018-07-27 17:02:02 - [MESSAGE][PASSED] - Call Test Case 'Test Cases/ShopOpen/VisitShopOpen' successfully

2018-07-27 17:02:02 - [TEST_CASE][PASSED] - Test Cases/ShopOpen/VisitShopCategories: Test Cases/ShopOpen/VisitShopCategories

2018-07-27 17:02:02 - [TEST_STEP][PASSED] - verifyElementExist: Element 'Object Repository/ShopOpen/Validate_ShopCategoriesListScreen' is exist

2018-07-27 17:02:02 - [MESSAGE][WARNING] - Timeout '0' is invalid. Using default page load timeout: '15'

2018-07-27 17:02:04 - [MESSAGE][PASSED] - Element 'Object Repository/ShopOpen/Validate_ShopCategoriesListScreen' is exist

2018-07-27 17:02:04 - [TEST_STEP][PASSED] - com.ct.qa.keywords.CategoryVisitingScenariosKeywords.visitShopCategories: com.ct.qa.keywords.CategoryVisitingScenariosKeywords.visitShopCategories is PASSED

2018-07-27 17:02:05 - [TEST_CASE][PASSED] - Test Cases/ShopOpen/Chiller/VisitChillerWithChillerNotAllocated: Test Cases/ShopOpen/Chiller/VisitChillerWithChillerNotAllocated

2018-07-27 17:02:05 - [TEST_STEP][PASSED] - verifyElementText: Actual text and expected text of test object 'Object Repository/ShopOpen/Chiller/Validate_ChillerScreen' are matched.

2018-07-27 17:02:07 - [MESSAGE][PASSED] - Actual text and expected text of test object 'Object Repository/ShopOpen/Chiller/Validate_ChillerScreen' are matched.

2018-07-27 17:02:07 - [TEST_STEP][PASSED] - tap: Tapped on element 'Object Repository/ShopOpen/Chiller/ChillerNotAllocated'

2018-07-27 17:02:07 - [MESSAGE][WARNING] - Timeout '0' is invalid. Using default page load timeout: '15'

2018-07-27 17:02:07 - [MESSAGE][PASSED] - Tapped on element 'Object Repository/ShopOpen/Chiller/ChillerNotAllocated'

2018-07-27 17:02:07 - [TEST_STEP][PASSED] - verifyElementText: Actual text and expected text of test object 'Object Repository/ShopOpen/Chiller/Validate_ChillerNotAllocatedProductCategoryScreen' are matched.

2018-07-27 17:02:09 - [MESSAGE][PASSED] - Actual text and expected text of test object 'Object Repository/ShopOpen/Chiller/Validate_ChillerNotAllocatedProductCategoryScreen' are matched.

2018-07-27 17:02:09 - [TEST_STEP][PASSED] - com.ct.qa.keywords.ChannelKeywords.visitChillerNotAllocatedProductCategories: com.ct.qa.keywords.ChannelKeywords.visitChillerNotAllocatedProductCategories is PASSED

2018-07-27 17:02:12 - [TEST_CASE][PASSED] - Test Cases/ShopOpen/Chiller/VisitProductCategoryAssets: Test Cases/ShopOpen/Chiller/VisitProductCategoryAssets

2018-07-27 17:02:12 - [TEST_STEP][PASSED] - verifyElementText: Actual text and expected text of test object 'Object Repository/ShopOpen/Chiller/Validate_ProductCategoryAssetsScreen' are matched.

2018-07-27 17:02:14 - [MESSAGE][PASSED] - Actual text and expected text of test object 'Object Repository/ShopOpen/Chiller/Validate_ProductCategoryAssetsScreen' are matched.

2018-07-27 17:02:14 - [TEST_STEP][PASSED] - tap: Tapped on element 'Object Repository/ShopOpen/Chiller/Facing'

2018-07-27 17:02:14 - [MESSAGE][WARNING] - Timeout '0' is invalid. Using default page load timeout: '15'

2018-07-27 17:02:14 - [MESSAGE][PASSED] - Tapped on element 'Object Repository/ShopOpen/Chiller/Facing'

2018-07-27 17:02:14 - [TEST_STEP][PASSED] - verifyElementText: Actual text and expected text of test object 'Object Repository/ShopOpen/Chiller/Validate_FacingScreen' are matched.

2018-07-27 17:02:16 - [MESSAGE][PASSED] - Actual text and expected text of test object 'Object Repository/ShopOpen/Chiller/Validate_FacingScreen' are matched.

2018-07-27 17:02:16 - [TEST_STEP][PASSED] - com.ct.qa.keywords.ChannelKeywords.visitChannelWiseProductsData: com.ct.qa.keywords.ChannelKeywords.visitChannelWiseProductsData is PASSED

2018-07-27 17:02:20 - [MESSAGE][PASSED] - Keyboard is hidden

2018-07-27 17:02:23 - [MESSAGE][PASSED] - Keyboard is hidden

2018-07-27 17:02:26 - [MESSAGE][PASSED] - Keyboard is hidden

2018-07-27 17:02:29 - [MESSAGE][PASSED] - Keyboard is hidden

2018-07-27 17:02:32 - [MESSAGE][PASSED] - Keyboard is hidden

2018-07-27 17:02:33 - [MESSAGE][PASSED] - com.ct.qa.keywords.ChannelKeywords.visitChannelWiseProductsData is PASSED

2018-07-27 17:02:33 - [TEST_STEP][PASSED] - tap: Tapped on element 'Object Repository/ShopOpen/Chiller/SubmitButton'

2018-07-27 17:02:33 - [MESSAGE][WARNING] - Timeout '0' is invalid. Using default page load timeout: '15'

2018-07-27 17:02:34 - [MESSAGE][PASSED] - Tapped on element 'Object Repository/ShopOpen/Chiller/SubmitButton'

2018-07-27 17:02:34 - [TEST_STEP][PASSED] - verifyElementText: Actual text and expected text of test object 'Object Repository/ShopOpen/Chiller/Validate_ProductCategoryAssetsScreen' are matched.

2018-07-27 17:02:35 - [MESSAGE][PASSED] - Actual text and expected text of test object 'Object Repository/ShopOpen/Chiller/Validate_ProductCategoryAssetsScreen' are matched.

2018-07-27 17:02:35 - [TEST_STEP][PASSED] - tap: Tapped on element 'Object Repository/ShopOpen/Chiller/StockTaking'

2018-07-27 17:02:35 - [MESSAGE][WARNING] - Timeout '0' is invalid. Using default page load timeout: '15'

2018-07-27 17:02:35 - [MESSAGE][PASSED] - Tapped on element 'Object Repository/ShopOpen/Chiller/StockTaking'

2018-07-27 17:02:35 - [TEST_STEP][PASSED] - verifyElementText: Actual text and expected text of test object 'Object Repository/ShopOpen/Chiller/Validate_StockTakingScreen' are matched.

2018-07-27 17:02:37 - [MESSAGE][PASSED] - Actual text and expected text of test object 'Object Repository/ShopOpen/Chiller/Validate_StockTakingScreen' are matched.

2018-07-27 17:02:37 - [TEST_STEP][PASSED] - com.ct.qa.keywords.ChannelKeywords.visitChannelWiseProductsData: com.ct.qa.keywords.ChannelKeywords.visitChannelWiseProductsData is PASSED

2018-07-27 17:02:41 - [MESSAGE][PASSED] - Keyboard is hidden

2018-07-27 17:02:44 - [MESSAGE][PASSED] - Keyboard is hidden

2018-07-27 17:02:47 - [MESSAGE][PASSED] - Keyboard is hidden

2018-07-27 17:02:50 - [MESSAGE][PASSED] - Keyboard is hidden

2018-07-27 17:02:53 - [MESSAGE][PASSED] - Keyboard is hidden

2018-07-27 17:02:54 - [MESSAGE][PASSED] - com.ct.qa.keywords.ChannelKeywords.visitChannelWiseProductsData is PASSED

2018-07-27 17:02:54 - [TEST_STEP][PASSED] - tap: Tapped on element 'Object Repository/ShopOpen/Chiller/SubmitButton'

2018-07-27 17:02:54 - [MESSAGE][WARNING] - Timeout '0' is invalid. Using default page load timeout: '15'

2018-07-27 17:02:55 - [MESSAGE][PASSED] - Tapped on element 'Object Repository/ShopOpen/Chiller/SubmitButton'

2018-07-27 17:02:55 - [TEST_STEP][PASSED] - verifyElementText: Actual text and expected text of test object 'Object Repository/ShopOpen/Chiller/Validate_ProductCategoryAssetsScreen' are matched.

2018-07-27 17:02:56 - [MESSAGE][PASSED] - Actual text and expected text of test object 'Object Repository/ShopOpen/Chiller/Validate_ProductCategoryAssetsScreen' are matched.

2018-07-27 17:02:56 - [TEST_STEP][PASSED] - tap: Tapped on element 'Object Repository/ShopOpen/Chiller/ChillerNotAllocatedProductCategory_BackButton'

2018-07-27 17:02:56 - [MESSAGE][WARNING] - Timeout '0' is invalid. Using default page load timeout: '15'

2018-07-27 17:02:56 - [MESSAGE][PASSED] - Tapped on element 'Object Repository/ShopOpen/Chiller/ChillerNotAllocatedProductCategory_BackButton'

2018-07-27 17:02:56 - [MESSAGE][PASSED] - Call Test Case 'Test Cases/ShopOpen/Chiller/VisitProductCategoryAssets' successfully

2018-07-27 17:02:57 - [MESSAGE][PASSED] - Actual text and expected text of test object 'Object Repository/ShopOpen/Chiller/Validate_ChillerNotAllocatedProductCategoryScreen' are matched.

2018-07-27 17:02:58 - [TEST_CASE][PASSED] - Test Cases/ShopOpen/Chiller/VisitProductCategoryAssets: Test Cases/ShopOpen/Chiller/VisitProductCategoryAssets

2018-07-27 17:02:58 - [TEST_STEP][PASSED] - verifyElementText: Actual text and expected text of test object 'Object Repository/ShopOpen/Chiller/Validate_ProductCategoryAssetsScreen' are matched.

2018-07-27 17:03:00 - [MESSAGE][PASSED] - Actual text and expected text of test object 'Object Repository/ShopOpen/Chiller/Validate_ProductCategoryAssetsScreen' are matched.

2018-07-27 17:03:00 - [TEST_STEP][PASSED] - tap: Tapped on element 'Object Repository/ShopOpen/Chiller/Facing'

2018-07-27 17:03:00 - [MESSAGE][WARNING] - Timeout '0' is invalid. Using default page load timeout: '15'

2018-07-27 17:03:00 - [MESSAGE][PASSED] - Tapped on element 'Object Repository/ShopOpen/Chiller/Facing'

2018-07-27 17:03:00 - [TEST_STEP][PASSED] - verifyElementText: Actual text and expected text of test object 'Object Repository/ShopOpen/Chiller/Validate_FacingScreen' are matched.

2018-07-27 17:03:02 - [MESSAGE][PASSED] - Actual text and expected text of test object 'Object Repository/ShopOpen/Chiller/Validate_FacingScreen' are matched.

2018-07-27 17:03:02 - [TEST_STEP][PASSED] - com.ct.qa.keywords.ChannelKeywords.visitChannelWiseProductsData: com.ct.qa.keywords.ChannelKeywords.visitChannelWiseProductsData is PASSED

2018-07-27 17:03:06 - [MESSAGE][PASSED] - Keyboard is hidden

2018-07-27 17:03:09 - [MESSAGE][PASSED] - Keyboard is hidden

2018-07-27 17:03:12 - [MESSAGE][PASSED] - Keyboard is hidden

2018-07-27 17:03:15 - [MESSAGE][PASSED] - Keyboard is hidden

2018-07-27 17:03:18 - [MESSAGE][PASSED] - Keyboard is hidden

2018-07-27 17:03:21 - [MESSAGE][PASSED] - Keyboard is hidden

2018-07-27 17:03:25 - [MESSAGE][PASSED] - Swiped from 65,359 to 65,250

2018-07-27 17:03:26 - [MESSAGE][PASSED] - com.ct.qa.keywords.ChannelKeywords.visitChannelWiseProductsData is PASSED

2018-07-27 17:03:26 - [TEST_STEP][PASSED] - tap: Tapped on element 'Object Repository/ShopOpen/Chiller/SubmitButton'

2018-07-27 17:03:26 - [MESSAGE][WARNING] - Timeout '0' is invalid. Using default page load timeout: '15'

2018-07-27 17:03:26 - [MESSAGE][PASSED] - Tapped on element 'Object Repository/ShopOpen/Chiller/SubmitButton'

2018-07-27 17:03:26 - [TEST_STEP][PASSED] - verifyElementText: Actual text and expected text of test object 'Object Repository/ShopOpen/Chiller/Validate_ProductCategoryAssetsScreen' are matched.

2018-07-27 17:03:27 - [MESSAGE][PASSED] - Actual text and expected text of test object 'Object Repository/ShopOpen/Chiller/Validate_ProductCategoryAssetsScreen' are matched.

2018-07-27 17:03:27 - [TEST_STEP][PASSED] - tap: Tapped on element 'Object Repository/ShopOpen/Chiller/StockTaking'

2018-07-27 17:03:27 - [MESSAGE][WARNING] - Timeout '0' is invalid. Using default page load timeout: '15'

2018-07-27 17:03:28 - [MESSAGE][PASSED] - Tapped on element 'Object Repository/ShopOpen/Chiller/StockTaking'

2018-07-27 17:03:28 - [TEST_STEP][PASSED] - verifyElementText: Actual text and expected text of test object 'Object Repository/ShopOpen/Chiller/Validate_StockTakingScreen' are matched.

2018-07-27 17:03:30 - [MESSAGE][PASSED] - Actual text and expected text of test object 'Object Repository/ShopOpen/Chiller/Validate_StockTakingScreen' are matched.

2018-07-27 17:03:30 - [TEST_STEP][PASSED] - com.ct.qa.keywords.ChannelKeywords.visitChannelWiseProductsData: com.ct.qa.keywords.ChannelKeywords.visitChannelWiseProductsData is PASSED

2018-07-27 17:03:34 - [MESSAGE][PASSED] - Keyboard is hidden

2018-07-27 17:03:37 - [MESSAGE][PASSED] - Keyboard is hidden

2018-07-27 17:03:40 - [MESSAGE][PASSED] - Keyboard is hidden

2018-07-27 17:03:43 - [MESSAGE][PASSED] - Keyboard is hidden

2018-07-27 17:03:46 - [MESSAGE][PASSED] - Keyboard is hidden

2018-07-27 17:03:49 - [MESSAGE][PASSED] - Keyboard is hidden

2018-07-27 17:03:52 - [MESSAGE][PASSED] - Swiped from 65,359 to 65,250

2018-07-27 17:03:54 - [MESSAGE][PASSED] - com.ct.qa.keywords.ChannelKeywords.visitChannelWiseProductsData is PASSED

2018-07-27 17:03:54 - [TEST_STEP][PASSED] - tap: Tapped on element 'Object Repository/ShopOpen/Chiller/SubmitButton'

2018-07-27 17:03:54 - [MESSAGE][WARNING] - Timeout '0' is invalid. Using default page load timeout: '15'

2018-07-27 17:03:55 - [MESSAGE][PASSED] - Tapped on element 'Object Repository/ShopOpen/Chiller/SubmitButton'

2018-07-27 17:03:55 - [TEST_STEP][PASSED] - verifyElementText: Actual text and expected text of test object 'Object Repository/ShopOpen/Chiller/Validate_ProductCategoryAssetsScreen' are matched.

2018-07-27 17:03:56 - [MESSAGE][PASSED] - Actual text and expected text of test object 'Object Repository/ShopOpen/Chiller/Validate_ProductCategoryAssetsScreen' are matched.

2018-07-27 17:03:56 - [TEST_STEP][PASSED] - tap: Tapped on element 'Object Repository/ShopOpen/Chiller/ChillerNotAllocatedProductCategory_BackButton'

2018-07-27 17:03:56 - [MESSAGE][WARNING] - Timeout '0' is invalid. Using default page load timeout: '15'

2018-07-27 17:03:56 - [MESSAGE][PASSED] - Tapped on element 'Object Repository/ShopOpen/Chiller/ChillerNotAllocatedProductCategory_BackButton'

2018-07-27 17:03:56 - [MESSAGE][PASSED] - Call Test Case 'Test Cases/ShopOpen/Chiller/VisitProductCategoryAssets' successfully

2018-07-27 17:03:57 - [MESSAGE][PASSED] - Actual text and expected text of test object 'Object Repository/ShopOpen/Chiller/Validate_ChillerNotAllocatedProductCategoryScreen' are matched.

2018-07-27 17:03:58 - [TEST_CASE][PASSED] - Test Cases/ShopOpen/Chiller/VisitProductCategoryAssets: Test Cases/ShopOpen/Chiller/VisitProductCategoryAssets

2018-07-27 17:03:58 - [TEST_STEP][PASSED] - verifyElementText: Actual text and expected text of test object 'Object Repository/ShopOpen/Chiller/Validate_ProductCategoryAssetsScreen' are matched.

2018-07-27 17:04:00 - [MESSAGE][PASSED] - Actual text and expected text of test object 'Object Repository/ShopOpen/Chiller/Validate_ProductCategoryAssetsScreen' are matched.

2018-07-27 17:04:00 - [TEST_STEP][PASSED] - tap: Tapped on element 'Object Repository/ShopOpen/Chiller/Facing'

2018-07-27 17:04:00 - [MESSAGE][WARNING] - Timeout '0' is invalid. Using default page load timeout: '15'

2018-07-27 17:04:00 - [MESSAGE][PASSED] - Tapped on element 'Object Repository/ShopOpen/Chiller/Facing'

2018-07-27 17:04:00 - [TEST_STEP][PASSED] - verifyElementText: Actual text and expected text of test object 'Object Repository/ShopOpen/Chiller/Validate_FacingScreen' are matched.

2018-07-27 17:04:03 - [MESSAGE][PASSED] - Actual text and expected text of test object 'Object Repository/ShopOpen/Chiller/Validate_FacingScreen' are matched.

2018-07-27 17:04:03 - [TEST_STEP][PASSED] - com.ct.qa.keywords.ChannelKeywords.visitChannelWiseProductsData: com.ct.qa.keywords.ChannelKeywords.visitChannelWiseProductsData is PASSED

2018-07-27 17:04:06 - [MESSAGE][PASSED] - Keyboard is hidden

2018-07-27 17:04:07 - [MESSAGE][PASSED] - com.ct.qa.keywords.ChannelKeywords.visitChannelWiseProductsData is PASSED

2018-07-27 17:04:07 - [TEST_STEP][PASSED] - tap: Tapped on element 'Object Repository/ShopOpen/Chiller/SubmitButton'

2018-07-27 17:04:07 - [MESSAGE][WARNING] - Timeout '0' is invalid. Using default page load timeout: '15'

2018-07-27 17:04:07 - [MESSAGE][PASSED] - Tapped on element 'Object Repository/ShopOpen/Chiller/SubmitButton'

2018-07-27 17:04:07 - [TEST_STEP][PASSED] - verifyElementText: Actual text and expected text of test object 'Object Repository/ShopOpen/Chiller/Validate_ProductCategoryAssetsScreen' are matched.

2018-07-27 17:04:08 - [MESSAGE][PASSED] - Actual text and expected text of test object 'Object Repository/ShopOpen/Chiller/Validate_ProductCategoryAssetsScreen' are matched.

2018-07-27 17:04:08 - [TEST_STEP][PASSED] - tap: Tapped on element 'Object Repository/ShopOpen/Chiller/StockTaking'

2018-07-27 17:04:08 - [MESSAGE][WARNING] - Timeout '0' is invalid. Using default page load timeout: '15'

2018-07-27 17:04:09 - [MESSAGE][PASSED] - Tapped on element 'Object Repository/ShopOpen/Chiller/StockTaking'

2018-07-27 17:04:09 - [TEST_STEP][PASSED] - verifyElementText: Actual text and expected text of test object 'Object Repository/ShopOpen/Chiller/Validate_StockTakingScreen' are matched.

2018-07-27 17:04:11 - [MESSAGE][PASSED] - Actual text and expected text of test object 'Object Repository/ShopOpen/Chiller/Validate_StockTakingScreen' are matched.

2018-07-27 17:04:11 - [TEST_STEP][PASSED] - com.ct.qa.keywords.ChannelKeywords.visitChannelWiseProductsData: com.ct.qa.keywords.ChannelKeywords.visitChannelWiseProductsData is PASSED

2018-07-27 17:04:14 - [MESSAGE][PASSED] - Keyboard is hidden

2018-07-27 17:04:15 - [MESSAGE][PASSED] - com.ct.qa.keywords.ChannelKeywords.visitChannelWiseProductsData is PASSED

2018-07-27 17:04:15 - [TEST_STEP][PASSED] - tap: Tapped on element 'Object Repository/ShopOpen/Chiller/SubmitButton'

2018-07-27 17:04:15 - [MESSAGE][WARNING] - Timeout '0' is invalid. Using default page load timeout: '15'

2018-07-27 17:04:15 - [MESSAGE][PASSED] - Tapped on element 'Object Repository/ShopOpen/Chiller/SubmitButton'

2018-07-27 17:04:15 - [TEST_STEP][PASSED] - verifyElementText: Actual text and expected text of test object 'Object Repository/ShopOpen/Chiller/Validate_ProductCategoryAssetsScreen' are matched.

2018-07-27 17:04:16 - [MESSAGE][PASSED] - Actual text and expected text of test object 'Object Repository/ShopOpen/Chiller/Validate_ProductCategoryAssetsScreen' are matched.

2018-07-27 17:04:16 - [TEST_STEP][PASSED] - tap: Tapped on element 'Object Repository/ShopOpen/Chiller/ChillerNotAllocatedProductCategory_BackButton'

2018-07-27 17:04:16 - [MESSAGE][WARNING] - Timeout '0' is invalid. Using default page load timeout: '15'

2018-07-27 17:04:17 - [MESSAGE][PASSED] - Tapped on element 'Object Repository/ShopOpen/Chiller/ChillerNotAllocatedProductCategory_BackButton'

2018-07-27 17:04:17 - [MESSAGE][PASSED] - Call Test Case 'Test Cases/ShopOpen/Chiller/VisitProductCategoryAssets' successfully

2018-07-27 17:04:18 - [MESSAGE][PASSED] - Actual text and expected text of test object 'Object Repository/ShopOpen/Chiller/Validate_ChillerNotAllocatedProductCategoryScreen' are matched.

2018-07-27 17:04:19 - [TEST_CASE][PASSED] - Test Cases/ShopOpen/Chiller/VisitProductCategoryAssets: Test Cases/ShopOpen/Chiller/VisitProductCategoryAssets

2018-07-27 17:04:19 - [TEST_STEP][PASSED] - verifyElementText: Actual text and expected text of test object 'Object Repository/ShopOpen/Chiller/Validate_ProductCategoryAssetsScreen' are matched.

2018-07-27 17:04:21 - [MESSAGE][PASSED] - Actual text and expected text of test object 'Object Repository/ShopOpen/Chiller/Validate_ProductCategoryAssetsScreen' are matched.

2018-07-27 17:04:21 - [TEST_STEP][PASSED] - tap: Tapped on element 'Object Repository/ShopOpen/Chiller/Facing'

2018-07-27 17:04:21 - [MESSAGE][WARNING] - Timeout '0' is invalid. Using default page load timeout: '15'

2018-07-27 17:04:21 - [MESSAGE][PASSED] - Tapped on element 'Object Repository/ShopOpen/Chiller/Facing'

2018-07-27 17:04:21 - [TEST_STEP][PASSED] - verifyElementText: Actual text and expected text of test object 'Object Repository/ShopOpen/Chiller/Validate_FacingScreen' are matched.

2018-07-27 17:04:23 - [MESSAGE][PASSED] - Actual text and expected text of test object 'Object Repository/ShopOpen/Chiller/Validate_FacingScreen' are matched.

2018-07-27 17:04:23 - [TEST_STEP][PASSED] - com.ct.qa.keywords.ChannelKeywords.visitChannelWiseProductsData: com.ct.qa.keywords.ChannelKeywords.visitChannelWiseProductsData is PASSED

2018-07-27 17:04:26 - [MESSAGE][PASSED] - Keyboard is hidden

2018-07-27 17:04:29 - [MESSAGE][PASSED] - Keyboard is hidden

2018-07-27 17:04:30 - [MESSAGE][PASSED] - com.ct.qa.keywords.ChannelKeywords.visitChannelWiseProductsData is PASSED

2018-07-27 17:04:30 - [TEST_STEP][PASSED] - tap: Tapped on element 'Object Repository/ShopOpen/Chiller/SubmitButton'

2018-07-27 17:04:30 - [MESSAGE][WARNING] - Timeout '0' is invalid. Using default page load timeout: '15'

2018-07-27 17:04:31 - [MESSAGE][PASSED] - Tapped on element 'Object Repository/ShopOpen/Chiller/SubmitButton'

2018-07-27 17:04:31 - [TEST_STEP][PASSED] - verifyElementText: Actual text and expected text of test object 'Object Repository/ShopOpen/Chiller/Validate_ProductCategoryAssetsScreen' are matched.

2018-07-27 17:04:32 - [MESSAGE][PASSED] - Actual text and expected text of test object 'Object Repository/ShopOpen/Chiller/Validate_ProductCategoryAssetsScreen' are matched.

2018-07-27 17:04:32 - [TEST_STEP][PASSED] - tap: Tapped on element 'Object Repository/ShopOpen/Chiller/StockTaking'

2018-07-27 17:04:32 - [MESSAGE][WARNING] - Timeout '0' is invalid. Using default page load timeout: '15'

2018-07-27 17:04:32 - [MESSAGE][PASSED] - Tapped on element 'Object Repository/ShopOpen/Chiller/StockTaking'

2018-07-27 17:04:32 - [TEST_STEP][PASSED] - verifyElementText: Actual text and expected text of test object 'Object Repository/ShopOpen/Chiller/Validate_StockTakingScreen' are matched.

2018-07-27 17:04:34 - [MESSAGE][PASSED] - Actual text and expected text of test object 'Object Repository/ShopOpen/Chiller/Validate_StockTakingScreen' are matched.

2018-07-27 17:04:34 - [TEST_STEP][PASSED] - com.ct.qa.keywords.ChannelKeywords.visitChannelWiseProductsData: com.ct.qa.keywords.ChannelKeywords.visitChannelWiseProductsData is PASSED

2018-07-27 17:04:37 - [MESSAGE][PASSED] - Keyboard is hidden

2018-07-27 17:04:40 - [MESSAGE][PASSED] - Keyboard is hidden

2018-07-27 17:04:41 - [MESSAGE][PASSED] - com.ct.qa.keywords.ChannelKeywords.visitChannelWiseProductsData is PASSED

2018-07-27 17:04:41 - [TEST_STEP][PASSED] - tap: Tapped on element 'Object Repository/ShopOpen/Chiller/SubmitButton'

2018-07-27 17:04:41 - [MESSAGE][WARNING] - Timeout '0' is invalid. Using default page load timeout: '15'

2018-07-27 17:04:41 - [MESSAGE][PASSED] - Tapped on element 'Object Repository/ShopOpen/Chiller/SubmitButton'

2018-07-27 17:04:41 - [TEST_STEP][PASSED] - verifyElementText: Actual text and expected text of test object 'Object Repository/ShopOpen/Chiller/Validate_ProductCategoryAssetsScreen' are matched.

2018-07-27 17:04:42 - [MESSAGE][PASSED] - Actual text and expected text of test object 'Object Repository/ShopOpen/Chiller/Validate_ProductCategoryAssetsScreen' are matched.

2018-07-27 17:04:42 - [TEST_STEP][PASSED] - tap: Tapped on element 'Object Repository/ShopOpen/Chiller/ChillerNotAllocatedProductCategory_BackButton'

2018-07-27 17:04:42 - [MESSAGE][WARNING] - Timeout '0' is invalid. Using default page load timeout: '15'

2018-07-27 17:04:43 - [MESSAGE][PASSED] - Tapped on element 'Object Repository/ShopOpen/Chiller/ChillerNotAllocatedProductCategory_BackButton'

2018-07-27 17:04:43 - [MESSAGE][PASSED] - Call Test Case 'Test Cases/ShopOpen/Chiller/VisitProductCategoryAssets' successfully

2018-07-27 17:04:44 - [MESSAGE][PASSED] - Actual text and expected text of test object 'Object Repository/ShopOpen/Chiller/Validate_ChillerNotAllocatedProductCategoryScreen' are matched.

2018-07-27 17:04:44 - [MESSAGE][PASSED] - com.ct.qa.keywords.ChannelKeywords.visitChillerNotAllocatedProductCategories is PASSED

2018-07-27 17:04:44 - [TEST_STEP][PASSED] - verifyElementText: Actual text and expected text of test object 'Object Repository/ShopOpen/Chiller/Validate_ChillerNotAllocatedProductCategoryScreen' are matched.

2018-07-27 17:04:44 - [MESSAGE][PASSED] - Actual text and expected text of test object 'Object Repository/ShopOpen/Chiller/Validate_ChillerNotAllocatedProductCategoryScreen' are matched.

2018-07-27 17:04:44 - [TEST_STEP][PASSED] - tap: Tapped on element 'Object Repository/ShopOpen/Chiller/Planogram_ImageView'

2018-07-27 17:04:44 - [MESSAGE][WARNING] - Timeout '0' is invalid. Using default page load timeout: '15'

2018-07-27 17:04:45 - [MESSAGE][PASSED] - Tapped on element 'Object Repository/ShopOpen/Chiller/Planogram_ImageView'

2018-07-27 17:04:45 - [TEST_STEP][PASSED] - com.ct.qa.keywords.CommonKeywords.checkPlanogramAvailability: com.ct.qa.keywords.CommonKeywords.checkPlanogramAvailability is PASSED

2018-07-27 17:04:45 - [MESSAGE][WARNING] - Timeout '0' is invalid. Using default page load timeout: '15'

2018-07-27 17:05:01 - [MESSAGE][WARNING] - Object Object Repository/CommonScreenElements/InfoPopUp_OKButton not found
[[ATTACHMENT|F:\\Git Projects\\MMAPlus_Merchandising\\MMAPlus_Merchandising\\Reports\\MMA Plus Merchandising With Chiller Data Verification\\20180727_163727\\1532693100449.png]]

2018-07-27 17:05:01 - [MESSAGE][PASSED] - com.ct.qa.keywords.CommonKeywords.checkPlanogramAvailability is PASSED

2018-07-27 17:05:01 - [TEST_STEP][PASSED] - com.ct.qa.keywords.CommonKeywords.closePlanogram: com.ct.qa.keywords.CommonKeywords.closePlanogram is PASSED

2018-07-27 17:05:02 - [MESSAGE][PASSED] - com.ct.qa.keywords.CommonKeywords.closePlanogram is PASSED

2018-07-27 17:05:02 - [TEST_STEP][PASSED] - verifyElementText: Actual text and expected text of test object 'Object Repository/ShopOpen/Chiller/Validate_ChillerNotAllocatedProductCategoryScreen' are matched.

2018-07-27 17:05:03 - [MESSAGE][PASSED] - Actual text and expected text of test object 'Object Repository/ShopOpen/Chiller/Validate_ChillerNotAllocatedProductCategoryScreen' are matched.

2018-07-27 17:05:03 - [TEST_STEP][PASSED] - com.ct.qa.keywords.CommonKeywords.findPictureImageView: com.ct.qa.keywords.CommonKeywords.findPictureImageView is PASSED

2018-07-27 17:05:03 - [MESSAGE][WARNING] - Timeout '0' is invalid. Using default page load timeout: '15'

2018-07-27 17:05:06 - [MESSAGE][PASSED] - Tapped on element 'Object Repository/CommonScreenElements/Picture_ImageView'

2018-07-27 17:05:06 - [MESSAGE][WARNING] - Timeout '0' is invalid. Using default page load timeout: '15'

2018-07-27 17:05:07 - [MESSAGE][PASSED] - Element 'Object Repository/CommonScreenElements/Validate_CameraScreen' is exist

2018-07-27 17:05:07 - [MESSAGE][WARNING] - Timeout '0' is invalid. Using default page load timeout: '15'

2018-07-27 17:05:10 - [MESSAGE][PASSED] - Tapped on element 'Object Repository/CommonScreenElements/TakePictureButton'

2018-07-27 17:05:15 - [MESSAGE][PASSED] - Delayed 5 second(s)

2018-07-27 17:05:15 - [MESSAGE][WARNING] - Timeout '0' is invalid. Using default page load timeout: '15'

2018-07-27 17:05:16 - [MESSAGE][PASSED] - Tapped on element 'Object Repository/CommonScreenElements/DoneButton'

2018-07-27 17:05:16 - [MESSAGE][PASSED] - com.ct.qa.keywords.CommonKeywords.findPictureImageView is PASSED

2018-07-27 17:05:16 - [TEST_STEP][PASSED] - verifyElementText: Actual text and expected text of test object 'Object Repository/ShopOpen/Chiller/Validate_ChillerNotAllocatedProductCategoryScreen' are matched.

2018-07-27 17:05:17 - [MESSAGE][PASSED] - Actual text and expected text of test object 'Object Repository/ShopOpen/Chiller/Validate_ChillerNotAllocatedProductCategoryScreen' are matched.

2018-07-27 17:05:17 - [TEST_STEP][PASSED] - tap: Tapped on element 'Object Repository/ShopOpen/Chiller/ChillerNotAllocatedProductCategory_BackButton'

2018-07-27 17:05:17 - [MESSAGE][WARNING] - Timeout '0' is invalid. Using default page load timeout: '15'

2018-07-27 17:05:17 - [MESSAGE][PASSED] - Tapped on element 'Object Repository/ShopOpen/Chiller/ChillerNotAllocatedProductCategory_BackButton'

2018-07-27 17:05:17 - [TEST_STEP][PASSED] - verifyElementExist: Element 'Object Repository/ShopOpen/Validate_ShopCategoriesListScreen' is exist

2018-07-27 17:05:17 - [MESSAGE][WARNING] - Timeout '0' is invalid. Using default page load timeout: '15'

2018-07-27 17:05:19 - [MESSAGE][PASSED] - Element 'Object Repository/ShopOpen/Validate_ShopCategoriesListScreen' is exist

2018-07-27 17:05:19 - [MESSAGE][PASSED] - Call Test Case 'Test Cases/ShopOpen/Chiller/VisitChillerWithChillerNotAllocated' successfully

2018-07-27 17:05:20 - [TEST_CASE][PASSED] - Test Cases/ShopOpen/RemainingCategories/VisitRemainingCategoriesWithDSA: Test Cases/ShopOpen/RemainingCategories/VisitRemainingCategoriesWithDSA

2018-07-27 17:05:20 - [TEST_STEP][PASSED] - verifyElementText: Actual text and expected text of test object 'Object Repository/ShopOpen/RemainingCategories/Validate_RemainingCategoriesDetailScreen' are matched.

2018-07-27 17:05:22 - [MESSAGE][PASSED] - Actual text and expected text of test object 'Object Repository/ShopOpen/RemainingCategories/Validate_RemainingCategoriesDetailScreen' are matched.

2018-07-27 17:05:22 - [TEST_STEP][PASSED] - tap: Tapped on element 'Object Repository/ShopOpen/RemainingCategories/DisplaySpaceAvailable'

2018-07-27 17:05:22 - [MESSAGE][WARNING] - Timeout '0' is invalid. Using default page load timeout: '15'

2018-07-27 17:05:22 - [MESSAGE][PASSED] - Tapped on element 'Object Repository/ShopOpen/RemainingCategories/DisplaySpaceAvailable'

2018-07-27 17:05:22 - [TEST_STEP][PASSED] - verifyElementText: Actual text and expected text of test object 'Object Repository/ShopOpen/RemainingCategories/Validate_ProductCategoryAssetScreen' are matched.

2018-07-27 17:05:25 - [MESSAGE][PASSED] - Actual text and expected text of test object 'Object Repository/ShopOpen/RemainingCategories/Validate_ProductCategoryAssetScreen' are matched.

2018-07-27 17:05:25 - [TEST_STEP][PASSED] - tap: Tapped on element 'Object Repository/ShopOpen/RemainingCategories/Facing'

2018-07-27 17:05:25 - [MESSAGE][WARNING] - Timeout '0' is invalid. Using default page load timeout: '15'

2018-07-27 17:05:25 - [MESSAGE][PASSED] - Tapped on element 'Object Repository/ShopOpen/RemainingCategories/Facing'

2018-07-27 17:05:25 - [TEST_STEP][PASSED] - verifyElementText: Actual text and expected text of test object 'Object Repository/ShopOpen/RemainingCategories/Validate_FacingScreen' are matched.

2018-07-27 17:05:27 - [MESSAGE][PASSED] - Actual text and expected text of test object 'Object Repository/ShopOpen/RemainingCategories/Validate_FacingScreen' are matched.

2018-07-27 17:05:27 - [TEST_STEP][PASSED] - com.ct.qa.keywords.ChannelKeywords.visitChannelWiseProductsData: com.ct.qa.keywords.ChannelKeywords.visitChannelWiseProductsData is PASSED

2018-07-27 17:05:31 - [MESSAGE][PASSED] - Keyboard is hidden

2018-07-27 17:05:34 - [MESSAGE][PASSED] - Keyboard is hidden

2018-07-27 17:05:37 - [MESSAGE][PASSED] - Keyboard is hidden

2018-07-27 17:05:40 - [MESSAGE][PASSED] - Keyboard is hidden

2018-07-27 17:05:43 - [MESSAGE][PASSED] - Keyboard is hidden

2018-07-27 17:05:46 - [MESSAGE][PASSED] - Keyboard is hidden

2018-07-27 17:05:49 - [MESSAGE][PASSED] - Swiped from 50,359 to 50,250

2018-07-27 17:05:52 - [MESSAGE][PASSED] - Keyboard is hidden

2018-07-27 17:05:53 - [MESSAGE][PASSED] - Swiped from 50,359 to 50,250

2018-07-27 17:05:57 - [MESSAGE][PASSED] - Keyboard is hidden

2018-07-27 17:05:59 - [MESSAGE][PASSED] - Swiped from 50,359 to 50,250

2018-07-27 17:06:02 - [MESSAGE][PASSED] - Keyboard is hidden

2018-07-27 17:06:04 - [MESSAGE][PASSED] - Swiped from 50,359 to 50,250

2018-07-27 17:06:07 - [MESSAGE][PASSED] - Keyboard is hidden

2018-07-27 17:06:09 - [MESSAGE][PASSED] - Swiped from 50,359 to 50,250

2018-07-27 17:06:12 - [MESSAGE][PASSED] - Keyboard is hidden

2018-07-27 17:06:14 - [MESSAGE][PASSED] - Swiped from 50,359 to 50,250

2018-07-27 17:06:17 - [MESSAGE][PASSED] - Keyboard is hidden

2018-07-27 17:06:19 - [MESSAGE][PASSED] - Swiped from 50,359 to 50,250

2018-07-27 17:06:20 - [MESSAGE][PASSED] - com.ct.qa.keywords.ChannelKeywords.visitChannelWiseProductsData is PASSED

2018-07-27 17:06:20 - [TEST_STEP][PASSED] - tap: Tapped on element 'Object Repository/ShopOpen/RemainingCategories/SubmitButton'

2018-07-27 17:06:20 - [MESSAGE][WARNING] - Timeout '0' is invalid. Using default page load timeout: '15'

2018-07-27 17:06:20 - [MESSAGE][PASSED] - Tapped on element 'Object Repository/ShopOpen/RemainingCategories/SubmitButton'

2018-07-27 17:06:20 - [TEST_STEP][PASSED] - verifyElementText: Actual text and expected text of test object 'Object Repository/ShopOpen/RemainingCategories/Validate_ProductCategoryAssetScreen' are matched.

2018-07-27 17:06:21 - [MESSAGE][PASSED] - Actual text and expected text of test object 'Object Repository/ShopOpen/RemainingCategories/Validate_ProductCategoryAssetScreen' are matched.

2018-07-27 17:06:21 - [TEST_STEP][PASSED] - tap: Tapped on element 'Object Repository/ShopOpen/RemainingCategories/StockTaking'

2018-07-27 17:06:21 - [MESSAGE][WARNING] - Timeout '0' is invalid. Using default page load timeout: '15'

2018-07-27 17:06:22 - [MESSAGE][PASSED] - Tapped on element 'Object Repository/ShopOpen/RemainingCategories/StockTaking'

2018-07-27 17:06:22 - [TEST_STEP][PASSED] - verifyElementText: Actual text and expected text of test object 'Object Repository/ShopOpen/RemainingCategories/Validate_StockTakingScreen' are matched.

2018-07-27 17:06:24 - [MESSAGE][PASSED] - Actual text and expected text of test object 'Object Repository/ShopOpen/RemainingCategories/Validate_StockTakingScreen' are matched.

2018-07-27 17:06:24 - [TEST_STEP][PASSED] - com.ct.qa.keywords.ChannelKeywords.visitChannelWiseProductsData: com.ct.qa.keywords.ChannelKeywords.visitChannelWiseProductsData is PASSED

2018-07-27 17:06:28 - [MESSAGE][PASSED] - Keyboard is hidden

2018-07-27 17:06:31 - [MESSAGE][PASSED] - Keyboard is hidden

2018-07-27 17:06:34 - [MESSAGE][PASSED] - Keyboard is hidden

2018-07-27 17:06:37 - [MESSAGE][PASSED] - Keyboard is hidden

2018-07-27 17:06:40 - [MESSAGE][PASSED] - Keyboard is hidden

2018-07-27 17:06:43 - [MESSAGE][PASSED] - Keyboard is hidden

2018-07-27 17:06:46 - [MESSAGE][PASSED] - Swiped from 50,359 to 50,250

2018-07-27 17:06:49 - [MESSAGE][PASSED] - Keyboard is hidden

2018-07-27 17:06:51 - [MESSAGE][PASSED] - Swiped from 50,359 to 50,250

2018-07-27 17:06:54 - [MESSAGE][PASSED] - Keyboard is hidden

2018-07-27 17:06:56 - [MESSAGE][PASSED] - Swiped from 50,359 to 50,250

2018-07-27 17:06:59 - [MESSAGE][PASSED] - Keyboard is hidden

2018-07-27 17:07:01 - [MESSAGE][PASSED] - Swiped from 50,359 to 50,250

2018-07-27 17:07:04 - [MESSAGE][PASSED] - Keyboard is hidden

2018-07-27 17:07:06 - [MESSAGE][PASSED] - Swiped from 50,359 to 50,250

2018-07-27 17:07:09 - [MESSAGE][PASSED] - Keyboard is hidden

2018-07-27 17:07:11 - [MESSAGE][PASSED] - Swiped from 50,359 to 50,250

2018-07-27 17:07:14 - [MESSAGE][PASSED] - Keyboard is hidden

2018-07-27 17:07:16 - [MESSAGE][PASSED] - Swiped from 50,359 to 50,250

2018-07-27 17:07:17 - [MESSAGE][PASSED] - com.ct.qa.keywords.ChannelKeywords.visitChannelWiseProductsData is PASSED

2018-07-27 17:07:17 - [TEST_STEP][PASSED] - tap: Tapped on element 'Object Repository/ShopOpen/RemainingCategories/SubmitButton'

2018-07-27 17:07:17 - [MESSAGE][WARNING] - Timeout '0' is invalid. Using default page load timeout: '15'

2018-07-27 17:07:17 - [MESSAGE][PASSED] - Tapped on element 'Object Repository/ShopOpen/RemainingCategories/SubmitButton'

2018-07-27 17:07:17 - [TEST_STEP][PASSED] - verifyElementText: Actual text and expected text of test object 'Object Repository/ShopOpen/RemainingCategories/Validate_ProductCategoryAssetScreen' are matched.

2018-07-27 17:07:18 - [MESSAGE][PASSED] - Actual text and expected text of test object 'Object Repository/ShopOpen/RemainingCategories/Validate_ProductCategoryAssetScreen' are matched.

2018-07-27 17:07:18 - [TEST_STEP][PASSED] - tap: Tapped on element 'Object Repository/ShopOpen/RemainingCategories/planogram_ImageView'

2018-07-27 17:07:18 - [MESSAGE][WARNING] - Timeout '0' is invalid. Using default page load timeout: '15'

2018-07-27 17:07:19 - [MESSAGE][PASSED] - Tapped on element 'Object Repository/ShopOpen/RemainingCategories/planogram_ImageView'

2018-07-27 17:07:19 - [TEST_STEP][PASSED] - com.ct.qa.keywords.CommonKeywords.checkPlanogramAvailability: com.ct.qa.keywords.CommonKeywords.checkPlanogramAvailability is PASSED

2018-07-27 17:07:19 - [MESSAGE][WARNING] - Timeout '0' is invalid. Using default page load timeout: '15'

2018-07-27 17:07:35 - [MESSAGE][WARNING] - Object Object Repository/CommonScreenElements/InfoPopUp_OKButton not found
[[ATTACHMENT|F:\\Git Projects\\MMAPlus_Merchandising\\MMAPlus_Merchandising\\Reports\\MMA Plus Merchandising With Chiller Data Verification\\20180727_163727\\1532693254450.png]]

2018-07-27 17:07:35 - [MESSAGE][PASSED] - com.ct.qa.keywords.CommonKeywords.checkPlanogramAvailability is PASSED

2018-07-27 17:07:35 - [TEST_STEP][PASSED] - com.ct.qa.keywords.CommonKeywords.closePlanogram: com.ct.qa.keywords.CommonKeywords.closePlanogram is PASSED

2018-07-27 17:07:36 - [MESSAGE][PASSED] - com.ct.qa.keywords.CommonKeywords.closePlanogram is PASSED

2018-07-27 17:07:36 - [TEST_STEP][PASSED] - verifyElementText: Actual text and expected text of test object 'Object Repository/ShopOpen/RemainingCategories/Validate_ProductCategoryAssetScreen' are matched.

2018-07-27 17:07:37 - [MESSAGE][PASSED] - Actual text and expected text of test object 'Object Repository/ShopOpen/RemainingCategories/Validate_ProductCategoryAssetScreen' are matched.

2018-07-27 17:07:37 - [TEST_STEP][PASSED] - com.ct.qa.keywords.CommonKeywords.findPictureImageView: com.ct.qa.keywords.CommonKeywords.findPictureImageView is PASSED

2018-07-27 17:07:37 - [MESSAGE][WARNING] - Timeout '0' is invalid. Using default page load timeout: '15'

2018-07-27 17:07:39 - [MESSAGE][PASSED] - Tapped on element 'Object Repository/CommonScreenElements/Picture_ImageView'

2018-07-27 17:07:39 - [MESSAGE][WARNING] - Timeout '0' is invalid. Using default page load timeout: '15'

2018-07-27 17:07:40 - [MESSAGE][PASSED] - Element 'Object Repository/CommonScreenElements/Validate_CameraScreen' is exist

2018-07-27 17:07:40 - [MESSAGE][WARNING] - Timeout '0' is invalid. Using default page load timeout: '15'

2018-07-27 17:07:44 - [MESSAGE][PASSED] - Tapped on element 'Object Repository/CommonScreenElements/TakePictureButton'

2018-07-27 17:07:49 - [MESSAGE][PASSED] - Delayed 5 second(s)

2018-07-27 17:07:49 - [MESSAGE][WARNING] - Timeout '0' is invalid. Using default page load timeout: '15'

2018-07-27 17:07:49 - [MESSAGE][PASSED] - Tapped on element 'Object Repository/CommonScreenElements/DoneButton'

2018-07-27 17:07:49 - [MESSAGE][PASSED] - com.ct.qa.keywords.CommonKeywords.findPictureImageView is PASSED

2018-07-27 17:07:49 - [TEST_STEP][PASSED] - verifyElementText: Actual text and expected text of test object 'Object Repository/ShopOpen/RemainingCategories/Validate_ProductCategoryAssetScreen' are matched.

2018-07-27 17:07:50 - [MESSAGE][PASSED] - Actual text and expected text of test object 'Object Repository/ShopOpen/RemainingCategories/Validate_ProductCategoryAssetScreen' are matched.

2018-07-27 17:07:50 - [TEST_STEP][PASSED] - tap: Tapped on element 'Object Repository/ShopOpen/RemainingCategories/ProductCategoryAsset_BackButton'

2018-07-27 17:07:50 - [MESSAGE][WARNING] - Timeout '0' is invalid. Using default page load timeout: '15'

2018-07-27 17:07:52 - [MESSAGE][PASSED] - Tapped on element 'Object Repository/ShopOpen/RemainingCategories/ProductCategoryAsset_BackButton'

2018-07-27 17:07:52 - [TEST_STEP][PASSED] - verifyElementExist: Element 'Object Repository/ShopOpen/Validate_ShopCategoriesListScreen' is exist

2018-07-27 17:07:52 - [MESSAGE][WARNING] - Timeout '0' is invalid. Using default page load timeout: '15'

2018-07-27 17:07:54 - [MESSAGE][PASSED] - Element 'Object Repository/ShopOpen/Validate_ShopCategoriesListScreen' is exist

2018-07-27 17:07:54 - [MESSAGE][PASSED] - Call Test Case 'Test Cases/ShopOpen/RemainingCategories/VisitRemainingCategoriesWithDSA' successfully

2018-07-27 17:07:54 - [TEST_CASE][PASSED] - Test Cases/ShopOpen/RemainingCategories/VisitRemainingCategoriesWithDSA: Test Cases/ShopOpen/RemainingCategories/VisitRemainingCategoriesWithDSA

2018-07-27 17:07:54 - [TEST_STEP][PASSED] - verifyElementText: Actual text and expected text of test object 'Object Repository/ShopOpen/RemainingCategories/Validate_RemainingCategoriesDetailScreen' are matched.

2018-07-27 17:07:56 - [MESSAGE][PASSED] - Actual text and expected text of test object 'Object Repository/ShopOpen/RemainingCategories/Validate_RemainingCategoriesDetailScreen' are matched.

2018-07-27 17:07:56 - [TEST_STEP][PASSED] - tap: Tapped on element 'Object Repository/ShopOpen/RemainingCategories/DisplaySpaceAvailable'

2018-07-27 17:07:56 - [MESSAGE][WARNING] - Timeout '0' is invalid. Using default page load timeout: '15'

2018-07-27 17:07:56 - [MESSAGE][PASSED] - Tapped on element 'Object Repository/ShopOpen/RemainingCategories/DisplaySpaceAvailable'

2018-07-27 17:07:56 - [TEST_STEP][PASSED] - verifyElementText: Actual text and expected text of test object 'Object Repository/ShopOpen/RemainingCategories/Validate_ProductCategoryAssetScreen' are matched.

2018-07-27 17:07:59 - [MESSAGE][PASSED] - Actual text and expected text of test object 'Object Repository/ShopOpen/RemainingCategories/Validate_ProductCategoryAssetScreen' are matched.

2018-07-27 17:07:59 - [TEST_STEP][PASSED] - tap: Tapped on element 'Object Repository/ShopOpen/RemainingCategories/Facing'

2018-07-27 17:07:59 - [MESSAGE][WARNING] - Timeout '0' is invalid. Using default page load timeout: '15'

2018-07-27 17:07:59 - [MESSAGE][PASSED] - Tapped on element 'Object Repository/ShopOpen/RemainingCategories/Facing'

2018-07-27 17:07:59 - [TEST_STEP][PASSED] - verifyElementText: Actual text and expected text of test object 'Object Repository/ShopOpen/RemainingCategories/Validate_FacingScreen' are matched.

2018-07-27 17:08:02 - [MESSAGE][PASSED] - Actual text and expected text of test object 'Object Repository/ShopOpen/RemainingCategories/Validate_FacingScreen' are matched.

2018-07-27 17:08:02 - [TEST_STEP][PASSED] - com.ct.qa.keywords.ChannelKeywords.visitChannelWiseProductsData: com.ct.qa.keywords.ChannelKeywords.visitChannelWiseProductsData is PASSED

2018-07-27 17:08:06 - [MESSAGE][PASSED] - Keyboard is hidden

2018-07-27 17:08:09 - [MESSAGE][PASSED] - Keyboard is hidden

2018-07-27 17:08:12 - [MESSAGE][PASSED] - Keyboard is hidden

2018-07-27 17:08:15 - [MESSAGE][PASSED] - Keyboard is hidden

2018-07-27 17:08:18 - [MESSAGE][PASSED] - Keyboard is hidden

2018-07-27 17:08:21 - [MESSAGE][PASSED] - Keyboard is hidden

2018-07-27 17:08:24 - [MESSAGE][PASSED] - Swiped from 70,359 to 70,250

2018-07-27 17:08:25 - [MESSAGE][PASSED] - com.ct.qa.keywords.ChannelKeywords.visitChannelWiseProductsData is PASSED

2018-07-27 17:08:25 - [TEST_STEP][PASSED] - tap: Tapped on element 'Object Repository/ShopOpen/RemainingCategories/SubmitButton'

2018-07-27 17:08:25 - [MESSAGE][WARNING] - Timeout '0' is invalid. Using default page load timeout: '15'

2018-07-27 17:08:25 - [MESSAGE][PASSED] - Tapped on element 'Object Repository/ShopOpen/RemainingCategories/SubmitButton'

2018-07-27 17:08:25 - [TEST_STEP][PASSED] - verifyElementText: Actual text and expected text of test object 'Object Repository/ShopOpen/RemainingCategories/Validate_ProductCategoryAssetScreen' are matched.

2018-07-27 17:08:26 - [MESSAGE][PASSED] - Actual text and expected text of test object 'Object Repository/ShopOpen/RemainingCategories/Validate_ProductCategoryAssetScreen' are matched.

2018-07-27 17:08:26 - [TEST_STEP][PASSED] - tap: Tapped on element 'Object Repository/ShopOpen/RemainingCategories/StockTaking'

2018-07-27 17:08:26 - [MESSAGE][WARNING] - Timeout '0' is invalid. Using default page load timeout: '15'

2018-07-27 17:08:27 - [MESSAGE][PASSED] - Tapped on element 'Object Repository/ShopOpen/RemainingCategories/StockTaking'

2018-07-27 17:08:27 - [TEST_STEP][PASSED] - verifyElementText: Actual text and expected text of test object 'Object Repository/ShopOpen/RemainingCategories/Validate_StockTakingScreen' are matched.

2018-07-27 17:08:29 - [MESSAGE][PASSED] - Actual text and expected text of test object 'Object Repository/ShopOpen/RemainingCategories/Validate_StockTakingScreen' are matched.

2018-07-27 17:08:29 - [TEST_STEP][PASSED] - com.ct.qa.keywords.ChannelKeywords.visitChannelWiseProductsData: com.ct.qa.keywords.ChannelKeywords.visitChannelWiseProductsData is PASSED

2018-07-27 17:08:33 - [MESSAGE][PASSED] - Keyboard is hidden

2018-07-27 17:08:36 - [MESSAGE][PASSED] - Keyboard is hidden

2018-07-27 17:08:39 - [MESSAGE][PASSED] - Keyboard is hidden

2018-07-27 17:08:42 - [MESSAGE][PASSED] - Keyboard is hidden

2018-07-27 17:08:45 - [MESSAGE][PASSED] - Keyboard is hidden

2018-07-27 17:08:48 - [MESSAGE][PASSED] - Keyboard is hidden

2018-07-27 17:08:51 - [MESSAGE][PASSED] - Swiped from 70,359 to 70,250

2018-07-27 17:08:52 - [MESSAGE][PASSED] - com.ct.qa.keywords.ChannelKeywords.visitChannelWiseProductsData is PASSED

2018-07-27 17:08:52 - [TEST_STEP][PASSED] - tap: Tapped on element 'Object Repository/ShopOpen/RemainingCategories/SubmitButton'

2018-07-27 17:08:52 - [MESSAGE][WARNING] - Timeout '0' is invalid. Using default page load timeout: '15'

2018-07-27 17:08:52 - [MESSAGE][PASSED] - Tapped on element 'Object Repository/ShopOpen/RemainingCategories/SubmitButton'

2018-07-27 17:08:52 - [TEST_STEP][PASSED] - verifyElementText: Actual text and expected text of test object 'Object Repository/ShopOpen/RemainingCategories/Validate_ProductCategoryAssetScreen' are matched.

2018-07-27 17:08:53 - [MESSAGE][PASSED] - Actual text and expected text of test object 'Object Repository/ShopOpen/RemainingCategories/Validate_ProductCategoryAssetScreen' are matched.

2018-07-27 17:08:53 - [TEST_STEP][PASSED] - tap: Tapped on element 'Object Repository/ShopOpen/RemainingCategories/planogram_ImageView'

2018-07-27 17:08:53 - [MESSAGE][WARNING] - Timeout '0' is invalid. Using default page load timeout: '15'

2018-07-27 17:08:54 - [MESSAGE][PASSED] - Tapped on element 'Object Repository/ShopOpen/RemainingCategories/planogram_ImageView'

2018-07-27 17:08:54 - [TEST_STEP][PASSED] - com.ct.qa.keywords.CommonKeywords.checkPlanogramAvailability: com.ct.qa.keywords.CommonKeywords.checkPlanogramAvailability is PASSED

2018-07-27 17:08:54 - [MESSAGE][WARNING] - Timeout '0' is invalid. Using default page load timeout: '15'

2018-07-27 17:09:10 - [MESSAGE][WARNING] - Object Object Repository/CommonScreenElements/InfoPopUp_OKButton not found
[[ATTACHMENT|F:\\Git Projects\\MMAPlus_Merchandising\\MMAPlus_Merchandising\\Reports\\MMA Plus Merchandising With Chiller Data Verification\\20180727_163727\\1532693349633.png]]

2018-07-27 17:09:10 - [MESSAGE][PASSED] - com.ct.qa.keywords.CommonKeywords.checkPlanogramAvailability is PASSED

2018-07-27 17:09:10 - [TEST_STEP][PASSED] - com.ct.qa.keywords.CommonKeywords.closePlanogram: com.ct.qa.keywords.CommonKeywords.closePlanogram is PASSED

2018-07-27 17:09:11 - [MESSAGE][PASSED] - com.ct.qa.keywords.CommonKeywords.closePlanogram is PASSED

2018-07-27 17:09:11 - [TEST_STEP][PASSED] - verifyElementText: Actual text and expected text of test object 'Object Repository/ShopOpen/RemainingCategories/Validate_ProductCategoryAssetScreen' are matched.

2018-07-27 17:09:12 - [MESSAGE][PASSED] - Actual text and expected text of test object 'Object Repository/ShopOpen/RemainingCategories/Validate_ProductCategoryAssetScreen' are matched.

2018-07-27 17:09:12 - [TEST_STEP][PASSED] - com.ct.qa.keywords.CommonKeywords.findPictureImageView: com.ct.qa.keywords.CommonKeywords.findPictureImageView is PASSED

2018-07-27 17:09:12 - [MESSAGE][WARNING] - Timeout '0' is invalid. Using default page load timeout: '15'

2018-07-27 17:09:15 - [MESSAGE][PASSED] - Tapped on element 'Object Repository/CommonScreenElements/Picture_ImageView'

2018-07-27 17:09:15 - [MESSAGE][WARNING] - Timeout '0' is invalid. Using default page load timeout: '15'

2018-07-27 17:09:16 - [MESSAGE][PASSED] - Element 'Object Repository/CommonScreenElements/Validate_CameraScreen' is exist

2018-07-27 17:09:16 - [MESSAGE][WARNING] - Timeout '0' is invalid. Using default page load timeout: '15'

2018-07-27 17:09:19 - [MESSAGE][PASSED] - Tapped on element 'Object Repository/CommonScreenElements/TakePictureButton'

2018-07-27 17:09:24 - [MESSAGE][PASSED] - Delayed 5 second(s)

2018-07-27 17:09:24 - [MESSAGE][WARNING] - Timeout '0' is invalid. Using default page load timeout: '15'

2018-07-27 17:09:25 - [MESSAGE][PASSED] - Tapped on element 'Object Repository/CommonScreenElements/DoneButton'

2018-07-27 17:09:25 - [MESSAGE][PASSED] - com.ct.qa.keywords.CommonKeywords.findPictureImageView is PASSED

2018-07-27 17:09:25 - [TEST_STEP][PASSED] - verifyElementText: Actual text and expected text of test object 'Object Repository/ShopOpen/RemainingCategories/Validate_ProductCategoryAssetScreen' are matched.

2018-07-27 17:09:26 - [MESSAGE][PASSED] - Actual text and expected text of test object 'Object Repository/ShopOpen/RemainingCategories/Validate_ProductCategoryAssetScreen' are matched.

2018-07-27 17:09:26 - [TEST_STEP][PASSED] - tap: Tapped on element 'Object Repository/ShopOpen/RemainingCategories/ProductCategoryAsset_BackButton'

2018-07-27 17:09:26 - [MESSAGE][WARNING] - Timeout '0' is invalid. Using default page load timeout: '15'

2018-07-27 17:09:26 - [MESSAGE][PASSED] - Tapped on element 'Object Repository/ShopOpen/RemainingCategories/ProductCategoryAsset_BackButton'

2018-07-27 17:09:26 - [TEST_STEP][PASSED] - verifyElementExist: Element 'Object Repository/ShopOpen/Validate_ShopCategoriesListScreen' is exist

2018-07-27 17:09:26 - [MESSAGE][WARNING] - Timeout '0' is invalid. Using default page load timeout: '15'

2018-07-27 17:09:28 - [MESSAGE][PASSED] - Element 'Object Repository/ShopOpen/Validate_ShopCategoriesListScreen' is exist

2018-07-27 17:09:28 - [MESSAGE][PASSED] - Call Test Case 'Test Cases/ShopOpen/RemainingCategories/VisitRemainingCategoriesWithDSA' successfully

2018-07-27 17:09:28 - [TEST_CASE][PASSED] - Test Cases/ShopOpen/RemainingCategories/VisitRemainingCategoriesWithDSA: Test Cases/ShopOpen/RemainingCategories/VisitRemainingCategoriesWithDSA

2018-07-27 17:09:28 - [TEST_STEP][PASSED] - verifyElementText: Actual text and expected text of test object 'Object Repository/ShopOpen/RemainingCategories/Validate_RemainingCategoriesDetailScreen' are matched.

2018-07-27 17:09:30 - [MESSAGE][PASSED] - Actual text and expected text of test object 'Object Repository/ShopOpen/RemainingCategories/Validate_RemainingCategoriesDetailScreen' are matched.

2018-07-27 17:09:30 - [TEST_STEP][PASSED] - tap: Tapped on element 'Object Repository/ShopOpen/RemainingCategories/DisplaySpaceAvailable'

2018-07-27 17:09:30 - [MESSAGE][WARNING] - Timeout '0' is invalid. Using default page load timeout: '15'

2018-07-27 17:09:30 - [MESSAGE][PASSED] - Tapped on element 'Object Repository/ShopOpen/RemainingCategories/DisplaySpaceAvailable'

2018-07-27 17:09:30 - [TEST_STEP][PASSED] - verifyElementText: Actual text and expected text of test object 'Object Repository/ShopOpen/RemainingCategories/Validate_ProductCategoryAssetScreen' are matched.

2018-07-27 17:09:33 - [MESSAGE][PASSED] - Actual text and expected text of test object 'Object Repository/ShopOpen/RemainingCategories/Validate_ProductCategoryAssetScreen' are matched.

2018-07-27 17:09:33 - [TEST_STEP][PASSED] - tap: Tapped on element 'Object Repository/ShopOpen/RemainingCategories/Facing'

2018-07-27 17:09:33 - [MESSAGE][WARNING] - Timeout '0' is invalid. Using default page load timeout: '15'

2018-07-27 17:09:33 - [MESSAGE][PASSED] - Tapped on element 'Object Repository/ShopOpen/RemainingCategories/Facing'

2018-07-27 17:09:33 - [TEST_STEP][PASSED] - verifyElementText: Actual text and expected text of test object 'Object Repository/ShopOpen/RemainingCategories/Validate_FacingScreen' are matched.

2018-07-27 17:09:35 - [MESSAGE][PASSED] - Actual text and expected text of test object 'Object Repository/ShopOpen/RemainingCategories/Validate_FacingScreen' are matched.

2018-07-27 17:09:35 - [TEST_STEP][PASSED] - com.ct.qa.keywords.ChannelKeywords.visitChannelWiseProductsData: com.ct.qa.keywords.ChannelKeywords.visitChannelWiseProductsData is PASSED

2018-07-27 17:09:40 - [MESSAGE][PASSED] - Keyboard is hidden

2018-07-27 17:09:43 - [MESSAGE][PASSED] - Keyboard is hidden

2018-07-27 17:09:46 - [MESSAGE][PASSED] - Keyboard is hidden

2018-07-27 17:09:49 - [MESSAGE][PASSED] - Keyboard is hidden

2018-07-27 17:09:52 - [MESSAGE][PASSED] - Keyboard is hidden

2018-07-27 17:09:55 - [MESSAGE][PASSED] - Keyboard is hidden

2018-07-27 17:09:59 - [MESSAGE][PASSED] - Swiped from 85,359 to 85,250

2018-07-27 17:10:02 - [MESSAGE][PASSED] - Keyboard is hidden

2018-07-27 17:10:04 - [MESSAGE][PASSED] - Swiped from 85,359 to 85,250

2018-07-27 17:10:07 - [MESSAGE][PASSED] - Keyboard is hidden

2018-07-27 17:10:09 - [MESSAGE][PASSED] - Swiped from 85,359 to 85,250

2018-07-27 17:10:10 - [MESSAGE][PASSED] - com.ct.qa.keywords.ChannelKeywords.visitChannelWiseProductsData is PASSED

2018-07-27 17:10:10 - [TEST_STEP][PASSED] - tap: Tapped on element 'Object Repository/ShopOpen/RemainingCategories/SubmitButton'

2018-07-27 17:10:10 - [MESSAGE][WARNING] - Timeout '0' is invalid. Using default page load timeout: '15'

2018-07-27 17:10:10 - [MESSAGE][PASSED] - Tapped on element 'Object Repository/ShopOpen/RemainingCategories/SubmitButton'

2018-07-27 17:10:10 - [TEST_STEP][PASSED] - verifyElementText: Actual text and expected text of test object 'Object Repository/ShopOpen/RemainingCategories/Validate_ProductCategoryAssetScreen' are matched.

2018-07-27 17:10:11 - [MESSAGE][PASSED] - Actual text and expected text of test object 'Object Repository/ShopOpen/RemainingCategories/Validate_ProductCategoryAssetScreen' are matched.

2018-07-27 17:10:11 - [TEST_STEP][PASSED] - tap: Tapped on element 'Object Repository/ShopOpen/RemainingCategories/StockTaking'

2018-07-27 17:10:11 - [MESSAGE][WARNING] - Timeout '0' is invalid. Using default page load timeout: '15'

2018-07-27 17:10:12 - [MESSAGE][PASSED] - Tapped on element 'Object Repository/ShopOpen/RemainingCategories/StockTaking'

2018-07-27 17:10:12 - [TEST_STEP][PASSED] - verifyElementText: Actual text and expected text of test object 'Object Repository/ShopOpen/RemainingCategories/Validate_StockTakingScreen' are matched.

2018-07-27 17:10:14 - [MESSAGE][PASSED] - Actual text and expected text of test object 'Object Repository/ShopOpen/RemainingCategories/Validate_StockTakingScreen' are matched.

2018-07-27 17:10:14 - [TEST_STEP][PASSED] - com.ct.qa.keywords.ChannelKeywords.visitChannelWiseProductsData: com.ct.qa.keywords.ChannelKeywords.visitChannelWiseProductsData is PASSED

2018-07-27 17:10:18 - [MESSAGE][PASSED] - Keyboard is hidden

2018-07-27 17:10:21 - [MESSAGE][PASSED] - Keyboard is hidden

2018-07-27 17:10:24 - [MESSAGE][PASSED] - Keyboard is hidden

2018-07-27 17:10:27 - [MESSAGE][PASSED] - Keyboard is hidden

2018-07-27 17:10:30 - [MESSAGE][PASSED] - Keyboard is hidden

2018-07-27 17:10:33 - [MESSAGE][PASSED] - Keyboard is hidden

2018-07-27 17:10:36 - [MESSAGE][PASSED] - Swiped from 85,359 to 85,250

2018-07-27 17:10:39 - [MESSAGE][PASSED] - Keyboard is hidden

2018-07-27 17:10:41 - [MESSAGE][PASSED] - Swiped from 85,359 to 85,250

2018-07-27 17:10:44 - [MESSAGE][PASSED] - Keyboard is hidden

2018-07-27 17:10:46 - [MESSAGE][PASSED] - Swiped from 85,359 to 85,250

2018-07-27 17:10:47 - [MESSAGE][PASSED] - com.ct.qa.keywords.ChannelKeywords.visitChannelWiseProductsData is PASSED

2018-07-27 17:10:47 - [TEST_STEP][PASSED] - tap: Tapped on element 'Object Repository/ShopOpen/RemainingCategories/SubmitButton'

2018-07-27 17:10:47 - [MESSAGE][WARNING] - Timeout '0' is invalid. Using default page load timeout: '15'

2018-07-27 17:10:47 - [MESSAGE][PASSED] - Tapped on element 'Object Repository/ShopOpen/RemainingCategories/SubmitButton'

2018-07-27 17:10:47 - [TEST_STEP][PASSED] - verifyElementText: Actual text and expected text of test object 'Object Repository/ShopOpen/RemainingCategories/Validate_ProductCategoryAssetScreen' are matched.

2018-07-27 17:10:48 - [MESSAGE][PASSED] - Actual text and expected text of test object 'Object Repository/ShopOpen/RemainingCategories/Validate_ProductCategoryAssetScreen' are matched.

2018-07-27 17:10:48 - [TEST_STEP][PASSED] - tap: Tapped on element 'Object Repository/ShopOpen/RemainingCategories/planogram_ImageView'

2018-07-27 17:10:48 - [MESSAGE][WARNING] - Timeout '0' is invalid. Using default page load timeout: '15'

2018-07-27 17:10:49 - [MESSAGE][PASSED] - Tapped on element 'Object Repository/ShopOpen/RemainingCategories/planogram_ImageView'

2018-07-27 17:10:49 - [TEST_STEP][PASSED] - com.ct.qa.keywords.CommonKeywords.checkPlanogramAvailability: com.ct.qa.keywords.CommonKeywords.checkPlanogramAvailability is PASSED

2018-07-27 17:10:49 - [MESSAGE][WARNING] - Timeout '0' is invalid. Using default page load timeout: '15'

2018-07-27 17:11:05 - [MESSAGE][WARNING] - Object Object Repository/CommonScreenElements/InfoPopUp_OKButton not found
[[ATTACHMENT|F:\\Git Projects\\MMAPlus_Merchandising\\MMAPlus_Merchandising\\Reports\\MMA Plus Merchandising With Chiller Data Verification\\20180727_163727\\1532693464446.png]]

2018-07-27 17:11:05 - [MESSAGE][PASSED] - com.ct.qa.keywords.CommonKeywords.checkPlanogramAvailability is PASSED

2018-07-27 17:11:05 - [TEST_STEP][PASSED] - com.ct.qa.keywords.CommonKeywords.closePlanogram: com.ct.qa.keywords.CommonKeywords.closePlanogram is PASSED

2018-07-27 17:11:06 - [MESSAGE][PASSED] - com.ct.qa.keywords.CommonKeywords.closePlanogram is PASSED

2018-07-27 17:11:06 - [TEST_STEP][PASSED] - verifyElementText: Actual text and expected text of test object 'Object Repository/ShopOpen/RemainingCategories/Validate_ProductCategoryAssetScreen' are matched.

2018-07-27 17:11:07 - [MESSAGE][PASSED] - Actual text and expected text of test object 'Object Repository/ShopOpen/RemainingCategories/Validate_ProductCategoryAssetScreen' are matched.

2018-07-27 17:11:07 - [TEST_STEP][PASSED] - com.ct.qa.keywords.CommonKeywords.findPictureImageView: com.ct.qa.keywords.CommonKeywords.findPictureImageView is PASSED

2018-07-27 17:11:07 - [MESSAGE][WARNING] - Timeout '0' is invalid. Using default page load timeout: '15'

2018-07-27 17:11:09 - [MESSAGE][PASSED] - Tapped on element 'Object Repository/CommonScreenElements/Picture_ImageView'

2018-07-27 17:11:09 - [MESSAGE][WARNING] - Timeout '0' is invalid. Using default page load timeout: '15'

2018-07-27 17:11:10 - [MESSAGE][PASSED] - Element 'Object Repository/CommonScreenElements/Validate_CameraScreen' is exist

2018-07-27 17:11:10 - [MESSAGE][WARNING] - Timeout '0' is invalid. Using default page load timeout: '15'

2018-07-27 17:11:14 - [MESSAGE][PASSED] - Tapped on element 'Object Repository/CommonScreenElements/TakePictureButton'

2018-07-27 17:11:19 - [MESSAGE][PASSED] - Delayed 5 second(s)

2018-07-27 17:11:19 - [MESSAGE][WARNING] - Timeout '0' is invalid. Using default page load timeout: '15'

2018-07-27 17:11:19 - [MESSAGE][PASSED] - Tapped on element 'Object Repository/CommonScreenElements/DoneButton'

2018-07-27 17:11:19 - [MESSAGE][PASSED] - com.ct.qa.keywords.CommonKeywords.findPictureImageView is PASSED

2018-07-27 17:11:19 - [TEST_STEP][PASSED] - verifyElementText: Actual text and expected text of test object 'Object Repository/ShopOpen/RemainingCategories/Validate_ProductCategoryAssetScreen' are matched.

2018-07-27 17:11:21 - [MESSAGE][PASSED] - Actual text and expected text of test object 'Object Repository/ShopOpen/RemainingCategories/Validate_ProductCategoryAssetScreen' are matched.

2018-07-27 17:11:21 - [TEST_STEP][PASSED] - tap: Tapped on element 'Object Repository/ShopOpen/RemainingCategories/ProductCategoryAsset_BackButton'

2018-07-27 17:11:21 - [MESSAGE][WARNING] - Timeout '0' is invalid. Using default page load timeout: '15'

2018-07-27 17:11:21 - [MESSAGE][PASSED] - Tapped on element 'Object Repository/ShopOpen/RemainingCategories/ProductCategoryAsset_BackButton'

2018-07-27 17:11:21 - [TEST_STEP][PASSED] - verifyElementExist: Element 'Object Repository/ShopOpen/Validate_ShopCategoriesListScreen' is exist

2018-07-27 17:11:21 - [MESSAGE][WARNING] - Timeout '0' is invalid. Using default page load timeout: '15'

2018-07-27 17:11:24 - [MESSAGE][PASSED] - Element 'Object Repository/ShopOpen/Validate_ShopCategoriesListScreen' is exist

2018-07-27 17:11:24 - [MESSAGE][PASSED] - Call Test Case 'Test Cases/ShopOpen/RemainingCategories/VisitRemainingCategoriesWithDSA' successfully

2018-07-27 17:11:24 - [TEST_CASE][PASSED] - Test Cases/ShopOpen/RemainingCategories/VisitRemainingCategoriesWithDSA: Test Cases/ShopOpen/RemainingCategories/VisitRemainingCategoriesWithDSA

2018-07-27 17:11:24 - [TEST_STEP][PASSED] - verifyElementText: Actual text and expected text of test object 'Object Repository/ShopOpen/RemainingCategories/Validate_RemainingCategoriesDetailScreen' are matched.

2018-07-27 17:11:27 - [MESSAGE][PASSED] - Actual text and expected text of test object 'Object Repository/ShopOpen/RemainingCategories/Validate_RemainingCategoriesDetailScreen' are matched.

2018-07-27 17:11:27 - [TEST_STEP][PASSED] - tap: Tapped on element 'Object Repository/ShopOpen/RemainingCategories/DisplaySpaceAvailable'

2018-07-27 17:11:27 - [MESSAGE][WARNING] - Timeout '0' is invalid. Using default page load timeout: '15'

2018-07-27 17:11:27 - [MESSAGE][PASSED] - Tapped on element 'Object Repository/ShopOpen/RemainingCategories/DisplaySpaceAvailable'

2018-07-27 17:11:27 - [TEST_STEP][PASSED] - verifyElementText: Actual text and expected text of test object 'Object Repository/ShopOpen/RemainingCategories/Validate_ProductCategoryAssetScreen' are matched.

2018-07-27 17:11:29 - [MESSAGE][PASSED] - Actual text and expected text of test object 'Object Repository/ShopOpen/RemainingCategories/Validate_ProductCategoryAssetScreen' are matched.

2018-07-27 17:11:29 - [TEST_STEP][PASSED] - tap: Tapped on element 'Object Repository/ShopOpen/RemainingCategories/Facing'

2018-07-27 17:11:29 - [MESSAGE][WARNING] - Timeout '0' is invalid. Using default page load timeout: '15'

2018-07-27 17:11:29 - [MESSAGE][PASSED] - Tapped on element 'Object Repository/ShopOpen/RemainingCategories/Facing'

2018-07-27 17:11:29 - [TEST_STEP][PASSED] - verifyElementText: Actual text and expected text of test object 'Object Repository/ShopOpen/RemainingCategories/Validate_FacingScreen' are matched.

2018-07-27 17:11:31 - [MESSAGE][PASSED] - Actual text and expected text of test object 'Object Repository/ShopOpen/RemainingCategories/Validate_FacingScreen' are matched.

2018-07-27 17:11:31 - [TEST_STEP][PASSED] - com.ct.qa.keywords.ChannelKeywords.visitChannelWiseProductsData: com.ct.qa.keywords.ChannelKeywords.visitChannelWiseProductsData is PASSED

2018-07-27 17:11:34 - [MESSAGE][PASSED] - Keyboard is hidden

2018-07-27 17:11:37 - [MESSAGE][PASSED] - Keyboard is hidden

2018-07-27 17:11:38 - [MESSAGE][PASSED] - com.ct.qa.keywords.ChannelKeywords.visitChannelWiseProductsData is PASSED

2018-07-27 17:11:38 - [TEST_STEP][PASSED] - tap: Tapped on element 'Object Repository/ShopOpen/RemainingCategories/SubmitButton'

2018-07-27 17:11:38 - [MESSAGE][WARNING] - Timeout '0' is invalid. Using default page load timeout: '15'

2018-07-27 17:11:39 - [MESSAGE][PASSED] - Tapped on element 'Object Repository/ShopOpen/RemainingCategories/SubmitButton'

2018-07-27 17:11:39 - [TEST_STEP][PASSED] - verifyElementText: Actual text and expected text of test object 'Object Repository/ShopOpen/RemainingCategories/Validate_ProductCategoryAssetScreen' are matched.

2018-07-27 17:11:40 - [MESSAGE][PASSED] - Actual text and expected text of test object 'Object Repository/ShopOpen/RemainingCategories/Validate_ProductCategoryAssetScreen' are matched.

2018-07-27 17:11:40 - [TEST_STEP][PASSED] - tap: Tapped on element 'Object Repository/ShopOpen/RemainingCategories/StockTaking'

2018-07-27 17:11:40 - [MESSAGE][WARNING] - Timeout '0' is invalid. Using default page load timeout: '15'

2018-07-27 17:11:40 - [MESSAGE][PASSED] - Tapped on element 'Object Repository/ShopOpen/RemainingCategories/StockTaking'

2018-07-27 17:11:40 - [TEST_STEP][PASSED] - verifyElementText: Actual text and expected text of test object 'Object Repository/ShopOpen/RemainingCategories/Validate_StockTakingScreen' are matched.

2018-07-27 17:11:42 - [MESSAGE][PASSED] - Actual text and expected text of test object 'Object Repository/ShopOpen/RemainingCategories/Validate_StockTakingScreen' are matched.

2018-07-27 17:11:42 - [TEST_STEP][PASSED] - com.ct.qa.keywords.ChannelKeywords.visitChannelWiseProductsData: com.ct.qa.keywords.ChannelKeywords.visitChannelWiseProductsData is PASSED

2018-07-27 17:11:45 - [MESSAGE][PASSED] - Keyboard is hidden

2018-07-27 17:11:48 - [MESSAGE][PASSED] - Keyboard is hidden

2018-07-27 17:11:49 - [MESSAGE][PASSED] - com.ct.qa.keywords.ChannelKeywords.visitChannelWiseProductsData is PASSED

2018-07-27 17:11:49 - [TEST_STEP][PASSED] - tap: Tapped on element 'Object Repository/ShopOpen/RemainingCategories/SubmitButton'

2018-07-27 17:11:49 - [MESSAGE][WARNING] - Timeout '0' is invalid. Using default page load timeout: '15'

2018-07-27 17:11:49 - [MESSAGE][PASSED] - Tapped on element 'Object Repository/ShopOpen/RemainingCategories/SubmitButton'

2018-07-27 17:11:49 - [TEST_STEP][PASSED] - verifyElementText: Actual text and expected text of test object 'Object Repository/ShopOpen/RemainingCategories/Validate_ProductCategoryAssetScreen' are matched.

2018-07-27 17:11:51 - [MESSAGE][PASSED] - Actual text and expected text of test object 'Object Repository/ShopOpen/RemainingCategories/Validate_ProductCategoryAssetScreen' are matched.

2018-07-27 17:11:51 - [TEST_STEP][PASSED] - tap: Tapped on element 'Object Repository/ShopOpen/RemainingCategories/planogram_ImageView'

2018-07-27 17:11:51 - [MESSAGE][WARNING] - Timeout '0' is invalid. Using default page load timeout: '15'

2018-07-27 17:11:51 - [MESSAGE][PASSED] - Tapped on element 'Object Repository/ShopOpen/RemainingCategories/planogram_ImageView'

2018-07-27 17:11:51 - [TEST_STEP][PASSED] - com.ct.qa.keywords.CommonKeywords.checkPlanogramAvailability: com.ct.qa.keywords.CommonKeywords.checkPlanogramAvailability is PASSED

2018-07-27 17:11:51 - [MESSAGE][WARNING] - Timeout '0' is invalid. Using default page load timeout: '15'

2018-07-27 17:12:07 - [MESSAGE][WARNING] - Object Object Repository/CommonScreenElements/InfoPopUp_OKButton not found
[[ATTACHMENT|F:\\Git Projects\\MMAPlus_Merchandising\\MMAPlus_Merchandising\\Reports\\MMA Plus Merchandising With Chiller Data Verification\\20180727_163727\\1532693526686.png]]

2018-07-27 17:12:07 - [MESSAGE][PASSED] - com.ct.qa.keywords.CommonKeywords.checkPlanogramAvailability is PASSED

2018-07-27 17:12:07 - [TEST_STEP][PASSED] - com.ct.qa.keywords.CommonKeywords.closePlanogram: com.ct.qa.keywords.CommonKeywords.closePlanogram is PASSED

2018-07-27 17:12:08 - [MESSAGE][PASSED] - com.ct.qa.keywords.CommonKeywords.closePlanogram is PASSED

2018-07-27 17:12:08 - [TEST_STEP][PASSED] - verifyElementText: Actual text and expected text of test object 'Object Repository/ShopOpen/RemainingCategories/Validate_ProductCategoryAssetScreen' are matched.

2018-07-27 17:12:09 - [MESSAGE][PASSED] - Actual text and expected text of test object 'Object Repository/ShopOpen/RemainingCategories/Validate_ProductCategoryAssetScreen' are matched.

2018-07-27 17:12:09 - [TEST_STEP][PASSED] - com.ct.qa.keywords.CommonKeywords.findPictureImageView: com.ct.qa.keywords.CommonKeywords.findPictureImageView is PASSED

2018-07-27 17:12:09 - [MESSAGE][WARNING] - Timeout '0' is invalid. Using default page load timeout: '15'

2018-07-27 17:12:12 - [MESSAGE][PASSED] - Tapped on element 'Object Repository/CommonScreenElements/Picture_ImageView'

2018-07-27 17:12:12 - [MESSAGE][WARNING] - Timeout '0' is invalid. Using default page load timeout: '15'

2018-07-27 17:12:12 - [MESSAGE][PASSED] - Element 'Object Repository/CommonScreenElements/Validate_CameraScreen' is exist

2018-07-27 17:12:12 - [MESSAGE][WARNING] - Timeout '0' is invalid. Using default page load timeout: '15'

2018-07-27 17:12:15 - [MESSAGE][PASSED] - Tapped on element 'Object Repository/CommonScreenElements/TakePictureButton'

2018-07-27 17:12:20 - [MESSAGE][PASSED] - Delayed 5 second(s)

2018-07-27 17:12:20 - [MESSAGE][WARNING] - Timeout '0' is invalid. Using default page load timeout: '15'

2018-07-27 17:12:21 - [MESSAGE][PASSED] - Tapped on element 'Object Repository/CommonScreenElements/DoneButton'

2018-07-27 17:12:21 - [MESSAGE][PASSED] - com.ct.qa.keywords.CommonKeywords.findPictureImageView is PASSED

2018-07-27 17:12:21 - [TEST_STEP][PASSED] - verifyElementText: Actual text and expected text of test object 'Object Repository/ShopOpen/RemainingCategories/Validate_ProductCategoryAssetScreen' are matched.

2018-07-27 17:12:22 - [MESSAGE][PASSED] - Actual text and expected text of test object 'Object Repository/ShopOpen/RemainingCategories/Validate_ProductCategoryAssetScreen' are matched.

2018-07-27 17:12:22 - [TEST_STEP][PASSED] - tap: Tapped on element 'Object Repository/ShopOpen/RemainingCategories/ProductCategoryAsset_BackButton'

2018-07-27 17:12:22 - [MESSAGE][WARNING] - Timeout '0' is invalid. Using default page load timeout: '15'

2018-07-27 17:12:22 - [MESSAGE][PASSED] - Tapped on element 'Object Repository/ShopOpen/RemainingCategories/ProductCategoryAsset_BackButton'

2018-07-27 17:12:22 - [TEST_STEP][PASSED] - verifyElementExist: Element 'Object Repository/ShopOpen/Validate_ShopCategoriesListScreen' is exist

2018-07-27 17:12:22 - [MESSAGE][WARNING] - Timeout '0' is invalid. Using default page load timeout: '15'

2018-07-27 17:12:25 - [MESSAGE][PASSED] - Element 'Object Repository/ShopOpen/Validate_ShopCategoriesListScreen' is exist

2018-07-27 17:12:25 - [MESSAGE][PASSED] - Call Test Case 'Test Cases/ShopOpen/RemainingCategories/VisitRemainingCategoriesWithDSA' successfully

2018-07-27 17:12:25 - [TEST_CASE][PASSED] - Test Cases/ShopOpen/RemainingCategories/VisitRemainingCategoriesWithDSA: Test Cases/ShopOpen/RemainingCategories/VisitRemainingCategoriesWithDSA

2018-07-27 17:12:25 - [TEST_STEP][PASSED] - verifyElementText: Actual text and expected text of test object 'Object Repository/ShopOpen/RemainingCategories/Validate_RemainingCategoriesDetailScreen' are matched.

2018-07-27 17:12:27 - [MESSAGE][PASSED] - Actual text and expected text of test object 'Object Repository/ShopOpen/RemainingCategories/Validate_RemainingCategoriesDetailScreen' are matched.

2018-07-27 17:12:27 - [TEST_STEP][PASSED] - tap: Tapped on element 'Object Repository/ShopOpen/RemainingCategories/DisplaySpaceAvailable'

2018-07-27 17:12:27 - [MESSAGE][WARNING] - Timeout '0' is invalid. Using default page load timeout: '15'

2018-07-27 17:12:27 - [MESSAGE][PASSED] - Tapped on element 'Object Repository/ShopOpen/RemainingCategories/DisplaySpaceAvailable'

2018-07-27 17:12:27 - [TEST_STEP][PASSED] - verifyElementText: Actual text and expected text of test object 'Object Repository/ShopOpen/RemainingCategories/Validate_ProductCategoryAssetScreen' are matched.

2018-07-27 17:12:30 - [MESSAGE][PASSED] - Actual text and expected text of test object 'Object Repository/ShopOpen/RemainingCategories/Validate_ProductCategoryAssetScreen' are matched.

2018-07-27 17:12:30 - [TEST_STEP][PASSED] - tap: Tapped on element 'Object Repository/ShopOpen/RemainingCategories/Facing'

2018-07-27 17:12:30 - [MESSAGE][WARNING] - Timeout '0' is invalid. Using default page load timeout: '15'

2018-07-27 17:12:30 - [MESSAGE][PASSED] - Tapped on element 'Object Repository/ShopOpen/RemainingCategories/Facing'

2018-07-27 17:12:30 - [TEST_STEP][PASSED] - verifyElementText: Actual text and expected text of test object 'Object Repository/ShopOpen/RemainingCategories/Validate_FacingScreen' are matched.

2018-07-27 17:12:32 - [MESSAGE][PASSED] - Actual text and expected text of test object 'Object Repository/ShopOpen/RemainingCategories/Validate_FacingScreen' are matched.

2018-07-27 17:12:32 - [TEST_STEP][PASSED] - com.ct.qa.keywords.ChannelKeywords.visitChannelWiseProductsData: com.ct.qa.keywords.ChannelKeywords.visitChannelWiseProductsData is PASSED

2018-07-27 17:12:36 - [MESSAGE][PASSED] - Keyboard is hidden

2018-07-27 17:12:39 - [MESSAGE][PASSED] - Keyboard is hidden

2018-07-27 17:12:42 - [MESSAGE][PASSED] - Keyboard is hidden

2018-07-27 17:12:45 - [MESSAGE][PASSED] - Keyboard is hidden

2018-07-27 17:12:48 - [MESSAGE][PASSED] - Keyboard is hidden

2018-07-27 17:12:51 - [MESSAGE][PASSED] - Keyboard is hidden

2018-07-27 17:12:54 - [MESSAGE][PASSED] - Swiped from 1,359 to 1,250

2018-07-27 17:12:57 - [MESSAGE][PASSED] - Keyboard is hidden

2018-07-27 17:12:59 - [MESSAGE][PASSED] - Swiped from 1,359 to 1,250

2018-07-27 17:13:02 - [MESSAGE][PASSED] - Keyboard is hidden

2018-07-27 17:13:03 - [MESSAGE][PASSED] - Swiped from 1,359 to 1,250

2018-07-27 17:13:07 - [MESSAGE][PASSED] - Keyboard is hidden

2018-07-27 17:13:09 - [MESSAGE][PASSED] - Swiped from 1,359 to 1,250

2018-07-27 17:13:12 - [MESSAGE][PASSED] - Keyboard is hidden

2018-07-27 17:13:14 - [MESSAGE][PASSED] - Swiped from 1,359 to 1,250

2018-07-27 17:13:17 - [MESSAGE][PASSED] - Keyboard is hidden

2018-07-27 17:13:18 - [MESSAGE][PASSED] - Swiped from 1,359 to 1,250

2018-07-27 17:13:22 - [MESSAGE][PASSED] - Keyboard is hidden

2018-07-27 17:13:24 - [MESSAGE][PASSED] - Swiped from 1,359 to 1,250

2018-07-27 17:13:25 - [MESSAGE][PASSED] - com.ct.qa.keywords.ChannelKeywords.visitChannelWiseProductsData is PASSED

2018-07-27 17:13:25 - [TEST_STEP][PASSED] - tap: Tapped on element 'Object Repository/ShopOpen/RemainingCategories/SubmitButton'

2018-07-27 17:13:25 - [MESSAGE][WARNING] - Timeout '0' is invalid. Using default page load timeout: '15'

2018-07-27 17:13:25 - [MESSAGE][PASSED] - Tapped on element 'Object Repository/ShopOpen/RemainingCategories/SubmitButton'

2018-07-27 17:13:25 - [TEST_STEP][PASSED] - verifyElementText: Actual text and expected text of test object 'Object Repository/ShopOpen/RemainingCategories/Validate_ProductCategoryAssetScreen' are matched.

2018-07-27 17:13:26 - [MESSAGE][PASSED] - Actual text and expected text of test object 'Object Repository/ShopOpen/RemainingCategories/Validate_ProductCategoryAssetScreen' are matched.

2018-07-27 17:13:26 - [TEST_STEP][PASSED] - tap: Tapped on element 'Object Repository/ShopOpen/RemainingCategories/StockTaking'

2018-07-27 17:13:26 - [MESSAGE][WARNING] - Timeout '0' is invalid. Using default page load timeout: '15'

2018-07-27 17:13:27 - [MESSAGE][PASSED] - Tapped on element 'Object Repository/ShopOpen/RemainingCategories/StockTaking'

2018-07-27 17:13:27 - [TEST_STEP][PASSED] - verifyElementText: Actual text and expected text of test object 'Object Repository/ShopOpen/RemainingCategories/Validate_StockTakingScreen' are matched.

2018-07-27 17:13:29 - [MESSAGE][PASSED] - Actual text and expected text of test object 'Object Repository/ShopOpen/RemainingCategories/Validate_StockTakingScreen' are matched.

2018-07-27 17:13:29 - [TEST_STEP][PASSED] - com.ct.qa.keywords.ChannelKeywords.visitChannelWiseProductsData: com.ct.qa.keywords.ChannelKeywords.visitChannelWiseProductsData is PASSED

2018-07-27 17:13:34 - [MESSAGE][PASSED] - Keyboard is hidden

2018-07-27 17:13:37 - [MESSAGE][PASSED] - Keyboard is hidden

2018-07-27 17:13:40 - [MESSAGE][PASSED] - Keyboard is hidden

2018-07-27 17:13:43 - [MESSAGE][PASSED] - Keyboard is hidden

2018-07-27 17:13:46 - [MESSAGE][PASSED] - Keyboard is hidden

2018-07-27 17:13:49 - [MESSAGE][PASSED] - Keyboard is hidden

2018-07-27 17:13:52 - [MESSAGE][PASSED] - Swiped from 1,359 to 1,250

2018-07-27 17:13:55 - [MESSAGE][PASSED] - Keyboard is hidden

2018-07-27 17:13:57 - [MESSAGE][PASSED] - Swiped from 1,359 to 1,250

2018-07-27 17:14:00 - [MESSAGE][PASSED] - Keyboard is hidden

2018-07-27 17:14:02 - [MESSAGE][PASSED] - Swiped from 1,359 to 1,250

2018-07-27 17:14:06 - [MESSAGE][PASSED] - Keyboard is hidden

2018-07-27 17:14:07 - [MESSAGE][PASSED] - Swiped from 1,359 to 1,250

2018-07-27 17:14:11 - [MESSAGE][PASSED] - Keyboard is hidden

2018-07-27 17:14:13 - [MESSAGE][PASSED] - Swiped from 1,359 to 1,250

2018-07-27 17:14:16 - [MESSAGE][PASSED] - Keyboard is hidden

2018-07-27 17:14:18 - [MESSAGE][PASSED] - Swiped from 1,359 to 1,250

2018-07-27 17:14:21 - [MESSAGE][PASSED] - Keyboard is hidden

2018-07-27 17:14:23 - [MESSAGE][PASSED] - Swiped from 1,359 to 1,250

2018-07-27 17:14:24 - [MESSAGE][PASSED] - com.ct.qa.keywords.ChannelKeywords.visitChannelWiseProductsData is PASSED

2018-07-27 17:14:24 - [TEST_STEP][PASSED] - tap: Tapped on element 'Object Repository/ShopOpen/RemainingCategories/SubmitButton'

2018-07-27 17:14:24 - [MESSAGE][WARNING] - Timeout '0' is invalid. Using default page load timeout: '15'

2018-07-27 17:14:24 - [MESSAGE][PASSED] - Tapped on element 'Object Repository/ShopOpen/RemainingCategories/SubmitButton'

2018-07-27 17:14:24 - [TEST_STEP][PASSED] - verifyElementText: Actual text and expected text of test object 'Object Repository/ShopOpen/RemainingCategories/Validate_ProductCategoryAssetScreen' are matched.

2018-07-27 17:14:25 - [MESSAGE][PASSED] - Actual text and expected text of test object 'Object Repository/ShopOpen/RemainingCategories/Validate_ProductCategoryAssetScreen' are matched.

2018-07-27 17:14:25 - [TEST_STEP][PASSED] - tap: Tapped on element 'Object Repository/ShopOpen/RemainingCategories/planogram_ImageView'

2018-07-27 17:14:25 - [MESSAGE][WARNING] - Timeout '0' is invalid. Using default page load timeout: '15'

2018-07-27 17:14:26 - [MESSAGE][PASSED] - Tapped on element 'Object Repository/ShopOpen/RemainingCategories/planogram_ImageView'

2018-07-27 17:14:26 - [TEST_STEP][PASSED] - com.ct.qa.keywords.CommonKeywords.checkPlanogramAvailability: com.ct.qa.keywords.CommonKeywords.checkPlanogramAvailability is PASSED

2018-07-27 17:14:26 - [MESSAGE][WARNING] - Timeout '0' is invalid. Using default page load timeout: '15'

2018-07-27 17:14:42 - [MESSAGE][WARNING] - Object Object Repository/CommonScreenElements/InfoPopUp_OKButton not found
[[ATTACHMENT|F:\\Git Projects\\MMAPlus_Merchandising\\MMAPlus_Merchandising\\Reports\\MMA Plus Merchandising With Chiller Data Verification\\20180727_163727\\1532693681583.png]]

2018-07-27 17:14:42 - [MESSAGE][PASSED] - com.ct.qa.keywords.CommonKeywords.checkPlanogramAvailability is PASSED

2018-07-27 17:14:42 - [TEST_STEP][PASSED] - com.ct.qa.keywords.CommonKeywords.closePlanogram: com.ct.qa.keywords.CommonKeywords.closePlanogram is PASSED

2018-07-27 17:14:43 - [MESSAGE][PASSED] - com.ct.qa.keywords.CommonKeywords.closePlanogram is PASSED

2018-07-27 17:14:43 - [TEST_STEP][PASSED] - verifyElementText: Actual text and expected text of test object 'Object Repository/ShopOpen/RemainingCategories/Validate_ProductCategoryAssetScreen' are matched.

2018-07-27 17:14:44 - [MESSAGE][PASSED] - Actual text and expected text of test object 'Object Repository/ShopOpen/RemainingCategories/Validate_ProductCategoryAssetScreen' are matched.

2018-07-27 17:14:44 - [TEST_STEP][PASSED] - com.ct.qa.keywords.CommonKeywords.findPictureImageView: com.ct.qa.keywords.CommonKeywords.findPictureImageView is PASSED

2018-07-27 17:14:44 - [MESSAGE][WARNING] - Timeout '0' is invalid. Using default page load timeout: '15'

2018-07-27 17:14:46 - [MESSAGE][PASSED] - Tapped on element 'Object Repository/CommonScreenElements/Picture_ImageView'

2018-07-27 17:14:46 - [MESSAGE][WARNING] - Timeout '0' is invalid. Using default page load timeout: '15'

2018-07-27 17:14:47 - [MESSAGE][PASSED] - Element 'Object Repository/CommonScreenElements/Validate_CameraScreen' is exist

2018-07-27 17:14:47 - [MESSAGE][WARNING] - Timeout '0' is invalid. Using default page load timeout: '15'

2018-07-27 17:14:50 - [MESSAGE][PASSED] - Tapped on element 'Object Repository/CommonScreenElements/TakePictureButton'

2018-07-27 17:14:55 - [MESSAGE][PASSED] - Delayed 5 second(s)

2018-07-27 17:14:55 - [MESSAGE][WARNING] - Timeout '0' is invalid. Using default page load timeout: '15'

2018-07-27 17:14:56 - [MESSAGE][PASSED] - Tapped on element 'Object Repository/CommonScreenElements/DoneButton'

2018-07-27 17:14:56 - [MESSAGE][PASSED] - com.ct.qa.keywords.CommonKeywords.findPictureImageView is PASSED

2018-07-27 17:14:56 - [TEST_STEP][PASSED] - verifyElementText: Actual text and expected text of test object 'Object Repository/ShopOpen/RemainingCategories/Validate_ProductCategoryAssetScreen' are matched.

2018-07-27 17:14:57 - [MESSAGE][PASSED] - Actual text and expected text of test object 'Object Repository/ShopOpen/RemainingCategories/Validate_ProductCategoryAssetScreen' are matched.

2018-07-27 17:14:57 - [TEST_STEP][PASSED] - tap: Tapped on element 'Object Repository/ShopOpen/RemainingCategories/ProductCategoryAsset_BackButton'

2018-07-27 17:14:57 - [MESSAGE][WARNING] - Timeout '0' is invalid. Using default page load timeout: '15'

2018-07-27 17:14:58 - [MESSAGE][PASSED] - Tapped on element 'Object Repository/ShopOpen/RemainingCategories/ProductCategoryAsset_BackButton'

2018-07-27 17:14:58 - [TEST_STEP][PASSED] - verifyElementExist: Element 'Object Repository/ShopOpen/Validate_ShopCategoriesListScreen' is exist

2018-07-27 17:14:58 - [MESSAGE][WARNING] - Timeout '0' is invalid. Using default page load timeout: '15'

2018-07-27 17:15:02 - [MESSAGE][PASSED] - Element 'Object Repository/ShopOpen/Validate_ShopCategoriesListScreen' is exist

2018-07-27 17:15:02 - [MESSAGE][PASSED] - Call Test Case 'Test Cases/ShopOpen/RemainingCategories/VisitRemainingCategoriesWithDSA' successfully

2018-07-27 17:15:02 - [TEST_CASE][PASSED] - Test Cases/ShopOpen/RemainingCategories/VisitRemainingCategoriesWithDSA: Test Cases/ShopOpen/RemainingCategories/VisitRemainingCategoriesWithDSA

2018-07-27 17:15:02 - [TEST_STEP][PASSED] - verifyElementText: Actual text and expected text of test object 'Object Repository/ShopOpen/RemainingCategories/Validate_RemainingCategoriesDetailScreen' are matched.

2018-07-27 17:15:04 - [MESSAGE][PASSED] - Actual text and expected text of test object 'Object Repository/ShopOpen/RemainingCategories/Validate_RemainingCategoriesDetailScreen' are matched.

2018-07-27 17:15:04 - [TEST_STEP][PASSED] - tap: Tapped on element 'Object Repository/ShopOpen/RemainingCategories/DisplaySpaceAvailable'

2018-07-27 17:15:04 - [MESSAGE][WARNING] - Timeout '0' is invalid. Using default page load timeout: '15'

2018-07-27 17:15:04 - [MESSAGE][PASSED] - Tapped on element 'Object Repository/ShopOpen/RemainingCategories/DisplaySpaceAvailable'

2018-07-27 17:15:04 - [TEST_STEP][PASSED] - verifyElementText: Actual text and expected text of test object 'Object Repository/ShopOpen/RemainingCategories/Validate_ProductCategoryAssetScreen' are matched.

2018-07-27 17:15:07 - [MESSAGE][PASSED] - Actual text and expected text of test object 'Object Repository/ShopOpen/RemainingCategories/Validate_ProductCategoryAssetScreen' are matched.

2018-07-27 17:15:07 - [TEST_STEP][PASSED] - tap: Tapped on element 'Object Repository/ShopOpen/RemainingCategories/Facing'

2018-07-27 17:15:07 - [MESSAGE][WARNING] - Timeout '0' is invalid. Using default page load timeout: '15'

2018-07-27 17:15:07 - [MESSAGE][PASSED] - Tapped on element 'Object Repository/ShopOpen/RemainingCategories/Facing'

2018-07-27 17:15:07 - [TEST_STEP][PASSED] - verifyElementText: Actual text and expected text of test object 'Object Repository/ShopOpen/RemainingCategories/Validate_FacingScreen' are matched.

2018-07-27 17:15:09 - [MESSAGE][PASSED] - Actual text and expected text of test object 'Object Repository/ShopOpen/RemainingCategories/Validate_FacingScreen' are matched.

2018-07-27 17:15:09 - [TEST_STEP][PASSED] - com.ct.qa.keywords.ChannelKeywords.visitChannelWiseProductsData: com.ct.qa.keywords.ChannelKeywords.visitChannelWiseProductsData is PASSED

2018-07-27 17:15:13 - [MESSAGE][PASSED] - Keyboard is hidden

2018-07-27 17:15:16 - [MESSAGE][PASSED] - Keyboard is hidden

2018-07-27 17:15:19 - [MESSAGE][PASSED] - Keyboard is hidden

2018-07-27 17:15:22 - [MESSAGE][PASSED] - Keyboard is hidden

2018-07-27 17:15:25 - [MESSAGE][PASSED] - Keyboard is hidden

2018-07-27 17:15:28 - [MESSAGE][PASSED] - Keyboard is hidden

2018-07-27 17:15:31 - [MESSAGE][PASSED] - Swiped from 117,359 to 117,250

2018-07-27 17:15:32 - [MESSAGE][PASSED] - com.ct.qa.keywords.ChannelKeywords.visitChannelWiseProductsData is PASSED

2018-07-27 17:15:32 - [TEST_STEP][PASSED] - tap: Tapped on element 'Object Repository/ShopOpen/RemainingCategories/SubmitButton'

2018-07-27 17:15:32 - [MESSAGE][WARNING] - Timeout '0' is invalid. Using default page load timeout: '15'

2018-07-27 17:15:32 - [MESSAGE][PASSED] - Tapped on element 'Object Repository/ShopOpen/RemainingCategories/SubmitButton'

2018-07-27 17:15:32 - [TEST_STEP][PASSED] - verifyElementText: Actual text and expected text of test object 'Object Repository/ShopOpen/RemainingCategories/Validate_ProductCategoryAssetScreen' are matched.

2018-07-27 17:15:34 - [MESSAGE][PASSED] - Actual text and expected text of test object 'Object Repository/ShopOpen/RemainingCategories/Validate_ProductCategoryAssetScreen' are matched.

2018-07-27 17:15:34 - [TEST_STEP][PASSED] - tap: Tapped on element 'Object Repository/ShopOpen/RemainingCategories/StockTaking'

2018-07-27 17:15:34 - [MESSAGE][WARNING] - Timeout '0' is invalid. Using default page load timeout: '15'

2018-07-27 17:15:34 - [MESSAGE][PASSED] - Tapped on element 'Object Repository/ShopOpen/RemainingCategories/StockTaking'

2018-07-27 17:15:34 - [TEST_STEP][PASSED] - verifyElementText: Actual text and expected text of test object 'Object Repository/ShopOpen/RemainingCategories/Validate_StockTakingScreen' are matched.

2018-07-27 17:15:36 - [MESSAGE][PASSED] - Actual text and expected text of test object 'Object Repository/ShopOpen/RemainingCategories/Validate_StockTakingScreen' are matched.

2018-07-27 17:15:36 - [TEST_STEP][PASSED] - com.ct.qa.keywords.ChannelKeywords.visitChannelWiseProductsData: com.ct.qa.keywords.ChannelKeywords.visitChannelWiseProductsData is PASSED

2018-07-27 17:15:40 - [MESSAGE][PASSED] - Keyboard is hidden

2018-07-27 17:15:43 - [MESSAGE][PASSED] - Keyboard is hidden

2018-07-27 17:15:46 - [MESSAGE][PASSED] - Keyboard is hidden

2018-07-27 17:15:49 - [MESSAGE][PASSED] - Keyboard is hidden

2018-07-27 17:15:52 - [MESSAGE][PASSED] - Keyboard is hidden

2018-07-27 17:15:55 - [MESSAGE][PASSED] - Keyboard is hidden

2018-07-27 17:15:58 - [MESSAGE][PASSED] - Swiped from 117,359 to 117,250

2018-07-27 17:15:59 - [MESSAGE][PASSED] - com.ct.qa.keywords.ChannelKeywords.visitChannelWiseProductsData is PASSED

2018-07-27 17:15:59 - [TEST_STEP][PASSED] - tap: Tapped on element 'Object Repository/ShopOpen/RemainingCategories/SubmitButton'

2018-07-27 17:15:59 - [MESSAGE][WARNING] - Timeout '0' is invalid. Using default page load timeout: '15'

2018-07-27 17:15:59 - [MESSAGE][PASSED] - Tapped on element 'Object Repository/ShopOpen/RemainingCategories/SubmitButton'

2018-07-27 17:15:59 - [TEST_STEP][PASSED] - verifyElementText: Actual text and expected text of test object 'Object Repository/ShopOpen/RemainingCategories/Validate_ProductCategoryAssetScreen' are matched.

2018-07-27 17:16:00 - [MESSAGE][PASSED] - Actual text and expected text of test object 'Object Repository/ShopOpen/RemainingCategories/Validate_ProductCategoryAssetScreen' are matched.

2018-07-27 17:16:00 - [TEST_STEP][PASSED] - tap: Tapped on element 'Object Repository/ShopOpen/RemainingCategories/planogram_ImageView'

2018-07-27 17:16:00 - [MESSAGE][WARNING] - Timeout '0' is invalid. Using default page load timeout: '15'

2018-07-27 17:16:02 - [MESSAGE][PASSED] - Tapped on element 'Object Repository/ShopOpen/RemainingCategories/planogram_ImageView'

2018-07-27 17:16:02 - [TEST_STEP][PASSED] - com.ct.qa.keywords.CommonKeywords.checkPlanogramAvailability: com.ct.qa.keywords.CommonKeywords.checkPlanogramAvailability is PASSED

2018-07-27 17:16:02 - [MESSAGE][WARNING] - Timeout '0' is invalid. Using default page load timeout: '15'

2018-07-27 17:16:18 - [MESSAGE][WARNING] - Object Object Repository/CommonScreenElements/InfoPopUp_OKButton not found
[[ATTACHMENT|F:\\Git Projects\\MMAPlus_Merchandising\\MMAPlus_Merchandising\\Reports\\MMA Plus Merchandising With Chiller Data Verification\\20180727_163727\\1532693777480.png]]

2018-07-27 17:16:18 - [MESSAGE][PASSED] - com.ct.qa.keywords.CommonKeywords.checkPlanogramAvailability is PASSED

2018-07-27 17:16:18 - [TEST_STEP][PASSED] - com.ct.qa.keywords.CommonKeywords.closePlanogram: com.ct.qa.keywords.CommonKeywords.closePlanogram is PASSED

2018-07-27 17:16:19 - [MESSAGE][PASSED] - com.ct.qa.keywords.CommonKeywords.closePlanogram is PASSED

2018-07-27 17:16:19 - [TEST_STEP][PASSED] - verifyElementText: Actual text and expected text of test object 'Object Repository/ShopOpen/RemainingCategories/Validate_ProductCategoryAssetScreen' are matched.

2018-07-27 17:16:20 - [MESSAGE][PASSED] - Actual text and expected text of test object 'Object Repository/ShopOpen/RemainingCategories/Validate_ProductCategoryAssetScreen' are matched.

2018-07-27 17:16:20 - [TEST_STEP][PASSED] - com.ct.qa.keywords.CommonKeywords.findPictureImageView: com.ct.qa.keywords.CommonKeywords.findPictureImageView is PASSED

2018-07-27 17:16:20 - [MESSAGE][WARNING] - Timeout '0' is invalid. Using default page load timeout: '15'

2018-07-27 17:16:22 - [MESSAGE][PASSED] - Tapped on element 'Object Repository/CommonScreenElements/Picture_ImageView'

2018-07-27 17:16:22 - [MESSAGE][WARNING] - Timeout '0' is invalid. Using default page load timeout: '15'

2018-07-27 17:16:23 - [MESSAGE][PASSED] - Element 'Object Repository/CommonScreenElements/Validate_CameraScreen' is exist

2018-07-27 17:16:23 - [MESSAGE][WARNING] - Timeout '0' is invalid. Using default page load timeout: '15'

2018-07-27 17:16:27 - [MESSAGE][PASSED] - Tapped on element 'Object Repository/CommonScreenElements/TakePictureButton'

2018-07-27 17:16:32 - [MESSAGE][PASSED] - Delayed 5 second(s)

2018-07-27 17:16:32 - [MESSAGE][WARNING] - Timeout '0' is invalid. Using default page load timeout: '15'

2018-07-27 17:16:32 - [MESSAGE][PASSED] - Tapped on element 'Object Repository/CommonScreenElements/DoneButton'

2018-07-27 17:16:32 - [MESSAGE][PASSED] - com.ct.qa.keywords.CommonKeywords.findPictureImageView is PASSED

2018-07-27 17:16:32 - [TEST_STEP][PASSED] - verifyElementText: Actual text and expected text of test object 'Object Repository/ShopOpen/RemainingCategories/Validate_ProductCategoryAssetScreen' are matched.

2018-07-27 17:16:33 - [MESSAGE][PASSED] - Actual text and expected text of test object 'Object Repository/ShopOpen/RemainingCategories/Validate_ProductCategoryAssetScreen' are matched.

2018-07-27 17:16:33 - [TEST_STEP][PASSED] - tap: Tapped on element 'Object Repository/ShopOpen/RemainingCategories/ProductCategoryAsset_BackButton'

2018-07-27 17:16:33 - [MESSAGE][WARNING] - Timeout '0' is invalid. Using default page load timeout: '15'

2018-07-27 17:16:34 - [MESSAGE][PASSED] - Tapped on element 'Object Repository/ShopOpen/RemainingCategories/ProductCategoryAsset_BackButton'

2018-07-27 17:16:34 - [TEST_STEP][PASSED] - verifyElementExist: Element 'Object Repository/ShopOpen/Validate_ShopCategoriesListScreen' is exist

2018-07-27 17:16:34 - [MESSAGE][WARNING] - Timeout '0' is invalid. Using default page load timeout: '15'

2018-07-27 17:16:36 - [MESSAGE][PASSED] - Element 'Object Repository/ShopOpen/Validate_ShopCategoriesListScreen' is exist

2018-07-27 17:16:36 - [MESSAGE][PASSED] - Call Test Case 'Test Cases/ShopOpen/RemainingCategories/VisitRemainingCategoriesWithDSA' successfully

2018-07-27 17:16:37 - [MESSAGE][PASSED] - Swiped from 0,293 to 0,200

2018-07-27 17:16:40 - [TEST_CASE][PASSED] - Test Cases/ShopOpen/RemainingCategories/VisitRemainingCategoriesWithDSA: Test Cases/ShopOpen/RemainingCategories/VisitRemainingCategoriesWithDSA

2018-07-27 17:16:40 - [TEST_STEP][PASSED] - verifyElementText: Actual text and expected text of test object 'Object Repository/ShopOpen/RemainingCategories/Validate_RemainingCategoriesDetailScreen' are matched.

2018-07-27 17:16:42 - [MESSAGE][PASSED] - Actual text and expected text of test object 'Object Repository/ShopOpen/RemainingCategories/Validate_RemainingCategoriesDetailScreen' are matched.

2018-07-27 17:16:42 - [TEST_STEP][PASSED] - tap: Tapped on element 'Object Repository/ShopOpen/RemainingCategories/DisplaySpaceAvailable'

2018-07-27 17:16:42 - [MESSAGE][WARNING] - Timeout '0' is invalid. Using default page load timeout: '15'

2018-07-27 17:16:42 - [MESSAGE][PASSED] - Tapped on element 'Object Repository/ShopOpen/RemainingCategories/DisplaySpaceAvailable'

2018-07-27 17:16:42 - [TEST_STEP][PASSED] - verifyElementText: Actual text and expected text of test object 'Object Repository/ShopOpen/RemainingCategories/Validate_ProductCategoryAssetScreen' are matched.

2018-07-27 17:16:45 - [MESSAGE][PASSED] - Actual text and expected text of test object 'Object Repository/ShopOpen/RemainingCategories/Validate_ProductCategoryAssetScreen' are matched.

2018-07-27 17:16:45 - [TEST_STEP][PASSED] - tap: Tapped on element 'Object Repository/ShopOpen/RemainingCategories/Facing'

2018-07-27 17:16:45 - [MESSAGE][WARNING] - Timeout '0' is invalid. Using default page load timeout: '15'

2018-07-27 17:16:45 - [MESSAGE][PASSED] - Tapped on element 'Object Repository/ShopOpen/RemainingCategories/Facing'

2018-07-27 17:16:45 - [TEST_STEP][PASSED] - verifyElementText: Actual text and expected text of test object 'Object Repository/ShopOpen/RemainingCategories/Validate_FacingScreen' are matched.

2018-07-27 17:16:47 - [MESSAGE][PASSED] - Actual text and expected text of test object 'Object Repository/ShopOpen/RemainingCategories/Validate_FacingScreen' are matched.

2018-07-27 17:16:47 - [TEST_STEP][PASSED] - com.ct.qa.keywords.ChannelKeywords.visitChannelWiseProductsData: com.ct.qa.keywords.ChannelKeywords.visitChannelWiseProductsData is PASSED

2018-07-27 17:16:51 - [MESSAGE][PASSED] - Keyboard is hidden

2018-07-27 17:16:54 - [MESSAGE][PASSED] - Keyboard is hidden

2018-07-27 17:16:57 - [MESSAGE][PASSED] - Keyboard is hidden

2018-07-27 17:17:00 - [MESSAGE][PASSED] - Keyboard is hidden

2018-07-27 17:17:02 - [MESSAGE][PASSED] - com.ct.qa.keywords.ChannelKeywords.visitChannelWiseProductsData is PASSED

2018-07-27 17:17:02 - [TEST_STEP][PASSED] - tap: Tapped on element 'Object Repository/ShopOpen/RemainingCategories/SubmitButton'

2018-07-27 17:17:02 - [MESSAGE][WARNING] - Timeout '0' is invalid. Using default page load timeout: '15'

2018-07-27 17:17:03 - [MESSAGE][PASSED] - Tapped on element 'Object Repository/ShopOpen/RemainingCategories/SubmitButton'

2018-07-27 17:17:03 - [TEST_STEP][PASSED] - verifyElementText: Actual text and expected text of test object 'Object Repository/ShopOpen/RemainingCategories/Validate_ProductCategoryAssetScreen' are matched.

2018-07-27 17:17:04 - [MESSAGE][PASSED] - Actual text and expected text of test object 'Object Repository/ShopOpen/RemainingCategories/Validate_ProductCategoryAssetScreen' are matched.

2018-07-27 17:17:04 - [TEST_STEP][PASSED] - tap: Tapped on element 'Object Repository/ShopOpen/RemainingCategories/StockTaking'

2018-07-27 17:17:04 - [MESSAGE][WARNING] - Timeout '0' is invalid. Using default page load timeout: '15'

2018-07-27 17:17:05 - [MESSAGE][PASSED] - Tapped on element 'Object Repository/ShopOpen/RemainingCategories/StockTaking'

2018-07-27 17:17:05 - [TEST_STEP][PASSED] - verifyElementText: Actual text and expected text of test object 'Object Repository/ShopOpen/RemainingCategories/Validate_StockTakingScreen' are matched.

2018-07-27 17:17:07 - [MESSAGE][PASSED] - Actual text and expected text of test object 'Object Repository/ShopOpen/RemainingCategories/Validate_StockTakingScreen' are matched.

2018-07-27 17:17:07 - [TEST_STEP][PASSED] - com.ct.qa.keywords.ChannelKeywords.visitChannelWiseProductsData: com.ct.qa.keywords.ChannelKeywords.visitChannelWiseProductsData is PASSED

2018-07-27 17:17:11 - [MESSAGE][PASSED] - Keyboard is hidden

2018-07-27 17:17:14 - [MESSAGE][PASSED] - Keyboard is hidden

2018-07-27 17:17:17 - [MESSAGE][PASSED] - Keyboard is hidden

2018-07-27 17:17:20 - [MESSAGE][PASSED] - Keyboard is hidden

2018-07-27 17:17:21 - [MESSAGE][PASSED] - com.ct.qa.keywords.ChannelKeywords.visitChannelWiseProductsData is PASSED

2018-07-27 17:17:21 - [TEST_STEP][PASSED] - tap: Tapped on element 'Object Repository/ShopOpen/RemainingCategories/SubmitButton'

2018-07-27 17:17:21 - [MESSAGE][WARNING] - Timeout '0' is invalid. Using default page load timeout: '15'

2018-07-27 17:17:22 - [MESSAGE][PASSED] - Tapped on element 'Object Repository/ShopOpen/RemainingCategories/SubmitButton'

2018-07-27 17:17:22 - [TEST_STEP][PASSED] - verifyElementText: Actual text and expected text of test object 'Object Repository/ShopOpen/RemainingCategories/Validate_ProductCategoryAssetScreen' are matched.

2018-07-27 17:17:23 - [MESSAGE][PASSED] - Actual text and expected text of test object 'Object Repository/ShopOpen/RemainingCategories/Validate_ProductCategoryAssetScreen' are matched.

2018-07-27 17:17:23 - [TEST_STEP][PASSED] - tap: Tapped on element 'Object Repository/ShopOpen/RemainingCategories/planogram_ImageView'

2018-07-27 17:17:23 - [MESSAGE][WARNING] - Timeout '0' is invalid. Using default page load timeout: '15'

2018-07-27 17:17:24 - [MESSAGE][PASSED] - Tapped on element 'Object Repository/ShopOpen/RemainingCategories/planogram_ImageView'

2018-07-27 17:17:24 - [TEST_STEP][PASSED] - com.ct.qa.keywords.CommonKeywords.checkPlanogramAvailability: com.ct.qa.keywords.CommonKeywords.checkPlanogramAvailability is PASSED

2018-07-27 17:17:24 - [MESSAGE][WARNING] - Timeout '0' is invalid. Using default page load timeout: '15'

2018-07-27 17:17:40 - [MESSAGE][WARNING] - Object Object Repository/CommonScreenElements/InfoPopUp_OKButton not found
[[ATTACHMENT|F:\\Git Projects\\MMAPlus_Merchandising\\MMAPlus_Merchandising\\Reports\\MMA Plus Merchandising With Chiller Data Verification\\20180727_163727\\1532693859527.png]]

2018-07-27 17:17:40 - [MESSAGE][PASSED] - com.ct.qa.keywords.CommonKeywords.checkPlanogramAvailability is PASSED

2018-07-27 17:17:40 - [TEST_STEP][PASSED] - com.ct.qa.keywords.CommonKeywords.closePlanogram: com.ct.qa.keywords.CommonKeywords.closePlanogram is PASSED

2018-07-27 17:17:41 - [MESSAGE][PASSED] - com.ct.qa.keywords.CommonKeywords.closePlanogram is PASSED

2018-07-27 17:17:41 - [TEST_STEP][PASSED] - verifyElementText: Actual text and expected text of test object 'Object Repository/ShopOpen/RemainingCategories/Validate_ProductCategoryAssetScreen' are matched.

2018-07-27 17:17:42 - [MESSAGE][PASSED] - Actual text and expected text of test object 'Object Repository/ShopOpen/RemainingCategories/Validate_ProductCategoryAssetScreen' are matched.

2018-07-27 17:17:42 - [TEST_STEP][PASSED] - com.ct.qa.keywords.CommonKeywords.findPictureImageView: com.ct.qa.keywords.CommonKeywords.findPictureImageView is PASSED

2018-07-27 17:17:42 - [MESSAGE][WARNING] - Timeout '0' is invalid. Using default page load timeout: '15'

2018-07-27 17:17:45 - [MESSAGE][PASSED] - Tapped on element 'Object Repository/CommonScreenElements/Picture_ImageView'

2018-07-27 17:17:45 - [MESSAGE][WARNING] - Timeout '0' is invalid. Using default page load timeout: '15'

2018-07-27 17:17:46 - [MESSAGE][PASSED] - Element 'Object Repository/CommonScreenElements/Validate_CameraScreen' is exist

2018-07-27 17:17:46 - [MESSAGE][WARNING] - Timeout '0' is invalid. Using default page load timeout: '15'

2018-07-27 17:17:49 - [MESSAGE][PASSED] - Tapped on element 'Object Repository/CommonScreenElements/TakePictureButton'

2018-07-27 17:17:54 - [MESSAGE][PASSED] - Delayed 5 second(s)

2018-07-27 17:17:54 - [MESSAGE][WARNING] - Timeout '0' is invalid. Using default page load timeout: '15'

2018-07-27 17:17:55 - [MESSAGE][PASSED] - Tapped on element 'Object Repository/CommonScreenElements/DoneButton'

2018-07-27 17:17:55 - [MESSAGE][PASSED] - com.ct.qa.keywords.CommonKeywords.findPictureImageView is PASSED

2018-07-27 17:17:55 - [TEST_STEP][PASSED] - verifyElementText: Actual text and expected text of test object 'Object Repository/ShopOpen/RemainingCategories/Validate_ProductCategoryAssetScreen' are matched.

2018-07-27 17:17:56 - [MESSAGE][PASSED] - Actual text and expected text of test object 'Object Repository/ShopOpen/RemainingCategories/Validate_ProductCategoryAssetScreen' are matched.

2018-07-27 17:17:56 - [TEST_STEP][PASSED] - tap: Tapped on element 'Object Repository/ShopOpen/RemainingCategories/ProductCategoryAsset_BackButton'

2018-07-27 17:17:56 - [MESSAGE][WARNING] - Timeout '0' is invalid. Using default page load timeout: '15'

2018-07-27 17:17:56 - [MESSAGE][PASSED] - Tapped on element 'Object Repository/ShopOpen/RemainingCategories/ProductCategoryAsset_BackButton'

2018-07-27 17:17:56 - [TEST_STEP][PASSED] - verifyElementExist: Element 'Object Repository/ShopOpen/Validate_ShopCategoriesListScreen' is exist

2018-07-27 17:17:56 - [MESSAGE][WARNING] - Timeout '0' is invalid. Using default page load timeout: '15'

2018-07-27 17:17:59 - [MESSAGE][PASSED] - Element 'Object Repository/ShopOpen/Validate_ShopCategoriesListScreen' is exist

2018-07-27 17:17:59 - [MESSAGE][PASSED] - Call Test Case 'Test Cases/ShopOpen/RemainingCategories/VisitRemainingCategoriesWithDSA' successfully

2018-07-27 17:17:59 - [MESSAGE][PASSED] - Swiped from 0,293 to 0,200

2018-07-27 17:18:03 - [MESSAGE][PASSED] - Swiped from 0,293 to 0,200

2018-07-27 17:18:05 - [TEST_CASE][PASSED] - Test Cases/ShopOpen/RemainingCategories/VisitRemainingCategoriesWithDSA: Test Cases/ShopOpen/RemainingCategories/VisitRemainingCategoriesWithDSA

2018-07-27 17:18:05 - [TEST_STEP][PASSED] - verifyElementText: Actual text and expected text of test object 'Object Repository/ShopOpen/RemainingCategories/Validate_RemainingCategoriesDetailScreen' are matched.

2018-07-27 17:18:07 - [MESSAGE][PASSED] - Actual text and expected text of test object 'Object Repository/ShopOpen/RemainingCategories/Validate_RemainingCategoriesDetailScreen' are matched.

2018-07-27 17:18:07 - [TEST_STEP][PASSED] - tap: Tapped on element 'Object Repository/ShopOpen/RemainingCategories/DisplaySpaceAvailable'

2018-07-27 17:18:07 - [MESSAGE][WARNING] - Timeout '0' is invalid. Using default page load timeout: '15'

2018-07-27 17:18:07 - [MESSAGE][PASSED] - Tapped on element 'Object Repository/ShopOpen/RemainingCategories/DisplaySpaceAvailable'

2018-07-27 17:18:07 - [TEST_STEP][PASSED] - verifyElementText: Actual text and expected text of test object 'Object Repository/ShopOpen/RemainingCategories/Validate_ProductCategoryAssetScreen' are matched.

2018-07-27 17:18:09 - [MESSAGE][PASSED] - Actual text and expected text of test object 'Object Repository/ShopOpen/RemainingCategories/Validate_ProductCategoryAssetScreen' are matched.

2018-07-27 17:18:09 - [TEST_STEP][PASSED] - tap: Tapped on element 'Object Repository/ShopOpen/RemainingCategories/Facing'

2018-07-27 17:18:09 - [MESSAGE][WARNING] - Timeout '0' is invalid. Using default page load timeout: '15'

2018-07-27 17:18:09 - [MESSAGE][PASSED] - Tapped on element 'Object Repository/ShopOpen/RemainingCategories/Facing'

2018-07-27 17:18:09 - [TEST_STEP][PASSED] - verifyElementText: Actual text and expected text of test object 'Object Repository/ShopOpen/RemainingCategories/Validate_FacingScreen' are matched.

2018-07-27 17:18:11 - [MESSAGE][PASSED] - Actual text and expected text of test object 'Object Repository/ShopOpen/RemainingCategories/Validate_FacingScreen' are matched.

2018-07-27 17:18:11 - [TEST_STEP][PASSED] - com.ct.qa.keywords.ChannelKeywords.visitChannelWiseProductsData: com.ct.qa.keywords.ChannelKeywords.visitChannelWiseProductsData is PASSED

2018-07-27 17:18:15 - [MESSAGE][PASSED] - Keyboard is hidden

2018-07-27 17:18:17 - [MESSAGE][PASSED] - Keyboard is hidden

2018-07-27 17:18:20 - [MESSAGE][PASSED] - Keyboard is hidden

2018-07-27 17:18:21 - [MESSAGE][PASSED] - com.ct.qa.keywords.ChannelKeywords.visitChannelWiseProductsData is PASSED

2018-07-27 17:18:21 - [TEST_STEP][PASSED] - tap: Tapped on element 'Object Repository/ShopOpen/RemainingCategories/SubmitButton'

2018-07-27 17:18:21 - [MESSAGE][WARNING] - Timeout '0' is invalid. Using default page load timeout: '15'

2018-07-27 17:18:22 - [MESSAGE][PASSED] - Tapped on element 'Object Repository/ShopOpen/RemainingCategories/SubmitButton'

2018-07-27 17:18:22 - [TEST_STEP][PASSED] - verifyElementText: Actual text and expected text of test object 'Object Repository/ShopOpen/RemainingCategories/Validate_ProductCategoryAssetScreen' are matched.

2018-07-27 17:18:23 - [MESSAGE][PASSED] - Actual text and expected text of test object 'Object Repository/ShopOpen/RemainingCategories/Validate_ProductCategoryAssetScreen' are matched.

2018-07-27 17:18:23 - [TEST_STEP][PASSED] - tap: Tapped on element 'Object Repository/ShopOpen/RemainingCategories/StockTaking'

2018-07-27 17:18:23 - [MESSAGE][WARNING] - Timeout '0' is invalid. Using default page load timeout: '15'

2018-07-27 17:18:23 - [MESSAGE][PASSED] - Tapped on element 'Object Repository/ShopOpen/RemainingCategories/StockTaking'

2018-07-27 17:18:23 - [TEST_STEP][PASSED] - verifyElementText: Actual text and expected text of test object 'Object Repository/ShopOpen/RemainingCategories/Validate_StockTakingScreen' are matched.

2018-07-27 17:18:25 - [MESSAGE][PASSED] - Actual text and expected text of test object 'Object Repository/ShopOpen/RemainingCategories/Validate_StockTakingScreen' are matched.

2018-07-27 17:18:25 - [TEST_STEP][PASSED] - com.ct.qa.keywords.ChannelKeywords.visitChannelWiseProductsData: com.ct.qa.keywords.ChannelKeywords.visitChannelWiseProductsData is PASSED

2018-07-27 17:18:29 - [MESSAGE][PASSED] - Keyboard is hidden

2018-07-27 17:18:32 - [MESSAGE][PASSED] - Keyboard is hidden

2018-07-27 17:18:35 - [MESSAGE][PASSED] - Keyboard is hidden

2018-07-27 17:18:36 - [MESSAGE][PASSED] - com.ct.qa.keywords.ChannelKeywords.visitChannelWiseProductsData is PASSED

2018-07-27 17:18:36 - [TEST_STEP][PASSED] - tap: Tapped on element 'Object Repository/ShopOpen/RemainingCategories/SubmitButton'

2018-07-27 17:18:36 - [MESSAGE][WARNING] - Timeout '0' is invalid. Using default page load timeout: '15'

2018-07-27 17:18:37 - [MESSAGE][PASSED] - Tapped on element 'Object Repository/ShopOpen/RemainingCategories/SubmitButton'

2018-07-27 17:18:37 - [TEST_STEP][PASSED] - verifyElementText: Actual text and expected text of test object 'Object Repository/ShopOpen/RemainingCategories/Validate_ProductCategoryAssetScreen' are matched.

2018-07-27 17:18:38 - [MESSAGE][PASSED] - Actual text and expected text of test object 'Object Repository/ShopOpen/RemainingCategories/Validate_ProductCategoryAssetScreen' are matched.

2018-07-27 17:18:38 - [TEST_STEP][PASSED] - tap: Tapped on element 'Object Repository/ShopOpen/RemainingCategories/planogram_ImageView'

2018-07-27 17:18:38 - [MESSAGE][WARNING] - Timeout '0' is invalid. Using default page load timeout: '15'

2018-07-27 17:18:38 - [MESSAGE][PASSED] - Tapped on element 'Object Repository/ShopOpen/RemainingCategories/planogram_ImageView'

2018-07-27 17:18:38 - [TEST_STEP][PASSED] - com.ct.qa.keywords.CommonKeywords.checkPlanogramAvailability: com.ct.qa.keywords.CommonKeywords.checkPlanogramAvailability is PASSED

2018-07-27 17:18:38 - [MESSAGE][WARNING] - Timeout '0' is invalid. Using default page load timeout: '15'

2018-07-27 17:18:54 - [MESSAGE][WARNING] - Object Object Repository/CommonScreenElements/InfoPopUp_OKButton not found
[[ATTACHMENT|F:\\Git Projects\\MMAPlus_Merchandising\\MMAPlus_Merchandising\\Reports\\MMA Plus Merchandising With Chiller Data Verification\\20180727_163727\\1532693933602.png]]

2018-07-27 17:18:54 - [MESSAGE][PASSED] - com.ct.qa.keywords.CommonKeywords.checkPlanogramAvailability is PASSED

2018-07-27 17:18:54 - [TEST_STEP][PASSED] - com.ct.qa.keywords.CommonKeywords.closePlanogram: com.ct.qa.keywords.CommonKeywords.closePlanogram is PASSED

2018-07-27 17:18:55 - [MESSAGE][PASSED] - com.ct.qa.keywords.CommonKeywords.closePlanogram is PASSED

2018-07-27 17:18:55 - [TEST_STEP][PASSED] - verifyElementText: Actual text and expected text of test object 'Object Repository/ShopOpen/RemainingCategories/Validate_ProductCategoryAssetScreen' are matched.

2018-07-27 17:18:56 - [MESSAGE][PASSED] - Actual text and expected text of test object 'Object Repository/ShopOpen/RemainingCategories/Validate_ProductCategoryAssetScreen' are matched.

2018-07-27 17:18:56 - [TEST_STEP][PASSED] - com.ct.qa.keywords.CommonKeywords.findPictureImageView: com.ct.qa.keywords.CommonKeywords.findPictureImageView is PASSED

2018-07-27 17:18:56 - [MESSAGE][WARNING] - Timeout '0' is invalid. Using default page load timeout: '15'

2018-07-27 17:18:56 - [MESSAGE][PASSED] - Tapped on element 'Object Repository/CommonScreenElements/Picture_ImageView'

2018-07-27 17:18:56 - [MESSAGE][WARNING] - Timeout '0' is invalid. Using default page load timeout: '15'

2018-07-27 17:18:58 - [MESSAGE][PASSED] - Element 'Object Repository/CommonScreenElements/Validate_CameraScreen' is exist

2018-07-27 17:18:58 - [MESSAGE][WARNING] - Timeout '0' is invalid. Using default page load timeout: '15'

2018-07-27 17:19:01 - [MESSAGE][PASSED] - Tapped on element 'Object Repository/CommonScreenElements/TakePictureButton'

2018-07-27 17:19:06 - [MESSAGE][PASSED] - Delayed 5 second(s)

2018-07-27 17:19:06 - [MESSAGE][WARNING] - Timeout '0' is invalid. Using default page load timeout: '15'

2018-07-27 17:19:07 - [MESSAGE][PASSED] - Tapped on element 'Object Repository/CommonScreenElements/DoneButton'

2018-07-27 17:19:07 - [MESSAGE][PASSED] - com.ct.qa.keywords.CommonKeywords.findPictureImageView is PASSED

2018-07-27 17:19:07 - [TEST_STEP][PASSED] - verifyElementText: Actual text and expected text of test object 'Object Repository/ShopOpen/RemainingCategories/Validate_ProductCategoryAssetScreen' are matched.

2018-07-27 17:19:08 - [MESSAGE][PASSED] - Actual text and expected text of test object 'Object Repository/ShopOpen/RemainingCategories/Validate_ProductCategoryAssetScreen' are matched.

2018-07-27 17:19:08 - [TEST_STEP][PASSED] - tap: Tapped on element 'Object Repository/ShopOpen/RemainingCategories/ProductCategoryAsset_BackButton'

2018-07-27 17:19:08 - [MESSAGE][WARNING] - Timeout '0' is invalid. Using default page load timeout: '15'

2018-07-27 17:19:09 - [MESSAGE][PASSED] - Tapped on element 'Object Repository/ShopOpen/RemainingCategories/ProductCategoryAsset_BackButton'

2018-07-27 17:19:09 - [TEST_STEP][PASSED] - verifyElementExist: Element 'Object Repository/ShopOpen/Validate_ShopCategoriesListScreen' is exist

2018-07-27 17:19:09 - [MESSAGE][WARNING] - Timeout '0' is invalid. Using default page load timeout: '15'

2018-07-27 17:19:11 - [MESSAGE][PASSED] - Element 'Object Repository/ShopOpen/Validate_ShopCategoriesListScreen' is exist

2018-07-27 17:19:11 - [MESSAGE][PASSED] - Call Test Case 'Test Cases/ShopOpen/RemainingCategories/VisitRemainingCategoriesWithDSA' successfully

2018-07-27 17:19:11 - [MESSAGE][PASSED] - Swiped from 0,293 to 0,200

2018-07-27 17:19:14 - [MESSAGE][PASSED] - Swiped from 0,293 to 0,200

2018-07-27 17:19:17 - [MESSAGE][PASSED] - Swiped from 0,293 to 0,200

2018-07-27 17:19:19 - [TEST_CASE][PASSED] - Test Cases/ShopOpen/RemainingCategories/VisitRemainingCategoriesWithDSA: Test Cases/ShopOpen/RemainingCategories/VisitRemainingCategoriesWithDSA

2018-07-27 17:19:19 - [TEST_STEP][PASSED] - verifyElementText: Actual text and expected text of test object 'Object Repository/ShopOpen/RemainingCategories/Validate_RemainingCategoriesDetailScreen' are matched.

2018-07-27 17:19:21 - [MESSAGE][PASSED] - Actual text and expected text of test object 'Object Repository/ShopOpen/RemainingCategories/Validate_RemainingCategoriesDetailScreen' are matched.

2018-07-27 17:19:21 - [TEST_STEP][PASSED] - tap: Tapped on element 'Object Repository/ShopOpen/RemainingCategories/DisplaySpaceAvailable'

2018-07-27 17:19:21 - [MESSAGE][WARNING] - Timeout '0' is invalid. Using default page load timeout: '15'

2018-07-27 17:19:21 - [MESSAGE][PASSED] - Tapped on element 'Object Repository/ShopOpen/RemainingCategories/DisplaySpaceAvailable'

2018-07-27 17:19:21 - [TEST_STEP][PASSED] - verifyElementText: Actual text and expected text of test object 'Object Repository/ShopOpen/RemainingCategories/Validate_ProductCategoryAssetScreen' are matched.

2018-07-27 17:19:24 - [MESSAGE][PASSED] - Actual text and expected text of test object 'Object Repository/ShopOpen/RemainingCategories/Validate_ProductCategoryAssetScreen' are matched.

2018-07-27 17:19:24 - [TEST_STEP][PASSED] - tap: Tapped on element 'Object Repository/ShopOpen/RemainingCategories/Facing'

2018-07-27 17:19:24 - [MESSAGE][WARNING] - Timeout '0' is invalid. Using default page load timeout: '15'

2018-07-27 17:19:24 - [MESSAGE][PASSED] - Tapped on element 'Object Repository/ShopOpen/RemainingCategories/Facing'

2018-07-27 17:19:24 - [TEST_STEP][PASSED] - verifyElementText: Actual text and expected text of test object 'Object Repository/ShopOpen/RemainingCategories/Validate_FacingScreen' are matched.

2018-07-27 17:19:26 - [MESSAGE][PASSED] - Actual text and expected text of test object 'Object Repository/ShopOpen/RemainingCategories/Validate_FacingScreen' are matched.

2018-07-27 17:19:26 - [TEST_STEP][PASSED] - com.ct.qa.keywords.ChannelKeywords.visitChannelWiseProductsData: com.ct.qa.keywords.ChannelKeywords.visitChannelWiseProductsData is PASSED

2018-07-27 17:19:29 - [MESSAGE][PASSED] - Keyboard is hidden

2018-07-27 17:19:32 - [MESSAGE][PASSED] - Keyboard is hidden

2018-07-27 17:19:33 - [MESSAGE][PASSED] - com.ct.qa.keywords.ChannelKeywords.visitChannelWiseProductsData is PASSED

2018-07-27 17:19:33 - [TEST_STEP][PASSED] - tap: Tapped on element 'Object Repository/ShopOpen/RemainingCategories/SubmitButton'

2018-07-27 17:19:33 - [MESSAGE][WARNING] - Timeout '0' is invalid. Using default page load timeout: '15'

2018-07-27 17:19:33 - [MESSAGE][PASSED] - Tapped on element 'Object Repository/ShopOpen/RemainingCategories/SubmitButton'

2018-07-27 17:19:33 - [TEST_STEP][PASSED] - verifyElementText: Actual text and expected text of test object 'Object Repository/ShopOpen/RemainingCategories/Validate_ProductCategoryAssetScreen' are matched.

2018-07-27 17:19:34 - [MESSAGE][PASSED] - Actual text and expected text of test object 'Object Repository/ShopOpen/RemainingCategories/Validate_ProductCategoryAssetScreen' are matched.

2018-07-27 17:19:34 - [TEST_STEP][PASSED] - tap: Tapped on element 'Object Repository/ShopOpen/RemainingCategories/StockTaking'

2018-07-27 17:19:34 - [MESSAGE][WARNING] - Timeout '0' is invalid. Using default page load timeout: '15'

2018-07-27 17:19:35 - [MESSAGE][PASSED] - Tapped on element 'Object Repository/ShopOpen/RemainingCategories/StockTaking'

2018-07-27 17:19:35 - [TEST_STEP][PASSED] - verifyElementText: Actual text and expected text of test object 'Object Repository/ShopOpen/RemainingCategories/Validate_StockTakingScreen' are matched.

2018-07-27 17:19:37 - [MESSAGE][PASSED] - Actual text and expected text of test object 'Object Repository/ShopOpen/RemainingCategories/Validate_StockTakingScreen' are matched.

2018-07-27 17:19:37 - [TEST_STEP][PASSED] - com.ct.qa.keywords.ChannelKeywords.visitChannelWiseProductsData: com.ct.qa.keywords.ChannelKeywords.visitChannelWiseProductsData is PASSED

2018-07-27 17:19:40 - [MESSAGE][PASSED] - Keyboard is hidden

2018-07-27 17:19:43 - [MESSAGE][PASSED] - Keyboard is hidden

2018-07-27 17:19:44 - [MESSAGE][PASSED] - com.ct.qa.keywords.ChannelKeywords.visitChannelWiseProductsData is PASSED

2018-07-27 17:19:44 - [TEST_STEP][PASSED] - tap: Tapped on element 'Object Repository/ShopOpen/RemainingCategories/SubmitButton'

2018-07-27 17:19:44 - [MESSAGE][WARNING] - Timeout '0' is invalid. Using default page load timeout: '15'

2018-07-27 17:19:45 - [MESSAGE][PASSED] - Tapped on element 'Object Repository/ShopOpen/RemainingCategories/SubmitButton'

2018-07-27 17:19:45 - [TEST_STEP][PASSED] - verifyElementText: Actual text and expected text of test object 'Object Repository/ShopOpen/RemainingCategories/Validate_ProductCategoryAssetScreen' are matched.

2018-07-27 17:19:46 - [MESSAGE][PASSED] - Actual text and expected text of test object 'Object Repository/ShopOpen/RemainingCategories/Validate_ProductCategoryAssetScreen' are matched.

2018-07-27 17:19:46 - [TEST_STEP][PASSED] - tap: Tapped on element 'Object Repository/ShopOpen/RemainingCategories/planogram_ImageView'

2018-07-27 17:19:46 - [MESSAGE][WARNING] - Timeout '0' is invalid. Using default page load timeout: '15'

2018-07-27 17:19:46 - [MESSAGE][PASSED] - Tapped on element 'Object Repository/ShopOpen/RemainingCategories/planogram_ImageView'

2018-07-27 17:19:46 - [TEST_STEP][PASSED] - com.ct.qa.keywords.CommonKeywords.checkPlanogramAvailability: com.ct.qa.keywords.CommonKeywords.checkPlanogramAvailability is PASSED

2018-07-27 17:19:46 - [MESSAGE][WARNING] - Timeout '0' is invalid. Using default page load timeout: '15'

2018-07-27 17:20:02 - [MESSAGE][WARNING] - Object Object Repository/CommonScreenElements/InfoPopUp_OKButton not found
[[ATTACHMENT|F:\\Git Projects\\MMAPlus_Merchandising\\MMAPlus_Merchandising\\Reports\\MMA Plus Merchandising With Chiller Data Verification\\20180727_163727\\1532694001697.png]]

2018-07-27 17:20:02 - [MESSAGE][PASSED] - com.ct.qa.keywords.CommonKeywords.checkPlanogramAvailability is PASSED

2018-07-27 17:20:02 - [TEST_STEP][PASSED] - com.ct.qa.keywords.CommonKeywords.closePlanogram: com.ct.qa.keywords.CommonKeywords.closePlanogram is PASSED

2018-07-27 17:20:03 - [MESSAGE][PASSED] - com.ct.qa.keywords.CommonKeywords.closePlanogram is PASSED

2018-07-27 17:20:03 - [TEST_STEP][PASSED] - verifyElementText: Actual text and expected text of test object 'Object Repository/ShopOpen/RemainingCategories/Validate_ProductCategoryAssetScreen' are matched.

2018-07-27 17:20:04 - [MESSAGE][PASSED] - Actual text and expected text of test object 'Object Repository/ShopOpen/RemainingCategories/Validate_ProductCategoryAssetScreen' are matched.

2018-07-27 17:20:04 - [TEST_STEP][PASSED] - com.ct.qa.keywords.CommonKeywords.findPictureImageView: com.ct.qa.keywords.CommonKeywords.findPictureImageView is PASSED

2018-07-27 17:20:04 - [MESSAGE][WARNING] - Timeout '0' is invalid. Using default page load timeout: '15'

2018-07-27 17:20:06 - [MESSAGE][PASSED] - Tapped on element 'Object Repository/CommonScreenElements/Picture_ImageView'

2018-07-27 17:20:06 - [MESSAGE][WARNING] - Timeout '0' is invalid. Using default page load timeout: '15'

2018-07-27 17:20:07 - [MESSAGE][PASSED] - Element 'Object Repository/CommonScreenElements/Validate_CameraScreen' is exist

2018-07-27 17:20:07 - [MESSAGE][WARNING] - Timeout '0' is invalid. Using default page load timeout: '15'

2018-07-27 17:20:10 - [MESSAGE][PASSED] - Tapped on element 'Object Repository/CommonScreenElements/TakePictureButton'

2018-07-27 17:20:15 - [MESSAGE][PASSED] - Delayed 5 second(s)

2018-07-27 17:20:15 - [MESSAGE][WARNING] - Timeout '0' is invalid. Using default page load timeout: '15'

2018-07-27 17:20:16 - [MESSAGE][PASSED] - Tapped on element 'Object Repository/CommonScreenElements/DoneButton'

2018-07-27 17:20:16 - [MESSAGE][PASSED] - com.ct.qa.keywords.CommonKeywords.findPictureImageView is PASSED

2018-07-27 17:20:16 - [TEST_STEP][PASSED] - verifyElementText: Actual text and expected text of test object 'Object Repository/ShopOpen/RemainingCategories/Validate_ProductCategoryAssetScreen' are matched.

2018-07-27 17:20:17 - [MESSAGE][PASSED] - Actual text and expected text of test object 'Object Repository/ShopOpen/RemainingCategories/Validate_ProductCategoryAssetScreen' are matched.

2018-07-27 17:20:17 - [TEST_STEP][PASSED] - tap: Tapped on element 'Object Repository/ShopOpen/RemainingCategories/ProductCategoryAsset_BackButton'

2018-07-27 17:20:17 - [MESSAGE][WARNING] - Timeout '0' is invalid. Using default page load timeout: '15'

2018-07-27 17:20:17 - [MESSAGE][PASSED] - Tapped on element 'Object Repository/ShopOpen/RemainingCategories/ProductCategoryAsset_BackButton'

2018-07-27 17:20:17 - [TEST_STEP][PASSED] - verifyElementExist: Element 'Object Repository/ShopOpen/Validate_ShopCategoriesListScreen' is exist

2018-07-27 17:20:17 - [MESSAGE][WARNING] - Timeout '0' is invalid. Using default page load timeout: '15'

2018-07-27 17:20:20 - [MESSAGE][PASSED] - Element 'Object Repository/ShopOpen/Validate_ShopCategoriesListScreen' is exist

2018-07-27 17:20:20 - [MESSAGE][PASSED] - Call Test Case 'Test Cases/ShopOpen/RemainingCategories/VisitRemainingCategoriesWithDSA' successfully

2018-07-27 17:20:20 - [MESSAGE][PASSED] - Swiped from 0,293 to 0,200

2018-07-27 17:20:22 - [MESSAGE][PASSED] - Swiped from 0,293 to 0,200

2018-07-27 17:20:24 - [MESSAGE][PASSED] - Swiped from 0,293 to 0,200

2018-07-27 17:20:27 - [MESSAGE][PASSED] - Swiped from 0,293 to 0,200

2018-07-27 17:20:29 - [TEST_CASE][PASSED] - Test Cases/ShopOpen/RTMVisitFrequency/VisitRTMVisitFrequency: Test Cases/ShopOpen/RTMVisitFrequency/VisitRTMVisitFrequency

2018-07-27 17:20:29 - [TEST_STEP][PASSED] - verifyElementText: Actual text and expected text of test object 'Object Repository/ShopOpen/RTMVisitFrequency/Validate_RTMVisitFrequencyScreen' are matched.

2018-07-27 17:20:31 - [MESSAGE][PASSED] - Actual text and expected text of test object 'Object Repository/ShopOpen/RTMVisitFrequency/Validate_RTMVisitFrequencyScreen' are matched.

2018-07-27 17:20:31 - [TEST_STEP][PASSED] - com.ct.qa.keywords.RTMVisitFrequencyKeywords.visitRTMVisitFrequency: com.ct.qa.keywords.RTMVisitFrequencyKeywords.visitRTMVisitFrequency is PASSED

2018-07-27 17:20:32 - [MESSAGE][WARNING] - Timeout '0' is invalid. Using default page load timeout: '15'

2018-07-27 17:20:33 - [MESSAGE][PASSED] - Element 'Object Repository/ShopOpen/RTMVisitFrequency/Validate_RTMVisitFrequencyRemarks' is exist

2018-07-27 17:20:33 - [MESSAGE][WARNING] - Timeout '0' is invalid. Using default page load timeout: '15'

2018-07-27 17:20:34 - [MESSAGE][PASSED] - Tapped on element 'Object Repository/ShopOpen/RTMVisitFrequency/OnceAWeek'

2018-07-27 17:20:35 - [MESSAGE][WARNING] - Timeout '0' is invalid. Using default page load timeout: '15'

2018-07-27 17:20:36 - [MESSAGE][PASSED] - Element 'Object Repository/ShopOpen/RTMVisitFrequency/Validate_RTMVisitFrequencyRemarks' is exist

2018-07-27 17:20:36 - [MESSAGE][WARNING] - Timeout '0' is invalid. Using default page load timeout: '15'

2018-07-27 17:20:37 - [MESSAGE][PASSED] - Tapped on element 'Object Repository/ShopOpen/RTMVisitFrequency/OnceAWeek'

2018-07-27 17:20:38 - [MESSAGE][WARNING] - Timeout '0' is invalid. Using default page load timeout: '15'

2018-07-27 17:20:39 - [MESSAGE][PASSED] - Element 'Object Repository/ShopOpen/RTMVisitFrequency/Validate_RTMVisitFrequencyRemarks' is exist

2018-07-27 17:20:39 - [MESSAGE][WARNING] - Timeout '0' is invalid. Using default page load timeout: '15'

2018-07-27 17:20:40 - [MESSAGE][PASSED] - Tapped on element 'Object Repository/ShopOpen/RTMVisitFrequency/OnceAWeek'

2018-07-27 17:20:41 - [MESSAGE][WARNING] - Timeout '0' is invalid. Using default page load timeout: '15'

2018-07-27 17:20:42 - [MESSAGE][PASSED] - Element 'Object Repository/ShopOpen/RTMVisitFrequency/Validate_RTMVisitFrequencyRemarks' is exist

2018-07-27 17:20:42 - [MESSAGE][WARNING] - Timeout '0' is invalid. Using default page load timeout: '15'

2018-07-27 17:20:43 - [MESSAGE][PASSED] - Tapped on element 'Object Repository/ShopOpen/RTMVisitFrequency/OnceAWeek'

2018-07-27 17:20:43 - [MESSAGE][PASSED] - com.ct.qa.keywords.RTMVisitFrequencyKeywords.visitRTMVisitFrequency is PASSED

2018-07-27 17:20:43 - [TEST_STEP][PASSED] - tap: Tapped on element 'Object Repository/ShopOpen/RTMVisitFrequency/BackButton'

2018-07-27 17:20:43 - [MESSAGE][WARNING] - Timeout '0' is invalid. Using default page load timeout: '15'

2018-07-27 17:20:44 - [MESSAGE][PASSED] - Tapped on element 'Object Repository/ShopOpen/RTMVisitFrequency/BackButton'

2018-07-27 17:20:44 - [TEST_STEP][PASSED] - verifyElementExist: Element 'Object Repository/ShopOpen/Validate_ShopCategoriesListScreen' is exist

2018-07-27 17:20:44 - [MESSAGE][WARNING] - Timeout '0' is invalid. Using default page load timeout: '15'

2018-07-27 17:20:46 - [MESSAGE][PASSED] - Element 'Object Repository/ShopOpen/Validate_ShopCategoriesListScreen' is exist

2018-07-27 17:20:46 - [MESSAGE][PASSED] - Call Test Case 'Test Cases/ShopOpen/RTMVisitFrequency/VisitRTMVisitFrequency' successfully

2018-07-27 17:20:46 - [MESSAGE][PASSED] - Swiped from 0,293 to 0,200

2018-07-27 17:20:49 - [MESSAGE][PASSED] - Swiped from 0,293 to 0,200

2018-07-27 17:20:51 - [MESSAGE][PASSED] - Swiped from 0,293 to 0,200

2018-07-27 17:20:53 - [MESSAGE][PASSED] - Swiped from 0,293 to 0,200

2018-07-27 17:20:56 - [MESSAGE][PASSED] - Swiped from 0,293 to 0,200

2018-07-27 17:20:58 - [TEST_CASE][PASSED] - Test Cases/ShopOpen/POPApplication/OverwritePOPApplication: Test Cases/ShopOpen/POPApplication/OverwritePOPApplication

2018-07-27 17:20:58 - [TEST_STEP][PASSED] - verifyElementText: Actual text and expected text of test object 'Object Repository/ShopOpen/POPApplication/Validate_POPApplicationDetailScreen' are matched.

2018-07-27 17:21:00 - [MESSAGE][PASSED] - Actual text and expected text of test object 'Object Repository/ShopOpen/POPApplication/Validate_POPApplicationDetailScreen' are matched.

2018-07-27 17:21:00 - [TEST_STEP][PASSED] - tap: Tapped on element 'Object Repository/ShopOpen/POPApplication/POPDeployment_No'

2018-07-27 17:21:00 - [MESSAGE][WARNING] - Timeout '0' is invalid. Using default page load timeout: '15'

2018-07-27 17:21:00 - [MESSAGE][PASSED] - Tapped on element 'Object Repository/ShopOpen/POPApplication/POPDeployment_No'

2018-07-27 17:21:00 - [TEST_STEP][PASSED] - pressBack: Press back button successfully

2018-07-27 17:21:01 - [MESSAGE][PASSED] - Press back button successfully

2018-07-27 17:21:01 - [TEST_STEP][PASSED] - verifyElementExist: Element 'Object Repository/ShopOpen/Validate_ShopCategoriesListScreen' is exist

2018-07-27 17:21:01 - [MESSAGE][WARNING] - Timeout '0' is invalid. Using default page load timeout: '15'

2018-07-27 17:21:02 - [MESSAGE][PASSED] - Element 'Object Repository/ShopOpen/Validate_ShopCategoriesListScreen' is exist

2018-07-27 17:21:02 - [MESSAGE][PASSED] - Call Test Case 'Test Cases/ShopOpen/POPApplication/OverwritePOPApplication' successfully

2018-07-27 17:21:02 - [MESSAGE][PASSED] - Swiped from 0,293 to 0,200

2018-07-27 17:21:05 - [MESSAGE][PASSED] - Swiped from 0,293 to 0,200

2018-07-27 17:21:07 - [MESSAGE][PASSED] - Swiped from 0,293 to 0,200

2018-07-27 17:21:09 - [MESSAGE][PASSED] - Swiped from 0,293 to 0,200

2018-07-27 17:21:11 - [MESSAGE][PASSED] - Swiped from 0,293 to 0,200

2018-07-27 17:21:14 - [MESSAGE][PASSED] - Swiped from 0,293 to 0,200

2018-07-27 17:21:16 - [TEST_CASE][PASSED] - Test Cases/ShopOpen/RetailerRemarks/VisitRetailerRemarks: Test Cases/ShopOpen/RetailerRemarks/VisitRetailerRemarks

2018-07-27 17:21:16 - [TEST_STEP][PASSED] - verifyElementText: Actual text and expected text of test object 'Object Repository/ShopOpen/RetailerRemarks/Validate_RetailerRemarksScreen' are matched.

2018-07-27 17:21:18 - [MESSAGE][PASSED] - Actual text and expected text of test object 'Object Repository/ShopOpen/RetailerRemarks/Validate_RetailerRemarksScreen' are matched.

2018-07-27 17:21:18 - [TEST_STEP][PASSED] - com.ct.qa.keywords.RetailerRemarksKeywords.visitRetailerRemarks: com.ct.qa.keywords.RetailerRemarksKeywords.visitRetailerRemarks is PASSED

2018-07-27 17:21:18 - [MESSAGE][WARNING] - Timeout '0' is invalid. Using default page load timeout: '15'

2018-07-27 17:21:20 - [MESSAGE][PASSED] - Element 'Object Repository/ShopOpen/RetailerRemarks/OBNotVisiting' is exist

2018-07-27 17:21:20 - [MESSAGE][WARNING] - Timeout '0' is invalid. Using default page load timeout: '15'

2018-07-27 17:21:20 - [MESSAGE][PASSED] - Tapped on element 'Object Repository/ShopOpen/RetailerRemarks/OBNotVisiting'

2018-07-27 17:21:21 - [MESSAGE][PASSED] - Press back button successfully

2018-07-27 17:21:22 - [MESSAGE][PASSED] - Actual text and expected text of test object 'Object Repository/ShopOpen/RetailerRemarks/Validate_RetailerRemarksScreen' are matched.

2018-07-27 17:21:22 - [MESSAGE][WARNING] - Timeout '0' is invalid. Using default page load timeout: '15'

2018-07-27 17:21:24 - [MESSAGE][PASSED] - Element 'Object Repository/ShopOpen/RetailerRemarks/OBNotVisiting' is exist

2018-07-27 17:21:24 - [MESSAGE][WARNING] - Timeout '0' is invalid. Using default page load timeout: '15'

2018-07-27 17:21:24 - [MESSAGE][PASSED] - Tapped on element 'Object Repository/ShopOpen/RetailerRemarks/OBNotVisiting'

2018-07-27 17:21:25 - [MESSAGE][PASSED] - Press back button successfully

2018-07-27 17:21:26 - [MESSAGE][PASSED] - Actual text and expected text of test object 'Object Repository/ShopOpen/RetailerRemarks/Validate_RetailerRemarksScreen' are matched.

2018-07-27 17:21:26 - [MESSAGE][WARNING] - Timeout '0' is invalid. Using default page load timeout: '15'

2018-07-27 17:21:27 - [MESSAGE][PASSED] - Element 'Object Repository/ShopOpen/RetailerRemarks/OBNotVisiting' is exist

2018-07-27 17:21:27 - [MESSAGE][WARNING] - Timeout '0' is invalid. Using default page load timeout: '15'

2018-07-27 17:21:28 - [MESSAGE][PASSED] - Tapped on element 'Object Repository/ShopOpen/RetailerRemarks/OBNotVisiting'

2018-07-27 17:21:29 - [MESSAGE][PASSED] - Press back button successfully

2018-07-27 17:21:30 - [MESSAGE][PASSED] - Actual text and expected text of test object 'Object Repository/ShopOpen/RetailerRemarks/Validate_RetailerRemarksScreen' are matched.

2018-07-27 17:21:30 - [MESSAGE][PASSED] - com.ct.qa.keywords.RetailerRemarksKeywords.visitRetailerRemarks is PASSED

2018-07-27 17:21:30 - [TEST_STEP][PASSED] - tap: Tapped on element 'Object Repository/ShopOpen/RetailerRemarks/BackButton'

2018-07-27 17:21:30 - [MESSAGE][WARNING] - Timeout '0' is invalid. Using default page load timeout: '15'

2018-07-27 17:21:30 - [MESSAGE][PASSED] - Tapped on element 'Object Repository/ShopOpen/RetailerRemarks/BackButton'

2018-07-27 17:21:30 - [TEST_STEP][PASSED] - verifyElementExist: Element 'Object Repository/ShopOpen/Validate_ShopCategoriesListScreen' is exist

2018-07-27 17:21:30 - [MESSAGE][WARNING] - Timeout '0' is invalid. Using default page load timeout: '15'

2018-07-27 17:21:32 - [MESSAGE][PASSED] - Element 'Object Repository/ShopOpen/Validate_ShopCategoriesListScreen' is exist

2018-07-27 17:21:32 - [MESSAGE][PASSED] - Call Test Case 'Test Cases/ShopOpen/RetailerRemarks/VisitRetailerRemarks' successfully

2018-07-27 17:21:32 - [MESSAGE][PASSED] - Swiped from 0,293 to 0,200

2018-07-27 17:21:35 - [MESSAGE][PASSED] - Swiped from 0,293 to 0,200

2018-07-27 17:21:37 - [MESSAGE][PASSED] - Swiped from 0,293 to 0,200

2018-07-27 17:21:39 - [MESSAGE][PASSED] - Swiped from 0,293 to 0,200

2018-07-27 17:21:41 - [MESSAGE][PASSED] - Swiped from 0,293 to 0,200

2018-07-27 17:21:43 - [MESSAGE][PASSED] - Swiped from 0,293 to 0,200

2018-07-27 17:21:47 - [MESSAGE][PASSED] - Swiped from 0,293 to 0,200

2018-07-27 17:21:49 - [TEST_CASE][PASSED] - Test Cases/ShopOpen/AdditionalPicture/VisitAdditionalPicture: Test Cases/ShopOpen/AdditionalPicture/VisitAdditionalPicture

2018-07-27 17:21:49 - [TEST_STEP][PASSED] - verifyElementText: Actual text and expected text of test object 'Object Repository/ShopOpen/AdditionalPicture/Validate_AdditionalPictureScreen' are matched.

2018-07-27 17:21:51 - [MESSAGE][PASSED] - Actual text and expected text of test object 'Object Repository/ShopOpen/AdditionalPicture/Validate_AdditionalPictureScreen' are matched.

2018-07-27 17:21:51 - [TEST_STEP][PASSED] - com.ct.qa.keywords.AdditionalPictureKeywords.takeMendatoryImages: com.ct.qa.keywords.AdditionalPictureKeywords.takeMendatoryImages is PASSED

2018-07-27 17:21:52 - [MESSAGE][WARNING] - Timeout '0' is invalid. Using default page load timeout: '15'

2018-07-27 17:21:55 - [MESSAGE][PASSED] - Element 'Object Repository/CommonScreenElements/Validate_CameraScreen' is exist

2018-07-27 17:21:55 - [MESSAGE][WARNING] - Timeout '0' is invalid. Using default page load timeout: '15'

2018-07-27 17:21:58 - [MESSAGE][PASSED] - Tapped on element 'Object Repository/CommonScreenElements/TakePictureButton'

2018-07-27 17:22:03 - [MESSAGE][PASSED] - Delayed 5 second(s)

2018-07-27 17:22:03 - [MESSAGE][WARNING] - Timeout '0' is invalid. Using default page load timeout: '15'

2018-07-27 17:22:04 - [MESSAGE][PASSED] - Tapped on element 'Object Repository/CommonScreenElements/DoneButton'

2018-07-27 17:22:04 - [MESSAGE][PASSED] - com.ct.qa.keywords.AdditionalPictureKeywords.takeMendatoryImages is PASSED

2018-07-27 17:22:04 - [TEST_STEP][PASSED] - pressBack: Press back button successfully

2018-07-27 17:22:05 - [MESSAGE][PASSED] - Press back button successfully

2018-07-27 17:22:05 - [TEST_STEP][PASSED] - verifyElementExist: Element 'Object Repository/ShopOpen/Validate_ShopCategoriesListScreen' is exist

2018-07-27 17:22:05 - [MESSAGE][WARNING] - Timeout '0' is invalid. Using default page load timeout: '15'

2018-07-27 17:22:07 - [MESSAGE][PASSED] - Element 'Object Repository/ShopOpen/Validate_ShopCategoriesListScreen' is exist

2018-07-27 17:22:07 - [MESSAGE][PASSED] - Call Test Case 'Test Cases/ShopOpen/AdditionalPicture/VisitAdditionalPicture' successfully

2018-07-27 17:22:07 - [MESSAGE][PASSED] - Swiped from 0,293 to 0,200

2018-07-27 17:22:10 - [MESSAGE][PASSED] - Swiped from 0,293 to 0,200

2018-07-27 17:22:12 - [MESSAGE][PASSED] - Swiped from 0,293 to 0,200

2018-07-27 17:22:14 - [MESSAGE][PASSED] - Swiped from 0,293 to 0,200

2018-07-27 17:22:16 - [MESSAGE][PASSED] - Swiped from 0,293 to 0,200

2018-07-27 17:22:18 - [MESSAGE][PASSED] - Swiped from 0,293 to 0,200

2018-07-27 17:22:20 - [MESSAGE][PASSED] - Swiped from 0,293 to 0,200

2018-07-27 17:22:23 - [MESSAGE][PASSED] - Swiped from 0,293 to 0,200

2018-07-27 17:22:25 - [MESSAGE][PASSED] - com.ct.qa.keywords.CategoryVisitingScenariosKeywords.visitShopCategories is PASSED

2018-07-27 17:22:25 - [MESSAGE][PASSED] - Call Test Case 'Test Cases/ShopOpen/VisitShopCategories' successfully

2018-07-27 17:22:25 - [TEST_CASE][PASSED] - Test Cases/ShopOpen/SaveShop: Test Cases/ShopOpen/SaveShop

2018-07-27 17:22:25 - [TEST_STEP][PASSED] - tap: Tapped on element 'Object Repository/ShopOpen/SubmitButtonToSaveShop'

2018-07-27 17:22:25 - [MESSAGE][WARNING] - Timeout '0' is invalid. Using default page load timeout: '15'

2018-07-27 17:22:25 - [MESSAGE][PASSED] - Tapped on element 'Object Repository/ShopOpen/SubmitButtonToSaveShop'

2018-07-27 17:22:25 - [TEST_STEP][PASSED] - verifyElementExist: Element 'Object Repository/CommonScreenElements/Validate_InfoPopUP' is exist

2018-07-27 17:22:25 - [MESSAGE][WARNING] - Timeout '0' is invalid. Using default page load timeout: '15'

2018-07-27 17:22:26 - [MESSAGE][PASSED] - Element 'Object Repository/CommonScreenElements/Validate_InfoPopUP' is exist

2018-07-27 17:22:26 - [TEST_STEP][PASSED] - tap: Tapped on element 'Object Repository/CommonScreenElements/InfoPopUp_YesButton'

2018-07-27 17:22:26 - [MESSAGE][WARNING] - Timeout '0' is invalid. Using default page load timeout: '15'

2018-07-27 17:22:27 - [MESSAGE][PASSED] - Tapped on element 'Object Repository/CommonScreenElements/InfoPopUp_YesButton'

2018-07-27 17:22:27 - [TEST_STEP][PASSED] - verifyElementText: Actual text and expected text of test object 'Object Repository/Validate_ShopListScreen' are matched.

2018-07-27 17:22:28 - [MESSAGE][PASSED] - Actual text and expected text of test object 'Object Repository/Validate_ShopListScreen' are matched.

2018-07-27 17:22:28 - [MESSAGE][PASSED] - Call Test Case 'Test Cases/ShopOpen/SaveShop' successfully

2018-07-27 17:22:30 - [MESSAGE][PASSED] - Actual text and expected text of test object 'Object Repository/Validate_ShopOptionsScreen' are matched.

2018-07-27 17:22:30 - [MESSAGE][WARNING] - Timeout '0' is invalid. Using default page load timeout: '15'

2018-07-27 17:22:30 - [MESSAGE][PASSED] - Tapped on element 'Object Repository/StartWorking'

2018-07-27 17:22:45 - [MESSAGE][PASSED] - Delayed 15 second(s)

2018-07-27 17:22:46 - [MESSAGE][PASSED] - Element 'Object Repository/CommonScreenElements/Validate_MapScreen' is exist

2018-07-27 17:22:46 - [MESSAGE][WARNING] - Timeout '0' is invalid. Using default page load timeout: '15'

2018-07-27 17:22:46 - [MESSAGE][PASSED] - Tapped on element 'Object Repository/CommonScreenElements/Location_CheckIn'

2018-07-27 17:22:46 - [MESSAGE][WARNING] - Timeout '0' is invalid. Using default page load timeout: '15'

2018-07-27 17:22:48 - [MESSAGE][PASSED] - Element 'Object Repository/CommonScreenElements/Validate_InfoPopUP' is exist

2018-07-27 17:22:48 - [MESSAGE][WARNING] - Timeout '0' is invalid. Using default page load timeout: '15'

2018-07-27 17:22:48 - [MESSAGE][PASSED] - Tapped on element 'Object Repository/CommonScreenElements/InfoPopUp_NoButton'

2018-07-27 17:22:48 - [TEST_CASE][PASSED] - Test Cases/ShopOpen/VisitShopOpen: Test Cases/ShopOpen/VisitShopOpen

2018-07-27 17:22:48 - [TEST_STEP][PASSED] - verifyElementExist: Element 'Object Repository/ShopActions_List' is exist

2018-07-27 17:22:48 - [MESSAGE][WARNING] - Timeout '0' is invalid. Using default page load timeout: '15'

2018-07-27 17:22:49 - [MESSAGE][PASSED] - Element 'Object Repository/ShopActions_List' is exist

2018-07-27 17:22:49 - [TEST_STEP][PASSED] - tap: Tapped on element 'Object Repository/ShopOpen/ShopOpen'

2018-07-27 17:22:49 - [MESSAGE][WARNING] - Timeout '0' is invalid. Using default page load timeout: '15'

2018-07-27 17:22:51 - [MESSAGE][PASSED] - Tapped on element 'Object Repository/ShopOpen/ShopOpen'

2018-07-27 17:22:51 - [TEST_STEP][PASSED] - verifyElementExist: Element 'Object Repository/CommonScreenElements/Validate_CameraScreen' is exist

2018-07-27 17:22:51 - [MESSAGE][WARNING] - Timeout '0' is invalid. Using default page load timeout: '15'

2018-07-27 17:22:52 - [MESSAGE][PASSED] - Element 'Object Repository/CommonScreenElements/Validate_CameraScreen' is exist

2018-07-27 17:22:52 - [TEST_STEP][PASSED] - tap: Tapped on element 'Object Repository/CommonScreenElements/TakePictureButton'

2018-07-27 17:22:52 - [MESSAGE][WARNING] - Timeout '0' is invalid. Using default page load timeout: '15'

2018-07-27 17:22:55 - [MESSAGE][PASSED] - Tapped on element 'Object Repository/CommonScreenElements/TakePictureButton'

2018-07-27 17:22:55 - [TEST_STEP][PASSED] - delay: Delayed 5 second(s)

2018-07-27 17:23:00 - [MESSAGE][PASSED] - Delayed 5 second(s)

2018-07-27 17:23:00 - [TEST_STEP][PASSED] - tap: Tapped on element 'Object Repository/CommonScreenElements/DoneButton'

2018-07-27 17:23:00 - [MESSAGE][WARNING] - Timeout '0' is invalid. Using default page load timeout: '15'

2018-07-27 17:23:01 - [MESSAGE][PASSED] - Tapped on element 'Object Repository/CommonScreenElements/DoneButton'

2018-07-27 17:23:01 - [MESSAGE][PASSED] - Call Test Case 'Test Cases/ShopOpen/VisitShopOpen' successfully

2018-07-27 17:23:01 - [TEST_CASE][PASSED] - Test Cases/ShopOpen/VisitShopCategories: Test Cases/ShopOpen/VisitShopCategories

2018-07-27 17:23:01 - [TEST_STEP][PASSED] - verifyElementExist: Element 'Object Repository/ShopOpen/Validate_ShopCategoriesListScreen' is exist

2018-07-27 17:23:01 - [MESSAGE][WARNING] - Timeout '0' is invalid. Using default page load timeout: '15'

2018-07-27 17:23:03 - [MESSAGE][PASSED] - Element 'Object Repository/ShopOpen/Validate_ShopCategoriesListScreen' is exist

2018-07-27 17:23:03 - [TEST_STEP][PASSED] - com.ct.qa.keywords.CategoryVisitingScenariosKeywords.visitShopCategories: com.ct.qa.keywords.CategoryVisitingScenariosKeywords.visitShopCategories is PASSED

2018-07-27 17:23:05 - [TEST_CASE][PASSED] - Test Cases/ShopOpen/Chiller/VisitChillerWithChillerNotAllocated: Test Cases/ShopOpen/Chiller/VisitChillerWithChillerNotAllocated

2018-07-27 17:23:05 - [TEST_STEP][PASSED] - verifyElementText: Actual text and expected text of test object 'Object Repository/ShopOpen/Chiller/Validate_ChillerScreen' are matched.

2018-07-27 17:23:07 - [MESSAGE][PASSED] - Actual text and expected text of test object 'Object Repository/ShopOpen/Chiller/Validate_ChillerScreen' are matched.

2018-07-27 17:23:07 - [TEST_STEP][PASSED] - tap: Tapped on element 'Object Repository/ShopOpen/Chiller/ChillerNotAllocated'

2018-07-27 17:23:07 - [MESSAGE][WARNING] - Timeout '0' is invalid. Using default page load timeout: '15'

2018-07-27 17:23:07 - [MESSAGE][PASSED] - Tapped on element 'Object Repository/ShopOpen/Chiller/ChillerNotAllocated'

2018-07-27 17:23:07 - [TEST_STEP][PASSED] - verifyElementText: Actual text and expected text of test object 'Object Repository/ShopOpen/Chiller/Validate_ChillerNotAllocatedProductCategoryScreen' are matched.

2018-07-27 17:23:10 - [MESSAGE][PASSED] - Actual text and expected text of test object 'Object Repository/ShopOpen/Chiller/Validate_ChillerNotAllocatedProductCategoryScreen' are matched.

2018-07-27 17:23:10 - [TEST_STEP][PASSED] - com.ct.qa.keywords.ChannelKeywords.visitChillerNotAllocatedProductCategories: com.ct.qa.keywords.ChannelKeywords.visitChillerNotAllocatedProductCategories is PASSED

2018-07-27 17:23:13 - [TEST_CASE][PASSED] - Test Cases/ShopOpen/Chiller/VisitProductCategoryAssets: Test Cases/ShopOpen/Chiller/VisitProductCategoryAssets

2018-07-27 17:23:13 - [TEST_STEP][PASSED] - verifyElementText: Actual text and expected text of test object 'Object Repository/ShopOpen/Chiller/Validate_ProductCategoryAssetsScreen' are matched.

2018-07-27 17:23:15 - [MESSAGE][PASSED] - Actual text and expected text of test object 'Object Repository/ShopOpen/Chiller/Validate_ProductCategoryAssetsScreen' are matched.

2018-07-27 17:23:15 - [TEST_STEP][PASSED] - tap: Tapped on element 'Object Repository/ShopOpen/Chiller/Facing'

2018-07-27 17:23:15 - [MESSAGE][WARNING] - Timeout '0' is invalid. Using default page load timeout: '15'

2018-07-27 17:23:15 - [MESSAGE][PASSED] - Tapped on element 'Object Repository/ShopOpen/Chiller/Facing'

2018-07-27 17:23:15 - [TEST_STEP][PASSED] - verifyElementText: Actual text and expected text of test object 'Object Repository/ShopOpen/Chiller/Validate_FacingScreen' are matched.

2018-07-27 17:23:17 - [MESSAGE][PASSED] - Actual text and expected text of test object 'Object Repository/ShopOpen/Chiller/Validate_FacingScreen' are matched.

2018-07-27 17:23:17 - [TEST_STEP][PASSED] - com.ct.qa.keywords.ChannelKeywords.visitChannelWiseProductsData: com.ct.qa.keywords.ChannelKeywords.visitChannelWiseProductsData is PASSED

2018-07-27 17:23:21 - [MESSAGE][PASSED] - Keyboard is hidden

2018-07-27 17:23:24 - [MESSAGE][PASSED] - Keyboard is hidden

2018-07-27 17:23:27 - [MESSAGE][PASSED] - Keyboard is hidden

2018-07-27 17:23:30 - [MESSAGE][PASSED] - Keyboard is hidden

2018-07-27 17:23:33 - [MESSAGE][PASSED] - Keyboard is hidden

2018-07-27 17:23:34 - [MESSAGE][PASSED] - com.ct.qa.keywords.ChannelKeywords.visitChannelWiseProductsData is PASSED

2018-07-27 17:23:34 - [TEST_STEP][PASSED] - tap: Tapped on element 'Object Repository/ShopOpen/Chiller/SubmitButton'

2018-07-27 17:23:34 - [MESSAGE][WARNING] - Timeout '0' is invalid. Using default page load timeout: '15'

2018-07-27 17:23:35 - [MESSAGE][PASSED] - Tapped on element 'Object Repository/ShopOpen/Chiller/SubmitButton'

2018-07-27 17:23:35 - [TEST_STEP][PASSED] - verifyElementText: Actual text and expected text of test object 'Object Repository/ShopOpen/Chiller/Validate_ProductCategoryAssetsScreen' are matched.

2018-07-27 17:23:36 - [MESSAGE][PASSED] - Actual text and expected text of test object 'Object Repository/ShopOpen/Chiller/Validate_ProductCategoryAssetsScreen' are matched.

2018-07-27 17:23:36 - [TEST_STEP][PASSED] - tap: Tapped on element 'Object Repository/ShopOpen/Chiller/StockTaking'

2018-07-27 17:23:36 - [MESSAGE][WARNING] - Timeout '0' is invalid. Using default page load timeout: '15'

2018-07-27 17:23:36 - [MESSAGE][PASSED] - Tapped on element 'Object Repository/ShopOpen/Chiller/StockTaking'

2018-07-27 17:23:36 - [TEST_STEP][PASSED] - verifyElementText: Actual text and expected text of test object 'Object Repository/ShopOpen/Chiller/Validate_StockTakingScreen' are matched.

2018-07-27 17:23:38 - [MESSAGE][PASSED] - Actual text and expected text of test object 'Object Repository/ShopOpen/Chiller/Validate_StockTakingScreen' are matched.

2018-07-27 17:23:38 - [TEST_STEP][PASSED] - com.ct.qa.keywords.ChannelKeywords.visitChannelWiseProductsData: com.ct.qa.keywords.ChannelKeywords.visitChannelWiseProductsData is PASSED

2018-07-27 17:23:42 - [MESSAGE][PASSED] - Keyboard is hidden

2018-07-27 17:23:45 - [MESSAGE][PASSED] - Keyboard is hidden

2018-07-27 17:23:48 - [MESSAGE][PASSED] - Keyboard is hidden

2018-07-27 17:23:51 - [MESSAGE][PASSED] - Keyboard is hidden

2018-07-27 17:23:54 - [MESSAGE][PASSED] - Keyboard is hidden

2018-07-27 17:23:55 - [MESSAGE][PASSED] - com.ct.qa.keywords.ChannelKeywords.visitChannelWiseProductsData is PASSED

2018-07-27 17:23:55 - [TEST_STEP][PASSED] - tap: Tapped on element 'Object Repository/ShopOpen/Chiller/SubmitButton'

2018-07-27 17:23:55 - [MESSAGE][WARNING] - Timeout '0' is invalid. Using default page load timeout: '15'

2018-07-27 17:23:56 - [MESSAGE][PASSED] - Tapped on element 'Object Repository/ShopOpen/Chiller/SubmitButton'

2018-07-27 17:23:56 - [TEST_STEP][PASSED] - verifyElementText: Actual text and expected text of test object 'Object Repository/ShopOpen/Chiller/Validate_ProductCategoryAssetsScreen' are matched.

2018-07-27 17:23:57 - [MESSAGE][PASSED] - Actual text and expected text of test object 'Object Repository/ShopOpen/Chiller/Validate_ProductCategoryAssetsScreen' are matched.

2018-07-27 17:23:57 - [TEST_STEP][PASSED] - tap: Tapped on element 'Object Repository/ShopOpen/Chiller/ChillerNotAllocatedProductCategory_BackButton'

2018-07-27 17:23:57 - [MESSAGE][WARNING] - Timeout '0' is invalid. Using default page load timeout: '15'

2018-07-27 17:23:57 - [MESSAGE][PASSED] - Tapped on element 'Object Repository/ShopOpen/Chiller/ChillerNotAllocatedProductCategory_BackButton'

2018-07-27 17:23:57 - [MESSAGE][PASSED] - Call Test Case 'Test Cases/ShopOpen/Chiller/VisitProductCategoryAssets' successfully

2018-07-27 17:23:59 - [MESSAGE][PASSED] - Actual text and expected text of test object 'Object Repository/ShopOpen/Chiller/Validate_ChillerNotAllocatedProductCategoryScreen' are matched.

2018-07-27 17:23:59 - [TEST_CASE][PASSED] - Test Cases/ShopOpen/Chiller/VisitProductCategoryAssets: Test Cases/ShopOpen/Chiller/VisitProductCategoryAssets

2018-07-27 17:23:59 - [TEST_STEP][PASSED] - verifyElementText: Actual text and expected text of test object 'Object Repository/ShopOpen/Chiller/Validate_ProductCategoryAssetsScreen' are matched.

2018-07-27 17:24:02 - [MESSAGE][PASSED] - Actual text and expected text of test object 'Object Repository/ShopOpen/Chiller/Validate_ProductCategoryAssetsScreen' are matched.

2018-07-27 17:24:02 - [TEST_STEP][PASSED] - tap: Tapped on element 'Object Repository/ShopOpen/Chiller/Facing'

2018-07-27 17:24:02 - [MESSAGE][WARNING] - Timeout '0' is invalid. Using default page load timeout: '15'

2018-07-27 17:24:02 - [MESSAGE][PASSED] - Tapped on element 'Object Repository/ShopOpen/Chiller/Facing'

2018-07-27 17:24:02 - [TEST_STEP][PASSED] - verifyElementText: Actual text and expected text of test object 'Object Repository/ShopOpen/Chiller/Validate_FacingScreen' are matched.

2018-07-27 17:24:04 - [MESSAGE][PASSED] - Actual text and expected text of test object 'Object Repository/ShopOpen/Chiller/Validate_FacingScreen' are matched.

2018-07-27 17:24:04 - [TEST_STEP][PASSED] - com.ct.qa.keywords.ChannelKeywords.visitChannelWiseProductsData: com.ct.qa.keywords.ChannelKeywords.visitChannelWiseProductsData is PASSED

2018-07-27 17:24:07 - [MESSAGE][PASSED] - Keyboard is hidden

2018-07-27 17:24:08 - [MESSAGE][PASSED] - com.ct.qa.keywords.ChannelKeywords.visitChannelWiseProductsData is PASSED

2018-07-27 17:24:08 - [TEST_STEP][PASSED] - tap: Tapped on element 'Object Repository/ShopOpen/Chiller/SubmitButton'

2018-07-27 17:24:08 - [MESSAGE][WARNING] - Timeout '0' is invalid. Using default page load timeout: '15'

2018-07-27 17:24:08 - [MESSAGE][PASSED] - Tapped on element 'Object Repository/ShopOpen/Chiller/SubmitButton'

2018-07-27 17:24:08 - [TEST_STEP][PASSED] - verifyElementText: Actual text and expected text of test object 'Object Repository/ShopOpen/Chiller/Validate_ProductCategoryAssetsScreen' are matched.

2018-07-27 17:24:09 - [MESSAGE][PASSED] - Actual text and expected text of test object 'Object Repository/ShopOpen/Chiller/Validate_ProductCategoryAssetsScreen' are matched.

2018-07-27 17:24:09 - [TEST_STEP][PASSED] - tap: Tapped on element 'Object Repository/ShopOpen/Chiller/StockTaking'

2018-07-27 17:24:09 - [MESSAGE][WARNING] - Timeout '0' is invalid. Using default page load timeout: '15'

2018-07-27 17:24:09 - [MESSAGE][PASSED] - Tapped on element 'Object Repository/ShopOpen/Chiller/StockTaking'

2018-07-27 17:24:09 - [TEST_STEP][PASSED] - verifyElementText: Actual text and expected text of test object 'Object Repository/ShopOpen/Chiller/Validate_StockTakingScreen' are matched.

2018-07-27 17:24:11 - [MESSAGE][PASSED] - Actual text and expected text of test object 'Object Repository/ShopOpen/Chiller/Validate_StockTakingScreen' are matched.

2018-07-27 17:24:11 - [TEST_STEP][PASSED] - com.ct.qa.keywords.ChannelKeywords.visitChannelWiseProductsData: com.ct.qa.keywords.ChannelKeywords.visitChannelWiseProductsData is PASSED

2018-07-27 17:24:14 - [MESSAGE][PASSED] - Keyboard is hidden

2018-07-27 17:24:15 - [MESSAGE][PASSED] - com.ct.qa.keywords.ChannelKeywords.visitChannelWiseProductsData is PASSED

2018-07-27 17:24:15 - [TEST_STEP][PASSED] - tap: Tapped on element 'Object Repository/ShopOpen/Chiller/SubmitButton'

2018-07-27 17:24:15 - [MESSAGE][WARNING] - Timeout '0' is invalid. Using default page load timeout: '15'

2018-07-27 17:24:15 - [MESSAGE][PASSED] - Tapped on element 'Object Repository/ShopOpen/Chiller/SubmitButton'

2018-07-27 17:24:15 - [TEST_STEP][PASSED] - verifyElementText: Actual text and expected text of test object 'Object Repository/ShopOpen/Chiller/Validate_ProductCategoryAssetsScreen' are matched.

2018-07-27 17:24:16 - [MESSAGE][PASSED] - Actual text and expected text of test object 'Object Repository/ShopOpen/Chiller/Validate_ProductCategoryAssetsScreen' are matched.

2018-07-27 17:24:16 - [TEST_STEP][PASSED] - tap: Tapped on element 'Object Repository/ShopOpen/Chiller/ChillerNotAllocatedProductCategory_BackButton'

2018-07-27 17:24:16 - [MESSAGE][WARNING] - Timeout '0' is invalid. Using default page load timeout: '15'

2018-07-27 17:24:16 - [MESSAGE][PASSED] - Tapped on element 'Object Repository/ShopOpen/Chiller/ChillerNotAllocatedProductCategory_BackButton'

2018-07-27 17:24:16 - [MESSAGE][PASSED] - Call Test Case 'Test Cases/ShopOpen/Chiller/VisitProductCategoryAssets' successfully

2018-07-27 17:24:17 - [MESSAGE][PASSED] - Actual text and expected text of test object 'Object Repository/ShopOpen/Chiller/Validate_ChillerNotAllocatedProductCategoryScreen' are matched.

2018-07-27 17:24:18 - [TEST_CASE][PASSED] - Test Cases/ShopOpen/Chiller/VisitProductCategoryAssets: Test Cases/ShopOpen/Chiller/VisitProductCategoryAssets

2018-07-27 17:24:18 - [TEST_STEP][PASSED] - verifyElementText: Actual text and expected text of test object 'Object Repository/ShopOpen/Chiller/Validate_ProductCategoryAssetsScreen' are matched.

2018-07-27 17:24:20 - [MESSAGE][PASSED] - Actual text and expected text of test object 'Object Repository/ShopOpen/Chiller/Validate_ProductCategoryAssetsScreen' are matched.

2018-07-27 17:24:20 - [TEST_STEP][PASSED] - tap: Tapped on element 'Object Repository/ShopOpen/Chiller/Facing'

2018-07-27 17:24:20 - [MESSAGE][WARNING] - Timeout '0' is invalid. Using default page load timeout: '15'

2018-07-27 17:24:20 - [MESSAGE][PASSED] - Tapped on element 'Object Repository/ShopOpen/Chiller/Facing'

2018-07-27 17:24:20 - [TEST_STEP][PASSED] - verifyElementText: Actual text and expected text of test object 'Object Repository/ShopOpen/Chiller/Validate_FacingScreen' are matched.

2018-07-27 17:24:22 - [MESSAGE][PASSED] - Actual text and expected text of test object 'Object Repository/ShopOpen/Chiller/Validate_FacingScreen' are matched.

2018-07-27 17:24:22 - [TEST_STEP][PASSED] - com.ct.qa.keywords.ChannelKeywords.visitChannelWiseProductsData: com.ct.qa.keywords.ChannelKeywords.visitChannelWiseProductsData is PASSED

2018-07-27 17:24:26 - [MESSAGE][PASSED] - Keyboard is hidden

2018-07-27 17:24:29 - [MESSAGE][PASSED] - Keyboard is hidden

2018-07-27 17:24:32 - [MESSAGE][PASSED] - Keyboard is hidden

2018-07-27 17:24:35 - [MESSAGE][PASSED] - Keyboard is hidden

2018-07-27 17:24:38 - [MESSAGE][PASSED] - Keyboard is hidden

2018-07-27 17:24:41 - [MESSAGE][PASSED] - Keyboard is hidden

2018-07-27 17:24:44 - [MESSAGE][PASSED] - Swiped from 65,359 to 65,250

2018-07-27 17:24:45 - [MESSAGE][PASSED] - com.ct.qa.keywords.ChannelKeywords.visitChannelWiseProductsData is PASSED

2018-07-27 17:24:45 - [TEST_STEP][PASSED] - tap: Tapped on element 'Object Repository/ShopOpen/Chiller/SubmitButton'

2018-07-27 17:24:45 - [MESSAGE][WARNING] - Timeout '0' is invalid. Using default page load timeout: '15'

2018-07-27 17:24:45 - [MESSAGE][PASSED] - Tapped on element 'Object Repository/ShopOpen/Chiller/SubmitButton'

2018-07-27 17:24:45 - [TEST_STEP][PASSED] - verifyElementText: Actual text and expected text of test object 'Object Repository/ShopOpen/Chiller/Validate_ProductCategoryAssetsScreen' are matched.

2018-07-27 17:24:46 - [MESSAGE][PASSED] - Actual text and expected text of test object 'Object Repository/ShopOpen/Chiller/Validate_ProductCategoryAssetsScreen' are matched.

2018-07-27 17:24:46 - [TEST_STEP][PASSED] - tap: Tapped on element 'Object Repository/ShopOpen/Chiller/StockTaking'

2018-07-27 17:24:46 - [MESSAGE][WARNING] - Timeout '0' is invalid. Using default page load timeout: '15'

2018-07-27 17:24:46 - [MESSAGE][PASSED] - Tapped on element 'Object Repository/ShopOpen/Chiller/StockTaking'

2018-07-27 17:24:46 - [TEST_STEP][PASSED] - verifyElementText: Actual text and expected text of test object 'Object Repository/ShopOpen/Chiller/Validate_StockTakingScreen' are matched.

2018-07-27 17:24:48 - [MESSAGE][PASSED] - Actual text and expected text of test object 'Object Repository/ShopOpen/Chiller/Validate_StockTakingScreen' are matched.

2018-07-27 17:24:48 - [TEST_STEP][PASSED] - com.ct.qa.keywords.ChannelKeywords.visitChannelWiseProductsData: com.ct.qa.keywords.ChannelKeywords.visitChannelWiseProductsData is PASSED

2018-07-27 17:24:53 - [MESSAGE][PASSED] - Keyboard is hidden

2018-07-27 17:24:56 - [MESSAGE][PASSED] - Keyboard is hidden

2018-07-27 17:24:59 - [MESSAGE][PASSED] - Keyboard is hidden

2018-07-27 17:25:02 - [MESSAGE][PASSED] - Keyboard is hidden

2018-07-27 17:25:05 - [MESSAGE][PASSED] - Keyboard is hidden

2018-07-27 17:25:08 - [MESSAGE][PASSED] - Keyboard is hidden

2018-07-27 17:25:11 - [MESSAGE][PASSED] - Swiped from 65,359 to 65,250

2018-07-27 17:25:12 - [MESSAGE][PASSED] - com.ct.qa.keywords.ChannelKeywords.visitChannelWiseProductsData is PASSED

2018-07-27 17:25:12 - [TEST_STEP][PASSED] - tap: Tapped on element 'Object Repository/ShopOpen/Chiller/SubmitButton'

2018-07-27 17:25:12 - [MESSAGE][WARNING] - Timeout '0' is invalid. Using default page load timeout: '15'

2018-07-27 17:25:12 - [MESSAGE][PASSED] - Tapped on element 'Object Repository/ShopOpen/Chiller/SubmitButton'

2018-07-27 17:25:12 - [TEST_STEP][PASSED] - verifyElementText: Actual text and expected text of test object 'Object Repository/ShopOpen/Chiller/Validate_ProductCategoryAssetsScreen' are matched.

2018-07-27 17:25:13 - [MESSAGE][PASSED] - Actual text and expected text of test object 'Object Repository/ShopOpen/Chiller/Validate_ProductCategoryAssetsScreen' are matched.

2018-07-27 17:25:13 - [TEST_STEP][PASSED] - tap: Tapped on element 'Object Repository/ShopOpen/Chiller/ChillerNotAllocatedProductCategory_BackButton'

2018-07-27 17:25:13 - [MESSAGE][WARNING] - Timeout '0' is invalid. Using default page load timeout: '15'

2018-07-27 17:25:14 - [MESSAGE][PASSED] - Tapped on element 'Object Repository/ShopOpen/Chiller/ChillerNotAllocatedProductCategory_BackButton'

2018-07-27 17:25:14 - [MESSAGE][PASSED] - Call Test Case 'Test Cases/ShopOpen/Chiller/VisitProductCategoryAssets' successfully

2018-07-27 17:25:15 - [MESSAGE][PASSED] - Actual text and expected text of test object 'Object Repository/ShopOpen/Chiller/Validate_ChillerNotAllocatedProductCategoryScreen' are matched.

2018-07-27 17:25:15 - [MESSAGE][PASSED] - com.ct.qa.keywords.ChannelKeywords.visitChillerNotAllocatedProductCategories is PASSED

2018-07-27 17:25:15 - [TEST_STEP][PASSED] - verifyElementText: Actual text and expected text of test object 'Object Repository/ShopOpen/Chiller/Validate_ChillerNotAllocatedProductCategoryScreen' are matched.

2018-07-27 17:25:15 - [MESSAGE][PASSED] - Actual text and expected text of test object 'Object Repository/ShopOpen/Chiller/Validate_ChillerNotAllocatedProductCategoryScreen' are matched.

2018-07-27 17:25:15 - [TEST_STEP][PASSED] - tap: Tapped on element 'Object Repository/ShopOpen/Chiller/Planogram_ImageView'

2018-07-27 17:25:15 - [MESSAGE][WARNING] - Timeout '0' is invalid. Using default page load timeout: '15'

2018-07-27 17:25:15 - [MESSAGE][PASSED] - Tapped on element 'Object Repository/ShopOpen/Chiller/Planogram_ImageView'

2018-07-27 17:25:15 - [TEST_STEP][PASSED] - com.ct.qa.keywords.CommonKeywords.checkPlanogramAvailability: com.ct.qa.keywords.CommonKeywords.checkPlanogramAvailability is PASSED

2018-07-27 17:25:15 - [MESSAGE][WARNING] - Timeout '0' is invalid. Using default page load timeout: '15'

2018-07-27 17:25:31 - [MESSAGE][WARNING] - Object Object Repository/CommonScreenElements/InfoPopUp_OKButton not found
[[ATTACHMENT|F:\\Git Projects\\MMAPlus_Merchandising\\MMAPlus_Merchandising\\Reports\\MMA Plus Merchandising With Chiller Data Verification\\20180727_163727\\1532694330994.png]]

2018-07-27 17:25:31 - [MESSAGE][PASSED] - com.ct.qa.keywords.CommonKeywords.checkPlanogramAvailability is PASSED

2018-07-27 17:25:31 - [TEST_STEP][PASSED] - com.ct.qa.keywords.CommonKeywords.closePlanogram: com.ct.qa.keywords.CommonKeywords.closePlanogram is PASSED

2018-07-27 17:25:32 - [MESSAGE][PASSED] - com.ct.qa.keywords.CommonKeywords.closePlanogram is PASSED

2018-07-27 17:25:32 - [TEST_STEP][PASSED] - verifyElementText: Actual text and expected text of test object 'Object Repository/ShopOpen/Chiller/Validate_ChillerNotAllocatedProductCategoryScreen' are matched.

2018-07-27 17:25:33 - [MESSAGE][PASSED] - Actual text and expected text of test object 'Object Repository/ShopOpen/Chiller/Validate_ChillerNotAllocatedProductCategoryScreen' are matched.

2018-07-27 17:25:33 - [TEST_STEP][PASSED] - com.ct.qa.keywords.CommonKeywords.findPictureImageView: com.ct.qa.keywords.CommonKeywords.findPictureImageView is PASSED

2018-07-27 17:25:33 - [MESSAGE][WARNING] - Timeout '0' is invalid. Using default page load timeout: '15'

2018-07-27 17:25:35 - [MESSAGE][PASSED] - Tapped on element 'Object Repository/CommonScreenElements/Picture_ImageView'

2018-07-27 17:25:35 - [MESSAGE][WARNING] - Timeout '0' is invalid. Using default page load timeout: '15'

2018-07-27 17:25:36 - [MESSAGE][PASSED] - Element 'Object Repository/CommonScreenElements/Validate_CameraScreen' is exist

2018-07-27 17:25:36 - [MESSAGE][WARNING] - Timeout '0' is invalid. Using default page load timeout: '15'

2018-07-27 17:25:40 - [MESSAGE][PASSED] - Tapped on element 'Object Repository/CommonScreenElements/TakePictureButton'

2018-07-27 17:25:45 - [MESSAGE][PASSED] - Delayed 5 second(s)

2018-07-27 17:25:45 - [MESSAGE][WARNING] - Timeout '0' is invalid. Using default page load timeout: '15'

2018-07-27 17:25:45 - [MESSAGE][PASSED] - Tapped on element 'Object Repository/CommonScreenElements/DoneButton'

2018-07-27 17:25:45 - [MESSAGE][PASSED] - com.ct.qa.keywords.CommonKeywords.findPictureImageView is PASSED

2018-07-27 17:25:45 - [TEST_STEP][PASSED] - verifyElementText: Actual text and expected text of test object 'Object Repository/ShopOpen/Chiller/Validate_ChillerNotAllocatedProductCategoryScreen' are matched.

2018-07-27 17:25:47 - [MESSAGE][PASSED] - Actual text and expected text of test object 'Object Repository/ShopOpen/Chiller/Validate_ChillerNotAllocatedProductCategoryScreen' are matched.

2018-07-27 17:25:47 - [TEST_STEP][PASSED] - tap: Tapped on element 'Object Repository/ShopOpen/Chiller/ChillerNotAllocatedProductCategory_BackButton'

2018-07-27 17:25:47 - [MESSAGE][WARNING] - Timeout '0' is invalid. Using default page load timeout: '15'

2018-07-27 17:25:48 - [MESSAGE][PASSED] - Tapped on element 'Object Repository/ShopOpen/Chiller/ChillerNotAllocatedProductCategory_BackButton'

2018-07-27 17:25:48 - [TEST_STEP][PASSED] - verifyElementExist: Element 'Object Repository/ShopOpen/Validate_ShopCategoriesListScreen' is exist

2018-07-27 17:25:48 - [MESSAGE][WARNING] - Timeout '0' is invalid. Using default page load timeout: '15'

2018-07-27 17:25:49 - [MESSAGE][PASSED] - Element 'Object Repository/ShopOpen/Validate_ShopCategoriesListScreen' is exist

2018-07-27 17:25:49 - [MESSAGE][PASSED] - Call Test Case 'Test Cases/ShopOpen/Chiller/VisitChillerWithChillerNotAllocated' successfully

2018-07-27 17:25:50 - [TEST_CASE][PASSED] - Test Cases/ShopOpen/RemainingCategories/VisitRemainingCategoriesWithDSA: Test Cases/ShopOpen/RemainingCategories/VisitRemainingCategoriesWithDSA

2018-07-27 17:25:50 - [TEST_STEP][PASSED] - verifyElementText: Actual text and expected text of test object 'Object Repository/ShopOpen/RemainingCategories/Validate_RemainingCategoriesDetailScreen' are matched.

2018-07-27 17:25:52 - [MESSAGE][PASSED] - Actual text and expected text of test object 'Object Repository/ShopOpen/RemainingCategories/Validate_RemainingCategoriesDetailScreen' are matched.

2018-07-27 17:25:52 - [TEST_STEP][PASSED] - tap: Tapped on element 'Object Repository/ShopOpen/RemainingCategories/DisplaySpaceAvailable'

2018-07-27 17:25:52 - [MESSAGE][WARNING] - Timeout '0' is invalid. Using default page load timeout: '15'

2018-07-27 17:25:52 - [MESSAGE][PASSED] - Tapped on element 'Object Repository/ShopOpen/RemainingCategories/DisplaySpaceAvailable'

2018-07-27 17:25:52 - [TEST_STEP][PASSED] - verifyElementText: Actual text and expected text of test object 'Object Repository/ShopOpen/RemainingCategories/Validate_ProductCategoryAssetScreen' are matched.

2018-07-27 17:25:55 - [MESSAGE][PASSED] - Actual text and expected text of test object 'Object Repository/ShopOpen/RemainingCategories/Validate_ProductCategoryAssetScreen' are matched.

2018-07-27 17:25:55 - [TEST_STEP][PASSED] - tap: Tapped on element 'Object Repository/ShopOpen/RemainingCategories/Facing'

2018-07-27 17:25:55 - [MESSAGE][WARNING] - Timeout '0' is invalid. Using default page load timeout: '15'

2018-07-27 17:25:55 - [MESSAGE][PASSED] - Tapped on element 'Object Repository/ShopOpen/RemainingCategories/Facing'

2018-07-27 17:25:55 - [TEST_STEP][PASSED] - verifyElementText: Actual text and expected text of test object 'Object Repository/ShopOpen/RemainingCategories/Validate_FacingScreen' are matched.

2018-07-27 17:25:57 - [MESSAGE][PASSED] - Actual text and expected text of test object 'Object Repository/ShopOpen/RemainingCategories/Validate_FacingScreen' are matched.

2018-07-27 17:25:57 - [TEST_STEP][PASSED] - com.ct.qa.keywords.ChannelKeywords.visitChannelWiseProductsData: com.ct.qa.keywords.ChannelKeywords.visitChannelWiseProductsData is PASSED

2018-07-27 17:26:01 - [MESSAGE][PASSED] - Keyboard is hidden

2018-07-27 17:26:04 - [MESSAGE][PASSED] - Keyboard is hidden

2018-07-27 17:26:07 - [MESSAGE][PASSED] - Keyboard is hidden

2018-07-27 17:26:10 - [MESSAGE][PASSED] - Keyboard is hidden

2018-07-27 17:26:13 - [MESSAGE][PASSED] - Keyboard is hidden

2018-07-27 17:26:16 - [MESSAGE][PASSED] - Keyboard is hidden

2018-07-27 17:26:19 - [MESSAGE][PASSED] - Swiped from 50,359 to 50,250

2018-07-27 17:26:22 - [MESSAGE][PASSED] - Keyboard is hidden

2018-07-27 17:26:24 - [MESSAGE][PASSED] - Swiped from 50,359 to 50,250

2018-07-27 17:26:27 - [MESSAGE][PASSED] - Keyboard is hidden

2018-07-27 17:26:29 - [MESSAGE][PASSED] - Swiped from 50,359 to 50,250

2018-07-27 17:26:32 - [MESSAGE][PASSED] - Keyboard is hidden

2018-07-27 17:26:34 - [MESSAGE][PASSED] - Swiped from 50,359 to 50,250

2018-07-27 17:26:37 - [MESSAGE][PASSED] - Keyboard is hidden

2018-07-27 17:26:39 - [MESSAGE][PASSED] - Swiped from 50,359 to 50,250

2018-07-27 17:26:42 - [MESSAGE][PASSED] - Keyboard is hidden

2018-07-27 17:26:44 - [MESSAGE][PASSED] - Swiped from 50,359 to 50,250

2018-07-27 17:26:47 - [MESSAGE][PASSED] - Keyboard is hidden

2018-07-27 17:26:49 - [MESSAGE][PASSED] - Swiped from 50,359 to 50,250

2018-07-27 17:26:50 - [MESSAGE][PASSED] - com.ct.qa.keywords.ChannelKeywords.visitChannelWiseProductsData is PASSED

2018-07-27 17:26:50 - [TEST_STEP][PASSED] - tap: Tapped on element 'Object Repository/ShopOpen/RemainingCategories/SubmitButton'

2018-07-27 17:26:50 - [MESSAGE][WARNING] - Timeout '0' is invalid. Using default page load timeout: '15'

2018-07-27 17:26:50 - [MESSAGE][PASSED] - Tapped on element 'Object Repository/ShopOpen/RemainingCategories/SubmitButton'

2018-07-27 17:26:50 - [TEST_STEP][PASSED] - verifyElementText: Actual text and expected text of test object 'Object Repository/ShopOpen/RemainingCategories/Validate_ProductCategoryAssetScreen' are matched.

2018-07-27 17:26:51 - [MESSAGE][PASSED] - Actual text and expected text of test object 'Object Repository/ShopOpen/RemainingCategories/Validate_ProductCategoryAssetScreen' are matched.

2018-07-27 17:26:51 - [TEST_STEP][PASSED] - tap: Tapped on element 'Object Repository/ShopOpen/RemainingCategories/StockTaking'

2018-07-27 17:26:51 - [MESSAGE][WARNING] - Timeout '0' is invalid. Using default page load timeout: '15'

2018-07-27 17:26:52 - [MESSAGE][PASSED] - Tapped on element 'Object Repository/ShopOpen/RemainingCategories/StockTaking'

2018-07-27 17:26:52 - [TEST_STEP][PASSED] - verifyElementText: Actual text and expected text of test object 'Object Repository/ShopOpen/RemainingCategories/Validate_StockTakingScreen' are matched.

2018-07-27 17:26:54 - [MESSAGE][PASSED] - Actual text and expected text of test object 'Object Repository/ShopOpen/RemainingCategories/Validate_StockTakingScreen' are matched.

2018-07-27 17:26:54 - [TEST_STEP][PASSED] - com.ct.qa.keywords.ChannelKeywords.visitChannelWiseProductsData: com.ct.qa.keywords.ChannelKeywords.visitChannelWiseProductsData is PASSED

2018-07-27 17:26:58 - [MESSAGE][PASSED] - Keyboard is hidden

2018-07-27 17:27:01 - [MESSAGE][PASSED] - Keyboard is hidden

2018-07-27 17:27:04 - [MESSAGE][PASSED] - Keyboard is hidden

2018-07-27 17:27:07 - [MESSAGE][PASSED] - Keyboard is hidden

2018-07-27 17:27:10 - [MESSAGE][PASSED] - Keyboard is hidden

2018-07-27 17:27:13 - [MESSAGE][PASSED] - Keyboard is hidden

2018-07-27 17:27:16 - [MESSAGE][PASSED] - Swiped from 50,359 to 50,250

2018-07-27 17:27:20 - [MESSAGE][PASSED] - Keyboard is hidden

2018-07-27 17:27:21 - [MESSAGE][PASSED] - Swiped from 50,359 to 50,250

2018-07-27 17:27:25 - [MESSAGE][PASSED] - Keyboard is hidden

2018-07-27 17:27:27 - [MESSAGE][PASSED] - Swiped from 50,359 to 50,250

2018-07-27 17:27:30 - [MESSAGE][PASSED] - Keyboard is hidden

2018-07-27 17:27:32 - [MESSAGE][PASSED] - Swiped from 50,359 to 50,250

2018-07-27 17:27:35 - [MESSAGE][PASSED] - Keyboard is hidden

2018-07-27 17:27:36 - [MESSAGE][PASSED] - Swiped from 50,359 to 50,250

2018-07-27 17:27:40 - [MESSAGE][PASSED] - Keyboard is hidden

2018-07-27 17:27:42 - [MESSAGE][PASSED] - Swiped from 50,359 to 50,250

2018-07-27 17:27:45 - [MESSAGE][PASSED] - Keyboard is hidden

2018-07-27 17:27:47 - [MESSAGE][PASSED] - Swiped from 50,359 to 50,250

2018-07-27 17:27:48 - [MESSAGE][PASSED] - com.ct.qa.keywords.ChannelKeywords.visitChannelWiseProductsData is PASSED

2018-07-27 17:27:48 - [TEST_STEP][PASSED] - tap: Tapped on element 'Object Repository/ShopOpen/RemainingCategories/SubmitButton'

2018-07-27 17:27:48 - [MESSAGE][WARNING] - Timeout '0' is invalid. Using default page load timeout: '15'

2018-07-27 17:27:48 - [MESSAGE][PASSED] - Tapped on element 'Object Repository/ShopOpen/RemainingCategories/SubmitButton'

2018-07-27 17:27:48 - [TEST_STEP][PASSED] - verifyElementText: Actual text and expected text of test object 'Object Repository/ShopOpen/RemainingCategories/Validate_ProductCategoryAssetScreen' are matched.

2018-07-27 17:27:49 - [MESSAGE][PASSED] - Actual text and expected text of test object 'Object Repository/ShopOpen/RemainingCategories/Validate_ProductCategoryAssetScreen' are matched.

2018-07-27 17:27:49 - [TEST_STEP][PASSED] - tap: Tapped on element 'Object Repository/ShopOpen/RemainingCategories/planogram_ImageView'

2018-07-27 17:27:49 - [MESSAGE][WARNING] - Timeout '0' is invalid. Using default page load timeout: '15'

2018-07-27 17:27:50 - [MESSAGE][PASSED] - Tapped on element 'Object Repository/ShopOpen/RemainingCategories/planogram_ImageView'

2018-07-27 17:27:50 - [TEST_STEP][PASSED] - com.ct.qa.keywords.CommonKeywords.checkPlanogramAvailability: com.ct.qa.keywords.CommonKeywords.checkPlanogramAvailability is PASSED

2018-07-27 17:27:50 - [MESSAGE][WARNING] - Timeout '0' is invalid. Using default page load timeout: '15'

2018-07-27 17:28:06 - [MESSAGE][WARNING] - Object Object Repository/CommonScreenElements/InfoPopUp_OKButton not found
[[ATTACHMENT|F:\\Git Projects\\MMAPlus_Merchandising\\MMAPlus_Merchandising\\Reports\\MMA Plus Merchandising With Chiller Data Verification\\20180727_163727\\1532694485642.png]]

2018-07-27 17:28:06 - [MESSAGE][PASSED] - com.ct.qa.keywords.CommonKeywords.checkPlanogramAvailability is PASSED

2018-07-27 17:28:06 - [TEST_STEP][PASSED] - com.ct.qa.keywords.CommonKeywords.closePlanogram: com.ct.qa.keywords.CommonKeywords.closePlanogram is PASSED

2018-07-27 17:28:07 - [MESSAGE][PASSED] - com.ct.qa.keywords.CommonKeywords.closePlanogram is PASSED

2018-07-27 17:28:07 - [TEST_STEP][PASSED] - verifyElementText: Actual text and expected text of test object 'Object Repository/ShopOpen/RemainingCategories/Validate_ProductCategoryAssetScreen' are matched.

2018-07-27 17:28:08 - [MESSAGE][PASSED] - Actual text and expected text of test object 'Object Repository/ShopOpen/RemainingCategories/Validate_ProductCategoryAssetScreen' are matched.

2018-07-27 17:28:08 - [TEST_STEP][PASSED] - com.ct.qa.keywords.CommonKeywords.findPictureImageView: com.ct.qa.keywords.CommonKeywords.findPictureImageView is PASSED

2018-07-27 17:28:08 - [MESSAGE][WARNING] - Timeout '0' is invalid. Using default page load timeout: '15'

2018-07-27 17:28:09 - [MESSAGE][PASSED] - Tapped on element 'Object Repository/CommonScreenElements/Picture_ImageView'

2018-07-27 17:28:09 - [MESSAGE][WARNING] - Timeout '0' is invalid. Using default page load timeout: '15'

2018-07-27 17:28:11 - [MESSAGE][PASSED] - Element 'Object Repository/CommonScreenElements/Validate_CameraScreen' is exist

2018-07-27 17:28:11 - [MESSAGE][WARNING] - Timeout '0' is invalid. Using default page load timeout: '15'

2018-07-27 17:28:14 - [MESSAGE][PASSED] - Tapped on element 'Object Repository/CommonScreenElements/TakePictureButton'

2018-07-27 17:28:19 - [MESSAGE][PASSED] - Delayed 5 second(s)

2018-07-27 17:28:19 - [MESSAGE][WARNING] - Timeout '0' is invalid. Using default page load timeout: '15'

2018-07-27 17:28:20 - [MESSAGE][PASSED] - Tapped on element 'Object Repository/CommonScreenElements/DoneButton'

2018-07-27 17:28:20 - [MESSAGE][PASSED] - com.ct.qa.keywords.CommonKeywords.findPictureImageView is PASSED

2018-07-27 17:28:20 - [TEST_STEP][PASSED] - verifyElementText: Actual text and expected text of test object 'Object Repository/ShopOpen/RemainingCategories/Validate_ProductCategoryAssetScreen' are matched.

2018-07-27 17:28:21 - [MESSAGE][PASSED] - Actual text and expected text of test object 'Object Repository/ShopOpen/RemainingCategories/Validate_ProductCategoryAssetScreen' are matched.

2018-07-27 17:28:21 - [TEST_STEP][PASSED] - tap: Tapped on element 'Object Repository/ShopOpen/RemainingCategories/ProductCategoryAsset_BackButton'

2018-07-27 17:28:21 - [MESSAGE][WARNING] - Timeout '0' is invalid. Using default page load timeout: '15'

2018-07-27 17:28:21 - [MESSAGE][PASSED] - Tapped on element 'Object Repository/ShopOpen/RemainingCategories/ProductCategoryAsset_BackButton'

2018-07-27 17:28:21 - [TEST_STEP][PASSED] - verifyElementExist: Element 'Object Repository/ShopOpen/Validate_ShopCategoriesListScreen' is exist

2018-07-27 17:28:21 - [MESSAGE][WARNING] - Timeout '0' is invalid. Using default page load timeout: '15'

2018-07-27 17:28:23 - [MESSAGE][PASSED] - Element 'Object Repository/ShopOpen/Validate_ShopCategoriesListScreen' is exist

2018-07-27 17:28:23 - [MESSAGE][PASSED] - Call Test Case 'Test Cases/ShopOpen/RemainingCategories/VisitRemainingCategoriesWithDSA' successfully

2018-07-27 17:28:23 - [TEST_CASE][PASSED] - Test Cases/ShopOpen/RemainingCategories/VisitRemainingCategoriesWithDSA: Test Cases/ShopOpen/RemainingCategories/VisitRemainingCategoriesWithDSA

2018-07-27 17:28:23 - [TEST_STEP][PASSED] - verifyElementText: Actual text and expected text of test object 'Object Repository/ShopOpen/RemainingCategories/Validate_RemainingCategoriesDetailScreen' are matched.

2018-07-27 17:28:26 - [MESSAGE][PASSED] - Actual text and expected text of test object 'Object Repository/ShopOpen/RemainingCategories/Validate_RemainingCategoriesDetailScreen' are matched.

2018-07-27 17:28:26 - [TEST_STEP][PASSED] - tap: Tapped on element 'Object Repository/ShopOpen/RemainingCategories/DisplaySpaceAvailable'

2018-07-27 17:28:26 - [MESSAGE][WARNING] - Timeout '0' is invalid. Using default page load timeout: '15'

2018-07-27 17:28:26 - [MESSAGE][PASSED] - Tapped on element 'Object Repository/ShopOpen/RemainingCategories/DisplaySpaceAvailable'

2018-07-27 17:28:26 - [TEST_STEP][PASSED] - verifyElementText: Actual text and expected text of test object 'Object Repository/ShopOpen/RemainingCategories/Validate_ProductCategoryAssetScreen' are matched.

2018-07-27 17:28:29 - [MESSAGE][PASSED] - Actual text and expected text of test object 'Object Repository/ShopOpen/RemainingCategories/Validate_ProductCategoryAssetScreen' are matched.

2018-07-27 17:28:29 - [TEST_STEP][PASSED] - tap: Tapped on element 'Object Repository/ShopOpen/RemainingCategories/Facing'

2018-07-27 17:28:29 - [MESSAGE][WARNING] - Timeout '0' is invalid. Using default page load timeout: '15'

2018-07-27 17:28:29 - [MESSAGE][PASSED] - Tapped on element 'Object Repository/ShopOpen/RemainingCategories/Facing'

2018-07-27 17:28:29 - [TEST_STEP][PASSED] - verifyElementText: Actual text and expected text of test object 'Object Repository/ShopOpen/RemainingCategories/Validate_FacingScreen' are matched.

2018-07-27 17:28:31 - [MESSAGE][PASSED] - Actual text and expected text of test object 'Object Repository/ShopOpen/RemainingCategories/Validate_FacingScreen' are matched.

2018-07-27 17:28:31 - [TEST_STEP][PASSED] - com.ct.qa.keywords.ChannelKeywords.visitChannelWiseProductsData: com.ct.qa.keywords.ChannelKeywords.visitChannelWiseProductsData is PASSED

2018-07-27 17:28:35 - [MESSAGE][PASSED] - Keyboard is hidden

2018-07-27 17:28:38 - [MESSAGE][PASSED] - Keyboard is hidden

2018-07-27 17:28:41 - [MESSAGE][PASSED] - Keyboard is hidden

2018-07-27 17:28:44 - [MESSAGE][PASSED] - Keyboard is hidden

2018-07-27 17:28:47 - [MESSAGE][PASSED] - Keyboard is hidden

2018-07-27 17:28:50 - [MESSAGE][PASSED] - Keyboard is hidden

2018-07-27 17:28:53 - [MESSAGE][PASSED] - Swiped from 70,359 to 70,250

2018-07-27 17:28:56 - [MESSAGE][PASSED] - Keyboard is hidden

2018-07-27 17:28:58 - [MESSAGE][PASSED] - Swiped from 70,359 to 70,250

2018-07-27 17:28:59 - [MESSAGE][PASSED] - com.ct.qa.keywords.ChannelKeywords.visitChannelWiseProductsData is PASSED

2018-07-27 17:28:59 - [TEST_STEP][PASSED] - tap: Tapped on element 'Object Repository/ShopOpen/RemainingCategories/SubmitButton'

2018-07-27 17:28:59 - [MESSAGE][WARNING] - Timeout '0' is invalid. Using default page load timeout: '15'

2018-07-27 17:28:59 - [MESSAGE][PASSED] - Tapped on element 'Object Repository/ShopOpen/RemainingCategories/SubmitButton'

2018-07-27 17:28:59 - [TEST_STEP][PASSED] - verifyElementText: Actual text and expected text of test object 'Object Repository/ShopOpen/RemainingCategories/Validate_ProductCategoryAssetScreen' are matched.

2018-07-27 17:29:00 - [MESSAGE][PASSED] - Actual text and expected text of test object 'Object Repository/ShopOpen/RemainingCategories/Validate_ProductCategoryAssetScreen' are matched.

2018-07-27 17:29:00 - [TEST_STEP][PASSED] - tap: Tapped on element 'Object Repository/ShopOpen/RemainingCategories/StockTaking'

2018-07-27 17:29:00 - [MESSAGE][WARNING] - Timeout '0' is invalid. Using default page load timeout: '15'

2018-07-27 17:29:01 - [MESSAGE][PASSED] - Tapped on element 'Object Repository/ShopOpen/RemainingCategories/StockTaking'

2018-07-27 17:29:01 - [TEST_STEP][PASSED] - verifyElementText: Actual text and expected text of test object 'Object Repository/ShopOpen/RemainingCategories/Validate_StockTakingScreen' are matched.

2018-07-27 17:29:03 - [MESSAGE][PASSED] - Actual text and expected text of test object 'Object Repository/ShopOpen/RemainingCategories/Validate_StockTakingScreen' are matched.

2018-07-27 17:29:03 - [TEST_STEP][PASSED] - com.ct.qa.keywords.ChannelKeywords.visitChannelWiseProductsData: com.ct.qa.keywords.ChannelKeywords.visitChannelWiseProductsData is PASSED

2018-07-27 17:29:08 - [MESSAGE][PASSED] - Keyboard is hidden

2018-07-27 17:29:11 - [MESSAGE][PASSED] - Keyboard is hidden

2018-07-27 17:29:14 - [MESSAGE][PASSED] - Keyboard is hidden

2018-07-27 17:29:17 - [MESSAGE][PASSED] - Keyboard is hidden

2018-07-27 17:29:20 - [MESSAGE][PASSED] - Keyboard is hidden

2018-07-27 17:29:23 - [MESSAGE][PASSED] - Keyboard is hidden

2018-07-27 17:29:26 - [MESSAGE][PASSED] - Swiped from 70,359 to 70,250

2018-07-27 17:29:29 - [MESSAGE][PASSED] - Keyboard is hidden

2018-07-27 17:29:31 - [MESSAGE][PASSED] - Swiped from 70,359 to 70,250

2018-07-27 17:29:32 - [MESSAGE][PASSED] - com.ct.qa.keywords.ChannelKeywords.visitChannelWiseProductsData is PASSED

2018-07-27 17:29:32 - [TEST_STEP][PASSED] - tap: Tapped on element 'Object Repository/ShopOpen/RemainingCategories/SubmitButton'

2018-07-27 17:29:32 - [MESSAGE][WARNING] - Timeout '0' is invalid. Using default page load timeout: '15'

2018-07-27 17:29:32 - [MESSAGE][PASSED] - Tapped on element 'Object Repository/ShopOpen/RemainingCategories/SubmitButton'

2018-07-27 17:29:32 - [TEST_STEP][PASSED] - verifyElementText: Actual text and expected text of test object 'Object Repository/ShopOpen/RemainingCategories/Validate_ProductCategoryAssetScreen' are matched.

2018-07-27 17:29:33 - [MESSAGE][PASSED] - Actual text and expected text of test object 'Object Repository/ShopOpen/RemainingCategories/Validate_ProductCategoryAssetScreen' are matched.

2018-07-27 17:29:33 - [TEST_STEP][PASSED] - tap: Tapped on element 'Object Repository/ShopOpen/RemainingCategories/planogram_ImageView'

2018-07-27 17:29:33 - [MESSAGE][WARNING] - Timeout '0' is invalid. Using default page load timeout: '15'

2018-07-27 17:29:34 - [MESSAGE][PASSED] - Tapped on element 'Object Repository/ShopOpen/RemainingCategories/planogram_ImageView'

2018-07-27 17:29:34 - [TEST_STEP][PASSED] - com.ct.qa.keywords.CommonKeywords.checkPlanogramAvailability: com.ct.qa.keywords.CommonKeywords.checkPlanogramAvailability is PASSED

2018-07-27 17:29:34 - [MESSAGE][WARNING] - Timeout '0' is invalid. Using default page load timeout: '15'

2018-07-27 17:29:50 - [MESSAGE][WARNING] - Object Object Repository/CommonScreenElements/InfoPopUp_OKButton not found
[[ATTACHMENT|F:\\Git Projects\\MMAPlus_Merchandising\\MMAPlus_Merchandising\\Reports\\MMA Plus Merchandising With Chiller Data Verification\\20180727_163727\\1532694589546.png]]

2018-07-27 17:29:50 - [MESSAGE][PASSED] - com.ct.qa.keywords.CommonKeywords.checkPlanogramAvailability is PASSED

2018-07-27 17:29:50 - [TEST_STEP][PASSED] - com.ct.qa.keywords.CommonKeywords.closePlanogram: com.ct.qa.keywords.CommonKeywords.closePlanogram is PASSED

2018-07-27 17:29:50 - [MESSAGE][PASSED] - com.ct.qa.keywords.CommonKeywords.closePlanogram is PASSED

2018-07-27 17:29:50 - [TEST_STEP][PASSED] - verifyElementText: Actual text and expected text of test object 'Object Repository/ShopOpen/RemainingCategories/Validate_ProductCategoryAssetScreen' are matched.

2018-07-27 17:29:52 - [MESSAGE][PASSED] - Actual text and expected text of test object 'Object Repository/ShopOpen/RemainingCategories/Validate_ProductCategoryAssetScreen' are matched.

2018-07-27 17:29:52 - [TEST_STEP][PASSED] - com.ct.qa.keywords.CommonKeywords.findPictureImageView: com.ct.qa.keywords.CommonKeywords.findPictureImageView is PASSED

2018-07-27 17:29:52 - [MESSAGE][WARNING] - Timeout '0' is invalid. Using default page load timeout: '15'

2018-07-27 17:29:53 - [MESSAGE][PASSED] - Tapped on element 'Object Repository/CommonScreenElements/Picture_ImageView'

2018-07-27 17:29:53 - [MESSAGE][WARNING] - Timeout '0' is invalid. Using default page load timeout: '15'

2018-07-27 17:29:55 - [MESSAGE][PASSED] - Element 'Object Repository/CommonScreenElements/Validate_CameraScreen' is exist

2018-07-27 17:29:55 - [MESSAGE][WARNING] - Timeout '0' is invalid. Using default page load timeout: '15'

2018-07-27 17:29:58 - [MESSAGE][PASSED] - Tapped on element 'Object Repository/CommonScreenElements/TakePictureButton'

2018-07-27 17:30:03 - [MESSAGE][PASSED] - Delayed 5 second(s)

2018-07-27 17:30:03 - [MESSAGE][WARNING] - Timeout '0' is invalid. Using default page load timeout: '15'

2018-07-27 17:30:04 - [MESSAGE][PASSED] - Tapped on element 'Object Repository/CommonScreenElements/DoneButton'

2018-07-27 17:30:04 - [MESSAGE][PASSED] - com.ct.qa.keywords.CommonKeywords.findPictureImageView is PASSED

2018-07-27 17:30:04 - [TEST_STEP][PASSED] - verifyElementText: Actual text and expected text of test object 'Object Repository/ShopOpen/RemainingCategories/Validate_ProductCategoryAssetScreen' are matched.

2018-07-27 17:30:05 - [MESSAGE][PASSED] - Actual text and expected text of test object 'Object Repository/ShopOpen/RemainingCategories/Validate_ProductCategoryAssetScreen' are matched.

2018-07-27 17:30:05 - [TEST_STEP][PASSED] - tap: Tapped on element 'Object Repository/ShopOpen/RemainingCategories/ProductCategoryAsset_BackButton'

2018-07-27 17:30:05 - [MESSAGE][WARNING] - Timeout '0' is invalid. Using default page load timeout: '15'

2018-07-27 17:30:05 - [MESSAGE][PASSED] - Tapped on element 'Object Repository/ShopOpen/RemainingCategories/ProductCategoryAsset_BackButton'

2018-07-27 17:30:05 - [TEST_STEP][PASSED] - verifyElementExist: Element 'Object Repository/ShopOpen/Validate_ShopCategoriesListScreen' is exist

2018-07-27 17:30:05 - [MESSAGE][WARNING] - Timeout '0' is invalid. Using default page load timeout: '15'

2018-07-27 17:30:07 - [MESSAGE][PASSED] - Element 'Object Repository/ShopOpen/Validate_ShopCategoriesListScreen' is exist

2018-07-27 17:30:07 - [MESSAGE][PASSED] - Call Test Case 'Test Cases/ShopOpen/RemainingCategories/VisitRemainingCategoriesWithDSA' successfully

2018-07-27 17:30:07 - [TEST_CASE][PASSED] - Test Cases/ShopOpen/RemainingCategories/VisitRemainingCategoriesWithDSA: Test Cases/ShopOpen/RemainingCategories/VisitRemainingCategoriesWithDSA

2018-07-27 17:30:07 - [TEST_STEP][PASSED] - verifyElementText: Actual text and expected text of test object 'Object Repository/ShopOpen/RemainingCategories/Validate_RemainingCategoriesDetailScreen' are matched.

2018-07-27 17:30:09 - [MESSAGE][PASSED] - Actual text and expected text of test object 'Object Repository/ShopOpen/RemainingCategories/Validate_RemainingCategoriesDetailScreen' are matched.

2018-07-27 17:30:09 - [TEST_STEP][PASSED] - tap: Tapped on element 'Object Repository/ShopOpen/RemainingCategories/DisplaySpaceAvailable'

2018-07-27 17:30:09 - [MESSAGE][WARNING] - Timeout '0' is invalid. Using default page load timeout: '15'

2018-07-27 17:30:10 - [MESSAGE][PASSED] - Tapped on element 'Object Repository/ShopOpen/RemainingCategories/DisplaySpaceAvailable'

2018-07-27 17:30:10 - [TEST_STEP][PASSED] - verifyElementText: Actual text and expected text of test object 'Object Repository/ShopOpen/RemainingCategories/Validate_ProductCategoryAssetScreen' are matched.

2018-07-27 17:30:12 - [MESSAGE][PASSED] - Actual text and expected text of test object 'Object Repository/ShopOpen/RemainingCategories/Validate_ProductCategoryAssetScreen' are matched.

2018-07-27 17:30:12 - [TEST_STEP][PASSED] - tap: Tapped on element 'Object Repository/ShopOpen/RemainingCategories/Facing'

2018-07-27 17:30:12 - [MESSAGE][WARNING] - Timeout '0' is invalid. Using default page load timeout: '15'

2018-07-27 17:30:12 - [MESSAGE][PASSED] - Tapped on element 'Object Repository/ShopOpen/RemainingCategories/Facing'

2018-07-27 17:30:12 - [TEST_STEP][PASSED] - verifyElementText: Actual text and expected text of test object 'Object Repository/ShopOpen/RemainingCategories/Validate_FacingScreen' are matched.

2018-07-27 17:30:14 - [MESSAGE][PASSED] - Actual text and expected text of test object 'Object Repository/ShopOpen/RemainingCategories/Validate_FacingScreen' are matched.

2018-07-27 17:30:14 - [TEST_STEP][PASSED] - com.ct.qa.keywords.ChannelKeywords.visitChannelWiseProductsData: com.ct.qa.keywords.ChannelKeywords.visitChannelWiseProductsData is PASSED

2018-07-27 17:30:19 - [MESSAGE][PASSED] - Keyboard is hidden

2018-07-27 17:30:22 - [MESSAGE][PASSED] - Keyboard is hidden

2018-07-27 17:30:25 - [MESSAGE][PASSED] - Keyboard is hidden

2018-07-27 17:30:28 - [MESSAGE][PASSED] - Keyboard is hidden

2018-07-27 17:30:31 - [MESSAGE][PASSED] - Keyboard is hidden

2018-07-27 17:30:34 - [MESSAGE][PASSED] - Keyboard is hidden

2018-07-27 17:30:37 - [MESSAGE][PASSED] - Swiped from 85,359 to 85,250

2018-07-27 17:30:40 - [MESSAGE][PASSED] - Keyboard is hidden

2018-07-27 17:30:41 - [MESSAGE][PASSED] - Swiped from 85,359 to 85,250

2018-07-27 17:30:45 - [MESSAGE][PASSED] - Keyboard is hidden

2018-07-27 17:30:47 - [MESSAGE][PASSED] - Swiped from 85,359 to 85,250

2018-07-27 17:30:48 - [MESSAGE][PASSED] - com.ct.qa.keywords.ChannelKeywords.visitChannelWiseProductsData is PASSED

2018-07-27 17:30:48 - [TEST_STEP][PASSED] - tap: Tapped on element 'Object Repository/ShopOpen/RemainingCategories/SubmitButton'

2018-07-27 17:30:48 - [MESSAGE][WARNING] - Timeout '0' is invalid. Using default page load timeout: '15'

2018-07-27 17:30:48 - [MESSAGE][PASSED] - Tapped on element 'Object Repository/ShopOpen/RemainingCategories/SubmitButton'

2018-07-27 17:30:48 - [TEST_STEP][PASSED] - verifyElementText: Actual text and expected text of test object 'Object Repository/ShopOpen/RemainingCategories/Validate_ProductCategoryAssetScreen' are matched.

2018-07-27 17:30:49 - [MESSAGE][PASSED] - Actual text and expected text of test object 'Object Repository/ShopOpen/RemainingCategories/Validate_ProductCategoryAssetScreen' are matched.

2018-07-27 17:30:49 - [TEST_STEP][PASSED] - tap: Tapped on element 'Object Repository/ShopOpen/RemainingCategories/StockTaking'

2018-07-27 17:30:49 - [MESSAGE][WARNING] - Timeout '0' is invalid. Using default page load timeout: '15'

2018-07-27 17:30:50 - [MESSAGE][PASSED] - Tapped on element 'Object Repository/ShopOpen/RemainingCategories/StockTaking'

2018-07-27 17:30:50 - [TEST_STEP][PASSED] - verifyElementText: Actual text and expected text of test object 'Object Repository/ShopOpen/RemainingCategories/Validate_StockTakingScreen' are matched.

2018-07-27 17:30:52 - [MESSAGE][PASSED] - Actual text and expected text of test object 'Object Repository/ShopOpen/RemainingCategories/Validate_StockTakingScreen' are matched.

2018-07-27 17:30:52 - [TEST_STEP][PASSED] - com.ct.qa.keywords.ChannelKeywords.visitChannelWiseProductsData: com.ct.qa.keywords.ChannelKeywords.visitChannelWiseProductsData is PASSED

2018-07-27 17:30:56 - [MESSAGE][PASSED] - Keyboard is hidden

2018-07-27 17:30:59 - [MESSAGE][PASSED] - Keyboard is hidden

2018-07-27 17:31:02 - [MESSAGE][PASSED] - Keyboard is hidden

2018-07-27 17:31:05 - [MESSAGE][PASSED] - Keyboard is hidden

2018-07-27 17:31:08 - [MESSAGE][PASSED] - Keyboard is hidden

2018-07-27 17:31:11 - [MESSAGE][PASSED] - Keyboard is hidden

2018-07-27 17:31:15 - [MESSAGE][PASSED] - Swiped from 85,359 to 85,250

2018-07-27 17:31:18 - [MESSAGE][PASSED] - Keyboard is hidden

2018-07-27 17:31:20 - [MESSAGE][PASSED] - Swiped from 85,359 to 85,250

2018-07-27 17:31:23 - [MESSAGE][PASSED] - Keyboard is hidden

2018-07-27 17:31:25 - [MESSAGE][PASSED] - Swiped from 85,359 to 85,250

2018-07-27 17:31:26 - [MESSAGE][PASSED] - com.ct.qa.keywords.ChannelKeywords.visitChannelWiseProductsData is PASSED

2018-07-27 17:31:26 - [TEST_STEP][PASSED] - tap: Tapped on element 'Object Repository/ShopOpen/RemainingCategories/SubmitButton'

2018-07-27 17:31:26 - [MESSAGE][WARNING] - Timeout '0' is invalid. Using default page load timeout: '15'

2018-07-27 17:31:26 - [MESSAGE][PASSED] - Tapped on element 'Object Repository/ShopOpen/RemainingCategories/SubmitButton'

2018-07-27 17:31:26 - [TEST_STEP][PASSED] - verifyElementText: Actual text and expected text of test object 'Object Repository/ShopOpen/RemainingCategories/Validate_ProductCategoryAssetScreen' are matched.

2018-07-27 17:31:27 - [MESSAGE][PASSED] - Actual text and expected text of test object 'Object Repository/ShopOpen/RemainingCategories/Validate_ProductCategoryAssetScreen' are matched.

2018-07-27 17:31:27 - [TEST_STEP][PASSED] - tap: Tapped on element 'Object Repository/ShopOpen/RemainingCategories/planogram_ImageView'

2018-07-27 17:31:27 - [MESSAGE][WARNING] - Timeout '0' is invalid. Using default page load timeout: '15'

2018-07-27 17:31:28 - [MESSAGE][PASSED] - Tapped on element 'Object Repository/ShopOpen/RemainingCategories/planogram_ImageView'

2018-07-27 17:31:28 - [TEST_STEP][PASSED] - com.ct.qa.keywords.CommonKeywords.checkPlanogramAvailability: com.ct.qa.keywords.CommonKeywords.checkPlanogramAvailability is PASSED

2018-07-27 17:31:28 - [MESSAGE][WARNING] - Timeout '0' is invalid. Using default page load timeout: '15'

2018-07-27 17:31:44 - [MESSAGE][WARNING] - Object Object Repository/CommonScreenElements/InfoPopUp_OKButton not found
[[ATTACHMENT|F:\\Git Projects\\MMAPlus_Merchandising\\MMAPlus_Merchandising\\Reports\\MMA Plus Merchandising With Chiller Data Verification\\20180727_163727\\1532694703493.png]]

2018-07-27 17:31:44 - [MESSAGE][PASSED] - com.ct.qa.keywords.CommonKeywords.checkPlanogramAvailability is PASSED

2018-07-27 17:31:44 - [TEST_STEP][PASSED] - com.ct.qa.keywords.CommonKeywords.closePlanogram: com.ct.qa.keywords.CommonKeywords.closePlanogram is PASSED

2018-07-27 17:31:45 - [MESSAGE][PASSED] - com.ct.qa.keywords.CommonKeywords.closePlanogram is PASSED

2018-07-27 17:31:45 - [TEST_STEP][PASSED] - verifyElementText: Actual text and expected text of test object 'Object Repository/ShopOpen/RemainingCategories/Validate_ProductCategoryAssetScreen' are matched.

2018-07-27 17:31:46 - [MESSAGE][PASSED] - Actual text and expected text of test object 'Object Repository/ShopOpen/RemainingCategories/Validate_ProductCategoryAssetScreen' are matched.

2018-07-27 17:31:46 - [TEST_STEP][PASSED] - com.ct.qa.keywords.CommonKeywords.findPictureImageView: com.ct.qa.keywords.CommonKeywords.findPictureImageView is PASSED

2018-07-27 17:31:46 - [MESSAGE][WARNING] - Timeout '0' is invalid. Using default page load timeout: '15'

2018-07-27 17:31:48 - [MESSAGE][PASSED] - Tapped on element 'Object Repository/CommonScreenElements/Picture_ImageView'

2018-07-27 17:31:48 - [MESSAGE][WARNING] - Timeout '0' is invalid. Using default page load timeout: '15'

2018-07-27 17:31:49 - [MESSAGE][PASSED] - Element 'Object Repository/CommonScreenElements/Validate_CameraScreen' is exist

2018-07-27 17:31:49 - [MESSAGE][WARNING] - Timeout '0' is invalid. Using default page load timeout: '15'

2018-07-27 17:31:53 - [MESSAGE][PASSED] - Tapped on element 'Object Repository/CommonScreenElements/TakePictureButton'

2018-07-27 17:31:58 - [MESSAGE][PASSED] - Delayed 5 second(s)

2018-07-27 17:31:58 - [MESSAGE][WARNING] - Timeout '0' is invalid. Using default page load timeout: '15'

2018-07-27 17:31:58 - [MESSAGE][PASSED] - Tapped on element 'Object Repository/CommonScreenElements/DoneButton'

2018-07-27 17:31:58 - [MESSAGE][PASSED] - com.ct.qa.keywords.CommonKeywords.findPictureImageView is PASSED

2018-07-27 17:31:58 - [TEST_STEP][PASSED] - verifyElementText: Actual text and expected text of test object 'Object Repository/ShopOpen/RemainingCategories/Validate_ProductCategoryAssetScreen' are matched.

2018-07-27 17:32:00 - [MESSAGE][PASSED] - Actual text and expected text of test object 'Object Repository/ShopOpen/RemainingCategories/Validate_ProductCategoryAssetScreen' are matched.

2018-07-27 17:32:00 - [TEST_STEP][PASSED] - tap: Tapped on element 'Object Repository/ShopOpen/RemainingCategories/ProductCategoryAsset_BackButton'

2018-07-27 17:32:00 - [MESSAGE][WARNING] - Timeout '0' is invalid. Using default page load timeout: '15'

2018-07-27 17:32:00 - [MESSAGE][PASSED] - Tapped on element 'Object Repository/ShopOpen/RemainingCategories/ProductCategoryAsset_BackButton'

2018-07-27 17:32:00 - [TEST_STEP][PASSED] - verifyElementExist: Element 'Object Repository/ShopOpen/Validate_ShopCategoriesListScreen' is exist

2018-07-27 17:32:00 - [MESSAGE][WARNING] - Timeout '0' is invalid. Using default page load timeout: '15'

2018-07-27 17:32:03 - [MESSAGE][PASSED] - Element 'Object Repository/ShopOpen/Validate_ShopCategoriesListScreen' is exist

2018-07-27 17:32:03 - [MESSAGE][PASSED] - Call Test Case 'Test Cases/ShopOpen/RemainingCategories/VisitRemainingCategoriesWithDSA' successfully

2018-07-27 17:32:04 - [TEST_CASE][PASSED] - Test Cases/ShopOpen/RemainingCategories/VisitRemainingCategoriesWithDSA: Test Cases/ShopOpen/RemainingCategories/VisitRemainingCategoriesWithDSA

2018-07-27 17:32:04 - [TEST_STEP][PASSED] - verifyElementText: Actual text and expected text of test object 'Object Repository/ShopOpen/RemainingCategories/Validate_RemainingCategoriesDetailScreen' are matched.

2018-07-27 17:32:06 - [MESSAGE][PASSED] - Actual text and expected text of test object 'Object Repository/ShopOpen/RemainingCategories/Validate_RemainingCategoriesDetailScreen' are matched.

2018-07-27 17:32:06 - [TEST_STEP][PASSED] - tap: Tapped on element 'Object Repository/ShopOpen/RemainingCategories/DisplaySpaceAvailable'

2018-07-27 17:32:06 - [MESSAGE][WARNING] - Timeout '0' is invalid. Using default page load timeout: '15'

2018-07-27 17:32:06 - [MESSAGE][PASSED] - Tapped on element 'Object Repository/ShopOpen/RemainingCategories/DisplaySpaceAvailable'

2018-07-27 17:32:06 - [TEST_STEP][PASSED] - verifyElementText: Actual text and expected text of test object 'Object Repository/ShopOpen/RemainingCategories/Validate_ProductCategoryAssetScreen' are matched.

2018-07-27 17:32:09 - [MESSAGE][PASSED] - Actual text and expected text of test object 'Object Repository/ShopOpen/RemainingCategories/Validate_ProductCategoryAssetScreen' are matched.

2018-07-27 17:32:09 - [TEST_STEP][PASSED] - tap: Tapped on element 'Object Repository/ShopOpen/RemainingCategories/Facing'

2018-07-27 17:32:09 - [MESSAGE][WARNING] - Timeout '0' is invalid. Using default page load timeout: '15'

2018-07-27 17:32:09 - [MESSAGE][PASSED] - Tapped on element 'Object Repository/ShopOpen/RemainingCategories/Facing'

2018-07-27 17:32:09 - [TEST_STEP][PASSED] - verifyElementText: Actual text and expected text of test object 'Object Repository/ShopOpen/RemainingCategories/Validate_FacingScreen' are matched.

2018-07-27 17:32:11 - [MESSAGE][PASSED] - Actual text and expected text of test object 'Object Repository/ShopOpen/RemainingCategories/Validate_FacingScreen' are matched.

2018-07-27 17:32:11 - [TEST_STEP][PASSED] - com.ct.qa.keywords.ChannelKeywords.visitChannelWiseProductsData: com.ct.qa.keywords.ChannelKeywords.visitChannelWiseProductsData is PASSED

2018-07-27 17:32:14 - [MESSAGE][PASSED] - Keyboard is hidden

2018-07-27 17:32:17 - [MESSAGE][PASSED] - Keyboard is hidden

2018-07-27 17:32:18 - [MESSAGE][PASSED] - com.ct.qa.keywords.ChannelKeywords.visitChannelWiseProductsData is PASSED

2018-07-27 17:32:18 - [TEST_STEP][PASSED] - tap: Tapped on element 'Object Repository/ShopOpen/RemainingCategories/SubmitButton'

2018-07-27 17:32:18 - [MESSAGE][WARNING] - Timeout '0' is invalid. Using default page load timeout: '15'

2018-07-27 17:32:18 - [MESSAGE][PASSED] - Tapped on element 'Object Repository/ShopOpen/RemainingCategories/SubmitButton'

2018-07-27 17:32:18 - [TEST_STEP][PASSED] - verifyElementText: Actual text and expected text of test object 'Object Repository/ShopOpen/RemainingCategories/Validate_ProductCategoryAssetScreen' are matched.

2018-07-27 17:32:20 - [MESSAGE][PASSED] - Actual text and expected text of test object 'Object Repository/ShopOpen/RemainingCategories/Validate_ProductCategoryAssetScreen' are matched.

2018-07-27 17:32:20 - [TEST_STEP][PASSED] - tap: Tapped on element 'Object Repository/ShopOpen/RemainingCategories/StockTaking'

2018-07-27 17:32:20 - [MESSAGE][WARNING] - Timeout '0' is invalid. Using default page load timeout: '15'

2018-07-27 17:32:20 - [MESSAGE][PASSED] - Tapped on element 'Object Repository/ShopOpen/RemainingCategories/StockTaking'

2018-07-27 17:32:20 - [TEST_STEP][PASSED] - verifyElementText: Actual text and expected text of test object 'Object Repository/ShopOpen/RemainingCategories/Validate_StockTakingScreen' are matched.

2018-07-27 17:32:22 - [MESSAGE][PASSED] - Actual text and expected text of test object 'Object Repository/ShopOpen/RemainingCategories/Validate_StockTakingScreen' are matched.

2018-07-27 17:32:22 - [TEST_STEP][PASSED] - com.ct.qa.keywords.ChannelKeywords.visitChannelWiseProductsData: com.ct.qa.keywords.ChannelKeywords.visitChannelWiseProductsData is PASSED

2018-07-27 17:32:25 - [MESSAGE][PASSED] - Keyboard is hidden

2018-07-27 17:32:28 - [MESSAGE][PASSED] - Keyboard is hidden

2018-07-27 17:32:29 - [MESSAGE][PASSED] - com.ct.qa.keywords.ChannelKeywords.visitChannelWiseProductsData is PASSED

2018-07-27 17:32:29 - [TEST_STEP][PASSED] - tap: Tapped on element 'Object Repository/ShopOpen/RemainingCategories/SubmitButton'

2018-07-27 17:32:29 - [MESSAGE][WARNING] - Timeout '0' is invalid. Using default page load timeout: '15'

2018-07-27 17:32:30 - [MESSAGE][PASSED] - Tapped on element 'Object Repository/ShopOpen/RemainingCategories/SubmitButton'

2018-07-27 17:32:30 - [TEST_STEP][PASSED] - verifyElementText: Actual text and expected text of test object 'Object Repository/ShopOpen/RemainingCategories/Validate_ProductCategoryAssetScreen' are matched.

2018-07-27 17:32:31 - [MESSAGE][PASSED] - Actual text and expected text of test object 'Object Repository/ShopOpen/RemainingCategories/Validate_ProductCategoryAssetScreen' are matched.

2018-07-27 17:32:31 - [TEST_STEP][PASSED] - tap: Tapped on element 'Object Repository/ShopOpen/RemainingCategories/planogram_ImageView'

2018-07-27 17:32:31 - [MESSAGE][WARNING] - Timeout '0' is invalid. Using default page load timeout: '15'

2018-07-27 17:32:31 - [MESSAGE][PASSED] - Tapped on element 'Object Repository/ShopOpen/RemainingCategories/planogram_ImageView'

2018-07-27 17:32:31 - [TEST_STEP][PASSED] - com.ct.qa.keywords.CommonKeywords.checkPlanogramAvailability: com.ct.qa.keywords.CommonKeywords.checkPlanogramAvailability is PASSED

2018-07-27 17:32:31 - [MESSAGE][WARNING] - Timeout '0' is invalid. Using default page load timeout: '15'

2018-07-27 17:32:47 - [MESSAGE][WARNING] - Object Object Repository/CommonScreenElements/InfoPopUp_OKButton not found
[[ATTACHMENT|F:\\Git Projects\\MMAPlus_Merchandising\\MMAPlus_Merchandising\\Reports\\MMA Plus Merchandising With Chiller Data Verification\\20180727_163727\\1532694766719.png]]

2018-07-27 17:32:47 - [MESSAGE][PASSED] - com.ct.qa.keywords.CommonKeywords.checkPlanogramAvailability is PASSED

2018-07-27 17:32:47 - [TEST_STEP][PASSED] - com.ct.qa.keywords.CommonKeywords.closePlanogram: com.ct.qa.keywords.CommonKeywords.closePlanogram is PASSED

2018-07-27 17:32:48 - [MESSAGE][PASSED] - com.ct.qa.keywords.CommonKeywords.closePlanogram is PASSED

2018-07-27 17:32:48 - [TEST_STEP][PASSED] - verifyElementText: Actual text and expected text of test object 'Object Repository/ShopOpen/RemainingCategories/Validate_ProductCategoryAssetScreen' are matched.

2018-07-27 17:32:49 - [MESSAGE][PASSED] - Actual text and expected text of test object 'Object Repository/ShopOpen/RemainingCategories/Validate_ProductCategoryAssetScreen' are matched.

2018-07-27 17:32:49 - [TEST_STEP][PASSED] - com.ct.qa.keywords.CommonKeywords.findPictureImageView: com.ct.qa.keywords.CommonKeywords.findPictureImageView is PASSED

2018-07-27 17:32:49 - [MESSAGE][WARNING] - Timeout '0' is invalid. Using default page load timeout: '15'

2018-07-27 17:32:51 - [MESSAGE][PASSED] - Tapped on element 'Object Repository/CommonScreenElements/Picture_ImageView'

2018-07-27 17:32:51 - [MESSAGE][WARNING] - Timeout '0' is invalid. Using default page load timeout: '15'

2018-07-27 17:32:52 - [MESSAGE][PASSED] - Element 'Object Repository/CommonScreenElements/Validate_CameraScreen' is exist

2018-07-27 17:32:52 - [MESSAGE][WARNING] - Timeout '0' is invalid. Using default page load timeout: '15'

2018-07-27 17:32:56 - [MESSAGE][PASSED] - Tapped on element 'Object Repository/CommonScreenElements/TakePictureButton'

2018-07-27 17:33:01 - [MESSAGE][PASSED] - Delayed 5 second(s)

2018-07-27 17:33:01 - [MESSAGE][WARNING] - Timeout '0' is invalid. Using default page load timeout: '15'

2018-07-27 17:33:01 - [MESSAGE][PASSED] - Tapped on element 'Object Repository/CommonScreenElements/DoneButton'

2018-07-27 17:33:01 - [MESSAGE][PASSED] - com.ct.qa.keywords.CommonKeywords.findPictureImageView is PASSED

2018-07-27 17:33:01 - [TEST_STEP][PASSED] - verifyElementText: Actual text and expected text of test object 'Object Repository/ShopOpen/RemainingCategories/Validate_ProductCategoryAssetScreen' are matched.

2018-07-27 17:33:02 - [MESSAGE][PASSED] - Actual text and expected text of test object 'Object Repository/ShopOpen/RemainingCategories/Validate_ProductCategoryAssetScreen' are matched.

2018-07-27 17:33:02 - [TEST_STEP][PASSED] - tap: Tapped on element 'Object Repository/ShopOpen/RemainingCategories/ProductCategoryAsset_BackButton'

2018-07-27 17:33:02 - [MESSAGE][WARNING] - Timeout '0' is invalid. Using default page load timeout: '15'

2018-07-27 17:33:03 - [MESSAGE][PASSED] - Tapped on element 'Object Repository/ShopOpen/RemainingCategories/ProductCategoryAsset_BackButton'

2018-07-27 17:33:03 - [TEST_STEP][PASSED] - verifyElementExist: Element 'Object Repository/ShopOpen/Validate_ShopCategoriesListScreen' is exist

2018-07-27 17:33:03 - [MESSAGE][WARNING] - Timeout '0' is invalid. Using default page load timeout: '15'

2018-07-27 17:33:05 - [MESSAGE][PASSED] - Element 'Object Repository/ShopOpen/Validate_ShopCategoriesListScreen' is exist

2018-07-27 17:33:05 - [MESSAGE][PASSED] - Call Test Case 'Test Cases/ShopOpen/RemainingCategories/VisitRemainingCategoriesWithDSA' successfully

2018-07-27 17:33:06 - [TEST_CASE][PASSED] - Test Cases/ShopOpen/RemainingCategories/VisitRemainingCategoriesWithDSA: Test Cases/ShopOpen/RemainingCategories/VisitRemainingCategoriesWithDSA

2018-07-27 17:33:06 - [TEST_STEP][PASSED] - verifyElementText: Actual text and expected text of test object 'Object Repository/ShopOpen/RemainingCategories/Validate_RemainingCategoriesDetailScreen' are matched.

2018-07-27 17:33:08 - [MESSAGE][PASSED] - Actual text and expected text of test object 'Object Repository/ShopOpen/RemainingCategories/Validate_RemainingCategoriesDetailScreen' are matched.

2018-07-27 17:33:08 - [TEST_STEP][PASSED] - tap: Tapped on element 'Object Repository/ShopOpen/RemainingCategories/DisplaySpaceAvailable'

2018-07-27 17:33:08 - [MESSAGE][WARNING] - Timeout '0' is invalid. Using default page load timeout: '15'

2018-07-27 17:33:08 - [MESSAGE][PASSED] - Tapped on element 'Object Repository/ShopOpen/RemainingCategories/DisplaySpaceAvailable'

2018-07-27 17:33:08 - [TEST_STEP][PASSED] - verifyElementText: Actual text and expected text of test object 'Object Repository/ShopOpen/RemainingCategories/Validate_ProductCategoryAssetScreen' are matched.

2018-07-27 17:33:11 - [MESSAGE][PASSED] - Actual text and expected text of test object 'Object Repository/ShopOpen/RemainingCategories/Validate_ProductCategoryAssetScreen' are matched.

2018-07-27 17:33:11 - [TEST_STEP][PASSED] - tap: Tapped on element 'Object Repository/ShopOpen/RemainingCategories/Facing'

2018-07-27 17:33:11 - [MESSAGE][WARNING] - Timeout '0' is invalid. Using default page load timeout: '15'

2018-07-27 17:33:11 - [MESSAGE][PASSED] - Tapped on element 'Object Repository/ShopOpen/RemainingCategories/Facing'

2018-07-27 17:33:11 - [TEST_STEP][PASSED] - verifyElementText: Actual text and expected text of test object 'Object Repository/ShopOpen/RemainingCategories/Validate_FacingScreen' are matched.

2018-07-27 17:33:13 - [MESSAGE][PASSED] - Actual text and expected text of test object 'Object Repository/ShopOpen/RemainingCategories/Validate_FacingScreen' are matched.

2018-07-27 17:33:13 - [TEST_STEP][PASSED] - com.ct.qa.keywords.ChannelKeywords.visitChannelWiseProductsData: com.ct.qa.keywords.ChannelKeywords.visitChannelWiseProductsData is PASSED

2018-07-27 17:33:18 - [MESSAGE][PASSED] - Keyboard is hidden

2018-07-27 17:33:21 - [MESSAGE][PASSED] - Keyboard is hidden

2018-07-27 17:33:24 - [MESSAGE][PASSED] - Keyboard is hidden

2018-07-27 17:33:27 - [MESSAGE][PASSED] - Keyboard is hidden

2018-07-27 17:33:30 - [MESSAGE][PASSED] - Keyboard is hidden

2018-07-27 17:33:33 - [MESSAGE][PASSED] - Keyboard is hidden

2018-07-27 17:33:36 - [MESSAGE][PASSED] - Swiped from 1,359 to 1,250

2018-07-27 17:33:39 - [MESSAGE][PASSED] - Keyboard is hidden

2018-07-27 17:33:41 - [MESSAGE][PASSED] - Swiped from 1,359 to 1,250

2018-07-27 17:33:44 - [MESSAGE][PASSED] - Keyboard is hidden

2018-07-27 17:33:46 - [MESSAGE][PASSED] - Swiped from 1,359 to 1,250

2018-07-27 17:33:49 - [MESSAGE][PASSED] - Keyboard is hidden

2018-07-27 17:33:51 - [MESSAGE][PASSED] - Swiped from 1,359 to 1,250

2018-07-27 17:33:54 - [MESSAGE][PASSED] - Keyboard is hidden

2018-07-27 17:33:56 - [MESSAGE][PASSED] - Swiped from 1,359 to 1,250

2018-07-27 17:33:59 - [MESSAGE][PASSED] - Keyboard is hidden

2018-07-27 17:34:01 - [MESSAGE][PASSED] - Swiped from 1,359 to 1,250

2018-07-27 17:34:04 - [MESSAGE][PASSED] - Keyboard is hidden

2018-07-27 17:34:06 - [MESSAGE][PASSED] - Swiped from 1,359 to 1,250

2018-07-27 17:34:07 - [MESSAGE][PASSED] - com.ct.qa.keywords.ChannelKeywords.visitChannelWiseProductsData is PASSED

2018-07-27 17:34:07 - [TEST_STEP][PASSED] - tap: Tapped on element 'Object Repository/ShopOpen/RemainingCategories/SubmitButton'

2018-07-27 17:34:07 - [MESSAGE][WARNING] - Timeout '0' is invalid. Using default page load timeout: '15'

2018-07-27 17:34:07 - [MESSAGE][PASSED] - Tapped on element 'Object Repository/ShopOpen/RemainingCategories/SubmitButton'

2018-07-27 17:34:07 - [TEST_STEP][PASSED] - verifyElementText: Actual text and expected text of test object 'Object Repository/ShopOpen/RemainingCategories/Validate_ProductCategoryAssetScreen' are matched.

2018-07-27 17:34:08 - [MESSAGE][PASSED] - Actual text and expected text of test object 'Object Repository/ShopOpen/RemainingCategories/Validate_ProductCategoryAssetScreen' are matched.

2018-07-27 17:34:08 - [TEST_STEP][PASSED] - tap: Tapped on element 'Object Repository/ShopOpen/RemainingCategories/StockTaking'

2018-07-27 17:34:08 - [MESSAGE][WARNING] - Timeout '0' is invalid. Using default page load timeout: '15'

2018-07-27 17:34:09 - [MESSAGE][PASSED] - Tapped on element 'Object Repository/ShopOpen/RemainingCategories/StockTaking'

2018-07-27 17:34:09 - [TEST_STEP][PASSED] - verifyElementText: Actual text and expected text of test object 'Object Repository/ShopOpen/RemainingCategories/Validate_StockTakingScreen' are matched.

2018-07-27 17:34:11 - [MESSAGE][PASSED] - Actual text and expected text of test object 'Object Repository/ShopOpen/RemainingCategories/Validate_StockTakingScreen' are matched.

2018-07-27 17:34:11 - [TEST_STEP][PASSED] - com.ct.qa.keywords.ChannelKeywords.visitChannelWiseProductsData: com.ct.qa.keywords.ChannelKeywords.visitChannelWiseProductsData is PASSED

2018-07-27 17:34:15 - [MESSAGE][PASSED] - Keyboard is hidden

2018-07-27 17:34:18 - [MESSAGE][PASSED] - Keyboard is hidden

2018-07-27 17:34:21 - [MESSAGE][PASSED] - Keyboard is hidden

2018-07-27 17:34:24 - [MESSAGE][PASSED] - Keyboard is hidden

2018-07-27 17:34:27 - [MESSAGE][PASSED] - Keyboard is hidden

2018-07-27 17:34:30 - [MESSAGE][PASSED] - Keyboard is hidden

2018-07-27 17:34:33 - [MESSAGE][PASSED] - Swiped from 1,359 to 1,250

2018-07-27 17:34:36 - [MESSAGE][PASSED] - Keyboard is hidden

2018-07-27 17:34:38 - [MESSAGE][PASSED] - Swiped from 1,359 to 1,250

2018-07-27 17:34:41 - [MESSAGE][PASSED] - Keyboard is hidden

2018-07-27 17:34:42 - [MESSAGE][PASSED] - Swiped from 1,359 to 1,250

2018-07-27 17:34:46 - [MESSAGE][PASSED] - Keyboard is hidden

2018-07-27 17:34:48 - [MESSAGE][PASSED] - Swiped from 1,359 to 1,250

2018-07-27 17:34:51 - [MESSAGE][PASSED] - Keyboard is hidden

2018-07-27 17:34:53 - [MESSAGE][PASSED] - Swiped from 1,359 to 1,250

2018-07-27 17:34:56 - [MESSAGE][PASSED] - Keyboard is hidden

2018-07-27 17:34:58 - [MESSAGE][PASSED] - Swiped from 1,359 to 1,250

2018-07-27 17:35:01 - [MESSAGE][PASSED] - Keyboard is hidden

2018-07-27 17:35:03 - [MESSAGE][PASSED] - Swiped from 1,359 to 1,250

2018-07-27 17:35:04 - [MESSAGE][PASSED] - com.ct.qa.keywords.ChannelKeywords.visitChannelWiseProductsData is PASSED

2018-07-27 17:35:04 - [TEST_STEP][PASSED] - tap: Tapped on element 'Object Repository/ShopOpen/RemainingCategories/SubmitButton'

2018-07-27 17:35:04 - [MESSAGE][WARNING] - Timeout '0' is invalid. Using default page load timeout: '15'

2018-07-27 17:35:04 - [MESSAGE][PASSED] - Tapped on element 'Object Repository/ShopOpen/RemainingCategories/SubmitButton'

2018-07-27 17:35:04 - [TEST_STEP][PASSED] - verifyElementText: Actual text and expected text of test object 'Object Repository/ShopOpen/RemainingCategories/Validate_ProductCategoryAssetScreen' are matched.

2018-07-27 17:35:05 - [MESSAGE][PASSED] - Actual text and expected text of test object 'Object Repository/ShopOpen/RemainingCategories/Validate_ProductCategoryAssetScreen' are matched.

2018-07-27 17:35:05 - [TEST_STEP][PASSED] - tap: Tapped on element 'Object Repository/ShopOpen/RemainingCategories/planogram_ImageView'

2018-07-27 17:35:05 - [MESSAGE][WARNING] - Timeout '0' is invalid. Using default page load timeout: '15'

2018-07-27 17:35:06 - [MESSAGE][PASSED] - Tapped on element 'Object Repository/ShopOpen/RemainingCategories/planogram_ImageView'

2018-07-27 17:35:06 - [TEST_STEP][PASSED] - com.ct.qa.keywords.CommonKeywords.checkPlanogramAvailability: com.ct.qa.keywords.CommonKeywords.checkPlanogramAvailability is PASSED

2018-07-27 17:35:06 - [MESSAGE][WARNING] - Timeout '0' is invalid. Using default page load timeout: '15'

2018-07-27 17:35:22 - [MESSAGE][WARNING] - Object Object Repository/CommonScreenElements/InfoPopUp_OKButton not found
[[ATTACHMENT|F:\\Git Projects\\MMAPlus_Merchandising\\MMAPlus_Merchandising\\Reports\\MMA Plus Merchandising With Chiller Data Verification\\20180727_163727\\1532694921531.png]]

2018-07-27 17:35:22 - [MESSAGE][PASSED] - com.ct.qa.keywords.CommonKeywords.checkPlanogramAvailability is PASSED

2018-07-27 17:35:22 - [TEST_STEP][PASSED] - com.ct.qa.keywords.CommonKeywords.closePlanogram: com.ct.qa.keywords.CommonKeywords.closePlanogram is PASSED

2018-07-27 17:35:23 - [MESSAGE][PASSED] - com.ct.qa.keywords.CommonKeywords.closePlanogram is PASSED

2018-07-27 17:35:23 - [TEST_STEP][PASSED] - verifyElementText: Actual text and expected text of test object 'Object Repository/ShopOpen/RemainingCategories/Validate_ProductCategoryAssetScreen' are matched.

2018-07-27 17:35:24 - [MESSAGE][PASSED] - Actual text and expected text of test object 'Object Repository/ShopOpen/RemainingCategories/Validate_ProductCategoryAssetScreen' are matched.

2018-07-27 17:35:24 - [TEST_STEP][PASSED] - com.ct.qa.keywords.CommonKeywords.findPictureImageView: com.ct.qa.keywords.CommonKeywords.findPictureImageView is PASSED

2018-07-27 17:35:24 - [MESSAGE][WARNING] - Timeout '0' is invalid. Using default page load timeout: '15'

2018-07-27 17:35:25 - [MESSAGE][PASSED] - Tapped on element 'Object Repository/CommonScreenElements/Picture_ImageView'

2018-07-27 17:35:25 - [MESSAGE][WARNING] - Timeout '0' is invalid. Using default page load timeout: '15'

2018-07-27 17:35:27 - [MESSAGE][PASSED] - Element 'Object Repository/CommonScreenElements/Validate_CameraScreen' is exist

2018-07-27 17:35:27 - [MESSAGE][WARNING] - Timeout '0' is invalid. Using default page load timeout: '15'

2018-07-27 17:35:30 - [MESSAGE][PASSED] - Tapped on element 'Object Repository/CommonScreenElements/TakePictureButton'

2018-07-27 17:35:35 - [MESSAGE][PASSED] - Delayed 5 second(s)

2018-07-27 17:35:35 - [MESSAGE][WARNING] - Timeout '0' is invalid. Using default page load timeout: '15'

2018-07-27 17:35:36 - [MESSAGE][PASSED] - Tapped on element 'Object Repository/CommonScreenElements/DoneButton'

2018-07-27 17:35:36 - [MESSAGE][PASSED] - com.ct.qa.keywords.CommonKeywords.findPictureImageView is PASSED

2018-07-27 17:35:36 - [TEST_STEP][PASSED] - verifyElementText: Actual text and expected text of test object 'Object Repository/ShopOpen/RemainingCategories/Validate_ProductCategoryAssetScreen' are matched.

2018-07-27 17:35:37 - [MESSAGE][PASSED] - Actual text and expected text of test object 'Object Repository/ShopOpen/RemainingCategories/Validate_ProductCategoryAssetScreen' are matched.

2018-07-27 17:35:37 - [TEST_STEP][PASSED] - tap: Tapped on element 'Object Repository/ShopOpen/RemainingCategories/ProductCategoryAsset_BackButton'

2018-07-27 17:35:37 - [MESSAGE][WARNING] - Timeout '0' is invalid. Using default page load timeout: '15'

2018-07-27 17:35:39 - [MESSAGE][PASSED] - Tapped on element 'Object Repository/ShopOpen/RemainingCategories/ProductCategoryAsset_BackButton'

2018-07-27 17:35:39 - [TEST_STEP][PASSED] - verifyElementExist: Element 'Object Repository/ShopOpen/Validate_ShopCategoriesListScreen' is exist

2018-07-27 17:35:39 - [MESSAGE][WARNING] - Timeout '0' is invalid. Using default page load timeout: '15'

2018-07-27 17:35:41 - [MESSAGE][PASSED] - Element 'Object Repository/ShopOpen/Validate_ShopCategoriesListScreen' is exist

2018-07-27 17:35:41 - [MESSAGE][PASSED] - Call Test Case 'Test Cases/ShopOpen/RemainingCategories/VisitRemainingCategoriesWithDSA' successfully

2018-07-27 17:35:42 - [TEST_CASE][PASSED] - Test Cases/ShopOpen/RemainingCategories/VisitRemainingCategoriesWithDSA: Test Cases/ShopOpen/RemainingCategories/VisitRemainingCategoriesWithDSA

2018-07-27 17:35:42 - [TEST_STEP][PASSED] - verifyElementText: Actual text and expected text of test object 'Object Repository/ShopOpen/RemainingCategories/Validate_RemainingCategoriesDetailScreen' are matched.

2018-07-27 17:35:44 - [MESSAGE][PASSED] - Actual text and expected text of test object 'Object Repository/ShopOpen/RemainingCategories/Validate_RemainingCategoriesDetailScreen' are matched.

2018-07-27 17:35:44 - [TEST_STEP][PASSED] - tap: Tapped on element 'Object Repository/ShopOpen/RemainingCategories/DisplaySpaceAvailable'

2018-07-27 17:35:44 - [MESSAGE][WARNING] - Timeout '0' is invalid. Using default page load timeout: '15'

2018-07-27 17:35:44 - [MESSAGE][PASSED] - Tapped on element 'Object Repository/ShopOpen/RemainingCategories/DisplaySpaceAvailable'

2018-07-27 17:35:44 - [TEST_STEP][PASSED] - verifyElementText: Actual text and expected text of test object 'Object Repository/ShopOpen/RemainingCategories/Validate_ProductCategoryAssetScreen' are matched.

2018-07-27 17:35:47 - [MESSAGE][PASSED] - Actual text and expected text of test object 'Object Repository/ShopOpen/RemainingCategories/Validate_ProductCategoryAssetScreen' are matched.

2018-07-27 17:35:47 - [TEST_STEP][PASSED] - tap: Tapped on element 'Object Repository/ShopOpen/RemainingCategories/Facing'

2018-07-27 17:35:47 - [MESSAGE][WARNING] - Timeout '0' is invalid. Using default page load timeout: '15'

2018-07-27 17:35:47 - [MESSAGE][PASSED] - Tapped on element 'Object Repository/ShopOpen/RemainingCategories/Facing'

2018-07-27 17:35:47 - [TEST_STEP][PASSED] - verifyElementText: Actual text and expected text of test object 'Object Repository/ShopOpen/RemainingCategories/Validate_FacingScreen' are matched.

2018-07-27 17:35:49 - [MESSAGE][PASSED] - Actual text and expected text of test object 'Object Repository/ShopOpen/RemainingCategories/Validate_FacingScreen' are matched.

2018-07-27 17:35:49 - [TEST_STEP][PASSED] - com.ct.qa.keywords.ChannelKeywords.visitChannelWiseProductsData: com.ct.qa.keywords.ChannelKeywords.visitChannelWiseProductsData is PASSED

2018-07-27 17:35:54 - [MESSAGE][PASSED] - Keyboard is hidden

2018-07-27 17:35:57 - [MESSAGE][PASSED] - Keyboard is hidden

2018-07-27 17:36:00 - [MESSAGE][PASSED] - Keyboard is hidden

2018-07-27 17:36:03 - [MESSAGE][PASSED] - Keyboard is hidden

2018-07-27 17:36:06 - [MESSAGE][PASSED] - Keyboard is hidden

2018-07-27 17:36:09 - [MESSAGE][PASSED] - Keyboard is hidden

2018-07-27 17:36:12 - [MESSAGE][PASSED] - Swiped from 117,359 to 117,250

2018-07-27 17:36:13 - [MESSAGE][PASSED] - com.ct.qa.keywords.ChannelKeywords.visitChannelWiseProductsData is PASSED

2018-07-27 17:36:13 - [TEST_STEP][PASSED] - tap: Tapped on element 'Object Repository/ShopOpen/RemainingCategories/SubmitButton'

2018-07-27 17:36:13 - [MESSAGE][WARNING] - Timeout '0' is invalid. Using default page load timeout: '15'

2018-07-27 17:36:13 - [MESSAGE][PASSED] - Tapped on element 'Object Repository/ShopOpen/RemainingCategories/SubmitButton'

2018-07-27 17:36:13 - [TEST_STEP][PASSED] - verifyElementText: Actual text and expected text of test object 'Object Repository/ShopOpen/RemainingCategories/Validate_ProductCategoryAssetScreen' are matched.

2018-07-27 17:36:14 - [MESSAGE][PASSED] - Actual text and expected text of test object 'Object Repository/ShopOpen/RemainingCategories/Validate_ProductCategoryAssetScreen' are matched.

2018-07-27 17:36:14 - [TEST_STEP][PASSED] - tap: Tapped on element 'Object Repository/ShopOpen/RemainingCategories/StockTaking'

2018-07-27 17:36:14 - [MESSAGE][WARNING] - Timeout '0' is invalid. Using default page load timeout: '15'

2018-07-27 17:36:15 - [MESSAGE][PASSED] - Tapped on element 'Object Repository/ShopOpen/RemainingCategories/StockTaking'

2018-07-27 17:36:15 - [TEST_STEP][PASSED] - verifyElementText: Actual text and expected text of test object 'Object Repository/ShopOpen/RemainingCategories/Validate_StockTakingScreen' are matched.

2018-07-27 17:36:17 - [MESSAGE][PASSED] - Actual text and expected text of test object 'Object Repository/ShopOpen/RemainingCategories/Validate_StockTakingScreen' are matched.

2018-07-27 17:36:17 - [TEST_STEP][PASSED] - com.ct.qa.keywords.ChannelKeywords.visitChannelWiseProductsData: com.ct.qa.keywords.ChannelKeywords.visitChannelWiseProductsData is PASSED

2018-07-27 17:36:21 - [MESSAGE][PASSED] - Keyboard is hidden

2018-07-27 17:36:24 - [MESSAGE][PASSED] - Keyboard is hidden

2018-07-27 17:36:27 - [MESSAGE][PASSED] - Keyboard is hidden

2018-07-27 17:36:30 - [MESSAGE][PASSED] - Keyboard is hidden

2018-07-27 17:36:33 - [MESSAGE][PASSED] - Keyboard is hidden

2018-07-27 17:36:36 - [MESSAGE][PASSED] - Keyboard is hidden

2018-07-27 17:36:39 - [MESSAGE][PASSED] - Swiped from 117,359 to 117,250

2018-07-27 17:36:40 - [MESSAGE][PASSED] - com.ct.qa.keywords.ChannelKeywords.visitChannelWiseProductsData is PASSED

2018-07-27 17:36:40 - [TEST_STEP][PASSED] - tap: Tapped on element 'Object Repository/ShopOpen/RemainingCategories/SubmitButton'

2018-07-27 17:36:40 - [MESSAGE][WARNING] - Timeout '0' is invalid. Using default page load timeout: '15'

2018-07-27 17:36:40 - [MESSAGE][PASSED] - Tapped on element 'Object Repository/ShopOpen/RemainingCategories/SubmitButton'

2018-07-27 17:36:40 - [TEST_STEP][PASSED] - verifyElementText: Actual text and expected text of test object 'Object Repository/ShopOpen/RemainingCategories/Validate_ProductCategoryAssetScreen' are matched.

2018-07-27 17:36:41 - [MESSAGE][PASSED] - Actual text and expected text of test object 'Object Repository/ShopOpen/RemainingCategories/Validate_ProductCategoryAssetScreen' are matched.

2018-07-27 17:36:41 - [TEST_STEP][PASSED] - tap: Tapped on element 'Object Repository/ShopOpen/RemainingCategories/planogram_ImageView'

2018-07-27 17:36:41 - [MESSAGE][WARNING] - Timeout '0' is invalid. Using default page load timeout: '15'

2018-07-27 17:36:42 - [MESSAGE][PASSED] - Tapped on element 'Object Repository/ShopOpen/RemainingCategories/planogram_ImageView'

2018-07-27 17:36:42 - [TEST_STEP][PASSED] - com.ct.qa.keywords.CommonKeywords.checkPlanogramAvailability: com.ct.qa.keywords.CommonKeywords.checkPlanogramAvailability is PASSED

2018-07-27 17:36:42 - [MESSAGE][WARNING] - Timeout '0' is invalid. Using default page load timeout: '15'

2018-07-27 17:36:58 - [MESSAGE][WARNING] - Object Object Repository/CommonScreenElements/InfoPopUp_OKButton not found
[[ATTACHMENT|F:\\Git Projects\\MMAPlus_Merchandising\\MMAPlus_Merchandising\\Reports\\MMA Plus Merchandising With Chiller Data Verification\\20180727_163727\\1532695017516.png]]

2018-07-27 17:36:58 - [MESSAGE][PASSED] - com.ct.qa.keywords.CommonKeywords.checkPlanogramAvailability is PASSED

2018-07-27 17:36:58 - [TEST_STEP][PASSED] - com.ct.qa.keywords.CommonKeywords.closePlanogram: com.ct.qa.keywords.CommonKeywords.closePlanogram is PASSED

2018-07-27 17:36:59 - [MESSAGE][PASSED] - com.ct.qa.keywords.CommonKeywords.closePlanogram is PASSED

2018-07-27 17:36:59 - [TEST_STEP][PASSED] - verifyElementText: Actual text and expected text of test object 'Object Repository/ShopOpen/RemainingCategories/Validate_ProductCategoryAssetScreen' are matched.

2018-07-27 17:37:00 - [MESSAGE][PASSED] - Actual text and expected text of test object 'Object Repository/ShopOpen/RemainingCategories/Validate_ProductCategoryAssetScreen' are matched.

2018-07-27 17:37:00 - [TEST_STEP][PASSED] - com.ct.qa.keywords.CommonKeywords.findPictureImageView: com.ct.qa.keywords.CommonKeywords.findPictureImageView is PASSED

2018-07-27 17:37:00 - [MESSAGE][WARNING] - Timeout '0' is invalid. Using default page load timeout: '15'

2018-07-27 17:37:03 - [MESSAGE][PASSED] - Tapped on element 'Object Repository/CommonScreenElements/Picture_ImageView'

2018-07-27 17:37:03 - [MESSAGE][WARNING] - Timeout '0' is invalid. Using default page load timeout: '15'

2018-07-27 17:37:04 - [MESSAGE][PASSED] - Element 'Object Repository/CommonScreenElements/Validate_CameraScreen' is exist

2018-07-27 17:37:04 - [MESSAGE][WARNING] - Timeout '0' is invalid. Using default page load timeout: '15'

2018-07-27 17:37:07 - [MESSAGE][PASSED] - Tapped on element 'Object Repository/CommonScreenElements/TakePictureButton'

2018-07-27 17:37:12 - [MESSAGE][PASSED] - Delayed 5 second(s)

2018-07-27 17:37:12 - [MESSAGE][WARNING] - Timeout '0' is invalid. Using default page load timeout: '15'

2018-07-27 17:37:13 - [MESSAGE][PASSED] - Tapped on element 'Object Repository/CommonScreenElements/DoneButton'

2018-07-27 17:37:13 - [MESSAGE][PASSED] - com.ct.qa.keywords.CommonKeywords.findPictureImageView is PASSED

2018-07-27 17:37:13 - [TEST_STEP][PASSED] - verifyElementText: Actual text and expected text of test object 'Object Repository/ShopOpen/RemainingCategories/Validate_ProductCategoryAssetScreen' are matched.

2018-07-27 17:37:14 - [MESSAGE][PASSED] - Actual text and expected text of test object 'Object Repository/ShopOpen/RemainingCategories/Validate_ProductCategoryAssetScreen' are matched.

2018-07-27 17:37:14 - [TEST_STEP][PASSED] - tap: Tapped on element 'Object Repository/ShopOpen/RemainingCategories/ProductCategoryAsset_BackButton'

2018-07-27 17:37:14 - [MESSAGE][WARNING] - Timeout '0' is invalid. Using default page load timeout: '15'

2018-07-27 17:37:14 - [MESSAGE][PASSED] - Tapped on element 'Object Repository/ShopOpen/RemainingCategories/ProductCategoryAsset_BackButton'

2018-07-27 17:37:14 - [TEST_STEP][PASSED] - verifyElementExist: Element 'Object Repository/ShopOpen/Validate_ShopCategoriesListScreen' is exist

2018-07-27 17:37:14 - [MESSAGE][WARNING] - Timeout '0' is invalid. Using default page load timeout: '15'

2018-07-27 17:37:16 - [MESSAGE][PASSED] - Element 'Object Repository/ShopOpen/Validate_ShopCategoriesListScreen' is exist

2018-07-27 17:37:16 - [MESSAGE][PASSED] - Call Test Case 'Test Cases/ShopOpen/RemainingCategories/VisitRemainingCategoriesWithDSA' successfully

2018-07-27 17:37:17 - [MESSAGE][PASSED] - Swiped from 0,293 to 0,200

2018-07-27 17:37:20 - [TEST_CASE][PASSED] - Test Cases/ShopOpen/RemainingCategories/VisitRemainingCategoriesWithDSA: Test Cases/ShopOpen/RemainingCategories/VisitRemainingCategoriesWithDSA

2018-07-27 17:37:20 - [TEST_STEP][PASSED] - verifyElementText: Actual text and expected text of test object 'Object Repository/ShopOpen/RemainingCategories/Validate_RemainingCategoriesDetailScreen' are matched.

2018-07-27 17:37:22 - [MESSAGE][PASSED] - Actual text and expected text of test object 'Object Repository/ShopOpen/RemainingCategories/Validate_RemainingCategoriesDetailScreen' are matched.

2018-07-27 17:37:22 - [TEST_STEP][PASSED] - tap: Tapped on element 'Object Repository/ShopOpen/RemainingCategories/DisplaySpaceAvailable'

2018-07-27 17:37:22 - [MESSAGE][WARNING] - Timeout '0' is invalid. Using default page load timeout: '15'

2018-07-27 17:37:22 - [MESSAGE][PASSED] - Tapped on element 'Object Repository/ShopOpen/RemainingCategories/DisplaySpaceAvailable'

2018-07-27 17:37:22 - [TEST_STEP][PASSED] - verifyElementText: Actual text and expected text of test object 'Object Repository/ShopOpen/RemainingCategories/Validate_ProductCategoryAssetScreen' are matched.

2018-07-27 17:37:25 - [MESSAGE][PASSED] - Actual text and expected text of test object 'Object Repository/ShopOpen/RemainingCategories/Validate_ProductCategoryAssetScreen' are matched.

2018-07-27 17:37:25 - [TEST_STEP][PASSED] - tap: Tapped on element 'Object Repository/ShopOpen/RemainingCategories/Facing'

2018-07-27 17:37:25 - [MESSAGE][WARNING] - Timeout '0' is invalid. Using default page load timeout: '15'

2018-07-27 17:37:25 - [MESSAGE][PASSED] - Tapped on element 'Object Repository/ShopOpen/RemainingCategories/Facing'

2018-07-27 17:37:25 - [TEST_STEP][PASSED] - verifyElementText: Actual text and expected text of test object 'Object Repository/ShopOpen/RemainingCategories/Validate_FacingScreen' are matched.

2018-07-27 17:37:27 - [MESSAGE][PASSED] - Actual text and expected text of test object 'Object Repository/ShopOpen/RemainingCategories/Validate_FacingScreen' are matched.

2018-07-27 17:37:27 - [TEST_STEP][PASSED] - com.ct.qa.keywords.ChannelKeywords.visitChannelWiseProductsData: com.ct.qa.keywords.ChannelKeywords.visitChannelWiseProductsData is PASSED

2018-07-27 17:37:31 - [MESSAGE][PASSED] - Keyboard is hidden

2018-07-27 17:37:34 - [MESSAGE][PASSED] - Keyboard is hidden

2018-07-27 17:37:37 - [MESSAGE][PASSED] - Keyboard is hidden

2018-07-27 17:37:40 - [MESSAGE][PASSED] - Keyboard is hidden

2018-07-27 17:37:43 - [MESSAGE][PASSED] - Keyboard is hidden

2018-07-27 17:37:44 - [MESSAGE][PASSED] - com.ct.qa.keywords.ChannelKeywords.visitChannelWiseProductsData is PASSED

2018-07-27 17:37:44 - [TEST_STEP][PASSED] - tap: Tapped on element 'Object Repository/ShopOpen/RemainingCategories/SubmitButton'

2018-07-27 17:37:44 - [MESSAGE][WARNING] - Timeout '0' is invalid. Using default page load timeout: '15'

2018-07-27 17:37:45 - [MESSAGE][PASSED] - Tapped on element 'Object Repository/ShopOpen/RemainingCategories/SubmitButton'

2018-07-27 17:37:45 - [TEST_STEP][PASSED] - verifyElementText: Actual text and expected text of test object 'Object Repository/ShopOpen/RemainingCategories/Validate_ProductCategoryAssetScreen' are matched.

2018-07-27 17:37:46 - [MESSAGE][PASSED] - Actual text and expected text of test object 'Object Repository/ShopOpen/RemainingCategories/Validate_ProductCategoryAssetScreen' are matched.

2018-07-27 17:37:46 - [TEST_STEP][PASSED] - tap: Tapped on element 'Object Repository/ShopOpen/RemainingCategories/StockTaking'

2018-07-27 17:37:46 - [MESSAGE][WARNING] - Timeout '0' is invalid. Using default page load timeout: '15'

2018-07-27 17:37:46 - [MESSAGE][PASSED] - Tapped on element 'Object Repository/ShopOpen/RemainingCategories/StockTaking'

2018-07-27 17:37:46 - [TEST_STEP][PASSED] - verifyElementText: Actual text and expected text of test object 'Object Repository/ShopOpen/RemainingCategories/Validate_StockTakingScreen' are matched.

2018-07-27 17:37:48 - [MESSAGE][PASSED] - Actual text and expected text of test object 'Object Repository/ShopOpen/RemainingCategories/Validate_StockTakingScreen' are matched.

2018-07-27 17:37:48 - [TEST_STEP][PASSED] - com.ct.qa.keywords.ChannelKeywords.visitChannelWiseProductsData: com.ct.qa.keywords.ChannelKeywords.visitChannelWiseProductsData is PASSED

2018-07-27 17:37:52 - [MESSAGE][PASSED] - Keyboard is hidden

2018-07-27 17:37:55 - [MESSAGE][PASSED] - Keyboard is hidden

2018-07-27 17:37:58 - [MESSAGE][PASSED] - Keyboard is hidden

2018-07-27 17:38:01 - [MESSAGE][PASSED] - Keyboard is hidden

2018-07-27 17:38:04 - [MESSAGE][PASSED] - Keyboard is hidden

2018-07-27 17:38:05 - [MESSAGE][PASSED] - com.ct.qa.keywords.ChannelKeywords.visitChannelWiseProductsData is PASSED

2018-07-27 17:38:05 - [TEST_STEP][PASSED] - tap: Tapped on element 'Object Repository/ShopOpen/RemainingCategories/SubmitButton'

2018-07-27 17:38:05 - [MESSAGE][WARNING] - Timeout '0' is invalid. Using default page load timeout: '15'

2018-07-27 17:38:06 - [MESSAGE][PASSED] - Tapped on element 'Object Repository/ShopOpen/RemainingCategories/SubmitButton'

2018-07-27 17:38:06 - [TEST_STEP][PASSED] - verifyElementText: Actual text and expected text of test object 'Object Repository/ShopOpen/RemainingCategories/Validate_ProductCategoryAssetScreen' are matched.

2018-07-27 17:38:07 - [MESSAGE][PASSED] - Actual text and expected text of test object 'Object Repository/ShopOpen/RemainingCategories/Validate_ProductCategoryAssetScreen' are matched.

2018-07-27 17:38:07 - [TEST_STEP][PASSED] - tap: Tapped on element 'Object Repository/ShopOpen/RemainingCategories/planogram_ImageView'

2018-07-27 17:38:07 - [MESSAGE][WARNING] - Timeout '0' is invalid. Using default page load timeout: '15'

2018-07-27 17:38:07 - [MESSAGE][PASSED] - Tapped on element 'Object Repository/ShopOpen/RemainingCategories/planogram_ImageView'

2018-07-27 17:38:07 - [TEST_STEP][PASSED] - com.ct.qa.keywords.CommonKeywords.checkPlanogramAvailability: com.ct.qa.keywords.CommonKeywords.checkPlanogramAvailability is PASSED

2018-07-27 17:38:07 - [MESSAGE][WARNING] - Timeout '0' is invalid. Using default page load timeout: '15'

2018-07-27 17:38:23 - [MESSAGE][WARNING] - Object Object Repository/CommonScreenElements/InfoPopUp_OKButton not found
[[ATTACHMENT|F:\\Git Projects\\MMAPlus_Merchandising\\MMAPlus_Merchandising\\Reports\\MMA Plus Merchandising With Chiller Data Verification\\20180727_163727\\1532695102938.png]]

2018-07-27 17:38:23 - [MESSAGE][PASSED] - com.ct.qa.keywords.CommonKeywords.checkPlanogramAvailability is PASSED

2018-07-27 17:38:23 - [TEST_STEP][PASSED] - com.ct.qa.keywords.CommonKeywords.closePlanogram: com.ct.qa.keywords.CommonKeywords.closePlanogram is PASSED

2018-07-27 17:38:24 - [MESSAGE][PASSED] - com.ct.qa.keywords.CommonKeywords.closePlanogram is PASSED

2018-07-27 17:38:24 - [TEST_STEP][PASSED] - verifyElementText: Actual text and expected text of test object 'Object Repository/ShopOpen/RemainingCategories/Validate_ProductCategoryAssetScreen' are matched.

2018-07-27 17:38:25 - [MESSAGE][PASSED] - Actual text and expected text of test object 'Object Repository/ShopOpen/RemainingCategories/Validate_ProductCategoryAssetScreen' are matched.

2018-07-27 17:38:25 - [TEST_STEP][PASSED] - com.ct.qa.keywords.CommonKeywords.findPictureImageView: com.ct.qa.keywords.CommonKeywords.findPictureImageView is PASSED

2018-07-27 17:38:26 - [MESSAGE][WARNING] - Timeout '0' is invalid. Using default page load timeout: '15'

2018-07-27 17:38:26 - [MESSAGE][PASSED] - Tapped on element 'Object Repository/CommonScreenElements/Picture_ImageView'

2018-07-27 17:38:26 - [MESSAGE][WARNING] - Timeout '0' is invalid. Using default page load timeout: '15'

2018-07-27 17:38:28 - [MESSAGE][PASSED] - Element 'Object Repository/CommonScreenElements/Validate_CameraScreen' is exist

2018-07-27 17:38:28 - [MESSAGE][WARNING] - Timeout '0' is invalid. Using default page load timeout: '15'

2018-07-27 17:38:31 - [MESSAGE][PASSED] - Tapped on element 'Object Repository/CommonScreenElements/TakePictureButton'

2018-07-27 17:38:36 - [MESSAGE][PASSED] - Delayed 5 second(s)

2018-07-27 17:38:36 - [MESSAGE][WARNING] - Timeout '0' is invalid. Using default page load timeout: '15'

2018-07-27 17:38:37 - [MESSAGE][PASSED] - Tapped on element 'Object Repository/CommonScreenElements/DoneButton'

2018-07-27 17:38:37 - [MESSAGE][PASSED] - com.ct.qa.keywords.CommonKeywords.findPictureImageView is PASSED

2018-07-27 17:38:37 - [TEST_STEP][PASSED] - verifyElementText: Actual text and expected text of test object 'Object Repository/ShopOpen/RemainingCategories/Validate_ProductCategoryAssetScreen' are matched.

2018-07-27 17:38:38 - [MESSAGE][PASSED] - Actual text and expected text of test object 'Object Repository/ShopOpen/RemainingCategories/Validate_ProductCategoryAssetScreen' are matched.

2018-07-27 17:38:38 - [TEST_STEP][PASSED] - tap: Tapped on element 'Object Repository/ShopOpen/RemainingCategories/ProductCategoryAsset_BackButton'

2018-07-27 17:38:38 - [MESSAGE][WARNING] - Timeout '0' is invalid. Using default page load timeout: '15'

2018-07-27 17:38:38 - [MESSAGE][PASSED] - Tapped on element 'Object Repository/ShopOpen/RemainingCategories/ProductCategoryAsset_BackButton'

2018-07-27 17:38:38 - [TEST_STEP][PASSED] - verifyElementExist: Element 'Object Repository/ShopOpen/Validate_ShopCategoriesListScreen' is exist

2018-07-27 17:38:38 - [MESSAGE][WARNING] - Timeout '0' is invalid. Using default page load timeout: '15'

2018-07-27 17:38:40 - [MESSAGE][PASSED] - Element 'Object Repository/ShopOpen/Validate_ShopCategoriesListScreen' is exist

2018-07-27 17:38:40 - [MESSAGE][PASSED] - Call Test Case 'Test Cases/ShopOpen/RemainingCategories/VisitRemainingCategoriesWithDSA' successfully

2018-07-27 17:38:40 - [MESSAGE][PASSED] - Swiped from 0,293 to 0,200

2018-07-27 17:38:44 - [MESSAGE][PASSED] - Swiped from 0,293 to 0,200

2018-07-27 17:38:47 - [TEST_CASE][PASSED] - Test Cases/ShopOpen/RemainingCategories/VisitRemainingCategoriesWithDSA: Test Cases/ShopOpen/RemainingCategories/VisitRemainingCategoriesWithDSA

2018-07-27 17:38:47 - [TEST_STEP][PASSED] - verifyElementText: Actual text and expected text of test object 'Object Repository/ShopOpen/RemainingCategories/Validate_RemainingCategoriesDetailScreen' are matched.

2018-07-27 17:38:49 - [MESSAGE][PASSED] - Actual text and expected text of test object 'Object Repository/ShopOpen/RemainingCategories/Validate_RemainingCategoriesDetailScreen' are matched.

2018-07-27 17:38:49 - [TEST_STEP][PASSED] - tap: Tapped on element 'Object Repository/ShopOpen/RemainingCategories/DisplaySpaceAvailable'

2018-07-27 17:38:49 - [MESSAGE][WARNING] - Timeout '0' is invalid. Using default page load timeout: '15'

2018-07-27 17:38:49 - [MESSAGE][PASSED] - Tapped on element 'Object Repository/ShopOpen/RemainingCategories/DisplaySpaceAvailable'

2018-07-27 17:38:49 - [TEST_STEP][PASSED] - verifyElementText: Actual text and expected text of test object 'Object Repository/ShopOpen/RemainingCategories/Validate_ProductCategoryAssetScreen' are matched.

2018-07-27 17:38:52 - [MESSAGE][PASSED] - Actual text and expected text of test object 'Object Repository/ShopOpen/RemainingCategories/Validate_ProductCategoryAssetScreen' are matched.

2018-07-27 17:38:52 - [TEST_STEP][PASSED] - tap: Tapped on element 'Object Repository/ShopOpen/RemainingCategories/Facing'

2018-07-27 17:38:52 - [MESSAGE][WARNING] - Timeout '0' is invalid. Using default page load timeout: '15'

2018-07-27 17:38:52 - [MESSAGE][PASSED] - Tapped on element 'Object Repository/ShopOpen/RemainingCategories/Facing'

2018-07-27 17:38:52 - [TEST_STEP][PASSED] - verifyElementText: Actual text and expected text of test object 'Object Repository/ShopOpen/RemainingCategories/Validate_FacingScreen' are matched.

2018-07-27 17:38:54 - [MESSAGE][PASSED] - Actual text and expected text of test object 'Object Repository/ShopOpen/RemainingCategories/Validate_FacingScreen' are matched.

2018-07-27 17:38:54 - [TEST_STEP][PASSED] - com.ct.qa.keywords.ChannelKeywords.visitChannelWiseProductsData: com.ct.qa.keywords.ChannelKeywords.visitChannelWiseProductsData is PASSED

2018-07-27 17:38:58 - [MESSAGE][PASSED] - Keyboard is hidden

2018-07-27 17:39:01 - [MESSAGE][PASSED] - Keyboard is hidden

2018-07-27 17:39:04 - [MESSAGE][PASSED] - Keyboard is hidden

2018-07-27 17:39:05 - [MESSAGE][PASSED] - com.ct.qa.keywords.ChannelKeywords.visitChannelWiseProductsData is PASSED

2018-07-27 17:39:05 - [TEST_STEP][PASSED] - tap: Tapped on element 'Object Repository/ShopOpen/RemainingCategories/SubmitButton'

2018-07-27 17:39:05 - [MESSAGE][WARNING] - Timeout '0' is invalid. Using default page load timeout: '15'

2018-07-27 17:39:06 - [MESSAGE][PASSED] - Tapped on element 'Object Repository/ShopOpen/RemainingCategories/SubmitButton'

2018-07-27 17:39:06 - [TEST_STEP][PASSED] - verifyElementText: Actual text and expected text of test object 'Object Repository/ShopOpen/RemainingCategories/Validate_ProductCategoryAssetScreen' are matched.

2018-07-27 17:39:07 - [MESSAGE][PASSED] - Actual text and expected text of test object 'Object Repository/ShopOpen/RemainingCategories/Validate_ProductCategoryAssetScreen' are matched.

2018-07-27 17:39:07 - [TEST_STEP][PASSED] - tap: Tapped on element 'Object Repository/ShopOpen/RemainingCategories/StockTaking'

2018-07-27 17:39:07 - [MESSAGE][WARNING] - Timeout '0' is invalid. Using default page load timeout: '15'

2018-07-27 17:39:07 - [MESSAGE][PASSED] - Tapped on element 'Object Repository/ShopOpen/RemainingCategories/StockTaking'

2018-07-27 17:39:07 - [TEST_STEP][PASSED] - verifyElementText: Actual text and expected text of test object 'Object Repository/ShopOpen/RemainingCategories/Validate_StockTakingScreen' are matched.

2018-07-27 17:39:09 - [MESSAGE][PASSED] - Actual text and expected text of test object 'Object Repository/ShopOpen/RemainingCategories/Validate_StockTakingScreen' are matched.

2018-07-27 17:39:09 - [TEST_STEP][PASSED] - com.ct.qa.keywords.ChannelKeywords.visitChannelWiseProductsData: com.ct.qa.keywords.ChannelKeywords.visitChannelWiseProductsData is PASSED

2018-07-27 17:39:13 - [MESSAGE][PASSED] - Keyboard is hidden

2018-07-27 17:39:16 - [MESSAGE][PASSED] - Keyboard is hidden

2018-07-27 17:39:19 - [MESSAGE][PASSED] - Keyboard is hidden

2018-07-27 17:39:20 - [MESSAGE][PASSED] - com.ct.qa.keywords.ChannelKeywords.visitChannelWiseProductsData is PASSED

2018-07-27 17:39:20 - [TEST_STEP][PASSED] - tap: Tapped on element 'Object Repository/ShopOpen/RemainingCategories/SubmitButton'

2018-07-27 17:39:20 - [MESSAGE][WARNING] - Timeout '0' is invalid. Using default page load timeout: '15'

2018-07-27 17:39:21 - [MESSAGE][PASSED] - Tapped on element 'Object Repository/ShopOpen/RemainingCategories/SubmitButton'

2018-07-27 17:39:21 - [TEST_STEP][PASSED] - verifyElementText: Actual text and expected text of test object 'Object Repository/ShopOpen/RemainingCategories/Validate_ProductCategoryAssetScreen' are matched.

2018-07-27 17:39:22 - [MESSAGE][PASSED] - Actual text and expected text of test object 'Object Repository/ShopOpen/RemainingCategories/Validate_ProductCategoryAssetScreen' are matched.

2018-07-27 17:39:22 - [TEST_STEP][PASSED] - tap: Tapped on element 'Object Repository/ShopOpen/RemainingCategories/planogram_ImageView'

2018-07-27 17:39:22 - [MESSAGE][WARNING] - Timeout '0' is invalid. Using default page load timeout: '15'

2018-07-27 17:39:22 - [MESSAGE][PASSED] - Tapped on element 'Object Repository/ShopOpen/RemainingCategories/planogram_ImageView'

2018-07-27 17:39:22 - [TEST_STEP][PASSED] - com.ct.qa.keywords.CommonKeywords.checkPlanogramAvailability: com.ct.qa.keywords.CommonKeywords.checkPlanogramAvailability is PASSED

2018-07-27 17:39:22 - [MESSAGE][WARNING] - Timeout '0' is invalid. Using default page load timeout: '15'

2018-07-27 17:39:38 - [MESSAGE][WARNING] - Object Object Repository/CommonScreenElements/InfoPopUp_OKButton not found
[[ATTACHMENT|F:\\Git Projects\\MMAPlus_Merchandising\\MMAPlus_Merchandising\\Reports\\MMA Plus Merchandising With Chiller Data Verification\\20180727_163727\\1532695177733.png]]

2018-07-27 17:39:38 - [MESSAGE][PASSED] - com.ct.qa.keywords.CommonKeywords.checkPlanogramAvailability is PASSED

2018-07-27 17:39:38 - [TEST_STEP][PASSED] - com.ct.qa.keywords.CommonKeywords.closePlanogram: com.ct.qa.keywords.CommonKeywords.closePlanogram is PASSED

2018-07-27 17:39:39 - [MESSAGE][PASSED] - com.ct.qa.keywords.CommonKeywords.closePlanogram is PASSED

2018-07-27 17:39:39 - [TEST_STEP][PASSED] - verifyElementText: Actual text and expected text of test object 'Object Repository/ShopOpen/RemainingCategories/Validate_ProductCategoryAssetScreen' are matched.

2018-07-27 17:39:40 - [MESSAGE][PASSED] - Actual text and expected text of test object 'Object Repository/ShopOpen/RemainingCategories/Validate_ProductCategoryAssetScreen' are matched.

2018-07-27 17:39:40 - [TEST_STEP][PASSED] - com.ct.qa.keywords.CommonKeywords.findPictureImageView: com.ct.qa.keywords.CommonKeywords.findPictureImageView is PASSED

2018-07-27 17:39:40 - [MESSAGE][WARNING] - Timeout '0' is invalid. Using default page load timeout: '15'

2018-07-27 17:39:43 - [MESSAGE][PASSED] - Tapped on element 'Object Repository/CommonScreenElements/Picture_ImageView'

2018-07-27 17:39:43 - [MESSAGE][WARNING] - Timeout '0' is invalid. Using default page load timeout: '15'

2018-07-27 17:39:44 - [MESSAGE][PASSED] - Element 'Object Repository/CommonScreenElements/Validate_CameraScreen' is exist

2018-07-27 17:39:44 - [MESSAGE][WARNING] - Timeout '0' is invalid. Using default page load timeout: '15'

2018-07-27 17:39:47 - [MESSAGE][PASSED] - Tapped on element 'Object Repository/CommonScreenElements/TakePictureButton'

2018-07-27 17:39:52 - [MESSAGE][PASSED] - Delayed 5 second(s)

2018-07-27 17:39:52 - [MESSAGE][WARNING] - Timeout '0' is invalid. Using default page load timeout: '15'

2018-07-27 17:39:53 - [MESSAGE][PASSED] - Tapped on element 'Object Repository/CommonScreenElements/DoneButton'

2018-07-27 17:39:53 - [MESSAGE][PASSED] - com.ct.qa.keywords.CommonKeywords.findPictureImageView is PASSED

2018-07-27 17:39:53 - [TEST_STEP][PASSED] - verifyElementText: Actual text and expected text of test object 'Object Repository/ShopOpen/RemainingCategories/Validate_ProductCategoryAssetScreen' are matched.

2018-07-27 17:39:54 - [MESSAGE][PASSED] - Actual text and expected text of test object 'Object Repository/ShopOpen/RemainingCategories/Validate_ProductCategoryAssetScreen' are matched.

2018-07-27 17:39:54 - [TEST_STEP][PASSED] - tap: Tapped on element 'Object Repository/ShopOpen/RemainingCategories/ProductCategoryAsset_BackButton'

2018-07-27 17:39:54 - [MESSAGE][WARNING] - Timeout '0' is invalid. Using default page load timeout: '15'

2018-07-27 17:39:54 - [MESSAGE][PASSED] - Tapped on element 'Object Repository/ShopOpen/RemainingCategories/ProductCategoryAsset_BackButton'

2018-07-27 17:39:54 - [TEST_STEP][PASSED] - verifyElementExist: Element 'Object Repository/ShopOpen/Validate_ShopCategoriesListScreen' is exist

2018-07-27 17:39:54 - [MESSAGE][WARNING] - Timeout '0' is invalid. Using default page load timeout: '15'

2018-07-27 17:39:57 - [MESSAGE][PASSED] - Element 'Object Repository/ShopOpen/Validate_ShopCategoriesListScreen' is exist

2018-07-27 17:39:57 - [MESSAGE][PASSED] - Call Test Case 'Test Cases/ShopOpen/RemainingCategories/VisitRemainingCategoriesWithDSA' successfully

2018-07-27 17:39:57 - [MESSAGE][PASSED] - Swiped from 0,293 to 0,200

2018-07-27 17:40:00 - [MESSAGE][PASSED] - Swiped from 0,293 to 0,200

2018-07-27 17:40:04 - [MESSAGE][PASSED] - Swiped from 0,293 to 0,200

2018-07-27 17:40:07 - [TEST_CASE][PASSED] - Test Cases/ShopOpen/RemainingCategories/VisitRemainingCategoriesWithDSA: Test Cases/ShopOpen/RemainingCategories/VisitRemainingCategoriesWithDSA

2018-07-27 17:40:07 - [TEST_STEP][PASSED] - verifyElementText: Actual text and expected text of test object 'Object Repository/ShopOpen/RemainingCategories/Validate_RemainingCategoriesDetailScreen' are matched.

2018-07-27 17:40:09 - [MESSAGE][PASSED] - Actual text and expected text of test object 'Object Repository/ShopOpen/RemainingCategories/Validate_RemainingCategoriesDetailScreen' are matched.

2018-07-27 17:40:09 - [TEST_STEP][PASSED] - tap: Tapped on element 'Object Repository/ShopOpen/RemainingCategories/DisplaySpaceAvailable'

2018-07-27 17:40:09 - [MESSAGE][WARNING] - Timeout '0' is invalid. Using default page load timeout: '15'

2018-07-27 17:40:09 - [MESSAGE][PASSED] - Tapped on element 'Object Repository/ShopOpen/RemainingCategories/DisplaySpaceAvailable'

2018-07-27 17:40:09 - [TEST_STEP][PASSED] - verifyElementText: Actual text and expected text of test object 'Object Repository/ShopOpen/RemainingCategories/Validate_ProductCategoryAssetScreen' are matched.

2018-07-27 17:40:11 - [MESSAGE][PASSED] - Actual text and expected text of test object 'Object Repository/ShopOpen/RemainingCategories/Validate_ProductCategoryAssetScreen' are matched.

2018-07-27 17:40:11 - [TEST_STEP][PASSED] - tap: Tapped on element 'Object Repository/ShopOpen/RemainingCategories/Facing'

2018-07-27 17:40:11 - [MESSAGE][WARNING] - Timeout '0' is invalid. Using default page load timeout: '15'

2018-07-27 17:40:11 - [MESSAGE][PASSED] - Tapped on element 'Object Repository/ShopOpen/RemainingCategories/Facing'

2018-07-27 17:40:11 - [TEST_STEP][PASSED] - verifyElementText: Actual text and expected text of test object 'Object Repository/ShopOpen/RemainingCategories/Validate_FacingScreen' are matched.

2018-07-27 17:40:13 - [MESSAGE][PASSED] - Actual text and expected text of test object 'Object Repository/ShopOpen/RemainingCategories/Validate_FacingScreen' are matched.

2018-07-27 17:40:13 - [TEST_STEP][PASSED] - com.ct.qa.keywords.ChannelKeywords.visitChannelWiseProductsData: com.ct.qa.keywords.ChannelKeywords.visitChannelWiseProductsData is PASSED

2018-07-27 17:40:16 - [MESSAGE][PASSED] - Keyboard is hidden

2018-07-27 17:40:19 - [MESSAGE][PASSED] - Keyboard is hidden

2018-07-27 17:40:20 - [MESSAGE][PASSED] - com.ct.qa.keywords.ChannelKeywords.visitChannelWiseProductsData is PASSED

2018-07-27 17:40:20 - [TEST_STEP][PASSED] - tap: Tapped on element 'Object Repository/ShopOpen/RemainingCategories/SubmitButton'

2018-07-27 17:40:20 - [MESSAGE][WARNING] - Timeout '0' is invalid. Using default page load timeout: '15'

2018-07-27 17:40:21 - [MESSAGE][PASSED] - Tapped on element 'Object Repository/ShopOpen/RemainingCategories/SubmitButton'

2018-07-27 17:40:21 - [TEST_STEP][PASSED] - verifyElementText: Actual text and expected text of test object 'Object Repository/ShopOpen/RemainingCategories/Validate_ProductCategoryAssetScreen' are matched.

2018-07-27 17:40:22 - [MESSAGE][PASSED] - Actual text and expected text of test object 'Object Repository/ShopOpen/RemainingCategories/Validate_ProductCategoryAssetScreen' are matched.

2018-07-27 17:40:22 - [TEST_STEP][PASSED] - tap: Tapped on element 'Object Repository/ShopOpen/RemainingCategories/StockTaking'

2018-07-27 17:40:22 - [MESSAGE][WARNING] - Timeout '0' is invalid. Using default page load timeout: '15'

2018-07-27 17:40:22 - [MESSAGE][PASSED] - Tapped on element 'Object Repository/ShopOpen/RemainingCategories/StockTaking'

2018-07-27 17:40:22 - [TEST_STEP][PASSED] - verifyElementText: Actual text and expected text of test object 'Object Repository/ShopOpen/RemainingCategories/Validate_StockTakingScreen' are matched.

2018-07-27 17:40:24 - [MESSAGE][PASSED] - Actual text and expected text of test object 'Object Repository/ShopOpen/RemainingCategories/Validate_StockTakingScreen' are matched.

2018-07-27 17:40:24 - [TEST_STEP][PASSED] - com.ct.qa.keywords.ChannelKeywords.visitChannelWiseProductsData: com.ct.qa.keywords.ChannelKeywords.visitChannelWiseProductsData is PASSED

2018-07-27 17:40:27 - [MESSAGE][PASSED] - Keyboard is hidden

2018-07-27 17:40:30 - [MESSAGE][PASSED] - Keyboard is hidden

2018-07-27 17:40:31 - [MESSAGE][PASSED] - com.ct.qa.keywords.ChannelKeywords.visitChannelWiseProductsData is PASSED

2018-07-27 17:40:31 - [TEST_STEP][PASSED] - tap: Tapped on element 'Object Repository/ShopOpen/RemainingCategories/SubmitButton'

2018-07-27 17:40:31 - [MESSAGE][WARNING] - Timeout '0' is invalid. Using default page load timeout: '15'

2018-07-27 17:40:32 - [MESSAGE][PASSED] - Tapped on element 'Object Repository/ShopOpen/RemainingCategories/SubmitButton'

2018-07-27 17:40:32 - [TEST_STEP][PASSED] - verifyElementText: Actual text and expected text of test object 'Object Repository/ShopOpen/RemainingCategories/Validate_ProductCategoryAssetScreen' are matched.

2018-07-27 17:40:33 - [MESSAGE][PASSED] - Actual text and expected text of test object 'Object Repository/ShopOpen/RemainingCategories/Validate_ProductCategoryAssetScreen' are matched.

2018-07-27 17:40:33 - [TEST_STEP][PASSED] - tap: Tapped on element 'Object Repository/ShopOpen/RemainingCategories/planogram_ImageView'

2018-07-27 17:40:33 - [MESSAGE][WARNING] - Timeout '0' is invalid. Using default page load timeout: '15'

2018-07-27 17:40:33 - [MESSAGE][PASSED] - Tapped on element 'Object Repository/ShopOpen/RemainingCategories/planogram_ImageView'

2018-07-27 17:40:33 - [TEST_STEP][PASSED] - com.ct.qa.keywords.CommonKeywords.checkPlanogramAvailability: com.ct.qa.keywords.CommonKeywords.checkPlanogramAvailability is PASSED

2018-07-27 17:40:33 - [MESSAGE][WARNING] - Timeout '0' is invalid. Using default page load timeout: '15'

2018-07-27 17:40:49 - [MESSAGE][WARNING] - Object Object Repository/CommonScreenElements/InfoPopUp_OKButton not found
[[ATTACHMENT|F:\\Git Projects\\MMAPlus_Merchandising\\MMAPlus_Merchandising\\Reports\\MMA Plus Merchandising With Chiller Data Verification\\20180727_163727\\1532695248605.png]]

2018-07-27 17:40:49 - [MESSAGE][PASSED] - com.ct.qa.keywords.CommonKeywords.checkPlanogramAvailability is PASSED

2018-07-27 17:40:49 - [TEST_STEP][PASSED] - com.ct.qa.keywords.CommonKeywords.closePlanogram: com.ct.qa.keywords.CommonKeywords.closePlanogram is PASSED

2018-07-27 17:40:50 - [MESSAGE][PASSED] - com.ct.qa.keywords.CommonKeywords.closePlanogram is PASSED

2018-07-27 17:40:50 - [TEST_STEP][PASSED] - verifyElementText: Actual text and expected text of test object 'Object Repository/ShopOpen/RemainingCategories/Validate_ProductCategoryAssetScreen' are matched.

2018-07-27 17:40:51 - [MESSAGE][PASSED] - Actual text and expected text of test object 'Object Repository/ShopOpen/RemainingCategories/Validate_ProductCategoryAssetScreen' are matched.

2018-07-27 17:40:51 - [TEST_STEP][PASSED] - com.ct.qa.keywords.CommonKeywords.findPictureImageView: com.ct.qa.keywords.CommonKeywords.findPictureImageView is PASSED

2018-07-27 17:40:51 - [MESSAGE][WARNING] - Timeout '0' is invalid. Using default page load timeout: '15'

2018-07-27 17:40:53 - [MESSAGE][PASSED] - Tapped on element 'Object Repository/CommonScreenElements/Picture_ImageView'

2018-07-27 17:40:53 - [MESSAGE][WARNING] - Timeout '0' is invalid. Using default page load timeout: '15'

2018-07-27 17:40:54 - [MESSAGE][PASSED] - Element 'Object Repository/CommonScreenElements/Validate_CameraScreen' is exist

2018-07-27 17:40:54 - [MESSAGE][WARNING] - Timeout '0' is invalid. Using default page load timeout: '15'

2018-07-27 17:40:57 - [MESSAGE][PASSED] - Tapped on element 'Object Repository/CommonScreenElements/TakePictureButton'

2018-07-27 17:41:02 - [MESSAGE][PASSED] - Delayed 5 second(s)

2018-07-27 17:41:03 - [MESSAGE][WARNING] - Timeout '0' is invalid. Using default page load timeout: '15'

2018-07-27 17:41:03 - [MESSAGE][PASSED] - Tapped on element 'Object Repository/CommonScreenElements/DoneButton'

2018-07-27 17:41:03 - [MESSAGE][PASSED] - com.ct.qa.keywords.CommonKeywords.findPictureImageView is PASSED

2018-07-27 17:41:03 - [TEST_STEP][PASSED] - verifyElementText: Actual text and expected text of test object 'Object Repository/ShopOpen/RemainingCategories/Validate_ProductCategoryAssetScreen' are matched.

2018-07-27 17:41:04 - [MESSAGE][PASSED] - Actual text and expected text of test object 'Object Repository/ShopOpen/RemainingCategories/Validate_ProductCategoryAssetScreen' are matched.

2018-07-27 17:41:04 - [TEST_STEP][PASSED] - tap: Tapped on element 'Object Repository/ShopOpen/RemainingCategories/ProductCategoryAsset_BackButton'

2018-07-27 17:41:04 - [MESSAGE][WARNING] - Timeout '0' is invalid. Using default page load timeout: '15'

2018-07-27 17:41:05 - [MESSAGE][PASSED] - Tapped on element 'Object Repository/ShopOpen/RemainingCategories/ProductCategoryAsset_BackButton'

2018-07-27 17:41:05 - [TEST_STEP][PASSED] - verifyElementExist: Element 'Object Repository/ShopOpen/Validate_ShopCategoriesListScreen' is exist

2018-07-27 17:41:05 - [MESSAGE][WARNING] - Timeout '0' is invalid. Using default page load timeout: '15'

2018-07-27 17:41:07 - [MESSAGE][PASSED] - Element 'Object Repository/ShopOpen/Validate_ShopCategoriesListScreen' is exist

2018-07-27 17:41:07 - [MESSAGE][PASSED] - Call Test Case 'Test Cases/ShopOpen/RemainingCategories/VisitRemainingCategoriesWithDSA' successfully

2018-07-27 17:41:07 - [MESSAGE][PASSED] - Swiped from 0,293 to 0,200

2018-07-27 17:41:10 - [MESSAGE][PASSED] - Swiped from 0,293 to 0,200

2018-07-27 17:41:13 - [MESSAGE][PASSED] - Swiped from 0,293 to 0,200

2018-07-27 17:41:17 - [MESSAGE][PASSED] - Swiped from 0,293 to 0,200

2018-07-27 17:41:20 - [TEST_CASE][PASSED] - Test Cases/ShopOpen/CompetitionTracking/VisitCompetitionTracking: Test Cases/ShopOpen/CompetitionTracking/VisitCompetitionTracking

2018-07-27 17:41:20 - [TEST_STEP][PASSED] - verifyElementExist: Element 'Object Repository/ShopOpen/CompetitionTracking/Validate_CompetitionTrackingScreen' is exist

2018-07-27 17:41:20 - [MESSAGE][WARNING] - Timeout '0' is invalid. Using default page load timeout: '15'

2018-07-27 17:41:22 - [MESSAGE][PASSED] - Element 'Object Repository/ShopOpen/CompetitionTracking/Validate_CompetitionTrackingScreen' is exist

2018-07-27 17:41:22 - [TEST_STEP][PASSED] - com.ct.qa.keywords.CompetitionTrackingKeywords.visitCompetitiontrackingProducts: com.ct.qa.keywords.CompetitionTrackingKeywords.visitCompetitiontrackingProducts is PASSED

2018-07-27 17:41:25 - [MESSAGE][PASSED] - Keyboard is hidden

2018-07-27 17:41:27 - [MESSAGE][PASSED] - Keyboard is hidden

2018-07-27 17:41:29 - [MESSAGE][PASSED] - Keyboard is hidden

2018-07-27 17:41:32 - [MESSAGE][PASSED] - Keyboard is hidden

2018-07-27 17:41:32 - [MESSAGE][PASSED] - com.ct.qa.keywords.CompetitionTrackingKeywords.visitCompetitiontrackingProducts is PASSED

2018-07-27 17:41:32 - [TEST_STEP][PASSED] - pressBack: Press back button successfully

2018-07-27 17:41:33 - [MESSAGE][PASSED] - Press back button successfully

2018-07-27 17:41:33 - [TEST_STEP][PASSED] - verifyElementExist: Element 'Object Repository/ShopOpen/Validate_ShopCategoriesListScreen' is exist

2018-07-27 17:41:33 - [MESSAGE][WARNING] - Timeout '0' is invalid. Using default page load timeout: '15'

2018-07-27 17:41:34 - [MESSAGE][PASSED] - Element 'Object Repository/ShopOpen/Validate_ShopCategoriesListScreen' is exist

2018-07-27 17:41:34 - [MESSAGE][PASSED] - Call Test Case 'Test Cases/ShopOpen/CompetitionTracking/VisitCompetitionTracking' successfully

2018-07-27 17:41:34 - [MESSAGE][PASSED] - Swiped from 0,293 to 0,200

2018-07-27 17:41:37 - [MESSAGE][PASSED] - Swiped from 0,293 to 0,200

2018-07-27 17:41:40 - [MESSAGE][PASSED] - Swiped from 0,293 to 0,200

2018-07-27 17:41:42 - [MESSAGE][PASSED] - Swiped from 0,293 to 0,200

2018-07-27 17:41:46 - [MESSAGE][PASSED] - Swiped from 0,293 to 0,200

2018-07-27 17:41:49 - [TEST_CASE][PASSED] - Test Cases/ShopOpen/RTMVisitFrequency/VisitRTMVisitFrequency: Test Cases/ShopOpen/RTMVisitFrequency/VisitRTMVisitFrequency

2018-07-27 17:41:49 - [TEST_STEP][PASSED] - verifyElementText: Actual text and expected text of test object 'Object Repository/ShopOpen/RTMVisitFrequency/Validate_RTMVisitFrequencyScreen' are matched.

2018-07-27 17:41:51 - [MESSAGE][PASSED] - Actual text and expected text of test object 'Object Repository/ShopOpen/RTMVisitFrequency/Validate_RTMVisitFrequencyScreen' are matched.

2018-07-27 17:41:51 - [TEST_STEP][PASSED] - com.ct.qa.keywords.RTMVisitFrequencyKeywords.visitRTMVisitFrequency: com.ct.qa.keywords.RTMVisitFrequencyKeywords.visitRTMVisitFrequency is PASSED

2018-07-27 17:41:52 - [MESSAGE][WARNING] - Timeout '0' is invalid. Using default page load timeout: '15'

2018-07-27 17:41:54 - [MESSAGE][PASSED] - Element 'Object Repository/ShopOpen/RTMVisitFrequency/Validate_RTMVisitFrequencyRemarks' is exist

2018-07-27 17:41:54 - [MESSAGE][WARNING] - Timeout '0' is invalid. Using default page load timeout: '15'

2018-07-27 17:41:54 - [MESSAGE][PASSED] - Tapped on element 'Object Repository/ShopOpen/RTMVisitFrequency/OnceAWeek'

2018-07-27 17:41:55 - [MESSAGE][WARNING] - Timeout '0' is invalid. Using default page load timeout: '15'

2018-07-27 17:41:56 - [MESSAGE][PASSED] - Element 'Object Repository/ShopOpen/RTMVisitFrequency/Validate_RTMVisitFrequencyRemarks' is exist

2018-07-27 17:41:56 - [MESSAGE][WARNING] - Timeout '0' is invalid. Using default page load timeout: '15'

2018-07-27 17:41:57 - [MESSAGE][PASSED] - Tapped on element 'Object Repository/ShopOpen/RTMVisitFrequency/OnceAWeek'

2018-07-27 17:41:58 - [MESSAGE][WARNING] - Timeout '0' is invalid. Using default page load timeout: '15'

2018-07-27 17:41:59 - [MESSAGE][PASSED] - Element 'Object Repository/ShopOpen/RTMVisitFrequency/Validate_RTMVisitFrequencyRemarks' is exist

2018-07-27 17:41:59 - [MESSAGE][WARNING] - Timeout '0' is invalid. Using default page load timeout: '15'

2018-07-27 17:42:00 - [MESSAGE][PASSED] - Tapped on element 'Object Repository/ShopOpen/RTMVisitFrequency/OnceAWeek'

2018-07-27 17:42:01 - [MESSAGE][WARNING] - Timeout '0' is invalid. Using default page load timeout: '15'

2018-07-27 17:42:02 - [MESSAGE][PASSED] - Element 'Object Repository/ShopOpen/RTMVisitFrequency/Validate_RTMVisitFrequencyRemarks' is exist

2018-07-27 17:42:02 - [MESSAGE][WARNING] - Timeout '0' is invalid. Using default page load timeout: '15'

2018-07-27 17:42:03 - [MESSAGE][PASSED] - Tapped on element 'Object Repository/ShopOpen/RTMVisitFrequency/OnceAWeek'

2018-07-27 17:42:03 - [MESSAGE][PASSED] - com.ct.qa.keywords.RTMVisitFrequencyKeywords.visitRTMVisitFrequency is PASSED

2018-07-27 17:42:03 - [TEST_STEP][PASSED] - tap: Tapped on element 'Object Repository/ShopOpen/RTMVisitFrequency/BackButton'

2018-07-27 17:42:03 - [MESSAGE][WARNING] - Timeout '0' is invalid. Using default page load timeout: '15'

2018-07-27 17:42:04 - [MESSAGE][PASSED] - Tapped on element 'Object Repository/ShopOpen/RTMVisitFrequency/BackButton'

2018-07-27 17:42:04 - [TEST_STEP][PASSED] - verifyElementExist: Element 'Object Repository/ShopOpen/Validate_ShopCategoriesListScreen' is exist

2018-07-27 17:42:04 - [MESSAGE][WARNING] - Timeout '0' is invalid. Using default page load timeout: '15'

2018-07-27 17:42:06 - [MESSAGE][PASSED] - Element 'Object Repository/ShopOpen/Validate_ShopCategoriesListScreen' is exist

2018-07-27 17:42:06 - [MESSAGE][PASSED] - Call Test Case 'Test Cases/ShopOpen/RTMVisitFrequency/VisitRTMVisitFrequency' successfully

2018-07-27 17:42:06 - [MESSAGE][PASSED] - Swiped from 0,293 to 0,200

2018-07-27 17:42:09 - [MESSAGE][PASSED] - Swiped from 0,293 to 0,200

2018-07-27 17:42:11 - [MESSAGE][PASSED] - Swiped from 0,293 to 0,200

2018-07-27 17:42:14 - [MESSAGE][PASSED] - Swiped from 0,293 to 0,200

2018-07-27 17:42:16 - [MESSAGE][PASSED] - Swiped from 0,293 to 0,200

2018-07-27 17:42:19 - [MESSAGE][PASSED] - Swiped from 0,293 to 0,200

2018-07-27 17:42:22 - [TEST_CASE][PASSED] - Test Cases/ShopOpen/HangerAvailability/VisitHangerAvailability: Test Cases/ShopOpen/HangerAvailability/VisitHangerAvailability

2018-07-27 17:42:22 - [TEST_STEP][PASSED] - verifyElementText: Actual text and expected text of test object 'Object Repository/ShopOpen/HangerAvailability/Validate_HangerAvailabilityScreen' are matched.

2018-07-27 17:42:24 - [MESSAGE][PASSED] - Actual text and expected text of test object 'Object Repository/ShopOpen/HangerAvailability/Validate_HangerAvailabilityScreen' are matched.

2018-07-27 17:42:24 - [TEST_STEP][PASSED] - tap: Tapped on element 'Object Repository/ShopOpen/HangerAvailability/HangerAvailability_Yes'

2018-07-27 17:42:24 - [MESSAGE][WARNING] - Timeout '0' is invalid. Using default page load timeout: '15'

2018-07-27 17:42:24 - [MESSAGE][PASSED] - Tapped on element 'Object Repository/ShopOpen/HangerAvailability/HangerAvailability_Yes'

2018-07-27 17:42:24 - [TEST_STEP][PASSED] - tap: Tapped on element 'Object Repository/ShopOpen/HangerAvailability/HangerAvailability_BackButton'

2018-07-27 17:42:24 - [MESSAGE][WARNING] - Timeout '0' is invalid. Using default page load timeout: '15'

2018-07-27 17:42:25 - [MESSAGE][PASSED] - Tapped on element 'Object Repository/ShopOpen/HangerAvailability/HangerAvailability_BackButton'

2018-07-27 17:42:25 - [TEST_STEP][PASSED] - verifyElementExist: Element 'Object Repository/ShopOpen/Validate_ShopCategoriesListScreen' is exist

2018-07-27 17:42:25 - [MESSAGE][WARNING] - Timeout '0' is invalid. Using default page load timeout: '15'

2018-07-27 17:42:27 - [MESSAGE][PASSED] - Element 'Object Repository/ShopOpen/Validate_ShopCategoriesListScreen' is exist

2018-07-27 17:42:27 - [MESSAGE][PASSED] - Call Test Case 'Test Cases/ShopOpen/HangerAvailability/VisitHangerAvailability' successfully

2018-07-27 17:42:28 - [MESSAGE][PASSED] - Swiped from 0,293 to 0,200

2018-07-27 17:42:30 - [MESSAGE][PASSED] - Swiped from 0,293 to 0,200

2018-07-27 17:42:33 - [MESSAGE][PASSED] - Swiped from 0,293 to 0,200

2018-07-27 17:42:36 - [MESSAGE][PASSED] - Swiped from 0,293 to 0,200

2018-07-27 17:42:38 - [MESSAGE][PASSED] - Swiped from 0,293 to 0,200

2018-07-27 17:42:41 - [MESSAGE][PASSED] - Swiped from 0,293 to 0,200

2018-07-27 17:42:44 - [MESSAGE][PASSED] - Swiped from 0,293 to 0,200

2018-07-27 17:42:47 - [TEST_CASE][PASSED] - Test Cases/ShopOpen/POPApplication/OverwritePOPApplication: Test Cases/ShopOpen/POPApplication/OverwritePOPApplication

2018-07-27 17:42:47 - [TEST_STEP][PASSED] - verifyElementText: Actual text and expected text of test object 'Object Repository/ShopOpen/POPApplication/Validate_POPApplicationDetailScreen' are matched.

2018-07-27 17:42:49 - [MESSAGE][PASSED] - Actual text and expected text of test object 'Object Repository/ShopOpen/POPApplication/Validate_POPApplicationDetailScreen' are matched.

2018-07-27 17:42:49 - [TEST_STEP][PASSED] - tap: Tapped on element 'Object Repository/ShopOpen/POPApplication/POPDeployment_No'

2018-07-27 17:42:49 - [MESSAGE][WARNING] - Timeout '0' is invalid. Using default page load timeout: '15'

2018-07-27 17:42:49 - [MESSAGE][PASSED] - Tapped on element 'Object Repository/ShopOpen/POPApplication/POPDeployment_No'

2018-07-27 17:42:49 - [TEST_STEP][PASSED] - pressBack: Press back button successfully

2018-07-27 17:42:50 - [MESSAGE][PASSED] - Press back button successfully

2018-07-27 17:42:50 - [TEST_STEP][PASSED] - verifyElementExist: Element 'Object Repository/ShopOpen/Validate_ShopCategoriesListScreen' is exist

2018-07-27 17:42:50 - [MESSAGE][WARNING] - Timeout '0' is invalid. Using default page load timeout: '15'

2018-07-27 17:42:51 - [MESSAGE][PASSED] - Element 'Object Repository/ShopOpen/Validate_ShopCategoriesListScreen' is exist

2018-07-27 17:42:51 - [MESSAGE][PASSED] - Call Test Case 'Test Cases/ShopOpen/POPApplication/OverwritePOPApplication' successfully

2018-07-27 17:42:52 - [MESSAGE][PASSED] - Swiped from 0,293 to 0,200

2018-07-27 17:42:54 - [MESSAGE][PASSED] - Swiped from 0,293 to 0,200

2018-07-27 17:42:57 - [MESSAGE][PASSED] - Swiped from 0,293 to 0,200

2018-07-27 17:42:59 - [MESSAGE][PASSED] - Swiped from 0,293 to 0,200

2018-07-27 17:43:02 - [MESSAGE][PASSED] - Swiped from 0,293 to 0,200

2018-07-27 17:43:05 - [MESSAGE][PASSED] - Swiped from 0,293 to 0,200

2018-07-27 17:43:07 - [MESSAGE][PASSED] - Swiped from 0,293 to 0,200

2018-07-27 17:43:10 - [MESSAGE][PASSED] - Swiped from 0,293 to 0,200

2018-07-27 17:43:13 - [TEST_CASE][PASSED] - Test Cases/ShopOpen/RetailerRemarks/VisitRetailerRemarks: Test Cases/ShopOpen/RetailerRemarks/VisitRetailerRemarks

2018-07-27 17:43:13 - [TEST_STEP][PASSED] - verifyElementText: Actual text and expected text of test object 'Object Repository/ShopOpen/RetailerRemarks/Validate_RetailerRemarksScreen' are matched.

2018-07-27 17:43:15 - [MESSAGE][PASSED] - Actual text and expected text of test object 'Object Repository/ShopOpen/RetailerRemarks/Validate_RetailerRemarksScreen' are matched.

2018-07-27 17:43:15 - [TEST_STEP][PASSED] - com.ct.qa.keywords.RetailerRemarksKeywords.visitRetailerRemarks: com.ct.qa.keywords.RetailerRemarksKeywords.visitRetailerRemarks is PASSED

2018-07-27 17:43:16 - [MESSAGE][WARNING] - Timeout '0' is invalid. Using default page load timeout: '15'

2018-07-27 17:43:17 - [MESSAGE][PASSED] - Element 'Object Repository/ShopOpen/RetailerRemarks/OBNotVisiting' is exist

2018-07-27 17:43:17 - [MESSAGE][WARNING] - Timeout '0' is invalid. Using default page load timeout: '15'

2018-07-27 17:43:17 - [MESSAGE][PASSED] - Tapped on element 'Object Repository/ShopOpen/RetailerRemarks/OBNotVisiting'

2018-07-27 17:43:18 - [MESSAGE][PASSED] - Press back button successfully

2018-07-27 17:43:19 - [MESSAGE][PASSED] - Actual text and expected text of test object 'Object Repository/ShopOpen/RetailerRemarks/Validate_RetailerRemarksScreen' are matched.

2018-07-27 17:43:19 - [MESSAGE][WARNING] - Timeout '0' is invalid. Using default page load timeout: '15'

2018-07-27 17:43:20 - [MESSAGE][PASSED] - Element 'Object Repository/ShopOpen/RetailerRemarks/OBNotVisiting' is exist

2018-07-27 17:43:20 - [MESSAGE][WARNING] - Timeout '0' is invalid. Using default page load timeout: '15'

2018-07-27 17:43:21 - [MESSAGE][PASSED] - Tapped on element 'Object Repository/ShopOpen/RetailerRemarks/OBNotVisiting'

2018-07-27 17:43:22 - [MESSAGE][PASSED] - Press back button successfully

2018-07-27 17:43:23 - [MESSAGE][PASSED] - Actual text and expected text of test object 'Object Repository/ShopOpen/RetailerRemarks/Validate_RetailerRemarksScreen' are matched.

2018-07-27 17:43:23 - [MESSAGE][WARNING] - Timeout '0' is invalid. Using default page load timeout: '15'

2018-07-27 17:43:24 - [MESSAGE][PASSED] - Element 'Object Repository/ShopOpen/RetailerRemarks/OBNotVisiting' is exist

2018-07-27 17:43:24 - [MESSAGE][WARNING] - Timeout '0' is invalid. Using default page load timeout: '15'

2018-07-27 17:43:25 - [MESSAGE][PASSED] - Tapped on element 'Object Repository/ShopOpen/RetailerRemarks/OBNotVisiting'

2018-07-27 17:43:26 - [MESSAGE][PASSED] - Press back button successfully

2018-07-27 17:43:27 - [MESSAGE][PASSED] - Actual text and expected text of test object 'Object Repository/ShopOpen/RetailerRemarks/Validate_RetailerRemarksScreen' are matched.

2018-07-27 17:43:27 - [MESSAGE][PASSED] - com.ct.qa.keywords.RetailerRemarksKeywords.visitRetailerRemarks is PASSED

2018-07-27 17:43:27 - [TEST_STEP][PASSED] - tap: Tapped on element 'Object Repository/ShopOpen/RetailerRemarks/BackButton'

2018-07-27 17:43:27 - [MESSAGE][WARNING] - Timeout '0' is invalid. Using default page load timeout: '15'

2018-07-27 17:43:27 - [MESSAGE][PASSED] - Tapped on element 'Object Repository/ShopOpen/RetailerRemarks/BackButton'

2018-07-27 17:43:27 - [TEST_STEP][PASSED] - verifyElementExist: Element 'Object Repository/ShopOpen/Validate_ShopCategoriesListScreen' is exist

2018-07-27 17:43:27 - [MESSAGE][WARNING] - Timeout '0' is invalid. Using default page load timeout: '15'

2018-07-27 17:43:29 - [MESSAGE][PASSED] - Element 'Object Repository/ShopOpen/Validate_ShopCategoriesListScreen' is exist

2018-07-27 17:43:29 - [MESSAGE][PASSED] - Call Test Case 'Test Cases/ShopOpen/RetailerRemarks/VisitRetailerRemarks' successfully

2018-07-27 17:43:30 - [MESSAGE][PASSED] - Swiped from 0,293 to 0,200

2018-07-27 17:43:32 - [MESSAGE][PASSED] - Swiped from 0,293 to 0,200

2018-07-27 17:43:35 - [MESSAGE][PASSED] - Swiped from 0,293 to 0,200

2018-07-27 17:43:37 - [MESSAGE][PASSED] - Swiped from 0,293 to 0,200

2018-07-27 17:43:39 - [MESSAGE][PASSED] - Swiped from 0,293 to 0,200

2018-07-27 17:43:41 - [MESSAGE][PASSED] - Swiped from 0,293 to 0,200

2018-07-27 17:43:44 - [MESSAGE][PASSED] - Swiped from 0,293 to 0,200

2018-07-27 17:43:46 - [MESSAGE][PASSED] - Swiped from 0,293 to 0,200

2018-07-27 17:43:49 - [MESSAGE][PASSED] - Swiped from 0,293 to 0,200

2018-07-27 17:43:52 - [TEST_CASE][PASSED] - Test Cases/ShopOpen/AdditionalPicture/VisitAdditionalPicture: Test Cases/ShopOpen/AdditionalPicture/VisitAdditionalPicture

2018-07-27 17:43:52 - [TEST_STEP][PASSED] - verifyElementText: Actual text and expected text of test object 'Object Repository/ShopOpen/AdditionalPicture/Validate_AdditionalPictureScreen' are matched.

2018-07-27 17:43:54 - [MESSAGE][PASSED] - Actual text and expected text of test object 'Object Repository/ShopOpen/AdditionalPicture/Validate_AdditionalPictureScreen' are matched.

2018-07-27 17:43:54 - [TEST_STEP][PASSED] - com.ct.qa.keywords.AdditionalPictureKeywords.takeMendatoryImages: com.ct.qa.keywords.AdditionalPictureKeywords.takeMendatoryImages is PASSED

2018-07-27 17:43:55 - [MESSAGE][WARNING] - Timeout '0' is invalid. Using default page load timeout: '15'

2018-07-27 17:43:57 - [MESSAGE][PASSED] - Element 'Object Repository/CommonScreenElements/Validate_CameraScreen' is exist

2018-07-27 17:43:57 - [MESSAGE][WARNING] - Timeout '0' is invalid. Using default page load timeout: '15'

2018-07-27 17:44:00 - [MESSAGE][PASSED] - Tapped on element 'Object Repository/CommonScreenElements/TakePictureButton'

2018-07-27 17:44:05 - [MESSAGE][PASSED] - Delayed 5 second(s)

2018-07-27 17:44:05 - [MESSAGE][WARNING] - Timeout '0' is invalid. Using default page load timeout: '15'

2018-07-27 17:44:06 - [MESSAGE][PASSED] - Tapped on element 'Object Repository/CommonScreenElements/DoneButton'

2018-07-27 17:44:06 - [MESSAGE][PASSED] - com.ct.qa.keywords.AdditionalPictureKeywords.takeMendatoryImages is PASSED

2018-07-27 17:44:06 - [TEST_STEP][PASSED] - pressBack: Press back button successfully

2018-07-27 17:44:07 - [MESSAGE][PASSED] - Press back button successfully

2018-07-27 17:44:07 - [TEST_STEP][PASSED] - verifyElementExist: Element 'Object Repository/ShopOpen/Validate_ShopCategoriesListScreen' is exist

2018-07-27 17:44:07 - [MESSAGE][WARNING] - Timeout '0' is invalid. Using default page load timeout: '15'

2018-07-27 17:44:09 - [MESSAGE][PASSED] - Element 'Object Repository/ShopOpen/Validate_ShopCategoriesListScreen' is exist

2018-07-27 17:44:09 - [MESSAGE][PASSED] - Call Test Case 'Test Cases/ShopOpen/AdditionalPicture/VisitAdditionalPicture' successfully

2018-07-27 17:44:09 - [MESSAGE][PASSED] - Swiped from 0,293 to 0,200

2018-07-27 17:44:12 - [MESSAGE][PASSED] - Swiped from 0,293 to 0,200

2018-07-27 17:44:15 - [MESSAGE][PASSED] - Swiped from 0,293 to 0,200

2018-07-27 17:44:17 - [MESSAGE][PASSED] - Swiped from 0,293 to 0,200

2018-07-27 17:44:20 - [MESSAGE][PASSED] - Swiped from 0,293 to 0,200

2018-07-27 17:44:22 - [MESSAGE][PASSED] - Swiped from 0,293 to 0,200

2018-07-27 17:44:24 - [MESSAGE][PASSED] - Swiped from 0,293 to 0,200

2018-07-27 17:44:27 - [MESSAGE][PASSED] - Swiped from 0,293 to 0,200

2018-07-27 17:44:29 - [MESSAGE][PASSED] - Swiped from 0,293 to 0,200

2018-07-27 17:44:33 - [MESSAGE][PASSED] - Swiped from 0,293 to 0,200

2018-07-27 17:44:35 - [MESSAGE][PASSED] - com.ct.qa.keywords.CategoryVisitingScenariosKeywords.visitShopCategories is PASSED

2018-07-27 17:44:35 - [MESSAGE][PASSED] - Call Test Case 'Test Cases/ShopOpen/VisitShopCategories' successfully

2018-07-27 17:44:35 - [TEST_CASE][PASSED] - Test Cases/ShopOpen/SaveShop: Test Cases/ShopOpen/SaveShop

2018-07-27 17:44:35 - [TEST_STEP][PASSED] - tap: Tapped on element 'Object Repository/ShopOpen/SubmitButtonToSaveShop'

2018-07-27 17:44:35 - [MESSAGE][WARNING] - Timeout '0' is invalid. Using default page load timeout: '15'

2018-07-27 17:44:36 - [MESSAGE][PASSED] - Tapped on element 'Object Repository/ShopOpen/SubmitButtonToSaveShop'

2018-07-27 17:44:36 - [TEST_STEP][PASSED] - verifyElementExist: Element 'Object Repository/CommonScreenElements/Validate_InfoPopUP' is exist

2018-07-27 17:44:36 - [MESSAGE][WARNING] - Timeout '0' is invalid. Using default page load timeout: '15'

2018-07-27 17:44:37 - [MESSAGE][PASSED] - Element 'Object Repository/CommonScreenElements/Validate_InfoPopUP' is exist

2018-07-27 17:44:37 - [TEST_STEP][PASSED] - tap: Tapped on element 'Object Repository/CommonScreenElements/InfoPopUp_YesButton'

2018-07-27 17:44:37 - [MESSAGE][WARNING] - Timeout '0' is invalid. Using default page load timeout: '15'

2018-07-27 17:44:38 - [MESSAGE][PASSED] - Tapped on element 'Object Repository/CommonScreenElements/InfoPopUp_YesButton'

2018-07-27 17:44:38 - [TEST_STEP][PASSED] - verifyElementText: Actual text and expected text of test object 'Object Repository/Validate_ShopListScreen' are matched.

2018-07-27 17:44:39 - [MESSAGE][PASSED] - Actual text and expected text of test object 'Object Repository/Validate_ShopListScreen' are matched.

2018-07-27 17:44:39 - [MESSAGE][PASSED] - Call Test Case 'Test Cases/ShopOpen/SaveShop' successfully

2018-07-27 17:44:42 - [MESSAGE][PASSED] - Actual text and expected text of test object 'Object Repository/Validate_ShopOptionsScreen' are matched.

2018-07-27 17:44:42 - [MESSAGE][WARNING] - Timeout '0' is invalid. Using default page load timeout: '15'

2018-07-27 17:44:42 - [MESSAGE][PASSED] - Tapped on element 'Object Repository/StartWorking'

2018-07-27 17:44:57 - [MESSAGE][PASSED] - Delayed 15 second(s)

2018-07-27 17:44:58 - [MESSAGE][PASSED] - Element 'Object Repository/CommonScreenElements/Validate_MapScreen' is exist

2018-07-27 17:44:58 - [MESSAGE][WARNING] - Timeout '0' is invalid. Using default page load timeout: '15'

2018-07-27 17:44:59 - [MESSAGE][PASSED] - Tapped on element 'Object Repository/CommonScreenElements/Location_CheckIn'

2018-07-27 17:44:59 - [MESSAGE][WARNING] - Timeout '0' is invalid. Using default page load timeout: '15'

2018-07-27 17:45:00 - [MESSAGE][PASSED] - Element 'Object Repository/CommonScreenElements/Validate_InfoPopUP' is exist

2018-07-27 17:45:00 - [MESSAGE][WARNING] - Timeout '0' is invalid. Using default page load timeout: '15'

2018-07-27 17:45:00 - [MESSAGE][PASSED] - Tapped on element 'Object Repository/CommonScreenElements/InfoPopUp_NoButton'

2018-07-27 17:45:01 - [TEST_CASE][PASSED] - Test Cases/ShopOpen/VisitShopOpen: Test Cases/ShopOpen/VisitShopOpen

2018-07-27 17:45:01 - [TEST_STEP][PASSED] - verifyElementExist: Element 'Object Repository/ShopActions_List' is exist

2018-07-27 17:45:01 - [MESSAGE][WARNING] - Timeout '0' is invalid. Using default page load timeout: '15'

2018-07-27 17:45:02 - [MESSAGE][PASSED] - Element 'Object Repository/ShopActions_List' is exist

2018-07-27 17:45:02 - [TEST_STEP][PASSED] - tap: Tapped on element 'Object Repository/ShopOpen/ShopOpen'

2018-07-27 17:45:02 - [MESSAGE][WARNING] - Timeout '0' is invalid. Using default page load timeout: '15'

2018-07-27 17:45:03 - [MESSAGE][PASSED] - Tapped on element 'Object Repository/ShopOpen/ShopOpen'

2018-07-27 17:45:03 - [TEST_STEP][PASSED] - verifyElementExist: Element 'Object Repository/CommonScreenElements/Validate_CameraScreen' is exist

2018-07-27 17:45:03 - [MESSAGE][WARNING] - Timeout '0' is invalid. Using default page load timeout: '15'

2018-07-27 17:45:04 - [MESSAGE][PASSED] - Element 'Object Repository/CommonScreenElements/Validate_CameraScreen' is exist

2018-07-27 17:45:04 - [TEST_STEP][PASSED] - tap: Tapped on element 'Object Repository/CommonScreenElements/TakePictureButton'

2018-07-27 17:45:04 - [MESSAGE][WARNING] - Timeout '0' is invalid. Using default page load timeout: '15'

2018-07-27 17:45:08 - [MESSAGE][PASSED] - Tapped on element 'Object Repository/CommonScreenElements/TakePictureButton'

2018-07-27 17:45:08 - [TEST_STEP][PASSED] - delay: Delayed 5 second(s)

2018-07-27 17:45:13 - [MESSAGE][PASSED] - Delayed 5 second(s)

2018-07-27 17:45:13 - [TEST_STEP][PASSED] - tap: Tapped on element 'Object Repository/CommonScreenElements/DoneButton'

2018-07-27 17:45:13 - [MESSAGE][WARNING] - Timeout '0' is invalid. Using default page load timeout: '15'

2018-07-27 17:45:13 - [MESSAGE][PASSED] - Tapped on element 'Object Repository/CommonScreenElements/DoneButton'

2018-07-27 17:45:13 - [MESSAGE][PASSED] - Call Test Case 'Test Cases/ShopOpen/VisitShopOpen' successfully

2018-07-27 17:45:13 - [TEST_CASE][FAILED] - Test Cases/ShopOpen/VisitShopCategories: Test Cases/ShopOpen/VisitShopCategories FAILED because (of) Failed to check for element 'Object Repository/ShopOpen/Validate_ShopCategoriesListScreen' exist (Root cause: Element 'Object Repository/ShopOpen/Validate_ShopCategoriesListScreen' not found)

2018-07-27 17:45:13 - [TEST_STEP][FAILED] - verifyElementExist: Failed to check for element 'Object Repository/ShopOpen/Validate_ShopCategoriesListScreen' exist (Root cause: Element 'Object Repository/ShopOpen/Validate_ShopCategoriesListScreen' not found)

2018-07-27 17:45:13 - [MESSAGE][WARNING] - Timeout '0' is invalid. Using default page load timeout: '15'

2018-07-27 17:45:30 - [MESSAGE][FAILED] - Element 'Object Repository/ShopOpen/Validate_ShopCategoriesListScreen' not found
[[ATTACHMENT|F:\\Git Projects\\MMAPlus_Merchandising\\MMAPlus_Merchandising\\Reports\\MMA Plus Merchandising With Chiller Data Verification\\20180727_163727\\1532695529129.png]]

2018-07-27 17:45:31 - [MESSAGE][FAILED] - Failed to check for element 'Object Repository/ShopOpen/Validate_ShopCategoriesListScreen' exist (Root cause: Element 'Object Repository/ShopOpen/Validate_ShopCategoriesListScreen' not found)
[[ATTACHMENT|F:\\Git Projects\\MMAPlus_Merchandising\\MMAPlus_Merchandising\\Reports\\MMA Plus Merchandising With Chiller Data Verification\\20180727_163727\\1532695530150.png]]

2018-07-27 17:45:31 - [MESSAGE][FAILED] - Unable to call Test Case with id 'Test Cases/ShopOpen/VisitShopCategories' (Root cause: Call Test Case 'Test Cases/ShopOpen/VisitShopCategories' failed)

2018-07-27 17:45:31 - [MESSAGE][FAILED] - Failed to check for element 'Object Repository/ShopOpen/Validate_ShopCategoriesListScreen' exist (Root cause: Element 'Object Repository/ShopOpen/Validate_ShopCategoriesListScreen' not found)]]></system-out>
         <system-err><![CDATA[2018-07-27 16:38:37 - [TEST_CASE][FAILED] - Test Cases/VisitShops/VisitShopWithChillerNotAllocatedForDataVerification: Test Cases/VisitShops/VisitShopWithChillerNotAllocatedForDataVerification FAILED because (of) Failed to check for element 'Object Repository/ShopOpen/Validate_ShopCategoriesListScreen' exist (Root cause: Element 'Object Repository/ShopOpen/Validate_ShopCategoriesListScreen' not found)]]></system-err>
      </testcase>
      <system-out><![CDATA[2018-07-27 16:37:29 - [TEST_SUITE][FAILED] - MMA Plus Merchandising With Chiller Data Verification: Test Cases/VisitShops/VisitShopWithChillerNotAllocatedForDataVerification FAILED because (of) Failed to check for element 'Object Repository/ShopOpen/Validate_ShopCategoriesListScreen' exist (Root cause: Element 'Object Repository/ShopOpen/Validate_ShopCategoriesListScreen' not found)]]></system-out>
      <system-err><![CDATA[2018-07-27 16:37:29 - [TEST_SUITE][FAILED] - MMA Plus Merchandising With Chiller Data Verification: Test Cases/VisitShops/VisitShopWithChillerNotAllocatedForDataVerification FAILED because (of) Failed to check for element 'Object Repository/ShopOpen/Validate_ShopCategoriesListScreen' exist (Root cause: Element 'Object Repository/ShopOpen/Validate_ShopCategoriesListScreen' not found)]]></system-err>
   </testsuite>
</testsuites>
