<?xml version="1.0" encoding="UTF-8"?>
<testsuites name="MMA Plus Merchandising With Category Level(Chiller Utilization) Overwrite Scenarios" time="1718" tests="2" failures="0" errors="0">
   <testsuite name="MMA Plus Merchandising With Category Level(Chiller Utilization) Overwrite Scenarios" tests="2" failures="0" errors="0" time="1718" timestamp="2018-09-05 18:06:43" hostname="Fahad Shah - DESKTOP-L12UUAD" id="Test Suites/MMA Plus Merchandising With Category Level(Chiller Utilization) Overwrite Scenarios">
      <properties>
         <property name="deviceName" value="samsung SM-J110H (Android 4.4.4)"/>
         <property name="devicePlatform" value=""/>
         <property name="logFolder" value="F:\\Git Projects\\MMAPlus_Merchandising\\MMAPlus_Merchandising\\Reports\\MMA Plus Merchandising With Category Level(Chiller Utilization) Overwrite Scenarios\\20180905_180640"/>
         <property name="logFiles" value="F:\\Git Projects\\MMAPlus_Merchandising\\MMAPlus_Merchandising\\Reports\\MMA Plus Merchandising With Category Level(Chiller Utilization) Overwrite Scenarios\\20180905_180640\\appium.log, F:\\Git Projects\\MMAPlus_Merchandising\\MMAPlus_Merchandising\\Reports\\MMA Plus Merchandising With Category Level(Chiller Utilization) Overwrite Scenarios\\20180905_180640\\execution0.log"/>
         <property name="attachments" value="F:\\Git Projects\\MMAPlus_Merchandising\\MMAPlus_Merchandising\\Reports\\MMA Plus Merchandising With Category Level(Chiller Utilization) Overwrite Scenarios\\20180905_180640\\1536152962738.png, F:\\Git Projects\\MMAPlus_Merchandising\\MMAPlus_Merchandising\\Reports\\MMA Plus Merchandising With Category Level(Chiller Utilization) Overwrite Scenarios\\20180905_180640\\1536153240931.png, F:\\Git Projects\\MMAPlus_Merchandising\\MMAPlus_Merchandising\\Reports\\MMA Plus Merchandising With Category Level(Chiller Utilization) Overwrite Scenarios\\20180905_180640\\1536153313530.png, F:\\Git Projects\\MMAPlus_Merchandising\\MMAPlus_Merchandising\\Reports\\MMA Plus Merchandising With Category Level(Chiller Utilization) Overwrite Scenarios\\20180905_180640\\1536153386568.png, F:\\Git Projects\\MMAPlus_Merchandising\\MMAPlus_Merchandising\\Reports\\MMA Plus Merchandising With Category Level(Chiller Utilization) Overwrite Scenarios\\20180905_180640\\1536153446634.png, F:\\Git Projects\\MMAPlus_Merchandising\\MMAPlus_Merchandising\\Reports\\MMA Plus Merchandising With Category Level(Chiller Utilization) Overwrite Scenarios\\20180905_180640\\1536153511545.png, F:\\Git Projects\\MMAPlus_Merchandising\\MMAPlus_Merchandising\\Reports\\MMA Plus Merchandising With Category Level(Chiller Utilization) Overwrite Scenarios\\20180905_180640\\1536153583869.png, F:\\Git Projects\\MMAPlus_Merchandising\\MMAPlus_Merchandising\\Reports\\MMA Plus Merchandising With Category Level(Chiller Utilization) Overwrite Scenarios\\20180905_180640\\1536153658596.png, F:\\Git Projects\\MMAPlus_Merchandising\\MMAPlus_Merchandising\\Reports\\MMA Plus Merchandising With Category Level(Chiller Utilization) Overwrite Scenarios\\20180905_180640\\1536153707555.png, F:\\Git Projects\\MMAPlus_Merchandising\\MMAPlus_Merchandising\\Reports\\MMA Plus Merchandising With Category Level(Chiller Utilization) Overwrite Scenarios\\20180905_180640\\1536154074651.png, F:\\Git Projects\\MMAPlus_Merchandising\\MMAPlus_Merchandising\\Reports\\MMA Plus Merchandising With Category Level(Chiller Utilization) Overwrite Scenarios\\20180905_180640\\1536154150601.png, F:\\Git Projects\\MMAPlus_Merchandising\\MMAPlus_Merchandising\\Reports\\MMA Plus Merchandising With Category Level(Chiller Utilization) Overwrite Scenarios\\20180905_180640\\1536154226455.png, F:\\Git Projects\\MMAPlus_Merchandising\\MMAPlus_Merchandising\\Reports\\MMA Plus Merchandising With Category Level(Chiller Utilization) Overwrite Scenarios\\20180905_180640\\1536154286696.png, F:\\Git Projects\\MMAPlus_Merchandising\\MMAPlus_Merchandising\\Reports\\MMA Plus Merchandising With Category Level(Chiller Utilization) Overwrite Scenarios\\20180905_180640\\1536154354588.png, F:\\Git Projects\\MMAPlus_Merchandising\\MMAPlus_Merchandising\\Reports\\MMA Plus Merchandising With Category Level(Chiller Utilization) Overwrite Scenarios\\20180905_180640\\1536154427602.png, F:\\Git Projects\\MMAPlus_Merchandising\\MMAPlus_Merchandising\\Reports\\MMA Plus Merchandising With Category Level(Chiller Utilization) Overwrite Scenarios\\20180905_180640\\1536154499607.png"/>
         <property name="hostName" value="Fahad Shah - DESKTOP-L12UUAD"/>
         <property name="os" value="Windows 10 64bit"/>
         <property name="katalonVersion" value="5.6.0.1"/>
         <property name="deviceOS" value="Android"/>
         <property name="appiumVersion" value="1.8.1"/>
         <property name="deviceModel" value="SM-J110H"/>
         <property name="hostAddress" value="192.168.3.198"/>
         <property name="deviceManufacturer" value="samsung"/>
         <property name="deviceId" value="11015a1136d0b24a"/>
         <property name="deviceName" value="samsung SM-J110H (Android 4.4.4)"/>
         <property name="deviceOSVersion" value="4.4.4"/>
      </properties>
      <testcase name="Test Cases/LaunchingApp/LaunchApp" classname="Test Cases/LaunchingApp/LaunchApp" status="PASSED">
         <system-out><![CDATA[2018-09-05 18:06:44 - [TEST_CASE][PASSED] - Test Cases/LaunchingApp/LaunchApp: Test Cases/LaunchingApp/LaunchApp

2018-09-05 18:06:45 - [TEST_STEP][PASSED] - startApplication: Started app at: 'F:\QA_Automation\Builds\mma_300818_local_v150.apk'

2018-09-05 18:07:03 - [MESSAGE][PASSED] - Started app at: 'F:\QA_Automation\Builds\mma_300818_local_v150.apk'

2018-09-05 18:07:03 - [TEST_STEP][PASSED] - delay: Delayed 5 second(s)

2018-09-05 18:07:08 - [MESSAGE][PASSED] - Delayed 5 second(s)]]></system-out>
         <system-err><![CDATA[]]></system-err>
      </testcase>
      <testcase name="Test Cases/VisitShopScenarios/VisitShopsWithCategoryLevel(Chiller Utilization)Overwriting" classname="Test Cases/VisitShopScenarios/VisitShopsWithCategoryLevel(Chiller Utilization)Overwriting" status="PASSED">
         <system-out><![CDATA[2018-09-05 18:07:08 - [TEST_CASE][PASSED] - Test Cases/VisitShopScenarios/VisitShopsWithCategoryLevel(Chiller Utilization)Overwriting: Test Cases/VisitShopScenarios/VisitShopsWithCategoryLevel(Chiller Utilization)Overwriting

2018-09-05 18:07:09 - [TEST_STEP][PASSED] - verifyElementText: Actual text and expected text of test object 'Object Repository/DashboardScreenElements/Validate_DashboardScreen' are matched.

2018-09-05 18:07:18 - [MESSAGE][PASSED] - Actual text and expected text of test object 'Object Repository/DashboardScreenElements/Validate_DashboardScreen' are matched.

2018-09-05 18:07:18 - [TEST_STEP][PASSED] - com.ct.qa.keywords.CommonKeywords.selectday: com.ct.qa.keywords.CommonKeywords.selectday is PASSED

2018-09-05 18:07:18 - [MESSAGE][WARNING] - Timeout '0' is invalid. Using default page load timeout: '5'

2018-09-05 18:07:18 - [MESSAGE][PASSED] - Tapped on element 'Object Repository/DashboardScreenElements/DaysDropdownMenu'

2018-09-05 18:07:18 - [MESSAGE][WARNING] - Timeout '0' is invalid. Using default page load timeout: '5'

2018-09-05 18:07:20 - [MESSAGE][PASSED] - Element 'Object Repository/DashboardScreenElements/Validate_DaysListScreen' is exist

2018-09-05 18:07:22 - [MESSAGE][PASSED] - com.ct.qa.keywords.CommonKeywords.selectday is PASSED

2018-09-05 18:07:22 - [TEST_STEP][PASSED] - tap: Tapped on element 'Object Repository/DashboardScreenElements/StartYourDay'

2018-09-05 18:07:22 - [MESSAGE][WARNING] - Timeout '0' is invalid. Using default page load timeout: '5'

2018-09-05 18:07:23 - [MESSAGE][PASSED] - Tapped on element 'Object Repository/DashboardScreenElements/StartYourDay'

2018-09-05 18:07:23 - [TEST_STEP][PASSED] - verifyElementText: Actual text and expected text of test object 'Object Repository/Validate_ShopListScreen' are matched.

2018-09-05 18:07:25 - [MESSAGE][PASSED] - Actual text and expected text of test object 'Object Repository/Validate_ShopListScreen' are matched.

2018-09-05 18:07:25 - [TEST_STEP][PASSED] - com.ct.qa.keywords.ShopVisitingScenariosKeywords.visitShopsWithCategoryLevel_ChillerUtilization_Overwriting: com.ct.qa.keywords.ShopVisitingScenariosKeywords.visitShopsWithCategoryLevel_ChillerUtilization_Overwriting is PASSED

2018-09-05 18:07:29 - [MESSAGE][PASSED] - Actual text and expected text of test object 'Object Repository/Validate_ShopOptionsScreen' are matched.

2018-09-05 18:07:29 - [MESSAGE][WARNING] - Timeout '0' is invalid. Using default page load timeout: '5'

2018-09-05 18:07:29 - [MESSAGE][PASSED] - Tapped on element 'Object Repository/StartWorking'

2018-09-05 18:07:44 - [MESSAGE][PASSED] - Delayed 15 second(s)

2018-09-05 18:07:45 - [MESSAGE][PASSED] - Element 'Object Repository/CommonScreenElements/Validate_MapScreen' is exist

2018-09-05 18:07:45 - [MESSAGE][WARNING] - Timeout '0' is invalid. Using default page load timeout: '5'

2018-09-05 18:07:46 - [MESSAGE][PASSED] - Tapped on element 'Object Repository/CommonScreenElements/Location_CheckIn'

2018-09-05 18:07:46 - [MESSAGE][WARNING] - Timeout '0' is invalid. Using default page load timeout: '5'

2018-09-05 18:07:47 - [MESSAGE][PASSED] - Element 'Object Repository/CommonScreenElements/Validate_InfoPopUP' is exist

2018-09-05 18:07:47 - [MESSAGE][WARNING] - Timeout '0' is invalid. Using default page load timeout: '5'

2018-09-05 18:07:48 - [MESSAGE][PASSED] - Tapped on element 'Object Repository/CommonScreenElements/InfoPopUp_NoButton'

2018-09-05 18:07:48 - [TEST_CASE][PASSED] - Test Cases/ShopOpen/VisitShopOpen: Test Cases/ShopOpen/VisitShopOpen

2018-09-05 18:07:48 - [TEST_STEP][PASSED] - verifyElementExist: Element 'Object Repository/ShopActions_List' is exist

2018-09-05 18:07:48 - [MESSAGE][WARNING] - Timeout '0' is invalid. Using default page load timeout: '5'

2018-09-05 18:07:49 - [MESSAGE][PASSED] - Element 'Object Repository/ShopActions_List' is exist

2018-09-05 18:07:49 - [TEST_STEP][PASSED] - tap: Tapped on element 'Object Repository/ShopOpen/ShopOpen'

2018-09-05 18:07:49 - [MESSAGE][WARNING] - Timeout '0' is invalid. Using default page load timeout: '5'

2018-09-05 18:07:52 - [MESSAGE][PASSED] - Tapped on element 'Object Repository/ShopOpen/ShopOpen'

2018-09-05 18:07:52 - [TEST_STEP][PASSED] - verifyElementExist: Element 'Object Repository/CommonScreenElements/Validate_CameraScreen' is exist

2018-09-05 18:07:52 - [MESSAGE][WARNING] - Timeout '0' is invalid. Using default page load timeout: '5'

2018-09-05 18:07:53 - [MESSAGE][PASSED] - Element 'Object Repository/CommonScreenElements/Validate_CameraScreen' is exist

2018-09-05 18:07:53 - [TEST_STEP][PASSED] - tap: Tapped on element 'Object Repository/CommonScreenElements/TakePictureButton'

2018-09-05 18:07:53 - [MESSAGE][WARNING] - Timeout '0' is invalid. Using default page load timeout: '5'

2018-09-05 18:07:56 - [MESSAGE][PASSED] - Tapped on element 'Object Repository/CommonScreenElements/TakePictureButton'

2018-09-05 18:07:56 - [TEST_STEP][PASSED] - delay: Delayed 5 second(s)

2018-09-05 18:08:01 - [MESSAGE][PASSED] - Delayed 5 second(s)

2018-09-05 18:08:01 - [TEST_STEP][PASSED] - tap: Tapped on element 'Object Repository/CommonScreenElements/DoneButton'

2018-09-05 18:08:01 - [MESSAGE][WARNING] - Timeout '0' is invalid. Using default page load timeout: '5'

2018-09-05 18:08:02 - [MESSAGE][PASSED] - Tapped on element 'Object Repository/CommonScreenElements/DoneButton'

2018-09-05 18:08:02 - [MESSAGE][PASSED] - Call Test Case 'Test Cases/ShopOpen/VisitShopOpen' successfully

2018-09-05 18:08:02 - [TEST_CASE][PASSED] - Test Cases/ShopOpen/VisitCategoryScenarios/VisitShopCategoriesWith_CNAl_CTNAv_NSFD: Test Cases/ShopOpen/VisitCategoryScenarios/VisitShopCategoriesWith_CNAl_CTNAv_NSFD

2018-09-05 18:08:02 - [TEST_STEP][PASSED] - verifyElementExist: Element 'Object Repository/ShopOpen/Validate_ShopCategoriesListScreen' is exist

2018-09-05 18:08:02 - [MESSAGE][WARNING] - Timeout '0' is invalid. Using default page load timeout: '5'

2018-09-05 18:08:04 - [MESSAGE][PASSED] - Element 'Object Repository/ShopOpen/Validate_ShopCategoriesListScreen' is exist

2018-09-05 18:08:04 - [TEST_STEP][PASSED] - com.ct.qa.keywords.CategoryVisitingScenariosKeywords.visitShopCategoriesWith_CNAl_CTNAv_NSFD: com.ct.qa.keywords.CategoryVisitingScenariosKeywords.visitShopCategoriesWith_CNAl_CTNAv_NSFD is PASSED

2018-09-05 18:08:09 - [MESSAGE][PASSED] - Swiped from 0,293 to 0,200

2018-09-05 18:08:13 - [MESSAGE][PASSED] - Swiped from 0,293 to 0,200

2018-09-05 18:08:17 - [MESSAGE][PASSED] - Swiped from 0,293 to 0,200

2018-09-05 18:08:20 - [MESSAGE][PASSED] - Swiped from 0,293 to 0,200

2018-09-05 18:08:24 - [MESSAGE][PASSED] - Swiped from 0,293 to 0,200

2018-09-05 18:08:27 - [MESSAGE][PASSED] - Swiped from 0,293 to 0,200

2018-09-05 18:08:30 - [MESSAGE][PASSED] - Swiped from 0,293 to 0,200

2018-09-05 18:08:33 - [MESSAGE][PASSED] - Swiped from 0,293 to 0,200

2018-09-05 18:08:36 - [MESSAGE][PASSED] - Swiped from 0,200 to 0,750

2018-09-05 18:08:37 - [MESSAGE][PASSED] - Swiped from 0,200 to 0,750

2018-09-05 18:08:39 - [TEST_CASE][PASSED] - Test Cases/ShopOpen/ChillerUtilization/VisitChillerScenarios/VisitChillerUtilizationWith_ChillerTypeNotAvailable: Test Cases/ShopOpen/ChillerUtilization/VisitChillerScenarios/VisitChillerUtilizationWith_ChillerTypeNotAvailable

2018-09-05 18:08:39 - [TEST_STEP][PASSED] - verifyElementText: Actual text and expected text of test object 'Object Repository/ShopOpen/ChillerUtilization/Validate_ChillerUtilizationScreen' are matched.

2018-09-05 18:08:42 - [MESSAGE][PASSED] - Actual text and expected text of test object 'Object Repository/ShopOpen/ChillerUtilization/Validate_ChillerUtilizationScreen' are matched.

2018-09-05 18:08:42 - [TEST_STEP][PASSED] - com.ct.qa.keywords.ChillerVisitingScenariosKeywords.visitChillersTaggedinChillerUtilizationWithSingleRemark: com.ct.qa.keywords.ChillerVisitingScenariosKeywords.visitChillersTaggedinChillerUtilizationWithSingleRemark is PASSED

2018-09-05 18:08:45 - [MESSAGE][WARNING] - Timeout '0' is invalid. Using default page load timeout: '5'

2018-09-05 18:08:46 - [MESSAGE][PASSED] - Element 'Object Repository/CommonScreenElements/Validate_CameraScreen' is exist

2018-09-05 18:08:46 - [MESSAGE][WARNING] - Timeout '0' is invalid. Using default page load timeout: '5'

2018-09-05 18:08:50 - [MESSAGE][PASSED] - Tapped on element 'Object Repository/CommonScreenElements/TakePictureButton'

2018-09-05 18:08:55 - [MESSAGE][PASSED] - Delayed 5 second(s)

2018-09-05 18:08:55 - [MESSAGE][WARNING] - Timeout '0' is invalid. Using default page load timeout: '5'

2018-09-05 18:08:56 - [MESSAGE][PASSED] - Tapped on element 'Object Repository/CommonScreenElements/DoneButton'

2018-09-05 18:09:01 - [TEST_CASE][PASSED] - Test Cases/ShopOpen/ChillerUtilization/ChillerTypeNotAvailable/VisitChillerTypeNotAvailable: Test Cases/ShopOpen/ChillerUtilization/ChillerTypeNotAvailable/VisitChillerTypeNotAvailable

2018-09-05 18:09:02 - [TEST_STEP][PASSED] - verifyElementText: Actual text and expected text of test object 'Object Repository/ShopOpen/ChillerUtilization/ChillerTypeNotAvailable/Validate_SelectAppropriateTypeScreen' are matched.

2018-09-05 18:09:03 - [MESSAGE][PASSED] - Actual text and expected text of test object 'Object Repository/ShopOpen/ChillerUtilization/ChillerTypeNotAvailable/Validate_SelectAppropriateTypeScreen' are matched.

2018-09-05 18:09:03 - [TEST_STEP][PASSED] - com.ct.qa.keywords.ChillerVisitingScenariosKeywords.selectChillerType: com.ct.qa.keywords.ChillerVisitingScenariosKeywords.selectChillerType is PASSED

2018-09-05 18:09:06 - [MESSAGE][PASSED] - com.ct.qa.keywords.ChillerVisitingScenariosKeywords.selectChillerType is PASSED

2018-09-05 18:09:06 - [TEST_STEP][PASSED] - verifyElementExist: Element 'Object Repository/CommonScreenElements/Validate_CameraScreen' is exist

2018-09-05 18:09:06 - [MESSAGE][WARNING] - Timeout '0' is invalid. Using default page load timeout: '5'

2018-09-05 18:09:06 - [MESSAGE][PASSED] - Element 'Object Repository/CommonScreenElements/Validate_CameraScreen' is exist

2018-09-05 18:09:06 - [TEST_STEP][PASSED] - tap: Tapped on element 'Object Repository/CommonScreenElements/TakePictureButton'

2018-09-05 18:09:06 - [MESSAGE][WARNING] - Timeout '0' is invalid. Using default page load timeout: '5'

2018-09-05 18:09:09 - [MESSAGE][PASSED] - Tapped on element 'Object Repository/CommonScreenElements/TakePictureButton'

2018-09-05 18:09:09 - [TEST_STEP][PASSED] - delay: Delayed 5 second(s)

2018-09-05 18:09:14 - [MESSAGE][PASSED] - Delayed 5 second(s)

2018-09-05 18:09:14 - [TEST_STEP][PASSED] - tap: Tapped on element 'Object Repository/CommonScreenElements/DoneButton'

2018-09-05 18:09:14 - [MESSAGE][WARNING] - Timeout '0' is invalid. Using default page load timeout: '5'

2018-09-05 18:09:15 - [MESSAGE][PASSED] - Tapped on element 'Object Repository/CommonScreenElements/DoneButton'

2018-09-05 18:09:15 - [TEST_STEP][PASSED] - callTestCase: Call Test Case 'Test Cases/ShopOpen/ChillerUtilization/ChillerTypeNotAvailable/VisitChillerAvailable' successfully

2018-09-05 18:09:15 - [TEST_CASE][PASSED] - Test Cases/ShopOpen/ChillerUtilization/ChillerTypeNotAvailable/VisitChillerAvailable: Test Cases/ShopOpen/ChillerUtilization/ChillerTypeNotAvailable/VisitChillerAvailable

2018-09-05 18:09:16 - [TEST_STEP][PASSED] - verifyElementExist: Element 'Object Repository/ShopOpen/ChillerUtilization/ChillerAvailable/Validate_ChillerAvailableScreen' is exist

2018-09-05 18:09:16 - [MESSAGE][WARNING] - Timeout '0' is invalid. Using default page load timeout: '5'

2018-09-05 18:09:17 - [MESSAGE][PASSED] - Element 'Object Repository/ShopOpen/ChillerUtilization/ChillerAvailable/Validate_ChillerAvailableScreen' is exist

2018-09-05 18:09:17 - [TEST_STEP][PASSED] - tap: Tapped on element 'Object Repository/ShopOpen/ChillerUtilization/ChillerAvailable/Planogram_ImageView'

2018-09-05 18:09:17 - [MESSAGE][WARNING] - Timeout '0' is invalid. Using default page load timeout: '5'

2018-09-05 18:09:17 - [MESSAGE][PASSED] - Tapped on element 'Object Repository/ShopOpen/ChillerUtilization/ChillerAvailable/Planogram_ImageView'

2018-09-05 18:09:17 - [TEST_STEP][PASSED] - com.ct.qa.keywords.CommonKeywords.checkPlanogramAvailability: com.ct.qa.keywords.CommonKeywords.checkPlanogramAvailability is PASSED

2018-09-05 18:09:17 - [MESSAGE][WARNING] - Timeout '0' is invalid. Using default page load timeout: '5'

2018-09-05 18:09:23 - [MESSAGE][WARNING] - Object Object Repository/CommonScreenElements/InfoPopUp_OKButton not found
[[ATTACHMENT|F:\\Git Projects\\MMAPlus_Merchandising\\MMAPlus_Merchandising\\Reports\\MMA Plus Merchandising With Category Level(Chiller Utilization) Overwrite Scenarios\\20180905_180640\\1536152962738.png]]

2018-09-05 18:09:23 - [MESSAGE][PASSED] - com.ct.qa.keywords.CommonKeywords.checkPlanogramAvailability is PASSED

2018-09-05 18:09:23 - [TEST_STEP][PASSED] - com.ct.qa.keywords.CommonKeywords.closePlanogram: com.ct.qa.keywords.CommonKeywords.closePlanogram is PASSED

2018-09-05 18:09:24 - [MESSAGE][PASSED] - com.ct.qa.keywords.CommonKeywords.closePlanogram is PASSED

2018-09-05 18:09:24 - [TEST_STEP][PASSED] - verifyElementExist: Element 'Object Repository/ShopOpen/ChillerUtilization/ChillerAvailable/Validate_ChillerAvailableScreen' is exist

2018-09-05 18:09:24 - [MESSAGE][WARNING] - Timeout '0' is invalid. Using default page load timeout: '5'

2018-09-05 18:09:25 - [MESSAGE][PASSED] - Element 'Object Repository/ShopOpen/ChillerUtilization/ChillerAvailable/Validate_ChillerAvailableScreen' is exist

2018-09-05 18:09:25 - [TEST_STEP][PASSED] - com.ct.qa.keywords.CommonKeywords.findPictureImageView: com.ct.qa.keywords.CommonKeywords.findPictureImageView is PASSED

2018-09-05 18:09:25 - [MESSAGE][PASSED] - com.ct.qa.keywords.CommonKeywords.findPictureImageView is PASSED

2018-09-05 18:09:25 - [TEST_STEP][PASSED] - verifyElementExist: Element 'Object Repository/ShopOpen/ChillerUtilization/ChillerAvailable/Validate_ChillerAvailableScreen' is exist

2018-09-05 18:09:25 - [MESSAGE][WARNING] - Timeout '0' is invalid. Using default page load timeout: '5'

2018-09-05 18:09:26 - [MESSAGE][PASSED] - Element 'Object Repository/ShopOpen/ChillerUtilization/ChillerAvailable/Validate_ChillerAvailableScreen' is exist

2018-09-05 18:09:26 - [TEST_STEP][PASSED] - tap: Tapped on element 'Object Repository/ShopOpen/ChillerUtilization/ChillerAvailable/Depth1_TakePicture'

2018-09-05 18:09:26 - [MESSAGE][WARNING] - Timeout '0' is invalid. Using default page load timeout: '5'

2018-09-05 18:09:27 - [MESSAGE][PASSED] - Tapped on element 'Object Repository/ShopOpen/ChillerUtilization/ChillerAvailable/Depth1_TakePicture'

2018-09-05 18:09:27 - [TEST_STEP][PASSED] - verifyElementExist: Element 'Object Repository/CommonScreenElements/Validate_CameraScreen' is exist

2018-09-05 18:09:27 - [MESSAGE][WARNING] - Timeout '0' is invalid. Using default page load timeout: '5'

2018-09-05 18:09:28 - [MESSAGE][PASSED] - Element 'Object Repository/CommonScreenElements/Validate_CameraScreen' is exist

2018-09-05 18:09:28 - [TEST_STEP][PASSED] - tap: Tapped on element 'Object Repository/CommonScreenElements/TakePictureButton'

2018-09-05 18:09:28 - [MESSAGE][WARNING] - Timeout '0' is invalid. Using default page load timeout: '5'

2018-09-05 18:09:31 - [MESSAGE][PASSED] - Tapped on element 'Object Repository/CommonScreenElements/TakePictureButton'

2018-09-05 18:09:31 - [TEST_STEP][PASSED] - delay: Delayed 5 second(s)

2018-09-05 18:09:36 - [MESSAGE][PASSED] - Delayed 5 second(s)

2018-09-05 18:09:36 - [TEST_STEP][PASSED] - tap: Tapped on element 'Object Repository/CommonScreenElements/DoneButton'

2018-09-05 18:09:36 - [MESSAGE][WARNING] - Timeout '0' is invalid. Using default page load timeout: '5'

2018-09-05 18:09:37 - [MESSAGE][PASSED] - Tapped on element 'Object Repository/CommonScreenElements/DoneButton'

2018-09-05 18:09:37 - [TEST_STEP][PASSED] - verifyElementExist: Element 'Object Repository/ShopOpen/ChillerUtilization/ChillerAvailable/Validate_ChillerAvailableScreen' is exist

2018-09-05 18:09:37 - [MESSAGE][WARNING] - Timeout '0' is invalid. Using default page load timeout: '5'

2018-09-05 18:09:38 - [MESSAGE][PASSED] - Element 'Object Repository/ShopOpen/ChillerUtilization/ChillerAvailable/Validate_ChillerAvailableScreen' is exist

2018-09-05 18:09:38 - [TEST_STEP][PASSED] - tap: Tapped on element 'Object Repository/ShopOpen/ChillerUtilization/ChillerAvailable/Depth2TakePicture'

2018-09-05 18:09:38 - [MESSAGE][WARNING] - Timeout '0' is invalid. Using default page load timeout: '5'

2018-09-05 18:09:40 - [MESSAGE][PASSED] - Tapped on element 'Object Repository/ShopOpen/ChillerUtilization/ChillerAvailable/Depth2TakePicture'

2018-09-05 18:09:40 - [TEST_STEP][PASSED] - verifyElementExist: Element 'Object Repository/CommonScreenElements/Validate_CameraScreen' is exist

2018-09-05 18:09:40 - [MESSAGE][WARNING] - Timeout '0' is invalid. Using default page load timeout: '5'

2018-09-05 18:09:41 - [MESSAGE][PASSED] - Element 'Object Repository/CommonScreenElements/Validate_CameraScreen' is exist

2018-09-05 18:09:41 - [TEST_STEP][PASSED] - tap: Tapped on element 'Object Repository/CommonScreenElements/TakePictureButton'

2018-09-05 18:09:41 - [MESSAGE][WARNING] - Timeout '0' is invalid. Using default page load timeout: '5'

2018-09-05 18:09:44 - [MESSAGE][PASSED] - Tapped on element 'Object Repository/CommonScreenElements/TakePictureButton'

2018-09-05 18:09:44 - [TEST_STEP][PASSED] - delay: Delayed 5 second(s)

2018-09-05 18:09:49 - [MESSAGE][PASSED] - Delayed 5 second(s)

2018-09-05 18:09:49 - [TEST_STEP][PASSED] - tap: Tapped on element 'Object Repository/CommonScreenElements/DoneButton'

2018-09-05 18:09:49 - [MESSAGE][WARNING] - Timeout '0' is invalid. Using default page load timeout: '5'

2018-09-05 18:09:50 - [MESSAGE][PASSED] - Tapped on element 'Object Repository/CommonScreenElements/DoneButton'

2018-09-05 18:09:50 - [TEST_STEP][PASSED] - verifyElementExist: Element 'Object Repository/ShopOpen/ChillerUtilization/ChillerAvailable/Validate_ChillerAvailableScreen' is exist

2018-09-05 18:09:50 - [MESSAGE][WARNING] - Timeout '0' is invalid. Using default page load timeout: '5'

2018-09-05 18:09:51 - [MESSAGE][PASSED] - Element 'Object Repository/ShopOpen/ChillerUtilization/ChillerAvailable/Validate_ChillerAvailableScreen' is exist

2018-09-05 18:09:51 - [TEST_STEP][PASSED] - tap: Tapped on element 'Object Repository/ShopOpen/ChillerUtilization/ChillerAvailable/NextButton'

2018-09-05 18:09:51 - [MESSAGE][WARNING] - Timeout '0' is invalid. Using default page load timeout: '5'

2018-09-05 18:09:51 - [MESSAGE][PASSED] - Tapped on element 'Object Repository/ShopOpen/ChillerUtilization/ChillerAvailable/NextButton'

2018-09-05 18:09:51 - [TEST_STEP][PASSED] - verifyElementText: Actual text and expected text of test object 'Object Repository/ShopOpen/ChillerUtilization/ChillerAvailable/Validate_ChillerProductsCategoriesScreen' are matched.

2018-09-05 18:09:54 - [MESSAGE][PASSED] - Actual text and expected text of test object 'Object Repository/ShopOpen/ChillerUtilization/ChillerAvailable/Validate_ChillerProductsCategoriesScreen' are matched.

2018-09-05 18:09:54 - [TEST_STEP][PASSED] - com.ct.qa.keywords.ChillerProductsDataKeywords.visitChillerAvailableProductCategories: com.ct.qa.keywords.ChillerProductsDataKeywords.visitChillerAvailableProductCategories is PASSED

2018-09-05 18:09:57 - [TEST_CASE][PASSED] - Test Cases/ShopOpen/ChillerUtilization/ChillerAvailable/VisitProductCategoryAssets: Test Cases/ShopOpen/ChillerUtilization/ChillerAvailable/VisitProductCategoryAssets

2018-09-05 18:09:58 - [TEST_STEP][PASSED] - verifyElementText: Actual text and expected text of test object 'Object Repository/ShopOpen/ChillerUtilization/ChillerAvailable/Validate_ProductCategoryAssetScreen' are matched.

2018-09-05 18:09:59 - [MESSAGE][PASSED] - Actual text and expected text of test object 'Object Repository/ShopOpen/ChillerUtilization/ChillerAvailable/Validate_ProductCategoryAssetScreen' are matched.

2018-09-05 18:09:59 - [TEST_STEP][PASSED] - tap: Tapped on element 'Object Repository/ShopOpen/ChillerUtilization/ChillerAvailable/Facing'

2018-09-05 18:09:59 - [MESSAGE][WARNING] - Timeout '0' is invalid. Using default page load timeout: '5'

2018-09-05 18:09:59 - [MESSAGE][PASSED] - Tapped on element 'Object Repository/ShopOpen/ChillerUtilization/ChillerAvailable/Facing'

2018-09-05 18:09:59 - [TEST_STEP][PASSED] - verifyElementText: Actual text and expected text of test object 'Object Repository/ShopOpen/ChillerUtilization/ChillerAvailable/Validate_FacingScreen' are matched.

2018-09-05 18:10:01 - [MESSAGE][PASSED] - Actual text and expected text of test object 'Object Repository/ShopOpen/ChillerUtilization/ChillerAvailable/Validate_FacingScreen' are matched.

2018-09-05 18:10:01 - [TEST_STEP][PASSED] - com.ct.qa.keywords.ChillerProductsDataKeywords.visitChillerAvailableProductsData: com.ct.qa.keywords.ChillerProductsDataKeywords.visitChillerAvailableProductsData is PASSED

2018-09-05 18:10:04 - [MESSAGE][PASSED] - Keyboard is hidden

2018-09-05 18:10:05 - [MESSAGE][PASSED] - com.ct.qa.keywords.ChillerProductsDataKeywords.visitChillerAvailableProductsData is PASSED

2018-09-05 18:10:05 - [TEST_STEP][PASSED] - tap: Tapped on element 'Object Repository/ShopOpen/ChillerUtilization/ChillerAvailable/SubmitButton'

2018-09-05 18:10:05 - [MESSAGE][WARNING] - Timeout '0' is invalid. Using default page load timeout: '5'

2018-09-05 18:10:05 - [MESSAGE][PASSED] - Tapped on element 'Object Repository/ShopOpen/ChillerUtilization/ChillerAvailable/SubmitButton'

2018-09-05 18:10:05 - [TEST_STEP][PASSED] - verifyElementText: Actual text and expected text of test object 'Object Repository/ShopOpen/ChillerUtilization/ChillerAvailable/Validate_ProductCategoryAssetScreen' are matched.

2018-09-05 18:10:06 - [MESSAGE][PASSED] - Actual text and expected text of test object 'Object Repository/ShopOpen/ChillerUtilization/ChillerAvailable/Validate_ProductCategoryAssetScreen' are matched.

2018-09-05 18:10:06 - [TEST_STEP][PASSED] - tap: Tapped on element 'Object Repository/ShopOpen/ChillerUtilization/ChillerAvailable/Depth'

2018-09-05 18:10:06 - [MESSAGE][WARNING] - Timeout '0' is invalid. Using default page load timeout: '5'

2018-09-05 18:10:07 - [MESSAGE][PASSED] - Tapped on element 'Object Repository/ShopOpen/ChillerUtilization/ChillerAvailable/Depth'

2018-09-05 18:10:07 - [TEST_STEP][PASSED] - verifyElementText: Actual text and expected text of test object 'Object Repository/ShopOpen/ChillerUtilization/ChillerAvailable/Validate_DepthScreen' are matched.

2018-09-05 18:10:08 - [MESSAGE][PASSED] - Actual text and expected text of test object 'Object Repository/ShopOpen/ChillerUtilization/ChillerAvailable/Validate_DepthScreen' are matched.

2018-09-05 18:10:08 - [TEST_STEP][PASSED] - com.ct.qa.keywords.ChillerProductsDataKeywords.visitChillerAvailableProductsData: com.ct.qa.keywords.ChillerProductsDataKeywords.visitChillerAvailableProductsData is PASSED

2018-09-05 18:10:11 - [MESSAGE][PASSED] - Keyboard is hidden

2018-09-05 18:10:12 - [MESSAGE][PASSED] - com.ct.qa.keywords.ChillerProductsDataKeywords.visitChillerAvailableProductsData is PASSED

2018-09-05 18:10:12 - [TEST_STEP][PASSED] - tap: Tapped on element 'Object Repository/ShopOpen/ChillerUtilization/ChillerAvailable/SubmitButton'

2018-09-05 18:10:12 - [MESSAGE][WARNING] - Timeout '0' is invalid. Using default page load timeout: '5'

2018-09-05 18:10:13 - [MESSAGE][PASSED] - Tapped on element 'Object Repository/ShopOpen/ChillerUtilization/ChillerAvailable/SubmitButton'

2018-09-05 18:10:13 - [TEST_STEP][PASSED] - verifyElementText: Actual text and expected text of test object 'Object Repository/ShopOpen/ChillerUtilization/ChillerAvailable/Validate_ProductCategoryAssetScreen' are matched.

2018-09-05 18:10:14 - [MESSAGE][PASSED] - Actual text and expected text of test object 'Object Repository/ShopOpen/ChillerUtilization/ChillerAvailable/Validate_ProductCategoryAssetScreen' are matched.

2018-09-05 18:10:14 - [TEST_STEP][PASSED] - tap: Tapped on element 'Object Repository/ShopOpen/ChillerUtilization/ChillerAvailable/StockCount'

2018-09-05 18:10:14 - [MESSAGE][WARNING] - Timeout '0' is invalid. Using default page load timeout: '5'

2018-09-05 18:10:14 - [MESSAGE][PASSED] - Tapped on element 'Object Repository/ShopOpen/ChillerUtilization/ChillerAvailable/StockCount'

2018-09-05 18:10:14 - [TEST_STEP][PASSED] - verifyElementText: Actual text and expected text of test object 'Object Repository/ShopOpen/ChillerUtilization/ChillerAvailable/Validate_StockCountScreen' are matched.

2018-09-05 18:10:16 - [MESSAGE][PASSED] - Actual text and expected text of test object 'Object Repository/ShopOpen/ChillerUtilization/ChillerAvailable/Validate_StockCountScreen' are matched.

2018-09-05 18:10:16 - [TEST_STEP][PASSED] - com.ct.qa.keywords.ChillerProductsDataKeywords.visitChillerAvailableProductsData: com.ct.qa.keywords.ChillerProductsDataKeywords.visitChillerAvailableProductsData is PASSED

2018-09-05 18:10:19 - [MESSAGE][PASSED] - Keyboard is hidden

2018-09-05 18:10:20 - [MESSAGE][PASSED] - com.ct.qa.keywords.ChillerProductsDataKeywords.visitChillerAvailableProductsData is PASSED

2018-09-05 18:10:20 - [TEST_STEP][PASSED] - tap: Tapped on element 'Object Repository/ShopOpen/ChillerUtilization/ChillerAvailable/SubmitButton'

2018-09-05 18:10:20 - [MESSAGE][WARNING] - Timeout '0' is invalid. Using default page load timeout: '5'

2018-09-05 18:10:20 - [MESSAGE][PASSED] - Tapped on element 'Object Repository/ShopOpen/ChillerUtilization/ChillerAvailable/SubmitButton'

2018-09-05 18:10:20 - [TEST_STEP][PASSED] - verifyElementText: Actual text and expected text of test object 'Object Repository/ShopOpen/ChillerUtilization/ChillerAvailable/Validate_ProductCategoryAssetScreen' are matched.

2018-09-05 18:10:21 - [MESSAGE][PASSED] - Actual text and expected text of test object 'Object Repository/ShopOpen/ChillerUtilization/ChillerAvailable/Validate_ProductCategoryAssetScreen' are matched.

2018-09-05 18:10:21 - [TEST_STEP][PASSED] - tap: Tapped on element 'Object Repository/ShopOpen/ChillerUtilization/ChillerAvailable/PorductCategoryActions_BackButton'

2018-09-05 18:10:21 - [MESSAGE][WARNING] - Timeout '0' is invalid. Using default page load timeout: '5'

2018-09-05 18:10:22 - [MESSAGE][PASSED] - Tapped on element 'Object Repository/ShopOpen/ChillerUtilization/ChillerAvailable/PorductCategoryActions_BackButton'

2018-09-05 18:10:22 - [TEST_STEP][PASSED] - verifyElementText: Actual text and expected text of test object 'Object Repository/ShopOpen/ChillerUtilization/ChillerAvailable/Validate_ChillerProductsCategoriesScreen' are matched.

2018-09-05 18:10:23 - [MESSAGE][PASSED] - Actual text and expected text of test object 'Object Repository/ShopOpen/ChillerUtilization/ChillerAvailable/Validate_ChillerProductsCategoriesScreen' are matched.

2018-09-05 18:10:23 - [MESSAGE][PASSED] - Call Test Case 'Test Cases/ShopOpen/ChillerUtilization/ChillerAvailable/VisitProductCategoryAssets' successfully

2018-09-05 18:10:24 - [TEST_CASE][PASSED] - Test Cases/ShopOpen/ChillerUtilization/ChillerAvailable/VisitProductCategoryAssets: Test Cases/ShopOpen/ChillerUtilization/ChillerAvailable/VisitProductCategoryAssets

2018-09-05 18:10:24 - [TEST_STEP][PASSED] - verifyElementText: Actual text and expected text of test object 'Object Repository/ShopOpen/ChillerUtilization/ChillerAvailable/Validate_ProductCategoryAssetScreen' are matched.

2018-09-05 18:10:25 - [MESSAGE][PASSED] - Actual text and expected text of test object 'Object Repository/ShopOpen/ChillerUtilization/ChillerAvailable/Validate_ProductCategoryAssetScreen' are matched.

2018-09-05 18:10:25 - [TEST_STEP][PASSED] - tap: Tapped on element 'Object Repository/ShopOpen/ChillerUtilization/ChillerAvailable/Facing'

2018-09-05 18:10:25 - [MESSAGE][WARNING] - Timeout '0' is invalid. Using default page load timeout: '5'

2018-09-05 18:10:25 - [MESSAGE][PASSED] - Tapped on element 'Object Repository/ShopOpen/ChillerUtilization/ChillerAvailable/Facing'

2018-09-05 18:10:25 - [TEST_STEP][PASSED] - verifyElementText: Actual text and expected text of test object 'Object Repository/ShopOpen/ChillerUtilization/ChillerAvailable/Validate_FacingScreen' are matched.

2018-09-05 18:10:28 - [MESSAGE][PASSED] - Actual text and expected text of test object 'Object Repository/ShopOpen/ChillerUtilization/ChillerAvailable/Validate_FacingScreen' are matched.

2018-09-05 18:10:28 - [TEST_STEP][PASSED] - com.ct.qa.keywords.ChillerProductsDataKeywords.visitChillerAvailableProductsData: com.ct.qa.keywords.ChillerProductsDataKeywords.visitChillerAvailableProductsData is PASSED

2018-09-05 18:10:32 - [MESSAGE][PASSED] - Keyboard is hidden

2018-09-05 18:10:35 - [MESSAGE][PASSED] - Keyboard is hidden

2018-09-05 18:10:38 - [MESSAGE][PASSED] - Keyboard is hidden

2018-09-05 18:10:41 - [MESSAGE][PASSED] - Keyboard is hidden

2018-09-05 18:10:44 - [MESSAGE][PASSED] - Keyboard is hidden

2018-09-05 18:10:47 - [MESSAGE][PASSED] - Keyboard is hidden

2018-09-05 18:10:50 - [MESSAGE][PASSED] - Swiped from 50,359 to 50,250

2018-09-05 18:10:53 - [MESSAGE][PASSED] - Keyboard is hidden

2018-09-05 18:10:55 - [MESSAGE][PASSED] - Swiped from 50,359 to 50,250

2018-09-05 18:10:58 - [MESSAGE][PASSED] - Keyboard is hidden

2018-09-05 18:10:59 - [MESSAGE][PASSED] - Swiped from 50,359 to 50,250

2018-09-05 18:11:03 - [MESSAGE][PASSED] - Keyboard is hidden

2018-09-05 18:11:04 - [MESSAGE][PASSED] - Swiped from 50,359 to 50,250

2018-09-05 18:11:08 - [MESSAGE][PASSED] - Keyboard is hidden

2018-09-05 18:11:10 - [MESSAGE][PASSED] - Swiped from 50,359 to 50,250

2018-09-05 18:11:13 - [MESSAGE][PASSED] - Keyboard is hidden

2018-09-05 18:11:14 - [MESSAGE][PASSED] - Swiped from 50,359 to 50,250

2018-09-05 18:11:18 - [MESSAGE][PASSED] - Keyboard is hidden

2018-09-05 18:11:19 - [MESSAGE][PASSED] - Swiped from 50,359 to 50,250

2018-09-05 18:11:21 - [MESSAGE][PASSED] - com.ct.qa.keywords.ChillerProductsDataKeywords.visitChillerAvailableProductsData is PASSED

2018-09-05 18:11:21 - [TEST_STEP][PASSED] - tap: Tapped on element 'Object Repository/ShopOpen/ChillerUtilization/ChillerAvailable/SubmitButton'

2018-09-05 18:11:21 - [MESSAGE][WARNING] - Timeout '0' is invalid. Using default page load timeout: '5'

2018-09-05 18:11:21 - [MESSAGE][PASSED] - Tapped on element 'Object Repository/ShopOpen/ChillerUtilization/ChillerAvailable/SubmitButton'

2018-09-05 18:11:21 - [TEST_STEP][PASSED] - verifyElementText: Actual text and expected text of test object 'Object Repository/ShopOpen/ChillerUtilization/ChillerAvailable/Validate_ProductCategoryAssetScreen' are matched.

2018-09-05 18:11:22 - [MESSAGE][PASSED] - Actual text and expected text of test object 'Object Repository/ShopOpen/ChillerUtilization/ChillerAvailable/Validate_ProductCategoryAssetScreen' are matched.

2018-09-05 18:11:22 - [TEST_STEP][PASSED] - tap: Tapped on element 'Object Repository/ShopOpen/ChillerUtilization/ChillerAvailable/Depth'

2018-09-05 18:11:22 - [MESSAGE][WARNING] - Timeout '0' is invalid. Using default page load timeout: '5'

2018-09-05 18:11:23 - [MESSAGE][PASSED] - Tapped on element 'Object Repository/ShopOpen/ChillerUtilization/ChillerAvailable/Depth'

2018-09-05 18:11:23 - [TEST_STEP][PASSED] - verifyElementText: Actual text and expected text of test object 'Object Repository/ShopOpen/ChillerUtilization/ChillerAvailable/Validate_DepthScreen' are matched.

2018-09-05 18:11:25 - [MESSAGE][PASSED] - Actual text and expected text of test object 'Object Repository/ShopOpen/ChillerUtilization/ChillerAvailable/Validate_DepthScreen' are matched.

2018-09-05 18:11:25 - [TEST_STEP][PASSED] - com.ct.qa.keywords.ChillerProductsDataKeywords.visitChillerAvailableProductsData: com.ct.qa.keywords.ChillerProductsDataKeywords.visitChillerAvailableProductsData is PASSED

2018-09-05 18:11:29 - [MESSAGE][PASSED] - Keyboard is hidden

2018-09-05 18:11:32 - [MESSAGE][PASSED] - Keyboard is hidden

2018-09-05 18:11:35 - [MESSAGE][PASSED] - Keyboard is hidden

2018-09-05 18:11:38 - [MESSAGE][PASSED] - Keyboard is hidden

2018-09-05 18:11:41 - [MESSAGE][PASSED] - Keyboard is hidden

2018-09-05 18:11:44 - [MESSAGE][PASSED] - Keyboard is hidden

2018-09-05 18:11:46 - [MESSAGE][PASSED] - Swiped from 50,359 to 50,250

2018-09-05 18:11:50 - [MESSAGE][PASSED] - Keyboard is hidden

2018-09-05 18:11:51 - [MESSAGE][PASSED] - Swiped from 50,359 to 50,250

2018-09-05 18:11:55 - [MESSAGE][PASSED] - Keyboard is hidden

2018-09-05 18:11:57 - [MESSAGE][PASSED] - Swiped from 50,359 to 50,250

2018-09-05 18:12:00 - [MESSAGE][PASSED] - Keyboard is hidden

2018-09-05 18:12:01 - [MESSAGE][PASSED] - Swiped from 50,359 to 50,250

2018-09-05 18:12:05 - [MESSAGE][PASSED] - Keyboard is hidden

2018-09-05 18:12:07 - [MESSAGE][PASSED] - Swiped from 50,359 to 50,250

2018-09-05 18:12:10 - [MESSAGE][PASSED] - Keyboard is hidden

2018-09-05 18:12:11 - [MESSAGE][PASSED] - Swiped from 50,359 to 50,250

2018-09-05 18:12:15 - [MESSAGE][PASSED] - Keyboard is hidden

2018-09-05 18:12:16 - [MESSAGE][PASSED] - Swiped from 50,359 to 50,250

2018-09-05 18:12:18 - [MESSAGE][PASSED] - com.ct.qa.keywords.ChillerProductsDataKeywords.visitChillerAvailableProductsData is PASSED

2018-09-05 18:12:18 - [TEST_STEP][PASSED] - tap: Tapped on element 'Object Repository/ShopOpen/ChillerUtilization/ChillerAvailable/SubmitButton'

2018-09-05 18:12:18 - [MESSAGE][WARNING] - Timeout '0' is invalid. Using default page load timeout: '5'

2018-09-05 18:12:18 - [MESSAGE][PASSED] - Tapped on element 'Object Repository/ShopOpen/ChillerUtilization/ChillerAvailable/SubmitButton'

2018-09-05 18:12:18 - [TEST_STEP][PASSED] - verifyElementText: Actual text and expected text of test object 'Object Repository/ShopOpen/ChillerUtilization/ChillerAvailable/Validate_ProductCategoryAssetScreen' are matched.

2018-09-05 18:12:19 - [MESSAGE][PASSED] - Actual text and expected text of test object 'Object Repository/ShopOpen/ChillerUtilization/ChillerAvailable/Validate_ProductCategoryAssetScreen' are matched.

2018-09-05 18:12:19 - [TEST_STEP][PASSED] - tap: Tapped on element 'Object Repository/ShopOpen/ChillerUtilization/ChillerAvailable/StockCount'

2018-09-05 18:12:19 - [MESSAGE][WARNING] - Timeout '0' is invalid. Using default page load timeout: '5'

2018-09-05 18:12:19 - [MESSAGE][PASSED] - Tapped on element 'Object Repository/ShopOpen/ChillerUtilization/ChillerAvailable/StockCount'

2018-09-05 18:12:19 - [TEST_STEP][PASSED] - verifyElementText: Actual text and expected text of test object 'Object Repository/ShopOpen/ChillerUtilization/ChillerAvailable/Validate_StockCountScreen' are matched.

2018-09-05 18:12:22 - [MESSAGE][PASSED] - Actual text and expected text of test object 'Object Repository/ShopOpen/ChillerUtilization/ChillerAvailable/Validate_StockCountScreen' are matched.

2018-09-05 18:12:22 - [TEST_STEP][PASSED] - com.ct.qa.keywords.ChillerProductsDataKeywords.visitChillerAvailableProductsData: com.ct.qa.keywords.ChillerProductsDataKeywords.visitChillerAvailableProductsData is PASSED

2018-09-05 18:12:26 - [MESSAGE][PASSED] - Keyboard is hidden

2018-09-05 18:12:29 - [MESSAGE][PASSED] - Keyboard is hidden

2018-09-05 18:12:32 - [MESSAGE][PASSED] - Keyboard is hidden

2018-09-05 18:12:35 - [MESSAGE][PASSED] - Keyboard is hidden

2018-09-05 18:12:38 - [MESSAGE][PASSED] - Keyboard is hidden

2018-09-05 18:12:41 - [MESSAGE][PASSED] - Keyboard is hidden

2018-09-05 18:12:43 - [MESSAGE][PASSED] - Swiped from 50,359 to 50,250

2018-09-05 18:12:47 - [MESSAGE][PASSED] - Keyboard is hidden

2018-09-05 18:12:48 - [MESSAGE][PASSED] - Swiped from 50,359 to 50,250

2018-09-05 18:12:52 - [MESSAGE][PASSED] - Keyboard is hidden

2018-09-05 18:12:53 - [MESSAGE][PASSED] - Swiped from 50,359 to 50,250

2018-09-05 18:12:57 - [MESSAGE][PASSED] - Keyboard is hidden

2018-09-05 18:12:58 - [MESSAGE][PASSED] - Swiped from 50,359 to 50,250

2018-09-05 18:13:02 - [MESSAGE][PASSED] - Keyboard is hidden

2018-09-05 18:13:04 - [MESSAGE][PASSED] - Swiped from 50,359 to 50,250

2018-09-05 18:13:07 - [MESSAGE][PASSED] - Keyboard is hidden

2018-09-05 18:13:08 - [MESSAGE][PASSED] - Swiped from 50,359 to 50,250

2018-09-05 18:13:12 - [MESSAGE][PASSED] - Keyboard is hidden

2018-09-05 18:13:13 - [MESSAGE][PASSED] - Swiped from 50,359 to 50,250

2018-09-05 18:13:15 - [MESSAGE][PASSED] - com.ct.qa.keywords.ChillerProductsDataKeywords.visitChillerAvailableProductsData is PASSED

2018-09-05 18:13:15 - [TEST_STEP][PASSED] - tap: Tapped on element 'Object Repository/ShopOpen/ChillerUtilization/ChillerAvailable/SubmitButton'

2018-09-05 18:13:15 - [MESSAGE][WARNING] - Timeout '0' is invalid. Using default page load timeout: '5'

2018-09-05 18:13:15 - [MESSAGE][PASSED] - Tapped on element 'Object Repository/ShopOpen/ChillerUtilization/ChillerAvailable/SubmitButton'

2018-09-05 18:13:15 - [TEST_STEP][PASSED] - verifyElementText: Actual text and expected text of test object 'Object Repository/ShopOpen/ChillerUtilization/ChillerAvailable/Validate_ProductCategoryAssetScreen' are matched.

2018-09-05 18:13:16 - [MESSAGE][PASSED] - Actual text and expected text of test object 'Object Repository/ShopOpen/ChillerUtilization/ChillerAvailable/Validate_ProductCategoryAssetScreen' are matched.

2018-09-05 18:13:16 - [TEST_STEP][PASSED] - tap: Tapped on element 'Object Repository/ShopOpen/ChillerUtilization/ChillerAvailable/PorductCategoryActions_BackButton'

2018-09-05 18:13:16 - [MESSAGE][WARNING] - Timeout '0' is invalid. Using default page load timeout: '5'

2018-09-05 18:13:17 - [MESSAGE][PASSED] - Tapped on element 'Object Repository/ShopOpen/ChillerUtilization/ChillerAvailable/PorductCategoryActions_BackButton'

2018-09-05 18:13:17 - [TEST_STEP][PASSED] - verifyElementText: Actual text and expected text of test object 'Object Repository/ShopOpen/ChillerUtilization/ChillerAvailable/Validate_ChillerProductsCategoriesScreen' are matched.

2018-09-05 18:13:18 - [MESSAGE][PASSED] - Actual text and expected text of test object 'Object Repository/ShopOpen/ChillerUtilization/ChillerAvailable/Validate_ChillerProductsCategoriesScreen' are matched.

2018-09-05 18:13:18 - [MESSAGE][PASSED] - Call Test Case 'Test Cases/ShopOpen/ChillerUtilization/ChillerAvailable/VisitProductCategoryAssets' successfully

2018-09-05 18:13:19 - [TEST_CASE][PASSED] - Test Cases/ShopOpen/ChillerUtilization/ChillerAvailable/VisitProductCategoryAssets: Test Cases/ShopOpen/ChillerUtilization/ChillerAvailable/VisitProductCategoryAssets

2018-09-05 18:13:19 - [TEST_STEP][PASSED] - verifyElementText: Actual text and expected text of test object 'Object Repository/ShopOpen/ChillerUtilization/ChillerAvailable/Validate_ProductCategoryAssetScreen' are matched.

2018-09-05 18:13:21 - [MESSAGE][PASSED] - Actual text and expected text of test object 'Object Repository/ShopOpen/ChillerUtilization/ChillerAvailable/Validate_ProductCategoryAssetScreen' are matched.

2018-09-05 18:13:21 - [TEST_STEP][PASSED] - tap: Tapped on element 'Object Repository/ShopOpen/ChillerUtilization/ChillerAvailable/Facing'

2018-09-05 18:13:21 - [MESSAGE][WARNING] - Timeout '0' is invalid. Using default page load timeout: '5'

2018-09-05 18:13:21 - [MESSAGE][PASSED] - Tapped on element 'Object Repository/ShopOpen/ChillerUtilization/ChillerAvailable/Facing'

2018-09-05 18:13:21 - [TEST_STEP][PASSED] - verifyElementText: Actual text and expected text of test object 'Object Repository/ShopOpen/ChillerUtilization/ChillerAvailable/Validate_FacingScreen' are matched.

2018-09-05 18:13:23 - [MESSAGE][PASSED] - Actual text and expected text of test object 'Object Repository/ShopOpen/ChillerUtilization/ChillerAvailable/Validate_FacingScreen' are matched.

2018-09-05 18:13:23 - [TEST_STEP][PASSED] - com.ct.qa.keywords.ChillerProductsDataKeywords.visitChillerAvailableProductsData: com.ct.qa.keywords.ChillerProductsDataKeywords.visitChillerAvailableProductsData is PASSED

2018-09-05 18:13:26 - [MESSAGE][PASSED] - Keyboard is hidden

2018-09-05 18:13:29 - [MESSAGE][PASSED] - Keyboard is hidden

2018-09-05 18:13:30 - [MESSAGE][PASSED] - com.ct.qa.keywords.ChillerProductsDataKeywords.visitChillerAvailableProductsData is PASSED

2018-09-05 18:13:30 - [TEST_STEP][PASSED] - tap: Tapped on element 'Object Repository/ShopOpen/ChillerUtilization/ChillerAvailable/SubmitButton'

2018-09-05 18:13:30 - [MESSAGE][WARNING] - Timeout '0' is invalid. Using default page load timeout: '5'

2018-09-05 18:13:30 - [MESSAGE][PASSED] - Tapped on element 'Object Repository/ShopOpen/ChillerUtilization/ChillerAvailable/SubmitButton'

2018-09-05 18:13:30 - [TEST_STEP][PASSED] - verifyElementText: Actual text and expected text of test object 'Object Repository/ShopOpen/ChillerUtilization/ChillerAvailable/Validate_ProductCategoryAssetScreen' are matched.

2018-09-05 18:13:31 - [MESSAGE][PASSED] - Actual text and expected text of test object 'Object Repository/ShopOpen/ChillerUtilization/ChillerAvailable/Validate_ProductCategoryAssetScreen' are matched.

2018-09-05 18:13:31 - [TEST_STEP][PASSED] - tap: Tapped on element 'Object Repository/ShopOpen/ChillerUtilization/ChillerAvailable/Depth'

2018-09-05 18:13:31 - [MESSAGE][WARNING] - Timeout '0' is invalid. Using default page load timeout: '5'

2018-09-05 18:13:32 - [MESSAGE][PASSED] - Tapped on element 'Object Repository/ShopOpen/ChillerUtilization/ChillerAvailable/Depth'

2018-09-05 18:13:32 - [TEST_STEP][PASSED] - verifyElementText: Actual text and expected text of test object 'Object Repository/ShopOpen/ChillerUtilization/ChillerAvailable/Validate_DepthScreen' are matched.

2018-09-05 18:13:34 - [MESSAGE][PASSED] - Actual text and expected text of test object 'Object Repository/ShopOpen/ChillerUtilization/ChillerAvailable/Validate_DepthScreen' are matched.

2018-09-05 18:13:34 - [TEST_STEP][PASSED] - com.ct.qa.keywords.ChillerProductsDataKeywords.visitChillerAvailableProductsData: com.ct.qa.keywords.ChillerProductsDataKeywords.visitChillerAvailableProductsData is PASSED

2018-09-05 18:13:37 - [MESSAGE][PASSED] - Keyboard is hidden

2018-09-05 18:13:40 - [MESSAGE][PASSED] - Keyboard is hidden

2018-09-05 18:13:41 - [MESSAGE][PASSED] - com.ct.qa.keywords.ChillerProductsDataKeywords.visitChillerAvailableProductsData is PASSED

2018-09-05 18:13:41 - [TEST_STEP][PASSED] - tap: Tapped on element 'Object Repository/ShopOpen/ChillerUtilization/ChillerAvailable/SubmitButton'

2018-09-05 18:13:41 - [MESSAGE][WARNING] - Timeout '0' is invalid. Using default page load timeout: '5'

2018-09-05 18:13:41 - [MESSAGE][PASSED] - Tapped on element 'Object Repository/ShopOpen/ChillerUtilization/ChillerAvailable/SubmitButton'

2018-09-05 18:13:41 - [TEST_STEP][PASSED] - verifyElementText: Actual text and expected text of test object 'Object Repository/ShopOpen/ChillerUtilization/ChillerAvailable/Validate_ProductCategoryAssetScreen' are matched.

2018-09-05 18:13:42 - [MESSAGE][PASSED] - Actual text and expected text of test object 'Object Repository/ShopOpen/ChillerUtilization/ChillerAvailable/Validate_ProductCategoryAssetScreen' are matched.

2018-09-05 18:13:42 - [TEST_STEP][PASSED] - tap: Tapped on element 'Object Repository/ShopOpen/ChillerUtilization/ChillerAvailable/StockCount'

2018-09-05 18:13:42 - [MESSAGE][WARNING] - Timeout '0' is invalid. Using default page load timeout: '5'

2018-09-05 18:13:43 - [MESSAGE][PASSED] - Tapped on element 'Object Repository/ShopOpen/ChillerUtilization/ChillerAvailable/StockCount'

2018-09-05 18:13:43 - [TEST_STEP][PASSED] - verifyElementText: Actual text and expected text of test object 'Object Repository/ShopOpen/ChillerUtilization/ChillerAvailable/Validate_StockCountScreen' are matched.

2018-09-05 18:13:45 - [MESSAGE][PASSED] - Actual text and expected text of test object 'Object Repository/ShopOpen/ChillerUtilization/ChillerAvailable/Validate_StockCountScreen' are matched.

2018-09-05 18:13:45 - [TEST_STEP][PASSED] - com.ct.qa.keywords.ChillerProductsDataKeywords.visitChillerAvailableProductsData: com.ct.qa.keywords.ChillerProductsDataKeywords.visitChillerAvailableProductsData is PASSED

2018-09-05 18:13:48 - [MESSAGE][PASSED] - Keyboard is hidden

2018-09-05 18:13:51 - [MESSAGE][PASSED] - Keyboard is hidden

2018-09-05 18:13:52 - [MESSAGE][PASSED] - com.ct.qa.keywords.ChillerProductsDataKeywords.visitChillerAvailableProductsData is PASSED

2018-09-05 18:13:52 - [TEST_STEP][PASSED] - tap: Tapped on element 'Object Repository/ShopOpen/ChillerUtilization/ChillerAvailable/SubmitButton'

2018-09-05 18:13:52 - [MESSAGE][WARNING] - Timeout '0' is invalid. Using default page load timeout: '5'

2018-09-05 18:13:52 - [MESSAGE][PASSED] - Tapped on element 'Object Repository/ShopOpen/ChillerUtilization/ChillerAvailable/SubmitButton'

2018-09-05 18:13:52 - [TEST_STEP][PASSED] - verifyElementText: Actual text and expected text of test object 'Object Repository/ShopOpen/ChillerUtilization/ChillerAvailable/Validate_ProductCategoryAssetScreen' are matched.

2018-09-05 18:13:53 - [MESSAGE][PASSED] - Actual text and expected text of test object 'Object Repository/ShopOpen/ChillerUtilization/ChillerAvailable/Validate_ProductCategoryAssetScreen' are matched.

2018-09-05 18:13:53 - [TEST_STEP][PASSED] - tap: Tapped on element 'Object Repository/ShopOpen/ChillerUtilization/ChillerAvailable/PorductCategoryActions_BackButton'

2018-09-05 18:13:53 - [MESSAGE][WARNING] - Timeout '0' is invalid. Using default page load timeout: '5'

2018-09-05 18:13:54 - [MESSAGE][PASSED] - Tapped on element 'Object Repository/ShopOpen/ChillerUtilization/ChillerAvailable/PorductCategoryActions_BackButton'

2018-09-05 18:13:54 - [TEST_STEP][PASSED] - verifyElementText: Actual text and expected text of test object 'Object Repository/ShopOpen/ChillerUtilization/ChillerAvailable/Validate_ChillerProductsCategoriesScreen' are matched.

2018-09-05 18:13:55 - [MESSAGE][PASSED] - Actual text and expected text of test object 'Object Repository/ShopOpen/ChillerUtilization/ChillerAvailable/Validate_ChillerProductsCategoriesScreen' are matched.

2018-09-05 18:13:55 - [MESSAGE][PASSED] - Call Test Case 'Test Cases/ShopOpen/ChillerUtilization/ChillerAvailable/VisitProductCategoryAssets' successfully

2018-09-05 18:13:55 - [MESSAGE][PASSED] - com.ct.qa.keywords.ChillerProductsDataKeywords.visitChillerAvailableProductCategories is PASSED

2018-09-05 18:13:55 - [TEST_STEP][PASSED] - tap: Tapped on element 'Object Repository/ShopOpen/ChillerUtilization/ChillerAvailable/ChillerProductsCategories_Planogram_ImageView'

2018-09-05 18:13:55 - [MESSAGE][WARNING] - Timeout '0' is invalid. Using default page load timeout: '5'

2018-09-05 18:13:55 - [MESSAGE][PASSED] - Tapped on element 'Object Repository/ShopOpen/ChillerUtilization/ChillerAvailable/ChillerProductsCategories_Planogram_ImageView'

2018-09-05 18:13:55 - [TEST_STEP][PASSED] - com.ct.qa.keywords.CommonKeywords.checkPlanogramAvailability: com.ct.qa.keywords.CommonKeywords.checkPlanogramAvailability is PASSED

2018-09-05 18:13:55 - [MESSAGE][WARNING] - Timeout '0' is invalid. Using default page load timeout: '5'

2018-09-05 18:14:02 - [MESSAGE][WARNING] - Object Object Repository/CommonScreenElements/InfoPopUp_OKButton not found
[[ATTACHMENT|F:\\Git Projects\\MMAPlus_Merchandising\\MMAPlus_Merchandising\\Reports\\MMA Plus Merchandising With Category Level(Chiller Utilization) Overwrite Scenarios\\20180905_180640\\1536153240931.png]]

2018-09-05 18:14:02 - [MESSAGE][PASSED] - com.ct.qa.keywords.CommonKeywords.checkPlanogramAvailability is PASSED

2018-09-05 18:14:02 - [TEST_STEP][PASSED] - com.ct.qa.keywords.CommonKeywords.closePlanogram: com.ct.qa.keywords.CommonKeywords.closePlanogram is PASSED

2018-09-05 18:14:02 - [MESSAGE][PASSED] - com.ct.qa.keywords.CommonKeywords.closePlanogram is PASSED

2018-09-05 18:14:02 - [TEST_STEP][PASSED] - verifyElementText: Actual text and expected text of test object 'Object Repository/ShopOpen/ChillerUtilization/ChillerAvailable/Validate_ChillerProductsCategoriesScreen' are matched.

2018-09-05 18:14:03 - [MESSAGE][PASSED] - Actual text and expected text of test object 'Object Repository/ShopOpen/ChillerUtilization/ChillerAvailable/Validate_ChillerProductsCategoriesScreen' are matched.

2018-09-05 18:14:03 - [TEST_STEP][PASSED] - com.ct.qa.keywords.CommonKeywords.findPictureImageView: com.ct.qa.keywords.CommonKeywords.findPictureImageView is PASSED

2018-09-05 18:14:03 - [MESSAGE][PASSED] - com.ct.qa.keywords.CommonKeywords.findPictureImageView is PASSED

2018-09-05 18:14:03 - [TEST_STEP][PASSED] - verifyElementText: Actual text and expected text of test object 'Object Repository/ShopOpen/ChillerUtilization/ChillerAvailable/Validate_ChillerProductsCategoriesScreen' are matched.

2018-09-05 18:14:04 - [MESSAGE][PASSED] - Actual text and expected text of test object 'Object Repository/ShopOpen/ChillerUtilization/ChillerAvailable/Validate_ChillerProductsCategoriesScreen' are matched.

2018-09-05 18:14:04 - [TEST_STEP][PASSED] - tap: Tapped on element 'Object Repository/ShopOpen/ChillerUtilization/ChillerAvailable/ChillerProductsCategories_BackButton'

2018-09-05 18:14:04 - [MESSAGE][WARNING] - Timeout '0' is invalid. Using default page load timeout: '5'

2018-09-05 18:14:05 - [MESSAGE][PASSED] - Tapped on element 'Object Repository/ShopOpen/ChillerUtilization/ChillerAvailable/ChillerProductsCategories_BackButton'

2018-09-05 18:14:05 - [TEST_STEP][PASSED] - verifyElementText: Actual text and expected text of test object 'Object Repository/ShopOpen/ChillerUtilization/Validate_ChillerUtilizationScreen' are matched.

2018-09-05 18:14:06 - [MESSAGE][PASSED] - Actual text and expected text of test object 'Object Repository/ShopOpen/ChillerUtilization/Validate_ChillerUtilizationScreen' are matched.

2018-09-05 18:14:06 - [MESSAGE][PASSED] - Call Test Case 'Test Cases/ShopOpen/ChillerUtilization/ChillerTypeNotAvailable/VisitChillerAvailable' successfully

2018-09-05 18:14:06 - [MESSAGE][PASSED] - Call Test Case 'Test Cases/ShopOpen/ChillerUtilization/ChillerTypeNotAvailable/VisitChillerTypeNotAvailable' successfully

2018-09-05 18:14:06 - [MESSAGE][PASSED] - com.ct.qa.keywords.ChillerVisitingScenariosKeywords.visitChillersTaggedinChillerUtilizationWithSingleRemark is PASSED

2018-09-05 18:14:06 - [TEST_STEP][PASSED] - tap: Tapped on element 'Object Repository/ShopOpen/ChillerUtilization/ChillerUtilization_backButton'

2018-09-05 18:14:06 - [MESSAGE][WARNING] - Timeout '0' is invalid. Using default page load timeout: '5'

2018-09-05 18:14:06 - [MESSAGE][PASSED] - Tapped on element 'Object Repository/ShopOpen/ChillerUtilization/ChillerUtilization_backButton'

2018-09-05 18:14:06 - [TEST_STEP][PASSED] - verifyElementExist: Element 'Object Repository/ShopOpen/Validate_ShopCategoriesListScreen' is exist

2018-09-05 18:14:06 - [MESSAGE][WARNING] - Timeout '0' is invalid. Using default page load timeout: '5'

2018-09-05 18:14:08 - [MESSAGE][PASSED] - Element 'Object Repository/ShopOpen/Validate_ShopCategoriesListScreen' is exist

2018-09-05 18:14:08 - [MESSAGE][PASSED] - Call Test Case 'Test Cases/ShopOpen/ChillerUtilization/VisitChillerScenarios/VisitChillerUtilizationWith_ChillerTypeNotAvailable' successfully

2018-09-05 18:14:08 - [TEST_CASE][PASSED] - Test Cases/ShopOpen/RemainingCategories/VisitRemainingCategoriesWithNSFD: Test Cases/ShopOpen/RemainingCategories/VisitRemainingCategoriesWithNSFD

2018-09-05 18:14:08 - [TEST_STEP][PASSED] - verifyElementText: Actual text and expected text of test object 'Object Repository/ShopOpen/RemainingCategories/Validate_RemainingCategoriesDetailScreen' are matched.

2018-09-05 18:14:11 - [MESSAGE][PASSED] - Actual text and expected text of test object 'Object Repository/ShopOpen/RemainingCategories/Validate_RemainingCategoriesDetailScreen' are matched.

2018-09-05 18:14:11 - [TEST_STEP][PASSED] - tap: Tapped on element 'Object Repository/ShopOpen/RemainingCategories/NoSpaceForDisplay'

2018-09-05 18:14:11 - [MESSAGE][WARNING] - Timeout '0' is invalid. Using default page load timeout: '5'

2018-09-05 18:14:11 - [MESSAGE][PASSED] - Tapped on element 'Object Repository/ShopOpen/RemainingCategories/NoSpaceForDisplay'

2018-09-05 18:14:11 - [TEST_STEP][PASSED] - verifyElementText: Actual text and expected text of test object 'Object Repository/ShopOpen/RemainingCategories/Validate_ProductCategoryAssetScreen' are matched.

2018-09-05 18:14:14 - [MESSAGE][PASSED] - Actual text and expected text of test object 'Object Repository/ShopOpen/RemainingCategories/Validate_ProductCategoryAssetScreen' are matched.

2018-09-05 18:14:14 - [TEST_STEP][PASSED] - tap: Tapped on element 'Object Repository/ShopOpen/RemainingCategories/Facing'

2018-09-05 18:14:14 - [MESSAGE][WARNING] - Timeout '0' is invalid. Using default page load timeout: '5'

2018-09-05 18:14:14 - [MESSAGE][PASSED] - Tapped on element 'Object Repository/ShopOpen/RemainingCategories/Facing'

2018-09-05 18:14:14 - [TEST_STEP][PASSED] - verifyElementText: Actual text and expected text of test object 'Object Repository/ShopOpen/RemainingCategories/Validate_FacingScreen' are matched.

2018-09-05 18:14:16 - [MESSAGE][PASSED] - Actual text and expected text of test object 'Object Repository/ShopOpen/RemainingCategories/Validate_FacingScreen' are matched.

2018-09-05 18:14:16 - [TEST_STEP][PASSED] - com.ct.qa.keywords.ChannelProductsDataKeywords.visitChannelWiseProductsData: com.ct.qa.keywords.ChannelProductsDataKeywords.visitChannelWiseProductsData is PASSED

2018-09-05 18:14:21 - [MESSAGE][PASSED] - Keyboard is hidden

2018-09-05 18:14:24 - [MESSAGE][PASSED] - Keyboard is hidden

2018-09-05 18:14:27 - [MESSAGE][PASSED] - Keyboard is hidden

2018-09-05 18:14:30 - [MESSAGE][PASSED] - Keyboard is hidden

2018-09-05 18:14:33 - [MESSAGE][PASSED] - Keyboard is hidden

2018-09-05 18:14:36 - [MESSAGE][PASSED] - Keyboard is hidden

2018-09-05 18:14:38 - [MESSAGE][PASSED] - Swiped from 114,359 to 114,250

2018-09-05 18:14:40 - [MESSAGE][PASSED] - com.ct.qa.keywords.ChannelProductsDataKeywords.visitChannelWiseProductsData is PASSED

2018-09-05 18:14:40 - [TEST_STEP][PASSED] - tap: Tapped on element 'Object Repository/ShopOpen/RemainingCategories/SubmitButton'

2018-09-05 18:14:40 - [MESSAGE][WARNING] - Timeout '0' is invalid. Using default page load timeout: '5'

2018-09-05 18:14:40 - [MESSAGE][PASSED] - Tapped on element 'Object Repository/ShopOpen/RemainingCategories/SubmitButton'

2018-09-05 18:14:40 - [TEST_STEP][PASSED] - verifyElementText: Actual text and expected text of test object 'Object Repository/ShopOpen/RemainingCategories/Validate_ProductCategoryAssetScreen' are matched.

2018-09-05 18:14:41 - [MESSAGE][PASSED] - Actual text and expected text of test object 'Object Repository/ShopOpen/RemainingCategories/Validate_ProductCategoryAssetScreen' are matched.

2018-09-05 18:14:41 - [TEST_STEP][PASSED] - tap: Tapped on element 'Object Repository/ShopOpen/RemainingCategories/StockTaking'

2018-09-05 18:14:41 - [MESSAGE][WARNING] - Timeout '0' is invalid. Using default page load timeout: '5'

2018-09-05 18:14:42 - [MESSAGE][PASSED] - Tapped on element 'Object Repository/ShopOpen/RemainingCategories/StockTaking'

2018-09-05 18:14:42 - [TEST_STEP][PASSED] - verifyElementText: Actual text and expected text of test object 'Object Repository/ShopOpen/RemainingCategories/Validate_StockTakingScreen' are matched.

2018-09-05 18:14:43 - [MESSAGE][PASSED] - Actual text and expected text of test object 'Object Repository/ShopOpen/RemainingCategories/Validate_StockTakingScreen' are matched.

2018-09-05 18:14:43 - [TEST_STEP][PASSED] - com.ct.qa.keywords.ChannelProductsDataKeywords.visitChannelWiseProductsData: com.ct.qa.keywords.ChannelProductsDataKeywords.visitChannelWiseProductsData is PASSED

2018-09-05 18:14:47 - [MESSAGE][PASSED] - Keyboard is hidden

2018-09-05 18:14:50 - [MESSAGE][PASSED] - Keyboard is hidden

2018-09-05 18:14:53 - [MESSAGE][PASSED] - Keyboard is hidden

2018-09-05 18:14:56 - [MESSAGE][PASSED] - Keyboard is hidden

2018-09-05 18:14:59 - [MESSAGE][PASSED] - Keyboard is hidden

2018-09-05 18:15:02 - [MESSAGE][PASSED] - Keyboard is hidden

2018-09-05 18:15:04 - [MESSAGE][PASSED] - Swiped from 114,359 to 114,250

2018-09-05 18:15:06 - [MESSAGE][PASSED] - com.ct.qa.keywords.ChannelProductsDataKeywords.visitChannelWiseProductsData is PASSED

2018-09-05 18:15:06 - [TEST_STEP][PASSED] - tap: Tapped on element 'Object Repository/ShopOpen/RemainingCategories/SubmitButton'

2018-09-05 18:15:06 - [MESSAGE][WARNING] - Timeout '0' is invalid. Using default page load timeout: '5'

2018-09-05 18:15:06 - [MESSAGE][PASSED] - Tapped on element 'Object Repository/ShopOpen/RemainingCategories/SubmitButton'

2018-09-05 18:15:06 - [TEST_STEP][PASSED] - verifyElementText: Actual text and expected text of test object 'Object Repository/ShopOpen/RemainingCategories/Validate_ProductCategoryAssetScreen' are matched.

2018-09-05 18:15:07 - [MESSAGE][PASSED] - Actual text and expected text of test object 'Object Repository/ShopOpen/RemainingCategories/Validate_ProductCategoryAssetScreen' are matched.

2018-09-05 18:15:07 - [TEST_STEP][PASSED] - tap: Tapped on element 'Object Repository/ShopOpen/RemainingCategories/planogram_ImageView'

2018-09-05 18:15:07 - [MESSAGE][WARNING] - Timeout '0' is invalid. Using default page load timeout: '5'

2018-09-05 18:15:08 - [MESSAGE][PASSED] - Tapped on element 'Object Repository/ShopOpen/RemainingCategories/planogram_ImageView'

2018-09-05 18:15:08 - [TEST_STEP][PASSED] - com.ct.qa.keywords.CommonKeywords.checkPlanogramAvailability: com.ct.qa.keywords.CommonKeywords.checkPlanogramAvailability is PASSED

2018-09-05 18:15:08 - [MESSAGE][WARNING] - Timeout '0' is invalid. Using default page load timeout: '5'

2018-09-05 18:15:14 - [MESSAGE][WARNING] - Object Object Repository/CommonScreenElements/InfoPopUp_OKButton not found
[[ATTACHMENT|F:\\Git Projects\\MMAPlus_Merchandising\\MMAPlus_Merchandising\\Reports\\MMA Plus Merchandising With Category Level(Chiller Utilization) Overwrite Scenarios\\20180905_180640\\1536153313530.png]]

2018-09-05 18:15:14 - [MESSAGE][PASSED] - com.ct.qa.keywords.CommonKeywords.checkPlanogramAvailability is PASSED

2018-09-05 18:15:14 - [TEST_STEP][PASSED] - com.ct.qa.keywords.CommonKeywords.closePlanogram: com.ct.qa.keywords.CommonKeywords.closePlanogram is PASSED

2018-09-05 18:15:15 - [MESSAGE][PASSED] - com.ct.qa.keywords.CommonKeywords.closePlanogram is PASSED

2018-09-05 18:15:15 - [TEST_STEP][PASSED] - verifyElementText: Actual text and expected text of test object 'Object Repository/ShopOpen/RemainingCategories/Validate_ProductCategoryAssetScreen' are matched.

2018-09-05 18:15:16 - [MESSAGE][PASSED] - Actual text and expected text of test object 'Object Repository/ShopOpen/RemainingCategories/Validate_ProductCategoryAssetScreen' are matched.

2018-09-05 18:15:16 - [TEST_STEP][PASSED] - com.ct.qa.keywords.CommonKeywords.findPictureImageView: com.ct.qa.keywords.CommonKeywords.findPictureImageView is PASSED

2018-09-05 18:15:16 - [MESSAGE][WARNING] - Timeout '0' is invalid. Using default page load timeout: '5'

2018-09-05 18:15:18 - [MESSAGE][PASSED] - Tapped on element 'Object Repository/CommonScreenElements/Picture_ImageView'

2018-09-05 18:15:18 - [MESSAGE][WARNING] - Timeout '0' is invalid. Using default page load timeout: '5'

2018-09-05 18:15:19 - [MESSAGE][PASSED] - Element 'Object Repository/CommonScreenElements/Validate_CameraScreen' is exist

2018-09-05 18:15:19 - [MESSAGE][WARNING] - Timeout '0' is invalid. Using default page load timeout: '5'

2018-09-05 18:15:22 - [MESSAGE][PASSED] - Tapped on element 'Object Repository/CommonScreenElements/TakePictureButton'

2018-09-05 18:15:27 - [MESSAGE][PASSED] - Delayed 5 second(s)

2018-09-05 18:15:27 - [MESSAGE][WARNING] - Timeout '0' is invalid. Using default page load timeout: '5'

2018-09-05 18:15:28 - [MESSAGE][PASSED] - Tapped on element 'Object Repository/CommonScreenElements/DoneButton'

2018-09-05 18:15:28 - [MESSAGE][PASSED] - com.ct.qa.keywords.CommonKeywords.findPictureImageView is PASSED

2018-09-05 18:15:28 - [TEST_STEP][PASSED] - verifyElementText: Actual text and expected text of test object 'Object Repository/ShopOpen/RemainingCategories/Validate_ProductCategoryAssetScreen' are matched.

2018-09-05 18:15:29 - [MESSAGE][PASSED] - Actual text and expected text of test object 'Object Repository/ShopOpen/RemainingCategories/Validate_ProductCategoryAssetScreen' are matched.

2018-09-05 18:15:29 - [TEST_STEP][PASSED] - tap: Tapped on element 'Object Repository/ShopOpen/RemainingCategories/ProductCategoryAsset_BackButton'

2018-09-05 18:15:29 - [MESSAGE][WARNING] - Timeout '0' is invalid. Using default page load timeout: '5'

2018-09-05 18:15:30 - [MESSAGE][PASSED] - Tapped on element 'Object Repository/ShopOpen/RemainingCategories/ProductCategoryAsset_BackButton'

2018-09-05 18:15:30 - [TEST_STEP][PASSED] - verifyElementExist: Element 'Object Repository/ShopOpen/Validate_ShopCategoriesListScreen' is exist

2018-09-05 18:15:30 - [MESSAGE][WARNING] - Timeout '0' is invalid. Using default page load timeout: '5'

2018-09-05 18:15:33 - [MESSAGE][PASSED] - Element 'Object Repository/ShopOpen/Validate_ShopCategoriesListScreen' is exist

2018-09-05 18:15:33 - [MESSAGE][PASSED] - Call Test Case 'Test Cases/ShopOpen/RemainingCategories/VisitRemainingCategoriesWithNSFD' successfully

2018-09-05 18:15:34 - [TEST_CASE][PASSED] - Test Cases/ShopOpen/RemainingCategories/VisitRemainingCategoriesWithNSFD: Test Cases/ShopOpen/RemainingCategories/VisitRemainingCategoriesWithNSFD

2018-09-05 18:15:34 - [TEST_STEP][PASSED] - verifyElementText: Actual text and expected text of test object 'Object Repository/ShopOpen/RemainingCategories/Validate_RemainingCategoriesDetailScreen' are matched.

2018-09-05 18:15:36 - [MESSAGE][PASSED] - Actual text and expected text of test object 'Object Repository/ShopOpen/RemainingCategories/Validate_RemainingCategoriesDetailScreen' are matched.

2018-09-05 18:15:36 - [TEST_STEP][PASSED] - tap: Tapped on element 'Object Repository/ShopOpen/RemainingCategories/NoSpaceForDisplay'

2018-09-05 18:15:36 - [MESSAGE][WARNING] - Timeout '0' is invalid. Using default page load timeout: '5'

2018-09-05 18:15:36 - [MESSAGE][PASSED] - Tapped on element 'Object Repository/ShopOpen/RemainingCategories/NoSpaceForDisplay'

2018-09-05 18:15:36 - [TEST_STEP][PASSED] - verifyElementText: Actual text and expected text of test object 'Object Repository/ShopOpen/RemainingCategories/Validate_ProductCategoryAssetScreen' are matched.

2018-09-05 18:15:39 - [MESSAGE][PASSED] - Actual text and expected text of test object 'Object Repository/ShopOpen/RemainingCategories/Validate_ProductCategoryAssetScreen' are matched.

2018-09-05 18:15:39 - [TEST_STEP][PASSED] - tap: Tapped on element 'Object Repository/ShopOpen/RemainingCategories/Facing'

2018-09-05 18:15:39 - [MESSAGE][WARNING] - Timeout '0' is invalid. Using default page load timeout: '5'

2018-09-05 18:15:39 - [MESSAGE][PASSED] - Tapped on element 'Object Repository/ShopOpen/RemainingCategories/Facing'

2018-09-05 18:15:39 - [TEST_STEP][PASSED] - verifyElementText: Actual text and expected text of test object 'Object Repository/ShopOpen/RemainingCategories/Validate_FacingScreen' are matched.

2018-09-05 18:15:41 - [MESSAGE][PASSED] - Actual text and expected text of test object 'Object Repository/ShopOpen/RemainingCategories/Validate_FacingScreen' are matched.

2018-09-05 18:15:41 - [TEST_STEP][PASSED] - com.ct.qa.keywords.ChannelProductsDataKeywords.visitChannelWiseProductsData: com.ct.qa.keywords.ChannelProductsDataKeywords.visitChannelWiseProductsData is PASSED

2018-09-05 18:15:45 - [MESSAGE][PASSED] - Keyboard is hidden

2018-09-05 18:15:48 - [MESSAGE][PASSED] - Keyboard is hidden

2018-09-05 18:15:51 - [MESSAGE][PASSED] - Keyboard is hidden

2018-09-05 18:15:54 - [MESSAGE][PASSED] - Keyboard is hidden

2018-09-05 18:15:57 - [MESSAGE][PASSED] - Keyboard is hidden

2018-09-05 18:15:58 - [MESSAGE][PASSED] - com.ct.qa.keywords.ChannelProductsDataKeywords.visitChannelWiseProductsData is PASSED

2018-09-05 18:15:58 - [TEST_STEP][PASSED] - tap: Tapped on element 'Object Repository/ShopOpen/RemainingCategories/SubmitButton'

2018-09-05 18:15:58 - [MESSAGE][WARNING] - Timeout '0' is invalid. Using default page load timeout: '5'

2018-09-05 18:15:59 - [MESSAGE][PASSED] - Tapped on element 'Object Repository/ShopOpen/RemainingCategories/SubmitButton'

2018-09-05 18:15:59 - [TEST_STEP][PASSED] - verifyElementText: Actual text and expected text of test object 'Object Repository/ShopOpen/RemainingCategories/Validate_ProductCategoryAssetScreen' are matched.

2018-09-05 18:16:00 - [MESSAGE][PASSED] - Actual text and expected text of test object 'Object Repository/ShopOpen/RemainingCategories/Validate_ProductCategoryAssetScreen' are matched.

2018-09-05 18:16:00 - [TEST_STEP][PASSED] - tap: Tapped on element 'Object Repository/ShopOpen/RemainingCategories/StockTaking'

2018-09-05 18:16:00 - [MESSAGE][WARNING] - Timeout '0' is invalid. Using default page load timeout: '5'

2018-09-05 18:16:00 - [MESSAGE][PASSED] - Tapped on element 'Object Repository/ShopOpen/RemainingCategories/StockTaking'

2018-09-05 18:16:00 - [TEST_STEP][PASSED] - verifyElementText: Actual text and expected text of test object 'Object Repository/ShopOpen/RemainingCategories/Validate_StockTakingScreen' are matched.

2018-09-05 18:16:02 - [MESSAGE][PASSED] - Actual text and expected text of test object 'Object Repository/ShopOpen/RemainingCategories/Validate_StockTakingScreen' are matched.

2018-09-05 18:16:02 - [TEST_STEP][PASSED] - com.ct.qa.keywords.ChannelProductsDataKeywords.visitChannelWiseProductsData: com.ct.qa.keywords.ChannelProductsDataKeywords.visitChannelWiseProductsData is PASSED

2018-09-05 18:16:06 - [MESSAGE][PASSED] - Keyboard is hidden

2018-09-05 18:16:09 - [MESSAGE][PASSED] - Keyboard is hidden

2018-09-05 18:16:12 - [MESSAGE][PASSED] - Keyboard is hidden

2018-09-05 18:16:15 - [MESSAGE][PASSED] - Keyboard is hidden

2018-09-05 18:16:18 - [MESSAGE][PASSED] - Keyboard is hidden

2018-09-05 18:16:19 - [MESSAGE][PASSED] - com.ct.qa.keywords.ChannelProductsDataKeywords.visitChannelWiseProductsData is PASSED

2018-09-05 18:16:19 - [TEST_STEP][PASSED] - tap: Tapped on element 'Object Repository/ShopOpen/RemainingCategories/SubmitButton'

2018-09-05 18:16:19 - [MESSAGE][WARNING] - Timeout '0' is invalid. Using default page load timeout: '5'

2018-09-05 18:16:20 - [MESSAGE][PASSED] - Tapped on element 'Object Repository/ShopOpen/RemainingCategories/SubmitButton'

2018-09-05 18:16:20 - [TEST_STEP][PASSED] - verifyElementText: Actual text and expected text of test object 'Object Repository/ShopOpen/RemainingCategories/Validate_ProductCategoryAssetScreen' are matched.

2018-09-05 18:16:21 - [MESSAGE][PASSED] - Actual text and expected text of test object 'Object Repository/ShopOpen/RemainingCategories/Validate_ProductCategoryAssetScreen' are matched.

2018-09-05 18:16:21 - [TEST_STEP][PASSED] - tap: Tapped on element 'Object Repository/ShopOpen/RemainingCategories/planogram_ImageView'

2018-09-05 18:16:21 - [MESSAGE][WARNING] - Timeout '0' is invalid. Using default page load timeout: '5'

2018-09-05 18:16:21 - [MESSAGE][PASSED] - Tapped on element 'Object Repository/ShopOpen/RemainingCategories/planogram_ImageView'

2018-09-05 18:16:21 - [TEST_STEP][PASSED] - com.ct.qa.keywords.CommonKeywords.checkPlanogramAvailability: com.ct.qa.keywords.CommonKeywords.checkPlanogramAvailability is PASSED

2018-09-05 18:16:21 - [MESSAGE][WARNING] - Timeout '0' is invalid. Using default page load timeout: '5'

2018-09-05 18:16:27 - [MESSAGE][WARNING] - Object Object Repository/CommonScreenElements/InfoPopUp_OKButton not found
[[ATTACHMENT|F:\\Git Projects\\MMAPlus_Merchandising\\MMAPlus_Merchandising\\Reports\\MMA Plus Merchandising With Category Level(Chiller Utilization) Overwrite Scenarios\\20180905_180640\\1536153386568.png]]

2018-09-05 18:16:27 - [MESSAGE][PASSED] - com.ct.qa.keywords.CommonKeywords.checkPlanogramAvailability is PASSED

2018-09-05 18:16:27 - [TEST_STEP][PASSED] - com.ct.qa.keywords.CommonKeywords.closePlanogram: com.ct.qa.keywords.CommonKeywords.closePlanogram is PASSED

2018-09-05 18:16:28 - [MESSAGE][PASSED] - com.ct.qa.keywords.CommonKeywords.closePlanogram is PASSED

2018-09-05 18:16:28 - [TEST_STEP][PASSED] - verifyElementText: Actual text and expected text of test object 'Object Repository/ShopOpen/RemainingCategories/Validate_ProductCategoryAssetScreen' are matched.

2018-09-05 18:16:29 - [MESSAGE][PASSED] - Actual text and expected text of test object 'Object Repository/ShopOpen/RemainingCategories/Validate_ProductCategoryAssetScreen' are matched.

2018-09-05 18:16:29 - [TEST_STEP][PASSED] - com.ct.qa.keywords.CommonKeywords.findPictureImageView: com.ct.qa.keywords.CommonKeywords.findPictureImageView is PASSED

2018-09-05 18:16:29 - [MESSAGE][WARNING] - Timeout '0' is invalid. Using default page load timeout: '5'

2018-09-05 18:16:31 - [MESSAGE][PASSED] - Tapped on element 'Object Repository/CommonScreenElements/Picture_ImageView'

2018-09-05 18:16:31 - [MESSAGE][WARNING] - Timeout '0' is invalid. Using default page load timeout: '5'

2018-09-05 18:16:32 - [MESSAGE][PASSED] - Element 'Object Repository/CommonScreenElements/Validate_CameraScreen' is exist

2018-09-05 18:16:32 - [MESSAGE][WARNING] - Timeout '0' is invalid. Using default page load timeout: '5'

2018-09-05 18:16:35 - [MESSAGE][PASSED] - Tapped on element 'Object Repository/CommonScreenElements/TakePictureButton'

2018-09-05 18:16:40 - [MESSAGE][PASSED] - Delayed 5 second(s)

2018-09-05 18:16:40 - [MESSAGE][WARNING] - Timeout '0' is invalid. Using default page load timeout: '5'

2018-09-05 18:16:41 - [MESSAGE][PASSED] - Tapped on element 'Object Repository/CommonScreenElements/DoneButton'

2018-09-05 18:16:41 - [MESSAGE][PASSED] - com.ct.qa.keywords.CommonKeywords.findPictureImageView is PASSED

2018-09-05 18:16:41 - [TEST_STEP][PASSED] - verifyElementText: Actual text and expected text of test object 'Object Repository/ShopOpen/RemainingCategories/Validate_ProductCategoryAssetScreen' are matched.

2018-09-05 18:16:42 - [MESSAGE][PASSED] - Actual text and expected text of test object 'Object Repository/ShopOpen/RemainingCategories/Validate_ProductCategoryAssetScreen' are matched.

2018-09-05 18:16:42 - [TEST_STEP][PASSED] - tap: Tapped on element 'Object Repository/ShopOpen/RemainingCategories/ProductCategoryAsset_BackButton'

2018-09-05 18:16:42 - [MESSAGE][WARNING] - Timeout '0' is invalid. Using default page load timeout: '5'

2018-09-05 18:16:43 - [MESSAGE][PASSED] - Tapped on element 'Object Repository/ShopOpen/RemainingCategories/ProductCategoryAsset_BackButton'

2018-09-05 18:16:43 - [TEST_STEP][PASSED] - verifyElementExist: Element 'Object Repository/ShopOpen/Validate_ShopCategoriesListScreen' is exist

2018-09-05 18:16:43 - [MESSAGE][WARNING] - Timeout '0' is invalid. Using default page load timeout: '5'

2018-09-05 18:16:46 - [MESSAGE][PASSED] - Element 'Object Repository/ShopOpen/Validate_ShopCategoriesListScreen' is exist

2018-09-05 18:16:46 - [MESSAGE][PASSED] - Call Test Case 'Test Cases/ShopOpen/RemainingCategories/VisitRemainingCategoriesWithNSFD' successfully

2018-09-05 18:16:46 - [TEST_CASE][PASSED] - Test Cases/ShopOpen/RemainingCategories/VisitRemainingCategoriesWithNSFD: Test Cases/ShopOpen/RemainingCategories/VisitRemainingCategoriesWithNSFD

2018-09-05 18:16:46 - [TEST_STEP][PASSED] - verifyElementText: Actual text and expected text of test object 'Object Repository/ShopOpen/RemainingCategories/Validate_RemainingCategoriesDetailScreen' are matched.

2018-09-05 18:16:48 - [MESSAGE][PASSED] - Actual text and expected text of test object 'Object Repository/ShopOpen/RemainingCategories/Validate_RemainingCategoriesDetailScreen' are matched.

2018-09-05 18:16:48 - [TEST_STEP][PASSED] - tap: Tapped on element 'Object Repository/ShopOpen/RemainingCategories/NoSpaceForDisplay'

2018-09-05 18:16:48 - [MESSAGE][WARNING] - Timeout '0' is invalid. Using default page load timeout: '5'

2018-09-05 18:16:48 - [MESSAGE][PASSED] - Tapped on element 'Object Repository/ShopOpen/RemainingCategories/NoSpaceForDisplay'

2018-09-05 18:16:48 - [TEST_STEP][PASSED] - verifyElementText: Actual text and expected text of test object 'Object Repository/ShopOpen/RemainingCategories/Validate_ProductCategoryAssetScreen' are matched.

2018-09-05 18:16:51 - [MESSAGE][PASSED] - Actual text and expected text of test object 'Object Repository/ShopOpen/RemainingCategories/Validate_ProductCategoryAssetScreen' are matched.

2018-09-05 18:16:51 - [TEST_STEP][PASSED] - tap: Tapped on element 'Object Repository/ShopOpen/RemainingCategories/Facing'

2018-09-05 18:16:51 - [MESSAGE][WARNING] - Timeout '0' is invalid. Using default page load timeout: '5'

2018-09-05 18:16:51 - [MESSAGE][PASSED] - Tapped on element 'Object Repository/ShopOpen/RemainingCategories/Facing'

2018-09-05 18:16:51 - [TEST_STEP][PASSED] - verifyElementText: Actual text and expected text of test object 'Object Repository/ShopOpen/RemainingCategories/Validate_FacingScreen' are matched.

2018-09-05 18:16:53 - [MESSAGE][PASSED] - Actual text and expected text of test object 'Object Repository/ShopOpen/RemainingCategories/Validate_FacingScreen' are matched.

2018-09-05 18:16:53 - [TEST_STEP][PASSED] - com.ct.qa.keywords.ChannelProductsDataKeywords.visitChannelWiseProductsData: com.ct.qa.keywords.ChannelProductsDataKeywords.visitChannelWiseProductsData is PASSED

2018-09-05 18:16:57 - [MESSAGE][PASSED] - Keyboard is hidden

2018-09-05 18:17:00 - [MESSAGE][PASSED] - Keyboard is hidden

2018-09-05 18:17:03 - [MESSAGE][PASSED] - Keyboard is hidden

2018-09-05 18:17:04 - [MESSAGE][PASSED] - com.ct.qa.keywords.ChannelProductsDataKeywords.visitChannelWiseProductsData is PASSED

2018-09-05 18:17:04 - [TEST_STEP][PASSED] - tap: Tapped on element 'Object Repository/ShopOpen/RemainingCategories/SubmitButton'

2018-09-05 18:17:04 - [MESSAGE][WARNING] - Timeout '0' is invalid. Using default page load timeout: '5'

2018-09-05 18:17:05 - [MESSAGE][PASSED] - Tapped on element 'Object Repository/ShopOpen/RemainingCategories/SubmitButton'

2018-09-05 18:17:05 - [TEST_STEP][PASSED] - verifyElementText: Actual text and expected text of test object 'Object Repository/ShopOpen/RemainingCategories/Validate_ProductCategoryAssetScreen' are matched.

2018-09-05 18:17:06 - [MESSAGE][PASSED] - Actual text and expected text of test object 'Object Repository/ShopOpen/RemainingCategories/Validate_ProductCategoryAssetScreen' are matched.

2018-09-05 18:17:06 - [TEST_STEP][PASSED] - tap: Tapped on element 'Object Repository/ShopOpen/RemainingCategories/StockTaking'

2018-09-05 18:17:06 - [MESSAGE][WARNING] - Timeout '0' is invalid. Using default page load timeout: '5'

2018-09-05 18:17:06 - [MESSAGE][PASSED] - Tapped on element 'Object Repository/ShopOpen/RemainingCategories/StockTaking'

2018-09-05 18:17:06 - [TEST_STEP][PASSED] - verifyElementText: Actual text and expected text of test object 'Object Repository/ShopOpen/RemainingCategories/Validate_StockTakingScreen' are matched.

2018-09-05 18:17:08 - [MESSAGE][PASSED] - Actual text and expected text of test object 'Object Repository/ShopOpen/RemainingCategories/Validate_StockTakingScreen' are matched.

2018-09-05 18:17:08 - [TEST_STEP][PASSED] - com.ct.qa.keywords.ChannelProductsDataKeywords.visitChannelWiseProductsData: com.ct.qa.keywords.ChannelProductsDataKeywords.visitChannelWiseProductsData is PASSED

2018-09-05 18:17:12 - [MESSAGE][PASSED] - Keyboard is hidden

2018-09-05 18:17:15 - [MESSAGE][PASSED] - Keyboard is hidden

2018-09-05 18:17:18 - [MESSAGE][PASSED] - Keyboard is hidden

2018-09-05 18:17:19 - [MESSAGE][PASSED] - com.ct.qa.keywords.ChannelProductsDataKeywords.visitChannelWiseProductsData is PASSED

2018-09-05 18:17:19 - [TEST_STEP][PASSED] - tap: Tapped on element 'Object Repository/ShopOpen/RemainingCategories/SubmitButton'

2018-09-05 18:17:19 - [MESSAGE][WARNING] - Timeout '0' is invalid. Using default page load timeout: '5'

2018-09-05 18:17:20 - [MESSAGE][PASSED] - Tapped on element 'Object Repository/ShopOpen/RemainingCategories/SubmitButton'

2018-09-05 18:17:20 - [TEST_STEP][PASSED] - verifyElementText: Actual text and expected text of test object 'Object Repository/ShopOpen/RemainingCategories/Validate_ProductCategoryAssetScreen' are matched.

2018-09-05 18:17:21 - [MESSAGE][PASSED] - Actual text and expected text of test object 'Object Repository/ShopOpen/RemainingCategories/Validate_ProductCategoryAssetScreen' are matched.

2018-09-05 18:17:21 - [TEST_STEP][PASSED] - tap: Tapped on element 'Object Repository/ShopOpen/RemainingCategories/planogram_ImageView'

2018-09-05 18:17:21 - [MESSAGE][WARNING] - Timeout '0' is invalid. Using default page load timeout: '5'

2018-09-05 18:17:21 - [MESSAGE][PASSED] - Tapped on element 'Object Repository/ShopOpen/RemainingCategories/planogram_ImageView'

2018-09-05 18:17:21 - [TEST_STEP][PASSED] - com.ct.qa.keywords.CommonKeywords.checkPlanogramAvailability: com.ct.qa.keywords.CommonKeywords.checkPlanogramAvailability is PASSED

2018-09-05 18:17:21 - [MESSAGE][WARNING] - Timeout '0' is invalid. Using default page load timeout: '5'

2018-09-05 18:17:27 - [MESSAGE][WARNING] - Object Object Repository/CommonScreenElements/InfoPopUp_OKButton not found
[[ATTACHMENT|F:\\Git Projects\\MMAPlus_Merchandising\\MMAPlus_Merchandising\\Reports\\MMA Plus Merchandising With Category Level(Chiller Utilization) Overwrite Scenarios\\20180905_180640\\1536153446634.png]]

2018-09-05 18:17:27 - [MESSAGE][PASSED] - com.ct.qa.keywords.CommonKeywords.checkPlanogramAvailability is PASSED

2018-09-05 18:17:27 - [TEST_STEP][PASSED] - com.ct.qa.keywords.CommonKeywords.closePlanogram: com.ct.qa.keywords.CommonKeywords.closePlanogram is PASSED

2018-09-05 18:17:28 - [MESSAGE][PASSED] - com.ct.qa.keywords.CommonKeywords.closePlanogram is PASSED

2018-09-05 18:17:28 - [TEST_STEP][PASSED] - verifyElementText: Actual text and expected text of test object 'Object Repository/ShopOpen/RemainingCategories/Validate_ProductCategoryAssetScreen' are matched.

2018-09-05 18:17:29 - [MESSAGE][PASSED] - Actual text and expected text of test object 'Object Repository/ShopOpen/RemainingCategories/Validate_ProductCategoryAssetScreen' are matched.

2018-09-05 18:17:29 - [TEST_STEP][PASSED] - com.ct.qa.keywords.CommonKeywords.findPictureImageView: com.ct.qa.keywords.CommonKeywords.findPictureImageView is PASSED

2018-09-05 18:17:29 - [MESSAGE][WARNING] - Timeout '0' is invalid. Using default page load timeout: '5'

2018-09-05 18:17:31 - [MESSAGE][PASSED] - Tapped on element 'Object Repository/CommonScreenElements/Picture_ImageView'

2018-09-05 18:17:31 - [MESSAGE][WARNING] - Timeout '0' is invalid. Using default page load timeout: '5'

2018-09-05 18:17:32 - [MESSAGE][PASSED] - Element 'Object Repository/CommonScreenElements/Validate_CameraScreen' is exist

2018-09-05 18:17:32 - [MESSAGE][WARNING] - Timeout '0' is invalid. Using default page load timeout: '5'

2018-09-05 18:17:35 - [MESSAGE][PASSED] - Tapped on element 'Object Repository/CommonScreenElements/TakePictureButton'

2018-09-05 18:17:40 - [MESSAGE][PASSED] - Delayed 5 second(s)

2018-09-05 18:17:40 - [MESSAGE][WARNING] - Timeout '0' is invalid. Using default page load timeout: '5'

2018-09-05 18:17:41 - [MESSAGE][PASSED] - Tapped on element 'Object Repository/CommonScreenElements/DoneButton'

2018-09-05 18:17:41 - [MESSAGE][PASSED] - com.ct.qa.keywords.CommonKeywords.findPictureImageView is PASSED

2018-09-05 18:17:41 - [TEST_STEP][PASSED] - verifyElementText: Actual text and expected text of test object 'Object Repository/ShopOpen/RemainingCategories/Validate_ProductCategoryAssetScreen' are matched.

2018-09-05 18:17:42 - [MESSAGE][PASSED] - Actual text and expected text of test object 'Object Repository/ShopOpen/RemainingCategories/Validate_ProductCategoryAssetScreen' are matched.

2018-09-05 18:17:42 - [TEST_STEP][PASSED] - tap: Tapped on element 'Object Repository/ShopOpen/RemainingCategories/ProductCategoryAsset_BackButton'

2018-09-05 18:17:42 - [MESSAGE][WARNING] - Timeout '0' is invalid. Using default page load timeout: '5'

2018-09-05 18:17:43 - [MESSAGE][PASSED] - Tapped on element 'Object Repository/ShopOpen/RemainingCategories/ProductCategoryAsset_BackButton'

2018-09-05 18:17:43 - [TEST_STEP][PASSED] - verifyElementExist: Element 'Object Repository/ShopOpen/Validate_ShopCategoriesListScreen' is exist

2018-09-05 18:17:43 - [MESSAGE][WARNING] - Timeout '0' is invalid. Using default page load timeout: '5'

2018-09-05 18:17:45 - [MESSAGE][PASSED] - Element 'Object Repository/ShopOpen/Validate_ShopCategoriesListScreen' is exist

2018-09-05 18:17:45 - [MESSAGE][PASSED] - Call Test Case 'Test Cases/ShopOpen/RemainingCategories/VisitRemainingCategoriesWithNSFD' successfully

2018-09-05 18:17:45 - [TEST_CASE][PASSED] - Test Cases/ShopOpen/RemainingCategories/VisitRemainingCategoriesWithNSFD: Test Cases/ShopOpen/RemainingCategories/VisitRemainingCategoriesWithNSFD

2018-09-05 18:17:45 - [TEST_STEP][PASSED] - verifyElementText: Actual text and expected text of test object 'Object Repository/ShopOpen/RemainingCategories/Validate_RemainingCategoriesDetailScreen' are matched.

2018-09-05 18:17:47 - [MESSAGE][PASSED] - Actual text and expected text of test object 'Object Repository/ShopOpen/RemainingCategories/Validate_RemainingCategoriesDetailScreen' are matched.

2018-09-05 18:17:47 - [TEST_STEP][PASSED] - tap: Tapped on element 'Object Repository/ShopOpen/RemainingCategories/NoSpaceForDisplay'

2018-09-05 18:17:47 - [MESSAGE][WARNING] - Timeout '0' is invalid. Using default page load timeout: '5'

2018-09-05 18:17:48 - [MESSAGE][PASSED] - Tapped on element 'Object Repository/ShopOpen/RemainingCategories/NoSpaceForDisplay'

2018-09-05 18:17:48 - [TEST_STEP][PASSED] - verifyElementText: Actual text and expected text of test object 'Object Repository/ShopOpen/RemainingCategories/Validate_ProductCategoryAssetScreen' are matched.

2018-09-05 18:17:50 - [MESSAGE][PASSED] - Actual text and expected text of test object 'Object Repository/ShopOpen/RemainingCategories/Validate_ProductCategoryAssetScreen' are matched.

2018-09-05 18:17:50 - [TEST_STEP][PASSED] - tap: Tapped on element 'Object Repository/ShopOpen/RemainingCategories/Facing'

2018-09-05 18:17:50 - [MESSAGE][WARNING] - Timeout '0' is invalid. Using default page load timeout: '5'

2018-09-05 18:17:50 - [MESSAGE][PASSED] - Tapped on element 'Object Repository/ShopOpen/RemainingCategories/Facing'

2018-09-05 18:17:50 - [TEST_STEP][PASSED] - verifyElementText: Actual text and expected text of test object 'Object Repository/ShopOpen/RemainingCategories/Validate_FacingScreen' are matched.

2018-09-05 18:17:52 - [MESSAGE][PASSED] - Actual text and expected text of test object 'Object Repository/ShopOpen/RemainingCategories/Validate_FacingScreen' are matched.

2018-09-05 18:17:52 - [TEST_STEP][PASSED] - com.ct.qa.keywords.ChannelProductsDataKeywords.visitChannelWiseProductsData: com.ct.qa.keywords.ChannelProductsDataKeywords.visitChannelWiseProductsData is PASSED

2018-09-05 18:17:56 - [MESSAGE][PASSED] - Keyboard is hidden

2018-09-05 18:17:59 - [MESSAGE][PASSED] - Keyboard is hidden

2018-09-05 18:18:02 - [MESSAGE][PASSED] - Keyboard is hidden

2018-09-05 18:18:05 - [MESSAGE][PASSED] - Keyboard is hidden

2018-09-05 18:18:06 - [MESSAGE][PASSED] - com.ct.qa.keywords.ChannelProductsDataKeywords.visitChannelWiseProductsData is PASSED

2018-09-05 18:18:06 - [TEST_STEP][PASSED] - tap: Tapped on element 'Object Repository/ShopOpen/RemainingCategories/SubmitButton'

2018-09-05 18:18:06 - [MESSAGE][WARNING] - Timeout '0' is invalid. Using default page load timeout: '5'

2018-09-05 18:18:07 - [MESSAGE][PASSED] - Tapped on element 'Object Repository/ShopOpen/RemainingCategories/SubmitButton'

2018-09-05 18:18:07 - [TEST_STEP][PASSED] - verifyElementText: Actual text and expected text of test object 'Object Repository/ShopOpen/RemainingCategories/Validate_ProductCategoryAssetScreen' are matched.

2018-09-05 18:18:08 - [MESSAGE][PASSED] - Actual text and expected text of test object 'Object Repository/ShopOpen/RemainingCategories/Validate_ProductCategoryAssetScreen' are matched.

2018-09-05 18:18:08 - [TEST_STEP][PASSED] - tap: Tapped on element 'Object Repository/ShopOpen/RemainingCategories/StockTaking'

2018-09-05 18:18:08 - [MESSAGE][WARNING] - Timeout '0' is invalid. Using default page load timeout: '5'

2018-09-05 18:18:08 - [MESSAGE][PASSED] - Tapped on element 'Object Repository/ShopOpen/RemainingCategories/StockTaking'

2018-09-05 18:18:08 - [TEST_STEP][PASSED] - verifyElementText: Actual text and expected text of test object 'Object Repository/ShopOpen/RemainingCategories/Validate_StockTakingScreen' are matched.

2018-09-05 18:18:10 - [MESSAGE][PASSED] - Actual text and expected text of test object 'Object Repository/ShopOpen/RemainingCategories/Validate_StockTakingScreen' are matched.

2018-09-05 18:18:10 - [TEST_STEP][PASSED] - com.ct.qa.keywords.ChannelProductsDataKeywords.visitChannelWiseProductsData: com.ct.qa.keywords.ChannelProductsDataKeywords.visitChannelWiseProductsData is PASSED

2018-09-05 18:18:14 - [MESSAGE][PASSED] - Keyboard is hidden

2018-09-05 18:18:17 - [MESSAGE][PASSED] - Keyboard is hidden

2018-09-05 18:18:20 - [MESSAGE][PASSED] - Keyboard is hidden

2018-09-05 18:18:23 - [MESSAGE][PASSED] - Keyboard is hidden

2018-09-05 18:18:24 - [MESSAGE][PASSED] - com.ct.qa.keywords.ChannelProductsDataKeywords.visitChannelWiseProductsData is PASSED

2018-09-05 18:18:24 - [TEST_STEP][PASSED] - tap: Tapped on element 'Object Repository/ShopOpen/RemainingCategories/SubmitButton'

2018-09-05 18:18:24 - [MESSAGE][WARNING] - Timeout '0' is invalid. Using default page load timeout: '5'

2018-09-05 18:18:25 - [MESSAGE][PASSED] - Tapped on element 'Object Repository/ShopOpen/RemainingCategories/SubmitButton'

2018-09-05 18:18:25 - [TEST_STEP][PASSED] - verifyElementText: Actual text and expected text of test object 'Object Repository/ShopOpen/RemainingCategories/Validate_ProductCategoryAssetScreen' are matched.

2018-09-05 18:18:26 - [MESSAGE][PASSED] - Actual text and expected text of test object 'Object Repository/ShopOpen/RemainingCategories/Validate_ProductCategoryAssetScreen' are matched.

2018-09-05 18:18:26 - [TEST_STEP][PASSED] - tap: Tapped on element 'Object Repository/ShopOpen/RemainingCategories/planogram_ImageView'

2018-09-05 18:18:26 - [MESSAGE][WARNING] - Timeout '0' is invalid. Using default page load timeout: '5'

2018-09-05 18:18:26 - [MESSAGE][PASSED] - Tapped on element 'Object Repository/ShopOpen/RemainingCategories/planogram_ImageView'

2018-09-05 18:18:26 - [TEST_STEP][PASSED] - com.ct.qa.keywords.CommonKeywords.checkPlanogramAvailability: com.ct.qa.keywords.CommonKeywords.checkPlanogramAvailability is PASSED

2018-09-05 18:18:26 - [MESSAGE][WARNING] - Timeout '0' is invalid. Using default page load timeout: '5'

2018-09-05 18:18:32 - [MESSAGE][WARNING] - Object Object Repository/CommonScreenElements/InfoPopUp_OKButton not found
[[ATTACHMENT|F:\\Git Projects\\MMAPlus_Merchandising\\MMAPlus_Merchandising\\Reports\\MMA Plus Merchandising With Category Level(Chiller Utilization) Overwrite Scenarios\\20180905_180640\\1536153511545.png]]

2018-09-05 18:18:32 - [MESSAGE][PASSED] - com.ct.qa.keywords.CommonKeywords.checkPlanogramAvailability is PASSED

2018-09-05 18:18:32 - [TEST_STEP][PASSED] - com.ct.qa.keywords.CommonKeywords.closePlanogram: com.ct.qa.keywords.CommonKeywords.closePlanogram is PASSED

2018-09-05 18:18:33 - [MESSAGE][PASSED] - com.ct.qa.keywords.CommonKeywords.closePlanogram is PASSED

2018-09-05 18:18:33 - [TEST_STEP][PASSED] - verifyElementText: Actual text and expected text of test object 'Object Repository/ShopOpen/RemainingCategories/Validate_ProductCategoryAssetScreen' are matched.

2018-09-05 18:18:34 - [MESSAGE][PASSED] - Actual text and expected text of test object 'Object Repository/ShopOpen/RemainingCategories/Validate_ProductCategoryAssetScreen' are matched.

2018-09-05 18:18:34 - [TEST_STEP][PASSED] - com.ct.qa.keywords.CommonKeywords.findPictureImageView: com.ct.qa.keywords.CommonKeywords.findPictureImageView is PASSED

2018-09-05 18:18:34 - [MESSAGE][WARNING] - Timeout '0' is invalid. Using default page load timeout: '5'

2018-09-05 18:18:36 - [MESSAGE][PASSED] - Tapped on element 'Object Repository/CommonScreenElements/Picture_ImageView'

2018-09-05 18:18:36 - [MESSAGE][WARNING] - Timeout '0' is invalid. Using default page load timeout: '5'

2018-09-05 18:18:37 - [MESSAGE][PASSED] - Element 'Object Repository/CommonScreenElements/Validate_CameraScreen' is exist

2018-09-05 18:18:37 - [MESSAGE][WARNING] - Timeout '0' is invalid. Using default page load timeout: '5'

2018-09-05 18:18:40 - [MESSAGE][PASSED] - Tapped on element 'Object Repository/CommonScreenElements/TakePictureButton'

2018-09-05 18:18:45 - [MESSAGE][PASSED] - Delayed 5 second(s)

2018-09-05 18:18:45 - [MESSAGE][WARNING] - Timeout '0' is invalid. Using default page load timeout: '5'

2018-09-05 18:18:46 - [MESSAGE][PASSED] - Tapped on element 'Object Repository/CommonScreenElements/DoneButton'

2018-09-05 18:18:46 - [MESSAGE][PASSED] - com.ct.qa.keywords.CommonKeywords.findPictureImageView is PASSED

2018-09-05 18:18:46 - [TEST_STEP][PASSED] - verifyElementText: Actual text and expected text of test object 'Object Repository/ShopOpen/RemainingCategories/Validate_ProductCategoryAssetScreen' are matched.

2018-09-05 18:18:47 - [MESSAGE][PASSED] - Actual text and expected text of test object 'Object Repository/ShopOpen/RemainingCategories/Validate_ProductCategoryAssetScreen' are matched.

2018-09-05 18:18:47 - [TEST_STEP][PASSED] - tap: Tapped on element 'Object Repository/ShopOpen/RemainingCategories/ProductCategoryAsset_BackButton'

2018-09-05 18:18:47 - [MESSAGE][WARNING] - Timeout '0' is invalid. Using default page load timeout: '5'

2018-09-05 18:18:48 - [MESSAGE][PASSED] - Tapped on element 'Object Repository/ShopOpen/RemainingCategories/ProductCategoryAsset_BackButton'

2018-09-05 18:18:48 - [TEST_STEP][PASSED] - verifyElementExist: Element 'Object Repository/ShopOpen/Validate_ShopCategoriesListScreen' is exist

2018-09-05 18:18:48 - [MESSAGE][WARNING] - Timeout '0' is invalid. Using default page load timeout: '5'

2018-09-05 18:18:50 - [MESSAGE][PASSED] - Element 'Object Repository/ShopOpen/Validate_ShopCategoriesListScreen' is exist

2018-09-05 18:18:50 - [MESSAGE][PASSED] - Call Test Case 'Test Cases/ShopOpen/RemainingCategories/VisitRemainingCategoriesWithNSFD' successfully

2018-09-05 18:18:50 - [TEST_CASE][PASSED] - Test Cases/ShopOpen/RemainingCategories/VisitRemainingCategoriesWithNSFD: Test Cases/ShopOpen/RemainingCategories/VisitRemainingCategoriesWithNSFD

2018-09-05 18:18:50 - [TEST_STEP][PASSED] - verifyElementText: Actual text and expected text of test object 'Object Repository/ShopOpen/RemainingCategories/Validate_RemainingCategoriesDetailScreen' are matched.

2018-09-05 18:18:53 - [MESSAGE][PASSED] - Actual text and expected text of test object 'Object Repository/ShopOpen/RemainingCategories/Validate_RemainingCategoriesDetailScreen' are matched.

2018-09-05 18:18:53 - [TEST_STEP][PASSED] - tap: Tapped on element 'Object Repository/ShopOpen/RemainingCategories/NoSpaceForDisplay'

2018-09-05 18:18:53 - [MESSAGE][WARNING] - Timeout '0' is invalid. Using default page load timeout: '5'

2018-09-05 18:18:53 - [MESSAGE][PASSED] - Tapped on element 'Object Repository/ShopOpen/RemainingCategories/NoSpaceForDisplay'

2018-09-05 18:18:53 - [TEST_STEP][PASSED] - verifyElementText: Actual text and expected text of test object 'Object Repository/ShopOpen/RemainingCategories/Validate_ProductCategoryAssetScreen' are matched.

2018-09-05 18:18:56 - [MESSAGE][PASSED] - Actual text and expected text of test object 'Object Repository/ShopOpen/RemainingCategories/Validate_ProductCategoryAssetScreen' are matched.

2018-09-05 18:18:56 - [TEST_STEP][PASSED] - tap: Tapped on element 'Object Repository/ShopOpen/RemainingCategories/Facing'

2018-09-05 18:18:56 - [MESSAGE][WARNING] - Timeout '0' is invalid. Using default page load timeout: '5'

2018-09-05 18:18:56 - [MESSAGE][PASSED] - Tapped on element 'Object Repository/ShopOpen/RemainingCategories/Facing'

2018-09-05 18:18:56 - [TEST_STEP][PASSED] - verifyElementText: Actual text and expected text of test object 'Object Repository/ShopOpen/RemainingCategories/Validate_FacingScreen' are matched.

2018-09-05 18:18:58 - [MESSAGE][PASSED] - Actual text and expected text of test object 'Object Repository/ShopOpen/RemainingCategories/Validate_FacingScreen' are matched.

2018-09-05 18:18:58 - [TEST_STEP][PASSED] - com.ct.qa.keywords.ChannelProductsDataKeywords.visitChannelWiseProductsData: com.ct.qa.keywords.ChannelProductsDataKeywords.visitChannelWiseProductsData is PASSED

2018-09-05 18:19:02 - [MESSAGE][PASSED] - Keyboard is hidden

2018-09-05 18:19:05 - [MESSAGE][PASSED] - Keyboard is hidden

2018-09-05 18:19:08 - [MESSAGE][PASSED] - Keyboard is hidden

2018-09-05 18:19:11 - [MESSAGE][PASSED] - Keyboard is hidden

2018-09-05 18:19:14 - [MESSAGE][PASSED] - Keyboard is hidden

2018-09-05 18:19:15 - [MESSAGE][PASSED] - com.ct.qa.keywords.ChannelProductsDataKeywords.visitChannelWiseProductsData is PASSED

2018-09-05 18:19:15 - [TEST_STEP][PASSED] - tap: Tapped on element 'Object Repository/ShopOpen/RemainingCategories/SubmitButton'

2018-09-05 18:19:15 - [MESSAGE][WARNING] - Timeout '0' is invalid. Using default page load timeout: '5'

2018-09-05 18:19:16 - [MESSAGE][PASSED] - Tapped on element 'Object Repository/ShopOpen/RemainingCategories/SubmitButton'

2018-09-05 18:19:16 - [TEST_STEP][PASSED] - verifyElementText: Actual text and expected text of test object 'Object Repository/ShopOpen/RemainingCategories/Validate_ProductCategoryAssetScreen' are matched.

2018-09-05 18:19:17 - [MESSAGE][PASSED] - Actual text and expected text of test object 'Object Repository/ShopOpen/RemainingCategories/Validate_ProductCategoryAssetScreen' are matched.

2018-09-05 18:19:17 - [TEST_STEP][PASSED] - tap: Tapped on element 'Object Repository/ShopOpen/RemainingCategories/StockTaking'

2018-09-05 18:19:17 - [MESSAGE][WARNING] - Timeout '0' is invalid. Using default page load timeout: '5'

2018-09-05 18:19:17 - [MESSAGE][PASSED] - Tapped on element 'Object Repository/ShopOpen/RemainingCategories/StockTaking'

2018-09-05 18:19:17 - [TEST_STEP][PASSED] - verifyElementText: Actual text and expected text of test object 'Object Repository/ShopOpen/RemainingCategories/Validate_StockTakingScreen' are matched.

2018-09-05 18:19:19 - [MESSAGE][PASSED] - Actual text and expected text of test object 'Object Repository/ShopOpen/RemainingCategories/Validate_StockTakingScreen' are matched.

2018-09-05 18:19:19 - [TEST_STEP][PASSED] - com.ct.qa.keywords.ChannelProductsDataKeywords.visitChannelWiseProductsData: com.ct.qa.keywords.ChannelProductsDataKeywords.visitChannelWiseProductsData is PASSED

2018-09-05 18:19:23 - [MESSAGE][PASSED] - Keyboard is hidden

2018-09-05 18:19:26 - [MESSAGE][PASSED] - Keyboard is hidden

2018-09-05 18:19:29 - [MESSAGE][PASSED] - Keyboard is hidden

2018-09-05 18:19:32 - [MESSAGE][PASSED] - Keyboard is hidden

2018-09-05 18:19:35 - [MESSAGE][PASSED] - Keyboard is hidden

2018-09-05 18:19:36 - [MESSAGE][PASSED] - com.ct.qa.keywords.ChannelProductsDataKeywords.visitChannelWiseProductsData is PASSED

2018-09-05 18:19:36 - [TEST_STEP][PASSED] - tap: Tapped on element 'Object Repository/ShopOpen/RemainingCategories/SubmitButton'

2018-09-05 18:19:36 - [MESSAGE][WARNING] - Timeout '0' is invalid. Using default page load timeout: '5'

2018-09-05 18:19:37 - [MESSAGE][PASSED] - Tapped on element 'Object Repository/ShopOpen/RemainingCategories/SubmitButton'

2018-09-05 18:19:37 - [TEST_STEP][PASSED] - verifyElementText: Actual text and expected text of test object 'Object Repository/ShopOpen/RemainingCategories/Validate_ProductCategoryAssetScreen' are matched.

2018-09-05 18:19:38 - [MESSAGE][PASSED] - Actual text and expected text of test object 'Object Repository/ShopOpen/RemainingCategories/Validate_ProductCategoryAssetScreen' are matched.

2018-09-05 18:19:38 - [TEST_STEP][PASSED] - tap: Tapped on element 'Object Repository/ShopOpen/RemainingCategories/planogram_ImageView'

2018-09-05 18:19:38 - [MESSAGE][WARNING] - Timeout '0' is invalid. Using default page load timeout: '5'

2018-09-05 18:19:38 - [MESSAGE][PASSED] - Tapped on element 'Object Repository/ShopOpen/RemainingCategories/planogram_ImageView'

2018-09-05 18:19:38 - [TEST_STEP][PASSED] - com.ct.qa.keywords.CommonKeywords.checkPlanogramAvailability: com.ct.qa.keywords.CommonKeywords.checkPlanogramAvailability is PASSED

2018-09-05 18:19:38 - [MESSAGE][WARNING] - Timeout '0' is invalid. Using default page load timeout: '5'

2018-09-05 18:19:44 - [MESSAGE][WARNING] - Object Object Repository/CommonScreenElements/InfoPopUp_OKButton not found
[[ATTACHMENT|F:\\Git Projects\\MMAPlus_Merchandising\\MMAPlus_Merchandising\\Reports\\MMA Plus Merchandising With Category Level(Chiller Utilization) Overwrite Scenarios\\20180905_180640\\1536153583869.png]]

2018-09-05 18:19:44 - [MESSAGE][PASSED] - com.ct.qa.keywords.CommonKeywords.checkPlanogramAvailability is PASSED

2018-09-05 18:19:44 - [TEST_STEP][PASSED] - com.ct.qa.keywords.CommonKeywords.closePlanogram: com.ct.qa.keywords.CommonKeywords.closePlanogram is PASSED

2018-09-05 18:19:45 - [MESSAGE][PASSED] - com.ct.qa.keywords.CommonKeywords.closePlanogram is PASSED

2018-09-05 18:19:45 - [TEST_STEP][PASSED] - verifyElementText: Actual text and expected text of test object 'Object Repository/ShopOpen/RemainingCategories/Validate_ProductCategoryAssetScreen' are matched.

2018-09-05 18:19:46 - [MESSAGE][PASSED] - Actual text and expected text of test object 'Object Repository/ShopOpen/RemainingCategories/Validate_ProductCategoryAssetScreen' are matched.

2018-09-05 18:19:46 - [TEST_STEP][PASSED] - com.ct.qa.keywords.CommonKeywords.findPictureImageView: com.ct.qa.keywords.CommonKeywords.findPictureImageView is PASSED

2018-09-05 18:19:46 - [MESSAGE][WARNING] - Timeout '0' is invalid. Using default page load timeout: '5'

2018-09-05 18:19:49 - [MESSAGE][PASSED] - Tapped on element 'Object Repository/CommonScreenElements/Picture_ImageView'

2018-09-05 18:19:49 - [MESSAGE][WARNING] - Timeout '0' is invalid. Using default page load timeout: '5'

2018-09-05 18:19:50 - [MESSAGE][PASSED] - Element 'Object Repository/CommonScreenElements/Validate_CameraScreen' is exist

2018-09-05 18:19:50 - [MESSAGE][WARNING] - Timeout '0' is invalid. Using default page load timeout: '5'

2018-09-05 18:19:53 - [MESSAGE][PASSED] - Tapped on element 'Object Repository/CommonScreenElements/TakePictureButton'

2018-09-05 18:19:58 - [MESSAGE][PASSED] - Delayed 5 second(s)

2018-09-05 18:19:58 - [MESSAGE][WARNING] - Timeout '0' is invalid. Using default page load timeout: '5'

2018-09-05 18:19:59 - [MESSAGE][PASSED] - Tapped on element 'Object Repository/CommonScreenElements/DoneButton'

2018-09-05 18:19:59 - [MESSAGE][PASSED] - com.ct.qa.keywords.CommonKeywords.findPictureImageView is PASSED

2018-09-05 18:19:59 - [TEST_STEP][PASSED] - verifyElementText: Actual text and expected text of test object 'Object Repository/ShopOpen/RemainingCategories/Validate_ProductCategoryAssetScreen' are matched.

2018-09-05 18:20:00 - [MESSAGE][PASSED] - Actual text and expected text of test object 'Object Repository/ShopOpen/RemainingCategories/Validate_ProductCategoryAssetScreen' are matched.

2018-09-05 18:20:00 - [TEST_STEP][PASSED] - tap: Tapped on element 'Object Repository/ShopOpen/RemainingCategories/ProductCategoryAsset_BackButton'

2018-09-05 18:20:00 - [MESSAGE][WARNING] - Timeout '0' is invalid. Using default page load timeout: '5'

2018-09-05 18:20:00 - [MESSAGE][PASSED] - Tapped on element 'Object Repository/ShopOpen/RemainingCategories/ProductCategoryAsset_BackButton'

2018-09-05 18:20:00 - [TEST_STEP][PASSED] - verifyElementExist: Element 'Object Repository/ShopOpen/Validate_ShopCategoriesListScreen' is exist

2018-09-05 18:20:00 - [MESSAGE][WARNING] - Timeout '0' is invalid. Using default page load timeout: '5'

2018-09-05 18:20:04 - [MESSAGE][PASSED] - Element 'Object Repository/ShopOpen/Validate_ShopCategoriesListScreen' is exist

2018-09-05 18:20:04 - [MESSAGE][PASSED] - Call Test Case 'Test Cases/ShopOpen/RemainingCategories/VisitRemainingCategoriesWithNSFD' successfully

2018-09-05 18:20:05 - [TEST_CASE][PASSED] - Test Cases/ShopOpen/RemainingCategories/VisitRemainingCategoriesWithNSFD: Test Cases/ShopOpen/RemainingCategories/VisitRemainingCategoriesWithNSFD

2018-09-05 18:20:05 - [TEST_STEP][PASSED] - verifyElementText: Actual text and expected text of test object 'Object Repository/ShopOpen/RemainingCategories/Validate_RemainingCategoriesDetailScreen' are matched.

2018-09-05 18:20:07 - [MESSAGE][PASSED] - Actual text and expected text of test object 'Object Repository/ShopOpen/RemainingCategories/Validate_RemainingCategoriesDetailScreen' are matched.

2018-09-05 18:20:07 - [TEST_STEP][PASSED] - tap: Tapped on element 'Object Repository/ShopOpen/RemainingCategories/NoSpaceForDisplay'

2018-09-05 18:20:07 - [MESSAGE][WARNING] - Timeout '0' is invalid. Using default page load timeout: '5'

2018-09-05 18:20:07 - [MESSAGE][PASSED] - Tapped on element 'Object Repository/ShopOpen/RemainingCategories/NoSpaceForDisplay'

2018-09-05 18:20:07 - [TEST_STEP][PASSED] - verifyElementText: Actual text and expected text of test object 'Object Repository/ShopOpen/RemainingCategories/Validate_ProductCategoryAssetScreen' are matched.

2018-09-05 18:20:10 - [MESSAGE][PASSED] - Actual text and expected text of test object 'Object Repository/ShopOpen/RemainingCategories/Validate_ProductCategoryAssetScreen' are matched.

2018-09-05 18:20:10 - [TEST_STEP][PASSED] - tap: Tapped on element 'Object Repository/ShopOpen/RemainingCategories/Facing'

2018-09-05 18:20:10 - [MESSAGE][WARNING] - Timeout '0' is invalid. Using default page load timeout: '5'

2018-09-05 18:20:10 - [MESSAGE][PASSED] - Tapped on element 'Object Repository/ShopOpen/RemainingCategories/Facing'

2018-09-05 18:20:10 - [TEST_STEP][PASSED] - verifyElementText: Actual text and expected text of test object 'Object Repository/ShopOpen/RemainingCategories/Validate_FacingScreen' are matched.

2018-09-05 18:20:12 - [MESSAGE][PASSED] - Actual text and expected text of test object 'Object Repository/ShopOpen/RemainingCategories/Validate_FacingScreen' are matched.

2018-09-05 18:20:12 - [TEST_STEP][PASSED] - com.ct.qa.keywords.ChannelProductsDataKeywords.visitChannelWiseProductsData: com.ct.qa.keywords.ChannelProductsDataKeywords.visitChannelWiseProductsData is PASSED

2018-09-05 18:20:16 - [MESSAGE][PASSED] - Keyboard is hidden

2018-09-05 18:20:19 - [MESSAGE][PASSED] - Keyboard is hidden

2018-09-05 18:20:22 - [MESSAGE][PASSED] - Keyboard is hidden

2018-09-05 18:20:25 - [MESSAGE][PASSED] - Keyboard is hidden

2018-09-05 18:20:28 - [MESSAGE][PASSED] - Keyboard is hidden

2018-09-05 18:20:29 - [MESSAGE][PASSED] - com.ct.qa.keywords.ChannelProductsDataKeywords.visitChannelWiseProductsData is PASSED

2018-09-05 18:20:29 - [TEST_STEP][PASSED] - tap: Tapped on element 'Object Repository/ShopOpen/RemainingCategories/SubmitButton'

2018-09-05 18:20:29 - [MESSAGE][WARNING] - Timeout '0' is invalid. Using default page load timeout: '5'

2018-09-05 18:20:30 - [MESSAGE][PASSED] - Tapped on element 'Object Repository/ShopOpen/RemainingCategories/SubmitButton'

2018-09-05 18:20:30 - [TEST_STEP][PASSED] - verifyElementText: Actual text and expected text of test object 'Object Repository/ShopOpen/RemainingCategories/Validate_ProductCategoryAssetScreen' are matched.

2018-09-05 18:20:31 - [MESSAGE][PASSED] - Actual text and expected text of test object 'Object Repository/ShopOpen/RemainingCategories/Validate_ProductCategoryAssetScreen' are matched.

2018-09-05 18:20:31 - [TEST_STEP][PASSED] - tap: Tapped on element 'Object Repository/ShopOpen/RemainingCategories/StockTaking'

2018-09-05 18:20:31 - [MESSAGE][WARNING] - Timeout '0' is invalid. Using default page load timeout: '5'

2018-09-05 18:20:32 - [MESSAGE][PASSED] - Tapped on element 'Object Repository/ShopOpen/RemainingCategories/StockTaking'

2018-09-05 18:20:32 - [TEST_STEP][PASSED] - verifyElementText: Actual text and expected text of test object 'Object Repository/ShopOpen/RemainingCategories/Validate_StockTakingScreen' are matched.

2018-09-05 18:20:34 - [MESSAGE][PASSED] - Actual text and expected text of test object 'Object Repository/ShopOpen/RemainingCategories/Validate_StockTakingScreen' are matched.

2018-09-05 18:20:34 - [TEST_STEP][PASSED] - com.ct.qa.keywords.ChannelProductsDataKeywords.visitChannelWiseProductsData: com.ct.qa.keywords.ChannelProductsDataKeywords.visitChannelWiseProductsData is PASSED

2018-09-05 18:20:38 - [MESSAGE][PASSED] - Keyboard is hidden

2018-09-05 18:20:41 - [MESSAGE][PASSED] - Keyboard is hidden

2018-09-05 18:20:44 - [MESSAGE][PASSED] - Keyboard is hidden

2018-09-05 18:20:47 - [MESSAGE][PASSED] - Keyboard is hidden

2018-09-05 18:20:50 - [MESSAGE][PASSED] - Keyboard is hidden

2018-09-05 18:20:51 - [MESSAGE][PASSED] - com.ct.qa.keywords.ChannelProductsDataKeywords.visitChannelWiseProductsData is PASSED

2018-09-05 18:20:51 - [TEST_STEP][PASSED] - tap: Tapped on element 'Object Repository/ShopOpen/RemainingCategories/SubmitButton'

2018-09-05 18:20:51 - [MESSAGE][WARNING] - Timeout '0' is invalid. Using default page load timeout: '5'

2018-09-05 18:20:52 - [MESSAGE][PASSED] - Tapped on element 'Object Repository/ShopOpen/RemainingCategories/SubmitButton'

2018-09-05 18:20:52 - [TEST_STEP][PASSED] - verifyElementText: Actual text and expected text of test object 'Object Repository/ShopOpen/RemainingCategories/Validate_ProductCategoryAssetScreen' are matched.

2018-09-05 18:20:53 - [MESSAGE][PASSED] - Actual text and expected text of test object 'Object Repository/ShopOpen/RemainingCategories/Validate_ProductCategoryAssetScreen' are matched.

2018-09-05 18:20:53 - [TEST_STEP][PASSED] - tap: Tapped on element 'Object Repository/ShopOpen/RemainingCategories/planogram_ImageView'

2018-09-05 18:20:53 - [MESSAGE][WARNING] - Timeout '0' is invalid. Using default page load timeout: '5'

2018-09-05 18:20:53 - [MESSAGE][PASSED] - Tapped on element 'Object Repository/ShopOpen/RemainingCategories/planogram_ImageView'

2018-09-05 18:20:53 - [TEST_STEP][PASSED] - com.ct.qa.keywords.CommonKeywords.checkPlanogramAvailability: com.ct.qa.keywords.CommonKeywords.checkPlanogramAvailability is PASSED

2018-09-05 18:20:53 - [MESSAGE][WARNING] - Timeout '0' is invalid. Using default page load timeout: '5'

2018-09-05 18:20:59 - [MESSAGE][WARNING] - Object Object Repository/CommonScreenElements/InfoPopUp_OKButton not found
[[ATTACHMENT|F:\\Git Projects\\MMAPlus_Merchandising\\MMAPlus_Merchandising\\Reports\\MMA Plus Merchandising With Category Level(Chiller Utilization) Overwrite Scenarios\\20180905_180640\\1536153658596.png]]

2018-09-05 18:20:59 - [MESSAGE][PASSED] - com.ct.qa.keywords.CommonKeywords.checkPlanogramAvailability is PASSED

2018-09-05 18:20:59 - [TEST_STEP][PASSED] - com.ct.qa.keywords.CommonKeywords.closePlanogram: com.ct.qa.keywords.CommonKeywords.closePlanogram is PASSED

2018-09-05 18:21:00 - [MESSAGE][PASSED] - com.ct.qa.keywords.CommonKeywords.closePlanogram is PASSED

2018-09-05 18:21:00 - [TEST_STEP][PASSED] - verifyElementText: Actual text and expected text of test object 'Object Repository/ShopOpen/RemainingCategories/Validate_ProductCategoryAssetScreen' are matched.

2018-09-05 18:21:01 - [MESSAGE][PASSED] - Actual text and expected text of test object 'Object Repository/ShopOpen/RemainingCategories/Validate_ProductCategoryAssetScreen' are matched.

2018-09-05 18:21:01 - [TEST_STEP][PASSED] - com.ct.qa.keywords.CommonKeywords.findPictureImageView: com.ct.qa.keywords.CommonKeywords.findPictureImageView is PASSED

2018-09-05 18:21:01 - [MESSAGE][WARNING] - Timeout '0' is invalid. Using default page load timeout: '5'

2018-09-05 18:21:04 - [MESSAGE][PASSED] - Tapped on element 'Object Repository/CommonScreenElements/Picture_ImageView'

2018-09-05 18:21:04 - [MESSAGE][WARNING] - Timeout '0' is invalid. Using default page load timeout: '5'

2018-09-05 18:21:05 - [MESSAGE][PASSED] - Element 'Object Repository/CommonScreenElements/Validate_CameraScreen' is exist

2018-09-05 18:21:05 - [MESSAGE][WARNING] - Timeout '0' is invalid. Using default page load timeout: '5'

2018-09-05 18:21:08 - [MESSAGE][PASSED] - Tapped on element 'Object Repository/CommonScreenElements/TakePictureButton'

2018-09-05 18:21:13 - [MESSAGE][PASSED] - Delayed 5 second(s)

2018-09-05 18:21:13 - [MESSAGE][WARNING] - Timeout '0' is invalid. Using default page load timeout: '5'

2018-09-05 18:21:14 - [MESSAGE][PASSED] - Tapped on element 'Object Repository/CommonScreenElements/DoneButton'

2018-09-05 18:21:14 - [MESSAGE][PASSED] - com.ct.qa.keywords.CommonKeywords.findPictureImageView is PASSED

2018-09-05 18:21:14 - [TEST_STEP][PASSED] - verifyElementText: Actual text and expected text of test object 'Object Repository/ShopOpen/RemainingCategories/Validate_ProductCategoryAssetScreen' are matched.

2018-09-05 18:21:15 - [MESSAGE][PASSED] - Actual text and expected text of test object 'Object Repository/ShopOpen/RemainingCategories/Validate_ProductCategoryAssetScreen' are matched.

2018-09-05 18:21:15 - [TEST_STEP][PASSED] - tap: Tapped on element 'Object Repository/ShopOpen/RemainingCategories/ProductCategoryAsset_BackButton'

2018-09-05 18:21:15 - [MESSAGE][WARNING] - Timeout '0' is invalid. Using default page load timeout: '5'

2018-09-05 18:21:15 - [MESSAGE][PASSED] - Tapped on element 'Object Repository/ShopOpen/RemainingCategories/ProductCategoryAsset_BackButton'

2018-09-05 18:21:15 - [TEST_STEP][PASSED] - verifyElementExist: Element 'Object Repository/ShopOpen/Validate_ShopCategoriesListScreen' is exist

2018-09-05 18:21:15 - [MESSAGE][WARNING] - Timeout '0' is invalid. Using default page load timeout: '5'

2018-09-05 18:21:18 - [MESSAGE][PASSED] - Element 'Object Repository/ShopOpen/Validate_ShopCategoriesListScreen' is exist

2018-09-05 18:21:18 - [MESSAGE][PASSED] - Call Test Case 'Test Cases/ShopOpen/RemainingCategories/VisitRemainingCategoriesWithNSFD' successfully

2018-09-05 18:21:18 - [MESSAGE][PASSED] - com.ct.qa.keywords.CategoryVisitingScenariosKeywords.visitShopCategoriesWith_CNAl_CTNAv_NSFD is PASSED

2018-09-05 18:21:18 - [MESSAGE][PASSED] - Call Test Case 'Test Cases/ShopOpen/VisitCategoryScenarios/VisitShopCategoriesWith_CNAl_CTNAv_NSFD' successfully

2018-09-05 18:21:18 - [TEST_CASE][PASSED] - Test Cases/ShopOpen/VisitCategoryScenariosWithOverwritePopUp/VisitShopCategoriesWith_SKDNA_CAv_DSA: Test Cases/ShopOpen/VisitCategoryScenariosWithOverwritePopUp/VisitShopCategoriesWith_SKDNA_CAv_DSA

2018-09-05 18:21:18 - [TEST_STEP][PASSED] - verifyElementExist: Element 'Object Repository/ShopOpen/Validate_ShopCategoriesListScreen' is exist

2018-09-05 18:21:18 - [MESSAGE][WARNING] - Timeout '0' is invalid. Using default page load timeout: '5'

2018-09-05 18:21:18 - [MESSAGE][PASSED] - Element 'Object Repository/ShopOpen/Validate_ShopCategoriesListScreen' is exist

2018-09-05 18:21:18 - [TEST_STEP][PASSED] - com.ct.qa.keywords.CategoryVisitingScenariosWithOverwritePopUpKeywords.visitShopCategoriesWith_SKDNA_CAv_DSA: com.ct.qa.keywords.CategoryVisitingScenariosWithOverwritePopUpKeywords.visitShopCategoriesWith_SKDNA_CAv_DSA is PASSED

2018-09-05 18:21:19 - [MESSAGE][PASSED] - Swiped from 0,200 to 0,750

2018-09-05 18:21:20 - [MESSAGE][PASSED] - Swiped from 0,200 to 0,750

2018-09-05 18:21:22 - [MESSAGE][WARNING] - Timeout '0' is invalid. Using default page load timeout: '5'

2018-09-05 18:21:23 - [MESSAGE][PASSED] - Element 'Object Repository/CommonScreenElements/Validate_InfoPopUP' is exist

2018-09-05 18:21:23 - [MESSAGE][WARNING] - Timeout '-20' is invalid. Using default page load timeout: '5'

2018-09-05 18:21:24 - [MESSAGE][PASSED] - Tapped on element 'Object Repository/CommonScreenElements/InfoPopUp_YesButton'

2018-09-05 18:21:24 - [TEST_CASE][PASSED] - Test Cases/ShopOpen/ChillerUtilization/VisitChillerScenarios/VisitChillerUtilizationWith_ChillerAvailable: Test Cases/ShopOpen/ChillerUtilization/VisitChillerScenarios/VisitChillerUtilizationWith_ChillerAvailable

2018-09-05 18:21:24 - [TEST_STEP][PASSED] - verifyElementText: Actual text and expected text of test object 'Object Repository/ShopOpen/ChillerUtilization/Validate_ChillerUtilizationScreen' are matched.

2018-09-05 18:21:25 - [MESSAGE][PASSED] - Actual text and expected text of test object 'Object Repository/ShopOpen/ChillerUtilization/Validate_ChillerUtilizationScreen' are matched.

2018-09-05 18:21:25 - [TEST_STEP][PASSED] - com.ct.qa.keywords.ChillerVisitingScenariosKeywords.visitChillersTaggedinChillerUtilizationWithSingleRemark: com.ct.qa.keywords.ChillerVisitingScenariosKeywords.visitChillersTaggedinChillerUtilizationWithSingleRemark is PASSED

2018-09-05 18:21:25 - [MESSAGE][WARNING] - Timeout '0' is invalid. Using default page load timeout: '5'

2018-09-05 18:21:27 - [MESSAGE][PASSED] - Element 'Object Repository/CommonScreenElements/Validate_CameraScreen' is exist

2018-09-05 18:21:27 - [MESSAGE][WARNING] - Timeout '0' is invalid. Using default page load timeout: '5'

2018-09-05 18:21:31 - [MESSAGE][PASSED] - Tapped on element 'Object Repository/CommonScreenElements/TakePictureButton'

2018-09-05 18:21:36 - [MESSAGE][PASSED] - Delayed 5 second(s)

2018-09-05 18:21:36 - [MESSAGE][WARNING] - Timeout '0' is invalid. Using default page load timeout: '5'

2018-09-05 18:21:37 - [MESSAGE][PASSED] - Tapped on element 'Object Repository/CommonScreenElements/DoneButton'

2018-09-05 18:21:39 - [TEST_CASE][PASSED] - Test Cases/ShopOpen/ChillerUtilization/ChillerAvailable/VisitChillerAvailable: Test Cases/ShopOpen/ChillerUtilization/ChillerAvailable/VisitChillerAvailable

2018-09-05 18:21:40 - [TEST_STEP][PASSED] - verifyElementExist: Element 'Object Repository/ShopOpen/ChillerUtilization/ChillerAvailable/Validate_ChillerAvailableScreen' is exist

2018-09-05 18:21:40 - [MESSAGE][WARNING] - Timeout '0' is invalid. Using default page load timeout: '5'

2018-09-05 18:21:42 - [MESSAGE][PASSED] - Element 'Object Repository/ShopOpen/ChillerUtilization/ChillerAvailable/Validate_ChillerAvailableScreen' is exist

2018-09-05 18:21:42 - [TEST_STEP][PASSED] - tap: Tapped on element 'Object Repository/ShopOpen/ChillerUtilization/ChillerAvailable/Planogram_ImageView'

2018-09-05 18:21:42 - [MESSAGE][WARNING] - Timeout '0' is invalid. Using default page load timeout: '5'

2018-09-05 18:21:42 - [MESSAGE][PASSED] - Tapped on element 'Object Repository/ShopOpen/ChillerUtilization/ChillerAvailable/Planogram_ImageView'

2018-09-05 18:21:42 - [TEST_STEP][PASSED] - com.ct.qa.keywords.CommonKeywords.checkPlanogramAvailability: com.ct.qa.keywords.CommonKeywords.checkPlanogramAvailability is PASSED

2018-09-05 18:21:42 - [MESSAGE][WARNING] - Timeout '0' is invalid. Using default page load timeout: '5'

2018-09-05 18:21:48 - [MESSAGE][WARNING] - Object Object Repository/CommonScreenElements/InfoPopUp_OKButton not found
[[ATTACHMENT|F:\\Git Projects\\MMAPlus_Merchandising\\MMAPlus_Merchandising\\Reports\\MMA Plus Merchandising With Category Level(Chiller Utilization) Overwrite Scenarios\\20180905_180640\\1536153707555.png]]

2018-09-05 18:21:48 - [MESSAGE][PASSED] - com.ct.qa.keywords.CommonKeywords.checkPlanogramAvailability is PASSED

2018-09-05 18:21:48 - [TEST_STEP][PASSED] - com.ct.qa.keywords.CommonKeywords.closePlanogram: com.ct.qa.keywords.CommonKeywords.closePlanogram is PASSED

2018-09-05 18:21:49 - [MESSAGE][PASSED] - com.ct.qa.keywords.CommonKeywords.closePlanogram is PASSED

2018-09-05 18:21:49 - [TEST_STEP][PASSED] - verifyElementExist: Element 'Object Repository/ShopOpen/ChillerUtilization/ChillerAvailable/Validate_ChillerAvailableScreen' is exist

2018-09-05 18:21:49 - [MESSAGE][WARNING] - Timeout '0' is invalid. Using default page load timeout: '5'

2018-09-05 18:21:50 - [MESSAGE][PASSED] - Element 'Object Repository/ShopOpen/ChillerUtilization/ChillerAvailable/Validate_ChillerAvailableScreen' is exist

2018-09-05 18:21:50 - [TEST_STEP][PASSED] - com.ct.qa.keywords.CommonKeywords.findPictureImageView: com.ct.qa.keywords.CommonKeywords.findPictureImageView is PASSED

2018-09-05 18:21:50 - [MESSAGE][PASSED] - com.ct.qa.keywords.CommonKeywords.findPictureImageView is PASSED

2018-09-05 18:21:50 - [TEST_STEP][PASSED] - verifyElementExist: Element 'Object Repository/ShopOpen/ChillerUtilization/ChillerAvailable/Validate_ChillerAvailableScreen' is exist

2018-09-05 18:21:50 - [MESSAGE][WARNING] - Timeout '0' is invalid. Using default page load timeout: '5'

2018-09-05 18:21:50 - [MESSAGE][PASSED] - Element 'Object Repository/ShopOpen/ChillerUtilization/ChillerAvailable/Validate_ChillerAvailableScreen' is exist

2018-09-05 18:21:50 - [TEST_STEP][PASSED] - tap: Tapped on element 'Object Repository/ShopOpen/ChillerUtilization/ChillerAvailable/Depth1_TakePicture'

2018-09-05 18:21:50 - [MESSAGE][WARNING] - Timeout '0' is invalid. Using default page load timeout: '5'

2018-09-05 18:21:52 - [MESSAGE][PASSED] - Tapped on element 'Object Repository/ShopOpen/ChillerUtilization/ChillerAvailable/Depth1_TakePicture'

2018-09-05 18:21:52 - [TEST_STEP][PASSED] - verifyElementExist: Element 'Object Repository/CommonScreenElements/Validate_CameraScreen' is exist

2018-09-05 18:21:52 - [MESSAGE][WARNING] - Timeout '0' is invalid. Using default page load timeout: '5'

2018-09-05 18:21:53 - [MESSAGE][PASSED] - Element 'Object Repository/CommonScreenElements/Validate_CameraScreen' is exist

2018-09-05 18:21:53 - [TEST_STEP][PASSED] - tap: Tapped on element 'Object Repository/CommonScreenElements/TakePictureButton'

2018-09-05 18:21:53 - [MESSAGE][WARNING] - Timeout '0' is invalid. Using default page load timeout: '5'

2018-09-05 18:21:56 - [MESSAGE][PASSED] - Tapped on element 'Object Repository/CommonScreenElements/TakePictureButton'

2018-09-05 18:21:56 - [TEST_STEP][PASSED] - delay: Delayed 5 second(s)

2018-09-05 18:22:01 - [MESSAGE][PASSED] - Delayed 5 second(s)

2018-09-05 18:22:01 - [TEST_STEP][PASSED] - tap: Tapped on element 'Object Repository/CommonScreenElements/DoneButton'

2018-09-05 18:22:01 - [MESSAGE][WARNING] - Timeout '0' is invalid. Using default page load timeout: '5'

2018-09-05 18:22:02 - [MESSAGE][PASSED] - Tapped on element 'Object Repository/CommonScreenElements/DoneButton'

2018-09-05 18:22:02 - [TEST_STEP][PASSED] - verifyElementExist: Element 'Object Repository/ShopOpen/ChillerUtilization/ChillerAvailable/Validate_ChillerAvailableScreen' is exist

2018-09-05 18:22:02 - [MESSAGE][WARNING] - Timeout '0' is invalid. Using default page load timeout: '5'

2018-09-05 18:22:03 - [MESSAGE][PASSED] - Element 'Object Repository/ShopOpen/ChillerUtilization/ChillerAvailable/Validate_ChillerAvailableScreen' is exist

2018-09-05 18:22:03 - [TEST_STEP][PASSED] - tap: Tapped on element 'Object Repository/ShopOpen/ChillerUtilization/ChillerAvailable/Depth2TakePicture'

2018-09-05 18:22:03 - [MESSAGE][WARNING] - Timeout '0' is invalid. Using default page load timeout: '5'

2018-09-05 18:22:03 - [MESSAGE][PASSED] - Tapped on element 'Object Repository/ShopOpen/ChillerUtilization/ChillerAvailable/Depth2TakePicture'

2018-09-05 18:22:03 - [TEST_STEP][PASSED] - verifyElementExist: Element 'Object Repository/CommonScreenElements/Validate_CameraScreen' is exist

2018-09-05 18:22:03 - [MESSAGE][WARNING] - Timeout '0' is invalid. Using default page load timeout: '5'

2018-09-05 18:22:06 - [MESSAGE][PASSED] - Element 'Object Repository/CommonScreenElements/Validate_CameraScreen' is exist

2018-09-05 18:22:06 - [TEST_STEP][PASSED] - tap: Tapped on element 'Object Repository/CommonScreenElements/TakePictureButton'

2018-09-05 18:22:06 - [MESSAGE][WARNING] - Timeout '0' is invalid. Using default page load timeout: '5'

2018-09-05 18:22:09 - [MESSAGE][PASSED] - Tapped on element 'Object Repository/CommonScreenElements/TakePictureButton'

2018-09-05 18:22:09 - [TEST_STEP][PASSED] - delay: Delayed 5 second(s)

2018-09-05 18:22:14 - [MESSAGE][PASSED] - Delayed 5 second(s)

2018-09-05 18:22:14 - [TEST_STEP][PASSED] - tap: Tapped on element 'Object Repository/CommonScreenElements/DoneButton'

2018-09-05 18:22:14 - [MESSAGE][WARNING] - Timeout '0' is invalid. Using default page load timeout: '5'

2018-09-05 18:22:15 - [MESSAGE][PASSED] - Tapped on element 'Object Repository/CommonScreenElements/DoneButton'

2018-09-05 18:22:15 - [TEST_STEP][PASSED] - verifyElementExist: Element 'Object Repository/ShopOpen/ChillerUtilization/ChillerAvailable/Validate_ChillerAvailableScreen' is exist

2018-09-05 18:22:15 - [MESSAGE][WARNING] - Timeout '0' is invalid. Using default page load timeout: '5'

2018-09-05 18:22:16 - [MESSAGE][PASSED] - Element 'Object Repository/ShopOpen/ChillerUtilization/ChillerAvailable/Validate_ChillerAvailableScreen' is exist

2018-09-05 18:22:16 - [TEST_STEP][PASSED] - tap: Tapped on element 'Object Repository/ShopOpen/ChillerUtilization/ChillerAvailable/NextButton'

2018-09-05 18:22:16 - [MESSAGE][WARNING] - Timeout '0' is invalid. Using default page load timeout: '5'

2018-09-05 18:22:16 - [MESSAGE][PASSED] - Tapped on element 'Object Repository/ShopOpen/ChillerUtilization/ChillerAvailable/NextButton'

2018-09-05 18:22:16 - [TEST_STEP][PASSED] - verifyElementText: Actual text and expected text of test object 'Object Repository/ShopOpen/ChillerUtilization/ChillerAvailable/Validate_ChillerProductsCategoriesScreen' are matched.

2018-09-05 18:22:18 - [MESSAGE][PASSED] - Actual text and expected text of test object 'Object Repository/ShopOpen/ChillerUtilization/ChillerAvailable/Validate_ChillerProductsCategoriesScreen' are matched.

2018-09-05 18:22:18 - [TEST_STEP][PASSED] - com.ct.qa.keywords.ChillerProductsDataKeywords.visitChillerAvailableProductCategories: com.ct.qa.keywords.ChillerProductsDataKeywords.visitChillerAvailableProductCategories is PASSED

2018-09-05 18:22:21 - [TEST_CASE][PASSED] - Test Cases/ShopOpen/ChillerUtilization/ChillerAvailable/VisitProductCategoryAssets: Test Cases/ShopOpen/ChillerUtilization/ChillerAvailable/VisitProductCategoryAssets

2018-09-05 18:22:21 - [TEST_STEP][PASSED] - verifyElementText: Actual text and expected text of test object 'Object Repository/ShopOpen/ChillerUtilization/ChillerAvailable/Validate_ProductCategoryAssetScreen' are matched.

2018-09-05 18:22:23 - [MESSAGE][PASSED] - Actual text and expected text of test object 'Object Repository/ShopOpen/ChillerUtilization/ChillerAvailable/Validate_ProductCategoryAssetScreen' are matched.

2018-09-05 18:22:23 - [TEST_STEP][PASSED] - tap: Tapped on element 'Object Repository/ShopOpen/ChillerUtilization/ChillerAvailable/Facing'

2018-09-05 18:22:23 - [MESSAGE][WARNING] - Timeout '0' is invalid. Using default page load timeout: '5'

2018-09-05 18:22:23 - [MESSAGE][PASSED] - Tapped on element 'Object Repository/ShopOpen/ChillerUtilization/ChillerAvailable/Facing'

2018-09-05 18:22:23 - [TEST_STEP][PASSED] - verifyElementText: Actual text and expected text of test object 'Object Repository/ShopOpen/ChillerUtilization/ChillerAvailable/Validate_FacingScreen' are matched.

2018-09-05 18:22:25 - [MESSAGE][PASSED] - Actual text and expected text of test object 'Object Repository/ShopOpen/ChillerUtilization/ChillerAvailable/Validate_FacingScreen' are matched.

2018-09-05 18:22:25 - [TEST_STEP][PASSED] - com.ct.qa.keywords.ChillerProductsDataKeywords.visitChillerAvailableProductsData: com.ct.qa.keywords.ChillerProductsDataKeywords.visitChillerAvailableProductsData is PASSED

2018-09-05 18:22:28 - [MESSAGE][PASSED] - Keyboard is hidden

2018-09-05 18:22:29 - [MESSAGE][PASSED] - com.ct.qa.keywords.ChillerProductsDataKeywords.visitChillerAvailableProductsData is PASSED

2018-09-05 18:22:29 - [TEST_STEP][PASSED] - tap: Tapped on element 'Object Repository/ShopOpen/ChillerUtilization/ChillerAvailable/SubmitButton'

2018-09-05 18:22:29 - [MESSAGE][WARNING] - Timeout '0' is invalid. Using default page load timeout: '5'

2018-09-05 18:22:29 - [MESSAGE][PASSED] - Tapped on element 'Object Repository/ShopOpen/ChillerUtilization/ChillerAvailable/SubmitButton'

2018-09-05 18:22:29 - [TEST_STEP][PASSED] - verifyElementText: Actual text and expected text of test object 'Object Repository/ShopOpen/ChillerUtilization/ChillerAvailable/Validate_ProductCategoryAssetScreen' are matched.

2018-09-05 18:22:30 - [MESSAGE][PASSED] - Actual text and expected text of test object 'Object Repository/ShopOpen/ChillerUtilization/ChillerAvailable/Validate_ProductCategoryAssetScreen' are matched.

2018-09-05 18:22:30 - [TEST_STEP][PASSED] - tap: Tapped on element 'Object Repository/ShopOpen/ChillerUtilization/ChillerAvailable/Depth'

2018-09-05 18:22:30 - [MESSAGE][WARNING] - Timeout '0' is invalid. Using default page load timeout: '5'

2018-09-05 18:22:30 - [MESSAGE][PASSED] - Tapped on element 'Object Repository/ShopOpen/ChillerUtilization/ChillerAvailable/Depth'

2018-09-05 18:22:30 - [TEST_STEP][PASSED] - verifyElementText: Actual text and expected text of test object 'Object Repository/ShopOpen/ChillerUtilization/ChillerAvailable/Validate_DepthScreen' are matched.

2018-09-05 18:22:32 - [MESSAGE][PASSED] - Actual text and expected text of test object 'Object Repository/ShopOpen/ChillerUtilization/ChillerAvailable/Validate_DepthScreen' are matched.

2018-09-05 18:22:32 - [TEST_STEP][PASSED] - com.ct.qa.keywords.ChillerProductsDataKeywords.visitChillerAvailableProductsData: com.ct.qa.keywords.ChillerProductsDataKeywords.visitChillerAvailableProductsData is PASSED

2018-09-05 18:22:35 - [MESSAGE][PASSED] - Keyboard is hidden

2018-09-05 18:22:36 - [MESSAGE][PASSED] - com.ct.qa.keywords.ChillerProductsDataKeywords.visitChillerAvailableProductsData is PASSED

2018-09-05 18:22:36 - [TEST_STEP][PASSED] - tap: Tapped on element 'Object Repository/ShopOpen/ChillerUtilization/ChillerAvailable/SubmitButton'

2018-09-05 18:22:36 - [MESSAGE][WARNING] - Timeout '0' is invalid. Using default page load timeout: '5'

2018-09-05 18:22:36 - [MESSAGE][PASSED] - Tapped on element 'Object Repository/ShopOpen/ChillerUtilization/ChillerAvailable/SubmitButton'

2018-09-05 18:22:36 - [TEST_STEP][PASSED] - verifyElementText: Actual text and expected text of test object 'Object Repository/ShopOpen/ChillerUtilization/ChillerAvailable/Validate_ProductCategoryAssetScreen' are matched.

2018-09-05 18:22:37 - [MESSAGE][PASSED] - Actual text and expected text of test object 'Object Repository/ShopOpen/ChillerUtilization/ChillerAvailable/Validate_ProductCategoryAssetScreen' are matched.

2018-09-05 18:22:37 - [TEST_STEP][PASSED] - tap: Tapped on element 'Object Repository/ShopOpen/ChillerUtilization/ChillerAvailable/StockCount'

2018-09-05 18:22:37 - [MESSAGE][WARNING] - Timeout '0' is invalid. Using default page load timeout: '5'

2018-09-05 18:22:38 - [MESSAGE][PASSED] - Tapped on element 'Object Repository/ShopOpen/ChillerUtilization/ChillerAvailable/StockCount'

2018-09-05 18:22:38 - [TEST_STEP][PASSED] - verifyElementText: Actual text and expected text of test object 'Object Repository/ShopOpen/ChillerUtilization/ChillerAvailable/Validate_StockCountScreen' are matched.

2018-09-05 18:22:40 - [MESSAGE][PASSED] - Actual text and expected text of test object 'Object Repository/ShopOpen/ChillerUtilization/ChillerAvailable/Validate_StockCountScreen' are matched.

2018-09-05 18:22:40 - [TEST_STEP][PASSED] - com.ct.qa.keywords.ChillerProductsDataKeywords.visitChillerAvailableProductsData: com.ct.qa.keywords.ChillerProductsDataKeywords.visitChillerAvailableProductsData is PASSED

2018-09-05 18:22:43 - [MESSAGE][PASSED] - Keyboard is hidden

2018-09-05 18:22:44 - [MESSAGE][PASSED] - com.ct.qa.keywords.ChillerProductsDataKeywords.visitChillerAvailableProductsData is PASSED

2018-09-05 18:22:44 - [TEST_STEP][PASSED] - tap: Tapped on element 'Object Repository/ShopOpen/ChillerUtilization/ChillerAvailable/SubmitButton'

2018-09-05 18:22:44 - [MESSAGE][WARNING] - Timeout '0' is invalid. Using default page load timeout: '5'

2018-09-05 18:22:44 - [MESSAGE][PASSED] - Tapped on element 'Object Repository/ShopOpen/ChillerUtilization/ChillerAvailable/SubmitButton'

2018-09-05 18:22:44 - [TEST_STEP][PASSED] - verifyElementText: Actual text and expected text of test object 'Object Repository/ShopOpen/ChillerUtilization/ChillerAvailable/Validate_ProductCategoryAssetScreen' are matched.

2018-09-05 18:22:45 - [MESSAGE][PASSED] - Actual text and expected text of test object 'Object Repository/ShopOpen/ChillerUtilization/ChillerAvailable/Validate_ProductCategoryAssetScreen' are matched.

2018-09-05 18:22:45 - [TEST_STEP][PASSED] - tap: Tapped on element 'Object Repository/ShopOpen/ChillerUtilization/ChillerAvailable/PorductCategoryActions_BackButton'

2018-09-05 18:22:45 - [MESSAGE][WARNING] - Timeout '0' is invalid. Using default page load timeout: '5'

2018-09-05 18:22:46 - [MESSAGE][PASSED] - Tapped on element 'Object Repository/ShopOpen/ChillerUtilization/ChillerAvailable/PorductCategoryActions_BackButton'

2018-09-05 18:22:46 - [TEST_STEP][PASSED] - verifyElementText: Actual text and expected text of test object 'Object Repository/ShopOpen/ChillerUtilization/ChillerAvailable/Validate_ChillerProductsCategoriesScreen' are matched.

2018-09-05 18:22:47 - [MESSAGE][PASSED] - Actual text and expected text of test object 'Object Repository/ShopOpen/ChillerUtilization/ChillerAvailable/Validate_ChillerProductsCategoriesScreen' are matched.

2018-09-05 18:22:47 - [MESSAGE][PASSED] - Call Test Case 'Test Cases/ShopOpen/ChillerUtilization/ChillerAvailable/VisitProductCategoryAssets' successfully

2018-09-05 18:22:47 - [TEST_CASE][PASSED] - Test Cases/ShopOpen/ChillerUtilization/ChillerAvailable/VisitProductCategoryAssets: Test Cases/ShopOpen/ChillerUtilization/ChillerAvailable/VisitProductCategoryAssets

2018-09-05 18:22:47 - [TEST_STEP][PASSED] - verifyElementText: Actual text and expected text of test object 'Object Repository/ShopOpen/ChillerUtilization/ChillerAvailable/Validate_ProductCategoryAssetScreen' are matched.

2018-09-05 18:22:50 - [MESSAGE][PASSED] - Actual text and expected text of test object 'Object Repository/ShopOpen/ChillerUtilization/ChillerAvailable/Validate_ProductCategoryAssetScreen' are matched.

2018-09-05 18:22:50 - [TEST_STEP][PASSED] - tap: Tapped on element 'Object Repository/ShopOpen/ChillerUtilization/ChillerAvailable/Facing'

2018-09-05 18:22:50 - [MESSAGE][WARNING] - Timeout '0' is invalid. Using default page load timeout: '5'

2018-09-05 18:22:50 - [MESSAGE][PASSED] - Tapped on element 'Object Repository/ShopOpen/ChillerUtilization/ChillerAvailable/Facing'

2018-09-05 18:22:50 - [TEST_STEP][PASSED] - verifyElementText: Actual text and expected text of test object 'Object Repository/ShopOpen/ChillerUtilization/ChillerAvailable/Validate_FacingScreen' are matched.

2018-09-05 18:22:52 - [MESSAGE][PASSED] - Actual text and expected text of test object 'Object Repository/ShopOpen/ChillerUtilization/ChillerAvailable/Validate_FacingScreen' are matched.

2018-09-05 18:22:52 - [TEST_STEP][PASSED] - com.ct.qa.keywords.ChillerProductsDataKeywords.visitChillerAvailableProductsData: com.ct.qa.keywords.ChillerProductsDataKeywords.visitChillerAvailableProductsData is PASSED

2018-09-05 18:22:56 - [MESSAGE][PASSED] - Keyboard is hidden

2018-09-05 18:22:59 - [MESSAGE][PASSED] - Keyboard is hidden

2018-09-05 18:23:02 - [MESSAGE][PASSED] - Keyboard is hidden

2018-09-05 18:23:05 - [MESSAGE][PASSED] - Keyboard is hidden

2018-09-05 18:23:08 - [MESSAGE][PASSED] - Keyboard is hidden

2018-09-05 18:23:11 - [MESSAGE][PASSED] - Keyboard is hidden

2018-09-05 18:23:15 - [MESSAGE][PASSED] - Swiped from 50,359 to 50,250

2018-09-05 18:23:18 - [MESSAGE][PASSED] - Keyboard is hidden

2018-09-05 18:23:19 - [MESSAGE][PASSED] - Swiped from 50,359 to 50,250

2018-09-05 18:23:23 - [MESSAGE][PASSED] - Keyboard is hidden

2018-09-05 18:23:25 - [MESSAGE][PASSED] - Swiped from 50,359 to 50,250

2018-09-05 18:23:28 - [MESSAGE][PASSED] - Keyboard is hidden

2018-09-05 18:23:30 - [MESSAGE][PASSED] - Swiped from 50,359 to 50,250

2018-09-05 18:23:33 - [MESSAGE][PASSED] - Keyboard is hidden

2018-09-05 18:23:35 - [MESSAGE][PASSED] - Swiped from 50,359 to 50,250

2018-09-05 18:23:38 - [MESSAGE][PASSED] - Keyboard is hidden

2018-09-05 18:23:40 - [MESSAGE][PASSED] - Swiped from 50,359 to 50,250

2018-09-05 18:23:43 - [MESSAGE][PASSED] - Keyboard is hidden

2018-09-05 18:23:44 - [MESSAGE][PASSED] - Swiped from 50,359 to 50,250

2018-09-05 18:23:46 - [MESSAGE][PASSED] - com.ct.qa.keywords.ChillerProductsDataKeywords.visitChillerAvailableProductsData is PASSED

2018-09-05 18:23:46 - [TEST_STEP][PASSED] - tap: Tapped on element 'Object Repository/ShopOpen/ChillerUtilization/ChillerAvailable/SubmitButton'

2018-09-05 18:23:46 - [MESSAGE][WARNING] - Timeout '0' is invalid. Using default page load timeout: '5'

2018-09-05 18:23:46 - [MESSAGE][PASSED] - Tapped on element 'Object Repository/ShopOpen/ChillerUtilization/ChillerAvailable/SubmitButton'

2018-09-05 18:23:46 - [TEST_STEP][PASSED] - verifyElementText: Actual text and expected text of test object 'Object Repository/ShopOpen/ChillerUtilization/ChillerAvailable/Validate_ProductCategoryAssetScreen' are matched.

2018-09-05 18:23:47 - [MESSAGE][PASSED] - Actual text and expected text of test object 'Object Repository/ShopOpen/ChillerUtilization/ChillerAvailable/Validate_ProductCategoryAssetScreen' are matched.

2018-09-05 18:23:47 - [TEST_STEP][PASSED] - tap: Tapped on element 'Object Repository/ShopOpen/ChillerUtilization/ChillerAvailable/Depth'

2018-09-05 18:23:47 - [MESSAGE][WARNING] - Timeout '0' is invalid. Using default page load timeout: '5'

2018-09-05 18:23:47 - [MESSAGE][PASSED] - Tapped on element 'Object Repository/ShopOpen/ChillerUtilization/ChillerAvailable/Depth'

2018-09-05 18:23:47 - [TEST_STEP][PASSED] - verifyElementText: Actual text and expected text of test object 'Object Repository/ShopOpen/ChillerUtilization/ChillerAvailable/Validate_DepthScreen' are matched.

2018-09-05 18:23:50 - [MESSAGE][PASSED] - Actual text and expected text of test object 'Object Repository/ShopOpen/ChillerUtilization/ChillerAvailable/Validate_DepthScreen' are matched.

2018-09-05 18:23:50 - [TEST_STEP][PASSED] - com.ct.qa.keywords.ChillerProductsDataKeywords.visitChillerAvailableProductsData: com.ct.qa.keywords.ChillerProductsDataKeywords.visitChillerAvailableProductsData is PASSED

2018-09-05 18:23:54 - [MESSAGE][PASSED] - Keyboard is hidden

2018-09-05 18:23:57 - [MESSAGE][PASSED] - Keyboard is hidden

2018-09-05 18:24:00 - [MESSAGE][PASSED] - Keyboard is hidden

2018-09-05 18:24:03 - [MESSAGE][PASSED] - Keyboard is hidden

2018-09-05 18:24:06 - [MESSAGE][PASSED] - Keyboard is hidden

2018-09-05 18:24:09 - [MESSAGE][PASSED] - Keyboard is hidden

2018-09-05 18:24:12 - [MESSAGE][PASSED] - Swiped from 50,359 to 50,250

2018-09-05 18:24:15 - [MESSAGE][PASSED] - Keyboard is hidden

2018-09-05 18:24:16 - [MESSAGE][PASSED] - Swiped from 50,359 to 50,250

2018-09-05 18:24:20 - [MESSAGE][PASSED] - Keyboard is hidden

2018-09-05 18:24:21 - [MESSAGE][PASSED] - Swiped from 50,359 to 50,250

2018-09-05 18:24:25 - [MESSAGE][PASSED] - Keyboard is hidden

2018-09-05 18:24:26 - [MESSAGE][PASSED] - Swiped from 50,359 to 50,250

2018-09-05 18:24:30 - [MESSAGE][PASSED] - Keyboard is hidden

2018-09-05 18:24:31 - [MESSAGE][PASSED] - Swiped from 50,359 to 50,250

2018-09-05 18:24:35 - [MESSAGE][PASSED] - Keyboard is hidden

2018-09-05 18:24:36 - [MESSAGE][PASSED] - Swiped from 50,359 to 50,250

2018-09-05 18:24:40 - [MESSAGE][PASSED] - Keyboard is hidden

2018-09-05 18:24:41 - [MESSAGE][PASSED] - Swiped from 50,359 to 50,250

2018-09-05 18:24:43 - [MESSAGE][PASSED] - com.ct.qa.keywords.ChillerProductsDataKeywords.visitChillerAvailableProductsData is PASSED

2018-09-05 18:24:43 - [TEST_STEP][PASSED] - tap: Tapped on element 'Object Repository/ShopOpen/ChillerUtilization/ChillerAvailable/SubmitButton'

2018-09-05 18:24:43 - [MESSAGE][WARNING] - Timeout '0' is invalid. Using default page load timeout: '5'

2018-09-05 18:24:43 - [MESSAGE][PASSED] - Tapped on element 'Object Repository/ShopOpen/ChillerUtilization/ChillerAvailable/SubmitButton'

2018-09-05 18:24:43 - [TEST_STEP][PASSED] - verifyElementText: Actual text and expected text of test object 'Object Repository/ShopOpen/ChillerUtilization/ChillerAvailable/Validate_ProductCategoryAssetScreen' are matched.

2018-09-05 18:24:44 - [MESSAGE][PASSED] - Actual text and expected text of test object 'Object Repository/ShopOpen/ChillerUtilization/ChillerAvailable/Validate_ProductCategoryAssetScreen' are matched.

2018-09-05 18:24:44 - [TEST_STEP][PASSED] - tap: Tapped on element 'Object Repository/ShopOpen/ChillerUtilization/ChillerAvailable/StockCount'

2018-09-05 18:24:44 - [MESSAGE][WARNING] - Timeout '0' is invalid. Using default page load timeout: '5'

2018-09-05 18:24:44 - [MESSAGE][PASSED] - Tapped on element 'Object Repository/ShopOpen/ChillerUtilization/ChillerAvailable/StockCount'

2018-09-05 18:24:44 - [TEST_STEP][PASSED] - verifyElementText: Actual text and expected text of test object 'Object Repository/ShopOpen/ChillerUtilization/ChillerAvailable/Validate_StockCountScreen' are matched.

2018-09-05 18:24:47 - [MESSAGE][PASSED] - Actual text and expected text of test object 'Object Repository/ShopOpen/ChillerUtilization/ChillerAvailable/Validate_StockCountScreen' are matched.

2018-09-05 18:24:47 - [TEST_STEP][PASSED] - com.ct.qa.keywords.ChillerProductsDataKeywords.visitChillerAvailableProductsData: com.ct.qa.keywords.ChillerProductsDataKeywords.visitChillerAvailableProductsData is PASSED

2018-09-05 18:24:51 - [MESSAGE][PASSED] - Keyboard is hidden

2018-09-05 18:24:54 - [MESSAGE][PASSED] - Keyboard is hidden

2018-09-05 18:24:57 - [MESSAGE][PASSED] - Keyboard is hidden

2018-09-05 18:25:00 - [MESSAGE][PASSED] - Keyboard is hidden

2018-09-05 18:25:03 - [MESSAGE][PASSED] - Keyboard is hidden

2018-09-05 18:25:06 - [MESSAGE][PASSED] - Keyboard is hidden

2018-09-05 18:25:09 - [MESSAGE][PASSED] - Swiped from 50,359 to 50,250

2018-09-05 18:25:12 - [MESSAGE][PASSED] - Keyboard is hidden

2018-09-05 18:25:13 - [MESSAGE][PASSED] - Swiped from 50,359 to 50,250

2018-09-05 18:25:17 - [MESSAGE][PASSED] - Keyboard is hidden

2018-09-05 18:25:18 - [MESSAGE][PASSED] - Swiped from 50,359 to 50,250

2018-09-05 18:25:22 - [MESSAGE][PASSED] - Keyboard is hidden

2018-09-05 18:25:23 - [MESSAGE][PASSED] - Swiped from 50,359 to 50,250

2018-09-05 18:25:27 - [MESSAGE][PASSED] - Keyboard is hidden

2018-09-05 18:25:28 - [MESSAGE][PASSED] - Swiped from 50,359 to 50,250

2018-09-05 18:25:32 - [MESSAGE][PASSED] - Keyboard is hidden

2018-09-05 18:25:33 - [MESSAGE][PASSED] - Swiped from 50,359 to 50,250

2018-09-05 18:25:37 - [MESSAGE][PASSED] - Keyboard is hidden

2018-09-05 18:25:38 - [MESSAGE][PASSED] - Swiped from 50,359 to 50,250

2018-09-05 18:25:40 - [MESSAGE][PASSED] - com.ct.qa.keywords.ChillerProductsDataKeywords.visitChillerAvailableProductsData is PASSED

2018-09-05 18:25:40 - [TEST_STEP][PASSED] - tap: Tapped on element 'Object Repository/ShopOpen/ChillerUtilization/ChillerAvailable/SubmitButton'

2018-09-05 18:25:40 - [MESSAGE][WARNING] - Timeout '0' is invalid. Using default page load timeout: '5'

2018-09-05 18:25:40 - [MESSAGE][PASSED] - Tapped on element 'Object Repository/ShopOpen/ChillerUtilization/ChillerAvailable/SubmitButton'

2018-09-05 18:25:40 - [TEST_STEP][PASSED] - verifyElementText: Actual text and expected text of test object 'Object Repository/ShopOpen/ChillerUtilization/ChillerAvailable/Validate_ProductCategoryAssetScreen' are matched.

2018-09-05 18:25:41 - [MESSAGE][PASSED] - Actual text and expected text of test object 'Object Repository/ShopOpen/ChillerUtilization/ChillerAvailable/Validate_ProductCategoryAssetScreen' are matched.

2018-09-05 18:25:41 - [TEST_STEP][PASSED] - tap: Tapped on element 'Object Repository/ShopOpen/ChillerUtilization/ChillerAvailable/PorductCategoryActions_BackButton'

2018-09-05 18:25:41 - [MESSAGE][WARNING] - Timeout '0' is invalid. Using default page load timeout: '5'

2018-09-05 18:25:41 - [MESSAGE][PASSED] - Tapped on element 'Object Repository/ShopOpen/ChillerUtilization/ChillerAvailable/PorductCategoryActions_BackButton'

2018-09-05 18:25:41 - [TEST_STEP][PASSED] - verifyElementText: Actual text and expected text of test object 'Object Repository/ShopOpen/ChillerUtilization/ChillerAvailable/Validate_ChillerProductsCategoriesScreen' are matched.

2018-09-05 18:25:42 - [MESSAGE][PASSED] - Actual text and expected text of test object 'Object Repository/ShopOpen/ChillerUtilization/ChillerAvailable/Validate_ChillerProductsCategoriesScreen' are matched.

2018-09-05 18:25:42 - [MESSAGE][PASSED] - Call Test Case 'Test Cases/ShopOpen/ChillerUtilization/ChillerAvailable/VisitProductCategoryAssets' successfully

2018-09-05 18:25:43 - [TEST_CASE][PASSED] - Test Cases/ShopOpen/ChillerUtilization/ChillerAvailable/VisitProductCategoryAssets: Test Cases/ShopOpen/ChillerUtilization/ChillerAvailable/VisitProductCategoryAssets

2018-09-05 18:25:43 - [TEST_STEP][PASSED] - verifyElementText: Actual text and expected text of test object 'Object Repository/ShopOpen/ChillerUtilization/ChillerAvailable/Validate_ProductCategoryAssetScreen' are matched.

2018-09-05 18:25:45 - [MESSAGE][PASSED] - Actual text and expected text of test object 'Object Repository/ShopOpen/ChillerUtilization/ChillerAvailable/Validate_ProductCategoryAssetScreen' are matched.

2018-09-05 18:25:45 - [TEST_STEP][PASSED] - tap: Tapped on element 'Object Repository/ShopOpen/ChillerUtilization/ChillerAvailable/Facing'

2018-09-05 18:25:45 - [MESSAGE][WARNING] - Timeout '0' is invalid. Using default page load timeout: '5'

2018-09-05 18:25:45 - [MESSAGE][PASSED] - Tapped on element 'Object Repository/ShopOpen/ChillerUtilization/ChillerAvailable/Facing'

2018-09-05 18:25:45 - [TEST_STEP][PASSED] - verifyElementText: Actual text and expected text of test object 'Object Repository/ShopOpen/ChillerUtilization/ChillerAvailable/Validate_FacingScreen' are matched.

2018-09-05 18:25:47 - [MESSAGE][PASSED] - Actual text and expected text of test object 'Object Repository/ShopOpen/ChillerUtilization/ChillerAvailable/Validate_FacingScreen' are matched.

2018-09-05 18:25:47 - [TEST_STEP][PASSED] - com.ct.qa.keywords.ChillerProductsDataKeywords.visitChillerAvailableProductsData: com.ct.qa.keywords.ChillerProductsDataKeywords.visitChillerAvailableProductsData is PASSED

2018-09-05 18:25:50 - [MESSAGE][PASSED] - Keyboard is hidden

2018-09-05 18:25:53 - [MESSAGE][PASSED] - Keyboard is hidden

2018-09-05 18:25:54 - [MESSAGE][PASSED] - com.ct.qa.keywords.ChillerProductsDataKeywords.visitChillerAvailableProductsData is PASSED

2018-09-05 18:25:54 - [TEST_STEP][PASSED] - tap: Tapped on element 'Object Repository/ShopOpen/ChillerUtilization/ChillerAvailable/SubmitButton'

2018-09-05 18:25:54 - [MESSAGE][WARNING] - Timeout '0' is invalid. Using default page load timeout: '5'

2018-09-05 18:25:55 - [MESSAGE][PASSED] - Tapped on element 'Object Repository/ShopOpen/ChillerUtilization/ChillerAvailable/SubmitButton'

2018-09-05 18:25:55 - [TEST_STEP][PASSED] - verifyElementText: Actual text and expected text of test object 'Object Repository/ShopOpen/ChillerUtilization/ChillerAvailable/Validate_ProductCategoryAssetScreen' are matched.

2018-09-05 18:25:56 - [MESSAGE][PASSED] - Actual text and expected text of test object 'Object Repository/ShopOpen/ChillerUtilization/ChillerAvailable/Validate_ProductCategoryAssetScreen' are matched.

2018-09-05 18:25:56 - [TEST_STEP][PASSED] - tap: Tapped on element 'Object Repository/ShopOpen/ChillerUtilization/ChillerAvailable/Depth'

2018-09-05 18:25:56 - [MESSAGE][WARNING] - Timeout '0' is invalid. Using default page load timeout: '5'

2018-09-05 18:25:56 - [MESSAGE][PASSED] - Tapped on element 'Object Repository/ShopOpen/ChillerUtilization/ChillerAvailable/Depth'

2018-09-05 18:25:56 - [TEST_STEP][PASSED] - verifyElementText: Actual text and expected text of test object 'Object Repository/ShopOpen/ChillerUtilization/ChillerAvailable/Validate_DepthScreen' are matched.

2018-09-05 18:25:58 - [MESSAGE][PASSED] - Actual text and expected text of test object 'Object Repository/ShopOpen/ChillerUtilization/ChillerAvailable/Validate_DepthScreen' are matched.

2018-09-05 18:25:58 - [TEST_STEP][PASSED] - com.ct.qa.keywords.ChillerProductsDataKeywords.visitChillerAvailableProductsData: com.ct.qa.keywords.ChillerProductsDataKeywords.visitChillerAvailableProductsData is PASSED

2018-09-05 18:26:02 - [MESSAGE][PASSED] - Keyboard is hidden

2018-09-05 18:26:05 - [MESSAGE][PASSED] - Keyboard is hidden

2018-09-05 18:26:06 - [MESSAGE][PASSED] - com.ct.qa.keywords.ChillerProductsDataKeywords.visitChillerAvailableProductsData is PASSED

2018-09-05 18:26:06 - [TEST_STEP][PASSED] - tap: Tapped on element 'Object Repository/ShopOpen/ChillerUtilization/ChillerAvailable/SubmitButton'

2018-09-05 18:26:06 - [MESSAGE][WARNING] - Timeout '0' is invalid. Using default page load timeout: '5'

2018-09-05 18:26:07 - [MESSAGE][PASSED] - Tapped on element 'Object Repository/ShopOpen/ChillerUtilization/ChillerAvailable/SubmitButton'

2018-09-05 18:26:07 - [TEST_STEP][PASSED] - verifyElementText: Actual text and expected text of test object 'Object Repository/ShopOpen/ChillerUtilization/ChillerAvailable/Validate_ProductCategoryAssetScreen' are matched.

2018-09-05 18:26:08 - [MESSAGE][PASSED] - Actual text and expected text of test object 'Object Repository/ShopOpen/ChillerUtilization/ChillerAvailable/Validate_ProductCategoryAssetScreen' are matched.

2018-09-05 18:26:08 - [TEST_STEP][PASSED] - tap: Tapped on element 'Object Repository/ShopOpen/ChillerUtilization/ChillerAvailable/StockCount'

2018-09-05 18:26:08 - [MESSAGE][WARNING] - Timeout '0' is invalid. Using default page load timeout: '5'

2018-09-05 18:26:08 - [MESSAGE][PASSED] - Tapped on element 'Object Repository/ShopOpen/ChillerUtilization/ChillerAvailable/StockCount'

2018-09-05 18:26:08 - [TEST_STEP][PASSED] - verifyElementText: Actual text and expected text of test object 'Object Repository/ShopOpen/ChillerUtilization/ChillerAvailable/Validate_StockCountScreen' are matched.

2018-09-05 18:26:10 - [MESSAGE][PASSED] - Actual text and expected text of test object 'Object Repository/ShopOpen/ChillerUtilization/ChillerAvailable/Validate_StockCountScreen' are matched.

2018-09-05 18:26:10 - [TEST_STEP][PASSED] - com.ct.qa.keywords.ChillerProductsDataKeywords.visitChillerAvailableProductsData: com.ct.qa.keywords.ChillerProductsDataKeywords.visitChillerAvailableProductsData is PASSED

2018-09-05 18:26:14 - [MESSAGE][PASSED] - Keyboard is hidden

2018-09-05 18:26:17 - [MESSAGE][PASSED] - Keyboard is hidden

2018-09-05 18:26:18 - [MESSAGE][PASSED] - com.ct.qa.keywords.ChillerProductsDataKeywords.visitChillerAvailableProductsData is PASSED

2018-09-05 18:26:18 - [TEST_STEP][PASSED] - tap: Tapped on element 'Object Repository/ShopOpen/ChillerUtilization/ChillerAvailable/SubmitButton'

2018-09-05 18:26:18 - [MESSAGE][WARNING] - Timeout '0' is invalid. Using default page load timeout: '5'

2018-09-05 18:26:18 - [MESSAGE][PASSED] - Tapped on element 'Object Repository/ShopOpen/ChillerUtilization/ChillerAvailable/SubmitButton'

2018-09-05 18:26:18 - [TEST_STEP][PASSED] - verifyElementText: Actual text and expected text of test object 'Object Repository/ShopOpen/ChillerUtilization/ChillerAvailable/Validate_ProductCategoryAssetScreen' are matched.

2018-09-05 18:26:19 - [MESSAGE][PASSED] - Actual text and expected text of test object 'Object Repository/ShopOpen/ChillerUtilization/ChillerAvailable/Validate_ProductCategoryAssetScreen' are matched.

2018-09-05 18:26:19 - [TEST_STEP][PASSED] - tap: Tapped on element 'Object Repository/ShopOpen/ChillerUtilization/ChillerAvailable/PorductCategoryActions_BackButton'

2018-09-05 18:26:19 - [MESSAGE][WARNING] - Timeout '0' is invalid. Using default page load timeout: '5'

2018-09-05 18:26:20 - [MESSAGE][PASSED] - Tapped on element 'Object Repository/ShopOpen/ChillerUtilization/ChillerAvailable/PorductCategoryActions_BackButton'

2018-09-05 18:26:20 - [TEST_STEP][PASSED] - verifyElementText: Actual text and expected text of test object 'Object Repository/ShopOpen/ChillerUtilization/ChillerAvailable/Validate_ChillerProductsCategoriesScreen' are matched.

2018-09-05 18:26:21 - [MESSAGE][PASSED] - Actual text and expected text of test object 'Object Repository/ShopOpen/ChillerUtilization/ChillerAvailable/Validate_ChillerProductsCategoriesScreen' are matched.

2018-09-05 18:26:21 - [MESSAGE][PASSED] - Call Test Case 'Test Cases/ShopOpen/ChillerUtilization/ChillerAvailable/VisitProductCategoryAssets' successfully

2018-09-05 18:26:22 - [TEST_CASE][PASSED] - Test Cases/ShopOpen/ChillerUtilization/ChillerAvailable/VisitProductCategoryAssets: Test Cases/ShopOpen/ChillerUtilization/ChillerAvailable/VisitProductCategoryAssets

2018-09-05 18:26:22 - [TEST_STEP][PASSED] - verifyElementText: Actual text and expected text of test object 'Object Repository/ShopOpen/ChillerUtilization/ChillerAvailable/Validate_ProductCategoryAssetScreen' are matched.

2018-09-05 18:26:24 - [MESSAGE][PASSED] - Actual text and expected text of test object 'Object Repository/ShopOpen/ChillerUtilization/ChillerAvailable/Validate_ProductCategoryAssetScreen' are matched.

2018-09-05 18:26:24 - [TEST_STEP][PASSED] - tap: Tapped on element 'Object Repository/ShopOpen/ChillerUtilization/ChillerAvailable/Facing'

2018-09-05 18:26:24 - [MESSAGE][WARNING] - Timeout '0' is invalid. Using default page load timeout: '5'

2018-09-05 18:26:24 - [MESSAGE][PASSED] - Tapped on element 'Object Repository/ShopOpen/ChillerUtilization/ChillerAvailable/Facing'

2018-09-05 18:26:24 - [TEST_STEP][PASSED] - verifyElementText: Actual text and expected text of test object 'Object Repository/ShopOpen/ChillerUtilization/ChillerAvailable/Validate_FacingScreen' are matched.

2018-09-05 18:26:26 - [MESSAGE][PASSED] - Actual text and expected text of test object 'Object Repository/ShopOpen/ChillerUtilization/ChillerAvailable/Validate_FacingScreen' are matched.

2018-09-05 18:26:26 - [TEST_STEP][PASSED] - com.ct.qa.keywords.ChillerProductsDataKeywords.visitChillerAvailableProductsData: com.ct.qa.keywords.ChillerProductsDataKeywords.visitChillerAvailableProductsData is PASSED

2018-09-05 18:26:31 - [MESSAGE][PASSED] - Keyboard is hidden

2018-09-05 18:26:34 - [MESSAGE][PASSED] - Keyboard is hidden

2018-09-05 18:26:37 - [MESSAGE][PASSED] - Keyboard is hidden

2018-09-05 18:26:40 - [MESSAGE][PASSED] - Keyboard is hidden

2018-09-05 18:26:43 - [MESSAGE][PASSED] - Keyboard is hidden

2018-09-05 18:26:46 - [MESSAGE][PASSED] - Keyboard is hidden

2018-09-05 18:26:50 - [MESSAGE][PASSED] - Swiped from 23,359 to 23,250

2018-09-05 18:26:51 - [MESSAGE][PASSED] - com.ct.qa.keywords.ChillerProductsDataKeywords.visitChillerAvailableProductsData is PASSED

2018-09-05 18:26:51 - [TEST_STEP][PASSED] - tap: Tapped on element 'Object Repository/ShopOpen/ChillerUtilization/ChillerAvailable/SubmitButton'

2018-09-05 18:26:51 - [MESSAGE][WARNING] - Timeout '0' is invalid. Using default page load timeout: '5'

2018-09-05 18:26:51 - [MESSAGE][PASSED] - Tapped on element 'Object Repository/ShopOpen/ChillerUtilization/ChillerAvailable/SubmitButton'

2018-09-05 18:26:51 - [TEST_STEP][PASSED] - verifyElementText: Actual text and expected text of test object 'Object Repository/ShopOpen/ChillerUtilization/ChillerAvailable/Validate_ProductCategoryAssetScreen' are matched.

2018-09-05 18:26:52 - [MESSAGE][PASSED] - Actual text and expected text of test object 'Object Repository/ShopOpen/ChillerUtilization/ChillerAvailable/Validate_ProductCategoryAssetScreen' are matched.

2018-09-05 18:26:52 - [TEST_STEP][PASSED] - tap: Tapped on element 'Object Repository/ShopOpen/ChillerUtilization/ChillerAvailable/Depth'

2018-09-05 18:26:52 - [MESSAGE][WARNING] - Timeout '0' is invalid. Using default page load timeout: '5'

2018-09-05 18:26:52 - [MESSAGE][PASSED] - Tapped on element 'Object Repository/ShopOpen/ChillerUtilization/ChillerAvailable/Depth'

2018-09-05 18:26:52 - [TEST_STEP][PASSED] - verifyElementText: Actual text and expected text of test object 'Object Repository/ShopOpen/ChillerUtilization/ChillerAvailable/Validate_DepthScreen' are matched.

2018-09-05 18:26:54 - [MESSAGE][PASSED] - Actual text and expected text of test object 'Object Repository/ShopOpen/ChillerUtilization/ChillerAvailable/Validate_DepthScreen' are matched.

2018-09-05 18:26:54 - [TEST_STEP][PASSED] - com.ct.qa.keywords.ChillerProductsDataKeywords.visitChillerAvailableProductsData: com.ct.qa.keywords.ChillerProductsDataKeywords.visitChillerAvailableProductsData is PASSED

2018-09-05 18:26:58 - [MESSAGE][PASSED] - Keyboard is hidden

2018-09-05 18:27:01 - [MESSAGE][PASSED] - Keyboard is hidden

2018-09-05 18:27:04 - [MESSAGE][PASSED] - Keyboard is hidden

2018-09-05 18:27:07 - [MESSAGE][PASSED] - Keyboard is hidden

2018-09-05 18:27:10 - [MESSAGE][PASSED] - Keyboard is hidden

2018-09-05 18:27:13 - [MESSAGE][PASSED] - Keyboard is hidden

2018-09-05 18:27:16 - [MESSAGE][PASSED] - Swiped from 23,359 to 23,250

2018-09-05 18:27:18 - [MESSAGE][PASSED] - com.ct.qa.keywords.ChillerProductsDataKeywords.visitChillerAvailableProductsData is PASSED

2018-09-05 18:27:18 - [TEST_STEP][PASSED] - tap: Tapped on element 'Object Repository/ShopOpen/ChillerUtilization/ChillerAvailable/SubmitButton'

2018-09-05 18:27:18 - [MESSAGE][WARNING] - Timeout '0' is invalid. Using default page load timeout: '5'

2018-09-05 18:27:18 - [MESSAGE][PASSED] - Tapped on element 'Object Repository/ShopOpen/ChillerUtilization/ChillerAvailable/SubmitButton'

2018-09-05 18:27:18 - [TEST_STEP][PASSED] - verifyElementText: Actual text and expected text of test object 'Object Repository/ShopOpen/ChillerUtilization/ChillerAvailable/Validate_ProductCategoryAssetScreen' are matched.

2018-09-05 18:27:19 - [MESSAGE][PASSED] - Actual text and expected text of test object 'Object Repository/ShopOpen/ChillerUtilization/ChillerAvailable/Validate_ProductCategoryAssetScreen' are matched.

2018-09-05 18:27:19 - [TEST_STEP][PASSED] - tap: Tapped on element 'Object Repository/ShopOpen/ChillerUtilization/ChillerAvailable/StockCount'

2018-09-05 18:27:19 - [MESSAGE][WARNING] - Timeout '0' is invalid. Using default page load timeout: '5'

2018-09-05 18:27:20 - [MESSAGE][PASSED] - Tapped on element 'Object Repository/ShopOpen/ChillerUtilization/ChillerAvailable/StockCount'

2018-09-05 18:27:20 - [TEST_STEP][PASSED] - verifyElementText: Actual text and expected text of test object 'Object Repository/ShopOpen/ChillerUtilization/ChillerAvailable/Validate_StockCountScreen' are matched.

2018-09-05 18:27:22 - [MESSAGE][PASSED] - Actual text and expected text of test object 'Object Repository/ShopOpen/ChillerUtilization/ChillerAvailable/Validate_StockCountScreen' are matched.

2018-09-05 18:27:22 - [TEST_STEP][PASSED] - com.ct.qa.keywords.ChillerProductsDataKeywords.visitChillerAvailableProductsData: com.ct.qa.keywords.ChillerProductsDataKeywords.visitChillerAvailableProductsData is PASSED

2018-09-05 18:27:26 - [MESSAGE][PASSED] - Keyboard is hidden

2018-09-05 18:27:29 - [MESSAGE][PASSED] - Keyboard is hidden

2018-09-05 18:27:32 - [MESSAGE][PASSED] - Keyboard is hidden

2018-09-05 18:27:35 - [MESSAGE][PASSED] - Keyboard is hidden

2018-09-05 18:27:38 - [MESSAGE][PASSED] - Keyboard is hidden

2018-09-05 18:27:41 - [MESSAGE][PASSED] - Keyboard is hidden

2018-09-05 18:27:44 - [MESSAGE][PASSED] - Swiped from 23,359 to 23,250

2018-09-05 18:27:46 - [MESSAGE][PASSED] - com.ct.qa.keywords.ChillerProductsDataKeywords.visitChillerAvailableProductsData is PASSED

2018-09-05 18:27:46 - [TEST_STEP][PASSED] - tap: Tapped on element 'Object Repository/ShopOpen/ChillerUtilization/ChillerAvailable/SubmitButton'

2018-09-05 18:27:46 - [MESSAGE][WARNING] - Timeout '0' is invalid. Using default page load timeout: '5'

2018-09-05 18:27:46 - [MESSAGE][PASSED] - Tapped on element 'Object Repository/ShopOpen/ChillerUtilization/ChillerAvailable/SubmitButton'

2018-09-05 18:27:46 - [TEST_STEP][PASSED] - verifyElementText: Actual text and expected text of test object 'Object Repository/ShopOpen/ChillerUtilization/ChillerAvailable/Validate_ProductCategoryAssetScreen' are matched.

2018-09-05 18:27:47 - [MESSAGE][PASSED] - Actual text and expected text of test object 'Object Repository/ShopOpen/ChillerUtilization/ChillerAvailable/Validate_ProductCategoryAssetScreen' are matched.

2018-09-05 18:27:47 - [TEST_STEP][PASSED] - tap: Tapped on element 'Object Repository/ShopOpen/ChillerUtilization/ChillerAvailable/PorductCategoryActions_BackButton'

2018-09-05 18:27:47 - [MESSAGE][WARNING] - Timeout '0' is invalid. Using default page load timeout: '5'

2018-09-05 18:27:48 - [MESSAGE][PASSED] - Tapped on element 'Object Repository/ShopOpen/ChillerUtilization/ChillerAvailable/PorductCategoryActions_BackButton'

2018-09-05 18:27:48 - [TEST_STEP][PASSED] - verifyElementText: Actual text and expected text of test object 'Object Repository/ShopOpen/ChillerUtilization/ChillerAvailable/Validate_ChillerProductsCategoriesScreen' are matched.

2018-09-05 18:27:49 - [MESSAGE][PASSED] - Actual text and expected text of test object 'Object Repository/ShopOpen/ChillerUtilization/ChillerAvailable/Validate_ChillerProductsCategoriesScreen' are matched.

2018-09-05 18:27:49 - [MESSAGE][PASSED] - Call Test Case 'Test Cases/ShopOpen/ChillerUtilization/ChillerAvailable/VisitProductCategoryAssets' successfully

2018-09-05 18:27:49 - [MESSAGE][PASSED] - com.ct.qa.keywords.ChillerProductsDataKeywords.visitChillerAvailableProductCategories is PASSED

2018-09-05 18:27:49 - [TEST_STEP][PASSED] - tap: Tapped on element 'Object Repository/ShopOpen/ChillerUtilization/ChillerAvailable/ChillerProductsCategories_Planogram_ImageView'

2018-09-05 18:27:49 - [MESSAGE][WARNING] - Timeout '0' is invalid. Using default page load timeout: '5'

2018-09-05 18:27:49 - [MESSAGE][PASSED] - Tapped on element 'Object Repository/ShopOpen/ChillerUtilization/ChillerAvailable/ChillerProductsCategories_Planogram_ImageView'

2018-09-05 18:27:49 - [TEST_STEP][PASSED] - com.ct.qa.keywords.CommonKeywords.checkPlanogramAvailability: com.ct.qa.keywords.CommonKeywords.checkPlanogramAvailability is PASSED

2018-09-05 18:27:49 - [MESSAGE][WARNING] - Timeout '0' is invalid. Using default page load timeout: '5'

2018-09-05 18:27:55 - [MESSAGE][WARNING] - Object Object Repository/CommonScreenElements/InfoPopUp_OKButton not found
[[ATTACHMENT|F:\\Git Projects\\MMAPlus_Merchandising\\MMAPlus_Merchandising\\Reports\\MMA Plus Merchandising With Category Level(Chiller Utilization) Overwrite Scenarios\\20180905_180640\\1536154074651.png]]

2018-09-05 18:27:55 - [MESSAGE][PASSED] - com.ct.qa.keywords.CommonKeywords.checkPlanogramAvailability is PASSED

2018-09-05 18:27:55 - [TEST_STEP][PASSED] - com.ct.qa.keywords.CommonKeywords.closePlanogram: com.ct.qa.keywords.CommonKeywords.closePlanogram is PASSED

2018-09-05 18:27:56 - [MESSAGE][PASSED] - com.ct.qa.keywords.CommonKeywords.closePlanogram is PASSED

2018-09-05 18:27:56 - [TEST_STEP][PASSED] - verifyElementText: Actual text and expected text of test object 'Object Repository/ShopOpen/ChillerUtilization/ChillerAvailable/Validate_ChillerProductsCategoriesScreen' are matched.

2018-09-05 18:27:57 - [MESSAGE][PASSED] - Actual text and expected text of test object 'Object Repository/ShopOpen/ChillerUtilization/ChillerAvailable/Validate_ChillerProductsCategoriesScreen' are matched.

2018-09-05 18:27:57 - [TEST_STEP][PASSED] - com.ct.qa.keywords.CommonKeywords.findPictureImageView: com.ct.qa.keywords.CommonKeywords.findPictureImageView is PASSED

2018-09-05 18:27:57 - [MESSAGE][PASSED] - com.ct.qa.keywords.CommonKeywords.findPictureImageView is PASSED

2018-09-05 18:27:57 - [TEST_STEP][PASSED] - verifyElementText: Actual text and expected text of test object 'Object Repository/ShopOpen/ChillerUtilization/ChillerAvailable/Validate_ChillerProductsCategoriesScreen' are matched.

2018-09-05 18:27:58 - [MESSAGE][PASSED] - Actual text and expected text of test object 'Object Repository/ShopOpen/ChillerUtilization/ChillerAvailable/Validate_ChillerProductsCategoriesScreen' are matched.

2018-09-05 18:27:58 - [TEST_STEP][PASSED] - tap: Tapped on element 'Object Repository/ShopOpen/ChillerUtilization/ChillerAvailable/ChillerProductsCategories_BackButton'

2018-09-05 18:27:58 - [MESSAGE][WARNING] - Timeout '0' is invalid. Using default page load timeout: '5'

2018-09-05 18:27:59 - [MESSAGE][PASSED] - Tapped on element 'Object Repository/ShopOpen/ChillerUtilization/ChillerAvailable/ChillerProductsCategories_BackButton'

2018-09-05 18:27:59 - [TEST_STEP][PASSED] - verifyElementText: Actual text and expected text of test object 'Object Repository/ShopOpen/ChillerUtilization/Validate_ChillerUtilizationScreen' are matched.

2018-09-05 18:28:00 - [MESSAGE][PASSED] - Actual text and expected text of test object 'Object Repository/ShopOpen/ChillerUtilization/Validate_ChillerUtilizationScreen' are matched.

2018-09-05 18:28:00 - [MESSAGE][PASSED] - Call Test Case 'Test Cases/ShopOpen/ChillerUtilization/ChillerAvailable/VisitChillerAvailable' successfully

2018-09-05 18:28:00 - [MESSAGE][PASSED] - com.ct.qa.keywords.ChillerVisitingScenariosKeywords.visitChillersTaggedinChillerUtilizationWithSingleRemark is PASSED

2018-09-05 18:28:00 - [TEST_STEP][PASSED] - tap: Tapped on element 'Object Repository/ShopOpen/ChillerUtilization/ChillerUtilization_backButton'

2018-09-05 18:28:00 - [MESSAGE][WARNING] - Timeout '0' is invalid. Using default page load timeout: '5'

2018-09-05 18:28:00 - [MESSAGE][PASSED] - Tapped on element 'Object Repository/ShopOpen/ChillerUtilization/ChillerUtilization_backButton'

2018-09-05 18:28:00 - [TEST_STEP][PASSED] - verifyElementExist: Element 'Object Repository/ShopOpen/Validate_ShopCategoriesListScreen' is exist

2018-09-05 18:28:00 - [MESSAGE][WARNING] - Timeout '0' is invalid. Using default page load timeout: '5'

2018-09-05 18:28:03 - [MESSAGE][PASSED] - Element 'Object Repository/ShopOpen/Validate_ShopCategoriesListScreen' is exist

2018-09-05 18:28:03 - [MESSAGE][PASSED] - Call Test Case 'Test Cases/ShopOpen/ChillerUtilization/VisitChillerScenarios/VisitChillerUtilizationWith_ChillerAvailable' successfully

2018-09-05 18:28:03 - [MESSAGE][WARNING] - Timeout '0' is invalid. Using default page load timeout: '5'

2018-09-05 18:28:04 - [MESSAGE][PASSED] - Element 'Object Repository/CommonScreenElements/Validate_InfoPopUP' is exist

2018-09-05 18:28:04 - [MESSAGE][WARNING] - Timeout '-20' is invalid. Using default page load timeout: '5'

2018-09-05 18:28:05 - [MESSAGE][PASSED] - Tapped on element 'Object Repository/CommonScreenElements/InfoPopUp_YesButton'

2018-09-05 18:28:05 - [TEST_CASE][PASSED] - Test Cases/ShopOpen/RemainingCategories/VisitRemainingCategoriesWithDSA: Test Cases/ShopOpen/RemainingCategories/VisitRemainingCategoriesWithDSA

2018-09-05 18:28:06 - [TEST_STEP][PASSED] - verifyElementText: Actual text and expected text of test object 'Object Repository/ShopOpen/RemainingCategories/Validate_RemainingCategoriesDetailScreen' are matched.

2018-09-05 18:28:06 - [MESSAGE][PASSED] - Actual text and expected text of test object 'Object Repository/ShopOpen/RemainingCategories/Validate_RemainingCategoriesDetailScreen' are matched.

2018-09-05 18:28:06 - [TEST_STEP][PASSED] - tap: Tapped on element 'Object Repository/ShopOpen/RemainingCategories/DisplaySpaceAvailable'

2018-09-05 18:28:06 - [MESSAGE][WARNING] - Timeout '0' is invalid. Using default page load timeout: '5'

2018-09-05 18:28:07 - [MESSAGE][PASSED] - Tapped on element 'Object Repository/ShopOpen/RemainingCategories/DisplaySpaceAvailable'

2018-09-05 18:28:07 - [TEST_STEP][PASSED] - verifyElementText: Actual text and expected text of test object 'Object Repository/ShopOpen/RemainingCategories/Validate_ProductCategoryAssetScreen' are matched.

2018-09-05 18:28:09 - [MESSAGE][PASSED] - Actual text and expected text of test object 'Object Repository/ShopOpen/RemainingCategories/Validate_ProductCategoryAssetScreen' are matched.

2018-09-05 18:28:09 - [TEST_STEP][PASSED] - tap: Tapped on element 'Object Repository/ShopOpen/RemainingCategories/Facing'

2018-09-05 18:28:09 - [MESSAGE][WARNING] - Timeout '0' is invalid. Using default page load timeout: '5'

2018-09-05 18:28:09 - [MESSAGE][PASSED] - Tapped on element 'Object Repository/ShopOpen/RemainingCategories/Facing'

2018-09-05 18:28:09 - [TEST_STEP][PASSED] - verifyElementText: Actual text and expected text of test object 'Object Repository/ShopOpen/RemainingCategories/Validate_FacingScreen' are matched.

2018-09-05 18:28:11 - [MESSAGE][PASSED] - Actual text and expected text of test object 'Object Repository/ShopOpen/RemainingCategories/Validate_FacingScreen' are matched.

2018-09-05 18:28:11 - [TEST_STEP][PASSED] - com.ct.qa.keywords.ChannelProductsDataKeywords.visitChannelWiseProductsData: com.ct.qa.keywords.ChannelProductsDataKeywords.visitChannelWiseProductsData is PASSED

2018-09-05 18:28:16 - [MESSAGE][PASSED] - Keyboard is hidden

2018-09-05 18:28:19 - [MESSAGE][PASSED] - Keyboard is hidden

2018-09-05 18:28:22 - [MESSAGE][PASSED] - Keyboard is hidden

2018-09-05 18:28:25 - [MESSAGE][PASSED] - Keyboard is hidden

2018-09-05 18:28:28 - [MESSAGE][PASSED] - Keyboard is hidden

2018-09-05 18:28:31 - [MESSAGE][PASSED] - Keyboard is hidden

2018-09-05 18:28:34 - [MESSAGE][PASSED] - Swiped from 114,359 to 114,250

2018-09-05 18:28:36 - [MESSAGE][PASSED] - com.ct.qa.keywords.ChannelProductsDataKeywords.visitChannelWiseProductsData is PASSED

2018-09-05 18:28:36 - [TEST_STEP][PASSED] - tap: Tapped on element 'Object Repository/ShopOpen/RemainingCategories/SubmitButton'

2018-09-05 18:28:36 - [MESSAGE][WARNING] - Timeout '0' is invalid. Using default page load timeout: '5'

2018-09-05 18:28:36 - [MESSAGE][PASSED] - Tapped on element 'Object Repository/ShopOpen/RemainingCategories/SubmitButton'

2018-09-05 18:28:36 - [TEST_STEP][PASSED] - verifyElementText: Actual text and expected text of test object 'Object Repository/ShopOpen/RemainingCategories/Validate_ProductCategoryAssetScreen' are matched.

2018-09-05 18:28:37 - [MESSAGE][PASSED] - Actual text and expected text of test object 'Object Repository/ShopOpen/RemainingCategories/Validate_ProductCategoryAssetScreen' are matched.

2018-09-05 18:28:37 - [TEST_STEP][PASSED] - tap: Tapped on element 'Object Repository/ShopOpen/RemainingCategories/StockTaking'

2018-09-05 18:28:37 - [MESSAGE][WARNING] - Timeout '0' is invalid. Using default page load timeout: '5'

2018-09-05 18:28:38 - [MESSAGE][PASSED] - Tapped on element 'Object Repository/ShopOpen/RemainingCategories/StockTaking'

2018-09-05 18:28:38 - [TEST_STEP][PASSED] - verifyElementText: Actual text and expected text of test object 'Object Repository/ShopOpen/RemainingCategories/Validate_StockTakingScreen' are matched.

2018-09-05 18:28:40 - [MESSAGE][PASSED] - Actual text and expected text of test object 'Object Repository/ShopOpen/RemainingCategories/Validate_StockTakingScreen' are matched.

2018-09-05 18:28:40 - [TEST_STEP][PASSED] - com.ct.qa.keywords.ChannelProductsDataKeywords.visitChannelWiseProductsData: com.ct.qa.keywords.ChannelProductsDataKeywords.visitChannelWiseProductsData is PASSED

2018-09-05 18:28:44 - [MESSAGE][PASSED] - Keyboard is hidden

2018-09-05 18:28:47 - [MESSAGE][PASSED] - Keyboard is hidden

2018-09-05 18:28:50 - [MESSAGE][PASSED] - Keyboard is hidden

2018-09-05 18:28:53 - [MESSAGE][PASSED] - Keyboard is hidden

2018-09-05 18:28:56 - [MESSAGE][PASSED] - Keyboard is hidden

2018-09-05 18:28:59 - [MESSAGE][PASSED] - Keyboard is hidden

2018-09-05 18:29:01 - [MESSAGE][PASSED] - Swiped from 114,359 to 114,250

2018-09-05 18:29:03 - [MESSAGE][PASSED] - com.ct.qa.keywords.ChannelProductsDataKeywords.visitChannelWiseProductsData is PASSED

2018-09-05 18:29:03 - [TEST_STEP][PASSED] - tap: Tapped on element 'Object Repository/ShopOpen/RemainingCategories/SubmitButton'

2018-09-05 18:29:03 - [MESSAGE][WARNING] - Timeout '0' is invalid. Using default page load timeout: '5'

2018-09-05 18:29:03 - [MESSAGE][PASSED] - Tapped on element 'Object Repository/ShopOpen/RemainingCategories/SubmitButton'

2018-09-05 18:29:03 - [TEST_STEP][PASSED] - verifyElementText: Actual text and expected text of test object 'Object Repository/ShopOpen/RemainingCategories/Validate_ProductCategoryAssetScreen' are matched.

2018-09-05 18:29:04 - [MESSAGE][PASSED] - Actual text and expected text of test object 'Object Repository/ShopOpen/RemainingCategories/Validate_ProductCategoryAssetScreen' are matched.

2018-09-05 18:29:04 - [TEST_STEP][PASSED] - tap: Tapped on element 'Object Repository/ShopOpen/RemainingCategories/planogram_ImageView'

2018-09-05 18:29:04 - [MESSAGE][WARNING] - Timeout '0' is invalid. Using default page load timeout: '5'

2018-09-05 18:29:05 - [MESSAGE][PASSED] - Tapped on element 'Object Repository/ShopOpen/RemainingCategories/planogram_ImageView'

2018-09-05 18:29:05 - [TEST_STEP][PASSED] - com.ct.qa.keywords.CommonKeywords.checkPlanogramAvailability: com.ct.qa.keywords.CommonKeywords.checkPlanogramAvailability is PASSED

2018-09-05 18:29:05 - [MESSAGE][WARNING] - Timeout '0' is invalid. Using default page load timeout: '5'

2018-09-05 18:29:11 - [MESSAGE][WARNING] - Object Object Repository/CommonScreenElements/InfoPopUp_OKButton not found
[[ATTACHMENT|F:\\Git Projects\\MMAPlus_Merchandising\\MMAPlus_Merchandising\\Reports\\MMA Plus Merchandising With Category Level(Chiller Utilization) Overwrite Scenarios\\20180905_180640\\1536154150601.png]]

2018-09-05 18:29:11 - [MESSAGE][PASSED] - com.ct.qa.keywords.CommonKeywords.checkPlanogramAvailability is PASSED

2018-09-05 18:29:11 - [TEST_STEP][PASSED] - com.ct.qa.keywords.CommonKeywords.closePlanogram: com.ct.qa.keywords.CommonKeywords.closePlanogram is PASSED

2018-09-05 18:29:12 - [MESSAGE][PASSED] - com.ct.qa.keywords.CommonKeywords.closePlanogram is PASSED

2018-09-05 18:29:12 - [TEST_STEP][PASSED] - verifyElementText: Actual text and expected text of test object 'Object Repository/ShopOpen/RemainingCategories/Validate_ProductCategoryAssetScreen' are matched.

2018-09-05 18:29:13 - [MESSAGE][PASSED] - Actual text and expected text of test object 'Object Repository/ShopOpen/RemainingCategories/Validate_ProductCategoryAssetScreen' are matched.

2018-09-05 18:29:13 - [TEST_STEP][PASSED] - com.ct.qa.keywords.CommonKeywords.findPictureImageView: com.ct.qa.keywords.CommonKeywords.findPictureImageView is PASSED

2018-09-05 18:29:13 - [MESSAGE][WARNING] - Timeout '0' is invalid. Using default page load timeout: '5'

2018-09-05 18:29:15 - [MESSAGE][PASSED] - Tapped on element 'Object Repository/CommonScreenElements/Picture_ImageView'

2018-09-05 18:29:15 - [MESSAGE][WARNING] - Timeout '0' is invalid. Using default page load timeout: '5'

2018-09-05 18:29:17 - [MESSAGE][PASSED] - Element 'Object Repository/CommonScreenElements/Validate_CameraScreen' is exist

2018-09-05 18:29:17 - [MESSAGE][WARNING] - Timeout '0' is invalid. Using default page load timeout: '5'

2018-09-05 18:29:20 - [MESSAGE][PASSED] - Tapped on element 'Object Repository/CommonScreenElements/TakePictureButton'

2018-09-05 18:29:25 - [MESSAGE][PASSED] - Delayed 5 second(s)

2018-09-05 18:29:25 - [MESSAGE][WARNING] - Timeout '0' is invalid. Using default page load timeout: '5'

2018-09-05 18:29:26 - [MESSAGE][PASSED] - Tapped on element 'Object Repository/CommonScreenElements/DoneButton'

2018-09-05 18:29:26 - [MESSAGE][PASSED] - com.ct.qa.keywords.CommonKeywords.findPictureImageView is PASSED

2018-09-05 18:29:26 - [TEST_STEP][PASSED] - verifyElementText: Actual text and expected text of test object 'Object Repository/ShopOpen/RemainingCategories/Validate_ProductCategoryAssetScreen' are matched.

2018-09-05 18:29:27 - [MESSAGE][PASSED] - Actual text and expected text of test object 'Object Repository/ShopOpen/RemainingCategories/Validate_ProductCategoryAssetScreen' are matched.

2018-09-05 18:29:27 - [TEST_STEP][PASSED] - tap: Tapped on element 'Object Repository/ShopOpen/RemainingCategories/ProductCategoryAsset_BackButton'

2018-09-05 18:29:27 - [MESSAGE][WARNING] - Timeout '0' is invalid. Using default page load timeout: '5'

2018-09-05 18:29:27 - [MESSAGE][PASSED] - Tapped on element 'Object Repository/ShopOpen/RemainingCategories/ProductCategoryAsset_BackButton'

2018-09-05 18:29:27 - [TEST_STEP][PASSED] - verifyElementExist: Element 'Object Repository/ShopOpen/Validate_ShopCategoriesListScreen' is exist

2018-09-05 18:29:27 - [MESSAGE][WARNING] - Timeout '0' is invalid. Using default page load timeout: '5'

2018-09-05 18:29:30 - [MESSAGE][PASSED] - Element 'Object Repository/ShopOpen/Validate_ShopCategoriesListScreen' is exist

2018-09-05 18:29:30 - [MESSAGE][PASSED] - Call Test Case 'Test Cases/ShopOpen/RemainingCategories/VisitRemainingCategoriesWithDSA' successfully

2018-09-05 18:29:30 - [MESSAGE][WARNING] - Timeout '0' is invalid. Using default page load timeout: '5'

2018-09-05 18:29:31 - [MESSAGE][PASSED] - Element 'Object Repository/CommonScreenElements/Validate_InfoPopUP' is exist

2018-09-05 18:29:31 - [MESSAGE][WARNING] - Timeout '-20' is invalid. Using default page load timeout: '5'

2018-09-05 18:29:32 - [MESSAGE][PASSED] - Tapped on element 'Object Repository/CommonScreenElements/InfoPopUp_YesButton'

2018-09-05 18:29:33 - [TEST_CASE][PASSED] - Test Cases/ShopOpen/RemainingCategories/VisitRemainingCategoriesWithDSA: Test Cases/ShopOpen/RemainingCategories/VisitRemainingCategoriesWithDSA

2018-09-05 18:29:33 - [TEST_STEP][PASSED] - verifyElementText: Actual text and expected text of test object 'Object Repository/ShopOpen/RemainingCategories/Validate_RemainingCategoriesDetailScreen' are matched.

2018-09-05 18:29:34 - [MESSAGE][PASSED] - Actual text and expected text of test object 'Object Repository/ShopOpen/RemainingCategories/Validate_RemainingCategoriesDetailScreen' are matched.

2018-09-05 18:29:34 - [TEST_STEP][PASSED] - tap: Tapped on element 'Object Repository/ShopOpen/RemainingCategories/DisplaySpaceAvailable'

2018-09-05 18:29:34 - [MESSAGE][WARNING] - Timeout '0' is invalid. Using default page load timeout: '5'

2018-09-05 18:29:34 - [MESSAGE][PASSED] - Tapped on element 'Object Repository/ShopOpen/RemainingCategories/DisplaySpaceAvailable'

2018-09-05 18:29:34 - [TEST_STEP][PASSED] - verifyElementText: Actual text and expected text of test object 'Object Repository/ShopOpen/RemainingCategories/Validate_ProductCategoryAssetScreen' are matched.

2018-09-05 18:29:37 - [MESSAGE][PASSED] - Actual text and expected text of test object 'Object Repository/ShopOpen/RemainingCategories/Validate_ProductCategoryAssetScreen' are matched.

2018-09-05 18:29:37 - [TEST_STEP][PASSED] - tap: Tapped on element 'Object Repository/ShopOpen/RemainingCategories/Facing'

2018-09-05 18:29:37 - [MESSAGE][WARNING] - Timeout '0' is invalid. Using default page load timeout: '5'

2018-09-05 18:29:37 - [MESSAGE][PASSED] - Tapped on element 'Object Repository/ShopOpen/RemainingCategories/Facing'

2018-09-05 18:29:37 - [TEST_STEP][PASSED] - verifyElementText: Actual text and expected text of test object 'Object Repository/ShopOpen/RemainingCategories/Validate_FacingScreen' are matched.

2018-09-05 18:29:39 - [MESSAGE][PASSED] - Actual text and expected text of test object 'Object Repository/ShopOpen/RemainingCategories/Validate_FacingScreen' are matched.

2018-09-05 18:29:39 - [TEST_STEP][PASSED] - com.ct.qa.keywords.ChannelProductsDataKeywords.visitChannelWiseProductsData: com.ct.qa.keywords.ChannelProductsDataKeywords.visitChannelWiseProductsData is PASSED

2018-09-05 18:29:43 - [MESSAGE][PASSED] - Keyboard is hidden

2018-09-05 18:29:46 - [MESSAGE][PASSED] - Keyboard is hidden

2018-09-05 18:29:49 - [MESSAGE][PASSED] - Keyboard is hidden

2018-09-05 18:29:52 - [MESSAGE][PASSED] - Keyboard is hidden

2018-09-05 18:29:55 - [MESSAGE][PASSED] - Keyboard is hidden

2018-09-05 18:29:56 - [MESSAGE][PASSED] - com.ct.qa.keywords.ChannelProductsDataKeywords.visitChannelWiseProductsData is PASSED

2018-09-05 18:29:56 - [TEST_STEP][PASSED] - tap: Tapped on element 'Object Repository/ShopOpen/RemainingCategories/SubmitButton'

2018-09-05 18:29:56 - [MESSAGE][WARNING] - Timeout '0' is invalid. Using default page load timeout: '5'

2018-09-05 18:29:57 - [MESSAGE][PASSED] - Tapped on element 'Object Repository/ShopOpen/RemainingCategories/SubmitButton'

2018-09-05 18:29:57 - [TEST_STEP][PASSED] - verifyElementText: Actual text and expected text of test object 'Object Repository/ShopOpen/RemainingCategories/Validate_ProductCategoryAssetScreen' are matched.

2018-09-05 18:29:58 - [MESSAGE][PASSED] - Actual text and expected text of test object 'Object Repository/ShopOpen/RemainingCategories/Validate_ProductCategoryAssetScreen' are matched.

2018-09-05 18:29:58 - [TEST_STEP][PASSED] - tap: Tapped on element 'Object Repository/ShopOpen/RemainingCategories/StockTaking'

2018-09-05 18:29:58 - [MESSAGE][WARNING] - Timeout '0' is invalid. Using default page load timeout: '5'

2018-09-05 18:29:59 - [MESSAGE][PASSED] - Tapped on element 'Object Repository/ShopOpen/RemainingCategories/StockTaking'

2018-09-05 18:29:59 - [TEST_STEP][PASSED] - verifyElementText: Actual text and expected text of test object 'Object Repository/ShopOpen/RemainingCategories/Validate_StockTakingScreen' are matched.

2018-09-05 18:30:01 - [MESSAGE][PASSED] - Actual text and expected text of test object 'Object Repository/ShopOpen/RemainingCategories/Validate_StockTakingScreen' are matched.

2018-09-05 18:30:01 - [TEST_STEP][PASSED] - com.ct.qa.keywords.ChannelProductsDataKeywords.visitChannelWiseProductsData: com.ct.qa.keywords.ChannelProductsDataKeywords.visitChannelWiseProductsData is PASSED

2018-09-05 18:30:05 - [MESSAGE][PASSED] - Keyboard is hidden

2018-09-05 18:30:08 - [MESSAGE][PASSED] - Keyboard is hidden

2018-09-05 18:30:11 - [MESSAGE][PASSED] - Keyboard is hidden

2018-09-05 18:30:14 - [MESSAGE][PASSED] - Keyboard is hidden

2018-09-05 18:30:17 - [MESSAGE][PASSED] - Keyboard is hidden

2018-09-05 18:30:18 - [MESSAGE][PASSED] - com.ct.qa.keywords.ChannelProductsDataKeywords.visitChannelWiseProductsData is PASSED

2018-09-05 18:30:18 - [TEST_STEP][PASSED] - tap: Tapped on element 'Object Repository/ShopOpen/RemainingCategories/SubmitButton'

2018-09-05 18:30:18 - [MESSAGE][WARNING] - Timeout '0' is invalid. Using default page load timeout: '5'

2018-09-05 18:30:19 - [MESSAGE][PASSED] - Tapped on element 'Object Repository/ShopOpen/RemainingCategories/SubmitButton'

2018-09-05 18:30:19 - [TEST_STEP][PASSED] - verifyElementText: Actual text and expected text of test object 'Object Repository/ShopOpen/RemainingCategories/Validate_ProductCategoryAssetScreen' are matched.

2018-09-05 18:30:20 - [MESSAGE][PASSED] - Actual text and expected text of test object 'Object Repository/ShopOpen/RemainingCategories/Validate_ProductCategoryAssetScreen' are matched.

2018-09-05 18:30:20 - [TEST_STEP][PASSED] - tap: Tapped on element 'Object Repository/ShopOpen/RemainingCategories/planogram_ImageView'

2018-09-05 18:30:20 - [MESSAGE][WARNING] - Timeout '0' is invalid. Using default page load timeout: '5'

2018-09-05 18:30:21 - [MESSAGE][PASSED] - Tapped on element 'Object Repository/ShopOpen/RemainingCategories/planogram_ImageView'

2018-09-05 18:30:21 - [TEST_STEP][PASSED] - com.ct.qa.keywords.CommonKeywords.checkPlanogramAvailability: com.ct.qa.keywords.CommonKeywords.checkPlanogramAvailability is PASSED

2018-09-05 18:30:21 - [MESSAGE][WARNING] - Timeout '0' is invalid. Using default page load timeout: '5'

2018-09-05 18:30:27 - [MESSAGE][WARNING] - Object Object Repository/CommonScreenElements/InfoPopUp_OKButton not found
[[ATTACHMENT|F:\\Git Projects\\MMAPlus_Merchandising\\MMAPlus_Merchandising\\Reports\\MMA Plus Merchandising With Category Level(Chiller Utilization) Overwrite Scenarios\\20180905_180640\\1536154226455.png]]

2018-09-05 18:30:27 - [MESSAGE][PASSED] - com.ct.qa.keywords.CommonKeywords.checkPlanogramAvailability is PASSED

2018-09-05 18:30:27 - [TEST_STEP][PASSED] - com.ct.qa.keywords.CommonKeywords.closePlanogram: com.ct.qa.keywords.CommonKeywords.closePlanogram is PASSED

2018-09-05 18:30:28 - [MESSAGE][PASSED] - com.ct.qa.keywords.CommonKeywords.closePlanogram is PASSED

2018-09-05 18:30:28 - [TEST_STEP][PASSED] - verifyElementText: Actual text and expected text of test object 'Object Repository/ShopOpen/RemainingCategories/Validate_ProductCategoryAssetScreen' are matched.

2018-09-05 18:30:29 - [MESSAGE][PASSED] - Actual text and expected text of test object 'Object Repository/ShopOpen/RemainingCategories/Validate_ProductCategoryAssetScreen' are matched.

2018-09-05 18:30:29 - [TEST_STEP][PASSED] - com.ct.qa.keywords.CommonKeywords.findPictureImageView: com.ct.qa.keywords.CommonKeywords.findPictureImageView is PASSED

2018-09-05 18:30:29 - [MESSAGE][WARNING] - Timeout '0' is invalid. Using default page load timeout: '5'

2018-09-05 18:30:31 - [MESSAGE][PASSED] - Tapped on element 'Object Repository/CommonScreenElements/Picture_ImageView'

2018-09-05 18:30:31 - [MESSAGE][WARNING] - Timeout '0' is invalid. Using default page load timeout: '5'

2018-09-05 18:30:32 - [MESSAGE][PASSED] - Element 'Object Repository/CommonScreenElements/Validate_CameraScreen' is exist

2018-09-05 18:30:32 - [MESSAGE][WARNING] - Timeout '0' is invalid. Using default page load timeout: '5'

2018-09-05 18:30:35 - [MESSAGE][PASSED] - Tapped on element 'Object Repository/CommonScreenElements/TakePictureButton'

2018-09-05 18:30:40 - [MESSAGE][PASSED] - Delayed 5 second(s)

2018-09-05 18:30:40 - [MESSAGE][WARNING] - Timeout '0' is invalid. Using default page load timeout: '5'

2018-09-05 18:30:41 - [MESSAGE][PASSED] - Tapped on element 'Object Repository/CommonScreenElements/DoneButton'

2018-09-05 18:30:41 - [MESSAGE][PASSED] - com.ct.qa.keywords.CommonKeywords.findPictureImageView is PASSED

2018-09-05 18:30:41 - [TEST_STEP][PASSED] - verifyElementText: Actual text and expected text of test object 'Object Repository/ShopOpen/RemainingCategories/Validate_ProductCategoryAssetScreen' are matched.

2018-09-05 18:30:42 - [MESSAGE][PASSED] - Actual text and expected text of test object 'Object Repository/ShopOpen/RemainingCategories/Validate_ProductCategoryAssetScreen' are matched.

2018-09-05 18:30:42 - [TEST_STEP][PASSED] - tap: Tapped on element 'Object Repository/ShopOpen/RemainingCategories/ProductCategoryAsset_BackButton'

2018-09-05 18:30:42 - [MESSAGE][WARNING] - Timeout '0' is invalid. Using default page load timeout: '5'

2018-09-05 18:30:43 - [MESSAGE][PASSED] - Tapped on element 'Object Repository/ShopOpen/RemainingCategories/ProductCategoryAsset_BackButton'

2018-09-05 18:30:43 - [TEST_STEP][PASSED] - verifyElementExist: Element 'Object Repository/ShopOpen/Validate_ShopCategoriesListScreen' is exist

2018-09-05 18:30:43 - [MESSAGE][WARNING] - Timeout '0' is invalid. Using default page load timeout: '5'

2018-09-05 18:30:45 - [MESSAGE][PASSED] - Element 'Object Repository/ShopOpen/Validate_ShopCategoriesListScreen' is exist

2018-09-05 18:30:45 - [MESSAGE][PASSED] - Call Test Case 'Test Cases/ShopOpen/RemainingCategories/VisitRemainingCategoriesWithDSA' successfully

2018-09-05 18:30:45 - [MESSAGE][WARNING] - Timeout '0' is invalid. Using default page load timeout: '5'

2018-09-05 18:30:46 - [MESSAGE][PASSED] - Element 'Object Repository/CommonScreenElements/Validate_InfoPopUP' is exist

2018-09-05 18:30:46 - [MESSAGE][WARNING] - Timeout '-20' is invalid. Using default page load timeout: '5'

2018-09-05 18:30:47 - [MESSAGE][PASSED] - Tapped on element 'Object Repository/CommonScreenElements/InfoPopUp_YesButton'

2018-09-05 18:30:47 - [TEST_CASE][PASSED] - Test Cases/ShopOpen/RemainingCategories/VisitRemainingCategoriesWithDSA: Test Cases/ShopOpen/RemainingCategories/VisitRemainingCategoriesWithDSA

2018-09-05 18:30:47 - [TEST_STEP][PASSED] - verifyElementText: Actual text and expected text of test object 'Object Repository/ShopOpen/RemainingCategories/Validate_RemainingCategoriesDetailScreen' are matched.

2018-09-05 18:30:48 - [MESSAGE][PASSED] - Actual text and expected text of test object 'Object Repository/ShopOpen/RemainingCategories/Validate_RemainingCategoriesDetailScreen' are matched.

2018-09-05 18:30:48 - [TEST_STEP][PASSED] - tap: Tapped on element 'Object Repository/ShopOpen/RemainingCategories/DisplaySpaceAvailable'

2018-09-05 18:30:48 - [MESSAGE][WARNING] - Timeout '0' is invalid. Using default page load timeout: '5'

2018-09-05 18:30:49 - [MESSAGE][PASSED] - Tapped on element 'Object Repository/ShopOpen/RemainingCategories/DisplaySpaceAvailable'

2018-09-05 18:30:49 - [TEST_STEP][PASSED] - verifyElementText: Actual text and expected text of test object 'Object Repository/ShopOpen/RemainingCategories/Validate_ProductCategoryAssetScreen' are matched.

2018-09-05 18:30:51 - [MESSAGE][PASSED] - Actual text and expected text of test object 'Object Repository/ShopOpen/RemainingCategories/Validate_ProductCategoryAssetScreen' are matched.

2018-09-05 18:30:51 - [TEST_STEP][PASSED] - tap: Tapped on element 'Object Repository/ShopOpen/RemainingCategories/Facing'

2018-09-05 18:30:51 - [MESSAGE][WARNING] - Timeout '0' is invalid. Using default page load timeout: '5'

2018-09-05 18:30:51 - [MESSAGE][PASSED] - Tapped on element 'Object Repository/ShopOpen/RemainingCategories/Facing'

2018-09-05 18:30:51 - [TEST_STEP][PASSED] - verifyElementText: Actual text and expected text of test object 'Object Repository/ShopOpen/RemainingCategories/Validate_FacingScreen' are matched.

2018-09-05 18:30:53 - [MESSAGE][PASSED] - Actual text and expected text of test object 'Object Repository/ShopOpen/RemainingCategories/Validate_FacingScreen' are matched.

2018-09-05 18:30:53 - [TEST_STEP][PASSED] - com.ct.qa.keywords.ChannelProductsDataKeywords.visitChannelWiseProductsData: com.ct.qa.keywords.ChannelProductsDataKeywords.visitChannelWiseProductsData is PASSED

2018-09-05 18:30:57 - [MESSAGE][PASSED] - Keyboard is hidden

2018-09-05 18:31:00 - [MESSAGE][PASSED] - Keyboard is hidden

2018-09-05 18:31:03 - [MESSAGE][PASSED] - Keyboard is hidden

2018-09-05 18:31:04 - [MESSAGE][PASSED] - com.ct.qa.keywords.ChannelProductsDataKeywords.visitChannelWiseProductsData is PASSED

2018-09-05 18:31:04 - [TEST_STEP][PASSED] - tap: Tapped on element 'Object Repository/ShopOpen/RemainingCategories/SubmitButton'

2018-09-05 18:31:04 - [MESSAGE][WARNING] - Timeout '0' is invalid. Using default page load timeout: '5'

2018-09-05 18:31:05 - [MESSAGE][PASSED] - Tapped on element 'Object Repository/ShopOpen/RemainingCategories/SubmitButton'

2018-09-05 18:31:05 - [TEST_STEP][PASSED] - verifyElementText: Actual text and expected text of test object 'Object Repository/ShopOpen/RemainingCategories/Validate_ProductCategoryAssetScreen' are matched.

2018-09-05 18:31:06 - [MESSAGE][PASSED] - Actual text and expected text of test object 'Object Repository/ShopOpen/RemainingCategories/Validate_ProductCategoryAssetScreen' are matched.

2018-09-05 18:31:06 - [TEST_STEP][PASSED] - tap: Tapped on element 'Object Repository/ShopOpen/RemainingCategories/StockTaking'

2018-09-05 18:31:06 - [MESSAGE][WARNING] - Timeout '0' is invalid. Using default page load timeout: '5'

2018-09-05 18:31:06 - [MESSAGE][PASSED] - Tapped on element 'Object Repository/ShopOpen/RemainingCategories/StockTaking'

2018-09-05 18:31:06 - [TEST_STEP][PASSED] - verifyElementText: Actual text and expected text of test object 'Object Repository/ShopOpen/RemainingCategories/Validate_StockTakingScreen' are matched.

2018-09-05 18:31:08 - [MESSAGE][PASSED] - Actual text and expected text of test object 'Object Repository/ShopOpen/RemainingCategories/Validate_StockTakingScreen' are matched.

2018-09-05 18:31:08 - [TEST_STEP][PASSED] - com.ct.qa.keywords.ChannelProductsDataKeywords.visitChannelWiseProductsData: com.ct.qa.keywords.ChannelProductsDataKeywords.visitChannelWiseProductsData is PASSED

2018-09-05 18:31:12 - [MESSAGE][PASSED] - Keyboard is hidden

2018-09-05 18:31:15 - [MESSAGE][PASSED] - Keyboard is hidden

2018-09-05 18:31:18 - [MESSAGE][PASSED] - Keyboard is hidden

2018-09-05 18:31:19 - [MESSAGE][PASSED] - com.ct.qa.keywords.ChannelProductsDataKeywords.visitChannelWiseProductsData is PASSED

2018-09-05 18:31:19 - [TEST_STEP][PASSED] - tap: Tapped on element 'Object Repository/ShopOpen/RemainingCategories/SubmitButton'

2018-09-05 18:31:19 - [MESSAGE][WARNING] - Timeout '0' is invalid. Using default page load timeout: '5'

2018-09-05 18:31:20 - [MESSAGE][PASSED] - Tapped on element 'Object Repository/ShopOpen/RemainingCategories/SubmitButton'

2018-09-05 18:31:20 - [TEST_STEP][PASSED] - verifyElementText: Actual text and expected text of test object 'Object Repository/ShopOpen/RemainingCategories/Validate_ProductCategoryAssetScreen' are matched.

2018-09-05 18:31:21 - [MESSAGE][PASSED] - Actual text and expected text of test object 'Object Repository/ShopOpen/RemainingCategories/Validate_ProductCategoryAssetScreen' are matched.

2018-09-05 18:31:21 - [TEST_STEP][PASSED] - tap: Tapped on element 'Object Repository/ShopOpen/RemainingCategories/planogram_ImageView'

2018-09-05 18:31:21 - [MESSAGE][WARNING] - Timeout '0' is invalid. Using default page load timeout: '5'

2018-09-05 18:31:21 - [MESSAGE][PASSED] - Tapped on element 'Object Repository/ShopOpen/RemainingCategories/planogram_ImageView'

2018-09-05 18:31:21 - [TEST_STEP][PASSED] - com.ct.qa.keywords.CommonKeywords.checkPlanogramAvailability: com.ct.qa.keywords.CommonKeywords.checkPlanogramAvailability is PASSED

2018-09-05 18:31:21 - [MESSAGE][WARNING] - Timeout '0' is invalid. Using default page load timeout: '5'

2018-09-05 18:31:27 - [MESSAGE][WARNING] - Object Object Repository/CommonScreenElements/InfoPopUp_OKButton not found
[[ATTACHMENT|F:\\Git Projects\\MMAPlus_Merchandising\\MMAPlus_Merchandising\\Reports\\MMA Plus Merchandising With Category Level(Chiller Utilization) Overwrite Scenarios\\20180905_180640\\1536154286696.png]]

2018-09-05 18:31:27 - [MESSAGE][PASSED] - com.ct.qa.keywords.CommonKeywords.checkPlanogramAvailability is PASSED

2018-09-05 18:31:27 - [TEST_STEP][PASSED] - com.ct.qa.keywords.CommonKeywords.closePlanogram: com.ct.qa.keywords.CommonKeywords.closePlanogram is PASSED

2018-09-05 18:31:28 - [MESSAGE][PASSED] - com.ct.qa.keywords.CommonKeywords.closePlanogram is PASSED

2018-09-05 18:31:28 - [TEST_STEP][PASSED] - verifyElementText: Actual text and expected text of test object 'Object Repository/ShopOpen/RemainingCategories/Validate_ProductCategoryAssetScreen' are matched.

2018-09-05 18:31:29 - [MESSAGE][PASSED] - Actual text and expected text of test object 'Object Repository/ShopOpen/RemainingCategories/Validate_ProductCategoryAssetScreen' are matched.

2018-09-05 18:31:29 - [TEST_STEP][PASSED] - com.ct.qa.keywords.CommonKeywords.findPictureImageView: com.ct.qa.keywords.CommonKeywords.findPictureImageView is PASSED

2018-09-05 18:31:29 - [MESSAGE][WARNING] - Timeout '0' is invalid. Using default page load timeout: '5'

2018-09-05 18:31:31 - [MESSAGE][PASSED] - Tapped on element 'Object Repository/CommonScreenElements/Picture_ImageView'

2018-09-05 18:31:31 - [MESSAGE][WARNING] - Timeout '0' is invalid. Using default page load timeout: '5'

2018-09-05 18:31:33 - [MESSAGE][PASSED] - Element 'Object Repository/CommonScreenElements/Validate_CameraScreen' is exist

2018-09-05 18:31:33 - [MESSAGE][WARNING] - Timeout '0' is invalid. Using default page load timeout: '5'

2018-09-05 18:31:36 - [MESSAGE][PASSED] - Tapped on element 'Object Repository/CommonScreenElements/TakePictureButton'

2018-09-05 18:31:41 - [MESSAGE][PASSED] - Delayed 5 second(s)

2018-09-05 18:31:41 - [MESSAGE][WARNING] - Timeout '0' is invalid. Using default page load timeout: '5'

2018-09-05 18:31:42 - [MESSAGE][PASSED] - Tapped on element 'Object Repository/CommonScreenElements/DoneButton'

2018-09-05 18:31:42 - [MESSAGE][PASSED] - com.ct.qa.keywords.CommonKeywords.findPictureImageView is PASSED

2018-09-05 18:31:42 - [TEST_STEP][PASSED] - verifyElementText: Actual text and expected text of test object 'Object Repository/ShopOpen/RemainingCategories/Validate_ProductCategoryAssetScreen' are matched.

2018-09-05 18:31:43 - [MESSAGE][PASSED] - Actual text and expected text of test object 'Object Repository/ShopOpen/RemainingCategories/Validate_ProductCategoryAssetScreen' are matched.

2018-09-05 18:31:43 - [TEST_STEP][PASSED] - tap: Tapped on element 'Object Repository/ShopOpen/RemainingCategories/ProductCategoryAsset_BackButton'

2018-09-05 18:31:43 - [MESSAGE][WARNING] - Timeout '0' is invalid. Using default page load timeout: '5'

2018-09-05 18:31:43 - [MESSAGE][PASSED] - Tapped on element 'Object Repository/ShopOpen/RemainingCategories/ProductCategoryAsset_BackButton'

2018-09-05 18:31:43 - [TEST_STEP][PASSED] - verifyElementExist: Element 'Object Repository/ShopOpen/Validate_ShopCategoriesListScreen' is exist

2018-09-05 18:31:43 - [MESSAGE][WARNING] - Timeout '0' is invalid. Using default page load timeout: '5'

2018-09-05 18:31:46 - [MESSAGE][PASSED] - Element 'Object Repository/ShopOpen/Validate_ShopCategoriesListScreen' is exist

2018-09-05 18:31:46 - [MESSAGE][PASSED] - Call Test Case 'Test Cases/ShopOpen/RemainingCategories/VisitRemainingCategoriesWithDSA' successfully

2018-09-05 18:31:46 - [MESSAGE][WARNING] - Timeout '0' is invalid. Using default page load timeout: '5'

2018-09-05 18:31:47 - [MESSAGE][PASSED] - Element 'Object Repository/CommonScreenElements/Validate_InfoPopUP' is exist

2018-09-05 18:31:47 - [MESSAGE][WARNING] - Timeout '-20' is invalid. Using default page load timeout: '5'

2018-09-05 18:31:49 - [MESSAGE][PASSED] - Tapped on element 'Object Repository/CommonScreenElements/InfoPopUp_YesButton'

2018-09-05 18:31:49 - [TEST_CASE][PASSED] - Test Cases/ShopOpen/RemainingCategories/VisitRemainingCategoriesWithDSA: Test Cases/ShopOpen/RemainingCategories/VisitRemainingCategoriesWithDSA

2018-09-05 18:31:49 - [TEST_STEP][PASSED] - verifyElementText: Actual text and expected text of test object 'Object Repository/ShopOpen/RemainingCategories/Validate_RemainingCategoriesDetailScreen' are matched.

2018-09-05 18:31:50 - [MESSAGE][PASSED] - Actual text and expected text of test object 'Object Repository/ShopOpen/RemainingCategories/Validate_RemainingCategoriesDetailScreen' are matched.

2018-09-05 18:31:50 - [TEST_STEP][PASSED] - tap: Tapped on element 'Object Repository/ShopOpen/RemainingCategories/DisplaySpaceAvailable'

2018-09-05 18:31:50 - [MESSAGE][WARNING] - Timeout '0' is invalid. Using default page load timeout: '5'

2018-09-05 18:31:50 - [MESSAGE][PASSED] - Tapped on element 'Object Repository/ShopOpen/RemainingCategories/DisplaySpaceAvailable'

2018-09-05 18:31:50 - [TEST_STEP][PASSED] - verifyElementText: Actual text and expected text of test object 'Object Repository/ShopOpen/RemainingCategories/Validate_ProductCategoryAssetScreen' are matched.

2018-09-05 18:31:53 - [MESSAGE][PASSED] - Actual text and expected text of test object 'Object Repository/ShopOpen/RemainingCategories/Validate_ProductCategoryAssetScreen' are matched.

2018-09-05 18:31:53 - [TEST_STEP][PASSED] - tap: Tapped on element 'Object Repository/ShopOpen/RemainingCategories/Facing'

2018-09-05 18:31:53 - [MESSAGE][WARNING] - Timeout '0' is invalid. Using default page load timeout: '5'

2018-09-05 18:31:53 - [MESSAGE][PASSED] - Tapped on element 'Object Repository/ShopOpen/RemainingCategories/Facing'

2018-09-05 18:31:53 - [TEST_STEP][PASSED] - verifyElementText: Actual text and expected text of test object 'Object Repository/ShopOpen/RemainingCategories/Validate_FacingScreen' are matched.

2018-09-05 18:31:55 - [MESSAGE][PASSED] - Actual text and expected text of test object 'Object Repository/ShopOpen/RemainingCategories/Validate_FacingScreen' are matched.

2018-09-05 18:31:55 - [TEST_STEP][PASSED] - com.ct.qa.keywords.ChannelProductsDataKeywords.visitChannelWiseProductsData: com.ct.qa.keywords.ChannelProductsDataKeywords.visitChannelWiseProductsData is PASSED

2018-09-05 18:31:59 - [MESSAGE][PASSED] - Keyboard is hidden

2018-09-05 18:32:02 - [MESSAGE][PASSED] - Keyboard is hidden

2018-09-05 18:32:05 - [MESSAGE][PASSED] - Keyboard is hidden

2018-09-05 18:32:08 - [MESSAGE][PASSED] - Keyboard is hidden

2018-09-05 18:32:09 - [MESSAGE][PASSED] - com.ct.qa.keywords.ChannelProductsDataKeywords.visitChannelWiseProductsData is PASSED

2018-09-05 18:32:09 - [TEST_STEP][PASSED] - tap: Tapped on element 'Object Repository/ShopOpen/RemainingCategories/SubmitButton'

2018-09-05 18:32:09 - [MESSAGE][WARNING] - Timeout '0' is invalid. Using default page load timeout: '5'

2018-09-05 18:32:10 - [MESSAGE][PASSED] - Tapped on element 'Object Repository/ShopOpen/RemainingCategories/SubmitButton'

2018-09-05 18:32:10 - [TEST_STEP][PASSED] - verifyElementText: Actual text and expected text of test object 'Object Repository/ShopOpen/RemainingCategories/Validate_ProductCategoryAssetScreen' are matched.

2018-09-05 18:32:11 - [MESSAGE][PASSED] - Actual text and expected text of test object 'Object Repository/ShopOpen/RemainingCategories/Validate_ProductCategoryAssetScreen' are matched.

2018-09-05 18:32:11 - [TEST_STEP][PASSED] - tap: Tapped on element 'Object Repository/ShopOpen/RemainingCategories/StockTaking'

2018-09-05 18:32:11 - [MESSAGE][WARNING] - Timeout '0' is invalid. Using default page load timeout: '5'

2018-09-05 18:32:11 - [MESSAGE][PASSED] - Tapped on element 'Object Repository/ShopOpen/RemainingCategories/StockTaking'

2018-09-05 18:32:11 - [TEST_STEP][PASSED] - verifyElementText: Actual text and expected text of test object 'Object Repository/ShopOpen/RemainingCategories/Validate_StockTakingScreen' are matched.

2018-09-05 18:32:13 - [MESSAGE][PASSED] - Actual text and expected text of test object 'Object Repository/ShopOpen/RemainingCategories/Validate_StockTakingScreen' are matched.

2018-09-05 18:32:13 - [TEST_STEP][PASSED] - com.ct.qa.keywords.ChannelProductsDataKeywords.visitChannelWiseProductsData: com.ct.qa.keywords.ChannelProductsDataKeywords.visitChannelWiseProductsData is PASSED

2018-09-05 18:32:17 - [MESSAGE][PASSED] - Keyboard is hidden

2018-09-05 18:32:20 - [MESSAGE][PASSED] - Keyboard is hidden

2018-09-05 18:32:23 - [MESSAGE][PASSED] - Keyboard is hidden

2018-09-05 18:32:26 - [MESSAGE][PASSED] - Keyboard is hidden

2018-09-05 18:32:27 - [MESSAGE][PASSED] - com.ct.qa.keywords.ChannelProductsDataKeywords.visitChannelWiseProductsData is PASSED

2018-09-05 18:32:27 - [TEST_STEP][PASSED] - tap: Tapped on element 'Object Repository/ShopOpen/RemainingCategories/SubmitButton'

2018-09-05 18:32:27 - [MESSAGE][WARNING] - Timeout '0' is invalid. Using default page load timeout: '5'

2018-09-05 18:32:28 - [MESSAGE][PASSED] - Tapped on element 'Object Repository/ShopOpen/RemainingCategories/SubmitButton'

2018-09-05 18:32:28 - [TEST_STEP][PASSED] - verifyElementText: Actual text and expected text of test object 'Object Repository/ShopOpen/RemainingCategories/Validate_ProductCategoryAssetScreen' are matched.

2018-09-05 18:32:29 - [MESSAGE][PASSED] - Actual text and expected text of test object 'Object Repository/ShopOpen/RemainingCategories/Validate_ProductCategoryAssetScreen' are matched.

2018-09-05 18:32:29 - [TEST_STEP][PASSED] - tap: Tapped on element 'Object Repository/ShopOpen/RemainingCategories/planogram_ImageView'

2018-09-05 18:32:29 - [MESSAGE][WARNING] - Timeout '0' is invalid. Using default page load timeout: '5'

2018-09-05 18:32:29 - [MESSAGE][PASSED] - Tapped on element 'Object Repository/ShopOpen/RemainingCategories/planogram_ImageView'

2018-09-05 18:32:29 - [TEST_STEP][PASSED] - com.ct.qa.keywords.CommonKeywords.checkPlanogramAvailability: com.ct.qa.keywords.CommonKeywords.checkPlanogramAvailability is PASSED

2018-09-05 18:32:29 - [MESSAGE][WARNING] - Timeout '0' is invalid. Using default page load timeout: '5'

2018-09-05 18:32:35 - [MESSAGE][WARNING] - Object Object Repository/CommonScreenElements/InfoPopUp_OKButton not found
[[ATTACHMENT|F:\\Git Projects\\MMAPlus_Merchandising\\MMAPlus_Merchandising\\Reports\\MMA Plus Merchandising With Category Level(Chiller Utilization) Overwrite Scenarios\\20180905_180640\\1536154354588.png]]

2018-09-05 18:32:35 - [MESSAGE][PASSED] - com.ct.qa.keywords.CommonKeywords.checkPlanogramAvailability is PASSED

2018-09-05 18:32:35 - [TEST_STEP][PASSED] - com.ct.qa.keywords.CommonKeywords.closePlanogram: com.ct.qa.keywords.CommonKeywords.closePlanogram is PASSED

2018-09-05 18:32:36 - [MESSAGE][PASSED] - com.ct.qa.keywords.CommonKeywords.closePlanogram is PASSED

2018-09-05 18:32:36 - [TEST_STEP][PASSED] - verifyElementText: Actual text and expected text of test object 'Object Repository/ShopOpen/RemainingCategories/Validate_ProductCategoryAssetScreen' are matched.

2018-09-05 18:32:37 - [MESSAGE][PASSED] - Actual text and expected text of test object 'Object Repository/ShopOpen/RemainingCategories/Validate_ProductCategoryAssetScreen' are matched.

2018-09-05 18:32:37 - [TEST_STEP][PASSED] - com.ct.qa.keywords.CommonKeywords.findPictureImageView: com.ct.qa.keywords.CommonKeywords.findPictureImageView is PASSED

2018-09-05 18:32:37 - [MESSAGE][WARNING] - Timeout '0' is invalid. Using default page load timeout: '5'

2018-09-05 18:32:40 - [MESSAGE][PASSED] - Tapped on element 'Object Repository/CommonScreenElements/Picture_ImageView'

2018-09-05 18:32:40 - [MESSAGE][WARNING] - Timeout '0' is invalid. Using default page load timeout: '5'

2018-09-05 18:32:41 - [MESSAGE][PASSED] - Element 'Object Repository/CommonScreenElements/Validate_CameraScreen' is exist

2018-09-05 18:32:41 - [MESSAGE][WARNING] - Timeout '0' is invalid. Using default page load timeout: '5'

2018-09-05 18:32:44 - [MESSAGE][PASSED] - Tapped on element 'Object Repository/CommonScreenElements/TakePictureButton'

2018-09-05 18:32:49 - [MESSAGE][PASSED] - Delayed 5 second(s)

2018-09-05 18:32:49 - [MESSAGE][WARNING] - Timeout '0' is invalid. Using default page load timeout: '5'

2018-09-05 18:32:50 - [MESSAGE][PASSED] - Tapped on element 'Object Repository/CommonScreenElements/DoneButton'

2018-09-05 18:32:50 - [MESSAGE][PASSED] - com.ct.qa.keywords.CommonKeywords.findPictureImageView is PASSED

2018-09-05 18:32:50 - [TEST_STEP][PASSED] - verifyElementText: Actual text and expected text of test object 'Object Repository/ShopOpen/RemainingCategories/Validate_ProductCategoryAssetScreen' are matched.

2018-09-05 18:32:51 - [MESSAGE][PASSED] - Actual text and expected text of test object 'Object Repository/ShopOpen/RemainingCategories/Validate_ProductCategoryAssetScreen' are matched.

2018-09-05 18:32:51 - [TEST_STEP][PASSED] - tap: Tapped on element 'Object Repository/ShopOpen/RemainingCategories/ProductCategoryAsset_BackButton'

2018-09-05 18:32:51 - [MESSAGE][WARNING] - Timeout '0' is invalid. Using default page load timeout: '5'

2018-09-05 18:32:51 - [MESSAGE][PASSED] - Tapped on element 'Object Repository/ShopOpen/RemainingCategories/ProductCategoryAsset_BackButton'

2018-09-05 18:32:51 - [TEST_STEP][PASSED] - verifyElementExist: Element 'Object Repository/ShopOpen/Validate_ShopCategoriesListScreen' is exist

2018-09-05 18:32:51 - [MESSAGE][WARNING] - Timeout '0' is invalid. Using default page load timeout: '5'

2018-09-05 18:32:54 - [MESSAGE][PASSED] - Element 'Object Repository/ShopOpen/Validate_ShopCategoriesListScreen' is exist

2018-09-05 18:32:54 - [MESSAGE][PASSED] - Call Test Case 'Test Cases/ShopOpen/RemainingCategories/VisitRemainingCategoriesWithDSA' successfully

2018-09-05 18:32:54 - [MESSAGE][WARNING] - Timeout '0' is invalid. Using default page load timeout: '5'

2018-09-05 18:32:55 - [MESSAGE][PASSED] - Element 'Object Repository/CommonScreenElements/Validate_InfoPopUP' is exist

2018-09-05 18:32:55 - [MESSAGE][WARNING] - Timeout '-20' is invalid. Using default page load timeout: '5'

2018-09-05 18:32:56 - [MESSAGE][PASSED] - Tapped on element 'Object Repository/CommonScreenElements/InfoPopUp_YesButton'

2018-09-05 18:32:56 - [TEST_CASE][PASSED] - Test Cases/ShopOpen/RemainingCategories/VisitRemainingCategoriesWithDSA: Test Cases/ShopOpen/RemainingCategories/VisitRemainingCategoriesWithDSA

2018-09-05 18:32:56 - [TEST_STEP][PASSED] - verifyElementText: Actual text and expected text of test object 'Object Repository/ShopOpen/RemainingCategories/Validate_RemainingCategoriesDetailScreen' are matched.

2018-09-05 18:32:57 - [MESSAGE][PASSED] - Actual text and expected text of test object 'Object Repository/ShopOpen/RemainingCategories/Validate_RemainingCategoriesDetailScreen' are matched.

2018-09-05 18:32:57 - [TEST_STEP][PASSED] - tap: Tapped on element 'Object Repository/ShopOpen/RemainingCategories/DisplaySpaceAvailable'

2018-09-05 18:32:57 - [MESSAGE][WARNING] - Timeout '0' is invalid. Using default page load timeout: '5'

2018-09-05 18:32:58 - [MESSAGE][PASSED] - Tapped on element 'Object Repository/ShopOpen/RemainingCategories/DisplaySpaceAvailable'

2018-09-05 18:32:58 - [TEST_STEP][PASSED] - verifyElementText: Actual text and expected text of test object 'Object Repository/ShopOpen/RemainingCategories/Validate_ProductCategoryAssetScreen' are matched.

2018-09-05 18:33:00 - [MESSAGE][PASSED] - Actual text and expected text of test object 'Object Repository/ShopOpen/RemainingCategories/Validate_ProductCategoryAssetScreen' are matched.

2018-09-05 18:33:00 - [TEST_STEP][PASSED] - tap: Tapped on element 'Object Repository/ShopOpen/RemainingCategories/Facing'

2018-09-05 18:33:00 - [MESSAGE][WARNING] - Timeout '0' is invalid. Using default page load timeout: '5'

2018-09-05 18:33:00 - [MESSAGE][PASSED] - Tapped on element 'Object Repository/ShopOpen/RemainingCategories/Facing'

2018-09-05 18:33:00 - [TEST_STEP][PASSED] - verifyElementText: Actual text and expected text of test object 'Object Repository/ShopOpen/RemainingCategories/Validate_FacingScreen' are matched.

2018-09-05 18:33:02 - [MESSAGE][PASSED] - Actual text and expected text of test object 'Object Repository/ShopOpen/RemainingCategories/Validate_FacingScreen' are matched.

2018-09-05 18:33:02 - [TEST_STEP][PASSED] - com.ct.qa.keywords.ChannelProductsDataKeywords.visitChannelWiseProductsData: com.ct.qa.keywords.ChannelProductsDataKeywords.visitChannelWiseProductsData is PASSED

2018-09-05 18:33:06 - [MESSAGE][PASSED] - Keyboard is hidden

2018-09-05 18:33:09 - [MESSAGE][PASSED] - Keyboard is hidden

2018-09-05 18:33:12 - [MESSAGE][PASSED] - Keyboard is hidden

2018-09-05 18:33:15 - [MESSAGE][PASSED] - Keyboard is hidden

2018-09-05 18:33:18 - [MESSAGE][PASSED] - Keyboard is hidden

2018-09-05 18:33:19 - [MESSAGE][PASSED] - com.ct.qa.keywords.ChannelProductsDataKeywords.visitChannelWiseProductsData is PASSED

2018-09-05 18:33:19 - [TEST_STEP][PASSED] - tap: Tapped on element 'Object Repository/ShopOpen/RemainingCategories/SubmitButton'

2018-09-05 18:33:19 - [MESSAGE][WARNING] - Timeout '0' is invalid. Using default page load timeout: '5'

2018-09-05 18:33:20 - [MESSAGE][PASSED] - Tapped on element 'Object Repository/ShopOpen/RemainingCategories/SubmitButton'

2018-09-05 18:33:20 - [TEST_STEP][PASSED] - verifyElementText: Actual text and expected text of test object 'Object Repository/ShopOpen/RemainingCategories/Validate_ProductCategoryAssetScreen' are matched.

2018-09-05 18:33:21 - [MESSAGE][PASSED] - Actual text and expected text of test object 'Object Repository/ShopOpen/RemainingCategories/Validate_ProductCategoryAssetScreen' are matched.

2018-09-05 18:33:21 - [TEST_STEP][PASSED] - tap: Tapped on element 'Object Repository/ShopOpen/RemainingCategories/StockTaking'

2018-09-05 18:33:21 - [MESSAGE][WARNING] - Timeout '0' is invalid. Using default page load timeout: '5'

2018-09-05 18:33:21 - [MESSAGE][PASSED] - Tapped on element 'Object Repository/ShopOpen/RemainingCategories/StockTaking'

2018-09-05 18:33:21 - [TEST_STEP][PASSED] - verifyElementText: Actual text and expected text of test object 'Object Repository/ShopOpen/RemainingCategories/Validate_StockTakingScreen' are matched.

2018-09-05 18:33:23 - [MESSAGE][PASSED] - Actual text and expected text of test object 'Object Repository/ShopOpen/RemainingCategories/Validate_StockTakingScreen' are matched.

2018-09-05 18:33:23 - [TEST_STEP][PASSED] - com.ct.qa.keywords.ChannelProductsDataKeywords.visitChannelWiseProductsData: com.ct.qa.keywords.ChannelProductsDataKeywords.visitChannelWiseProductsData is PASSED

2018-09-05 18:33:27 - [MESSAGE][PASSED] - Keyboard is hidden

2018-09-05 18:33:30 - [MESSAGE][PASSED] - Keyboard is hidden

2018-09-05 18:33:33 - [MESSAGE][PASSED] - Keyboard is hidden

2018-09-05 18:33:36 - [MESSAGE][PASSED] - Keyboard is hidden

2018-09-05 18:33:39 - [MESSAGE][PASSED] - Keyboard is hidden

2018-09-05 18:33:40 - [MESSAGE][PASSED] - com.ct.qa.keywords.ChannelProductsDataKeywords.visitChannelWiseProductsData is PASSED

2018-09-05 18:33:40 - [TEST_STEP][PASSED] - tap: Tapped on element 'Object Repository/ShopOpen/RemainingCategories/SubmitButton'

2018-09-05 18:33:40 - [MESSAGE][WARNING] - Timeout '0' is invalid. Using default page load timeout: '5'

2018-09-05 18:33:41 - [MESSAGE][PASSED] - Tapped on element 'Object Repository/ShopOpen/RemainingCategories/SubmitButton'

2018-09-05 18:33:41 - [TEST_STEP][PASSED] - verifyElementText: Actual text and expected text of test object 'Object Repository/ShopOpen/RemainingCategories/Validate_ProductCategoryAssetScreen' are matched.

2018-09-05 18:33:42 - [MESSAGE][PASSED] - Actual text and expected text of test object 'Object Repository/ShopOpen/RemainingCategories/Validate_ProductCategoryAssetScreen' are matched.

2018-09-05 18:33:42 - [TEST_STEP][PASSED] - tap: Tapped on element 'Object Repository/ShopOpen/RemainingCategories/planogram_ImageView'

2018-09-05 18:33:42 - [MESSAGE][WARNING] - Timeout '0' is invalid. Using default page load timeout: '5'

2018-09-05 18:33:42 - [MESSAGE][PASSED] - Tapped on element 'Object Repository/ShopOpen/RemainingCategories/planogram_ImageView'

2018-09-05 18:33:42 - [TEST_STEP][PASSED] - com.ct.qa.keywords.CommonKeywords.checkPlanogramAvailability: com.ct.qa.keywords.CommonKeywords.checkPlanogramAvailability is PASSED

2018-09-05 18:33:42 - [MESSAGE][WARNING] - Timeout '0' is invalid. Using default page load timeout: '5'

2018-09-05 18:33:48 - [MESSAGE][WARNING] - Object Object Repository/CommonScreenElements/InfoPopUp_OKButton not found
[[ATTACHMENT|F:\\Git Projects\\MMAPlus_Merchandising\\MMAPlus_Merchandising\\Reports\\MMA Plus Merchandising With Category Level(Chiller Utilization) Overwrite Scenarios\\20180905_180640\\1536154427602.png]]

2018-09-05 18:33:48 - [MESSAGE][PASSED] - com.ct.qa.keywords.CommonKeywords.checkPlanogramAvailability is PASSED

2018-09-05 18:33:48 - [TEST_STEP][PASSED] - com.ct.qa.keywords.CommonKeywords.closePlanogram: com.ct.qa.keywords.CommonKeywords.closePlanogram is PASSED

2018-09-05 18:33:49 - [MESSAGE][PASSED] - com.ct.qa.keywords.CommonKeywords.closePlanogram is PASSED

2018-09-05 18:33:49 - [TEST_STEP][PASSED] - verifyElementText: Actual text and expected text of test object 'Object Repository/ShopOpen/RemainingCategories/Validate_ProductCategoryAssetScreen' are matched.

2018-09-05 18:33:50 - [MESSAGE][PASSED] - Actual text and expected text of test object 'Object Repository/ShopOpen/RemainingCategories/Validate_ProductCategoryAssetScreen' are matched.

2018-09-05 18:33:50 - [TEST_STEP][PASSED] - com.ct.qa.keywords.CommonKeywords.findPictureImageView: com.ct.qa.keywords.CommonKeywords.findPictureImageView is PASSED

2018-09-05 18:33:50 - [MESSAGE][WARNING] - Timeout '0' is invalid. Using default page load timeout: '5'

2018-09-05 18:33:52 - [MESSAGE][PASSED] - Tapped on element 'Object Repository/CommonScreenElements/Picture_ImageView'

2018-09-05 18:33:52 - [MESSAGE][WARNING] - Timeout '0' is invalid. Using default page load timeout: '5'

2018-09-05 18:33:53 - [MESSAGE][PASSED] - Element 'Object Repository/CommonScreenElements/Validate_CameraScreen' is exist

2018-09-05 18:33:53 - [MESSAGE][WARNING] - Timeout '0' is invalid. Using default page load timeout: '5'

2018-09-05 18:33:56 - [MESSAGE][PASSED] - Tapped on element 'Object Repository/CommonScreenElements/TakePictureButton'

2018-09-05 18:34:01 - [MESSAGE][PASSED] - Delayed 5 second(s)

2018-09-05 18:34:01 - [MESSAGE][WARNING] - Timeout '0' is invalid. Using default page load timeout: '5'

2018-09-05 18:34:02 - [MESSAGE][PASSED] - Tapped on element 'Object Repository/CommonScreenElements/DoneButton'

2018-09-05 18:34:02 - [MESSAGE][PASSED] - com.ct.qa.keywords.CommonKeywords.findPictureImageView is PASSED

2018-09-05 18:34:02 - [TEST_STEP][PASSED] - verifyElementText: Actual text and expected text of test object 'Object Repository/ShopOpen/RemainingCategories/Validate_ProductCategoryAssetScreen' are matched.

2018-09-05 18:34:03 - [MESSAGE][PASSED] - Actual text and expected text of test object 'Object Repository/ShopOpen/RemainingCategories/Validate_ProductCategoryAssetScreen' are matched.

2018-09-05 18:34:03 - [TEST_STEP][PASSED] - tap: Tapped on element 'Object Repository/ShopOpen/RemainingCategories/ProductCategoryAsset_BackButton'

2018-09-05 18:34:03 - [MESSAGE][WARNING] - Timeout '0' is invalid. Using default page load timeout: '5'

2018-09-05 18:34:03 - [MESSAGE][PASSED] - Tapped on element 'Object Repository/ShopOpen/RemainingCategories/ProductCategoryAsset_BackButton'

2018-09-05 18:34:03 - [TEST_STEP][PASSED] - verifyElementExist: Element 'Object Repository/ShopOpen/Validate_ShopCategoriesListScreen' is exist

2018-09-05 18:34:03 - [MESSAGE][WARNING] - Timeout '0' is invalid. Using default page load timeout: '5'

2018-09-05 18:34:05 - [MESSAGE][PASSED] - Element 'Object Repository/ShopOpen/Validate_ShopCategoriesListScreen' is exist

2018-09-05 18:34:05 - [MESSAGE][PASSED] - Call Test Case 'Test Cases/ShopOpen/RemainingCategories/VisitRemainingCategoriesWithDSA' successfully

2018-09-05 18:34:05 - [MESSAGE][WARNING] - Timeout '0' is invalid. Using default page load timeout: '5'

2018-09-05 18:34:06 - [MESSAGE][PASSED] - Element 'Object Repository/CommonScreenElements/Validate_InfoPopUP' is exist

2018-09-05 18:34:06 - [MESSAGE][WARNING] - Timeout '-20' is invalid. Using default page load timeout: '5'

2018-09-05 18:34:07 - [MESSAGE][PASSED] - Tapped on element 'Object Repository/CommonScreenElements/InfoPopUp_YesButton'

2018-09-05 18:34:07 - [TEST_CASE][PASSED] - Test Cases/ShopOpen/RemainingCategories/VisitRemainingCategoriesWithDSA: Test Cases/ShopOpen/RemainingCategories/VisitRemainingCategoriesWithDSA

2018-09-05 18:34:07 - [TEST_STEP][PASSED] - verifyElementText: Actual text and expected text of test object 'Object Repository/ShopOpen/RemainingCategories/Validate_RemainingCategoriesDetailScreen' are matched.

2018-09-05 18:34:08 - [MESSAGE][PASSED] - Actual text and expected text of test object 'Object Repository/ShopOpen/RemainingCategories/Validate_RemainingCategoriesDetailScreen' are matched.

2018-09-05 18:34:08 - [TEST_STEP][PASSED] - tap: Tapped on element 'Object Repository/ShopOpen/RemainingCategories/DisplaySpaceAvailable'

2018-09-05 18:34:08 - [MESSAGE][WARNING] - Timeout '0' is invalid. Using default page load timeout: '5'

2018-09-05 18:34:09 - [MESSAGE][PASSED] - Tapped on element 'Object Repository/ShopOpen/RemainingCategories/DisplaySpaceAvailable'

2018-09-05 18:34:09 - [TEST_STEP][PASSED] - verifyElementText: Actual text and expected text of test object 'Object Repository/ShopOpen/RemainingCategories/Validate_ProductCategoryAssetScreen' are matched.

2018-09-05 18:34:11 - [MESSAGE][PASSED] - Actual text and expected text of test object 'Object Repository/ShopOpen/RemainingCategories/Validate_ProductCategoryAssetScreen' are matched.

2018-09-05 18:34:11 - [TEST_STEP][PASSED] - tap: Tapped on element 'Object Repository/ShopOpen/RemainingCategories/Facing'

2018-09-05 18:34:11 - [MESSAGE][WARNING] - Timeout '0' is invalid. Using default page load timeout: '5'

2018-09-05 18:34:11 - [MESSAGE][PASSED] - Tapped on element 'Object Repository/ShopOpen/RemainingCategories/Facing'

2018-09-05 18:34:11 - [TEST_STEP][PASSED] - verifyElementText: Actual text and expected text of test object 'Object Repository/ShopOpen/RemainingCategories/Validate_FacingScreen' are matched.

2018-09-05 18:34:13 - [MESSAGE][PASSED] - Actual text and expected text of test object 'Object Repository/ShopOpen/RemainingCategories/Validate_FacingScreen' are matched.

2018-09-05 18:34:13 - [TEST_STEP][PASSED] - com.ct.qa.keywords.ChannelProductsDataKeywords.visitChannelWiseProductsData: com.ct.qa.keywords.ChannelProductsDataKeywords.visitChannelWiseProductsData is PASSED

2018-09-05 18:34:17 - [MESSAGE][PASSED] - Keyboard is hidden

2018-09-05 18:34:20 - [MESSAGE][PASSED] - Keyboard is hidden

2018-09-05 18:34:23 - [MESSAGE][PASSED] - Keyboard is hidden

2018-09-05 18:34:26 - [MESSAGE][PASSED] - Keyboard is hidden

2018-09-05 18:34:29 - [MESSAGE][PASSED] - Keyboard is hidden

2018-09-05 18:34:31 - [MESSAGE][PASSED] - com.ct.qa.keywords.ChannelProductsDataKeywords.visitChannelWiseProductsData is PASSED

2018-09-05 18:34:31 - [TEST_STEP][PASSED] - tap: Tapped on element 'Object Repository/ShopOpen/RemainingCategories/SubmitButton'

2018-09-05 18:34:31 - [MESSAGE][WARNING] - Timeout '0' is invalid. Using default page load timeout: '5'

2018-09-05 18:34:32 - [MESSAGE][PASSED] - Tapped on element 'Object Repository/ShopOpen/RemainingCategories/SubmitButton'

2018-09-05 18:34:32 - [TEST_STEP][PASSED] - verifyElementText: Actual text and expected text of test object 'Object Repository/ShopOpen/RemainingCategories/Validate_ProductCategoryAssetScreen' are matched.

2018-09-05 18:34:33 - [MESSAGE][PASSED] - Actual text and expected text of test object 'Object Repository/ShopOpen/RemainingCategories/Validate_ProductCategoryAssetScreen' are matched.

2018-09-05 18:34:33 - [TEST_STEP][PASSED] - tap: Tapped on element 'Object Repository/ShopOpen/RemainingCategories/StockTaking'

2018-09-05 18:34:33 - [MESSAGE][WARNING] - Timeout '0' is invalid. Using default page load timeout: '5'

2018-09-05 18:34:33 - [MESSAGE][PASSED] - Tapped on element 'Object Repository/ShopOpen/RemainingCategories/StockTaking'

2018-09-05 18:34:33 - [TEST_STEP][PASSED] - verifyElementText: Actual text and expected text of test object 'Object Repository/ShopOpen/RemainingCategories/Validate_StockTakingScreen' are matched.

2018-09-05 18:34:35 - [MESSAGE][PASSED] - Actual text and expected text of test object 'Object Repository/ShopOpen/RemainingCategories/Validate_StockTakingScreen' are matched.

2018-09-05 18:34:35 - [TEST_STEP][PASSED] - com.ct.qa.keywords.ChannelProductsDataKeywords.visitChannelWiseProductsData: com.ct.qa.keywords.ChannelProductsDataKeywords.visitChannelWiseProductsData is PASSED

2018-09-05 18:34:39 - [MESSAGE][PASSED] - Keyboard is hidden

2018-09-05 18:34:42 - [MESSAGE][PASSED] - Keyboard is hidden

2018-09-05 18:34:45 - [MESSAGE][PASSED] - Keyboard is hidden

2018-09-05 18:34:48 - [MESSAGE][PASSED] - Keyboard is hidden

2018-09-05 18:34:51 - [MESSAGE][PASSED] - Keyboard is hidden

2018-09-05 18:34:52 - [MESSAGE][PASSED] - com.ct.qa.keywords.ChannelProductsDataKeywords.visitChannelWiseProductsData is PASSED

2018-09-05 18:34:52 - [TEST_STEP][PASSED] - tap: Tapped on element 'Object Repository/ShopOpen/RemainingCategories/SubmitButton'

2018-09-05 18:34:52 - [MESSAGE][WARNING] - Timeout '0' is invalid. Using default page load timeout: '5'

2018-09-05 18:34:53 - [MESSAGE][PASSED] - Tapped on element 'Object Repository/ShopOpen/RemainingCategories/SubmitButton'

2018-09-05 18:34:53 - [TEST_STEP][PASSED] - verifyElementText: Actual text and expected text of test object 'Object Repository/ShopOpen/RemainingCategories/Validate_ProductCategoryAssetScreen' are matched.

2018-09-05 18:34:54 - [MESSAGE][PASSED] - Actual text and expected text of test object 'Object Repository/ShopOpen/RemainingCategories/Validate_ProductCategoryAssetScreen' are matched.

2018-09-05 18:34:54 - [TEST_STEP][PASSED] - tap: Tapped on element 'Object Repository/ShopOpen/RemainingCategories/planogram_ImageView'

2018-09-05 18:34:54 - [MESSAGE][WARNING] - Timeout '0' is invalid. Using default page load timeout: '5'

2018-09-05 18:34:54 - [MESSAGE][PASSED] - Tapped on element 'Object Repository/ShopOpen/RemainingCategories/planogram_ImageView'

2018-09-05 18:34:54 - [TEST_STEP][PASSED] - com.ct.qa.keywords.CommonKeywords.checkPlanogramAvailability: com.ct.qa.keywords.CommonKeywords.checkPlanogramAvailability is PASSED

2018-09-05 18:34:54 - [MESSAGE][WARNING] - Timeout '0' is invalid. Using default page load timeout: '5'

2018-09-05 18:35:00 - [MESSAGE][WARNING] - Object Object Repository/CommonScreenElements/InfoPopUp_OKButton not found
[[ATTACHMENT|F:\\Git Projects\\MMAPlus_Merchandising\\MMAPlus_Merchandising\\Reports\\MMA Plus Merchandising With Category Level(Chiller Utilization) Overwrite Scenarios\\20180905_180640\\1536154499607.png]]

2018-09-05 18:35:00 - [MESSAGE][PASSED] - com.ct.qa.keywords.CommonKeywords.checkPlanogramAvailability is PASSED

2018-09-05 18:35:00 - [TEST_STEP][PASSED] - com.ct.qa.keywords.CommonKeywords.closePlanogram: com.ct.qa.keywords.CommonKeywords.closePlanogram is PASSED

2018-09-05 18:35:01 - [MESSAGE][PASSED] - com.ct.qa.keywords.CommonKeywords.closePlanogram is PASSED

2018-09-05 18:35:01 - [TEST_STEP][PASSED] - verifyElementText: Actual text and expected text of test object 'Object Repository/ShopOpen/RemainingCategories/Validate_ProductCategoryAssetScreen' are matched.

2018-09-05 18:35:02 - [MESSAGE][PASSED] - Actual text and expected text of test object 'Object Repository/ShopOpen/RemainingCategories/Validate_ProductCategoryAssetScreen' are matched.

2018-09-05 18:35:02 - [TEST_STEP][PASSED] - com.ct.qa.keywords.CommonKeywords.findPictureImageView: com.ct.qa.keywords.CommonKeywords.findPictureImageView is PASSED

2018-09-05 18:35:02 - [MESSAGE][WARNING] - Timeout '0' is invalid. Using default page load timeout: '5'

2018-09-05 18:35:02 - [MESSAGE][PASSED] - Tapped on element 'Object Repository/CommonScreenElements/Picture_ImageView'

2018-09-05 18:35:02 - [MESSAGE][WARNING] - Timeout '0' is invalid. Using default page load timeout: '5'

2018-09-05 18:35:04 - [MESSAGE][PASSED] - Element 'Object Repository/CommonScreenElements/Validate_CameraScreen' is exist

2018-09-05 18:35:04 - [MESSAGE][WARNING] - Timeout '0' is invalid. Using default page load timeout: '5'

2018-09-05 18:35:07 - [MESSAGE][PASSED] - Tapped on element 'Object Repository/CommonScreenElements/TakePictureButton'

2018-09-05 18:35:12 - [MESSAGE][PASSED] - Delayed 5 second(s)

2018-09-05 18:35:12 - [MESSAGE][WARNING] - Timeout '0' is invalid. Using default page load timeout: '5'

2018-09-05 18:35:13 - [MESSAGE][PASSED] - Tapped on element 'Object Repository/CommonScreenElements/DoneButton'

2018-09-05 18:35:13 - [MESSAGE][PASSED] - com.ct.qa.keywords.CommonKeywords.findPictureImageView is PASSED

2018-09-05 18:35:13 - [TEST_STEP][PASSED] - verifyElementText: Actual text and expected text of test object 'Object Repository/ShopOpen/RemainingCategories/Validate_ProductCategoryAssetScreen' are matched.

2018-09-05 18:35:14 - [MESSAGE][PASSED] - Actual text and expected text of test object 'Object Repository/ShopOpen/RemainingCategories/Validate_ProductCategoryAssetScreen' are matched.

2018-09-05 18:35:14 - [TEST_STEP][PASSED] - tap: Tapped on element 'Object Repository/ShopOpen/RemainingCategories/ProductCategoryAsset_BackButton'

2018-09-05 18:35:14 - [MESSAGE][WARNING] - Timeout '0' is invalid. Using default page load timeout: '5'

2018-09-05 18:35:15 - [MESSAGE][PASSED] - Tapped on element 'Object Repository/ShopOpen/RemainingCategories/ProductCategoryAsset_BackButton'

2018-09-05 18:35:15 - [TEST_STEP][PASSED] - verifyElementExist: Element 'Object Repository/ShopOpen/Validate_ShopCategoriesListScreen' is exist

2018-09-05 18:35:15 - [MESSAGE][WARNING] - Timeout '0' is invalid. Using default page load timeout: '5'

2018-09-05 18:35:18 - [MESSAGE][PASSED] - Element 'Object Repository/ShopOpen/Validate_ShopCategoriesListScreen' is exist

2018-09-05 18:35:18 - [MESSAGE][PASSED] - Call Test Case 'Test Cases/ShopOpen/RemainingCategories/VisitRemainingCategoriesWithDSA' successfully

2018-09-05 18:35:18 - [MESSAGE][PASSED] - com.ct.qa.keywords.CategoryVisitingScenariosWithOverwritePopUpKeywords.visitShopCategoriesWith_SKDNA_CAv_DSA is PASSED

2018-09-05 18:35:18 - [MESSAGE][PASSED] - Call Test Case 'Test Cases/ShopOpen/VisitCategoryScenariosWithOverwritePopUp/VisitShopCategoriesWith_SKDNA_CAv_DSA' successfully

2018-09-05 18:35:18 - [TEST_CASE][PASSED] - Test Cases/ShopOpen/SaveShop: Test Cases/ShopOpen/SaveShop

2018-09-05 18:35:18 - [TEST_STEP][PASSED] - tap: Tapped on element 'Object Repository/ShopOpen/SubmitButtonToSaveShop'

2018-09-05 18:35:18 - [MESSAGE][WARNING] - Timeout '0' is invalid. Using default page load timeout: '5'

2018-09-05 18:35:18 - [MESSAGE][PASSED] - Tapped on element 'Object Repository/ShopOpen/SubmitButtonToSaveShop'

2018-09-05 18:35:18 - [TEST_STEP][PASSED] - verifyElementExist: Element 'Object Repository/CommonScreenElements/Validate_InfoPopUP' is exist

2018-09-05 18:35:18 - [MESSAGE][WARNING] - Timeout '0' is invalid. Using default page load timeout: '5'

2018-09-05 18:35:19 - [MESSAGE][PASSED] - Element 'Object Repository/CommonScreenElements/Validate_InfoPopUP' is exist

2018-09-05 18:35:19 - [TEST_STEP][PASSED] - tap: Tapped on element 'Object Repository/CommonScreenElements/InfoPopUp_YesButton'

2018-09-05 18:35:19 - [MESSAGE][WARNING] - Timeout '0' is invalid. Using default page load timeout: '5'

2018-09-05 18:35:21 - [MESSAGE][PASSED] - Tapped on element 'Object Repository/CommonScreenElements/InfoPopUp_YesButton'

2018-09-05 18:35:21 - [TEST_STEP][PASSED] - verifyElementText: Actual text and expected text of test object 'Object Repository/Validate_ShopListScreen' are matched.

2018-09-05 18:35:22 - [MESSAGE][PASSED] - Actual text and expected text of test object 'Object Repository/Validate_ShopListScreen' are matched.

2018-09-05 18:35:22 - [MESSAGE][PASSED] - Call Test Case 'Test Cases/ShopOpen/SaveShop' successfully

2018-09-05 18:35:22 - [MESSAGE][WARNING] - Timeout '0' is invalid. Using default page load timeout: '5'

2018-09-05 18:35:22 - [MESSAGE][PASSED] - Element 'Object Repository/Validate_ShopListScreen' is exist

2018-09-05 18:35:22 - [MESSAGE][PASSED] - com.ct.qa.keywords.ShopVisitingScenariosKeywords.visitShopsWithCategoryLevel_ChillerUtilization_Overwriting is PASSED]]></system-out>
         <system-err><![CDATA[]]></system-err>
      </testcase>
      <system-out><![CDATA[2018-09-05 18:06:43 - [TEST_SUITE][PASSED] - MMA Plus Merchandising With Category Level(Chiller Utilization) Overwrite Scenarios: Test Cases/VisitShopScenarios/VisitShopsWithCategoryLevel(Chiller Utilization)Overwriting]]></system-out>
      <system-err><![CDATA[]]></system-err>
   </testsuite>
</testsuites>
