<?xml version="1.0" encoding="UTF-8"?>
<testsuites name="MMA Plus Merchandiser With Chiller Level Overwrite Scenarios" time="1603" tests="2" failures="0" errors="0">
   <testsuite name="MMA Plus Merchandiser With Chiller Level Overwrite Scenarios" tests="2" failures="0" errors="0" time="1603" timestamp="2019-04-09 10:48:57" hostname="Fahad Shah - DESKTOP-L12UUAD" id="Test Suites/MMA Plus Merchandiser With Chiller Level Overwrite Scenarios">
      <properties>
         <property name="deviceName" value="samsung SM-J110H (Android 4.4.4)"/>
         <property name="devicePlatform" value=""/>
         <property name="logFolder" value="F:\\Git Projects\\MMAPlus_Merchandising\\MMAPlus_Merchandising\\Reports\\MMA Plus Merchandiser With Chiller Level Overwrite Scenarios\\20190409_104853"/>
         <property name="logFiles" value="F:\\Git Projects\\MMAPlus_Merchandising\\MMAPlus_Merchandising\\Reports\\MMA Plus Merchandiser With Chiller Level Overwrite Scenarios\\20190409_104853\\appium.log, F:\\Git Projects\\MMAPlus_Merchandising\\MMAPlus_Merchandising\\Reports\\MMA Plus Merchandiser With Chiller Level Overwrite Scenarios\\20190409_104853\\execution0.log"/>
         <property name="attachments" value="F:\\Git Projects\\MMAPlus_Merchandising\\MMAPlus_Merchandising\\Reports\\MMA Plus Merchandiser With Chiller Level Overwrite Scenarios\\20190409_104853\\1554789051822.png, F:\\Git Projects\\MMAPlus_Merchandising\\MMAPlus_Merchandising\\Reports\\MMA Plus Merchandiser With Chiller Level Overwrite Scenarios\\20190409_104853\\1554789081410.png, F:\\Git Projects\\MMAPlus_Merchandising\\MMAPlus_Merchandising\\Reports\\MMA Plus Merchandiser With Chiller Level Overwrite Scenarios\\20190409_104853\\1554789571458.png, F:\\Git Projects\\MMAPlus_Merchandising\\MMAPlus_Merchandising\\Reports\\MMA Plus Merchandiser With Chiller Level Overwrite Scenarios\\20190409_104853\\1554789605393.png, F:\\Git Projects\\MMAPlus_Merchandising\\MMAPlus_Merchandising\\Reports\\MMA Plus Merchandiser With Chiller Level Overwrite Scenarios\\20190409_104853\\1554789997409.png, F:\\Git Projects\\MMAPlus_Merchandising\\MMAPlus_Merchandising\\Reports\\MMA Plus Merchandiser With Chiller Level Overwrite Scenarios\\20190409_104853\\1554790244599.png, F:\\Git Projects\\MMAPlus_Merchandising\\MMAPlus_Merchandising\\Reports\\MMA Plus Merchandiser With Chiller Level Overwrite Scenarios\\20190409_104853\\1554790510645.png"/>
         <property name="hostName" value="Fahad Shah - DESKTOP-L12UUAD"/>
         <property name="os" value="Windows 10 64bit"/>
         <property name="katalonVersion" value="5.10.0.1"/>
         <property name="deviceOS" value="Android"/>
         <property name="appiumVersion" value="1.8.1"/>
         <property name="deviceModel" value="SM-J110H"/>
         <property name="hostAddress" value="192.168.3.221"/>
         <property name="deviceManufacturer" value="samsung"/>
         <property name="deviceId" value="11016e423244a24a"/>
         <property name="deviceName" value="samsung SM-J110H (Android 4.4.4)"/>
         <property name="deviceOSVersion" value="4.4.4"/>
      </properties>
      <testcase name="Test Cases/LaunchingApp/LaunchApp" classname="Test Cases/LaunchingApp/LaunchApp" status="PASSED">
         <system-out><![CDATA[2019-04-09 10:48:58 - [TEST_CASE][PASSED] - Test Cases/LaunchingApp/LaunchApp: Test Cases/LaunchingApp/LaunchApp

2019-04-09 10:48:59 - [TEST_STEP][PASSED] - startApplication("F:\QA_Automation\Builds\mmaplus_030419_local_v154.apk", false): Started app at: 'F:\QA_Automation\Builds\mmaplus_030419_local_v154.apk'

2019-04-09 10:49:20 - [MESSAGE][PASSED] - Started app at: 'F:\QA_Automation\Builds\mmaplus_030419_local_v154.apk'

2019-04-09 10:49:20 - [TEST_STEP][PASSED] - delay(5): Delayed 5 second(s)

2019-04-09 10:49:25 - [MESSAGE][PASSED] - Delayed 5 second(s)]]></system-out>
         <system-err><![CDATA[]]></system-err>
      </testcase>
      <testcase name="Test Cases/VisitShopScenarios/VisitShopsWithChillerLevelOverwriteScenarios" classname="Test Cases/VisitShopScenarios/VisitShopsWithChillerLevelOverwriteScenarios" status="PASSED">
         <system-out><![CDATA[2019-04-09 10:49:25 - [TEST_CASE][PASSED] - Test Cases/VisitShopScenarios/VisitShopsWithChillerLevelOverwriteScenarios: Test Cases/VisitShopScenarios/VisitShopsWithChillerLevelOverwriteScenarios

2019-04-09 10:49:26 - [TEST_STEP][PASSED] - verifyElementText(findTestObject("DashboardScreenElements/Validate_DashboardScreen", ["package":PACKAGENAME]), "Dashboard"): Actual text and expected text of test object 'Object Repository/DashboardScreenElements/Validate_DashboardScreen' are matched.

2019-04-09 10:49:31 - [MESSAGE][PASSED] - Actual text and expected text of test object 'Object Repository/DashboardScreenElements/Validate_DashboardScreen' are matched.

2019-04-09 10:49:31 - [TEST_STEP][PASSED] - com.ct.qa.keywords.CommonKeywords.selectday(): com.ct.qa.keywords.CommonKeywords.selectday is PASSED

2019-04-09 10:49:32 - [MESSAGE][WARNING] - Timeout '0' is invalid. Using default page load timeout: '6'

2019-04-09 10:49:33 - [MESSAGE][PASSED] - Tapped on element 'Object Repository/DashboardScreenElements/DaysDropdownMenu'

2019-04-09 10:49:33 - [MESSAGE][WARNING] - Timeout '0' is invalid. Using default page load timeout: '6'

2019-04-09 10:49:34 - [MESSAGE][PASSED] - Element 'Object Repository/DashboardScreenElements/Validate_DaysListScreen' is exist

2019-04-09 10:49:36 - [MESSAGE][PASSED] - com.ct.qa.keywords.CommonKeywords.selectday is PASSED

2019-04-09 10:49:36 - [TEST_STEP][PASSED] - tap(findTestObject("DashboardScreenElements/StartYourDay", ["package":PACKAGENAME]), 0): Tapped on element 'Object Repository/DashboardScreenElements/StartYourDay'

2019-04-09 10:49:36 - [MESSAGE][WARNING] - Timeout '0' is invalid. Using default page load timeout: '6'

2019-04-09 10:49:37 - [MESSAGE][PASSED] - Tapped on element 'Object Repository/DashboardScreenElements/StartYourDay'

2019-04-09 10:49:37 - [TEST_STEP][PASSED] - verifyElementText(findTestObject("Validate_ShopListScreen", ["package":PACKAGENAME]), "Shops on Route"): Actual text and expected text of test object 'Object Repository/Validate_ShopListScreen' are matched.

2019-04-09 10:49:39 - [MESSAGE][PASSED] - Actual text and expected text of test object 'Object Repository/Validate_ShopListScreen' are matched.

2019-04-09 10:49:39 - [TEST_STEP][PASSED] - com.ct.qa.keywords.ShopVisitingScenariosKeywords.visitShopsWith_ChillerLevel_OverwriteScenarios(): com.ct.qa.keywords.ShopVisitingScenariosKeywords.visitShopsWith_ChillerLevel_OverwriteScenarios is PASSED

2019-04-09 10:50:00 - [MESSAGE][PASSED] - Actual text and expected text of test object 'Object Repository/Validate_ShopOptionsScreen' are matched.

2019-04-09 10:50:03 - [MESSAGE][WARNING] - Timeout '0' is invalid. Using default page load timeout: '6'

2019-04-09 10:50:04 - [MESSAGE][PASSED] - Tapped on element 'Object Repository/StartWorking'

2019-04-09 10:50:19 - [MESSAGE][PASSED] - Delayed 15 second(s)

2019-04-09 10:50:20 - [MESSAGE][PASSED] - Element 'Object Repository/CommonScreenElements/Validate_MapScreen' is exist

2019-04-09 10:50:20 - [MESSAGE][WARNING] - Timeout '0' is invalid. Using default page load timeout: '6'

2019-04-09 10:50:21 - [MESSAGE][PASSED] - Tapped on element 'Object Repository/CommonScreenElements/Location_CheckIn'

2019-04-09 10:50:21 - [MESSAGE][WARNING] - Timeout '0' is invalid. Using default page load timeout: '6'

2019-04-09 10:50:22 - [MESSAGE][PASSED] - Element 'Object Repository/CommonScreenElements/Validate_InfoPopUP' is exist

2019-04-09 10:50:22 - [MESSAGE][WARNING] - Timeout '0' is invalid. Using default page load timeout: '6'

2019-04-09 10:50:23 - [MESSAGE][PASSED] - Tapped on element 'Object Repository/CommonScreenElements/InfoPopUp_NoButton'

2019-04-09 10:50:23 - [TEST_CASE][PASSED] - Test Cases/ShopOpen/VisitShopOpen: Test Cases/ShopOpen/VisitShopOpen

2019-04-09 10:50:23 - [TEST_STEP][PASSED] - verifyElementExist(findTestObject("ShopActions_List", ["package":PACKAGENAME]), 0): Element 'Object Repository/ShopActions_List' is exist

2019-04-09 10:50:23 - [MESSAGE][WARNING] - Timeout '0' is invalid. Using default page load timeout: '6'

2019-04-09 10:50:24 - [MESSAGE][PASSED] - Element 'Object Repository/ShopActions_List' is exist

2019-04-09 10:50:24 - [TEST_STEP][PASSED] - tap(findTestObject("ShopOpen/ShopOpen", ["package":PACKAGENAME]), 0): Tapped on element 'Object Repository/ShopOpen/ShopOpen'

2019-04-09 10:50:24 - [MESSAGE][WARNING] - Timeout '0' is invalid. Using default page load timeout: '6'

2019-04-09 10:50:26 - [MESSAGE][PASSED] - Tapped on element 'Object Repository/ShopOpen/ShopOpen'

2019-04-09 10:50:26 - [TEST_STEP][PASSED] - com.ct.qa.keywords.CommonKeywords.takePicture(): com.ct.qa.keywords.CommonKeywords.takePicture is PASSED

2019-04-09 10:50:26 - [MESSAGE][WARNING] - Timeout '0' is invalid. Using default page load timeout: '6'

2019-04-09 10:50:27 - [MESSAGE][PASSED] - Element 'Object Repository/CommonScreenElements/Validate_CameraScreen' is exist

2019-04-09 10:50:27 - [MESSAGE][WARNING] - Timeout '0' is invalid. Using default page load timeout: '6'

2019-04-09 10:50:30 - [MESSAGE][PASSED] - Tapped on element 'Object Repository/CommonScreenElements/Camera_flashButton'

2019-04-09 10:50:30 - [MESSAGE][WARNING] - Timeout '0' is invalid. Using default page load timeout: '6'

2019-04-09 10:50:33 - [MESSAGE][PASSED] - Tapped on element 'Object Repository/CommonScreenElements/Camera_TakePictureButton'

2019-04-09 10:50:38 - [MESSAGE][PASSED] - Delayed 5 second(s)

2019-04-09 10:50:38 - [MESSAGE][WARNING] - Timeout '0' is invalid. Using default page load timeout: '6'

2019-04-09 10:50:39 - [MESSAGE][PASSED] - Tapped on element 'Object Repository/CommonScreenElements/Camera_DoneButton'

2019-04-09 10:50:39 - [MESSAGE][PASSED] - com.ct.qa.keywords.CommonKeywords.takePicture is PASSED

2019-04-09 10:50:39 - [MESSAGE][PASSED] - Call Test Case 'Test Cases/ShopOpen/VisitShopOpen' successfully

2019-04-09 10:50:39 - [TEST_CASE][PASSED] - Test Cases/ShopOpen/VisitCategoryScenarios/VisitShopCategoriesWith_ChillerLevelOverwriteScenarios: Test Cases/ShopOpen/VisitCategoryScenarios/VisitShopCategoriesWith_ChillerLevelOverwriteScenarios

2019-04-09 10:50:39 - [TEST_STEP][PASSED] - verifyElementExist(findTestObject("ShopOpen/Validate_ShopCategoriesListScreen", ["package":PACKAGENAME]), 0): Element 'Object Repository/ShopOpen/Validate_ShopCategoriesListScreen' is exist

2019-04-09 10:50:40 - [MESSAGE][WARNING] - Timeout '0' is invalid. Using default page load timeout: '6'

2019-04-09 10:50:42 - [MESSAGE][PASSED] - Element 'Object Repository/ShopOpen/Validate_ShopCategoriesListScreen' is exist

2019-04-09 10:50:42 - [TEST_STEP][PASSED] - com.ct.qa.keywords.CategoryVisitingScenariosKeywords.visitShopCategoriesWith_ChillerLevelOverwriteScenarios(): com.ct.qa.keywords.CategoryVisitingScenariosKeywords.visitShopCategoriesWith_ChillerLevelOverwriteScenarios is PASSED

2019-04-09 10:50:43 - [MESSAGE][PASSED] - Swiped from 0,200 to 0,750

2019-04-09 10:50:43 - [MESSAGE][PASSED] - Swiped from 0,200 to 0,750

2019-04-09 10:50:45 - [MESSAGE][WARNING] - Timeout '0' is invalid. Using default page load timeout: '6'

2019-04-09 10:50:53 - [MESSAGE][WARNING] - Element 'Object Repository/CommonScreenElements/Validate_CameraScreen' not found
[[ATTACHMENT|F:\\Git Projects\\MMAPlus_Merchandising\\MMAPlus_Merchandising\\Reports\\MMA Plus Merchandiser With Chiller Level Overwrite Scenarios\\20190409_104853\\1554789051822.png]]

2019-04-09 10:50:53 - [TEST_CASE][PASSED] - Test Cases/ShopOpen/ChillerUtilization/VisitChillerScenarios_WithChillerLevel/VisitChillerUtilizationWith_ChillerAvailable: Test Cases/ShopOpen/ChillerUtilization/VisitChillerScenarios_WithChillerLevel/VisitChillerUtilizationWith_ChillerAvailable

2019-04-09 10:50:53 - [TEST_STEP][PASSED] - verifyElementText(findTestObject("ShopOpen/ChillerUtilization/Validate_ChillerUtilizationScreen", ["package":PACKAGENAME]), "Shop Chillers"): Actual text and expected text of test object 'Object Repository/ShopOpen/ChillerUtilization/Validate_ChillerUtilizationScreen' are matched.

2019-04-09 10:50:54 - [MESSAGE][PASSED] - Actual text and expected text of test object 'Object Repository/ShopOpen/ChillerUtilization/Validate_ChillerUtilizationScreen' are matched.

2019-04-09 10:50:54 - [TEST_STEP][PASSED] - com.ct.qa.keywords.ChillerVisitingScenariosKeywords.visitChillersTaggedinChillerUtilizationWithSingleRemark("Chiller Available"): com.ct.qa.keywords.ChillerVisitingScenariosKeywords.visitChillersTaggedinChillerUtilizationWithSingleRemark is PASSED

2019-04-09 10:50:55 - [MESSAGE][WARNING] - Timeout '0' is invalid. Using default page load timeout: '6'

2019-04-09 10:50:57 - [MESSAGE][PASSED] - Element 'Object Repository/CommonScreenElements/Validate_CameraScreen' is exist

2019-04-09 10:50:57 - [MESSAGE][WARNING] - Timeout '0' is invalid. Using default page load timeout: '6'

2019-04-09 10:51:01 - [MESSAGE][PASSED] - Tapped on element 'Object Repository/CommonScreenElements/Camera_flashButton'

2019-04-09 10:51:01 - [MESSAGE][WARNING] - Timeout '0' is invalid. Using default page load timeout: '6'

2019-04-09 10:51:04 - [MESSAGE][PASSED] - Tapped on element 'Object Repository/CommonScreenElements/Camera_TakePictureButton'

2019-04-09 10:51:09 - [MESSAGE][PASSED] - Delayed 5 second(s)

2019-04-09 10:51:09 - [MESSAGE][WARNING] - Timeout '0' is invalid. Using default page load timeout: '6'

2019-04-09 10:51:10 - [MESSAGE][PASSED] - Tapped on element 'Object Repository/CommonScreenElements/Camera_DoneButton'

2019-04-09 10:51:13 - [TEST_CASE][PASSED] - Test Cases/ShopOpen/ChillerUtilization/ChillerAvailable/VisitChillerAvailable: Test Cases/ShopOpen/ChillerUtilization/ChillerAvailable/VisitChillerAvailable

2019-04-09 10:51:14 - [TEST_STEP][PASSED] - verifyElementExist(findTestObject("ShopOpen/ChillerUtilization/ChillerAvailable/Validate_ChillerAvailableScreen", ["package":PACKAGENAME]), 0): Element 'Object Repository/ShopOpen/ChillerUtilization/ChillerAvailable/Validate_ChillerAvailableScreen' is exist

2019-04-09 10:51:14 - [MESSAGE][WARNING] - Timeout '0' is invalid. Using default page load timeout: '6'

2019-04-09 10:51:14 - [MESSAGE][PASSED] - Element 'Object Repository/ShopOpen/ChillerUtilization/ChillerAvailable/Validate_ChillerAvailableScreen' is exist

2019-04-09 10:51:14 - [TEST_STEP][PASSED] - tap(findTestObject("ShopOpen/ChillerUtilization/ChillerAvailable/Planogram_ImageView", ["package":PACKAGENAME]), 0): Tapped on element 'Object Repository/ShopOpen/ChillerUtilization/ChillerAvailable/Planogram_ImageView'

2019-04-09 10:51:14 - [MESSAGE][WARNING] - Timeout '0' is invalid. Using default page load timeout: '6'

2019-04-09 10:51:15 - [MESSAGE][PASSED] - Tapped on element 'Object Repository/ShopOpen/ChillerUtilization/ChillerAvailable/Planogram_ImageView'

2019-04-09 10:51:15 - [TEST_STEP][PASSED] - com.ct.qa.keywords.CommonKeywords.checkPlanogramAvailability(): com.ct.qa.keywords.CommonKeywords.checkPlanogramAvailability is PASSED

2019-04-09 10:51:15 - [MESSAGE][WARNING] - Timeout '0' is invalid. Using default page load timeout: '6'

2019-04-09 10:51:22 - [MESSAGE][WARNING] - Object Object Repository/CommonScreenElements/InfoPopUp_OKButton not found
[[ATTACHMENT|F:\\Git Projects\\MMAPlus_Merchandising\\MMAPlus_Merchandising\\Reports\\MMA Plus Merchandiser With Chiller Level Overwrite Scenarios\\20190409_104853\\1554789081410.png]]

2019-04-09 10:51:22 - [MESSAGE][PASSED] - com.ct.qa.keywords.CommonKeywords.checkPlanogramAvailability is PASSED

2019-04-09 10:51:22 - [TEST_STEP][PASSED] - com.ct.qa.keywords.CommonKeywords.closePlanogram(): com.ct.qa.keywords.CommonKeywords.closePlanogram is PASSED

2019-04-09 10:51:24 - [MESSAGE][PASSED] - com.ct.qa.keywords.CommonKeywords.closePlanogram is PASSED

2019-04-09 10:51:24 - [TEST_STEP][PASSED] - verifyElementExist(findTestObject("ShopOpen/ChillerUtilization/ChillerAvailable/Validate_ChillerAvailableScreen", ["package":PACKAGENAME]), 0): Element 'Object Repository/ShopOpen/ChillerUtilization/ChillerAvailable/Validate_ChillerAvailableScreen' is exist

2019-04-09 10:51:24 - [MESSAGE][WARNING] - Timeout '0' is invalid. Using default page load timeout: '6'

2019-04-09 10:51:24 - [MESSAGE][PASSED] - Element 'Object Repository/ShopOpen/ChillerUtilization/ChillerAvailable/Validate_ChillerAvailableScreen' is exist

2019-04-09 10:51:24 - [TEST_STEP][PASSED] - tap(findTestObject("ShopOpen/ChillerUtilization/ChillerAvailable/Depth1_TakePicture", ["package":PACKAGENAME]), 0): Tapped on element 'Object Repository/ShopOpen/ChillerUtilization/ChillerAvailable/Depth1_TakePicture'

2019-04-09 10:51:24 - [MESSAGE][WARNING] - Timeout '0' is invalid. Using default page load timeout: '6'

2019-04-09 10:51:26 - [MESSAGE][PASSED] - Tapped on element 'Object Repository/ShopOpen/ChillerUtilization/ChillerAvailable/Depth1_TakePicture'

2019-04-09 10:51:26 - [TEST_STEP][PASSED] - com.ct.qa.keywords.CommonKeywords.takePicture(): com.ct.qa.keywords.CommonKeywords.takePicture is PASSED

2019-04-09 10:51:26 - [MESSAGE][WARNING] - Timeout '0' is invalid. Using default page load timeout: '6'

2019-04-09 10:51:27 - [MESSAGE][PASSED] - Element 'Object Repository/CommonScreenElements/Validate_CameraScreen' is exist

2019-04-09 10:51:27 - [MESSAGE][WARNING] - Timeout '0' is invalid. Using default page load timeout: '6'

2019-04-09 10:51:30 - [MESSAGE][PASSED] - Tapped on element 'Object Repository/CommonScreenElements/Camera_flashButton'

2019-04-09 10:51:30 - [MESSAGE][WARNING] - Timeout '0' is invalid. Using default page load timeout: '6'

2019-04-09 10:51:34 - [MESSAGE][PASSED] - Tapped on element 'Object Repository/CommonScreenElements/Camera_TakePictureButton'

2019-04-09 10:51:39 - [MESSAGE][PASSED] - Delayed 5 second(s)

2019-04-09 10:51:39 - [MESSAGE][WARNING] - Timeout '0' is invalid. Using default page load timeout: '6'

2019-04-09 10:51:40 - [MESSAGE][PASSED] - Tapped on element 'Object Repository/CommonScreenElements/Camera_DoneButton'

2019-04-09 10:51:40 - [MESSAGE][PASSED] - com.ct.qa.keywords.CommonKeywords.takePicture is PASSED

2019-04-09 10:51:40 - [TEST_STEP][PASSED] - verifyElementExist(findTestObject("ShopOpen/ChillerUtilization/ChillerAvailable/Validate_ChillerAvailableScreen", ["package":PACKAGENAME]), 0): Element 'Object Repository/ShopOpen/ChillerUtilization/ChillerAvailable/Validate_ChillerAvailableScreen' is exist

2019-04-09 10:51:40 - [MESSAGE][WARNING] - Timeout '0' is invalid. Using default page load timeout: '6'

2019-04-09 10:51:40 - [MESSAGE][PASSED] - Element 'Object Repository/ShopOpen/ChillerUtilization/ChillerAvailable/Validate_ChillerAvailableScreen' is exist

2019-04-09 10:51:40 - [TEST_STEP][PASSED] - tap(findTestObject("ShopOpen/ChillerUtilization/ChillerAvailable/Depth2TakePicture", ["package":PACKAGENAME]), 0): Tapped on element 'Object Repository/ShopOpen/ChillerUtilization/ChillerAvailable/Depth2TakePicture'

2019-04-09 10:51:40 - [MESSAGE][WARNING] - Timeout '0' is invalid. Using default page load timeout: '6'

2019-04-09 10:51:42 - [MESSAGE][PASSED] - Tapped on element 'Object Repository/ShopOpen/ChillerUtilization/ChillerAvailable/Depth2TakePicture'

2019-04-09 10:51:42 - [TEST_STEP][PASSED] - com.ct.qa.keywords.CommonKeywords.takePicture(): com.ct.qa.keywords.CommonKeywords.takePicture is PASSED

2019-04-09 10:51:42 - [MESSAGE][WARNING] - Timeout '0' is invalid. Using default page load timeout: '6'

2019-04-09 10:51:43 - [MESSAGE][PASSED] - Element 'Object Repository/CommonScreenElements/Validate_CameraScreen' is exist

2019-04-09 10:51:43 - [MESSAGE][WARNING] - Timeout '0' is invalid. Using default page load timeout: '6'

2019-04-09 10:51:46 - [MESSAGE][PASSED] - Tapped on element 'Object Repository/CommonScreenElements/Camera_flashButton'

2019-04-09 10:51:46 - [MESSAGE][WARNING] - Timeout '0' is invalid. Using default page load timeout: '6'

2019-04-09 10:51:49 - [MESSAGE][PASSED] - Tapped on element 'Object Repository/CommonScreenElements/Camera_TakePictureButton'

2019-04-09 10:51:54 - [MESSAGE][PASSED] - Delayed 5 second(s)

2019-04-09 10:51:54 - [MESSAGE][WARNING] - Timeout '0' is invalid. Using default page load timeout: '6'

2019-04-09 10:51:55 - [MESSAGE][PASSED] - Tapped on element 'Object Repository/CommonScreenElements/Camera_DoneButton'

2019-04-09 10:51:55 - [MESSAGE][PASSED] - com.ct.qa.keywords.CommonKeywords.takePicture is PASSED

2019-04-09 10:51:55 - [TEST_STEP][PASSED] - verifyElementExist(findTestObject("ShopOpen/ChillerUtilization/ChillerAvailable/Validate_ChillerAvailableScreen", ["package":PACKAGENAME]), 0): Element 'Object Repository/ShopOpen/ChillerUtilization/ChillerAvailable/Validate_ChillerAvailableScreen' is exist

2019-04-09 10:51:55 - [MESSAGE][WARNING] - Timeout '0' is invalid. Using default page load timeout: '6'

2019-04-09 10:51:56 - [MESSAGE][PASSED] - Element 'Object Repository/ShopOpen/ChillerUtilization/ChillerAvailable/Validate_ChillerAvailableScreen' is exist

2019-04-09 10:51:56 - [TEST_STEP][PASSED] - tap(findTestObject("ShopOpen/ChillerUtilization/ChillerAvailable/NextButton", ["package":PACKAGENAME]), 0): Tapped on element 'Object Repository/ShopOpen/ChillerUtilization/ChillerAvailable/NextButton'

2019-04-09 10:51:56 - [MESSAGE][WARNING] - Timeout '0' is invalid. Using default page load timeout: '6'

2019-04-09 10:51:57 - [MESSAGE][PASSED] - Tapped on element 'Object Repository/ShopOpen/ChillerUtilization/ChillerAvailable/NextButton'

2019-04-09 10:51:57 - [TEST_STEP][PASSED] - verifyElementText(findTestObject("ShopOpen/ChillerUtilization/ChillerAvailable/Validate_ChillerProductsCategoriesScreen", ["package":PACKAGENAME]), "Category:Chiller Utilization"): Actual text and expected text of test object 'Object Repository/ShopOpen/ChillerUtilization/ChillerAvailable/Validate_ChillerProductsCategoriesScreen' are matched.

2019-04-09 10:51:59 - [MESSAGE][PASSED] - Actual text and expected text of test object 'Object Repository/ShopOpen/ChillerUtilization/ChillerAvailable/Validate_ChillerProductsCategoriesScreen' are matched.

2019-04-09 10:51:59 - [TEST_STEP][PASSED] - com.ct.qa.keywords.ChillerProductsDataKeywords.visitChillerAvailableProductCategories(1): com.ct.qa.keywords.ChillerProductsDataKeywords.visitChillerAvailableProductCategories is PASSED

2019-04-09 10:52:04 - [TEST_CASE][PASSED] - Test Cases/ShopOpen/ChillerUtilization/ChillerAvailable/VisitProductCategoryAssets: Test Cases/ShopOpen/ChillerUtilization/ChillerAvailable/VisitProductCategoryAssets

2019-04-09 10:52:05 - [TEST_STEP][PASSED] - verifyElementText(findTestObject("ShopOpen/ChillerUtilization/ChillerAvailable/Validate_ProductCategoryAssetScreen", ["package":PACKAGENAME]), "Facing"): Actual text and expected text of test object 'Object Repository/ShopOpen/ChillerUtilization/ChillerAvailable/Validate_ProductCategoryAssetScreen' are matched.

2019-04-09 10:52:06 - [MESSAGE][PASSED] - Actual text and expected text of test object 'Object Repository/ShopOpen/ChillerUtilization/ChillerAvailable/Validate_ProductCategoryAssetScreen' are matched.

2019-04-09 10:52:06 - [TEST_STEP][PASSED] - tap(findTestObject("ShopOpen/ChillerUtilization/ChillerAvailable/Facing", ["package":PACKAGENAME]), 0): Tapped on element 'Object Repository/ShopOpen/ChillerUtilization/ChillerAvailable/Facing'

2019-04-09 10:52:06 - [MESSAGE][WARNING] - Timeout '0' is invalid. Using default page load timeout: '6'

2019-04-09 10:52:07 - [MESSAGE][PASSED] - Tapped on element 'Object Repository/ShopOpen/ChillerUtilization/ChillerAvailable/Facing'

2019-04-09 10:52:07 - [TEST_STEP][PASSED] - verifyElementText(findTestObject("ShopOpen/ChillerUtilization/ChillerAvailable/Validate_FacingScreen", ["package":PACKAGENAME]), "Facing"): Actual text and expected text of test object 'Object Repository/ShopOpen/ChillerUtilization/ChillerAvailable/Validate_FacingScreen' are matched.

2019-04-09 10:52:09 - [MESSAGE][PASSED] - Actual text and expected text of test object 'Object Repository/ShopOpen/ChillerUtilization/ChillerAvailable/Validate_FacingScreen' are matched.

2019-04-09 10:52:09 - [TEST_STEP][PASSED] - com.ct.qa.keywords.ChillerProductsDataKeywords.visitChillerAvailableProductsData(CHILLER_FACING, "Facing"): com.ct.qa.keywords.ChillerProductsDataKeywords.visitChillerAvailableProductsData is PASSED

2019-04-09 10:52:13 - [MESSAGE][PASSED] - Keyboard is hidden

2019-04-09 10:52:14 - [MESSAGE][PASSED] - Swiped from 117,359 to 117,250

2019-04-09 10:52:15 - [MESSAGE][PASSED] - com.ct.qa.keywords.ChillerProductsDataKeywords.visitChillerAvailableProductsData is PASSED

2019-04-09 10:52:15 - [TEST_STEP][PASSED] - tap(findTestObject("ShopOpen/ChillerUtilization/ChillerAvailable/SubmitButton", ["package":PACKAGENAME]), 0): Tapped on element 'Object Repository/ShopOpen/ChillerUtilization/ChillerAvailable/SubmitButton'

2019-04-09 10:52:15 - [MESSAGE][WARNING] - Timeout '0' is invalid. Using default page load timeout: '6'

2019-04-09 10:52:16 - [MESSAGE][PASSED] - Tapped on element 'Object Repository/ShopOpen/ChillerUtilization/ChillerAvailable/SubmitButton'

2019-04-09 10:52:16 - [TEST_STEP][PASSED] - verifyElementText(findTestObject("ShopOpen/ChillerUtilization/ChillerAvailable/Validate_ProductCategoryAssetScreen", ["package":PACKAGENAME]), "Facing"): Actual text and expected text of test object 'Object Repository/ShopOpen/ChillerUtilization/ChillerAvailable/Validate_ProductCategoryAssetScreen' are matched.

2019-04-09 10:52:17 - [MESSAGE][PASSED] - Actual text and expected text of test object 'Object Repository/ShopOpen/ChillerUtilization/ChillerAvailable/Validate_ProductCategoryAssetScreen' are matched.

2019-04-09 10:52:17 - [TEST_STEP][PASSED] - tap(findTestObject("ShopOpen/ChillerUtilization/ChillerAvailable/Depth", ["package":PACKAGENAME]), 0): Tapped on element 'Object Repository/ShopOpen/ChillerUtilization/ChillerAvailable/Depth'

2019-04-09 10:52:17 - [MESSAGE][WARNING] - Timeout '0' is invalid. Using default page load timeout: '6'

2019-04-09 10:52:17 - [MESSAGE][PASSED] - Tapped on element 'Object Repository/ShopOpen/ChillerUtilization/ChillerAvailable/Depth'

2019-04-09 10:52:17 - [TEST_STEP][PASSED] - verifyElementText(findTestObject("ShopOpen/ChillerUtilization/ChillerAvailable/Validate_DepthScreen", ["package":PACKAGENAME]), "Depth"): Actual text and expected text of test object 'Object Repository/ShopOpen/ChillerUtilization/ChillerAvailable/Validate_DepthScreen' are matched.

2019-04-09 10:52:19 - [MESSAGE][PASSED] - Actual text and expected text of test object 'Object Repository/ShopOpen/ChillerUtilization/ChillerAvailable/Validate_DepthScreen' are matched.

2019-04-09 10:52:19 - [TEST_STEP][PASSED] - com.ct.qa.keywords.ChillerProductsDataKeywords.visitChillerAvailableProductsData(CHILLER_DEPTH, "Depth"): com.ct.qa.keywords.ChillerProductsDataKeywords.visitChillerAvailableProductsData is PASSED

2019-04-09 10:52:23 - [MESSAGE][PASSED] - Keyboard is hidden

2019-04-09 10:52:24 - [MESSAGE][PASSED] - Swiped from 117,359 to 117,250

2019-04-09 10:52:25 - [MESSAGE][PASSED] - com.ct.qa.keywords.ChillerProductsDataKeywords.visitChillerAvailableProductsData is PASSED

2019-04-09 10:52:25 - [TEST_STEP][PASSED] - tap(findTestObject("ShopOpen/ChillerUtilization/ChillerAvailable/SubmitButton", ["package":PACKAGENAME]), 0): Tapped on element 'Object Repository/ShopOpen/ChillerUtilization/ChillerAvailable/SubmitButton'

2019-04-09 10:52:25 - [MESSAGE][WARNING] - Timeout '0' is invalid. Using default page load timeout: '6'

2019-04-09 10:52:26 - [MESSAGE][PASSED] - Tapped on element 'Object Repository/ShopOpen/ChillerUtilization/ChillerAvailable/SubmitButton'

2019-04-09 10:52:26 - [TEST_STEP][PASSED] - verifyElementText(findTestObject("ShopOpen/ChillerUtilization/ChillerAvailable/Validate_ProductCategoryAssetScreen", ["package":PACKAGENAME]), "Facing"): Actual text and expected text of test object 'Object Repository/ShopOpen/ChillerUtilization/ChillerAvailable/Validate_ProductCategoryAssetScreen' are matched.

2019-04-09 10:52:27 - [MESSAGE][PASSED] - Actual text and expected text of test object 'Object Repository/ShopOpen/ChillerUtilization/ChillerAvailable/Validate_ProductCategoryAssetScreen' are matched.

2019-04-09 10:52:27 - [TEST_STEP][PASSED] - tap(findTestObject("ShopOpen/ChillerUtilization/ChillerAvailable/StockCount", ["package":PACKAGENAME]), 0): Tapped on element 'Object Repository/ShopOpen/ChillerUtilization/ChillerAvailable/StockCount'

2019-04-09 10:52:27 - [MESSAGE][WARNING] - Timeout '0' is invalid. Using default page load timeout: '6'

2019-04-09 10:52:27 - [MESSAGE][PASSED] - Tapped on element 'Object Repository/ShopOpen/ChillerUtilization/ChillerAvailable/StockCount'

2019-04-09 10:52:27 - [TEST_STEP][PASSED] - verifyElementText(findTestObject("ShopOpen/ChillerUtilization/ChillerAvailable/Validate_StockCountScreen", ["package":PACKAGENAME]), "Stock Count"): Actual text and expected text of test object 'Object Repository/ShopOpen/ChillerUtilization/ChillerAvailable/Validate_StockCountScreen' are matched.

2019-04-09 10:52:29 - [MESSAGE][PASSED] - Actual text and expected text of test object 'Object Repository/ShopOpen/ChillerUtilization/ChillerAvailable/Validate_StockCountScreen' are matched.

2019-04-09 10:52:29 - [TEST_STEP][PASSED] - com.ct.qa.keywords.ChillerProductsDataKeywords.visitChillerAvailableProductsData(CHILLER_STOCKCOUNT, "Stock Count"): com.ct.qa.keywords.ChillerProductsDataKeywords.visitChillerAvailableProductsData is PASSED

2019-04-09 10:52:33 - [MESSAGE][PASSED] - Keyboard is hidden

2019-04-09 10:52:34 - [MESSAGE][PASSED] - Swiped from 117,359 to 117,250

2019-04-09 10:52:35 - [MESSAGE][PASSED] - com.ct.qa.keywords.ChillerProductsDataKeywords.visitChillerAvailableProductsData is PASSED

2019-04-09 10:52:35 - [TEST_STEP][PASSED] - tap(findTestObject("ShopOpen/ChillerUtilization/ChillerAvailable/SubmitButton", ["package":PACKAGENAME]), 0): Tapped on element 'Object Repository/ShopOpen/ChillerUtilization/ChillerAvailable/SubmitButton'

2019-04-09 10:52:35 - [MESSAGE][WARNING] - Timeout '0' is invalid. Using default page load timeout: '6'

2019-04-09 10:52:36 - [MESSAGE][PASSED] - Tapped on element 'Object Repository/ShopOpen/ChillerUtilization/ChillerAvailable/SubmitButton'

2019-04-09 10:52:36 - [TEST_STEP][PASSED] - verifyElementText(findTestObject("ShopOpen/ChillerUtilization/ChillerAvailable/Validate_ProductCategoryAssetScreen", ["package":PACKAGENAME]), "Facing"): Actual text and expected text of test object 'Object Repository/ShopOpen/ChillerUtilization/ChillerAvailable/Validate_ProductCategoryAssetScreen' are matched.

2019-04-09 10:52:37 - [MESSAGE][PASSED] - Actual text and expected text of test object 'Object Repository/ShopOpen/ChillerUtilization/ChillerAvailable/Validate_ProductCategoryAssetScreen' are matched.

2019-04-09 10:52:37 - [TEST_STEP][PASSED] - tap(findTestObject("ShopOpen/ChillerUtilization/ChillerAvailable/PorductCategoryActions_BackButton", ["package":PACKAGENAME]), 0): Tapped on element 'Object Repository/ShopOpen/ChillerUtilization/ChillerAvailable/PorductCategoryActions_BackButton'

2019-04-09 10:52:37 - [MESSAGE][WARNING] - Timeout '0' is invalid. Using default page load timeout: '6'

2019-04-09 10:52:38 - [MESSAGE][PASSED] - Tapped on element 'Object Repository/ShopOpen/ChillerUtilization/ChillerAvailable/PorductCategoryActions_BackButton'

2019-04-09 10:52:38 - [TEST_STEP][PASSED] - verifyElementText(findTestObject("ShopOpen/ChillerUtilization/ChillerAvailable/Validate_ChillerProductsCategoriesScreen", ["package":PACKAGENAME]), "Category:Chiller Utilization"): Actual text and expected text of test object 'Object Repository/ShopOpen/ChillerUtilization/ChillerAvailable/Validate_ChillerProductsCategoriesScreen' are matched.

2019-04-09 10:52:39 - [MESSAGE][PASSED] - Actual text and expected text of test object 'Object Repository/ShopOpen/ChillerUtilization/ChillerAvailable/Validate_ChillerProductsCategoriesScreen' are matched.

2019-04-09 10:52:39 - [MESSAGE][PASSED] - Call Test Case 'Test Cases/ShopOpen/ChillerUtilization/ChillerAvailable/VisitProductCategoryAssets' successfully

2019-04-09 10:52:40 - [TEST_CASE][PASSED] - Test Cases/ShopOpen/ChillerUtilization/ChillerAvailable/VisitProductCategoryAssets: Test Cases/ShopOpen/ChillerUtilization/ChillerAvailable/VisitProductCategoryAssets

2019-04-09 10:52:40 - [TEST_STEP][PASSED] - verifyElementText(findTestObject("ShopOpen/ChillerUtilization/ChillerAvailable/Validate_ProductCategoryAssetScreen", ["package":PACKAGENAME]), "Facing"): Actual text and expected text of test object 'Object Repository/ShopOpen/ChillerUtilization/ChillerAvailable/Validate_ProductCategoryAssetScreen' are matched.

2019-04-09 10:52:42 - [MESSAGE][PASSED] - Actual text and expected text of test object 'Object Repository/ShopOpen/ChillerUtilization/ChillerAvailable/Validate_ProductCategoryAssetScreen' are matched.

2019-04-09 10:52:42 - [TEST_STEP][PASSED] - tap(findTestObject("ShopOpen/ChillerUtilization/ChillerAvailable/Facing", ["package":PACKAGENAME]), 0): Tapped on element 'Object Repository/ShopOpen/ChillerUtilization/ChillerAvailable/Facing'

2019-04-09 10:52:42 - [MESSAGE][WARNING] - Timeout '0' is invalid. Using default page load timeout: '6'

2019-04-09 10:52:42 - [MESSAGE][PASSED] - Tapped on element 'Object Repository/ShopOpen/ChillerUtilization/ChillerAvailable/Facing'

2019-04-09 10:52:42 - [TEST_STEP][PASSED] - verifyElementText(findTestObject("ShopOpen/ChillerUtilization/ChillerAvailable/Validate_FacingScreen", ["package":PACKAGENAME]), "Facing"): Actual text and expected text of test object 'Object Repository/ShopOpen/ChillerUtilization/ChillerAvailable/Validate_FacingScreen' are matched.

2019-04-09 10:52:43 - [MESSAGE][PASSED] - Actual text and expected text of test object 'Object Repository/ShopOpen/ChillerUtilization/ChillerAvailable/Validate_FacingScreen' are matched.

2019-04-09 10:52:43 - [TEST_STEP][PASSED] - com.ct.qa.keywords.ChillerProductsDataKeywords.visitChillerAvailableProductsData(CHILLER_FACING, "Facing"): com.ct.qa.keywords.ChillerProductsDataKeywords.visitChillerAvailableProductsData is PASSED

2019-04-09 10:52:48 - [MESSAGE][PASSED] - Keyboard is hidden

2019-04-09 10:52:51 - [MESSAGE][PASSED] - Keyboard is hidden

2019-04-09 10:52:54 - [MESSAGE][PASSED] - Keyboard is hidden

2019-04-09 10:52:56 - [MESSAGE][PASSED] - Swiped from 25,359 to 25,250

2019-04-09 10:52:56 - [MESSAGE][PASSED] - com.ct.qa.keywords.ChillerProductsDataKeywords.visitChillerAvailableProductsData is PASSED

2019-04-09 10:52:56 - [TEST_STEP][PASSED] - tap(findTestObject("ShopOpen/ChillerUtilization/ChillerAvailable/SubmitButton", ["package":PACKAGENAME]), 0): Tapped on element 'Object Repository/ShopOpen/ChillerUtilization/ChillerAvailable/SubmitButton'

2019-04-09 10:52:56 - [MESSAGE][WARNING] - Timeout '0' is invalid. Using default page load timeout: '6'

2019-04-09 10:52:57 - [MESSAGE][PASSED] - Tapped on element 'Object Repository/ShopOpen/ChillerUtilization/ChillerAvailable/SubmitButton'

2019-04-09 10:52:57 - [TEST_STEP][PASSED] - verifyElementText(findTestObject("ShopOpen/ChillerUtilization/ChillerAvailable/Validate_ProductCategoryAssetScreen", ["package":PACKAGENAME]), "Facing"): Actual text and expected text of test object 'Object Repository/ShopOpen/ChillerUtilization/ChillerAvailable/Validate_ProductCategoryAssetScreen' are matched.

2019-04-09 10:52:58 - [MESSAGE][PASSED] - Actual text and expected text of test object 'Object Repository/ShopOpen/ChillerUtilization/ChillerAvailable/Validate_ProductCategoryAssetScreen' are matched.

2019-04-09 10:52:58 - [TEST_STEP][PASSED] - tap(findTestObject("ShopOpen/ChillerUtilization/ChillerAvailable/Depth", ["package":PACKAGENAME]), 0): Tapped on element 'Object Repository/ShopOpen/ChillerUtilization/ChillerAvailable/Depth'

2019-04-09 10:52:58 - [MESSAGE][WARNING] - Timeout '0' is invalid. Using default page load timeout: '6'

2019-04-09 10:52:59 - [MESSAGE][PASSED] - Tapped on element 'Object Repository/ShopOpen/ChillerUtilization/ChillerAvailable/Depth'

2019-04-09 10:52:59 - [TEST_STEP][PASSED] - verifyElementText(findTestObject("ShopOpen/ChillerUtilization/ChillerAvailable/Validate_DepthScreen", ["package":PACKAGENAME]), "Depth"): Actual text and expected text of test object 'Object Repository/ShopOpen/ChillerUtilization/ChillerAvailable/Validate_DepthScreen' are matched.

2019-04-09 10:53:01 - [MESSAGE][PASSED] - Actual text and expected text of test object 'Object Repository/ShopOpen/ChillerUtilization/ChillerAvailable/Validate_DepthScreen' are matched.

2019-04-09 10:53:01 - [TEST_STEP][PASSED] - com.ct.qa.keywords.ChillerProductsDataKeywords.visitChillerAvailableProductsData(CHILLER_DEPTH, "Depth"): com.ct.qa.keywords.ChillerProductsDataKeywords.visitChillerAvailableProductsData is PASSED

2019-04-09 10:53:05 - [MESSAGE][PASSED] - Keyboard is hidden

2019-04-09 10:53:08 - [MESSAGE][PASSED] - Keyboard is hidden

2019-04-09 10:53:11 - [MESSAGE][PASSED] - Keyboard is hidden

2019-04-09 10:53:12 - [MESSAGE][PASSED] - Swiped from 25,359 to 25,250

2019-04-09 10:53:13 - [MESSAGE][PASSED] - com.ct.qa.keywords.ChillerProductsDataKeywords.visitChillerAvailableProductsData is PASSED

2019-04-09 10:53:13 - [TEST_STEP][PASSED] - tap(findTestObject("ShopOpen/ChillerUtilization/ChillerAvailable/SubmitButton", ["package":PACKAGENAME]), 0): Tapped on element 'Object Repository/ShopOpen/ChillerUtilization/ChillerAvailable/SubmitButton'

2019-04-09 10:53:13 - [MESSAGE][WARNING] - Timeout '0' is invalid. Using default page load timeout: '6'

2019-04-09 10:53:14 - [MESSAGE][PASSED] - Tapped on element 'Object Repository/ShopOpen/ChillerUtilization/ChillerAvailable/SubmitButton'

2019-04-09 10:53:14 - [TEST_STEP][PASSED] - verifyElementText(findTestObject("ShopOpen/ChillerUtilization/ChillerAvailable/Validate_ProductCategoryAssetScreen", ["package":PACKAGENAME]), "Facing"): Actual text and expected text of test object 'Object Repository/ShopOpen/ChillerUtilization/ChillerAvailable/Validate_ProductCategoryAssetScreen' are matched.

2019-04-09 10:53:15 - [MESSAGE][PASSED] - Actual text and expected text of test object 'Object Repository/ShopOpen/ChillerUtilization/ChillerAvailable/Validate_ProductCategoryAssetScreen' are matched.

2019-04-09 10:53:15 - [TEST_STEP][PASSED] - tap(findTestObject("ShopOpen/ChillerUtilization/ChillerAvailable/StockCount", ["package":PACKAGENAME]), 0): Tapped on element 'Object Repository/ShopOpen/ChillerUtilization/ChillerAvailable/StockCount'

2019-04-09 10:53:15 - [MESSAGE][WARNING] - Timeout '0' is invalid. Using default page load timeout: '6'

2019-04-09 10:53:15 - [MESSAGE][PASSED] - Tapped on element 'Object Repository/ShopOpen/ChillerUtilization/ChillerAvailable/StockCount'

2019-04-09 10:53:15 - [TEST_STEP][PASSED] - verifyElementText(findTestObject("ShopOpen/ChillerUtilization/ChillerAvailable/Validate_StockCountScreen", ["package":PACKAGENAME]), "Stock Count"): Actual text and expected text of test object 'Object Repository/ShopOpen/ChillerUtilization/ChillerAvailable/Validate_StockCountScreen' are matched.

2019-04-09 10:53:17 - [MESSAGE][PASSED] - Actual text and expected text of test object 'Object Repository/ShopOpen/ChillerUtilization/ChillerAvailable/Validate_StockCountScreen' are matched.

2019-04-09 10:53:17 - [TEST_STEP][PASSED] - com.ct.qa.keywords.ChillerProductsDataKeywords.visitChillerAvailableProductsData(CHILLER_STOCKCOUNT, "Stock Count"): com.ct.qa.keywords.ChillerProductsDataKeywords.visitChillerAvailableProductsData is PASSED

2019-04-09 10:53:22 - [MESSAGE][PASSED] - Keyboard is hidden

2019-04-09 10:53:25 - [MESSAGE][PASSED] - Keyboard is hidden

2019-04-09 10:53:28 - [MESSAGE][PASSED] - Keyboard is hidden

2019-04-09 10:53:29 - [MESSAGE][PASSED] - Swiped from 25,359 to 25,250

2019-04-09 10:53:30 - [MESSAGE][PASSED] - com.ct.qa.keywords.ChillerProductsDataKeywords.visitChillerAvailableProductsData is PASSED

2019-04-09 10:53:30 - [TEST_STEP][PASSED] - tap(findTestObject("ShopOpen/ChillerUtilization/ChillerAvailable/SubmitButton", ["package":PACKAGENAME]), 0): Tapped on element 'Object Repository/ShopOpen/ChillerUtilization/ChillerAvailable/SubmitButton'

2019-04-09 10:53:30 - [MESSAGE][WARNING] - Timeout '0' is invalid. Using default page load timeout: '6'

2019-04-09 10:53:31 - [MESSAGE][PASSED] - Tapped on element 'Object Repository/ShopOpen/ChillerUtilization/ChillerAvailable/SubmitButton'

2019-04-09 10:53:31 - [TEST_STEP][PASSED] - verifyElementText(findTestObject("ShopOpen/ChillerUtilization/ChillerAvailable/Validate_ProductCategoryAssetScreen", ["package":PACKAGENAME]), "Facing"): Actual text and expected text of test object 'Object Repository/ShopOpen/ChillerUtilization/ChillerAvailable/Validate_ProductCategoryAssetScreen' are matched.

2019-04-09 10:53:32 - [MESSAGE][PASSED] - Actual text and expected text of test object 'Object Repository/ShopOpen/ChillerUtilization/ChillerAvailable/Validate_ProductCategoryAssetScreen' are matched.

2019-04-09 10:53:32 - [TEST_STEP][PASSED] - tap(findTestObject("ShopOpen/ChillerUtilization/ChillerAvailable/PorductCategoryActions_BackButton", ["package":PACKAGENAME]), 0): Tapped on element 'Object Repository/ShopOpen/ChillerUtilization/ChillerAvailable/PorductCategoryActions_BackButton'

2019-04-09 10:53:32 - [MESSAGE][WARNING] - Timeout '0' is invalid. Using default page load timeout: '6'

2019-04-09 10:53:32 - [MESSAGE][PASSED] - Tapped on element 'Object Repository/ShopOpen/ChillerUtilization/ChillerAvailable/PorductCategoryActions_BackButton'

2019-04-09 10:53:32 - [TEST_STEP][PASSED] - verifyElementText(findTestObject("ShopOpen/ChillerUtilization/ChillerAvailable/Validate_ChillerProductsCategoriesScreen", ["package":PACKAGENAME]), "Category:Chiller Utilization"): Actual text and expected text of test object 'Object Repository/ShopOpen/ChillerUtilization/ChillerAvailable/Validate_ChillerProductsCategoriesScreen' are matched.

2019-04-09 10:53:33 - [MESSAGE][PASSED] - Actual text and expected text of test object 'Object Repository/ShopOpen/ChillerUtilization/ChillerAvailable/Validate_ChillerProductsCategoriesScreen' are matched.

2019-04-09 10:53:33 - [MESSAGE][PASSED] - Call Test Case 'Test Cases/ShopOpen/ChillerUtilization/ChillerAvailable/VisitProductCategoryAssets' successfully

2019-04-09 10:53:34 - [TEST_CASE][PASSED] - Test Cases/ShopOpen/ChillerUtilization/ChillerAvailable/VisitProductCategoryAssets: Test Cases/ShopOpen/ChillerUtilization/ChillerAvailable/VisitProductCategoryAssets

2019-04-09 10:53:34 - [TEST_STEP][PASSED] - verifyElementText(findTestObject("ShopOpen/ChillerUtilization/ChillerAvailable/Validate_ProductCategoryAssetScreen", ["package":PACKAGENAME]), "Facing"): Actual text and expected text of test object 'Object Repository/ShopOpen/ChillerUtilization/ChillerAvailable/Validate_ProductCategoryAssetScreen' are matched.

2019-04-09 10:53:36 - [MESSAGE][PASSED] - Actual text and expected text of test object 'Object Repository/ShopOpen/ChillerUtilization/ChillerAvailable/Validate_ProductCategoryAssetScreen' are matched.

2019-04-09 10:53:36 - [TEST_STEP][PASSED] - tap(findTestObject("ShopOpen/ChillerUtilization/ChillerAvailable/Facing", ["package":PACKAGENAME]), 0): Tapped on element 'Object Repository/ShopOpen/ChillerUtilization/ChillerAvailable/Facing'

2019-04-09 10:53:36 - [MESSAGE][WARNING] - Timeout '0' is invalid. Using default page load timeout: '6'

2019-04-09 10:53:37 - [MESSAGE][PASSED] - Tapped on element 'Object Repository/ShopOpen/ChillerUtilization/ChillerAvailable/Facing'

2019-04-09 10:53:37 - [TEST_STEP][PASSED] - verifyElementText(findTestObject("ShopOpen/ChillerUtilization/ChillerAvailable/Validate_FacingScreen", ["package":PACKAGENAME]), "Facing"): Actual text and expected text of test object 'Object Repository/ShopOpen/ChillerUtilization/ChillerAvailable/Validate_FacingScreen' are matched.

2019-04-09 10:53:39 - [MESSAGE][PASSED] - Actual text and expected text of test object 'Object Repository/ShopOpen/ChillerUtilization/ChillerAvailable/Validate_FacingScreen' are matched.

2019-04-09 10:53:39 - [TEST_STEP][PASSED] - com.ct.qa.keywords.ChillerProductsDataKeywords.visitChillerAvailableProductsData(CHILLER_FACING, "Facing"): com.ct.qa.keywords.ChillerProductsDataKeywords.visitChillerAvailableProductsData is PASSED

2019-04-09 10:53:43 - [MESSAGE][PASSED] - Keyboard is hidden

2019-04-09 10:53:46 - [MESSAGE][PASSED] - Keyboard is hidden

2019-04-09 10:53:49 - [MESSAGE][PASSED] - Keyboard is hidden

2019-04-09 10:53:52 - [MESSAGE][PASSED] - Keyboard is hidden

2019-04-09 10:53:55 - [MESSAGE][PASSED] - Keyboard is hidden

2019-04-09 10:53:58 - [MESSAGE][PASSED] - Keyboard is hidden

2019-04-09 10:54:00 - [MESSAGE][PASSED] - Swiped from 30,359 to 30,250

2019-04-09 10:54:05 - [MESSAGE][PASSED] - Keyboard is hidden

2019-04-09 10:54:07 - [MESSAGE][PASSED] - Swiped from 30,359 to 30,250

2019-04-09 10:54:12 - [MESSAGE][PASSED] - Keyboard is hidden

2019-04-09 10:54:14 - [MESSAGE][PASSED] - Swiped from 30,359 to 30,250

2019-04-09 10:54:20 - [MESSAGE][PASSED] - Keyboard is hidden

2019-04-09 10:54:22 - [MESSAGE][PASSED] - Swiped from 30,359 to 30,250

2019-04-09 10:54:27 - [MESSAGE][PASSED] - Keyboard is hidden

2019-04-09 10:54:29 - [MESSAGE][PASSED] - Swiped from 30,359 to 30,250

2019-04-09 10:54:31 - [MESSAGE][PASSED] - com.ct.qa.keywords.ChillerProductsDataKeywords.visitChillerAvailableProductsData is PASSED

2019-04-09 10:54:31 - [TEST_STEP][PASSED] - tap(findTestObject("ShopOpen/ChillerUtilization/ChillerAvailable/SubmitButton", ["package":PACKAGENAME]), 0): Tapped on element 'Object Repository/ShopOpen/ChillerUtilization/ChillerAvailable/SubmitButton'

2019-04-09 10:54:31 - [MESSAGE][WARNING] - Timeout '0' is invalid. Using default page load timeout: '6'

2019-04-09 10:54:32 - [MESSAGE][PASSED] - Tapped on element 'Object Repository/ShopOpen/ChillerUtilization/ChillerAvailable/SubmitButton'

2019-04-09 10:54:32 - [TEST_STEP][PASSED] - verifyElementText(findTestObject("ShopOpen/ChillerUtilization/ChillerAvailable/Validate_ProductCategoryAssetScreen", ["package":PACKAGENAME]), "Facing"): Actual text and expected text of test object 'Object Repository/ShopOpen/ChillerUtilization/ChillerAvailable/Validate_ProductCategoryAssetScreen' are matched.

2019-04-09 10:54:33 - [MESSAGE][PASSED] - Actual text and expected text of test object 'Object Repository/ShopOpen/ChillerUtilization/ChillerAvailable/Validate_ProductCategoryAssetScreen' are matched.

2019-04-09 10:54:33 - [TEST_STEP][PASSED] - tap(findTestObject("ShopOpen/ChillerUtilization/ChillerAvailable/Depth", ["package":PACKAGENAME]), 0): Tapped on element 'Object Repository/ShopOpen/ChillerUtilization/ChillerAvailable/Depth'

2019-04-09 10:54:33 - [MESSAGE][WARNING] - Timeout '0' is invalid. Using default page load timeout: '6'

2019-04-09 10:54:34 - [MESSAGE][PASSED] - Tapped on element 'Object Repository/ShopOpen/ChillerUtilization/ChillerAvailable/Depth'

2019-04-09 10:54:34 - [TEST_STEP][PASSED] - verifyElementText(findTestObject("ShopOpen/ChillerUtilization/ChillerAvailable/Validate_DepthScreen", ["package":PACKAGENAME]), "Depth"): Actual text and expected text of test object 'Object Repository/ShopOpen/ChillerUtilization/ChillerAvailable/Validate_DepthScreen' are matched.

2019-04-09 10:54:36 - [MESSAGE][PASSED] - Actual text and expected text of test object 'Object Repository/ShopOpen/ChillerUtilization/ChillerAvailable/Validate_DepthScreen' are matched.

2019-04-09 10:54:36 - [TEST_STEP][PASSED] - com.ct.qa.keywords.ChillerProductsDataKeywords.visitChillerAvailableProductsData(CHILLER_DEPTH, "Depth"): com.ct.qa.keywords.ChillerProductsDataKeywords.visitChillerAvailableProductsData is PASSED

2019-04-09 10:54:40 - [MESSAGE][PASSED] - Keyboard is hidden

2019-04-09 10:54:43 - [MESSAGE][PASSED] - Keyboard is hidden

2019-04-09 10:54:46 - [MESSAGE][PASSED] - Keyboard is hidden

2019-04-09 10:54:49 - [MESSAGE][PASSED] - Keyboard is hidden

2019-04-09 10:54:52 - [MESSAGE][PASSED] - Keyboard is hidden

2019-04-09 10:54:55 - [MESSAGE][PASSED] - Keyboard is hidden

2019-04-09 10:54:57 - [MESSAGE][PASSED] - Swiped from 30,359 to 30,250

2019-04-09 10:55:02 - [MESSAGE][PASSED] - Keyboard is hidden

2019-04-09 10:55:04 - [MESSAGE][PASSED] - Swiped from 30,359 to 30,250

2019-04-09 10:55:10 - [MESSAGE][PASSED] - Keyboard is hidden

2019-04-09 10:55:12 - [MESSAGE][PASSED] - Swiped from 30,359 to 30,250

2019-04-09 10:55:17 - [MESSAGE][PASSED] - Keyboard is hidden

2019-04-09 10:55:19 - [MESSAGE][PASSED] - Swiped from 30,359 to 30,250

2019-04-09 10:55:24 - [MESSAGE][PASSED] - Keyboard is hidden

2019-04-09 10:55:26 - [MESSAGE][PASSED] - Swiped from 30,359 to 30,250

2019-04-09 10:55:28 - [MESSAGE][PASSED] - com.ct.qa.keywords.ChillerProductsDataKeywords.visitChillerAvailableProductsData is PASSED

2019-04-09 10:55:28 - [TEST_STEP][PASSED] - tap(findTestObject("ShopOpen/ChillerUtilization/ChillerAvailable/SubmitButton", ["package":PACKAGENAME]), 0): Tapped on element 'Object Repository/ShopOpen/ChillerUtilization/ChillerAvailable/SubmitButton'

2019-04-09 10:55:28 - [MESSAGE][WARNING] - Timeout '0' is invalid. Using default page load timeout: '6'

2019-04-09 10:55:29 - [MESSAGE][PASSED] - Tapped on element 'Object Repository/ShopOpen/ChillerUtilization/ChillerAvailable/SubmitButton'

2019-04-09 10:55:29 - [TEST_STEP][PASSED] - verifyElementText(findTestObject("ShopOpen/ChillerUtilization/ChillerAvailable/Validate_ProductCategoryAssetScreen", ["package":PACKAGENAME]), "Facing"): Actual text and expected text of test object 'Object Repository/ShopOpen/ChillerUtilization/ChillerAvailable/Validate_ProductCategoryAssetScreen' are matched.

2019-04-09 10:55:30 - [MESSAGE][PASSED] - Actual text and expected text of test object 'Object Repository/ShopOpen/ChillerUtilization/ChillerAvailable/Validate_ProductCategoryAssetScreen' are matched.

2019-04-09 10:55:30 - [TEST_STEP][PASSED] - tap(findTestObject("ShopOpen/ChillerUtilization/ChillerAvailable/StockCount", ["package":PACKAGENAME]), 0): Tapped on element 'Object Repository/ShopOpen/ChillerUtilization/ChillerAvailable/StockCount'

2019-04-09 10:55:30 - [MESSAGE][WARNING] - Timeout '0' is invalid. Using default page load timeout: '6'

2019-04-09 10:55:30 - [MESSAGE][PASSED] - Tapped on element 'Object Repository/ShopOpen/ChillerUtilization/ChillerAvailable/StockCount'

2019-04-09 10:55:30 - [TEST_STEP][PASSED] - verifyElementText(findTestObject("ShopOpen/ChillerUtilization/ChillerAvailable/Validate_StockCountScreen", ["package":PACKAGENAME]), "Stock Count"): Actual text and expected text of test object 'Object Repository/ShopOpen/ChillerUtilization/ChillerAvailable/Validate_StockCountScreen' are matched.

2019-04-09 10:55:32 - [MESSAGE][PASSED] - Actual text and expected text of test object 'Object Repository/ShopOpen/ChillerUtilization/ChillerAvailable/Validate_StockCountScreen' are matched.

2019-04-09 10:55:32 - [TEST_STEP][PASSED] - com.ct.qa.keywords.ChillerProductsDataKeywords.visitChillerAvailableProductsData(CHILLER_STOCKCOUNT, "Stock Count"): com.ct.qa.keywords.ChillerProductsDataKeywords.visitChillerAvailableProductsData is PASSED

2019-04-09 10:55:37 - [MESSAGE][PASSED] - Keyboard is hidden

2019-04-09 10:55:40 - [MESSAGE][PASSED] - Keyboard is hidden

2019-04-09 10:55:43 - [MESSAGE][PASSED] - Keyboard is hidden

2019-04-09 10:55:46 - [MESSAGE][PASSED] - Keyboard is hidden

2019-04-09 10:55:49 - [MESSAGE][PASSED] - Keyboard is hidden

2019-04-09 10:55:52 - [MESSAGE][PASSED] - Keyboard is hidden

2019-04-09 10:55:54 - [MESSAGE][PASSED] - Swiped from 30,359 to 30,250

2019-04-09 10:55:59 - [MESSAGE][PASSED] - Keyboard is hidden

2019-04-09 10:56:01 - [MESSAGE][PASSED] - Swiped from 30,359 to 30,250

2019-04-09 10:56:06 - [MESSAGE][PASSED] - Keyboard is hidden

2019-04-09 10:56:08 - [MESSAGE][PASSED] - Swiped from 30,359 to 30,250

2019-04-09 10:56:13 - [MESSAGE][PASSED] - Keyboard is hidden

2019-04-09 10:56:15 - [MESSAGE][PASSED] - Swiped from 30,359 to 30,250

2019-04-09 10:56:19 - [MESSAGE][PASSED] - Keyboard is hidden

2019-04-09 10:56:21 - [MESSAGE][PASSED] - Swiped from 30,359 to 30,250

2019-04-09 10:56:23 - [MESSAGE][PASSED] - com.ct.qa.keywords.ChillerProductsDataKeywords.visitChillerAvailableProductsData is PASSED

2019-04-09 10:56:23 - [TEST_STEP][PASSED] - tap(findTestObject("ShopOpen/ChillerUtilization/ChillerAvailable/SubmitButton", ["package":PACKAGENAME]), 0): Tapped on element 'Object Repository/ShopOpen/ChillerUtilization/ChillerAvailable/SubmitButton'

2019-04-09 10:56:23 - [MESSAGE][WARNING] - Timeout '0' is invalid. Using default page load timeout: '6'

2019-04-09 10:56:24 - [MESSAGE][PASSED] - Tapped on element 'Object Repository/ShopOpen/ChillerUtilization/ChillerAvailable/SubmitButton'

2019-04-09 10:56:24 - [TEST_STEP][PASSED] - verifyElementText(findTestObject("ShopOpen/ChillerUtilization/ChillerAvailable/Validate_ProductCategoryAssetScreen", ["package":PACKAGENAME]), "Facing"): Actual text and expected text of test object 'Object Repository/ShopOpen/ChillerUtilization/ChillerAvailable/Validate_ProductCategoryAssetScreen' are matched.

2019-04-09 10:56:25 - [MESSAGE][PASSED] - Actual text and expected text of test object 'Object Repository/ShopOpen/ChillerUtilization/ChillerAvailable/Validate_ProductCategoryAssetScreen' are matched.

2019-04-09 10:56:25 - [TEST_STEP][PASSED] - tap(findTestObject("ShopOpen/ChillerUtilization/ChillerAvailable/PorductCategoryActions_BackButton", ["package":PACKAGENAME]), 0): Tapped on element 'Object Repository/ShopOpen/ChillerUtilization/ChillerAvailable/PorductCategoryActions_BackButton'

2019-04-09 10:56:25 - [MESSAGE][WARNING] - Timeout '0' is invalid. Using default page load timeout: '6'

2019-04-09 10:56:26 - [MESSAGE][PASSED] - Tapped on element 'Object Repository/ShopOpen/ChillerUtilization/ChillerAvailable/PorductCategoryActions_BackButton'

2019-04-09 10:56:26 - [TEST_STEP][PASSED] - verifyElementText(findTestObject("ShopOpen/ChillerUtilization/ChillerAvailable/Validate_ChillerProductsCategoriesScreen", ["package":PACKAGENAME]), "Category:Chiller Utilization"): Actual text and expected text of test object 'Object Repository/ShopOpen/ChillerUtilization/ChillerAvailable/Validate_ChillerProductsCategoriesScreen' are matched.

2019-04-09 10:56:26 - [MESSAGE][PASSED] - Actual text and expected text of test object 'Object Repository/ShopOpen/ChillerUtilization/ChillerAvailable/Validate_ChillerProductsCategoriesScreen' are matched.

2019-04-09 10:56:26 - [MESSAGE][PASSED] - Call Test Case 'Test Cases/ShopOpen/ChillerUtilization/ChillerAvailable/VisitProductCategoryAssets' successfully

2019-04-09 10:56:28 - [TEST_CASE][PASSED] - Test Cases/ShopOpen/ChillerUtilization/ChillerAvailable/VisitProductCategoryAssets: Test Cases/ShopOpen/ChillerUtilization/ChillerAvailable/VisitProductCategoryAssets

2019-04-09 10:56:28 - [TEST_STEP][PASSED] - verifyElementText(findTestObject("ShopOpen/ChillerUtilization/ChillerAvailable/Validate_ProductCategoryAssetScreen", ["package":PACKAGENAME]), "Facing"): Actual text and expected text of test object 'Object Repository/ShopOpen/ChillerUtilization/ChillerAvailable/Validate_ProductCategoryAssetScreen' are matched.

2019-04-09 10:56:30 - [MESSAGE][PASSED] - Actual text and expected text of test object 'Object Repository/ShopOpen/ChillerUtilization/ChillerAvailable/Validate_ProductCategoryAssetScreen' are matched.

2019-04-09 10:56:30 - [TEST_STEP][PASSED] - tap(findTestObject("ShopOpen/ChillerUtilization/ChillerAvailable/Facing", ["package":PACKAGENAME]), 0): Tapped on element 'Object Repository/ShopOpen/ChillerUtilization/ChillerAvailable/Facing'

2019-04-09 10:56:30 - [MESSAGE][WARNING] - Timeout '0' is invalid. Using default page load timeout: '6'

2019-04-09 10:56:31 - [MESSAGE][PASSED] - Tapped on element 'Object Repository/ShopOpen/ChillerUtilization/ChillerAvailable/Facing'

2019-04-09 10:56:31 - [TEST_STEP][PASSED] - verifyElementText(findTestObject("ShopOpen/ChillerUtilization/ChillerAvailable/Validate_FacingScreen", ["package":PACKAGENAME]), "Facing"): Actual text and expected text of test object 'Object Repository/ShopOpen/ChillerUtilization/ChillerAvailable/Validate_FacingScreen' are matched.

2019-04-09 10:56:32 - [MESSAGE][PASSED] - Actual text and expected text of test object 'Object Repository/ShopOpen/ChillerUtilization/ChillerAvailable/Validate_FacingScreen' are matched.

2019-04-09 10:56:32 - [TEST_STEP][PASSED] - com.ct.qa.keywords.ChillerProductsDataKeywords.visitChillerAvailableProductsData(CHILLER_FACING, "Facing"): com.ct.qa.keywords.ChillerProductsDataKeywords.visitChillerAvailableProductsData is PASSED

2019-04-09 10:56:36 - [MESSAGE][PASSED] - Keyboard is hidden

2019-04-09 10:56:39 - [MESSAGE][PASSED] - Keyboard is hidden

2019-04-09 10:56:41 - [MESSAGE][PASSED] - Swiped from 117,359 to 117,250

2019-04-09 10:56:42 - [MESSAGE][PASSED] - com.ct.qa.keywords.ChillerProductsDataKeywords.visitChillerAvailableProductsData is PASSED

2019-04-09 10:56:42 - [TEST_STEP][PASSED] - tap(findTestObject("ShopOpen/ChillerUtilization/ChillerAvailable/SubmitButton", ["package":PACKAGENAME]), 0): Tapped on element 'Object Repository/ShopOpen/ChillerUtilization/ChillerAvailable/SubmitButton'

2019-04-09 10:56:42 - [MESSAGE][WARNING] - Timeout '0' is invalid. Using default page load timeout: '6'

2019-04-09 10:56:43 - [MESSAGE][PASSED] - Tapped on element 'Object Repository/ShopOpen/ChillerUtilization/ChillerAvailable/SubmitButton'

2019-04-09 10:56:43 - [TEST_STEP][PASSED] - verifyElementText(findTestObject("ShopOpen/ChillerUtilization/ChillerAvailable/Validate_ProductCategoryAssetScreen", ["package":PACKAGENAME]), "Facing"): Actual text and expected text of test object 'Object Repository/ShopOpen/ChillerUtilization/ChillerAvailable/Validate_ProductCategoryAssetScreen' are matched.

2019-04-09 10:56:44 - [MESSAGE][PASSED] - Actual text and expected text of test object 'Object Repository/ShopOpen/ChillerUtilization/ChillerAvailable/Validate_ProductCategoryAssetScreen' are matched.

2019-04-09 10:56:44 - [TEST_STEP][PASSED] - tap(findTestObject("ShopOpen/ChillerUtilization/ChillerAvailable/Depth", ["package":PACKAGENAME]), 0): Tapped on element 'Object Repository/ShopOpen/ChillerUtilization/ChillerAvailable/Depth'

2019-04-09 10:56:44 - [MESSAGE][WARNING] - Timeout '0' is invalid. Using default page load timeout: '6'

2019-04-09 10:56:45 - [MESSAGE][PASSED] - Tapped on element 'Object Repository/ShopOpen/ChillerUtilization/ChillerAvailable/Depth'

2019-04-09 10:56:45 - [TEST_STEP][PASSED] - verifyElementText(findTestObject("ShopOpen/ChillerUtilization/ChillerAvailable/Validate_DepthScreen", ["package":PACKAGENAME]), "Depth"): Actual text and expected text of test object 'Object Repository/ShopOpen/ChillerUtilization/ChillerAvailable/Validate_DepthScreen' are matched.

2019-04-09 10:56:46 - [MESSAGE][PASSED] - Actual text and expected text of test object 'Object Repository/ShopOpen/ChillerUtilization/ChillerAvailable/Validate_DepthScreen' are matched.

2019-04-09 10:56:46 - [TEST_STEP][PASSED] - com.ct.qa.keywords.ChillerProductsDataKeywords.visitChillerAvailableProductsData(CHILLER_DEPTH, "Depth"): com.ct.qa.keywords.ChillerProductsDataKeywords.visitChillerAvailableProductsData is PASSED

2019-04-09 10:56:50 - [MESSAGE][PASSED] - Keyboard is hidden

2019-04-09 10:56:53 - [MESSAGE][PASSED] - Keyboard is hidden

2019-04-09 10:56:54 - [MESSAGE][PASSED] - Swiped from 117,359 to 117,250

2019-04-09 10:56:55 - [MESSAGE][PASSED] - com.ct.qa.keywords.ChillerProductsDataKeywords.visitChillerAvailableProductsData is PASSED

2019-04-09 10:56:55 - [TEST_STEP][PASSED] - tap(findTestObject("ShopOpen/ChillerUtilization/ChillerAvailable/SubmitButton", ["package":PACKAGENAME]), 0): Tapped on element 'Object Repository/ShopOpen/ChillerUtilization/ChillerAvailable/SubmitButton'

2019-04-09 10:56:55 - [MESSAGE][WARNING] - Timeout '0' is invalid. Using default page load timeout: '6'

2019-04-09 10:56:56 - [MESSAGE][PASSED] - Tapped on element 'Object Repository/ShopOpen/ChillerUtilization/ChillerAvailable/SubmitButton'

2019-04-09 10:56:56 - [TEST_STEP][PASSED] - verifyElementText(findTestObject("ShopOpen/ChillerUtilization/ChillerAvailable/Validate_ProductCategoryAssetScreen", ["package":PACKAGENAME]), "Facing"): Actual text and expected text of test object 'Object Repository/ShopOpen/ChillerUtilization/ChillerAvailable/Validate_ProductCategoryAssetScreen' are matched.

2019-04-09 10:56:56 - [MESSAGE][PASSED] - Actual text and expected text of test object 'Object Repository/ShopOpen/ChillerUtilization/ChillerAvailable/Validate_ProductCategoryAssetScreen' are matched.

2019-04-09 10:56:56 - [TEST_STEP][PASSED] - tap(findTestObject("ShopOpen/ChillerUtilization/ChillerAvailable/StockCount", ["package":PACKAGENAME]), 0): Tapped on element 'Object Repository/ShopOpen/ChillerUtilization/ChillerAvailable/StockCount'

2019-04-09 10:56:56 - [MESSAGE][WARNING] - Timeout '0' is invalid. Using default page load timeout: '6'

2019-04-09 10:56:57 - [MESSAGE][PASSED] - Tapped on element 'Object Repository/ShopOpen/ChillerUtilization/ChillerAvailable/StockCount'

2019-04-09 10:56:57 - [TEST_STEP][PASSED] - verifyElementText(findTestObject("ShopOpen/ChillerUtilization/ChillerAvailable/Validate_StockCountScreen", ["package":PACKAGENAME]), "Stock Count"): Actual text and expected text of test object 'Object Repository/ShopOpen/ChillerUtilization/ChillerAvailable/Validate_StockCountScreen' are matched.

2019-04-09 10:57:00 - [MESSAGE][PASSED] - Actual text and expected text of test object 'Object Repository/ShopOpen/ChillerUtilization/ChillerAvailable/Validate_StockCountScreen' are matched.

2019-04-09 10:57:00 - [TEST_STEP][PASSED] - com.ct.qa.keywords.ChillerProductsDataKeywords.visitChillerAvailableProductsData(CHILLER_STOCKCOUNT, "Stock Count"): com.ct.qa.keywords.ChillerProductsDataKeywords.visitChillerAvailableProductsData is PASSED

2019-04-09 10:57:04 - [MESSAGE][PASSED] - Keyboard is hidden

2019-04-09 10:57:07 - [MESSAGE][PASSED] - Keyboard is hidden

2019-04-09 10:57:08 - [MESSAGE][PASSED] - Swiped from 117,359 to 117,250

2019-04-09 10:57:09 - [MESSAGE][PASSED] - com.ct.qa.keywords.ChillerProductsDataKeywords.visitChillerAvailableProductsData is PASSED

2019-04-09 10:57:09 - [TEST_STEP][PASSED] - tap(findTestObject("ShopOpen/ChillerUtilization/ChillerAvailable/SubmitButton", ["package":PACKAGENAME]), 0): Tapped on element 'Object Repository/ShopOpen/ChillerUtilization/ChillerAvailable/SubmitButton'

2019-04-09 10:57:09 - [MESSAGE][WARNING] - Timeout '0' is invalid. Using default page load timeout: '6'

2019-04-09 10:57:10 - [MESSAGE][PASSED] - Tapped on element 'Object Repository/ShopOpen/ChillerUtilization/ChillerAvailable/SubmitButton'

2019-04-09 10:57:10 - [TEST_STEP][PASSED] - verifyElementText(findTestObject("ShopOpen/ChillerUtilization/ChillerAvailable/Validate_ProductCategoryAssetScreen", ["package":PACKAGENAME]), "Facing"): Actual text and expected text of test object 'Object Repository/ShopOpen/ChillerUtilization/ChillerAvailable/Validate_ProductCategoryAssetScreen' are matched.

2019-04-09 10:57:10 - [MESSAGE][PASSED] - Actual text and expected text of test object 'Object Repository/ShopOpen/ChillerUtilization/ChillerAvailable/Validate_ProductCategoryAssetScreen' are matched.

2019-04-09 10:57:10 - [TEST_STEP][PASSED] - tap(findTestObject("ShopOpen/ChillerUtilization/ChillerAvailable/PorductCategoryActions_BackButton", ["package":PACKAGENAME]), 0): Tapped on element 'Object Repository/ShopOpen/ChillerUtilization/ChillerAvailable/PorductCategoryActions_BackButton'

2019-04-09 10:57:10 - [MESSAGE][WARNING] - Timeout '0' is invalid. Using default page load timeout: '6'

2019-04-09 10:57:11 - [MESSAGE][PASSED] - Tapped on element 'Object Repository/ShopOpen/ChillerUtilization/ChillerAvailable/PorductCategoryActions_BackButton'

2019-04-09 10:57:11 - [TEST_STEP][PASSED] - verifyElementText(findTestObject("ShopOpen/ChillerUtilization/ChillerAvailable/Validate_ChillerProductsCategoriesScreen", ["package":PACKAGENAME]), "Category:Chiller Utilization"): Actual text and expected text of test object 'Object Repository/ShopOpen/ChillerUtilization/ChillerAvailable/Validate_ChillerProductsCategoriesScreen' are matched.

2019-04-09 10:57:12 - [MESSAGE][PASSED] - Actual text and expected text of test object 'Object Repository/ShopOpen/ChillerUtilization/ChillerAvailable/Validate_ChillerProductsCategoriesScreen' are matched.

2019-04-09 10:57:12 - [MESSAGE][PASSED] - Call Test Case 'Test Cases/ShopOpen/ChillerUtilization/ChillerAvailable/VisitProductCategoryAssets' successfully

2019-04-09 10:57:13 - [TEST_CASE][PASSED] - Test Cases/ShopOpen/ChillerUtilization/ChillerAvailable/VisitProductCategoryAssets: Test Cases/ShopOpen/ChillerUtilization/ChillerAvailable/VisitProductCategoryAssets

2019-04-09 10:57:13 - [TEST_STEP][PASSED] - verifyElementText(findTestObject("ShopOpen/ChillerUtilization/ChillerAvailable/Validate_ProductCategoryAssetScreen", ["package":PACKAGENAME]), "Facing"): Actual text and expected text of test object 'Object Repository/ShopOpen/ChillerUtilization/ChillerAvailable/Validate_ProductCategoryAssetScreen' are matched.

2019-04-09 10:57:14 - [MESSAGE][PASSED] - Actual text and expected text of test object 'Object Repository/ShopOpen/ChillerUtilization/ChillerAvailable/Validate_ProductCategoryAssetScreen' are matched.

2019-04-09 10:57:14 - [TEST_STEP][PASSED] - tap(findTestObject("ShopOpen/ChillerUtilization/ChillerAvailable/Facing", ["package":PACKAGENAME]), 0): Tapped on element 'Object Repository/ShopOpen/ChillerUtilization/ChillerAvailable/Facing'

2019-04-09 10:57:14 - [MESSAGE][WARNING] - Timeout '0' is invalid. Using default page load timeout: '6'

2019-04-09 10:57:15 - [MESSAGE][PASSED] - Tapped on element 'Object Repository/ShopOpen/ChillerUtilization/ChillerAvailable/Facing'

2019-04-09 10:57:15 - [TEST_STEP][PASSED] - verifyElementText(findTestObject("ShopOpen/ChillerUtilization/ChillerAvailable/Validate_FacingScreen", ["package":PACKAGENAME]), "Facing"): Actual text and expected text of test object 'Object Repository/ShopOpen/ChillerUtilization/ChillerAvailable/Validate_FacingScreen' are matched.

2019-04-09 10:57:16 - [MESSAGE][PASSED] - Actual text and expected text of test object 'Object Repository/ShopOpen/ChillerUtilization/ChillerAvailable/Validate_FacingScreen' are matched.

2019-04-09 10:57:16 - [TEST_STEP][PASSED] - com.ct.qa.keywords.ChillerProductsDataKeywords.visitChillerAvailableProductsData(CHILLER_FACING, "Facing"): com.ct.qa.keywords.ChillerProductsDataKeywords.visitChillerAvailableProductsData is PASSED

2019-04-09 10:57:21 - [MESSAGE][PASSED] - Keyboard is hidden

2019-04-09 10:57:24 - [MESSAGE][PASSED] - Keyboard is hidden

2019-04-09 10:57:27 - [MESSAGE][PASSED] - Keyboard is hidden

2019-04-09 10:57:30 - [MESSAGE][PASSED] - Keyboard is hidden

2019-04-09 10:57:33 - [MESSAGE][PASSED] - Keyboard is hidden

2019-04-09 10:57:36 - [MESSAGE][PASSED] - Keyboard is hidden

2019-04-09 10:57:38 - [MESSAGE][PASSED] - Swiped from 18,359 to 18,250

2019-04-09 10:57:43 - [MESSAGE][PASSED] - Keyboard is hidden

2019-04-09 10:57:45 - [MESSAGE][PASSED] - Swiped from 18,359 to 18,250

2019-04-09 10:57:50 - [MESSAGE][PASSED] - Keyboard is hidden

2019-04-09 10:57:52 - [MESSAGE][PASSED] - Swiped from 18,359 to 18,250

2019-04-09 10:57:54 - [MESSAGE][PASSED] - com.ct.qa.keywords.ChillerProductsDataKeywords.visitChillerAvailableProductsData is PASSED

2019-04-09 10:57:54 - [TEST_STEP][PASSED] - tap(findTestObject("ShopOpen/ChillerUtilization/ChillerAvailable/SubmitButton", ["package":PACKAGENAME]), 0): Tapped on element 'Object Repository/ShopOpen/ChillerUtilization/ChillerAvailable/SubmitButton'

2019-04-09 10:57:54 - [MESSAGE][WARNING] - Timeout '0' is invalid. Using default page load timeout: '6'

2019-04-09 10:57:55 - [MESSAGE][PASSED] - Tapped on element 'Object Repository/ShopOpen/ChillerUtilization/ChillerAvailable/SubmitButton'

2019-04-09 10:57:55 - [TEST_STEP][PASSED] - verifyElementText(findTestObject("ShopOpen/ChillerUtilization/ChillerAvailable/Validate_ProductCategoryAssetScreen", ["package":PACKAGENAME]), "Facing"): Actual text and expected text of test object 'Object Repository/ShopOpen/ChillerUtilization/ChillerAvailable/Validate_ProductCategoryAssetScreen' are matched.

2019-04-09 10:57:56 - [MESSAGE][PASSED] - Actual text and expected text of test object 'Object Repository/ShopOpen/ChillerUtilization/ChillerAvailable/Validate_ProductCategoryAssetScreen' are matched.

2019-04-09 10:57:56 - [TEST_STEP][PASSED] - tap(findTestObject("ShopOpen/ChillerUtilization/ChillerAvailable/Depth", ["package":PACKAGENAME]), 0): Tapped on element 'Object Repository/ShopOpen/ChillerUtilization/ChillerAvailable/Depth'

2019-04-09 10:57:56 - [MESSAGE][WARNING] - Timeout '0' is invalid. Using default page load timeout: '6'

2019-04-09 10:57:56 - [MESSAGE][PASSED] - Tapped on element 'Object Repository/ShopOpen/ChillerUtilization/ChillerAvailable/Depth'

2019-04-09 10:57:56 - [TEST_STEP][PASSED] - verifyElementText(findTestObject("ShopOpen/ChillerUtilization/ChillerAvailable/Validate_DepthScreen", ["package":PACKAGENAME]), "Depth"): Actual text and expected text of test object 'Object Repository/ShopOpen/ChillerUtilization/ChillerAvailable/Validate_DepthScreen' are matched.

2019-04-09 10:57:58 - [MESSAGE][PASSED] - Actual text and expected text of test object 'Object Repository/ShopOpen/ChillerUtilization/ChillerAvailable/Validate_DepthScreen' are matched.

2019-04-09 10:57:58 - [TEST_STEP][PASSED] - com.ct.qa.keywords.ChillerProductsDataKeywords.visitChillerAvailableProductsData(CHILLER_DEPTH, "Depth"): com.ct.qa.keywords.ChillerProductsDataKeywords.visitChillerAvailableProductsData is PASSED

2019-04-09 10:58:03 - [MESSAGE][PASSED] - Keyboard is hidden

2019-04-09 10:58:06 - [MESSAGE][PASSED] - Keyboard is hidden

2019-04-09 10:58:09 - [MESSAGE][PASSED] - Keyboard is hidden

2019-04-09 10:58:12 - [MESSAGE][PASSED] - Keyboard is hidden

2019-04-09 10:58:15 - [MESSAGE][PASSED] - Keyboard is hidden

2019-04-09 10:58:18 - [MESSAGE][PASSED] - Keyboard is hidden

2019-04-09 10:58:20 - [MESSAGE][PASSED] - Swiped from 18,359 to 18,250

2019-04-09 10:58:26 - [MESSAGE][PASSED] - Keyboard is hidden

2019-04-09 10:58:28 - [MESSAGE][PASSED] - Swiped from 18,359 to 18,250

2019-04-09 10:58:34 - [MESSAGE][PASSED] - Keyboard is hidden

2019-04-09 10:58:36 - [MESSAGE][PASSED] - Swiped from 18,359 to 18,250

2019-04-09 10:58:38 - [MESSAGE][PASSED] - com.ct.qa.keywords.ChillerProductsDataKeywords.visitChillerAvailableProductsData is PASSED

2019-04-09 10:58:38 - [TEST_STEP][PASSED] - tap(findTestObject("ShopOpen/ChillerUtilization/ChillerAvailable/SubmitButton", ["package":PACKAGENAME]), 0): Tapped on element 'Object Repository/ShopOpen/ChillerUtilization/ChillerAvailable/SubmitButton'

2019-04-09 10:58:38 - [MESSAGE][WARNING] - Timeout '0' is invalid. Using default page load timeout: '6'

2019-04-09 10:58:39 - [MESSAGE][PASSED] - Tapped on element 'Object Repository/ShopOpen/ChillerUtilization/ChillerAvailable/SubmitButton'

2019-04-09 10:58:39 - [TEST_STEP][PASSED] - verifyElementText(findTestObject("ShopOpen/ChillerUtilization/ChillerAvailable/Validate_ProductCategoryAssetScreen", ["package":PACKAGENAME]), "Facing"): Actual text and expected text of test object 'Object Repository/ShopOpen/ChillerUtilization/ChillerAvailable/Validate_ProductCategoryAssetScreen' are matched.

2019-04-09 10:58:40 - [MESSAGE][PASSED] - Actual text and expected text of test object 'Object Repository/ShopOpen/ChillerUtilization/ChillerAvailable/Validate_ProductCategoryAssetScreen' are matched.

2019-04-09 10:58:40 - [TEST_STEP][PASSED] - tap(findTestObject("ShopOpen/ChillerUtilization/ChillerAvailable/StockCount", ["package":PACKAGENAME]), 0): Tapped on element 'Object Repository/ShopOpen/ChillerUtilization/ChillerAvailable/StockCount'

2019-04-09 10:58:40 - [MESSAGE][WARNING] - Timeout '0' is invalid. Using default page load timeout: '6'

2019-04-09 10:58:40 - [MESSAGE][PASSED] - Tapped on element 'Object Repository/ShopOpen/ChillerUtilization/ChillerAvailable/StockCount'

2019-04-09 10:58:40 - [TEST_STEP][PASSED] - verifyElementText(findTestObject("ShopOpen/ChillerUtilization/ChillerAvailable/Validate_StockCountScreen", ["package":PACKAGENAME]), "Stock Count"): Actual text and expected text of test object 'Object Repository/ShopOpen/ChillerUtilization/ChillerAvailable/Validate_StockCountScreen' are matched.

2019-04-09 10:58:42 - [MESSAGE][PASSED] - Actual text and expected text of test object 'Object Repository/ShopOpen/ChillerUtilization/ChillerAvailable/Validate_StockCountScreen' are matched.

2019-04-09 10:58:42 - [TEST_STEP][PASSED] - com.ct.qa.keywords.ChillerProductsDataKeywords.visitChillerAvailableProductsData(CHILLER_STOCKCOUNT, "Stock Count"): com.ct.qa.keywords.ChillerProductsDataKeywords.visitChillerAvailableProductsData is PASSED

2019-04-09 10:58:47 - [MESSAGE][PASSED] - Keyboard is hidden

2019-04-09 10:58:50 - [MESSAGE][PASSED] - Keyboard is hidden

2019-04-09 10:58:53 - [MESSAGE][PASSED] - Keyboard is hidden

2019-04-09 10:58:56 - [MESSAGE][PASSED] - Keyboard is hidden

2019-04-09 10:58:59 - [MESSAGE][PASSED] - Keyboard is hidden

2019-04-09 10:59:02 - [MESSAGE][PASSED] - Keyboard is hidden

2019-04-09 10:59:04 - [MESSAGE][PASSED] - Swiped from 18,359 to 18,250

2019-04-09 10:59:09 - [MESSAGE][PASSED] - Keyboard is hidden

2019-04-09 10:59:11 - [MESSAGE][PASSED] - Swiped from 18,359 to 18,250

2019-04-09 10:59:16 - [MESSAGE][PASSED] - Keyboard is hidden

2019-04-09 10:59:18 - [MESSAGE][PASSED] - Swiped from 18,359 to 18,250

2019-04-09 10:59:20 - [MESSAGE][PASSED] - com.ct.qa.keywords.ChillerProductsDataKeywords.visitChillerAvailableProductsData is PASSED

2019-04-09 10:59:20 - [TEST_STEP][PASSED] - tap(findTestObject("ShopOpen/ChillerUtilization/ChillerAvailable/SubmitButton", ["package":PACKAGENAME]), 0): Tapped on element 'Object Repository/ShopOpen/ChillerUtilization/ChillerAvailable/SubmitButton'

2019-04-09 10:59:20 - [MESSAGE][WARNING] - Timeout '0' is invalid. Using default page load timeout: '6'

2019-04-09 10:59:21 - [MESSAGE][PASSED] - Tapped on element 'Object Repository/ShopOpen/ChillerUtilization/ChillerAvailable/SubmitButton'

2019-04-09 10:59:21 - [TEST_STEP][PASSED] - verifyElementText(findTestObject("ShopOpen/ChillerUtilization/ChillerAvailable/Validate_ProductCategoryAssetScreen", ["package":PACKAGENAME]), "Facing"): Actual text and expected text of test object 'Object Repository/ShopOpen/ChillerUtilization/ChillerAvailable/Validate_ProductCategoryAssetScreen' are matched.

2019-04-09 10:59:22 - [MESSAGE][PASSED] - Actual text and expected text of test object 'Object Repository/ShopOpen/ChillerUtilization/ChillerAvailable/Validate_ProductCategoryAssetScreen' are matched.

2019-04-09 10:59:22 - [TEST_STEP][PASSED] - tap(findTestObject("ShopOpen/ChillerUtilization/ChillerAvailable/PorductCategoryActions_BackButton", ["package":PACKAGENAME]), 0): Tapped on element 'Object Repository/ShopOpen/ChillerUtilization/ChillerAvailable/PorductCategoryActions_BackButton'

2019-04-09 10:59:22 - [MESSAGE][WARNING] - Timeout '0' is invalid. Using default page load timeout: '6'

2019-04-09 10:59:22 - [MESSAGE][PASSED] - Tapped on element 'Object Repository/ShopOpen/ChillerUtilization/ChillerAvailable/PorductCategoryActions_BackButton'

2019-04-09 10:59:22 - [TEST_STEP][PASSED] - verifyElementText(findTestObject("ShopOpen/ChillerUtilization/ChillerAvailable/Validate_ChillerProductsCategoriesScreen", ["package":PACKAGENAME]), "Category:Chiller Utilization"): Actual text and expected text of test object 'Object Repository/ShopOpen/ChillerUtilization/ChillerAvailable/Validate_ChillerProductsCategoriesScreen' are matched.

2019-04-09 10:59:23 - [MESSAGE][PASSED] - Actual text and expected text of test object 'Object Repository/ShopOpen/ChillerUtilization/ChillerAvailable/Validate_ChillerProductsCategoriesScreen' are matched.

2019-04-09 10:59:23 - [MESSAGE][PASSED] - Call Test Case 'Test Cases/ShopOpen/ChillerUtilization/ChillerAvailable/VisitProductCategoryAssets' successfully

2019-04-09 10:59:23 - [MESSAGE][PASSED] - com.ct.qa.keywords.ChillerProductsDataKeywords.visitChillerAvailableProductCategories is PASSED

2019-04-09 10:59:23 - [TEST_STEP][PASSED] - com.ct.qa.keywords.CommonKeywords.visitPlanogramImageViewButton(): com.ct.qa.keywords.CommonKeywords.visitPlanogramImageViewButton is PASSED

2019-04-09 10:59:25 - [MESSAGE][WARNING] - Timeout '0' is invalid. Using default page load timeout: '6'

2019-04-09 10:59:32 - [MESSAGE][WARNING] - Object Object Repository/CommonScreenElements/InfoPopUp_OKButton not found
[[ATTACHMENT|F:\\Git Projects\\MMAPlus_Merchandising\\MMAPlus_Merchandising\\Reports\\MMA Plus Merchandiser With Chiller Level Overwrite Scenarios\\20190409_104853\\1554789571458.png]]

2019-04-09 10:59:33 - [MESSAGE][PASSED] - com.ct.qa.keywords.CommonKeywords.visitPlanogramImageViewButton is PASSED

2019-04-09 10:59:33 - [TEST_STEP][PASSED] - verifyElementText(findTestObject("ShopOpen/ChillerUtilization/ChillerAvailable/Validate_ChillerProductsCategoriesScreen", ["package":PACKAGENAME]), "Category:Chiller Utilization"): Actual text and expected text of test object 'Object Repository/ShopOpen/ChillerUtilization/ChillerAvailable/Validate_ChillerProductsCategoriesScreen' are matched.

2019-04-09 10:59:34 - [MESSAGE][PASSED] - Actual text and expected text of test object 'Object Repository/ShopOpen/ChillerUtilization/ChillerAvailable/Validate_ChillerProductsCategoriesScreen' are matched.

2019-04-09 10:59:34 - [TEST_STEP][PASSED] - com.ct.qa.keywords.CommonKeywords.visitPictureImageViewButton(): com.ct.qa.keywords.CommonKeywords.visitPictureImageViewButton is PASSED

2019-04-09 10:59:35 - [MESSAGE][PASSED] - com.ct.qa.keywords.CommonKeywords.visitPictureImageViewButton is PASSED

2019-04-09 10:59:35 - [TEST_STEP][PASSED] - verifyElementText(findTestObject("ShopOpen/ChillerUtilization/ChillerAvailable/Validate_ChillerProductsCategoriesScreen", ["package":PACKAGENAME]), "Category:Chiller Utilization"): Actual text and expected text of test object 'Object Repository/ShopOpen/ChillerUtilization/ChillerAvailable/Validate_ChillerProductsCategoriesScreen' are matched.

2019-04-09 10:59:36 - [MESSAGE][PASSED] - Actual text and expected text of test object 'Object Repository/ShopOpen/ChillerUtilization/ChillerAvailable/Validate_ChillerProductsCategoriesScreen' are matched.

2019-04-09 10:59:36 - [TEST_STEP][PASSED] - com.ct.qa.keywords.CommonKeywords.visitBackImageViewButton(): com.ct.qa.keywords.CommonKeywords.visitBackImageViewButton is PASSED

2019-04-09 10:59:37 - [MESSAGE][PASSED] - com.ct.qa.keywords.CommonKeywords.visitBackImageViewButton is PASSED

2019-04-09 10:59:37 - [TEST_STEP][PASSED] - verifyElementText(findTestObject("ShopOpen/ChillerUtilization/Validate_ChillerUtilizationScreen", ["package":PACKAGENAME]), "Shop Chillers"): Actual text and expected text of test object 'Object Repository/ShopOpen/ChillerUtilization/Validate_ChillerUtilizationScreen' are matched.

2019-04-09 10:59:38 - [MESSAGE][PASSED] - Actual text and expected text of test object 'Object Repository/ShopOpen/ChillerUtilization/Validate_ChillerUtilizationScreen' are matched.

2019-04-09 10:59:38 - [MESSAGE][PASSED] - Call Test Case 'Test Cases/ShopOpen/ChillerUtilization/ChillerAvailable/VisitChillerAvailable' successfully

2019-04-09 10:59:39 - [MESSAGE][WARNING] - Timeout '0' is invalid. Using default page load timeout: '6'

2019-04-09 10:59:41 - [MESSAGE][PASSED] - Element 'Object Repository/CommonScreenElements/Validate_CameraScreen' is exist

2019-04-09 10:59:41 - [MESSAGE][WARNING] - Timeout '0' is invalid. Using default page load timeout: '6'

2019-04-09 10:59:45 - [MESSAGE][PASSED] - Tapped on element 'Object Repository/CommonScreenElements/Camera_flashButton'

2019-04-09 10:59:45 - [MESSAGE][WARNING] - Timeout '0' is invalid. Using default page load timeout: '6'

2019-04-09 10:59:48 - [MESSAGE][PASSED] - Tapped on element 'Object Repository/CommonScreenElements/Camera_TakePictureButton'

2019-04-09 10:59:53 - [MESSAGE][PASSED] - Delayed 5 second(s)

2019-04-09 10:59:53 - [MESSAGE][WARNING] - Timeout '0' is invalid. Using default page load timeout: '6'

2019-04-09 10:59:53 - [MESSAGE][PASSED] - Tapped on element 'Object Repository/CommonScreenElements/Camera_DoneButton'

2019-04-09 10:59:57 - [TEST_CASE][PASSED] - Test Cases/ShopOpen/ChillerUtilization/ChillerAvailable/VisitChillerAvailable: Test Cases/ShopOpen/ChillerUtilization/ChillerAvailable/VisitChillerAvailable

2019-04-09 10:59:57 - [TEST_STEP][PASSED] - verifyElementExist(findTestObject("ShopOpen/ChillerUtilization/ChillerAvailable/Validate_ChillerAvailableScreen", ["package":PACKAGENAME]), 0): Element 'Object Repository/ShopOpen/ChillerUtilization/ChillerAvailable/Validate_ChillerAvailableScreen' is exist

2019-04-09 10:59:57 - [MESSAGE][WARNING] - Timeout '0' is invalid. Using default page load timeout: '6'

2019-04-09 10:59:58 - [MESSAGE][PASSED] - Element 'Object Repository/ShopOpen/ChillerUtilization/ChillerAvailable/Validate_ChillerAvailableScreen' is exist

2019-04-09 10:59:58 - [TEST_STEP][PASSED] - tap(findTestObject("ShopOpen/ChillerUtilization/ChillerAvailable/Planogram_ImageView", ["package":PACKAGENAME]), 0): Tapped on element 'Object Repository/ShopOpen/ChillerUtilization/ChillerAvailable/Planogram_ImageView'

2019-04-09 10:59:58 - [MESSAGE][WARNING] - Timeout '0' is invalid. Using default page load timeout: '6'

2019-04-09 10:59:59 - [MESSAGE][PASSED] - Tapped on element 'Object Repository/ShopOpen/ChillerUtilization/ChillerAvailable/Planogram_ImageView'

2019-04-09 10:59:59 - [TEST_STEP][PASSED] - com.ct.qa.keywords.CommonKeywords.checkPlanogramAvailability(): com.ct.qa.keywords.CommonKeywords.checkPlanogramAvailability is PASSED

2019-04-09 10:59:59 - [MESSAGE][WARNING] - Timeout '0' is invalid. Using default page load timeout: '6'

2019-04-09 11:00:06 - [MESSAGE][WARNING] - Object Object Repository/CommonScreenElements/InfoPopUp_OKButton not found
[[ATTACHMENT|F:\\Git Projects\\MMAPlus_Merchandising\\MMAPlus_Merchandising\\Reports\\MMA Plus Merchandiser With Chiller Level Overwrite Scenarios\\20190409_104853\\1554789605393.png]]

2019-04-09 11:00:06 - [MESSAGE][PASSED] - com.ct.qa.keywords.CommonKeywords.checkPlanogramAvailability is PASSED

2019-04-09 11:00:06 - [TEST_STEP][PASSED] - com.ct.qa.keywords.CommonKeywords.closePlanogram(): com.ct.qa.keywords.CommonKeywords.closePlanogram is PASSED

2019-04-09 11:00:08 - [MESSAGE][PASSED] - com.ct.qa.keywords.CommonKeywords.closePlanogram is PASSED

2019-04-09 11:00:08 - [TEST_STEP][PASSED] - verifyElementExist(findTestObject("ShopOpen/ChillerUtilization/ChillerAvailable/Validate_ChillerAvailableScreen", ["package":PACKAGENAME]), 0): Element 'Object Repository/ShopOpen/ChillerUtilization/ChillerAvailable/Validate_ChillerAvailableScreen' is exist

2019-04-09 11:00:08 - [MESSAGE][WARNING] - Timeout '0' is invalid. Using default page load timeout: '6'

2019-04-09 11:00:09 - [MESSAGE][PASSED] - Element 'Object Repository/ShopOpen/ChillerUtilization/ChillerAvailable/Validate_ChillerAvailableScreen' is exist

2019-04-09 11:00:09 - [TEST_STEP][PASSED] - tap(findTestObject("ShopOpen/ChillerUtilization/ChillerAvailable/Depth1_TakePicture", ["package":PACKAGENAME]), 0): Tapped on element 'Object Repository/ShopOpen/ChillerUtilization/ChillerAvailable/Depth1_TakePicture'

2019-04-09 11:00:09 - [MESSAGE][WARNING] - Timeout '0' is invalid. Using default page load timeout: '6'

2019-04-09 11:00:09 - [MESSAGE][PASSED] - Tapped on element 'Object Repository/ShopOpen/ChillerUtilization/ChillerAvailable/Depth1_TakePicture'

2019-04-09 11:00:09 - [TEST_STEP][PASSED] - com.ct.qa.keywords.CommonKeywords.takePicture(): com.ct.qa.keywords.CommonKeywords.takePicture is PASSED

2019-04-09 11:00:09 - [MESSAGE][WARNING] - Timeout '0' is invalid. Using default page load timeout: '6'

2019-04-09 11:00:11 - [MESSAGE][PASSED] - Element 'Object Repository/CommonScreenElements/Validate_CameraScreen' is exist

2019-04-09 11:00:11 - [MESSAGE][WARNING] - Timeout '0' is invalid. Using default page load timeout: '6'

2019-04-09 11:00:15 - [MESSAGE][PASSED] - Tapped on element 'Object Repository/CommonScreenElements/Camera_flashButton'

2019-04-09 11:00:15 - [MESSAGE][WARNING] - Timeout '0' is invalid. Using default page load timeout: '6'

2019-04-09 11:00:17 - [MESSAGE][PASSED] - Tapped on element 'Object Repository/CommonScreenElements/Camera_TakePictureButton'

2019-04-09 11:00:22 - [MESSAGE][PASSED] - Delayed 5 second(s)

2019-04-09 11:00:22 - [MESSAGE][WARNING] - Timeout '0' is invalid. Using default page load timeout: '6'

2019-04-09 11:00:23 - [MESSAGE][PASSED] - Tapped on element 'Object Repository/CommonScreenElements/Camera_DoneButton'

2019-04-09 11:00:23 - [MESSAGE][PASSED] - com.ct.qa.keywords.CommonKeywords.takePicture is PASSED

2019-04-09 11:00:23 - [TEST_STEP][PASSED] - verifyElementExist(findTestObject("ShopOpen/ChillerUtilization/ChillerAvailable/Validate_ChillerAvailableScreen", ["package":PACKAGENAME]), 0): Element 'Object Repository/ShopOpen/ChillerUtilization/ChillerAvailable/Validate_ChillerAvailableScreen' is exist

2019-04-09 11:00:23 - [MESSAGE][WARNING] - Timeout '0' is invalid. Using default page load timeout: '6'

2019-04-09 11:00:24 - [MESSAGE][PASSED] - Element 'Object Repository/ShopOpen/ChillerUtilization/ChillerAvailable/Validate_ChillerAvailableScreen' is exist

2019-04-09 11:00:24 - [TEST_STEP][PASSED] - tap(findTestObject("ShopOpen/ChillerUtilization/ChillerAvailable/Depth2TakePicture", ["package":PACKAGENAME]), 0): Tapped on element 'Object Repository/ShopOpen/ChillerUtilization/ChillerAvailable/Depth2TakePicture'

2019-04-09 11:00:24 - [MESSAGE][WARNING] - Timeout '0' is invalid. Using default page load timeout: '6'

2019-04-09 11:00:26 - [MESSAGE][PASSED] - Tapped on element 'Object Repository/ShopOpen/ChillerUtilization/ChillerAvailable/Depth2TakePicture'

2019-04-09 11:00:26 - [TEST_STEP][PASSED] - com.ct.qa.keywords.CommonKeywords.takePicture(): com.ct.qa.keywords.CommonKeywords.takePicture is PASSED

2019-04-09 11:00:26 - [MESSAGE][WARNING] - Timeout '0' is invalid. Using default page load timeout: '6'

2019-04-09 11:00:27 - [MESSAGE][PASSED] - Element 'Object Repository/CommonScreenElements/Validate_CameraScreen' is exist

2019-04-09 11:00:27 - [MESSAGE][WARNING] - Timeout '0' is invalid. Using default page load timeout: '6'

2019-04-09 11:00:30 - [MESSAGE][PASSED] - Tapped on element 'Object Repository/CommonScreenElements/Camera_flashButton'

2019-04-09 11:00:30 - [MESSAGE][WARNING] - Timeout '0' is invalid. Using default page load timeout: '6'

2019-04-09 11:00:34 - [MESSAGE][PASSED] - Tapped on element 'Object Repository/CommonScreenElements/Camera_TakePictureButton'

2019-04-09 11:00:39 - [MESSAGE][PASSED] - Delayed 5 second(s)

2019-04-09 11:00:39 - [MESSAGE][WARNING] - Timeout '0' is invalid. Using default page load timeout: '6'

2019-04-09 11:00:39 - [MESSAGE][PASSED] - Tapped on element 'Object Repository/CommonScreenElements/Camera_DoneButton'

2019-04-09 11:00:39 - [MESSAGE][PASSED] - com.ct.qa.keywords.CommonKeywords.takePicture is PASSED

2019-04-09 11:00:39 - [TEST_STEP][PASSED] - verifyElementExist(findTestObject("ShopOpen/ChillerUtilization/ChillerAvailable/Validate_ChillerAvailableScreen", ["package":PACKAGENAME]), 0): Element 'Object Repository/ShopOpen/ChillerUtilization/ChillerAvailable/Validate_ChillerAvailableScreen' is exist

2019-04-09 11:00:39 - [MESSAGE][WARNING] - Timeout '0' is invalid. Using default page load timeout: '6'

2019-04-09 11:00:40 - [MESSAGE][PASSED] - Element 'Object Repository/ShopOpen/ChillerUtilization/ChillerAvailable/Validate_ChillerAvailableScreen' is exist

2019-04-09 11:00:40 - [TEST_STEP][PASSED] - tap(findTestObject("ShopOpen/ChillerUtilization/ChillerAvailable/NextButton", ["package":PACKAGENAME]), 0): Tapped on element 'Object Repository/ShopOpen/ChillerUtilization/ChillerAvailable/NextButton'

2019-04-09 11:00:40 - [MESSAGE][WARNING] - Timeout '0' is invalid. Using default page load timeout: '6'

2019-04-09 11:00:41 - [MESSAGE][PASSED] - Tapped on element 'Object Repository/ShopOpen/ChillerUtilization/ChillerAvailable/NextButton'

2019-04-09 11:00:41 - [TEST_STEP][PASSED] - verifyElementText(findTestObject("ShopOpen/ChillerUtilization/ChillerAvailable/Validate_ChillerProductsCategoriesScreen", ["package":PACKAGENAME]), "Category:Chiller Utilization"): Actual text and expected text of test object 'Object Repository/ShopOpen/ChillerUtilization/ChillerAvailable/Validate_ChillerProductsCategoriesScreen' are matched.

2019-04-09 11:00:42 - [MESSAGE][PASSED] - Actual text and expected text of test object 'Object Repository/ShopOpen/ChillerUtilization/ChillerAvailable/Validate_ChillerProductsCategoriesScreen' are matched.

2019-04-09 11:00:42 - [TEST_STEP][PASSED] - com.ct.qa.keywords.ChillerProductsDataKeywords.visitChillerAvailableProductCategories(1): com.ct.qa.keywords.ChillerProductsDataKeywords.visitChillerAvailableProductCategories is PASSED

2019-04-09 11:00:46 - [TEST_CASE][PASSED] - Test Cases/ShopOpen/ChillerUtilization/ChillerAvailable/VisitProductCategoryAssets: Test Cases/ShopOpen/ChillerUtilization/ChillerAvailable/VisitProductCategoryAssets

2019-04-09 11:00:46 - [TEST_STEP][PASSED] - verifyElementText(findTestObject("ShopOpen/ChillerUtilization/ChillerAvailable/Validate_ProductCategoryAssetScreen", ["package":PACKAGENAME]), "Facing"): Actual text and expected text of test object 'Object Repository/ShopOpen/ChillerUtilization/ChillerAvailable/Validate_ProductCategoryAssetScreen' are matched.

2019-04-09 11:00:48 - [MESSAGE][PASSED] - Actual text and expected text of test object 'Object Repository/ShopOpen/ChillerUtilization/ChillerAvailable/Validate_ProductCategoryAssetScreen' are matched.

2019-04-09 11:00:48 - [TEST_STEP][PASSED] - tap(findTestObject("ShopOpen/ChillerUtilization/ChillerAvailable/Facing", ["package":PACKAGENAME]), 0): Tapped on element 'Object Repository/ShopOpen/ChillerUtilization/ChillerAvailable/Facing'

2019-04-09 11:00:48 - [MESSAGE][WARNING] - Timeout '0' is invalid. Using default page load timeout: '6'

2019-04-09 11:00:49 - [MESSAGE][PASSED] - Tapped on element 'Object Repository/ShopOpen/ChillerUtilization/ChillerAvailable/Facing'

2019-04-09 11:00:49 - [TEST_STEP][PASSED] - verifyElementText(findTestObject("ShopOpen/ChillerUtilization/ChillerAvailable/Validate_FacingScreen", ["package":PACKAGENAME]), "Facing"): Actual text and expected text of test object 'Object Repository/ShopOpen/ChillerUtilization/ChillerAvailable/Validate_FacingScreen' are matched.

2019-04-09 11:00:50 - [MESSAGE][PASSED] - Actual text and expected text of test object 'Object Repository/ShopOpen/ChillerUtilization/ChillerAvailable/Validate_FacingScreen' are matched.

2019-04-09 11:00:50 - [TEST_STEP][PASSED] - com.ct.qa.keywords.ChillerProductsDataKeywords.visitChillerAvailableProductsData(CHILLER_FACING, "Facing"): com.ct.qa.keywords.ChillerProductsDataKeywords.visitChillerAvailableProductsData is PASSED

2019-04-09 11:00:54 - [MESSAGE][PASSED] - Keyboard is hidden

2019-04-09 11:00:55 - [MESSAGE][PASSED] - Swiped from 117,359 to 117,250

2019-04-09 11:00:56 - [MESSAGE][PASSED] - com.ct.qa.keywords.ChillerProductsDataKeywords.visitChillerAvailableProductsData is PASSED

2019-04-09 11:00:56 - [TEST_STEP][PASSED] - tap(findTestObject("ShopOpen/ChillerUtilization/ChillerAvailable/SubmitButton", ["package":PACKAGENAME]), 0): Tapped on element 'Object Repository/ShopOpen/ChillerUtilization/ChillerAvailable/SubmitButton'

2019-04-09 11:00:56 - [MESSAGE][WARNING] - Timeout '0' is invalid. Using default page load timeout: '6'

2019-04-09 11:00:57 - [MESSAGE][PASSED] - Tapped on element 'Object Repository/ShopOpen/ChillerUtilization/ChillerAvailable/SubmitButton'

2019-04-09 11:00:57 - [TEST_STEP][PASSED] - verifyElementText(findTestObject("ShopOpen/ChillerUtilization/ChillerAvailable/Validate_ProductCategoryAssetScreen", ["package":PACKAGENAME]), "Facing"): Actual text and expected text of test object 'Object Repository/ShopOpen/ChillerUtilization/ChillerAvailable/Validate_ProductCategoryAssetScreen' are matched.

2019-04-09 11:00:57 - [MESSAGE][PASSED] - Actual text and expected text of test object 'Object Repository/ShopOpen/ChillerUtilization/ChillerAvailable/Validate_ProductCategoryAssetScreen' are matched.

2019-04-09 11:00:57 - [TEST_STEP][PASSED] - tap(findTestObject("ShopOpen/ChillerUtilization/ChillerAvailable/Depth", ["package":PACKAGENAME]), 0): Tapped on element 'Object Repository/ShopOpen/ChillerUtilization/ChillerAvailable/Depth'

2019-04-09 11:00:57 - [MESSAGE][WARNING] - Timeout '0' is invalid. Using default page load timeout: '6'

2019-04-09 11:00:58 - [MESSAGE][PASSED] - Tapped on element 'Object Repository/ShopOpen/ChillerUtilization/ChillerAvailable/Depth'

2019-04-09 11:00:58 - [TEST_STEP][PASSED] - verifyElementText(findTestObject("ShopOpen/ChillerUtilization/ChillerAvailable/Validate_DepthScreen", ["package":PACKAGENAME]), "Depth"): Actual text and expected text of test object 'Object Repository/ShopOpen/ChillerUtilization/ChillerAvailable/Validate_DepthScreen' are matched.

2019-04-09 11:01:00 - [MESSAGE][PASSED] - Actual text and expected text of test object 'Object Repository/ShopOpen/ChillerUtilization/ChillerAvailable/Validate_DepthScreen' are matched.

2019-04-09 11:01:00 - [TEST_STEP][PASSED] - com.ct.qa.keywords.ChillerProductsDataKeywords.visitChillerAvailableProductsData(CHILLER_DEPTH, "Depth"): com.ct.qa.keywords.ChillerProductsDataKeywords.visitChillerAvailableProductsData is PASSED

2019-04-09 11:01:04 - [MESSAGE][PASSED] - Keyboard is hidden

2019-04-09 11:01:05 - [MESSAGE][PASSED] - Swiped from 117,359 to 117,250

2019-04-09 11:01:06 - [MESSAGE][PASSED] - com.ct.qa.keywords.ChillerProductsDataKeywords.visitChillerAvailableProductsData is PASSED

2019-04-09 11:01:06 - [TEST_STEP][PASSED] - tap(findTestObject("ShopOpen/ChillerUtilization/ChillerAvailable/SubmitButton", ["package":PACKAGENAME]), 0): Tapped on element 'Object Repository/ShopOpen/ChillerUtilization/ChillerAvailable/SubmitButton'

2019-04-09 11:01:06 - [MESSAGE][WARNING] - Timeout '0' is invalid. Using default page load timeout: '6'

2019-04-09 11:01:07 - [MESSAGE][PASSED] - Tapped on element 'Object Repository/ShopOpen/ChillerUtilization/ChillerAvailable/SubmitButton'

2019-04-09 11:01:07 - [TEST_STEP][PASSED] - verifyElementText(findTestObject("ShopOpen/ChillerUtilization/ChillerAvailable/Validate_ProductCategoryAssetScreen", ["package":PACKAGENAME]), "Facing"): Actual text and expected text of test object 'Object Repository/ShopOpen/ChillerUtilization/ChillerAvailable/Validate_ProductCategoryAssetScreen' are matched.

2019-04-09 11:01:07 - [MESSAGE][PASSED] - Actual text and expected text of test object 'Object Repository/ShopOpen/ChillerUtilization/ChillerAvailable/Validate_ProductCategoryAssetScreen' are matched.

2019-04-09 11:01:07 - [TEST_STEP][PASSED] - tap(findTestObject("ShopOpen/ChillerUtilization/ChillerAvailable/StockCount", ["package":PACKAGENAME]), 0): Tapped on element 'Object Repository/ShopOpen/ChillerUtilization/ChillerAvailable/StockCount'

2019-04-09 11:01:07 - [MESSAGE][WARNING] - Timeout '0' is invalid. Using default page load timeout: '6'

2019-04-09 11:01:08 - [MESSAGE][PASSED] - Tapped on element 'Object Repository/ShopOpen/ChillerUtilization/ChillerAvailable/StockCount'

2019-04-09 11:01:08 - [TEST_STEP][PASSED] - verifyElementText(findTestObject("ShopOpen/ChillerUtilization/ChillerAvailable/Validate_StockCountScreen", ["package":PACKAGENAME]), "Stock Count"): Actual text and expected text of test object 'Object Repository/ShopOpen/ChillerUtilization/ChillerAvailable/Validate_StockCountScreen' are matched.

2019-04-09 11:01:11 - [MESSAGE][PASSED] - Actual text and expected text of test object 'Object Repository/ShopOpen/ChillerUtilization/ChillerAvailable/Validate_StockCountScreen' are matched.

2019-04-09 11:01:11 - [TEST_STEP][PASSED] - com.ct.qa.keywords.ChillerProductsDataKeywords.visitChillerAvailableProductsData(CHILLER_STOCKCOUNT, "Stock Count"): com.ct.qa.keywords.ChillerProductsDataKeywords.visitChillerAvailableProductsData is PASSED

2019-04-09 11:01:14 - [MESSAGE][PASSED] - Keyboard is hidden

2019-04-09 11:01:15 - [MESSAGE][PASSED] - Swiped from 117,359 to 117,250

2019-04-09 11:01:16 - [MESSAGE][PASSED] - com.ct.qa.keywords.ChillerProductsDataKeywords.visitChillerAvailableProductsData is PASSED

2019-04-09 11:01:16 - [TEST_STEP][PASSED] - tap(findTestObject("ShopOpen/ChillerUtilization/ChillerAvailable/SubmitButton", ["package":PACKAGENAME]), 0): Tapped on element 'Object Repository/ShopOpen/ChillerUtilization/ChillerAvailable/SubmitButton'

2019-04-09 11:01:16 - [MESSAGE][WARNING] - Timeout '0' is invalid. Using default page load timeout: '6'

2019-04-09 11:01:17 - [MESSAGE][PASSED] - Tapped on element 'Object Repository/ShopOpen/ChillerUtilization/ChillerAvailable/SubmitButton'

2019-04-09 11:01:17 - [TEST_STEP][PASSED] - verifyElementText(findTestObject("ShopOpen/ChillerUtilization/ChillerAvailable/Validate_ProductCategoryAssetScreen", ["package":PACKAGENAME]), "Facing"): Actual text and expected text of test object 'Object Repository/ShopOpen/ChillerUtilization/ChillerAvailable/Validate_ProductCategoryAssetScreen' are matched.

2019-04-09 11:01:18 - [MESSAGE][PASSED] - Actual text and expected text of test object 'Object Repository/ShopOpen/ChillerUtilization/ChillerAvailable/Validate_ProductCategoryAssetScreen' are matched.

2019-04-09 11:01:18 - [TEST_STEP][PASSED] - tap(findTestObject("ShopOpen/ChillerUtilization/ChillerAvailable/PorductCategoryActions_BackButton", ["package":PACKAGENAME]), 0): Tapped on element 'Object Repository/ShopOpen/ChillerUtilization/ChillerAvailable/PorductCategoryActions_BackButton'

2019-04-09 11:01:18 - [MESSAGE][WARNING] - Timeout '0' is invalid. Using default page load timeout: '6'

2019-04-09 11:01:18 - [MESSAGE][PASSED] - Tapped on element 'Object Repository/ShopOpen/ChillerUtilization/ChillerAvailable/PorductCategoryActions_BackButton'

2019-04-09 11:01:18 - [TEST_STEP][PASSED] - verifyElementText(findTestObject("ShopOpen/ChillerUtilization/ChillerAvailable/Validate_ChillerProductsCategoriesScreen", ["package":PACKAGENAME]), "Category:Chiller Utilization"): Actual text and expected text of test object 'Object Repository/ShopOpen/ChillerUtilization/ChillerAvailable/Validate_ChillerProductsCategoriesScreen' are matched.

2019-04-09 11:01:19 - [MESSAGE][PASSED] - Actual text and expected text of test object 'Object Repository/ShopOpen/ChillerUtilization/ChillerAvailable/Validate_ChillerProductsCategoriesScreen' are matched.

2019-04-09 11:01:19 - [MESSAGE][PASSED] - Call Test Case 'Test Cases/ShopOpen/ChillerUtilization/ChillerAvailable/VisitProductCategoryAssets' successfully

2019-04-09 11:01:20 - [TEST_CASE][PASSED] - Test Cases/ShopOpen/ChillerUtilization/ChillerAvailable/VisitProductCategoryAssets: Test Cases/ShopOpen/ChillerUtilization/ChillerAvailable/VisitProductCategoryAssets

2019-04-09 11:01:20 - [TEST_STEP][PASSED] - verifyElementText(findTestObject("ShopOpen/ChillerUtilization/ChillerAvailable/Validate_ProductCategoryAssetScreen", ["package":PACKAGENAME]), "Facing"): Actual text and expected text of test object 'Object Repository/ShopOpen/ChillerUtilization/ChillerAvailable/Validate_ProductCategoryAssetScreen' are matched.

2019-04-09 11:01:22 - [MESSAGE][PASSED] - Actual text and expected text of test object 'Object Repository/ShopOpen/ChillerUtilization/ChillerAvailable/Validate_ProductCategoryAssetScreen' are matched.

2019-04-09 11:01:22 - [TEST_STEP][PASSED] - tap(findTestObject("ShopOpen/ChillerUtilization/ChillerAvailable/Facing", ["package":PACKAGENAME]), 0): Tapped on element 'Object Repository/ShopOpen/ChillerUtilization/ChillerAvailable/Facing'

2019-04-09 11:01:22 - [MESSAGE][WARNING] - Timeout '0' is invalid. Using default page load timeout: '6'

2019-04-09 11:01:23 - [MESSAGE][PASSED] - Tapped on element 'Object Repository/ShopOpen/ChillerUtilization/ChillerAvailable/Facing'

2019-04-09 11:01:23 - [TEST_STEP][PASSED] - verifyElementText(findTestObject("ShopOpen/ChillerUtilization/ChillerAvailable/Validate_FacingScreen", ["package":PACKAGENAME]), "Facing"): Actual text and expected text of test object 'Object Repository/ShopOpen/ChillerUtilization/ChillerAvailable/Validate_FacingScreen' are matched.

2019-04-09 11:01:25 - [MESSAGE][PASSED] - Actual text and expected text of test object 'Object Repository/ShopOpen/ChillerUtilization/ChillerAvailable/Validate_FacingScreen' are matched.

2019-04-09 11:01:25 - [TEST_STEP][PASSED] - com.ct.qa.keywords.ChillerProductsDataKeywords.visitChillerAvailableProductsData(CHILLER_FACING, "Facing"): com.ct.qa.keywords.ChillerProductsDataKeywords.visitChillerAvailableProductsData is PASSED

2019-04-09 11:01:29 - [MESSAGE][PASSED] - Keyboard is hidden

2019-04-09 11:01:32 - [MESSAGE][PASSED] - Keyboard is hidden

2019-04-09 11:01:35 - [MESSAGE][PASSED] - Keyboard is hidden

2019-04-09 11:01:38 - [MESSAGE][PASSED] - Keyboard is hidden

2019-04-09 11:01:41 - [MESSAGE][PASSED] - Keyboard is hidden

2019-04-09 11:01:44 - [MESSAGE][PASSED] - Keyboard is hidden

2019-04-09 11:01:46 - [MESSAGE][PASSED] - Swiped from 25,359 to 25,250

2019-04-09 11:01:48 - [MESSAGE][PASSED] - com.ct.qa.keywords.ChillerProductsDataKeywords.visitChillerAvailableProductsData is PASSED

2019-04-09 11:01:48 - [TEST_STEP][PASSED] - tap(findTestObject("ShopOpen/ChillerUtilization/ChillerAvailable/SubmitButton", ["package":PACKAGENAME]), 0): Tapped on element 'Object Repository/ShopOpen/ChillerUtilization/ChillerAvailable/SubmitButton'

2019-04-09 11:01:48 - [MESSAGE][WARNING] - Timeout '0' is invalid. Using default page load timeout: '6'

2019-04-09 11:01:49 - [MESSAGE][PASSED] - Tapped on element 'Object Repository/ShopOpen/ChillerUtilization/ChillerAvailable/SubmitButton'

2019-04-09 11:01:49 - [TEST_STEP][PASSED] - verifyElementText(findTestObject("ShopOpen/ChillerUtilization/ChillerAvailable/Validate_ProductCategoryAssetScreen", ["package":PACKAGENAME]), "Facing"): Actual text and expected text of test object 'Object Repository/ShopOpen/ChillerUtilization/ChillerAvailable/Validate_ProductCategoryAssetScreen' are matched.

2019-04-09 11:01:49 - [MESSAGE][PASSED] - Actual text and expected text of test object 'Object Repository/ShopOpen/ChillerUtilization/ChillerAvailable/Validate_ProductCategoryAssetScreen' are matched.

2019-04-09 11:01:49 - [TEST_STEP][PASSED] - tap(findTestObject("ShopOpen/ChillerUtilization/ChillerAvailable/Depth", ["package":PACKAGENAME]), 0): Tapped on element 'Object Repository/ShopOpen/ChillerUtilization/ChillerAvailable/Depth'

2019-04-09 11:01:49 - [MESSAGE][WARNING] - Timeout '0' is invalid. Using default page load timeout: '6'

2019-04-09 11:01:50 - [MESSAGE][PASSED] - Tapped on element 'Object Repository/ShopOpen/ChillerUtilization/ChillerAvailable/Depth'

2019-04-09 11:01:50 - [TEST_STEP][PASSED] - verifyElementText(findTestObject("ShopOpen/ChillerUtilization/ChillerAvailable/Validate_DepthScreen", ["package":PACKAGENAME]), "Depth"): Actual text and expected text of test object 'Object Repository/ShopOpen/ChillerUtilization/ChillerAvailable/Validate_DepthScreen' are matched.

2019-04-09 11:01:53 - [MESSAGE][PASSED] - Actual text and expected text of test object 'Object Repository/ShopOpen/ChillerUtilization/ChillerAvailable/Validate_DepthScreen' are matched.

2019-04-09 11:01:53 - [TEST_STEP][PASSED] - com.ct.qa.keywords.ChillerProductsDataKeywords.visitChillerAvailableProductsData(CHILLER_DEPTH, "Depth"): com.ct.qa.keywords.ChillerProductsDataKeywords.visitChillerAvailableProductsData is PASSED

2019-04-09 11:01:57 - [MESSAGE][PASSED] - Keyboard is hidden

2019-04-09 11:02:00 - [MESSAGE][PASSED] - Keyboard is hidden

2019-04-09 11:02:03 - [MESSAGE][PASSED] - Keyboard is hidden

2019-04-09 11:02:06 - [MESSAGE][PASSED] - Keyboard is hidden

2019-04-09 11:02:09 - [MESSAGE][PASSED] - Keyboard is hidden

2019-04-09 11:02:12 - [MESSAGE][PASSED] - Keyboard is hidden

2019-04-09 11:02:14 - [MESSAGE][PASSED] - Swiped from 25,359 to 25,250

2019-04-09 11:02:16 - [MESSAGE][PASSED] - com.ct.qa.keywords.ChillerProductsDataKeywords.visitChillerAvailableProductsData is PASSED

2019-04-09 11:02:16 - [TEST_STEP][PASSED] - tap(findTestObject("ShopOpen/ChillerUtilization/ChillerAvailable/SubmitButton", ["package":PACKAGENAME]), 0): Tapped on element 'Object Repository/ShopOpen/ChillerUtilization/ChillerAvailable/SubmitButton'

2019-04-09 11:02:16 - [MESSAGE][WARNING] - Timeout '0' is invalid. Using default page load timeout: '6'

2019-04-09 11:02:17 - [MESSAGE][PASSED] - Tapped on element 'Object Repository/ShopOpen/ChillerUtilization/ChillerAvailable/SubmitButton'

2019-04-09 11:02:17 - [TEST_STEP][PASSED] - verifyElementText(findTestObject("ShopOpen/ChillerUtilization/ChillerAvailable/Validate_ProductCategoryAssetScreen", ["package":PACKAGENAME]), "Facing"): Actual text and expected text of test object 'Object Repository/ShopOpen/ChillerUtilization/ChillerAvailable/Validate_ProductCategoryAssetScreen' are matched.

2019-04-09 11:02:17 - [MESSAGE][PASSED] - Actual text and expected text of test object 'Object Repository/ShopOpen/ChillerUtilization/ChillerAvailable/Validate_ProductCategoryAssetScreen' are matched.

2019-04-09 11:02:17 - [TEST_STEP][PASSED] - tap(findTestObject("ShopOpen/ChillerUtilization/ChillerAvailable/StockCount", ["package":PACKAGENAME]), 0): Tapped on element 'Object Repository/ShopOpen/ChillerUtilization/ChillerAvailable/StockCount'

2019-04-09 11:02:17 - [MESSAGE][WARNING] - Timeout '0' is invalid. Using default page load timeout: '6'

2019-04-09 11:02:18 - [MESSAGE][PASSED] - Tapped on element 'Object Repository/ShopOpen/ChillerUtilization/ChillerAvailable/StockCount'

2019-04-09 11:02:18 - [TEST_STEP][PASSED] - verifyElementText(findTestObject("ShopOpen/ChillerUtilization/ChillerAvailable/Validate_StockCountScreen", ["package":PACKAGENAME]), "Stock Count"): Actual text and expected text of test object 'Object Repository/ShopOpen/ChillerUtilization/ChillerAvailable/Validate_StockCountScreen' are matched.

2019-04-09 11:02:19 - [MESSAGE][PASSED] - Actual text and expected text of test object 'Object Repository/ShopOpen/ChillerUtilization/ChillerAvailable/Validate_StockCountScreen' are matched.

2019-04-09 11:02:19 - [TEST_STEP][PASSED] - com.ct.qa.keywords.ChillerProductsDataKeywords.visitChillerAvailableProductsData(CHILLER_STOCKCOUNT, "Stock Count"): com.ct.qa.keywords.ChillerProductsDataKeywords.visitChillerAvailableProductsData is PASSED

2019-04-09 11:02:24 - [MESSAGE][PASSED] - Keyboard is hidden

2019-04-09 11:02:27 - [MESSAGE][PASSED] - Keyboard is hidden

2019-04-09 11:02:30 - [MESSAGE][PASSED] - Keyboard is hidden

2019-04-09 11:02:33 - [MESSAGE][PASSED] - Keyboard is hidden

2019-04-09 11:02:36 - [MESSAGE][PASSED] - Keyboard is hidden

2019-04-09 11:02:39 - [MESSAGE][PASSED] - Keyboard is hidden

2019-04-09 11:02:41 - [MESSAGE][PASSED] - Swiped from 25,359 to 25,250

2019-04-09 11:02:43 - [MESSAGE][PASSED] - com.ct.qa.keywords.ChillerProductsDataKeywords.visitChillerAvailableProductsData is PASSED

2019-04-09 11:02:43 - [TEST_STEP][PASSED] - tap(findTestObject("ShopOpen/ChillerUtilization/ChillerAvailable/SubmitButton", ["package":PACKAGENAME]), 0): Tapped on element 'Object Repository/ShopOpen/ChillerUtilization/ChillerAvailable/SubmitButton'

2019-04-09 11:02:43 - [MESSAGE][WARNING] - Timeout '0' is invalid. Using default page load timeout: '6'

2019-04-09 11:02:44 - [MESSAGE][PASSED] - Tapped on element 'Object Repository/ShopOpen/ChillerUtilization/ChillerAvailable/SubmitButton'

2019-04-09 11:02:44 - [TEST_STEP][PASSED] - verifyElementText(findTestObject("ShopOpen/ChillerUtilization/ChillerAvailable/Validate_ProductCategoryAssetScreen", ["package":PACKAGENAME]), "Facing"): Actual text and expected text of test object 'Object Repository/ShopOpen/ChillerUtilization/ChillerAvailable/Validate_ProductCategoryAssetScreen' are matched.

2019-04-09 11:02:44 - [MESSAGE][PASSED] - Actual text and expected text of test object 'Object Repository/ShopOpen/ChillerUtilization/ChillerAvailable/Validate_ProductCategoryAssetScreen' are matched.

2019-04-09 11:02:44 - [TEST_STEP][PASSED] - tap(findTestObject("ShopOpen/ChillerUtilization/ChillerAvailable/PorductCategoryActions_BackButton", ["package":PACKAGENAME]), 0): Tapped on element 'Object Repository/ShopOpen/ChillerUtilization/ChillerAvailable/PorductCategoryActions_BackButton'

2019-04-09 11:02:44 - [MESSAGE][WARNING] - Timeout '0' is invalid. Using default page load timeout: '6'

2019-04-09 11:02:45 - [MESSAGE][PASSED] - Tapped on element 'Object Repository/ShopOpen/ChillerUtilization/ChillerAvailable/PorductCategoryActions_BackButton'

2019-04-09 11:02:45 - [TEST_STEP][PASSED] - verifyElementText(findTestObject("ShopOpen/ChillerUtilization/ChillerAvailable/Validate_ChillerProductsCategoriesScreen", ["package":PACKAGENAME]), "Category:Chiller Utilization"): Actual text and expected text of test object 'Object Repository/ShopOpen/ChillerUtilization/ChillerAvailable/Validate_ChillerProductsCategoriesScreen' are matched.

2019-04-09 11:02:46 - [MESSAGE][PASSED] - Actual text and expected text of test object 'Object Repository/ShopOpen/ChillerUtilization/ChillerAvailable/Validate_ChillerProductsCategoriesScreen' are matched.

2019-04-09 11:02:46 - [MESSAGE][PASSED] - Call Test Case 'Test Cases/ShopOpen/ChillerUtilization/ChillerAvailable/VisitProductCategoryAssets' successfully

2019-04-09 11:02:47 - [TEST_CASE][PASSED] - Test Cases/ShopOpen/ChillerUtilization/ChillerAvailable/VisitProductCategoryAssets: Test Cases/ShopOpen/ChillerUtilization/ChillerAvailable/VisitProductCategoryAssets

2019-04-09 11:02:47 - [TEST_STEP][PASSED] - verifyElementText(findTestObject("ShopOpen/ChillerUtilization/ChillerAvailable/Validate_ProductCategoryAssetScreen", ["package":PACKAGENAME]), "Facing"): Actual text and expected text of test object 'Object Repository/ShopOpen/ChillerUtilization/ChillerAvailable/Validate_ProductCategoryAssetScreen' are matched.

2019-04-09 11:02:49 - [MESSAGE][PASSED] - Actual text and expected text of test object 'Object Repository/ShopOpen/ChillerUtilization/ChillerAvailable/Validate_ProductCategoryAssetScreen' are matched.

2019-04-09 11:02:49 - [TEST_STEP][PASSED] - tap(findTestObject("ShopOpen/ChillerUtilization/ChillerAvailable/Facing", ["package":PACKAGENAME]), 0): Tapped on element 'Object Repository/ShopOpen/ChillerUtilization/ChillerAvailable/Facing'

2019-04-09 11:02:49 - [MESSAGE][WARNING] - Timeout '0' is invalid. Using default page load timeout: '6'

2019-04-09 11:02:49 - [MESSAGE][PASSED] - Tapped on element 'Object Repository/ShopOpen/ChillerUtilization/ChillerAvailable/Facing'

2019-04-09 11:02:49 - [TEST_STEP][PASSED] - verifyElementText(findTestObject("ShopOpen/ChillerUtilization/ChillerAvailable/Validate_FacingScreen", ["package":PACKAGENAME]), "Facing"): Actual text and expected text of test object 'Object Repository/ShopOpen/ChillerUtilization/ChillerAvailable/Validate_FacingScreen' are matched.

2019-04-09 11:02:51 - [MESSAGE][PASSED] - Actual text and expected text of test object 'Object Repository/ShopOpen/ChillerUtilization/ChillerAvailable/Validate_FacingScreen' are matched.

2019-04-09 11:02:51 - [TEST_STEP][PASSED] - com.ct.qa.keywords.ChillerProductsDataKeywords.visitChillerAvailableProductsData(CHILLER_FACING, "Facing"): com.ct.qa.keywords.ChillerProductsDataKeywords.visitChillerAvailableProductsData is PASSED

2019-04-09 11:02:56 - [MESSAGE][PASSED] - Keyboard is hidden

2019-04-09 11:02:59 - [MESSAGE][PASSED] - Keyboard is hidden

2019-04-09 11:03:02 - [MESSAGE][PASSED] - Keyboard is hidden

2019-04-09 11:03:05 - [MESSAGE][PASSED] - Keyboard is hidden

2019-04-09 11:03:08 - [MESSAGE][PASSED] - Keyboard is hidden

2019-04-09 11:03:11 - [MESSAGE][PASSED] - Keyboard is hidden

2019-04-09 11:03:13 - [MESSAGE][PASSED] - Swiped from 30,359 to 30,250

2019-04-09 11:03:18 - [MESSAGE][PASSED] - Keyboard is hidden

2019-04-09 11:03:20 - [MESSAGE][PASSED] - Swiped from 30,359 to 30,250

2019-04-09 11:03:26 - [MESSAGE][PASSED] - Keyboard is hidden

2019-04-09 11:03:28 - [MESSAGE][PASSED] - Swiped from 30,359 to 30,250

2019-04-09 11:03:33 - [MESSAGE][PASSED] - Keyboard is hidden

2019-04-09 11:03:35 - [MESSAGE][PASSED] - Swiped from 30,359 to 30,250

2019-04-09 11:03:40 - [MESSAGE][PASSED] - Keyboard is hidden

2019-04-09 11:03:42 - [MESSAGE][PASSED] - Swiped from 30,359 to 30,250

2019-04-09 11:03:44 - [MESSAGE][PASSED] - com.ct.qa.keywords.ChillerProductsDataKeywords.visitChillerAvailableProductsData is PASSED

2019-04-09 11:03:44 - [TEST_STEP][PASSED] - tap(findTestObject("ShopOpen/ChillerUtilization/ChillerAvailable/SubmitButton", ["package":PACKAGENAME]), 0): Tapped on element 'Object Repository/ShopOpen/ChillerUtilization/ChillerAvailable/SubmitButton'

2019-04-09 11:03:44 - [MESSAGE][WARNING] - Timeout '0' is invalid. Using default page load timeout: '6'

2019-04-09 11:03:45 - [MESSAGE][PASSED] - Tapped on element 'Object Repository/ShopOpen/ChillerUtilization/ChillerAvailable/SubmitButton'

2019-04-09 11:03:45 - [TEST_STEP][PASSED] - verifyElementText(findTestObject("ShopOpen/ChillerUtilization/ChillerAvailable/Validate_ProductCategoryAssetScreen", ["package":PACKAGENAME]), "Facing"): Actual text and expected text of test object 'Object Repository/ShopOpen/ChillerUtilization/ChillerAvailable/Validate_ProductCategoryAssetScreen' are matched.

2019-04-09 11:03:46 - [MESSAGE][PASSED] - Actual text and expected text of test object 'Object Repository/ShopOpen/ChillerUtilization/ChillerAvailable/Validate_ProductCategoryAssetScreen' are matched.

2019-04-09 11:03:46 - [TEST_STEP][PASSED] - tap(findTestObject("ShopOpen/ChillerUtilization/ChillerAvailable/Depth", ["package":PACKAGENAME]), 0): Tapped on element 'Object Repository/ShopOpen/ChillerUtilization/ChillerAvailable/Depth'

2019-04-09 11:03:46 - [MESSAGE][WARNING] - Timeout '0' is invalid. Using default page load timeout: '6'

2019-04-09 11:03:46 - [MESSAGE][PASSED] - Tapped on element 'Object Repository/ShopOpen/ChillerUtilization/ChillerAvailable/Depth'

2019-04-09 11:03:46 - [TEST_STEP][PASSED] - verifyElementText(findTestObject("ShopOpen/ChillerUtilization/ChillerAvailable/Validate_DepthScreen", ["package":PACKAGENAME]), "Depth"): Actual text and expected text of test object 'Object Repository/ShopOpen/ChillerUtilization/ChillerAvailable/Validate_DepthScreen' are matched.

2019-04-09 11:03:49 - [MESSAGE][PASSED] - Actual text and expected text of test object 'Object Repository/ShopOpen/ChillerUtilization/ChillerAvailable/Validate_DepthScreen' are matched.

2019-04-09 11:03:49 - [TEST_STEP][PASSED] - com.ct.qa.keywords.ChillerProductsDataKeywords.visitChillerAvailableProductsData(CHILLER_DEPTH, "Depth"): com.ct.qa.keywords.ChillerProductsDataKeywords.visitChillerAvailableProductsData is PASSED

2019-04-09 11:03:54 - [MESSAGE][PASSED] - Keyboard is hidden

2019-04-09 11:03:57 - [MESSAGE][PASSED] - Keyboard is hidden

2019-04-09 11:04:00 - [MESSAGE][PASSED] - Keyboard is hidden

2019-04-09 11:04:03 - [MESSAGE][PASSED] - Keyboard is hidden

2019-04-09 11:04:06 - [MESSAGE][PASSED] - Keyboard is hidden

2019-04-09 11:04:09 - [MESSAGE][PASSED] - Keyboard is hidden

2019-04-09 11:04:11 - [MESSAGE][PASSED] - Swiped from 30,359 to 30,250

2019-04-09 11:04:15 - [MESSAGE][PASSED] - Keyboard is hidden

2019-04-09 11:04:17 - [MESSAGE][PASSED] - Swiped from 30,359 to 30,250

2019-04-09 11:04:22 - [MESSAGE][PASSED] - Keyboard is hidden

2019-04-09 11:04:24 - [MESSAGE][PASSED] - Swiped from 30,359 to 30,250

2019-04-09 11:04:29 - [MESSAGE][PASSED] - Keyboard is hidden

2019-04-09 11:04:31 - [MESSAGE][PASSED] - Swiped from 30,359 to 30,250

2019-04-09 11:04:36 - [MESSAGE][PASSED] - Keyboard is hidden

2019-04-09 11:04:38 - [MESSAGE][PASSED] - Swiped from 30,359 to 30,250

2019-04-09 11:04:40 - [MESSAGE][PASSED] - com.ct.qa.keywords.ChillerProductsDataKeywords.visitChillerAvailableProductsData is PASSED

2019-04-09 11:04:40 - [TEST_STEP][PASSED] - tap(findTestObject("ShopOpen/ChillerUtilization/ChillerAvailable/SubmitButton", ["package":PACKAGENAME]), 0): Tapped on element 'Object Repository/ShopOpen/ChillerUtilization/ChillerAvailable/SubmitButton'

2019-04-09 11:04:40 - [MESSAGE][WARNING] - Timeout '0' is invalid. Using default page load timeout: '6'

2019-04-09 11:04:41 - [MESSAGE][PASSED] - Tapped on element 'Object Repository/ShopOpen/ChillerUtilization/ChillerAvailable/SubmitButton'

2019-04-09 11:04:41 - [TEST_STEP][PASSED] - verifyElementText(findTestObject("ShopOpen/ChillerUtilization/ChillerAvailable/Validate_ProductCategoryAssetScreen", ["package":PACKAGENAME]), "Facing"): Actual text and expected text of test object 'Object Repository/ShopOpen/ChillerUtilization/ChillerAvailable/Validate_ProductCategoryAssetScreen' are matched.

2019-04-09 11:04:41 - [MESSAGE][PASSED] - Actual text and expected text of test object 'Object Repository/ShopOpen/ChillerUtilization/ChillerAvailable/Validate_ProductCategoryAssetScreen' are matched.

2019-04-09 11:04:41 - [TEST_STEP][PASSED] - tap(findTestObject("ShopOpen/ChillerUtilization/ChillerAvailable/StockCount", ["package":PACKAGENAME]), 0): Tapped on element 'Object Repository/ShopOpen/ChillerUtilization/ChillerAvailable/StockCount'

2019-04-09 11:04:41 - [MESSAGE][WARNING] - Timeout '0' is invalid. Using default page load timeout: '6'

2019-04-09 11:04:42 - [MESSAGE][PASSED] - Tapped on element 'Object Repository/ShopOpen/ChillerUtilization/ChillerAvailable/StockCount'

2019-04-09 11:04:42 - [TEST_STEP][PASSED] - verifyElementText(findTestObject("ShopOpen/ChillerUtilization/ChillerAvailable/Validate_StockCountScreen", ["package":PACKAGENAME]), "Stock Count"): Actual text and expected text of test object 'Object Repository/ShopOpen/ChillerUtilization/ChillerAvailable/Validate_StockCountScreen' are matched.

2019-04-09 11:04:44 - [MESSAGE][PASSED] - Actual text and expected text of test object 'Object Repository/ShopOpen/ChillerUtilization/ChillerAvailable/Validate_StockCountScreen' are matched.

2019-04-09 11:04:44 - [TEST_STEP][PASSED] - com.ct.qa.keywords.ChillerProductsDataKeywords.visitChillerAvailableProductsData(CHILLER_STOCKCOUNT, "Stock Count"): com.ct.qa.keywords.ChillerProductsDataKeywords.visitChillerAvailableProductsData is PASSED

2019-04-09 11:04:49 - [MESSAGE][PASSED] - Keyboard is hidden

2019-04-09 11:04:52 - [MESSAGE][PASSED] - Keyboard is hidden

2019-04-09 11:04:55 - [MESSAGE][PASSED] - Keyboard is hidden

2019-04-09 11:04:58 - [MESSAGE][PASSED] - Keyboard is hidden

2019-04-09 11:05:01 - [MESSAGE][PASSED] - Keyboard is hidden

2019-04-09 11:05:04 - [MESSAGE][PASSED] - Keyboard is hidden

2019-04-09 11:05:06 - [MESSAGE][PASSED] - Swiped from 30,359 to 30,250

2019-04-09 11:05:11 - [MESSAGE][PASSED] - Keyboard is hidden

2019-04-09 11:05:13 - [MESSAGE][PASSED] - Swiped from 30,359 to 30,250

2019-04-09 11:05:18 - [MESSAGE][PASSED] - Keyboard is hidden

2019-04-09 11:05:20 - [MESSAGE][PASSED] - Swiped from 30,359 to 30,250

2019-04-09 11:05:25 - [MESSAGE][PASSED] - Keyboard is hidden

2019-04-09 11:05:27 - [MESSAGE][PASSED] - Swiped from 30,359 to 30,250

2019-04-09 11:05:32 - [MESSAGE][PASSED] - Keyboard is hidden

2019-04-09 11:05:34 - [MESSAGE][PASSED] - Swiped from 30,359 to 30,250

2019-04-09 11:05:36 - [MESSAGE][PASSED] - com.ct.qa.keywords.ChillerProductsDataKeywords.visitChillerAvailableProductsData is PASSED

2019-04-09 11:05:36 - [TEST_STEP][PASSED] - tap(findTestObject("ShopOpen/ChillerUtilization/ChillerAvailable/SubmitButton", ["package":PACKAGENAME]), 0): Tapped on element 'Object Repository/ShopOpen/ChillerUtilization/ChillerAvailable/SubmitButton'

2019-04-09 11:05:36 - [MESSAGE][WARNING] - Timeout '0' is invalid. Using default page load timeout: '6'

2019-04-09 11:05:37 - [MESSAGE][PASSED] - Tapped on element 'Object Repository/ShopOpen/ChillerUtilization/ChillerAvailable/SubmitButton'

2019-04-09 11:05:37 - [TEST_STEP][PASSED] - verifyElementText(findTestObject("ShopOpen/ChillerUtilization/ChillerAvailable/Validate_ProductCategoryAssetScreen", ["package":PACKAGENAME]), "Facing"): Actual text and expected text of test object 'Object Repository/ShopOpen/ChillerUtilization/ChillerAvailable/Validate_ProductCategoryAssetScreen' are matched.

2019-04-09 11:05:38 - [MESSAGE][PASSED] - Actual text and expected text of test object 'Object Repository/ShopOpen/ChillerUtilization/ChillerAvailable/Validate_ProductCategoryAssetScreen' are matched.

2019-04-09 11:05:38 - [TEST_STEP][PASSED] - tap(findTestObject("ShopOpen/ChillerUtilization/ChillerAvailable/PorductCategoryActions_BackButton", ["package":PACKAGENAME]), 0): Tapped on element 'Object Repository/ShopOpen/ChillerUtilization/ChillerAvailable/PorductCategoryActions_BackButton'

2019-04-09 11:05:38 - [MESSAGE][WARNING] - Timeout '0' is invalid. Using default page load timeout: '6'

2019-04-09 11:05:39 - [MESSAGE][PASSED] - Tapped on element 'Object Repository/ShopOpen/ChillerUtilization/ChillerAvailable/PorductCategoryActions_BackButton'

2019-04-09 11:05:39 - [TEST_STEP][PASSED] - verifyElementText(findTestObject("ShopOpen/ChillerUtilization/ChillerAvailable/Validate_ChillerProductsCategoriesScreen", ["package":PACKAGENAME]), "Category:Chiller Utilization"): Actual text and expected text of test object 'Object Repository/ShopOpen/ChillerUtilization/ChillerAvailable/Validate_ChillerProductsCategoriesScreen' are matched.

2019-04-09 11:05:40 - [MESSAGE][PASSED] - Actual text and expected text of test object 'Object Repository/ShopOpen/ChillerUtilization/ChillerAvailable/Validate_ChillerProductsCategoriesScreen' are matched.

2019-04-09 11:05:40 - [MESSAGE][PASSED] - Call Test Case 'Test Cases/ShopOpen/ChillerUtilization/ChillerAvailable/VisitProductCategoryAssets' successfully

2019-04-09 11:05:40 - [TEST_CASE][PASSED] - Test Cases/ShopOpen/ChillerUtilization/ChillerAvailable/VisitProductCategoryAssets: Test Cases/ShopOpen/ChillerUtilization/ChillerAvailable/VisitProductCategoryAssets

2019-04-09 11:05:40 - [TEST_STEP][PASSED] - verifyElementText(findTestObject("ShopOpen/ChillerUtilization/ChillerAvailable/Validate_ProductCategoryAssetScreen", ["package":PACKAGENAME]), "Facing"): Actual text and expected text of test object 'Object Repository/ShopOpen/ChillerUtilization/ChillerAvailable/Validate_ProductCategoryAssetScreen' are matched.

2019-04-09 11:05:42 - [MESSAGE][PASSED] - Actual text and expected text of test object 'Object Repository/ShopOpen/ChillerUtilization/ChillerAvailable/Validate_ProductCategoryAssetScreen' are matched.

2019-04-09 11:05:42 - [TEST_STEP][PASSED] - tap(findTestObject("ShopOpen/ChillerUtilization/ChillerAvailable/Facing", ["package":PACKAGENAME]), 0): Tapped on element 'Object Repository/ShopOpen/ChillerUtilization/ChillerAvailable/Facing'

2019-04-09 11:05:42 - [MESSAGE][WARNING] - Timeout '0' is invalid. Using default page load timeout: '6'

2019-04-09 11:05:43 - [MESSAGE][PASSED] - Tapped on element 'Object Repository/ShopOpen/ChillerUtilization/ChillerAvailable/Facing'

2019-04-09 11:05:43 - [TEST_STEP][PASSED] - verifyElementText(findTestObject("ShopOpen/ChillerUtilization/ChillerAvailable/Validate_FacingScreen", ["package":PACKAGENAME]), "Facing"): Actual text and expected text of test object 'Object Repository/ShopOpen/ChillerUtilization/ChillerAvailable/Validate_FacingScreen' are matched.

2019-04-09 11:05:44 - [MESSAGE][PASSED] - Actual text and expected text of test object 'Object Repository/ShopOpen/ChillerUtilization/ChillerAvailable/Validate_FacingScreen' are matched.

2019-04-09 11:05:44 - [TEST_STEP][PASSED] - com.ct.qa.keywords.ChillerProductsDataKeywords.visitChillerAvailableProductsData(CHILLER_FACING, "Facing"): com.ct.qa.keywords.ChillerProductsDataKeywords.visitChillerAvailableProductsData is PASSED

2019-04-09 11:05:48 - [MESSAGE][PASSED] - Keyboard is hidden

2019-04-09 11:05:51 - [MESSAGE][PASSED] - Keyboard is hidden

2019-04-09 11:05:54 - [MESSAGE][PASSED] - Keyboard is hidden

2019-04-09 11:05:55 - [MESSAGE][PASSED] - Swiped from 117,359 to 117,250

2019-04-09 11:05:56 - [MESSAGE][PASSED] - com.ct.qa.keywords.ChillerProductsDataKeywords.visitChillerAvailableProductsData is PASSED

2019-04-09 11:05:56 - [TEST_STEP][PASSED] - tap(findTestObject("ShopOpen/ChillerUtilization/ChillerAvailable/SubmitButton", ["package":PACKAGENAME]), 0): Tapped on element 'Object Repository/ShopOpen/ChillerUtilization/ChillerAvailable/SubmitButton'

2019-04-09 11:05:56 - [MESSAGE][WARNING] - Timeout '0' is invalid. Using default page load timeout: '6'

2019-04-09 11:05:57 - [MESSAGE][PASSED] - Tapped on element 'Object Repository/ShopOpen/ChillerUtilization/ChillerAvailable/SubmitButton'

2019-04-09 11:05:57 - [TEST_STEP][PASSED] - verifyElementText(findTestObject("ShopOpen/ChillerUtilization/ChillerAvailable/Validate_ProductCategoryAssetScreen", ["package":PACKAGENAME]), "Facing"): Actual text and expected text of test object 'Object Repository/ShopOpen/ChillerUtilization/ChillerAvailable/Validate_ProductCategoryAssetScreen' are matched.

2019-04-09 11:05:58 - [MESSAGE][PASSED] - Actual text and expected text of test object 'Object Repository/ShopOpen/ChillerUtilization/ChillerAvailable/Validate_ProductCategoryAssetScreen' are matched.

2019-04-09 11:05:58 - [TEST_STEP][PASSED] - tap(findTestObject("ShopOpen/ChillerUtilization/ChillerAvailable/Depth", ["package":PACKAGENAME]), 0): Tapped on element 'Object Repository/ShopOpen/ChillerUtilization/ChillerAvailable/Depth'

2019-04-09 11:05:58 - [MESSAGE][WARNING] - Timeout '0' is invalid. Using default page load timeout: '6'

2019-04-09 11:05:58 - [MESSAGE][PASSED] - Tapped on element 'Object Repository/ShopOpen/ChillerUtilization/ChillerAvailable/Depth'

2019-04-09 11:05:58 - [TEST_STEP][PASSED] - verifyElementText(findTestObject("ShopOpen/ChillerUtilization/ChillerAvailable/Validate_DepthScreen", ["package":PACKAGENAME]), "Depth"): Actual text and expected text of test object 'Object Repository/ShopOpen/ChillerUtilization/ChillerAvailable/Validate_DepthScreen' are matched.

2019-04-09 11:06:00 - [MESSAGE][PASSED] - Actual text and expected text of test object 'Object Repository/ShopOpen/ChillerUtilization/ChillerAvailable/Validate_DepthScreen' are matched.

2019-04-09 11:06:00 - [TEST_STEP][PASSED] - com.ct.qa.keywords.ChillerProductsDataKeywords.visitChillerAvailableProductsData(CHILLER_DEPTH, "Depth"): com.ct.qa.keywords.ChillerProductsDataKeywords.visitChillerAvailableProductsData is PASSED

2019-04-09 11:06:04 - [MESSAGE][PASSED] - Keyboard is hidden

2019-04-09 11:06:07 - [MESSAGE][PASSED] - Keyboard is hidden

2019-04-09 11:06:10 - [MESSAGE][PASSED] - Keyboard is hidden

2019-04-09 11:06:11 - [MESSAGE][PASSED] - Swiped from 117,359 to 117,250

2019-04-09 11:06:12 - [MESSAGE][PASSED] - com.ct.qa.keywords.ChillerProductsDataKeywords.visitChillerAvailableProductsData is PASSED

2019-04-09 11:06:12 - [TEST_STEP][PASSED] - tap(findTestObject("ShopOpen/ChillerUtilization/ChillerAvailable/SubmitButton", ["package":PACKAGENAME]), 0): Tapped on element 'Object Repository/ShopOpen/ChillerUtilization/ChillerAvailable/SubmitButton'

2019-04-09 11:06:12 - [MESSAGE][WARNING] - Timeout '0' is invalid. Using default page load timeout: '6'

2019-04-09 11:06:13 - [MESSAGE][PASSED] - Tapped on element 'Object Repository/ShopOpen/ChillerUtilization/ChillerAvailable/SubmitButton'

2019-04-09 11:06:13 - [TEST_STEP][PASSED] - verifyElementText(findTestObject("ShopOpen/ChillerUtilization/ChillerAvailable/Validate_ProductCategoryAssetScreen", ["package":PACKAGENAME]), "Facing"): Actual text and expected text of test object 'Object Repository/ShopOpen/ChillerUtilization/ChillerAvailable/Validate_ProductCategoryAssetScreen' are matched.

2019-04-09 11:06:14 - [MESSAGE][PASSED] - Actual text and expected text of test object 'Object Repository/ShopOpen/ChillerUtilization/ChillerAvailable/Validate_ProductCategoryAssetScreen' are matched.

2019-04-09 11:06:14 - [TEST_STEP][PASSED] - tap(findTestObject("ShopOpen/ChillerUtilization/ChillerAvailable/StockCount", ["package":PACKAGENAME]), 0): Tapped on element 'Object Repository/ShopOpen/ChillerUtilization/ChillerAvailable/StockCount'

2019-04-09 11:06:14 - [MESSAGE][WARNING] - Timeout '0' is invalid. Using default page load timeout: '6'

2019-04-09 11:06:14 - [MESSAGE][PASSED] - Tapped on element 'Object Repository/ShopOpen/ChillerUtilization/ChillerAvailable/StockCount'

2019-04-09 11:06:14 - [TEST_STEP][PASSED] - verifyElementText(findTestObject("ShopOpen/ChillerUtilization/ChillerAvailable/Validate_StockCountScreen", ["package":PACKAGENAME]), "Stock Count"): Actual text and expected text of test object 'Object Repository/ShopOpen/ChillerUtilization/ChillerAvailable/Validate_StockCountScreen' are matched.

2019-04-09 11:06:15 - [MESSAGE][PASSED] - Actual text and expected text of test object 'Object Repository/ShopOpen/ChillerUtilization/ChillerAvailable/Validate_StockCountScreen' are matched.

2019-04-09 11:06:15 - [TEST_STEP][PASSED] - com.ct.qa.keywords.ChillerProductsDataKeywords.visitChillerAvailableProductsData(CHILLER_STOCKCOUNT, "Stock Count"): com.ct.qa.keywords.ChillerProductsDataKeywords.visitChillerAvailableProductsData is PASSED

2019-04-09 11:06:19 - [MESSAGE][PASSED] - Keyboard is hidden

2019-04-09 11:06:22 - [MESSAGE][PASSED] - Keyboard is hidden

2019-04-09 11:06:25 - [MESSAGE][PASSED] - Keyboard is hidden

2019-04-09 11:06:26 - [MESSAGE][PASSED] - Swiped from 117,359 to 117,250

2019-04-09 11:06:27 - [MESSAGE][PASSED] - com.ct.qa.keywords.ChillerProductsDataKeywords.visitChillerAvailableProductsData is PASSED

2019-04-09 11:06:27 - [TEST_STEP][PASSED] - tap(findTestObject("ShopOpen/ChillerUtilization/ChillerAvailable/SubmitButton", ["package":PACKAGENAME]), 0): Tapped on element 'Object Repository/ShopOpen/ChillerUtilization/ChillerAvailable/SubmitButton'

2019-04-09 11:06:27 - [MESSAGE][WARNING] - Timeout '0' is invalid. Using default page load timeout: '6'

2019-04-09 11:06:28 - [MESSAGE][PASSED] - Tapped on element 'Object Repository/ShopOpen/ChillerUtilization/ChillerAvailable/SubmitButton'

2019-04-09 11:06:28 - [TEST_STEP][PASSED] - verifyElementText(findTestObject("ShopOpen/ChillerUtilization/ChillerAvailable/Validate_ProductCategoryAssetScreen", ["package":PACKAGENAME]), "Facing"): Actual text and expected text of test object 'Object Repository/ShopOpen/ChillerUtilization/ChillerAvailable/Validate_ProductCategoryAssetScreen' are matched.

2019-04-09 11:06:28 - [MESSAGE][PASSED] - Actual text and expected text of test object 'Object Repository/ShopOpen/ChillerUtilization/ChillerAvailable/Validate_ProductCategoryAssetScreen' are matched.

2019-04-09 11:06:28 - [TEST_STEP][PASSED] - tap(findTestObject("ShopOpen/ChillerUtilization/ChillerAvailable/PorductCategoryActions_BackButton", ["package":PACKAGENAME]), 0): Tapped on element 'Object Repository/ShopOpen/ChillerUtilization/ChillerAvailable/PorductCategoryActions_BackButton'

2019-04-09 11:06:28 - [MESSAGE][WARNING] - Timeout '0' is invalid. Using default page load timeout: '6'

2019-04-09 11:06:29 - [MESSAGE][PASSED] - Tapped on element 'Object Repository/ShopOpen/ChillerUtilization/ChillerAvailable/PorductCategoryActions_BackButton'

2019-04-09 11:06:29 - [TEST_STEP][PASSED] - verifyElementText(findTestObject("ShopOpen/ChillerUtilization/ChillerAvailable/Validate_ChillerProductsCategoriesScreen", ["package":PACKAGENAME]), "Category:Chiller Utilization"): Actual text and expected text of test object 'Object Repository/ShopOpen/ChillerUtilization/ChillerAvailable/Validate_ChillerProductsCategoriesScreen' are matched.

2019-04-09 11:06:30 - [MESSAGE][PASSED] - Actual text and expected text of test object 'Object Repository/ShopOpen/ChillerUtilization/ChillerAvailable/Validate_ChillerProductsCategoriesScreen' are matched.

2019-04-09 11:06:30 - [MESSAGE][PASSED] - Call Test Case 'Test Cases/ShopOpen/ChillerUtilization/ChillerAvailable/VisitProductCategoryAssets' successfully

2019-04-09 11:06:30 - [MESSAGE][PASSED] - com.ct.qa.keywords.ChillerProductsDataKeywords.visitChillerAvailableProductCategories is PASSED

2019-04-09 11:06:30 - [TEST_STEP][PASSED] - com.ct.qa.keywords.CommonKeywords.visitPlanogramImageViewButton(): com.ct.qa.keywords.CommonKeywords.visitPlanogramImageViewButton is PASSED

2019-04-09 11:06:31 - [MESSAGE][WARNING] - Timeout '0' is invalid. Using default page load timeout: '6'

2019-04-09 11:06:38 - [MESSAGE][WARNING] - Object Object Repository/CommonScreenElements/InfoPopUp_OKButton not found
[[ATTACHMENT|F:\\Git Projects\\MMAPlus_Merchandising\\MMAPlus_Merchandising\\Reports\\MMA Plus Merchandiser With Chiller Level Overwrite Scenarios\\20190409_104853\\1554789997409.png]]

2019-04-09 11:06:39 - [MESSAGE][PASSED] - com.ct.qa.keywords.CommonKeywords.visitPlanogramImageViewButton is PASSED

2019-04-09 11:06:39 - [TEST_STEP][PASSED] - verifyElementText(findTestObject("ShopOpen/ChillerUtilization/ChillerAvailable/Validate_ChillerProductsCategoriesScreen", ["package":PACKAGENAME]), "Category:Chiller Utilization"): Actual text and expected text of test object 'Object Repository/ShopOpen/ChillerUtilization/ChillerAvailable/Validate_ChillerProductsCategoriesScreen' are matched.

2019-04-09 11:06:39 - [MESSAGE][PASSED] - Actual text and expected text of test object 'Object Repository/ShopOpen/ChillerUtilization/ChillerAvailable/Validate_ChillerProductsCategoriesScreen' are matched.

2019-04-09 11:06:39 - [TEST_STEP][PASSED] - com.ct.qa.keywords.CommonKeywords.visitPictureImageViewButton(): com.ct.qa.keywords.CommonKeywords.visitPictureImageViewButton is PASSED

2019-04-09 11:06:40 - [MESSAGE][PASSED] - com.ct.qa.keywords.CommonKeywords.visitPictureImageViewButton is PASSED

2019-04-09 11:06:40 - [TEST_STEP][PASSED] - verifyElementText(findTestObject("ShopOpen/ChillerUtilization/ChillerAvailable/Validate_ChillerProductsCategoriesScreen", ["package":PACKAGENAME]), "Category:Chiller Utilization"): Actual text and expected text of test object 'Object Repository/ShopOpen/ChillerUtilization/ChillerAvailable/Validate_ChillerProductsCategoriesScreen' are matched.

2019-04-09 11:06:41 - [MESSAGE][PASSED] - Actual text and expected text of test object 'Object Repository/ShopOpen/ChillerUtilization/ChillerAvailable/Validate_ChillerProductsCategoriesScreen' are matched.

2019-04-09 11:06:41 - [TEST_STEP][PASSED] - com.ct.qa.keywords.CommonKeywords.visitBackImageViewButton(): com.ct.qa.keywords.CommonKeywords.visitBackImageViewButton is PASSED

2019-04-09 11:06:43 - [MESSAGE][PASSED] - com.ct.qa.keywords.CommonKeywords.visitBackImageViewButton is PASSED

2019-04-09 11:06:43 - [TEST_STEP][PASSED] - verifyElementText(findTestObject("ShopOpen/ChillerUtilization/Validate_ChillerUtilizationScreen", ["package":PACKAGENAME]), "Shop Chillers"): Actual text and expected text of test object 'Object Repository/ShopOpen/ChillerUtilization/Validate_ChillerUtilizationScreen' are matched.

2019-04-09 11:06:44 - [MESSAGE][PASSED] - Actual text and expected text of test object 'Object Repository/ShopOpen/ChillerUtilization/Validate_ChillerUtilizationScreen' are matched.

2019-04-09 11:06:44 - [MESSAGE][PASSED] - Call Test Case 'Test Cases/ShopOpen/ChillerUtilization/ChillerAvailable/VisitChillerAvailable' successfully

2019-04-09 11:06:44 - [MESSAGE][PASSED] - com.ct.qa.keywords.ChillerVisitingScenariosKeywords.visitChillersTaggedinChillerUtilizationWithSingleRemark is PASSED

2019-04-09 11:06:44 - [MESSAGE][PASSED] - Call Test Case 'Test Cases/ShopOpen/ChillerUtilization/VisitChillerScenarios_WithChillerLevel/VisitChillerUtilizationWith_ChillerAvailable' successfully

2019-04-09 11:06:44 - [TEST_CASE][PASSED] - Test Cases/ShopOpen/ChillerUtilization/VisitChillerScenarios_WithCategeoryLevel/OverwriteChillerUtilizationWith_ChillerNotAvailable: Test Cases/ShopOpen/ChillerUtilization/VisitChillerScenarios_WithCategeoryLevel/OverwriteChillerUtilizationWith_ChillerNotAvailable

2019-04-09 11:06:44 - [TEST_STEP][PASSED] - verifyElementText(findTestObject("ShopOpen/ChillerUtilization/Validate_ChillerUtilizationScreen", ["package":PACKAGENAME]), "Shop Chillers"): Actual text and expected text of test object 'Object Repository/ShopOpen/ChillerUtilization/Validate_ChillerUtilizationScreen' are matched.

2019-04-09 11:06:44 - [MESSAGE][PASSED] - Actual text and expected text of test object 'Object Repository/ShopOpen/ChillerUtilization/Validate_ChillerUtilizationScreen' are matched.

2019-04-09 11:06:44 - [TEST_STEP][PASSED] - com.ct.qa.keywords.ChillerVisitingScenariosKeywords.overwriteChillersTaggedinChillerUtilizationWithSingleRemark("Chiller not Available"): com.ct.qa.keywords.ChillerVisitingScenariosKeywords.overwriteChillersTaggedinChillerUtilizationWithSingleRemark is PASSED

2019-04-09 11:06:46 - [MESSAGE][WARNING] - Timeout '0' is invalid. Using default page load timeout: '6'

2019-04-09 11:06:49 - [MESSAGE][PASSED] - Tapped on element 'Object Repository/CommonScreenElements/InfoPopUp_YesButton'

2019-04-09 11:06:49 - [MESSAGE][WARNING] - Timeout '0' is invalid. Using default page load timeout: '6'

2019-04-09 11:06:49 - [MESSAGE][PASSED] - Element 'Object Repository/CommonScreenElements/Validate_CameraScreen' is exist

2019-04-09 11:06:49 - [MESSAGE][WARNING] - Timeout '0' is invalid. Using default page load timeout: '6'

2019-04-09 11:06:53 - [MESSAGE][PASSED] - Tapped on element 'Object Repository/CommonScreenElements/Camera_flashButton'

2019-04-09 11:06:53 - [MESSAGE][WARNING] - Timeout '0' is invalid. Using default page load timeout: '6'

2019-04-09 11:06:56 - [MESSAGE][PASSED] - Tapped on element 'Object Repository/CommonScreenElements/Camera_TakePictureButton'

2019-04-09 11:07:01 - [MESSAGE][PASSED] - Delayed 5 second(s)

2019-04-09 11:07:01 - [MESSAGE][WARNING] - Timeout '0' is invalid. Using default page load timeout: '6'

2019-04-09 11:07:01 - [MESSAGE][PASSED] - Tapped on element 'Object Repository/CommonScreenElements/Camera_DoneButton'

2019-04-09 11:07:04 - [TEST_CASE][PASSED] - Test Cases/ShopOpen/ChillerUtilization/ChillerNotAvailable/OverwriteChillerNotAvailable: Test Cases/ShopOpen/ChillerUtilization/ChillerNotAvailable/OverwriteChillerNotAvailable

2019-04-09 11:07:05 - [TEST_STEP][PASSED] - verifyElementText(findTestObject("ShopOpen/ChillerUtilization/ChillerNotAvailable/Validate_ChillerNotAvailableScreen", ["package":PACKAGENAME]), "Category:Chiller Utilization"): Actual text and expected text of test object 'Object Repository/ShopOpen/ChillerUtilization/ChillerNotAvailable/Validate_ChillerNotAvailableScreen' are matched.

2019-04-09 11:07:07 - [MESSAGE][PASSED] - Actual text and expected text of test object 'Object Repository/ShopOpen/ChillerUtilization/ChillerNotAvailable/Validate_ChillerNotAvailableScreen' are matched.

2019-04-09 11:07:07 - [TEST_STEP][PASSED] - com.ct.qa.keywords.ChillerProductsDataKeywords.visitChillerNotAvailableProductCategories(2): com.ct.qa.keywords.ChillerProductsDataKeywords.visitChillerNotAvailableProductCategories is PASSED

2019-04-09 11:07:11 - [TEST_CASE][PASSED] - Test Cases/ShopOpen/ChillerUtilization/ChillerNotAvailable/VisitProductCategoryAssets: Test Cases/ShopOpen/ChillerUtilization/ChillerNotAvailable/VisitProductCategoryAssets

2019-04-09 11:07:12 - [TEST_STEP][PASSED] - verifyElementText(findTestObject("ShopOpen/ChillerUtilization/ChillerNotAvailable/Validate_ProductCategoryAssetScreen", ["package":PACKAGENAME]), "Facing"): Actual text and expected text of test object 'Object Repository/ShopOpen/ChillerUtilization/ChillerNotAvailable/Validate_ProductCategoryAssetScreen' are matched.

2019-04-09 11:07:12 - [MESSAGE][PASSED] - Actual text and expected text of test object 'Object Repository/ShopOpen/ChillerUtilization/ChillerNotAvailable/Validate_ProductCategoryAssetScreen' are matched.

2019-04-09 11:07:12 - [TEST_STEP][PASSED] - tap(findTestObject("ShopOpen/ChillerUtilization/ChillerNotAvailable/Facing", ["package":PACKAGENAME]), 0): Tapped on element 'Object Repository/ShopOpen/ChillerUtilization/ChillerNotAvailable/Facing'

2019-04-09 11:07:13 - [MESSAGE][WARNING] - Timeout '0' is invalid. Using default page load timeout: '6'

2019-04-09 11:07:13 - [MESSAGE][PASSED] - Tapped on element 'Object Repository/ShopOpen/ChillerUtilization/ChillerNotAvailable/Facing'

2019-04-09 11:07:13 - [TEST_STEP][PASSED] - verifyElementText(findTestObject("ShopOpen/ChillerUtilization/ChillerNotAvailable/Validate_FacingScreen", ["package":PACKAGENAME]), "Facing"): Actual text and expected text of test object 'Object Repository/ShopOpen/ChillerUtilization/ChillerNotAvailable/Validate_FacingScreen' are matched.

2019-04-09 11:07:15 - [MESSAGE][PASSED] - Actual text and expected text of test object 'Object Repository/ShopOpen/ChillerUtilization/ChillerNotAvailable/Validate_FacingScreen' are matched.

2019-04-09 11:07:15 - [TEST_STEP][PASSED] - com.ct.qa.keywords.ChillerProductsDataKeywords.VisitChillerNotAvailableProductsData(CHANNEL_CNA_FACING, "Facing"): com.ct.qa.keywords.ChillerProductsDataKeywords.VisitChillerNotAvailableProductsData is PASSED

2019-04-09 11:07:19 - [MESSAGE][PASSED] - Keyboard is hidden

2019-04-09 11:07:22 - [MESSAGE][PASSED] - Keyboard is hidden

2019-04-09 11:07:25 - [MESSAGE][PASSED] - Keyboard is hidden

2019-04-09 11:07:28 - [MESSAGE][PASSED] - Keyboard is hidden

2019-04-09 11:07:31 - [MESSAGE][PASSED] - Keyboard is hidden

2019-04-09 11:07:34 - [MESSAGE][PASSED] - Keyboard is hidden

2019-04-09 11:07:36 - [MESSAGE][PASSED] - Swiped from 30,359 to 30,250

2019-04-09 11:07:38 - [MESSAGE][PASSED] - com.ct.qa.keywords.ChillerProductsDataKeywords.VisitChillerNotAvailableProductsData is PASSED

2019-04-09 11:07:38 - [TEST_STEP][PASSED] - tap(findTestObject("ShopOpen/ChillerUtilization/ChillerNotAvailable/SubmitButton", ["package":PACKAGENAME]), 0): Tapped on element 'Object Repository/ShopOpen/ChillerUtilization/ChillerNotAvailable/SubmitButton'

2019-04-09 11:07:38 - [MESSAGE][WARNING] - Timeout '0' is invalid. Using default page load timeout: '6'

2019-04-09 11:07:39 - [MESSAGE][PASSED] - Tapped on element 'Object Repository/ShopOpen/ChillerUtilization/ChillerNotAvailable/SubmitButton'

2019-04-09 11:07:39 - [TEST_STEP][PASSED] - verifyElementText(findTestObject("ShopOpen/ChillerUtilization/ChillerNotAvailable/Validate_ProductCategoryAssetScreen", ["package":PACKAGENAME]), "Facing"): Actual text and expected text of test object 'Object Repository/ShopOpen/ChillerUtilization/ChillerNotAvailable/Validate_ProductCategoryAssetScreen' are matched.

2019-04-09 11:07:40 - [MESSAGE][PASSED] - Actual text and expected text of test object 'Object Repository/ShopOpen/ChillerUtilization/ChillerNotAvailable/Validate_ProductCategoryAssetScreen' are matched.

2019-04-09 11:07:40 - [TEST_STEP][PASSED] - tap(findTestObject("ShopOpen/ChillerUtilization/ChillerNotAvailable/StockTaking", ["package":PACKAGENAME]), 0): Tapped on element 'Object Repository/ShopOpen/ChillerUtilization/ChillerNotAvailable/StockTaking'

2019-04-09 11:07:40 - [MESSAGE][WARNING] - Timeout '0' is invalid. Using default page load timeout: '6'

2019-04-09 11:07:40 - [MESSAGE][PASSED] - Tapped on element 'Object Repository/ShopOpen/ChillerUtilization/ChillerNotAvailable/StockTaking'

2019-04-09 11:07:40 - [TEST_STEP][PASSED] - verifyElementText(findTestObject("ShopOpen/ChillerUtilization/ChillerNotAvailable/Validate_StockTakingScreen", ["package":PACKAGENAME]), "Stock Taking"): Actual text and expected text of test object 'Object Repository/ShopOpen/ChillerUtilization/ChillerNotAvailable/Validate_StockTakingScreen' are matched.

2019-04-09 11:07:42 - [MESSAGE][PASSED] - Actual text and expected text of test object 'Object Repository/ShopOpen/ChillerUtilization/ChillerNotAvailable/Validate_StockTakingScreen' are matched.

2019-04-09 11:07:42 - [TEST_STEP][PASSED] - com.ct.qa.keywords.ChillerProductsDataKeywords.VisitChillerNotAvailableProductsData(CHANNEL_CNA_STOCKTAKING, "Stock Taking"): com.ct.qa.keywords.ChillerProductsDataKeywords.VisitChillerNotAvailableProductsData is PASSED

2019-04-09 11:07:46 - [MESSAGE][PASSED] - Keyboard is hidden

2019-04-09 11:07:49 - [MESSAGE][PASSED] - Keyboard is hidden

2019-04-09 11:07:52 - [MESSAGE][PASSED] - Keyboard is hidden

2019-04-09 11:07:55 - [MESSAGE][PASSED] - Keyboard is hidden

2019-04-09 11:07:58 - [MESSAGE][PASSED] - Keyboard is hidden

2019-04-09 11:08:01 - [MESSAGE][PASSED] - Keyboard is hidden

2019-04-09 11:08:03 - [MESSAGE][PASSED] - Swiped from 30,359 to 30,250

2019-04-09 11:08:05 - [MESSAGE][PASSED] - com.ct.qa.keywords.ChillerProductsDataKeywords.VisitChillerNotAvailableProductsData is PASSED

2019-04-09 11:08:05 - [TEST_STEP][PASSED] - tap(findTestObject("ShopOpen/ChillerUtilization/ChillerNotAvailable/SubmitButton", ["package":PACKAGENAME]), 0): Tapped on element 'Object Repository/ShopOpen/ChillerUtilization/ChillerNotAvailable/SubmitButton'

2019-04-09 11:08:05 - [MESSAGE][WARNING] - Timeout '0' is invalid. Using default page load timeout: '6'

2019-04-09 11:08:06 - [MESSAGE][PASSED] - Tapped on element 'Object Repository/ShopOpen/ChillerUtilization/ChillerNotAvailable/SubmitButton'

2019-04-09 11:08:06 - [TEST_STEP][PASSED] - verifyElementText(findTestObject("ShopOpen/ChillerUtilization/ChillerNotAvailable/Validate_ProductCategoryAssetScreen", ["package":PACKAGENAME]), "Facing"): Actual text and expected text of test object 'Object Repository/ShopOpen/ChillerUtilization/ChillerNotAvailable/Validate_ProductCategoryAssetScreen' are matched.

2019-04-09 11:08:07 - [MESSAGE][PASSED] - Actual text and expected text of test object 'Object Repository/ShopOpen/ChillerUtilization/ChillerNotAvailable/Validate_ProductCategoryAssetScreen' are matched.

2019-04-09 11:08:07 - [TEST_STEP][PASSED] - tap(findTestObject("ShopOpen/ChillerUtilization/ChillerNotAvailable/ProductCategory_BackButton", ["package":PACKAGENAME]), 0): Tapped on element 'Object Repository/ShopOpen/ChillerUtilization/ChillerNotAvailable/ProductCategory_BackButton'

2019-04-09 11:08:07 - [MESSAGE][WARNING] - Timeout '0' is invalid. Using default page load timeout: '6'

2019-04-09 11:08:07 - [MESSAGE][PASSED] - Tapped on element 'Object Repository/ShopOpen/ChillerUtilization/ChillerNotAvailable/ProductCategory_BackButton'

2019-04-09 11:08:07 - [TEST_STEP][PASSED] - verifyElementText(findTestObject("ShopOpen/ChillerUtilization/ChillerNotAvailable/Validate_ChillerNotAvailableScreen", ["package":PACKAGENAME]), "Category:Chiller Utilization"): Actual text and expected text of test object 'Object Repository/ShopOpen/ChillerUtilization/ChillerNotAvailable/Validate_ChillerNotAvailableScreen' are matched.

2019-04-09 11:08:08 - [MESSAGE][PASSED] - Actual text and expected text of test object 'Object Repository/ShopOpen/ChillerUtilization/ChillerNotAvailable/Validate_ChillerNotAvailableScreen' are matched.

2019-04-09 11:08:08 - [MESSAGE][PASSED] - Call Test Case 'Test Cases/ShopOpen/ChillerUtilization/ChillerNotAvailable/VisitProductCategoryAssets' successfully

2019-04-09 11:08:09 - [TEST_CASE][PASSED] - Test Cases/ShopOpen/ChillerUtilization/ChillerNotAvailable/VisitProductCategoryAssets: Test Cases/ShopOpen/ChillerUtilization/ChillerNotAvailable/VisitProductCategoryAssets

2019-04-09 11:08:09 - [TEST_STEP][PASSED] - verifyElementText(findTestObject("ShopOpen/ChillerUtilization/ChillerNotAvailable/Validate_ProductCategoryAssetScreen", ["package":PACKAGENAME]), "Facing"): Actual text and expected text of test object 'Object Repository/ShopOpen/ChillerUtilization/ChillerNotAvailable/Validate_ProductCategoryAssetScreen' are matched.

2019-04-09 11:08:11 - [MESSAGE][PASSED] - Actual text and expected text of test object 'Object Repository/ShopOpen/ChillerUtilization/ChillerNotAvailable/Validate_ProductCategoryAssetScreen' are matched.

2019-04-09 11:08:11 - [TEST_STEP][PASSED] - tap(findTestObject("ShopOpen/ChillerUtilization/ChillerNotAvailable/Facing", ["package":PACKAGENAME]), 0): Tapped on element 'Object Repository/ShopOpen/ChillerUtilization/ChillerNotAvailable/Facing'

2019-04-09 11:08:11 - [MESSAGE][WARNING] - Timeout '0' is invalid. Using default page load timeout: '6'

2019-04-09 11:08:12 - [MESSAGE][PASSED] - Tapped on element 'Object Repository/ShopOpen/ChillerUtilization/ChillerNotAvailable/Facing'

2019-04-09 11:08:12 - [TEST_STEP][PASSED] - verifyElementText(findTestObject("ShopOpen/ChillerUtilization/ChillerNotAvailable/Validate_FacingScreen", ["package":PACKAGENAME]), "Facing"): Actual text and expected text of test object 'Object Repository/ShopOpen/ChillerUtilization/ChillerNotAvailable/Validate_FacingScreen' are matched.

2019-04-09 11:08:13 - [MESSAGE][PASSED] - Actual text and expected text of test object 'Object Repository/ShopOpen/ChillerUtilization/ChillerNotAvailable/Validate_FacingScreen' are matched.

2019-04-09 11:08:13 - [TEST_STEP][PASSED] - com.ct.qa.keywords.ChillerProductsDataKeywords.VisitChillerNotAvailableProductsData(CHANNEL_CNA_FACING, "Facing"): com.ct.qa.keywords.ChillerProductsDataKeywords.VisitChillerNotAvailableProductsData is PASSED

2019-04-09 11:08:17 - [MESSAGE][PASSED] - Keyboard is hidden

2019-04-09 11:08:20 - [MESSAGE][PASSED] - Keyboard is hidden

2019-04-09 11:08:23 - [MESSAGE][PASSED] - Keyboard is hidden

2019-04-09 11:08:24 - [MESSAGE][PASSED] - Swiped from 117,359 to 117,250

2019-04-09 11:08:25 - [MESSAGE][PASSED] - com.ct.qa.keywords.ChillerProductsDataKeywords.VisitChillerNotAvailableProductsData is PASSED

2019-04-09 11:08:25 - [TEST_STEP][PASSED] - tap(findTestObject("ShopOpen/ChillerUtilization/ChillerNotAvailable/SubmitButton", ["package":PACKAGENAME]), 0): Tapped on element 'Object Repository/ShopOpen/ChillerUtilization/ChillerNotAvailable/SubmitButton'

2019-04-09 11:08:25 - [MESSAGE][WARNING] - Timeout '0' is invalid. Using default page load timeout: '6'

2019-04-09 11:08:26 - [MESSAGE][PASSED] - Tapped on element 'Object Repository/ShopOpen/ChillerUtilization/ChillerNotAvailable/SubmitButton'

2019-04-09 11:08:26 - [TEST_STEP][PASSED] - verifyElementText(findTestObject("ShopOpen/ChillerUtilization/ChillerNotAvailable/Validate_ProductCategoryAssetScreen", ["package":PACKAGENAME]), "Facing"): Actual text and expected text of test object 'Object Repository/ShopOpen/ChillerUtilization/ChillerNotAvailable/Validate_ProductCategoryAssetScreen' are matched.

2019-04-09 11:08:26 - [MESSAGE][PASSED] - Actual text and expected text of test object 'Object Repository/ShopOpen/ChillerUtilization/ChillerNotAvailable/Validate_ProductCategoryAssetScreen' are matched.

2019-04-09 11:08:26 - [TEST_STEP][PASSED] - tap(findTestObject("ShopOpen/ChillerUtilization/ChillerNotAvailable/StockTaking", ["package":PACKAGENAME]), 0): Tapped on element 'Object Repository/ShopOpen/ChillerUtilization/ChillerNotAvailable/StockTaking'

2019-04-09 11:08:26 - [MESSAGE][WARNING] - Timeout '0' is invalid. Using default page load timeout: '6'

2019-04-09 11:08:27 - [MESSAGE][PASSED] - Tapped on element 'Object Repository/ShopOpen/ChillerUtilization/ChillerNotAvailable/StockTaking'

2019-04-09 11:08:27 - [TEST_STEP][PASSED] - verifyElementText(findTestObject("ShopOpen/ChillerUtilization/ChillerNotAvailable/Validate_StockTakingScreen", ["package":PACKAGENAME]), "Stock Taking"): Actual text and expected text of test object 'Object Repository/ShopOpen/ChillerUtilization/ChillerNotAvailable/Validate_StockTakingScreen' are matched.

2019-04-09 11:08:29 - [MESSAGE][PASSED] - Actual text and expected text of test object 'Object Repository/ShopOpen/ChillerUtilization/ChillerNotAvailable/Validate_StockTakingScreen' are matched.

2019-04-09 11:08:29 - [TEST_STEP][PASSED] - com.ct.qa.keywords.ChillerProductsDataKeywords.VisitChillerNotAvailableProductsData(CHANNEL_CNA_STOCKTAKING, "Stock Taking"): com.ct.qa.keywords.ChillerProductsDataKeywords.VisitChillerNotAvailableProductsData is PASSED

2019-04-09 11:08:32 - [MESSAGE][PASSED] - Keyboard is hidden

2019-04-09 11:08:35 - [MESSAGE][PASSED] - Keyboard is hidden

2019-04-09 11:08:38 - [MESSAGE][PASSED] - Keyboard is hidden

2019-04-09 11:08:40 - [MESSAGE][PASSED] - Swiped from 117,359 to 117,250

2019-04-09 11:08:41 - [MESSAGE][PASSED] - com.ct.qa.keywords.ChillerProductsDataKeywords.VisitChillerNotAvailableProductsData is PASSED

2019-04-09 11:08:41 - [TEST_STEP][PASSED] - tap(findTestObject("ShopOpen/ChillerUtilization/ChillerNotAvailable/SubmitButton", ["package":PACKAGENAME]), 0): Tapped on element 'Object Repository/ShopOpen/ChillerUtilization/ChillerNotAvailable/SubmitButton'

2019-04-09 11:08:41 - [MESSAGE][WARNING] - Timeout '0' is invalid. Using default page load timeout: '6'

2019-04-09 11:08:42 - [MESSAGE][PASSED] - Tapped on element 'Object Repository/ShopOpen/ChillerUtilization/ChillerNotAvailable/SubmitButton'

2019-04-09 11:08:42 - [TEST_STEP][PASSED] - verifyElementText(findTestObject("ShopOpen/ChillerUtilization/ChillerNotAvailable/Validate_ProductCategoryAssetScreen", ["package":PACKAGENAME]), "Facing"): Actual text and expected text of test object 'Object Repository/ShopOpen/ChillerUtilization/ChillerNotAvailable/Validate_ProductCategoryAssetScreen' are matched.

2019-04-09 11:08:42 - [MESSAGE][PASSED] - Actual text and expected text of test object 'Object Repository/ShopOpen/ChillerUtilization/ChillerNotAvailable/Validate_ProductCategoryAssetScreen' are matched.

2019-04-09 11:08:42 - [TEST_STEP][PASSED] - tap(findTestObject("ShopOpen/ChillerUtilization/ChillerNotAvailable/ProductCategory_BackButton", ["package":PACKAGENAME]), 0): Tapped on element 'Object Repository/ShopOpen/ChillerUtilization/ChillerNotAvailable/ProductCategory_BackButton'

2019-04-09 11:08:43 - [MESSAGE][WARNING] - Timeout '0' is invalid. Using default page load timeout: '6'

2019-04-09 11:08:43 - [MESSAGE][PASSED] - Tapped on element 'Object Repository/ShopOpen/ChillerUtilization/ChillerNotAvailable/ProductCategory_BackButton'

2019-04-09 11:08:43 - [TEST_STEP][PASSED] - verifyElementText(findTestObject("ShopOpen/ChillerUtilization/ChillerNotAvailable/Validate_ChillerNotAvailableScreen", ["package":PACKAGENAME]), "Category:Chiller Utilization"): Actual text and expected text of test object 'Object Repository/ShopOpen/ChillerUtilization/ChillerNotAvailable/Validate_ChillerNotAvailableScreen' are matched.

2019-04-09 11:08:44 - [MESSAGE][PASSED] - Actual text and expected text of test object 'Object Repository/ShopOpen/ChillerUtilization/ChillerNotAvailable/Validate_ChillerNotAvailableScreen' are matched.

2019-04-09 11:08:44 - [MESSAGE][PASSED] - Call Test Case 'Test Cases/ShopOpen/ChillerUtilization/ChillerNotAvailable/VisitProductCategoryAssets' successfully

2019-04-09 11:08:45 - [TEST_CASE][PASSED] - Test Cases/ShopOpen/ChillerUtilization/ChillerNotAvailable/VisitProductCategoryAssets: Test Cases/ShopOpen/ChillerUtilization/ChillerNotAvailable/VisitProductCategoryAssets

2019-04-09 11:08:45 - [TEST_STEP][PASSED] - verifyElementText(findTestObject("ShopOpen/ChillerUtilization/ChillerNotAvailable/Validate_ProductCategoryAssetScreen", ["package":PACKAGENAME]), "Facing"): Actual text and expected text of test object 'Object Repository/ShopOpen/ChillerUtilization/ChillerNotAvailable/Validate_ProductCategoryAssetScreen' are matched.

2019-04-09 11:08:47 - [MESSAGE][PASSED] - Actual text and expected text of test object 'Object Repository/ShopOpen/ChillerUtilization/ChillerNotAvailable/Validate_ProductCategoryAssetScreen' are matched.

2019-04-09 11:08:47 - [TEST_STEP][PASSED] - tap(findTestObject("ShopOpen/ChillerUtilization/ChillerNotAvailable/Facing", ["package":PACKAGENAME]), 0): Tapped on element 'Object Repository/ShopOpen/ChillerUtilization/ChillerNotAvailable/Facing'

2019-04-09 11:08:47 - [MESSAGE][WARNING] - Timeout '0' is invalid. Using default page load timeout: '6'

2019-04-09 11:08:48 - [MESSAGE][PASSED] - Tapped on element 'Object Repository/ShopOpen/ChillerUtilization/ChillerNotAvailable/Facing'

2019-04-09 11:08:48 - [TEST_STEP][PASSED] - verifyElementText(findTestObject("ShopOpen/ChillerUtilization/ChillerNotAvailable/Validate_FacingScreen", ["package":PACKAGENAME]), "Facing"): Actual text and expected text of test object 'Object Repository/ShopOpen/ChillerUtilization/ChillerNotAvailable/Validate_FacingScreen' are matched.

2019-04-09 11:08:49 - [MESSAGE][PASSED] - Actual text and expected text of test object 'Object Repository/ShopOpen/ChillerUtilization/ChillerNotAvailable/Validate_FacingScreen' are matched.

2019-04-09 11:08:49 - [TEST_STEP][PASSED] - com.ct.qa.keywords.ChillerProductsDataKeywords.VisitChillerNotAvailableProductsData(CHANNEL_CNA_FACING, "Facing"): com.ct.qa.keywords.ChillerProductsDataKeywords.VisitChillerNotAvailableProductsData is PASSED

2019-04-09 11:08:53 - [MESSAGE][PASSED] - Keyboard is hidden

2019-04-09 11:08:54 - [MESSAGE][PASSED] - Swiped from 117,359 to 117,250

2019-04-09 11:08:55 - [MESSAGE][PASSED] - com.ct.qa.keywords.ChillerProductsDataKeywords.VisitChillerNotAvailableProductsData is PASSED

2019-04-09 11:08:55 - [TEST_STEP][PASSED] - tap(findTestObject("ShopOpen/ChillerUtilization/ChillerNotAvailable/SubmitButton", ["package":PACKAGENAME]), 0): Tapped on element 'Object Repository/ShopOpen/ChillerUtilization/ChillerNotAvailable/SubmitButton'

2019-04-09 11:08:55 - [MESSAGE][WARNING] - Timeout '0' is invalid. Using default page load timeout: '6'

2019-04-09 11:08:56 - [MESSAGE][PASSED] - Tapped on element 'Object Repository/ShopOpen/ChillerUtilization/ChillerNotAvailable/SubmitButton'

2019-04-09 11:08:56 - [TEST_STEP][PASSED] - verifyElementText(findTestObject("ShopOpen/ChillerUtilization/ChillerNotAvailable/Validate_ProductCategoryAssetScreen", ["package":PACKAGENAME]), "Facing"): Actual text and expected text of test object 'Object Repository/ShopOpen/ChillerUtilization/ChillerNotAvailable/Validate_ProductCategoryAssetScreen' are matched.

2019-04-09 11:08:56 - [MESSAGE][PASSED] - Actual text and expected text of test object 'Object Repository/ShopOpen/ChillerUtilization/ChillerNotAvailable/Validate_ProductCategoryAssetScreen' are matched.

2019-04-09 11:08:56 - [TEST_STEP][PASSED] - tap(findTestObject("ShopOpen/ChillerUtilization/ChillerNotAvailable/StockTaking", ["package":PACKAGENAME]), 0): Tapped on element 'Object Repository/ShopOpen/ChillerUtilization/ChillerNotAvailable/StockTaking'

2019-04-09 11:08:56 - [MESSAGE][WARNING] - Timeout '0' is invalid. Using default page load timeout: '6'

2019-04-09 11:08:57 - [MESSAGE][PASSED] - Tapped on element 'Object Repository/ShopOpen/ChillerUtilization/ChillerNotAvailable/StockTaking'

2019-04-09 11:08:57 - [TEST_STEP][PASSED] - verifyElementText(findTestObject("ShopOpen/ChillerUtilization/ChillerNotAvailable/Validate_StockTakingScreen", ["package":PACKAGENAME]), "Stock Taking"): Actual text and expected text of test object 'Object Repository/ShopOpen/ChillerUtilization/ChillerNotAvailable/Validate_StockTakingScreen' are matched.

2019-04-09 11:08:58 - [MESSAGE][PASSED] - Actual text and expected text of test object 'Object Repository/ShopOpen/ChillerUtilization/ChillerNotAvailable/Validate_StockTakingScreen' are matched.

2019-04-09 11:08:58 - [TEST_STEP][PASSED] - com.ct.qa.keywords.ChillerProductsDataKeywords.VisitChillerNotAvailableProductsData(CHANNEL_CNA_STOCKTAKING, "Stock Taking"): com.ct.qa.keywords.ChillerProductsDataKeywords.VisitChillerNotAvailableProductsData is PASSED

2019-04-09 11:09:02 - [MESSAGE][PASSED] - Keyboard is hidden

2019-04-09 11:09:03 - [MESSAGE][PASSED] - Swiped from 117,359 to 117,250

2019-04-09 11:09:04 - [MESSAGE][PASSED] - com.ct.qa.keywords.ChillerProductsDataKeywords.VisitChillerNotAvailableProductsData is PASSED

2019-04-09 11:09:04 - [TEST_STEP][PASSED] - tap(findTestObject("ShopOpen/ChillerUtilization/ChillerNotAvailable/SubmitButton", ["package":PACKAGENAME]), 0): Tapped on element 'Object Repository/ShopOpen/ChillerUtilization/ChillerNotAvailable/SubmitButton'

2019-04-09 11:09:04 - [MESSAGE][WARNING] - Timeout '0' is invalid. Using default page load timeout: '6'

2019-04-09 11:09:05 - [MESSAGE][PASSED] - Tapped on element 'Object Repository/ShopOpen/ChillerUtilization/ChillerNotAvailable/SubmitButton'

2019-04-09 11:09:05 - [TEST_STEP][PASSED] - verifyElementText(findTestObject("ShopOpen/ChillerUtilization/ChillerNotAvailable/Validate_ProductCategoryAssetScreen", ["package":PACKAGENAME]), "Facing"): Actual text and expected text of test object 'Object Repository/ShopOpen/ChillerUtilization/ChillerNotAvailable/Validate_ProductCategoryAssetScreen' are matched.

2019-04-09 11:09:06 - [MESSAGE][PASSED] - Actual text and expected text of test object 'Object Repository/ShopOpen/ChillerUtilization/ChillerNotAvailable/Validate_ProductCategoryAssetScreen' are matched.

2019-04-09 11:09:06 - [TEST_STEP][PASSED] - tap(findTestObject("ShopOpen/ChillerUtilization/ChillerNotAvailable/ProductCategory_BackButton", ["package":PACKAGENAME]), 0): Tapped on element 'Object Repository/ShopOpen/ChillerUtilization/ChillerNotAvailable/ProductCategory_BackButton'

2019-04-09 11:09:06 - [MESSAGE][WARNING] - Timeout '0' is invalid. Using default page load timeout: '6'

2019-04-09 11:09:06 - [MESSAGE][PASSED] - Tapped on element 'Object Repository/ShopOpen/ChillerUtilization/ChillerNotAvailable/ProductCategory_BackButton'

2019-04-09 11:09:06 - [TEST_STEP][PASSED] - verifyElementText(findTestObject("ShopOpen/ChillerUtilization/ChillerNotAvailable/Validate_ChillerNotAvailableScreen", ["package":PACKAGENAME]), "Category:Chiller Utilization"): Actual text and expected text of test object 'Object Repository/ShopOpen/ChillerUtilization/ChillerNotAvailable/Validate_ChillerNotAvailableScreen' are matched.

2019-04-09 11:09:07 - [MESSAGE][PASSED] - Actual text and expected text of test object 'Object Repository/ShopOpen/ChillerUtilization/ChillerNotAvailable/Validate_ChillerNotAvailableScreen' are matched.

2019-04-09 11:09:07 - [MESSAGE][PASSED] - Call Test Case 'Test Cases/ShopOpen/ChillerUtilization/ChillerNotAvailable/VisitProductCategoryAssets' successfully

2019-04-09 11:09:08 - [TEST_CASE][PASSED] - Test Cases/ShopOpen/ChillerUtilization/ChillerNotAvailable/VisitProductCategoryAssets: Test Cases/ShopOpen/ChillerUtilization/ChillerNotAvailable/VisitProductCategoryAssets

2019-04-09 11:09:08 - [TEST_STEP][PASSED] - verifyElementText(findTestObject("ShopOpen/ChillerUtilization/ChillerNotAvailable/Validate_ProductCategoryAssetScreen", ["package":PACKAGENAME]), "Facing"): Actual text and expected text of test object 'Object Repository/ShopOpen/ChillerUtilization/ChillerNotAvailable/Validate_ProductCategoryAssetScreen' are matched.

2019-04-09 11:09:10 - [MESSAGE][PASSED] - Actual text and expected text of test object 'Object Repository/ShopOpen/ChillerUtilization/ChillerNotAvailable/Validate_ProductCategoryAssetScreen' are matched.

2019-04-09 11:09:10 - [TEST_STEP][PASSED] - tap(findTestObject("ShopOpen/ChillerUtilization/ChillerNotAvailable/Facing", ["package":PACKAGENAME]), 0): Tapped on element 'Object Repository/ShopOpen/ChillerUtilization/ChillerNotAvailable/Facing'

2019-04-09 11:09:10 - [MESSAGE][WARNING] - Timeout '0' is invalid. Using default page load timeout: '6'

2019-04-09 11:09:11 - [MESSAGE][PASSED] - Tapped on element 'Object Repository/ShopOpen/ChillerUtilization/ChillerNotAvailable/Facing'

2019-04-09 11:09:11 - [TEST_STEP][PASSED] - verifyElementText(findTestObject("ShopOpen/ChillerUtilization/ChillerNotAvailable/Validate_FacingScreen", ["package":PACKAGENAME]), "Facing"): Actual text and expected text of test object 'Object Repository/ShopOpen/ChillerUtilization/ChillerNotAvailable/Validate_FacingScreen' are matched.

2019-04-09 11:09:13 - [MESSAGE][PASSED] - Actual text and expected text of test object 'Object Repository/ShopOpen/ChillerUtilization/ChillerNotAvailable/Validate_FacingScreen' are matched.

2019-04-09 11:09:13 - [TEST_STEP][PASSED] - com.ct.qa.keywords.ChillerProductsDataKeywords.VisitChillerNotAvailableProductsData(CHANNEL_CNA_FACING, "Facing"): com.ct.qa.keywords.ChillerProductsDataKeywords.VisitChillerNotAvailableProductsData is PASSED

2019-04-09 11:09:17 - [MESSAGE][PASSED] - Keyboard is hidden

2019-04-09 11:09:20 - [MESSAGE][PASSED] - Keyboard is hidden

2019-04-09 11:09:23 - [MESSAGE][PASSED] - Keyboard is hidden

2019-04-09 11:09:26 - [MESSAGE][PASSED] - Keyboard is hidden

2019-04-09 11:09:29 - [MESSAGE][PASSED] - Keyboard is hidden

2019-04-09 11:09:32 - [MESSAGE][PASSED] - Keyboard is hidden

2019-04-09 11:09:34 - [MESSAGE][PASSED] - Swiped from 18,359 to 18,250

2019-04-09 11:09:39 - [MESSAGE][PASSED] - Keyboard is hidden

2019-04-09 11:09:41 - [MESSAGE][PASSED] - Swiped from 18,359 to 18,250

2019-04-09 11:09:46 - [MESSAGE][PASSED] - Keyboard is hidden

2019-04-09 11:09:48 - [MESSAGE][PASSED] - Swiped from 18,359 to 18,250

2019-04-09 11:09:50 - [MESSAGE][PASSED] - com.ct.qa.keywords.ChillerProductsDataKeywords.VisitChillerNotAvailableProductsData is PASSED

2019-04-09 11:09:50 - [TEST_STEP][PASSED] - tap(findTestObject("ShopOpen/ChillerUtilization/ChillerNotAvailable/SubmitButton", ["package":PACKAGENAME]), 0): Tapped on element 'Object Repository/ShopOpen/ChillerUtilization/ChillerNotAvailable/SubmitButton'

2019-04-09 11:09:50 - [MESSAGE][WARNING] - Timeout '0' is invalid. Using default page load timeout: '6'

2019-04-09 11:09:51 - [MESSAGE][PASSED] - Tapped on element 'Object Repository/ShopOpen/ChillerUtilization/ChillerNotAvailable/SubmitButton'

2019-04-09 11:09:51 - [TEST_STEP][PASSED] - verifyElementText(findTestObject("ShopOpen/ChillerUtilization/ChillerNotAvailable/Validate_ProductCategoryAssetScreen", ["package":PACKAGENAME]), "Facing"): Actual text and expected text of test object 'Object Repository/ShopOpen/ChillerUtilization/ChillerNotAvailable/Validate_ProductCategoryAssetScreen' are matched.

2019-04-09 11:09:52 - [MESSAGE][PASSED] - Actual text and expected text of test object 'Object Repository/ShopOpen/ChillerUtilization/ChillerNotAvailable/Validate_ProductCategoryAssetScreen' are matched.

2019-04-09 11:09:52 - [TEST_STEP][PASSED] - tap(findTestObject("ShopOpen/ChillerUtilization/ChillerNotAvailable/StockTaking", ["package":PACKAGENAME]), 0): Tapped on element 'Object Repository/ShopOpen/ChillerUtilization/ChillerNotAvailable/StockTaking'

2019-04-09 11:09:52 - [MESSAGE][WARNING] - Timeout '0' is invalid. Using default page load timeout: '6'

2019-04-09 11:09:53 - [MESSAGE][PASSED] - Tapped on element 'Object Repository/ShopOpen/ChillerUtilization/ChillerNotAvailable/StockTaking'

2019-04-09 11:09:53 - [TEST_STEP][PASSED] - verifyElementText(findTestObject("ShopOpen/ChillerUtilization/ChillerNotAvailable/Validate_StockTakingScreen", ["package":PACKAGENAME]), "Stock Taking"): Actual text and expected text of test object 'Object Repository/ShopOpen/ChillerUtilization/ChillerNotAvailable/Validate_StockTakingScreen' are matched.

2019-04-09 11:09:54 - [MESSAGE][PASSED] - Actual text and expected text of test object 'Object Repository/ShopOpen/ChillerUtilization/ChillerNotAvailable/Validate_StockTakingScreen' are matched.

2019-04-09 11:09:55 - [TEST_STEP][PASSED] - com.ct.qa.keywords.ChillerProductsDataKeywords.VisitChillerNotAvailableProductsData(CHANNEL_CNA_STOCKTAKING, "Stock Taking"): com.ct.qa.keywords.ChillerProductsDataKeywords.VisitChillerNotAvailableProductsData is PASSED

2019-04-09 11:09:59 - [MESSAGE][PASSED] - Keyboard is hidden

2019-04-09 11:10:02 - [MESSAGE][PASSED] - Keyboard is hidden

2019-04-09 11:10:05 - [MESSAGE][PASSED] - Keyboard is hidden

2019-04-09 11:10:08 - [MESSAGE][PASSED] - Keyboard is hidden

2019-04-09 11:10:11 - [MESSAGE][PASSED] - Keyboard is hidden

2019-04-09 11:10:14 - [MESSAGE][PASSED] - Keyboard is hidden

2019-04-09 11:10:16 - [MESSAGE][PASSED] - Swiped from 18,359 to 18,250

2019-04-09 11:10:21 - [MESSAGE][PASSED] - Keyboard is hidden

2019-04-09 11:10:23 - [MESSAGE][PASSED] - Swiped from 18,359 to 18,250

2019-04-09 11:10:28 - [MESSAGE][PASSED] - Keyboard is hidden

2019-04-09 11:10:30 - [MESSAGE][PASSED] - Swiped from 18,359 to 18,250

2019-04-09 11:10:32 - [MESSAGE][PASSED] - com.ct.qa.keywords.ChillerProductsDataKeywords.VisitChillerNotAvailableProductsData is PASSED

2019-04-09 11:10:32 - [TEST_STEP][PASSED] - tap(findTestObject("ShopOpen/ChillerUtilization/ChillerNotAvailable/SubmitButton", ["package":PACKAGENAME]), 0): Tapped on element 'Object Repository/ShopOpen/ChillerUtilization/ChillerNotAvailable/SubmitButton'

2019-04-09 11:10:32 - [MESSAGE][WARNING] - Timeout '0' is invalid. Using default page load timeout: '6'

2019-04-09 11:10:33 - [MESSAGE][PASSED] - Tapped on element 'Object Repository/ShopOpen/ChillerUtilization/ChillerNotAvailable/SubmitButton'

2019-04-09 11:10:33 - [TEST_STEP][PASSED] - verifyElementText(findTestObject("ShopOpen/ChillerUtilization/ChillerNotAvailable/Validate_ProductCategoryAssetScreen", ["package":PACKAGENAME]), "Facing"): Actual text and expected text of test object 'Object Repository/ShopOpen/ChillerUtilization/ChillerNotAvailable/Validate_ProductCategoryAssetScreen' are matched.

2019-04-09 11:10:34 - [MESSAGE][PASSED] - Actual text and expected text of test object 'Object Repository/ShopOpen/ChillerUtilization/ChillerNotAvailable/Validate_ProductCategoryAssetScreen' are matched.

2019-04-09 11:10:34 - [TEST_STEP][PASSED] - tap(findTestObject("ShopOpen/ChillerUtilization/ChillerNotAvailable/ProductCategory_BackButton", ["package":PACKAGENAME]), 0): Tapped on element 'Object Repository/ShopOpen/ChillerUtilization/ChillerNotAvailable/ProductCategory_BackButton'

2019-04-09 11:10:34 - [MESSAGE][WARNING] - Timeout '0' is invalid. Using default page load timeout: '6'

2019-04-09 11:10:35 - [MESSAGE][PASSED] - Tapped on element 'Object Repository/ShopOpen/ChillerUtilization/ChillerNotAvailable/ProductCategory_BackButton'

2019-04-09 11:10:35 - [TEST_STEP][PASSED] - verifyElementText(findTestObject("ShopOpen/ChillerUtilization/ChillerNotAvailable/Validate_ChillerNotAvailableScreen", ["package":PACKAGENAME]), "Category:Chiller Utilization"): Actual text and expected text of test object 'Object Repository/ShopOpen/ChillerUtilization/ChillerNotAvailable/Validate_ChillerNotAvailableScreen' are matched.

2019-04-09 11:10:35 - [MESSAGE][PASSED] - Actual text and expected text of test object 'Object Repository/ShopOpen/ChillerUtilization/ChillerNotAvailable/Validate_ChillerNotAvailableScreen' are matched.

2019-04-09 11:10:35 - [MESSAGE][PASSED] - Call Test Case 'Test Cases/ShopOpen/ChillerUtilization/ChillerNotAvailable/VisitProductCategoryAssets' successfully

2019-04-09 11:10:35 - [MESSAGE][PASSED] - com.ct.qa.keywords.ChillerProductsDataKeywords.visitChillerNotAvailableProductCategories is PASSED

2019-04-09 11:10:35 - [TEST_STEP][PASSED] - com.ct.qa.keywords.CommonKeywords.visitPlanogramImageViewButton(): com.ct.qa.keywords.CommonKeywords.visitPlanogramImageViewButton is PASSED

2019-04-09 11:10:38 - [MESSAGE][WARNING] - Timeout '0' is invalid. Using default page load timeout: '6'

2019-04-09 11:10:46 - [MESSAGE][WARNING] - Object Object Repository/CommonScreenElements/InfoPopUp_OKButton not found
[[ATTACHMENT|F:\\Git Projects\\MMAPlus_Merchandising\\MMAPlus_Merchandising\\Reports\\MMA Plus Merchandiser With Chiller Level Overwrite Scenarios\\20190409_104853\\1554790244599.png]]

2019-04-09 11:10:46 - [MESSAGE][PASSED] - com.ct.qa.keywords.CommonKeywords.visitPlanogramImageViewButton is PASSED

2019-04-09 11:10:46 - [TEST_STEP][PASSED] - verifyElementText(findTestObject("ShopOpen/ChillerUtilization/ChillerNotAvailable/Validate_ChillerNotAvailableScreen", ["package":PACKAGENAME]), "Category:Chiller Utilization"): Actual text and expected text of test object 'Object Repository/ShopOpen/ChillerUtilization/ChillerNotAvailable/Validate_ChillerNotAvailableScreen' are matched.

2019-04-09 11:10:47 - [MESSAGE][PASSED] - Actual text and expected text of test object 'Object Repository/ShopOpen/ChillerUtilization/ChillerNotAvailable/Validate_ChillerNotAvailableScreen' are matched.

2019-04-09 11:10:47 - [TEST_STEP][PASSED] - com.ct.qa.keywords.CommonKeywords.visitPictureImageViewButton(): com.ct.qa.keywords.CommonKeywords.visitPictureImageViewButton is PASSED

2019-04-09 11:10:49 - [MESSAGE][WARNING] - Timeout '0' is invalid. Using default page load timeout: '6'

2019-04-09 11:10:51 - [MESSAGE][PASSED] - Element 'Object Repository/CommonScreenElements/Validate_CameraScreen' is exist

2019-04-09 11:10:51 - [MESSAGE][WARNING] - Timeout '0' is invalid. Using default page load timeout: '6'

2019-04-09 11:10:55 - [MESSAGE][PASSED] - Tapped on element 'Object Repository/CommonScreenElements/Camera_flashButton'

2019-04-09 11:10:55 - [MESSAGE][WARNING] - Timeout '0' is invalid. Using default page load timeout: '6'

2019-04-09 11:10:58 - [MESSAGE][PASSED] - Tapped on element 'Object Repository/CommonScreenElements/Camera_TakePictureButton'

2019-04-09 11:11:03 - [MESSAGE][PASSED] - Delayed 5 second(s)

2019-04-09 11:11:03 - [MESSAGE][WARNING] - Timeout '0' is invalid. Using default page load timeout: '6'

2019-04-09 11:11:04 - [MESSAGE][PASSED] - Tapped on element 'Object Repository/CommonScreenElements/Camera_DoneButton'

2019-04-09 11:11:04 - [MESSAGE][PASSED] - com.ct.qa.keywords.CommonKeywords.visitPictureImageViewButton is PASSED

2019-04-09 11:11:04 - [TEST_STEP][PASSED] - verifyElementText(findTestObject("ShopOpen/ChillerUtilization/ChillerNotAvailable/Validate_ChillerNotAvailableScreen", ["package":PACKAGENAME]), "Category:Chiller Utilization"): Actual text and expected text of test object 'Object Repository/ShopOpen/ChillerUtilization/ChillerNotAvailable/Validate_ChillerNotAvailableScreen' are matched.

2019-04-09 11:11:04 - [MESSAGE][PASSED] - Actual text and expected text of test object 'Object Repository/ShopOpen/ChillerUtilization/ChillerNotAvailable/Validate_ChillerNotAvailableScreen' are matched.

2019-04-09 11:11:04 - [TEST_STEP][PASSED] - com.ct.qa.keywords.CommonKeywords.visitBackImageViewButton(): com.ct.qa.keywords.CommonKeywords.visitBackImageViewButton is PASSED

2019-04-09 11:11:06 - [MESSAGE][PASSED] - com.ct.qa.keywords.CommonKeywords.visitBackImageViewButton is PASSED

2019-04-09 11:11:06 - [TEST_STEP][PASSED] - verifyElementText(findTestObject("ShopOpen/ChillerUtilization/Validate_ChillerUtilizationScreen", ["package":PACKAGENAME]), "Shop Chillers"): Actual text and expected text of test object 'Object Repository/ShopOpen/ChillerUtilization/Validate_ChillerUtilizationScreen' are matched.

2019-04-09 11:11:07 - [MESSAGE][PASSED] - Actual text and expected text of test object 'Object Repository/ShopOpen/ChillerUtilization/Validate_ChillerUtilizationScreen' are matched.

2019-04-09 11:11:07 - [MESSAGE][PASSED] - Call Test Case 'Test Cases/ShopOpen/ChillerUtilization/ChillerNotAvailable/OverwriteChillerNotAvailable' successfully

2019-04-09 11:11:08 - [MESSAGE][WARNING] - Timeout '0' is invalid. Using default page load timeout: '6'

2019-04-09 11:11:11 - [MESSAGE][PASSED] - Tapped on element 'Object Repository/CommonScreenElements/InfoPopUp_YesButton'

2019-04-09 11:11:11 - [MESSAGE][WARNING] - Timeout '0' is invalid. Using default page load timeout: '6'

2019-04-09 11:11:12 - [MESSAGE][PASSED] - Element 'Object Repository/CommonScreenElements/Validate_CameraScreen' is exist

2019-04-09 11:11:12 - [MESSAGE][WARNING] - Timeout '0' is invalid. Using default page load timeout: '6'

2019-04-09 11:11:15 - [MESSAGE][PASSED] - Tapped on element 'Object Repository/CommonScreenElements/Camera_flashButton'

2019-04-09 11:11:15 - [MESSAGE][WARNING] - Timeout '0' is invalid. Using default page load timeout: '6'

2019-04-09 11:11:18 - [MESSAGE][PASSED] - Tapped on element 'Object Repository/CommonScreenElements/Camera_TakePictureButton'

2019-04-09 11:11:23 - [MESSAGE][PASSED] - Delayed 5 second(s)

2019-04-09 11:11:23 - [MESSAGE][WARNING] - Timeout '0' is invalid. Using default page load timeout: '6'

2019-04-09 11:11:24 - [MESSAGE][PASSED] - Tapped on element 'Object Repository/CommonScreenElements/Camera_DoneButton'

2019-04-09 11:11:27 - [TEST_CASE][PASSED] - Test Cases/ShopOpen/ChillerUtilization/ChillerNotAvailable/OverwriteChillerNotAvailable: Test Cases/ShopOpen/ChillerUtilization/ChillerNotAvailable/OverwriteChillerNotAvailable

2019-04-09 11:11:27 - [TEST_STEP][PASSED] - verifyElementText(findTestObject("ShopOpen/ChillerUtilization/ChillerNotAvailable/Validate_ChillerNotAvailableScreen", ["package":PACKAGENAME]), "Category:Chiller Utilization"): Actual text and expected text of test object 'Object Repository/ShopOpen/ChillerUtilization/ChillerNotAvailable/Validate_ChillerNotAvailableScreen' are matched.

2019-04-09 11:11:29 - [MESSAGE][PASSED] - Actual text and expected text of test object 'Object Repository/ShopOpen/ChillerUtilization/ChillerNotAvailable/Validate_ChillerNotAvailableScreen' are matched.

2019-04-09 11:11:29 - [TEST_STEP][PASSED] - com.ct.qa.keywords.ChillerProductsDataKeywords.visitChillerNotAvailableProductCategories(2): com.ct.qa.keywords.ChillerProductsDataKeywords.visitChillerNotAvailableProductCategories is PASSED

2019-04-09 11:11:33 - [TEST_CASE][PASSED] - Test Cases/ShopOpen/ChillerUtilization/ChillerNotAvailable/VisitProductCategoryAssets: Test Cases/ShopOpen/ChillerUtilization/ChillerNotAvailable/VisitProductCategoryAssets

2019-04-09 11:11:33 - [TEST_STEP][PASSED] - verifyElementText(findTestObject("ShopOpen/ChillerUtilization/ChillerNotAvailable/Validate_ProductCategoryAssetScreen", ["package":PACKAGENAME]), "Facing"): Actual text and expected text of test object 'Object Repository/ShopOpen/ChillerUtilization/ChillerNotAvailable/Validate_ProductCategoryAssetScreen' are matched.

2019-04-09 11:11:35 - [MESSAGE][PASSED] - Actual text and expected text of test object 'Object Repository/ShopOpen/ChillerUtilization/ChillerNotAvailable/Validate_ProductCategoryAssetScreen' are matched.

2019-04-09 11:11:35 - [TEST_STEP][PASSED] - tap(findTestObject("ShopOpen/ChillerUtilization/ChillerNotAvailable/Facing", ["package":PACKAGENAME]), 0): Tapped on element 'Object Repository/ShopOpen/ChillerUtilization/ChillerNotAvailable/Facing'

2019-04-09 11:11:35 - [MESSAGE][WARNING] - Timeout '0' is invalid. Using default page load timeout: '6'

2019-04-09 11:11:36 - [MESSAGE][PASSED] - Tapped on element 'Object Repository/ShopOpen/ChillerUtilization/ChillerNotAvailable/Facing'

2019-04-09 11:11:36 - [TEST_STEP][PASSED] - verifyElementText(findTestObject("ShopOpen/ChillerUtilization/ChillerNotAvailable/Validate_FacingScreen", ["package":PACKAGENAME]), "Facing"): Actual text and expected text of test object 'Object Repository/ShopOpen/ChillerUtilization/ChillerNotAvailable/Validate_FacingScreen' are matched.

2019-04-09 11:11:38 - [MESSAGE][PASSED] - Actual text and expected text of test object 'Object Repository/ShopOpen/ChillerUtilization/ChillerNotAvailable/Validate_FacingScreen' are matched.

2019-04-09 11:11:38 - [TEST_STEP][PASSED] - com.ct.qa.keywords.ChillerProductsDataKeywords.VisitChillerNotAvailableProductsData(CHANNEL_CNA_FACING, "Facing"): com.ct.qa.keywords.ChillerProductsDataKeywords.VisitChillerNotAvailableProductsData is PASSED

2019-04-09 11:11:42 - [MESSAGE][PASSED] - Keyboard is hidden

2019-04-09 11:11:45 - [MESSAGE][PASSED] - Keyboard is hidden

2019-04-09 11:11:48 - [MESSAGE][PASSED] - Keyboard is hidden

2019-04-09 11:11:51 - [MESSAGE][PASSED] - Keyboard is hidden

2019-04-09 11:11:54 - [MESSAGE][PASSED] - Keyboard is hidden

2019-04-09 11:11:57 - [MESSAGE][PASSED] - Keyboard is hidden

2019-04-09 11:11:59 - [MESSAGE][PASSED] - Swiped from 30,359 to 30,250

2019-04-09 11:12:01 - [MESSAGE][PASSED] - com.ct.qa.keywords.ChillerProductsDataKeywords.VisitChillerNotAvailableProductsData is PASSED

2019-04-09 11:12:01 - [TEST_STEP][PASSED] - tap(findTestObject("ShopOpen/ChillerUtilization/ChillerNotAvailable/SubmitButton", ["package":PACKAGENAME]), 0): Tapped on element 'Object Repository/ShopOpen/ChillerUtilization/ChillerNotAvailable/SubmitButton'

2019-04-09 11:12:01 - [MESSAGE][WARNING] - Timeout '0' is invalid. Using default page load timeout: '6'

2019-04-09 11:12:02 - [MESSAGE][PASSED] - Tapped on element 'Object Repository/ShopOpen/ChillerUtilization/ChillerNotAvailable/SubmitButton'

2019-04-09 11:12:02 - [TEST_STEP][PASSED] - verifyElementText(findTestObject("ShopOpen/ChillerUtilization/ChillerNotAvailable/Validate_ProductCategoryAssetScreen", ["package":PACKAGENAME]), "Facing"): Actual text and expected text of test object 'Object Repository/ShopOpen/ChillerUtilization/ChillerNotAvailable/Validate_ProductCategoryAssetScreen' are matched.

2019-04-09 11:12:03 - [MESSAGE][PASSED] - Actual text and expected text of test object 'Object Repository/ShopOpen/ChillerUtilization/ChillerNotAvailable/Validate_ProductCategoryAssetScreen' are matched.

2019-04-09 11:12:03 - [TEST_STEP][PASSED] - tap(findTestObject("ShopOpen/ChillerUtilization/ChillerNotAvailable/StockTaking", ["package":PACKAGENAME]), 0): Tapped on element 'Object Repository/ShopOpen/ChillerUtilization/ChillerNotAvailable/StockTaking'

2019-04-09 11:12:03 - [MESSAGE][WARNING] - Timeout '0' is invalid. Using default page load timeout: '6'

2019-04-09 11:12:03 - [MESSAGE][PASSED] - Tapped on element 'Object Repository/ShopOpen/ChillerUtilization/ChillerNotAvailable/StockTaking'

2019-04-09 11:12:03 - [TEST_STEP][PASSED] - verifyElementText(findTestObject("ShopOpen/ChillerUtilization/ChillerNotAvailable/Validate_StockTakingScreen", ["package":PACKAGENAME]), "Stock Taking"): Actual text and expected text of test object 'Object Repository/ShopOpen/ChillerUtilization/ChillerNotAvailable/Validate_StockTakingScreen' are matched.

2019-04-09 11:12:06 - [MESSAGE][PASSED] - Actual text and expected text of test object 'Object Repository/ShopOpen/ChillerUtilization/ChillerNotAvailable/Validate_StockTakingScreen' are matched.

2019-04-09 11:12:06 - [TEST_STEP][PASSED] - com.ct.qa.keywords.ChillerProductsDataKeywords.VisitChillerNotAvailableProductsData(CHANNEL_CNA_STOCKTAKING, "Stock Taking"): com.ct.qa.keywords.ChillerProductsDataKeywords.VisitChillerNotAvailableProductsData is PASSED

2019-04-09 11:12:10 - [MESSAGE][PASSED] - Keyboard is hidden

2019-04-09 11:12:13 - [MESSAGE][PASSED] - Keyboard is hidden

2019-04-09 11:12:16 - [MESSAGE][PASSED] - Keyboard is hidden

2019-04-09 11:12:19 - [MESSAGE][PASSED] - Keyboard is hidden

2019-04-09 11:12:22 - [MESSAGE][PASSED] - Keyboard is hidden

2019-04-09 11:12:25 - [MESSAGE][PASSED] - Keyboard is hidden

2019-04-09 11:12:27 - [MESSAGE][PASSED] - Swiped from 30,359 to 30,250

2019-04-09 11:12:29 - [MESSAGE][PASSED] - com.ct.qa.keywords.ChillerProductsDataKeywords.VisitChillerNotAvailableProductsData is PASSED

2019-04-09 11:12:29 - [TEST_STEP][PASSED] - tap(findTestObject("ShopOpen/ChillerUtilization/ChillerNotAvailable/SubmitButton", ["package":PACKAGENAME]), 0): Tapped on element 'Object Repository/ShopOpen/ChillerUtilization/ChillerNotAvailable/SubmitButton'

2019-04-09 11:12:29 - [MESSAGE][WARNING] - Timeout '0' is invalid. Using default page load timeout: '6'

2019-04-09 11:12:30 - [MESSAGE][PASSED] - Tapped on element 'Object Repository/ShopOpen/ChillerUtilization/ChillerNotAvailable/SubmitButton'

2019-04-09 11:12:30 - [TEST_STEP][PASSED] - verifyElementText(findTestObject("ShopOpen/ChillerUtilization/ChillerNotAvailable/Validate_ProductCategoryAssetScreen", ["package":PACKAGENAME]), "Facing"): Actual text and expected text of test object 'Object Repository/ShopOpen/ChillerUtilization/ChillerNotAvailable/Validate_ProductCategoryAssetScreen' are matched.

2019-04-09 11:12:31 - [MESSAGE][PASSED] - Actual text and expected text of test object 'Object Repository/ShopOpen/ChillerUtilization/ChillerNotAvailable/Validate_ProductCategoryAssetScreen' are matched.

2019-04-09 11:12:31 - [TEST_STEP][PASSED] - tap(findTestObject("ShopOpen/ChillerUtilization/ChillerNotAvailable/ProductCategory_BackButton", ["package":PACKAGENAME]), 0): Tapped on element 'Object Repository/ShopOpen/ChillerUtilization/ChillerNotAvailable/ProductCategory_BackButton'

2019-04-09 11:12:31 - [MESSAGE][WARNING] - Timeout '0' is invalid. Using default page load timeout: '6'

2019-04-09 11:12:31 - [MESSAGE][PASSED] - Tapped on element 'Object Repository/ShopOpen/ChillerUtilization/ChillerNotAvailable/ProductCategory_BackButton'

2019-04-09 11:12:31 - [TEST_STEP][PASSED] - verifyElementText(findTestObject("ShopOpen/ChillerUtilization/ChillerNotAvailable/Validate_ChillerNotAvailableScreen", ["package":PACKAGENAME]), "Category:Chiller Utilization"): Actual text and expected text of test object 'Object Repository/ShopOpen/ChillerUtilization/ChillerNotAvailable/Validate_ChillerNotAvailableScreen' are matched.

2019-04-09 11:12:32 - [MESSAGE][PASSED] - Actual text and expected text of test object 'Object Repository/ShopOpen/ChillerUtilization/ChillerNotAvailable/Validate_ChillerNotAvailableScreen' are matched.

2019-04-09 11:12:32 - [MESSAGE][PASSED] - Call Test Case 'Test Cases/ShopOpen/ChillerUtilization/ChillerNotAvailable/VisitProductCategoryAssets' successfully

2019-04-09 11:12:33 - [TEST_CASE][PASSED] - Test Cases/ShopOpen/ChillerUtilization/ChillerNotAvailable/VisitProductCategoryAssets: Test Cases/ShopOpen/ChillerUtilization/ChillerNotAvailable/VisitProductCategoryAssets

2019-04-09 11:12:33 - [TEST_STEP][PASSED] - verifyElementText(findTestObject("ShopOpen/ChillerUtilization/ChillerNotAvailable/Validate_ProductCategoryAssetScreen", ["package":PACKAGENAME]), "Facing"): Actual text and expected text of test object 'Object Repository/ShopOpen/ChillerUtilization/ChillerNotAvailable/Validate_ProductCategoryAssetScreen' are matched.

2019-04-09 11:12:35 - [MESSAGE][PASSED] - Actual text and expected text of test object 'Object Repository/ShopOpen/ChillerUtilization/ChillerNotAvailable/Validate_ProductCategoryAssetScreen' are matched.

2019-04-09 11:12:35 - [TEST_STEP][PASSED] - tap(findTestObject("ShopOpen/ChillerUtilization/ChillerNotAvailable/Facing", ["package":PACKAGENAME]), 0): Tapped on element 'Object Repository/ShopOpen/ChillerUtilization/ChillerNotAvailable/Facing'

2019-04-09 11:12:35 - [MESSAGE][WARNING] - Timeout '0' is invalid. Using default page load timeout: '6'

2019-04-09 11:12:35 - [MESSAGE][PASSED] - Tapped on element 'Object Repository/ShopOpen/ChillerUtilization/ChillerNotAvailable/Facing'

2019-04-09 11:12:35 - [TEST_STEP][PASSED] - verifyElementText(findTestObject("ShopOpen/ChillerUtilization/ChillerNotAvailable/Validate_FacingScreen", ["package":PACKAGENAME]), "Facing"): Actual text and expected text of test object 'Object Repository/ShopOpen/ChillerUtilization/ChillerNotAvailable/Validate_FacingScreen' are matched.

2019-04-09 11:12:36 - [MESSAGE][PASSED] - Actual text and expected text of test object 'Object Repository/ShopOpen/ChillerUtilization/ChillerNotAvailable/Validate_FacingScreen' are matched.

2019-04-09 11:12:36 - [TEST_STEP][PASSED] - com.ct.qa.keywords.ChillerProductsDataKeywords.VisitChillerNotAvailableProductsData(CHANNEL_CNA_FACING, "Facing"): com.ct.qa.keywords.ChillerProductsDataKeywords.VisitChillerNotAvailableProductsData is PASSED

2019-04-09 11:12:41 - [MESSAGE][PASSED] - Keyboard is hidden

2019-04-09 11:12:44 - [MESSAGE][PASSED] - Keyboard is hidden

2019-04-09 11:12:47 - [MESSAGE][PASSED] - Keyboard is hidden

2019-04-09 11:12:49 - [MESSAGE][PASSED] - Swiped from 117,359 to 117,250

2019-04-09 11:12:50 - [MESSAGE][PASSED] - com.ct.qa.keywords.ChillerProductsDataKeywords.VisitChillerNotAvailableProductsData is PASSED

2019-04-09 11:12:50 - [TEST_STEP][PASSED] - tap(findTestObject("ShopOpen/ChillerUtilization/ChillerNotAvailable/SubmitButton", ["package":PACKAGENAME]), 0): Tapped on element 'Object Repository/ShopOpen/ChillerUtilization/ChillerNotAvailable/SubmitButton'

2019-04-09 11:12:50 - [MESSAGE][WARNING] - Timeout '0' is invalid. Using default page load timeout: '6'

2019-04-09 11:12:51 - [MESSAGE][PASSED] - Tapped on element 'Object Repository/ShopOpen/ChillerUtilization/ChillerNotAvailable/SubmitButton'

2019-04-09 11:12:51 - [TEST_STEP][PASSED] - verifyElementText(findTestObject("ShopOpen/ChillerUtilization/ChillerNotAvailable/Validate_ProductCategoryAssetScreen", ["package":PACKAGENAME]), "Facing"): Actual text and expected text of test object 'Object Repository/ShopOpen/ChillerUtilization/ChillerNotAvailable/Validate_ProductCategoryAssetScreen' are matched.

2019-04-09 11:12:51 - [MESSAGE][PASSED] - Actual text and expected text of test object 'Object Repository/ShopOpen/ChillerUtilization/ChillerNotAvailable/Validate_ProductCategoryAssetScreen' are matched.

2019-04-09 11:12:51 - [TEST_STEP][PASSED] - tap(findTestObject("ShopOpen/ChillerUtilization/ChillerNotAvailable/StockTaking", ["package":PACKAGENAME]), 0): Tapped on element 'Object Repository/ShopOpen/ChillerUtilization/ChillerNotAvailable/StockTaking'

2019-04-09 11:12:51 - [MESSAGE][WARNING] - Timeout '0' is invalid. Using default page load timeout: '6'

2019-04-09 11:12:52 - [MESSAGE][PASSED] - Tapped on element 'Object Repository/ShopOpen/ChillerUtilization/ChillerNotAvailable/StockTaking'

2019-04-09 11:12:52 - [TEST_STEP][PASSED] - verifyElementText(findTestObject("ShopOpen/ChillerUtilization/ChillerNotAvailable/Validate_StockTakingScreen", ["package":PACKAGENAME]), "Stock Taking"): Actual text and expected text of test object 'Object Repository/ShopOpen/ChillerUtilization/ChillerNotAvailable/Validate_StockTakingScreen' are matched.

2019-04-09 11:12:54 - [MESSAGE][PASSED] - Actual text and expected text of test object 'Object Repository/ShopOpen/ChillerUtilization/ChillerNotAvailable/Validate_StockTakingScreen' are matched.

2019-04-09 11:12:54 - [TEST_STEP][PASSED] - com.ct.qa.keywords.ChillerProductsDataKeywords.VisitChillerNotAvailableProductsData(CHANNEL_CNA_STOCKTAKING, "Stock Taking"): com.ct.qa.keywords.ChillerProductsDataKeywords.VisitChillerNotAvailableProductsData is PASSED

2019-04-09 11:12:58 - [MESSAGE][PASSED] - Keyboard is hidden

2019-04-09 11:13:01 - [MESSAGE][PASSED] - Keyboard is hidden

2019-04-09 11:13:04 - [MESSAGE][PASSED] - Keyboard is hidden

2019-04-09 11:13:05 - [MESSAGE][PASSED] - Swiped from 117,359 to 117,250

2019-04-09 11:13:06 - [MESSAGE][PASSED] - com.ct.qa.keywords.ChillerProductsDataKeywords.VisitChillerNotAvailableProductsData is PASSED

2019-04-09 11:13:06 - [TEST_STEP][PASSED] - tap(findTestObject("ShopOpen/ChillerUtilization/ChillerNotAvailable/SubmitButton", ["package":PACKAGENAME]), 0): Tapped on element 'Object Repository/ShopOpen/ChillerUtilization/ChillerNotAvailable/SubmitButton'

2019-04-09 11:13:06 - [MESSAGE][WARNING] - Timeout '0' is invalid. Using default page load timeout: '6'

2019-04-09 11:13:07 - [MESSAGE][PASSED] - Tapped on element 'Object Repository/ShopOpen/ChillerUtilization/ChillerNotAvailable/SubmitButton'

2019-04-09 11:13:07 - [TEST_STEP][PASSED] - verifyElementText(findTestObject("ShopOpen/ChillerUtilization/ChillerNotAvailable/Validate_ProductCategoryAssetScreen", ["package":PACKAGENAME]), "Facing"): Actual text and expected text of test object 'Object Repository/ShopOpen/ChillerUtilization/ChillerNotAvailable/Validate_ProductCategoryAssetScreen' are matched.

2019-04-09 11:13:08 - [MESSAGE][PASSED] - Actual text and expected text of test object 'Object Repository/ShopOpen/ChillerUtilization/ChillerNotAvailable/Validate_ProductCategoryAssetScreen' are matched.

2019-04-09 11:13:08 - [TEST_STEP][PASSED] - tap(findTestObject("ShopOpen/ChillerUtilization/ChillerNotAvailable/ProductCategory_BackButton", ["package":PACKAGENAME]), 0): Tapped on element 'Object Repository/ShopOpen/ChillerUtilization/ChillerNotAvailable/ProductCategory_BackButton'

2019-04-09 11:13:08 - [MESSAGE][WARNING] - Timeout '0' is invalid. Using default page load timeout: '6'

2019-04-09 11:13:09 - [MESSAGE][PASSED] - Tapped on element 'Object Repository/ShopOpen/ChillerUtilization/ChillerNotAvailable/ProductCategory_BackButton'

2019-04-09 11:13:09 - [TEST_STEP][PASSED] - verifyElementText(findTestObject("ShopOpen/ChillerUtilization/ChillerNotAvailable/Validate_ChillerNotAvailableScreen", ["package":PACKAGENAME]), "Category:Chiller Utilization"): Actual text and expected text of test object 'Object Repository/ShopOpen/ChillerUtilization/ChillerNotAvailable/Validate_ChillerNotAvailableScreen' are matched.

2019-04-09 11:13:10 - [MESSAGE][PASSED] - Actual text and expected text of test object 'Object Repository/ShopOpen/ChillerUtilization/ChillerNotAvailable/Validate_ChillerNotAvailableScreen' are matched.

2019-04-09 11:13:10 - [MESSAGE][PASSED] - Call Test Case 'Test Cases/ShopOpen/ChillerUtilization/ChillerNotAvailable/VisitProductCategoryAssets' successfully

2019-04-09 11:13:10 - [TEST_CASE][PASSED] - Test Cases/ShopOpen/ChillerUtilization/ChillerNotAvailable/VisitProductCategoryAssets: Test Cases/ShopOpen/ChillerUtilization/ChillerNotAvailable/VisitProductCategoryAssets

2019-04-09 11:13:10 - [TEST_STEP][PASSED] - verifyElementText(findTestObject("ShopOpen/ChillerUtilization/ChillerNotAvailable/Validate_ProductCategoryAssetScreen", ["package":PACKAGENAME]), "Facing"): Actual text and expected text of test object 'Object Repository/ShopOpen/ChillerUtilization/ChillerNotAvailable/Validate_ProductCategoryAssetScreen' are matched.

2019-04-09 11:13:12 - [MESSAGE][PASSED] - Actual text and expected text of test object 'Object Repository/ShopOpen/ChillerUtilization/ChillerNotAvailable/Validate_ProductCategoryAssetScreen' are matched.

2019-04-09 11:13:12 - [TEST_STEP][PASSED] - tap(findTestObject("ShopOpen/ChillerUtilization/ChillerNotAvailable/Facing", ["package":PACKAGENAME]), 0): Tapped on element 'Object Repository/ShopOpen/ChillerUtilization/ChillerNotAvailable/Facing'

2019-04-09 11:13:12 - [MESSAGE][WARNING] - Timeout '0' is invalid. Using default page load timeout: '6'

2019-04-09 11:13:13 - [MESSAGE][PASSED] - Tapped on element 'Object Repository/ShopOpen/ChillerUtilization/ChillerNotAvailable/Facing'

2019-04-09 11:13:13 - [TEST_STEP][PASSED] - verifyElementText(findTestObject("ShopOpen/ChillerUtilization/ChillerNotAvailable/Validate_FacingScreen", ["package":PACKAGENAME]), "Facing"): Actual text and expected text of test object 'Object Repository/ShopOpen/ChillerUtilization/ChillerNotAvailable/Validate_FacingScreen' are matched.

2019-04-09 11:13:14 - [MESSAGE][PASSED] - Actual text and expected text of test object 'Object Repository/ShopOpen/ChillerUtilization/ChillerNotAvailable/Validate_FacingScreen' are matched.

2019-04-09 11:13:14 - [TEST_STEP][PASSED] - com.ct.qa.keywords.ChillerProductsDataKeywords.VisitChillerNotAvailableProductsData(CHANNEL_CNA_FACING, "Facing"): com.ct.qa.keywords.ChillerProductsDataKeywords.VisitChillerNotAvailableProductsData is PASSED

2019-04-09 11:13:18 - [MESSAGE][PASSED] - Keyboard is hidden

2019-04-09 11:13:19 - [MESSAGE][PASSED] - Swiped from 117,359 to 117,250

2019-04-09 11:13:20 - [MESSAGE][PASSED] - com.ct.qa.keywords.ChillerProductsDataKeywords.VisitChillerNotAvailableProductsData is PASSED

2019-04-09 11:13:20 - [TEST_STEP][PASSED] - tap(findTestObject("ShopOpen/ChillerUtilization/ChillerNotAvailable/SubmitButton", ["package":PACKAGENAME]), 0): Tapped on element 'Object Repository/ShopOpen/ChillerUtilization/ChillerNotAvailable/SubmitButton'

2019-04-09 11:13:20 - [MESSAGE][WARNING] - Timeout '0' is invalid. Using default page load timeout: '6'

2019-04-09 11:13:21 - [MESSAGE][PASSED] - Tapped on element 'Object Repository/ShopOpen/ChillerUtilization/ChillerNotAvailable/SubmitButton'

2019-04-09 11:13:21 - [TEST_STEP][PASSED] - verifyElementText(findTestObject("ShopOpen/ChillerUtilization/ChillerNotAvailable/Validate_ProductCategoryAssetScreen", ["package":PACKAGENAME]), "Facing"): Actual text and expected text of test object 'Object Repository/ShopOpen/ChillerUtilization/ChillerNotAvailable/Validate_ProductCategoryAssetScreen' are matched.

2019-04-09 11:13:21 - [MESSAGE][PASSED] - Actual text and expected text of test object 'Object Repository/ShopOpen/ChillerUtilization/ChillerNotAvailable/Validate_ProductCategoryAssetScreen' are matched.

2019-04-09 11:13:21 - [TEST_STEP][PASSED] - tap(findTestObject("ShopOpen/ChillerUtilization/ChillerNotAvailable/StockTaking", ["package":PACKAGENAME]), 0): Tapped on element 'Object Repository/ShopOpen/ChillerUtilization/ChillerNotAvailable/StockTaking'

2019-04-09 11:13:21 - [MESSAGE][WARNING] - Timeout '0' is invalid. Using default page load timeout: '6'

2019-04-09 11:13:22 - [MESSAGE][PASSED] - Tapped on element 'Object Repository/ShopOpen/ChillerUtilization/ChillerNotAvailable/StockTaking'

2019-04-09 11:13:22 - [TEST_STEP][PASSED] - verifyElementText(findTestObject("ShopOpen/ChillerUtilization/ChillerNotAvailable/Validate_StockTakingScreen", ["package":PACKAGENAME]), "Stock Taking"): Actual text and expected text of test object 'Object Repository/ShopOpen/ChillerUtilization/ChillerNotAvailable/Validate_StockTakingScreen' are matched.

2019-04-09 11:13:25 - [MESSAGE][PASSED] - Actual text and expected text of test object 'Object Repository/ShopOpen/ChillerUtilization/ChillerNotAvailable/Validate_StockTakingScreen' are matched.

2019-04-09 11:13:25 - [TEST_STEP][PASSED] - com.ct.qa.keywords.ChillerProductsDataKeywords.VisitChillerNotAvailableProductsData(CHANNEL_CNA_STOCKTAKING, "Stock Taking"): com.ct.qa.keywords.ChillerProductsDataKeywords.VisitChillerNotAvailableProductsData is PASSED

2019-04-09 11:13:28 - [MESSAGE][PASSED] - Keyboard is hidden

2019-04-09 11:13:29 - [MESSAGE][PASSED] - Swiped from 117,359 to 117,250

2019-04-09 11:13:30 - [MESSAGE][PASSED] - com.ct.qa.keywords.ChillerProductsDataKeywords.VisitChillerNotAvailableProductsData is PASSED

2019-04-09 11:13:30 - [TEST_STEP][PASSED] - tap(findTestObject("ShopOpen/ChillerUtilization/ChillerNotAvailable/SubmitButton", ["package":PACKAGENAME]), 0): Tapped on element 'Object Repository/ShopOpen/ChillerUtilization/ChillerNotAvailable/SubmitButton'

2019-04-09 11:13:30 - [MESSAGE][WARNING] - Timeout '0' is invalid. Using default page load timeout: '6'

2019-04-09 11:13:31 - [MESSAGE][PASSED] - Tapped on element 'Object Repository/ShopOpen/ChillerUtilization/ChillerNotAvailable/SubmitButton'

2019-04-09 11:13:31 - [TEST_STEP][PASSED] - verifyElementText(findTestObject("ShopOpen/ChillerUtilization/ChillerNotAvailable/Validate_ProductCategoryAssetScreen", ["package":PACKAGENAME]), "Facing"): Actual text and expected text of test object 'Object Repository/ShopOpen/ChillerUtilization/ChillerNotAvailable/Validate_ProductCategoryAssetScreen' are matched.

2019-04-09 11:13:32 - [MESSAGE][PASSED] - Actual text and expected text of test object 'Object Repository/ShopOpen/ChillerUtilization/ChillerNotAvailable/Validate_ProductCategoryAssetScreen' are matched.

2019-04-09 11:13:32 - [TEST_STEP][PASSED] - tap(findTestObject("ShopOpen/ChillerUtilization/ChillerNotAvailable/ProductCategory_BackButton", ["package":PACKAGENAME]), 0): Tapped on element 'Object Repository/ShopOpen/ChillerUtilization/ChillerNotAvailable/ProductCategory_BackButton'

2019-04-09 11:13:32 - [MESSAGE][WARNING] - Timeout '0' is invalid. Using default page load timeout: '6'

2019-04-09 11:13:32 - [MESSAGE][PASSED] - Tapped on element 'Object Repository/ShopOpen/ChillerUtilization/ChillerNotAvailable/ProductCategory_BackButton'

2019-04-09 11:13:32 - [TEST_STEP][PASSED] - verifyElementText(findTestObject("ShopOpen/ChillerUtilization/ChillerNotAvailable/Validate_ChillerNotAvailableScreen", ["package":PACKAGENAME]), "Category:Chiller Utilization"): Actual text and expected text of test object 'Object Repository/ShopOpen/ChillerUtilization/ChillerNotAvailable/Validate_ChillerNotAvailableScreen' are matched.

2019-04-09 11:13:33 - [MESSAGE][PASSED] - Actual text and expected text of test object 'Object Repository/ShopOpen/ChillerUtilization/ChillerNotAvailable/Validate_ChillerNotAvailableScreen' are matched.

2019-04-09 11:13:33 - [MESSAGE][PASSED] - Call Test Case 'Test Cases/ShopOpen/ChillerUtilization/ChillerNotAvailable/VisitProductCategoryAssets' successfully

2019-04-09 11:13:34 - [TEST_CASE][PASSED] - Test Cases/ShopOpen/ChillerUtilization/ChillerNotAvailable/VisitProductCategoryAssets: Test Cases/ShopOpen/ChillerUtilization/ChillerNotAvailable/VisitProductCategoryAssets

2019-04-09 11:13:34 - [TEST_STEP][PASSED] - verifyElementText(findTestObject("ShopOpen/ChillerUtilization/ChillerNotAvailable/Validate_ProductCategoryAssetScreen", ["package":PACKAGENAME]), "Facing"): Actual text and expected text of test object 'Object Repository/ShopOpen/ChillerUtilization/ChillerNotAvailable/Validate_ProductCategoryAssetScreen' are matched.

2019-04-09 11:13:35 - [MESSAGE][PASSED] - Actual text and expected text of test object 'Object Repository/ShopOpen/ChillerUtilization/ChillerNotAvailable/Validate_ProductCategoryAssetScreen' are matched.

2019-04-09 11:13:35 - [TEST_STEP][PASSED] - tap(findTestObject("ShopOpen/ChillerUtilization/ChillerNotAvailable/Facing", ["package":PACKAGENAME]), 0): Tapped on element 'Object Repository/ShopOpen/ChillerUtilization/ChillerNotAvailable/Facing'

2019-04-09 11:13:35 - [MESSAGE][WARNING] - Timeout '0' is invalid. Using default page load timeout: '6'

2019-04-09 11:13:36 - [MESSAGE][PASSED] - Tapped on element 'Object Repository/ShopOpen/ChillerUtilization/ChillerNotAvailable/Facing'

2019-04-09 11:13:36 - [TEST_STEP][PASSED] - verifyElementText(findTestObject("ShopOpen/ChillerUtilization/ChillerNotAvailable/Validate_FacingScreen", ["package":PACKAGENAME]), "Facing"): Actual text and expected text of test object 'Object Repository/ShopOpen/ChillerUtilization/ChillerNotAvailable/Validate_FacingScreen' are matched.

2019-04-09 11:13:38 - [MESSAGE][PASSED] - Actual text and expected text of test object 'Object Repository/ShopOpen/ChillerUtilization/ChillerNotAvailable/Validate_FacingScreen' are matched.

2019-04-09 11:13:38 - [TEST_STEP][PASSED] - com.ct.qa.keywords.ChillerProductsDataKeywords.VisitChillerNotAvailableProductsData(CHANNEL_CNA_FACING, "Facing"): com.ct.qa.keywords.ChillerProductsDataKeywords.VisitChillerNotAvailableProductsData is PASSED

2019-04-09 11:13:42 - [MESSAGE][PASSED] - Keyboard is hidden

2019-04-09 11:13:45 - [MESSAGE][PASSED] - Keyboard is hidden

2019-04-09 11:13:48 - [MESSAGE][PASSED] - Keyboard is hidden

2019-04-09 11:13:51 - [MESSAGE][PASSED] - Keyboard is hidden

2019-04-09 11:13:54 - [MESSAGE][PASSED] - Keyboard is hidden

2019-04-09 11:13:57 - [MESSAGE][PASSED] - Keyboard is hidden

2019-04-09 11:13:59 - [MESSAGE][PASSED] - Swiped from 18,359 to 18,250

2019-04-09 11:14:04 - [MESSAGE][PASSED] - Keyboard is hidden

2019-04-09 11:14:06 - [MESSAGE][PASSED] - Swiped from 18,359 to 18,250

2019-04-09 11:14:12 - [MESSAGE][PASSED] - Keyboard is hidden

2019-04-09 11:14:14 - [MESSAGE][PASSED] - Swiped from 18,359 to 18,250

2019-04-09 11:14:16 - [MESSAGE][PASSED] - com.ct.qa.keywords.ChillerProductsDataKeywords.VisitChillerNotAvailableProductsData is PASSED

2019-04-09 11:14:16 - [TEST_STEP][PASSED] - tap(findTestObject("ShopOpen/ChillerUtilization/ChillerNotAvailable/SubmitButton", ["package":PACKAGENAME]), 0): Tapped on element 'Object Repository/ShopOpen/ChillerUtilization/ChillerNotAvailable/SubmitButton'

2019-04-09 11:14:16 - [MESSAGE][WARNING] - Timeout '0' is invalid. Using default page load timeout: '6'

2019-04-09 11:14:17 - [MESSAGE][PASSED] - Tapped on element 'Object Repository/ShopOpen/ChillerUtilization/ChillerNotAvailable/SubmitButton'

2019-04-09 11:14:17 - [TEST_STEP][PASSED] - verifyElementText(findTestObject("ShopOpen/ChillerUtilization/ChillerNotAvailable/Validate_ProductCategoryAssetScreen", ["package":PACKAGENAME]), "Facing"): Actual text and expected text of test object 'Object Repository/ShopOpen/ChillerUtilization/ChillerNotAvailable/Validate_ProductCategoryAssetScreen' are matched.

2019-04-09 11:14:18 - [MESSAGE][PASSED] - Actual text and expected text of test object 'Object Repository/ShopOpen/ChillerUtilization/ChillerNotAvailable/Validate_ProductCategoryAssetScreen' are matched.

2019-04-09 11:14:18 - [TEST_STEP][PASSED] - tap(findTestObject("ShopOpen/ChillerUtilization/ChillerNotAvailable/StockTaking", ["package":PACKAGENAME]), 0): Tapped on element 'Object Repository/ShopOpen/ChillerUtilization/ChillerNotAvailable/StockTaking'

2019-04-09 11:14:18 - [MESSAGE][WARNING] - Timeout '0' is invalid. Using default page load timeout: '6'

2019-04-09 11:14:18 - [MESSAGE][PASSED] - Tapped on element 'Object Repository/ShopOpen/ChillerUtilization/ChillerNotAvailable/StockTaking'

2019-04-09 11:14:18 - [TEST_STEP][PASSED] - verifyElementText(findTestObject("ShopOpen/ChillerUtilization/ChillerNotAvailable/Validate_StockTakingScreen", ["package":PACKAGENAME]), "Stock Taking"): Actual text and expected text of test object 'Object Repository/ShopOpen/ChillerUtilization/ChillerNotAvailable/Validate_StockTakingScreen' are matched.

2019-04-09 11:14:20 - [MESSAGE][PASSED] - Actual text and expected text of test object 'Object Repository/ShopOpen/ChillerUtilization/ChillerNotAvailable/Validate_StockTakingScreen' are matched.

2019-04-09 11:14:20 - [TEST_STEP][PASSED] - com.ct.qa.keywords.ChillerProductsDataKeywords.VisitChillerNotAvailableProductsData(CHANNEL_CNA_STOCKTAKING, "Stock Taking"): com.ct.qa.keywords.ChillerProductsDataKeywords.VisitChillerNotAvailableProductsData is PASSED

2019-04-09 11:14:25 - [MESSAGE][PASSED] - Keyboard is hidden

2019-04-09 11:14:28 - [MESSAGE][PASSED] - Keyboard is hidden

2019-04-09 11:14:31 - [MESSAGE][PASSED] - Keyboard is hidden

2019-04-09 11:14:34 - [MESSAGE][PASSED] - Keyboard is hidden

2019-04-09 11:14:37 - [MESSAGE][PASSED] - Keyboard is hidden

2019-04-09 11:14:40 - [MESSAGE][PASSED] - Keyboard is hidden

2019-04-09 11:14:42 - [MESSAGE][PASSED] - Swiped from 18,359 to 18,250

2019-04-09 11:14:48 - [MESSAGE][PASSED] - Keyboard is hidden

2019-04-09 11:14:50 - [MESSAGE][PASSED] - Swiped from 18,359 to 18,250

2019-04-09 11:14:55 - [MESSAGE][PASSED] - Keyboard is hidden

2019-04-09 11:14:57 - [MESSAGE][PASSED] - Swiped from 18,359 to 18,250

2019-04-09 11:14:59 - [MESSAGE][PASSED] - com.ct.qa.keywords.ChillerProductsDataKeywords.VisitChillerNotAvailableProductsData is PASSED

2019-04-09 11:14:59 - [TEST_STEP][PASSED] - tap(findTestObject("ShopOpen/ChillerUtilization/ChillerNotAvailable/SubmitButton", ["package":PACKAGENAME]), 0): Tapped on element 'Object Repository/ShopOpen/ChillerUtilization/ChillerNotAvailable/SubmitButton'

2019-04-09 11:14:59 - [MESSAGE][WARNING] - Timeout '0' is invalid. Using default page load timeout: '6'

2019-04-09 11:15:00 - [MESSAGE][PASSED] - Tapped on element 'Object Repository/ShopOpen/ChillerUtilization/ChillerNotAvailable/SubmitButton'

2019-04-09 11:15:00 - [TEST_STEP][PASSED] - verifyElementText(findTestObject("ShopOpen/ChillerUtilization/ChillerNotAvailable/Validate_ProductCategoryAssetScreen", ["package":PACKAGENAME]), "Facing"): Actual text and expected text of test object 'Object Repository/ShopOpen/ChillerUtilization/ChillerNotAvailable/Validate_ProductCategoryAssetScreen' are matched.

2019-04-09 11:15:00 - [MESSAGE][PASSED] - Actual text and expected text of test object 'Object Repository/ShopOpen/ChillerUtilization/ChillerNotAvailable/Validate_ProductCategoryAssetScreen' are matched.

2019-04-09 11:15:00 - [TEST_STEP][PASSED] - tap(findTestObject("ShopOpen/ChillerUtilization/ChillerNotAvailable/ProductCategory_BackButton", ["package":PACKAGENAME]), 0): Tapped on element 'Object Repository/ShopOpen/ChillerUtilization/ChillerNotAvailable/ProductCategory_BackButton'

2019-04-09 11:15:00 - [MESSAGE][WARNING] - Timeout '0' is invalid. Using default page load timeout: '6'

2019-04-09 11:15:01 - [MESSAGE][PASSED] - Tapped on element 'Object Repository/ShopOpen/ChillerUtilization/ChillerNotAvailable/ProductCategory_BackButton'

2019-04-09 11:15:01 - [TEST_STEP][PASSED] - verifyElementText(findTestObject("ShopOpen/ChillerUtilization/ChillerNotAvailable/Validate_ChillerNotAvailableScreen", ["package":PACKAGENAME]), "Category:Chiller Utilization"): Actual text and expected text of test object 'Object Repository/ShopOpen/ChillerUtilization/ChillerNotAvailable/Validate_ChillerNotAvailableScreen' are matched.

2019-04-09 11:15:02 - [MESSAGE][PASSED] - Actual text and expected text of test object 'Object Repository/ShopOpen/ChillerUtilization/ChillerNotAvailable/Validate_ChillerNotAvailableScreen' are matched.

2019-04-09 11:15:02 - [MESSAGE][PASSED] - Call Test Case 'Test Cases/ShopOpen/ChillerUtilization/ChillerNotAvailable/VisitProductCategoryAssets' successfully

2019-04-09 11:15:02 - [MESSAGE][PASSED] - com.ct.qa.keywords.ChillerProductsDataKeywords.visitChillerNotAvailableProductCategories is PASSED

2019-04-09 11:15:02 - [TEST_STEP][PASSED] - com.ct.qa.keywords.CommonKeywords.visitPlanogramImageViewButton(): com.ct.qa.keywords.CommonKeywords.visitPlanogramImageViewButton is PASSED

2019-04-09 11:15:04 - [MESSAGE][WARNING] - Timeout '0' is invalid. Using default page load timeout: '6'

2019-04-09 11:15:12 - [MESSAGE][WARNING] - Object Object Repository/CommonScreenElements/InfoPopUp_OKButton not found
[[ATTACHMENT|F:\\Git Projects\\MMAPlus_Merchandising\\MMAPlus_Merchandising\\Reports\\MMA Plus Merchandiser With Chiller Level Overwrite Scenarios\\20190409_104853\\1554790510645.png]]

2019-04-09 11:15:12 - [MESSAGE][PASSED] - com.ct.qa.keywords.CommonKeywords.visitPlanogramImageViewButton is PASSED

2019-04-09 11:15:12 - [TEST_STEP][PASSED] - verifyElementText(findTestObject("ShopOpen/ChillerUtilization/ChillerNotAvailable/Validate_ChillerNotAvailableScreen", ["package":PACKAGENAME]), "Category:Chiller Utilization"): Actual text and expected text of test object 'Object Repository/ShopOpen/ChillerUtilization/ChillerNotAvailable/Validate_ChillerNotAvailableScreen' are matched.

2019-04-09 11:15:14 - [MESSAGE][PASSED] - Actual text and expected text of test object 'Object Repository/ShopOpen/ChillerUtilization/ChillerNotAvailable/Validate_ChillerNotAvailableScreen' are matched.

2019-04-09 11:15:14 - [TEST_STEP][PASSED] - com.ct.qa.keywords.CommonKeywords.visitPictureImageViewButton(): com.ct.qa.keywords.CommonKeywords.visitPictureImageViewButton is PASSED

2019-04-09 11:15:17 - [MESSAGE][WARNING] - Timeout '0' is invalid. Using default page load timeout: '6'

2019-04-09 11:15:18 - [MESSAGE][PASSED] - Element 'Object Repository/CommonScreenElements/Validate_CameraScreen' is exist

2019-04-09 11:15:18 - [MESSAGE][WARNING] - Timeout '0' is invalid. Using default page load timeout: '6'

2019-04-09 11:15:21 - [MESSAGE][PASSED] - Tapped on element 'Object Repository/CommonScreenElements/Camera_flashButton'

2019-04-09 11:15:21 - [MESSAGE][WARNING] - Timeout '0' is invalid. Using default page load timeout: '6'

2019-04-09 11:15:25 - [MESSAGE][PASSED] - Tapped on element 'Object Repository/CommonScreenElements/Camera_TakePictureButton'

2019-04-09 11:15:30 - [MESSAGE][PASSED] - Delayed 5 second(s)

2019-04-09 11:15:30 - [MESSAGE][WARNING] - Timeout '0' is invalid. Using default page load timeout: '6'

2019-04-09 11:15:30 - [MESSAGE][PASSED] - Tapped on element 'Object Repository/CommonScreenElements/Camera_DoneButton'

2019-04-09 11:15:30 - [MESSAGE][PASSED] - com.ct.qa.keywords.CommonKeywords.visitPictureImageViewButton is PASSED

2019-04-09 11:15:30 - [TEST_STEP][PASSED] - verifyElementText(findTestObject("ShopOpen/ChillerUtilization/ChillerNotAvailable/Validate_ChillerNotAvailableScreen", ["package":PACKAGENAME]), "Category:Chiller Utilization"): Actual text and expected text of test object 'Object Repository/ShopOpen/ChillerUtilization/ChillerNotAvailable/Validate_ChillerNotAvailableScreen' are matched.

2019-04-09 11:15:31 - [MESSAGE][PASSED] - Actual text and expected text of test object 'Object Repository/ShopOpen/ChillerUtilization/ChillerNotAvailable/Validate_ChillerNotAvailableScreen' are matched.

2019-04-09 11:15:31 - [TEST_STEP][PASSED] - com.ct.qa.keywords.CommonKeywords.visitBackImageViewButton(): com.ct.qa.keywords.CommonKeywords.visitBackImageViewButton is PASSED

2019-04-09 11:15:33 - [MESSAGE][PASSED] - com.ct.qa.keywords.CommonKeywords.visitBackImageViewButton is PASSED

2019-04-09 11:15:33 - [TEST_STEP][PASSED] - verifyElementText(findTestObject("ShopOpen/ChillerUtilization/Validate_ChillerUtilizationScreen", ["package":PACKAGENAME]), "Shop Chillers"): Actual text and expected text of test object 'Object Repository/ShopOpen/ChillerUtilization/Validate_ChillerUtilizationScreen' are matched.

2019-04-09 11:15:34 - [MESSAGE][PASSED] - Actual text and expected text of test object 'Object Repository/ShopOpen/ChillerUtilization/Validate_ChillerUtilizationScreen' are matched.

2019-04-09 11:15:34 - [MESSAGE][PASSED] - Call Test Case 'Test Cases/ShopOpen/ChillerUtilization/ChillerNotAvailable/OverwriteChillerNotAvailable' successfully

2019-04-09 11:15:34 - [MESSAGE][PASSED] - com.ct.qa.keywords.ChillerVisitingScenariosKeywords.overwriteChillersTaggedinChillerUtilizationWithSingleRemark is PASSED

2019-04-09 11:15:34 - [TEST_STEP][PASSED] - tap(findTestObject("ShopOpen/ChillerUtilization/ChillerUtilization_backButton", ["package":PACKAGENAME]), 0): Tapped on element 'Object Repository/ShopOpen/ChillerUtilization/ChillerUtilization_backButton'

2019-04-09 11:15:34 - [MESSAGE][WARNING] - Timeout '0' is invalid. Using default page load timeout: '6'

2019-04-09 11:15:35 - [MESSAGE][PASSED] - Tapped on element 'Object Repository/ShopOpen/ChillerUtilization/ChillerUtilization_backButton'

2019-04-09 11:15:35 - [TEST_STEP][PASSED] - verifyElementExist(findTestObject("ShopOpen/Validate_ShopCategoriesListScreen", ["package":PACKAGENAME]), 0): Element 'Object Repository/ShopOpen/Validate_ShopCategoriesListScreen' is exist

2019-04-09 11:15:35 - [MESSAGE][WARNING] - Timeout '0' is invalid. Using default page load timeout: '6'

2019-04-09 11:15:36 - [MESSAGE][PASSED] - Element 'Object Repository/ShopOpen/Validate_ShopCategoriesListScreen' is exist

2019-04-09 11:15:36 - [MESSAGE][PASSED] - Call Test Case 'Test Cases/ShopOpen/ChillerUtilization/VisitChillerScenarios_WithCategeoryLevel/OverwriteChillerUtilizationWith_ChillerNotAvailable' successfully

2019-04-09 11:15:36 - [MESSAGE][PASSED] - com.ct.qa.keywords.CategoryVisitingScenariosKeywords.visitShopCategoriesWith_ChillerLevelOverwriteScenarios is PASSED

2019-04-09 11:15:36 - [MESSAGE][PASSED] - Call Test Case 'Test Cases/ShopOpen/VisitCategoryScenarios/VisitShopCategoriesWith_ChillerLevelOverwriteScenarios' successfully

2019-04-09 11:15:36 - [TEST_CASE][PASSED] - Test Cases/ShopOpen/SaveShop: Test Cases/ShopOpen/SaveShop

2019-04-09 11:15:37 - [TEST_STEP][PASSED] - tap(findTestObject("ShopOpen/SubmitButtonToSaveShop", ["package":PACKAGENAME]), 0): Tapped on element 'Object Repository/ShopOpen/SubmitButtonToSaveShop'

2019-04-09 11:15:37 - [MESSAGE][WARNING] - Timeout '0' is invalid. Using default page load timeout: '6'

2019-04-09 11:15:38 - [MESSAGE][PASSED] - Tapped on element 'Object Repository/ShopOpen/SubmitButtonToSaveShop'

2019-04-09 11:15:38 - [TEST_STEP][PASSED] - verifyElementExist(findTestObject("CommonScreenElements/Validate_InfoPopUP", ["package":PACKAGENAME]), 0): Element 'Object Repository/CommonScreenElements/Validate_InfoPopUP' is exist

2019-04-09 11:15:38 - [MESSAGE][WARNING] - Timeout '0' is invalid. Using default page load timeout: '6'

2019-04-09 11:15:39 - [MESSAGE][PASSED] - Element 'Object Repository/CommonScreenElements/Validate_InfoPopUP' is exist

2019-04-09 11:15:39 - [TEST_STEP][PASSED] - tap(findTestObject("CommonScreenElements/InfoPopUp_YesButton", ["package":PACKAGENAME]), 0): Tapped on element 'Object Repository/CommonScreenElements/InfoPopUp_YesButton'

2019-04-09 11:15:39 - [MESSAGE][WARNING] - Timeout '0' is invalid. Using default page load timeout: '6'

2019-04-09 11:15:40 - [MESSAGE][PASSED] - Tapped on element 'Object Repository/CommonScreenElements/InfoPopUp_YesButton'

2019-04-09 11:15:40 - [TEST_STEP][PASSED] - verifyElementText(findTestObject("Validate_ShopListScreen", ["package":PACKAGENAME]), "Shops on Route"): Actual text and expected text of test object 'Object Repository/Validate_ShopListScreen' are matched.

2019-04-09 11:15:41 - [MESSAGE][PASSED] - Actual text and expected text of test object 'Object Repository/Validate_ShopListScreen' are matched.

2019-04-09 11:15:41 - [MESSAGE][PASSED] - Call Test Case 'Test Cases/ShopOpen/SaveShop' successfully

2019-04-09 11:15:41 - [MESSAGE][WARNING] - Timeout '0' is invalid. Using default page load timeout: '6'

2019-04-09 11:15:41 - [MESSAGE][PASSED] - Element 'Object Repository/Validate_ShopListScreen' is exist

2019-04-09 11:15:41 - [MESSAGE][PASSED] - com.ct.qa.keywords.ShopVisitingScenariosKeywords.visitShopsWith_ChillerLevel_OverwriteScenarios is PASSED]]></system-out>
         <system-err><![CDATA[]]></system-err>
      </testcase>
      <system-out><![CDATA[2019-04-09 10:48:57 - [TEST_SUITE][PASSED] - MMA Plus Merchandiser With Chiller Level Overwrite Scenarios: Test Cases/VisitShopScenarios/VisitShopsWithChillerLevelOverwriteScenarios]]></system-out>
      <system-err><![CDATA[]]></system-err>
   </testsuite>
</testsuites>
