<?xml version="1.0" encoding="UTF-8"?>
<testsuites name="MMA Plus Merchandising With Channel Wise Data Verification" time="33" tests="1" failures="0" errors="1">
   <testsuite name="MMA Plus Merchandising With Channel Wise Data Verification" tests="1" failures="0" errors="1" time="33" timestamp="2018-08-06 18:52:12" hostname="Fahad Shah - DESKTOP-L12UUAD" id="Test Suites/MMA Plus Merchandising With Channel Wise Data Verification">
      <properties>
         <property name="deviceName" value="samsung SM-J110H (Android 4.4.4)"/>
         <property name="devicePlatform" value=""/>
         <property name="logFolder" value="F:\\Git Projects\\MMAPlus_Merchandising\\MMAPlus_Merchandising\\Reports\\MMA Plus Merchandising With Channel Wise Data Verification\\20180806_185210"/>
         <property name="logFiles" value="F:\\Git Projects\\MMAPlus_Merchandising\\MMAPlus_Merchandising\\Reports\\MMA Plus Merchandising With Channel Wise Data Verification\\20180806_185210\\appium.log, F:\\Git Projects\\MMAPlus_Merchandising\\MMAPlus_Merchandising\\Reports\\MMA Plus Merchandising With Channel Wise Data Verification\\20180806_185210\\execution0.log"/>
         <property name="attachments" value=""/>
         <property name="hostName" value="Fahad Shah - DESKTOP-L12UUAD"/>
         <property name="os" value="Windows 10 64bit"/>
         <property name="katalonVersion" value="5.6.0.1"/>
         <property name="deviceOS" value="Android"/>
         <property name="appiumVersion" value="1.8.1"/>
         <property name="deviceModel" value="SM-J110H"/>
         <property name="hostAddress" value="192.168.3.191"/>
         <property name="deviceManufacturer" value="samsung"/>
         <property name="deviceId" value="11015a1136d0b24a"/>
         <property name="deviceName" value="samsung SM-J110H (Android 4.4.4)"/>
         <property name="deviceOSVersion" value="4.4.4"/>
      </properties>
      <testcase name="Test Cases/LaunchingApp/LaunchApp" classname="Test Cases/LaunchingApp/LaunchApp" status="PASSED">
         <system-out><![CDATA[2018-08-06 18:52:12 - [TEST_CASE][PASSED] - Test Cases/LaunchingApp/LaunchApp: Test Cases/LaunchingApp/LaunchApp

2018-08-06 18:52:13 - [TEST_STEP][PASSED] - startApplication: Started app at: 'F:\QA_Automation\Builds\mma_Merchandising_200618_local.apk'

2018-08-06 18:52:30 - [MESSAGE][PASSED] - Started app at: 'F:\QA_Automation\Builds\mma_Merchandising_200618_local.apk'

2018-08-06 18:52:30 - [TEST_STEP][PASSED] - delay: Delayed 5 second(s)

2018-08-06 18:52:35 - [MESSAGE][PASSED] - Delayed 5 second(s)]]></system-out>
         <system-err><![CDATA[]]></system-err>
      </testcase>
      <testcase name="Test Cases/VisitShopScenarios/VisitShopsWithDataVerification" classname="Test Cases/VisitShopScenarios/VisitShopsWithDataVerification" status="ERROR">
         <error type="ERROR" message="Test Cases/VisitShopScenarios/VisitShopsWithDataVerification FAILED because (of) java.lang.ClassNotFoundException: com.ct.qa.keywords.CommonKeywords"/>
         <system-out><![CDATA[2018-08-06 18:52:35 - [TEST_CASE][ERROR] - Test Cases/VisitShopScenarios/VisitShopsWithDataVerification: Test Cases/VisitShopScenarios/VisitShopsWithDataVerification FAILED because (of) java.lang.ClassNotFoundException: com.ct.qa.keywords.CommonKeywords

2018-08-06 18:52:36 - [TEST_STEP][PASSED] - verifyElementText: Actual text and expected text of test object 'Object Repository/DashboardScreenElements/Validate_DashboardScreen' are matched.

2018-08-06 18:52:45 - [MESSAGE][PASSED] - Actual text and expected text of test object 'Object Repository/DashboardScreenElements/Validate_DashboardScreen' are matched.

2018-08-06 18:52:45 - [TEST_STEP][ERROR] - com.ct.qa.keywords.CommonKeywords.selectday: com.ct.qa.keywords.CommonKeywords

2018-08-06 18:52:45 - [MESSAGE][ERROR] - com.ct.qa.keywords.CommonKeywords]]></system-out>
         <system-err><![CDATA[2018-08-06 18:52:35 - [TEST_CASE][ERROR] - Test Cases/VisitShopScenarios/VisitShopsWithDataVerification: Test Cases/VisitShopScenarios/VisitShopsWithDataVerification FAILED because (of) java.lang.ClassNotFoundException: com.ct.qa.keywords.CommonKeywords]]></system-err>
      </testcase>
      <system-out><![CDATA[2018-08-06 18:52:12 - [TEST_SUITE][ERROR] - MMA Plus Merchandising With Channel Wise Data Verification: Test Cases/VisitShopScenarios/VisitShopsWithDataVerification FAILED because (of) java.lang.ClassNotFoundException: com.ct.qa.keywords.CommonKeywords]]></system-out>
      <system-err><![CDATA[2018-08-06 18:52:12 - [TEST_SUITE][ERROR] - MMA Plus Merchandising With Channel Wise Data Verification: Test Cases/VisitShopScenarios/VisitShopsWithDataVerification FAILED because (of) java.lang.ClassNotFoundException: com.ct.qa.keywords.CommonKeywords]]></system-err>
   </testsuite>
</testsuites>
