<?xml version="1.0" encoding="UTF-8"?>
<testsuites name="MMA Plus Merchandising" time="57" tests="2" failures="0" errors="0">
   <testsuite name="MMA Plus Merchandising" tests="2" failures="0" errors="0" time="57" timestamp="2018-07-16 18:11:35" hostname="itcity - DESKTOP-3AG49P4" id="Test Suites/MMA Plus Merchandising">
      <properties>
         <property name="deviceName" value="samsung SM-J110H (Android 4.4.4)"/>
         <property name="devicePlatform" value=""/>
         <property name="logFolder" value="F:\\Git Projects\\MMAPlus_Merchandising\\MMAPlus_Merchandising\\Reports\\MMA Plus Merchandising\\20180716_181133"/>
         <property name="logFiles" value="F:\\Git Projects\\MMAPlus_Merchandising\\MMAPlus_Merchandising\\Reports\\MMA Plus Merchandising\\20180716_181133\\appium.log, F:\\Git Projects\\MMAPlus_Merchandising\\MMAPlus_Merchandising\\Reports\\MMA Plus Merchandising\\20180716_181133\\execution0.log"/>
         <property name="attachments" value=""/>
         <property name="hostName" value="itcity - DESKTOP-3AG49P4"/>
         <property name="os" value="Windows 10 64bit"/>
         <property name="katalonVersion" value="5.5.0.1"/>
         <property name="deviceOS" value="Android"/>
         <property name="appiumVersion" value="1.8.0"/>
         <property name="deviceModel" value="SM-J110H"/>
         <property name="hostAddress" value="192.168.3.209"/>
         <property name="deviceManufacturer" value="samsung"/>
         <property name="deviceId" value="11015a1136d0b24a"/>
         <property name="deviceName" value="samsung SM-J110H (Android 4.4.4)"/>
         <property name="deviceOSVersion" value="4.4.4"/>
      </properties>
      <testcase name="Test Cases/LaunchingApp/LaunchApp" classname="Test Cases/LaunchingApp/LaunchApp" status="PASSED">
         <system-out><![CDATA[2018-07-16 18:11:36 - [TEST_CASE][PASSED] - Test Cases/LaunchingApp/LaunchApp: Test Cases/LaunchingApp/LaunchApp

2018-07-16 18:11:36 - [TEST_STEP][PASSED] - startApplication: Started app at: 'F:\QA_Automation\Builds\MMAPlus_Sup_v147_0304_live.apk'

2018-07-16 18:11:58 - [MESSAGE][PASSED] - Started app at: 'F:\QA_Automation\Builds\MMAPlus_Sup_v147_0304_live.apk'

2018-07-16 18:11:58 - [TEST_STEP][PASSED] - delay: Delayed 5 second(s)

2018-07-16 18:12:03 - [MESSAGE][PASSED] - Delayed 5 second(s)]]></system-out>
         <system-err><![CDATA[]]></system-err>
      </testcase>
      <testcase name="Test Cases/Shop/VisitShop" classname="Test Cases/Shop/VisitShop" status="PASSED">
         <system-out><![CDATA[2018-07-16 18:12:03 - [TEST_CASE][PASSED] - Test Cases/Shop/VisitShop: Test Cases/Shop/VisitShop

2018-07-16 18:12:03 - [TEST_STEP][PASSED] - verifyElementText: Actual text and expected text of test object 'Object Repository/DashboardScreenElements/Validate_DashboardScreen' are matched.

2018-07-16 18:12:03 - [MESSAGE][PASSED] - Actual text and expected text of test object 'Object Repository/DashboardScreenElements/Validate_DashboardScreen' are matched.

2018-07-16 18:12:03 - [TEST_STEP][PASSED] - tap: Tapped on element 'Object Repository/DashboardScreenElements/StartYourDay'

2018-07-16 18:12:03 - [MESSAGE][WARNING] - Timeout '0' is invalid. Using default page load timeout: '15'

2018-07-16 18:12:04 - [MESSAGE][PASSED] - Tapped on element 'Object Repository/DashboardScreenElements/StartYourDay'

2018-07-16 18:12:04 - [TEST_STEP][PASSED] - verifyElementText: Actual text and expected text of test object 'Object Repository/Validate_ShopListScreen' are matched.

2018-07-16 18:12:06 - [MESSAGE][PASSED] - Actual text and expected text of test object 'Object Repository/Validate_ShopListScreen' are matched.

2018-07-16 18:12:06 - [TEST_STEP][PASSED] - com.ct.qa.keywords.VisitingScenariosKeywords.visitShop: com.ct.qa.keywords.VisitingScenariosKeywords.visitShop is PASSED

2018-07-16 18:12:11 - [MESSAGE][PASSED] - Actual text and expected text of test object 'Object Repository/Validate_ShopOptionsScreen' are matched.

2018-07-16 18:12:11 - [MESSAGE][WARNING] - Timeout '0' is invalid. Using default page load timeout: '15'

2018-07-16 18:12:11 - [MESSAGE][PASSED] - Tapped on element 'Object Repository/StartWorking'

2018-07-16 18:12:26 - [MESSAGE][PASSED] - Delayed 15 second(s)

2018-07-16 18:12:28 - [MESSAGE][PASSED] - Element 'Object Repository/CommonScreenElements/Validate_MapScreen' is exist

2018-07-16 18:12:28 - [MESSAGE][WARNING] - Timeout '0' is invalid. Using default page load timeout: '15'

2018-07-16 18:12:28 - [MESSAGE][PASSED] - Tapped on element 'Object Repository/CommonScreenElements/Location_CheckIn'

2018-07-16 18:12:28 - [MESSAGE][WARNING] - Timeout '0' is invalid. Using default page load timeout: '15'

2018-07-16 18:12:29 - [MESSAGE][PASSED] - Element 'Object Repository/CommonScreenElements/Validate_InfoPopUP' is exist

2018-07-16 18:12:29 - [MESSAGE][WARNING] - Timeout '0' is invalid. Using default page load timeout: '15'

2018-07-16 18:12:30 - [MESSAGE][PASSED] - Tapped on element 'Object Repository/CommonScreenElements/InfoPopUp_NoButton'

2018-07-16 18:12:32 - [MESSAGE][PASSED] - Swiped from 0,292 to 0,200

2018-07-16 18:12:33 - [MESSAGE][PASSED] - com.ct.qa.keywords.VisitingScenariosKeywords.visitShop is PASSED]]></system-out>
         <system-err><![CDATA[]]></system-err>
      </testcase>
      <system-out><![CDATA[2018-07-16 18:11:35 - [TEST_SUITE][PASSED] - MMA Plus Merchandising: Test Cases/Shop/VisitShop]]></system-out>
      <system-err><![CDATA[]]></system-err>
   </testsuite>
</testsuites>
