<?xml version="1.0" encoding="UTF-8"?>
<testsuites name="MMA Plus Merchandising" time="280" tests="1" failures="0" errors="1">
   <testsuite name="MMA Plus Merchandising" tests="1" failures="0" errors="1" time="280" timestamp="2018-07-23 18:21:43" hostname="Fahad Shah - DESKTOP-L12UUAD" id="Test Suites/MMA Plus Merchandising">
      <properties>
         <property name="deviceName" value="samsung SM-J110H (Android 4.4.4)"/>
         <property name="devicePlatform" value=""/>
         <property name="logFolder" value="F:\\Git Projects\\MMAPlus_Merchandising\\MMAPlus_Merchandising\\Reports\\MMA Plus Merchandising\\20180723_182142"/>
         <property name="logFiles" value="F:\\Git Projects\\MMAPlus_Merchandising\\MMAPlus_Merchandising\\Reports\\MMA Plus Merchandising\\20180723_182142\\appium.log, F:\\Git Projects\\MMAPlus_Merchandising\\MMAPlus_Merchandising\\Reports\\MMA Plus Merchandising\\20180723_182142\\execution0.log"/>
         <property name="attachments" value="F:\\Git Projects\\MMAPlus_Merchandising\\MMAPlus_Merchandising\\Reports\\MMA Plus Merchandising\\20180723_182142\\1532352344063.png"/>
         <property name="hostName" value="Fahad Shah - DESKTOP-L12UUAD"/>
         <property name="os" value="Windows 10 64bit"/>
         <property name="katalonVersion" value="5.5.0.1"/>
         <property name="deviceOS" value="Android"/>
         <property name="appiumVersion" value="1.8.1"/>
         <property name="deviceModel" value="SM-J110H"/>
         <property name="hostAddress" value="192.168.3.191"/>
         <property name="deviceManufacturer" value="samsung"/>
         <property name="deviceId" value="11015a1136d0b24a"/>
         <property name="deviceName" value="samsung SM-J110H (Android 4.4.4)"/>
         <property name="deviceOSVersion" value="4.4.4"/>
      </properties>
      <testcase name="Test Cases/LaunchingApp/LaunchApp" classname="Test Cases/LaunchingApp/LaunchApp" status="PASSED">
         <system-out><![CDATA[2018-07-23 18:21:44 - [TEST_CASE][PASSED] - Test Cases/LaunchingApp/LaunchApp: Test Cases/LaunchingApp/LaunchApp

2018-07-23 18:21:44 - [TEST_STEP][PASSED] - startApplication: Started app at: 'F:\QA_Automation\Builds\MMAPlus_Sup_v147_0304_live.apk'

2018-07-23 18:22:00 - [MESSAGE][PASSED] - Started app at: 'F:\QA_Automation\Builds\MMAPlus_Sup_v147_0304_live.apk'

2018-07-23 18:22:00 - [TEST_STEP][PASSED] - delay: Delayed 5 second(s)

2018-07-23 18:22:05 - [MESSAGE][PASSED] - Delayed 5 second(s)]]></system-out>
         <system-err><![CDATA[]]></system-err>
      </testcase>
      <testcase name="Test Cases/Shop/VisitShop" classname="Test Cases/Shop/VisitShop" status="ERROR">
         <error type="ERROR" message="Test Cases/Shop/VisitShop FAILED because (of) displayed products in CHILLER NOT ALLOCATED WITH  FACING are less than to expected products..."/>
         <system-out><![CDATA[2018-07-23 18:22:05 - [TEST_CASE][ERROR] - Test Cases/Shop/VisitShop: Test Cases/Shop/VisitShop FAILED because (of) displayed products in CHILLER NOT ALLOCATED WITH  FACING are less than to expected products...

2018-07-23 18:22:06 - [TEST_STEP][PASSED] - verifyElementText: Actual text and expected text of test object 'Object Repository/DashboardScreenElements/Validate_DashboardScreen' are matched.

2018-07-23 18:22:06 - [MESSAGE][PASSED] - Actual text and expected text of test object 'Object Repository/DashboardScreenElements/Validate_DashboardScreen' are matched.

2018-07-23 18:22:06 - [TEST_STEP][PASSED] - com.ct.qa.keywords.CommonKeywords.selectday: com.ct.qa.keywords.CommonKeywords.selectday is PASSED

2018-07-23 18:22:08 - [MESSAGE][PASSED] - com.ct.qa.keywords.CommonKeywords.selectday is PASSED

2018-07-23 18:22:08 - [TEST_STEP][PASSED] - tap: Tapped on element 'Object Repository/DashboardScreenElements/StartYourDay'

2018-07-23 18:22:08 - [MESSAGE][WARNING] - Timeout '0' is invalid. Using default page load timeout: '15'

2018-07-23 18:22:09 - [MESSAGE][PASSED] - Tapped on element 'Object Repository/DashboardScreenElements/StartYourDay'

2018-07-23 18:22:09 - [TEST_STEP][PASSED] - verifyElementText: Actual text and expected text of test object 'Object Repository/Validate_ShopListScreen' are matched.

2018-07-23 18:22:11 - [MESSAGE][PASSED] - Actual text and expected text of test object 'Object Repository/Validate_ShopListScreen' are matched.

2018-07-23 18:22:11 - [TEST_STEP][ERROR] - com.ct.qa.keywords.VisitingScenariosKeywords.visitShop: displayed products in CHILLER NOT ALLOCATED WITH  FACING are less than to expected products...

2018-07-23 18:22:14 - [MESSAGE][PASSED] - Actual text and expected text of test object 'Object Repository/Validate_ShopOptionsScreen' are matched.

2018-07-23 18:22:14 - [MESSAGE][WARNING] - Timeout '0' is invalid. Using default page load timeout: '15'

2018-07-23 18:22:14 - [MESSAGE][PASSED] - Tapped on element 'Object Repository/StartWorking'

2018-07-23 18:22:29 - [MESSAGE][PASSED] - Delayed 15 second(s)

2018-07-23 18:22:31 - [MESSAGE][PASSED] - Element 'Object Repository/CommonScreenElements/Validate_MapScreen' is exist

2018-07-23 18:22:31 - [MESSAGE][WARNING] - Timeout '0' is invalid. Using default page load timeout: '15'

2018-07-23 18:22:31 - [MESSAGE][PASSED] - Tapped on element 'Object Repository/CommonScreenElements/Location_CheckIn'

2018-07-23 18:22:31 - [MESSAGE][WARNING] - Timeout '0' is invalid. Using default page load timeout: '15'

2018-07-23 18:22:32 - [MESSAGE][PASSED] - Element 'Object Repository/CommonScreenElements/Validate_InfoPopUP' is exist

2018-07-23 18:22:32 - [MESSAGE][WARNING] - Timeout '0' is invalid. Using default page load timeout: '15'

2018-07-23 18:22:33 - [MESSAGE][PASSED] - Tapped on element 'Object Repository/CommonScreenElements/InfoPopUp_NoButton'

2018-07-23 18:22:33 - [TEST_CASE][PASSED] - Test Cases/ShopOpen/VisitShopOpen: Test Cases/ShopOpen/VisitShopOpen

2018-07-23 18:22:33 - [TEST_STEP][PASSED] - verifyElementExist: Element 'Object Repository/ShopActions_List' is exist

2018-07-23 18:22:33 - [MESSAGE][WARNING] - Timeout '0' is invalid. Using default page load timeout: '15'

2018-07-23 18:22:34 - [MESSAGE][PASSED] - Element 'Object Repository/ShopActions_List' is exist

2018-07-23 18:22:34 - [TEST_STEP][PASSED] - tap: Tapped on element 'Object Repository/ShopOpen/ShopOpen'

2018-07-23 18:22:34 - [MESSAGE][WARNING] - Timeout '0' is invalid. Using default page load timeout: '15'

2018-07-23 18:22:36 - [MESSAGE][PASSED] - Tapped on element 'Object Repository/ShopOpen/ShopOpen'

2018-07-23 18:22:36 - [TEST_STEP][PASSED] - verifyElementExist: Element 'Object Repository/CommonScreenElements/Validate_CameraScreen' is exist

2018-07-23 18:22:36 - [MESSAGE][WARNING] - Timeout '0' is invalid. Using default page load timeout: '15'

2018-07-23 18:22:37 - [MESSAGE][PASSED] - Element 'Object Repository/CommonScreenElements/Validate_CameraScreen' is exist

2018-07-23 18:22:37 - [TEST_STEP][PASSED] - tap: Tapped on element 'Object Repository/CommonScreenElements/TakePictureButton'

2018-07-23 18:22:37 - [MESSAGE][WARNING] - Timeout '0' is invalid. Using default page load timeout: '15'

2018-07-23 18:22:40 - [MESSAGE][PASSED] - Tapped on element 'Object Repository/CommonScreenElements/TakePictureButton'

2018-07-23 18:22:40 - [TEST_STEP][PASSED] - delay: Delayed 5 second(s)

2018-07-23 18:22:45 - [MESSAGE][PASSED] - Delayed 5 second(s)

2018-07-23 18:22:45 - [TEST_STEP][PASSED] - tap: Tapped on element 'Object Repository/CommonScreenElements/DoneButton'

2018-07-23 18:22:45 - [MESSAGE][WARNING] - Timeout '0' is invalid. Using default page load timeout: '15'

2018-07-23 18:22:46 - [MESSAGE][PASSED] - Tapped on element 'Object Repository/CommonScreenElements/DoneButton'

2018-07-23 18:22:46 - [MESSAGE][PASSED] - Call Test Case 'Test Cases/ShopOpen/VisitShopOpen' successfully

2018-07-23 18:22:46 - [TEST_CASE][ERROR] - Test Cases/ShopOpen/VisitShopCategories: Test Cases/ShopOpen/VisitShopCategories FAILED because (of) displayed products in CHILLER NOT ALLOCATED WITH  FACING are less than to expected products...

2018-07-23 18:22:46 - [TEST_STEP][PASSED] - verifyElementExist: Element 'Object Repository/ShopOpen/Validate_ShopCategoriesListScreen' is exist

2018-07-23 18:22:46 - [MESSAGE][WARNING] - Timeout '0' is invalid. Using default page load timeout: '15'

2018-07-23 18:22:47 - [MESSAGE][PASSED] - Element 'Object Repository/ShopOpen/Validate_ShopCategoriesListScreen' is exist

2018-07-23 18:22:47 - [TEST_STEP][ERROR] - com.ct.qa.keywords.VisitingScenariosKeywords.visitShopCategories: displayed products in CHILLER NOT ALLOCATED WITH  FACING are less than to expected products...

2018-07-23 18:22:50 - [TEST_CASE][PASSED] - Test Cases/ShopOpen/Chiller/VisitChillerWithChillerNotAllocated: Test Cases/ShopOpen/Chiller/VisitChillerWithChillerNotAllocated

2018-07-23 18:22:50 - [TEST_STEP][PASSED] - verifyElementText: Actual text and expected text of test object 'Object Repository/ShopOpen/Chiller/Validate_ChillerScreen' are matched.

2018-07-23 18:22:52 - [MESSAGE][PASSED] - Actual text and expected text of test object 'Object Repository/ShopOpen/Chiller/Validate_ChillerScreen' are matched.

2018-07-23 18:22:52 - [TEST_STEP][PASSED] - tap: Tapped on element 'Object Repository/ShopOpen/Chiller/ChillerNotAllocated'

2018-07-23 18:22:52 - [MESSAGE][WARNING] - Timeout '0' is invalid. Using default page load timeout: '15'

2018-07-23 18:22:52 - [MESSAGE][PASSED] - Tapped on element 'Object Repository/ShopOpen/Chiller/ChillerNotAllocated'

2018-07-23 18:22:52 - [TEST_STEP][PASSED] - verifyElementText: Actual text and expected text of test object 'Object Repository/ShopOpen/Chiller/Validate_ChillerNotAllocatedProductCategoryScreen' are matched.

2018-07-23 18:22:55 - [MESSAGE][PASSED] - Actual text and expected text of test object 'Object Repository/ShopOpen/Chiller/Validate_ChillerNotAllocatedProductCategoryScreen' are matched.

2018-07-23 18:22:55 - [TEST_STEP][PASSED] - com.ct.qa.keywords.ChannelKeywords.visitChillerNotAllocatedProductCategories: com.ct.qa.keywords.ChannelKeywords.visitChillerNotAllocatedProductCategories is PASSED

2018-07-23 18:23:00 - [TEST_CASE][PASSED] - Test Cases/ShopOpen/Chiller/VisitProductCategoryAssets: Test Cases/ShopOpen/Chiller/VisitProductCategoryAssets

2018-07-23 18:23:00 - [TEST_STEP][PASSED] - verifyElementText: Actual text and expected text of test object 'Object Repository/ShopOpen/Chiller/Validate_ProductCategoryAssetsScreen' are matched.

2018-07-23 18:23:01 - [MESSAGE][PASSED] - Actual text and expected text of test object 'Object Repository/ShopOpen/Chiller/Validate_ProductCategoryAssetsScreen' are matched.

2018-07-23 18:23:01 - [TEST_STEP][PASSED] - tap: Tapped on element 'Object Repository/ShopOpen/Chiller/Facing'

2018-07-23 18:23:01 - [MESSAGE][WARNING] - Timeout '0' is invalid. Using default page load timeout: '15'

2018-07-23 18:23:02 - [MESSAGE][PASSED] - Tapped on element 'Object Repository/ShopOpen/Chiller/Facing'

2018-07-23 18:23:02 - [TEST_STEP][PASSED] - verifyElementText: Actual text and expected text of test object 'Object Repository/ShopOpen/Chiller/Validate_FacingScreen' are matched.

2018-07-23 18:23:03 - [MESSAGE][PASSED] - Actual text and expected text of test object 'Object Repository/ShopOpen/Chiller/Validate_FacingScreen' are matched.

2018-07-23 18:23:03 - [TEST_STEP][PASSED] - com.ct.qa.keywords.ChannelKeywords.visitChannelWiseProductsData: com.ct.qa.keywords.ChannelKeywords.visitChannelWiseProductsData is PASSED

2018-07-23 18:23:07 - [MESSAGE][PASSED] - Keyboard is hidden

2018-07-23 18:23:10 - [MESSAGE][PASSED] - Keyboard is hidden

2018-07-23 18:23:13 - [MESSAGE][PASSED] - Keyboard is hidden

2018-07-23 18:23:16 - [MESSAGE][PASSED] - Keyboard is hidden

2018-07-23 18:23:19 - [MESSAGE][PASSED] - Keyboard is hidden

2018-07-23 18:23:21 - [MESSAGE][PASSED] - com.ct.qa.keywords.ChannelKeywords.visitChannelWiseProductsData is PASSED

2018-07-23 18:23:21 - [TEST_STEP][PASSED] - tap: Tapped on element 'Object Repository/ShopOpen/Chiller/SubmitButton'

2018-07-23 18:23:21 - [MESSAGE][WARNING] - Timeout '0' is invalid. Using default page load timeout: '15'

2018-07-23 18:23:21 - [MESSAGE][PASSED] - Tapped on element 'Object Repository/ShopOpen/Chiller/SubmitButton'

2018-07-23 18:23:21 - [TEST_STEP][PASSED] - verifyElementText: Actual text and expected text of test object 'Object Repository/ShopOpen/Chiller/Validate_ProductCategoryAssetsScreen' are matched.

2018-07-23 18:23:22 - [MESSAGE][PASSED] - Actual text and expected text of test object 'Object Repository/ShopOpen/Chiller/Validate_ProductCategoryAssetsScreen' are matched.

2018-07-23 18:23:22 - [TEST_STEP][PASSED] - tap: Tapped on element 'Object Repository/ShopOpen/Chiller/StockTaking'

2018-07-23 18:23:22 - [MESSAGE][WARNING] - Timeout '0' is invalid. Using default page load timeout: '15'

2018-07-23 18:23:22 - [MESSAGE][PASSED] - Tapped on element 'Object Repository/ShopOpen/Chiller/StockTaking'

2018-07-23 18:23:22 - [TEST_STEP][PASSED] - verifyElementText: Actual text and expected text of test object 'Object Repository/ShopOpen/Chiller/Validate_StockTakingScreen' are matched.

2018-07-23 18:23:24 - [MESSAGE][PASSED] - Actual text and expected text of test object 'Object Repository/ShopOpen/Chiller/Validate_StockTakingScreen' are matched.

2018-07-23 18:23:24 - [TEST_STEP][PASSED] - com.ct.qa.keywords.ChannelKeywords.visitChannelWiseProductsData: com.ct.qa.keywords.ChannelKeywords.visitChannelWiseProductsData is PASSED

2018-07-23 18:23:28 - [MESSAGE][PASSED] - Keyboard is hidden

2018-07-23 18:23:31 - [MESSAGE][PASSED] - Keyboard is hidden

2018-07-23 18:23:34 - [MESSAGE][PASSED] - Keyboard is hidden

2018-07-23 18:23:37 - [MESSAGE][PASSED] - Keyboard is hidden

2018-07-23 18:23:40 - [MESSAGE][PASSED] - Keyboard is hidden

2018-07-23 18:23:42 - [MESSAGE][PASSED] - com.ct.qa.keywords.ChannelKeywords.visitChannelWiseProductsData is PASSED

2018-07-23 18:23:42 - [TEST_STEP][PASSED] - tap: Tapped on element 'Object Repository/ShopOpen/Chiller/SubmitButton'

2018-07-23 18:23:42 - [MESSAGE][WARNING] - Timeout '0' is invalid. Using default page load timeout: '15'

2018-07-23 18:23:42 - [MESSAGE][PASSED] - Tapped on element 'Object Repository/ShopOpen/Chiller/SubmitButton'

2018-07-23 18:23:42 - [TEST_STEP][PASSED] - verifyElementText: Actual text and expected text of test object 'Object Repository/ShopOpen/Chiller/Validate_ProductCategoryAssetsScreen' are matched.

2018-07-23 18:23:43 - [MESSAGE][PASSED] - Actual text and expected text of test object 'Object Repository/ShopOpen/Chiller/Validate_ProductCategoryAssetsScreen' are matched.

2018-07-23 18:23:43 - [TEST_STEP][PASSED] - tap: Tapped on element 'Object Repository/ShopOpen/Chiller/ChillerNotAllocatedProductCategory_BackButton'

2018-07-23 18:23:43 - [MESSAGE][WARNING] - Timeout '0' is invalid. Using default page load timeout: '15'

2018-07-23 18:23:44 - [MESSAGE][PASSED] - Tapped on element 'Object Repository/ShopOpen/Chiller/ChillerNotAllocatedProductCategory_BackButton'

2018-07-23 18:23:44 - [MESSAGE][PASSED] - Call Test Case 'Test Cases/ShopOpen/Chiller/VisitProductCategoryAssets' successfully

2018-07-23 18:23:46 - [TEST_CASE][PASSED] - Test Cases/ShopOpen/Chiller/VisitProductCategoryAssets: Test Cases/ShopOpen/Chiller/VisitProductCategoryAssets

2018-07-23 18:23:46 - [TEST_STEP][PASSED] - verifyElementText: Actual text and expected text of test object 'Object Repository/ShopOpen/Chiller/Validate_ProductCategoryAssetsScreen' are matched.

2018-07-23 18:23:47 - [MESSAGE][PASSED] - Actual text and expected text of test object 'Object Repository/ShopOpen/Chiller/Validate_ProductCategoryAssetsScreen' are matched.

2018-07-23 18:23:47 - [TEST_STEP][PASSED] - tap: Tapped on element 'Object Repository/ShopOpen/Chiller/Facing'

2018-07-23 18:23:47 - [MESSAGE][WARNING] - Timeout '0' is invalid. Using default page load timeout: '15'

2018-07-23 18:23:48 - [MESSAGE][PASSED] - Tapped on element 'Object Repository/ShopOpen/Chiller/Facing'

2018-07-23 18:23:48 - [TEST_STEP][PASSED] - verifyElementText: Actual text and expected text of test object 'Object Repository/ShopOpen/Chiller/Validate_FacingScreen' are matched.

2018-07-23 18:23:49 - [MESSAGE][PASSED] - Actual text and expected text of test object 'Object Repository/ShopOpen/Chiller/Validate_FacingScreen' are matched.

2018-07-23 18:23:49 - [TEST_STEP][PASSED] - com.ct.qa.keywords.ChannelKeywords.visitChannelWiseProductsData: com.ct.qa.keywords.ChannelKeywords.visitChannelWiseProductsData is PASSED

2018-07-23 18:23:53 - [MESSAGE][PASSED] - Keyboard is hidden

2018-07-23 18:23:56 - [MESSAGE][PASSED] - Keyboard is hidden

2018-07-23 18:23:59 - [MESSAGE][PASSED] - Keyboard is hidden

2018-07-23 18:24:02 - [MESSAGE][PASSED] - Keyboard is hidden

2018-07-23 18:24:05 - [MESSAGE][PASSED] - Keyboard is hidden

2018-07-23 18:24:08 - [MESSAGE][PASSED] - Keyboard is hidden

2018-07-23 18:24:11 - [MESSAGE][PASSED] - Swiped from 0,359 to 0,250

2018-07-23 18:24:11 - [MESSAGE][PASSED] - com.ct.qa.keywords.ChannelKeywords.visitChannelWiseProductsData is PASSED

2018-07-23 18:24:11 - [TEST_STEP][PASSED] - tap: Tapped on element 'Object Repository/ShopOpen/Chiller/SubmitButton'

2018-07-23 18:24:11 - [MESSAGE][WARNING] - Timeout '0' is invalid. Using default page load timeout: '15'

2018-07-23 18:24:12 - [MESSAGE][PASSED] - Tapped on element 'Object Repository/ShopOpen/Chiller/SubmitButton'

2018-07-23 18:24:12 - [TEST_STEP][PASSED] - verifyElementText: Actual text and expected text of test object 'Object Repository/ShopOpen/Chiller/Validate_ProductCategoryAssetsScreen' are matched.

2018-07-23 18:24:13 - [MESSAGE][PASSED] - Actual text and expected text of test object 'Object Repository/ShopOpen/Chiller/Validate_ProductCategoryAssetsScreen' are matched.

2018-07-23 18:24:13 - [TEST_STEP][PASSED] - tap: Tapped on element 'Object Repository/ShopOpen/Chiller/StockTaking'

2018-07-23 18:24:13 - [MESSAGE][WARNING] - Timeout '0' is invalid. Using default page load timeout: '15'

2018-07-23 18:24:13 - [MESSAGE][PASSED] - Tapped on element 'Object Repository/ShopOpen/Chiller/StockTaking'

2018-07-23 18:24:13 - [TEST_STEP][PASSED] - verifyElementText: Actual text and expected text of test object 'Object Repository/ShopOpen/Chiller/Validate_StockTakingScreen' are matched.

2018-07-23 18:24:15 - [MESSAGE][PASSED] - Actual text and expected text of test object 'Object Repository/ShopOpen/Chiller/Validate_StockTakingScreen' are matched.

2018-07-23 18:24:15 - [TEST_STEP][PASSED] - com.ct.qa.keywords.ChannelKeywords.visitChannelWiseProductsData: com.ct.qa.keywords.ChannelKeywords.visitChannelWiseProductsData is PASSED

2018-07-23 18:24:20 - [MESSAGE][PASSED] - Keyboard is hidden

2018-07-23 18:24:23 - [MESSAGE][PASSED] - Keyboard is hidden

2018-07-23 18:24:26 - [MESSAGE][PASSED] - Keyboard is hidden

2018-07-23 18:24:29 - [MESSAGE][PASSED] - Keyboard is hidden

2018-07-23 18:24:32 - [MESSAGE][PASSED] - Keyboard is hidden

2018-07-23 18:24:35 - [MESSAGE][PASSED] - Keyboard is hidden

2018-07-23 18:24:39 - [MESSAGE][PASSED] - Swiped from 0,359 to 0,250

2018-07-23 18:24:39 - [MESSAGE][PASSED] - com.ct.qa.keywords.ChannelKeywords.visitChannelWiseProductsData is PASSED

2018-07-23 18:24:39 - [TEST_STEP][PASSED] - tap: Tapped on element 'Object Repository/ShopOpen/Chiller/SubmitButton'

2018-07-23 18:24:39 - [MESSAGE][WARNING] - Timeout '0' is invalid. Using default page load timeout: '15'

2018-07-23 18:24:40 - [MESSAGE][PASSED] - Tapped on element 'Object Repository/ShopOpen/Chiller/SubmitButton'

2018-07-23 18:24:40 - [TEST_STEP][PASSED] - verifyElementText: Actual text and expected text of test object 'Object Repository/ShopOpen/Chiller/Validate_ProductCategoryAssetsScreen' are matched.

2018-07-23 18:24:41 - [MESSAGE][PASSED] - Actual text and expected text of test object 'Object Repository/ShopOpen/Chiller/Validate_ProductCategoryAssetsScreen' are matched.

2018-07-23 18:24:41 - [TEST_STEP][PASSED] - tap: Tapped on element 'Object Repository/ShopOpen/Chiller/ChillerNotAllocatedProductCategory_BackButton'

2018-07-23 18:24:41 - [MESSAGE][WARNING] - Timeout '0' is invalid. Using default page load timeout: '15'

2018-07-23 18:24:42 - [MESSAGE][PASSED] - Tapped on element 'Object Repository/ShopOpen/Chiller/ChillerNotAllocatedProductCategory_BackButton'

2018-07-23 18:24:42 - [MESSAGE][PASSED] - Call Test Case 'Test Cases/ShopOpen/Chiller/VisitProductCategoryAssets' successfully

2018-07-23 18:24:43 - [TEST_CASE][PASSED] - Test Cases/ShopOpen/Chiller/VisitProductCategoryAssets: Test Cases/ShopOpen/Chiller/VisitProductCategoryAssets

2018-07-23 18:24:43 - [TEST_STEP][PASSED] - verifyElementText: Actual text and expected text of test object 'Object Repository/ShopOpen/Chiller/Validate_ProductCategoryAssetsScreen' are matched.

2018-07-23 18:24:45 - [MESSAGE][PASSED] - Actual text and expected text of test object 'Object Repository/ShopOpen/Chiller/Validate_ProductCategoryAssetsScreen' are matched.

2018-07-23 18:24:45 - [TEST_STEP][PASSED] - tap: Tapped on element 'Object Repository/ShopOpen/Chiller/Facing'

2018-07-23 18:24:45 - [MESSAGE][WARNING] - Timeout '0' is invalid. Using default page load timeout: '15'

2018-07-23 18:24:45 - [MESSAGE][PASSED] - Tapped on element 'Object Repository/ShopOpen/Chiller/Facing'

2018-07-23 18:24:45 - [TEST_STEP][PASSED] - verifyElementText: Actual text and expected text of test object 'Object Repository/ShopOpen/Chiller/Validate_FacingScreen' are matched.

2018-07-23 18:24:47 - [MESSAGE][PASSED] - Actual text and expected text of test object 'Object Repository/ShopOpen/Chiller/Validate_FacingScreen' are matched.

2018-07-23 18:24:47 - [TEST_STEP][PASSED] - com.ct.qa.keywords.ChannelKeywords.visitChannelWiseProductsData: com.ct.qa.keywords.ChannelKeywords.visitChannelWiseProductsData is PASSED

2018-07-23 18:24:50 - [MESSAGE][PASSED] - Keyboard is hidden

2018-07-23 18:24:51 - [MESSAGE][PASSED] - com.ct.qa.keywords.ChannelKeywords.visitChannelWiseProductsData is PASSED

2018-07-23 18:24:51 - [TEST_STEP][PASSED] - tap: Tapped on element 'Object Repository/ShopOpen/Chiller/SubmitButton'

2018-07-23 18:24:51 - [MESSAGE][WARNING] - Timeout '0' is invalid. Using default page load timeout: '15'

2018-07-23 18:24:52 - [MESSAGE][PASSED] - Tapped on element 'Object Repository/ShopOpen/Chiller/SubmitButton'

2018-07-23 18:24:52 - [TEST_STEP][PASSED] - verifyElementText: Actual text and expected text of test object 'Object Repository/ShopOpen/Chiller/Validate_ProductCategoryAssetsScreen' are matched.

2018-07-23 18:24:52 - [MESSAGE][PASSED] - Actual text and expected text of test object 'Object Repository/ShopOpen/Chiller/Validate_ProductCategoryAssetsScreen' are matched.

2018-07-23 18:24:52 - [TEST_STEP][PASSED] - tap: Tapped on element 'Object Repository/ShopOpen/Chiller/StockTaking'

2018-07-23 18:24:52 - [MESSAGE][WARNING] - Timeout '0' is invalid. Using default page load timeout: '15'

2018-07-23 18:24:54 - [MESSAGE][PASSED] - Tapped on element 'Object Repository/ShopOpen/Chiller/StockTaking'

2018-07-23 18:24:54 - [TEST_STEP][PASSED] - verifyElementText: Actual text and expected text of test object 'Object Repository/ShopOpen/Chiller/Validate_StockTakingScreen' are matched.

2018-07-23 18:24:55 - [MESSAGE][PASSED] - Actual text and expected text of test object 'Object Repository/ShopOpen/Chiller/Validate_StockTakingScreen' are matched.

2018-07-23 18:24:55 - [TEST_STEP][PASSED] - com.ct.qa.keywords.ChannelKeywords.visitChannelWiseProductsData: com.ct.qa.keywords.ChannelKeywords.visitChannelWiseProductsData is PASSED

2018-07-23 18:24:58 - [MESSAGE][PASSED] - Keyboard is hidden

2018-07-23 18:24:59 - [MESSAGE][PASSED] - com.ct.qa.keywords.ChannelKeywords.visitChannelWiseProductsData is PASSED

2018-07-23 18:24:59 - [TEST_STEP][PASSED] - tap: Tapped on element 'Object Repository/ShopOpen/Chiller/SubmitButton'

2018-07-23 18:24:59 - [MESSAGE][WARNING] - Timeout '0' is invalid. Using default page load timeout: '15'

2018-07-23 18:24:59 - [MESSAGE][PASSED] - Tapped on element 'Object Repository/ShopOpen/Chiller/SubmitButton'

2018-07-23 18:24:59 - [TEST_STEP][PASSED] - verifyElementText: Actual text and expected text of test object 'Object Repository/ShopOpen/Chiller/Validate_ProductCategoryAssetsScreen' are matched.

2018-07-23 18:25:00 - [MESSAGE][PASSED] - Actual text and expected text of test object 'Object Repository/ShopOpen/Chiller/Validate_ProductCategoryAssetsScreen' are matched.

2018-07-23 18:25:00 - [TEST_STEP][PASSED] - tap: Tapped on element 'Object Repository/ShopOpen/Chiller/ChillerNotAllocatedProductCategory_BackButton'

2018-07-23 18:25:00 - [MESSAGE][WARNING] - Timeout '0' is invalid. Using default page load timeout: '15'

2018-07-23 18:25:01 - [MESSAGE][PASSED] - Tapped on element 'Object Repository/ShopOpen/Chiller/ChillerNotAllocatedProductCategory_BackButton'

2018-07-23 18:25:01 - [MESSAGE][PASSED] - Call Test Case 'Test Cases/ShopOpen/Chiller/VisitProductCategoryAssets' successfully

2018-07-23 18:25:02 - [TEST_CASE][PASSED] - Test Cases/ShopOpen/Chiller/VisitProductCategoryAssets: Test Cases/ShopOpen/Chiller/VisitProductCategoryAssets

2018-07-23 18:25:03 - [TEST_STEP][PASSED] - verifyElementText: Actual text and expected text of test object 'Object Repository/ShopOpen/Chiller/Validate_ProductCategoryAssetsScreen' are matched.

2018-07-23 18:25:04 - [MESSAGE][PASSED] - Actual text and expected text of test object 'Object Repository/ShopOpen/Chiller/Validate_ProductCategoryAssetsScreen' are matched.

2018-07-23 18:25:04 - [TEST_STEP][PASSED] - tap: Tapped on element 'Object Repository/ShopOpen/Chiller/Facing'

2018-07-23 18:25:04 - [MESSAGE][WARNING] - Timeout '0' is invalid. Using default page load timeout: '15'

2018-07-23 18:25:04 - [MESSAGE][PASSED] - Tapped on element 'Object Repository/ShopOpen/Chiller/Facing'

2018-07-23 18:25:04 - [TEST_STEP][PASSED] - verifyElementText: Actual text and expected text of test object 'Object Repository/ShopOpen/Chiller/Validate_FacingScreen' are matched.

2018-07-23 18:25:06 - [MESSAGE][PASSED] - Actual text and expected text of test object 'Object Repository/ShopOpen/Chiller/Validate_FacingScreen' are matched.

2018-07-23 18:25:06 - [TEST_STEP][PASSED] - com.ct.qa.keywords.ChannelKeywords.visitChannelWiseProductsData: com.ct.qa.keywords.ChannelKeywords.visitChannelWiseProductsData is PASSED

2018-07-23 18:25:09 - [MESSAGE][PASSED] - Keyboard is hidden

2018-07-23 18:25:12 - [MESSAGE][PASSED] - Keyboard is hidden

2018-07-23 18:25:13 - [MESSAGE][PASSED] - com.ct.qa.keywords.ChannelKeywords.visitChannelWiseProductsData is PASSED

2018-07-23 18:25:13 - [TEST_STEP][PASSED] - tap: Tapped on element 'Object Repository/ShopOpen/Chiller/SubmitButton'

2018-07-23 18:25:13 - [MESSAGE][WARNING] - Timeout '0' is invalid. Using default page load timeout: '15'

2018-07-23 18:25:14 - [MESSAGE][PASSED] - Tapped on element 'Object Repository/ShopOpen/Chiller/SubmitButton'

2018-07-23 18:25:14 - [TEST_STEP][PASSED] - verifyElementText: Actual text and expected text of test object 'Object Repository/ShopOpen/Chiller/Validate_ProductCategoryAssetsScreen' are matched.

2018-07-23 18:25:15 - [MESSAGE][PASSED] - Actual text and expected text of test object 'Object Repository/ShopOpen/Chiller/Validate_ProductCategoryAssetsScreen' are matched.

2018-07-23 18:25:15 - [TEST_STEP][PASSED] - tap: Tapped on element 'Object Repository/ShopOpen/Chiller/StockTaking'

2018-07-23 18:25:15 - [MESSAGE][WARNING] - Timeout '0' is invalid. Using default page load timeout: '15'

2018-07-23 18:25:15 - [MESSAGE][PASSED] - Tapped on element 'Object Repository/ShopOpen/Chiller/StockTaking'

2018-07-23 18:25:15 - [TEST_STEP][PASSED] - verifyElementText: Actual text and expected text of test object 'Object Repository/ShopOpen/Chiller/Validate_StockTakingScreen' are matched.

2018-07-23 18:25:17 - [MESSAGE][PASSED] - Actual text and expected text of test object 'Object Repository/ShopOpen/Chiller/Validate_StockTakingScreen' are matched.

2018-07-23 18:25:17 - [TEST_STEP][PASSED] - com.ct.qa.keywords.ChannelKeywords.visitChannelWiseProductsData: com.ct.qa.keywords.ChannelKeywords.visitChannelWiseProductsData is PASSED

2018-07-23 18:25:20 - [MESSAGE][PASSED] - Keyboard is hidden

2018-07-23 18:25:23 - [MESSAGE][PASSED] - Keyboard is hidden

2018-07-23 18:25:24 - [MESSAGE][PASSED] - com.ct.qa.keywords.ChannelKeywords.visitChannelWiseProductsData is PASSED

2018-07-23 18:25:24 - [TEST_STEP][PASSED] - tap: Tapped on element 'Object Repository/ShopOpen/Chiller/SubmitButton'

2018-07-23 18:25:24 - [MESSAGE][WARNING] - Timeout '0' is invalid. Using default page load timeout: '15'

2018-07-23 18:25:25 - [MESSAGE][PASSED] - Tapped on element 'Object Repository/ShopOpen/Chiller/SubmitButton'

2018-07-23 18:25:25 - [TEST_STEP][PASSED] - verifyElementText: Actual text and expected text of test object 'Object Repository/ShopOpen/Chiller/Validate_ProductCategoryAssetsScreen' are matched.

2018-07-23 18:25:26 - [MESSAGE][PASSED] - Actual text and expected text of test object 'Object Repository/ShopOpen/Chiller/Validate_ProductCategoryAssetsScreen' are matched.

2018-07-23 18:25:26 - [TEST_STEP][PASSED] - tap: Tapped on element 'Object Repository/ShopOpen/Chiller/ChillerNotAllocatedProductCategory_BackButton'

2018-07-23 18:25:26 - [MESSAGE][WARNING] - Timeout '0' is invalid. Using default page load timeout: '15'

2018-07-23 18:25:26 - [MESSAGE][PASSED] - Tapped on element 'Object Repository/ShopOpen/Chiller/ChillerNotAllocatedProductCategory_BackButton'

2018-07-23 18:25:26 - [MESSAGE][PASSED] - Call Test Case 'Test Cases/ShopOpen/Chiller/VisitProductCategoryAssets' successfully

2018-07-23 18:25:26 - [MESSAGE][PASSED] - com.ct.qa.keywords.ChannelKeywords.visitChillerNotAllocatedProductCategories is PASSED

2018-07-23 18:25:26 - [TEST_STEP][PASSED] - verifyElementText: Actual text and expected text of test object 'Object Repository/ShopOpen/Chiller/Validate_ChillerNotAllocatedProductCategoryScreen' are matched.

2018-07-23 18:25:28 - [MESSAGE][PASSED] - Actual text and expected text of test object 'Object Repository/ShopOpen/Chiller/Validate_ChillerNotAllocatedProductCategoryScreen' are matched.

2018-07-23 18:25:28 - [TEST_STEP][PASSED] - tap: Tapped on element 'Object Repository/ShopOpen/Chiller/Planogram_ImageView'

2018-07-23 18:25:28 - [MESSAGE][WARNING] - Timeout '0' is invalid. Using default page load timeout: '15'

2018-07-23 18:25:29 - [MESSAGE][PASSED] - Tapped on element 'Object Repository/ShopOpen/Chiller/Planogram_ImageView'

2018-07-23 18:25:29 - [TEST_STEP][PASSED] - com.ct.qa.keywords.CommonKeywords.checkPlanogramAvailability: com.ct.qa.keywords.CommonKeywords.checkPlanogramAvailability is PASSED

2018-07-23 18:25:29 - [MESSAGE][WARNING] - Timeout '0' is invalid. Using default page load timeout: '15'

2018-07-23 18:25:45 - [MESSAGE][WARNING] - Object Object Repository/CommonScreenElements/InfoPopUp_OKButton not found
[[ATTACHMENT|F:\\Git Projects\\MMAPlus_Merchandising\\MMAPlus_Merchandising\\Reports\\MMA Plus Merchandising\\20180723_182142\\1532352344063.png]]

2018-07-23 18:25:45 - [MESSAGE][PASSED] - com.ct.qa.keywords.CommonKeywords.checkPlanogramAvailability is PASSED

2018-07-23 18:25:45 - [TEST_STEP][PASSED] - com.ct.qa.keywords.CommonKeywords.closePlanogram: com.ct.qa.keywords.CommonKeywords.closePlanogram is PASSED

2018-07-23 18:25:45 - [MESSAGE][PASSED] - com.ct.qa.keywords.CommonKeywords.closePlanogram is PASSED

2018-07-23 18:25:45 - [TEST_STEP][PASSED] - verifyElementText: Actual text and expected text of test object 'Object Repository/ShopOpen/Chiller/Validate_ChillerNotAllocatedProductCategoryScreen' are matched.

2018-07-23 18:25:46 - [MESSAGE][PASSED] - Actual text and expected text of test object 'Object Repository/ShopOpen/Chiller/Validate_ChillerNotAllocatedProductCategoryScreen' are matched.

2018-07-23 18:25:46 - [TEST_STEP][PASSED] - com.ct.qa.keywords.CommonKeywords.findPictureImageView: com.ct.qa.keywords.CommonKeywords.findPictureImageView is PASSED

2018-07-23 18:25:46 - [MESSAGE][WARNING] - Timeout '0' is invalid. Using default page load timeout: '15'

2018-07-23 18:25:48 - [MESSAGE][PASSED] - Tapped on element 'Object Repository/CommonScreenElements/Picture_ImageView'

2018-07-23 18:25:48 - [MESSAGE][WARNING] - Timeout '0' is invalid. Using default page load timeout: '15'

2018-07-23 18:25:50 - [MESSAGE][PASSED] - Element 'Object Repository/CommonScreenElements/Validate_CameraScreen' is exist

2018-07-23 18:25:50 - [MESSAGE][WARNING] - Timeout '0' is invalid. Using default page load timeout: '15'

2018-07-23 18:25:53 - [MESSAGE][PASSED] - Tapped on element 'Object Repository/CommonScreenElements/TakePictureButton'

2018-07-23 18:25:58 - [MESSAGE][PASSED] - Delayed 5 second(s)

2018-07-23 18:25:58 - [MESSAGE][WARNING] - Timeout '0' is invalid. Using default page load timeout: '15'

2018-07-23 18:25:58 - [MESSAGE][PASSED] - Tapped on element 'Object Repository/CommonScreenElements/DoneButton'

2018-07-23 18:25:58 - [MESSAGE][PASSED] - com.ct.qa.keywords.CommonKeywords.findPictureImageView is PASSED

2018-07-23 18:25:58 - [TEST_STEP][PASSED] - verifyElementText: Actual text and expected text of test object 'Object Repository/ShopOpen/Chiller/Validate_ChillerNotAllocatedProductCategoryScreen' are matched.

2018-07-23 18:25:59 - [MESSAGE][PASSED] - Actual text and expected text of test object 'Object Repository/ShopOpen/Chiller/Validate_ChillerNotAllocatedProductCategoryScreen' are matched.

2018-07-23 18:25:59 - [TEST_STEP][PASSED] - tap: Tapped on element 'Object Repository/ShopOpen/Chiller/ChillerNotAllocatedProductCategory_BackButton'

2018-07-23 18:25:59 - [MESSAGE][WARNING] - Timeout '0' is invalid. Using default page load timeout: '15'

2018-07-23 18:26:01 - [MESSAGE][PASSED] - Tapped on element 'Object Repository/ShopOpen/Chiller/ChillerNotAllocatedProductCategory_BackButton'

2018-07-23 18:26:01 - [TEST_STEP][PASSED] - verifyElementExist: Element 'Object Repository/ShopOpen/Validate_ShopCategoriesListScreen' is exist

2018-07-23 18:26:01 - [MESSAGE][WARNING] - Timeout '0' is invalid. Using default page load timeout: '15'

2018-07-23 18:26:03 - [MESSAGE][PASSED] - Element 'Object Repository/ShopOpen/Validate_ShopCategoriesListScreen' is exist

2018-07-23 18:26:03 - [MESSAGE][PASSED] - Call Test Case 'Test Cases/ShopOpen/Chiller/VisitChillerWithChillerNotAllocated' successfully

2018-07-23 18:26:05 - [TEST_CASE][ERROR] - Test Cases/ShopOpen/Nestrade/VisitNestradeWithDSA: Test Cases/ShopOpen/Nestrade/VisitNestradeWithDSA FAILED because (of) displayed products in CHILLER NOT ALLOCATED WITH  FACING are less than to expected products...

2018-07-23 18:26:05 - [TEST_STEP][PASSED] - verifyElementText: Actual text and expected text of test object 'Object Repository/ShopOpen/RemainingCategories/Validate_RemainingCategoriesDetailScreen' are matched.

2018-07-23 18:26:06 - [MESSAGE][PASSED] - Actual text and expected text of test object 'Object Repository/ShopOpen/RemainingCategories/Validate_RemainingCategoriesDetailScreen' are matched.

2018-07-23 18:26:06 - [TEST_STEP][PASSED] - tap: Tapped on element 'Object Repository/ShopOpen/RemainingCategories/DisplaySpaceAvailable'

2018-07-23 18:26:06 - [MESSAGE][WARNING] - Timeout '0' is invalid. Using default page load timeout: '15'

2018-07-23 18:26:06 - [MESSAGE][PASSED] - Tapped on element 'Object Repository/ShopOpen/RemainingCategories/DisplaySpaceAvailable'

2018-07-23 18:26:06 - [TEST_STEP][PASSED] - verifyElementText: Actual text and expected text of test object 'Object Repository/ShopOpen/Nestrade/Validate_NestradePorductCategoryScreen' are matched.

2018-07-23 18:26:09 - [MESSAGE][PASSED] - Actual text and expected text of test object 'Object Repository/ShopOpen/Nestrade/Validate_NestradePorductCategoryScreen' are matched.

2018-07-23 18:26:09 - [TEST_STEP][ERROR] - com.ct.qa.keywords.ChannelKeywords.visitNestradeProductsCategories: displayed products in CHILLER NOT ALLOCATED WITH  FACING are less than to expected products...

2018-07-23 18:26:13 - [TEST_CASE][ERROR] - Test Cases/ShopOpen/Chiller/VisitProductCategoryAssets: Test Cases/ShopOpen/Chiller/VisitProductCategoryAssets FAILED because (of) displayed products in CHILLER NOT ALLOCATED WITH  FACING are less than to expected products...

2018-07-23 18:26:13 - [TEST_STEP][PASSED] - verifyElementText: Actual text and expected text of test object 'Object Repository/ShopOpen/Chiller/Validate_ProductCategoryAssetsScreen' are matched.

2018-07-23 18:26:15 - [MESSAGE][PASSED] - Actual text and expected text of test object 'Object Repository/ShopOpen/Chiller/Validate_ProductCategoryAssetsScreen' are matched.

2018-07-23 18:26:15 - [TEST_STEP][PASSED] - tap: Tapped on element 'Object Repository/ShopOpen/Chiller/Facing'

2018-07-23 18:26:15 - [MESSAGE][WARNING] - Timeout '0' is invalid. Using default page load timeout: '15'

2018-07-23 18:26:16 - [MESSAGE][PASSED] - Tapped on element 'Object Repository/ShopOpen/Chiller/Facing'

2018-07-23 18:26:16 - [TEST_STEP][PASSED] - verifyElementText: Actual text and expected text of test object 'Object Repository/ShopOpen/Chiller/Validate_FacingScreen' are matched.

2018-07-23 18:26:17 - [MESSAGE][PASSED] - Actual text and expected text of test object 'Object Repository/ShopOpen/Chiller/Validate_FacingScreen' are matched.

2018-07-23 18:26:17 - [TEST_STEP][ERROR] - com.ct.qa.keywords.ChannelKeywords.visitChannelWiseProductsData: displayed products in CHILLER NOT ALLOCATED WITH  FACING are less than to expected products...

2018-07-23 18:26:20 - [MESSAGE][PASSED] - Keyboard is hidden

2018-07-23 18:26:22 - [MESSAGE][PASSED] - Keyboard is hidden

2018-07-23 18:26:23 - [MESSAGE][ERROR] - displayed products in CHILLER NOT ALLOCATED WITH  FACING are less than to expected products...

2018-07-23 18:26:23 - [MESSAGE][FAILED] - Unable to call Test Case with id 'Test Cases/ShopOpen/Chiller/VisitProductCategoryAssets' (Root cause: Call Test Case 'Test Cases/ShopOpen/Chiller/VisitProductCategoryAssets' failed because of error(s))

2018-07-23 18:26:23 - [MESSAGE][ERROR] - displayed products in CHILLER NOT ALLOCATED WITH  FACING are less than to expected products...

2018-07-23 18:26:23 - [MESSAGE][FAILED] - Unable to call Test Case with id 'Test Cases/ShopOpen/Nestrade/VisitNestradeWithDSA' (Root cause: Call Test Case 'Test Cases/ShopOpen/Nestrade/VisitNestradeWithDSA' failed because of error(s))

2018-07-23 18:26:23 - [MESSAGE][ERROR] - displayed products in CHILLER NOT ALLOCATED WITH  FACING are less than to expected products...

2018-07-23 18:26:23 - [MESSAGE][FAILED] - Unable to call Test Case with id 'Test Cases/ShopOpen/VisitShopCategories' (Root cause: Call Test Case 'Test Cases/ShopOpen/VisitShopCategories' failed because of error(s))

2018-07-23 18:26:23 - [MESSAGE][ERROR] - displayed products in CHILLER NOT ALLOCATED WITH  FACING are less than to expected products...]]></system-out>
         <system-err><![CDATA[2018-07-23 18:22:05 - [TEST_CASE][ERROR] - Test Cases/Shop/VisitShop: Test Cases/Shop/VisitShop FAILED because (of) displayed products in CHILLER NOT ALLOCATED WITH  FACING are less than to expected products...]]></system-err>
      </testcase>
      <system-out><![CDATA[2018-07-23 18:21:43 - [TEST_SUITE][ERROR] - MMA Plus Merchandising: Test Cases/Shop/VisitShop FAILED because (of) displayed products in CHILLER NOT ALLOCATED WITH  FACING are less than to expected products...]]></system-out>
      <system-err><![CDATA[2018-07-23 18:21:43 - [TEST_SUITE][ERROR] - MMA Plus Merchandising: Test Cases/Shop/VisitShop FAILED because (of) displayed products in CHILLER NOT ALLOCATED WITH  FACING are less than to expected products...]]></system-err>
   </testsuite>
</testsuites>
