<?xml version="1.0" encoding="UTF-8"?>
<testsuites name="MMA Merchandising With Channel Wise Data Verification" time="2485" tests="3" failures="1" errors="0">
   <testsuite name="MMA Merchandising With Channel Wise Data Verification" tests="3" failures="1" errors="0" time="2485" timestamp="2018-12-03 16:43:41" hostname="Fahad Shah - DESKTOP-L12UUAD" id="Test Suites/MMA Merchandising With Channel Wise Data Verification">
      <properties>
         <property name="deviceName" value="samsung SM-J110H (Android 4.4.4)"/>
         <property name="devicePlatform" value=""/>
         <property name="logFolder" value="F:\\Git Projects\\MMA_Merchandising\\MMA_Merchandising\\Reports\\MMA Merchandising With Channel Wise Data Verification\\20181203_164339"/>
         <property name="logFiles" value="F:\\Git Projects\\MMA_Merchandising\\MMA_Merchandising\\Reports\\MMA Merchandising With Channel Wise Data Verification\\20181203_164339\\appium.log, F:\\Git Projects\\MMA_Merchandising\\MMA_Merchandising\\Reports\\MMA Merchandising With Channel Wise Data Verification\\20181203_164339\\execution0.log"/>
         <property name="attachments" value="F:\\Git Projects\\MMA_Merchandising\\MMA_Merchandising\\Reports\\MMA Merchandising With Channel Wise Data Verification\\20181203_164339\\1543837648209.png, F:\\Git Projects\\MMA_Merchandising\\MMA_Merchandising\\Reports\\MMA Merchandising With Channel Wise Data Verification\\20181203_164339\\1543837876646.png, F:\\Git Projects\\MMA_Merchandising\\MMA_Merchandising\\Reports\\MMA Merchandising With Channel Wise Data Verification\\20181203_164339\\1543837902758.png, F:\\Git Projects\\MMA_Merchandising\\MMA_Merchandising\\Reports\\MMA Merchandising With Channel Wise Data Verification\\20181203_164339\\1543838193292.png, F:\\Git Projects\\MMA_Merchandising\\MMA_Merchandising\\Reports\\MMA Merchandising With Channel Wise Data Verification\\20181203_164339\\1543838220806.png, F:\\Git Projects\\MMA_Merchandising\\MMA_Merchandising\\Reports\\MMA Merchandising With Channel Wise Data Verification\\20181203_164339\\1543838366347.png, F:\\Git Projects\\MMA_Merchandising\\MMA_Merchandising\\Reports\\MMA Merchandising With Channel Wise Data Verification\\20181203_164339\\1543838392786.png, F:\\Git Projects\\MMA_Merchandising\\MMA_Merchandising\\Reports\\MMA Merchandising With Channel Wise Data Verification\\20181203_164339\\1543838487348.png, F:\\Git Projects\\MMA_Merchandising\\MMA_Merchandising\\Reports\\MMA Merchandising With Channel Wise Data Verification\\20181203_164339\\1543838513750.png, F:\\Git Projects\\MMA_Merchandising\\MMA_Merchandising\\Reports\\MMA Merchandising With Channel Wise Data Verification\\20181203_164339\\1543838627610.png, F:\\Git Projects\\MMA_Merchandising\\MMA_Merchandising\\Reports\\MMA Merchandising With Channel Wise Data Verification\\20181203_164339\\1543838653747.png, F:\\Git Projects\\MMA_Merchandising\\MMA_Merchandising\\Reports\\MMA Merchandising With Channel Wise Data Verification\\20181203_164339\\1543838706603.png, F:\\Git Projects\\MMA_Merchandising\\MMA_Merchandising\\Reports\\MMA Merchandising With Channel Wise Data Verification\\20181203_164339\\1543838731857.png, F:\\Git Projects\\MMA_Merchandising\\MMA_Merchandising\\Reports\\MMA Merchandising With Channel Wise Data Verification\\20181203_164339\\1543838846623.png, F:\\Git Projects\\MMA_Merchandising\\MMA_Merchandising\\Reports\\MMA Merchandising With Channel Wise Data Verification\\20181203_164339\\1543838875844.png, F:\\Git Projects\\MMA_Merchandising\\MMA_Merchandising\\Reports\\MMA Merchandising With Channel Wise Data Verification\\20181203_164339\\1543839061355.png, F:\\Git Projects\\MMA_Merchandising\\MMA_Merchandising\\Reports\\MMA Merchandising With Channel Wise Data Verification\\20181203_164339\\1543839092761.png, F:\\Git Projects\\MMA_Merchandising\\MMA_Merchandising\\Reports\\MMA Merchandising With Channel Wise Data Verification\\20181203_164339\\1543839135293.png, F:\\Git Projects\\MMA_Merchandising\\MMA_Merchandising\\Reports\\MMA Merchandising With Channel Wise Data Verification\\20181203_164339\\1543839169760.png, F:\\Git Projects\\MMA_Merchandising\\MMA_Merchandising\\Reports\\MMA Merchandising With Channel Wise Data Verification\\20181203_164339\\1543839218117.png, F:\\Git Projects\\MMA_Merchandising\\MMA_Merchandising\\Reports\\MMA Merchandising With Channel Wise Data Verification\\20181203_164339\\1543839253918.png, F:\\Git Projects\\MMA_Merchandising\\MMA_Merchandising\\Reports\\MMA Merchandising With Channel Wise Data Verification\\20181203_164339\\1543839287367.png, F:\\Git Projects\\MMA_Merchandising\\MMA_Merchandising\\Reports\\MMA Merchandising With Channel Wise Data Verification\\20181203_164339\\1543839467792.png, F:\\Git Projects\\MMA_Merchandising\\MMA_Merchandising\\Reports\\MMA Merchandising With Channel Wise Data Verification\\20181203_164339\\1543839691269.png, F:\\Git Projects\\MMA_Merchandising\\MMA_Merchandising\\Reports\\MMA Merchandising With Channel Wise Data Verification\\20181203_164339\\1543839883649.png, F:\\Git Projects\\MMA_Merchandising\\MMA_Merchandising\\Reports\\MMA Merchandising With Channel Wise Data Verification\\20181203_164339\\1543839904757.png, F:\\Git Projects\\MMA_Merchandising\\MMA_Merchandising\\Reports\\MMA Merchandising With Channel Wise Data Verification\\20181203_164339\\1543839905594.png"/>
         <property name="hostName" value="Fahad Shah - DESKTOP-L12UUAD"/>
         <property name="os" value="Windows 10 64bit"/>
         <property name="katalonVersion" value="5.8.6.1"/>
         <property name="deviceOS" value="Android"/>
         <property name="appiumVersion" value="1.8.1"/>
         <property name="deviceModel" value="SM-J110H"/>
         <property name="hostAddress" value="192.168.3.221"/>
         <property name="deviceManufacturer" value="samsung"/>
         <property name="deviceId" value="11015a1136d0b24a"/>
         <property name="deviceName" value="samsung SM-J110H (Android 4.4.4)"/>
         <property name="deviceOSVersion" value="4.4.4"/>
      </properties>
      <testcase name="Test Cases/LaunchingApp/LaunchApp" classname="Test Cases/LaunchingApp/LaunchApp" status="PASSED">
         <system-out><![CDATA[2018-12-03 16:43:42 - [TEST_CASE][PASSED] - Test Cases/LaunchingApp/LaunchApp: Test Cases/LaunchingApp/LaunchApp

2018-12-03 16:43:42 - [TEST_STEP][PASSED] - startApplication: Started app at: 'F:\QA_Automation\Builds\mmaplus_301118_v151_local.apk'

2018-12-03 16:44:00 - [MESSAGE][PASSED] - Started app at: 'F:\QA_Automation\Builds\mmaplus_301118_v151_local.apk'

2018-12-03 16:44:00 - [TEST_STEP][PASSED] - delay: Delayed 5 second(s)

2018-12-03 16:44:05 - [MESSAGE][PASSED] - Delayed 5 second(s)]]></system-out>
         <system-err><![CDATA[]]></system-err>
      </testcase>
      <testcase name="Test Cases/SliderOptions/VisitSliderOptions" classname="Test Cases/SliderOptions/VisitSliderOptions" status="PASSED">
         <system-out><![CDATA[2018-12-03 16:44:05 - [TEST_CASE][PASSED] - Test Cases/SliderOptions/VisitSliderOptions: Test Cases/SliderOptions/VisitSliderOptions

2018-12-03 16:44:05 - [TEST_STEP][PASSED] - verifyElementText: Actual text and expected text of test object 'Object Repository/DashboardScreenElements/Validate_DashboardScreen' are matched.

2018-12-03 16:44:09 - [MESSAGE][PASSED] - Actual text and expected text of test object 'Object Repository/DashboardScreenElements/Validate_DashboardScreen' are matched.

2018-12-03 16:44:09 - [TEST_STEP][PASSED] - swipe: Swiped from 2,250 to 400,250

2018-12-03 16:44:09 - [MESSAGE][PASSED] - Swiped from 2,250 to 400,250

2018-12-03 16:44:09 - [TEST_STEP][PASSED] - swipe: Swiped from 2,250 to 400,250

2018-12-03 16:44:10 - [MESSAGE][PASSED] - Swiped from 2,250 to 400,250

2018-12-03 16:44:10 - [TEST_STEP][PASSED] - verifyElementExist: Element 'Object Repository/SliderOptions/Validate_SliderItemsScreen' is exist

2018-12-03 16:44:10 - [MESSAGE][WARNING] - Timeout '0' is invalid. Using default page load timeout: '6'

2018-12-03 16:44:10 - [MESSAGE][PASSED] - Element 'Object Repository/SliderOptions/Validate_SliderItemsScreen' is exist

2018-12-03 16:44:10 - [TEST_STEP][PASSED] - com.ct.qa.keywords.SliderOptionsKeywords.valideSliderOptions: com.ct.qa.keywords.SliderOptionsKeywords.valideSliderOptions is PASSED

2018-12-03 16:44:17 - [MESSAGE][PASSED] - Swiped from 0,255 to 0,200

2018-12-03 16:44:20 - [MESSAGE][PASSED] - Swiped from 0,284 to 0,200

2018-12-03 16:44:24 - [MESSAGE][PASSED] - Swiped from 0,284 to 0,200

2018-12-03 16:44:28 - [MESSAGE][PASSED] - Swiped from 0,284 to 0,200

2018-12-03 16:44:32 - [MESSAGE][PASSED] - Swiped from 0,284 to 0,200

2018-12-03 16:44:34 - [MESSAGE][PASSED] - com.ct.qa.keywords.SliderOptionsKeywords.valideSliderOptions is PASSED

2018-12-03 16:44:34 - [TEST_STEP][PASSED] - swipe: Swiped from 5,200 to 5,500

2018-12-03 16:44:35 - [MESSAGE][PASSED] - Swiped from 5,200 to 5,500

2018-12-03 16:44:35 - [TEST_STEP][PASSED] - swipe: Swiped from 5,200 to 5,500

2018-12-03 16:44:36 - [MESSAGE][PASSED] - Swiped from 5,200 to 5,500

2018-12-03 16:44:36 - [TEST_STEP][PASSED] - com.ct.qa.keywords.SliderOptionsKeywords.findSliderOption: com.ct.qa.keywords.SliderOptionsKeywords.findSliderOption is PASSED

2018-12-03 16:44:36 - [MESSAGE][PASSED] - Swiped from 5,200 to 5,500

2018-12-03 16:44:37 - [MESSAGE][PASSED] - Swiped from 5,200 to 5,500

2018-12-03 16:44:40 - [MESSAGE][WARNING] - Timeout '0' is invalid. Using default page load timeout: '6'

2018-12-03 16:44:41 - [MESSAGE][PASSED] - Element 'Object Repository/SliderOptions/UpdateProfile_EnterEmail' is exist

2018-12-03 16:44:41 - [MESSAGE][WARNING] - Timeout '0' is invalid. Using default page load timeout: '6'

2018-12-03 16:44:41 - [MESSAGE][PASSED] - Element 'Object Repository/SliderOptions/UpdateProfile_EnterPhone' is exist

2018-12-03 16:44:41 - [MESSAGE][WARNING] - Timeout '0' is invalid. Using default page load timeout: '6'

2018-12-03 16:44:42 - [MESSAGE][PASSED] - Element 'Object Repository/SliderOptions/UpdateProfile_EnterCNIC' is exist

2018-12-03 16:44:42 - [MESSAGE][PASSED] - Press back button successfully

2018-12-03 16:44:42 - [MESSAGE][WARNING] - Timeout '0' is invalid. Using default page load timeout: '6'

2018-12-03 16:44:43 - [MESSAGE][PASSED] - Element 'Object Repository/SliderOptions/Validate_SliderItemsScreen' is exist

2018-12-03 16:44:43 - [MESSAGE][PASSED] - com.ct.qa.keywords.SliderOptionsKeywords.findSliderOption is PASSED

2018-12-03 16:44:43 - [TEST_STEP][PASSED] - com.ct.qa.keywords.SliderOptionsKeywords.findSliderOption: com.ct.qa.keywords.SliderOptionsKeywords.findSliderOption is PASSED

2018-12-03 16:44:44 - [MESSAGE][PASSED] - Swiped from 5,200 to 5,500

2018-12-03 16:44:45 - [MESSAGE][PASSED] - Swiped from 5,200 to 5,500

2018-12-03 16:44:52 - [MESSAGE][PASSED] - Actual text and expected text of test object 'Object Repository/SliderOptions/Validate_OutOfRoute_RouteListScreen' are matched.

2018-12-03 16:44:55 - [MESSAGE][PASSED] - Actual text and expected text of test object 'Object Repository/SliderOptions/Validate_OutOfRoute_ShopOnRouteScreen' are matched.

2018-12-03 16:44:56 - [MESSAGE][PASSED] - Press back button successfully

2018-12-03 16:44:57 - [MESSAGE][PASSED] - Actual text and expected text of test object 'Object Repository/SliderOptions/Validate_OutOfRoute_RouteListScreen' are matched.

2018-12-03 16:44:57 - [MESSAGE][PASSED] - Press back button successfully

2018-12-03 16:44:57 - [MESSAGE][WARNING] - Timeout '0' is invalid. Using default page load timeout: '6'

2018-12-03 16:44:58 - [MESSAGE][PASSED] - Element 'Object Repository/SliderOptions/Validate_SliderItemsScreen' is exist

2018-12-03 16:44:58 - [MESSAGE][PASSED] - com.ct.qa.keywords.SliderOptionsKeywords.findSliderOption is PASSED

2018-12-03 16:44:58 - [TEST_STEP][PASSED] - com.ct.qa.keywords.SliderOptionsKeywords.findSliderOption: com.ct.qa.keywords.SliderOptionsKeywords.findSliderOption is PASSED

2018-12-03 16:44:59 - [MESSAGE][PASSED] - Swiped from 5,200 to 5,500

2018-12-03 16:45:00 - [MESSAGE][PASSED] - Swiped from 5,200 to 5,500

2018-12-03 16:45:05 - [MESSAGE][PASSED] - Swiped from 0,255 to 0,200

2018-12-03 16:45:08 - [MESSAGE][PASSED] - Swiped from 0,284 to 0,200

2018-12-03 16:45:12 - [MESSAGE][PASSED] - Actual text and expected text of test object 'Object Repository/SliderOptions/Validate_LoginCode' are matched.

2018-12-03 16:45:12 - [MESSAGE][PASSED] - Actual text and expected text of test object 'Object Repository/SliderOptions/Validate_LoginTime' are matched.

2018-12-03 16:45:13 - [MESSAGE][PASSED] - Actual text and expected text of test object 'Object Repository/SliderOptions/Validate_SyncAttempted' are matched.

2018-12-03 16:45:13 - [MESSAGE][PASSED] - Actual text and expected text of test object 'Object Repository/SliderOptions/Validate_SyncSuccessful' are matched.

2018-12-03 16:45:13 - [MESSAGE][PASSED] - Actual text and expected text of test object 'Object Repository/SliderOptions/Validate_RefreshRoutes' are matched.

2018-12-03 16:45:14 - [MESSAGE][PASSED] - Actual text and expected text of test object 'Object Repository/SliderOptions/Validate_BuildVersion' are matched.

2018-12-03 16:45:14 - [MESSAGE][PASSED] - Press back button successfully

2018-12-03 16:45:14 - [MESSAGE][WARNING] - Timeout '0' is invalid. Using default page load timeout: '6'

2018-12-03 16:45:15 - [MESSAGE][PASSED] - Element 'Object Repository/SliderOptions/Validate_SliderItemsScreen' is exist

2018-12-03 16:45:15 - [MESSAGE][PASSED] - com.ct.qa.keywords.SliderOptionsKeywords.findSliderOption is PASSED

2018-12-03 16:45:15 - [TEST_STEP][PASSED] - swipe: Swiped from 320,5 to 2,5

2018-12-03 16:45:16 - [MESSAGE][PASSED] - Swiped from 320,5 to 2,5

2018-12-03 16:45:16 - [TEST_STEP][PASSED] - swipe: Swiped from 320,5 to 2,5

2018-12-03 16:45:17 - [MESSAGE][PASSED] - Swiped from 320,5 to 2,5

2018-12-03 16:45:17 - [TEST_STEP][PASSED] - com.ct.qa.keywords.SliderOptionsKeywords.displayMissingSliderOptionsInReport: com.ct.qa.keywords.SliderOptionsKeywords.displayMissingSliderOptionsInReport is PASSED

2018-12-03 16:45:17 - [MESSAGE][PASSED] - com.ct.qa.keywords.SliderOptionsKeywords.displayMissingSliderOptionsInReport is PASSED]]></system-out>
         <system-err><![CDATA[]]></system-err>
      </testcase>
      <testcase name="Test Cases/DistributionPoint/VisitDistributionPoint" classname="Test Cases/DistributionPoint/VisitDistributionPoint" status="PASSED">
         <system-out><![CDATA[2018-12-03 16:45:17 - [TEST_CASE][PASSED] - Test Cases/DistributionPoint/VisitDistributionPoint: Test Cases/DistributionPoint/VisitDistributionPoint

2018-12-03 16:45:17 - [TEST_STEP][PASSED] - verifyElementText: Actual text and expected text of test object 'Object Repository/DashboardScreenElements/Validate_DashboardScreen' are matched.

2018-12-03 16:45:17 - [MESSAGE][PASSED] - Actual text and expected text of test object 'Object Repository/DashboardScreenElements/Validate_DashboardScreen' are matched.

2018-12-03 16:45:17 - [TEST_STEP][PASSED] - com.ct.qa.keywords.CommonKeywords.selectday: com.ct.qa.keywords.CommonKeywords.selectday is PASSED

2018-12-03 16:45:17 - [MESSAGE][WARNING] - Timeout '0' is invalid. Using default page load timeout: '6'

2018-12-03 16:45:18 - [MESSAGE][PASSED] - Tapped on element 'Object Repository/DashboardScreenElements/DaysDropdownMenu'

2018-12-03 16:45:18 - [MESSAGE][WARNING] - Timeout '0' is invalid. Using default page load timeout: '6'

2018-12-03 16:45:19 - [MESSAGE][PASSED] - Element 'Object Repository/DashboardScreenElements/Validate_DaysListScreen' is exist

2018-12-03 16:45:20 - [MESSAGE][PASSED] - com.ct.qa.keywords.CommonKeywords.selectday is PASSED

2018-12-03 16:45:20 - [TEST_STEP][PASSED] - tap: Tapped on element 'Object Repository/DashboardScreenElements/StartYourDay'

2018-12-03 16:45:20 - [MESSAGE][WARNING] - Timeout '0' is invalid. Using default page load timeout: '6'

2018-12-03 16:45:21 - [MESSAGE][PASSED] - Tapped on element 'Object Repository/DashboardScreenElements/StartYourDay'

2018-12-03 16:45:21 - [TEST_STEP][PASSED] - delay: Delayed 15 second(s)

2018-12-03 16:45:36 - [MESSAGE][PASSED] - Delayed 15 second(s)

2018-12-03 16:45:36 - [TEST_STEP][PASSED] - verifyElementExist: Element 'Object Repository/CommonScreenElements/Validate_MapScreen' is exist

2018-12-03 16:45:36 - [MESSAGE][WARNING] - Timeout '0' is invalid. Using default page load timeout: '6'

2018-12-03 16:45:37 - [MESSAGE][PASSED] - Element 'Object Repository/CommonScreenElements/Validate_MapScreen' is exist

2018-12-03 16:45:37 - [TEST_STEP][PASSED] - tap: Tapped on element 'Object Repository/CommonScreenElements/Location_CheckIn'

2018-12-03 16:45:37 - [MESSAGE][WARNING] - Timeout '0' is invalid. Using default page load timeout: '6'

2018-12-03 16:45:38 - [MESSAGE][PASSED] - Tapped on element 'Object Repository/CommonScreenElements/Location_CheckIn'

2018-12-03 16:45:38 - [TEST_STEP][PASSED] - verifyElementExist: Element 'Object Repository/CommonScreenElements/Validate_InfoPopUP' is exist

2018-12-03 16:45:38 - [MESSAGE][WARNING] - Timeout '0' is invalid. Using default page load timeout: '6'

2018-12-03 16:45:39 - [MESSAGE][PASSED] - Element 'Object Repository/CommonScreenElements/Validate_InfoPopUP' is exist

2018-12-03 16:45:39 - [TEST_STEP][PASSED] - tap: Tapped on element 'Object Repository/CommonScreenElements/InfoPopUp_NoButton'

2018-12-03 16:45:39 - [MESSAGE][WARNING] - Timeout '0' is invalid. Using default page load timeout: '6'

2018-12-03 16:45:40 - [MESSAGE][PASSED] - Tapped on element 'Object Repository/CommonScreenElements/InfoPopUp_NoButton'

2018-12-03 16:45:40 - [TEST_STEP][PASSED] - verifyElementText: Actual text and expected text of test object 'Object Repository/DistributionPoint/Validate_RouteInfoScreen' are matched.

2018-12-03 16:45:40 - [MESSAGE][PASSED] - Actual text and expected text of test object 'Object Repository/DistributionPoint/Validate_RouteInfoScreen' are matched.

2018-12-03 16:45:40 - [TEST_STEP][PASSED] - tap: Tapped on element 'Object Repository/DistributionPoint/RouteInfoNextButton'

2018-12-03 16:45:40 - [MESSAGE][WARNING] - Timeout '0' is invalid. Using default page load timeout: '6'

2018-12-03 16:45:42 - [MESSAGE][PASSED] - Tapped on element 'Object Repository/DistributionPoint/RouteInfoNextButton'

2018-12-03 16:45:42 - [TEST_STEP][PASSED] - verifyElementText: Actual text and expected text of test object 'Object Repository/DistributionPoint/Validate_DistributionPointScreen' are matched.

2018-12-03 16:45:43 - [MESSAGE][PASSED] - Actual text and expected text of test object 'Object Repository/DistributionPoint/Validate_DistributionPointScreen' are matched.

2018-12-03 16:45:43 - [TEST_STEP][PASSED] - com.ct.qa.keywords.DistributionPointKeywords.visitdistributionPoint: com.ct.qa.keywords.DistributionPointKeywords.visitdistributionPoint is PASSED

2018-12-03 16:45:47 - [MESSAGE][PASSED] - Keyboard is hidden

2018-12-03 16:45:49 - [MESSAGE][PASSED] - Keyboard is hidden

2018-12-03 16:45:52 - [MESSAGE][PASSED] - Keyboard is hidden

2018-12-03 16:45:54 - [MESSAGE][PASSED] - Keyboard is hidden

2018-12-03 16:45:54 - [MESSAGE][PASSED] - com.ct.qa.keywords.DistributionPointKeywords.visitdistributionPoint is PASSED

2018-12-03 16:45:54 - [TEST_STEP][PASSED] - tap: Tapped on element 'Object Repository/DistributionPoint/DistributionPoint_SubmitButton'

2018-12-03 16:45:54 - [MESSAGE][WARNING] - Timeout '0' is invalid. Using default page load timeout: '6'

2018-12-03 16:45:55 - [MESSAGE][PASSED] - Tapped on element 'Object Repository/DistributionPoint/DistributionPoint_SubmitButton']]></system-out>
         <system-err><![CDATA[]]></system-err>
      </testcase>
      <testcase name="Test Cases/VisitShopScenarios/VisitShopsWithDataVerification" classname="Test Cases/VisitShopScenarios/VisitShopsWithDataVerification" status="FAILED">
         <failure type="FAILED" message="(Stack trace: com.kms.katalon.core.exception.StepFailedException: Failed to tap on element 'Object Repository/CommonScreenElements/DoneButton' (Root cause: Object Object Repository/CommonScreenElements/DoneButton not found)
	at com.kms.katalon.core.keyword.internal.KeywordMain.stepFailed(KeywordMain.groovy:36)
	at com.kms.katalon.core.mobile.keyword.internal.MobileKeywordMain.stepFailed(MobileKeywordMain.groovy:40)
	at com.kms.katalon.core.mobile.keyword.internal.MobileKeywordMain.runKeyword(MobileKeywordMain.groovy:23)
	at com.kms.katalon.core.mobile.keyword.builtin.TapKeyword.tap(TapKeyword.groovy:83)
	at com.kms.katalon.core.mobile.keyword.builtin.TapKeyword.execute(TapKeyword.groovy:66)
	at com.kms.katalon.core.keyword.internal.KeywordExecutor.executeKeywordForPlatform(KeywordExecutor.groovy:53)
	at com.kms.katalon.core.mobile.keyword.MobileBuiltInKeywords.tap(MobileBuiltInKeywords.groovy:485)
	at com.kms.katalon.core.mobile.keyword.MobileBuiltInKeywords$tap$4.call(Unknown Source)
	at com.ct.qa.keywords.CommonKeywords.visitPictureImageViewButton(CommonKeywords.groovy:73)
	at sun.reflect.NativeMethodAccessorImpl.invoke0(Native Method)
	at sun.reflect.NativeMethodAccessorImpl.invoke(NativeMethodAccessorImpl.java:62)
	at sun.reflect.DelegatingMethodAccessorImpl.invoke(DelegatingMethodAccessorImpl.java:43)
	at java.lang.reflect.Method.invoke(Method.java:498)
	at org.codehaus.groovy.reflection.CachedMethod.invoke(CachedMethod.java:93)
	at groovy.lang.MetaMethod.doMethodInvoke(MetaMethod.java:325)
	at groovy.lang.MetaClassImpl.invokeMethod(MetaClassImpl.java:1215)
	at groovy.lang.MetaClassImpl.invokeMethod(MetaClassImpl.java:1024)
	at groovy.lang.MetaClassImpl.invokeMethod(MetaClassImpl.java:812)
	at groovy.lang.DelegatingMetaClass.invokeMethod(DelegatingMetaClass.java:144)
	at com.ct.qa.keywords.CommonKeywords.invokeMethod(CommonKeywords.groovy)
	at com.kms.katalon.core.main.CustomKeywordDelegatingMetaClass.invokeStaticMethod(CustomKeywordDelegatingMetaClass.java:46)
	at org.codehaus.groovy.runtime.callsite.StaticMetaClassSite.call(StaticMetaClassSite.java:53)
	at org.codehaus.groovy.runtime.callsite.AbstractCallSite.call(AbstractCallSite.java:117)
	at Script1531225848182.run(Script1531225848182.groovy:50)
	at com.kms.katalon.core.main.ScriptEngine.run(ScriptEngine.java:183)
	at com.kms.katalon.core.main.ScriptEngine.runScriptAsRawText(ScriptEngine.java:108)
	at com.kms.katalon.core.main.TestCaseExecutor.runScript(TestCaseExecutor.java:294)
	at com.kms.katalon.core.main.TestCaseExecutor.doExecute(TestCaseExecutor.java:285)
	at com.kms.katalon.core.main.TestCaseExecutor.processExecutionPhase(TestCaseExecutor.java:264)
	at com.kms.katalon.core.main.TestCaseExecutor.accessMainPhase(TestCaseExecutor.java:256)
	at com.kms.katalon.core.main.TestCaseExecutor.execute(TestCaseExecutor.java:200)
	at com.kms.katalon.core.main.TestCaseMain.runTestCase(TestCaseMain.java:99)
	at com.kms.katalon.core.keyword.builtin.CallTestCaseKeyword$_callTestCase_closure1.doCall(CallTestCaseKeyword.groovy:60)
	at com.kms.katalon.core.keyword.builtin.CallTestCaseKeyword$_callTestCase_closure1.call(CallTestCaseKeyword.groovy)
	at com.kms.katalon.core.keyword.internal.KeywordMain.runKeyword(KeywordMain.groovy:54)
	at com.kms.katalon.core.keyword.builtin.CallTestCaseKeyword.callTestCase(CallTestCaseKeyword.groovy:81)
	at com.kms.katalon.core.keyword.builtin.CallTestCaseKeyword.execute(CallTestCaseKeyword.groovy:45)
	at com.kms.katalon.core.keyword.internal.KeywordExecutor.executeKeywordForPlatform(KeywordExecutor.groovy:53)
	at com.kms.katalon.core.keyword.BuiltinKeywords.callTestCase(BuiltinKeywords.groovy:350)
	at sun.reflect.GeneratedMethodAccessor22.invoke(Unknown Source)
	at sun.reflect.DelegatingMethodAccessorImpl.invoke(DelegatingMethodAccessorImpl.java:43)
	at java.lang.reflect.Method.invoke(Method.java:498)
	at org.codehaus.groovy.reflection.CachedMethod.invoke(CachedMethod.java:93)
	at groovy.lang.MetaMethod.doMethodInvoke(MetaMethod.java:325)
	at groovy.lang.MetaClassImpl.invokeStaticMethod(MetaClassImpl.java:1469)
	at org.codehaus.groovy.runtime.callsite.StaticMetaClassSite.call(StaticMetaClassSite.java:53)
	at org.codehaus.groovy.runtime.callsite.AbstractCallSite.call(AbstractCallSite.java:133)
	at com.ct.qa.keywords.CategoryVisitingScenariosKeywords.visitShopCategoriesWithDataVerification(CategoryVisitingScenariosKeywords.groovy:87)
	at sun.reflect.NativeMethodAccessorImpl.invoke0(Native Method)
	at sun.reflect.NativeMethodAccessorImpl.invoke(NativeMethodAccessorImpl.java:62)
	at sun.reflect.DelegatingMethodAccessorImpl.invoke(DelegatingMethodAccessorImpl.java:43)
	at java.lang.reflect.Method.invoke(Method.java:498)
	at org.codehaus.groovy.reflection.CachedMethod.invoke(CachedMethod.java:93)
	at groovy.lang.MetaMethod.doMethodInvoke(MetaMethod.java:325)
	at groovy.lang.MetaClassImpl.invokeMethod(MetaClassImpl.java:1215)
	at groovy.lang.MetaClassImpl.invokeMethod(MetaClassImpl.java:1024)
	at groovy.lang.MetaClassImpl.invokeMethod(MetaClassImpl.java:812)
	at groovy.lang.DelegatingMetaClass.invokeMethod(DelegatingMetaClass.java:144)
	at com.ct.qa.keywords.CategoryVisitingScenariosKeywords.invokeMethod(CategoryVisitingScenariosKeywords.groovy)
	at com.kms.katalon.core.main.CustomKeywordDelegatingMetaClass.invokeStaticMethod(CustomKeywordDelegatingMetaClass.java:46)
	at org.codehaus.groovy.runtime.callsite.StaticMetaClassSite.call(StaticMetaClassSite.java:53)
	at org.codehaus.groovy.runtime.callsite.AbstractCallSite.call(AbstractCallSite.java:117)
	at Script1533013695676.run(Script1533013695676.groovy:28)
	at com.kms.katalon.core.main.ScriptEngine.run(ScriptEngine.java:183)
	at com.kms.katalon.core.main.ScriptEngine.runScriptAsRawText(ScriptEngine.java:108)
	at com.kms.katalon.core.main.TestCaseExecutor.runScript(TestCaseExecutor.java:294)
	at com.kms.katalon.core.main.TestCaseExecutor.doExecute(TestCaseExecutor.java:285)
	at com.kms.katalon.core.main.TestCaseExecutor.processExecutionPhase(TestCaseExecutor.java:264)
	at com.kms.katalon.core.main.TestCaseExecutor.accessMainPhase(TestCaseExecutor.java:256)
	at com.kms.katalon.core.main.TestCaseExecutor.execute(TestCaseExecutor.java:200)
	at com.kms.katalon.core.main.TestCaseMain.runTestCase(TestCaseMain.java:99)
	at com.kms.katalon.core.keyword.builtin.CallTestCaseKeyword$_callTestCase_closure1.doCall(CallTestCaseKeyword.groovy:60)
	at com.kms.katalon.core.keyword.builtin.CallTestCaseKeyword$_callTestCase_closure1.call(CallTestCaseKeyword.groovy)
	at com.kms.katalon.core.keyword.internal.KeywordMain.runKeyword(KeywordMain.groovy:54)
	at com.kms.katalon.core.keyword.builtin.CallTestCaseKeyword.callTestCase(CallTestCaseKeyword.groovy:81)
	at com.kms.katalon.core.keyword.builtin.CallTestCaseKeyword.execute(CallTestCaseKeyword.groovy:45)
	at com.kms.katalon.core.keyword.internal.KeywordExecutor.executeKeywordForPlatform(KeywordExecutor.groovy:53)
	at com.kms.katalon.core.keyword.BuiltinKeywords.callTestCase(BuiltinKeywords.groovy:350)
	at sun.reflect.GeneratedMethodAccessor22.invoke(Unknown Source)
	at sun.reflect.DelegatingMethodAccessorImpl.invoke(DelegatingMethodAccessorImpl.java:43)
	at java.lang.reflect.Method.invoke(Method.java:498)
	at org.codehaus.groovy.reflection.CachedMethod.invoke(CachedMethod.java:93)
	at groovy.lang.MetaMethod.doMethodInvoke(MetaMethod.java:325)
	at groovy.lang.MetaClassImpl.invokeStaticMethod(MetaClassImpl.java:1469)
	at org.codehaus.groovy.runtime.callsite.StaticMetaClassSite.call(StaticMetaClassSite.java:53)
	at org.codehaus.groovy.runtime.callsite.AbstractCallSite.call(AbstractCallSite.java:133)
	at com.ct.qa.keywords.ShopVisitingScenariosKeywords.visitShopWith_DataVerification(ShopVisitingScenariosKeywords.groovy:451)
	at sun.reflect.NativeMethodAccessorImpl.invoke0(Native Method)
	at sun.reflect.NativeMethodAccessorImpl.invoke(NativeMethodAccessorImpl.java:62)
	at sun.reflect.DelegatingMethodAccessorImpl.invoke(DelegatingMethodAccessorImpl.java:43)
	at java.lang.reflect.Method.invoke(Method.java:498)
	at org.codehaus.groovy.reflection.CachedMethod.invoke(CachedMethod.java:93)
	at groovy.lang.MetaMethod.doMethodInvoke(MetaMethod.java:325)
	at groovy.lang.MetaClassImpl.invokeMethod(MetaClassImpl.java:1215)
	at groovy.lang.MetaClassImpl.invokeMethod(MetaClassImpl.java:1024)
	at groovy.lang.MetaClassImpl.invokeMethod(MetaClassImpl.java:812)
	at groovy.lang.DelegatingMetaClass.invokeMethod(DelegatingMetaClass.java:144)
	at com.ct.qa.keywords.ShopVisitingScenariosKeywords.invokeMethod(ShopVisitingScenariosKeywords.groovy)
	at com.kms.katalon.core.main.CustomKeywordDelegatingMetaClass.invokeStaticMethod(CustomKeywordDelegatingMetaClass.java:46)
	at org.codehaus.groovy.runtime.callsite.StaticMetaClassSite.call(StaticMetaClassSite.java:53)
	at org.codehaus.groovy.runtime.callsite.CallSiteArray.defaultCall(CallSiteArray.java:48)
	at org.codehaus.groovy.runtime.callsite.AbstractCallSite.call(AbstractCallSite.java:113)
	at org.codehaus.groovy.runtime.callsite.AbstractCallSite.call(AbstractCallSite.java:117)
	at Script1539252870661.run(Script1539252870661.groovy:39)
	at com.kms.katalon.core.main.ScriptEngine.run(ScriptEngine.java:183)
	at com.kms.katalon.core.main.ScriptEngine.runScriptAsRawText(ScriptEngine.java:108)
	at com.kms.katalon.core.main.TestCaseExecutor.runScript(TestCaseExecutor.java:294)
	at com.kms.katalon.core.main.TestCaseExecutor.doExecute(TestCaseExecutor.java:285)
	at com.kms.katalon.core.main.TestCaseExecutor.processExecutionPhase(TestCaseExecutor.java:264)
	at com.kms.katalon.core.main.TestCaseExecutor.accessMainPhase(TestCaseExecutor.java:256)
	at com.kms.katalon.core.main.TestCaseExecutor.execute(TestCaseExecutor.java:200)
	at com.kms.katalon.core.main.TestSuiteExecutor.accessTestCaseMainPhase(TestSuiteExecutor.java:129)
	at com.kms.katalon.core.main.TestSuiteExecutor.accessTestSuiteMainPhase(TestSuiteExecutor.java:112)
	at com.kms.katalon.core.main.TestSuiteExecutor.execute(TestSuiteExecutor.java:81)
	at com.kms.katalon.core.main.TestCaseMain.startTestSuite(TestCaseMain.java:142)
	at com.kms.katalon.core.main.TestCaseMain$startTestSuite$0.call(Unknown Source)
	at org.codehaus.groovy.runtime.callsite.CallSiteArray.defaultCall(CallSiteArray.java:48)
	at org.codehaus.groovy.runtime.callsite.AbstractCallSite.call(AbstractCallSite.java:113)
	at org.codehaus.groovy.runtime.callsite.AbstractCallSite.call(AbstractCallSite.java:141)
	at TempTestSuite1543837419088.run(TempTestSuite1543837419088.groovy:36)
	at groovy.lang.GroovyShell.runScriptOrMainOrTestOrRunnable(GroovyShell.java:263)
	at groovy.lang.GroovyShell.run(GroovyShell.java:518)
	at groovy.lang.GroovyShell.run(GroovyShell.java:507)
	at groovy.ui.GroovyMain.processOnce(GroovyMain.java:653)
	at groovy.ui.GroovyMain.run(GroovyMain.java:384)
	at groovy.ui.GroovyMain.process(GroovyMain.java:370)
	at groovy.ui.GroovyMain.processArgs(GroovyMain.java:129)
	at groovy.ui.GroovyMain.main(GroovyMain.java:109)
	at sun.reflect.NativeMethodAccessorImpl.invoke0(Native Method)
	at sun.reflect.NativeMethodAccessorImpl.invoke(NativeMethodAccessorImpl.java:62)
	at sun.reflect.DelegatingMethodAccessorImpl.invoke(DelegatingMethodAccessorImpl.java:43)
	at java.lang.reflect.Method.invoke(Method.java:498)
	at org.codehaus.groovy.tools.GroovyStarter.rootLoader(GroovyStarter.java:109)
	at org.codehaus.groovy.tools.GroovyStarter.main(GroovyStarter.java:131)
)"/>
         <system-out><![CDATA[2018-12-03 16:45:55 - [TEST_CASE][FAILED] - Test Cases/VisitShopScenarios/VisitShopsWithDataVerification: Test Cases/VisitShopScenarios/VisitShopsWithDataVerification FAILED because (of) (Stack trace: com.kms.katalon.core.exception.StepFailedException: Failed to tap on element 'Object Repository/CommonScreenElements/DoneButton' (Root cause: Object Object Repository/CommonScreenElements/DoneButton not found)
	at com.kms.katalon.core.keyword.internal.KeywordMain.stepFailed(KeywordMain.groovy:36)
	at com.kms.katalon.core.mobile.keyword.internal.MobileKeywordMain.stepFailed(MobileKeywordMain.groovy:40)
	at com.kms.katalon.core.mobile.keyword.internal.MobileKeywordMain.runKeyword(MobileKeywordMain.groovy:23)
	at com.kms.katalon.core.mobile.keyword.builtin.TapKeyword.tap(TapKeyword.groovy:83)
	at com.kms.katalon.core.mobile.keyword.builtin.TapKeyword.execute(TapKeyword.groovy:66)
	at com.kms.katalon.core.keyword.internal.KeywordExecutor.executeKeywordForPlatform(KeywordExecutor.groovy:53)
	at com.kms.katalon.core.mobile.keyword.MobileBuiltInKeywords.tap(MobileBuiltInKeywords.groovy:485)
	at com.kms.katalon.core.mobile.keyword.MobileBuiltInKeywords$tap$4.call(Unknown Source)
	at com.ct.qa.keywords.CommonKeywords.visitPictureImageViewButton(CommonKeywords.groovy:73)
	at sun.reflect.NativeMethodAccessorImpl.invoke0(Native Method)
	at sun.reflect.NativeMethodAccessorImpl.invoke(NativeMethodAccessorImpl.java:62)
	at sun.reflect.DelegatingMethodAccessorImpl.invoke(DelegatingMethodAccessorImpl.java:43)
	at java.lang.reflect.Method.invoke(Method.java:498)
	at org.codehaus.groovy.reflection.CachedMethod.invoke(CachedMethod.java:93)
	at groovy.lang.MetaMethod.doMethodInvoke(MetaMethod.java:325)
	at groovy.lang.MetaClassImpl.invokeMethod(MetaClassImpl.java:1215)
	at groovy.lang.MetaClassImpl.invokeMethod(MetaClassImpl.java:1024)
	at groovy.lang.MetaClassImpl.invokeMethod(MetaClassImpl.java:812)
	at groovy.lang.DelegatingMetaClass.invokeMethod(DelegatingMetaClass.java:144)
	at com.ct.qa.keywords.CommonKeywords.invokeMethod(CommonKeywords.groovy)
	at com.kms.katalon.core.main.CustomKeywordDelegatingMetaClass.invokeStaticMethod(CustomKeywordDelegatingMetaClass.java:46)
	at org.codehaus.groovy.runtime.callsite.StaticMetaClassSite.call(StaticMetaClassSite.java:53)
	at org.codehaus.groovy.runtime.callsite.AbstractCallSite.call(AbstractCallSite.java:117)
	at Script1531225848182.run(Script1531225848182.groovy:50)
	at com.kms.katalon.core.main.ScriptEngine.run(ScriptEngine.java:183)
	at com.kms.katalon.core.main.ScriptEngine.runScriptAsRawText(ScriptEngine.java:108)
	at com.kms.katalon.core.main.TestCaseExecutor.runScript(TestCaseExecutor.java:294)
	at com.kms.katalon.core.main.TestCaseExecutor.doExecute(TestCaseExecutor.java:285)
	at com.kms.katalon.core.main.TestCaseExecutor.processExecutionPhase(TestCaseExecutor.java:264)
	at com.kms.katalon.core.main.TestCaseExecutor.accessMainPhase(TestCaseExecutor.java:256)
	at com.kms.katalon.core.main.TestCaseExecutor.execute(TestCaseExecutor.java:200)
	at com.kms.katalon.core.main.TestCaseMain.runTestCase(TestCaseMain.java:99)
	at com.kms.katalon.core.keyword.builtin.CallTestCaseKeyword$_callTestCase_closure1.doCall(CallTestCaseKeyword.groovy:60)
	at com.kms.katalon.core.keyword.builtin.CallTestCaseKeyword$_callTestCase_closure1.call(CallTestCaseKeyword.groovy)
	at com.kms.katalon.core.keyword.internal.KeywordMain.runKeyword(KeywordMain.groovy:54)
	at com.kms.katalon.core.keyword.builtin.CallTestCaseKeyword.callTestCase(CallTestCaseKeyword.groovy:81)
	at com.kms.katalon.core.keyword.builtin.CallTestCaseKeyword.execute(CallTestCaseKeyword.groovy:45)
	at com.kms.katalon.core.keyword.internal.KeywordExecutor.executeKeywordForPlatform(KeywordExecutor.groovy:53)
	at com.kms.katalon.core.keyword.BuiltinKeywords.callTestCase(BuiltinKeywords.groovy:350)
	at sun.reflect.GeneratedMethodAccessor22.invoke(Unknown Source)
	at sun.reflect.DelegatingMethodAccessorImpl.invoke(DelegatingMethodAccessorImpl.java:43)
	at java.lang.reflect.Method.invoke(Method.java:498)
	at org.codehaus.groovy.reflection.CachedMethod.invoke(CachedMethod.java:93)
	at groovy.lang.MetaMethod.doMethodInvoke(MetaMethod.java:325)
	at groovy.lang.MetaClassImpl.invokeStaticMethod(MetaClassImpl.java:1469)
	at org.codehaus.groovy.runtime.callsite.StaticMetaClassSite.call(StaticMetaClassSite.java:53)
	at org.codehaus.groovy.runtime.callsite.AbstractCallSite.call(AbstractCallSite.java:133)
	at com.ct.qa.keywords.CategoryVisitingScenariosKeywords.visitShopCategoriesWithDataVerification(CategoryVisitingScenariosKeywords.groovy:87)
	at sun.reflect.NativeMethodAccessorImpl.invoke0(Native Method)
	at sun.reflect.NativeMethodAccessorImpl.invoke(NativeMethodAccessorImpl.java:62)
	at sun.reflect.DelegatingMethodAccessorImpl.invoke(DelegatingMethodAccessorImpl.java:43)
	at java.lang.reflect.Method.invoke(Method.java:498)
	at org.codehaus.groovy.reflection.CachedMethod.invoke(CachedMethod.java:93)
	at groovy.lang.MetaMethod.doMethodInvoke(MetaMethod.java:325)
	at groovy.lang.MetaClassImpl.invokeMethod(MetaClassImpl.java:1215)
	at groovy.lang.MetaClassImpl.invokeMethod(MetaClassImpl.java:1024)
	at groovy.lang.MetaClassImpl.invokeMethod(MetaClassImpl.java:812)
	at groovy.lang.DelegatingMetaClass.invokeMethod(DelegatingMetaClass.java:144)
	at com.ct.qa.keywords.CategoryVisitingScenariosKeywords.invokeMethod(CategoryVisitingScenariosKeywords.groovy)
	at com.kms.katalon.core.main.CustomKeywordDelegatingMetaClass.invokeStaticMethod(CustomKeywordDelegatingMetaClass.java:46)
	at org.codehaus.groovy.runtime.callsite.StaticMetaClassSite.call(StaticMetaClassSite.java:53)
	at org.codehaus.groovy.runtime.callsite.AbstractCallSite.call(AbstractCallSite.java:117)
	at Script1533013695676.run(Script1533013695676.groovy:28)
	at com.kms.katalon.core.main.ScriptEngine.run(ScriptEngine.java:183)
	at com.kms.katalon.core.main.ScriptEngine.runScriptAsRawText(ScriptEngine.java:108)
	at com.kms.katalon.core.main.TestCaseExecutor.runScript(TestCaseExecutor.java:294)
	at com.kms.katalon.core.main.TestCaseExecutor.doExecute(TestCaseExecutor.java:285)
	at com.kms.katalon.core.main.TestCaseExecutor.processExecutionPhase(TestCaseExecutor.java:264)
	at com.kms.katalon.core.main.TestCaseExecutor.accessMainPhase(TestCaseExecutor.java:256)
	at com.kms.katalon.core.main.TestCaseExecutor.execute(TestCaseExecutor.java:200)
	at com.kms.katalon.core.main.TestCaseMain.runTestCase(TestCaseMain.java:99)
	at com.kms.katalon.core.keyword.builtin.CallTestCaseKeyword$_callTestCase_closure1.doCall(CallTestCaseKeyword.groovy:60)
	at com.kms.katalon.core.keyword.builtin.CallTestCaseKeyword$_callTestCase_closure1.call(CallTestCaseKeyword.groovy)
	at com.kms.katalon.core.keyword.internal.KeywordMain.runKeyword(KeywordMain.groovy:54)
	at com.kms.katalon.core.keyword.builtin.CallTestCaseKeyword.callTestCase(CallTestCaseKeyword.groovy:81)
	at com.kms.katalon.core.keyword.builtin.CallTestCaseKeyword.execute(CallTestCaseKeyword.groovy:45)
	at com.kms.katalon.core.keyword.internal.KeywordExecutor.executeKeywordForPlatform(KeywordExecutor.groovy:53)
	at com.kms.katalon.core.keyword.BuiltinKeywords.callTestCase(BuiltinKeywords.groovy:350)
	at sun.reflect.GeneratedMethodAccessor22.invoke(Unknown Source)
	at sun.reflect.DelegatingMethodAccessorImpl.invoke(DelegatingMethodAccessorImpl.java:43)
	at java.lang.reflect.Method.invoke(Method.java:498)
	at org.codehaus.groovy.reflection.CachedMethod.invoke(CachedMethod.java:93)
	at groovy.lang.MetaMethod.doMethodInvoke(MetaMethod.java:325)
	at groovy.lang.MetaClassImpl.invokeStaticMethod(MetaClassImpl.java:1469)
	at org.codehaus.groovy.runtime.callsite.StaticMetaClassSite.call(StaticMetaClassSite.java:53)
	at org.codehaus.groovy.runtime.callsite.AbstractCallSite.call(AbstractCallSite.java:133)
	at com.ct.qa.keywords.ShopVisitingScenariosKeywords.visitShopWith_DataVerification(ShopVisitingScenariosKeywords.groovy:451)
	at sun.reflect.NativeMethodAccessorImpl.invoke0(Native Method)
	at sun.reflect.NativeMethodAccessorImpl.invoke(NativeMethodAccessorImpl.java:62)
	at sun.reflect.DelegatingMethodAccessorImpl.invoke(DelegatingMethodAccessorImpl.java:43)
	at java.lang.reflect.Method.invoke(Method.java:498)
	at org.codehaus.groovy.reflection.CachedMethod.invoke(CachedMethod.java:93)
	at groovy.lang.MetaMethod.doMethodInvoke(MetaMethod.java:325)
	at groovy.lang.MetaClassImpl.invokeMethod(MetaClassImpl.java:1215)
	at groovy.lang.MetaClassImpl.invokeMethod(MetaClassImpl.java:1024)
	at groovy.lang.MetaClassImpl.invokeMethod(MetaClassImpl.java:812)
	at groovy.lang.DelegatingMetaClass.invokeMethod(DelegatingMetaClass.java:144)
	at com.ct.qa.keywords.ShopVisitingScenariosKeywords.invokeMethod(ShopVisitingScenariosKeywords.groovy)
	at com.kms.katalon.core.main.CustomKeywordDelegatingMetaClass.invokeStaticMethod(CustomKeywordDelegatingMetaClass.java:46)
	at org.codehaus.groovy.runtime.callsite.StaticMetaClassSite.call(StaticMetaClassSite.java:53)
	at org.codehaus.groovy.runtime.callsite.CallSiteArray.defaultCall(CallSiteArray.java:48)
	at org.codehaus.groovy.runtime.callsite.AbstractCallSite.call(AbstractCallSite.java:113)
	at org.codehaus.groovy.runtime.callsite.AbstractCallSite.call(AbstractCallSite.java:117)
	at Script1539252870661.run(Script1539252870661.groovy:39)
	at com.kms.katalon.core.main.ScriptEngine.run(ScriptEngine.java:183)
	at com.kms.katalon.core.main.ScriptEngine.runScriptAsRawText(ScriptEngine.java:108)
	at com.kms.katalon.core.main.TestCaseExecutor.runScript(TestCaseExecutor.java:294)
	at com.kms.katalon.core.main.TestCaseExecutor.doExecute(TestCaseExecutor.java:285)
	at com.kms.katalon.core.main.TestCaseExecutor.processExecutionPhase(TestCaseExecutor.java:264)
	at com.kms.katalon.core.main.TestCaseExecutor.accessMainPhase(TestCaseExecutor.java:256)
	at com.kms.katalon.core.main.TestCaseExecutor.execute(TestCaseExecutor.java:200)
	at com.kms.katalon.core.main.TestSuiteExecutor.accessTestCaseMainPhase(TestSuiteExecutor.java:129)
	at com.kms.katalon.core.main.TestSuiteExecutor.accessTestSuiteMainPhase(TestSuiteExecutor.java:112)
	at com.kms.katalon.core.main.TestSuiteExecutor.execute(TestSuiteExecutor.java:81)
	at com.kms.katalon.core.main.TestCaseMain.startTestSuite(TestCaseMain.java:142)
	at com.kms.katalon.core.main.TestCaseMain$startTestSuite$0.call(Unknown Source)
	at org.codehaus.groovy.runtime.callsite.CallSiteArray.defaultCall(CallSiteArray.java:48)
	at org.codehaus.groovy.runtime.callsite.AbstractCallSite.call(AbstractCallSite.java:113)
	at org.codehaus.groovy.runtime.callsite.AbstractCallSite.call(AbstractCallSite.java:141)
	at TempTestSuite1543837419088.run(TempTestSuite1543837419088.groovy:36)
	at groovy.lang.GroovyShell.runScriptOrMainOrTestOrRunnable(GroovyShell.java:263)
	at groovy.lang.GroovyShell.run(GroovyShell.java:518)
	at groovy.lang.GroovyShell.run(GroovyShell.java:507)
	at groovy.ui.GroovyMain.processOnce(GroovyMain.java:653)
	at groovy.ui.GroovyMain.run(GroovyMain.java:384)
	at groovy.ui.GroovyMain.process(GroovyMain.java:370)
	at groovy.ui.GroovyMain.processArgs(GroovyMain.java:129)
	at groovy.ui.GroovyMain.main(GroovyMain.java:109)
	at sun.reflect.NativeMethodAccessorImpl.invoke0(Native Method)
	at sun.reflect.NativeMethodAccessorImpl.invoke(NativeMethodAccessorImpl.java:62)
	at sun.reflect.DelegatingMethodAccessorImpl.invoke(DelegatingMethodAccessorImpl.java:43)
	at java.lang.reflect.Method.invoke(Method.java:498)
	at org.codehaus.groovy.tools.GroovyStarter.rootLoader(GroovyStarter.java:109)
	at org.codehaus.groovy.tools.GroovyStarter.main(GroovyStarter.java:131)
)

2018-12-03 16:45:55 - [TEST_STEP][PASSED] - verifyElementText: Actual text and expected text of test object 'Object Repository/DashboardScreenElements/Validate_DashboardScreen' are matched.

2018-12-03 16:45:56 - [MESSAGE][PASSED] - Actual text and expected text of test object 'Object Repository/DashboardScreenElements/Validate_DashboardScreen' are matched.

2018-12-03 16:45:56 - [TEST_STEP][PASSED] - com.ct.qa.keywords.CommonKeywords.selectday: com.ct.qa.keywords.CommonKeywords.selectday is PASSED

2018-12-03 16:45:56 - [MESSAGE][WARNING] - Timeout '0' is invalid. Using default page load timeout: '6'

2018-12-03 16:45:57 - [MESSAGE][PASSED] - Tapped on element 'Object Repository/DashboardScreenElements/DaysDropdownMenu'

2018-12-03 16:45:57 - [MESSAGE][WARNING] - Timeout '0' is invalid. Using default page load timeout: '6'

2018-12-03 16:45:58 - [MESSAGE][PASSED] - Element 'Object Repository/DashboardScreenElements/Validate_DaysListScreen' is exist

2018-12-03 16:45:59 - [MESSAGE][PASSED] - com.ct.qa.keywords.CommonKeywords.selectday is PASSED

2018-12-03 16:45:59 - [TEST_STEP][PASSED] - tap: Tapped on element 'Object Repository/DashboardScreenElements/StartYourDay'

2018-12-03 16:45:59 - [MESSAGE][WARNING] - Timeout '0' is invalid. Using default page load timeout: '6'

2018-12-03 16:46:00 - [MESSAGE][PASSED] - Tapped on element 'Object Repository/DashboardScreenElements/StartYourDay'

2018-12-03 16:46:00 - [TEST_STEP][PASSED] - verifyElementText: Actual text and expected text of test object 'Object Repository/Validate_ShopListScreen' are matched.

2018-12-03 16:46:01 - [MESSAGE][PASSED] - Actual text and expected text of test object 'Object Repository/Validate_ShopListScreen' are matched.

2018-12-03 16:46:01 - [TEST_STEP][FAILED] - com.ct.qa.keywords.ShopVisitingScenariosKeywords.visitShopWith_DataVerification: Failed to tap on element 'Object Repository/CommonScreenElements/DoneButton' (Root cause: Object Object Repository/CommonScreenElements/DoneButton not found)

2018-12-03 16:46:04 - [MESSAGE][PASSED] - Actual text and expected text of test object 'Object Repository/Validate_ShopOptionsScreen' are matched.

2018-12-03 16:46:06 - [MESSAGE][WARNING] - Timeout '0' is invalid. Using default page load timeout: '6'

2018-12-03 16:46:07 - [MESSAGE][PASSED] - Tapped on element 'Object Repository/StartWorking'

2018-12-03 16:46:22 - [MESSAGE][PASSED] - Delayed 15 second(s)

2018-12-03 16:46:22 - [MESSAGE][PASSED] - Element 'Object Repository/CommonScreenElements/Validate_MapScreen' is exist

2018-12-03 16:46:22 - [MESSAGE][WARNING] - Timeout '0' is invalid. Using default page load timeout: '6'

2018-12-03 16:46:23 - [MESSAGE][PASSED] - Tapped on element 'Object Repository/CommonScreenElements/Location_CheckIn'

2018-12-03 16:46:23 - [MESSAGE][WARNING] - Timeout '0' is invalid. Using default page load timeout: '6'

2018-12-03 16:46:24 - [MESSAGE][PASSED] - Element 'Object Repository/CommonScreenElements/Validate_InfoPopUP' is exist

2018-12-03 16:46:24 - [MESSAGE][WARNING] - Timeout '0' is invalid. Using default page load timeout: '6'

2018-12-03 16:46:25 - [MESSAGE][PASSED] - Tapped on element 'Object Repository/CommonScreenElements/InfoPopUp_NoButton'

2018-12-03 16:46:25 - [TEST_CASE][PASSED] - Test Cases/ShopOpen/VisitShopOpen: Test Cases/ShopOpen/VisitShopOpen

2018-12-03 16:46:25 - [TEST_STEP][PASSED] - verifyElementExist: Element 'Object Repository/ShopActions_List' is exist

2018-12-03 16:46:25 - [MESSAGE][WARNING] - Timeout '0' is invalid. Using default page load timeout: '6'

2018-12-03 16:46:26 - [MESSAGE][PASSED] - Element 'Object Repository/ShopActions_List' is exist

2018-12-03 16:46:26 - [TEST_STEP][PASSED] - tap: Tapped on element 'Object Repository/ShopOpen/ShopOpen'

2018-12-03 16:46:26 - [MESSAGE][WARNING] - Timeout '0' is invalid. Using default page load timeout: '6'

2018-12-03 16:46:28 - [MESSAGE][PASSED] - Tapped on element 'Object Repository/ShopOpen/ShopOpen'

2018-12-03 16:46:28 - [TEST_STEP][PASSED] - verifyElementExist: Element 'Object Repository/CommonScreenElements/Validate_CameraScreen' is exist

2018-12-03 16:46:28 - [MESSAGE][WARNING] - Timeout '0' is invalid. Using default page load timeout: '6'

2018-12-03 16:46:29 - [MESSAGE][PASSED] - Element 'Object Repository/CommonScreenElements/Validate_CameraScreen' is exist

2018-12-03 16:46:29 - [TEST_STEP][PASSED] - tap: Tapped on element 'Object Repository/CommonScreenElements/TakePictureButton'

2018-12-03 16:46:29 - [MESSAGE][WARNING] - Timeout '0' is invalid. Using default page load timeout: '6'

2018-12-03 16:46:33 - [MESSAGE][PASSED] - Tapped on element 'Object Repository/CommonScreenElements/TakePictureButton'

2018-12-03 16:46:33 - [TEST_STEP][PASSED] - delay: Delayed 5 second(s)

2018-12-03 16:46:38 - [MESSAGE][PASSED] - Delayed 5 second(s)

2018-12-03 16:46:38 - [TEST_STEP][PASSED] - tap: Tapped on element 'Object Repository/CommonScreenElements/DoneButton'

2018-12-03 16:46:38 - [MESSAGE][WARNING] - Timeout '0' is invalid. Using default page load timeout: '6'

2018-12-03 16:46:39 - [MESSAGE][PASSED] - Tapped on element 'Object Repository/CommonScreenElements/DoneButton'

2018-12-03 16:46:39 - [MESSAGE][PASSED] - Call Test Case 'Test Cases/ShopOpen/VisitShopOpen' successfully

2018-12-03 16:46:39 - [TEST_CASE][PASSED] - Test Cases/ShopOpen/VisitCategoryScenarios/VisitShopCategoriesWithDataVerification: Test Cases/ShopOpen/VisitCategoryScenarios/VisitShopCategoriesWithDataVerification

2018-12-03 16:46:39 - [TEST_STEP][PASSED] - verifyElementExist: Element 'Object Repository/ShopOpen/Validate_ShopCategoriesListScreen' is exist

2018-12-03 16:46:39 - [MESSAGE][WARNING] - Timeout '0' is invalid. Using default page load timeout: '6'

2018-12-03 16:46:40 - [MESSAGE][PASSED] - Element 'Object Repository/ShopOpen/Validate_ShopCategoriesListScreen' is exist

2018-12-03 16:46:40 - [TEST_STEP][PASSED] - com.ct.qa.keywords.CategoryVisitingScenariosKeywords.visitShopCategoriesWithDataVerification: com.ct.qa.keywords.CategoryVisitingScenariosKeywords.visitShopCategoriesWithDataVerification is PASSED

2018-12-03 16:46:45 - [MESSAGE][PASSED] - Swiped from 0,293 to 0,200

2018-12-03 16:46:48 - [MESSAGE][PASSED] - Swiped from 0,293 to 0,200

2018-12-03 16:46:51 - [MESSAGE][PASSED] - Swiped from 0,293 to 0,200

2018-12-03 16:46:54 - [MESSAGE][PASSED] - Swiped from 0,293 to 0,200

2018-12-03 16:46:57 - [MESSAGE][PASSED] - Swiped from 0,293 to 0,200

2018-12-03 16:47:01 - [MESSAGE][PASSED] - Swiped from 0,293 to 0,200

2018-12-03 16:47:04 - [MESSAGE][PASSED] - Swiped from 0,293 to 0,200

2018-12-03 16:47:07 - [MESSAGE][PASSED] - Swiped from 0,293 to 0,200

2018-12-03 16:47:10 - [MESSAGE][PASSED] - Swiped from 0,293 to 0,200

2018-12-03 16:47:13 - [MESSAGE][PASSED] - Swiped from 0,293 to 0,200

2018-12-03 16:47:16 - [MESSAGE][PASSED] - Swiped from 0,293 to 0,200

2018-12-03 16:47:19 - [MESSAGE][PASSED] - Swiped from 0,200 to 0,750

2018-12-03 16:47:19 - [MESSAGE][PASSED] - Swiped from 0,200 to 0,750

2018-12-03 16:47:22 - [MESSAGE][WARNING] - Timeout '0' is invalid. Using default page load timeout: '6'

2018-12-03 16:47:29 - [MESSAGE][WARNING] - Element 'Object Repository/CommonScreenElements/Validate_CameraScreen' not found
[[ATTACHMENT|F:\\Git Projects\\MMA_Merchandising\\MMA_Merchandising\\Reports\\MMA Merchandising With Channel Wise Data Verification\\20181203_164339\\1543837648209.png]]

2018-12-03 16:47:29 - [TEST_CASE][PASSED] - Test Cases/ShopOpen/Chiller/VisitChillerWithChillerNotAllocated: Test Cases/ShopOpen/Chiller/VisitChillerWithChillerNotAllocated

2018-12-03 16:47:29 - [TEST_STEP][PASSED] - verifyElementText: Actual text and expected text of test object 'Object Repository/ShopOpen/Chiller/Validate_ChillerScreen' are matched.

2018-12-03 16:47:29 - [MESSAGE][PASSED] - Actual text and expected text of test object 'Object Repository/ShopOpen/Chiller/Validate_ChillerScreen' are matched.

2018-12-03 16:47:29 - [TEST_STEP][PASSED] - tap: Tapped on element 'Object Repository/ShopOpen/Chiller/ChillerNotAllocated'

2018-12-03 16:47:29 - [MESSAGE][WARNING] - Timeout '0' is invalid. Using default page load timeout: '6'

2018-12-03 16:47:30 - [MESSAGE][PASSED] - Tapped on element 'Object Repository/ShopOpen/Chiller/ChillerNotAllocated'

2018-12-03 16:47:30 - [TEST_STEP][PASSED] - verifyElementText: Actual text and expected text of test object 'Object Repository/ShopOpen/Chiller/Validate_ChillerNotAllocatedProductCategoryScreen' are matched.

2018-12-03 16:47:31 - [MESSAGE][PASSED] - Actual text and expected text of test object 'Object Repository/ShopOpen/Chiller/Validate_ChillerNotAllocatedProductCategoryScreen' are matched.

2018-12-03 16:47:31 - [TEST_STEP][PASSED] - com.ct.qa.keywords.ChannelProductsDataKeywords.visitChillerNotAllocatedProductCategories: com.ct.qa.keywords.ChannelProductsDataKeywords.visitChillerNotAllocatedProductCategories is PASSED

2018-12-03 16:47:35 - [TEST_CASE][PASSED] - Test Cases/ShopOpen/Chiller/VisitProductCategoryAssets: Test Cases/ShopOpen/Chiller/VisitProductCategoryAssets

2018-12-03 16:47:35 - [TEST_STEP][PASSED] - verifyElementText: Actual text and expected text of test object 'Object Repository/ShopOpen/Chiller/Validate_ProductCategoryAssetsScreen' are matched.

2018-12-03 16:47:36 - [MESSAGE][PASSED] - Actual text and expected text of test object 'Object Repository/ShopOpen/Chiller/Validate_ProductCategoryAssetsScreen' are matched.

2018-12-03 16:47:36 - [TEST_STEP][PASSED] - tap: Tapped on element 'Object Repository/ShopOpen/Chiller/Facing'

2018-12-03 16:47:36 - [MESSAGE][WARNING] - Timeout '0' is invalid. Using default page load timeout: '6'

2018-12-03 16:47:37 - [MESSAGE][PASSED] - Tapped on element 'Object Repository/ShopOpen/Chiller/Facing'

2018-12-03 16:47:37 - [TEST_STEP][PASSED] - verifyElementText: Actual text and expected text of test object 'Object Repository/ShopOpen/Chiller/Validate_FacingScreen' are matched.

2018-12-03 16:47:39 - [MESSAGE][PASSED] - Actual text and expected text of test object 'Object Repository/ShopOpen/Chiller/Validate_FacingScreen' are matched.

2018-12-03 16:47:39 - [TEST_STEP][PASSED] - com.ct.qa.keywords.ChannelProductsDataKeywords.visitChannelWiseProductsData: com.ct.qa.keywords.ChannelProductsDataKeywords.visitChannelWiseProductsData is PASSED

2018-12-03 16:47:43 - [MESSAGE][PASSED] - Keyboard is hidden

2018-12-03 16:47:46 - [MESSAGE][PASSED] - Keyboard is hidden

2018-12-03 16:47:49 - [MESSAGE][PASSED] - Keyboard is hidden

2018-12-03 16:47:52 - [MESSAGE][PASSED] - Keyboard is hidden

2018-12-03 16:47:55 - [MESSAGE][PASSED] - Keyboard is hidden

2018-12-03 16:47:58 - [MESSAGE][PASSED] - Keyboard is hidden

2018-12-03 16:48:00 - [MESSAGE][PASSED] - Swiped from 55,359 to 55,250

2018-12-03 16:48:04 - [MESSAGE][PASSED] - Keyboard is hidden

2018-12-03 16:48:05 - [MESSAGE][PASSED] - Swiped from 55,359 to 55,250

2018-12-03 16:48:09 - [MESSAGE][PASSED] - Keyboard is hidden

2018-12-03 16:48:10 - [MESSAGE][PASSED] - Swiped from 55,359 to 55,250

2018-12-03 16:48:14 - [MESSAGE][PASSED] - Keyboard is hidden

2018-12-03 16:48:15 - [MESSAGE][PASSED] - Swiped from 55,359 to 55,250

2018-12-03 16:48:16 - [MESSAGE][PASSED] - com.ct.qa.keywords.ChannelProductsDataKeywords.visitChannelWiseProductsData is PASSED

2018-12-03 16:48:16 - [TEST_STEP][PASSED] - tap: Tapped on element 'Object Repository/ShopOpen/Chiller/SubmitButton'

2018-12-03 16:48:16 - [MESSAGE][WARNING] - Timeout '0' is invalid. Using default page load timeout: '6'

2018-12-03 16:48:17 - [MESSAGE][PASSED] - Tapped on element 'Object Repository/ShopOpen/Chiller/SubmitButton'

2018-12-03 16:48:17 - [TEST_STEP][PASSED] - verifyElementText: Actual text and expected text of test object 'Object Repository/ShopOpen/Chiller/Validate_ProductCategoryAssetsScreen' are matched.

2018-12-03 16:48:18 - [MESSAGE][PASSED] - Actual text and expected text of test object 'Object Repository/ShopOpen/Chiller/Validate_ProductCategoryAssetsScreen' are matched.

2018-12-03 16:48:18 - [TEST_STEP][PASSED] - tap: Tapped on element 'Object Repository/ShopOpen/Chiller/StockTaking'

2018-12-03 16:48:18 - [MESSAGE][WARNING] - Timeout '0' is invalid. Using default page load timeout: '6'

2018-12-03 16:48:18 - [MESSAGE][PASSED] - Tapped on element 'Object Repository/ShopOpen/Chiller/StockTaking'

2018-12-03 16:48:18 - [TEST_STEP][PASSED] - verifyElementText: Actual text and expected text of test object 'Object Repository/ShopOpen/Chiller/Validate_StockTakingScreen' are matched.

2018-12-03 16:48:20 - [MESSAGE][PASSED] - Actual text and expected text of test object 'Object Repository/ShopOpen/Chiller/Validate_StockTakingScreen' are matched.

2018-12-03 16:48:20 - [TEST_STEP][PASSED] - com.ct.qa.keywords.ChannelProductsDataKeywords.visitChannelWiseProductsData: com.ct.qa.keywords.ChannelProductsDataKeywords.visitChannelWiseProductsData is PASSED

2018-12-03 16:48:24 - [MESSAGE][PASSED] - Keyboard is hidden

2018-12-03 16:48:27 - [MESSAGE][PASSED] - Keyboard is hidden

2018-12-03 16:48:30 - [MESSAGE][PASSED] - Keyboard is hidden

2018-12-03 16:48:33 - [MESSAGE][PASSED] - Keyboard is hidden

2018-12-03 16:48:36 - [MESSAGE][PASSED] - Keyboard is hidden

2018-12-03 16:48:39 - [MESSAGE][PASSED] - Keyboard is hidden

2018-12-03 16:48:41 - [MESSAGE][PASSED] - Swiped from 55,359 to 55,250

2018-12-03 16:48:45 - [MESSAGE][PASSED] - Keyboard is hidden

2018-12-03 16:48:46 - [MESSAGE][PASSED] - Swiped from 55,359 to 55,250

2018-12-03 16:48:50 - [MESSAGE][PASSED] - Keyboard is hidden

2018-12-03 16:48:51 - [MESSAGE][PASSED] - Swiped from 55,359 to 55,250

2018-12-03 16:48:55 - [MESSAGE][PASSED] - Keyboard is hidden

2018-12-03 16:48:56 - [MESSAGE][PASSED] - Swiped from 55,359 to 55,250

2018-12-03 16:48:57 - [MESSAGE][PASSED] - com.ct.qa.keywords.ChannelProductsDataKeywords.visitChannelWiseProductsData is PASSED

2018-12-03 16:48:57 - [TEST_STEP][PASSED] - tap: Tapped on element 'Object Repository/ShopOpen/Chiller/SubmitButton'

2018-12-03 16:48:57 - [MESSAGE][WARNING] - Timeout '0' is invalid. Using default page load timeout: '6'

2018-12-03 16:48:58 - [MESSAGE][PASSED] - Tapped on element 'Object Repository/ShopOpen/Chiller/SubmitButton'

2018-12-03 16:48:58 - [TEST_STEP][PASSED] - verifyElementText: Actual text and expected text of test object 'Object Repository/ShopOpen/Chiller/Validate_ProductCategoryAssetsScreen' are matched.

2018-12-03 16:48:59 - [MESSAGE][PASSED] - Actual text and expected text of test object 'Object Repository/ShopOpen/Chiller/Validate_ProductCategoryAssetsScreen' are matched.

2018-12-03 16:48:59 - [TEST_STEP][PASSED] - tap: Tapped on element 'Object Repository/ShopOpen/Chiller/ChillerNotAllocatedProductCategory_BackButton'

2018-12-03 16:48:59 - [MESSAGE][WARNING] - Timeout '0' is invalid. Using default page load timeout: '6'

2018-12-03 16:48:59 - [MESSAGE][PASSED] - Tapped on element 'Object Repository/ShopOpen/Chiller/ChillerNotAllocatedProductCategory_BackButton'

2018-12-03 16:48:59 - [MESSAGE][PASSED] - Call Test Case 'Test Cases/ShopOpen/Chiller/VisitProductCategoryAssets' successfully

2018-12-03 16:49:00 - [MESSAGE][PASSED] - Actual text and expected text of test object 'Object Repository/ShopOpen/Chiller/Validate_ChillerNotAllocatedProductCategoryScreen' are matched.

2018-12-03 16:49:01 - [TEST_CASE][PASSED] - Test Cases/ShopOpen/Chiller/VisitProductCategoryAssets: Test Cases/ShopOpen/Chiller/VisitProductCategoryAssets

2018-12-03 16:49:01 - [TEST_STEP][PASSED] - verifyElementText: Actual text and expected text of test object 'Object Repository/ShopOpen/Chiller/Validate_ProductCategoryAssetsScreen' are matched.

2018-12-03 16:49:02 - [MESSAGE][PASSED] - Actual text and expected text of test object 'Object Repository/ShopOpen/Chiller/Validate_ProductCategoryAssetsScreen' are matched.

2018-12-03 16:49:02 - [TEST_STEP][PASSED] - tap: Tapped on element 'Object Repository/ShopOpen/Chiller/Facing'

2018-12-03 16:49:02 - [MESSAGE][WARNING] - Timeout '0' is invalid. Using default page load timeout: '6'

2018-12-03 16:49:03 - [MESSAGE][PASSED] - Tapped on element 'Object Repository/ShopOpen/Chiller/Facing'

2018-12-03 16:49:03 - [TEST_STEP][PASSED] - verifyElementText: Actual text and expected text of test object 'Object Repository/ShopOpen/Chiller/Validate_FacingScreen' are matched.

2018-12-03 16:49:04 - [MESSAGE][PASSED] - Actual text and expected text of test object 'Object Repository/ShopOpen/Chiller/Validate_FacingScreen' are matched.

2018-12-03 16:49:04 - [TEST_STEP][PASSED] - com.ct.qa.keywords.ChannelProductsDataKeywords.visitChannelWiseProductsData: com.ct.qa.keywords.ChannelProductsDataKeywords.visitChannelWiseProductsData is PASSED

2018-12-03 16:49:09 - [MESSAGE][PASSED] - Keyboard is hidden

2018-12-03 16:49:12 - [MESSAGE][PASSED] - Keyboard is hidden

2018-12-03 16:49:15 - [MESSAGE][PASSED] - Keyboard is hidden

2018-12-03 16:49:18 - [MESSAGE][PASSED] - Keyboard is hidden

2018-12-03 16:49:21 - [MESSAGE][PASSED] - Keyboard is hidden

2018-12-03 16:49:24 - [MESSAGE][PASSED] - Keyboard is hidden

2018-12-03 16:49:26 - [MESSAGE][PASSED] - Swiped from 23,359 to 23,250

2018-12-03 16:49:30 - [MESSAGE][PASSED] - Keyboard is hidden

2018-12-03 16:49:31 - [MESSAGE][PASSED] - Swiped from 23,359 to 23,250

2018-12-03 16:49:35 - [MESSAGE][PASSED] - Keyboard is hidden

2018-12-03 16:49:36 - [MESSAGE][PASSED] - Swiped from 23,359 to 23,250

2018-12-03 16:49:37 - [MESSAGE][PASSED] - com.ct.qa.keywords.ChannelProductsDataKeywords.visitChannelWiseProductsData is PASSED

2018-12-03 16:49:37 - [TEST_STEP][PASSED] - tap: Tapped on element 'Object Repository/ShopOpen/Chiller/SubmitButton'

2018-12-03 16:49:37 - [MESSAGE][WARNING] - Timeout '0' is invalid. Using default page load timeout: '6'

2018-12-03 16:49:38 - [MESSAGE][PASSED] - Tapped on element 'Object Repository/ShopOpen/Chiller/SubmitButton'

2018-12-03 16:49:38 - [TEST_STEP][PASSED] - verifyElementText: Actual text and expected text of test object 'Object Repository/ShopOpen/Chiller/Validate_ProductCategoryAssetsScreen' are matched.

2018-12-03 16:49:39 - [MESSAGE][PASSED] - Actual text and expected text of test object 'Object Repository/ShopOpen/Chiller/Validate_ProductCategoryAssetsScreen' are matched.

2018-12-03 16:49:39 - [TEST_STEP][PASSED] - tap: Tapped on element 'Object Repository/ShopOpen/Chiller/StockTaking'

2018-12-03 16:49:39 - [MESSAGE][WARNING] - Timeout '0' is invalid. Using default page load timeout: '6'

2018-12-03 16:49:39 - [MESSAGE][PASSED] - Tapped on element 'Object Repository/ShopOpen/Chiller/StockTaking'

2018-12-03 16:49:39 - [TEST_STEP][PASSED] - verifyElementText: Actual text and expected text of test object 'Object Repository/ShopOpen/Chiller/Validate_StockTakingScreen' are matched.

2018-12-03 16:49:41 - [MESSAGE][PASSED] - Actual text and expected text of test object 'Object Repository/ShopOpen/Chiller/Validate_StockTakingScreen' are matched.

2018-12-03 16:49:41 - [TEST_STEP][PASSED] - com.ct.qa.keywords.ChannelProductsDataKeywords.visitChannelWiseProductsData: com.ct.qa.keywords.ChannelProductsDataKeywords.visitChannelWiseProductsData is PASSED

2018-12-03 16:49:45 - [MESSAGE][PASSED] - Keyboard is hidden

2018-12-03 16:49:48 - [MESSAGE][PASSED] - Keyboard is hidden

2018-12-03 16:49:51 - [MESSAGE][PASSED] - Keyboard is hidden

2018-12-03 16:49:54 - [MESSAGE][PASSED] - Keyboard is hidden

2018-12-03 16:49:57 - [MESSAGE][PASSED] - Keyboard is hidden

2018-12-03 16:50:00 - [MESSAGE][PASSED] - Keyboard is hidden

2018-12-03 16:50:02 - [MESSAGE][PASSED] - Swiped from 23,359 to 23,250

2018-12-03 16:50:06 - [MESSAGE][PASSED] - Keyboard is hidden

2018-12-03 16:50:07 - [MESSAGE][PASSED] - Swiped from 23,359 to 23,250

2018-12-03 16:50:11 - [MESSAGE][PASSED] - Keyboard is hidden

2018-12-03 16:50:12 - [MESSAGE][PASSED] - Swiped from 23,359 to 23,250

2018-12-03 16:50:13 - [MESSAGE][PASSED] - com.ct.qa.keywords.ChannelProductsDataKeywords.visitChannelWiseProductsData is PASSED

2018-12-03 16:50:13 - [TEST_STEP][PASSED] - tap: Tapped on element 'Object Repository/ShopOpen/Chiller/SubmitButton'

2018-12-03 16:50:13 - [MESSAGE][WARNING] - Timeout '0' is invalid. Using default page load timeout: '6'

2018-12-03 16:50:14 - [MESSAGE][PASSED] - Tapped on element 'Object Repository/ShopOpen/Chiller/SubmitButton'

2018-12-03 16:50:14 - [TEST_STEP][PASSED] - verifyElementText: Actual text and expected text of test object 'Object Repository/ShopOpen/Chiller/Validate_ProductCategoryAssetsScreen' are matched.

2018-12-03 16:50:15 - [MESSAGE][PASSED] - Actual text and expected text of test object 'Object Repository/ShopOpen/Chiller/Validate_ProductCategoryAssetsScreen' are matched.

2018-12-03 16:50:15 - [TEST_STEP][PASSED] - tap: Tapped on element 'Object Repository/ShopOpen/Chiller/ChillerNotAllocatedProductCategory_BackButton'

2018-12-03 16:50:15 - [MESSAGE][WARNING] - Timeout '0' is invalid. Using default page load timeout: '6'

2018-12-03 16:50:15 - [MESSAGE][PASSED] - Tapped on element 'Object Repository/ShopOpen/Chiller/ChillerNotAllocatedProductCategory_BackButton'

2018-12-03 16:50:15 - [MESSAGE][PASSED] - Call Test Case 'Test Cases/ShopOpen/Chiller/VisitProductCategoryAssets' successfully

2018-12-03 16:50:16 - [MESSAGE][PASSED] - Actual text and expected text of test object 'Object Repository/ShopOpen/Chiller/Validate_ChillerNotAllocatedProductCategoryScreen' are matched.

2018-12-03 16:50:17 - [TEST_CASE][PASSED] - Test Cases/ShopOpen/Chiller/VisitProductCategoryAssets: Test Cases/ShopOpen/Chiller/VisitProductCategoryAssets

2018-12-03 16:50:17 - [TEST_STEP][PASSED] - verifyElementText: Actual text and expected text of test object 'Object Repository/ShopOpen/Chiller/Validate_ProductCategoryAssetsScreen' are matched.

2018-12-03 16:50:18 - [MESSAGE][PASSED] - Actual text and expected text of test object 'Object Repository/ShopOpen/Chiller/Validate_ProductCategoryAssetsScreen' are matched.

2018-12-03 16:50:18 - [TEST_STEP][PASSED] - tap: Tapped on element 'Object Repository/ShopOpen/Chiller/Facing'

2018-12-03 16:50:18 - [MESSAGE][WARNING] - Timeout '0' is invalid. Using default page load timeout: '6'

2018-12-03 16:50:19 - [MESSAGE][PASSED] - Tapped on element 'Object Repository/ShopOpen/Chiller/Facing'

2018-12-03 16:50:19 - [TEST_STEP][PASSED] - verifyElementText: Actual text and expected text of test object 'Object Repository/ShopOpen/Chiller/Validate_FacingScreen' are matched.

2018-12-03 16:50:20 - [MESSAGE][PASSED] - Actual text and expected text of test object 'Object Repository/ShopOpen/Chiller/Validate_FacingScreen' are matched.

2018-12-03 16:50:20 - [TEST_STEP][PASSED] - com.ct.qa.keywords.ChannelProductsDataKeywords.visitChannelWiseProductsData: com.ct.qa.keywords.ChannelProductsDataKeywords.visitChannelWiseProductsData is PASSED

2018-12-03 16:50:24 - [MESSAGE][PASSED] - Keyboard is hidden

2018-12-03 16:50:24 - [MESSAGE][PASSED] - com.ct.qa.keywords.ChannelProductsDataKeywords.visitChannelWiseProductsData is PASSED

2018-12-03 16:50:24 - [TEST_STEP][PASSED] - tap: Tapped on element 'Object Repository/ShopOpen/Chiller/SubmitButton'

2018-12-03 16:50:24 - [MESSAGE][WARNING] - Timeout '0' is invalid. Using default page load timeout: '6'

2018-12-03 16:50:25 - [MESSAGE][PASSED] - Tapped on element 'Object Repository/ShopOpen/Chiller/SubmitButton'

2018-12-03 16:50:25 - [TEST_STEP][PASSED] - verifyElementText: Actual text and expected text of test object 'Object Repository/ShopOpen/Chiller/Validate_ProductCategoryAssetsScreen' are matched.

2018-12-03 16:50:25 - [MESSAGE][PASSED] - Actual text and expected text of test object 'Object Repository/ShopOpen/Chiller/Validate_ProductCategoryAssetsScreen' are matched.

2018-12-03 16:50:25 - [TEST_STEP][PASSED] - tap: Tapped on element 'Object Repository/ShopOpen/Chiller/StockTaking'

2018-12-03 16:50:25 - [MESSAGE][WARNING] - Timeout '0' is invalid. Using default page load timeout: '6'

2018-12-03 16:50:26 - [MESSAGE][PASSED] - Tapped on element 'Object Repository/ShopOpen/Chiller/StockTaking'

2018-12-03 16:50:26 - [TEST_STEP][PASSED] - verifyElementText: Actual text and expected text of test object 'Object Repository/ShopOpen/Chiller/Validate_StockTakingScreen' are matched.

2018-12-03 16:50:27 - [MESSAGE][PASSED] - Actual text and expected text of test object 'Object Repository/ShopOpen/Chiller/Validate_StockTakingScreen' are matched.

2018-12-03 16:50:27 - [TEST_STEP][PASSED] - com.ct.qa.keywords.ChannelProductsDataKeywords.visitChannelWiseProductsData: com.ct.qa.keywords.ChannelProductsDataKeywords.visitChannelWiseProductsData is PASSED

2018-12-03 16:50:31 - [MESSAGE][PASSED] - Keyboard is hidden

2018-12-03 16:50:31 - [MESSAGE][PASSED] - com.ct.qa.keywords.ChannelProductsDataKeywords.visitChannelWiseProductsData is PASSED

2018-12-03 16:50:31 - [TEST_STEP][PASSED] - tap: Tapped on element 'Object Repository/ShopOpen/Chiller/SubmitButton'

2018-12-03 16:50:31 - [MESSAGE][WARNING] - Timeout '0' is invalid. Using default page load timeout: '6'

2018-12-03 16:50:32 - [MESSAGE][PASSED] - Tapped on element 'Object Repository/ShopOpen/Chiller/SubmitButton'

2018-12-03 16:50:32 - [TEST_STEP][PASSED] - verifyElementText: Actual text and expected text of test object 'Object Repository/ShopOpen/Chiller/Validate_ProductCategoryAssetsScreen' are matched.

2018-12-03 16:50:33 - [MESSAGE][PASSED] - Actual text and expected text of test object 'Object Repository/ShopOpen/Chiller/Validate_ProductCategoryAssetsScreen' are matched.

2018-12-03 16:50:33 - [TEST_STEP][PASSED] - tap: Tapped on element 'Object Repository/ShopOpen/Chiller/ChillerNotAllocatedProductCategory_BackButton'

2018-12-03 16:50:33 - [MESSAGE][WARNING] - Timeout '0' is invalid. Using default page load timeout: '6'

2018-12-03 16:50:33 - [MESSAGE][PASSED] - Tapped on element 'Object Repository/ShopOpen/Chiller/ChillerNotAllocatedProductCategory_BackButton'

2018-12-03 16:50:33 - [MESSAGE][PASSED] - Call Test Case 'Test Cases/ShopOpen/Chiller/VisitProductCategoryAssets' successfully

2018-12-03 16:50:34 - [MESSAGE][PASSED] - Actual text and expected text of test object 'Object Repository/ShopOpen/Chiller/Validate_ChillerNotAllocatedProductCategoryScreen' are matched.

2018-12-03 16:50:35 - [TEST_CASE][PASSED] - Test Cases/ShopOpen/Chiller/VisitProductCategoryAssets: Test Cases/ShopOpen/Chiller/VisitProductCategoryAssets

2018-12-03 16:50:35 - [TEST_STEP][PASSED] - verifyElementText: Actual text and expected text of test object 'Object Repository/ShopOpen/Chiller/Validate_ProductCategoryAssetsScreen' are matched.

2018-12-03 16:50:36 - [MESSAGE][PASSED] - Actual text and expected text of test object 'Object Repository/ShopOpen/Chiller/Validate_ProductCategoryAssetsScreen' are matched.

2018-12-03 16:50:36 - [TEST_STEP][PASSED] - tap: Tapped on element 'Object Repository/ShopOpen/Chiller/Facing'

2018-12-03 16:50:36 - [MESSAGE][WARNING] - Timeout '0' is invalid. Using default page load timeout: '6'

2018-12-03 16:50:37 - [MESSAGE][PASSED] - Tapped on element 'Object Repository/ShopOpen/Chiller/Facing'

2018-12-03 16:50:37 - [TEST_STEP][PASSED] - verifyElementText: Actual text and expected text of test object 'Object Repository/ShopOpen/Chiller/Validate_FacingScreen' are matched.

2018-12-03 16:50:38 - [MESSAGE][PASSED] - Actual text and expected text of test object 'Object Repository/ShopOpen/Chiller/Validate_FacingScreen' are matched.

2018-12-03 16:50:38 - [TEST_STEP][PASSED] - com.ct.qa.keywords.ChannelProductsDataKeywords.visitChannelWiseProductsData: com.ct.qa.keywords.ChannelProductsDataKeywords.visitChannelWiseProductsData is PASSED

2018-12-03 16:50:43 - [MESSAGE][PASSED] - Keyboard is hidden

2018-12-03 16:50:46 - [MESSAGE][PASSED] - Keyboard is hidden

2018-12-03 16:50:49 - [MESSAGE][PASSED] - Keyboard is hidden

2018-12-03 16:50:50 - [MESSAGE][PASSED] - com.ct.qa.keywords.ChannelProductsDataKeywords.visitChannelWiseProductsData is PASSED

2018-12-03 16:50:50 - [TEST_STEP][PASSED] - tap: Tapped on element 'Object Repository/ShopOpen/Chiller/SubmitButton'

2018-12-03 16:50:50 - [MESSAGE][WARNING] - Timeout '0' is invalid. Using default page load timeout: '6'

2018-12-03 16:50:51 - [MESSAGE][PASSED] - Tapped on element 'Object Repository/ShopOpen/Chiller/SubmitButton'

2018-12-03 16:50:51 - [TEST_STEP][PASSED] - verifyElementText: Actual text and expected text of test object 'Object Repository/ShopOpen/Chiller/Validate_ProductCategoryAssetsScreen' are matched.

2018-12-03 16:50:51 - [MESSAGE][PASSED] - Actual text and expected text of test object 'Object Repository/ShopOpen/Chiller/Validate_ProductCategoryAssetsScreen' are matched.

2018-12-03 16:50:51 - [TEST_STEP][PASSED] - tap: Tapped on element 'Object Repository/ShopOpen/Chiller/StockTaking'

2018-12-03 16:50:51 - [MESSAGE][WARNING] - Timeout '0' is invalid. Using default page load timeout: '6'

2018-12-03 16:50:52 - [MESSAGE][PASSED] - Tapped on element 'Object Repository/ShopOpen/Chiller/StockTaking'

2018-12-03 16:50:52 - [TEST_STEP][PASSED] - verifyElementText: Actual text and expected text of test object 'Object Repository/ShopOpen/Chiller/Validate_StockTakingScreen' are matched.

2018-12-03 16:50:53 - [MESSAGE][PASSED] - Actual text and expected text of test object 'Object Repository/ShopOpen/Chiller/Validate_StockTakingScreen' are matched.

2018-12-03 16:50:53 - [TEST_STEP][PASSED] - com.ct.qa.keywords.ChannelProductsDataKeywords.visitChannelWiseProductsData: com.ct.qa.keywords.ChannelProductsDataKeywords.visitChannelWiseProductsData is PASSED

2018-12-03 16:50:58 - [MESSAGE][PASSED] - Keyboard is hidden

2018-12-03 16:51:01 - [MESSAGE][PASSED] - Keyboard is hidden

2018-12-03 16:51:04 - [MESSAGE][PASSED] - Keyboard is hidden

2018-12-03 16:51:05 - [MESSAGE][PASSED] - com.ct.qa.keywords.ChannelProductsDataKeywords.visitChannelWiseProductsData is PASSED

2018-12-03 16:51:05 - [TEST_STEP][PASSED] - tap: Tapped on element 'Object Repository/ShopOpen/Chiller/SubmitButton'

2018-12-03 16:51:05 - [MESSAGE][WARNING] - Timeout '0' is invalid. Using default page load timeout: '6'

2018-12-03 16:51:06 - [MESSAGE][PASSED] - Tapped on element 'Object Repository/ShopOpen/Chiller/SubmitButton'

2018-12-03 16:51:06 - [TEST_STEP][PASSED] - verifyElementText: Actual text and expected text of test object 'Object Repository/ShopOpen/Chiller/Validate_ProductCategoryAssetsScreen' are matched.

2018-12-03 16:51:06 - [MESSAGE][PASSED] - Actual text and expected text of test object 'Object Repository/ShopOpen/Chiller/Validate_ProductCategoryAssetsScreen' are matched.

2018-12-03 16:51:06 - [TEST_STEP][PASSED] - tap: Tapped on element 'Object Repository/ShopOpen/Chiller/ChillerNotAllocatedProductCategory_BackButton'

2018-12-03 16:51:06 - [MESSAGE][WARNING] - Timeout '0' is invalid. Using default page load timeout: '6'

2018-12-03 16:51:07 - [MESSAGE][PASSED] - Tapped on element 'Object Repository/ShopOpen/Chiller/ChillerNotAllocatedProductCategory_BackButton'

2018-12-03 16:51:07 - [MESSAGE][PASSED] - Call Test Case 'Test Cases/ShopOpen/Chiller/VisitProductCategoryAssets' successfully

2018-12-03 16:51:08 - [MESSAGE][PASSED] - Actual text and expected text of test object 'Object Repository/ShopOpen/Chiller/Validate_ChillerNotAllocatedProductCategoryScreen' are matched.

2018-12-03 16:51:08 - [MESSAGE][PASSED] - com.ct.qa.keywords.ChannelProductsDataKeywords.visitChillerNotAllocatedProductCategories is PASSED

2018-12-03 16:51:08 - [TEST_STEP][PASSED] - verifyElementText: Actual text and expected text of test object 'Object Repository/ShopOpen/Chiller/Validate_ChillerNotAllocatedProductCategoryScreen' are matched.

2018-12-03 16:51:09 - [MESSAGE][PASSED] - Actual text and expected text of test object 'Object Repository/ShopOpen/Chiller/Validate_ChillerNotAllocatedProductCategoryScreen' are matched.

2018-12-03 16:51:09 - [TEST_STEP][PASSED] - com.ct.qa.keywords.CommonKeywords.visitPlanogramImageViewButton: com.ct.qa.keywords.CommonKeywords.visitPlanogramImageViewButton is PASSED

2018-12-03 16:51:10 - [MESSAGE][WARNING] - Timeout '0' is invalid. Using default page load timeout: '6'

2018-12-03 16:51:17 - [MESSAGE][WARNING] - Object Object Repository/CommonScreenElements/InfoPopUp_OKButton not found
[[ATTACHMENT|F:\\Git Projects\\MMA_Merchandising\\MMA_Merchandising\\Reports\\MMA Merchandising With Channel Wise Data Verification\\20181203_164339\\1543837876646.png]]

2018-12-03 16:51:18 - [MESSAGE][PASSED] - com.ct.qa.keywords.CommonKeywords.visitPlanogramImageViewButton is PASSED

2018-12-03 16:51:18 - [TEST_STEP][PASSED] - verifyElementText: Actual text and expected text of test object 'Object Repository/ShopOpen/Chiller/Validate_ChillerNotAllocatedProductCategoryScreen' are matched.

2018-12-03 16:51:18 - [MESSAGE][PASSED] - Actual text and expected text of test object 'Object Repository/ShopOpen/Chiller/Validate_ChillerNotAllocatedProductCategoryScreen' are matched.

2018-12-03 16:51:18 - [TEST_STEP][PASSED] - com.ct.qa.keywords.CommonKeywords.visitPictureImageViewButton: com.ct.qa.keywords.CommonKeywords.visitPictureImageViewButton is PASSED

2018-12-03 16:51:21 - [MESSAGE][WARNING] - Timeout '0' is invalid. Using default page load timeout: '6'

2018-12-03 16:51:22 - [MESSAGE][PASSED] - Element 'Object Repository/CommonScreenElements/Validate_CameraScreen' is exist

2018-12-03 16:51:22 - [MESSAGE][WARNING] - Timeout '0' is invalid. Using default page load timeout: '6'

2018-12-03 16:51:25 - [MESSAGE][PASSED] - Tapped on element 'Object Repository/CommonScreenElements/TakePictureButton'

2018-12-03 16:51:30 - [MESSAGE][PASSED] - Delayed 5 second(s)

2018-12-03 16:51:30 - [MESSAGE][WARNING] - Timeout '0' is invalid. Using default page load timeout: '6'

2018-12-03 16:51:31 - [MESSAGE][PASSED] - Tapped on element 'Object Repository/CommonScreenElements/DoneButton'

2018-12-03 16:51:31 - [MESSAGE][PASSED] - com.ct.qa.keywords.CommonKeywords.visitPictureImageViewButton is PASSED

2018-12-03 16:51:31 - [TEST_STEP][PASSED] - verifyElementText: Actual text and expected text of test object 'Object Repository/ShopOpen/Chiller/Validate_ChillerNotAllocatedProductCategoryScreen' are matched.

2018-12-03 16:51:32 - [MESSAGE][PASSED] - Actual text and expected text of test object 'Object Repository/ShopOpen/Chiller/Validate_ChillerNotAllocatedProductCategoryScreen' are matched.

2018-12-03 16:51:32 - [TEST_STEP][PASSED] - com.ct.qa.keywords.CommonKeywords.visitBackImageViewButton: com.ct.qa.keywords.CommonKeywords.visitBackImageViewButton is PASSED

2018-12-03 16:51:33 - [MESSAGE][PASSED] - com.ct.qa.keywords.CommonKeywords.visitBackImageViewButton is PASSED

2018-12-03 16:51:33 - [TEST_STEP][PASSED] - verifyElementExist: Element 'Object Repository/ShopOpen/Validate_ShopCategoriesListScreen' is exist

2018-12-03 16:51:33 - [MESSAGE][WARNING] - Timeout '0' is invalid. Using default page load timeout: '6'

2018-12-03 16:51:35 - [MESSAGE][PASSED] - Element 'Object Repository/ShopOpen/Validate_ShopCategoriesListScreen' is exist

2018-12-03 16:51:35 - [MESSAGE][PASSED] - Call Test Case 'Test Cases/ShopOpen/Chiller/VisitChillerWithChillerNotAllocated' successfully

2018-12-03 16:51:36 - [MESSAGE][WARNING] - Timeout '0' is invalid. Using default page load timeout: '6'

2018-12-03 16:51:43 - [MESSAGE][WARNING] - Element 'Object Repository/CommonScreenElements/Validate_CameraScreen' not found
[[ATTACHMENT|F:\\Git Projects\\MMA_Merchandising\\MMA_Merchandising\\Reports\\MMA Merchandising With Channel Wise Data Verification\\20181203_164339\\1543837902758.png]]

2018-12-03 16:51:43 - [TEST_CASE][PASSED] - Test Cases/ShopOpen/Nestrade/VisitNestradeWithDSA: Test Cases/ShopOpen/Nestrade/VisitNestradeWithDSA

2018-12-03 16:51:44 - [TEST_STEP][PASSED] - verifyElementText: Actual text and expected text of test object 'Object Repository/ShopOpen/RemainingCategories/Validate_MainCategoryDetailScreen' are matched.

2018-12-03 16:51:44 - [MESSAGE][PASSED] - Actual text and expected text of test object 'Object Repository/ShopOpen/RemainingCategories/Validate_MainCategoryDetailScreen' are matched.

2018-12-03 16:51:44 - [TEST_STEP][PASSED] - tap: Tapped on element 'Object Repository/ShopOpen/RemainingCategories/DisplaySpaceAvailable'

2018-12-03 16:51:44 - [MESSAGE][WARNING] - Timeout '0' is invalid. Using default page load timeout: '6'

2018-12-03 16:51:45 - [MESSAGE][PASSED] - Tapped on element 'Object Repository/ShopOpen/RemainingCategories/DisplaySpaceAvailable'

2018-12-03 16:51:45 - [TEST_STEP][PASSED] - verifyElementText: Actual text and expected text of test object 'Object Repository/ShopOpen/Nestrade/Validate_NestradePorductCategoryScreen' are matched.

2018-12-03 16:51:46 - [MESSAGE][PASSED] - Actual text and expected text of test object 'Object Repository/ShopOpen/Nestrade/Validate_NestradePorductCategoryScreen' are matched.

2018-12-03 16:51:46 - [TEST_STEP][PASSED] - com.ct.qa.keywords.ChannelProductsDataKeywords.visitNestradeProductsCategoriesWithDSA: com.ct.qa.keywords.ChannelProductsDataKeywords.visitNestradeProductsCategoriesWithDSA is PASSED

2018-12-03 16:51:49 - [TEST_CASE][PASSED] - Test Cases/ShopOpen/Nestrade/VisitProductCategoryAssetsWithDSA: Test Cases/ShopOpen/Nestrade/VisitProductCategoryAssetsWithDSA

2018-12-03 16:51:49 - [TEST_STEP][PASSED] - verifyElementText: Actual text and expected text of test object 'Object Repository/ShopOpen/RemainingCategories/Validate_ProductCategoryAssetScreen' are matched.

2018-12-03 16:51:50 - [MESSAGE][PASSED] - Actual text and expected text of test object 'Object Repository/ShopOpen/RemainingCategories/Validate_ProductCategoryAssetScreen' are matched.

2018-12-03 16:51:50 - [TEST_STEP][PASSED] - tap: Tapped on element 'Object Repository/ShopOpen/RemainingCategories/Facing'

2018-12-03 16:51:51 - [MESSAGE][WARNING] - Timeout '0' is invalid. Using default page load timeout: '6'

2018-12-03 16:51:51 - [MESSAGE][PASSED] - Tapped on element 'Object Repository/ShopOpen/RemainingCategories/Facing'

2018-12-03 16:51:51 - [TEST_STEP][PASSED] - verifyElementText: Actual text and expected text of test object 'Object Repository/ShopOpen/RemainingCategories/Validate_FacingScreen' are matched.

2018-12-03 16:51:52 - [MESSAGE][PASSED] - Actual text and expected text of test object 'Object Repository/ShopOpen/RemainingCategories/Validate_FacingScreen' are matched.

2018-12-03 16:51:52 - [TEST_STEP][PASSED] - com.ct.qa.keywords.ChannelProductsDataKeywords.visitChannelWiseProductsData: com.ct.qa.keywords.ChannelProductsDataKeywords.visitChannelWiseProductsData is PASSED

2018-12-03 16:51:57 - [MESSAGE][PASSED] - Keyboard is hidden

2018-12-03 16:52:00 - [MESSAGE][PASSED] - Keyboard is hidden

2018-12-03 16:52:03 - [MESSAGE][PASSED] - Keyboard is hidden

2018-12-03 16:52:06 - [MESSAGE][PASSED] - Keyboard is hidden

2018-12-03 16:52:07 - [MESSAGE][PASSED] - com.ct.qa.keywords.ChannelProductsDataKeywords.visitChannelWiseProductsData is PASSED

2018-12-03 16:52:07 - [TEST_STEP][PASSED] - tap: Tapped on element 'Object Repository/ShopOpen/RemainingCategories/SubmitButton'

2018-12-03 16:52:07 - [MESSAGE][WARNING] - Timeout '0' is invalid. Using default page load timeout: '6'

2018-12-03 16:52:09 - [MESSAGE][PASSED] - Tapped on element 'Object Repository/ShopOpen/RemainingCategories/SubmitButton'

2018-12-03 16:52:09 - [TEST_STEP][PASSED] - verifyElementText: Actual text and expected text of test object 'Object Repository/ShopOpen/RemainingCategories/Validate_ProductCategoryAssetScreen' are matched.

2018-12-03 16:52:09 - [MESSAGE][PASSED] - Actual text and expected text of test object 'Object Repository/ShopOpen/RemainingCategories/Validate_ProductCategoryAssetScreen' are matched.

2018-12-03 16:52:09 - [TEST_STEP][PASSED] - tap: Tapped on element 'Object Repository/ShopOpen/RemainingCategories/StockTaking'

2018-12-03 16:52:09 - [MESSAGE][WARNING] - Timeout '0' is invalid. Using default page load timeout: '6'

2018-12-03 16:52:10 - [MESSAGE][PASSED] - Tapped on element 'Object Repository/ShopOpen/RemainingCategories/StockTaking'

2018-12-03 16:52:10 - [TEST_STEP][PASSED] - verifyElementText: Actual text and expected text of test object 'Object Repository/ShopOpen/RemainingCategories/Validate_StockTakingScreen' are matched.

2018-12-03 16:52:11 - [MESSAGE][PASSED] - Actual text and expected text of test object 'Object Repository/ShopOpen/RemainingCategories/Validate_StockTakingScreen' are matched.

2018-12-03 16:52:11 - [TEST_STEP][PASSED] - com.ct.qa.keywords.ChannelProductsDataKeywords.visitChannelWiseProductsData: com.ct.qa.keywords.ChannelProductsDataKeywords.visitChannelWiseProductsData is PASSED

2018-12-03 16:52:16 - [MESSAGE][PASSED] - Keyboard is hidden

2018-12-03 16:52:19 - [MESSAGE][PASSED] - Keyboard is hidden

2018-12-03 16:52:22 - [MESSAGE][PASSED] - Keyboard is hidden

2018-12-03 16:52:25 - [MESSAGE][PASSED] - Keyboard is hidden

2018-12-03 16:52:26 - [MESSAGE][PASSED] - com.ct.qa.keywords.ChannelProductsDataKeywords.visitChannelWiseProductsData is PASSED

2018-12-03 16:52:26 - [TEST_STEP][PASSED] - tap: Tapped on element 'Object Repository/ShopOpen/RemainingCategories/SubmitButton'

2018-12-03 16:52:26 - [MESSAGE][WARNING] - Timeout '0' is invalid. Using default page load timeout: '6'

2018-12-03 16:52:27 - [MESSAGE][PASSED] - Tapped on element 'Object Repository/ShopOpen/RemainingCategories/SubmitButton'

2018-12-03 16:52:27 - [TEST_STEP][PASSED] - verifyElementText: Actual text and expected text of test object 'Object Repository/ShopOpen/RemainingCategories/Validate_ProductCategoryAssetScreen' are matched.

2018-12-03 16:52:27 - [MESSAGE][PASSED] - Actual text and expected text of test object 'Object Repository/ShopOpen/RemainingCategories/Validate_ProductCategoryAssetScreen' are matched.

2018-12-03 16:52:27 - [TEST_STEP][PASSED] - tap: Tapped on element 'Object Repository/ShopOpen/RemainingCategories/ProductCategoryAsset_BackButton'

2018-12-03 16:52:27 - [MESSAGE][WARNING] - Timeout '0' is invalid. Using default page load timeout: '6'

2018-12-03 16:52:28 - [MESSAGE][PASSED] - Tapped on element 'Object Repository/ShopOpen/RemainingCategories/ProductCategoryAsset_BackButton'

2018-12-03 16:52:28 - [TEST_STEP][PASSED] - verifyElementText: Actual text and expected text of test object 'Object Repository/ShopOpen/Nestrade/Validate_NestradePorductCategoryScreen' are matched.

2018-12-03 16:52:29 - [MESSAGE][PASSED] - Actual text and expected text of test object 'Object Repository/ShopOpen/Nestrade/Validate_NestradePorductCategoryScreen' are matched.

2018-12-03 16:52:29 - [MESSAGE][PASSED] - Call Test Case 'Test Cases/ShopOpen/Nestrade/VisitProductCategoryAssetsWithDSA' successfully

2018-12-03 16:52:30 - [TEST_CASE][PASSED] - Test Cases/ShopOpen/Nestrade/VisitProductCategoryAssetsWithDSA: Test Cases/ShopOpen/Nestrade/VisitProductCategoryAssetsWithDSA

2018-12-03 16:52:30 - [TEST_STEP][PASSED] - verifyElementText: Actual text and expected text of test object 'Object Repository/ShopOpen/RemainingCategories/Validate_ProductCategoryAssetScreen' are matched.

2018-12-03 16:52:31 - [MESSAGE][PASSED] - Actual text and expected text of test object 'Object Repository/ShopOpen/RemainingCategories/Validate_ProductCategoryAssetScreen' are matched.

2018-12-03 16:52:31 - [TEST_STEP][PASSED] - tap: Tapped on element 'Object Repository/ShopOpen/RemainingCategories/Facing'

2018-12-03 16:52:31 - [MESSAGE][WARNING] - Timeout '0' is invalid. Using default page load timeout: '6'

2018-12-03 16:52:32 - [MESSAGE][PASSED] - Tapped on element 'Object Repository/ShopOpen/RemainingCategories/Facing'

2018-12-03 16:52:32 - [TEST_STEP][PASSED] - verifyElementText: Actual text and expected text of test object 'Object Repository/ShopOpen/RemainingCategories/Validate_FacingScreen' are matched.

2018-12-03 16:52:33 - [MESSAGE][PASSED] - Actual text and expected text of test object 'Object Repository/ShopOpen/RemainingCategories/Validate_FacingScreen' are matched.

2018-12-03 16:52:33 - [TEST_STEP][PASSED] - com.ct.qa.keywords.ChannelProductsDataKeywords.visitChannelWiseProductsData: com.ct.qa.keywords.ChannelProductsDataKeywords.visitChannelWiseProductsData is PASSED

2018-12-03 16:52:38 - [MESSAGE][PASSED] - Keyboard is hidden

2018-12-03 16:52:41 - [MESSAGE][PASSED] - Keyboard is hidden

2018-12-03 16:52:44 - [MESSAGE][PASSED] - Keyboard is hidden

2018-12-03 16:52:47 - [MESSAGE][PASSED] - Keyboard is hidden

2018-12-03 16:52:50 - [MESSAGE][PASSED] - Keyboard is hidden

2018-12-03 16:52:53 - [MESSAGE][PASSED] - Keyboard is hidden

2018-12-03 16:52:55 - [MESSAGE][PASSED] - Swiped from 76,359 to 76,250

2018-12-03 16:52:59 - [MESSAGE][PASSED] - Keyboard is hidden

2018-12-03 16:53:00 - [MESSAGE][PASSED] - Swiped from 76,359 to 76,250

2018-12-03 16:53:01 - [MESSAGE][PASSED] - com.ct.qa.keywords.ChannelProductsDataKeywords.visitChannelWiseProductsData is PASSED

2018-12-03 16:53:01 - [TEST_STEP][PASSED] - tap: Tapped on element 'Object Repository/ShopOpen/RemainingCategories/SubmitButton'

2018-12-03 16:53:01 - [MESSAGE][WARNING] - Timeout '0' is invalid. Using default page load timeout: '6'

2018-12-03 16:53:02 - [MESSAGE][PASSED] - Tapped on element 'Object Repository/ShopOpen/RemainingCategories/SubmitButton'

2018-12-03 16:53:02 - [TEST_STEP][PASSED] - verifyElementText: Actual text and expected text of test object 'Object Repository/ShopOpen/RemainingCategories/Validate_ProductCategoryAssetScreen' are matched.

2018-12-03 16:53:03 - [MESSAGE][PASSED] - Actual text and expected text of test object 'Object Repository/ShopOpen/RemainingCategories/Validate_ProductCategoryAssetScreen' are matched.

2018-12-03 16:53:03 - [TEST_STEP][PASSED] - tap: Tapped on element 'Object Repository/ShopOpen/RemainingCategories/StockTaking'

2018-12-03 16:53:03 - [MESSAGE][WARNING] - Timeout '0' is invalid. Using default page load timeout: '6'

2018-12-03 16:53:03 - [MESSAGE][PASSED] - Tapped on element 'Object Repository/ShopOpen/RemainingCategories/StockTaking'

2018-12-03 16:53:03 - [TEST_STEP][PASSED] - verifyElementText: Actual text and expected text of test object 'Object Repository/ShopOpen/RemainingCategories/Validate_StockTakingScreen' are matched.

2018-12-03 16:53:05 - [MESSAGE][PASSED] - Actual text and expected text of test object 'Object Repository/ShopOpen/RemainingCategories/Validate_StockTakingScreen' are matched.

2018-12-03 16:53:05 - [TEST_STEP][PASSED] - com.ct.qa.keywords.ChannelProductsDataKeywords.visitChannelWiseProductsData: com.ct.qa.keywords.ChannelProductsDataKeywords.visitChannelWiseProductsData is PASSED

2018-12-03 16:53:11 - [MESSAGE][PASSED] - Keyboard is hidden

2018-12-03 16:53:14 - [MESSAGE][PASSED] - Keyboard is hidden

2018-12-03 16:53:17 - [MESSAGE][PASSED] - Keyboard is hidden

2018-12-03 16:53:20 - [MESSAGE][PASSED] - Keyboard is hidden

2018-12-03 16:53:23 - [MESSAGE][PASSED] - Keyboard is hidden

2018-12-03 16:53:26 - [MESSAGE][PASSED] - Keyboard is hidden

2018-12-03 16:53:29 - [MESSAGE][PASSED] - Swiped from 76,359 to 76,250

2018-12-03 16:53:33 - [MESSAGE][PASSED] - Keyboard is hidden

2018-12-03 16:53:34 - [MESSAGE][PASSED] - Swiped from 76,359 to 76,250

2018-12-03 16:53:35 - [MESSAGE][PASSED] - com.ct.qa.keywords.ChannelProductsDataKeywords.visitChannelWiseProductsData is PASSED

2018-12-03 16:53:35 - [TEST_STEP][PASSED] - tap: Tapped on element 'Object Repository/ShopOpen/RemainingCategories/SubmitButton'

2018-12-03 16:53:35 - [MESSAGE][WARNING] - Timeout '0' is invalid. Using default page load timeout: '6'

2018-12-03 16:53:36 - [MESSAGE][PASSED] - Tapped on element 'Object Repository/ShopOpen/RemainingCategories/SubmitButton'

2018-12-03 16:53:36 - [TEST_STEP][PASSED] - verifyElementText: Actual text and expected text of test object 'Object Repository/ShopOpen/RemainingCategories/Validate_ProductCategoryAssetScreen' are matched.

2018-12-03 16:53:37 - [MESSAGE][PASSED] - Actual text and expected text of test object 'Object Repository/ShopOpen/RemainingCategories/Validate_ProductCategoryAssetScreen' are matched.

2018-12-03 16:53:37 - [TEST_STEP][PASSED] - tap: Tapped on element 'Object Repository/ShopOpen/RemainingCategories/ProductCategoryAsset_BackButton'

2018-12-03 16:53:37 - [MESSAGE][WARNING] - Timeout '0' is invalid. Using default page load timeout: '6'

2018-12-03 16:53:38 - [MESSAGE][PASSED] - Tapped on element 'Object Repository/ShopOpen/RemainingCategories/ProductCategoryAsset_BackButton'

2018-12-03 16:53:38 - [TEST_STEP][PASSED] - verifyElementText: Actual text and expected text of test object 'Object Repository/ShopOpen/Nestrade/Validate_NestradePorductCategoryScreen' are matched.

2018-12-03 16:53:38 - [MESSAGE][PASSED] - Actual text and expected text of test object 'Object Repository/ShopOpen/Nestrade/Validate_NestradePorductCategoryScreen' are matched.

2018-12-03 16:53:38 - [MESSAGE][PASSED] - Call Test Case 'Test Cases/ShopOpen/Nestrade/VisitProductCategoryAssetsWithDSA' successfully

2018-12-03 16:53:40 - [TEST_CASE][PASSED] - Test Cases/ShopOpen/Nestrade/VisitProductCategoryAssetsWithDSA: Test Cases/ShopOpen/Nestrade/VisitProductCategoryAssetsWithDSA

2018-12-03 16:53:40 - [TEST_STEP][PASSED] - verifyElementText: Actual text and expected text of test object 'Object Repository/ShopOpen/RemainingCategories/Validate_ProductCategoryAssetScreen' are matched.

2018-12-03 16:53:41 - [MESSAGE][PASSED] - Actual text and expected text of test object 'Object Repository/ShopOpen/RemainingCategories/Validate_ProductCategoryAssetScreen' are matched.

2018-12-03 16:53:41 - [TEST_STEP][PASSED] - tap: Tapped on element 'Object Repository/ShopOpen/RemainingCategories/Facing'

2018-12-03 16:53:41 - [MESSAGE][WARNING] - Timeout '0' is invalid. Using default page load timeout: '6'

2018-12-03 16:53:42 - [MESSAGE][PASSED] - Tapped on element 'Object Repository/ShopOpen/RemainingCategories/Facing'

2018-12-03 16:53:42 - [TEST_STEP][PASSED] - verifyElementText: Actual text and expected text of test object 'Object Repository/ShopOpen/RemainingCategories/Validate_FacingScreen' are matched.

2018-12-03 16:53:44 - [MESSAGE][PASSED] - Actual text and expected text of test object 'Object Repository/ShopOpen/RemainingCategories/Validate_FacingScreen' are matched.

2018-12-03 16:53:44 - [TEST_STEP][PASSED] - com.ct.qa.keywords.ChannelProductsDataKeywords.visitChannelWiseProductsData: com.ct.qa.keywords.ChannelProductsDataKeywords.visitChannelWiseProductsData is PASSED

2018-12-03 16:53:48 - [MESSAGE][PASSED] - Keyboard is hidden

2018-12-03 16:53:51 - [MESSAGE][PASSED] - Keyboard is hidden

2018-12-03 16:53:54 - [MESSAGE][PASSED] - Keyboard is hidden

2018-12-03 16:53:57 - [MESSAGE][PASSED] - Keyboard is hidden

2018-12-03 16:54:00 - [MESSAGE][PASSED] - Keyboard is hidden

2018-12-03 16:54:03 - [MESSAGE][PASSED] - Keyboard is hidden

2018-12-03 16:54:05 - [MESSAGE][PASSED] - Swiped from 24,359 to 24,250

2018-12-03 16:54:06 - [MESSAGE][PASSED] - com.ct.qa.keywords.ChannelProductsDataKeywords.visitChannelWiseProductsData is PASSED

2018-12-03 16:54:06 - [TEST_STEP][PASSED] - tap: Tapped on element 'Object Repository/ShopOpen/RemainingCategories/SubmitButton'

2018-12-03 16:54:06 - [MESSAGE][WARNING] - Timeout '0' is invalid. Using default page load timeout: '6'

2018-12-03 16:54:07 - [MESSAGE][PASSED] - Tapped on element 'Object Repository/ShopOpen/RemainingCategories/SubmitButton'

2018-12-03 16:54:07 - [TEST_STEP][PASSED] - verifyElementText: Actual text and expected text of test object 'Object Repository/ShopOpen/RemainingCategories/Validate_ProductCategoryAssetScreen' are matched.

2018-12-03 16:54:08 - [MESSAGE][PASSED] - Actual text and expected text of test object 'Object Repository/ShopOpen/RemainingCategories/Validate_ProductCategoryAssetScreen' are matched.

2018-12-03 16:54:08 - [TEST_STEP][PASSED] - tap: Tapped on element 'Object Repository/ShopOpen/RemainingCategories/StockTaking'

2018-12-03 16:54:08 - [MESSAGE][WARNING] - Timeout '0' is invalid. Using default page load timeout: '6'

2018-12-03 16:54:09 - [MESSAGE][PASSED] - Tapped on element 'Object Repository/ShopOpen/RemainingCategories/StockTaking'

2018-12-03 16:54:09 - [TEST_STEP][PASSED] - verifyElementText: Actual text and expected text of test object 'Object Repository/ShopOpen/RemainingCategories/Validate_StockTakingScreen' are matched.

2018-12-03 16:54:10 - [MESSAGE][PASSED] - Actual text and expected text of test object 'Object Repository/ShopOpen/RemainingCategories/Validate_StockTakingScreen' are matched.

2018-12-03 16:54:10 - [TEST_STEP][PASSED] - com.ct.qa.keywords.ChannelProductsDataKeywords.visitChannelWiseProductsData: com.ct.qa.keywords.ChannelProductsDataKeywords.visitChannelWiseProductsData is PASSED

2018-12-03 16:54:15 - [MESSAGE][PASSED] - Keyboard is hidden

2018-12-03 16:54:18 - [MESSAGE][PASSED] - Keyboard is hidden

2018-12-03 16:54:21 - [MESSAGE][PASSED] - Keyboard is hidden

2018-12-03 16:54:24 - [MESSAGE][PASSED] - Keyboard is hidden

2018-12-03 16:54:27 - [MESSAGE][PASSED] - Keyboard is hidden

2018-12-03 16:54:30 - [MESSAGE][PASSED] - Keyboard is hidden

2018-12-03 16:54:32 - [MESSAGE][PASSED] - Swiped from 24,359 to 24,250

2018-12-03 16:54:33 - [MESSAGE][PASSED] - com.ct.qa.keywords.ChannelProductsDataKeywords.visitChannelWiseProductsData is PASSED

2018-12-03 16:54:33 - [TEST_STEP][PASSED] - tap: Tapped on element 'Object Repository/ShopOpen/RemainingCategories/SubmitButton'

2018-12-03 16:54:33 - [MESSAGE][WARNING] - Timeout '0' is invalid. Using default page load timeout: '6'

2018-12-03 16:54:34 - [MESSAGE][PASSED] - Tapped on element 'Object Repository/ShopOpen/RemainingCategories/SubmitButton'

2018-12-03 16:54:34 - [TEST_STEP][PASSED] - verifyElementText: Actual text and expected text of test object 'Object Repository/ShopOpen/RemainingCategories/Validate_ProductCategoryAssetScreen' are matched.

2018-12-03 16:54:35 - [MESSAGE][PASSED] - Actual text and expected text of test object 'Object Repository/ShopOpen/RemainingCategories/Validate_ProductCategoryAssetScreen' are matched.

2018-12-03 16:54:35 - [TEST_STEP][PASSED] - tap: Tapped on element 'Object Repository/ShopOpen/RemainingCategories/ProductCategoryAsset_BackButton'

2018-12-03 16:54:35 - [MESSAGE][WARNING] - Timeout '0' is invalid. Using default page load timeout: '6'

2018-12-03 16:54:36 - [MESSAGE][PASSED] - Tapped on element 'Object Repository/ShopOpen/RemainingCategories/ProductCategoryAsset_BackButton'

2018-12-03 16:54:36 - [TEST_STEP][PASSED] - verifyElementText: Actual text and expected text of test object 'Object Repository/ShopOpen/Nestrade/Validate_NestradePorductCategoryScreen' are matched.

2018-12-03 16:54:36 - [MESSAGE][PASSED] - Actual text and expected text of test object 'Object Repository/ShopOpen/Nestrade/Validate_NestradePorductCategoryScreen' are matched.

2018-12-03 16:54:36 - [MESSAGE][PASSED] - Call Test Case 'Test Cases/ShopOpen/Nestrade/VisitProductCategoryAssetsWithDSA' successfully

2018-12-03 16:54:38 - [TEST_CASE][PASSED] - Test Cases/ShopOpen/Nestrade/VisitProductCategoryAssetsWithDSA: Test Cases/ShopOpen/Nestrade/VisitProductCategoryAssetsWithDSA

2018-12-03 16:54:38 - [TEST_STEP][PASSED] - verifyElementText: Actual text and expected text of test object 'Object Repository/ShopOpen/RemainingCategories/Validate_ProductCategoryAssetScreen' are matched.

2018-12-03 16:54:39 - [MESSAGE][PASSED] - Actual text and expected text of test object 'Object Repository/ShopOpen/RemainingCategories/Validate_ProductCategoryAssetScreen' are matched.

2018-12-03 16:54:39 - [TEST_STEP][PASSED] - tap: Tapped on element 'Object Repository/ShopOpen/RemainingCategories/Facing'

2018-12-03 16:54:39 - [MESSAGE][WARNING] - Timeout '0' is invalid. Using default page load timeout: '6'

2018-12-03 16:54:40 - [MESSAGE][PASSED] - Tapped on element 'Object Repository/ShopOpen/RemainingCategories/Facing'

2018-12-03 16:54:40 - [TEST_STEP][PASSED] - verifyElementText: Actual text and expected text of test object 'Object Repository/ShopOpen/RemainingCategories/Validate_FacingScreen' are matched.

2018-12-03 16:54:41 - [MESSAGE][PASSED] - Actual text and expected text of test object 'Object Repository/ShopOpen/RemainingCategories/Validate_FacingScreen' are matched.

2018-12-03 16:54:41 - [TEST_STEP][PASSED] - com.ct.qa.keywords.ChannelProductsDataKeywords.visitChannelWiseProductsData: com.ct.qa.keywords.ChannelProductsDataKeywords.visitChannelWiseProductsData is PASSED

2018-12-03 16:54:46 - [MESSAGE][PASSED] - Keyboard is hidden

2018-12-03 16:54:49 - [MESSAGE][PASSED] - Keyboard is hidden

2018-12-03 16:54:52 - [MESSAGE][PASSED] - Keyboard is hidden

2018-12-03 16:54:55 - [MESSAGE][PASSED] - Keyboard is hidden

2018-12-03 16:54:58 - [MESSAGE][PASSED] - Keyboard is hidden

2018-12-03 16:55:01 - [MESSAGE][PASSED] - Keyboard is hidden

2018-12-03 16:55:03 - [MESSAGE][PASSED] - Swiped from 88,359 to 88,250

2018-12-03 16:55:07 - [MESSAGE][PASSED] - Keyboard is hidden

2018-12-03 16:55:09 - [MESSAGE][PASSED] - Swiped from 88,359 to 88,250

2018-12-03 16:55:13 - [MESSAGE][PASSED] - Keyboard is hidden

2018-12-03 16:55:14 - [MESSAGE][PASSED] - Swiped from 88,359 to 88,250

2018-12-03 16:55:18 - [MESSAGE][PASSED] - Keyboard is hidden

2018-12-03 16:55:19 - [MESSAGE][PASSED] - Swiped from 88,359 to 88,250

2018-12-03 16:55:23 - [MESSAGE][PASSED] - Keyboard is hidden

2018-12-03 16:55:24 - [MESSAGE][PASSED] - Swiped from 88,359 to 88,250

2018-12-03 16:55:28 - [MESSAGE][PASSED] - Keyboard is hidden

2018-12-03 16:55:29 - [MESSAGE][PASSED] - Swiped from 88,359 to 88,250

2018-12-03 16:55:30 - [MESSAGE][PASSED] - com.ct.qa.keywords.ChannelProductsDataKeywords.visitChannelWiseProductsData is PASSED

2018-12-03 16:55:30 - [TEST_STEP][PASSED] - tap: Tapped on element 'Object Repository/ShopOpen/RemainingCategories/SubmitButton'

2018-12-03 16:55:30 - [MESSAGE][WARNING] - Timeout '0' is invalid. Using default page load timeout: '6'

2018-12-03 16:55:31 - [MESSAGE][PASSED] - Tapped on element 'Object Repository/ShopOpen/RemainingCategories/SubmitButton'

2018-12-03 16:55:31 - [TEST_STEP][PASSED] - verifyElementText: Actual text and expected text of test object 'Object Repository/ShopOpen/RemainingCategories/Validate_ProductCategoryAssetScreen' are matched.

2018-12-03 16:55:32 - [MESSAGE][PASSED] - Actual text and expected text of test object 'Object Repository/ShopOpen/RemainingCategories/Validate_ProductCategoryAssetScreen' are matched.

2018-12-03 16:55:32 - [TEST_STEP][PASSED] - tap: Tapped on element 'Object Repository/ShopOpen/RemainingCategories/StockTaking'

2018-12-03 16:55:32 - [MESSAGE][WARNING] - Timeout '0' is invalid. Using default page load timeout: '6'

2018-12-03 16:55:32 - [MESSAGE][PASSED] - Tapped on element 'Object Repository/ShopOpen/RemainingCategories/StockTaking'

2018-12-03 16:55:32 - [TEST_STEP][PASSED] - verifyElementText: Actual text and expected text of test object 'Object Repository/ShopOpen/RemainingCategories/Validate_StockTakingScreen' are matched.

2018-12-03 16:55:34 - [MESSAGE][PASSED] - Actual text and expected text of test object 'Object Repository/ShopOpen/RemainingCategories/Validate_StockTakingScreen' are matched.

2018-12-03 16:55:34 - [TEST_STEP][PASSED] - com.ct.qa.keywords.ChannelProductsDataKeywords.visitChannelWiseProductsData: com.ct.qa.keywords.ChannelProductsDataKeywords.visitChannelWiseProductsData is PASSED

2018-12-03 16:55:39 - [MESSAGE][PASSED] - Keyboard is hidden

2018-12-03 16:55:42 - [MESSAGE][PASSED] - Keyboard is hidden

2018-12-03 16:55:45 - [MESSAGE][PASSED] - Keyboard is hidden

2018-12-03 16:55:48 - [MESSAGE][PASSED] - Keyboard is hidden

2018-12-03 16:55:51 - [MESSAGE][PASSED] - Keyboard is hidden

2018-12-03 16:55:54 - [MESSAGE][PASSED] - Keyboard is hidden

2018-12-03 16:55:56 - [MESSAGE][PASSED] - Swiped from 88,359 to 88,250

2018-12-03 16:56:00 - [MESSAGE][PASSED] - Keyboard is hidden

2018-12-03 16:56:01 - [MESSAGE][PASSED] - Swiped from 88,359 to 88,250

2018-12-03 16:56:05 - [MESSAGE][PASSED] - Keyboard is hidden

2018-12-03 16:56:06 - [MESSAGE][PASSED] - Swiped from 88,359 to 88,250

2018-12-03 16:56:10 - [MESSAGE][PASSED] - Keyboard is hidden

2018-12-03 16:56:11 - [MESSAGE][PASSED] - Swiped from 88,359 to 88,250

2018-12-03 16:56:15 - [MESSAGE][PASSED] - Keyboard is hidden

2018-12-03 16:56:16 - [MESSAGE][PASSED] - Swiped from 88,359 to 88,250

2018-12-03 16:56:20 - [MESSAGE][PASSED] - Keyboard is hidden

2018-12-03 16:56:21 - [MESSAGE][PASSED] - Swiped from 88,359 to 88,250

2018-12-03 16:56:22 - [MESSAGE][PASSED] - com.ct.qa.keywords.ChannelProductsDataKeywords.visitChannelWiseProductsData is PASSED

2018-12-03 16:56:22 - [TEST_STEP][PASSED] - tap: Tapped on element 'Object Repository/ShopOpen/RemainingCategories/SubmitButton'

2018-12-03 16:56:22 - [MESSAGE][WARNING] - Timeout '0' is invalid. Using default page load timeout: '6'

2018-12-03 16:56:23 - [MESSAGE][PASSED] - Tapped on element 'Object Repository/ShopOpen/RemainingCategories/SubmitButton'

2018-12-03 16:56:23 - [TEST_STEP][PASSED] - verifyElementText: Actual text and expected text of test object 'Object Repository/ShopOpen/RemainingCategories/Validate_ProductCategoryAssetScreen' are matched.

2018-12-03 16:56:23 - [MESSAGE][PASSED] - Actual text and expected text of test object 'Object Repository/ShopOpen/RemainingCategories/Validate_ProductCategoryAssetScreen' are matched.

2018-12-03 16:56:23 - [TEST_STEP][PASSED] - tap: Tapped on element 'Object Repository/ShopOpen/RemainingCategories/ProductCategoryAsset_BackButton'

2018-12-03 16:56:23 - [MESSAGE][WARNING] - Timeout '0' is invalid. Using default page load timeout: '6'

2018-12-03 16:56:24 - [MESSAGE][PASSED] - Tapped on element 'Object Repository/ShopOpen/RemainingCategories/ProductCategoryAsset_BackButton'

2018-12-03 16:56:24 - [TEST_STEP][PASSED] - verifyElementText: Actual text and expected text of test object 'Object Repository/ShopOpen/Nestrade/Validate_NestradePorductCategoryScreen' are matched.

2018-12-03 16:56:25 - [MESSAGE][PASSED] - Actual text and expected text of test object 'Object Repository/ShopOpen/Nestrade/Validate_NestradePorductCategoryScreen' are matched.

2018-12-03 16:56:25 - [MESSAGE][PASSED] - Call Test Case 'Test Cases/ShopOpen/Nestrade/VisitProductCategoryAssetsWithDSA' successfully

2018-12-03 16:56:25 - [MESSAGE][PASSED] - com.ct.qa.keywords.ChannelProductsDataKeywords.visitNestradeProductsCategoriesWithDSA is PASSED

2018-12-03 16:56:25 - [TEST_STEP][PASSED] - com.ct.qa.keywords.CommonKeywords.visitPlanogramImageViewButton: com.ct.qa.keywords.CommonKeywords.visitPlanogramImageViewButton is PASSED

2018-12-03 16:56:27 - [MESSAGE][WARNING] - Timeout '0' is invalid. Using default page load timeout: '6'

2018-12-03 16:56:34 - [MESSAGE][WARNING] - Object Object Repository/CommonScreenElements/InfoPopUp_OKButton not found
[[ATTACHMENT|F:\\Git Projects\\MMA_Merchandising\\MMA_Merchandising\\Reports\\MMA Merchandising With Channel Wise Data Verification\\20181203_164339\\1543838193292.png]]

2018-12-03 16:56:34 - [MESSAGE][PASSED] - com.ct.qa.keywords.CommonKeywords.visitPlanogramImageViewButton is PASSED

2018-12-03 16:56:34 - [TEST_STEP][PASSED] - verifyElementText: Actual text and expected text of test object 'Object Repository/ShopOpen/Nestrade/Validate_NestradePorductCategoryScreen' are matched.

2018-12-03 16:56:35 - [MESSAGE][PASSED] - Actual text and expected text of test object 'Object Repository/ShopOpen/Nestrade/Validate_NestradePorductCategoryScreen' are matched.

2018-12-03 16:56:35 - [TEST_STEP][PASSED] - com.ct.qa.keywords.CommonKeywords.visitPictureImageViewButton: com.ct.qa.keywords.CommonKeywords.visitPictureImageViewButton is PASSED

2018-12-03 16:56:38 - [MESSAGE][WARNING] - Timeout '0' is invalid. Using default page load timeout: '6'

2018-12-03 16:56:39 - [MESSAGE][PASSED] - Element 'Object Repository/CommonScreenElements/Validate_CameraScreen' is exist

2018-12-03 16:56:39 - [MESSAGE][WARNING] - Timeout '0' is invalid. Using default page load timeout: '6'

2018-12-03 16:56:42 - [MESSAGE][PASSED] - Tapped on element 'Object Repository/CommonScreenElements/TakePictureButton'

2018-12-03 16:56:47 - [MESSAGE][PASSED] - Delayed 5 second(s)

2018-12-03 16:56:47 - [MESSAGE][WARNING] - Timeout '0' is invalid. Using default page load timeout: '6'

2018-12-03 16:56:48 - [MESSAGE][PASSED] - Tapped on element 'Object Repository/CommonScreenElements/DoneButton'

2018-12-03 16:56:48 - [MESSAGE][PASSED] - com.ct.qa.keywords.CommonKeywords.visitPictureImageViewButton is PASSED

2018-12-03 16:56:48 - [TEST_STEP][PASSED] - verifyElementText: Actual text and expected text of test object 'Object Repository/ShopOpen/Nestrade/Validate_NestradePorductCategoryScreen' are matched.

2018-12-03 16:56:49 - [MESSAGE][PASSED] - Actual text and expected text of test object 'Object Repository/ShopOpen/Nestrade/Validate_NestradePorductCategoryScreen' are matched.

2018-12-03 16:56:49 - [TEST_STEP][PASSED] - com.ct.qa.keywords.CommonKeywords.visitBackImageViewButton: com.ct.qa.keywords.CommonKeywords.visitBackImageViewButton is PASSED

2018-12-03 16:56:51 - [MESSAGE][PASSED] - com.ct.qa.keywords.CommonKeywords.visitBackImageViewButton is PASSED

2018-12-03 16:56:51 - [TEST_STEP][PASSED] - verifyElementExist: Element 'Object Repository/ShopOpen/Validate_ShopCategoriesListScreen' is exist

2018-12-03 16:56:51 - [MESSAGE][WARNING] - Timeout '0' is invalid. Using default page load timeout: '6'

2018-12-03 16:56:53 - [MESSAGE][PASSED] - Element 'Object Repository/ShopOpen/Validate_ShopCategoriesListScreen' is exist

2018-12-03 16:56:53 - [MESSAGE][PASSED] - Call Test Case 'Test Cases/ShopOpen/Nestrade/VisitNestradeWithDSA' successfully

2018-12-03 16:56:54 - [MESSAGE][WARNING] - Timeout '0' is invalid. Using default page load timeout: '6'

2018-12-03 16:57:01 - [MESSAGE][WARNING] - Element 'Object Repository/CommonScreenElements/Validate_CameraScreen' not found
[[ATTACHMENT|F:\\Git Projects\\MMA_Merchandising\\MMA_Merchandising\\Reports\\MMA Merchandising With Channel Wise Data Verification\\20181203_164339\\1543838220806.png]]

2018-12-03 16:57:01 - [TEST_CASE][PASSED] - Test Cases/ShopOpen/RemainingCategories/VisitRemainingCategoriesWithDSA: Test Cases/ShopOpen/RemainingCategories/VisitRemainingCategoriesWithDSA

2018-12-03 16:57:02 - [TEST_STEP][PASSED] - verifyElementText: Actual text and expected text of test object 'Object Repository/ShopOpen/RemainingCategories/Validate_MainCategoryDetailScreen' are matched.

2018-12-03 16:57:02 - [MESSAGE][PASSED] - Actual text and expected text of test object 'Object Repository/ShopOpen/RemainingCategories/Validate_MainCategoryDetailScreen' are matched.

2018-12-03 16:57:02 - [TEST_STEP][PASSED] - tap: Tapped on element 'Object Repository/ShopOpen/RemainingCategories/DisplaySpaceAvailable'

2018-12-03 16:57:02 - [MESSAGE][WARNING] - Timeout '0' is invalid. Using default page load timeout: '6'

2018-12-03 16:57:03 - [MESSAGE][PASSED] - Tapped on element 'Object Repository/ShopOpen/RemainingCategories/DisplaySpaceAvailable'

2018-12-03 16:57:03 - [TEST_STEP][PASSED] - verifyElementText: Actual text and expected text of test object 'Object Repository/ShopOpen/RemainingCategories/Validate_ProductCategoryAssetScreen' are matched.

2018-12-03 16:57:04 - [MESSAGE][PASSED] - Actual text and expected text of test object 'Object Repository/ShopOpen/RemainingCategories/Validate_ProductCategoryAssetScreen' are matched.

2018-12-03 16:57:04 - [TEST_STEP][PASSED] - tap: Tapped on element 'Object Repository/ShopOpen/RemainingCategories/Facing'

2018-12-03 16:57:04 - [MESSAGE][WARNING] - Timeout '0' is invalid. Using default page load timeout: '6'

2018-12-03 16:57:05 - [MESSAGE][PASSED] - Tapped on element 'Object Repository/ShopOpen/RemainingCategories/Facing'

2018-12-03 16:57:05 - [TEST_STEP][PASSED] - verifyElementText: Actual text and expected text of test object 'Object Repository/ShopOpen/RemainingCategories/Validate_FacingScreen' are matched.

2018-12-03 16:57:07 - [MESSAGE][PASSED] - Actual text and expected text of test object 'Object Repository/ShopOpen/RemainingCategories/Validate_FacingScreen' are matched.

2018-12-03 16:57:07 - [TEST_STEP][PASSED] - com.ct.qa.keywords.ChannelProductsDataKeywords.visitChannelWiseProductsData: com.ct.qa.keywords.ChannelProductsDataKeywords.visitChannelWiseProductsData is PASSED

2018-12-03 16:57:12 - [MESSAGE][PASSED] - Keyboard is hidden

2018-12-03 16:57:15 - [MESSAGE][PASSED] - Keyboard is hidden

2018-12-03 16:57:18 - [MESSAGE][PASSED] - Keyboard is hidden

2018-12-03 16:57:21 - [MESSAGE][PASSED] - Keyboard is hidden

2018-12-03 16:57:24 - [MESSAGE][PASSED] - Keyboard is hidden

2018-12-03 16:57:27 - [MESSAGE][PASSED] - Keyboard is hidden

2018-12-03 16:57:29 - [MESSAGE][PASSED] - Swiped from 50,359 to 50,250

2018-12-03 16:57:33 - [MESSAGE][PASSED] - Keyboard is hidden

2018-12-03 16:57:34 - [MESSAGE][PASSED] - Swiped from 50,359 to 50,250

2018-12-03 16:57:38 - [MESSAGE][PASSED] - Keyboard is hidden

2018-12-03 16:57:39 - [MESSAGE][PASSED] - Swiped from 50,359 to 50,250

2018-12-03 16:57:43 - [MESSAGE][PASSED] - Keyboard is hidden

2018-12-03 16:57:44 - [MESSAGE][PASSED] - Swiped from 50,359 to 50,250

2018-12-03 16:57:48 - [MESSAGE][PASSED] - Keyboard is hidden

2018-12-03 16:57:49 - [MESSAGE][PASSED] - Swiped from 50,359 to 50,250

2018-12-03 16:57:53 - [MESSAGE][PASSED] - Keyboard is hidden

2018-12-03 16:57:54 - [MESSAGE][PASSED] - Swiped from 50,359 to 50,250

2018-12-03 16:57:58 - [MESSAGE][PASSED] - Keyboard is hidden

2018-12-03 16:57:59 - [MESSAGE][PASSED] - Swiped from 50,359 to 50,250

2018-12-03 16:58:03 - [MESSAGE][PASSED] - Keyboard is hidden

2018-12-03 16:58:04 - [MESSAGE][PASSED] - Swiped from 50,359 to 50,250

2018-12-03 16:58:07 - [MESSAGE][PASSED] - Keyboard is hidden

2018-12-03 16:58:09 - [MESSAGE][PASSED] - Swiped from 50,359 to 50,250

2018-12-03 16:58:10 - [MESSAGE][PASSED] - com.ct.qa.keywords.ChannelProductsDataKeywords.visitChannelWiseProductsData is PASSED

2018-12-03 16:58:10 - [TEST_STEP][PASSED] - tap: Tapped on element 'Object Repository/ShopOpen/RemainingCategories/SubmitButton'

2018-12-03 16:58:10 - [MESSAGE][WARNING] - Timeout '0' is invalid. Using default page load timeout: '6'

2018-12-03 16:58:11 - [MESSAGE][PASSED] - Tapped on element 'Object Repository/ShopOpen/RemainingCategories/SubmitButton'

2018-12-03 16:58:11 - [TEST_STEP][PASSED] - verifyElementText: Actual text and expected text of test object 'Object Repository/ShopOpen/RemainingCategories/Validate_ProductCategoryAssetScreen' are matched.

2018-12-03 16:58:12 - [MESSAGE][PASSED] - Actual text and expected text of test object 'Object Repository/ShopOpen/RemainingCategories/Validate_ProductCategoryAssetScreen' are matched.

2018-12-03 16:58:12 - [TEST_STEP][PASSED] - tap: Tapped on element 'Object Repository/ShopOpen/RemainingCategories/StockTaking'

2018-12-03 16:58:12 - [MESSAGE][WARNING] - Timeout '0' is invalid. Using default page load timeout: '6'

2018-12-03 16:58:13 - [MESSAGE][PASSED] - Tapped on element 'Object Repository/ShopOpen/RemainingCategories/StockTaking'

2018-12-03 16:58:13 - [TEST_STEP][PASSED] - verifyElementText: Actual text and expected text of test object 'Object Repository/ShopOpen/RemainingCategories/Validate_StockTakingScreen' are matched.

2018-12-03 16:58:14 - [MESSAGE][PASSED] - Actual text and expected text of test object 'Object Repository/ShopOpen/RemainingCategories/Validate_StockTakingScreen' are matched.

2018-12-03 16:58:14 - [TEST_STEP][PASSED] - com.ct.qa.keywords.ChannelProductsDataKeywords.visitChannelWiseProductsData: com.ct.qa.keywords.ChannelProductsDataKeywords.visitChannelWiseProductsData is PASSED

2018-12-03 16:58:18 - [MESSAGE][PASSED] - Keyboard is hidden

2018-12-03 16:58:21 - [MESSAGE][PASSED] - Keyboard is hidden

2018-12-03 16:58:24 - [MESSAGE][PASSED] - Keyboard is hidden

2018-12-03 16:58:27 - [MESSAGE][PASSED] - Keyboard is hidden

2018-12-03 16:58:30 - [MESSAGE][PASSED] - Keyboard is hidden

2018-12-03 16:58:33 - [MESSAGE][PASSED] - Keyboard is hidden

2018-12-03 16:58:35 - [MESSAGE][PASSED] - Swiped from 50,359 to 50,250

2018-12-03 16:58:39 - [MESSAGE][PASSED] - Keyboard is hidden

2018-12-03 16:58:40 - [MESSAGE][PASSED] - Swiped from 50,359 to 50,250

2018-12-03 16:58:44 - [MESSAGE][PASSED] - Keyboard is hidden

2018-12-03 16:58:45 - [MESSAGE][PASSED] - Swiped from 50,359 to 50,250

2018-12-03 16:58:49 - [MESSAGE][PASSED] - Keyboard is hidden

2018-12-03 16:58:50 - [MESSAGE][PASSED] - Swiped from 50,359 to 50,250

2018-12-03 16:58:54 - [MESSAGE][PASSED] - Keyboard is hidden

2018-12-03 16:58:55 - [MESSAGE][PASSED] - Swiped from 50,359 to 50,250

2018-12-03 16:58:59 - [MESSAGE][PASSED] - Keyboard is hidden

2018-12-03 16:59:00 - [MESSAGE][PASSED] - Swiped from 50,359 to 50,250

2018-12-03 16:59:04 - [MESSAGE][PASSED] - Keyboard is hidden

2018-12-03 16:59:05 - [MESSAGE][PASSED] - Swiped from 50,359 to 50,250

2018-12-03 16:59:09 - [MESSAGE][PASSED] - Keyboard is hidden

2018-12-03 16:59:10 - [MESSAGE][PASSED] - Swiped from 50,359 to 50,250

2018-12-03 16:59:14 - [MESSAGE][PASSED] - Keyboard is hidden

2018-12-03 16:59:15 - [MESSAGE][PASSED] - Swiped from 50,359 to 50,250

2018-12-03 16:59:16 - [MESSAGE][PASSED] - com.ct.qa.keywords.ChannelProductsDataKeywords.visitChannelWiseProductsData is PASSED

2018-12-03 16:59:16 - [TEST_STEP][PASSED] - tap: Tapped on element 'Object Repository/ShopOpen/RemainingCategories/SubmitButton'

2018-12-03 16:59:16 - [MESSAGE][WARNING] - Timeout '0' is invalid. Using default page load timeout: '6'

2018-12-03 16:59:17 - [MESSAGE][PASSED] - Tapped on element 'Object Repository/ShopOpen/RemainingCategories/SubmitButton'

2018-12-03 16:59:17 - [TEST_STEP][PASSED] - verifyElementText: Actual text and expected text of test object 'Object Repository/ShopOpen/RemainingCategories/Validate_ProductCategoryAssetScreen' are matched.

2018-12-03 16:59:18 - [MESSAGE][PASSED] - Actual text and expected text of test object 'Object Repository/ShopOpen/RemainingCategories/Validate_ProductCategoryAssetScreen' are matched.

2018-12-03 16:59:18 - [TEST_STEP][PASSED] - com.ct.qa.keywords.CommonKeywords.visitPlanogramImageViewButton: com.ct.qa.keywords.CommonKeywords.visitPlanogramImageViewButton is PASSED

2018-12-03 16:59:20 - [MESSAGE][WARNING] - Timeout '0' is invalid. Using default page load timeout: '6'

2018-12-03 16:59:27 - [MESSAGE][WARNING] - Object Object Repository/CommonScreenElements/InfoPopUp_OKButton not found
[[ATTACHMENT|F:\\Git Projects\\MMA_Merchandising\\MMA_Merchandising\\Reports\\MMA Merchandising With Channel Wise Data Verification\\20181203_164339\\1543838366347.png]]

2018-12-03 16:59:28 - [MESSAGE][PASSED] - com.ct.qa.keywords.CommonKeywords.visitPlanogramImageViewButton is PASSED

2018-12-03 16:59:28 - [TEST_STEP][PASSED] - verifyElementText: Actual text and expected text of test object 'Object Repository/ShopOpen/RemainingCategories/Validate_ProductCategoryAssetScreen' are matched.

2018-12-03 16:59:28 - [MESSAGE][PASSED] - Actual text and expected text of test object 'Object Repository/ShopOpen/RemainingCategories/Validate_ProductCategoryAssetScreen' are matched.

2018-12-03 16:59:28 - [TEST_STEP][PASSED] - com.ct.qa.keywords.CommonKeywords.visitPictureImageViewButton: com.ct.qa.keywords.CommonKeywords.visitPictureImageViewButton is PASSED

2018-12-03 16:59:31 - [MESSAGE][WARNING] - Timeout '0' is invalid. Using default page load timeout: '6'

2018-12-03 16:59:32 - [MESSAGE][PASSED] - Element 'Object Repository/CommonScreenElements/Validate_CameraScreen' is exist

2018-12-03 16:59:32 - [MESSAGE][WARNING] - Timeout '0' is invalid. Using default page load timeout: '6'

2018-12-03 16:59:35 - [MESSAGE][PASSED] - Tapped on element 'Object Repository/CommonScreenElements/TakePictureButton'

2018-12-03 16:59:40 - [MESSAGE][PASSED] - Delayed 5 second(s)

2018-12-03 16:59:40 - [MESSAGE][WARNING] - Timeout '0' is invalid. Using default page load timeout: '6'

2018-12-03 16:59:41 - [MESSAGE][PASSED] - Tapped on element 'Object Repository/CommonScreenElements/DoneButton'

2018-12-03 16:59:41 - [MESSAGE][PASSED] - com.ct.qa.keywords.CommonKeywords.visitPictureImageViewButton is PASSED

2018-12-03 16:59:41 - [TEST_STEP][PASSED] - verifyElementText: Actual text and expected text of test object 'Object Repository/ShopOpen/RemainingCategories/Validate_ProductCategoryAssetScreen' are matched.

2018-12-03 16:59:42 - [MESSAGE][PASSED] - Actual text and expected text of test object 'Object Repository/ShopOpen/RemainingCategories/Validate_ProductCategoryAssetScreen' are matched.

2018-12-03 16:59:42 - [TEST_STEP][PASSED] - com.ct.qa.keywords.CommonKeywords.visitBackImageViewButton: com.ct.qa.keywords.CommonKeywords.visitBackImageViewButton is PASSED

2018-12-03 16:59:44 - [MESSAGE][PASSED] - com.ct.qa.keywords.CommonKeywords.visitBackImageViewButton is PASSED

2018-12-03 16:59:44 - [TEST_STEP][PASSED] - verifyElementExist: Element 'Object Repository/ShopOpen/Validate_ShopCategoriesListScreen' is exist

2018-12-03 16:59:44 - [MESSAGE][WARNING] - Timeout '0' is invalid. Using default page load timeout: '6'

2018-12-03 16:59:45 - [MESSAGE][PASSED] - Element 'Object Repository/ShopOpen/Validate_ShopCategoriesListScreen' is exist

2018-12-03 16:59:45 - [MESSAGE][PASSED] - Call Test Case 'Test Cases/ShopOpen/RemainingCategories/VisitRemainingCategoriesWithDSA' successfully

2018-12-03 16:59:46 - [MESSAGE][WARNING] - Timeout '0' is invalid. Using default page load timeout: '6'

2018-12-03 16:59:53 - [MESSAGE][WARNING] - Element 'Object Repository/CommonScreenElements/Validate_CameraScreen' not found
[[ATTACHMENT|F:\\Git Projects\\MMA_Merchandising\\MMA_Merchandising\\Reports\\MMA Merchandising With Channel Wise Data Verification\\20181203_164339\\1543838392786.png]]

2018-12-03 16:59:53 - [TEST_CASE][PASSED] - Test Cases/ShopOpen/RemainingCategories/VisitRemainingCategoriesWithDSA: Test Cases/ShopOpen/RemainingCategories/VisitRemainingCategoriesWithDSA

2018-12-03 16:59:53 - [TEST_STEP][PASSED] - verifyElementText: Actual text and expected text of test object 'Object Repository/ShopOpen/RemainingCategories/Validate_MainCategoryDetailScreen' are matched.

2018-12-03 16:59:54 - [MESSAGE][PASSED] - Actual text and expected text of test object 'Object Repository/ShopOpen/RemainingCategories/Validate_MainCategoryDetailScreen' are matched.

2018-12-03 16:59:54 - [TEST_STEP][PASSED] - tap: Tapped on element 'Object Repository/ShopOpen/RemainingCategories/DisplaySpaceAvailable'

2018-12-03 16:59:54 - [MESSAGE][WARNING] - Timeout '0' is invalid. Using default page load timeout: '6'

2018-12-03 16:59:54 - [MESSAGE][PASSED] - Tapped on element 'Object Repository/ShopOpen/RemainingCategories/DisplaySpaceAvailable'

2018-12-03 16:59:54 - [TEST_STEP][PASSED] - verifyElementText: Actual text and expected text of test object 'Object Repository/ShopOpen/RemainingCategories/Validate_ProductCategoryAssetScreen' are matched.

2018-12-03 16:59:56 - [MESSAGE][PASSED] - Actual text and expected text of test object 'Object Repository/ShopOpen/RemainingCategories/Validate_ProductCategoryAssetScreen' are matched.

2018-12-03 16:59:56 - [TEST_STEP][PASSED] - tap: Tapped on element 'Object Repository/ShopOpen/RemainingCategories/Facing'

2018-12-03 16:59:56 - [MESSAGE][WARNING] - Timeout '0' is invalid. Using default page load timeout: '6'

2018-12-03 16:59:57 - [MESSAGE][PASSED] - Tapped on element 'Object Repository/ShopOpen/RemainingCategories/Facing'

2018-12-03 16:59:57 - [TEST_STEP][PASSED] - verifyElementText: Actual text and expected text of test object 'Object Repository/ShopOpen/RemainingCategories/Validate_FacingScreen' are matched.

2018-12-03 16:59:58 - [MESSAGE][PASSED] - Actual text and expected text of test object 'Object Repository/ShopOpen/RemainingCategories/Validate_FacingScreen' are matched.

2018-12-03 16:59:58 - [TEST_STEP][PASSED] - com.ct.qa.keywords.ChannelProductsDataKeywords.visitChannelWiseProductsData: com.ct.qa.keywords.ChannelProductsDataKeywords.visitChannelWiseProductsData is PASSED

2018-12-03 17:00:03 - [MESSAGE][PASSED] - Keyboard is hidden

2018-12-03 17:00:06 - [MESSAGE][PASSED] - Keyboard is hidden

2018-12-03 17:00:09 - [MESSAGE][PASSED] - Keyboard is hidden

2018-12-03 17:00:12 - [MESSAGE][PASSED] - Keyboard is hidden

2018-12-03 17:00:15 - [MESSAGE][PASSED] - Keyboard is hidden

2018-12-03 17:00:18 - [MESSAGE][PASSED] - Keyboard is hidden

2018-12-03 17:00:21 - [MESSAGE][PASSED] - Swiped from 100,359 to 100,250

2018-12-03 17:00:24 - [MESSAGE][PASSED] - Keyboard is hidden

2018-12-03 17:00:25 - [MESSAGE][PASSED] - Swiped from 100,359 to 100,250

2018-12-03 17:00:29 - [MESSAGE][PASSED] - Keyboard is hidden

2018-12-03 17:00:30 - [MESSAGE][PASSED] - Swiped from 100,359 to 100,250

2018-12-03 17:00:34 - [MESSAGE][PASSED] - Keyboard is hidden

2018-12-03 17:00:35 - [MESSAGE][PASSED] - Swiped from 100,359 to 100,250

2018-12-03 17:00:36 - [MESSAGE][PASSED] - com.ct.qa.keywords.ChannelProductsDataKeywords.visitChannelWiseProductsData is PASSED

2018-12-03 17:00:36 - [TEST_STEP][PASSED] - tap: Tapped on element 'Object Repository/ShopOpen/RemainingCategories/SubmitButton'

2018-12-03 17:00:36 - [MESSAGE][WARNING] - Timeout '0' is invalid. Using default page load timeout: '6'

2018-12-03 17:00:37 - [MESSAGE][PASSED] - Tapped on element 'Object Repository/ShopOpen/RemainingCategories/SubmitButton'

2018-12-03 17:00:37 - [TEST_STEP][PASSED] - verifyElementText: Actual text and expected text of test object 'Object Repository/ShopOpen/RemainingCategories/Validate_ProductCategoryAssetScreen' are matched.

2018-12-03 17:00:38 - [MESSAGE][PASSED] - Actual text and expected text of test object 'Object Repository/ShopOpen/RemainingCategories/Validate_ProductCategoryAssetScreen' are matched.

2018-12-03 17:00:38 - [TEST_STEP][PASSED] - tap: Tapped on element 'Object Repository/ShopOpen/RemainingCategories/StockTaking'

2018-12-03 17:00:38 - [MESSAGE][WARNING] - Timeout '0' is invalid. Using default page load timeout: '6'

2018-12-03 17:00:38 - [MESSAGE][PASSED] - Tapped on element 'Object Repository/ShopOpen/RemainingCategories/StockTaking'

2018-12-03 17:00:38 - [TEST_STEP][PASSED] - verifyElementText: Actual text and expected text of test object 'Object Repository/ShopOpen/RemainingCategories/Validate_StockTakingScreen' are matched.

2018-12-03 17:00:40 - [MESSAGE][PASSED] - Actual text and expected text of test object 'Object Repository/ShopOpen/RemainingCategories/Validate_StockTakingScreen' are matched.

2018-12-03 17:00:40 - [TEST_STEP][PASSED] - com.ct.qa.keywords.ChannelProductsDataKeywords.visitChannelWiseProductsData: com.ct.qa.keywords.ChannelProductsDataKeywords.visitChannelWiseProductsData is PASSED

2018-12-03 17:00:45 - [MESSAGE][PASSED] - Keyboard is hidden

2018-12-03 17:00:48 - [MESSAGE][PASSED] - Keyboard is hidden

2018-12-03 17:00:51 - [MESSAGE][PASSED] - Keyboard is hidden

2018-12-03 17:00:54 - [MESSAGE][PASSED] - Keyboard is hidden

2018-12-03 17:00:57 - [MESSAGE][PASSED] - Keyboard is hidden

2018-12-03 17:01:00 - [MESSAGE][PASSED] - Keyboard is hidden

2018-12-03 17:01:02 - [MESSAGE][PASSED] - Swiped from 100,359 to 100,250

2018-12-03 17:01:06 - [MESSAGE][PASSED] - Keyboard is hidden

2018-12-03 17:01:07 - [MESSAGE][PASSED] - Swiped from 100,359 to 100,250

2018-12-03 17:01:11 - [MESSAGE][PASSED] - Keyboard is hidden

2018-12-03 17:01:12 - [MESSAGE][PASSED] - Swiped from 100,359 to 100,250

2018-12-03 17:01:16 - [MESSAGE][PASSED] - Keyboard is hidden

2018-12-03 17:01:17 - [MESSAGE][PASSED] - Swiped from 100,359 to 100,250

2018-12-03 17:01:18 - [MESSAGE][PASSED] - com.ct.qa.keywords.ChannelProductsDataKeywords.visitChannelWiseProductsData is PASSED

2018-12-03 17:01:18 - [TEST_STEP][PASSED] - tap: Tapped on element 'Object Repository/ShopOpen/RemainingCategories/SubmitButton'

2018-12-03 17:01:18 - [MESSAGE][WARNING] - Timeout '0' is invalid. Using default page load timeout: '6'

2018-12-03 17:01:19 - [MESSAGE][PASSED] - Tapped on element 'Object Repository/ShopOpen/RemainingCategories/SubmitButton'

2018-12-03 17:01:19 - [TEST_STEP][PASSED] - verifyElementText: Actual text and expected text of test object 'Object Repository/ShopOpen/RemainingCategories/Validate_ProductCategoryAssetScreen' are matched.

2018-12-03 17:01:20 - [MESSAGE][PASSED] - Actual text and expected text of test object 'Object Repository/ShopOpen/RemainingCategories/Validate_ProductCategoryAssetScreen' are matched.

2018-12-03 17:01:20 - [TEST_STEP][PASSED] - com.ct.qa.keywords.CommonKeywords.visitPlanogramImageViewButton: com.ct.qa.keywords.CommonKeywords.visitPlanogramImageViewButton is PASSED

2018-12-03 17:01:21 - [MESSAGE][WARNING] - Timeout '0' is invalid. Using default page load timeout: '6'

2018-12-03 17:01:28 - [MESSAGE][WARNING] - Object Object Repository/CommonScreenElements/InfoPopUp_OKButton not found
[[ATTACHMENT|F:\\Git Projects\\MMA_Merchandising\\MMA_Merchandising\\Reports\\MMA Merchandising With Channel Wise Data Verification\\20181203_164339\\1543838487348.png]]

2018-12-03 17:01:28 - [MESSAGE][PASSED] - com.ct.qa.keywords.CommonKeywords.visitPlanogramImageViewButton is PASSED

2018-12-03 17:01:28 - [TEST_STEP][PASSED] - verifyElementText: Actual text and expected text of test object 'Object Repository/ShopOpen/RemainingCategories/Validate_ProductCategoryAssetScreen' are matched.

2018-12-03 17:01:29 - [MESSAGE][PASSED] - Actual text and expected text of test object 'Object Repository/ShopOpen/RemainingCategories/Validate_ProductCategoryAssetScreen' are matched.

2018-12-03 17:01:29 - [TEST_STEP][PASSED] - com.ct.qa.keywords.CommonKeywords.visitPictureImageViewButton: com.ct.qa.keywords.CommonKeywords.visitPictureImageViewButton is PASSED

2018-12-03 17:01:32 - [MESSAGE][WARNING] - Timeout '0' is invalid. Using default page load timeout: '6'

2018-12-03 17:01:33 - [MESSAGE][PASSED] - Element 'Object Repository/CommonScreenElements/Validate_CameraScreen' is exist

2018-12-03 17:01:33 - [MESSAGE][WARNING] - Timeout '0' is invalid. Using default page load timeout: '6'

2018-12-03 17:01:36 - [MESSAGE][PASSED] - Tapped on element 'Object Repository/CommonScreenElements/TakePictureButton'

2018-12-03 17:01:41 - [MESSAGE][PASSED] - Delayed 5 second(s)

2018-12-03 17:01:41 - [MESSAGE][WARNING] - Timeout '0' is invalid. Using default page load timeout: '6'

2018-12-03 17:01:42 - [MESSAGE][PASSED] - Tapped on element 'Object Repository/CommonScreenElements/DoneButton'

2018-12-03 17:01:42 - [MESSAGE][PASSED] - com.ct.qa.keywords.CommonKeywords.visitPictureImageViewButton is PASSED

2018-12-03 17:01:42 - [TEST_STEP][PASSED] - verifyElementText: Actual text and expected text of test object 'Object Repository/ShopOpen/RemainingCategories/Validate_ProductCategoryAssetScreen' are matched.

2018-12-03 17:01:43 - [MESSAGE][PASSED] - Actual text and expected text of test object 'Object Repository/ShopOpen/RemainingCategories/Validate_ProductCategoryAssetScreen' are matched.

2018-12-03 17:01:43 - [TEST_STEP][PASSED] - com.ct.qa.keywords.CommonKeywords.visitBackImageViewButton: com.ct.qa.keywords.CommonKeywords.visitBackImageViewButton is PASSED

2018-12-03 17:01:45 - [MESSAGE][PASSED] - com.ct.qa.keywords.CommonKeywords.visitBackImageViewButton is PASSED

2018-12-03 17:01:45 - [TEST_STEP][PASSED] - verifyElementExist: Element 'Object Repository/ShopOpen/Validate_ShopCategoriesListScreen' is exist

2018-12-03 17:01:45 - [MESSAGE][WARNING] - Timeout '0' is invalid. Using default page load timeout: '6'

2018-12-03 17:01:46 - [MESSAGE][PASSED] - Element 'Object Repository/ShopOpen/Validate_ShopCategoriesListScreen' is exist

2018-12-03 17:01:46 - [MESSAGE][PASSED] - Call Test Case 'Test Cases/ShopOpen/RemainingCategories/VisitRemainingCategoriesWithDSA' successfully

2018-12-03 17:01:47 - [MESSAGE][WARNING] - Timeout '0' is invalid. Using default page load timeout: '6'

2018-12-03 17:01:54 - [MESSAGE][WARNING] - Element 'Object Repository/CommonScreenElements/Validate_CameraScreen' not found
[[ATTACHMENT|F:\\Git Projects\\MMA_Merchandising\\MMA_Merchandising\\Reports\\MMA Merchandising With Channel Wise Data Verification\\20181203_164339\\1543838513750.png]]

2018-12-03 17:01:54 - [TEST_CASE][PASSED] - Test Cases/ShopOpen/RemainingCategories/VisitRemainingCategoriesWithDSA: Test Cases/ShopOpen/RemainingCategories/VisitRemainingCategoriesWithDSA

2018-12-03 17:01:54 - [TEST_STEP][PASSED] - verifyElementText: Actual text and expected text of test object 'Object Repository/ShopOpen/RemainingCategories/Validate_MainCategoryDetailScreen' are matched.

2018-12-03 17:01:54 - [MESSAGE][PASSED] - Actual text and expected text of test object 'Object Repository/ShopOpen/RemainingCategories/Validate_MainCategoryDetailScreen' are matched.

2018-12-03 17:01:54 - [TEST_STEP][PASSED] - tap: Tapped on element 'Object Repository/ShopOpen/RemainingCategories/DisplaySpaceAvailable'

2018-12-03 17:01:54 - [MESSAGE][WARNING] - Timeout '0' is invalid. Using default page load timeout: '6'

2018-12-03 17:01:55 - [MESSAGE][PASSED] - Tapped on element 'Object Repository/ShopOpen/RemainingCategories/DisplaySpaceAvailable'

2018-12-03 17:01:55 - [TEST_STEP][PASSED] - verifyElementText: Actual text and expected text of test object 'Object Repository/ShopOpen/RemainingCategories/Validate_ProductCategoryAssetScreen' are matched.

2018-12-03 17:01:56 - [MESSAGE][PASSED] - Actual text and expected text of test object 'Object Repository/ShopOpen/RemainingCategories/Validate_ProductCategoryAssetScreen' are matched.

2018-12-03 17:01:56 - [TEST_STEP][PASSED] - tap: Tapped on element 'Object Repository/ShopOpen/RemainingCategories/Facing'

2018-12-03 17:01:56 - [MESSAGE][WARNING] - Timeout '0' is invalid. Using default page load timeout: '6'

2018-12-03 17:01:57 - [MESSAGE][PASSED] - Tapped on element 'Object Repository/ShopOpen/RemainingCategories/Facing'

2018-12-03 17:01:57 - [TEST_STEP][PASSED] - verifyElementText: Actual text and expected text of test object 'Object Repository/ShopOpen/RemainingCategories/Validate_FacingScreen' are matched.

2018-12-03 17:01:59 - [MESSAGE][PASSED] - Actual text and expected text of test object 'Object Repository/ShopOpen/RemainingCategories/Validate_FacingScreen' are matched.

2018-12-03 17:01:59 - [TEST_STEP][PASSED] - com.ct.qa.keywords.ChannelProductsDataKeywords.visitChannelWiseProductsData: com.ct.qa.keywords.ChannelProductsDataKeywords.visitChannelWiseProductsData is PASSED

2018-12-03 17:02:03 - [MESSAGE][PASSED] - Keyboard is hidden

2018-12-03 17:02:06 - [MESSAGE][PASSED] - Keyboard is hidden

2018-12-03 17:02:09 - [MESSAGE][PASSED] - Keyboard is hidden

2018-12-03 17:02:12 - [MESSAGE][PASSED] - Keyboard is hidden

2018-12-03 17:02:15 - [MESSAGE][PASSED] - Keyboard is hidden

2018-12-03 17:02:18 - [MESSAGE][PASSED] - Keyboard is hidden

2018-12-03 17:02:21 - [MESSAGE][PASSED] - Swiped from 83,359 to 83,250

2018-12-03 17:02:24 - [MESSAGE][PASSED] - Keyboard is hidden

2018-12-03 17:02:25 - [MESSAGE][PASSED] - Swiped from 83,359 to 83,250

2018-12-03 17:02:29 - [MESSAGE][PASSED] - Keyboard is hidden

2018-12-03 17:02:30 - [MESSAGE][PASSED] - Swiped from 83,359 to 83,250

2018-12-03 17:02:34 - [MESSAGE][PASSED] - Keyboard is hidden

2018-12-03 17:02:35 - [MESSAGE][PASSED] - Swiped from 83,359 to 83,250

2018-12-03 17:02:39 - [MESSAGE][PASSED] - Keyboard is hidden

2018-12-03 17:02:40 - [MESSAGE][PASSED] - Swiped from 83,359 to 83,250

2018-12-03 17:02:44 - [MESSAGE][PASSED] - Keyboard is hidden

2018-12-03 17:02:45 - [MESSAGE][PASSED] - Swiped from 83,359 to 83,250

2018-12-03 17:02:46 - [MESSAGE][PASSED] - com.ct.qa.keywords.ChannelProductsDataKeywords.visitChannelWiseProductsData is PASSED

2018-12-03 17:02:46 - [TEST_STEP][PASSED] - tap: Tapped on element 'Object Repository/ShopOpen/RemainingCategories/SubmitButton'

2018-12-03 17:02:46 - [MESSAGE][WARNING] - Timeout '0' is invalid. Using default page load timeout: '6'

2018-12-03 17:02:47 - [MESSAGE][PASSED] - Tapped on element 'Object Repository/ShopOpen/RemainingCategories/SubmitButton'

2018-12-03 17:02:47 - [TEST_STEP][PASSED] - verifyElementText: Actual text and expected text of test object 'Object Repository/ShopOpen/RemainingCategories/Validate_ProductCategoryAssetScreen' are matched.

2018-12-03 17:02:48 - [MESSAGE][PASSED] - Actual text and expected text of test object 'Object Repository/ShopOpen/RemainingCategories/Validate_ProductCategoryAssetScreen' are matched.

2018-12-03 17:02:48 - [TEST_STEP][PASSED] - tap: Tapped on element 'Object Repository/ShopOpen/RemainingCategories/StockTaking'

2018-12-03 17:02:48 - [MESSAGE][WARNING] - Timeout '0' is invalid. Using default page load timeout: '6'

2018-12-03 17:02:48 - [MESSAGE][PASSED] - Tapped on element 'Object Repository/ShopOpen/RemainingCategories/StockTaking'

2018-12-03 17:02:48 - [TEST_STEP][PASSED] - verifyElementText: Actual text and expected text of test object 'Object Repository/ShopOpen/RemainingCategories/Validate_StockTakingScreen' are matched.

2018-12-03 17:02:50 - [MESSAGE][PASSED] - Actual text and expected text of test object 'Object Repository/ShopOpen/RemainingCategories/Validate_StockTakingScreen' are matched.

2018-12-03 17:02:50 - [TEST_STEP][PASSED] - com.ct.qa.keywords.ChannelProductsDataKeywords.visitChannelWiseProductsData: com.ct.qa.keywords.ChannelProductsDataKeywords.visitChannelWiseProductsData is PASSED

2018-12-03 17:02:55 - [MESSAGE][PASSED] - Keyboard is hidden

2018-12-03 17:02:58 - [MESSAGE][PASSED] - Keyboard is hidden

2018-12-03 17:03:01 - [MESSAGE][PASSED] - Keyboard is hidden

2018-12-03 17:03:04 - [MESSAGE][PASSED] - Keyboard is hidden

2018-12-03 17:03:07 - [MESSAGE][PASSED] - Keyboard is hidden

2018-12-03 17:03:10 - [MESSAGE][PASSED] - Keyboard is hidden

2018-12-03 17:03:12 - [MESSAGE][PASSED] - Swiped from 83,359 to 83,250

2018-12-03 17:03:16 - [MESSAGE][PASSED] - Keyboard is hidden

2018-12-03 17:03:17 - [MESSAGE][PASSED] - Swiped from 83,359 to 83,250

2018-12-03 17:03:21 - [MESSAGE][PASSED] - Keyboard is hidden

2018-12-03 17:03:22 - [MESSAGE][PASSED] - Swiped from 83,359 to 83,250

2018-12-03 17:03:26 - [MESSAGE][PASSED] - Keyboard is hidden

2018-12-03 17:03:27 - [MESSAGE][PASSED] - Swiped from 83,359 to 83,250

2018-12-03 17:03:31 - [MESSAGE][PASSED] - Keyboard is hidden

2018-12-03 17:03:32 - [MESSAGE][PASSED] - Swiped from 83,359 to 83,250

2018-12-03 17:03:36 - [MESSAGE][PASSED] - Keyboard is hidden

2018-12-03 17:03:37 - [MESSAGE][PASSED] - Swiped from 83,359 to 83,250

2018-12-03 17:03:38 - [MESSAGE][PASSED] - com.ct.qa.keywords.ChannelProductsDataKeywords.visitChannelWiseProductsData is PASSED

2018-12-03 17:03:38 - [TEST_STEP][PASSED] - tap: Tapped on element 'Object Repository/ShopOpen/RemainingCategories/SubmitButton'

2018-12-03 17:03:38 - [MESSAGE][WARNING] - Timeout '0' is invalid. Using default page load timeout: '6'

2018-12-03 17:03:39 - [MESSAGE][PASSED] - Tapped on element 'Object Repository/ShopOpen/RemainingCategories/SubmitButton'

2018-12-03 17:03:39 - [TEST_STEP][PASSED] - verifyElementText: Actual text and expected text of test object 'Object Repository/ShopOpen/RemainingCategories/Validate_ProductCategoryAssetScreen' are matched.

2018-12-03 17:03:40 - [MESSAGE][PASSED] - Actual text and expected text of test object 'Object Repository/ShopOpen/RemainingCategories/Validate_ProductCategoryAssetScreen' are matched.

2018-12-03 17:03:40 - [TEST_STEP][PASSED] - com.ct.qa.keywords.CommonKeywords.visitPlanogramImageViewButton: com.ct.qa.keywords.CommonKeywords.visitPlanogramImageViewButton is PASSED

2018-12-03 17:03:41 - [MESSAGE][WARNING] - Timeout '0' is invalid. Using default page load timeout: '6'

2018-12-03 17:03:48 - [MESSAGE][WARNING] - Object Object Repository/CommonScreenElements/InfoPopUp_OKButton not found
[[ATTACHMENT|F:\\Git Projects\\MMA_Merchandising\\MMA_Merchandising\\Reports\\MMA Merchandising With Channel Wise Data Verification\\20181203_164339\\1543838627610.png]]

2018-12-03 17:03:49 - [MESSAGE][PASSED] - com.ct.qa.keywords.CommonKeywords.visitPlanogramImageViewButton is PASSED

2018-12-03 17:03:49 - [TEST_STEP][PASSED] - verifyElementText: Actual text and expected text of test object 'Object Repository/ShopOpen/RemainingCategories/Validate_ProductCategoryAssetScreen' are matched.

2018-12-03 17:03:49 - [MESSAGE][PASSED] - Actual text and expected text of test object 'Object Repository/ShopOpen/RemainingCategories/Validate_ProductCategoryAssetScreen' are matched.

2018-12-03 17:03:49 - [TEST_STEP][PASSED] - com.ct.qa.keywords.CommonKeywords.visitPictureImageViewButton: com.ct.qa.keywords.CommonKeywords.visitPictureImageViewButton is PASSED

2018-12-03 17:03:52 - [MESSAGE][WARNING] - Timeout '0' is invalid. Using default page load timeout: '6'

2018-12-03 17:03:53 - [MESSAGE][PASSED] - Element 'Object Repository/CommonScreenElements/Validate_CameraScreen' is exist

2018-12-03 17:03:53 - [MESSAGE][WARNING] - Timeout '0' is invalid. Using default page load timeout: '6'

2018-12-03 17:03:57 - [MESSAGE][PASSED] - Tapped on element 'Object Repository/CommonScreenElements/TakePictureButton'

2018-12-03 17:04:02 - [MESSAGE][PASSED] - Delayed 5 second(s)

2018-12-03 17:04:02 - [MESSAGE][WARNING] - Timeout '0' is invalid. Using default page load timeout: '6'

2018-12-03 17:04:02 - [MESSAGE][PASSED] - Tapped on element 'Object Repository/CommonScreenElements/DoneButton'

2018-12-03 17:04:02 - [MESSAGE][PASSED] - com.ct.qa.keywords.CommonKeywords.visitPictureImageViewButton is PASSED

2018-12-03 17:04:02 - [TEST_STEP][PASSED] - verifyElementText: Actual text and expected text of test object 'Object Repository/ShopOpen/RemainingCategories/Validate_ProductCategoryAssetScreen' are matched.

2018-12-03 17:04:03 - [MESSAGE][PASSED] - Actual text and expected text of test object 'Object Repository/ShopOpen/RemainingCategories/Validate_ProductCategoryAssetScreen' are matched.

2018-12-03 17:04:03 - [TEST_STEP][PASSED] - com.ct.qa.keywords.CommonKeywords.visitBackImageViewButton: com.ct.qa.keywords.CommonKeywords.visitBackImageViewButton is PASSED

2018-12-03 17:04:05 - [MESSAGE][PASSED] - com.ct.qa.keywords.CommonKeywords.visitBackImageViewButton is PASSED

2018-12-03 17:04:05 - [TEST_STEP][PASSED] - verifyElementExist: Element 'Object Repository/ShopOpen/Validate_ShopCategoriesListScreen' is exist

2018-12-03 17:04:05 - [MESSAGE][WARNING] - Timeout '0' is invalid. Using default page load timeout: '6'

2018-12-03 17:04:06 - [MESSAGE][PASSED] - Element 'Object Repository/ShopOpen/Validate_ShopCategoriesListScreen' is exist

2018-12-03 17:04:06 - [MESSAGE][PASSED] - Call Test Case 'Test Cases/ShopOpen/RemainingCategories/VisitRemainingCategoriesWithDSA' successfully

2018-12-03 17:04:07 - [MESSAGE][WARNING] - Timeout '0' is invalid. Using default page load timeout: '6'

2018-12-03 17:04:14 - [MESSAGE][WARNING] - Element 'Object Repository/CommonScreenElements/Validate_CameraScreen' not found
[[ATTACHMENT|F:\\Git Projects\\MMA_Merchandising\\MMA_Merchandising\\Reports\\MMA Merchandising With Channel Wise Data Verification\\20181203_164339\\1543838653747.png]]

2018-12-03 17:04:14 - [TEST_CASE][PASSED] - Test Cases/ShopOpen/RemainingCategories/VisitRemainingCategoriesWithDSA: Test Cases/ShopOpen/RemainingCategories/VisitRemainingCategoriesWithDSA

2018-12-03 17:04:14 - [TEST_STEP][PASSED] - verifyElementText: Actual text and expected text of test object 'Object Repository/ShopOpen/RemainingCategories/Validate_MainCategoryDetailScreen' are matched.

2018-12-03 17:04:14 - [MESSAGE][PASSED] - Actual text and expected text of test object 'Object Repository/ShopOpen/RemainingCategories/Validate_MainCategoryDetailScreen' are matched.

2018-12-03 17:04:14 - [TEST_STEP][PASSED] - tap: Tapped on element 'Object Repository/ShopOpen/RemainingCategories/DisplaySpaceAvailable'

2018-12-03 17:04:14 - [MESSAGE][WARNING] - Timeout '0' is invalid. Using default page load timeout: '6'

2018-12-03 17:04:15 - [MESSAGE][PASSED] - Tapped on element 'Object Repository/ShopOpen/RemainingCategories/DisplaySpaceAvailable'

2018-12-03 17:04:15 - [TEST_STEP][PASSED] - verifyElementText: Actual text and expected text of test object 'Object Repository/ShopOpen/RemainingCategories/Validate_ProductCategoryAssetScreen' are matched.

2018-12-03 17:04:16 - [MESSAGE][PASSED] - Actual text and expected text of test object 'Object Repository/ShopOpen/RemainingCategories/Validate_ProductCategoryAssetScreen' are matched.

2018-12-03 17:04:16 - [TEST_STEP][PASSED] - tap: Tapped on element 'Object Repository/ShopOpen/RemainingCategories/Facing'

2018-12-03 17:04:16 - [MESSAGE][WARNING] - Timeout '0' is invalid. Using default page load timeout: '6'

2018-12-03 17:04:17 - [MESSAGE][PASSED] - Tapped on element 'Object Repository/ShopOpen/RemainingCategories/Facing'

2018-12-03 17:04:17 - [TEST_STEP][PASSED] - verifyElementText: Actual text and expected text of test object 'Object Repository/ShopOpen/RemainingCategories/Validate_FacingScreen' are matched.

2018-12-03 17:04:18 - [MESSAGE][PASSED] - Actual text and expected text of test object 'Object Repository/ShopOpen/RemainingCategories/Validate_FacingScreen' are matched.

2018-12-03 17:04:18 - [TEST_STEP][PASSED] - com.ct.qa.keywords.ChannelProductsDataKeywords.visitChannelWiseProductsData: com.ct.qa.keywords.ChannelProductsDataKeywords.visitChannelWiseProductsData is PASSED

2018-12-03 17:04:23 - [MESSAGE][PASSED] - Keyboard is hidden

2018-12-03 17:04:26 - [MESSAGE][PASSED] - Keyboard is hidden

2018-12-03 17:04:29 - [MESSAGE][PASSED] - Keyboard is hidden

2018-12-03 17:04:32 - [MESSAGE][PASSED] - Keyboard is hidden

2018-12-03 17:04:35 - [MESSAGE][PASSED] - Keyboard is hidden

2018-12-03 17:04:36 - [MESSAGE][PASSED] - com.ct.qa.keywords.ChannelProductsDataKeywords.visitChannelWiseProductsData is PASSED

2018-12-03 17:04:36 - [TEST_STEP][PASSED] - tap: Tapped on element 'Object Repository/ShopOpen/RemainingCategories/SubmitButton'

2018-12-03 17:04:36 - [MESSAGE][WARNING] - Timeout '0' is invalid. Using default page load timeout: '6'

2018-12-03 17:04:37 - [MESSAGE][PASSED] - Tapped on element 'Object Repository/ShopOpen/RemainingCategories/SubmitButton'

2018-12-03 17:04:37 - [TEST_STEP][PASSED] - verifyElementText: Actual text and expected text of test object 'Object Repository/ShopOpen/RemainingCategories/Validate_ProductCategoryAssetScreen' are matched.

2018-12-03 17:04:37 - [MESSAGE][PASSED] - Actual text and expected text of test object 'Object Repository/ShopOpen/RemainingCategories/Validate_ProductCategoryAssetScreen' are matched.

2018-12-03 17:04:37 - [TEST_STEP][PASSED] - tap: Tapped on element 'Object Repository/ShopOpen/RemainingCategories/StockTaking'

2018-12-03 17:04:37 - [MESSAGE][WARNING] - Timeout '0' is invalid. Using default page load timeout: '6'

2018-12-03 17:04:38 - [MESSAGE][PASSED] - Tapped on element 'Object Repository/ShopOpen/RemainingCategories/StockTaking'

2018-12-03 17:04:38 - [TEST_STEP][PASSED] - verifyElementText: Actual text and expected text of test object 'Object Repository/ShopOpen/RemainingCategories/Validate_StockTakingScreen' are matched.

2018-12-03 17:04:40 - [MESSAGE][PASSED] - Actual text and expected text of test object 'Object Repository/ShopOpen/RemainingCategories/Validate_StockTakingScreen' are matched.

2018-12-03 17:04:40 - [TEST_STEP][PASSED] - com.ct.qa.keywords.ChannelProductsDataKeywords.visitChannelWiseProductsData: com.ct.qa.keywords.ChannelProductsDataKeywords.visitChannelWiseProductsData is PASSED

2018-12-03 17:04:44 - [MESSAGE][PASSED] - Keyboard is hidden

2018-12-03 17:04:47 - [MESSAGE][PASSED] - Keyboard is hidden

2018-12-03 17:04:50 - [MESSAGE][PASSED] - Keyboard is hidden

2018-12-03 17:04:53 - [MESSAGE][PASSED] - Keyboard is hidden

2018-12-03 17:04:56 - [MESSAGE][PASSED] - Keyboard is hidden

2018-12-03 17:04:57 - [MESSAGE][PASSED] - com.ct.qa.keywords.ChannelProductsDataKeywords.visitChannelWiseProductsData is PASSED

2018-12-03 17:04:57 - [TEST_STEP][PASSED] - tap: Tapped on element 'Object Repository/ShopOpen/RemainingCategories/SubmitButton'

2018-12-03 17:04:57 - [MESSAGE][WARNING] - Timeout '0' is invalid. Using default page load timeout: '6'

2018-12-03 17:04:58 - [MESSAGE][PASSED] - Tapped on element 'Object Repository/ShopOpen/RemainingCategories/SubmitButton'

2018-12-03 17:04:58 - [TEST_STEP][PASSED] - verifyElementText: Actual text and expected text of test object 'Object Repository/ShopOpen/RemainingCategories/Validate_ProductCategoryAssetScreen' are matched.

2018-12-03 17:04:59 - [MESSAGE][PASSED] - Actual text and expected text of test object 'Object Repository/ShopOpen/RemainingCategories/Validate_ProductCategoryAssetScreen' are matched.

2018-12-03 17:04:59 - [TEST_STEP][PASSED] - com.ct.qa.keywords.CommonKeywords.visitPlanogramImageViewButton: com.ct.qa.keywords.CommonKeywords.visitPlanogramImageViewButton is PASSED

2018-12-03 17:05:00 - [MESSAGE][WARNING] - Timeout '0' is invalid. Using default page load timeout: '6'

2018-12-03 17:05:07 - [MESSAGE][WARNING] - Object Object Repository/CommonScreenElements/InfoPopUp_OKButton not found
[[ATTACHMENT|F:\\Git Projects\\MMA_Merchandising\\MMA_Merchandising\\Reports\\MMA Merchandising With Channel Wise Data Verification\\20181203_164339\\1543838706603.png]]

2018-12-03 17:05:08 - [MESSAGE][PASSED] - com.ct.qa.keywords.CommonKeywords.visitPlanogramImageViewButton is PASSED

2018-12-03 17:05:08 - [TEST_STEP][PASSED] - verifyElementText: Actual text and expected text of test object 'Object Repository/ShopOpen/RemainingCategories/Validate_ProductCategoryAssetScreen' are matched.

2018-12-03 17:05:08 - [MESSAGE][PASSED] - Actual text and expected text of test object 'Object Repository/ShopOpen/RemainingCategories/Validate_ProductCategoryAssetScreen' are matched.

2018-12-03 17:05:08 - [TEST_STEP][PASSED] - com.ct.qa.keywords.CommonKeywords.visitPictureImageViewButton: com.ct.qa.keywords.CommonKeywords.visitPictureImageViewButton is PASSED

2018-12-03 17:05:11 - [MESSAGE][WARNING] - Timeout '0' is invalid. Using default page load timeout: '6'

2018-12-03 17:05:12 - [MESSAGE][PASSED] - Element 'Object Repository/CommonScreenElements/Validate_CameraScreen' is exist

2018-12-03 17:05:12 - [MESSAGE][WARNING] - Timeout '0' is invalid. Using default page load timeout: '6'

2018-12-03 17:05:15 - [MESSAGE][PASSED] - Tapped on element 'Object Repository/CommonScreenElements/TakePictureButton'

2018-12-03 17:05:20 - [MESSAGE][PASSED] - Delayed 5 second(s)

2018-12-03 17:05:20 - [MESSAGE][WARNING] - Timeout '0' is invalid. Using default page load timeout: '6'

2018-12-03 17:05:21 - [MESSAGE][PASSED] - Tapped on element 'Object Repository/CommonScreenElements/DoneButton'

2018-12-03 17:05:21 - [MESSAGE][PASSED] - com.ct.qa.keywords.CommonKeywords.visitPictureImageViewButton is PASSED

2018-12-03 17:05:21 - [TEST_STEP][PASSED] - verifyElementText: Actual text and expected text of test object 'Object Repository/ShopOpen/RemainingCategories/Validate_ProductCategoryAssetScreen' are matched.

2018-12-03 17:05:22 - [MESSAGE][PASSED] - Actual text and expected text of test object 'Object Repository/ShopOpen/RemainingCategories/Validate_ProductCategoryAssetScreen' are matched.

2018-12-03 17:05:22 - [TEST_STEP][PASSED] - com.ct.qa.keywords.CommonKeywords.visitBackImageViewButton: com.ct.qa.keywords.CommonKeywords.visitBackImageViewButton is PASSED

2018-12-03 17:05:23 - [MESSAGE][PASSED] - com.ct.qa.keywords.CommonKeywords.visitBackImageViewButton is PASSED

2018-12-03 17:05:23 - [TEST_STEP][PASSED] - verifyElementExist: Element 'Object Repository/ShopOpen/Validate_ShopCategoriesListScreen' is exist

2018-12-03 17:05:23 - [MESSAGE][WARNING] - Timeout '0' is invalid. Using default page load timeout: '6'

2018-12-03 17:05:24 - [MESSAGE][PASSED] - Element 'Object Repository/ShopOpen/Validate_ShopCategoriesListScreen' is exist

2018-12-03 17:05:24 - [MESSAGE][PASSED] - Call Test Case 'Test Cases/ShopOpen/RemainingCategories/VisitRemainingCategoriesWithDSA' successfully

2018-12-03 17:05:25 - [MESSAGE][WARNING] - Timeout '0' is invalid. Using default page load timeout: '6'

2018-12-03 17:05:32 - [MESSAGE][WARNING] - Element 'Object Repository/CommonScreenElements/Validate_CameraScreen' not found
[[ATTACHMENT|F:\\Git Projects\\MMA_Merchandising\\MMA_Merchandising\\Reports\\MMA Merchandising With Channel Wise Data Verification\\20181203_164339\\1543838731857.png]]

2018-12-03 17:05:32 - [TEST_CASE][PASSED] - Test Cases/ShopOpen/RemainingCategories/VisitRemainingCategoriesWithDSA: Test Cases/ShopOpen/RemainingCategories/VisitRemainingCategoriesWithDSA

2018-12-03 17:05:32 - [TEST_STEP][PASSED] - verifyElementText: Actual text and expected text of test object 'Object Repository/ShopOpen/RemainingCategories/Validate_MainCategoryDetailScreen' are matched.

2018-12-03 17:05:32 - [MESSAGE][PASSED] - Actual text and expected text of test object 'Object Repository/ShopOpen/RemainingCategories/Validate_MainCategoryDetailScreen' are matched.

2018-12-03 17:05:32 - [TEST_STEP][PASSED] - tap: Tapped on element 'Object Repository/ShopOpen/RemainingCategories/DisplaySpaceAvailable'

2018-12-03 17:05:32 - [MESSAGE][WARNING] - Timeout '0' is invalid. Using default page load timeout: '6'

2018-12-03 17:05:33 - [MESSAGE][PASSED] - Tapped on element 'Object Repository/ShopOpen/RemainingCategories/DisplaySpaceAvailable'

2018-12-03 17:05:33 - [TEST_STEP][PASSED] - verifyElementText: Actual text and expected text of test object 'Object Repository/ShopOpen/RemainingCategories/Validate_ProductCategoryAssetScreen' are matched.

2018-12-03 17:05:34 - [MESSAGE][PASSED] - Actual text and expected text of test object 'Object Repository/ShopOpen/RemainingCategories/Validate_ProductCategoryAssetScreen' are matched.

2018-12-03 17:05:34 - [TEST_STEP][PASSED] - tap: Tapped on element 'Object Repository/ShopOpen/RemainingCategories/Facing'

2018-12-03 17:05:34 - [MESSAGE][WARNING] - Timeout '0' is invalid. Using default page load timeout: '6'

2018-12-03 17:05:35 - [MESSAGE][PASSED] - Tapped on element 'Object Repository/ShopOpen/RemainingCategories/Facing'

2018-12-03 17:05:35 - [TEST_STEP][PASSED] - verifyElementText: Actual text and expected text of test object 'Object Repository/ShopOpen/RemainingCategories/Validate_FacingScreen' are matched.

2018-12-03 17:05:37 - [MESSAGE][PASSED] - Actual text and expected text of test object 'Object Repository/ShopOpen/RemainingCategories/Validate_FacingScreen' are matched.

2018-12-03 17:05:37 - [TEST_STEP][PASSED] - com.ct.qa.keywords.ChannelProductsDataKeywords.visitChannelWiseProductsData: com.ct.qa.keywords.ChannelProductsDataKeywords.visitChannelWiseProductsData is PASSED

2018-12-03 17:05:42 - [MESSAGE][PASSED] - Keyboard is hidden

2018-12-03 17:05:45 - [MESSAGE][PASSED] - Keyboard is hidden

2018-12-03 17:05:48 - [MESSAGE][PASSED] - Keyboard is hidden

2018-12-03 17:05:51 - [MESSAGE][PASSED] - Keyboard is hidden

2018-12-03 17:05:54 - [MESSAGE][PASSED] - Keyboard is hidden

2018-12-03 17:05:57 - [MESSAGE][PASSED] - Keyboard is hidden

2018-12-03 17:05:59 - [MESSAGE][PASSED] - Swiped from 8,359 to 8,250

2018-12-03 17:06:03 - [MESSAGE][PASSED] - Keyboard is hidden

2018-12-03 17:06:04 - [MESSAGE][PASSED] - Swiped from 8,359 to 8,250

2018-12-03 17:06:08 - [MESSAGE][PASSED] - Keyboard is hidden

2018-12-03 17:06:09 - [MESSAGE][PASSED] - Swiped from 8,359 to 8,250

2018-12-03 17:06:13 - [MESSAGE][PASSED] - Keyboard is hidden

2018-12-03 17:06:14 - [MESSAGE][PASSED] - Swiped from 8,359 to 8,250

2018-12-03 17:06:18 - [MESSAGE][PASSED] - Keyboard is hidden

2018-12-03 17:06:19 - [MESSAGE][PASSED] - Swiped from 8,359 to 8,250

2018-12-03 17:06:23 - [MESSAGE][PASSED] - Keyboard is hidden

2018-12-03 17:06:24 - [MESSAGE][PASSED] - Swiped from 8,359 to 8,250

2018-12-03 17:06:25 - [MESSAGE][PASSED] - com.ct.qa.keywords.ChannelProductsDataKeywords.visitChannelWiseProductsData is PASSED

2018-12-03 17:06:25 - [TEST_STEP][PASSED] - tap: Tapped on element 'Object Repository/ShopOpen/RemainingCategories/SubmitButton'

2018-12-03 17:06:25 - [MESSAGE][WARNING] - Timeout '0' is invalid. Using default page load timeout: '6'

2018-12-03 17:06:26 - [MESSAGE][PASSED] - Tapped on element 'Object Repository/ShopOpen/RemainingCategories/SubmitButton'

2018-12-03 17:06:26 - [TEST_STEP][PASSED] - verifyElementText: Actual text and expected text of test object 'Object Repository/ShopOpen/RemainingCategories/Validate_ProductCategoryAssetScreen' are matched.

2018-12-03 17:06:27 - [MESSAGE][PASSED] - Actual text and expected text of test object 'Object Repository/ShopOpen/RemainingCategories/Validate_ProductCategoryAssetScreen' are matched.

2018-12-03 17:06:27 - [TEST_STEP][PASSED] - tap: Tapped on element 'Object Repository/ShopOpen/RemainingCategories/StockTaking'

2018-12-03 17:06:27 - [MESSAGE][WARNING] - Timeout '0' is invalid. Using default page load timeout: '6'

2018-12-03 17:06:27 - [MESSAGE][PASSED] - Tapped on element 'Object Repository/ShopOpen/RemainingCategories/StockTaking'

2018-12-03 17:06:27 - [TEST_STEP][PASSED] - verifyElementText: Actual text and expected text of test object 'Object Repository/ShopOpen/RemainingCategories/Validate_StockTakingScreen' are matched.

2018-12-03 17:06:29 - [MESSAGE][PASSED] - Actual text and expected text of test object 'Object Repository/ShopOpen/RemainingCategories/Validate_StockTakingScreen' are matched.

2018-12-03 17:06:29 - [TEST_STEP][PASSED] - com.ct.qa.keywords.ChannelProductsDataKeywords.visitChannelWiseProductsData: com.ct.qa.keywords.ChannelProductsDataKeywords.visitChannelWiseProductsData is PASSED

2018-12-03 17:06:34 - [MESSAGE][PASSED] - Keyboard is hidden

2018-12-03 17:06:37 - [MESSAGE][PASSED] - Keyboard is hidden

2018-12-03 17:06:40 - [MESSAGE][PASSED] - Keyboard is hidden

2018-12-03 17:06:43 - [MESSAGE][PASSED] - Keyboard is hidden

2018-12-03 17:06:46 - [MESSAGE][PASSED] - Keyboard is hidden

2018-12-03 17:06:49 - [MESSAGE][PASSED] - Keyboard is hidden

2018-12-03 17:06:51 - [MESSAGE][PASSED] - Swiped from 8,359 to 8,250

2018-12-03 17:06:55 - [MESSAGE][PASSED] - Keyboard is hidden

2018-12-03 17:06:56 - [MESSAGE][PASSED] - Swiped from 8,359 to 8,250

2018-12-03 17:07:00 - [MESSAGE][PASSED] - Keyboard is hidden

2018-12-03 17:07:01 - [MESSAGE][PASSED] - Swiped from 8,359 to 8,250

2018-12-03 17:07:05 - [MESSAGE][PASSED] - Keyboard is hidden

2018-12-03 17:07:06 - [MESSAGE][PASSED] - Swiped from 8,359 to 8,250

2018-12-03 17:07:10 - [MESSAGE][PASSED] - Keyboard is hidden

2018-12-03 17:07:11 - [MESSAGE][PASSED] - Swiped from 8,359 to 8,250

2018-12-03 17:07:15 - [MESSAGE][PASSED] - Keyboard is hidden

2018-12-03 17:07:16 - [MESSAGE][PASSED] - Swiped from 8,359 to 8,250

2018-12-03 17:07:17 - [MESSAGE][PASSED] - com.ct.qa.keywords.ChannelProductsDataKeywords.visitChannelWiseProductsData is PASSED

2018-12-03 17:07:17 - [TEST_STEP][PASSED] - tap: Tapped on element 'Object Repository/ShopOpen/RemainingCategories/SubmitButton'

2018-12-03 17:07:17 - [MESSAGE][WARNING] - Timeout '0' is invalid. Using default page load timeout: '6'

2018-12-03 17:07:18 - [MESSAGE][PASSED] - Tapped on element 'Object Repository/ShopOpen/RemainingCategories/SubmitButton'

2018-12-03 17:07:18 - [TEST_STEP][PASSED] - verifyElementText: Actual text and expected text of test object 'Object Repository/ShopOpen/RemainingCategories/Validate_ProductCategoryAssetScreen' are matched.

2018-12-03 17:07:19 - [MESSAGE][PASSED] - Actual text and expected text of test object 'Object Repository/ShopOpen/RemainingCategories/Validate_ProductCategoryAssetScreen' are matched.

2018-12-03 17:07:19 - [TEST_STEP][PASSED] - com.ct.qa.keywords.CommonKeywords.visitPlanogramImageViewButton: com.ct.qa.keywords.CommonKeywords.visitPlanogramImageViewButton is PASSED

2018-12-03 17:07:20 - [MESSAGE][WARNING] - Timeout '0' is invalid. Using default page load timeout: '6'

2018-12-03 17:07:27 - [MESSAGE][WARNING] - Object Object Repository/CommonScreenElements/InfoPopUp_OKButton not found
[[ATTACHMENT|F:\\Git Projects\\MMA_Merchandising\\MMA_Merchandising\\Reports\\MMA Merchandising With Channel Wise Data Verification\\20181203_164339\\1543838846623.png]]

2018-12-03 17:07:28 - [MESSAGE][PASSED] - com.ct.qa.keywords.CommonKeywords.visitPlanogramImageViewButton is PASSED

2018-12-03 17:07:28 - [TEST_STEP][PASSED] - verifyElementText: Actual text and expected text of test object 'Object Repository/ShopOpen/RemainingCategories/Validate_ProductCategoryAssetScreen' are matched.

2018-12-03 17:07:28 - [MESSAGE][PASSED] - Actual text and expected text of test object 'Object Repository/ShopOpen/RemainingCategories/Validate_ProductCategoryAssetScreen' are matched.

2018-12-03 17:07:28 - [TEST_STEP][PASSED] - com.ct.qa.keywords.CommonKeywords.visitPictureImageViewButton: com.ct.qa.keywords.CommonKeywords.visitPictureImageViewButton is PASSED

2018-12-03 17:07:31 - [MESSAGE][WARNING] - Timeout '0' is invalid. Using default page load timeout: '6'

2018-12-03 17:07:32 - [MESSAGE][PASSED] - Element 'Object Repository/CommonScreenElements/Validate_CameraScreen' is exist

2018-12-03 17:07:32 - [MESSAGE][WARNING] - Timeout '0' is invalid. Using default page load timeout: '6'

2018-12-03 17:07:35 - [MESSAGE][PASSED] - Tapped on element 'Object Repository/CommonScreenElements/TakePictureButton'

2018-12-03 17:07:40 - [MESSAGE][PASSED] - Delayed 5 second(s)

2018-12-03 17:07:40 - [MESSAGE][WARNING] - Timeout '0' is invalid. Using default page load timeout: '6'

2018-12-03 17:07:41 - [MESSAGE][PASSED] - Tapped on element 'Object Repository/CommonScreenElements/DoneButton'

2018-12-03 17:07:41 - [MESSAGE][PASSED] - com.ct.qa.keywords.CommonKeywords.visitPictureImageViewButton is PASSED

2018-12-03 17:07:41 - [TEST_STEP][PASSED] - verifyElementText: Actual text and expected text of test object 'Object Repository/ShopOpen/RemainingCategories/Validate_ProductCategoryAssetScreen' are matched.

2018-12-03 17:07:42 - [MESSAGE][PASSED] - Actual text and expected text of test object 'Object Repository/ShopOpen/RemainingCategories/Validate_ProductCategoryAssetScreen' are matched.

2018-12-03 17:07:42 - [TEST_STEP][PASSED] - com.ct.qa.keywords.CommonKeywords.visitBackImageViewButton: com.ct.qa.keywords.CommonKeywords.visitBackImageViewButton is PASSED

2018-12-03 17:07:44 - [MESSAGE][PASSED] - com.ct.qa.keywords.CommonKeywords.visitBackImageViewButton is PASSED

2018-12-03 17:07:44 - [TEST_STEP][PASSED] - verifyElementExist: Element 'Object Repository/ShopOpen/Validate_ShopCategoriesListScreen' is exist

2018-12-03 17:07:44 - [MESSAGE][WARNING] - Timeout '0' is invalid. Using default page load timeout: '6'

2018-12-03 17:07:45 - [MESSAGE][PASSED] - Element 'Object Repository/ShopOpen/Validate_ShopCategoriesListScreen' is exist

2018-12-03 17:07:45 - [MESSAGE][PASSED] - Call Test Case 'Test Cases/ShopOpen/RemainingCategories/VisitRemainingCategoriesWithDSA' successfully

2018-12-03 17:07:47 - [MESSAGE][PASSED] - Swiped from 0,293 to 0,200

2018-12-03 17:07:49 - [MESSAGE][WARNING] - Timeout '0' is invalid. Using default page load timeout: '6'

2018-12-03 17:07:56 - [MESSAGE][WARNING] - Element 'Object Repository/CommonScreenElements/Validate_CameraScreen' not found
[[ATTACHMENT|F:\\Git Projects\\MMA_Merchandising\\MMA_Merchandising\\Reports\\MMA Merchandising With Channel Wise Data Verification\\20181203_164339\\1543838875844.png]]

2018-12-03 17:07:56 - [TEST_CASE][PASSED] - Test Cases/ShopOpen/RemainingCategories/VisitRemainingCategoriesWithDSA: Test Cases/ShopOpen/RemainingCategories/VisitRemainingCategoriesWithDSA

2018-12-03 17:07:57 - [TEST_STEP][PASSED] - verifyElementText: Actual text and expected text of test object 'Object Repository/ShopOpen/RemainingCategories/Validate_MainCategoryDetailScreen' are matched.

2018-12-03 17:07:57 - [MESSAGE][PASSED] - Actual text and expected text of test object 'Object Repository/ShopOpen/RemainingCategories/Validate_MainCategoryDetailScreen' are matched.

2018-12-03 17:07:57 - [TEST_STEP][PASSED] - tap: Tapped on element 'Object Repository/ShopOpen/RemainingCategories/DisplaySpaceAvailable'

2018-12-03 17:07:57 - [MESSAGE][WARNING] - Timeout '0' is invalid. Using default page load timeout: '6'

2018-12-03 17:07:58 - [MESSAGE][PASSED] - Tapped on element 'Object Repository/ShopOpen/RemainingCategories/DisplaySpaceAvailable'

2018-12-03 17:07:58 - [TEST_STEP][PASSED] - verifyElementText: Actual text and expected text of test object 'Object Repository/ShopOpen/RemainingCategories/Validate_ProductCategoryAssetScreen' are matched.

2018-12-03 17:07:59 - [MESSAGE][PASSED] - Actual text and expected text of test object 'Object Repository/ShopOpen/RemainingCategories/Validate_ProductCategoryAssetScreen' are matched.

2018-12-03 17:07:59 - [TEST_STEP][PASSED] - tap: Tapped on element 'Object Repository/ShopOpen/RemainingCategories/Facing'

2018-12-03 17:07:59 - [MESSAGE][WARNING] - Timeout '0' is invalid. Using default page load timeout: '6'

2018-12-03 17:08:00 - [MESSAGE][PASSED] - Tapped on element 'Object Repository/ShopOpen/RemainingCategories/Facing'

2018-12-03 17:08:00 - [TEST_STEP][PASSED] - verifyElementText: Actual text and expected text of test object 'Object Repository/ShopOpen/RemainingCategories/Validate_FacingScreen' are matched.

2018-12-03 17:08:02 - [MESSAGE][PASSED] - Actual text and expected text of test object 'Object Repository/ShopOpen/RemainingCategories/Validate_FacingScreen' are matched.

2018-12-03 17:08:02 - [TEST_STEP][PASSED] - com.ct.qa.keywords.ChannelProductsDataKeywords.visitChannelWiseProductsData: com.ct.qa.keywords.ChannelProductsDataKeywords.visitChannelWiseProductsData is PASSED

2018-12-03 17:08:06 - [MESSAGE][PASSED] - Keyboard is hidden

2018-12-03 17:08:09 - [MESSAGE][PASSED] - Keyboard is hidden

2018-12-03 17:08:12 - [MESSAGE][PASSED] - Keyboard is hidden

2018-12-03 17:08:15 - [MESSAGE][PASSED] - Keyboard is hidden

2018-12-03 17:08:18 - [MESSAGE][PASSED] - Keyboard is hidden

2018-12-03 17:08:21 - [MESSAGE][PASSED] - Keyboard is hidden

2018-12-03 17:08:24 - [MESSAGE][PASSED] - Swiped from 89,359 to 89,250

2018-12-03 17:08:28 - [MESSAGE][PASSED] - Keyboard is hidden

2018-12-03 17:08:29 - [MESSAGE][PASSED] - Swiped from 89,359 to 89,250

2018-12-03 17:08:33 - [MESSAGE][PASSED] - Keyboard is hidden

2018-12-03 17:08:34 - [MESSAGE][PASSED] - Swiped from 89,359 to 89,250

2018-12-03 17:08:38 - [MESSAGE][PASSED] - Keyboard is hidden

2018-12-03 17:08:39 - [MESSAGE][PASSED] - Swiped from 89,359 to 89,250

2018-12-03 17:08:43 - [MESSAGE][PASSED] - Keyboard is hidden

2018-12-03 17:08:44 - [MESSAGE][PASSED] - Swiped from 89,359 to 89,250

2018-12-03 17:08:48 - [MESSAGE][PASSED] - Keyboard is hidden

2018-12-03 17:08:49 - [MESSAGE][PASSED] - Swiped from 89,359 to 89,250

2018-12-03 17:08:53 - [MESSAGE][PASSED] - Keyboard is hidden

2018-12-03 17:08:54 - [MESSAGE][PASSED] - Swiped from 89,359 to 89,250

2018-12-03 17:08:58 - [MESSAGE][PASSED] - Keyboard is hidden

2018-12-03 17:08:59 - [MESSAGE][PASSED] - Swiped from 89,359 to 89,250

2018-12-03 17:09:03 - [MESSAGE][PASSED] - Keyboard is hidden

2018-12-03 17:09:04 - [MESSAGE][PASSED] - Swiped from 89,359 to 89,250

2018-12-03 17:09:08 - [MESSAGE][PASSED] - Keyboard is hidden

2018-12-03 17:09:09 - [MESSAGE][PASSED] - Swiped from 89,359 to 89,250

2018-12-03 17:09:13 - [MESSAGE][PASSED] - Keyboard is hidden

2018-12-03 17:09:14 - [MESSAGE][PASSED] - Swiped from 89,359 to 89,250

2018-12-03 17:09:18 - [MESSAGE][PASSED] - Keyboard is hidden

2018-12-03 17:09:19 - [MESSAGE][PASSED] - Swiped from 89,359 to 89,250

2018-12-03 17:09:23 - [MESSAGE][PASSED] - Keyboard is hidden

2018-12-03 17:09:24 - [MESSAGE][PASSED] - Swiped from 89,359 to 89,250

2018-12-03 17:09:25 - [MESSAGE][PASSED] - com.ct.qa.keywords.ChannelProductsDataKeywords.visitChannelWiseProductsData is PASSED

2018-12-03 17:09:25 - [TEST_STEP][PASSED] - tap: Tapped on element 'Object Repository/ShopOpen/RemainingCategories/SubmitButton'

2018-12-03 17:09:25 - [MESSAGE][WARNING] - Timeout '0' is invalid. Using default page load timeout: '6'

2018-12-03 17:09:26 - [MESSAGE][PASSED] - Tapped on element 'Object Repository/ShopOpen/RemainingCategories/SubmitButton'

2018-12-03 17:09:26 - [TEST_STEP][PASSED] - verifyElementText: Actual text and expected text of test object 'Object Repository/ShopOpen/RemainingCategories/Validate_ProductCategoryAssetScreen' are matched.

2018-12-03 17:09:27 - [MESSAGE][PASSED] - Actual text and expected text of test object 'Object Repository/ShopOpen/RemainingCategories/Validate_ProductCategoryAssetScreen' are matched.

2018-12-03 17:09:27 - [TEST_STEP][PASSED] - tap: Tapped on element 'Object Repository/ShopOpen/RemainingCategories/StockTaking'

2018-12-03 17:09:27 - [MESSAGE][WARNING] - Timeout '0' is invalid. Using default page load timeout: '6'

2018-12-03 17:09:27 - [MESSAGE][PASSED] - Tapped on element 'Object Repository/ShopOpen/RemainingCategories/StockTaking'

2018-12-03 17:09:27 - [TEST_STEP][PASSED] - verifyElementText: Actual text and expected text of test object 'Object Repository/ShopOpen/RemainingCategories/Validate_StockTakingScreen' are matched.

2018-12-03 17:09:29 - [MESSAGE][PASSED] - Actual text and expected text of test object 'Object Repository/ShopOpen/RemainingCategories/Validate_StockTakingScreen' are matched.

2018-12-03 17:09:29 - [TEST_STEP][PASSED] - com.ct.qa.keywords.ChannelProductsDataKeywords.visitChannelWiseProductsData: com.ct.qa.keywords.ChannelProductsDataKeywords.visitChannelWiseProductsData is PASSED

2018-12-03 17:09:34 - [MESSAGE][PASSED] - Keyboard is hidden

2018-12-03 17:09:37 - [MESSAGE][PASSED] - Keyboard is hidden

2018-12-03 17:09:40 - [MESSAGE][PASSED] - Keyboard is hidden

2018-12-03 17:09:43 - [MESSAGE][PASSED] - Keyboard is hidden

2018-12-03 17:09:46 - [MESSAGE][PASSED] - Keyboard is hidden

2018-12-03 17:09:49 - [MESSAGE][PASSED] - Keyboard is hidden

2018-12-03 17:09:51 - [MESSAGE][PASSED] - Swiped from 89,359 to 89,250

2018-12-03 17:09:55 - [MESSAGE][PASSED] - Keyboard is hidden

2018-12-03 17:09:56 - [MESSAGE][PASSED] - Swiped from 89,359 to 89,250

2018-12-03 17:10:00 - [MESSAGE][PASSED] - Keyboard is hidden

2018-12-03 17:10:01 - [MESSAGE][PASSED] - Swiped from 89,359 to 89,250

2018-12-03 17:10:05 - [MESSAGE][PASSED] - Keyboard is hidden

2018-12-03 17:10:06 - [MESSAGE][PASSED] - Swiped from 89,359 to 89,250

2018-12-03 17:10:10 - [MESSAGE][PASSED] - Keyboard is hidden

2018-12-03 17:10:11 - [MESSAGE][PASSED] - Swiped from 89,359 to 89,250

2018-12-03 17:10:15 - [MESSAGE][PASSED] - Keyboard is hidden

2018-12-03 17:10:16 - [MESSAGE][PASSED] - Swiped from 89,359 to 89,250

2018-12-03 17:10:20 - [MESSAGE][PASSED] - Keyboard is hidden

2018-12-03 17:10:21 - [MESSAGE][PASSED] - Swiped from 89,359 to 89,250

2018-12-03 17:10:25 - [MESSAGE][PASSED] - Keyboard is hidden

2018-12-03 17:10:26 - [MESSAGE][PASSED] - Swiped from 89,359 to 89,250

2018-12-03 17:10:30 - [MESSAGE][PASSED] - Keyboard is hidden

2018-12-03 17:10:31 - [MESSAGE][PASSED] - Swiped from 89,359 to 89,250

2018-12-03 17:10:35 - [MESSAGE][PASSED] - Keyboard is hidden

2018-12-03 17:10:36 - [MESSAGE][PASSED] - Swiped from 89,359 to 89,250

2018-12-03 17:10:40 - [MESSAGE][PASSED] - Keyboard is hidden

2018-12-03 17:10:41 - [MESSAGE][PASSED] - Swiped from 89,359 to 89,250

2018-12-03 17:10:45 - [MESSAGE][PASSED] - Keyboard is hidden

2018-12-03 17:10:46 - [MESSAGE][PASSED] - Swiped from 89,359 to 89,250

2018-12-03 17:10:50 - [MESSAGE][PASSED] - Keyboard is hidden

2018-12-03 17:10:51 - [MESSAGE][PASSED] - Swiped from 89,359 to 89,250

2018-12-03 17:10:52 - [MESSAGE][PASSED] - com.ct.qa.keywords.ChannelProductsDataKeywords.visitChannelWiseProductsData is PASSED

2018-12-03 17:10:52 - [TEST_STEP][PASSED] - tap: Tapped on element 'Object Repository/ShopOpen/RemainingCategories/SubmitButton'

2018-12-03 17:10:52 - [MESSAGE][WARNING] - Timeout '0' is invalid. Using default page load timeout: '6'

2018-12-03 17:10:53 - [MESSAGE][PASSED] - Tapped on element 'Object Repository/ShopOpen/RemainingCategories/SubmitButton'

2018-12-03 17:10:53 - [TEST_STEP][PASSED] - verifyElementText: Actual text and expected text of test object 'Object Repository/ShopOpen/RemainingCategories/Validate_ProductCategoryAssetScreen' are matched.

2018-12-03 17:10:54 - [MESSAGE][PASSED] - Actual text and expected text of test object 'Object Repository/ShopOpen/RemainingCategories/Validate_ProductCategoryAssetScreen' are matched.

2018-12-03 17:10:54 - [TEST_STEP][PASSED] - com.ct.qa.keywords.CommonKeywords.visitPlanogramImageViewButton: com.ct.qa.keywords.CommonKeywords.visitPlanogramImageViewButton is PASSED

2018-12-03 17:10:55 - [MESSAGE][WARNING] - Timeout '0' is invalid. Using default page load timeout: '6'

2018-12-03 17:11:02 - [MESSAGE][WARNING] - Object Object Repository/CommonScreenElements/InfoPopUp_OKButton not found
[[ATTACHMENT|F:\\Git Projects\\MMA_Merchandising\\MMA_Merchandising\\Reports\\MMA Merchandising With Channel Wise Data Verification\\20181203_164339\\1543839061355.png]]

2018-12-03 17:11:02 - [MESSAGE][PASSED] - com.ct.qa.keywords.CommonKeywords.visitPlanogramImageViewButton is PASSED

2018-12-03 17:11:02 - [TEST_STEP][PASSED] - verifyElementText: Actual text and expected text of test object 'Object Repository/ShopOpen/RemainingCategories/Validate_ProductCategoryAssetScreen' are matched.

2018-12-03 17:11:03 - [MESSAGE][PASSED] - Actual text and expected text of test object 'Object Repository/ShopOpen/RemainingCategories/Validate_ProductCategoryAssetScreen' are matched.

2018-12-03 17:11:03 - [TEST_STEP][PASSED] - com.ct.qa.keywords.CommonKeywords.visitPictureImageViewButton: com.ct.qa.keywords.CommonKeywords.visitPictureImageViewButton is PASSED

2018-12-03 17:11:06 - [MESSAGE][WARNING] - Timeout '0' is invalid. Using default page load timeout: '6'

2018-12-03 17:11:07 - [MESSAGE][PASSED] - Element 'Object Repository/CommonScreenElements/Validate_CameraScreen' is exist

2018-12-03 17:11:07 - [MESSAGE][WARNING] - Timeout '0' is invalid. Using default page load timeout: '6'

2018-12-03 17:11:10 - [MESSAGE][PASSED] - Tapped on element 'Object Repository/CommonScreenElements/TakePictureButton'

2018-12-03 17:11:15 - [MESSAGE][PASSED] - Delayed 5 second(s)

2018-12-03 17:11:15 - [MESSAGE][WARNING] - Timeout '0' is invalid. Using default page load timeout: '6'

2018-12-03 17:11:16 - [MESSAGE][PASSED] - Tapped on element 'Object Repository/CommonScreenElements/DoneButton'

2018-12-03 17:11:16 - [MESSAGE][PASSED] - com.ct.qa.keywords.CommonKeywords.visitPictureImageViewButton is PASSED

2018-12-03 17:11:16 - [TEST_STEP][PASSED] - verifyElementText: Actual text and expected text of test object 'Object Repository/ShopOpen/RemainingCategories/Validate_ProductCategoryAssetScreen' are matched.

2018-12-03 17:11:17 - [MESSAGE][PASSED] - Actual text and expected text of test object 'Object Repository/ShopOpen/RemainingCategories/Validate_ProductCategoryAssetScreen' are matched.

2018-12-03 17:11:17 - [TEST_STEP][PASSED] - com.ct.qa.keywords.CommonKeywords.visitBackImageViewButton: com.ct.qa.keywords.CommonKeywords.visitBackImageViewButton is PASSED

2018-12-03 17:11:18 - [MESSAGE][PASSED] - com.ct.qa.keywords.CommonKeywords.visitBackImageViewButton is PASSED

2018-12-03 17:11:18 - [TEST_STEP][PASSED] - verifyElementExist: Element 'Object Repository/ShopOpen/Validate_ShopCategoriesListScreen' is exist

2018-12-03 17:11:18 - [MESSAGE][WARNING] - Timeout '0' is invalid. Using default page load timeout: '6'

2018-12-03 17:11:20 - [MESSAGE][PASSED] - Element 'Object Repository/ShopOpen/Validate_ShopCategoriesListScreen' is exist

2018-12-03 17:11:20 - [MESSAGE][PASSED] - Call Test Case 'Test Cases/ShopOpen/RemainingCategories/VisitRemainingCategoriesWithDSA' successfully

2018-12-03 17:11:21 - [MESSAGE][PASSED] - Swiped from 0,293 to 0,200

2018-12-03 17:11:24 - [MESSAGE][PASSED] - Swiped from 0,293 to 0,200

2018-12-03 17:11:26 - [MESSAGE][WARNING] - Timeout '0' is invalid. Using default page load timeout: '6'

2018-12-03 17:11:33 - [MESSAGE][WARNING] - Element 'Object Repository/CommonScreenElements/Validate_CameraScreen' not found
[[ATTACHMENT|F:\\Git Projects\\MMA_Merchandising\\MMA_Merchandising\\Reports\\MMA Merchandising With Channel Wise Data Verification\\20181203_164339\\1543839092761.png]]

2018-12-03 17:11:33 - [TEST_CASE][PASSED] - Test Cases/ShopOpen/RemainingCategories/VisitRemainingCategoriesWithDSA: Test Cases/ShopOpen/RemainingCategories/VisitRemainingCategoriesWithDSA

2018-12-03 17:11:33 - [TEST_STEP][PASSED] - verifyElementText: Actual text and expected text of test object 'Object Repository/ShopOpen/RemainingCategories/Validate_MainCategoryDetailScreen' are matched.

2018-12-03 17:11:34 - [MESSAGE][PASSED] - Actual text and expected text of test object 'Object Repository/ShopOpen/RemainingCategories/Validate_MainCategoryDetailScreen' are matched.

2018-12-03 17:11:34 - [TEST_STEP][PASSED] - tap: Tapped on element 'Object Repository/ShopOpen/RemainingCategories/DisplaySpaceAvailable'

2018-12-03 17:11:34 - [MESSAGE][WARNING] - Timeout '0' is invalid. Using default page load timeout: '6'

2018-12-03 17:11:34 - [MESSAGE][PASSED] - Tapped on element 'Object Repository/ShopOpen/RemainingCategories/DisplaySpaceAvailable'

2018-12-03 17:11:34 - [TEST_STEP][PASSED] - verifyElementText: Actual text and expected text of test object 'Object Repository/ShopOpen/RemainingCategories/Validate_ProductCategoryAssetScreen' are matched.

2018-12-03 17:11:36 - [MESSAGE][PASSED] - Actual text and expected text of test object 'Object Repository/ShopOpen/RemainingCategories/Validate_ProductCategoryAssetScreen' are matched.

2018-12-03 17:11:36 - [TEST_STEP][PASSED] - tap: Tapped on element 'Object Repository/ShopOpen/RemainingCategories/Facing'

2018-12-03 17:11:36 - [MESSAGE][WARNING] - Timeout '0' is invalid. Using default page load timeout: '6'

2018-12-03 17:11:37 - [MESSAGE][PASSED] - Tapped on element 'Object Repository/ShopOpen/RemainingCategories/Facing'

2018-12-03 17:11:37 - [TEST_STEP][PASSED] - verifyElementText: Actual text and expected text of test object 'Object Repository/ShopOpen/RemainingCategories/Validate_FacingScreen' are matched.

2018-12-03 17:11:38 - [MESSAGE][PASSED] - Actual text and expected text of test object 'Object Repository/ShopOpen/RemainingCategories/Validate_FacingScreen' are matched.

2018-12-03 17:11:38 - [TEST_STEP][PASSED] - com.ct.qa.keywords.ChannelProductsDataKeywords.visitChannelWiseProductsData: com.ct.qa.keywords.ChannelProductsDataKeywords.visitChannelWiseProductsData is PASSED

2018-12-03 17:11:43 - [MESSAGE][PASSED] - Keyboard is hidden

2018-12-03 17:11:46 - [MESSAGE][PASSED] - Keyboard is hidden

2018-12-03 17:11:49 - [MESSAGE][PASSED] - Keyboard is hidden

2018-12-03 17:11:50 - [MESSAGE][PASSED] - com.ct.qa.keywords.ChannelProductsDataKeywords.visitChannelWiseProductsData is PASSED

2018-12-03 17:11:50 - [TEST_STEP][PASSED] - tap: Tapped on element 'Object Repository/ShopOpen/RemainingCategories/SubmitButton'

2018-12-03 17:11:50 - [MESSAGE][WARNING] - Timeout '0' is invalid. Using default page load timeout: '6'

2018-12-03 17:11:51 - [MESSAGE][PASSED] - Tapped on element 'Object Repository/ShopOpen/RemainingCategories/SubmitButton'

2018-12-03 17:11:51 - [TEST_STEP][PASSED] - verifyElementText: Actual text and expected text of test object 'Object Repository/ShopOpen/RemainingCategories/Validate_ProductCategoryAssetScreen' are matched.

2018-12-03 17:11:51 - [MESSAGE][PASSED] - Actual text and expected text of test object 'Object Repository/ShopOpen/RemainingCategories/Validate_ProductCategoryAssetScreen' are matched.

2018-12-03 17:11:51 - [TEST_STEP][PASSED] - tap: Tapped on element 'Object Repository/ShopOpen/RemainingCategories/StockTaking'

2018-12-03 17:11:51 - [MESSAGE][WARNING] - Timeout '0' is invalid. Using default page load timeout: '6'

2018-12-03 17:11:52 - [MESSAGE][PASSED] - Tapped on element 'Object Repository/ShopOpen/RemainingCategories/StockTaking'

2018-12-03 17:11:52 - [TEST_STEP][PASSED] - verifyElementText: Actual text and expected text of test object 'Object Repository/ShopOpen/RemainingCategories/Validate_StockTakingScreen' are matched.

2018-12-03 17:11:53 - [MESSAGE][PASSED] - Actual text and expected text of test object 'Object Repository/ShopOpen/RemainingCategories/Validate_StockTakingScreen' are matched.

2018-12-03 17:11:53 - [TEST_STEP][PASSED] - com.ct.qa.keywords.ChannelProductsDataKeywords.visitChannelWiseProductsData: com.ct.qa.keywords.ChannelProductsDataKeywords.visitChannelWiseProductsData is PASSED

2018-12-03 17:11:58 - [MESSAGE][PASSED] - Keyboard is hidden

2018-12-03 17:12:01 - [MESSAGE][PASSED] - Keyboard is hidden

2018-12-03 17:12:04 - [MESSAGE][PASSED] - Keyboard is hidden

2018-12-03 17:12:05 - [MESSAGE][PASSED] - com.ct.qa.keywords.ChannelProductsDataKeywords.visitChannelWiseProductsData is PASSED

2018-12-03 17:12:05 - [TEST_STEP][PASSED] - tap: Tapped on element 'Object Repository/ShopOpen/RemainingCategories/SubmitButton'

2018-12-03 17:12:05 - [MESSAGE][WARNING] - Timeout '0' is invalid. Using default page load timeout: '6'

2018-12-03 17:12:06 - [MESSAGE][PASSED] - Tapped on element 'Object Repository/ShopOpen/RemainingCategories/SubmitButton'

2018-12-03 17:12:06 - [TEST_STEP][PASSED] - verifyElementText: Actual text and expected text of test object 'Object Repository/ShopOpen/RemainingCategories/Validate_ProductCategoryAssetScreen' are matched.

2018-12-03 17:12:06 - [MESSAGE][PASSED] - Actual text and expected text of test object 'Object Repository/ShopOpen/RemainingCategories/Validate_ProductCategoryAssetScreen' are matched.

2018-12-03 17:12:06 - [TEST_STEP][PASSED] - com.ct.qa.keywords.CommonKeywords.visitPlanogramImageViewButton: com.ct.qa.keywords.CommonKeywords.visitPlanogramImageViewButton is PASSED

2018-12-03 17:12:09 - [MESSAGE][WARNING] - Timeout '0' is invalid. Using default page load timeout: '6'

2018-12-03 17:12:16 - [MESSAGE][WARNING] - Object Object Repository/CommonScreenElements/InfoPopUp_OKButton not found
[[ATTACHMENT|F:\\Git Projects\\MMA_Merchandising\\MMA_Merchandising\\Reports\\MMA Merchandising With Channel Wise Data Verification\\20181203_164339\\1543839135293.png]]

2018-12-03 17:12:16 - [MESSAGE][PASSED] - com.ct.qa.keywords.CommonKeywords.visitPlanogramImageViewButton is PASSED

2018-12-03 17:12:16 - [TEST_STEP][PASSED] - verifyElementText: Actual text and expected text of test object 'Object Repository/ShopOpen/RemainingCategories/Validate_ProductCategoryAssetScreen' are matched.

2018-12-03 17:12:17 - [MESSAGE][PASSED] - Actual text and expected text of test object 'Object Repository/ShopOpen/RemainingCategories/Validate_ProductCategoryAssetScreen' are matched.

2018-12-03 17:12:17 - [TEST_STEP][PASSED] - com.ct.qa.keywords.CommonKeywords.visitPictureImageViewButton: com.ct.qa.keywords.CommonKeywords.visitPictureImageViewButton is PASSED

2018-12-03 17:12:20 - [MESSAGE][WARNING] - Timeout '0' is invalid. Using default page load timeout: '6'

2018-12-03 17:12:21 - [MESSAGE][PASSED] - Element 'Object Repository/CommonScreenElements/Validate_CameraScreen' is exist

2018-12-03 17:12:21 - [MESSAGE][WARNING] - Timeout '0' is invalid. Using default page load timeout: '6'

2018-12-03 17:12:24 - [MESSAGE][PASSED] - Tapped on element 'Object Repository/CommonScreenElements/TakePictureButton'

2018-12-03 17:12:29 - [MESSAGE][PASSED] - Delayed 5 second(s)

2018-12-03 17:12:29 - [MESSAGE][WARNING] - Timeout '0' is invalid. Using default page load timeout: '6'

2018-12-03 17:12:30 - [MESSAGE][PASSED] - Tapped on element 'Object Repository/CommonScreenElements/DoneButton'

2018-12-03 17:12:30 - [MESSAGE][PASSED] - com.ct.qa.keywords.CommonKeywords.visitPictureImageViewButton is PASSED

2018-12-03 17:12:30 - [TEST_STEP][PASSED] - verifyElementText: Actual text and expected text of test object 'Object Repository/ShopOpen/RemainingCategories/Validate_ProductCategoryAssetScreen' are matched.

2018-12-03 17:12:31 - [MESSAGE][PASSED] - Actual text and expected text of test object 'Object Repository/ShopOpen/RemainingCategories/Validate_ProductCategoryAssetScreen' are matched.

2018-12-03 17:12:31 - [TEST_STEP][PASSED] - com.ct.qa.keywords.CommonKeywords.visitBackImageViewButton: com.ct.qa.keywords.CommonKeywords.visitBackImageViewButton is PASSED

2018-12-03 17:12:33 - [MESSAGE][PASSED] - com.ct.qa.keywords.CommonKeywords.visitBackImageViewButton is PASSED

2018-12-03 17:12:33 - [TEST_STEP][PASSED] - verifyElementExist: Element 'Object Repository/ShopOpen/Validate_ShopCategoriesListScreen' is exist

2018-12-03 17:12:33 - [MESSAGE][WARNING] - Timeout '0' is invalid. Using default page load timeout: '6'

2018-12-03 17:12:34 - [MESSAGE][PASSED] - Element 'Object Repository/ShopOpen/Validate_ShopCategoriesListScreen' is exist

2018-12-03 17:12:34 - [MESSAGE][PASSED] - Call Test Case 'Test Cases/ShopOpen/RemainingCategories/VisitRemainingCategoriesWithDSA' successfully

2018-12-03 17:12:35 - [MESSAGE][PASSED] - Swiped from 0,293 to 0,200

2018-12-03 17:12:37 - [MESSAGE][PASSED] - Swiped from 0,293 to 0,200

2018-12-03 17:12:40 - [MESSAGE][PASSED] - Swiped from 0,293 to 0,200

2018-12-03 17:12:43 - [MESSAGE][WARNING] - Timeout '0' is invalid. Using default page load timeout: '6'

2018-12-03 17:12:50 - [MESSAGE][WARNING] - Element 'Object Repository/CommonScreenElements/Validate_CameraScreen' not found
[[ATTACHMENT|F:\\Git Projects\\MMA_Merchandising\\MMA_Merchandising\\Reports\\MMA Merchandising With Channel Wise Data Verification\\20181203_164339\\1543839169760.png]]

2018-12-03 17:12:50 - [TEST_CASE][PASSED] - Test Cases/ShopOpen/RemainingCategories/VisitRemainingCategoriesWithDSA: Test Cases/ShopOpen/RemainingCategories/VisitRemainingCategoriesWithDSA

2018-12-03 17:12:50 - [TEST_STEP][PASSED] - verifyElementText: Actual text and expected text of test object 'Object Repository/ShopOpen/RemainingCategories/Validate_MainCategoryDetailScreen' are matched.

2018-12-03 17:12:51 - [MESSAGE][PASSED] - Actual text and expected text of test object 'Object Repository/ShopOpen/RemainingCategories/Validate_MainCategoryDetailScreen' are matched.

2018-12-03 17:12:51 - [TEST_STEP][PASSED] - tap: Tapped on element 'Object Repository/ShopOpen/RemainingCategories/DisplaySpaceAvailable'

2018-12-03 17:12:51 - [MESSAGE][WARNING] - Timeout '0' is invalid. Using default page load timeout: '6'

2018-12-03 17:12:51 - [MESSAGE][PASSED] - Tapped on element 'Object Repository/ShopOpen/RemainingCategories/DisplaySpaceAvailable'

2018-12-03 17:12:51 - [TEST_STEP][PASSED] - verifyElementText: Actual text and expected text of test object 'Object Repository/ShopOpen/RemainingCategories/Validate_ProductCategoryAssetScreen' are matched.

2018-12-03 17:12:53 - [MESSAGE][PASSED] - Actual text and expected text of test object 'Object Repository/ShopOpen/RemainingCategories/Validate_ProductCategoryAssetScreen' are matched.

2018-12-03 17:12:53 - [TEST_STEP][PASSED] - tap: Tapped on element 'Object Repository/ShopOpen/RemainingCategories/Facing'

2018-12-03 17:12:53 - [MESSAGE][WARNING] - Timeout '0' is invalid. Using default page load timeout: '6'

2018-12-03 17:12:54 - [MESSAGE][PASSED] - Tapped on element 'Object Repository/ShopOpen/RemainingCategories/Facing'

2018-12-03 17:12:54 - [TEST_STEP][PASSED] - verifyElementText: Actual text and expected text of test object 'Object Repository/ShopOpen/RemainingCategories/Validate_FacingScreen' are matched.

2018-12-03 17:12:56 - [MESSAGE][PASSED] - Actual text and expected text of test object 'Object Repository/ShopOpen/RemainingCategories/Validate_FacingScreen' are matched.

2018-12-03 17:12:56 - [TEST_STEP][PASSED] - com.ct.qa.keywords.ChannelProductsDataKeywords.visitChannelWiseProductsData: com.ct.qa.keywords.ChannelProductsDataKeywords.visitChannelWiseProductsData is PASSED

2018-12-03 17:13:00 - [MESSAGE][PASSED] - Keyboard is hidden

2018-12-03 17:13:03 - [MESSAGE][PASSED] - Keyboard is hidden

2018-12-03 17:13:06 - [MESSAGE][PASSED] - Keyboard is hidden

2018-12-03 17:13:09 - [MESSAGE][PASSED] - Keyboard is hidden

2018-12-03 17:13:10 - [MESSAGE][PASSED] - com.ct.qa.keywords.ChannelProductsDataKeywords.visitChannelWiseProductsData is PASSED

2018-12-03 17:13:10 - [TEST_STEP][PASSED] - tap: Tapped on element 'Object Repository/ShopOpen/RemainingCategories/SubmitButton'

2018-12-03 17:13:10 - [MESSAGE][WARNING] - Timeout '0' is invalid. Using default page load timeout: '6'

2018-12-03 17:13:11 - [MESSAGE][PASSED] - Tapped on element 'Object Repository/ShopOpen/RemainingCategories/SubmitButton'

2018-12-03 17:13:11 - [TEST_STEP][PASSED] - verifyElementText: Actual text and expected text of test object 'Object Repository/ShopOpen/RemainingCategories/Validate_ProductCategoryAssetScreen' are matched.

2018-12-03 17:13:11 - [MESSAGE][PASSED] - Actual text and expected text of test object 'Object Repository/ShopOpen/RemainingCategories/Validate_ProductCategoryAssetScreen' are matched.

2018-12-03 17:13:11 - [TEST_STEP][PASSED] - tap: Tapped on element 'Object Repository/ShopOpen/RemainingCategories/StockTaking'

2018-12-03 17:13:11 - [MESSAGE][WARNING] - Timeout '0' is invalid. Using default page load timeout: '6'

2018-12-03 17:13:12 - [MESSAGE][PASSED] - Tapped on element 'Object Repository/ShopOpen/RemainingCategories/StockTaking'

2018-12-03 17:13:12 - [TEST_STEP][PASSED] - verifyElementText: Actual text and expected text of test object 'Object Repository/ShopOpen/RemainingCategories/Validate_StockTakingScreen' are matched.

2018-12-03 17:13:14 - [MESSAGE][PASSED] - Actual text and expected text of test object 'Object Repository/ShopOpen/RemainingCategories/Validate_StockTakingScreen' are matched.

2018-12-03 17:13:14 - [TEST_STEP][PASSED] - com.ct.qa.keywords.ChannelProductsDataKeywords.visitChannelWiseProductsData: com.ct.qa.keywords.ChannelProductsDataKeywords.visitChannelWiseProductsData is PASSED

2018-12-03 17:13:18 - [MESSAGE][PASSED] - Keyboard is hidden

2018-12-03 17:13:21 - [MESSAGE][PASSED] - Keyboard is hidden

2018-12-03 17:13:24 - [MESSAGE][PASSED] - Keyboard is hidden

2018-12-03 17:13:27 - [MESSAGE][PASSED] - Keyboard is hidden

2018-12-03 17:13:28 - [MESSAGE][PASSED] - com.ct.qa.keywords.ChannelProductsDataKeywords.visitChannelWiseProductsData is PASSED

2018-12-03 17:13:28 - [TEST_STEP][PASSED] - tap: Tapped on element 'Object Repository/ShopOpen/RemainingCategories/SubmitButton'

2018-12-03 17:13:28 - [MESSAGE][WARNING] - Timeout '0' is invalid. Using default page load timeout: '6'

2018-12-03 17:13:29 - [MESSAGE][PASSED] - Tapped on element 'Object Repository/ShopOpen/RemainingCategories/SubmitButton'

2018-12-03 17:13:29 - [TEST_STEP][PASSED] - verifyElementText: Actual text and expected text of test object 'Object Repository/ShopOpen/RemainingCategories/Validate_ProductCategoryAssetScreen' are matched.

2018-12-03 17:13:29 - [MESSAGE][PASSED] - Actual text and expected text of test object 'Object Repository/ShopOpen/RemainingCategories/Validate_ProductCategoryAssetScreen' are matched.

2018-12-03 17:13:29 - [TEST_STEP][PASSED] - com.ct.qa.keywords.CommonKeywords.visitPlanogramImageViewButton: com.ct.qa.keywords.CommonKeywords.visitPlanogramImageViewButton is PASSED

2018-12-03 17:13:32 - [MESSAGE][WARNING] - Timeout '0' is invalid. Using default page load timeout: '6'

2018-12-03 17:13:39 - [MESSAGE][WARNING] - Object Object Repository/CommonScreenElements/InfoPopUp_OKButton not found
[[ATTACHMENT|F:\\Git Projects\\MMA_Merchandising\\MMA_Merchandising\\Reports\\MMA Merchandising With Channel Wise Data Verification\\20181203_164339\\1543839218117.png]]

2018-12-03 17:13:39 - [MESSAGE][PASSED] - com.ct.qa.keywords.CommonKeywords.visitPlanogramImageViewButton is PASSED

2018-12-03 17:13:39 - [TEST_STEP][PASSED] - verifyElementText: Actual text and expected text of test object 'Object Repository/ShopOpen/RemainingCategories/Validate_ProductCategoryAssetScreen' are matched.

2018-12-03 17:13:40 - [MESSAGE][PASSED] - Actual text and expected text of test object 'Object Repository/ShopOpen/RemainingCategories/Validate_ProductCategoryAssetScreen' are matched.

2018-12-03 17:13:40 - [TEST_STEP][PASSED] - com.ct.qa.keywords.CommonKeywords.visitPictureImageViewButton: com.ct.qa.keywords.CommonKeywords.visitPictureImageViewButton is PASSED

2018-12-03 17:13:43 - [MESSAGE][WARNING] - Timeout '0' is invalid. Using default page load timeout: '6'

2018-12-03 17:13:44 - [MESSAGE][PASSED] - Element 'Object Repository/CommonScreenElements/Validate_CameraScreen' is exist

2018-12-03 17:13:44 - [MESSAGE][WARNING] - Timeout '0' is invalid. Using default page load timeout: '6'

2018-12-03 17:13:47 - [MESSAGE][PASSED] - Tapped on element 'Object Repository/CommonScreenElements/TakePictureButton'

2018-12-03 17:13:52 - [MESSAGE][PASSED] - Delayed 5 second(s)

2018-12-03 17:13:52 - [MESSAGE][WARNING] - Timeout '0' is invalid. Using default page load timeout: '6'

2018-12-03 17:13:53 - [MESSAGE][PASSED] - Tapped on element 'Object Repository/CommonScreenElements/DoneButton'

2018-12-03 17:13:53 - [MESSAGE][PASSED] - com.ct.qa.keywords.CommonKeywords.visitPictureImageViewButton is PASSED

2018-12-03 17:13:53 - [TEST_STEP][PASSED] - verifyElementText: Actual text and expected text of test object 'Object Repository/ShopOpen/RemainingCategories/Validate_ProductCategoryAssetScreen' are matched.

2018-12-03 17:13:54 - [MESSAGE][PASSED] - Actual text and expected text of test object 'Object Repository/ShopOpen/RemainingCategories/Validate_ProductCategoryAssetScreen' are matched.

2018-12-03 17:13:54 - [TEST_STEP][PASSED] - com.ct.qa.keywords.CommonKeywords.visitBackImageViewButton: com.ct.qa.keywords.CommonKeywords.visitBackImageViewButton is PASSED

2018-12-03 17:13:55 - [MESSAGE][PASSED] - com.ct.qa.keywords.CommonKeywords.visitBackImageViewButton is PASSED

2018-12-03 17:13:55 - [TEST_STEP][PASSED] - verifyElementExist: Element 'Object Repository/ShopOpen/Validate_ShopCategoriesListScreen' is exist

2018-12-03 17:13:55 - [MESSAGE][WARNING] - Timeout '0' is invalid. Using default page load timeout: '6'

2018-12-03 17:13:57 - [MESSAGE][PASSED] - Element 'Object Repository/ShopOpen/Validate_ShopCategoriesListScreen' is exist

2018-12-03 17:13:57 - [MESSAGE][PASSED] - Call Test Case 'Test Cases/ShopOpen/RemainingCategories/VisitRemainingCategoriesWithDSA' successfully

2018-12-03 17:13:58 - [MESSAGE][PASSED] - Swiped from 0,293 to 0,200

2018-12-03 17:14:00 - [MESSAGE][PASSED] - Swiped from 0,293 to 0,200

2018-12-03 17:14:02 - [MESSAGE][PASSED] - Swiped from 0,293 to 0,200

2018-12-03 17:14:05 - [MESSAGE][PASSED] - Swiped from 0,293 to 0,200

2018-12-03 17:14:07 - [MESSAGE][WARNING] - Timeout '0' is invalid. Using default page load timeout: '6'

2018-12-03 17:14:14 - [MESSAGE][WARNING] - Element 'Object Repository/CommonScreenElements/Validate_CameraScreen' not found
[[ATTACHMENT|F:\\Git Projects\\MMA_Merchandising\\MMA_Merchandising\\Reports\\MMA Merchandising With Channel Wise Data Verification\\20181203_164339\\1543839253918.png]]

2018-12-03 17:14:14 - [TEST_CASE][PASSED] - Test Cases/ShopOpen/RemainingCategories/VisitRemainingCategoriesWithDSA: Test Cases/ShopOpen/RemainingCategories/VisitRemainingCategoriesWithDSA

2018-12-03 17:14:14 - [TEST_STEP][PASSED] - verifyElementText: Actual text and expected text of test object 'Object Repository/ShopOpen/RemainingCategories/Validate_MainCategoryDetailScreen' are matched.

2018-12-03 17:14:15 - [MESSAGE][PASSED] - Actual text and expected text of test object 'Object Repository/ShopOpen/RemainingCategories/Validate_MainCategoryDetailScreen' are matched.

2018-12-03 17:14:15 - [TEST_STEP][PASSED] - tap: Tapped on element 'Object Repository/ShopOpen/RemainingCategories/DisplaySpaceAvailable'

2018-12-03 17:14:15 - [MESSAGE][WARNING] - Timeout '0' is invalid. Using default page load timeout: '6'

2018-12-03 17:14:15 - [MESSAGE][PASSED] - Tapped on element 'Object Repository/ShopOpen/RemainingCategories/DisplaySpaceAvailable'

2018-12-03 17:14:15 - [TEST_STEP][PASSED] - verifyElementText: Actual text and expected text of test object 'Object Repository/ShopOpen/RemainingCategories/Validate_ProductCategoryAssetScreen' are matched.

2018-12-03 17:14:17 - [MESSAGE][PASSED] - Actual text and expected text of test object 'Object Repository/ShopOpen/RemainingCategories/Validate_ProductCategoryAssetScreen' are matched.

2018-12-03 17:14:17 - [TEST_STEP][PASSED] - tap: Tapped on element 'Object Repository/ShopOpen/RemainingCategories/Facing'

2018-12-03 17:14:17 - [MESSAGE][WARNING] - Timeout '0' is invalid. Using default page load timeout: '6'

2018-12-03 17:14:18 - [MESSAGE][PASSED] - Tapped on element 'Object Repository/ShopOpen/RemainingCategories/Facing'

2018-12-03 17:14:18 - [TEST_STEP][PASSED] - verifyElementText: Actual text and expected text of test object 'Object Repository/ShopOpen/RemainingCategories/Validate_FacingScreen' are matched.

2018-12-03 17:14:19 - [MESSAGE][PASSED] - Actual text and expected text of test object 'Object Repository/ShopOpen/RemainingCategories/Validate_FacingScreen' are matched.

2018-12-03 17:14:19 - [TEST_STEP][PASSED] - com.ct.qa.keywords.ChannelProductsDataKeywords.visitChannelWiseProductsData: com.ct.qa.keywords.ChannelProductsDataKeywords.visitChannelWiseProductsData is PASSED

2018-12-03 17:14:23 - [MESSAGE][PASSED] - Keyboard is hidden

2018-12-03 17:14:26 - [MESSAGE][PASSED] - Keyboard is hidden

2018-12-03 17:14:27 - [MESSAGE][PASSED] - com.ct.qa.keywords.ChannelProductsDataKeywords.visitChannelWiseProductsData is PASSED

2018-12-03 17:14:27 - [TEST_STEP][PASSED] - tap: Tapped on element 'Object Repository/ShopOpen/RemainingCategories/SubmitButton'

2018-12-03 17:14:27 - [MESSAGE][WARNING] - Timeout '0' is invalid. Using default page load timeout: '6'

2018-12-03 17:14:27 - [MESSAGE][PASSED] - Tapped on element 'Object Repository/ShopOpen/RemainingCategories/SubmitButton'

2018-12-03 17:14:27 - [TEST_STEP][PASSED] - verifyElementText: Actual text and expected text of test object 'Object Repository/ShopOpen/RemainingCategories/Validate_ProductCategoryAssetScreen' are matched.

2018-12-03 17:14:28 - [MESSAGE][PASSED] - Actual text and expected text of test object 'Object Repository/ShopOpen/RemainingCategories/Validate_ProductCategoryAssetScreen' are matched.

2018-12-03 17:14:28 - [TEST_STEP][PASSED] - tap: Tapped on element 'Object Repository/ShopOpen/RemainingCategories/StockTaking'

2018-12-03 17:14:28 - [MESSAGE][WARNING] - Timeout '0' is invalid. Using default page load timeout: '6'

2018-12-03 17:14:29 - [MESSAGE][PASSED] - Tapped on element 'Object Repository/ShopOpen/RemainingCategories/StockTaking'

2018-12-03 17:14:29 - [TEST_STEP][PASSED] - verifyElementText: Actual text and expected text of test object 'Object Repository/ShopOpen/RemainingCategories/Validate_StockTakingScreen' are matched.

2018-12-03 17:14:30 - [MESSAGE][PASSED] - Actual text and expected text of test object 'Object Repository/ShopOpen/RemainingCategories/Validate_StockTakingScreen' are matched.

2018-12-03 17:14:30 - [TEST_STEP][PASSED] - com.ct.qa.keywords.ChannelProductsDataKeywords.visitChannelWiseProductsData: com.ct.qa.keywords.ChannelProductsDataKeywords.visitChannelWiseProductsData is PASSED

2018-12-03 17:14:34 - [MESSAGE][PASSED] - Keyboard is hidden

2018-12-03 17:14:37 - [MESSAGE][PASSED] - Keyboard is hidden

2018-12-03 17:14:38 - [MESSAGE][PASSED] - com.ct.qa.keywords.ChannelProductsDataKeywords.visitChannelWiseProductsData is PASSED

2018-12-03 17:14:38 - [TEST_STEP][PASSED] - tap: Tapped on element 'Object Repository/ShopOpen/RemainingCategories/SubmitButton'

2018-12-03 17:14:38 - [MESSAGE][WARNING] - Timeout '0' is invalid. Using default page load timeout: '6'

2018-12-03 17:14:38 - [MESSAGE][PASSED] - Tapped on element 'Object Repository/ShopOpen/RemainingCategories/SubmitButton'

2018-12-03 17:14:38 - [TEST_STEP][PASSED] - verifyElementText: Actual text and expected text of test object 'Object Repository/ShopOpen/RemainingCategories/Validate_ProductCategoryAssetScreen' are matched.

2018-12-03 17:14:39 - [MESSAGE][PASSED] - Actual text and expected text of test object 'Object Repository/ShopOpen/RemainingCategories/Validate_ProductCategoryAssetScreen' are matched.

2018-12-03 17:14:39 - [TEST_STEP][PASSED] - com.ct.qa.keywords.CommonKeywords.visitPlanogramImageViewButton: com.ct.qa.keywords.CommonKeywords.visitPlanogramImageViewButton is PASSED

2018-12-03 17:14:41 - [MESSAGE][WARNING] - Timeout '0' is invalid. Using default page load timeout: '6'

2018-12-03 17:14:48 - [MESSAGE][WARNING] - Object Object Repository/CommonScreenElements/InfoPopUp_OKButton not found
[[ATTACHMENT|F:\\Git Projects\\MMA_Merchandising\\MMA_Merchandising\\Reports\\MMA Merchandising With Channel Wise Data Verification\\20181203_164339\\1543839287367.png]]

2018-12-03 17:14:48 - [MESSAGE][PASSED] - com.ct.qa.keywords.CommonKeywords.visitPlanogramImageViewButton is PASSED

2018-12-03 17:14:48 - [TEST_STEP][PASSED] - verifyElementText: Actual text and expected text of test object 'Object Repository/ShopOpen/RemainingCategories/Validate_ProductCategoryAssetScreen' are matched.

2018-12-03 17:14:49 - [MESSAGE][PASSED] - Actual text and expected text of test object 'Object Repository/ShopOpen/RemainingCategories/Validate_ProductCategoryAssetScreen' are matched.

2018-12-03 17:14:49 - [TEST_STEP][PASSED] - com.ct.qa.keywords.CommonKeywords.visitPictureImageViewButton: com.ct.qa.keywords.CommonKeywords.visitPictureImageViewButton is PASSED

2018-12-03 17:14:52 - [MESSAGE][WARNING] - Timeout '0' is invalid. Using default page load timeout: '6'

2018-12-03 17:14:53 - [MESSAGE][PASSED] - Element 'Object Repository/CommonScreenElements/Validate_CameraScreen' is exist

2018-12-03 17:14:53 - [MESSAGE][WARNING] - Timeout '0' is invalid. Using default page load timeout: '6'

2018-12-03 17:14:56 - [MESSAGE][PASSED] - Tapped on element 'Object Repository/CommonScreenElements/TakePictureButton'

2018-12-03 17:15:01 - [MESSAGE][PASSED] - Delayed 5 second(s)

2018-12-03 17:15:01 - [MESSAGE][WARNING] - Timeout '0' is invalid. Using default page load timeout: '6'

2018-12-03 17:15:02 - [MESSAGE][PASSED] - Tapped on element 'Object Repository/CommonScreenElements/DoneButton'

2018-12-03 17:15:02 - [MESSAGE][PASSED] - com.ct.qa.keywords.CommonKeywords.visitPictureImageViewButton is PASSED

2018-12-03 17:15:02 - [TEST_STEP][PASSED] - verifyElementText: Actual text and expected text of test object 'Object Repository/ShopOpen/RemainingCategories/Validate_ProductCategoryAssetScreen' are matched.

2018-12-03 17:15:03 - [MESSAGE][PASSED] - Actual text and expected text of test object 'Object Repository/ShopOpen/RemainingCategories/Validate_ProductCategoryAssetScreen' are matched.

2018-12-03 17:15:03 - [TEST_STEP][PASSED] - com.ct.qa.keywords.CommonKeywords.visitBackImageViewButton: com.ct.qa.keywords.CommonKeywords.visitBackImageViewButton is PASSED

2018-12-03 17:15:04 - [MESSAGE][PASSED] - com.ct.qa.keywords.CommonKeywords.visitBackImageViewButton is PASSED

2018-12-03 17:15:04 - [TEST_STEP][PASSED] - verifyElementExist: Element 'Object Repository/ShopOpen/Validate_ShopCategoriesListScreen' is exist

2018-12-03 17:15:04 - [MESSAGE][WARNING] - Timeout '0' is invalid. Using default page load timeout: '6'

2018-12-03 17:15:05 - [MESSAGE][PASSED] - Element 'Object Repository/ShopOpen/Validate_ShopCategoriesListScreen' is exist

2018-12-03 17:15:05 - [MESSAGE][PASSED] - Call Test Case 'Test Cases/ShopOpen/RemainingCategories/VisitRemainingCategoriesWithDSA' successfully

2018-12-03 17:15:06 - [MESSAGE][PASSED] - Swiped from 0,293 to 0,200

2018-12-03 17:15:09 - [MESSAGE][PASSED] - Swiped from 0,293 to 0,200

2018-12-03 17:15:11 - [MESSAGE][PASSED] - Swiped from 0,293 to 0,200

2018-12-03 17:15:13 - [MESSAGE][PASSED] - Swiped from 0,293 to 0,200

2018-12-03 17:15:16 - [MESSAGE][PASSED] - Swiped from 0,293 to 0,200

2018-12-03 17:15:19 - [TEST_CASE][PASSED] - Test Cases/ShopOpen/CompetitionTracking/VisitCompetitionTracking: Test Cases/ShopOpen/CompetitionTracking/VisitCompetitionTracking

2018-12-03 17:15:19 - [TEST_STEP][PASSED] - verifyElementExist: Element 'Object Repository/ShopOpen/CompetitionTracking/Validate_CompetitionTrackingScreen' is exist

2018-12-03 17:15:19 - [MESSAGE][WARNING] - Timeout '0' is invalid. Using default page load timeout: '6'

2018-12-03 17:15:20 - [MESSAGE][PASSED] - Element 'Object Repository/ShopOpen/CompetitionTracking/Validate_CompetitionTrackingScreen' is exist

2018-12-03 17:15:20 - [TEST_STEP][PASSED] - com.ct.qa.keywords.CompetitionTrackingKeywords.visitCompetitiontrackingProducts: com.ct.qa.keywords.CompetitionTrackingKeywords.visitCompetitiontrackingProducts is PASSED

2018-12-03 17:15:24 - [MESSAGE][PASSED] - Keyboard is hidden

2018-12-03 17:15:26 - [MESSAGE][PASSED] - Keyboard is hidden

2018-12-03 17:15:26 - [MESSAGE][PASSED] - com.ct.qa.keywords.CompetitionTrackingKeywords.visitCompetitiontrackingProducts is PASSED

2018-12-03 17:15:26 - [TEST_STEP][PASSED] - pressBack: Press back button successfully

2018-12-03 17:15:26 - [MESSAGE][PASSED] - Press back button successfully

2018-12-03 17:15:26 - [TEST_STEP][PASSED] - verifyElementExist: Element 'Object Repository/ShopOpen/Validate_ShopCategoriesListScreen' is exist

2018-12-03 17:15:26 - [MESSAGE][WARNING] - Timeout '0' is invalid. Using default page load timeout: '6'

2018-12-03 17:15:28 - [MESSAGE][PASSED] - Element 'Object Repository/ShopOpen/Validate_ShopCategoriesListScreen' is exist

2018-12-03 17:15:28 - [MESSAGE][PASSED] - Call Test Case 'Test Cases/ShopOpen/CompetitionTracking/VisitCompetitionTracking' successfully

2018-12-03 17:15:28 - [MESSAGE][PASSED] - Swiped from 0,293 to 0,200

2018-12-03 17:15:31 - [MESSAGE][PASSED] - Swiped from 0,293 to 0,200

2018-12-03 17:15:33 - [MESSAGE][PASSED] - Swiped from 0,293 to 0,200

2018-12-03 17:15:35 - [MESSAGE][PASSED] - Swiped from 0,293 to 0,200

2018-12-03 17:15:37 - [MESSAGE][PASSED] - Swiped from 0,293 to 0,200

2018-12-03 17:15:40 - [MESSAGE][PASSED] - Swiped from 0,293 to 0,200

2018-12-03 17:15:42 - [TEST_CASE][PASSED] - Test Cases/ShopOpen/RTMVisitFrequency/VisitRTMVisitFrequency: Test Cases/ShopOpen/RTMVisitFrequency/VisitRTMVisitFrequency

2018-12-03 17:15:42 - [TEST_STEP][PASSED] - verifyElementText: Actual text and expected text of test object 'Object Repository/ShopOpen/RTMVisitFrequency/Validate_RTMVisitFrequencyScreen' are matched.

2018-12-03 17:15:43 - [MESSAGE][PASSED] - Actual text and expected text of test object 'Object Repository/ShopOpen/RTMVisitFrequency/Validate_RTMVisitFrequencyScreen' are matched.

2018-12-03 17:15:43 - [TEST_STEP][PASSED] - com.ct.qa.keywords.RTMVisitFrequencyKeywords.visitRTMVisitFrequency: com.ct.qa.keywords.RTMVisitFrequencyKeywords.visitRTMVisitFrequency is PASSED

2018-12-03 17:15:44 - [MESSAGE][WARNING] - Timeout '0' is invalid. Using default page load timeout: '6'

2018-12-03 17:15:45 - [MESSAGE][PASSED] - Element 'Object Repository/ShopOpen/RTMVisitFrequency/Validate_RTMVisitFrequencyRemarks' is exist

2018-12-03 17:15:45 - [MESSAGE][WARNING] - Timeout '0' is invalid. Using default page load timeout: '6'

2018-12-03 17:15:46 - [MESSAGE][PASSED] - Tapped on element 'Object Repository/ShopOpen/RTMVisitFrequency/OnceAWeek'

2018-12-03 17:15:47 - [MESSAGE][WARNING] - Timeout '0' is invalid. Using default page load timeout: '6'

2018-12-03 17:15:48 - [MESSAGE][PASSED] - Element 'Object Repository/ShopOpen/RTMVisitFrequency/Validate_RTMVisitFrequencyRemarks' is exist

2018-12-03 17:15:48 - [MESSAGE][WARNING] - Timeout '0' is invalid. Using default page load timeout: '6'

2018-12-03 17:15:48 - [MESSAGE][PASSED] - Tapped on element 'Object Repository/ShopOpen/RTMVisitFrequency/OnceAWeek'

2018-12-03 17:15:50 - [MESSAGE][WARNING] - Timeout '0' is invalid. Using default page load timeout: '6'

2018-12-03 17:15:51 - [MESSAGE][PASSED] - Element 'Object Repository/ShopOpen/RTMVisitFrequency/Validate_RTMVisitFrequencyRemarks' is exist

2018-12-03 17:15:51 - [MESSAGE][WARNING] - Timeout '0' is invalid. Using default page load timeout: '6'

2018-12-03 17:15:52 - [MESSAGE][PASSED] - Tapped on element 'Object Repository/ShopOpen/RTMVisitFrequency/OnceAWeek'

2018-12-03 17:15:53 - [MESSAGE][WARNING] - Timeout '0' is invalid. Using default page load timeout: '6'

2018-12-03 17:15:54 - [MESSAGE][PASSED] - Element 'Object Repository/ShopOpen/RTMVisitFrequency/Validate_RTMVisitFrequencyRemarks' is exist

2018-12-03 17:15:54 - [MESSAGE][WARNING] - Timeout '0' is invalid. Using default page load timeout: '6'

2018-12-03 17:15:55 - [MESSAGE][PASSED] - Tapped on element 'Object Repository/ShopOpen/RTMVisitFrequency/OnceAWeek'

2018-12-03 17:15:55 - [MESSAGE][PASSED] - com.ct.qa.keywords.RTMVisitFrequencyKeywords.visitRTMVisitFrequency is PASSED

2018-12-03 17:15:55 - [TEST_STEP][PASSED] - tap: Tapped on element 'Object Repository/ShopOpen/RTMVisitFrequency/BackButton'

2018-12-03 17:15:55 - [MESSAGE][WARNING] - Timeout '0' is invalid. Using default page load timeout: '6'

2018-12-03 17:15:56 - [MESSAGE][PASSED] - Tapped on element 'Object Repository/ShopOpen/RTMVisitFrequency/BackButton'

2018-12-03 17:15:56 - [TEST_STEP][PASSED] - verifyElementExist: Element 'Object Repository/ShopOpen/Validate_ShopCategoriesListScreen' is exist

2018-12-03 17:15:56 - [MESSAGE][WARNING] - Timeout '0' is invalid. Using default page load timeout: '6'

2018-12-03 17:15:57 - [MESSAGE][PASSED] - Element 'Object Repository/ShopOpen/Validate_ShopCategoriesListScreen' is exist

2018-12-03 17:15:57 - [MESSAGE][PASSED] - Call Test Case 'Test Cases/ShopOpen/RTMVisitFrequency/VisitRTMVisitFrequency' successfully

2018-12-03 17:15:58 - [MESSAGE][PASSED] - Swiped from 0,293 to 0,200

2018-12-03 17:16:00 - [MESSAGE][PASSED] - Swiped from 0,293 to 0,200

2018-12-03 17:16:02 - [MESSAGE][PASSED] - Swiped from 0,293 to 0,200

2018-12-03 17:16:04 - [MESSAGE][PASSED] - Swiped from 0,293 to 0,200

2018-12-03 17:16:06 - [MESSAGE][PASSED] - Swiped from 0,293 to 0,200

2018-12-03 17:16:08 - [MESSAGE][PASSED] - Swiped from 0,293 to 0,200

2018-12-03 17:16:11 - [MESSAGE][PASSED] - Swiped from 0,293 to 0,200

2018-12-03 17:16:14 - [TEST_CASE][PASSED] - Test Cases/ShopOpen/HangerAvailability/VisitHangerAvailability: Test Cases/ShopOpen/HangerAvailability/VisitHangerAvailability

2018-12-03 17:16:14 - [TEST_STEP][PASSED] - verifyElementText: Actual text and expected text of test object 'Object Repository/ShopOpen/HangerAvailability/Validate_HangerAvailabilityScreen' are matched.

2018-12-03 17:16:15 - [MESSAGE][PASSED] - Actual text and expected text of test object 'Object Repository/ShopOpen/HangerAvailability/Validate_HangerAvailabilityScreen' are matched.

2018-12-03 17:16:15 - [TEST_STEP][PASSED] - tap: Tapped on element 'Object Repository/ShopOpen/HangerAvailability/HangerAvailability_Yes'

2018-12-03 17:16:15 - [MESSAGE][WARNING] - Timeout '0' is invalid. Using default page load timeout: '6'

2018-12-03 17:16:16 - [MESSAGE][PASSED] - Tapped on element 'Object Repository/ShopOpen/HangerAvailability/HangerAvailability_Yes'

2018-12-03 17:16:16 - [TEST_STEP][PASSED] - tap: Tapped on element 'Object Repository/ShopOpen/HangerAvailability/HangerAvailability_BackButton'

2018-12-03 17:16:16 - [MESSAGE][WARNING] - Timeout '0' is invalid. Using default page load timeout: '6'

2018-12-03 17:16:17 - [MESSAGE][PASSED] - Tapped on element 'Object Repository/ShopOpen/HangerAvailability/HangerAvailability_BackButton'

2018-12-03 17:16:17 - [TEST_STEP][PASSED] - verifyElementExist: Element 'Object Repository/ShopOpen/Validate_ShopCategoriesListScreen' is exist

2018-12-03 17:16:17 - [MESSAGE][WARNING] - Timeout '0' is invalid. Using default page load timeout: '6'

2018-12-03 17:16:18 - [MESSAGE][PASSED] - Element 'Object Repository/ShopOpen/Validate_ShopCategoriesListScreen' is exist

2018-12-03 17:16:18 - [MESSAGE][PASSED] - Call Test Case 'Test Cases/ShopOpen/HangerAvailability/VisitHangerAvailability' successfully

2018-12-03 17:16:19 - [MESSAGE][PASSED] - Swiped from 0,293 to 0,200

2018-12-03 17:16:21 - [MESSAGE][PASSED] - Swiped from 0,293 to 0,200

2018-12-03 17:16:23 - [MESSAGE][PASSED] - Swiped from 0,293 to 0,200

2018-12-03 17:16:25 - [MESSAGE][PASSED] - Swiped from 0,293 to 0,200

2018-12-03 17:16:27 - [MESSAGE][PASSED] - Swiped from 0,293 to 0,200

2018-12-03 17:16:29 - [MESSAGE][PASSED] - Swiped from 0,293 to 0,200

2018-12-03 17:16:31 - [MESSAGE][PASSED] - Swiped from 0,293 to 0,200

2018-12-03 17:16:34 - [MESSAGE][PASSED] - Swiped from 0,293 to 0,200

2018-12-03 17:16:37 - [TEST_CASE][PASSED] - Test Cases/ShopOpen/POPApplication/OverwritePOPApplication: Test Cases/ShopOpen/POPApplication/OverwritePOPApplication

2018-12-03 17:16:37 - [TEST_STEP][PASSED] - verifyElementText: Actual text and expected text of test object 'Object Repository/ShopOpen/POPApplication/Validate_POPApplicationDetailScreen' are matched.

2018-12-03 17:16:38 - [MESSAGE][PASSED] - Actual text and expected text of test object 'Object Repository/ShopOpen/POPApplication/Validate_POPApplicationDetailScreen' are matched.

2018-12-03 17:16:38 - [TEST_STEP][PASSED] - tap: Tapped on element 'Object Repository/ShopOpen/POPApplication/POPDeployment_No'

2018-12-03 17:16:38 - [MESSAGE][WARNING] - Timeout '0' is invalid. Using default page load timeout: '6'

2018-12-03 17:16:39 - [MESSAGE][PASSED] - Tapped on element 'Object Repository/ShopOpen/POPApplication/POPDeployment_No'

2018-12-03 17:16:39 - [TEST_STEP][PASSED] - pressBack: Press back button successfully

2018-12-03 17:16:39 - [MESSAGE][PASSED] - Press back button successfully

2018-12-03 17:16:39 - [TEST_STEP][PASSED] - verifyElementExist: Element 'Object Repository/ShopOpen/Validate_ShopCategoriesListScreen' is exist

2018-12-03 17:16:39 - [MESSAGE][WARNING] - Timeout '0' is invalid. Using default page load timeout: '6'

2018-12-03 17:16:40 - [MESSAGE][PASSED] - Element 'Object Repository/ShopOpen/Validate_ShopCategoriesListScreen' is exist

2018-12-03 17:16:40 - [MESSAGE][PASSED] - Call Test Case 'Test Cases/ShopOpen/POPApplication/OverwritePOPApplication' successfully

2018-12-03 17:16:41 - [MESSAGE][PASSED] - Swiped from 0,293 to 0,200

2018-12-03 17:16:43 - [MESSAGE][PASSED] - Swiped from 0,293 to 0,200

2018-12-03 17:16:45 - [MESSAGE][PASSED] - Swiped from 0,293 to 0,200

2018-12-03 17:16:47 - [MESSAGE][PASSED] - Swiped from 0,293 to 0,200

2018-12-03 17:16:49 - [MESSAGE][PASSED] - Swiped from 0,293 to 0,200

2018-12-03 17:16:51 - [MESSAGE][PASSED] - Swiped from 0,293 to 0,200

2018-12-03 17:16:53 - [MESSAGE][PASSED] - Swiped from 0,293 to 0,200

2018-12-03 17:16:55 - [MESSAGE][PASSED] - Swiped from 0,293 to 0,200

2018-12-03 17:16:58 - [MESSAGE][PASSED] - Swiped from 0,293 to 0,200

2018-12-03 17:17:01 - [TEST_CASE][PASSED] - Test Cases/ShopOpen/AdditionalPicture/VisitAdditionalPicture: Test Cases/ShopOpen/AdditionalPicture/VisitAdditionalPicture

2018-12-03 17:17:01 - [TEST_STEP][PASSED] - verifyElementText: Actual text and expected text of test object 'Object Repository/ShopOpen/AdditionalPicture/Validate_AdditionalPictureScreen' are matched.

2018-12-03 17:17:02 - [MESSAGE][PASSED] - Actual text and expected text of test object 'Object Repository/ShopOpen/AdditionalPicture/Validate_AdditionalPictureScreen' are matched.

2018-12-03 17:17:02 - [TEST_STEP][PASSED] - com.ct.qa.keywords.AdditionalPictureKeywords.takeMendatoryImages: com.ct.qa.keywords.AdditionalPictureKeywords.takeMendatoryImages is PASSED

2018-12-03 17:17:04 - [MESSAGE][WARNING] - Timeout '0' is invalid. Using default page load timeout: '6'

2018-12-03 17:17:06 - [MESSAGE][PASSED] - Element 'Object Repository/CommonScreenElements/Validate_CameraScreen' is exist

2018-12-03 17:17:06 - [MESSAGE][WARNING] - Timeout '0' is invalid. Using default page load timeout: '6'

2018-12-03 17:17:09 - [MESSAGE][PASSED] - Tapped on element 'Object Repository/CommonScreenElements/TakePictureButton'

2018-12-03 17:17:14 - [MESSAGE][PASSED] - Delayed 5 second(s)

2018-12-03 17:17:14 - [MESSAGE][WARNING] - Timeout '0' is invalid. Using default page load timeout: '6'

2018-12-03 17:17:15 - [MESSAGE][PASSED] - Tapped on element 'Object Repository/CommonScreenElements/DoneButton'

2018-12-03 17:17:15 - [MESSAGE][PASSED] - com.ct.qa.keywords.AdditionalPictureKeywords.takeMendatoryImages is PASSED

2018-12-03 17:17:15 - [TEST_STEP][PASSED] - pressBack: Press back button successfully

2018-12-03 17:17:16 - [MESSAGE][PASSED] - Press back button successfully

2018-12-03 17:17:16 - [TEST_STEP][PASSED] - verifyElementExist: Element 'Object Repository/ShopOpen/Validate_ShopCategoriesListScreen' is exist

2018-12-03 17:17:16 - [MESSAGE][WARNING] - Timeout '0' is invalid. Using default page load timeout: '6'

2018-12-03 17:17:18 - [MESSAGE][PASSED] - Element 'Object Repository/ShopOpen/Validate_ShopCategoriesListScreen' is exist

2018-12-03 17:17:18 - [MESSAGE][PASSED] - Call Test Case 'Test Cases/ShopOpen/AdditionalPicture/VisitAdditionalPicture' successfully

2018-12-03 17:17:19 - [MESSAGE][PASSED] - Swiped from 0,293 to 0,200

2018-12-03 17:17:21 - [MESSAGE][PASSED] - Swiped from 0,293 to 0,200

2018-12-03 17:17:23 - [MESSAGE][PASSED] - Swiped from 0,293 to 0,200

2018-12-03 17:17:25 - [MESSAGE][PASSED] - Swiped from 0,293 to 0,200

2018-12-03 17:17:27 - [MESSAGE][PASSED] - Swiped from 0,293 to 0,200

2018-12-03 17:17:29 - [MESSAGE][PASSED] - Swiped from 0,293 to 0,200

2018-12-03 17:17:31 - [MESSAGE][PASSED] - Swiped from 0,293 to 0,200

2018-12-03 17:17:33 - [MESSAGE][PASSED] - Swiped from 0,293 to 0,200

2018-12-03 17:17:35 - [MESSAGE][PASSED] - Swiped from 0,293 to 0,200

2018-12-03 17:17:38 - [MESSAGE][PASSED] - Swiped from 0,293 to 0,200

2018-12-03 17:17:41 - [MESSAGE][WARNING] - Timeout '0' is invalid. Using default page load timeout: '6'

2018-12-03 17:17:48 - [MESSAGE][WARNING] - Element 'Object Repository/CommonScreenElements/Validate_CameraScreen' not found
[[ATTACHMENT|F:\\Git Projects\\MMA_Merchandising\\MMA_Merchandising\\Reports\\MMA Merchandising With Channel Wise Data Verification\\20181203_164339\\1543839467792.png]]

2018-12-03 17:17:48 - [TEST_CASE][PASSED] - Test Cases/ShopOpen/Survey/visitSurvey: Test Cases/ShopOpen/Survey/visitSurvey

2018-12-03 17:17:49 - [TEST_STEP][PASSED] - verifyElementText: Actual text and expected text of test object 'Object Repository/ShopOpen/Survey/Validate_QuestionCategoriesScreen' are matched.

2018-12-03 17:17:49 - [MESSAGE][PASSED] - Actual text and expected text of test object 'Object Repository/ShopOpen/Survey/Validate_QuestionCategoriesScreen' are matched.

2018-12-03 17:17:49 - [TEST_STEP][PASSED] - com.ct.qa.keywords.SurveyKeywords.visitQuestionCategories: com.ct.qa.keywords.SurveyKeywords.visitQuestionCategories is PASSED

2018-12-03 17:17:50 - [TEST_CASE][PASSED] - Test Cases/ShopOpen/Survey/VisitQuestions: Test Cases/ShopOpen/Survey/VisitQuestions

2018-12-03 17:17:50 - [TEST_STEP][PASSED] - verifyElementText: Actual text and expected text of test object 'Object Repository/ShopOpen/Survey/Validate_QuestionsScreen' are matched.

2018-12-03 17:17:51 - [MESSAGE][PASSED] - Actual text and expected text of test object 'Object Repository/ShopOpen/Survey/Validate_QuestionsScreen' are matched.

2018-12-03 17:17:51 - [TEST_STEP][PASSED] - com.ct.qa.keywords.SurveyKeywords.visitQuestions: com.ct.qa.keywords.SurveyKeywords.visitQuestions is PASSED

2018-12-03 17:17:53 - [MESSAGE][WARNING] - Timeout '0' is invalid. Using default page load timeout: '6'

2018-12-03 17:17:54 - [MESSAGE][PASSED] - Element 'Object Repository/ShopOpen/Survey/Validate_RemarksPopup' is exist

2018-12-03 17:17:54 - [MESSAGE][WARNING] - Timeout '0' is invalid. Using default page load timeout: '6'

2018-12-03 17:17:56 - [MESSAGE][PASSED] - Tapped on element 'Object Repository/ShopOpen/Survey/RemarksPopup_Yes'

2018-12-03 17:17:56 - [MESSAGE][WARNING] - Timeout '0' is invalid. Using default page load timeout: '6'

2018-12-03 17:17:57 - [MESSAGE][PASSED] - Element 'Object Repository/CommonScreenElements/Validate_CameraScreen' is exist

2018-12-03 17:17:57 - [MESSAGE][WARNING] - Timeout '0' is invalid. Using default page load timeout: '6'

2018-12-03 17:18:00 - [MESSAGE][PASSED] - Tapped on element 'Object Repository/CommonScreenElements/TakePictureButton'

2018-12-03 17:18:05 - [MESSAGE][PASSED] - Delayed 5 second(s)

2018-12-03 17:18:05 - [MESSAGE][WARNING] - Timeout '0' is invalid. Using default page load timeout: '6'

2018-12-03 17:18:06 - [MESSAGE][PASSED] - Tapped on element 'Object Repository/CommonScreenElements/DoneButton'

2018-12-03 17:18:06 - [MESSAGE][PASSED] - Actual text and expected text of test object 'Object Repository/ShopOpen/Survey/Validate_QuestionsScreen' are matched.

2018-12-03 17:18:07 - [MESSAGE][WARNING] - Timeout '0' is invalid. Using default page load timeout: '6'

2018-12-03 17:18:08 - [MESSAGE][PASSED] - Element 'Object Repository/ShopOpen/Survey/Validate_RemarksPopup' is exist

2018-12-03 17:18:08 - [MESSAGE][WARNING] - Timeout '0' is invalid. Using default page load timeout: '6'

2018-12-03 17:18:10 - [MESSAGE][PASSED] - Tapped on element 'Object Repository/ShopOpen/Survey/RemarksPopup_Yes'

2018-12-03 17:18:10 - [MESSAGE][WARNING] - Timeout '0' is invalid. Using default page load timeout: '6'

2018-12-03 17:18:11 - [MESSAGE][PASSED] - Element 'Object Repository/CommonScreenElements/Validate_CameraScreen' is exist

2018-12-03 17:18:11 - [MESSAGE][WARNING] - Timeout '0' is invalid. Using default page load timeout: '6'

2018-12-03 17:18:14 - [MESSAGE][PASSED] - Tapped on element 'Object Repository/CommonScreenElements/TakePictureButton'

2018-12-03 17:18:19 - [MESSAGE][PASSED] - Delayed 5 second(s)

2018-12-03 17:18:19 - [MESSAGE][WARNING] - Timeout '0' is invalid. Using default page load timeout: '6'

2018-12-03 17:18:20 - [MESSAGE][PASSED] - Tapped on element 'Object Repository/CommonScreenElements/DoneButton'

2018-12-03 17:18:20 - [MESSAGE][PASSED] - Actual text and expected text of test object 'Object Repository/ShopOpen/Survey/Validate_QuestionsScreen' are matched.

2018-12-03 17:18:22 - [MESSAGE][WARNING] - Timeout '0' is invalid. Using default page load timeout: '6'

2018-12-03 17:18:23 - [MESSAGE][PASSED] - Element 'Object Repository/ShopOpen/Survey/Validate_RemarksPopup' is exist

2018-12-03 17:18:23 - [MESSAGE][WARNING] - Timeout '0' is invalid. Using default page load timeout: '6'

2018-12-03 17:18:24 - [MESSAGE][PASSED] - Tapped on element 'Object Repository/ShopOpen/Survey/RemarksPopup_Yes'

2018-12-03 17:18:24 - [MESSAGE][WARNING] - Timeout '0' is invalid. Using default page load timeout: '6'

2018-12-03 17:18:25 - [MESSAGE][PASSED] - Element 'Object Repository/CommonScreenElements/Validate_CameraScreen' is exist

2018-12-03 17:18:25 - [MESSAGE][WARNING] - Timeout '0' is invalid. Using default page load timeout: '6'

2018-12-03 17:18:28 - [MESSAGE][PASSED] - Tapped on element 'Object Repository/CommonScreenElements/TakePictureButton'

2018-12-03 17:18:33 - [MESSAGE][PASSED] - Delayed 5 second(s)

2018-12-03 17:18:33 - [MESSAGE][WARNING] - Timeout '0' is invalid. Using default page load timeout: '6'

2018-12-03 17:18:35 - [MESSAGE][PASSED] - Tapped on element 'Object Repository/CommonScreenElements/DoneButton'

2018-12-03 17:18:35 - [MESSAGE][PASSED] - Actual text and expected text of test object 'Object Repository/ShopOpen/Survey/Validate_QuestionsScreen' are matched.

2018-12-03 17:18:36 - [MESSAGE][WARNING] - Timeout '0' is invalid. Using default page load timeout: '6'

2018-12-03 17:18:37 - [MESSAGE][PASSED] - Element 'Object Repository/ShopOpen/Survey/Validate_RemarksPopup' is exist

2018-12-03 17:18:37 - [MESSAGE][WARNING] - Timeout '0' is invalid. Using default page load timeout: '6'

2018-12-03 17:18:39 - [MESSAGE][PASSED] - Tapped on element 'Object Repository/ShopOpen/Survey/RemarksPopup_Yes'

2018-12-03 17:18:39 - [MESSAGE][WARNING] - Timeout '0' is invalid. Using default page load timeout: '6'

2018-12-03 17:18:40 - [MESSAGE][PASSED] - Element 'Object Repository/CommonScreenElements/Validate_CameraScreen' is exist

2018-12-03 17:18:40 - [MESSAGE][WARNING] - Timeout '0' is invalid. Using default page load timeout: '6'

2018-12-03 17:18:43 - [MESSAGE][PASSED] - Tapped on element 'Object Repository/CommonScreenElements/TakePictureButton'

2018-12-03 17:18:48 - [MESSAGE][PASSED] - Delayed 5 second(s)

2018-12-03 17:18:48 - [MESSAGE][WARNING] - Timeout '0' is invalid. Using default page load timeout: '6'

2018-12-03 17:18:49 - [MESSAGE][PASSED] - Tapped on element 'Object Repository/CommonScreenElements/DoneButton'

2018-12-03 17:18:49 - [MESSAGE][PASSED] - Actual text and expected text of test object 'Object Repository/ShopOpen/Survey/Validate_QuestionsScreen' are matched.

2018-12-03 17:18:50 - [MESSAGE][PASSED] - Swiped from 2,500 to 2,400

2018-12-03 17:18:52 - [MESSAGE][WARNING] - Timeout '0' is invalid. Using default page load timeout: '6'

2018-12-03 17:18:53 - [MESSAGE][PASSED] - Element 'Object Repository/ShopOpen/Survey/Validate_RemarksPopup' is exist

2018-12-03 17:18:53 - [MESSAGE][WARNING] - Timeout '0' is invalid. Using default page load timeout: '6'

2018-12-03 17:18:54 - [MESSAGE][PASSED] - Tapped on element 'Object Repository/ShopOpen/Survey/RemarksPopup_Yes'

2018-12-03 17:18:54 - [MESSAGE][WARNING] - Timeout '0' is invalid. Using default page load timeout: '6'

2018-12-03 17:18:55 - [MESSAGE][PASSED] - Element 'Object Repository/CommonScreenElements/Validate_CameraScreen' is exist

2018-12-03 17:18:55 - [MESSAGE][WARNING] - Timeout '0' is invalid. Using default page load timeout: '6'

2018-12-03 17:18:58 - [MESSAGE][PASSED] - Tapped on element 'Object Repository/CommonScreenElements/TakePictureButton'

2018-12-03 17:19:03 - [MESSAGE][PASSED] - Delayed 5 second(s)

2018-12-03 17:19:03 - [MESSAGE][WARNING] - Timeout '0' is invalid. Using default page load timeout: '6'

2018-12-03 17:19:05 - [MESSAGE][PASSED] - Tapped on element 'Object Repository/CommonScreenElements/DoneButton'

2018-12-03 17:19:05 - [MESSAGE][PASSED] - Actual text and expected text of test object 'Object Repository/ShopOpen/Survey/Validate_QuestionsScreen' are matched.

2018-12-03 17:19:07 - [MESSAGE][PASSED] - Swiped from 2,548 to 2,400

2018-12-03 17:19:10 - [MESSAGE][WARNING] - Timeout '0' is invalid. Using default page load timeout: '6'

2018-12-03 17:19:11 - [MESSAGE][PASSED] - Element 'Object Repository/ShopOpen/Survey/Validate_RemarksPopup' is exist

2018-12-03 17:19:11 - [MESSAGE][WARNING] - Timeout '0' is invalid. Using default page load timeout: '6'

2018-12-03 17:19:12 - [MESSAGE][PASSED] - Tapped on element 'Object Repository/ShopOpen/Survey/RemarksPopup_Yes'

2018-12-03 17:19:12 - [MESSAGE][WARNING] - Timeout '0' is invalid. Using default page load timeout: '6'

2018-12-03 17:19:13 - [MESSAGE][PASSED] - Element 'Object Repository/CommonScreenElements/Validate_CameraScreen' is exist

2018-12-03 17:19:13 - [MESSAGE][WARNING] - Timeout '0' is invalid. Using default page load timeout: '6'

2018-12-03 17:19:16 - [MESSAGE][PASSED] - Tapped on element 'Object Repository/CommonScreenElements/TakePictureButton'

2018-12-03 17:19:21 - [MESSAGE][PASSED] - Delayed 5 second(s)

2018-12-03 17:19:21 - [MESSAGE][WARNING] - Timeout '0' is invalid. Using default page load timeout: '6'

2018-12-03 17:19:23 - [MESSAGE][PASSED] - Tapped on element 'Object Repository/CommonScreenElements/DoneButton'

2018-12-03 17:19:23 - [MESSAGE][PASSED] - Actual text and expected text of test object 'Object Repository/ShopOpen/Survey/Validate_QuestionsScreen' are matched.

2018-12-03 17:19:25 - [MESSAGE][PASSED] - Swiped from 2,548 to 2,400

2018-12-03 17:19:27 - [MESSAGE][WARNING] - Timeout '0' is invalid. Using default page load timeout: '6'

2018-12-03 17:19:28 - [MESSAGE][PASSED] - Element 'Object Repository/ShopOpen/Survey/Validate_RemarksPopup' is exist

2018-12-03 17:19:28 - [MESSAGE][WARNING] - Timeout '0' is invalid. Using default page load timeout: '6'

2018-12-03 17:19:30 - [MESSAGE][PASSED] - Tapped on element 'Object Repository/ShopOpen/Survey/RemarksPopup_Yes'

2018-12-03 17:19:30 - [MESSAGE][WARNING] - Timeout '0' is invalid. Using default page load timeout: '6'

2018-12-03 17:19:30 - [MESSAGE][PASSED] - Element 'Object Repository/CommonScreenElements/Validate_CameraScreen' is exist

2018-12-03 17:19:30 - [MESSAGE][WARNING] - Timeout '0' is invalid. Using default page load timeout: '6'

2018-12-03 17:19:34 - [MESSAGE][PASSED] - Tapped on element 'Object Repository/CommonScreenElements/TakePictureButton'

2018-12-03 17:19:39 - [MESSAGE][PASSED] - Delayed 5 second(s)

2018-12-03 17:19:39 - [MESSAGE][WARNING] - Timeout '0' is invalid. Using default page load timeout: '6'

2018-12-03 17:19:40 - [MESSAGE][PASSED] - Tapped on element 'Object Repository/CommonScreenElements/DoneButton'

2018-12-03 17:19:40 - [MESSAGE][PASSED] - Actual text and expected text of test object 'Object Repository/ShopOpen/Survey/Validate_QuestionsScreen' are matched.

2018-12-03 17:19:42 - [MESSAGE][PASSED] - Swiped from 2,548 to 2,400

2018-12-03 17:19:43 - [MESSAGE][PASSED] - com.ct.qa.keywords.SurveyKeywords.visitQuestions is PASSED

2018-12-03 17:19:43 - [TEST_STEP][PASSED] - tap: Tapped on element 'Object Repository/ShopOpen/Survey/SubmitButton'

2018-12-03 17:19:43 - [MESSAGE][WARNING] - Timeout '0' is invalid. Using default page load timeout: '6'

2018-12-03 17:19:44 - [MESSAGE][PASSED] - Tapped on element 'Object Repository/ShopOpen/Survey/SubmitButton'

2018-12-03 17:19:44 - [TEST_STEP][PASSED] - verifyElementText: Actual text and expected text of test object 'Object Repository/ShopOpen/Survey/Validate_QuestionCategoriesScreen' are matched.

2018-12-03 17:19:44 - [MESSAGE][PASSED] - Actual text and expected text of test object 'Object Repository/ShopOpen/Survey/Validate_QuestionCategoriesScreen' are matched.

2018-12-03 17:19:44 - [MESSAGE][PASSED] - Call Test Case 'Test Cases/ShopOpen/Survey/VisitQuestions' successfully

2018-12-03 17:19:44 - [MESSAGE][PASSED] - com.ct.qa.keywords.SurveyKeywords.visitQuestionCategories is PASSED

2018-12-03 17:19:44 - [TEST_STEP][PASSED] - pressBack: Press back button successfully

2018-12-03 17:19:45 - [MESSAGE][PASSED] - Press back button successfully

2018-12-03 17:19:45 - [TEST_STEP][PASSED] - verifyElementExist: Element 'Object Repository/ShopOpen/Validate_ShopCategoriesListScreen' is exist

2018-12-03 17:19:45 - [MESSAGE][WARNING] - Timeout '0' is invalid. Using default page load timeout: '6'

2018-12-03 17:19:46 - [MESSAGE][PASSED] - Element 'Object Repository/ShopOpen/Validate_ShopCategoriesListScreen' is exist

2018-12-03 17:19:46 - [MESSAGE][PASSED] - Call Test Case 'Test Cases/ShopOpen/Survey/visitSurvey' successfully

2018-12-03 17:19:46 - [MESSAGE][PASSED] - Swiped from 0,293 to 0,200

2018-12-03 17:19:48 - [MESSAGE][PASSED] - Swiped from 0,293 to 0,200

2018-12-03 17:19:50 - [MESSAGE][PASSED] - Swiped from 0,293 to 0,200

2018-12-03 17:19:52 - [MESSAGE][PASSED] - Swiped from 0,293 to 0,200

2018-12-03 17:19:54 - [MESSAGE][PASSED] - Swiped from 0,293 to 0,200

2018-12-03 17:19:56 - [MESSAGE][PASSED] - Swiped from 0,293 to 0,200

2018-12-03 17:19:58 - [MESSAGE][PASSED] - Swiped from 0,293 to 0,200

2018-12-03 17:20:00 - [MESSAGE][PASSED] - Swiped from 0,293 to 0,200

2018-12-03 17:20:02 - [MESSAGE][PASSED] - Swiped from 0,293 to 0,200

2018-12-03 17:20:04 - [MESSAGE][PASSED] - Swiped from 0,293 to 0,200

2018-12-03 17:20:07 - [MESSAGE][PASSED] - Swiped from 0,293 to 0,200

2018-12-03 17:20:09 - [MESSAGE][PASSED] - com.ct.qa.keywords.CategoryVisitingScenariosKeywords.visitShopCategoriesWithDataVerification is PASSED

2018-12-03 17:20:09 - [MESSAGE][PASSED] - Call Test Case 'Test Cases/ShopOpen/VisitCategoryScenarios/VisitShopCategoriesWithDataVerification' successfully

2018-12-03 17:20:09 - [TEST_CASE][PASSED] - Test Cases/ShopOpen/SaveShop: Test Cases/ShopOpen/SaveShop

2018-12-03 17:20:09 - [TEST_STEP][PASSED] - tap: Tapped on element 'Object Repository/ShopOpen/SubmitButtonToSaveShop'

2018-12-03 17:20:09 - [MESSAGE][WARNING] - Timeout '0' is invalid. Using default page load timeout: '6'

2018-12-03 17:20:10 - [MESSAGE][PASSED] - Tapped on element 'Object Repository/ShopOpen/SubmitButtonToSaveShop'

2018-12-03 17:20:10 - [TEST_STEP][PASSED] - verifyElementExist: Element 'Object Repository/CommonScreenElements/Validate_InfoPopUP' is exist

2018-12-03 17:20:10 - [MESSAGE][WARNING] - Timeout '0' is invalid. Using default page load timeout: '6'

2018-12-03 17:20:11 - [MESSAGE][PASSED] - Element 'Object Repository/CommonScreenElements/Validate_InfoPopUP' is exist

2018-12-03 17:20:11 - [TEST_STEP][PASSED] - tap: Tapped on element 'Object Repository/CommonScreenElements/InfoPopUp_YesButton'

2018-12-03 17:20:11 - [MESSAGE][WARNING] - Timeout '0' is invalid. Using default page load timeout: '6'

2018-12-03 17:20:11 - [MESSAGE][PASSED] - Tapped on element 'Object Repository/CommonScreenElements/InfoPopUp_YesButton'

2018-12-03 17:20:11 - [TEST_STEP][PASSED] - verifyElementText: Actual text and expected text of test object 'Object Repository/Validate_ShopListScreen' are matched.

2018-12-03 17:20:13 - [MESSAGE][PASSED] - Actual text and expected text of test object 'Object Repository/Validate_ShopListScreen' are matched.

2018-12-03 17:20:13 - [MESSAGE][PASSED] - Call Test Case 'Test Cases/ShopOpen/SaveShop' successfully

2018-12-03 17:20:13 - [MESSAGE][WARNING] - Timeout '0' is invalid. Using default page load timeout: '6'

2018-12-03 17:20:14 - [MESSAGE][PASSED] - Element 'Object Repository/Validate_ShopListScreen' is exist

2018-12-03 17:20:17 - [MESSAGE][PASSED] - Actual text and expected text of test object 'Object Repository/Validate_ShopOptionsScreen' are matched.

2018-12-03 17:20:19 - [MESSAGE][WARNING] - Timeout '0' is invalid. Using default page load timeout: '6'

2018-12-03 17:20:20 - [MESSAGE][PASSED] - Tapped on element 'Object Repository/StartWorking'

2018-12-03 17:20:35 - [MESSAGE][PASSED] - Delayed 15 second(s)

2018-12-03 17:20:36 - [MESSAGE][PASSED] - Element 'Object Repository/CommonScreenElements/Validate_MapScreen' is exist

2018-12-03 17:20:36 - [MESSAGE][WARNING] - Timeout '0' is invalid. Using default page load timeout: '6'

2018-12-03 17:20:36 - [MESSAGE][PASSED] - Tapped on element 'Object Repository/CommonScreenElements/Location_CheckIn'

2018-12-03 17:20:36 - [MESSAGE][WARNING] - Timeout '0' is invalid. Using default page load timeout: '6'

2018-12-03 17:20:37 - [MESSAGE][PASSED] - Element 'Object Repository/CommonScreenElements/Validate_InfoPopUP' is exist

2018-12-03 17:20:37 - [MESSAGE][WARNING] - Timeout '0' is invalid. Using default page load timeout: '6'

2018-12-03 17:20:39 - [MESSAGE][PASSED] - Tapped on element 'Object Repository/CommonScreenElements/InfoPopUp_NoButton'

2018-12-03 17:20:39 - [TEST_CASE][PASSED] - Test Cases/ShopOpen/VisitShopOpen: Test Cases/ShopOpen/VisitShopOpen

2018-12-03 17:20:39 - [TEST_STEP][PASSED] - verifyElementExist: Element 'Object Repository/ShopActions_List' is exist

2018-12-03 17:20:39 - [MESSAGE][WARNING] - Timeout '0' is invalid. Using default page load timeout: '6'

2018-12-03 17:20:39 - [MESSAGE][PASSED] - Element 'Object Repository/ShopActions_List' is exist

2018-12-03 17:20:39 - [TEST_STEP][PASSED] - tap: Tapped on element 'Object Repository/ShopOpen/ShopOpen'

2018-12-03 17:20:39 - [MESSAGE][WARNING] - Timeout '0' is invalid. Using default page load timeout: '6'

2018-12-03 17:20:42 - [MESSAGE][PASSED] - Tapped on element 'Object Repository/ShopOpen/ShopOpen'

2018-12-03 17:20:42 - [TEST_STEP][PASSED] - verifyElementExist: Element 'Object Repository/CommonScreenElements/Validate_CameraScreen' is exist

2018-12-03 17:20:42 - [MESSAGE][WARNING] - Timeout '0' is invalid. Using default page load timeout: '6'

2018-12-03 17:20:42 - [MESSAGE][PASSED] - Element 'Object Repository/CommonScreenElements/Validate_CameraScreen' is exist

2018-12-03 17:20:42 - [TEST_STEP][PASSED] - tap: Tapped on element 'Object Repository/CommonScreenElements/TakePictureButton'

2018-12-03 17:20:42 - [MESSAGE][WARNING] - Timeout '0' is invalid. Using default page load timeout: '6'

2018-12-03 17:20:46 - [MESSAGE][PASSED] - Tapped on element 'Object Repository/CommonScreenElements/TakePictureButton'

2018-12-03 17:20:46 - [TEST_STEP][PASSED] - delay: Delayed 5 second(s)

2018-12-03 17:20:51 - [MESSAGE][PASSED] - Delayed 5 second(s)

2018-12-03 17:20:51 - [TEST_STEP][PASSED] - tap: Tapped on element 'Object Repository/CommonScreenElements/DoneButton'

2018-12-03 17:20:51 - [MESSAGE][WARNING] - Timeout '0' is invalid. Using default page load timeout: '6'

2018-12-03 17:20:51 - [MESSAGE][PASSED] - Tapped on element 'Object Repository/CommonScreenElements/DoneButton'

2018-12-03 17:20:51 - [MESSAGE][PASSED] - Call Test Case 'Test Cases/ShopOpen/VisitShopOpen' successfully

2018-12-03 17:20:52 - [TEST_CASE][FAILED] - Test Cases/ShopOpen/VisitCategoryScenarios/VisitShopCategoriesWithDataVerification: Test Cases/ShopOpen/VisitCategoryScenarios/VisitShopCategoriesWithDataVerification FAILED because (of) (Stack trace: com.kms.katalon.core.exception.StepFailedException: Failed to tap on element 'Object Repository/CommonScreenElements/DoneButton' (Root cause: Object Object Repository/CommonScreenElements/DoneButton not found)
	at com.kms.katalon.core.keyword.internal.KeywordMain.stepFailed(KeywordMain.groovy:36)
	at com.kms.katalon.core.mobile.keyword.internal.MobileKeywordMain.stepFailed(MobileKeywordMain.groovy:40)
	at com.kms.katalon.core.mobile.keyword.internal.MobileKeywordMain.runKeyword(MobileKeywordMain.groovy:23)
	at com.kms.katalon.core.mobile.keyword.builtin.TapKeyword.tap(TapKeyword.groovy:83)
	at com.kms.katalon.core.mobile.keyword.builtin.TapKeyword.execute(TapKeyword.groovy:66)
	at com.kms.katalon.core.keyword.internal.KeywordExecutor.executeKeywordForPlatform(KeywordExecutor.groovy:53)
	at com.kms.katalon.core.mobile.keyword.MobileBuiltInKeywords.tap(MobileBuiltInKeywords.groovy:485)
	at com.kms.katalon.core.mobile.keyword.MobileBuiltInKeywords$tap$4.call(Unknown Source)
	at com.ct.qa.keywords.CommonKeywords.visitPictureImageViewButton(CommonKeywords.groovy:73)
	at sun.reflect.NativeMethodAccessorImpl.invoke0(Native Method)
	at sun.reflect.NativeMethodAccessorImpl.invoke(NativeMethodAccessorImpl.java:62)
	at sun.reflect.DelegatingMethodAccessorImpl.invoke(DelegatingMethodAccessorImpl.java:43)
	at java.lang.reflect.Method.invoke(Method.java:498)
	at org.codehaus.groovy.reflection.CachedMethod.invoke(CachedMethod.java:93)
	at groovy.lang.MetaMethod.doMethodInvoke(MetaMethod.java:325)
	at groovy.lang.MetaClassImpl.invokeMethod(MetaClassImpl.java:1215)
	at groovy.lang.MetaClassImpl.invokeMethod(MetaClassImpl.java:1024)
	at groovy.lang.MetaClassImpl.invokeMethod(MetaClassImpl.java:812)
	at groovy.lang.DelegatingMetaClass.invokeMethod(DelegatingMetaClass.java:144)
	at com.ct.qa.keywords.CommonKeywords.invokeMethod(CommonKeywords.groovy)
	at com.kms.katalon.core.main.CustomKeywordDelegatingMetaClass.invokeStaticMethod(CustomKeywordDelegatingMetaClass.java:46)
	at org.codehaus.groovy.runtime.callsite.StaticMetaClassSite.call(StaticMetaClassSite.java:53)
	at org.codehaus.groovy.runtime.callsite.AbstractCallSite.call(AbstractCallSite.java:117)
	at Script1531225848182.run(Script1531225848182.groovy:50)
	at com.kms.katalon.core.main.ScriptEngine.run(ScriptEngine.java:183)
	at com.kms.katalon.core.main.ScriptEngine.runScriptAsRawText(ScriptEngine.java:108)
	at com.kms.katalon.core.main.TestCaseExecutor.runScript(TestCaseExecutor.java:294)
	at com.kms.katalon.core.main.TestCaseExecutor.doExecute(TestCaseExecutor.java:285)
	at com.kms.katalon.core.main.TestCaseExecutor.processExecutionPhase(TestCaseExecutor.java:264)
	at com.kms.katalon.core.main.TestCaseExecutor.accessMainPhase(TestCaseExecutor.java:256)
	at com.kms.katalon.core.main.TestCaseExecutor.execute(TestCaseExecutor.java:200)
	at com.kms.katalon.core.main.TestCaseMain.runTestCase(TestCaseMain.java:99)
	at com.kms.katalon.core.keyword.builtin.CallTestCaseKeyword$_callTestCase_closure1.doCall(CallTestCaseKeyword.groovy:60)
	at com.kms.katalon.core.keyword.builtin.CallTestCaseKeyword$_callTestCase_closure1.call(CallTestCaseKeyword.groovy)
	at com.kms.katalon.core.keyword.internal.KeywordMain.runKeyword(KeywordMain.groovy:54)
	at com.kms.katalon.core.keyword.builtin.CallTestCaseKeyword.callTestCase(CallTestCaseKeyword.groovy:81)
	at com.kms.katalon.core.keyword.builtin.CallTestCaseKeyword.execute(CallTestCaseKeyword.groovy:45)
	at com.kms.katalon.core.keyword.internal.KeywordExecutor.executeKeywordForPlatform(KeywordExecutor.groovy:53)
	at com.kms.katalon.core.keyword.BuiltinKeywords.callTestCase(BuiltinKeywords.groovy:350)
	at sun.reflect.GeneratedMethodAccessor22.invoke(Unknown Source)
	at sun.reflect.DelegatingMethodAccessorImpl.invoke(DelegatingMethodAccessorImpl.java:43)
	at java.lang.reflect.Method.invoke(Method.java:498)
	at org.codehaus.groovy.reflection.CachedMethod.invoke(CachedMethod.java:93)
	at groovy.lang.MetaMethod.doMethodInvoke(MetaMethod.java:325)
	at groovy.lang.MetaClassImpl.invokeStaticMethod(MetaClassImpl.java:1469)
	at org.codehaus.groovy.runtime.callsite.StaticMetaClassSite.call(StaticMetaClassSite.java:53)
	at org.codehaus.groovy.runtime.callsite.AbstractCallSite.call(AbstractCallSite.java:133)
	at com.ct.qa.keywords.CategoryVisitingScenariosKeywords.visitShopCategoriesWithDataVerification(CategoryVisitingScenariosKeywords.groovy:87)
	at sun.reflect.NativeMethodAccessorImpl.invoke0(Native Method)
	at sun.reflect.NativeMethodAccessorImpl.invoke(NativeMethodAccessorImpl.java:62)
	at sun.reflect.DelegatingMethodAccessorImpl.invoke(DelegatingMethodAccessorImpl.java:43)
	at java.lang.reflect.Method.invoke(Method.java:498)
	at org.codehaus.groovy.reflection.CachedMethod.invoke(CachedMethod.java:93)
	at groovy.lang.MetaMethod.doMethodInvoke(MetaMethod.java:325)
	at groovy.lang.MetaClassImpl.invokeMethod(MetaClassImpl.java:1215)
	at groovy.lang.MetaClassImpl.invokeMethod(MetaClassImpl.java:1024)
	at groovy.lang.MetaClassImpl.invokeMethod(MetaClassImpl.java:812)
	at groovy.lang.DelegatingMetaClass.invokeMethod(DelegatingMetaClass.java:144)
	at com.ct.qa.keywords.CategoryVisitingScenariosKeywords.invokeMethod(CategoryVisitingScenariosKeywords.groovy)
	at com.kms.katalon.core.main.CustomKeywordDelegatingMetaClass.invokeStaticMethod(CustomKeywordDelegatingMetaClass.java:46)
	at org.codehaus.groovy.runtime.callsite.StaticMetaClassSite.call(StaticMetaClassSite.java:53)
	at org.codehaus.groovy.runtime.callsite.AbstractCallSite.call(AbstractCallSite.java:117)
	at Script1533013695676.run(Script1533013695676.groovy:28)
	at com.kms.katalon.core.main.ScriptEngine.run(ScriptEngine.java:183)
	at com.kms.katalon.core.main.ScriptEngine.runScriptAsRawText(ScriptEngine.java:108)
	at com.kms.katalon.core.main.TestCaseExecutor.runScript(TestCaseExecutor.java:294)
	at com.kms.katalon.core.main.TestCaseExecutor.doExecute(TestCaseExecutor.java:285)
	at com.kms.katalon.core.main.TestCaseExecutor.processExecutionPhase(TestCaseExecutor.java:264)
	at com.kms.katalon.core.main.TestCaseExecutor.accessMainPhase(TestCaseExecutor.java:256)
	at com.kms.katalon.core.main.TestCaseExecutor.execute(TestCaseExecutor.java:200)
	at com.kms.katalon.core.main.TestCaseMain.runTestCase(TestCaseMain.java:99)
	at com.kms.katalon.core.keyword.builtin.CallTestCaseKeyword$_callTestCase_closure1.doCall(CallTestCaseKeyword.groovy:60)
	at com.kms.katalon.core.keyword.builtin.CallTestCaseKeyword$_callTestCase_closure1.call(CallTestCaseKeyword.groovy)
	at com.kms.katalon.core.keyword.internal.KeywordMain.runKeyword(KeywordMain.groovy:54)
	at com.kms.katalon.core.keyword.builtin.CallTestCaseKeyword.callTestCase(CallTestCaseKeyword.groovy:81)
	at com.kms.katalon.core.keyword.builtin.CallTestCaseKeyword.execute(CallTestCaseKeyword.groovy:45)
	at com.kms.katalon.core.keyword.internal.KeywordExecutor.executeKeywordForPlatform(KeywordExecutor.groovy:53)
	at com.kms.katalon.core.keyword.BuiltinKeywords.callTestCase(BuiltinKeywords.groovy:350)
	at sun.reflect.GeneratedMethodAccessor22.invoke(Unknown Source)
	at sun.reflect.DelegatingMethodAccessorImpl.invoke(DelegatingMethodAccessorImpl.java:43)
	at java.lang.reflect.Method.invoke(Method.java:498)
	at org.codehaus.groovy.reflection.CachedMethod.invoke(CachedMethod.java:93)
	at groovy.lang.MetaMethod.doMethodInvoke(MetaMethod.java:325)
	at groovy.lang.MetaClassImpl.invokeStaticMethod(MetaClassImpl.java:1469)
	at org.codehaus.groovy.runtime.callsite.StaticMetaClassSite.call(StaticMetaClassSite.java:53)
	at org.codehaus.groovy.runtime.callsite.AbstractCallSite.call(AbstractCallSite.java:133)
	at com.ct.qa.keywords.ShopVisitingScenariosKeywords.visitShopWith_DataVerification(ShopVisitingScenariosKeywords.groovy:451)
	at sun.reflect.NativeMethodAccessorImpl.invoke0(Native Method)
	at sun.reflect.NativeMethodAccessorImpl.invoke(NativeMethodAccessorImpl.java:62)
	at sun.reflect.DelegatingMethodAccessorImpl.invoke(DelegatingMethodAccessorImpl.java:43)
	at java.lang.reflect.Method.invoke(Method.java:498)
	at org.codehaus.groovy.reflection.CachedMethod.invoke(CachedMethod.java:93)
	at groovy.lang.MetaMethod.doMethodInvoke(MetaMethod.java:325)
	at groovy.lang.MetaClassImpl.invokeMethod(MetaClassImpl.java:1215)
	at groovy.lang.MetaClassImpl.invokeMethod(MetaClassImpl.java:1024)
	at groovy.lang.MetaClassImpl.invokeMethod(MetaClassImpl.java:812)
	at groovy.lang.DelegatingMetaClass.invokeMethod(DelegatingMetaClass.java:144)
	at com.ct.qa.keywords.ShopVisitingScenariosKeywords.invokeMethod(ShopVisitingScenariosKeywords.groovy)
	at com.kms.katalon.core.main.CustomKeywordDelegatingMetaClass.invokeStaticMethod(CustomKeywordDelegatingMetaClass.java:46)
	at org.codehaus.groovy.runtime.callsite.StaticMetaClassSite.call(StaticMetaClassSite.java:53)
	at org.codehaus.groovy.runtime.callsite.CallSiteArray.defaultCall(CallSiteArray.java:48)
	at org.codehaus.groovy.runtime.callsite.AbstractCallSite.call(AbstractCallSite.java:113)
	at org.codehaus.groovy.runtime.callsite.AbstractCallSite.call(AbstractCallSite.java:117)
	at Script1539252870661.run(Script1539252870661.groovy:39)
	at com.kms.katalon.core.main.ScriptEngine.run(ScriptEngine.java:183)
	at com.kms.katalon.core.main.ScriptEngine.runScriptAsRawText(ScriptEngine.java:108)
	at com.kms.katalon.core.main.TestCaseExecutor.runScript(TestCaseExecutor.java:294)
	at com.kms.katalon.core.main.TestCaseExecutor.doExecute(TestCaseExecutor.java:285)
	at com.kms.katalon.core.main.TestCaseExecutor.processExecutionPhase(TestCaseExecutor.java:264)
	at com.kms.katalon.core.main.TestCaseExecutor.accessMainPhase(TestCaseExecutor.java:256)
	at com.kms.katalon.core.main.TestCaseExecutor.execute(TestCaseExecutor.java:200)
	at com.kms.katalon.core.main.TestSuiteExecutor.accessTestCaseMainPhase(TestSuiteExecutor.java:129)
	at com.kms.katalon.core.main.TestSuiteExecutor.accessTestSuiteMainPhase(TestSuiteExecutor.java:112)
	at com.kms.katalon.core.main.TestSuiteExecutor.execute(TestSuiteExecutor.java:81)
	at com.kms.katalon.core.main.TestCaseMain.startTestSuite(TestCaseMain.java:142)
	at com.kms.katalon.core.main.TestCaseMain$startTestSuite$0.call(Unknown Source)
	at org.codehaus.groovy.runtime.callsite.CallSiteArray.defaultCall(CallSiteArray.java:48)
	at org.codehaus.groovy.runtime.callsite.AbstractCallSite.call(AbstractCallSite.java:113)
	at org.codehaus.groovy.runtime.callsite.AbstractCallSite.call(AbstractCallSite.java:141)
	at TempTestSuite1543837419088.run(TempTestSuite1543837419088.groovy:36)
	at groovy.lang.GroovyShell.runScriptOrMainOrTestOrRunnable(GroovyShell.java:263)
	at groovy.lang.GroovyShell.run(GroovyShell.java:518)
	at groovy.lang.GroovyShell.run(GroovyShell.java:507)
	at groovy.ui.GroovyMain.processOnce(GroovyMain.java:653)
	at groovy.ui.GroovyMain.run(GroovyMain.java:384)
	at groovy.ui.GroovyMain.process(GroovyMain.java:370)
	at groovy.ui.GroovyMain.processArgs(GroovyMain.java:129)
	at groovy.ui.GroovyMain.main(GroovyMain.java:109)
	at sun.reflect.NativeMethodAccessorImpl.invoke0(Native Method)
	at sun.reflect.NativeMethodAccessorImpl.invoke(NativeMethodAccessorImpl.java:62)
	at sun.reflect.DelegatingMethodAccessorImpl.invoke(DelegatingMethodAccessorImpl.java:43)
	at java.lang.reflect.Method.invoke(Method.java:498)
	at org.codehaus.groovy.tools.GroovyStarter.rootLoader(GroovyStarter.java:109)
	at org.codehaus.groovy.tools.GroovyStarter.main(GroovyStarter.java:131)
)

2018-12-03 17:20:52 - [TEST_STEP][PASSED] - verifyElementExist: Element 'Object Repository/ShopOpen/Validate_ShopCategoriesListScreen' is exist

2018-12-03 17:20:52 - [MESSAGE][WARNING] - Timeout '0' is invalid. Using default page load timeout: '6'

2018-12-03 17:20:53 - [MESSAGE][PASSED] - Element 'Object Repository/ShopOpen/Validate_ShopCategoriesListScreen' is exist

2018-12-03 17:20:53 - [TEST_STEP][FAILED] - com.ct.qa.keywords.CategoryVisitingScenariosKeywords.visitShopCategoriesWithDataVerification: Failed to tap on element 'Object Repository/CommonScreenElements/DoneButton' (Root cause: Object Object Repository/CommonScreenElements/DoneButton not found)

2018-12-03 17:20:58 - [MESSAGE][PASSED] - Swiped from 0,293 to 0,200

2018-12-03 17:21:01 - [MESSAGE][PASSED] - Swiped from 0,293 to 0,200

2018-12-03 17:21:04 - [MESSAGE][PASSED] - Swiped from 0,293 to 0,200

2018-12-03 17:21:07 - [MESSAGE][PASSED] - Swiped from 0,293 to 0,200

2018-12-03 17:21:10 - [MESSAGE][PASSED] - Swiped from 0,293 to 0,200

2018-12-03 17:21:13 - [MESSAGE][PASSED] - Swiped from 0,293 to 0,200

2018-12-03 17:21:16 - [MESSAGE][PASSED] - Swiped from 0,293 to 0,200

2018-12-03 17:21:19 - [MESSAGE][PASSED] - Swiped from 0,293 to 0,200

2018-12-03 17:21:21 - [MESSAGE][PASSED] - Swiped from 0,200 to 0,750

2018-12-03 17:21:22 - [MESSAGE][PASSED] - Swiped from 0,200 to 0,750

2018-12-03 17:21:25 - [MESSAGE][WARNING] - Timeout '0' is invalid. Using default page load timeout: '6'

2018-12-03 17:21:32 - [MESSAGE][WARNING] - Element 'Object Repository/CommonScreenElements/Validate_CameraScreen' not found
[[ATTACHMENT|F:\\Git Projects\\MMA_Merchandising\\MMA_Merchandising\\Reports\\MMA Merchandising With Channel Wise Data Verification\\20181203_164339\\1543839691269.png]]

2018-12-03 17:21:32 - [TEST_CASE][FAILED] - Test Cases/ShopOpen/Chiller/VisitChillerWithChillerNotAllocated: Test Cases/ShopOpen/Chiller/VisitChillerWithChillerNotAllocated FAILED because (of) (Stack trace: com.kms.katalon.core.exception.StepFailedException: Failed to tap on element 'Object Repository/CommonScreenElements/DoneButton' (Root cause: Object Object Repository/CommonScreenElements/DoneButton not found)
	at com.kms.katalon.core.keyword.internal.KeywordMain.stepFailed(KeywordMain.groovy:36)
	at com.kms.katalon.core.mobile.keyword.internal.MobileKeywordMain.stepFailed(MobileKeywordMain.groovy:40)
	at com.kms.katalon.core.mobile.keyword.internal.MobileKeywordMain.runKeyword(MobileKeywordMain.groovy:23)
	at com.kms.katalon.core.mobile.keyword.builtin.TapKeyword.tap(TapKeyword.groovy:83)
	at com.kms.katalon.core.mobile.keyword.builtin.TapKeyword.execute(TapKeyword.groovy:66)
	at com.kms.katalon.core.keyword.internal.KeywordExecutor.executeKeywordForPlatform(KeywordExecutor.groovy:53)
	at com.kms.katalon.core.mobile.keyword.MobileBuiltInKeywords.tap(MobileBuiltInKeywords.groovy:485)
	at com.kms.katalon.core.mobile.keyword.MobileBuiltInKeywords$tap$4.call(Unknown Source)
	at com.ct.qa.keywords.CommonKeywords.visitPictureImageViewButton(CommonKeywords.groovy:73)
	at sun.reflect.NativeMethodAccessorImpl.invoke0(Native Method)
	at sun.reflect.NativeMethodAccessorImpl.invoke(NativeMethodAccessorImpl.java:62)
	at sun.reflect.DelegatingMethodAccessorImpl.invoke(DelegatingMethodAccessorImpl.java:43)
	at java.lang.reflect.Method.invoke(Method.java:498)
	at org.codehaus.groovy.reflection.CachedMethod.invoke(CachedMethod.java:93)
	at groovy.lang.MetaMethod.doMethodInvoke(MetaMethod.java:325)
	at groovy.lang.MetaClassImpl.invokeMethod(MetaClassImpl.java:1215)
	at groovy.lang.MetaClassImpl.invokeMethod(MetaClassImpl.java:1024)
	at groovy.lang.MetaClassImpl.invokeMethod(MetaClassImpl.java:812)
	at groovy.lang.DelegatingMetaClass.invokeMethod(DelegatingMetaClass.java:144)
	at com.ct.qa.keywords.CommonKeywords.invokeMethod(CommonKeywords.groovy)
	at com.kms.katalon.core.main.CustomKeywordDelegatingMetaClass.invokeStaticMethod(CustomKeywordDelegatingMetaClass.java:46)
	at org.codehaus.groovy.runtime.callsite.StaticMetaClassSite.call(StaticMetaClassSite.java:53)
	at org.codehaus.groovy.runtime.callsite.AbstractCallSite.call(AbstractCallSite.java:117)
	at Script1531225848182.run(Script1531225848182.groovy:50)
	at com.kms.katalon.core.main.ScriptEngine.run(ScriptEngine.java:183)
	at com.kms.katalon.core.main.ScriptEngine.runScriptAsRawText(ScriptEngine.java:108)
	at com.kms.katalon.core.main.TestCaseExecutor.runScript(TestCaseExecutor.java:294)
	at com.kms.katalon.core.main.TestCaseExecutor.doExecute(TestCaseExecutor.java:285)
	at com.kms.katalon.core.main.TestCaseExecutor.processExecutionPhase(TestCaseExecutor.java:264)
	at com.kms.katalon.core.main.TestCaseExecutor.accessMainPhase(TestCaseExecutor.java:256)
	at com.kms.katalon.core.main.TestCaseExecutor.execute(TestCaseExecutor.java:200)
	at com.kms.katalon.core.main.TestCaseMain.runTestCase(TestCaseMain.java:99)
	at com.kms.katalon.core.keyword.builtin.CallTestCaseKeyword$_callTestCase_closure1.doCall(CallTestCaseKeyword.groovy:60)
	at com.kms.katalon.core.keyword.builtin.CallTestCaseKeyword$_callTestCase_closure1.call(CallTestCaseKeyword.groovy)
	at com.kms.katalon.core.keyword.internal.KeywordMain.runKeyword(KeywordMain.groovy:54)
	at com.kms.katalon.core.keyword.builtin.CallTestCaseKeyword.callTestCase(CallTestCaseKeyword.groovy:81)
	at com.kms.katalon.core.keyword.builtin.CallTestCaseKeyword.execute(CallTestCaseKeyword.groovy:45)
	at com.kms.katalon.core.keyword.internal.KeywordExecutor.executeKeywordForPlatform(KeywordExecutor.groovy:53)
	at com.kms.katalon.core.keyword.BuiltinKeywords.callTestCase(BuiltinKeywords.groovy:350)
	at sun.reflect.GeneratedMethodAccessor22.invoke(Unknown Source)
	at sun.reflect.DelegatingMethodAccessorImpl.invoke(DelegatingMethodAccessorImpl.java:43)
	at java.lang.reflect.Method.invoke(Method.java:498)
	at org.codehaus.groovy.reflection.CachedMethod.invoke(CachedMethod.java:93)
	at groovy.lang.MetaMethod.doMethodInvoke(MetaMethod.java:325)
	at groovy.lang.MetaClassImpl.invokeStaticMethod(MetaClassImpl.java:1469)
	at org.codehaus.groovy.runtime.callsite.StaticMetaClassSite.call(StaticMetaClassSite.java:53)
	at org.codehaus.groovy.runtime.callsite.AbstractCallSite.call(AbstractCallSite.java:133)
	at com.ct.qa.keywords.CategoryVisitingScenariosKeywords.visitShopCategoriesWithDataVerification(CategoryVisitingScenariosKeywords.groovy:87)
	at sun.reflect.NativeMethodAccessorImpl.invoke0(Native Method)
	at sun.reflect.NativeMethodAccessorImpl.invoke(NativeMethodAccessorImpl.java:62)
	at sun.reflect.DelegatingMethodAccessorImpl.invoke(DelegatingMethodAccessorImpl.java:43)
	at java.lang.reflect.Method.invoke(Method.java:498)
	at org.codehaus.groovy.reflection.CachedMethod.invoke(CachedMethod.java:93)
	at groovy.lang.MetaMethod.doMethodInvoke(MetaMethod.java:325)
	at groovy.lang.MetaClassImpl.invokeMethod(MetaClassImpl.java:1215)
	at groovy.lang.MetaClassImpl.invokeMethod(MetaClassImpl.java:1024)
	at groovy.lang.MetaClassImpl.invokeMethod(MetaClassImpl.java:812)
	at groovy.lang.DelegatingMetaClass.invokeMethod(DelegatingMetaClass.java:144)
	at com.ct.qa.keywords.CategoryVisitingScenariosKeywords.invokeMethod(CategoryVisitingScenariosKeywords.groovy)
	at com.kms.katalon.core.main.CustomKeywordDelegatingMetaClass.invokeStaticMethod(CustomKeywordDelegatingMetaClass.java:46)
	at org.codehaus.groovy.runtime.callsite.StaticMetaClassSite.call(StaticMetaClassSite.java:53)
	at org.codehaus.groovy.runtime.callsite.AbstractCallSite.call(AbstractCallSite.java:117)
	at Script1533013695676.run(Script1533013695676.groovy:28)
	at com.kms.katalon.core.main.ScriptEngine.run(ScriptEngine.java:183)
	at com.kms.katalon.core.main.ScriptEngine.runScriptAsRawText(ScriptEngine.java:108)
	at com.kms.katalon.core.main.TestCaseExecutor.runScript(TestCaseExecutor.java:294)
	at com.kms.katalon.core.main.TestCaseExecutor.doExecute(TestCaseExecutor.java:285)
	at com.kms.katalon.core.main.TestCaseExecutor.processExecutionPhase(TestCaseExecutor.java:264)
	at com.kms.katalon.core.main.TestCaseExecutor.accessMainPhase(TestCaseExecutor.java:256)
	at com.kms.katalon.core.main.TestCaseExecutor.execute(TestCaseExecutor.java:200)
	at com.kms.katalon.core.main.TestCaseMain.runTestCase(TestCaseMain.java:99)
	at com.kms.katalon.core.keyword.builtin.CallTestCaseKeyword$_callTestCase_closure1.doCall(CallTestCaseKeyword.groovy:60)
	at com.kms.katalon.core.keyword.builtin.CallTestCaseKeyword$_callTestCase_closure1.call(CallTestCaseKeyword.groovy)
	at com.kms.katalon.core.keyword.internal.KeywordMain.runKeyword(KeywordMain.groovy:54)
	at com.kms.katalon.core.keyword.builtin.CallTestCaseKeyword.callTestCase(CallTestCaseKeyword.groovy:81)
	at com.kms.katalon.core.keyword.builtin.CallTestCaseKeyword.execute(CallTestCaseKeyword.groovy:45)
	at com.kms.katalon.core.keyword.internal.KeywordExecutor.executeKeywordForPlatform(KeywordExecutor.groovy:53)
	at com.kms.katalon.core.keyword.BuiltinKeywords.callTestCase(BuiltinKeywords.groovy:350)
	at sun.reflect.GeneratedMethodAccessor22.invoke(Unknown Source)
	at sun.reflect.DelegatingMethodAccessorImpl.invoke(DelegatingMethodAccessorImpl.java:43)
	at java.lang.reflect.Method.invoke(Method.java:498)
	at org.codehaus.groovy.reflection.CachedMethod.invoke(CachedMethod.java:93)
	at groovy.lang.MetaMethod.doMethodInvoke(MetaMethod.java:325)
	at groovy.lang.MetaClassImpl.invokeStaticMethod(MetaClassImpl.java:1469)
	at org.codehaus.groovy.runtime.callsite.StaticMetaClassSite.call(StaticMetaClassSite.java:53)
	at org.codehaus.groovy.runtime.callsite.AbstractCallSite.call(AbstractCallSite.java:133)
	at com.ct.qa.keywords.ShopVisitingScenariosKeywords.visitShopWith_DataVerification(ShopVisitingScenariosKeywords.groovy:451)
	at sun.reflect.NativeMethodAccessorImpl.invoke0(Native Method)
	at sun.reflect.NativeMethodAccessorImpl.invoke(NativeMethodAccessorImpl.java:62)
	at sun.reflect.DelegatingMethodAccessorImpl.invoke(DelegatingMethodAccessorImpl.java:43)
	at java.lang.reflect.Method.invoke(Method.java:498)
	at org.codehaus.groovy.reflection.CachedMethod.invoke(CachedMethod.java:93)
	at groovy.lang.MetaMethod.doMethodInvoke(MetaMethod.java:325)
	at groovy.lang.MetaClassImpl.invokeMethod(MetaClassImpl.java:1215)
	at groovy.lang.MetaClassImpl.invokeMethod(MetaClassImpl.java:1024)
	at groovy.lang.MetaClassImpl.invokeMethod(MetaClassImpl.java:812)
	at groovy.lang.DelegatingMetaClass.invokeMethod(DelegatingMetaClass.java:144)
	at com.ct.qa.keywords.ShopVisitingScenariosKeywords.invokeMethod(ShopVisitingScenariosKeywords.groovy)
	at com.kms.katalon.core.main.CustomKeywordDelegatingMetaClass.invokeStaticMethod(CustomKeywordDelegatingMetaClass.java:46)
	at org.codehaus.groovy.runtime.callsite.StaticMetaClassSite.call(StaticMetaClassSite.java:53)
	at org.codehaus.groovy.runtime.callsite.CallSiteArray.defaultCall(CallSiteArray.java:48)
	at org.codehaus.groovy.runtime.callsite.AbstractCallSite.call(AbstractCallSite.java:113)
	at org.codehaus.groovy.runtime.callsite.AbstractCallSite.call(AbstractCallSite.java:117)
	at Script1539252870661.run(Script1539252870661.groovy:39)
	at com.kms.katalon.core.main.ScriptEngine.run(ScriptEngine.java:183)
	at com.kms.katalon.core.main.ScriptEngine.runScriptAsRawText(ScriptEngine.java:108)
	at com.kms.katalon.core.main.TestCaseExecutor.runScript(TestCaseExecutor.java:294)
	at com.kms.katalon.core.main.TestCaseExecutor.doExecute(TestCaseExecutor.java:285)
	at com.kms.katalon.core.main.TestCaseExecutor.processExecutionPhase(TestCaseExecutor.java:264)
	at com.kms.katalon.core.main.TestCaseExecutor.accessMainPhase(TestCaseExecutor.java:256)
	at com.kms.katalon.core.main.TestCaseExecutor.execute(TestCaseExecutor.java:200)
	at com.kms.katalon.core.main.TestSuiteExecutor.accessTestCaseMainPhase(TestSuiteExecutor.java:129)
	at com.kms.katalon.core.main.TestSuiteExecutor.accessTestSuiteMainPhase(TestSuiteExecutor.java:112)
	at com.kms.katalon.core.main.TestSuiteExecutor.execute(TestSuiteExecutor.java:81)
	at com.kms.katalon.core.main.TestCaseMain.startTestSuite(TestCaseMain.java:142)
	at com.kms.katalon.core.main.TestCaseMain$startTestSuite$0.call(Unknown Source)
	at org.codehaus.groovy.runtime.callsite.CallSiteArray.defaultCall(CallSiteArray.java:48)
	at org.codehaus.groovy.runtime.callsite.AbstractCallSite.call(AbstractCallSite.java:113)
	at org.codehaus.groovy.runtime.callsite.AbstractCallSite.call(AbstractCallSite.java:141)
	at TempTestSuite1543837419088.run(TempTestSuite1543837419088.groovy:36)
	at groovy.lang.GroovyShell.runScriptOrMainOrTestOrRunnable(GroovyShell.java:263)
	at groovy.lang.GroovyShell.run(GroovyShell.java:518)
	at groovy.lang.GroovyShell.run(GroovyShell.java:507)
	at groovy.ui.GroovyMain.processOnce(GroovyMain.java:653)
	at groovy.ui.GroovyMain.run(GroovyMain.java:384)
	at groovy.ui.GroovyMain.process(GroovyMain.java:370)
	at groovy.ui.GroovyMain.processArgs(GroovyMain.java:129)
	at groovy.ui.GroovyMain.main(GroovyMain.java:109)
	at sun.reflect.NativeMethodAccessorImpl.invoke0(Native Method)
	at sun.reflect.NativeMethodAccessorImpl.invoke(NativeMethodAccessorImpl.java:62)
	at sun.reflect.DelegatingMethodAccessorImpl.invoke(DelegatingMethodAccessorImpl.java:43)
	at java.lang.reflect.Method.invoke(Method.java:498)
	at org.codehaus.groovy.tools.GroovyStarter.rootLoader(GroovyStarter.java:109)
	at org.codehaus.groovy.tools.GroovyStarter.main(GroovyStarter.java:131)
)

2018-12-03 17:21:32 - [TEST_STEP][PASSED] - verifyElementText: Actual text and expected text of test object 'Object Repository/ShopOpen/Chiller/Validate_ChillerScreen' are matched.

2018-12-03 17:21:32 - [MESSAGE][PASSED] - Actual text and expected text of test object 'Object Repository/ShopOpen/Chiller/Validate_ChillerScreen' are matched.

2018-12-03 17:21:32 - [TEST_STEP][PASSED] - tap: Tapped on element 'Object Repository/ShopOpen/Chiller/ChillerNotAllocated'

2018-12-03 17:21:32 - [MESSAGE][WARNING] - Timeout '0' is invalid. Using default page load timeout: '6'

2018-12-03 17:21:33 - [MESSAGE][PASSED] - Tapped on element 'Object Repository/ShopOpen/Chiller/ChillerNotAllocated'

2018-12-03 17:21:33 - [TEST_STEP][PASSED] - verifyElementText: Actual text and expected text of test object 'Object Repository/ShopOpen/Chiller/Validate_ChillerNotAllocatedProductCategoryScreen' are matched.

2018-12-03 17:21:34 - [MESSAGE][PASSED] - Actual text and expected text of test object 'Object Repository/ShopOpen/Chiller/Validate_ChillerNotAllocatedProductCategoryScreen' are matched.

2018-12-03 17:21:34 - [TEST_STEP][PASSED] - com.ct.qa.keywords.ChannelProductsDataKeywords.visitChillerNotAllocatedProductCategories: com.ct.qa.keywords.ChannelProductsDataKeywords.visitChillerNotAllocatedProductCategories is PASSED

2018-12-03 17:21:38 - [TEST_CASE][PASSED] - Test Cases/ShopOpen/Chiller/VisitProductCategoryAssets: Test Cases/ShopOpen/Chiller/VisitProductCategoryAssets

2018-12-03 17:21:38 - [TEST_STEP][PASSED] - verifyElementText: Actual text and expected text of test object 'Object Repository/ShopOpen/Chiller/Validate_ProductCategoryAssetsScreen' are matched.

2018-12-03 17:21:39 - [MESSAGE][PASSED] - Actual text and expected text of test object 'Object Repository/ShopOpen/Chiller/Validate_ProductCategoryAssetsScreen' are matched.

2018-12-03 17:21:39 - [TEST_STEP][PASSED] - tap: Tapped on element 'Object Repository/ShopOpen/Chiller/Facing'

2018-12-03 17:21:39 - [MESSAGE][WARNING] - Timeout '0' is invalid. Using default page load timeout: '6'

2018-12-03 17:21:40 - [MESSAGE][PASSED] - Tapped on element 'Object Repository/ShopOpen/Chiller/Facing'

2018-12-03 17:21:40 - [TEST_STEP][PASSED] - verifyElementText: Actual text and expected text of test object 'Object Repository/ShopOpen/Chiller/Validate_FacingScreen' are matched.

2018-12-03 17:21:41 - [MESSAGE][PASSED] - Actual text and expected text of test object 'Object Repository/ShopOpen/Chiller/Validate_FacingScreen' are matched.

2018-12-03 17:21:41 - [TEST_STEP][PASSED] - com.ct.qa.keywords.ChannelProductsDataKeywords.visitChannelWiseProductsData: com.ct.qa.keywords.ChannelProductsDataKeywords.visitChannelWiseProductsData is PASSED

2018-12-03 17:21:46 - [MESSAGE][PASSED] - Keyboard is hidden

2018-12-03 17:21:49 - [MESSAGE][PASSED] - Keyboard is hidden

2018-12-03 17:21:52 - [MESSAGE][PASSED] - Keyboard is hidden

2018-12-03 17:21:55 - [MESSAGE][PASSED] - Keyboard is hidden

2018-12-03 17:21:58 - [MESSAGE][PASSED] - Keyboard is hidden

2018-12-03 17:21:59 - [MESSAGE][PASSED] - com.ct.qa.keywords.ChannelProductsDataKeywords.visitChannelWiseProductsData is PASSED

2018-12-03 17:21:59 - [TEST_STEP][PASSED] - tap: Tapped on element 'Object Repository/ShopOpen/Chiller/SubmitButton'

2018-12-03 17:21:59 - [MESSAGE][WARNING] - Timeout '0' is invalid. Using default page load timeout: '6'

2018-12-03 17:22:00 - [MESSAGE][PASSED] - Tapped on element 'Object Repository/ShopOpen/Chiller/SubmitButton'

2018-12-03 17:22:00 - [TEST_STEP][PASSED] - verifyElementText: Actual text and expected text of test object 'Object Repository/ShopOpen/Chiller/Validate_ProductCategoryAssetsScreen' are matched.

2018-12-03 17:22:00 - [MESSAGE][PASSED] - Actual text and expected text of test object 'Object Repository/ShopOpen/Chiller/Validate_ProductCategoryAssetsScreen' are matched.

2018-12-03 17:22:00 - [TEST_STEP][PASSED] - tap: Tapped on element 'Object Repository/ShopOpen/Chiller/StockTaking'

2018-12-03 17:22:00 - [MESSAGE][WARNING] - Timeout '0' is invalid. Using default page load timeout: '6'

2018-12-03 17:22:01 - [MESSAGE][PASSED] - Tapped on element 'Object Repository/ShopOpen/Chiller/StockTaking'

2018-12-03 17:22:01 - [TEST_STEP][PASSED] - verifyElementText: Actual text and expected text of test object 'Object Repository/ShopOpen/Chiller/Validate_StockTakingScreen' are matched.

2018-12-03 17:22:03 - [MESSAGE][PASSED] - Actual text and expected text of test object 'Object Repository/ShopOpen/Chiller/Validate_StockTakingScreen' are matched.

2018-12-03 17:22:03 - [TEST_STEP][PASSED] - com.ct.qa.keywords.ChannelProductsDataKeywords.visitChannelWiseProductsData: com.ct.qa.keywords.ChannelProductsDataKeywords.visitChannelWiseProductsData is PASSED

2018-12-03 17:22:07 - [MESSAGE][PASSED] - Keyboard is hidden

2018-12-03 17:22:10 - [MESSAGE][PASSED] - Keyboard is hidden

2018-12-03 17:22:13 - [MESSAGE][PASSED] - Keyboard is hidden

2018-12-03 17:22:16 - [MESSAGE][PASSED] - Keyboard is hidden

2018-12-03 17:22:19 - [MESSAGE][PASSED] - Keyboard is hidden

2018-12-03 17:22:20 - [MESSAGE][PASSED] - com.ct.qa.keywords.ChannelProductsDataKeywords.visitChannelWiseProductsData is PASSED

2018-12-03 17:22:20 - [TEST_STEP][PASSED] - tap: Tapped on element 'Object Repository/ShopOpen/Chiller/SubmitButton'

2018-12-03 17:22:20 - [MESSAGE][WARNING] - Timeout '0' is invalid. Using default page load timeout: '6'

2018-12-03 17:22:21 - [MESSAGE][PASSED] - Tapped on element 'Object Repository/ShopOpen/Chiller/SubmitButton'

2018-12-03 17:22:21 - [TEST_STEP][PASSED] - verifyElementText: Actual text and expected text of test object 'Object Repository/ShopOpen/Chiller/Validate_ProductCategoryAssetsScreen' are matched.

2018-12-03 17:22:21 - [MESSAGE][PASSED] - Actual text and expected text of test object 'Object Repository/ShopOpen/Chiller/Validate_ProductCategoryAssetsScreen' are matched.

2018-12-03 17:22:21 - [TEST_STEP][PASSED] - tap: Tapped on element 'Object Repository/ShopOpen/Chiller/ChillerNotAllocatedProductCategory_BackButton'

2018-12-03 17:22:21 - [MESSAGE][WARNING] - Timeout '0' is invalid. Using default page load timeout: '6'

2018-12-03 17:22:22 - [MESSAGE][PASSED] - Tapped on element 'Object Repository/ShopOpen/Chiller/ChillerNotAllocatedProductCategory_BackButton'

2018-12-03 17:22:22 - [MESSAGE][PASSED] - Call Test Case 'Test Cases/ShopOpen/Chiller/VisitProductCategoryAssets' successfully

2018-12-03 17:22:23 - [MESSAGE][PASSED] - Actual text and expected text of test object 'Object Repository/ShopOpen/Chiller/Validate_ChillerNotAllocatedProductCategoryScreen' are matched.

2018-12-03 17:22:24 - [TEST_CASE][PASSED] - Test Cases/ShopOpen/Chiller/VisitProductCategoryAssets: Test Cases/ShopOpen/Chiller/VisitProductCategoryAssets

2018-12-03 17:22:24 - [TEST_STEP][PASSED] - verifyElementText: Actual text and expected text of test object 'Object Repository/ShopOpen/Chiller/Validate_ProductCategoryAssetsScreen' are matched.

2018-12-03 17:22:25 - [MESSAGE][PASSED] - Actual text and expected text of test object 'Object Repository/ShopOpen/Chiller/Validate_ProductCategoryAssetsScreen' are matched.

2018-12-03 17:22:25 - [TEST_STEP][PASSED] - tap: Tapped on element 'Object Repository/ShopOpen/Chiller/Facing'

2018-12-03 17:22:25 - [MESSAGE][WARNING] - Timeout '0' is invalid. Using default page load timeout: '6'

2018-12-03 17:22:26 - [MESSAGE][PASSED] - Tapped on element 'Object Repository/ShopOpen/Chiller/Facing'

2018-12-03 17:22:26 - [TEST_STEP][PASSED] - verifyElementText: Actual text and expected text of test object 'Object Repository/ShopOpen/Chiller/Validate_FacingScreen' are matched.

2018-12-03 17:22:27 - [MESSAGE][PASSED] - Actual text and expected text of test object 'Object Repository/ShopOpen/Chiller/Validate_FacingScreen' are matched.

2018-12-03 17:22:27 - [TEST_STEP][PASSED] - com.ct.qa.keywords.ChannelProductsDataKeywords.visitChannelWiseProductsData: com.ct.qa.keywords.ChannelProductsDataKeywords.visitChannelWiseProductsData is PASSED

2018-12-03 17:22:32 - [MESSAGE][PASSED] - Keyboard is hidden

2018-12-03 17:22:35 - [MESSAGE][PASSED] - Keyboard is hidden

2018-12-03 17:22:38 - [MESSAGE][PASSED] - Keyboard is hidden

2018-12-03 17:22:39 - [MESSAGE][PASSED] - com.ct.qa.keywords.ChannelProductsDataKeywords.visitChannelWiseProductsData is PASSED

2018-12-03 17:22:39 - [TEST_STEP][PASSED] - tap: Tapped on element 'Object Repository/ShopOpen/Chiller/SubmitButton'

2018-12-03 17:22:39 - [MESSAGE][WARNING] - Timeout '0' is invalid. Using default page load timeout: '6'

2018-12-03 17:22:40 - [MESSAGE][PASSED] - Tapped on element 'Object Repository/ShopOpen/Chiller/SubmitButton'

2018-12-03 17:22:40 - [TEST_STEP][PASSED] - verifyElementText: Actual text and expected text of test object 'Object Repository/ShopOpen/Chiller/Validate_ProductCategoryAssetsScreen' are matched.

2018-12-03 17:22:40 - [MESSAGE][PASSED] - Actual text and expected text of test object 'Object Repository/ShopOpen/Chiller/Validate_ProductCategoryAssetsScreen' are matched.

2018-12-03 17:22:40 - [TEST_STEP][PASSED] - tap: Tapped on element 'Object Repository/ShopOpen/Chiller/StockTaking'

2018-12-03 17:22:40 - [MESSAGE][WARNING] - Timeout '0' is invalid. Using default page load timeout: '6'

2018-12-03 17:22:41 - [MESSAGE][PASSED] - Tapped on element 'Object Repository/ShopOpen/Chiller/StockTaking'

2018-12-03 17:22:41 - [TEST_STEP][PASSED] - verifyElementText: Actual text and expected text of test object 'Object Repository/ShopOpen/Chiller/Validate_StockTakingScreen' are matched.

2018-12-03 17:22:43 - [MESSAGE][PASSED] - Actual text and expected text of test object 'Object Repository/ShopOpen/Chiller/Validate_StockTakingScreen' are matched.

2018-12-03 17:22:43 - [TEST_STEP][PASSED] - com.ct.qa.keywords.ChannelProductsDataKeywords.visitChannelWiseProductsData: com.ct.qa.keywords.ChannelProductsDataKeywords.visitChannelWiseProductsData is PASSED

2018-12-03 17:22:47 - [MESSAGE][PASSED] - Keyboard is hidden

2018-12-03 17:22:50 - [MESSAGE][PASSED] - Keyboard is hidden

2018-12-03 17:22:53 - [MESSAGE][PASSED] - Keyboard is hidden

2018-12-03 17:22:54 - [MESSAGE][PASSED] - com.ct.qa.keywords.ChannelProductsDataKeywords.visitChannelWiseProductsData is PASSED

2018-12-03 17:22:54 - [TEST_STEP][PASSED] - tap: Tapped on element 'Object Repository/ShopOpen/Chiller/SubmitButton'

2018-12-03 17:22:54 - [MESSAGE][WARNING] - Timeout '0' is invalid. Using default page load timeout: '6'

2018-12-03 17:22:55 - [MESSAGE][PASSED] - Tapped on element 'Object Repository/ShopOpen/Chiller/SubmitButton'

2018-12-03 17:22:55 - [TEST_STEP][PASSED] - verifyElementText: Actual text and expected text of test object 'Object Repository/ShopOpen/Chiller/Validate_ProductCategoryAssetsScreen' are matched.

2018-12-03 17:22:55 - [MESSAGE][PASSED] - Actual text and expected text of test object 'Object Repository/ShopOpen/Chiller/Validate_ProductCategoryAssetsScreen' are matched.

2018-12-03 17:22:55 - [TEST_STEP][PASSED] - tap: Tapped on element 'Object Repository/ShopOpen/Chiller/ChillerNotAllocatedProductCategory_BackButton'

2018-12-03 17:22:55 - [MESSAGE][WARNING] - Timeout '0' is invalid. Using default page load timeout: '6'

2018-12-03 17:22:56 - [MESSAGE][PASSED] - Tapped on element 'Object Repository/ShopOpen/Chiller/ChillerNotAllocatedProductCategory_BackButton'

2018-12-03 17:22:56 - [MESSAGE][PASSED] - Call Test Case 'Test Cases/ShopOpen/Chiller/VisitProductCategoryAssets' successfully

2018-12-03 17:22:58 - [MESSAGE][PASSED] - Actual text and expected text of test object 'Object Repository/ShopOpen/Chiller/Validate_ChillerNotAllocatedProductCategoryScreen' are matched.

2018-12-03 17:22:59 - [TEST_CASE][PASSED] - Test Cases/ShopOpen/Chiller/VisitProductCategoryAssets: Test Cases/ShopOpen/Chiller/VisitProductCategoryAssets

2018-12-03 17:22:59 - [TEST_STEP][PASSED] - verifyElementText: Actual text and expected text of test object 'Object Repository/ShopOpen/Chiller/Validate_ProductCategoryAssetsScreen' are matched.

2018-12-03 17:23:00 - [MESSAGE][PASSED] - Actual text and expected text of test object 'Object Repository/ShopOpen/Chiller/Validate_ProductCategoryAssetsScreen' are matched.

2018-12-03 17:23:00 - [TEST_STEP][PASSED] - tap: Tapped on element 'Object Repository/ShopOpen/Chiller/Facing'

2018-12-03 17:23:00 - [MESSAGE][WARNING] - Timeout '0' is invalid. Using default page load timeout: '6'

2018-12-03 17:23:01 - [MESSAGE][PASSED] - Tapped on element 'Object Repository/ShopOpen/Chiller/Facing'

2018-12-03 17:23:01 - [TEST_STEP][PASSED] - verifyElementText: Actual text and expected text of test object 'Object Repository/ShopOpen/Chiller/Validate_FacingScreen' are matched.

2018-12-03 17:23:02 - [MESSAGE][PASSED] - Actual text and expected text of test object 'Object Repository/ShopOpen/Chiller/Validate_FacingScreen' are matched.

2018-12-03 17:23:02 - [TEST_STEP][PASSED] - com.ct.qa.keywords.ChannelProductsDataKeywords.visitChannelWiseProductsData: com.ct.qa.keywords.ChannelProductsDataKeywords.visitChannelWiseProductsData is PASSED

2018-12-03 17:23:06 - [MESSAGE][PASSED] - Keyboard is hidden

2018-12-03 17:23:06 - [MESSAGE][PASSED] - com.ct.qa.keywords.ChannelProductsDataKeywords.visitChannelWiseProductsData is PASSED

2018-12-03 17:23:06 - [TEST_STEP][PASSED] - tap: Tapped on element 'Object Repository/ShopOpen/Chiller/SubmitButton'

2018-12-03 17:23:06 - [MESSAGE][WARNING] - Timeout '0' is invalid. Using default page load timeout: '6'

2018-12-03 17:23:07 - [MESSAGE][PASSED] - Tapped on element 'Object Repository/ShopOpen/Chiller/SubmitButton'

2018-12-03 17:23:07 - [TEST_STEP][PASSED] - verifyElementText: Actual text and expected text of test object 'Object Repository/ShopOpen/Chiller/Validate_ProductCategoryAssetsScreen' are matched.

2018-12-03 17:23:08 - [MESSAGE][PASSED] - Actual text and expected text of test object 'Object Repository/ShopOpen/Chiller/Validate_ProductCategoryAssetsScreen' are matched.

2018-12-03 17:23:08 - [TEST_STEP][PASSED] - tap: Tapped on element 'Object Repository/ShopOpen/Chiller/StockTaking'

2018-12-03 17:23:08 - [MESSAGE][WARNING] - Timeout '0' is invalid. Using default page load timeout: '6'

2018-12-03 17:23:09 - [MESSAGE][PASSED] - Tapped on element 'Object Repository/ShopOpen/Chiller/StockTaking'

2018-12-03 17:23:09 - [TEST_STEP][PASSED] - verifyElementText: Actual text and expected text of test object 'Object Repository/ShopOpen/Chiller/Validate_StockTakingScreen' are matched.

2018-12-03 17:23:10 - [MESSAGE][PASSED] - Actual text and expected text of test object 'Object Repository/ShopOpen/Chiller/Validate_StockTakingScreen' are matched.

2018-12-03 17:23:10 - [TEST_STEP][PASSED] - com.ct.qa.keywords.ChannelProductsDataKeywords.visitChannelWiseProductsData: com.ct.qa.keywords.ChannelProductsDataKeywords.visitChannelWiseProductsData is PASSED

2018-12-03 17:23:14 - [MESSAGE][PASSED] - Keyboard is hidden

2018-12-03 17:23:14 - [MESSAGE][PASSED] - com.ct.qa.keywords.ChannelProductsDataKeywords.visitChannelWiseProductsData is PASSED

2018-12-03 17:23:14 - [TEST_STEP][PASSED] - tap: Tapped on element 'Object Repository/ShopOpen/Chiller/SubmitButton'

2018-12-03 17:23:14 - [MESSAGE][WARNING] - Timeout '0' is invalid. Using default page load timeout: '6'

2018-12-03 17:23:15 - [MESSAGE][PASSED] - Tapped on element 'Object Repository/ShopOpen/Chiller/SubmitButton'

2018-12-03 17:23:15 - [TEST_STEP][PASSED] - verifyElementText: Actual text and expected text of test object 'Object Repository/ShopOpen/Chiller/Validate_ProductCategoryAssetsScreen' are matched.

2018-12-03 17:23:15 - [MESSAGE][PASSED] - Actual text and expected text of test object 'Object Repository/ShopOpen/Chiller/Validate_ProductCategoryAssetsScreen' are matched.

2018-12-03 17:23:15 - [TEST_STEP][PASSED] - tap: Tapped on element 'Object Repository/ShopOpen/Chiller/ChillerNotAllocatedProductCategory_BackButton'

2018-12-03 17:23:15 - [MESSAGE][WARNING] - Timeout '0' is invalid. Using default page load timeout: '6'

2018-12-03 17:23:16 - [MESSAGE][PASSED] - Tapped on element 'Object Repository/ShopOpen/Chiller/ChillerNotAllocatedProductCategory_BackButton'

2018-12-03 17:23:16 - [MESSAGE][PASSED] - Call Test Case 'Test Cases/ShopOpen/Chiller/VisitProductCategoryAssets' successfully

2018-12-03 17:23:17 - [MESSAGE][PASSED] - Actual text and expected text of test object 'Object Repository/ShopOpen/Chiller/Validate_ChillerNotAllocatedProductCategoryScreen' are matched.

2018-12-03 17:23:18 - [TEST_CASE][PASSED] - Test Cases/ShopOpen/Chiller/VisitProductCategoryAssets: Test Cases/ShopOpen/Chiller/VisitProductCategoryAssets

2018-12-03 17:23:18 - [TEST_STEP][PASSED] - verifyElementText: Actual text and expected text of test object 'Object Repository/ShopOpen/Chiller/Validate_ProductCategoryAssetsScreen' are matched.

2018-12-03 17:23:19 - [MESSAGE][PASSED] - Actual text and expected text of test object 'Object Repository/ShopOpen/Chiller/Validate_ProductCategoryAssetsScreen' are matched.

2018-12-03 17:23:19 - [TEST_STEP][PASSED] - tap: Tapped on element 'Object Repository/ShopOpen/Chiller/Facing'

2018-12-03 17:23:19 - [MESSAGE][WARNING] - Timeout '0' is invalid. Using default page load timeout: '6'

2018-12-03 17:23:20 - [MESSAGE][PASSED] - Tapped on element 'Object Repository/ShopOpen/Chiller/Facing'

2018-12-03 17:23:20 - [TEST_STEP][PASSED] - verifyElementText: Actual text and expected text of test object 'Object Repository/ShopOpen/Chiller/Validate_FacingScreen' are matched.

2018-12-03 17:23:21 - [MESSAGE][PASSED] - Actual text and expected text of test object 'Object Repository/ShopOpen/Chiller/Validate_FacingScreen' are matched.

2018-12-03 17:23:21 - [TEST_STEP][PASSED] - com.ct.qa.keywords.ChannelProductsDataKeywords.visitChannelWiseProductsData: com.ct.qa.keywords.ChannelProductsDataKeywords.visitChannelWiseProductsData is PASSED

2018-12-03 17:23:26 - [MESSAGE][PASSED] - Keyboard is hidden

2018-12-03 17:23:29 - [MESSAGE][PASSED] - Keyboard is hidden

2018-12-03 17:23:32 - [MESSAGE][PASSED] - Keyboard is hidden

2018-12-03 17:23:35 - [MESSAGE][PASSED] - Keyboard is hidden

2018-12-03 17:23:38 - [MESSAGE][PASSED] - Keyboard is hidden

2018-12-03 17:23:41 - [MESSAGE][PASSED] - Keyboard is hidden

2018-12-03 17:23:44 - [MESSAGE][PASSED] - Swiped from 23,359 to 23,250

2018-12-03 17:23:48 - [MESSAGE][PASSED] - Keyboard is hidden

2018-12-03 17:23:49 - [MESSAGE][PASSED] - Swiped from 23,359 to 23,250

2018-12-03 17:23:53 - [MESSAGE][PASSED] - Keyboard is hidden

2018-12-03 17:23:54 - [MESSAGE][PASSED] - Swiped from 23,359 to 23,250

2018-12-03 17:23:55 - [MESSAGE][PASSED] - com.ct.qa.keywords.ChannelProductsDataKeywords.visitChannelWiseProductsData is PASSED

2018-12-03 17:23:55 - [TEST_STEP][PASSED] - tap: Tapped on element 'Object Repository/ShopOpen/Chiller/SubmitButton'

2018-12-03 17:23:55 - [MESSAGE][WARNING] - Timeout '0' is invalid. Using default page load timeout: '6'

2018-12-03 17:23:56 - [MESSAGE][PASSED] - Tapped on element 'Object Repository/ShopOpen/Chiller/SubmitButton'

2018-12-03 17:23:56 - [TEST_STEP][PASSED] - verifyElementText: Actual text and expected text of test object 'Object Repository/ShopOpen/Chiller/Validate_ProductCategoryAssetsScreen' are matched.

2018-12-03 17:23:57 - [MESSAGE][PASSED] - Actual text and expected text of test object 'Object Repository/ShopOpen/Chiller/Validate_ProductCategoryAssetsScreen' are matched.

2018-12-03 17:23:57 - [TEST_STEP][PASSED] - tap: Tapped on element 'Object Repository/ShopOpen/Chiller/StockTaking'

2018-12-03 17:23:57 - [MESSAGE][WARNING] - Timeout '0' is invalid. Using default page load timeout: '6'

2018-12-03 17:23:57 - [MESSAGE][PASSED] - Tapped on element 'Object Repository/ShopOpen/Chiller/StockTaking'

2018-12-03 17:23:57 - [TEST_STEP][PASSED] - verifyElementText: Actual text and expected text of test object 'Object Repository/ShopOpen/Chiller/Validate_StockTakingScreen' are matched.

2018-12-03 17:23:59 - [MESSAGE][PASSED] - Actual text and expected text of test object 'Object Repository/ShopOpen/Chiller/Validate_StockTakingScreen' are matched.

2018-12-03 17:23:59 - [TEST_STEP][PASSED] - com.ct.qa.keywords.ChannelProductsDataKeywords.visitChannelWiseProductsData: com.ct.qa.keywords.ChannelProductsDataKeywords.visitChannelWiseProductsData is PASSED

2018-12-03 17:24:04 - [MESSAGE][PASSED] - Keyboard is hidden

2018-12-03 17:24:07 - [MESSAGE][PASSED] - Keyboard is hidden

2018-12-03 17:24:10 - [MESSAGE][PASSED] - Keyboard is hidden

2018-12-03 17:24:13 - [MESSAGE][PASSED] - Keyboard is hidden

2018-12-03 17:24:16 - [MESSAGE][PASSED] - Keyboard is hidden

2018-12-03 17:24:19 - [MESSAGE][PASSED] - Keyboard is hidden

2018-12-03 17:24:22 - [MESSAGE][PASSED] - Swiped from 23,359 to 23,250

2018-12-03 17:24:25 - [MESSAGE][PASSED] - Keyboard is hidden

2018-12-03 17:24:26 - [MESSAGE][PASSED] - Swiped from 23,359 to 23,250

2018-12-03 17:24:30 - [MESSAGE][PASSED] - Keyboard is hidden

2018-12-03 17:24:31 - [MESSAGE][PASSED] - Swiped from 23,359 to 23,250

2018-12-03 17:24:32 - [MESSAGE][PASSED] - com.ct.qa.keywords.ChannelProductsDataKeywords.visitChannelWiseProductsData is PASSED

2018-12-03 17:24:32 - [TEST_STEP][PASSED] - tap: Tapped on element 'Object Repository/ShopOpen/Chiller/SubmitButton'

2018-12-03 17:24:32 - [MESSAGE][WARNING] - Timeout '0' is invalid. Using default page load timeout: '6'

2018-12-03 17:24:33 - [MESSAGE][PASSED] - Tapped on element 'Object Repository/ShopOpen/Chiller/SubmitButton'

2018-12-03 17:24:33 - [TEST_STEP][PASSED] - verifyElementText: Actual text and expected text of test object 'Object Repository/ShopOpen/Chiller/Validate_ProductCategoryAssetsScreen' are matched.

2018-12-03 17:24:34 - [MESSAGE][PASSED] - Actual text and expected text of test object 'Object Repository/ShopOpen/Chiller/Validate_ProductCategoryAssetsScreen' are matched.

2018-12-03 17:24:34 - [TEST_STEP][PASSED] - tap: Tapped on element 'Object Repository/ShopOpen/Chiller/ChillerNotAllocatedProductCategory_BackButton'

2018-12-03 17:24:34 - [MESSAGE][WARNING] - Timeout '0' is invalid. Using default page load timeout: '6'

2018-12-03 17:24:34 - [MESSAGE][PASSED] - Tapped on element 'Object Repository/ShopOpen/Chiller/ChillerNotAllocatedProductCategory_BackButton'

2018-12-03 17:24:34 - [MESSAGE][PASSED] - Call Test Case 'Test Cases/ShopOpen/Chiller/VisitProductCategoryAssets' successfully

2018-12-03 17:24:35 - [MESSAGE][PASSED] - Actual text and expected text of test object 'Object Repository/ShopOpen/Chiller/Validate_ChillerNotAllocatedProductCategoryScreen' are matched.

2018-12-03 17:24:35 - [MESSAGE][PASSED] - com.ct.qa.keywords.ChannelProductsDataKeywords.visitChillerNotAllocatedProductCategories is PASSED

2018-12-03 17:24:35 - [TEST_STEP][PASSED] - verifyElementText: Actual text and expected text of test object 'Object Repository/ShopOpen/Chiller/Validate_ChillerNotAllocatedProductCategoryScreen' are matched.

2018-12-03 17:24:36 - [MESSAGE][PASSED] - Actual text and expected text of test object 'Object Repository/ShopOpen/Chiller/Validate_ChillerNotAllocatedProductCategoryScreen' are matched.

2018-12-03 17:24:36 - [TEST_STEP][PASSED] - com.ct.qa.keywords.CommonKeywords.visitPlanogramImageViewButton: com.ct.qa.keywords.CommonKeywords.visitPlanogramImageViewButton is PASSED

2018-12-03 17:24:37 - [MESSAGE][WARNING] - Timeout '0' is invalid. Using default page load timeout: '6'

2018-12-03 17:24:44 - [MESSAGE][WARNING] - Object Object Repository/CommonScreenElements/InfoPopUp_OKButton not found
[[ATTACHMENT|F:\\Git Projects\\MMA_Merchandising\\MMA_Merchandising\\Reports\\MMA Merchandising With Channel Wise Data Verification\\20181203_164339\\1543839883649.png]]

2018-12-03 17:24:45 - [MESSAGE][PASSED] - com.ct.qa.keywords.CommonKeywords.visitPlanogramImageViewButton is PASSED

2018-12-03 17:24:45 - [TEST_STEP][PASSED] - verifyElementText: Actual text and expected text of test object 'Object Repository/ShopOpen/Chiller/Validate_ChillerNotAllocatedProductCategoryScreen' are matched.

2018-12-03 17:24:45 - [MESSAGE][PASSED] - Actual text and expected text of test object 'Object Repository/ShopOpen/Chiller/Validate_ChillerNotAllocatedProductCategoryScreen' are matched.

2018-12-03 17:24:45 - [TEST_STEP][FAILED] - com.ct.qa.keywords.CommonKeywords.visitPictureImageViewButton: Failed to tap on element 'Object Repository/CommonScreenElements/DoneButton' (Root cause: Object Object Repository/CommonScreenElements/DoneButton not found)

2018-12-03 17:24:48 - [MESSAGE][WARNING] - Timeout '0' is invalid. Using default page load timeout: '6'

2018-12-03 17:24:49 - [MESSAGE][PASSED] - Element 'Object Repository/CommonScreenElements/Validate_CameraScreen' is exist

2018-12-03 17:24:49 - [MESSAGE][WARNING] - Timeout '0' is invalid. Using default page load timeout: '6'

2018-12-03 17:24:52 - [MESSAGE][PASSED] - Tapped on element 'Object Repository/CommonScreenElements/TakePictureButton'

2018-12-03 17:24:57 - [MESSAGE][PASSED] - Delayed 5 second(s)

2018-12-03 17:24:57 - [MESSAGE][WARNING] - Timeout '0' is invalid. Using default page load timeout: '6'

2018-12-03 17:25:05 - [MESSAGE][FAILED] - Object Object Repository/CommonScreenElements/DoneButton not found
[[ATTACHMENT|F:\\Git Projects\\MMA_Merchandising\\MMA_Merchandising\\Reports\\MMA Merchandising With Channel Wise Data Verification\\20181203_164339\\1543839904757.png]]

2018-12-03 17:25:06 - [MESSAGE][FAILED] - Failed to tap on element 'Object Repository/CommonScreenElements/DoneButton' (Root cause: Object Object Repository/CommonScreenElements/DoneButton not found)
[[ATTACHMENT|F:\\Git Projects\\MMA_Merchandising\\MMA_Merchandising\\Reports\\MMA Merchandising With Channel Wise Data Verification\\20181203_164339\\1543839905594.png]]

2018-12-03 17:25:06 - [MESSAGE][FAILED] - Failed to tap on element 'Object Repository/CommonScreenElements/DoneButton' (Root cause: Object Object Repository/CommonScreenElements/DoneButton not found)

2018-12-03 17:25:06 - [MESSAGE][FAILED] - Unable to call Test Case with id 'Test Cases/ShopOpen/Chiller/VisitChillerWithChillerNotAllocated' (Root cause: Call Test Case 'Test Cases/ShopOpen/Chiller/VisitChillerWithChillerNotAllocated' failed)

2018-12-03 17:25:06 - [MESSAGE][FAILED] - Failed to tap on element 'Object Repository/CommonScreenElements/DoneButton' (Root cause: Object Object Repository/CommonScreenElements/DoneButton not found)

2018-12-03 17:25:06 - [MESSAGE][FAILED] - Unable to call Test Case with id 'Test Cases/ShopOpen/VisitCategoryScenarios/VisitShopCategoriesWithDataVerification' (Root cause: Call Test Case 'Test Cases/ShopOpen/VisitCategoryScenarios/VisitShopCategoriesWithDataVerification' failed)

2018-12-03 17:25:06 - [MESSAGE][FAILED] - Failed to tap on element 'Object Repository/CommonScreenElements/DoneButton' (Root cause: Object Object Repository/CommonScreenElements/DoneButton not found)]]></system-out>
         <system-err><![CDATA[2018-12-03 16:45:55 - [TEST_CASE][FAILED] - Test Cases/VisitShopScenarios/VisitShopsWithDataVerification: Test Cases/VisitShopScenarios/VisitShopsWithDataVerification FAILED because (of) (Stack trace: com.kms.katalon.core.exception.StepFailedException: Failed to tap on element 'Object Repository/CommonScreenElements/DoneButton' (Root cause: Object Object Repository/CommonScreenElements/DoneButton not found)
	at com.kms.katalon.core.keyword.internal.KeywordMain.stepFailed(KeywordMain.groovy:36)
	at com.kms.katalon.core.mobile.keyword.internal.MobileKeywordMain.stepFailed(MobileKeywordMain.groovy:40)
	at com.kms.katalon.core.mobile.keyword.internal.MobileKeywordMain.runKeyword(MobileKeywordMain.groovy:23)
	at com.kms.katalon.core.mobile.keyword.builtin.TapKeyword.tap(TapKeyword.groovy:83)
	at com.kms.katalon.core.mobile.keyword.builtin.TapKeyword.execute(TapKeyword.groovy:66)
	at com.kms.katalon.core.keyword.internal.KeywordExecutor.executeKeywordForPlatform(KeywordExecutor.groovy:53)
	at com.kms.katalon.core.mobile.keyword.MobileBuiltInKeywords.tap(MobileBuiltInKeywords.groovy:485)
	at com.kms.katalon.core.mobile.keyword.MobileBuiltInKeywords$tap$4.call(Unknown Source)
	at com.ct.qa.keywords.CommonKeywords.visitPictureImageViewButton(CommonKeywords.groovy:73)
	at sun.reflect.NativeMethodAccessorImpl.invoke0(Native Method)
	at sun.reflect.NativeMethodAccessorImpl.invoke(NativeMethodAccessorImpl.java:62)
	at sun.reflect.DelegatingMethodAccessorImpl.invoke(DelegatingMethodAccessorImpl.java:43)
	at java.lang.reflect.Method.invoke(Method.java:498)
	at org.codehaus.groovy.reflection.CachedMethod.invoke(CachedMethod.java:93)
	at groovy.lang.MetaMethod.doMethodInvoke(MetaMethod.java:325)
	at groovy.lang.MetaClassImpl.invokeMethod(MetaClassImpl.java:1215)
	at groovy.lang.MetaClassImpl.invokeMethod(MetaClassImpl.java:1024)
	at groovy.lang.MetaClassImpl.invokeMethod(MetaClassImpl.java:812)
	at groovy.lang.DelegatingMetaClass.invokeMethod(DelegatingMetaClass.java:144)
	at com.ct.qa.keywords.CommonKeywords.invokeMethod(CommonKeywords.groovy)
	at com.kms.katalon.core.main.CustomKeywordDelegatingMetaClass.invokeStaticMethod(CustomKeywordDelegatingMetaClass.java:46)
	at org.codehaus.groovy.runtime.callsite.StaticMetaClassSite.call(StaticMetaClassSite.java:53)
	at org.codehaus.groovy.runtime.callsite.AbstractCallSite.call(AbstractCallSite.java:117)
	at Script1531225848182.run(Script1531225848182.groovy:50)
	at com.kms.katalon.core.main.ScriptEngine.run(ScriptEngine.java:183)
	at com.kms.katalon.core.main.ScriptEngine.runScriptAsRawText(ScriptEngine.java:108)
	at com.kms.katalon.core.main.TestCaseExecutor.runScript(TestCaseExecutor.java:294)
	at com.kms.katalon.core.main.TestCaseExecutor.doExecute(TestCaseExecutor.java:285)
	at com.kms.katalon.core.main.TestCaseExecutor.processExecutionPhase(TestCaseExecutor.java:264)
	at com.kms.katalon.core.main.TestCaseExecutor.accessMainPhase(TestCaseExecutor.java:256)
	at com.kms.katalon.core.main.TestCaseExecutor.execute(TestCaseExecutor.java:200)
	at com.kms.katalon.core.main.TestCaseMain.runTestCase(TestCaseMain.java:99)
	at com.kms.katalon.core.keyword.builtin.CallTestCaseKeyword$_callTestCase_closure1.doCall(CallTestCaseKeyword.groovy:60)
	at com.kms.katalon.core.keyword.builtin.CallTestCaseKeyword$_callTestCase_closure1.call(CallTestCaseKeyword.groovy)
	at com.kms.katalon.core.keyword.internal.KeywordMain.runKeyword(KeywordMain.groovy:54)
	at com.kms.katalon.core.keyword.builtin.CallTestCaseKeyword.callTestCase(CallTestCaseKeyword.groovy:81)
	at com.kms.katalon.core.keyword.builtin.CallTestCaseKeyword.execute(CallTestCaseKeyword.groovy:45)
	at com.kms.katalon.core.keyword.internal.KeywordExecutor.executeKeywordForPlatform(KeywordExecutor.groovy:53)
	at com.kms.katalon.core.keyword.BuiltinKeywords.callTestCase(BuiltinKeywords.groovy:350)
	at sun.reflect.GeneratedMethodAccessor22.invoke(Unknown Source)
	at sun.reflect.DelegatingMethodAccessorImpl.invoke(DelegatingMethodAccessorImpl.java:43)
	at java.lang.reflect.Method.invoke(Method.java:498)
	at org.codehaus.groovy.reflection.CachedMethod.invoke(CachedMethod.java:93)
	at groovy.lang.MetaMethod.doMethodInvoke(MetaMethod.java:325)
	at groovy.lang.MetaClassImpl.invokeStaticMethod(MetaClassImpl.java:1469)
	at org.codehaus.groovy.runtime.callsite.StaticMetaClassSite.call(StaticMetaClassSite.java:53)
	at org.codehaus.groovy.runtime.callsite.AbstractCallSite.call(AbstractCallSite.java:133)
	at com.ct.qa.keywords.CategoryVisitingScenariosKeywords.visitShopCategoriesWithDataVerification(CategoryVisitingScenariosKeywords.groovy:87)
	at sun.reflect.NativeMethodAccessorImpl.invoke0(Native Method)
	at sun.reflect.NativeMethodAccessorImpl.invoke(NativeMethodAccessorImpl.java:62)
	at sun.reflect.DelegatingMethodAccessorImpl.invoke(DelegatingMethodAccessorImpl.java:43)
	at java.lang.reflect.Method.invoke(Method.java:498)
	at org.codehaus.groovy.reflection.CachedMethod.invoke(CachedMethod.java:93)
	at groovy.lang.MetaMethod.doMethodInvoke(MetaMethod.java:325)
	at groovy.lang.MetaClassImpl.invokeMethod(MetaClassImpl.java:1215)
	at groovy.lang.MetaClassImpl.invokeMethod(MetaClassImpl.java:1024)
	at groovy.lang.MetaClassImpl.invokeMethod(MetaClassImpl.java:812)
	at groovy.lang.DelegatingMetaClass.invokeMethod(DelegatingMetaClass.java:144)
	at com.ct.qa.keywords.CategoryVisitingScenariosKeywords.invokeMethod(CategoryVisitingScenariosKeywords.groovy)
	at com.kms.katalon.core.main.CustomKeywordDelegatingMetaClass.invokeStaticMethod(CustomKeywordDelegatingMetaClass.java:46)
	at org.codehaus.groovy.runtime.callsite.StaticMetaClassSite.call(StaticMetaClassSite.java:53)
	at org.codehaus.groovy.runtime.callsite.AbstractCallSite.call(AbstractCallSite.java:117)
	at Script1533013695676.run(Script1533013695676.groovy:28)
	at com.kms.katalon.core.main.ScriptEngine.run(ScriptEngine.java:183)
	at com.kms.katalon.core.main.ScriptEngine.runScriptAsRawText(ScriptEngine.java:108)
	at com.kms.katalon.core.main.TestCaseExecutor.runScript(TestCaseExecutor.java:294)
	at com.kms.katalon.core.main.TestCaseExecutor.doExecute(TestCaseExecutor.java:285)
	at com.kms.katalon.core.main.TestCaseExecutor.processExecutionPhase(TestCaseExecutor.java:264)
	at com.kms.katalon.core.main.TestCaseExecutor.accessMainPhase(TestCaseExecutor.java:256)
	at com.kms.katalon.core.main.TestCaseExecutor.execute(TestCaseExecutor.java:200)
	at com.kms.katalon.core.main.TestCaseMain.runTestCase(TestCaseMain.java:99)
	at com.kms.katalon.core.keyword.builtin.CallTestCaseKeyword$_callTestCase_closure1.doCall(CallTestCaseKeyword.groovy:60)
	at com.kms.katalon.core.keyword.builtin.CallTestCaseKeyword$_callTestCase_closure1.call(CallTestCaseKeyword.groovy)
	at com.kms.katalon.core.keyword.internal.KeywordMain.runKeyword(KeywordMain.groovy:54)
	at com.kms.katalon.core.keyword.builtin.CallTestCaseKeyword.callTestCase(CallTestCaseKeyword.groovy:81)
	at com.kms.katalon.core.keyword.builtin.CallTestCaseKeyword.execute(CallTestCaseKeyword.groovy:45)
	at com.kms.katalon.core.keyword.internal.KeywordExecutor.executeKeywordForPlatform(KeywordExecutor.groovy:53)
	at com.kms.katalon.core.keyword.BuiltinKeywords.callTestCase(BuiltinKeywords.groovy:350)
	at sun.reflect.GeneratedMethodAccessor22.invoke(Unknown Source)
	at sun.reflect.DelegatingMethodAccessorImpl.invoke(DelegatingMethodAccessorImpl.java:43)
	at java.lang.reflect.Method.invoke(Method.java:498)
	at org.codehaus.groovy.reflection.CachedMethod.invoke(CachedMethod.java:93)
	at groovy.lang.MetaMethod.doMethodInvoke(MetaMethod.java:325)
	at groovy.lang.MetaClassImpl.invokeStaticMethod(MetaClassImpl.java:1469)
	at org.codehaus.groovy.runtime.callsite.StaticMetaClassSite.call(StaticMetaClassSite.java:53)
	at org.codehaus.groovy.runtime.callsite.AbstractCallSite.call(AbstractCallSite.java:133)
	at com.ct.qa.keywords.ShopVisitingScenariosKeywords.visitShopWith_DataVerification(ShopVisitingScenariosKeywords.groovy:451)
	at sun.reflect.NativeMethodAccessorImpl.invoke0(Native Method)
	at sun.reflect.NativeMethodAccessorImpl.invoke(NativeMethodAccessorImpl.java:62)
	at sun.reflect.DelegatingMethodAccessorImpl.invoke(DelegatingMethodAccessorImpl.java:43)
	at java.lang.reflect.Method.invoke(Method.java:498)
	at org.codehaus.groovy.reflection.CachedMethod.invoke(CachedMethod.java:93)
	at groovy.lang.MetaMethod.doMethodInvoke(MetaMethod.java:325)
	at groovy.lang.MetaClassImpl.invokeMethod(MetaClassImpl.java:1215)
	at groovy.lang.MetaClassImpl.invokeMethod(MetaClassImpl.java:1024)
	at groovy.lang.MetaClassImpl.invokeMethod(MetaClassImpl.java:812)
	at groovy.lang.DelegatingMetaClass.invokeMethod(DelegatingMetaClass.java:144)
	at com.ct.qa.keywords.ShopVisitingScenariosKeywords.invokeMethod(ShopVisitingScenariosKeywords.groovy)
	at com.kms.katalon.core.main.CustomKeywordDelegatingMetaClass.invokeStaticMethod(CustomKeywordDelegatingMetaClass.java:46)
	at org.codehaus.groovy.runtime.callsite.StaticMetaClassSite.call(StaticMetaClassSite.java:53)
	at org.codehaus.groovy.runtime.callsite.CallSiteArray.defaultCall(CallSiteArray.java:48)
	at org.codehaus.groovy.runtime.callsite.AbstractCallSite.call(AbstractCallSite.java:113)
	at org.codehaus.groovy.runtime.callsite.AbstractCallSite.call(AbstractCallSite.java:117)
	at Script1539252870661.run(Script1539252870661.groovy:39)
	at com.kms.katalon.core.main.ScriptEngine.run(ScriptEngine.java:183)
	at com.kms.katalon.core.main.ScriptEngine.runScriptAsRawText(ScriptEngine.java:108)
	at com.kms.katalon.core.main.TestCaseExecutor.runScript(TestCaseExecutor.java:294)
	at com.kms.katalon.core.main.TestCaseExecutor.doExecute(TestCaseExecutor.java:285)
	at com.kms.katalon.core.main.TestCaseExecutor.processExecutionPhase(TestCaseExecutor.java:264)
	at com.kms.katalon.core.main.TestCaseExecutor.accessMainPhase(TestCaseExecutor.java:256)
	at com.kms.katalon.core.main.TestCaseExecutor.execute(TestCaseExecutor.java:200)
	at com.kms.katalon.core.main.TestSuiteExecutor.accessTestCaseMainPhase(TestSuiteExecutor.java:129)
	at com.kms.katalon.core.main.TestSuiteExecutor.accessTestSuiteMainPhase(TestSuiteExecutor.java:112)
	at com.kms.katalon.core.main.TestSuiteExecutor.execute(TestSuiteExecutor.java:81)
	at com.kms.katalon.core.main.TestCaseMain.startTestSuite(TestCaseMain.java:142)
	at com.kms.katalon.core.main.TestCaseMain$startTestSuite$0.call(Unknown Source)
	at org.codehaus.groovy.runtime.callsite.CallSiteArray.defaultCall(CallSiteArray.java:48)
	at org.codehaus.groovy.runtime.callsite.AbstractCallSite.call(AbstractCallSite.java:113)
	at org.codehaus.groovy.runtime.callsite.AbstractCallSite.call(AbstractCallSite.java:141)
	at TempTestSuite1543837419088.run(TempTestSuite1543837419088.groovy:36)
	at groovy.lang.GroovyShell.runScriptOrMainOrTestOrRunnable(GroovyShell.java:263)
	at groovy.lang.GroovyShell.run(GroovyShell.java:518)
	at groovy.lang.GroovyShell.run(GroovyShell.java:507)
	at groovy.ui.GroovyMain.processOnce(GroovyMain.java:653)
	at groovy.ui.GroovyMain.run(GroovyMain.java:384)
	at groovy.ui.GroovyMain.process(GroovyMain.java:370)
	at groovy.ui.GroovyMain.processArgs(GroovyMain.java:129)
	at groovy.ui.GroovyMain.main(GroovyMain.java:109)
	at sun.reflect.NativeMethodAccessorImpl.invoke0(Native Method)
	at sun.reflect.NativeMethodAccessorImpl.invoke(NativeMethodAccessorImpl.java:62)
	at sun.reflect.DelegatingMethodAccessorImpl.invoke(DelegatingMethodAccessorImpl.java:43)
	at java.lang.reflect.Method.invoke(Method.java:498)
	at org.codehaus.groovy.tools.GroovyStarter.rootLoader(GroovyStarter.java:109)
	at org.codehaus.groovy.tools.GroovyStarter.main(GroovyStarter.java:131)
)]]></system-err>
      </testcase>
      <system-out><![CDATA[2018-12-03 16:43:41 - [TEST_SUITE][FAILED] - MMA Merchandising With Channel Wise Data Verification: Test Cases/VisitShopScenarios/VisitShopsWithDataVerification FAILED because (of) (Stack trace: com.kms.katalon.core.exception.StepFailedException: Failed to tap on element 'Object Repository/CommonScreenElements/DoneButton' (Root cause: Object Object Repository/CommonScreenElements/DoneButton not found)
	at com.kms.katalon.core.keyword.internal.KeywordMain.stepFailed(KeywordMain.groovy:36)
	at com.kms.katalon.core.mobile.keyword.internal.MobileKeywordMain.stepFailed(MobileKeywordMain.groovy:40)
	at com.kms.katalon.core.mobile.keyword.internal.MobileKeywordMain.runKeyword(MobileKeywordMain.groovy:23)
	at com.kms.katalon.core.mobile.keyword.builtin.TapKeyword.tap(TapKeyword.groovy:83)
	at com.kms.katalon.core.mobile.keyword.builtin.TapKeyword.execute(TapKeyword.groovy:66)
	at com.kms.katalon.core.keyword.internal.KeywordExecutor.executeKeywordForPlatform(KeywordExecutor.groovy:53)
	at com.kms.katalon.core.mobile.keyword.MobileBuiltInKeywords.tap(MobileBuiltInKeywords.groovy:485)
	at com.kms.katalon.core.mobile.keyword.MobileBuiltInKeywords$tap$4.call(Unknown Source)
	at com.ct.qa.keywords.CommonKeywords.visitPictureImageViewButton(CommonKeywords.groovy:73)
	at sun.reflect.NativeMethodAccessorImpl.invoke0(Native Method)
	at sun.reflect.NativeMethodAccessorImpl.invoke(NativeMethodAccessorImpl.java:62)
	at sun.reflect.DelegatingMethodAccessorImpl.invoke(DelegatingMethodAccessorImpl.java:43)
	at java.lang.reflect.Method.invoke(Method.java:498)
	at org.codehaus.groovy.reflection.CachedMethod.invoke(CachedMethod.java:93)
	at groovy.lang.MetaMethod.doMethodInvoke(MetaMethod.java:325)
	at groovy.lang.MetaClassImpl.invokeMethod(MetaClassImpl.java:1215)
	at groovy.lang.MetaClassImpl.invokeMethod(MetaClassImpl.java:1024)
	at groovy.lang.MetaClassImpl.invokeMethod(MetaClassImpl.java:812)
	at groovy.lang.DelegatingMetaClass.invokeMethod(DelegatingMetaClass.java:144)
	at com.ct.qa.keywords.CommonKeywords.invokeMethod(CommonKeywords.groovy)
	at com.kms.katalon.core.main.CustomKeywordDelegatingMetaClass.invokeStaticMethod(CustomKeywordDelegatingMetaClass.java:46)
	at org.codehaus.groovy.runtime.callsite.StaticMetaClassSite.call(StaticMetaClassSite.java:53)
	at org.codehaus.groovy.runtime.callsite.AbstractCallSite.call(AbstractCallSite.java:117)
	at Script1531225848182.run(Script1531225848182.groovy:50)
	at com.kms.katalon.core.main.ScriptEngine.run(ScriptEngine.java:183)
	at com.kms.katalon.core.main.ScriptEngine.runScriptAsRawText(ScriptEngine.java:108)
	at com.kms.katalon.core.main.TestCaseExecutor.runScript(TestCaseExecutor.java:294)
	at com.kms.katalon.core.main.TestCaseExecutor.doExecute(TestCaseExecutor.java:285)
	at com.kms.katalon.core.main.TestCaseExecutor.processExecutionPhase(TestCaseExecutor.java:264)
	at com.kms.katalon.core.main.TestCaseExecutor.accessMainPhase(TestCaseExecutor.java:256)
	at com.kms.katalon.core.main.TestCaseExecutor.execute(TestCaseExecutor.java:200)
	at com.kms.katalon.core.main.TestCaseMain.runTestCase(TestCaseMain.java:99)
	at com.kms.katalon.core.keyword.builtin.CallTestCaseKeyword$_callTestCase_closure1.doCall(CallTestCaseKeyword.groovy:60)
	at com.kms.katalon.core.keyword.builtin.CallTestCaseKeyword$_callTestCase_closure1.call(CallTestCaseKeyword.groovy)
	at com.kms.katalon.core.keyword.internal.KeywordMain.runKeyword(KeywordMain.groovy:54)
	at com.kms.katalon.core.keyword.builtin.CallTestCaseKeyword.callTestCase(CallTestCaseKeyword.groovy:81)
	at com.kms.katalon.core.keyword.builtin.CallTestCaseKeyword.execute(CallTestCaseKeyword.groovy:45)
	at com.kms.katalon.core.keyword.internal.KeywordExecutor.executeKeywordForPlatform(KeywordExecutor.groovy:53)
	at com.kms.katalon.core.keyword.BuiltinKeywords.callTestCase(BuiltinKeywords.groovy:350)
	at sun.reflect.GeneratedMethodAccessor22.invoke(Unknown Source)
	at sun.reflect.DelegatingMethodAccessorImpl.invoke(DelegatingMethodAccessorImpl.java:43)
	at java.lang.reflect.Method.invoke(Method.java:498)
	at org.codehaus.groovy.reflection.CachedMethod.invoke(CachedMethod.java:93)
	at groovy.lang.MetaMethod.doMethodInvoke(MetaMethod.java:325)
	at groovy.lang.MetaClassImpl.invokeStaticMethod(MetaClassImpl.java:1469)
	at org.codehaus.groovy.runtime.callsite.StaticMetaClassSite.call(StaticMetaClassSite.java:53)
	at org.codehaus.groovy.runtime.callsite.AbstractCallSite.call(AbstractCallSite.java:133)
	at com.ct.qa.keywords.CategoryVisitingScenariosKeywords.visitShopCategoriesWithDataVerification(CategoryVisitingScenariosKeywords.groovy:87)
	at sun.reflect.NativeMethodAccessorImpl.invoke0(Native Method)
	at sun.reflect.NativeMethodAccessorImpl.invoke(NativeMethodAccessorImpl.java:62)
	at sun.reflect.DelegatingMethodAccessorImpl.invoke(DelegatingMethodAccessorImpl.java:43)
	at java.lang.reflect.Method.invoke(Method.java:498)
	at org.codehaus.groovy.reflection.CachedMethod.invoke(CachedMethod.java:93)
	at groovy.lang.MetaMethod.doMethodInvoke(MetaMethod.java:325)
	at groovy.lang.MetaClassImpl.invokeMethod(MetaClassImpl.java:1215)
	at groovy.lang.MetaClassImpl.invokeMethod(MetaClassImpl.java:1024)
	at groovy.lang.MetaClassImpl.invokeMethod(MetaClassImpl.java:812)
	at groovy.lang.DelegatingMetaClass.invokeMethod(DelegatingMetaClass.java:144)
	at com.ct.qa.keywords.CategoryVisitingScenariosKeywords.invokeMethod(CategoryVisitingScenariosKeywords.groovy)
	at com.kms.katalon.core.main.CustomKeywordDelegatingMetaClass.invokeStaticMethod(CustomKeywordDelegatingMetaClass.java:46)
	at org.codehaus.groovy.runtime.callsite.StaticMetaClassSite.call(StaticMetaClassSite.java:53)
	at org.codehaus.groovy.runtime.callsite.AbstractCallSite.call(AbstractCallSite.java:117)
	at Script1533013695676.run(Script1533013695676.groovy:28)
	at com.kms.katalon.core.main.ScriptEngine.run(ScriptEngine.java:183)
	at com.kms.katalon.core.main.ScriptEngine.runScriptAsRawText(ScriptEngine.java:108)
	at com.kms.katalon.core.main.TestCaseExecutor.runScript(TestCaseExecutor.java:294)
	at com.kms.katalon.core.main.TestCaseExecutor.doExecute(TestCaseExecutor.java:285)
	at com.kms.katalon.core.main.TestCaseExecutor.processExecutionPhase(TestCaseExecutor.java:264)
	at com.kms.katalon.core.main.TestCaseExecutor.accessMainPhase(TestCaseExecutor.java:256)
	at com.kms.katalon.core.main.TestCaseExecutor.execute(TestCaseExecutor.java:200)
	at com.kms.katalon.core.main.TestCaseMain.runTestCase(TestCaseMain.java:99)
	at com.kms.katalon.core.keyword.builtin.CallTestCaseKeyword$_callTestCase_closure1.doCall(CallTestCaseKeyword.groovy:60)
	at com.kms.katalon.core.keyword.builtin.CallTestCaseKeyword$_callTestCase_closure1.call(CallTestCaseKeyword.groovy)
	at com.kms.katalon.core.keyword.internal.KeywordMain.runKeyword(KeywordMain.groovy:54)
	at com.kms.katalon.core.keyword.builtin.CallTestCaseKeyword.callTestCase(CallTestCaseKeyword.groovy:81)
	at com.kms.katalon.core.keyword.builtin.CallTestCaseKeyword.execute(CallTestCaseKeyword.groovy:45)
	at com.kms.katalon.core.keyword.internal.KeywordExecutor.executeKeywordForPlatform(KeywordExecutor.groovy:53)
	at com.kms.katalon.core.keyword.BuiltinKeywords.callTestCase(BuiltinKeywords.groovy:350)
	at sun.reflect.GeneratedMethodAccessor22.invoke(Unknown Source)
	at sun.reflect.DelegatingMethodAccessorImpl.invoke(DelegatingMethodAccessorImpl.java:43)
	at java.lang.reflect.Method.invoke(Method.java:498)
	at org.codehaus.groovy.reflection.CachedMethod.invoke(CachedMethod.java:93)
	at groovy.lang.MetaMethod.doMethodInvoke(MetaMethod.java:325)
	at groovy.lang.MetaClassImpl.invokeStaticMethod(MetaClassImpl.java:1469)
	at org.codehaus.groovy.runtime.callsite.StaticMetaClassSite.call(StaticMetaClassSite.java:53)
	at org.codehaus.groovy.runtime.callsite.AbstractCallSite.call(AbstractCallSite.java:133)
	at com.ct.qa.keywords.ShopVisitingScenariosKeywords.visitShopWith_DataVerification(ShopVisitingScenariosKeywords.groovy:451)
	at sun.reflect.NativeMethodAccessorImpl.invoke0(Native Method)
	at sun.reflect.NativeMethodAccessorImpl.invoke(NativeMethodAccessorImpl.java:62)
	at sun.reflect.DelegatingMethodAccessorImpl.invoke(DelegatingMethodAccessorImpl.java:43)
	at java.lang.reflect.Method.invoke(Method.java:498)
	at org.codehaus.groovy.reflection.CachedMethod.invoke(CachedMethod.java:93)
	at groovy.lang.MetaMethod.doMethodInvoke(MetaMethod.java:325)
	at groovy.lang.MetaClassImpl.invokeMethod(MetaClassImpl.java:1215)
	at groovy.lang.MetaClassImpl.invokeMethod(MetaClassImpl.java:1024)
	at groovy.lang.MetaClassImpl.invokeMethod(MetaClassImpl.java:812)
	at groovy.lang.DelegatingMetaClass.invokeMethod(DelegatingMetaClass.java:144)
	at com.ct.qa.keywords.ShopVisitingScenariosKeywords.invokeMethod(ShopVisitingScenariosKeywords.groovy)
	at com.kms.katalon.core.main.CustomKeywordDelegatingMetaClass.invokeStaticMethod(CustomKeywordDelegatingMetaClass.java:46)
	at org.codehaus.groovy.runtime.callsite.StaticMetaClassSite.call(StaticMetaClassSite.java:53)
	at org.codehaus.groovy.runtime.callsite.CallSiteArray.defaultCall(CallSiteArray.java:48)
	at org.codehaus.groovy.runtime.callsite.AbstractCallSite.call(AbstractCallSite.java:113)
	at org.codehaus.groovy.runtime.callsite.AbstractCallSite.call(AbstractCallSite.java:117)
	at Script1539252870661.run(Script1539252870661.groovy:39)
	at com.kms.katalon.core.main.ScriptEngine.run(ScriptEngine.java:183)
	at com.kms.katalon.core.main.ScriptEngine.runScriptAsRawText(ScriptEngine.java:108)
	at com.kms.katalon.core.main.TestCaseExecutor.runScript(TestCaseExecutor.java:294)
	at com.kms.katalon.core.main.TestCaseExecutor.doExecute(TestCaseExecutor.java:285)
	at com.kms.katalon.core.main.TestCaseExecutor.processExecutionPhase(TestCaseExecutor.java:264)
	at com.kms.katalon.core.main.TestCaseExecutor.accessMainPhase(TestCaseExecutor.java:256)
	at com.kms.katalon.core.main.TestCaseExecutor.execute(TestCaseExecutor.java:200)
	at com.kms.katalon.core.main.TestSuiteExecutor.accessTestCaseMainPhase(TestSuiteExecutor.java:129)
	at com.kms.katalon.core.main.TestSuiteExecutor.accessTestSuiteMainPhase(TestSuiteExecutor.java:112)
	at com.kms.katalon.core.main.TestSuiteExecutor.execute(TestSuiteExecutor.java:81)
	at com.kms.katalon.core.main.TestCaseMain.startTestSuite(TestCaseMain.java:142)
	at com.kms.katalon.core.main.TestCaseMain$startTestSuite$0.call(Unknown Source)
	at org.codehaus.groovy.runtime.callsite.CallSiteArray.defaultCall(CallSiteArray.java:48)
	at org.codehaus.groovy.runtime.callsite.AbstractCallSite.call(AbstractCallSite.java:113)
	at org.codehaus.groovy.runtime.callsite.AbstractCallSite.call(AbstractCallSite.java:141)
	at TempTestSuite1543837419088.run(TempTestSuite1543837419088.groovy:36)
	at groovy.lang.GroovyShell.runScriptOrMainOrTestOrRunnable(GroovyShell.java:263)
	at groovy.lang.GroovyShell.run(GroovyShell.java:518)
	at groovy.lang.GroovyShell.run(GroovyShell.java:507)
	at groovy.ui.GroovyMain.processOnce(GroovyMain.java:653)
	at groovy.ui.GroovyMain.run(GroovyMain.java:384)
	at groovy.ui.GroovyMain.process(GroovyMain.java:370)
	at groovy.ui.GroovyMain.processArgs(GroovyMain.java:129)
	at groovy.ui.GroovyMain.main(GroovyMain.java:109)
	at sun.reflect.NativeMethodAccessorImpl.invoke0(Native Method)
	at sun.reflect.NativeMethodAccessorImpl.invoke(NativeMethodAccessorImpl.java:62)
	at sun.reflect.DelegatingMethodAccessorImpl.invoke(DelegatingMethodAccessorImpl.java:43)
	at java.lang.reflect.Method.invoke(Method.java:498)
	at org.codehaus.groovy.tools.GroovyStarter.rootLoader(GroovyStarter.java:109)
	at org.codehaus.groovy.tools.GroovyStarter.main(GroovyStarter.java:131)
)]]></system-out>
      <system-err><![CDATA[2018-12-03 16:43:41 - [TEST_SUITE][FAILED] - MMA Merchandising With Channel Wise Data Verification: Test Cases/VisitShopScenarios/VisitShopsWithDataVerification FAILED because (of) (Stack trace: com.kms.katalon.core.exception.StepFailedException: Failed to tap on element 'Object Repository/CommonScreenElements/DoneButton' (Root cause: Object Object Repository/CommonScreenElements/DoneButton not found)
	at com.kms.katalon.core.keyword.internal.KeywordMain.stepFailed(KeywordMain.groovy:36)
	at com.kms.katalon.core.mobile.keyword.internal.MobileKeywordMain.stepFailed(MobileKeywordMain.groovy:40)
	at com.kms.katalon.core.mobile.keyword.internal.MobileKeywordMain.runKeyword(MobileKeywordMain.groovy:23)
	at com.kms.katalon.core.mobile.keyword.builtin.TapKeyword.tap(TapKeyword.groovy:83)
	at com.kms.katalon.core.mobile.keyword.builtin.TapKeyword.execute(TapKeyword.groovy:66)
	at com.kms.katalon.core.keyword.internal.KeywordExecutor.executeKeywordForPlatform(KeywordExecutor.groovy:53)
	at com.kms.katalon.core.mobile.keyword.MobileBuiltInKeywords.tap(MobileBuiltInKeywords.groovy:485)
	at com.kms.katalon.core.mobile.keyword.MobileBuiltInKeywords$tap$4.call(Unknown Source)
	at com.ct.qa.keywords.CommonKeywords.visitPictureImageViewButton(CommonKeywords.groovy:73)
	at sun.reflect.NativeMethodAccessorImpl.invoke0(Native Method)
	at sun.reflect.NativeMethodAccessorImpl.invoke(NativeMethodAccessorImpl.java:62)
	at sun.reflect.DelegatingMethodAccessorImpl.invoke(DelegatingMethodAccessorImpl.java:43)
	at java.lang.reflect.Method.invoke(Method.java:498)
	at org.codehaus.groovy.reflection.CachedMethod.invoke(CachedMethod.java:93)
	at groovy.lang.MetaMethod.doMethodInvoke(MetaMethod.java:325)
	at groovy.lang.MetaClassImpl.invokeMethod(MetaClassImpl.java:1215)
	at groovy.lang.MetaClassImpl.invokeMethod(MetaClassImpl.java:1024)
	at groovy.lang.MetaClassImpl.invokeMethod(MetaClassImpl.java:812)
	at groovy.lang.DelegatingMetaClass.invokeMethod(DelegatingMetaClass.java:144)
	at com.ct.qa.keywords.CommonKeywords.invokeMethod(CommonKeywords.groovy)
	at com.kms.katalon.core.main.CustomKeywordDelegatingMetaClass.invokeStaticMethod(CustomKeywordDelegatingMetaClass.java:46)
	at org.codehaus.groovy.runtime.callsite.StaticMetaClassSite.call(StaticMetaClassSite.java:53)
	at org.codehaus.groovy.runtime.callsite.AbstractCallSite.call(AbstractCallSite.java:117)
	at Script1531225848182.run(Script1531225848182.groovy:50)
	at com.kms.katalon.core.main.ScriptEngine.run(ScriptEngine.java:183)
	at com.kms.katalon.core.main.ScriptEngine.runScriptAsRawText(ScriptEngine.java:108)
	at com.kms.katalon.core.main.TestCaseExecutor.runScript(TestCaseExecutor.java:294)
	at com.kms.katalon.core.main.TestCaseExecutor.doExecute(TestCaseExecutor.java:285)
	at com.kms.katalon.core.main.TestCaseExecutor.processExecutionPhase(TestCaseExecutor.java:264)
	at com.kms.katalon.core.main.TestCaseExecutor.accessMainPhase(TestCaseExecutor.java:256)
	at com.kms.katalon.core.main.TestCaseExecutor.execute(TestCaseExecutor.java:200)
	at com.kms.katalon.core.main.TestCaseMain.runTestCase(TestCaseMain.java:99)
	at com.kms.katalon.core.keyword.builtin.CallTestCaseKeyword$_callTestCase_closure1.doCall(CallTestCaseKeyword.groovy:60)
	at com.kms.katalon.core.keyword.builtin.CallTestCaseKeyword$_callTestCase_closure1.call(CallTestCaseKeyword.groovy)
	at com.kms.katalon.core.keyword.internal.KeywordMain.runKeyword(KeywordMain.groovy:54)
	at com.kms.katalon.core.keyword.builtin.CallTestCaseKeyword.callTestCase(CallTestCaseKeyword.groovy:81)
	at com.kms.katalon.core.keyword.builtin.CallTestCaseKeyword.execute(CallTestCaseKeyword.groovy:45)
	at com.kms.katalon.core.keyword.internal.KeywordExecutor.executeKeywordForPlatform(KeywordExecutor.groovy:53)
	at com.kms.katalon.core.keyword.BuiltinKeywords.callTestCase(BuiltinKeywords.groovy:350)
	at sun.reflect.GeneratedMethodAccessor22.invoke(Unknown Source)
	at sun.reflect.DelegatingMethodAccessorImpl.invoke(DelegatingMethodAccessorImpl.java:43)
	at java.lang.reflect.Method.invoke(Method.java:498)
	at org.codehaus.groovy.reflection.CachedMethod.invoke(CachedMethod.java:93)
	at groovy.lang.MetaMethod.doMethodInvoke(MetaMethod.java:325)
	at groovy.lang.MetaClassImpl.invokeStaticMethod(MetaClassImpl.java:1469)
	at org.codehaus.groovy.runtime.callsite.StaticMetaClassSite.call(StaticMetaClassSite.java:53)
	at org.codehaus.groovy.runtime.callsite.AbstractCallSite.call(AbstractCallSite.java:133)
	at com.ct.qa.keywords.CategoryVisitingScenariosKeywords.visitShopCategoriesWithDataVerification(CategoryVisitingScenariosKeywords.groovy:87)
	at sun.reflect.NativeMethodAccessorImpl.invoke0(Native Method)
	at sun.reflect.NativeMethodAccessorImpl.invoke(NativeMethodAccessorImpl.java:62)
	at sun.reflect.DelegatingMethodAccessorImpl.invoke(DelegatingMethodAccessorImpl.java:43)
	at java.lang.reflect.Method.invoke(Method.java:498)
	at org.codehaus.groovy.reflection.CachedMethod.invoke(CachedMethod.java:93)
	at groovy.lang.MetaMethod.doMethodInvoke(MetaMethod.java:325)
	at groovy.lang.MetaClassImpl.invokeMethod(MetaClassImpl.java:1215)
	at groovy.lang.MetaClassImpl.invokeMethod(MetaClassImpl.java:1024)
	at groovy.lang.MetaClassImpl.invokeMethod(MetaClassImpl.java:812)
	at groovy.lang.DelegatingMetaClass.invokeMethod(DelegatingMetaClass.java:144)
	at com.ct.qa.keywords.CategoryVisitingScenariosKeywords.invokeMethod(CategoryVisitingScenariosKeywords.groovy)
	at com.kms.katalon.core.main.CustomKeywordDelegatingMetaClass.invokeStaticMethod(CustomKeywordDelegatingMetaClass.java:46)
	at org.codehaus.groovy.runtime.callsite.StaticMetaClassSite.call(StaticMetaClassSite.java:53)
	at org.codehaus.groovy.runtime.callsite.AbstractCallSite.call(AbstractCallSite.java:117)
	at Script1533013695676.run(Script1533013695676.groovy:28)
	at com.kms.katalon.core.main.ScriptEngine.run(ScriptEngine.java:183)
	at com.kms.katalon.core.main.ScriptEngine.runScriptAsRawText(ScriptEngine.java:108)
	at com.kms.katalon.core.main.TestCaseExecutor.runScript(TestCaseExecutor.java:294)
	at com.kms.katalon.core.main.TestCaseExecutor.doExecute(TestCaseExecutor.java:285)
	at com.kms.katalon.core.main.TestCaseExecutor.processExecutionPhase(TestCaseExecutor.java:264)
	at com.kms.katalon.core.main.TestCaseExecutor.accessMainPhase(TestCaseExecutor.java:256)
	at com.kms.katalon.core.main.TestCaseExecutor.execute(TestCaseExecutor.java:200)
	at com.kms.katalon.core.main.TestCaseMain.runTestCase(TestCaseMain.java:99)
	at com.kms.katalon.core.keyword.builtin.CallTestCaseKeyword$_callTestCase_closure1.doCall(CallTestCaseKeyword.groovy:60)
	at com.kms.katalon.core.keyword.builtin.CallTestCaseKeyword$_callTestCase_closure1.call(CallTestCaseKeyword.groovy)
	at com.kms.katalon.core.keyword.internal.KeywordMain.runKeyword(KeywordMain.groovy:54)
	at com.kms.katalon.core.keyword.builtin.CallTestCaseKeyword.callTestCase(CallTestCaseKeyword.groovy:81)
	at com.kms.katalon.core.keyword.builtin.CallTestCaseKeyword.execute(CallTestCaseKeyword.groovy:45)
	at com.kms.katalon.core.keyword.internal.KeywordExecutor.executeKeywordForPlatform(KeywordExecutor.groovy:53)
	at com.kms.katalon.core.keyword.BuiltinKeywords.callTestCase(BuiltinKeywords.groovy:350)
	at sun.reflect.GeneratedMethodAccessor22.invoke(Unknown Source)
	at sun.reflect.DelegatingMethodAccessorImpl.invoke(DelegatingMethodAccessorImpl.java:43)
	at java.lang.reflect.Method.invoke(Method.java:498)
	at org.codehaus.groovy.reflection.CachedMethod.invoke(CachedMethod.java:93)
	at groovy.lang.MetaMethod.doMethodInvoke(MetaMethod.java:325)
	at groovy.lang.MetaClassImpl.invokeStaticMethod(MetaClassImpl.java:1469)
	at org.codehaus.groovy.runtime.callsite.StaticMetaClassSite.call(StaticMetaClassSite.java:53)
	at org.codehaus.groovy.runtime.callsite.AbstractCallSite.call(AbstractCallSite.java:133)
	at com.ct.qa.keywords.ShopVisitingScenariosKeywords.visitShopWith_DataVerification(ShopVisitingScenariosKeywords.groovy:451)
	at sun.reflect.NativeMethodAccessorImpl.invoke0(Native Method)
	at sun.reflect.NativeMethodAccessorImpl.invoke(NativeMethodAccessorImpl.java:62)
	at sun.reflect.DelegatingMethodAccessorImpl.invoke(DelegatingMethodAccessorImpl.java:43)
	at java.lang.reflect.Method.invoke(Method.java:498)
	at org.codehaus.groovy.reflection.CachedMethod.invoke(CachedMethod.java:93)
	at groovy.lang.MetaMethod.doMethodInvoke(MetaMethod.java:325)
	at groovy.lang.MetaClassImpl.invokeMethod(MetaClassImpl.java:1215)
	at groovy.lang.MetaClassImpl.invokeMethod(MetaClassImpl.java:1024)
	at groovy.lang.MetaClassImpl.invokeMethod(MetaClassImpl.java:812)
	at groovy.lang.DelegatingMetaClass.invokeMethod(DelegatingMetaClass.java:144)
	at com.ct.qa.keywords.ShopVisitingScenariosKeywords.invokeMethod(ShopVisitingScenariosKeywords.groovy)
	at com.kms.katalon.core.main.CustomKeywordDelegatingMetaClass.invokeStaticMethod(CustomKeywordDelegatingMetaClass.java:46)
	at org.codehaus.groovy.runtime.callsite.StaticMetaClassSite.call(StaticMetaClassSite.java:53)
	at org.codehaus.groovy.runtime.callsite.CallSiteArray.defaultCall(CallSiteArray.java:48)
	at org.codehaus.groovy.runtime.callsite.AbstractCallSite.call(AbstractCallSite.java:113)
	at org.codehaus.groovy.runtime.callsite.AbstractCallSite.call(AbstractCallSite.java:117)
	at Script1539252870661.run(Script1539252870661.groovy:39)
	at com.kms.katalon.core.main.ScriptEngine.run(ScriptEngine.java:183)
	at com.kms.katalon.core.main.ScriptEngine.runScriptAsRawText(ScriptEngine.java:108)
	at com.kms.katalon.core.main.TestCaseExecutor.runScript(TestCaseExecutor.java:294)
	at com.kms.katalon.core.main.TestCaseExecutor.doExecute(TestCaseExecutor.java:285)
	at com.kms.katalon.core.main.TestCaseExecutor.processExecutionPhase(TestCaseExecutor.java:264)
	at com.kms.katalon.core.main.TestCaseExecutor.accessMainPhase(TestCaseExecutor.java:256)
	at com.kms.katalon.core.main.TestCaseExecutor.execute(TestCaseExecutor.java:200)
	at com.kms.katalon.core.main.TestSuiteExecutor.accessTestCaseMainPhase(TestSuiteExecutor.java:129)
	at com.kms.katalon.core.main.TestSuiteExecutor.accessTestSuiteMainPhase(TestSuiteExecutor.java:112)
	at com.kms.katalon.core.main.TestSuiteExecutor.execute(TestSuiteExecutor.java:81)
	at com.kms.katalon.core.main.TestCaseMain.startTestSuite(TestCaseMain.java:142)
	at com.kms.katalon.core.main.TestCaseMain$startTestSuite$0.call(Unknown Source)
	at org.codehaus.groovy.runtime.callsite.CallSiteArray.defaultCall(CallSiteArray.java:48)
	at org.codehaus.groovy.runtime.callsite.AbstractCallSite.call(AbstractCallSite.java:113)
	at org.codehaus.groovy.runtime.callsite.AbstractCallSite.call(AbstractCallSite.java:141)
	at TempTestSuite1543837419088.run(TempTestSuite1543837419088.groovy:36)
	at groovy.lang.GroovyShell.runScriptOrMainOrTestOrRunnable(GroovyShell.java:263)
	at groovy.lang.GroovyShell.run(GroovyShell.java:518)
	at groovy.lang.GroovyShell.run(GroovyShell.java:507)
	at groovy.ui.GroovyMain.processOnce(GroovyMain.java:653)
	at groovy.ui.GroovyMain.run(GroovyMain.java:384)
	at groovy.ui.GroovyMain.process(GroovyMain.java:370)
	at groovy.ui.GroovyMain.processArgs(GroovyMain.java:129)
	at groovy.ui.GroovyMain.main(GroovyMain.java:109)
	at sun.reflect.NativeMethodAccessorImpl.invoke0(Native Method)
	at sun.reflect.NativeMethodAccessorImpl.invoke(NativeMethodAccessorImpl.java:62)
	at sun.reflect.DelegatingMethodAccessorImpl.invoke(DelegatingMethodAccessorImpl.java:43)
	at java.lang.reflect.Method.invoke(Method.java:498)
	at org.codehaus.groovy.tools.GroovyStarter.rootLoader(GroovyStarter.java:109)
	at org.codehaus.groovy.tools.GroovyStarter.main(GroovyStarter.java:131)
)]]></system-err>
   </testsuite>
</testsuites>
