<?xml version="1.0" encoding="UTF-8"?>
<testsuites name="MMA Plus Merchandising" time="716" tests="1" failures="0" errors="1">
   <testsuite name="MMA Plus Merchandising" tests="1" failures="0" errors="1" time="716" timestamp="2018-07-24 18:02:57" hostname="Fahad Shah - DESKTOP-L12UUAD" id="Test Suites/MMA Plus Merchandising">
      <properties>
         <property name="deviceName" value="samsung SM-J110H (Android 4.4.4)"/>
         <property name="devicePlatform" value=""/>
         <property name="logFolder" value="F:\\Git Projects\\MMAPlus_Merchandising\\MMAPlus_Merchandising\\Reports\\MMA Plus Merchandising\\20180724_180255"/>
         <property name="logFiles" value="F:\\Git Projects\\MMAPlus_Merchandising\\MMAPlus_Merchandising\\Reports\\MMA Plus Merchandising\\20180724_180255\\appium.log, F:\\Git Projects\\MMAPlus_Merchandising\\MMAPlus_Merchandising\\Reports\\MMA Plus Merchandising\\20180724_180255\\execution0.log"/>
         <property name="attachments" value="F:\\Git Projects\\MMAPlus_Merchandising\\MMAPlus_Merchandising\\Reports\\MMA Plus Merchandising\\20180724_180255\\1532437631946.png, F:\\Git Projects\\MMAPlus_Merchandising\\MMAPlus_Merchandising\\Reports\\MMA Plus Merchandising\\20180724_180255\\1532437779659.png, F:\\Git Projects\\MMAPlus_Merchandising\\MMAPlus_Merchandising\\Reports\\MMA Plus Merchandising\\20180724_180255\\1532437869975.png, F:\\Git Projects\\MMAPlus_Merchandising\\MMAPlus_Merchandising\\Reports\\MMA Plus Merchandising\\20180724_180255\\1532437985188.png, F:\\Git Projects\\MMAPlus_Merchandising\\MMAPlus_Merchandising\\Reports\\MMA Plus Merchandising\\20180724_180255\\1532438045759.png"/>
         <property name="hostName" value="Fahad Shah - DESKTOP-L12UUAD"/>
         <property name="os" value="Windows 10 64bit"/>
         <property name="katalonVersion" value="5.5.0.1"/>
         <property name="deviceOS" value="Android"/>
         <property name="appiumVersion" value="1.8.1"/>
         <property name="deviceModel" value="SM-J110H"/>
         <property name="hostAddress" value="192.168.3.191"/>
         <property name="deviceManufacturer" value="samsung"/>
         <property name="deviceId" value="11015a1136d0b24a"/>
         <property name="deviceName" value="samsung SM-J110H (Android 4.4.4)"/>
         <property name="deviceOSVersion" value="4.4.4"/>
      </properties>
      <testcase name="Test Cases/LaunchingApp/LaunchApp" classname="Test Cases/LaunchingApp/LaunchApp" status="PASSED">
         <system-out><![CDATA[2018-07-24 18:02:57 - [TEST_CASE][PASSED] - Test Cases/LaunchingApp/LaunchApp: Test Cases/LaunchingApp/LaunchApp

2018-07-24 18:02:58 - [TEST_STEP][PASSED] - startApplication: Started app at: 'F:\QA_Automation\Builds\MMAPlus_Sup_v147_0304_live.apk'

2018-07-24 18:03:15 - [MESSAGE][PASSED] - Started app at: 'F:\QA_Automation\Builds\MMAPlus_Sup_v147_0304_live.apk'

2018-07-24 18:03:15 - [TEST_STEP][PASSED] - delay: Delayed 5 second(s)

2018-07-24 18:03:20 - [MESSAGE][PASSED] - Delayed 5 second(s)]]></system-out>
         <system-err><![CDATA[]]></system-err>
      </testcase>
      <testcase name="Test Cases/Shop/VisitShop" classname="Test Cases/Shop/VisitShop" status="ERROR">
         <error type="ERROR" message="Test Cases/Shop/VisitShop FAILED because (of) Main Category: Juices
Product Category: Juices
displayed products are less than to expected products..."/>
         <system-out><![CDATA[2018-07-24 18:03:20 - [TEST_CASE][ERROR] - Test Cases/Shop/VisitShop: Test Cases/Shop/VisitShop FAILED because (of) Main Category: Juices
Product Category: Juices
displayed products are less than to expected products...

2018-07-24 18:03:20 - [TEST_STEP][PASSED] - verifyElementText: Actual text and expected text of test object 'Object Repository/DashboardScreenElements/Validate_DashboardScreen' are matched.

2018-07-24 18:03:30 - [MESSAGE][PASSED] - Actual text and expected text of test object 'Object Repository/DashboardScreenElements/Validate_DashboardScreen' are matched.

2018-07-24 18:03:30 - [TEST_STEP][PASSED] - com.ct.qa.keywords.CommonKeywords.selectday: com.ct.qa.keywords.CommonKeywords.selectday is PASSED

2018-07-24 18:03:33 - [MESSAGE][PASSED] - com.ct.qa.keywords.CommonKeywords.selectday is PASSED

2018-07-24 18:03:33 - [TEST_STEP][PASSED] - tap: Tapped on element 'Object Repository/DashboardScreenElements/StartYourDay'

2018-07-24 18:03:33 - [MESSAGE][WARNING] - Timeout '0' is invalid. Using default page load timeout: '15'

2018-07-24 18:03:33 - [MESSAGE][PASSED] - Tapped on element 'Object Repository/DashboardScreenElements/StartYourDay'

2018-07-24 18:03:33 - [TEST_STEP][PASSED] - verifyElementText: Actual text and expected text of test object 'Object Repository/Validate_ShopListScreen' are matched.

2018-07-24 18:03:35 - [MESSAGE][PASSED] - Actual text and expected text of test object 'Object Repository/Validate_ShopListScreen' are matched.

2018-07-24 18:03:35 - [TEST_STEP][ERROR] - com.ct.qa.keywords.VisitingScenariosKeywords.visitShop: Main Category: Juices
Product Category: Juices
displayed products are less than to expected products...

2018-07-24 18:03:39 - [MESSAGE][PASSED] - Actual text and expected text of test object 'Object Repository/Validate_ShopOptionsScreen' are matched.

2018-07-24 18:03:39 - [MESSAGE][WARNING] - Timeout '0' is invalid. Using default page load timeout: '15'

2018-07-24 18:03:39 - [MESSAGE][PASSED] - Tapped on element 'Object Repository/StartWorking'

2018-07-24 18:03:54 - [MESSAGE][PASSED] - Delayed 15 second(s)

2018-07-24 18:03:56 - [MESSAGE][PASSED] - Element 'Object Repository/CommonScreenElements/Validate_MapScreen' is exist

2018-07-24 18:03:56 - [MESSAGE][WARNING] - Timeout '0' is invalid. Using default page load timeout: '15'

2018-07-24 18:03:56 - [MESSAGE][PASSED] - Tapped on element 'Object Repository/CommonScreenElements/Location_CheckIn'

2018-07-24 18:03:56 - [MESSAGE][WARNING] - Timeout '0' is invalid. Using default page load timeout: '15'

2018-07-24 18:03:57 - [MESSAGE][PASSED] - Element 'Object Repository/CommonScreenElements/Validate_InfoPopUP' is exist

2018-07-24 18:03:57 - [MESSAGE][WARNING] - Timeout '0' is invalid. Using default page load timeout: '15'

2018-07-24 18:03:58 - [MESSAGE][PASSED] - Tapped on element 'Object Repository/CommonScreenElements/InfoPopUp_NoButton'

2018-07-24 18:03:58 - [TEST_CASE][PASSED] - Test Cases/ShopOpen/VisitShopOpen: Test Cases/ShopOpen/VisitShopOpen

2018-07-24 18:03:58 - [TEST_STEP][PASSED] - verifyElementExist: Element 'Object Repository/ShopActions_List' is exist

2018-07-24 18:03:58 - [MESSAGE][WARNING] - Timeout '0' is invalid. Using default page load timeout: '15'

2018-07-24 18:03:59 - [MESSAGE][PASSED] - Element 'Object Repository/ShopActions_List' is exist

2018-07-24 18:03:59 - [TEST_STEP][PASSED] - tap: Tapped on element 'Object Repository/ShopOpen/ShopOpen'

2018-07-24 18:03:59 - [MESSAGE][WARNING] - Timeout '0' is invalid. Using default page load timeout: '15'

2018-07-24 18:04:01 - [MESSAGE][PASSED] - Tapped on element 'Object Repository/ShopOpen/ShopOpen'

2018-07-24 18:04:01 - [TEST_STEP][PASSED] - verifyElementExist: Element 'Object Repository/CommonScreenElements/Validate_CameraScreen' is exist

2018-07-24 18:04:01 - [MESSAGE][WARNING] - Timeout '0' is invalid. Using default page load timeout: '15'

2018-07-24 18:04:02 - [MESSAGE][PASSED] - Element 'Object Repository/CommonScreenElements/Validate_CameraScreen' is exist

2018-07-24 18:04:02 - [TEST_STEP][PASSED] - tap: Tapped on element 'Object Repository/CommonScreenElements/TakePictureButton'

2018-07-24 18:04:02 - [MESSAGE][WARNING] - Timeout '0' is invalid. Using default page load timeout: '15'

2018-07-24 18:04:06 - [MESSAGE][PASSED] - Tapped on element 'Object Repository/CommonScreenElements/TakePictureButton'

2018-07-24 18:04:06 - [TEST_STEP][PASSED] - delay: Delayed 5 second(s)

2018-07-24 18:04:11 - [MESSAGE][PASSED] - Delayed 5 second(s)

2018-07-24 18:04:11 - [TEST_STEP][PASSED] - tap: Tapped on element 'Object Repository/CommonScreenElements/DoneButton'

2018-07-24 18:04:11 - [MESSAGE][WARNING] - Timeout '0' is invalid. Using default page load timeout: '15'

2018-07-24 18:04:11 - [MESSAGE][PASSED] - Tapped on element 'Object Repository/CommonScreenElements/DoneButton'

2018-07-24 18:04:11 - [MESSAGE][PASSED] - Call Test Case 'Test Cases/ShopOpen/VisitShopOpen' successfully

2018-07-24 18:04:11 - [TEST_CASE][ERROR] - Test Cases/ShopOpen/VisitShopCategories: Test Cases/ShopOpen/VisitShopCategories FAILED because (of) Main Category: Juices
Product Category: Juices
displayed products are less than to expected products...

2018-07-24 18:04:12 - [TEST_STEP][PASSED] - verifyElementExist: Element 'Object Repository/ShopOpen/Validate_ShopCategoriesListScreen' is exist

2018-07-24 18:04:12 - [MESSAGE][WARNING] - Timeout '0' is invalid. Using default page load timeout: '15'

2018-07-24 18:04:14 - [MESSAGE][PASSED] - Element 'Object Repository/ShopOpen/Validate_ShopCategoriesListScreen' is exist

2018-07-24 18:04:14 - [TEST_STEP][ERROR] - com.ct.qa.keywords.VisitingScenariosKeywords.visitShopCategories: Main Category: Juices
Product Category: Juices
displayed products are less than to expected products...

2018-07-24 18:04:16 - [TEST_CASE][PASSED] - Test Cases/ShopOpen/Chiller/VisitChillerWithChillerNotAllocated: Test Cases/ShopOpen/Chiller/VisitChillerWithChillerNotAllocated

2018-07-24 18:04:17 - [TEST_STEP][PASSED] - verifyElementText: Actual text and expected text of test object 'Object Repository/ShopOpen/Chiller/Validate_ChillerScreen' are matched.

2018-07-24 18:04:18 - [MESSAGE][PASSED] - Actual text and expected text of test object 'Object Repository/ShopOpen/Chiller/Validate_ChillerScreen' are matched.

2018-07-24 18:04:18 - [TEST_STEP][PASSED] - tap: Tapped on element 'Object Repository/ShopOpen/Chiller/ChillerNotAllocated'

2018-07-24 18:04:18 - [MESSAGE][WARNING] - Timeout '0' is invalid. Using default page load timeout: '15'

2018-07-24 18:04:18 - [MESSAGE][PASSED] - Tapped on element 'Object Repository/ShopOpen/Chiller/ChillerNotAllocated'

2018-07-24 18:04:18 - [TEST_STEP][PASSED] - verifyElementText: Actual text and expected text of test object 'Object Repository/ShopOpen/Chiller/Validate_ChillerNotAllocatedProductCategoryScreen' are matched.

2018-07-24 18:04:21 - [MESSAGE][PASSED] - Actual text and expected text of test object 'Object Repository/ShopOpen/Chiller/Validate_ChillerNotAllocatedProductCategoryScreen' are matched.

2018-07-24 18:04:21 - [TEST_STEP][PASSED] - com.ct.qa.keywords.ChannelKeywords.visitChillerNotAllocatedProductCategories: com.ct.qa.keywords.ChannelKeywords.visitChillerNotAllocatedProductCategories is PASSED

2018-07-24 18:04:25 - [TEST_CASE][PASSED] - Test Cases/ShopOpen/Chiller/VisitProductCategoryAssets: Test Cases/ShopOpen/Chiller/VisitProductCategoryAssets

2018-07-24 18:04:26 - [TEST_STEP][PASSED] - verifyElementText: Actual text and expected text of test object 'Object Repository/ShopOpen/Chiller/Validate_ProductCategoryAssetsScreen' are matched.

2018-07-24 18:04:27 - [MESSAGE][PASSED] - Actual text and expected text of test object 'Object Repository/ShopOpen/Chiller/Validate_ProductCategoryAssetsScreen' are matched.

2018-07-24 18:04:27 - [TEST_STEP][PASSED] - tap: Tapped on element 'Object Repository/ShopOpen/Chiller/Facing'

2018-07-24 18:04:27 - [MESSAGE][WARNING] - Timeout '0' is invalid. Using default page load timeout: '15'

2018-07-24 18:04:27 - [MESSAGE][PASSED] - Tapped on element 'Object Repository/ShopOpen/Chiller/Facing'

2018-07-24 18:04:27 - [TEST_STEP][PASSED] - verifyElementText: Actual text and expected text of test object 'Object Repository/ShopOpen/Chiller/Validate_FacingScreen' are matched.

2018-07-24 18:04:29 - [MESSAGE][PASSED] - Actual text and expected text of test object 'Object Repository/ShopOpen/Chiller/Validate_FacingScreen' are matched.

2018-07-24 18:04:29 - [TEST_STEP][PASSED] - com.ct.qa.keywords.ChannelKeywords.visitChannelWiseProductsData: com.ct.qa.keywords.ChannelKeywords.visitChannelWiseProductsData is PASSED

2018-07-24 18:04:33 - [MESSAGE][PASSED] - Keyboard is hidden

2018-07-24 18:04:36 - [MESSAGE][PASSED] - Keyboard is hidden

2018-07-24 18:04:39 - [MESSAGE][PASSED] - Keyboard is hidden

2018-07-24 18:04:42 - [MESSAGE][PASSED] - Keyboard is hidden

2018-07-24 18:04:45 - [MESSAGE][PASSED] - Keyboard is hidden

2018-07-24 18:04:47 - [MESSAGE][PASSED] - com.ct.qa.keywords.ChannelKeywords.visitChannelWiseProductsData is PASSED

2018-07-24 18:04:47 - [TEST_STEP][PASSED] - tap: Tapped on element 'Object Repository/ShopOpen/Chiller/SubmitButton'

2018-07-24 18:04:47 - [MESSAGE][WARNING] - Timeout '0' is invalid. Using default page load timeout: '15'

2018-07-24 18:04:47 - [MESSAGE][PASSED] - Tapped on element 'Object Repository/ShopOpen/Chiller/SubmitButton'

2018-07-24 18:04:47 - [TEST_STEP][PASSED] - verifyElementText: Actual text and expected text of test object 'Object Repository/ShopOpen/Chiller/Validate_ProductCategoryAssetsScreen' are matched.

2018-07-24 18:04:48 - [MESSAGE][PASSED] - Actual text and expected text of test object 'Object Repository/ShopOpen/Chiller/Validate_ProductCategoryAssetsScreen' are matched.

2018-07-24 18:04:48 - [TEST_STEP][PASSED] - tap: Tapped on element 'Object Repository/ShopOpen/Chiller/StockTaking'

2018-07-24 18:04:48 - [MESSAGE][WARNING] - Timeout '0' is invalid. Using default page load timeout: '15'

2018-07-24 18:04:49 - [MESSAGE][PASSED] - Tapped on element 'Object Repository/ShopOpen/Chiller/StockTaking'

2018-07-24 18:04:49 - [TEST_STEP][PASSED] - verifyElementText: Actual text and expected text of test object 'Object Repository/ShopOpen/Chiller/Validate_StockTakingScreen' are matched.

2018-07-24 18:04:51 - [MESSAGE][PASSED] - Actual text and expected text of test object 'Object Repository/ShopOpen/Chiller/Validate_StockTakingScreen' are matched.

2018-07-24 18:04:51 - [TEST_STEP][PASSED] - com.ct.qa.keywords.ChannelKeywords.visitChannelWiseProductsData: com.ct.qa.keywords.ChannelKeywords.visitChannelWiseProductsData is PASSED

2018-07-24 18:04:55 - [MESSAGE][PASSED] - Keyboard is hidden

2018-07-24 18:04:58 - [MESSAGE][PASSED] - Keyboard is hidden

2018-07-24 18:05:01 - [MESSAGE][PASSED] - Keyboard is hidden

2018-07-24 18:05:04 - [MESSAGE][PASSED] - Keyboard is hidden

2018-07-24 18:05:07 - [MESSAGE][PASSED] - Keyboard is hidden

2018-07-24 18:05:09 - [MESSAGE][PASSED] - com.ct.qa.keywords.ChannelKeywords.visitChannelWiseProductsData is PASSED

2018-07-24 18:05:09 - [TEST_STEP][PASSED] - tap: Tapped on element 'Object Repository/ShopOpen/Chiller/SubmitButton'

2018-07-24 18:05:09 - [MESSAGE][WARNING] - Timeout '0' is invalid. Using default page load timeout: '15'

2018-07-24 18:05:09 - [MESSAGE][PASSED] - Tapped on element 'Object Repository/ShopOpen/Chiller/SubmitButton'

2018-07-24 18:05:09 - [TEST_STEP][PASSED] - verifyElementText: Actual text and expected text of test object 'Object Repository/ShopOpen/Chiller/Validate_ProductCategoryAssetsScreen' are matched.

2018-07-24 18:05:10 - [MESSAGE][PASSED] - Actual text and expected text of test object 'Object Repository/ShopOpen/Chiller/Validate_ProductCategoryAssetsScreen' are matched.

2018-07-24 18:05:10 - [TEST_STEP][PASSED] - tap: Tapped on element 'Object Repository/ShopOpen/Chiller/ChillerNotAllocatedProductCategory_BackButton'

2018-07-24 18:05:10 - [MESSAGE][WARNING] - Timeout '0' is invalid. Using default page load timeout: '15'

2018-07-24 18:05:10 - [MESSAGE][PASSED] - Tapped on element 'Object Repository/ShopOpen/Chiller/ChillerNotAllocatedProductCategory_BackButton'

2018-07-24 18:05:10 - [MESSAGE][PASSED] - Call Test Case 'Test Cases/ShopOpen/Chiller/VisitProductCategoryAssets' successfully

2018-07-24 18:05:11 - [MESSAGE][PASSED] - Actual text and expected text of test object 'Object Repository/ShopOpen/Chiller/Validate_ChillerNotAllocatedProductCategoryScreen' are matched.

2018-07-24 18:05:12 - [TEST_CASE][PASSED] - Test Cases/ShopOpen/Chiller/VisitProductCategoryAssets: Test Cases/ShopOpen/Chiller/VisitProductCategoryAssets

2018-07-24 18:05:12 - [TEST_STEP][PASSED] - verifyElementText: Actual text and expected text of test object 'Object Repository/ShopOpen/Chiller/Validate_ProductCategoryAssetsScreen' are matched.

2018-07-24 18:05:14 - [MESSAGE][PASSED] - Actual text and expected text of test object 'Object Repository/ShopOpen/Chiller/Validate_ProductCategoryAssetsScreen' are matched.

2018-07-24 18:05:14 - [TEST_STEP][PASSED] - tap: Tapped on element 'Object Repository/ShopOpen/Chiller/Facing'

2018-07-24 18:05:14 - [MESSAGE][WARNING] - Timeout '0' is invalid. Using default page load timeout: '15'

2018-07-24 18:05:14 - [MESSAGE][PASSED] - Tapped on element 'Object Repository/ShopOpen/Chiller/Facing'

2018-07-24 18:05:14 - [TEST_STEP][PASSED] - verifyElementText: Actual text and expected text of test object 'Object Repository/ShopOpen/Chiller/Validate_FacingScreen' are matched.

2018-07-24 18:05:17 - [MESSAGE][PASSED] - Actual text and expected text of test object 'Object Repository/ShopOpen/Chiller/Validate_FacingScreen' are matched.

2018-07-24 18:05:17 - [TEST_STEP][PASSED] - com.ct.qa.keywords.ChannelKeywords.visitChannelWiseProductsData: com.ct.qa.keywords.ChannelKeywords.visitChannelWiseProductsData is PASSED

2018-07-24 18:05:21 - [MESSAGE][PASSED] - Keyboard is hidden

2018-07-24 18:05:24 - [MESSAGE][PASSED] - Keyboard is hidden

2018-07-24 18:05:27 - [MESSAGE][PASSED] - Keyboard is hidden

2018-07-24 18:05:30 - [MESSAGE][PASSED] - Keyboard is hidden

2018-07-24 18:05:33 - [MESSAGE][PASSED] - Keyboard is hidden

2018-07-24 18:05:36 - [MESSAGE][PASSED] - Keyboard is hidden

2018-07-24 18:05:39 - [MESSAGE][PASSED] - Swiped from 0,359 to 0,250

2018-07-24 18:05:39 - [MESSAGE][PASSED] - com.ct.qa.keywords.ChannelKeywords.visitChannelWiseProductsData is PASSED

2018-07-24 18:05:39 - [TEST_STEP][PASSED] - tap: Tapped on element 'Object Repository/ShopOpen/Chiller/SubmitButton'

2018-07-24 18:05:39 - [MESSAGE][WARNING] - Timeout '0' is invalid. Using default page load timeout: '15'

2018-07-24 18:05:40 - [MESSAGE][PASSED] - Tapped on element 'Object Repository/ShopOpen/Chiller/SubmitButton'

2018-07-24 18:05:40 - [TEST_STEP][PASSED] - verifyElementText: Actual text and expected text of test object 'Object Repository/ShopOpen/Chiller/Validate_ProductCategoryAssetsScreen' are matched.

2018-07-24 18:05:41 - [MESSAGE][PASSED] - Actual text and expected text of test object 'Object Repository/ShopOpen/Chiller/Validate_ProductCategoryAssetsScreen' are matched.

2018-07-24 18:05:41 - [TEST_STEP][PASSED] - tap: Tapped on element 'Object Repository/ShopOpen/Chiller/StockTaking'

2018-07-24 18:05:41 - [MESSAGE][WARNING] - Timeout '0' is invalid. Using default page load timeout: '15'

2018-07-24 18:05:41 - [MESSAGE][PASSED] - Tapped on element 'Object Repository/ShopOpen/Chiller/StockTaking'

2018-07-24 18:05:41 - [TEST_STEP][PASSED] - verifyElementText: Actual text and expected text of test object 'Object Repository/ShopOpen/Chiller/Validate_StockTakingScreen' are matched.

2018-07-24 18:05:43 - [MESSAGE][PASSED] - Actual text and expected text of test object 'Object Repository/ShopOpen/Chiller/Validate_StockTakingScreen' are matched.

2018-07-24 18:05:43 - [TEST_STEP][PASSED] - com.ct.qa.keywords.ChannelKeywords.visitChannelWiseProductsData: com.ct.qa.keywords.ChannelKeywords.visitChannelWiseProductsData is PASSED

2018-07-24 18:05:47 - [MESSAGE][PASSED] - Keyboard is hidden

2018-07-24 18:05:50 - [MESSAGE][PASSED] - Keyboard is hidden

2018-07-24 18:05:53 - [MESSAGE][PASSED] - Keyboard is hidden

2018-07-24 18:05:56 - [MESSAGE][PASSED] - Keyboard is hidden

2018-07-24 18:05:59 - [MESSAGE][PASSED] - Keyboard is hidden

2018-07-24 18:06:02 - [MESSAGE][PASSED] - Keyboard is hidden

2018-07-24 18:06:05 - [MESSAGE][PASSED] - Swiped from 0,359 to 0,250

2018-07-24 18:06:05 - [MESSAGE][PASSED] - com.ct.qa.keywords.ChannelKeywords.visitChannelWiseProductsData is PASSED

2018-07-24 18:06:05 - [TEST_STEP][PASSED] - tap: Tapped on element 'Object Repository/ShopOpen/Chiller/SubmitButton'

2018-07-24 18:06:05 - [MESSAGE][WARNING] - Timeout '0' is invalid. Using default page load timeout: '15'

2018-07-24 18:06:06 - [MESSAGE][PASSED] - Tapped on element 'Object Repository/ShopOpen/Chiller/SubmitButton'

2018-07-24 18:06:06 - [TEST_STEP][PASSED] - verifyElementText: Actual text and expected text of test object 'Object Repository/ShopOpen/Chiller/Validate_ProductCategoryAssetsScreen' are matched.

2018-07-24 18:06:07 - [MESSAGE][PASSED] - Actual text and expected text of test object 'Object Repository/ShopOpen/Chiller/Validate_ProductCategoryAssetsScreen' are matched.

2018-07-24 18:06:07 - [TEST_STEP][PASSED] - tap: Tapped on element 'Object Repository/ShopOpen/Chiller/ChillerNotAllocatedProductCategory_BackButton'

2018-07-24 18:06:07 - [MESSAGE][WARNING] - Timeout '0' is invalid. Using default page load timeout: '15'

2018-07-24 18:06:07 - [MESSAGE][PASSED] - Tapped on element 'Object Repository/ShopOpen/Chiller/ChillerNotAllocatedProductCategory_BackButton'

2018-07-24 18:06:07 - [MESSAGE][PASSED] - Call Test Case 'Test Cases/ShopOpen/Chiller/VisitProductCategoryAssets' successfully

2018-07-24 18:06:08 - [MESSAGE][PASSED] - Actual text and expected text of test object 'Object Repository/ShopOpen/Chiller/Validate_ChillerNotAllocatedProductCategoryScreen' are matched.

2018-07-24 18:06:09 - [TEST_CASE][PASSED] - Test Cases/ShopOpen/Chiller/VisitProductCategoryAssets: Test Cases/ShopOpen/Chiller/VisitProductCategoryAssets

2018-07-24 18:06:10 - [TEST_STEP][PASSED] - verifyElementText: Actual text and expected text of test object 'Object Repository/ShopOpen/Chiller/Validate_ProductCategoryAssetsScreen' are matched.

2018-07-24 18:06:11 - [MESSAGE][PASSED] - Actual text and expected text of test object 'Object Repository/ShopOpen/Chiller/Validate_ProductCategoryAssetsScreen' are matched.

2018-07-24 18:06:11 - [TEST_STEP][PASSED] - tap: Tapped on element 'Object Repository/ShopOpen/Chiller/Facing'

2018-07-24 18:06:11 - [MESSAGE][WARNING] - Timeout '0' is invalid. Using default page load timeout: '15'

2018-07-24 18:06:11 - [MESSAGE][PASSED] - Tapped on element 'Object Repository/ShopOpen/Chiller/Facing'

2018-07-24 18:06:11 - [TEST_STEP][PASSED] - verifyElementText: Actual text and expected text of test object 'Object Repository/ShopOpen/Chiller/Validate_FacingScreen' are matched.

2018-07-24 18:06:13 - [MESSAGE][PASSED] - Actual text and expected text of test object 'Object Repository/ShopOpen/Chiller/Validate_FacingScreen' are matched.

2018-07-24 18:06:13 - [TEST_STEP][PASSED] - com.ct.qa.keywords.ChannelKeywords.visitChannelWiseProductsData: com.ct.qa.keywords.ChannelKeywords.visitChannelWiseProductsData is PASSED

2018-07-24 18:06:16 - [MESSAGE][PASSED] - Keyboard is hidden

2018-07-24 18:06:17 - [MESSAGE][PASSED] - com.ct.qa.keywords.ChannelKeywords.visitChannelWiseProductsData is PASSED

2018-07-24 18:06:17 - [TEST_STEP][PASSED] - tap: Tapped on element 'Object Repository/ShopOpen/Chiller/SubmitButton'

2018-07-24 18:06:17 - [MESSAGE][WARNING] - Timeout '0' is invalid. Using default page load timeout: '15'

2018-07-24 18:06:17 - [MESSAGE][PASSED] - Tapped on element 'Object Repository/ShopOpen/Chiller/SubmitButton'

2018-07-24 18:06:17 - [TEST_STEP][PASSED] - verifyElementText: Actual text and expected text of test object 'Object Repository/ShopOpen/Chiller/Validate_ProductCategoryAssetsScreen' are matched.

2018-07-24 18:06:18 - [MESSAGE][PASSED] - Actual text and expected text of test object 'Object Repository/ShopOpen/Chiller/Validate_ProductCategoryAssetsScreen' are matched.

2018-07-24 18:06:18 - [TEST_STEP][PASSED] - tap: Tapped on element 'Object Repository/ShopOpen/Chiller/StockTaking'

2018-07-24 18:06:18 - [MESSAGE][WARNING] - Timeout '0' is invalid. Using default page load timeout: '15'

2018-07-24 18:06:19 - [MESSAGE][PASSED] - Tapped on element 'Object Repository/ShopOpen/Chiller/StockTaking'

2018-07-24 18:06:19 - [TEST_STEP][PASSED] - verifyElementText: Actual text and expected text of test object 'Object Repository/ShopOpen/Chiller/Validate_StockTakingScreen' are matched.

2018-07-24 18:06:21 - [MESSAGE][PASSED] - Actual text and expected text of test object 'Object Repository/ShopOpen/Chiller/Validate_StockTakingScreen' are matched.

2018-07-24 18:06:21 - [TEST_STEP][PASSED] - com.ct.qa.keywords.ChannelKeywords.visitChannelWiseProductsData: com.ct.qa.keywords.ChannelKeywords.visitChannelWiseProductsData is PASSED

2018-07-24 18:06:24 - [MESSAGE][PASSED] - Keyboard is hidden

2018-07-24 18:06:25 - [MESSAGE][PASSED] - com.ct.qa.keywords.ChannelKeywords.visitChannelWiseProductsData is PASSED

2018-07-24 18:06:25 - [TEST_STEP][PASSED] - tap: Tapped on element 'Object Repository/ShopOpen/Chiller/SubmitButton'

2018-07-24 18:06:25 - [MESSAGE][WARNING] - Timeout '0' is invalid. Using default page load timeout: '15'

2018-07-24 18:06:25 - [MESSAGE][PASSED] - Tapped on element 'Object Repository/ShopOpen/Chiller/SubmitButton'

2018-07-24 18:06:25 - [TEST_STEP][PASSED] - verifyElementText: Actual text and expected text of test object 'Object Repository/ShopOpen/Chiller/Validate_ProductCategoryAssetsScreen' are matched.

2018-07-24 18:06:26 - [MESSAGE][PASSED] - Actual text and expected text of test object 'Object Repository/ShopOpen/Chiller/Validate_ProductCategoryAssetsScreen' are matched.

2018-07-24 18:06:26 - [TEST_STEP][PASSED] - tap: Tapped on element 'Object Repository/ShopOpen/Chiller/ChillerNotAllocatedProductCategory_BackButton'

2018-07-24 18:06:26 - [MESSAGE][WARNING] - Timeout '0' is invalid. Using default page load timeout: '15'

2018-07-24 18:06:26 - [MESSAGE][PASSED] - Tapped on element 'Object Repository/ShopOpen/Chiller/ChillerNotAllocatedProductCategory_BackButton'

2018-07-24 18:06:26 - [MESSAGE][PASSED] - Call Test Case 'Test Cases/ShopOpen/Chiller/VisitProductCategoryAssets' successfully

2018-07-24 18:06:28 - [MESSAGE][PASSED] - Actual text and expected text of test object 'Object Repository/ShopOpen/Chiller/Validate_ChillerNotAllocatedProductCategoryScreen' are matched.

2018-07-24 18:06:28 - [TEST_CASE][PASSED] - Test Cases/ShopOpen/Chiller/VisitProductCategoryAssets: Test Cases/ShopOpen/Chiller/VisitProductCategoryAssets

2018-07-24 18:06:28 - [TEST_STEP][PASSED] - verifyElementText: Actual text and expected text of test object 'Object Repository/ShopOpen/Chiller/Validate_ProductCategoryAssetsScreen' are matched.

2018-07-24 18:06:30 - [MESSAGE][PASSED] - Actual text and expected text of test object 'Object Repository/ShopOpen/Chiller/Validate_ProductCategoryAssetsScreen' are matched.

2018-07-24 18:06:30 - [TEST_STEP][PASSED] - tap: Tapped on element 'Object Repository/ShopOpen/Chiller/Facing'

2018-07-24 18:06:30 - [MESSAGE][WARNING] - Timeout '0' is invalid. Using default page load timeout: '15'

2018-07-24 18:06:30 - [MESSAGE][PASSED] - Tapped on element 'Object Repository/ShopOpen/Chiller/Facing'

2018-07-24 18:06:30 - [TEST_STEP][PASSED] - verifyElementText: Actual text and expected text of test object 'Object Repository/ShopOpen/Chiller/Validate_FacingScreen' are matched.

2018-07-24 18:06:32 - [MESSAGE][PASSED] - Actual text and expected text of test object 'Object Repository/ShopOpen/Chiller/Validate_FacingScreen' are matched.

2018-07-24 18:06:32 - [TEST_STEP][PASSED] - com.ct.qa.keywords.ChannelKeywords.visitChannelWiseProductsData: com.ct.qa.keywords.ChannelKeywords.visitChannelWiseProductsData is PASSED

2018-07-24 18:06:36 - [MESSAGE][PASSED] - Keyboard is hidden

2018-07-24 18:06:39 - [MESSAGE][PASSED] - Keyboard is hidden

2018-07-24 18:06:40 - [MESSAGE][PASSED] - com.ct.qa.keywords.ChannelKeywords.visitChannelWiseProductsData is PASSED

2018-07-24 18:06:40 - [TEST_STEP][PASSED] - tap: Tapped on element 'Object Repository/ShopOpen/Chiller/SubmitButton'

2018-07-24 18:06:40 - [MESSAGE][WARNING] - Timeout '0' is invalid. Using default page load timeout: '15'

2018-07-24 18:06:41 - [MESSAGE][PASSED] - Tapped on element 'Object Repository/ShopOpen/Chiller/SubmitButton'

2018-07-24 18:06:41 - [TEST_STEP][PASSED] - verifyElementText: Actual text and expected text of test object 'Object Repository/ShopOpen/Chiller/Validate_ProductCategoryAssetsScreen' are matched.

2018-07-24 18:06:41 - [MESSAGE][PASSED] - Actual text and expected text of test object 'Object Repository/ShopOpen/Chiller/Validate_ProductCategoryAssetsScreen' are matched.

2018-07-24 18:06:41 - [TEST_STEP][PASSED] - tap: Tapped on element 'Object Repository/ShopOpen/Chiller/StockTaking'

2018-07-24 18:06:41 - [MESSAGE][WARNING] - Timeout '0' is invalid. Using default page load timeout: '15'

2018-07-24 18:06:42 - [MESSAGE][PASSED] - Tapped on element 'Object Repository/ShopOpen/Chiller/StockTaking'

2018-07-24 18:06:42 - [TEST_STEP][PASSED] - verifyElementText: Actual text and expected text of test object 'Object Repository/ShopOpen/Chiller/Validate_StockTakingScreen' are matched.

2018-07-24 18:06:44 - [MESSAGE][PASSED] - Actual text and expected text of test object 'Object Repository/ShopOpen/Chiller/Validate_StockTakingScreen' are matched.

2018-07-24 18:06:44 - [TEST_STEP][PASSED] - com.ct.qa.keywords.ChannelKeywords.visitChannelWiseProductsData: com.ct.qa.keywords.ChannelKeywords.visitChannelWiseProductsData is PASSED

2018-07-24 18:06:47 - [MESSAGE][PASSED] - Keyboard is hidden

2018-07-24 18:06:50 - [MESSAGE][PASSED] - Keyboard is hidden

2018-07-24 18:06:51 - [MESSAGE][PASSED] - com.ct.qa.keywords.ChannelKeywords.visitChannelWiseProductsData is PASSED

2018-07-24 18:06:51 - [TEST_STEP][PASSED] - tap: Tapped on element 'Object Repository/ShopOpen/Chiller/SubmitButton'

2018-07-24 18:06:51 - [MESSAGE][WARNING] - Timeout '0' is invalid. Using default page load timeout: '15'

2018-07-24 18:06:51 - [MESSAGE][PASSED] - Tapped on element 'Object Repository/ShopOpen/Chiller/SubmitButton'

2018-07-24 18:06:51 - [TEST_STEP][PASSED] - verifyElementText: Actual text and expected text of test object 'Object Repository/ShopOpen/Chiller/Validate_ProductCategoryAssetsScreen' are matched.

2018-07-24 18:06:52 - [MESSAGE][PASSED] - Actual text and expected text of test object 'Object Repository/ShopOpen/Chiller/Validate_ProductCategoryAssetsScreen' are matched.

2018-07-24 18:06:52 - [TEST_STEP][PASSED] - tap: Tapped on element 'Object Repository/ShopOpen/Chiller/ChillerNotAllocatedProductCategory_BackButton'

2018-07-24 18:06:52 - [MESSAGE][WARNING] - Timeout '0' is invalid. Using default page load timeout: '15'

2018-07-24 18:06:53 - [MESSAGE][PASSED] - Tapped on element 'Object Repository/ShopOpen/Chiller/ChillerNotAllocatedProductCategory_BackButton'

2018-07-24 18:06:53 - [MESSAGE][PASSED] - Call Test Case 'Test Cases/ShopOpen/Chiller/VisitProductCategoryAssets' successfully

2018-07-24 18:06:54 - [MESSAGE][PASSED] - Actual text and expected text of test object 'Object Repository/ShopOpen/Chiller/Validate_ChillerNotAllocatedProductCategoryScreen' are matched.

2018-07-24 18:06:54 - [MESSAGE][PASSED] - com.ct.qa.keywords.ChannelKeywords.visitChillerNotAllocatedProductCategories is PASSED

2018-07-24 18:06:54 - [TEST_STEP][PASSED] - verifyElementText: Actual text and expected text of test object 'Object Repository/ShopOpen/Chiller/Validate_ChillerNotAllocatedProductCategoryScreen' are matched.

2018-07-24 18:06:55 - [MESSAGE][PASSED] - Actual text and expected text of test object 'Object Repository/ShopOpen/Chiller/Validate_ChillerNotAllocatedProductCategoryScreen' are matched.

2018-07-24 18:06:55 - [TEST_STEP][PASSED] - tap: Tapped on element 'Object Repository/ShopOpen/Chiller/Planogram_ImageView'

2018-07-24 18:06:55 - [MESSAGE][WARNING] - Timeout '0' is invalid. Using default page load timeout: '15'

2018-07-24 18:06:56 - [MESSAGE][PASSED] - Tapped on element 'Object Repository/ShopOpen/Chiller/Planogram_ImageView'

2018-07-24 18:06:56 - [TEST_STEP][PASSED] - com.ct.qa.keywords.CommonKeywords.checkPlanogramAvailability: com.ct.qa.keywords.CommonKeywords.checkPlanogramAvailability is PASSED

2018-07-24 18:06:56 - [MESSAGE][WARNING] - Timeout '0' is invalid. Using default page load timeout: '15'

2018-07-24 18:07:13 - [MESSAGE][WARNING] - Object Object Repository/CommonScreenElements/InfoPopUp_OKButton not found
[[ATTACHMENT|F:\\Git Projects\\MMAPlus_Merchandising\\MMAPlus_Merchandising\\Reports\\MMA Plus Merchandising\\20180724_180255\\1532437631946.png]]

2018-07-24 18:07:13 - [MESSAGE][PASSED] - com.ct.qa.keywords.CommonKeywords.checkPlanogramAvailability is PASSED

2018-07-24 18:07:13 - [TEST_STEP][PASSED] - com.ct.qa.keywords.CommonKeywords.closePlanogram: com.ct.qa.keywords.CommonKeywords.closePlanogram is PASSED

2018-07-24 18:07:13 - [MESSAGE][PASSED] - com.ct.qa.keywords.CommonKeywords.closePlanogram is PASSED

2018-07-24 18:07:13 - [TEST_STEP][PASSED] - verifyElementText: Actual text and expected text of test object 'Object Repository/ShopOpen/Chiller/Validate_ChillerNotAllocatedProductCategoryScreen' are matched.

2018-07-24 18:07:14 - [MESSAGE][PASSED] - Actual text and expected text of test object 'Object Repository/ShopOpen/Chiller/Validate_ChillerNotAllocatedProductCategoryScreen' are matched.

2018-07-24 18:07:14 - [TEST_STEP][PASSED] - com.ct.qa.keywords.CommonKeywords.findPictureImageView: com.ct.qa.keywords.CommonKeywords.findPictureImageView is PASSED

2018-07-24 18:07:14 - [MESSAGE][WARNING] - Timeout '0' is invalid. Using default page load timeout: '15'

2018-07-24 18:07:16 - [MESSAGE][PASSED] - Tapped on element 'Object Repository/CommonScreenElements/Picture_ImageView'

2018-07-24 18:07:16 - [MESSAGE][WARNING] - Timeout '0' is invalid. Using default page load timeout: '15'

2018-07-24 18:07:17 - [MESSAGE][PASSED] - Element 'Object Repository/CommonScreenElements/Validate_CameraScreen' is exist

2018-07-24 18:07:17 - [MESSAGE][WARNING] - Timeout '0' is invalid. Using default page load timeout: '15'

2018-07-24 18:07:21 - [MESSAGE][PASSED] - Tapped on element 'Object Repository/CommonScreenElements/TakePictureButton'

2018-07-24 18:07:26 - [MESSAGE][PASSED] - Delayed 5 second(s)

2018-07-24 18:07:26 - [MESSAGE][WARNING] - Timeout '0' is invalid. Using default page load timeout: '15'

2018-07-24 18:07:26 - [MESSAGE][PASSED] - Tapped on element 'Object Repository/CommonScreenElements/DoneButton'

2018-07-24 18:07:26 - [MESSAGE][PASSED] - com.ct.qa.keywords.CommonKeywords.findPictureImageView is PASSED

2018-07-24 18:07:26 - [TEST_STEP][PASSED] - verifyElementText: Actual text and expected text of test object 'Object Repository/ShopOpen/Chiller/Validate_ChillerNotAllocatedProductCategoryScreen' are matched.

2018-07-24 18:07:28 - [MESSAGE][PASSED] - Actual text and expected text of test object 'Object Repository/ShopOpen/Chiller/Validate_ChillerNotAllocatedProductCategoryScreen' are matched.

2018-07-24 18:07:28 - [TEST_STEP][PASSED] - tap: Tapped on element 'Object Repository/ShopOpen/Chiller/ChillerNotAllocatedProductCategory_BackButton'

2018-07-24 18:07:28 - [MESSAGE][WARNING] - Timeout '0' is invalid. Using default page load timeout: '15'

2018-07-24 18:07:29 - [MESSAGE][PASSED] - Tapped on element 'Object Repository/ShopOpen/Chiller/ChillerNotAllocatedProductCategory_BackButton'

2018-07-24 18:07:29 - [TEST_STEP][PASSED] - verifyElementExist: Element 'Object Repository/ShopOpen/Validate_ShopCategoriesListScreen' is exist

2018-07-24 18:07:29 - [MESSAGE][WARNING] - Timeout '0' is invalid. Using default page load timeout: '15'

2018-07-24 18:07:31 - [MESSAGE][PASSED] - Element 'Object Repository/ShopOpen/Validate_ShopCategoriesListScreen' is exist

2018-07-24 18:07:31 - [MESSAGE][PASSED] - Call Test Case 'Test Cases/ShopOpen/Chiller/VisitChillerWithChillerNotAllocated' successfully

2018-07-24 18:07:31 - [TEST_CASE][PASSED] - Test Cases/ShopOpen/RemainingCategories/VisitRemainingCategoriesWithDSA: Test Cases/ShopOpen/RemainingCategories/VisitRemainingCategoriesWithDSA

2018-07-24 18:07:32 - [TEST_STEP][PASSED] - verifyElementText: Actual text and expected text of test object 'Object Repository/ShopOpen/RemainingCategories/Validate_RemainingCategoriesDetailScreen' are matched.

2018-07-24 18:07:34 - [MESSAGE][PASSED] - Actual text and expected text of test object 'Object Repository/ShopOpen/RemainingCategories/Validate_RemainingCategoriesDetailScreen' are matched.

2018-07-24 18:07:34 - [TEST_STEP][PASSED] - tap: Tapped on element 'Object Repository/ShopOpen/RemainingCategories/DisplaySpaceAvailable'

2018-07-24 18:07:34 - [MESSAGE][WARNING] - Timeout '0' is invalid. Using default page load timeout: '15'

2018-07-24 18:07:34 - [MESSAGE][PASSED] - Tapped on element 'Object Repository/ShopOpen/RemainingCategories/DisplaySpaceAvailable'

2018-07-24 18:07:34 - [TEST_STEP][PASSED] - verifyElementText: Actual text and expected text of test object 'Object Repository/ShopOpen/RemainingCategories/Validate_ProductCategoryAssetScreen' are matched.

2018-07-24 18:07:37 - [MESSAGE][PASSED] - Actual text and expected text of test object 'Object Repository/ShopOpen/RemainingCategories/Validate_ProductCategoryAssetScreen' are matched.

2018-07-24 18:07:37 - [TEST_STEP][PASSED] - tap: Tapped on element 'Object Repository/ShopOpen/RemainingCategories/Facing'

2018-07-24 18:07:37 - [MESSAGE][WARNING] - Timeout '0' is invalid. Using default page load timeout: '15'

2018-07-24 18:07:38 - [MESSAGE][PASSED] - Tapped on element 'Object Repository/ShopOpen/RemainingCategories/Facing'

2018-07-24 18:07:38 - [TEST_STEP][PASSED] - verifyElementText: Actual text and expected text of test object 'Object Repository/ShopOpen/RemainingCategories/Validate_FacingScreen' are matched.

2018-07-24 18:07:39 - [MESSAGE][PASSED] - Actual text and expected text of test object 'Object Repository/ShopOpen/RemainingCategories/Validate_FacingScreen' are matched.

2018-07-24 18:07:39 - [TEST_STEP][PASSED] - com.ct.qa.keywords.ChannelKeywords.visitChannelWiseProductsData: com.ct.qa.keywords.ChannelKeywords.visitChannelWiseProductsData is PASSED

2018-07-24 18:07:43 - [MESSAGE][PASSED] - Keyboard is hidden

2018-07-24 18:07:46 - [MESSAGE][PASSED] - Keyboard is hidden

2018-07-24 18:07:49 - [MESSAGE][PASSED] - Keyboard is hidden

2018-07-24 18:07:52 - [MESSAGE][PASSED] - Keyboard is hidden

2018-07-24 18:07:55 - [MESSAGE][PASSED] - Keyboard is hidden

2018-07-24 18:07:58 - [MESSAGE][PASSED] - Keyboard is hidden

2018-07-24 18:08:01 - [MESSAGE][PASSED] - Swiped from 0,359 to 0,250

2018-07-24 18:08:03 - [MESSAGE][PASSED] - Keyboard is hidden

2018-07-24 18:08:05 - [MESSAGE][PASSED] - Swiped from 0,359 to 0,250

2018-07-24 18:08:07 - [MESSAGE][PASSED] - Keyboard is hidden

2018-07-24 18:08:09 - [MESSAGE][PASSED] - Swiped from 0,359 to 0,250

2018-07-24 18:08:11 - [MESSAGE][PASSED] - Keyboard is hidden

2018-07-24 18:08:13 - [MESSAGE][PASSED] - Swiped from 0,359 to 0,250

2018-07-24 18:08:16 - [MESSAGE][PASSED] - Keyboard is hidden

2018-07-24 18:08:18 - [MESSAGE][PASSED] - Swiped from 0,359 to 0,250

2018-07-24 18:08:21 - [MESSAGE][PASSED] - Keyboard is hidden

2018-07-24 18:08:23 - [MESSAGE][PASSED] - Swiped from 0,359 to 0,250

2018-07-24 18:08:25 - [MESSAGE][PASSED] - Keyboard is hidden

2018-07-24 18:08:27 - [MESSAGE][PASSED] - Swiped from 0,359 to 0,250

2018-07-24 18:08:27 - [MESSAGE][PASSED] - com.ct.qa.keywords.ChannelKeywords.visitChannelWiseProductsData is PASSED

2018-07-24 18:08:27 - [TEST_STEP][PASSED] - tap: Tapped on element 'Object Repository/ShopOpen/RemainingCategories/SubmitButton'

2018-07-24 18:08:27 - [MESSAGE][WARNING] - Timeout '0' is invalid. Using default page load timeout: '15'

2018-07-24 18:08:28 - [MESSAGE][PASSED] - Tapped on element 'Object Repository/ShopOpen/RemainingCategories/SubmitButton'

2018-07-24 18:08:28 - [TEST_STEP][PASSED] - verifyElementText: Actual text and expected text of test object 'Object Repository/ShopOpen/RemainingCategories/Validate_ProductCategoryAssetScreen' are matched.

2018-07-24 18:08:29 - [MESSAGE][PASSED] - Actual text and expected text of test object 'Object Repository/ShopOpen/RemainingCategories/Validate_ProductCategoryAssetScreen' are matched.

2018-07-24 18:08:29 - [TEST_STEP][PASSED] - tap: Tapped on element 'Object Repository/ShopOpen/RemainingCategories/StockTaking'

2018-07-24 18:08:29 - [MESSAGE][WARNING] - Timeout '0' is invalid. Using default page load timeout: '15'

2018-07-24 18:08:29 - [MESSAGE][PASSED] - Tapped on element 'Object Repository/ShopOpen/RemainingCategories/StockTaking'

2018-07-24 18:08:29 - [TEST_STEP][PASSED] - verifyElementText: Actual text and expected text of test object 'Object Repository/ShopOpen/RemainingCategories/Validate_StockTakingScreen' are matched.

2018-07-24 18:08:31 - [MESSAGE][PASSED] - Actual text and expected text of test object 'Object Repository/ShopOpen/RemainingCategories/Validate_StockTakingScreen' are matched.

2018-07-24 18:08:31 - [TEST_STEP][PASSED] - com.ct.qa.keywords.ChannelKeywords.visitChannelWiseProductsData: com.ct.qa.keywords.ChannelKeywords.visitChannelWiseProductsData is PASSED

2018-07-24 18:08:35 - [MESSAGE][PASSED] - Keyboard is hidden

2018-07-24 18:08:38 - [MESSAGE][PASSED] - Keyboard is hidden

2018-07-24 18:08:41 - [MESSAGE][PASSED] - Keyboard is hidden

2018-07-24 18:08:44 - [MESSAGE][PASSED] - Keyboard is hidden

2018-07-24 18:08:47 - [MESSAGE][PASSED] - Keyboard is hidden

2018-07-24 18:08:50 - [MESSAGE][PASSED] - Keyboard is hidden

2018-07-24 18:08:53 - [MESSAGE][PASSED] - Swiped from 0,359 to 0,250

2018-07-24 18:08:56 - [MESSAGE][PASSED] - Keyboard is hidden

2018-07-24 18:08:58 - [MESSAGE][PASSED] - Swiped from 0,359 to 0,250

2018-07-24 18:09:00 - [MESSAGE][PASSED] - Keyboard is hidden

2018-07-24 18:09:02 - [MESSAGE][PASSED] - Swiped from 0,359 to 0,250

2018-07-24 18:09:04 - [MESSAGE][PASSED] - Keyboard is hidden

2018-07-24 18:09:06 - [MESSAGE][PASSED] - Swiped from 0,359 to 0,250

2018-07-24 18:09:09 - [MESSAGE][PASSED] - Keyboard is hidden

2018-07-24 18:09:11 - [MESSAGE][PASSED] - Swiped from 0,359 to 0,250

2018-07-24 18:09:14 - [MESSAGE][PASSED] - Keyboard is hidden

2018-07-24 18:09:16 - [MESSAGE][PASSED] - Swiped from 0,359 to 0,250

2018-07-24 18:09:19 - [MESSAGE][PASSED] - Keyboard is hidden

2018-07-24 18:09:21 - [MESSAGE][PASSED] - Swiped from 0,359 to 0,250

2018-07-24 18:09:21 - [MESSAGE][PASSED] - com.ct.qa.keywords.ChannelKeywords.visitChannelWiseProductsData is PASSED

2018-07-24 18:09:21 - [TEST_STEP][PASSED] - tap: Tapped on element 'Object Repository/ShopOpen/RemainingCategories/SubmitButton'

2018-07-24 18:09:21 - [MESSAGE][WARNING] - Timeout '0' is invalid. Using default page load timeout: '15'

2018-07-24 18:09:22 - [MESSAGE][PASSED] - Tapped on element 'Object Repository/ShopOpen/RemainingCategories/SubmitButton'

2018-07-24 18:09:22 - [TEST_STEP][PASSED] - verifyElementText: Actual text and expected text of test object 'Object Repository/ShopOpen/RemainingCategories/Validate_ProductCategoryAssetScreen' are matched.

2018-07-24 18:09:23 - [MESSAGE][PASSED] - Actual text and expected text of test object 'Object Repository/ShopOpen/RemainingCategories/Validate_ProductCategoryAssetScreen' are matched.

2018-07-24 18:09:23 - [TEST_STEP][PASSED] - tap: Tapped on element 'Object Repository/ShopOpen/RemainingCategories/planogram_ImageView'

2018-07-24 18:09:23 - [MESSAGE][WARNING] - Timeout '0' is invalid. Using default page load timeout: '15'

2018-07-24 18:09:24 - [MESSAGE][PASSED] - Tapped on element 'Object Repository/ShopOpen/RemainingCategories/planogram_ImageView'

2018-07-24 18:09:24 - [TEST_STEP][PASSED] - com.ct.qa.keywords.CommonKeywords.checkPlanogramAvailability: com.ct.qa.keywords.CommonKeywords.checkPlanogramAvailability is PASSED

2018-07-24 18:09:24 - [MESSAGE][WARNING] - Timeout '0' is invalid. Using default page load timeout: '15'

2018-07-24 18:09:40 - [MESSAGE][WARNING] - Object Object Repository/CommonScreenElements/InfoPopUp_OKButton not found
[[ATTACHMENT|F:\\Git Projects\\MMAPlus_Merchandising\\MMAPlus_Merchandising\\Reports\\MMA Plus Merchandising\\20180724_180255\\1532437779659.png]]

2018-07-24 18:09:40 - [MESSAGE][PASSED] - com.ct.qa.keywords.CommonKeywords.checkPlanogramAvailability is PASSED

2018-07-24 18:09:40 - [TEST_STEP][PASSED] - com.ct.qa.keywords.CommonKeywords.closePlanogram: com.ct.qa.keywords.CommonKeywords.closePlanogram is PASSED

2018-07-24 18:09:41 - [MESSAGE][PASSED] - com.ct.qa.keywords.CommonKeywords.closePlanogram is PASSED

2018-07-24 18:09:41 - [TEST_STEP][PASSED] - verifyElementText: Actual text and expected text of test object 'Object Repository/ShopOpen/RemainingCategories/Validate_ProductCategoryAssetScreen' are matched.

2018-07-24 18:09:42 - [MESSAGE][PASSED] - Actual text and expected text of test object 'Object Repository/ShopOpen/RemainingCategories/Validate_ProductCategoryAssetScreen' are matched.

2018-07-24 18:09:42 - [TEST_STEP][PASSED] - com.ct.qa.keywords.CommonKeywords.findPictureImageView: com.ct.qa.keywords.CommonKeywords.findPictureImageView is PASSED

2018-07-24 18:09:42 - [MESSAGE][WARNING] - Timeout '0' is invalid. Using default page load timeout: '15'

2018-07-24 18:09:42 - [MESSAGE][PASSED] - Tapped on element 'Object Repository/CommonScreenElements/Picture_ImageView'

2018-07-24 18:09:42 - [MESSAGE][WARNING] - Timeout '0' is invalid. Using default page load timeout: '15'

2018-07-24 18:09:44 - [MESSAGE][PASSED] - Element 'Object Repository/CommonScreenElements/Validate_CameraScreen' is exist

2018-07-24 18:09:44 - [MESSAGE][WARNING] - Timeout '0' is invalid. Using default page load timeout: '15'

2018-07-24 18:09:48 - [MESSAGE][PASSED] - Tapped on element 'Object Repository/CommonScreenElements/TakePictureButton'

2018-07-24 18:09:53 - [MESSAGE][PASSED] - Delayed 5 second(s)

2018-07-24 18:09:53 - [MESSAGE][WARNING] - Timeout '0' is invalid. Using default page load timeout: '15'

2018-07-24 18:09:53 - [MESSAGE][PASSED] - Tapped on element 'Object Repository/CommonScreenElements/DoneButton'

2018-07-24 18:09:53 - [MESSAGE][PASSED] - com.ct.qa.keywords.CommonKeywords.findPictureImageView is PASSED

2018-07-24 18:09:53 - [TEST_STEP][PASSED] - verifyElementText: Actual text and expected text of test object 'Object Repository/ShopOpen/RemainingCategories/Validate_ProductCategoryAssetScreen' are matched.

2018-07-24 18:09:54 - [MESSAGE][PASSED] - Actual text and expected text of test object 'Object Repository/ShopOpen/RemainingCategories/Validate_ProductCategoryAssetScreen' are matched.

2018-07-24 18:09:54 - [TEST_STEP][PASSED] - tap: Tapped on element 'Object Repository/ShopOpen/RemainingCategories/ProductCategoryAsset_BackButton'

2018-07-24 18:09:54 - [MESSAGE][WARNING] - Timeout '0' is invalid. Using default page load timeout: '15'

2018-07-24 18:09:54 - [MESSAGE][PASSED] - Tapped on element 'Object Repository/ShopOpen/RemainingCategories/ProductCategoryAsset_BackButton'

2018-07-24 18:09:54 - [TEST_STEP][PASSED] - verifyElementExist: Element 'Object Repository/ShopOpen/Validate_ShopCategoriesListScreen' is exist

2018-07-24 18:09:54 - [MESSAGE][WARNING] - Timeout '0' is invalid. Using default page load timeout: '15'

2018-07-24 18:09:56 - [MESSAGE][PASSED] - Element 'Object Repository/ShopOpen/Validate_ShopCategoriesListScreen' is exist

2018-07-24 18:09:56 - [MESSAGE][PASSED] - Call Test Case 'Test Cases/ShopOpen/RemainingCategories/VisitRemainingCategoriesWithDSA' successfully

2018-07-24 18:09:57 - [TEST_CASE][PASSED] - Test Cases/ShopOpen/RemainingCategories/VisitRemainingCategoriesWithDSA: Test Cases/ShopOpen/RemainingCategories/VisitRemainingCategoriesWithDSA

2018-07-24 18:09:57 - [TEST_STEP][PASSED] - verifyElementText: Actual text and expected text of test object 'Object Repository/ShopOpen/RemainingCategories/Validate_RemainingCategoriesDetailScreen' are matched.

2018-07-24 18:09:59 - [MESSAGE][PASSED] - Actual text and expected text of test object 'Object Repository/ShopOpen/RemainingCategories/Validate_RemainingCategoriesDetailScreen' are matched.

2018-07-24 18:09:59 - [TEST_STEP][PASSED] - tap: Tapped on element 'Object Repository/ShopOpen/RemainingCategories/DisplaySpaceAvailable'

2018-07-24 18:09:59 - [MESSAGE][WARNING] - Timeout '0' is invalid. Using default page load timeout: '15'

2018-07-24 18:09:59 - [MESSAGE][PASSED] - Tapped on element 'Object Repository/ShopOpen/RemainingCategories/DisplaySpaceAvailable'

2018-07-24 18:09:59 - [TEST_STEP][PASSED] - verifyElementText: Actual text and expected text of test object 'Object Repository/ShopOpen/RemainingCategories/Validate_ProductCategoryAssetScreen' are matched.

2018-07-24 18:10:02 - [MESSAGE][PASSED] - Actual text and expected text of test object 'Object Repository/ShopOpen/RemainingCategories/Validate_ProductCategoryAssetScreen' are matched.

2018-07-24 18:10:02 - [TEST_STEP][PASSED] - tap: Tapped on element 'Object Repository/ShopOpen/RemainingCategories/Facing'

2018-07-24 18:10:02 - [MESSAGE][WARNING] - Timeout '0' is invalid. Using default page load timeout: '15'

2018-07-24 18:10:02 - [MESSAGE][PASSED] - Tapped on element 'Object Repository/ShopOpen/RemainingCategories/Facing'

2018-07-24 18:10:02 - [TEST_STEP][PASSED] - verifyElementText: Actual text and expected text of test object 'Object Repository/ShopOpen/RemainingCategories/Validate_FacingScreen' are matched.

2018-07-24 18:10:04 - [MESSAGE][PASSED] - Actual text and expected text of test object 'Object Repository/ShopOpen/RemainingCategories/Validate_FacingScreen' are matched.

2018-07-24 18:10:04 - [TEST_STEP][PASSED] - com.ct.qa.keywords.ChannelKeywords.visitChannelWiseProductsData: com.ct.qa.keywords.ChannelKeywords.visitChannelWiseProductsData is PASSED

2018-07-24 18:10:08 - [MESSAGE][PASSED] - Keyboard is hidden

2018-07-24 18:10:11 - [MESSAGE][PASSED] - Keyboard is hidden

2018-07-24 18:10:14 - [MESSAGE][PASSED] - Keyboard is hidden

2018-07-24 18:10:17 - [MESSAGE][PASSED] - Keyboard is hidden

2018-07-24 18:10:20 - [MESSAGE][PASSED] - Keyboard is hidden

2018-07-24 18:10:23 - [MESSAGE][PASSED] - Keyboard is hidden

2018-07-24 18:10:26 - [MESSAGE][PASSED] - Swiped from 0,359 to 0,250

2018-07-24 18:10:26 - [MESSAGE][PASSED] - com.ct.qa.keywords.ChannelKeywords.visitChannelWiseProductsData is PASSED

2018-07-24 18:10:26 - [TEST_STEP][PASSED] - tap: Tapped on element 'Object Repository/ShopOpen/RemainingCategories/SubmitButton'

2018-07-24 18:10:26 - [MESSAGE][WARNING] - Timeout '0' is invalid. Using default page load timeout: '15'

2018-07-24 18:10:27 - [MESSAGE][PASSED] - Tapped on element 'Object Repository/ShopOpen/RemainingCategories/SubmitButton'

2018-07-24 18:10:27 - [TEST_STEP][PASSED] - verifyElementText: Actual text and expected text of test object 'Object Repository/ShopOpen/RemainingCategories/Validate_ProductCategoryAssetScreen' are matched.

2018-07-24 18:10:28 - [MESSAGE][PASSED] - Actual text and expected text of test object 'Object Repository/ShopOpen/RemainingCategories/Validate_ProductCategoryAssetScreen' are matched.

2018-07-24 18:10:28 - [TEST_STEP][PASSED] - tap: Tapped on element 'Object Repository/ShopOpen/RemainingCategories/StockTaking'

2018-07-24 18:10:28 - [MESSAGE][WARNING] - Timeout '0' is invalid. Using default page load timeout: '15'

2018-07-24 18:10:28 - [MESSAGE][PASSED] - Tapped on element 'Object Repository/ShopOpen/RemainingCategories/StockTaking'

2018-07-24 18:10:28 - [TEST_STEP][PASSED] - verifyElementText: Actual text and expected text of test object 'Object Repository/ShopOpen/RemainingCategories/Validate_StockTakingScreen' are matched.

2018-07-24 18:10:30 - [MESSAGE][PASSED] - Actual text and expected text of test object 'Object Repository/ShopOpen/RemainingCategories/Validate_StockTakingScreen' are matched.

2018-07-24 18:10:30 - [TEST_STEP][PASSED] - com.ct.qa.keywords.ChannelKeywords.visitChannelWiseProductsData: com.ct.qa.keywords.ChannelKeywords.visitChannelWiseProductsData is PASSED

2018-07-24 18:10:34 - [MESSAGE][PASSED] - Keyboard is hidden

2018-07-24 18:10:37 - [MESSAGE][PASSED] - Keyboard is hidden

2018-07-24 18:10:40 - [MESSAGE][PASSED] - Keyboard is hidden

2018-07-24 18:10:43 - [MESSAGE][PASSED] - Keyboard is hidden

2018-07-24 18:10:46 - [MESSAGE][PASSED] - Keyboard is hidden

2018-07-24 18:10:49 - [MESSAGE][PASSED] - Keyboard is hidden

2018-07-24 18:10:52 - [MESSAGE][PASSED] - Swiped from 0,359 to 0,250

2018-07-24 18:10:52 - [MESSAGE][PASSED] - com.ct.qa.keywords.ChannelKeywords.visitChannelWiseProductsData is PASSED

2018-07-24 18:10:52 - [TEST_STEP][PASSED] - tap: Tapped on element 'Object Repository/ShopOpen/RemainingCategories/SubmitButton'

2018-07-24 18:10:52 - [MESSAGE][WARNING] - Timeout '0' is invalid. Using default page load timeout: '15'

2018-07-24 18:10:53 - [MESSAGE][PASSED] - Tapped on element 'Object Repository/ShopOpen/RemainingCategories/SubmitButton'

2018-07-24 18:10:53 - [TEST_STEP][PASSED] - verifyElementText: Actual text and expected text of test object 'Object Repository/ShopOpen/RemainingCategories/Validate_ProductCategoryAssetScreen' are matched.

2018-07-24 18:10:54 - [MESSAGE][PASSED] - Actual text and expected text of test object 'Object Repository/ShopOpen/RemainingCategories/Validate_ProductCategoryAssetScreen' are matched.

2018-07-24 18:10:54 - [TEST_STEP][PASSED] - tap: Tapped on element 'Object Repository/ShopOpen/RemainingCategories/planogram_ImageView'

2018-07-24 18:10:54 - [MESSAGE][WARNING] - Timeout '0' is invalid. Using default page load timeout: '15'

2018-07-24 18:10:54 - [MESSAGE][PASSED] - Tapped on element 'Object Repository/ShopOpen/RemainingCategories/planogram_ImageView'

2018-07-24 18:10:54 - [TEST_STEP][PASSED] - com.ct.qa.keywords.CommonKeywords.checkPlanogramAvailability: com.ct.qa.keywords.CommonKeywords.checkPlanogramAvailability is PASSED

2018-07-24 18:10:54 - [MESSAGE][WARNING] - Timeout '0' is invalid. Using default page load timeout: '15'

2018-07-24 18:11:10 - [MESSAGE][WARNING] - Object Object Repository/CommonScreenElements/InfoPopUp_OKButton not found
[[ATTACHMENT|F:\\Git Projects\\MMAPlus_Merchandising\\MMAPlus_Merchandising\\Reports\\MMA Plus Merchandising\\20180724_180255\\1532437869975.png]]

2018-07-24 18:11:10 - [MESSAGE][PASSED] - com.ct.qa.keywords.CommonKeywords.checkPlanogramAvailability is PASSED

2018-07-24 18:11:10 - [TEST_STEP][PASSED] - com.ct.qa.keywords.CommonKeywords.closePlanogram: com.ct.qa.keywords.CommonKeywords.closePlanogram is PASSED

2018-07-24 18:11:11 - [MESSAGE][PASSED] - com.ct.qa.keywords.CommonKeywords.closePlanogram is PASSED

2018-07-24 18:11:11 - [TEST_STEP][PASSED] - verifyElementText: Actual text and expected text of test object 'Object Repository/ShopOpen/RemainingCategories/Validate_ProductCategoryAssetScreen' are matched.

2018-07-24 18:11:12 - [MESSAGE][PASSED] - Actual text and expected text of test object 'Object Repository/ShopOpen/RemainingCategories/Validate_ProductCategoryAssetScreen' are matched.

2018-07-24 18:11:12 - [TEST_STEP][PASSED] - com.ct.qa.keywords.CommonKeywords.findPictureImageView: com.ct.qa.keywords.CommonKeywords.findPictureImageView is PASSED

2018-07-24 18:11:12 - [MESSAGE][WARNING] - Timeout '0' is invalid. Using default page load timeout: '15'

2018-07-24 18:11:14 - [MESSAGE][PASSED] - Tapped on element 'Object Repository/CommonScreenElements/Picture_ImageView'

2018-07-24 18:11:14 - [MESSAGE][WARNING] - Timeout '0' is invalid. Using default page load timeout: '15'

2018-07-24 18:11:15 - [MESSAGE][PASSED] - Element 'Object Repository/CommonScreenElements/Validate_CameraScreen' is exist

2018-07-24 18:11:15 - [MESSAGE][WARNING] - Timeout '0' is invalid. Using default page load timeout: '15'

2018-07-24 18:11:18 - [MESSAGE][PASSED] - Tapped on element 'Object Repository/CommonScreenElements/TakePictureButton'

2018-07-24 18:11:23 - [MESSAGE][PASSED] - Delayed 5 second(s)

2018-07-24 18:11:23 - [MESSAGE][WARNING] - Timeout '0' is invalid. Using default page load timeout: '15'

2018-07-24 18:11:24 - [MESSAGE][PASSED] - Tapped on element 'Object Repository/CommonScreenElements/DoneButton'

2018-07-24 18:11:24 - [MESSAGE][PASSED] - com.ct.qa.keywords.CommonKeywords.findPictureImageView is PASSED

2018-07-24 18:11:24 - [TEST_STEP][PASSED] - verifyElementText: Actual text and expected text of test object 'Object Repository/ShopOpen/RemainingCategories/Validate_ProductCategoryAssetScreen' are matched.

2018-07-24 18:11:25 - [MESSAGE][PASSED] - Actual text and expected text of test object 'Object Repository/ShopOpen/RemainingCategories/Validate_ProductCategoryAssetScreen' are matched.

2018-07-24 18:11:25 - [TEST_STEP][PASSED] - tap: Tapped on element 'Object Repository/ShopOpen/RemainingCategories/ProductCategoryAsset_BackButton'

2018-07-24 18:11:25 - [MESSAGE][WARNING] - Timeout '0' is invalid. Using default page load timeout: '15'

2018-07-24 18:11:26 - [MESSAGE][PASSED] - Tapped on element 'Object Repository/ShopOpen/RemainingCategories/ProductCategoryAsset_BackButton'

2018-07-24 18:11:26 - [TEST_STEP][PASSED] - verifyElementExist: Element 'Object Repository/ShopOpen/Validate_ShopCategoriesListScreen' is exist

2018-07-24 18:11:26 - [MESSAGE][WARNING] - Timeout '0' is invalid. Using default page load timeout: '15'

2018-07-24 18:11:28 - [MESSAGE][PASSED] - Element 'Object Repository/ShopOpen/Validate_ShopCategoriesListScreen' is exist

2018-07-24 18:11:28 - [MESSAGE][PASSED] - Call Test Case 'Test Cases/ShopOpen/RemainingCategories/VisitRemainingCategoriesWithDSA' successfully

2018-07-24 18:11:28 - [TEST_CASE][PASSED] - Test Cases/ShopOpen/RemainingCategories/VisitRemainingCategoriesWithDSA: Test Cases/ShopOpen/RemainingCategories/VisitRemainingCategoriesWithDSA

2018-07-24 18:11:28 - [TEST_STEP][PASSED] - verifyElementText: Actual text and expected text of test object 'Object Repository/ShopOpen/RemainingCategories/Validate_RemainingCategoriesDetailScreen' are matched.

2018-07-24 18:11:31 - [MESSAGE][PASSED] - Actual text and expected text of test object 'Object Repository/ShopOpen/RemainingCategories/Validate_RemainingCategoriesDetailScreen' are matched.

2018-07-24 18:11:31 - [TEST_STEP][PASSED] - tap: Tapped on element 'Object Repository/ShopOpen/RemainingCategories/DisplaySpaceAvailable'

2018-07-24 18:11:31 - [MESSAGE][WARNING] - Timeout '0' is invalid. Using default page load timeout: '15'

2018-07-24 18:11:31 - [MESSAGE][PASSED] - Tapped on element 'Object Repository/ShopOpen/RemainingCategories/DisplaySpaceAvailable'

2018-07-24 18:11:31 - [TEST_STEP][PASSED] - verifyElementText: Actual text and expected text of test object 'Object Repository/ShopOpen/RemainingCategories/Validate_ProductCategoryAssetScreen' are matched.

2018-07-24 18:11:34 - [MESSAGE][PASSED] - Actual text and expected text of test object 'Object Repository/ShopOpen/RemainingCategories/Validate_ProductCategoryAssetScreen' are matched.

2018-07-24 18:11:34 - [TEST_STEP][PASSED] - tap: Tapped on element 'Object Repository/ShopOpen/RemainingCategories/Facing'

2018-07-24 18:11:34 - [MESSAGE][WARNING] - Timeout '0' is invalid. Using default page load timeout: '15'

2018-07-24 18:11:34 - [MESSAGE][PASSED] - Tapped on element 'Object Repository/ShopOpen/RemainingCategories/Facing'

2018-07-24 18:11:34 - [TEST_STEP][PASSED] - verifyElementText: Actual text and expected text of test object 'Object Repository/ShopOpen/RemainingCategories/Validate_FacingScreen' are matched.

2018-07-24 18:11:36 - [MESSAGE][PASSED] - Actual text and expected text of test object 'Object Repository/ShopOpen/RemainingCategories/Validate_FacingScreen' are matched.

2018-07-24 18:11:36 - [TEST_STEP][PASSED] - com.ct.qa.keywords.ChannelKeywords.visitChannelWiseProductsData: com.ct.qa.keywords.ChannelKeywords.visitChannelWiseProductsData is PASSED

2018-07-24 18:11:40 - [MESSAGE][PASSED] - Keyboard is hidden

2018-07-24 18:11:43 - [MESSAGE][PASSED] - Keyboard is hidden

2018-07-24 18:11:46 - [MESSAGE][PASSED] - Keyboard is hidden

2018-07-24 18:11:49 - [MESSAGE][PASSED] - Keyboard is hidden

2018-07-24 18:11:52 - [MESSAGE][PASSED] - Keyboard is hidden

2018-07-24 18:11:55 - [MESSAGE][PASSED] - Keyboard is hidden

2018-07-24 18:11:59 - [MESSAGE][PASSED] - Swiped from 0,359 to 0,250

2018-07-24 18:12:02 - [MESSAGE][PASSED] - Keyboard is hidden

2018-07-24 18:12:04 - [MESSAGE][PASSED] - Swiped from 0,359 to 0,250

2018-07-24 18:12:07 - [MESSAGE][PASSED] - Keyboard is hidden

2018-07-24 18:12:09 - [MESSAGE][PASSED] - Swiped from 0,359 to 0,250

2018-07-24 18:12:09 - [MESSAGE][PASSED] - com.ct.qa.keywords.ChannelKeywords.visitChannelWiseProductsData is PASSED

2018-07-24 18:12:09 - [TEST_STEP][PASSED] - tap: Tapped on element 'Object Repository/ShopOpen/RemainingCategories/SubmitButton'

2018-07-24 18:12:09 - [MESSAGE][WARNING] - Timeout '0' is invalid. Using default page load timeout: '15'

2018-07-24 18:12:10 - [MESSAGE][PASSED] - Tapped on element 'Object Repository/ShopOpen/RemainingCategories/SubmitButton'

2018-07-24 18:12:10 - [TEST_STEP][PASSED] - verifyElementText: Actual text and expected text of test object 'Object Repository/ShopOpen/RemainingCategories/Validate_ProductCategoryAssetScreen' are matched.

2018-07-24 18:12:11 - [MESSAGE][PASSED] - Actual text and expected text of test object 'Object Repository/ShopOpen/RemainingCategories/Validate_ProductCategoryAssetScreen' are matched.

2018-07-24 18:12:11 - [TEST_STEP][PASSED] - tap: Tapped on element 'Object Repository/ShopOpen/RemainingCategories/StockTaking'

2018-07-24 18:12:11 - [MESSAGE][WARNING] - Timeout '0' is invalid. Using default page load timeout: '15'

2018-07-24 18:12:12 - [MESSAGE][PASSED] - Tapped on element 'Object Repository/ShopOpen/RemainingCategories/StockTaking'

2018-07-24 18:12:12 - [TEST_STEP][PASSED] - verifyElementText: Actual text and expected text of test object 'Object Repository/ShopOpen/RemainingCategories/Validate_StockTakingScreen' are matched.

2018-07-24 18:12:14 - [MESSAGE][PASSED] - Actual text and expected text of test object 'Object Repository/ShopOpen/RemainingCategories/Validate_StockTakingScreen' are matched.

2018-07-24 18:12:14 - [TEST_STEP][PASSED] - com.ct.qa.keywords.ChannelKeywords.visitChannelWiseProductsData: com.ct.qa.keywords.ChannelKeywords.visitChannelWiseProductsData is PASSED

2018-07-24 18:12:19 - [MESSAGE][PASSED] - Keyboard is hidden

2018-07-24 18:12:22 - [MESSAGE][PASSED] - Keyboard is hidden

2018-07-24 18:12:25 - [MESSAGE][PASSED] - Keyboard is hidden

2018-07-24 18:12:28 - [MESSAGE][PASSED] - Keyboard is hidden

2018-07-24 18:12:31 - [MESSAGE][PASSED] - Keyboard is hidden

2018-07-24 18:12:34 - [MESSAGE][PASSED] - Keyboard is hidden

2018-07-24 18:12:38 - [MESSAGE][PASSED] - Swiped from 0,359 to 0,250

2018-07-24 18:12:40 - [MESSAGE][PASSED] - Keyboard is hidden

2018-07-24 18:12:42 - [MESSAGE][PASSED] - Swiped from 0,359 to 0,250

2018-07-24 18:12:45 - [MESSAGE][PASSED] - Keyboard is hidden

2018-07-24 18:12:47 - [MESSAGE][PASSED] - Swiped from 0,359 to 0,250

2018-07-24 18:12:47 - [MESSAGE][PASSED] - com.ct.qa.keywords.ChannelKeywords.visitChannelWiseProductsData is PASSED

2018-07-24 18:12:47 - [TEST_STEP][PASSED] - tap: Tapped on element 'Object Repository/ShopOpen/RemainingCategories/SubmitButton'

2018-07-24 18:12:47 - [MESSAGE][WARNING] - Timeout '0' is invalid. Using default page load timeout: '15'

2018-07-24 18:12:48 - [MESSAGE][PASSED] - Tapped on element 'Object Repository/ShopOpen/RemainingCategories/SubmitButton'

2018-07-24 18:12:48 - [TEST_STEP][PASSED] - verifyElementText: Actual text and expected text of test object 'Object Repository/ShopOpen/RemainingCategories/Validate_ProductCategoryAssetScreen' are matched.

2018-07-24 18:12:49 - [MESSAGE][PASSED] - Actual text and expected text of test object 'Object Repository/ShopOpen/RemainingCategories/Validate_ProductCategoryAssetScreen' are matched.

2018-07-24 18:12:49 - [TEST_STEP][PASSED] - tap: Tapped on element 'Object Repository/ShopOpen/RemainingCategories/planogram_ImageView'

2018-07-24 18:12:49 - [MESSAGE][WARNING] - Timeout '0' is invalid. Using default page load timeout: '15'

2018-07-24 18:12:50 - [MESSAGE][PASSED] - Tapped on element 'Object Repository/ShopOpen/RemainingCategories/planogram_ImageView'

2018-07-24 18:12:50 - [TEST_STEP][PASSED] - com.ct.qa.keywords.CommonKeywords.checkPlanogramAvailability: com.ct.qa.keywords.CommonKeywords.checkPlanogramAvailability is PASSED

2018-07-24 18:12:50 - [MESSAGE][WARNING] - Timeout '0' is invalid. Using default page load timeout: '15'

2018-07-24 18:13:06 - [MESSAGE][WARNING] - Object Object Repository/CommonScreenElements/InfoPopUp_OKButton not found
[[ATTACHMENT|F:\\Git Projects\\MMAPlus_Merchandising\\MMAPlus_Merchandising\\Reports\\MMA Plus Merchandising\\20180724_180255\\1532437985188.png]]

2018-07-24 18:13:06 - [MESSAGE][PASSED] - com.ct.qa.keywords.CommonKeywords.checkPlanogramAvailability is PASSED

2018-07-24 18:13:06 - [TEST_STEP][PASSED] - com.ct.qa.keywords.CommonKeywords.closePlanogram: com.ct.qa.keywords.CommonKeywords.closePlanogram is PASSED

2018-07-24 18:13:06 - [MESSAGE][PASSED] - com.ct.qa.keywords.CommonKeywords.closePlanogram is PASSED

2018-07-24 18:13:06 - [TEST_STEP][PASSED] - verifyElementText: Actual text and expected text of test object 'Object Repository/ShopOpen/RemainingCategories/Validate_ProductCategoryAssetScreen' are matched.

2018-07-24 18:13:07 - [MESSAGE][PASSED] - Actual text and expected text of test object 'Object Repository/ShopOpen/RemainingCategories/Validate_ProductCategoryAssetScreen' are matched.

2018-07-24 18:13:07 - [TEST_STEP][PASSED] - com.ct.qa.keywords.CommonKeywords.findPictureImageView: com.ct.qa.keywords.CommonKeywords.findPictureImageView is PASSED

2018-07-24 18:13:07 - [MESSAGE][WARNING] - Timeout '0' is invalid. Using default page load timeout: '15'

2018-07-24 18:13:09 - [MESSAGE][PASSED] - Tapped on element 'Object Repository/CommonScreenElements/Picture_ImageView'

2018-07-24 18:13:09 - [MESSAGE][WARNING] - Timeout '0' is invalid. Using default page load timeout: '15'

2018-07-24 18:13:10 - [MESSAGE][PASSED] - Element 'Object Repository/CommonScreenElements/Validate_CameraScreen' is exist

2018-07-24 18:13:10 - [MESSAGE][WARNING] - Timeout '0' is invalid. Using default page load timeout: '15'

2018-07-24 18:13:13 - [MESSAGE][PASSED] - Tapped on element 'Object Repository/CommonScreenElements/TakePictureButton'

2018-07-24 18:13:18 - [MESSAGE][PASSED] - Delayed 5 second(s)

2018-07-24 18:13:19 - [MESSAGE][WARNING] - Timeout '0' is invalid. Using default page load timeout: '15'

2018-07-24 18:13:19 - [MESSAGE][PASSED] - Tapped on element 'Object Repository/CommonScreenElements/DoneButton'

2018-07-24 18:13:19 - [MESSAGE][PASSED] - com.ct.qa.keywords.CommonKeywords.findPictureImageView is PASSED

2018-07-24 18:13:19 - [TEST_STEP][PASSED] - verifyElementText: Actual text and expected text of test object 'Object Repository/ShopOpen/RemainingCategories/Validate_ProductCategoryAssetScreen' are matched.

2018-07-24 18:13:20 - [MESSAGE][PASSED] - Actual text and expected text of test object 'Object Repository/ShopOpen/RemainingCategories/Validate_ProductCategoryAssetScreen' are matched.

2018-07-24 18:13:20 - [TEST_STEP][PASSED] - tap: Tapped on element 'Object Repository/ShopOpen/RemainingCategories/ProductCategoryAsset_BackButton'

2018-07-24 18:13:20 - [MESSAGE][WARNING] - Timeout '0' is invalid. Using default page load timeout: '15'

2018-07-24 18:13:21 - [MESSAGE][PASSED] - Tapped on element 'Object Repository/ShopOpen/RemainingCategories/ProductCategoryAsset_BackButton'

2018-07-24 18:13:21 - [TEST_STEP][PASSED] - verifyElementExist: Element 'Object Repository/ShopOpen/Validate_ShopCategoriesListScreen' is exist

2018-07-24 18:13:21 - [MESSAGE][WARNING] - Timeout '0' is invalid. Using default page load timeout: '15'

2018-07-24 18:13:23 - [MESSAGE][PASSED] - Element 'Object Repository/ShopOpen/Validate_ShopCategoriesListScreen' is exist

2018-07-24 18:13:23 - [MESSAGE][PASSED] - Call Test Case 'Test Cases/ShopOpen/RemainingCategories/VisitRemainingCategoriesWithDSA' successfully

2018-07-24 18:13:23 - [TEST_CASE][PASSED] - Test Cases/ShopOpen/RemainingCategories/VisitRemainingCategoriesWithDSA: Test Cases/ShopOpen/RemainingCategories/VisitRemainingCategoriesWithDSA

2018-07-24 18:13:23 - [TEST_STEP][PASSED] - verifyElementText: Actual text and expected text of test object 'Object Repository/ShopOpen/RemainingCategories/Validate_RemainingCategoriesDetailScreen' are matched.

2018-07-24 18:13:25 - [MESSAGE][PASSED] - Actual text and expected text of test object 'Object Repository/ShopOpen/RemainingCategories/Validate_RemainingCategoriesDetailScreen' are matched.

2018-07-24 18:13:25 - [TEST_STEP][PASSED] - tap: Tapped on element 'Object Repository/ShopOpen/RemainingCategories/DisplaySpaceAvailable'

2018-07-24 18:13:25 - [MESSAGE][WARNING] - Timeout '0' is invalid. Using default page load timeout: '15'

2018-07-24 18:13:25 - [MESSAGE][PASSED] - Tapped on element 'Object Repository/ShopOpen/RemainingCategories/DisplaySpaceAvailable'

2018-07-24 18:13:25 - [TEST_STEP][PASSED] - verifyElementText: Actual text and expected text of test object 'Object Repository/ShopOpen/RemainingCategories/Validate_ProductCategoryAssetScreen' are matched.

2018-07-24 18:13:28 - [MESSAGE][PASSED] - Actual text and expected text of test object 'Object Repository/ShopOpen/RemainingCategories/Validate_ProductCategoryAssetScreen' are matched.

2018-07-24 18:13:28 - [TEST_STEP][PASSED] - tap: Tapped on element 'Object Repository/ShopOpen/RemainingCategories/Facing'

2018-07-24 18:13:28 - [MESSAGE][WARNING] - Timeout '0' is invalid. Using default page load timeout: '15'

2018-07-24 18:13:28 - [MESSAGE][PASSED] - Tapped on element 'Object Repository/ShopOpen/RemainingCategories/Facing'

2018-07-24 18:13:28 - [TEST_STEP][PASSED] - verifyElementText: Actual text and expected text of test object 'Object Repository/ShopOpen/RemainingCategories/Validate_FacingScreen' are matched.

2018-07-24 18:13:30 - [MESSAGE][PASSED] - Actual text and expected text of test object 'Object Repository/ShopOpen/RemainingCategories/Validate_FacingScreen' are matched.

2018-07-24 18:13:30 - [TEST_STEP][PASSED] - com.ct.qa.keywords.ChannelKeywords.visitChannelWiseProductsData: com.ct.qa.keywords.ChannelKeywords.visitChannelWiseProductsData is PASSED

2018-07-24 18:13:33 - [MESSAGE][PASSED] - Keyboard is hidden

2018-07-24 18:13:36 - [MESSAGE][PASSED] - Keyboard is hidden

2018-07-24 18:13:37 - [MESSAGE][PASSED] - com.ct.qa.keywords.ChannelKeywords.visitChannelWiseProductsData is PASSED

2018-07-24 18:13:37 - [TEST_STEP][PASSED] - tap: Tapped on element 'Object Repository/ShopOpen/RemainingCategories/SubmitButton'

2018-07-24 18:13:37 - [MESSAGE][WARNING] - Timeout '0' is invalid. Using default page load timeout: '15'

2018-07-24 18:13:37 - [MESSAGE][PASSED] - Tapped on element 'Object Repository/ShopOpen/RemainingCategories/SubmitButton'

2018-07-24 18:13:37 - [TEST_STEP][PASSED] - verifyElementText: Actual text and expected text of test object 'Object Repository/ShopOpen/RemainingCategories/Validate_ProductCategoryAssetScreen' are matched.

2018-07-24 18:13:38 - [MESSAGE][PASSED] - Actual text and expected text of test object 'Object Repository/ShopOpen/RemainingCategories/Validate_ProductCategoryAssetScreen' are matched.

2018-07-24 18:13:38 - [TEST_STEP][PASSED] - tap: Tapped on element 'Object Repository/ShopOpen/RemainingCategories/StockTaking'

2018-07-24 18:13:38 - [MESSAGE][WARNING] - Timeout '0' is invalid. Using default page load timeout: '15'

2018-07-24 18:13:39 - [MESSAGE][PASSED] - Tapped on element 'Object Repository/ShopOpen/RemainingCategories/StockTaking'

2018-07-24 18:13:39 - [TEST_STEP][PASSED] - verifyElementText: Actual text and expected text of test object 'Object Repository/ShopOpen/RemainingCategories/Validate_StockTakingScreen' are matched.

2018-07-24 18:13:41 - [MESSAGE][PASSED] - Actual text and expected text of test object 'Object Repository/ShopOpen/RemainingCategories/Validate_StockTakingScreen' are matched.

2018-07-24 18:13:41 - [TEST_STEP][PASSED] - com.ct.qa.keywords.ChannelKeywords.visitChannelWiseProductsData: com.ct.qa.keywords.ChannelKeywords.visitChannelWiseProductsData is PASSED

2018-07-24 18:13:44 - [MESSAGE][PASSED] - Keyboard is hidden

2018-07-24 18:13:47 - [MESSAGE][PASSED] - Keyboard is hidden

2018-07-24 18:13:48 - [MESSAGE][PASSED] - com.ct.qa.keywords.ChannelKeywords.visitChannelWiseProductsData is PASSED

2018-07-24 18:13:48 - [TEST_STEP][PASSED] - tap: Tapped on element 'Object Repository/ShopOpen/RemainingCategories/SubmitButton'

2018-07-24 18:13:48 - [MESSAGE][WARNING] - Timeout '0' is invalid. Using default page load timeout: '15'

2018-07-24 18:13:48 - [MESSAGE][PASSED] - Tapped on element 'Object Repository/ShopOpen/RemainingCategories/SubmitButton'

2018-07-24 18:13:48 - [TEST_STEP][PASSED] - verifyElementText: Actual text and expected text of test object 'Object Repository/ShopOpen/RemainingCategories/Validate_ProductCategoryAssetScreen' are matched.

2018-07-24 18:13:49 - [MESSAGE][PASSED] - Actual text and expected text of test object 'Object Repository/ShopOpen/RemainingCategories/Validate_ProductCategoryAssetScreen' are matched.

2018-07-24 18:13:49 - [TEST_STEP][PASSED] - tap: Tapped on element 'Object Repository/ShopOpen/RemainingCategories/planogram_ImageView'

2018-07-24 18:13:49 - [MESSAGE][WARNING] - Timeout '0' is invalid. Using default page load timeout: '15'

2018-07-24 18:13:50 - [MESSAGE][PASSED] - Tapped on element 'Object Repository/ShopOpen/RemainingCategories/planogram_ImageView'

2018-07-24 18:13:50 - [TEST_STEP][PASSED] - com.ct.qa.keywords.CommonKeywords.checkPlanogramAvailability: com.ct.qa.keywords.CommonKeywords.checkPlanogramAvailability is PASSED

2018-07-24 18:13:50 - [MESSAGE][WARNING] - Timeout '0' is invalid. Using default page load timeout: '15'

2018-07-24 18:14:06 - [MESSAGE][WARNING] - Object Object Repository/CommonScreenElements/InfoPopUp_OKButton not found
[[ATTACHMENT|F:\\Git Projects\\MMAPlus_Merchandising\\MMAPlus_Merchandising\\Reports\\MMA Plus Merchandising\\20180724_180255\\1532438045759.png]]

2018-07-24 18:14:06 - [MESSAGE][PASSED] - com.ct.qa.keywords.CommonKeywords.checkPlanogramAvailability is PASSED

2018-07-24 18:14:06 - [TEST_STEP][PASSED] - com.ct.qa.keywords.CommonKeywords.closePlanogram: com.ct.qa.keywords.CommonKeywords.closePlanogram is PASSED

2018-07-24 18:14:07 - [MESSAGE][PASSED] - com.ct.qa.keywords.CommonKeywords.closePlanogram is PASSED

2018-07-24 18:14:07 - [TEST_STEP][PASSED] - verifyElementText: Actual text and expected text of test object 'Object Repository/ShopOpen/RemainingCategories/Validate_ProductCategoryAssetScreen' are matched.

2018-07-24 18:14:08 - [MESSAGE][PASSED] - Actual text and expected text of test object 'Object Repository/ShopOpen/RemainingCategories/Validate_ProductCategoryAssetScreen' are matched.

2018-07-24 18:14:08 - [TEST_STEP][PASSED] - com.ct.qa.keywords.CommonKeywords.findPictureImageView: com.ct.qa.keywords.CommonKeywords.findPictureImageView is PASSED

2018-07-24 18:14:08 - [MESSAGE][WARNING] - Timeout '0' is invalid. Using default page load timeout: '15'

2018-07-24 18:14:10 - [MESSAGE][PASSED] - Tapped on element 'Object Repository/CommonScreenElements/Picture_ImageView'

2018-07-24 18:14:10 - [MESSAGE][WARNING] - Timeout '0' is invalid. Using default page load timeout: '15'

2018-07-24 18:14:11 - [MESSAGE][PASSED] - Element 'Object Repository/CommonScreenElements/Validate_CameraScreen' is exist

2018-07-24 18:14:11 - [MESSAGE][WARNING] - Timeout '0' is invalid. Using default page load timeout: '15'

2018-07-24 18:14:15 - [MESSAGE][PASSED] - Tapped on element 'Object Repository/CommonScreenElements/TakePictureButton'

2018-07-24 18:14:20 - [MESSAGE][PASSED] - Delayed 5 second(s)

2018-07-24 18:14:20 - [MESSAGE][WARNING] - Timeout '0' is invalid. Using default page load timeout: '15'

2018-07-24 18:14:21 - [MESSAGE][PASSED] - Tapped on element 'Object Repository/CommonScreenElements/DoneButton'

2018-07-24 18:14:21 - [MESSAGE][PASSED] - com.ct.qa.keywords.CommonKeywords.findPictureImageView is PASSED

2018-07-24 18:14:21 - [TEST_STEP][PASSED] - verifyElementText: Actual text and expected text of test object 'Object Repository/ShopOpen/RemainingCategories/Validate_ProductCategoryAssetScreen' are matched.

2018-07-24 18:14:21 - [MESSAGE][PASSED] - Actual text and expected text of test object 'Object Repository/ShopOpen/RemainingCategories/Validate_ProductCategoryAssetScreen' are matched.

2018-07-24 18:14:21 - [TEST_STEP][PASSED] - tap: Tapped on element 'Object Repository/ShopOpen/RemainingCategories/ProductCategoryAsset_BackButton'

2018-07-24 18:14:21 - [MESSAGE][WARNING] - Timeout '0' is invalid. Using default page load timeout: '15'

2018-07-24 18:14:22 - [MESSAGE][PASSED] - Tapped on element 'Object Repository/ShopOpen/RemainingCategories/ProductCategoryAsset_BackButton'

2018-07-24 18:14:22 - [TEST_STEP][PASSED] - verifyElementExist: Element 'Object Repository/ShopOpen/Validate_ShopCategoriesListScreen' is exist

2018-07-24 18:14:22 - [MESSAGE][WARNING] - Timeout '0' is invalid. Using default page load timeout: '15'

2018-07-24 18:14:24 - [MESSAGE][PASSED] - Element 'Object Repository/ShopOpen/Validate_ShopCategoriesListScreen' is exist

2018-07-24 18:14:24 - [MESSAGE][PASSED] - Call Test Case 'Test Cases/ShopOpen/RemainingCategories/VisitRemainingCategoriesWithDSA' successfully

2018-07-24 18:14:24 - [TEST_CASE][ERROR] - Test Cases/ShopOpen/RemainingCategories/VisitRemainingCategoriesWithDSA: Test Cases/ShopOpen/RemainingCategories/VisitRemainingCategoriesWithDSA FAILED because (of) Main Category: Juices
Product Category: Juices
displayed products are less than to expected products...

2018-07-24 18:14:24 - [TEST_STEP][PASSED] - verifyElementText: Actual text and expected text of test object 'Object Repository/ShopOpen/RemainingCategories/Validate_RemainingCategoriesDetailScreen' are matched.

2018-07-24 18:14:26 - [MESSAGE][PASSED] - Actual text and expected text of test object 'Object Repository/ShopOpen/RemainingCategories/Validate_RemainingCategoriesDetailScreen' are matched.

2018-07-24 18:14:26 - [TEST_STEP][PASSED] - tap: Tapped on element 'Object Repository/ShopOpen/RemainingCategories/DisplaySpaceAvailable'

2018-07-24 18:14:26 - [MESSAGE][WARNING] - Timeout '0' is invalid. Using default page load timeout: '15'

2018-07-24 18:14:26 - [MESSAGE][PASSED] - Tapped on element 'Object Repository/ShopOpen/RemainingCategories/DisplaySpaceAvailable'

2018-07-24 18:14:26 - [TEST_STEP][PASSED] - verifyElementText: Actual text and expected text of test object 'Object Repository/ShopOpen/RemainingCategories/Validate_ProductCategoryAssetScreen' are matched.

2018-07-24 18:14:29 - [MESSAGE][PASSED] - Actual text and expected text of test object 'Object Repository/ShopOpen/RemainingCategories/Validate_ProductCategoryAssetScreen' are matched.

2018-07-24 18:14:29 - [TEST_STEP][PASSED] - tap: Tapped on element 'Object Repository/ShopOpen/RemainingCategories/Facing'

2018-07-24 18:14:29 - [MESSAGE][WARNING] - Timeout '0' is invalid. Using default page load timeout: '15'

2018-07-24 18:14:30 - [MESSAGE][PASSED] - Tapped on element 'Object Repository/ShopOpen/RemainingCategories/Facing'

2018-07-24 18:14:30 - [TEST_STEP][PASSED] - verifyElementText: Actual text and expected text of test object 'Object Repository/ShopOpen/RemainingCategories/Validate_FacingScreen' are matched.

2018-07-24 18:14:31 - [MESSAGE][PASSED] - Actual text and expected text of test object 'Object Repository/ShopOpen/RemainingCategories/Validate_FacingScreen' are matched.

2018-07-24 18:14:31 - [TEST_STEP][ERROR] - com.ct.qa.keywords.ChannelKeywords.visitChannelWiseProductsData: Main Category: Juices
Product Category: Juices
displayed products are less than to expected products...

2018-07-24 18:14:35 - [MESSAGE][PASSED] - Keyboard is hidden

2018-07-24 18:14:38 - [MESSAGE][PASSED] - Keyboard is hidden

2018-07-24 18:14:41 - [MESSAGE][PASSED] - Keyboard is hidden

2018-07-24 18:14:44 - [MESSAGE][PASSED] - Keyboard is hidden

2018-07-24 18:14:47 - [MESSAGE][PASSED] - Keyboard is hidden

2018-07-24 18:14:50 - [MESSAGE][PASSED] - Keyboard is hidden

2018-07-24 18:14:53 - [MESSAGE][PASSED] - Swiped from 0,359 to 0,250

2018-07-24 18:14:53 - [MESSAGE][ERROR] - Main Category: Juices
Product Category: Juices
displayed products are less than to expected products...

2018-07-24 18:14:53 - [MESSAGE][FAILED] - Unable to call Test Case with id 'Test Cases/ShopOpen/RemainingCategories/VisitRemainingCategoriesWithDSA' (Root cause: Call Test Case 'Test Cases/ShopOpen/RemainingCategories/VisitRemainingCategoriesWithDSA' failed because of error(s))

2018-07-24 18:14:53 - [MESSAGE][ERROR] - Main Category: Juices
Product Category: Juices
displayed products are less than to expected products...

2018-07-24 18:14:53 - [MESSAGE][FAILED] - Unable to call Test Case with id 'Test Cases/ShopOpen/VisitShopCategories' (Root cause: Call Test Case 'Test Cases/ShopOpen/VisitShopCategories' failed because of error(s))

2018-07-24 18:14:53 - [MESSAGE][ERROR] - Main Category: Juices
Product Category: Juices
displayed products are less than to expected products...]]></system-out>
         <system-err><![CDATA[2018-07-24 18:03:20 - [TEST_CASE][ERROR] - Test Cases/Shop/VisitShop: Test Cases/Shop/VisitShop FAILED because (of) Main Category: Juices
Product Category: Juices
displayed products are less than to expected products...]]></system-err>
      </testcase>
      <system-out><![CDATA[2018-07-24 18:02:57 - [TEST_SUITE][ERROR] - MMA Plus Merchandising: Test Cases/Shop/VisitShop FAILED because (of) Main Category: Juices
Product Category: Juices
displayed products are less than to expected products...]]></system-out>
      <system-err><![CDATA[2018-07-24 18:02:57 - [TEST_SUITE][ERROR] - MMA Plus Merchandising: Test Cases/Shop/VisitShop FAILED because (of) Main Category: Juices
Product Category: Juices
displayed products are less than to expected products...]]></system-err>
   </testsuite>
</testsuites>
