<?xml version="1.0" encoding="UTF-8"?>
<testsuites name="MMA Plus Merchandising With Category Level(Chiller Utilization) Overwrite Scenarios" time="112" tests="1" failures="1" errors="0">
   <testsuite name="MMA Plus Merchandising With Category Level(Chiller Utilization) Overwrite Scenarios" tests="1" failures="1" errors="0" time="112" timestamp="2018-09-05 17:50:52" hostname="Fahad Shah - DESKTOP-L12UUAD" id="Test Suites/MMA Plus Merchandising With Category Level(Chiller Utilization) Overwrite Scenarios">
      <properties>
         <property name="deviceName" value="samsung SM-J110H (Android 4.4.4)"/>
         <property name="devicePlatform" value=""/>
         <property name="logFolder" value="F:\\Git Projects\\MMAPlus_Merchandising\\MMAPlus_Merchandising\\Reports\\MMA Plus Merchandising With Category Level(Chiller Utilization) Overwrite Scenarios\\20180905_175050"/>
         <property name="logFiles" value="F:\\Git Projects\\MMAPlus_Merchandising\\MMAPlus_Merchandising\\Reports\\MMA Plus Merchandising With Category Level(Chiller Utilization) Overwrite Scenarios\\20180905_175050\\appium.log, F:\\Git Projects\\MMAPlus_Merchandising\\MMAPlus_Merchandising\\Reports\\MMA Plus Merchandising With Category Level(Chiller Utilization) Overwrite Scenarios\\20180905_175050\\execution0.log"/>
         <property name="attachments" value="F:\\Git Projects\\MMAPlus_Merchandising\\MMAPlus_Merchandising\\Reports\\MMA Plus Merchandising With Category Level(Chiller Utilization) Overwrite Scenarios\\20180905_175050\\1536151963727.png, F:\\Git Projects\\MMAPlus_Merchandising\\MMAPlus_Merchandising\\Reports\\MMA Plus Merchandising With Category Level(Chiller Utilization) Overwrite Scenarios\\20180905_175050\\1536151964913.png"/>
         <property name="hostName" value="Fahad Shah - DESKTOP-L12UUAD"/>
         <property name="os" value="Windows 10 64bit"/>
         <property name="katalonVersion" value="5.6.0.1"/>
         <property name="deviceOS" value="Android"/>
         <property name="appiumVersion" value="1.8.1"/>
         <property name="deviceModel" value="SM-J110H"/>
         <property name="hostAddress" value="192.168.3.198"/>
         <property name="deviceManufacturer" value="samsung"/>
         <property name="deviceId" value="11015a1136d0b24a"/>
         <property name="deviceName" value="samsung SM-J110H (Android 4.4.4)"/>
         <property name="deviceOSVersion" value="4.4.4"/>
      </properties>
      <testcase name="Test Cases/LaunchingApp/LaunchApp" classname="Test Cases/LaunchingApp/LaunchApp" status="PASSED">
         <system-out><![CDATA[2018-09-05 17:50:53 - [TEST_CASE][PASSED] - Test Cases/LaunchingApp/LaunchApp: Test Cases/LaunchingApp/LaunchApp

2018-09-05 17:50:54 - [TEST_STEP][PASSED] - startApplication: Started app at: 'F:\QA_Automation\Builds\mma_300818_local_v150.apk'

2018-09-05 17:51:14 - [MESSAGE][PASSED] - Started app at: 'F:\QA_Automation\Builds\mma_300818_local_v150.apk'

2018-09-05 17:51:14 - [TEST_STEP][PASSED] - delay: Delayed 5 second(s)

2018-09-05 17:51:19 - [MESSAGE][PASSED] - Delayed 5 second(s)]]></system-out>
         <system-err><![CDATA[]]></system-err>
      </testcase>
      <testcase name="Test Cases/VisitShopScenarios/VisitShopsWithCategoryLevel(Chiller Utilization)Overwriting" classname="Test Cases/VisitShopScenarios/VisitShopsWithCategoryLevel(Chiller Utilization)Overwriting" status="FAILED">
         <failure type="FAILED" message="Verify element text of test object 'Object Repository/ShopOpen/ChillerUtilization/Validate_ChillerUtilizationScreen' FAILED. (Root cause: Element 'Object Repository/ShopOpen/ChillerUtilization/Validate_ChillerUtilizationScreen' not found)"/>
         <system-out><![CDATA[2018-09-05 17:51:19 - [TEST_CASE][FAILED] - Test Cases/VisitShopScenarios/VisitShopsWithCategoryLevel(Chiller Utilization)Overwriting: Test Cases/VisitShopScenarios/VisitShopsWithCategoryLevel(Chiller Utilization)Overwriting FAILED because (of) Verify element text of test object 'Object Repository/ShopOpen/ChillerUtilization/Validate_ChillerUtilizationScreen' FAILED. (Root cause: Element 'Object Repository/ShopOpen/ChillerUtilization/Validate_ChillerUtilizationScreen' not found)

2018-09-05 17:51:19 - [TEST_STEP][PASSED] - verifyElementText: Actual text and expected text of test object 'Object Repository/DashboardScreenElements/Validate_DashboardScreen' are matched.

2018-09-05 17:51:20 - [MESSAGE][PASSED] - Actual text and expected text of test object 'Object Repository/DashboardScreenElements/Validate_DashboardScreen' are matched.

2018-09-05 17:51:20 - [TEST_STEP][PASSED] - com.ct.qa.keywords.CommonKeywords.selectday: com.ct.qa.keywords.CommonKeywords.selectday is PASSED

2018-09-05 17:51:20 - [MESSAGE][WARNING] - Timeout '0' is invalid. Using default page load timeout: '5'

2018-09-05 17:51:21 - [MESSAGE][PASSED] - Tapped on element 'Object Repository/DashboardScreenElements/DaysDropdownMenu'

2018-09-05 17:51:21 - [MESSAGE][WARNING] - Timeout '0' is invalid. Using default page load timeout: '5'

2018-09-05 17:51:22 - [MESSAGE][PASSED] - Element 'Object Repository/DashboardScreenElements/Validate_DaysListScreen' is exist

2018-09-05 17:51:24 - [MESSAGE][PASSED] - com.ct.qa.keywords.CommonKeywords.selectday is PASSED

2018-09-05 17:51:24 - [TEST_STEP][PASSED] - tap: Tapped on element 'Object Repository/DashboardScreenElements/StartYourDay'

2018-09-05 17:51:24 - [MESSAGE][WARNING] - Timeout '0' is invalid. Using default page load timeout: '5'

2018-09-05 17:51:25 - [MESSAGE][PASSED] - Tapped on element 'Object Repository/DashboardScreenElements/StartYourDay'

2018-09-05 17:51:25 - [TEST_STEP][PASSED] - verifyElementText: Actual text and expected text of test object 'Object Repository/Validate_ShopListScreen' are matched.

2018-09-05 17:51:27 - [MESSAGE][PASSED] - Actual text and expected text of test object 'Object Repository/Validate_ShopListScreen' are matched.

2018-09-05 17:51:27 - [TEST_STEP][FAILED] - com.ct.qa.keywords.ShopVisitingScenariosKeywords.visitShopsWithCategoryLevel_ChillerUtilization_Overwriting: Verify element text of test object 'Object Repository/ShopOpen/ChillerUtilization/Validate_ChillerUtilizationScreen' FAILED. (Root cause: Element 'Object Repository/ShopOpen/ChillerUtilization/Validate_ChillerUtilizationScreen' not found)

2018-09-05 17:51:31 - [MESSAGE][PASSED] - Actual text and expected text of test object 'Object Repository/Validate_ShopOptionsScreen' are matched.

2018-09-05 17:51:31 - [MESSAGE][WARNING] - Timeout '0' is invalid. Using default page load timeout: '5'

2018-09-05 17:51:31 - [MESSAGE][PASSED] - Tapped on element 'Object Repository/StartWorking'

2018-09-05 17:51:46 - [MESSAGE][PASSED] - Delayed 15 second(s)

2018-09-05 17:51:48 - [MESSAGE][PASSED] - Element 'Object Repository/CommonScreenElements/Validate_MapScreen' is exist

2018-09-05 17:51:48 - [MESSAGE][WARNING] - Timeout '0' is invalid. Using default page load timeout: '5'

2018-09-05 17:51:48 - [MESSAGE][PASSED] - Tapped on element 'Object Repository/CommonScreenElements/Location_CheckIn'

2018-09-05 17:51:48 - [MESSAGE][WARNING] - Timeout '0' is invalid. Using default page load timeout: '5'

2018-09-05 17:51:49 - [MESSAGE][PASSED] - Element 'Object Repository/CommonScreenElements/Validate_InfoPopUP' is exist

2018-09-05 17:51:49 - [MESSAGE][WARNING] - Timeout '0' is invalid. Using default page load timeout: '5'

2018-09-05 17:51:51 - [MESSAGE][PASSED] - Tapped on element 'Object Repository/CommonScreenElements/InfoPopUp_NoButton'

2018-09-05 17:51:51 - [TEST_CASE][PASSED] - Test Cases/ShopOpen/VisitShopOpen: Test Cases/ShopOpen/VisitShopOpen

2018-09-05 17:51:51 - [TEST_STEP][PASSED] - verifyElementExist: Element 'Object Repository/ShopActions_List' is exist

2018-09-05 17:51:51 - [MESSAGE][WARNING] - Timeout '0' is invalid. Using default page load timeout: '5'

2018-09-05 17:51:51 - [MESSAGE][PASSED] - Element 'Object Repository/ShopActions_List' is exist

2018-09-05 17:51:51 - [TEST_STEP][PASSED] - tap: Tapped on element 'Object Repository/ShopOpen/ShopOpen'

2018-09-05 17:51:51 - [MESSAGE][WARNING] - Timeout '0' is invalid. Using default page load timeout: '5'

2018-09-05 17:51:54 - [MESSAGE][PASSED] - Tapped on element 'Object Repository/ShopOpen/ShopOpen'

2018-09-05 17:51:54 - [TEST_STEP][PASSED] - verifyElementExist: Element 'Object Repository/CommonScreenElements/Validate_CameraScreen' is exist

2018-09-05 17:51:54 - [MESSAGE][WARNING] - Timeout '0' is invalid. Using default page load timeout: '5'

2018-09-05 17:51:55 - [MESSAGE][PASSED] - Element 'Object Repository/CommonScreenElements/Validate_CameraScreen' is exist

2018-09-05 17:51:55 - [TEST_STEP][PASSED] - tap: Tapped on element 'Object Repository/CommonScreenElements/TakePictureButton'

2018-09-05 17:51:55 - [MESSAGE][WARNING] - Timeout '0' is invalid. Using default page load timeout: '5'

2018-09-05 17:51:58 - [MESSAGE][PASSED] - Tapped on element 'Object Repository/CommonScreenElements/TakePictureButton'

2018-09-05 17:51:58 - [TEST_STEP][PASSED] - delay: Delayed 5 second(s)

2018-09-05 17:52:03 - [MESSAGE][PASSED] - Delayed 5 second(s)

2018-09-05 17:52:03 - [TEST_STEP][PASSED] - tap: Tapped on element 'Object Repository/CommonScreenElements/DoneButton'

2018-09-05 17:52:03 - [MESSAGE][WARNING] - Timeout '0' is invalid. Using default page load timeout: '5'

2018-09-05 17:52:04 - [MESSAGE][PASSED] - Tapped on element 'Object Repository/CommonScreenElements/DoneButton'

2018-09-05 17:52:04 - [MESSAGE][PASSED] - Call Test Case 'Test Cases/ShopOpen/VisitShopOpen' successfully

2018-09-05 17:52:04 - [TEST_CASE][FAILED] - Test Cases/ShopOpen/VisitCategoryScenarios/VisitShopCategoriesWith_CNAl_CTNAv_NSFD: Test Cases/ShopOpen/VisitCategoryScenarios/VisitShopCategoriesWith_CNAl_CTNAv_NSFD FAILED because (of) Verify element text of test object 'Object Repository/ShopOpen/ChillerUtilization/Validate_ChillerUtilizationScreen' FAILED. (Root cause: Element 'Object Repository/ShopOpen/ChillerUtilization/Validate_ChillerUtilizationScreen' not found)

2018-09-05 17:52:04 - [TEST_STEP][PASSED] - verifyElementExist: Element 'Object Repository/ShopOpen/Validate_ShopCategoriesListScreen' is exist

2018-09-05 17:52:04 - [MESSAGE][WARNING] - Timeout '0' is invalid. Using default page load timeout: '5'

2018-09-05 17:52:06 - [MESSAGE][PASSED] - Element 'Object Repository/ShopOpen/Validate_ShopCategoriesListScreen' is exist

2018-09-05 17:52:06 - [TEST_STEP][FAILED] - com.ct.qa.keywords.CategoryVisitingScenariosKeywords.visitShopCategoriesWith_CNAl_CTNAv_NSFD: Verify element text of test object 'Object Repository/ShopOpen/ChillerUtilization/Validate_ChillerUtilizationScreen' FAILED. (Root cause: Element 'Object Repository/ShopOpen/ChillerUtilization/Validate_ChillerUtilizationScreen' not found)

2018-09-05 17:52:11 - [MESSAGE][PASSED] - Swiped from 0,293 to 0,200

2018-09-05 17:52:14 - [MESSAGE][PASSED] - Swiped from 0,293 to 0,200

2018-09-05 17:52:18 - [MESSAGE][PASSED] - Swiped from 0,293 to 0,200

2018-09-05 17:52:21 - [MESSAGE][PASSED] - Swiped from 0,293 to 0,200

2018-09-05 17:52:24 - [MESSAGE][PASSED] - Swiped from 0,293 to 0,200

2018-09-05 17:52:27 - [MESSAGE][PASSED] - Swiped from 0,293 to 0,200

2018-09-05 17:52:30 - [MESSAGE][PASSED] - Swiped from 0,293 to 0,200

2018-09-05 17:52:33 - [MESSAGE][PASSED] - Swiped from 0,293 to 0,200

2018-09-05 17:52:35 - [MESSAGE][PASSED] - Swiped from 0,200 to 0,750

2018-09-05 17:52:36 - [MESSAGE][PASSED] - Swiped from 0,200 to 0,750

2018-09-05 17:52:38 - [TEST_CASE][FAILED] - Test Cases/ShopOpen/ChillerUtilization/VisitChillerScenarios/VisitChillerUtilizationWith_ChillerTypeNotAvailable: Test Cases/ShopOpen/ChillerUtilization/VisitChillerScenarios/VisitChillerUtilizationWith_ChillerTypeNotAvailable FAILED because (of) Verify element text of test object 'Object Repository/ShopOpen/ChillerUtilization/Validate_ChillerUtilizationScreen' FAILED. (Root cause: Element 'Object Repository/ShopOpen/ChillerUtilization/Validate_ChillerUtilizationScreen' not found)

2018-09-05 17:52:38 - [TEST_STEP][FAILED] - verifyElementText: Verify element text of test object 'Object Repository/ShopOpen/ChillerUtilization/Validate_ChillerUtilizationScreen' FAILED. (Root cause: Element 'Object Repository/ShopOpen/ChillerUtilization/Validate_ChillerUtilizationScreen' not found)

2018-09-05 17:52:44 - [MESSAGE][FAILED] - Element 'Object Repository/ShopOpen/ChillerUtilization/Validate_ChillerUtilizationScreen' not found
[[ATTACHMENT|F:\\Git Projects\\MMAPlus_Merchandising\\MMAPlus_Merchandising\\Reports\\MMA Plus Merchandising With Category Level(Chiller Utilization) Overwrite Scenarios\\20180905_175050\\1536151963727.png]]

2018-09-05 17:52:45 - [MESSAGE][FAILED] - Verify element text of test object 'Object Repository/ShopOpen/ChillerUtilization/Validate_ChillerUtilizationScreen' FAILED. (Root cause: Element 'Object Repository/ShopOpen/ChillerUtilization/Validate_ChillerUtilizationScreen' not found)
[[ATTACHMENT|F:\\Git Projects\\MMAPlus_Merchandising\\MMAPlus_Merchandising\\Reports\\MMA Plus Merchandising With Category Level(Chiller Utilization) Overwrite Scenarios\\20180905_175050\\1536151964913.png]]

2018-09-05 17:52:45 - [MESSAGE][FAILED] - Unable to call Test Case with id 'Test Cases/ShopOpen/ChillerUtilization/VisitChillerScenarios/VisitChillerUtilizationWith_ChillerTypeNotAvailable' (Root cause: Call Test Case 'Test Cases/ShopOpen/ChillerUtilization/VisitChillerScenarios/VisitChillerUtilizationWith_ChillerTypeNotAvailable' failed)

2018-09-05 17:52:45 - [MESSAGE][FAILED] - Verify element text of test object 'Object Repository/ShopOpen/ChillerUtilization/Validate_ChillerUtilizationScreen' FAILED. (Root cause: Element 'Object Repository/ShopOpen/ChillerUtilization/Validate_ChillerUtilizationScreen' not found)

2018-09-05 17:52:45 - [MESSAGE][FAILED] - Unable to call Test Case with id 'Test Cases/ShopOpen/VisitCategoryScenarios/VisitShopCategoriesWith_CNAl_CTNAv_NSFD' (Root cause: Call Test Case 'Test Cases/ShopOpen/VisitCategoryScenarios/VisitShopCategoriesWith_CNAl_CTNAv_NSFD' failed)

2018-09-05 17:52:45 - [MESSAGE][FAILED] - Verify element text of test object 'Object Repository/ShopOpen/ChillerUtilization/Validate_ChillerUtilizationScreen' FAILED. (Root cause: Element 'Object Repository/ShopOpen/ChillerUtilization/Validate_ChillerUtilizationScreen' not found)]]></system-out>
         <system-err><![CDATA[2018-09-05 17:51:19 - [TEST_CASE][FAILED] - Test Cases/VisitShopScenarios/VisitShopsWithCategoryLevel(Chiller Utilization)Overwriting: Test Cases/VisitShopScenarios/VisitShopsWithCategoryLevel(Chiller Utilization)Overwriting FAILED because (of) Verify element text of test object 'Object Repository/ShopOpen/ChillerUtilization/Validate_ChillerUtilizationScreen' FAILED. (Root cause: Element 'Object Repository/ShopOpen/ChillerUtilization/Validate_ChillerUtilizationScreen' not found)]]></system-err>
      </testcase>
      <system-out><![CDATA[2018-09-05 17:50:52 - [TEST_SUITE][FAILED] - MMA Plus Merchandising With Category Level(Chiller Utilization) Overwrite Scenarios: Test Cases/VisitShopScenarios/VisitShopsWithCategoryLevel(Chiller Utilization)Overwriting FAILED because (of) Verify element text of test object 'Object Repository/ShopOpen/ChillerUtilization/Validate_ChillerUtilizationScreen' FAILED. (Root cause: Element 'Object Repository/ShopOpen/ChillerUtilization/Validate_ChillerUtilizationScreen' not found)]]></system-out>
      <system-err><![CDATA[2018-09-05 17:50:52 - [TEST_SUITE][FAILED] - MMA Plus Merchandising With Category Level(Chiller Utilization) Overwrite Scenarios: Test Cases/VisitShopScenarios/VisitShopsWithCategoryLevel(Chiller Utilization)Overwriting FAILED because (of) Verify element text of test object 'Object Repository/ShopOpen/ChillerUtilization/Validate_ChillerUtilizationScreen' FAILED. (Root cause: Element 'Object Repository/ShopOpen/ChillerUtilization/Validate_ChillerUtilizationScreen' not found)]]></system-err>
   </testsuite>
</testsuites>
