<?xml version="1.0" encoding="UTF-8"?>
<testsuites name="MMA Plus Merchandising With Chiller Utilization Data Verification" time="1211" tests="2" failures="0" errors="0">
   <testsuite name="MMA Plus Merchandising With Chiller Utilization Data Verification" tests="2" failures="0" errors="0" time="1211" timestamp="2018-07-30 14:49:55" hostname="Fahad Shah - DESKTOP-L12UUAD" id="Test Suites/MMA Plus Merchandising With Chiller Utilization Data Verification">
      <properties>
         <property name="deviceName" value="samsung SM-J110H (Android 4.4.4)"/>
         <property name="devicePlatform" value=""/>
         <property name="logFolder" value="F:\\Git Projects\\MMAPlus_Merchandising\\MMAPlus_Merchandising\\Reports\\MMA Plus Merchandising With Chiller Utilization Data Verification\\20180730_144953"/>
         <property name="logFiles" value="F:\\Git Projects\\MMAPlus_Merchandising\\MMAPlus_Merchandising\\Reports\\MMA Plus Merchandising With Chiller Utilization Data Verification\\20180730_144953\\appium.log, F:\\Git Projects\\MMAPlus_Merchandising\\MMAPlus_Merchandising\\Reports\\MMA Plus Merchandising With Chiller Utilization Data Verification\\20180730_144953\\execution0.log"/>
         <property name="attachments" value=""/>
         <property name="hostName" value="Fahad Shah - DESKTOP-L12UUAD"/>
         <property name="os" value="Windows 10 64bit"/>
         <property name="katalonVersion" value="5.5.0.1"/>
         <property name="deviceOS" value="Android"/>
         <property name="appiumVersion" value="1.8.1"/>
         <property name="deviceModel" value="SM-J110H"/>
         <property name="hostAddress" value="192.168.3.191"/>
         <property name="deviceManufacturer" value="samsung"/>
         <property name="deviceId" value="11015a1136d0b24a"/>
         <property name="deviceName" value="samsung SM-J110H (Android 4.4.4)"/>
         <property name="deviceOSVersion" value="4.4.4"/>
      </properties>
      <testcase name="Test Cases/LaunchingApp/LaunchApp" classname="Test Cases/LaunchingApp/LaunchApp" status="PASSED">
         <system-out><![CDATA[2018-07-30 14:49:55 - [TEST_CASE][PASSED] - Test Cases/LaunchingApp/LaunchApp: Test Cases/LaunchingApp/LaunchApp

2018-07-30 14:49:56 - [TEST_STEP][PASSED] - startApplication: Started app at: 'F:\QA_Automation\Builds\mmaplus_local_merchandising_030518.apk'

2018-07-30 14:50:14 - [MESSAGE][PASSED] - Started app at: 'F:\QA_Automation\Builds\mmaplus_local_merchandising_030518.apk'

2018-07-30 14:50:14 - [TEST_STEP][PASSED] - delay: Delayed 5 second(s)

2018-07-30 14:50:19 - [MESSAGE][PASSED] - Delayed 5 second(s)]]></system-out>
         <system-err><![CDATA[]]></system-err>
      </testcase>
      <testcase name="Test Cases/VisitShopScenarios/VisitShopsWithDataVerification" classname="Test Cases/VisitShopScenarios/VisitShopsWithDataVerification" status="PASSED">
         <system-out><![CDATA[2018-07-30 14:50:19 - [TEST_CASE][PASSED] - Test Cases/VisitShopScenarios/VisitShopsWithDataVerification: Test Cases/VisitShopScenarios/VisitShopsWithDataVerification

2018-07-30 14:50:19 - [TEST_STEP][PASSED] - verifyElementText: Actual text and expected text of test object 'Object Repository/DashboardScreenElements/Validate_DashboardScreen' are matched.

2018-07-30 14:50:27 - [MESSAGE][PASSED] - Actual text and expected text of test object 'Object Repository/DashboardScreenElements/Validate_DashboardScreen' are matched.

2018-07-30 14:50:27 - [TEST_STEP][PASSED] - com.ct.qa.keywords.CommonKeywords.selectday: com.ct.qa.keywords.CommonKeywords.selectday is PASSED

2018-07-30 14:50:27 - [MESSAGE][WARNING] - Timeout '0' is invalid. Using default page load timeout: '15'

2018-07-30 14:50:28 - [MESSAGE][PASSED] - Tapped on element 'Object Repository/DashboardScreenElements/DaysDropdownMenu'

2018-07-30 14:50:30 - [MESSAGE][PASSED] - com.ct.qa.keywords.CommonKeywords.selectday is PASSED

2018-07-30 14:50:30 - [TEST_STEP][PASSED] - tap: Tapped on element 'Object Repository/DashboardScreenElements/StartYourDay'

2018-07-30 14:50:30 - [MESSAGE][WARNING] - Timeout '0' is invalid. Using default page load timeout: '15'

2018-07-30 14:50:31 - [MESSAGE][PASSED] - Tapped on element 'Object Repository/DashboardScreenElements/StartYourDay'

2018-07-30 14:50:31 - [TEST_STEP][PASSED] - verifyElementText: Actual text and expected text of test object 'Object Repository/Validate_ShopListScreen' are matched.

2018-07-30 14:50:33 - [MESSAGE][PASSED] - Actual text and expected text of test object 'Object Repository/Validate_ShopListScreen' are matched.

2018-07-30 14:50:33 - [TEST_STEP][PASSED] - com.ct.qa.keywords.ShopVisitingScenariosKeywords.visitShopWithDataVerification: com.ct.qa.keywords.ShopVisitingScenariosKeywords.visitShopWithDataVerification is PASSED

2018-07-30 14:50:41 - [MESSAGE][PASSED] - Actual text and expected text of test object 'Object Repository/Validate_ShopOptionsScreen' are matched.

2018-07-30 14:50:41 - [MESSAGE][WARNING] - Timeout '0' is invalid. Using default page load timeout: '15'

2018-07-30 14:50:42 - [MESSAGE][PASSED] - Tapped on element 'Object Repository/StartWorking'

2018-07-30 14:50:57 - [MESSAGE][PASSED] - Delayed 15 second(s)

2018-07-30 14:50:59 - [MESSAGE][PASSED] - Element 'Object Repository/CommonScreenElements/Validate_MapScreen' is exist

2018-07-30 14:50:59 - [MESSAGE][WARNING] - Timeout '0' is invalid. Using default page load timeout: '15'

2018-07-30 14:50:59 - [MESSAGE][PASSED] - Tapped on element 'Object Repository/CommonScreenElements/Location_CheckIn'

2018-07-30 14:50:59 - [MESSAGE][WARNING] - Timeout '0' is invalid. Using default page load timeout: '15'

2018-07-30 14:51:00 - [MESSAGE][PASSED] - Element 'Object Repository/CommonScreenElements/Validate_InfoPopUP' is exist

2018-07-30 14:51:00 - [MESSAGE][WARNING] - Timeout '0' is invalid. Using default page load timeout: '15'

2018-07-30 14:51:01 - [MESSAGE][PASSED] - Tapped on element 'Object Repository/CommonScreenElements/InfoPopUp_NoButton'

2018-07-30 14:51:01 - [TEST_CASE][PASSED] - Test Cases/ShopOpen/VisitShopOpen: Test Cases/ShopOpen/VisitShopOpen

2018-07-30 14:51:02 - [TEST_STEP][PASSED] - verifyElementExist: Element 'Object Repository/ShopActions_List' is exist

2018-07-30 14:51:02 - [MESSAGE][WARNING] - Timeout '0' is invalid. Using default page load timeout: '15'

2018-07-30 14:51:02 - [MESSAGE][PASSED] - Element 'Object Repository/ShopActions_List' is exist

2018-07-30 14:51:02 - [TEST_STEP][PASSED] - tap: Tapped on element 'Object Repository/ShopOpen/ShopOpen'

2018-07-30 14:51:02 - [MESSAGE][WARNING] - Timeout '0' is invalid. Using default page load timeout: '15'

2018-07-30 14:51:04 - [MESSAGE][PASSED] - Tapped on element 'Object Repository/ShopOpen/ShopOpen'

2018-07-30 14:51:04 - [TEST_STEP][PASSED] - verifyElementExist: Element 'Object Repository/CommonScreenElements/Validate_CameraScreen' is exist

2018-07-30 14:51:04 - [MESSAGE][WARNING] - Timeout '0' is invalid. Using default page load timeout: '15'

2018-07-30 14:51:05 - [MESSAGE][PASSED] - Element 'Object Repository/CommonScreenElements/Validate_CameraScreen' is exist

2018-07-30 14:51:05 - [TEST_STEP][PASSED] - tap: Tapped on element 'Object Repository/CommonScreenElements/TakePictureButton'

2018-07-30 14:51:05 - [MESSAGE][WARNING] - Timeout '0' is invalid. Using default page load timeout: '15'

2018-07-30 14:51:08 - [MESSAGE][PASSED] - Tapped on element 'Object Repository/CommonScreenElements/TakePictureButton'

2018-07-30 14:51:08 - [TEST_STEP][PASSED] - delay: Delayed 5 second(s)

2018-07-30 14:51:13 - [MESSAGE][PASSED] - Delayed 5 second(s)

2018-07-30 14:51:13 - [TEST_STEP][PASSED] - tap: Tapped on element 'Object Repository/CommonScreenElements/DoneButton'

2018-07-30 14:51:13 - [MESSAGE][WARNING] - Timeout '0' is invalid. Using default page load timeout: '15'

2018-07-30 14:51:14 - [MESSAGE][PASSED] - Tapped on element 'Object Repository/CommonScreenElements/DoneButton'

2018-07-30 14:51:14 - [MESSAGE][PASSED] - Call Test Case 'Test Cases/ShopOpen/VisitShopOpen' successfully

2018-07-30 14:51:14 - [TEST_CASE][PASSED] - Test Cases/ShopOpen/VisitCategoryScenarios/VisitShopCategoriesWith_CNAl_CAv_DSA: Test Cases/ShopOpen/VisitCategoryScenarios/VisitShopCategoriesWith_CNAl_CAv_DSA

2018-07-30 14:51:14 - [TEST_STEP][PASSED] - verifyElementExist: Element 'Object Repository/ShopOpen/Validate_ShopCategoriesListScreen' is exist

2018-07-30 14:51:14 - [MESSAGE][WARNING] - Timeout '0' is invalid. Using default page load timeout: '15'

2018-07-30 14:51:16 - [MESSAGE][PASSED] - Element 'Object Repository/ShopOpen/Validate_ShopCategoriesListScreen' is exist

2018-07-30 14:51:16 - [TEST_STEP][PASSED] - com.ct.qa.keywords.CategoryVisitingScenariosKeywords.visitShopCategoriesWith_CNAl_CAv_DSA: com.ct.qa.keywords.CategoryVisitingScenariosKeywords.visitShopCategoriesWith_CNAl_CAv_DSA is PASSED

2018-07-30 14:51:19 - [TEST_CASE][PASSED] - Test Cases/ShopOpen/ChillerUtilization/VisitChillerScenarios/VisitMultipletaggedChillersWith_ChillerAvailable: Test Cases/ShopOpen/ChillerUtilization/VisitChillerScenarios/VisitMultipletaggedChillersWith_ChillerAvailable

2018-07-30 14:51:19 - [TEST_STEP][PASSED] - verifyElementText: Actual text and expected text of test object 'Object Repository/ShopOpen/ChillerUtilization/Validate_ChillerUtilizationScreen' are matched.

2018-07-30 14:51:20 - [MESSAGE][PASSED] - Actual text and expected text of test object 'Object Repository/ShopOpen/ChillerUtilization/Validate_ChillerUtilizationScreen' are matched.

2018-07-30 14:51:20 - [TEST_STEP][PASSED] - com.ct.qa.keywords.ChillerVisitingScenariosKeywords.visitMultipleChillersTaggedInChillerUtilization: com.ct.qa.keywords.ChillerVisitingScenariosKeywords.visitMultipleChillersTaggedInChillerUtilization is PASSED

2018-07-30 14:51:22 - [MESSAGE][WARNING] - Timeout '0' is invalid. Using default page load timeout: '15'

2018-07-30 14:51:24 - [MESSAGE][PASSED] - Element 'Object Repository/CommonScreenElements/Validate_CameraScreen' is exist

2018-07-30 14:51:24 - [MESSAGE][WARNING] - Timeout '0' is invalid. Using default page load timeout: '15'

2018-07-30 14:51:27 - [MESSAGE][PASSED] - Tapped on element 'Object Repository/CommonScreenElements/TakePictureButton'

2018-07-30 14:51:32 - [MESSAGE][PASSED] - Delayed 5 second(s)

2018-07-30 14:51:32 - [MESSAGE][WARNING] - Timeout '0' is invalid. Using default page load timeout: '15'

2018-07-30 14:51:33 - [MESSAGE][PASSED] - Tapped on element 'Object Repository/CommonScreenElements/DoneButton'

2018-07-30 14:51:36 - [TEST_CASE][PASSED] - Test Cases/ShopOpen/ChillerUtilization/ChillerAvailable/VisitChillerAvailable: Test Cases/ShopOpen/ChillerUtilization/ChillerAvailable/VisitChillerAvailable

2018-07-30 14:51:37 - [TEST_STEP][PASSED] - verifyElementExist: Element 'Object Repository/ShopOpen/ChillerUtilization/ChillerAvailable/Validate_ChillerAvailableScreen' is exist

2018-07-30 14:51:37 - [MESSAGE][WARNING] - Timeout '0' is invalid. Using default page load timeout: '15'

2018-07-30 14:51:37 - [MESSAGE][PASSED] - Element 'Object Repository/ShopOpen/ChillerUtilization/ChillerAvailable/Validate_ChillerAvailableScreen' is exist

2018-07-30 14:51:37 - [TEST_STEP][PASSED] - tap: Tapped on element 'Object Repository/ShopOpen/ChillerUtilization/ChillerAvailable/Planogram_ImageView'

2018-07-30 14:51:37 - [MESSAGE][WARNING] - Timeout '0' is invalid. Using default page load timeout: '15'

2018-07-30 14:51:38 - [MESSAGE][PASSED] - Tapped on element 'Object Repository/ShopOpen/ChillerUtilization/ChillerAvailable/Planogram_ImageView'

2018-07-30 14:51:38 - [TEST_STEP][PASSED] - com.ct.qa.keywords.CommonKeywords.checkPlanogramAvailability: com.ct.qa.keywords.CommonKeywords.checkPlanogramAvailability is PASSED

2018-07-30 14:51:38 - [MESSAGE][WARNING] - Timeout '0' is invalid. Using default page load timeout: '15'

2018-07-30 14:51:40 - [MESSAGE][PASSED] - Tapped on element 'Object Repository/CommonScreenElements/InfoPopUp_OKButton'

2018-07-30 14:51:40 - [MESSAGE][PASSED] - com.ct.qa.keywords.CommonKeywords.checkPlanogramAvailability is PASSED

2018-07-30 14:51:40 - [TEST_STEP][PASSED] - com.ct.qa.keywords.CommonKeywords.closePlanogram: com.ct.qa.keywords.CommonKeywords.closePlanogram is PASSED

2018-07-30 14:51:42 - [MESSAGE][PASSED] - com.ct.qa.keywords.CommonKeywords.closePlanogram is PASSED

2018-07-30 14:51:42 - [TEST_STEP][PASSED] - verifyElementExist: Element 'Object Repository/ShopOpen/ChillerUtilization/ChillerAvailable/Validate_ChillerAvailableScreen' is exist

2018-07-30 14:51:42 - [MESSAGE][WARNING] - Timeout '0' is invalid. Using default page load timeout: '15'

2018-07-30 14:51:42 - [MESSAGE][PASSED] - Element 'Object Repository/ShopOpen/ChillerUtilization/ChillerAvailable/Validate_ChillerAvailableScreen' is exist

2018-07-30 14:51:42 - [TEST_STEP][PASSED] - com.ct.qa.keywords.CommonKeywords.findPictureImageView: com.ct.qa.keywords.CommonKeywords.findPictureImageView is PASSED

2018-07-30 14:51:43 - [MESSAGE][PASSED] - com.ct.qa.keywords.CommonKeywords.findPictureImageView is PASSED

2018-07-30 14:51:43 - [TEST_STEP][PASSED] - verifyElementExist: Element 'Object Repository/ShopOpen/ChillerUtilization/ChillerAvailable/Validate_ChillerAvailableScreen' is exist

2018-07-30 14:51:43 - [MESSAGE][WARNING] - Timeout '0' is invalid. Using default page load timeout: '15'

2018-07-30 14:51:43 - [MESSAGE][PASSED] - Element 'Object Repository/ShopOpen/ChillerUtilization/ChillerAvailable/Validate_ChillerAvailableScreen' is exist

2018-07-30 14:51:43 - [TEST_STEP][PASSED] - tap: Tapped on element 'Object Repository/ShopOpen/ChillerUtilization/ChillerAvailable/Depth1_TakePicture'

2018-07-30 14:51:43 - [MESSAGE][WARNING] - Timeout '0' is invalid. Using default page load timeout: '15'

2018-07-30 14:51:45 - [MESSAGE][PASSED] - Tapped on element 'Object Repository/ShopOpen/ChillerUtilization/ChillerAvailable/Depth1_TakePicture'

2018-07-30 14:51:45 - [TEST_STEP][PASSED] - verifyElementExist: Element 'Object Repository/CommonScreenElements/Validate_CameraScreen' is exist

2018-07-30 14:51:45 - [MESSAGE][WARNING] - Timeout '0' is invalid. Using default page load timeout: '15'

2018-07-30 14:51:46 - [MESSAGE][PASSED] - Element 'Object Repository/CommonScreenElements/Validate_CameraScreen' is exist

2018-07-30 14:51:46 - [TEST_STEP][PASSED] - tap: Tapped on element 'Object Repository/CommonScreenElements/TakePictureButton'

2018-07-30 14:51:46 - [MESSAGE][WARNING] - Timeout '0' is invalid. Using default page load timeout: '15'

2018-07-30 14:51:49 - [MESSAGE][PASSED] - Tapped on element 'Object Repository/CommonScreenElements/TakePictureButton'

2018-07-30 14:51:49 - [TEST_STEP][PASSED] - delay: Delayed 5 second(s)

2018-07-30 14:51:54 - [MESSAGE][PASSED] - Delayed 5 second(s)

2018-07-30 14:51:54 - [TEST_STEP][PASSED] - tap: Tapped on element 'Object Repository/CommonScreenElements/DoneButton'

2018-07-30 14:51:54 - [MESSAGE][WARNING] - Timeout '0' is invalid. Using default page load timeout: '15'

2018-07-30 14:51:55 - [MESSAGE][PASSED] - Tapped on element 'Object Repository/CommonScreenElements/DoneButton'

2018-07-30 14:51:55 - [TEST_STEP][PASSED] - verifyElementExist: Element 'Object Repository/ShopOpen/ChillerUtilization/ChillerAvailable/Validate_ChillerAvailableScreen' is exist

2018-07-30 14:51:55 - [MESSAGE][WARNING] - Timeout '0' is invalid. Using default page load timeout: '15'

2018-07-30 14:51:56 - [MESSAGE][PASSED] - Element 'Object Repository/ShopOpen/ChillerUtilization/ChillerAvailable/Validate_ChillerAvailableScreen' is exist

2018-07-30 14:51:56 - [TEST_STEP][PASSED] - tap: Tapped on element 'Object Repository/ShopOpen/ChillerUtilization/ChillerAvailable/Depth2TakePicture'

2018-07-30 14:51:56 - [MESSAGE][WARNING] - Timeout '0' is invalid. Using default page load timeout: '15'

2018-07-30 14:51:58 - [MESSAGE][PASSED] - Tapped on element 'Object Repository/ShopOpen/ChillerUtilization/ChillerAvailable/Depth2TakePicture'

2018-07-30 14:51:58 - [TEST_STEP][PASSED] - verifyElementExist: Element 'Object Repository/CommonScreenElements/Validate_CameraScreen' is exist

2018-07-30 14:51:58 - [MESSAGE][WARNING] - Timeout '0' is invalid. Using default page load timeout: '15'

2018-07-30 14:51:59 - [MESSAGE][PASSED] - Element 'Object Repository/CommonScreenElements/Validate_CameraScreen' is exist

2018-07-30 14:51:59 - [TEST_STEP][PASSED] - tap: Tapped on element 'Object Repository/CommonScreenElements/TakePictureButton'

2018-07-30 14:51:59 - [MESSAGE][WARNING] - Timeout '0' is invalid. Using default page load timeout: '15'

2018-07-30 14:52:02 - [MESSAGE][PASSED] - Tapped on element 'Object Repository/CommonScreenElements/TakePictureButton'

2018-07-30 14:52:02 - [TEST_STEP][PASSED] - delay: Delayed 5 second(s)

2018-07-30 14:52:07 - [MESSAGE][PASSED] - Delayed 5 second(s)

2018-07-30 14:52:07 - [TEST_STEP][PASSED] - tap: Tapped on element 'Object Repository/CommonScreenElements/DoneButton'

2018-07-30 14:52:07 - [MESSAGE][WARNING] - Timeout '0' is invalid. Using default page load timeout: '15'

2018-07-30 14:52:08 - [MESSAGE][PASSED] - Tapped on element 'Object Repository/CommonScreenElements/DoneButton'

2018-07-30 14:52:08 - [TEST_STEP][PASSED] - verifyElementExist: Element 'Object Repository/ShopOpen/ChillerUtilization/ChillerAvailable/Validate_ChillerAvailableScreen' is exist

2018-07-30 14:52:08 - [MESSAGE][WARNING] - Timeout '0' is invalid. Using default page load timeout: '15'

2018-07-30 14:52:09 - [MESSAGE][PASSED] - Element 'Object Repository/ShopOpen/ChillerUtilization/ChillerAvailable/Validate_ChillerAvailableScreen' is exist

2018-07-30 14:52:09 - [TEST_STEP][PASSED] - tap: Tapped on element 'Object Repository/ShopOpen/ChillerUtilization/ChillerAvailable/NextButton'

2018-07-30 14:52:09 - [MESSAGE][WARNING] - Timeout '0' is invalid. Using default page load timeout: '15'

2018-07-30 14:52:09 - [MESSAGE][PASSED] - Tapped on element 'Object Repository/ShopOpen/ChillerUtilization/ChillerAvailable/NextButton'

2018-07-30 14:52:09 - [TEST_STEP][PASSED] - verifyElementText: Actual text and expected text of test object 'Object Repository/ShopOpen/ChillerUtilization/ChillerAvailable/Validate_ChillerProductsCategoriesScreen' are matched.

2018-07-30 14:52:11 - [MESSAGE][PASSED] - Actual text and expected text of test object 'Object Repository/ShopOpen/ChillerUtilization/ChillerAvailable/Validate_ChillerProductsCategoriesScreen' are matched.

2018-07-30 14:52:11 - [TEST_STEP][PASSED] - com.ct.qa.keywords.ChillerProductsDataKeywords.visitChillerAvailableProductCategories: com.ct.qa.keywords.ChillerProductsDataKeywords.visitChillerAvailableProductCategories is PASSED

2018-07-30 14:52:26 - [TEST_CASE][PASSED] - Test Cases/ShopOpen/ChillerUtilization/ChillerAvailable/VisitProductCategoryAssets: Test Cases/ShopOpen/ChillerUtilization/ChillerAvailable/VisitProductCategoryAssets

2018-07-30 14:52:26 - [TEST_STEP][PASSED] - verifyElementText: Actual text and expected text of test object 'Object Repository/ShopOpen/ChillerUtilization/ChillerAvailable/Validate_ProductCategoryAssetScreen' are matched.

2018-07-30 14:52:27 - [MESSAGE][PASSED] - Actual text and expected text of test object 'Object Repository/ShopOpen/ChillerUtilization/ChillerAvailable/Validate_ProductCategoryAssetScreen' are matched.

2018-07-30 14:52:27 - [TEST_STEP][PASSED] - tap: Tapped on element 'Object Repository/ShopOpen/ChillerUtilization/ChillerAvailable/Facing'

2018-07-30 14:52:27 - [MESSAGE][WARNING] - Timeout '0' is invalid. Using default page load timeout: '15'

2018-07-30 14:52:28 - [MESSAGE][PASSED] - Tapped on element 'Object Repository/ShopOpen/ChillerUtilization/ChillerAvailable/Facing'

2018-07-30 14:52:28 - [TEST_STEP][PASSED] - verifyElementText: Actual text and expected text of test object 'Object Repository/ShopOpen/ChillerUtilization/ChillerAvailable/Validate_FacingScreen' are matched.

2018-07-30 14:52:30 - [MESSAGE][PASSED] - Actual text and expected text of test object 'Object Repository/ShopOpen/ChillerUtilization/ChillerAvailable/Validate_FacingScreen' are matched.

2018-07-30 14:52:30 - [TEST_STEP][PASSED] - com.ct.qa.keywords.ChillerProductsDataKeywords.visitChillerAvailableProductsData: com.ct.qa.keywords.ChillerProductsDataKeywords.visitChillerAvailableProductsData is PASSED

2018-07-30 14:52:33 - [MESSAGE][PASSED] - Keyboard is hidden

2018-07-30 14:52:34 - [MESSAGE][PASSED] - com.ct.qa.keywords.ChillerProductsDataKeywords.visitChillerAvailableProductsData is PASSED

2018-07-30 14:52:34 - [TEST_STEP][PASSED] - tap: Tapped on element 'Object Repository/ShopOpen/ChillerUtilization/ChillerAvailable/SubmitButton'

2018-07-30 14:52:34 - [MESSAGE][WARNING] - Timeout '0' is invalid. Using default page load timeout: '15'

2018-07-30 14:52:34 - [MESSAGE][PASSED] - Tapped on element 'Object Repository/ShopOpen/ChillerUtilization/ChillerAvailable/SubmitButton'

2018-07-30 14:52:34 - [TEST_STEP][PASSED] - verifyElementText: Actual text and expected text of test object 'Object Repository/ShopOpen/ChillerUtilization/ChillerAvailable/Validate_ProductCategoryAssetScreen' are matched.

2018-07-30 14:52:35 - [MESSAGE][PASSED] - Actual text and expected text of test object 'Object Repository/ShopOpen/ChillerUtilization/ChillerAvailable/Validate_ProductCategoryAssetScreen' are matched.

2018-07-30 14:52:35 - [TEST_STEP][PASSED] - tap: Tapped on element 'Object Repository/ShopOpen/ChillerUtilization/ChillerAvailable/Depth'

2018-07-30 14:52:35 - [MESSAGE][WARNING] - Timeout '0' is invalid. Using default page load timeout: '15'

2018-07-30 14:52:36 - [MESSAGE][PASSED] - Tapped on element 'Object Repository/ShopOpen/ChillerUtilization/ChillerAvailable/Depth'

2018-07-30 14:52:36 - [TEST_STEP][PASSED] - verifyElementText: Actual text and expected text of test object 'Object Repository/ShopOpen/ChillerUtilization/ChillerAvailable/Validate_DepthScreen' are matched.

2018-07-30 14:52:37 - [MESSAGE][PASSED] - Actual text and expected text of test object 'Object Repository/ShopOpen/ChillerUtilization/ChillerAvailable/Validate_DepthScreen' are matched.

2018-07-30 14:52:37 - [TEST_STEP][PASSED] - com.ct.qa.keywords.ChillerProductsDataKeywords.visitChillerAvailableProductsData: com.ct.qa.keywords.ChillerProductsDataKeywords.visitChillerAvailableProductsData is PASSED

2018-07-30 14:52:41 - [MESSAGE][PASSED] - Keyboard is hidden

2018-07-30 14:52:42 - [MESSAGE][PASSED] - com.ct.qa.keywords.ChillerProductsDataKeywords.visitChillerAvailableProductsData is PASSED

2018-07-30 14:52:42 - [TEST_STEP][PASSED] - tap: Tapped on element 'Object Repository/ShopOpen/ChillerUtilization/ChillerAvailable/SubmitButton'

2018-07-30 14:52:42 - [MESSAGE][WARNING] - Timeout '0' is invalid. Using default page load timeout: '15'

2018-07-30 14:52:42 - [MESSAGE][PASSED] - Tapped on element 'Object Repository/ShopOpen/ChillerUtilization/ChillerAvailable/SubmitButton'

2018-07-30 14:52:42 - [TEST_STEP][PASSED] - verifyElementText: Actual text and expected text of test object 'Object Repository/ShopOpen/ChillerUtilization/ChillerAvailable/Validate_ProductCategoryAssetScreen' are matched.

2018-07-30 14:52:43 - [MESSAGE][PASSED] - Actual text and expected text of test object 'Object Repository/ShopOpen/ChillerUtilization/ChillerAvailable/Validate_ProductCategoryAssetScreen' are matched.

2018-07-30 14:52:43 - [TEST_STEP][PASSED] - tap: Tapped on element 'Object Repository/ShopOpen/ChillerUtilization/ChillerAvailable/StockCount'

2018-07-30 14:52:43 - [MESSAGE][WARNING] - Timeout '0' is invalid. Using default page load timeout: '15'

2018-07-30 14:52:44 - [MESSAGE][PASSED] - Tapped on element 'Object Repository/ShopOpen/ChillerUtilization/ChillerAvailable/StockCount'

2018-07-30 14:52:44 - [TEST_STEP][PASSED] - verifyElementText: Actual text and expected text of test object 'Object Repository/ShopOpen/ChillerUtilization/ChillerAvailable/Validate_StockCountScreen' are matched.

2018-07-30 14:52:45 - [MESSAGE][PASSED] - Actual text and expected text of test object 'Object Repository/ShopOpen/ChillerUtilization/ChillerAvailable/Validate_StockCountScreen' are matched.

2018-07-30 14:52:45 - [TEST_STEP][PASSED] - com.ct.qa.keywords.ChillerProductsDataKeywords.visitChillerAvailableProductsData: com.ct.qa.keywords.ChillerProductsDataKeywords.visitChillerAvailableProductsData is PASSED

2018-07-30 14:52:49 - [MESSAGE][PASSED] - Keyboard is hidden

2018-07-30 14:52:50 - [MESSAGE][PASSED] - com.ct.qa.keywords.ChillerProductsDataKeywords.visitChillerAvailableProductsData is PASSED

2018-07-30 14:52:50 - [TEST_STEP][PASSED] - tap: Tapped on element 'Object Repository/ShopOpen/ChillerUtilization/ChillerAvailable/SubmitButton'

2018-07-30 14:52:50 - [MESSAGE][WARNING] - Timeout '0' is invalid. Using default page load timeout: '15'

2018-07-30 14:52:50 - [MESSAGE][PASSED] - Tapped on element 'Object Repository/ShopOpen/ChillerUtilization/ChillerAvailable/SubmitButton'

2018-07-30 14:52:50 - [TEST_STEP][PASSED] - verifyElementText: Actual text and expected text of test object 'Object Repository/ShopOpen/ChillerUtilization/ChillerAvailable/Validate_ProductCategoryAssetScreen' are matched.

2018-07-30 14:52:51 - [MESSAGE][PASSED] - Actual text and expected text of test object 'Object Repository/ShopOpen/ChillerUtilization/ChillerAvailable/Validate_ProductCategoryAssetScreen' are matched.

2018-07-30 14:52:51 - [TEST_STEP][PASSED] - tap: Tapped on element 'Object Repository/ShopOpen/ChillerUtilization/ChillerAvailable/PorductCategoryActions_BackButton'

2018-07-30 14:52:51 - [MESSAGE][WARNING] - Timeout '0' is invalid. Using default page load timeout: '15'

2018-07-30 14:52:52 - [MESSAGE][PASSED] - Tapped on element 'Object Repository/ShopOpen/ChillerUtilization/ChillerAvailable/PorductCategoryActions_BackButton'

2018-07-30 14:52:52 - [TEST_STEP][PASSED] - verifyElementText: Actual text and expected text of test object 'Object Repository/ShopOpen/ChillerUtilization/ChillerAvailable/Validate_ChillerProductsCategoriesScreen' are matched.

2018-07-30 14:52:53 - [MESSAGE][PASSED] - Actual text and expected text of test object 'Object Repository/ShopOpen/ChillerUtilization/ChillerAvailable/Validate_ChillerProductsCategoriesScreen' are matched.

2018-07-30 14:52:53 - [MESSAGE][PASSED] - Call Test Case 'Test Cases/ShopOpen/ChillerUtilization/ChillerAvailable/VisitProductCategoryAssets' successfully

2018-07-30 14:52:54 - [TEST_CASE][PASSED] - Test Cases/ShopOpen/ChillerUtilization/ChillerAvailable/VisitProductCategoryAssets: Test Cases/ShopOpen/ChillerUtilization/ChillerAvailable/VisitProductCategoryAssets

2018-07-30 14:52:54 - [TEST_STEP][PASSED] - verifyElementText: Actual text and expected text of test object 'Object Repository/ShopOpen/ChillerUtilization/ChillerAvailable/Validate_ProductCategoryAssetScreen' are matched.

2018-07-30 14:52:56 - [MESSAGE][PASSED] - Actual text and expected text of test object 'Object Repository/ShopOpen/ChillerUtilization/ChillerAvailable/Validate_ProductCategoryAssetScreen' are matched.

2018-07-30 14:52:56 - [TEST_STEP][PASSED] - tap: Tapped on element 'Object Repository/ShopOpen/ChillerUtilization/ChillerAvailable/Facing'

2018-07-30 14:52:56 - [MESSAGE][WARNING] - Timeout '0' is invalid. Using default page load timeout: '15'

2018-07-30 14:52:56 - [MESSAGE][PASSED] - Tapped on element 'Object Repository/ShopOpen/ChillerUtilization/ChillerAvailable/Facing'

2018-07-30 14:52:56 - [TEST_STEP][PASSED] - verifyElementText: Actual text and expected text of test object 'Object Repository/ShopOpen/ChillerUtilization/ChillerAvailable/Validate_FacingScreen' are matched.

2018-07-30 14:52:58 - [MESSAGE][PASSED] - Actual text and expected text of test object 'Object Repository/ShopOpen/ChillerUtilization/ChillerAvailable/Validate_FacingScreen' are matched.

2018-07-30 14:52:58 - [TEST_STEP][PASSED] - com.ct.qa.keywords.ChillerProductsDataKeywords.visitChillerAvailableProductsData: com.ct.qa.keywords.ChillerProductsDataKeywords.visitChillerAvailableProductsData is PASSED

2018-07-30 14:53:02 - [MESSAGE][PASSED] - Keyboard is hidden

2018-07-30 14:53:05 - [MESSAGE][PASSED] - Keyboard is hidden

2018-07-30 14:53:08 - [MESSAGE][PASSED] - Keyboard is hidden

2018-07-30 14:53:09 - [MESSAGE][PASSED] - com.ct.qa.keywords.ChillerProductsDataKeywords.visitChillerAvailableProductsData is PASSED

2018-07-30 14:53:09 - [TEST_STEP][PASSED] - tap: Tapped on element 'Object Repository/ShopOpen/ChillerUtilization/ChillerAvailable/SubmitButton'

2018-07-30 14:53:09 - [MESSAGE][WARNING] - Timeout '0' is invalid. Using default page load timeout: '15'

2018-07-30 14:53:10 - [MESSAGE][PASSED] - Tapped on element 'Object Repository/ShopOpen/ChillerUtilization/ChillerAvailable/SubmitButton'

2018-07-30 14:53:10 - [TEST_STEP][PASSED] - verifyElementText: Actual text and expected text of test object 'Object Repository/ShopOpen/ChillerUtilization/ChillerAvailable/Validate_ProductCategoryAssetScreen' are matched.

2018-07-30 14:53:11 - [MESSAGE][PASSED] - Actual text and expected text of test object 'Object Repository/ShopOpen/ChillerUtilization/ChillerAvailable/Validate_ProductCategoryAssetScreen' are matched.

2018-07-30 14:53:11 - [TEST_STEP][PASSED] - tap: Tapped on element 'Object Repository/ShopOpen/ChillerUtilization/ChillerAvailable/Depth'

2018-07-30 14:53:11 - [MESSAGE][WARNING] - Timeout '0' is invalid. Using default page load timeout: '15'

2018-07-30 14:53:11 - [MESSAGE][PASSED] - Tapped on element 'Object Repository/ShopOpen/ChillerUtilization/ChillerAvailable/Depth'

2018-07-30 14:53:11 - [TEST_STEP][PASSED] - verifyElementText: Actual text and expected text of test object 'Object Repository/ShopOpen/ChillerUtilization/ChillerAvailable/Validate_DepthScreen' are matched.

2018-07-30 14:53:13 - [MESSAGE][PASSED] - Actual text and expected text of test object 'Object Repository/ShopOpen/ChillerUtilization/ChillerAvailable/Validate_DepthScreen' are matched.

2018-07-30 14:53:13 - [TEST_STEP][PASSED] - com.ct.qa.keywords.ChillerProductsDataKeywords.visitChillerAvailableProductsData: com.ct.qa.keywords.ChillerProductsDataKeywords.visitChillerAvailableProductsData is PASSED

2018-07-30 14:53:17 - [MESSAGE][PASSED] - Keyboard is hidden

2018-07-30 14:53:20 - [MESSAGE][PASSED] - Keyboard is hidden

2018-07-30 14:53:23 - [MESSAGE][PASSED] - Keyboard is hidden

2018-07-30 14:53:24 - [MESSAGE][PASSED] - com.ct.qa.keywords.ChillerProductsDataKeywords.visitChillerAvailableProductsData is PASSED

2018-07-30 14:53:24 - [TEST_STEP][PASSED] - tap: Tapped on element 'Object Repository/ShopOpen/ChillerUtilization/ChillerAvailable/SubmitButton'

2018-07-30 14:53:24 - [MESSAGE][WARNING] - Timeout '0' is invalid. Using default page load timeout: '15'

2018-07-30 14:53:25 - [MESSAGE][PASSED] - Tapped on element 'Object Repository/ShopOpen/ChillerUtilization/ChillerAvailable/SubmitButton'

2018-07-30 14:53:25 - [TEST_STEP][PASSED] - verifyElementText: Actual text and expected text of test object 'Object Repository/ShopOpen/ChillerUtilization/ChillerAvailable/Validate_ProductCategoryAssetScreen' are matched.

2018-07-30 14:53:26 - [MESSAGE][PASSED] - Actual text and expected text of test object 'Object Repository/ShopOpen/ChillerUtilization/ChillerAvailable/Validate_ProductCategoryAssetScreen' are matched.

2018-07-30 14:53:26 - [TEST_STEP][PASSED] - tap: Tapped on element 'Object Repository/ShopOpen/ChillerUtilization/ChillerAvailable/StockCount'

2018-07-30 14:53:26 - [MESSAGE][WARNING] - Timeout '0' is invalid. Using default page load timeout: '15'

2018-07-30 14:53:26 - [MESSAGE][PASSED] - Tapped on element 'Object Repository/ShopOpen/ChillerUtilization/ChillerAvailable/StockCount'

2018-07-30 14:53:26 - [TEST_STEP][PASSED] - verifyElementText: Actual text and expected text of test object 'Object Repository/ShopOpen/ChillerUtilization/ChillerAvailable/Validate_StockCountScreen' are matched.

2018-07-30 14:53:28 - [MESSAGE][PASSED] - Actual text and expected text of test object 'Object Repository/ShopOpen/ChillerUtilization/ChillerAvailable/Validate_StockCountScreen' are matched.

2018-07-30 14:53:28 - [TEST_STEP][PASSED] - com.ct.qa.keywords.ChillerProductsDataKeywords.visitChillerAvailableProductsData: com.ct.qa.keywords.ChillerProductsDataKeywords.visitChillerAvailableProductsData is PASSED

2018-07-30 14:53:32 - [MESSAGE][PASSED] - Keyboard is hidden

2018-07-30 14:53:35 - [MESSAGE][PASSED] - Keyboard is hidden

2018-07-30 14:53:38 - [MESSAGE][PASSED] - Keyboard is hidden

2018-07-30 14:53:39 - [MESSAGE][PASSED] - com.ct.qa.keywords.ChillerProductsDataKeywords.visitChillerAvailableProductsData is PASSED

2018-07-30 14:53:39 - [TEST_STEP][PASSED] - tap: Tapped on element 'Object Repository/ShopOpen/ChillerUtilization/ChillerAvailable/SubmitButton'

2018-07-30 14:53:39 - [MESSAGE][WARNING] - Timeout '0' is invalid. Using default page load timeout: '15'

2018-07-30 14:53:40 - [MESSAGE][PASSED] - Tapped on element 'Object Repository/ShopOpen/ChillerUtilization/ChillerAvailable/SubmitButton'

2018-07-30 14:53:40 - [TEST_STEP][PASSED] - verifyElementText: Actual text and expected text of test object 'Object Repository/ShopOpen/ChillerUtilization/ChillerAvailable/Validate_ProductCategoryAssetScreen' are matched.

2018-07-30 14:53:41 - [MESSAGE][PASSED] - Actual text and expected text of test object 'Object Repository/ShopOpen/ChillerUtilization/ChillerAvailable/Validate_ProductCategoryAssetScreen' are matched.

2018-07-30 14:53:41 - [TEST_STEP][PASSED] - tap: Tapped on element 'Object Repository/ShopOpen/ChillerUtilization/ChillerAvailable/PorductCategoryActions_BackButton'

2018-07-30 14:53:41 - [MESSAGE][WARNING] - Timeout '0' is invalid. Using default page load timeout: '15'

2018-07-30 14:53:41 - [MESSAGE][PASSED] - Tapped on element 'Object Repository/ShopOpen/ChillerUtilization/ChillerAvailable/PorductCategoryActions_BackButton'

2018-07-30 14:53:41 - [TEST_STEP][PASSED] - verifyElementText: Actual text and expected text of test object 'Object Repository/ShopOpen/ChillerUtilization/ChillerAvailable/Validate_ChillerProductsCategoriesScreen' are matched.

2018-07-30 14:53:42 - [MESSAGE][PASSED] - Actual text and expected text of test object 'Object Repository/ShopOpen/ChillerUtilization/ChillerAvailable/Validate_ChillerProductsCategoriesScreen' are matched.

2018-07-30 14:53:42 - [MESSAGE][PASSED] - Call Test Case 'Test Cases/ShopOpen/ChillerUtilization/ChillerAvailable/VisitProductCategoryAssets' successfully

2018-07-30 14:53:43 - [TEST_CASE][PASSED] - Test Cases/ShopOpen/ChillerUtilization/ChillerAvailable/VisitProductCategoryAssets: Test Cases/ShopOpen/ChillerUtilization/ChillerAvailable/VisitProductCategoryAssets

2018-07-30 14:53:43 - [TEST_STEP][PASSED] - verifyElementText: Actual text and expected text of test object 'Object Repository/ShopOpen/ChillerUtilization/ChillerAvailable/Validate_ProductCategoryAssetScreen' are matched.

2018-07-30 14:53:45 - [MESSAGE][PASSED] - Actual text and expected text of test object 'Object Repository/ShopOpen/ChillerUtilization/ChillerAvailable/Validate_ProductCategoryAssetScreen' are matched.

2018-07-30 14:53:45 - [TEST_STEP][PASSED] - tap: Tapped on element 'Object Repository/ShopOpen/ChillerUtilization/ChillerAvailable/Facing'

2018-07-30 14:53:45 - [MESSAGE][WARNING] - Timeout '0' is invalid. Using default page load timeout: '15'

2018-07-30 14:53:45 - [MESSAGE][PASSED] - Tapped on element 'Object Repository/ShopOpen/ChillerUtilization/ChillerAvailable/Facing'

2018-07-30 14:53:45 - [TEST_STEP][PASSED] - verifyElementText: Actual text and expected text of test object 'Object Repository/ShopOpen/ChillerUtilization/ChillerAvailable/Validate_FacingScreen' are matched.

2018-07-30 14:53:47 - [MESSAGE][PASSED] - Actual text and expected text of test object 'Object Repository/ShopOpen/ChillerUtilization/ChillerAvailable/Validate_FacingScreen' are matched.

2018-07-30 14:53:47 - [TEST_STEP][PASSED] - com.ct.qa.keywords.ChillerProductsDataKeywords.visitChillerAvailableProductsData: com.ct.qa.keywords.ChillerProductsDataKeywords.visitChillerAvailableProductsData is PASSED

2018-07-30 14:53:52 - [MESSAGE][PASSED] - Keyboard is hidden

2018-07-30 14:53:55 - [MESSAGE][PASSED] - Keyboard is hidden

2018-07-30 14:53:58 - [MESSAGE][PASSED] - Keyboard is hidden

2018-07-30 14:54:01 - [MESSAGE][PASSED] - Keyboard is hidden

2018-07-30 14:54:04 - [MESSAGE][PASSED] - Keyboard is hidden

2018-07-30 14:54:07 - [MESSAGE][PASSED] - Keyboard is hidden

2018-07-30 14:54:10 - [MESSAGE][PASSED] - Swiped from 55,359 to 55,250

2018-07-30 14:54:14 - [MESSAGE][PASSED] - Keyboard is hidden

2018-07-30 14:54:15 - [MESSAGE][PASSED] - Swiped from 55,359 to 55,250

2018-07-30 14:54:19 - [MESSAGE][PASSED] - Keyboard is hidden

2018-07-30 14:54:20 - [MESSAGE][PASSED] - Swiped from 55,359 to 55,250

2018-07-30 14:54:24 - [MESSAGE][PASSED] - Keyboard is hidden

2018-07-30 14:54:25 - [MESSAGE][PASSED] - Swiped from 55,359 to 55,250

2018-07-30 14:54:26 - [MESSAGE][PASSED] - com.ct.qa.keywords.ChillerProductsDataKeywords.visitChillerAvailableProductsData is PASSED

2018-07-30 14:54:26 - [TEST_STEP][PASSED] - tap: Tapped on element 'Object Repository/ShopOpen/ChillerUtilization/ChillerAvailable/SubmitButton'

2018-07-30 14:54:26 - [MESSAGE][WARNING] - Timeout '0' is invalid. Using default page load timeout: '15'

2018-07-30 14:54:27 - [MESSAGE][PASSED] - Tapped on element 'Object Repository/ShopOpen/ChillerUtilization/ChillerAvailable/SubmitButton'

2018-07-30 14:54:27 - [TEST_STEP][PASSED] - verifyElementText: Actual text and expected text of test object 'Object Repository/ShopOpen/ChillerUtilization/ChillerAvailable/Validate_ProductCategoryAssetScreen' are matched.

2018-07-30 14:54:28 - [MESSAGE][PASSED] - Actual text and expected text of test object 'Object Repository/ShopOpen/ChillerUtilization/ChillerAvailable/Validate_ProductCategoryAssetScreen' are matched.

2018-07-30 14:54:28 - [TEST_STEP][PASSED] - tap: Tapped on element 'Object Repository/ShopOpen/ChillerUtilization/ChillerAvailable/Depth'

2018-07-30 14:54:28 - [MESSAGE][WARNING] - Timeout '0' is invalid. Using default page load timeout: '15'

2018-07-30 14:54:29 - [MESSAGE][PASSED] - Tapped on element 'Object Repository/ShopOpen/ChillerUtilization/ChillerAvailable/Depth'

2018-07-30 14:54:29 - [TEST_STEP][PASSED] - verifyElementText: Actual text and expected text of test object 'Object Repository/ShopOpen/ChillerUtilization/ChillerAvailable/Validate_DepthScreen' are matched.

2018-07-30 14:54:30 - [MESSAGE][PASSED] - Actual text and expected text of test object 'Object Repository/ShopOpen/ChillerUtilization/ChillerAvailable/Validate_DepthScreen' are matched.

2018-07-30 14:54:30 - [TEST_STEP][PASSED] - com.ct.qa.keywords.ChillerProductsDataKeywords.visitChillerAvailableProductsData: com.ct.qa.keywords.ChillerProductsDataKeywords.visitChillerAvailableProductsData is PASSED

2018-07-30 14:54:36 - [MESSAGE][PASSED] - Keyboard is hidden

2018-07-30 14:54:39 - [MESSAGE][PASSED] - Keyboard is hidden

2018-07-30 14:54:42 - [MESSAGE][PASSED] - Keyboard is hidden

2018-07-30 14:54:45 - [MESSAGE][PASSED] - Keyboard is hidden

2018-07-30 14:54:48 - [MESSAGE][PASSED] - Keyboard is hidden

2018-07-30 14:54:51 - [MESSAGE][PASSED] - Keyboard is hidden

2018-07-30 14:54:53 - [MESSAGE][PASSED] - Swiped from 55,359 to 55,250

2018-07-30 14:54:57 - [MESSAGE][PASSED] - Keyboard is hidden

2018-07-30 14:54:58 - [MESSAGE][PASSED] - Swiped from 55,359 to 55,250

2018-07-30 14:55:02 - [MESSAGE][PASSED] - Keyboard is hidden

2018-07-30 14:55:03 - [MESSAGE][PASSED] - Swiped from 55,359 to 55,250

2018-07-30 14:55:07 - [MESSAGE][PASSED] - Keyboard is hidden

2018-07-30 14:55:08 - [MESSAGE][PASSED] - Swiped from 55,359 to 55,250

2018-07-30 14:55:10 - [MESSAGE][PASSED] - com.ct.qa.keywords.ChillerProductsDataKeywords.visitChillerAvailableProductsData is PASSED

2018-07-30 14:55:10 - [TEST_STEP][PASSED] - tap: Tapped on element 'Object Repository/ShopOpen/ChillerUtilization/ChillerAvailable/SubmitButton'

2018-07-30 14:55:10 - [MESSAGE][WARNING] - Timeout '0' is invalid. Using default page load timeout: '15'

2018-07-30 14:55:10 - [MESSAGE][PASSED] - Tapped on element 'Object Repository/ShopOpen/ChillerUtilization/ChillerAvailable/SubmitButton'

2018-07-30 14:55:10 - [TEST_STEP][PASSED] - verifyElementText: Actual text and expected text of test object 'Object Repository/ShopOpen/ChillerUtilization/ChillerAvailable/Validate_ProductCategoryAssetScreen' are matched.

2018-07-30 14:55:11 - [MESSAGE][PASSED] - Actual text and expected text of test object 'Object Repository/ShopOpen/ChillerUtilization/ChillerAvailable/Validate_ProductCategoryAssetScreen' are matched.

2018-07-30 14:55:11 - [TEST_STEP][PASSED] - tap: Tapped on element 'Object Repository/ShopOpen/ChillerUtilization/ChillerAvailable/StockCount'

2018-07-30 14:55:11 - [MESSAGE][WARNING] - Timeout '0' is invalid. Using default page load timeout: '15'

2018-07-30 14:55:12 - [MESSAGE][PASSED] - Tapped on element 'Object Repository/ShopOpen/ChillerUtilization/ChillerAvailable/StockCount'

2018-07-30 14:55:12 - [TEST_STEP][PASSED] - verifyElementText: Actual text and expected text of test object 'Object Repository/ShopOpen/ChillerUtilization/ChillerAvailable/Validate_StockCountScreen' are matched.

2018-07-30 14:55:14 - [MESSAGE][PASSED] - Actual text and expected text of test object 'Object Repository/ShopOpen/ChillerUtilization/ChillerAvailable/Validate_StockCountScreen' are matched.

2018-07-30 14:55:14 - [TEST_STEP][PASSED] - com.ct.qa.keywords.ChillerProductsDataKeywords.visitChillerAvailableProductsData: com.ct.qa.keywords.ChillerProductsDataKeywords.visitChillerAvailableProductsData is PASSED

2018-07-30 14:55:18 - [MESSAGE][PASSED] - Keyboard is hidden

2018-07-30 14:55:21 - [MESSAGE][PASSED] - Keyboard is hidden

2018-07-30 14:55:24 - [MESSAGE][PASSED] - Keyboard is hidden

2018-07-30 14:55:27 - [MESSAGE][PASSED] - Keyboard is hidden

2018-07-30 14:55:30 - [MESSAGE][PASSED] - Keyboard is hidden

2018-07-30 14:55:33 - [MESSAGE][PASSED] - Keyboard is hidden

2018-07-30 14:55:36 - [MESSAGE][PASSED] - Swiped from 55,359 to 55,250

2018-07-30 14:55:40 - [MESSAGE][PASSED] - Keyboard is hidden

2018-07-30 14:55:41 - [MESSAGE][PASSED] - Swiped from 55,359 to 55,250

2018-07-30 14:55:45 - [MESSAGE][PASSED] - Keyboard is hidden

2018-07-30 14:55:46 - [MESSAGE][PASSED] - Swiped from 55,359 to 55,250

2018-07-30 14:55:50 - [MESSAGE][PASSED] - Keyboard is hidden

2018-07-30 14:55:51 - [MESSAGE][PASSED] - Swiped from 55,359 to 55,250

2018-07-30 14:55:52 - [MESSAGE][PASSED] - com.ct.qa.keywords.ChillerProductsDataKeywords.visitChillerAvailableProductsData is PASSED

2018-07-30 14:55:52 - [TEST_STEP][PASSED] - tap: Tapped on element 'Object Repository/ShopOpen/ChillerUtilization/ChillerAvailable/SubmitButton'

2018-07-30 14:55:52 - [MESSAGE][WARNING] - Timeout '0' is invalid. Using default page load timeout: '15'

2018-07-30 14:55:54 - [MESSAGE][PASSED] - Tapped on element 'Object Repository/ShopOpen/ChillerUtilization/ChillerAvailable/SubmitButton'

2018-07-30 14:55:54 - [TEST_STEP][PASSED] - verifyElementText: Actual text and expected text of test object 'Object Repository/ShopOpen/ChillerUtilization/ChillerAvailable/Validate_ProductCategoryAssetScreen' are matched.

2018-07-30 14:55:54 - [MESSAGE][PASSED] - Actual text and expected text of test object 'Object Repository/ShopOpen/ChillerUtilization/ChillerAvailable/Validate_ProductCategoryAssetScreen' are matched.

2018-07-30 14:55:54 - [TEST_STEP][PASSED] - tap: Tapped on element 'Object Repository/ShopOpen/ChillerUtilization/ChillerAvailable/PorductCategoryActions_BackButton'

2018-07-30 14:55:54 - [MESSAGE][WARNING] - Timeout '0' is invalid. Using default page load timeout: '15'

2018-07-30 14:55:55 - [MESSAGE][PASSED] - Tapped on element 'Object Repository/ShopOpen/ChillerUtilization/ChillerAvailable/PorductCategoryActions_BackButton'

2018-07-30 14:55:55 - [TEST_STEP][PASSED] - verifyElementText: Actual text and expected text of test object 'Object Repository/ShopOpen/ChillerUtilization/ChillerAvailable/Validate_ChillerProductsCategoriesScreen' are matched.

2018-07-30 14:55:56 - [MESSAGE][PASSED] - Actual text and expected text of test object 'Object Repository/ShopOpen/ChillerUtilization/ChillerAvailable/Validate_ChillerProductsCategoriesScreen' are matched.

2018-07-30 14:55:56 - [MESSAGE][PASSED] - Call Test Case 'Test Cases/ShopOpen/ChillerUtilization/ChillerAvailable/VisitProductCategoryAssets' successfully

2018-07-30 14:55:57 - [TEST_CASE][PASSED] - Test Cases/ShopOpen/ChillerUtilization/ChillerAvailable/VisitProductCategoryAssets: Test Cases/ShopOpen/ChillerUtilization/ChillerAvailable/VisitProductCategoryAssets

2018-07-30 14:55:57 - [TEST_STEP][PASSED] - verifyElementText: Actual text and expected text of test object 'Object Repository/ShopOpen/ChillerUtilization/ChillerAvailable/Validate_ProductCategoryAssetScreen' are matched.

2018-07-30 14:55:58 - [MESSAGE][PASSED] - Actual text and expected text of test object 'Object Repository/ShopOpen/ChillerUtilization/ChillerAvailable/Validate_ProductCategoryAssetScreen' are matched.

2018-07-30 14:55:58 - [TEST_STEP][PASSED] - tap: Tapped on element 'Object Repository/ShopOpen/ChillerUtilization/ChillerAvailable/Facing'

2018-07-30 14:55:58 - [MESSAGE][WARNING] - Timeout '0' is invalid. Using default page load timeout: '15'

2018-07-30 14:55:59 - [MESSAGE][PASSED] - Tapped on element 'Object Repository/ShopOpen/ChillerUtilization/ChillerAvailable/Facing'

2018-07-30 14:55:59 - [TEST_STEP][PASSED] - verifyElementText: Actual text and expected text of test object 'Object Repository/ShopOpen/ChillerUtilization/ChillerAvailable/Validate_FacingScreen' are matched.

2018-07-30 14:56:01 - [MESSAGE][PASSED] - Actual text and expected text of test object 'Object Repository/ShopOpen/ChillerUtilization/ChillerAvailable/Validate_FacingScreen' are matched.

2018-07-30 14:56:01 - [TEST_STEP][PASSED] - com.ct.qa.keywords.ChillerProductsDataKeywords.visitChillerAvailableProductsData: com.ct.qa.keywords.ChillerProductsDataKeywords.visitChillerAvailableProductsData is PASSED

2018-07-30 14:56:05 - [MESSAGE][PASSED] - Keyboard is hidden

2018-07-30 14:56:08 - [MESSAGE][PASSED] - Keyboard is hidden

2018-07-30 14:56:09 - [MESSAGE][PASSED] - com.ct.qa.keywords.ChillerProductsDataKeywords.visitChillerAvailableProductsData is PASSED

2018-07-30 14:56:09 - [TEST_STEP][PASSED] - tap: Tapped on element 'Object Repository/ShopOpen/ChillerUtilization/ChillerAvailable/SubmitButton'

2018-07-30 14:56:09 - [MESSAGE][WARNING] - Timeout '0' is invalid. Using default page load timeout: '15'

2018-07-30 14:56:10 - [MESSAGE][PASSED] - Tapped on element 'Object Repository/ShopOpen/ChillerUtilization/ChillerAvailable/SubmitButton'

2018-07-30 14:56:10 - [TEST_STEP][PASSED] - verifyElementText: Actual text and expected text of test object 'Object Repository/ShopOpen/ChillerUtilization/ChillerAvailable/Validate_ProductCategoryAssetScreen' are matched.

2018-07-30 14:56:10 - [MESSAGE][PASSED] - Actual text and expected text of test object 'Object Repository/ShopOpen/ChillerUtilization/ChillerAvailable/Validate_ProductCategoryAssetScreen' are matched.

2018-07-30 14:56:10 - [TEST_STEP][PASSED] - tap: Tapped on element 'Object Repository/ShopOpen/ChillerUtilization/ChillerAvailable/Depth'

2018-07-30 14:56:10 - [MESSAGE][WARNING] - Timeout '0' is invalid. Using default page load timeout: '15'

2018-07-30 14:56:11 - [MESSAGE][PASSED] - Tapped on element 'Object Repository/ShopOpen/ChillerUtilization/ChillerAvailable/Depth'

2018-07-30 14:56:11 - [TEST_STEP][PASSED] - verifyElementText: Actual text and expected text of test object 'Object Repository/ShopOpen/ChillerUtilization/ChillerAvailable/Validate_DepthScreen' are matched.

2018-07-30 14:56:12 - [MESSAGE][PASSED] - Actual text and expected text of test object 'Object Repository/ShopOpen/ChillerUtilization/ChillerAvailable/Validate_DepthScreen' are matched.

2018-07-30 14:56:12 - [TEST_STEP][PASSED] - com.ct.qa.keywords.ChillerProductsDataKeywords.visitChillerAvailableProductsData: com.ct.qa.keywords.ChillerProductsDataKeywords.visitChillerAvailableProductsData is PASSED

2018-07-30 14:56:16 - [MESSAGE][PASSED] - Keyboard is hidden

2018-07-30 14:56:19 - [MESSAGE][PASSED] - Keyboard is hidden

2018-07-30 14:56:20 - [MESSAGE][PASSED] - com.ct.qa.keywords.ChillerProductsDataKeywords.visitChillerAvailableProductsData is PASSED

2018-07-30 14:56:20 - [TEST_STEP][PASSED] - tap: Tapped on element 'Object Repository/ShopOpen/ChillerUtilization/ChillerAvailable/SubmitButton'

2018-07-30 14:56:20 - [MESSAGE][WARNING] - Timeout '0' is invalid. Using default page load timeout: '15'

2018-07-30 14:56:21 - [MESSAGE][PASSED] - Tapped on element 'Object Repository/ShopOpen/ChillerUtilization/ChillerAvailable/SubmitButton'

2018-07-30 14:56:21 - [TEST_STEP][PASSED] - verifyElementText: Actual text and expected text of test object 'Object Repository/ShopOpen/ChillerUtilization/ChillerAvailable/Validate_ProductCategoryAssetScreen' are matched.

2018-07-30 14:56:22 - [MESSAGE][PASSED] - Actual text and expected text of test object 'Object Repository/ShopOpen/ChillerUtilization/ChillerAvailable/Validate_ProductCategoryAssetScreen' are matched.

2018-07-30 14:56:22 - [TEST_STEP][PASSED] - tap: Tapped on element 'Object Repository/ShopOpen/ChillerUtilization/ChillerAvailable/StockCount'

2018-07-30 14:56:22 - [MESSAGE][WARNING] - Timeout '0' is invalid. Using default page load timeout: '15'

2018-07-30 14:56:23 - [MESSAGE][PASSED] - Tapped on element 'Object Repository/ShopOpen/ChillerUtilization/ChillerAvailable/StockCount'

2018-07-30 14:56:23 - [TEST_STEP][PASSED] - verifyElementText: Actual text and expected text of test object 'Object Repository/ShopOpen/ChillerUtilization/ChillerAvailable/Validate_StockCountScreen' are matched.

2018-07-30 14:56:24 - [MESSAGE][PASSED] - Actual text and expected text of test object 'Object Repository/ShopOpen/ChillerUtilization/ChillerAvailable/Validate_StockCountScreen' are matched.

2018-07-30 14:56:24 - [TEST_STEP][PASSED] - com.ct.qa.keywords.ChillerProductsDataKeywords.visitChillerAvailableProductsData: com.ct.qa.keywords.ChillerProductsDataKeywords.visitChillerAvailableProductsData is PASSED

2018-07-30 14:56:28 - [MESSAGE][PASSED] - Keyboard is hidden

2018-07-30 14:56:31 - [MESSAGE][PASSED] - Keyboard is hidden

2018-07-30 14:56:32 - [MESSAGE][PASSED] - com.ct.qa.keywords.ChillerProductsDataKeywords.visitChillerAvailableProductsData is PASSED

2018-07-30 14:56:32 - [TEST_STEP][PASSED] - tap: Tapped on element 'Object Repository/ShopOpen/ChillerUtilization/ChillerAvailable/SubmitButton'

2018-07-30 14:56:32 - [MESSAGE][WARNING] - Timeout '0' is invalid. Using default page load timeout: '15'

2018-07-30 14:56:33 - [MESSAGE][PASSED] - Tapped on element 'Object Repository/ShopOpen/ChillerUtilization/ChillerAvailable/SubmitButton'

2018-07-30 14:56:33 - [TEST_STEP][PASSED] - verifyElementText: Actual text and expected text of test object 'Object Repository/ShopOpen/ChillerUtilization/ChillerAvailable/Validate_ProductCategoryAssetScreen' are matched.

2018-07-30 14:56:34 - [MESSAGE][PASSED] - Actual text and expected text of test object 'Object Repository/ShopOpen/ChillerUtilization/ChillerAvailable/Validate_ProductCategoryAssetScreen' are matched.

2018-07-30 14:56:34 - [TEST_STEP][PASSED] - tap: Tapped on element 'Object Repository/ShopOpen/ChillerUtilization/ChillerAvailable/PorductCategoryActions_BackButton'

2018-07-30 14:56:34 - [MESSAGE][WARNING] - Timeout '0' is invalid. Using default page load timeout: '15'

2018-07-30 14:56:34 - [MESSAGE][PASSED] - Tapped on element 'Object Repository/ShopOpen/ChillerUtilization/ChillerAvailable/PorductCategoryActions_BackButton'

2018-07-30 14:56:34 - [TEST_STEP][PASSED] - verifyElementText: Actual text and expected text of test object 'Object Repository/ShopOpen/ChillerUtilization/ChillerAvailable/Validate_ChillerProductsCategoriesScreen' are matched.

2018-07-30 14:56:36 - [MESSAGE][PASSED] - Actual text and expected text of test object 'Object Repository/ShopOpen/ChillerUtilization/ChillerAvailable/Validate_ChillerProductsCategoriesScreen' are matched.

2018-07-30 14:56:36 - [MESSAGE][PASSED] - Call Test Case 'Test Cases/ShopOpen/ChillerUtilization/ChillerAvailable/VisitProductCategoryAssets' successfully

2018-07-30 14:56:37 - [TEST_CASE][PASSED] - Test Cases/ShopOpen/ChillerUtilization/ChillerAvailable/VisitProductCategoryAssets: Test Cases/ShopOpen/ChillerUtilization/ChillerAvailable/VisitProductCategoryAssets

2018-07-30 14:56:37 - [TEST_STEP][PASSED] - verifyElementText: Actual text and expected text of test object 'Object Repository/ShopOpen/ChillerUtilization/ChillerAvailable/Validate_ProductCategoryAssetScreen' are matched.

2018-07-30 14:56:38 - [MESSAGE][PASSED] - Actual text and expected text of test object 'Object Repository/ShopOpen/ChillerUtilization/ChillerAvailable/Validate_ProductCategoryAssetScreen' are matched.

2018-07-30 14:56:38 - [TEST_STEP][PASSED] - tap: Tapped on element 'Object Repository/ShopOpen/ChillerUtilization/ChillerAvailable/Facing'

2018-07-30 14:56:38 - [MESSAGE][WARNING] - Timeout '0' is invalid. Using default page load timeout: '15'

2018-07-30 14:56:39 - [MESSAGE][PASSED] - Tapped on element 'Object Repository/ShopOpen/ChillerUtilization/ChillerAvailable/Facing'

2018-07-30 14:56:39 - [TEST_STEP][PASSED] - verifyElementText: Actual text and expected text of test object 'Object Repository/ShopOpen/ChillerUtilization/ChillerAvailable/Validate_FacingScreen' are matched.

2018-07-30 14:56:41 - [MESSAGE][PASSED] - Actual text and expected text of test object 'Object Repository/ShopOpen/ChillerUtilization/ChillerAvailable/Validate_FacingScreen' are matched.

2018-07-30 14:56:41 - [TEST_STEP][PASSED] - com.ct.qa.keywords.ChillerProductsDataKeywords.visitChillerAvailableProductsData: com.ct.qa.keywords.ChillerProductsDataKeywords.visitChillerAvailableProductsData is PASSED

2018-07-30 14:56:45 - [MESSAGE][PASSED] - Keyboard is hidden

2018-07-30 14:56:48 - [MESSAGE][PASSED] - Keyboard is hidden

2018-07-30 14:56:51 - [MESSAGE][PASSED] - Keyboard is hidden

2018-07-30 14:56:54 - [MESSAGE][PASSED] - Keyboard is hidden

2018-07-30 14:56:57 - [MESSAGE][PASSED] - Keyboard is hidden

2018-07-30 14:57:00 - [MESSAGE][PASSED] - Keyboard is hidden

2018-07-30 14:57:03 - [MESSAGE][PASSED] - Swiped from 65,359 to 65,250

2018-07-30 14:57:04 - [MESSAGE][PASSED] - com.ct.qa.keywords.ChillerProductsDataKeywords.visitChillerAvailableProductsData is PASSED

2018-07-30 14:57:04 - [TEST_STEP][PASSED] - tap: Tapped on element 'Object Repository/ShopOpen/ChillerUtilization/ChillerAvailable/SubmitButton'

2018-07-30 14:57:04 - [MESSAGE][WARNING] - Timeout '0' is invalid. Using default page load timeout: '15'

2018-07-30 14:57:05 - [MESSAGE][PASSED] - Tapped on element 'Object Repository/ShopOpen/ChillerUtilization/ChillerAvailable/SubmitButton'

2018-07-30 14:57:05 - [TEST_STEP][PASSED] - verifyElementText: Actual text and expected text of test object 'Object Repository/ShopOpen/ChillerUtilization/ChillerAvailable/Validate_ProductCategoryAssetScreen' are matched.

2018-07-30 14:57:06 - [MESSAGE][PASSED] - Actual text and expected text of test object 'Object Repository/ShopOpen/ChillerUtilization/ChillerAvailable/Validate_ProductCategoryAssetScreen' are matched.

2018-07-30 14:57:06 - [TEST_STEP][PASSED] - tap: Tapped on element 'Object Repository/ShopOpen/ChillerUtilization/ChillerAvailable/Depth'

2018-07-30 14:57:06 - [MESSAGE][WARNING] - Timeout '0' is invalid. Using default page load timeout: '15'

2018-07-30 14:57:06 - [MESSAGE][PASSED] - Tapped on element 'Object Repository/ShopOpen/ChillerUtilization/ChillerAvailable/Depth'

2018-07-30 14:57:06 - [TEST_STEP][PASSED] - verifyElementText: Actual text and expected text of test object 'Object Repository/ShopOpen/ChillerUtilization/ChillerAvailable/Validate_DepthScreen' are matched.

2018-07-30 14:57:08 - [MESSAGE][PASSED] - Actual text and expected text of test object 'Object Repository/ShopOpen/ChillerUtilization/ChillerAvailable/Validate_DepthScreen' are matched.

2018-07-30 14:57:08 - [TEST_STEP][PASSED] - com.ct.qa.keywords.ChillerProductsDataKeywords.visitChillerAvailableProductsData: com.ct.qa.keywords.ChillerProductsDataKeywords.visitChillerAvailableProductsData is PASSED

2018-07-30 14:57:12 - [MESSAGE][PASSED] - Keyboard is hidden

2018-07-30 14:57:15 - [MESSAGE][PASSED] - Keyboard is hidden

2018-07-30 14:57:18 - [MESSAGE][PASSED] - Keyboard is hidden

2018-07-30 14:57:21 - [MESSAGE][PASSED] - Keyboard is hidden

2018-07-30 14:57:24 - [MESSAGE][PASSED] - Keyboard is hidden

2018-07-30 14:57:27 - [MESSAGE][PASSED] - Keyboard is hidden

2018-07-30 14:57:29 - [MESSAGE][PASSED] - Swiped from 65,359 to 65,250

2018-07-30 14:57:30 - [MESSAGE][PASSED] - com.ct.qa.keywords.ChillerProductsDataKeywords.visitChillerAvailableProductsData is PASSED

2018-07-30 14:57:30 - [TEST_STEP][PASSED] - tap: Tapped on element 'Object Repository/ShopOpen/ChillerUtilization/ChillerAvailable/SubmitButton'

2018-07-30 14:57:30 - [MESSAGE][WARNING] - Timeout '0' is invalid. Using default page load timeout: '15'

2018-07-30 14:57:31 - [MESSAGE][PASSED] - Tapped on element 'Object Repository/ShopOpen/ChillerUtilization/ChillerAvailable/SubmitButton'

2018-07-30 14:57:31 - [TEST_STEP][PASSED] - verifyElementText: Actual text and expected text of test object 'Object Repository/ShopOpen/ChillerUtilization/ChillerAvailable/Validate_ProductCategoryAssetScreen' are matched.

2018-07-30 14:57:32 - [MESSAGE][PASSED] - Actual text and expected text of test object 'Object Repository/ShopOpen/ChillerUtilization/ChillerAvailable/Validate_ProductCategoryAssetScreen' are matched.

2018-07-30 14:57:32 - [TEST_STEP][PASSED] - tap: Tapped on element 'Object Repository/ShopOpen/ChillerUtilization/ChillerAvailable/StockCount'

2018-07-30 14:57:32 - [MESSAGE][WARNING] - Timeout '0' is invalid. Using default page load timeout: '15'

2018-07-30 14:57:32 - [MESSAGE][PASSED] - Tapped on element 'Object Repository/ShopOpen/ChillerUtilization/ChillerAvailable/StockCount'

2018-07-30 14:57:32 - [TEST_STEP][PASSED] - verifyElementText: Actual text and expected text of test object 'Object Repository/ShopOpen/ChillerUtilization/ChillerAvailable/Validate_StockCountScreen' are matched.

2018-07-30 14:57:34 - [MESSAGE][PASSED] - Actual text and expected text of test object 'Object Repository/ShopOpen/ChillerUtilization/ChillerAvailable/Validate_StockCountScreen' are matched.

2018-07-30 14:57:34 - [TEST_STEP][PASSED] - com.ct.qa.keywords.ChillerProductsDataKeywords.visitChillerAvailableProductsData: com.ct.qa.keywords.ChillerProductsDataKeywords.visitChillerAvailableProductsData is PASSED

2018-07-30 14:57:38 - [MESSAGE][PASSED] - Keyboard is hidden

2018-07-30 14:57:41 - [MESSAGE][PASSED] - Keyboard is hidden

2018-07-30 14:57:44 - [MESSAGE][PASSED] - Keyboard is hidden

2018-07-30 14:57:47 - [MESSAGE][PASSED] - Keyboard is hidden

2018-07-30 14:57:50 - [MESSAGE][PASSED] - Keyboard is hidden

2018-07-30 14:57:53 - [MESSAGE][PASSED] - Keyboard is hidden

2018-07-30 14:57:55 - [MESSAGE][PASSED] - Swiped from 65,359 to 65,250

2018-07-30 14:57:56 - [MESSAGE][PASSED] - com.ct.qa.keywords.ChillerProductsDataKeywords.visitChillerAvailableProductsData is PASSED

2018-07-30 14:57:56 - [TEST_STEP][PASSED] - tap: Tapped on element 'Object Repository/ShopOpen/ChillerUtilization/ChillerAvailable/SubmitButton'

2018-07-30 14:57:56 - [MESSAGE][WARNING] - Timeout '0' is invalid. Using default page load timeout: '15'

2018-07-30 14:57:57 - [MESSAGE][PASSED] - Tapped on element 'Object Repository/ShopOpen/ChillerUtilization/ChillerAvailable/SubmitButton'

2018-07-30 14:57:57 - [TEST_STEP][PASSED] - verifyElementText: Actual text and expected text of test object 'Object Repository/ShopOpen/ChillerUtilization/ChillerAvailable/Validate_ProductCategoryAssetScreen' are matched.

2018-07-30 14:57:58 - [MESSAGE][PASSED] - Actual text and expected text of test object 'Object Repository/ShopOpen/ChillerUtilization/ChillerAvailable/Validate_ProductCategoryAssetScreen' are matched.

2018-07-30 14:57:58 - [TEST_STEP][PASSED] - tap: Tapped on element 'Object Repository/ShopOpen/ChillerUtilization/ChillerAvailable/PorductCategoryActions_BackButton'

2018-07-30 14:57:58 - [MESSAGE][WARNING] - Timeout '0' is invalid. Using default page load timeout: '15'

2018-07-30 14:57:59 - [MESSAGE][PASSED] - Tapped on element 'Object Repository/ShopOpen/ChillerUtilization/ChillerAvailable/PorductCategoryActions_BackButton'

2018-07-30 14:57:59 - [TEST_STEP][PASSED] - verifyElementText: Actual text and expected text of test object 'Object Repository/ShopOpen/ChillerUtilization/ChillerAvailable/Validate_ChillerProductsCategoriesScreen' are matched.

2018-07-30 14:58:00 - [MESSAGE][PASSED] - Actual text and expected text of test object 'Object Repository/ShopOpen/ChillerUtilization/ChillerAvailable/Validate_ChillerProductsCategoriesScreen' are matched.

2018-07-30 14:58:00 - [MESSAGE][PASSED] - Call Test Case 'Test Cases/ShopOpen/ChillerUtilization/ChillerAvailable/VisitProductCategoryAssets' successfully

2018-07-30 14:58:00 - [MESSAGE][PASSED] - com.ct.qa.keywords.ChillerProductsDataKeywords.visitChillerAvailableProductCategories is PASSED

2018-07-30 14:58:00 - [TEST_STEP][PASSED] - tap: Tapped on element 'Object Repository/ShopOpen/ChillerUtilization/ChillerAvailable/ChillerProductsCategories_Planogram_ImageView'

2018-07-30 14:58:00 - [MESSAGE][WARNING] - Timeout '0' is invalid. Using default page load timeout: '15'

2018-07-30 14:58:00 - [MESSAGE][PASSED] - Tapped on element 'Object Repository/ShopOpen/ChillerUtilization/ChillerAvailable/ChillerProductsCategories_Planogram_ImageView'

2018-07-30 14:58:00 - [TEST_STEP][PASSED] - com.ct.qa.keywords.CommonKeywords.checkPlanogramAvailability: com.ct.qa.keywords.CommonKeywords.checkPlanogramAvailability is PASSED

2018-07-30 14:58:00 - [MESSAGE][WARNING] - Timeout '0' is invalid. Using default page load timeout: '15'

2018-07-30 14:58:02 - [MESSAGE][PASSED] - Tapped on element 'Object Repository/CommonScreenElements/InfoPopUp_OKButton'

2018-07-30 14:58:02 - [MESSAGE][PASSED] - com.ct.qa.keywords.CommonKeywords.checkPlanogramAvailability is PASSED

2018-07-30 14:58:02 - [TEST_STEP][PASSED] - com.ct.qa.keywords.CommonKeywords.closePlanogram: com.ct.qa.keywords.CommonKeywords.closePlanogram is PASSED

2018-07-30 14:58:03 - [MESSAGE][PASSED] - com.ct.qa.keywords.CommonKeywords.closePlanogram is PASSED

2018-07-30 14:58:03 - [TEST_STEP][PASSED] - verifyElementText: Actual text and expected text of test object 'Object Repository/ShopOpen/ChillerUtilization/ChillerAvailable/Validate_ChillerProductsCategoriesScreen' are matched.

2018-07-30 14:58:05 - [MESSAGE][PASSED] - Actual text and expected text of test object 'Object Repository/ShopOpen/ChillerUtilization/ChillerAvailable/Validate_ChillerProductsCategoriesScreen' are matched.

2018-07-30 14:58:05 - [TEST_STEP][PASSED] - com.ct.qa.keywords.CommonKeywords.findPictureImageView: com.ct.qa.keywords.CommonKeywords.findPictureImageView is PASSED

2018-07-30 14:58:05 - [MESSAGE][PASSED] - com.ct.qa.keywords.CommonKeywords.findPictureImageView is PASSED

2018-07-30 14:58:05 - [TEST_STEP][PASSED] - verifyElementText: Actual text and expected text of test object 'Object Repository/ShopOpen/ChillerUtilization/ChillerAvailable/Validate_ChillerProductsCategoriesScreen' are matched.

2018-07-30 14:58:05 - [MESSAGE][PASSED] - Actual text and expected text of test object 'Object Repository/ShopOpen/ChillerUtilization/ChillerAvailable/Validate_ChillerProductsCategoriesScreen' are matched.

2018-07-30 14:58:05 - [TEST_STEP][PASSED] - tap: Tapped on element 'Object Repository/ShopOpen/ChillerUtilization/ChillerAvailable/ChillerProductsCategories_BackButton'

2018-07-30 14:58:05 - [MESSAGE][WARNING] - Timeout '0' is invalid. Using default page load timeout: '15'

2018-07-30 14:58:06 - [MESSAGE][PASSED] - Tapped on element 'Object Repository/ShopOpen/ChillerUtilization/ChillerAvailable/ChillerProductsCategories_BackButton'

2018-07-30 14:58:06 - [TEST_STEP][PASSED] - verifyElementText: Actual text and expected text of test object 'Object Repository/ShopOpen/ChillerUtilization/Validate_ChillerUtilizationScreen' are matched.

2018-07-30 14:58:08 - [MESSAGE][PASSED] - Actual text and expected text of test object 'Object Repository/ShopOpen/ChillerUtilization/Validate_ChillerUtilizationScreen' are matched.

2018-07-30 14:58:08 - [MESSAGE][PASSED] - Call Test Case 'Test Cases/ShopOpen/ChillerUtilization/ChillerAvailable/VisitChillerAvailable' successfully

2018-07-30 14:58:10 - [MESSAGE][WARNING] - Timeout '0' is invalid. Using default page load timeout: '15'

2018-07-30 14:58:11 - [MESSAGE][PASSED] - Element 'Object Repository/CommonScreenElements/Validate_CameraScreen' is exist

2018-07-30 14:58:11 - [MESSAGE][WARNING] - Timeout '0' is invalid. Using default page load timeout: '15'

2018-07-30 14:58:14 - [MESSAGE][PASSED] - Tapped on element 'Object Repository/CommonScreenElements/TakePictureButton'

2018-07-30 14:58:19 - [MESSAGE][PASSED] - Delayed 5 second(s)

2018-07-30 14:58:19 - [MESSAGE][WARNING] - Timeout '0' is invalid. Using default page load timeout: '15'

2018-07-30 14:58:20 - [MESSAGE][PASSED] - Tapped on element 'Object Repository/CommonScreenElements/DoneButton'

2018-07-30 14:58:23 - [TEST_CASE][PASSED] - Test Cases/ShopOpen/ChillerUtilization/ChillerAvailable/VisitChillerAvailable: Test Cases/ShopOpen/ChillerUtilization/ChillerAvailable/VisitChillerAvailable

2018-07-30 14:58:23 - [TEST_STEP][PASSED] - verifyElementExist: Element 'Object Repository/ShopOpen/ChillerUtilization/ChillerAvailable/Validate_ChillerAvailableScreen' is exist

2018-07-30 14:58:23 - [MESSAGE][WARNING] - Timeout '0' is invalid. Using default page load timeout: '15'

2018-07-30 14:58:24 - [MESSAGE][PASSED] - Element 'Object Repository/ShopOpen/ChillerUtilization/ChillerAvailable/Validate_ChillerAvailableScreen' is exist

2018-07-30 14:58:24 - [TEST_STEP][PASSED] - tap: Tapped on element 'Object Repository/ShopOpen/ChillerUtilization/ChillerAvailable/Planogram_ImageView'

2018-07-30 14:58:24 - [MESSAGE][WARNING] - Timeout '0' is invalid. Using default page load timeout: '15'

2018-07-30 14:58:25 - [MESSAGE][PASSED] - Tapped on element 'Object Repository/ShopOpen/ChillerUtilization/ChillerAvailable/Planogram_ImageView'

2018-07-30 14:58:25 - [TEST_STEP][PASSED] - com.ct.qa.keywords.CommonKeywords.checkPlanogramAvailability: com.ct.qa.keywords.CommonKeywords.checkPlanogramAvailability is PASSED

2018-07-30 14:58:25 - [MESSAGE][WARNING] - Timeout '0' is invalid. Using default page load timeout: '15'

2018-07-30 14:58:27 - [MESSAGE][PASSED] - Tapped on element 'Object Repository/CommonScreenElements/InfoPopUp_OKButton'

2018-07-30 14:58:27 - [MESSAGE][PASSED] - com.ct.qa.keywords.CommonKeywords.checkPlanogramAvailability is PASSED

2018-07-30 14:58:27 - [TEST_STEP][PASSED] - com.ct.qa.keywords.CommonKeywords.closePlanogram: com.ct.qa.keywords.CommonKeywords.closePlanogram is PASSED

2018-07-30 14:58:29 - [MESSAGE][PASSED] - com.ct.qa.keywords.CommonKeywords.closePlanogram is PASSED

2018-07-30 14:58:29 - [TEST_STEP][PASSED] - verifyElementExist: Element 'Object Repository/ShopOpen/ChillerUtilization/ChillerAvailable/Validate_ChillerAvailableScreen' is exist

2018-07-30 14:58:29 - [MESSAGE][WARNING] - Timeout '0' is invalid. Using default page load timeout: '15'

2018-07-30 14:58:29 - [MESSAGE][PASSED] - Element 'Object Repository/ShopOpen/ChillerUtilization/ChillerAvailable/Validate_ChillerAvailableScreen' is exist

2018-07-30 14:58:29 - [TEST_STEP][PASSED] - com.ct.qa.keywords.CommonKeywords.findPictureImageView: com.ct.qa.keywords.CommonKeywords.findPictureImageView is PASSED

2018-07-30 14:58:30 - [MESSAGE][PASSED] - com.ct.qa.keywords.CommonKeywords.findPictureImageView is PASSED

2018-07-30 14:58:30 - [TEST_STEP][PASSED] - verifyElementExist: Element 'Object Repository/ShopOpen/ChillerUtilization/ChillerAvailable/Validate_ChillerAvailableScreen' is exist

2018-07-30 14:58:30 - [MESSAGE][WARNING] - Timeout '0' is invalid. Using default page load timeout: '15'

2018-07-30 14:58:30 - [MESSAGE][PASSED] - Element 'Object Repository/ShopOpen/ChillerUtilization/ChillerAvailable/Validate_ChillerAvailableScreen' is exist

2018-07-30 14:58:30 - [TEST_STEP][PASSED] - tap: Tapped on element 'Object Repository/ShopOpen/ChillerUtilization/ChillerAvailable/Depth1_TakePicture'

2018-07-30 14:58:30 - [MESSAGE][WARNING] - Timeout '0' is invalid. Using default page load timeout: '15'

2018-07-30 14:58:33 - [MESSAGE][PASSED] - Tapped on element 'Object Repository/ShopOpen/ChillerUtilization/ChillerAvailable/Depth1_TakePicture'

2018-07-30 14:58:33 - [TEST_STEP][PASSED] - verifyElementExist: Element 'Object Repository/CommonScreenElements/Validate_CameraScreen' is exist

2018-07-30 14:58:33 - [MESSAGE][WARNING] - Timeout '0' is invalid. Using default page load timeout: '15'

2018-07-30 14:58:34 - [MESSAGE][PASSED] - Element 'Object Repository/CommonScreenElements/Validate_CameraScreen' is exist

2018-07-30 14:58:34 - [TEST_STEP][PASSED] - tap: Tapped on element 'Object Repository/CommonScreenElements/TakePictureButton'

2018-07-30 14:58:34 - [MESSAGE][WARNING] - Timeout '0' is invalid. Using default page load timeout: '15'

2018-07-30 14:58:37 - [MESSAGE][PASSED] - Tapped on element 'Object Repository/CommonScreenElements/TakePictureButton'

2018-07-30 14:58:37 - [TEST_STEP][PASSED] - delay: Delayed 5 second(s)

2018-07-30 14:58:42 - [MESSAGE][PASSED] - Delayed 5 second(s)

2018-07-30 14:58:42 - [TEST_STEP][PASSED] - tap: Tapped on element 'Object Repository/CommonScreenElements/DoneButton'

2018-07-30 14:58:42 - [MESSAGE][WARNING] - Timeout '0' is invalid. Using default page load timeout: '15'

2018-07-30 14:58:43 - [MESSAGE][PASSED] - Tapped on element 'Object Repository/CommonScreenElements/DoneButton'

2018-07-30 14:58:43 - [TEST_STEP][PASSED] - verifyElementExist: Element 'Object Repository/ShopOpen/ChillerUtilization/ChillerAvailable/Validate_ChillerAvailableScreen' is exist

2018-07-30 14:58:43 - [MESSAGE][WARNING] - Timeout '0' is invalid. Using default page load timeout: '15'

2018-07-30 14:58:44 - [MESSAGE][PASSED] - Element 'Object Repository/ShopOpen/ChillerUtilization/ChillerAvailable/Validate_ChillerAvailableScreen' is exist

2018-07-30 14:58:44 - [TEST_STEP][PASSED] - tap: Tapped on element 'Object Repository/ShopOpen/ChillerUtilization/ChillerAvailable/Depth2TakePicture'

2018-07-30 14:58:44 - [MESSAGE][WARNING] - Timeout '0' is invalid. Using default page load timeout: '15'

2018-07-30 14:58:46 - [MESSAGE][PASSED] - Tapped on element 'Object Repository/ShopOpen/ChillerUtilization/ChillerAvailable/Depth2TakePicture'

2018-07-30 14:58:46 - [TEST_STEP][PASSED] - verifyElementExist: Element 'Object Repository/CommonScreenElements/Validate_CameraScreen' is exist

2018-07-30 14:58:46 - [MESSAGE][WARNING] - Timeout '0' is invalid. Using default page load timeout: '15'

2018-07-30 14:58:47 - [MESSAGE][PASSED] - Element 'Object Repository/CommonScreenElements/Validate_CameraScreen' is exist

2018-07-30 14:58:47 - [TEST_STEP][PASSED] - tap: Tapped on element 'Object Repository/CommonScreenElements/TakePictureButton'

2018-07-30 14:58:47 - [MESSAGE][WARNING] - Timeout '0' is invalid. Using default page load timeout: '15'

2018-07-30 14:58:50 - [MESSAGE][PASSED] - Tapped on element 'Object Repository/CommonScreenElements/TakePictureButton'

2018-07-30 14:58:50 - [TEST_STEP][PASSED] - delay: Delayed 5 second(s)

2018-07-30 14:58:55 - [MESSAGE][PASSED] - Delayed 5 second(s)

2018-07-30 14:58:55 - [TEST_STEP][PASSED] - tap: Tapped on element 'Object Repository/CommonScreenElements/DoneButton'

2018-07-30 14:58:55 - [MESSAGE][WARNING] - Timeout '0' is invalid. Using default page load timeout: '15'

2018-07-30 14:58:56 - [MESSAGE][PASSED] - Tapped on element 'Object Repository/CommonScreenElements/DoneButton'

2018-07-30 14:58:56 - [TEST_STEP][PASSED] - verifyElementExist: Element 'Object Repository/ShopOpen/ChillerUtilization/ChillerAvailable/Validate_ChillerAvailableScreen' is exist

2018-07-30 14:58:56 - [MESSAGE][WARNING] - Timeout '0' is invalid. Using default page load timeout: '15'

2018-07-30 14:58:57 - [MESSAGE][PASSED] - Element 'Object Repository/ShopOpen/ChillerUtilization/ChillerAvailable/Validate_ChillerAvailableScreen' is exist

2018-07-30 14:58:57 - [TEST_STEP][PASSED] - tap: Tapped on element 'Object Repository/ShopOpen/ChillerUtilization/ChillerAvailable/NextButton'

2018-07-30 14:58:57 - [MESSAGE][WARNING] - Timeout '0' is invalid. Using default page load timeout: '15'

2018-07-30 14:58:58 - [MESSAGE][PASSED] - Tapped on element 'Object Repository/ShopOpen/ChillerUtilization/ChillerAvailable/NextButton'

2018-07-30 14:58:58 - [TEST_STEP][PASSED] - verifyElementText: Actual text and expected text of test object 'Object Repository/ShopOpen/ChillerUtilization/ChillerAvailable/Validate_ChillerProductsCategoriesScreen' are matched.

2018-07-30 14:59:00 - [MESSAGE][PASSED] - Actual text and expected text of test object 'Object Repository/ShopOpen/ChillerUtilization/ChillerAvailable/Validate_ChillerProductsCategoriesScreen' are matched.

2018-07-30 14:59:00 - [TEST_STEP][PASSED] - com.ct.qa.keywords.ChillerProductsDataKeywords.visitChillerAvailableProductCategories: com.ct.qa.keywords.ChillerProductsDataKeywords.visitChillerAvailableProductCategories is PASSED

2018-07-30 14:59:04 - [TEST_CASE][PASSED] - Test Cases/ShopOpen/ChillerUtilization/ChillerAvailable/VisitProductCategoryAssets: Test Cases/ShopOpen/ChillerUtilization/ChillerAvailable/VisitProductCategoryAssets

2018-07-30 14:59:04 - [TEST_STEP][PASSED] - verifyElementText: Actual text and expected text of test object 'Object Repository/ShopOpen/ChillerUtilization/ChillerAvailable/Validate_ProductCategoryAssetScreen' are matched.

2018-07-30 14:59:06 - [MESSAGE][PASSED] - Actual text and expected text of test object 'Object Repository/ShopOpen/ChillerUtilization/ChillerAvailable/Validate_ProductCategoryAssetScreen' are matched.

2018-07-30 14:59:06 - [TEST_STEP][PASSED] - tap: Tapped on element 'Object Repository/ShopOpen/ChillerUtilization/ChillerAvailable/Facing'

2018-07-30 14:59:06 - [MESSAGE][WARNING] - Timeout '0' is invalid. Using default page load timeout: '15'

2018-07-30 14:59:06 - [MESSAGE][PASSED] - Tapped on element 'Object Repository/ShopOpen/ChillerUtilization/ChillerAvailable/Facing'

2018-07-30 14:59:06 - [TEST_STEP][PASSED] - verifyElementText: Actual text and expected text of test object 'Object Repository/ShopOpen/ChillerUtilization/ChillerAvailable/Validate_FacingScreen' are matched.

2018-07-30 14:59:07 - [MESSAGE][PASSED] - Actual text and expected text of test object 'Object Repository/ShopOpen/ChillerUtilization/ChillerAvailable/Validate_FacingScreen' are matched.

2018-07-30 14:59:07 - [TEST_STEP][PASSED] - com.ct.qa.keywords.ChillerProductsDataKeywords.visitChillerAvailableProductsData: com.ct.qa.keywords.ChillerProductsDataKeywords.visitChillerAvailableProductsData is PASSED

2018-07-30 14:59:11 - [MESSAGE][PASSED] - Keyboard is hidden

2018-07-30 14:59:11 - [MESSAGE][PASSED] - com.ct.qa.keywords.ChillerProductsDataKeywords.visitChillerAvailableProductsData is PASSED

2018-07-30 14:59:11 - [TEST_STEP][PASSED] - tap: Tapped on element 'Object Repository/ShopOpen/ChillerUtilization/ChillerAvailable/SubmitButton'

2018-07-30 14:59:11 - [MESSAGE][WARNING] - Timeout '0' is invalid. Using default page load timeout: '15'

2018-07-30 14:59:12 - [MESSAGE][PASSED] - Tapped on element 'Object Repository/ShopOpen/ChillerUtilization/ChillerAvailable/SubmitButton'

2018-07-30 14:59:12 - [TEST_STEP][PASSED] - verifyElementText: Actual text and expected text of test object 'Object Repository/ShopOpen/ChillerUtilization/ChillerAvailable/Validate_ProductCategoryAssetScreen' are matched.

2018-07-30 14:59:13 - [MESSAGE][PASSED] - Actual text and expected text of test object 'Object Repository/ShopOpen/ChillerUtilization/ChillerAvailable/Validate_ProductCategoryAssetScreen' are matched.

2018-07-30 14:59:13 - [TEST_STEP][PASSED] - tap: Tapped on element 'Object Repository/ShopOpen/ChillerUtilization/ChillerAvailable/Depth'

2018-07-30 14:59:13 - [MESSAGE][WARNING] - Timeout '0' is invalid. Using default page load timeout: '15'

2018-07-30 14:59:14 - [MESSAGE][PASSED] - Tapped on element 'Object Repository/ShopOpen/ChillerUtilization/ChillerAvailable/Depth'

2018-07-30 14:59:14 - [TEST_STEP][PASSED] - verifyElementText: Actual text and expected text of test object 'Object Repository/ShopOpen/ChillerUtilization/ChillerAvailable/Validate_DepthScreen' are matched.

2018-07-30 14:59:16 - [MESSAGE][PASSED] - Actual text and expected text of test object 'Object Repository/ShopOpen/ChillerUtilization/ChillerAvailable/Validate_DepthScreen' are matched.

2018-07-30 14:59:16 - [TEST_STEP][PASSED] - com.ct.qa.keywords.ChillerProductsDataKeywords.visitChillerAvailableProductsData: com.ct.qa.keywords.ChillerProductsDataKeywords.visitChillerAvailableProductsData is PASSED

2018-07-30 14:59:19 - [MESSAGE][PASSED] - Keyboard is hidden

2018-07-30 14:59:20 - [MESSAGE][PASSED] - com.ct.qa.keywords.ChillerProductsDataKeywords.visitChillerAvailableProductsData is PASSED

2018-07-30 14:59:20 - [TEST_STEP][PASSED] - tap: Tapped on element 'Object Repository/ShopOpen/ChillerUtilization/ChillerAvailable/SubmitButton'

2018-07-30 14:59:20 - [MESSAGE][WARNING] - Timeout '0' is invalid. Using default page load timeout: '15'

2018-07-30 14:59:21 - [MESSAGE][PASSED] - Tapped on element 'Object Repository/ShopOpen/ChillerUtilization/ChillerAvailable/SubmitButton'

2018-07-30 14:59:21 - [TEST_STEP][PASSED] - verifyElementText: Actual text and expected text of test object 'Object Repository/ShopOpen/ChillerUtilization/ChillerAvailable/Validate_ProductCategoryAssetScreen' are matched.

2018-07-30 14:59:22 - [MESSAGE][PASSED] - Actual text and expected text of test object 'Object Repository/ShopOpen/ChillerUtilization/ChillerAvailable/Validate_ProductCategoryAssetScreen' are matched.

2018-07-30 14:59:22 - [TEST_STEP][PASSED] - tap: Tapped on element 'Object Repository/ShopOpen/ChillerUtilization/ChillerAvailable/StockCount'

2018-07-30 14:59:22 - [MESSAGE][WARNING] - Timeout '0' is invalid. Using default page load timeout: '15'

2018-07-30 14:59:22 - [MESSAGE][PASSED] - Tapped on element 'Object Repository/ShopOpen/ChillerUtilization/ChillerAvailable/StockCount'

2018-07-30 14:59:22 - [TEST_STEP][PASSED] - verifyElementText: Actual text and expected text of test object 'Object Repository/ShopOpen/ChillerUtilization/ChillerAvailable/Validate_StockCountScreen' are matched.

2018-07-30 14:59:23 - [MESSAGE][PASSED] - Actual text and expected text of test object 'Object Repository/ShopOpen/ChillerUtilization/ChillerAvailable/Validate_StockCountScreen' are matched.

2018-07-30 14:59:23 - [TEST_STEP][PASSED] - com.ct.qa.keywords.ChillerProductsDataKeywords.visitChillerAvailableProductsData: com.ct.qa.keywords.ChillerProductsDataKeywords.visitChillerAvailableProductsData is PASSED

2018-07-30 14:59:27 - [MESSAGE][PASSED] - Keyboard is hidden

2018-07-30 14:59:28 - [MESSAGE][PASSED] - com.ct.qa.keywords.ChillerProductsDataKeywords.visitChillerAvailableProductsData is PASSED

2018-07-30 14:59:28 - [TEST_STEP][PASSED] - tap: Tapped on element 'Object Repository/ShopOpen/ChillerUtilization/ChillerAvailable/SubmitButton'

2018-07-30 14:59:28 - [MESSAGE][WARNING] - Timeout '0' is invalid. Using default page load timeout: '15'

2018-07-30 14:59:28 - [MESSAGE][PASSED] - Tapped on element 'Object Repository/ShopOpen/ChillerUtilization/ChillerAvailable/SubmitButton'

2018-07-30 14:59:28 - [TEST_STEP][PASSED] - verifyElementText: Actual text and expected text of test object 'Object Repository/ShopOpen/ChillerUtilization/ChillerAvailable/Validate_ProductCategoryAssetScreen' are matched.

2018-07-30 14:59:29 - [MESSAGE][PASSED] - Actual text and expected text of test object 'Object Repository/ShopOpen/ChillerUtilization/ChillerAvailable/Validate_ProductCategoryAssetScreen' are matched.

2018-07-30 14:59:29 - [TEST_STEP][PASSED] - tap: Tapped on element 'Object Repository/ShopOpen/ChillerUtilization/ChillerAvailable/PorductCategoryActions_BackButton'

2018-07-30 14:59:29 - [MESSAGE][WARNING] - Timeout '0' is invalid. Using default page load timeout: '15'

2018-07-30 14:59:30 - [MESSAGE][PASSED] - Tapped on element 'Object Repository/ShopOpen/ChillerUtilization/ChillerAvailable/PorductCategoryActions_BackButton'

2018-07-30 14:59:30 - [TEST_STEP][PASSED] - verifyElementText: Actual text and expected text of test object 'Object Repository/ShopOpen/ChillerUtilization/ChillerAvailable/Validate_ChillerProductsCategoriesScreen' are matched.

2018-07-30 14:59:31 - [MESSAGE][PASSED] - Actual text and expected text of test object 'Object Repository/ShopOpen/ChillerUtilization/ChillerAvailable/Validate_ChillerProductsCategoriesScreen' are matched.

2018-07-30 14:59:31 - [MESSAGE][PASSED] - Call Test Case 'Test Cases/ShopOpen/ChillerUtilization/ChillerAvailable/VisitProductCategoryAssets' successfully

2018-07-30 14:59:32 - [TEST_CASE][PASSED] - Test Cases/ShopOpen/ChillerUtilization/ChillerAvailable/VisitProductCategoryAssets: Test Cases/ShopOpen/ChillerUtilization/ChillerAvailable/VisitProductCategoryAssets

2018-07-30 14:59:32 - [TEST_STEP][PASSED] - verifyElementText: Actual text and expected text of test object 'Object Repository/ShopOpen/ChillerUtilization/ChillerAvailable/Validate_ProductCategoryAssetScreen' are matched.

2018-07-30 14:59:34 - [MESSAGE][PASSED] - Actual text and expected text of test object 'Object Repository/ShopOpen/ChillerUtilization/ChillerAvailable/Validate_ProductCategoryAssetScreen' are matched.

2018-07-30 14:59:34 - [TEST_STEP][PASSED] - tap: Tapped on element 'Object Repository/ShopOpen/ChillerUtilization/ChillerAvailable/Facing'

2018-07-30 14:59:34 - [MESSAGE][WARNING] - Timeout '0' is invalid. Using default page load timeout: '15'

2018-07-30 14:59:34 - [MESSAGE][PASSED] - Tapped on element 'Object Repository/ShopOpen/ChillerUtilization/ChillerAvailable/Facing'

2018-07-30 14:59:34 - [TEST_STEP][PASSED] - verifyElementText: Actual text and expected text of test object 'Object Repository/ShopOpen/ChillerUtilization/ChillerAvailable/Validate_FacingScreen' are matched.

2018-07-30 14:59:36 - [MESSAGE][PASSED] - Actual text and expected text of test object 'Object Repository/ShopOpen/ChillerUtilization/ChillerAvailable/Validate_FacingScreen' are matched.

2018-07-30 14:59:36 - [TEST_STEP][PASSED] - com.ct.qa.keywords.ChillerProductsDataKeywords.visitChillerAvailableProductsData: com.ct.qa.keywords.ChillerProductsDataKeywords.visitChillerAvailableProductsData is PASSED

2018-07-30 14:59:40 - [MESSAGE][PASSED] - Keyboard is hidden

2018-07-30 14:59:43 - [MESSAGE][PASSED] - Keyboard is hidden

2018-07-30 14:59:46 - [MESSAGE][PASSED] - Keyboard is hidden

2018-07-30 14:59:47 - [MESSAGE][PASSED] - com.ct.qa.keywords.ChillerProductsDataKeywords.visitChillerAvailableProductsData is PASSED

2018-07-30 14:59:47 - [TEST_STEP][PASSED] - tap: Tapped on element 'Object Repository/ShopOpen/ChillerUtilization/ChillerAvailable/SubmitButton'

2018-07-30 14:59:47 - [MESSAGE][WARNING] - Timeout '0' is invalid. Using default page load timeout: '15'

2018-07-30 14:59:48 - [MESSAGE][PASSED] - Tapped on element 'Object Repository/ShopOpen/ChillerUtilization/ChillerAvailable/SubmitButton'

2018-07-30 14:59:48 - [TEST_STEP][PASSED] - verifyElementText: Actual text and expected text of test object 'Object Repository/ShopOpen/ChillerUtilization/ChillerAvailable/Validate_ProductCategoryAssetScreen' are matched.

2018-07-30 14:59:49 - [MESSAGE][PASSED] - Actual text and expected text of test object 'Object Repository/ShopOpen/ChillerUtilization/ChillerAvailable/Validate_ProductCategoryAssetScreen' are matched.

2018-07-30 14:59:49 - [TEST_STEP][PASSED] - tap: Tapped on element 'Object Repository/ShopOpen/ChillerUtilization/ChillerAvailable/Depth'

2018-07-30 14:59:49 - [MESSAGE][WARNING] - Timeout '0' is invalid. Using default page load timeout: '15'

2018-07-30 14:59:50 - [MESSAGE][PASSED] - Tapped on element 'Object Repository/ShopOpen/ChillerUtilization/ChillerAvailable/Depth'

2018-07-30 14:59:50 - [TEST_STEP][PASSED] - verifyElementText: Actual text and expected text of test object 'Object Repository/ShopOpen/ChillerUtilization/ChillerAvailable/Validate_DepthScreen' are matched.

2018-07-30 14:59:52 - [MESSAGE][PASSED] - Actual text and expected text of test object 'Object Repository/ShopOpen/ChillerUtilization/ChillerAvailable/Validate_DepthScreen' are matched.

2018-07-30 14:59:52 - [TEST_STEP][PASSED] - com.ct.qa.keywords.ChillerProductsDataKeywords.visitChillerAvailableProductsData: com.ct.qa.keywords.ChillerProductsDataKeywords.visitChillerAvailableProductsData is PASSED

2018-07-30 14:59:56 - [MESSAGE][PASSED] - Keyboard is hidden

2018-07-30 14:59:59 - [MESSAGE][PASSED] - Keyboard is hidden

2018-07-30 15:00:02 - [MESSAGE][PASSED] - Keyboard is hidden

2018-07-30 15:00:03 - [MESSAGE][PASSED] - com.ct.qa.keywords.ChillerProductsDataKeywords.visitChillerAvailableProductsData is PASSED

2018-07-30 15:00:03 - [TEST_STEP][PASSED] - tap: Tapped on element 'Object Repository/ShopOpen/ChillerUtilization/ChillerAvailable/SubmitButton'

2018-07-30 15:00:03 - [MESSAGE][WARNING] - Timeout '0' is invalid. Using default page load timeout: '15'

2018-07-30 15:00:04 - [MESSAGE][PASSED] - Tapped on element 'Object Repository/ShopOpen/ChillerUtilization/ChillerAvailable/SubmitButton'

2018-07-30 15:00:04 - [TEST_STEP][PASSED] - verifyElementText: Actual text and expected text of test object 'Object Repository/ShopOpen/ChillerUtilization/ChillerAvailable/Validate_ProductCategoryAssetScreen' are matched.

2018-07-30 15:00:05 - [MESSAGE][PASSED] - Actual text and expected text of test object 'Object Repository/ShopOpen/ChillerUtilization/ChillerAvailable/Validate_ProductCategoryAssetScreen' are matched.

2018-07-30 15:00:05 - [TEST_STEP][PASSED] - tap: Tapped on element 'Object Repository/ShopOpen/ChillerUtilization/ChillerAvailable/StockCount'

2018-07-30 15:00:05 - [MESSAGE][WARNING] - Timeout '0' is invalid. Using default page load timeout: '15'

2018-07-30 15:00:05 - [MESSAGE][PASSED] - Tapped on element 'Object Repository/ShopOpen/ChillerUtilization/ChillerAvailable/StockCount'

2018-07-30 15:00:05 - [TEST_STEP][PASSED] - verifyElementText: Actual text and expected text of test object 'Object Repository/ShopOpen/ChillerUtilization/ChillerAvailable/Validate_StockCountScreen' are matched.

2018-07-30 15:00:07 - [MESSAGE][PASSED] - Actual text and expected text of test object 'Object Repository/ShopOpen/ChillerUtilization/ChillerAvailable/Validate_StockCountScreen' are matched.

2018-07-30 15:00:07 - [TEST_STEP][PASSED] - com.ct.qa.keywords.ChillerProductsDataKeywords.visitChillerAvailableProductsData: com.ct.qa.keywords.ChillerProductsDataKeywords.visitChillerAvailableProductsData is PASSED

2018-07-30 15:00:11 - [MESSAGE][PASSED] - Keyboard is hidden

2018-07-30 15:00:14 - [MESSAGE][PASSED] - Keyboard is hidden

2018-07-30 15:00:17 - [MESSAGE][PASSED] - Keyboard is hidden

2018-07-30 15:00:18 - [MESSAGE][PASSED] - com.ct.qa.keywords.ChillerProductsDataKeywords.visitChillerAvailableProductsData is PASSED

2018-07-30 15:00:18 - [TEST_STEP][PASSED] - tap: Tapped on element 'Object Repository/ShopOpen/ChillerUtilization/ChillerAvailable/SubmitButton'

2018-07-30 15:00:18 - [MESSAGE][WARNING] - Timeout '0' is invalid. Using default page load timeout: '15'

2018-07-30 15:00:19 - [MESSAGE][PASSED] - Tapped on element 'Object Repository/ShopOpen/ChillerUtilization/ChillerAvailable/SubmitButton'

2018-07-30 15:00:19 - [TEST_STEP][PASSED] - verifyElementText: Actual text and expected text of test object 'Object Repository/ShopOpen/ChillerUtilization/ChillerAvailable/Validate_ProductCategoryAssetScreen' are matched.

2018-07-30 15:00:20 - [MESSAGE][PASSED] - Actual text and expected text of test object 'Object Repository/ShopOpen/ChillerUtilization/ChillerAvailable/Validate_ProductCategoryAssetScreen' are matched.

2018-07-30 15:00:20 - [TEST_STEP][PASSED] - tap: Tapped on element 'Object Repository/ShopOpen/ChillerUtilization/ChillerAvailable/PorductCategoryActions_BackButton'

2018-07-30 15:00:20 - [MESSAGE][WARNING] - Timeout '0' is invalid. Using default page load timeout: '15'

2018-07-30 15:00:21 - [MESSAGE][PASSED] - Tapped on element 'Object Repository/ShopOpen/ChillerUtilization/ChillerAvailable/PorductCategoryActions_BackButton'

2018-07-30 15:00:21 - [TEST_STEP][PASSED] - verifyElementText: Actual text and expected text of test object 'Object Repository/ShopOpen/ChillerUtilization/ChillerAvailable/Validate_ChillerProductsCategoriesScreen' are matched.

2018-07-30 15:00:22 - [MESSAGE][PASSED] - Actual text and expected text of test object 'Object Repository/ShopOpen/ChillerUtilization/ChillerAvailable/Validate_ChillerProductsCategoriesScreen' are matched.

2018-07-30 15:00:22 - [MESSAGE][PASSED] - Call Test Case 'Test Cases/ShopOpen/ChillerUtilization/ChillerAvailable/VisitProductCategoryAssets' successfully

2018-07-30 15:00:23 - [TEST_CASE][PASSED] - Test Cases/ShopOpen/ChillerUtilization/ChillerAvailable/VisitProductCategoryAssets: Test Cases/ShopOpen/ChillerUtilization/ChillerAvailable/VisitProductCategoryAssets

2018-07-30 15:00:23 - [TEST_STEP][PASSED] - verifyElementText: Actual text and expected text of test object 'Object Repository/ShopOpen/ChillerUtilization/ChillerAvailable/Validate_ProductCategoryAssetScreen' are matched.

2018-07-30 15:00:24 - [MESSAGE][PASSED] - Actual text and expected text of test object 'Object Repository/ShopOpen/ChillerUtilization/ChillerAvailable/Validate_ProductCategoryAssetScreen' are matched.

2018-07-30 15:00:24 - [TEST_STEP][PASSED] - tap: Tapped on element 'Object Repository/ShopOpen/ChillerUtilization/ChillerAvailable/Facing'

2018-07-30 15:00:24 - [MESSAGE][WARNING] - Timeout '0' is invalid. Using default page load timeout: '15'

2018-07-30 15:00:25 - [MESSAGE][PASSED] - Tapped on element 'Object Repository/ShopOpen/ChillerUtilization/ChillerAvailable/Facing'

2018-07-30 15:00:25 - [TEST_STEP][PASSED] - verifyElementText: Actual text and expected text of test object 'Object Repository/ShopOpen/ChillerUtilization/ChillerAvailable/Validate_FacingScreen' are matched.

2018-07-30 15:00:27 - [MESSAGE][PASSED] - Actual text and expected text of test object 'Object Repository/ShopOpen/ChillerUtilization/ChillerAvailable/Validate_FacingScreen' are matched.

2018-07-30 15:00:27 - [TEST_STEP][PASSED] - com.ct.qa.keywords.ChillerProductsDataKeywords.visitChillerAvailableProductsData: com.ct.qa.keywords.ChillerProductsDataKeywords.visitChillerAvailableProductsData is PASSED

2018-07-30 15:00:32 - [MESSAGE][PASSED] - Keyboard is hidden

2018-07-30 15:00:35 - [MESSAGE][PASSED] - Keyboard is hidden

2018-07-30 15:00:38 - [MESSAGE][PASSED] - Keyboard is hidden

2018-07-30 15:00:41 - [MESSAGE][PASSED] - Keyboard is hidden

2018-07-30 15:00:44 - [MESSAGE][PASSED] - Keyboard is hidden

2018-07-30 15:00:47 - [MESSAGE][PASSED] - Keyboard is hidden

2018-07-30 15:00:50 - [MESSAGE][PASSED] - Swiped from 55,359 to 55,250

2018-07-30 15:00:54 - [MESSAGE][PASSED] - Keyboard is hidden

2018-07-30 15:00:55 - [MESSAGE][PASSED] - Swiped from 55,359 to 55,250

2018-07-30 15:00:59 - [MESSAGE][PASSED] - Keyboard is hidden

2018-07-30 15:01:00 - [MESSAGE][PASSED] - Swiped from 55,359 to 55,250

2018-07-30 15:01:04 - [MESSAGE][PASSED] - Keyboard is hidden

2018-07-30 15:01:05 - [MESSAGE][PASSED] - Swiped from 55,359 to 55,250

2018-07-30 15:01:06 - [MESSAGE][PASSED] - com.ct.qa.keywords.ChillerProductsDataKeywords.visitChillerAvailableProductsData is PASSED

2018-07-30 15:01:06 - [TEST_STEP][PASSED] - tap: Tapped on element 'Object Repository/ShopOpen/ChillerUtilization/ChillerAvailable/SubmitButton'

2018-07-30 15:01:06 - [MESSAGE][WARNING] - Timeout '0' is invalid. Using default page load timeout: '15'

2018-07-30 15:01:07 - [MESSAGE][PASSED] - Tapped on element 'Object Repository/ShopOpen/ChillerUtilization/ChillerAvailable/SubmitButton'

2018-07-30 15:01:07 - [TEST_STEP][PASSED] - verifyElementText: Actual text and expected text of test object 'Object Repository/ShopOpen/ChillerUtilization/ChillerAvailable/Validate_ProductCategoryAssetScreen' are matched.

2018-07-30 15:01:08 - [MESSAGE][PASSED] - Actual text and expected text of test object 'Object Repository/ShopOpen/ChillerUtilization/ChillerAvailable/Validate_ProductCategoryAssetScreen' are matched.

2018-07-30 15:01:08 - [TEST_STEP][PASSED] - tap: Tapped on element 'Object Repository/ShopOpen/ChillerUtilization/ChillerAvailable/Depth'

2018-07-30 15:01:08 - [MESSAGE][WARNING] - Timeout '0' is invalid. Using default page load timeout: '15'

2018-07-30 15:01:08 - [MESSAGE][PASSED] - Tapped on element 'Object Repository/ShopOpen/ChillerUtilization/ChillerAvailable/Depth'

2018-07-30 15:01:08 - [TEST_STEP][PASSED] - verifyElementText: Actual text and expected text of test object 'Object Repository/ShopOpen/ChillerUtilization/ChillerAvailable/Validate_DepthScreen' are matched.

2018-07-30 15:01:10 - [MESSAGE][PASSED] - Actual text and expected text of test object 'Object Repository/ShopOpen/ChillerUtilization/ChillerAvailable/Validate_DepthScreen' are matched.

2018-07-30 15:01:10 - [TEST_STEP][PASSED] - com.ct.qa.keywords.ChillerProductsDataKeywords.visitChillerAvailableProductsData: com.ct.qa.keywords.ChillerProductsDataKeywords.visitChillerAvailableProductsData is PASSED

2018-07-30 15:01:15 - [MESSAGE][PASSED] - Keyboard is hidden

2018-07-30 15:01:18 - [MESSAGE][PASSED] - Keyboard is hidden

2018-07-30 15:01:21 - [MESSAGE][PASSED] - Keyboard is hidden

2018-07-30 15:01:24 - [MESSAGE][PASSED] - Keyboard is hidden

2018-07-30 15:01:27 - [MESSAGE][PASSED] - Keyboard is hidden

2018-07-30 15:01:30 - [MESSAGE][PASSED] - Keyboard is hidden

2018-07-30 15:01:33 - [MESSAGE][PASSED] - Swiped from 55,359 to 55,250

2018-07-30 15:01:36 - [MESSAGE][PASSED] - Keyboard is hidden

2018-07-30 15:01:37 - [MESSAGE][PASSED] - Swiped from 55,359 to 55,250

2018-07-30 15:01:41 - [MESSAGE][PASSED] - Keyboard is hidden

2018-07-30 15:01:42 - [MESSAGE][PASSED] - Swiped from 55,359 to 55,250

2018-07-30 15:01:46 - [MESSAGE][PASSED] - Keyboard is hidden

2018-07-30 15:01:47 - [MESSAGE][PASSED] - Swiped from 55,359 to 55,250

2018-07-30 15:01:48 - [MESSAGE][PASSED] - com.ct.qa.keywords.ChillerProductsDataKeywords.visitChillerAvailableProductsData is PASSED

2018-07-30 15:01:48 - [TEST_STEP][PASSED] - tap: Tapped on element 'Object Repository/ShopOpen/ChillerUtilization/ChillerAvailable/SubmitButton'

2018-07-30 15:01:48 - [MESSAGE][WARNING] - Timeout '0' is invalid. Using default page load timeout: '15'

2018-07-30 15:01:49 - [MESSAGE][PASSED] - Tapped on element 'Object Repository/ShopOpen/ChillerUtilization/ChillerAvailable/SubmitButton'

2018-07-30 15:01:49 - [TEST_STEP][PASSED] - verifyElementText: Actual text and expected text of test object 'Object Repository/ShopOpen/ChillerUtilization/ChillerAvailable/Validate_ProductCategoryAssetScreen' are matched.

2018-07-30 15:01:50 - [MESSAGE][PASSED] - Actual text and expected text of test object 'Object Repository/ShopOpen/ChillerUtilization/ChillerAvailable/Validate_ProductCategoryAssetScreen' are matched.

2018-07-30 15:01:50 - [TEST_STEP][PASSED] - tap: Tapped on element 'Object Repository/ShopOpen/ChillerUtilization/ChillerAvailable/StockCount'

2018-07-30 15:01:50 - [MESSAGE][WARNING] - Timeout '0' is invalid. Using default page load timeout: '15'

2018-07-30 15:01:51 - [MESSAGE][PASSED] - Tapped on element 'Object Repository/ShopOpen/ChillerUtilization/ChillerAvailable/StockCount'

2018-07-30 15:01:51 - [TEST_STEP][PASSED] - verifyElementText: Actual text and expected text of test object 'Object Repository/ShopOpen/ChillerUtilization/ChillerAvailable/Validate_StockCountScreen' are matched.

2018-07-30 15:01:53 - [MESSAGE][PASSED] - Actual text and expected text of test object 'Object Repository/ShopOpen/ChillerUtilization/ChillerAvailable/Validate_StockCountScreen' are matched.

2018-07-30 15:01:53 - [TEST_STEP][PASSED] - com.ct.qa.keywords.ChillerProductsDataKeywords.visitChillerAvailableProductsData: com.ct.qa.keywords.ChillerProductsDataKeywords.visitChillerAvailableProductsData is PASSED

2018-07-30 15:01:58 - [MESSAGE][PASSED] - Keyboard is hidden

2018-07-30 15:02:01 - [MESSAGE][PASSED] - Keyboard is hidden

2018-07-30 15:02:04 - [MESSAGE][PASSED] - Keyboard is hidden

2018-07-30 15:02:07 - [MESSAGE][PASSED] - Keyboard is hidden

2018-07-30 15:02:10 - [MESSAGE][PASSED] - Keyboard is hidden

2018-07-30 15:02:13 - [MESSAGE][PASSED] - Keyboard is hidden

2018-07-30 15:02:16 - [MESSAGE][PASSED] - Swiped from 55,359 to 55,250

2018-07-30 15:02:20 - [MESSAGE][PASSED] - Keyboard is hidden

2018-07-30 15:02:21 - [MESSAGE][PASSED] - Swiped from 55,359 to 55,250

2018-07-30 15:02:25 - [MESSAGE][PASSED] - Keyboard is hidden

2018-07-30 15:02:26 - [MESSAGE][PASSED] - Swiped from 55,359 to 55,250

2018-07-30 15:02:30 - [MESSAGE][PASSED] - Keyboard is hidden

2018-07-30 15:02:31 - [MESSAGE][PASSED] - Swiped from 55,359 to 55,250

2018-07-30 15:02:32 - [MESSAGE][PASSED] - com.ct.qa.keywords.ChillerProductsDataKeywords.visitChillerAvailableProductsData is PASSED

2018-07-30 15:02:32 - [TEST_STEP][PASSED] - tap: Tapped on element 'Object Repository/ShopOpen/ChillerUtilization/ChillerAvailable/SubmitButton'

2018-07-30 15:02:32 - [MESSAGE][WARNING] - Timeout '0' is invalid. Using default page load timeout: '15'

2018-07-30 15:02:33 - [MESSAGE][PASSED] - Tapped on element 'Object Repository/ShopOpen/ChillerUtilization/ChillerAvailable/SubmitButton'

2018-07-30 15:02:33 - [TEST_STEP][PASSED] - verifyElementText: Actual text and expected text of test object 'Object Repository/ShopOpen/ChillerUtilization/ChillerAvailable/Validate_ProductCategoryAssetScreen' are matched.

2018-07-30 15:02:34 - [MESSAGE][PASSED] - Actual text and expected text of test object 'Object Repository/ShopOpen/ChillerUtilization/ChillerAvailable/Validate_ProductCategoryAssetScreen' are matched.

2018-07-30 15:02:34 - [TEST_STEP][PASSED] - tap: Tapped on element 'Object Repository/ShopOpen/ChillerUtilization/ChillerAvailable/PorductCategoryActions_BackButton'

2018-07-30 15:02:34 - [MESSAGE][WARNING] - Timeout '0' is invalid. Using default page load timeout: '15'

2018-07-30 15:02:35 - [MESSAGE][PASSED] - Tapped on element 'Object Repository/ShopOpen/ChillerUtilization/ChillerAvailable/PorductCategoryActions_BackButton'

2018-07-30 15:02:35 - [TEST_STEP][PASSED] - verifyElementText: Actual text and expected text of test object 'Object Repository/ShopOpen/ChillerUtilization/ChillerAvailable/Validate_ChillerProductsCategoriesScreen' are matched.

2018-07-30 15:02:35 - [MESSAGE][PASSED] - Actual text and expected text of test object 'Object Repository/ShopOpen/ChillerUtilization/ChillerAvailable/Validate_ChillerProductsCategoriesScreen' are matched.

2018-07-30 15:02:35 - [MESSAGE][PASSED] - Call Test Case 'Test Cases/ShopOpen/ChillerUtilization/ChillerAvailable/VisitProductCategoryAssets' successfully

2018-07-30 15:02:36 - [TEST_CASE][PASSED] - Test Cases/ShopOpen/ChillerUtilization/ChillerAvailable/VisitProductCategoryAssets: Test Cases/ShopOpen/ChillerUtilization/ChillerAvailable/VisitProductCategoryAssets

2018-07-30 15:02:36 - [TEST_STEP][PASSED] - verifyElementText: Actual text and expected text of test object 'Object Repository/ShopOpen/ChillerUtilization/ChillerAvailable/Validate_ProductCategoryAssetScreen' are matched.

2018-07-30 15:02:38 - [MESSAGE][PASSED] - Actual text and expected text of test object 'Object Repository/ShopOpen/ChillerUtilization/ChillerAvailable/Validate_ProductCategoryAssetScreen' are matched.

2018-07-30 15:02:38 - [TEST_STEP][PASSED] - tap: Tapped on element 'Object Repository/ShopOpen/ChillerUtilization/ChillerAvailable/Facing'

2018-07-30 15:02:38 - [MESSAGE][WARNING] - Timeout '0' is invalid. Using default page load timeout: '15'

2018-07-30 15:02:38 - [MESSAGE][PASSED] - Tapped on element 'Object Repository/ShopOpen/ChillerUtilization/ChillerAvailable/Facing'

2018-07-30 15:02:38 - [TEST_STEP][PASSED] - verifyElementText: Actual text and expected text of test object 'Object Repository/ShopOpen/ChillerUtilization/ChillerAvailable/Validate_FacingScreen' are matched.

2018-07-30 15:02:40 - [MESSAGE][PASSED] - Actual text and expected text of test object 'Object Repository/ShopOpen/ChillerUtilization/ChillerAvailable/Validate_FacingScreen' are matched.

2018-07-30 15:02:40 - [TEST_STEP][PASSED] - com.ct.qa.keywords.ChillerProductsDataKeywords.visitChillerAvailableProductsData: com.ct.qa.keywords.ChillerProductsDataKeywords.visitChillerAvailableProductsData is PASSED

2018-07-30 15:02:44 - [MESSAGE][PASSED] - Keyboard is hidden

2018-07-30 15:02:47 - [MESSAGE][PASSED] - Keyboard is hidden

2018-07-30 15:02:48 - [MESSAGE][PASSED] - com.ct.qa.keywords.ChillerProductsDataKeywords.visitChillerAvailableProductsData is PASSED

2018-07-30 15:02:48 - [TEST_STEP][PASSED] - tap: Tapped on element 'Object Repository/ShopOpen/ChillerUtilization/ChillerAvailable/SubmitButton'

2018-07-30 15:02:48 - [MESSAGE][WARNING] - Timeout '0' is invalid. Using default page load timeout: '15'

2018-07-30 15:02:49 - [MESSAGE][PASSED] - Tapped on element 'Object Repository/ShopOpen/ChillerUtilization/ChillerAvailable/SubmitButton'

2018-07-30 15:02:49 - [TEST_STEP][PASSED] - verifyElementText: Actual text and expected text of test object 'Object Repository/ShopOpen/ChillerUtilization/ChillerAvailable/Validate_ProductCategoryAssetScreen' are matched.

2018-07-30 15:02:49 - [MESSAGE][PASSED] - Actual text and expected text of test object 'Object Repository/ShopOpen/ChillerUtilization/ChillerAvailable/Validate_ProductCategoryAssetScreen' are matched.

2018-07-30 15:02:49 - [TEST_STEP][PASSED] - tap: Tapped on element 'Object Repository/ShopOpen/ChillerUtilization/ChillerAvailable/Depth'

2018-07-30 15:02:49 - [MESSAGE][WARNING] - Timeout '0' is invalid. Using default page load timeout: '15'

2018-07-30 15:02:50 - [MESSAGE][PASSED] - Tapped on element 'Object Repository/ShopOpen/ChillerUtilization/ChillerAvailable/Depth'

2018-07-30 15:02:50 - [TEST_STEP][PASSED] - verifyElementText: Actual text and expected text of test object 'Object Repository/ShopOpen/ChillerUtilization/ChillerAvailable/Validate_DepthScreen' are matched.

2018-07-30 15:02:51 - [MESSAGE][PASSED] - Actual text and expected text of test object 'Object Repository/ShopOpen/ChillerUtilization/ChillerAvailable/Validate_DepthScreen' are matched.

2018-07-30 15:02:51 - [TEST_STEP][PASSED] - com.ct.qa.keywords.ChillerProductsDataKeywords.visitChillerAvailableProductsData: com.ct.qa.keywords.ChillerProductsDataKeywords.visitChillerAvailableProductsData is PASSED

2018-07-30 15:02:56 - [MESSAGE][PASSED] - Keyboard is hidden

2018-07-30 15:02:59 - [MESSAGE][PASSED] - Keyboard is hidden

2018-07-30 15:03:00 - [MESSAGE][PASSED] - com.ct.qa.keywords.ChillerProductsDataKeywords.visitChillerAvailableProductsData is PASSED

2018-07-30 15:03:00 - [TEST_STEP][PASSED] - tap: Tapped on element 'Object Repository/ShopOpen/ChillerUtilization/ChillerAvailable/SubmitButton'

2018-07-30 15:03:00 - [MESSAGE][WARNING] - Timeout '0' is invalid. Using default page load timeout: '15'

2018-07-30 15:03:00 - [MESSAGE][PASSED] - Tapped on element 'Object Repository/ShopOpen/ChillerUtilization/ChillerAvailable/SubmitButton'

2018-07-30 15:03:00 - [TEST_STEP][PASSED] - verifyElementText: Actual text and expected text of test object 'Object Repository/ShopOpen/ChillerUtilization/ChillerAvailable/Validate_ProductCategoryAssetScreen' are matched.

2018-07-30 15:03:01 - [MESSAGE][PASSED] - Actual text and expected text of test object 'Object Repository/ShopOpen/ChillerUtilization/ChillerAvailable/Validate_ProductCategoryAssetScreen' are matched.

2018-07-30 15:03:01 - [TEST_STEP][PASSED] - tap: Tapped on element 'Object Repository/ShopOpen/ChillerUtilization/ChillerAvailable/StockCount'

2018-07-30 15:03:01 - [MESSAGE][WARNING] - Timeout '0' is invalid. Using default page load timeout: '15'

2018-07-30 15:03:02 - [MESSAGE][PASSED] - Tapped on element 'Object Repository/ShopOpen/ChillerUtilization/ChillerAvailable/StockCount'

2018-07-30 15:03:02 - [TEST_STEP][PASSED] - verifyElementText: Actual text and expected text of test object 'Object Repository/ShopOpen/ChillerUtilization/ChillerAvailable/Validate_StockCountScreen' are matched.

2018-07-30 15:03:03 - [MESSAGE][PASSED] - Actual text and expected text of test object 'Object Repository/ShopOpen/ChillerUtilization/ChillerAvailable/Validate_StockCountScreen' are matched.

2018-07-30 15:03:03 - [TEST_STEP][PASSED] - com.ct.qa.keywords.ChillerProductsDataKeywords.visitChillerAvailableProductsData: com.ct.qa.keywords.ChillerProductsDataKeywords.visitChillerAvailableProductsData is PASSED

2018-07-30 15:03:07 - [MESSAGE][PASSED] - Keyboard is hidden

2018-07-30 15:03:10 - [MESSAGE][PASSED] - Keyboard is hidden

2018-07-30 15:03:11 - [MESSAGE][PASSED] - com.ct.qa.keywords.ChillerProductsDataKeywords.visitChillerAvailableProductsData is PASSED

2018-07-30 15:03:11 - [TEST_STEP][PASSED] - tap: Tapped on element 'Object Repository/ShopOpen/ChillerUtilization/ChillerAvailable/SubmitButton'

2018-07-30 15:03:11 - [MESSAGE][WARNING] - Timeout '0' is invalid. Using default page load timeout: '15'

2018-07-30 15:03:12 - [MESSAGE][PASSED] - Tapped on element 'Object Repository/ShopOpen/ChillerUtilization/ChillerAvailable/SubmitButton'

2018-07-30 15:03:12 - [TEST_STEP][PASSED] - verifyElementText: Actual text and expected text of test object 'Object Repository/ShopOpen/ChillerUtilization/ChillerAvailable/Validate_ProductCategoryAssetScreen' are matched.

2018-07-30 15:03:13 - [MESSAGE][PASSED] - Actual text and expected text of test object 'Object Repository/ShopOpen/ChillerUtilization/ChillerAvailable/Validate_ProductCategoryAssetScreen' are matched.

2018-07-30 15:03:13 - [TEST_STEP][PASSED] - tap: Tapped on element 'Object Repository/ShopOpen/ChillerUtilization/ChillerAvailable/PorductCategoryActions_BackButton'

2018-07-30 15:03:13 - [MESSAGE][WARNING] - Timeout '0' is invalid. Using default page load timeout: '15'

2018-07-30 15:03:13 - [MESSAGE][PASSED] - Tapped on element 'Object Repository/ShopOpen/ChillerUtilization/ChillerAvailable/PorductCategoryActions_BackButton'

2018-07-30 15:03:13 - [TEST_STEP][PASSED] - verifyElementText: Actual text and expected text of test object 'Object Repository/ShopOpen/ChillerUtilization/ChillerAvailable/Validate_ChillerProductsCategoriesScreen' are matched.

2018-07-30 15:03:14 - [MESSAGE][PASSED] - Actual text and expected text of test object 'Object Repository/ShopOpen/ChillerUtilization/ChillerAvailable/Validate_ChillerProductsCategoriesScreen' are matched.

2018-07-30 15:03:14 - [MESSAGE][PASSED] - Call Test Case 'Test Cases/ShopOpen/ChillerUtilization/ChillerAvailable/VisitProductCategoryAssets' successfully

2018-07-30 15:03:14 - [MESSAGE][PASSED] - com.ct.qa.keywords.ChillerProductsDataKeywords.visitChillerAvailableProductCategories is PASSED

2018-07-30 15:03:14 - [TEST_STEP][PASSED] - tap: Tapped on element 'Object Repository/ShopOpen/ChillerUtilization/ChillerAvailable/ChillerProductsCategories_Planogram_ImageView'

2018-07-30 15:03:14 - [MESSAGE][WARNING] - Timeout '0' is invalid. Using default page load timeout: '15'

2018-07-30 15:03:15 - [MESSAGE][PASSED] - Tapped on element 'Object Repository/ShopOpen/ChillerUtilization/ChillerAvailable/ChillerProductsCategories_Planogram_ImageView'

2018-07-30 15:03:15 - [TEST_STEP][PASSED] - com.ct.qa.keywords.CommonKeywords.checkPlanogramAvailability: com.ct.qa.keywords.CommonKeywords.checkPlanogramAvailability is PASSED

2018-07-30 15:03:15 - [MESSAGE][WARNING] - Timeout '0' is invalid. Using default page load timeout: '15'

2018-07-30 15:03:16 - [MESSAGE][PASSED] - Tapped on element 'Object Repository/CommonScreenElements/InfoPopUp_OKButton'

2018-07-30 15:03:16 - [MESSAGE][PASSED] - com.ct.qa.keywords.CommonKeywords.checkPlanogramAvailability is PASSED

2018-07-30 15:03:16 - [TEST_STEP][PASSED] - com.ct.qa.keywords.CommonKeywords.closePlanogram: com.ct.qa.keywords.CommonKeywords.closePlanogram is PASSED

2018-07-30 15:03:18 - [MESSAGE][PASSED] - com.ct.qa.keywords.CommonKeywords.closePlanogram is PASSED

2018-07-30 15:03:18 - [TEST_STEP][PASSED] - verifyElementText: Actual text and expected text of test object 'Object Repository/ShopOpen/ChillerUtilization/ChillerAvailable/Validate_ChillerProductsCategoriesScreen' are matched.

2018-07-30 15:03:18 - [MESSAGE][PASSED] - Actual text and expected text of test object 'Object Repository/ShopOpen/ChillerUtilization/ChillerAvailable/Validate_ChillerProductsCategoriesScreen' are matched.

2018-07-30 15:03:18 - [TEST_STEP][PASSED] - com.ct.qa.keywords.CommonKeywords.findPictureImageView: com.ct.qa.keywords.CommonKeywords.findPictureImageView is PASSED

2018-07-30 15:03:19 - [MESSAGE][PASSED] - com.ct.qa.keywords.CommonKeywords.findPictureImageView is PASSED

2018-07-30 15:03:19 - [TEST_STEP][PASSED] - verifyElementText: Actual text and expected text of test object 'Object Repository/ShopOpen/ChillerUtilization/ChillerAvailable/Validate_ChillerProductsCategoriesScreen' are matched.

2018-07-30 15:03:19 - [MESSAGE][PASSED] - Actual text and expected text of test object 'Object Repository/ShopOpen/ChillerUtilization/ChillerAvailable/Validate_ChillerProductsCategoriesScreen' are matched.

2018-07-30 15:03:19 - [TEST_STEP][PASSED] - tap: Tapped on element 'Object Repository/ShopOpen/ChillerUtilization/ChillerAvailable/ChillerProductsCategories_BackButton'

2018-07-30 15:03:19 - [MESSAGE][WARNING] - Timeout '0' is invalid. Using default page load timeout: '15'

2018-07-30 15:03:21 - [MESSAGE][PASSED] - Tapped on element 'Object Repository/ShopOpen/ChillerUtilization/ChillerAvailable/ChillerProductsCategories_BackButton'

2018-07-30 15:03:21 - [TEST_STEP][PASSED] - verifyElementText: Actual text and expected text of test object 'Object Repository/ShopOpen/ChillerUtilization/Validate_ChillerUtilizationScreen' are matched.

2018-07-30 15:03:22 - [MESSAGE][PASSED] - Actual text and expected text of test object 'Object Repository/ShopOpen/ChillerUtilization/Validate_ChillerUtilizationScreen' are matched.

2018-07-30 15:03:22 - [MESSAGE][PASSED] - Call Test Case 'Test Cases/ShopOpen/ChillerUtilization/ChillerAvailable/VisitChillerAvailable' successfully

2018-07-30 15:03:23 - [MESSAGE][WARNING] - Timeout '0' is invalid. Using default page load timeout: '15'

2018-07-30 15:03:25 - [MESSAGE][PASSED] - Element 'Object Repository/CommonScreenElements/Validate_CameraScreen' is exist

2018-07-30 15:03:25 - [MESSAGE][WARNING] - Timeout '0' is invalid. Using default page load timeout: '15'

2018-07-30 15:03:28 - [MESSAGE][PASSED] - Tapped on element 'Object Repository/CommonScreenElements/TakePictureButton'

2018-07-30 15:03:33 - [MESSAGE][PASSED] - Delayed 5 second(s)

2018-07-30 15:03:33 - [MESSAGE][WARNING] - Timeout '0' is invalid. Using default page load timeout: '15'

2018-07-30 15:03:34 - [MESSAGE][PASSED] - Tapped on element 'Object Repository/CommonScreenElements/DoneButton'

2018-07-30 15:03:37 - [TEST_CASE][PASSED] - Test Cases/ShopOpen/ChillerUtilization/ChillerAvailable/VisitChillerAvailable: Test Cases/ShopOpen/ChillerUtilization/ChillerAvailable/VisitChillerAvailable

2018-07-30 15:03:37 - [TEST_STEP][PASSED] - verifyElementExist: Element 'Object Repository/ShopOpen/ChillerUtilization/ChillerAvailable/Validate_ChillerAvailableScreen' is exist

2018-07-30 15:03:37 - [MESSAGE][WARNING] - Timeout '0' is invalid. Using default page load timeout: '15'

2018-07-30 15:03:38 - [MESSAGE][PASSED] - Element 'Object Repository/ShopOpen/ChillerUtilization/ChillerAvailable/Validate_ChillerAvailableScreen' is exist

2018-07-30 15:03:38 - [TEST_STEP][PASSED] - tap: Tapped on element 'Object Repository/ShopOpen/ChillerUtilization/ChillerAvailable/Planogram_ImageView'

2018-07-30 15:03:38 - [MESSAGE][WARNING] - Timeout '0' is invalid. Using default page load timeout: '15'

2018-07-30 15:03:39 - [MESSAGE][PASSED] - Tapped on element 'Object Repository/ShopOpen/ChillerUtilization/ChillerAvailable/Planogram_ImageView'

2018-07-30 15:03:39 - [TEST_STEP][PASSED] - com.ct.qa.keywords.CommonKeywords.checkPlanogramAvailability: com.ct.qa.keywords.CommonKeywords.checkPlanogramAvailability is PASSED

2018-07-30 15:03:39 - [MESSAGE][WARNING] - Timeout '0' is invalid. Using default page load timeout: '15'

2018-07-30 15:03:41 - [MESSAGE][PASSED] - Tapped on element 'Object Repository/CommonScreenElements/InfoPopUp_OKButton'

2018-07-30 15:03:41 - [MESSAGE][PASSED] - com.ct.qa.keywords.CommonKeywords.checkPlanogramAvailability is PASSED

2018-07-30 15:03:41 - [TEST_STEP][PASSED] - com.ct.qa.keywords.CommonKeywords.closePlanogram: com.ct.qa.keywords.CommonKeywords.closePlanogram is PASSED

2018-07-30 15:03:42 - [MESSAGE][PASSED] - com.ct.qa.keywords.CommonKeywords.closePlanogram is PASSED

2018-07-30 15:03:42 - [TEST_STEP][PASSED] - verifyElementExist: Element 'Object Repository/ShopOpen/ChillerUtilization/ChillerAvailable/Validate_ChillerAvailableScreen' is exist

2018-07-30 15:03:42 - [MESSAGE][WARNING] - Timeout '0' is invalid. Using default page load timeout: '15'

2018-07-30 15:03:43 - [MESSAGE][PASSED] - Element 'Object Repository/ShopOpen/ChillerUtilization/ChillerAvailable/Validate_ChillerAvailableScreen' is exist

2018-07-30 15:03:43 - [TEST_STEP][PASSED] - com.ct.qa.keywords.CommonKeywords.findPictureImageView: com.ct.qa.keywords.CommonKeywords.findPictureImageView is PASSED

2018-07-30 15:03:43 - [MESSAGE][PASSED] - com.ct.qa.keywords.CommonKeywords.findPictureImageView is PASSED

2018-07-30 15:03:43 - [TEST_STEP][PASSED] - verifyElementExist: Element 'Object Repository/ShopOpen/ChillerUtilization/ChillerAvailable/Validate_ChillerAvailableScreen' is exist

2018-07-30 15:03:43 - [MESSAGE][WARNING] - Timeout '0' is invalid. Using default page load timeout: '15'

2018-07-30 15:03:43 - [MESSAGE][PASSED] - Element 'Object Repository/ShopOpen/ChillerUtilization/ChillerAvailable/Validate_ChillerAvailableScreen' is exist

2018-07-30 15:03:43 - [TEST_STEP][PASSED] - tap: Tapped on element 'Object Repository/ShopOpen/ChillerUtilization/ChillerAvailable/Depth1_TakePicture'

2018-07-30 15:03:43 - [MESSAGE][WARNING] - Timeout '0' is invalid. Using default page load timeout: '15'

2018-07-30 15:03:45 - [MESSAGE][PASSED] - Tapped on element 'Object Repository/ShopOpen/ChillerUtilization/ChillerAvailable/Depth1_TakePicture'

2018-07-30 15:03:45 - [TEST_STEP][PASSED] - verifyElementExist: Element 'Object Repository/CommonScreenElements/Validate_CameraScreen' is exist

2018-07-30 15:03:45 - [MESSAGE][WARNING] - Timeout '0' is invalid. Using default page load timeout: '15'

2018-07-30 15:03:46 - [MESSAGE][PASSED] - Element 'Object Repository/CommonScreenElements/Validate_CameraScreen' is exist

2018-07-30 15:03:46 - [TEST_STEP][PASSED] - tap: Tapped on element 'Object Repository/CommonScreenElements/TakePictureButton'

2018-07-30 15:03:46 - [MESSAGE][WARNING] - Timeout '0' is invalid. Using default page load timeout: '15'

2018-07-30 15:03:49 - [MESSAGE][PASSED] - Tapped on element 'Object Repository/CommonScreenElements/TakePictureButton'

2018-07-30 15:03:49 - [TEST_STEP][PASSED] - delay: Delayed 5 second(s)

2018-07-30 15:03:54 - [MESSAGE][PASSED] - Delayed 5 second(s)

2018-07-30 15:03:54 - [TEST_STEP][PASSED] - tap: Tapped on element 'Object Repository/CommonScreenElements/DoneButton'

2018-07-30 15:03:54 - [MESSAGE][WARNING] - Timeout '0' is invalid. Using default page load timeout: '15'

2018-07-30 15:03:55 - [MESSAGE][PASSED] - Tapped on element 'Object Repository/CommonScreenElements/DoneButton'

2018-07-30 15:03:55 - [TEST_STEP][PASSED] - verifyElementExist: Element 'Object Repository/ShopOpen/ChillerUtilization/ChillerAvailable/Validate_ChillerAvailableScreen' is exist

2018-07-30 15:03:55 - [MESSAGE][WARNING] - Timeout '0' is invalid. Using default page load timeout: '15'

2018-07-30 15:03:55 - [MESSAGE][PASSED] - Element 'Object Repository/ShopOpen/ChillerUtilization/ChillerAvailable/Validate_ChillerAvailableScreen' is exist

2018-07-30 15:03:55 - [TEST_STEP][PASSED] - tap: Tapped on element 'Object Repository/ShopOpen/ChillerUtilization/ChillerAvailable/Depth2TakePicture'

2018-07-30 15:03:55 - [MESSAGE][WARNING] - Timeout '0' is invalid. Using default page load timeout: '15'

2018-07-30 15:03:57 - [MESSAGE][PASSED] - Tapped on element 'Object Repository/ShopOpen/ChillerUtilization/ChillerAvailable/Depth2TakePicture'

2018-07-30 15:03:57 - [TEST_STEP][PASSED] - verifyElementExist: Element 'Object Repository/CommonScreenElements/Validate_CameraScreen' is exist

2018-07-30 15:03:57 - [MESSAGE][WARNING] - Timeout '0' is invalid. Using default page load timeout: '15'

2018-07-30 15:03:58 - [MESSAGE][PASSED] - Element 'Object Repository/CommonScreenElements/Validate_CameraScreen' is exist

2018-07-30 15:03:58 - [TEST_STEP][PASSED] - tap: Tapped on element 'Object Repository/CommonScreenElements/TakePictureButton'

2018-07-30 15:03:58 - [MESSAGE][WARNING] - Timeout '0' is invalid. Using default page load timeout: '15'

2018-07-30 15:04:01 - [MESSAGE][PASSED] - Tapped on element 'Object Repository/CommonScreenElements/TakePictureButton'

2018-07-30 15:04:01 - [TEST_STEP][PASSED] - delay: Delayed 5 second(s)

2018-07-30 15:04:06 - [MESSAGE][PASSED] - Delayed 5 second(s)

2018-07-30 15:04:06 - [TEST_STEP][PASSED] - tap: Tapped on element 'Object Repository/CommonScreenElements/DoneButton'

2018-07-30 15:04:06 - [MESSAGE][WARNING] - Timeout '0' is invalid. Using default page load timeout: '15'

2018-07-30 15:04:07 - [MESSAGE][PASSED] - Tapped on element 'Object Repository/CommonScreenElements/DoneButton'

2018-07-30 15:04:07 - [TEST_STEP][PASSED] - verifyElementExist: Element 'Object Repository/ShopOpen/ChillerUtilization/ChillerAvailable/Validate_ChillerAvailableScreen' is exist

2018-07-30 15:04:07 - [MESSAGE][WARNING] - Timeout '0' is invalid. Using default page load timeout: '15'

2018-07-30 15:04:07 - [MESSAGE][PASSED] - Element 'Object Repository/ShopOpen/ChillerUtilization/ChillerAvailable/Validate_ChillerAvailableScreen' is exist

2018-07-30 15:04:07 - [TEST_STEP][PASSED] - tap: Tapped on element 'Object Repository/ShopOpen/ChillerUtilization/ChillerAvailable/NextButton'

2018-07-30 15:04:07 - [MESSAGE][WARNING] - Timeout '0' is invalid. Using default page load timeout: '15'

2018-07-30 15:04:08 - [MESSAGE][PASSED] - Tapped on element 'Object Repository/ShopOpen/ChillerUtilization/ChillerAvailable/NextButton'

2018-07-30 15:04:08 - [TEST_STEP][PASSED] - verifyElementText: Actual text and expected text of test object 'Object Repository/ShopOpen/ChillerUtilization/ChillerAvailable/Validate_ChillerProductsCategoriesScreen' are matched.

2018-07-30 15:04:09 - [MESSAGE][PASSED] - Actual text and expected text of test object 'Object Repository/ShopOpen/ChillerUtilization/ChillerAvailable/Validate_ChillerProductsCategoriesScreen' are matched.

2018-07-30 15:04:09 - [TEST_STEP][PASSED] - com.ct.qa.keywords.ChillerProductsDataKeywords.visitChillerAvailableProductCategories: com.ct.qa.keywords.ChillerProductsDataKeywords.visitChillerAvailableProductCategories is PASSED

2018-07-30 15:04:13 - [TEST_CASE][PASSED] - Test Cases/ShopOpen/ChillerUtilization/ChillerAvailable/VisitProductCategoryAssets: Test Cases/ShopOpen/ChillerUtilization/ChillerAvailable/VisitProductCategoryAssets

2018-07-30 15:04:13 - [TEST_STEP][PASSED] - verifyElementText: Actual text and expected text of test object 'Object Repository/ShopOpen/ChillerUtilization/ChillerAvailable/Validate_ProductCategoryAssetScreen' are matched.

2018-07-30 15:04:14 - [MESSAGE][PASSED] - Actual text and expected text of test object 'Object Repository/ShopOpen/ChillerUtilization/ChillerAvailable/Validate_ProductCategoryAssetScreen' are matched.

2018-07-30 15:04:14 - [TEST_STEP][PASSED] - tap: Tapped on element 'Object Repository/ShopOpen/ChillerUtilization/ChillerAvailable/Facing'

2018-07-30 15:04:14 - [MESSAGE][WARNING] - Timeout '0' is invalid. Using default page load timeout: '15'

2018-07-30 15:04:15 - [MESSAGE][PASSED] - Tapped on element 'Object Repository/ShopOpen/ChillerUtilization/ChillerAvailable/Facing'

2018-07-30 15:04:15 - [TEST_STEP][PASSED] - verifyElementText: Actual text and expected text of test object 'Object Repository/ShopOpen/ChillerUtilization/ChillerAvailable/Validate_FacingScreen' are matched.

2018-07-30 15:04:16 - [MESSAGE][PASSED] - Actual text and expected text of test object 'Object Repository/ShopOpen/ChillerUtilization/ChillerAvailable/Validate_FacingScreen' are matched.

2018-07-30 15:04:16 - [TEST_STEP][PASSED] - com.ct.qa.keywords.ChillerProductsDataKeywords.visitChillerAvailableProductsData: com.ct.qa.keywords.ChillerProductsDataKeywords.visitChillerAvailableProductsData is PASSED

2018-07-30 15:04:20 - [MESSAGE][PASSED] - Keyboard is hidden

2018-07-30 15:04:21 - [MESSAGE][PASSED] - com.ct.qa.keywords.ChillerProductsDataKeywords.visitChillerAvailableProductsData is PASSED

2018-07-30 15:04:21 - [TEST_STEP][PASSED] - tap: Tapped on element 'Object Repository/ShopOpen/ChillerUtilization/ChillerAvailable/SubmitButton'

2018-07-30 15:04:21 - [MESSAGE][WARNING] - Timeout '0' is invalid. Using default page load timeout: '15'

2018-07-30 15:04:21 - [MESSAGE][PASSED] - Tapped on element 'Object Repository/ShopOpen/ChillerUtilization/ChillerAvailable/SubmitButton'

2018-07-30 15:04:21 - [TEST_STEP][PASSED] - verifyElementText: Actual text and expected text of test object 'Object Repository/ShopOpen/ChillerUtilization/ChillerAvailable/Validate_ProductCategoryAssetScreen' are matched.

2018-07-30 15:04:22 - [MESSAGE][PASSED] - Actual text and expected text of test object 'Object Repository/ShopOpen/ChillerUtilization/ChillerAvailable/Validate_ProductCategoryAssetScreen' are matched.

2018-07-30 15:04:22 - [TEST_STEP][PASSED] - tap: Tapped on element 'Object Repository/ShopOpen/ChillerUtilization/ChillerAvailable/Depth'

2018-07-30 15:04:22 - [MESSAGE][WARNING] - Timeout '0' is invalid. Using default page load timeout: '15'

2018-07-30 15:04:23 - [MESSAGE][PASSED] - Tapped on element 'Object Repository/ShopOpen/ChillerUtilization/ChillerAvailable/Depth'

2018-07-30 15:04:23 - [TEST_STEP][PASSED] - verifyElementText: Actual text and expected text of test object 'Object Repository/ShopOpen/ChillerUtilization/ChillerAvailable/Validate_DepthScreen' are matched.

2018-07-30 15:04:24 - [MESSAGE][PASSED] - Actual text and expected text of test object 'Object Repository/ShopOpen/ChillerUtilization/ChillerAvailable/Validate_DepthScreen' are matched.

2018-07-30 15:04:24 - [TEST_STEP][PASSED] - com.ct.qa.keywords.ChillerProductsDataKeywords.visitChillerAvailableProductsData: com.ct.qa.keywords.ChillerProductsDataKeywords.visitChillerAvailableProductsData is PASSED

2018-07-30 15:04:28 - [MESSAGE][PASSED] - Keyboard is hidden

2018-07-30 15:04:29 - [MESSAGE][PASSED] - com.ct.qa.keywords.ChillerProductsDataKeywords.visitChillerAvailableProductsData is PASSED

2018-07-30 15:04:29 - [TEST_STEP][PASSED] - tap: Tapped on element 'Object Repository/ShopOpen/ChillerUtilization/ChillerAvailable/SubmitButton'

2018-07-30 15:04:29 - [MESSAGE][WARNING] - Timeout '0' is invalid. Using default page load timeout: '15'

2018-07-30 15:04:29 - [MESSAGE][PASSED] - Tapped on element 'Object Repository/ShopOpen/ChillerUtilization/ChillerAvailable/SubmitButton'

2018-07-30 15:04:29 - [TEST_STEP][PASSED] - verifyElementText: Actual text and expected text of test object 'Object Repository/ShopOpen/ChillerUtilization/ChillerAvailable/Validate_ProductCategoryAssetScreen' are matched.

2018-07-30 15:04:30 - [MESSAGE][PASSED] - Actual text and expected text of test object 'Object Repository/ShopOpen/ChillerUtilization/ChillerAvailable/Validate_ProductCategoryAssetScreen' are matched.

2018-07-30 15:04:30 - [TEST_STEP][PASSED] - tap: Tapped on element 'Object Repository/ShopOpen/ChillerUtilization/ChillerAvailable/StockCount'

2018-07-30 15:04:30 - [MESSAGE][WARNING] - Timeout '0' is invalid. Using default page load timeout: '15'

2018-07-30 15:04:31 - [MESSAGE][PASSED] - Tapped on element 'Object Repository/ShopOpen/ChillerUtilization/ChillerAvailable/StockCount'

2018-07-30 15:04:31 - [TEST_STEP][PASSED] - verifyElementText: Actual text and expected text of test object 'Object Repository/ShopOpen/ChillerUtilization/ChillerAvailable/Validate_StockCountScreen' are matched.

2018-07-30 15:04:33 - [MESSAGE][PASSED] - Actual text and expected text of test object 'Object Repository/ShopOpen/ChillerUtilization/ChillerAvailable/Validate_StockCountScreen' are matched.

2018-07-30 15:04:33 - [TEST_STEP][PASSED] - com.ct.qa.keywords.ChillerProductsDataKeywords.visitChillerAvailableProductsData: com.ct.qa.keywords.ChillerProductsDataKeywords.visitChillerAvailableProductsData is PASSED

2018-07-30 15:04:36 - [MESSAGE][PASSED] - Keyboard is hidden

2018-07-30 15:04:36 - [MESSAGE][PASSED] - com.ct.qa.keywords.ChillerProductsDataKeywords.visitChillerAvailableProductsData is PASSED

2018-07-30 15:04:36 - [TEST_STEP][PASSED] - tap: Tapped on element 'Object Repository/ShopOpen/ChillerUtilization/ChillerAvailable/SubmitButton'

2018-07-30 15:04:36 - [MESSAGE][WARNING] - Timeout '0' is invalid. Using default page load timeout: '15'

2018-07-30 15:04:37 - [MESSAGE][PASSED] - Tapped on element 'Object Repository/ShopOpen/ChillerUtilization/ChillerAvailable/SubmitButton'

2018-07-30 15:04:37 - [TEST_STEP][PASSED] - verifyElementText: Actual text and expected text of test object 'Object Repository/ShopOpen/ChillerUtilization/ChillerAvailable/Validate_ProductCategoryAssetScreen' are matched.

2018-07-30 15:04:38 - [MESSAGE][PASSED] - Actual text and expected text of test object 'Object Repository/ShopOpen/ChillerUtilization/ChillerAvailable/Validate_ProductCategoryAssetScreen' are matched.

2018-07-30 15:04:38 - [TEST_STEP][PASSED] - tap: Tapped on element 'Object Repository/ShopOpen/ChillerUtilization/ChillerAvailable/PorductCategoryActions_BackButton'

2018-07-30 15:04:38 - [MESSAGE][WARNING] - Timeout '0' is invalid. Using default page load timeout: '15'

2018-07-30 15:04:39 - [MESSAGE][PASSED] - Tapped on element 'Object Repository/ShopOpen/ChillerUtilization/ChillerAvailable/PorductCategoryActions_BackButton'

2018-07-30 15:04:39 - [TEST_STEP][PASSED] - verifyElementText: Actual text and expected text of test object 'Object Repository/ShopOpen/ChillerUtilization/ChillerAvailable/Validate_ChillerProductsCategoriesScreen' are matched.

2018-07-30 15:04:40 - [MESSAGE][PASSED] - Actual text and expected text of test object 'Object Repository/ShopOpen/ChillerUtilization/ChillerAvailable/Validate_ChillerProductsCategoriesScreen' are matched.

2018-07-30 15:04:40 - [MESSAGE][PASSED] - Call Test Case 'Test Cases/ShopOpen/ChillerUtilization/ChillerAvailable/VisitProductCategoryAssets' successfully

2018-07-30 15:04:41 - [TEST_CASE][PASSED] - Test Cases/ShopOpen/ChillerUtilization/ChillerAvailable/VisitProductCategoryAssets: Test Cases/ShopOpen/ChillerUtilization/ChillerAvailable/VisitProductCategoryAssets

2018-07-30 15:04:41 - [TEST_STEP][PASSED] - verifyElementText: Actual text and expected text of test object 'Object Repository/ShopOpen/ChillerUtilization/ChillerAvailable/Validate_ProductCategoryAssetScreen' are matched.

2018-07-30 15:04:42 - [MESSAGE][PASSED] - Actual text and expected text of test object 'Object Repository/ShopOpen/ChillerUtilization/ChillerAvailable/Validate_ProductCategoryAssetScreen' are matched.

2018-07-30 15:04:42 - [TEST_STEP][PASSED] - tap: Tapped on element 'Object Repository/ShopOpen/ChillerUtilization/ChillerAvailable/Facing'

2018-07-30 15:04:42 - [MESSAGE][WARNING] - Timeout '0' is invalid. Using default page load timeout: '15'

2018-07-30 15:04:43 - [MESSAGE][PASSED] - Tapped on element 'Object Repository/ShopOpen/ChillerUtilization/ChillerAvailable/Facing'

2018-07-30 15:04:43 - [TEST_STEP][PASSED] - verifyElementText: Actual text and expected text of test object 'Object Repository/ShopOpen/ChillerUtilization/ChillerAvailable/Validate_FacingScreen' are matched.

2018-07-30 15:04:45 - [MESSAGE][PASSED] - Actual text and expected text of test object 'Object Repository/ShopOpen/ChillerUtilization/ChillerAvailable/Validate_FacingScreen' are matched.

2018-07-30 15:04:45 - [TEST_STEP][PASSED] - com.ct.qa.keywords.ChillerProductsDataKeywords.visitChillerAvailableProductsData: com.ct.qa.keywords.ChillerProductsDataKeywords.visitChillerAvailableProductsData is PASSED

2018-07-30 15:04:49 - [MESSAGE][PASSED] - Keyboard is hidden

2018-07-30 15:04:52 - [MESSAGE][PASSED] - Keyboard is hidden

2018-07-30 15:04:55 - [MESSAGE][PASSED] - Keyboard is hidden

2018-07-30 15:04:56 - [MESSAGE][PASSED] - com.ct.qa.keywords.ChillerProductsDataKeywords.visitChillerAvailableProductsData is PASSED

2018-07-30 15:04:56 - [TEST_STEP][PASSED] - tap: Tapped on element 'Object Repository/ShopOpen/ChillerUtilization/ChillerAvailable/SubmitButton'

2018-07-30 15:04:56 - [MESSAGE][WARNING] - Timeout '0' is invalid. Using default page load timeout: '15'

2018-07-30 15:04:57 - [MESSAGE][PASSED] - Tapped on element 'Object Repository/ShopOpen/ChillerUtilization/ChillerAvailable/SubmitButton'

2018-07-30 15:04:57 - [TEST_STEP][PASSED] - verifyElementText: Actual text and expected text of test object 'Object Repository/ShopOpen/ChillerUtilization/ChillerAvailable/Validate_ProductCategoryAssetScreen' are matched.

2018-07-30 15:04:58 - [MESSAGE][PASSED] - Actual text and expected text of test object 'Object Repository/ShopOpen/ChillerUtilization/ChillerAvailable/Validate_ProductCategoryAssetScreen' are matched.

2018-07-30 15:04:58 - [TEST_STEP][PASSED] - tap: Tapped on element 'Object Repository/ShopOpen/ChillerUtilization/ChillerAvailable/Depth'

2018-07-30 15:04:58 - [MESSAGE][WARNING] - Timeout '0' is invalid. Using default page load timeout: '15'

2018-07-30 15:04:58 - [MESSAGE][PASSED] - Tapped on element 'Object Repository/ShopOpen/ChillerUtilization/ChillerAvailable/Depth'

2018-07-30 15:04:58 - [TEST_STEP][PASSED] - verifyElementText: Actual text and expected text of test object 'Object Repository/ShopOpen/ChillerUtilization/ChillerAvailable/Validate_DepthScreen' are matched.

2018-07-30 15:05:00 - [MESSAGE][PASSED] - Actual text and expected text of test object 'Object Repository/ShopOpen/ChillerUtilization/ChillerAvailable/Validate_DepthScreen' are matched.

2018-07-30 15:05:00 - [TEST_STEP][PASSED] - com.ct.qa.keywords.ChillerProductsDataKeywords.visitChillerAvailableProductsData: com.ct.qa.keywords.ChillerProductsDataKeywords.visitChillerAvailableProductsData is PASSED

2018-07-30 15:05:04 - [MESSAGE][PASSED] - Keyboard is hidden

2018-07-30 15:05:07 - [MESSAGE][PASSED] - Keyboard is hidden

2018-07-30 15:05:10 - [MESSAGE][PASSED] - Keyboard is hidden

2018-07-30 15:05:11 - [MESSAGE][PASSED] - com.ct.qa.keywords.ChillerProductsDataKeywords.visitChillerAvailableProductsData is PASSED

2018-07-30 15:05:11 - [TEST_STEP][PASSED] - tap: Tapped on element 'Object Repository/ShopOpen/ChillerUtilization/ChillerAvailable/SubmitButton'

2018-07-30 15:05:11 - [MESSAGE][WARNING] - Timeout '0' is invalid. Using default page load timeout: '15'

2018-07-30 15:05:12 - [MESSAGE][PASSED] - Tapped on element 'Object Repository/ShopOpen/ChillerUtilization/ChillerAvailable/SubmitButton'

2018-07-30 15:05:12 - [TEST_STEP][PASSED] - verifyElementText: Actual text and expected text of test object 'Object Repository/ShopOpen/ChillerUtilization/ChillerAvailable/Validate_ProductCategoryAssetScreen' are matched.

2018-07-30 15:05:13 - [MESSAGE][PASSED] - Actual text and expected text of test object 'Object Repository/ShopOpen/ChillerUtilization/ChillerAvailable/Validate_ProductCategoryAssetScreen' are matched.

2018-07-30 15:05:13 - [TEST_STEP][PASSED] - tap: Tapped on element 'Object Repository/ShopOpen/ChillerUtilization/ChillerAvailable/StockCount'

2018-07-30 15:05:13 - [MESSAGE][WARNING] - Timeout '0' is invalid. Using default page load timeout: '15'

2018-07-30 15:05:13 - [MESSAGE][PASSED] - Tapped on element 'Object Repository/ShopOpen/ChillerUtilization/ChillerAvailable/StockCount'

2018-07-30 15:05:13 - [TEST_STEP][PASSED] - verifyElementText: Actual text and expected text of test object 'Object Repository/ShopOpen/ChillerUtilization/ChillerAvailable/Validate_StockCountScreen' are matched.

2018-07-30 15:05:15 - [MESSAGE][PASSED] - Actual text and expected text of test object 'Object Repository/ShopOpen/ChillerUtilization/ChillerAvailable/Validate_StockCountScreen' are matched.

2018-07-30 15:05:15 - [TEST_STEP][PASSED] - com.ct.qa.keywords.ChillerProductsDataKeywords.visitChillerAvailableProductsData: com.ct.qa.keywords.ChillerProductsDataKeywords.visitChillerAvailableProductsData is PASSED

2018-07-30 15:05:19 - [MESSAGE][PASSED] - Keyboard is hidden

2018-07-30 15:05:22 - [MESSAGE][PASSED] - Keyboard is hidden

2018-07-30 15:05:25 - [MESSAGE][PASSED] - Keyboard is hidden

2018-07-30 15:05:26 - [MESSAGE][PASSED] - com.ct.qa.keywords.ChillerProductsDataKeywords.visitChillerAvailableProductsData is PASSED

2018-07-30 15:05:26 - [TEST_STEP][PASSED] - tap: Tapped on element 'Object Repository/ShopOpen/ChillerUtilization/ChillerAvailable/SubmitButton'

2018-07-30 15:05:26 - [MESSAGE][WARNING] - Timeout '0' is invalid. Using default page load timeout: '15'

2018-07-30 15:05:27 - [MESSAGE][PASSED] - Tapped on element 'Object Repository/ShopOpen/ChillerUtilization/ChillerAvailable/SubmitButton'

2018-07-30 15:05:27 - [TEST_STEP][PASSED] - verifyElementText: Actual text and expected text of test object 'Object Repository/ShopOpen/ChillerUtilization/ChillerAvailable/Validate_ProductCategoryAssetScreen' are matched.

2018-07-30 15:05:28 - [MESSAGE][PASSED] - Actual text and expected text of test object 'Object Repository/ShopOpen/ChillerUtilization/ChillerAvailable/Validate_ProductCategoryAssetScreen' are matched.

2018-07-30 15:05:28 - [TEST_STEP][PASSED] - tap: Tapped on element 'Object Repository/ShopOpen/ChillerUtilization/ChillerAvailable/PorductCategoryActions_BackButton'

2018-07-30 15:05:28 - [MESSAGE][WARNING] - Timeout '0' is invalid. Using default page load timeout: '15'

2018-07-30 15:05:29 - [MESSAGE][PASSED] - Tapped on element 'Object Repository/ShopOpen/ChillerUtilization/ChillerAvailable/PorductCategoryActions_BackButton'

2018-07-30 15:05:29 - [TEST_STEP][PASSED] - verifyElementText: Actual text and expected text of test object 'Object Repository/ShopOpen/ChillerUtilization/ChillerAvailable/Validate_ChillerProductsCategoriesScreen' are matched.

2018-07-30 15:05:30 - [MESSAGE][PASSED] - Actual text and expected text of test object 'Object Repository/ShopOpen/ChillerUtilization/ChillerAvailable/Validate_ChillerProductsCategoriesScreen' are matched.

2018-07-30 15:05:30 - [MESSAGE][PASSED] - Call Test Case 'Test Cases/ShopOpen/ChillerUtilization/ChillerAvailable/VisitProductCategoryAssets' successfully

2018-07-30 15:05:31 - [TEST_CASE][PASSED] - Test Cases/ShopOpen/ChillerUtilization/ChillerAvailable/VisitProductCategoryAssets: Test Cases/ShopOpen/ChillerUtilization/ChillerAvailable/VisitProductCategoryAssets

2018-07-30 15:05:31 - [TEST_STEP][PASSED] - verifyElementText: Actual text and expected text of test object 'Object Repository/ShopOpen/ChillerUtilization/ChillerAvailable/Validate_ProductCategoryAssetScreen' are matched.

2018-07-30 15:05:32 - [MESSAGE][PASSED] - Actual text and expected text of test object 'Object Repository/ShopOpen/ChillerUtilization/ChillerAvailable/Validate_ProductCategoryAssetScreen' are matched.

2018-07-30 15:05:32 - [TEST_STEP][PASSED] - tap: Tapped on element 'Object Repository/ShopOpen/ChillerUtilization/ChillerAvailable/Facing'

2018-07-30 15:05:32 - [MESSAGE][WARNING] - Timeout '0' is invalid. Using default page load timeout: '15'

2018-07-30 15:05:33 - [MESSAGE][PASSED] - Tapped on element 'Object Repository/ShopOpen/ChillerUtilization/ChillerAvailable/Facing'

2018-07-30 15:05:33 - [TEST_STEP][PASSED] - verifyElementText: Actual text and expected text of test object 'Object Repository/ShopOpen/ChillerUtilization/ChillerAvailable/Validate_FacingScreen' are matched.

2018-07-30 15:05:35 - [MESSAGE][PASSED] - Actual text and expected text of test object 'Object Repository/ShopOpen/ChillerUtilization/ChillerAvailable/Validate_FacingScreen' are matched.

2018-07-30 15:05:35 - [TEST_STEP][PASSED] - com.ct.qa.keywords.ChillerProductsDataKeywords.visitChillerAvailableProductsData: com.ct.qa.keywords.ChillerProductsDataKeywords.visitChillerAvailableProductsData is PASSED

2018-07-30 15:05:40 - [MESSAGE][PASSED] - Keyboard is hidden

2018-07-30 15:05:43 - [MESSAGE][PASSED] - Keyboard is hidden

2018-07-30 15:05:46 - [MESSAGE][PASSED] - Keyboard is hidden

2018-07-30 15:05:49 - [MESSAGE][PASSED] - Keyboard is hidden

2018-07-30 15:05:52 - [MESSAGE][PASSED] - Keyboard is hidden

2018-07-30 15:05:55 - [MESSAGE][PASSED] - Keyboard is hidden

2018-07-30 15:05:58 - [MESSAGE][PASSED] - Swiped from 55,359 to 55,250

2018-07-30 15:06:02 - [MESSAGE][PASSED] - Keyboard is hidden

2018-07-30 15:06:03 - [MESSAGE][PASSED] - Swiped from 55,359 to 55,250

2018-07-30 15:06:07 - [MESSAGE][PASSED] - Keyboard is hidden

2018-07-30 15:06:08 - [MESSAGE][PASSED] - Swiped from 55,359 to 55,250

2018-07-30 15:06:12 - [MESSAGE][PASSED] - Keyboard is hidden

2018-07-30 15:06:13 - [MESSAGE][PASSED] - Swiped from 55,359 to 55,250

2018-07-30 15:06:14 - [MESSAGE][PASSED] - com.ct.qa.keywords.ChillerProductsDataKeywords.visitChillerAvailableProductsData is PASSED

2018-07-30 15:06:14 - [TEST_STEP][PASSED] - tap: Tapped on element 'Object Repository/ShopOpen/ChillerUtilization/ChillerAvailable/SubmitButton'

2018-07-30 15:06:14 - [MESSAGE][WARNING] - Timeout '0' is invalid. Using default page load timeout: '15'

2018-07-30 15:06:15 - [MESSAGE][PASSED] - Tapped on element 'Object Repository/ShopOpen/ChillerUtilization/ChillerAvailable/SubmitButton'

2018-07-30 15:06:15 - [TEST_STEP][PASSED] - verifyElementText: Actual text and expected text of test object 'Object Repository/ShopOpen/ChillerUtilization/ChillerAvailable/Validate_ProductCategoryAssetScreen' are matched.

2018-07-30 15:06:16 - [MESSAGE][PASSED] - Actual text and expected text of test object 'Object Repository/ShopOpen/ChillerUtilization/ChillerAvailable/Validate_ProductCategoryAssetScreen' are matched.

2018-07-30 15:06:16 - [TEST_STEP][PASSED] - tap: Tapped on element 'Object Repository/ShopOpen/ChillerUtilization/ChillerAvailable/Depth'

2018-07-30 15:06:16 - [MESSAGE][WARNING] - Timeout '0' is invalid. Using default page load timeout: '15'

2018-07-30 15:06:16 - [MESSAGE][PASSED] - Tapped on element 'Object Repository/ShopOpen/ChillerUtilization/ChillerAvailable/Depth'

2018-07-30 15:06:16 - [TEST_STEP][PASSED] - verifyElementText: Actual text and expected text of test object 'Object Repository/ShopOpen/ChillerUtilization/ChillerAvailable/Validate_DepthScreen' are matched.

2018-07-30 15:06:18 - [MESSAGE][PASSED] - Actual text and expected text of test object 'Object Repository/ShopOpen/ChillerUtilization/ChillerAvailable/Validate_DepthScreen' are matched.

2018-07-30 15:06:18 - [TEST_STEP][PASSED] - com.ct.qa.keywords.ChillerProductsDataKeywords.visitChillerAvailableProductsData: com.ct.qa.keywords.ChillerProductsDataKeywords.visitChillerAvailableProductsData is PASSED

2018-07-30 15:06:23 - [MESSAGE][PASSED] - Keyboard is hidden

2018-07-30 15:06:26 - [MESSAGE][PASSED] - Keyboard is hidden

2018-07-30 15:06:29 - [MESSAGE][PASSED] - Keyboard is hidden

2018-07-30 15:06:32 - [MESSAGE][PASSED] - Keyboard is hidden

2018-07-30 15:06:35 - [MESSAGE][PASSED] - Keyboard is hidden

2018-07-30 15:06:38 - [MESSAGE][PASSED] - Keyboard is hidden

2018-07-30 15:06:41 - [MESSAGE][PASSED] - Swiped from 55,359 to 55,250

2018-07-30 15:06:45 - [MESSAGE][PASSED] - Keyboard is hidden

2018-07-30 15:06:46 - [MESSAGE][PASSED] - Swiped from 55,359 to 55,250

2018-07-30 15:06:50 - [MESSAGE][PASSED] - Keyboard is hidden

2018-07-30 15:06:51 - [MESSAGE][PASSED] - Swiped from 55,359 to 55,250

2018-07-30 15:06:55 - [MESSAGE][PASSED] - Keyboard is hidden

2018-07-30 15:06:56 - [MESSAGE][PASSED] - Swiped from 55,359 to 55,250

2018-07-30 15:06:57 - [MESSAGE][PASSED] - com.ct.qa.keywords.ChillerProductsDataKeywords.visitChillerAvailableProductsData is PASSED

2018-07-30 15:06:57 - [TEST_STEP][PASSED] - tap: Tapped on element 'Object Repository/ShopOpen/ChillerUtilization/ChillerAvailable/SubmitButton'

2018-07-30 15:06:57 - [MESSAGE][WARNING] - Timeout '0' is invalid. Using default page load timeout: '15'

2018-07-30 15:06:58 - [MESSAGE][PASSED] - Tapped on element 'Object Repository/ShopOpen/ChillerUtilization/ChillerAvailable/SubmitButton'

2018-07-30 15:06:58 - [TEST_STEP][PASSED] - verifyElementText: Actual text and expected text of test object 'Object Repository/ShopOpen/ChillerUtilization/ChillerAvailable/Validate_ProductCategoryAssetScreen' are matched.

2018-07-30 15:06:59 - [MESSAGE][PASSED] - Actual text and expected text of test object 'Object Repository/ShopOpen/ChillerUtilization/ChillerAvailable/Validate_ProductCategoryAssetScreen' are matched.

2018-07-30 15:06:59 - [TEST_STEP][PASSED] - tap: Tapped on element 'Object Repository/ShopOpen/ChillerUtilization/ChillerAvailable/StockCount'

2018-07-30 15:06:59 - [MESSAGE][WARNING] - Timeout '0' is invalid. Using default page load timeout: '15'

2018-07-30 15:07:00 - [MESSAGE][PASSED] - Tapped on element 'Object Repository/ShopOpen/ChillerUtilization/ChillerAvailable/StockCount'

2018-07-30 15:07:00 - [TEST_STEP][PASSED] - verifyElementText: Actual text and expected text of test object 'Object Repository/ShopOpen/ChillerUtilization/ChillerAvailable/Validate_StockCountScreen' are matched.

2018-07-30 15:07:02 - [MESSAGE][PASSED] - Actual text and expected text of test object 'Object Repository/ShopOpen/ChillerUtilization/ChillerAvailable/Validate_StockCountScreen' are matched.

2018-07-30 15:07:02 - [TEST_STEP][PASSED] - com.ct.qa.keywords.ChillerProductsDataKeywords.visitChillerAvailableProductsData: com.ct.qa.keywords.ChillerProductsDataKeywords.visitChillerAvailableProductsData is PASSED

2018-07-30 15:07:06 - [MESSAGE][PASSED] - Keyboard is hidden

2018-07-30 15:07:09 - [MESSAGE][PASSED] - Keyboard is hidden

2018-07-30 15:07:12 - [MESSAGE][PASSED] - Keyboard is hidden

2018-07-30 15:07:15 - [MESSAGE][PASSED] - Keyboard is hidden

2018-07-30 15:07:18 - [MESSAGE][PASSED] - Keyboard is hidden

2018-07-30 15:07:21 - [MESSAGE][PASSED] - Keyboard is hidden

2018-07-30 15:07:23 - [MESSAGE][PASSED] - Swiped from 55,359 to 55,250

2018-07-30 15:07:27 - [MESSAGE][PASSED] - Keyboard is hidden

2018-07-30 15:07:28 - [MESSAGE][PASSED] - Swiped from 55,359 to 55,250

2018-07-30 15:07:32 - [MESSAGE][PASSED] - Keyboard is hidden

2018-07-30 15:07:33 - [MESSAGE][PASSED] - Swiped from 55,359 to 55,250

2018-07-30 15:07:37 - [MESSAGE][PASSED] - Keyboard is hidden

2018-07-30 15:07:38 - [MESSAGE][PASSED] - Swiped from 55,359 to 55,250

2018-07-30 15:07:39 - [MESSAGE][PASSED] - com.ct.qa.keywords.ChillerProductsDataKeywords.visitChillerAvailableProductsData is PASSED

2018-07-30 15:07:39 - [TEST_STEP][PASSED] - tap: Tapped on element 'Object Repository/ShopOpen/ChillerUtilization/ChillerAvailable/SubmitButton'

2018-07-30 15:07:39 - [MESSAGE][WARNING] - Timeout '0' is invalid. Using default page load timeout: '15'

2018-07-30 15:07:40 - [MESSAGE][PASSED] - Tapped on element 'Object Repository/ShopOpen/ChillerUtilization/ChillerAvailable/SubmitButton'

2018-07-30 15:07:40 - [TEST_STEP][PASSED] - verifyElementText: Actual text and expected text of test object 'Object Repository/ShopOpen/ChillerUtilization/ChillerAvailable/Validate_ProductCategoryAssetScreen' are matched.

2018-07-30 15:07:41 - [MESSAGE][PASSED] - Actual text and expected text of test object 'Object Repository/ShopOpen/ChillerUtilization/ChillerAvailable/Validate_ProductCategoryAssetScreen' are matched.

2018-07-30 15:07:41 - [TEST_STEP][PASSED] - tap: Tapped on element 'Object Repository/ShopOpen/ChillerUtilization/ChillerAvailable/PorductCategoryActions_BackButton'

2018-07-30 15:07:41 - [MESSAGE][WARNING] - Timeout '0' is invalid. Using default page load timeout: '15'

2018-07-30 15:07:41 - [MESSAGE][PASSED] - Tapped on element 'Object Repository/ShopOpen/ChillerUtilization/ChillerAvailable/PorductCategoryActions_BackButton'

2018-07-30 15:07:41 - [TEST_STEP][PASSED] - verifyElementText: Actual text and expected text of test object 'Object Repository/ShopOpen/ChillerUtilization/ChillerAvailable/Validate_ChillerProductsCategoriesScreen' are matched.

2018-07-30 15:07:42 - [MESSAGE][PASSED] - Actual text and expected text of test object 'Object Repository/ShopOpen/ChillerUtilization/ChillerAvailable/Validate_ChillerProductsCategoriesScreen' are matched.

2018-07-30 15:07:42 - [MESSAGE][PASSED] - Call Test Case 'Test Cases/ShopOpen/ChillerUtilization/ChillerAvailable/VisitProductCategoryAssets' successfully

2018-07-30 15:07:43 - [TEST_CASE][PASSED] - Test Cases/ShopOpen/ChillerUtilization/ChillerAvailable/VisitProductCategoryAssets: Test Cases/ShopOpen/ChillerUtilization/ChillerAvailable/VisitProductCategoryAssets

2018-07-30 15:07:43 - [TEST_STEP][PASSED] - verifyElementText: Actual text and expected text of test object 'Object Repository/ShopOpen/ChillerUtilization/ChillerAvailable/Validate_ProductCategoryAssetScreen' are matched.

2018-07-30 15:07:45 - [MESSAGE][PASSED] - Actual text and expected text of test object 'Object Repository/ShopOpen/ChillerUtilization/ChillerAvailable/Validate_ProductCategoryAssetScreen' are matched.

2018-07-30 15:07:45 - [TEST_STEP][PASSED] - tap: Tapped on element 'Object Repository/ShopOpen/ChillerUtilization/ChillerAvailable/Facing'

2018-07-30 15:07:45 - [MESSAGE][WARNING] - Timeout '0' is invalid. Using default page load timeout: '15'

2018-07-30 15:07:45 - [MESSAGE][PASSED] - Tapped on element 'Object Repository/ShopOpen/ChillerUtilization/ChillerAvailable/Facing'

2018-07-30 15:07:45 - [TEST_STEP][PASSED] - verifyElementText: Actual text and expected text of test object 'Object Repository/ShopOpen/ChillerUtilization/ChillerAvailable/Validate_FacingScreen' are matched.

2018-07-30 15:07:47 - [MESSAGE][PASSED] - Actual text and expected text of test object 'Object Repository/ShopOpen/ChillerUtilization/ChillerAvailable/Validate_FacingScreen' are matched.

2018-07-30 15:07:47 - [TEST_STEP][PASSED] - com.ct.qa.keywords.ChillerProductsDataKeywords.visitChillerAvailableProductsData: com.ct.qa.keywords.ChillerProductsDataKeywords.visitChillerAvailableProductsData is PASSED

2018-07-30 15:07:52 - [MESSAGE][PASSED] - Keyboard is hidden

2018-07-30 15:07:55 - [MESSAGE][PASSED] - Keyboard is hidden

2018-07-30 15:07:56 - [MESSAGE][PASSED] - com.ct.qa.keywords.ChillerProductsDataKeywords.visitChillerAvailableProductsData is PASSED

2018-07-30 15:07:56 - [TEST_STEP][PASSED] - tap: Tapped on element 'Object Repository/ShopOpen/ChillerUtilization/ChillerAvailable/SubmitButton'

2018-07-30 15:07:56 - [MESSAGE][WARNING] - Timeout '0' is invalid. Using default page load timeout: '15'

2018-07-30 15:07:57 - [MESSAGE][PASSED] - Tapped on element 'Object Repository/ShopOpen/ChillerUtilization/ChillerAvailable/SubmitButton'

2018-07-30 15:07:57 - [TEST_STEP][PASSED] - verifyElementText: Actual text and expected text of test object 'Object Repository/ShopOpen/ChillerUtilization/ChillerAvailable/Validate_ProductCategoryAssetScreen' are matched.

2018-07-30 15:07:58 - [MESSAGE][PASSED] - Actual text and expected text of test object 'Object Repository/ShopOpen/ChillerUtilization/ChillerAvailable/Validate_ProductCategoryAssetScreen' are matched.

2018-07-30 15:07:58 - [TEST_STEP][PASSED] - tap: Tapped on element 'Object Repository/ShopOpen/ChillerUtilization/ChillerAvailable/Depth'

2018-07-30 15:07:58 - [MESSAGE][WARNING] - Timeout '0' is invalid. Using default page load timeout: '15'

2018-07-30 15:07:58 - [MESSAGE][PASSED] - Tapped on element 'Object Repository/ShopOpen/ChillerUtilization/ChillerAvailable/Depth'

2018-07-30 15:07:58 - [TEST_STEP][PASSED] - verifyElementText: Actual text and expected text of test object 'Object Repository/ShopOpen/ChillerUtilization/ChillerAvailable/Validate_DepthScreen' are matched.

2018-07-30 15:08:00 - [MESSAGE][PASSED] - Actual text and expected text of test object 'Object Repository/ShopOpen/ChillerUtilization/ChillerAvailable/Validate_DepthScreen' are matched.

2018-07-30 15:08:00 - [TEST_STEP][PASSED] - com.ct.qa.keywords.ChillerProductsDataKeywords.visitChillerAvailableProductsData: com.ct.qa.keywords.ChillerProductsDataKeywords.visitChillerAvailableProductsData is PASSED

2018-07-30 15:08:04 - [MESSAGE][PASSED] - Keyboard is hidden

2018-07-30 15:08:07 - [MESSAGE][PASSED] - Keyboard is hidden

2018-07-30 15:08:08 - [MESSAGE][PASSED] - com.ct.qa.keywords.ChillerProductsDataKeywords.visitChillerAvailableProductsData is PASSED

2018-07-30 15:08:08 - [TEST_STEP][PASSED] - tap: Tapped on element 'Object Repository/ShopOpen/ChillerUtilization/ChillerAvailable/SubmitButton'

2018-07-30 15:08:08 - [MESSAGE][WARNING] - Timeout '0' is invalid. Using default page load timeout: '15'

2018-07-30 15:08:09 - [MESSAGE][PASSED] - Tapped on element 'Object Repository/ShopOpen/ChillerUtilization/ChillerAvailable/SubmitButton'

2018-07-30 15:08:09 - [TEST_STEP][PASSED] - verifyElementText: Actual text and expected text of test object 'Object Repository/ShopOpen/ChillerUtilization/ChillerAvailable/Validate_ProductCategoryAssetScreen' are matched.

2018-07-30 15:08:09 - [MESSAGE][PASSED] - Actual text and expected text of test object 'Object Repository/ShopOpen/ChillerUtilization/ChillerAvailable/Validate_ProductCategoryAssetScreen' are matched.

2018-07-30 15:08:09 - [TEST_STEP][PASSED] - tap: Tapped on element 'Object Repository/ShopOpen/ChillerUtilization/ChillerAvailable/StockCount'

2018-07-30 15:08:09 - [MESSAGE][WARNING] - Timeout '0' is invalid. Using default page load timeout: '15'

2018-07-30 15:08:10 - [MESSAGE][PASSED] - Tapped on element 'Object Repository/ShopOpen/ChillerUtilization/ChillerAvailable/StockCount'

2018-07-30 15:08:10 - [TEST_STEP][PASSED] - verifyElementText: Actual text and expected text of test object 'Object Repository/ShopOpen/ChillerUtilization/ChillerAvailable/Validate_StockCountScreen' are matched.

2018-07-30 15:08:11 - [MESSAGE][PASSED] - Actual text and expected text of test object 'Object Repository/ShopOpen/ChillerUtilization/ChillerAvailable/Validate_StockCountScreen' are matched.

2018-07-30 15:08:11 - [TEST_STEP][PASSED] - com.ct.qa.keywords.ChillerProductsDataKeywords.visitChillerAvailableProductsData: com.ct.qa.keywords.ChillerProductsDataKeywords.visitChillerAvailableProductsData is PASSED

2018-07-30 15:08:15 - [MESSAGE][PASSED] - Keyboard is hidden

2018-07-30 15:08:18 - [MESSAGE][PASSED] - Keyboard is hidden

2018-07-30 15:08:19 - [MESSAGE][PASSED] - com.ct.qa.keywords.ChillerProductsDataKeywords.visitChillerAvailableProductsData is PASSED

2018-07-30 15:08:19 - [TEST_STEP][PASSED] - tap: Tapped on element 'Object Repository/ShopOpen/ChillerUtilization/ChillerAvailable/SubmitButton'

2018-07-30 15:08:19 - [MESSAGE][WARNING] - Timeout '0' is invalid. Using default page load timeout: '15'

2018-07-30 15:08:20 - [MESSAGE][PASSED] - Tapped on element 'Object Repository/ShopOpen/ChillerUtilization/ChillerAvailable/SubmitButton'

2018-07-30 15:08:20 - [TEST_STEP][PASSED] - verifyElementText: Actual text and expected text of test object 'Object Repository/ShopOpen/ChillerUtilization/ChillerAvailable/Validate_ProductCategoryAssetScreen' are matched.

2018-07-30 15:08:20 - [MESSAGE][PASSED] - Actual text and expected text of test object 'Object Repository/ShopOpen/ChillerUtilization/ChillerAvailable/Validate_ProductCategoryAssetScreen' are matched.

2018-07-30 15:08:20 - [TEST_STEP][PASSED] - tap: Tapped on element 'Object Repository/ShopOpen/ChillerUtilization/ChillerAvailable/PorductCategoryActions_BackButton'

2018-07-30 15:08:20 - [MESSAGE][WARNING] - Timeout '0' is invalid. Using default page load timeout: '15'

2018-07-30 15:08:21 - [MESSAGE][PASSED] - Tapped on element 'Object Repository/ShopOpen/ChillerUtilization/ChillerAvailable/PorductCategoryActions_BackButton'

2018-07-30 15:08:21 - [TEST_STEP][PASSED] - verifyElementText: Actual text and expected text of test object 'Object Repository/ShopOpen/ChillerUtilization/ChillerAvailable/Validate_ChillerProductsCategoriesScreen' are matched.

2018-07-30 15:08:22 - [MESSAGE][PASSED] - Actual text and expected text of test object 'Object Repository/ShopOpen/ChillerUtilization/ChillerAvailable/Validate_ChillerProductsCategoriesScreen' are matched.

2018-07-30 15:08:22 - [MESSAGE][PASSED] - Call Test Case 'Test Cases/ShopOpen/ChillerUtilization/ChillerAvailable/VisitProductCategoryAssets' successfully

2018-07-30 15:08:23 - [TEST_CASE][PASSED] - Test Cases/ShopOpen/ChillerUtilization/ChillerAvailable/VisitProductCategoryAssets: Test Cases/ShopOpen/ChillerUtilization/ChillerAvailable/VisitProductCategoryAssets

2018-07-30 15:08:23 - [TEST_STEP][PASSED] - verifyElementText: Actual text and expected text of test object 'Object Repository/ShopOpen/ChillerUtilization/ChillerAvailable/Validate_ProductCategoryAssetScreen' are matched.

2018-07-30 15:08:24 - [MESSAGE][PASSED] - Actual text and expected text of test object 'Object Repository/ShopOpen/ChillerUtilization/ChillerAvailable/Validate_ProductCategoryAssetScreen' are matched.

2018-07-30 15:08:24 - [TEST_STEP][PASSED] - tap: Tapped on element 'Object Repository/ShopOpen/ChillerUtilization/ChillerAvailable/Facing'

2018-07-30 15:08:24 - [MESSAGE][WARNING] - Timeout '0' is invalid. Using default page load timeout: '15'

2018-07-30 15:08:25 - [MESSAGE][PASSED] - Tapped on element 'Object Repository/ShopOpen/ChillerUtilization/ChillerAvailable/Facing'

2018-07-30 15:08:25 - [TEST_STEP][PASSED] - verifyElementText: Actual text and expected text of test object 'Object Repository/ShopOpen/ChillerUtilization/ChillerAvailable/Validate_FacingScreen' are matched.

2018-07-30 15:08:27 - [MESSAGE][PASSED] - Actual text and expected text of test object 'Object Repository/ShopOpen/ChillerUtilization/ChillerAvailable/Validate_FacingScreen' are matched.

2018-07-30 15:08:27 - [TEST_STEP][PASSED] - com.ct.qa.keywords.ChillerProductsDataKeywords.visitChillerAvailableProductsData: com.ct.qa.keywords.ChillerProductsDataKeywords.visitChillerAvailableProductsData is PASSED

2018-07-30 15:08:31 - [MESSAGE][PASSED] - Keyboard is hidden

2018-07-30 15:08:34 - [MESSAGE][PASSED] - Keyboard is hidden

2018-07-30 15:08:37 - [MESSAGE][PASSED] - Keyboard is hidden

2018-07-30 15:08:40 - [MESSAGE][PASSED] - Keyboard is hidden

2018-07-30 15:08:43 - [MESSAGE][PASSED] - Keyboard is hidden

2018-07-30 15:08:46 - [MESSAGE][PASSED] - Keyboard is hidden

2018-07-30 15:08:48 - [MESSAGE][PASSED] - Swiped from 65,359 to 65,250

2018-07-30 15:08:49 - [MESSAGE][PASSED] - com.ct.qa.keywords.ChillerProductsDataKeywords.visitChillerAvailableProductsData is PASSED

2018-07-30 15:08:49 - [TEST_STEP][PASSED] - tap: Tapped on element 'Object Repository/ShopOpen/ChillerUtilization/ChillerAvailable/SubmitButton'

2018-07-30 15:08:49 - [MESSAGE][WARNING] - Timeout '0' is invalid. Using default page load timeout: '15'

2018-07-30 15:08:50 - [MESSAGE][PASSED] - Tapped on element 'Object Repository/ShopOpen/ChillerUtilization/ChillerAvailable/SubmitButton'

2018-07-30 15:08:50 - [TEST_STEP][PASSED] - verifyElementText: Actual text and expected text of test object 'Object Repository/ShopOpen/ChillerUtilization/ChillerAvailable/Validate_ProductCategoryAssetScreen' are matched.

2018-07-30 15:08:51 - [MESSAGE][PASSED] - Actual text and expected text of test object 'Object Repository/ShopOpen/ChillerUtilization/ChillerAvailable/Validate_ProductCategoryAssetScreen' are matched.

2018-07-30 15:08:51 - [TEST_STEP][PASSED] - tap: Tapped on element 'Object Repository/ShopOpen/ChillerUtilization/ChillerAvailable/Depth'

2018-07-30 15:08:51 - [MESSAGE][WARNING] - Timeout '0' is invalid. Using default page load timeout: '15'

2018-07-30 15:08:51 - [MESSAGE][PASSED] - Tapped on element 'Object Repository/ShopOpen/ChillerUtilization/ChillerAvailable/Depth'

2018-07-30 15:08:51 - [TEST_STEP][PASSED] - verifyElementText: Actual text and expected text of test object 'Object Repository/ShopOpen/ChillerUtilization/ChillerAvailable/Validate_DepthScreen' are matched.

2018-07-30 15:08:53 - [MESSAGE][PASSED] - Actual text and expected text of test object 'Object Repository/ShopOpen/ChillerUtilization/ChillerAvailable/Validate_DepthScreen' are matched.

2018-07-30 15:08:53 - [TEST_STEP][PASSED] - com.ct.qa.keywords.ChillerProductsDataKeywords.visitChillerAvailableProductsData: com.ct.qa.keywords.ChillerProductsDataKeywords.visitChillerAvailableProductsData is PASSED

2018-07-30 15:08:57 - [MESSAGE][PASSED] - Keyboard is hidden

2018-07-30 15:09:00 - [MESSAGE][PASSED] - Keyboard is hidden

2018-07-30 15:09:03 - [MESSAGE][PASSED] - Keyboard is hidden

2018-07-30 15:09:06 - [MESSAGE][PASSED] - Keyboard is hidden

2018-07-30 15:09:09 - [MESSAGE][PASSED] - Keyboard is hidden

2018-07-30 15:09:12 - [MESSAGE][PASSED] - Keyboard is hidden

2018-07-30 15:09:15 - [MESSAGE][PASSED] - Swiped from 65,359 to 65,250

2018-07-30 15:09:16 - [MESSAGE][PASSED] - com.ct.qa.keywords.ChillerProductsDataKeywords.visitChillerAvailableProductsData is PASSED

2018-07-30 15:09:16 - [TEST_STEP][PASSED] - tap: Tapped on element 'Object Repository/ShopOpen/ChillerUtilization/ChillerAvailable/SubmitButton'

2018-07-30 15:09:16 - [MESSAGE][WARNING] - Timeout '0' is invalid. Using default page load timeout: '15'

2018-07-30 15:09:17 - [MESSAGE][PASSED] - Tapped on element 'Object Repository/ShopOpen/ChillerUtilization/ChillerAvailable/SubmitButton'

2018-07-30 15:09:17 - [TEST_STEP][PASSED] - verifyElementText: Actual text and expected text of test object 'Object Repository/ShopOpen/ChillerUtilization/ChillerAvailable/Validate_ProductCategoryAssetScreen' are matched.

2018-07-30 15:09:18 - [MESSAGE][PASSED] - Actual text and expected text of test object 'Object Repository/ShopOpen/ChillerUtilization/ChillerAvailable/Validate_ProductCategoryAssetScreen' are matched.

2018-07-30 15:09:18 - [TEST_STEP][PASSED] - tap: Tapped on element 'Object Repository/ShopOpen/ChillerUtilization/ChillerAvailable/StockCount'

2018-07-30 15:09:18 - [MESSAGE][WARNING] - Timeout '0' is invalid. Using default page load timeout: '15'

2018-07-30 15:09:19 - [MESSAGE][PASSED] - Tapped on element 'Object Repository/ShopOpen/ChillerUtilization/ChillerAvailable/StockCount'

2018-07-30 15:09:19 - [TEST_STEP][PASSED] - verifyElementText: Actual text and expected text of test object 'Object Repository/ShopOpen/ChillerUtilization/ChillerAvailable/Validate_StockCountScreen' are matched.

2018-07-30 15:09:21 - [MESSAGE][PASSED] - Actual text and expected text of test object 'Object Repository/ShopOpen/ChillerUtilization/ChillerAvailable/Validate_StockCountScreen' are matched.

2018-07-30 15:09:21 - [TEST_STEP][PASSED] - com.ct.qa.keywords.ChillerProductsDataKeywords.visitChillerAvailableProductsData: com.ct.qa.keywords.ChillerProductsDataKeywords.visitChillerAvailableProductsData is PASSED

2018-07-30 15:09:25 - [MESSAGE][PASSED] - Keyboard is hidden

2018-07-30 15:09:28 - [MESSAGE][PASSED] - Keyboard is hidden

2018-07-30 15:09:31 - [MESSAGE][PASSED] - Keyboard is hidden

2018-07-30 15:09:34 - [MESSAGE][PASSED] - Keyboard is hidden

2018-07-30 15:09:37 - [MESSAGE][PASSED] - Keyboard is hidden

2018-07-30 15:09:40 - [MESSAGE][PASSED] - Keyboard is hidden

2018-07-30 15:09:43 - [MESSAGE][PASSED] - Swiped from 65,359 to 65,250

2018-07-30 15:09:44 - [MESSAGE][PASSED] - com.ct.qa.keywords.ChillerProductsDataKeywords.visitChillerAvailableProductsData is PASSED

2018-07-30 15:09:44 - [TEST_STEP][PASSED] - tap: Tapped on element 'Object Repository/ShopOpen/ChillerUtilization/ChillerAvailable/SubmitButton'

2018-07-30 15:09:44 - [MESSAGE][WARNING] - Timeout '0' is invalid. Using default page load timeout: '15'

2018-07-30 15:09:45 - [MESSAGE][PASSED] - Tapped on element 'Object Repository/ShopOpen/ChillerUtilization/ChillerAvailable/SubmitButton'

2018-07-30 15:09:45 - [TEST_STEP][PASSED] - verifyElementText: Actual text and expected text of test object 'Object Repository/ShopOpen/ChillerUtilization/ChillerAvailable/Validate_ProductCategoryAssetScreen' are matched.

2018-07-30 15:09:46 - [MESSAGE][PASSED] - Actual text and expected text of test object 'Object Repository/ShopOpen/ChillerUtilization/ChillerAvailable/Validate_ProductCategoryAssetScreen' are matched.

2018-07-30 15:09:46 - [TEST_STEP][PASSED] - tap: Tapped on element 'Object Repository/ShopOpen/ChillerUtilization/ChillerAvailable/PorductCategoryActions_BackButton'

2018-07-30 15:09:46 - [MESSAGE][WARNING] - Timeout '0' is invalid. Using default page load timeout: '15'

2018-07-30 15:09:47 - [MESSAGE][PASSED] - Tapped on element 'Object Repository/ShopOpen/ChillerUtilization/ChillerAvailable/PorductCategoryActions_BackButton'

2018-07-30 15:09:47 - [TEST_STEP][PASSED] - verifyElementText: Actual text and expected text of test object 'Object Repository/ShopOpen/ChillerUtilization/ChillerAvailable/Validate_ChillerProductsCategoriesScreen' are matched.

2018-07-30 15:09:47 - [MESSAGE][PASSED] - Actual text and expected text of test object 'Object Repository/ShopOpen/ChillerUtilization/ChillerAvailable/Validate_ChillerProductsCategoriesScreen' are matched.

2018-07-30 15:09:47 - [MESSAGE][PASSED] - Call Test Case 'Test Cases/ShopOpen/ChillerUtilization/ChillerAvailable/VisitProductCategoryAssets' successfully

2018-07-30 15:09:47 - [MESSAGE][PASSED] - com.ct.qa.keywords.ChillerProductsDataKeywords.visitChillerAvailableProductCategories is PASSED

2018-07-30 15:09:47 - [TEST_STEP][PASSED] - tap: Tapped on element 'Object Repository/ShopOpen/ChillerUtilization/ChillerAvailable/ChillerProductsCategories_Planogram_ImageView'

2018-07-30 15:09:47 - [MESSAGE][WARNING] - Timeout '0' is invalid. Using default page load timeout: '15'

2018-07-30 15:09:48 - [MESSAGE][PASSED] - Tapped on element 'Object Repository/ShopOpen/ChillerUtilization/ChillerAvailable/ChillerProductsCategories_Planogram_ImageView'

2018-07-30 15:09:48 - [TEST_STEP][PASSED] - com.ct.qa.keywords.CommonKeywords.checkPlanogramAvailability: com.ct.qa.keywords.CommonKeywords.checkPlanogramAvailability is PASSED

2018-07-30 15:09:48 - [MESSAGE][WARNING] - Timeout '0' is invalid. Using default page load timeout: '15'

2018-07-30 15:09:50 - [MESSAGE][PASSED] - Tapped on element 'Object Repository/CommonScreenElements/InfoPopUp_OKButton'

2018-07-30 15:09:50 - [MESSAGE][PASSED] - com.ct.qa.keywords.CommonKeywords.checkPlanogramAvailability is PASSED

2018-07-30 15:09:50 - [TEST_STEP][PASSED] - com.ct.qa.keywords.CommonKeywords.closePlanogram: com.ct.qa.keywords.CommonKeywords.closePlanogram is PASSED

2018-07-30 15:09:51 - [MESSAGE][PASSED] - com.ct.qa.keywords.CommonKeywords.closePlanogram is PASSED

2018-07-30 15:09:51 - [TEST_STEP][PASSED] - verifyElementText: Actual text and expected text of test object 'Object Repository/ShopOpen/ChillerUtilization/ChillerAvailable/Validate_ChillerProductsCategoriesScreen' are matched.

2018-07-30 15:09:52 - [MESSAGE][PASSED] - Actual text and expected text of test object 'Object Repository/ShopOpen/ChillerUtilization/ChillerAvailable/Validate_ChillerProductsCategoriesScreen' are matched.

2018-07-30 15:09:52 - [TEST_STEP][PASSED] - com.ct.qa.keywords.CommonKeywords.findPictureImageView: com.ct.qa.keywords.CommonKeywords.findPictureImageView is PASSED

2018-07-30 15:09:53 - [MESSAGE][PASSED] - com.ct.qa.keywords.CommonKeywords.findPictureImageView is PASSED

2018-07-30 15:09:53 - [TEST_STEP][PASSED] - verifyElementText: Actual text and expected text of test object 'Object Repository/ShopOpen/ChillerUtilization/ChillerAvailable/Validate_ChillerProductsCategoriesScreen' are matched.

2018-07-30 15:09:53 - [MESSAGE][PASSED] - Actual text and expected text of test object 'Object Repository/ShopOpen/ChillerUtilization/ChillerAvailable/Validate_ChillerProductsCategoriesScreen' are matched.

2018-07-30 15:09:53 - [TEST_STEP][PASSED] - tap: Tapped on element 'Object Repository/ShopOpen/ChillerUtilization/ChillerAvailable/ChillerProductsCategories_BackButton'

2018-07-30 15:09:53 - [MESSAGE][WARNING] - Timeout '0' is invalid. Using default page load timeout: '15'

2018-07-30 15:09:56 - [MESSAGE][PASSED] - Tapped on element 'Object Repository/ShopOpen/ChillerUtilization/ChillerAvailable/ChillerProductsCategories_BackButton'

2018-07-30 15:09:56 - [TEST_STEP][PASSED] - verifyElementText: Actual text and expected text of test object 'Object Repository/ShopOpen/ChillerUtilization/Validate_ChillerUtilizationScreen' are matched.

2018-07-30 15:09:57 - [MESSAGE][PASSED] - Actual text and expected text of test object 'Object Repository/ShopOpen/ChillerUtilization/Validate_ChillerUtilizationScreen' are matched.

2018-07-30 15:09:57 - [MESSAGE][PASSED] - Call Test Case 'Test Cases/ShopOpen/ChillerUtilization/ChillerAvailable/VisitChillerAvailable' successfully

2018-07-30 15:09:57 - [MESSAGE][PASSED] - com.ct.qa.keywords.ChillerVisitingScenariosKeywords.visitMultipleChillersTaggedInChillerUtilization is PASSED

2018-07-30 15:09:57 - [TEST_STEP][PASSED] - tap: Tapped on element 'Object Repository/ShopOpen/ChillerUtilization/ChillerUtilization_backButton'

2018-07-30 15:09:57 - [MESSAGE][WARNING] - Timeout '0' is invalid. Using default page load timeout: '15'

2018-07-30 15:09:58 - [MESSAGE][PASSED] - Tapped on element 'Object Repository/ShopOpen/ChillerUtilization/ChillerUtilization_backButton'

2018-07-30 15:09:58 - [TEST_STEP][PASSED] - verifyElementExist: Element 'Object Repository/ShopOpen/Validate_ShopCategoriesListScreen' is exist

2018-07-30 15:09:58 - [MESSAGE][WARNING] - Timeout '0' is invalid. Using default page load timeout: '15'

2018-07-30 15:09:59 - [MESSAGE][PASSED] - Element 'Object Repository/ShopOpen/Validate_ShopCategoriesListScreen' is exist

2018-07-30 15:09:59 - [MESSAGE][PASSED] - Call Test Case 'Test Cases/ShopOpen/ChillerUtilization/VisitChillerScenarios/VisitMultipletaggedChillersWith_ChillerAvailable' successfully

2018-07-30 15:09:59 - [MESSAGE][PASSED] - com.ct.qa.keywords.CategoryVisitingScenariosKeywords.visitShopCategoriesWith_CNAl_CAv_DSA is PASSED

2018-07-30 15:09:59 - [MESSAGE][PASSED] - Call Test Case 'Test Cases/ShopOpen/VisitCategoryScenarios/VisitShopCategoriesWith_CNAl_CAv_DSA' successfully

2018-07-30 15:10:00 - [TEST_CASE][PASSED] - Test Cases/ShopOpen/SaveShop: Test Cases/ShopOpen/SaveShop

2018-07-30 15:10:00 - [TEST_STEP][PASSED] - tap: Tapped on element 'Object Repository/ShopOpen/SubmitButtonToSaveShop'

2018-07-30 15:10:00 - [MESSAGE][WARNING] - Timeout '0' is invalid. Using default page load timeout: '15'

2018-07-30 15:10:01 - [MESSAGE][PASSED] - Tapped on element 'Object Repository/ShopOpen/SubmitButtonToSaveShop'

2018-07-30 15:10:01 - [TEST_STEP][PASSED] - verifyElementExist: Element 'Object Repository/CommonScreenElements/Validate_InfoPopUP' is exist

2018-07-30 15:10:01 - [MESSAGE][WARNING] - Timeout '0' is invalid. Using default page load timeout: '15'

2018-07-30 15:10:02 - [MESSAGE][PASSED] - Element 'Object Repository/CommonScreenElements/Validate_InfoPopUP' is exist

2018-07-30 15:10:02 - [TEST_STEP][PASSED] - tap: Tapped on element 'Object Repository/CommonScreenElements/InfoPopUp_YesButton'

2018-07-30 15:10:02 - [MESSAGE][WARNING] - Timeout '0' is invalid. Using default page load timeout: '15'

2018-07-30 15:10:03 - [MESSAGE][PASSED] - Tapped on element 'Object Repository/CommonScreenElements/InfoPopUp_YesButton'

2018-07-30 15:10:03 - [TEST_STEP][PASSED] - verifyElementText: Actual text and expected text of test object 'Object Repository/Validate_ShopListScreen' are matched.

2018-07-30 15:10:03 - [MESSAGE][PASSED] - Actual text and expected text of test object 'Object Repository/Validate_ShopListScreen' are matched.

2018-07-30 15:10:03 - [MESSAGE][PASSED] - Call Test Case 'Test Cases/ShopOpen/SaveShop' successfully

2018-07-30 15:10:05 - [MESSAGE][PASSED] - Swiped from 0,292 to 0,200

2018-07-30 15:10:06 - [MESSAGE][PASSED] - com.ct.qa.keywords.ShopVisitingScenariosKeywords.visitShopWithDataVerification is PASSED]]></system-out>
         <system-err><![CDATA[]]></system-err>
      </testcase>
      <system-out><![CDATA[2018-07-30 14:49:55 - [TEST_SUITE][PASSED] - MMA Plus Merchandising With Chiller Utilization Data Verification: Test Cases/VisitShopScenarios/VisitShopsWithDataVerification]]></system-out>
      <system-err><![CDATA[]]></system-err>
   </testsuite>
</testsuites>
