<?xml version="1.0" encoding="UTF-8"?>
<testsuites name="MMA Plus Merchandising Data Verification" time="48" tests="1" failures="0" errors="0">
   <testsuite name="MMA Plus Merchandising Data Verification" tests="1" failures="0" errors="0" time="48" timestamp="2019-04-19 15:43:19" hostname="Fahad Shah - DESKTOP-L12UUAD" id="Test Suites/MMA Plus Merchandising Data Verification">
      <properties>
         <property name="deviceName" value="samsung SM-J110H (Android 4.4.4)"/>
         <property name="devicePlatform" value=""/>
         <property name="logFolder" value="F:\\Git Projects\\MMAPlus_Merchandising\\MMAPlus_Merchandising\\Reports\\MMA Plus Merchandising Data Verification\\20190419_154315"/>
         <property name="logFiles" value="F:\\Git Projects\\MMAPlus_Merchandising\\MMAPlus_Merchandising\\Reports\\MMA Plus Merchandising Data Verification\\20190419_154315\\appium.log, F:\\Git Projects\\MMAPlus_Merchandising\\MMAPlus_Merchandising\\Reports\\MMA Plus Merchandising Data Verification\\20190419_154315\\execution0.log"/>
         <property name="attachments" value=""/>
         <property name="hostName" value="Fahad Shah - DESKTOP-L12UUAD"/>
         <property name="os" value="Windows 10 64bit"/>
         <property name="katalonVersion" value="5.10.0.1"/>
         <property name="deviceOS" value="Android"/>
         <property name="appiumVersion" value="1.8.1"/>
         <property name="deviceModel" value="SM-J110H"/>
         <property name="hostAddress" value="192.168.3.221"/>
         <property name="deviceManufacturer" value="samsung"/>
         <property name="deviceId" value="11016e423244a24a"/>
         <property name="deviceName" value="samsung SM-J110H (Android 4.4.4)"/>
         <property name="deviceOSVersion" value="4.4.4"/>
      </properties>
      <testcase name="Test Cases/LaunchingApp/LaunchApp" classname="Test Cases/LaunchingApp/LaunchApp" status="PASSED">
         <system-out><![CDATA[2019-04-19 15:43:20 - [TEST_CASE][PASSED] - Test Cases/LaunchingApp/LaunchApp: Test Cases/LaunchingApp/LaunchApp

2019-04-19 15:43:22 - [TEST_STEP][PASSED] - startApplication("F:\QA_Automation\Builds\mmaplus_170419_local_v154 (2).apk", false): Started app at: 'F:\QA_Automation\Builds\mmaplus_170419_local_v154 (2).apk'

2019-04-19 15:43:23 - [MESSAGE][INFO] - User set preference: ['deviceId', '']

2019-04-19 15:43:29 - [MESSAGE][INFO] - Appium server started on port 60,186

2019-04-19 15:43:43 - [MESSAGE][PASSED] - Started app at: 'F:\QA_Automation\Builds\mmaplus_170419_local_v154 (2).apk'

2019-04-19 15:43:43 - [TEST_STEP][PASSED] - delay(5): Delayed 5 second(s)

2019-04-19 15:43:48 - [MESSAGE][PASSED] - Delayed 5 second(s)]]></system-out>
         <system-err><![CDATA[]]></system-err>
      </testcase>
      <testcase name="Test Cases/VisitShopScenarios/VisitShopsWithDataVerification" classname="Test Cases/VisitShopScenarios/VisitShopsWithDataVerification" status="INCOMPLETE">
         <system-out><![CDATA[2019-04-19 15:43:48 - [TEST_CASE][INCOMPLETE] - Test Cases/VisitShopScenarios/VisitShopsWithDataVerification: null

2019-04-19 15:43:48 - [TEST_STEP][PASSED] - verifyElementText(findTestObject("DashboardScreenElements/Validate_DashboardScreen", ["package":PACKAGENAME]), "Dashboard"): Actual text and expected text of test object 'Object Repository/DashboardScreenElements/Validate_DashboardScreen' are matched.

2019-04-19 15:43:53 - [MESSAGE][PASSED] - Actual text and expected text of test object 'Object Repository/DashboardScreenElements/Validate_DashboardScreen' are matched.

2019-04-19 15:43:53 - [TEST_STEP][PASSED] - com.ct.qa.keywords.CommonKeywords.selectday(): com.ct.qa.keywords.CommonKeywords.selectday is PASSED

2019-04-19 15:43:53 - [MESSAGE][WARNING] - Timeout '0' is invalid. Using default page load timeout: '6'

2019-04-19 15:43:54 - [MESSAGE][PASSED] - Tapped on element 'Object Repository/DashboardScreenElements/DaysDropdownMenu'

2019-04-19 15:43:54 - [MESSAGE][WARNING] - Timeout '0' is invalid. Using default page load timeout: '6'

2019-04-19 15:43:55 - [MESSAGE][PASSED] - Element 'Object Repository/DashboardScreenElements/Validate_DaysListScreen' is exist

2019-04-19 15:43:57 - [MESSAGE][PASSED] - com.ct.qa.keywords.CommonKeywords.selectday is PASSED

2019-04-19 15:43:57 - [TEST_STEP][PASSED] - tap(findTestObject("DashboardScreenElements/StartYourDay", ["package":PACKAGENAME]), 0): Tapped on element 'Object Repository/DashboardScreenElements/StartYourDay'

2019-04-19 15:43:57 - [MESSAGE][WARNING] - Timeout '0' is invalid. Using default page load timeout: '6'

2019-04-19 15:43:58 - [MESSAGE][PASSED] - Tapped on element 'Object Repository/DashboardScreenElements/StartYourDay'

2019-04-19 15:43:58 - [TEST_STEP][PASSED] - verifyElementText(findTestObject("Validate_ShopListScreen", ["package":PACKAGENAME]), "Shops on Route"): Actual text and expected text of test object 'Object Repository/Validate_ShopListScreen' are matched.

2019-04-19 15:44:00 - [MESSAGE][PASSED] - Actual text and expected text of test object 'Object Repository/Validate_ShopListScreen' are matched.

2019-04-19 15:44:00 - [TEST_STEP][INCOMPLETE] - com.ct.qa.keywords.ShopVisitingScenariosKeywords.visitShopWith_DataVerification(): Timeout '0' is invalid. Using default page load timeout: '6'

2019-04-19 15:44:05 - [MESSAGE][PASSED] - Actual text and expected text of test object 'Object Repository/Validate_ShopOptionsScreen' are matched.

2019-04-19 15:44:08 - [MESSAGE][WARNING] - Timeout '0' is invalid. Using default page load timeout: '6']]></system-out>
         <system-err><![CDATA[2019-04-19 15:43:48 - [TEST_CASE][INCOMPLETE] - Test Cases/VisitShopScenarios/VisitShopsWithDataVerification: null]]></system-err>
      </testcase>
      <system-out><![CDATA[2019-04-19 15:43:19 - [TEST_SUITE][INCOMPLETE] - MMA Plus Merchandising Data Verification: null]]></system-out>
      <system-err><![CDATA[2019-04-19 15:43:19 - [TEST_SUITE][INCOMPLETE] - MMA Plus Merchandising Data Verification: null]]></system-err>
   </testsuite>
</testsuites>
