<?xml version="1.0" encoding="UTF-8"?>
<testsuites name="MMA Plus Merchandising With Shop Level Overwrite Scenarios" time="154" tests="2" failures="0" errors="0">
   <testsuite name="MMA Plus Merchandising With Shop Level Overwrite Scenarios" tests="2" failures="0" errors="0" time="154" timestamp="2018-08-10 18:38:06" hostname="Fahad Shah - DESKTOP-L12UUAD" id="Test Suites/MMA Plus Merchandising With Shop Level Overwrite Scenarios">
      <properties>
         <property name="deviceName" value="samsung SM-J110H (Android 4.4.4)"/>
         <property name="devicePlatform" value=""/>
         <property name="logFolder" value="F:\\Git Projects\\MMAPlus_Merchandising\\MMAPlus_Merchandising\\Reports\\MMA Plus Merchandising With Shop Level Overwrite Scenarios\\20180810_183804"/>
         <property name="logFiles" value="F:\\Git Projects\\MMAPlus_Merchandising\\MMAPlus_Merchandising\\Reports\\MMA Plus Merchandising With Shop Level Overwrite Scenarios\\20180810_183804\\appium.log, F:\\Git Projects\\MMAPlus_Merchandising\\MMAPlus_Merchandising\\Reports\\MMA Plus Merchandising With Shop Level Overwrite Scenarios\\20180810_183804\\execution0.log"/>
         <property name="attachments" value=""/>
         <property name="hostName" value="Fahad Shah - DESKTOP-L12UUAD"/>
         <property name="os" value="Windows 10 64bit"/>
         <property name="katalonVersion" value="5.6.0.1"/>
         <property name="deviceOS" value="Android"/>
         <property name="appiumVersion" value="1.8.1"/>
         <property name="deviceModel" value="SM-J110H"/>
         <property name="hostAddress" value="192.168.3.191"/>
         <property name="deviceManufacturer" value="samsung"/>
         <property name="deviceId" value="11016e423244a24a"/>
         <property name="deviceName" value="samsung SM-J110H (Android 4.4.4)"/>
         <property name="deviceOSVersion" value="4.4.4"/>
      </properties>
      <testcase name="Test Cases/LaunchingApp/LaunchApp" classname="Test Cases/LaunchingApp/LaunchApp" status="PASSED">
         <system-out><![CDATA[2018-08-10 18:38:07 - [TEST_CASE][PASSED] - Test Cases/LaunchingApp/LaunchApp: Test Cases/LaunchingApp/LaunchApp

2018-08-10 18:38:08 - [TEST_STEP][PASSED] - startApplication: Started app at: 'F:\QA_Automation\Builds\mma_local_060818_v150.apk'

2018-08-10 18:38:25 - [MESSAGE][PASSED] - Started app at: 'F:\QA_Automation\Builds\mma_local_060818_v150.apk'

2018-08-10 18:38:25 - [TEST_STEP][PASSED] - delay: Delayed 5 second(s)

2018-08-10 18:38:30 - [MESSAGE][PASSED] - Delayed 5 second(s)]]></system-out>
         <system-err><![CDATA[]]></system-err>
      </testcase>
      <testcase name="Test Cases/VisitShopScenarios/VisitShopsWithShopLevelOverwriting" classname="Test Cases/VisitShopScenarios/VisitShopsWithShopLevelOverwriting" status="PASSED">
         <system-out><![CDATA[2018-08-10 18:38:30 - [TEST_CASE][PASSED] - Test Cases/VisitShopScenarios/VisitShopsWithShopLevelOverwriting: Test Cases/VisitShopScenarios/VisitShopsWithShopLevelOverwriting

2018-08-10 18:38:30 - [TEST_STEP][PASSED] - verifyElementText: Actual text and expected text of test object 'Object Repository/DashboardScreenElements/Validate_DashboardScreen' are matched.

2018-08-10 18:38:32 - [MESSAGE][PASSED] - Actual text and expected text of test object 'Object Repository/DashboardScreenElements/Validate_DashboardScreen' are matched.

2018-08-10 18:38:32 - [TEST_STEP][PASSED] - com.ct.qa.keywords.CommonKeywords.selectday: com.ct.qa.keywords.CommonKeywords.selectday is PASSED

2018-08-10 18:38:32 - [MESSAGE][WARNING] - Timeout '0' is invalid. Using default page load timeout: '5'

2018-08-10 18:38:33 - [MESSAGE][PASSED] - Tapped on element 'Object Repository/DashboardScreenElements/DaysDropdownMenu'

2018-08-10 18:38:33 - [MESSAGE][WARNING] - Timeout '0' is invalid. Using default page load timeout: '5'

2018-08-10 18:38:34 - [MESSAGE][PASSED] - Element 'Object Repository/DashboardScreenElements/Validate_DaysListScreen' is exist

2018-08-10 18:38:36 - [MESSAGE][PASSED] - com.ct.qa.keywords.CommonKeywords.selectday is PASSED

2018-08-10 18:38:36 - [TEST_STEP][PASSED] - tap: Tapped on element 'Object Repository/DashboardScreenElements/StartYourDay'

2018-08-10 18:38:36 - [MESSAGE][WARNING] - Timeout '0' is invalid. Using default page load timeout: '5'

2018-08-10 18:38:37 - [MESSAGE][PASSED] - Tapped on element 'Object Repository/DashboardScreenElements/StartYourDay'

2018-08-10 18:38:37 - [TEST_STEP][PASSED] - verifyElementText: Actual text and expected text of test object 'Object Repository/Validate_ShopListScreen' are matched.

2018-08-10 18:38:40 - [MESSAGE][PASSED] - Actual text and expected text of test object 'Object Repository/Validate_ShopListScreen' are matched.

2018-08-10 18:38:40 - [TEST_STEP][PASSED] - com.ct.qa.keywords.ShopVisitingScenariosKeywords.visitShopsWithShopLevelOverwriting: com.ct.qa.keywords.ShopVisitingScenariosKeywords.visitShopsWithShopLevelOverwriting is PASSED

2018-08-10 18:39:21 - [MESSAGE][PASSED] - Actual text and expected text of test object 'Object Repository/Validate_ShopOptionsScreen' are matched.

2018-08-10 18:39:21 - [MESSAGE][WARNING] - Timeout '0' is invalid. Using default page load timeout: '5'

2018-08-10 18:39:21 - [MESSAGE][PASSED] - Tapped on element 'Object Repository/StartWorking'

2018-08-10 18:39:36 - [MESSAGE][PASSED] - Delayed 15 second(s)

2018-08-10 18:39:38 - [MESSAGE][PASSED] - Element 'Object Repository/CommonScreenElements/Validate_MapScreen' is exist

2018-08-10 18:39:38 - [MESSAGE][WARNING] - Timeout '0' is invalid. Using default page load timeout: '5'

2018-08-10 18:39:38 - [MESSAGE][PASSED] - Tapped on element 'Object Repository/CommonScreenElements/Location_CheckIn'

2018-08-10 18:39:38 - [MESSAGE][WARNING] - Timeout '0' is invalid. Using default page load timeout: '5'

2018-08-10 18:39:39 - [MESSAGE][PASSED] - Element 'Object Repository/CommonScreenElements/Validate_InfoPopUP' is exist

2018-08-10 18:39:39 - [MESSAGE][WARNING] - Timeout '0' is invalid. Using default page load timeout: '5'

2018-08-10 18:39:40 - [MESSAGE][PASSED] - Tapped on element 'Object Repository/CommonScreenElements/InfoPopUp_NoButton'

2018-08-10 18:39:40 - [TEST_CASE][PASSED] - Test Cases/ShopKeeperDidNotAllow/VisitShopKeeperDidNotAllow: Test Cases/ShopKeeperDidNotAllow/VisitShopKeeperDidNotAllow

2018-08-10 18:39:40 - [TEST_STEP][PASSED] - verifyElementExist: Element 'Object Repository/ShopActions_List' is exist

2018-08-10 18:39:40 - [MESSAGE][WARNING] - Timeout '0' is invalid. Using default page load timeout: '5'

2018-08-10 18:39:41 - [MESSAGE][PASSED] - Element 'Object Repository/ShopActions_List' is exist

2018-08-10 18:39:41 - [TEST_STEP][PASSED] - tap: Tapped on element 'Object Repository/ShopKeeperDidNotAllow/ShoopKeeperDidNotAllow'

2018-08-10 18:39:41 - [MESSAGE][WARNING] - Timeout '0' is invalid. Using default page load timeout: '5'

2018-08-10 18:39:42 - [MESSAGE][PASSED] - Tapped on element 'Object Repository/ShopKeeperDidNotAllow/ShoopKeeperDidNotAllow'

2018-08-10 18:39:42 - [TEST_STEP][PASSED] - verifyElementExist: Element 'Object Repository/CommonScreenElements/Validate_CameraScreen' is exist

2018-08-10 18:39:42 - [MESSAGE][WARNING] - Timeout '0' is invalid. Using default page load timeout: '5'

2018-08-10 18:39:43 - [MESSAGE][PASSED] - Element 'Object Repository/CommonScreenElements/Validate_CameraScreen' is exist

2018-08-10 18:39:43 - [TEST_STEP][PASSED] - tap: Tapped on element 'Object Repository/CommonScreenElements/TakePictureButton'

2018-08-10 18:39:43 - [MESSAGE][WARNING] - Timeout '0' is invalid. Using default page load timeout: '5'

2018-08-10 18:39:47 - [MESSAGE][PASSED] - Tapped on element 'Object Repository/CommonScreenElements/TakePictureButton'

2018-08-10 18:39:47 - [TEST_STEP][PASSED] - delay: Delayed 5 second(s)

2018-08-10 18:39:52 - [MESSAGE][PASSED] - Delayed 5 second(s)

2018-08-10 18:39:52 - [TEST_STEP][PASSED] - tap: Tapped on element 'Object Repository/CommonScreenElements/DoneButton'

2018-08-10 18:39:52 - [MESSAGE][WARNING] - Timeout '0' is invalid. Using default page load timeout: '5'

2018-08-10 18:39:52 - [MESSAGE][PASSED] - Tapped on element 'Object Repository/CommonScreenElements/DoneButton'

2018-08-10 18:39:52 - [TEST_STEP][PASSED] - verifyElementText: Actual text and expected text of test object 'Object Repository/ShopKeeperDidNotAllow/Validate_ShopRemarksScreen' are matched.

2018-08-10 18:39:55 - [MESSAGE][PASSED] - Actual text and expected text of test object 'Object Repository/ShopKeeperDidNotAllow/Validate_ShopRemarksScreen' are matched.

2018-08-10 18:39:55 - [TEST_STEP][PASSED] - tap: Tapped on element 'Object Repository/ShopKeeperDidNotAllow/CategoryRemark_ExpiryIssue'

2018-08-10 18:39:55 - [MESSAGE][WARNING] - Timeout '0' is invalid. Using default page load timeout: '5'

2018-08-10 18:39:55 - [MESSAGE][PASSED] - Tapped on element 'Object Repository/ShopKeeperDidNotAllow/CategoryRemark_ExpiryIssue'

2018-08-10 18:39:55 - [TEST_STEP][PASSED] - tap: Tapped on element 'Object Repository/ShopKeeperDidNotAllow/ShopRemarks_BackButton'

2018-08-10 18:39:55 - [MESSAGE][WARNING] - Timeout '0' is invalid. Using default page load timeout: '5'

2018-08-10 18:39:56 - [MESSAGE][PASSED] - Tapped on element 'Object Repository/ShopKeeperDidNotAllow/ShopRemarks_BackButton'

2018-08-10 18:39:56 - [MESSAGE][PASSED] - Call Test Case 'Test Cases/ShopKeeperDidNotAllow/VisitShopKeeperDidNotAllow' successfully

2018-08-10 18:39:56 - [MESSAGE][WARNING] - Timeout '0' is invalid. Using default page load timeout: '5'

2018-08-10 18:39:57 - [MESSAGE][PASSED] - Element 'Object Repository/Validate_ShopListScreen' is exist

2018-08-10 18:40:01 - [MESSAGE][PASSED] - Actual text and expected text of test object 'Object Repository/Validate_ShopOptionsScreen' are matched.

2018-08-10 18:40:01 - [MESSAGE][WARNING] - Timeout '0' is invalid. Using default page load timeout: '5'

2018-08-10 18:40:02 - [MESSAGE][PASSED] - Tapped on element 'Object Repository/StartWorking'

2018-08-10 18:40:02 - [MESSAGE][WARNING] - Timeout '0' is invalid. Using default page load timeout: '5'

2018-08-10 18:40:03 - [MESSAGE][PASSED] - Element 'Object Repository/CommonScreenElements/Validate_InfoPopUP' is exist

2018-08-10 18:40:03 - [MESSAGE][WARNING] - Timeout '-20' is invalid. Using default page load timeout: '5'

2018-08-10 18:40:04 - [MESSAGE][PASSED] - Tapped on element 'Object Repository/CommonScreenElements/InfoPopUp_YesButton'

2018-08-10 18:40:19 - [MESSAGE][PASSED] - Delayed 15 second(s)

2018-08-10 18:40:19 - [MESSAGE][PASSED] - Element 'Object Repository/CommonScreenElements/Validate_MapScreen' is exist

2018-08-10 18:40:19 - [MESSAGE][WARNING] - Timeout '0' is invalid. Using default page load timeout: '5'

2018-08-10 18:40:20 - [MESSAGE][PASSED] - Tapped on element 'Object Repository/CommonScreenElements/Location_CheckIn'

2018-08-10 18:40:20 - [MESSAGE][WARNING] - Timeout '0' is invalid. Using default page load timeout: '5'

2018-08-10 18:40:21 - [MESSAGE][PASSED] - Element 'Object Repository/CommonScreenElements/Validate_InfoPopUP' is exist

2018-08-10 18:40:21 - [MESSAGE][WARNING] - Timeout '0' is invalid. Using default page load timeout: '5'

2018-08-10 18:40:22 - [MESSAGE][PASSED] - Tapped on element 'Object Repository/CommonScreenElements/InfoPopUp_NoButton'

2018-08-10 18:40:24 - [MESSAGE][PASSED] - Swiped from 0,292 to 0,200

2018-08-10 18:40:24 - [TEST_CASE][PASSED] - Test Cases/ShopKeeperDidNotAllow/OverwriteShopKeeperDidNotAllow: Test Cases/ShopKeeperDidNotAllow/OverwriteShopKeeperDidNotAllow

2018-08-10 18:40:24 - [TEST_STEP][PASSED] - verifyElementExist: Element 'Object Repository/ShopActions_List' is exist

2018-08-10 18:40:24 - [MESSAGE][WARNING] - Timeout '0' is invalid. Using default page load timeout: '5'

2018-08-10 18:40:25 - [MESSAGE][PASSED] - Element 'Object Repository/ShopActions_List' is exist

2018-08-10 18:40:25 - [TEST_STEP][PASSED] - tap: Tapped on element 'Object Repository/ShopKeeperDidNotAllow/ShoopKeeperDidNotAllow'

2018-08-10 18:40:25 - [MESSAGE][WARNING] - Timeout '0' is invalid. Using default page load timeout: '5'

2018-08-10 18:40:26 - [MESSAGE][PASSED] - Tapped on element 'Object Repository/ShopKeeperDidNotAllow/ShoopKeeperDidNotAllow'

2018-08-10 18:40:26 - [TEST_STEP][PASSED] - verifyElementExist: Element 'Object Repository/CommonScreenElements/Validate_CameraScreen' is exist

2018-08-10 18:40:26 - [MESSAGE][WARNING] - Timeout '0' is invalid. Using default page load timeout: '5'

2018-08-10 18:40:27 - [MESSAGE][PASSED] - Element 'Object Repository/CommonScreenElements/Validate_CameraScreen' is exist

2018-08-10 18:40:27 - [TEST_STEP][PASSED] - tap: Tapped on element 'Object Repository/CommonScreenElements/TakePictureButton'

2018-08-10 18:40:27 - [MESSAGE][WARNING] - Timeout '0' is invalid. Using default page load timeout: '5'

2018-08-10 18:40:31 - [MESSAGE][PASSED] - Tapped on element 'Object Repository/CommonScreenElements/TakePictureButton'

2018-08-10 18:40:31 - [TEST_STEP][PASSED] - delay: Delayed 5 second(s)

2018-08-10 18:40:36 - [MESSAGE][PASSED] - Delayed 5 second(s)

2018-08-10 18:40:36 - [TEST_STEP][PASSED] - tap: Tapped on element 'Object Repository/CommonScreenElements/DoneButton'

2018-08-10 18:40:36 - [MESSAGE][WARNING] - Timeout '0' is invalid. Using default page load timeout: '5'

2018-08-10 18:40:36 - [MESSAGE][PASSED] - Tapped on element 'Object Repository/CommonScreenElements/DoneButton'

2018-08-10 18:40:36 - [TEST_STEP][PASSED] - verifyElementText: Actual text and expected text of test object 'Object Repository/ShopKeeperDidNotAllow/Validate_ShopRemarksScreen' are matched.

2018-08-10 18:40:38 - [MESSAGE][PASSED] - Actual text and expected text of test object 'Object Repository/ShopKeeperDidNotAllow/Validate_ShopRemarksScreen' are matched.

2018-08-10 18:40:38 - [TEST_STEP][PASSED] - tap: Tapped on element 'Object Repository/ShopKeeperDidNotAllow/ShopRemarks_Others'

2018-08-10 18:40:38 - [MESSAGE][WARNING] - Timeout '0' is invalid. Using default page load timeout: '5'

2018-08-10 18:40:38 - [MESSAGE][PASSED] - Tapped on element 'Object Repository/ShopKeeperDidNotAllow/ShopRemarks_Others'

2018-08-10 18:40:38 - [TEST_STEP][PASSED] - tap: Tapped on element 'Object Repository/ShopKeeperDidNotAllow/ShopRemarks_BackButton'

2018-08-10 18:40:38 - [MESSAGE][WARNING] - Timeout '0' is invalid. Using default page load timeout: '5'

2018-08-10 18:40:39 - [MESSAGE][PASSED] - Tapped on element 'Object Repository/ShopKeeperDidNotAllow/ShopRemarks_BackButton'

2018-08-10 18:40:39 - [MESSAGE][PASSED] - Call Test Case 'Test Cases/ShopKeeperDidNotAllow/OverwriteShopKeeperDidNotAllow' successfully

2018-08-10 18:40:39 - [MESSAGE][WARNING] - Timeout '0' is invalid. Using default page load timeout: '5'

2018-08-10 18:40:41 - [MESSAGE][PASSED] - Element 'Object Repository/Validate_ShopListScreen' is exist

2018-08-10 18:40:41 - [MESSAGE][PASSED] - com.ct.qa.keywords.ShopVisitingScenariosKeywords.visitShopsWithShopLevelOverwriting is PASSED]]></system-out>
         <system-err><![CDATA[]]></system-err>
      </testcase>
      <system-out><![CDATA[2018-08-10 18:38:06 - [TEST_SUITE][PASSED] - MMA Plus Merchandising With Shop Level Overwrite Scenarios: Test Cases/VisitShopScenarios/VisitShopsWithShopLevelOverwriting]]></system-out>
      <system-err><![CDATA[]]></system-err>
   </testsuite>
</testsuites>
