<?xml version="1.0" encoding="UTF-8"?>
<testsuites name="MMA Merchandising With Category Level Overwrite Scenarios" time="1507" tests="1" failures="0" errors="1">
   <testsuite name="MMA Merchandising With Category Level Overwrite Scenarios" tests="1" failures="0" errors="1" time="1507" timestamp="2018-12-12 18:26:53" hostname="Fahad Shah - DESKTOP-L12UUAD" id="Test Suites/MMA Merchandising With Category Level Overwrite Scenarios">
      <properties>
         <property name="deviceName" value="samsung SM-J110H (Android 4.4.4)"/>
         <property name="devicePlatform" value=""/>
         <property name="logFolder" value="F:\\Git Projects\\MMA_Merchandising\\MMA_Merchandising\\Reports\\MMA Merchandising With Category Level Overwrite Scenarios\\20181212_182651"/>
         <property name="logFiles" value="F:\\Git Projects\\MMA_Merchandising\\MMA_Merchandising\\Reports\\MMA Merchandising With Category Level Overwrite Scenarios\\20181212_182651\\appium.log, F:\\Git Projects\\MMA_Merchandising\\MMA_Merchandising\\Reports\\MMA Merchandising With Category Level Overwrite Scenarios\\20181212_182651\\execution0.log"/>
         <property name="attachments" value="F:\\Git Projects\\MMA_Merchandising\\MMA_Merchandising\\Reports\\MMA Merchandising With Category Level Overwrite Scenarios\\20181212_182651\\1544621334003.png, F:\\Git Projects\\MMA_Merchandising\\MMA_Merchandising\\Reports\\MMA Merchandising With Category Level Overwrite Scenarios\\20181212_182651\\1544621348988.png, F:\\Git Projects\\MMA_Merchandising\\MMA_Merchandising\\Reports\\MMA Merchandising With Category Level Overwrite Scenarios\\20181212_182651\\1544621364007.png, F:\\Git Projects\\MMA_Merchandising\\MMA_Merchandising\\Reports\\MMA Merchandising With Category Level Overwrite Scenarios\\20181212_182651\\1544621380041.png, F:\\Git Projects\\MMA_Merchandising\\MMA_Merchandising\\Reports\\MMA Merchandising With Category Level Overwrite Scenarios\\20181212_182651\\1544621395099.png, F:\\Git Projects\\MMA_Merchandising\\MMA_Merchandising\\Reports\\MMA Merchandising With Category Level Overwrite Scenarios\\20181212_182651\\1544621412095.png, F:\\Git Projects\\MMA_Merchandising\\MMA_Merchandising\\Reports\\MMA Merchandising With Category Level Overwrite Scenarios\\20181212_182651\\1544621426986.png, F:\\Git Projects\\MMA_Merchandising\\MMA_Merchandising\\Reports\\MMA Merchandising With Category Level Overwrite Scenarios\\20181212_182651\\1544621445979.png, F:\\Git Projects\\MMA_Merchandising\\MMA_Merchandising\\Reports\\MMA Merchandising With Category Level Overwrite Scenarios\\20181212_182651\\1544621467012.png, F:\\Git Projects\\MMA_Merchandising\\MMA_Merchandising\\Reports\\MMA Merchandising With Category Level Overwrite Scenarios\\20181212_182651\\1544621490082.png, F:\\Git Projects\\MMA_Merchandising\\MMA_Merchandising\\Reports\\MMA Merchandising With Category Level Overwrite Scenarios\\20181212_182651\\1544621648205.png, F:\\Git Projects\\MMA_Merchandising\\MMA_Merchandising\\Reports\\MMA Merchandising With Category Level Overwrite Scenarios\\20181212_182651\\1544621827552.png, F:\\Git Projects\\MMA_Merchandising\\MMA_Merchandising\\Reports\\MMA Merchandising With Category Level Overwrite Scenarios\\20181212_182651\\1544621854094.png, F:\\Git Projects\\MMA_Merchandising\\MMA_Merchandising\\Reports\\MMA Merchandising With Category Level Overwrite Scenarios\\20181212_182651\\1544621928600.png, F:\\Git Projects\\MMA_Merchandising\\MMA_Merchandising\\Reports\\MMA Merchandising With Category Level Overwrite Scenarios\\20181212_182651\\1544621955042.png, F:\\Git Projects\\MMA_Merchandising\\MMA_Merchandising\\Reports\\MMA Merchandising With Category Level Overwrite Scenarios\\20181212_182651\\1544622030553.png, F:\\Git Projects\\MMA_Merchandising\\MMA_Merchandising\\Reports\\MMA Merchandising With Category Level Overwrite Scenarios\\20181212_182651\\1544622056977.png, F:\\Git Projects\\MMA_Merchandising\\MMA_Merchandising\\Reports\\MMA Merchandising With Category Level Overwrite Scenarios\\20181212_182651\\1544622120908.png, F:\\Git Projects\\MMA_Merchandising\\MMA_Merchandising\\Reports\\MMA Merchandising With Category Level Overwrite Scenarios\\20181212_182651\\1544622147436.png, F:\\Git Projects\\MMA_Merchandising\\MMA_Merchandising\\Reports\\MMA Merchandising With Category Level Overwrite Scenarios\\20181212_182651\\1544622189340.png, F:\\Git Projects\\MMA_Merchandising\\MMA_Merchandising\\Reports\\MMA Merchandising With Category Level Overwrite Scenarios\\20181212_182651\\1544622217036.png, F:\\Git Projects\\MMA_Merchandising\\MMA_Merchandising\\Reports\\MMA Merchandising With Category Level Overwrite Scenarios\\20181212_182651\\1544622280628.png, F:\\Git Projects\\MMA_Merchandising\\MMA_Merchandising\\Reports\\MMA Merchandising With Category Level Overwrite Scenarios\\20181212_182651\\1544622307417.png, F:\\Git Projects\\MMA_Merchandising\\MMA_Merchandising\\Reports\\MMA Merchandising With Category Level Overwrite Scenarios\\20181212_182651\\1544622354568.png, F:\\Git Projects\\MMA_Merchandising\\MMA_Merchandising\\Reports\\MMA Merchandising With Category Level Overwrite Scenarios\\20181212_182651\\1544622384334.png, F:\\Git Projects\\MMA_Merchandising\\MMA_Merchandising\\Reports\\MMA Merchandising With Category Level Overwrite Scenarios\\20181212_182651\\1544622423556.png, F:\\Git Projects\\MMA_Merchandising\\MMA_Merchandising\\Reports\\MMA Merchandising With Category Level Overwrite Scenarios\\20181212_182651\\1544622455142.png, F:\\Git Projects\\MMA_Merchandising\\MMA_Merchandising\\Reports\\MMA Merchandising With Category Level Overwrite Scenarios\\20181212_182651\\1544622494333.png, F:\\Git Projects\\MMA_Merchandising\\MMA_Merchandising\\Reports\\MMA Merchandising With Category Level Overwrite Scenarios\\20181212_182651\\1544622530418.png, F:\\Git Projects\\MMA_Merchandising\\MMA_Merchandising\\Reports\\MMA Merchandising With Category Level Overwrite Scenarios\\20181212_182651\\1544622563509.png"/>
         <property name="hostName" value="Fahad Shah - DESKTOP-L12UUAD"/>
         <property name="os" value="Windows 10 64bit"/>
         <property name="katalonVersion" value="5.9.1.2"/>
         <property name="deviceOS" value="Android"/>
         <property name="appiumVersion" value="1.8.1"/>
         <property name="deviceModel" value="SM-J110H"/>
         <property name="hostAddress" value="192.168.3.221"/>
         <property name="deviceManufacturer" value="samsung"/>
         <property name="deviceId" value="11015a1136d0b24a"/>
         <property name="deviceName" value="samsung SM-J110H (Android 4.4.4)"/>
         <property name="deviceOSVersion" value="4.4.4"/>
      </properties>
      <testcase name="Test Cases/LaunchingApp/LaunchApp" classname="Test Cases/LaunchingApp/LaunchApp" status="PASSED">
         <system-out><![CDATA[2018-12-12 18:26:54 - [TEST_CASE][PASSED] - Test Cases/LaunchingApp/LaunchApp: Test Cases/LaunchingApp/LaunchApp

2018-12-12 18:26:55 - [TEST_STEP][PASSED] - startApplication("F:\QA_Automation\Builds\mmaplus_061218_local_v151.apk", false): Started app at: 'F:\QA_Automation\Builds\mmaplus_061218_local_v151.apk'

2018-12-12 18:26:55 - [MESSAGE][INFO] - User set preference: ['deviceId', '']

2018-12-12 18:27:00 - [MESSAGE][INFO] - Appium server started on port 59,535

2018-12-12 18:27:13 - [MESSAGE][PASSED] - Started app at: 'F:\QA_Automation\Builds\mmaplus_061218_local_v151.apk'

2018-12-12 18:27:13 - [TEST_STEP][PASSED] - delay(5): Delayed 5 second(s)

2018-12-12 18:27:18 - [MESSAGE][PASSED] - Delayed 5 second(s)]]></system-out>
         <system-err><![CDATA[]]></system-err>
      </testcase>
      <testcase name="Test Cases/VisitShopScenarios/VisitShopsWithCategoryLevelOverwriting" classname="Test Cases/VisitShopScenarios/VisitShopsWithCategoryLevelOverwriting" status="ERROR">
         <error type="ERROR" message="Test Cases/VisitShopScenarios/VisitShopsWithCategoryLevelOverwriting FAILED.
Reason:
java.lang.NullPointerException: Cannot invoke method size() on null object
	at com.ct.qa.keywords.ShopVisitingScenariosKeywords.displayDataInReport(ShopVisitingScenariosKeywords.groovy:336)
	at com.ct.qa.keywords.ShopVisitingScenariosKeywords.visitShopsWith_CategoryLevel_Overwriting(ShopVisitingScenariosKeywords.groovy:1006)
	at com.ct.qa.keywords.ShopVisitingScenariosKeywords.invokeMethod(ShopVisitingScenariosKeywords.groovy)
	at com.kms.katalon.core.main.CustomKeywordDelegatingMetaClass.invokeStaticMethod(CustomKeywordDelegatingMetaClass.java:49)
	at VisitShopsWithCategoryLevelOverwriting.run(VisitShopsWithCategoryLevelOverwriting:39)
	at com.kms.katalon.core.main.ScriptEngine.run(ScriptEngine.java:194)
	at com.kms.katalon.core.main.ScriptEngine.runScriptAsRawText(ScriptEngine.java:119)
	at com.kms.katalon.core.main.TestCaseExecutor.runScript(TestCaseExecutor.java:321)
	at com.kms.katalon.core.main.TestCaseExecutor.doExecute(TestCaseExecutor.java:312)
	at com.kms.katalon.core.main.TestCaseExecutor.processExecutionPhase(TestCaseExecutor.java:291)
	at com.kms.katalon.core.main.TestCaseExecutor.accessMainPhase(TestCaseExecutor.java:283)
	at com.kms.katalon.core.main.TestCaseExecutor.execute(TestCaseExecutor.java:222)
	at com.kms.katalon.core.main.TestSuiteExecutor.accessTestCaseMainPhase(TestSuiteExecutor.java:129)
	at com.kms.katalon.core.main.TestSuiteExecutor.accessTestSuiteMainPhase(TestSuiteExecutor.java:112)
	at com.kms.katalon.core.main.TestSuiteExecutor.execute(TestSuiteExecutor.java:81)
	at com.kms.katalon.core.main.TestCaseMain.startTestSuite(TestCaseMain.java:149)
	at com.kms.katalon.core.main.TestCaseMain$startTestSuite$0.call(Unknown Source)
	at TempTestSuite1544621211345.run(TempTestSuite1544621211345.groovy:36)
"/>
         <system-out><![CDATA[2018-12-12 18:27:18 - [TEST_CASE][ERROR] - Test Cases/VisitShopScenarios/VisitShopsWithCategoryLevelOverwriting: Test Cases/VisitShopScenarios/VisitShopsWithCategoryLevelOverwriting FAILED.
Reason:
java.lang.NullPointerException: Cannot invoke method size() on null object
	at com.ct.qa.keywords.ShopVisitingScenariosKeywords.displayDataInReport(ShopVisitingScenariosKeywords.groovy:336)
	at com.ct.qa.keywords.ShopVisitingScenariosKeywords.visitShopsWith_CategoryLevel_Overwriting(ShopVisitingScenariosKeywords.groovy:1006)
	at com.ct.qa.keywords.ShopVisitingScenariosKeywords.invokeMethod(ShopVisitingScenariosKeywords.groovy)
	at com.kms.katalon.core.main.CustomKeywordDelegatingMetaClass.invokeStaticMethod(CustomKeywordDelegatingMetaClass.java:49)
	at VisitShopsWithCategoryLevelOverwriting.run(VisitShopsWithCategoryLevelOverwriting:39)
	at com.kms.katalon.core.main.ScriptEngine.run(ScriptEngine.java:194)
	at com.kms.katalon.core.main.ScriptEngine.runScriptAsRawText(ScriptEngine.java:119)
	at com.kms.katalon.core.main.TestCaseExecutor.runScript(TestCaseExecutor.java:321)
	at com.kms.katalon.core.main.TestCaseExecutor.doExecute(TestCaseExecutor.java:312)
	at com.kms.katalon.core.main.TestCaseExecutor.processExecutionPhase(TestCaseExecutor.java:291)
	at com.kms.katalon.core.main.TestCaseExecutor.accessMainPhase(TestCaseExecutor.java:283)
	at com.kms.katalon.core.main.TestCaseExecutor.execute(TestCaseExecutor.java:222)
	at com.kms.katalon.core.main.TestSuiteExecutor.accessTestCaseMainPhase(TestSuiteExecutor.java:129)
	at com.kms.katalon.core.main.TestSuiteExecutor.accessTestSuiteMainPhase(TestSuiteExecutor.java:112)
	at com.kms.katalon.core.main.TestSuiteExecutor.execute(TestSuiteExecutor.java:81)
	at com.kms.katalon.core.main.TestCaseMain.startTestSuite(TestCaseMain.java:149)
	at com.kms.katalon.core.main.TestCaseMain$startTestSuite$0.call(Unknown Source)
	at TempTestSuite1544621211345.run(TempTestSuite1544621211345.groovy:36)


2018-12-12 18:27:18 - [TEST_STEP][PASSED] - verifyElementText(findTestObject("DashboardScreenElements/Validate_DashboardScreen", ["package":PACKAGENAME]), "Dashboard"): Actual text and expected text of test object 'Object Repository/DashboardScreenElements/Validate_DashboardScreen' are matched.

2018-12-12 18:27:26 - [MESSAGE][PASSED] - Actual text and expected text of test object 'Object Repository/DashboardScreenElements/Validate_DashboardScreen' are matched.

2018-12-12 18:27:26 - [TEST_STEP][PASSED] - com.ct.qa.keywords.CommonKeywords.selectday(): com.ct.qa.keywords.CommonKeywords.selectday is PASSED

2018-12-12 18:27:26 - [MESSAGE][WARNING] - Timeout '0' is invalid. Using default page load timeout: '5'

2018-12-12 18:27:27 - [MESSAGE][PASSED] - Tapped on element 'Object Repository/DashboardScreenElements/DaysDropdownMenu'

2018-12-12 18:27:27 - [MESSAGE][WARNING] - Timeout '0' is invalid. Using default page load timeout: '5'

2018-12-12 18:27:28 - [MESSAGE][PASSED] - Element 'Object Repository/DashboardScreenElements/Validate_DaysListScreen' is exist

2018-12-12 18:27:29 - [MESSAGE][PASSED] - com.ct.qa.keywords.CommonKeywords.selectday is PASSED

2018-12-12 18:27:29 - [TEST_STEP][PASSED] - tap(findTestObject("DashboardScreenElements/StartYourDay", ["package":PACKAGENAME]), 0): Tapped on element 'Object Repository/DashboardScreenElements/StartYourDay'

2018-12-12 18:27:29 - [MESSAGE][WARNING] - Timeout '0' is invalid. Using default page load timeout: '5'

2018-12-12 18:27:30 - [MESSAGE][PASSED] - Tapped on element 'Object Repository/DashboardScreenElements/StartYourDay'

2018-12-12 18:27:30 - [TEST_STEP][PASSED] - verifyElementText(findTestObject("Validate_ShopListScreen", ["package":PACKAGENAME]), "Shops on Route"): Actual text and expected text of test object 'Object Repository/Validate_ShopListScreen' are matched.

2018-12-12 18:27:32 - [MESSAGE][PASSED] - Actual text and expected text of test object 'Object Repository/Validate_ShopListScreen' are matched.

2018-12-12 18:27:32 - [TEST_STEP][ERROR] - com.ct.qa.keywords.ShopVisitingScenariosKeywords.visitShopsWith_CategoryLevel_Overwriting(): com.ct.qa.keywords.ShopVisitingScenariosKeywords.visitShopsWith_CategoryLevel_Overwriting() FAILED.
Reason:
java.lang.NullPointerException: Cannot invoke method size() on null object
	at com.ct.qa.keywords.ShopVisitingScenariosKeywords.displayDataInReport(ShopVisitingScenariosKeywords.groovy:336)
	at com.ct.qa.keywords.ShopVisitingScenariosKeywords.visitShopsWith_CategoryLevel_Overwriting(ShopVisitingScenariosKeywords.groovy:1006)
	at com.ct.qa.keywords.ShopVisitingScenariosKeywords.invokeMethod(ShopVisitingScenariosKeywords.groovy)
	at com.kms.katalon.core.main.CustomKeywordDelegatingMetaClass.invokeStaticMethod(CustomKeywordDelegatingMetaClass.java:49)
	at VisitShopsWithCategoryLevelOverwriting.run(VisitShopsWithCategoryLevelOverwriting:39)
	at com.kms.katalon.core.main.ScriptEngine.run(ScriptEngine.java:194)
	at com.kms.katalon.core.main.ScriptEngine.runScriptAsRawText(ScriptEngine.java:119)
	at com.kms.katalon.core.main.TestCaseExecutor.runScript(TestCaseExecutor.java:321)
	at com.kms.katalon.core.main.TestCaseExecutor.doExecute(TestCaseExecutor.java:312)
	at com.kms.katalon.core.main.TestCaseExecutor.processExecutionPhase(TestCaseExecutor.java:291)
	at com.kms.katalon.core.main.TestCaseExecutor.accessMainPhase(TestCaseExecutor.java:283)
	at com.kms.katalon.core.main.TestCaseExecutor.execute(TestCaseExecutor.java:222)
	at com.kms.katalon.core.main.TestSuiteExecutor.accessTestCaseMainPhase(TestSuiteExecutor.java:129)
	at com.kms.katalon.core.main.TestSuiteExecutor.accessTestSuiteMainPhase(TestSuiteExecutor.java:112)
	at com.kms.katalon.core.main.TestSuiteExecutor.execute(TestSuiteExecutor.java:81)
	at com.kms.katalon.core.main.TestCaseMain.startTestSuite(TestCaseMain.java:149)
	at com.kms.katalon.core.main.TestCaseMain$startTestSuite$0.call(Unknown Source)
	at TempTestSuite1544621211345.run(TempTestSuite1544621211345.groovy:36)


2018-12-12 18:27:36 - [MESSAGE][PASSED] - Actual text and expected text of test object 'Object Repository/Validate_ShopOptionsScreen' are matched.

2018-12-12 18:27:38 - [MESSAGE][WARNING] - Timeout '0' is invalid. Using default page load timeout: '5'

2018-12-12 18:27:38 - [MESSAGE][PASSED] - Tapped on element 'Object Repository/StartWorking'

2018-12-12 18:27:53 - [MESSAGE][PASSED] - Delayed 15 second(s)

2018-12-12 18:27:54 - [MESSAGE][PASSED] - Element 'Object Repository/CommonScreenElements/Validate_MapScreen' is exist

2018-12-12 18:27:54 - [MESSAGE][WARNING] - Timeout '0' is invalid. Using default page load timeout: '5'

2018-12-12 18:27:55 - [MESSAGE][PASSED] - Tapped on element 'Object Repository/CommonScreenElements/Location_CheckIn'

2018-12-12 18:27:55 - [MESSAGE][WARNING] - Timeout '0' is invalid. Using default page load timeout: '5'

2018-12-12 18:27:56 - [MESSAGE][PASSED] - Element 'Object Repository/CommonScreenElements/Validate_InfoPopUP' is exist

2018-12-12 18:27:56 - [MESSAGE][WARNING] - Timeout '0' is invalid. Using default page load timeout: '5'

2018-12-12 18:27:57 - [MESSAGE][PASSED] - Tapped on element 'Object Repository/CommonScreenElements/InfoPopUp_NoButton'

2018-12-12 18:27:57 - [TEST_CASE][PASSED] - Test Cases/ShopOpen/VisitShopOpen: Test Cases/ShopOpen/VisitShopOpen

2018-12-12 18:27:58 - [TEST_STEP][PASSED] - verifyElementExist(findTestObject("ShopActions_List", ["package":PACKAGENAME]), 0): Element 'Object Repository/ShopActions_List' is exist

2018-12-12 18:27:58 - [MESSAGE][WARNING] - Timeout '0' is invalid. Using default page load timeout: '5'

2018-12-12 18:27:58 - [MESSAGE][PASSED] - Element 'Object Repository/ShopActions_List' is exist

2018-12-12 18:27:58 - [TEST_STEP][PASSED] - tap(findTestObject("ShopOpen/ShopOpen", ["package":PACKAGENAME]), 0): Tapped on element 'Object Repository/ShopOpen/ShopOpen'

2018-12-12 18:27:58 - [MESSAGE][WARNING] - Timeout '0' is invalid. Using default page load timeout: '5'

2018-12-12 18:28:01 - [MESSAGE][PASSED] - Tapped on element 'Object Repository/ShopOpen/ShopOpen'

2018-12-12 18:28:01 - [TEST_STEP][PASSED] - verifyElementExist(findTestObject("CommonScreenElements/Validate_CameraScreen", ["package":PACKAGENAME]), 0): Element 'Object Repository/CommonScreenElements/Validate_CameraScreen' is exist

2018-12-12 18:28:01 - [MESSAGE][WARNING] - Timeout '0' is invalid. Using default page load timeout: '5'

2018-12-12 18:28:01 - [MESSAGE][PASSED] - Element 'Object Repository/CommonScreenElements/Validate_CameraScreen' is exist

2018-12-12 18:28:01 - [TEST_STEP][PASSED] - tap(findTestObject("CommonScreenElements/TakePictureButton", ["package":PACKAGENAME]), 0): Tapped on element 'Object Repository/CommonScreenElements/TakePictureButton'

2018-12-12 18:28:01 - [MESSAGE][WARNING] - Timeout '0' is invalid. Using default page load timeout: '5'

2018-12-12 18:28:05 - [MESSAGE][PASSED] - Tapped on element 'Object Repository/CommonScreenElements/TakePictureButton'

2018-12-12 18:28:05 - [TEST_STEP][PASSED] - delay(5): Delayed 5 second(s)

2018-12-12 18:28:10 - [MESSAGE][PASSED] - Delayed 5 second(s)

2018-12-12 18:28:10 - [TEST_STEP][PASSED] - tap(findTestObject("CommonScreenElements/DoneButton", ["package":PACKAGENAME]), 0): Tapped on element 'Object Repository/CommonScreenElements/DoneButton'

2018-12-12 18:28:10 - [MESSAGE][WARNING] - Timeout '0' is invalid. Using default page load timeout: '5'

2018-12-12 18:28:10 - [MESSAGE][PASSED] - Tapped on element 'Object Repository/CommonScreenElements/DoneButton'

2018-12-12 18:28:10 - [MESSAGE][PASSED] - Call Test Case 'Test Cases/ShopOpen/VisitShopOpen' successfully

2018-12-12 18:28:11 - [TEST_CASE][PASSED] - Test Cases/ShopOpen/VisitCategoryScenarios/VisitShopCategoriesWithOverwriteScenarios: Test Cases/ShopOpen/VisitCategoryScenarios/VisitShopCategoriesWithOverwriteScenarios

2018-12-12 18:28:11 - [TEST_STEP][PASSED] - verifyElementExist(findTestObject("ShopOpen/Validate_ShopCategoriesListScreen", ["package":PACKAGENAME]), 0): Element 'Object Repository/ShopOpen/Validate_ShopCategoriesListScreen' is exist

2018-12-12 18:28:11 - [MESSAGE][WARNING] - Timeout '0' is invalid. Using default page load timeout: '5'

2018-12-12 18:28:12 - [MESSAGE][PASSED] - Element 'Object Repository/ShopOpen/Validate_ShopCategoriesListScreen' is exist

2018-12-12 18:28:12 - [TEST_STEP][PASSED] - com.ct.qa.keywords.CategoryVisitingScenariosKeywords.visitShopCategoriesWithOverwriteScenarios(): com.ct.qa.keywords.CategoryVisitingScenariosKeywords.visitShopCategoriesWithOverwriteScenarios is PASSED

2018-12-12 18:28:17 - [MESSAGE][PASSED] - Swiped from 0,293 to 0,200

2018-12-12 18:28:21 - [MESSAGE][PASSED] - Swiped from 0,293 to 0,200

2018-12-12 18:28:25 - [MESSAGE][PASSED] - Swiped from 0,293 to 0,200

2018-12-12 18:28:28 - [MESSAGE][PASSED] - Swiped from 0,293 to 0,200

2018-12-12 18:28:32 - [MESSAGE][PASSED] - Swiped from 0,293 to 0,200

2018-12-12 18:28:36 - [MESSAGE][PASSED] - Swiped from 0,293 to 0,200

2018-12-12 18:28:39 - [MESSAGE][PASSED] - Swiped from 0,293 to 0,200

2018-12-12 18:28:42 - [MESSAGE][PASSED] - Swiped from 0,293 to 0,200

2018-12-12 18:28:45 - [MESSAGE][PASSED] - Swiped from 0,200 to 0,750

2018-12-12 18:28:45 - [MESSAGE][PASSED] - Swiped from 0,200 to 0,750

2018-12-12 18:28:48 - [MESSAGE][WARNING] - Timeout '0' is invalid. Using default page load timeout: '5'

2018-12-12 18:28:55 - [MESSAGE][WARNING] - Element 'Object Repository/CommonScreenElements/Validate_CameraScreen' not found
[[ATTACHMENT|F:\\Git Projects\\MMA_Merchandising\\MMA_Merchandising\\Reports\\MMA Merchandising With Category Level Overwrite Scenarios\\20181212_182651\\1544621334003.png]]

2018-12-12 18:28:55 - [MESSAGE][PASSED] - Actual text and expected text of test object 'Object Repository/ShopOpen/Chiller/Validate_ChillerScreen' are matched.

2018-12-12 18:28:56 - [TEST_CASE][PASSED] - Test Cases/ShopOpen/Chiller/VisitChillerWithSKDNA: Test Cases/ShopOpen/Chiller/VisitChillerWithSKDNA

2018-12-12 18:28:57 - [TEST_STEP][PASSED] - verifyElementText(findTestObject("ShopOpen/Chiller/Validate_CategoryRemarks", ["package":PACKAGENAME]), "CATEGORY REMARKS"): Actual text and expected text of test object 'Object Repository/ShopOpen/Chiller/Validate_CategoryRemarks' are matched.

2018-12-12 18:28:58 - [MESSAGE][PASSED] - Actual text and expected text of test object 'Object Repository/ShopOpen/Chiller/Validate_CategoryRemarks' are matched.

2018-12-12 18:28:58 - [TEST_STEP][PASSED] - com.ct.qa.keywords.CommonKeywords.visitSKDNA(): com.ct.qa.keywords.CommonKeywords.visitSKDNA is PASSED

2018-12-12 18:28:59 - [MESSAGE][PASSED] - com.ct.qa.keywords.CommonKeywords.visitSKDNA is PASSED

2018-12-12 18:28:59 - [TEST_STEP][PASSED] - tap(findTestObject("ShopOpen/Chiller/CategoryRemarks_BackButton", ["package":PACKAGENAME]), 0): Tapped on element 'Object Repository/ShopOpen/Chiller/CategoryRemarks_BackButton'

2018-12-12 18:28:59 - [MESSAGE][WARNING] - Timeout '0' is invalid. Using default page load timeout: '5'

2018-12-12 18:29:00 - [MESSAGE][PASSED] - Tapped on element 'Object Repository/ShopOpen/Chiller/CategoryRemarks_BackButton'

2018-12-12 18:29:00 - [TEST_STEP][PASSED] - verifyElementText(findTestObject("ShopOpen/Chiller/Validate_ChillerScreen", ["package":PACKAGENAME]), "KPI: Chiller"): Actual text and expected text of test object 'Object Repository/ShopOpen/Chiller/Validate_ChillerScreen' are matched.

2018-12-12 18:29:01 - [MESSAGE][PASSED] - Actual text and expected text of test object 'Object Repository/ShopOpen/Chiller/Validate_ChillerScreen' are matched.

2018-12-12 18:29:01 - [TEST_STEP][PASSED] - tap(findTestObject("ShopOpen/Chiller/Chiller_BackButton", ["package":PACKAGENAME]), 0): Tapped on element 'Object Repository/ShopOpen/Chiller/Chiller_BackButton'

2018-12-12 18:29:01 - [MESSAGE][WARNING] - Timeout '0' is invalid. Using default page load timeout: '5'

2018-12-12 18:29:01 - [MESSAGE][PASSED] - Tapped on element 'Object Repository/ShopOpen/Chiller/Chiller_BackButton'

2018-12-12 18:29:01 - [TEST_STEP][PASSED] - verifyElementExist(findTestObject("ShopOpen/Validate_ShopCategoriesListScreen", ["package":PACKAGENAME]), 0): Element 'Object Repository/ShopOpen/Validate_ShopCategoriesListScreen' is exist

2018-12-12 18:29:01 - [MESSAGE][WARNING] - Timeout '0' is invalid. Using default page load timeout: '5'

2018-12-12 18:29:03 - [MESSAGE][PASSED] - Element 'Object Repository/ShopOpen/Validate_ShopCategoriesListScreen' is exist

2018-12-12 18:29:03 - [MESSAGE][PASSED] - Call Test Case 'Test Cases/ShopOpen/Chiller/VisitChillerWithSKDNA' successfully

2018-12-12 18:29:03 - [MESSAGE][WARNING] - Timeout '0' is invalid. Using default page load timeout: '5'

2018-12-12 18:29:10 - [MESSAGE][WARNING] - Element 'Object Repository/CommonScreenElements/Validate_CameraScreen' not found
[[ATTACHMENT|F:\\Git Projects\\MMA_Merchandising\\MMA_Merchandising\\Reports\\MMA Merchandising With Category Level Overwrite Scenarios\\20181212_182651\\1544621348988.png]]

2018-12-12 18:29:10 - [MESSAGE][PASSED] - Actual text and expected text of test object 'Object Repository/ShopOpen/RemainingCategories/Validate_MainCategoryDetailScreen' are matched.

2018-12-12 18:29:11 - [TEST_CASE][PASSED] - Test Cases/ShopOpen/RemainingCategories/VisitRemainingCategoriesWithSKDNA: Test Cases/ShopOpen/RemainingCategories/VisitRemainingCategoriesWithSKDNA

2018-12-12 18:29:12 - [TEST_STEP][PASSED] - verifyElementText(findTestObject("ShopOpen/RemainingCategories/Validate_CategoryRemarksScreen", ["package":PACKAGENAME]), "CATEGORY REMARKS"): Actual text and expected text of test object 'Object Repository/ShopOpen/RemainingCategories/Validate_CategoryRemarksScreen' are matched.

2018-12-12 18:29:13 - [MESSAGE][PASSED] - Actual text and expected text of test object 'Object Repository/ShopOpen/RemainingCategories/Validate_CategoryRemarksScreen' are matched.

2018-12-12 18:29:13 - [TEST_STEP][PASSED] - com.ct.qa.keywords.CommonKeywords.visitSKDNA(): com.ct.qa.keywords.CommonKeywords.visitSKDNA is PASSED

2018-12-12 18:29:14 - [MESSAGE][PASSED] - com.ct.qa.keywords.CommonKeywords.visitSKDNA is PASSED

2018-12-12 18:29:14 - [TEST_STEP][PASSED] - tap(findTestObject("ShopOpen/RemainingCategories/CategoryRemarks_BackButton", ["package":PACKAGENAME]), 0): Tapped on element 'Object Repository/ShopOpen/RemainingCategories/CategoryRemarks_BackButton'

2018-12-12 18:29:14 - [MESSAGE][WARNING] - Timeout '0' is invalid. Using default page load timeout: '5'

2018-12-12 18:29:15 - [MESSAGE][PASSED] - Tapped on element 'Object Repository/ShopOpen/RemainingCategories/CategoryRemarks_BackButton'

2018-12-12 18:29:15 - [TEST_STEP][PASSED] - verifyElementText(findTestObject("ShopOpen/RemainingCategories/Validate_MainCategoryDetailScreen", ["package":PACKAGENAME]), "Display Space Available"): Actual text and expected text of test object 'Object Repository/ShopOpen/RemainingCategories/Validate_MainCategoryDetailScreen' are matched.

2018-12-12 18:29:16 - [MESSAGE][PASSED] - Actual text and expected text of test object 'Object Repository/ShopOpen/RemainingCategories/Validate_MainCategoryDetailScreen' are matched.

2018-12-12 18:29:16 - [TEST_STEP][PASSED] - tap(findTestObject("ShopOpen/RemainingCategories/RemainingCategory_BackButton", ["package":PACKAGENAME]), 0): Tapped on element 'Object Repository/ShopOpen/RemainingCategories/RemainingCategory_BackButton'

2018-12-12 18:29:16 - [MESSAGE][WARNING] - Timeout '0' is invalid. Using default page load timeout: '5'

2018-12-12 18:29:16 - [MESSAGE][PASSED] - Tapped on element 'Object Repository/ShopOpen/RemainingCategories/RemainingCategory_BackButton'

2018-12-12 18:29:16 - [TEST_STEP][PASSED] - verifyElementExist(findTestObject("ShopOpen/Validate_ShopCategoriesListScreen", ["package":PACKAGENAME]), 0): Element 'Object Repository/ShopOpen/Validate_ShopCategoriesListScreen' is exist

2018-12-12 18:29:16 - [MESSAGE][WARNING] - Timeout '0' is invalid. Using default page load timeout: '5'

2018-12-12 18:29:18 - [MESSAGE][PASSED] - Element 'Object Repository/ShopOpen/Validate_ShopCategoriesListScreen' is exist

2018-12-12 18:29:18 - [MESSAGE][PASSED] - Call Test Case 'Test Cases/ShopOpen/RemainingCategories/VisitRemainingCategoriesWithSKDNA' successfully

2018-12-12 18:29:18 - [MESSAGE][WARNING] - Timeout '0' is invalid. Using default page load timeout: '5'

2018-12-12 18:29:25 - [MESSAGE][WARNING] - Element 'Object Repository/CommonScreenElements/Validate_CameraScreen' not found
[[ATTACHMENT|F:\\Git Projects\\MMA_Merchandising\\MMA_Merchandising\\Reports\\MMA Merchandising With Category Level Overwrite Scenarios\\20181212_182651\\1544621364007.png]]

2018-12-12 18:29:25 - [MESSAGE][PASSED] - Actual text and expected text of test object 'Object Repository/ShopOpen/RemainingCategories/Validate_MainCategoryDetailScreen' are matched.

2018-12-12 18:29:26 - [TEST_CASE][PASSED] - Test Cases/ShopOpen/RemainingCategories/VisitRemainingCategoriesWithSKDNA: Test Cases/ShopOpen/RemainingCategories/VisitRemainingCategoriesWithSKDNA

2018-12-12 18:29:26 - [TEST_STEP][PASSED] - verifyElementText(findTestObject("ShopOpen/RemainingCategories/Validate_CategoryRemarksScreen", ["package":PACKAGENAME]), "CATEGORY REMARKS"): Actual text and expected text of test object 'Object Repository/ShopOpen/RemainingCategories/Validate_CategoryRemarksScreen' are matched.

2018-12-12 18:29:28 - [MESSAGE][PASSED] - Actual text and expected text of test object 'Object Repository/ShopOpen/RemainingCategories/Validate_CategoryRemarksScreen' are matched.

2018-12-12 18:29:28 - [TEST_STEP][PASSED] - com.ct.qa.keywords.CommonKeywords.visitSKDNA(): com.ct.qa.keywords.CommonKeywords.visitSKDNA is PASSED

2018-12-12 18:29:29 - [MESSAGE][PASSED] - com.ct.qa.keywords.CommonKeywords.visitSKDNA is PASSED

2018-12-12 18:29:29 - [TEST_STEP][PASSED] - tap(findTestObject("ShopOpen/RemainingCategories/CategoryRemarks_BackButton", ["package":PACKAGENAME]), 0): Tapped on element 'Object Repository/ShopOpen/RemainingCategories/CategoryRemarks_BackButton'

2018-12-12 18:29:29 - [MESSAGE][WARNING] - Timeout '0' is invalid. Using default page load timeout: '5'

2018-12-12 18:29:30 - [MESSAGE][PASSED] - Tapped on element 'Object Repository/ShopOpen/RemainingCategories/CategoryRemarks_BackButton'

2018-12-12 18:29:30 - [TEST_STEP][PASSED] - verifyElementText(findTestObject("ShopOpen/RemainingCategories/Validate_MainCategoryDetailScreen", ["package":PACKAGENAME]), "Display Space Available"): Actual text and expected text of test object 'Object Repository/ShopOpen/RemainingCategories/Validate_MainCategoryDetailScreen' are matched.

2018-12-12 18:29:31 - [MESSAGE][PASSED] - Actual text and expected text of test object 'Object Repository/ShopOpen/RemainingCategories/Validate_MainCategoryDetailScreen' are matched.

2018-12-12 18:29:31 - [TEST_STEP][PASSED] - tap(findTestObject("ShopOpen/RemainingCategories/RemainingCategory_BackButton", ["package":PACKAGENAME]), 0): Tapped on element 'Object Repository/ShopOpen/RemainingCategories/RemainingCategory_BackButton'

2018-12-12 18:29:31 - [MESSAGE][WARNING] - Timeout '0' is invalid. Using default page load timeout: '5'

2018-12-12 18:29:31 - [MESSAGE][PASSED] - Tapped on element 'Object Repository/ShopOpen/RemainingCategories/RemainingCategory_BackButton'

2018-12-12 18:29:31 - [TEST_STEP][PASSED] - verifyElementExist(findTestObject("ShopOpen/Validate_ShopCategoriesListScreen", ["package":PACKAGENAME]), 0): Element 'Object Repository/ShopOpen/Validate_ShopCategoriesListScreen' is exist

2018-12-12 18:29:31 - [MESSAGE][WARNING] - Timeout '0' is invalid. Using default page load timeout: '5'

2018-12-12 18:29:33 - [MESSAGE][PASSED] - Element 'Object Repository/ShopOpen/Validate_ShopCategoriesListScreen' is exist

2018-12-12 18:29:33 - [MESSAGE][PASSED] - Call Test Case 'Test Cases/ShopOpen/RemainingCategories/VisitRemainingCategoriesWithSKDNA' successfully

2018-12-12 18:29:34 - [MESSAGE][WARNING] - Timeout '0' is invalid. Using default page load timeout: '5'

2018-12-12 18:29:41 - [MESSAGE][WARNING] - Element 'Object Repository/CommonScreenElements/Validate_CameraScreen' not found
[[ATTACHMENT|F:\\Git Projects\\MMA_Merchandising\\MMA_Merchandising\\Reports\\MMA Merchandising With Category Level Overwrite Scenarios\\20181212_182651\\1544621380041.png]]

2018-12-12 18:29:41 - [MESSAGE][PASSED] - Actual text and expected text of test object 'Object Repository/ShopOpen/RemainingCategories/Validate_MainCategoryDetailScreen' are matched.

2018-12-12 18:29:42 - [TEST_CASE][PASSED] - Test Cases/ShopOpen/RemainingCategories/VisitRemainingCategoriesWithSKDNA: Test Cases/ShopOpen/RemainingCategories/VisitRemainingCategoriesWithSKDNA

2018-12-12 18:29:42 - [TEST_STEP][PASSED] - verifyElementText(findTestObject("ShopOpen/RemainingCategories/Validate_CategoryRemarksScreen", ["package":PACKAGENAME]), "CATEGORY REMARKS"): Actual text and expected text of test object 'Object Repository/ShopOpen/RemainingCategories/Validate_CategoryRemarksScreen' are matched.

2018-12-12 18:29:44 - [MESSAGE][PASSED] - Actual text and expected text of test object 'Object Repository/ShopOpen/RemainingCategories/Validate_CategoryRemarksScreen' are matched.

2018-12-12 18:29:44 - [TEST_STEP][PASSED] - com.ct.qa.keywords.CommonKeywords.visitSKDNA(): com.ct.qa.keywords.CommonKeywords.visitSKDNA is PASSED

2018-12-12 18:29:45 - [MESSAGE][PASSED] - com.ct.qa.keywords.CommonKeywords.visitSKDNA is PASSED

2018-12-12 18:29:45 - [TEST_STEP][PASSED] - tap(findTestObject("ShopOpen/RemainingCategories/CategoryRemarks_BackButton", ["package":PACKAGENAME]), 0): Tapped on element 'Object Repository/ShopOpen/RemainingCategories/CategoryRemarks_BackButton'

2018-12-12 18:29:45 - [MESSAGE][WARNING] - Timeout '0' is invalid. Using default page load timeout: '5'

2018-12-12 18:29:46 - [MESSAGE][PASSED] - Tapped on element 'Object Repository/ShopOpen/RemainingCategories/CategoryRemarks_BackButton'

2018-12-12 18:29:46 - [TEST_STEP][PASSED] - verifyElementText(findTestObject("ShopOpen/RemainingCategories/Validate_MainCategoryDetailScreen", ["package":PACKAGENAME]), "Display Space Available"): Actual text and expected text of test object 'Object Repository/ShopOpen/RemainingCategories/Validate_MainCategoryDetailScreen' are matched.

2018-12-12 18:29:47 - [MESSAGE][PASSED] - Actual text and expected text of test object 'Object Repository/ShopOpen/RemainingCategories/Validate_MainCategoryDetailScreen' are matched.

2018-12-12 18:29:47 - [TEST_STEP][PASSED] - tap(findTestObject("ShopOpen/RemainingCategories/RemainingCategory_BackButton", ["package":PACKAGENAME]), 0): Tapped on element 'Object Repository/ShopOpen/RemainingCategories/RemainingCategory_BackButton'

2018-12-12 18:29:47 - [MESSAGE][WARNING] - Timeout '0' is invalid. Using default page load timeout: '5'

2018-12-12 18:29:47 - [MESSAGE][PASSED] - Tapped on element 'Object Repository/ShopOpen/RemainingCategories/RemainingCategory_BackButton'

2018-12-12 18:29:47 - [TEST_STEP][PASSED] - verifyElementExist(findTestObject("ShopOpen/Validate_ShopCategoriesListScreen", ["package":PACKAGENAME]), 0): Element 'Object Repository/ShopOpen/Validate_ShopCategoriesListScreen' is exist

2018-12-12 18:29:47 - [MESSAGE][WARNING] - Timeout '0' is invalid. Using default page load timeout: '5'

2018-12-12 18:29:49 - [MESSAGE][PASSED] - Element 'Object Repository/ShopOpen/Validate_ShopCategoriesListScreen' is exist

2018-12-12 18:29:49 - [MESSAGE][PASSED] - Call Test Case 'Test Cases/ShopOpen/RemainingCategories/VisitRemainingCategoriesWithSKDNA' successfully

2018-12-12 18:29:49 - [MESSAGE][WARNING] - Timeout '0' is invalid. Using default page load timeout: '5'

2018-12-12 18:29:56 - [MESSAGE][WARNING] - Element 'Object Repository/CommonScreenElements/Validate_CameraScreen' not found
[[ATTACHMENT|F:\\Git Projects\\MMA_Merchandising\\MMA_Merchandising\\Reports\\MMA Merchandising With Category Level Overwrite Scenarios\\20181212_182651\\1544621395099.png]]

2018-12-12 18:29:56 - [MESSAGE][PASSED] - Actual text and expected text of test object 'Object Repository/ShopOpen/RemainingCategories/Validate_MainCategoryDetailScreen' are matched.

2018-12-12 18:29:57 - [TEST_CASE][PASSED] - Test Cases/ShopOpen/RemainingCategories/VisitRemainingCategoriesWithSKDNA: Test Cases/ShopOpen/RemainingCategories/VisitRemainingCategoriesWithSKDNA

2018-12-12 18:29:57 - [TEST_STEP][PASSED] - verifyElementText(findTestObject("ShopOpen/RemainingCategories/Validate_CategoryRemarksScreen", ["package":PACKAGENAME]), "CATEGORY REMARKS"): Actual text and expected text of test object 'Object Repository/ShopOpen/RemainingCategories/Validate_CategoryRemarksScreen' are matched.

2018-12-12 18:29:59 - [MESSAGE][PASSED] - Actual text and expected text of test object 'Object Repository/ShopOpen/RemainingCategories/Validate_CategoryRemarksScreen' are matched.

2018-12-12 18:29:59 - [TEST_STEP][PASSED] - com.ct.qa.keywords.CommonKeywords.visitSKDNA(): com.ct.qa.keywords.CommonKeywords.visitSKDNA is PASSED

2018-12-12 18:30:00 - [MESSAGE][PASSED] - com.ct.qa.keywords.CommonKeywords.visitSKDNA is PASSED

2018-12-12 18:30:00 - [TEST_STEP][PASSED] - tap(findTestObject("ShopOpen/RemainingCategories/CategoryRemarks_BackButton", ["package":PACKAGENAME]), 0): Tapped on element 'Object Repository/ShopOpen/RemainingCategories/CategoryRemarks_BackButton'

2018-12-12 18:30:00 - [MESSAGE][WARNING] - Timeout '0' is invalid. Using default page load timeout: '5'

2018-12-12 18:30:02 - [MESSAGE][PASSED] - Tapped on element 'Object Repository/ShopOpen/RemainingCategories/CategoryRemarks_BackButton'

2018-12-12 18:30:02 - [TEST_STEP][PASSED] - verifyElementText(findTestObject("ShopOpen/RemainingCategories/Validate_MainCategoryDetailScreen", ["package":PACKAGENAME]), "Display Space Available"): Actual text and expected text of test object 'Object Repository/ShopOpen/RemainingCategories/Validate_MainCategoryDetailScreen' are matched.

2018-12-12 18:30:03 - [MESSAGE][PASSED] - Actual text and expected text of test object 'Object Repository/ShopOpen/RemainingCategories/Validate_MainCategoryDetailScreen' are matched.

2018-12-12 18:30:03 - [TEST_STEP][PASSED] - tap(findTestObject("ShopOpen/RemainingCategories/RemainingCategory_BackButton", ["package":PACKAGENAME]), 0): Tapped on element 'Object Repository/ShopOpen/RemainingCategories/RemainingCategory_BackButton'

2018-12-12 18:30:03 - [MESSAGE][WARNING] - Timeout '0' is invalid. Using default page load timeout: '5'

2018-12-12 18:30:04 - [MESSAGE][PASSED] - Tapped on element 'Object Repository/ShopOpen/RemainingCategories/RemainingCategory_BackButton'

2018-12-12 18:30:04 - [TEST_STEP][PASSED] - verifyElementExist(findTestObject("ShopOpen/Validate_ShopCategoriesListScreen", ["package":PACKAGENAME]), 0): Element 'Object Repository/ShopOpen/Validate_ShopCategoriesListScreen' is exist

2018-12-12 18:30:04 - [MESSAGE][WARNING] - Timeout '0' is invalid. Using default page load timeout: '5'

2018-12-12 18:30:06 - [MESSAGE][PASSED] - Element 'Object Repository/ShopOpen/Validate_ShopCategoriesListScreen' is exist

2018-12-12 18:30:06 - [MESSAGE][PASSED] - Call Test Case 'Test Cases/ShopOpen/RemainingCategories/VisitRemainingCategoriesWithSKDNA' successfully

2018-12-12 18:30:06 - [MESSAGE][WARNING] - Timeout '0' is invalid. Using default page load timeout: '5'

2018-12-12 18:30:13 - [MESSAGE][WARNING] - Element 'Object Repository/CommonScreenElements/Validate_CameraScreen' not found
[[ATTACHMENT|F:\\Git Projects\\MMA_Merchandising\\MMA_Merchandising\\Reports\\MMA Merchandising With Category Level Overwrite Scenarios\\20181212_182651\\1544621412095.png]]

2018-12-12 18:30:13 - [MESSAGE][PASSED] - Actual text and expected text of test object 'Object Repository/ShopOpen/RemainingCategories/Validate_MainCategoryDetailScreen' are matched.

2018-12-12 18:30:14 - [TEST_CASE][PASSED] - Test Cases/ShopOpen/RemainingCategories/VisitRemainingCategoriesWithSKDNA: Test Cases/ShopOpen/RemainingCategories/VisitRemainingCategoriesWithSKDNA

2018-12-12 18:30:14 - [TEST_STEP][PASSED] - verifyElementText(findTestObject("ShopOpen/RemainingCategories/Validate_CategoryRemarksScreen", ["package":PACKAGENAME]), "CATEGORY REMARKS"): Actual text and expected text of test object 'Object Repository/ShopOpen/RemainingCategories/Validate_CategoryRemarksScreen' are matched.

2018-12-12 18:30:16 - [MESSAGE][PASSED] - Actual text and expected text of test object 'Object Repository/ShopOpen/RemainingCategories/Validate_CategoryRemarksScreen' are matched.

2018-12-12 18:30:16 - [TEST_STEP][PASSED] - com.ct.qa.keywords.CommonKeywords.visitSKDNA(): com.ct.qa.keywords.CommonKeywords.visitSKDNA is PASSED

2018-12-12 18:30:17 - [MESSAGE][PASSED] - com.ct.qa.keywords.CommonKeywords.visitSKDNA is PASSED

2018-12-12 18:30:17 - [TEST_STEP][PASSED] - tap(findTestObject("ShopOpen/RemainingCategories/CategoryRemarks_BackButton", ["package":PACKAGENAME]), 0): Tapped on element 'Object Repository/ShopOpen/RemainingCategories/CategoryRemarks_BackButton'

2018-12-12 18:30:17 - [MESSAGE][WARNING] - Timeout '0' is invalid. Using default page load timeout: '5'

2018-12-12 18:30:18 - [MESSAGE][PASSED] - Tapped on element 'Object Repository/ShopOpen/RemainingCategories/CategoryRemarks_BackButton'

2018-12-12 18:30:18 - [TEST_STEP][PASSED] - verifyElementText(findTestObject("ShopOpen/RemainingCategories/Validate_MainCategoryDetailScreen", ["package":PACKAGENAME]), "Display Space Available"): Actual text and expected text of test object 'Object Repository/ShopOpen/RemainingCategories/Validate_MainCategoryDetailScreen' are matched.

2018-12-12 18:30:19 - [MESSAGE][PASSED] - Actual text and expected text of test object 'Object Repository/ShopOpen/RemainingCategories/Validate_MainCategoryDetailScreen' are matched.

2018-12-12 18:30:19 - [TEST_STEP][PASSED] - tap(findTestObject("ShopOpen/RemainingCategories/RemainingCategory_BackButton", ["package":PACKAGENAME]), 0): Tapped on element 'Object Repository/ShopOpen/RemainingCategories/RemainingCategory_BackButton'

2018-12-12 18:30:19 - [MESSAGE][WARNING] - Timeout '0' is invalid. Using default page load timeout: '5'

2018-12-12 18:30:19 - [MESSAGE][PASSED] - Tapped on element 'Object Repository/ShopOpen/RemainingCategories/RemainingCategory_BackButton'

2018-12-12 18:30:19 - [TEST_STEP][PASSED] - verifyElementExist(findTestObject("ShopOpen/Validate_ShopCategoriesListScreen", ["package":PACKAGENAME]), 0): Element 'Object Repository/ShopOpen/Validate_ShopCategoriesListScreen' is exist

2018-12-12 18:30:19 - [MESSAGE][WARNING] - Timeout '0' is invalid. Using default page load timeout: '5'

2018-12-12 18:30:21 - [MESSAGE][PASSED] - Element 'Object Repository/ShopOpen/Validate_ShopCategoriesListScreen' is exist

2018-12-12 18:30:21 - [MESSAGE][PASSED] - Call Test Case 'Test Cases/ShopOpen/RemainingCategories/VisitRemainingCategoriesWithSKDNA' successfully

2018-12-12 18:30:21 - [MESSAGE][WARNING] - Timeout '0' is invalid. Using default page load timeout: '5'

2018-12-12 18:30:28 - [MESSAGE][WARNING] - Element 'Object Repository/CommonScreenElements/Validate_CameraScreen' not found
[[ATTACHMENT|F:\\Git Projects\\MMA_Merchandising\\MMA_Merchandising\\Reports\\MMA Merchandising With Category Level Overwrite Scenarios\\20181212_182651\\1544621426986.png]]

2018-12-12 18:30:28 - [MESSAGE][PASSED] - Actual text and expected text of test object 'Object Repository/ShopOpen/RemainingCategories/Validate_MainCategoryDetailScreen' are matched.

2018-12-12 18:30:29 - [TEST_CASE][PASSED] - Test Cases/ShopOpen/RemainingCategories/VisitRemainingCategoriesWithSKDNA: Test Cases/ShopOpen/RemainingCategories/VisitRemainingCategoriesWithSKDNA

2018-12-12 18:30:29 - [TEST_STEP][PASSED] - verifyElementText(findTestObject("ShopOpen/RemainingCategories/Validate_CategoryRemarksScreen", ["package":PACKAGENAME]), "CATEGORY REMARKS"): Actual text and expected text of test object 'Object Repository/ShopOpen/RemainingCategories/Validate_CategoryRemarksScreen' are matched.

2018-12-12 18:30:31 - [MESSAGE][PASSED] - Actual text and expected text of test object 'Object Repository/ShopOpen/RemainingCategories/Validate_CategoryRemarksScreen' are matched.

2018-12-12 18:30:31 - [TEST_STEP][PASSED] - com.ct.qa.keywords.CommonKeywords.visitSKDNA(): com.ct.qa.keywords.CommonKeywords.visitSKDNA is PASSED

2018-12-12 18:30:32 - [MESSAGE][PASSED] - com.ct.qa.keywords.CommonKeywords.visitSKDNA is PASSED

2018-12-12 18:30:32 - [TEST_STEP][PASSED] - tap(findTestObject("ShopOpen/RemainingCategories/CategoryRemarks_BackButton", ["package":PACKAGENAME]), 0): Tapped on element 'Object Repository/ShopOpen/RemainingCategories/CategoryRemarks_BackButton'

2018-12-12 18:30:32 - [MESSAGE][WARNING] - Timeout '0' is invalid. Using default page load timeout: '5'

2018-12-12 18:30:33 - [MESSAGE][PASSED] - Tapped on element 'Object Repository/ShopOpen/RemainingCategories/CategoryRemarks_BackButton'

2018-12-12 18:30:33 - [TEST_STEP][PASSED] - verifyElementText(findTestObject("ShopOpen/RemainingCategories/Validate_MainCategoryDetailScreen", ["package":PACKAGENAME]), "Display Space Available"): Actual text and expected text of test object 'Object Repository/ShopOpen/RemainingCategories/Validate_MainCategoryDetailScreen' are matched.

2018-12-12 18:30:34 - [MESSAGE][PASSED] - Actual text and expected text of test object 'Object Repository/ShopOpen/RemainingCategories/Validate_MainCategoryDetailScreen' are matched.

2018-12-12 18:30:34 - [TEST_STEP][PASSED] - tap(findTestObject("ShopOpen/RemainingCategories/RemainingCategory_BackButton", ["package":PACKAGENAME]), 0): Tapped on element 'Object Repository/ShopOpen/RemainingCategories/RemainingCategory_BackButton'

2018-12-12 18:30:34 - [MESSAGE][WARNING] - Timeout '0' is invalid. Using default page load timeout: '5'

2018-12-12 18:30:34 - [MESSAGE][PASSED] - Tapped on element 'Object Repository/ShopOpen/RemainingCategories/RemainingCategory_BackButton'

2018-12-12 18:30:34 - [TEST_STEP][PASSED] - verifyElementExist(findTestObject("ShopOpen/Validate_ShopCategoriesListScreen", ["package":PACKAGENAME]), 0): Element 'Object Repository/ShopOpen/Validate_ShopCategoriesListScreen' is exist

2018-12-12 18:30:34 - [MESSAGE][WARNING] - Timeout '0' is invalid. Using default page load timeout: '5'

2018-12-12 18:30:36 - [MESSAGE][PASSED] - Element 'Object Repository/ShopOpen/Validate_ShopCategoriesListScreen' is exist

2018-12-12 18:30:36 - [MESSAGE][PASSED] - Call Test Case 'Test Cases/ShopOpen/RemainingCategories/VisitRemainingCategoriesWithSKDNA' successfully

2018-12-12 18:30:37 - [MESSAGE][PASSED] - Swiped from 0,293 to 0,200

2018-12-12 18:30:40 - [MESSAGE][WARNING] - Timeout '0' is invalid. Using default page load timeout: '5'

2018-12-12 18:30:46 - [MESSAGE][WARNING] - Element 'Object Repository/CommonScreenElements/Validate_CameraScreen' not found
[[ATTACHMENT|F:\\Git Projects\\MMA_Merchandising\\MMA_Merchandising\\Reports\\MMA Merchandising With Category Level Overwrite Scenarios\\20181212_182651\\1544621445979.png]]

2018-12-12 18:30:47 - [MESSAGE][PASSED] - Actual text and expected text of test object 'Object Repository/ShopOpen/RemainingCategories/Validate_MainCategoryDetailScreen' are matched.

2018-12-12 18:30:48 - [TEST_CASE][PASSED] - Test Cases/ShopOpen/RemainingCategories/VisitRemainingCategoriesWithSKDNA: Test Cases/ShopOpen/RemainingCategories/VisitRemainingCategoriesWithSKDNA

2018-12-12 18:30:48 - [TEST_STEP][PASSED] - verifyElementText(findTestObject("ShopOpen/RemainingCategories/Validate_CategoryRemarksScreen", ["package":PACKAGENAME]), "CATEGORY REMARKS"): Actual text and expected text of test object 'Object Repository/ShopOpen/RemainingCategories/Validate_CategoryRemarksScreen' are matched.

2018-12-12 18:30:50 - [MESSAGE][PASSED] - Actual text and expected text of test object 'Object Repository/ShopOpen/RemainingCategories/Validate_CategoryRemarksScreen' are matched.

2018-12-12 18:30:50 - [TEST_STEP][PASSED] - com.ct.qa.keywords.CommonKeywords.visitSKDNA(): com.ct.qa.keywords.CommonKeywords.visitSKDNA is PASSED

2018-12-12 18:30:51 - [MESSAGE][PASSED] - com.ct.qa.keywords.CommonKeywords.visitSKDNA is PASSED

2018-12-12 18:30:51 - [TEST_STEP][PASSED] - tap(findTestObject("ShopOpen/RemainingCategories/CategoryRemarks_BackButton", ["package":PACKAGENAME]), 0): Tapped on element 'Object Repository/ShopOpen/RemainingCategories/CategoryRemarks_BackButton'

2018-12-12 18:30:51 - [MESSAGE][WARNING] - Timeout '0' is invalid. Using default page load timeout: '5'

2018-12-12 18:30:52 - [MESSAGE][PASSED] - Tapped on element 'Object Repository/ShopOpen/RemainingCategories/CategoryRemarks_BackButton'

2018-12-12 18:30:52 - [TEST_STEP][PASSED] - verifyElementText(findTestObject("ShopOpen/RemainingCategories/Validate_MainCategoryDetailScreen", ["package":PACKAGENAME]), "Display Space Available"): Actual text and expected text of test object 'Object Repository/ShopOpen/RemainingCategories/Validate_MainCategoryDetailScreen' are matched.

2018-12-12 18:30:53 - [MESSAGE][PASSED] - Actual text and expected text of test object 'Object Repository/ShopOpen/RemainingCategories/Validate_MainCategoryDetailScreen' are matched.

2018-12-12 18:30:53 - [TEST_STEP][PASSED] - tap(findTestObject("ShopOpen/RemainingCategories/RemainingCategory_BackButton", ["package":PACKAGENAME]), 0): Tapped on element 'Object Repository/ShopOpen/RemainingCategories/RemainingCategory_BackButton'

2018-12-12 18:30:53 - [MESSAGE][WARNING] - Timeout '0' is invalid. Using default page load timeout: '5'

2018-12-12 18:30:53 - [MESSAGE][PASSED] - Tapped on element 'Object Repository/ShopOpen/RemainingCategories/RemainingCategory_BackButton'

2018-12-12 18:30:53 - [TEST_STEP][PASSED] - verifyElementExist(findTestObject("ShopOpen/Validate_ShopCategoriesListScreen", ["package":PACKAGENAME]), 0): Element 'Object Repository/ShopOpen/Validate_ShopCategoriesListScreen' is exist

2018-12-12 18:30:53 - [MESSAGE][WARNING] - Timeout '0' is invalid. Using default page load timeout: '5'

2018-12-12 18:30:55 - [MESSAGE][PASSED] - Element 'Object Repository/ShopOpen/Validate_ShopCategoriesListScreen' is exist

2018-12-12 18:30:55 - [MESSAGE][PASSED] - Call Test Case 'Test Cases/ShopOpen/RemainingCategories/VisitRemainingCategoriesWithSKDNA' successfully

2018-12-12 18:30:55 - [MESSAGE][PASSED] - Swiped from 0,293 to 0,200

2018-12-12 18:30:59 - [MESSAGE][PASSED] - Swiped from 0,293 to 0,200

2018-12-12 18:31:01 - [MESSAGE][WARNING] - Timeout '0' is invalid. Using default page load timeout: '5'

2018-12-12 18:31:08 - [MESSAGE][WARNING] - Element 'Object Repository/CommonScreenElements/Validate_CameraScreen' not found
[[ATTACHMENT|F:\\Git Projects\\MMA_Merchandising\\MMA_Merchandising\\Reports\\MMA Merchandising With Category Level Overwrite Scenarios\\20181212_182651\\1544621467012.png]]

2018-12-12 18:31:08 - [MESSAGE][PASSED] - Actual text and expected text of test object 'Object Repository/ShopOpen/RemainingCategories/Validate_MainCategoryDetailScreen' are matched.

2018-12-12 18:31:09 - [TEST_CASE][PASSED] - Test Cases/ShopOpen/RemainingCategories/VisitRemainingCategoriesWithSKDNA: Test Cases/ShopOpen/RemainingCategories/VisitRemainingCategoriesWithSKDNA

2018-12-12 18:31:09 - [TEST_STEP][PASSED] - verifyElementText(findTestObject("ShopOpen/RemainingCategories/Validate_CategoryRemarksScreen", ["package":PACKAGENAME]), "CATEGORY REMARKS"): Actual text and expected text of test object 'Object Repository/ShopOpen/RemainingCategories/Validate_CategoryRemarksScreen' are matched.

2018-12-12 18:31:11 - [MESSAGE][PASSED] - Actual text and expected text of test object 'Object Repository/ShopOpen/RemainingCategories/Validate_CategoryRemarksScreen' are matched.

2018-12-12 18:31:11 - [TEST_STEP][PASSED] - com.ct.qa.keywords.CommonKeywords.visitSKDNA(): com.ct.qa.keywords.CommonKeywords.visitSKDNA is PASSED

2018-12-12 18:31:12 - [MESSAGE][PASSED] - com.ct.qa.keywords.CommonKeywords.visitSKDNA is PASSED

2018-12-12 18:31:12 - [TEST_STEP][PASSED] - tap(findTestObject("ShopOpen/RemainingCategories/CategoryRemarks_BackButton", ["package":PACKAGENAME]), 0): Tapped on element 'Object Repository/ShopOpen/RemainingCategories/CategoryRemarks_BackButton'

2018-12-12 18:31:12 - [MESSAGE][WARNING] - Timeout '0' is invalid. Using default page load timeout: '5'

2018-12-12 18:31:13 - [MESSAGE][PASSED] - Tapped on element 'Object Repository/ShopOpen/RemainingCategories/CategoryRemarks_BackButton'

2018-12-12 18:31:13 - [TEST_STEP][PASSED] - verifyElementText(findTestObject("ShopOpen/RemainingCategories/Validate_MainCategoryDetailScreen", ["package":PACKAGENAME]), "Display Space Available"): Actual text and expected text of test object 'Object Repository/ShopOpen/RemainingCategories/Validate_MainCategoryDetailScreen' are matched.

2018-12-12 18:31:14 - [MESSAGE][PASSED] - Actual text and expected text of test object 'Object Repository/ShopOpen/RemainingCategories/Validate_MainCategoryDetailScreen' are matched.

2018-12-12 18:31:14 - [TEST_STEP][PASSED] - tap(findTestObject("ShopOpen/RemainingCategories/RemainingCategory_BackButton", ["package":PACKAGENAME]), 0): Tapped on element 'Object Repository/ShopOpen/RemainingCategories/RemainingCategory_BackButton'

2018-12-12 18:31:14 - [MESSAGE][WARNING] - Timeout '0' is invalid. Using default page load timeout: '5'

2018-12-12 18:31:14 - [MESSAGE][PASSED] - Tapped on element 'Object Repository/ShopOpen/RemainingCategories/RemainingCategory_BackButton'

2018-12-12 18:31:14 - [TEST_STEP][PASSED] - verifyElementExist(findTestObject("ShopOpen/Validate_ShopCategoriesListScreen", ["package":PACKAGENAME]), 0): Element 'Object Repository/ShopOpen/Validate_ShopCategoriesListScreen' is exist

2018-12-12 18:31:14 - [MESSAGE][WARNING] - Timeout '0' is invalid. Using default page load timeout: '5'

2018-12-12 18:31:16 - [MESSAGE][PASSED] - Element 'Object Repository/ShopOpen/Validate_ShopCategoriesListScreen' is exist

2018-12-12 18:31:16 - [MESSAGE][PASSED] - Call Test Case 'Test Cases/ShopOpen/RemainingCategories/VisitRemainingCategoriesWithSKDNA' successfully

2018-12-12 18:31:16 - [MESSAGE][PASSED] - Swiped from 0,293 to 0,200

2018-12-12 18:31:19 - [MESSAGE][PASSED] - Swiped from 0,293 to 0,200

2018-12-12 18:31:22 - [MESSAGE][PASSED] - Swiped from 0,293 to 0,200

2018-12-12 18:31:24 - [MESSAGE][WARNING] - Timeout '0' is invalid. Using default page load timeout: '5'

2018-12-12 18:31:31 - [MESSAGE][WARNING] - Element 'Object Repository/CommonScreenElements/Validate_CameraScreen' not found
[[ATTACHMENT|F:\\Git Projects\\MMA_Merchandising\\MMA_Merchandising\\Reports\\MMA Merchandising With Category Level Overwrite Scenarios\\20181212_182651\\1544621490082.png]]

2018-12-12 18:31:31 - [MESSAGE][PASSED] - Actual text and expected text of test object 'Object Repository/ShopOpen/RemainingCategories/Validate_MainCategoryDetailScreen' are matched.

2018-12-12 18:31:32 - [TEST_CASE][PASSED] - Test Cases/ShopOpen/RemainingCategories/VisitRemainingCategoriesWithSKDNA: Test Cases/ShopOpen/RemainingCategories/VisitRemainingCategoriesWithSKDNA

2018-12-12 18:31:32 - [TEST_STEP][PASSED] - verifyElementText(findTestObject("ShopOpen/RemainingCategories/Validate_CategoryRemarksScreen", ["package":PACKAGENAME]), "CATEGORY REMARKS"): Actual text and expected text of test object 'Object Repository/ShopOpen/RemainingCategories/Validate_CategoryRemarksScreen' are matched.

2018-12-12 18:31:34 - [MESSAGE][PASSED] - Actual text and expected text of test object 'Object Repository/ShopOpen/RemainingCategories/Validate_CategoryRemarksScreen' are matched.

2018-12-12 18:31:34 - [TEST_STEP][PASSED] - com.ct.qa.keywords.CommonKeywords.visitSKDNA(): com.ct.qa.keywords.CommonKeywords.visitSKDNA is PASSED

2018-12-12 18:31:35 - [MESSAGE][PASSED] - com.ct.qa.keywords.CommonKeywords.visitSKDNA is PASSED

2018-12-12 18:31:35 - [TEST_STEP][PASSED] - tap(findTestObject("ShopOpen/RemainingCategories/CategoryRemarks_BackButton", ["package":PACKAGENAME]), 0): Tapped on element 'Object Repository/ShopOpen/RemainingCategories/CategoryRemarks_BackButton'

2018-12-12 18:31:35 - [MESSAGE][WARNING] - Timeout '0' is invalid. Using default page load timeout: '5'

2018-12-12 18:31:36 - [MESSAGE][PASSED] - Tapped on element 'Object Repository/ShopOpen/RemainingCategories/CategoryRemarks_BackButton'

2018-12-12 18:31:36 - [TEST_STEP][PASSED] - verifyElementText(findTestObject("ShopOpen/RemainingCategories/Validate_MainCategoryDetailScreen", ["package":PACKAGENAME]), "Display Space Available"): Actual text and expected text of test object 'Object Repository/ShopOpen/RemainingCategories/Validate_MainCategoryDetailScreen' are matched.

2018-12-12 18:31:37 - [MESSAGE][PASSED] - Actual text and expected text of test object 'Object Repository/ShopOpen/RemainingCategories/Validate_MainCategoryDetailScreen' are matched.

2018-12-12 18:31:37 - [TEST_STEP][PASSED] - tap(findTestObject("ShopOpen/RemainingCategories/RemainingCategory_BackButton", ["package":PACKAGENAME]), 0): Tapped on element 'Object Repository/ShopOpen/RemainingCategories/RemainingCategory_BackButton'

2018-12-12 18:31:37 - [MESSAGE][WARNING] - Timeout '0' is invalid. Using default page load timeout: '5'

2018-12-12 18:31:37 - [MESSAGE][PASSED] - Tapped on element 'Object Repository/ShopOpen/RemainingCategories/RemainingCategory_BackButton'

2018-12-12 18:31:37 - [TEST_STEP][PASSED] - verifyElementExist(findTestObject("ShopOpen/Validate_ShopCategoriesListScreen", ["package":PACKAGENAME]), 0): Element 'Object Repository/ShopOpen/Validate_ShopCategoriesListScreen' is exist

2018-12-12 18:31:37 - [MESSAGE][WARNING] - Timeout '0' is invalid. Using default page load timeout: '5'

2018-12-12 18:31:39 - [MESSAGE][PASSED] - Element 'Object Repository/ShopOpen/Validate_ShopCategoriesListScreen' is exist

2018-12-12 18:31:39 - [MESSAGE][PASSED] - Call Test Case 'Test Cases/ShopOpen/RemainingCategories/VisitRemainingCategoriesWithSKDNA' successfully

2018-12-12 18:31:39 - [MESSAGE][PASSED] - Swiped from 0,293 to 0,200

2018-12-12 18:31:41 - [MESSAGE][PASSED] - Swiped from 0,293 to 0,200

2018-12-12 18:31:44 - [MESSAGE][PASSED] - Swiped from 0,293 to 0,200

2018-12-12 18:31:47 - [MESSAGE][PASSED] - Swiped from 0,293 to 0,200

2018-12-12 18:31:50 - [TEST_CASE][PASSED] - Test Cases/ShopOpen/RTMVisitFrequency/VisitRTMVisitFrequency: Test Cases/ShopOpen/RTMVisitFrequency/VisitRTMVisitFrequency

2018-12-12 18:31:50 - [TEST_STEP][PASSED] - verifyElementText(findTestObject("ShopOpen/RTMVisitFrequency/Validate_RTMVisitFrequencyScreen", ["package":PACKAGENAME]), "Options"): Actual text and expected text of test object 'Object Repository/ShopOpen/RTMVisitFrequency/Validate_RTMVisitFrequencyScreen' are matched.

2018-12-12 18:31:52 - [MESSAGE][PASSED] - Actual text and expected text of test object 'Object Repository/ShopOpen/RTMVisitFrequency/Validate_RTMVisitFrequencyScreen' are matched.

2018-12-12 18:31:52 - [TEST_STEP][PASSED] - com.ct.qa.keywords.RTMVisitFrequencyKeywords.visitRTMVisitFrequency(): com.ct.qa.keywords.RTMVisitFrequencyKeywords.visitRTMVisitFrequency is PASSED

2018-12-12 18:31:52 - [MESSAGE][WARNING] - Timeout '0' is invalid. Using default page load timeout: '5'

2018-12-12 18:31:54 - [MESSAGE][PASSED] - Element 'Object Repository/ShopOpen/RTMVisitFrequency/Validate_RTMVisitFrequencyRemarks' is exist

2018-12-12 18:31:56 - [MESSAGE][PASSED] - Actual text and expected text of test object 'Object Repository/ShopOpen/RTMVisitFrequency/Validate_RTMVisitFrequencyScreen' are matched.

2018-12-12 18:31:56 - [MESSAGE][WARNING] - Timeout '0' is invalid. Using default page load timeout: '5'

2018-12-12 18:31:57 - [MESSAGE][PASSED] - Element 'Object Repository/ShopOpen/RTMVisitFrequency/Validate_RTMVisitFrequencyRemarks' is exist

2018-12-12 18:32:00 - [MESSAGE][PASSED] - Actual text and expected text of test object 'Object Repository/ShopOpen/RTMVisitFrequency/Validate_RTMVisitFrequencyScreen' are matched.

2018-12-12 18:32:00 - [MESSAGE][WARNING] - Timeout '0' is invalid. Using default page load timeout: '5'

2018-12-12 18:32:01 - [MESSAGE][PASSED] - Element 'Object Repository/ShopOpen/RTMVisitFrequency/Validate_RTMVisitFrequencyRemarks' is exist

2018-12-12 18:32:04 - [MESSAGE][PASSED] - Actual text and expected text of test object 'Object Repository/ShopOpen/RTMVisitFrequency/Validate_RTMVisitFrequencyScreen' are matched.

2018-12-12 18:32:04 - [MESSAGE][WARNING] - Timeout '0' is invalid. Using default page load timeout: '5'

2018-12-12 18:32:05 - [MESSAGE][PASSED] - Element 'Object Repository/ShopOpen/RTMVisitFrequency/Validate_RTMVisitFrequencyRemarks' is exist

2018-12-12 18:32:08 - [MESSAGE][PASSED] - Actual text and expected text of test object 'Object Repository/ShopOpen/RTMVisitFrequency/Validate_RTMVisitFrequencyScreen' are matched.

2018-12-12 18:32:08 - [MESSAGE][PASSED] - com.ct.qa.keywords.RTMVisitFrequencyKeywords.visitRTMVisitFrequency is PASSED

2018-12-12 18:32:08 - [TEST_STEP][PASSED] - tap(findTestObject("ShopOpen/RTMVisitFrequency/BackButton", ["package":PACKAGENAME]), 0): Tapped on element 'Object Repository/ShopOpen/RTMVisitFrequency/BackButton'

2018-12-12 18:32:08 - [MESSAGE][WARNING] - Timeout '0' is invalid. Using default page load timeout: '5'

2018-12-12 18:32:10 - [MESSAGE][PASSED] - Tapped on element 'Object Repository/ShopOpen/RTMVisitFrequency/BackButton'

2018-12-12 18:32:10 - [TEST_STEP][PASSED] - verifyElementExist(findTestObject("ShopOpen/Validate_ShopCategoriesListScreen", ["package":PACKAGENAME]), 0): Element 'Object Repository/ShopOpen/Validate_ShopCategoriesListScreen' is exist

2018-12-12 18:32:10 - [MESSAGE][WARNING] - Timeout '0' is invalid. Using default page load timeout: '5'

2018-12-12 18:32:11 - [MESSAGE][PASSED] - Element 'Object Repository/ShopOpen/Validate_ShopCategoriesListScreen' is exist

2018-12-12 18:32:11 - [MESSAGE][PASSED] - Call Test Case 'Test Cases/ShopOpen/RTMVisitFrequency/VisitRTMVisitFrequency' successfully

2018-12-12 18:32:12 - [MESSAGE][PASSED] - Swiped from 0,293 to 0,200

2018-12-12 18:32:14 - [MESSAGE][PASSED] - Swiped from 0,293 to 0,200

2018-12-12 18:32:16 - [MESSAGE][PASSED] - Swiped from 0,293 to 0,200

2018-12-12 18:32:18 - [MESSAGE][PASSED] - Swiped from 0,293 to 0,200

2018-12-12 18:32:21 - [MESSAGE][PASSED] - Swiped from 0,293 to 0,200

2018-12-12 18:32:23 - [TEST_CASE][PASSED] - Test Cases/ShopOpen/POPApplication/OverwritePOPApplication: Test Cases/ShopOpen/POPApplication/OverwritePOPApplication

2018-12-12 18:32:24 - [TEST_STEP][PASSED] - verifyElementText(findTestObject("ShopOpen/POPApplication/Validate_POPApplicationDetailScreen", ["package":PACKAGENAME]), "KPI :POP Application"): Actual text and expected text of test object 'Object Repository/ShopOpen/POPApplication/Validate_POPApplicationDetailScreen' are matched.

2018-12-12 18:32:25 - [MESSAGE][PASSED] - Actual text and expected text of test object 'Object Repository/ShopOpen/POPApplication/Validate_POPApplicationDetailScreen' are matched.

2018-12-12 18:32:25 - [TEST_STEP][PASSED] - tap(findTestObject("ShopOpen/POPApplication/POPDeployment_No", ["package":PACKAGENAME]), 0): Tapped on element 'Object Repository/ShopOpen/POPApplication/POPDeployment_No'

2018-12-12 18:32:25 - [MESSAGE][WARNING] - Timeout '0' is invalid. Using default page load timeout: '5'

2018-12-12 18:32:25 - [MESSAGE][PASSED] - Tapped on element 'Object Repository/ShopOpen/POPApplication/POPDeployment_No'

2018-12-12 18:32:25 - [TEST_STEP][PASSED] - pressBack(): Press back button successfully

2018-12-12 18:32:26 - [MESSAGE][PASSED] - Press back button successfully

2018-12-12 18:32:26 - [TEST_STEP][PASSED] - verifyElementExist(findTestObject("ShopOpen/Validate_ShopCategoriesListScreen", ["package":PACKAGENAME]), 0): Element 'Object Repository/ShopOpen/Validate_ShopCategoriesListScreen' is exist

2018-12-12 18:32:26 - [MESSAGE][WARNING] - Timeout '0' is invalid. Using default page load timeout: '5'

2018-12-12 18:32:27 - [MESSAGE][PASSED] - Element 'Object Repository/ShopOpen/Validate_ShopCategoriesListScreen' is exist

2018-12-12 18:32:27 - [MESSAGE][PASSED] - Call Test Case 'Test Cases/ShopOpen/POPApplication/OverwritePOPApplication' successfully

2018-12-12 18:32:27 - [MESSAGE][PASSED] - Swiped from 0,293 to 0,200

2018-12-12 18:32:30 - [MESSAGE][PASSED] - Swiped from 0,293 to 0,200

2018-12-12 18:32:32 - [MESSAGE][PASSED] - Swiped from 0,293 to 0,200

2018-12-12 18:32:34 - [MESSAGE][PASSED] - Swiped from 0,293 to 0,200

2018-12-12 18:32:36 - [MESSAGE][PASSED] - Swiped from 0,293 to 0,200

2018-12-12 18:32:40 - [MESSAGE][PASSED] - Swiped from 0,293 to 0,200

2018-12-12 18:32:42 - [TEST_CASE][PASSED] - Test Cases/ShopOpen/RetailerRemarks/VisitRetailerRemarks: Test Cases/ShopOpen/RetailerRemarks/VisitRetailerRemarks

2018-12-12 18:32:42 - [TEST_STEP][PASSED] - verifyElementText(findTestObject("ShopOpen/RetailerRemarks/Validate_RetailerRemarksScreen", ["package":PACKAGENAME]), "KPI: Retailer Remarks"): Actual text and expected text of test object 'Object Repository/ShopOpen/RetailerRemarks/Validate_RetailerRemarksScreen' are matched.

2018-12-12 18:32:44 - [MESSAGE][PASSED] - Actual text and expected text of test object 'Object Repository/ShopOpen/RetailerRemarks/Validate_RetailerRemarksScreen' are matched.

2018-12-12 18:32:44 - [TEST_STEP][PASSED] - com.ct.qa.keywords.RetailerRemarksKeywords.visitRetailerRemarks(): com.ct.qa.keywords.RetailerRemarksKeywords.visitRetailerRemarks is PASSED

2018-12-12 18:32:45 - [MESSAGE][WARNING] - Timeout '0' is invalid. Using default page load timeout: '5'

2018-12-12 18:32:47 - [MESSAGE][PASSED] - Element 'Object Repository/ShopOpen/RetailerRemarks/Validate_RetailerRemarks_RemarksScreen' is exist

2018-12-12 18:32:49 - [MESSAGE][PASSED] - Press back button successfully

2018-12-12 18:32:50 - [MESSAGE][PASSED] - Actual text and expected text of test object 'Object Repository/ShopOpen/RetailerRemarks/Validate_RetailerRemarksScreen' are matched.

2018-12-12 18:32:50 - [MESSAGE][WARNING] - Timeout '0' is invalid. Using default page load timeout: '5'

2018-12-12 18:32:52 - [MESSAGE][PASSED] - Element 'Object Repository/ShopOpen/RetailerRemarks/Validate_RetailerRemarks_RemarksScreen' is exist

2018-12-12 18:32:54 - [MESSAGE][PASSED] - Press back button successfully

2018-12-12 18:32:55 - [MESSAGE][PASSED] - Actual text and expected text of test object 'Object Repository/ShopOpen/RetailerRemarks/Validate_RetailerRemarksScreen' are matched.

2018-12-12 18:32:55 - [MESSAGE][WARNING] - Timeout '0' is invalid. Using default page load timeout: '5'

2018-12-12 18:32:57 - [MESSAGE][PASSED] - Element 'Object Repository/ShopOpen/RetailerRemarks/Validate_RetailerRemarks_RemarksScreen' is exist

2018-12-12 18:32:59 - [MESSAGE][PASSED] - Press back button successfully

2018-12-12 18:33:00 - [MESSAGE][PASSED] - Actual text and expected text of test object 'Object Repository/ShopOpen/RetailerRemarks/Validate_RetailerRemarksScreen' are matched.

2018-12-12 18:33:00 - [MESSAGE][PASSED] - com.ct.qa.keywords.RetailerRemarksKeywords.visitRetailerRemarks is PASSED

2018-12-12 18:33:00 - [TEST_STEP][PASSED] - tap(findTestObject("ShopOpen/RetailerRemarks/BackButton", ["package":PACKAGENAME]), 0): Tapped on element 'Object Repository/ShopOpen/RetailerRemarks/BackButton'

2018-12-12 18:33:00 - [MESSAGE][WARNING] - Timeout '0' is invalid. Using default page load timeout: '5'

2018-12-12 18:33:00 - [MESSAGE][PASSED] - Tapped on element 'Object Repository/ShopOpen/RetailerRemarks/BackButton'

2018-12-12 18:33:00 - [TEST_STEP][PASSED] - verifyElementExist(findTestObject("ShopOpen/Validate_ShopCategoriesListScreen", ["package":PACKAGENAME]), 0): Element 'Object Repository/ShopOpen/Validate_ShopCategoriesListScreen' is exist

2018-12-12 18:33:00 - [MESSAGE][WARNING] - Timeout '0' is invalid. Using default page load timeout: '5'

2018-12-12 18:33:02 - [MESSAGE][PASSED] - Element 'Object Repository/ShopOpen/Validate_ShopCategoriesListScreen' is exist

2018-12-12 18:33:02 - [MESSAGE][PASSED] - Call Test Case 'Test Cases/ShopOpen/RetailerRemarks/VisitRetailerRemarks' successfully

2018-12-12 18:33:02 - [MESSAGE][PASSED] - Swiped from 0,293 to 0,200

2018-12-12 18:33:05 - [MESSAGE][PASSED] - Swiped from 0,293 to 0,200

2018-12-12 18:33:07 - [MESSAGE][PASSED] - Swiped from 0,293 to 0,200

2018-12-12 18:33:09 - [MESSAGE][PASSED] - Swiped from 0,293 to 0,200

2018-12-12 18:33:11 - [MESSAGE][PASSED] - Swiped from 0,293 to 0,200

2018-12-12 18:33:13 - [MESSAGE][PASSED] - Swiped from 0,293 to 0,200

2018-12-12 18:33:16 - [MESSAGE][PASSED] - Swiped from 0,293 to 0,200

2018-12-12 18:33:19 - [TEST_CASE][PASSED] - Test Cases/ShopOpen/AdditionalPicture/VisitAdditionalPicture: Test Cases/ShopOpen/AdditionalPicture/VisitAdditionalPicture

2018-12-12 18:33:19 - [TEST_STEP][PASSED] - verifyElementText(findTestObject("ShopOpen/AdditionalPicture/Validate_AdditionalPictureScreen", ["package":PACKAGENAME]), "Additional Picture"): Actual text and expected text of test object 'Object Repository/ShopOpen/AdditionalPicture/Validate_AdditionalPictureScreen' are matched.

2018-12-12 18:33:21 - [MESSAGE][PASSED] - Actual text and expected text of test object 'Object Repository/ShopOpen/AdditionalPicture/Validate_AdditionalPictureScreen' are matched.

2018-12-12 18:33:21 - [TEST_STEP][PASSED] - com.ct.qa.keywords.AdditionalPictureKeywords.takeMendatoryImages(): com.ct.qa.keywords.AdditionalPictureKeywords.takeMendatoryImages is PASSED

2018-12-12 18:33:22 - [MESSAGE][WARNING] - Timeout '0' is invalid. Using default page load timeout: '5'

2018-12-12 18:33:24 - [MESSAGE][PASSED] - Element 'Object Repository/CommonScreenElements/Validate_CameraScreen' is exist

2018-12-12 18:33:24 - [MESSAGE][WARNING] - Timeout '0' is invalid. Using default page load timeout: '5'

2018-12-12 18:33:28 - [MESSAGE][PASSED] - Tapped on element 'Object Repository/CommonScreenElements/TakePictureButton'

2018-12-12 18:33:33 - [MESSAGE][PASSED] - Delayed 5 second(s)

2018-12-12 18:33:33 - [MESSAGE][WARNING] - Timeout '0' is invalid. Using default page load timeout: '5'

2018-12-12 18:33:33 - [MESSAGE][PASSED] - Tapped on element 'Object Repository/CommonScreenElements/DoneButton'

2018-12-12 18:33:33 - [MESSAGE][PASSED] - com.ct.qa.keywords.AdditionalPictureKeywords.takeMendatoryImages is PASSED

2018-12-12 18:33:33 - [TEST_STEP][PASSED] - pressBack(): Press back button successfully

2018-12-12 18:33:35 - [MESSAGE][PASSED] - Press back button successfully

2018-12-12 18:33:35 - [TEST_STEP][PASSED] - verifyElementExist(findTestObject("ShopOpen/Validate_ShopCategoriesListScreen", ["package":PACKAGENAME]), 0): Element 'Object Repository/ShopOpen/Validate_ShopCategoriesListScreen' is exist

2018-12-12 18:33:35 - [MESSAGE][WARNING] - Timeout '0' is invalid. Using default page load timeout: '5'

2018-12-12 18:33:37 - [MESSAGE][PASSED] - Element 'Object Repository/ShopOpen/Validate_ShopCategoriesListScreen' is exist

2018-12-12 18:33:37 - [MESSAGE][PASSED] - Call Test Case 'Test Cases/ShopOpen/AdditionalPicture/VisitAdditionalPicture' successfully

2018-12-12 18:33:37 - [MESSAGE][PASSED] - Swiped from 0,293 to 0,200

2018-12-12 18:33:40 - [MESSAGE][PASSED] - Swiped from 0,293 to 0,200

2018-12-12 18:33:42 - [MESSAGE][PASSED] - Swiped from 0,293 to 0,200

2018-12-12 18:33:45 - [MESSAGE][PASSED] - Swiped from 0,293 to 0,200

2018-12-12 18:33:47 - [MESSAGE][PASSED] - Swiped from 0,293 to 0,200

2018-12-12 18:33:49 - [MESSAGE][PASSED] - Swiped from 0,293 to 0,200

2018-12-12 18:33:51 - [MESSAGE][PASSED] - Swiped from 0,293 to 0,200

2018-12-12 18:33:54 - [MESSAGE][PASSED] - Swiped from 0,293 to 0,200

2018-12-12 18:33:56 - [MESSAGE][PASSED] - com.ct.qa.keywords.CategoryVisitingScenariosKeywords.visitShopCategoriesWithOverwriteScenarios is PASSED

2018-12-12 18:33:56 - [MESSAGE][PASSED] - Call Test Case 'Test Cases/ShopOpen/VisitCategoryScenarios/VisitShopCategoriesWithOverwriteScenarios' successfully

2018-12-12 18:33:56 - [TEST_CASE][PASSED] - Test Cases/ShopOpen/VisitCategoryScenariosWithOverwritePopUp/VisitShopCategoriesWithOverwriteScenarios: Test Cases/ShopOpen/VisitCategoryScenariosWithOverwritePopUp/VisitShopCategoriesWithOverwriteScenarios

2018-12-12 18:33:56 - [TEST_STEP][PASSED] - verifyElementExist(findTestObject("ShopOpen/Validate_ShopCategoriesListScreen", ["package":PACKAGENAME]), 0): Element 'Object Repository/ShopOpen/Validate_ShopCategoriesListScreen' is exist

2018-12-12 18:33:56 - [MESSAGE][WARNING] - Timeout '0' is invalid. Using default page load timeout: '5'

2018-12-12 18:33:57 - [MESSAGE][PASSED] - Element 'Object Repository/ShopOpen/Validate_ShopCategoriesListScreen' is exist

2018-12-12 18:33:57 - [TEST_STEP][PASSED] - com.ct.qa.keywords.CategoryVisitingScenariosWithOverwritePopUpKeywords.visitShopCategoriesWithOverwriteScenarios(): com.ct.qa.keywords.CategoryVisitingScenariosWithOverwritePopUpKeywords.visitShopCategoriesWithOverwriteScenarios is PASSED

2018-12-12 18:33:58 - [MESSAGE][PASSED] - Swiped from 0,200 to 0,750

2018-12-12 18:33:58 - [MESSAGE][PASSED] - Swiped from 0,200 to 0,750

2018-12-12 18:34:01 - [MESSAGE][WARNING] - Timeout '0' is invalid. Using default page load timeout: '5'

2018-12-12 18:34:02 - [MESSAGE][PASSED] - Element 'Object Repository/CommonScreenElements/Validate_InfoPopUP' is exist

2018-12-12 18:34:02 - [MESSAGE][WARNING] - Timeout '0' is invalid. Using default page load timeout: '5'

2018-12-12 18:34:03 - [MESSAGE][PASSED] - Tapped on element 'Object Repository/CommonScreenElements/InfoPopUp_YesButton'

2018-12-12 18:34:03 - [MESSAGE][WARNING] - Timeout '0' is invalid. Using default page load timeout: '5'

2018-12-12 18:34:09 - [MESSAGE][WARNING] - Element 'Object Repository/CommonScreenElements/Validate_CameraScreen' not found
[[ATTACHMENT|F:\\Git Projects\\MMA_Merchandising\\MMA_Merchandising\\Reports\\MMA Merchandising With Category Level Overwrite Scenarios\\20181212_182651\\1544621648205.png]]

2018-12-12 18:34:10 - [MESSAGE][PASSED] - Actual text and expected text of test object 'Object Repository/ShopOpen/Chiller/Validate_ChillerScreen' are matched.

2018-12-12 18:34:11 - [TEST_CASE][PASSED] - Test Cases/ShopOpen/Chiller/OverwriteChillerWithChillerNotAllocated: Test Cases/ShopOpen/Chiller/OverwriteChillerWithChillerNotAllocated

2018-12-12 18:34:11 - [TEST_STEP][PASSED] - verifyElementText(findTestObject("ShopOpen/Chiller/Validate_ChillerNotAllocatedProductCategoryScreen", ["package":PACKAGENAME]), "Category:Chiller"): Actual text and expected text of test object 'Object Repository/ShopOpen/Chiller/Validate_ChillerNotAllocatedProductCategoryScreen' are matched.

2018-12-12 18:34:13 - [MESSAGE][PASSED] - Actual text and expected text of test object 'Object Repository/ShopOpen/Chiller/Validate_ChillerNotAllocatedProductCategoryScreen' are matched.

2018-12-12 18:34:13 - [TEST_STEP][PASSED] - com.ct.qa.keywords.ChannelProductsDataKeywords.visitChillerNotAllocatedProductCategories(2): com.ct.qa.keywords.ChannelProductsDataKeywords.visitChillerNotAllocatedProductCategories is PASSED

2018-12-12 18:34:16 - [TEST_CASE][PASSED] - Test Cases/ShopOpen/Chiller/OverwriteProductCategoryAssets: Test Cases/ShopOpen/Chiller/OverwriteProductCategoryAssets

2018-12-12 18:34:16 - [TEST_STEP][PASSED] - verifyElementText(findTestObject("ShopOpen/Chiller/Validate_ProductCategoryAssetsScreen", ["package":PACKAGENAME]), "Facing"): Actual text and expected text of test object 'Object Repository/ShopOpen/Chiller/Validate_ProductCategoryAssetsScreen' are matched.

2018-12-12 18:34:18 - [MESSAGE][PASSED] - Actual text and expected text of test object 'Object Repository/ShopOpen/Chiller/Validate_ProductCategoryAssetsScreen' are matched.

2018-12-12 18:34:18 - [TEST_STEP][PASSED] - tap(findTestObject("ShopOpen/Chiller/Facing", ["package":PACKAGENAME]), 0): Tapped on element 'Object Repository/ShopOpen/Chiller/Facing'

2018-12-12 18:34:18 - [MESSAGE][WARNING] - Timeout '0' is invalid. Using default page load timeout: '5'

2018-12-12 18:34:18 - [MESSAGE][PASSED] - Tapped on element 'Object Repository/ShopOpen/Chiller/Facing'

2018-12-12 18:34:18 - [TEST_STEP][PASSED] - verifyElementText(findTestObject("ShopOpen/Chiller/Validate_FacingScreen", ["package":PACKAGENAME]), "Facing"): Actual text and expected text of test object 'Object Repository/ShopOpen/Chiller/Validate_FacingScreen' are matched.

2018-12-12 18:34:20 - [MESSAGE][PASSED] - Actual text and expected text of test object 'Object Repository/ShopOpen/Chiller/Validate_FacingScreen' are matched.

2018-12-12 18:34:20 - [TEST_STEP][PASSED] - com.ct.qa.keywords.ChannelProductsDataKeywords.visitChannelWiseProductsData(CHANNEL_CHILLER_OVERWRITEFACING, "Facing"): com.ct.qa.keywords.ChannelProductsDataKeywords.visitChannelWiseProductsData is PASSED

2018-12-12 18:34:24 - [MESSAGE][PASSED] - Keyboard is hidden

2018-12-12 18:34:27 - [MESSAGE][PASSED] - Keyboard is hidden

2018-12-12 18:34:30 - [MESSAGE][PASSED] - Keyboard is hidden

2018-12-12 18:34:33 - [MESSAGE][PASSED] - Keyboard is hidden

2018-12-12 18:34:36 - [MESSAGE][PASSED] - Keyboard is hidden

2018-12-12 18:34:37 - [MESSAGE][PASSED] - com.ct.qa.keywords.ChannelProductsDataKeywords.visitChannelWiseProductsData is PASSED

2018-12-12 18:34:37 - [TEST_STEP][PASSED] - tap(findTestObject("ShopOpen/Chiller/SubmitButton", ["package":PACKAGENAME]), 0): Tapped on element 'Object Repository/ShopOpen/Chiller/SubmitButton'

2018-12-12 18:34:37 - [MESSAGE][WARNING] - Timeout '0' is invalid. Using default page load timeout: '5'

2018-12-12 18:34:38 - [MESSAGE][PASSED] - Tapped on element 'Object Repository/ShopOpen/Chiller/SubmitButton'

2018-12-12 18:34:38 - [TEST_STEP][PASSED] - verifyElementText(findTestObject("ShopOpen/Chiller/Validate_ProductCategoryAssetsScreen", ["package":PACKAGENAME]), "Facing"): Actual text and expected text of test object 'Object Repository/ShopOpen/Chiller/Validate_ProductCategoryAssetsScreen' are matched.

2018-12-12 18:34:39 - [MESSAGE][PASSED] - Actual text and expected text of test object 'Object Repository/ShopOpen/Chiller/Validate_ProductCategoryAssetsScreen' are matched.

2018-12-12 18:34:39 - [TEST_STEP][PASSED] - tap(findTestObject("ShopOpen/Chiller/StockTaking", ["package":PACKAGENAME]), 0): Tapped on element 'Object Repository/ShopOpen/Chiller/StockTaking'

2018-12-12 18:34:39 - [MESSAGE][WARNING] - Timeout '0' is invalid. Using default page load timeout: '5'

2018-12-12 18:34:39 - [MESSAGE][PASSED] - Tapped on element 'Object Repository/ShopOpen/Chiller/StockTaking'

2018-12-12 18:34:39 - [TEST_STEP][PASSED] - verifyElementText(findTestObject("ShopOpen/Chiller/Validate_StockTakingScreen", ["package":PACKAGENAME]), "Stock Taking"): Actual text and expected text of test object 'Object Repository/ShopOpen/Chiller/Validate_StockTakingScreen' are matched.

2018-12-12 18:34:41 - [MESSAGE][PASSED] - Actual text and expected text of test object 'Object Repository/ShopOpen/Chiller/Validate_StockTakingScreen' are matched.

2018-12-12 18:34:41 - [TEST_STEP][PASSED] - com.ct.qa.keywords.ChannelProductsDataKeywords.visitChannelWiseProductsData(CHANNEL_CHILLER_OVERWRITESTOCKTAKING, "Stock Taking"): com.ct.qa.keywords.ChannelProductsDataKeywords.visitChannelWiseProductsData is PASSED

2018-12-12 18:34:45 - [MESSAGE][PASSED] - Keyboard is hidden

2018-12-12 18:34:48 - [MESSAGE][PASSED] - Keyboard is hidden

2018-12-12 18:34:51 - [MESSAGE][PASSED] - Keyboard is hidden

2018-12-12 18:34:54 - [MESSAGE][PASSED] - Keyboard is hidden

2018-12-12 18:34:57 - [MESSAGE][PASSED] - Keyboard is hidden

2018-12-12 18:34:58 - [MESSAGE][PASSED] - com.ct.qa.keywords.ChannelProductsDataKeywords.visitChannelWiseProductsData is PASSED

2018-12-12 18:34:58 - [TEST_STEP][PASSED] - tap(findTestObject("ShopOpen/Chiller/SubmitButton", ["package":PACKAGENAME]), 0): Tapped on element 'Object Repository/ShopOpen/Chiller/SubmitButton'

2018-12-12 18:34:58 - [MESSAGE][WARNING] - Timeout '0' is invalid. Using default page load timeout: '5'

2018-12-12 18:34:59 - [MESSAGE][PASSED] - Tapped on element 'Object Repository/ShopOpen/Chiller/SubmitButton'

2018-12-12 18:34:59 - [TEST_STEP][PASSED] - verifyElementText(findTestObject("ShopOpen/Chiller/Validate_ProductCategoryAssetsScreen", ["package":PACKAGENAME]), "Facing"): Actual text and expected text of test object 'Object Repository/ShopOpen/Chiller/Validate_ProductCategoryAssetsScreen' are matched.

2018-12-12 18:35:00 - [MESSAGE][PASSED] - Actual text and expected text of test object 'Object Repository/ShopOpen/Chiller/Validate_ProductCategoryAssetsScreen' are matched.

2018-12-12 18:35:00 - [TEST_STEP][PASSED] - tap(findTestObject("ShopOpen/Chiller/ChillerNotAllocatedProductCategory_BackButton", ["package":PACKAGENAME]), 0): Tapped on element 'Object Repository/ShopOpen/Chiller/ChillerNotAllocatedProductCategory_BackButton'

2018-12-12 18:35:00 - [MESSAGE][WARNING] - Timeout '0' is invalid. Using default page load timeout: '5'

2018-12-12 18:35:00 - [MESSAGE][PASSED] - Tapped on element 'Object Repository/ShopOpen/Chiller/ChillerNotAllocatedProductCategory_BackButton'

2018-12-12 18:35:00 - [MESSAGE][PASSED] - Call Test Case 'Test Cases/ShopOpen/Chiller/OverwriteProductCategoryAssets' successfully

2018-12-12 18:35:01 - [MESSAGE][PASSED] - Actual text and expected text of test object 'Object Repository/ShopOpen/Chiller/Validate_ChillerNotAllocatedProductCategoryScreen' are matched.

2018-12-12 18:35:02 - [TEST_CASE][PASSED] - Test Cases/ShopOpen/Chiller/OverwriteProductCategoryAssets: Test Cases/ShopOpen/Chiller/OverwriteProductCategoryAssets

2018-12-12 18:35:02 - [TEST_STEP][PASSED] - verifyElementText(findTestObject("ShopOpen/Chiller/Validate_ProductCategoryAssetsScreen", ["package":PACKAGENAME]), "Facing"): Actual text and expected text of test object 'Object Repository/ShopOpen/Chiller/Validate_ProductCategoryAssetsScreen' are matched.

2018-12-12 18:35:04 - [MESSAGE][PASSED] - Actual text and expected text of test object 'Object Repository/ShopOpen/Chiller/Validate_ProductCategoryAssetsScreen' are matched.

2018-12-12 18:35:04 - [TEST_STEP][PASSED] - tap(findTestObject("ShopOpen/Chiller/Facing", ["package":PACKAGENAME]), 0): Tapped on element 'Object Repository/ShopOpen/Chiller/Facing'

2018-12-12 18:35:04 - [MESSAGE][WARNING] - Timeout '0' is invalid. Using default page load timeout: '5'

2018-12-12 18:35:04 - [MESSAGE][PASSED] - Tapped on element 'Object Repository/ShopOpen/Chiller/Facing'

2018-12-12 18:35:04 - [TEST_STEP][PASSED] - verifyElementText(findTestObject("ShopOpen/Chiller/Validate_FacingScreen", ["package":PACKAGENAME]), "Facing"): Actual text and expected text of test object 'Object Repository/ShopOpen/Chiller/Validate_FacingScreen' are matched.

2018-12-12 18:35:06 - [MESSAGE][PASSED] - Actual text and expected text of test object 'Object Repository/ShopOpen/Chiller/Validate_FacingScreen' are matched.

2018-12-12 18:35:06 - [TEST_STEP][PASSED] - com.ct.qa.keywords.ChannelProductsDataKeywords.visitChannelWiseProductsData(CHANNEL_CHILLER_OVERWRITEFACING, "Facing"): com.ct.qa.keywords.ChannelProductsDataKeywords.visitChannelWiseProductsData is PASSED

2018-12-12 18:35:10 - [MESSAGE][PASSED] - Keyboard is hidden

2018-12-12 18:35:13 - [MESSAGE][PASSED] - Keyboard is hidden

2018-12-12 18:35:16 - [MESSAGE][PASSED] - Keyboard is hidden

2018-12-12 18:35:17 - [MESSAGE][PASSED] - com.ct.qa.keywords.ChannelProductsDataKeywords.visitChannelWiseProductsData is PASSED

2018-12-12 18:35:17 - [TEST_STEP][PASSED] - tap(findTestObject("ShopOpen/Chiller/SubmitButton", ["package":PACKAGENAME]), 0): Tapped on element 'Object Repository/ShopOpen/Chiller/SubmitButton'

2018-12-12 18:35:17 - [MESSAGE][WARNING] - Timeout '0' is invalid. Using default page load timeout: '5'

2018-12-12 18:35:18 - [MESSAGE][PASSED] - Tapped on element 'Object Repository/ShopOpen/Chiller/SubmitButton'

2018-12-12 18:35:18 - [TEST_STEP][PASSED] - verifyElementText(findTestObject("ShopOpen/Chiller/Validate_ProductCategoryAssetsScreen", ["package":PACKAGENAME]), "Facing"): Actual text and expected text of test object 'Object Repository/ShopOpen/Chiller/Validate_ProductCategoryAssetsScreen' are matched.

2018-12-12 18:35:19 - [MESSAGE][PASSED] - Actual text and expected text of test object 'Object Repository/ShopOpen/Chiller/Validate_ProductCategoryAssetsScreen' are matched.

2018-12-12 18:35:19 - [TEST_STEP][PASSED] - tap(findTestObject("ShopOpen/Chiller/StockTaking", ["package":PACKAGENAME]), 0): Tapped on element 'Object Repository/ShopOpen/Chiller/StockTaking'

2018-12-12 18:35:19 - [MESSAGE][WARNING] - Timeout '0' is invalid. Using default page load timeout: '5'

2018-12-12 18:35:19 - [MESSAGE][PASSED] - Tapped on element 'Object Repository/ShopOpen/Chiller/StockTaking'

2018-12-12 18:35:19 - [TEST_STEP][PASSED] - verifyElementText(findTestObject("ShopOpen/Chiller/Validate_StockTakingScreen", ["package":PACKAGENAME]), "Stock Taking"): Actual text and expected text of test object 'Object Repository/ShopOpen/Chiller/Validate_StockTakingScreen' are matched.

2018-12-12 18:35:21 - [MESSAGE][PASSED] - Actual text and expected text of test object 'Object Repository/ShopOpen/Chiller/Validate_StockTakingScreen' are matched.

2018-12-12 18:35:21 - [TEST_STEP][PASSED] - com.ct.qa.keywords.ChannelProductsDataKeywords.visitChannelWiseProductsData(CHANNEL_CHILLER_OVERWRITESTOCKTAKING, "Stock Taking"): com.ct.qa.keywords.ChannelProductsDataKeywords.visitChannelWiseProductsData is PASSED

2018-12-12 18:35:25 - [MESSAGE][PASSED] - Keyboard is hidden

2018-12-12 18:35:28 - [MESSAGE][PASSED] - Keyboard is hidden

2018-12-12 18:35:31 - [MESSAGE][PASSED] - Keyboard is hidden

2018-12-12 18:35:32 - [MESSAGE][PASSED] - com.ct.qa.keywords.ChannelProductsDataKeywords.visitChannelWiseProductsData is PASSED

2018-12-12 18:35:32 - [TEST_STEP][PASSED] - tap(findTestObject("ShopOpen/Chiller/SubmitButton", ["package":PACKAGENAME]), 0): Tapped on element 'Object Repository/ShopOpen/Chiller/SubmitButton'

2018-12-12 18:35:32 - [MESSAGE][WARNING] - Timeout '0' is invalid. Using default page load timeout: '5'

2018-12-12 18:35:33 - [MESSAGE][PASSED] - Tapped on element 'Object Repository/ShopOpen/Chiller/SubmitButton'

2018-12-12 18:35:33 - [TEST_STEP][PASSED] - verifyElementText(findTestObject("ShopOpen/Chiller/Validate_ProductCategoryAssetsScreen", ["package":PACKAGENAME]), "Facing"): Actual text and expected text of test object 'Object Repository/ShopOpen/Chiller/Validate_ProductCategoryAssetsScreen' are matched.

2018-12-12 18:35:34 - [MESSAGE][PASSED] - Actual text and expected text of test object 'Object Repository/ShopOpen/Chiller/Validate_ProductCategoryAssetsScreen' are matched.

2018-12-12 18:35:34 - [TEST_STEP][PASSED] - tap(findTestObject("ShopOpen/Chiller/ChillerNotAllocatedProductCategory_BackButton", ["package":PACKAGENAME]), 0): Tapped on element 'Object Repository/ShopOpen/Chiller/ChillerNotAllocatedProductCategory_BackButton'

2018-12-12 18:35:34 - [MESSAGE][WARNING] - Timeout '0' is invalid. Using default page load timeout: '5'

2018-12-12 18:35:34 - [MESSAGE][PASSED] - Tapped on element 'Object Repository/ShopOpen/Chiller/ChillerNotAllocatedProductCategory_BackButton'

2018-12-12 18:35:34 - [MESSAGE][PASSED] - Call Test Case 'Test Cases/ShopOpen/Chiller/OverwriteProductCategoryAssets' successfully

2018-12-12 18:35:35 - [MESSAGE][PASSED] - Actual text and expected text of test object 'Object Repository/ShopOpen/Chiller/Validate_ChillerNotAllocatedProductCategoryScreen' are matched.

2018-12-12 18:35:36 - [TEST_CASE][PASSED] - Test Cases/ShopOpen/Chiller/OverwriteProductCategoryAssets: Test Cases/ShopOpen/Chiller/OverwriteProductCategoryAssets

2018-12-12 18:35:36 - [TEST_STEP][PASSED] - verifyElementText(findTestObject("ShopOpen/Chiller/Validate_ProductCategoryAssetsScreen", ["package":PACKAGENAME]), "Facing"): Actual text and expected text of test object 'Object Repository/ShopOpen/Chiller/Validate_ProductCategoryAssetsScreen' are matched.

2018-12-12 18:35:38 - [MESSAGE][PASSED] - Actual text and expected text of test object 'Object Repository/ShopOpen/Chiller/Validate_ProductCategoryAssetsScreen' are matched.

2018-12-12 18:35:38 - [TEST_STEP][PASSED] - tap(findTestObject("ShopOpen/Chiller/Facing", ["package":PACKAGENAME]), 0): Tapped on element 'Object Repository/ShopOpen/Chiller/Facing'

2018-12-12 18:35:38 - [MESSAGE][WARNING] - Timeout '0' is invalid. Using default page load timeout: '5'

2018-12-12 18:35:38 - [MESSAGE][PASSED] - Tapped on element 'Object Repository/ShopOpen/Chiller/Facing'

2018-12-12 18:35:38 - [TEST_STEP][PASSED] - verifyElementText(findTestObject("ShopOpen/Chiller/Validate_FacingScreen", ["package":PACKAGENAME]), "Facing"): Actual text and expected text of test object 'Object Repository/ShopOpen/Chiller/Validate_FacingScreen' are matched.

2018-12-12 18:35:40 - [MESSAGE][PASSED] - Actual text and expected text of test object 'Object Repository/ShopOpen/Chiller/Validate_FacingScreen' are matched.

2018-12-12 18:35:40 - [TEST_STEP][PASSED] - com.ct.qa.keywords.ChannelProductsDataKeywords.visitChannelWiseProductsData(CHANNEL_CHILLER_OVERWRITEFACING, "Facing"): com.ct.qa.keywords.ChannelProductsDataKeywords.visitChannelWiseProductsData is PASSED

2018-12-12 18:35:43 - [MESSAGE][PASSED] - Keyboard is hidden

2018-12-12 18:35:44 - [MESSAGE][PASSED] - com.ct.qa.keywords.ChannelProductsDataKeywords.visitChannelWiseProductsData is PASSED

2018-12-12 18:35:44 - [TEST_STEP][PASSED] - tap(findTestObject("ShopOpen/Chiller/SubmitButton", ["package":PACKAGENAME]), 0): Tapped on element 'Object Repository/ShopOpen/Chiller/SubmitButton'

2018-12-12 18:35:44 - [MESSAGE][WARNING] - Timeout '0' is invalid. Using default page load timeout: '5'

2018-12-12 18:35:44 - [MESSAGE][PASSED] - Tapped on element 'Object Repository/ShopOpen/Chiller/SubmitButton'

2018-12-12 18:35:44 - [TEST_STEP][PASSED] - verifyElementText(findTestObject("ShopOpen/Chiller/Validate_ProductCategoryAssetsScreen", ["package":PACKAGENAME]), "Facing"): Actual text and expected text of test object 'Object Repository/ShopOpen/Chiller/Validate_ProductCategoryAssetsScreen' are matched.

2018-12-12 18:35:45 - [MESSAGE][PASSED] - Actual text and expected text of test object 'Object Repository/ShopOpen/Chiller/Validate_ProductCategoryAssetsScreen' are matched.

2018-12-12 18:35:45 - [TEST_STEP][PASSED] - tap(findTestObject("ShopOpen/Chiller/StockTaking", ["package":PACKAGENAME]), 0): Tapped on element 'Object Repository/ShopOpen/Chiller/StockTaking'

2018-12-12 18:35:45 - [MESSAGE][WARNING] - Timeout '0' is invalid. Using default page load timeout: '5'

2018-12-12 18:35:45 - [MESSAGE][PASSED] - Tapped on element 'Object Repository/ShopOpen/Chiller/StockTaking'

2018-12-12 18:35:45 - [TEST_STEP][PASSED] - verifyElementText(findTestObject("ShopOpen/Chiller/Validate_StockTakingScreen", ["package":PACKAGENAME]), "Stock Taking"): Actual text and expected text of test object 'Object Repository/ShopOpen/Chiller/Validate_StockTakingScreen' are matched.

2018-12-12 18:35:47 - [MESSAGE][PASSED] - Actual text and expected text of test object 'Object Repository/ShopOpen/Chiller/Validate_StockTakingScreen' are matched.

2018-12-12 18:35:47 - [TEST_STEP][PASSED] - com.ct.qa.keywords.ChannelProductsDataKeywords.visitChannelWiseProductsData(CHANNEL_CHILLER_OVERWRITESTOCKTAKING, "Stock Taking"): com.ct.qa.keywords.ChannelProductsDataKeywords.visitChannelWiseProductsData is PASSED

2018-12-12 18:35:50 - [MESSAGE][PASSED] - Keyboard is hidden

2018-12-12 18:35:51 - [MESSAGE][PASSED] - com.ct.qa.keywords.ChannelProductsDataKeywords.visitChannelWiseProductsData is PASSED

2018-12-12 18:35:51 - [TEST_STEP][PASSED] - tap(findTestObject("ShopOpen/Chiller/SubmitButton", ["package":PACKAGENAME]), 0): Tapped on element 'Object Repository/ShopOpen/Chiller/SubmitButton'

2018-12-12 18:35:51 - [MESSAGE][WARNING] - Timeout '0' is invalid. Using default page load timeout: '5'

2018-12-12 18:35:51 - [MESSAGE][PASSED] - Tapped on element 'Object Repository/ShopOpen/Chiller/SubmitButton'

2018-12-12 18:35:51 - [TEST_STEP][PASSED] - verifyElementText(findTestObject("ShopOpen/Chiller/Validate_ProductCategoryAssetsScreen", ["package":PACKAGENAME]), "Facing"): Actual text and expected text of test object 'Object Repository/ShopOpen/Chiller/Validate_ProductCategoryAssetsScreen' are matched.

2018-12-12 18:35:52 - [MESSAGE][PASSED] - Actual text and expected text of test object 'Object Repository/ShopOpen/Chiller/Validate_ProductCategoryAssetsScreen' are matched.

2018-12-12 18:35:52 - [TEST_STEP][PASSED] - tap(findTestObject("ShopOpen/Chiller/ChillerNotAllocatedProductCategory_BackButton", ["package":PACKAGENAME]), 0): Tapped on element 'Object Repository/ShopOpen/Chiller/ChillerNotAllocatedProductCategory_BackButton'

2018-12-12 18:35:52 - [MESSAGE][WARNING] - Timeout '0' is invalid. Using default page load timeout: '5'

2018-12-12 18:35:52 - [MESSAGE][PASSED] - Tapped on element 'Object Repository/ShopOpen/Chiller/ChillerNotAllocatedProductCategory_BackButton'

2018-12-12 18:35:52 - [MESSAGE][PASSED] - Call Test Case 'Test Cases/ShopOpen/Chiller/OverwriteProductCategoryAssets' successfully

2018-12-12 18:35:53 - [MESSAGE][PASSED] - Actual text and expected text of test object 'Object Repository/ShopOpen/Chiller/Validate_ChillerNotAllocatedProductCategoryScreen' are matched.

2018-12-12 18:35:54 - [TEST_CASE][PASSED] - Test Cases/ShopOpen/Chiller/OverwriteProductCategoryAssets: Test Cases/ShopOpen/Chiller/OverwriteProductCategoryAssets

2018-12-12 18:35:54 - [TEST_STEP][PASSED] - verifyElementText(findTestObject("ShopOpen/Chiller/Validate_ProductCategoryAssetsScreen", ["package":PACKAGENAME]), "Facing"): Actual text and expected text of test object 'Object Repository/ShopOpen/Chiller/Validate_ProductCategoryAssetsScreen' are matched.

2018-12-12 18:35:56 - [MESSAGE][PASSED] - Actual text and expected text of test object 'Object Repository/ShopOpen/Chiller/Validate_ProductCategoryAssetsScreen' are matched.

2018-12-12 18:35:56 - [TEST_STEP][PASSED] - tap(findTestObject("ShopOpen/Chiller/Facing", ["package":PACKAGENAME]), 0): Tapped on element 'Object Repository/ShopOpen/Chiller/Facing'

2018-12-12 18:35:56 - [MESSAGE][WARNING] - Timeout '0' is invalid. Using default page load timeout: '5'

2018-12-12 18:35:56 - [MESSAGE][PASSED] - Tapped on element 'Object Repository/ShopOpen/Chiller/Facing'

2018-12-12 18:35:56 - [TEST_STEP][PASSED] - verifyElementText(findTestObject("ShopOpen/Chiller/Validate_FacingScreen", ["package":PACKAGENAME]), "Facing"): Actual text and expected text of test object 'Object Repository/ShopOpen/Chiller/Validate_FacingScreen' are matched.

2018-12-12 18:35:58 - [MESSAGE][PASSED] - Actual text and expected text of test object 'Object Repository/ShopOpen/Chiller/Validate_FacingScreen' are matched.

2018-12-12 18:35:58 - [TEST_STEP][PASSED] - com.ct.qa.keywords.ChannelProductsDataKeywords.visitChannelWiseProductsData(CHANNEL_CHILLER_OVERWRITEFACING, "Facing"): com.ct.qa.keywords.ChannelProductsDataKeywords.visitChannelWiseProductsData is PASSED

2018-12-12 18:36:02 - [MESSAGE][PASSED] - Keyboard is hidden

2018-12-12 18:36:05 - [MESSAGE][PASSED] - Keyboard is hidden

2018-12-12 18:36:08 - [MESSAGE][PASSED] - Keyboard is hidden

2018-12-12 18:36:11 - [MESSAGE][PASSED] - Keyboard is hidden

2018-12-12 18:36:14 - [MESSAGE][PASSED] - Keyboard is hidden

2018-12-12 18:36:17 - [MESSAGE][PASSED] - Keyboard is hidden

2018-12-12 18:36:20 - [MESSAGE][PASSED] - Swiped from 23,359 to 23,250

2018-12-12 18:36:23 - [MESSAGE][PASSED] - Keyboard is hidden

2018-12-12 18:36:24 - [MESSAGE][PASSED] - Swiped from 23,359 to 23,250

2018-12-12 18:36:26 - [MESSAGE][PASSED] - com.ct.qa.keywords.ChannelProductsDataKeywords.visitChannelWiseProductsData is PASSED

2018-12-12 18:36:26 - [TEST_STEP][PASSED] - tap(findTestObject("ShopOpen/Chiller/SubmitButton", ["package":PACKAGENAME]), 0): Tapped on element 'Object Repository/ShopOpen/Chiller/SubmitButton'

2018-12-12 18:36:26 - [MESSAGE][WARNING] - Timeout '0' is invalid. Using default page load timeout: '5'

2018-12-12 18:36:26 - [MESSAGE][PASSED] - Tapped on element 'Object Repository/ShopOpen/Chiller/SubmitButton'

2018-12-12 18:36:26 - [TEST_STEP][PASSED] - verifyElementText(findTestObject("ShopOpen/Chiller/Validate_ProductCategoryAssetsScreen", ["package":PACKAGENAME]), "Facing"): Actual text and expected text of test object 'Object Repository/ShopOpen/Chiller/Validate_ProductCategoryAssetsScreen' are matched.

2018-12-12 18:36:27 - [MESSAGE][PASSED] - Actual text and expected text of test object 'Object Repository/ShopOpen/Chiller/Validate_ProductCategoryAssetsScreen' are matched.

2018-12-12 18:36:27 - [TEST_STEP][PASSED] - tap(findTestObject("ShopOpen/Chiller/StockTaking", ["package":PACKAGENAME]), 0): Tapped on element 'Object Repository/ShopOpen/Chiller/StockTaking'

2018-12-12 18:36:27 - [MESSAGE][WARNING] - Timeout '0' is invalid. Using default page load timeout: '5'

2018-12-12 18:36:27 - [MESSAGE][PASSED] - Tapped on element 'Object Repository/ShopOpen/Chiller/StockTaking'

2018-12-12 18:36:27 - [TEST_STEP][PASSED] - verifyElementText(findTestObject("ShopOpen/Chiller/Validate_StockTakingScreen", ["package":PACKAGENAME]), "Stock Taking"): Actual text and expected text of test object 'Object Repository/ShopOpen/Chiller/Validate_StockTakingScreen' are matched.

2018-12-12 18:36:29 - [MESSAGE][PASSED] - Actual text and expected text of test object 'Object Repository/ShopOpen/Chiller/Validate_StockTakingScreen' are matched.

2018-12-12 18:36:29 - [TEST_STEP][PASSED] - com.ct.qa.keywords.ChannelProductsDataKeywords.visitChannelWiseProductsData(CHANNEL_CHILLER_OVERWRITESTOCKTAKING, "Stock Taking"): com.ct.qa.keywords.ChannelProductsDataKeywords.visitChannelWiseProductsData is PASSED

2018-12-12 18:36:33 - [MESSAGE][PASSED] - Keyboard is hidden

2018-12-12 18:36:36 - [MESSAGE][PASSED] - Keyboard is hidden

2018-12-12 18:36:39 - [MESSAGE][PASSED] - Keyboard is hidden

2018-12-12 18:36:42 - [MESSAGE][PASSED] - Keyboard is hidden

2018-12-12 18:36:45 - [MESSAGE][PASSED] - Keyboard is hidden

2018-12-12 18:36:48 - [MESSAGE][PASSED] - Keyboard is hidden

2018-12-12 18:36:51 - [MESSAGE][PASSED] - Swiped from 23,359 to 23,250

2018-12-12 18:36:54 - [MESSAGE][PASSED] - Keyboard is hidden

2018-12-12 18:36:55 - [MESSAGE][PASSED] - Swiped from 23,359 to 23,250

2018-12-12 18:36:57 - [MESSAGE][PASSED] - com.ct.qa.keywords.ChannelProductsDataKeywords.visitChannelWiseProductsData is PASSED

2018-12-12 18:36:57 - [TEST_STEP][PASSED] - tap(findTestObject("ShopOpen/Chiller/SubmitButton", ["package":PACKAGENAME]), 0): Tapped on element 'Object Repository/ShopOpen/Chiller/SubmitButton'

2018-12-12 18:36:57 - [MESSAGE][WARNING] - Timeout '0' is invalid. Using default page load timeout: '5'

2018-12-12 18:36:57 - [MESSAGE][PASSED] - Tapped on element 'Object Repository/ShopOpen/Chiller/SubmitButton'

2018-12-12 18:36:57 - [TEST_STEP][PASSED] - verifyElementText(findTestObject("ShopOpen/Chiller/Validate_ProductCategoryAssetsScreen", ["package":PACKAGENAME]), "Facing"): Actual text and expected text of test object 'Object Repository/ShopOpen/Chiller/Validate_ProductCategoryAssetsScreen' are matched.

2018-12-12 18:36:58 - [MESSAGE][PASSED] - Actual text and expected text of test object 'Object Repository/ShopOpen/Chiller/Validate_ProductCategoryAssetsScreen' are matched.

2018-12-12 18:36:58 - [TEST_STEP][PASSED] - tap(findTestObject("ShopOpen/Chiller/ChillerNotAllocatedProductCategory_BackButton", ["package":PACKAGENAME]), 0): Tapped on element 'Object Repository/ShopOpen/Chiller/ChillerNotAllocatedProductCategory_BackButton'

2018-12-12 18:36:58 - [MESSAGE][WARNING] - Timeout '0' is invalid. Using default page load timeout: '5'

2018-12-12 18:36:59 - [MESSAGE][PASSED] - Tapped on element 'Object Repository/ShopOpen/Chiller/ChillerNotAllocatedProductCategory_BackButton'

2018-12-12 18:36:59 - [MESSAGE][PASSED] - Call Test Case 'Test Cases/ShopOpen/Chiller/OverwriteProductCategoryAssets' successfully

2018-12-12 18:37:00 - [MESSAGE][PASSED] - Actual text and expected text of test object 'Object Repository/ShopOpen/Chiller/Validate_ChillerNotAllocatedProductCategoryScreen' are matched.

2018-12-12 18:37:00 - [MESSAGE][PASSED] - com.ct.qa.keywords.ChannelProductsDataKeywords.visitChillerNotAllocatedProductCategories is PASSED

2018-12-12 18:37:00 - [TEST_STEP][PASSED] - verifyElementText(findTestObject("ShopOpen/Chiller/Validate_ChillerNotAllocatedProductCategoryScreen", ["package":PACKAGENAME]), "Category:Chiller"): Actual text and expected text of test object 'Object Repository/ShopOpen/Chiller/Validate_ChillerNotAllocatedProductCategoryScreen' are matched.

2018-12-12 18:37:00 - [MESSAGE][PASSED] - Actual text and expected text of test object 'Object Repository/ShopOpen/Chiller/Validate_ChillerNotAllocatedProductCategoryScreen' are matched.

2018-12-12 18:37:00 - [TEST_STEP][PASSED] - com.ct.qa.keywords.CommonKeywords.visitPlanogramImageViewButton(): com.ct.qa.keywords.CommonKeywords.visitPlanogramImageViewButton is PASSED

2018-12-12 18:37:02 - [MESSAGE][WARNING] - Timeout '0' is invalid. Using default page load timeout: '5'

2018-12-12 18:37:08 - [MESSAGE][WARNING] - Object Object Repository/CommonScreenElements/InfoPopUp_OKButton not found
[[ATTACHMENT|F:\\Git Projects\\MMA_Merchandising\\MMA_Merchandising\\Reports\\MMA Merchandising With Category Level Overwrite Scenarios\\20181212_182651\\1544621827552.png]]

2018-12-12 18:37:09 - [MESSAGE][PASSED] - com.ct.qa.keywords.CommonKeywords.visitPlanogramImageViewButton is PASSED

2018-12-12 18:37:09 - [TEST_STEP][PASSED] - verifyElementText(findTestObject("ShopOpen/Chiller/Validate_ChillerNotAllocatedProductCategoryScreen", ["package":PACKAGENAME]), "Category:Chiller"): Actual text and expected text of test object 'Object Repository/ShopOpen/Chiller/Validate_ChillerNotAllocatedProductCategoryScreen' are matched.

2018-12-12 18:37:10 - [MESSAGE][PASSED] - Actual text and expected text of test object 'Object Repository/ShopOpen/Chiller/Validate_ChillerNotAllocatedProductCategoryScreen' are matched.

2018-12-12 18:37:10 - [TEST_STEP][PASSED] - com.ct.qa.keywords.CommonKeywords.visitPictureImageViewButton(): com.ct.qa.keywords.CommonKeywords.visitPictureImageViewButton is PASSED

2018-12-12 18:37:12 - [MESSAGE][WARNING] - Timeout '0' is invalid. Using default page load timeout: '5'

2018-12-12 18:37:13 - [MESSAGE][PASSED] - Element 'Object Repository/CommonScreenElements/Validate_CameraScreen' is exist

2018-12-12 18:37:13 - [MESSAGE][WARNING] - Timeout '0' is invalid. Using default page load timeout: '5'

2018-12-12 18:37:16 - [MESSAGE][PASSED] - Tapped on element 'Object Repository/CommonScreenElements/TakePictureButton'

2018-12-12 18:37:21 - [MESSAGE][PASSED] - Delayed 5 second(s)

2018-12-12 18:37:21 - [MESSAGE][WARNING] - Timeout '0' is invalid. Using default page load timeout: '5'

2018-12-12 18:37:22 - [MESSAGE][PASSED] - Tapped on element 'Object Repository/CommonScreenElements/DoneButton'

2018-12-12 18:37:22 - [MESSAGE][PASSED] - com.ct.qa.keywords.CommonKeywords.visitPictureImageViewButton is PASSED

2018-12-12 18:37:22 - [TEST_STEP][PASSED] - verifyElementText(findTestObject("ShopOpen/Chiller/Validate_ChillerNotAllocatedProductCategoryScreen", ["package":PACKAGENAME]), "Category:Chiller"): Actual text and expected text of test object 'Object Repository/ShopOpen/Chiller/Validate_ChillerNotAllocatedProductCategoryScreen' are matched.

2018-12-12 18:37:23 - [MESSAGE][PASSED] - Actual text and expected text of test object 'Object Repository/ShopOpen/Chiller/Validate_ChillerNotAllocatedProductCategoryScreen' are matched.

2018-12-12 18:37:23 - [TEST_STEP][PASSED] - com.ct.qa.keywords.CommonKeywords.visitBackImageViewButton(): com.ct.qa.keywords.CommonKeywords.visitBackImageViewButton is PASSED

2018-12-12 18:37:24 - [MESSAGE][PASSED] - com.ct.qa.keywords.CommonKeywords.visitBackImageViewButton is PASSED

2018-12-12 18:37:24 - [TEST_STEP][PASSED] - verifyElementExist(findTestObject("ShopOpen/Validate_ShopCategoriesListScreen", ["package":PACKAGENAME]), 0): Element 'Object Repository/ShopOpen/Validate_ShopCategoriesListScreen' is exist

2018-12-12 18:37:24 - [MESSAGE][WARNING] - Timeout '0' is invalid. Using default page load timeout: '5'

2018-12-12 18:37:26 - [MESSAGE][PASSED] - Element 'Object Repository/ShopOpen/Validate_ShopCategoriesListScreen' is exist

2018-12-12 18:37:26 - [MESSAGE][PASSED] - Call Test Case 'Test Cases/ShopOpen/Chiller/OverwriteChillerWithChillerNotAllocated' successfully

2018-12-12 18:37:26 - [MESSAGE][WARNING] - Timeout '0' is invalid. Using default page load timeout: '5'

2018-12-12 18:37:27 - [MESSAGE][PASSED] - Element 'Object Repository/CommonScreenElements/Validate_InfoPopUP' is exist

2018-12-12 18:37:27 - [MESSAGE][WARNING] - Timeout '0' is invalid. Using default page load timeout: '5'

2018-12-12 18:37:28 - [MESSAGE][PASSED] - Tapped on element 'Object Repository/CommonScreenElements/InfoPopUp_YesButton'

2018-12-12 18:37:28 - [MESSAGE][WARNING] - Timeout '0' is invalid. Using default page load timeout: '5'

2018-12-12 18:37:35 - [MESSAGE][WARNING] - Element 'Object Repository/CommonScreenElements/Validate_CameraScreen' not found
[[ATTACHMENT|F:\\Git Projects\\MMA_Merchandising\\MMA_Merchandising\\Reports\\MMA Merchandising With Category Level Overwrite Scenarios\\20181212_182651\\1544621854094.png]]

2018-12-12 18:37:35 - [MESSAGE][PASSED] - Actual text and expected text of test object 'Object Repository/ShopOpen/RemainingCategories/Validate_MainCategoryDetailScreen' are matched.

2018-12-12 18:37:36 - [TEST_CASE][PASSED] - Test Cases/ShopOpen/RemainingCategories/OverwriteRemainingCategoriesWithDSA: Test Cases/ShopOpen/RemainingCategories/OverwriteRemainingCategoriesWithDSA

2018-12-12 18:37:36 - [TEST_STEP][PASSED] - verifyElementText(findTestObject("ShopOpen/RemainingCategories/Validate_ProductCategoryAssetScreen", ["package":PACKAGENAME]), "Facing"): Actual text and expected text of test object 'Object Repository/ShopOpen/RemainingCategories/Validate_ProductCategoryAssetScreen' are matched.

2018-12-12 18:37:38 - [MESSAGE][PASSED] - Actual text and expected text of test object 'Object Repository/ShopOpen/RemainingCategories/Validate_ProductCategoryAssetScreen' are matched.

2018-12-12 18:37:38 - [TEST_STEP][PASSED] - tap(findTestObject("ShopOpen/RemainingCategories/Facing", ["package":PACKAGENAME]), 0): Tapped on element 'Object Repository/ShopOpen/RemainingCategories/Facing'

2018-12-12 18:37:38 - [MESSAGE][WARNING] - Timeout '0' is invalid. Using default page load timeout: '5'

2018-12-12 18:37:38 - [MESSAGE][PASSED] - Tapped on element 'Object Repository/ShopOpen/RemainingCategories/Facing'

2018-12-12 18:37:38 - [TEST_STEP][PASSED] - verifyElementText(findTestObject("ShopOpen/RemainingCategories/Validate_FacingScreen", ["package":PACKAGENAME]), "Facing"): Actual text and expected text of test object 'Object Repository/ShopOpen/RemainingCategories/Validate_FacingScreen' are matched.

2018-12-12 18:37:40 - [MESSAGE][PASSED] - Actual text and expected text of test object 'Object Repository/ShopOpen/RemainingCategories/Validate_FacingScreen' are matched.

2018-12-12 18:37:40 - [TEST_STEP][PASSED] - com.ct.qa.keywords.ChannelProductsDataKeywords.visitChannelWiseProductsData(CHANNEL_DSA_OVERWRITEFACING, "Facing"): com.ct.qa.keywords.ChannelProductsDataKeywords.visitChannelWiseProductsData is PASSED

2018-12-12 18:37:44 - [MESSAGE][PASSED] - Keyboard is hidden

2018-12-12 18:37:47 - [MESSAGE][PASSED] - Keyboard is hidden

2018-12-12 18:37:50 - [MESSAGE][PASSED] - Keyboard is hidden

2018-12-12 18:37:53 - [MESSAGE][PASSED] - Keyboard is hidden

2018-12-12 18:37:56 - [MESSAGE][PASSED] - Keyboard is hidden

2018-12-12 18:37:59 - [MESSAGE][PASSED] - Keyboard is hidden

2018-12-12 18:38:01 - [MESSAGE][PASSED] - Swiped from 114,359 to 114,250

2018-12-12 18:38:05 - [MESSAGE][PASSED] - Keyboard is hidden

2018-12-12 18:38:06 - [MESSAGE][PASSED] - Swiped from 114,359 to 114,250

2018-12-12 18:38:08 - [MESSAGE][PASSED] - com.ct.qa.keywords.ChannelProductsDataKeywords.visitChannelWiseProductsData is PASSED

2018-12-12 18:38:08 - [TEST_STEP][PASSED] - tap(findTestObject("ShopOpen/RemainingCategories/SubmitButton", ["package":PACKAGENAME]), 0): Tapped on element 'Object Repository/ShopOpen/RemainingCategories/SubmitButton'

2018-12-12 18:38:08 - [MESSAGE][WARNING] - Timeout '0' is invalid. Using default page load timeout: '5'

2018-12-12 18:38:08 - [MESSAGE][PASSED] - Tapped on element 'Object Repository/ShopOpen/RemainingCategories/SubmitButton'

2018-12-12 18:38:08 - [TEST_STEP][PASSED] - verifyElementText(findTestObject("ShopOpen/RemainingCategories/Validate_ProductCategoryAssetScreen", ["package":PACKAGENAME]), "Facing"): Actual text and expected text of test object 'Object Repository/ShopOpen/RemainingCategories/Validate_ProductCategoryAssetScreen' are matched.

2018-12-12 18:38:09 - [MESSAGE][PASSED] - Actual text and expected text of test object 'Object Repository/ShopOpen/RemainingCategories/Validate_ProductCategoryAssetScreen' are matched.

2018-12-12 18:38:09 - [TEST_STEP][PASSED] - tap(findTestObject("ShopOpen/RemainingCategories/StockTaking", ["package":PACKAGENAME]), 0): Tapped on element 'Object Repository/ShopOpen/RemainingCategories/StockTaking'

2018-12-12 18:38:09 - [MESSAGE][WARNING] - Timeout '0' is invalid. Using default page load timeout: '5'

2018-12-12 18:38:10 - [MESSAGE][PASSED] - Tapped on element 'Object Repository/ShopOpen/RemainingCategories/StockTaking'

2018-12-12 18:38:10 - [TEST_STEP][PASSED] - verifyElementText(findTestObject("ShopOpen/RemainingCategories/Validate_StockTakingScreen", ["package":PACKAGENAME]), "Stock Taking"): Actual text and expected text of test object 'Object Repository/ShopOpen/RemainingCategories/Validate_StockTakingScreen' are matched.

2018-12-12 18:38:12 - [MESSAGE][PASSED] - Actual text and expected text of test object 'Object Repository/ShopOpen/RemainingCategories/Validate_StockTakingScreen' are matched.

2018-12-12 18:38:12 - [TEST_STEP][PASSED] - com.ct.qa.keywords.ChannelProductsDataKeywords.visitChannelWiseProductsData(CHANNEL_DSA_OVERWRITESTOCKTAKING, "Stock Taking"): com.ct.qa.keywords.ChannelProductsDataKeywords.visitChannelWiseProductsData is PASSED

2018-12-12 18:38:16 - [MESSAGE][PASSED] - Keyboard is hidden

2018-12-12 18:38:19 - [MESSAGE][PASSED] - Keyboard is hidden

2018-12-12 18:38:22 - [MESSAGE][PASSED] - Keyboard is hidden

2018-12-12 18:38:25 - [MESSAGE][PASSED] - Keyboard is hidden

2018-12-12 18:38:28 - [MESSAGE][PASSED] - Keyboard is hidden

2018-12-12 18:38:31 - [MESSAGE][PASSED] - Keyboard is hidden

2018-12-12 18:38:34 - [MESSAGE][PASSED] - Swiped from 114,359 to 114,250

2018-12-12 18:38:37 - [MESSAGE][PASSED] - Keyboard is hidden

2018-12-12 18:38:38 - [MESSAGE][PASSED] - Swiped from 114,359 to 114,250

2018-12-12 18:38:40 - [MESSAGE][PASSED] - com.ct.qa.keywords.ChannelProductsDataKeywords.visitChannelWiseProductsData is PASSED

2018-12-12 18:38:40 - [TEST_STEP][PASSED] - tap(findTestObject("ShopOpen/RemainingCategories/SubmitButton", ["package":PACKAGENAME]), 0): Tapped on element 'Object Repository/ShopOpen/RemainingCategories/SubmitButton'

2018-12-12 18:38:40 - [MESSAGE][WARNING] - Timeout '0' is invalid. Using default page load timeout: '5'

2018-12-12 18:38:40 - [MESSAGE][PASSED] - Tapped on element 'Object Repository/ShopOpen/RemainingCategories/SubmitButton'

2018-12-12 18:38:40 - [TEST_STEP][PASSED] - verifyElementText(findTestObject("ShopOpen/RemainingCategories/Validate_ProductCategoryAssetScreen", ["package":PACKAGENAME]), "Facing"): Actual text and expected text of test object 'Object Repository/ShopOpen/RemainingCategories/Validate_ProductCategoryAssetScreen' are matched.

2018-12-12 18:38:41 - [MESSAGE][PASSED] - Actual text and expected text of test object 'Object Repository/ShopOpen/RemainingCategories/Validate_ProductCategoryAssetScreen' are matched.

2018-12-12 18:38:41 - [TEST_STEP][PASSED] - com.ct.qa.keywords.CommonKeywords.visitPlanogramImageViewButton(): com.ct.qa.keywords.CommonKeywords.visitPlanogramImageViewButton is PASSED

2018-12-12 18:38:43 - [MESSAGE][WARNING] - Timeout '0' is invalid. Using default page load timeout: '5'

2018-12-12 18:38:49 - [MESSAGE][WARNING] - Object Object Repository/CommonScreenElements/InfoPopUp_OKButton not found
[[ATTACHMENT|F:\\Git Projects\\MMA_Merchandising\\MMA_Merchandising\\Reports\\MMA Merchandising With Category Level Overwrite Scenarios\\20181212_182651\\1544621928600.png]]

2018-12-12 18:38:50 - [MESSAGE][PASSED] - com.ct.qa.keywords.CommonKeywords.visitPlanogramImageViewButton is PASSED

2018-12-12 18:38:50 - [TEST_STEP][PASSED] - verifyElementText(findTestObject("ShopOpen/RemainingCategories/Validate_ProductCategoryAssetScreen", ["package":PACKAGENAME]), "Facing"): Actual text and expected text of test object 'Object Repository/ShopOpen/RemainingCategories/Validate_ProductCategoryAssetScreen' are matched.

2018-12-12 18:38:51 - [MESSAGE][PASSED] - Actual text and expected text of test object 'Object Repository/ShopOpen/RemainingCategories/Validate_ProductCategoryAssetScreen' are matched.

2018-12-12 18:38:51 - [TEST_STEP][PASSED] - com.ct.qa.keywords.CommonKeywords.visitPictureImageViewButton(): com.ct.qa.keywords.CommonKeywords.visitPictureImageViewButton is PASSED

2018-12-12 18:38:53 - [MESSAGE][WARNING] - Timeout '0' is invalid. Using default page load timeout: '5'

2018-12-12 18:38:54 - [MESSAGE][PASSED] - Element 'Object Repository/CommonScreenElements/Validate_CameraScreen' is exist

2018-12-12 18:38:54 - [MESSAGE][WARNING] - Timeout '0' is invalid. Using default page load timeout: '5'

2018-12-12 18:38:58 - [MESSAGE][PASSED] - Tapped on element 'Object Repository/CommonScreenElements/TakePictureButton'

2018-12-12 18:39:03 - [MESSAGE][PASSED] - Delayed 5 second(s)

2018-12-12 18:39:03 - [MESSAGE][WARNING] - Timeout '0' is invalid. Using default page load timeout: '5'

2018-12-12 18:39:03 - [MESSAGE][PASSED] - Tapped on element 'Object Repository/CommonScreenElements/DoneButton'

2018-12-12 18:39:03 - [MESSAGE][PASSED] - com.ct.qa.keywords.CommonKeywords.visitPictureImageViewButton is PASSED

2018-12-12 18:39:03 - [TEST_STEP][PASSED] - verifyElementText(findTestObject("ShopOpen/RemainingCategories/Validate_ProductCategoryAssetScreen", ["package":PACKAGENAME]), "Facing"): Actual text and expected text of test object 'Object Repository/ShopOpen/RemainingCategories/Validate_ProductCategoryAssetScreen' are matched.

2018-12-12 18:39:04 - [MESSAGE][PASSED] - Actual text and expected text of test object 'Object Repository/ShopOpen/RemainingCategories/Validate_ProductCategoryAssetScreen' are matched.

2018-12-12 18:39:04 - [TEST_STEP][PASSED] - com.ct.qa.keywords.CommonKeywords.visitBackImageViewButton(): com.ct.qa.keywords.CommonKeywords.visitBackImageViewButton is PASSED

2018-12-12 18:39:05 - [MESSAGE][PASSED] - com.ct.qa.keywords.CommonKeywords.visitBackImageViewButton is PASSED

2018-12-12 18:39:05 - [TEST_STEP][PASSED] - verifyElementExist(findTestObject("ShopOpen/Validate_ShopCategoriesListScreen", ["package":PACKAGENAME]), 0): Element 'Object Repository/ShopOpen/Validate_ShopCategoriesListScreen' is exist

2018-12-12 18:39:05 - [MESSAGE][WARNING] - Timeout '0' is invalid. Using default page load timeout: '5'

2018-12-12 18:39:07 - [MESSAGE][PASSED] - Element 'Object Repository/ShopOpen/Validate_ShopCategoriesListScreen' is exist

2018-12-12 18:39:07 - [MESSAGE][PASSED] - Call Test Case 'Test Cases/ShopOpen/RemainingCategories/OverwriteRemainingCategoriesWithDSA' successfully

2018-12-12 18:39:07 - [MESSAGE][WARNING] - Timeout '0' is invalid. Using default page load timeout: '5'

2018-12-12 18:39:08 - [MESSAGE][PASSED] - Element 'Object Repository/CommonScreenElements/Validate_InfoPopUP' is exist

2018-12-12 18:39:08 - [MESSAGE][WARNING] - Timeout '0' is invalid. Using default page load timeout: '5'

2018-12-12 18:39:09 - [MESSAGE][PASSED] - Tapped on element 'Object Repository/CommonScreenElements/InfoPopUp_YesButton'

2018-12-12 18:39:09 - [MESSAGE][WARNING] - Timeout '0' is invalid. Using default page load timeout: '5'

2018-12-12 18:39:16 - [MESSAGE][WARNING] - Element 'Object Repository/CommonScreenElements/Validate_CameraScreen' not found
[[ATTACHMENT|F:\\Git Projects\\MMA_Merchandising\\MMA_Merchandising\\Reports\\MMA Merchandising With Category Level Overwrite Scenarios\\20181212_182651\\1544621955042.png]]

2018-12-12 18:39:16 - [MESSAGE][PASSED] - Actual text and expected text of test object 'Object Repository/ShopOpen/RemainingCategories/Validate_MainCategoryDetailScreen' are matched.

2018-12-12 18:39:17 - [TEST_CASE][PASSED] - Test Cases/ShopOpen/RemainingCategories/OverwriteRemainingCategoriesWithDSA: Test Cases/ShopOpen/RemainingCategories/OverwriteRemainingCategoriesWithDSA

2018-12-12 18:39:17 - [TEST_STEP][PASSED] - verifyElementText(findTestObject("ShopOpen/RemainingCategories/Validate_ProductCategoryAssetScreen", ["package":PACKAGENAME]), "Facing"): Actual text and expected text of test object 'Object Repository/ShopOpen/RemainingCategories/Validate_ProductCategoryAssetScreen' are matched.

2018-12-12 18:39:19 - [MESSAGE][PASSED] - Actual text and expected text of test object 'Object Repository/ShopOpen/RemainingCategories/Validate_ProductCategoryAssetScreen' are matched.

2018-12-12 18:39:19 - [TEST_STEP][PASSED] - tap(findTestObject("ShopOpen/RemainingCategories/Facing", ["package":PACKAGENAME]), 0): Tapped on element 'Object Repository/ShopOpen/RemainingCategories/Facing'

2018-12-12 18:39:19 - [MESSAGE][WARNING] - Timeout '0' is invalid. Using default page load timeout: '5'

2018-12-12 18:39:19 - [MESSAGE][PASSED] - Tapped on element 'Object Repository/ShopOpen/RemainingCategories/Facing'

2018-12-12 18:39:19 - [TEST_STEP][PASSED] - verifyElementText(findTestObject("ShopOpen/RemainingCategories/Validate_FacingScreen", ["package":PACKAGENAME]), "Facing"): Actual text and expected text of test object 'Object Repository/ShopOpen/RemainingCategories/Validate_FacingScreen' are matched.

2018-12-12 18:39:21 - [MESSAGE][PASSED] - Actual text and expected text of test object 'Object Repository/ShopOpen/RemainingCategories/Validate_FacingScreen' are matched.

2018-12-12 18:39:21 - [TEST_STEP][PASSED] - com.ct.qa.keywords.ChannelProductsDataKeywords.visitChannelWiseProductsData(CHANNEL_DSA_OVERWRITEFACING, "Facing"): com.ct.qa.keywords.ChannelProductsDataKeywords.visitChannelWiseProductsData is PASSED

2018-12-12 18:39:25 - [MESSAGE][PASSED] - Keyboard is hidden

2018-12-12 18:39:28 - [MESSAGE][PASSED] - Keyboard is hidden

2018-12-12 18:39:31 - [MESSAGE][PASSED] - Keyboard is hidden

2018-12-12 18:39:34 - [MESSAGE][PASSED] - Keyboard is hidden

2018-12-12 18:39:37 - [MESSAGE][PASSED] - Keyboard is hidden

2018-12-12 18:39:40 - [MESSAGE][PASSED] - Keyboard is hidden

2018-12-12 18:39:43 - [MESSAGE][PASSED] - Swiped from 111,359 to 111,250

2018-12-12 18:39:47 - [MESSAGE][PASSED] - Keyboard is hidden

2018-12-12 18:39:48 - [MESSAGE][PASSED] - Swiped from 111,359 to 111,250

2018-12-12 18:39:50 - [MESSAGE][PASSED] - com.ct.qa.keywords.ChannelProductsDataKeywords.visitChannelWiseProductsData is PASSED

2018-12-12 18:39:50 - [TEST_STEP][PASSED] - tap(findTestObject("ShopOpen/RemainingCategories/SubmitButton", ["package":PACKAGENAME]), 0): Tapped on element 'Object Repository/ShopOpen/RemainingCategories/SubmitButton'

2018-12-12 18:39:50 - [MESSAGE][WARNING] - Timeout '0' is invalid. Using default page load timeout: '5'

2018-12-12 18:39:50 - [MESSAGE][PASSED] - Tapped on element 'Object Repository/ShopOpen/RemainingCategories/SubmitButton'

2018-12-12 18:39:50 - [TEST_STEP][PASSED] - verifyElementText(findTestObject("ShopOpen/RemainingCategories/Validate_ProductCategoryAssetScreen", ["package":PACKAGENAME]), "Facing"): Actual text and expected text of test object 'Object Repository/ShopOpen/RemainingCategories/Validate_ProductCategoryAssetScreen' are matched.

2018-12-12 18:39:51 - [MESSAGE][PASSED] - Actual text and expected text of test object 'Object Repository/ShopOpen/RemainingCategories/Validate_ProductCategoryAssetScreen' are matched.

2018-12-12 18:39:51 - [TEST_STEP][PASSED] - tap(findTestObject("ShopOpen/RemainingCategories/StockTaking", ["package":PACKAGENAME]), 0): Tapped on element 'Object Repository/ShopOpen/RemainingCategories/StockTaking'

2018-12-12 18:39:51 - [MESSAGE][WARNING] - Timeout '0' is invalid. Using default page load timeout: '5'

2018-12-12 18:39:52 - [MESSAGE][PASSED] - Tapped on element 'Object Repository/ShopOpen/RemainingCategories/StockTaking'

2018-12-12 18:39:52 - [TEST_STEP][PASSED] - verifyElementText(findTestObject("ShopOpen/RemainingCategories/Validate_StockTakingScreen", ["package":PACKAGENAME]), "Stock Taking"): Actual text and expected text of test object 'Object Repository/ShopOpen/RemainingCategories/Validate_StockTakingScreen' are matched.

2018-12-12 18:39:54 - [MESSAGE][PASSED] - Actual text and expected text of test object 'Object Repository/ShopOpen/RemainingCategories/Validate_StockTakingScreen' are matched.

2018-12-12 18:39:54 - [TEST_STEP][PASSED] - com.ct.qa.keywords.ChannelProductsDataKeywords.visitChannelWiseProductsData(CHANNEL_DSA_OVERWRITESTOCKTAKING, "Stock Taking"): com.ct.qa.keywords.ChannelProductsDataKeywords.visitChannelWiseProductsData is PASSED

2018-12-12 18:39:58 - [MESSAGE][PASSED] - Keyboard is hidden

2018-12-12 18:40:01 - [MESSAGE][PASSED] - Keyboard is hidden

2018-12-12 18:40:04 - [MESSAGE][PASSED] - Keyboard is hidden

2018-12-12 18:40:07 - [MESSAGE][PASSED] - Keyboard is hidden

2018-12-12 18:40:10 - [MESSAGE][PASSED] - Keyboard is hidden

2018-12-12 18:40:13 - [MESSAGE][PASSED] - Keyboard is hidden

2018-12-12 18:40:15 - [MESSAGE][PASSED] - Swiped from 111,359 to 111,250

2018-12-12 18:40:19 - [MESSAGE][PASSED] - Keyboard is hidden

2018-12-12 18:40:20 - [MESSAGE][PASSED] - Swiped from 111,359 to 111,250

2018-12-12 18:40:22 - [MESSAGE][PASSED] - com.ct.qa.keywords.ChannelProductsDataKeywords.visitChannelWiseProductsData is PASSED

2018-12-12 18:40:22 - [TEST_STEP][PASSED] - tap(findTestObject("ShopOpen/RemainingCategories/SubmitButton", ["package":PACKAGENAME]), 0): Tapped on element 'Object Repository/ShopOpen/RemainingCategories/SubmitButton'

2018-12-12 18:40:22 - [MESSAGE][WARNING] - Timeout '0' is invalid. Using default page load timeout: '5'

2018-12-12 18:40:22 - [MESSAGE][PASSED] - Tapped on element 'Object Repository/ShopOpen/RemainingCategories/SubmitButton'

2018-12-12 18:40:22 - [TEST_STEP][PASSED] - verifyElementText(findTestObject("ShopOpen/RemainingCategories/Validate_ProductCategoryAssetScreen", ["package":PACKAGENAME]), "Facing"): Actual text and expected text of test object 'Object Repository/ShopOpen/RemainingCategories/Validate_ProductCategoryAssetScreen' are matched.

2018-12-12 18:40:23 - [MESSAGE][PASSED] - Actual text and expected text of test object 'Object Repository/ShopOpen/RemainingCategories/Validate_ProductCategoryAssetScreen' are matched.

2018-12-12 18:40:23 - [TEST_STEP][PASSED] - com.ct.qa.keywords.CommonKeywords.visitPlanogramImageViewButton(): com.ct.qa.keywords.CommonKeywords.visitPlanogramImageViewButton is PASSED

2018-12-12 18:40:25 - [MESSAGE][WARNING] - Timeout '0' is invalid. Using default page load timeout: '5'

2018-12-12 18:40:31 - [MESSAGE][WARNING] - Object Object Repository/CommonScreenElements/InfoPopUp_OKButton not found
[[ATTACHMENT|F:\\Git Projects\\MMA_Merchandising\\MMA_Merchandising\\Reports\\MMA Merchandising With Category Level Overwrite Scenarios\\20181212_182651\\1544622030553.png]]

2018-12-12 18:40:32 - [MESSAGE][PASSED] - com.ct.qa.keywords.CommonKeywords.visitPlanogramImageViewButton is PASSED

2018-12-12 18:40:32 - [TEST_STEP][PASSED] - verifyElementText(findTestObject("ShopOpen/RemainingCategories/Validate_ProductCategoryAssetScreen", ["package":PACKAGENAME]), "Facing"): Actual text and expected text of test object 'Object Repository/ShopOpen/RemainingCategories/Validate_ProductCategoryAssetScreen' are matched.

2018-12-12 18:40:33 - [MESSAGE][PASSED] - Actual text and expected text of test object 'Object Repository/ShopOpen/RemainingCategories/Validate_ProductCategoryAssetScreen' are matched.

2018-12-12 18:40:33 - [TEST_STEP][PASSED] - com.ct.qa.keywords.CommonKeywords.visitPictureImageViewButton(): com.ct.qa.keywords.CommonKeywords.visitPictureImageViewButton is PASSED

2018-12-12 18:40:34 - [MESSAGE][WARNING] - Timeout '0' is invalid. Using default page load timeout: '5'

2018-12-12 18:40:36 - [MESSAGE][PASSED] - Element 'Object Repository/CommonScreenElements/Validate_CameraScreen' is exist

2018-12-12 18:40:36 - [MESSAGE][WARNING] - Timeout '0' is invalid. Using default page load timeout: '5'

2018-12-12 18:40:39 - [MESSAGE][PASSED] - Tapped on element 'Object Repository/CommonScreenElements/TakePictureButton'

2018-12-12 18:40:44 - [MESSAGE][PASSED] - Delayed 5 second(s)

2018-12-12 18:40:44 - [MESSAGE][WARNING] - Timeout '0' is invalid. Using default page load timeout: '5'

2018-12-12 18:40:45 - [MESSAGE][PASSED] - Tapped on element 'Object Repository/CommonScreenElements/DoneButton'

2018-12-12 18:40:45 - [MESSAGE][PASSED] - com.ct.qa.keywords.CommonKeywords.visitPictureImageViewButton is PASSED

2018-12-12 18:40:45 - [TEST_STEP][PASSED] - verifyElementText(findTestObject("ShopOpen/RemainingCategories/Validate_ProductCategoryAssetScreen", ["package":PACKAGENAME]), "Facing"): Actual text and expected text of test object 'Object Repository/ShopOpen/RemainingCategories/Validate_ProductCategoryAssetScreen' are matched.

2018-12-12 18:40:46 - [MESSAGE][PASSED] - Actual text and expected text of test object 'Object Repository/ShopOpen/RemainingCategories/Validate_ProductCategoryAssetScreen' are matched.

2018-12-12 18:40:46 - [TEST_STEP][PASSED] - com.ct.qa.keywords.CommonKeywords.visitBackImageViewButton(): com.ct.qa.keywords.CommonKeywords.visitBackImageViewButton is PASSED

2018-12-12 18:40:47 - [MESSAGE][PASSED] - com.ct.qa.keywords.CommonKeywords.visitBackImageViewButton is PASSED

2018-12-12 18:40:47 - [TEST_STEP][PASSED] - verifyElementExist(findTestObject("ShopOpen/Validate_ShopCategoriesListScreen", ["package":PACKAGENAME]), 0): Element 'Object Repository/ShopOpen/Validate_ShopCategoriesListScreen' is exist

2018-12-12 18:40:47 - [MESSAGE][WARNING] - Timeout '0' is invalid. Using default page load timeout: '5'

2018-12-12 18:40:49 - [MESSAGE][PASSED] - Element 'Object Repository/ShopOpen/Validate_ShopCategoriesListScreen' is exist

2018-12-12 18:40:49 - [MESSAGE][PASSED] - Call Test Case 'Test Cases/ShopOpen/RemainingCategories/OverwriteRemainingCategoriesWithDSA' successfully

2018-12-12 18:40:49 - [MESSAGE][WARNING] - Timeout '0' is invalid. Using default page load timeout: '5'

2018-12-12 18:40:50 - [MESSAGE][PASSED] - Element 'Object Repository/CommonScreenElements/Validate_InfoPopUP' is exist

2018-12-12 18:40:50 - [MESSAGE][WARNING] - Timeout '0' is invalid. Using default page load timeout: '5'

2018-12-12 18:40:51 - [MESSAGE][PASSED] - Tapped on element 'Object Repository/CommonScreenElements/InfoPopUp_YesButton'

2018-12-12 18:40:51 - [MESSAGE][WARNING] - Timeout '0' is invalid. Using default page load timeout: '5'

2018-12-12 18:40:58 - [MESSAGE][WARNING] - Element 'Object Repository/CommonScreenElements/Validate_CameraScreen' not found
[[ATTACHMENT|F:\\Git Projects\\MMA_Merchandising\\MMA_Merchandising\\Reports\\MMA Merchandising With Category Level Overwrite Scenarios\\20181212_182651\\1544622056977.png]]

2018-12-12 18:40:58 - [MESSAGE][PASSED] - Actual text and expected text of test object 'Object Repository/ShopOpen/RemainingCategories/Validate_MainCategoryDetailScreen' are matched.

2018-12-12 18:40:59 - [TEST_CASE][PASSED] - Test Cases/ShopOpen/RemainingCategories/OverwriteRemainingCategoriesWithDSA: Test Cases/ShopOpen/RemainingCategories/OverwriteRemainingCategoriesWithDSA

2018-12-12 18:40:59 - [TEST_STEP][PASSED] - verifyElementText(findTestObject("ShopOpen/RemainingCategories/Validate_ProductCategoryAssetScreen", ["package":PACKAGENAME]), "Facing"): Actual text and expected text of test object 'Object Repository/ShopOpen/RemainingCategories/Validate_ProductCategoryAssetScreen' are matched.

2018-12-12 18:41:01 - [MESSAGE][PASSED] - Actual text and expected text of test object 'Object Repository/ShopOpen/RemainingCategories/Validate_ProductCategoryAssetScreen' are matched.

2018-12-12 18:41:01 - [TEST_STEP][PASSED] - tap(findTestObject("ShopOpen/RemainingCategories/Facing", ["package":PACKAGENAME]), 0): Tapped on element 'Object Repository/ShopOpen/RemainingCategories/Facing'

2018-12-12 18:41:01 - [MESSAGE][WARNING] - Timeout '0' is invalid. Using default page load timeout: '5'

2018-12-12 18:41:01 - [MESSAGE][PASSED] - Tapped on element 'Object Repository/ShopOpen/RemainingCategories/Facing'

2018-12-12 18:41:01 - [TEST_STEP][PASSED] - verifyElementText(findTestObject("ShopOpen/RemainingCategories/Validate_FacingScreen", ["package":PACKAGENAME]), "Facing"): Actual text and expected text of test object 'Object Repository/ShopOpen/RemainingCategories/Validate_FacingScreen' are matched.

2018-12-12 18:41:03 - [MESSAGE][PASSED] - Actual text and expected text of test object 'Object Repository/ShopOpen/RemainingCategories/Validate_FacingScreen' are matched.

2018-12-12 18:41:03 - [TEST_STEP][PASSED] - com.ct.qa.keywords.ChannelProductsDataKeywords.visitChannelWiseProductsData(CHANNEL_DSA_OVERWRITEFACING, "Facing"): com.ct.qa.keywords.ChannelProductsDataKeywords.visitChannelWiseProductsData is PASSED

2018-12-12 18:41:07 - [MESSAGE][PASSED] - Keyboard is hidden

2018-12-12 18:41:10 - [MESSAGE][PASSED] - Keyboard is hidden

2018-12-12 18:41:13 - [MESSAGE][PASSED] - Keyboard is hidden

2018-12-12 18:41:16 - [MESSAGE][PASSED] - Keyboard is hidden

2018-12-12 18:41:19 - [MESSAGE][PASSED] - Keyboard is hidden

2018-12-12 18:41:22 - [MESSAGE][PASSED] - Keyboard is hidden

2018-12-12 18:41:25 - [MESSAGE][PASSED] - Swiped from 85,359 to 85,250

2018-12-12 18:41:26 - [MESSAGE][PASSED] - com.ct.qa.keywords.ChannelProductsDataKeywords.visitChannelWiseProductsData is PASSED

2018-12-12 18:41:26 - [TEST_STEP][PASSED] - tap(findTestObject("ShopOpen/RemainingCategories/SubmitButton", ["package":PACKAGENAME]), 0): Tapped on element 'Object Repository/ShopOpen/RemainingCategories/SubmitButton'

2018-12-12 18:41:26 - [MESSAGE][WARNING] - Timeout '0' is invalid. Using default page load timeout: '5'

2018-12-12 18:41:27 - [MESSAGE][PASSED] - Tapped on element 'Object Repository/ShopOpen/RemainingCategories/SubmitButton'

2018-12-12 18:41:27 - [TEST_STEP][PASSED] - verifyElementText(findTestObject("ShopOpen/RemainingCategories/Validate_ProductCategoryAssetScreen", ["package":PACKAGENAME]), "Facing"): Actual text and expected text of test object 'Object Repository/ShopOpen/RemainingCategories/Validate_ProductCategoryAssetScreen' are matched.

2018-12-12 18:41:28 - [MESSAGE][PASSED] - Actual text and expected text of test object 'Object Repository/ShopOpen/RemainingCategories/Validate_ProductCategoryAssetScreen' are matched.

2018-12-12 18:41:28 - [TEST_STEP][PASSED] - tap(findTestObject("ShopOpen/RemainingCategories/StockTaking", ["package":PACKAGENAME]), 0): Tapped on element 'Object Repository/ShopOpen/RemainingCategories/StockTaking'

2018-12-12 18:41:28 - [MESSAGE][WARNING] - Timeout '0' is invalid. Using default page load timeout: '5'

2018-12-12 18:41:28 - [MESSAGE][PASSED] - Tapped on element 'Object Repository/ShopOpen/RemainingCategories/StockTaking'

2018-12-12 18:41:28 - [TEST_STEP][PASSED] - verifyElementText(findTestObject("ShopOpen/RemainingCategories/Validate_StockTakingScreen", ["package":PACKAGENAME]), "Stock Taking"): Actual text and expected text of test object 'Object Repository/ShopOpen/RemainingCategories/Validate_StockTakingScreen' are matched.

2018-12-12 18:41:30 - [MESSAGE][PASSED] - Actual text and expected text of test object 'Object Repository/ShopOpen/RemainingCategories/Validate_StockTakingScreen' are matched.

2018-12-12 18:41:30 - [TEST_STEP][PASSED] - com.ct.qa.keywords.ChannelProductsDataKeywords.visitChannelWiseProductsData(CHANNEL_DSA_OVERWRITESTOCKTAKING, "Stock Taking"): com.ct.qa.keywords.ChannelProductsDataKeywords.visitChannelWiseProductsData is PASSED

2018-12-12 18:41:34 - [MESSAGE][PASSED] - Keyboard is hidden

2018-12-12 18:41:37 - [MESSAGE][PASSED] - Keyboard is hidden

2018-12-12 18:41:40 - [MESSAGE][PASSED] - Keyboard is hidden

2018-12-12 18:41:43 - [MESSAGE][PASSED] - Keyboard is hidden

2018-12-12 18:41:46 - [MESSAGE][PASSED] - Keyboard is hidden

2018-12-12 18:41:49 - [MESSAGE][PASSED] - Keyboard is hidden

2018-12-12 18:41:51 - [MESSAGE][PASSED] - Swiped from 85,359 to 85,250

2018-12-12 18:41:53 - [MESSAGE][PASSED] - com.ct.qa.keywords.ChannelProductsDataKeywords.visitChannelWiseProductsData is PASSED

2018-12-12 18:41:53 - [TEST_STEP][PASSED] - tap(findTestObject("ShopOpen/RemainingCategories/SubmitButton", ["package":PACKAGENAME]), 0): Tapped on element 'Object Repository/ShopOpen/RemainingCategories/SubmitButton'

2018-12-12 18:41:53 - [MESSAGE][WARNING] - Timeout '0' is invalid. Using default page load timeout: '5'

2018-12-12 18:41:53 - [MESSAGE][PASSED] - Tapped on element 'Object Repository/ShopOpen/RemainingCategories/SubmitButton'

2018-12-12 18:41:53 - [TEST_STEP][PASSED] - verifyElementText(findTestObject("ShopOpen/RemainingCategories/Validate_ProductCategoryAssetScreen", ["package":PACKAGENAME]), "Facing"): Actual text and expected text of test object 'Object Repository/ShopOpen/RemainingCategories/Validate_ProductCategoryAssetScreen' are matched.

2018-12-12 18:41:54 - [MESSAGE][PASSED] - Actual text and expected text of test object 'Object Repository/ShopOpen/RemainingCategories/Validate_ProductCategoryAssetScreen' are matched.

2018-12-12 18:41:54 - [TEST_STEP][PASSED] - com.ct.qa.keywords.CommonKeywords.visitPlanogramImageViewButton(): com.ct.qa.keywords.CommonKeywords.visitPlanogramImageViewButton is PASSED

2018-12-12 18:41:55 - [MESSAGE][WARNING] - Timeout '0' is invalid. Using default page load timeout: '5'

2018-12-12 18:42:02 - [MESSAGE][WARNING] - Object Object Repository/CommonScreenElements/InfoPopUp_OKButton not found
[[ATTACHMENT|F:\\Git Projects\\MMA_Merchandising\\MMA_Merchandising\\Reports\\MMA Merchandising With Category Level Overwrite Scenarios\\20181212_182651\\1544622120908.png]]

2018-12-12 18:42:02 - [MESSAGE][PASSED] - com.ct.qa.keywords.CommonKeywords.visitPlanogramImageViewButton is PASSED

2018-12-12 18:42:02 - [TEST_STEP][PASSED] - verifyElementText(findTestObject("ShopOpen/RemainingCategories/Validate_ProductCategoryAssetScreen", ["package":PACKAGENAME]), "Facing"): Actual text and expected text of test object 'Object Repository/ShopOpen/RemainingCategories/Validate_ProductCategoryAssetScreen' are matched.

2018-12-12 18:42:03 - [MESSAGE][PASSED] - Actual text and expected text of test object 'Object Repository/ShopOpen/RemainingCategories/Validate_ProductCategoryAssetScreen' are matched.

2018-12-12 18:42:03 - [TEST_STEP][PASSED] - com.ct.qa.keywords.CommonKeywords.visitPictureImageViewButton(): com.ct.qa.keywords.CommonKeywords.visitPictureImageViewButton is PASSED

2018-12-12 18:42:04 - [MESSAGE][WARNING] - Timeout '0' is invalid. Using default page load timeout: '5'

2018-12-12 18:42:07 - [MESSAGE][PASSED] - Element 'Object Repository/CommonScreenElements/Validate_CameraScreen' is exist

2018-12-12 18:42:07 - [MESSAGE][WARNING] - Timeout '0' is invalid. Using default page load timeout: '5'

2018-12-12 18:42:10 - [MESSAGE][PASSED] - Tapped on element 'Object Repository/CommonScreenElements/TakePictureButton'

2018-12-12 18:42:15 - [MESSAGE][PASSED] - Delayed 5 second(s)

2018-12-12 18:42:15 - [MESSAGE][WARNING] - Timeout '0' is invalid. Using default page load timeout: '5'

2018-12-12 18:42:16 - [MESSAGE][PASSED] - Tapped on element 'Object Repository/CommonScreenElements/DoneButton'

2018-12-12 18:42:16 - [MESSAGE][PASSED] - com.ct.qa.keywords.CommonKeywords.visitPictureImageViewButton is PASSED

2018-12-12 18:42:16 - [TEST_STEP][PASSED] - verifyElementText(findTestObject("ShopOpen/RemainingCategories/Validate_ProductCategoryAssetScreen", ["package":PACKAGENAME]), "Facing"): Actual text and expected text of test object 'Object Repository/ShopOpen/RemainingCategories/Validate_ProductCategoryAssetScreen' are matched.

2018-12-12 18:42:17 - [MESSAGE][PASSED] - Actual text and expected text of test object 'Object Repository/ShopOpen/RemainingCategories/Validate_ProductCategoryAssetScreen' are matched.

2018-12-12 18:42:17 - [TEST_STEP][PASSED] - com.ct.qa.keywords.CommonKeywords.visitBackImageViewButton(): com.ct.qa.keywords.CommonKeywords.visitBackImageViewButton is PASSED

2018-12-12 18:42:18 - [MESSAGE][PASSED] - com.ct.qa.keywords.CommonKeywords.visitBackImageViewButton is PASSED

2018-12-12 18:42:18 - [TEST_STEP][PASSED] - verifyElementExist(findTestObject("ShopOpen/Validate_ShopCategoriesListScreen", ["package":PACKAGENAME]), 0): Element 'Object Repository/ShopOpen/Validate_ShopCategoriesListScreen' is exist

2018-12-12 18:42:18 - [MESSAGE][WARNING] - Timeout '0' is invalid. Using default page load timeout: '5'

2018-12-12 18:42:20 - [MESSAGE][PASSED] - Element 'Object Repository/ShopOpen/Validate_ShopCategoriesListScreen' is exist

2018-12-12 18:42:20 - [MESSAGE][PASSED] - Call Test Case 'Test Cases/ShopOpen/RemainingCategories/OverwriteRemainingCategoriesWithDSA' successfully

2018-12-12 18:42:20 - [MESSAGE][WARNING] - Timeout '0' is invalid. Using default page load timeout: '5'

2018-12-12 18:42:21 - [MESSAGE][PASSED] - Element 'Object Repository/CommonScreenElements/Validate_InfoPopUP' is exist

2018-12-12 18:42:21 - [MESSAGE][WARNING] - Timeout '0' is invalid. Using default page load timeout: '5'

2018-12-12 18:42:22 - [MESSAGE][PASSED] - Tapped on element 'Object Repository/CommonScreenElements/InfoPopUp_YesButton'

2018-12-12 18:42:22 - [MESSAGE][WARNING] - Timeout '0' is invalid. Using default page load timeout: '5'

2018-12-12 18:42:28 - [MESSAGE][WARNING] - Element 'Object Repository/CommonScreenElements/Validate_CameraScreen' not found
[[ATTACHMENT|F:\\Git Projects\\MMA_Merchandising\\MMA_Merchandising\\Reports\\MMA Merchandising With Category Level Overwrite Scenarios\\20181212_182651\\1544622147436.png]]

2018-12-12 18:42:29 - [MESSAGE][PASSED] - Actual text and expected text of test object 'Object Repository/ShopOpen/RemainingCategories/Validate_MainCategoryDetailScreen' are matched.

2018-12-12 18:42:30 - [TEST_CASE][PASSED] - Test Cases/ShopOpen/RemainingCategories/OverwriteRemainingCategoriesWithDSA: Test Cases/ShopOpen/RemainingCategories/OverwriteRemainingCategoriesWithDSA

2018-12-12 18:42:30 - [TEST_STEP][PASSED] - verifyElementText(findTestObject("ShopOpen/RemainingCategories/Validate_ProductCategoryAssetScreen", ["package":PACKAGENAME]), "Facing"): Actual text and expected text of test object 'Object Repository/ShopOpen/RemainingCategories/Validate_ProductCategoryAssetScreen' are matched.

2018-12-12 18:42:32 - [MESSAGE][PASSED] - Actual text and expected text of test object 'Object Repository/ShopOpen/RemainingCategories/Validate_ProductCategoryAssetScreen' are matched.

2018-12-12 18:42:32 - [TEST_STEP][PASSED] - tap(findTestObject("ShopOpen/RemainingCategories/Facing", ["package":PACKAGENAME]), 0): Tapped on element 'Object Repository/ShopOpen/RemainingCategories/Facing'

2018-12-12 18:42:32 - [MESSAGE][WARNING] - Timeout '0' is invalid. Using default page load timeout: '5'

2018-12-12 18:42:32 - [MESSAGE][PASSED] - Tapped on element 'Object Repository/ShopOpen/RemainingCategories/Facing'

2018-12-12 18:42:32 - [TEST_STEP][PASSED] - verifyElementText(findTestObject("ShopOpen/RemainingCategories/Validate_FacingScreen", ["package":PACKAGENAME]), "Facing"): Actual text and expected text of test object 'Object Repository/ShopOpen/RemainingCategories/Validate_FacingScreen' are matched.

2018-12-12 18:42:34 - [MESSAGE][PASSED] - Actual text and expected text of test object 'Object Repository/ShopOpen/RemainingCategories/Validate_FacingScreen' are matched.

2018-12-12 18:42:34 - [TEST_STEP][PASSED] - com.ct.qa.keywords.ChannelProductsDataKeywords.visitChannelWiseProductsData(CHANNEL_DSA_OVERWRITEFACING, "Facing"): com.ct.qa.keywords.ChannelProductsDataKeywords.visitChannelWiseProductsData is PASSED

2018-12-12 18:42:38 - [MESSAGE][PASSED] - Keyboard is hidden

2018-12-12 18:42:41 - [MESSAGE][PASSED] - Keyboard is hidden

2018-12-12 18:42:44 - [MESSAGE][PASSED] - Keyboard is hidden

2018-12-12 18:42:45 - [MESSAGE][PASSED] - com.ct.qa.keywords.ChannelProductsDataKeywords.visitChannelWiseProductsData is PASSED

2018-12-12 18:42:45 - [TEST_STEP][PASSED] - tap(findTestObject("ShopOpen/RemainingCategories/SubmitButton", ["package":PACKAGENAME]), 0): Tapped on element 'Object Repository/ShopOpen/RemainingCategories/SubmitButton'

2018-12-12 18:42:45 - [MESSAGE][WARNING] - Timeout '0' is invalid. Using default page load timeout: '5'

2018-12-12 18:42:46 - [MESSAGE][PASSED] - Tapped on element 'Object Repository/ShopOpen/RemainingCategories/SubmitButton'

2018-12-12 18:42:46 - [TEST_STEP][PASSED] - verifyElementText(findTestObject("ShopOpen/RemainingCategories/Validate_ProductCategoryAssetScreen", ["package":PACKAGENAME]), "Facing"): Actual text and expected text of test object 'Object Repository/ShopOpen/RemainingCategories/Validate_ProductCategoryAssetScreen' are matched.

2018-12-12 18:42:47 - [MESSAGE][PASSED] - Actual text and expected text of test object 'Object Repository/ShopOpen/RemainingCategories/Validate_ProductCategoryAssetScreen' are matched.

2018-12-12 18:42:47 - [TEST_STEP][PASSED] - tap(findTestObject("ShopOpen/RemainingCategories/StockTaking", ["package":PACKAGENAME]), 0): Tapped on element 'Object Repository/ShopOpen/RemainingCategories/StockTaking'

2018-12-12 18:42:47 - [MESSAGE][WARNING] - Timeout '0' is invalid. Using default page load timeout: '5'

2018-12-12 18:42:47 - [MESSAGE][PASSED] - Tapped on element 'Object Repository/ShopOpen/RemainingCategories/StockTaking'

2018-12-12 18:42:47 - [TEST_STEP][PASSED] - verifyElementText(findTestObject("ShopOpen/RemainingCategories/Validate_StockTakingScreen", ["package":PACKAGENAME]), "Stock Taking"): Actual text and expected text of test object 'Object Repository/ShopOpen/RemainingCategories/Validate_StockTakingScreen' are matched.

2018-12-12 18:42:49 - [MESSAGE][PASSED] - Actual text and expected text of test object 'Object Repository/ShopOpen/RemainingCategories/Validate_StockTakingScreen' are matched.

2018-12-12 18:42:49 - [TEST_STEP][PASSED] - com.ct.qa.keywords.ChannelProductsDataKeywords.visitChannelWiseProductsData(CHANNEL_DSA_OVERWRITESTOCKTAKING, "Stock Taking"): com.ct.qa.keywords.ChannelProductsDataKeywords.visitChannelWiseProductsData is PASSED

2018-12-12 18:42:53 - [MESSAGE][PASSED] - Keyboard is hidden

2018-12-12 18:42:56 - [MESSAGE][PASSED] - Keyboard is hidden

2018-12-12 18:42:59 - [MESSAGE][PASSED] - Keyboard is hidden

2018-12-12 18:43:00 - [MESSAGE][PASSED] - com.ct.qa.keywords.ChannelProductsDataKeywords.visitChannelWiseProductsData is PASSED

2018-12-12 18:43:00 - [TEST_STEP][PASSED] - tap(findTestObject("ShopOpen/RemainingCategories/SubmitButton", ["package":PACKAGENAME]), 0): Tapped on element 'Object Repository/ShopOpen/RemainingCategories/SubmitButton'

2018-12-12 18:43:00 - [MESSAGE][WARNING] - Timeout '0' is invalid. Using default page load timeout: '5'

2018-12-12 18:43:01 - [MESSAGE][PASSED] - Tapped on element 'Object Repository/ShopOpen/RemainingCategories/SubmitButton'

2018-12-12 18:43:01 - [TEST_STEP][PASSED] - verifyElementText(findTestObject("ShopOpen/RemainingCategories/Validate_ProductCategoryAssetScreen", ["package":PACKAGENAME]), "Facing"): Actual text and expected text of test object 'Object Repository/ShopOpen/RemainingCategories/Validate_ProductCategoryAssetScreen' are matched.

2018-12-12 18:43:02 - [MESSAGE][PASSED] - Actual text and expected text of test object 'Object Repository/ShopOpen/RemainingCategories/Validate_ProductCategoryAssetScreen' are matched.

2018-12-12 18:43:02 - [TEST_STEP][PASSED] - com.ct.qa.keywords.CommonKeywords.visitPlanogramImageViewButton(): com.ct.qa.keywords.CommonKeywords.visitPlanogramImageViewButton is PASSED

2018-12-12 18:43:04 - [MESSAGE][WARNING] - Timeout '0' is invalid. Using default page load timeout: '5'

2018-12-12 18:43:10 - [MESSAGE][WARNING] - Object Object Repository/CommonScreenElements/InfoPopUp_OKButton not found
[[ATTACHMENT|F:\\Git Projects\\MMA_Merchandising\\MMA_Merchandising\\Reports\\MMA Merchandising With Category Level Overwrite Scenarios\\20181212_182651\\1544622189340.png]]

2018-12-12 18:43:11 - [MESSAGE][PASSED] - com.ct.qa.keywords.CommonKeywords.visitPlanogramImageViewButton is PASSED

2018-12-12 18:43:11 - [TEST_STEP][PASSED] - verifyElementText(findTestObject("ShopOpen/RemainingCategories/Validate_ProductCategoryAssetScreen", ["package":PACKAGENAME]), "Facing"): Actual text and expected text of test object 'Object Repository/ShopOpen/RemainingCategories/Validate_ProductCategoryAssetScreen' are matched.

2018-12-12 18:43:12 - [MESSAGE][PASSED] - Actual text and expected text of test object 'Object Repository/ShopOpen/RemainingCategories/Validate_ProductCategoryAssetScreen' are matched.

2018-12-12 18:43:12 - [TEST_STEP][PASSED] - com.ct.qa.keywords.CommonKeywords.visitPictureImageViewButton(): com.ct.qa.keywords.CommonKeywords.visitPictureImageViewButton is PASSED

2018-12-12 18:43:13 - [MESSAGE][WARNING] - Timeout '0' is invalid. Using default page load timeout: '5'

2018-12-12 18:43:16 - [MESSAGE][PASSED] - Element 'Object Repository/CommonScreenElements/Validate_CameraScreen' is exist

2018-12-12 18:43:16 - [MESSAGE][WARNING] - Timeout '0' is invalid. Using default page load timeout: '5'

2018-12-12 18:43:19 - [MESSAGE][PASSED] - Tapped on element 'Object Repository/CommonScreenElements/TakePictureButton'

2018-12-12 18:43:24 - [MESSAGE][PASSED] - Delayed 5 second(s)

2018-12-12 18:43:24 - [MESSAGE][WARNING] - Timeout '0' is invalid. Using default page load timeout: '5'

2018-12-12 18:43:25 - [MESSAGE][PASSED] - Tapped on element 'Object Repository/CommonScreenElements/DoneButton'

2018-12-12 18:43:25 - [MESSAGE][PASSED] - com.ct.qa.keywords.CommonKeywords.visitPictureImageViewButton is PASSED

2018-12-12 18:43:25 - [TEST_STEP][PASSED] - verifyElementText(findTestObject("ShopOpen/RemainingCategories/Validate_ProductCategoryAssetScreen", ["package":PACKAGENAME]), "Facing"): Actual text and expected text of test object 'Object Repository/ShopOpen/RemainingCategories/Validate_ProductCategoryAssetScreen' are matched.

2018-12-12 18:43:26 - [MESSAGE][PASSED] - Actual text and expected text of test object 'Object Repository/ShopOpen/RemainingCategories/Validate_ProductCategoryAssetScreen' are matched.

2018-12-12 18:43:26 - [TEST_STEP][PASSED] - com.ct.qa.keywords.CommonKeywords.visitBackImageViewButton(): com.ct.qa.keywords.CommonKeywords.visitBackImageViewButton is PASSED

2018-12-12 18:43:27 - [MESSAGE][PASSED] - com.ct.qa.keywords.CommonKeywords.visitBackImageViewButton is PASSED

2018-12-12 18:43:27 - [TEST_STEP][PASSED] - verifyElementExist(findTestObject("ShopOpen/Validate_ShopCategoriesListScreen", ["package":PACKAGENAME]), 0): Element 'Object Repository/ShopOpen/Validate_ShopCategoriesListScreen' is exist

2018-12-12 18:43:27 - [MESSAGE][WARNING] - Timeout '0' is invalid. Using default page load timeout: '5'

2018-12-12 18:43:29 - [MESSAGE][PASSED] - Element 'Object Repository/ShopOpen/Validate_ShopCategoriesListScreen' is exist

2018-12-12 18:43:29 - [MESSAGE][PASSED] - Call Test Case 'Test Cases/ShopOpen/RemainingCategories/OverwriteRemainingCategoriesWithDSA' successfully

2018-12-12 18:43:29 - [MESSAGE][WARNING] - Timeout '0' is invalid. Using default page load timeout: '5'

2018-12-12 18:43:30 - [MESSAGE][PASSED] - Element 'Object Repository/CommonScreenElements/Validate_InfoPopUP' is exist

2018-12-12 18:43:30 - [MESSAGE][WARNING] - Timeout '0' is invalid. Using default page load timeout: '5'

2018-12-12 18:43:31 - [MESSAGE][PASSED] - Tapped on element 'Object Repository/CommonScreenElements/InfoPopUp_YesButton'

2018-12-12 18:43:31 - [MESSAGE][WARNING] - Timeout '0' is invalid. Using default page load timeout: '5'

2018-12-12 18:43:37 - [MESSAGE][WARNING] - Element 'Object Repository/CommonScreenElements/Validate_CameraScreen' not found
[[ATTACHMENT|F:\\Git Projects\\MMA_Merchandising\\MMA_Merchandising\\Reports\\MMA Merchandising With Category Level Overwrite Scenarios\\20181212_182651\\1544622217036.png]]

2018-12-12 18:43:38 - [MESSAGE][PASSED] - Actual text and expected text of test object 'Object Repository/ShopOpen/RemainingCategories/Validate_MainCategoryDetailScreen' are matched.

2018-12-12 18:43:39 - [TEST_CASE][PASSED] - Test Cases/ShopOpen/RemainingCategories/OverwriteRemainingCategoriesWithDSA: Test Cases/ShopOpen/RemainingCategories/OverwriteRemainingCategoriesWithDSA

2018-12-12 18:43:39 - [TEST_STEP][PASSED] - verifyElementText(findTestObject("ShopOpen/RemainingCategories/Validate_ProductCategoryAssetScreen", ["package":PACKAGENAME]), "Facing"): Actual text and expected text of test object 'Object Repository/ShopOpen/RemainingCategories/Validate_ProductCategoryAssetScreen' are matched.

2018-12-12 18:43:41 - [MESSAGE][PASSED] - Actual text and expected text of test object 'Object Repository/ShopOpen/RemainingCategories/Validate_ProductCategoryAssetScreen' are matched.

2018-12-12 18:43:41 - [TEST_STEP][PASSED] - tap(findTestObject("ShopOpen/RemainingCategories/Facing", ["package":PACKAGENAME]), 0): Tapped on element 'Object Repository/ShopOpen/RemainingCategories/Facing'

2018-12-12 18:43:41 - [MESSAGE][WARNING] - Timeout '0' is invalid. Using default page load timeout: '5'

2018-12-12 18:43:41 - [MESSAGE][PASSED] - Tapped on element 'Object Repository/ShopOpen/RemainingCategories/Facing'

2018-12-12 18:43:41 - [TEST_STEP][PASSED] - verifyElementText(findTestObject("ShopOpen/RemainingCategories/Validate_FacingScreen", ["package":PACKAGENAME]), "Facing"): Actual text and expected text of test object 'Object Repository/ShopOpen/RemainingCategories/Validate_FacingScreen' are matched.

2018-12-12 18:43:43 - [MESSAGE][PASSED] - Actual text and expected text of test object 'Object Repository/ShopOpen/RemainingCategories/Validate_FacingScreen' are matched.

2018-12-12 18:43:43 - [TEST_STEP][PASSED] - com.ct.qa.keywords.ChannelProductsDataKeywords.visitChannelWiseProductsData(CHANNEL_DSA_OVERWRITEFACING, "Facing"): com.ct.qa.keywords.ChannelProductsDataKeywords.visitChannelWiseProductsData is PASSED

2018-12-12 18:43:47 - [MESSAGE][PASSED] - Keyboard is hidden

2018-12-12 18:43:50 - [MESSAGE][PASSED] - Keyboard is hidden

2018-12-12 18:43:53 - [MESSAGE][PASSED] - Keyboard is hidden

2018-12-12 18:43:56 - [MESSAGE][PASSED] - Keyboard is hidden

2018-12-12 18:43:59 - [MESSAGE][PASSED] - Keyboard is hidden

2018-12-12 18:44:02 - [MESSAGE][PASSED] - Keyboard is hidden

2018-12-12 18:44:05 - [MESSAGE][PASSED] - Swiped from 50,359 to 50,250

2018-12-12 18:44:06 - [MESSAGE][PASSED] - com.ct.qa.keywords.ChannelProductsDataKeywords.visitChannelWiseProductsData is PASSED

2018-12-12 18:44:06 - [TEST_STEP][PASSED] - tap(findTestObject("ShopOpen/RemainingCategories/SubmitButton", ["package":PACKAGENAME]), 0): Tapped on element 'Object Repository/ShopOpen/RemainingCategories/SubmitButton'

2018-12-12 18:44:06 - [MESSAGE][WARNING] - Timeout '0' is invalid. Using default page load timeout: '5'

2018-12-12 18:44:07 - [MESSAGE][PASSED] - Tapped on element 'Object Repository/ShopOpen/RemainingCategories/SubmitButton'

2018-12-12 18:44:07 - [TEST_STEP][PASSED] - verifyElementText(findTestObject("ShopOpen/RemainingCategories/Validate_ProductCategoryAssetScreen", ["package":PACKAGENAME]), "Facing"): Actual text and expected text of test object 'Object Repository/ShopOpen/RemainingCategories/Validate_ProductCategoryAssetScreen' are matched.

2018-12-12 18:44:08 - [MESSAGE][PASSED] - Actual text and expected text of test object 'Object Repository/ShopOpen/RemainingCategories/Validate_ProductCategoryAssetScreen' are matched.

2018-12-12 18:44:08 - [TEST_STEP][PASSED] - tap(findTestObject("ShopOpen/RemainingCategories/StockTaking", ["package":PACKAGENAME]), 0): Tapped on element 'Object Repository/ShopOpen/RemainingCategories/StockTaking'

2018-12-12 18:44:08 - [MESSAGE][WARNING] - Timeout '0' is invalid. Using default page load timeout: '5'

2018-12-12 18:44:08 - [MESSAGE][PASSED] - Tapped on element 'Object Repository/ShopOpen/RemainingCategories/StockTaking'

2018-12-12 18:44:08 - [TEST_STEP][PASSED] - verifyElementText(findTestObject("ShopOpen/RemainingCategories/Validate_StockTakingScreen", ["package":PACKAGENAME]), "Stock Taking"): Actual text and expected text of test object 'Object Repository/ShopOpen/RemainingCategories/Validate_StockTakingScreen' are matched.

2018-12-12 18:44:10 - [MESSAGE][PASSED] - Actual text and expected text of test object 'Object Repository/ShopOpen/RemainingCategories/Validate_StockTakingScreen' are matched.

2018-12-12 18:44:10 - [TEST_STEP][PASSED] - com.ct.qa.keywords.ChannelProductsDataKeywords.visitChannelWiseProductsData(CHANNEL_DSA_OVERWRITESTOCKTAKING, "Stock Taking"): com.ct.qa.keywords.ChannelProductsDataKeywords.visitChannelWiseProductsData is PASSED

2018-12-12 18:44:14 - [MESSAGE][PASSED] - Keyboard is hidden

2018-12-12 18:44:17 - [MESSAGE][PASSED] - Keyboard is hidden

2018-12-12 18:44:20 - [MESSAGE][PASSED] - Keyboard is hidden

2018-12-12 18:44:23 - [MESSAGE][PASSED] - Keyboard is hidden

2018-12-12 18:44:26 - [MESSAGE][PASSED] - Keyboard is hidden

2018-12-12 18:44:29 - [MESSAGE][PASSED] - Keyboard is hidden

2018-12-12 18:44:31 - [MESSAGE][PASSED] - Swiped from 50,359 to 50,250

2018-12-12 18:44:33 - [MESSAGE][PASSED] - com.ct.qa.keywords.ChannelProductsDataKeywords.visitChannelWiseProductsData is PASSED

2018-12-12 18:44:33 - [TEST_STEP][PASSED] - tap(findTestObject("ShopOpen/RemainingCategories/SubmitButton", ["package":PACKAGENAME]), 0): Tapped on element 'Object Repository/ShopOpen/RemainingCategories/SubmitButton'

2018-12-12 18:44:33 - [MESSAGE][WARNING] - Timeout '0' is invalid. Using default page load timeout: '5'

2018-12-12 18:44:33 - [MESSAGE][PASSED] - Tapped on element 'Object Repository/ShopOpen/RemainingCategories/SubmitButton'

2018-12-12 18:44:33 - [TEST_STEP][PASSED] - verifyElementText(findTestObject("ShopOpen/RemainingCategories/Validate_ProductCategoryAssetScreen", ["package":PACKAGENAME]), "Facing"): Actual text and expected text of test object 'Object Repository/ShopOpen/RemainingCategories/Validate_ProductCategoryAssetScreen' are matched.

2018-12-12 18:44:34 - [MESSAGE][PASSED] - Actual text and expected text of test object 'Object Repository/ShopOpen/RemainingCategories/Validate_ProductCategoryAssetScreen' are matched.

2018-12-12 18:44:34 - [TEST_STEP][PASSED] - com.ct.qa.keywords.CommonKeywords.visitPlanogramImageViewButton(): com.ct.qa.keywords.CommonKeywords.visitPlanogramImageViewButton is PASSED

2018-12-12 18:44:35 - [MESSAGE][WARNING] - Timeout '0' is invalid. Using default page load timeout: '5'

2018-12-12 18:44:42 - [MESSAGE][WARNING] - Object Object Repository/CommonScreenElements/InfoPopUp_OKButton not found
[[ATTACHMENT|F:\\Git Projects\\MMA_Merchandising\\MMA_Merchandising\\Reports\\MMA Merchandising With Category Level Overwrite Scenarios\\20181212_182651\\1544622280628.png]]

2018-12-12 18:44:42 - [MESSAGE][PASSED] - com.ct.qa.keywords.CommonKeywords.visitPlanogramImageViewButton is PASSED

2018-12-12 18:44:42 - [TEST_STEP][PASSED] - verifyElementText(findTestObject("ShopOpen/RemainingCategories/Validate_ProductCategoryAssetScreen", ["package":PACKAGENAME]), "Facing"): Actual text and expected text of test object 'Object Repository/ShopOpen/RemainingCategories/Validate_ProductCategoryAssetScreen' are matched.

2018-12-12 18:44:43 - [MESSAGE][PASSED] - Actual text and expected text of test object 'Object Repository/ShopOpen/RemainingCategories/Validate_ProductCategoryAssetScreen' are matched.

2018-12-12 18:44:43 - [TEST_STEP][PASSED] - com.ct.qa.keywords.CommonKeywords.visitPictureImageViewButton(): com.ct.qa.keywords.CommonKeywords.visitPictureImageViewButton is PASSED

2018-12-12 18:44:44 - [MESSAGE][WARNING] - Timeout '0' is invalid. Using default page load timeout: '5'

2018-12-12 18:44:47 - [MESSAGE][PASSED] - Element 'Object Repository/CommonScreenElements/Validate_CameraScreen' is exist

2018-12-12 18:44:47 - [MESSAGE][WARNING] - Timeout '0' is invalid. Using default page load timeout: '5'

2018-12-12 18:44:50 - [MESSAGE][PASSED] - Tapped on element 'Object Repository/CommonScreenElements/TakePictureButton'

2018-12-12 18:44:55 - [MESSAGE][PASSED] - Delayed 5 second(s)

2018-12-12 18:44:55 - [MESSAGE][WARNING] - Timeout '0' is invalid. Using default page load timeout: '5'

2018-12-12 18:44:56 - [MESSAGE][PASSED] - Tapped on element 'Object Repository/CommonScreenElements/DoneButton'

2018-12-12 18:44:56 - [MESSAGE][PASSED] - com.ct.qa.keywords.CommonKeywords.visitPictureImageViewButton is PASSED

2018-12-12 18:44:56 - [TEST_STEP][PASSED] - verifyElementText(findTestObject("ShopOpen/RemainingCategories/Validate_ProductCategoryAssetScreen", ["package":PACKAGENAME]), "Facing"): Actual text and expected text of test object 'Object Repository/ShopOpen/RemainingCategories/Validate_ProductCategoryAssetScreen' are matched.

2018-12-12 18:44:57 - [MESSAGE][PASSED] - Actual text and expected text of test object 'Object Repository/ShopOpen/RemainingCategories/Validate_ProductCategoryAssetScreen' are matched.

2018-12-12 18:44:57 - [TEST_STEP][PASSED] - com.ct.qa.keywords.CommonKeywords.visitBackImageViewButton(): com.ct.qa.keywords.CommonKeywords.visitBackImageViewButton is PASSED

2018-12-12 18:44:58 - [MESSAGE][PASSED] - com.ct.qa.keywords.CommonKeywords.visitBackImageViewButton is PASSED

2018-12-12 18:44:58 - [TEST_STEP][PASSED] - verifyElementExist(findTestObject("ShopOpen/Validate_ShopCategoriesListScreen", ["package":PACKAGENAME]), 0): Element 'Object Repository/ShopOpen/Validate_ShopCategoriesListScreen' is exist

2018-12-12 18:44:58 - [MESSAGE][WARNING] - Timeout '0' is invalid. Using default page load timeout: '5'

2018-12-12 18:45:00 - [MESSAGE][PASSED] - Element 'Object Repository/ShopOpen/Validate_ShopCategoriesListScreen' is exist

2018-12-12 18:45:00 - [MESSAGE][PASSED] - Call Test Case 'Test Cases/ShopOpen/RemainingCategories/OverwriteRemainingCategoriesWithDSA' successfully

2018-12-12 18:45:00 - [MESSAGE][WARNING] - Timeout '0' is invalid. Using default page load timeout: '5'

2018-12-12 18:45:01 - [MESSAGE][PASSED] - Element 'Object Repository/CommonScreenElements/Validate_InfoPopUP' is exist

2018-12-12 18:45:01 - [MESSAGE][WARNING] - Timeout '0' is invalid. Using default page load timeout: '5'

2018-12-12 18:45:02 - [MESSAGE][PASSED] - Tapped on element 'Object Repository/CommonScreenElements/InfoPopUp_YesButton'

2018-12-12 18:45:02 - [MESSAGE][WARNING] - Timeout '0' is invalid. Using default page load timeout: '5'

2018-12-12 18:45:08 - [MESSAGE][WARNING] - Element 'Object Repository/CommonScreenElements/Validate_CameraScreen' not found
[[ATTACHMENT|F:\\Git Projects\\MMA_Merchandising\\MMA_Merchandising\\Reports\\MMA Merchandising With Category Level Overwrite Scenarios\\20181212_182651\\1544622307417.png]]

2018-12-12 18:45:09 - [MESSAGE][PASSED] - Actual text and expected text of test object 'Object Repository/ShopOpen/RemainingCategories/Validate_MainCategoryDetailScreen' are matched.

2018-12-12 18:45:09 - [TEST_CASE][PASSED] - Test Cases/ShopOpen/RemainingCategories/OverwriteRemainingCategoriesWithDSA: Test Cases/ShopOpen/RemainingCategories/OverwriteRemainingCategoriesWithDSA

2018-12-12 18:45:09 - [TEST_STEP][PASSED] - verifyElementText(findTestObject("ShopOpen/RemainingCategories/Validate_ProductCategoryAssetScreen", ["package":PACKAGENAME]), "Facing"): Actual text and expected text of test object 'Object Repository/ShopOpen/RemainingCategories/Validate_ProductCategoryAssetScreen' are matched.

2018-12-12 18:45:12 - [MESSAGE][PASSED] - Actual text and expected text of test object 'Object Repository/ShopOpen/RemainingCategories/Validate_ProductCategoryAssetScreen' are matched.

2018-12-12 18:45:12 - [TEST_STEP][PASSED] - tap(findTestObject("ShopOpen/RemainingCategories/Facing", ["package":PACKAGENAME]), 0): Tapped on element 'Object Repository/ShopOpen/RemainingCategories/Facing'

2018-12-12 18:45:12 - [MESSAGE][WARNING] - Timeout '0' is invalid. Using default page load timeout: '5'

2018-12-12 18:45:12 - [MESSAGE][PASSED] - Tapped on element 'Object Repository/ShopOpen/RemainingCategories/Facing'

2018-12-12 18:45:12 - [TEST_STEP][PASSED] - verifyElementText(findTestObject("ShopOpen/RemainingCategories/Validate_FacingScreen", ["package":PACKAGENAME]), "Facing"): Actual text and expected text of test object 'Object Repository/ShopOpen/RemainingCategories/Validate_FacingScreen' are matched.

2018-12-12 18:45:14 - [MESSAGE][PASSED] - Actual text and expected text of test object 'Object Repository/ShopOpen/RemainingCategories/Validate_FacingScreen' are matched.

2018-12-12 18:45:14 - [TEST_STEP][PASSED] - com.ct.qa.keywords.ChannelProductsDataKeywords.visitChannelWiseProductsData(CHANNEL_DSA_OVERWRITEFACING, "Facing"): com.ct.qa.keywords.ChannelProductsDataKeywords.visitChannelWiseProductsData is PASSED

2018-12-12 18:45:18 - [MESSAGE][PASSED] - Keyboard is hidden

2018-12-12 18:45:21 - [MESSAGE][PASSED] - Keyboard is hidden

2018-12-12 18:45:24 - [MESSAGE][PASSED] - Keyboard is hidden

2018-12-12 18:45:27 - [MESSAGE][PASSED] - Keyboard is hidden

2018-12-12 18:45:28 - [MESSAGE][PASSED] - com.ct.qa.keywords.ChannelProductsDataKeywords.visitChannelWiseProductsData is PASSED

2018-12-12 18:45:28 - [TEST_STEP][PASSED] - tap(findTestObject("ShopOpen/RemainingCategories/SubmitButton", ["package":PACKAGENAME]), 0): Tapped on element 'Object Repository/ShopOpen/RemainingCategories/SubmitButton'

2018-12-12 18:45:28 - [MESSAGE][WARNING] - Timeout '0' is invalid. Using default page load timeout: '5'

2018-12-12 18:45:29 - [MESSAGE][PASSED] - Tapped on element 'Object Repository/ShopOpen/RemainingCategories/SubmitButton'

2018-12-12 18:45:29 - [TEST_STEP][PASSED] - verifyElementText(findTestObject("ShopOpen/RemainingCategories/Validate_ProductCategoryAssetScreen", ["package":PACKAGENAME]), "Facing"): Actual text and expected text of test object 'Object Repository/ShopOpen/RemainingCategories/Validate_ProductCategoryAssetScreen' are matched.

2018-12-12 18:45:30 - [MESSAGE][PASSED] - Actual text and expected text of test object 'Object Repository/ShopOpen/RemainingCategories/Validate_ProductCategoryAssetScreen' are matched.

2018-12-12 18:45:30 - [TEST_STEP][PASSED] - tap(findTestObject("ShopOpen/RemainingCategories/StockTaking", ["package":PACKAGENAME]), 0): Tapped on element 'Object Repository/ShopOpen/RemainingCategories/StockTaking'

2018-12-12 18:45:30 - [MESSAGE][WARNING] - Timeout '0' is invalid. Using default page load timeout: '5'

2018-12-12 18:45:30 - [MESSAGE][PASSED] - Tapped on element 'Object Repository/ShopOpen/RemainingCategories/StockTaking'

2018-12-12 18:45:30 - [TEST_STEP][PASSED] - verifyElementText(findTestObject("ShopOpen/RemainingCategories/Validate_StockTakingScreen", ["package":PACKAGENAME]), "Stock Taking"): Actual text and expected text of test object 'Object Repository/ShopOpen/RemainingCategories/Validate_StockTakingScreen' are matched.

2018-12-12 18:45:32 - [MESSAGE][PASSED] - Actual text and expected text of test object 'Object Repository/ShopOpen/RemainingCategories/Validate_StockTakingScreen' are matched.

2018-12-12 18:45:32 - [TEST_STEP][PASSED] - com.ct.qa.keywords.ChannelProductsDataKeywords.visitChannelWiseProductsData(CHANNEL_DSA_OVERWRITESTOCKTAKING, "Stock Taking"): com.ct.qa.keywords.ChannelProductsDataKeywords.visitChannelWiseProductsData is PASSED

2018-12-12 18:45:36 - [MESSAGE][PASSED] - Keyboard is hidden

2018-12-12 18:45:39 - [MESSAGE][PASSED] - Keyboard is hidden

2018-12-12 18:45:42 - [MESSAGE][PASSED] - Keyboard is hidden

2018-12-12 18:45:45 - [MESSAGE][PASSED] - Keyboard is hidden

2018-12-12 18:45:46 - [MESSAGE][PASSED] - com.ct.qa.keywords.ChannelProductsDataKeywords.visitChannelWiseProductsData is PASSED

2018-12-12 18:45:46 - [TEST_STEP][PASSED] - tap(findTestObject("ShopOpen/RemainingCategories/SubmitButton", ["package":PACKAGENAME]), 0): Tapped on element 'Object Repository/ShopOpen/RemainingCategories/SubmitButton'

2018-12-12 18:45:46 - [MESSAGE][WARNING] - Timeout '0' is invalid. Using default page load timeout: '5'

2018-12-12 18:45:47 - [MESSAGE][PASSED] - Tapped on element 'Object Repository/ShopOpen/RemainingCategories/SubmitButton'

2018-12-12 18:45:47 - [TEST_STEP][PASSED] - verifyElementText(findTestObject("ShopOpen/RemainingCategories/Validate_ProductCategoryAssetScreen", ["package":PACKAGENAME]), "Facing"): Actual text and expected text of test object 'Object Repository/ShopOpen/RemainingCategories/Validate_ProductCategoryAssetScreen' are matched.

2018-12-12 18:45:48 - [MESSAGE][PASSED] - Actual text and expected text of test object 'Object Repository/ShopOpen/RemainingCategories/Validate_ProductCategoryAssetScreen' are matched.

2018-12-12 18:45:48 - [TEST_STEP][PASSED] - com.ct.qa.keywords.CommonKeywords.visitPlanogramImageViewButton(): com.ct.qa.keywords.CommonKeywords.visitPlanogramImageViewButton is PASSED

2018-12-12 18:45:49 - [MESSAGE][WARNING] - Timeout '0' is invalid. Using default page load timeout: '5'

2018-12-12 18:45:55 - [MESSAGE][WARNING] - Object Object Repository/CommonScreenElements/InfoPopUp_OKButton not found
[[ATTACHMENT|F:\\Git Projects\\MMA_Merchandising\\MMA_Merchandising\\Reports\\MMA Merchandising With Category Level Overwrite Scenarios\\20181212_182651\\1544622354568.png]]

2018-12-12 18:45:56 - [MESSAGE][PASSED] - com.ct.qa.keywords.CommonKeywords.visitPlanogramImageViewButton is PASSED

2018-12-12 18:45:56 - [TEST_STEP][PASSED] - verifyElementText(findTestObject("ShopOpen/RemainingCategories/Validate_ProductCategoryAssetScreen", ["package":PACKAGENAME]), "Facing"): Actual text and expected text of test object 'Object Repository/ShopOpen/RemainingCategories/Validate_ProductCategoryAssetScreen' are matched.

2018-12-12 18:45:57 - [MESSAGE][PASSED] - Actual text and expected text of test object 'Object Repository/ShopOpen/RemainingCategories/Validate_ProductCategoryAssetScreen' are matched.

2018-12-12 18:45:57 - [TEST_STEP][PASSED] - com.ct.qa.keywords.CommonKeywords.visitPictureImageViewButton(): com.ct.qa.keywords.CommonKeywords.visitPictureImageViewButton is PASSED

2018-12-12 18:46:00 - [MESSAGE][WARNING] - Timeout '0' is invalid. Using default page load timeout: '5'

2018-12-12 18:46:01 - [MESSAGE][PASSED] - Element 'Object Repository/CommonScreenElements/Validate_CameraScreen' is exist

2018-12-12 18:46:01 - [MESSAGE][WARNING] - Timeout '0' is invalid. Using default page load timeout: '5'

2018-12-12 18:46:04 - [MESSAGE][PASSED] - Tapped on element 'Object Repository/CommonScreenElements/TakePictureButton'

2018-12-12 18:46:09 - [MESSAGE][PASSED] - Delayed 5 second(s)

2018-12-12 18:46:09 - [MESSAGE][WARNING] - Timeout '0' is invalid. Using default page load timeout: '5'

2018-12-12 18:46:10 - [MESSAGE][PASSED] - Tapped on element 'Object Repository/CommonScreenElements/DoneButton'

2018-12-12 18:46:10 - [MESSAGE][PASSED] - com.ct.qa.keywords.CommonKeywords.visitPictureImageViewButton is PASSED

2018-12-12 18:46:10 - [TEST_STEP][PASSED] - verifyElementText(findTestObject("ShopOpen/RemainingCategories/Validate_ProductCategoryAssetScreen", ["package":PACKAGENAME]), "Facing"): Actual text and expected text of test object 'Object Repository/ShopOpen/RemainingCategories/Validate_ProductCategoryAssetScreen' are matched.

2018-12-12 18:46:11 - [MESSAGE][PASSED] - Actual text and expected text of test object 'Object Repository/ShopOpen/RemainingCategories/Validate_ProductCategoryAssetScreen' are matched.

2018-12-12 18:46:11 - [TEST_STEP][PASSED] - com.ct.qa.keywords.CommonKeywords.visitBackImageViewButton(): com.ct.qa.keywords.CommonKeywords.visitBackImageViewButton is PASSED

2018-12-12 18:46:12 - [MESSAGE][PASSED] - com.ct.qa.keywords.CommonKeywords.visitBackImageViewButton is PASSED

2018-12-12 18:46:12 - [TEST_STEP][PASSED] - verifyElementExist(findTestObject("ShopOpen/Validate_ShopCategoriesListScreen", ["package":PACKAGENAME]), 0): Element 'Object Repository/ShopOpen/Validate_ShopCategoriesListScreen' is exist

2018-12-12 18:46:12 - [MESSAGE][WARNING] - Timeout '0' is invalid. Using default page load timeout: '5'

2018-12-12 18:46:14 - [MESSAGE][PASSED] - Element 'Object Repository/ShopOpen/Validate_ShopCategoriesListScreen' is exist

2018-12-12 18:46:14 - [MESSAGE][PASSED] - Call Test Case 'Test Cases/ShopOpen/RemainingCategories/OverwriteRemainingCategoriesWithDSA' successfully

2018-12-12 18:46:15 - [MESSAGE][PASSED] - Swiped from 0,293 to 0,200

2018-12-12 18:46:17 - [MESSAGE][WARNING] - Timeout '0' is invalid. Using default page load timeout: '5'

2018-12-12 18:46:18 - [MESSAGE][PASSED] - Element 'Object Repository/CommonScreenElements/Validate_InfoPopUP' is exist

2018-12-12 18:46:18 - [MESSAGE][WARNING] - Timeout '0' is invalid. Using default page load timeout: '5'

2018-12-12 18:46:19 - [MESSAGE][PASSED] - Tapped on element 'Object Repository/CommonScreenElements/InfoPopUp_YesButton'

2018-12-12 18:46:19 - [MESSAGE][WARNING] - Timeout '0' is invalid. Using default page load timeout: '5'

2018-12-12 18:46:25 - [MESSAGE][WARNING] - Element 'Object Repository/CommonScreenElements/Validate_CameraScreen' not found
[[ATTACHMENT|F:\\Git Projects\\MMA_Merchandising\\MMA_Merchandising\\Reports\\MMA Merchandising With Category Level Overwrite Scenarios\\20181212_182651\\1544622384334.png]]

2018-12-12 18:46:25 - [MESSAGE][PASSED] - Actual text and expected text of test object 'Object Repository/ShopOpen/RemainingCategories/Validate_MainCategoryDetailScreen' are matched.

2018-12-12 18:46:26 - [TEST_CASE][PASSED] - Test Cases/ShopOpen/RemainingCategories/OverwriteRemainingCategoriesWithDSA: Test Cases/ShopOpen/RemainingCategories/OverwriteRemainingCategoriesWithDSA

2018-12-12 18:46:26 - [TEST_STEP][PASSED] - verifyElementText(findTestObject("ShopOpen/RemainingCategories/Validate_ProductCategoryAssetScreen", ["package":PACKAGENAME]), "Facing"): Actual text and expected text of test object 'Object Repository/ShopOpen/RemainingCategories/Validate_ProductCategoryAssetScreen' are matched.

2018-12-12 18:46:28 - [MESSAGE][PASSED] - Actual text and expected text of test object 'Object Repository/ShopOpen/RemainingCategories/Validate_ProductCategoryAssetScreen' are matched.

2018-12-12 18:46:28 - [TEST_STEP][PASSED] - tap(findTestObject("ShopOpen/RemainingCategories/Facing", ["package":PACKAGENAME]), 0): Tapped on element 'Object Repository/ShopOpen/RemainingCategories/Facing'

2018-12-12 18:46:28 - [MESSAGE][WARNING] - Timeout '0' is invalid. Using default page load timeout: '5'

2018-12-12 18:46:28 - [MESSAGE][PASSED] - Tapped on element 'Object Repository/ShopOpen/RemainingCategories/Facing'

2018-12-12 18:46:28 - [TEST_STEP][PASSED] - verifyElementText(findTestObject("ShopOpen/RemainingCategories/Validate_FacingScreen", ["package":PACKAGENAME]), "Facing"): Actual text and expected text of test object 'Object Repository/ShopOpen/RemainingCategories/Validate_FacingScreen' are matched.

2018-12-12 18:46:30 - [MESSAGE][PASSED] - Actual text and expected text of test object 'Object Repository/ShopOpen/RemainingCategories/Validate_FacingScreen' are matched.

2018-12-12 18:46:30 - [TEST_STEP][PASSED] - com.ct.qa.keywords.ChannelProductsDataKeywords.visitChannelWiseProductsData(CHANNEL_DSA_OVERWRITEFACING, "Facing"): com.ct.qa.keywords.ChannelProductsDataKeywords.visitChannelWiseProductsData is PASSED

2018-12-12 18:46:34 - [MESSAGE][PASSED] - Keyboard is hidden

2018-12-12 18:46:37 - [MESSAGE][PASSED] - Keyboard is hidden

2018-12-12 18:46:40 - [MESSAGE][PASSED] - Keyboard is hidden

2018-12-12 18:46:41 - [MESSAGE][PASSED] - com.ct.qa.keywords.ChannelProductsDataKeywords.visitChannelWiseProductsData is PASSED

2018-12-12 18:46:41 - [TEST_STEP][PASSED] - tap(findTestObject("ShopOpen/RemainingCategories/SubmitButton", ["package":PACKAGENAME]), 0): Tapped on element 'Object Repository/ShopOpen/RemainingCategories/SubmitButton'

2018-12-12 18:46:41 - [MESSAGE][WARNING] - Timeout '0' is invalid. Using default page load timeout: '5'

2018-12-12 18:46:42 - [MESSAGE][PASSED] - Tapped on element 'Object Repository/ShopOpen/RemainingCategories/SubmitButton'

2018-12-12 18:46:42 - [TEST_STEP][PASSED] - verifyElementText(findTestObject("ShopOpen/RemainingCategories/Validate_ProductCategoryAssetScreen", ["package":PACKAGENAME]), "Facing"): Actual text and expected text of test object 'Object Repository/ShopOpen/RemainingCategories/Validate_ProductCategoryAssetScreen' are matched.

2018-12-12 18:46:43 - [MESSAGE][PASSED] - Actual text and expected text of test object 'Object Repository/ShopOpen/RemainingCategories/Validate_ProductCategoryAssetScreen' are matched.

2018-12-12 18:46:43 - [TEST_STEP][PASSED] - tap(findTestObject("ShopOpen/RemainingCategories/StockTaking", ["package":PACKAGENAME]), 0): Tapped on element 'Object Repository/ShopOpen/RemainingCategories/StockTaking'

2018-12-12 18:46:43 - [MESSAGE][WARNING] - Timeout '0' is invalid. Using default page load timeout: '5'

2018-12-12 18:46:43 - [MESSAGE][PASSED] - Tapped on element 'Object Repository/ShopOpen/RemainingCategories/StockTaking'

2018-12-12 18:46:43 - [TEST_STEP][PASSED] - verifyElementText(findTestObject("ShopOpen/RemainingCategories/Validate_StockTakingScreen", ["package":PACKAGENAME]), "Stock Taking"): Actual text and expected text of test object 'Object Repository/ShopOpen/RemainingCategories/Validate_StockTakingScreen' are matched.

2018-12-12 18:46:45 - [MESSAGE][PASSED] - Actual text and expected text of test object 'Object Repository/ShopOpen/RemainingCategories/Validate_StockTakingScreen' are matched.

2018-12-12 18:46:45 - [TEST_STEP][PASSED] - com.ct.qa.keywords.ChannelProductsDataKeywords.visitChannelWiseProductsData(CHANNEL_DSA_OVERWRITESTOCKTAKING, "Stock Taking"): com.ct.qa.keywords.ChannelProductsDataKeywords.visitChannelWiseProductsData is PASSED

2018-12-12 18:46:48 - [MESSAGE][PASSED] - Keyboard is hidden

2018-12-12 18:46:51 - [MESSAGE][PASSED] - Keyboard is hidden

2018-12-12 18:46:54 - [MESSAGE][PASSED] - Keyboard is hidden

2018-12-12 18:46:55 - [MESSAGE][PASSED] - com.ct.qa.keywords.ChannelProductsDataKeywords.visitChannelWiseProductsData is PASSED

2018-12-12 18:46:55 - [TEST_STEP][PASSED] - tap(findTestObject("ShopOpen/RemainingCategories/SubmitButton", ["package":PACKAGENAME]), 0): Tapped on element 'Object Repository/ShopOpen/RemainingCategories/SubmitButton'

2018-12-12 18:46:55 - [MESSAGE][WARNING] - Timeout '0' is invalid. Using default page load timeout: '5'

2018-12-12 18:46:56 - [MESSAGE][PASSED] - Tapped on element 'Object Repository/ShopOpen/RemainingCategories/SubmitButton'

2018-12-12 18:46:56 - [TEST_STEP][PASSED] - verifyElementText(findTestObject("ShopOpen/RemainingCategories/Validate_ProductCategoryAssetScreen", ["package":PACKAGENAME]), "Facing"): Actual text and expected text of test object 'Object Repository/ShopOpen/RemainingCategories/Validate_ProductCategoryAssetScreen' are matched.

2018-12-12 18:46:57 - [MESSAGE][PASSED] - Actual text and expected text of test object 'Object Repository/ShopOpen/RemainingCategories/Validate_ProductCategoryAssetScreen' are matched.

2018-12-12 18:46:57 - [TEST_STEP][PASSED] - com.ct.qa.keywords.CommonKeywords.visitPlanogramImageViewButton(): com.ct.qa.keywords.CommonKeywords.visitPlanogramImageViewButton is PASSED

2018-12-12 18:46:58 - [MESSAGE][WARNING] - Timeout '0' is invalid. Using default page load timeout: '5'

2018-12-12 18:47:04 - [MESSAGE][WARNING] - Object Object Repository/CommonScreenElements/InfoPopUp_OKButton not found
[[ATTACHMENT|F:\\Git Projects\\MMA_Merchandising\\MMA_Merchandising\\Reports\\MMA Merchandising With Category Level Overwrite Scenarios\\20181212_182651\\1544622423556.png]]

2018-12-12 18:47:05 - [MESSAGE][PASSED] - com.ct.qa.keywords.CommonKeywords.visitPlanogramImageViewButton is PASSED

2018-12-12 18:47:05 - [TEST_STEP][PASSED] - verifyElementText(findTestObject("ShopOpen/RemainingCategories/Validate_ProductCategoryAssetScreen", ["package":PACKAGENAME]), "Facing"): Actual text and expected text of test object 'Object Repository/ShopOpen/RemainingCategories/Validate_ProductCategoryAssetScreen' are matched.

2018-12-12 18:47:06 - [MESSAGE][PASSED] - Actual text and expected text of test object 'Object Repository/ShopOpen/RemainingCategories/Validate_ProductCategoryAssetScreen' are matched.

2018-12-12 18:47:06 - [TEST_STEP][PASSED] - com.ct.qa.keywords.CommonKeywords.visitPictureImageViewButton(): com.ct.qa.keywords.CommonKeywords.visitPictureImageViewButton is PASSED

2018-12-12 18:47:08 - [MESSAGE][WARNING] - Timeout '0' is invalid. Using default page load timeout: '5'

2018-12-12 18:47:09 - [MESSAGE][PASSED] - Element 'Object Repository/CommonScreenElements/Validate_CameraScreen' is exist

2018-12-12 18:47:09 - [MESSAGE][WARNING] - Timeout '0' is invalid. Using default page load timeout: '5'

2018-12-12 18:47:12 - [MESSAGE][PASSED] - Tapped on element 'Object Repository/CommonScreenElements/TakePictureButton'

2018-12-12 18:47:17 - [MESSAGE][PASSED] - Delayed 5 second(s)

2018-12-12 18:47:17 - [MESSAGE][WARNING] - Timeout '0' is invalid. Using default page load timeout: '5'

2018-12-12 18:47:18 - [MESSAGE][PASSED] - Tapped on element 'Object Repository/CommonScreenElements/DoneButton'

2018-12-12 18:47:18 - [MESSAGE][PASSED] - com.ct.qa.keywords.CommonKeywords.visitPictureImageViewButton is PASSED

2018-12-12 18:47:18 - [TEST_STEP][PASSED] - verifyElementText(findTestObject("ShopOpen/RemainingCategories/Validate_ProductCategoryAssetScreen", ["package":PACKAGENAME]), "Facing"): Actual text and expected text of test object 'Object Repository/ShopOpen/RemainingCategories/Validate_ProductCategoryAssetScreen' are matched.

2018-12-12 18:47:19 - [MESSAGE][PASSED] - Actual text and expected text of test object 'Object Repository/ShopOpen/RemainingCategories/Validate_ProductCategoryAssetScreen' are matched.

2018-12-12 18:47:19 - [TEST_STEP][PASSED] - com.ct.qa.keywords.CommonKeywords.visitBackImageViewButton(): com.ct.qa.keywords.CommonKeywords.visitBackImageViewButton is PASSED

2018-12-12 18:47:20 - [MESSAGE][PASSED] - com.ct.qa.keywords.CommonKeywords.visitBackImageViewButton is PASSED

2018-12-12 18:47:20 - [TEST_STEP][PASSED] - verifyElementExist(findTestObject("ShopOpen/Validate_ShopCategoriesListScreen", ["package":PACKAGENAME]), 0): Element 'Object Repository/ShopOpen/Validate_ShopCategoriesListScreen' is exist

2018-12-12 18:47:20 - [MESSAGE][WARNING] - Timeout '0' is invalid. Using default page load timeout: '5'

2018-12-12 18:47:22 - [MESSAGE][PASSED] - Element 'Object Repository/ShopOpen/Validate_ShopCategoriesListScreen' is exist

2018-12-12 18:47:22 - [MESSAGE][PASSED] - Call Test Case 'Test Cases/ShopOpen/RemainingCategories/OverwriteRemainingCategoriesWithDSA' successfully

2018-12-12 18:47:22 - [MESSAGE][PASSED] - Swiped from 0,293 to 0,200

2018-12-12 18:47:26 - [MESSAGE][PASSED] - Swiped from 0,293 to 0,200

2018-12-12 18:47:28 - [MESSAGE][WARNING] - Timeout '0' is invalid. Using default page load timeout: '5'

2018-12-12 18:47:29 - [MESSAGE][PASSED] - Element 'Object Repository/CommonScreenElements/Validate_InfoPopUP' is exist

2018-12-12 18:47:29 - [MESSAGE][WARNING] - Timeout '0' is invalid. Using default page load timeout: '5'

2018-12-12 18:47:30 - [MESSAGE][PASSED] - Tapped on element 'Object Repository/CommonScreenElements/InfoPopUp_YesButton'

2018-12-12 18:47:30 - [MESSAGE][WARNING] - Timeout '0' is invalid. Using default page load timeout: '5'

2018-12-12 18:47:36 - [MESSAGE][WARNING] - Element 'Object Repository/CommonScreenElements/Validate_CameraScreen' not found
[[ATTACHMENT|F:\\Git Projects\\MMA_Merchandising\\MMA_Merchandising\\Reports\\MMA Merchandising With Category Level Overwrite Scenarios\\20181212_182651\\1544622455142.png]]

2018-12-12 18:47:36 - [MESSAGE][PASSED] - Actual text and expected text of test object 'Object Repository/ShopOpen/RemainingCategories/Validate_MainCategoryDetailScreen' are matched.

2018-12-12 18:47:37 - [TEST_CASE][PASSED] - Test Cases/ShopOpen/RemainingCategories/OverwriteRemainingCategoriesWithDSA: Test Cases/ShopOpen/RemainingCategories/OverwriteRemainingCategoriesWithDSA

2018-12-12 18:47:37 - [TEST_STEP][PASSED] - verifyElementText(findTestObject("ShopOpen/RemainingCategories/Validate_ProductCategoryAssetScreen", ["package":PACKAGENAME]), "Facing"): Actual text and expected text of test object 'Object Repository/ShopOpen/RemainingCategories/Validate_ProductCategoryAssetScreen' are matched.

2018-12-12 18:47:39 - [MESSAGE][PASSED] - Actual text and expected text of test object 'Object Repository/ShopOpen/RemainingCategories/Validate_ProductCategoryAssetScreen' are matched.

2018-12-12 18:47:39 - [TEST_STEP][PASSED] - tap(findTestObject("ShopOpen/RemainingCategories/Facing", ["package":PACKAGENAME]), 0): Tapped on element 'Object Repository/ShopOpen/RemainingCategories/Facing'

2018-12-12 18:47:39 - [MESSAGE][WARNING] - Timeout '0' is invalid. Using default page load timeout: '5'

2018-12-12 18:47:39 - [MESSAGE][PASSED] - Tapped on element 'Object Repository/ShopOpen/RemainingCategories/Facing'

2018-12-12 18:47:39 - [TEST_STEP][PASSED] - verifyElementText(findTestObject("ShopOpen/RemainingCategories/Validate_FacingScreen", ["package":PACKAGENAME]), "Facing"): Actual text and expected text of test object 'Object Repository/ShopOpen/RemainingCategories/Validate_FacingScreen' are matched.

2018-12-12 18:47:41 - [MESSAGE][PASSED] - Actual text and expected text of test object 'Object Repository/ShopOpen/RemainingCategories/Validate_FacingScreen' are matched.

2018-12-12 18:47:41 - [TEST_STEP][PASSED] - com.ct.qa.keywords.ChannelProductsDataKeywords.visitChannelWiseProductsData(CHANNEL_DSA_OVERWRITEFACING, "Facing"): com.ct.qa.keywords.ChannelProductsDataKeywords.visitChannelWiseProductsData is PASSED

2018-12-12 18:47:44 - [MESSAGE][PASSED] - Keyboard is hidden

2018-12-12 18:47:47 - [MESSAGE][PASSED] - Keyboard is hidden

2018-12-12 18:47:50 - [MESSAGE][PASSED] - Keyboard is hidden

2018-12-12 18:47:51 - [MESSAGE][PASSED] - com.ct.qa.keywords.ChannelProductsDataKeywords.visitChannelWiseProductsData is PASSED

2018-12-12 18:47:51 - [TEST_STEP][PASSED] - tap(findTestObject("ShopOpen/RemainingCategories/SubmitButton", ["package":PACKAGENAME]), 0): Tapped on element 'Object Repository/ShopOpen/RemainingCategories/SubmitButton'

2018-12-12 18:47:51 - [MESSAGE][WARNING] - Timeout '0' is invalid. Using default page load timeout: '5'

2018-12-12 18:47:52 - [MESSAGE][PASSED] - Tapped on element 'Object Repository/ShopOpen/RemainingCategories/SubmitButton'

2018-12-12 18:47:52 - [TEST_STEP][PASSED] - verifyElementText(findTestObject("ShopOpen/RemainingCategories/Validate_ProductCategoryAssetScreen", ["package":PACKAGENAME]), "Facing"): Actual text and expected text of test object 'Object Repository/ShopOpen/RemainingCategories/Validate_ProductCategoryAssetScreen' are matched.

2018-12-12 18:47:53 - [MESSAGE][PASSED] - Actual text and expected text of test object 'Object Repository/ShopOpen/RemainingCategories/Validate_ProductCategoryAssetScreen' are matched.

2018-12-12 18:47:53 - [TEST_STEP][PASSED] - tap(findTestObject("ShopOpen/RemainingCategories/StockTaking", ["package":PACKAGENAME]), 0): Tapped on element 'Object Repository/ShopOpen/RemainingCategories/StockTaking'

2018-12-12 18:47:53 - [MESSAGE][WARNING] - Timeout '0' is invalid. Using default page load timeout: '5'

2018-12-12 18:47:53 - [MESSAGE][PASSED] - Tapped on element 'Object Repository/ShopOpen/RemainingCategories/StockTaking'

2018-12-12 18:47:53 - [TEST_STEP][PASSED] - verifyElementText(findTestObject("ShopOpen/RemainingCategories/Validate_StockTakingScreen", ["package":PACKAGENAME]), "Stock Taking"): Actual text and expected text of test object 'Object Repository/ShopOpen/RemainingCategories/Validate_StockTakingScreen' are matched.

2018-12-12 18:47:55 - [MESSAGE][PASSED] - Actual text and expected text of test object 'Object Repository/ShopOpen/RemainingCategories/Validate_StockTakingScreen' are matched.

2018-12-12 18:47:55 - [TEST_STEP][PASSED] - com.ct.qa.keywords.ChannelProductsDataKeywords.visitChannelWiseProductsData(CHANNEL_DSA_OVERWRITESTOCKTAKING, "Stock Taking"): com.ct.qa.keywords.ChannelProductsDataKeywords.visitChannelWiseProductsData is PASSED

2018-12-12 18:47:58 - [MESSAGE][PASSED] - Keyboard is hidden

2018-12-12 18:48:01 - [MESSAGE][PASSED] - Keyboard is hidden

2018-12-12 18:48:04 - [MESSAGE][PASSED] - Keyboard is hidden

2018-12-12 18:48:05 - [MESSAGE][PASSED] - com.ct.qa.keywords.ChannelProductsDataKeywords.visitChannelWiseProductsData is PASSED

2018-12-12 18:48:05 - [TEST_STEP][PASSED] - tap(findTestObject("ShopOpen/RemainingCategories/SubmitButton", ["package":PACKAGENAME]), 0): Tapped on element 'Object Repository/ShopOpen/RemainingCategories/SubmitButton'

2018-12-12 18:48:05 - [MESSAGE][WARNING] - Timeout '0' is invalid. Using default page load timeout: '5'

2018-12-12 18:48:06 - [MESSAGE][PASSED] - Tapped on element 'Object Repository/ShopOpen/RemainingCategories/SubmitButton'

2018-12-12 18:48:06 - [TEST_STEP][PASSED] - verifyElementText(findTestObject("ShopOpen/RemainingCategories/Validate_ProductCategoryAssetScreen", ["package":PACKAGENAME]), "Facing"): Actual text and expected text of test object 'Object Repository/ShopOpen/RemainingCategories/Validate_ProductCategoryAssetScreen' are matched.

2018-12-12 18:48:07 - [MESSAGE][PASSED] - Actual text and expected text of test object 'Object Repository/ShopOpen/RemainingCategories/Validate_ProductCategoryAssetScreen' are matched.

2018-12-12 18:48:07 - [TEST_STEP][PASSED] - com.ct.qa.keywords.CommonKeywords.visitPlanogramImageViewButton(): com.ct.qa.keywords.CommonKeywords.visitPlanogramImageViewButton is PASSED

2018-12-12 18:48:09 - [MESSAGE][WARNING] - Timeout '0' is invalid. Using default page load timeout: '5'

2018-12-12 18:48:15 - [MESSAGE][WARNING] - Object Object Repository/CommonScreenElements/InfoPopUp_OKButton not found
[[ATTACHMENT|F:\\Git Projects\\MMA_Merchandising\\MMA_Merchandising\\Reports\\MMA Merchandising With Category Level Overwrite Scenarios\\20181212_182651\\1544622494333.png]]

2018-12-12 18:48:19 - [MESSAGE][PASSED] - com.ct.qa.keywords.CommonKeywords.visitPlanogramImageViewButton is PASSED

2018-12-12 18:48:19 - [TEST_STEP][PASSED] - verifyElementText(findTestObject("ShopOpen/RemainingCategories/Validate_ProductCategoryAssetScreen", ["package":PACKAGENAME]), "Facing"): Actual text and expected text of test object 'Object Repository/ShopOpen/RemainingCategories/Validate_ProductCategoryAssetScreen' are matched.

2018-12-12 18:48:19 - [MESSAGE][PASSED] - Actual text and expected text of test object 'Object Repository/ShopOpen/RemainingCategories/Validate_ProductCategoryAssetScreen' are matched.

2018-12-12 18:48:19 - [TEST_STEP][PASSED] - com.ct.qa.keywords.CommonKeywords.visitPictureImageViewButton(): com.ct.qa.keywords.CommonKeywords.visitPictureImageViewButton is PASSED

2018-12-12 18:48:22 - [MESSAGE][WARNING] - Timeout '0' is invalid. Using default page load timeout: '5'

2018-12-12 18:48:23 - [MESSAGE][PASSED] - Element 'Object Repository/CommonScreenElements/Validate_CameraScreen' is exist

2018-12-12 18:48:23 - [MESSAGE][WARNING] - Timeout '0' is invalid. Using default page load timeout: '5'

2018-12-12 18:48:26 - [MESSAGE][PASSED] - Tapped on element 'Object Repository/CommonScreenElements/TakePictureButton'

2018-12-12 18:48:31 - [MESSAGE][PASSED] - Delayed 5 second(s)

2018-12-12 18:48:31 - [MESSAGE][WARNING] - Timeout '0' is invalid. Using default page load timeout: '5'

2018-12-12 18:48:32 - [MESSAGE][PASSED] - Tapped on element 'Object Repository/CommonScreenElements/DoneButton'

2018-12-12 18:48:32 - [MESSAGE][PASSED] - com.ct.qa.keywords.CommonKeywords.visitPictureImageViewButton is PASSED

2018-12-12 18:48:32 - [TEST_STEP][PASSED] - verifyElementText(findTestObject("ShopOpen/RemainingCategories/Validate_ProductCategoryAssetScreen", ["package":PACKAGENAME]), "Facing"): Actual text and expected text of test object 'Object Repository/ShopOpen/RemainingCategories/Validate_ProductCategoryAssetScreen' are matched.

2018-12-12 18:48:33 - [MESSAGE][PASSED] - Actual text and expected text of test object 'Object Repository/ShopOpen/RemainingCategories/Validate_ProductCategoryAssetScreen' are matched.

2018-12-12 18:48:33 - [TEST_STEP][PASSED] - com.ct.qa.keywords.CommonKeywords.visitBackImageViewButton(): com.ct.qa.keywords.CommonKeywords.visitBackImageViewButton is PASSED

2018-12-12 18:48:34 - [MESSAGE][PASSED] - com.ct.qa.keywords.CommonKeywords.visitBackImageViewButton is PASSED

2018-12-12 18:48:34 - [TEST_STEP][PASSED] - verifyElementExist(findTestObject("ShopOpen/Validate_ShopCategoriesListScreen", ["package":PACKAGENAME]), 0): Element 'Object Repository/ShopOpen/Validate_ShopCategoriesListScreen' is exist

2018-12-12 18:48:34 - [MESSAGE][WARNING] - Timeout '0' is invalid. Using default page load timeout: '5'

2018-12-12 18:48:36 - [MESSAGE][PASSED] - Element 'Object Repository/ShopOpen/Validate_ShopCategoriesListScreen' is exist

2018-12-12 18:48:36 - [MESSAGE][PASSED] - Call Test Case 'Test Cases/ShopOpen/RemainingCategories/OverwriteRemainingCategoriesWithDSA' successfully

2018-12-12 18:48:36 - [MESSAGE][PASSED] - Swiped from 0,293 to 0,200

2018-12-12 18:48:38 - [MESSAGE][PASSED] - Swiped from 0,293 to 0,200

2018-12-12 18:48:41 - [MESSAGE][PASSED] - Swiped from 0,293 to 0,200

2018-12-12 18:48:43 - [MESSAGE][WARNING] - Timeout '0' is invalid. Using default page load timeout: '5'

2018-12-12 18:48:44 - [MESSAGE][PASSED] - Element 'Object Repository/CommonScreenElements/Validate_InfoPopUP' is exist

2018-12-12 18:48:44 - [MESSAGE][WARNING] - Timeout '0' is invalid. Using default page load timeout: '5'

2018-12-12 18:48:45 - [MESSAGE][PASSED] - Tapped on element 'Object Repository/CommonScreenElements/InfoPopUp_YesButton'

2018-12-12 18:48:45 - [MESSAGE][WARNING] - Timeout '0' is invalid. Using default page load timeout: '5'

2018-12-12 18:48:51 - [MESSAGE][WARNING] - Element 'Object Repository/CommonScreenElements/Validate_CameraScreen' not found
[[ATTACHMENT|F:\\Git Projects\\MMA_Merchandising\\MMA_Merchandising\\Reports\\MMA Merchandising With Category Level Overwrite Scenarios\\20181212_182651\\1544622530418.png]]

2018-12-12 18:48:51 - [MESSAGE][PASSED] - Actual text and expected text of test object 'Object Repository/ShopOpen/RemainingCategories/Validate_MainCategoryDetailScreen' are matched.

2018-12-12 18:48:52 - [TEST_CASE][PASSED] - Test Cases/ShopOpen/RemainingCategories/OverwriteRemainingCategoriesWithDSA: Test Cases/ShopOpen/RemainingCategories/OverwriteRemainingCategoriesWithDSA

2018-12-12 18:48:52 - [TEST_STEP][PASSED] - verifyElementText(findTestObject("ShopOpen/RemainingCategories/Validate_ProductCategoryAssetScreen", ["package":PACKAGENAME]), "Facing"): Actual text and expected text of test object 'Object Repository/ShopOpen/RemainingCategories/Validate_ProductCategoryAssetScreen' are matched.

2018-12-12 18:48:55 - [MESSAGE][PASSED] - Actual text and expected text of test object 'Object Repository/ShopOpen/RemainingCategories/Validate_ProductCategoryAssetScreen' are matched.

2018-12-12 18:48:55 - [TEST_STEP][PASSED] - tap(findTestObject("ShopOpen/RemainingCategories/Facing", ["package":PACKAGENAME]), 0): Tapped on element 'Object Repository/ShopOpen/RemainingCategories/Facing'

2018-12-12 18:48:55 - [MESSAGE][WARNING] - Timeout '0' is invalid. Using default page load timeout: '5'

2018-12-12 18:48:55 - [MESSAGE][PASSED] - Tapped on element 'Object Repository/ShopOpen/RemainingCategories/Facing'

2018-12-12 18:48:55 - [TEST_STEP][PASSED] - verifyElementText(findTestObject("ShopOpen/RemainingCategories/Validate_FacingScreen", ["package":PACKAGENAME]), "Facing"): Actual text and expected text of test object 'Object Repository/ShopOpen/RemainingCategories/Validate_FacingScreen' are matched.

2018-12-12 18:48:57 - [MESSAGE][PASSED] - Actual text and expected text of test object 'Object Repository/ShopOpen/RemainingCategories/Validate_FacingScreen' are matched.

2018-12-12 18:48:57 - [TEST_STEP][PASSED] - com.ct.qa.keywords.ChannelProductsDataKeywords.visitChannelWiseProductsData(CHANNEL_DSA_OVERWRITEFACING, "Facing"): com.ct.qa.keywords.ChannelProductsDataKeywords.visitChannelWiseProductsData is PASSED

2018-12-12 18:49:00 - [MESSAGE][PASSED] - Keyboard is hidden

2018-12-12 18:49:03 - [MESSAGE][PASSED] - Keyboard is hidden

2018-12-12 18:49:04 - [MESSAGE][PASSED] - com.ct.qa.keywords.ChannelProductsDataKeywords.visitChannelWiseProductsData is PASSED

2018-12-12 18:49:04 - [TEST_STEP][PASSED] - tap(findTestObject("ShopOpen/RemainingCategories/SubmitButton", ["package":PACKAGENAME]), 0): Tapped on element 'Object Repository/ShopOpen/RemainingCategories/SubmitButton'

2018-12-12 18:49:04 - [MESSAGE][WARNING] - Timeout '0' is invalid. Using default page load timeout: '5'

2018-12-12 18:49:04 - [MESSAGE][PASSED] - Tapped on element 'Object Repository/ShopOpen/RemainingCategories/SubmitButton'

2018-12-12 18:49:04 - [TEST_STEP][PASSED] - verifyElementText(findTestObject("ShopOpen/RemainingCategories/Validate_ProductCategoryAssetScreen", ["package":PACKAGENAME]), "Facing"): Actual text and expected text of test object 'Object Repository/ShopOpen/RemainingCategories/Validate_ProductCategoryAssetScreen' are matched.

2018-12-12 18:49:05 - [MESSAGE][PASSED] - Actual text and expected text of test object 'Object Repository/ShopOpen/RemainingCategories/Validate_ProductCategoryAssetScreen' are matched.

2018-12-12 18:49:05 - [TEST_STEP][PASSED] - tap(findTestObject("ShopOpen/RemainingCategories/StockTaking", ["package":PACKAGENAME]), 0): Tapped on element 'Object Repository/ShopOpen/RemainingCategories/StockTaking'

2018-12-12 18:49:05 - [MESSAGE][WARNING] - Timeout '0' is invalid. Using default page load timeout: '5'

2018-12-12 18:49:06 - [MESSAGE][PASSED] - Tapped on element 'Object Repository/ShopOpen/RemainingCategories/StockTaking'

2018-12-12 18:49:06 - [TEST_STEP][PASSED] - verifyElementText(findTestObject("ShopOpen/RemainingCategories/Validate_StockTakingScreen", ["package":PACKAGENAME]), "Stock Taking"): Actual text and expected text of test object 'Object Repository/ShopOpen/RemainingCategories/Validate_StockTakingScreen' are matched.

2018-12-12 18:49:08 - [MESSAGE][PASSED] - Actual text and expected text of test object 'Object Repository/ShopOpen/RemainingCategories/Validate_StockTakingScreen' are matched.

2018-12-12 18:49:08 - [TEST_STEP][PASSED] - com.ct.qa.keywords.ChannelProductsDataKeywords.visitChannelWiseProductsData(CHANNEL_DSA_OVERWRITESTOCKTAKING, "Stock Taking"): com.ct.qa.keywords.ChannelProductsDataKeywords.visitChannelWiseProductsData is PASSED

2018-12-12 18:49:11 - [MESSAGE][PASSED] - Keyboard is hidden

2018-12-12 18:49:14 - [MESSAGE][PASSED] - Keyboard is hidden

2018-12-12 18:49:15 - [MESSAGE][PASSED] - com.ct.qa.keywords.ChannelProductsDataKeywords.visitChannelWiseProductsData is PASSED

2018-12-12 18:49:15 - [TEST_STEP][PASSED] - tap(findTestObject("ShopOpen/RemainingCategories/SubmitButton", ["package":PACKAGENAME]), 0): Tapped on element 'Object Repository/ShopOpen/RemainingCategories/SubmitButton'

2018-12-12 18:49:15 - [MESSAGE][WARNING] - Timeout '0' is invalid. Using default page load timeout: '5'

2018-12-12 18:49:15 - [MESSAGE][PASSED] - Tapped on element 'Object Repository/ShopOpen/RemainingCategories/SubmitButton'

2018-12-12 18:49:15 - [TEST_STEP][PASSED] - verifyElementText(findTestObject("ShopOpen/RemainingCategories/Validate_ProductCategoryAssetScreen", ["package":PACKAGENAME]), "Facing"): Actual text and expected text of test object 'Object Repository/ShopOpen/RemainingCategories/Validate_ProductCategoryAssetScreen' are matched.

2018-12-12 18:49:16 - [MESSAGE][PASSED] - Actual text and expected text of test object 'Object Repository/ShopOpen/RemainingCategories/Validate_ProductCategoryAssetScreen' are matched.

2018-12-12 18:49:16 - [TEST_STEP][PASSED] - com.ct.qa.keywords.CommonKeywords.visitPlanogramImageViewButton(): com.ct.qa.keywords.CommonKeywords.visitPlanogramImageViewButton is PASSED

2018-12-12 18:49:18 - [MESSAGE][WARNING] - Timeout '0' is invalid. Using default page load timeout: '5'

2018-12-12 18:49:24 - [MESSAGE][WARNING] - Object Object Repository/CommonScreenElements/InfoPopUp_OKButton not found
[[ATTACHMENT|F:\\Git Projects\\MMA_Merchandising\\MMA_Merchandising\\Reports\\MMA Merchandising With Category Level Overwrite Scenarios\\20181212_182651\\1544622563509.png]]

2018-12-12 18:49:25 - [MESSAGE][PASSED] - com.ct.qa.keywords.CommonKeywords.visitPlanogramImageViewButton is PASSED

2018-12-12 18:49:25 - [TEST_STEP][PASSED] - verifyElementText(findTestObject("ShopOpen/RemainingCategories/Validate_ProductCategoryAssetScreen", ["package":PACKAGENAME]), "Facing"): Actual text and expected text of test object 'Object Repository/ShopOpen/RemainingCategories/Validate_ProductCategoryAssetScreen' are matched.

2018-12-12 18:49:26 - [MESSAGE][PASSED] - Actual text and expected text of test object 'Object Repository/ShopOpen/RemainingCategories/Validate_ProductCategoryAssetScreen' are matched.

2018-12-12 18:49:26 - [TEST_STEP][PASSED] - com.ct.qa.keywords.CommonKeywords.visitPictureImageViewButton(): com.ct.qa.keywords.CommonKeywords.visitPictureImageViewButton is PASSED

2018-12-12 18:49:27 - [MESSAGE][WARNING] - Timeout '0' is invalid. Using default page load timeout: '5'

2018-12-12 18:49:29 - [MESSAGE][PASSED] - Element 'Object Repository/CommonScreenElements/Validate_CameraScreen' is exist

2018-12-12 18:49:29 - [MESSAGE][WARNING] - Timeout '0' is invalid. Using default page load timeout: '5'

2018-12-12 18:49:32 - [MESSAGE][PASSED] - Tapped on element 'Object Repository/CommonScreenElements/TakePictureButton'

2018-12-12 18:49:37 - [MESSAGE][PASSED] - Delayed 5 second(s)

2018-12-12 18:49:37 - [MESSAGE][WARNING] - Timeout '0' is invalid. Using default page load timeout: '5'

2018-12-12 18:49:38 - [MESSAGE][PASSED] - Tapped on element 'Object Repository/CommonScreenElements/DoneButton'

2018-12-12 18:49:38 - [MESSAGE][PASSED] - com.ct.qa.keywords.CommonKeywords.visitPictureImageViewButton is PASSED

2018-12-12 18:49:38 - [TEST_STEP][PASSED] - verifyElementText(findTestObject("ShopOpen/RemainingCategories/Validate_ProductCategoryAssetScreen", ["package":PACKAGENAME]), "Facing"): Actual text and expected text of test object 'Object Repository/ShopOpen/RemainingCategories/Validate_ProductCategoryAssetScreen' are matched.

2018-12-12 18:49:39 - [MESSAGE][PASSED] - Actual text and expected text of test object 'Object Repository/ShopOpen/RemainingCategories/Validate_ProductCategoryAssetScreen' are matched.

2018-12-12 18:49:39 - [TEST_STEP][PASSED] - com.ct.qa.keywords.CommonKeywords.visitBackImageViewButton(): com.ct.qa.keywords.CommonKeywords.visitBackImageViewButton is PASSED

2018-12-12 18:49:40 - [MESSAGE][PASSED] - com.ct.qa.keywords.CommonKeywords.visitBackImageViewButton is PASSED

2018-12-12 18:49:40 - [TEST_STEP][PASSED] - verifyElementExist(findTestObject("ShopOpen/Validate_ShopCategoriesListScreen", ["package":PACKAGENAME]), 0): Element 'Object Repository/ShopOpen/Validate_ShopCategoriesListScreen' is exist

2018-12-12 18:49:40 - [MESSAGE][WARNING] - Timeout '0' is invalid. Using default page load timeout: '5'

2018-12-12 18:49:42 - [MESSAGE][PASSED] - Element 'Object Repository/ShopOpen/Validate_ShopCategoriesListScreen' is exist

2018-12-12 18:49:42 - [MESSAGE][PASSED] - Call Test Case 'Test Cases/ShopOpen/RemainingCategories/OverwriteRemainingCategoriesWithDSA' successfully

2018-12-12 18:49:42 - [MESSAGE][PASSED] - Swiped from 0,293 to 0,200

2018-12-12 18:49:44 - [MESSAGE][PASSED] - Swiped from 0,293 to 0,200

2018-12-12 18:49:46 - [MESSAGE][PASSED] - Swiped from 0,293 to 0,200

2018-12-12 18:49:49 - [MESSAGE][PASSED] - Swiped from 0,293 to 0,200

2018-12-12 18:49:51 - [MESSAGE][WARNING] - Timeout '0' is invalid. Using default page load timeout: '5'

2018-12-12 18:49:52 - [MESSAGE][PASSED] - Element 'Object Repository/CommonScreenElements/Validate_InfoPopUP' is exist

2018-12-12 18:49:52 - [MESSAGE][WARNING] - Timeout '0' is invalid. Using default page load timeout: '5'

2018-12-12 18:49:53 - [MESSAGE][PASSED] - Tapped on element 'Object Repository/CommonScreenElements/InfoPopUp_YesButton'

2018-12-12 18:49:53 - [TEST_CASE][PASSED] - Test Cases/ShopOpen/RTMVisitFrequency/OverwriteRTMVisitFrequency: Test Cases/ShopOpen/RTMVisitFrequency/OverwriteRTMVisitFrequency

2018-12-12 18:49:53 - [TEST_STEP][PASSED] - verifyElementText(findTestObject("ShopOpen/RTMVisitFrequency/Validate_RTMVisitFrequencyScreen", ["package":PACKAGENAME]), "Options"): Actual text and expected text of test object 'Object Repository/ShopOpen/RTMVisitFrequency/Validate_RTMVisitFrequencyScreen' are matched.

2018-12-12 18:49:54 - [MESSAGE][PASSED] - Actual text and expected text of test object 'Object Repository/ShopOpen/RTMVisitFrequency/Validate_RTMVisitFrequencyScreen' are matched.

2018-12-12 18:49:54 - [TEST_STEP][PASSED] - com.ct.qa.keywords.RTMVisitFrequencyKeywords.overwriteRTMVisitFrequency(): com.ct.qa.keywords.RTMVisitFrequencyKeywords.overwriteRTMVisitFrequency is PASSED

2018-12-12 18:49:55 - [MESSAGE][WARNING] - Timeout '0' is invalid. Using default page load timeout: '5'

2018-12-12 18:49:56 - [MESSAGE][PASSED] - Element 'Object Repository/ShopOpen/RTMVisitFrequency/Validate_RTMVisitFrequencyRemarks' is exist

2018-12-12 18:49:58 - [MESSAGE][PASSED] - Actual text and expected text of test object 'Object Repository/ShopOpen/RTMVisitFrequency/Validate_RTMVisitFrequencyScreen' are matched.

2018-12-12 18:49:59 - [MESSAGE][WARNING] - Timeout '0' is invalid. Using default page load timeout: '5'

2018-12-12 18:50:00 - [MESSAGE][PASSED] - Element 'Object Repository/ShopOpen/RTMVisitFrequency/Validate_RTMVisitFrequencyRemarks' is exist

2018-12-12 18:50:02 - [MESSAGE][PASSED] - Actual text and expected text of test object 'Object Repository/ShopOpen/RTMVisitFrequency/Validate_RTMVisitFrequencyScreen' are matched.

2018-12-12 18:50:03 - [MESSAGE][WARNING] - Timeout '0' is invalid. Using default page load timeout: '5'

2018-12-12 18:50:04 - [MESSAGE][PASSED] - Element 'Object Repository/ShopOpen/RTMVisitFrequency/Validate_RTMVisitFrequencyRemarks' is exist

2018-12-12 18:50:07 - [MESSAGE][PASSED] - Actual text and expected text of test object 'Object Repository/ShopOpen/RTMVisitFrequency/Validate_RTMVisitFrequencyScreen' are matched.

2018-12-12 18:50:07 - [MESSAGE][WARNING] - Timeout '0' is invalid. Using default page load timeout: '5'

2018-12-12 18:50:08 - [MESSAGE][PASSED] - Element 'Object Repository/ShopOpen/RTMVisitFrequency/Validate_RTMVisitFrequencyRemarks' is exist

2018-12-12 18:50:11 - [MESSAGE][PASSED] - Actual text and expected text of test object 'Object Repository/ShopOpen/RTMVisitFrequency/Validate_RTMVisitFrequencyScreen' are matched.

2018-12-12 18:50:11 - [MESSAGE][PASSED] - com.ct.qa.keywords.RTMVisitFrequencyKeywords.overwriteRTMVisitFrequency is PASSED

2018-12-12 18:50:11 - [TEST_STEP][PASSED] - tap(findTestObject("ShopOpen/RTMVisitFrequency/BackButton", ["package":PACKAGENAME]), 0): Tapped on element 'Object Repository/ShopOpen/RTMVisitFrequency/BackButton'

2018-12-12 18:50:11 - [MESSAGE][WARNING] - Timeout '0' is invalid. Using default page load timeout: '5'

2018-12-12 18:50:11 - [MESSAGE][PASSED] - Tapped on element 'Object Repository/ShopOpen/RTMVisitFrequency/BackButton'

2018-12-12 18:50:11 - [TEST_STEP][PASSED] - verifyElementExist(findTestObject("ShopOpen/Validate_ShopCategoriesListScreen", ["package":PACKAGENAME]), 0): Element 'Object Repository/ShopOpen/Validate_ShopCategoriesListScreen' is exist

2018-12-12 18:50:11 - [MESSAGE][WARNING] - Timeout '0' is invalid. Using default page load timeout: '5'

2018-12-12 18:50:13 - [MESSAGE][PASSED] - Element 'Object Repository/ShopOpen/Validate_ShopCategoriesListScreen' is exist

2018-12-12 18:50:13 - [MESSAGE][PASSED] - Call Test Case 'Test Cases/ShopOpen/RTMVisitFrequency/OverwriteRTMVisitFrequency' successfully

2018-12-12 18:50:13 - [MESSAGE][PASSED] - Swiped from 0,293 to 0,200

2018-12-12 18:50:16 - [MESSAGE][PASSED] - Swiped from 0,293 to 0,200

2018-12-12 18:50:18 - [MESSAGE][PASSED] - Swiped from 0,293 to 0,200

2018-12-12 18:50:20 - [MESSAGE][PASSED] - Swiped from 0,293 to 0,200

2018-12-12 18:50:23 - [MESSAGE][PASSED] - Swiped from 0,293 to 0,200

2018-12-12 18:50:25 - [MESSAGE][WARNING] - Timeout '0' is invalid. Using default page load timeout: '5'

2018-12-12 18:50:26 - [MESSAGE][PASSED] - Element 'Object Repository/CommonScreenElements/Validate_InfoPopUP' is exist

2018-12-12 18:50:26 - [MESSAGE][WARNING] - Timeout '0' is invalid. Using default page load timeout: '5'

2018-12-12 18:50:27 - [MESSAGE][PASSED] - Tapped on element 'Object Repository/CommonScreenElements/InfoPopUp_YesButton'

2018-12-12 18:50:27 - [TEST_CASE][PASSED] - Test Cases/ShopOpen/POPApplication/OverwritePOPApplication: Test Cases/ShopOpen/POPApplication/OverwritePOPApplication

2018-12-12 18:50:27 - [TEST_STEP][PASSED] - verifyElementText(findTestObject("ShopOpen/POPApplication/Validate_POPApplicationDetailScreen", ["package":PACKAGENAME]), "KPI :POP Application"): Actual text and expected text of test object 'Object Repository/ShopOpen/POPApplication/Validate_POPApplicationDetailScreen' are matched.

2018-12-12 18:50:28 - [MESSAGE][PASSED] - Actual text and expected text of test object 'Object Repository/ShopOpen/POPApplication/Validate_POPApplicationDetailScreen' are matched.

2018-12-12 18:50:28 - [TEST_STEP][PASSED] - tap(findTestObject("ShopOpen/POPApplication/POPDeployment_No", ["package":PACKAGENAME]), 0): Tapped on element 'Object Repository/ShopOpen/POPApplication/POPDeployment_No'

2018-12-12 18:50:28 - [MESSAGE][WARNING] - Timeout '0' is invalid. Using default page load timeout: '5'

2018-12-12 18:50:28 - [MESSAGE][PASSED] - Tapped on element 'Object Repository/ShopOpen/POPApplication/POPDeployment_No'

2018-12-12 18:50:28 - [TEST_STEP][PASSED] - pressBack(): Press back button successfully

2018-12-12 18:50:29 - [MESSAGE][PASSED] - Press back button successfully

2018-12-12 18:50:29 - [TEST_STEP][PASSED] - verifyElementExist(findTestObject("ShopOpen/Validate_ShopCategoriesListScreen", ["package":PACKAGENAME]), 0): Element 'Object Repository/ShopOpen/Validate_ShopCategoriesListScreen' is exist

2018-12-12 18:50:29 - [MESSAGE][WARNING] - Timeout '0' is invalid. Using default page load timeout: '5'

2018-12-12 18:50:32 - [MESSAGE][PASSED] - Element 'Object Repository/ShopOpen/Validate_ShopCategoriesListScreen' is exist

2018-12-12 18:50:32 - [MESSAGE][PASSED] - Call Test Case 'Test Cases/ShopOpen/POPApplication/OverwritePOPApplication' successfully

2018-12-12 18:50:32 - [MESSAGE][PASSED] - Swiped from 0,293 to 0,200

2018-12-12 18:50:34 - [MESSAGE][PASSED] - Swiped from 0,293 to 0,200

2018-12-12 18:50:36 - [MESSAGE][PASSED] - Swiped from 0,293 to 0,200

2018-12-12 18:50:38 - [MESSAGE][PASSED] - Swiped from 0,293 to 0,200

2018-12-12 18:50:41 - [MESSAGE][PASSED] - Swiped from 0,293 to 0,200

2018-12-12 18:50:44 - [MESSAGE][PASSED] - Swiped from 0,293 to 0,200

2018-12-12 18:50:46 - [MESSAGE][WARNING] - Timeout '0' is invalid. Using default page load timeout: '5'

2018-12-12 18:50:47 - [MESSAGE][PASSED] - Element 'Object Repository/CommonScreenElements/Validate_InfoPopUP' is exist

2018-12-12 18:50:47 - [MESSAGE][WARNING] - Timeout '0' is invalid. Using default page load timeout: '5'

2018-12-12 18:50:48 - [MESSAGE][PASSED] - Tapped on element 'Object Repository/CommonScreenElements/InfoPopUp_YesButton'

2018-12-12 18:50:48 - [TEST_CASE][PASSED] - Test Cases/ShopOpen/RetailerRemarks/OverwriteRetailerRemarks: Test Cases/ShopOpen/RetailerRemarks/OverwriteRetailerRemarks

2018-12-12 18:50:48 - [TEST_STEP][PASSED] - verifyElementText(findTestObject("ShopOpen/RetailerRemarks/Validate_RetailerRemarksScreen", ["package":PACKAGENAME]), "KPI: Retailer Remarks"): Actual text and expected text of test object 'Object Repository/ShopOpen/RetailerRemarks/Validate_RetailerRemarksScreen' are matched.

2018-12-12 18:50:49 - [MESSAGE][PASSED] - Actual text and expected text of test object 'Object Repository/ShopOpen/RetailerRemarks/Validate_RetailerRemarksScreen' are matched.

2018-12-12 18:50:49 - [TEST_STEP][PASSED] - com.ct.qa.keywords.RetailerRemarksKeywords.overwriteRetailerRemarks(): com.ct.qa.keywords.RetailerRemarksKeywords.overwriteRetailerRemarks is PASSED

2018-12-12 18:50:50 - [MESSAGE][WARNING] - Timeout '0' is invalid. Using default page load timeout: '5'

2018-12-12 18:50:52 - [MESSAGE][PASSED] - Element 'Object Repository/ShopOpen/RetailerRemarks/Validate_RetailerRemarks_RemarksScreen' is exist

2018-12-12 18:50:54 - [MESSAGE][PASSED] - Press back button successfully

2018-12-12 18:50:55 - [MESSAGE][PASSED] - Actual text and expected text of test object 'Object Repository/ShopOpen/RetailerRemarks/Validate_RetailerRemarksScreen' are matched.

2018-12-12 18:50:55 - [MESSAGE][WARNING] - Timeout '0' is invalid. Using default page load timeout: '5'

2018-12-12 18:50:57 - [MESSAGE][PASSED] - Element 'Object Repository/ShopOpen/RetailerRemarks/Validate_RetailerRemarks_RemarksScreen' is exist

2018-12-12 18:50:59 - [MESSAGE][PASSED] - Press back button successfully

2018-12-12 18:51:00 - [MESSAGE][PASSED] - Actual text and expected text of test object 'Object Repository/ShopOpen/RetailerRemarks/Validate_RetailerRemarksScreen' are matched.

2018-12-12 18:51:00 - [MESSAGE][WARNING] - Timeout '0' is invalid. Using default page load timeout: '5'

2018-12-12 18:51:02 - [MESSAGE][PASSED] - Element 'Object Repository/ShopOpen/RetailerRemarks/Validate_RetailerRemarks_RemarksScreen' is exist

2018-12-12 18:51:04 - [MESSAGE][PASSED] - Press back button successfully

2018-12-12 18:51:05 - [MESSAGE][PASSED] - Actual text and expected text of test object 'Object Repository/ShopOpen/RetailerRemarks/Validate_RetailerRemarksScreen' are matched.

2018-12-12 18:51:05 - [MESSAGE][PASSED] - com.ct.qa.keywords.RetailerRemarksKeywords.overwriteRetailerRemarks is PASSED

2018-12-12 18:51:05 - [TEST_STEP][PASSED] - tap(findTestObject("ShopOpen/RetailerRemarks/BackButton", ["package":PACKAGENAME]), 0): Tapped on element 'Object Repository/ShopOpen/RetailerRemarks/BackButton'

2018-12-12 18:51:05 - [MESSAGE][WARNING] - Timeout '0' is invalid. Using default page load timeout: '5'

2018-12-12 18:51:05 - [MESSAGE][PASSED] - Tapped on element 'Object Repository/ShopOpen/RetailerRemarks/BackButton'

2018-12-12 18:51:05 - [TEST_STEP][PASSED] - verifyElementExist(findTestObject("ShopOpen/Validate_ShopCategoriesListScreen", ["package":PACKAGENAME]), 0): Element 'Object Repository/ShopOpen/Validate_ShopCategoriesListScreen' is exist

2018-12-12 18:51:05 - [MESSAGE][WARNING] - Timeout '0' is invalid. Using default page load timeout: '5'

2018-12-12 18:51:07 - [MESSAGE][PASSED] - Element 'Object Repository/ShopOpen/Validate_ShopCategoriesListScreen' is exist

2018-12-12 18:51:07 - [MESSAGE][PASSED] - Call Test Case 'Test Cases/ShopOpen/RetailerRemarks/OverwriteRetailerRemarks' successfully

2018-12-12 18:51:07 - [MESSAGE][PASSED] - Swiped from 0,293 to 0,200

2018-12-12 18:51:09 - [MESSAGE][PASSED] - Swiped from 0,293 to 0,200

2018-12-12 18:51:11 - [MESSAGE][PASSED] - Swiped from 0,293 to 0,200

2018-12-12 18:51:14 - [MESSAGE][PASSED] - Swiped from 0,293 to 0,200

2018-12-12 18:51:16 - [MESSAGE][PASSED] - Swiped from 0,293 to 0,200

2018-12-12 18:51:18 - [MESSAGE][PASSED] - Swiped from 0,293 to 0,200

2018-12-12 18:51:21 - [MESSAGE][PASSED] - Swiped from 0,293 to 0,200

2018-12-12 18:51:23 - [TEST_CASE][PASSED] - Test Cases/ShopOpen/AdditionalPicture/OverwriteAdditionalPicture: Test Cases/ShopOpen/AdditionalPicture/OverwriteAdditionalPicture

2018-12-12 18:51:23 - [TEST_STEP][PASSED] - verifyElementText(findTestObject("ShopOpen/AdditionalPicture/Validate_AdditionalPictureScreen", ["package":PACKAGENAME]), "Additional Picture"): Actual text and expected text of test object 'Object Repository/ShopOpen/AdditionalPicture/Validate_AdditionalPictureScreen' are matched.

2018-12-12 18:51:25 - [MESSAGE][PASSED] - Actual text and expected text of test object 'Object Repository/ShopOpen/AdditionalPicture/Validate_AdditionalPictureScreen' are matched.

2018-12-12 18:51:25 - [TEST_STEP][PASSED] - com.ct.qa.keywords.AdditionalPictureKeywords.takeMendatoryImages(): com.ct.qa.keywords.AdditionalPictureKeywords.takeMendatoryImages is PASSED

2018-12-12 18:51:26 - [MESSAGE][WARNING] - Timeout '0' is invalid. Using default page load timeout: '5'

2018-12-12 18:51:28 - [MESSAGE][PASSED] - Element 'Object Repository/CommonScreenElements/Validate_CameraScreen' is exist

2018-12-12 18:51:28 - [MESSAGE][WARNING] - Timeout '0' is invalid. Using default page load timeout: '5'

2018-12-12 18:51:31 - [MESSAGE][PASSED] - Tapped on element 'Object Repository/CommonScreenElements/TakePictureButton'

2018-12-12 18:51:36 - [MESSAGE][PASSED] - Delayed 5 second(s)

2018-12-12 18:51:36 - [MESSAGE][WARNING] - Timeout '0' is invalid. Using default page load timeout: '5'

2018-12-12 18:51:37 - [MESSAGE][PASSED] - Tapped on element 'Object Repository/CommonScreenElements/DoneButton'

2018-12-12 18:51:37 - [MESSAGE][PASSED] - com.ct.qa.keywords.AdditionalPictureKeywords.takeMendatoryImages is PASSED

2018-12-12 18:51:37 - [TEST_STEP][PASSED] - pressBack(): Press back button successfully

2018-12-12 18:51:38 - [MESSAGE][PASSED] - Press back button successfully

2018-12-12 18:51:38 - [TEST_STEP][PASSED] - verifyElementExist(findTestObject("ShopOpen/Validate_ShopCategoriesListScreen", ["package":PACKAGENAME]), 0): Element 'Object Repository/ShopOpen/Validate_ShopCategoriesListScreen' is exist

2018-12-12 18:51:38 - [MESSAGE][WARNING] - Timeout '0' is invalid. Using default page load timeout: '5'

2018-12-12 18:51:40 - [MESSAGE][PASSED] - Element 'Object Repository/ShopOpen/Validate_ShopCategoriesListScreen' is exist

2018-12-12 18:51:40 - [MESSAGE][PASSED] - Call Test Case 'Test Cases/ShopOpen/AdditionalPicture/OverwriteAdditionalPicture' successfully

2018-12-12 18:51:40 - [MESSAGE][PASSED] - Swiped from 0,293 to 0,200

2018-12-12 18:51:42 - [MESSAGE][PASSED] - Swiped from 0,293 to 0,200

2018-12-12 18:51:45 - [MESSAGE][PASSED] - Swiped from 0,293 to 0,200

2018-12-12 18:51:47 - [MESSAGE][PASSED] - Swiped from 0,293 to 0,200

2018-12-12 18:51:49 - [MESSAGE][PASSED] - Swiped from 0,293 to 0,200

2018-12-12 18:51:51 - [MESSAGE][PASSED] - Swiped from 0,293 to 0,200

2018-12-12 18:51:53 - [MESSAGE][PASSED] - Swiped from 0,293 to 0,200

2018-12-12 18:51:56 - [MESSAGE][PASSED] - Swiped from 0,293 to 0,200

2018-12-12 18:51:57 - [MESSAGE][PASSED] - com.ct.qa.keywords.CategoryVisitingScenariosWithOverwritePopUpKeywords.visitShopCategoriesWithOverwriteScenarios is PASSED

2018-12-12 18:51:57 - [MESSAGE][PASSED] - Call Test Case 'Test Cases/ShopOpen/VisitCategoryScenariosWithOverwritePopUp/VisitShopCategoriesWithOverwriteScenarios' successfully

2018-12-12 18:51:57 - [TEST_CASE][PASSED] - Test Cases/ShopOpen/SaveShop: Test Cases/ShopOpen/SaveShop

2018-12-12 18:51:57 - [TEST_STEP][PASSED] - tap(findTestObject("ShopOpen/SubmitButtonToSaveShop", ["package":PACKAGENAME]), 0): Tapped on element 'Object Repository/ShopOpen/SubmitButtonToSaveShop'

2018-12-12 18:51:57 - [MESSAGE][WARNING] - Timeout '0' is invalid. Using default page load timeout: '5'

2018-12-12 18:51:58 - [MESSAGE][PASSED] - Tapped on element 'Object Repository/ShopOpen/SubmitButtonToSaveShop'

2018-12-12 18:51:58 - [TEST_STEP][PASSED] - verifyElementExist(findTestObject("CommonScreenElements/Validate_InfoPopUP", ["package":PACKAGENAME]), 0): Element 'Object Repository/CommonScreenElements/Validate_InfoPopUP' is exist

2018-12-12 18:51:58 - [MESSAGE][WARNING] - Timeout '0' is invalid. Using default page load timeout: '5'

2018-12-12 18:51:59 - [MESSAGE][PASSED] - Element 'Object Repository/CommonScreenElements/Validate_InfoPopUP' is exist

2018-12-12 18:51:59 - [TEST_STEP][PASSED] - tap(findTestObject("CommonScreenElements/InfoPopUp_YesButton", ["package":PACKAGENAME]), 0): Tapped on element 'Object Repository/CommonScreenElements/InfoPopUp_YesButton'

2018-12-12 18:51:59 - [MESSAGE][WARNING] - Timeout '0' is invalid. Using default page load timeout: '5'

2018-12-12 18:51:59 - [MESSAGE][PASSED] - Tapped on element 'Object Repository/CommonScreenElements/InfoPopUp_YesButton'

2018-12-12 18:51:59 - [TEST_STEP][PASSED] - verifyElementText(findTestObject("Validate_ShopListScreen", ["package":PACKAGENAME]), "Shops on Route"): Actual text and expected text of test object 'Object Repository/Validate_ShopListScreen' are matched.

2018-12-12 18:52:01 - [MESSAGE][PASSED] - Actual text and expected text of test object 'Object Repository/Validate_ShopListScreen' are matched.

2018-12-12 18:52:01 - [MESSAGE][PASSED] - Call Test Case 'Test Cases/ShopOpen/SaveShop' successfully

2018-12-12 18:52:01 - [MESSAGE][WARNING] - Timeout '0' is invalid. Using default page load timeout: '5'

2018-12-12 18:52:01 - [MESSAGE][PASSED] - Element 'Object Repository/Validate_ShopListScreen' is exist

2018-12-12 18:52:01 - [MESSAGE][INFO] - 

---------------------------------------------Missing Shop Data-----------------------------------------------------------------------------------------------------

<-------------------------------------------------------------------------------------------------------------------------------------->

Shop Name: Al-Rehman Bakery(Lahore A)                                  Channel: Bakery Fragmented                                  

Visiting Scenarios:           Data Verification                                                                                   

Products:

Main Category:                Confectionery and Culinary                                  
Product Category:             Confectionery and Culinary                                  
Products:                     MAGGI Noodles CHICKEN 65GM,	MAGGI Noodles CHATPATA 65GM,	
above items are displaying on device more than to expected items...



<-------------------------------------------------------------------------------------------------------------------------------------->



2018-12-12 18:52:01 - [MESSAGE][ERROR] - Cannot invoke method size() on null object

2018-12-12 18:52:01 - [MESSAGE][ERROR] - com.ct.qa.keywords.ShopVisitingScenariosKeywords.visitShopsWith_CategoryLevel_Overwriting() FAILED.
Reason:
java.lang.NullPointerException: Cannot invoke method size() on null object
	at com.ct.qa.keywords.ShopVisitingScenariosKeywords.displayDataInReport(ShopVisitingScenariosKeywords.groovy:336)
	at com.ct.qa.keywords.ShopVisitingScenariosKeywords.visitShopsWith_CategoryLevel_Overwriting(ShopVisitingScenariosKeywords.groovy:1006)
	at com.ct.qa.keywords.ShopVisitingScenariosKeywords.invokeMethod(ShopVisitingScenariosKeywords.groovy)
	at com.kms.katalon.core.main.CustomKeywordDelegatingMetaClass.invokeStaticMethod(CustomKeywordDelegatingMetaClass.java:49)
	at VisitShopsWithCategoryLevelOverwriting.run(VisitShopsWithCategoryLevelOverwriting:39)
	at com.kms.katalon.core.main.ScriptEngine.run(ScriptEngine.java:194)
	at com.kms.katalon.core.main.ScriptEngine.runScriptAsRawText(ScriptEngine.java:119)
	at com.kms.katalon.core.main.TestCaseExecutor.runScript(TestCaseExecutor.java:321)
	at com.kms.katalon.core.main.TestCaseExecutor.doExecute(TestCaseExecutor.java:312)
	at com.kms.katalon.core.main.TestCaseExecutor.processExecutionPhase(TestCaseExecutor.java:291)
	at com.kms.katalon.core.main.TestCaseExecutor.accessMainPhase(TestCaseExecutor.java:283)
	at com.kms.katalon.core.main.TestCaseExecutor.execute(TestCaseExecutor.java:222)
	at com.kms.katalon.core.main.TestSuiteExecutor.accessTestCaseMainPhase(TestSuiteExecutor.java:129)
	at com.kms.katalon.core.main.TestSuiteExecutor.accessTestSuiteMainPhase(TestSuiteExecutor.java:112)
	at com.kms.katalon.core.main.TestSuiteExecutor.execute(TestSuiteExecutor.java:81)
	at com.kms.katalon.core.main.TestCaseMain.startTestSuite(TestCaseMain.java:149)
	at com.kms.katalon.core.main.TestCaseMain$startTestSuite$0.call(Unknown Source)
	at TempTestSuite1544621211345.run(TempTestSuite1544621211345.groovy:36)]]></system-out>
         <system-err><![CDATA[2018-12-12 18:27:18 - [TEST_CASE][ERROR] - Test Cases/VisitShopScenarios/VisitShopsWithCategoryLevelOverwriting: Test Cases/VisitShopScenarios/VisitShopsWithCategoryLevelOverwriting FAILED.
Reason:
java.lang.NullPointerException: Cannot invoke method size() on null object
	at com.ct.qa.keywords.ShopVisitingScenariosKeywords.displayDataInReport(ShopVisitingScenariosKeywords.groovy:336)
	at com.ct.qa.keywords.ShopVisitingScenariosKeywords.visitShopsWith_CategoryLevel_Overwriting(ShopVisitingScenariosKeywords.groovy:1006)
	at com.ct.qa.keywords.ShopVisitingScenariosKeywords.invokeMethod(ShopVisitingScenariosKeywords.groovy)
	at com.kms.katalon.core.main.CustomKeywordDelegatingMetaClass.invokeStaticMethod(CustomKeywordDelegatingMetaClass.java:49)
	at VisitShopsWithCategoryLevelOverwriting.run(VisitShopsWithCategoryLevelOverwriting:39)
	at com.kms.katalon.core.main.ScriptEngine.run(ScriptEngine.java:194)
	at com.kms.katalon.core.main.ScriptEngine.runScriptAsRawText(ScriptEngine.java:119)
	at com.kms.katalon.core.main.TestCaseExecutor.runScript(TestCaseExecutor.java:321)
	at com.kms.katalon.core.main.TestCaseExecutor.doExecute(TestCaseExecutor.java:312)
	at com.kms.katalon.core.main.TestCaseExecutor.processExecutionPhase(TestCaseExecutor.java:291)
	at com.kms.katalon.core.main.TestCaseExecutor.accessMainPhase(TestCaseExecutor.java:283)
	at com.kms.katalon.core.main.TestCaseExecutor.execute(TestCaseExecutor.java:222)
	at com.kms.katalon.core.main.TestSuiteExecutor.accessTestCaseMainPhase(TestSuiteExecutor.java:129)
	at com.kms.katalon.core.main.TestSuiteExecutor.accessTestSuiteMainPhase(TestSuiteExecutor.java:112)
	at com.kms.katalon.core.main.TestSuiteExecutor.execute(TestSuiteExecutor.java:81)
	at com.kms.katalon.core.main.TestCaseMain.startTestSuite(TestCaseMain.java:149)
	at com.kms.katalon.core.main.TestCaseMain$startTestSuite$0.call(Unknown Source)
	at TempTestSuite1544621211345.run(TempTestSuite1544621211345.groovy:36)]]></system-err>
      </testcase>
      <system-out><![CDATA[2018-12-12 18:26:53 - [TEST_SUITE][ERROR] - MMA Merchandising With Category Level Overwrite Scenarios: Test Cases/VisitShopScenarios/VisitShopsWithCategoryLevelOverwriting FAILED.
Reason:
java.lang.NullPointerException: Cannot invoke method size() on null object
	at com.ct.qa.keywords.ShopVisitingScenariosKeywords.displayDataInReport(ShopVisitingScenariosKeywords.groovy:336)
	at com.ct.qa.keywords.ShopVisitingScenariosKeywords.visitShopsWith_CategoryLevel_Overwriting(ShopVisitingScenariosKeywords.groovy:1006)
	at com.ct.qa.keywords.ShopVisitingScenariosKeywords.invokeMethod(ShopVisitingScenariosKeywords.groovy)
	at com.kms.katalon.core.main.CustomKeywordDelegatingMetaClass.invokeStaticMethod(CustomKeywordDelegatingMetaClass.java:49)
	at VisitShopsWithCategoryLevelOverwriting.run(VisitShopsWithCategoryLevelOverwriting:39)
	at com.kms.katalon.core.main.ScriptEngine.run(ScriptEngine.java:194)
	at com.kms.katalon.core.main.ScriptEngine.runScriptAsRawText(ScriptEngine.java:119)
	at com.kms.katalon.core.main.TestCaseExecutor.runScript(TestCaseExecutor.java:321)
	at com.kms.katalon.core.main.TestCaseExecutor.doExecute(TestCaseExecutor.java:312)
	at com.kms.katalon.core.main.TestCaseExecutor.processExecutionPhase(TestCaseExecutor.java:291)
	at com.kms.katalon.core.main.TestCaseExecutor.accessMainPhase(TestCaseExecutor.java:283)
	at com.kms.katalon.core.main.TestCaseExecutor.execute(TestCaseExecutor.java:222)
	at com.kms.katalon.core.main.TestSuiteExecutor.accessTestCaseMainPhase(TestSuiteExecutor.java:129)
	at com.kms.katalon.core.main.TestSuiteExecutor.accessTestSuiteMainPhase(TestSuiteExecutor.java:112)
	at com.kms.katalon.core.main.TestSuiteExecutor.execute(TestSuiteExecutor.java:81)
	at com.kms.katalon.core.main.TestCaseMain.startTestSuite(TestCaseMain.java:149)
	at com.kms.katalon.core.main.TestCaseMain$startTestSuite$0.call(Unknown Source)
	at TempTestSuite1544621211345.run(TempTestSuite1544621211345.groovy:36)]]></system-out>
      <system-err><![CDATA[2018-12-12 18:26:53 - [TEST_SUITE][ERROR] - MMA Merchandising With Category Level Overwrite Scenarios: Test Cases/VisitShopScenarios/VisitShopsWithCategoryLevelOverwriting FAILED.
Reason:
java.lang.NullPointerException: Cannot invoke method size() on null object
	at com.ct.qa.keywords.ShopVisitingScenariosKeywords.displayDataInReport(ShopVisitingScenariosKeywords.groovy:336)
	at com.ct.qa.keywords.ShopVisitingScenariosKeywords.visitShopsWith_CategoryLevel_Overwriting(ShopVisitingScenariosKeywords.groovy:1006)
	at com.ct.qa.keywords.ShopVisitingScenariosKeywords.invokeMethod(ShopVisitingScenariosKeywords.groovy)
	at com.kms.katalon.core.main.CustomKeywordDelegatingMetaClass.invokeStaticMethod(CustomKeywordDelegatingMetaClass.java:49)
	at VisitShopsWithCategoryLevelOverwriting.run(VisitShopsWithCategoryLevelOverwriting:39)
	at com.kms.katalon.core.main.ScriptEngine.run(ScriptEngine.java:194)
	at com.kms.katalon.core.main.ScriptEngine.runScriptAsRawText(ScriptEngine.java:119)
	at com.kms.katalon.core.main.TestCaseExecutor.runScript(TestCaseExecutor.java:321)
	at com.kms.katalon.core.main.TestCaseExecutor.doExecute(TestCaseExecutor.java:312)
	at com.kms.katalon.core.main.TestCaseExecutor.processExecutionPhase(TestCaseExecutor.java:291)
	at com.kms.katalon.core.main.TestCaseExecutor.accessMainPhase(TestCaseExecutor.java:283)
	at com.kms.katalon.core.main.TestCaseExecutor.execute(TestCaseExecutor.java:222)
	at com.kms.katalon.core.main.TestSuiteExecutor.accessTestCaseMainPhase(TestSuiteExecutor.java:129)
	at com.kms.katalon.core.main.TestSuiteExecutor.accessTestSuiteMainPhase(TestSuiteExecutor.java:112)
	at com.kms.katalon.core.main.TestSuiteExecutor.execute(TestSuiteExecutor.java:81)
	at com.kms.katalon.core.main.TestCaseMain.startTestSuite(TestCaseMain.java:149)
	at com.kms.katalon.core.main.TestCaseMain$startTestSuite$0.call(Unknown Source)
	at TempTestSuite1544621211345.run(TempTestSuite1544621211345.groovy:36)]]></system-err>
   </testsuite>
</testsuites>
