<?xml version="1.0" encoding="UTF-8"?>
<testsuites name="MMA Merchandising With Channel Wise Data Verification" time="3604" tests="4" failures="0" errors="0">
   <testsuite name="MMA Merchandising With Channel Wise Data Verification" tests="4" failures="0" errors="0" time="3604" timestamp="2018-12-04 11:33:53" hostname="Fahad Shah - DESKTOP-L12UUAD" id="Test Suites/MMA Merchandising With Channel Wise Data Verification">
      <properties>
         <property name="deviceName" value="samsung SM-J110H (Android 4.4.4)"/>
         <property name="devicePlatform" value=""/>
         <property name="logFolder" value="F:\\Git Projects\\MMA_Merchandising\\MMA_Merchandising\\Reports\\MMA Merchandising With Channel Wise Data Verification\\20181204_113351"/>
         <property name="logFiles" value="F:\\Git Projects\\MMA_Merchandising\\MMA_Merchandising\\Reports\\MMA Merchandising With Channel Wise Data Verification\\20181204_113351\\appium.log, F:\\Git Projects\\MMA_Merchandising\\MMA_Merchandising\\Reports\\MMA Merchandising With Channel Wise Data Verification\\20181204_113351\\execution0.log"/>
         <property name="attachments" value="F:\\Git Projects\\MMA_Merchandising\\MMA_Merchandising\\Reports\\MMA Merchandising With Channel Wise Data Verification\\20181204_113351\\1543905460970.png, F:\\Git Projects\\MMA_Merchandising\\MMA_Merchandising\\Reports\\MMA Merchandising With Channel Wise Data Verification\\20181204_113351\\1543905666445.png, F:\\Git Projects\\MMA_Merchandising\\MMA_Merchandising\\Reports\\MMA Merchandising With Channel Wise Data Verification\\20181204_113351\\1543905692955.png, F:\\Git Projects\\MMA_Merchandising\\MMA_Merchandising\\Reports\\MMA Merchandising With Channel Wise Data Verification\\20181204_113351\\1543905839716.png, F:\\Git Projects\\MMA_Merchandising\\MMA_Merchandising\\Reports\\MMA Merchandising With Channel Wise Data Verification\\20181204_113351\\1543905865885.png, F:\\Git Projects\\MMA_Merchandising\\MMA_Merchandising\\Reports\\MMA Merchandising With Channel Wise Data Verification\\20181204_113351\\1543906011477.png, F:\\Git Projects\\MMA_Merchandising\\MMA_Merchandising\\Reports\\MMA Merchandising With Channel Wise Data Verification\\20181204_113351\\1543906037892.png, F:\\Git Projects\\MMA_Merchandising\\MMA_Merchandising\\Reports\\MMA Merchandising With Channel Wise Data Verification\\20181204_113351\\1543906125302.png, F:\\Git Projects\\MMA_Merchandising\\MMA_Merchandising\\Reports\\MMA Merchandising With Channel Wise Data Verification\\20181204_113351\\1543906151970.png, F:\\Git Projects\\MMA_Merchandising\\MMA_Merchandising\\Reports\\MMA Merchandising With Channel Wise Data Verification\\20181204_113351\\1543906239441.png, F:\\Git Projects\\MMA_Merchandising\\MMA_Merchandising\\Reports\\MMA Merchandising With Channel Wise Data Verification\\20181204_113351\\1543906265885.png, F:\\Git Projects\\MMA_Merchandising\\MMA_Merchandising\\Reports\\MMA Merchandising With Channel Wise Data Verification\\20181204_113351\\1543906307418.png, F:\\Git Projects\\MMA_Merchandising\\MMA_Merchandising\\Reports\\MMA Merchandising With Channel Wise Data Verification\\20181204_113351\\1543906332959.png, F:\\Git Projects\\MMA_Merchandising\\MMA_Merchandising\\Reports\\MMA Merchandising With Channel Wise Data Verification\\20181204_113351\\1543906449293.png, F:\\Git Projects\\MMA_Merchandising\\MMA_Merchandising\\Reports\\MMA Merchandising With Channel Wise Data Verification\\20181204_113351\\1543906477946.png, F:\\Git Projects\\MMA_Merchandising\\MMA_Merchandising\\Reports\\MMA Merchandising With Channel Wise Data Verification\\20181204_113351\\1543906603896.png, F:\\Git Projects\\MMA_Merchandising\\MMA_Merchandising\\Reports\\MMA Merchandising With Channel Wise Data Verification\\20181204_113351\\1543906652436.png, F:\\Git Projects\\MMA_Merchandising\\MMA_Merchandising\\Reports\\MMA Merchandising With Channel Wise Data Verification\\20181204_113351\\1543906686970.png, F:\\Git Projects\\MMA_Merchandising\\MMA_Merchandising\\Reports\\MMA Merchandising With Channel Wise Data Verification\\20181204_113351\\1543906727405.png, F:\\Git Projects\\MMA_Merchandising\\MMA_Merchandising\\Reports\\MMA Merchandising With Channel Wise Data Verification\\20181204_113351\\1543906762966.png, F:\\Git Projects\\MMA_Merchandising\\MMA_Merchandising\\Reports\\MMA Merchandising With Channel Wise Data Verification\\20181204_113351\\1543906795419.png, F:\\Git Projects\\MMA_Merchandising\\MMA_Merchandising\\Reports\\MMA Merchandising With Channel Wise Data Verification\\20181204_113351\\1543906916886.png, F:\\Git Projects\\MMA_Merchandising\\MMA_Merchandising\\Reports\\MMA Merchandising With Channel Wise Data Verification\\20181204_113351\\1543907145917.png, F:\\Git Projects\\MMA_Merchandising\\MMA_Merchandising\\Reports\\MMA Merchandising With Channel Wise Data Verification\\20181204_113351\\1543907347511.png, F:\\Git Projects\\MMA_Merchandising\\MMA_Merchandising\\Reports\\MMA Merchandising With Channel Wise Data Verification\\20181204_113351\\1543907373915.png, F:\\Git Projects\\MMA_Merchandising\\MMA_Merchandising\\Reports\\MMA Merchandising With Channel Wise Data Verification\\20181204_113351\\1543907521530.png, F:\\Git Projects\\MMA_Merchandising\\MMA_Merchandising\\Reports\\MMA Merchandising With Channel Wise Data Verification\\20181204_113351\\1543907549066.png, F:\\Git Projects\\MMA_Merchandising\\MMA_Merchandising\\Reports\\MMA Merchandising With Channel Wise Data Verification\\20181204_113351\\1543907695529.png, F:\\Git Projects\\MMA_Merchandising\\MMA_Merchandising\\Reports\\MMA Merchandising With Channel Wise Data Verification\\20181204_113351\\1543907722032.png, F:\\Git Projects\\MMA_Merchandising\\MMA_Merchandising\\Reports\\MMA Merchandising With Channel Wise Data Verification\\20181204_113351\\1543907809299.png, F:\\Git Projects\\MMA_Merchandising\\MMA_Merchandising\\Reports\\MMA Merchandising With Channel Wise Data Verification\\20181204_113351\\1543907837896.png, F:\\Git Projects\\MMA_Merchandising\\MMA_Merchandising\\Reports\\MMA Merchandising With Channel Wise Data Verification\\20181204_113351\\1543907925374.png, F:\\Git Projects\\MMA_Merchandising\\MMA_Merchandising\\Reports\\MMA Merchandising With Channel Wise Data Verification\\20181204_113351\\1543907952037.png, F:\\Git Projects\\MMA_Merchandising\\MMA_Merchandising\\Reports\\MMA Merchandising With Channel Wise Data Verification\\20181204_113351\\1543907994269.png, F:\\Git Projects\\MMA_Merchandising\\MMA_Merchandising\\Reports\\MMA Merchandising With Channel Wise Data Verification\\20181204_113351\\1543908020935.png, F:\\Git Projects\\MMA_Merchandising\\MMA_Merchandising\\Reports\\MMA Merchandising With Channel Wise Data Verification\\20181204_113351\\1543908138424.png, F:\\Git Projects\\MMA_Merchandising\\MMA_Merchandising\\Reports\\MMA Merchandising With Channel Wise Data Verification\\20181204_113351\\1543908168052.png, F:\\Git Projects\\MMA_Merchandising\\MMA_Merchandising\\Reports\\MMA Merchandising With Channel Wise Data Verification\\20181204_113351\\1543908265310.png, F:\\Git Projects\\MMA_Merchandising\\MMA_Merchandising\\Reports\\MMA Merchandising With Channel Wise Data Verification\\20181204_113351\\1543908297893.png, F:\\Git Projects\\MMA_Merchandising\\MMA_Merchandising\\Reports\\MMA Merchandising With Channel Wise Data Verification\\20181204_113351\\1543908345428.png, F:\\Git Projects\\MMA_Merchandising\\MMA_Merchandising\\Reports\\MMA Merchandising With Channel Wise Data Verification\\20181204_113351\\1543908380972.png, F:\\Git Projects\\MMA_Merchandising\\MMA_Merchandising\\Reports\\MMA Merchandising With Channel Wise Data Verification\\20181204_113351\\1543908422491.png, F:\\Git Projects\\MMA_Merchandising\\MMA_Merchandising\\Reports\\MMA Merchandising With Channel Wise Data Verification\\20181204_113351\\1543908459927.png, F:\\Git Projects\\MMA_Merchandising\\MMA_Merchandising\\Reports\\MMA Merchandising With Channel Wise Data Verification\\20181204_113351\\1543908494596.png, F:\\Git Projects\\MMA_Merchandising\\MMA_Merchandising\\Reports\\MMA Merchandising With Channel Wise Data Verification\\20181204_113351\\1543908690358.png"/>
         <property name="hostName" value="Fahad Shah - DESKTOP-L12UUAD"/>
         <property name="os" value="Windows 10 64bit"/>
         <property name="katalonVersion" value="5.8.6.1"/>
         <property name="deviceOS" value="Android"/>
         <property name="appiumVersion" value="1.8.1"/>
         <property name="deviceModel" value="SM-J110H"/>
         <property name="hostAddress" value="192.168.3.221"/>
         <property name="deviceManufacturer" value="samsung"/>
         <property name="deviceId" value="11015a1136d0b24a"/>
         <property name="deviceName" value="samsung SM-J110H (Android 4.4.4)"/>
         <property name="deviceOSVersion" value="4.4.4"/>
      </properties>
      <testcase name="Test Cases/LaunchingApp/LaunchApp" classname="Test Cases/LaunchingApp/LaunchApp" status="PASSED">
         <system-out><![CDATA[2018-12-04 11:33:54 - [TEST_CASE][PASSED] - Test Cases/LaunchingApp/LaunchApp: Test Cases/LaunchingApp/LaunchApp

2018-12-04 11:33:55 - [TEST_STEP][PASSED] - startApplication: Started app at: 'F:\QA_Automation\Builds\mmaplus_local_041218_v151.apk'

2018-12-04 11:34:14 - [MESSAGE][PASSED] - Started app at: 'F:\QA_Automation\Builds\mmaplus_local_041218_v151.apk'

2018-12-04 11:34:14 - [TEST_STEP][PASSED] - delay: Delayed 5 second(s)

2018-12-04 11:34:19 - [MESSAGE][PASSED] - Delayed 5 second(s)]]></system-out>
         <system-err><![CDATA[]]></system-err>
      </testcase>
      <testcase name="Test Cases/SliderOptions/VisitSliderOptions" classname="Test Cases/SliderOptions/VisitSliderOptions" status="PASSED">
         <system-out><![CDATA[2018-12-04 11:34:19 - [TEST_CASE][PASSED] - Test Cases/SliderOptions/VisitSliderOptions: Test Cases/SliderOptions/VisitSliderOptions

2018-12-04 11:34:20 - [TEST_STEP][PASSED] - verifyElementText: Actual text and expected text of test object 'Object Repository/DashboardScreenElements/Validate_DashboardScreen' are matched.

2018-12-04 11:34:24 - [MESSAGE][PASSED] - Actual text and expected text of test object 'Object Repository/DashboardScreenElements/Validate_DashboardScreen' are matched.

2018-12-04 11:34:24 - [TEST_STEP][PASSED] - swipe: Swiped from 2,250 to 400,250

2018-12-04 11:34:25 - [MESSAGE][PASSED] - Swiped from 2,250 to 400,250

2018-12-04 11:34:25 - [TEST_STEP][PASSED] - swipe: Swiped from 2,250 to 400,250

2018-12-04 11:34:26 - [MESSAGE][PASSED] - Swiped from 2,250 to 400,250

2018-12-04 11:34:26 - [TEST_STEP][PASSED] - verifyElementExist: Element 'Object Repository/SliderOptions/Validate_SliderItemsScreen' is exist

2018-12-04 11:34:26 - [MESSAGE][WARNING] - Timeout '0' is invalid. Using default page load timeout: '6'

2018-12-04 11:34:27 - [MESSAGE][PASSED] - Element 'Object Repository/SliderOptions/Validate_SliderItemsScreen' is exist

2018-12-04 11:34:27 - [TEST_STEP][PASSED] - com.ct.qa.keywords.SliderOptionsKeywords.valideSliderOptions: com.ct.qa.keywords.SliderOptionsKeywords.valideSliderOptions is PASSED

2018-12-04 11:34:33 - [MESSAGE][PASSED] - Swiped from 0,255 to 0,200

2018-12-04 11:34:36 - [MESSAGE][PASSED] - Swiped from 0,284 to 0,200

2018-12-04 11:34:41 - [MESSAGE][PASSED] - Swiped from 0,284 to 0,200

2018-12-04 11:34:44 - [MESSAGE][PASSED] - Swiped from 0,284 to 0,200

2018-12-04 11:34:49 - [MESSAGE][PASSED] - Swiped from 0,284 to 0,200

2018-12-04 11:34:50 - [MESSAGE][PASSED] - com.ct.qa.keywords.SliderOptionsKeywords.valideSliderOptions is PASSED

2018-12-04 11:34:50 - [TEST_STEP][PASSED] - swipe: Swiped from 5,200 to 5,500

2018-12-04 11:34:51 - [MESSAGE][PASSED] - Swiped from 5,200 to 5,500

2018-12-04 11:34:51 - [TEST_STEP][PASSED] - swipe: Swiped from 5,200 to 5,500

2018-12-04 11:34:52 - [MESSAGE][PASSED] - Swiped from 5,200 to 5,500

2018-12-04 11:34:52 - [TEST_STEP][PASSED] - com.ct.qa.keywords.SliderOptionsKeywords.findSliderOption: com.ct.qa.keywords.SliderOptionsKeywords.findSliderOption is PASSED

2018-12-04 11:34:53 - [MESSAGE][PASSED] - Swiped from 5,200 to 5,500

2018-12-04 11:34:54 - [MESSAGE][PASSED] - Swiped from 5,200 to 5,500

2018-12-04 11:34:56 - [MESSAGE][WARNING] - Timeout '0' is invalid. Using default page load timeout: '6'

2018-12-04 11:34:57 - [MESSAGE][PASSED] - Element 'Object Repository/SliderOptions/UpdateProfile_EnterEmail' is exist

2018-12-04 11:34:57 - [MESSAGE][WARNING] - Timeout '0' is invalid. Using default page load timeout: '6'

2018-12-04 11:34:58 - [MESSAGE][PASSED] - Element 'Object Repository/SliderOptions/UpdateProfile_EnterPhone' is exist

2018-12-04 11:34:58 - [MESSAGE][WARNING] - Timeout '0' is invalid. Using default page load timeout: '6'

2018-12-04 11:34:58 - [MESSAGE][PASSED] - Element 'Object Repository/SliderOptions/UpdateProfile_EnterCNIC' is exist

2018-12-04 11:34:58 - [MESSAGE][PASSED] - Press back button successfully

2018-12-04 11:34:58 - [MESSAGE][WARNING] - Timeout '0' is invalid. Using default page load timeout: '6'

2018-12-04 11:34:59 - [MESSAGE][PASSED] - Element 'Object Repository/SliderOptions/Validate_SliderItemsScreen' is exist

2018-12-04 11:34:59 - [MESSAGE][PASSED] - com.ct.qa.keywords.SliderOptionsKeywords.findSliderOption is PASSED

2018-12-04 11:35:00 - [TEST_STEP][PASSED] - com.ct.qa.keywords.SliderOptionsKeywords.findSliderOption: com.ct.qa.keywords.SliderOptionsKeywords.findSliderOption is PASSED

2018-12-04 11:35:00 - [MESSAGE][PASSED] - Swiped from 5,200 to 5,500

2018-12-04 11:35:01 - [MESSAGE][PASSED] - Swiped from 5,200 to 5,500

2018-12-04 11:35:09 - [MESSAGE][PASSED] - Actual text and expected text of test object 'Object Repository/SliderOptions/Validate_OutOfRoute_RouteListScreen' are matched.

2018-12-04 11:35:13 - [MESSAGE][PASSED] - Actual text and expected text of test object 'Object Repository/SliderOptions/Validate_OutOfRoute_ShopOnRouteScreen' are matched.

2018-12-04 11:35:13 - [MESSAGE][PASSED] - Press back button successfully

2018-12-04 11:35:14 - [MESSAGE][PASSED] - Actual text and expected text of test object 'Object Repository/SliderOptions/Validate_OutOfRoute_RouteListScreen' are matched.

2018-12-04 11:35:14 - [MESSAGE][PASSED] - Press back button successfully

2018-12-04 11:35:14 - [MESSAGE][WARNING] - Timeout '0' is invalid. Using default page load timeout: '6'

2018-12-04 11:35:16 - [MESSAGE][PASSED] - Element 'Object Repository/SliderOptions/Validate_SliderItemsScreen' is exist

2018-12-04 11:35:16 - [MESSAGE][PASSED] - com.ct.qa.keywords.SliderOptionsKeywords.findSliderOption is PASSED

2018-12-04 11:35:16 - [TEST_STEP][PASSED] - com.ct.qa.keywords.SliderOptionsKeywords.findSliderOption: com.ct.qa.keywords.SliderOptionsKeywords.findSliderOption is PASSED

2018-12-04 11:35:16 - [MESSAGE][PASSED] - Swiped from 5,200 to 5,500

2018-12-04 11:35:17 - [MESSAGE][PASSED] - Swiped from 5,200 to 5,500

2018-12-04 11:35:23 - [MESSAGE][PASSED] - Swiped from 0,255 to 0,200

2018-12-04 11:35:25 - [MESSAGE][PASSED] - Swiped from 0,284 to 0,200

2018-12-04 11:35:29 - [MESSAGE][PASSED] - Actual text and expected text of test object 'Object Repository/SliderOptions/Validate_LoginCode' are matched.

2018-12-04 11:35:30 - [MESSAGE][PASSED] - Actual text and expected text of test object 'Object Repository/SliderOptions/Validate_LoginTime' are matched.

2018-12-04 11:35:30 - [MESSAGE][PASSED] - Actual text and expected text of test object 'Object Repository/SliderOptions/Validate_SyncAttempted' are matched.

2018-12-04 11:35:30 - [MESSAGE][PASSED] - Actual text and expected text of test object 'Object Repository/SliderOptions/Validate_SyncSuccessful' are matched.

2018-12-04 11:35:31 - [MESSAGE][PASSED] - Actual text and expected text of test object 'Object Repository/SliderOptions/Validate_RefreshRoutes' are matched.

2018-12-04 11:35:31 - [MESSAGE][PASSED] - Actual text and expected text of test object 'Object Repository/SliderOptions/Validate_BuildVersion' are matched.

2018-12-04 11:35:31 - [MESSAGE][PASSED] - Press back button successfully

2018-12-04 11:35:31 - [MESSAGE][WARNING] - Timeout '0' is invalid. Using default page load timeout: '6'

2018-12-04 11:35:32 - [MESSAGE][PASSED] - Element 'Object Repository/SliderOptions/Validate_SliderItemsScreen' is exist

2018-12-04 11:35:32 - [MESSAGE][PASSED] - com.ct.qa.keywords.SliderOptionsKeywords.findSliderOption is PASSED

2018-12-04 11:35:32 - [TEST_STEP][PASSED] - swipe: Swiped from 320,5 to 2,5

2018-12-04 11:35:33 - [MESSAGE][PASSED] - Swiped from 320,5 to 2,5

2018-12-04 11:35:33 - [TEST_STEP][PASSED] - swipe: Swiped from 320,5 to 2,5

2018-12-04 11:35:34 - [MESSAGE][PASSED] - Swiped from 320,5 to 2,5

2018-12-04 11:35:34 - [TEST_STEP][PASSED] - com.ct.qa.keywords.SliderOptionsKeywords.displayMissingSliderOptionsInReport: com.ct.qa.keywords.SliderOptionsKeywords.displayMissingSliderOptionsInReport is PASSED

2018-12-04 11:35:34 - [MESSAGE][PASSED] - com.ct.qa.keywords.SliderOptionsKeywords.displayMissingSliderOptionsInReport is PASSED]]></system-out>
         <system-err><![CDATA[]]></system-err>
      </testcase>
      <testcase name="Test Cases/DistributionPoint/VisitDistributionPoint" classname="Test Cases/DistributionPoint/VisitDistributionPoint" status="PASSED">
         <system-out><![CDATA[2018-12-04 11:35:34 - [TEST_CASE][PASSED] - Test Cases/DistributionPoint/VisitDistributionPoint: Test Cases/DistributionPoint/VisitDistributionPoint

2018-12-04 11:35:34 - [TEST_STEP][PASSED] - verifyElementText: Actual text and expected text of test object 'Object Repository/DashboardScreenElements/Validate_DashboardScreen' are matched.

2018-12-04 11:35:35 - [MESSAGE][PASSED] - Actual text and expected text of test object 'Object Repository/DashboardScreenElements/Validate_DashboardScreen' are matched.

2018-12-04 11:35:35 - [TEST_STEP][PASSED] - com.ct.qa.keywords.CommonKeywords.selectday: com.ct.qa.keywords.CommonKeywords.selectday is PASSED

2018-12-04 11:35:35 - [MESSAGE][WARNING] - Timeout '0' is invalid. Using default page load timeout: '6'

2018-12-04 11:35:35 - [MESSAGE][PASSED] - Tapped on element 'Object Repository/DashboardScreenElements/DaysDropdownMenu'

2018-12-04 11:35:35 - [MESSAGE][WARNING] - Timeout '0' is invalid. Using default page load timeout: '6'

2018-12-04 11:35:36 - [MESSAGE][PASSED] - Element 'Object Repository/DashboardScreenElements/Validate_DaysListScreen' is exist

2018-12-04 11:35:37 - [MESSAGE][PASSED] - com.ct.qa.keywords.CommonKeywords.selectday is PASSED

2018-12-04 11:35:37 - [TEST_STEP][PASSED] - tap: Tapped on element 'Object Repository/DashboardScreenElements/StartYourDay'

2018-12-04 11:35:37 - [MESSAGE][WARNING] - Timeout '0' is invalid. Using default page load timeout: '6'

2018-12-04 11:35:39 - [MESSAGE][PASSED] - Tapped on element 'Object Repository/DashboardScreenElements/StartYourDay'

2018-12-04 11:35:39 - [TEST_STEP][PASSED] - delay: Delayed 15 second(s)

2018-12-04 11:35:54 - [MESSAGE][PASSED] - Delayed 15 second(s)

2018-12-04 11:35:54 - [TEST_STEP][PASSED] - verifyElementExist: Element 'Object Repository/CommonScreenElements/Validate_MapScreen' is exist

2018-12-04 11:35:54 - [MESSAGE][WARNING] - Timeout '0' is invalid. Using default page load timeout: '6'

2018-12-04 11:35:54 - [MESSAGE][PASSED] - Element 'Object Repository/CommonScreenElements/Validate_MapScreen' is exist

2018-12-04 11:35:54 - [TEST_STEP][PASSED] - tap: Tapped on element 'Object Repository/CommonScreenElements/Location_CheckIn'

2018-12-04 11:35:54 - [MESSAGE][WARNING] - Timeout '0' is invalid. Using default page load timeout: '6'

2018-12-04 11:35:55 - [MESSAGE][PASSED] - Tapped on element 'Object Repository/CommonScreenElements/Location_CheckIn'

2018-12-04 11:35:55 - [TEST_STEP][PASSED] - verifyElementExist: Element 'Object Repository/CommonScreenElements/Validate_InfoPopUP' is exist

2018-12-04 11:35:55 - [MESSAGE][WARNING] - Timeout '0' is invalid. Using default page load timeout: '6'

2018-12-04 11:35:56 - [MESSAGE][PASSED] - Element 'Object Repository/CommonScreenElements/Validate_InfoPopUP' is exist

2018-12-04 11:35:56 - [TEST_STEP][PASSED] - tap: Tapped on element 'Object Repository/CommonScreenElements/InfoPopUp_NoButton'

2018-12-04 11:35:56 - [MESSAGE][WARNING] - Timeout '0' is invalid. Using default page load timeout: '6'

2018-12-04 11:35:57 - [MESSAGE][PASSED] - Tapped on element 'Object Repository/CommonScreenElements/InfoPopUp_NoButton'

2018-12-04 11:35:57 - [TEST_STEP][PASSED] - verifyElementText: Actual text and expected text of test object 'Object Repository/DistributionPoint/Validate_RouteInfoScreen' are matched.

2018-12-04 11:35:58 - [MESSAGE][PASSED] - Actual text and expected text of test object 'Object Repository/DistributionPoint/Validate_RouteInfoScreen' are matched.

2018-12-04 11:35:58 - [TEST_STEP][PASSED] - tap: Tapped on element 'Object Repository/DistributionPoint/RouteInfoNextButton'

2018-12-04 11:35:58 - [MESSAGE][WARNING] - Timeout '0' is invalid. Using default page load timeout: '6'

2018-12-04 11:35:59 - [MESSAGE][PASSED] - Tapped on element 'Object Repository/DistributionPoint/RouteInfoNextButton'

2018-12-04 11:35:59 - [TEST_STEP][PASSED] - verifyElementText: Actual text and expected text of test object 'Object Repository/DistributionPoint/Validate_DistributionPointScreen' are matched.

2018-12-04 11:36:00 - [MESSAGE][PASSED] - Actual text and expected text of test object 'Object Repository/DistributionPoint/Validate_DistributionPointScreen' are matched.

2018-12-04 11:36:00 - [TEST_STEP][PASSED] - com.ct.qa.keywords.DistributionPointKeywords.visitdistributionPoint: com.ct.qa.keywords.DistributionPointKeywords.visitdistributionPoint is PASSED

2018-12-04 11:36:04 - [MESSAGE][PASSED] - Keyboard is hidden

2018-12-04 11:36:06 - [MESSAGE][PASSED] - Keyboard is hidden

2018-12-04 11:36:09 - [MESSAGE][PASSED] - Keyboard is hidden

2018-12-04 11:36:12 - [MESSAGE][PASSED] - Keyboard is hidden

2018-12-04 11:36:12 - [MESSAGE][PASSED] - com.ct.qa.keywords.DistributionPointKeywords.visitdistributionPoint is PASSED

2018-12-04 11:36:12 - [TEST_STEP][PASSED] - tap: Tapped on element 'Object Repository/DistributionPoint/DistributionPoint_SubmitButton'

2018-12-04 11:36:12 - [MESSAGE][WARNING] - Timeout '0' is invalid. Using default page load timeout: '6'

2018-12-04 11:36:13 - [MESSAGE][PASSED] - Tapped on element 'Object Repository/DistributionPoint/DistributionPoint_SubmitButton']]></system-out>
         <system-err><![CDATA[]]></system-err>
      </testcase>
      <testcase name="Test Cases/VisitShopScenarios/VisitShopsWithDataVerification" classname="Test Cases/VisitShopScenarios/VisitShopsWithDataVerification" status="PASSED">
         <system-out><![CDATA[2018-12-04 11:36:13 - [TEST_CASE][PASSED] - Test Cases/VisitShopScenarios/VisitShopsWithDataVerification: Test Cases/VisitShopScenarios/VisitShopsWithDataVerification

2018-12-04 11:36:13 - [TEST_STEP][PASSED] - verifyElementText: Actual text and expected text of test object 'Object Repository/DashboardScreenElements/Validate_DashboardScreen' are matched.

2018-12-04 11:36:14 - [MESSAGE][PASSED] - Actual text and expected text of test object 'Object Repository/DashboardScreenElements/Validate_DashboardScreen' are matched.

2018-12-04 11:36:14 - [TEST_STEP][PASSED] - com.ct.qa.keywords.CommonKeywords.selectday: com.ct.qa.keywords.CommonKeywords.selectday is PASSED

2018-12-04 11:36:14 - [MESSAGE][WARNING] - Timeout '0' is invalid. Using default page load timeout: '6'

2018-12-04 11:36:15 - [MESSAGE][PASSED] - Tapped on element 'Object Repository/DashboardScreenElements/DaysDropdownMenu'

2018-12-04 11:36:15 - [MESSAGE][WARNING] - Timeout '0' is invalid. Using default page load timeout: '6'

2018-12-04 11:36:16 - [MESSAGE][PASSED] - Element 'Object Repository/DashboardScreenElements/Validate_DaysListScreen' is exist

2018-12-04 11:36:17 - [MESSAGE][PASSED] - com.ct.qa.keywords.CommonKeywords.selectday is PASSED

2018-12-04 11:36:17 - [TEST_STEP][PASSED] - tap: Tapped on element 'Object Repository/DashboardScreenElements/StartYourDay'

2018-12-04 11:36:17 - [MESSAGE][WARNING] - Timeout '0' is invalid. Using default page load timeout: '6'

2018-12-04 11:36:18 - [MESSAGE][PASSED] - Tapped on element 'Object Repository/DashboardScreenElements/StartYourDay'

2018-12-04 11:36:18 - [TEST_STEP][PASSED] - verifyElementText: Actual text and expected text of test object 'Object Repository/Validate_ShopListScreen' are matched.

2018-12-04 11:36:20 - [MESSAGE][PASSED] - Actual text and expected text of test object 'Object Repository/Validate_ShopListScreen' are matched.

2018-12-04 11:36:20 - [TEST_STEP][PASSED] - com.ct.qa.keywords.ShopVisitingScenariosKeywords.visitShopWith_DataVerification: com.ct.qa.keywords.ShopVisitingScenariosKeywords.visitShopWith_DataVerification is PASSED

2018-12-04 11:36:23 - [MESSAGE][PASSED] - Actual text and expected text of test object 'Object Repository/Validate_ShopOptionsScreen' are matched.

2018-12-04 11:36:25 - [MESSAGE][WARNING] - Timeout '0' is invalid. Using default page load timeout: '6'

2018-12-04 11:36:26 - [MESSAGE][PASSED] - Tapped on element 'Object Repository/StartWorking'

2018-12-04 11:36:41 - [MESSAGE][PASSED] - Delayed 15 second(s)

2018-12-04 11:36:42 - [MESSAGE][PASSED] - Element 'Object Repository/CommonScreenElements/Validate_MapScreen' is exist

2018-12-04 11:36:42 - [MESSAGE][WARNING] - Timeout '0' is invalid. Using default page load timeout: '6'

2018-12-04 11:36:42 - [MESSAGE][PASSED] - Tapped on element 'Object Repository/CommonScreenElements/Location_CheckIn'

2018-12-04 11:36:42 - [MESSAGE][WARNING] - Timeout '0' is invalid. Using default page load timeout: '6'

2018-12-04 11:36:43 - [MESSAGE][PASSED] - Element 'Object Repository/CommonScreenElements/Validate_InfoPopUP' is exist

2018-12-04 11:36:43 - [MESSAGE][WARNING] - Timeout '0' is invalid. Using default page load timeout: '6'

2018-12-04 11:36:44 - [MESSAGE][PASSED] - Tapped on element 'Object Repository/CommonScreenElements/InfoPopUp_NoButton'

2018-12-04 11:36:44 - [TEST_CASE][PASSED] - Test Cases/ShopOpen/VisitShopOpen: Test Cases/ShopOpen/VisitShopOpen

2018-12-04 11:36:45 - [TEST_STEP][PASSED] - verifyElementExist: Element 'Object Repository/ShopActions_List' is exist

2018-12-04 11:36:45 - [MESSAGE][WARNING] - Timeout '0' is invalid. Using default page load timeout: '6'

2018-12-04 11:36:45 - [MESSAGE][PASSED] - Element 'Object Repository/ShopActions_List' is exist

2018-12-04 11:36:45 - [TEST_STEP][PASSED] - tap: Tapped on element 'Object Repository/ShopOpen/ShopOpen'

2018-12-04 11:36:45 - [MESSAGE][WARNING] - Timeout '0' is invalid. Using default page load timeout: '6'

2018-12-04 11:36:46 - [MESSAGE][PASSED] - Tapped on element 'Object Repository/ShopOpen/ShopOpen'

2018-12-04 11:36:46 - [TEST_STEP][PASSED] - verifyElementExist: Element 'Object Repository/CommonScreenElements/Validate_CameraScreen' is exist

2018-12-04 11:36:46 - [MESSAGE][WARNING] - Timeout '0' is invalid. Using default page load timeout: '6'

2018-12-04 11:36:48 - [MESSAGE][PASSED] - Element 'Object Repository/CommonScreenElements/Validate_CameraScreen' is exist

2018-12-04 11:36:48 - [TEST_STEP][PASSED] - tap: Tapped on element 'Object Repository/CommonScreenElements/TakePictureButton'

2018-12-04 11:36:48 - [MESSAGE][WARNING] - Timeout '0' is invalid. Using default page load timeout: '6'

2018-12-04 11:36:51 - [MESSAGE][PASSED] - Tapped on element 'Object Repository/CommonScreenElements/TakePictureButton'

2018-12-04 11:36:51 - [TEST_STEP][PASSED] - delay: Delayed 5 second(s)

2018-12-04 11:36:56 - [MESSAGE][PASSED] - Delayed 5 second(s)

2018-12-04 11:36:56 - [TEST_STEP][PASSED] - tap: Tapped on element 'Object Repository/CommonScreenElements/DoneButton'

2018-12-04 11:36:56 - [MESSAGE][WARNING] - Timeout '0' is invalid. Using default page load timeout: '6'

2018-12-04 11:36:57 - [MESSAGE][PASSED] - Tapped on element 'Object Repository/CommonScreenElements/DoneButton'

2018-12-04 11:36:57 - [MESSAGE][PASSED] - Call Test Case 'Test Cases/ShopOpen/VisitShopOpen' successfully

2018-12-04 11:36:57 - [TEST_CASE][PASSED] - Test Cases/ShopOpen/VisitCategoryScenarios/VisitShopCategoriesWithDataVerification: Test Cases/ShopOpen/VisitCategoryScenarios/VisitShopCategoriesWithDataVerification

2018-12-04 11:36:58 - [TEST_STEP][PASSED] - verifyElementExist: Element 'Object Repository/ShopOpen/Validate_ShopCategoriesListScreen' is exist

2018-12-04 11:36:58 - [MESSAGE][WARNING] - Timeout '0' is invalid. Using default page load timeout: '6'

2018-12-04 11:36:59 - [MESSAGE][PASSED] - Element 'Object Repository/ShopOpen/Validate_ShopCategoriesListScreen' is exist

2018-12-04 11:36:59 - [TEST_STEP][PASSED] - com.ct.qa.keywords.CategoryVisitingScenariosKeywords.visitShopCategoriesWithDataVerification: com.ct.qa.keywords.CategoryVisitingScenariosKeywords.visitShopCategoriesWithDataVerification is PASSED

2018-12-04 11:37:04 - [MESSAGE][PASSED] - Swiped from 0,293 to 0,200

2018-12-04 11:37:07 - [MESSAGE][PASSED] - Swiped from 0,293 to 0,200

2018-12-04 11:37:10 - [MESSAGE][PASSED] - Swiped from 0,293 to 0,200

2018-12-04 11:37:13 - [MESSAGE][PASSED] - Swiped from 0,293 to 0,200

2018-12-04 11:37:17 - [MESSAGE][PASSED] - Swiped from 0,293 to 0,200

2018-12-04 11:37:19 - [MESSAGE][PASSED] - Swiped from 0,293 to 0,200

2018-12-04 11:37:22 - [MESSAGE][PASSED] - Swiped from 0,293 to 0,200

2018-12-04 11:37:26 - [MESSAGE][PASSED] - Swiped from 0,293 to 0,200

2018-12-04 11:37:29 - [MESSAGE][PASSED] - Swiped from 0,293 to 0,200

2018-12-04 11:37:31 - [MESSAGE][PASSED] - Swiped from 0,200 to 0,750

2018-12-04 11:37:32 - [MESSAGE][PASSED] - Swiped from 0,200 to 0,750

2018-12-04 11:37:34 - [MESSAGE][WARNING] - Timeout '0' is invalid. Using default page load timeout: '6'

2018-12-04 11:37:42 - [MESSAGE][WARNING] - Element 'Object Repository/CommonScreenElements/Validate_CameraScreen' not found
[[ATTACHMENT|F:\\Git Projects\\MMA_Merchandising\\MMA_Merchandising\\Reports\\MMA Merchandising With Channel Wise Data Verification\\20181204_113351\\1543905460970.png]]

2018-12-04 11:37:42 - [TEST_CASE][PASSED] - Test Cases/ShopOpen/Chiller/VisitChillerWithChillerNotAllocated: Test Cases/ShopOpen/Chiller/VisitChillerWithChillerNotAllocated

2018-12-04 11:37:43 - [TEST_STEP][PASSED] - verifyElementText: Actual text and expected text of test object 'Object Repository/ShopOpen/Chiller/Validate_ChillerScreen' are matched.

2018-12-04 11:37:43 - [MESSAGE][PASSED] - Actual text and expected text of test object 'Object Repository/ShopOpen/Chiller/Validate_ChillerScreen' are matched.

2018-12-04 11:37:43 - [TEST_STEP][PASSED] - tap: Tapped on element 'Object Repository/ShopOpen/Chiller/ChillerNotAllocated'

2018-12-04 11:37:43 - [MESSAGE][WARNING] - Timeout '0' is invalid. Using default page load timeout: '6'

2018-12-04 11:37:43 - [MESSAGE][PASSED] - Tapped on element 'Object Repository/ShopOpen/Chiller/ChillerNotAllocated'

2018-12-04 11:37:43 - [TEST_STEP][PASSED] - verifyElementText: Actual text and expected text of test object 'Object Repository/ShopOpen/Chiller/Validate_ChillerNotAllocatedProductCategoryScreen' are matched.

2018-12-04 11:37:46 - [MESSAGE][PASSED] - Actual text and expected text of test object 'Object Repository/ShopOpen/Chiller/Validate_ChillerNotAllocatedProductCategoryScreen' are matched.

2018-12-04 11:37:46 - [TEST_STEP][PASSED] - com.ct.qa.keywords.ChannelProductsDataKeywords.visitChillerNotAllocatedProductCategories: com.ct.qa.keywords.ChannelProductsDataKeywords.visitChillerNotAllocatedProductCategories is PASSED

2018-12-04 11:37:49 - [TEST_CASE][PASSED] - Test Cases/ShopOpen/Chiller/VisitProductCategoryAssets: Test Cases/ShopOpen/Chiller/VisitProductCategoryAssets

2018-12-04 11:37:50 - [TEST_STEP][PASSED] - verifyElementText: Actual text and expected text of test object 'Object Repository/ShopOpen/Chiller/Validate_ProductCategoryAssetsScreen' are matched.

2018-12-04 11:37:51 - [MESSAGE][PASSED] - Actual text and expected text of test object 'Object Repository/ShopOpen/Chiller/Validate_ProductCategoryAssetsScreen' are matched.

2018-12-04 11:37:51 - [TEST_STEP][PASSED] - tap: Tapped on element 'Object Repository/ShopOpen/Chiller/Facing'

2018-12-04 11:37:51 - [MESSAGE][WARNING] - Timeout '0' is invalid. Using default page load timeout: '6'

2018-12-04 11:37:51 - [MESSAGE][PASSED] - Tapped on element 'Object Repository/ShopOpen/Chiller/Facing'

2018-12-04 11:37:51 - [TEST_STEP][PASSED] - verifyElementText: Actual text and expected text of test object 'Object Repository/ShopOpen/Chiller/Validate_FacingScreen' are matched.

2018-12-04 11:37:53 - [MESSAGE][PASSED] - Actual text and expected text of test object 'Object Repository/ShopOpen/Chiller/Validate_FacingScreen' are matched.

2018-12-04 11:37:53 - [TEST_STEP][PASSED] - com.ct.qa.keywords.ChannelProductsDataKeywords.visitChannelWiseProductsData: com.ct.qa.keywords.ChannelProductsDataKeywords.visitChannelWiseProductsData is PASSED

2018-12-04 11:37:57 - [MESSAGE][PASSED] - Keyboard is hidden

2018-12-04 11:38:00 - [MESSAGE][PASSED] - Keyboard is hidden

2018-12-04 11:38:03 - [MESSAGE][PASSED] - Keyboard is hidden

2018-12-04 11:38:06 - [MESSAGE][PASSED] - Keyboard is hidden

2018-12-04 11:38:09 - [MESSAGE][PASSED] - Keyboard is hidden

2018-12-04 11:38:12 - [MESSAGE][PASSED] - Keyboard is hidden

2018-12-04 11:38:15 - [MESSAGE][PASSED] - Swiped from 55,359 to 55,250

2018-12-04 11:38:17 - [MESSAGE][PASSED] - com.ct.qa.keywords.ChannelProductsDataKeywords.visitChannelWiseProductsData is PASSED

2018-12-04 11:38:17 - [TEST_STEP][PASSED] - tap: Tapped on element 'Object Repository/ShopOpen/Chiller/SubmitButton'

2018-12-04 11:38:17 - [MESSAGE][WARNING] - Timeout '0' is invalid. Using default page load timeout: '6'

2018-12-04 11:38:17 - [MESSAGE][PASSED] - Tapped on element 'Object Repository/ShopOpen/Chiller/SubmitButton'

2018-12-04 11:38:17 - [TEST_STEP][PASSED] - verifyElementText: Actual text and expected text of test object 'Object Repository/ShopOpen/Chiller/Validate_ProductCategoryAssetsScreen' are matched.

2018-12-04 11:38:18 - [MESSAGE][PASSED] - Actual text and expected text of test object 'Object Repository/ShopOpen/Chiller/Validate_ProductCategoryAssetsScreen' are matched.

2018-12-04 11:38:18 - [TEST_STEP][PASSED] - tap: Tapped on element 'Object Repository/ShopOpen/Chiller/StockTaking'

2018-12-04 11:38:18 - [MESSAGE][WARNING] - Timeout '0' is invalid. Using default page load timeout: '6'

2018-12-04 11:38:19 - [MESSAGE][PASSED] - Tapped on element 'Object Repository/ShopOpen/Chiller/StockTaking'

2018-12-04 11:38:19 - [TEST_STEP][PASSED] - verifyElementText: Actual text and expected text of test object 'Object Repository/ShopOpen/Chiller/Validate_StockTakingScreen' are matched.

2018-12-04 11:38:21 - [MESSAGE][PASSED] - Actual text and expected text of test object 'Object Repository/ShopOpen/Chiller/Validate_StockTakingScreen' are matched.

2018-12-04 11:38:21 - [TEST_STEP][PASSED] - com.ct.qa.keywords.ChannelProductsDataKeywords.visitChannelWiseProductsData: com.ct.qa.keywords.ChannelProductsDataKeywords.visitChannelWiseProductsData is PASSED

2018-12-04 11:38:26 - [MESSAGE][PASSED] - Keyboard is hidden

2018-12-04 11:38:29 - [MESSAGE][PASSED] - Keyboard is hidden

2018-12-04 11:38:32 - [MESSAGE][PASSED] - Keyboard is hidden

2018-12-04 11:38:35 - [MESSAGE][PASSED] - Keyboard is hidden

2018-12-04 11:38:38 - [MESSAGE][PASSED] - Keyboard is hidden

2018-12-04 11:38:41 - [MESSAGE][PASSED] - Keyboard is hidden

2018-12-04 11:38:43 - [MESSAGE][PASSED] - Swiped from 55,359 to 55,250

2018-12-04 11:38:44 - [MESSAGE][PASSED] - com.ct.qa.keywords.ChannelProductsDataKeywords.visitChannelWiseProductsData is PASSED

2018-12-04 11:38:44 - [TEST_STEP][PASSED] - tap: Tapped on element 'Object Repository/ShopOpen/Chiller/SubmitButton'

2018-12-04 11:38:44 - [MESSAGE][WARNING] - Timeout '0' is invalid. Using default page load timeout: '6'

2018-12-04 11:38:45 - [MESSAGE][PASSED] - Tapped on element 'Object Repository/ShopOpen/Chiller/SubmitButton'

2018-12-04 11:38:45 - [TEST_STEP][PASSED] - verifyElementText: Actual text and expected text of test object 'Object Repository/ShopOpen/Chiller/Validate_ProductCategoryAssetsScreen' are matched.

2018-12-04 11:38:46 - [MESSAGE][PASSED] - Actual text and expected text of test object 'Object Repository/ShopOpen/Chiller/Validate_ProductCategoryAssetsScreen' are matched.

2018-12-04 11:38:46 - [TEST_STEP][PASSED] - tap: Tapped on element 'Object Repository/ShopOpen/Chiller/ChillerNotAllocatedProductCategory_BackButton'

2018-12-04 11:38:46 - [MESSAGE][WARNING] - Timeout '0' is invalid. Using default page load timeout: '6'

2018-12-04 11:38:46 - [MESSAGE][PASSED] - Tapped on element 'Object Repository/ShopOpen/Chiller/ChillerNotAllocatedProductCategory_BackButton'

2018-12-04 11:38:46 - [MESSAGE][PASSED] - Call Test Case 'Test Cases/ShopOpen/Chiller/VisitProductCategoryAssets' successfully

2018-12-04 11:38:47 - [MESSAGE][PASSED] - Actual text and expected text of test object 'Object Repository/ShopOpen/Chiller/Validate_ChillerNotAllocatedProductCategoryScreen' are matched.

2018-12-04 11:38:48 - [TEST_CASE][PASSED] - Test Cases/ShopOpen/Chiller/VisitProductCategoryAssets: Test Cases/ShopOpen/Chiller/VisitProductCategoryAssets

2018-12-04 11:38:48 - [TEST_STEP][PASSED] - verifyElementText: Actual text and expected text of test object 'Object Repository/ShopOpen/Chiller/Validate_ProductCategoryAssetsScreen' are matched.

2018-12-04 11:38:49 - [MESSAGE][PASSED] - Actual text and expected text of test object 'Object Repository/ShopOpen/Chiller/Validate_ProductCategoryAssetsScreen' are matched.

2018-12-04 11:38:49 - [TEST_STEP][PASSED] - tap: Tapped on element 'Object Repository/ShopOpen/Chiller/Facing'

2018-12-04 11:38:49 - [MESSAGE][WARNING] - Timeout '0' is invalid. Using default page load timeout: '6'

2018-12-04 11:38:50 - [MESSAGE][PASSED] - Tapped on element 'Object Repository/ShopOpen/Chiller/Facing'

2018-12-04 11:38:50 - [TEST_STEP][PASSED] - verifyElementText: Actual text and expected text of test object 'Object Repository/ShopOpen/Chiller/Validate_FacingScreen' are matched.

2018-12-04 11:38:52 - [MESSAGE][PASSED] - Actual text and expected text of test object 'Object Repository/ShopOpen/Chiller/Validate_FacingScreen' are matched.

2018-12-04 11:38:52 - [TEST_STEP][PASSED] - com.ct.qa.keywords.ChannelProductsDataKeywords.visitChannelWiseProductsData: com.ct.qa.keywords.ChannelProductsDataKeywords.visitChannelWiseProductsData is PASSED

2018-12-04 11:38:57 - [MESSAGE][PASSED] - Keyboard is hidden

2018-12-04 11:39:00 - [MESSAGE][PASSED] - Keyboard is hidden

2018-12-04 11:39:03 - [MESSAGE][PASSED] - Keyboard is hidden

2018-12-04 11:39:06 - [MESSAGE][PASSED] - Keyboard is hidden

2018-12-04 11:39:09 - [MESSAGE][PASSED] - Keyboard is hidden

2018-12-04 11:39:12 - [MESSAGE][PASSED] - Keyboard is hidden

2018-12-04 11:39:14 - [MESSAGE][PASSED] - Swiped from 23,359 to 23,250

2018-12-04 11:39:18 - [MESSAGE][PASSED] - Keyboard is hidden

2018-12-04 11:39:19 - [MESSAGE][PASSED] - Swiped from 23,359 to 23,250

2018-12-04 11:39:23 - [MESSAGE][PASSED] - Keyboard is hidden

2018-12-04 11:39:24 - [MESSAGE][PASSED] - Swiped from 23,359 to 23,250

2018-12-04 11:39:25 - [MESSAGE][PASSED] - com.ct.qa.keywords.ChannelProductsDataKeywords.visitChannelWiseProductsData is PASSED

2018-12-04 11:39:25 - [TEST_STEP][PASSED] - tap: Tapped on element 'Object Repository/ShopOpen/Chiller/SubmitButton'

2018-12-04 11:39:25 - [MESSAGE][WARNING] - Timeout '0' is invalid. Using default page load timeout: '6'

2018-12-04 11:39:26 - [MESSAGE][PASSED] - Tapped on element 'Object Repository/ShopOpen/Chiller/SubmitButton'

2018-12-04 11:39:26 - [TEST_STEP][PASSED] - verifyElementText: Actual text and expected text of test object 'Object Repository/ShopOpen/Chiller/Validate_ProductCategoryAssetsScreen' are matched.

2018-12-04 11:39:27 - [MESSAGE][PASSED] - Actual text and expected text of test object 'Object Repository/ShopOpen/Chiller/Validate_ProductCategoryAssetsScreen' are matched.

2018-12-04 11:39:27 - [TEST_STEP][PASSED] - tap: Tapped on element 'Object Repository/ShopOpen/Chiller/StockTaking'

2018-12-04 11:39:27 - [MESSAGE][WARNING] - Timeout '0' is invalid. Using default page load timeout: '6'

2018-12-04 11:39:27 - [MESSAGE][PASSED] - Tapped on element 'Object Repository/ShopOpen/Chiller/StockTaking'

2018-12-04 11:39:27 - [TEST_STEP][PASSED] - verifyElementText: Actual text and expected text of test object 'Object Repository/ShopOpen/Chiller/Validate_StockTakingScreen' are matched.

2018-12-04 11:39:29 - [MESSAGE][PASSED] - Actual text and expected text of test object 'Object Repository/ShopOpen/Chiller/Validate_StockTakingScreen' are matched.

2018-12-04 11:39:29 - [TEST_STEP][PASSED] - com.ct.qa.keywords.ChannelProductsDataKeywords.visitChannelWiseProductsData: com.ct.qa.keywords.ChannelProductsDataKeywords.visitChannelWiseProductsData is PASSED

2018-12-04 11:39:34 - [MESSAGE][PASSED] - Keyboard is hidden

2018-12-04 11:39:37 - [MESSAGE][PASSED] - Keyboard is hidden

2018-12-04 11:39:40 - [MESSAGE][PASSED] - Keyboard is hidden

2018-12-04 11:39:43 - [MESSAGE][PASSED] - Keyboard is hidden

2018-12-04 11:39:46 - [MESSAGE][PASSED] - Keyboard is hidden

2018-12-04 11:39:49 - [MESSAGE][PASSED] - Keyboard is hidden

2018-12-04 11:39:52 - [MESSAGE][PASSED] - Swiped from 23,359 to 23,250

2018-12-04 11:39:56 - [MESSAGE][PASSED] - Keyboard is hidden

2018-12-04 11:39:57 - [MESSAGE][PASSED] - Swiped from 23,359 to 23,250

2018-12-04 11:40:01 - [MESSAGE][PASSED] - Keyboard is hidden

2018-12-04 11:40:02 - [MESSAGE][PASSED] - Swiped from 23,359 to 23,250

2018-12-04 11:40:03 - [MESSAGE][PASSED] - com.ct.qa.keywords.ChannelProductsDataKeywords.visitChannelWiseProductsData is PASSED

2018-12-04 11:40:03 - [TEST_STEP][PASSED] - tap: Tapped on element 'Object Repository/ShopOpen/Chiller/SubmitButton'

2018-12-04 11:40:03 - [MESSAGE][WARNING] - Timeout '0' is invalid. Using default page load timeout: '6'

2018-12-04 11:40:04 - [MESSAGE][PASSED] - Tapped on element 'Object Repository/ShopOpen/Chiller/SubmitButton'

2018-12-04 11:40:04 - [TEST_STEP][PASSED] - verifyElementText: Actual text and expected text of test object 'Object Repository/ShopOpen/Chiller/Validate_ProductCategoryAssetsScreen' are matched.

2018-12-04 11:40:05 - [MESSAGE][PASSED] - Actual text and expected text of test object 'Object Repository/ShopOpen/Chiller/Validate_ProductCategoryAssetsScreen' are matched.

2018-12-04 11:40:05 - [TEST_STEP][PASSED] - tap: Tapped on element 'Object Repository/ShopOpen/Chiller/ChillerNotAllocatedProductCategory_BackButton'

2018-12-04 11:40:05 - [MESSAGE][WARNING] - Timeout '0' is invalid. Using default page load timeout: '6'

2018-12-04 11:40:06 - [MESSAGE][PASSED] - Tapped on element 'Object Repository/ShopOpen/Chiller/ChillerNotAllocatedProductCategory_BackButton'

2018-12-04 11:40:06 - [MESSAGE][PASSED] - Call Test Case 'Test Cases/ShopOpen/Chiller/VisitProductCategoryAssets' successfully

2018-12-04 11:40:07 - [MESSAGE][PASSED] - Actual text and expected text of test object 'Object Repository/ShopOpen/Chiller/Validate_ChillerNotAllocatedProductCategoryScreen' are matched.

2018-12-04 11:40:07 - [TEST_CASE][PASSED] - Test Cases/ShopOpen/Chiller/VisitProductCategoryAssets: Test Cases/ShopOpen/Chiller/VisitProductCategoryAssets

2018-12-04 11:40:07 - [TEST_STEP][PASSED] - verifyElementText: Actual text and expected text of test object 'Object Repository/ShopOpen/Chiller/Validate_ProductCategoryAssetsScreen' are matched.

2018-12-04 11:40:09 - [MESSAGE][PASSED] - Actual text and expected text of test object 'Object Repository/ShopOpen/Chiller/Validate_ProductCategoryAssetsScreen' are matched.

2018-12-04 11:40:09 - [TEST_STEP][PASSED] - tap: Tapped on element 'Object Repository/ShopOpen/Chiller/Facing'

2018-12-04 11:40:09 - [MESSAGE][WARNING] - Timeout '0' is invalid. Using default page load timeout: '6'

2018-12-04 11:40:10 - [MESSAGE][PASSED] - Tapped on element 'Object Repository/ShopOpen/Chiller/Facing'

2018-12-04 11:40:10 - [TEST_STEP][PASSED] - verifyElementText: Actual text and expected text of test object 'Object Repository/ShopOpen/Chiller/Validate_FacingScreen' are matched.

2018-12-04 11:40:11 - [MESSAGE][PASSED] - Actual text and expected text of test object 'Object Repository/ShopOpen/Chiller/Validate_FacingScreen' are matched.

2018-12-04 11:40:11 - [TEST_STEP][PASSED] - com.ct.qa.keywords.ChannelProductsDataKeywords.visitChannelWiseProductsData: com.ct.qa.keywords.ChannelProductsDataKeywords.visitChannelWiseProductsData is PASSED

2018-12-04 11:40:15 - [MESSAGE][PASSED] - Keyboard is hidden

2018-12-04 11:40:16 - [MESSAGE][PASSED] - com.ct.qa.keywords.ChannelProductsDataKeywords.visitChannelWiseProductsData is PASSED

2018-12-04 11:40:16 - [TEST_STEP][PASSED] - tap: Tapped on element 'Object Repository/ShopOpen/Chiller/SubmitButton'

2018-12-04 11:40:16 - [MESSAGE][WARNING] - Timeout '0' is invalid. Using default page load timeout: '6'

2018-12-04 11:40:16 - [MESSAGE][PASSED] - Tapped on element 'Object Repository/ShopOpen/Chiller/SubmitButton'

2018-12-04 11:40:16 - [TEST_STEP][PASSED] - verifyElementText: Actual text and expected text of test object 'Object Repository/ShopOpen/Chiller/Validate_ProductCategoryAssetsScreen' are matched.

2018-12-04 11:40:17 - [MESSAGE][PASSED] - Actual text and expected text of test object 'Object Repository/ShopOpen/Chiller/Validate_ProductCategoryAssetsScreen' are matched.

2018-12-04 11:40:17 - [TEST_STEP][PASSED] - tap: Tapped on element 'Object Repository/ShopOpen/Chiller/StockTaking'

2018-12-04 11:40:17 - [MESSAGE][WARNING] - Timeout '0' is invalid. Using default page load timeout: '6'

2018-12-04 11:40:17 - [MESSAGE][PASSED] - Tapped on element 'Object Repository/ShopOpen/Chiller/StockTaking'

2018-12-04 11:40:17 - [TEST_STEP][PASSED] - verifyElementText: Actual text and expected text of test object 'Object Repository/ShopOpen/Chiller/Validate_StockTakingScreen' are matched.

2018-12-04 11:40:19 - [MESSAGE][PASSED] - Actual text and expected text of test object 'Object Repository/ShopOpen/Chiller/Validate_StockTakingScreen' are matched.

2018-12-04 11:40:19 - [TEST_STEP][PASSED] - com.ct.qa.keywords.ChannelProductsDataKeywords.visitChannelWiseProductsData: com.ct.qa.keywords.ChannelProductsDataKeywords.visitChannelWiseProductsData is PASSED

2018-12-04 11:40:22 - [MESSAGE][PASSED] - Keyboard is hidden

2018-12-04 11:40:22 - [MESSAGE][PASSED] - com.ct.qa.keywords.ChannelProductsDataKeywords.visitChannelWiseProductsData is PASSED

2018-12-04 11:40:22 - [TEST_STEP][PASSED] - tap: Tapped on element 'Object Repository/ShopOpen/Chiller/SubmitButton'

2018-12-04 11:40:22 - [MESSAGE][WARNING] - Timeout '0' is invalid. Using default page load timeout: '6'

2018-12-04 11:40:23 - [MESSAGE][PASSED] - Tapped on element 'Object Repository/ShopOpen/Chiller/SubmitButton'

2018-12-04 11:40:23 - [TEST_STEP][PASSED] - verifyElementText: Actual text and expected text of test object 'Object Repository/ShopOpen/Chiller/Validate_ProductCategoryAssetsScreen' are matched.

2018-12-04 11:40:24 - [MESSAGE][PASSED] - Actual text and expected text of test object 'Object Repository/ShopOpen/Chiller/Validate_ProductCategoryAssetsScreen' are matched.

2018-12-04 11:40:24 - [TEST_STEP][PASSED] - tap: Tapped on element 'Object Repository/ShopOpen/Chiller/ChillerNotAllocatedProductCategory_BackButton'

2018-12-04 11:40:24 - [MESSAGE][WARNING] - Timeout '0' is invalid. Using default page load timeout: '6'

2018-12-04 11:40:24 - [MESSAGE][PASSED] - Tapped on element 'Object Repository/ShopOpen/Chiller/ChillerNotAllocatedProductCategory_BackButton'

2018-12-04 11:40:24 - [MESSAGE][PASSED] - Call Test Case 'Test Cases/ShopOpen/Chiller/VisitProductCategoryAssets' successfully

2018-12-04 11:40:25 - [MESSAGE][PASSED] - Actual text and expected text of test object 'Object Repository/ShopOpen/Chiller/Validate_ChillerNotAllocatedProductCategoryScreen' are matched.

2018-12-04 11:40:26 - [TEST_CASE][PASSED] - Test Cases/ShopOpen/Chiller/VisitProductCategoryAssets: Test Cases/ShopOpen/Chiller/VisitProductCategoryAssets

2018-12-04 11:40:26 - [TEST_STEP][PASSED] - verifyElementText: Actual text and expected text of test object 'Object Repository/ShopOpen/Chiller/Validate_ProductCategoryAssetsScreen' are matched.

2018-12-04 11:40:27 - [MESSAGE][PASSED] - Actual text and expected text of test object 'Object Repository/ShopOpen/Chiller/Validate_ProductCategoryAssetsScreen' are matched.

2018-12-04 11:40:27 - [TEST_STEP][PASSED] - tap: Tapped on element 'Object Repository/ShopOpen/Chiller/Facing'

2018-12-04 11:40:27 - [MESSAGE][WARNING] - Timeout '0' is invalid. Using default page load timeout: '6'

2018-12-04 11:40:28 - [MESSAGE][PASSED] - Tapped on element 'Object Repository/ShopOpen/Chiller/Facing'

2018-12-04 11:40:28 - [TEST_STEP][PASSED] - verifyElementText: Actual text and expected text of test object 'Object Repository/ShopOpen/Chiller/Validate_FacingScreen' are matched.

2018-12-04 11:40:30 - [MESSAGE][PASSED] - Actual text and expected text of test object 'Object Repository/ShopOpen/Chiller/Validate_FacingScreen' are matched.

2018-12-04 11:40:30 - [TEST_STEP][PASSED] - com.ct.qa.keywords.ChannelProductsDataKeywords.visitChannelWiseProductsData: com.ct.qa.keywords.ChannelProductsDataKeywords.visitChannelWiseProductsData is PASSED

2018-12-04 11:40:34 - [MESSAGE][PASSED] - Keyboard is hidden

2018-12-04 11:40:37 - [MESSAGE][PASSED] - Keyboard is hidden

2018-12-04 11:40:40 - [MESSAGE][PASSED] - Keyboard is hidden

2018-12-04 11:40:41 - [MESSAGE][PASSED] - com.ct.qa.keywords.ChannelProductsDataKeywords.visitChannelWiseProductsData is PASSED

2018-12-04 11:40:41 - [TEST_STEP][PASSED] - tap: Tapped on element 'Object Repository/ShopOpen/Chiller/SubmitButton'

2018-12-04 11:40:41 - [MESSAGE][WARNING] - Timeout '0' is invalid. Using default page load timeout: '6'

2018-12-04 11:40:42 - [MESSAGE][PASSED] - Tapped on element 'Object Repository/ShopOpen/Chiller/SubmitButton'

2018-12-04 11:40:42 - [TEST_STEP][PASSED] - verifyElementText: Actual text and expected text of test object 'Object Repository/ShopOpen/Chiller/Validate_ProductCategoryAssetsScreen' are matched.

2018-12-04 11:40:43 - [MESSAGE][PASSED] - Actual text and expected text of test object 'Object Repository/ShopOpen/Chiller/Validate_ProductCategoryAssetsScreen' are matched.

2018-12-04 11:40:43 - [TEST_STEP][PASSED] - tap: Tapped on element 'Object Repository/ShopOpen/Chiller/StockTaking'

2018-12-04 11:40:43 - [MESSAGE][WARNING] - Timeout '0' is invalid. Using default page load timeout: '6'

2018-12-04 11:40:43 - [MESSAGE][PASSED] - Tapped on element 'Object Repository/ShopOpen/Chiller/StockTaking'

2018-12-04 11:40:43 - [TEST_STEP][PASSED] - verifyElementText: Actual text and expected text of test object 'Object Repository/ShopOpen/Chiller/Validate_StockTakingScreen' are matched.

2018-12-04 11:40:45 - [MESSAGE][PASSED] - Actual text and expected text of test object 'Object Repository/ShopOpen/Chiller/Validate_StockTakingScreen' are matched.

2018-12-04 11:40:45 - [TEST_STEP][PASSED] - com.ct.qa.keywords.ChannelProductsDataKeywords.visitChannelWiseProductsData: com.ct.qa.keywords.ChannelProductsDataKeywords.visitChannelWiseProductsData is PASSED

2018-12-04 11:40:48 - [MESSAGE][PASSED] - Keyboard is hidden

2018-12-04 11:40:51 - [MESSAGE][PASSED] - Keyboard is hidden

2018-12-04 11:40:54 - [MESSAGE][PASSED] - Keyboard is hidden

2018-12-04 11:40:55 - [MESSAGE][PASSED] - com.ct.qa.keywords.ChannelProductsDataKeywords.visitChannelWiseProductsData is PASSED

2018-12-04 11:40:55 - [TEST_STEP][PASSED] - tap: Tapped on element 'Object Repository/ShopOpen/Chiller/SubmitButton'

2018-12-04 11:40:55 - [MESSAGE][WARNING] - Timeout '0' is invalid. Using default page load timeout: '6'

2018-12-04 11:40:56 - [MESSAGE][PASSED] - Tapped on element 'Object Repository/ShopOpen/Chiller/SubmitButton'

2018-12-04 11:40:56 - [TEST_STEP][PASSED] - verifyElementText: Actual text and expected text of test object 'Object Repository/ShopOpen/Chiller/Validate_ProductCategoryAssetsScreen' are matched.

2018-12-04 11:40:56 - [MESSAGE][PASSED] - Actual text and expected text of test object 'Object Repository/ShopOpen/Chiller/Validate_ProductCategoryAssetsScreen' are matched.

2018-12-04 11:40:56 - [TEST_STEP][PASSED] - tap: Tapped on element 'Object Repository/ShopOpen/Chiller/ChillerNotAllocatedProductCategory_BackButton'

2018-12-04 11:40:56 - [MESSAGE][WARNING] - Timeout '0' is invalid. Using default page load timeout: '6'

2018-12-04 11:40:57 - [MESSAGE][PASSED] - Tapped on element 'Object Repository/ShopOpen/Chiller/ChillerNotAllocatedProductCategory_BackButton'

2018-12-04 11:40:57 - [MESSAGE][PASSED] - Call Test Case 'Test Cases/ShopOpen/Chiller/VisitProductCategoryAssets' successfully

2018-12-04 11:40:58 - [MESSAGE][PASSED] - Actual text and expected text of test object 'Object Repository/ShopOpen/Chiller/Validate_ChillerNotAllocatedProductCategoryScreen' are matched.

2018-12-04 11:40:58 - [MESSAGE][PASSED] - com.ct.qa.keywords.ChannelProductsDataKeywords.visitChillerNotAllocatedProductCategories is PASSED

2018-12-04 11:40:58 - [TEST_STEP][PASSED] - verifyElementText: Actual text and expected text of test object 'Object Repository/ShopOpen/Chiller/Validate_ChillerNotAllocatedProductCategoryScreen' are matched.

2018-12-04 11:40:58 - [MESSAGE][PASSED] - Actual text and expected text of test object 'Object Repository/ShopOpen/Chiller/Validate_ChillerNotAllocatedProductCategoryScreen' are matched.

2018-12-04 11:40:58 - [TEST_STEP][PASSED] - com.ct.qa.keywords.CommonKeywords.visitPlanogramImageViewButton: com.ct.qa.keywords.CommonKeywords.visitPlanogramImageViewButton is PASSED

2018-12-04 11:41:00 - [MESSAGE][WARNING] - Timeout '0' is invalid. Using default page load timeout: '6'

2018-12-04 11:41:07 - [MESSAGE][WARNING] - Object Object Repository/CommonScreenElements/InfoPopUp_OKButton not found
[[ATTACHMENT|F:\\Git Projects\\MMA_Merchandising\\MMA_Merchandising\\Reports\\MMA Merchandising With Channel Wise Data Verification\\20181204_113351\\1543905666445.png]]

2018-12-04 11:41:08 - [MESSAGE][PASSED] - com.ct.qa.keywords.CommonKeywords.visitPlanogramImageViewButton is PASSED

2018-12-04 11:41:08 - [TEST_STEP][PASSED] - verifyElementText: Actual text and expected text of test object 'Object Repository/ShopOpen/Chiller/Validate_ChillerNotAllocatedProductCategoryScreen' are matched.

2018-12-04 11:41:09 - [MESSAGE][PASSED] - Actual text and expected text of test object 'Object Repository/ShopOpen/Chiller/Validate_ChillerNotAllocatedProductCategoryScreen' are matched.

2018-12-04 11:41:09 - [TEST_STEP][PASSED] - com.ct.qa.keywords.CommonKeywords.visitPictureImageViewButton: com.ct.qa.keywords.CommonKeywords.visitPictureImageViewButton is PASSED

2018-12-04 11:41:12 - [MESSAGE][WARNING] - Timeout '0' is invalid. Using default page load timeout: '6'

2018-12-04 11:41:13 - [MESSAGE][PASSED] - Element 'Object Repository/CommonScreenElements/Validate_CameraScreen' is exist

2018-12-04 11:41:13 - [MESSAGE][WARNING] - Timeout '0' is invalid. Using default page load timeout: '6'

2018-12-04 11:41:16 - [MESSAGE][PASSED] - Tapped on element 'Object Repository/CommonScreenElements/TakePictureButton'

2018-12-04 11:41:21 - [MESSAGE][PASSED] - Delayed 5 second(s)

2018-12-04 11:41:21 - [MESSAGE][WARNING] - Timeout '0' is invalid. Using default page load timeout: '6'

2018-12-04 11:41:22 - [MESSAGE][PASSED] - Tapped on element 'Object Repository/CommonScreenElements/DoneButton'

2018-12-04 11:41:22 - [MESSAGE][PASSED] - com.ct.qa.keywords.CommonKeywords.visitPictureImageViewButton is PASSED

2018-12-04 11:41:22 - [TEST_STEP][PASSED] - verifyElementText: Actual text and expected text of test object 'Object Repository/ShopOpen/Chiller/Validate_ChillerNotAllocatedProductCategoryScreen' are matched.

2018-12-04 11:41:23 - [MESSAGE][PASSED] - Actual text and expected text of test object 'Object Repository/ShopOpen/Chiller/Validate_ChillerNotAllocatedProductCategoryScreen' are matched.

2018-12-04 11:41:23 - [TEST_STEP][PASSED] - com.ct.qa.keywords.CommonKeywords.visitBackImageViewButton: com.ct.qa.keywords.CommonKeywords.visitBackImageViewButton is PASSED

2018-12-04 11:41:24 - [MESSAGE][PASSED] - com.ct.qa.keywords.CommonKeywords.visitBackImageViewButton is PASSED

2018-12-04 11:41:24 - [TEST_STEP][PASSED] - verifyElementExist: Element 'Object Repository/ShopOpen/Validate_ShopCategoriesListScreen' is exist

2018-12-04 11:41:24 - [MESSAGE][WARNING] - Timeout '0' is invalid. Using default page load timeout: '6'

2018-12-04 11:41:25 - [MESSAGE][PASSED] - Element 'Object Repository/ShopOpen/Validate_ShopCategoriesListScreen' is exist

2018-12-04 11:41:25 - [MESSAGE][PASSED] - Call Test Case 'Test Cases/ShopOpen/Chiller/VisitChillerWithChillerNotAllocated' successfully

2018-12-04 11:41:26 - [MESSAGE][WARNING] - Timeout '0' is invalid. Using default page load timeout: '6'

2018-12-04 11:41:33 - [MESSAGE][WARNING] - Element 'Object Repository/CommonScreenElements/Validate_CameraScreen' not found
[[ATTACHMENT|F:\\Git Projects\\MMA_Merchandising\\MMA_Merchandising\\Reports\\MMA Merchandising With Channel Wise Data Verification\\20181204_113351\\1543905692955.png]]

2018-12-04 11:41:34 - [TEST_CASE][PASSED] - Test Cases/ShopOpen/Nestrade/VisitNestradeWithDSA: Test Cases/ShopOpen/Nestrade/VisitNestradeWithDSA

2018-12-04 11:41:34 - [TEST_STEP][PASSED] - verifyElementText: Actual text and expected text of test object 'Object Repository/ShopOpen/RemainingCategories/Validate_MainCategoryDetailScreen' are matched.

2018-12-04 11:41:34 - [MESSAGE][PASSED] - Actual text and expected text of test object 'Object Repository/ShopOpen/RemainingCategories/Validate_MainCategoryDetailScreen' are matched.

2018-12-04 11:41:34 - [TEST_STEP][PASSED] - tap: Tapped on element 'Object Repository/ShopOpen/RemainingCategories/DisplaySpaceAvailable'

2018-12-04 11:41:34 - [MESSAGE][WARNING] - Timeout '0' is invalid. Using default page load timeout: '6'

2018-12-04 11:41:35 - [MESSAGE][PASSED] - Tapped on element 'Object Repository/ShopOpen/RemainingCategories/DisplaySpaceAvailable'

2018-12-04 11:41:35 - [TEST_STEP][PASSED] - verifyElementText: Actual text and expected text of test object 'Object Repository/ShopOpen/Nestrade/Validate_NestradePorductCategoryScreen' are matched.

2018-12-04 11:41:36 - [MESSAGE][PASSED] - Actual text and expected text of test object 'Object Repository/ShopOpen/Nestrade/Validate_NestradePorductCategoryScreen' are matched.

2018-12-04 11:41:36 - [TEST_STEP][PASSED] - com.ct.qa.keywords.ChannelProductsDataKeywords.visitNestradeProductsCategoriesWithDSA: com.ct.qa.keywords.ChannelProductsDataKeywords.visitNestradeProductsCategoriesWithDSA is PASSED

2018-12-04 11:41:39 - [TEST_CASE][PASSED] - Test Cases/ShopOpen/Nestrade/VisitProductCategoryAssetsWithDSA: Test Cases/ShopOpen/Nestrade/VisitProductCategoryAssetsWithDSA

2018-12-04 11:41:39 - [TEST_STEP][PASSED] - verifyElementText: Actual text and expected text of test object 'Object Repository/ShopOpen/RemainingCategories/Validate_ProductCategoryAssetScreen' are matched.

2018-12-04 11:41:40 - [MESSAGE][PASSED] - Actual text and expected text of test object 'Object Repository/ShopOpen/RemainingCategories/Validate_ProductCategoryAssetScreen' are matched.

2018-12-04 11:41:40 - [TEST_STEP][PASSED] - tap: Tapped on element 'Object Repository/ShopOpen/RemainingCategories/Facing'

2018-12-04 11:41:40 - [MESSAGE][WARNING] - Timeout '0' is invalid. Using default page load timeout: '6'

2018-12-04 11:41:41 - [MESSAGE][PASSED] - Tapped on element 'Object Repository/ShopOpen/RemainingCategories/Facing'

2018-12-04 11:41:41 - [TEST_STEP][PASSED] - verifyElementText: Actual text and expected text of test object 'Object Repository/ShopOpen/RemainingCategories/Validate_FacingScreen' are matched.

2018-12-04 11:41:43 - [MESSAGE][PASSED] - Actual text and expected text of test object 'Object Repository/ShopOpen/RemainingCategories/Validate_FacingScreen' are matched.

2018-12-04 11:41:43 - [TEST_STEP][PASSED] - com.ct.qa.keywords.ChannelProductsDataKeywords.visitChannelWiseProductsData: com.ct.qa.keywords.ChannelProductsDataKeywords.visitChannelWiseProductsData is PASSED

2018-12-04 11:41:47 - [MESSAGE][PASSED] - Keyboard is hidden

2018-12-04 11:41:50 - [MESSAGE][PASSED] - Keyboard is hidden

2018-12-04 11:41:53 - [MESSAGE][PASSED] - Keyboard is hidden

2018-12-04 11:41:56 - [MESSAGE][PASSED] - Keyboard is hidden

2018-12-04 11:41:59 - [MESSAGE][PASSED] - Keyboard is hidden

2018-12-04 11:42:02 - [MESSAGE][PASSED] - Keyboard is hidden

2018-12-04 11:42:05 - [MESSAGE][PASSED] - Swiped from 105,359 to 105,250

2018-12-04 11:42:06 - [MESSAGE][PASSED] - com.ct.qa.keywords.ChannelProductsDataKeywords.visitChannelWiseProductsData is PASSED

2018-12-04 11:42:06 - [TEST_STEP][PASSED] - tap: Tapped on element 'Object Repository/ShopOpen/RemainingCategories/SubmitButton'

2018-12-04 11:42:06 - [MESSAGE][WARNING] - Timeout '0' is invalid. Using default page load timeout: '6'

2018-12-04 11:42:07 - [MESSAGE][PASSED] - Tapped on element 'Object Repository/ShopOpen/RemainingCategories/SubmitButton'

2018-12-04 11:42:07 - [TEST_STEP][PASSED] - verifyElementText: Actual text and expected text of test object 'Object Repository/ShopOpen/RemainingCategories/Validate_ProductCategoryAssetScreen' are matched.

2018-12-04 11:42:07 - [MESSAGE][PASSED] - Actual text and expected text of test object 'Object Repository/ShopOpen/RemainingCategories/Validate_ProductCategoryAssetScreen' are matched.

2018-12-04 11:42:07 - [TEST_STEP][PASSED] - tap: Tapped on element 'Object Repository/ShopOpen/RemainingCategories/StockTaking'

2018-12-04 11:42:07 - [MESSAGE][WARNING] - Timeout '0' is invalid. Using default page load timeout: '6'

2018-12-04 11:42:08 - [MESSAGE][PASSED] - Tapped on element 'Object Repository/ShopOpen/RemainingCategories/StockTaking'

2018-12-04 11:42:08 - [TEST_STEP][PASSED] - verifyElementText: Actual text and expected text of test object 'Object Repository/ShopOpen/RemainingCategories/Validate_StockTakingScreen' are matched.

2018-12-04 11:42:11 - [MESSAGE][PASSED] - Actual text and expected text of test object 'Object Repository/ShopOpen/RemainingCategories/Validate_StockTakingScreen' are matched.

2018-12-04 11:42:11 - [TEST_STEP][PASSED] - com.ct.qa.keywords.ChannelProductsDataKeywords.visitChannelWiseProductsData: com.ct.qa.keywords.ChannelProductsDataKeywords.visitChannelWiseProductsData is PASSED

2018-12-04 11:42:16 - [MESSAGE][PASSED] - Keyboard is hidden

2018-12-04 11:42:19 - [MESSAGE][PASSED] - Keyboard is hidden

2018-12-04 11:42:22 - [MESSAGE][PASSED] - Keyboard is hidden

2018-12-04 11:42:25 - [MESSAGE][PASSED] - Keyboard is hidden

2018-12-04 11:42:28 - [MESSAGE][PASSED] - Keyboard is hidden

2018-12-04 11:42:31 - [MESSAGE][PASSED] - Keyboard is hidden

2018-12-04 11:42:34 - [MESSAGE][PASSED] - Swiped from 105,359 to 105,250

2018-12-04 11:42:35 - [MESSAGE][PASSED] - com.ct.qa.keywords.ChannelProductsDataKeywords.visitChannelWiseProductsData is PASSED

2018-12-04 11:42:35 - [TEST_STEP][PASSED] - tap: Tapped on element 'Object Repository/ShopOpen/RemainingCategories/SubmitButton'

2018-12-04 11:42:35 - [MESSAGE][WARNING] - Timeout '0' is invalid. Using default page load timeout: '6'

2018-12-04 11:42:36 - [MESSAGE][PASSED] - Tapped on element 'Object Repository/ShopOpen/RemainingCategories/SubmitButton'

2018-12-04 11:42:36 - [TEST_STEP][PASSED] - verifyElementText: Actual text and expected text of test object 'Object Repository/ShopOpen/RemainingCategories/Validate_ProductCategoryAssetScreen' are matched.

2018-12-04 11:42:36 - [MESSAGE][PASSED] - Actual text and expected text of test object 'Object Repository/ShopOpen/RemainingCategories/Validate_ProductCategoryAssetScreen' are matched.

2018-12-04 11:42:37 - [TEST_STEP][PASSED] - tap: Tapped on element 'Object Repository/ShopOpen/RemainingCategories/ProductCategoryAsset_BackButton'

2018-12-04 11:42:37 - [MESSAGE][WARNING] - Timeout '0' is invalid. Using default page load timeout: '6'

2018-12-04 11:42:37 - [MESSAGE][PASSED] - Tapped on element 'Object Repository/ShopOpen/RemainingCategories/ProductCategoryAsset_BackButton'

2018-12-04 11:42:37 - [TEST_STEP][PASSED] - verifyElementText: Actual text and expected text of test object 'Object Repository/ShopOpen/Nestrade/Validate_NestradePorductCategoryScreen' are matched.

2018-12-04 11:42:38 - [MESSAGE][PASSED] - Actual text and expected text of test object 'Object Repository/ShopOpen/Nestrade/Validate_NestradePorductCategoryScreen' are matched.

2018-12-04 11:42:38 - [MESSAGE][PASSED] - Call Test Case 'Test Cases/ShopOpen/Nestrade/VisitProductCategoryAssetsWithDSA' successfully

2018-12-04 11:42:39 - [TEST_CASE][PASSED] - Test Cases/ShopOpen/Nestrade/VisitProductCategoryAssetsWithDSA: Test Cases/ShopOpen/Nestrade/VisitProductCategoryAssetsWithDSA

2018-12-04 11:42:39 - [TEST_STEP][PASSED] - verifyElementText: Actual text and expected text of test object 'Object Repository/ShopOpen/RemainingCategories/Validate_ProductCategoryAssetScreen' are matched.

2018-12-04 11:42:40 - [MESSAGE][PASSED] - Actual text and expected text of test object 'Object Repository/ShopOpen/RemainingCategories/Validate_ProductCategoryAssetScreen' are matched.

2018-12-04 11:42:40 - [TEST_STEP][PASSED] - tap: Tapped on element 'Object Repository/ShopOpen/RemainingCategories/Facing'

2018-12-04 11:42:40 - [MESSAGE][WARNING] - Timeout '0' is invalid. Using default page load timeout: '6'

2018-12-04 11:42:41 - [MESSAGE][PASSED] - Tapped on element 'Object Repository/ShopOpen/RemainingCategories/Facing'

2018-12-04 11:42:41 - [TEST_STEP][PASSED] - verifyElementText: Actual text and expected text of test object 'Object Repository/ShopOpen/RemainingCategories/Validate_FacingScreen' are matched.

2018-12-04 11:42:42 - [MESSAGE][PASSED] - Actual text and expected text of test object 'Object Repository/ShopOpen/RemainingCategories/Validate_FacingScreen' are matched.

2018-12-04 11:42:42 - [TEST_STEP][PASSED] - com.ct.qa.keywords.ChannelProductsDataKeywords.visitChannelWiseProductsData: com.ct.qa.keywords.ChannelProductsDataKeywords.visitChannelWiseProductsData is PASSED

2018-12-04 11:42:46 - [MESSAGE][PASSED] - Keyboard is hidden

2018-12-04 11:42:47 - [MESSAGE][PASSED] - com.ct.qa.keywords.ChannelProductsDataKeywords.visitChannelWiseProductsData is PASSED

2018-12-04 11:42:47 - [TEST_STEP][PASSED] - tap: Tapped on element 'Object Repository/ShopOpen/RemainingCategories/SubmitButton'

2018-12-04 11:42:47 - [MESSAGE][WARNING] - Timeout '0' is invalid. Using default page load timeout: '6'

2018-12-04 11:42:47 - [MESSAGE][PASSED] - Tapped on element 'Object Repository/ShopOpen/RemainingCategories/SubmitButton'

2018-12-04 11:42:47 - [TEST_STEP][PASSED] - verifyElementText: Actual text and expected text of test object 'Object Repository/ShopOpen/RemainingCategories/Validate_ProductCategoryAssetScreen' are matched.

2018-12-04 11:42:48 - [MESSAGE][PASSED] - Actual text and expected text of test object 'Object Repository/ShopOpen/RemainingCategories/Validate_ProductCategoryAssetScreen' are matched.

2018-12-04 11:42:48 - [TEST_STEP][PASSED] - tap: Tapped on element 'Object Repository/ShopOpen/RemainingCategories/StockTaking'

2018-12-04 11:42:48 - [MESSAGE][WARNING] - Timeout '0' is invalid. Using default page load timeout: '6'

2018-12-04 11:42:48 - [MESSAGE][PASSED] - Tapped on element 'Object Repository/ShopOpen/RemainingCategories/StockTaking'

2018-12-04 11:42:48 - [TEST_STEP][PASSED] - verifyElementText: Actual text and expected text of test object 'Object Repository/ShopOpen/RemainingCategories/Validate_StockTakingScreen' are matched.

2018-12-04 11:42:50 - [MESSAGE][PASSED] - Actual text and expected text of test object 'Object Repository/ShopOpen/RemainingCategories/Validate_StockTakingScreen' are matched.

2018-12-04 11:42:50 - [TEST_STEP][PASSED] - com.ct.qa.keywords.ChannelProductsDataKeywords.visitChannelWiseProductsData: com.ct.qa.keywords.ChannelProductsDataKeywords.visitChannelWiseProductsData is PASSED

2018-12-04 11:42:53 - [MESSAGE][PASSED] - Keyboard is hidden

2018-12-04 11:42:54 - [MESSAGE][PASSED] - com.ct.qa.keywords.ChannelProductsDataKeywords.visitChannelWiseProductsData is PASSED

2018-12-04 11:42:54 - [TEST_STEP][PASSED] - tap: Tapped on element 'Object Repository/ShopOpen/RemainingCategories/SubmitButton'

2018-12-04 11:42:54 - [MESSAGE][WARNING] - Timeout '0' is invalid. Using default page load timeout: '6'

2018-12-04 11:42:54 - [MESSAGE][PASSED] - Tapped on element 'Object Repository/ShopOpen/RemainingCategories/SubmitButton'

2018-12-04 11:42:54 - [TEST_STEP][PASSED] - verifyElementText: Actual text and expected text of test object 'Object Repository/ShopOpen/RemainingCategories/Validate_ProductCategoryAssetScreen' are matched.

2018-12-04 11:42:55 - [MESSAGE][PASSED] - Actual text and expected text of test object 'Object Repository/ShopOpen/RemainingCategories/Validate_ProductCategoryAssetScreen' are matched.

2018-12-04 11:42:55 - [TEST_STEP][PASSED] - tap: Tapped on element 'Object Repository/ShopOpen/RemainingCategories/ProductCategoryAsset_BackButton'

2018-12-04 11:42:55 - [MESSAGE][WARNING] - Timeout '0' is invalid. Using default page load timeout: '6'

2018-12-04 11:42:55 - [MESSAGE][PASSED] - Tapped on element 'Object Repository/ShopOpen/RemainingCategories/ProductCategoryAsset_BackButton'

2018-12-04 11:42:55 - [TEST_STEP][PASSED] - verifyElementText: Actual text and expected text of test object 'Object Repository/ShopOpen/Nestrade/Validate_NestradePorductCategoryScreen' are matched.

2018-12-04 11:42:56 - [MESSAGE][PASSED] - Actual text and expected text of test object 'Object Repository/ShopOpen/Nestrade/Validate_NestradePorductCategoryScreen' are matched.

2018-12-04 11:42:56 - [MESSAGE][PASSED] - Call Test Case 'Test Cases/ShopOpen/Nestrade/VisitProductCategoryAssetsWithDSA' successfully

2018-12-04 11:42:57 - [TEST_CASE][PASSED] - Test Cases/ShopOpen/Nestrade/VisitProductCategoryAssetsWithDSA: Test Cases/ShopOpen/Nestrade/VisitProductCategoryAssetsWithDSA

2018-12-04 11:42:57 - [TEST_STEP][PASSED] - verifyElementText: Actual text and expected text of test object 'Object Repository/ShopOpen/RemainingCategories/Validate_ProductCategoryAssetScreen' are matched.

2018-12-04 11:42:58 - [MESSAGE][PASSED] - Actual text and expected text of test object 'Object Repository/ShopOpen/RemainingCategories/Validate_ProductCategoryAssetScreen' are matched.

2018-12-04 11:42:58 - [TEST_STEP][PASSED] - tap: Tapped on element 'Object Repository/ShopOpen/RemainingCategories/Facing'

2018-12-04 11:42:58 - [MESSAGE][WARNING] - Timeout '0' is invalid. Using default page load timeout: '6'

2018-12-04 11:42:59 - [MESSAGE][PASSED] - Tapped on element 'Object Repository/ShopOpen/RemainingCategories/Facing'

2018-12-04 11:42:59 - [TEST_STEP][PASSED] - verifyElementText: Actual text and expected text of test object 'Object Repository/ShopOpen/RemainingCategories/Validate_FacingScreen' are matched.

2018-12-04 11:43:00 - [MESSAGE][PASSED] - Actual text and expected text of test object 'Object Repository/ShopOpen/RemainingCategories/Validate_FacingScreen' are matched.

2018-12-04 11:43:00 - [TEST_STEP][PASSED] - com.ct.qa.keywords.ChannelProductsDataKeywords.visitChannelWiseProductsData: com.ct.qa.keywords.ChannelProductsDataKeywords.visitChannelWiseProductsData is PASSED

2018-12-04 11:43:05 - [MESSAGE][PASSED] - Keyboard is hidden

2018-12-04 11:43:08 - [MESSAGE][PASSED] - Keyboard is hidden

2018-12-04 11:43:11 - [MESSAGE][PASSED] - Keyboard is hidden

2018-12-04 11:43:14 - [MESSAGE][PASSED] - Keyboard is hidden

2018-12-04 11:43:17 - [MESSAGE][PASSED] - Keyboard is hidden

2018-12-04 11:43:20 - [MESSAGE][PASSED] - Keyboard is hidden

2018-12-04 11:43:22 - [MESSAGE][PASSED] - Swiped from 83,359 to 83,250

2018-12-04 11:43:23 - [MESSAGE][PASSED] - com.ct.qa.keywords.ChannelProductsDataKeywords.visitChannelWiseProductsData is PASSED

2018-12-04 11:43:23 - [TEST_STEP][PASSED] - tap: Tapped on element 'Object Repository/ShopOpen/RemainingCategories/SubmitButton'

2018-12-04 11:43:23 - [MESSAGE][WARNING] - Timeout '0' is invalid. Using default page load timeout: '6'

2018-12-04 11:43:24 - [MESSAGE][PASSED] - Tapped on element 'Object Repository/ShopOpen/RemainingCategories/SubmitButton'

2018-12-04 11:43:24 - [TEST_STEP][PASSED] - verifyElementText: Actual text and expected text of test object 'Object Repository/ShopOpen/RemainingCategories/Validate_ProductCategoryAssetScreen' are matched.

2018-12-04 11:43:25 - [MESSAGE][PASSED] - Actual text and expected text of test object 'Object Repository/ShopOpen/RemainingCategories/Validate_ProductCategoryAssetScreen' are matched.

2018-12-04 11:43:25 - [TEST_STEP][PASSED] - tap: Tapped on element 'Object Repository/ShopOpen/RemainingCategories/StockTaking'

2018-12-04 11:43:25 - [MESSAGE][WARNING] - Timeout '0' is invalid. Using default page load timeout: '6'

2018-12-04 11:43:25 - [MESSAGE][PASSED] - Tapped on element 'Object Repository/ShopOpen/RemainingCategories/StockTaking'

2018-12-04 11:43:25 - [TEST_STEP][PASSED] - verifyElementText: Actual text and expected text of test object 'Object Repository/ShopOpen/RemainingCategories/Validate_StockTakingScreen' are matched.

2018-12-04 11:43:27 - [MESSAGE][PASSED] - Actual text and expected text of test object 'Object Repository/ShopOpen/RemainingCategories/Validate_StockTakingScreen' are matched.

2018-12-04 11:43:27 - [TEST_STEP][PASSED] - com.ct.qa.keywords.ChannelProductsDataKeywords.visitChannelWiseProductsData: com.ct.qa.keywords.ChannelProductsDataKeywords.visitChannelWiseProductsData is PASSED

2018-12-04 11:43:31 - [MESSAGE][PASSED] - Keyboard is hidden

2018-12-04 11:43:34 - [MESSAGE][PASSED] - Keyboard is hidden

2018-12-04 11:43:37 - [MESSAGE][PASSED] - Keyboard is hidden

2018-12-04 11:43:40 - [MESSAGE][PASSED] - Keyboard is hidden

2018-12-04 11:43:43 - [MESSAGE][PASSED] - Keyboard is hidden

2018-12-04 11:43:46 - [MESSAGE][PASSED] - Keyboard is hidden

2018-12-04 11:43:48 - [MESSAGE][PASSED] - Swiped from 83,359 to 83,250

2018-12-04 11:43:49 - [MESSAGE][PASSED] - com.ct.qa.keywords.ChannelProductsDataKeywords.visitChannelWiseProductsData is PASSED

2018-12-04 11:43:49 - [TEST_STEP][PASSED] - tap: Tapped on element 'Object Repository/ShopOpen/RemainingCategories/SubmitButton'

2018-12-04 11:43:49 - [MESSAGE][WARNING] - Timeout '0' is invalid. Using default page load timeout: '6'

2018-12-04 11:43:50 - [MESSAGE][PASSED] - Tapped on element 'Object Repository/ShopOpen/RemainingCategories/SubmitButton'

2018-12-04 11:43:50 - [TEST_STEP][PASSED] - verifyElementText: Actual text and expected text of test object 'Object Repository/ShopOpen/RemainingCategories/Validate_ProductCategoryAssetScreen' are matched.

2018-12-04 11:43:51 - [MESSAGE][PASSED] - Actual text and expected text of test object 'Object Repository/ShopOpen/RemainingCategories/Validate_ProductCategoryAssetScreen' are matched.

2018-12-04 11:43:51 - [TEST_STEP][PASSED] - tap: Tapped on element 'Object Repository/ShopOpen/RemainingCategories/ProductCategoryAsset_BackButton'

2018-12-04 11:43:51 - [MESSAGE][WARNING] - Timeout '0' is invalid. Using default page load timeout: '6'

2018-12-04 11:43:51 - [MESSAGE][PASSED] - Tapped on element 'Object Repository/ShopOpen/RemainingCategories/ProductCategoryAsset_BackButton'

2018-12-04 11:43:51 - [TEST_STEP][PASSED] - verifyElementText: Actual text and expected text of test object 'Object Repository/ShopOpen/Nestrade/Validate_NestradePorductCategoryScreen' are matched.

2018-12-04 11:43:52 - [MESSAGE][PASSED] - Actual text and expected text of test object 'Object Repository/ShopOpen/Nestrade/Validate_NestradePorductCategoryScreen' are matched.

2018-12-04 11:43:52 - [MESSAGE][PASSED] - Call Test Case 'Test Cases/ShopOpen/Nestrade/VisitProductCategoryAssetsWithDSA' successfully

2018-12-04 11:43:52 - [MESSAGE][PASSED] - com.ct.qa.keywords.ChannelProductsDataKeywords.visitNestradeProductsCategoriesWithDSA is PASSED

2018-12-04 11:43:52 - [TEST_STEP][PASSED] - com.ct.qa.keywords.CommonKeywords.visitPlanogramImageViewButton: com.ct.qa.keywords.CommonKeywords.visitPlanogramImageViewButton is PASSED

2018-12-04 11:43:53 - [MESSAGE][WARNING] - Timeout '0' is invalid. Using default page load timeout: '6'

2018-12-04 11:44:00 - [MESSAGE][WARNING] - Object Object Repository/CommonScreenElements/InfoPopUp_OKButton not found
[[ATTACHMENT|F:\\Git Projects\\MMA_Merchandising\\MMA_Merchandising\\Reports\\MMA Merchandising With Channel Wise Data Verification\\20181204_113351\\1543905839716.png]]

2018-12-04 11:44:01 - [MESSAGE][PASSED] - com.ct.qa.keywords.CommonKeywords.visitPlanogramImageViewButton is PASSED

2018-12-04 11:44:01 - [TEST_STEP][PASSED] - verifyElementText: Actual text and expected text of test object 'Object Repository/ShopOpen/Nestrade/Validate_NestradePorductCategoryScreen' are matched.

2018-12-04 11:44:02 - [MESSAGE][PASSED] - Actual text and expected text of test object 'Object Repository/ShopOpen/Nestrade/Validate_NestradePorductCategoryScreen' are matched.

2018-12-04 11:44:02 - [TEST_STEP][PASSED] - com.ct.qa.keywords.CommonKeywords.visitPictureImageViewButton: com.ct.qa.keywords.CommonKeywords.visitPictureImageViewButton is PASSED

2018-12-04 11:44:04 - [MESSAGE][WARNING] - Timeout '0' is invalid. Using default page load timeout: '6'

2018-12-04 11:44:05 - [MESSAGE][PASSED] - Element 'Object Repository/CommonScreenElements/Validate_CameraScreen' is exist

2018-12-04 11:44:05 - [MESSAGE][WARNING] - Timeout '0' is invalid. Using default page load timeout: '6'

2018-12-04 11:44:08 - [MESSAGE][PASSED] - Tapped on element 'Object Repository/CommonScreenElements/TakePictureButton'

2018-12-04 11:44:13 - [MESSAGE][PASSED] - Delayed 5 second(s)

2018-12-04 11:44:13 - [MESSAGE][WARNING] - Timeout '0' is invalid. Using default page load timeout: '6'

2018-12-04 11:44:14 - [MESSAGE][PASSED] - Tapped on element 'Object Repository/CommonScreenElements/DoneButton'

2018-12-04 11:44:14 - [MESSAGE][PASSED] - com.ct.qa.keywords.CommonKeywords.visitPictureImageViewButton is PASSED

2018-12-04 11:44:14 - [TEST_STEP][PASSED] - verifyElementText: Actual text and expected text of test object 'Object Repository/ShopOpen/Nestrade/Validate_NestradePorductCategoryScreen' are matched.

2018-12-04 11:44:15 - [MESSAGE][PASSED] - Actual text and expected text of test object 'Object Repository/ShopOpen/Nestrade/Validate_NestradePorductCategoryScreen' are matched.

2018-12-04 11:44:15 - [TEST_STEP][PASSED] - com.ct.qa.keywords.CommonKeywords.visitBackImageViewButton: com.ct.qa.keywords.CommonKeywords.visitBackImageViewButton is PASSED

2018-12-04 11:44:16 - [MESSAGE][PASSED] - com.ct.qa.keywords.CommonKeywords.visitBackImageViewButton is PASSED

2018-12-04 11:44:16 - [TEST_STEP][PASSED] - verifyElementExist: Element 'Object Repository/ShopOpen/Validate_ShopCategoriesListScreen' is exist

2018-12-04 11:44:16 - [MESSAGE][WARNING] - Timeout '0' is invalid. Using default page load timeout: '6'

2018-12-04 11:44:18 - [MESSAGE][PASSED] - Element 'Object Repository/ShopOpen/Validate_ShopCategoriesListScreen' is exist

2018-12-04 11:44:18 - [MESSAGE][PASSED] - Call Test Case 'Test Cases/ShopOpen/Nestrade/VisitNestradeWithDSA' successfully

2018-12-04 11:44:19 - [MESSAGE][WARNING] - Timeout '0' is invalid. Using default page load timeout: '6'

2018-12-04 11:44:26 - [MESSAGE][WARNING] - Element 'Object Repository/CommonScreenElements/Validate_CameraScreen' not found
[[ATTACHMENT|F:\\Git Projects\\MMA_Merchandising\\MMA_Merchandising\\Reports\\MMA Merchandising With Channel Wise Data Verification\\20181204_113351\\1543905865885.png]]

2018-12-04 11:44:26 - [TEST_CASE][PASSED] - Test Cases/ShopOpen/RemainingCategories/VisitRemainingCategoriesWithDSA: Test Cases/ShopOpen/RemainingCategories/VisitRemainingCategoriesWithDSA

2018-12-04 11:44:27 - [TEST_STEP][PASSED] - verifyElementText: Actual text and expected text of test object 'Object Repository/ShopOpen/RemainingCategories/Validate_MainCategoryDetailScreen' are matched.

2018-12-04 11:44:28 - [MESSAGE][PASSED] - Actual text and expected text of test object 'Object Repository/ShopOpen/RemainingCategories/Validate_MainCategoryDetailScreen' are matched.

2018-12-04 11:44:28 - [TEST_STEP][PASSED] - tap: Tapped on element 'Object Repository/ShopOpen/RemainingCategories/DisplaySpaceAvailable'

2018-12-04 11:44:28 - [MESSAGE][WARNING] - Timeout '0' is invalid. Using default page load timeout: '6'

2018-12-04 11:44:28 - [MESSAGE][PASSED] - Tapped on element 'Object Repository/ShopOpen/RemainingCategories/DisplaySpaceAvailable'

2018-12-04 11:44:28 - [TEST_STEP][PASSED] - verifyElementText: Actual text and expected text of test object 'Object Repository/ShopOpen/RemainingCategories/Validate_ProductCategoryAssetScreen' are matched.

2018-12-04 11:44:30 - [MESSAGE][PASSED] - Actual text and expected text of test object 'Object Repository/ShopOpen/RemainingCategories/Validate_ProductCategoryAssetScreen' are matched.

2018-12-04 11:44:30 - [TEST_STEP][PASSED] - tap: Tapped on element 'Object Repository/ShopOpen/RemainingCategories/Facing'

2018-12-04 11:44:30 - [MESSAGE][WARNING] - Timeout '0' is invalid. Using default page load timeout: '6'

2018-12-04 11:44:30 - [MESSAGE][PASSED] - Tapped on element 'Object Repository/ShopOpen/RemainingCategories/Facing'

2018-12-04 11:44:30 - [TEST_STEP][PASSED] - verifyElementText: Actual text and expected text of test object 'Object Repository/ShopOpen/RemainingCategories/Validate_FacingScreen' are matched.

2018-12-04 11:44:33 - [MESSAGE][PASSED] - Actual text and expected text of test object 'Object Repository/ShopOpen/RemainingCategories/Validate_FacingScreen' are matched.

2018-12-04 11:44:33 - [TEST_STEP][PASSED] - com.ct.qa.keywords.ChannelProductsDataKeywords.visitChannelWiseProductsData: com.ct.qa.keywords.ChannelProductsDataKeywords.visitChannelWiseProductsData is PASSED

2018-12-04 11:44:37 - [MESSAGE][PASSED] - Keyboard is hidden

2018-12-04 11:44:40 - [MESSAGE][PASSED] - Keyboard is hidden

2018-12-04 11:44:43 - [MESSAGE][PASSED] - Keyboard is hidden

2018-12-04 11:44:46 - [MESSAGE][PASSED] - Keyboard is hidden

2018-12-04 11:44:49 - [MESSAGE][PASSED] - Keyboard is hidden

2018-12-04 11:44:52 - [MESSAGE][PASSED] - Keyboard is hidden

2018-12-04 11:44:54 - [MESSAGE][PASSED] - Swiped from 50,359 to 50,250

2018-12-04 11:44:58 - [MESSAGE][PASSED] - Keyboard is hidden

2018-12-04 11:44:59 - [MESSAGE][PASSED] - Swiped from 50,359 to 50,250

2018-12-04 11:45:03 - [MESSAGE][PASSED] - Keyboard is hidden

2018-12-04 11:45:04 - [MESSAGE][PASSED] - Swiped from 50,359 to 50,250

2018-12-04 11:45:08 - [MESSAGE][PASSED] - Keyboard is hidden

2018-12-04 11:45:10 - [MESSAGE][PASSED] - Swiped from 50,359 to 50,250

2018-12-04 11:45:13 - [MESSAGE][PASSED] - Keyboard is hidden

2018-12-04 11:45:14 - [MESSAGE][PASSED] - Swiped from 50,359 to 50,250

2018-12-04 11:45:18 - [MESSAGE][PASSED] - Keyboard is hidden

2018-12-04 11:45:19 - [MESSAGE][PASSED] - Swiped from 50,359 to 50,250

2018-12-04 11:45:23 - [MESSAGE][PASSED] - Keyboard is hidden

2018-12-04 11:45:24 - [MESSAGE][PASSED] - Swiped from 50,359 to 50,250

2018-12-04 11:45:28 - [MESSAGE][PASSED] - Keyboard is hidden

2018-12-04 11:45:29 - [MESSAGE][PASSED] - Swiped from 50,359 to 50,250

2018-12-04 11:45:33 - [MESSAGE][PASSED] - Keyboard is hidden

2018-12-04 11:45:34 - [MESSAGE][PASSED] - Swiped from 50,359 to 50,250

2018-12-04 11:45:35 - [MESSAGE][PASSED] - com.ct.qa.keywords.ChannelProductsDataKeywords.visitChannelWiseProductsData is PASSED

2018-12-04 11:45:35 - [TEST_STEP][PASSED] - tap: Tapped on element 'Object Repository/ShopOpen/RemainingCategories/SubmitButton'

2018-12-04 11:45:35 - [MESSAGE][WARNING] - Timeout '0' is invalid. Using default page load timeout: '6'

2018-12-04 11:45:36 - [MESSAGE][PASSED] - Tapped on element 'Object Repository/ShopOpen/RemainingCategories/SubmitButton'

2018-12-04 11:45:36 - [TEST_STEP][PASSED] - verifyElementText: Actual text and expected text of test object 'Object Repository/ShopOpen/RemainingCategories/Validate_ProductCategoryAssetScreen' are matched.

2018-12-04 11:45:37 - [MESSAGE][PASSED] - Actual text and expected text of test object 'Object Repository/ShopOpen/RemainingCategories/Validate_ProductCategoryAssetScreen' are matched.

2018-12-04 11:45:37 - [TEST_STEP][PASSED] - tap: Tapped on element 'Object Repository/ShopOpen/RemainingCategories/StockTaking'

2018-12-04 11:45:37 - [MESSAGE][WARNING] - Timeout '0' is invalid. Using default page load timeout: '6'

2018-12-04 11:45:38 - [MESSAGE][PASSED] - Tapped on element 'Object Repository/ShopOpen/RemainingCategories/StockTaking'

2018-12-04 11:45:38 - [TEST_STEP][PASSED] - verifyElementText: Actual text and expected text of test object 'Object Repository/ShopOpen/RemainingCategories/Validate_StockTakingScreen' are matched.

2018-12-04 11:45:40 - [MESSAGE][PASSED] - Actual text and expected text of test object 'Object Repository/ShopOpen/RemainingCategories/Validate_StockTakingScreen' are matched.

2018-12-04 11:45:40 - [TEST_STEP][PASSED] - com.ct.qa.keywords.ChannelProductsDataKeywords.visitChannelWiseProductsData: com.ct.qa.keywords.ChannelProductsDataKeywords.visitChannelWiseProductsData is PASSED

2018-12-04 11:45:44 - [MESSAGE][PASSED] - Keyboard is hidden

2018-12-04 11:45:47 - [MESSAGE][PASSED] - Keyboard is hidden

2018-12-04 11:45:50 - [MESSAGE][PASSED] - Keyboard is hidden

2018-12-04 11:45:53 - [MESSAGE][PASSED] - Keyboard is hidden

2018-12-04 11:45:56 - [MESSAGE][PASSED] - Keyboard is hidden

2018-12-04 11:45:59 - [MESSAGE][PASSED] - Keyboard is hidden

2018-12-04 11:46:01 - [MESSAGE][PASSED] - Swiped from 50,359 to 50,250

2018-12-04 11:46:05 - [MESSAGE][PASSED] - Keyboard is hidden

2018-12-04 11:46:06 - [MESSAGE][PASSED] - Swiped from 50,359 to 50,250

2018-12-04 11:46:10 - [MESSAGE][PASSED] - Keyboard is hidden

2018-12-04 11:46:11 - [MESSAGE][PASSED] - Swiped from 50,359 to 50,250

2018-12-04 11:46:15 - [MESSAGE][PASSED] - Keyboard is hidden

2018-12-04 11:46:16 - [MESSAGE][PASSED] - Swiped from 50,359 to 50,250

2018-12-04 11:46:20 - [MESSAGE][PASSED] - Keyboard is hidden

2018-12-04 11:46:21 - [MESSAGE][PASSED] - Swiped from 50,359 to 50,250

2018-12-04 11:46:25 - [MESSAGE][PASSED] - Keyboard is hidden

2018-12-04 11:46:26 - [MESSAGE][PASSED] - Swiped from 50,359 to 50,250

2018-12-04 11:46:30 - [MESSAGE][PASSED] - Keyboard is hidden

2018-12-04 11:46:31 - [MESSAGE][PASSED] - Swiped from 50,359 to 50,250

2018-12-04 11:46:35 - [MESSAGE][PASSED] - Keyboard is hidden

2018-12-04 11:46:36 - [MESSAGE][PASSED] - Swiped from 50,359 to 50,250

2018-12-04 11:46:40 - [MESSAGE][PASSED] - Keyboard is hidden

2018-12-04 11:46:41 - [MESSAGE][PASSED] - Swiped from 50,359 to 50,250

2018-12-04 11:46:42 - [MESSAGE][PASSED] - com.ct.qa.keywords.ChannelProductsDataKeywords.visitChannelWiseProductsData is PASSED

2018-12-04 11:46:42 - [TEST_STEP][PASSED] - tap: Tapped on element 'Object Repository/ShopOpen/RemainingCategories/SubmitButton'

2018-12-04 11:46:42 - [MESSAGE][WARNING] - Timeout '0' is invalid. Using default page load timeout: '6'

2018-12-04 11:46:43 - [MESSAGE][PASSED] - Tapped on element 'Object Repository/ShopOpen/RemainingCategories/SubmitButton'

2018-12-04 11:46:43 - [TEST_STEP][PASSED] - verifyElementText: Actual text and expected text of test object 'Object Repository/ShopOpen/RemainingCategories/Validate_ProductCategoryAssetScreen' are matched.

2018-12-04 11:46:44 - [MESSAGE][PASSED] - Actual text and expected text of test object 'Object Repository/ShopOpen/RemainingCategories/Validate_ProductCategoryAssetScreen' are matched.

2018-12-04 11:46:44 - [TEST_STEP][PASSED] - com.ct.qa.keywords.CommonKeywords.visitPlanogramImageViewButton: com.ct.qa.keywords.CommonKeywords.visitPlanogramImageViewButton is PASSED

2018-12-04 11:46:45 - [MESSAGE][WARNING] - Timeout '0' is invalid. Using default page load timeout: '6'

2018-12-04 11:46:52 - [MESSAGE][WARNING] - Object Object Repository/CommonScreenElements/InfoPopUp_OKButton not found
[[ATTACHMENT|F:\\Git Projects\\MMA_Merchandising\\MMA_Merchandising\\Reports\\MMA Merchandising With Channel Wise Data Verification\\20181204_113351\\1543906011477.png]]

2018-12-04 11:46:53 - [MESSAGE][PASSED] - com.ct.qa.keywords.CommonKeywords.visitPlanogramImageViewButton is PASSED

2018-12-04 11:46:53 - [TEST_STEP][PASSED] - verifyElementText: Actual text and expected text of test object 'Object Repository/ShopOpen/RemainingCategories/Validate_ProductCategoryAssetScreen' are matched.

2018-12-04 11:46:53 - [MESSAGE][PASSED] - Actual text and expected text of test object 'Object Repository/ShopOpen/RemainingCategories/Validate_ProductCategoryAssetScreen' are matched.

2018-12-04 11:46:53 - [TEST_STEP][PASSED] - com.ct.qa.keywords.CommonKeywords.visitPictureImageViewButton: com.ct.qa.keywords.CommonKeywords.visitPictureImageViewButton is PASSED

2018-12-04 11:46:56 - [MESSAGE][WARNING] - Timeout '0' is invalid. Using default page load timeout: '6'

2018-12-04 11:46:57 - [MESSAGE][PASSED] - Element 'Object Repository/CommonScreenElements/Validate_CameraScreen' is exist

2018-12-04 11:46:57 - [MESSAGE][WARNING] - Timeout '0' is invalid. Using default page load timeout: '6'

2018-12-04 11:47:00 - [MESSAGE][PASSED] - Tapped on element 'Object Repository/CommonScreenElements/TakePictureButton'

2018-12-04 11:47:05 - [MESSAGE][PASSED] - Delayed 5 second(s)

2018-12-04 11:47:05 - [MESSAGE][WARNING] - Timeout '0' is invalid. Using default page load timeout: '6'

2018-12-04 11:47:07 - [MESSAGE][PASSED] - Tapped on element 'Object Repository/CommonScreenElements/DoneButton'

2018-12-04 11:47:07 - [MESSAGE][PASSED] - com.ct.qa.keywords.CommonKeywords.visitPictureImageViewButton is PASSED

2018-12-04 11:47:07 - [TEST_STEP][PASSED] - verifyElementText: Actual text and expected text of test object 'Object Repository/ShopOpen/RemainingCategories/Validate_ProductCategoryAssetScreen' are matched.

2018-12-04 11:47:07 - [MESSAGE][PASSED] - Actual text and expected text of test object 'Object Repository/ShopOpen/RemainingCategories/Validate_ProductCategoryAssetScreen' are matched.

2018-12-04 11:47:07 - [TEST_STEP][PASSED] - com.ct.qa.keywords.CommonKeywords.visitBackImageViewButton: com.ct.qa.keywords.CommonKeywords.visitBackImageViewButton is PASSED

2018-12-04 11:47:09 - [MESSAGE][PASSED] - com.ct.qa.keywords.CommonKeywords.visitBackImageViewButton is PASSED

2018-12-04 11:47:09 - [TEST_STEP][PASSED] - verifyElementExist: Element 'Object Repository/ShopOpen/Validate_ShopCategoriesListScreen' is exist

2018-12-04 11:47:09 - [MESSAGE][WARNING] - Timeout '0' is invalid. Using default page load timeout: '6'

2018-12-04 11:47:10 - [MESSAGE][PASSED] - Element 'Object Repository/ShopOpen/Validate_ShopCategoriesListScreen' is exist

2018-12-04 11:47:10 - [MESSAGE][PASSED] - Call Test Case 'Test Cases/ShopOpen/RemainingCategories/VisitRemainingCategoriesWithDSA' successfully

2018-12-04 11:47:11 - [MESSAGE][WARNING] - Timeout '0' is invalid. Using default page load timeout: '6'

2018-12-04 11:47:18 - [MESSAGE][WARNING] - Element 'Object Repository/CommonScreenElements/Validate_CameraScreen' not found
[[ATTACHMENT|F:\\Git Projects\\MMA_Merchandising\\MMA_Merchandising\\Reports\\MMA Merchandising With Channel Wise Data Verification\\20181204_113351\\1543906037892.png]]

2018-12-04 11:47:18 - [TEST_CASE][PASSED] - Test Cases/ShopOpen/RemainingCategories/VisitRemainingCategoriesWithDSA: Test Cases/ShopOpen/RemainingCategories/VisitRemainingCategoriesWithDSA

2018-12-04 11:47:18 - [TEST_STEP][PASSED] - verifyElementText: Actual text and expected text of test object 'Object Repository/ShopOpen/RemainingCategories/Validate_MainCategoryDetailScreen' are matched.

2018-12-04 11:47:19 - [MESSAGE][PASSED] - Actual text and expected text of test object 'Object Repository/ShopOpen/RemainingCategories/Validate_MainCategoryDetailScreen' are matched.

2018-12-04 11:47:19 - [TEST_STEP][PASSED] - tap: Tapped on element 'Object Repository/ShopOpen/RemainingCategories/DisplaySpaceAvailable'

2018-12-04 11:47:19 - [MESSAGE][WARNING] - Timeout '0' is invalid. Using default page load timeout: '6'

2018-12-04 11:47:19 - [MESSAGE][PASSED] - Tapped on element 'Object Repository/ShopOpen/RemainingCategories/DisplaySpaceAvailable'

2018-12-04 11:47:19 - [TEST_STEP][PASSED] - verifyElementText: Actual text and expected text of test object 'Object Repository/ShopOpen/RemainingCategories/Validate_ProductCategoryAssetScreen' are matched.

2018-12-04 11:47:21 - [MESSAGE][PASSED] - Actual text and expected text of test object 'Object Repository/ShopOpen/RemainingCategories/Validate_ProductCategoryAssetScreen' are matched.

2018-12-04 11:47:21 - [TEST_STEP][PASSED] - tap: Tapped on element 'Object Repository/ShopOpen/RemainingCategories/Facing'

2018-12-04 11:47:21 - [MESSAGE][WARNING] - Timeout '0' is invalid. Using default page load timeout: '6'

2018-12-04 11:47:22 - [MESSAGE][PASSED] - Tapped on element 'Object Repository/ShopOpen/RemainingCategories/Facing'

2018-12-04 11:47:22 - [TEST_STEP][PASSED] - verifyElementText: Actual text and expected text of test object 'Object Repository/ShopOpen/RemainingCategories/Validate_FacingScreen' are matched.

2018-12-04 11:47:24 - [MESSAGE][PASSED] - Actual text and expected text of test object 'Object Repository/ShopOpen/RemainingCategories/Validate_FacingScreen' are matched.

2018-12-04 11:47:24 - [TEST_STEP][PASSED] - com.ct.qa.keywords.ChannelProductsDataKeywords.visitChannelWiseProductsData: com.ct.qa.keywords.ChannelProductsDataKeywords.visitChannelWiseProductsData is PASSED

2018-12-04 11:47:29 - [MESSAGE][PASSED] - Keyboard is hidden

2018-12-04 11:47:32 - [MESSAGE][PASSED] - Keyboard is hidden

2018-12-04 11:47:35 - [MESSAGE][PASSED] - Keyboard is hidden

2018-12-04 11:47:38 - [MESSAGE][PASSED] - Keyboard is hidden

2018-12-04 11:47:41 - [MESSAGE][PASSED] - Keyboard is hidden

2018-12-04 11:47:44 - [MESSAGE][PASSED] - Keyboard is hidden

2018-12-04 11:47:46 - [MESSAGE][PASSED] - Swiped from 100,359 to 100,250

2018-12-04 11:47:50 - [MESSAGE][PASSED] - Keyboard is hidden

2018-12-04 11:47:51 - [MESSAGE][PASSED] - Swiped from 100,359 to 100,250

2018-12-04 11:47:55 - [MESSAGE][PASSED] - Keyboard is hidden

2018-12-04 11:47:56 - [MESSAGE][PASSED] - Swiped from 100,359 to 100,250

2018-12-04 11:47:57 - [MESSAGE][PASSED] - com.ct.qa.keywords.ChannelProductsDataKeywords.visitChannelWiseProductsData is PASSED

2018-12-04 11:47:57 - [TEST_STEP][PASSED] - tap: Tapped on element 'Object Repository/ShopOpen/RemainingCategories/SubmitButton'

2018-12-04 11:47:57 - [MESSAGE][WARNING] - Timeout '0' is invalid. Using default page load timeout: '6'

2018-12-04 11:47:58 - [MESSAGE][PASSED] - Tapped on element 'Object Repository/ShopOpen/RemainingCategories/SubmitButton'

2018-12-04 11:47:58 - [TEST_STEP][PASSED] - verifyElementText: Actual text and expected text of test object 'Object Repository/ShopOpen/RemainingCategories/Validate_ProductCategoryAssetScreen' are matched.

2018-12-04 11:47:59 - [MESSAGE][PASSED] - Actual text and expected text of test object 'Object Repository/ShopOpen/RemainingCategories/Validate_ProductCategoryAssetScreen' are matched.

2018-12-04 11:47:59 - [TEST_STEP][PASSED] - tap: Tapped on element 'Object Repository/ShopOpen/RemainingCategories/StockTaking'

2018-12-04 11:47:59 - [MESSAGE][WARNING] - Timeout '0' is invalid. Using default page load timeout: '6'

2018-12-04 11:48:00 - [MESSAGE][PASSED] - Tapped on element 'Object Repository/ShopOpen/RemainingCategories/StockTaking'

2018-12-04 11:48:00 - [TEST_STEP][PASSED] - verifyElementText: Actual text and expected text of test object 'Object Repository/ShopOpen/RemainingCategories/Validate_StockTakingScreen' are matched.

2018-12-04 11:48:02 - [MESSAGE][PASSED] - Actual text and expected text of test object 'Object Repository/ShopOpen/RemainingCategories/Validate_StockTakingScreen' are matched.

2018-12-04 11:48:02 - [TEST_STEP][PASSED] - com.ct.qa.keywords.ChannelProductsDataKeywords.visitChannelWiseProductsData: com.ct.qa.keywords.ChannelProductsDataKeywords.visitChannelWiseProductsData is PASSED

2018-12-04 11:48:06 - [MESSAGE][PASSED] - Keyboard is hidden

2018-12-04 11:48:09 - [MESSAGE][PASSED] - Keyboard is hidden

2018-12-04 11:48:12 - [MESSAGE][PASSED] - Keyboard is hidden

2018-12-04 11:48:15 - [MESSAGE][PASSED] - Keyboard is hidden

2018-12-04 11:48:18 - [MESSAGE][PASSED] - Keyboard is hidden

2018-12-04 11:48:21 - [MESSAGE][PASSED] - Keyboard is hidden

2018-12-04 11:48:24 - [MESSAGE][PASSED] - Swiped from 100,359 to 100,250

2018-12-04 11:48:28 - [MESSAGE][PASSED] - Keyboard is hidden

2018-12-04 11:48:29 - [MESSAGE][PASSED] - Swiped from 100,359 to 100,250

2018-12-04 11:48:33 - [MESSAGE][PASSED] - Keyboard is hidden

2018-12-04 11:48:34 - [MESSAGE][PASSED] - Swiped from 100,359 to 100,250

2018-12-04 11:48:35 - [MESSAGE][PASSED] - com.ct.qa.keywords.ChannelProductsDataKeywords.visitChannelWiseProductsData is PASSED

2018-12-04 11:48:35 - [TEST_STEP][PASSED] - tap: Tapped on element 'Object Repository/ShopOpen/RemainingCategories/SubmitButton'

2018-12-04 11:48:35 - [MESSAGE][WARNING] - Timeout '0' is invalid. Using default page load timeout: '6'

2018-12-04 11:48:36 - [MESSAGE][PASSED] - Tapped on element 'Object Repository/ShopOpen/RemainingCategories/SubmitButton'

2018-12-04 11:48:36 - [TEST_STEP][PASSED] - verifyElementText: Actual text and expected text of test object 'Object Repository/ShopOpen/RemainingCategories/Validate_ProductCategoryAssetScreen' are matched.

2018-12-04 11:48:37 - [MESSAGE][PASSED] - Actual text and expected text of test object 'Object Repository/ShopOpen/RemainingCategories/Validate_ProductCategoryAssetScreen' are matched.

2018-12-04 11:48:37 - [TEST_STEP][PASSED] - com.ct.qa.keywords.CommonKeywords.visitPlanogramImageViewButton: com.ct.qa.keywords.CommonKeywords.visitPlanogramImageViewButton is PASSED

2018-12-04 11:48:39 - [MESSAGE][WARNING] - Timeout '0' is invalid. Using default page load timeout: '6'

2018-12-04 11:48:46 - [MESSAGE][WARNING] - Object Object Repository/CommonScreenElements/InfoPopUp_OKButton not found
[[ATTACHMENT|F:\\Git Projects\\MMA_Merchandising\\MMA_Merchandising\\Reports\\MMA Merchandising With Channel Wise Data Verification\\20181204_113351\\1543906125302.png]]

2018-12-04 11:48:47 - [MESSAGE][PASSED] - com.ct.qa.keywords.CommonKeywords.visitPlanogramImageViewButton is PASSED

2018-12-04 11:48:47 - [TEST_STEP][PASSED] - verifyElementText: Actual text and expected text of test object 'Object Repository/ShopOpen/RemainingCategories/Validate_ProductCategoryAssetScreen' are matched.

2018-12-04 11:48:48 - [MESSAGE][PASSED] - Actual text and expected text of test object 'Object Repository/ShopOpen/RemainingCategories/Validate_ProductCategoryAssetScreen' are matched.

2018-12-04 11:48:48 - [TEST_STEP][PASSED] - com.ct.qa.keywords.CommonKeywords.visitPictureImageViewButton: com.ct.qa.keywords.CommonKeywords.visitPictureImageViewButton is PASSED

2018-12-04 11:48:50 - [MESSAGE][WARNING] - Timeout '0' is invalid. Using default page load timeout: '6'

2018-12-04 11:48:51 - [MESSAGE][PASSED] - Element 'Object Repository/CommonScreenElements/Validate_CameraScreen' is exist

2018-12-04 11:48:51 - [MESSAGE][WARNING] - Timeout '0' is invalid. Using default page load timeout: '6'

2018-12-04 11:48:55 - [MESSAGE][PASSED] - Tapped on element 'Object Repository/CommonScreenElements/TakePictureButton'

2018-12-04 11:49:00 - [MESSAGE][PASSED] - Delayed 5 second(s)

2018-12-04 11:49:00 - [MESSAGE][WARNING] - Timeout '0' is invalid. Using default page load timeout: '6'

2018-12-04 11:49:00 - [MESSAGE][PASSED] - Tapped on element 'Object Repository/CommonScreenElements/DoneButton'

2018-12-04 11:49:00 - [MESSAGE][PASSED] - com.ct.qa.keywords.CommonKeywords.visitPictureImageViewButton is PASSED

2018-12-04 11:49:00 - [TEST_STEP][PASSED] - verifyElementText: Actual text and expected text of test object 'Object Repository/ShopOpen/RemainingCategories/Validate_ProductCategoryAssetScreen' are matched.

2018-12-04 11:49:01 - [MESSAGE][PASSED] - Actual text and expected text of test object 'Object Repository/ShopOpen/RemainingCategories/Validate_ProductCategoryAssetScreen' are matched.

2018-12-04 11:49:01 - [TEST_STEP][PASSED] - com.ct.qa.keywords.CommonKeywords.visitBackImageViewButton: com.ct.qa.keywords.CommonKeywords.visitBackImageViewButton is PASSED

2018-12-04 11:49:03 - [MESSAGE][PASSED] - com.ct.qa.keywords.CommonKeywords.visitBackImageViewButton is PASSED

2018-12-04 11:49:03 - [TEST_STEP][PASSED] - verifyElementExist: Element 'Object Repository/ShopOpen/Validate_ShopCategoriesListScreen' is exist

2018-12-04 11:49:03 - [MESSAGE][WARNING] - Timeout '0' is invalid. Using default page load timeout: '6'

2018-12-04 11:49:04 - [MESSAGE][PASSED] - Element 'Object Repository/ShopOpen/Validate_ShopCategoriesListScreen' is exist

2018-12-04 11:49:04 - [MESSAGE][PASSED] - Call Test Case 'Test Cases/ShopOpen/RemainingCategories/VisitRemainingCategoriesWithDSA' successfully

2018-12-04 11:49:05 - [MESSAGE][WARNING] - Timeout '0' is invalid. Using default page load timeout: '6'

2018-12-04 11:49:13 - [MESSAGE][WARNING] - Element 'Object Repository/CommonScreenElements/Validate_CameraScreen' not found
[[ATTACHMENT|F:\\Git Projects\\MMA_Merchandising\\MMA_Merchandising\\Reports\\MMA Merchandising With Channel Wise Data Verification\\20181204_113351\\1543906151970.png]]

2018-12-04 11:49:13 - [TEST_CASE][PASSED] - Test Cases/ShopOpen/RemainingCategories/VisitRemainingCategoriesWithDSA: Test Cases/ShopOpen/RemainingCategories/VisitRemainingCategoriesWithDSA

2018-12-04 11:49:13 - [TEST_STEP][PASSED] - verifyElementText: Actual text and expected text of test object 'Object Repository/ShopOpen/RemainingCategories/Validate_MainCategoryDetailScreen' are matched.

2018-12-04 11:49:13 - [MESSAGE][PASSED] - Actual text and expected text of test object 'Object Repository/ShopOpen/RemainingCategories/Validate_MainCategoryDetailScreen' are matched.

2018-12-04 11:49:13 - [TEST_STEP][PASSED] - tap: Tapped on element 'Object Repository/ShopOpen/RemainingCategories/DisplaySpaceAvailable'

2018-12-04 11:49:13 - [MESSAGE][WARNING] - Timeout '0' is invalid. Using default page load timeout: '6'

2018-12-04 11:49:14 - [MESSAGE][PASSED] - Tapped on element 'Object Repository/ShopOpen/RemainingCategories/DisplaySpaceAvailable'

2018-12-04 11:49:14 - [TEST_STEP][PASSED] - verifyElementText: Actual text and expected text of test object 'Object Repository/ShopOpen/RemainingCategories/Validate_ProductCategoryAssetScreen' are matched.

2018-12-04 11:49:15 - [MESSAGE][PASSED] - Actual text and expected text of test object 'Object Repository/ShopOpen/RemainingCategories/Validate_ProductCategoryAssetScreen' are matched.

2018-12-04 11:49:15 - [TEST_STEP][PASSED] - tap: Tapped on element 'Object Repository/ShopOpen/RemainingCategories/Facing'

2018-12-04 11:49:15 - [MESSAGE][WARNING] - Timeout '0' is invalid. Using default page load timeout: '6'

2018-12-04 11:49:16 - [MESSAGE][PASSED] - Tapped on element 'Object Repository/ShopOpen/RemainingCategories/Facing'

2018-12-04 11:49:16 - [TEST_STEP][PASSED] - verifyElementText: Actual text and expected text of test object 'Object Repository/ShopOpen/RemainingCategories/Validate_FacingScreen' are matched.

2018-12-04 11:49:18 - [MESSAGE][PASSED] - Actual text and expected text of test object 'Object Repository/ShopOpen/RemainingCategories/Validate_FacingScreen' are matched.

2018-12-04 11:49:18 - [TEST_STEP][PASSED] - com.ct.qa.keywords.ChannelProductsDataKeywords.visitChannelWiseProductsData: com.ct.qa.keywords.ChannelProductsDataKeywords.visitChannelWiseProductsData is PASSED

2018-12-04 11:49:23 - [MESSAGE][PASSED] - Keyboard is hidden

2018-12-04 11:49:26 - [MESSAGE][PASSED] - Keyboard is hidden

2018-12-04 11:49:29 - [MESSAGE][PASSED] - Keyboard is hidden

2018-12-04 11:49:32 - [MESSAGE][PASSED] - Keyboard is hidden

2018-12-04 11:49:35 - [MESSAGE][PASSED] - Keyboard is hidden

2018-12-04 11:49:38 - [MESSAGE][PASSED] - Keyboard is hidden

2018-12-04 11:49:41 - [MESSAGE][PASSED] - Swiped from 85,359 to 85,250

2018-12-04 11:49:45 - [MESSAGE][PASSED] - Keyboard is hidden

2018-12-04 11:49:46 - [MESSAGE][PASSED] - Swiped from 85,359 to 85,250

2018-12-04 11:49:50 - [MESSAGE][PASSED] - Keyboard is hidden

2018-12-04 11:49:51 - [MESSAGE][PASSED] - Swiped from 85,359 to 85,250

2018-12-04 11:49:52 - [MESSAGE][PASSED] - com.ct.qa.keywords.ChannelProductsDataKeywords.visitChannelWiseProductsData is PASSED

2018-12-04 11:49:52 - [TEST_STEP][PASSED] - tap: Tapped on element 'Object Repository/ShopOpen/RemainingCategories/SubmitButton'

2018-12-04 11:49:52 - [MESSAGE][WARNING] - Timeout '0' is invalid. Using default page load timeout: '6'

2018-12-04 11:49:53 - [MESSAGE][PASSED] - Tapped on element 'Object Repository/ShopOpen/RemainingCategories/SubmitButton'

2018-12-04 11:49:53 - [TEST_STEP][PASSED] - verifyElementText: Actual text and expected text of test object 'Object Repository/ShopOpen/RemainingCategories/Validate_ProductCategoryAssetScreen' are matched.

2018-12-04 11:49:54 - [MESSAGE][PASSED] - Actual text and expected text of test object 'Object Repository/ShopOpen/RemainingCategories/Validate_ProductCategoryAssetScreen' are matched.

2018-12-04 11:49:54 - [TEST_STEP][PASSED] - tap: Tapped on element 'Object Repository/ShopOpen/RemainingCategories/StockTaking'

2018-12-04 11:49:54 - [MESSAGE][WARNING] - Timeout '0' is invalid. Using default page load timeout: '6'

2018-12-04 11:49:54 - [MESSAGE][PASSED] - Tapped on element 'Object Repository/ShopOpen/RemainingCategories/StockTaking'

2018-12-04 11:49:54 - [TEST_STEP][PASSED] - verifyElementText: Actual text and expected text of test object 'Object Repository/ShopOpen/RemainingCategories/Validate_StockTakingScreen' are matched.

2018-12-04 11:49:56 - [MESSAGE][PASSED] - Actual text and expected text of test object 'Object Repository/ShopOpen/RemainingCategories/Validate_StockTakingScreen' are matched.

2018-12-04 11:49:56 - [TEST_STEP][PASSED] - com.ct.qa.keywords.ChannelProductsDataKeywords.visitChannelWiseProductsData: com.ct.qa.keywords.ChannelProductsDataKeywords.visitChannelWiseProductsData is PASSED

2018-12-04 11:50:01 - [MESSAGE][PASSED] - Keyboard is hidden

2018-12-04 11:50:04 - [MESSAGE][PASSED] - Keyboard is hidden

2018-12-04 11:50:07 - [MESSAGE][PASSED] - Keyboard is hidden

2018-12-04 11:50:10 - [MESSAGE][PASSED] - Keyboard is hidden

2018-12-04 11:50:13 - [MESSAGE][PASSED] - Keyboard is hidden

2018-12-04 11:50:16 - [MESSAGE][PASSED] - Keyboard is hidden

2018-12-04 11:50:19 - [MESSAGE][PASSED] - Swiped from 85,359 to 85,250

2018-12-04 11:50:22 - [MESSAGE][PASSED] - Keyboard is hidden

2018-12-04 11:50:23 - [MESSAGE][PASSED] - Swiped from 85,359 to 85,250

2018-12-04 11:50:27 - [MESSAGE][PASSED] - Keyboard is hidden

2018-12-04 11:50:28 - [MESSAGE][PASSED] - Swiped from 85,359 to 85,250

2018-12-04 11:50:29 - [MESSAGE][PASSED] - com.ct.qa.keywords.ChannelProductsDataKeywords.visitChannelWiseProductsData is PASSED

2018-12-04 11:50:29 - [TEST_STEP][PASSED] - tap: Tapped on element 'Object Repository/ShopOpen/RemainingCategories/SubmitButton'

2018-12-04 11:50:29 - [MESSAGE][WARNING] - Timeout '0' is invalid. Using default page load timeout: '6'

2018-12-04 11:50:30 - [MESSAGE][PASSED] - Tapped on element 'Object Repository/ShopOpen/RemainingCategories/SubmitButton'

2018-12-04 11:50:30 - [TEST_STEP][PASSED] - verifyElementText: Actual text and expected text of test object 'Object Repository/ShopOpen/RemainingCategories/Validate_ProductCategoryAssetScreen' are matched.

2018-12-04 11:50:31 - [MESSAGE][PASSED] - Actual text and expected text of test object 'Object Repository/ShopOpen/RemainingCategories/Validate_ProductCategoryAssetScreen' are matched.

2018-12-04 11:50:31 - [TEST_STEP][PASSED] - com.ct.qa.keywords.CommonKeywords.visitPlanogramImageViewButton: com.ct.qa.keywords.CommonKeywords.visitPlanogramImageViewButton is PASSED

2018-12-04 11:50:33 - [MESSAGE][WARNING] - Timeout '0' is invalid. Using default page load timeout: '6'

2018-12-04 11:50:41 - [MESSAGE][WARNING] - Object Object Repository/CommonScreenElements/InfoPopUp_OKButton not found
[[ATTACHMENT|F:\\Git Projects\\MMA_Merchandising\\MMA_Merchandising\\Reports\\MMA Merchandising With Channel Wise Data Verification\\20181204_113351\\1543906239441.png]]

2018-12-04 11:50:41 - [MESSAGE][PASSED] - com.ct.qa.keywords.CommonKeywords.visitPlanogramImageViewButton is PASSED

2018-12-04 11:50:41 - [TEST_STEP][PASSED] - verifyElementText: Actual text and expected text of test object 'Object Repository/ShopOpen/RemainingCategories/Validate_ProductCategoryAssetScreen' are matched.

2018-12-04 11:50:42 - [MESSAGE][PASSED] - Actual text and expected text of test object 'Object Repository/ShopOpen/RemainingCategories/Validate_ProductCategoryAssetScreen' are matched.

2018-12-04 11:50:42 - [TEST_STEP][PASSED] - com.ct.qa.keywords.CommonKeywords.visitPictureImageViewButton: com.ct.qa.keywords.CommonKeywords.visitPictureImageViewButton is PASSED

2018-12-04 11:50:45 - [MESSAGE][WARNING] - Timeout '0' is invalid. Using default page load timeout: '6'

2018-12-04 11:50:46 - [MESSAGE][PASSED] - Element 'Object Repository/CommonScreenElements/Validate_CameraScreen' is exist

2018-12-04 11:50:46 - [MESSAGE][WARNING] - Timeout '0' is invalid. Using default page load timeout: '6'

2018-12-04 11:50:49 - [MESSAGE][PASSED] - Tapped on element 'Object Repository/CommonScreenElements/TakePictureButton'

2018-12-04 11:50:54 - [MESSAGE][PASSED] - Delayed 5 second(s)

2018-12-04 11:50:54 - [MESSAGE][WARNING] - Timeout '0' is invalid. Using default page load timeout: '6'

2018-12-04 11:50:55 - [MESSAGE][PASSED] - Tapped on element 'Object Repository/CommonScreenElements/DoneButton'

2018-12-04 11:50:55 - [MESSAGE][PASSED] - com.ct.qa.keywords.CommonKeywords.visitPictureImageViewButton is PASSED

2018-12-04 11:50:55 - [TEST_STEP][PASSED] - verifyElementText: Actual text and expected text of test object 'Object Repository/ShopOpen/RemainingCategories/Validate_ProductCategoryAssetScreen' are matched.

2018-12-04 11:50:56 - [MESSAGE][PASSED] - Actual text and expected text of test object 'Object Repository/ShopOpen/RemainingCategories/Validate_ProductCategoryAssetScreen' are matched.

2018-12-04 11:50:56 - [TEST_STEP][PASSED] - com.ct.qa.keywords.CommonKeywords.visitBackImageViewButton: com.ct.qa.keywords.CommonKeywords.visitBackImageViewButton is PASSED

2018-12-04 11:50:57 - [MESSAGE][PASSED] - com.ct.qa.keywords.CommonKeywords.visitBackImageViewButton is PASSED

2018-12-04 11:50:57 - [TEST_STEP][PASSED] - verifyElementExist: Element 'Object Repository/ShopOpen/Validate_ShopCategoriesListScreen' is exist

2018-12-04 11:50:57 - [MESSAGE][WARNING] - Timeout '0' is invalid. Using default page load timeout: '6'

2018-12-04 11:50:58 - [MESSAGE][PASSED] - Element 'Object Repository/ShopOpen/Validate_ShopCategoriesListScreen' is exist

2018-12-04 11:50:58 - [MESSAGE][PASSED] - Call Test Case 'Test Cases/ShopOpen/RemainingCategories/VisitRemainingCategoriesWithDSA' successfully

2018-12-04 11:50:59 - [MESSAGE][WARNING] - Timeout '0' is invalid. Using default page load timeout: '6'

2018-12-04 11:51:06 - [MESSAGE][WARNING] - Element 'Object Repository/CommonScreenElements/Validate_CameraScreen' not found
[[ATTACHMENT|F:\\Git Projects\\MMA_Merchandising\\MMA_Merchandising\\Reports\\MMA Merchandising With Channel Wise Data Verification\\20181204_113351\\1543906265885.png]]

2018-12-04 11:51:06 - [TEST_CASE][PASSED] - Test Cases/ShopOpen/RemainingCategories/VisitRemainingCategoriesWithDSA: Test Cases/ShopOpen/RemainingCategories/VisitRemainingCategoriesWithDSA

2018-12-04 11:51:06 - [TEST_STEP][PASSED] - verifyElementText: Actual text and expected text of test object 'Object Repository/ShopOpen/RemainingCategories/Validate_MainCategoryDetailScreen' are matched.

2018-12-04 11:51:07 - [MESSAGE][PASSED] - Actual text and expected text of test object 'Object Repository/ShopOpen/RemainingCategories/Validate_MainCategoryDetailScreen' are matched.

2018-12-04 11:51:07 - [TEST_STEP][PASSED] - tap: Tapped on element 'Object Repository/ShopOpen/RemainingCategories/DisplaySpaceAvailable'

2018-12-04 11:51:07 - [MESSAGE][WARNING] - Timeout '0' is invalid. Using default page load timeout: '6'

2018-12-04 11:51:07 - [MESSAGE][PASSED] - Tapped on element 'Object Repository/ShopOpen/RemainingCategories/DisplaySpaceAvailable'

2018-12-04 11:51:07 - [TEST_STEP][PASSED] - verifyElementText: Actual text and expected text of test object 'Object Repository/ShopOpen/RemainingCategories/Validate_ProductCategoryAssetScreen' are matched.

2018-12-04 11:51:09 - [MESSAGE][PASSED] - Actual text and expected text of test object 'Object Repository/ShopOpen/RemainingCategories/Validate_ProductCategoryAssetScreen' are matched.

2018-12-04 11:51:09 - [TEST_STEP][PASSED] - tap: Tapped on element 'Object Repository/ShopOpen/RemainingCategories/Facing'

2018-12-04 11:51:09 - [MESSAGE][WARNING] - Timeout '0' is invalid. Using default page load timeout: '6'

2018-12-04 11:51:10 - [MESSAGE][PASSED] - Tapped on element 'Object Repository/ShopOpen/RemainingCategories/Facing'

2018-12-04 11:51:10 - [TEST_STEP][PASSED] - verifyElementText: Actual text and expected text of test object 'Object Repository/ShopOpen/RemainingCategories/Validate_FacingScreen' are matched.

2018-12-04 11:51:11 - [MESSAGE][PASSED] - Actual text and expected text of test object 'Object Repository/ShopOpen/RemainingCategories/Validate_FacingScreen' are matched.

2018-12-04 11:51:11 - [TEST_STEP][PASSED] - com.ct.qa.keywords.ChannelProductsDataKeywords.visitChannelWiseProductsData: com.ct.qa.keywords.ChannelProductsDataKeywords.visitChannelWiseProductsData is PASSED

2018-12-04 11:51:16 - [MESSAGE][PASSED] - Keyboard is hidden

2018-12-04 11:51:19 - [MESSAGE][PASSED] - Keyboard is hidden

2018-12-04 11:51:22 - [MESSAGE][PASSED] - Keyboard is hidden

2018-12-04 11:51:23 - [MESSAGE][PASSED] - com.ct.qa.keywords.ChannelProductsDataKeywords.visitChannelWiseProductsData is PASSED

2018-12-04 11:51:23 - [TEST_STEP][PASSED] - tap: Tapped on element 'Object Repository/ShopOpen/RemainingCategories/SubmitButton'

2018-12-04 11:51:23 - [MESSAGE][WARNING] - Timeout '0' is invalid. Using default page load timeout: '6'

2018-12-04 11:51:24 - [MESSAGE][PASSED] - Tapped on element 'Object Repository/ShopOpen/RemainingCategories/SubmitButton'

2018-12-04 11:51:24 - [TEST_STEP][PASSED] - verifyElementText: Actual text and expected text of test object 'Object Repository/ShopOpen/RemainingCategories/Validate_ProductCategoryAssetScreen' are matched.

2018-12-04 11:51:24 - [MESSAGE][PASSED] - Actual text and expected text of test object 'Object Repository/ShopOpen/RemainingCategories/Validate_ProductCategoryAssetScreen' are matched.

2018-12-04 11:51:24 - [TEST_STEP][PASSED] - tap: Tapped on element 'Object Repository/ShopOpen/RemainingCategories/StockTaking'

2018-12-04 11:51:25 - [MESSAGE][WARNING] - Timeout '0' is invalid. Using default page load timeout: '6'

2018-12-04 11:51:25 - [MESSAGE][PASSED] - Tapped on element 'Object Repository/ShopOpen/RemainingCategories/StockTaking'

2018-12-04 11:51:25 - [TEST_STEP][PASSED] - verifyElementText: Actual text and expected text of test object 'Object Repository/ShopOpen/RemainingCategories/Validate_StockTakingScreen' are matched.

2018-12-04 11:51:27 - [MESSAGE][PASSED] - Actual text and expected text of test object 'Object Repository/ShopOpen/RemainingCategories/Validate_StockTakingScreen' are matched.

2018-12-04 11:51:27 - [TEST_STEP][PASSED] - com.ct.qa.keywords.ChannelProductsDataKeywords.visitChannelWiseProductsData: com.ct.qa.keywords.ChannelProductsDataKeywords.visitChannelWiseProductsData is PASSED

2018-12-04 11:51:31 - [MESSAGE][PASSED] - Keyboard is hidden

2018-12-04 11:51:34 - [MESSAGE][PASSED] - Keyboard is hidden

2018-12-04 11:51:37 - [MESSAGE][PASSED] - Keyboard is hidden

2018-12-04 11:51:38 - [MESSAGE][PASSED] - com.ct.qa.keywords.ChannelProductsDataKeywords.visitChannelWiseProductsData is PASSED

2018-12-04 11:51:38 - [TEST_STEP][PASSED] - tap: Tapped on element 'Object Repository/ShopOpen/RemainingCategories/SubmitButton'

2018-12-04 11:51:38 - [MESSAGE][WARNING] - Timeout '0' is invalid. Using default page load timeout: '6'

2018-12-04 11:51:39 - [MESSAGE][PASSED] - Tapped on element 'Object Repository/ShopOpen/RemainingCategories/SubmitButton'

2018-12-04 11:51:39 - [TEST_STEP][PASSED] - verifyElementText: Actual text and expected text of test object 'Object Repository/ShopOpen/RemainingCategories/Validate_ProductCategoryAssetScreen' are matched.

2018-12-04 11:51:40 - [MESSAGE][PASSED] - Actual text and expected text of test object 'Object Repository/ShopOpen/RemainingCategories/Validate_ProductCategoryAssetScreen' are matched.

2018-12-04 11:51:40 - [TEST_STEP][PASSED] - com.ct.qa.keywords.CommonKeywords.visitPlanogramImageViewButton: com.ct.qa.keywords.CommonKeywords.visitPlanogramImageViewButton is PASSED

2018-12-04 11:51:41 - [MESSAGE][WARNING] - Timeout '0' is invalid. Using default page load timeout: '6'

2018-12-04 11:51:48 - [MESSAGE][WARNING] - Object Object Repository/CommonScreenElements/InfoPopUp_OKButton not found
[[ATTACHMENT|F:\\Git Projects\\MMA_Merchandising\\MMA_Merchandising\\Reports\\MMA Merchandising With Channel Wise Data Verification\\20181204_113351\\1543906307418.png]]

2018-12-04 11:51:48 - [MESSAGE][PASSED] - com.ct.qa.keywords.CommonKeywords.visitPlanogramImageViewButton is PASSED

2018-12-04 11:51:48 - [TEST_STEP][PASSED] - verifyElementText: Actual text and expected text of test object 'Object Repository/ShopOpen/RemainingCategories/Validate_ProductCategoryAssetScreen' are matched.

2018-12-04 11:51:49 - [MESSAGE][PASSED] - Actual text and expected text of test object 'Object Repository/ShopOpen/RemainingCategories/Validate_ProductCategoryAssetScreen' are matched.

2018-12-04 11:51:49 - [TEST_STEP][PASSED] - com.ct.qa.keywords.CommonKeywords.visitPictureImageViewButton: com.ct.qa.keywords.CommonKeywords.visitPictureImageViewButton is PASSED

2018-12-04 11:51:52 - [MESSAGE][WARNING] - Timeout '0' is invalid. Using default page load timeout: '6'

2018-12-04 11:51:53 - [MESSAGE][PASSED] - Element 'Object Repository/CommonScreenElements/Validate_CameraScreen' is exist

2018-12-04 11:51:53 - [MESSAGE][WARNING] - Timeout '0' is invalid. Using default page load timeout: '6'

2018-12-04 11:51:56 - [MESSAGE][PASSED] - Tapped on element 'Object Repository/CommonScreenElements/TakePictureButton'

2018-12-04 11:52:01 - [MESSAGE][PASSED] - Delayed 5 second(s)

2018-12-04 11:52:01 - [MESSAGE][WARNING] - Timeout '0' is invalid. Using default page load timeout: '6'

2018-12-04 11:52:02 - [MESSAGE][PASSED] - Tapped on element 'Object Repository/CommonScreenElements/DoneButton'

2018-12-04 11:52:02 - [MESSAGE][PASSED] - com.ct.qa.keywords.CommonKeywords.visitPictureImageViewButton is PASSED

2018-12-04 11:52:02 - [TEST_STEP][PASSED] - verifyElementText: Actual text and expected text of test object 'Object Repository/ShopOpen/RemainingCategories/Validate_ProductCategoryAssetScreen' are matched.

2018-12-04 11:52:03 - [MESSAGE][PASSED] - Actual text and expected text of test object 'Object Repository/ShopOpen/RemainingCategories/Validate_ProductCategoryAssetScreen' are matched.

2018-12-04 11:52:03 - [TEST_STEP][PASSED] - com.ct.qa.keywords.CommonKeywords.visitBackImageViewButton: com.ct.qa.keywords.CommonKeywords.visitBackImageViewButton is PASSED

2018-12-04 11:52:04 - [MESSAGE][PASSED] - com.ct.qa.keywords.CommonKeywords.visitBackImageViewButton is PASSED

2018-12-04 11:52:04 - [TEST_STEP][PASSED] - verifyElementExist: Element 'Object Repository/ShopOpen/Validate_ShopCategoriesListScreen' is exist

2018-12-04 11:52:04 - [MESSAGE][WARNING] - Timeout '0' is invalid. Using default page load timeout: '6'

2018-12-04 11:52:05 - [MESSAGE][PASSED] - Element 'Object Repository/ShopOpen/Validate_ShopCategoriesListScreen' is exist

2018-12-04 11:52:05 - [MESSAGE][PASSED] - Call Test Case 'Test Cases/ShopOpen/RemainingCategories/VisitRemainingCategoriesWithDSA' successfully

2018-12-04 11:52:06 - [MESSAGE][WARNING] - Timeout '0' is invalid. Using default page load timeout: '6'

2018-12-04 11:52:13 - [MESSAGE][WARNING] - Element 'Object Repository/CommonScreenElements/Validate_CameraScreen' not found
[[ATTACHMENT|F:\\Git Projects\\MMA_Merchandising\\MMA_Merchandising\\Reports\\MMA Merchandising With Channel Wise Data Verification\\20181204_113351\\1543906332959.png]]

2018-12-04 11:52:13 - [TEST_CASE][PASSED] - Test Cases/ShopOpen/RemainingCategories/VisitRemainingCategoriesWithDSA: Test Cases/ShopOpen/RemainingCategories/VisitRemainingCategoriesWithDSA

2018-12-04 11:52:13 - [TEST_STEP][PASSED] - verifyElementText: Actual text and expected text of test object 'Object Repository/ShopOpen/RemainingCategories/Validate_MainCategoryDetailScreen' are matched.

2018-12-04 11:52:14 - [MESSAGE][PASSED] - Actual text and expected text of test object 'Object Repository/ShopOpen/RemainingCategories/Validate_MainCategoryDetailScreen' are matched.

2018-12-04 11:52:14 - [TEST_STEP][PASSED] - tap: Tapped on element 'Object Repository/ShopOpen/RemainingCategories/DisplaySpaceAvailable'

2018-12-04 11:52:14 - [MESSAGE][WARNING] - Timeout '0' is invalid. Using default page load timeout: '6'

2018-12-04 11:52:15 - [MESSAGE][PASSED] - Tapped on element 'Object Repository/ShopOpen/RemainingCategories/DisplaySpaceAvailable'

2018-12-04 11:52:15 - [TEST_STEP][PASSED] - verifyElementText: Actual text and expected text of test object 'Object Repository/ShopOpen/RemainingCategories/Validate_ProductCategoryAssetScreen' are matched.

2018-12-04 11:52:16 - [MESSAGE][PASSED] - Actual text and expected text of test object 'Object Repository/ShopOpen/RemainingCategories/Validate_ProductCategoryAssetScreen' are matched.

2018-12-04 11:52:16 - [TEST_STEP][PASSED] - tap: Tapped on element 'Object Repository/ShopOpen/RemainingCategories/Facing'

2018-12-04 11:52:16 - [MESSAGE][WARNING] - Timeout '0' is invalid. Using default page load timeout: '6'

2018-12-04 11:52:17 - [MESSAGE][PASSED] - Tapped on element 'Object Repository/ShopOpen/RemainingCategories/Facing'

2018-12-04 11:52:17 - [TEST_STEP][PASSED] - verifyElementText: Actual text and expected text of test object 'Object Repository/ShopOpen/RemainingCategories/Validate_FacingScreen' are matched.

2018-12-04 11:52:19 - [MESSAGE][PASSED] - Actual text and expected text of test object 'Object Repository/ShopOpen/RemainingCategories/Validate_FacingScreen' are matched.

2018-12-04 11:52:19 - [TEST_STEP][PASSED] - com.ct.qa.keywords.ChannelProductsDataKeywords.visitChannelWiseProductsData: com.ct.qa.keywords.ChannelProductsDataKeywords.visitChannelWiseProductsData is PASSED

2018-12-04 11:52:24 - [MESSAGE][PASSED] - Keyboard is hidden

2018-12-04 11:52:27 - [MESSAGE][PASSED] - Keyboard is hidden

2018-12-04 11:52:30 - [MESSAGE][PASSED] - Keyboard is hidden

2018-12-04 11:52:33 - [MESSAGE][PASSED] - Keyboard is hidden

2018-12-04 11:52:36 - [MESSAGE][PASSED] - Keyboard is hidden

2018-12-04 11:52:39 - [MESSAGE][PASSED] - Keyboard is hidden

2018-12-04 11:52:41 - [MESSAGE][PASSED] - Swiped from 8,359 to 8,250

2018-12-04 11:52:45 - [MESSAGE][PASSED] - Keyboard is hidden

2018-12-04 11:52:46 - [MESSAGE][PASSED] - Swiped from 8,359 to 8,250

2018-12-04 11:52:50 - [MESSAGE][PASSED] - Keyboard is hidden

2018-12-04 11:52:51 - [MESSAGE][PASSED] - Swiped from 8,359 to 8,250

2018-12-04 11:52:55 - [MESSAGE][PASSED] - Keyboard is hidden

2018-12-04 11:52:56 - [MESSAGE][PASSED] - Swiped from 8,359 to 8,250

2018-12-04 11:53:00 - [MESSAGE][PASSED] - Keyboard is hidden

2018-12-04 11:53:01 - [MESSAGE][PASSED] - Swiped from 8,359 to 8,250

2018-12-04 11:53:05 - [MESSAGE][PASSED] - Keyboard is hidden

2018-12-04 11:53:06 - [MESSAGE][PASSED] - Swiped from 8,359 to 8,250

2018-12-04 11:53:07 - [MESSAGE][PASSED] - com.ct.qa.keywords.ChannelProductsDataKeywords.visitChannelWiseProductsData is PASSED

2018-12-04 11:53:07 - [TEST_STEP][PASSED] - tap: Tapped on element 'Object Repository/ShopOpen/RemainingCategories/SubmitButton'

2018-12-04 11:53:07 - [MESSAGE][WARNING] - Timeout '0' is invalid. Using default page load timeout: '6'

2018-12-04 11:53:08 - [MESSAGE][PASSED] - Tapped on element 'Object Repository/ShopOpen/RemainingCategories/SubmitButton'

2018-12-04 11:53:08 - [TEST_STEP][PASSED] - verifyElementText: Actual text and expected text of test object 'Object Repository/ShopOpen/RemainingCategories/Validate_ProductCategoryAssetScreen' are matched.

2018-12-04 11:53:10 - [MESSAGE][PASSED] - Actual text and expected text of test object 'Object Repository/ShopOpen/RemainingCategories/Validate_ProductCategoryAssetScreen' are matched.

2018-12-04 11:53:10 - [TEST_STEP][PASSED] - tap: Tapped on element 'Object Repository/ShopOpen/RemainingCategories/StockTaking'

2018-12-04 11:53:10 - [MESSAGE][WARNING] - Timeout '0' is invalid. Using default page load timeout: '6'

2018-12-04 11:53:10 - [MESSAGE][PASSED] - Tapped on element 'Object Repository/ShopOpen/RemainingCategories/StockTaking'

2018-12-04 11:53:10 - [TEST_STEP][PASSED] - verifyElementText: Actual text and expected text of test object 'Object Repository/ShopOpen/RemainingCategories/Validate_StockTakingScreen' are matched.

2018-12-04 11:53:12 - [MESSAGE][PASSED] - Actual text and expected text of test object 'Object Repository/ShopOpen/RemainingCategories/Validate_StockTakingScreen' are matched.

2018-12-04 11:53:12 - [TEST_STEP][PASSED] - com.ct.qa.keywords.ChannelProductsDataKeywords.visitChannelWiseProductsData: com.ct.qa.keywords.ChannelProductsDataKeywords.visitChannelWiseProductsData is PASSED

2018-12-04 11:53:16 - [MESSAGE][PASSED] - Keyboard is hidden

2018-12-04 11:53:19 - [MESSAGE][PASSED] - Keyboard is hidden

2018-12-04 11:53:22 - [MESSAGE][PASSED] - Keyboard is hidden

2018-12-04 11:53:25 - [MESSAGE][PASSED] - Keyboard is hidden

2018-12-04 11:53:28 - [MESSAGE][PASSED] - Keyboard is hidden

2018-12-04 11:53:31 - [MESSAGE][PASSED] - Keyboard is hidden

2018-12-04 11:53:33 - [MESSAGE][PASSED] - Swiped from 8,359 to 8,250

2018-12-04 11:53:37 - [MESSAGE][PASSED] - Keyboard is hidden

2018-12-04 11:53:38 - [MESSAGE][PASSED] - Swiped from 8,359 to 8,250

2018-12-04 11:53:42 - [MESSAGE][PASSED] - Keyboard is hidden

2018-12-04 11:53:43 - [MESSAGE][PASSED] - Swiped from 8,359 to 8,250

2018-12-04 11:53:47 - [MESSAGE][PASSED] - Keyboard is hidden

2018-12-04 11:53:48 - [MESSAGE][PASSED] - Swiped from 8,359 to 8,250

2018-12-04 11:53:52 - [MESSAGE][PASSED] - Keyboard is hidden

2018-12-04 11:53:53 - [MESSAGE][PASSED] - Swiped from 8,359 to 8,250

2018-12-04 11:53:57 - [MESSAGE][PASSED] - Keyboard is hidden

2018-12-04 11:53:58 - [MESSAGE][PASSED] - Swiped from 8,359 to 8,250

2018-12-04 11:53:59 - [MESSAGE][PASSED] - com.ct.qa.keywords.ChannelProductsDataKeywords.visitChannelWiseProductsData is PASSED

2018-12-04 11:53:59 - [TEST_STEP][PASSED] - tap: Tapped on element 'Object Repository/ShopOpen/RemainingCategories/SubmitButton'

2018-12-04 11:53:59 - [MESSAGE][WARNING] - Timeout '0' is invalid. Using default page load timeout: '6'

2018-12-04 11:54:00 - [MESSAGE][PASSED] - Tapped on element 'Object Repository/ShopOpen/RemainingCategories/SubmitButton'

2018-12-04 11:54:00 - [TEST_STEP][PASSED] - verifyElementText: Actual text and expected text of test object 'Object Repository/ShopOpen/RemainingCategories/Validate_ProductCategoryAssetScreen' are matched.

2018-12-04 11:54:01 - [MESSAGE][PASSED] - Actual text and expected text of test object 'Object Repository/ShopOpen/RemainingCategories/Validate_ProductCategoryAssetScreen' are matched.

2018-12-04 11:54:01 - [TEST_STEP][PASSED] - com.ct.qa.keywords.CommonKeywords.visitPlanogramImageViewButton: com.ct.qa.keywords.CommonKeywords.visitPlanogramImageViewButton is PASSED

2018-12-04 11:54:03 - [MESSAGE][WARNING] - Timeout '0' is invalid. Using default page load timeout: '6'

2018-12-04 11:54:10 - [MESSAGE][WARNING] - Object Object Repository/CommonScreenElements/InfoPopUp_OKButton not found
[[ATTACHMENT|F:\\Git Projects\\MMA_Merchandising\\MMA_Merchandising\\Reports\\MMA Merchandising With Channel Wise Data Verification\\20181204_113351\\1543906449293.png]]

2018-12-04 11:54:11 - [MESSAGE][PASSED] - com.ct.qa.keywords.CommonKeywords.visitPlanogramImageViewButton is PASSED

2018-12-04 11:54:11 - [TEST_STEP][PASSED] - verifyElementText: Actual text and expected text of test object 'Object Repository/ShopOpen/RemainingCategories/Validate_ProductCategoryAssetScreen' are matched.

2018-12-04 11:54:12 - [MESSAGE][PASSED] - Actual text and expected text of test object 'Object Repository/ShopOpen/RemainingCategories/Validate_ProductCategoryAssetScreen' are matched.

2018-12-04 11:54:12 - [TEST_STEP][PASSED] - com.ct.qa.keywords.CommonKeywords.visitPictureImageViewButton: com.ct.qa.keywords.CommonKeywords.visitPictureImageViewButton is PASSED

2018-12-04 11:54:14 - [MESSAGE][WARNING] - Timeout '0' is invalid. Using default page load timeout: '6'

2018-12-04 11:54:15 - [MESSAGE][PASSED] - Element 'Object Repository/CommonScreenElements/Validate_CameraScreen' is exist

2018-12-04 11:54:15 - [MESSAGE][WARNING] - Timeout '0' is invalid. Using default page load timeout: '6'

2018-12-04 11:54:18 - [MESSAGE][PASSED] - Tapped on element 'Object Repository/CommonScreenElements/TakePictureButton'

2018-12-04 11:54:23 - [MESSAGE][PASSED] - Delayed 5 second(s)

2018-12-04 11:54:23 - [MESSAGE][WARNING] - Timeout '0' is invalid. Using default page load timeout: '6'

2018-12-04 11:54:24 - [MESSAGE][PASSED] - Tapped on element 'Object Repository/CommonScreenElements/DoneButton'

2018-12-04 11:54:24 - [MESSAGE][PASSED] - com.ct.qa.keywords.CommonKeywords.visitPictureImageViewButton is PASSED

2018-12-04 11:54:24 - [TEST_STEP][PASSED] - verifyElementText: Actual text and expected text of test object 'Object Repository/ShopOpen/RemainingCategories/Validate_ProductCategoryAssetScreen' are matched.

2018-12-04 11:54:25 - [MESSAGE][PASSED] - Actual text and expected text of test object 'Object Repository/ShopOpen/RemainingCategories/Validate_ProductCategoryAssetScreen' are matched.

2018-12-04 11:54:25 - [TEST_STEP][PASSED] - com.ct.qa.keywords.CommonKeywords.visitBackImageViewButton: com.ct.qa.keywords.CommonKeywords.visitBackImageViewButton is PASSED

2018-12-04 11:54:26 - [MESSAGE][PASSED] - com.ct.qa.keywords.CommonKeywords.visitBackImageViewButton is PASSED

2018-12-04 11:54:26 - [TEST_STEP][PASSED] - verifyElementExist: Element 'Object Repository/ShopOpen/Validate_ShopCategoriesListScreen' is exist

2018-12-04 11:54:26 - [MESSAGE][WARNING] - Timeout '0' is invalid. Using default page load timeout: '6'

2018-12-04 11:54:27 - [MESSAGE][PASSED] - Element 'Object Repository/ShopOpen/Validate_ShopCategoriesListScreen' is exist

2018-12-04 11:54:27 - [MESSAGE][PASSED] - Call Test Case 'Test Cases/ShopOpen/RemainingCategories/VisitRemainingCategoriesWithDSA' successfully

2018-12-04 11:54:29 - [MESSAGE][PASSED] - Swiped from 0,293 to 0,200

2018-12-04 11:54:31 - [MESSAGE][WARNING] - Timeout '0' is invalid. Using default page load timeout: '6'

2018-12-04 11:54:38 - [MESSAGE][WARNING] - Element 'Object Repository/CommonScreenElements/Validate_CameraScreen' not found
[[ATTACHMENT|F:\\Git Projects\\MMA_Merchandising\\MMA_Merchandising\\Reports\\MMA Merchandising With Channel Wise Data Verification\\20181204_113351\\1543906477946.png]]

2018-12-04 11:54:38 - [TEST_CASE][PASSED] - Test Cases/ShopOpen/RemainingCategories/VisitRemainingCategoriesWithDSA: Test Cases/ShopOpen/RemainingCategories/VisitRemainingCategoriesWithDSA

2018-12-04 11:54:38 - [TEST_STEP][PASSED] - verifyElementText: Actual text and expected text of test object 'Object Repository/ShopOpen/RemainingCategories/Validate_MainCategoryDetailScreen' are matched.

2018-12-04 11:54:39 - [MESSAGE][PASSED] - Actual text and expected text of test object 'Object Repository/ShopOpen/RemainingCategories/Validate_MainCategoryDetailScreen' are matched.

2018-12-04 11:54:39 - [TEST_STEP][PASSED] - tap: Tapped on element 'Object Repository/ShopOpen/RemainingCategories/DisplaySpaceAvailable'

2018-12-04 11:54:39 - [MESSAGE][WARNING] - Timeout '0' is invalid. Using default page load timeout: '6'

2018-12-04 11:54:39 - [MESSAGE][PASSED] - Tapped on element 'Object Repository/ShopOpen/RemainingCategories/DisplaySpaceAvailable'

2018-12-04 11:54:39 - [TEST_STEP][PASSED] - verifyElementText: Actual text and expected text of test object 'Object Repository/ShopOpen/RemainingCategories/Validate_ProductCategoryAssetScreen' are matched.

2018-12-04 11:54:41 - [MESSAGE][PASSED] - Actual text and expected text of test object 'Object Repository/ShopOpen/RemainingCategories/Validate_ProductCategoryAssetScreen' are matched.

2018-12-04 11:54:41 - [TEST_STEP][PASSED] - tap: Tapped on element 'Object Repository/ShopOpen/RemainingCategories/Facing'

2018-12-04 11:54:41 - [MESSAGE][WARNING] - Timeout '0' is invalid. Using default page load timeout: '6'

2018-12-04 11:54:41 - [MESSAGE][PASSED] - Tapped on element 'Object Repository/ShopOpen/RemainingCategories/Facing'

2018-12-04 11:54:41 - [TEST_STEP][PASSED] - verifyElementText: Actual text and expected text of test object 'Object Repository/ShopOpen/RemainingCategories/Validate_FacingScreen' are matched.

2018-12-04 11:54:43 - [MESSAGE][PASSED] - Actual text and expected text of test object 'Object Repository/ShopOpen/RemainingCategories/Validate_FacingScreen' are matched.

2018-12-04 11:54:43 - [TEST_STEP][PASSED] - com.ct.qa.keywords.ChannelProductsDataKeywords.visitChannelWiseProductsData: com.ct.qa.keywords.ChannelProductsDataKeywords.visitChannelWiseProductsData is PASSED

2018-12-04 11:54:48 - [MESSAGE][PASSED] - Keyboard is hidden

2018-12-04 11:54:51 - [MESSAGE][PASSED] - Keyboard is hidden

2018-12-04 11:54:54 - [MESSAGE][PASSED] - Keyboard is hidden

2018-12-04 11:54:57 - [MESSAGE][PASSED] - Keyboard is hidden

2018-12-04 11:55:00 - [MESSAGE][PASSED] - Keyboard is hidden

2018-12-04 11:55:03 - [MESSAGE][PASSED] - Keyboard is hidden

2018-12-04 11:55:06 - [MESSAGE][PASSED] - Swiped from 117,359 to 117,250

2018-12-04 11:55:10 - [MESSAGE][PASSED] - Keyboard is hidden

2018-12-04 11:55:11 - [MESSAGE][PASSED] - Swiped from 117,359 to 117,250

2018-12-04 11:55:15 - [MESSAGE][PASSED] - Keyboard is hidden

2018-12-04 11:55:16 - [MESSAGE][PASSED] - Swiped from 117,359 to 117,250

2018-12-04 11:55:20 - [MESSAGE][PASSED] - Keyboard is hidden

2018-12-04 11:55:21 - [MESSAGE][PASSED] - Swiped from 117,359 to 117,250

2018-12-04 11:55:22 - [MESSAGE][PASSED] - com.ct.qa.keywords.ChannelProductsDataKeywords.visitChannelWiseProductsData is PASSED

2018-12-04 11:55:22 - [TEST_STEP][PASSED] - tap: Tapped on element 'Object Repository/ShopOpen/RemainingCategories/SubmitButton'

2018-12-04 11:55:22 - [MESSAGE][WARNING] - Timeout '0' is invalid. Using default page load timeout: '6'

2018-12-04 11:55:23 - [MESSAGE][PASSED] - Tapped on element 'Object Repository/ShopOpen/RemainingCategories/SubmitButton'

2018-12-04 11:55:23 - [TEST_STEP][PASSED] - verifyElementText: Actual text and expected text of test object 'Object Repository/ShopOpen/RemainingCategories/Validate_ProductCategoryAssetScreen' are matched.

2018-12-04 11:55:24 - [MESSAGE][PASSED] - Actual text and expected text of test object 'Object Repository/ShopOpen/RemainingCategories/Validate_ProductCategoryAssetScreen' are matched.

2018-12-04 11:55:24 - [TEST_STEP][PASSED] - tap: Tapped on element 'Object Repository/ShopOpen/RemainingCategories/StockTaking'

2018-12-04 11:55:24 - [MESSAGE][WARNING] - Timeout '0' is invalid. Using default page load timeout: '6'

2018-12-04 11:55:25 - [MESSAGE][PASSED] - Tapped on element 'Object Repository/ShopOpen/RemainingCategories/StockTaking'

2018-12-04 11:55:25 - [TEST_STEP][PASSED] - verifyElementText: Actual text and expected text of test object 'Object Repository/ShopOpen/RemainingCategories/Validate_StockTakingScreen' are matched.

2018-12-04 11:55:27 - [MESSAGE][PASSED] - Actual text and expected text of test object 'Object Repository/ShopOpen/RemainingCategories/Validate_StockTakingScreen' are matched.

2018-12-04 11:55:27 - [TEST_STEP][PASSED] - com.ct.qa.keywords.ChannelProductsDataKeywords.visitChannelWiseProductsData: com.ct.qa.keywords.ChannelProductsDataKeywords.visitChannelWiseProductsData is PASSED

2018-12-04 11:55:31 - [MESSAGE][PASSED] - Keyboard is hidden

2018-12-04 11:55:34 - [MESSAGE][PASSED] - Keyboard is hidden

2018-12-04 11:55:37 - [MESSAGE][PASSED] - Keyboard is hidden

2018-12-04 11:55:40 - [MESSAGE][PASSED] - Keyboard is hidden

2018-12-04 11:55:43 - [MESSAGE][PASSED] - Keyboard is hidden

2018-12-04 11:55:46 - [MESSAGE][PASSED] - Keyboard is hidden

2018-12-04 11:55:49 - [MESSAGE][PASSED] - Swiped from 117,359 to 117,250

2018-12-04 11:55:53 - [MESSAGE][PASSED] - Keyboard is hidden

2018-12-04 11:55:54 - [MESSAGE][PASSED] - Swiped from 117,359 to 117,250

2018-12-04 11:55:58 - [MESSAGE][PASSED] - Keyboard is hidden

2018-12-04 11:55:59 - [MESSAGE][PASSED] - Swiped from 117,359 to 117,250

2018-12-04 11:56:03 - [MESSAGE][PASSED] - Keyboard is hidden

2018-12-04 11:56:04 - [MESSAGE][PASSED] - Swiped from 117,359 to 117,250

2018-12-04 11:56:05 - [MESSAGE][PASSED] - com.ct.qa.keywords.ChannelProductsDataKeywords.visitChannelWiseProductsData is PASSED

2018-12-04 11:56:05 - [TEST_STEP][PASSED] - tap: Tapped on element 'Object Repository/ShopOpen/RemainingCategories/SubmitButton'

2018-12-04 11:56:05 - [MESSAGE][WARNING] - Timeout '0' is invalid. Using default page load timeout: '6'

2018-12-04 11:56:06 - [MESSAGE][PASSED] - Tapped on element 'Object Repository/ShopOpen/RemainingCategories/SubmitButton'

2018-12-04 11:56:06 - [TEST_STEP][PASSED] - verifyElementText: Actual text and expected text of test object 'Object Repository/ShopOpen/RemainingCategories/Validate_ProductCategoryAssetScreen' are matched.

2018-12-04 11:56:07 - [MESSAGE][PASSED] - Actual text and expected text of test object 'Object Repository/ShopOpen/RemainingCategories/Validate_ProductCategoryAssetScreen' are matched.

2018-12-04 11:56:07 - [TEST_STEP][PASSED] - com.ct.qa.keywords.CommonKeywords.visitPlanogramImageViewButton: com.ct.qa.keywords.CommonKeywords.visitPlanogramImageViewButton is PASSED

2018-12-04 11:56:08 - [MESSAGE][WARNING] - Timeout '0' is invalid. Using default page load timeout: '6'

2018-12-04 11:56:10 - [MESSAGE][PASSED] - Tapped on element 'Object Repository/CommonScreenElements/InfoPopUp_OKButton'

2018-12-04 11:56:12 - [MESSAGE][PASSED] - com.ct.qa.keywords.CommonKeywords.visitPlanogramImageViewButton is PASSED

2018-12-04 11:56:12 - [TEST_STEP][PASSED] - verifyElementText: Actual text and expected text of test object 'Object Repository/ShopOpen/RemainingCategories/Validate_ProductCategoryAssetScreen' are matched.

2018-12-04 11:56:13 - [MESSAGE][PASSED] - Actual text and expected text of test object 'Object Repository/ShopOpen/RemainingCategories/Validate_ProductCategoryAssetScreen' are matched.

2018-12-04 11:56:13 - [TEST_STEP][PASSED] - com.ct.qa.keywords.CommonKeywords.visitPictureImageViewButton: com.ct.qa.keywords.CommonKeywords.visitPictureImageViewButton is PASSED

2018-12-04 11:56:15 - [MESSAGE][WARNING] - Timeout '0' is invalid. Using default page load timeout: '6'

2018-12-04 11:56:16 - [MESSAGE][PASSED] - Element 'Object Repository/CommonScreenElements/Validate_CameraScreen' is exist

2018-12-04 11:56:16 - [MESSAGE][WARNING] - Timeout '0' is invalid. Using default page load timeout: '6'

2018-12-04 11:56:19 - [MESSAGE][PASSED] - Tapped on element 'Object Repository/CommonScreenElements/TakePictureButton'

2018-12-04 11:56:24 - [MESSAGE][PASSED] - Delayed 5 second(s)

2018-12-04 11:56:24 - [MESSAGE][WARNING] - Timeout '0' is invalid. Using default page load timeout: '6'

2018-12-04 11:56:25 - [MESSAGE][PASSED] - Tapped on element 'Object Repository/CommonScreenElements/DoneButton'

2018-12-04 11:56:25 - [MESSAGE][PASSED] - com.ct.qa.keywords.CommonKeywords.visitPictureImageViewButton is PASSED

2018-12-04 11:56:25 - [TEST_STEP][PASSED] - verifyElementText: Actual text and expected text of test object 'Object Repository/ShopOpen/RemainingCategories/Validate_ProductCategoryAssetScreen' are matched.

2018-12-04 11:56:27 - [MESSAGE][PASSED] - Actual text and expected text of test object 'Object Repository/ShopOpen/RemainingCategories/Validate_ProductCategoryAssetScreen' are matched.

2018-12-04 11:56:27 - [TEST_STEP][PASSED] - com.ct.qa.keywords.CommonKeywords.visitBackImageViewButton: com.ct.qa.keywords.CommonKeywords.visitBackImageViewButton is PASSED

2018-12-04 11:56:28 - [MESSAGE][PASSED] - com.ct.qa.keywords.CommonKeywords.visitBackImageViewButton is PASSED

2018-12-04 11:56:28 - [TEST_STEP][PASSED] - verifyElementExist: Element 'Object Repository/ShopOpen/Validate_ShopCategoriesListScreen' is exist

2018-12-04 11:56:28 - [MESSAGE][WARNING] - Timeout '0' is invalid. Using default page load timeout: '6'

2018-12-04 11:56:29 - [MESSAGE][PASSED] - Element 'Object Repository/ShopOpen/Validate_ShopCategoriesListScreen' is exist

2018-12-04 11:56:29 - [MESSAGE][PASSED] - Call Test Case 'Test Cases/ShopOpen/RemainingCategories/VisitRemainingCategoriesWithDSA' successfully

2018-12-04 11:56:30 - [MESSAGE][PASSED] - Swiped from 0,293 to 0,200

2018-12-04 11:56:34 - [MESSAGE][PASSED] - Swiped from 0,293 to 0,200

2018-12-04 11:56:37 - [MESSAGE][WARNING] - Timeout '0' is invalid. Using default page load timeout: '6'

2018-12-04 11:56:44 - [MESSAGE][WARNING] - Element 'Object Repository/CommonScreenElements/Validate_CameraScreen' not found
[[ATTACHMENT|F:\\Git Projects\\MMA_Merchandising\\MMA_Merchandising\\Reports\\MMA Merchandising With Channel Wise Data Verification\\20181204_113351\\1543906603896.png]]

2018-12-04 11:56:45 - [TEST_CASE][PASSED] - Test Cases/ShopOpen/RemainingCategories/VisitRemainingCategoriesWithDSA: Test Cases/ShopOpen/RemainingCategories/VisitRemainingCategoriesWithDSA

2018-12-04 11:56:45 - [TEST_STEP][PASSED] - verifyElementText: Actual text and expected text of test object 'Object Repository/ShopOpen/RemainingCategories/Validate_MainCategoryDetailScreen' are matched.

2018-12-04 11:56:45 - [MESSAGE][PASSED] - Actual text and expected text of test object 'Object Repository/ShopOpen/RemainingCategories/Validate_MainCategoryDetailScreen' are matched.

2018-12-04 11:56:45 - [TEST_STEP][PASSED] - tap: Tapped on element 'Object Repository/ShopOpen/RemainingCategories/DisplaySpaceAvailable'

2018-12-04 11:56:45 - [MESSAGE][WARNING] - Timeout '0' is invalid. Using default page load timeout: '6'

2018-12-04 11:56:45 - [MESSAGE][PASSED] - Tapped on element 'Object Repository/ShopOpen/RemainingCategories/DisplaySpaceAvailable'

2018-12-04 11:56:45 - [TEST_STEP][PASSED] - verifyElementText: Actual text and expected text of test object 'Object Repository/ShopOpen/RemainingCategories/Validate_ProductCategoryAssetScreen' are matched.

2018-12-04 11:56:47 - [MESSAGE][PASSED] - Actual text and expected text of test object 'Object Repository/ShopOpen/RemainingCategories/Validate_ProductCategoryAssetScreen' are matched.

2018-12-04 11:56:47 - [TEST_STEP][PASSED] - tap: Tapped on element 'Object Repository/ShopOpen/RemainingCategories/Facing'

2018-12-04 11:56:47 - [MESSAGE][WARNING] - Timeout '0' is invalid. Using default page load timeout: '6'

2018-12-04 11:56:48 - [MESSAGE][PASSED] - Tapped on element 'Object Repository/ShopOpen/RemainingCategories/Facing'

2018-12-04 11:56:48 - [TEST_STEP][PASSED] - verifyElementText: Actual text and expected text of test object 'Object Repository/ShopOpen/RemainingCategories/Validate_FacingScreen' are matched.

2018-12-04 11:56:50 - [MESSAGE][PASSED] - Actual text and expected text of test object 'Object Repository/ShopOpen/RemainingCategories/Validate_FacingScreen' are matched.

2018-12-04 11:56:50 - [TEST_STEP][PASSED] - com.ct.qa.keywords.ChannelProductsDataKeywords.visitChannelWiseProductsData: com.ct.qa.keywords.ChannelProductsDataKeywords.visitChannelWiseProductsData is PASSED

2018-12-04 11:56:54 - [MESSAGE][PASSED] - Keyboard is hidden

2018-12-04 11:56:57 - [MESSAGE][PASSED] - Keyboard is hidden

2018-12-04 11:57:00 - [MESSAGE][PASSED] - Keyboard is hidden

2018-12-04 11:57:03 - [MESSAGE][PASSED] - Keyboard is hidden

2018-12-04 11:57:04 - [MESSAGE][PASSED] - com.ct.qa.keywords.ChannelProductsDataKeywords.visitChannelWiseProductsData is PASSED

2018-12-04 11:57:04 - [TEST_STEP][PASSED] - tap: Tapped on element 'Object Repository/ShopOpen/RemainingCategories/SubmitButton'

2018-12-04 11:57:04 - [MESSAGE][WARNING] - Timeout '0' is invalid. Using default page load timeout: '6'

2018-12-04 11:57:05 - [MESSAGE][PASSED] - Tapped on element 'Object Repository/ShopOpen/RemainingCategories/SubmitButton'

2018-12-04 11:57:05 - [TEST_STEP][PASSED] - verifyElementText: Actual text and expected text of test object 'Object Repository/ShopOpen/RemainingCategories/Validate_ProductCategoryAssetScreen' are matched.

2018-12-04 11:57:06 - [MESSAGE][PASSED] - Actual text and expected text of test object 'Object Repository/ShopOpen/RemainingCategories/Validate_ProductCategoryAssetScreen' are matched.

2018-12-04 11:57:06 - [TEST_STEP][PASSED] - tap: Tapped on element 'Object Repository/ShopOpen/RemainingCategories/StockTaking'

2018-12-04 11:57:06 - [MESSAGE][WARNING] - Timeout '0' is invalid. Using default page load timeout: '6'

2018-12-04 11:57:06 - [MESSAGE][PASSED] - Tapped on element 'Object Repository/ShopOpen/RemainingCategories/StockTaking'

2018-12-04 11:57:06 - [TEST_STEP][PASSED] - verifyElementText: Actual text and expected text of test object 'Object Repository/ShopOpen/RemainingCategories/Validate_StockTakingScreen' are matched.

2018-12-04 11:57:08 - [MESSAGE][PASSED] - Actual text and expected text of test object 'Object Repository/ShopOpen/RemainingCategories/Validate_StockTakingScreen' are matched.

2018-12-04 11:57:08 - [TEST_STEP][PASSED] - com.ct.qa.keywords.ChannelProductsDataKeywords.visitChannelWiseProductsData: com.ct.qa.keywords.ChannelProductsDataKeywords.visitChannelWiseProductsData is PASSED

2018-12-04 11:57:13 - [MESSAGE][PASSED] - Keyboard is hidden

2018-12-04 11:57:16 - [MESSAGE][PASSED] - Keyboard is hidden

2018-12-04 11:57:19 - [MESSAGE][PASSED] - Keyboard is hidden

2018-12-04 11:57:22 - [MESSAGE][PASSED] - Keyboard is hidden

2018-12-04 11:57:23 - [MESSAGE][PASSED] - com.ct.qa.keywords.ChannelProductsDataKeywords.visitChannelWiseProductsData is PASSED

2018-12-04 11:57:23 - [TEST_STEP][PASSED] - tap: Tapped on element 'Object Repository/ShopOpen/RemainingCategories/SubmitButton'

2018-12-04 11:57:23 - [MESSAGE][WARNING] - Timeout '0' is invalid. Using default page load timeout: '6'

2018-12-04 11:57:24 - [MESSAGE][PASSED] - Tapped on element 'Object Repository/ShopOpen/RemainingCategories/SubmitButton'

2018-12-04 11:57:24 - [TEST_STEP][PASSED] - verifyElementText: Actual text and expected text of test object 'Object Repository/ShopOpen/RemainingCategories/Validate_ProductCategoryAssetScreen' are matched.

2018-12-04 11:57:25 - [MESSAGE][PASSED] - Actual text and expected text of test object 'Object Repository/ShopOpen/RemainingCategories/Validate_ProductCategoryAssetScreen' are matched.

2018-12-04 11:57:25 - [TEST_STEP][PASSED] - com.ct.qa.keywords.CommonKeywords.visitPlanogramImageViewButton: com.ct.qa.keywords.CommonKeywords.visitPlanogramImageViewButton is PASSED

2018-12-04 11:57:26 - [MESSAGE][WARNING] - Timeout '0' is invalid. Using default page load timeout: '6'

2018-12-04 11:57:33 - [MESSAGE][WARNING] - Object Object Repository/CommonScreenElements/InfoPopUp_OKButton not found
[[ATTACHMENT|F:\\Git Projects\\MMA_Merchandising\\MMA_Merchandising\\Reports\\MMA Merchandising With Channel Wise Data Verification\\20181204_113351\\1543906652436.png]]

2018-12-04 11:57:34 - [MESSAGE][PASSED] - com.ct.qa.keywords.CommonKeywords.visitPlanogramImageViewButton is PASSED

2018-12-04 11:57:34 - [TEST_STEP][PASSED] - verifyElementText: Actual text and expected text of test object 'Object Repository/ShopOpen/RemainingCategories/Validate_ProductCategoryAssetScreen' are matched.

2018-12-04 11:57:35 - [MESSAGE][PASSED] - Actual text and expected text of test object 'Object Repository/ShopOpen/RemainingCategories/Validate_ProductCategoryAssetScreen' are matched.

2018-12-04 11:57:35 - [TEST_STEP][PASSED] - com.ct.qa.keywords.CommonKeywords.visitPictureImageViewButton: com.ct.qa.keywords.CommonKeywords.visitPictureImageViewButton is PASSED

2018-12-04 11:57:37 - [MESSAGE][WARNING] - Timeout '0' is invalid. Using default page load timeout: '6'

2018-12-04 11:57:38 - [MESSAGE][PASSED] - Element 'Object Repository/CommonScreenElements/Validate_CameraScreen' is exist

2018-12-04 11:57:38 - [MESSAGE][WARNING] - Timeout '0' is invalid. Using default page load timeout: '6'

2018-12-04 11:57:42 - [MESSAGE][PASSED] - Tapped on element 'Object Repository/CommonScreenElements/TakePictureButton'

2018-12-04 11:57:47 - [MESSAGE][PASSED] - Delayed 5 second(s)

2018-12-04 11:57:47 - [MESSAGE][WARNING] - Timeout '0' is invalid. Using default page load timeout: '6'

2018-12-04 11:57:48 - [MESSAGE][PASSED] - Tapped on element 'Object Repository/CommonScreenElements/DoneButton'

2018-12-04 11:57:48 - [MESSAGE][PASSED] - com.ct.qa.keywords.CommonKeywords.visitPictureImageViewButton is PASSED

2018-12-04 11:57:48 - [TEST_STEP][PASSED] - verifyElementText: Actual text and expected text of test object 'Object Repository/ShopOpen/RemainingCategories/Validate_ProductCategoryAssetScreen' are matched.

2018-12-04 11:57:48 - [MESSAGE][PASSED] - Actual text and expected text of test object 'Object Repository/ShopOpen/RemainingCategories/Validate_ProductCategoryAssetScreen' are matched.

2018-12-04 11:57:48 - [TEST_STEP][PASSED] - com.ct.qa.keywords.CommonKeywords.visitBackImageViewButton: com.ct.qa.keywords.CommonKeywords.visitBackImageViewButton is PASSED

2018-12-04 11:57:50 - [MESSAGE][PASSED] - com.ct.qa.keywords.CommonKeywords.visitBackImageViewButton is PASSED

2018-12-04 11:57:50 - [TEST_STEP][PASSED] - verifyElementExist: Element 'Object Repository/ShopOpen/Validate_ShopCategoriesListScreen' is exist

2018-12-04 11:57:50 - [MESSAGE][WARNING] - Timeout '0' is invalid. Using default page load timeout: '6'

2018-12-04 11:57:51 - [MESSAGE][PASSED] - Element 'Object Repository/ShopOpen/Validate_ShopCategoriesListScreen' is exist

2018-12-04 11:57:51 - [MESSAGE][PASSED] - Call Test Case 'Test Cases/ShopOpen/RemainingCategories/VisitRemainingCategoriesWithDSA' successfully

2018-12-04 11:57:52 - [MESSAGE][PASSED] - Swiped from 0,293 to 0,200

2018-12-04 11:57:54 - [MESSAGE][PASSED] - Swiped from 0,293 to 0,200

2018-12-04 11:57:57 - [MESSAGE][PASSED] - Swiped from 0,293 to 0,200

2018-12-04 11:58:00 - [MESSAGE][WARNING] - Timeout '0' is invalid. Using default page load timeout: '6'

2018-12-04 11:58:07 - [MESSAGE][WARNING] - Element 'Object Repository/CommonScreenElements/Validate_CameraScreen' not found
[[ATTACHMENT|F:\\Git Projects\\MMA_Merchandising\\MMA_Merchandising\\Reports\\MMA Merchandising With Channel Wise Data Verification\\20181204_113351\\1543906686970.png]]

2018-12-04 11:58:08 - [TEST_CASE][PASSED] - Test Cases/ShopOpen/RemainingCategories/VisitRemainingCategoriesWithDSA: Test Cases/ShopOpen/RemainingCategories/VisitRemainingCategoriesWithDSA

2018-12-04 11:58:08 - [TEST_STEP][PASSED] - verifyElementText: Actual text and expected text of test object 'Object Repository/ShopOpen/RemainingCategories/Validate_MainCategoryDetailScreen' are matched.

2018-12-04 11:58:08 - [MESSAGE][PASSED] - Actual text and expected text of test object 'Object Repository/ShopOpen/RemainingCategories/Validate_MainCategoryDetailScreen' are matched.

2018-12-04 11:58:08 - [TEST_STEP][PASSED] - tap: Tapped on element 'Object Repository/ShopOpen/RemainingCategories/DisplaySpaceAvailable'

2018-12-04 11:58:08 - [MESSAGE][WARNING] - Timeout '0' is invalid. Using default page load timeout: '6'

2018-12-04 11:58:08 - [MESSAGE][PASSED] - Tapped on element 'Object Repository/ShopOpen/RemainingCategories/DisplaySpaceAvailable'

2018-12-04 11:58:08 - [TEST_STEP][PASSED] - verifyElementText: Actual text and expected text of test object 'Object Repository/ShopOpen/RemainingCategories/Validate_ProductCategoryAssetScreen' are matched.

2018-12-04 11:58:10 - [MESSAGE][PASSED] - Actual text and expected text of test object 'Object Repository/ShopOpen/RemainingCategories/Validate_ProductCategoryAssetScreen' are matched.

2018-12-04 11:58:10 - [TEST_STEP][PASSED] - tap: Tapped on element 'Object Repository/ShopOpen/RemainingCategories/Facing'

2018-12-04 11:58:10 - [MESSAGE][WARNING] - Timeout '0' is invalid. Using default page load timeout: '6'

2018-12-04 11:58:11 - [MESSAGE][PASSED] - Tapped on element 'Object Repository/ShopOpen/RemainingCategories/Facing'

2018-12-04 11:58:11 - [TEST_STEP][PASSED] - verifyElementText: Actual text and expected text of test object 'Object Repository/ShopOpen/RemainingCategories/Validate_FacingScreen' are matched.

2018-12-04 11:58:12 - [MESSAGE][PASSED] - Actual text and expected text of test object 'Object Repository/ShopOpen/RemainingCategories/Validate_FacingScreen' are matched.

2018-12-04 11:58:12 - [TEST_STEP][PASSED] - com.ct.qa.keywords.ChannelProductsDataKeywords.visitChannelWiseProductsData: com.ct.qa.keywords.ChannelProductsDataKeywords.visitChannelWiseProductsData is PASSED

2018-12-04 11:58:16 - [MESSAGE][PASSED] - Keyboard is hidden

2018-12-04 11:58:19 - [MESSAGE][PASSED] - Keyboard is hidden

2018-12-04 11:58:22 - [MESSAGE][PASSED] - Keyboard is hidden

2018-12-04 11:58:23 - [MESSAGE][PASSED] - com.ct.qa.keywords.ChannelProductsDataKeywords.visitChannelWiseProductsData is PASSED

2018-12-04 11:58:23 - [TEST_STEP][PASSED] - tap: Tapped on element 'Object Repository/ShopOpen/RemainingCategories/SubmitButton'

2018-12-04 11:58:23 - [MESSAGE][WARNING] - Timeout '0' is invalid. Using default page load timeout: '6'

2018-12-04 11:58:24 - [MESSAGE][PASSED] - Tapped on element 'Object Repository/ShopOpen/RemainingCategories/SubmitButton'

2018-12-04 11:58:24 - [TEST_STEP][PASSED] - verifyElementText: Actual text and expected text of test object 'Object Repository/ShopOpen/RemainingCategories/Validate_ProductCategoryAssetScreen' are matched.

2018-12-04 11:58:25 - [MESSAGE][PASSED] - Actual text and expected text of test object 'Object Repository/ShopOpen/RemainingCategories/Validate_ProductCategoryAssetScreen' are matched.

2018-12-04 11:58:25 - [TEST_STEP][PASSED] - tap: Tapped on element 'Object Repository/ShopOpen/RemainingCategories/StockTaking'

2018-12-04 11:58:25 - [MESSAGE][WARNING] - Timeout '0' is invalid. Using default page load timeout: '6'

2018-12-04 11:58:25 - [MESSAGE][PASSED] - Tapped on element 'Object Repository/ShopOpen/RemainingCategories/StockTaking'

2018-12-04 11:58:25 - [TEST_STEP][PASSED] - verifyElementText: Actual text and expected text of test object 'Object Repository/ShopOpen/RemainingCategories/Validate_StockTakingScreen' are matched.

2018-12-04 11:58:27 - [MESSAGE][PASSED] - Actual text and expected text of test object 'Object Repository/ShopOpen/RemainingCategories/Validate_StockTakingScreen' are matched.

2018-12-04 11:58:27 - [TEST_STEP][PASSED] - com.ct.qa.keywords.ChannelProductsDataKeywords.visitChannelWiseProductsData: com.ct.qa.keywords.ChannelProductsDataKeywords.visitChannelWiseProductsData is PASSED

2018-12-04 11:58:31 - [MESSAGE][PASSED] - Keyboard is hidden

2018-12-04 11:58:34 - [MESSAGE][PASSED] - Keyboard is hidden

2018-12-04 11:58:37 - [MESSAGE][PASSED] - Keyboard is hidden

2018-12-04 11:58:38 - [MESSAGE][PASSED] - com.ct.qa.keywords.ChannelProductsDataKeywords.visitChannelWiseProductsData is PASSED

2018-12-04 11:58:38 - [TEST_STEP][PASSED] - tap: Tapped on element 'Object Repository/ShopOpen/RemainingCategories/SubmitButton'

2018-12-04 11:58:38 - [MESSAGE][WARNING] - Timeout '0' is invalid. Using default page load timeout: '6'

2018-12-04 11:58:39 - [MESSAGE][PASSED] - Tapped on element 'Object Repository/ShopOpen/RemainingCategories/SubmitButton'

2018-12-04 11:58:39 - [TEST_STEP][PASSED] - verifyElementText: Actual text and expected text of test object 'Object Repository/ShopOpen/RemainingCategories/Validate_ProductCategoryAssetScreen' are matched.

2018-12-04 11:58:39 - [MESSAGE][PASSED] - Actual text and expected text of test object 'Object Repository/ShopOpen/RemainingCategories/Validate_ProductCategoryAssetScreen' are matched.

2018-12-04 11:58:39 - [TEST_STEP][PASSED] - com.ct.qa.keywords.CommonKeywords.visitPlanogramImageViewButton: com.ct.qa.keywords.CommonKeywords.visitPlanogramImageViewButton is PASSED

2018-12-04 11:58:41 - [MESSAGE][WARNING] - Timeout '0' is invalid. Using default page load timeout: '6'

2018-12-04 11:58:48 - [MESSAGE][WARNING] - Object Object Repository/CommonScreenElements/InfoPopUp_OKButton not found
[[ATTACHMENT|F:\\Git Projects\\MMA_Merchandising\\MMA_Merchandising\\Reports\\MMA Merchandising With Channel Wise Data Verification\\20181204_113351\\1543906727405.png]]

2018-12-04 11:58:49 - [MESSAGE][PASSED] - com.ct.qa.keywords.CommonKeywords.visitPlanogramImageViewButton is PASSED

2018-12-04 11:58:49 - [TEST_STEP][PASSED] - verifyElementText: Actual text and expected text of test object 'Object Repository/ShopOpen/RemainingCategories/Validate_ProductCategoryAssetScreen' are matched.

2018-12-04 11:58:49 - [MESSAGE][PASSED] - Actual text and expected text of test object 'Object Repository/ShopOpen/RemainingCategories/Validate_ProductCategoryAssetScreen' are matched.

2018-12-04 11:58:49 - [TEST_STEP][PASSED] - com.ct.qa.keywords.CommonKeywords.visitPictureImageViewButton: com.ct.qa.keywords.CommonKeywords.visitPictureImageViewButton is PASSED

2018-12-04 11:58:52 - [MESSAGE][WARNING] - Timeout '0' is invalid. Using default page load timeout: '6'

2018-12-04 11:58:53 - [MESSAGE][PASSED] - Element 'Object Repository/CommonScreenElements/Validate_CameraScreen' is exist

2018-12-04 11:58:53 - [MESSAGE][WARNING] - Timeout '0' is invalid. Using default page load timeout: '6'

2018-12-04 11:58:56 - [MESSAGE][PASSED] - Tapped on element 'Object Repository/CommonScreenElements/TakePictureButton'

2018-12-04 11:59:01 - [MESSAGE][PASSED] - Delayed 5 second(s)

2018-12-04 11:59:01 - [MESSAGE][WARNING] - Timeout '0' is invalid. Using default page load timeout: '6'

2018-12-04 11:59:02 - [MESSAGE][PASSED] - Tapped on element 'Object Repository/CommonScreenElements/DoneButton'

2018-12-04 11:59:02 - [MESSAGE][PASSED] - com.ct.qa.keywords.CommonKeywords.visitPictureImageViewButton is PASSED

2018-12-04 11:59:02 - [TEST_STEP][PASSED] - verifyElementText: Actual text and expected text of test object 'Object Repository/ShopOpen/RemainingCategories/Validate_ProductCategoryAssetScreen' are matched.

2018-12-04 11:59:03 - [MESSAGE][PASSED] - Actual text and expected text of test object 'Object Repository/ShopOpen/RemainingCategories/Validate_ProductCategoryAssetScreen' are matched.

2018-12-04 11:59:03 - [TEST_STEP][PASSED] - com.ct.qa.keywords.CommonKeywords.visitBackImageViewButton: com.ct.qa.keywords.CommonKeywords.visitBackImageViewButton is PASSED

2018-12-04 11:59:05 - [MESSAGE][PASSED] - com.ct.qa.keywords.CommonKeywords.visitBackImageViewButton is PASSED

2018-12-04 11:59:05 - [TEST_STEP][PASSED] - verifyElementExist: Element 'Object Repository/ShopOpen/Validate_ShopCategoriesListScreen' is exist

2018-12-04 11:59:05 - [MESSAGE][WARNING] - Timeout '0' is invalid. Using default page load timeout: '6'

2018-12-04 11:59:06 - [MESSAGE][PASSED] - Element 'Object Repository/ShopOpen/Validate_ShopCategoriesListScreen' is exist

2018-12-04 11:59:06 - [MESSAGE][PASSED] - Call Test Case 'Test Cases/ShopOpen/RemainingCategories/VisitRemainingCategoriesWithDSA' successfully

2018-12-04 11:59:07 - [MESSAGE][PASSED] - Swiped from 0,293 to 0,200

2018-12-04 11:59:09 - [MESSAGE][PASSED] - Swiped from 0,293 to 0,200

2018-12-04 11:59:11 - [MESSAGE][PASSED] - Swiped from 0,293 to 0,200

2018-12-04 11:59:14 - [MESSAGE][PASSED] - Swiped from 0,293 to 0,200

2018-12-04 11:59:16 - [MESSAGE][WARNING] - Timeout '0' is invalid. Using default page load timeout: '6'

2018-12-04 11:59:23 - [MESSAGE][WARNING] - Element 'Object Repository/CommonScreenElements/Validate_CameraScreen' not found
[[ATTACHMENT|F:\\Git Projects\\MMA_Merchandising\\MMA_Merchandising\\Reports\\MMA Merchandising With Channel Wise Data Verification\\20181204_113351\\1543906762966.png]]

2018-12-04 11:59:23 - [TEST_CASE][PASSED] - Test Cases/ShopOpen/RemainingCategories/VisitRemainingCategoriesWithDSA: Test Cases/ShopOpen/RemainingCategories/VisitRemainingCategoriesWithDSA

2018-12-04 11:59:23 - [TEST_STEP][PASSED] - verifyElementText: Actual text and expected text of test object 'Object Repository/ShopOpen/RemainingCategories/Validate_MainCategoryDetailScreen' are matched.

2018-12-04 11:59:24 - [MESSAGE][PASSED] - Actual text and expected text of test object 'Object Repository/ShopOpen/RemainingCategories/Validate_MainCategoryDetailScreen' are matched.

2018-12-04 11:59:24 - [TEST_STEP][PASSED] - tap: Tapped on element 'Object Repository/ShopOpen/RemainingCategories/DisplaySpaceAvailable'

2018-12-04 11:59:24 - [MESSAGE][WARNING] - Timeout '0' is invalid. Using default page load timeout: '6'

2018-12-04 11:59:24 - [MESSAGE][PASSED] - Tapped on element 'Object Repository/ShopOpen/RemainingCategories/DisplaySpaceAvailable'

2018-12-04 11:59:24 - [TEST_STEP][PASSED] - verifyElementText: Actual text and expected text of test object 'Object Repository/ShopOpen/RemainingCategories/Validate_ProductCategoryAssetScreen' are matched.

2018-12-04 11:59:26 - [MESSAGE][PASSED] - Actual text and expected text of test object 'Object Repository/ShopOpen/RemainingCategories/Validate_ProductCategoryAssetScreen' are matched.

2018-12-04 11:59:26 - [TEST_STEP][PASSED] - tap: Tapped on element 'Object Repository/ShopOpen/RemainingCategories/Facing'

2018-12-04 11:59:26 - [MESSAGE][WARNING] - Timeout '0' is invalid. Using default page load timeout: '6'

2018-12-04 11:59:26 - [MESSAGE][PASSED] - Tapped on element 'Object Repository/ShopOpen/RemainingCategories/Facing'

2018-12-04 11:59:26 - [TEST_STEP][PASSED] - verifyElementText: Actual text and expected text of test object 'Object Repository/ShopOpen/RemainingCategories/Validate_FacingScreen' are matched.

2018-12-04 11:59:28 - [MESSAGE][PASSED] - Actual text and expected text of test object 'Object Repository/ShopOpen/RemainingCategories/Validate_FacingScreen' are matched.

2018-12-04 11:59:28 - [TEST_STEP][PASSED] - com.ct.qa.keywords.ChannelProductsDataKeywords.visitChannelWiseProductsData: com.ct.qa.keywords.ChannelProductsDataKeywords.visitChannelWiseProductsData is PASSED

2018-12-04 11:59:31 - [MESSAGE][PASSED] - Keyboard is hidden

2018-12-04 11:59:34 - [MESSAGE][PASSED] - Keyboard is hidden

2018-12-04 11:59:35 - [MESSAGE][PASSED] - com.ct.qa.keywords.ChannelProductsDataKeywords.visitChannelWiseProductsData is PASSED

2018-12-04 11:59:35 - [TEST_STEP][PASSED] - tap: Tapped on element 'Object Repository/ShopOpen/RemainingCategories/SubmitButton'

2018-12-04 11:59:35 - [MESSAGE][WARNING] - Timeout '0' is invalid. Using default page load timeout: '6'

2018-12-04 11:59:35 - [MESSAGE][PASSED] - Tapped on element 'Object Repository/ShopOpen/RemainingCategories/SubmitButton'

2018-12-04 11:59:35 - [TEST_STEP][PASSED] - verifyElementText: Actual text and expected text of test object 'Object Repository/ShopOpen/RemainingCategories/Validate_ProductCategoryAssetScreen' are matched.

2018-12-04 11:59:36 - [MESSAGE][PASSED] - Actual text and expected text of test object 'Object Repository/ShopOpen/RemainingCategories/Validate_ProductCategoryAssetScreen' are matched.

2018-12-04 11:59:36 - [TEST_STEP][PASSED] - tap: Tapped on element 'Object Repository/ShopOpen/RemainingCategories/StockTaking'

2018-12-04 11:59:36 - [MESSAGE][WARNING] - Timeout '0' is invalid. Using default page load timeout: '6'

2018-12-04 11:59:37 - [MESSAGE][PASSED] - Tapped on element 'Object Repository/ShopOpen/RemainingCategories/StockTaking'

2018-12-04 11:59:37 - [TEST_STEP][PASSED] - verifyElementText: Actual text and expected text of test object 'Object Repository/ShopOpen/RemainingCategories/Validate_StockTakingScreen' are matched.

2018-12-04 11:59:38 - [MESSAGE][PASSED] - Actual text and expected text of test object 'Object Repository/ShopOpen/RemainingCategories/Validate_StockTakingScreen' are matched.

2018-12-04 11:59:38 - [TEST_STEP][PASSED] - com.ct.qa.keywords.ChannelProductsDataKeywords.visitChannelWiseProductsData: com.ct.qa.keywords.ChannelProductsDataKeywords.visitChannelWiseProductsData is PASSED

2018-12-04 11:59:42 - [MESSAGE][PASSED] - Keyboard is hidden

2018-12-04 11:59:45 - [MESSAGE][PASSED] - Keyboard is hidden

2018-12-04 11:59:46 - [MESSAGE][PASSED] - com.ct.qa.keywords.ChannelProductsDataKeywords.visitChannelWiseProductsData is PASSED

2018-12-04 11:59:46 - [TEST_STEP][PASSED] - tap: Tapped on element 'Object Repository/ShopOpen/RemainingCategories/SubmitButton'

2018-12-04 11:59:46 - [MESSAGE][WARNING] - Timeout '0' is invalid. Using default page load timeout: '6'

2018-12-04 11:59:46 - [MESSAGE][PASSED] - Tapped on element 'Object Repository/ShopOpen/RemainingCategories/SubmitButton'

2018-12-04 11:59:46 - [TEST_STEP][PASSED] - verifyElementText: Actual text and expected text of test object 'Object Repository/ShopOpen/RemainingCategories/Validate_ProductCategoryAssetScreen' are matched.

2018-12-04 11:59:47 - [MESSAGE][PASSED] - Actual text and expected text of test object 'Object Repository/ShopOpen/RemainingCategories/Validate_ProductCategoryAssetScreen' are matched.

2018-12-04 11:59:47 - [TEST_STEP][PASSED] - com.ct.qa.keywords.CommonKeywords.visitPlanogramImageViewButton: com.ct.qa.keywords.CommonKeywords.visitPlanogramImageViewButton is PASSED

2018-12-04 11:59:49 - [MESSAGE][WARNING] - Timeout '0' is invalid. Using default page load timeout: '6'

2018-12-04 11:59:56 - [MESSAGE][WARNING] - Object Object Repository/CommonScreenElements/InfoPopUp_OKButton not found
[[ATTACHMENT|F:\\Git Projects\\MMA_Merchandising\\MMA_Merchandising\\Reports\\MMA Merchandising With Channel Wise Data Verification\\20181204_113351\\1543906795419.png]]

2018-12-04 11:59:57 - [MESSAGE][PASSED] - com.ct.qa.keywords.CommonKeywords.visitPlanogramImageViewButton is PASSED

2018-12-04 11:59:57 - [TEST_STEP][PASSED] - verifyElementText: Actual text and expected text of test object 'Object Repository/ShopOpen/RemainingCategories/Validate_ProductCategoryAssetScreen' are matched.

2018-12-04 11:59:58 - [MESSAGE][PASSED] - Actual text and expected text of test object 'Object Repository/ShopOpen/RemainingCategories/Validate_ProductCategoryAssetScreen' are matched.

2018-12-04 11:59:58 - [TEST_STEP][PASSED] - com.ct.qa.keywords.CommonKeywords.visitPictureImageViewButton: com.ct.qa.keywords.CommonKeywords.visitPictureImageViewButton is PASSED

2018-12-04 12:00:00 - [MESSAGE][WARNING] - Timeout '0' is invalid. Using default page load timeout: '6'

2018-12-04 12:00:01 - [MESSAGE][PASSED] - Element 'Object Repository/CommonScreenElements/Validate_CameraScreen' is exist

2018-12-04 12:00:01 - [MESSAGE][WARNING] - Timeout '0' is invalid. Using default page load timeout: '6'

2018-12-04 12:00:04 - [MESSAGE][PASSED] - Tapped on element 'Object Repository/CommonScreenElements/TakePictureButton'

2018-12-04 12:00:09 - [MESSAGE][PASSED] - Delayed 5 second(s)

2018-12-04 12:00:09 - [MESSAGE][WARNING] - Timeout '0' is invalid. Using default page load timeout: '6'

2018-12-04 12:00:10 - [MESSAGE][PASSED] - Tapped on element 'Object Repository/CommonScreenElements/DoneButton'

2018-12-04 12:00:10 - [MESSAGE][PASSED] - com.ct.qa.keywords.CommonKeywords.visitPictureImageViewButton is PASSED

2018-12-04 12:00:10 - [TEST_STEP][PASSED] - verifyElementText: Actual text and expected text of test object 'Object Repository/ShopOpen/RemainingCategories/Validate_ProductCategoryAssetScreen' are matched.

2018-12-04 12:00:11 - [MESSAGE][PASSED] - Actual text and expected text of test object 'Object Repository/ShopOpen/RemainingCategories/Validate_ProductCategoryAssetScreen' are matched.

2018-12-04 12:00:11 - [TEST_STEP][PASSED] - com.ct.qa.keywords.CommonKeywords.visitBackImageViewButton: com.ct.qa.keywords.CommonKeywords.visitBackImageViewButton is PASSED

2018-12-04 12:00:12 - [MESSAGE][PASSED] - com.ct.qa.keywords.CommonKeywords.visitBackImageViewButton is PASSED

2018-12-04 12:00:12 - [TEST_STEP][PASSED] - verifyElementExist: Element 'Object Repository/ShopOpen/Validate_ShopCategoriesListScreen' is exist

2018-12-04 12:00:12 - [MESSAGE][WARNING] - Timeout '0' is invalid. Using default page load timeout: '6'

2018-12-04 12:00:13 - [MESSAGE][PASSED] - Element 'Object Repository/ShopOpen/Validate_ShopCategoriesListScreen' is exist

2018-12-04 12:00:13 - [MESSAGE][PASSED] - Call Test Case 'Test Cases/ShopOpen/RemainingCategories/VisitRemainingCategoriesWithDSA' successfully

2018-12-04 12:00:14 - [MESSAGE][PASSED] - Swiped from 0,293 to 0,200

2018-12-04 12:00:16 - [MESSAGE][PASSED] - Swiped from 0,293 to 0,200

2018-12-04 12:00:18 - [MESSAGE][PASSED] - Swiped from 0,293 to 0,200

2018-12-04 12:00:20 - [MESSAGE][PASSED] - Swiped from 0,293 to 0,200

2018-12-04 12:00:23 - [MESSAGE][PASSED] - Swiped from 0,293 to 0,200

2018-12-04 12:00:25 - [TEST_CASE][PASSED] - Test Cases/ShopOpen/RTMVisitFrequency/VisitRTMVisitFrequency: Test Cases/ShopOpen/RTMVisitFrequency/VisitRTMVisitFrequency

2018-12-04 12:00:25 - [TEST_STEP][PASSED] - verifyElementText: Actual text and expected text of test object 'Object Repository/ShopOpen/RTMVisitFrequency/Validate_RTMVisitFrequencyScreen' are matched.

2018-12-04 12:00:26 - [MESSAGE][PASSED] - Actual text and expected text of test object 'Object Repository/ShopOpen/RTMVisitFrequency/Validate_RTMVisitFrequencyScreen' are matched.

2018-12-04 12:00:26 - [TEST_STEP][PASSED] - com.ct.qa.keywords.RTMVisitFrequencyKeywords.visitRTMVisitFrequency: com.ct.qa.keywords.RTMVisitFrequencyKeywords.visitRTMVisitFrequency is PASSED

2018-12-04 12:00:27 - [MESSAGE][WARNING] - Timeout '0' is invalid. Using default page load timeout: '6'

2018-12-04 12:00:29 - [MESSAGE][PASSED] - Element 'Object Repository/ShopOpen/RTMVisitFrequency/Validate_RTMVisitFrequencyRemarks' is exist

2018-12-04 12:00:29 - [MESSAGE][WARNING] - Timeout '0' is invalid. Using default page load timeout: '6'

2018-12-04 12:00:29 - [MESSAGE][PASSED] - Tapped on element 'Object Repository/ShopOpen/RTMVisitFrequency/OnceAWeek'

2018-12-04 12:00:30 - [MESSAGE][WARNING] - Timeout '0' is invalid. Using default page load timeout: '6'

2018-12-04 12:00:31 - [MESSAGE][PASSED] - Element 'Object Repository/ShopOpen/RTMVisitFrequency/Validate_RTMVisitFrequencyRemarks' is exist

2018-12-04 12:00:31 - [MESSAGE][WARNING] - Timeout '0' is invalid. Using default page load timeout: '6'

2018-12-04 12:00:32 - [MESSAGE][PASSED] - Tapped on element 'Object Repository/ShopOpen/RTMVisitFrequency/OnceAWeek'

2018-12-04 12:00:33 - [MESSAGE][WARNING] - Timeout '0' is invalid. Using default page load timeout: '6'

2018-12-04 12:00:34 - [MESSAGE][PASSED] - Element 'Object Repository/ShopOpen/RTMVisitFrequency/Validate_RTMVisitFrequencyRemarks' is exist

2018-12-04 12:00:34 - [MESSAGE][WARNING] - Timeout '0' is invalid. Using default page load timeout: '6'

2018-12-04 12:00:35 - [MESSAGE][PASSED] - Tapped on element 'Object Repository/ShopOpen/RTMVisitFrequency/OnceAWeek'

2018-12-04 12:00:36 - [MESSAGE][WARNING] - Timeout '0' is invalid. Using default page load timeout: '6'

2018-12-04 12:00:37 - [MESSAGE][PASSED] - Element 'Object Repository/ShopOpen/RTMVisitFrequency/Validate_RTMVisitFrequencyRemarks' is exist

2018-12-04 12:00:37 - [MESSAGE][WARNING] - Timeout '0' is invalid. Using default page load timeout: '6'

2018-12-04 12:00:38 - [MESSAGE][PASSED] - Tapped on element 'Object Repository/ShopOpen/RTMVisitFrequency/OnceAWeek'

2018-12-04 12:00:38 - [MESSAGE][PASSED] - com.ct.qa.keywords.RTMVisitFrequencyKeywords.visitRTMVisitFrequency is PASSED

2018-12-04 12:00:38 - [TEST_STEP][PASSED] - tap: Tapped on element 'Object Repository/ShopOpen/RTMVisitFrequency/BackButton'

2018-12-04 12:00:38 - [MESSAGE][WARNING] - Timeout '0' is invalid. Using default page load timeout: '6'

2018-12-04 12:00:39 - [MESSAGE][PASSED] - Tapped on element 'Object Repository/ShopOpen/RTMVisitFrequency/BackButton'

2018-12-04 12:00:39 - [TEST_STEP][PASSED] - verifyElementExist: Element 'Object Repository/ShopOpen/Validate_ShopCategoriesListScreen' is exist

2018-12-04 12:00:39 - [MESSAGE][WARNING] - Timeout '0' is invalid. Using default page load timeout: '6'

2018-12-04 12:00:40 - [MESSAGE][PASSED] - Element 'Object Repository/ShopOpen/Validate_ShopCategoriesListScreen' is exist

2018-12-04 12:00:40 - [MESSAGE][PASSED] - Call Test Case 'Test Cases/ShopOpen/RTMVisitFrequency/VisitRTMVisitFrequency' successfully

2018-12-04 12:00:41 - [MESSAGE][PASSED] - Swiped from 0,293 to 0,200

2018-12-04 12:00:43 - [MESSAGE][PASSED] - Swiped from 0,293 to 0,200

2018-12-04 12:00:45 - [MESSAGE][PASSED] - Swiped from 0,293 to 0,200

2018-12-04 12:00:47 - [MESSAGE][PASSED] - Swiped from 0,293 to 0,200

2018-12-04 12:00:49 - [MESSAGE][PASSED] - Swiped from 0,293 to 0,200

2018-12-04 12:00:52 - [MESSAGE][PASSED] - Swiped from 0,293 to 0,200

2018-12-04 12:00:55 - [TEST_CASE][PASSED] - Test Cases/ShopOpen/POPApplication/OverwritePOPApplication: Test Cases/ShopOpen/POPApplication/OverwritePOPApplication

2018-12-04 12:00:55 - [TEST_STEP][PASSED] - verifyElementText: Actual text and expected text of test object 'Object Repository/ShopOpen/POPApplication/Validate_POPApplicationDetailScreen' are matched.

2018-12-04 12:00:56 - [MESSAGE][PASSED] - Actual text and expected text of test object 'Object Repository/ShopOpen/POPApplication/Validate_POPApplicationDetailScreen' are matched.

2018-12-04 12:00:56 - [TEST_STEP][PASSED] - tap: Tapped on element 'Object Repository/ShopOpen/POPApplication/POPDeployment_No'

2018-12-04 12:00:56 - [MESSAGE][WARNING] - Timeout '0' is invalid. Using default page load timeout: '6'

2018-12-04 12:00:57 - [MESSAGE][PASSED] - Tapped on element 'Object Repository/ShopOpen/POPApplication/POPDeployment_No'

2018-12-04 12:00:57 - [TEST_STEP][PASSED] - pressBack: Press back button successfully

2018-12-04 12:00:57 - [MESSAGE][PASSED] - Press back button successfully

2018-12-04 12:00:57 - [TEST_STEP][PASSED] - verifyElementExist: Element 'Object Repository/ShopOpen/Validate_ShopCategoriesListScreen' is exist

2018-12-04 12:00:58 - [MESSAGE][WARNING] - Timeout '0' is invalid. Using default page load timeout: '6'

2018-12-04 12:00:59 - [MESSAGE][PASSED] - Element 'Object Repository/ShopOpen/Validate_ShopCategoriesListScreen' is exist

2018-12-04 12:00:59 - [MESSAGE][PASSED] - Call Test Case 'Test Cases/ShopOpen/POPApplication/OverwritePOPApplication' successfully

2018-12-04 12:00:59 - [MESSAGE][PASSED] - Swiped from 0,293 to 0,200

2018-12-04 12:01:01 - [MESSAGE][PASSED] - Swiped from 0,293 to 0,200

2018-12-04 12:01:04 - [MESSAGE][PASSED] - Swiped from 0,293 to 0,200

2018-12-04 12:01:06 - [MESSAGE][PASSED] - Swiped from 0,293 to 0,200

2018-12-04 12:01:07 - [MESSAGE][PASSED] - Swiped from 0,293 to 0,200

2018-12-04 12:01:10 - [MESSAGE][PASSED] - Swiped from 0,293 to 0,200

2018-12-04 12:01:13 - [MESSAGE][PASSED] - Swiped from 0,293 to 0,200

2018-12-04 12:01:16 - [TEST_CASE][PASSED] - Test Cases/ShopOpen/AdditionalPicture/VisitAdditionalPicture: Test Cases/ShopOpen/AdditionalPicture/VisitAdditionalPicture

2018-12-04 12:01:16 - [TEST_STEP][PASSED] - verifyElementText: Actual text and expected text of test object 'Object Repository/ShopOpen/AdditionalPicture/Validate_AdditionalPictureScreen' are matched.

2018-12-04 12:01:17 - [MESSAGE][PASSED] - Actual text and expected text of test object 'Object Repository/ShopOpen/AdditionalPicture/Validate_AdditionalPictureScreen' are matched.

2018-12-04 12:01:17 - [TEST_STEP][PASSED] - com.ct.qa.keywords.AdditionalPictureKeywords.takeMendatoryImages: com.ct.qa.keywords.AdditionalPictureKeywords.takeMendatoryImages is PASSED

2018-12-04 12:01:19 - [MESSAGE][WARNING] - Timeout '0' is invalid. Using default page load timeout: '6'

2018-12-04 12:01:21 - [MESSAGE][PASSED] - Element 'Object Repository/CommonScreenElements/Validate_CameraScreen' is exist

2018-12-04 12:01:21 - [MESSAGE][WARNING] - Timeout '0' is invalid. Using default page load timeout: '6'

2018-12-04 12:01:24 - [MESSAGE][PASSED] - Tapped on element 'Object Repository/CommonScreenElements/TakePictureButton'

2018-12-04 12:01:29 - [MESSAGE][PASSED] - Delayed 5 second(s)

2018-12-04 12:01:29 - [MESSAGE][WARNING] - Timeout '0' is invalid. Using default page load timeout: '6'

2018-12-04 12:01:30 - [MESSAGE][PASSED] - Tapped on element 'Object Repository/CommonScreenElements/DoneButton'

2018-12-04 12:01:30 - [MESSAGE][PASSED] - com.ct.qa.keywords.AdditionalPictureKeywords.takeMendatoryImages is PASSED

2018-12-04 12:01:30 - [TEST_STEP][PASSED] - pressBack: Press back button successfully

2018-12-04 12:01:31 - [MESSAGE][PASSED] - Press back button successfully

2018-12-04 12:01:31 - [TEST_STEP][PASSED] - verifyElementExist: Element 'Object Repository/ShopOpen/Validate_ShopCategoriesListScreen' is exist

2018-12-04 12:01:31 - [MESSAGE][WARNING] - Timeout '0' is invalid. Using default page load timeout: '6'

2018-12-04 12:01:32 - [MESSAGE][PASSED] - Element 'Object Repository/ShopOpen/Validate_ShopCategoriesListScreen' is exist

2018-12-04 12:01:32 - [MESSAGE][PASSED] - Call Test Case 'Test Cases/ShopOpen/AdditionalPicture/VisitAdditionalPicture' successfully

2018-12-04 12:01:33 - [MESSAGE][PASSED] - Swiped from 0,293 to 0,200

2018-12-04 12:01:35 - [MESSAGE][PASSED] - Swiped from 0,293 to 0,200

2018-12-04 12:01:37 - [MESSAGE][PASSED] - Swiped from 0,293 to 0,200

2018-12-04 12:01:39 - [MESSAGE][PASSED] - Swiped from 0,293 to 0,200

2018-12-04 12:01:41 - [MESSAGE][PASSED] - Swiped from 0,293 to 0,200

2018-12-04 12:01:43 - [MESSAGE][PASSED] - Swiped from 0,293 to 0,200

2018-12-04 12:01:45 - [MESSAGE][PASSED] - Swiped from 0,293 to 0,200

2018-12-04 12:01:48 - [MESSAGE][PASSED] - Swiped from 0,293 to 0,200

2018-12-04 12:01:50 - [MESSAGE][WARNING] - Timeout '0' is invalid. Using default page load timeout: '6'

2018-12-04 12:01:57 - [MESSAGE][WARNING] - Element 'Object Repository/CommonScreenElements/Validate_CameraScreen' not found
[[ATTACHMENT|F:\\Git Projects\\MMA_Merchandising\\MMA_Merchandising\\Reports\\MMA Merchandising With Channel Wise Data Verification\\20181204_113351\\1543906916886.png]]

2018-12-04 12:01:57 - [TEST_CASE][PASSED] - Test Cases/ShopOpen/Survey/visitSurvey: Test Cases/ShopOpen/Survey/visitSurvey

2018-12-04 12:01:58 - [TEST_STEP][PASSED] - verifyElementText: Actual text and expected text of test object 'Object Repository/ShopOpen/Survey/Validate_QuestionCategoriesScreen' are matched.

2018-12-04 12:01:58 - [MESSAGE][PASSED] - Actual text and expected text of test object 'Object Repository/ShopOpen/Survey/Validate_QuestionCategoriesScreen' are matched.

2018-12-04 12:01:58 - [TEST_STEP][PASSED] - com.ct.qa.keywords.SurveyKeywords.visitQuestionCategories: com.ct.qa.keywords.SurveyKeywords.visitQuestionCategories is PASSED

2018-12-04 12:01:59 - [TEST_CASE][PASSED] - Test Cases/ShopOpen/Survey/VisitQuestions: Test Cases/ShopOpen/Survey/VisitQuestions

2018-12-04 12:01:59 - [TEST_STEP][PASSED] - verifyElementText: Actual text and expected text of test object 'Object Repository/ShopOpen/Survey/Validate_QuestionsScreen' are matched.

2018-12-04 12:02:01 - [MESSAGE][PASSED] - Actual text and expected text of test object 'Object Repository/ShopOpen/Survey/Validate_QuestionsScreen' are matched.

2018-12-04 12:02:01 - [TEST_STEP][PASSED] - com.ct.qa.keywords.SurveyKeywords.visitQuestions: com.ct.qa.keywords.SurveyKeywords.visitQuestions is PASSED

2018-12-04 12:02:02 - [MESSAGE][WARNING] - Timeout '0' is invalid. Using default page load timeout: '6'

2018-12-04 12:02:03 - [MESSAGE][PASSED] - Element 'Object Repository/ShopOpen/Survey/Validate_RemarksPopup' is exist

2018-12-04 12:02:03 - [MESSAGE][WARNING] - Timeout '0' is invalid. Using default page load timeout: '6'

2018-12-04 12:02:05 - [MESSAGE][PASSED] - Tapped on element 'Object Repository/ShopOpen/Survey/RemarksPopup_Yes'

2018-12-04 12:02:05 - [MESSAGE][WARNING] - Timeout '0' is invalid. Using default page load timeout: '6'

2018-12-04 12:02:06 - [MESSAGE][PASSED] - Element 'Object Repository/CommonScreenElements/Validate_CameraScreen' is exist

2018-12-04 12:02:06 - [MESSAGE][WARNING] - Timeout '0' is invalid. Using default page load timeout: '6'

2018-12-04 12:02:09 - [MESSAGE][PASSED] - Tapped on element 'Object Repository/CommonScreenElements/TakePictureButton'

2018-12-04 12:02:14 - [MESSAGE][PASSED] - Delayed 5 second(s)

2018-12-04 12:02:14 - [MESSAGE][WARNING] - Timeout '0' is invalid. Using default page load timeout: '6'

2018-12-04 12:02:15 - [MESSAGE][PASSED] - Tapped on element 'Object Repository/CommonScreenElements/DoneButton'

2018-12-04 12:02:16 - [MESSAGE][PASSED] - Actual text and expected text of test object 'Object Repository/ShopOpen/Survey/Validate_QuestionsScreen' are matched.

2018-12-04 12:02:16 - [MESSAGE][WARNING] - Timeout '0' is invalid. Using default page load timeout: '6'

2018-12-04 12:02:17 - [MESSAGE][PASSED] - Element 'Object Repository/ShopOpen/Survey/Validate_RemarksPopup' is exist

2018-12-04 12:02:17 - [MESSAGE][WARNING] - Timeout '0' is invalid. Using default page load timeout: '6'

2018-12-04 12:02:19 - [MESSAGE][PASSED] - Tapped on element 'Object Repository/ShopOpen/Survey/RemarksPopup_Yes'

2018-12-04 12:02:19 - [MESSAGE][WARNING] - Timeout '0' is invalid. Using default page load timeout: '6'

2018-12-04 12:02:20 - [MESSAGE][PASSED] - Element 'Object Repository/CommonScreenElements/Validate_CameraScreen' is exist

2018-12-04 12:02:20 - [MESSAGE][WARNING] - Timeout '0' is invalid. Using default page load timeout: '6'

2018-12-04 12:02:23 - [MESSAGE][PASSED] - Tapped on element 'Object Repository/CommonScreenElements/TakePictureButton'

2018-12-04 12:02:28 - [MESSAGE][PASSED] - Delayed 5 second(s)

2018-12-04 12:02:28 - [MESSAGE][WARNING] - Timeout '0' is invalid. Using default page load timeout: '6'

2018-12-04 12:02:29 - [MESSAGE][PASSED] - Tapped on element 'Object Repository/CommonScreenElements/DoneButton'

2018-12-04 12:02:30 - [MESSAGE][PASSED] - Actual text and expected text of test object 'Object Repository/ShopOpen/Survey/Validate_QuestionsScreen' are matched.

2018-12-04 12:02:31 - [MESSAGE][WARNING] - Timeout '0' is invalid. Using default page load timeout: '6'

2018-12-04 12:02:32 - [MESSAGE][PASSED] - Element 'Object Repository/ShopOpen/Survey/Validate_RemarksPopup' is exist

2018-12-04 12:02:32 - [MESSAGE][WARNING] - Timeout '0' is invalid. Using default page load timeout: '6'

2018-12-04 12:02:34 - [MESSAGE][PASSED] - Tapped on element 'Object Repository/ShopOpen/Survey/RemarksPopup_Yes'

2018-12-04 12:02:34 - [MESSAGE][WARNING] - Timeout '0' is invalid. Using default page load timeout: '6'

2018-12-04 12:02:34 - [MESSAGE][PASSED] - Element 'Object Repository/CommonScreenElements/Validate_CameraScreen' is exist

2018-12-04 12:02:34 - [MESSAGE][WARNING] - Timeout '0' is invalid. Using default page load timeout: '6'

2018-12-04 12:02:38 - [MESSAGE][PASSED] - Tapped on element 'Object Repository/CommonScreenElements/TakePictureButton'

2018-12-04 12:02:43 - [MESSAGE][PASSED] - Delayed 5 second(s)

2018-12-04 12:02:43 - [MESSAGE][WARNING] - Timeout '0' is invalid. Using default page load timeout: '6'

2018-12-04 12:02:44 - [MESSAGE][PASSED] - Tapped on element 'Object Repository/CommonScreenElements/DoneButton'

2018-12-04 12:02:44 - [MESSAGE][PASSED] - Actual text and expected text of test object 'Object Repository/ShopOpen/Survey/Validate_QuestionsScreen' are matched.

2018-12-04 12:02:45 - [MESSAGE][WARNING] - Timeout '0' is invalid. Using default page load timeout: '6'

2018-12-04 12:02:46 - [MESSAGE][PASSED] - Element 'Object Repository/ShopOpen/Survey/Validate_RemarksPopup' is exist

2018-12-04 12:02:46 - [MESSAGE][WARNING] - Timeout '0' is invalid. Using default page load timeout: '6'

2018-12-04 12:02:48 - [MESSAGE][PASSED] - Tapped on element 'Object Repository/ShopOpen/Survey/RemarksPopup_Yes'

2018-12-04 12:02:48 - [MESSAGE][WARNING] - Timeout '0' is invalid. Using default page load timeout: '6'

2018-12-04 12:02:48 - [MESSAGE][PASSED] - Element 'Object Repository/CommonScreenElements/Validate_CameraScreen' is exist

2018-12-04 12:02:48 - [MESSAGE][WARNING] - Timeout '0' is invalid. Using default page load timeout: '6'

2018-12-04 12:02:52 - [MESSAGE][PASSED] - Tapped on element 'Object Repository/CommonScreenElements/TakePictureButton'

2018-12-04 12:02:57 - [MESSAGE][PASSED] - Delayed 5 second(s)

2018-12-04 12:02:57 - [MESSAGE][WARNING] - Timeout '0' is invalid. Using default page load timeout: '6'

2018-12-04 12:02:58 - [MESSAGE][PASSED] - Tapped on element 'Object Repository/CommonScreenElements/DoneButton'

2018-12-04 12:02:58 - [MESSAGE][PASSED] - Actual text and expected text of test object 'Object Repository/ShopOpen/Survey/Validate_QuestionsScreen' are matched.

2018-12-04 12:02:59 - [MESSAGE][PASSED] - Swiped from 2,500 to 2,400

2018-12-04 12:03:01 - [MESSAGE][WARNING] - Timeout '0' is invalid. Using default page load timeout: '6'

2018-12-04 12:03:02 - [MESSAGE][PASSED] - Element 'Object Repository/ShopOpen/Survey/Validate_RemarksPopup' is exist

2018-12-04 12:03:02 - [MESSAGE][WARNING] - Timeout '0' is invalid. Using default page load timeout: '6'

2018-12-04 12:03:03 - [MESSAGE][PASSED] - Tapped on element 'Object Repository/ShopOpen/Survey/RemarksPopup_Yes'

2018-12-04 12:03:03 - [MESSAGE][WARNING] - Timeout '0' is invalid. Using default page load timeout: '6'

2018-12-04 12:03:04 - [MESSAGE][PASSED] - Element 'Object Repository/CommonScreenElements/Validate_CameraScreen' is exist

2018-12-04 12:03:04 - [MESSAGE][WARNING] - Timeout '0' is invalid. Using default page load timeout: '6'

2018-12-04 12:03:07 - [MESSAGE][PASSED] - Tapped on element 'Object Repository/CommonScreenElements/TakePictureButton'

2018-12-04 12:03:12 - [MESSAGE][PASSED] - Delayed 5 second(s)

2018-12-04 12:03:12 - [MESSAGE][WARNING] - Timeout '0' is invalid. Using default page load timeout: '6'

2018-12-04 12:03:13 - [MESSAGE][PASSED] - Tapped on element 'Object Repository/CommonScreenElements/DoneButton'

2018-12-04 12:03:13 - [MESSAGE][PASSED] - Actual text and expected text of test object 'Object Repository/ShopOpen/Survey/Validate_QuestionsScreen' are matched.

2018-12-04 12:03:15 - [MESSAGE][PASSED] - Swiped from 2,548 to 2,400

2018-12-04 12:03:17 - [MESSAGE][WARNING] - Timeout '0' is invalid. Using default page load timeout: '6'

2018-12-04 12:03:18 - [MESSAGE][PASSED] - Element 'Object Repository/ShopOpen/Survey/Validate_RemarksPopup' is exist

2018-12-04 12:03:18 - [MESSAGE][WARNING] - Timeout '0' is invalid. Using default page load timeout: '6'

2018-12-04 12:03:20 - [MESSAGE][PASSED] - Tapped on element 'Object Repository/ShopOpen/Survey/RemarksPopup_Yes'

2018-12-04 12:03:20 - [MESSAGE][WARNING] - Timeout '0' is invalid. Using default page load timeout: '6'

2018-12-04 12:03:20 - [MESSAGE][PASSED] - Element 'Object Repository/CommonScreenElements/Validate_CameraScreen' is exist

2018-12-04 12:03:20 - [MESSAGE][WARNING] - Timeout '0' is invalid. Using default page load timeout: '6'

2018-12-04 12:03:24 - [MESSAGE][PASSED] - Tapped on element 'Object Repository/CommonScreenElements/TakePictureButton'

2018-12-04 12:03:29 - [MESSAGE][PASSED] - Delayed 5 second(s)

2018-12-04 12:03:29 - [MESSAGE][WARNING] - Timeout '0' is invalid. Using default page load timeout: '6'

2018-12-04 12:03:30 - [MESSAGE][PASSED] - Tapped on element 'Object Repository/CommonScreenElements/DoneButton'

2018-12-04 12:03:31 - [MESSAGE][PASSED] - Actual text and expected text of test object 'Object Repository/ShopOpen/Survey/Validate_QuestionsScreen' are matched.

2018-12-04 12:03:32 - [MESSAGE][PASSED] - Swiped from 2,548 to 2,400

2018-12-04 12:03:34 - [MESSAGE][WARNING] - Timeout '0' is invalid. Using default page load timeout: '6'

2018-12-04 12:03:35 - [MESSAGE][PASSED] - Element 'Object Repository/ShopOpen/Survey/Validate_RemarksPopup' is exist

2018-12-04 12:03:35 - [MESSAGE][WARNING] - Timeout '0' is invalid. Using default page load timeout: '6'

2018-12-04 12:03:37 - [MESSAGE][PASSED] - Tapped on element 'Object Repository/ShopOpen/Survey/RemarksPopup_Yes'

2018-12-04 12:03:37 - [MESSAGE][WARNING] - Timeout '0' is invalid. Using default page load timeout: '6'

2018-12-04 12:03:37 - [MESSAGE][PASSED] - Element 'Object Repository/CommonScreenElements/Validate_CameraScreen' is exist

2018-12-04 12:03:37 - [MESSAGE][WARNING] - Timeout '0' is invalid. Using default page load timeout: '6'

2018-12-04 12:03:41 - [MESSAGE][PASSED] - Tapped on element 'Object Repository/CommonScreenElements/TakePictureButton'

2018-12-04 12:03:46 - [MESSAGE][PASSED] - Delayed 5 second(s)

2018-12-04 12:03:46 - [MESSAGE][WARNING] - Timeout '0' is invalid. Using default page load timeout: '6'

2018-12-04 12:03:47 - [MESSAGE][PASSED] - Tapped on element 'Object Repository/CommonScreenElements/DoneButton'

2018-12-04 12:03:47 - [MESSAGE][PASSED] - Actual text and expected text of test object 'Object Repository/ShopOpen/Survey/Validate_QuestionsScreen' are matched.

2018-12-04 12:03:49 - [MESSAGE][PASSED] - Swiped from 2,548 to 2,400

2018-12-04 12:03:51 - [MESSAGE][PASSED] - com.ct.qa.keywords.SurveyKeywords.visitQuestions is PASSED

2018-12-04 12:03:51 - [TEST_STEP][PASSED] - tap: Tapped on element 'Object Repository/ShopOpen/Survey/SubmitButton'

2018-12-04 12:03:51 - [MESSAGE][WARNING] - Timeout '0' is invalid. Using default page load timeout: '6'

2018-12-04 12:03:51 - [MESSAGE][PASSED] - Tapped on element 'Object Repository/ShopOpen/Survey/SubmitButton'

2018-12-04 12:03:51 - [TEST_STEP][PASSED] - verifyElementText: Actual text and expected text of test object 'Object Repository/ShopOpen/Survey/Validate_QuestionCategoriesScreen' are matched.

2018-12-04 12:03:52 - [MESSAGE][PASSED] - Actual text and expected text of test object 'Object Repository/ShopOpen/Survey/Validate_QuestionCategoriesScreen' are matched.

2018-12-04 12:03:52 - [MESSAGE][PASSED] - Call Test Case 'Test Cases/ShopOpen/Survey/VisitQuestions' successfully

2018-12-04 12:03:52 - [MESSAGE][PASSED] - com.ct.qa.keywords.SurveyKeywords.visitQuestionCategories is PASSED

2018-12-04 12:03:52 - [TEST_STEP][PASSED] - pressBack: Press back button successfully

2018-12-04 12:03:52 - [MESSAGE][PASSED] - Press back button successfully

2018-12-04 12:03:52 - [TEST_STEP][PASSED] - verifyElementExist: Element 'Object Repository/ShopOpen/Validate_ShopCategoriesListScreen' is exist

2018-12-04 12:03:52 - [MESSAGE][WARNING] - Timeout '0' is invalid. Using default page load timeout: '6'

2018-12-04 12:03:53 - [MESSAGE][PASSED] - Element 'Object Repository/ShopOpen/Validate_ShopCategoriesListScreen' is exist

2018-12-04 12:03:53 - [MESSAGE][PASSED] - Call Test Case 'Test Cases/ShopOpen/Survey/visitSurvey' successfully

2018-12-04 12:03:53 - [MESSAGE][PASSED] - Swiped from 0,293 to 0,200

2018-12-04 12:03:56 - [MESSAGE][PASSED] - Swiped from 0,293 to 0,200

2018-12-04 12:03:57 - [MESSAGE][PASSED] - Swiped from 0,293 to 0,200

2018-12-04 12:04:00 - [MESSAGE][PASSED] - Swiped from 0,293 to 0,200

2018-12-04 12:04:01 - [MESSAGE][PASSED] - Swiped from 0,293 to 0,200

2018-12-04 12:04:03 - [MESSAGE][PASSED] - Swiped from 0,293 to 0,200

2018-12-04 12:04:05 - [MESSAGE][PASSED] - Swiped from 0,293 to 0,200

2018-12-04 12:04:07 - [MESSAGE][PASSED] - Swiped from 0,293 to 0,200

2018-12-04 12:04:11 - [MESSAGE][PASSED] - Swiped from 0,293 to 0,200

2018-12-04 12:04:13 - [MESSAGE][PASSED] - com.ct.qa.keywords.CategoryVisitingScenariosKeywords.visitShopCategoriesWithDataVerification is PASSED

2018-12-04 12:04:13 - [MESSAGE][PASSED] - Call Test Case 'Test Cases/ShopOpen/VisitCategoryScenarios/VisitShopCategoriesWithDataVerification' successfully

2018-12-04 12:04:13 - [TEST_CASE][PASSED] - Test Cases/ShopOpen/SaveShop: Test Cases/ShopOpen/SaveShop

2018-12-04 12:04:13 - [TEST_STEP][PASSED] - tap: Tapped on element 'Object Repository/ShopOpen/SubmitButtonToSaveShop'

2018-12-04 12:04:13 - [MESSAGE][WARNING] - Timeout '0' is invalid. Using default page load timeout: '6'

2018-12-04 12:04:14 - [MESSAGE][PASSED] - Tapped on element 'Object Repository/ShopOpen/SubmitButtonToSaveShop'

2018-12-04 12:04:14 - [TEST_STEP][PASSED] - verifyElementExist: Element 'Object Repository/CommonScreenElements/Validate_InfoPopUP' is exist

2018-12-04 12:04:14 - [MESSAGE][WARNING] - Timeout '0' is invalid. Using default page load timeout: '6'

2018-12-04 12:04:15 - [MESSAGE][PASSED] - Element 'Object Repository/CommonScreenElements/Validate_InfoPopUP' is exist

2018-12-04 12:04:15 - [TEST_STEP][PASSED] - tap: Tapped on element 'Object Repository/CommonScreenElements/InfoPopUp_YesButton'

2018-12-04 12:04:15 - [MESSAGE][WARNING] - Timeout '0' is invalid. Using default page load timeout: '6'

2018-12-04 12:04:15 - [MESSAGE][PASSED] - Tapped on element 'Object Repository/CommonScreenElements/InfoPopUp_YesButton'

2018-12-04 12:04:15 - [TEST_STEP][PASSED] - verifyElementText: Actual text and expected text of test object 'Object Repository/Validate_ShopListScreen' are matched.

2018-12-04 12:04:17 - [MESSAGE][PASSED] - Actual text and expected text of test object 'Object Repository/Validate_ShopListScreen' are matched.

2018-12-04 12:04:17 - [MESSAGE][PASSED] - Call Test Case 'Test Cases/ShopOpen/SaveShop' successfully

2018-12-04 12:04:17 - [MESSAGE][WARNING] - Timeout '0' is invalid. Using default page load timeout: '6'

2018-12-04 12:04:17 - [MESSAGE][PASSED] - Element 'Object Repository/Validate_ShopListScreen' is exist

2018-12-04 12:04:19 - [MESSAGE][PASSED] - Actual text and expected text of test object 'Object Repository/Validate_ShopOptionsScreen' are matched.

2018-12-04 12:04:21 - [MESSAGE][WARNING] - Timeout '0' is invalid. Using default page load timeout: '6'

2018-12-04 12:04:21 - [MESSAGE][PASSED] - Tapped on element 'Object Repository/StartWorking'

2018-12-04 12:04:36 - [MESSAGE][PASSED] - Delayed 15 second(s)

2018-12-04 12:04:37 - [MESSAGE][PASSED] - Element 'Object Repository/CommonScreenElements/Validate_MapScreen' is exist

2018-12-04 12:04:37 - [MESSAGE][WARNING] - Timeout '0' is invalid. Using default page load timeout: '6'

2018-12-04 12:04:37 - [MESSAGE][PASSED] - Tapped on element 'Object Repository/CommonScreenElements/Location_CheckIn'

2018-12-04 12:04:37 - [MESSAGE][WARNING] - Timeout '0' is invalid. Using default page load timeout: '6'

2018-12-04 12:04:39 - [MESSAGE][PASSED] - Element 'Object Repository/CommonScreenElements/Validate_InfoPopUP' is exist

2018-12-04 12:04:39 - [MESSAGE][WARNING] - Timeout '0' is invalid. Using default page load timeout: '6'

2018-12-04 12:04:39 - [MESSAGE][PASSED] - Tapped on element 'Object Repository/CommonScreenElements/InfoPopUp_NoButton'

2018-12-04 12:04:39 - [TEST_CASE][PASSED] - Test Cases/ShopOpen/VisitShopOpen: Test Cases/ShopOpen/VisitShopOpen

2018-12-04 12:04:39 - [TEST_STEP][PASSED] - verifyElementExist: Element 'Object Repository/ShopActions_List' is exist

2018-12-04 12:04:39 - [MESSAGE][WARNING] - Timeout '0' is invalid. Using default page load timeout: '6'

2018-12-04 12:04:40 - [MESSAGE][PASSED] - Element 'Object Repository/ShopActions_List' is exist

2018-12-04 12:04:40 - [TEST_STEP][PASSED] - tap: Tapped on element 'Object Repository/ShopOpen/ShopOpen'

2018-12-04 12:04:40 - [MESSAGE][WARNING] - Timeout '0' is invalid. Using default page load timeout: '6'

2018-12-04 12:04:42 - [MESSAGE][PASSED] - Tapped on element 'Object Repository/ShopOpen/ShopOpen'

2018-12-04 12:04:42 - [TEST_STEP][PASSED] - verifyElementExist: Element 'Object Repository/CommonScreenElements/Validate_CameraScreen' is exist

2018-12-04 12:04:42 - [MESSAGE][WARNING] - Timeout '0' is invalid. Using default page load timeout: '6'

2018-12-04 12:04:43 - [MESSAGE][PASSED] - Element 'Object Repository/CommonScreenElements/Validate_CameraScreen' is exist

2018-12-04 12:04:43 - [TEST_STEP][PASSED] - tap: Tapped on element 'Object Repository/CommonScreenElements/TakePictureButton'

2018-12-04 12:04:43 - [MESSAGE][WARNING] - Timeout '0' is invalid. Using default page load timeout: '6'

2018-12-04 12:04:46 - [MESSAGE][PASSED] - Tapped on element 'Object Repository/CommonScreenElements/TakePictureButton'

2018-12-04 12:04:46 - [TEST_STEP][PASSED] - delay: Delayed 5 second(s)

2018-12-04 12:04:51 - [MESSAGE][PASSED] - Delayed 5 second(s)

2018-12-04 12:04:51 - [TEST_STEP][PASSED] - tap: Tapped on element 'Object Repository/CommonScreenElements/DoneButton'

2018-12-04 12:04:51 - [MESSAGE][WARNING] - Timeout '0' is invalid. Using default page load timeout: '6'

2018-12-04 12:04:52 - [MESSAGE][PASSED] - Tapped on element 'Object Repository/CommonScreenElements/DoneButton'

2018-12-04 12:04:52 - [MESSAGE][PASSED] - Call Test Case 'Test Cases/ShopOpen/VisitShopOpen' successfully

2018-12-04 12:04:52 - [TEST_CASE][PASSED] - Test Cases/ShopOpen/VisitCategoryScenarios/VisitShopCategoriesWithDataVerification: Test Cases/ShopOpen/VisitCategoryScenarios/VisitShopCategoriesWithDataVerification

2018-12-04 12:04:52 - [TEST_STEP][PASSED] - verifyElementExist: Element 'Object Repository/ShopOpen/Validate_ShopCategoriesListScreen' is exist

2018-12-04 12:04:52 - [MESSAGE][WARNING] - Timeout '0' is invalid. Using default page load timeout: '6'

2018-12-04 12:04:53 - [MESSAGE][PASSED] - Element 'Object Repository/ShopOpen/Validate_ShopCategoriesListScreen' is exist

2018-12-04 12:04:53 - [TEST_STEP][PASSED] - com.ct.qa.keywords.CategoryVisitingScenariosKeywords.visitShopCategoriesWithDataVerification: com.ct.qa.keywords.CategoryVisitingScenariosKeywords.visitShopCategoriesWithDataVerification is PASSED

2018-12-04 12:04:58 - [MESSAGE][PASSED] - Swiped from 0,293 to 0,200

2018-12-04 12:05:02 - [MESSAGE][PASSED] - Swiped from 0,293 to 0,200

2018-12-04 12:05:06 - [MESSAGE][PASSED] - Swiped from 0,293 to 0,200

2018-12-04 12:05:10 - [MESSAGE][PASSED] - Swiped from 0,293 to 0,200

2018-12-04 12:05:14 - [MESSAGE][PASSED] - Swiped from 0,293 to 0,200

2018-12-04 12:05:17 - [MESSAGE][PASSED] - Swiped from 0,293 to 0,200

2018-12-04 12:05:20 - [MESSAGE][PASSED] - Swiped from 0,293 to 0,200

2018-12-04 12:05:24 - [MESSAGE][PASSED] - Swiped from 0,293 to 0,200

2018-12-04 12:05:27 - [MESSAGE][PASSED] - Swiped from 0,293 to 0,200

2018-12-04 12:05:31 - [MESSAGE][PASSED] - Swiped from 0,293 to 0,200

2018-12-04 12:05:34 - [MESSAGE][PASSED] - Swiped from 0,293 to 0,200

2018-12-04 12:05:36 - [MESSAGE][PASSED] - Swiped from 0,200 to 0,750

2018-12-04 12:05:37 - [MESSAGE][PASSED] - Swiped from 0,200 to 0,750

2018-12-04 12:05:39 - [MESSAGE][WARNING] - Timeout '0' is invalid. Using default page load timeout: '6'

2018-12-04 12:05:46 - [MESSAGE][WARNING] - Element 'Object Repository/CommonScreenElements/Validate_CameraScreen' not found
[[ATTACHMENT|F:\\Git Projects\\MMA_Merchandising\\MMA_Merchandising\\Reports\\MMA Merchandising With Channel Wise Data Verification\\20181204_113351\\1543907145917.png]]

2018-12-04 12:05:46 - [TEST_CASE][PASSED] - Test Cases/ShopOpen/Chiller/VisitChillerWithChillerNotAllocated: Test Cases/ShopOpen/Chiller/VisitChillerWithChillerNotAllocated

2018-12-04 12:05:47 - [TEST_STEP][PASSED] - verifyElementText: Actual text and expected text of test object 'Object Repository/ShopOpen/Chiller/Validate_ChillerScreen' are matched.

2018-12-04 12:05:47 - [MESSAGE][PASSED] - Actual text and expected text of test object 'Object Repository/ShopOpen/Chiller/Validate_ChillerScreen' are matched.

2018-12-04 12:05:47 - [TEST_STEP][PASSED] - tap: Tapped on element 'Object Repository/ShopOpen/Chiller/ChillerNotAllocated'

2018-12-04 12:05:47 - [MESSAGE][WARNING] - Timeout '0' is invalid. Using default page load timeout: '6'

2018-12-04 12:05:47 - [MESSAGE][PASSED] - Tapped on element 'Object Repository/ShopOpen/Chiller/ChillerNotAllocated'

2018-12-04 12:05:47 - [TEST_STEP][PASSED] - verifyElementText: Actual text and expected text of test object 'Object Repository/ShopOpen/Chiller/Validate_ChillerNotAllocatedProductCategoryScreen' are matched.

2018-12-04 12:05:49 - [MESSAGE][PASSED] - Actual text and expected text of test object 'Object Repository/ShopOpen/Chiller/Validate_ChillerNotAllocatedProductCategoryScreen' are matched.

2018-12-04 12:05:49 - [TEST_STEP][PASSED] - com.ct.qa.keywords.ChannelProductsDataKeywords.visitChillerNotAllocatedProductCategories: com.ct.qa.keywords.ChannelProductsDataKeywords.visitChillerNotAllocatedProductCategories is PASSED

2018-12-04 12:05:53 - [TEST_CASE][PASSED] - Test Cases/ShopOpen/Chiller/VisitProductCategoryAssets: Test Cases/ShopOpen/Chiller/VisitProductCategoryAssets

2018-12-04 12:05:53 - [TEST_STEP][PASSED] - verifyElementText: Actual text and expected text of test object 'Object Repository/ShopOpen/Chiller/Validate_ProductCategoryAssetsScreen' are matched.

2018-12-04 12:05:55 - [MESSAGE][PASSED] - Actual text and expected text of test object 'Object Repository/ShopOpen/Chiller/Validate_ProductCategoryAssetsScreen' are matched.

2018-12-04 12:05:55 - [TEST_STEP][PASSED] - tap: Tapped on element 'Object Repository/ShopOpen/Chiller/Facing'

2018-12-04 12:05:55 - [MESSAGE][WARNING] - Timeout '0' is invalid. Using default page load timeout: '6'

2018-12-04 12:05:55 - [MESSAGE][PASSED] - Tapped on element 'Object Repository/ShopOpen/Chiller/Facing'

2018-12-04 12:05:55 - [TEST_STEP][PASSED] - verifyElementText: Actual text and expected text of test object 'Object Repository/ShopOpen/Chiller/Validate_FacingScreen' are matched.

2018-12-04 12:05:57 - [MESSAGE][PASSED] - Actual text and expected text of test object 'Object Repository/ShopOpen/Chiller/Validate_FacingScreen' are matched.

2018-12-04 12:05:57 - [TEST_STEP][PASSED] - com.ct.qa.keywords.ChannelProductsDataKeywords.visitChannelWiseProductsData: com.ct.qa.keywords.ChannelProductsDataKeywords.visitChannelWiseProductsData is PASSED

2018-12-04 12:06:01 - [MESSAGE][PASSED] - Keyboard is hidden

2018-12-04 12:06:04 - [MESSAGE][PASSED] - Keyboard is hidden

2018-12-04 12:06:07 - [MESSAGE][PASSED] - Keyboard is hidden

2018-12-04 12:06:10 - [MESSAGE][PASSED] - Keyboard is hidden

2018-12-04 12:06:13 - [MESSAGE][PASSED] - Keyboard is hidden

2018-12-04 12:06:16 - [MESSAGE][PASSED] - Keyboard is hidden

2018-12-04 12:06:19 - [MESSAGE][PASSED] - Swiped from 55,359 to 55,250

2018-12-04 12:06:20 - [MESSAGE][PASSED] - com.ct.qa.keywords.ChannelProductsDataKeywords.visitChannelWiseProductsData is PASSED

2018-12-04 12:06:20 - [TEST_STEP][PASSED] - tap: Tapped on element 'Object Repository/ShopOpen/Chiller/SubmitButton'

2018-12-04 12:06:20 - [MESSAGE][WARNING] - Timeout '0' is invalid. Using default page load timeout: '6'

2018-12-04 12:06:21 - [MESSAGE][PASSED] - Tapped on element 'Object Repository/ShopOpen/Chiller/SubmitButton'

2018-12-04 12:06:21 - [TEST_STEP][PASSED] - verifyElementText: Actual text and expected text of test object 'Object Repository/ShopOpen/Chiller/Validate_ProductCategoryAssetsScreen' are matched.

2018-12-04 12:06:22 - [MESSAGE][PASSED] - Actual text and expected text of test object 'Object Repository/ShopOpen/Chiller/Validate_ProductCategoryAssetsScreen' are matched.

2018-12-04 12:06:22 - [TEST_STEP][PASSED] - tap: Tapped on element 'Object Repository/ShopOpen/Chiller/StockTaking'

2018-12-04 12:06:22 - [MESSAGE][WARNING] - Timeout '0' is invalid. Using default page load timeout: '6'

2018-12-04 12:06:22 - [MESSAGE][PASSED] - Tapped on element 'Object Repository/ShopOpen/Chiller/StockTaking'

2018-12-04 12:06:22 - [TEST_STEP][PASSED] - verifyElementText: Actual text and expected text of test object 'Object Repository/ShopOpen/Chiller/Validate_StockTakingScreen' are matched.

2018-12-04 12:06:24 - [MESSAGE][PASSED] - Actual text and expected text of test object 'Object Repository/ShopOpen/Chiller/Validate_StockTakingScreen' are matched.

2018-12-04 12:06:24 - [TEST_STEP][PASSED] - com.ct.qa.keywords.ChannelProductsDataKeywords.visitChannelWiseProductsData: com.ct.qa.keywords.ChannelProductsDataKeywords.visitChannelWiseProductsData is PASSED

2018-12-04 12:06:28 - [MESSAGE][PASSED] - Keyboard is hidden

2018-12-04 12:06:31 - [MESSAGE][PASSED] - Keyboard is hidden

2018-12-04 12:06:34 - [MESSAGE][PASSED] - Keyboard is hidden

2018-12-04 12:06:37 - [MESSAGE][PASSED] - Keyboard is hidden

2018-12-04 12:06:40 - [MESSAGE][PASSED] - Keyboard is hidden

2018-12-04 12:06:43 - [MESSAGE][PASSED] - Keyboard is hidden

2018-12-04 12:06:45 - [MESSAGE][PASSED] - Swiped from 55,359 to 55,250

2018-12-04 12:06:46 - [MESSAGE][PASSED] - com.ct.qa.keywords.ChannelProductsDataKeywords.visitChannelWiseProductsData is PASSED

2018-12-04 12:06:46 - [TEST_STEP][PASSED] - tap: Tapped on element 'Object Repository/ShopOpen/Chiller/SubmitButton'

2018-12-04 12:06:46 - [MESSAGE][WARNING] - Timeout '0' is invalid. Using default page load timeout: '6'

2018-12-04 12:06:47 - [MESSAGE][PASSED] - Tapped on element 'Object Repository/ShopOpen/Chiller/SubmitButton'

2018-12-04 12:06:47 - [TEST_STEP][PASSED] - verifyElementText: Actual text and expected text of test object 'Object Repository/ShopOpen/Chiller/Validate_ProductCategoryAssetsScreen' are matched.

2018-12-04 12:06:48 - [MESSAGE][PASSED] - Actual text and expected text of test object 'Object Repository/ShopOpen/Chiller/Validate_ProductCategoryAssetsScreen' are matched.

2018-12-04 12:06:48 - [TEST_STEP][PASSED] - tap: Tapped on element 'Object Repository/ShopOpen/Chiller/ChillerNotAllocatedProductCategory_BackButton'

2018-12-04 12:06:48 - [MESSAGE][WARNING] - Timeout '0' is invalid. Using default page load timeout: '6'

2018-12-04 12:06:48 - [MESSAGE][PASSED] - Tapped on element 'Object Repository/ShopOpen/Chiller/ChillerNotAllocatedProductCategory_BackButton'

2018-12-04 12:06:48 - [MESSAGE][PASSED] - Call Test Case 'Test Cases/ShopOpen/Chiller/VisitProductCategoryAssets' successfully

2018-12-04 12:06:49 - [MESSAGE][PASSED] - Actual text and expected text of test object 'Object Repository/ShopOpen/Chiller/Validate_ChillerNotAllocatedProductCategoryScreen' are matched.

2018-12-04 12:06:50 - [TEST_CASE][PASSED] - Test Cases/ShopOpen/Chiller/VisitProductCategoryAssets: Test Cases/ShopOpen/Chiller/VisitProductCategoryAssets

2018-12-04 12:06:50 - [TEST_STEP][PASSED] - verifyElementText: Actual text and expected text of test object 'Object Repository/ShopOpen/Chiller/Validate_ProductCategoryAssetsScreen' are matched.

2018-12-04 12:06:51 - [MESSAGE][PASSED] - Actual text and expected text of test object 'Object Repository/ShopOpen/Chiller/Validate_ProductCategoryAssetsScreen' are matched.

2018-12-04 12:06:51 - [TEST_STEP][PASSED] - tap: Tapped on element 'Object Repository/ShopOpen/Chiller/Facing'

2018-12-04 12:06:51 - [MESSAGE][WARNING] - Timeout '0' is invalid. Using default page load timeout: '6'

2018-12-04 12:06:52 - [MESSAGE][PASSED] - Tapped on element 'Object Repository/ShopOpen/Chiller/Facing'

2018-12-04 12:06:52 - [TEST_STEP][PASSED] - verifyElementText: Actual text and expected text of test object 'Object Repository/ShopOpen/Chiller/Validate_FacingScreen' are matched.

2018-12-04 12:06:54 - [MESSAGE][PASSED] - Actual text and expected text of test object 'Object Repository/ShopOpen/Chiller/Validate_FacingScreen' are matched.

2018-12-04 12:06:54 - [TEST_STEP][PASSED] - com.ct.qa.keywords.ChannelProductsDataKeywords.visitChannelWiseProductsData: com.ct.qa.keywords.ChannelProductsDataKeywords.visitChannelWiseProductsData is PASSED

2018-12-04 12:06:57 - [MESSAGE][PASSED] - Keyboard is hidden

2018-12-04 12:06:58 - [MESSAGE][PASSED] - com.ct.qa.keywords.ChannelProductsDataKeywords.visitChannelWiseProductsData is PASSED

2018-12-04 12:06:58 - [TEST_STEP][PASSED] - tap: Tapped on element 'Object Repository/ShopOpen/Chiller/SubmitButton'

2018-12-04 12:06:58 - [MESSAGE][WARNING] - Timeout '0' is invalid. Using default page load timeout: '6'

2018-12-04 12:06:58 - [MESSAGE][PASSED] - Tapped on element 'Object Repository/ShopOpen/Chiller/SubmitButton'

2018-12-04 12:06:58 - [TEST_STEP][PASSED] - verifyElementText: Actual text and expected text of test object 'Object Repository/ShopOpen/Chiller/Validate_ProductCategoryAssetsScreen' are matched.

2018-12-04 12:06:59 - [MESSAGE][PASSED] - Actual text and expected text of test object 'Object Repository/ShopOpen/Chiller/Validate_ProductCategoryAssetsScreen' are matched.

2018-12-04 12:06:59 - [TEST_STEP][PASSED] - tap: Tapped on element 'Object Repository/ShopOpen/Chiller/StockTaking'

2018-12-04 12:06:59 - [MESSAGE][WARNING] - Timeout '0' is invalid. Using default page load timeout: '6'

2018-12-04 12:06:59 - [MESSAGE][PASSED] - Tapped on element 'Object Repository/ShopOpen/Chiller/StockTaking'

2018-12-04 12:06:59 - [TEST_STEP][PASSED] - verifyElementText: Actual text and expected text of test object 'Object Repository/ShopOpen/Chiller/Validate_StockTakingScreen' are matched.

2018-12-04 12:07:01 - [MESSAGE][PASSED] - Actual text and expected text of test object 'Object Repository/ShopOpen/Chiller/Validate_StockTakingScreen' are matched.

2018-12-04 12:07:01 - [TEST_STEP][PASSED] - com.ct.qa.keywords.ChannelProductsDataKeywords.visitChannelWiseProductsData: com.ct.qa.keywords.ChannelProductsDataKeywords.visitChannelWiseProductsData is PASSED

2018-12-04 12:07:04 - [MESSAGE][PASSED] - Keyboard is hidden

2018-12-04 12:07:04 - [MESSAGE][PASSED] - com.ct.qa.keywords.ChannelProductsDataKeywords.visitChannelWiseProductsData is PASSED

2018-12-04 12:07:04 - [TEST_STEP][PASSED] - tap: Tapped on element 'Object Repository/ShopOpen/Chiller/SubmitButton'

2018-12-04 12:07:04 - [MESSAGE][WARNING] - Timeout '0' is invalid. Using default page load timeout: '6'

2018-12-04 12:07:05 - [MESSAGE][PASSED] - Tapped on element 'Object Repository/ShopOpen/Chiller/SubmitButton'

2018-12-04 12:07:05 - [TEST_STEP][PASSED] - verifyElementText: Actual text and expected text of test object 'Object Repository/ShopOpen/Chiller/Validate_ProductCategoryAssetsScreen' are matched.

2018-12-04 12:07:06 - [MESSAGE][PASSED] - Actual text and expected text of test object 'Object Repository/ShopOpen/Chiller/Validate_ProductCategoryAssetsScreen' are matched.

2018-12-04 12:07:06 - [TEST_STEP][PASSED] - tap: Tapped on element 'Object Repository/ShopOpen/Chiller/ChillerNotAllocatedProductCategory_BackButton'

2018-12-04 12:07:06 - [MESSAGE][WARNING] - Timeout '0' is invalid. Using default page load timeout: '6'

2018-12-04 12:07:06 - [MESSAGE][PASSED] - Tapped on element 'Object Repository/ShopOpen/Chiller/ChillerNotAllocatedProductCategory_BackButton'

2018-12-04 12:07:06 - [MESSAGE][PASSED] - Call Test Case 'Test Cases/ShopOpen/Chiller/VisitProductCategoryAssets' successfully

2018-12-04 12:07:07 - [MESSAGE][PASSED] - Actual text and expected text of test object 'Object Repository/ShopOpen/Chiller/Validate_ChillerNotAllocatedProductCategoryScreen' are matched.

2018-12-04 12:07:08 - [TEST_CASE][PASSED] - Test Cases/ShopOpen/Chiller/VisitProductCategoryAssets: Test Cases/ShopOpen/Chiller/VisitProductCategoryAssets

2018-12-04 12:07:08 - [TEST_STEP][PASSED] - verifyElementText: Actual text and expected text of test object 'Object Repository/ShopOpen/Chiller/Validate_ProductCategoryAssetsScreen' are matched.

2018-12-04 12:07:10 - [MESSAGE][PASSED] - Actual text and expected text of test object 'Object Repository/ShopOpen/Chiller/Validate_ProductCategoryAssetsScreen' are matched.

2018-12-04 12:07:10 - [TEST_STEP][PASSED] - tap: Tapped on element 'Object Repository/ShopOpen/Chiller/Facing'

2018-12-04 12:07:10 - [MESSAGE][WARNING] - Timeout '0' is invalid. Using default page load timeout: '6'

2018-12-04 12:07:10 - [MESSAGE][PASSED] - Tapped on element 'Object Repository/ShopOpen/Chiller/Facing'

2018-12-04 12:07:10 - [TEST_STEP][PASSED] - verifyElementText: Actual text and expected text of test object 'Object Repository/ShopOpen/Chiller/Validate_FacingScreen' are matched.

2018-12-04 12:07:12 - [MESSAGE][PASSED] - Actual text and expected text of test object 'Object Repository/ShopOpen/Chiller/Validate_FacingScreen' are matched.

2018-12-04 12:07:12 - [TEST_STEP][PASSED] - com.ct.qa.keywords.ChannelProductsDataKeywords.visitChannelWiseProductsData: com.ct.qa.keywords.ChannelProductsDataKeywords.visitChannelWiseProductsData is PASSED

2018-12-04 12:07:17 - [MESSAGE][PASSED] - Keyboard is hidden

2018-12-04 12:07:20 - [MESSAGE][PASSED] - Keyboard is hidden

2018-12-04 12:07:23 - [MESSAGE][PASSED] - Keyboard is hidden

2018-12-04 12:07:26 - [MESSAGE][PASSED] - Keyboard is hidden

2018-12-04 12:07:29 - [MESSAGE][PASSED] - Keyboard is hidden

2018-12-04 12:07:32 - [MESSAGE][PASSED] - Keyboard is hidden

2018-12-04 12:07:35 - [MESSAGE][PASSED] - Swiped from 23,359 to 23,250

2018-12-04 12:07:39 - [MESSAGE][PASSED] - Keyboard is hidden

2018-12-04 12:07:40 - [MESSAGE][PASSED] - Swiped from 23,359 to 23,250

2018-12-04 12:07:44 - [MESSAGE][PASSED] - Keyboard is hidden

2018-12-04 12:07:45 - [MESSAGE][PASSED] - Swiped from 23,359 to 23,250

2018-12-04 12:07:46 - [MESSAGE][PASSED] - com.ct.qa.keywords.ChannelProductsDataKeywords.visitChannelWiseProductsData is PASSED

2018-12-04 12:07:46 - [TEST_STEP][PASSED] - tap: Tapped on element 'Object Repository/ShopOpen/Chiller/SubmitButton'

2018-12-04 12:07:46 - [MESSAGE][WARNING] - Timeout '0' is invalid. Using default page load timeout: '6'

2018-12-04 12:07:47 - [MESSAGE][PASSED] - Tapped on element 'Object Repository/ShopOpen/Chiller/SubmitButton'

2018-12-04 12:07:47 - [TEST_STEP][PASSED] - verifyElementText: Actual text and expected text of test object 'Object Repository/ShopOpen/Chiller/Validate_ProductCategoryAssetsScreen' are matched.

2018-12-04 12:07:48 - [MESSAGE][PASSED] - Actual text and expected text of test object 'Object Repository/ShopOpen/Chiller/Validate_ProductCategoryAssetsScreen' are matched.

2018-12-04 12:07:48 - [TEST_STEP][PASSED] - tap: Tapped on element 'Object Repository/ShopOpen/Chiller/StockTaking'

2018-12-04 12:07:48 - [MESSAGE][WARNING] - Timeout '0' is invalid. Using default page load timeout: '6'

2018-12-04 12:07:48 - [MESSAGE][PASSED] - Tapped on element 'Object Repository/ShopOpen/Chiller/StockTaking'

2018-12-04 12:07:48 - [TEST_STEP][PASSED] - verifyElementText: Actual text and expected text of test object 'Object Repository/ShopOpen/Chiller/Validate_StockTakingScreen' are matched.

2018-12-04 12:07:50 - [MESSAGE][PASSED] - Actual text and expected text of test object 'Object Repository/ShopOpen/Chiller/Validate_StockTakingScreen' are matched.

2018-12-04 12:07:50 - [TEST_STEP][PASSED] - com.ct.qa.keywords.ChannelProductsDataKeywords.visitChannelWiseProductsData: com.ct.qa.keywords.ChannelProductsDataKeywords.visitChannelWiseProductsData is PASSED

2018-12-04 12:07:55 - [MESSAGE][PASSED] - Keyboard is hidden

2018-12-04 12:07:58 - [MESSAGE][PASSED] - Keyboard is hidden

2018-12-04 12:08:01 - [MESSAGE][PASSED] - Keyboard is hidden

2018-12-04 12:08:04 - [MESSAGE][PASSED] - Keyboard is hidden

2018-12-04 12:08:07 - [MESSAGE][PASSED] - Keyboard is hidden

2018-12-04 12:08:10 - [MESSAGE][PASSED] - Keyboard is hidden

2018-12-04 12:08:13 - [MESSAGE][PASSED] - Swiped from 23,359 to 23,250

2018-12-04 12:08:16 - [MESSAGE][PASSED] - Keyboard is hidden

2018-12-04 12:08:17 - [MESSAGE][PASSED] - Swiped from 23,359 to 23,250

2018-12-04 12:08:21 - [MESSAGE][PASSED] - Keyboard is hidden

2018-12-04 12:08:22 - [MESSAGE][PASSED] - Swiped from 23,359 to 23,250

2018-12-04 12:08:23 - [MESSAGE][PASSED] - com.ct.qa.keywords.ChannelProductsDataKeywords.visitChannelWiseProductsData is PASSED

2018-12-04 12:08:23 - [TEST_STEP][PASSED] - tap: Tapped on element 'Object Repository/ShopOpen/Chiller/SubmitButton'

2018-12-04 12:08:23 - [MESSAGE][WARNING] - Timeout '0' is invalid. Using default page load timeout: '6'

2018-12-04 12:08:24 - [MESSAGE][PASSED] - Tapped on element 'Object Repository/ShopOpen/Chiller/SubmitButton'

2018-12-04 12:08:24 - [TEST_STEP][PASSED] - verifyElementText: Actual text and expected text of test object 'Object Repository/ShopOpen/Chiller/Validate_ProductCategoryAssetsScreen' are matched.

2018-12-04 12:08:25 - [MESSAGE][PASSED] - Actual text and expected text of test object 'Object Repository/ShopOpen/Chiller/Validate_ProductCategoryAssetsScreen' are matched.

2018-12-04 12:08:25 - [TEST_STEP][PASSED] - tap: Tapped on element 'Object Repository/ShopOpen/Chiller/ChillerNotAllocatedProductCategory_BackButton'

2018-12-04 12:08:25 - [MESSAGE][WARNING] - Timeout '0' is invalid. Using default page load timeout: '6'

2018-12-04 12:08:25 - [MESSAGE][PASSED] - Tapped on element 'Object Repository/ShopOpen/Chiller/ChillerNotAllocatedProductCategory_BackButton'

2018-12-04 12:08:25 - [MESSAGE][PASSED] - Call Test Case 'Test Cases/ShopOpen/Chiller/VisitProductCategoryAssets' successfully

2018-12-04 12:08:26 - [MESSAGE][PASSED] - Actual text and expected text of test object 'Object Repository/ShopOpen/Chiller/Validate_ChillerNotAllocatedProductCategoryScreen' are matched.

2018-12-04 12:08:27 - [TEST_CASE][PASSED] - Test Cases/ShopOpen/Chiller/VisitProductCategoryAssets: Test Cases/ShopOpen/Chiller/VisitProductCategoryAssets

2018-12-04 12:08:27 - [TEST_STEP][PASSED] - verifyElementText: Actual text and expected text of test object 'Object Repository/ShopOpen/Chiller/Validate_ProductCategoryAssetsScreen' are matched.

2018-12-04 12:08:29 - [MESSAGE][PASSED] - Actual text and expected text of test object 'Object Repository/ShopOpen/Chiller/Validate_ProductCategoryAssetsScreen' are matched.

2018-12-04 12:08:29 - [TEST_STEP][PASSED] - tap: Tapped on element 'Object Repository/ShopOpen/Chiller/Facing'

2018-12-04 12:08:29 - [MESSAGE][WARNING] - Timeout '0' is invalid. Using default page load timeout: '6'

2018-12-04 12:08:29 - [MESSAGE][PASSED] - Tapped on element 'Object Repository/ShopOpen/Chiller/Facing'

2018-12-04 12:08:29 - [TEST_STEP][PASSED] - verifyElementText: Actual text and expected text of test object 'Object Repository/ShopOpen/Chiller/Validate_FacingScreen' are matched.

2018-12-04 12:08:31 - [MESSAGE][PASSED] - Actual text and expected text of test object 'Object Repository/ShopOpen/Chiller/Validate_FacingScreen' are matched.

2018-12-04 12:08:31 - [TEST_STEP][PASSED] - com.ct.qa.keywords.ChannelProductsDataKeywords.visitChannelWiseProductsData: com.ct.qa.keywords.ChannelProductsDataKeywords.visitChannelWiseProductsData is PASSED

2018-12-04 12:08:35 - [MESSAGE][PASSED] - Keyboard is hidden

2018-12-04 12:08:38 - [MESSAGE][PASSED] - Keyboard is hidden

2018-12-04 12:08:41 - [MESSAGE][PASSED] - Keyboard is hidden

2018-12-04 12:08:42 - [MESSAGE][PASSED] - com.ct.qa.keywords.ChannelProductsDataKeywords.visitChannelWiseProductsData is PASSED

2018-12-04 12:08:42 - [TEST_STEP][PASSED] - tap: Tapped on element 'Object Repository/ShopOpen/Chiller/SubmitButton'

2018-12-04 12:08:42 - [MESSAGE][WARNING] - Timeout '0' is invalid. Using default page load timeout: '6'

2018-12-04 12:08:43 - [MESSAGE][PASSED] - Tapped on element 'Object Repository/ShopOpen/Chiller/SubmitButton'

2018-12-04 12:08:43 - [TEST_STEP][PASSED] - verifyElementText: Actual text and expected text of test object 'Object Repository/ShopOpen/Chiller/Validate_ProductCategoryAssetsScreen' are matched.

2018-12-04 12:08:43 - [MESSAGE][PASSED] - Actual text and expected text of test object 'Object Repository/ShopOpen/Chiller/Validate_ProductCategoryAssetsScreen' are matched.

2018-12-04 12:08:43 - [TEST_STEP][PASSED] - tap: Tapped on element 'Object Repository/ShopOpen/Chiller/StockTaking'

2018-12-04 12:08:43 - [MESSAGE][WARNING] - Timeout '0' is invalid. Using default page load timeout: '6'

2018-12-04 12:08:44 - [MESSAGE][PASSED] - Tapped on element 'Object Repository/ShopOpen/Chiller/StockTaking'

2018-12-04 12:08:44 - [TEST_STEP][PASSED] - verifyElementText: Actual text and expected text of test object 'Object Repository/ShopOpen/Chiller/Validate_StockTakingScreen' are matched.

2018-12-04 12:08:46 - [MESSAGE][PASSED] - Actual text and expected text of test object 'Object Repository/ShopOpen/Chiller/Validate_StockTakingScreen' are matched.

2018-12-04 12:08:46 - [TEST_STEP][PASSED] - com.ct.qa.keywords.ChannelProductsDataKeywords.visitChannelWiseProductsData: com.ct.qa.keywords.ChannelProductsDataKeywords.visitChannelWiseProductsData is PASSED

2018-12-04 12:08:49 - [MESSAGE][PASSED] - Keyboard is hidden

2018-12-04 12:08:52 - [MESSAGE][PASSED] - Keyboard is hidden

2018-12-04 12:08:55 - [MESSAGE][PASSED] - Keyboard is hidden

2018-12-04 12:08:56 - [MESSAGE][PASSED] - com.ct.qa.keywords.ChannelProductsDataKeywords.visitChannelWiseProductsData is PASSED

2018-12-04 12:08:56 - [TEST_STEP][PASSED] - tap: Tapped on element 'Object Repository/ShopOpen/Chiller/SubmitButton'

2018-12-04 12:08:56 - [MESSAGE][WARNING] - Timeout '0' is invalid. Using default page load timeout: '6'

2018-12-04 12:08:57 - [MESSAGE][PASSED] - Tapped on element 'Object Repository/ShopOpen/Chiller/SubmitButton'

2018-12-04 12:08:57 - [TEST_STEP][PASSED] - verifyElementText: Actual text and expected text of test object 'Object Repository/ShopOpen/Chiller/Validate_ProductCategoryAssetsScreen' are matched.

2018-12-04 12:08:58 - [MESSAGE][PASSED] - Actual text and expected text of test object 'Object Repository/ShopOpen/Chiller/Validate_ProductCategoryAssetsScreen' are matched.

2018-12-04 12:08:58 - [TEST_STEP][PASSED] - tap: Tapped on element 'Object Repository/ShopOpen/Chiller/ChillerNotAllocatedProductCategory_BackButton'

2018-12-04 12:08:58 - [MESSAGE][WARNING] - Timeout '0' is invalid. Using default page load timeout: '6'

2018-12-04 12:08:58 - [MESSAGE][PASSED] - Tapped on element 'Object Repository/ShopOpen/Chiller/ChillerNotAllocatedProductCategory_BackButton'

2018-12-04 12:08:58 - [MESSAGE][PASSED] - Call Test Case 'Test Cases/ShopOpen/Chiller/VisitProductCategoryAssets' successfully

2018-12-04 12:08:59 - [MESSAGE][PASSED] - Actual text and expected text of test object 'Object Repository/ShopOpen/Chiller/Validate_ChillerNotAllocatedProductCategoryScreen' are matched.

2018-12-04 12:08:59 - [MESSAGE][PASSED] - com.ct.qa.keywords.ChannelProductsDataKeywords.visitChillerNotAllocatedProductCategories is PASSED

2018-12-04 12:08:59 - [TEST_STEP][PASSED] - verifyElementText: Actual text and expected text of test object 'Object Repository/ShopOpen/Chiller/Validate_ChillerNotAllocatedProductCategoryScreen' are matched.

2018-12-04 12:08:59 - [MESSAGE][PASSED] - Actual text and expected text of test object 'Object Repository/ShopOpen/Chiller/Validate_ChillerNotAllocatedProductCategoryScreen' are matched.

2018-12-04 12:08:59 - [TEST_STEP][PASSED] - com.ct.qa.keywords.CommonKeywords.visitPlanogramImageViewButton: com.ct.qa.keywords.CommonKeywords.visitPlanogramImageViewButton is PASSED

2018-12-04 12:09:01 - [MESSAGE][WARNING] - Timeout '0' is invalid. Using default page load timeout: '6'

2018-12-04 12:09:08 - [MESSAGE][WARNING] - Object Object Repository/CommonScreenElements/InfoPopUp_OKButton not found
[[ATTACHMENT|F:\\Git Projects\\MMA_Merchandising\\MMA_Merchandising\\Reports\\MMA Merchandising With Channel Wise Data Verification\\20181204_113351\\1543907347511.png]]

2018-12-04 12:09:09 - [MESSAGE][PASSED] - com.ct.qa.keywords.CommonKeywords.visitPlanogramImageViewButton is PASSED

2018-12-04 12:09:09 - [TEST_STEP][PASSED] - verifyElementText: Actual text and expected text of test object 'Object Repository/ShopOpen/Chiller/Validate_ChillerNotAllocatedProductCategoryScreen' are matched.

2018-12-04 12:09:09 - [MESSAGE][PASSED] - Actual text and expected text of test object 'Object Repository/ShopOpen/Chiller/Validate_ChillerNotAllocatedProductCategoryScreen' are matched.

2018-12-04 12:09:09 - [TEST_STEP][PASSED] - com.ct.qa.keywords.CommonKeywords.visitPictureImageViewButton: com.ct.qa.keywords.CommonKeywords.visitPictureImageViewButton is PASSED

2018-12-04 12:09:12 - [MESSAGE][WARNING] - Timeout '0' is invalid. Using default page load timeout: '6'

2018-12-04 12:09:13 - [MESSAGE][PASSED] - Element 'Object Repository/CommonScreenElements/Validate_CameraScreen' is exist

2018-12-04 12:09:13 - [MESSAGE][WARNING] - Timeout '0' is invalid. Using default page load timeout: '6'

2018-12-04 12:09:16 - [MESSAGE][PASSED] - Tapped on element 'Object Repository/CommonScreenElements/TakePictureButton'

2018-12-04 12:09:21 - [MESSAGE][PASSED] - Delayed 5 second(s)

2018-12-04 12:09:21 - [MESSAGE][WARNING] - Timeout '0' is invalid. Using default page load timeout: '6'

2018-12-04 12:09:22 - [MESSAGE][PASSED] - Tapped on element 'Object Repository/CommonScreenElements/DoneButton'

2018-12-04 12:09:22 - [MESSAGE][PASSED] - com.ct.qa.keywords.CommonKeywords.visitPictureImageViewButton is PASSED

2018-12-04 12:09:22 - [TEST_STEP][PASSED] - verifyElementText: Actual text and expected text of test object 'Object Repository/ShopOpen/Chiller/Validate_ChillerNotAllocatedProductCategoryScreen' are matched.

2018-12-04 12:09:23 - [MESSAGE][PASSED] - Actual text and expected text of test object 'Object Repository/ShopOpen/Chiller/Validate_ChillerNotAllocatedProductCategoryScreen' are matched.

2018-12-04 12:09:23 - [TEST_STEP][PASSED] - com.ct.qa.keywords.CommonKeywords.visitBackImageViewButton: com.ct.qa.keywords.CommonKeywords.visitBackImageViewButton is PASSED

2018-12-04 12:09:24 - [MESSAGE][PASSED] - com.ct.qa.keywords.CommonKeywords.visitBackImageViewButton is PASSED

2018-12-04 12:09:24 - [TEST_STEP][PASSED] - verifyElementExist: Element 'Object Repository/ShopOpen/Validate_ShopCategoriesListScreen' is exist

2018-12-04 12:09:24 - [MESSAGE][WARNING] - Timeout '0' is invalid. Using default page load timeout: '6'

2018-12-04 12:09:26 - [MESSAGE][PASSED] - Element 'Object Repository/ShopOpen/Validate_ShopCategoriesListScreen' is exist

2018-12-04 12:09:26 - [MESSAGE][PASSED] - Call Test Case 'Test Cases/ShopOpen/Chiller/VisitChillerWithChillerNotAllocated' successfully

2018-12-04 12:09:27 - [MESSAGE][WARNING] - Timeout '0' is invalid. Using default page load timeout: '6'

2018-12-04 12:09:34 - [MESSAGE][WARNING] - Element 'Object Repository/CommonScreenElements/Validate_CameraScreen' not found
[[ATTACHMENT|F:\\Git Projects\\MMA_Merchandising\\MMA_Merchandising\\Reports\\MMA Merchandising With Channel Wise Data Verification\\20181204_113351\\1543907373915.png]]

2018-12-04 12:09:34 - [TEST_CASE][PASSED] - Test Cases/ShopOpen/Nestrade/VisitNestradeWithDSA: Test Cases/ShopOpen/Nestrade/VisitNestradeWithDSA

2018-12-04 12:09:34 - [TEST_STEP][PASSED] - verifyElementText: Actual text and expected text of test object 'Object Repository/ShopOpen/RemainingCategories/Validate_MainCategoryDetailScreen' are matched.

2018-12-04 12:09:35 - [MESSAGE][PASSED] - Actual text and expected text of test object 'Object Repository/ShopOpen/RemainingCategories/Validate_MainCategoryDetailScreen' are matched.

2018-12-04 12:09:35 - [TEST_STEP][PASSED] - tap: Tapped on element 'Object Repository/ShopOpen/RemainingCategories/DisplaySpaceAvailable'

2018-12-04 12:09:35 - [MESSAGE][WARNING] - Timeout '0' is invalid. Using default page load timeout: '6'

2018-12-04 12:09:35 - [MESSAGE][PASSED] - Tapped on element 'Object Repository/ShopOpen/RemainingCategories/DisplaySpaceAvailable'

2018-12-04 12:09:35 - [TEST_STEP][PASSED] - verifyElementText: Actual text and expected text of test object 'Object Repository/ShopOpen/Nestrade/Validate_NestradePorductCategoryScreen' are matched.

2018-12-04 12:09:37 - [MESSAGE][PASSED] - Actual text and expected text of test object 'Object Repository/ShopOpen/Nestrade/Validate_NestradePorductCategoryScreen' are matched.

2018-12-04 12:09:38 - [TEST_STEP][PASSED] - com.ct.qa.keywords.ChannelProductsDataKeywords.visitNestradeProductsCategoriesWithDSA: com.ct.qa.keywords.ChannelProductsDataKeywords.visitNestradeProductsCategoriesWithDSA is PASSED

2018-12-04 12:09:40 - [TEST_CASE][PASSED] - Test Cases/ShopOpen/Nestrade/VisitProductCategoryAssetsWithDSA: Test Cases/ShopOpen/Nestrade/VisitProductCategoryAssetsWithDSA

2018-12-04 12:09:40 - [TEST_STEP][PASSED] - verifyElementText: Actual text and expected text of test object 'Object Repository/ShopOpen/RemainingCategories/Validate_ProductCategoryAssetScreen' are matched.

2018-12-04 12:09:42 - [MESSAGE][PASSED] - Actual text and expected text of test object 'Object Repository/ShopOpen/RemainingCategories/Validate_ProductCategoryAssetScreen' are matched.

2018-12-04 12:09:42 - [TEST_STEP][PASSED] - tap: Tapped on element 'Object Repository/ShopOpen/RemainingCategories/Facing'

2018-12-04 12:09:42 - [MESSAGE][WARNING] - Timeout '0' is invalid. Using default page load timeout: '6'

2018-12-04 12:09:42 - [MESSAGE][PASSED] - Tapped on element 'Object Repository/ShopOpen/RemainingCategories/Facing'

2018-12-04 12:09:42 - [TEST_STEP][PASSED] - verifyElementText: Actual text and expected text of test object 'Object Repository/ShopOpen/RemainingCategories/Validate_FacingScreen' are matched.

2018-12-04 12:09:44 - [MESSAGE][PASSED] - Actual text and expected text of test object 'Object Repository/ShopOpen/RemainingCategories/Validate_FacingScreen' are matched.

2018-12-04 12:09:44 - [TEST_STEP][PASSED] - com.ct.qa.keywords.ChannelProductsDataKeywords.visitChannelWiseProductsData: com.ct.qa.keywords.ChannelProductsDataKeywords.visitChannelWiseProductsData is PASSED

2018-12-04 12:09:49 - [MESSAGE][PASSED] - Keyboard is hidden

2018-12-04 12:09:52 - [MESSAGE][PASSED] - Keyboard is hidden

2018-12-04 12:09:55 - [MESSAGE][PASSED] - Keyboard is hidden

2018-12-04 12:09:58 - [MESSAGE][PASSED] - Keyboard is hidden

2018-12-04 12:10:01 - [MESSAGE][PASSED] - Keyboard is hidden

2018-12-04 12:10:04 - [MESSAGE][PASSED] - Keyboard is hidden

2018-12-04 12:10:06 - [MESSAGE][PASSED] - Swiped from 83,359 to 83,250

2018-12-04 12:10:07 - [MESSAGE][PASSED] - com.ct.qa.keywords.ChannelProductsDataKeywords.visitChannelWiseProductsData is PASSED

2018-12-04 12:10:07 - [TEST_STEP][PASSED] - tap: Tapped on element 'Object Repository/ShopOpen/RemainingCategories/SubmitButton'

2018-12-04 12:10:07 - [MESSAGE][WARNING] - Timeout '0' is invalid. Using default page load timeout: '6'

2018-12-04 12:10:08 - [MESSAGE][PASSED] - Tapped on element 'Object Repository/ShopOpen/RemainingCategories/SubmitButton'

2018-12-04 12:10:08 - [TEST_STEP][PASSED] - verifyElementText: Actual text and expected text of test object 'Object Repository/ShopOpen/RemainingCategories/Validate_ProductCategoryAssetScreen' are matched.

2018-12-04 12:10:10 - [MESSAGE][PASSED] - Actual text and expected text of test object 'Object Repository/ShopOpen/RemainingCategories/Validate_ProductCategoryAssetScreen' are matched.

2018-12-04 12:10:10 - [TEST_STEP][PASSED] - tap: Tapped on element 'Object Repository/ShopOpen/RemainingCategories/StockTaking'

2018-12-04 12:10:10 - [MESSAGE][WARNING] - Timeout '0' is invalid. Using default page load timeout: '6'

2018-12-04 12:10:10 - [MESSAGE][PASSED] - Tapped on element 'Object Repository/ShopOpen/RemainingCategories/StockTaking'

2018-12-04 12:10:10 - [TEST_STEP][PASSED] - verifyElementText: Actual text and expected text of test object 'Object Repository/ShopOpen/RemainingCategories/Validate_StockTakingScreen' are matched.

2018-12-04 12:10:12 - [MESSAGE][PASSED] - Actual text and expected text of test object 'Object Repository/ShopOpen/RemainingCategories/Validate_StockTakingScreen' are matched.

2018-12-04 12:10:12 - [TEST_STEP][PASSED] - com.ct.qa.keywords.ChannelProductsDataKeywords.visitChannelWiseProductsData: com.ct.qa.keywords.ChannelProductsDataKeywords.visitChannelWiseProductsData is PASSED

2018-12-04 12:10:16 - [MESSAGE][PASSED] - Keyboard is hidden

2018-12-04 12:10:19 - [MESSAGE][PASSED] - Keyboard is hidden

2018-12-04 12:10:22 - [MESSAGE][PASSED] - Keyboard is hidden

2018-12-04 12:10:25 - [MESSAGE][PASSED] - Keyboard is hidden

2018-12-04 12:10:28 - [MESSAGE][PASSED] - Keyboard is hidden

2018-12-04 12:10:31 - [MESSAGE][PASSED] - Keyboard is hidden

2018-12-04 12:10:33 - [MESSAGE][PASSED] - Swiped from 83,359 to 83,250

2018-12-04 12:10:34 - [MESSAGE][PASSED] - com.ct.qa.keywords.ChannelProductsDataKeywords.visitChannelWiseProductsData is PASSED

2018-12-04 12:10:34 - [TEST_STEP][PASSED] - tap: Tapped on element 'Object Repository/ShopOpen/RemainingCategories/SubmitButton'

2018-12-04 12:10:34 - [MESSAGE][WARNING] - Timeout '0' is invalid. Using default page load timeout: '6'

2018-12-04 12:10:35 - [MESSAGE][PASSED] - Tapped on element 'Object Repository/ShopOpen/RemainingCategories/SubmitButton'

2018-12-04 12:10:35 - [TEST_STEP][PASSED] - verifyElementText: Actual text and expected text of test object 'Object Repository/ShopOpen/RemainingCategories/Validate_ProductCategoryAssetScreen' are matched.

2018-12-04 12:10:36 - [MESSAGE][PASSED] - Actual text and expected text of test object 'Object Repository/ShopOpen/RemainingCategories/Validate_ProductCategoryAssetScreen' are matched.

2018-12-04 12:10:36 - [TEST_STEP][PASSED] - tap: Tapped on element 'Object Repository/ShopOpen/RemainingCategories/ProductCategoryAsset_BackButton'

2018-12-04 12:10:36 - [MESSAGE][WARNING] - Timeout '0' is invalid. Using default page load timeout: '6'

2018-12-04 12:10:36 - [MESSAGE][PASSED] - Tapped on element 'Object Repository/ShopOpen/RemainingCategories/ProductCategoryAsset_BackButton'

2018-12-04 12:10:36 - [TEST_STEP][PASSED] - verifyElementText: Actual text and expected text of test object 'Object Repository/ShopOpen/Nestrade/Validate_NestradePorductCategoryScreen' are matched.

2018-12-04 12:10:37 - [MESSAGE][PASSED] - Actual text and expected text of test object 'Object Repository/ShopOpen/Nestrade/Validate_NestradePorductCategoryScreen' are matched.

2018-12-04 12:10:37 - [MESSAGE][PASSED] - Call Test Case 'Test Cases/ShopOpen/Nestrade/VisitProductCategoryAssetsWithDSA' successfully

2018-12-04 12:10:38 - [TEST_CASE][PASSED] - Test Cases/ShopOpen/Nestrade/VisitProductCategoryAssetsWithDSA: Test Cases/ShopOpen/Nestrade/VisitProductCategoryAssetsWithDSA

2018-12-04 12:10:38 - [TEST_STEP][PASSED] - verifyElementText: Actual text and expected text of test object 'Object Repository/ShopOpen/RemainingCategories/Validate_ProductCategoryAssetScreen' are matched.

2018-12-04 12:10:40 - [MESSAGE][PASSED] - Actual text and expected text of test object 'Object Repository/ShopOpen/RemainingCategories/Validate_ProductCategoryAssetScreen' are matched.

2018-12-04 12:10:40 - [TEST_STEP][PASSED] - tap: Tapped on element 'Object Repository/ShopOpen/RemainingCategories/Facing'

2018-12-04 12:10:40 - [MESSAGE][WARNING] - Timeout '0' is invalid. Using default page load timeout: '6'

2018-12-04 12:10:40 - [MESSAGE][PASSED] - Tapped on element 'Object Repository/ShopOpen/RemainingCategories/Facing'

2018-12-04 12:10:40 - [TEST_STEP][PASSED] - verifyElementText: Actual text and expected text of test object 'Object Repository/ShopOpen/RemainingCategories/Validate_FacingScreen' are matched.

2018-12-04 12:10:42 - [MESSAGE][PASSED] - Actual text and expected text of test object 'Object Repository/ShopOpen/RemainingCategories/Validate_FacingScreen' are matched.

2018-12-04 12:10:42 - [TEST_STEP][PASSED] - com.ct.qa.keywords.ChannelProductsDataKeywords.visitChannelWiseProductsData: com.ct.qa.keywords.ChannelProductsDataKeywords.visitChannelWiseProductsData is PASSED

2018-12-04 12:10:47 - [MESSAGE][PASSED] - Keyboard is hidden

2018-12-04 12:10:50 - [MESSAGE][PASSED] - Keyboard is hidden

2018-12-04 12:10:53 - [MESSAGE][PASSED] - Keyboard is hidden

2018-12-04 12:10:56 - [MESSAGE][PASSED] - Keyboard is hidden

2018-12-04 12:10:59 - [MESSAGE][PASSED] - Keyboard is hidden

2018-12-04 12:11:02 - [MESSAGE][PASSED] - Keyboard is hidden

2018-12-04 12:11:04 - [MESSAGE][PASSED] - Swiped from 105,359 to 105,250

2018-12-04 12:11:05 - [MESSAGE][PASSED] - com.ct.qa.keywords.ChannelProductsDataKeywords.visitChannelWiseProductsData is PASSED

2018-12-04 12:11:05 - [TEST_STEP][PASSED] - tap: Tapped on element 'Object Repository/ShopOpen/RemainingCategories/SubmitButton'

2018-12-04 12:11:05 - [MESSAGE][WARNING] - Timeout '0' is invalid. Using default page load timeout: '6'

2018-12-04 12:11:06 - [MESSAGE][PASSED] - Tapped on element 'Object Repository/ShopOpen/RemainingCategories/SubmitButton'

2018-12-04 12:11:06 - [TEST_STEP][PASSED] - verifyElementText: Actual text and expected text of test object 'Object Repository/ShopOpen/RemainingCategories/Validate_ProductCategoryAssetScreen' are matched.

2018-12-04 12:11:07 - [MESSAGE][PASSED] - Actual text and expected text of test object 'Object Repository/ShopOpen/RemainingCategories/Validate_ProductCategoryAssetScreen' are matched.

2018-12-04 12:11:07 - [TEST_STEP][PASSED] - tap: Tapped on element 'Object Repository/ShopOpen/RemainingCategories/StockTaking'

2018-12-04 12:11:07 - [MESSAGE][WARNING] - Timeout '0' is invalid. Using default page load timeout: '6'

2018-12-04 12:11:07 - [MESSAGE][PASSED] - Tapped on element 'Object Repository/ShopOpen/RemainingCategories/StockTaking'

2018-12-04 12:11:07 - [TEST_STEP][PASSED] - verifyElementText: Actual text and expected text of test object 'Object Repository/ShopOpen/RemainingCategories/Validate_StockTakingScreen' are matched.

2018-12-04 12:11:09 - [MESSAGE][PASSED] - Actual text and expected text of test object 'Object Repository/ShopOpen/RemainingCategories/Validate_StockTakingScreen' are matched.

2018-12-04 12:11:09 - [TEST_STEP][PASSED] - com.ct.qa.keywords.ChannelProductsDataKeywords.visitChannelWiseProductsData: com.ct.qa.keywords.ChannelProductsDataKeywords.visitChannelWiseProductsData is PASSED

2018-12-04 12:11:14 - [MESSAGE][PASSED] - Keyboard is hidden

2018-12-04 12:11:17 - [MESSAGE][PASSED] - Keyboard is hidden

2018-12-04 12:11:20 - [MESSAGE][PASSED] - Keyboard is hidden

2018-12-04 12:11:23 - [MESSAGE][PASSED] - Keyboard is hidden

2018-12-04 12:11:26 - [MESSAGE][PASSED] - Keyboard is hidden

2018-12-04 12:11:29 - [MESSAGE][PASSED] - Keyboard is hidden

2018-12-04 12:11:31 - [MESSAGE][PASSED] - Swiped from 105,359 to 105,250

2018-12-04 12:11:32 - [MESSAGE][PASSED] - com.ct.qa.keywords.ChannelProductsDataKeywords.visitChannelWiseProductsData is PASSED

2018-12-04 12:11:32 - [TEST_STEP][PASSED] - tap: Tapped on element 'Object Repository/ShopOpen/RemainingCategories/SubmitButton'

2018-12-04 12:11:32 - [MESSAGE][WARNING] - Timeout '0' is invalid. Using default page load timeout: '6'

2018-12-04 12:11:33 - [MESSAGE][PASSED] - Tapped on element 'Object Repository/ShopOpen/RemainingCategories/SubmitButton'

2018-12-04 12:11:33 - [TEST_STEP][PASSED] - verifyElementText: Actual text and expected text of test object 'Object Repository/ShopOpen/RemainingCategories/Validate_ProductCategoryAssetScreen' are matched.

2018-12-04 12:11:34 - [MESSAGE][PASSED] - Actual text and expected text of test object 'Object Repository/ShopOpen/RemainingCategories/Validate_ProductCategoryAssetScreen' are matched.

2018-12-04 12:11:34 - [TEST_STEP][PASSED] - tap: Tapped on element 'Object Repository/ShopOpen/RemainingCategories/ProductCategoryAsset_BackButton'

2018-12-04 12:11:34 - [MESSAGE][WARNING] - Timeout '0' is invalid. Using default page load timeout: '6'

2018-12-04 12:11:34 - [MESSAGE][PASSED] - Tapped on element 'Object Repository/ShopOpen/RemainingCategories/ProductCategoryAsset_BackButton'

2018-12-04 12:11:34 - [TEST_STEP][PASSED] - verifyElementText: Actual text and expected text of test object 'Object Repository/ShopOpen/Nestrade/Validate_NestradePorductCategoryScreen' are matched.

2018-12-04 12:11:35 - [MESSAGE][PASSED] - Actual text and expected text of test object 'Object Repository/ShopOpen/Nestrade/Validate_NestradePorductCategoryScreen' are matched.

2018-12-04 12:11:35 - [MESSAGE][PASSED] - Call Test Case 'Test Cases/ShopOpen/Nestrade/VisitProductCategoryAssetsWithDSA' successfully

2018-12-04 12:11:36 - [TEST_CASE][PASSED] - Test Cases/ShopOpen/Nestrade/VisitProductCategoryAssetsWithDSA: Test Cases/ShopOpen/Nestrade/VisitProductCategoryAssetsWithDSA

2018-12-04 12:11:36 - [TEST_STEP][PASSED] - verifyElementText: Actual text and expected text of test object 'Object Repository/ShopOpen/RemainingCategories/Validate_ProductCategoryAssetScreen' are matched.

2018-12-04 12:11:37 - [MESSAGE][PASSED] - Actual text and expected text of test object 'Object Repository/ShopOpen/RemainingCategories/Validate_ProductCategoryAssetScreen' are matched.

2018-12-04 12:11:37 - [TEST_STEP][PASSED] - tap: Tapped on element 'Object Repository/ShopOpen/RemainingCategories/Facing'

2018-12-04 12:11:37 - [MESSAGE][WARNING] - Timeout '0' is invalid. Using default page load timeout: '6'

2018-12-04 12:11:38 - [MESSAGE][PASSED] - Tapped on element 'Object Repository/ShopOpen/RemainingCategories/Facing'

2018-12-04 12:11:38 - [TEST_STEP][PASSED] - verifyElementText: Actual text and expected text of test object 'Object Repository/ShopOpen/RemainingCategories/Validate_FacingScreen' are matched.

2018-12-04 12:11:40 - [MESSAGE][PASSED] - Actual text and expected text of test object 'Object Repository/ShopOpen/RemainingCategories/Validate_FacingScreen' are matched.

2018-12-04 12:11:40 - [TEST_STEP][PASSED] - com.ct.qa.keywords.ChannelProductsDataKeywords.visitChannelWiseProductsData: com.ct.qa.keywords.ChannelProductsDataKeywords.visitChannelWiseProductsData is PASSED

2018-12-04 12:11:43 - [MESSAGE][PASSED] - Keyboard is hidden

2018-12-04 12:11:43 - [MESSAGE][PASSED] - com.ct.qa.keywords.ChannelProductsDataKeywords.visitChannelWiseProductsData is PASSED

2018-12-04 12:11:43 - [TEST_STEP][PASSED] - tap: Tapped on element 'Object Repository/ShopOpen/RemainingCategories/SubmitButton'

2018-12-04 12:11:43 - [MESSAGE][WARNING] - Timeout '0' is invalid. Using default page load timeout: '6'

2018-12-04 12:11:44 - [MESSAGE][PASSED] - Tapped on element 'Object Repository/ShopOpen/RemainingCategories/SubmitButton'

2018-12-04 12:11:44 - [TEST_STEP][PASSED] - verifyElementText: Actual text and expected text of test object 'Object Repository/ShopOpen/RemainingCategories/Validate_ProductCategoryAssetScreen' are matched.

2018-12-04 12:11:45 - [MESSAGE][PASSED] - Actual text and expected text of test object 'Object Repository/ShopOpen/RemainingCategories/Validate_ProductCategoryAssetScreen' are matched.

2018-12-04 12:11:45 - [TEST_STEP][PASSED] - tap: Tapped on element 'Object Repository/ShopOpen/RemainingCategories/StockTaking'

2018-12-04 12:11:45 - [MESSAGE][WARNING] - Timeout '0' is invalid. Using default page load timeout: '6'

2018-12-04 12:11:45 - [MESSAGE][PASSED] - Tapped on element 'Object Repository/ShopOpen/RemainingCategories/StockTaking'

2018-12-04 12:11:45 - [TEST_STEP][PASSED] - verifyElementText: Actual text and expected text of test object 'Object Repository/ShopOpen/RemainingCategories/Validate_StockTakingScreen' are matched.

2018-12-04 12:11:46 - [MESSAGE][PASSED] - Actual text and expected text of test object 'Object Repository/ShopOpen/RemainingCategories/Validate_StockTakingScreen' are matched.

2018-12-04 12:11:46 - [TEST_STEP][PASSED] - com.ct.qa.keywords.ChannelProductsDataKeywords.visitChannelWiseProductsData: com.ct.qa.keywords.ChannelProductsDataKeywords.visitChannelWiseProductsData is PASSED

2018-12-04 12:11:50 - [MESSAGE][PASSED] - Keyboard is hidden

2018-12-04 12:11:51 - [MESSAGE][PASSED] - com.ct.qa.keywords.ChannelProductsDataKeywords.visitChannelWiseProductsData is PASSED

2018-12-04 12:11:51 - [TEST_STEP][PASSED] - tap: Tapped on element 'Object Repository/ShopOpen/RemainingCategories/SubmitButton'

2018-12-04 12:11:51 - [MESSAGE][WARNING] - Timeout '0' is invalid. Using default page load timeout: '6'

2018-12-04 12:11:51 - [MESSAGE][PASSED] - Tapped on element 'Object Repository/ShopOpen/RemainingCategories/SubmitButton'

2018-12-04 12:11:51 - [TEST_STEP][PASSED] - verifyElementText: Actual text and expected text of test object 'Object Repository/ShopOpen/RemainingCategories/Validate_ProductCategoryAssetScreen' are matched.

2018-12-04 12:11:52 - [MESSAGE][PASSED] - Actual text and expected text of test object 'Object Repository/ShopOpen/RemainingCategories/Validate_ProductCategoryAssetScreen' are matched.

2018-12-04 12:11:52 - [TEST_STEP][PASSED] - tap: Tapped on element 'Object Repository/ShopOpen/RemainingCategories/ProductCategoryAsset_BackButton'

2018-12-04 12:11:52 - [MESSAGE][WARNING] - Timeout '0' is invalid. Using default page load timeout: '6'

2018-12-04 12:11:52 - [MESSAGE][PASSED] - Tapped on element 'Object Repository/ShopOpen/RemainingCategories/ProductCategoryAsset_BackButton'

2018-12-04 12:11:52 - [TEST_STEP][PASSED] - verifyElementText: Actual text and expected text of test object 'Object Repository/ShopOpen/Nestrade/Validate_NestradePorductCategoryScreen' are matched.

2018-12-04 12:11:53 - [MESSAGE][PASSED] - Actual text and expected text of test object 'Object Repository/ShopOpen/Nestrade/Validate_NestradePorductCategoryScreen' are matched.

2018-12-04 12:11:53 - [MESSAGE][PASSED] - Call Test Case 'Test Cases/ShopOpen/Nestrade/VisitProductCategoryAssetsWithDSA' successfully

2018-12-04 12:11:53 - [MESSAGE][PASSED] - com.ct.qa.keywords.ChannelProductsDataKeywords.visitNestradeProductsCategoriesWithDSA is PASSED

2018-12-04 12:11:53 - [TEST_STEP][PASSED] - com.ct.qa.keywords.CommonKeywords.visitPlanogramImageViewButton: com.ct.qa.keywords.CommonKeywords.visitPlanogramImageViewButton is PASSED

2018-12-04 12:11:55 - [MESSAGE][WARNING] - Timeout '0' is invalid. Using default page load timeout: '6'

2018-12-04 12:12:02 - [MESSAGE][WARNING] - Object Object Repository/CommonScreenElements/InfoPopUp_OKButton not found
[[ATTACHMENT|F:\\Git Projects\\MMA_Merchandising\\MMA_Merchandising\\Reports\\MMA Merchandising With Channel Wise Data Verification\\20181204_113351\\1543907521530.png]]

2018-12-04 12:12:03 - [MESSAGE][PASSED] - com.ct.qa.keywords.CommonKeywords.visitPlanogramImageViewButton is PASSED

2018-12-04 12:12:03 - [TEST_STEP][PASSED] - verifyElementText: Actual text and expected text of test object 'Object Repository/ShopOpen/Nestrade/Validate_NestradePorductCategoryScreen' are matched.

2018-12-04 12:12:03 - [MESSAGE][PASSED] - Actual text and expected text of test object 'Object Repository/ShopOpen/Nestrade/Validate_NestradePorductCategoryScreen' are matched.

2018-12-04 12:12:03 - [TEST_STEP][PASSED] - com.ct.qa.keywords.CommonKeywords.visitPictureImageViewButton: com.ct.qa.keywords.CommonKeywords.visitPictureImageViewButton is PASSED

2018-12-04 12:12:06 - [MESSAGE][WARNING] - Timeout '0' is invalid. Using default page load timeout: '6'

2018-12-04 12:12:07 - [MESSAGE][PASSED] - Element 'Object Repository/CommonScreenElements/Validate_CameraScreen' is exist

2018-12-04 12:12:07 - [MESSAGE][WARNING] - Timeout '0' is invalid. Using default page load timeout: '6'

2018-12-04 12:12:11 - [MESSAGE][PASSED] - Tapped on element 'Object Repository/CommonScreenElements/TakePictureButton'

2018-12-04 12:12:16 - [MESSAGE][PASSED] - Delayed 5 second(s)

2018-12-04 12:12:16 - [MESSAGE][WARNING] - Timeout '0' is invalid. Using default page load timeout: '6'

2018-12-04 12:12:16 - [MESSAGE][PASSED] - Tapped on element 'Object Repository/CommonScreenElements/DoneButton'

2018-12-04 12:12:16 - [MESSAGE][PASSED] - com.ct.qa.keywords.CommonKeywords.visitPictureImageViewButton is PASSED

2018-12-04 12:12:16 - [TEST_STEP][PASSED] - verifyElementText: Actual text and expected text of test object 'Object Repository/ShopOpen/Nestrade/Validate_NestradePorductCategoryScreen' are matched.

2018-12-04 12:12:18 - [MESSAGE][PASSED] - Actual text and expected text of test object 'Object Repository/ShopOpen/Nestrade/Validate_NestradePorductCategoryScreen' are matched.

2018-12-04 12:12:18 - [TEST_STEP][PASSED] - com.ct.qa.keywords.CommonKeywords.visitBackImageViewButton: com.ct.qa.keywords.CommonKeywords.visitBackImageViewButton is PASSED

2018-12-04 12:12:19 - [MESSAGE][PASSED] - com.ct.qa.keywords.CommonKeywords.visitBackImageViewButton is PASSED

2018-12-04 12:12:19 - [TEST_STEP][PASSED] - verifyElementExist: Element 'Object Repository/ShopOpen/Validate_ShopCategoriesListScreen' is exist

2018-12-04 12:12:19 - [MESSAGE][WARNING] - Timeout '0' is invalid. Using default page load timeout: '6'

2018-12-04 12:12:21 - [MESSAGE][PASSED] - Element 'Object Repository/ShopOpen/Validate_ShopCategoriesListScreen' is exist

2018-12-04 12:12:21 - [MESSAGE][PASSED] - Call Test Case 'Test Cases/ShopOpen/Nestrade/VisitNestradeWithDSA' successfully

2018-12-04 12:12:22 - [MESSAGE][WARNING] - Timeout '0' is invalid. Using default page load timeout: '6'

2018-12-04 12:12:30 - [MESSAGE][WARNING] - Element 'Object Repository/CommonScreenElements/Validate_CameraScreen' not found
[[ATTACHMENT|F:\\Git Projects\\MMA_Merchandising\\MMA_Merchandising\\Reports\\MMA Merchandising With Channel Wise Data Verification\\20181204_113351\\1543907549066.png]]

2018-12-04 12:12:30 - [TEST_CASE][PASSED] - Test Cases/ShopOpen/RemainingCategories/VisitRemainingCategoriesWithDSA: Test Cases/ShopOpen/RemainingCategories/VisitRemainingCategoriesWithDSA

2018-12-04 12:12:30 - [TEST_STEP][PASSED] - verifyElementText: Actual text and expected text of test object 'Object Repository/ShopOpen/RemainingCategories/Validate_MainCategoryDetailScreen' are matched.

2018-12-04 12:12:30 - [MESSAGE][PASSED] - Actual text and expected text of test object 'Object Repository/ShopOpen/RemainingCategories/Validate_MainCategoryDetailScreen' are matched.

2018-12-04 12:12:30 - [TEST_STEP][PASSED] - tap: Tapped on element 'Object Repository/ShopOpen/RemainingCategories/DisplaySpaceAvailable'

2018-12-04 12:12:30 - [MESSAGE][WARNING] - Timeout '0' is invalid. Using default page load timeout: '6'

2018-12-04 12:12:31 - [MESSAGE][PASSED] - Tapped on element 'Object Repository/ShopOpen/RemainingCategories/DisplaySpaceAvailable'

2018-12-04 12:12:31 - [TEST_STEP][PASSED] - verifyElementText: Actual text and expected text of test object 'Object Repository/ShopOpen/RemainingCategories/Validate_ProductCategoryAssetScreen' are matched.

2018-12-04 12:12:33 - [MESSAGE][PASSED] - Actual text and expected text of test object 'Object Repository/ShopOpen/RemainingCategories/Validate_ProductCategoryAssetScreen' are matched.

2018-12-04 12:12:33 - [TEST_STEP][PASSED] - tap: Tapped on element 'Object Repository/ShopOpen/RemainingCategories/Facing'

2018-12-04 12:12:33 - [MESSAGE][WARNING] - Timeout '0' is invalid. Using default page load timeout: '6'

2018-12-04 12:12:33 - [MESSAGE][PASSED] - Tapped on element 'Object Repository/ShopOpen/RemainingCategories/Facing'

2018-12-04 12:12:33 - [TEST_STEP][PASSED] - verifyElementText: Actual text and expected text of test object 'Object Repository/ShopOpen/RemainingCategories/Validate_FacingScreen' are matched.

2018-12-04 12:12:35 - [MESSAGE][PASSED] - Actual text and expected text of test object 'Object Repository/ShopOpen/RemainingCategories/Validate_FacingScreen' are matched.

2018-12-04 12:12:35 - [TEST_STEP][PASSED] - com.ct.qa.keywords.ChannelProductsDataKeywords.visitChannelWiseProductsData: com.ct.qa.keywords.ChannelProductsDataKeywords.visitChannelWiseProductsData is PASSED

2018-12-04 12:12:40 - [MESSAGE][PASSED] - Keyboard is hidden

2018-12-04 12:12:43 - [MESSAGE][PASSED] - Keyboard is hidden

2018-12-04 12:12:46 - [MESSAGE][PASSED] - Keyboard is hidden

2018-12-04 12:12:49 - [MESSAGE][PASSED] - Keyboard is hidden

2018-12-04 12:12:52 - [MESSAGE][PASSED] - Keyboard is hidden

2018-12-04 12:12:55 - [MESSAGE][PASSED] - Keyboard is hidden

2018-12-04 12:12:57 - [MESSAGE][PASSED] - Swiped from 50,359 to 50,250

2018-12-04 12:13:01 - [MESSAGE][PASSED] - Keyboard is hidden

2018-12-04 12:13:02 - [MESSAGE][PASSED] - Swiped from 50,359 to 50,250

2018-12-04 12:13:06 - [MESSAGE][PASSED] - Keyboard is hidden

2018-12-04 12:13:07 - [MESSAGE][PASSED] - Swiped from 50,359 to 50,250

2018-12-04 12:13:11 - [MESSAGE][PASSED] - Keyboard is hidden

2018-12-04 12:13:12 - [MESSAGE][PASSED] - Swiped from 50,359 to 50,250

2018-12-04 12:13:16 - [MESSAGE][PASSED] - Keyboard is hidden

2018-12-04 12:13:17 - [MESSAGE][PASSED] - Swiped from 50,359 to 50,250

2018-12-04 12:13:21 - [MESSAGE][PASSED] - Keyboard is hidden

2018-12-04 12:13:22 - [MESSAGE][PASSED] - Swiped from 50,359 to 50,250

2018-12-04 12:13:26 - [MESSAGE][PASSED] - Keyboard is hidden

2018-12-04 12:13:27 - [MESSAGE][PASSED] - Swiped from 50,359 to 50,250

2018-12-04 12:13:31 - [MESSAGE][PASSED] - Keyboard is hidden

2018-12-04 12:13:32 - [MESSAGE][PASSED] - Swiped from 50,359 to 50,250

2018-12-04 12:13:36 - [MESSAGE][PASSED] - Keyboard is hidden

2018-12-04 12:13:37 - [MESSAGE][PASSED] - Swiped from 50,359 to 50,250

2018-12-04 12:13:38 - [MESSAGE][PASSED] - com.ct.qa.keywords.ChannelProductsDataKeywords.visitChannelWiseProductsData is PASSED

2018-12-04 12:13:38 - [TEST_STEP][PASSED] - tap: Tapped on element 'Object Repository/ShopOpen/RemainingCategories/SubmitButton'

2018-12-04 12:13:38 - [MESSAGE][WARNING] - Timeout '0' is invalid. Using default page load timeout: '6'

2018-12-04 12:13:39 - [MESSAGE][PASSED] - Tapped on element 'Object Repository/ShopOpen/RemainingCategories/SubmitButton'

2018-12-04 12:13:39 - [TEST_STEP][PASSED] - verifyElementText: Actual text and expected text of test object 'Object Repository/ShopOpen/RemainingCategories/Validate_ProductCategoryAssetScreen' are matched.

2018-12-04 12:13:40 - [MESSAGE][PASSED] - Actual text and expected text of test object 'Object Repository/ShopOpen/RemainingCategories/Validate_ProductCategoryAssetScreen' are matched.

2018-12-04 12:13:40 - [TEST_STEP][PASSED] - tap: Tapped on element 'Object Repository/ShopOpen/RemainingCategories/StockTaking'

2018-12-04 12:13:40 - [MESSAGE][WARNING] - Timeout '0' is invalid. Using default page load timeout: '6'

2018-12-04 12:13:41 - [MESSAGE][PASSED] - Tapped on element 'Object Repository/ShopOpen/RemainingCategories/StockTaking'

2018-12-04 12:13:41 - [TEST_STEP][PASSED] - verifyElementText: Actual text and expected text of test object 'Object Repository/ShopOpen/RemainingCategories/Validate_StockTakingScreen' are matched.

2018-12-04 12:13:43 - [MESSAGE][PASSED] - Actual text and expected text of test object 'Object Repository/ShopOpen/RemainingCategories/Validate_StockTakingScreen' are matched.

2018-12-04 12:13:43 - [TEST_STEP][PASSED] - com.ct.qa.keywords.ChannelProductsDataKeywords.visitChannelWiseProductsData: com.ct.qa.keywords.ChannelProductsDataKeywords.visitChannelWiseProductsData is PASSED

2018-12-04 12:13:47 - [MESSAGE][PASSED] - Keyboard is hidden

2018-12-04 12:13:50 - [MESSAGE][PASSED] - Keyboard is hidden

2018-12-04 12:13:53 - [MESSAGE][PASSED] - Keyboard is hidden

2018-12-04 12:13:56 - [MESSAGE][PASSED] - Keyboard is hidden

2018-12-04 12:13:59 - [MESSAGE][PASSED] - Keyboard is hidden

2018-12-04 12:14:02 - [MESSAGE][PASSED] - Keyboard is hidden

2018-12-04 12:14:04 - [MESSAGE][PASSED] - Swiped from 50,359 to 50,250

2018-12-04 12:14:08 - [MESSAGE][PASSED] - Keyboard is hidden

2018-12-04 12:14:10 - [MESSAGE][PASSED] - Swiped from 50,359 to 50,250

2018-12-04 12:14:13 - [MESSAGE][PASSED] - Keyboard is hidden

2018-12-04 12:14:14 - [MESSAGE][PASSED] - Swiped from 50,359 to 50,250

2018-12-04 12:14:18 - [MESSAGE][PASSED] - Keyboard is hidden

2018-12-04 12:14:19 - [MESSAGE][PASSED] - Swiped from 50,359 to 50,250

2018-12-04 12:14:23 - [MESSAGE][PASSED] - Keyboard is hidden

2018-12-04 12:14:24 - [MESSAGE][PASSED] - Swiped from 50,359 to 50,250

2018-12-04 12:14:28 - [MESSAGE][PASSED] - Keyboard is hidden

2018-12-04 12:14:29 - [MESSAGE][PASSED] - Swiped from 50,359 to 50,250

2018-12-04 12:14:33 - [MESSAGE][PASSED] - Keyboard is hidden

2018-12-04 12:14:34 - [MESSAGE][PASSED] - Swiped from 50,359 to 50,250

2018-12-04 12:14:38 - [MESSAGE][PASSED] - Keyboard is hidden

2018-12-04 12:14:39 - [MESSAGE][PASSED] - Swiped from 50,359 to 50,250

2018-12-04 12:14:43 - [MESSAGE][PASSED] - Keyboard is hidden

2018-12-04 12:14:44 - [MESSAGE][PASSED] - Swiped from 50,359 to 50,250

2018-12-04 12:14:45 - [MESSAGE][PASSED] - com.ct.qa.keywords.ChannelProductsDataKeywords.visitChannelWiseProductsData is PASSED

2018-12-04 12:14:45 - [TEST_STEP][PASSED] - tap: Tapped on element 'Object Repository/ShopOpen/RemainingCategories/SubmitButton'

2018-12-04 12:14:45 - [MESSAGE][WARNING] - Timeout '0' is invalid. Using default page load timeout: '6'

2018-12-04 12:14:46 - [MESSAGE][PASSED] - Tapped on element 'Object Repository/ShopOpen/RemainingCategories/SubmitButton'

2018-12-04 12:14:46 - [TEST_STEP][PASSED] - verifyElementText: Actual text and expected text of test object 'Object Repository/ShopOpen/RemainingCategories/Validate_ProductCategoryAssetScreen' are matched.

2018-12-04 12:14:47 - [MESSAGE][PASSED] - Actual text and expected text of test object 'Object Repository/ShopOpen/RemainingCategories/Validate_ProductCategoryAssetScreen' are matched.

2018-12-04 12:14:47 - [TEST_STEP][PASSED] - com.ct.qa.keywords.CommonKeywords.visitPlanogramImageViewButton: com.ct.qa.keywords.CommonKeywords.visitPlanogramImageViewButton is PASSED

2018-12-04 12:14:49 - [MESSAGE][WARNING] - Timeout '0' is invalid. Using default page load timeout: '6'

2018-12-04 12:14:56 - [MESSAGE][WARNING] - Object Object Repository/CommonScreenElements/InfoPopUp_OKButton not found
[[ATTACHMENT|F:\\Git Projects\\MMA_Merchandising\\MMA_Merchandising\\Reports\\MMA Merchandising With Channel Wise Data Verification\\20181204_113351\\1543907695529.png]]

2018-12-04 12:14:57 - [MESSAGE][PASSED] - com.ct.qa.keywords.CommonKeywords.visitPlanogramImageViewButton is PASSED

2018-12-04 12:14:57 - [TEST_STEP][PASSED] - verifyElementText: Actual text and expected text of test object 'Object Repository/ShopOpen/RemainingCategories/Validate_ProductCategoryAssetScreen' are matched.

2018-12-04 12:14:58 - [MESSAGE][PASSED] - Actual text and expected text of test object 'Object Repository/ShopOpen/RemainingCategories/Validate_ProductCategoryAssetScreen' are matched.

2018-12-04 12:14:58 - [TEST_STEP][PASSED] - com.ct.qa.keywords.CommonKeywords.visitPictureImageViewButton: com.ct.qa.keywords.CommonKeywords.visitPictureImageViewButton is PASSED

2018-12-04 12:14:59 - [MESSAGE][WARNING] - Timeout '0' is invalid. Using default page load timeout: '6'

2018-12-04 12:15:01 - [MESSAGE][PASSED] - Element 'Object Repository/CommonScreenElements/Validate_CameraScreen' is exist

2018-12-04 12:15:01 - [MESSAGE][WARNING] - Timeout '0' is invalid. Using default page load timeout: '6'

2018-12-04 12:15:04 - [MESSAGE][PASSED] - Tapped on element 'Object Repository/CommonScreenElements/TakePictureButton'

2018-12-04 12:15:09 - [MESSAGE][PASSED] - Delayed 5 second(s)

2018-12-04 12:15:09 - [MESSAGE][WARNING] - Timeout '0' is invalid. Using default page load timeout: '6'

2018-12-04 12:15:10 - [MESSAGE][PASSED] - Tapped on element 'Object Repository/CommonScreenElements/DoneButton'

2018-12-04 12:15:10 - [MESSAGE][PASSED] - com.ct.qa.keywords.CommonKeywords.visitPictureImageViewButton is PASSED

2018-12-04 12:15:10 - [TEST_STEP][PASSED] - verifyElementText: Actual text and expected text of test object 'Object Repository/ShopOpen/RemainingCategories/Validate_ProductCategoryAssetScreen' are matched.

2018-12-04 12:15:11 - [MESSAGE][PASSED] - Actual text and expected text of test object 'Object Repository/ShopOpen/RemainingCategories/Validate_ProductCategoryAssetScreen' are matched.

2018-12-04 12:15:11 - [TEST_STEP][PASSED] - com.ct.qa.keywords.CommonKeywords.visitBackImageViewButton: com.ct.qa.keywords.CommonKeywords.visitBackImageViewButton is PASSED

2018-12-04 12:15:12 - [MESSAGE][PASSED] - com.ct.qa.keywords.CommonKeywords.visitBackImageViewButton is PASSED

2018-12-04 12:15:12 - [TEST_STEP][PASSED] - verifyElementExist: Element 'Object Repository/ShopOpen/Validate_ShopCategoriesListScreen' is exist

2018-12-04 12:15:12 - [MESSAGE][WARNING] - Timeout '0' is invalid. Using default page load timeout: '6'

2018-12-04 12:15:14 - [MESSAGE][PASSED] - Element 'Object Repository/ShopOpen/Validate_ShopCategoriesListScreen' is exist

2018-12-04 12:15:14 - [MESSAGE][PASSED] - Call Test Case 'Test Cases/ShopOpen/RemainingCategories/VisitRemainingCategoriesWithDSA' successfully

2018-12-04 12:15:15 - [MESSAGE][WARNING] - Timeout '0' is invalid. Using default page load timeout: '6'

2018-12-04 12:15:23 - [MESSAGE][WARNING] - Element 'Object Repository/CommonScreenElements/Validate_CameraScreen' not found
[[ATTACHMENT|F:\\Git Projects\\MMA_Merchandising\\MMA_Merchandising\\Reports\\MMA Merchandising With Channel Wise Data Verification\\20181204_113351\\1543907722032.png]]

2018-12-04 12:15:23 - [TEST_CASE][PASSED] - Test Cases/ShopOpen/RemainingCategories/VisitRemainingCategoriesWithDSA: Test Cases/ShopOpen/RemainingCategories/VisitRemainingCategoriesWithDSA

2018-12-04 12:15:23 - [TEST_STEP][PASSED] - verifyElementText: Actual text and expected text of test object 'Object Repository/ShopOpen/RemainingCategories/Validate_MainCategoryDetailScreen' are matched.

2018-12-04 12:15:23 - [MESSAGE][PASSED] - Actual text and expected text of test object 'Object Repository/ShopOpen/RemainingCategories/Validate_MainCategoryDetailScreen' are matched.

2018-12-04 12:15:23 - [TEST_STEP][PASSED] - tap: Tapped on element 'Object Repository/ShopOpen/RemainingCategories/DisplaySpaceAvailable'

2018-12-04 12:15:23 - [MESSAGE][WARNING] - Timeout '0' is invalid. Using default page load timeout: '6'

2018-12-04 12:15:24 - [MESSAGE][PASSED] - Tapped on element 'Object Repository/ShopOpen/RemainingCategories/DisplaySpaceAvailable'

2018-12-04 12:15:24 - [TEST_STEP][PASSED] - verifyElementText: Actual text and expected text of test object 'Object Repository/ShopOpen/RemainingCategories/Validate_ProductCategoryAssetScreen' are matched.

2018-12-04 12:15:25 - [MESSAGE][PASSED] - Actual text and expected text of test object 'Object Repository/ShopOpen/RemainingCategories/Validate_ProductCategoryAssetScreen' are matched.

2018-12-04 12:15:25 - [TEST_STEP][PASSED] - tap: Tapped on element 'Object Repository/ShopOpen/RemainingCategories/Facing'

2018-12-04 12:15:25 - [MESSAGE][WARNING] - Timeout '0' is invalid. Using default page load timeout: '6'

2018-12-04 12:15:26 - [MESSAGE][PASSED] - Tapped on element 'Object Repository/ShopOpen/RemainingCategories/Facing'

2018-12-04 12:15:26 - [TEST_STEP][PASSED] - verifyElementText: Actual text and expected text of test object 'Object Repository/ShopOpen/RemainingCategories/Validate_FacingScreen' are matched.

2018-12-04 12:15:28 - [MESSAGE][PASSED] - Actual text and expected text of test object 'Object Repository/ShopOpen/RemainingCategories/Validate_FacingScreen' are matched.

2018-12-04 12:15:28 - [TEST_STEP][PASSED] - com.ct.qa.keywords.ChannelProductsDataKeywords.visitChannelWiseProductsData: com.ct.qa.keywords.ChannelProductsDataKeywords.visitChannelWiseProductsData is PASSED

2018-12-04 12:15:33 - [MESSAGE][PASSED] - Keyboard is hidden

2018-12-04 12:15:36 - [MESSAGE][PASSED] - Keyboard is hidden

2018-12-04 12:15:39 - [MESSAGE][PASSED] - Keyboard is hidden

2018-12-04 12:15:42 - [MESSAGE][PASSED] - Keyboard is hidden

2018-12-04 12:15:45 - [MESSAGE][PASSED] - Keyboard is hidden

2018-12-04 12:15:48 - [MESSAGE][PASSED] - Keyboard is hidden

2018-12-04 12:15:51 - [MESSAGE][PASSED] - Swiped from 100,359 to 100,250

2018-12-04 12:15:54 - [MESSAGE][PASSED] - Keyboard is hidden

2018-12-04 12:15:55 - [MESSAGE][PASSED] - Swiped from 100,359 to 100,250

2018-12-04 12:15:59 - [MESSAGE][PASSED] - Keyboard is hidden

2018-12-04 12:16:00 - [MESSAGE][PASSED] - Swiped from 100,359 to 100,250

2018-12-04 12:16:01 - [MESSAGE][PASSED] - com.ct.qa.keywords.ChannelProductsDataKeywords.visitChannelWiseProductsData is PASSED

2018-12-04 12:16:01 - [TEST_STEP][PASSED] - tap: Tapped on element 'Object Repository/ShopOpen/RemainingCategories/SubmitButton'

2018-12-04 12:16:01 - [MESSAGE][WARNING] - Timeout '0' is invalid. Using default page load timeout: '6'

2018-12-04 12:16:02 - [MESSAGE][PASSED] - Tapped on element 'Object Repository/ShopOpen/RemainingCategories/SubmitButton'

2018-12-04 12:16:02 - [TEST_STEP][PASSED] - verifyElementText: Actual text and expected text of test object 'Object Repository/ShopOpen/RemainingCategories/Validate_ProductCategoryAssetScreen' are matched.

2018-12-04 12:16:03 - [MESSAGE][PASSED] - Actual text and expected text of test object 'Object Repository/ShopOpen/RemainingCategories/Validate_ProductCategoryAssetScreen' are matched.

2018-12-04 12:16:03 - [TEST_STEP][PASSED] - tap: Tapped on element 'Object Repository/ShopOpen/RemainingCategories/StockTaking'

2018-12-04 12:16:03 - [MESSAGE][WARNING] - Timeout '0' is invalid. Using default page load timeout: '6'

2018-12-04 12:16:03 - [MESSAGE][PASSED] - Tapped on element 'Object Repository/ShopOpen/RemainingCategories/StockTaking'

2018-12-04 12:16:03 - [TEST_STEP][PASSED] - verifyElementText: Actual text and expected text of test object 'Object Repository/ShopOpen/RemainingCategories/Validate_StockTakingScreen' are matched.

2018-12-04 12:16:05 - [MESSAGE][PASSED] - Actual text and expected text of test object 'Object Repository/ShopOpen/RemainingCategories/Validate_StockTakingScreen' are matched.

2018-12-04 12:16:05 - [TEST_STEP][PASSED] - com.ct.qa.keywords.ChannelProductsDataKeywords.visitChannelWiseProductsData: com.ct.qa.keywords.ChannelProductsDataKeywords.visitChannelWiseProductsData is PASSED

2018-12-04 12:16:10 - [MESSAGE][PASSED] - Keyboard is hidden

2018-12-04 12:16:13 - [MESSAGE][PASSED] - Keyboard is hidden

2018-12-04 12:16:16 - [MESSAGE][PASSED] - Keyboard is hidden

2018-12-04 12:16:19 - [MESSAGE][PASSED] - Keyboard is hidden

2018-12-04 12:16:22 - [MESSAGE][PASSED] - Keyboard is hidden

2018-12-04 12:16:25 - [MESSAGE][PASSED] - Keyboard is hidden

2018-12-04 12:16:28 - [MESSAGE][PASSED] - Swiped from 100,359 to 100,250

2018-12-04 12:16:32 - [MESSAGE][PASSED] - Keyboard is hidden

2018-12-04 12:16:33 - [MESSAGE][PASSED] - Swiped from 100,359 to 100,250

2018-12-04 12:16:37 - [MESSAGE][PASSED] - Keyboard is hidden

2018-12-04 12:16:38 - [MESSAGE][PASSED] - Swiped from 100,359 to 100,250

2018-12-04 12:16:39 - [MESSAGE][PASSED] - com.ct.qa.keywords.ChannelProductsDataKeywords.visitChannelWiseProductsData is PASSED

2018-12-04 12:16:39 - [TEST_STEP][PASSED] - tap: Tapped on element 'Object Repository/ShopOpen/RemainingCategories/SubmitButton'

2018-12-04 12:16:39 - [MESSAGE][WARNING] - Timeout '0' is invalid. Using default page load timeout: '6'

2018-12-04 12:16:40 - [MESSAGE][PASSED] - Tapped on element 'Object Repository/ShopOpen/RemainingCategories/SubmitButton'

2018-12-04 12:16:40 - [TEST_STEP][PASSED] - verifyElementText: Actual text and expected text of test object 'Object Repository/ShopOpen/RemainingCategories/Validate_ProductCategoryAssetScreen' are matched.

2018-12-04 12:16:41 - [MESSAGE][PASSED] - Actual text and expected text of test object 'Object Repository/ShopOpen/RemainingCategories/Validate_ProductCategoryAssetScreen' are matched.

2018-12-04 12:16:41 - [TEST_STEP][PASSED] - com.ct.qa.keywords.CommonKeywords.visitPlanogramImageViewButton: com.ct.qa.keywords.CommonKeywords.visitPlanogramImageViewButton is PASSED

2018-12-04 12:16:43 - [MESSAGE][WARNING] - Timeout '0' is invalid. Using default page load timeout: '6'

2018-12-04 12:16:50 - [MESSAGE][WARNING] - Object Object Repository/CommonScreenElements/InfoPopUp_OKButton not found
[[ATTACHMENT|F:\\Git Projects\\MMA_Merchandising\\MMA_Merchandising\\Reports\\MMA Merchandising With Channel Wise Data Verification\\20181204_113351\\1543907809299.png]]

2018-12-04 12:16:50 - [MESSAGE][PASSED] - com.ct.qa.keywords.CommonKeywords.visitPlanogramImageViewButton is PASSED

2018-12-04 12:16:50 - [TEST_STEP][PASSED] - verifyElementText: Actual text and expected text of test object 'Object Repository/ShopOpen/RemainingCategories/Validate_ProductCategoryAssetScreen' are matched.

2018-12-04 12:16:51 - [MESSAGE][PASSED] - Actual text and expected text of test object 'Object Repository/ShopOpen/RemainingCategories/Validate_ProductCategoryAssetScreen' are matched.

2018-12-04 12:16:51 - [TEST_STEP][PASSED] - com.ct.qa.keywords.CommonKeywords.visitPictureImageViewButton: com.ct.qa.keywords.CommonKeywords.visitPictureImageViewButton is PASSED

2018-12-04 12:16:54 - [MESSAGE][WARNING] - Timeout '0' is invalid. Using default page load timeout: '6'

2018-12-04 12:16:55 - [MESSAGE][PASSED] - Element 'Object Repository/CommonScreenElements/Validate_CameraScreen' is exist

2018-12-04 12:16:55 - [MESSAGE][WARNING] - Timeout '0' is invalid. Using default page load timeout: '6'

2018-12-04 12:16:59 - [MESSAGE][PASSED] - Tapped on element 'Object Repository/CommonScreenElements/TakePictureButton'

2018-12-04 12:17:04 - [MESSAGE][PASSED] - Delayed 5 second(s)

2018-12-04 12:17:04 - [MESSAGE][WARNING] - Timeout '0' is invalid. Using default page load timeout: '6'

2018-12-04 12:17:04 - [MESSAGE][PASSED] - Tapped on element 'Object Repository/CommonScreenElements/DoneButton'

2018-12-04 12:17:04 - [MESSAGE][PASSED] - com.ct.qa.keywords.CommonKeywords.visitPictureImageViewButton is PASSED

2018-12-04 12:17:04 - [TEST_STEP][PASSED] - verifyElementText: Actual text and expected text of test object 'Object Repository/ShopOpen/RemainingCategories/Validate_ProductCategoryAssetScreen' are matched.

2018-12-04 12:17:06 - [MESSAGE][PASSED] - Actual text and expected text of test object 'Object Repository/ShopOpen/RemainingCategories/Validate_ProductCategoryAssetScreen' are matched.

2018-12-04 12:17:06 - [TEST_STEP][PASSED] - com.ct.qa.keywords.CommonKeywords.visitBackImageViewButton: com.ct.qa.keywords.CommonKeywords.visitBackImageViewButton is PASSED

2018-12-04 12:17:08 - [MESSAGE][PASSED] - com.ct.qa.keywords.CommonKeywords.visitBackImageViewButton is PASSED

2018-12-04 12:17:08 - [TEST_STEP][PASSED] - verifyElementExist: Element 'Object Repository/ShopOpen/Validate_ShopCategoriesListScreen' is exist

2018-12-04 12:17:08 - [MESSAGE][WARNING] - Timeout '0' is invalid. Using default page load timeout: '6'

2018-12-04 12:17:10 - [MESSAGE][PASSED] - Element 'Object Repository/ShopOpen/Validate_ShopCategoriesListScreen' is exist

2018-12-04 12:17:10 - [MESSAGE][PASSED] - Call Test Case 'Test Cases/ShopOpen/RemainingCategories/VisitRemainingCategoriesWithDSA' successfully

2018-12-04 12:17:11 - [MESSAGE][WARNING] - Timeout '0' is invalid. Using default page load timeout: '6'

2018-12-04 12:17:19 - [MESSAGE][WARNING] - Element 'Object Repository/CommonScreenElements/Validate_CameraScreen' not found
[[ATTACHMENT|F:\\Git Projects\\MMA_Merchandising\\MMA_Merchandising\\Reports\\MMA Merchandising With Channel Wise Data Verification\\20181204_113351\\1543907837896.png]]

2018-12-04 12:17:19 - [TEST_CASE][PASSED] - Test Cases/ShopOpen/RemainingCategories/VisitRemainingCategoriesWithDSA: Test Cases/ShopOpen/RemainingCategories/VisitRemainingCategoriesWithDSA

2018-12-04 12:17:19 - [TEST_STEP][PASSED] - verifyElementText: Actual text and expected text of test object 'Object Repository/ShopOpen/RemainingCategories/Validate_MainCategoryDetailScreen' are matched.

2018-12-04 12:17:19 - [MESSAGE][PASSED] - Actual text and expected text of test object 'Object Repository/ShopOpen/RemainingCategories/Validate_MainCategoryDetailScreen' are matched.

2018-12-04 12:17:19 - [TEST_STEP][PASSED] - tap: Tapped on element 'Object Repository/ShopOpen/RemainingCategories/DisplaySpaceAvailable'

2018-12-04 12:17:19 - [MESSAGE][WARNING] - Timeout '0' is invalid. Using default page load timeout: '6'

2018-12-04 12:17:20 - [MESSAGE][PASSED] - Tapped on element 'Object Repository/ShopOpen/RemainingCategories/DisplaySpaceAvailable'

2018-12-04 12:17:20 - [TEST_STEP][PASSED] - verifyElementText: Actual text and expected text of test object 'Object Repository/ShopOpen/RemainingCategories/Validate_ProductCategoryAssetScreen' are matched.

2018-12-04 12:17:21 - [MESSAGE][PASSED] - Actual text and expected text of test object 'Object Repository/ShopOpen/RemainingCategories/Validate_ProductCategoryAssetScreen' are matched.

2018-12-04 12:17:21 - [TEST_STEP][PASSED] - tap: Tapped on element 'Object Repository/ShopOpen/RemainingCategories/Facing'

2018-12-04 12:17:21 - [MESSAGE][WARNING] - Timeout '0' is invalid. Using default page load timeout: '6'

2018-12-04 12:17:22 - [MESSAGE][PASSED] - Tapped on element 'Object Repository/ShopOpen/RemainingCategories/Facing'

2018-12-04 12:17:22 - [TEST_STEP][PASSED] - verifyElementText: Actual text and expected text of test object 'Object Repository/ShopOpen/RemainingCategories/Validate_FacingScreen' are matched.

2018-12-04 12:17:24 - [MESSAGE][PASSED] - Actual text and expected text of test object 'Object Repository/ShopOpen/RemainingCategories/Validate_FacingScreen' are matched.

2018-12-04 12:17:24 - [TEST_STEP][PASSED] - com.ct.qa.keywords.ChannelProductsDataKeywords.visitChannelWiseProductsData: com.ct.qa.keywords.ChannelProductsDataKeywords.visitChannelWiseProductsData is PASSED

2018-12-04 12:17:29 - [MESSAGE][PASSED] - Keyboard is hidden

2018-12-04 12:17:32 - [MESSAGE][PASSED] - Keyboard is hidden

2018-12-04 12:17:35 - [MESSAGE][PASSED] - Keyboard is hidden

2018-12-04 12:17:38 - [MESSAGE][PASSED] - Keyboard is hidden

2018-12-04 12:17:41 - [MESSAGE][PASSED] - Keyboard is hidden

2018-12-04 12:17:44 - [MESSAGE][PASSED] - Keyboard is hidden

2018-12-04 12:17:46 - [MESSAGE][PASSED] - Swiped from 85,359 to 85,250

2018-12-04 12:17:50 - [MESSAGE][PASSED] - Keyboard is hidden

2018-12-04 12:17:51 - [MESSAGE][PASSED] - Swiped from 85,359 to 85,250

2018-12-04 12:17:55 - [MESSAGE][PASSED] - Keyboard is hidden

2018-12-04 12:17:56 - [MESSAGE][PASSED] - Swiped from 85,359 to 85,250

2018-12-04 12:17:57 - [MESSAGE][PASSED] - com.ct.qa.keywords.ChannelProductsDataKeywords.visitChannelWiseProductsData is PASSED

2018-12-04 12:17:57 - [TEST_STEP][PASSED] - tap: Tapped on element 'Object Repository/ShopOpen/RemainingCategories/SubmitButton'

2018-12-04 12:17:58 - [MESSAGE][WARNING] - Timeout '0' is invalid. Using default page load timeout: '6'

2018-12-04 12:17:58 - [MESSAGE][PASSED] - Tapped on element 'Object Repository/ShopOpen/RemainingCategories/SubmitButton'

2018-12-04 12:17:58 - [TEST_STEP][PASSED] - verifyElementText: Actual text and expected text of test object 'Object Repository/ShopOpen/RemainingCategories/Validate_ProductCategoryAssetScreen' are matched.

2018-12-04 12:17:59 - [MESSAGE][PASSED] - Actual text and expected text of test object 'Object Repository/ShopOpen/RemainingCategories/Validate_ProductCategoryAssetScreen' are matched.

2018-12-04 12:17:59 - [TEST_STEP][PASSED] - tap: Tapped on element 'Object Repository/ShopOpen/RemainingCategories/StockTaking'

2018-12-04 12:17:59 - [MESSAGE][WARNING] - Timeout '0' is invalid. Using default page load timeout: '6'

2018-12-04 12:17:59 - [MESSAGE][PASSED] - Tapped on element 'Object Repository/ShopOpen/RemainingCategories/StockTaking'

2018-12-04 12:17:59 - [TEST_STEP][PASSED] - verifyElementText: Actual text and expected text of test object 'Object Repository/ShopOpen/RemainingCategories/Validate_StockTakingScreen' are matched.

2018-12-04 12:18:01 - [MESSAGE][PASSED] - Actual text and expected text of test object 'Object Repository/ShopOpen/RemainingCategories/Validate_StockTakingScreen' are matched.

2018-12-04 12:18:01 - [TEST_STEP][PASSED] - com.ct.qa.keywords.ChannelProductsDataKeywords.visitChannelWiseProductsData: com.ct.qa.keywords.ChannelProductsDataKeywords.visitChannelWiseProductsData is PASSED

2018-12-04 12:18:06 - [MESSAGE][PASSED] - Keyboard is hidden

2018-12-04 12:18:09 - [MESSAGE][PASSED] - Keyboard is hidden

2018-12-04 12:18:12 - [MESSAGE][PASSED] - Keyboard is hidden

2018-12-04 12:18:15 - [MESSAGE][PASSED] - Keyboard is hidden

2018-12-04 12:18:18 - [MESSAGE][PASSED] - Keyboard is hidden

2018-12-04 12:18:21 - [MESSAGE][PASSED] - Keyboard is hidden

2018-12-04 12:18:24 - [MESSAGE][PASSED] - Swiped from 85,359 to 85,250

2018-12-04 12:18:28 - [MESSAGE][PASSED] - Keyboard is hidden

2018-12-04 12:18:29 - [MESSAGE][PASSED] - Swiped from 85,359 to 85,250

2018-12-04 12:18:33 - [MESSAGE][PASSED] - Keyboard is hidden

2018-12-04 12:18:34 - [MESSAGE][PASSED] - Swiped from 85,359 to 85,250

2018-12-04 12:18:35 - [MESSAGE][PASSED] - com.ct.qa.keywords.ChannelProductsDataKeywords.visitChannelWiseProductsData is PASSED

2018-12-04 12:18:35 - [TEST_STEP][PASSED] - tap: Tapped on element 'Object Repository/ShopOpen/RemainingCategories/SubmitButton'

2018-12-04 12:18:35 - [MESSAGE][WARNING] - Timeout '0' is invalid. Using default page load timeout: '6'

2018-12-04 12:18:36 - [MESSAGE][PASSED] - Tapped on element 'Object Repository/ShopOpen/RemainingCategories/SubmitButton'

2018-12-04 12:18:36 - [TEST_STEP][PASSED] - verifyElementText: Actual text and expected text of test object 'Object Repository/ShopOpen/RemainingCategories/Validate_ProductCategoryAssetScreen' are matched.

2018-12-04 12:18:37 - [MESSAGE][PASSED] - Actual text and expected text of test object 'Object Repository/ShopOpen/RemainingCategories/Validate_ProductCategoryAssetScreen' are matched.

2018-12-04 12:18:37 - [TEST_STEP][PASSED] - com.ct.qa.keywords.CommonKeywords.visitPlanogramImageViewButton: com.ct.qa.keywords.CommonKeywords.visitPlanogramImageViewButton is PASSED

2018-12-04 12:18:39 - [MESSAGE][WARNING] - Timeout '0' is invalid. Using default page load timeout: '6'

2018-12-04 12:18:46 - [MESSAGE][WARNING] - Object Object Repository/CommonScreenElements/InfoPopUp_OKButton not found
[[ATTACHMENT|F:\\Git Projects\\MMA_Merchandising\\MMA_Merchandising\\Reports\\MMA Merchandising With Channel Wise Data Verification\\20181204_113351\\1543907925374.png]]

2018-12-04 12:18:47 - [MESSAGE][PASSED] - com.ct.qa.keywords.CommonKeywords.visitPlanogramImageViewButton is PASSED

2018-12-04 12:18:47 - [TEST_STEP][PASSED] - verifyElementText: Actual text and expected text of test object 'Object Repository/ShopOpen/RemainingCategories/Validate_ProductCategoryAssetScreen' are matched.

2018-12-04 12:18:48 - [MESSAGE][PASSED] - Actual text and expected text of test object 'Object Repository/ShopOpen/RemainingCategories/Validate_ProductCategoryAssetScreen' are matched.

2018-12-04 12:18:48 - [TEST_STEP][PASSED] - com.ct.qa.keywords.CommonKeywords.visitPictureImageViewButton: com.ct.qa.keywords.CommonKeywords.visitPictureImageViewButton is PASSED

2018-12-04 12:18:49 - [MESSAGE][WARNING] - Timeout '0' is invalid. Using default page load timeout: '6'

2018-12-04 12:18:51 - [MESSAGE][PASSED] - Element 'Object Repository/CommonScreenElements/Validate_CameraScreen' is exist

2018-12-04 12:18:51 - [MESSAGE][WARNING] - Timeout '0' is invalid. Using default page load timeout: '6'

2018-12-04 12:18:54 - [MESSAGE][PASSED] - Tapped on element 'Object Repository/CommonScreenElements/TakePictureButton'

2018-12-04 12:18:59 - [MESSAGE][PASSED] - Delayed 5 second(s)

2018-12-04 12:18:59 - [MESSAGE][WARNING] - Timeout '0' is invalid. Using default page load timeout: '6'

2018-12-04 12:19:00 - [MESSAGE][PASSED] - Tapped on element 'Object Repository/CommonScreenElements/DoneButton'

2018-12-04 12:19:00 - [MESSAGE][PASSED] - com.ct.qa.keywords.CommonKeywords.visitPictureImageViewButton is PASSED

2018-12-04 12:19:00 - [TEST_STEP][PASSED] - verifyElementText: Actual text and expected text of test object 'Object Repository/ShopOpen/RemainingCategories/Validate_ProductCategoryAssetScreen' are matched.

2018-12-04 12:19:01 - [MESSAGE][PASSED] - Actual text and expected text of test object 'Object Repository/ShopOpen/RemainingCategories/Validate_ProductCategoryAssetScreen' are matched.

2018-12-04 12:19:01 - [TEST_STEP][PASSED] - com.ct.qa.keywords.CommonKeywords.visitBackImageViewButton: com.ct.qa.keywords.CommonKeywords.visitBackImageViewButton is PASSED

2018-12-04 12:19:02 - [MESSAGE][PASSED] - com.ct.qa.keywords.CommonKeywords.visitBackImageViewButton is PASSED

2018-12-04 12:19:02 - [TEST_STEP][PASSED] - verifyElementExist: Element 'Object Repository/ShopOpen/Validate_ShopCategoriesListScreen' is exist

2018-12-04 12:19:02 - [MESSAGE][WARNING] - Timeout '0' is invalid. Using default page load timeout: '6'

2018-12-04 12:19:04 - [MESSAGE][PASSED] - Element 'Object Repository/ShopOpen/Validate_ShopCategoriesListScreen' is exist

2018-12-04 12:19:04 - [MESSAGE][PASSED] - Call Test Case 'Test Cases/ShopOpen/RemainingCategories/VisitRemainingCategoriesWithDSA' successfully

2018-12-04 12:19:05 - [MESSAGE][WARNING] - Timeout '0' is invalid. Using default page load timeout: '6'

2018-12-04 12:19:13 - [MESSAGE][WARNING] - Element 'Object Repository/CommonScreenElements/Validate_CameraScreen' not found
[[ATTACHMENT|F:\\Git Projects\\MMA_Merchandising\\MMA_Merchandising\\Reports\\MMA Merchandising With Channel Wise Data Verification\\20181204_113351\\1543907952037.png]]

2018-12-04 12:19:13 - [TEST_CASE][PASSED] - Test Cases/ShopOpen/RemainingCategories/VisitRemainingCategoriesWithDSA: Test Cases/ShopOpen/RemainingCategories/VisitRemainingCategoriesWithDSA

2018-12-04 12:19:13 - [TEST_STEP][PASSED] - verifyElementText: Actual text and expected text of test object 'Object Repository/ShopOpen/RemainingCategories/Validate_MainCategoryDetailScreen' are matched.

2018-12-04 12:19:13 - [MESSAGE][PASSED] - Actual text and expected text of test object 'Object Repository/ShopOpen/RemainingCategories/Validate_MainCategoryDetailScreen' are matched.

2018-12-04 12:19:13 - [TEST_STEP][PASSED] - tap: Tapped on element 'Object Repository/ShopOpen/RemainingCategories/DisplaySpaceAvailable'

2018-12-04 12:19:13 - [MESSAGE][WARNING] - Timeout '0' is invalid. Using default page load timeout: '6'

2018-12-04 12:19:14 - [MESSAGE][PASSED] - Tapped on element 'Object Repository/ShopOpen/RemainingCategories/DisplaySpaceAvailable'

2018-12-04 12:19:14 - [TEST_STEP][PASSED] - verifyElementText: Actual text and expected text of test object 'Object Repository/ShopOpen/RemainingCategories/Validate_ProductCategoryAssetScreen' are matched.

2018-12-04 12:19:15 - [MESSAGE][PASSED] - Actual text and expected text of test object 'Object Repository/ShopOpen/RemainingCategories/Validate_ProductCategoryAssetScreen' are matched.

2018-12-04 12:19:15 - [TEST_STEP][PASSED] - tap: Tapped on element 'Object Repository/ShopOpen/RemainingCategories/Facing'

2018-12-04 12:19:15 - [MESSAGE][WARNING] - Timeout '0' is invalid. Using default page load timeout: '6'

2018-12-04 12:19:16 - [MESSAGE][PASSED] - Tapped on element 'Object Repository/ShopOpen/RemainingCategories/Facing'

2018-12-04 12:19:16 - [TEST_STEP][PASSED] - verifyElementText: Actual text and expected text of test object 'Object Repository/ShopOpen/RemainingCategories/Validate_FacingScreen' are matched.

2018-12-04 12:19:18 - [MESSAGE][PASSED] - Actual text and expected text of test object 'Object Repository/ShopOpen/RemainingCategories/Validate_FacingScreen' are matched.

2018-12-04 12:19:18 - [TEST_STEP][PASSED] - com.ct.qa.keywords.ChannelProductsDataKeywords.visitChannelWiseProductsData: com.ct.qa.keywords.ChannelProductsDataKeywords.visitChannelWiseProductsData is PASSED

2018-12-04 12:19:22 - [MESSAGE][PASSED] - Keyboard is hidden

2018-12-04 12:19:25 - [MESSAGE][PASSED] - Keyboard is hidden

2018-12-04 12:19:28 - [MESSAGE][PASSED] - Keyboard is hidden

2018-12-04 12:19:29 - [MESSAGE][PASSED] - com.ct.qa.keywords.ChannelProductsDataKeywords.visitChannelWiseProductsData is PASSED

2018-12-04 12:19:29 - [TEST_STEP][PASSED] - tap: Tapped on element 'Object Repository/ShopOpen/RemainingCategories/SubmitButton'

2018-12-04 12:19:29 - [MESSAGE][WARNING] - Timeout '0' is invalid. Using default page load timeout: '6'

2018-12-04 12:19:30 - [MESSAGE][PASSED] - Tapped on element 'Object Repository/ShopOpen/RemainingCategories/SubmitButton'

2018-12-04 12:19:30 - [TEST_STEP][PASSED] - verifyElementText: Actual text and expected text of test object 'Object Repository/ShopOpen/RemainingCategories/Validate_ProductCategoryAssetScreen' are matched.

2018-12-04 12:19:31 - [MESSAGE][PASSED] - Actual text and expected text of test object 'Object Repository/ShopOpen/RemainingCategories/Validate_ProductCategoryAssetScreen' are matched.

2018-12-04 12:19:31 - [TEST_STEP][PASSED] - tap: Tapped on element 'Object Repository/ShopOpen/RemainingCategories/StockTaking'

2018-12-04 12:19:31 - [MESSAGE][WARNING] - Timeout '0' is invalid. Using default page load timeout: '6'

2018-12-04 12:19:31 - [MESSAGE][PASSED] - Tapped on element 'Object Repository/ShopOpen/RemainingCategories/StockTaking'

2018-12-04 12:19:31 - [TEST_STEP][PASSED] - verifyElementText: Actual text and expected text of test object 'Object Repository/ShopOpen/RemainingCategories/Validate_StockTakingScreen' are matched.

2018-12-04 12:19:33 - [MESSAGE][PASSED] - Actual text and expected text of test object 'Object Repository/ShopOpen/RemainingCategories/Validate_StockTakingScreen' are matched.

2018-12-04 12:19:33 - [TEST_STEP][PASSED] - com.ct.qa.keywords.ChannelProductsDataKeywords.visitChannelWiseProductsData: com.ct.qa.keywords.ChannelProductsDataKeywords.visitChannelWiseProductsData is PASSED

2018-12-04 12:19:37 - [MESSAGE][PASSED] - Keyboard is hidden

2018-12-04 12:19:40 - [MESSAGE][PASSED] - Keyboard is hidden

2018-12-04 12:19:43 - [MESSAGE][PASSED] - Keyboard is hidden

2018-12-04 12:19:44 - [MESSAGE][PASSED] - com.ct.qa.keywords.ChannelProductsDataKeywords.visitChannelWiseProductsData is PASSED

2018-12-04 12:19:44 - [TEST_STEP][PASSED] - tap: Tapped on element 'Object Repository/ShopOpen/RemainingCategories/SubmitButton'

2018-12-04 12:19:44 - [MESSAGE][WARNING] - Timeout '0' is invalid. Using default page load timeout: '6'

2018-12-04 12:19:45 - [MESSAGE][PASSED] - Tapped on element 'Object Repository/ShopOpen/RemainingCategories/SubmitButton'

2018-12-04 12:19:45 - [TEST_STEP][PASSED] - verifyElementText: Actual text and expected text of test object 'Object Repository/ShopOpen/RemainingCategories/Validate_ProductCategoryAssetScreen' are matched.

2018-12-04 12:19:46 - [MESSAGE][PASSED] - Actual text and expected text of test object 'Object Repository/ShopOpen/RemainingCategories/Validate_ProductCategoryAssetScreen' are matched.

2018-12-04 12:19:46 - [TEST_STEP][PASSED] - com.ct.qa.keywords.CommonKeywords.visitPlanogramImageViewButton: com.ct.qa.keywords.CommonKeywords.visitPlanogramImageViewButton is PASSED

2018-12-04 12:19:48 - [MESSAGE][WARNING] - Timeout '0' is invalid. Using default page load timeout: '6'

2018-12-04 12:19:55 - [MESSAGE][WARNING] - Object Object Repository/CommonScreenElements/InfoPopUp_OKButton not found
[[ATTACHMENT|F:\\Git Projects\\MMA_Merchandising\\MMA_Merchandising\\Reports\\MMA Merchandising With Channel Wise Data Verification\\20181204_113351\\1543907994269.png]]

2018-12-04 12:19:55 - [MESSAGE][PASSED] - com.ct.qa.keywords.CommonKeywords.visitPlanogramImageViewButton is PASSED

2018-12-04 12:19:55 - [TEST_STEP][PASSED] - verifyElementText: Actual text and expected text of test object 'Object Repository/ShopOpen/RemainingCategories/Validate_ProductCategoryAssetScreen' are matched.

2018-12-04 12:19:56 - [MESSAGE][PASSED] - Actual text and expected text of test object 'Object Repository/ShopOpen/RemainingCategories/Validate_ProductCategoryAssetScreen' are matched.

2018-12-04 12:19:56 - [TEST_STEP][PASSED] - com.ct.qa.keywords.CommonKeywords.visitPictureImageViewButton: com.ct.qa.keywords.CommonKeywords.visitPictureImageViewButton is PASSED

2018-12-04 12:19:59 - [MESSAGE][WARNING] - Timeout '0' is invalid. Using default page load timeout: '6'

2018-12-04 12:20:00 - [MESSAGE][PASSED] - Element 'Object Repository/CommonScreenElements/Validate_CameraScreen' is exist

2018-12-04 12:20:00 - [MESSAGE][WARNING] - Timeout '0' is invalid. Using default page load timeout: '6'

2018-12-04 12:20:04 - [MESSAGE][PASSED] - Tapped on element 'Object Repository/CommonScreenElements/TakePictureButton'

2018-12-04 12:20:09 - [MESSAGE][PASSED] - Delayed 5 second(s)

2018-12-04 12:20:09 - [MESSAGE][WARNING] - Timeout '0' is invalid. Using default page load timeout: '6'

2018-12-04 12:20:09 - [MESSAGE][PASSED] - Tapped on element 'Object Repository/CommonScreenElements/DoneButton'

2018-12-04 12:20:09 - [MESSAGE][PASSED] - com.ct.qa.keywords.CommonKeywords.visitPictureImageViewButton is PASSED

2018-12-04 12:20:09 - [TEST_STEP][PASSED] - verifyElementText: Actual text and expected text of test object 'Object Repository/ShopOpen/RemainingCategories/Validate_ProductCategoryAssetScreen' are matched.

2018-12-04 12:20:11 - [MESSAGE][PASSED] - Actual text and expected text of test object 'Object Repository/ShopOpen/RemainingCategories/Validate_ProductCategoryAssetScreen' are matched.

2018-12-04 12:20:11 - [TEST_STEP][PASSED] - com.ct.qa.keywords.CommonKeywords.visitBackImageViewButton: com.ct.qa.keywords.CommonKeywords.visitBackImageViewButton is PASSED

2018-12-04 12:20:12 - [MESSAGE][PASSED] - com.ct.qa.keywords.CommonKeywords.visitBackImageViewButton is PASSED

2018-12-04 12:20:12 - [TEST_STEP][PASSED] - verifyElementExist: Element 'Object Repository/ShopOpen/Validate_ShopCategoriesListScreen' is exist

2018-12-04 12:20:12 - [MESSAGE][WARNING] - Timeout '0' is invalid. Using default page load timeout: '6'

2018-12-04 12:20:14 - [MESSAGE][PASSED] - Element 'Object Repository/ShopOpen/Validate_ShopCategoriesListScreen' is exist

2018-12-04 12:20:14 - [MESSAGE][PASSED] - Call Test Case 'Test Cases/ShopOpen/RemainingCategories/VisitRemainingCategoriesWithDSA' successfully

2018-12-04 12:20:14 - [MESSAGE][WARNING] - Timeout '0' is invalid. Using default page load timeout: '6'

2018-12-04 12:20:21 - [MESSAGE][WARNING] - Element 'Object Repository/CommonScreenElements/Validate_CameraScreen' not found
[[ATTACHMENT|F:\\Git Projects\\MMA_Merchandising\\MMA_Merchandising\\Reports\\MMA Merchandising With Channel Wise Data Verification\\20181204_113351\\1543908020935.png]]

2018-12-04 12:20:21 - [TEST_CASE][PASSED] - Test Cases/ShopOpen/RemainingCategories/VisitRemainingCategoriesWithDSA: Test Cases/ShopOpen/RemainingCategories/VisitRemainingCategoriesWithDSA

2018-12-04 12:20:21 - [TEST_STEP][PASSED] - verifyElementText: Actual text and expected text of test object 'Object Repository/ShopOpen/RemainingCategories/Validate_MainCategoryDetailScreen' are matched.

2018-12-04 12:20:22 - [MESSAGE][PASSED] - Actual text and expected text of test object 'Object Repository/ShopOpen/RemainingCategories/Validate_MainCategoryDetailScreen' are matched.

2018-12-04 12:20:22 - [TEST_STEP][PASSED] - tap: Tapped on element 'Object Repository/ShopOpen/RemainingCategories/DisplaySpaceAvailable'

2018-12-04 12:20:22 - [MESSAGE][WARNING] - Timeout '0' is invalid. Using default page load timeout: '6'

2018-12-04 12:20:22 - [MESSAGE][PASSED] - Tapped on element 'Object Repository/ShopOpen/RemainingCategories/DisplaySpaceAvailable'

2018-12-04 12:20:22 - [TEST_STEP][PASSED] - verifyElementText: Actual text and expected text of test object 'Object Repository/ShopOpen/RemainingCategories/Validate_ProductCategoryAssetScreen' are matched.

2018-12-04 12:20:24 - [MESSAGE][PASSED] - Actual text and expected text of test object 'Object Repository/ShopOpen/RemainingCategories/Validate_ProductCategoryAssetScreen' are matched.

2018-12-04 12:20:24 - [TEST_STEP][PASSED] - tap: Tapped on element 'Object Repository/ShopOpen/RemainingCategories/Facing'

2018-12-04 12:20:24 - [MESSAGE][WARNING] - Timeout '0' is invalid. Using default page load timeout: '6'

2018-12-04 12:20:25 - [MESSAGE][PASSED] - Tapped on element 'Object Repository/ShopOpen/RemainingCategories/Facing'

2018-12-04 12:20:25 - [TEST_STEP][PASSED] - verifyElementText: Actual text and expected text of test object 'Object Repository/ShopOpen/RemainingCategories/Validate_FacingScreen' are matched.

2018-12-04 12:20:27 - [MESSAGE][PASSED] - Actual text and expected text of test object 'Object Repository/ShopOpen/RemainingCategories/Validate_FacingScreen' are matched.

2018-12-04 12:20:27 - [TEST_STEP][PASSED] - com.ct.qa.keywords.ChannelProductsDataKeywords.visitChannelWiseProductsData: com.ct.qa.keywords.ChannelProductsDataKeywords.visitChannelWiseProductsData is PASSED

2018-12-04 12:20:32 - [MESSAGE][PASSED] - Keyboard is hidden

2018-12-04 12:20:35 - [MESSAGE][PASSED] - Keyboard is hidden

2018-12-04 12:20:38 - [MESSAGE][PASSED] - Keyboard is hidden

2018-12-04 12:20:41 - [MESSAGE][PASSED] - Keyboard is hidden

2018-12-04 12:20:44 - [MESSAGE][PASSED] - Keyboard is hidden

2018-12-04 12:20:47 - [MESSAGE][PASSED] - Keyboard is hidden

2018-12-04 12:20:49 - [MESSAGE][PASSED] - Swiped from 8,359 to 8,250

2018-12-04 12:20:53 - [MESSAGE][PASSED] - Keyboard is hidden

2018-12-04 12:20:54 - [MESSAGE][PASSED] - Swiped from 8,359 to 8,250

2018-12-04 12:20:58 - [MESSAGE][PASSED] - Keyboard is hidden

2018-12-04 12:20:59 - [MESSAGE][PASSED] - Swiped from 8,359 to 8,250

2018-12-04 12:21:03 - [MESSAGE][PASSED] - Keyboard is hidden

2018-12-04 12:21:04 - [MESSAGE][PASSED] - Swiped from 8,359 to 8,250

2018-12-04 12:21:08 - [MESSAGE][PASSED] - Keyboard is hidden

2018-12-04 12:21:10 - [MESSAGE][PASSED] - Swiped from 8,359 to 8,250

2018-12-04 12:21:13 - [MESSAGE][PASSED] - Keyboard is hidden

2018-12-04 12:21:14 - [MESSAGE][PASSED] - Swiped from 8,359 to 8,250

2018-12-04 12:21:15 - [MESSAGE][PASSED] - com.ct.qa.keywords.ChannelProductsDataKeywords.visitChannelWiseProductsData is PASSED

2018-12-04 12:21:15 - [TEST_STEP][PASSED] - tap: Tapped on element 'Object Repository/ShopOpen/RemainingCategories/SubmitButton'

2018-12-04 12:21:15 - [MESSAGE][WARNING] - Timeout '0' is invalid. Using default page load timeout: '6'

2018-12-04 12:21:16 - [MESSAGE][PASSED] - Tapped on element 'Object Repository/ShopOpen/RemainingCategories/SubmitButton'

2018-12-04 12:21:16 - [TEST_STEP][PASSED] - verifyElementText: Actual text and expected text of test object 'Object Repository/ShopOpen/RemainingCategories/Validate_ProductCategoryAssetScreen' are matched.

2018-12-04 12:21:17 - [MESSAGE][PASSED] - Actual text and expected text of test object 'Object Repository/ShopOpen/RemainingCategories/Validate_ProductCategoryAssetScreen' are matched.

2018-12-04 12:21:17 - [TEST_STEP][PASSED] - tap: Tapped on element 'Object Repository/ShopOpen/RemainingCategories/StockTaking'

2018-12-04 12:21:17 - [MESSAGE][WARNING] - Timeout '0' is invalid. Using default page load timeout: '6'

2018-12-04 12:21:17 - [MESSAGE][PASSED] - Tapped on element 'Object Repository/ShopOpen/RemainingCategories/StockTaking'

2018-12-04 12:21:17 - [TEST_STEP][PASSED] - verifyElementText: Actual text and expected text of test object 'Object Repository/ShopOpen/RemainingCategories/Validate_StockTakingScreen' are matched.

2018-12-04 12:21:19 - [MESSAGE][PASSED] - Actual text and expected text of test object 'Object Repository/ShopOpen/RemainingCategories/Validate_StockTakingScreen' are matched.

2018-12-04 12:21:19 - [TEST_STEP][PASSED] - com.ct.qa.keywords.ChannelProductsDataKeywords.visitChannelWiseProductsData: com.ct.qa.keywords.ChannelProductsDataKeywords.visitChannelWiseProductsData is PASSED

2018-12-04 12:21:24 - [MESSAGE][PASSED] - Keyboard is hidden

2018-12-04 12:21:27 - [MESSAGE][PASSED] - Keyboard is hidden

2018-12-04 12:21:30 - [MESSAGE][PASSED] - Keyboard is hidden

2018-12-04 12:21:33 - [MESSAGE][PASSED] - Keyboard is hidden

2018-12-04 12:21:36 - [MESSAGE][PASSED] - Keyboard is hidden

2018-12-04 12:21:39 - [MESSAGE][PASSED] - Keyboard is hidden

2018-12-04 12:21:41 - [MESSAGE][PASSED] - Swiped from 8,359 to 8,250

2018-12-04 12:21:45 - [MESSAGE][PASSED] - Keyboard is hidden

2018-12-04 12:21:46 - [MESSAGE][PASSED] - Swiped from 8,359 to 8,250

2018-12-04 12:21:50 - [MESSAGE][PASSED] - Keyboard is hidden

2018-12-04 12:21:51 - [MESSAGE][PASSED] - Swiped from 8,359 to 8,250

2018-12-04 12:21:55 - [MESSAGE][PASSED] - Keyboard is hidden

2018-12-04 12:21:56 - [MESSAGE][PASSED] - Swiped from 8,359 to 8,250

2018-12-04 12:22:00 - [MESSAGE][PASSED] - Keyboard is hidden

2018-12-04 12:22:01 - [MESSAGE][PASSED] - Swiped from 8,359 to 8,250

2018-12-04 12:22:05 - [MESSAGE][PASSED] - Keyboard is hidden

2018-12-04 12:22:06 - [MESSAGE][PASSED] - Swiped from 8,359 to 8,250

2018-12-04 12:22:07 - [MESSAGE][PASSED] - com.ct.qa.keywords.ChannelProductsDataKeywords.visitChannelWiseProductsData is PASSED

2018-12-04 12:22:07 - [TEST_STEP][PASSED] - tap: Tapped on element 'Object Repository/ShopOpen/RemainingCategories/SubmitButton'

2018-12-04 12:22:07 - [MESSAGE][WARNING] - Timeout '0' is invalid. Using default page load timeout: '6'

2018-12-04 12:22:08 - [MESSAGE][PASSED] - Tapped on element 'Object Repository/ShopOpen/RemainingCategories/SubmitButton'

2018-12-04 12:22:08 - [TEST_STEP][PASSED] - verifyElementText: Actual text and expected text of test object 'Object Repository/ShopOpen/RemainingCategories/Validate_ProductCategoryAssetScreen' are matched.

2018-12-04 12:22:10 - [MESSAGE][PASSED] - Actual text and expected text of test object 'Object Repository/ShopOpen/RemainingCategories/Validate_ProductCategoryAssetScreen' are matched.

2018-12-04 12:22:10 - [TEST_STEP][PASSED] - com.ct.qa.keywords.CommonKeywords.visitPlanogramImageViewButton: com.ct.qa.keywords.CommonKeywords.visitPlanogramImageViewButton is PASSED

2018-12-04 12:22:12 - [MESSAGE][WARNING] - Timeout '0' is invalid. Using default page load timeout: '6'

2018-12-04 12:22:19 - [MESSAGE][WARNING] - Object Object Repository/CommonScreenElements/InfoPopUp_OKButton not found
[[ATTACHMENT|F:\\Git Projects\\MMA_Merchandising\\MMA_Merchandising\\Reports\\MMA Merchandising With Channel Wise Data Verification\\20181204_113351\\1543908138424.png]]

2018-12-04 12:22:20 - [MESSAGE][PASSED] - com.ct.qa.keywords.CommonKeywords.visitPlanogramImageViewButton is PASSED

2018-12-04 12:22:20 - [TEST_STEP][PASSED] - verifyElementText: Actual text and expected text of test object 'Object Repository/ShopOpen/RemainingCategories/Validate_ProductCategoryAssetScreen' are matched.

2018-12-04 12:22:21 - [MESSAGE][PASSED] - Actual text and expected text of test object 'Object Repository/ShopOpen/RemainingCategories/Validate_ProductCategoryAssetScreen' are matched.

2018-12-04 12:22:21 - [TEST_STEP][PASSED] - com.ct.qa.keywords.CommonKeywords.visitPictureImageViewButton: com.ct.qa.keywords.CommonKeywords.visitPictureImageViewButton is PASSED

2018-12-04 12:22:22 - [MESSAGE][WARNING] - Timeout '0' is invalid. Using default page load timeout: '6'

2018-12-04 12:22:24 - [MESSAGE][PASSED] - Element 'Object Repository/CommonScreenElements/Validate_CameraScreen' is exist

2018-12-04 12:22:24 - [MESSAGE][WARNING] - Timeout '0' is invalid. Using default page load timeout: '6'

2018-12-04 12:22:27 - [MESSAGE][PASSED] - Tapped on element 'Object Repository/CommonScreenElements/TakePictureButton'

2018-12-04 12:22:32 - [MESSAGE][PASSED] - Delayed 5 second(s)

2018-12-04 12:22:32 - [MESSAGE][WARNING] - Timeout '0' is invalid. Using default page load timeout: '6'

2018-12-04 12:22:33 - [MESSAGE][PASSED] - Tapped on element 'Object Repository/CommonScreenElements/DoneButton'

2018-12-04 12:22:33 - [MESSAGE][PASSED] - com.ct.qa.keywords.CommonKeywords.visitPictureImageViewButton is PASSED

2018-12-04 12:22:33 - [TEST_STEP][PASSED] - verifyElementText: Actual text and expected text of test object 'Object Repository/ShopOpen/RemainingCategories/Validate_ProductCategoryAssetScreen' are matched.

2018-12-04 12:22:34 - [MESSAGE][PASSED] - Actual text and expected text of test object 'Object Repository/ShopOpen/RemainingCategories/Validate_ProductCategoryAssetScreen' are matched.

2018-12-04 12:22:34 - [TEST_STEP][PASSED] - com.ct.qa.keywords.CommonKeywords.visitBackImageViewButton: com.ct.qa.keywords.CommonKeywords.visitBackImageViewButton is PASSED

2018-12-04 12:22:35 - [MESSAGE][PASSED] - com.ct.qa.keywords.CommonKeywords.visitBackImageViewButton is PASSED

2018-12-04 12:22:35 - [TEST_STEP][PASSED] - verifyElementExist: Element 'Object Repository/ShopOpen/Validate_ShopCategoriesListScreen' is exist

2018-12-04 12:22:35 - [MESSAGE][WARNING] - Timeout '0' is invalid. Using default page load timeout: '6'

2018-12-04 12:22:36 - [MESSAGE][PASSED] - Element 'Object Repository/ShopOpen/Validate_ShopCategoriesListScreen' is exist

2018-12-04 12:22:36 - [MESSAGE][PASSED] - Call Test Case 'Test Cases/ShopOpen/RemainingCategories/VisitRemainingCategoriesWithDSA' successfully

2018-12-04 12:22:38 - [MESSAGE][PASSED] - Swiped from 0,293 to 0,200

2018-12-04 12:22:41 - [MESSAGE][WARNING] - Timeout '0' is invalid. Using default page load timeout: '6'

2018-12-04 12:22:48 - [MESSAGE][WARNING] - Element 'Object Repository/CommonScreenElements/Validate_CameraScreen' not found
[[ATTACHMENT|F:\\Git Projects\\MMA_Merchandising\\MMA_Merchandising\\Reports\\MMA Merchandising With Channel Wise Data Verification\\20181204_113351\\1543908168052.png]]

2018-12-04 12:22:49 - [TEST_CASE][PASSED] - Test Cases/ShopOpen/RemainingCategories/VisitRemainingCategoriesWithDSA: Test Cases/ShopOpen/RemainingCategories/VisitRemainingCategoriesWithDSA

2018-12-04 12:22:49 - [TEST_STEP][PASSED] - verifyElementText: Actual text and expected text of test object 'Object Repository/ShopOpen/RemainingCategories/Validate_MainCategoryDetailScreen' are matched.

2018-12-04 12:22:49 - [MESSAGE][PASSED] - Actual text and expected text of test object 'Object Repository/ShopOpen/RemainingCategories/Validate_MainCategoryDetailScreen' are matched.

2018-12-04 12:22:49 - [TEST_STEP][PASSED] - tap: Tapped on element 'Object Repository/ShopOpen/RemainingCategories/DisplaySpaceAvailable'

2018-12-04 12:22:49 - [MESSAGE][WARNING] - Timeout '0' is invalid. Using default page load timeout: '6'

2018-12-04 12:22:50 - [MESSAGE][PASSED] - Tapped on element 'Object Repository/ShopOpen/RemainingCategories/DisplaySpaceAvailable'

2018-12-04 12:22:50 - [TEST_STEP][PASSED] - verifyElementText: Actual text and expected text of test object 'Object Repository/ShopOpen/RemainingCategories/Validate_ProductCategoryAssetScreen' are matched.

2018-12-04 12:22:51 - [MESSAGE][PASSED] - Actual text and expected text of test object 'Object Repository/ShopOpen/RemainingCategories/Validate_ProductCategoryAssetScreen' are matched.

2018-12-04 12:22:51 - [TEST_STEP][PASSED] - tap: Tapped on element 'Object Repository/ShopOpen/RemainingCategories/Facing'

2018-12-04 12:22:51 - [MESSAGE][WARNING] - Timeout '0' is invalid. Using default page load timeout: '6'

2018-12-04 12:22:52 - [MESSAGE][PASSED] - Tapped on element 'Object Repository/ShopOpen/RemainingCategories/Facing'

2018-12-04 12:22:52 - [TEST_STEP][PASSED] - verifyElementText: Actual text and expected text of test object 'Object Repository/ShopOpen/RemainingCategories/Validate_FacingScreen' are matched.

2018-12-04 12:22:54 - [MESSAGE][PASSED] - Actual text and expected text of test object 'Object Repository/ShopOpen/RemainingCategories/Validate_FacingScreen' are matched.

2018-12-04 12:22:54 - [TEST_STEP][PASSED] - com.ct.qa.keywords.ChannelProductsDataKeywords.visitChannelWiseProductsData: com.ct.qa.keywords.ChannelProductsDataKeywords.visitChannelWiseProductsData is PASSED

2018-12-04 12:22:59 - [MESSAGE][PASSED] - Keyboard is hidden

2018-12-04 12:23:02 - [MESSAGE][PASSED] - Keyboard is hidden

2018-12-04 12:23:05 - [MESSAGE][PASSED] - Keyboard is hidden

2018-12-04 12:23:08 - [MESSAGE][PASSED] - Keyboard is hidden

2018-12-04 12:23:12 - [MESSAGE][PASSED] - Keyboard is hidden

2018-12-04 12:23:15 - [MESSAGE][PASSED] - Keyboard is hidden

2018-12-04 12:23:17 - [MESSAGE][PASSED] - Swiped from 117,359 to 117,250

2018-12-04 12:23:21 - [MESSAGE][PASSED] - Keyboard is hidden

2018-12-04 12:23:22 - [MESSAGE][PASSED] - Swiped from 117,359 to 117,250

2018-12-04 12:23:26 - [MESSAGE][PASSED] - Keyboard is hidden

2018-12-04 12:23:27 - [MESSAGE][PASSED] - Swiped from 117,359 to 117,250

2018-12-04 12:23:31 - [MESSAGE][PASSED] - Keyboard is hidden

2018-12-04 12:23:32 - [MESSAGE][PASSED] - Swiped from 117,359 to 117,250

2018-12-04 12:23:33 - [MESSAGE][PASSED] - com.ct.qa.keywords.ChannelProductsDataKeywords.visitChannelWiseProductsData is PASSED

2018-12-04 12:23:33 - [TEST_STEP][PASSED] - tap: Tapped on element 'Object Repository/ShopOpen/RemainingCategories/SubmitButton'

2018-12-04 12:23:33 - [MESSAGE][WARNING] - Timeout '0' is invalid. Using default page load timeout: '6'

2018-12-04 12:23:34 - [MESSAGE][PASSED] - Tapped on element 'Object Repository/ShopOpen/RemainingCategories/SubmitButton'

2018-12-04 12:23:34 - [TEST_STEP][PASSED] - verifyElementText: Actual text and expected text of test object 'Object Repository/ShopOpen/RemainingCategories/Validate_ProductCategoryAssetScreen' are matched.

2018-12-04 12:23:35 - [MESSAGE][PASSED] - Actual text and expected text of test object 'Object Repository/ShopOpen/RemainingCategories/Validate_ProductCategoryAssetScreen' are matched.

2018-12-04 12:23:35 - [TEST_STEP][PASSED] - tap: Tapped on element 'Object Repository/ShopOpen/RemainingCategories/StockTaking'

2018-12-04 12:23:35 - [MESSAGE][WARNING] - Timeout '0' is invalid. Using default page load timeout: '6'

2018-12-04 12:23:35 - [MESSAGE][PASSED] - Tapped on element 'Object Repository/ShopOpen/RemainingCategories/StockTaking'

2018-12-04 12:23:35 - [TEST_STEP][PASSED] - verifyElementText: Actual text and expected text of test object 'Object Repository/ShopOpen/RemainingCategories/Validate_StockTakingScreen' are matched.

2018-12-04 12:23:37 - [MESSAGE][PASSED] - Actual text and expected text of test object 'Object Repository/ShopOpen/RemainingCategories/Validate_StockTakingScreen' are matched.

2018-12-04 12:23:37 - [TEST_STEP][PASSED] - com.ct.qa.keywords.ChannelProductsDataKeywords.visitChannelWiseProductsData: com.ct.qa.keywords.ChannelProductsDataKeywords.visitChannelWiseProductsData is PASSED

2018-12-04 12:23:42 - [MESSAGE][PASSED] - Keyboard is hidden

2018-12-04 12:23:45 - [MESSAGE][PASSED] - Keyboard is hidden

2018-12-04 12:23:48 - [MESSAGE][PASSED] - Keyboard is hidden

2018-12-04 12:23:51 - [MESSAGE][PASSED] - Keyboard is hidden

2018-12-04 12:23:54 - [MESSAGE][PASSED] - Keyboard is hidden

2018-12-04 12:23:57 - [MESSAGE][PASSED] - Keyboard is hidden

2018-12-04 12:24:00 - [MESSAGE][PASSED] - Swiped from 117,359 to 117,250

2018-12-04 12:24:03 - [MESSAGE][PASSED] - Keyboard is hidden

2018-12-04 12:24:04 - [MESSAGE][PASSED] - Swiped from 117,359 to 117,250

2018-12-04 12:24:08 - [MESSAGE][PASSED] - Keyboard is hidden

2018-12-04 12:24:10 - [MESSAGE][PASSED] - Swiped from 117,359 to 117,250

2018-12-04 12:24:13 - [MESSAGE][PASSED] - Keyboard is hidden

2018-12-04 12:24:14 - [MESSAGE][PASSED] - Swiped from 117,359 to 117,250

2018-12-04 12:24:15 - [MESSAGE][PASSED] - com.ct.qa.keywords.ChannelProductsDataKeywords.visitChannelWiseProductsData is PASSED

2018-12-04 12:24:15 - [TEST_STEP][PASSED] - tap: Tapped on element 'Object Repository/ShopOpen/RemainingCategories/SubmitButton'

2018-12-04 12:24:15 - [MESSAGE][WARNING] - Timeout '0' is invalid. Using default page load timeout: '6'

2018-12-04 12:24:16 - [MESSAGE][PASSED] - Tapped on element 'Object Repository/ShopOpen/RemainingCategories/SubmitButton'

2018-12-04 12:24:16 - [TEST_STEP][PASSED] - verifyElementText: Actual text and expected text of test object 'Object Repository/ShopOpen/RemainingCategories/Validate_ProductCategoryAssetScreen' are matched.

2018-12-04 12:24:17 - [MESSAGE][PASSED] - Actual text and expected text of test object 'Object Repository/ShopOpen/RemainingCategories/Validate_ProductCategoryAssetScreen' are matched.

2018-12-04 12:24:17 - [TEST_STEP][PASSED] - com.ct.qa.keywords.CommonKeywords.visitPlanogramImageViewButton: com.ct.qa.keywords.CommonKeywords.visitPlanogramImageViewButton is PASSED

2018-12-04 12:24:19 - [MESSAGE][WARNING] - Timeout '0' is invalid. Using default page load timeout: '6'

2018-12-04 12:24:26 - [MESSAGE][WARNING] - Object Object Repository/CommonScreenElements/InfoPopUp_OKButton not found
[[ATTACHMENT|F:\\Git Projects\\MMA_Merchandising\\MMA_Merchandising\\Reports\\MMA Merchandising With Channel Wise Data Verification\\20181204_113351\\1543908265310.png]]

2018-12-04 12:24:27 - [MESSAGE][PASSED] - com.ct.qa.keywords.CommonKeywords.visitPlanogramImageViewButton is PASSED

2018-12-04 12:24:27 - [TEST_STEP][PASSED] - verifyElementText: Actual text and expected text of test object 'Object Repository/ShopOpen/RemainingCategories/Validate_ProductCategoryAssetScreen' are matched.

2018-12-04 12:24:28 - [MESSAGE][PASSED] - Actual text and expected text of test object 'Object Repository/ShopOpen/RemainingCategories/Validate_ProductCategoryAssetScreen' are matched.

2018-12-04 12:24:28 - [TEST_STEP][PASSED] - com.ct.qa.keywords.CommonKeywords.visitPictureImageViewButton: com.ct.qa.keywords.CommonKeywords.visitPictureImageViewButton is PASSED

2018-12-04 12:24:29 - [MESSAGE][WARNING] - Timeout '0' is invalid. Using default page load timeout: '6'

2018-12-04 12:24:31 - [MESSAGE][PASSED] - Element 'Object Repository/CommonScreenElements/Validate_CameraScreen' is exist

2018-12-04 12:24:31 - [MESSAGE][WARNING] - Timeout '0' is invalid. Using default page load timeout: '6'

2018-12-04 12:24:34 - [MESSAGE][PASSED] - Tapped on element 'Object Repository/CommonScreenElements/TakePictureButton'

2018-12-04 12:24:39 - [MESSAGE][PASSED] - Delayed 5 second(s)

2018-12-04 12:24:39 - [MESSAGE][WARNING] - Timeout '0' is invalid. Using default page load timeout: '6'

2018-12-04 12:24:40 - [MESSAGE][PASSED] - Tapped on element 'Object Repository/CommonScreenElements/DoneButton'

2018-12-04 12:24:40 - [MESSAGE][PASSED] - com.ct.qa.keywords.CommonKeywords.visitPictureImageViewButton is PASSED

2018-12-04 12:24:40 - [TEST_STEP][PASSED] - verifyElementText: Actual text and expected text of test object 'Object Repository/ShopOpen/RemainingCategories/Validate_ProductCategoryAssetScreen' are matched.

2018-12-04 12:24:41 - [MESSAGE][PASSED] - Actual text and expected text of test object 'Object Repository/ShopOpen/RemainingCategories/Validate_ProductCategoryAssetScreen' are matched.

2018-12-04 12:24:41 - [TEST_STEP][PASSED] - com.ct.qa.keywords.CommonKeywords.visitBackImageViewButton: com.ct.qa.keywords.CommonKeywords.visitBackImageViewButton is PASSED

2018-12-04 12:24:42 - [MESSAGE][PASSED] - com.ct.qa.keywords.CommonKeywords.visitBackImageViewButton is PASSED

2018-12-04 12:24:42 - [TEST_STEP][PASSED] - verifyElementExist: Element 'Object Repository/ShopOpen/Validate_ShopCategoriesListScreen' is exist

2018-12-04 12:24:42 - [MESSAGE][WARNING] - Timeout '0' is invalid. Using default page load timeout: '6'

2018-12-04 12:24:43 - [MESSAGE][PASSED] - Element 'Object Repository/ShopOpen/Validate_ShopCategoriesListScreen' is exist

2018-12-04 12:24:43 - [MESSAGE][PASSED] - Call Test Case 'Test Cases/ShopOpen/RemainingCategories/VisitRemainingCategoriesWithDSA' successfully

2018-12-04 12:24:44 - [MESSAGE][PASSED] - Swiped from 0,293 to 0,200

2018-12-04 12:24:48 - [MESSAGE][PASSED] - Swiped from 0,293 to 0,200

2018-12-04 12:24:51 - [MESSAGE][WARNING] - Timeout '0' is invalid. Using default page load timeout: '6'

2018-12-04 12:24:59 - [MESSAGE][WARNING] - Element 'Object Repository/CommonScreenElements/Validate_CameraScreen' not found
[[ATTACHMENT|F:\\Git Projects\\MMA_Merchandising\\MMA_Merchandising\\Reports\\MMA Merchandising With Channel Wise Data Verification\\20181204_113351\\1543908297893.png]]

2018-12-04 12:24:59 - [TEST_CASE][PASSED] - Test Cases/ShopOpen/RemainingCategories/VisitRemainingCategoriesWithDSA: Test Cases/ShopOpen/RemainingCategories/VisitRemainingCategoriesWithDSA

2018-12-04 12:24:59 - [TEST_STEP][PASSED] - verifyElementText: Actual text and expected text of test object 'Object Repository/ShopOpen/RemainingCategories/Validate_MainCategoryDetailScreen' are matched.

2018-12-04 12:24:59 - [MESSAGE][PASSED] - Actual text and expected text of test object 'Object Repository/ShopOpen/RemainingCategories/Validate_MainCategoryDetailScreen' are matched.

2018-12-04 12:24:59 - [TEST_STEP][PASSED] - tap: Tapped on element 'Object Repository/ShopOpen/RemainingCategories/DisplaySpaceAvailable'

2018-12-04 12:24:59 - [MESSAGE][WARNING] - Timeout '0' is invalid. Using default page load timeout: '6'

2018-12-04 12:25:00 - [MESSAGE][PASSED] - Tapped on element 'Object Repository/ShopOpen/RemainingCategories/DisplaySpaceAvailable'

2018-12-04 12:25:00 - [TEST_STEP][PASSED] - verifyElementText: Actual text and expected text of test object 'Object Repository/ShopOpen/RemainingCategories/Validate_ProductCategoryAssetScreen' are matched.

2018-12-04 12:25:02 - [MESSAGE][PASSED] - Actual text and expected text of test object 'Object Repository/ShopOpen/RemainingCategories/Validate_ProductCategoryAssetScreen' are matched.

2018-12-04 12:25:02 - [TEST_STEP][PASSED] - tap: Tapped on element 'Object Repository/ShopOpen/RemainingCategories/Facing'

2018-12-04 12:25:02 - [MESSAGE][WARNING] - Timeout '0' is invalid. Using default page load timeout: '6'

2018-12-04 12:25:02 - [MESSAGE][PASSED] - Tapped on element 'Object Repository/ShopOpen/RemainingCategories/Facing'

2018-12-04 12:25:02 - [TEST_STEP][PASSED] - verifyElementText: Actual text and expected text of test object 'Object Repository/ShopOpen/RemainingCategories/Validate_FacingScreen' are matched.

2018-12-04 12:25:04 - [MESSAGE][PASSED] - Actual text and expected text of test object 'Object Repository/ShopOpen/RemainingCategories/Validate_FacingScreen' are matched.

2018-12-04 12:25:04 - [TEST_STEP][PASSED] - com.ct.qa.keywords.ChannelProductsDataKeywords.visitChannelWiseProductsData: com.ct.qa.keywords.ChannelProductsDataKeywords.visitChannelWiseProductsData is PASSED

2018-12-04 12:25:08 - [MESSAGE][PASSED] - Keyboard is hidden

2018-12-04 12:25:11 - [MESSAGE][PASSED] - Keyboard is hidden

2018-12-04 12:25:14 - [MESSAGE][PASSED] - Keyboard is hidden

2018-12-04 12:25:17 - [MESSAGE][PASSED] - Keyboard is hidden

2018-12-04 12:25:18 - [MESSAGE][PASSED] - com.ct.qa.keywords.ChannelProductsDataKeywords.visitChannelWiseProductsData is PASSED

2018-12-04 12:25:18 - [TEST_STEP][PASSED] - tap: Tapped on element 'Object Repository/ShopOpen/RemainingCategories/SubmitButton'

2018-12-04 12:25:18 - [MESSAGE][WARNING] - Timeout '0' is invalid. Using default page load timeout: '6'

2018-12-04 12:25:19 - [MESSAGE][PASSED] - Tapped on element 'Object Repository/ShopOpen/RemainingCategories/SubmitButton'

2018-12-04 12:25:19 - [TEST_STEP][PASSED] - verifyElementText: Actual text and expected text of test object 'Object Repository/ShopOpen/RemainingCategories/Validate_ProductCategoryAssetScreen' are matched.

2018-12-04 12:25:20 - [MESSAGE][PASSED] - Actual text and expected text of test object 'Object Repository/ShopOpen/RemainingCategories/Validate_ProductCategoryAssetScreen' are matched.

2018-12-04 12:25:20 - [TEST_STEP][PASSED] - tap: Tapped on element 'Object Repository/ShopOpen/RemainingCategories/StockTaking'

2018-12-04 12:25:20 - [MESSAGE][WARNING] - Timeout '0' is invalid. Using default page load timeout: '6'

2018-12-04 12:25:20 - [MESSAGE][PASSED] - Tapped on element 'Object Repository/ShopOpen/RemainingCategories/StockTaking'

2018-12-04 12:25:20 - [TEST_STEP][PASSED] - verifyElementText: Actual text and expected text of test object 'Object Repository/ShopOpen/RemainingCategories/Validate_StockTakingScreen' are matched.

2018-12-04 12:25:22 - [MESSAGE][PASSED] - Actual text and expected text of test object 'Object Repository/ShopOpen/RemainingCategories/Validate_StockTakingScreen' are matched.

2018-12-04 12:25:22 - [TEST_STEP][PASSED] - com.ct.qa.keywords.ChannelProductsDataKeywords.visitChannelWiseProductsData: com.ct.qa.keywords.ChannelProductsDataKeywords.visitChannelWiseProductsData is PASSED

2018-12-04 12:25:26 - [MESSAGE][PASSED] - Keyboard is hidden

2018-12-04 12:25:29 - [MESSAGE][PASSED] - Keyboard is hidden

2018-12-04 12:25:32 - [MESSAGE][PASSED] - Keyboard is hidden

2018-12-04 12:25:35 - [MESSAGE][PASSED] - Keyboard is hidden

2018-12-04 12:25:36 - [MESSAGE][PASSED] - com.ct.qa.keywords.ChannelProductsDataKeywords.visitChannelWiseProductsData is PASSED

2018-12-04 12:25:36 - [TEST_STEP][PASSED] - tap: Tapped on element 'Object Repository/ShopOpen/RemainingCategories/SubmitButton'

2018-12-04 12:25:36 - [MESSAGE][WARNING] - Timeout '0' is invalid. Using default page load timeout: '6'

2018-12-04 12:25:37 - [MESSAGE][PASSED] - Tapped on element 'Object Repository/ShopOpen/RemainingCategories/SubmitButton'

2018-12-04 12:25:37 - [TEST_STEP][PASSED] - verifyElementText: Actual text and expected text of test object 'Object Repository/ShopOpen/RemainingCategories/Validate_ProductCategoryAssetScreen' are matched.

2018-12-04 12:25:38 - [MESSAGE][PASSED] - Actual text and expected text of test object 'Object Repository/ShopOpen/RemainingCategories/Validate_ProductCategoryAssetScreen' are matched.

2018-12-04 12:25:38 - [TEST_STEP][PASSED] - com.ct.qa.keywords.CommonKeywords.visitPlanogramImageViewButton: com.ct.qa.keywords.CommonKeywords.visitPlanogramImageViewButton is PASSED

2018-12-04 12:25:39 - [MESSAGE][WARNING] - Timeout '0' is invalid. Using default page load timeout: '6'

2018-12-04 12:25:47 - [MESSAGE][WARNING] - Object Object Repository/CommonScreenElements/InfoPopUp_OKButton not found
[[ATTACHMENT|F:\\Git Projects\\MMA_Merchandising\\MMA_Merchandising\\Reports\\MMA Merchandising With Channel Wise Data Verification\\20181204_113351\\1543908345428.png]]

2018-12-04 12:25:47 - [MESSAGE][PASSED] - com.ct.qa.keywords.CommonKeywords.visitPlanogramImageViewButton is PASSED

2018-12-04 12:25:47 - [TEST_STEP][PASSED] - verifyElementText: Actual text and expected text of test object 'Object Repository/ShopOpen/RemainingCategories/Validate_ProductCategoryAssetScreen' are matched.

2018-12-04 12:25:48 - [MESSAGE][PASSED] - Actual text and expected text of test object 'Object Repository/ShopOpen/RemainingCategories/Validate_ProductCategoryAssetScreen' are matched.

2018-12-04 12:25:48 - [TEST_STEP][PASSED] - com.ct.qa.keywords.CommonKeywords.visitPictureImageViewButton: com.ct.qa.keywords.CommonKeywords.visitPictureImageViewButton is PASSED

2018-12-04 12:25:49 - [MESSAGE][WARNING] - Timeout '0' is invalid. Using default page load timeout: '6'

2018-12-04 12:25:51 - [MESSAGE][PASSED] - Element 'Object Repository/CommonScreenElements/Validate_CameraScreen' is exist

2018-12-04 12:25:51 - [MESSAGE][WARNING] - Timeout '0' is invalid. Using default page load timeout: '6'

2018-12-04 12:25:54 - [MESSAGE][PASSED] - Tapped on element 'Object Repository/CommonScreenElements/TakePictureButton'

2018-12-04 12:25:59 - [MESSAGE][PASSED] - Delayed 5 second(s)

2018-12-04 12:25:59 - [MESSAGE][WARNING] - Timeout '0' is invalid. Using default page load timeout: '6'

2018-12-04 12:26:00 - [MESSAGE][PASSED] - Tapped on element 'Object Repository/CommonScreenElements/DoneButton'

2018-12-04 12:26:00 - [MESSAGE][PASSED] - com.ct.qa.keywords.CommonKeywords.visitPictureImageViewButton is PASSED

2018-12-04 12:26:00 - [TEST_STEP][PASSED] - verifyElementText: Actual text and expected text of test object 'Object Repository/ShopOpen/RemainingCategories/Validate_ProductCategoryAssetScreen' are matched.

2018-12-04 12:26:02 - [MESSAGE][PASSED] - Actual text and expected text of test object 'Object Repository/ShopOpen/RemainingCategories/Validate_ProductCategoryAssetScreen' are matched.

2018-12-04 12:26:02 - [TEST_STEP][PASSED] - com.ct.qa.keywords.CommonKeywords.visitBackImageViewButton: com.ct.qa.keywords.CommonKeywords.visitBackImageViewButton is PASSED

2018-12-04 12:26:03 - [MESSAGE][PASSED] - com.ct.qa.keywords.CommonKeywords.visitBackImageViewButton is PASSED

2018-12-04 12:26:03 - [TEST_STEP][PASSED] - verifyElementExist: Element 'Object Repository/ShopOpen/Validate_ShopCategoriesListScreen' is exist

2018-12-04 12:26:03 - [MESSAGE][WARNING] - Timeout '0' is invalid. Using default page load timeout: '6'

2018-12-04 12:26:05 - [MESSAGE][PASSED] - Element 'Object Repository/ShopOpen/Validate_ShopCategoriesListScreen' is exist

2018-12-04 12:26:05 - [MESSAGE][PASSED] - Call Test Case 'Test Cases/ShopOpen/RemainingCategories/VisitRemainingCategoriesWithDSA' successfully

2018-12-04 12:26:05 - [MESSAGE][PASSED] - Swiped from 0,293 to 0,200

2018-12-04 12:26:07 - [MESSAGE][PASSED] - Swiped from 0,293 to 0,200

2018-12-04 12:26:12 - [MESSAGE][PASSED] - Swiped from 0,293 to 0,200

2018-12-04 12:26:14 - [MESSAGE][WARNING] - Timeout '0' is invalid. Using default page load timeout: '6'

2018-12-04 12:26:22 - [MESSAGE][WARNING] - Element 'Object Repository/CommonScreenElements/Validate_CameraScreen' not found
[[ATTACHMENT|F:\\Git Projects\\MMA_Merchandising\\MMA_Merchandising\\Reports\\MMA Merchandising With Channel Wise Data Verification\\20181204_113351\\1543908380972.png]]

2018-12-04 12:26:22 - [TEST_CASE][PASSED] - Test Cases/ShopOpen/RemainingCategories/VisitRemainingCategoriesWithDSA: Test Cases/ShopOpen/RemainingCategories/VisitRemainingCategoriesWithDSA

2018-12-04 12:26:22 - [TEST_STEP][PASSED] - verifyElementText: Actual text and expected text of test object 'Object Repository/ShopOpen/RemainingCategories/Validate_MainCategoryDetailScreen' are matched.

2018-12-04 12:26:22 - [MESSAGE][PASSED] - Actual text and expected text of test object 'Object Repository/ShopOpen/RemainingCategories/Validate_MainCategoryDetailScreen' are matched.

2018-12-04 12:26:22 - [TEST_STEP][PASSED] - tap: Tapped on element 'Object Repository/ShopOpen/RemainingCategories/DisplaySpaceAvailable'

2018-12-04 12:26:22 - [MESSAGE][WARNING] - Timeout '0' is invalid. Using default page load timeout: '6'

2018-12-04 12:26:23 - [MESSAGE][PASSED] - Tapped on element 'Object Repository/ShopOpen/RemainingCategories/DisplaySpaceAvailable'

2018-12-04 12:26:23 - [TEST_STEP][PASSED] - verifyElementText: Actual text and expected text of test object 'Object Repository/ShopOpen/RemainingCategories/Validate_ProductCategoryAssetScreen' are matched.

2018-12-04 12:26:24 - [MESSAGE][PASSED] - Actual text and expected text of test object 'Object Repository/ShopOpen/RemainingCategories/Validate_ProductCategoryAssetScreen' are matched.

2018-12-04 12:26:24 - [TEST_STEP][PASSED] - tap: Tapped on element 'Object Repository/ShopOpen/RemainingCategories/Facing'

2018-12-04 12:26:24 - [MESSAGE][WARNING] - Timeout '0' is invalid. Using default page load timeout: '6'

2018-12-04 12:26:25 - [MESSAGE][PASSED] - Tapped on element 'Object Repository/ShopOpen/RemainingCategories/Facing'

2018-12-04 12:26:25 - [TEST_STEP][PASSED] - verifyElementText: Actual text and expected text of test object 'Object Repository/ShopOpen/RemainingCategories/Validate_FacingScreen' are matched.

2018-12-04 12:26:27 - [MESSAGE][PASSED] - Actual text and expected text of test object 'Object Repository/ShopOpen/RemainingCategories/Validate_FacingScreen' are matched.

2018-12-04 12:26:27 - [TEST_STEP][PASSED] - com.ct.qa.keywords.ChannelProductsDataKeywords.visitChannelWiseProductsData: com.ct.qa.keywords.ChannelProductsDataKeywords.visitChannelWiseProductsData is PASSED

2018-12-04 12:26:31 - [MESSAGE][PASSED] - Keyboard is hidden

2018-12-04 12:26:34 - [MESSAGE][PASSED] - Keyboard is hidden

2018-12-04 12:26:37 - [MESSAGE][PASSED] - Keyboard is hidden

2018-12-04 12:26:38 - [MESSAGE][PASSED] - com.ct.qa.keywords.ChannelProductsDataKeywords.visitChannelWiseProductsData is PASSED

2018-12-04 12:26:38 - [TEST_STEP][PASSED] - tap: Tapped on element 'Object Repository/ShopOpen/RemainingCategories/SubmitButton'

2018-12-04 12:26:38 - [MESSAGE][WARNING] - Timeout '0' is invalid. Using default page load timeout: '6'

2018-12-04 12:26:39 - [MESSAGE][PASSED] - Tapped on element 'Object Repository/ShopOpen/RemainingCategories/SubmitButton'

2018-12-04 12:26:39 - [TEST_STEP][PASSED] - verifyElementText: Actual text and expected text of test object 'Object Repository/ShopOpen/RemainingCategories/Validate_ProductCategoryAssetScreen' are matched.

2018-12-04 12:26:40 - [MESSAGE][PASSED] - Actual text and expected text of test object 'Object Repository/ShopOpen/RemainingCategories/Validate_ProductCategoryAssetScreen' are matched.

2018-12-04 12:26:40 - [TEST_STEP][PASSED] - tap: Tapped on element 'Object Repository/ShopOpen/RemainingCategories/StockTaking'

2018-12-04 12:26:40 - [MESSAGE][WARNING] - Timeout '0' is invalid. Using default page load timeout: '6'

2018-12-04 12:26:40 - [MESSAGE][PASSED] - Tapped on element 'Object Repository/ShopOpen/RemainingCategories/StockTaking'

2018-12-04 12:26:40 - [TEST_STEP][PASSED] - verifyElementText: Actual text and expected text of test object 'Object Repository/ShopOpen/RemainingCategories/Validate_StockTakingScreen' are matched.

2018-12-04 12:26:42 - [MESSAGE][PASSED] - Actual text and expected text of test object 'Object Repository/ShopOpen/RemainingCategories/Validate_StockTakingScreen' are matched.

2018-12-04 12:26:42 - [TEST_STEP][PASSED] - com.ct.qa.keywords.ChannelProductsDataKeywords.visitChannelWiseProductsData: com.ct.qa.keywords.ChannelProductsDataKeywords.visitChannelWiseProductsData is PASSED

2018-12-04 12:26:46 - [MESSAGE][PASSED] - Keyboard is hidden

2018-12-04 12:26:49 - [MESSAGE][PASSED] - Keyboard is hidden

2018-12-04 12:26:52 - [MESSAGE][PASSED] - Keyboard is hidden

2018-12-04 12:26:53 - [MESSAGE][PASSED] - com.ct.qa.keywords.ChannelProductsDataKeywords.visitChannelWiseProductsData is PASSED

2018-12-04 12:26:53 - [TEST_STEP][PASSED] - tap: Tapped on element 'Object Repository/ShopOpen/RemainingCategories/SubmitButton'

2018-12-04 12:26:53 - [MESSAGE][WARNING] - Timeout '0' is invalid. Using default page load timeout: '6'

2018-12-04 12:26:54 - [MESSAGE][PASSED] - Tapped on element 'Object Repository/ShopOpen/RemainingCategories/SubmitButton'

2018-12-04 12:26:54 - [TEST_STEP][PASSED] - verifyElementText: Actual text and expected text of test object 'Object Repository/ShopOpen/RemainingCategories/Validate_ProductCategoryAssetScreen' are matched.

2018-12-04 12:26:54 - [MESSAGE][PASSED] - Actual text and expected text of test object 'Object Repository/ShopOpen/RemainingCategories/Validate_ProductCategoryAssetScreen' are matched.

2018-12-04 12:26:54 - [TEST_STEP][PASSED] - com.ct.qa.keywords.CommonKeywords.visitPlanogramImageViewButton: com.ct.qa.keywords.CommonKeywords.visitPlanogramImageViewButton is PASSED

2018-12-04 12:26:56 - [MESSAGE][WARNING] - Timeout '0' is invalid. Using default page load timeout: '6'

2018-12-04 12:27:03 - [MESSAGE][WARNING] - Object Object Repository/CommonScreenElements/InfoPopUp_OKButton not found
[[ATTACHMENT|F:\\Git Projects\\MMA_Merchandising\\MMA_Merchandising\\Reports\\MMA Merchandising With Channel Wise Data Verification\\20181204_113351\\1543908422491.png]]

2018-12-04 12:27:04 - [MESSAGE][PASSED] - com.ct.qa.keywords.CommonKeywords.visitPlanogramImageViewButton is PASSED

2018-12-04 12:27:04 - [TEST_STEP][PASSED] - verifyElementText: Actual text and expected text of test object 'Object Repository/ShopOpen/RemainingCategories/Validate_ProductCategoryAssetScreen' are matched.

2018-12-04 12:27:05 - [MESSAGE][PASSED] - Actual text and expected text of test object 'Object Repository/ShopOpen/RemainingCategories/Validate_ProductCategoryAssetScreen' are matched.

2018-12-04 12:27:05 - [TEST_STEP][PASSED] - com.ct.qa.keywords.CommonKeywords.visitPictureImageViewButton: com.ct.qa.keywords.CommonKeywords.visitPictureImageViewButton is PASSED

2018-12-04 12:27:07 - [MESSAGE][WARNING] - Timeout '0' is invalid. Using default page load timeout: '6'

2018-12-04 12:27:08 - [MESSAGE][PASSED] - Element 'Object Repository/CommonScreenElements/Validate_CameraScreen' is exist

2018-12-04 12:27:08 - [MESSAGE][WARNING] - Timeout '0' is invalid. Using default page load timeout: '6'

2018-12-04 12:27:12 - [MESSAGE][PASSED] - Tapped on element 'Object Repository/CommonScreenElements/TakePictureButton'

2018-12-04 12:27:17 - [MESSAGE][PASSED] - Delayed 5 second(s)

2018-12-04 12:27:17 - [MESSAGE][WARNING] - Timeout '0' is invalid. Using default page load timeout: '6'

2018-12-04 12:27:17 - [MESSAGE][PASSED] - Tapped on element 'Object Repository/CommonScreenElements/DoneButton'

2018-12-04 12:27:17 - [MESSAGE][PASSED] - com.ct.qa.keywords.CommonKeywords.visitPictureImageViewButton is PASSED

2018-12-04 12:27:17 - [TEST_STEP][PASSED] - verifyElementText: Actual text and expected text of test object 'Object Repository/ShopOpen/RemainingCategories/Validate_ProductCategoryAssetScreen' are matched.

2018-12-04 12:27:19 - [MESSAGE][PASSED] - Actual text and expected text of test object 'Object Repository/ShopOpen/RemainingCategories/Validate_ProductCategoryAssetScreen' are matched.

2018-12-04 12:27:19 - [TEST_STEP][PASSED] - com.ct.qa.keywords.CommonKeywords.visitBackImageViewButton: com.ct.qa.keywords.CommonKeywords.visitBackImageViewButton is PASSED

2018-12-04 12:27:20 - [MESSAGE][PASSED] - com.ct.qa.keywords.CommonKeywords.visitBackImageViewButton is PASSED

2018-12-04 12:27:20 - [TEST_STEP][PASSED] - verifyElementExist: Element 'Object Repository/ShopOpen/Validate_ShopCategoriesListScreen' is exist

2018-12-04 12:27:20 - [MESSAGE][WARNING] - Timeout '0' is invalid. Using default page load timeout: '6'

2018-12-04 12:27:22 - [MESSAGE][PASSED] - Element 'Object Repository/ShopOpen/Validate_ShopCategoriesListScreen' is exist

2018-12-04 12:27:22 - [MESSAGE][PASSED] - Call Test Case 'Test Cases/ShopOpen/RemainingCategories/VisitRemainingCategoriesWithDSA' successfully

2018-12-04 12:27:22 - [MESSAGE][PASSED] - Swiped from 0,293 to 0,200

2018-12-04 12:27:25 - [MESSAGE][PASSED] - Swiped from 0,293 to 0,200

2018-12-04 12:27:27 - [MESSAGE][PASSED] - Swiped from 0,293 to 0,200

2018-12-04 12:27:31 - [MESSAGE][PASSED] - Swiped from 0,293 to 0,200

2018-12-04 12:27:33 - [MESSAGE][WARNING] - Timeout '0' is invalid. Using default page load timeout: '6'

2018-12-04 12:27:40 - [MESSAGE][WARNING] - Element 'Object Repository/CommonScreenElements/Validate_CameraScreen' not found
[[ATTACHMENT|F:\\Git Projects\\MMA_Merchandising\\MMA_Merchandising\\Reports\\MMA Merchandising With Channel Wise Data Verification\\20181204_113351\\1543908459927.png]]

2018-12-04 12:27:40 - [TEST_CASE][PASSED] - Test Cases/ShopOpen/RemainingCategories/VisitRemainingCategoriesWithDSA: Test Cases/ShopOpen/RemainingCategories/VisitRemainingCategoriesWithDSA

2018-12-04 12:27:41 - [TEST_STEP][PASSED] - verifyElementText: Actual text and expected text of test object 'Object Repository/ShopOpen/RemainingCategories/Validate_MainCategoryDetailScreen' are matched.

2018-12-04 12:27:41 - [MESSAGE][PASSED] - Actual text and expected text of test object 'Object Repository/ShopOpen/RemainingCategories/Validate_MainCategoryDetailScreen' are matched.

2018-12-04 12:27:41 - [TEST_STEP][PASSED] - tap: Tapped on element 'Object Repository/ShopOpen/RemainingCategories/DisplaySpaceAvailable'

2018-12-04 12:27:41 - [MESSAGE][WARNING] - Timeout '0' is invalid. Using default page load timeout: '6'

2018-12-04 12:27:42 - [MESSAGE][PASSED] - Tapped on element 'Object Repository/ShopOpen/RemainingCategories/DisplaySpaceAvailable'

2018-12-04 12:27:42 - [TEST_STEP][PASSED] - verifyElementText: Actual text and expected text of test object 'Object Repository/ShopOpen/RemainingCategories/Validate_ProductCategoryAssetScreen' are matched.

2018-12-04 12:27:44 - [MESSAGE][PASSED] - Actual text and expected text of test object 'Object Repository/ShopOpen/RemainingCategories/Validate_ProductCategoryAssetScreen' are matched.

2018-12-04 12:27:44 - [TEST_STEP][PASSED] - tap: Tapped on element 'Object Repository/ShopOpen/RemainingCategories/Facing'

2018-12-04 12:27:44 - [MESSAGE][WARNING] - Timeout '0' is invalid. Using default page load timeout: '6'

2018-12-04 12:27:44 - [MESSAGE][PASSED] - Tapped on element 'Object Repository/ShopOpen/RemainingCategories/Facing'

2018-12-04 12:27:44 - [TEST_STEP][PASSED] - verifyElementText: Actual text and expected text of test object 'Object Repository/ShopOpen/RemainingCategories/Validate_FacingScreen' are matched.

2018-12-04 12:27:46 - [MESSAGE][PASSED] - Actual text and expected text of test object 'Object Repository/ShopOpen/RemainingCategories/Validate_FacingScreen' are matched.

2018-12-04 12:27:46 - [TEST_STEP][PASSED] - com.ct.qa.keywords.ChannelProductsDataKeywords.visitChannelWiseProductsData: com.ct.qa.keywords.ChannelProductsDataKeywords.visitChannelWiseProductsData is PASSED

2018-12-04 12:27:50 - [MESSAGE][PASSED] - Keyboard is hidden

2018-12-04 12:27:53 - [MESSAGE][PASSED] - Keyboard is hidden

2018-12-04 12:27:54 - [MESSAGE][PASSED] - com.ct.qa.keywords.ChannelProductsDataKeywords.visitChannelWiseProductsData is PASSED

2018-12-04 12:27:54 - [TEST_STEP][PASSED] - tap: Tapped on element 'Object Repository/ShopOpen/RemainingCategories/SubmitButton'

2018-12-04 12:27:54 - [MESSAGE][WARNING] - Timeout '0' is invalid. Using default page load timeout: '6'

2018-12-04 12:27:54 - [MESSAGE][PASSED] - Tapped on element 'Object Repository/ShopOpen/RemainingCategories/SubmitButton'

2018-12-04 12:27:54 - [TEST_STEP][PASSED] - verifyElementText: Actual text and expected text of test object 'Object Repository/ShopOpen/RemainingCategories/Validate_ProductCategoryAssetScreen' are matched.

2018-12-04 12:27:55 - [MESSAGE][PASSED] - Actual text and expected text of test object 'Object Repository/ShopOpen/RemainingCategories/Validate_ProductCategoryAssetScreen' are matched.

2018-12-04 12:27:55 - [TEST_STEP][PASSED] - tap: Tapped on element 'Object Repository/ShopOpen/RemainingCategories/StockTaking'

2018-12-04 12:27:55 - [MESSAGE][WARNING] - Timeout '0' is invalid. Using default page load timeout: '6'

2018-12-04 12:27:56 - [MESSAGE][PASSED] - Tapped on element 'Object Repository/ShopOpen/RemainingCategories/StockTaking'

2018-12-04 12:27:56 - [TEST_STEP][PASSED] - verifyElementText: Actual text and expected text of test object 'Object Repository/ShopOpen/RemainingCategories/Validate_StockTakingScreen' are matched.

2018-12-04 12:27:58 - [MESSAGE][PASSED] - Actual text and expected text of test object 'Object Repository/ShopOpen/RemainingCategories/Validate_StockTakingScreen' are matched.

2018-12-04 12:27:58 - [TEST_STEP][PASSED] - com.ct.qa.keywords.ChannelProductsDataKeywords.visitChannelWiseProductsData: com.ct.qa.keywords.ChannelProductsDataKeywords.visitChannelWiseProductsData is PASSED

2018-12-04 12:28:01 - [MESSAGE][PASSED] - Keyboard is hidden

2018-12-04 12:28:04 - [MESSAGE][PASSED] - Keyboard is hidden

2018-12-04 12:28:05 - [MESSAGE][PASSED] - com.ct.qa.keywords.ChannelProductsDataKeywords.visitChannelWiseProductsData is PASSED

2018-12-04 12:28:05 - [TEST_STEP][PASSED] - tap: Tapped on element 'Object Repository/ShopOpen/RemainingCategories/SubmitButton'

2018-12-04 12:28:05 - [MESSAGE][WARNING] - Timeout '0' is invalid. Using default page load timeout: '6'

2018-12-04 12:28:05 - [MESSAGE][PASSED] - Tapped on element 'Object Repository/ShopOpen/RemainingCategories/SubmitButton'

2018-12-04 12:28:05 - [TEST_STEP][PASSED] - verifyElementText: Actual text and expected text of test object 'Object Repository/ShopOpen/RemainingCategories/Validate_ProductCategoryAssetScreen' are matched.

2018-12-04 12:28:06 - [MESSAGE][PASSED] - Actual text and expected text of test object 'Object Repository/ShopOpen/RemainingCategories/Validate_ProductCategoryAssetScreen' are matched.

2018-12-04 12:28:06 - [TEST_STEP][PASSED] - com.ct.qa.keywords.CommonKeywords.visitPlanogramImageViewButton: com.ct.qa.keywords.CommonKeywords.visitPlanogramImageViewButton is PASSED

2018-12-04 12:28:08 - [MESSAGE][WARNING] - Timeout '0' is invalid. Using default page load timeout: '6'

2018-12-04 12:28:15 - [MESSAGE][WARNING] - Object Object Repository/CommonScreenElements/InfoPopUp_OKButton not found
[[ATTACHMENT|F:\\Git Projects\\MMA_Merchandising\\MMA_Merchandising\\Reports\\MMA Merchandising With Channel Wise Data Verification\\20181204_113351\\1543908494596.png]]

2018-12-04 12:28:16 - [MESSAGE][PASSED] - com.ct.qa.keywords.CommonKeywords.visitPlanogramImageViewButton is PASSED

2018-12-04 12:28:16 - [TEST_STEP][PASSED] - verifyElementText: Actual text and expected text of test object 'Object Repository/ShopOpen/RemainingCategories/Validate_ProductCategoryAssetScreen' are matched.

2018-12-04 12:28:17 - [MESSAGE][PASSED] - Actual text and expected text of test object 'Object Repository/ShopOpen/RemainingCategories/Validate_ProductCategoryAssetScreen' are matched.

2018-12-04 12:28:17 - [TEST_STEP][PASSED] - com.ct.qa.keywords.CommonKeywords.visitPictureImageViewButton: com.ct.qa.keywords.CommonKeywords.visitPictureImageViewButton is PASSED

2018-12-04 12:28:18 - [MESSAGE][WARNING] - Timeout '0' is invalid. Using default page load timeout: '6'

2018-12-04 12:28:20 - [MESSAGE][PASSED] - Element 'Object Repository/CommonScreenElements/Validate_CameraScreen' is exist

2018-12-04 12:28:20 - [MESSAGE][WARNING] - Timeout '0' is invalid. Using default page load timeout: '6'

2018-12-04 12:28:23 - [MESSAGE][PASSED] - Tapped on element 'Object Repository/CommonScreenElements/TakePictureButton'

2018-12-04 12:28:28 - [MESSAGE][PASSED] - Delayed 5 second(s)

2018-12-04 12:28:28 - [MESSAGE][WARNING] - Timeout '0' is invalid. Using default page load timeout: '6'

2018-12-04 12:28:29 - [MESSAGE][PASSED] - Tapped on element 'Object Repository/CommonScreenElements/DoneButton'

2018-12-04 12:28:29 - [MESSAGE][PASSED] - com.ct.qa.keywords.CommonKeywords.visitPictureImageViewButton is PASSED

2018-12-04 12:28:29 - [TEST_STEP][PASSED] - verifyElementText: Actual text and expected text of test object 'Object Repository/ShopOpen/RemainingCategories/Validate_ProductCategoryAssetScreen' are matched.

2018-12-04 12:28:30 - [MESSAGE][PASSED] - Actual text and expected text of test object 'Object Repository/ShopOpen/RemainingCategories/Validate_ProductCategoryAssetScreen' are matched.

2018-12-04 12:28:30 - [TEST_STEP][PASSED] - com.ct.qa.keywords.CommonKeywords.visitBackImageViewButton: com.ct.qa.keywords.CommonKeywords.visitBackImageViewButton is PASSED

2018-12-04 12:28:31 - [MESSAGE][PASSED] - com.ct.qa.keywords.CommonKeywords.visitBackImageViewButton is PASSED

2018-12-04 12:28:31 - [TEST_STEP][PASSED] - verifyElementExist: Element 'Object Repository/ShopOpen/Validate_ShopCategoriesListScreen' is exist

2018-12-04 12:28:31 - [MESSAGE][WARNING] - Timeout '0' is invalid. Using default page load timeout: '6'

2018-12-04 12:28:32 - [MESSAGE][PASSED] - Element 'Object Repository/ShopOpen/Validate_ShopCategoriesListScreen' is exist

2018-12-04 12:28:32 - [MESSAGE][PASSED] - Call Test Case 'Test Cases/ShopOpen/RemainingCategories/VisitRemainingCategoriesWithDSA' successfully

2018-12-04 12:28:33 - [MESSAGE][PASSED] - Swiped from 0,293 to 0,200

2018-12-04 12:28:35 - [MESSAGE][PASSED] - Swiped from 0,293 to 0,200

2018-12-04 12:28:38 - [MESSAGE][PASSED] - Swiped from 0,293 to 0,200

2018-12-04 12:28:40 - [MESSAGE][PASSED] - Swiped from 0,293 to 0,200

2018-12-04 12:28:44 - [MESSAGE][PASSED] - Swiped from 0,293 to 0,200

2018-12-04 12:28:47 - [TEST_CASE][PASSED] - Test Cases/ShopOpen/CompetitionTracking/VisitCompetitionTracking: Test Cases/ShopOpen/CompetitionTracking/VisitCompetitionTracking

2018-12-04 12:28:47 - [TEST_STEP][PASSED] - verifyElementExist: Element 'Object Repository/ShopOpen/CompetitionTracking/Validate_CompetitionTrackingScreen' is exist

2018-12-04 12:28:47 - [MESSAGE][WARNING] - Timeout '0' is invalid. Using default page load timeout: '6'

2018-12-04 12:28:48 - [MESSAGE][PASSED] - Element 'Object Repository/ShopOpen/CompetitionTracking/Validate_CompetitionTrackingScreen' is exist

2018-12-04 12:28:48 - [TEST_STEP][PASSED] - com.ct.qa.keywords.CompetitionTrackingKeywords.visitCompetitiontrackingProducts: com.ct.qa.keywords.CompetitionTrackingKeywords.visitCompetitiontrackingProducts is PASSED

2018-12-04 12:28:52 - [MESSAGE][PASSED] - Keyboard is hidden

2018-12-04 12:28:55 - [MESSAGE][PASSED] - Keyboard is hidden

2018-12-04 12:28:55 - [MESSAGE][PASSED] - com.ct.qa.keywords.CompetitionTrackingKeywords.visitCompetitiontrackingProducts is PASSED

2018-12-04 12:28:55 - [TEST_STEP][PASSED] - pressBack: Press back button successfully

2018-12-04 12:28:56 - [MESSAGE][PASSED] - Press back button successfully

2018-12-04 12:28:56 - [TEST_STEP][PASSED] - verifyElementExist: Element 'Object Repository/ShopOpen/Validate_ShopCategoriesListScreen' is exist

2018-12-04 12:28:56 - [MESSAGE][WARNING] - Timeout '0' is invalid. Using default page load timeout: '6'

2018-12-04 12:28:56 - [MESSAGE][PASSED] - Element 'Object Repository/ShopOpen/Validate_ShopCategoriesListScreen' is exist

2018-12-04 12:28:56 - [MESSAGE][PASSED] - Call Test Case 'Test Cases/ShopOpen/CompetitionTracking/VisitCompetitionTracking' successfully

2018-12-04 12:28:57 - [MESSAGE][PASSED] - Swiped from 0,293 to 0,200

2018-12-04 12:28:59 - [MESSAGE][PASSED] - Swiped from 0,293 to 0,200

2018-12-04 12:29:02 - [MESSAGE][PASSED] - Swiped from 0,293 to 0,200

2018-12-04 12:29:04 - [MESSAGE][PASSED] - Swiped from 0,293 to 0,200

2018-12-04 12:29:07 - [MESSAGE][PASSED] - Swiped from 0,293 to 0,200

2018-12-04 12:29:11 - [MESSAGE][PASSED] - Swiped from 0,293 to 0,200

2018-12-04 12:29:13 - [TEST_CASE][PASSED] - Test Cases/ShopOpen/RTMVisitFrequency/VisitRTMVisitFrequency: Test Cases/ShopOpen/RTMVisitFrequency/VisitRTMVisitFrequency

2018-12-04 12:29:13 - [TEST_STEP][PASSED] - verifyElementText: Actual text and expected text of test object 'Object Repository/ShopOpen/RTMVisitFrequency/Validate_RTMVisitFrequencyScreen' are matched.

2018-12-04 12:29:14 - [MESSAGE][PASSED] - Actual text and expected text of test object 'Object Repository/ShopOpen/RTMVisitFrequency/Validate_RTMVisitFrequencyScreen' are matched.

2018-12-04 12:29:14 - [TEST_STEP][PASSED] - com.ct.qa.keywords.RTMVisitFrequencyKeywords.visitRTMVisitFrequency: com.ct.qa.keywords.RTMVisitFrequencyKeywords.visitRTMVisitFrequency is PASSED

2018-12-04 12:29:15 - [MESSAGE][WARNING] - Timeout '0' is invalid. Using default page load timeout: '6'

2018-12-04 12:29:16 - [MESSAGE][PASSED] - Element 'Object Repository/ShopOpen/RTMVisitFrequency/Validate_RTMVisitFrequencyRemarks' is exist

2018-12-04 12:29:16 - [MESSAGE][WARNING] - Timeout '0' is invalid. Using default page load timeout: '6'

2018-12-04 12:29:17 - [MESSAGE][PASSED] - Tapped on element 'Object Repository/ShopOpen/RTMVisitFrequency/OnceAWeek'

2018-12-04 12:29:18 - [MESSAGE][WARNING] - Timeout '0' is invalid. Using default page load timeout: '6'

2018-12-04 12:29:19 - [MESSAGE][PASSED] - Element 'Object Repository/ShopOpen/RTMVisitFrequency/Validate_RTMVisitFrequencyRemarks' is exist

2018-12-04 12:29:19 - [MESSAGE][WARNING] - Timeout '0' is invalid. Using default page load timeout: '6'

2018-12-04 12:29:20 - [MESSAGE][PASSED] - Tapped on element 'Object Repository/ShopOpen/RTMVisitFrequency/OnceAWeek'

2018-12-04 12:29:21 - [MESSAGE][WARNING] - Timeout '0' is invalid. Using default page load timeout: '6'

2018-12-04 12:29:22 - [MESSAGE][PASSED] - Element 'Object Repository/ShopOpen/RTMVisitFrequency/Validate_RTMVisitFrequencyRemarks' is exist

2018-12-04 12:29:22 - [MESSAGE][WARNING] - Timeout '0' is invalid. Using default page load timeout: '6'

2018-12-04 12:29:23 - [MESSAGE][PASSED] - Tapped on element 'Object Repository/ShopOpen/RTMVisitFrequency/OnceAWeek'

2018-12-04 12:29:24 - [MESSAGE][WARNING] - Timeout '0' is invalid. Using default page load timeout: '6'

2018-12-04 12:29:25 - [MESSAGE][PASSED] - Element 'Object Repository/ShopOpen/RTMVisitFrequency/Validate_RTMVisitFrequencyRemarks' is exist

2018-12-04 12:29:25 - [MESSAGE][WARNING] - Timeout '0' is invalid. Using default page load timeout: '6'

2018-12-04 12:29:26 - [MESSAGE][PASSED] - Tapped on element 'Object Repository/ShopOpen/RTMVisitFrequency/OnceAWeek'

2018-12-04 12:29:26 - [MESSAGE][PASSED] - com.ct.qa.keywords.RTMVisitFrequencyKeywords.visitRTMVisitFrequency is PASSED

2018-12-04 12:29:26 - [TEST_STEP][PASSED] - tap: Tapped on element 'Object Repository/ShopOpen/RTMVisitFrequency/BackButton'

2018-12-04 12:29:26 - [MESSAGE][WARNING] - Timeout '0' is invalid. Using default page load timeout: '6'

2018-12-04 12:29:27 - [MESSAGE][PASSED] - Tapped on element 'Object Repository/ShopOpen/RTMVisitFrequency/BackButton'

2018-12-04 12:29:27 - [TEST_STEP][PASSED] - verifyElementExist: Element 'Object Repository/ShopOpen/Validate_ShopCategoriesListScreen' is exist

2018-12-04 12:29:27 - [MESSAGE][WARNING] - Timeout '0' is invalid. Using default page load timeout: '6'

2018-12-04 12:29:29 - [MESSAGE][PASSED] - Element 'Object Repository/ShopOpen/Validate_ShopCategoriesListScreen' is exist

2018-12-04 12:29:29 - [MESSAGE][PASSED] - Call Test Case 'Test Cases/ShopOpen/RTMVisitFrequency/VisitRTMVisitFrequency' successfully

2018-12-04 12:29:29 - [MESSAGE][PASSED] - Swiped from 0,293 to 0,200

2018-12-04 12:29:32 - [MESSAGE][PASSED] - Swiped from 0,293 to 0,200

2018-12-04 12:29:34 - [MESSAGE][PASSED] - Swiped from 0,293 to 0,200

2018-12-04 12:29:37 - [MESSAGE][PASSED] - Swiped from 0,293 to 0,200

2018-12-04 12:29:39 - [MESSAGE][PASSED] - Swiped from 0,293 to 0,200

2018-12-04 12:29:42 - [MESSAGE][PASSED] - Swiped from 0,293 to 0,200

2018-12-04 12:29:44 - [MESSAGE][PASSED] - Swiped from 0,293 to 0,200

2018-12-04 12:29:47 - [TEST_CASE][PASSED] - Test Cases/ShopOpen/HangerAvailability/VisitHangerAvailability: Test Cases/ShopOpen/HangerAvailability/VisitHangerAvailability

2018-12-04 12:29:47 - [TEST_STEP][PASSED] - verifyElementText: Actual text and expected text of test object 'Object Repository/ShopOpen/HangerAvailability/Validate_HangerAvailabilityScreen' are matched.

2018-12-04 12:29:48 - [MESSAGE][PASSED] - Actual text and expected text of test object 'Object Repository/ShopOpen/HangerAvailability/Validate_HangerAvailabilityScreen' are matched.

2018-12-04 12:29:48 - [TEST_STEP][PASSED] - tap: Tapped on element 'Object Repository/ShopOpen/HangerAvailability/HangerAvailability_Yes'

2018-12-04 12:29:48 - [MESSAGE][WARNING] - Timeout '0' is invalid. Using default page load timeout: '6'

2018-12-04 12:29:49 - [MESSAGE][PASSED] - Tapped on element 'Object Repository/ShopOpen/HangerAvailability/HangerAvailability_Yes'

2018-12-04 12:29:49 - [TEST_STEP][PASSED] - tap: Tapped on element 'Object Repository/ShopOpen/HangerAvailability/HangerAvailability_BackButton'

2018-12-04 12:29:49 - [MESSAGE][WARNING] - Timeout '0' is invalid. Using default page load timeout: '6'

2018-12-04 12:29:50 - [MESSAGE][PASSED] - Tapped on element 'Object Repository/ShopOpen/HangerAvailability/HangerAvailability_BackButton'

2018-12-04 12:29:50 - [TEST_STEP][PASSED] - verifyElementExist: Element 'Object Repository/ShopOpen/Validate_ShopCategoriesListScreen' is exist

2018-12-04 12:29:50 - [MESSAGE][WARNING] - Timeout '0' is invalid. Using default page load timeout: '6'

2018-12-04 12:29:52 - [MESSAGE][PASSED] - Element 'Object Repository/ShopOpen/Validate_ShopCategoriesListScreen' is exist

2018-12-04 12:29:52 - [MESSAGE][PASSED] - Call Test Case 'Test Cases/ShopOpen/HangerAvailability/VisitHangerAvailability' successfully

2018-12-04 12:29:52 - [MESSAGE][PASSED] - Swiped from 0,293 to 0,200

2018-12-04 12:29:55 - [MESSAGE][PASSED] - Swiped from 0,293 to 0,200

2018-12-04 12:29:57 - [MESSAGE][PASSED] - Swiped from 0,293 to 0,200

2018-12-04 12:29:59 - [MESSAGE][PASSED] - Swiped from 0,293 to 0,200

2018-12-04 12:30:02 - [MESSAGE][PASSED] - Swiped from 0,293 to 0,200

2018-12-04 12:30:04 - [MESSAGE][PASSED] - Swiped from 0,293 to 0,200

2018-12-04 12:30:07 - [MESSAGE][PASSED] - Swiped from 0,293 to 0,200

2018-12-04 12:30:10 - [MESSAGE][PASSED] - Swiped from 0,293 to 0,200

2018-12-04 12:30:13 - [TEST_CASE][PASSED] - Test Cases/ShopOpen/POPApplication/OverwritePOPApplication: Test Cases/ShopOpen/POPApplication/OverwritePOPApplication

2018-12-04 12:30:13 - [TEST_STEP][PASSED] - verifyElementText: Actual text and expected text of test object 'Object Repository/ShopOpen/POPApplication/Validate_POPApplicationDetailScreen' are matched.

2018-12-04 12:30:14 - [MESSAGE][PASSED] - Actual text and expected text of test object 'Object Repository/ShopOpen/POPApplication/Validate_POPApplicationDetailScreen' are matched.

2018-12-04 12:30:14 - [TEST_STEP][PASSED] - tap: Tapped on element 'Object Repository/ShopOpen/POPApplication/POPDeployment_No'

2018-12-04 12:30:14 - [MESSAGE][WARNING] - Timeout '0' is invalid. Using default page load timeout: '6'

2018-12-04 12:30:15 - [MESSAGE][PASSED] - Tapped on element 'Object Repository/ShopOpen/POPApplication/POPDeployment_No'

2018-12-04 12:30:15 - [TEST_STEP][PASSED] - pressBack: Press back button successfully

2018-12-04 12:30:16 - [MESSAGE][PASSED] - Press back button successfully

2018-12-04 12:30:16 - [TEST_STEP][PASSED] - verifyElementExist: Element 'Object Repository/ShopOpen/Validate_ShopCategoriesListScreen' is exist

2018-12-04 12:30:16 - [MESSAGE][WARNING] - Timeout '0' is invalid. Using default page load timeout: '6'

2018-12-04 12:30:16 - [MESSAGE][PASSED] - Element 'Object Repository/ShopOpen/Validate_ShopCategoriesListScreen' is exist

2018-12-04 12:30:16 - [MESSAGE][PASSED] - Call Test Case 'Test Cases/ShopOpen/POPApplication/OverwritePOPApplication' successfully

2018-12-04 12:30:17 - [MESSAGE][PASSED] - Swiped from 0,293 to 0,200

2018-12-04 12:30:19 - [MESSAGE][PASSED] - Swiped from 0,293 to 0,200

2018-12-04 12:30:22 - [MESSAGE][PASSED] - Swiped from 0,293 to 0,200

2018-12-04 12:30:25 - [MESSAGE][PASSED] - Swiped from 0,293 to 0,200

2018-12-04 12:30:27 - [MESSAGE][PASSED] - Swiped from 0,293 to 0,200

2018-12-04 12:30:29 - [MESSAGE][PASSED] - Swiped from 0,293 to 0,200

2018-12-04 12:30:32 - [MESSAGE][PASSED] - Swiped from 0,293 to 0,200

2018-12-04 12:30:34 - [MESSAGE][PASSED] - Swiped from 0,293 to 0,200

2018-12-04 12:30:38 - [MESSAGE][PASSED] - Swiped from 0,293 to 0,200

2018-12-04 12:30:40 - [TEST_CASE][PASSED] - Test Cases/ShopOpen/AdditionalPicture/VisitAdditionalPicture: Test Cases/ShopOpen/AdditionalPicture/VisitAdditionalPicture

2018-12-04 12:30:40 - [TEST_STEP][PASSED] - verifyElementText: Actual text and expected text of test object 'Object Repository/ShopOpen/AdditionalPicture/Validate_AdditionalPictureScreen' are matched.

2018-12-04 12:30:42 - [MESSAGE][PASSED] - Actual text and expected text of test object 'Object Repository/ShopOpen/AdditionalPicture/Validate_AdditionalPictureScreen' are matched.

2018-12-04 12:30:42 - [TEST_STEP][PASSED] - com.ct.qa.keywords.AdditionalPictureKeywords.takeMendatoryImages: com.ct.qa.keywords.AdditionalPictureKeywords.takeMendatoryImages is PASSED

2018-12-04 12:30:45 - [MESSAGE][WARNING] - Timeout '0' is invalid. Using default page load timeout: '6'

2018-12-04 12:30:46 - [MESSAGE][PASSED] - Element 'Object Repository/CommonScreenElements/Validate_CameraScreen' is exist

2018-12-04 12:30:46 - [MESSAGE][WARNING] - Timeout '0' is invalid. Using default page load timeout: '6'

2018-12-04 12:30:49 - [MESSAGE][PASSED] - Tapped on element 'Object Repository/CommonScreenElements/TakePictureButton'

2018-12-04 12:30:54 - [MESSAGE][PASSED] - Delayed 5 second(s)

2018-12-04 12:30:54 - [MESSAGE][WARNING] - Timeout '0' is invalid. Using default page load timeout: '6'

2018-12-04 12:30:55 - [MESSAGE][PASSED] - Tapped on element 'Object Repository/CommonScreenElements/DoneButton'

2018-12-04 12:30:55 - [MESSAGE][PASSED] - com.ct.qa.keywords.AdditionalPictureKeywords.takeMendatoryImages is PASSED

2018-12-04 12:30:55 - [TEST_STEP][PASSED] - pressBack: Press back button successfully

2018-12-04 12:30:56 - [MESSAGE][PASSED] - Press back button successfully

2018-12-04 12:30:56 - [TEST_STEP][PASSED] - verifyElementExist: Element 'Object Repository/ShopOpen/Validate_ShopCategoriesListScreen' is exist

2018-12-04 12:30:56 - [MESSAGE][WARNING] - Timeout '0' is invalid. Using default page load timeout: '6'

2018-12-04 12:30:57 - [MESSAGE][PASSED] - Element 'Object Repository/ShopOpen/Validate_ShopCategoriesListScreen' is exist

2018-12-04 12:30:57 - [MESSAGE][PASSED] - Call Test Case 'Test Cases/ShopOpen/AdditionalPicture/VisitAdditionalPicture' successfully

2018-12-04 12:30:58 - [MESSAGE][PASSED] - Swiped from 0,293 to 0,200

2018-12-04 12:31:01 - [MESSAGE][PASSED] - Swiped from 0,293 to 0,200

2018-12-04 12:31:03 - [MESSAGE][PASSED] - Swiped from 0,293 to 0,200

2018-12-04 12:31:06 - [MESSAGE][PASSED] - Swiped from 0,293 to 0,200

2018-12-04 12:31:08 - [MESSAGE][PASSED] - Swiped from 0,293 to 0,200

2018-12-04 12:31:11 - [MESSAGE][PASSED] - Swiped from 0,293 to 0,200

2018-12-04 12:31:13 - [MESSAGE][PASSED] - Swiped from 0,293 to 0,200

2018-12-04 12:31:15 - [MESSAGE][PASSED] - Swiped from 0,293 to 0,200

2018-12-04 12:31:17 - [MESSAGE][PASSED] - Swiped from 0,293 to 0,200

2018-12-04 12:31:21 - [MESSAGE][PASSED] - Swiped from 0,293 to 0,200

2018-12-04 12:31:24 - [MESSAGE][WARNING] - Timeout '0' is invalid. Using default page load timeout: '6'

2018-12-04 12:31:31 - [MESSAGE][WARNING] - Element 'Object Repository/CommonScreenElements/Validate_CameraScreen' not found
[[ATTACHMENT|F:\\Git Projects\\MMA_Merchandising\\MMA_Merchandising\\Reports\\MMA Merchandising With Channel Wise Data Verification\\20181204_113351\\1543908690358.png]]

2018-12-04 12:31:31 - [TEST_CASE][PASSED] - Test Cases/ShopOpen/Survey/visitSurvey: Test Cases/ShopOpen/Survey/visitSurvey

2018-12-04 12:31:31 - [TEST_STEP][PASSED] - verifyElementText: Actual text and expected text of test object 'Object Repository/ShopOpen/Survey/Validate_QuestionCategoriesScreen' are matched.

2018-12-04 12:31:32 - [MESSAGE][PASSED] - Actual text and expected text of test object 'Object Repository/ShopOpen/Survey/Validate_QuestionCategoriesScreen' are matched.

2018-12-04 12:31:32 - [TEST_STEP][PASSED] - com.ct.qa.keywords.SurveyKeywords.visitQuestionCategories: com.ct.qa.keywords.SurveyKeywords.visitQuestionCategories is PASSED

2018-12-04 12:31:33 - [TEST_CASE][PASSED] - Test Cases/ShopOpen/Survey/VisitQuestions: Test Cases/ShopOpen/Survey/VisitQuestions

2018-12-04 12:31:33 - [TEST_STEP][PASSED] - verifyElementText: Actual text and expected text of test object 'Object Repository/ShopOpen/Survey/Validate_QuestionsScreen' are matched.

2018-12-04 12:31:34 - [MESSAGE][PASSED] - Actual text and expected text of test object 'Object Repository/ShopOpen/Survey/Validate_QuestionsScreen' are matched.

2018-12-04 12:31:34 - [TEST_STEP][PASSED] - com.ct.qa.keywords.SurveyKeywords.visitQuestions: com.ct.qa.keywords.SurveyKeywords.visitQuestions is PASSED

2018-12-04 12:31:36 - [MESSAGE][WARNING] - Timeout '0' is invalid. Using default page load timeout: '6'

2018-12-04 12:31:37 - [MESSAGE][PASSED] - Element 'Object Repository/ShopOpen/Survey/Validate_RemarksPopup' is exist

2018-12-04 12:31:37 - [MESSAGE][WARNING] - Timeout '0' is invalid. Using default page load timeout: '6'

2018-12-04 12:31:39 - [MESSAGE][PASSED] - Tapped on element 'Object Repository/ShopOpen/Survey/RemarksPopup_Yes'

2018-12-04 12:31:39 - [MESSAGE][WARNING] - Timeout '0' is invalid. Using default page load timeout: '6'

2018-12-04 12:31:39 - [MESSAGE][PASSED] - Element 'Object Repository/CommonScreenElements/Validate_CameraScreen' is exist

2018-12-04 12:31:39 - [MESSAGE][WARNING] - Timeout '0' is invalid. Using default page load timeout: '6'

2018-12-04 12:31:43 - [MESSAGE][PASSED] - Tapped on element 'Object Repository/CommonScreenElements/TakePictureButton'

2018-12-04 12:31:48 - [MESSAGE][PASSED] - Delayed 5 second(s)

2018-12-04 12:31:48 - [MESSAGE][WARNING] - Timeout '0' is invalid. Using default page load timeout: '6'

2018-12-04 12:31:49 - [MESSAGE][PASSED] - Tapped on element 'Object Repository/CommonScreenElements/DoneButton'

2018-12-04 12:31:50 - [MESSAGE][PASSED] - Actual text and expected text of test object 'Object Repository/ShopOpen/Survey/Validate_QuestionsScreen' are matched.

2018-12-04 12:31:50 - [MESSAGE][WARNING] - Timeout '0' is invalid. Using default page load timeout: '6'

2018-12-04 12:31:51 - [MESSAGE][PASSED] - Element 'Object Repository/ShopOpen/Survey/Validate_RemarksPopup' is exist

2018-12-04 12:31:51 - [MESSAGE][WARNING] - Timeout '0' is invalid. Using default page load timeout: '6'

2018-12-04 12:31:53 - [MESSAGE][PASSED] - Tapped on element 'Object Repository/ShopOpen/Survey/RemarksPopup_Yes'

2018-12-04 12:31:53 - [MESSAGE][WARNING] - Timeout '0' is invalid. Using default page load timeout: '6'

2018-12-04 12:31:54 - [MESSAGE][PASSED] - Element 'Object Repository/CommonScreenElements/Validate_CameraScreen' is exist

2018-12-04 12:31:54 - [MESSAGE][WARNING] - Timeout '0' is invalid. Using default page load timeout: '6'

2018-12-04 12:31:57 - [MESSAGE][PASSED] - Tapped on element 'Object Repository/CommonScreenElements/TakePictureButton'

2018-12-04 12:32:02 - [MESSAGE][PASSED] - Delayed 5 second(s)

2018-12-04 12:32:02 - [MESSAGE][WARNING] - Timeout '0' is invalid. Using default page load timeout: '6'

2018-12-04 12:32:03 - [MESSAGE][PASSED] - Tapped on element 'Object Repository/CommonScreenElements/DoneButton'

2018-12-04 12:32:03 - [MESSAGE][PASSED] - Actual text and expected text of test object 'Object Repository/ShopOpen/Survey/Validate_QuestionsScreen' are matched.

2018-12-04 12:32:04 - [MESSAGE][WARNING] - Timeout '0' is invalid. Using default page load timeout: '6'

2018-12-04 12:32:05 - [MESSAGE][PASSED] - Element 'Object Repository/ShopOpen/Survey/Validate_RemarksPopup' is exist

2018-12-04 12:32:05 - [MESSAGE][WARNING] - Timeout '0' is invalid. Using default page load timeout: '6'

2018-12-04 12:32:07 - [MESSAGE][PASSED] - Tapped on element 'Object Repository/ShopOpen/Survey/RemarksPopup_Yes'

2018-12-04 12:32:07 - [MESSAGE][WARNING] - Timeout '0' is invalid. Using default page load timeout: '6'

2018-12-04 12:32:08 - [MESSAGE][PASSED] - Element 'Object Repository/CommonScreenElements/Validate_CameraScreen' is exist

2018-12-04 12:32:08 - [MESSAGE][WARNING] - Timeout '0' is invalid. Using default page load timeout: '6'

2018-12-04 12:32:11 - [MESSAGE][PASSED] - Tapped on element 'Object Repository/CommonScreenElements/TakePictureButton'

2018-12-04 12:32:16 - [MESSAGE][PASSED] - Delayed 5 second(s)

2018-12-04 12:32:16 - [MESSAGE][WARNING] - Timeout '0' is invalid. Using default page load timeout: '6'

2018-12-04 12:32:17 - [MESSAGE][PASSED] - Tapped on element 'Object Repository/CommonScreenElements/DoneButton'

2018-12-04 12:32:17 - [MESSAGE][PASSED] - Actual text and expected text of test object 'Object Repository/ShopOpen/Survey/Validate_QuestionsScreen' are matched.

2018-12-04 12:32:18 - [MESSAGE][WARNING] - Timeout '0' is invalid. Using default page load timeout: '6'

2018-12-04 12:32:19 - [MESSAGE][PASSED] - Element 'Object Repository/ShopOpen/Survey/Validate_RemarksPopup' is exist

2018-12-04 12:32:19 - [MESSAGE][WARNING] - Timeout '0' is invalid. Using default page load timeout: '6'

2018-12-04 12:32:21 - [MESSAGE][PASSED] - Tapped on element 'Object Repository/ShopOpen/Survey/RemarksPopup_Yes'

2018-12-04 12:32:21 - [MESSAGE][WARNING] - Timeout '0' is invalid. Using default page load timeout: '6'

2018-12-04 12:32:21 - [MESSAGE][PASSED] - Element 'Object Repository/CommonScreenElements/Validate_CameraScreen' is exist

2018-12-04 12:32:21 - [MESSAGE][WARNING] - Timeout '0' is invalid. Using default page load timeout: '6'

2018-12-04 12:32:25 - [MESSAGE][PASSED] - Tapped on element 'Object Repository/CommonScreenElements/TakePictureButton'

2018-12-04 12:32:30 - [MESSAGE][PASSED] - Delayed 5 second(s)

2018-12-04 12:32:30 - [MESSAGE][WARNING] - Timeout '0' is invalid. Using default page load timeout: '6'

2018-12-04 12:32:31 - [MESSAGE][PASSED] - Tapped on element 'Object Repository/CommonScreenElements/DoneButton'

2018-12-04 12:32:31 - [MESSAGE][PASSED] - Actual text and expected text of test object 'Object Repository/ShopOpen/Survey/Validate_QuestionsScreen' are matched.

2018-12-04 12:32:32 - [MESSAGE][PASSED] - Swiped from 2,500 to 2,400

2018-12-04 12:32:34 - [MESSAGE][WARNING] - Timeout '0' is invalid. Using default page load timeout: '6'

2018-12-04 12:32:35 - [MESSAGE][PASSED] - Element 'Object Repository/ShopOpen/Survey/Validate_RemarksPopup' is exist

2018-12-04 12:32:35 - [MESSAGE][WARNING] - Timeout '0' is invalid. Using default page load timeout: '6'

2018-12-04 12:32:37 - [MESSAGE][PASSED] - Tapped on element 'Object Repository/ShopOpen/Survey/RemarksPopup_Yes'

2018-12-04 12:32:37 - [MESSAGE][WARNING] - Timeout '0' is invalid. Using default page load timeout: '6'

2018-12-04 12:32:37 - [MESSAGE][PASSED] - Element 'Object Repository/CommonScreenElements/Validate_CameraScreen' is exist

2018-12-04 12:32:37 - [MESSAGE][WARNING] - Timeout '0' is invalid. Using default page load timeout: '6'

2018-12-04 12:32:41 - [MESSAGE][PASSED] - Tapped on element 'Object Repository/CommonScreenElements/TakePictureButton'

2018-12-04 12:32:46 - [MESSAGE][PASSED] - Delayed 5 second(s)

2018-12-04 12:32:46 - [MESSAGE][WARNING] - Timeout '0' is invalid. Using default page load timeout: '6'

2018-12-04 12:32:47 - [MESSAGE][PASSED] - Tapped on element 'Object Repository/CommonScreenElements/DoneButton'

2018-12-04 12:32:48 - [MESSAGE][PASSED] - Actual text and expected text of test object 'Object Repository/ShopOpen/Survey/Validate_QuestionsScreen' are matched.

2018-12-04 12:32:49 - [MESSAGE][PASSED] - Swiped from 2,548 to 2,400

2018-12-04 12:32:51 - [MESSAGE][WARNING] - Timeout '0' is invalid. Using default page load timeout: '6'

2018-12-04 12:32:52 - [MESSAGE][PASSED] - Element 'Object Repository/ShopOpen/Survey/Validate_RemarksPopup' is exist

2018-12-04 12:32:52 - [MESSAGE][WARNING] - Timeout '0' is invalid. Using default page load timeout: '6'

2018-12-04 12:32:54 - [MESSAGE][PASSED] - Tapped on element 'Object Repository/ShopOpen/Survey/RemarksPopup_Yes'

2018-12-04 12:32:54 - [MESSAGE][WARNING] - Timeout '0' is invalid. Using default page load timeout: '6'

2018-12-04 12:32:55 - [MESSAGE][PASSED] - Element 'Object Repository/CommonScreenElements/Validate_CameraScreen' is exist

2018-12-04 12:32:55 - [MESSAGE][WARNING] - Timeout '0' is invalid. Using default page load timeout: '6'

2018-12-04 12:32:58 - [MESSAGE][PASSED] - Tapped on element 'Object Repository/CommonScreenElements/TakePictureButton'

2018-12-04 12:33:03 - [MESSAGE][PASSED] - Delayed 5 second(s)

2018-12-04 12:33:03 - [MESSAGE][WARNING] - Timeout '0' is invalid. Using default page load timeout: '6'

2018-12-04 12:33:04 - [MESSAGE][PASSED] - Tapped on element 'Object Repository/CommonScreenElements/DoneButton'

2018-12-04 12:33:04 - [MESSAGE][PASSED] - Actual text and expected text of test object 'Object Repository/ShopOpen/Survey/Validate_QuestionsScreen' are matched.

2018-12-04 12:33:06 - [MESSAGE][PASSED] - Swiped from 2,548 to 2,400

2018-12-04 12:33:08 - [MESSAGE][WARNING] - Timeout '0' is invalid. Using default page load timeout: '6'

2018-12-04 12:33:09 - [MESSAGE][PASSED] - Element 'Object Repository/ShopOpen/Survey/Validate_RemarksPopup' is exist

2018-12-04 12:33:09 - [MESSAGE][WARNING] - Timeout '0' is invalid. Using default page load timeout: '6'

2018-12-04 12:33:11 - [MESSAGE][PASSED] - Tapped on element 'Object Repository/ShopOpen/Survey/RemarksPopup_Yes'

2018-12-04 12:33:11 - [MESSAGE][WARNING] - Timeout '0' is invalid. Using default page load timeout: '6'

2018-12-04 12:33:12 - [MESSAGE][PASSED] - Element 'Object Repository/CommonScreenElements/Validate_CameraScreen' is exist

2018-12-04 12:33:12 - [MESSAGE][WARNING] - Timeout '0' is invalid. Using default page load timeout: '6'

2018-12-04 12:33:15 - [MESSAGE][PASSED] - Tapped on element 'Object Repository/CommonScreenElements/TakePictureButton'

2018-12-04 12:33:20 - [MESSAGE][PASSED] - Delayed 5 second(s)

2018-12-04 12:33:20 - [MESSAGE][WARNING] - Timeout '0' is invalid. Using default page load timeout: '6'

2018-12-04 12:33:21 - [MESSAGE][PASSED] - Tapped on element 'Object Repository/CommonScreenElements/DoneButton'

2018-12-04 12:33:22 - [MESSAGE][PASSED] - Actual text and expected text of test object 'Object Repository/ShopOpen/Survey/Validate_QuestionsScreen' are matched.

2018-12-04 12:33:23 - [MESSAGE][PASSED] - Swiped from 2,548 to 2,400

2018-12-04 12:33:24 - [MESSAGE][PASSED] - com.ct.qa.keywords.SurveyKeywords.visitQuestions is PASSED

2018-12-04 12:33:24 - [TEST_STEP][PASSED] - tap: Tapped on element 'Object Repository/ShopOpen/Survey/SubmitButton'

2018-12-04 12:33:24 - [MESSAGE][WARNING] - Timeout '0' is invalid. Using default page load timeout: '6'

2018-12-04 12:33:25 - [MESSAGE][PASSED] - Tapped on element 'Object Repository/ShopOpen/Survey/SubmitButton'

2018-12-04 12:33:25 - [TEST_STEP][PASSED] - verifyElementText: Actual text and expected text of test object 'Object Repository/ShopOpen/Survey/Validate_QuestionCategoriesScreen' are matched.

2018-12-04 12:33:26 - [MESSAGE][PASSED] - Actual text and expected text of test object 'Object Repository/ShopOpen/Survey/Validate_QuestionCategoriesScreen' are matched.

2018-12-04 12:33:26 - [MESSAGE][PASSED] - Call Test Case 'Test Cases/ShopOpen/Survey/VisitQuestions' successfully

2018-12-04 12:33:26 - [MESSAGE][PASSED] - com.ct.qa.keywords.SurveyKeywords.visitQuestionCategories is PASSED

2018-12-04 12:33:26 - [TEST_STEP][PASSED] - pressBack: Press back button successfully

2018-12-04 12:33:26 - [MESSAGE][PASSED] - Press back button successfully

2018-12-04 12:33:26 - [TEST_STEP][PASSED] - verifyElementExist: Element 'Object Repository/ShopOpen/Validate_ShopCategoriesListScreen' is exist

2018-12-04 12:33:26 - [MESSAGE][WARNING] - Timeout '0' is invalid. Using default page load timeout: '6'

2018-12-04 12:33:28 - [MESSAGE][PASSED] - Element 'Object Repository/ShopOpen/Validate_ShopCategoriesListScreen' is exist

2018-12-04 12:33:28 - [MESSAGE][PASSED] - Call Test Case 'Test Cases/ShopOpen/Survey/visitSurvey' successfully

2018-12-04 12:33:28 - [MESSAGE][PASSED] - Swiped from 0,293 to 0,200

2018-12-04 12:33:30 - [MESSAGE][PASSED] - Swiped from 0,293 to 0,200

2018-12-04 12:33:33 - [MESSAGE][PASSED] - Swiped from 0,293 to 0,200

2018-12-04 12:33:35 - [MESSAGE][PASSED] - Swiped from 0,293 to 0,200

2018-12-04 12:33:38 - [MESSAGE][PASSED] - Swiped from 0,293 to 0,200

2018-12-04 12:33:40 - [MESSAGE][PASSED] - Swiped from 0,293 to 0,200

2018-12-04 12:33:43 - [MESSAGE][PASSED] - Swiped from 0,293 to 0,200

2018-12-04 12:33:45 - [MESSAGE][PASSED] - Swiped from 0,293 to 0,200

2018-12-04 12:33:47 - [MESSAGE][PASSED] - Swiped from 0,293 to 0,200

2018-12-04 12:33:49 - [MESSAGE][PASSED] - Swiped from 0,293 to 0,200

2018-12-04 12:33:53 - [MESSAGE][PASSED] - Swiped from 0,293 to 0,200

2018-12-04 12:33:54 - [MESSAGE][PASSED] - com.ct.qa.keywords.CategoryVisitingScenariosKeywords.visitShopCategoriesWithDataVerification is PASSED

2018-12-04 12:33:54 - [MESSAGE][PASSED] - Call Test Case 'Test Cases/ShopOpen/VisitCategoryScenarios/VisitShopCategoriesWithDataVerification' successfully

2018-12-04 12:33:54 - [TEST_CASE][PASSED] - Test Cases/ShopOpen/SaveShop: Test Cases/ShopOpen/SaveShop

2018-12-04 12:33:54 - [TEST_STEP][PASSED] - tap: Tapped on element 'Object Repository/ShopOpen/SubmitButtonToSaveShop'

2018-12-04 12:33:54 - [MESSAGE][WARNING] - Timeout '0' is invalid. Using default page load timeout: '6'

2018-12-04 12:33:55 - [MESSAGE][PASSED] - Tapped on element 'Object Repository/ShopOpen/SubmitButtonToSaveShop'

2018-12-04 12:33:55 - [TEST_STEP][PASSED] - verifyElementExist: Element 'Object Repository/CommonScreenElements/Validate_InfoPopUP' is exist

2018-12-04 12:33:55 - [MESSAGE][WARNING] - Timeout '0' is invalid. Using default page load timeout: '6'

2018-12-04 12:33:56 - [MESSAGE][PASSED] - Element 'Object Repository/CommonScreenElements/Validate_InfoPopUP' is exist

2018-12-04 12:33:56 - [TEST_STEP][PASSED] - tap: Tapped on element 'Object Repository/CommonScreenElements/InfoPopUp_YesButton'

2018-12-04 12:33:56 - [MESSAGE][WARNING] - Timeout '0' is invalid. Using default page load timeout: '6'

2018-12-04 12:33:56 - [MESSAGE][PASSED] - Tapped on element 'Object Repository/CommonScreenElements/InfoPopUp_YesButton'

2018-12-04 12:33:56 - [TEST_STEP][PASSED] - verifyElementText: Actual text and expected text of test object 'Object Repository/Validate_ShopListScreen' are matched.

2018-12-04 12:33:58 - [MESSAGE][PASSED] - Actual text and expected text of test object 'Object Repository/Validate_ShopListScreen' are matched.

2018-12-04 12:33:58 - [MESSAGE][PASSED] - Call Test Case 'Test Cases/ShopOpen/SaveShop' successfully

2018-12-04 12:33:58 - [MESSAGE][WARNING] - Timeout '0' is invalid. Using default page load timeout: '6'

2018-12-04 12:33:58 - [MESSAGE][PASSED] - Element 'Object Repository/Validate_ShopListScreen' is exist

2018-12-04 12:33:58 - [MESSAGE][PASSED] - com.ct.qa.keywords.ShopVisitingScenariosKeywords.visitShopWith_DataVerification is PASSED]]></system-out>
         <system-err><![CDATA[]]></system-err>
      </testcase>
      <system-out><![CDATA[2018-12-04 11:33:53 - [TEST_SUITE][PASSED] - MMA Merchandising With Channel Wise Data Verification: Test Cases/VisitShopScenarios/VisitShopsWithDataVerification]]></system-out>
      <system-err><![CDATA[]]></system-err>
   </testsuite>
</testsuites>
