<?xml version="1.0" encoding="UTF-8"?>
<testsuites name="MMA Plus Merchandising Data Verification" time="3749" tests="5" failures="0" errors="0">
   <testsuite name="MMA Plus Merchandising Data Verification" tests="5" failures="0" errors="0" time="3749" timestamp="2019-04-23 15:18:42" hostname="Fahad Shah - DESKTOP-L12UUAD" id="Test Suites/MMA Plus Merchandising Data Verification">
      <properties>
         <property name="deviceName" value="samsung SM-J110H (Android 4.4.4)"/>
         <property name="devicePlatform" value=""/>
         <property name="logFolder" value="F:\\Git Projects\\MMAPlus_Merchandising\\MMAPlus_Merchandising\\Reports\\MMA Plus Merchandising Data Verification\\20190423_151839"/>
         <property name="logFiles" value="F:\\Git Projects\\MMAPlus_Merchandising\\MMAPlus_Merchandising\\Reports\\MMA Plus Merchandising Data Verification\\20190423_151839\\appium.log, F:\\Git Projects\\MMAPlus_Merchandising\\MMAPlus_Merchandising\\Reports\\MMA Plus Merchandising Data Verification\\20190423_151839\\execution0.log"/>
         <property name="attachments" value="F:\\Git Projects\\MMAPlus_Merchandising\\MMAPlus_Merchandising\\Reports\\MMA Plus Merchandising Data Verification\\20190423_151839\\1556014945452.png, F:\\Git Projects\\MMAPlus_Merchandising\\MMAPlus_Merchandising\\Reports\\MMA Plus Merchandising Data Verification\\20190423_151839\\1556015166103.png, F:\\Git Projects\\MMAPlus_Merchandising\\MMAPlus_Merchandising\\Reports\\MMA Plus Merchandising Data Verification\\20190423_151839\\1556015191460.png, F:\\Git Projects\\MMAPlus_Merchandising\\MMAPlus_Merchandising\\Reports\\MMA Plus Merchandising Data Verification\\20190423_151839\\1556015242317.png, F:\\Git Projects\\MMAPlus_Merchandising\\MMAPlus_Merchandising\\Reports\\MMA Plus Merchandising Data Verification\\20190423_151839\\1556015269565.png, F:\\Git Projects\\MMAPlus_Merchandising\\MMAPlus_Merchandising\\Reports\\MMA Plus Merchandising Data Verification\\20190423_151839\\1556015325341.png, F:\\Git Projects\\MMAPlus_Merchandising\\MMAPlus_Merchandising\\Reports\\MMA Plus Merchandising Data Verification\\20190423_151839\\1556015351479.png, F:\\Git Projects\\MMAPlus_Merchandising\\MMAPlus_Merchandising\\Reports\\MMA Plus Merchandising Data Verification\\20190423_151839\\1556015388051.png, F:\\Git Projects\\MMAPlus_Merchandising\\MMAPlus_Merchandising\\Reports\\MMA Plus Merchandising Data Verification\\20190423_151839\\1556015414554.png, F:\\Git Projects\\MMAPlus_Merchandising\\MMAPlus_Merchandising\\Reports\\MMA Plus Merchandising Data Verification\\20190423_151839\\1556015480031.png, F:\\Git Projects\\MMAPlus_Merchandising\\MMAPlus_Merchandising\\Reports\\MMA Plus Merchandising Data Verification\\20190423_151839\\1556015506461.png, F:\\Git Projects\\MMAPlus_Merchandising\\MMAPlus_Merchandising\\Reports\\MMA Plus Merchandising Data Verification\\20190423_151839\\1556015556869.png, F:\\Git Projects\\MMAPlus_Merchandising\\MMAPlus_Merchandising\\Reports\\MMA Plus Merchandising Data Verification\\20190423_151839\\1556015583563.png, F:\\Git Projects\\MMAPlus_Merchandising\\MMAPlus_Merchandising\\Reports\\MMA Plus Merchandising Data Verification\\20190423_151839\\1556015621305.png, F:\\Git Projects\\MMAPlus_Merchandising\\MMAPlus_Merchandising\\Reports\\MMA Plus Merchandising Data Verification\\20190423_151839\\1556015646846.png, F:\\Git Projects\\MMAPlus_Merchandising\\MMAPlus_Merchandising\\Reports\\MMA Plus Merchandising Data Verification\\20190423_151839\\1556015755022.png, F:\\Git Projects\\MMAPlus_Merchandising\\MMAPlus_Merchandising\\Reports\\MMA Plus Merchandising Data Verification\\20190423_151839\\1556015871470.png, F:\\Git Projects\\MMAPlus_Merchandising\\MMAPlus_Merchandising\\Reports\\MMA Plus Merchandising Data Verification\\20190423_151839\\1556016065465.png, F:\\Git Projects\\MMAPlus_Merchandising\\MMAPlus_Merchandising\\Reports\\MMA Plus Merchandising Data Verification\\20190423_151839\\1556016284980.png, F:\\Git Projects\\MMAPlus_Merchandising\\MMAPlus_Merchandising\\Reports\\MMA Plus Merchandising Data Verification\\20190423_151839\\1556016312490.png, F:\\Git Projects\\MMAPlus_Merchandising\\MMAPlus_Merchandising\\Reports\\MMA Plus Merchandising Data Verification\\20190423_151839\\1556016377867.png, F:\\Git Projects\\MMAPlus_Merchandising\\MMAPlus_Merchandising\\Reports\\MMA Plus Merchandising Data Verification\\20190423_151839\\1556016404505.png, F:\\Git Projects\\MMAPlus_Merchandising\\MMAPlus_Merchandising\\Reports\\MMA Plus Merchandising Data Verification\\20190423_151839\\1556016461080.png, F:\\Git Projects\\MMAPlus_Merchandising\\MMAPlus_Merchandising\\Reports\\MMA Plus Merchandising Data Verification\\20190423_151839\\1556016488562.png, F:\\Git Projects\\MMAPlus_Merchandising\\MMAPlus_Merchandising\\Reports\\MMA Plus Merchandising Data Verification\\20190423_151839\\1556016540006.png, F:\\Git Projects\\MMAPlus_Merchandising\\MMAPlus_Merchandising\\Reports\\MMA Plus Merchandising Data Verification\\20190423_151839\\1556016567469.png, F:\\Git Projects\\MMAPlus_Merchandising\\MMAPlus_Merchandising\\Reports\\MMA Plus Merchandising Data Verification\\20190423_151839\\1556016631999.png, F:\\Git Projects\\MMAPlus_Merchandising\\MMAPlus_Merchandising\\Reports\\MMA Plus Merchandising Data Verification\\20190423_151839\\1556016658480.png, F:\\Git Projects\\MMAPlus_Merchandising\\MMAPlus_Merchandising\\Reports\\MMA Plus Merchandising Data Verification\\20190423_151839\\1556016710974.png, F:\\Git Projects\\MMAPlus_Merchandising\\MMAPlus_Merchandising\\Reports\\MMA Plus Merchandising Data Verification\\20190423_151839\\1556016737502.png, F:\\Git Projects\\MMAPlus_Merchandising\\MMAPlus_Merchandising\\Reports\\MMA Plus Merchandising Data Verification\\20190423_151839\\1556016790881.png, F:\\Git Projects\\MMAPlus_Merchandising\\MMAPlus_Merchandising\\Reports\\MMA Plus Merchandising Data Verification\\20190423_151839\\1556016818593.png, F:\\Git Projects\\MMAPlus_Merchandising\\MMAPlus_Merchandising\\Reports\\MMA Plus Merchandising Data Verification\\20190423_151839\\1556016925014.png, F:\\Git Projects\\MMAPlus_Merchandising\\MMAPlus_Merchandising\\Reports\\MMA Plus Merchandising Data Verification\\20190423_151839\\1556017045913.png, F:\\Git Projects\\MMAPlus_Merchandising\\MMAPlus_Merchandising\\Reports\\MMA Plus Merchandising Data Verification\\20190423_151839\\1556017246551.png, F:\\Git Projects\\MMAPlus_Merchandising\\MMAPlus_Merchandising\\Reports\\MMA Plus Merchandising Data Verification\\20190423_151839\\1556017272038.png, F:\\Git Projects\\MMAPlus_Merchandising\\MMAPlus_Merchandising\\Reports\\MMA Plus Merchandising Data Verification\\20190423_151839\\1556017660589.png, F:\\Git Projects\\MMAPlus_Merchandising\\MMAPlus_Merchandising\\Reports\\MMA Plus Merchandising Data Verification\\20190423_151839\\1556017677583.png, F:\\Git Projects\\MMAPlus_Merchandising\\MMAPlus_Merchandising\\Reports\\MMA Plus Merchandising Data Verification\\20190423_151839\\1556017729111.png, F:\\Git Projects\\MMAPlus_Merchandising\\MMAPlus_Merchandising\\Reports\\MMA Plus Merchandising Data Verification\\20190423_151839\\1556017756519.png, F:\\Git Projects\\MMAPlus_Merchandising\\MMAPlus_Merchandising\\Reports\\MMA Plus Merchandising Data Verification\\20190423_151839\\1556017813879.png, F:\\Git Projects\\MMAPlus_Merchandising\\MMAPlus_Merchandising\\Reports\\MMA Plus Merchandising Data Verification\\20190423_151839\\1556017840941.png, F:\\Git Projects\\MMAPlus_Merchandising\\MMAPlus_Merchandising\\Reports\\MMA Plus Merchandising Data Verification\\20190423_151839\\1556017879875.png, F:\\Git Projects\\MMAPlus_Merchandising\\MMAPlus_Merchandising\\Reports\\MMA Plus Merchandising Data Verification\\20190423_151839\\1556017905437.png, F:\\Git Projects\\MMAPlus_Merchandising\\MMAPlus_Merchandising\\Reports\\MMA Plus Merchandising Data Verification\\20190423_151839\\1556017970820.png, F:\\Git Projects\\MMAPlus_Merchandising\\MMAPlus_Merchandising\\Reports\\MMA Plus Merchandising Data Verification\\20190423_151839\\1556017998716.png, F:\\Git Projects\\MMAPlus_Merchandising\\MMAPlus_Merchandising\\Reports\\MMA Plus Merchandising Data Verification\\20190423_151839\\1556018050944.png, F:\\Git Projects\\MMAPlus_Merchandising\\MMAPlus_Merchandising\\Reports\\MMA Plus Merchandising Data Verification\\20190423_151839\\1556018078494.png, F:\\Git Projects\\MMAPlus_Merchandising\\MMAPlus_Merchandising\\Reports\\MMA Plus Merchandising Data Verification\\20190423_151839\\1556018115874.png, F:\\Git Projects\\MMAPlus_Merchandising\\MMAPlus_Merchandising\\Reports\\MMA Plus Merchandising Data Verification\\20190423_151839\\1556018143579.png, F:\\Git Projects\\MMAPlus_Merchandising\\MMAPlus_Merchandising\\Reports\\MMA Plus Merchandising Data Verification\\20190423_151839\\1556018252927.png, F:\\Git Projects\\MMAPlus_Merchandising\\MMAPlus_Merchandising\\Reports\\MMA Plus Merchandising Data Verification\\20190423_151839\\1556018375507.png"/>
         <property name="hostName" value="Fahad Shah - DESKTOP-L12UUAD"/>
         <property name="os" value="Windows 10 64bit"/>
         <property name="katalonVersion" value="5.10.0.1"/>
         <property name="deviceOS" value="Android"/>
         <property name="appiumVersion" value="1.8.1"/>
         <property name="deviceModel" value="SM-J110H"/>
         <property name="hostAddress" value="192.168.3.221"/>
         <property name="deviceManufacturer" value="samsung"/>
         <property name="deviceId" value="11016e423244a24a"/>
         <property name="deviceName" value="samsung SM-J110H (Android 4.4.4)"/>
         <property name="deviceOSVersion" value="4.4.4"/>
      </properties>
      <testcase name="Test Cases/LaunchingApp/LaunchApp" classname="Test Cases/LaunchingApp/LaunchApp" status="PASSED">
         <system-out><![CDATA[2019-04-23 15:18:42 - [TEST_CASE][PASSED] - Test Cases/LaunchingApp/LaunchApp: Test Cases/LaunchingApp/LaunchApp

2019-04-23 15:18:43 - [TEST_STEP][PASSED] - startApplication("F:\QA_Automation\Builds\mmaplus_170419_local_v154 (2).apk", false): Started app at: 'F:\QA_Automation\Builds\mmaplus_170419_local_v154 (2).apk'

2019-04-23 15:18:44 - [MESSAGE][INFO] - User set preference: ['deviceId', '']

2019-04-23 15:18:50 - [MESSAGE][INFO] - Appium server started on port 60,705

2019-04-23 15:19:03 - [MESSAGE][PASSED] - Started app at: 'F:\QA_Automation\Builds\mmaplus_170419_local_v154 (2).apk'

2019-04-23 15:19:03 - [TEST_STEP][PASSED] - delay(5): Delayed 5 second(s)

2019-04-23 15:19:08 - [MESSAGE][PASSED] - Delayed 5 second(s)]]></system-out>
         <system-err><![CDATA[]]></system-err>
      </testcase>
      <testcase name="Test Cases/Attendence/VisitAttendance" classname="Test Cases/Attendence/VisitAttendance" status="PASSED">
         <system-out><![CDATA[2019-04-23 15:19:08 - [TEST_CASE][PASSED] - Test Cases/Attendence/VisitAttendance: Test Cases/Attendence/VisitAttendance

2019-04-23 15:19:09 - [TEST_STEP][PASSED] - verifyElementText(findTestObject("DashboardScreenElements/Validate_DashboardScreen", ["package":PACKAGENAME]), "Dashboard"): Actual text and expected text of test object 'Object Repository/DashboardScreenElements/Validate_DashboardScreen' are matched.

2019-04-23 15:19:13 - [MESSAGE][PASSED] - Actual text and expected text of test object 'Object Repository/DashboardScreenElements/Validate_DashboardScreen' are matched.

2019-04-23 15:19:13 - [TEST_STEP][PASSED] - com.ct.qa.keywords.CommonKeywords.selectday(): com.ct.qa.keywords.CommonKeywords.selectday is PASSED

2019-04-23 15:19:13 - [MESSAGE][WARNING] - Timeout '0' is invalid. Using default page load timeout: '6'

2019-04-23 15:19:14 - [MESSAGE][PASSED] - Tapped on element 'Object Repository/DashboardScreenElements/DaysDropdownMenu'

2019-04-23 15:19:14 - [MESSAGE][WARNING] - Timeout '0' is invalid. Using default page load timeout: '6'

2019-04-23 15:19:16 - [MESSAGE][PASSED] - Element 'Object Repository/DashboardScreenElements/Validate_DaysListScreen' is exist

2019-04-23 15:19:17 - [MESSAGE][PASSED] - com.ct.qa.keywords.CommonKeywords.selectday is PASSED

2019-04-23 15:19:17 - [TEST_STEP][PASSED] - tap(findTestObject("DashboardScreenElements/StartYourDay", ["package":PACKAGENAME]), 0): Tapped on element 'Object Repository/DashboardScreenElements/StartYourDay'

2019-04-23 15:19:17 - [MESSAGE][WARNING] - Timeout '0' is invalid. Using default page load timeout: '6'

2019-04-23 15:19:19 - [MESSAGE][PASSED] - Tapped on element 'Object Repository/DashboardScreenElements/StartYourDay'

2019-04-23 15:19:19 - [TEST_STEP][PASSED] - verifyElementText(findTestObject("Attendence/Validate_AttendenceScreen", ["package":PACKAGENAME]), "Attendance"): Actual text and expected text of test object 'Object Repository/Attendence/Validate_AttendenceScreen' are matched.

2019-04-23 15:19:20 - [MESSAGE][PASSED] - Actual text and expected text of test object 'Object Repository/Attendence/Validate_AttendenceScreen' are matched.

2019-04-23 15:19:20 - [TEST_STEP][PASSED] - tap(findTestObject("Attendence/TakeSelfie_ImageViewButton", ["package":PACKAGENAME]), 0): Tapped on element 'Object Repository/Attendence/TakeSelfie_ImageViewButton'

2019-04-23 15:19:20 - [MESSAGE][WARNING] - Timeout '0' is invalid. Using default page load timeout: '6'

2019-04-23 15:19:22 - [MESSAGE][PASSED] - Tapped on element 'Object Repository/Attendence/TakeSelfie_ImageViewButton'

2019-04-23 15:19:22 - [TEST_STEP][PASSED] - com.ct.qa.keywords.CommonKeywords.takePicture(): com.ct.qa.keywords.CommonKeywords.takePicture is PASSED

2019-04-23 15:19:22 - [MESSAGE][WARNING] - Timeout '0' is invalid. Using default page load timeout: '6'

2019-04-23 15:19:23 - [MESSAGE][PASSED] - Element 'Object Repository/CommonScreenElements/Validate_CameraScreen' is exist

2019-04-23 15:19:23 - [MESSAGE][WARNING] - Timeout '0' is invalid. Using default page load timeout: '6'

2019-04-23 15:19:24 - [MESSAGE][PASSED] - Tapped on element 'Object Repository/CommonScreenElements/Camera_TakePictureButton'

2019-04-23 15:19:29 - [MESSAGE][PASSED] - Delayed 5 second(s)

2019-04-23 15:19:29 - [MESSAGE][WARNING] - Timeout '0' is invalid. Using default page load timeout: '6'

2019-04-23 15:19:30 - [MESSAGE][PASSED] - Tapped on element 'Object Repository/CommonScreenElements/Camera_DoneButton'

2019-04-23 15:19:30 - [MESSAGE][PASSED] - com.ct.qa.keywords.CommonKeywords.takePicture is PASSED

2019-04-23 15:19:30 - [TEST_STEP][PASSED] - com.ct.qa.keywords.Attendence.visitAttendenceRemark(): com.ct.qa.keywords.Attendence.visitAttendenceRemark is PASSED

2019-04-23 15:19:32 - [MESSAGE][PASSED] - com.ct.qa.keywords.Attendence.visitAttendenceRemark is PASSED

2019-04-23 15:19:32 - [TEST_STEP][PASSED] - tap(findTestObject("Attendence/Attendence_SubmitButton", ["package":PACKAGENAME]), 0): Tapped on element 'Object Repository/Attendence/Attendence_SubmitButton'

2019-04-23 15:19:32 - [MESSAGE][WARNING] - Timeout '0' is invalid. Using default page load timeout: '6'

2019-04-23 15:19:34 - [MESSAGE][PASSED] - Tapped on element 'Object Repository/Attendence/Attendence_SubmitButton'

2019-04-23 15:19:34 - [TEST_STEP][PASSED] - delay(15, STOP_ON_FAILURE): Delayed 15 second(s)

2019-04-23 15:19:49 - [MESSAGE][PASSED] - Delayed 15 second(s)

2019-04-23 15:19:49 - [TEST_STEP][PASSED] - verifyElementExist(findTestObject("CommonScreenElements/Validate_MapScreen", ["package":PACKAGENAME]), 0): Element 'Object Repository/CommonScreenElements/Validate_MapScreen' is exist

2019-04-23 15:19:49 - [MESSAGE][WARNING] - Timeout '0' is invalid. Using default page load timeout: '6'

2019-04-23 15:19:51 - [MESSAGE][PASSED] - Element 'Object Repository/CommonScreenElements/Validate_MapScreen' is exist

2019-04-23 15:19:51 - [TEST_STEP][PASSED] - tap(findTestObject("CommonScreenElements/Location_CheckIn", ["package":PACKAGENAME]), 0): Tapped on element 'Object Repository/CommonScreenElements/Location_CheckIn'

2019-04-23 15:19:51 - [MESSAGE][WARNING] - Timeout '0' is invalid. Using default page load timeout: '6'

2019-04-23 15:19:51 - [MESSAGE][PASSED] - Tapped on element 'Object Repository/CommonScreenElements/Location_CheckIn'

2019-04-23 15:19:51 - [TEST_STEP][PASSED] - verifyElementExist(findTestObject("CommonScreenElements/Validate_InfoPopUP", ["package":PACKAGENAME]), 0): Element 'Object Repository/CommonScreenElements/Validate_InfoPopUP' is exist

2019-04-23 15:19:51 - [MESSAGE][WARNING] - Timeout '0' is invalid. Using default page load timeout: '6'

2019-04-23 15:19:52 - [MESSAGE][PASSED] - Element 'Object Repository/CommonScreenElements/Validate_InfoPopUP' is exist

2019-04-23 15:19:52 - [TEST_STEP][PASSED] - tap(findTestObject("CommonScreenElements/InfoPopUp_YesButton", ["package":PACKAGENAME]), 0): Tapped on element 'Object Repository/CommonScreenElements/InfoPopUp_YesButton'

2019-04-23 15:19:52 - [MESSAGE][WARNING] - Timeout '0' is invalid. Using default page load timeout: '6'

2019-04-23 15:19:53 - [MESSAGE][PASSED] - Tapped on element 'Object Repository/CommonScreenElements/InfoPopUp_YesButton']]></system-out>
         <system-err><![CDATA[]]></system-err>
      </testcase>
      <testcase name="Test Cases/DistributionPoint/VisitDistributionPoint" classname="Test Cases/DistributionPoint/VisitDistributionPoint" status="PASSED">
         <system-out><![CDATA[2019-04-23 15:19:53 - [TEST_CASE][PASSED] - Test Cases/DistributionPoint/VisitDistributionPoint: Test Cases/DistributionPoint/VisitDistributionPoint

2019-04-23 15:19:53 - [TEST_STEP][PASSED] - verifyElementText(findTestObject("DistributionPoint/Validate_RouteInfoScreen", ["package":PACKAGENAME]), "Route Info"): Actual text and expected text of test object 'Object Repository/DistributionPoint/Validate_RouteInfoScreen' are matched.

2019-04-23 15:19:53 - [MESSAGE][PASSED] - Actual text and expected text of test object 'Object Repository/DistributionPoint/Validate_RouteInfoScreen' are matched.

2019-04-23 15:19:53 - [TEST_STEP][PASSED] - tap(findTestObject("DistributionPoint/RouteInfoNextButton", ["package":PACKAGENAME]), 0): Tapped on element 'Object Repository/DistributionPoint/RouteInfoNextButton'

2019-04-23 15:19:53 - [MESSAGE][WARNING] - Timeout '0' is invalid. Using default page load timeout: '6'

2019-04-23 15:19:54 - [MESSAGE][PASSED] - Tapped on element 'Object Repository/DistributionPoint/RouteInfoNextButton'

2019-04-23 15:19:54 - [TEST_STEP][PASSED] - verifyElementText(findTestObject("DistributionPoint/Validate_DistributionPointScreen", ["package":PACKAGENAME]), "Poster Quantity:"): Actual text and expected text of test object 'Object Repository/DistributionPoint/Validate_DistributionPointScreen' are matched.

2019-04-23 15:19:56 - [MESSAGE][PASSED] - Actual text and expected text of test object 'Object Repository/DistributionPoint/Validate_DistributionPointScreen' are matched.

2019-04-23 15:19:56 - [TEST_STEP][PASSED] - com.ct.qa.keywords.DistributionPointKeywords.visitdistributionPoint(): com.ct.qa.keywords.DistributionPointKeywords.visitdistributionPoint is PASSED

2019-04-23 15:19:59 - [MESSAGE][PASSED] - Keyboard is hidden

2019-04-23 15:20:02 - [MESSAGE][PASSED] - Keyboard is hidden

2019-04-23 15:20:05 - [MESSAGE][PASSED] - Keyboard is hidden

2019-04-23 15:20:07 - [MESSAGE][PASSED] - Keyboard is hidden

2019-04-23 15:20:08 - [MESSAGE][PASSED] - com.ct.qa.keywords.DistributionPointKeywords.visitdistributionPoint is PASSED

2019-04-23 15:20:08 - [TEST_STEP][PASSED] - tap(findTestObject("DistributionPoint/DistributionPoint_SubmitButton", ["package":PACKAGENAME]), 0): Tapped on element 'Object Repository/DistributionPoint/DistributionPoint_SubmitButton'

2019-04-23 15:20:08 - [MESSAGE][WARNING] - Timeout '0' is invalid. Using default page load timeout: '6'

2019-04-23 15:20:09 - [MESSAGE][PASSED] - Tapped on element 'Object Repository/DistributionPoint/DistributionPoint_SubmitButton'

2019-04-23 15:20:09 - [TEST_STEP][PASSED] - verifyElementText(findTestObject("DashboardScreenElements/Validate_DashboardScreen", ["package":PACKAGENAME]), "Dashboard"): Actual text and expected text of test object 'Object Repository/DashboardScreenElements/Validate_DashboardScreen' are matched.

2019-04-23 15:20:10 - [MESSAGE][PASSED] - Actual text and expected text of test object 'Object Repository/DashboardScreenElements/Validate_DashboardScreen' are matched.]]></system-out>
         <system-err><![CDATA[]]></system-err>
      </testcase>
      <testcase name="Test Cases/SliderOptions/VisitSliderOptions" classname="Test Cases/SliderOptions/VisitSliderOptions" status="PASSED">
         <system-out><![CDATA[2019-04-23 15:20:10 - [TEST_CASE][PASSED] - Test Cases/SliderOptions/VisitSliderOptions: Test Cases/SliderOptions/VisitSliderOptions

2019-04-23 15:20:11 - [TEST_STEP][PASSED] - verifyElementText(findTestObject("DashboardScreenElements/Validate_DashboardScreen", ["package":PACKAGENAME]), "Dashboard"): Actual text and expected text of test object 'Object Repository/DashboardScreenElements/Validate_DashboardScreen' are matched.

2019-04-23 15:20:11 - [MESSAGE][PASSED] - Actual text and expected text of test object 'Object Repository/DashboardScreenElements/Validate_DashboardScreen' are matched.

2019-04-23 15:20:11 - [TEST_STEP][PASSED] - swipe(2, 250, 400, 250): Swiped from 2,250 to 400,250

2019-04-23 15:20:12 - [MESSAGE][PASSED] - Swiped from 2,250 to 400,250

2019-04-23 15:20:12 - [TEST_STEP][PASSED] - swipe(2, 250, 400, 250): Swiped from 2,250 to 400,250

2019-04-23 15:20:13 - [MESSAGE][PASSED] - Swiped from 2,250 to 400,250

2019-04-23 15:20:13 - [TEST_STEP][PASSED] - verifyElementExist(findTestObject("SliderOptions/Validate_SliderItemsScreen", ["package":PACKAGENAME]), 0): Element 'Object Repository/SliderOptions/Validate_SliderItemsScreen' is exist

2019-04-23 15:20:13 - [MESSAGE][WARNING] - Timeout '0' is invalid. Using default page load timeout: '6'

2019-04-23 15:20:13 - [MESSAGE][PASSED] - Element 'Object Repository/SliderOptions/Validate_SliderItemsScreen' is exist

2019-04-23 15:20:13 - [TEST_STEP][PASSED] - com.ct.qa.keywords.SliderOptionsKeywords.valideSliderOptions(): com.ct.qa.keywords.SliderOptionsKeywords.valideSliderOptions is PASSED

2019-04-23 15:20:20 - [MESSAGE][PASSED] - Swiped from 0,255 to 0,200

2019-04-23 15:20:23 - [MESSAGE][PASSED] - Swiped from 0,284 to 0,200

2019-04-23 15:20:28 - [MESSAGE][PASSED] - Swiped from 0,284 to 0,200

2019-04-23 15:20:33 - [MESSAGE][PASSED] - Swiped from 0,284 to 0,200

2019-04-23 15:20:38 - [MESSAGE][PASSED] - Swiped from 0,284 to 0,200

2019-04-23 15:20:43 - [MESSAGE][PASSED] - Swiped from 0,284 to 0,200

2019-04-23 15:20:45 - [MESSAGE][PASSED] - com.ct.qa.keywords.SliderOptionsKeywords.valideSliderOptions is PASSED

2019-04-23 15:20:45 - [TEST_STEP][PASSED] - swipe(5, 200, 5, 500): Swiped from 5,200 to 5,500

2019-04-23 15:20:46 - [MESSAGE][PASSED] - Swiped from 5,200 to 5,500

2019-04-23 15:20:46 - [TEST_STEP][PASSED] - swipe(5, 200, 5, 500): Swiped from 5,200 to 5,500

2019-04-23 15:20:47 - [MESSAGE][PASSED] - Swiped from 5,200 to 5,500

2019-04-23 15:20:47 - [TEST_STEP][PASSED] - com.ct.qa.keywords.SliderOptionsKeywords.findSliderOption("Update Profile"): com.ct.qa.keywords.SliderOptionsKeywords.findSliderOption is PASSED

2019-04-23 15:20:47 - [MESSAGE][PASSED] - Swiped from 5,200 to 5,500

2019-04-23 15:20:48 - [MESSAGE][PASSED] - Swiped from 5,200 to 5,500

2019-04-23 15:20:51 - [MESSAGE][WARNING] - Timeout '0' is invalid. Using default page load timeout: '6'

2019-04-23 15:20:52 - [MESSAGE][PASSED] - Element 'Object Repository/SliderOptions/UpdateProfile_EnterEmail' is exist

2019-04-23 15:20:52 - [MESSAGE][WARNING] - Timeout '0' is invalid. Using default page load timeout: '6'

2019-04-23 15:20:53 - [MESSAGE][PASSED] - Element 'Object Repository/SliderOptions/UpdateProfile_EnterPhone' is exist

2019-04-23 15:20:53 - [MESSAGE][WARNING] - Timeout '0' is invalid. Using default page load timeout: '6'

2019-04-23 15:20:53 - [MESSAGE][PASSED] - Element 'Object Repository/SliderOptions/UpdateProfile_EnterCNIC' is exist

2019-04-23 15:20:53 - [MESSAGE][PASSED] - Press back button successfully

2019-04-23 15:20:53 - [MESSAGE][WARNING] - Timeout '0' is invalid. Using default page load timeout: '6'

2019-04-23 15:20:54 - [MESSAGE][PASSED] - Element 'Object Repository/SliderOptions/Validate_SliderItemsScreen' is exist

2019-04-23 15:20:54 - [MESSAGE][PASSED] - com.ct.qa.keywords.SliderOptionsKeywords.findSliderOption is PASSED

2019-04-23 15:20:54 - [TEST_STEP][PASSED] - com.ct.qa.keywords.SliderOptionsKeywords.findSliderOption("Out of Route"): com.ct.qa.keywords.SliderOptionsKeywords.findSliderOption is PASSED

2019-04-23 15:20:55 - [MESSAGE][PASSED] - Swiped from 5,200 to 5,500

2019-04-23 15:20:56 - [MESSAGE][PASSED] - Swiped from 5,200 to 5,500

2019-04-23 15:21:03 - [MESSAGE][PASSED] - Actual text and expected text of test object 'Object Repository/SliderOptions/Validate_OutOfRoute_RouteListScreen' are matched.

2019-04-23 15:21:07 - [MESSAGE][PASSED] - Actual text and expected text of test object 'Object Repository/SliderOptions/Validate_OutOfRoute_ShopOnRouteScreen' are matched.

2019-04-23 15:21:12 - [MESSAGE][PASSED] - Actual text and expected text of test object 'Object Repository/Validate_ShopOptionsScreen' are matched.

2019-04-23 15:21:13 - [MESSAGE][WARNING] - Timeout '0' is invalid. Using default page load timeout: '6'

2019-04-23 15:21:15 - [MESSAGE][PASSED] - Tapped on element 'Object Repository/StartWorking'

2019-04-23 15:21:30 - [MESSAGE][PASSED] - Delayed 15 second(s)

2019-04-23 15:21:31 - [MESSAGE][PASSED] - Element 'Object Repository/CommonScreenElements/Validate_MapScreen' is exist

2019-04-23 15:21:31 - [MESSAGE][WARNING] - Timeout '0' is invalid. Using default page load timeout: '6'

2019-04-23 15:21:32 - [MESSAGE][PASSED] - Tapped on element 'Object Repository/CommonScreenElements/Location_CheckIn'

2019-04-23 15:21:32 - [MESSAGE][WARNING] - Timeout '0' is invalid. Using default page load timeout: '6'

2019-04-23 15:21:32 - [MESSAGE][PASSED] - Element 'Object Repository/CommonScreenElements/Validate_InfoPopUP' is exist

2019-04-23 15:21:32 - [MESSAGE][WARNING] - Timeout '0' is invalid. Using default page load timeout: '6'

2019-04-23 15:21:33 - [MESSAGE][PASSED] - Tapped on element 'Object Repository/CommonScreenElements/InfoPopUp_NoButton'

2019-04-23 15:21:33 - [TEST_CASE][PASSED] - Test Cases/ShopOpen/VisitShopOpen: Test Cases/ShopOpen/VisitShopOpen

2019-04-23 15:21:34 - [TEST_STEP][PASSED] - verifyElementExist(findTestObject("ShopActions_List", ["package":PACKAGENAME]), 0): Element 'Object Repository/ShopActions_List' is exist

2019-04-23 15:21:34 - [MESSAGE][WARNING] - Timeout '0' is invalid. Using default page load timeout: '6'

2019-04-23 15:21:34 - [MESSAGE][PASSED] - Element 'Object Repository/ShopActions_List' is exist

2019-04-23 15:21:34 - [TEST_STEP][PASSED] - tap(findTestObject("ShopOpen/ShopOpen", ["package":PACKAGENAME]), 0): Tapped on element 'Object Repository/ShopOpen/ShopOpen'

2019-04-23 15:21:34 - [MESSAGE][WARNING] - Timeout '0' is invalid. Using default page load timeout: '6'

2019-04-23 15:21:36 - [MESSAGE][PASSED] - Tapped on element 'Object Repository/ShopOpen/ShopOpen'

2019-04-23 15:21:36 - [TEST_STEP][PASSED] - com.ct.qa.keywords.CommonKeywords.takePicture(): com.ct.qa.keywords.CommonKeywords.takePicture is PASSED

2019-04-23 15:21:36 - [MESSAGE][WARNING] - Timeout '0' is invalid. Using default page load timeout: '6'

2019-04-23 15:21:37 - [MESSAGE][PASSED] - Element 'Object Repository/CommonScreenElements/Validate_CameraScreen' is exist

2019-04-23 15:21:37 - [MESSAGE][WARNING] - Timeout '0' is invalid. Using default page load timeout: '6'

2019-04-23 15:21:40 - [MESSAGE][PASSED] - Tapped on element 'Object Repository/CommonScreenElements/Camera_TakePictureButton'

2019-04-23 15:21:45 - [MESSAGE][PASSED] - Delayed 5 second(s)

2019-04-23 15:21:45 - [MESSAGE][WARNING] - Timeout '0' is invalid. Using default page load timeout: '6'

2019-04-23 15:21:46 - [MESSAGE][PASSED] - Tapped on element 'Object Repository/CommonScreenElements/Camera_DoneButton'

2019-04-23 15:21:46 - [MESSAGE][PASSED] - com.ct.qa.keywords.CommonKeywords.takePicture is PASSED

2019-04-23 15:21:46 - [MESSAGE][PASSED] - Call Test Case 'Test Cases/ShopOpen/VisitShopOpen' successfully

2019-04-23 15:21:46 - [TEST_CASE][PASSED] - Test Cases/ShopOpen/VisitCategoryScenarios/VisitShopCategoriesWithDataVerification: Test Cases/ShopOpen/VisitCategoryScenarios/VisitShopCategoriesWithDataVerification

2019-04-23 15:21:46 - [TEST_STEP][PASSED] - verifyElementExist(findTestObject("ShopOpen/Validate_ShopCategoriesListScreen", ["package":PACKAGENAME]), 0): Element 'Object Repository/ShopOpen/Validate_ShopCategoriesListScreen' is exist

2019-04-23 15:21:46 - [MESSAGE][WARNING] - Timeout '0' is invalid. Using default page load timeout: '6'

2019-04-23 15:21:48 - [MESSAGE][PASSED] - Element 'Object Repository/ShopOpen/Validate_ShopCategoriesListScreen' is exist

2019-04-23 15:21:48 - [TEST_STEP][PASSED] - com.ct.qa.keywords.CategoryVisitingScenariosKeywords.visitShopCategoriesWithDataVerification(): com.ct.qa.keywords.CategoryVisitingScenariosKeywords.visitShopCategoriesWithDataVerification is PASSED

2019-04-23 15:21:53 - [MESSAGE][PASSED] - Swiped from 0,240 to 0,200

2019-04-23 15:21:55 - [MESSAGE][PASSED] - Swiped from 0,293 to 0,200

2019-04-23 15:21:59 - [MESSAGE][PASSED] - Swiped from 0,293 to 0,200

2019-04-23 15:22:02 - [MESSAGE][PASSED] - Swiped from 0,293 to 0,200

2019-04-23 15:22:06 - [MESSAGE][PASSED] - Swiped from 0,293 to 0,200

2019-04-23 15:22:10 - [MESSAGE][PASSED] - Swiped from 0,293 to 0,200

2019-04-23 15:22:14 - [MESSAGE][PASSED] - Swiped from 0,293 to 0,200

2019-04-23 15:22:16 - [MESSAGE][PASSED] - Swiped from 0,200 to 0,750

2019-04-23 15:22:17 - [MESSAGE][PASSED] - Swiped from 0,200 to 0,750

2019-04-23 15:22:19 - [MESSAGE][WARNING] - Timeout '0' is invalid. Using default page load timeout: '6'

2019-04-23 15:22:26 - [MESSAGE][WARNING] - Element 'Object Repository/CommonScreenElements/Validate_CameraScreen' not found
[[ATTACHMENT|F:\\Git Projects\\MMAPlus_Merchandising\\MMAPlus_Merchandising\\Reports\\MMA Plus Merchandising Data Verification\\20190423_151839\\1556014945452.png]]

2019-04-23 15:22:26 - [MESSAGE][PASSED] - Actual text and expected text of test object 'Object Repository/ShopOpen/Chiller/Validate_ChillerScreen' are matched.

2019-04-23 15:22:28 - [TEST_CASE][PASSED] - Test Cases/ShopOpen/Chiller/VisitChillerWithChillerNotAllocated: Test Cases/ShopOpen/Chiller/VisitChillerWithChillerNotAllocated

2019-04-23 15:22:28 - [TEST_STEP][PASSED] - verifyElementText(findTestObject("ShopOpen/Chiller/Validate_ChillerNotAllocatedProductCategoryScreen", ["package":PACKAGENAME]), "Category:Chiller"): Actual text and expected text of test object 'Object Repository/ShopOpen/Chiller/Validate_ChillerNotAllocatedProductCategoryScreen' are matched.

2019-04-23 15:22:30 - [MESSAGE][PASSED] - Actual text and expected text of test object 'Object Repository/ShopOpen/Chiller/Validate_ChillerNotAllocatedProductCategoryScreen' are matched.

2019-04-23 15:22:30 - [TEST_STEP][PASSED] - com.ct.qa.keywords.ChannelProductsDataKeywords.visitChillerNotAllocatedProductCategories(1): com.ct.qa.keywords.ChannelProductsDataKeywords.visitChillerNotAllocatedProductCategories is PASSED

2019-04-23 15:22:34 - [TEST_CASE][PASSED] - Test Cases/ShopOpen/Chiller/VisitProductCategoryAssets: Test Cases/ShopOpen/Chiller/VisitProductCategoryAssets

2019-04-23 15:22:34 - [TEST_STEP][PASSED] - verifyElementText(findTestObject("ShopOpen/Chiller/Validate_ProductCategoryAssetsScreen", ["package":PACKAGENAME]), "Facing"): Actual text and expected text of test object 'Object Repository/ShopOpen/Chiller/Validate_ProductCategoryAssetsScreen' are matched.

2019-04-23 15:22:36 - [MESSAGE][PASSED] - Actual text and expected text of test object 'Object Repository/ShopOpen/Chiller/Validate_ProductCategoryAssetsScreen' are matched.

2019-04-23 15:22:36 - [TEST_STEP][PASSED] - tap(findTestObject("ShopOpen/Chiller/Facing", ["package":PACKAGENAME]), 0): Tapped on element 'Object Repository/ShopOpen/Chiller/Facing'

2019-04-23 15:22:36 - [MESSAGE][WARNING] - Timeout '0' is invalid. Using default page load timeout: '6'

2019-04-23 15:22:37 - [MESSAGE][PASSED] - Tapped on element 'Object Repository/ShopOpen/Chiller/Facing'

2019-04-23 15:22:37 - [TEST_STEP][PASSED] - verifyElementText(findTestObject("ShopOpen/Chiller/Validate_FacingScreen", ["package":PACKAGENAME]), "Facing"): Actual text and expected text of test object 'Object Repository/ShopOpen/Chiller/Validate_FacingScreen' are matched.

2019-04-23 15:22:38 - [MESSAGE][PASSED] - Actual text and expected text of test object 'Object Repository/ShopOpen/Chiller/Validate_FacingScreen' are matched.

2019-04-23 15:22:38 - [TEST_STEP][PASSED] - com.ct.qa.keywords.ChannelProductsDataKeywords.visitChannelWiseProductsData(CHANNEL_CHILLER_FACING, "Facing"): com.ct.qa.keywords.ChannelProductsDataKeywords.visitChannelWiseProductsData is PASSED

2019-04-23 15:22:42 - [MESSAGE][PASSED] - Keyboard is hidden

2019-04-23 15:22:45 - [MESSAGE][PASSED] - Keyboard is hidden

2019-04-23 15:22:48 - [MESSAGE][PASSED] - Keyboard is hidden

2019-04-23 15:22:51 - [MESSAGE][PASSED] - Keyboard is hidden

2019-04-23 15:22:54 - [MESSAGE][PASSED] - Keyboard is hidden

2019-04-23 15:22:57 - [MESSAGE][PASSED] - Keyboard is hidden

2019-04-23 15:22:59 - [MESSAGE][PASSED] - Swiped from 30,359 to 30,250

2019-04-23 15:23:01 - [MESSAGE][PASSED] - com.ct.qa.keywords.ChannelProductsDataKeywords.visitChannelWiseProductsData is PASSED

2019-04-23 15:23:01 - [TEST_STEP][PASSED] - tap(findTestObject("ShopOpen/Chiller/SubmitButton", ["package":PACKAGENAME]), 0): Tapped on element 'Object Repository/ShopOpen/Chiller/SubmitButton'

2019-04-23 15:23:01 - [MESSAGE][WARNING] - Timeout '0' is invalid. Using default page load timeout: '6'

2019-04-23 15:23:02 - [MESSAGE][PASSED] - Tapped on element 'Object Repository/ShopOpen/Chiller/SubmitButton'

2019-04-23 15:23:02 - [TEST_STEP][PASSED] - verifyElementText(findTestObject("ShopOpen/Chiller/Validate_ProductCategoryAssetsScreen", ["package":PACKAGENAME]), "Facing"): Actual text and expected text of test object 'Object Repository/ShopOpen/Chiller/Validate_ProductCategoryAssetsScreen' are matched.

2019-04-23 15:23:02 - [MESSAGE][PASSED] - Actual text and expected text of test object 'Object Repository/ShopOpen/Chiller/Validate_ProductCategoryAssetsScreen' are matched.

2019-04-23 15:23:02 - [TEST_STEP][PASSED] - tap(findTestObject("ShopOpen/Chiller/StockTaking", ["package":PACKAGENAME]), 0): Tapped on element 'Object Repository/ShopOpen/Chiller/StockTaking'

2019-04-23 15:23:02 - [MESSAGE][WARNING] - Timeout '0' is invalid. Using default page load timeout: '6'

2019-04-23 15:23:04 - [MESSAGE][PASSED] - Tapped on element 'Object Repository/ShopOpen/Chiller/StockTaking'

2019-04-23 15:23:04 - [TEST_STEP][PASSED] - verifyElementText(findTestObject("ShopOpen/Chiller/Validate_StockTakingScreen", ["package":PACKAGENAME]), "Stock Taking"): Actual text and expected text of test object 'Object Repository/ShopOpen/Chiller/Validate_StockTakingScreen' are matched.

2019-04-23 15:23:05 - [MESSAGE][PASSED] - Actual text and expected text of test object 'Object Repository/ShopOpen/Chiller/Validate_StockTakingScreen' are matched.

2019-04-23 15:23:05 - [TEST_STEP][PASSED] - com.ct.qa.keywords.ChannelProductsDataKeywords.visitChannelWiseProductsData(CHANNEL_CHILLER_STOCKTAKING, "Stock Taking"): com.ct.qa.keywords.ChannelProductsDataKeywords.visitChannelWiseProductsData is PASSED

2019-04-23 15:23:09 - [MESSAGE][PASSED] - Keyboard is hidden

2019-04-23 15:23:12 - [MESSAGE][PASSED] - Keyboard is hidden

2019-04-23 15:23:15 - [MESSAGE][PASSED] - Keyboard is hidden

2019-04-23 15:23:18 - [MESSAGE][PASSED] - Keyboard is hidden

2019-04-23 15:23:21 - [MESSAGE][PASSED] - Keyboard is hidden

2019-04-23 15:23:24 - [MESSAGE][PASSED] - Keyboard is hidden

2019-04-23 15:23:27 - [MESSAGE][PASSED] - Swiped from 30,359 to 30,250

2019-04-23 15:23:28 - [MESSAGE][PASSED] - com.ct.qa.keywords.ChannelProductsDataKeywords.visitChannelWiseProductsData is PASSED

2019-04-23 15:23:28 - [TEST_STEP][PASSED] - tap(findTestObject("ShopOpen/Chiller/SubmitButton", ["package":PACKAGENAME]), 0): Tapped on element 'Object Repository/ShopOpen/Chiller/SubmitButton'

2019-04-23 15:23:28 - [MESSAGE][WARNING] - Timeout '0' is invalid. Using default page load timeout: '6'

2019-04-23 15:23:30 - [MESSAGE][PASSED] - Tapped on element 'Object Repository/ShopOpen/Chiller/SubmitButton'

2019-04-23 15:23:30 - [TEST_STEP][PASSED] - verifyElementText(findTestObject("ShopOpen/Chiller/Validate_ProductCategoryAssetsScreen", ["package":PACKAGENAME]), "Facing"): Actual text and expected text of test object 'Object Repository/ShopOpen/Chiller/Validate_ProductCategoryAssetsScreen' are matched.

2019-04-23 15:23:30 - [MESSAGE][PASSED] - Actual text and expected text of test object 'Object Repository/ShopOpen/Chiller/Validate_ProductCategoryAssetsScreen' are matched.

2019-04-23 15:23:30 - [TEST_STEP][PASSED] - tap(findTestObject("ShopOpen/Chiller/ChillerNotAllocatedProductCategory_BackButton", ["package":PACKAGENAME]), 0): Tapped on element 'Object Repository/ShopOpen/Chiller/ChillerNotAllocatedProductCategory_BackButton'

2019-04-23 15:23:30 - [MESSAGE][WARNING] - Timeout '0' is invalid. Using default page load timeout: '6'

2019-04-23 15:23:31 - [MESSAGE][PASSED] - Tapped on element 'Object Repository/ShopOpen/Chiller/ChillerNotAllocatedProductCategory_BackButton'

2019-04-23 15:23:31 - [MESSAGE][PASSED] - Call Test Case 'Test Cases/ShopOpen/Chiller/VisitProductCategoryAssets' successfully

2019-04-23 15:23:31 - [MESSAGE][PASSED] - Actual text and expected text of test object 'Object Repository/ShopOpen/Chiller/Validate_ChillerNotAllocatedProductCategoryScreen' are matched.

2019-04-23 15:23:33 - [TEST_CASE][PASSED] - Test Cases/ShopOpen/Chiller/VisitProductCategoryAssets: Test Cases/ShopOpen/Chiller/VisitProductCategoryAssets

2019-04-23 15:23:33 - [TEST_STEP][PASSED] - verifyElementText(findTestObject("ShopOpen/Chiller/Validate_ProductCategoryAssetsScreen", ["package":PACKAGENAME]), "Facing"): Actual text and expected text of test object 'Object Repository/ShopOpen/Chiller/Validate_ProductCategoryAssetsScreen' are matched.

2019-04-23 15:23:34 - [MESSAGE][PASSED] - Actual text and expected text of test object 'Object Repository/ShopOpen/Chiller/Validate_ProductCategoryAssetsScreen' are matched.

2019-04-23 15:23:34 - [TEST_STEP][PASSED] - tap(findTestObject("ShopOpen/Chiller/Facing", ["package":PACKAGENAME]), 0): Tapped on element 'Object Repository/ShopOpen/Chiller/Facing'

2019-04-23 15:23:34 - [MESSAGE][WARNING] - Timeout '0' is invalid. Using default page load timeout: '6'

2019-04-23 15:23:34 - [MESSAGE][PASSED] - Tapped on element 'Object Repository/ShopOpen/Chiller/Facing'

2019-04-23 15:23:34 - [TEST_STEP][PASSED] - verifyElementText(findTestObject("ShopOpen/Chiller/Validate_FacingScreen", ["package":PACKAGENAME]), "Facing"): Actual text and expected text of test object 'Object Repository/ShopOpen/Chiller/Validate_FacingScreen' are matched.

2019-04-23 15:23:36 - [MESSAGE][PASSED] - Actual text and expected text of test object 'Object Repository/ShopOpen/Chiller/Validate_FacingScreen' are matched.

2019-04-23 15:23:36 - [TEST_STEP][PASSED] - com.ct.qa.keywords.ChannelProductsDataKeywords.visitChannelWiseProductsData(CHANNEL_CHILLER_FACING, "Facing"): com.ct.qa.keywords.ChannelProductsDataKeywords.visitChannelWiseProductsData is PASSED

2019-04-23 15:23:39 - [MESSAGE][PASSED] - Keyboard is hidden

2019-04-23 15:23:42 - [MESSAGE][PASSED] - Keyboard is hidden

2019-04-23 15:23:45 - [MESSAGE][PASSED] - Keyboard is hidden

2019-04-23 15:23:47 - [MESSAGE][PASSED] - Swiped from 117,359 to 117,250

2019-04-23 15:23:47 - [MESSAGE][PASSED] - com.ct.qa.keywords.ChannelProductsDataKeywords.visitChannelWiseProductsData is PASSED

2019-04-23 15:23:47 - [TEST_STEP][PASSED] - tap(findTestObject("ShopOpen/Chiller/SubmitButton", ["package":PACKAGENAME]), 0): Tapped on element 'Object Repository/ShopOpen/Chiller/SubmitButton'

2019-04-23 15:23:47 - [MESSAGE][WARNING] - Timeout '0' is invalid. Using default page load timeout: '6'

2019-04-23 15:23:48 - [MESSAGE][PASSED] - Tapped on element 'Object Repository/ShopOpen/Chiller/SubmitButton'

2019-04-23 15:23:48 - [TEST_STEP][PASSED] - verifyElementText(findTestObject("ShopOpen/Chiller/Validate_ProductCategoryAssetsScreen", ["package":PACKAGENAME]), "Facing"): Actual text and expected text of test object 'Object Repository/ShopOpen/Chiller/Validate_ProductCategoryAssetsScreen' are matched.

2019-04-23 15:23:49 - [MESSAGE][PASSED] - Actual text and expected text of test object 'Object Repository/ShopOpen/Chiller/Validate_ProductCategoryAssetsScreen' are matched.

2019-04-23 15:23:49 - [TEST_STEP][PASSED] - tap(findTestObject("ShopOpen/Chiller/StockTaking", ["package":PACKAGENAME]), 0): Tapped on element 'Object Repository/ShopOpen/Chiller/StockTaking'

2019-04-23 15:23:49 - [MESSAGE][WARNING] - Timeout '0' is invalid. Using default page load timeout: '6'

2019-04-23 15:23:50 - [MESSAGE][PASSED] - Tapped on element 'Object Repository/ShopOpen/Chiller/StockTaking'

2019-04-23 15:23:50 - [TEST_STEP][PASSED] - verifyElementText(findTestObject("ShopOpen/Chiller/Validate_StockTakingScreen", ["package":PACKAGENAME]), "Stock Taking"): Actual text and expected text of test object 'Object Repository/ShopOpen/Chiller/Validate_StockTakingScreen' are matched.

2019-04-23 15:23:51 - [MESSAGE][PASSED] - Actual text and expected text of test object 'Object Repository/ShopOpen/Chiller/Validate_StockTakingScreen' are matched.

2019-04-23 15:23:51 - [TEST_STEP][PASSED] - com.ct.qa.keywords.ChannelProductsDataKeywords.visitChannelWiseProductsData(CHANNEL_CHILLER_STOCKTAKING, "Stock Taking"): com.ct.qa.keywords.ChannelProductsDataKeywords.visitChannelWiseProductsData is PASSED

2019-04-23 15:23:54 - [MESSAGE][PASSED] - Keyboard is hidden

2019-04-23 15:23:57 - [MESSAGE][PASSED] - Keyboard is hidden

2019-04-23 15:24:00 - [MESSAGE][PASSED] - Keyboard is hidden

2019-04-23 15:24:02 - [MESSAGE][PASSED] - Swiped from 117,359 to 117,250

2019-04-23 15:24:02 - [MESSAGE][PASSED] - com.ct.qa.keywords.ChannelProductsDataKeywords.visitChannelWiseProductsData is PASSED

2019-04-23 15:24:02 - [TEST_STEP][PASSED] - tap(findTestObject("ShopOpen/Chiller/SubmitButton", ["package":PACKAGENAME]), 0): Tapped on element 'Object Repository/ShopOpen/Chiller/SubmitButton'

2019-04-23 15:24:02 - [MESSAGE][WARNING] - Timeout '0' is invalid. Using default page load timeout: '6'

2019-04-23 15:24:03 - [MESSAGE][PASSED] - Tapped on element 'Object Repository/ShopOpen/Chiller/SubmitButton'

2019-04-23 15:24:03 - [TEST_STEP][PASSED] - verifyElementText(findTestObject("ShopOpen/Chiller/Validate_ProductCategoryAssetsScreen", ["package":PACKAGENAME]), "Facing"): Actual text and expected text of test object 'Object Repository/ShopOpen/Chiller/Validate_ProductCategoryAssetsScreen' are matched.

2019-04-23 15:24:04 - [MESSAGE][PASSED] - Actual text and expected text of test object 'Object Repository/ShopOpen/Chiller/Validate_ProductCategoryAssetsScreen' are matched.

2019-04-23 15:24:04 - [TEST_STEP][PASSED] - tap(findTestObject("ShopOpen/Chiller/ChillerNotAllocatedProductCategory_BackButton", ["package":PACKAGENAME]), 0): Tapped on element 'Object Repository/ShopOpen/Chiller/ChillerNotAllocatedProductCategory_BackButton'

2019-04-23 15:24:04 - [MESSAGE][WARNING] - Timeout '0' is invalid. Using default page load timeout: '6'

2019-04-23 15:24:05 - [MESSAGE][PASSED] - Tapped on element 'Object Repository/ShopOpen/Chiller/ChillerNotAllocatedProductCategory_BackButton'

2019-04-23 15:24:05 - [MESSAGE][PASSED] - Call Test Case 'Test Cases/ShopOpen/Chiller/VisitProductCategoryAssets' successfully

2019-04-23 15:24:05 - [MESSAGE][PASSED] - Actual text and expected text of test object 'Object Repository/ShopOpen/Chiller/Validate_ChillerNotAllocatedProductCategoryScreen' are matched.

2019-04-23 15:24:07 - [TEST_CASE][PASSED] - Test Cases/ShopOpen/Chiller/VisitProductCategoryAssets: Test Cases/ShopOpen/Chiller/VisitProductCategoryAssets

2019-04-23 15:24:07 - [TEST_STEP][PASSED] - verifyElementText(findTestObject("ShopOpen/Chiller/Validate_ProductCategoryAssetsScreen", ["package":PACKAGENAME]), "Facing"): Actual text and expected text of test object 'Object Repository/ShopOpen/Chiller/Validate_ProductCategoryAssetsScreen' are matched.

2019-04-23 15:24:08 - [MESSAGE][PASSED] - Actual text and expected text of test object 'Object Repository/ShopOpen/Chiller/Validate_ProductCategoryAssetsScreen' are matched.

2019-04-23 15:24:08 - [TEST_STEP][PASSED] - tap(findTestObject("ShopOpen/Chiller/Facing", ["package":PACKAGENAME]), 0): Tapped on element 'Object Repository/ShopOpen/Chiller/Facing'

2019-04-23 15:24:08 - [MESSAGE][WARNING] - Timeout '0' is invalid. Using default page load timeout: '6'

2019-04-23 15:24:08 - [MESSAGE][PASSED] - Tapped on element 'Object Repository/ShopOpen/Chiller/Facing'

2019-04-23 15:24:08 - [TEST_STEP][PASSED] - verifyElementText(findTestObject("ShopOpen/Chiller/Validate_FacingScreen", ["package":PACKAGENAME]), "Facing"): Actual text and expected text of test object 'Object Repository/ShopOpen/Chiller/Validate_FacingScreen' are matched.

2019-04-23 15:24:10 - [MESSAGE][PASSED] - Actual text and expected text of test object 'Object Repository/ShopOpen/Chiller/Validate_FacingScreen' are matched.

2019-04-23 15:24:10 - [TEST_STEP][PASSED] - com.ct.qa.keywords.ChannelProductsDataKeywords.visitChannelWiseProductsData(CHANNEL_CHILLER_FACING, "Facing"): com.ct.qa.keywords.ChannelProductsDataKeywords.visitChannelWiseProductsData is PASSED

2019-04-23 15:24:13 - [MESSAGE][PASSED] - Keyboard is hidden

2019-04-23 15:24:15 - [MESSAGE][PASSED] - Swiped from 117,359 to 117,250

2019-04-23 15:24:15 - [MESSAGE][PASSED] - com.ct.qa.keywords.ChannelProductsDataKeywords.visitChannelWiseProductsData is PASSED

2019-04-23 15:24:15 - [TEST_STEP][PASSED] - tap(findTestObject("ShopOpen/Chiller/SubmitButton", ["package":PACKAGENAME]), 0): Tapped on element 'Object Repository/ShopOpen/Chiller/SubmitButton'

2019-04-23 15:24:15 - [MESSAGE][WARNING] - Timeout '0' is invalid. Using default page load timeout: '6'

2019-04-23 15:24:16 - [MESSAGE][PASSED] - Tapped on element 'Object Repository/ShopOpen/Chiller/SubmitButton'

2019-04-23 15:24:16 - [TEST_STEP][PASSED] - verifyElementText(findTestObject("ShopOpen/Chiller/Validate_ProductCategoryAssetsScreen", ["package":PACKAGENAME]), "Facing"): Actual text and expected text of test object 'Object Repository/ShopOpen/Chiller/Validate_ProductCategoryAssetsScreen' are matched.

2019-04-23 15:24:16 - [MESSAGE][PASSED] - Actual text and expected text of test object 'Object Repository/ShopOpen/Chiller/Validate_ProductCategoryAssetsScreen' are matched.

2019-04-23 15:24:16 - [TEST_STEP][PASSED] - tap(findTestObject("ShopOpen/Chiller/StockTaking", ["package":PACKAGENAME]), 0): Tapped on element 'Object Repository/ShopOpen/Chiller/StockTaking'

2019-04-23 15:24:16 - [MESSAGE][WARNING] - Timeout '0' is invalid. Using default page load timeout: '6'

2019-04-23 15:24:17 - [MESSAGE][PASSED] - Tapped on element 'Object Repository/ShopOpen/Chiller/StockTaking'

2019-04-23 15:24:17 - [TEST_STEP][PASSED] - verifyElementText(findTestObject("ShopOpen/Chiller/Validate_StockTakingScreen", ["package":PACKAGENAME]), "Stock Taking"): Actual text and expected text of test object 'Object Repository/ShopOpen/Chiller/Validate_StockTakingScreen' are matched.

2019-04-23 15:24:19 - [MESSAGE][PASSED] - Actual text and expected text of test object 'Object Repository/ShopOpen/Chiller/Validate_StockTakingScreen' are matched.

2019-04-23 15:24:19 - [TEST_STEP][PASSED] - com.ct.qa.keywords.ChannelProductsDataKeywords.visitChannelWiseProductsData(CHANNEL_CHILLER_STOCKTAKING, "Stock Taking"): com.ct.qa.keywords.ChannelProductsDataKeywords.visitChannelWiseProductsData is PASSED

2019-04-23 15:24:22 - [MESSAGE][PASSED] - Keyboard is hidden

2019-04-23 15:24:24 - [MESSAGE][PASSED] - Swiped from 117,359 to 117,250

2019-04-23 15:24:24 - [MESSAGE][PASSED] - com.ct.qa.keywords.ChannelProductsDataKeywords.visitChannelWiseProductsData is PASSED

2019-04-23 15:24:24 - [TEST_STEP][PASSED] - tap(findTestObject("ShopOpen/Chiller/SubmitButton", ["package":PACKAGENAME]), 0): Tapped on element 'Object Repository/ShopOpen/Chiller/SubmitButton'

2019-04-23 15:24:24 - [MESSAGE][WARNING] - Timeout '0' is invalid. Using default page load timeout: '6'

2019-04-23 15:24:24 - [MESSAGE][PASSED] - Tapped on element 'Object Repository/ShopOpen/Chiller/SubmitButton'

2019-04-23 15:24:24 - [TEST_STEP][PASSED] - verifyElementText(findTestObject("ShopOpen/Chiller/Validate_ProductCategoryAssetsScreen", ["package":PACKAGENAME]), "Facing"): Actual text and expected text of test object 'Object Repository/ShopOpen/Chiller/Validate_ProductCategoryAssetsScreen' are matched.

2019-04-23 15:24:25 - [MESSAGE][PASSED] - Actual text and expected text of test object 'Object Repository/ShopOpen/Chiller/Validate_ProductCategoryAssetsScreen' are matched.

2019-04-23 15:24:25 - [TEST_STEP][PASSED] - tap(findTestObject("ShopOpen/Chiller/ChillerNotAllocatedProductCategory_BackButton", ["package":PACKAGENAME]), 0): Tapped on element 'Object Repository/ShopOpen/Chiller/ChillerNotAllocatedProductCategory_BackButton'

2019-04-23 15:24:25 - [MESSAGE][WARNING] - Timeout '0' is invalid. Using default page load timeout: '6'

2019-04-23 15:24:26 - [MESSAGE][PASSED] - Tapped on element 'Object Repository/ShopOpen/Chiller/ChillerNotAllocatedProductCategory_BackButton'

2019-04-23 15:24:26 - [MESSAGE][PASSED] - Call Test Case 'Test Cases/ShopOpen/Chiller/VisitProductCategoryAssets' successfully

2019-04-23 15:24:26 - [MESSAGE][PASSED] - Actual text and expected text of test object 'Object Repository/ShopOpen/Chiller/Validate_ChillerNotAllocatedProductCategoryScreen' are matched.

2019-04-23 15:24:28 - [TEST_CASE][PASSED] - Test Cases/ShopOpen/Chiller/VisitProductCategoryAssets: Test Cases/ShopOpen/Chiller/VisitProductCategoryAssets

2019-04-23 15:24:28 - [TEST_STEP][PASSED] - verifyElementText(findTestObject("ShopOpen/Chiller/Validate_ProductCategoryAssetsScreen", ["package":PACKAGENAME]), "Facing"): Actual text and expected text of test object 'Object Repository/ShopOpen/Chiller/Validate_ProductCategoryAssetsScreen' are matched.

2019-04-23 15:24:29 - [MESSAGE][PASSED] - Actual text and expected text of test object 'Object Repository/ShopOpen/Chiller/Validate_ProductCategoryAssetsScreen' are matched.

2019-04-23 15:24:29 - [TEST_STEP][PASSED] - tap(findTestObject("ShopOpen/Chiller/Facing", ["package":PACKAGENAME]), 0): Tapped on element 'Object Repository/ShopOpen/Chiller/Facing'

2019-04-23 15:24:29 - [MESSAGE][WARNING] - Timeout '0' is invalid. Using default page load timeout: '6'

2019-04-23 15:24:30 - [MESSAGE][PASSED] - Tapped on element 'Object Repository/ShopOpen/Chiller/Facing'

2019-04-23 15:24:30 - [TEST_STEP][PASSED] - verifyElementText(findTestObject("ShopOpen/Chiller/Validate_FacingScreen", ["package":PACKAGENAME]), "Facing"): Actual text and expected text of test object 'Object Repository/ShopOpen/Chiller/Validate_FacingScreen' are matched.

2019-04-23 15:24:31 - [MESSAGE][PASSED] - Actual text and expected text of test object 'Object Repository/ShopOpen/Chiller/Validate_FacingScreen' are matched.

2019-04-23 15:24:31 - [TEST_STEP][PASSED] - com.ct.qa.keywords.ChannelProductsDataKeywords.visitChannelWiseProductsData(CHANNEL_CHILLER_FACING, "Facing"): com.ct.qa.keywords.ChannelProductsDataKeywords.visitChannelWiseProductsData is PASSED

2019-04-23 15:24:35 - [MESSAGE][PASSED] - Keyboard is hidden

2019-04-23 15:24:38 - [MESSAGE][PASSED] - Keyboard is hidden

2019-04-23 15:24:41 - [MESSAGE][PASSED] - Keyboard is hidden

2019-04-23 15:24:44 - [MESSAGE][PASSED] - Keyboard is hidden

2019-04-23 15:24:47 - [MESSAGE][PASSED] - Keyboard is hidden

2019-04-23 15:24:50 - [MESSAGE][PASSED] - Keyboard is hidden

2019-04-23 15:24:53 - [MESSAGE][PASSED] - Swiped from 18,359 to 18,250

2019-04-23 15:24:58 - [MESSAGE][PASSED] - Keyboard is hidden

2019-04-23 15:25:01 - [MESSAGE][PASSED] - Swiped from 18,359 to 18,250

2019-04-23 15:25:06 - [MESSAGE][PASSED] - Keyboard is hidden

2019-04-23 15:25:09 - [MESSAGE][PASSED] - Swiped from 18,359 to 18,250

2019-04-23 15:25:10 - [MESSAGE][PASSED] - com.ct.qa.keywords.ChannelProductsDataKeywords.visitChannelWiseProductsData is PASSED

2019-04-23 15:25:10 - [TEST_STEP][PASSED] - tap(findTestObject("ShopOpen/Chiller/SubmitButton", ["package":PACKAGENAME]), 0): Tapped on element 'Object Repository/ShopOpen/Chiller/SubmitButton'

2019-04-23 15:25:10 - [MESSAGE][WARNING] - Timeout '0' is invalid. Using default page load timeout: '6'

2019-04-23 15:25:12 - [MESSAGE][PASSED] - Tapped on element 'Object Repository/ShopOpen/Chiller/SubmitButton'

2019-04-23 15:25:12 - [TEST_STEP][PASSED] - verifyElementText(findTestObject("ShopOpen/Chiller/Validate_ProductCategoryAssetsScreen", ["package":PACKAGENAME]), "Facing"): Actual text and expected text of test object 'Object Repository/ShopOpen/Chiller/Validate_ProductCategoryAssetsScreen' are matched.

2019-04-23 15:25:12 - [MESSAGE][PASSED] - Actual text and expected text of test object 'Object Repository/ShopOpen/Chiller/Validate_ProductCategoryAssetsScreen' are matched.

2019-04-23 15:25:12 - [TEST_STEP][PASSED] - tap(findTestObject("ShopOpen/Chiller/StockTaking", ["package":PACKAGENAME]), 0): Tapped on element 'Object Repository/ShopOpen/Chiller/StockTaking'

2019-04-23 15:25:12 - [MESSAGE][WARNING] - Timeout '0' is invalid. Using default page load timeout: '6'

2019-04-23 15:25:12 - [MESSAGE][PASSED] - Tapped on element 'Object Repository/ShopOpen/Chiller/StockTaking'

2019-04-23 15:25:12 - [TEST_STEP][PASSED] - verifyElementText(findTestObject("ShopOpen/Chiller/Validate_StockTakingScreen", ["package":PACKAGENAME]), "Stock Taking"): Actual text and expected text of test object 'Object Repository/ShopOpen/Chiller/Validate_StockTakingScreen' are matched.

2019-04-23 15:25:15 - [MESSAGE][PASSED] - Actual text and expected text of test object 'Object Repository/ShopOpen/Chiller/Validate_StockTakingScreen' are matched.

2019-04-23 15:25:15 - [TEST_STEP][PASSED] - com.ct.qa.keywords.ChannelProductsDataKeywords.visitChannelWiseProductsData(CHANNEL_CHILLER_STOCKTAKING, "Stock Taking"): com.ct.qa.keywords.ChannelProductsDataKeywords.visitChannelWiseProductsData is PASSED

2019-04-23 15:25:19 - [MESSAGE][PASSED] - Keyboard is hidden

2019-04-23 15:25:22 - [MESSAGE][PASSED] - Keyboard is hidden

2019-04-23 15:25:25 - [MESSAGE][PASSED] - Keyboard is hidden

2019-04-23 15:25:28 - [MESSAGE][PASSED] - Keyboard is hidden

2019-04-23 15:25:31 - [MESSAGE][PASSED] - Keyboard is hidden

2019-04-23 15:25:34 - [MESSAGE][PASSED] - Keyboard is hidden

2019-04-23 15:25:37 - [MESSAGE][PASSED] - Swiped from 18,359 to 18,250

2019-04-23 15:25:41 - [MESSAGE][PASSED] - Keyboard is hidden

2019-04-23 15:25:44 - [MESSAGE][PASSED] - Swiped from 18,359 to 18,250

2019-04-23 15:25:49 - [MESSAGE][PASSED] - Keyboard is hidden

2019-04-23 15:25:51 - [MESSAGE][PASSED] - Swiped from 18,359 to 18,250

2019-04-23 15:25:52 - [MESSAGE][PASSED] - com.ct.qa.keywords.ChannelProductsDataKeywords.visitChannelWiseProductsData is PASSED

2019-04-23 15:25:52 - [TEST_STEP][PASSED] - tap(findTestObject("ShopOpen/Chiller/SubmitButton", ["package":PACKAGENAME]), 0): Tapped on element 'Object Repository/ShopOpen/Chiller/SubmitButton'

2019-04-23 15:25:52 - [MESSAGE][WARNING] - Timeout '0' is invalid. Using default page load timeout: '6'

2019-04-23 15:25:53 - [MESSAGE][PASSED] - Tapped on element 'Object Repository/ShopOpen/Chiller/SubmitButton'

2019-04-23 15:25:53 - [TEST_STEP][PASSED] - verifyElementText(findTestObject("ShopOpen/Chiller/Validate_ProductCategoryAssetsScreen", ["package":PACKAGENAME]), "Facing"): Actual text and expected text of test object 'Object Repository/ShopOpen/Chiller/Validate_ProductCategoryAssetsScreen' are matched.

2019-04-23 15:25:54 - [MESSAGE][PASSED] - Actual text and expected text of test object 'Object Repository/ShopOpen/Chiller/Validate_ProductCategoryAssetsScreen' are matched.

2019-04-23 15:25:54 - [TEST_STEP][PASSED] - tap(findTestObject("ShopOpen/Chiller/ChillerNotAllocatedProductCategory_BackButton", ["package":PACKAGENAME]), 0): Tapped on element 'Object Repository/ShopOpen/Chiller/ChillerNotAllocatedProductCategory_BackButton'

2019-04-23 15:25:54 - [MESSAGE][WARNING] - Timeout '0' is invalid. Using default page load timeout: '6'

2019-04-23 15:25:55 - [MESSAGE][PASSED] - Tapped on element 'Object Repository/ShopOpen/Chiller/ChillerNotAllocatedProductCategory_BackButton'

2019-04-23 15:25:55 - [MESSAGE][PASSED] - Call Test Case 'Test Cases/ShopOpen/Chiller/VisitProductCategoryAssets' successfully

2019-04-23 15:25:56 - [MESSAGE][PASSED] - Actual text and expected text of test object 'Object Repository/ShopOpen/Chiller/Validate_ChillerNotAllocatedProductCategoryScreen' are matched.

2019-04-23 15:25:56 - [MESSAGE][PASSED] - com.ct.qa.keywords.ChannelProductsDataKeywords.visitChillerNotAllocatedProductCategories is PASSED

2019-04-23 15:25:56 - [TEST_STEP][PASSED] - verifyElementText(findTestObject("ShopOpen/Chiller/Validate_ChillerNotAllocatedProductCategoryScreen", ["package":PACKAGENAME]), "Category:Chiller"): Actual text and expected text of test object 'Object Repository/ShopOpen/Chiller/Validate_ChillerNotAllocatedProductCategoryScreen' are matched.

2019-04-23 15:25:57 - [MESSAGE][PASSED] - Actual text and expected text of test object 'Object Repository/ShopOpen/Chiller/Validate_ChillerNotAllocatedProductCategoryScreen' are matched.

2019-04-23 15:25:57 - [TEST_STEP][PASSED] - com.ct.qa.keywords.CommonKeywords.visitPlanogramImageViewButton(): com.ct.qa.keywords.CommonKeywords.visitPlanogramImageViewButton is PASSED

2019-04-23 15:26:00 - [MESSAGE][WARNING] - Timeout '0' is invalid. Using default page load timeout: '6'

2019-04-23 15:26:07 - [MESSAGE][WARNING] - Object Object Repository/CommonScreenElements/InfoPopUp_OKButton not found
[[ATTACHMENT|F:\\Git Projects\\MMAPlus_Merchandising\\MMAPlus_Merchandising\\Reports\\MMA Plus Merchandising Data Verification\\20190423_151839\\1556015166103.png]]

2019-04-23 15:26:07 - [MESSAGE][PASSED] - com.ct.qa.keywords.CommonKeywords.visitPlanogramImageViewButton is PASSED

2019-04-23 15:26:07 - [TEST_STEP][PASSED] - verifyElementText(findTestObject("ShopOpen/Chiller/Validate_ChillerNotAllocatedProductCategoryScreen", ["package":PACKAGENAME]), "Category:Chiller"): Actual text and expected text of test object 'Object Repository/ShopOpen/Chiller/Validate_ChillerNotAllocatedProductCategoryScreen' are matched.

2019-04-23 15:26:08 - [MESSAGE][PASSED] - Actual text and expected text of test object 'Object Repository/ShopOpen/Chiller/Validate_ChillerNotAllocatedProductCategoryScreen' are matched.

2019-04-23 15:26:08 - [TEST_STEP][PASSED] - com.ct.qa.keywords.CommonKeywords.visitPictureImageViewButton(): com.ct.qa.keywords.CommonKeywords.visitPictureImageViewButton is PASSED

2019-04-23 15:26:09 - [MESSAGE][WARNING] - Timeout '0' is invalid. Using default page load timeout: '6'

2019-04-23 15:26:11 - [MESSAGE][PASSED] - Element 'Object Repository/CommonScreenElements/Validate_CameraScreen' is exist

2019-04-23 15:26:11 - [MESSAGE][WARNING] - Timeout '0' is invalid. Using default page load timeout: '6'

2019-04-23 15:26:15 - [MESSAGE][PASSED] - Tapped on element 'Object Repository/CommonScreenElements/Camera_TakePictureButton'

2019-04-23 15:26:20 - [MESSAGE][PASSED] - Delayed 5 second(s)

2019-04-23 15:26:20 - [MESSAGE][WARNING] - Timeout '0' is invalid. Using default page load timeout: '6'

2019-04-23 15:26:21 - [MESSAGE][PASSED] - Tapped on element 'Object Repository/CommonScreenElements/Camera_DoneButton'

2019-04-23 15:26:21 - [MESSAGE][PASSED] - com.ct.qa.keywords.CommonKeywords.visitPictureImageViewButton is PASSED

2019-04-23 15:26:21 - [TEST_STEP][PASSED] - verifyElementText(findTestObject("ShopOpen/Chiller/Validate_ChillerNotAllocatedProductCategoryScreen", ["package":PACKAGENAME]), "Category:Chiller"): Actual text and expected text of test object 'Object Repository/ShopOpen/Chiller/Validate_ChillerNotAllocatedProductCategoryScreen' are matched.

2019-04-23 15:26:21 - [MESSAGE][PASSED] - Actual text and expected text of test object 'Object Repository/ShopOpen/Chiller/Validate_ChillerNotAllocatedProductCategoryScreen' are matched.

2019-04-23 15:26:21 - [TEST_STEP][PASSED] - com.ct.qa.keywords.CommonKeywords.visitBackImageViewButton(): com.ct.qa.keywords.CommonKeywords.visitBackImageViewButton is PASSED

2019-04-23 15:26:22 - [MESSAGE][PASSED] - com.ct.qa.keywords.CommonKeywords.visitBackImageViewButton is PASSED

2019-04-23 15:26:22 - [TEST_STEP][PASSED] - verifyElementExist(findTestObject("ShopOpen/Validate_ShopCategoriesListScreen", ["package":PACKAGENAME]), 0): Element 'Object Repository/ShopOpen/Validate_ShopCategoriesListScreen' is exist

2019-04-23 15:26:22 - [MESSAGE][WARNING] - Timeout '0' is invalid. Using default page load timeout: '6'

2019-04-23 15:26:24 - [MESSAGE][PASSED] - Element 'Object Repository/ShopOpen/Validate_ShopCategoriesListScreen' is exist

2019-04-23 15:26:24 - [MESSAGE][PASSED] - Call Test Case 'Test Cases/ShopOpen/Chiller/VisitChillerWithChillerNotAllocated' successfully

2019-04-23 15:26:25 - [MESSAGE][WARNING] - Timeout '0' is invalid. Using default page load timeout: '6'

2019-04-23 15:26:32 - [MESSAGE][WARNING] - Element 'Object Repository/CommonScreenElements/Validate_CameraScreen' not found
[[ATTACHMENT|F:\\Git Projects\\MMAPlus_Merchandising\\MMAPlus_Merchandising\\Reports\\MMA Plus Merchandising Data Verification\\20190423_151839\\1556015191460.png]]

2019-04-23 15:26:32 - [MESSAGE][PASSED] - Actual text and expected text of test object 'Object Repository/ShopOpen/RemainingCategories/Validate_MainCategoryDetailScreen' are matched.

2019-04-23 15:26:33 - [TEST_CASE][PASSED] - Test Cases/ShopOpen/RemainingCategories/VisitRemainingCategoriesWithDSA: Test Cases/ShopOpen/RemainingCategories/VisitRemainingCategoriesWithDSA

2019-04-23 15:26:34 - [TEST_STEP][PASSED] - verifyElementText(findTestObject("ShopOpen/RemainingCategories/Validate_ProductCategoryAssetScreen", ["package":PACKAGENAME]), "Facing"): Actual text and expected text of test object 'Object Repository/ShopOpen/RemainingCategories/Validate_ProductCategoryAssetScreen' are matched.

2019-04-23 15:26:35 - [MESSAGE][PASSED] - Actual text and expected text of test object 'Object Repository/ShopOpen/RemainingCategories/Validate_ProductCategoryAssetScreen' are matched.

2019-04-23 15:26:35 - [TEST_STEP][PASSED] - tap(findTestObject("ShopOpen/RemainingCategories/Facing", ["package":PACKAGENAME]), 0): Tapped on element 'Object Repository/ShopOpen/RemainingCategories/Facing'

2019-04-23 15:26:35 - [MESSAGE][WARNING] - Timeout '0' is invalid. Using default page load timeout: '6'

2019-04-23 15:26:35 - [MESSAGE][PASSED] - Tapped on element 'Object Repository/ShopOpen/RemainingCategories/Facing'

2019-04-23 15:26:35 - [TEST_STEP][PASSED] - verifyElementText(findTestObject("ShopOpen/RemainingCategories/Validate_FacingScreen", ["package":PACKAGENAME]), "Facing"): Actual text and expected text of test object 'Object Repository/ShopOpen/RemainingCategories/Validate_FacingScreen' are matched.

2019-04-23 15:26:37 - [MESSAGE][PASSED] - Actual text and expected text of test object 'Object Repository/ShopOpen/RemainingCategories/Validate_FacingScreen' are matched.

2019-04-23 15:26:37 - [TEST_STEP][PASSED] - com.ct.qa.keywords.ChannelProductsDataKeywords.visitChannelWiseProductsData(CHANNEL_DSA_FACING, "Facing"): com.ct.qa.keywords.ChannelProductsDataKeywords.visitChannelWiseProductsData is PASSED

2019-04-23 15:26:41 - [MESSAGE][PASSED] - Keyboard is hidden

2019-04-23 15:26:44 - [MESSAGE][PASSED] - Keyboard is hidden

2019-04-23 15:26:47 - [MESSAGE][PASSED] - Keyboard is hidden

2019-04-23 15:26:50 - [MESSAGE][PASSED] - Keyboard is hidden

2019-04-23 15:26:52 - [MESSAGE][PASSED] - Swiped from 117,359 to 117,250

2019-04-23 15:26:53 - [MESSAGE][PASSED] - com.ct.qa.keywords.ChannelProductsDataKeywords.visitChannelWiseProductsData is PASSED

2019-04-23 15:26:53 - [TEST_STEP][PASSED] - tap(findTestObject("ShopOpen/RemainingCategories/SubmitButton", ["package":PACKAGENAME]), 0): Tapped on element 'Object Repository/ShopOpen/RemainingCategories/SubmitButton'

2019-04-23 15:26:53 - [MESSAGE][WARNING] - Timeout '0' is invalid. Using default page load timeout: '6'

2019-04-23 15:26:54 - [MESSAGE][PASSED] - Tapped on element 'Object Repository/ShopOpen/RemainingCategories/SubmitButton'

2019-04-23 15:26:54 - [TEST_STEP][PASSED] - verifyElementText(findTestObject("ShopOpen/RemainingCategories/Validate_ProductCategoryAssetScreen", ["package":PACKAGENAME]), "Facing"): Actual text and expected text of test object 'Object Repository/ShopOpen/RemainingCategories/Validate_ProductCategoryAssetScreen' are matched.

2019-04-23 15:26:54 - [MESSAGE][PASSED] - Actual text and expected text of test object 'Object Repository/ShopOpen/RemainingCategories/Validate_ProductCategoryAssetScreen' are matched.

2019-04-23 15:26:54 - [TEST_STEP][PASSED] - tap(findTestObject("ShopOpen/RemainingCategories/StockTaking", ["package":PACKAGENAME]), 0): Tapped on element 'Object Repository/ShopOpen/RemainingCategories/StockTaking'

2019-04-23 15:26:54 - [MESSAGE][WARNING] - Timeout '0' is invalid. Using default page load timeout: '6'

2019-04-23 15:26:55 - [MESSAGE][PASSED] - Tapped on element 'Object Repository/ShopOpen/RemainingCategories/StockTaking'

2019-04-23 15:26:55 - [TEST_STEP][PASSED] - verifyElementText(findTestObject("ShopOpen/RemainingCategories/Validate_StockTakingScreen", ["package":PACKAGENAME]), "Stock Taking"): Actual text and expected text of test object 'Object Repository/ShopOpen/RemainingCategories/Validate_StockTakingScreen' are matched.

2019-04-23 15:26:56 - [MESSAGE][PASSED] - Actual text and expected text of test object 'Object Repository/ShopOpen/RemainingCategories/Validate_StockTakingScreen' are matched.

2019-04-23 15:26:56 - [TEST_STEP][PASSED] - com.ct.qa.keywords.ChannelProductsDataKeywords.visitChannelWiseProductsData(CHANNEL_DSA_STOCKTAKING, "Stock Taking"): com.ct.qa.keywords.ChannelProductsDataKeywords.visitChannelWiseProductsData is PASSED

2019-04-23 15:27:00 - [MESSAGE][PASSED] - Keyboard is hidden

2019-04-23 15:27:03 - [MESSAGE][PASSED] - Keyboard is hidden

2019-04-23 15:27:06 - [MESSAGE][PASSED] - Keyboard is hidden

2019-04-23 15:27:09 - [MESSAGE][PASSED] - Keyboard is hidden

2019-04-23 15:27:12 - [MESSAGE][PASSED] - Swiped from 117,359 to 117,250

2019-04-23 15:27:12 - [MESSAGE][PASSED] - com.ct.qa.keywords.ChannelProductsDataKeywords.visitChannelWiseProductsData is PASSED

2019-04-23 15:27:12 - [TEST_STEP][PASSED] - tap(findTestObject("ShopOpen/RemainingCategories/SubmitButton", ["package":PACKAGENAME]), 0): Tapped on element 'Object Repository/ShopOpen/RemainingCategories/SubmitButton'

2019-04-23 15:27:12 - [MESSAGE][WARNING] - Timeout '0' is invalid. Using default page load timeout: '6'

2019-04-23 15:27:13 - [MESSAGE][PASSED] - Tapped on element 'Object Repository/ShopOpen/RemainingCategories/SubmitButton'

2019-04-23 15:27:13 - [TEST_STEP][PASSED] - verifyElementText(findTestObject("ShopOpen/RemainingCategories/Validate_ProductCategoryAssetScreen", ["package":PACKAGENAME]), "Facing"): Actual text and expected text of test object 'Object Repository/ShopOpen/RemainingCategories/Validate_ProductCategoryAssetScreen' are matched.

2019-04-23 15:27:14 - [MESSAGE][PASSED] - Actual text and expected text of test object 'Object Repository/ShopOpen/RemainingCategories/Validate_ProductCategoryAssetScreen' are matched.

2019-04-23 15:27:14 - [TEST_STEP][PASSED] - com.ct.qa.keywords.CommonKeywords.visitPlanogramImageViewButton(): com.ct.qa.keywords.CommonKeywords.visitPlanogramImageViewButton is PASSED

2019-04-23 15:27:16 - [MESSAGE][WARNING] - Timeout '0' is invalid. Using default page load timeout: '6'

2019-04-23 15:27:23 - [MESSAGE][WARNING] - Object Object Repository/CommonScreenElements/InfoPopUp_OKButton not found
[[ATTACHMENT|F:\\Git Projects\\MMAPlus_Merchandising\\MMAPlus_Merchandising\\Reports\\MMA Plus Merchandising Data Verification\\20190423_151839\\1556015242317.png]]

2019-04-23 15:27:23 - [MESSAGE][PASSED] - com.ct.qa.keywords.CommonKeywords.visitPlanogramImageViewButton is PASSED

2019-04-23 15:27:23 - [TEST_STEP][PASSED] - verifyElementText(findTestObject("ShopOpen/RemainingCategories/Validate_ProductCategoryAssetScreen", ["package":PACKAGENAME]), "Facing"): Actual text and expected text of test object 'Object Repository/ShopOpen/RemainingCategories/Validate_ProductCategoryAssetScreen' are matched.

2019-04-23 15:27:24 - [MESSAGE][PASSED] - Actual text and expected text of test object 'Object Repository/ShopOpen/RemainingCategories/Validate_ProductCategoryAssetScreen' are matched.

2019-04-23 15:27:24 - [TEST_STEP][PASSED] - com.ct.qa.keywords.CommonKeywords.visitPictureImageViewButton(): com.ct.qa.keywords.CommonKeywords.visitPictureImageViewButton is PASSED

2019-04-23 15:27:27 - [MESSAGE][WARNING] - Timeout '0' is invalid. Using default page load timeout: '6'

2019-04-23 15:27:28 - [MESSAGE][PASSED] - Element 'Object Repository/CommonScreenElements/Validate_CameraScreen' is exist

2019-04-23 15:27:28 - [MESSAGE][WARNING] - Timeout '0' is invalid. Using default page load timeout: '6'

2019-04-23 15:27:31 - [MESSAGE][PASSED] - Tapped on element 'Object Repository/CommonScreenElements/Camera_TakePictureButton'

2019-04-23 15:27:36 - [MESSAGE][PASSED] - Delayed 5 second(s)

2019-04-23 15:27:36 - [MESSAGE][WARNING] - Timeout '0' is invalid. Using default page load timeout: '6'

2019-04-23 15:27:37 - [MESSAGE][PASSED] - Tapped on element 'Object Repository/CommonScreenElements/Camera_DoneButton'

2019-04-23 15:27:37 - [MESSAGE][PASSED] - com.ct.qa.keywords.CommonKeywords.visitPictureImageViewButton is PASSED

2019-04-23 15:27:37 - [TEST_STEP][PASSED] - verifyElementText(findTestObject("ShopOpen/RemainingCategories/Validate_ProductCategoryAssetScreen", ["package":PACKAGENAME]), "Facing"): Actual text and expected text of test object 'Object Repository/ShopOpen/RemainingCategories/Validate_ProductCategoryAssetScreen' are matched.

2019-04-23 15:27:38 - [MESSAGE][PASSED] - Actual text and expected text of test object 'Object Repository/ShopOpen/RemainingCategories/Validate_ProductCategoryAssetScreen' are matched.

2019-04-23 15:27:38 - [TEST_STEP][PASSED] - com.ct.qa.keywords.CommonKeywords.visitBackImageViewButton(): com.ct.qa.keywords.CommonKeywords.visitBackImageViewButton is PASSED

2019-04-23 15:27:40 - [MESSAGE][PASSED] - com.ct.qa.keywords.CommonKeywords.visitBackImageViewButton is PASSED

2019-04-23 15:27:40 - [TEST_STEP][PASSED] - verifyElementExist(findTestObject("ShopOpen/Validate_ShopCategoriesListScreen", ["package":PACKAGENAME]), 0): Element 'Object Repository/ShopOpen/Validate_ShopCategoriesListScreen' is exist

2019-04-23 15:27:40 - [MESSAGE][WARNING] - Timeout '0' is invalid. Using default page load timeout: '6'

2019-04-23 15:27:42 - [MESSAGE][PASSED] - Element 'Object Repository/ShopOpen/Validate_ShopCategoriesListScreen' is exist

2019-04-23 15:27:42 - [MESSAGE][PASSED] - Call Test Case 'Test Cases/ShopOpen/RemainingCategories/VisitRemainingCategoriesWithDSA' successfully

2019-04-23 15:27:43 - [MESSAGE][WARNING] - Timeout '0' is invalid. Using default page load timeout: '6'

2019-04-23 15:27:50 - [MESSAGE][WARNING] - Element 'Object Repository/CommonScreenElements/Validate_CameraScreen' not found
[[ATTACHMENT|F:\\Git Projects\\MMAPlus_Merchandising\\MMAPlus_Merchandising\\Reports\\MMA Plus Merchandising Data Verification\\20190423_151839\\1556015269565.png]]

2019-04-23 15:27:50 - [MESSAGE][PASSED] - Actual text and expected text of test object 'Object Repository/ShopOpen/RemainingCategories/Validate_MainCategoryDetailScreen' are matched.

2019-04-23 15:27:52 - [TEST_CASE][PASSED] - Test Cases/ShopOpen/RemainingCategories/VisitRemainingCategoriesWithDSA: Test Cases/ShopOpen/RemainingCategories/VisitRemainingCategoriesWithDSA

2019-04-23 15:27:52 - [TEST_STEP][PASSED] - verifyElementText(findTestObject("ShopOpen/RemainingCategories/Validate_ProductCategoryAssetScreen", ["package":PACKAGENAME]), "Facing"): Actual text and expected text of test object 'Object Repository/ShopOpen/RemainingCategories/Validate_ProductCategoryAssetScreen' are matched.

2019-04-23 15:27:53 - [MESSAGE][PASSED] - Actual text and expected text of test object 'Object Repository/ShopOpen/RemainingCategories/Validate_ProductCategoryAssetScreen' are matched.

2019-04-23 15:27:53 - [TEST_STEP][PASSED] - tap(findTestObject("ShopOpen/RemainingCategories/Facing", ["package":PACKAGENAME]), 0): Tapped on element 'Object Repository/ShopOpen/RemainingCategories/Facing'

2019-04-23 15:27:53 - [MESSAGE][WARNING] - Timeout '0' is invalid. Using default page load timeout: '6'

2019-04-23 15:27:53 - [MESSAGE][PASSED] - Tapped on element 'Object Repository/ShopOpen/RemainingCategories/Facing'

2019-04-23 15:27:53 - [TEST_STEP][PASSED] - verifyElementText(findTestObject("ShopOpen/RemainingCategories/Validate_FacingScreen", ["package":PACKAGENAME]), "Facing"): Actual text and expected text of test object 'Object Repository/ShopOpen/RemainingCategories/Validate_FacingScreen' are matched.

2019-04-23 15:27:55 - [MESSAGE][PASSED] - Actual text and expected text of test object 'Object Repository/ShopOpen/RemainingCategories/Validate_FacingScreen' are matched.

2019-04-23 15:27:55 - [TEST_STEP][PASSED] - com.ct.qa.keywords.ChannelProductsDataKeywords.visitChannelWiseProductsData(CHANNEL_DSA_FACING, "Facing"): com.ct.qa.keywords.ChannelProductsDataKeywords.visitChannelWiseProductsData is PASSED

2019-04-23 15:27:59 - [MESSAGE][PASSED] - Keyboard is hidden

2019-04-23 15:28:02 - [MESSAGE][PASSED] - Keyboard is hidden

2019-04-23 15:28:05 - [MESSAGE][PASSED] - Keyboard is hidden

2019-04-23 15:28:08 - [MESSAGE][PASSED] - Keyboard is hidden

2019-04-23 15:28:11 - [MESSAGE][PASSED] - Keyboard is hidden

2019-04-23 15:28:13 - [MESSAGE][PASSED] - Swiped from 111,359 to 111,250

2019-04-23 15:28:14 - [MESSAGE][PASSED] - com.ct.qa.keywords.ChannelProductsDataKeywords.visitChannelWiseProductsData is PASSED

2019-04-23 15:28:14 - [TEST_STEP][PASSED] - tap(findTestObject("ShopOpen/RemainingCategories/SubmitButton", ["package":PACKAGENAME]), 0): Tapped on element 'Object Repository/ShopOpen/RemainingCategories/SubmitButton'

2019-04-23 15:28:14 - [MESSAGE][WARNING] - Timeout '0' is invalid. Using default page load timeout: '6'

2019-04-23 15:28:15 - [MESSAGE][PASSED] - Tapped on element 'Object Repository/ShopOpen/RemainingCategories/SubmitButton'

2019-04-23 15:28:15 - [TEST_STEP][PASSED] - verifyElementText(findTestObject("ShopOpen/RemainingCategories/Validate_ProductCategoryAssetScreen", ["package":PACKAGENAME]), "Facing"): Actual text and expected text of test object 'Object Repository/ShopOpen/RemainingCategories/Validate_ProductCategoryAssetScreen' are matched.

2019-04-23 15:28:15 - [MESSAGE][PASSED] - Actual text and expected text of test object 'Object Repository/ShopOpen/RemainingCategories/Validate_ProductCategoryAssetScreen' are matched.

2019-04-23 15:28:15 - [TEST_STEP][PASSED] - tap(findTestObject("ShopOpen/RemainingCategories/StockTaking", ["package":PACKAGENAME]), 0): Tapped on element 'Object Repository/ShopOpen/RemainingCategories/StockTaking'

2019-04-23 15:28:15 - [MESSAGE][WARNING] - Timeout '0' is invalid. Using default page load timeout: '6'

2019-04-23 15:28:17 - [MESSAGE][PASSED] - Tapped on element 'Object Repository/ShopOpen/RemainingCategories/StockTaking'

2019-04-23 15:28:17 - [TEST_STEP][PASSED] - verifyElementText(findTestObject("ShopOpen/RemainingCategories/Validate_StockTakingScreen", ["package":PACKAGENAME]), "Stock Taking"): Actual text and expected text of test object 'Object Repository/ShopOpen/RemainingCategories/Validate_StockTakingScreen' are matched.

2019-04-23 15:28:18 - [MESSAGE][PASSED] - Actual text and expected text of test object 'Object Repository/ShopOpen/RemainingCategories/Validate_StockTakingScreen' are matched.

2019-04-23 15:28:18 - [TEST_STEP][PASSED] - com.ct.qa.keywords.ChannelProductsDataKeywords.visitChannelWiseProductsData(CHANNEL_DSA_STOCKTAKING, "Stock Taking"): com.ct.qa.keywords.ChannelProductsDataKeywords.visitChannelWiseProductsData is PASSED

2019-04-23 15:28:21 - [MESSAGE][PASSED] - Keyboard is hidden

2019-04-23 15:28:24 - [MESSAGE][PASSED] - Keyboard is hidden

2019-04-23 15:28:27 - [MESSAGE][PASSED] - Keyboard is hidden

2019-04-23 15:28:30 - [MESSAGE][PASSED] - Keyboard is hidden

2019-04-23 15:28:33 - [MESSAGE][PASSED] - Keyboard is hidden

2019-04-23 15:28:35 - [MESSAGE][PASSED] - Swiped from 111,359 to 111,250

2019-04-23 15:28:36 - [MESSAGE][PASSED] - com.ct.qa.keywords.ChannelProductsDataKeywords.visitChannelWiseProductsData is PASSED

2019-04-23 15:28:36 - [TEST_STEP][PASSED] - tap(findTestObject("ShopOpen/RemainingCategories/SubmitButton", ["package":PACKAGENAME]), 0): Tapped on element 'Object Repository/ShopOpen/RemainingCategories/SubmitButton'

2019-04-23 15:28:36 - [MESSAGE][WARNING] - Timeout '0' is invalid. Using default page load timeout: '6'

2019-04-23 15:28:37 - [MESSAGE][PASSED] - Tapped on element 'Object Repository/ShopOpen/RemainingCategories/SubmitButton'

2019-04-23 15:28:37 - [TEST_STEP][PASSED] - verifyElementText(findTestObject("ShopOpen/RemainingCategories/Validate_ProductCategoryAssetScreen", ["package":PACKAGENAME]), "Facing"): Actual text and expected text of test object 'Object Repository/ShopOpen/RemainingCategories/Validate_ProductCategoryAssetScreen' are matched.

2019-04-23 15:28:37 - [MESSAGE][PASSED] - Actual text and expected text of test object 'Object Repository/ShopOpen/RemainingCategories/Validate_ProductCategoryAssetScreen' are matched.

2019-04-23 15:28:37 - [TEST_STEP][PASSED] - com.ct.qa.keywords.CommonKeywords.visitPlanogramImageViewButton(): com.ct.qa.keywords.CommonKeywords.visitPlanogramImageViewButton is PASSED

2019-04-23 15:28:39 - [MESSAGE][WARNING] - Timeout '0' is invalid. Using default page load timeout: '6'

2019-04-23 15:28:46 - [MESSAGE][WARNING] - Object Object Repository/CommonScreenElements/InfoPopUp_OKButton not found
[[ATTACHMENT|F:\\Git Projects\\MMAPlus_Merchandising\\MMAPlus_Merchandising\\Reports\\MMA Plus Merchandising Data Verification\\20190423_151839\\1556015325341.png]]

2019-04-23 15:28:46 - [MESSAGE][PASSED] - com.ct.qa.keywords.CommonKeywords.visitPlanogramImageViewButton is PASSED

2019-04-23 15:28:46 - [TEST_STEP][PASSED] - verifyElementText(findTestObject("ShopOpen/RemainingCategories/Validate_ProductCategoryAssetScreen", ["package":PACKAGENAME]), "Facing"): Actual text and expected text of test object 'Object Repository/ShopOpen/RemainingCategories/Validate_ProductCategoryAssetScreen' are matched.

2019-04-23 15:28:47 - [MESSAGE][PASSED] - Actual text and expected text of test object 'Object Repository/ShopOpen/RemainingCategories/Validate_ProductCategoryAssetScreen' are matched.

2019-04-23 15:28:47 - [TEST_STEP][PASSED] - com.ct.qa.keywords.CommonKeywords.visitPictureImageViewButton(): com.ct.qa.keywords.CommonKeywords.visitPictureImageViewButton is PASSED

2019-04-23 15:28:48 - [MESSAGE][WARNING] - Timeout '0' is invalid. Using default page load timeout: '6'

2019-04-23 15:28:50 - [MESSAGE][PASSED] - Element 'Object Repository/CommonScreenElements/Validate_CameraScreen' is exist

2019-04-23 15:28:51 - [MESSAGE][WARNING] - Timeout '0' is invalid. Using default page load timeout: '6'

2019-04-23 15:28:54 - [MESSAGE][PASSED] - Tapped on element 'Object Repository/CommonScreenElements/Camera_TakePictureButton'

2019-04-23 15:28:59 - [MESSAGE][PASSED] - Delayed 5 second(s)

2019-04-23 15:28:59 - [MESSAGE][WARNING] - Timeout '0' is invalid. Using default page load timeout: '6'

2019-04-23 15:29:00 - [MESSAGE][PASSED] - Tapped on element 'Object Repository/CommonScreenElements/Camera_DoneButton'

2019-04-23 15:29:00 - [MESSAGE][PASSED] - com.ct.qa.keywords.CommonKeywords.visitPictureImageViewButton is PASSED

2019-04-23 15:29:00 - [TEST_STEP][PASSED] - verifyElementText(findTestObject("ShopOpen/RemainingCategories/Validate_ProductCategoryAssetScreen", ["package":PACKAGENAME]), "Facing"): Actual text and expected text of test object 'Object Repository/ShopOpen/RemainingCategories/Validate_ProductCategoryAssetScreen' are matched.

2019-04-23 15:29:01 - [MESSAGE][PASSED] - Actual text and expected text of test object 'Object Repository/ShopOpen/RemainingCategories/Validate_ProductCategoryAssetScreen' are matched.

2019-04-23 15:29:01 - [TEST_STEP][PASSED] - com.ct.qa.keywords.CommonKeywords.visitBackImageViewButton(): com.ct.qa.keywords.CommonKeywords.visitBackImageViewButton is PASSED

2019-04-23 15:29:03 - [MESSAGE][PASSED] - com.ct.qa.keywords.CommonKeywords.visitBackImageViewButton is PASSED

2019-04-23 15:29:03 - [TEST_STEP][PASSED] - verifyElementExist(findTestObject("ShopOpen/Validate_ShopCategoriesListScreen", ["package":PACKAGENAME]), 0): Element 'Object Repository/ShopOpen/Validate_ShopCategoriesListScreen' is exist

2019-04-23 15:29:03 - [MESSAGE][WARNING] - Timeout '0' is invalid. Using default page load timeout: '6'

2019-04-23 15:29:04 - [MESSAGE][PASSED] - Element 'Object Repository/ShopOpen/Validate_ShopCategoriesListScreen' is exist

2019-04-23 15:29:04 - [MESSAGE][PASSED] - Call Test Case 'Test Cases/ShopOpen/RemainingCategories/VisitRemainingCategoriesWithDSA' successfully

2019-04-23 15:29:05 - [MESSAGE][WARNING] - Timeout '0' is invalid. Using default page load timeout: '6'

2019-04-23 15:29:12 - [MESSAGE][WARNING] - Element 'Object Repository/CommonScreenElements/Validate_CameraScreen' not found
[[ATTACHMENT|F:\\Git Projects\\MMAPlus_Merchandising\\MMAPlus_Merchandising\\Reports\\MMA Plus Merchandising Data Verification\\20190423_151839\\1556015351479.png]]

2019-04-23 15:29:12 - [MESSAGE][PASSED] - Actual text and expected text of test object 'Object Repository/ShopOpen/RemainingCategories/Validate_MainCategoryDetailScreen' are matched.

2019-04-23 15:29:13 - [TEST_CASE][PASSED] - Test Cases/ShopOpen/RemainingCategories/VisitRemainingCategoriesWithDSA: Test Cases/ShopOpen/RemainingCategories/VisitRemainingCategoriesWithDSA

2019-04-23 15:29:13 - [TEST_STEP][PASSED] - verifyElementText(findTestObject("ShopOpen/RemainingCategories/Validate_ProductCategoryAssetScreen", ["package":PACKAGENAME]), "Facing"): Actual text and expected text of test object 'Object Repository/ShopOpen/RemainingCategories/Validate_ProductCategoryAssetScreen' are matched.

2019-04-23 15:29:15 - [MESSAGE][PASSED] - Actual text and expected text of test object 'Object Repository/ShopOpen/RemainingCategories/Validate_ProductCategoryAssetScreen' are matched.

2019-04-23 15:29:15 - [TEST_STEP][PASSED] - tap(findTestObject("ShopOpen/RemainingCategories/Facing", ["package":PACKAGENAME]), 0): Tapped on element 'Object Repository/ShopOpen/RemainingCategories/Facing'

2019-04-23 15:29:15 - [MESSAGE][WARNING] - Timeout '0' is invalid. Using default page load timeout: '6'

2019-04-23 15:29:15 - [MESSAGE][PASSED] - Tapped on element 'Object Repository/ShopOpen/RemainingCategories/Facing'

2019-04-23 15:29:15 - [TEST_STEP][PASSED] - verifyElementText(findTestObject("ShopOpen/RemainingCategories/Validate_FacingScreen", ["package":PACKAGENAME]), "Facing"): Actual text and expected text of test object 'Object Repository/ShopOpen/RemainingCategories/Validate_FacingScreen' are matched.

2019-04-23 15:29:17 - [MESSAGE][PASSED] - Actual text and expected text of test object 'Object Repository/ShopOpen/RemainingCategories/Validate_FacingScreen' are matched.

2019-04-23 15:29:17 - [TEST_STEP][PASSED] - com.ct.qa.keywords.ChannelProductsDataKeywords.visitChannelWiseProductsData(CHANNEL_DSA_FACING, "Facing"): com.ct.qa.keywords.ChannelProductsDataKeywords.visitChannelWiseProductsData is PASSED

2019-04-23 15:29:20 - [MESSAGE][PASSED] - Keyboard is hidden

2019-04-23 15:29:23 - [MESSAGE][PASSED] - Keyboard is hidden

2019-04-23 15:29:25 - [MESSAGE][PASSED] - Swiped from 44,359 to 44,250

2019-04-23 15:29:25 - [MESSAGE][PASSED] - com.ct.qa.keywords.ChannelProductsDataKeywords.visitChannelWiseProductsData is PASSED

2019-04-23 15:29:25 - [TEST_STEP][PASSED] - tap(findTestObject("ShopOpen/RemainingCategories/SubmitButton", ["package":PACKAGENAME]), 0): Tapped on element 'Object Repository/ShopOpen/RemainingCategories/SubmitButton'

2019-04-23 15:29:25 - [MESSAGE][WARNING] - Timeout '0' is invalid. Using default page load timeout: '6'

2019-04-23 15:29:26 - [MESSAGE][PASSED] - Tapped on element 'Object Repository/ShopOpen/RemainingCategories/SubmitButton'

2019-04-23 15:29:26 - [TEST_STEP][PASSED] - verifyElementText(findTestObject("ShopOpen/RemainingCategories/Validate_ProductCategoryAssetScreen", ["package":PACKAGENAME]), "Facing"): Actual text and expected text of test object 'Object Repository/ShopOpen/RemainingCategories/Validate_ProductCategoryAssetScreen' are matched.

2019-04-23 15:29:27 - [MESSAGE][PASSED] - Actual text and expected text of test object 'Object Repository/ShopOpen/RemainingCategories/Validate_ProductCategoryAssetScreen' are matched.

2019-04-23 15:29:27 - [TEST_STEP][PASSED] - tap(findTestObject("ShopOpen/RemainingCategories/StockTaking", ["package":PACKAGENAME]), 0): Tapped on element 'Object Repository/ShopOpen/RemainingCategories/StockTaking'

2019-04-23 15:29:27 - [MESSAGE][WARNING] - Timeout '0' is invalid. Using default page load timeout: '6'

2019-04-23 15:29:27 - [MESSAGE][PASSED] - Tapped on element 'Object Repository/ShopOpen/RemainingCategories/StockTaking'

2019-04-23 15:29:27 - [TEST_STEP][PASSED] - verifyElementText(findTestObject("ShopOpen/RemainingCategories/Validate_StockTakingScreen", ["package":PACKAGENAME]), "Stock Taking"): Actual text and expected text of test object 'Object Repository/ShopOpen/RemainingCategories/Validate_StockTakingScreen' are matched.

2019-04-23 15:29:30 - [MESSAGE][PASSED] - Actual text and expected text of test object 'Object Repository/ShopOpen/RemainingCategories/Validate_StockTakingScreen' are matched.

2019-04-23 15:29:30 - [TEST_STEP][PASSED] - com.ct.qa.keywords.ChannelProductsDataKeywords.visitChannelWiseProductsData(CHANNEL_DSA_STOCKTAKING, "Stock Taking"): com.ct.qa.keywords.ChannelProductsDataKeywords.visitChannelWiseProductsData is PASSED

2019-04-23 15:29:33 - [MESSAGE][PASSED] - Keyboard is hidden

2019-04-23 15:29:36 - [MESSAGE][PASSED] - Keyboard is hidden

2019-04-23 15:29:38 - [MESSAGE][PASSED] - Swiped from 44,359 to 44,250

2019-04-23 15:29:38 - [MESSAGE][PASSED] - com.ct.qa.keywords.ChannelProductsDataKeywords.visitChannelWiseProductsData is PASSED

2019-04-23 15:29:38 - [TEST_STEP][PASSED] - tap(findTestObject("ShopOpen/RemainingCategories/SubmitButton", ["package":PACKAGENAME]), 0): Tapped on element 'Object Repository/ShopOpen/RemainingCategories/SubmitButton'

2019-04-23 15:29:38 - [MESSAGE][WARNING] - Timeout '0' is invalid. Using default page load timeout: '6'

2019-04-23 15:29:39 - [MESSAGE][PASSED] - Tapped on element 'Object Repository/ShopOpen/RemainingCategories/SubmitButton'

2019-04-23 15:29:39 - [TEST_STEP][PASSED] - verifyElementText(findTestObject("ShopOpen/RemainingCategories/Validate_ProductCategoryAssetScreen", ["package":PACKAGENAME]), "Facing"): Actual text and expected text of test object 'Object Repository/ShopOpen/RemainingCategories/Validate_ProductCategoryAssetScreen' are matched.

2019-04-23 15:29:40 - [MESSAGE][PASSED] - Actual text and expected text of test object 'Object Repository/ShopOpen/RemainingCategories/Validate_ProductCategoryAssetScreen' are matched.

2019-04-23 15:29:40 - [TEST_STEP][PASSED] - com.ct.qa.keywords.CommonKeywords.visitPlanogramImageViewButton(): com.ct.qa.keywords.CommonKeywords.visitPlanogramImageViewButton is PASSED

2019-04-23 15:29:42 - [MESSAGE][WARNING] - Timeout '0' is invalid. Using default page load timeout: '6'

2019-04-23 15:29:49 - [MESSAGE][WARNING] - Object Object Repository/CommonScreenElements/InfoPopUp_OKButton not found
[[ATTACHMENT|F:\\Git Projects\\MMAPlus_Merchandising\\MMAPlus_Merchandising\\Reports\\MMA Plus Merchandising Data Verification\\20190423_151839\\1556015388051.png]]

2019-04-23 15:29:49 - [MESSAGE][PASSED] - com.ct.qa.keywords.CommonKeywords.visitPlanogramImageViewButton is PASSED

2019-04-23 15:29:49 - [TEST_STEP][PASSED] - verifyElementText(findTestObject("ShopOpen/RemainingCategories/Validate_ProductCategoryAssetScreen", ["package":PACKAGENAME]), "Facing"): Actual text and expected text of test object 'Object Repository/ShopOpen/RemainingCategories/Validate_ProductCategoryAssetScreen' are matched.

2019-04-23 15:29:50 - [MESSAGE][PASSED] - Actual text and expected text of test object 'Object Repository/ShopOpen/RemainingCategories/Validate_ProductCategoryAssetScreen' are matched.

2019-04-23 15:29:50 - [TEST_STEP][PASSED] - com.ct.qa.keywords.CommonKeywords.visitPictureImageViewButton(): com.ct.qa.keywords.CommonKeywords.visitPictureImageViewButton is PASSED

2019-04-23 15:29:53 - [MESSAGE][WARNING] - Timeout '0' is invalid. Using default page load timeout: '6'

2019-04-23 15:29:54 - [MESSAGE][PASSED] - Element 'Object Repository/CommonScreenElements/Validate_CameraScreen' is exist

2019-04-23 15:29:54 - [MESSAGE][WARNING] - Timeout '0' is invalid. Using default page load timeout: '6'

2019-04-23 15:29:57 - [MESSAGE][PASSED] - Tapped on element 'Object Repository/CommonScreenElements/Camera_TakePictureButton'

2019-04-23 15:30:02 - [MESSAGE][PASSED] - Delayed 5 second(s)

2019-04-23 15:30:02 - [MESSAGE][WARNING] - Timeout '0' is invalid. Using default page load timeout: '6'

2019-04-23 15:30:02 - [MESSAGE][PASSED] - Tapped on element 'Object Repository/CommonScreenElements/Camera_DoneButton'

2019-04-23 15:30:02 - [MESSAGE][PASSED] - com.ct.qa.keywords.CommonKeywords.visitPictureImageViewButton is PASSED

2019-04-23 15:30:02 - [TEST_STEP][PASSED] - verifyElementText(findTestObject("ShopOpen/RemainingCategories/Validate_ProductCategoryAssetScreen", ["package":PACKAGENAME]), "Facing"): Actual text and expected text of test object 'Object Repository/ShopOpen/RemainingCategories/Validate_ProductCategoryAssetScreen' are matched.

2019-04-23 15:30:04 - [MESSAGE][PASSED] - Actual text and expected text of test object 'Object Repository/ShopOpen/RemainingCategories/Validate_ProductCategoryAssetScreen' are matched.

2019-04-23 15:30:04 - [TEST_STEP][PASSED] - com.ct.qa.keywords.CommonKeywords.visitBackImageViewButton(): com.ct.qa.keywords.CommonKeywords.visitBackImageViewButton is PASSED

2019-04-23 15:30:05 - [MESSAGE][PASSED] - com.ct.qa.keywords.CommonKeywords.visitBackImageViewButton is PASSED

2019-04-23 15:30:05 - [TEST_STEP][PASSED] - verifyElementExist(findTestObject("ShopOpen/Validate_ShopCategoriesListScreen", ["package":PACKAGENAME]), 0): Element 'Object Repository/ShopOpen/Validate_ShopCategoriesListScreen' is exist

2019-04-23 15:30:05 - [MESSAGE][WARNING] - Timeout '0' is invalid. Using default page load timeout: '6'

2019-04-23 15:30:07 - [MESSAGE][PASSED] - Element 'Object Repository/ShopOpen/Validate_ShopCategoriesListScreen' is exist

2019-04-23 15:30:07 - [MESSAGE][PASSED] - Call Test Case 'Test Cases/ShopOpen/RemainingCategories/VisitRemainingCategoriesWithDSA' successfully

2019-04-23 15:30:08 - [MESSAGE][WARNING] - Timeout '0' is invalid. Using default page load timeout: '6'

2019-04-23 15:30:15 - [MESSAGE][WARNING] - Element 'Object Repository/CommonScreenElements/Validate_CameraScreen' not found
[[ATTACHMENT|F:\\Git Projects\\MMAPlus_Merchandising\\MMAPlus_Merchandising\\Reports\\MMA Plus Merchandising Data Verification\\20190423_151839\\1556015414554.png]]

2019-04-23 15:30:15 - [MESSAGE][PASSED] - Actual text and expected text of test object 'Object Repository/ShopOpen/RemainingCategories/Validate_MainCategoryDetailScreen' are matched.

2019-04-23 15:30:17 - [TEST_CASE][PASSED] - Test Cases/ShopOpen/RemainingCategories/VisitRemainingCategoriesWithDSA: Test Cases/ShopOpen/RemainingCategories/VisitRemainingCategoriesWithDSA

2019-04-23 15:30:17 - [TEST_STEP][PASSED] - verifyElementText(findTestObject("ShopOpen/RemainingCategories/Validate_ProductCategoryAssetScreen", ["package":PACKAGENAME]), "Facing"): Actual text and expected text of test object 'Object Repository/ShopOpen/RemainingCategories/Validate_ProductCategoryAssetScreen' are matched.

2019-04-23 15:30:18 - [MESSAGE][PASSED] - Actual text and expected text of test object 'Object Repository/ShopOpen/RemainingCategories/Validate_ProductCategoryAssetScreen' are matched.

2019-04-23 15:30:18 - [TEST_STEP][PASSED] - tap(findTestObject("ShopOpen/RemainingCategories/Facing", ["package":PACKAGENAME]), 0): Tapped on element 'Object Repository/ShopOpen/RemainingCategories/Facing'

2019-04-23 15:30:18 - [MESSAGE][WARNING] - Timeout '0' is invalid. Using default page load timeout: '6'

2019-04-23 15:30:18 - [MESSAGE][PASSED] - Tapped on element 'Object Repository/ShopOpen/RemainingCategories/Facing'

2019-04-23 15:30:18 - [TEST_STEP][PASSED] - verifyElementText(findTestObject("ShopOpen/RemainingCategories/Validate_FacingScreen", ["package":PACKAGENAME]), "Facing"): Actual text and expected text of test object 'Object Repository/ShopOpen/RemainingCategories/Validate_FacingScreen' are matched.

2019-04-23 15:30:20 - [MESSAGE][PASSED] - Actual text and expected text of test object 'Object Repository/ShopOpen/RemainingCategories/Validate_FacingScreen' are matched.

2019-04-23 15:30:20 - [TEST_STEP][PASSED] - com.ct.qa.keywords.ChannelProductsDataKeywords.visitChannelWiseProductsData(CHANNEL_DSA_FACING, "Facing"): com.ct.qa.keywords.ChannelProductsDataKeywords.visitChannelWiseProductsData is PASSED

2019-04-23 15:30:24 - [MESSAGE][PASSED] - Keyboard is hidden

2019-04-23 15:30:27 - [MESSAGE][PASSED] - Keyboard is hidden

2019-04-23 15:30:30 - [MESSAGE][PASSED] - Keyboard is hidden

2019-04-23 15:30:33 - [MESSAGE][PASSED] - Keyboard is hidden

2019-04-23 15:30:36 - [MESSAGE][PASSED] - Keyboard is hidden

2019-04-23 15:30:39 - [MESSAGE][PASSED] - Keyboard is hidden

2019-04-23 15:30:42 - [MESSAGE][PASSED] - Swiped from 25,359 to 25,250

2019-04-23 15:30:43 - [MESSAGE][PASSED] - com.ct.qa.keywords.ChannelProductsDataKeywords.visitChannelWiseProductsData is PASSED

2019-04-23 15:30:43 - [TEST_STEP][PASSED] - tap(findTestObject("ShopOpen/RemainingCategories/SubmitButton", ["package":PACKAGENAME]), 0): Tapped on element 'Object Repository/ShopOpen/RemainingCategories/SubmitButton'

2019-04-23 15:30:43 - [MESSAGE][WARNING] - Timeout '0' is invalid. Using default page load timeout: '6'

2019-04-23 15:30:44 - [MESSAGE][PASSED] - Tapped on element 'Object Repository/ShopOpen/RemainingCategories/SubmitButton'

2019-04-23 15:30:44 - [TEST_STEP][PASSED] - verifyElementText(findTestObject("ShopOpen/RemainingCategories/Validate_ProductCategoryAssetScreen", ["package":PACKAGENAME]), "Facing"): Actual text and expected text of test object 'Object Repository/ShopOpen/RemainingCategories/Validate_ProductCategoryAssetScreen' are matched.

2019-04-23 15:30:45 - [MESSAGE][PASSED] - Actual text and expected text of test object 'Object Repository/ShopOpen/RemainingCategories/Validate_ProductCategoryAssetScreen' are matched.

2019-04-23 15:30:45 - [TEST_STEP][PASSED] - tap(findTestObject("ShopOpen/RemainingCategories/StockTaking", ["package":PACKAGENAME]), 0): Tapped on element 'Object Repository/ShopOpen/RemainingCategories/StockTaking'

2019-04-23 15:30:45 - [MESSAGE][WARNING] - Timeout '0' is invalid. Using default page load timeout: '6'

2019-04-23 15:30:46 - [MESSAGE][PASSED] - Tapped on element 'Object Repository/ShopOpen/RemainingCategories/StockTaking'

2019-04-23 15:30:46 - [TEST_STEP][PASSED] - verifyElementText(findTestObject("ShopOpen/RemainingCategories/Validate_StockTakingScreen", ["package":PACKAGENAME]), "Stock Taking"): Actual text and expected text of test object 'Object Repository/ShopOpen/RemainingCategories/Validate_StockTakingScreen' are matched.

2019-04-23 15:30:47 - [MESSAGE][PASSED] - Actual text and expected text of test object 'Object Repository/ShopOpen/RemainingCategories/Validate_StockTakingScreen' are matched.

2019-04-23 15:30:47 - [TEST_STEP][PASSED] - com.ct.qa.keywords.ChannelProductsDataKeywords.visitChannelWiseProductsData(CHANNEL_DSA_STOCKTAKING, "Stock Taking"): com.ct.qa.keywords.ChannelProductsDataKeywords.visitChannelWiseProductsData is PASSED

2019-04-23 15:30:51 - [MESSAGE][PASSED] - Keyboard is hidden

2019-04-23 15:30:54 - [MESSAGE][PASSED] - Keyboard is hidden

2019-04-23 15:30:57 - [MESSAGE][PASSED] - Keyboard is hidden

2019-04-23 15:31:00 - [MESSAGE][PASSED] - Keyboard is hidden

2019-04-23 15:31:03 - [MESSAGE][PASSED] - Keyboard is hidden

2019-04-23 15:31:06 - [MESSAGE][PASSED] - Keyboard is hidden

2019-04-23 15:31:09 - [MESSAGE][PASSED] - Swiped from 25,359 to 25,250

2019-04-23 15:31:10 - [MESSAGE][PASSED] - com.ct.qa.keywords.ChannelProductsDataKeywords.visitChannelWiseProductsData is PASSED

2019-04-23 15:31:10 - [TEST_STEP][PASSED] - tap(findTestObject("ShopOpen/RemainingCategories/SubmitButton", ["package":PACKAGENAME]), 0): Tapped on element 'Object Repository/ShopOpen/RemainingCategories/SubmitButton'

2019-04-23 15:31:10 - [MESSAGE][WARNING] - Timeout '0' is invalid. Using default page load timeout: '6'

2019-04-23 15:31:11 - [MESSAGE][PASSED] - Tapped on element 'Object Repository/ShopOpen/RemainingCategories/SubmitButton'

2019-04-23 15:31:11 - [TEST_STEP][PASSED] - verifyElementText(findTestObject("ShopOpen/RemainingCategories/Validate_ProductCategoryAssetScreen", ["package":PACKAGENAME]), "Facing"): Actual text and expected text of test object 'Object Repository/ShopOpen/RemainingCategories/Validate_ProductCategoryAssetScreen' are matched.

2019-04-23 15:31:11 - [MESSAGE][PASSED] - Actual text and expected text of test object 'Object Repository/ShopOpen/RemainingCategories/Validate_ProductCategoryAssetScreen' are matched.

2019-04-23 15:31:11 - [TEST_STEP][PASSED] - com.ct.qa.keywords.CommonKeywords.visitPlanogramImageViewButton(): com.ct.qa.keywords.CommonKeywords.visitPlanogramImageViewButton is PASSED

2019-04-23 15:31:14 - [MESSAGE][WARNING] - Timeout '0' is invalid. Using default page load timeout: '6'

2019-04-23 15:31:21 - [MESSAGE][WARNING] - Object Object Repository/CommonScreenElements/InfoPopUp_OKButton not found
[[ATTACHMENT|F:\\Git Projects\\MMAPlus_Merchandising\\MMAPlus_Merchandising\\Reports\\MMA Plus Merchandising Data Verification\\20190423_151839\\1556015480031.png]]

2019-04-23 15:31:21 - [MESSAGE][PASSED] - com.ct.qa.keywords.CommonKeywords.visitPlanogramImageViewButton is PASSED

2019-04-23 15:31:21 - [TEST_STEP][PASSED] - verifyElementText(findTestObject("ShopOpen/RemainingCategories/Validate_ProductCategoryAssetScreen", ["package":PACKAGENAME]), "Facing"): Actual text and expected text of test object 'Object Repository/ShopOpen/RemainingCategories/Validate_ProductCategoryAssetScreen' are matched.

2019-04-23 15:31:22 - [MESSAGE][PASSED] - Actual text and expected text of test object 'Object Repository/ShopOpen/RemainingCategories/Validate_ProductCategoryAssetScreen' are matched.

2019-04-23 15:31:22 - [TEST_STEP][PASSED] - com.ct.qa.keywords.CommonKeywords.visitPictureImageViewButton(): com.ct.qa.keywords.CommonKeywords.visitPictureImageViewButton is PASSED

2019-04-23 15:31:25 - [MESSAGE][WARNING] - Timeout '0' is invalid. Using default page load timeout: '6'

2019-04-23 15:31:26 - [MESSAGE][PASSED] - Element 'Object Repository/CommonScreenElements/Validate_CameraScreen' is exist

2019-04-23 15:31:26 - [MESSAGE][WARNING] - Timeout '0' is invalid. Using default page load timeout: '6'

2019-04-23 15:31:29 - [MESSAGE][PASSED] - Tapped on element 'Object Repository/CommonScreenElements/Camera_TakePictureButton'

2019-04-23 15:31:34 - [MESSAGE][PASSED] - Delayed 5 second(s)

2019-04-23 15:31:34 - [MESSAGE][WARNING] - Timeout '0' is invalid. Using default page load timeout: '6'

2019-04-23 15:31:35 - [MESSAGE][PASSED] - Tapped on element 'Object Repository/CommonScreenElements/Camera_DoneButton'

2019-04-23 15:31:35 - [MESSAGE][PASSED] - com.ct.qa.keywords.CommonKeywords.visitPictureImageViewButton is PASSED

2019-04-23 15:31:35 - [TEST_STEP][PASSED] - verifyElementText(findTestObject("ShopOpen/RemainingCategories/Validate_ProductCategoryAssetScreen", ["package":PACKAGENAME]), "Facing"): Actual text and expected text of test object 'Object Repository/ShopOpen/RemainingCategories/Validate_ProductCategoryAssetScreen' are matched.

2019-04-23 15:31:35 - [MESSAGE][PASSED] - Actual text and expected text of test object 'Object Repository/ShopOpen/RemainingCategories/Validate_ProductCategoryAssetScreen' are matched.

2019-04-23 15:31:35 - [TEST_STEP][PASSED] - com.ct.qa.keywords.CommonKeywords.visitBackImageViewButton(): com.ct.qa.keywords.CommonKeywords.visitBackImageViewButton is PASSED

2019-04-23 15:31:36 - [MESSAGE][PASSED] - com.ct.qa.keywords.CommonKeywords.visitBackImageViewButton is PASSED

2019-04-23 15:31:36 - [TEST_STEP][PASSED] - verifyElementExist(findTestObject("ShopOpen/Validate_ShopCategoriesListScreen", ["package":PACKAGENAME]), 0): Element 'Object Repository/ShopOpen/Validate_ShopCategoriesListScreen' is exist

2019-04-23 15:31:36 - [MESSAGE][WARNING] - Timeout '0' is invalid. Using default page load timeout: '6'

2019-04-23 15:31:39 - [MESSAGE][PASSED] - Element 'Object Repository/ShopOpen/Validate_ShopCategoriesListScreen' is exist

2019-04-23 15:31:39 - [MESSAGE][PASSED] - Call Test Case 'Test Cases/ShopOpen/RemainingCategories/VisitRemainingCategoriesWithDSA' successfully

2019-04-23 15:31:39 - [MESSAGE][WARNING] - Timeout '0' is invalid. Using default page load timeout: '6'

2019-04-23 15:31:47 - [MESSAGE][WARNING] - Element 'Object Repository/CommonScreenElements/Validate_CameraScreen' not found
[[ATTACHMENT|F:\\Git Projects\\MMAPlus_Merchandising\\MMAPlus_Merchandising\\Reports\\MMA Plus Merchandising Data Verification\\20190423_151839\\1556015506461.png]]

2019-04-23 15:31:47 - [MESSAGE][PASSED] - Actual text and expected text of test object 'Object Repository/ShopOpen/RemainingCategories/Validate_MainCategoryDetailScreen' are matched.

2019-04-23 15:31:48 - [TEST_CASE][PASSED] - Test Cases/ShopOpen/RemainingCategories/VisitRemainingCategoriesWithDSA: Test Cases/ShopOpen/RemainingCategories/VisitRemainingCategoriesWithDSA

2019-04-23 15:31:48 - [TEST_STEP][PASSED] - verifyElementText(findTestObject("ShopOpen/RemainingCategories/Validate_ProductCategoryAssetScreen", ["package":PACKAGENAME]), "Facing"): Actual text and expected text of test object 'Object Repository/ShopOpen/RemainingCategories/Validate_ProductCategoryAssetScreen' are matched.

2019-04-23 15:31:50 - [MESSAGE][PASSED] - Actual text and expected text of test object 'Object Repository/ShopOpen/RemainingCategories/Validate_ProductCategoryAssetScreen' are matched.

2019-04-23 15:31:50 - [TEST_STEP][PASSED] - tap(findTestObject("ShopOpen/RemainingCategories/Facing", ["package":PACKAGENAME]), 0): Tapped on element 'Object Repository/ShopOpen/RemainingCategories/Facing'

2019-04-23 15:31:50 - [MESSAGE][WARNING] - Timeout '0' is invalid. Using default page load timeout: '6'

2019-04-23 15:31:51 - [MESSAGE][PASSED] - Tapped on element 'Object Repository/ShopOpen/RemainingCategories/Facing'

2019-04-23 15:31:51 - [TEST_STEP][PASSED] - verifyElementText(findTestObject("ShopOpen/RemainingCategories/Validate_FacingScreen", ["package":PACKAGENAME]), "Facing"): Actual text and expected text of test object 'Object Repository/ShopOpen/RemainingCategories/Validate_FacingScreen' are matched.

2019-04-23 15:31:52 - [MESSAGE][PASSED] - Actual text and expected text of test object 'Object Repository/ShopOpen/RemainingCategories/Validate_FacingScreen' are matched.

2019-04-23 15:31:52 - [TEST_STEP][PASSED] - com.ct.qa.keywords.ChannelProductsDataKeywords.visitChannelWiseProductsData(CHANNEL_DSA_FACING, "Facing"): com.ct.qa.keywords.ChannelProductsDataKeywords.visitChannelWiseProductsData is PASSED

2019-04-23 15:31:56 - [MESSAGE][PASSED] - Keyboard is hidden

2019-04-23 15:31:59 - [MESSAGE][PASSED] - Keyboard is hidden

2019-04-23 15:32:02 - [MESSAGE][PASSED] - Keyboard is hidden

2019-04-23 15:32:05 - [MESSAGE][PASSED] - Keyboard is hidden

2019-04-23 15:32:08 - [MESSAGE][PASSED] - Swiped from 117,359 to 117,250

2019-04-23 15:32:08 - [MESSAGE][PASSED] - com.ct.qa.keywords.ChannelProductsDataKeywords.visitChannelWiseProductsData is PASSED

2019-04-23 15:32:08 - [TEST_STEP][PASSED] - tap(findTestObject("ShopOpen/RemainingCategories/SubmitButton", ["package":PACKAGENAME]), 0): Tapped on element 'Object Repository/ShopOpen/RemainingCategories/SubmitButton'

2019-04-23 15:32:08 - [MESSAGE][WARNING] - Timeout '0' is invalid. Using default page load timeout: '6'

2019-04-23 15:32:09 - [MESSAGE][PASSED] - Tapped on element 'Object Repository/ShopOpen/RemainingCategories/SubmitButton'

2019-04-23 15:32:09 - [TEST_STEP][PASSED] - verifyElementText(findTestObject("ShopOpen/RemainingCategories/Validate_ProductCategoryAssetScreen", ["package":PACKAGENAME]), "Facing"): Actual text and expected text of test object 'Object Repository/ShopOpen/RemainingCategories/Validate_ProductCategoryAssetScreen' are matched.

2019-04-23 15:32:10 - [MESSAGE][PASSED] - Actual text and expected text of test object 'Object Repository/ShopOpen/RemainingCategories/Validate_ProductCategoryAssetScreen' are matched.

2019-04-23 15:32:10 - [TEST_STEP][PASSED] - tap(findTestObject("ShopOpen/RemainingCategories/StockTaking", ["package":PACKAGENAME]), 0): Tapped on element 'Object Repository/ShopOpen/RemainingCategories/StockTaking'

2019-04-23 15:32:10 - [MESSAGE][WARNING] - Timeout '0' is invalid. Using default page load timeout: '6'

2019-04-23 15:32:10 - [MESSAGE][PASSED] - Tapped on element 'Object Repository/ShopOpen/RemainingCategories/StockTaking'

2019-04-23 15:32:10 - [TEST_STEP][PASSED] - verifyElementText(findTestObject("ShopOpen/RemainingCategories/Validate_StockTakingScreen", ["package":PACKAGENAME]), "Stock Taking"): Actual text and expected text of test object 'Object Repository/ShopOpen/RemainingCategories/Validate_StockTakingScreen' are matched.

2019-04-23 15:32:12 - [MESSAGE][PASSED] - Actual text and expected text of test object 'Object Repository/ShopOpen/RemainingCategories/Validate_StockTakingScreen' are matched.

2019-04-23 15:32:12 - [TEST_STEP][PASSED] - com.ct.qa.keywords.ChannelProductsDataKeywords.visitChannelWiseProductsData(CHANNEL_DSA_STOCKTAKING, "Stock Taking"): com.ct.qa.keywords.ChannelProductsDataKeywords.visitChannelWiseProductsData is PASSED

2019-04-23 15:32:15 - [MESSAGE][PASSED] - Keyboard is hidden

2019-04-23 15:32:18 - [MESSAGE][PASSED] - Keyboard is hidden

2019-04-23 15:32:21 - [MESSAGE][PASSED] - Keyboard is hidden

2019-04-23 15:32:24 - [MESSAGE][PASSED] - Keyboard is hidden

2019-04-23 15:32:26 - [MESSAGE][PASSED] - Swiped from 117,359 to 117,250

2019-04-23 15:32:27 - [MESSAGE][PASSED] - com.ct.qa.keywords.ChannelProductsDataKeywords.visitChannelWiseProductsData is PASSED

2019-04-23 15:32:27 - [TEST_STEP][PASSED] - tap(findTestObject("ShopOpen/RemainingCategories/SubmitButton", ["package":PACKAGENAME]), 0): Tapped on element 'Object Repository/ShopOpen/RemainingCategories/SubmitButton'

2019-04-23 15:32:27 - [MESSAGE][WARNING] - Timeout '0' is invalid. Using default page load timeout: '6'

2019-04-23 15:32:27 - [MESSAGE][PASSED] - Tapped on element 'Object Repository/ShopOpen/RemainingCategories/SubmitButton'

2019-04-23 15:32:27 - [TEST_STEP][PASSED] - verifyElementText(findTestObject("ShopOpen/RemainingCategories/Validate_ProductCategoryAssetScreen", ["package":PACKAGENAME]), "Facing"): Actual text and expected text of test object 'Object Repository/ShopOpen/RemainingCategories/Validate_ProductCategoryAssetScreen' are matched.

2019-04-23 15:32:28 - [MESSAGE][PASSED] - Actual text and expected text of test object 'Object Repository/ShopOpen/RemainingCategories/Validate_ProductCategoryAssetScreen' are matched.

2019-04-23 15:32:28 - [TEST_STEP][PASSED] - com.ct.qa.keywords.CommonKeywords.visitPlanogramImageViewButton(): com.ct.qa.keywords.CommonKeywords.visitPlanogramImageViewButton is PASSED

2019-04-23 15:32:30 - [MESSAGE][WARNING] - Timeout '0' is invalid. Using default page load timeout: '6'

2019-04-23 15:32:38 - [MESSAGE][WARNING] - Object Object Repository/CommonScreenElements/InfoPopUp_OKButton not found
[[ATTACHMENT|F:\\Git Projects\\MMAPlus_Merchandising\\MMAPlus_Merchandising\\Reports\\MMA Plus Merchandising Data Verification\\20190423_151839\\1556015556869.png]]

2019-04-23 15:32:38 - [MESSAGE][PASSED] - com.ct.qa.keywords.CommonKeywords.visitPlanogramImageViewButton is PASSED

2019-04-23 15:32:38 - [TEST_STEP][PASSED] - verifyElementText(findTestObject("ShopOpen/RemainingCategories/Validate_ProductCategoryAssetScreen", ["package":PACKAGENAME]), "Facing"): Actual text and expected text of test object 'Object Repository/ShopOpen/RemainingCategories/Validate_ProductCategoryAssetScreen' are matched.

2019-04-23 15:32:39 - [MESSAGE][PASSED] - Actual text and expected text of test object 'Object Repository/ShopOpen/RemainingCategories/Validate_ProductCategoryAssetScreen' are matched.

2019-04-23 15:32:39 - [TEST_STEP][PASSED] - com.ct.qa.keywords.CommonKeywords.visitPictureImageViewButton(): com.ct.qa.keywords.CommonKeywords.visitPictureImageViewButton is PASSED

2019-04-23 15:32:42 - [MESSAGE][WARNING] - Timeout '0' is invalid. Using default page load timeout: '6'

2019-04-23 15:32:43 - [MESSAGE][PASSED] - Element 'Object Repository/CommonScreenElements/Validate_CameraScreen' is exist

2019-04-23 15:32:43 - [MESSAGE][WARNING] - Timeout '0' is invalid. Using default page load timeout: '6'

2019-04-23 15:32:46 - [MESSAGE][PASSED] - Tapped on element 'Object Repository/CommonScreenElements/Camera_TakePictureButton'

2019-04-23 15:32:51 - [MESSAGE][PASSED] - Delayed 5 second(s)

2019-04-23 15:32:51 - [MESSAGE][WARNING] - Timeout '0' is invalid. Using default page load timeout: '6'

2019-04-23 15:32:52 - [MESSAGE][PASSED] - Tapped on element 'Object Repository/CommonScreenElements/Camera_DoneButton'

2019-04-23 15:32:52 - [MESSAGE][PASSED] - com.ct.qa.keywords.CommonKeywords.visitPictureImageViewButton is PASSED

2019-04-23 15:32:52 - [TEST_STEP][PASSED] - verifyElementText(findTestObject("ShopOpen/RemainingCategories/Validate_ProductCategoryAssetScreen", ["package":PACKAGENAME]), "Facing"): Actual text and expected text of test object 'Object Repository/ShopOpen/RemainingCategories/Validate_ProductCategoryAssetScreen' are matched.

2019-04-23 15:32:52 - [MESSAGE][PASSED] - Actual text and expected text of test object 'Object Repository/ShopOpen/RemainingCategories/Validate_ProductCategoryAssetScreen' are matched.

2019-04-23 15:32:52 - [TEST_STEP][PASSED] - com.ct.qa.keywords.CommonKeywords.visitBackImageViewButton(): com.ct.qa.keywords.CommonKeywords.visitBackImageViewButton is PASSED

2019-04-23 15:32:53 - [MESSAGE][PASSED] - com.ct.qa.keywords.CommonKeywords.visitBackImageViewButton is PASSED

2019-04-23 15:32:53 - [TEST_STEP][PASSED] - verifyElementExist(findTestObject("ShopOpen/Validate_ShopCategoriesListScreen", ["package":PACKAGENAME]), 0): Element 'Object Repository/ShopOpen/Validate_ShopCategoriesListScreen' is exist

2019-04-23 15:32:53 - [MESSAGE][WARNING] - Timeout '0' is invalid. Using default page load timeout: '6'

2019-04-23 15:32:55 - [MESSAGE][PASSED] - Element 'Object Repository/ShopOpen/Validate_ShopCategoriesListScreen' is exist

2019-04-23 15:32:55 - [MESSAGE][PASSED] - Call Test Case 'Test Cases/ShopOpen/RemainingCategories/VisitRemainingCategoriesWithDSA' successfully

2019-04-23 15:32:57 - [MESSAGE][WARNING] - Timeout '0' is invalid. Using default page load timeout: '6'

2019-04-23 15:33:04 - [MESSAGE][WARNING] - Element 'Object Repository/CommonScreenElements/Validate_CameraScreen' not found
[[ATTACHMENT|F:\\Git Projects\\MMAPlus_Merchandising\\MMAPlus_Merchandising\\Reports\\MMA Plus Merchandising Data Verification\\20190423_151839\\1556015583563.png]]

2019-04-23 15:33:04 - [MESSAGE][PASSED] - Actual text and expected text of test object 'Object Repository/ShopOpen/RemainingCategories/Validate_MainCategoryDetailScreen' are matched.

2019-04-23 15:33:05 - [TEST_CASE][PASSED] - Test Cases/ShopOpen/RemainingCategories/VisitRemainingCategoriesWithDSA: Test Cases/ShopOpen/RemainingCategories/VisitRemainingCategoriesWithDSA

2019-04-23 15:33:05 - [TEST_STEP][PASSED] - verifyElementText(findTestObject("ShopOpen/RemainingCategories/Validate_ProductCategoryAssetScreen", ["package":PACKAGENAME]), "Facing"): Actual text and expected text of test object 'Object Repository/ShopOpen/RemainingCategories/Validate_ProductCategoryAssetScreen' are matched.

2019-04-23 15:33:07 - [MESSAGE][PASSED] - Actual text and expected text of test object 'Object Repository/ShopOpen/RemainingCategories/Validate_ProductCategoryAssetScreen' are matched.

2019-04-23 15:33:07 - [TEST_STEP][PASSED] - tap(findTestObject("ShopOpen/RemainingCategories/Facing", ["package":PACKAGENAME]), 0): Tapped on element 'Object Repository/ShopOpen/RemainingCategories/Facing'

2019-04-23 15:33:07 - [MESSAGE][WARNING] - Timeout '0' is invalid. Using default page load timeout: '6'

2019-04-23 15:33:07 - [MESSAGE][PASSED] - Tapped on element 'Object Repository/ShopOpen/RemainingCategories/Facing'

2019-04-23 15:33:07 - [TEST_STEP][PASSED] - verifyElementText(findTestObject("ShopOpen/RemainingCategories/Validate_FacingScreen", ["package":PACKAGENAME]), "Facing"): Actual text and expected text of test object 'Object Repository/ShopOpen/RemainingCategories/Validate_FacingScreen' are matched.

2019-04-23 15:33:10 - [MESSAGE][PASSED] - Actual text and expected text of test object 'Object Repository/ShopOpen/RemainingCategories/Validate_FacingScreen' are matched.

2019-04-23 15:33:10 - [TEST_STEP][PASSED] - com.ct.qa.keywords.ChannelProductsDataKeywords.visitChannelWiseProductsData(CHANNEL_DSA_FACING, "Facing"): com.ct.qa.keywords.ChannelProductsDataKeywords.visitChannelWiseProductsData is PASSED

2019-04-23 15:33:13 - [MESSAGE][PASSED] - Keyboard is hidden

2019-04-23 15:33:16 - [MESSAGE][PASSED] - Keyboard is hidden

2019-04-23 15:33:19 - [MESSAGE][PASSED] - Swiped from 113,359 to 113,250

2019-04-23 15:33:19 - [MESSAGE][PASSED] - com.ct.qa.keywords.ChannelProductsDataKeywords.visitChannelWiseProductsData is PASSED

2019-04-23 15:33:19 - [TEST_STEP][PASSED] - tap(findTestObject("ShopOpen/RemainingCategories/SubmitButton", ["package":PACKAGENAME]), 0): Tapped on element 'Object Repository/ShopOpen/RemainingCategories/SubmitButton'

2019-04-23 15:33:19 - [MESSAGE][WARNING] - Timeout '0' is invalid. Using default page load timeout: '6'

2019-04-23 15:33:20 - [MESSAGE][PASSED] - Tapped on element 'Object Repository/ShopOpen/RemainingCategories/SubmitButton'

2019-04-23 15:33:20 - [TEST_STEP][PASSED] - verifyElementText(findTestObject("ShopOpen/RemainingCategories/Validate_ProductCategoryAssetScreen", ["package":PACKAGENAME]), "Facing"): Actual text and expected text of test object 'Object Repository/ShopOpen/RemainingCategories/Validate_ProductCategoryAssetScreen' are matched.

2019-04-23 15:33:20 - [MESSAGE][PASSED] - Actual text and expected text of test object 'Object Repository/ShopOpen/RemainingCategories/Validate_ProductCategoryAssetScreen' are matched.

2019-04-23 15:33:20 - [TEST_STEP][PASSED] - tap(findTestObject("ShopOpen/RemainingCategories/StockTaking", ["package":PACKAGENAME]), 0): Tapped on element 'Object Repository/ShopOpen/RemainingCategories/StockTaking'

2019-04-23 15:33:20 - [MESSAGE][WARNING] - Timeout '0' is invalid. Using default page load timeout: '6'

2019-04-23 15:33:21 - [MESSAGE][PASSED] - Tapped on element 'Object Repository/ShopOpen/RemainingCategories/StockTaking'

2019-04-23 15:33:21 - [TEST_STEP][PASSED] - verifyElementText(findTestObject("ShopOpen/RemainingCategories/Validate_StockTakingScreen", ["package":PACKAGENAME]), "Stock Taking"): Actual text and expected text of test object 'Object Repository/ShopOpen/RemainingCategories/Validate_StockTakingScreen' are matched.

2019-04-23 15:33:23 - [MESSAGE][PASSED] - Actual text and expected text of test object 'Object Repository/ShopOpen/RemainingCategories/Validate_StockTakingScreen' are matched.

2019-04-23 15:33:23 - [TEST_STEP][PASSED] - com.ct.qa.keywords.ChannelProductsDataKeywords.visitChannelWiseProductsData(CHANNEL_DSA_STOCKTAKING, "Stock Taking"): com.ct.qa.keywords.ChannelProductsDataKeywords.visitChannelWiseProductsData is PASSED

2019-04-23 15:33:26 - [MESSAGE][PASSED] - Keyboard is hidden

2019-04-23 15:33:29 - [MESSAGE][PASSED] - Keyboard is hidden

2019-04-23 15:33:31 - [MESSAGE][PASSED] - Swiped from 113,359 to 113,250

2019-04-23 15:33:31 - [MESSAGE][PASSED] - com.ct.qa.keywords.ChannelProductsDataKeywords.visitChannelWiseProductsData is PASSED

2019-04-23 15:33:31 - [TEST_STEP][PASSED] - tap(findTestObject("ShopOpen/RemainingCategories/SubmitButton", ["package":PACKAGENAME]), 0): Tapped on element 'Object Repository/ShopOpen/RemainingCategories/SubmitButton'

2019-04-23 15:33:31 - [MESSAGE][WARNING] - Timeout '0' is invalid. Using default page load timeout: '6'

2019-04-23 15:33:32 - [MESSAGE][PASSED] - Tapped on element 'Object Repository/ShopOpen/RemainingCategories/SubmitButton'

2019-04-23 15:33:32 - [TEST_STEP][PASSED] - verifyElementText(findTestObject("ShopOpen/RemainingCategories/Validate_ProductCategoryAssetScreen", ["package":PACKAGENAME]), "Facing"): Actual text and expected text of test object 'Object Repository/ShopOpen/RemainingCategories/Validate_ProductCategoryAssetScreen' are matched.

2019-04-23 15:33:33 - [MESSAGE][PASSED] - Actual text and expected text of test object 'Object Repository/ShopOpen/RemainingCategories/Validate_ProductCategoryAssetScreen' are matched.

2019-04-23 15:33:33 - [TEST_STEP][PASSED] - com.ct.qa.keywords.CommonKeywords.visitPlanogramImageViewButton(): com.ct.qa.keywords.CommonKeywords.visitPlanogramImageViewButton is PASSED

2019-04-23 15:33:35 - [MESSAGE][WARNING] - Timeout '0' is invalid. Using default page load timeout: '6'

2019-04-23 15:33:42 - [MESSAGE][WARNING] - Object Object Repository/CommonScreenElements/InfoPopUp_OKButton not found
[[ATTACHMENT|F:\\Git Projects\\MMAPlus_Merchandising\\MMAPlus_Merchandising\\Reports\\MMA Plus Merchandising Data Verification\\20190423_151839\\1556015621305.png]]

2019-04-23 15:33:42 - [MESSAGE][PASSED] - com.ct.qa.keywords.CommonKeywords.visitPlanogramImageViewButton is PASSED

2019-04-23 15:33:42 - [TEST_STEP][PASSED] - verifyElementText(findTestObject("ShopOpen/RemainingCategories/Validate_ProductCategoryAssetScreen", ["package":PACKAGENAME]), "Facing"): Actual text and expected text of test object 'Object Repository/ShopOpen/RemainingCategories/Validate_ProductCategoryAssetScreen' are matched.

2019-04-23 15:33:43 - [MESSAGE][PASSED] - Actual text and expected text of test object 'Object Repository/ShopOpen/RemainingCategories/Validate_ProductCategoryAssetScreen' are matched.

2019-04-23 15:33:43 - [TEST_STEP][PASSED] - com.ct.qa.keywords.CommonKeywords.visitPictureImageViewButton(): com.ct.qa.keywords.CommonKeywords.visitPictureImageViewButton is PASSED

2019-04-23 15:33:44 - [MESSAGE][WARNING] - Timeout '0' is invalid. Using default page load timeout: '6'

2019-04-23 15:33:47 - [MESSAGE][PASSED] - Element 'Object Repository/CommonScreenElements/Validate_CameraScreen' is exist

2019-04-23 15:33:47 - [MESSAGE][WARNING] - Timeout '0' is invalid. Using default page load timeout: '6'

2019-04-23 15:33:50 - [MESSAGE][PASSED] - Tapped on element 'Object Repository/CommonScreenElements/Camera_TakePictureButton'

2019-04-23 15:33:55 - [MESSAGE][PASSED] - Delayed 5 second(s)

2019-04-23 15:33:55 - [MESSAGE][WARNING] - Timeout '0' is invalid. Using default page load timeout: '6'

2019-04-23 15:33:56 - [MESSAGE][PASSED] - Tapped on element 'Object Repository/CommonScreenElements/Camera_DoneButton'

2019-04-23 15:33:56 - [MESSAGE][PASSED] - com.ct.qa.keywords.CommonKeywords.visitPictureImageViewButton is PASSED

2019-04-23 15:33:56 - [TEST_STEP][PASSED] - verifyElementText(findTestObject("ShopOpen/RemainingCategories/Validate_ProductCategoryAssetScreen", ["package":PACKAGENAME]), "Facing"): Actual text and expected text of test object 'Object Repository/ShopOpen/RemainingCategories/Validate_ProductCategoryAssetScreen' are matched.

2019-04-23 15:33:56 - [MESSAGE][PASSED] - Actual text and expected text of test object 'Object Repository/ShopOpen/RemainingCategories/Validate_ProductCategoryAssetScreen' are matched.

2019-04-23 15:33:56 - [TEST_STEP][PASSED] - com.ct.qa.keywords.CommonKeywords.visitBackImageViewButton(): com.ct.qa.keywords.CommonKeywords.visitBackImageViewButton is PASSED

2019-04-23 15:33:58 - [MESSAGE][PASSED] - com.ct.qa.keywords.CommonKeywords.visitBackImageViewButton is PASSED

2019-04-23 15:33:58 - [TEST_STEP][PASSED] - verifyElementExist(findTestObject("ShopOpen/Validate_ShopCategoriesListScreen", ["package":PACKAGENAME]), 0): Element 'Object Repository/ShopOpen/Validate_ShopCategoriesListScreen' is exist

2019-04-23 15:33:58 - [MESSAGE][WARNING] - Timeout '0' is invalid. Using default page load timeout: '6'

2019-04-23 15:33:59 - [MESSAGE][PASSED] - Element 'Object Repository/ShopOpen/Validate_ShopCategoriesListScreen' is exist

2019-04-23 15:33:59 - [MESSAGE][PASSED] - Call Test Case 'Test Cases/ShopOpen/RemainingCategories/VisitRemainingCategoriesWithDSA' successfully

2019-04-23 15:34:00 - [MESSAGE][PASSED] - Swiped from 0,240 to 0,200

2019-04-23 15:34:00 - [MESSAGE][WARNING] - Timeout '0' is invalid. Using default page load timeout: '6'

2019-04-23 15:34:07 - [MESSAGE][WARNING] - Element 'Object Repository/CommonScreenElements/Validate_CameraScreen' not found
[[ATTACHMENT|F:\\Git Projects\\MMAPlus_Merchandising\\MMAPlus_Merchandising\\Reports\\MMA Plus Merchandising Data Verification\\20190423_151839\\1556015646846.png]]

2019-04-23 15:34:08 - [MESSAGE][PASSED] - Actual text and expected text of test object 'Object Repository/ShopOpen/RemainingCategories/Validate_MainCategoryDetailScreen' are matched.

2019-04-23 15:34:09 - [TEST_CASE][PASSED] - Test Cases/ShopOpen/RemainingCategories/VisitRemainingCategoriesWithDSA: Test Cases/ShopOpen/RemainingCategories/VisitRemainingCategoriesWithDSA

2019-04-23 15:34:09 - [TEST_STEP][PASSED] - verifyElementText(findTestObject("ShopOpen/RemainingCategories/Validate_ProductCategoryAssetScreen", ["package":PACKAGENAME]), "Facing"): Actual text and expected text of test object 'Object Repository/ShopOpen/RemainingCategories/Validate_ProductCategoryAssetScreen' are matched.

2019-04-23 15:34:11 - [MESSAGE][PASSED] - Actual text and expected text of test object 'Object Repository/ShopOpen/RemainingCategories/Validate_ProductCategoryAssetScreen' are matched.

2019-04-23 15:34:11 - [TEST_STEP][PASSED] - tap(findTestObject("ShopOpen/RemainingCategories/Facing", ["package":PACKAGENAME]), 0): Tapped on element 'Object Repository/ShopOpen/RemainingCategories/Facing'

2019-04-23 15:34:11 - [MESSAGE][WARNING] - Timeout '0' is invalid. Using default page load timeout: '6'

2019-04-23 15:34:11 - [MESSAGE][PASSED] - Tapped on element 'Object Repository/ShopOpen/RemainingCategories/Facing'

2019-04-23 15:34:11 - [TEST_STEP][PASSED] - verifyElementText(findTestObject("ShopOpen/RemainingCategories/Validate_FacingScreen", ["package":PACKAGENAME]), "Facing"): Actual text and expected text of test object 'Object Repository/ShopOpen/RemainingCategories/Validate_FacingScreen' are matched.

2019-04-23 15:34:14 - [MESSAGE][PASSED] - Actual text and expected text of test object 'Object Repository/ShopOpen/RemainingCategories/Validate_FacingScreen' are matched.

2019-04-23 15:34:14 - [TEST_STEP][PASSED] - com.ct.qa.keywords.ChannelProductsDataKeywords.visitChannelWiseProductsData(CHANNEL_DSA_FACING, "Facing"): com.ct.qa.keywords.ChannelProductsDataKeywords.visitChannelWiseProductsData is PASSED

2019-04-23 15:34:18 - [MESSAGE][PASSED] - Keyboard is hidden

2019-04-23 15:34:21 - [MESSAGE][PASSED] - Keyboard is hidden

2019-04-23 15:34:24 - [MESSAGE][PASSED] - Keyboard is hidden

2019-04-23 15:34:27 - [MESSAGE][PASSED] - Keyboard is hidden

2019-04-23 15:34:30 - [MESSAGE][PASSED] - Keyboard is hidden

2019-04-23 15:34:33 - [MESSAGE][PASSED] - Keyboard is hidden

2019-04-23 15:34:35 - [MESSAGE][PASSED] - Swiped from 78,359 to 78,250

2019-04-23 15:34:40 - [MESSAGE][PASSED] - Keyboard is hidden

2019-04-23 15:34:43 - [MESSAGE][PASSED] - Swiped from 78,359 to 78,250

2019-04-23 15:34:47 - [MESSAGE][PASSED] - Keyboard is hidden

2019-04-23 15:34:50 - [MESSAGE][PASSED] - Swiped from 78,359 to 78,250

2019-04-23 15:34:54 - [MESSAGE][PASSED] - Keyboard is hidden

2019-04-23 15:34:56 - [MESSAGE][PASSED] - Swiped from 78,359 to 78,250

2019-04-23 15:34:58 - [MESSAGE][PASSED] - com.ct.qa.keywords.ChannelProductsDataKeywords.visitChannelWiseProductsData is PASSED

2019-04-23 15:34:58 - [TEST_STEP][PASSED] - tap(findTestObject("ShopOpen/RemainingCategories/SubmitButton", ["package":PACKAGENAME]), 0): Tapped on element 'Object Repository/ShopOpen/RemainingCategories/SubmitButton'

2019-04-23 15:34:58 - [MESSAGE][WARNING] - Timeout '0' is invalid. Using default page load timeout: '6'

2019-04-23 15:34:59 - [MESSAGE][PASSED] - Tapped on element 'Object Repository/ShopOpen/RemainingCategories/SubmitButton'

2019-04-23 15:34:59 - [TEST_STEP][PASSED] - verifyElementText(findTestObject("ShopOpen/RemainingCategories/Validate_ProductCategoryAssetScreen", ["package":PACKAGENAME]), "Facing"): Actual text and expected text of test object 'Object Repository/ShopOpen/RemainingCategories/Validate_ProductCategoryAssetScreen' are matched.

2019-04-23 15:34:59 - [MESSAGE][PASSED] - Actual text and expected text of test object 'Object Repository/ShopOpen/RemainingCategories/Validate_ProductCategoryAssetScreen' are matched.

2019-04-23 15:34:59 - [TEST_STEP][PASSED] - tap(findTestObject("ShopOpen/RemainingCategories/StockTaking", ["package":PACKAGENAME]), 0): Tapped on element 'Object Repository/ShopOpen/RemainingCategories/StockTaking'

2019-04-23 15:34:59 - [MESSAGE][WARNING] - Timeout '0' is invalid. Using default page load timeout: '6'

2019-04-23 15:35:00 - [MESSAGE][PASSED] - Tapped on element 'Object Repository/ShopOpen/RemainingCategories/StockTaking'

2019-04-23 15:35:00 - [TEST_STEP][PASSED] - verifyElementText(findTestObject("ShopOpen/RemainingCategories/Validate_StockTakingScreen", ["package":PACKAGENAME]), "Stock Taking"): Actual text and expected text of test object 'Object Repository/ShopOpen/RemainingCategories/Validate_StockTakingScreen' are matched.

2019-04-23 15:35:02 - [MESSAGE][PASSED] - Actual text and expected text of test object 'Object Repository/ShopOpen/RemainingCategories/Validate_StockTakingScreen' are matched.

2019-04-23 15:35:02 - [TEST_STEP][PASSED] - com.ct.qa.keywords.ChannelProductsDataKeywords.visitChannelWiseProductsData(CHANNEL_DSA_STOCKTAKING, "Stock Taking"): com.ct.qa.keywords.ChannelProductsDataKeywords.visitChannelWiseProductsData is PASSED

2019-04-23 15:35:06 - [MESSAGE][PASSED] - Keyboard is hidden

2019-04-23 15:35:09 - [MESSAGE][PASSED] - Keyboard is hidden

2019-04-23 15:35:12 - [MESSAGE][PASSED] - Keyboard is hidden

2019-04-23 15:35:15 - [MESSAGE][PASSED] - Keyboard is hidden

2019-04-23 15:35:18 - [MESSAGE][PASSED] - Keyboard is hidden

2019-04-23 15:35:21 - [MESSAGE][PASSED] - Keyboard is hidden

2019-04-23 15:35:24 - [MESSAGE][PASSED] - Swiped from 78,359 to 78,250

2019-04-23 15:35:28 - [MESSAGE][PASSED] - Keyboard is hidden

2019-04-23 15:35:31 - [MESSAGE][PASSED] - Swiped from 78,359 to 78,250

2019-04-23 15:35:35 - [MESSAGE][PASSED] - Keyboard is hidden

2019-04-23 15:35:37 - [MESSAGE][PASSED] - Swiped from 78,359 to 78,250

2019-04-23 15:35:41 - [MESSAGE][PASSED] - Keyboard is hidden

2019-04-23 15:35:44 - [MESSAGE][PASSED] - Swiped from 78,359 to 78,250

2019-04-23 15:35:45 - [MESSAGE][PASSED] - com.ct.qa.keywords.ChannelProductsDataKeywords.visitChannelWiseProductsData is PASSED

2019-04-23 15:35:45 - [TEST_STEP][PASSED] - tap(findTestObject("ShopOpen/RemainingCategories/SubmitButton", ["package":PACKAGENAME]), 0): Tapped on element 'Object Repository/ShopOpen/RemainingCategories/SubmitButton'

2019-04-23 15:35:45 - [MESSAGE][WARNING] - Timeout '0' is invalid. Using default page load timeout: '6'

2019-04-23 15:35:46 - [MESSAGE][PASSED] - Tapped on element 'Object Repository/ShopOpen/RemainingCategories/SubmitButton'

2019-04-23 15:35:46 - [TEST_STEP][PASSED] - verifyElementText(findTestObject("ShopOpen/RemainingCategories/Validate_ProductCategoryAssetScreen", ["package":PACKAGENAME]), "Facing"): Actual text and expected text of test object 'Object Repository/ShopOpen/RemainingCategories/Validate_ProductCategoryAssetScreen' are matched.

2019-04-23 15:35:47 - [MESSAGE][PASSED] - Actual text and expected text of test object 'Object Repository/ShopOpen/RemainingCategories/Validate_ProductCategoryAssetScreen' are matched.

2019-04-23 15:35:47 - [TEST_STEP][PASSED] - com.ct.qa.keywords.CommonKeywords.visitPlanogramImageViewButton(): com.ct.qa.keywords.CommonKeywords.visitPlanogramImageViewButton is PASSED

2019-04-23 15:35:48 - [MESSAGE][WARNING] - Timeout '0' is invalid. Using default page load timeout: '6'

2019-04-23 15:35:56 - [MESSAGE][WARNING] - Object Object Repository/CommonScreenElements/InfoPopUp_OKButton not found
[[ATTACHMENT|F:\\Git Projects\\MMAPlus_Merchandising\\MMAPlus_Merchandising\\Reports\\MMA Plus Merchandising Data Verification\\20190423_151839\\1556015755022.png]]

2019-04-23 15:35:56 - [MESSAGE][PASSED] - com.ct.qa.keywords.CommonKeywords.visitPlanogramImageViewButton is PASSED

2019-04-23 15:35:56 - [TEST_STEP][PASSED] - verifyElementText(findTestObject("ShopOpen/RemainingCategories/Validate_ProductCategoryAssetScreen", ["package":PACKAGENAME]), "Facing"): Actual text and expected text of test object 'Object Repository/ShopOpen/RemainingCategories/Validate_ProductCategoryAssetScreen' are matched.

2019-04-23 15:35:57 - [MESSAGE][PASSED] - Actual text and expected text of test object 'Object Repository/ShopOpen/RemainingCategories/Validate_ProductCategoryAssetScreen' are matched.

2019-04-23 15:35:57 - [TEST_STEP][PASSED] - com.ct.qa.keywords.CommonKeywords.visitPictureImageViewButton(): com.ct.qa.keywords.CommonKeywords.visitPictureImageViewButton is PASSED

2019-04-23 15:35:59 - [MESSAGE][WARNING] - Timeout '0' is invalid. Using default page load timeout: '6'

2019-04-23 15:36:01 - [MESSAGE][PASSED] - Element 'Object Repository/CommonScreenElements/Validate_CameraScreen' is exist

2019-04-23 15:36:01 - [MESSAGE][WARNING] - Timeout '0' is invalid. Using default page load timeout: '6'

2019-04-23 15:36:04 - [MESSAGE][PASSED] - Tapped on element 'Object Repository/CommonScreenElements/Camera_TakePictureButton'

2019-04-23 15:36:09 - [MESSAGE][PASSED] - Delayed 5 second(s)

2019-04-23 15:36:09 - [MESSAGE][WARNING] - Timeout '0' is invalid. Using default page load timeout: '6'

2019-04-23 15:36:10 - [MESSAGE][PASSED] - Tapped on element 'Object Repository/CommonScreenElements/Camera_DoneButton'

2019-04-23 15:36:10 - [MESSAGE][PASSED] - com.ct.qa.keywords.CommonKeywords.visitPictureImageViewButton is PASSED

2019-04-23 15:36:10 - [TEST_STEP][PASSED] - verifyElementText(findTestObject("ShopOpen/RemainingCategories/Validate_ProductCategoryAssetScreen", ["package":PACKAGENAME]), "Facing"): Actual text and expected text of test object 'Object Repository/ShopOpen/RemainingCategories/Validate_ProductCategoryAssetScreen' are matched.

2019-04-23 15:36:10 - [MESSAGE][PASSED] - Actual text and expected text of test object 'Object Repository/ShopOpen/RemainingCategories/Validate_ProductCategoryAssetScreen' are matched.

2019-04-23 15:36:10 - [TEST_STEP][PASSED] - com.ct.qa.keywords.CommonKeywords.visitBackImageViewButton(): com.ct.qa.keywords.CommonKeywords.visitBackImageViewButton is PASSED

2019-04-23 15:36:11 - [MESSAGE][PASSED] - com.ct.qa.keywords.CommonKeywords.visitBackImageViewButton is PASSED

2019-04-23 15:36:11 - [TEST_STEP][PASSED] - verifyElementExist(findTestObject("ShopOpen/Validate_ShopCategoriesListScreen", ["package":PACKAGENAME]), 0): Element 'Object Repository/ShopOpen/Validate_ShopCategoriesListScreen' is exist

2019-04-23 15:36:11 - [MESSAGE][WARNING] - Timeout '0' is invalid. Using default page load timeout: '6'

2019-04-23 15:36:14 - [MESSAGE][PASSED] - Element 'Object Repository/ShopOpen/Validate_ShopCategoriesListScreen' is exist

2019-04-23 15:36:14 - [MESSAGE][PASSED] - Call Test Case 'Test Cases/ShopOpen/RemainingCategories/VisitRemainingCategoriesWithDSA' successfully

2019-04-23 15:36:15 - [MESSAGE][PASSED] - Swiped from 0,240 to 0,200

2019-04-23 15:36:16 - [MESSAGE][PASSED] - Swiped from 0,293 to 0,200

2019-04-23 15:36:18 - [MESSAGE][PASSED] - Swiped from 0,200 to 0,750

2019-04-23 15:36:19 - [MESSAGE][PASSED] - Swiped from 0,200 to 0,750

2019-04-23 15:36:20 - [MESSAGE][PASSED] - Swiped from 0,240 to 0,200

2019-04-23 15:36:20 - [MESSAGE][PASSED] - Swiped from 0,293 to 0,200

2019-04-23 15:36:24 - [MESSAGE][PASSED] - Swiped from 0,293 to 0,200

2019-04-23 15:36:26 - [TEST_CASE][PASSED] - Test Cases/ShopOpen/RTMVisitFrequency/VisitRTMVisitFrequency: Test Cases/ShopOpen/RTMVisitFrequency/VisitRTMVisitFrequency

2019-04-23 15:36:26 - [TEST_STEP][PASSED] - verifyElementText(findTestObject("ShopOpen/RTMVisitFrequency/Validate_RTMVisitFrequencyScreen", ["package":PACKAGENAME]), "Options"): Actual text and expected text of test object 'Object Repository/ShopOpen/RTMVisitFrequency/Validate_RTMVisitFrequencyScreen' are matched.

2019-04-23 15:36:28 - [MESSAGE][PASSED] - Actual text and expected text of test object 'Object Repository/ShopOpen/RTMVisitFrequency/Validate_RTMVisitFrequencyScreen' are matched.

2019-04-23 15:36:28 - [TEST_STEP][PASSED] - com.ct.qa.keywords.RTMVisitFrequencyKeywords.visitRTMVisitFrequency(): com.ct.qa.keywords.RTMVisitFrequencyKeywords.visitRTMVisitFrequency is PASSED

2019-04-23 15:36:29 - [MESSAGE][WARNING] - Timeout '0' is invalid. Using default page load timeout: '6'

2019-04-23 15:36:30 - [MESSAGE][PASSED] - Element 'Object Repository/ShopOpen/RTMVisitFrequency/Validate_RTMVisitFrequencyRemarks' is exist

2019-04-23 15:36:32 - [MESSAGE][PASSED] - Actual text and expected text of test object 'Object Repository/ShopOpen/RTMVisitFrequency/Validate_RTMVisitFrequencyScreen' are matched.

2019-04-23 15:36:33 - [MESSAGE][WARNING] - Timeout '0' is invalid. Using default page load timeout: '6'

2019-04-23 15:36:34 - [MESSAGE][PASSED] - Element 'Object Repository/ShopOpen/RTMVisitFrequency/Validate_RTMVisitFrequencyRemarks' is exist

2019-04-23 15:36:36 - [MESSAGE][PASSED] - Actual text and expected text of test object 'Object Repository/ShopOpen/RTMVisitFrequency/Validate_RTMVisitFrequencyScreen' are matched.

2019-04-23 15:36:36 - [MESSAGE][WARNING] - Timeout '0' is invalid. Using default page load timeout: '6'

2019-04-23 15:36:38 - [MESSAGE][PASSED] - Element 'Object Repository/ShopOpen/RTMVisitFrequency/Validate_RTMVisitFrequencyRemarks' is exist

2019-04-23 15:36:40 - [MESSAGE][PASSED] - Actual text and expected text of test object 'Object Repository/ShopOpen/RTMVisitFrequency/Validate_RTMVisitFrequencyScreen' are matched.

2019-04-23 15:36:41 - [MESSAGE][WARNING] - Timeout '0' is invalid. Using default page load timeout: '6'

2019-04-23 15:36:42 - [MESSAGE][PASSED] - Element 'Object Repository/ShopOpen/RTMVisitFrequency/Validate_RTMVisitFrequencyRemarks' is exist

2019-04-23 15:36:44 - [MESSAGE][PASSED] - Actual text and expected text of test object 'Object Repository/ShopOpen/RTMVisitFrequency/Validate_RTMVisitFrequencyScreen' are matched.

2019-04-23 15:36:44 - [MESSAGE][PASSED] - com.ct.qa.keywords.RTMVisitFrequencyKeywords.visitRTMVisitFrequency is PASSED

2019-04-23 15:36:44 - [TEST_STEP][PASSED] - tap(findTestObject("ShopOpen/RTMVisitFrequency/BackButton", ["package":PACKAGENAME]), 0): Tapped on element 'Object Repository/ShopOpen/RTMVisitFrequency/BackButton'

2019-04-23 15:36:44 - [MESSAGE][WARNING] - Timeout '0' is invalid. Using default page load timeout: '6'

2019-04-23 15:36:44 - [MESSAGE][PASSED] - Tapped on element 'Object Repository/ShopOpen/RTMVisitFrequency/BackButton'

2019-04-23 15:36:44 - [TEST_STEP][PASSED] - verifyElementExist(findTestObject("ShopOpen/Validate_ShopCategoriesListScreen", ["package":PACKAGENAME]), 0): Element 'Object Repository/ShopOpen/Validate_ShopCategoriesListScreen' is exist

2019-04-23 15:36:44 - [MESSAGE][WARNING] - Timeout '0' is invalid. Using default page load timeout: '6'

2019-04-23 15:36:46 - [MESSAGE][PASSED] - Element 'Object Repository/ShopOpen/Validate_ShopCategoriesListScreen' is exist

2019-04-23 15:36:46 - [MESSAGE][PASSED] - Call Test Case 'Test Cases/ShopOpen/RTMVisitFrequency/VisitRTMVisitFrequency' successfully

2019-04-23 15:36:47 - [MESSAGE][PASSED] - Swiped from 0,240 to 0,200

2019-04-23 15:36:47 - [MESSAGE][PASSED] - Swiped from 0,293 to 0,200

2019-04-23 15:36:50 - [MESSAGE][PASSED] - Swiped from 0,293 to 0,200

2019-04-23 15:36:53 - [MESSAGE][PASSED] - Swiped from 0,293 to 0,200

2019-04-23 15:36:56 - [TEST_CASE][PASSED] - Test Cases/ShopOpen/POPApplication/OverwritePOPApplication: Test Cases/ShopOpen/POPApplication/OverwritePOPApplication

2019-04-23 15:36:56 - [TEST_STEP][PASSED] - verifyElementText(findTestObject("ShopOpen/POPApplication/Validate_POPApplicationDetailScreen", ["package":PACKAGENAME]), "KPI :POP Application"): Actual text and expected text of test object 'Object Repository/ShopOpen/POPApplication/Validate_POPApplicationDetailScreen' are matched.

2019-04-23 15:36:57 - [MESSAGE][PASSED] - Actual text and expected text of test object 'Object Repository/ShopOpen/POPApplication/Validate_POPApplicationDetailScreen' are matched.

2019-04-23 15:36:57 - [TEST_STEP][PASSED] - tap(findTestObject("ShopOpen/POPApplication/POPDeployment_No", ["package":PACKAGENAME]), 0): Tapped on element 'Object Repository/ShopOpen/POPApplication/POPDeployment_No'

2019-04-23 15:36:57 - [MESSAGE][WARNING] - Timeout '0' is invalid. Using default page load timeout: '6'

2019-04-23 15:36:57 - [MESSAGE][PASSED] - Tapped on element 'Object Repository/ShopOpen/POPApplication/POPDeployment_No'

2019-04-23 15:36:57 - [TEST_STEP][PASSED] - pressBack(): Press back button successfully

2019-04-23 15:36:58 - [MESSAGE][PASSED] - Press back button successfully

2019-04-23 15:36:58 - [TEST_STEP][PASSED] - verifyElementExist(findTestObject("ShopOpen/Validate_ShopCategoriesListScreen", ["package":PACKAGENAME]), 0): Element 'Object Repository/ShopOpen/Validate_ShopCategoriesListScreen' is exist

2019-04-23 15:36:58 - [MESSAGE][WARNING] - Timeout '0' is invalid. Using default page load timeout: '6'

2019-04-23 15:36:59 - [MESSAGE][PASSED] - Element 'Object Repository/ShopOpen/Validate_ShopCategoriesListScreen' is exist

2019-04-23 15:36:59 - [MESSAGE][PASSED] - Call Test Case 'Test Cases/ShopOpen/POPApplication/OverwritePOPApplication' successfully

2019-04-23 15:37:00 - [MESSAGE][PASSED] - Swiped from 0,240 to 0,200

2019-04-23 15:37:01 - [MESSAGE][PASSED] - Swiped from 0,293 to 0,200

2019-04-23 15:37:03 - [MESSAGE][PASSED] - Swiped from 0,293 to 0,200

2019-04-23 15:37:06 - [MESSAGE][PASSED] - Swiped from 0,293 to 0,200

2019-04-23 15:37:10 - [MESSAGE][PASSED] - Swiped from 0,293 to 0,200

2019-04-23 15:37:13 - [TEST_CASE][PASSED] - Test Cases/ShopOpen/AdditionalPicture/VisitAdditionalPicture: Test Cases/ShopOpen/AdditionalPicture/VisitAdditionalPicture

2019-04-23 15:37:13 - [TEST_STEP][PASSED] - verifyElementText(findTestObject("ShopOpen/AdditionalPicture/Validate_AdditionalPictureScreen", ["package":PACKAGENAME]), "Additional Picture"): Actual text and expected text of test object 'Object Repository/ShopOpen/AdditionalPicture/Validate_AdditionalPictureScreen' are matched.

2019-04-23 15:37:15 - [MESSAGE][PASSED] - Actual text and expected text of test object 'Object Repository/ShopOpen/AdditionalPicture/Validate_AdditionalPictureScreen' are matched.

2019-04-23 15:37:15 - [TEST_STEP][PASSED] - com.ct.qa.keywords.AdditionalPictureKeywords.takeMendatoryImages(): com.ct.qa.keywords.AdditionalPictureKeywords.takeMendatoryImages is PASSED

2019-04-23 15:37:16 - [MESSAGE][WARNING] - Timeout '0' is invalid. Using default page load timeout: '6'

2019-04-23 15:37:19 - [MESSAGE][PASSED] - Element 'Object Repository/CommonScreenElements/Validate_CameraScreen' is exist

2019-04-23 15:37:19 - [MESSAGE][WARNING] - Timeout '0' is invalid. Using default page load timeout: '6'

2019-04-23 15:37:22 - [MESSAGE][PASSED] - Tapped on element 'Object Repository/CommonScreenElements/Camera_TakePictureButton'

2019-04-23 15:37:27 - [MESSAGE][PASSED] - Delayed 5 second(s)

2019-04-23 15:37:27 - [MESSAGE][WARNING] - Timeout '0' is invalid. Using default page load timeout: '6'

2019-04-23 15:37:28 - [MESSAGE][PASSED] - Tapped on element 'Object Repository/CommonScreenElements/Camera_DoneButton'

2019-04-23 15:37:28 - [MESSAGE][PASSED] - com.ct.qa.keywords.AdditionalPictureKeywords.takeMendatoryImages is PASSED

2019-04-23 15:37:28 - [TEST_STEP][PASSED] - pressBack(): Press back button successfully

2019-04-23 15:37:29 - [MESSAGE][PASSED] - Press back button successfully

2019-04-23 15:37:29 - [TEST_STEP][PASSED] - verifyElementExist(findTestObject("ShopOpen/Validate_ShopCategoriesListScreen", ["package":PACKAGENAME]), 0): Element 'Object Repository/ShopOpen/Validate_ShopCategoriesListScreen' is exist

2019-04-23 15:37:29 - [MESSAGE][WARNING] - Timeout '0' is invalid. Using default page load timeout: '6'

2019-04-23 15:37:31 - [MESSAGE][PASSED] - Element 'Object Repository/ShopOpen/Validate_ShopCategoriesListScreen' is exist

2019-04-23 15:37:31 - [MESSAGE][PASSED] - Call Test Case 'Test Cases/ShopOpen/AdditionalPicture/VisitAdditionalPicture' successfully

2019-04-23 15:37:32 - [MESSAGE][PASSED] - Swiped from 0,240 to 0,200

2019-04-23 15:37:32 - [MESSAGE][PASSED] - Swiped from 0,293 to 0,200

2019-04-23 15:37:35 - [MESSAGE][PASSED] - Swiped from 0,293 to 0,200

2019-04-23 15:37:37 - [MESSAGE][PASSED] - Swiped from 0,293 to 0,200

2019-04-23 15:37:39 - [MESSAGE][PASSED] - Swiped from 0,293 to 0,200

2019-04-23 15:37:43 - [MESSAGE][PASSED] - Swiped from 0,293 to 0,200

2019-04-23 15:37:45 - [MESSAGE][WARNING] - Timeout '0' is invalid. Using default page load timeout: '6'

2019-04-23 15:37:52 - [MESSAGE][WARNING] - Element 'Object Repository/CommonScreenElements/Validate_CameraScreen' not found
[[ATTACHMENT|F:\\Git Projects\\MMAPlus_Merchandising\\MMAPlus_Merchandising\\Reports\\MMA Plus Merchandising Data Verification\\20190423_151839\\1556015871470.png]]

2019-04-23 15:37:52 - [TEST_CASE][PASSED] - Test Cases/ShopOpen/Survey/visitSurveyCategories: Test Cases/ShopOpen/Survey/visitSurveyCategories

2019-04-23 15:37:52 - [TEST_STEP][PASSED] - verifyElementText(findTestObject("ShopOpen/Survey/Validate_QuestionCategoriesScreen", ["package":PACKAGENAME]), "Question Category"): Actual text and expected text of test object 'Object Repository/ShopOpen/Survey/Validate_QuestionCategoriesScreen' are matched.

2019-04-23 15:37:53 - [MESSAGE][PASSED] - Actual text and expected text of test object 'Object Repository/ShopOpen/Survey/Validate_QuestionCategoriesScreen' are matched.

2019-04-23 15:37:53 - [TEST_STEP][PASSED] - com.ct.qa.keywords.SurveyKeywords.visitQuestionCategories(1): com.ct.qa.keywords.SurveyKeywords.visitQuestionCategories is PASSED

2019-04-23 15:37:55 - [TEST_CASE][PASSED] - Test Cases/ShopOpen/Survey/SurveyQuestions/VisitSurveyQuestions: Test Cases/ShopOpen/Survey/SurveyQuestions/VisitSurveyQuestions

2019-04-23 15:37:55 - [TEST_STEP][PASSED] - verifyElementExist(findTestObject("ShopOpen/Survey/Validate_SurveyQuestionsScreen", ["package":PACKAGENAME]), 0): Element 'Object Repository/ShopOpen/Survey/Validate_SurveyQuestionsScreen' is exist

2019-04-23 15:37:55 - [MESSAGE][WARNING] - Timeout '0' is invalid. Using default page load timeout: '6'

2019-04-23 15:37:56 - [MESSAGE][PASSED] - Element 'Object Repository/ShopOpen/Survey/Validate_SurveyQuestionsScreen' is exist

2019-04-23 15:37:56 - [TEST_STEP][PASSED] - com.ct.qa.keywords.SurveyKeywords.visitSurveyQuestions(): com.ct.qa.keywords.SurveyKeywords.visitSurveyQuestions is PASSED

2019-04-23 15:38:01 - [MESSAGE][PASSED] - Keyboard is hidden

2019-04-23 15:38:04 - [MESSAGE][PASSED] - Keyboard is hidden

2019-04-23 15:38:07 - [MESSAGE][PASSED] - Keyboard is hidden

2019-04-23 15:38:09 - [MESSAGE][PASSED] - Keyboard is hidden

2019-04-23 15:38:10 - [MESSAGE][WARNING] - Timeout '0' is invalid. Using default page load timeout: '6'

2019-04-23 15:38:11 - [MESSAGE][PASSED] - Element 'Object Repository/ShopOpen/Survey/Validate_RemarksPopup' is exist

2019-04-23 15:38:11 - [MESSAGE][WARNING] - Timeout '0' is invalid. Using default page load timeout: '6'

2019-04-23 15:38:12 - [MESSAGE][PASSED] - Tapped on element 'Object Repository/ShopOpen/Survey/RemarksPopup_Yes'

2019-04-23 15:38:14 - [MESSAGE][WARNING] - Timeout '0' is invalid. Using default page load timeout: '6'

2019-04-23 15:38:16 - [MESSAGE][PASSED] - Element 'Object Repository/CommonScreenElements/Validate_CameraScreen' is exist

2019-04-23 15:38:16 - [MESSAGE][WARNING] - Timeout '0' is invalid. Using default page load timeout: '6'

2019-04-23 15:38:19 - [MESSAGE][PASSED] - Tapped on element 'Object Repository/CommonScreenElements/Camera_TakePictureButton'

2019-04-23 15:38:24 - [MESSAGE][PASSED] - Delayed 5 second(s)

2019-04-23 15:38:24 - [MESSAGE][WARNING] - Timeout '0' is invalid. Using default page load timeout: '6'

2019-04-23 15:38:25 - [MESSAGE][PASSED] - Tapped on element 'Object Repository/CommonScreenElements/Camera_DoneButton'

2019-04-23 15:38:25 - [MESSAGE][WARNING] - Timeout '0' is invalid. Using default page load timeout: '6'

2019-04-23 15:38:25 - [MESSAGE][PASSED] - Element 'Object Repository/ShopOpen/Survey/Validate_SurveyQuestionsScreen' is exist

2019-04-23 15:38:27 - [MESSAGE][PASSED] - Swiped from 10,600 to 10,200

2019-04-23 15:38:30 - [MESSAGE][WARNING] - Timeout '0' is invalid. Using default page load timeout: '6'

2019-04-23 15:38:30 - [MESSAGE][PASSED] - Element 'Object Repository/CommonScreenElements/Validate_CameraScreen' is exist

2019-04-23 15:38:30 - [MESSAGE][WARNING] - Timeout '0' is invalid. Using default page load timeout: '6'

2019-04-23 15:38:34 - [MESSAGE][PASSED] - Tapped on element 'Object Repository/CommonScreenElements/Camera_TakePictureButton'

2019-04-23 15:38:39 - [MESSAGE][PASSED] - Delayed 5 second(s)

2019-04-23 15:38:39 - [MESSAGE][WARNING] - Timeout '0' is invalid. Using default page load timeout: '6'

2019-04-23 15:38:39 - [MESSAGE][PASSED] - Tapped on element 'Object Repository/CommonScreenElements/Camera_DoneButton'

2019-04-23 15:38:39 - [MESSAGE][WARNING] - Timeout '0' is invalid. Using default page load timeout: '6'

2019-04-23 15:38:40 - [MESSAGE][PASSED] - Element 'Object Repository/ShopOpen/Survey/Validate_SurveyQuestionsScreen' is exist

2019-04-23 15:38:42 - [MESSAGE][PASSED] - Swiped from 10,600 to 10,200

2019-04-23 15:38:45 - [MESSAGE][WARNING] - Timeout '0' is invalid. Using default page load timeout: '6'

2019-04-23 15:38:46 - [MESSAGE][PASSED] - Element 'Object Repository/CommonScreenElements/Validate_CameraScreen' is exist

2019-04-23 15:38:46 - [MESSAGE][WARNING] - Timeout '0' is invalid. Using default page load timeout: '6'

2019-04-23 15:38:49 - [MESSAGE][PASSED] - Tapped on element 'Object Repository/CommonScreenElements/Camera_TakePictureButton'

2019-04-23 15:38:54 - [MESSAGE][PASSED] - Delayed 5 second(s)

2019-04-23 15:38:54 - [MESSAGE][WARNING] - Timeout '0' is invalid. Using default page load timeout: '6'

2019-04-23 15:38:54 - [MESSAGE][PASSED] - Tapped on element 'Object Repository/CommonScreenElements/Camera_DoneButton'

2019-04-23 15:38:54 - [MESSAGE][WARNING] - Timeout '0' is invalid. Using default page load timeout: '6'

2019-04-23 15:38:55 - [MESSAGE][PASSED] - Element 'Object Repository/ShopOpen/Survey/Validate_SurveyQuestionsScreen' is exist

2019-04-23 15:38:57 - [MESSAGE][PASSED] - Swiped from 10,600 to 10,200

2019-04-23 15:38:58 - [MESSAGE][PASSED] - com.ct.qa.keywords.SurveyKeywords.visitSurveyQuestions is PASSED

2019-04-23 15:38:58 - [TEST_STEP][PASSED] - pressBack(): Press back button successfully

2019-04-23 15:38:59 - [MESSAGE][PASSED] - Press back button successfully

2019-04-23 15:38:59 - [MESSAGE][PASSED] - Call Test Case 'Test Cases/ShopOpen/Survey/SurveyQuestions/VisitSurveyQuestions' successfully

2019-04-23 15:38:59 - [MESSAGE][PASSED] - com.ct.qa.keywords.SurveyKeywords.visitQuestionCategories is PASSED

2019-04-23 15:38:59 - [TEST_STEP][PASSED] - pressBack(): Press back button successfully

2019-04-23 15:38:59 - [MESSAGE][PASSED] - Press back button successfully

2019-04-23 15:38:59 - [TEST_STEP][PASSED] - verifyElementExist(findTestObject("ShopOpen/Validate_ShopCategoriesListScreen"), 0): Element 'Object Repository/ShopOpen/Validate_ShopCategoriesListScreen' is exist

2019-04-23 15:38:59 - [MESSAGE][WARNING] - Timeout '0' is invalid. Using default page load timeout: '6'

2019-04-23 15:39:01 - [MESSAGE][PASSED] - Element 'Object Repository/ShopOpen/Validate_ShopCategoriesListScreen' is exist

2019-04-23 15:39:01 - [MESSAGE][PASSED] - Call Test Case 'Test Cases/ShopOpen/Survey/visitSurveyCategories' successfully

2019-04-23 15:39:02 - [MESSAGE][PASSED] - Swiped from 0,240 to 0,200

2019-04-23 15:39:02 - [MESSAGE][PASSED] - Swiped from 0,293 to 0,200

2019-04-23 15:39:05 - [MESSAGE][PASSED] - Swiped from 0,293 to 0,200

2019-04-23 15:39:07 - [MESSAGE][PASSED] - Swiped from 0,293 to 0,200

2019-04-23 15:39:10 - [MESSAGE][PASSED] - Swiped from 0,293 to 0,200

2019-04-23 15:39:13 - [MESSAGE][PASSED] - Swiped from 0,293 to 0,200

2019-04-23 15:39:17 - [MESSAGE][PASSED] - Swiped from 0,293 to 0,200

2019-04-23 15:39:18 - [MESSAGE][PASSED] - com.ct.qa.keywords.CategoryVisitingScenariosKeywords.visitShopCategoriesWithDataVerification is PASSED

2019-04-23 15:39:18 - [MESSAGE][PASSED] - Call Test Case 'Test Cases/ShopOpen/VisitCategoryScenarios/VisitShopCategoriesWithDataVerification' successfully

2019-04-23 15:39:18 - [TEST_CASE][PASSED] - Test Cases/ShopOpen/SaveShop: Test Cases/ShopOpen/SaveShop

2019-04-23 15:39:18 - [TEST_STEP][PASSED] - tap(findTestObject("ShopOpen/SubmitButtonToSaveShop", ["package":PACKAGENAME]), 0): Tapped on element 'Object Repository/ShopOpen/SubmitButtonToSaveShop'

2019-04-23 15:39:18 - [MESSAGE][WARNING] - Timeout '0' is invalid. Using default page load timeout: '6'

2019-04-23 15:39:19 - [MESSAGE][PASSED] - Tapped on element 'Object Repository/ShopOpen/SubmitButtonToSaveShop'

2019-04-23 15:39:19 - [TEST_STEP][PASSED] - verifyElementExist(findTestObject("CommonScreenElements/Validate_InfoPopUP", ["package":PACKAGENAME]), 0): Element 'Object Repository/CommonScreenElements/Validate_InfoPopUP' is exist

2019-04-23 15:39:19 - [MESSAGE][WARNING] - Timeout '0' is invalid. Using default page load timeout: '6'

2019-04-23 15:39:19 - [MESSAGE][PASSED] - Element 'Object Repository/CommonScreenElements/Validate_InfoPopUP' is exist

2019-04-23 15:39:19 - [TEST_STEP][PASSED] - tap(findTestObject("CommonScreenElements/InfoPopUp_YesButton", ["package":PACKAGENAME]), 0): Tapped on element 'Object Repository/CommonScreenElements/InfoPopUp_YesButton'

2019-04-23 15:39:19 - [MESSAGE][WARNING] - Timeout '0' is invalid. Using default page load timeout: '6'

2019-04-23 15:39:20 - [MESSAGE][PASSED] - Tapped on element 'Object Repository/CommonScreenElements/InfoPopUp_YesButton'

2019-04-23 15:39:20 - [TEST_STEP][PASSED] - verifyElementText(findTestObject("Validate_ShopListScreen", ["package":PACKAGENAME]), "Shops on Route"): Actual text and expected text of test object 'Object Repository/Validate_ShopListScreen' are matched.

2019-04-23 15:39:21 - [MESSAGE][PASSED] - Actual text and expected text of test object 'Object Repository/Validate_ShopListScreen' are matched.

2019-04-23 15:39:21 - [MESSAGE][PASSED] - Call Test Case 'Test Cases/ShopOpen/SaveShop' successfully

2019-04-23 15:39:21 - [MESSAGE][WARNING] - Timeout '0' is invalid. Using default page load timeout: '6'

2019-04-23 15:39:21 - [MESSAGE][PASSED] - Element 'Object Repository/Validate_ShopListScreen' is exist

2019-04-23 15:39:22 - [MESSAGE][PASSED] - Press back button successfully

2019-04-23 15:39:23 - [MESSAGE][PASSED] - Actual text and expected text of test object 'Object Repository/SliderOptions/Validate_OutOfRoute_RouteListScreen' are matched.

2019-04-23 15:39:23 - [MESSAGE][PASSED] - Press back button successfully

2019-04-23 15:39:23 - [MESSAGE][WARNING] - Timeout '0' is invalid. Using default page load timeout: '6'

2019-04-23 15:39:24 - [MESSAGE][PASSED] - Element 'Object Repository/SliderOptions/Validate_SliderItemsScreen' is exist

2019-04-23 15:39:24 - [MESSAGE][PASSED] - com.ct.qa.keywords.SliderOptionsKeywords.findSliderOption is PASSED

2019-04-23 15:39:24 - [TEST_STEP][PASSED] - com.ct.qa.keywords.SliderOptionsKeywords.findSliderOption("Abnormal Shops"): com.ct.qa.keywords.SliderOptionsKeywords.findSliderOption is PASSED

2019-04-23 15:39:25 - [MESSAGE][PASSED] - Swiped from 5,200 to 5,500

2019-04-23 15:39:26 - [MESSAGE][PASSED] - Swiped from 5,200 to 5,500

2019-04-23 15:39:42 - [MESSAGE][PASSED] - Delayed 10 second(s)

2019-04-23 15:39:47 - [MESSAGE][PASSED] - Element 'Object Repository/Validate_ShopListScreen' is exist

2019-04-23 15:39:48 - [MESSAGE][PASSED] - Actual text and expected text of test object 'Object Repository/Validate_ShopListScreen' are matched.

2019-04-23 15:39:52 - [MESSAGE][PASSED] - Actual text and expected text of test object 'Object Repository/Validate_ShopOptionsScreen' are matched.

2019-04-23 15:39:53 - [MESSAGE][WARNING] - Timeout '0' is invalid. Using default page load timeout: '6'

2019-04-23 15:39:55 - [MESSAGE][PASSED] - Tapped on element 'Object Repository/StartWorking'

2019-04-23 15:40:10 - [MESSAGE][PASSED] - Delayed 15 second(s)

2019-04-23 15:40:10 - [MESSAGE][PASSED] - Element 'Object Repository/CommonScreenElements/Validate_MapScreen' is exist

2019-04-23 15:40:10 - [MESSAGE][WARNING] - Timeout '0' is invalid. Using default page load timeout: '6'

2019-04-23 15:40:11 - [MESSAGE][PASSED] - Tapped on element 'Object Repository/CommonScreenElements/Location_CheckIn'

2019-04-23 15:40:11 - [MESSAGE][WARNING] - Timeout '0' is invalid. Using default page load timeout: '6'

2019-04-23 15:40:11 - [MESSAGE][PASSED] - Element 'Object Repository/CommonScreenElements/Validate_InfoPopUP' is exist

2019-04-23 15:40:11 - [MESSAGE][WARNING] - Timeout '0' is invalid. Using default page load timeout: '6'

2019-04-23 15:40:12 - [MESSAGE][PASSED] - Tapped on element 'Object Repository/CommonScreenElements/InfoPopUp_NoButton'

2019-04-23 15:40:12 - [TEST_CASE][PASSED] - Test Cases/ShopOpen/VisitShopOpen: Test Cases/ShopOpen/VisitShopOpen

2019-04-23 15:40:12 - [TEST_STEP][PASSED] - verifyElementExist(findTestObject("ShopActions_List", ["package":PACKAGENAME]), 0): Element 'Object Repository/ShopActions_List' is exist

2019-04-23 15:40:12 - [MESSAGE][WARNING] - Timeout '0' is invalid. Using default page load timeout: '6'

2019-04-23 15:40:13 - [MESSAGE][PASSED] - Element 'Object Repository/ShopActions_List' is exist

2019-04-23 15:40:13 - [TEST_STEP][PASSED] - tap(findTestObject("ShopOpen/ShopOpen", ["package":PACKAGENAME]), 0): Tapped on element 'Object Repository/ShopOpen/ShopOpen'

2019-04-23 15:40:13 - [MESSAGE][WARNING] - Timeout '0' is invalid. Using default page load timeout: '6'

2019-04-23 15:40:14 - [MESSAGE][PASSED] - Tapped on element 'Object Repository/ShopOpen/ShopOpen'

2019-04-23 15:40:14 - [TEST_STEP][PASSED] - com.ct.qa.keywords.CommonKeywords.takePicture(): com.ct.qa.keywords.CommonKeywords.takePicture is PASSED

2019-04-23 15:40:14 - [MESSAGE][WARNING] - Timeout '0' is invalid. Using default page load timeout: '6'

2019-04-23 15:40:16 - [MESSAGE][PASSED] - Element 'Object Repository/CommonScreenElements/Validate_CameraScreen' is exist

2019-04-23 15:40:16 - [MESSAGE][WARNING] - Timeout '0' is invalid. Using default page load timeout: '6'

2019-04-23 15:40:19 - [MESSAGE][PASSED] - Tapped on element 'Object Repository/CommonScreenElements/Camera_TakePictureButton'

2019-04-23 15:40:24 - [MESSAGE][PASSED] - Delayed 5 second(s)

2019-04-23 15:40:24 - [MESSAGE][WARNING] - Timeout '0' is invalid. Using default page load timeout: '6'

2019-04-23 15:40:25 - [MESSAGE][PASSED] - Tapped on element 'Object Repository/CommonScreenElements/Camera_DoneButton'

2019-04-23 15:40:25 - [MESSAGE][PASSED] - com.ct.qa.keywords.CommonKeywords.takePicture is PASSED

2019-04-23 15:40:25 - [MESSAGE][PASSED] - Call Test Case 'Test Cases/ShopOpen/VisitShopOpen' successfully

2019-04-23 15:40:25 - [TEST_CASE][PASSED] - Test Cases/ShopOpen/VisitCategoryScenarios/VisitShopCategoriesWithDataVerification: Test Cases/ShopOpen/VisitCategoryScenarios/VisitShopCategoriesWithDataVerification

2019-04-23 15:40:25 - [TEST_STEP][PASSED] - verifyElementExist(findTestObject("ShopOpen/Validate_ShopCategoriesListScreen", ["package":PACKAGENAME]), 0): Element 'Object Repository/ShopOpen/Validate_ShopCategoriesListScreen' is exist

2019-04-23 15:40:25 - [MESSAGE][WARNING] - Timeout '0' is invalid. Using default page load timeout: '6'

2019-04-23 15:40:27 - [MESSAGE][PASSED] - Element 'Object Repository/ShopOpen/Validate_ShopCategoriesListScreen' is exist

2019-04-23 15:40:27 - [TEST_STEP][PASSED] - com.ct.qa.keywords.CategoryVisitingScenariosKeywords.visitShopCategoriesWithDataVerification(): com.ct.qa.keywords.CategoryVisitingScenariosKeywords.visitShopCategoriesWithDataVerification is PASSED

2019-04-23 15:40:31 - [MESSAGE][PASSED] - Swiped from 0,240 to 0,200

2019-04-23 15:40:34 - [MESSAGE][PASSED] - Swiped from 0,293 to 0,200

2019-04-23 15:40:38 - [MESSAGE][PASSED] - Swiped from 0,293 to 0,200

2019-04-23 15:40:42 - [MESSAGE][PASSED] - Swiped from 0,293 to 0,200

2019-04-23 15:40:46 - [MESSAGE][PASSED] - Swiped from 0,293 to 0,200

2019-04-23 15:40:50 - [MESSAGE][PASSED] - Swiped from 0,293 to 0,200

2019-04-23 15:40:54 - [MESSAGE][PASSED] - Swiped from 0,293 to 0,200

2019-04-23 15:40:56 - [MESSAGE][PASSED] - Swiped from 0,200 to 0,750

2019-04-23 15:40:57 - [MESSAGE][PASSED] - Swiped from 0,200 to 0,750

2019-04-23 15:40:58 - [MESSAGE][WARNING] - Timeout '0' is invalid. Using default page load timeout: '6'

2019-04-23 15:41:06 - [MESSAGE][WARNING] - Element 'Object Repository/CommonScreenElements/Validate_CameraScreen' not found
[[ATTACHMENT|F:\\Git Projects\\MMAPlus_Merchandising\\MMAPlus_Merchandising\\Reports\\MMA Plus Merchandising Data Verification\\20190423_151839\\1556016065465.png]]

2019-04-23 15:41:06 - [MESSAGE][PASSED] - Actual text and expected text of test object 'Object Repository/ShopOpen/Chiller/Validate_ChillerScreen' are matched.

2019-04-23 15:41:08 - [TEST_CASE][PASSED] - Test Cases/ShopOpen/Chiller/VisitChillerWithChillerNotAllocated: Test Cases/ShopOpen/Chiller/VisitChillerWithChillerNotAllocated

2019-04-23 15:41:08 - [TEST_STEP][PASSED] - verifyElementText(findTestObject("ShopOpen/Chiller/Validate_ChillerNotAllocatedProductCategoryScreen", ["package":PACKAGENAME]), "Category:Chiller"): Actual text and expected text of test object 'Object Repository/ShopOpen/Chiller/Validate_ChillerNotAllocatedProductCategoryScreen' are matched.

2019-04-23 15:41:09 - [MESSAGE][PASSED] - Actual text and expected text of test object 'Object Repository/ShopOpen/Chiller/Validate_ChillerNotAllocatedProductCategoryScreen' are matched.

2019-04-23 15:41:09 - [TEST_STEP][PASSED] - com.ct.qa.keywords.ChannelProductsDataKeywords.visitChillerNotAllocatedProductCategories(1): com.ct.qa.keywords.ChannelProductsDataKeywords.visitChillerNotAllocatedProductCategories is PASSED

2019-04-23 15:41:13 - [TEST_CASE][PASSED] - Test Cases/ShopOpen/Chiller/VisitProductCategoryAssets: Test Cases/ShopOpen/Chiller/VisitProductCategoryAssets

2019-04-23 15:41:13 - [TEST_STEP][PASSED] - verifyElementText(findTestObject("ShopOpen/Chiller/Validate_ProductCategoryAssetsScreen", ["package":PACKAGENAME]), "Facing"): Actual text and expected text of test object 'Object Repository/ShopOpen/Chiller/Validate_ProductCategoryAssetsScreen' are matched.

2019-04-23 15:41:15 - [MESSAGE][PASSED] - Actual text and expected text of test object 'Object Repository/ShopOpen/Chiller/Validate_ProductCategoryAssetsScreen' are matched.

2019-04-23 15:41:15 - [TEST_STEP][PASSED] - tap(findTestObject("ShopOpen/Chiller/Facing", ["package":PACKAGENAME]), 0): Tapped on element 'Object Repository/ShopOpen/Chiller/Facing'

2019-04-23 15:41:15 - [MESSAGE][WARNING] - Timeout '0' is invalid. Using default page load timeout: '6'

2019-04-23 15:41:16 - [MESSAGE][PASSED] - Tapped on element 'Object Repository/ShopOpen/Chiller/Facing'

2019-04-23 15:41:16 - [TEST_STEP][PASSED] - verifyElementText(findTestObject("ShopOpen/Chiller/Validate_FacingScreen", ["package":PACKAGENAME]), "Facing"): Actual text and expected text of test object 'Object Repository/ShopOpen/Chiller/Validate_FacingScreen' are matched.

2019-04-23 15:41:17 - [MESSAGE][PASSED] - Actual text and expected text of test object 'Object Repository/ShopOpen/Chiller/Validate_FacingScreen' are matched.

2019-04-23 15:41:17 - [TEST_STEP][PASSED] - com.ct.qa.keywords.ChannelProductsDataKeywords.visitChannelWiseProductsData(CHANNEL_CHILLER_FACING, "Facing"): com.ct.qa.keywords.ChannelProductsDataKeywords.visitChannelWiseProductsData is PASSED

2019-04-23 15:41:21 - [MESSAGE][PASSED] - Keyboard is hidden

2019-04-23 15:41:24 - [MESSAGE][PASSED] - Keyboard is hidden

2019-04-23 15:41:27 - [MESSAGE][PASSED] - Keyboard is hidden

2019-04-23 15:41:30 - [MESSAGE][PASSED] - Keyboard is hidden

2019-04-23 15:41:33 - [MESSAGE][PASSED] - Keyboard is hidden

2019-04-23 15:41:36 - [MESSAGE][PASSED] - Keyboard is hidden

2019-04-23 15:41:39 - [MESSAGE][PASSED] - Swiped from 30,359 to 30,250

2019-04-23 15:41:40 - [MESSAGE][PASSED] - com.ct.qa.keywords.ChannelProductsDataKeywords.visitChannelWiseProductsData is PASSED

2019-04-23 15:41:40 - [TEST_STEP][PASSED] - tap(findTestObject("ShopOpen/Chiller/SubmitButton", ["package":PACKAGENAME]), 0): Tapped on element 'Object Repository/ShopOpen/Chiller/SubmitButton'

2019-04-23 15:41:40 - [MESSAGE][WARNING] - Timeout '0' is invalid. Using default page load timeout: '6'

2019-04-23 15:41:41 - [MESSAGE][PASSED] - Tapped on element 'Object Repository/ShopOpen/Chiller/SubmitButton'

2019-04-23 15:41:41 - [TEST_STEP][PASSED] - verifyElementText(findTestObject("ShopOpen/Chiller/Validate_ProductCategoryAssetsScreen", ["package":PACKAGENAME]), "Facing"): Actual text and expected text of test object 'Object Repository/ShopOpen/Chiller/Validate_ProductCategoryAssetsScreen' are matched.

2019-04-23 15:41:41 - [MESSAGE][PASSED] - Actual text and expected text of test object 'Object Repository/ShopOpen/Chiller/Validate_ProductCategoryAssetsScreen' are matched.

2019-04-23 15:41:41 - [TEST_STEP][PASSED] - tap(findTestObject("ShopOpen/Chiller/StockTaking", ["package":PACKAGENAME]), 0): Tapped on element 'Object Repository/ShopOpen/Chiller/StockTaking'

2019-04-23 15:41:41 - [MESSAGE][WARNING] - Timeout '0' is invalid. Using default page load timeout: '6'

2019-04-23 15:41:43 - [MESSAGE][PASSED] - Tapped on element 'Object Repository/ShopOpen/Chiller/StockTaking'

2019-04-23 15:41:43 - [TEST_STEP][PASSED] - verifyElementText(findTestObject("ShopOpen/Chiller/Validate_StockTakingScreen", ["package":PACKAGENAME]), "Stock Taking"): Actual text and expected text of test object 'Object Repository/ShopOpen/Chiller/Validate_StockTakingScreen' are matched.

2019-04-23 15:41:44 - [MESSAGE][PASSED] - Actual text and expected text of test object 'Object Repository/ShopOpen/Chiller/Validate_StockTakingScreen' are matched.

2019-04-23 15:41:44 - [TEST_STEP][PASSED] - com.ct.qa.keywords.ChannelProductsDataKeywords.visitChannelWiseProductsData(CHANNEL_CHILLER_STOCKTAKING, "Stock Taking"): com.ct.qa.keywords.ChannelProductsDataKeywords.visitChannelWiseProductsData is PASSED

2019-04-23 15:41:48 - [MESSAGE][PASSED] - Keyboard is hidden

2019-04-23 15:41:51 - [MESSAGE][PASSED] - Keyboard is hidden

2019-04-23 15:41:54 - [MESSAGE][PASSED] - Keyboard is hidden

2019-04-23 15:41:57 - [MESSAGE][PASSED] - Keyboard is hidden

2019-04-23 15:42:00 - [MESSAGE][PASSED] - Keyboard is hidden

2019-04-23 15:42:03 - [MESSAGE][PASSED] - Keyboard is hidden

2019-04-23 15:42:05 - [MESSAGE][PASSED] - Swiped from 30,359 to 30,250

2019-04-23 15:42:06 - [MESSAGE][PASSED] - com.ct.qa.keywords.ChannelProductsDataKeywords.visitChannelWiseProductsData is PASSED

2019-04-23 15:42:06 - [TEST_STEP][PASSED] - tap(findTestObject("ShopOpen/Chiller/SubmitButton", ["package":PACKAGENAME]), 0): Tapped on element 'Object Repository/ShopOpen/Chiller/SubmitButton'

2019-04-23 15:42:06 - [MESSAGE][WARNING] - Timeout '0' is invalid. Using default page load timeout: '6'

2019-04-23 15:42:07 - [MESSAGE][PASSED] - Tapped on element 'Object Repository/ShopOpen/Chiller/SubmitButton'

2019-04-23 15:42:07 - [TEST_STEP][PASSED] - verifyElementText(findTestObject("ShopOpen/Chiller/Validate_ProductCategoryAssetsScreen", ["package":PACKAGENAME]), "Facing"): Actual text and expected text of test object 'Object Repository/ShopOpen/Chiller/Validate_ProductCategoryAssetsScreen' are matched.

2019-04-23 15:42:08 - [MESSAGE][PASSED] - Actual text and expected text of test object 'Object Repository/ShopOpen/Chiller/Validate_ProductCategoryAssetsScreen' are matched.

2019-04-23 15:42:08 - [TEST_STEP][PASSED] - tap(findTestObject("ShopOpen/Chiller/ChillerNotAllocatedProductCategory_BackButton", ["package":PACKAGENAME]), 0): Tapped on element 'Object Repository/ShopOpen/Chiller/ChillerNotAllocatedProductCategory_BackButton'

2019-04-23 15:42:08 - [MESSAGE][WARNING] - Timeout '0' is invalid. Using default page load timeout: '6'

2019-04-23 15:42:09 - [MESSAGE][PASSED] - Tapped on element 'Object Repository/ShopOpen/Chiller/ChillerNotAllocatedProductCategory_BackButton'

2019-04-23 15:42:09 - [MESSAGE][PASSED] - Call Test Case 'Test Cases/ShopOpen/Chiller/VisitProductCategoryAssets' successfully

2019-04-23 15:42:09 - [MESSAGE][PASSED] - Actual text and expected text of test object 'Object Repository/ShopOpen/Chiller/Validate_ChillerNotAllocatedProductCategoryScreen' are matched.

2019-04-23 15:42:11 - [TEST_CASE][PASSED] - Test Cases/ShopOpen/Chiller/VisitProductCategoryAssets: Test Cases/ShopOpen/Chiller/VisitProductCategoryAssets

2019-04-23 15:42:11 - [TEST_STEP][PASSED] - verifyElementText(findTestObject("ShopOpen/Chiller/Validate_ProductCategoryAssetsScreen", ["package":PACKAGENAME]), "Facing"): Actual text and expected text of test object 'Object Repository/ShopOpen/Chiller/Validate_ProductCategoryAssetsScreen' are matched.

2019-04-23 15:42:12 - [MESSAGE][PASSED] - Actual text and expected text of test object 'Object Repository/ShopOpen/Chiller/Validate_ProductCategoryAssetsScreen' are matched.

2019-04-23 15:42:12 - [TEST_STEP][PASSED] - tap(findTestObject("ShopOpen/Chiller/Facing", ["package":PACKAGENAME]), 0): Tapped on element 'Object Repository/ShopOpen/Chiller/Facing'

2019-04-23 15:42:12 - [MESSAGE][WARNING] - Timeout '0' is invalid. Using default page load timeout: '6'

2019-04-23 15:42:12 - [MESSAGE][PASSED] - Tapped on element 'Object Repository/ShopOpen/Chiller/Facing'

2019-04-23 15:42:12 - [TEST_STEP][PASSED] - verifyElementText(findTestObject("ShopOpen/Chiller/Validate_FacingScreen", ["package":PACKAGENAME]), "Facing"): Actual text and expected text of test object 'Object Repository/ShopOpen/Chiller/Validate_FacingScreen' are matched.

2019-04-23 15:42:14 - [MESSAGE][PASSED] - Actual text and expected text of test object 'Object Repository/ShopOpen/Chiller/Validate_FacingScreen' are matched.

2019-04-23 15:42:14 - [TEST_STEP][PASSED] - com.ct.qa.keywords.ChannelProductsDataKeywords.visitChannelWiseProductsData(CHANNEL_CHILLER_FACING, "Facing"): com.ct.qa.keywords.ChannelProductsDataKeywords.visitChannelWiseProductsData is PASSED

2019-04-23 15:42:18 - [MESSAGE][PASSED] - Keyboard is hidden

2019-04-23 15:42:21 - [MESSAGE][PASSED] - Keyboard is hidden

2019-04-23 15:42:24 - [MESSAGE][PASSED] - Keyboard is hidden

2019-04-23 15:42:27 - [MESSAGE][PASSED] - Keyboard is hidden

2019-04-23 15:42:30 - [MESSAGE][PASSED] - Keyboard is hidden

2019-04-23 15:42:33 - [MESSAGE][PASSED] - Keyboard is hidden

2019-04-23 15:42:36 - [MESSAGE][PASSED] - Swiped from 18,359 to 18,250

2019-04-23 15:42:40 - [MESSAGE][PASSED] - Keyboard is hidden

2019-04-23 15:42:43 - [MESSAGE][PASSED] - Swiped from 18,359 to 18,250

2019-04-23 15:42:47 - [MESSAGE][PASSED] - Keyboard is hidden

2019-04-23 15:42:50 - [MESSAGE][PASSED] - Swiped from 18,359 to 18,250

2019-04-23 15:42:51 - [MESSAGE][PASSED] - com.ct.qa.keywords.ChannelProductsDataKeywords.visitChannelWiseProductsData is PASSED

2019-04-23 15:42:51 - [TEST_STEP][PASSED] - tap(findTestObject("ShopOpen/Chiller/SubmitButton", ["package":PACKAGENAME]), 0): Tapped on element 'Object Repository/ShopOpen/Chiller/SubmitButton'

2019-04-23 15:42:51 - [MESSAGE][WARNING] - Timeout '0' is invalid. Using default page load timeout: '6'

2019-04-23 15:42:52 - [MESSAGE][PASSED] - Tapped on element 'Object Repository/ShopOpen/Chiller/SubmitButton'

2019-04-23 15:42:52 - [TEST_STEP][PASSED] - verifyElementText(findTestObject("ShopOpen/Chiller/Validate_ProductCategoryAssetsScreen", ["package":PACKAGENAME]), "Facing"): Actual text and expected text of test object 'Object Repository/ShopOpen/Chiller/Validate_ProductCategoryAssetsScreen' are matched.

2019-04-23 15:42:53 - [MESSAGE][PASSED] - Actual text and expected text of test object 'Object Repository/ShopOpen/Chiller/Validate_ProductCategoryAssetsScreen' are matched.

2019-04-23 15:42:53 - [TEST_STEP][PASSED] - tap(findTestObject("ShopOpen/Chiller/StockTaking", ["package":PACKAGENAME]), 0): Tapped on element 'Object Repository/ShopOpen/Chiller/StockTaking'

2019-04-23 15:42:53 - [MESSAGE][WARNING] - Timeout '0' is invalid. Using default page load timeout: '6'

2019-04-23 15:42:53 - [MESSAGE][PASSED] - Tapped on element 'Object Repository/ShopOpen/Chiller/StockTaking'

2019-04-23 15:42:53 - [TEST_STEP][PASSED] - verifyElementText(findTestObject("ShopOpen/Chiller/Validate_StockTakingScreen", ["package":PACKAGENAME]), "Stock Taking"): Actual text and expected text of test object 'Object Repository/ShopOpen/Chiller/Validate_StockTakingScreen' are matched.

2019-04-23 15:42:55 - [MESSAGE][PASSED] - Actual text and expected text of test object 'Object Repository/ShopOpen/Chiller/Validate_StockTakingScreen' are matched.

2019-04-23 15:42:55 - [TEST_STEP][PASSED] - com.ct.qa.keywords.ChannelProductsDataKeywords.visitChannelWiseProductsData(CHANNEL_CHILLER_STOCKTAKING, "Stock Taking"): com.ct.qa.keywords.ChannelProductsDataKeywords.visitChannelWiseProductsData is PASSED

2019-04-23 15:42:59 - [MESSAGE][PASSED] - Keyboard is hidden

2019-04-23 15:43:03 - [MESSAGE][PASSED] - Keyboard is hidden

2019-04-23 15:43:05 - [MESSAGE][PASSED] - Keyboard is hidden

2019-04-23 15:43:08 - [MESSAGE][PASSED] - Keyboard is hidden

2019-04-23 15:43:11 - [MESSAGE][PASSED] - Keyboard is hidden

2019-04-23 15:43:14 - [MESSAGE][PASSED] - Keyboard is hidden

2019-04-23 15:43:17 - [MESSAGE][PASSED] - Swiped from 18,359 to 18,250

2019-04-23 15:43:23 - [MESSAGE][PASSED] - Keyboard is hidden

2019-04-23 15:43:25 - [MESSAGE][PASSED] - Swiped from 18,359 to 18,250

2019-04-23 15:43:30 - [MESSAGE][PASSED] - Keyboard is hidden

2019-04-23 15:43:33 - [MESSAGE][PASSED] - Swiped from 18,359 to 18,250

2019-04-23 15:43:34 - [MESSAGE][PASSED] - com.ct.qa.keywords.ChannelProductsDataKeywords.visitChannelWiseProductsData is PASSED

2019-04-23 15:43:34 - [TEST_STEP][PASSED] - tap(findTestObject("ShopOpen/Chiller/SubmitButton", ["package":PACKAGENAME]), 0): Tapped on element 'Object Repository/ShopOpen/Chiller/SubmitButton'

2019-04-23 15:43:34 - [MESSAGE][WARNING] - Timeout '0' is invalid. Using default page load timeout: '6'

2019-04-23 15:43:35 - [MESSAGE][PASSED] - Tapped on element 'Object Repository/ShopOpen/Chiller/SubmitButton'

2019-04-23 15:43:35 - [TEST_STEP][PASSED] - verifyElementText(findTestObject("ShopOpen/Chiller/Validate_ProductCategoryAssetsScreen", ["package":PACKAGENAME]), "Facing"): Actual text and expected text of test object 'Object Repository/ShopOpen/Chiller/Validate_ProductCategoryAssetsScreen' are matched.

2019-04-23 15:43:36 - [MESSAGE][PASSED] - Actual text and expected text of test object 'Object Repository/ShopOpen/Chiller/Validate_ProductCategoryAssetsScreen' are matched.

2019-04-23 15:43:36 - [TEST_STEP][PASSED] - tap(findTestObject("ShopOpen/Chiller/ChillerNotAllocatedProductCategory_BackButton", ["package":PACKAGENAME]), 0): Tapped on element 'Object Repository/ShopOpen/Chiller/ChillerNotAllocatedProductCategory_BackButton'

2019-04-23 15:43:36 - [MESSAGE][WARNING] - Timeout '0' is invalid. Using default page load timeout: '6'

2019-04-23 15:43:37 - [MESSAGE][PASSED] - Tapped on element 'Object Repository/ShopOpen/Chiller/ChillerNotAllocatedProductCategory_BackButton'

2019-04-23 15:43:37 - [MESSAGE][PASSED] - Call Test Case 'Test Cases/ShopOpen/Chiller/VisitProductCategoryAssets' successfully

2019-04-23 15:43:37 - [MESSAGE][PASSED] - Actual text and expected text of test object 'Object Repository/ShopOpen/Chiller/Validate_ChillerNotAllocatedProductCategoryScreen' are matched.

2019-04-23 15:43:39 - [TEST_CASE][PASSED] - Test Cases/ShopOpen/Chiller/VisitProductCategoryAssets: Test Cases/ShopOpen/Chiller/VisitProductCategoryAssets

2019-04-23 15:43:39 - [TEST_STEP][PASSED] - verifyElementText(findTestObject("ShopOpen/Chiller/Validate_ProductCategoryAssetsScreen", ["package":PACKAGENAME]), "Facing"): Actual text and expected text of test object 'Object Repository/ShopOpen/Chiller/Validate_ProductCategoryAssetsScreen' are matched.

2019-04-23 15:43:41 - [MESSAGE][PASSED] - Actual text and expected text of test object 'Object Repository/ShopOpen/Chiller/Validate_ProductCategoryAssetsScreen' are matched.

2019-04-23 15:43:41 - [TEST_STEP][PASSED] - tap(findTestObject("ShopOpen/Chiller/Facing", ["package":PACKAGENAME]), 0): Tapped on element 'Object Repository/ShopOpen/Chiller/Facing'

2019-04-23 15:43:41 - [MESSAGE][WARNING] - Timeout '0' is invalid. Using default page load timeout: '6'

2019-04-23 15:43:42 - [MESSAGE][PASSED] - Tapped on element 'Object Repository/ShopOpen/Chiller/Facing'

2019-04-23 15:43:42 - [TEST_STEP][PASSED] - verifyElementText(findTestObject("ShopOpen/Chiller/Validate_FacingScreen", ["package":PACKAGENAME]), "Facing"): Actual text and expected text of test object 'Object Repository/ShopOpen/Chiller/Validate_FacingScreen' are matched.

2019-04-23 15:43:43 - [MESSAGE][PASSED] - Actual text and expected text of test object 'Object Repository/ShopOpen/Chiller/Validate_FacingScreen' are matched.

2019-04-23 15:43:43 - [TEST_STEP][PASSED] - com.ct.qa.keywords.ChannelProductsDataKeywords.visitChannelWiseProductsData(CHANNEL_CHILLER_FACING, "Facing"): com.ct.qa.keywords.ChannelProductsDataKeywords.visitChannelWiseProductsData is PASSED

2019-04-23 15:43:46 - [MESSAGE][PASSED] - Keyboard is hidden

2019-04-23 15:43:48 - [MESSAGE][PASSED] - Swiped from 117,359 to 117,250

2019-04-23 15:43:48 - [MESSAGE][PASSED] - com.ct.qa.keywords.ChannelProductsDataKeywords.visitChannelWiseProductsData is PASSED

2019-04-23 15:43:48 - [TEST_STEP][PASSED] - tap(findTestObject("ShopOpen/Chiller/SubmitButton", ["package":PACKAGENAME]), 0): Tapped on element 'Object Repository/ShopOpen/Chiller/SubmitButton'

2019-04-23 15:43:48 - [MESSAGE][WARNING] - Timeout '0' is invalid. Using default page load timeout: '6'

2019-04-23 15:43:49 - [MESSAGE][PASSED] - Tapped on element 'Object Repository/ShopOpen/Chiller/SubmitButton'

2019-04-23 15:43:49 - [TEST_STEP][PASSED] - verifyElementText(findTestObject("ShopOpen/Chiller/Validate_ProductCategoryAssetsScreen", ["package":PACKAGENAME]), "Facing"): Actual text and expected text of test object 'Object Repository/ShopOpen/Chiller/Validate_ProductCategoryAssetsScreen' are matched.

2019-04-23 15:43:49 - [MESSAGE][PASSED] - Actual text and expected text of test object 'Object Repository/ShopOpen/Chiller/Validate_ProductCategoryAssetsScreen' are matched.

2019-04-23 15:43:49 - [TEST_STEP][PASSED] - tap(findTestObject("ShopOpen/Chiller/StockTaking", ["package":PACKAGENAME]), 0): Tapped on element 'Object Repository/ShopOpen/Chiller/StockTaking'

2019-04-23 15:43:49 - [MESSAGE][WARNING] - Timeout '0' is invalid. Using default page load timeout: '6'

2019-04-23 15:43:50 - [MESSAGE][PASSED] - Tapped on element 'Object Repository/ShopOpen/Chiller/StockTaking'

2019-04-23 15:43:50 - [TEST_STEP][PASSED] - verifyElementText(findTestObject("ShopOpen/Chiller/Validate_StockTakingScreen", ["package":PACKAGENAME]), "Stock Taking"): Actual text and expected text of test object 'Object Repository/ShopOpen/Chiller/Validate_StockTakingScreen' are matched.

2019-04-23 15:43:52 - [MESSAGE][PASSED] - Actual text and expected text of test object 'Object Repository/ShopOpen/Chiller/Validate_StockTakingScreen' are matched.

2019-04-23 15:43:52 - [TEST_STEP][PASSED] - com.ct.qa.keywords.ChannelProductsDataKeywords.visitChannelWiseProductsData(CHANNEL_CHILLER_STOCKTAKING, "Stock Taking"): com.ct.qa.keywords.ChannelProductsDataKeywords.visitChannelWiseProductsData is PASSED

2019-04-23 15:43:55 - [MESSAGE][PASSED] - Keyboard is hidden

2019-04-23 15:43:58 - [MESSAGE][PASSED] - Swiped from 117,359 to 117,250

2019-04-23 15:43:58 - [MESSAGE][PASSED] - com.ct.qa.keywords.ChannelProductsDataKeywords.visitChannelWiseProductsData is PASSED

2019-04-23 15:43:58 - [TEST_STEP][PASSED] - tap(findTestObject("ShopOpen/Chiller/SubmitButton", ["package":PACKAGENAME]), 0): Tapped on element 'Object Repository/ShopOpen/Chiller/SubmitButton'

2019-04-23 15:43:58 - [MESSAGE][WARNING] - Timeout '0' is invalid. Using default page load timeout: '6'

2019-04-23 15:43:59 - [MESSAGE][PASSED] - Tapped on element 'Object Repository/ShopOpen/Chiller/SubmitButton'

2019-04-23 15:43:59 - [TEST_STEP][PASSED] - verifyElementText(findTestObject("ShopOpen/Chiller/Validate_ProductCategoryAssetsScreen", ["package":PACKAGENAME]), "Facing"): Actual text and expected text of test object 'Object Repository/ShopOpen/Chiller/Validate_ProductCategoryAssetsScreen' are matched.

2019-04-23 15:43:59 - [MESSAGE][PASSED] - Actual text and expected text of test object 'Object Repository/ShopOpen/Chiller/Validate_ProductCategoryAssetsScreen' are matched.

2019-04-23 15:43:59 - [TEST_STEP][PASSED] - tap(findTestObject("ShopOpen/Chiller/ChillerNotAllocatedProductCategory_BackButton", ["package":PACKAGENAME]), 0): Tapped on element 'Object Repository/ShopOpen/Chiller/ChillerNotAllocatedProductCategory_BackButton'

2019-04-23 15:43:59 - [MESSAGE][WARNING] - Timeout '0' is invalid. Using default page load timeout: '6'

2019-04-23 15:44:00 - [MESSAGE][PASSED] - Tapped on element 'Object Repository/ShopOpen/Chiller/ChillerNotAllocatedProductCategory_BackButton'

2019-04-23 15:44:00 - [MESSAGE][PASSED] - Call Test Case 'Test Cases/ShopOpen/Chiller/VisitProductCategoryAssets' successfully

2019-04-23 15:44:01 - [MESSAGE][PASSED] - Actual text and expected text of test object 'Object Repository/ShopOpen/Chiller/Validate_ChillerNotAllocatedProductCategoryScreen' are matched.

2019-04-23 15:44:02 - [TEST_CASE][PASSED] - Test Cases/ShopOpen/Chiller/VisitProductCategoryAssets: Test Cases/ShopOpen/Chiller/VisitProductCategoryAssets

2019-04-23 15:44:02 - [TEST_STEP][PASSED] - verifyElementText(findTestObject("ShopOpen/Chiller/Validate_ProductCategoryAssetsScreen", ["package":PACKAGENAME]), "Facing"): Actual text and expected text of test object 'Object Repository/ShopOpen/Chiller/Validate_ProductCategoryAssetsScreen' are matched.

2019-04-23 15:44:04 - [MESSAGE][PASSED] - Actual text and expected text of test object 'Object Repository/ShopOpen/Chiller/Validate_ProductCategoryAssetsScreen' are matched.

2019-04-23 15:44:04 - [TEST_STEP][PASSED] - tap(findTestObject("ShopOpen/Chiller/Facing", ["package":PACKAGENAME]), 0): Tapped on element 'Object Repository/ShopOpen/Chiller/Facing'

2019-04-23 15:44:04 - [MESSAGE][WARNING] - Timeout '0' is invalid. Using default page load timeout: '6'

2019-04-23 15:44:05 - [MESSAGE][PASSED] - Tapped on element 'Object Repository/ShopOpen/Chiller/Facing'

2019-04-23 15:44:05 - [TEST_STEP][PASSED] - verifyElementText(findTestObject("ShopOpen/Chiller/Validate_FacingScreen", ["package":PACKAGENAME]), "Facing"): Actual text and expected text of test object 'Object Repository/ShopOpen/Chiller/Validate_FacingScreen' are matched.

2019-04-23 15:44:06 - [MESSAGE][PASSED] - Actual text and expected text of test object 'Object Repository/ShopOpen/Chiller/Validate_FacingScreen' are matched.

2019-04-23 15:44:06 - [TEST_STEP][PASSED] - com.ct.qa.keywords.ChannelProductsDataKeywords.visitChannelWiseProductsData(CHANNEL_CHILLER_FACING, "Facing"): com.ct.qa.keywords.ChannelProductsDataKeywords.visitChannelWiseProductsData is PASSED

2019-04-23 15:44:10 - [MESSAGE][PASSED] - Keyboard is hidden

2019-04-23 15:44:13 - [MESSAGE][PASSED] - Keyboard is hidden

2019-04-23 15:44:16 - [MESSAGE][PASSED] - Keyboard is hidden

2019-04-23 15:44:18 - [MESSAGE][PASSED] - Swiped from 117,359 to 117,250

2019-04-23 15:44:18 - [MESSAGE][PASSED] - com.ct.qa.keywords.ChannelProductsDataKeywords.visitChannelWiseProductsData is PASSED

2019-04-23 15:44:18 - [TEST_STEP][PASSED] - tap(findTestObject("ShopOpen/Chiller/SubmitButton", ["package":PACKAGENAME]), 0): Tapped on element 'Object Repository/ShopOpen/Chiller/SubmitButton'

2019-04-23 15:44:18 - [MESSAGE][WARNING] - Timeout '0' is invalid. Using default page load timeout: '6'

2019-04-23 15:44:19 - [MESSAGE][PASSED] - Tapped on element 'Object Repository/ShopOpen/Chiller/SubmitButton'

2019-04-23 15:44:19 - [TEST_STEP][PASSED] - verifyElementText(findTestObject("ShopOpen/Chiller/Validate_ProductCategoryAssetsScreen", ["package":PACKAGENAME]), "Facing"): Actual text and expected text of test object 'Object Repository/ShopOpen/Chiller/Validate_ProductCategoryAssetsScreen' are matched.

2019-04-23 15:44:20 - [MESSAGE][PASSED] - Actual text and expected text of test object 'Object Repository/ShopOpen/Chiller/Validate_ProductCategoryAssetsScreen' are matched.

2019-04-23 15:44:20 - [TEST_STEP][PASSED] - tap(findTestObject("ShopOpen/Chiller/StockTaking", ["package":PACKAGENAME]), 0): Tapped on element 'Object Repository/ShopOpen/Chiller/StockTaking'

2019-04-23 15:44:20 - [MESSAGE][WARNING] - Timeout '0' is invalid. Using default page load timeout: '6'

2019-04-23 15:44:21 - [MESSAGE][PASSED] - Tapped on element 'Object Repository/ShopOpen/Chiller/StockTaking'

2019-04-23 15:44:21 - [TEST_STEP][PASSED] - verifyElementText(findTestObject("ShopOpen/Chiller/Validate_StockTakingScreen", ["package":PACKAGENAME]), "Stock Taking"): Actual text and expected text of test object 'Object Repository/ShopOpen/Chiller/Validate_StockTakingScreen' are matched.

2019-04-23 15:44:22 - [MESSAGE][PASSED] - Actual text and expected text of test object 'Object Repository/ShopOpen/Chiller/Validate_StockTakingScreen' are matched.

2019-04-23 15:44:22 - [TEST_STEP][PASSED] - com.ct.qa.keywords.ChannelProductsDataKeywords.visitChannelWiseProductsData(CHANNEL_CHILLER_STOCKTAKING, "Stock Taking"): com.ct.qa.keywords.ChannelProductsDataKeywords.visitChannelWiseProductsData is PASSED

2019-04-23 15:44:25 - [MESSAGE][PASSED] - Keyboard is hidden

2019-04-23 15:44:28 - [MESSAGE][PASSED] - Keyboard is hidden

2019-04-23 15:44:31 - [MESSAGE][PASSED] - Keyboard is hidden

2019-04-23 15:44:33 - [MESSAGE][PASSED] - Swiped from 117,359 to 117,250

2019-04-23 15:44:33 - [MESSAGE][PASSED] - com.ct.qa.keywords.ChannelProductsDataKeywords.visitChannelWiseProductsData is PASSED

2019-04-23 15:44:33 - [TEST_STEP][PASSED] - tap(findTestObject("ShopOpen/Chiller/SubmitButton", ["package":PACKAGENAME]), 0): Tapped on element 'Object Repository/ShopOpen/Chiller/SubmitButton'

2019-04-23 15:44:33 - [MESSAGE][WARNING] - Timeout '0' is invalid. Using default page load timeout: '6'

2019-04-23 15:44:34 - [MESSAGE][PASSED] - Tapped on element 'Object Repository/ShopOpen/Chiller/SubmitButton'

2019-04-23 15:44:34 - [TEST_STEP][PASSED] - verifyElementText(findTestObject("ShopOpen/Chiller/Validate_ProductCategoryAssetsScreen", ["package":PACKAGENAME]), "Facing"): Actual text and expected text of test object 'Object Repository/ShopOpen/Chiller/Validate_ProductCategoryAssetsScreen' are matched.

2019-04-23 15:44:35 - [MESSAGE][PASSED] - Actual text and expected text of test object 'Object Repository/ShopOpen/Chiller/Validate_ProductCategoryAssetsScreen' are matched.

2019-04-23 15:44:35 - [TEST_STEP][PASSED] - tap(findTestObject("ShopOpen/Chiller/ChillerNotAllocatedProductCategory_BackButton", ["package":PACKAGENAME]), 0): Tapped on element 'Object Repository/ShopOpen/Chiller/ChillerNotAllocatedProductCategory_BackButton'

2019-04-23 15:44:35 - [MESSAGE][WARNING] - Timeout '0' is invalid. Using default page load timeout: '6'

2019-04-23 15:44:36 - [MESSAGE][PASSED] - Tapped on element 'Object Repository/ShopOpen/Chiller/ChillerNotAllocatedProductCategory_BackButton'

2019-04-23 15:44:36 - [MESSAGE][PASSED] - Call Test Case 'Test Cases/ShopOpen/Chiller/VisitProductCategoryAssets' successfully

2019-04-23 15:44:36 - [MESSAGE][PASSED] - Actual text and expected text of test object 'Object Repository/ShopOpen/Chiller/Validate_ChillerNotAllocatedProductCategoryScreen' are matched.

2019-04-23 15:44:36 - [MESSAGE][PASSED] - com.ct.qa.keywords.ChannelProductsDataKeywords.visitChillerNotAllocatedProductCategories is PASSED

2019-04-23 15:44:36 - [TEST_STEP][PASSED] - verifyElementText(findTestObject("ShopOpen/Chiller/Validate_ChillerNotAllocatedProductCategoryScreen", ["package":PACKAGENAME]), "Category:Chiller"): Actual text and expected text of test object 'Object Repository/ShopOpen/Chiller/Validate_ChillerNotAllocatedProductCategoryScreen' are matched.

2019-04-23 15:44:36 - [MESSAGE][PASSED] - Actual text and expected text of test object 'Object Repository/ShopOpen/Chiller/Validate_ChillerNotAllocatedProductCategoryScreen' are matched.

2019-04-23 15:44:36 - [TEST_STEP][PASSED] - com.ct.qa.keywords.CommonKeywords.visitPlanogramImageViewButton(): com.ct.qa.keywords.CommonKeywords.visitPlanogramImageViewButton is PASSED

2019-04-23 15:44:38 - [MESSAGE][WARNING] - Timeout '0' is invalid. Using default page load timeout: '6'

2019-04-23 15:44:46 - [MESSAGE][WARNING] - Object Object Repository/CommonScreenElements/InfoPopUp_OKButton not found
[[ATTACHMENT|F:\\Git Projects\\MMAPlus_Merchandising\\MMAPlus_Merchandising\\Reports\\MMA Plus Merchandising Data Verification\\20190423_151839\\1556016284980.png]]

2019-04-23 15:44:46 - [MESSAGE][PASSED] - com.ct.qa.keywords.CommonKeywords.visitPlanogramImageViewButton is PASSED

2019-04-23 15:44:46 - [TEST_STEP][PASSED] - verifyElementText(findTestObject("ShopOpen/Chiller/Validate_ChillerNotAllocatedProductCategoryScreen", ["package":PACKAGENAME]), "Category:Chiller"): Actual text and expected text of test object 'Object Repository/ShopOpen/Chiller/Validate_ChillerNotAllocatedProductCategoryScreen' are matched.

2019-04-23 15:44:47 - [MESSAGE][PASSED] - Actual text and expected text of test object 'Object Repository/ShopOpen/Chiller/Validate_ChillerNotAllocatedProductCategoryScreen' are matched.

2019-04-23 15:44:47 - [TEST_STEP][PASSED] - com.ct.qa.keywords.CommonKeywords.visitPictureImageViewButton(): com.ct.qa.keywords.CommonKeywords.visitPictureImageViewButton is PASSED

2019-04-23 15:44:50 - [MESSAGE][WARNING] - Timeout '0' is invalid. Using default page load timeout: '6'

2019-04-23 15:44:51 - [MESSAGE][PASSED] - Element 'Object Repository/CommonScreenElements/Validate_CameraScreen' is exist

2019-04-23 15:44:51 - [MESSAGE][WARNING] - Timeout '0' is invalid. Using default page load timeout: '6'

2019-04-23 15:44:55 - [MESSAGE][PASSED] - Tapped on element 'Object Repository/CommonScreenElements/Camera_TakePictureButton'

2019-04-23 15:45:00 - [MESSAGE][PASSED] - Delayed 5 second(s)

2019-04-23 15:45:00 - [MESSAGE][WARNING] - Timeout '0' is invalid. Using default page load timeout: '6'

2019-04-23 15:45:00 - [MESSAGE][PASSED] - Tapped on element 'Object Repository/CommonScreenElements/Camera_DoneButton'

2019-04-23 15:45:00 - [MESSAGE][PASSED] - com.ct.qa.keywords.CommonKeywords.visitPictureImageViewButton is PASSED

2019-04-23 15:45:00 - [TEST_STEP][PASSED] - verifyElementText(findTestObject("ShopOpen/Chiller/Validate_ChillerNotAllocatedProductCategoryScreen", ["package":PACKAGENAME]), "Category:Chiller"): Actual text and expected text of test object 'Object Repository/ShopOpen/Chiller/Validate_ChillerNotAllocatedProductCategoryScreen' are matched.

2019-04-23 15:45:01 - [MESSAGE][PASSED] - Actual text and expected text of test object 'Object Repository/ShopOpen/Chiller/Validate_ChillerNotAllocatedProductCategoryScreen' are matched.

2019-04-23 15:45:01 - [TEST_STEP][PASSED] - com.ct.qa.keywords.CommonKeywords.visitBackImageViewButton(): com.ct.qa.keywords.CommonKeywords.visitBackImageViewButton is PASSED

2019-04-23 15:45:03 - [MESSAGE][PASSED] - com.ct.qa.keywords.CommonKeywords.visitBackImageViewButton is PASSED

2019-04-23 15:45:03 - [TEST_STEP][PASSED] - verifyElementExist(findTestObject("ShopOpen/Validate_ShopCategoriesListScreen", ["package":PACKAGENAME]), 0): Element 'Object Repository/ShopOpen/Validate_ShopCategoriesListScreen' is exist

2019-04-23 15:45:03 - [MESSAGE][WARNING] - Timeout '0' is invalid. Using default page load timeout: '6'

2019-04-23 15:45:05 - [MESSAGE][PASSED] - Element 'Object Repository/ShopOpen/Validate_ShopCategoriesListScreen' is exist

2019-04-23 15:45:05 - [MESSAGE][PASSED] - Call Test Case 'Test Cases/ShopOpen/Chiller/VisitChillerWithChillerNotAllocated' successfully

2019-04-23 15:45:06 - [MESSAGE][WARNING] - Timeout '0' is invalid. Using default page load timeout: '6'

2019-04-23 15:45:13 - [MESSAGE][WARNING] - Element 'Object Repository/CommonScreenElements/Validate_CameraScreen' not found
[[ATTACHMENT|F:\\Git Projects\\MMAPlus_Merchandising\\MMAPlus_Merchandising\\Reports\\MMA Plus Merchandising Data Verification\\20190423_151839\\1556016312490.png]]

2019-04-23 15:45:13 - [MESSAGE][PASSED] - Actual text and expected text of test object 'Object Repository/ShopOpen/RemainingCategories/Validate_MainCategoryDetailScreen' are matched.

2019-04-23 15:45:15 - [TEST_CASE][PASSED] - Test Cases/ShopOpen/RemainingCategories/VisitRemainingCategoriesWithDSA: Test Cases/ShopOpen/RemainingCategories/VisitRemainingCategoriesWithDSA

2019-04-23 15:45:15 - [TEST_STEP][PASSED] - verifyElementText(findTestObject("ShopOpen/RemainingCategories/Validate_ProductCategoryAssetScreen", ["package":PACKAGENAME]), "Facing"): Actual text and expected text of test object 'Object Repository/ShopOpen/RemainingCategories/Validate_ProductCategoryAssetScreen' are matched.

2019-04-23 15:45:16 - [MESSAGE][PASSED] - Actual text and expected text of test object 'Object Repository/ShopOpen/RemainingCategories/Validate_ProductCategoryAssetScreen' are matched.

2019-04-23 15:45:16 - [TEST_STEP][PASSED] - tap(findTestObject("ShopOpen/RemainingCategories/Facing", ["package":PACKAGENAME]), 0): Tapped on element 'Object Repository/ShopOpen/RemainingCategories/Facing'

2019-04-23 15:45:16 - [MESSAGE][WARNING] - Timeout '0' is invalid. Using default page load timeout: '6'

2019-04-23 15:45:16 - [MESSAGE][PASSED] - Tapped on element 'Object Repository/ShopOpen/RemainingCategories/Facing'

2019-04-23 15:45:16 - [TEST_STEP][PASSED] - verifyElementText(findTestObject("ShopOpen/RemainingCategories/Validate_FacingScreen", ["package":PACKAGENAME]), "Facing"): Actual text and expected text of test object 'Object Repository/ShopOpen/RemainingCategories/Validate_FacingScreen' are matched.

2019-04-23 15:45:18 - [MESSAGE][PASSED] - Actual text and expected text of test object 'Object Repository/ShopOpen/RemainingCategories/Validate_FacingScreen' are matched.

2019-04-23 15:45:18 - [TEST_STEP][PASSED] - com.ct.qa.keywords.ChannelProductsDataKeywords.visitChannelWiseProductsData(CHANNEL_DSA_FACING, "Facing"): com.ct.qa.keywords.ChannelProductsDataKeywords.visitChannelWiseProductsData is PASSED

2019-04-23 15:45:22 - [MESSAGE][PASSED] - Keyboard is hidden

2019-04-23 15:45:25 - [MESSAGE][PASSED] - Keyboard is hidden

2019-04-23 15:45:28 - [MESSAGE][PASSED] - Keyboard is hidden

2019-04-23 15:45:31 - [MESSAGE][PASSED] - Keyboard is hidden

2019-04-23 15:45:34 - [MESSAGE][PASSED] - Keyboard is hidden

2019-04-23 15:45:37 - [MESSAGE][PASSED] - Keyboard is hidden

2019-04-23 15:45:39 - [MESSAGE][PASSED] - Swiped from 114,359 to 114,250

2019-04-23 15:45:40 - [MESSAGE][PASSED] - com.ct.qa.keywords.ChannelProductsDataKeywords.visitChannelWiseProductsData is PASSED

2019-04-23 15:45:40 - [TEST_STEP][PASSED] - tap(findTestObject("ShopOpen/RemainingCategories/SubmitButton", ["package":PACKAGENAME]), 0): Tapped on element 'Object Repository/ShopOpen/RemainingCategories/SubmitButton'

2019-04-23 15:45:40 - [MESSAGE][WARNING] - Timeout '0' is invalid. Using default page load timeout: '6'

2019-04-23 15:45:42 - [MESSAGE][PASSED] - Tapped on element 'Object Repository/ShopOpen/RemainingCategories/SubmitButton'

2019-04-23 15:45:42 - [TEST_STEP][PASSED] - verifyElementText(findTestObject("ShopOpen/RemainingCategories/Validate_ProductCategoryAssetScreen", ["package":PACKAGENAME]), "Facing"): Actual text and expected text of test object 'Object Repository/ShopOpen/RemainingCategories/Validate_ProductCategoryAssetScreen' are matched.

2019-04-23 15:45:42 - [MESSAGE][PASSED] - Actual text and expected text of test object 'Object Repository/ShopOpen/RemainingCategories/Validate_ProductCategoryAssetScreen' are matched.

2019-04-23 15:45:42 - [TEST_STEP][PASSED] - tap(findTestObject("ShopOpen/RemainingCategories/StockTaking", ["package":PACKAGENAME]), 0): Tapped on element 'Object Repository/ShopOpen/RemainingCategories/StockTaking'

2019-04-23 15:45:42 - [MESSAGE][WARNING] - Timeout '0' is invalid. Using default page load timeout: '6'

2019-04-23 15:45:43 - [MESSAGE][PASSED] - Tapped on element 'Object Repository/ShopOpen/RemainingCategories/StockTaking'

2019-04-23 15:45:43 - [TEST_STEP][PASSED] - verifyElementText(findTestObject("ShopOpen/RemainingCategories/Validate_StockTakingScreen", ["package":PACKAGENAME]), "Stock Taking"): Actual text and expected text of test object 'Object Repository/ShopOpen/RemainingCategories/Validate_StockTakingScreen' are matched.

2019-04-23 15:45:45 - [MESSAGE][PASSED] - Actual text and expected text of test object 'Object Repository/ShopOpen/RemainingCategories/Validate_StockTakingScreen' are matched.

2019-04-23 15:45:45 - [TEST_STEP][PASSED] - com.ct.qa.keywords.ChannelProductsDataKeywords.visitChannelWiseProductsData(CHANNEL_DSA_STOCKTAKING, "Stock Taking"): com.ct.qa.keywords.ChannelProductsDataKeywords.visitChannelWiseProductsData is PASSED

2019-04-23 15:45:49 - [MESSAGE][PASSED] - Keyboard is hidden

2019-04-23 15:45:52 - [MESSAGE][PASSED] - Keyboard is hidden

2019-04-23 15:45:55 - [MESSAGE][PASSED] - Keyboard is hidden

2019-04-23 15:45:58 - [MESSAGE][PASSED] - Keyboard is hidden

2019-04-23 15:46:01 - [MESSAGE][PASSED] - Keyboard is hidden

2019-04-23 15:46:04 - [MESSAGE][PASSED] - Keyboard is hidden

2019-04-23 15:46:06 - [MESSAGE][PASSED] - Swiped from 114,359 to 114,250

2019-04-23 15:46:07 - [MESSAGE][PASSED] - com.ct.qa.keywords.ChannelProductsDataKeywords.visitChannelWiseProductsData is PASSED

2019-04-23 15:46:07 - [TEST_STEP][PASSED] - tap(findTestObject("ShopOpen/RemainingCategories/SubmitButton", ["package":PACKAGENAME]), 0): Tapped on element 'Object Repository/ShopOpen/RemainingCategories/SubmitButton'

2019-04-23 15:46:07 - [MESSAGE][WARNING] - Timeout '0' is invalid. Using default page load timeout: '6'

2019-04-23 15:46:08 - [MESSAGE][PASSED] - Tapped on element 'Object Repository/ShopOpen/RemainingCategories/SubmitButton'

2019-04-23 15:46:08 - [TEST_STEP][PASSED] - verifyElementText(findTestObject("ShopOpen/RemainingCategories/Validate_ProductCategoryAssetScreen", ["package":PACKAGENAME]), "Facing"): Actual text and expected text of test object 'Object Repository/ShopOpen/RemainingCategories/Validate_ProductCategoryAssetScreen' are matched.

2019-04-23 15:46:09 - [MESSAGE][PASSED] - Actual text and expected text of test object 'Object Repository/ShopOpen/RemainingCategories/Validate_ProductCategoryAssetScreen' are matched.

2019-04-23 15:46:09 - [TEST_STEP][PASSED] - com.ct.qa.keywords.CommonKeywords.visitPlanogramImageViewButton(): com.ct.qa.keywords.CommonKeywords.visitPlanogramImageViewButton is PASSED

2019-04-23 15:46:11 - [MESSAGE][WARNING] - Timeout '0' is invalid. Using default page load timeout: '6'

2019-04-23 15:46:18 - [MESSAGE][WARNING] - Object Object Repository/CommonScreenElements/InfoPopUp_OKButton not found
[[ATTACHMENT|F:\\Git Projects\\MMAPlus_Merchandising\\MMAPlus_Merchandising\\Reports\\MMA Plus Merchandising Data Verification\\20190423_151839\\1556016377867.png]]

2019-04-23 15:46:19 - [MESSAGE][PASSED] - com.ct.qa.keywords.CommonKeywords.visitPlanogramImageViewButton is PASSED

2019-04-23 15:46:19 - [TEST_STEP][PASSED] - verifyElementText(findTestObject("ShopOpen/RemainingCategories/Validate_ProductCategoryAssetScreen", ["package":PACKAGENAME]), "Facing"): Actual text and expected text of test object 'Object Repository/ShopOpen/RemainingCategories/Validate_ProductCategoryAssetScreen' are matched.

2019-04-23 15:46:20 - [MESSAGE][PASSED] - Actual text and expected text of test object 'Object Repository/ShopOpen/RemainingCategories/Validate_ProductCategoryAssetScreen' are matched.

2019-04-23 15:46:20 - [TEST_STEP][PASSED] - com.ct.qa.keywords.CommonKeywords.visitPictureImageViewButton(): com.ct.qa.keywords.CommonKeywords.visitPictureImageViewButton is PASSED

2019-04-23 15:46:23 - [MESSAGE][WARNING] - Timeout '0' is invalid. Using default page load timeout: '6'

2019-04-23 15:46:24 - [MESSAGE][PASSED] - Element 'Object Repository/CommonScreenElements/Validate_CameraScreen' is exist

2019-04-23 15:46:24 - [MESSAGE][WARNING] - Timeout '0' is invalid. Using default page load timeout: '6'

2019-04-23 15:46:27 - [MESSAGE][PASSED] - Tapped on element 'Object Repository/CommonScreenElements/Camera_TakePictureButton'

2019-04-23 15:46:32 - [MESSAGE][PASSED] - Delayed 5 second(s)

2019-04-23 15:46:32 - [MESSAGE][WARNING] - Timeout '0' is invalid. Using default page load timeout: '6'

2019-04-23 15:46:33 - [MESSAGE][PASSED] - Tapped on element 'Object Repository/CommonScreenElements/Camera_DoneButton'

2019-04-23 15:46:33 - [MESSAGE][PASSED] - com.ct.qa.keywords.CommonKeywords.visitPictureImageViewButton is PASSED

2019-04-23 15:46:33 - [TEST_STEP][PASSED] - verifyElementText(findTestObject("ShopOpen/RemainingCategories/Validate_ProductCategoryAssetScreen", ["package":PACKAGENAME]), "Facing"): Actual text and expected text of test object 'Object Repository/ShopOpen/RemainingCategories/Validate_ProductCategoryAssetScreen' are matched.

2019-04-23 15:46:33 - [MESSAGE][PASSED] - Actual text and expected text of test object 'Object Repository/ShopOpen/RemainingCategories/Validate_ProductCategoryAssetScreen' are matched.

2019-04-23 15:46:33 - [TEST_STEP][PASSED] - com.ct.qa.keywords.CommonKeywords.visitBackImageViewButton(): com.ct.qa.keywords.CommonKeywords.visitBackImageViewButton is PASSED

2019-04-23 15:46:35 - [MESSAGE][PASSED] - com.ct.qa.keywords.CommonKeywords.visitBackImageViewButton is PASSED

2019-04-23 15:46:35 - [TEST_STEP][PASSED] - verifyElementExist(findTestObject("ShopOpen/Validate_ShopCategoriesListScreen", ["package":PACKAGENAME]), 0): Element 'Object Repository/ShopOpen/Validate_ShopCategoriesListScreen' is exist

2019-04-23 15:46:35 - [MESSAGE][WARNING] - Timeout '0' is invalid. Using default page load timeout: '6'

2019-04-23 15:46:37 - [MESSAGE][PASSED] - Element 'Object Repository/ShopOpen/Validate_ShopCategoriesListScreen' is exist

2019-04-23 15:46:37 - [MESSAGE][PASSED] - Call Test Case 'Test Cases/ShopOpen/RemainingCategories/VisitRemainingCategoriesWithDSA' successfully

2019-04-23 15:46:38 - [MESSAGE][WARNING] - Timeout '0' is invalid. Using default page load timeout: '6'

2019-04-23 15:46:45 - [MESSAGE][WARNING] - Element 'Object Repository/CommonScreenElements/Validate_CameraScreen' not found
[[ATTACHMENT|F:\\Git Projects\\MMAPlus_Merchandising\\MMAPlus_Merchandising\\Reports\\MMA Plus Merchandising Data Verification\\20190423_151839\\1556016404505.png]]

2019-04-23 15:46:45 - [MESSAGE][PASSED] - Actual text and expected text of test object 'Object Repository/ShopOpen/RemainingCategories/Validate_MainCategoryDetailScreen' are matched.

2019-04-23 15:46:46 - [TEST_CASE][PASSED] - Test Cases/ShopOpen/RemainingCategories/VisitRemainingCategoriesWithDSA: Test Cases/ShopOpen/RemainingCategories/VisitRemainingCategoriesWithDSA

2019-04-23 15:46:47 - [TEST_STEP][PASSED] - verifyElementText(findTestObject("ShopOpen/RemainingCategories/Validate_ProductCategoryAssetScreen", ["package":PACKAGENAME]), "Facing"): Actual text and expected text of test object 'Object Repository/ShopOpen/RemainingCategories/Validate_ProductCategoryAssetScreen' are matched.

2019-04-23 15:46:48 - [MESSAGE][PASSED] - Actual text and expected text of test object 'Object Repository/ShopOpen/RemainingCategories/Validate_ProductCategoryAssetScreen' are matched.

2019-04-23 15:46:48 - [TEST_STEP][PASSED] - tap(findTestObject("ShopOpen/RemainingCategories/Facing", ["package":PACKAGENAME]), 0): Tapped on element 'Object Repository/ShopOpen/RemainingCategories/Facing'

2019-04-23 15:46:48 - [MESSAGE][WARNING] - Timeout '0' is invalid. Using default page load timeout: '6'

2019-04-23 15:46:48 - [MESSAGE][PASSED] - Tapped on element 'Object Repository/ShopOpen/RemainingCategories/Facing'

2019-04-23 15:46:48 - [TEST_STEP][PASSED] - verifyElementText(findTestObject("ShopOpen/RemainingCategories/Validate_FacingScreen", ["package":PACKAGENAME]), "Facing"): Actual text and expected text of test object 'Object Repository/ShopOpen/RemainingCategories/Validate_FacingScreen' are matched.

2019-04-23 15:46:50 - [MESSAGE][PASSED] - Actual text and expected text of test object 'Object Repository/ShopOpen/RemainingCategories/Validate_FacingScreen' are matched.

2019-04-23 15:46:50 - [TEST_STEP][PASSED] - com.ct.qa.keywords.ChannelProductsDataKeywords.visitChannelWiseProductsData(CHANNEL_DSA_FACING, "Facing"): com.ct.qa.keywords.ChannelProductsDataKeywords.visitChannelWiseProductsData is PASSED

2019-04-23 15:46:53 - [MESSAGE][PASSED] - Keyboard is hidden

2019-04-23 15:46:56 - [MESSAGE][PASSED] - Keyboard is hidden

2019-04-23 15:46:59 - [MESSAGE][PASSED] - Keyboard is hidden

2019-04-23 15:47:02 - [MESSAGE][PASSED] - Keyboard is hidden

2019-04-23 15:47:05 - [MESSAGE][PASSED] - Keyboard is hidden

2019-04-23 15:47:07 - [MESSAGE][PASSED] - Swiped from 111,359 to 111,250

2019-04-23 15:47:08 - [MESSAGE][PASSED] - com.ct.qa.keywords.ChannelProductsDataKeywords.visitChannelWiseProductsData is PASSED

2019-04-23 15:47:08 - [TEST_STEP][PASSED] - tap(findTestObject("ShopOpen/RemainingCategories/SubmitButton", ["package":PACKAGENAME]), 0): Tapped on element 'Object Repository/ShopOpen/RemainingCategories/SubmitButton'

2019-04-23 15:47:08 - [MESSAGE][WARNING] - Timeout '0' is invalid. Using default page load timeout: '6'

2019-04-23 15:47:08 - [MESSAGE][PASSED] - Tapped on element 'Object Repository/ShopOpen/RemainingCategories/SubmitButton'

2019-04-23 15:47:08 - [TEST_STEP][PASSED] - verifyElementText(findTestObject("ShopOpen/RemainingCategories/Validate_ProductCategoryAssetScreen", ["package":PACKAGENAME]), "Facing"): Actual text and expected text of test object 'Object Repository/ShopOpen/RemainingCategories/Validate_ProductCategoryAssetScreen' are matched.

2019-04-23 15:47:09 - [MESSAGE][PASSED] - Actual text and expected text of test object 'Object Repository/ShopOpen/RemainingCategories/Validate_ProductCategoryAssetScreen' are matched.

2019-04-23 15:47:09 - [TEST_STEP][PASSED] - tap(findTestObject("ShopOpen/RemainingCategories/StockTaking", ["package":PACKAGENAME]), 0): Tapped on element 'Object Repository/ShopOpen/RemainingCategories/StockTaking'

2019-04-23 15:47:09 - [MESSAGE][WARNING] - Timeout '0' is invalid. Using default page load timeout: '6'

2019-04-23 15:47:10 - [MESSAGE][PASSED] - Tapped on element 'Object Repository/ShopOpen/RemainingCategories/StockTaking'

2019-04-23 15:47:10 - [TEST_STEP][PASSED] - verifyElementText(findTestObject("ShopOpen/RemainingCategories/Validate_StockTakingScreen", ["package":PACKAGENAME]), "Stock Taking"): Actual text and expected text of test object 'Object Repository/ShopOpen/RemainingCategories/Validate_StockTakingScreen' are matched.

2019-04-23 15:47:12 - [MESSAGE][PASSED] - Actual text and expected text of test object 'Object Repository/ShopOpen/RemainingCategories/Validate_StockTakingScreen' are matched.

2019-04-23 15:47:12 - [TEST_STEP][PASSED] - com.ct.qa.keywords.ChannelProductsDataKeywords.visitChannelWiseProductsData(CHANNEL_DSA_STOCKTAKING, "Stock Taking"): com.ct.qa.keywords.ChannelProductsDataKeywords.visitChannelWiseProductsData is PASSED

2019-04-23 15:47:16 - [MESSAGE][PASSED] - Keyboard is hidden

2019-04-23 15:47:19 - [MESSAGE][PASSED] - Keyboard is hidden

2019-04-23 15:47:22 - [MESSAGE][PASSED] - Keyboard is hidden

2019-04-23 15:47:25 - [MESSAGE][PASSED] - Keyboard is hidden

2019-04-23 15:47:28 - [MESSAGE][PASSED] - Keyboard is hidden

2019-04-23 15:47:30 - [MESSAGE][PASSED] - Swiped from 111,359 to 111,250

2019-04-23 15:47:31 - [MESSAGE][PASSED] - com.ct.qa.keywords.ChannelProductsDataKeywords.visitChannelWiseProductsData is PASSED

2019-04-23 15:47:31 - [TEST_STEP][PASSED] - tap(findTestObject("ShopOpen/RemainingCategories/SubmitButton", ["package":PACKAGENAME]), 0): Tapped on element 'Object Repository/ShopOpen/RemainingCategories/SubmitButton'

2019-04-23 15:47:31 - [MESSAGE][WARNING] - Timeout '0' is invalid. Using default page load timeout: '6'

2019-04-23 15:47:32 - [MESSAGE][PASSED] - Tapped on element 'Object Repository/ShopOpen/RemainingCategories/SubmitButton'

2019-04-23 15:47:32 - [TEST_STEP][PASSED] - verifyElementText(findTestObject("ShopOpen/RemainingCategories/Validate_ProductCategoryAssetScreen", ["package":PACKAGENAME]), "Facing"): Actual text and expected text of test object 'Object Repository/ShopOpen/RemainingCategories/Validate_ProductCategoryAssetScreen' are matched.

2019-04-23 15:47:32 - [MESSAGE][PASSED] - Actual text and expected text of test object 'Object Repository/ShopOpen/RemainingCategories/Validate_ProductCategoryAssetScreen' are matched.

2019-04-23 15:47:32 - [TEST_STEP][PASSED] - com.ct.qa.keywords.CommonKeywords.visitPlanogramImageViewButton(): com.ct.qa.keywords.CommonKeywords.visitPlanogramImageViewButton is PASSED

2019-04-23 15:47:35 - [MESSAGE][WARNING] - Timeout '0' is invalid. Using default page load timeout: '6'

2019-04-23 15:47:42 - [MESSAGE][WARNING] - Object Object Repository/CommonScreenElements/InfoPopUp_OKButton not found
[[ATTACHMENT|F:\\Git Projects\\MMAPlus_Merchandising\\MMAPlus_Merchandising\\Reports\\MMA Plus Merchandising Data Verification\\20190423_151839\\1556016461080.png]]

2019-04-23 15:47:42 - [MESSAGE][PASSED] - com.ct.qa.keywords.CommonKeywords.visitPlanogramImageViewButton is PASSED

2019-04-23 15:47:42 - [TEST_STEP][PASSED] - verifyElementText(findTestObject("ShopOpen/RemainingCategories/Validate_ProductCategoryAssetScreen", ["package":PACKAGENAME]), "Facing"): Actual text and expected text of test object 'Object Repository/ShopOpen/RemainingCategories/Validate_ProductCategoryAssetScreen' are matched.

2019-04-23 15:47:43 - [MESSAGE][PASSED] - Actual text and expected text of test object 'Object Repository/ShopOpen/RemainingCategories/Validate_ProductCategoryAssetScreen' are matched.

2019-04-23 15:47:43 - [TEST_STEP][PASSED] - com.ct.qa.keywords.CommonKeywords.visitPictureImageViewButton(): com.ct.qa.keywords.CommonKeywords.visitPictureImageViewButton is PASSED

2019-04-23 15:47:44 - [MESSAGE][WARNING] - Timeout '0' is invalid. Using default page load timeout: '6'

2019-04-23 15:47:47 - [MESSAGE][PASSED] - Element 'Object Repository/CommonScreenElements/Validate_CameraScreen' is exist

2019-04-23 15:47:47 - [MESSAGE][WARNING] - Timeout '0' is invalid. Using default page load timeout: '6'

2019-04-23 15:47:50 - [MESSAGE][PASSED] - Tapped on element 'Object Repository/CommonScreenElements/Camera_TakePictureButton'

2019-04-23 15:47:55 - [MESSAGE][PASSED] - Delayed 5 second(s)

2019-04-23 15:47:55 - [MESSAGE][WARNING] - Timeout '0' is invalid. Using default page load timeout: '6'

2019-04-23 15:47:55 - [MESSAGE][PASSED] - Tapped on element 'Object Repository/CommonScreenElements/Camera_DoneButton'

2019-04-23 15:47:55 - [MESSAGE][PASSED] - com.ct.qa.keywords.CommonKeywords.visitPictureImageViewButton is PASSED

2019-04-23 15:47:55 - [TEST_STEP][PASSED] - verifyElementText(findTestObject("ShopOpen/RemainingCategories/Validate_ProductCategoryAssetScreen", ["package":PACKAGENAME]), "Facing"): Actual text and expected text of test object 'Object Repository/ShopOpen/RemainingCategories/Validate_ProductCategoryAssetScreen' are matched.

2019-04-23 15:47:57 - [MESSAGE][PASSED] - Actual text and expected text of test object 'Object Repository/ShopOpen/RemainingCategories/Validate_ProductCategoryAssetScreen' are matched.

2019-04-23 15:47:57 - [TEST_STEP][PASSED] - com.ct.qa.keywords.CommonKeywords.visitBackImageViewButton(): com.ct.qa.keywords.CommonKeywords.visitBackImageViewButton is PASSED

2019-04-23 15:47:58 - [MESSAGE][PASSED] - com.ct.qa.keywords.CommonKeywords.visitBackImageViewButton is PASSED

2019-04-23 15:47:58 - [TEST_STEP][PASSED] - verifyElementExist(findTestObject("ShopOpen/Validate_ShopCategoriesListScreen", ["package":PACKAGENAME]), 0): Element 'Object Repository/ShopOpen/Validate_ShopCategoriesListScreen' is exist

2019-04-23 15:47:58 - [MESSAGE][WARNING] - Timeout '0' is invalid. Using default page load timeout: '6'

2019-04-23 15:48:00 - [MESSAGE][PASSED] - Element 'Object Repository/ShopOpen/Validate_ShopCategoriesListScreen' is exist

2019-04-23 15:48:00 - [MESSAGE][PASSED] - Call Test Case 'Test Cases/ShopOpen/RemainingCategories/VisitRemainingCategoriesWithDSA' successfully

2019-04-23 15:48:02 - [MESSAGE][WARNING] - Timeout '0' is invalid. Using default page load timeout: '6'

2019-04-23 15:48:09 - [MESSAGE][WARNING] - Element 'Object Repository/CommonScreenElements/Validate_CameraScreen' not found
[[ATTACHMENT|F:\\Git Projects\\MMAPlus_Merchandising\\MMAPlus_Merchandising\\Reports\\MMA Plus Merchandising Data Verification\\20190423_151839\\1556016488562.png]]

2019-04-23 15:48:09 - [MESSAGE][PASSED] - Actual text and expected text of test object 'Object Repository/ShopOpen/RemainingCategories/Validate_MainCategoryDetailScreen' are matched.

2019-04-23 15:48:11 - [TEST_CASE][PASSED] - Test Cases/ShopOpen/RemainingCategories/VisitRemainingCategoriesWithDSA: Test Cases/ShopOpen/RemainingCategories/VisitRemainingCategoriesWithDSA

2019-04-23 15:48:11 - [TEST_STEP][PASSED] - verifyElementText(findTestObject("ShopOpen/RemainingCategories/Validate_ProductCategoryAssetScreen", ["package":PACKAGENAME]), "Facing"): Actual text and expected text of test object 'Object Repository/ShopOpen/RemainingCategories/Validate_ProductCategoryAssetScreen' are matched.

2019-04-23 15:48:13 - [MESSAGE][PASSED] - Actual text and expected text of test object 'Object Repository/ShopOpen/RemainingCategories/Validate_ProductCategoryAssetScreen' are matched.

2019-04-23 15:48:13 - [TEST_STEP][PASSED] - tap(findTestObject("ShopOpen/RemainingCategories/Facing", ["package":PACKAGENAME]), 0): Tapped on element 'Object Repository/ShopOpen/RemainingCategories/Facing'

2019-04-23 15:48:13 - [MESSAGE][WARNING] - Timeout '0' is invalid. Using default page load timeout: '6'

2019-04-23 15:48:14 - [MESSAGE][PASSED] - Tapped on element 'Object Repository/ShopOpen/RemainingCategories/Facing'

2019-04-23 15:48:14 - [TEST_STEP][PASSED] - verifyElementText(findTestObject("ShopOpen/RemainingCategories/Validate_FacingScreen", ["package":PACKAGENAME]), "Facing"): Actual text and expected text of test object 'Object Repository/ShopOpen/RemainingCategories/Validate_FacingScreen' are matched.

2019-04-23 15:48:15 - [MESSAGE][PASSED] - Actual text and expected text of test object 'Object Repository/ShopOpen/RemainingCategories/Validate_FacingScreen' are matched.

2019-04-23 15:48:15 - [TEST_STEP][PASSED] - com.ct.qa.keywords.ChannelProductsDataKeywords.visitChannelWiseProductsData(CHANNEL_DSA_FACING, "Facing"): com.ct.qa.keywords.ChannelProductsDataKeywords.visitChannelWiseProductsData is PASSED

2019-04-23 15:48:19 - [MESSAGE][PASSED] - Keyboard is hidden

2019-04-23 15:48:22 - [MESSAGE][PASSED] - Keyboard is hidden

2019-04-23 15:48:25 - [MESSAGE][PASSED] - Keyboard is hidden

2019-04-23 15:48:28 - [MESSAGE][PASSED] - Keyboard is hidden

2019-04-23 15:48:30 - [MESSAGE][PASSED] - Swiped from 42,359 to 42,250

2019-04-23 15:48:31 - [MESSAGE][PASSED] - com.ct.qa.keywords.ChannelProductsDataKeywords.visitChannelWiseProductsData is PASSED

2019-04-23 15:48:31 - [TEST_STEP][PASSED] - tap(findTestObject("ShopOpen/RemainingCategories/SubmitButton", ["package":PACKAGENAME]), 0): Tapped on element 'Object Repository/ShopOpen/RemainingCategories/SubmitButton'

2019-04-23 15:48:31 - [MESSAGE][WARNING] - Timeout '0' is invalid. Using default page load timeout: '6'

2019-04-23 15:48:31 - [MESSAGE][PASSED] - Tapped on element 'Object Repository/ShopOpen/RemainingCategories/SubmitButton'

2019-04-23 15:48:31 - [TEST_STEP][PASSED] - verifyElementText(findTestObject("ShopOpen/RemainingCategories/Validate_ProductCategoryAssetScreen", ["package":PACKAGENAME]), "Facing"): Actual text and expected text of test object 'Object Repository/ShopOpen/RemainingCategories/Validate_ProductCategoryAssetScreen' are matched.

2019-04-23 15:48:32 - [MESSAGE][PASSED] - Actual text and expected text of test object 'Object Repository/ShopOpen/RemainingCategories/Validate_ProductCategoryAssetScreen' are matched.

2019-04-23 15:48:32 - [TEST_STEP][PASSED] - tap(findTestObject("ShopOpen/RemainingCategories/StockTaking", ["package":PACKAGENAME]), 0): Tapped on element 'Object Repository/ShopOpen/RemainingCategories/StockTaking'

2019-04-23 15:48:32 - [MESSAGE][WARNING] - Timeout '0' is invalid. Using default page load timeout: '6'

2019-04-23 15:48:34 - [MESSAGE][PASSED] - Tapped on element 'Object Repository/ShopOpen/RemainingCategories/StockTaking'

2019-04-23 15:48:34 - [TEST_STEP][PASSED] - verifyElementText(findTestObject("ShopOpen/RemainingCategories/Validate_StockTakingScreen", ["package":PACKAGENAME]), "Stock Taking"): Actual text and expected text of test object 'Object Repository/ShopOpen/RemainingCategories/Validate_StockTakingScreen' are matched.

2019-04-23 15:48:35 - [MESSAGE][PASSED] - Actual text and expected text of test object 'Object Repository/ShopOpen/RemainingCategories/Validate_StockTakingScreen' are matched.

2019-04-23 15:48:35 - [TEST_STEP][PASSED] - com.ct.qa.keywords.ChannelProductsDataKeywords.visitChannelWiseProductsData(CHANNEL_DSA_STOCKTAKING, "Stock Taking"): com.ct.qa.keywords.ChannelProductsDataKeywords.visitChannelWiseProductsData is PASSED

2019-04-23 15:48:38 - [MESSAGE][PASSED] - Keyboard is hidden

2019-04-23 15:48:41 - [MESSAGE][PASSED] - Keyboard is hidden

2019-04-23 15:48:44 - [MESSAGE][PASSED] - Keyboard is hidden

2019-04-23 15:48:47 - [MESSAGE][PASSED] - Keyboard is hidden

2019-04-23 15:48:49 - [MESSAGE][PASSED] - Swiped from 42,359 to 42,250

2019-04-23 15:48:50 - [MESSAGE][PASSED] - com.ct.qa.keywords.ChannelProductsDataKeywords.visitChannelWiseProductsData is PASSED

2019-04-23 15:48:50 - [TEST_STEP][PASSED] - tap(findTestObject("ShopOpen/RemainingCategories/SubmitButton", ["package":PACKAGENAME]), 0): Tapped on element 'Object Repository/ShopOpen/RemainingCategories/SubmitButton'

2019-04-23 15:48:50 - [MESSAGE][WARNING] - Timeout '0' is invalid. Using default page load timeout: '6'

2019-04-23 15:48:50 - [MESSAGE][PASSED] - Tapped on element 'Object Repository/ShopOpen/RemainingCategories/SubmitButton'

2019-04-23 15:48:50 - [TEST_STEP][PASSED] - verifyElementText(findTestObject("ShopOpen/RemainingCategories/Validate_ProductCategoryAssetScreen", ["package":PACKAGENAME]), "Facing"): Actual text and expected text of test object 'Object Repository/ShopOpen/RemainingCategories/Validate_ProductCategoryAssetScreen' are matched.

2019-04-23 15:48:51 - [MESSAGE][PASSED] - Actual text and expected text of test object 'Object Repository/ShopOpen/RemainingCategories/Validate_ProductCategoryAssetScreen' are matched.

2019-04-23 15:48:51 - [TEST_STEP][PASSED] - com.ct.qa.keywords.CommonKeywords.visitPlanogramImageViewButton(): com.ct.qa.keywords.CommonKeywords.visitPlanogramImageViewButton is PASSED

2019-04-23 15:48:53 - [MESSAGE][WARNING] - Timeout '0' is invalid. Using default page load timeout: '6'

2019-04-23 15:49:01 - [MESSAGE][WARNING] - Object Object Repository/CommonScreenElements/InfoPopUp_OKButton not found
[[ATTACHMENT|F:\\Git Projects\\MMAPlus_Merchandising\\MMAPlus_Merchandising\\Reports\\MMA Plus Merchandising Data Verification\\20190423_151839\\1556016540006.png]]

2019-04-23 15:49:01 - [MESSAGE][PASSED] - com.ct.qa.keywords.CommonKeywords.visitPlanogramImageViewButton is PASSED

2019-04-23 15:49:01 - [TEST_STEP][PASSED] - verifyElementText(findTestObject("ShopOpen/RemainingCategories/Validate_ProductCategoryAssetScreen", ["package":PACKAGENAME]), "Facing"): Actual text and expected text of test object 'Object Repository/ShopOpen/RemainingCategories/Validate_ProductCategoryAssetScreen' are matched.

2019-04-23 15:49:02 - [MESSAGE][PASSED] - Actual text and expected text of test object 'Object Repository/ShopOpen/RemainingCategories/Validate_ProductCategoryAssetScreen' are matched.

2019-04-23 15:49:02 - [TEST_STEP][PASSED] - com.ct.qa.keywords.CommonKeywords.visitPictureImageViewButton(): com.ct.qa.keywords.CommonKeywords.visitPictureImageViewButton is PASSED

2019-04-23 15:49:05 - [MESSAGE][WARNING] - Timeout '0' is invalid. Using default page load timeout: '6'

2019-04-23 15:49:06 - [MESSAGE][PASSED] - Element 'Object Repository/CommonScreenElements/Validate_CameraScreen' is exist

2019-04-23 15:49:06 - [MESSAGE][WARNING] - Timeout '0' is invalid. Using default page load timeout: '6'

2019-04-23 15:49:09 - [MESSAGE][PASSED] - Tapped on element 'Object Repository/CommonScreenElements/Camera_TakePictureButton'

2019-04-23 15:49:14 - [MESSAGE][PASSED] - Delayed 5 second(s)

2019-04-23 15:49:14 - [MESSAGE][WARNING] - Timeout '0' is invalid. Using default page load timeout: '6'

2019-04-23 15:49:15 - [MESSAGE][PASSED] - Tapped on element 'Object Repository/CommonScreenElements/Camera_DoneButton'

2019-04-23 15:49:15 - [MESSAGE][PASSED] - com.ct.qa.keywords.CommonKeywords.visitPictureImageViewButton is PASSED

2019-04-23 15:49:15 - [TEST_STEP][PASSED] - verifyElementText(findTestObject("ShopOpen/RemainingCategories/Validate_ProductCategoryAssetScreen", ["package":PACKAGENAME]), "Facing"): Actual text and expected text of test object 'Object Repository/ShopOpen/RemainingCategories/Validate_ProductCategoryAssetScreen' are matched.

2019-04-23 15:49:16 - [MESSAGE][PASSED] - Actual text and expected text of test object 'Object Repository/ShopOpen/RemainingCategories/Validate_ProductCategoryAssetScreen' are matched.

2019-04-23 15:49:16 - [TEST_STEP][PASSED] - com.ct.qa.keywords.CommonKeywords.visitBackImageViewButton(): com.ct.qa.keywords.CommonKeywords.visitBackImageViewButton is PASSED

2019-04-23 15:49:18 - [MESSAGE][PASSED] - com.ct.qa.keywords.CommonKeywords.visitBackImageViewButton is PASSED

2019-04-23 15:49:18 - [TEST_STEP][PASSED] - verifyElementExist(findTestObject("ShopOpen/Validate_ShopCategoriesListScreen", ["package":PACKAGENAME]), 0): Element 'Object Repository/ShopOpen/Validate_ShopCategoriesListScreen' is exist

2019-04-23 15:49:18 - [MESSAGE][WARNING] - Timeout '0' is invalid. Using default page load timeout: '6'

2019-04-23 15:49:19 - [MESSAGE][PASSED] - Element 'Object Repository/ShopOpen/Validate_ShopCategoriesListScreen' is exist

2019-04-23 15:49:19 - [MESSAGE][PASSED] - Call Test Case 'Test Cases/ShopOpen/RemainingCategories/VisitRemainingCategoriesWithDSA' successfully

2019-04-23 15:49:20 - [MESSAGE][WARNING] - Timeout '0' is invalid. Using default page load timeout: '6'

2019-04-23 15:49:28 - [MESSAGE][WARNING] - Element 'Object Repository/CommonScreenElements/Validate_CameraScreen' not found
[[ATTACHMENT|F:\\Git Projects\\MMAPlus_Merchandising\\MMAPlus_Merchandising\\Reports\\MMA Plus Merchandising Data Verification\\20190423_151839\\1556016567469.png]]

2019-04-23 15:49:28 - [MESSAGE][PASSED] - Actual text and expected text of test object 'Object Repository/ShopOpen/RemainingCategories/Validate_MainCategoryDetailScreen' are matched.

2019-04-23 15:49:29 - [TEST_CASE][PASSED] - Test Cases/ShopOpen/RemainingCategories/VisitRemainingCategoriesWithDSA: Test Cases/ShopOpen/RemainingCategories/VisitRemainingCategoriesWithDSA

2019-04-23 15:49:29 - [TEST_STEP][PASSED] - verifyElementText(findTestObject("ShopOpen/RemainingCategories/Validate_ProductCategoryAssetScreen", ["package":PACKAGENAME]), "Facing"): Actual text and expected text of test object 'Object Repository/ShopOpen/RemainingCategories/Validate_ProductCategoryAssetScreen' are matched.

2019-04-23 15:49:31 - [MESSAGE][PASSED] - Actual text and expected text of test object 'Object Repository/ShopOpen/RemainingCategories/Validate_ProductCategoryAssetScreen' are matched.

2019-04-23 15:49:31 - [TEST_STEP][PASSED] - tap(findTestObject("ShopOpen/RemainingCategories/Facing", ["package":PACKAGENAME]), 0): Tapped on element 'Object Repository/ShopOpen/RemainingCategories/Facing'

2019-04-23 15:49:31 - [MESSAGE][WARNING] - Timeout '0' is invalid. Using default page load timeout: '6'

2019-04-23 15:49:32 - [MESSAGE][PASSED] - Tapped on element 'Object Repository/ShopOpen/RemainingCategories/Facing'

2019-04-23 15:49:32 - [TEST_STEP][PASSED] - verifyElementText(findTestObject("ShopOpen/RemainingCategories/Validate_FacingScreen", ["package":PACKAGENAME]), "Facing"): Actual text and expected text of test object 'Object Repository/ShopOpen/RemainingCategories/Validate_FacingScreen' are matched.

2019-04-23 15:49:33 - [MESSAGE][PASSED] - Actual text and expected text of test object 'Object Repository/ShopOpen/RemainingCategories/Validate_FacingScreen' are matched.

2019-04-23 15:49:33 - [TEST_STEP][PASSED] - com.ct.qa.keywords.ChannelProductsDataKeywords.visitChannelWiseProductsData(CHANNEL_DSA_FACING, "Facing"): com.ct.qa.keywords.ChannelProductsDataKeywords.visitChannelWiseProductsData is PASSED

2019-04-23 15:49:37 - [MESSAGE][PASSED] - Keyboard is hidden

2019-04-23 15:49:40 - [MESSAGE][PASSED] - Keyboard is hidden

2019-04-23 15:49:43 - [MESSAGE][PASSED] - Keyboard is hidden

2019-04-23 15:49:46 - [MESSAGE][PASSED] - Keyboard is hidden

2019-04-23 15:49:49 - [MESSAGE][PASSED] - Keyboard is hidden

2019-04-23 15:49:52 - [MESSAGE][PASSED] - Keyboard is hidden

2019-04-23 15:49:54 - [MESSAGE][PASSED] - Swiped from 25,359 to 25,250

2019-04-23 15:49:55 - [MESSAGE][PASSED] - com.ct.qa.keywords.ChannelProductsDataKeywords.visitChannelWiseProductsData is PASSED

2019-04-23 15:49:55 - [TEST_STEP][PASSED] - tap(findTestObject("ShopOpen/RemainingCategories/SubmitButton", ["package":PACKAGENAME]), 0): Tapped on element 'Object Repository/ShopOpen/RemainingCategories/SubmitButton'

2019-04-23 15:49:55 - [MESSAGE][WARNING] - Timeout '0' is invalid. Using default page load timeout: '6'

2019-04-23 15:49:56 - [MESSAGE][PASSED] - Tapped on element 'Object Repository/ShopOpen/RemainingCategories/SubmitButton'

2019-04-23 15:49:56 - [TEST_STEP][PASSED] - verifyElementText(findTestObject("ShopOpen/RemainingCategories/Validate_ProductCategoryAssetScreen", ["package":PACKAGENAME]), "Facing"): Actual text and expected text of test object 'Object Repository/ShopOpen/RemainingCategories/Validate_ProductCategoryAssetScreen' are matched.

2019-04-23 15:49:57 - [MESSAGE][PASSED] - Actual text and expected text of test object 'Object Repository/ShopOpen/RemainingCategories/Validate_ProductCategoryAssetScreen' are matched.

2019-04-23 15:49:57 - [TEST_STEP][PASSED] - tap(findTestObject("ShopOpen/RemainingCategories/StockTaking", ["package":PACKAGENAME]), 0): Tapped on element 'Object Repository/ShopOpen/RemainingCategories/StockTaking'

2019-04-23 15:49:57 - [MESSAGE][WARNING] - Timeout '0' is invalid. Using default page load timeout: '6'

2019-04-23 15:49:57 - [MESSAGE][PASSED] - Tapped on element 'Object Repository/ShopOpen/RemainingCategories/StockTaking'

2019-04-23 15:49:57 - [TEST_STEP][PASSED] - verifyElementText(findTestObject("ShopOpen/RemainingCategories/Validate_StockTakingScreen", ["package":PACKAGENAME]), "Stock Taking"): Actual text and expected text of test object 'Object Repository/ShopOpen/RemainingCategories/Validate_StockTakingScreen' are matched.

2019-04-23 15:49:59 - [MESSAGE][PASSED] - Actual text and expected text of test object 'Object Repository/ShopOpen/RemainingCategories/Validate_StockTakingScreen' are matched.

2019-04-23 15:49:59 - [TEST_STEP][PASSED] - com.ct.qa.keywords.ChannelProductsDataKeywords.visitChannelWiseProductsData(CHANNEL_DSA_STOCKTAKING, "Stock Taking"): com.ct.qa.keywords.ChannelProductsDataKeywords.visitChannelWiseProductsData is PASSED

2019-04-23 15:50:03 - [MESSAGE][PASSED] - Keyboard is hidden

2019-04-23 15:50:06 - [MESSAGE][PASSED] - Keyboard is hidden

2019-04-23 15:50:09 - [MESSAGE][PASSED] - Keyboard is hidden

2019-04-23 15:50:12 - [MESSAGE][PASSED] - Keyboard is hidden

2019-04-23 15:50:15 - [MESSAGE][PASSED] - Keyboard is hidden

2019-04-23 15:50:18 - [MESSAGE][PASSED] - Keyboard is hidden

2019-04-23 15:50:21 - [MESSAGE][PASSED] - Swiped from 25,359 to 25,250

2019-04-23 15:50:22 - [MESSAGE][PASSED] - com.ct.qa.keywords.ChannelProductsDataKeywords.visitChannelWiseProductsData is PASSED

2019-04-23 15:50:22 - [TEST_STEP][PASSED] - tap(findTestObject("ShopOpen/RemainingCategories/SubmitButton", ["package":PACKAGENAME]), 0): Tapped on element 'Object Repository/ShopOpen/RemainingCategories/SubmitButton'

2019-04-23 15:50:22 - [MESSAGE][WARNING] - Timeout '0' is invalid. Using default page load timeout: '6'

2019-04-23 15:50:23 - [MESSAGE][PASSED] - Tapped on element 'Object Repository/ShopOpen/RemainingCategories/SubmitButton'

2019-04-23 15:50:23 - [TEST_STEP][PASSED] - verifyElementText(findTestObject("ShopOpen/RemainingCategories/Validate_ProductCategoryAssetScreen", ["package":PACKAGENAME]), "Facing"): Actual text and expected text of test object 'Object Repository/ShopOpen/RemainingCategories/Validate_ProductCategoryAssetScreen' are matched.

2019-04-23 15:50:24 - [MESSAGE][PASSED] - Actual text and expected text of test object 'Object Repository/ShopOpen/RemainingCategories/Validate_ProductCategoryAssetScreen' are matched.

2019-04-23 15:50:24 - [TEST_STEP][PASSED] - com.ct.qa.keywords.CommonKeywords.visitPlanogramImageViewButton(): com.ct.qa.keywords.CommonKeywords.visitPlanogramImageViewButton is PASSED

2019-04-23 15:50:25 - [MESSAGE][WARNING] - Timeout '0' is invalid. Using default page load timeout: '6'

2019-04-23 15:50:33 - [MESSAGE][WARNING] - Object Object Repository/CommonScreenElements/InfoPopUp_OKButton not found
[[ATTACHMENT|F:\\Git Projects\\MMAPlus_Merchandising\\MMAPlus_Merchandising\\Reports\\MMA Plus Merchandising Data Verification\\20190423_151839\\1556016631999.png]]

2019-04-23 15:50:33 - [MESSAGE][PASSED] - com.ct.qa.keywords.CommonKeywords.visitPlanogramImageViewButton is PASSED

2019-04-23 15:50:33 - [TEST_STEP][PASSED] - verifyElementText(findTestObject("ShopOpen/RemainingCategories/Validate_ProductCategoryAssetScreen", ["package":PACKAGENAME]), "Facing"): Actual text and expected text of test object 'Object Repository/ShopOpen/RemainingCategories/Validate_ProductCategoryAssetScreen' are matched.

2019-04-23 15:50:34 - [MESSAGE][PASSED] - Actual text and expected text of test object 'Object Repository/ShopOpen/RemainingCategories/Validate_ProductCategoryAssetScreen' are matched.

2019-04-23 15:50:34 - [TEST_STEP][PASSED] - com.ct.qa.keywords.CommonKeywords.visitPictureImageViewButton(): com.ct.qa.keywords.CommonKeywords.visitPictureImageViewButton is PASSED

2019-04-23 15:50:35 - [MESSAGE][WARNING] - Timeout '0' is invalid. Using default page load timeout: '6'

2019-04-23 15:50:38 - [MESSAGE][PASSED] - Element 'Object Repository/CommonScreenElements/Validate_CameraScreen' is exist

2019-04-23 15:50:38 - [MESSAGE][WARNING] - Timeout '0' is invalid. Using default page load timeout: '6'

2019-04-23 15:50:41 - [MESSAGE][PASSED] - Tapped on element 'Object Repository/CommonScreenElements/Camera_TakePictureButton'

2019-04-23 15:50:46 - [MESSAGE][PASSED] - Delayed 5 second(s)

2019-04-23 15:50:46 - [MESSAGE][WARNING] - Timeout '0' is invalid. Using default page load timeout: '6'

2019-04-23 15:50:47 - [MESSAGE][PASSED] - Tapped on element 'Object Repository/CommonScreenElements/Camera_DoneButton'

2019-04-23 15:50:47 - [MESSAGE][PASSED] - com.ct.qa.keywords.CommonKeywords.visitPictureImageViewButton is PASSED

2019-04-23 15:50:47 - [TEST_STEP][PASSED] - verifyElementText(findTestObject("ShopOpen/RemainingCategories/Validate_ProductCategoryAssetScreen", ["package":PACKAGENAME]), "Facing"): Actual text and expected text of test object 'Object Repository/ShopOpen/RemainingCategories/Validate_ProductCategoryAssetScreen' are matched.

2019-04-23 15:50:47 - [MESSAGE][PASSED] - Actual text and expected text of test object 'Object Repository/ShopOpen/RemainingCategories/Validate_ProductCategoryAssetScreen' are matched.

2019-04-23 15:50:47 - [TEST_STEP][PASSED] - com.ct.qa.keywords.CommonKeywords.visitBackImageViewButton(): com.ct.qa.keywords.CommonKeywords.visitBackImageViewButton is PASSED

2019-04-23 15:50:49 - [MESSAGE][PASSED] - com.ct.qa.keywords.CommonKeywords.visitBackImageViewButton is PASSED

2019-04-23 15:50:49 - [TEST_STEP][PASSED] - verifyElementExist(findTestObject("ShopOpen/Validate_ShopCategoriesListScreen", ["package":PACKAGENAME]), 0): Element 'Object Repository/ShopOpen/Validate_ShopCategoriesListScreen' is exist

2019-04-23 15:50:49 - [MESSAGE][WARNING] - Timeout '0' is invalid. Using default page load timeout: '6'

2019-04-23 15:50:51 - [MESSAGE][PASSED] - Element 'Object Repository/ShopOpen/Validate_ShopCategoriesListScreen' is exist

2019-04-23 15:50:51 - [MESSAGE][PASSED] - Call Test Case 'Test Cases/ShopOpen/RemainingCategories/VisitRemainingCategoriesWithDSA' successfully

2019-04-23 15:50:52 - [MESSAGE][WARNING] - Timeout '0' is invalid. Using default page load timeout: '6'

2019-04-23 15:50:59 - [MESSAGE][WARNING] - Element 'Object Repository/CommonScreenElements/Validate_CameraScreen' not found
[[ATTACHMENT|F:\\Git Projects\\MMAPlus_Merchandising\\MMAPlus_Merchandising\\Reports\\MMA Plus Merchandising Data Verification\\20190423_151839\\1556016658480.png]]

2019-04-23 15:50:59 - [MESSAGE][PASSED] - Actual text and expected text of test object 'Object Repository/ShopOpen/RemainingCategories/Validate_MainCategoryDetailScreen' are matched.

2019-04-23 15:51:01 - [TEST_CASE][PASSED] - Test Cases/ShopOpen/RemainingCategories/VisitRemainingCategoriesWithDSA: Test Cases/ShopOpen/RemainingCategories/VisitRemainingCategoriesWithDSA

2019-04-23 15:51:01 - [TEST_STEP][PASSED] - verifyElementText(findTestObject("ShopOpen/RemainingCategories/Validate_ProductCategoryAssetScreen", ["package":PACKAGENAME]), "Facing"): Actual text and expected text of test object 'Object Repository/ShopOpen/RemainingCategories/Validate_ProductCategoryAssetScreen' are matched.

2019-04-23 15:51:03 - [MESSAGE][PASSED] - Actual text and expected text of test object 'Object Repository/ShopOpen/RemainingCategories/Validate_ProductCategoryAssetScreen' are matched.

2019-04-23 15:51:03 - [TEST_STEP][PASSED] - tap(findTestObject("ShopOpen/RemainingCategories/Facing", ["package":PACKAGENAME]), 0): Tapped on element 'Object Repository/ShopOpen/RemainingCategories/Facing'

2019-04-23 15:51:03 - [MESSAGE][WARNING] - Timeout '0' is invalid. Using default page load timeout: '6'

2019-04-23 15:51:03 - [MESSAGE][PASSED] - Tapped on element 'Object Repository/ShopOpen/RemainingCategories/Facing'

2019-04-23 15:51:03 - [TEST_STEP][PASSED] - verifyElementText(findTestObject("ShopOpen/RemainingCategories/Validate_FacingScreen", ["package":PACKAGENAME]), "Facing"): Actual text and expected text of test object 'Object Repository/ShopOpen/RemainingCategories/Validate_FacingScreen' are matched.

2019-04-23 15:51:05 - [MESSAGE][PASSED] - Actual text and expected text of test object 'Object Repository/ShopOpen/RemainingCategories/Validate_FacingScreen' are matched.

2019-04-23 15:51:05 - [TEST_STEP][PASSED] - com.ct.qa.keywords.ChannelProductsDataKeywords.visitChannelWiseProductsData(CHANNEL_DSA_FACING, "Facing"): com.ct.qa.keywords.ChannelProductsDataKeywords.visitChannelWiseProductsData is PASSED

2019-04-23 15:51:09 - [MESSAGE][PASSED] - Keyboard is hidden

2019-04-23 15:51:12 - [MESSAGE][PASSED] - Keyboard is hidden

2019-04-23 15:51:15 - [MESSAGE][PASSED] - Keyboard is hidden

2019-04-23 15:51:18 - [MESSAGE][PASSED] - Keyboard is hidden

2019-04-23 15:51:20 - [MESSAGE][PASSED] - Swiped from 117,359 to 117,250

2019-04-23 15:51:21 - [MESSAGE][PASSED] - com.ct.qa.keywords.ChannelProductsDataKeywords.visitChannelWiseProductsData is PASSED

2019-04-23 15:51:21 - [TEST_STEP][PASSED] - tap(findTestObject("ShopOpen/RemainingCategories/SubmitButton", ["package":PACKAGENAME]), 0): Tapped on element 'Object Repository/ShopOpen/RemainingCategories/SubmitButton'

2019-04-23 15:51:21 - [MESSAGE][WARNING] - Timeout '0' is invalid. Using default page load timeout: '6'

2019-04-23 15:51:22 - [MESSAGE][PASSED] - Tapped on element 'Object Repository/ShopOpen/RemainingCategories/SubmitButton'

2019-04-23 15:51:22 - [TEST_STEP][PASSED] - verifyElementText(findTestObject("ShopOpen/RemainingCategories/Validate_ProductCategoryAssetScreen", ["package":PACKAGENAME]), "Facing"): Actual text and expected text of test object 'Object Repository/ShopOpen/RemainingCategories/Validate_ProductCategoryAssetScreen' are matched.

2019-04-23 15:51:22 - [MESSAGE][PASSED] - Actual text and expected text of test object 'Object Repository/ShopOpen/RemainingCategories/Validate_ProductCategoryAssetScreen' are matched.

2019-04-23 15:51:22 - [TEST_STEP][PASSED] - tap(findTestObject("ShopOpen/RemainingCategories/StockTaking", ["package":PACKAGENAME]), 0): Tapped on element 'Object Repository/ShopOpen/RemainingCategories/StockTaking'

2019-04-23 15:51:22 - [MESSAGE][WARNING] - Timeout '0' is invalid. Using default page load timeout: '6'

2019-04-23 15:51:23 - [MESSAGE][PASSED] - Tapped on element 'Object Repository/ShopOpen/RemainingCategories/StockTaking'

2019-04-23 15:51:23 - [TEST_STEP][PASSED] - verifyElementText(findTestObject("ShopOpen/RemainingCategories/Validate_StockTakingScreen", ["package":PACKAGENAME]), "Stock Taking"): Actual text and expected text of test object 'Object Repository/ShopOpen/RemainingCategories/Validate_StockTakingScreen' are matched.

2019-04-23 15:51:25 - [MESSAGE][PASSED] - Actual text and expected text of test object 'Object Repository/ShopOpen/RemainingCategories/Validate_StockTakingScreen' are matched.

2019-04-23 15:51:25 - [TEST_STEP][PASSED] - com.ct.qa.keywords.ChannelProductsDataKeywords.visitChannelWiseProductsData(CHANNEL_DSA_STOCKTAKING, "Stock Taking"): com.ct.qa.keywords.ChannelProductsDataKeywords.visitChannelWiseProductsData is PASSED

2019-04-23 15:51:29 - [MESSAGE][PASSED] - Keyboard is hidden

2019-04-23 15:51:32 - [MESSAGE][PASSED] - Keyboard is hidden

2019-04-23 15:51:35 - [MESSAGE][PASSED] - Keyboard is hidden

2019-04-23 15:51:38 - [MESSAGE][PASSED] - Keyboard is hidden

2019-04-23 15:51:40 - [MESSAGE][PASSED] - Swiped from 117,359 to 117,250

2019-04-23 15:51:41 - [MESSAGE][PASSED] - com.ct.qa.keywords.ChannelProductsDataKeywords.visitChannelWiseProductsData is PASSED

2019-04-23 15:51:41 - [TEST_STEP][PASSED] - tap(findTestObject("ShopOpen/RemainingCategories/SubmitButton", ["package":PACKAGENAME]), 0): Tapped on element 'Object Repository/ShopOpen/RemainingCategories/SubmitButton'

2019-04-23 15:51:41 - [MESSAGE][WARNING] - Timeout '0' is invalid. Using default page load timeout: '6'

2019-04-23 15:51:42 - [MESSAGE][PASSED] - Tapped on element 'Object Repository/ShopOpen/RemainingCategories/SubmitButton'

2019-04-23 15:51:42 - [TEST_STEP][PASSED] - verifyElementText(findTestObject("ShopOpen/RemainingCategories/Validate_ProductCategoryAssetScreen", ["package":PACKAGENAME]), "Facing"): Actual text and expected text of test object 'Object Repository/ShopOpen/RemainingCategories/Validate_ProductCategoryAssetScreen' are matched.

2019-04-23 15:51:42 - [MESSAGE][PASSED] - Actual text and expected text of test object 'Object Repository/ShopOpen/RemainingCategories/Validate_ProductCategoryAssetScreen' are matched.

2019-04-23 15:51:42 - [TEST_STEP][PASSED] - com.ct.qa.keywords.CommonKeywords.visitPlanogramImageViewButton(): com.ct.qa.keywords.CommonKeywords.visitPlanogramImageViewButton is PASSED

2019-04-23 15:51:44 - [MESSAGE][WARNING] - Timeout '0' is invalid. Using default page load timeout: '6'

2019-04-23 15:51:51 - [MESSAGE][WARNING] - Object Object Repository/CommonScreenElements/InfoPopUp_OKButton not found
[[ATTACHMENT|F:\\Git Projects\\MMAPlus_Merchandising\\MMAPlus_Merchandising\\Reports\\MMA Plus Merchandising Data Verification\\20190423_151839\\1556016710974.png]]

2019-04-23 15:51:52 - [MESSAGE][PASSED] - com.ct.qa.keywords.CommonKeywords.visitPlanogramImageViewButton is PASSED

2019-04-23 15:51:52 - [TEST_STEP][PASSED] - verifyElementText(findTestObject("ShopOpen/RemainingCategories/Validate_ProductCategoryAssetScreen", ["package":PACKAGENAME]), "Facing"): Actual text and expected text of test object 'Object Repository/ShopOpen/RemainingCategories/Validate_ProductCategoryAssetScreen' are matched.

2019-04-23 15:51:53 - [MESSAGE][PASSED] - Actual text and expected text of test object 'Object Repository/ShopOpen/RemainingCategories/Validate_ProductCategoryAssetScreen' are matched.

2019-04-23 15:51:53 - [TEST_STEP][PASSED] - com.ct.qa.keywords.CommonKeywords.visitPictureImageViewButton(): com.ct.qa.keywords.CommonKeywords.visitPictureImageViewButton is PASSED

2019-04-23 15:51:54 - [MESSAGE][WARNING] - Timeout '0' is invalid. Using default page load timeout: '6'

2019-04-23 15:51:57 - [MESSAGE][PASSED] - Element 'Object Repository/CommonScreenElements/Validate_CameraScreen' is exist

2019-04-23 15:51:57 - [MESSAGE][WARNING] - Timeout '0' is invalid. Using default page load timeout: '6'

2019-04-23 15:52:00 - [MESSAGE][PASSED] - Tapped on element 'Object Repository/CommonScreenElements/Camera_TakePictureButton'

2019-04-23 15:52:05 - [MESSAGE][PASSED] - Delayed 5 second(s)

2019-04-23 15:52:05 - [MESSAGE][WARNING] - Timeout '0' is invalid. Using default page load timeout: '6'

2019-04-23 15:52:06 - [MESSAGE][PASSED] - Tapped on element 'Object Repository/CommonScreenElements/Camera_DoneButton'

2019-04-23 15:52:06 - [MESSAGE][PASSED] - com.ct.qa.keywords.CommonKeywords.visitPictureImageViewButton is PASSED

2019-04-23 15:52:06 - [TEST_STEP][PASSED] - verifyElementText(findTestObject("ShopOpen/RemainingCategories/Validate_ProductCategoryAssetScreen", ["package":PACKAGENAME]), "Facing"): Actual text and expected text of test object 'Object Repository/ShopOpen/RemainingCategories/Validate_ProductCategoryAssetScreen' are matched.

2019-04-23 15:52:07 - [MESSAGE][PASSED] - Actual text and expected text of test object 'Object Repository/ShopOpen/RemainingCategories/Validate_ProductCategoryAssetScreen' are matched.

2019-04-23 15:52:07 - [TEST_STEP][PASSED] - com.ct.qa.keywords.CommonKeywords.visitBackImageViewButton(): com.ct.qa.keywords.CommonKeywords.visitBackImageViewButton is PASSED

2019-04-23 15:52:08 - [MESSAGE][PASSED] - com.ct.qa.keywords.CommonKeywords.visitBackImageViewButton is PASSED

2019-04-23 15:52:08 - [TEST_STEP][PASSED] - verifyElementExist(findTestObject("ShopOpen/Validate_ShopCategoriesListScreen", ["package":PACKAGENAME]), 0): Element 'Object Repository/ShopOpen/Validate_ShopCategoriesListScreen' is exist

2019-04-23 15:52:08 - [MESSAGE][WARNING] - Timeout '0' is invalid. Using default page load timeout: '6'

2019-04-23 15:52:10 - [MESSAGE][PASSED] - Element 'Object Repository/ShopOpen/Validate_ShopCategoriesListScreen' is exist

2019-04-23 15:52:10 - [MESSAGE][PASSED] - Call Test Case 'Test Cases/ShopOpen/RemainingCategories/VisitRemainingCategoriesWithDSA' successfully

2019-04-23 15:52:11 - [MESSAGE][WARNING] - Timeout '0' is invalid. Using default page load timeout: '6'

2019-04-23 15:52:18 - [MESSAGE][WARNING] - Element 'Object Repository/CommonScreenElements/Validate_CameraScreen' not found
[[ATTACHMENT|F:\\Git Projects\\MMAPlus_Merchandising\\MMAPlus_Merchandising\\Reports\\MMA Plus Merchandising Data Verification\\20190423_151839\\1556016737502.png]]

2019-04-23 15:52:19 - [MESSAGE][PASSED] - Actual text and expected text of test object 'Object Repository/ShopOpen/RemainingCategories/Validate_MainCategoryDetailScreen' are matched.

2019-04-23 15:52:20 - [TEST_CASE][PASSED] - Test Cases/ShopOpen/RemainingCategories/VisitRemainingCategoriesWithDSA: Test Cases/ShopOpen/RemainingCategories/VisitRemainingCategoriesWithDSA

2019-04-23 15:52:20 - [TEST_STEP][PASSED] - verifyElementText(findTestObject("ShopOpen/RemainingCategories/Validate_ProductCategoryAssetScreen", ["package":PACKAGENAME]), "Facing"): Actual text and expected text of test object 'Object Repository/ShopOpen/RemainingCategories/Validate_ProductCategoryAssetScreen' are matched.

2019-04-23 15:52:22 - [MESSAGE][PASSED] - Actual text and expected text of test object 'Object Repository/ShopOpen/RemainingCategories/Validate_ProductCategoryAssetScreen' are matched.

2019-04-23 15:52:22 - [TEST_STEP][PASSED] - tap(findTestObject("ShopOpen/RemainingCategories/Facing", ["package":PACKAGENAME]), 0): Tapped on element 'Object Repository/ShopOpen/RemainingCategories/Facing'

2019-04-23 15:52:22 - [MESSAGE][WARNING] - Timeout '0' is invalid. Using default page load timeout: '6'

2019-04-23 15:52:23 - [MESSAGE][PASSED] - Tapped on element 'Object Repository/ShopOpen/RemainingCategories/Facing'

2019-04-23 15:52:23 - [TEST_STEP][PASSED] - verifyElementText(findTestObject("ShopOpen/RemainingCategories/Validate_FacingScreen", ["package":PACKAGENAME]), "Facing"): Actual text and expected text of test object 'Object Repository/ShopOpen/RemainingCategories/Validate_FacingScreen' are matched.

2019-04-23 15:52:24 - [MESSAGE][PASSED] - Actual text and expected text of test object 'Object Repository/ShopOpen/RemainingCategories/Validate_FacingScreen' are matched.

2019-04-23 15:52:24 - [TEST_STEP][PASSED] - com.ct.qa.keywords.ChannelProductsDataKeywords.visitChannelWiseProductsData(CHANNEL_DSA_FACING, "Facing"): com.ct.qa.keywords.ChannelProductsDataKeywords.visitChannelWiseProductsData is PASSED

2019-04-23 15:52:28 - [MESSAGE][PASSED] - Keyboard is hidden

2019-04-23 15:52:31 - [MESSAGE][PASSED] - Keyboard is hidden

2019-04-23 15:52:35 - [MESSAGE][PASSED] - Keyboard is hidden

2019-04-23 15:52:38 - [MESSAGE][PASSED] - Keyboard is hidden

2019-04-23 15:52:40 - [MESSAGE][PASSED] - Swiped from 113,359 to 113,250

2019-04-23 15:52:40 - [MESSAGE][PASSED] - com.ct.qa.keywords.ChannelProductsDataKeywords.visitChannelWiseProductsData is PASSED

2019-04-23 15:52:40 - [TEST_STEP][PASSED] - tap(findTestObject("ShopOpen/RemainingCategories/SubmitButton", ["package":PACKAGENAME]), 0): Tapped on element 'Object Repository/ShopOpen/RemainingCategories/SubmitButton'

2019-04-23 15:52:40 - [MESSAGE][WARNING] - Timeout '0' is invalid. Using default page load timeout: '6'

2019-04-23 15:52:41 - [MESSAGE][PASSED] - Tapped on element 'Object Repository/ShopOpen/RemainingCategories/SubmitButton'

2019-04-23 15:52:41 - [TEST_STEP][PASSED] - verifyElementText(findTestObject("ShopOpen/RemainingCategories/Validate_ProductCategoryAssetScreen", ["package":PACKAGENAME]), "Facing"): Actual text and expected text of test object 'Object Repository/ShopOpen/RemainingCategories/Validate_ProductCategoryAssetScreen' are matched.

2019-04-23 15:52:42 - [MESSAGE][PASSED] - Actual text and expected text of test object 'Object Repository/ShopOpen/RemainingCategories/Validate_ProductCategoryAssetScreen' are matched.

2019-04-23 15:52:42 - [TEST_STEP][PASSED] - tap(findTestObject("ShopOpen/RemainingCategories/StockTaking", ["package":PACKAGENAME]), 0): Tapped on element 'Object Repository/ShopOpen/RemainingCategories/StockTaking'

2019-04-23 15:52:42 - [MESSAGE][WARNING] - Timeout '0' is invalid. Using default page load timeout: '6'

2019-04-23 15:52:43 - [MESSAGE][PASSED] - Tapped on element 'Object Repository/ShopOpen/RemainingCategories/StockTaking'

2019-04-23 15:52:43 - [TEST_STEP][PASSED] - verifyElementText(findTestObject("ShopOpen/RemainingCategories/Validate_StockTakingScreen", ["package":PACKAGENAME]), "Stock Taking"): Actual text and expected text of test object 'Object Repository/ShopOpen/RemainingCategories/Validate_StockTakingScreen' are matched.

2019-04-23 15:52:45 - [MESSAGE][PASSED] - Actual text and expected text of test object 'Object Repository/ShopOpen/RemainingCategories/Validate_StockTakingScreen' are matched.

2019-04-23 15:52:45 - [TEST_STEP][PASSED] - com.ct.qa.keywords.ChannelProductsDataKeywords.visitChannelWiseProductsData(CHANNEL_DSA_STOCKTAKING, "Stock Taking"): com.ct.qa.keywords.ChannelProductsDataKeywords.visitChannelWiseProductsData is PASSED

2019-04-23 15:52:48 - [MESSAGE][PASSED] - Keyboard is hidden

2019-04-23 15:52:51 - [MESSAGE][PASSED] - Keyboard is hidden

2019-04-23 15:52:54 - [MESSAGE][PASSED] - Keyboard is hidden

2019-04-23 15:52:57 - [MESSAGE][PASSED] - Keyboard is hidden

2019-04-23 15:52:59 - [MESSAGE][PASSED] - Swiped from 113,359 to 113,250

2019-04-23 15:53:00 - [MESSAGE][PASSED] - com.ct.qa.keywords.ChannelProductsDataKeywords.visitChannelWiseProductsData is PASSED

2019-04-23 15:53:00 - [TEST_STEP][PASSED] - tap(findTestObject("ShopOpen/RemainingCategories/SubmitButton", ["package":PACKAGENAME]), 0): Tapped on element 'Object Repository/ShopOpen/RemainingCategories/SubmitButton'

2019-04-23 15:53:00 - [MESSAGE][WARNING] - Timeout '0' is invalid. Using default page load timeout: '6'

2019-04-23 15:53:01 - [MESSAGE][PASSED] - Tapped on element 'Object Repository/ShopOpen/RemainingCategories/SubmitButton'

2019-04-23 15:53:01 - [TEST_STEP][PASSED] - verifyElementText(findTestObject("ShopOpen/RemainingCategories/Validate_ProductCategoryAssetScreen", ["package":PACKAGENAME]), "Facing"): Actual text and expected text of test object 'Object Repository/ShopOpen/RemainingCategories/Validate_ProductCategoryAssetScreen' are matched.

2019-04-23 15:53:02 - [MESSAGE][PASSED] - Actual text and expected text of test object 'Object Repository/ShopOpen/RemainingCategories/Validate_ProductCategoryAssetScreen' are matched.

2019-04-23 15:53:02 - [TEST_STEP][PASSED] - com.ct.qa.keywords.CommonKeywords.visitPlanogramImageViewButton(): com.ct.qa.keywords.CommonKeywords.visitPlanogramImageViewButton is PASSED

2019-04-23 15:53:04 - [MESSAGE][WARNING] - Timeout '0' is invalid. Using default page load timeout: '6'

2019-04-23 15:53:12 - [MESSAGE][WARNING] - Object Object Repository/CommonScreenElements/InfoPopUp_OKButton not found
[[ATTACHMENT|F:\\Git Projects\\MMAPlus_Merchandising\\MMAPlus_Merchandising\\Reports\\MMA Plus Merchandising Data Verification\\20190423_151839\\1556016790881.png]]

2019-04-23 15:53:12 - [MESSAGE][PASSED] - com.ct.qa.keywords.CommonKeywords.visitPlanogramImageViewButton is PASSED

2019-04-23 15:53:12 - [TEST_STEP][PASSED] - verifyElementText(findTestObject("ShopOpen/RemainingCategories/Validate_ProductCategoryAssetScreen", ["package":PACKAGENAME]), "Facing"): Actual text and expected text of test object 'Object Repository/ShopOpen/RemainingCategories/Validate_ProductCategoryAssetScreen' are matched.

2019-04-23 15:53:13 - [MESSAGE][PASSED] - Actual text and expected text of test object 'Object Repository/ShopOpen/RemainingCategories/Validate_ProductCategoryAssetScreen' are matched.

2019-04-23 15:53:13 - [TEST_STEP][PASSED] - com.ct.qa.keywords.CommonKeywords.visitPictureImageViewButton(): com.ct.qa.keywords.CommonKeywords.visitPictureImageViewButton is PASSED

2019-04-23 15:53:16 - [MESSAGE][WARNING] - Timeout '0' is invalid. Using default page load timeout: '6'

2019-04-23 15:53:17 - [MESSAGE][PASSED] - Element 'Object Repository/CommonScreenElements/Validate_CameraScreen' is exist

2019-04-23 15:53:17 - [MESSAGE][WARNING] - Timeout '0' is invalid. Using default page load timeout: '6'

2019-04-23 15:53:20 - [MESSAGE][PASSED] - Tapped on element 'Object Repository/CommonScreenElements/Camera_TakePictureButton'

2019-04-23 15:53:25 - [MESSAGE][PASSED] - Delayed 5 second(s)

2019-04-23 15:53:25 - [MESSAGE][WARNING] - Timeout '0' is invalid. Using default page load timeout: '6'

2019-04-23 15:53:26 - [MESSAGE][PASSED] - Tapped on element 'Object Repository/CommonScreenElements/Camera_DoneButton'

2019-04-23 15:53:26 - [MESSAGE][PASSED] - com.ct.qa.keywords.CommonKeywords.visitPictureImageViewButton is PASSED

2019-04-23 15:53:26 - [TEST_STEP][PASSED] - verifyElementText(findTestObject("ShopOpen/RemainingCategories/Validate_ProductCategoryAssetScreen", ["package":PACKAGENAME]), "Facing"): Actual text and expected text of test object 'Object Repository/ShopOpen/RemainingCategories/Validate_ProductCategoryAssetScreen' are matched.

2019-04-23 15:53:27 - [MESSAGE][PASSED] - Actual text and expected text of test object 'Object Repository/ShopOpen/RemainingCategories/Validate_ProductCategoryAssetScreen' are matched.

2019-04-23 15:53:27 - [TEST_STEP][PASSED] - com.ct.qa.keywords.CommonKeywords.visitBackImageViewButton(): com.ct.qa.keywords.CommonKeywords.visitBackImageViewButton is PASSED

2019-04-23 15:53:29 - [MESSAGE][PASSED] - com.ct.qa.keywords.CommonKeywords.visitBackImageViewButton is PASSED

2019-04-23 15:53:29 - [TEST_STEP][PASSED] - verifyElementExist(findTestObject("ShopOpen/Validate_ShopCategoriesListScreen", ["package":PACKAGENAME]), 0): Element 'Object Repository/ShopOpen/Validate_ShopCategoriesListScreen' is exist

2019-04-23 15:53:29 - [MESSAGE][WARNING] - Timeout '0' is invalid. Using default page load timeout: '6'

2019-04-23 15:53:30 - [MESSAGE][PASSED] - Element 'Object Repository/ShopOpen/Validate_ShopCategoriesListScreen' is exist

2019-04-23 15:53:30 - [MESSAGE][PASSED] - Call Test Case 'Test Cases/ShopOpen/RemainingCategories/VisitRemainingCategoriesWithDSA' successfully

2019-04-23 15:53:31 - [MESSAGE][PASSED] - Swiped from 0,240 to 0,200

2019-04-23 15:53:32 - [MESSAGE][WARNING] - Timeout '0' is invalid. Using default page load timeout: '6'

2019-04-23 15:53:39 - [MESSAGE][WARNING] - Element 'Object Repository/CommonScreenElements/Validate_CameraScreen' not found
[[ATTACHMENT|F:\\Git Projects\\MMAPlus_Merchandising\\MMAPlus_Merchandising\\Reports\\MMA Plus Merchandising Data Verification\\20190423_151839\\1556016818593.png]]

2019-04-23 15:53:39 - [MESSAGE][PASSED] - Actual text and expected text of test object 'Object Repository/ShopOpen/RemainingCategories/Validate_MainCategoryDetailScreen' are matched.

2019-04-23 15:53:41 - [TEST_CASE][PASSED] - Test Cases/ShopOpen/RemainingCategories/VisitRemainingCategoriesWithDSA: Test Cases/ShopOpen/RemainingCategories/VisitRemainingCategoriesWithDSA

2019-04-23 15:53:41 - [TEST_STEP][PASSED] - verifyElementText(findTestObject("ShopOpen/RemainingCategories/Validate_ProductCategoryAssetScreen", ["package":PACKAGENAME]), "Facing"): Actual text and expected text of test object 'Object Repository/ShopOpen/RemainingCategories/Validate_ProductCategoryAssetScreen' are matched.

2019-04-23 15:53:43 - [MESSAGE][PASSED] - Actual text and expected text of test object 'Object Repository/ShopOpen/RemainingCategories/Validate_ProductCategoryAssetScreen' are matched.

2019-04-23 15:53:43 - [TEST_STEP][PASSED] - tap(findTestObject("ShopOpen/RemainingCategories/Facing", ["package":PACKAGENAME]), 0): Tapped on element 'Object Repository/ShopOpen/RemainingCategories/Facing'

2019-04-23 15:53:43 - [MESSAGE][WARNING] - Timeout '0' is invalid. Using default page load timeout: '6'

2019-04-23 15:53:43 - [MESSAGE][PASSED] - Tapped on element 'Object Repository/ShopOpen/RemainingCategories/Facing'

2019-04-23 15:53:43 - [TEST_STEP][PASSED] - verifyElementText(findTestObject("ShopOpen/RemainingCategories/Validate_FacingScreen", ["package":PACKAGENAME]), "Facing"): Actual text and expected text of test object 'Object Repository/ShopOpen/RemainingCategories/Validate_FacingScreen' are matched.

2019-04-23 15:53:45 - [MESSAGE][PASSED] - Actual text and expected text of test object 'Object Repository/ShopOpen/RemainingCategories/Validate_FacingScreen' are matched.

2019-04-23 15:53:45 - [TEST_STEP][PASSED] - com.ct.qa.keywords.ChannelProductsDataKeywords.visitChannelWiseProductsData(CHANNEL_DSA_FACING, "Facing"): com.ct.qa.keywords.ChannelProductsDataKeywords.visitChannelWiseProductsData is PASSED

2019-04-23 15:53:49 - [MESSAGE][PASSED] - Keyboard is hidden

2019-04-23 15:53:52 - [MESSAGE][PASSED] - Keyboard is hidden

2019-04-23 15:53:55 - [MESSAGE][PASSED] - Keyboard is hidden

2019-04-23 15:53:58 - [MESSAGE][PASSED] - Keyboard is hidden

2019-04-23 15:54:01 - [MESSAGE][PASSED] - Keyboard is hidden

2019-04-23 15:54:04 - [MESSAGE][PASSED] - Keyboard is hidden

2019-04-23 15:54:07 - [MESSAGE][PASSED] - Swiped from 78,359 to 78,250

2019-04-23 15:54:11 - [MESSAGE][PASSED] - Keyboard is hidden

2019-04-23 15:54:14 - [MESSAGE][PASSED] - Swiped from 78,359 to 78,250

2019-04-23 15:54:18 - [MESSAGE][PASSED] - Keyboard is hidden

2019-04-23 15:54:21 - [MESSAGE][PASSED] - Swiped from 78,359 to 78,250

2019-04-23 15:54:25 - [MESSAGE][PASSED] - Keyboard is hidden

2019-04-23 15:54:28 - [MESSAGE][PASSED] - Swiped from 78,359 to 78,250

2019-04-23 15:54:29 - [MESSAGE][PASSED] - com.ct.qa.keywords.ChannelProductsDataKeywords.visitChannelWiseProductsData is PASSED

2019-04-23 15:54:29 - [TEST_STEP][PASSED] - tap(findTestObject("ShopOpen/RemainingCategories/SubmitButton", ["package":PACKAGENAME]), 0): Tapped on element 'Object Repository/ShopOpen/RemainingCategories/SubmitButton'

2019-04-23 15:54:29 - [MESSAGE][WARNING] - Timeout '0' is invalid. Using default page load timeout: '6'

2019-04-23 15:54:30 - [MESSAGE][PASSED] - Tapped on element 'Object Repository/ShopOpen/RemainingCategories/SubmitButton'

2019-04-23 15:54:30 - [TEST_STEP][PASSED] - verifyElementText(findTestObject("ShopOpen/RemainingCategories/Validate_ProductCategoryAssetScreen", ["package":PACKAGENAME]), "Facing"): Actual text and expected text of test object 'Object Repository/ShopOpen/RemainingCategories/Validate_ProductCategoryAssetScreen' are matched.

2019-04-23 15:54:31 - [MESSAGE][PASSED] - Actual text and expected text of test object 'Object Repository/ShopOpen/RemainingCategories/Validate_ProductCategoryAssetScreen' are matched.

2019-04-23 15:54:31 - [TEST_STEP][PASSED] - tap(findTestObject("ShopOpen/RemainingCategories/StockTaking", ["package":PACKAGENAME]), 0): Tapped on element 'Object Repository/ShopOpen/RemainingCategories/StockTaking'

2019-04-23 15:54:31 - [MESSAGE][WARNING] - Timeout '0' is invalid. Using default page load timeout: '6'

2019-04-23 15:54:31 - [MESSAGE][PASSED] - Tapped on element 'Object Repository/ShopOpen/RemainingCategories/StockTaking'

2019-04-23 15:54:31 - [TEST_STEP][PASSED] - verifyElementText(findTestObject("ShopOpen/RemainingCategories/Validate_StockTakingScreen", ["package":PACKAGENAME]), "Stock Taking"): Actual text and expected text of test object 'Object Repository/ShopOpen/RemainingCategories/Validate_StockTakingScreen' are matched.

2019-04-23 15:54:33 - [MESSAGE][PASSED] - Actual text and expected text of test object 'Object Repository/ShopOpen/RemainingCategories/Validate_StockTakingScreen' are matched.

2019-04-23 15:54:33 - [TEST_STEP][PASSED] - com.ct.qa.keywords.ChannelProductsDataKeywords.visitChannelWiseProductsData(CHANNEL_DSA_STOCKTAKING, "Stock Taking"): com.ct.qa.keywords.ChannelProductsDataKeywords.visitChannelWiseProductsData is PASSED

2019-04-23 15:54:37 - [MESSAGE][PASSED] - Keyboard is hidden

2019-04-23 15:54:40 - [MESSAGE][PASSED] - Keyboard is hidden

2019-04-23 15:54:43 - [MESSAGE][PASSED] - Keyboard is hidden

2019-04-23 15:54:46 - [MESSAGE][PASSED] - Keyboard is hidden

2019-04-23 15:54:49 - [MESSAGE][PASSED] - Keyboard is hidden

2019-04-23 15:54:52 - [MESSAGE][PASSED] - Keyboard is hidden

2019-04-23 15:54:54 - [MESSAGE][PASSED] - Swiped from 78,359 to 78,250

2019-04-23 15:54:58 - [MESSAGE][PASSED] - Keyboard is hidden

2019-04-23 15:55:01 - [MESSAGE][PASSED] - Swiped from 78,359 to 78,250

2019-04-23 15:55:05 - [MESSAGE][PASSED] - Keyboard is hidden

2019-04-23 15:55:08 - [MESSAGE][PASSED] - Swiped from 78,359 to 78,250

2019-04-23 15:55:12 - [MESSAGE][PASSED] - Keyboard is hidden

2019-04-23 15:55:14 - [MESSAGE][PASSED] - Swiped from 78,359 to 78,250

2019-04-23 15:55:15 - [MESSAGE][PASSED] - com.ct.qa.keywords.ChannelProductsDataKeywords.visitChannelWiseProductsData is PASSED

2019-04-23 15:55:15 - [TEST_STEP][PASSED] - tap(findTestObject("ShopOpen/RemainingCategories/SubmitButton", ["package":PACKAGENAME]), 0): Tapped on element 'Object Repository/ShopOpen/RemainingCategories/SubmitButton'

2019-04-23 15:55:15 - [MESSAGE][WARNING] - Timeout '0' is invalid. Using default page load timeout: '6'

2019-04-23 15:55:16 - [MESSAGE][PASSED] - Tapped on element 'Object Repository/ShopOpen/RemainingCategories/SubmitButton'

2019-04-23 15:55:16 - [TEST_STEP][PASSED] - verifyElementText(findTestObject("ShopOpen/RemainingCategories/Validate_ProductCategoryAssetScreen", ["package":PACKAGENAME]), "Facing"): Actual text and expected text of test object 'Object Repository/ShopOpen/RemainingCategories/Validate_ProductCategoryAssetScreen' are matched.

2019-04-23 15:55:17 - [MESSAGE][PASSED] - Actual text and expected text of test object 'Object Repository/ShopOpen/RemainingCategories/Validate_ProductCategoryAssetScreen' are matched.

2019-04-23 15:55:17 - [TEST_STEP][PASSED] - com.ct.qa.keywords.CommonKeywords.visitPlanogramImageViewButton(): com.ct.qa.keywords.CommonKeywords.visitPlanogramImageViewButton is PASSED

2019-04-23 15:55:18 - [MESSAGE][WARNING] - Timeout '0' is invalid. Using default page load timeout: '6'

2019-04-23 15:55:26 - [MESSAGE][WARNING] - Object Object Repository/CommonScreenElements/InfoPopUp_OKButton not found
[[ATTACHMENT|F:\\Git Projects\\MMAPlus_Merchandising\\MMAPlus_Merchandising\\Reports\\MMA Plus Merchandising Data Verification\\20190423_151839\\1556016925014.png]]

2019-04-23 15:55:26 - [MESSAGE][PASSED] - com.ct.qa.keywords.CommonKeywords.visitPlanogramImageViewButton is PASSED

2019-04-23 15:55:26 - [TEST_STEP][PASSED] - verifyElementText(findTestObject("ShopOpen/RemainingCategories/Validate_ProductCategoryAssetScreen", ["package":PACKAGENAME]), "Facing"): Actual text and expected text of test object 'Object Repository/ShopOpen/RemainingCategories/Validate_ProductCategoryAssetScreen' are matched.

2019-04-23 15:55:27 - [MESSAGE][PASSED] - Actual text and expected text of test object 'Object Repository/ShopOpen/RemainingCategories/Validate_ProductCategoryAssetScreen' are matched.

2019-04-23 15:55:27 - [TEST_STEP][PASSED] - com.ct.qa.keywords.CommonKeywords.visitPictureImageViewButton(): com.ct.qa.keywords.CommonKeywords.visitPictureImageViewButton is PASSED

2019-04-23 15:55:28 - [MESSAGE][WARNING] - Timeout '0' is invalid. Using default page load timeout: '6'

2019-04-23 15:55:30 - [MESSAGE][PASSED] - Element 'Object Repository/CommonScreenElements/Validate_CameraScreen' is exist

2019-04-23 15:55:30 - [MESSAGE][WARNING] - Timeout '0' is invalid. Using default page load timeout: '6'

2019-04-23 15:55:34 - [MESSAGE][PASSED] - Tapped on element 'Object Repository/CommonScreenElements/Camera_TakePictureButton'

2019-04-23 15:55:39 - [MESSAGE][PASSED] - Delayed 5 second(s)

2019-04-23 15:55:39 - [MESSAGE][WARNING] - Timeout '0' is invalid. Using default page load timeout: '6'

2019-04-23 15:55:39 - [MESSAGE][PASSED] - Tapped on element 'Object Repository/CommonScreenElements/Camera_DoneButton'

2019-04-23 15:55:39 - [MESSAGE][PASSED] - com.ct.qa.keywords.CommonKeywords.visitPictureImageViewButton is PASSED

2019-04-23 15:55:39 - [TEST_STEP][PASSED] - verifyElementText(findTestObject("ShopOpen/RemainingCategories/Validate_ProductCategoryAssetScreen", ["package":PACKAGENAME]), "Facing"): Actual text and expected text of test object 'Object Repository/ShopOpen/RemainingCategories/Validate_ProductCategoryAssetScreen' are matched.

2019-04-23 15:55:40 - [MESSAGE][PASSED] - Actual text and expected text of test object 'Object Repository/ShopOpen/RemainingCategories/Validate_ProductCategoryAssetScreen' are matched.

2019-04-23 15:55:40 - [TEST_STEP][PASSED] - com.ct.qa.keywords.CommonKeywords.visitBackImageViewButton(): com.ct.qa.keywords.CommonKeywords.visitBackImageViewButton is PASSED

2019-04-23 15:55:41 - [MESSAGE][PASSED] - com.ct.qa.keywords.CommonKeywords.visitBackImageViewButton is PASSED

2019-04-23 15:55:41 - [TEST_STEP][PASSED] - verifyElementExist(findTestObject("ShopOpen/Validate_ShopCategoriesListScreen", ["package":PACKAGENAME]), 0): Element 'Object Repository/ShopOpen/Validate_ShopCategoriesListScreen' is exist

2019-04-23 15:55:41 - [MESSAGE][WARNING] - Timeout '0' is invalid. Using default page load timeout: '6'

2019-04-23 15:55:43 - [MESSAGE][PASSED] - Element 'Object Repository/ShopOpen/Validate_ShopCategoriesListScreen' is exist

2019-04-23 15:55:43 - [MESSAGE][PASSED] - Call Test Case 'Test Cases/ShopOpen/RemainingCategories/VisitRemainingCategoriesWithDSA' successfully

2019-04-23 15:55:44 - [MESSAGE][PASSED] - Swiped from 0,240 to 0,200

2019-04-23 15:55:46 - [MESSAGE][PASSED] - Swiped from 0,293 to 0,200

2019-04-23 15:55:49 - [MESSAGE][PASSED] - Swiped from 0,200 to 0,750

2019-04-23 15:55:49 - [MESSAGE][PASSED] - Swiped from 0,200 to 0,750

2019-04-23 15:55:50 - [MESSAGE][PASSED] - Swiped from 0,240 to 0,200

2019-04-23 15:55:51 - [MESSAGE][PASSED] - Swiped from 0,293 to 0,200

2019-04-23 15:55:55 - [MESSAGE][PASSED] - Swiped from 0,293 to 0,200

2019-04-23 15:55:57 - [TEST_CASE][PASSED] - Test Cases/ShopOpen/RTMVisitFrequency/VisitRTMVisitFrequency: Test Cases/ShopOpen/RTMVisitFrequency/VisitRTMVisitFrequency

2019-04-23 15:55:57 - [TEST_STEP][PASSED] - verifyElementText(findTestObject("ShopOpen/RTMVisitFrequency/Validate_RTMVisitFrequencyScreen", ["package":PACKAGENAME]), "Options"): Actual text and expected text of test object 'Object Repository/ShopOpen/RTMVisitFrequency/Validate_RTMVisitFrequencyScreen' are matched.

2019-04-23 15:55:59 - [MESSAGE][PASSED] - Actual text and expected text of test object 'Object Repository/ShopOpen/RTMVisitFrequency/Validate_RTMVisitFrequencyScreen' are matched.

2019-04-23 15:55:59 - [TEST_STEP][PASSED] - com.ct.qa.keywords.RTMVisitFrequencyKeywords.visitRTMVisitFrequency(): com.ct.qa.keywords.RTMVisitFrequencyKeywords.visitRTMVisitFrequency is PASSED

2019-04-23 15:56:00 - [MESSAGE][WARNING] - Timeout '0' is invalid. Using default page load timeout: '6'

2019-04-23 15:56:01 - [MESSAGE][PASSED] - Element 'Object Repository/ShopOpen/RTMVisitFrequency/Validate_RTMVisitFrequencyRemarks' is exist

2019-04-23 15:56:03 - [MESSAGE][PASSED] - Actual text and expected text of test object 'Object Repository/ShopOpen/RTMVisitFrequency/Validate_RTMVisitFrequencyScreen' are matched.

2019-04-23 15:56:04 - [MESSAGE][WARNING] - Timeout '0' is invalid. Using default page load timeout: '6'

2019-04-23 15:56:05 - [MESSAGE][PASSED] - Element 'Object Repository/ShopOpen/RTMVisitFrequency/Validate_RTMVisitFrequencyRemarks' is exist

2019-04-23 15:56:07 - [MESSAGE][PASSED] - Actual text and expected text of test object 'Object Repository/ShopOpen/RTMVisitFrequency/Validate_RTMVisitFrequencyScreen' are matched.

2019-04-23 15:56:07 - [MESSAGE][WARNING] - Timeout '0' is invalid. Using default page load timeout: '6'

2019-04-23 15:56:09 - [MESSAGE][PASSED] - Element 'Object Repository/ShopOpen/RTMVisitFrequency/Validate_RTMVisitFrequencyRemarks' is exist

2019-04-23 15:56:10 - [MESSAGE][PASSED] - Actual text and expected text of test object 'Object Repository/ShopOpen/RTMVisitFrequency/Validate_RTMVisitFrequencyScreen' are matched.

2019-04-23 15:56:11 - [MESSAGE][WARNING] - Timeout '0' is invalid. Using default page load timeout: '6'

2019-04-23 15:56:13 - [MESSAGE][PASSED] - Element 'Object Repository/ShopOpen/RTMVisitFrequency/Validate_RTMVisitFrequencyRemarks' is exist

2019-04-23 15:56:14 - [MESSAGE][PASSED] - Actual text and expected text of test object 'Object Repository/ShopOpen/RTMVisitFrequency/Validate_RTMVisitFrequencyScreen' are matched.

2019-04-23 15:56:14 - [MESSAGE][PASSED] - com.ct.qa.keywords.RTMVisitFrequencyKeywords.visitRTMVisitFrequency is PASSED

2019-04-23 15:56:14 - [TEST_STEP][PASSED] - tap(findTestObject("ShopOpen/RTMVisitFrequency/BackButton", ["package":PACKAGENAME]), 0): Tapped on element 'Object Repository/ShopOpen/RTMVisitFrequency/BackButton'

2019-04-23 15:56:14 - [MESSAGE][WARNING] - Timeout '0' is invalid. Using default page load timeout: '6'

2019-04-23 15:56:15 - [MESSAGE][PASSED] - Tapped on element 'Object Repository/ShopOpen/RTMVisitFrequency/BackButton'

2019-04-23 15:56:15 - [TEST_STEP][PASSED] - verifyElementExist(findTestObject("ShopOpen/Validate_ShopCategoriesListScreen", ["package":PACKAGENAME]), 0): Element 'Object Repository/ShopOpen/Validate_ShopCategoriesListScreen' is exist

2019-04-23 15:56:15 - [MESSAGE][WARNING] - Timeout '0' is invalid. Using default page load timeout: '6'

2019-04-23 15:56:17 - [MESSAGE][PASSED] - Element 'Object Repository/ShopOpen/Validate_ShopCategoriesListScreen' is exist

2019-04-23 15:56:17 - [MESSAGE][PASSED] - Call Test Case 'Test Cases/ShopOpen/RTMVisitFrequency/VisitRTMVisitFrequency' successfully

2019-04-23 15:56:18 - [MESSAGE][PASSED] - Swiped from 0,240 to 0,200

2019-04-23 15:56:18 - [MESSAGE][PASSED] - Swiped from 0,293 to 0,200

2019-04-23 15:56:21 - [MESSAGE][PASSED] - Swiped from 0,293 to 0,200

2019-04-23 15:56:25 - [MESSAGE][PASSED] - Swiped from 0,293 to 0,200

2019-04-23 15:56:28 - [TEST_CASE][PASSED] - Test Cases/ShopOpen/POPApplication/OverwritePOPApplication: Test Cases/ShopOpen/POPApplication/OverwritePOPApplication

2019-04-23 15:56:28 - [TEST_STEP][PASSED] - verifyElementText(findTestObject("ShopOpen/POPApplication/Validate_POPApplicationDetailScreen", ["package":PACKAGENAME]), "KPI :POP Application"): Actual text and expected text of test object 'Object Repository/ShopOpen/POPApplication/Validate_POPApplicationDetailScreen' are matched.

2019-04-23 15:56:29 - [MESSAGE][PASSED] - Actual text and expected text of test object 'Object Repository/ShopOpen/POPApplication/Validate_POPApplicationDetailScreen' are matched.

2019-04-23 15:56:29 - [TEST_STEP][PASSED] - tap(findTestObject("ShopOpen/POPApplication/POPDeployment_No", ["package":PACKAGENAME]), 0): Tapped on element 'Object Repository/ShopOpen/POPApplication/POPDeployment_No'

2019-04-23 15:56:29 - [MESSAGE][WARNING] - Timeout '0' is invalid. Using default page load timeout: '6'

2019-04-23 15:56:29 - [MESSAGE][PASSED] - Tapped on element 'Object Repository/ShopOpen/POPApplication/POPDeployment_No'

2019-04-23 15:56:29 - [TEST_STEP][PASSED] - pressBack(): Press back button successfully

2019-04-23 15:56:30 - [MESSAGE][PASSED] - Press back button successfully

2019-04-23 15:56:30 - [TEST_STEP][PASSED] - verifyElementExist(findTestObject("ShopOpen/Validate_ShopCategoriesListScreen", ["package":PACKAGENAME]), 0): Element 'Object Repository/ShopOpen/Validate_ShopCategoriesListScreen' is exist

2019-04-23 15:56:30 - [MESSAGE][WARNING] - Timeout '0' is invalid. Using default page load timeout: '6'

2019-04-23 15:56:32 - [MESSAGE][PASSED] - Element 'Object Repository/ShopOpen/Validate_ShopCategoriesListScreen' is exist

2019-04-23 15:56:32 - [MESSAGE][PASSED] - Call Test Case 'Test Cases/ShopOpen/POPApplication/OverwritePOPApplication' successfully

2019-04-23 15:56:33 - [MESSAGE][PASSED] - Swiped from 0,240 to 0,200

2019-04-23 15:56:33 - [MESSAGE][PASSED] - Swiped from 0,293 to 0,200

2019-04-23 15:56:36 - [MESSAGE][PASSED] - Swiped from 0,293 to 0,200

2019-04-23 15:56:39 - [MESSAGE][PASSED] - Swiped from 0,293 to 0,200

2019-04-23 15:56:43 - [MESSAGE][PASSED] - Swiped from 0,293 to 0,200

2019-04-23 15:56:46 - [TEST_CASE][PASSED] - Test Cases/ShopOpen/AdditionalPicture/VisitAdditionalPicture: Test Cases/ShopOpen/AdditionalPicture/VisitAdditionalPicture

2019-04-23 15:56:46 - [TEST_STEP][PASSED] - verifyElementText(findTestObject("ShopOpen/AdditionalPicture/Validate_AdditionalPictureScreen", ["package":PACKAGENAME]), "Additional Picture"): Actual text and expected text of test object 'Object Repository/ShopOpen/AdditionalPicture/Validate_AdditionalPictureScreen' are matched.

2019-04-23 15:56:48 - [MESSAGE][PASSED] - Actual text and expected text of test object 'Object Repository/ShopOpen/AdditionalPicture/Validate_AdditionalPictureScreen' are matched.

2019-04-23 15:56:48 - [TEST_STEP][PASSED] - com.ct.qa.keywords.AdditionalPictureKeywords.takeMendatoryImages(): com.ct.qa.keywords.AdditionalPictureKeywords.takeMendatoryImages is PASSED

2019-04-23 15:56:49 - [MESSAGE][WARNING] - Timeout '0' is invalid. Using default page load timeout: '6'

2019-04-23 15:56:51 - [MESSAGE][PASSED] - Element 'Object Repository/CommonScreenElements/Validate_CameraScreen' is exist

2019-04-23 15:56:51 - [MESSAGE][WARNING] - Timeout '0' is invalid. Using default page load timeout: '6'

2019-04-23 15:56:55 - [MESSAGE][PASSED] - Tapped on element 'Object Repository/CommonScreenElements/Camera_TakePictureButton'

2019-04-23 15:57:00 - [MESSAGE][PASSED] - Delayed 5 second(s)

2019-04-23 15:57:00 - [MESSAGE][WARNING] - Timeout '0' is invalid. Using default page load timeout: '6'

2019-04-23 15:57:00 - [MESSAGE][PASSED] - Tapped on element 'Object Repository/CommonScreenElements/Camera_DoneButton'

2019-04-23 15:57:00 - [MESSAGE][PASSED] - com.ct.qa.keywords.AdditionalPictureKeywords.takeMendatoryImages is PASSED

2019-04-23 15:57:00 - [TEST_STEP][PASSED] - pressBack(): Press back button successfully

2019-04-23 15:57:02 - [MESSAGE][PASSED] - Press back button successfully

2019-04-23 15:57:02 - [TEST_STEP][PASSED] - verifyElementExist(findTestObject("ShopOpen/Validate_ShopCategoriesListScreen", ["package":PACKAGENAME]), 0): Element 'Object Repository/ShopOpen/Validate_ShopCategoriesListScreen' is exist

2019-04-23 15:57:02 - [MESSAGE][WARNING] - Timeout '0' is invalid. Using default page load timeout: '6'

2019-04-23 15:57:03 - [MESSAGE][PASSED] - Element 'Object Repository/ShopOpen/Validate_ShopCategoriesListScreen' is exist

2019-04-23 15:57:03 - [MESSAGE][PASSED] - Call Test Case 'Test Cases/ShopOpen/AdditionalPicture/VisitAdditionalPicture' successfully

2019-04-23 15:57:04 - [MESSAGE][PASSED] - Swiped from 0,240 to 0,200

2019-04-23 15:57:05 - [MESSAGE][PASSED] - Swiped from 0,293 to 0,200

2019-04-23 15:57:07 - [MESSAGE][PASSED] - Swiped from 0,293 to 0,200

2019-04-23 15:57:10 - [MESSAGE][PASSED] - Swiped from 0,293 to 0,200

2019-04-23 15:57:13 - [MESSAGE][PASSED] - Swiped from 0,293 to 0,200

2019-04-23 15:57:17 - [MESSAGE][PASSED] - Swiped from 0,293 to 0,200

2019-04-23 15:57:19 - [MESSAGE][WARNING] - Timeout '0' is invalid. Using default page load timeout: '6'

2019-04-23 15:57:26 - [MESSAGE][WARNING] - Element 'Object Repository/CommonScreenElements/Validate_CameraScreen' not found
[[ATTACHMENT|F:\\Git Projects\\MMAPlus_Merchandising\\MMAPlus_Merchandising\\Reports\\MMA Plus Merchandising Data Verification\\20190423_151839\\1556017045913.png]]

2019-04-23 15:57:27 - [TEST_CASE][PASSED] - Test Cases/ShopOpen/Survey/visitSurveyCategories: Test Cases/ShopOpen/Survey/visitSurveyCategories

2019-04-23 15:57:27 - [TEST_STEP][PASSED] - verifyElementText(findTestObject("ShopOpen/Survey/Validate_QuestionCategoriesScreen", ["package":PACKAGENAME]), "Question Category"): Actual text and expected text of test object 'Object Repository/ShopOpen/Survey/Validate_QuestionCategoriesScreen' are matched.

2019-04-23 15:57:27 - [MESSAGE][PASSED] - Actual text and expected text of test object 'Object Repository/ShopOpen/Survey/Validate_QuestionCategoriesScreen' are matched.

2019-04-23 15:57:27 - [TEST_STEP][PASSED] - com.ct.qa.keywords.SurveyKeywords.visitQuestionCategories(1): com.ct.qa.keywords.SurveyKeywords.visitQuestionCategories is PASSED

2019-04-23 15:57:29 - [TEST_CASE][PASSED] - Test Cases/ShopOpen/Survey/SurveyQuestions/VisitSurveyQuestions: Test Cases/ShopOpen/Survey/SurveyQuestions/VisitSurveyQuestions

2019-04-23 15:57:29 - [TEST_STEP][PASSED] - verifyElementExist(findTestObject("ShopOpen/Survey/Validate_SurveyQuestionsScreen", ["package":PACKAGENAME]), 0): Element 'Object Repository/ShopOpen/Survey/Validate_SurveyQuestionsScreen' is exist

2019-04-23 15:57:29 - [MESSAGE][WARNING] - Timeout '0' is invalid. Using default page load timeout: '6'

2019-04-23 15:57:30 - [MESSAGE][PASSED] - Element 'Object Repository/ShopOpen/Survey/Validate_SurveyQuestionsScreen' is exist

2019-04-23 15:57:30 - [TEST_STEP][PASSED] - com.ct.qa.keywords.SurveyKeywords.visitSurveyQuestions(): com.ct.qa.keywords.SurveyKeywords.visitSurveyQuestions is PASSED

2019-04-23 15:57:34 - [MESSAGE][PASSED] - Keyboard is hidden

2019-04-23 15:57:37 - [MESSAGE][PASSED] - Keyboard is hidden

2019-04-23 15:57:39 - [MESSAGE][PASSED] - Keyboard is hidden

2019-04-23 15:57:42 - [MESSAGE][PASSED] - Keyboard is hidden

2019-04-23 15:57:43 - [MESSAGE][WARNING] - Timeout '0' is invalid. Using default page load timeout: '6'

2019-04-23 15:57:44 - [MESSAGE][PASSED] - Element 'Object Repository/ShopOpen/Survey/Validate_RemarksPopup' is exist

2019-04-23 15:57:44 - [MESSAGE][WARNING] - Timeout '0' is invalid. Using default page load timeout: '6'

2019-04-23 15:57:45 - [MESSAGE][PASSED] - Tapped on element 'Object Repository/ShopOpen/Survey/RemarksPopup_Yes'

2019-04-23 15:57:47 - [MESSAGE][WARNING] - Timeout '0' is invalid. Using default page load timeout: '6'

2019-04-23 15:57:48 - [MESSAGE][PASSED] - Element 'Object Repository/CommonScreenElements/Validate_CameraScreen' is exist

2019-04-23 15:57:48 - [MESSAGE][WARNING] - Timeout '0' is invalid. Using default page load timeout: '6'

2019-04-23 15:57:51 - [MESSAGE][PASSED] - Tapped on element 'Object Repository/CommonScreenElements/Camera_TakePictureButton'

2019-04-23 15:57:56 - [MESSAGE][PASSED] - Delayed 5 second(s)

2019-04-23 15:57:56 - [MESSAGE][WARNING] - Timeout '0' is invalid. Using default page load timeout: '6'

2019-04-23 15:57:57 - [MESSAGE][PASSED] - Tapped on element 'Object Repository/CommonScreenElements/Camera_DoneButton'

2019-04-23 15:57:57 - [MESSAGE][WARNING] - Timeout '0' is invalid. Using default page load timeout: '6'

2019-04-23 15:57:58 - [MESSAGE][PASSED] - Element 'Object Repository/ShopOpen/Survey/Validate_SurveyQuestionsScreen' is exist

2019-04-23 15:58:00 - [MESSAGE][PASSED] - Swiped from 10,600 to 10,200

2019-04-23 15:58:01 - [MESSAGE][WARNING] - Timeout '0' is invalid. Using default page load timeout: '6'

2019-04-23 15:58:03 - [MESSAGE][PASSED] - Element 'Object Repository/CommonScreenElements/Validate_CameraScreen' is exist

2019-04-23 15:58:03 - [MESSAGE][WARNING] - Timeout '0' is invalid. Using default page load timeout: '6'

2019-04-23 15:58:07 - [MESSAGE][PASSED] - Tapped on element 'Object Repository/CommonScreenElements/Camera_TakePictureButton'

2019-04-23 15:58:12 - [MESSAGE][PASSED] - Delayed 5 second(s)

2019-04-23 15:58:12 - [MESSAGE][WARNING] - Timeout '0' is invalid. Using default page load timeout: '6'

2019-04-23 15:58:13 - [MESSAGE][PASSED] - Tapped on element 'Object Repository/CommonScreenElements/Camera_DoneButton'

2019-04-23 15:58:13 - [MESSAGE][WARNING] - Timeout '0' is invalid. Using default page load timeout: '6'

2019-04-23 15:58:13 - [MESSAGE][PASSED] - Element 'Object Repository/ShopOpen/Survey/Validate_SurveyQuestionsScreen' is exist

2019-04-23 15:58:15 - [MESSAGE][PASSED] - Swiped from 10,600 to 10,200

2019-04-23 15:58:16 - [MESSAGE][WARNING] - Timeout '0' is invalid. Using default page load timeout: '6'

2019-04-23 15:58:18 - [MESSAGE][PASSED] - Element 'Object Repository/CommonScreenElements/Validate_CameraScreen' is exist

2019-04-23 15:58:18 - [MESSAGE][WARNING] - Timeout '0' is invalid. Using default page load timeout: '6'

2019-04-23 15:58:22 - [MESSAGE][PASSED] - Tapped on element 'Object Repository/CommonScreenElements/Camera_TakePictureButton'

2019-04-23 15:58:27 - [MESSAGE][PASSED] - Delayed 5 second(s)

2019-04-23 15:58:27 - [MESSAGE][WARNING] - Timeout '0' is invalid. Using default page load timeout: '6'

2019-04-23 15:58:27 - [MESSAGE][PASSED] - Tapped on element 'Object Repository/CommonScreenElements/Camera_DoneButton'

2019-04-23 15:58:27 - [MESSAGE][WARNING] - Timeout '0' is invalid. Using default page load timeout: '6'

2019-04-23 15:58:28 - [MESSAGE][PASSED] - Element 'Object Repository/ShopOpen/Survey/Validate_SurveyQuestionsScreen' is exist

2019-04-23 15:58:30 - [MESSAGE][PASSED] - Swiped from 10,600 to 10,200

2019-04-23 15:58:31 - [MESSAGE][PASSED] - com.ct.qa.keywords.SurveyKeywords.visitSurveyQuestions is PASSED

2019-04-23 15:58:31 - [TEST_STEP][PASSED] - pressBack(): Press back button successfully

2019-04-23 15:58:31 - [MESSAGE][PASSED] - Press back button successfully

2019-04-23 15:58:31 - [MESSAGE][PASSED] - Call Test Case 'Test Cases/ShopOpen/Survey/SurveyQuestions/VisitSurveyQuestions' successfully

2019-04-23 15:58:31 - [MESSAGE][PASSED] - com.ct.qa.keywords.SurveyKeywords.visitQuestionCategories is PASSED

2019-04-23 15:58:31 - [TEST_STEP][PASSED] - pressBack(): Press back button successfully

2019-04-23 15:58:32 - [MESSAGE][PASSED] - Press back button successfully

2019-04-23 15:58:32 - [TEST_STEP][PASSED] - verifyElementExist(findTestObject("ShopOpen/Validate_ShopCategoriesListScreen"), 0): Element 'Object Repository/ShopOpen/Validate_ShopCategoriesListScreen' is exist

2019-04-23 15:58:32 - [MESSAGE][WARNING] - Timeout '0' is invalid. Using default page load timeout: '6'

2019-04-23 15:58:33 - [MESSAGE][PASSED] - Element 'Object Repository/ShopOpen/Validate_ShopCategoriesListScreen' is exist

2019-04-23 15:58:33 - [MESSAGE][PASSED] - Call Test Case 'Test Cases/ShopOpen/Survey/visitSurveyCategories' successfully

2019-04-23 15:58:34 - [MESSAGE][PASSED] - Swiped from 0,240 to 0,200

2019-04-23 15:58:35 - [MESSAGE][PASSED] - Swiped from 0,293 to 0,200

2019-04-23 15:58:37 - [MESSAGE][PASSED] - Swiped from 0,293 to 0,200

2019-04-23 15:58:40 - [MESSAGE][PASSED] - Swiped from 0,293 to 0,200

2019-04-23 15:58:43 - [MESSAGE][PASSED] - Swiped from 0,293 to 0,200

2019-04-23 15:58:46 - [MESSAGE][PASSED] - Swiped from 0,293 to 0,200

2019-04-23 15:58:50 - [MESSAGE][PASSED] - Swiped from 0,293 to 0,200

2019-04-23 15:58:52 - [MESSAGE][PASSED] - com.ct.qa.keywords.CategoryVisitingScenariosKeywords.visitShopCategoriesWithDataVerification is PASSED

2019-04-23 15:58:52 - [MESSAGE][PASSED] - Call Test Case 'Test Cases/ShopOpen/VisitCategoryScenarios/VisitShopCategoriesWithDataVerification' successfully

2019-04-23 15:58:52 - [TEST_CASE][PASSED] - Test Cases/ShopOpen/SaveShop: Test Cases/ShopOpen/SaveShop

2019-04-23 15:58:52 - [TEST_STEP][PASSED] - tap(findTestObject("ShopOpen/SubmitButtonToSaveShop", ["package":PACKAGENAME]), 0): Tapped on element 'Object Repository/ShopOpen/SubmitButtonToSaveShop'

2019-04-23 15:58:52 - [MESSAGE][WARNING] - Timeout '0' is invalid. Using default page load timeout: '6'

2019-04-23 15:58:53 - [MESSAGE][PASSED] - Tapped on element 'Object Repository/ShopOpen/SubmitButtonToSaveShop'

2019-04-23 15:58:53 - [TEST_STEP][PASSED] - verifyElementExist(findTestObject("CommonScreenElements/Validate_InfoPopUP", ["package":PACKAGENAME]), 0): Element 'Object Repository/CommonScreenElements/Validate_InfoPopUP' is exist

2019-04-23 15:58:53 - [MESSAGE][WARNING] - Timeout '0' is invalid. Using default page load timeout: '6'

2019-04-23 15:58:53 - [MESSAGE][PASSED] - Element 'Object Repository/CommonScreenElements/Validate_InfoPopUP' is exist

2019-04-23 15:58:53 - [TEST_STEP][PASSED] - tap(findTestObject("CommonScreenElements/InfoPopUp_YesButton", ["package":PACKAGENAME]), 0): Tapped on element 'Object Repository/CommonScreenElements/InfoPopUp_YesButton'

2019-04-23 15:58:53 - [MESSAGE][WARNING] - Timeout '0' is invalid. Using default page load timeout: '6'

2019-04-23 15:58:54 - [MESSAGE][PASSED] - Tapped on element 'Object Repository/CommonScreenElements/InfoPopUp_YesButton'

2019-04-23 15:58:54 - [TEST_STEP][PASSED] - verifyElementText(findTestObject("Validate_ShopListScreen", ["package":PACKAGENAME]), "Shops on Route"): Actual text and expected text of test object 'Object Repository/Validate_ShopListScreen' are matched.

2019-04-23 15:58:55 - [MESSAGE][PASSED] - Actual text and expected text of test object 'Object Repository/Validate_ShopListScreen' are matched.

2019-04-23 15:58:55 - [MESSAGE][PASSED] - Call Test Case 'Test Cases/ShopOpen/SaveShop' successfully

2019-04-23 15:58:55 - [MESSAGE][WARNING] - Timeout '0' is invalid. Using default page load timeout: '6'

2019-04-23 15:58:55 - [MESSAGE][PASSED] - Element 'Object Repository/Validate_ShopListScreen' is exist

2019-04-23 15:58:56 - [MESSAGE][PASSED] - Press back button successfully

2019-04-23 15:58:56 - [MESSAGE][PASSED] - com.ct.qa.keywords.SliderOptionsKeywords.findSliderOption is PASSED

2019-04-23 15:58:56 - [TEST_STEP][PASSED] - com.ct.qa.keywords.SliderOptionsKeywords.findSliderOption("Info"): com.ct.qa.keywords.SliderOptionsKeywords.findSliderOption is PASSED

2019-04-23 15:58:57 - [MESSAGE][PASSED] - Swiped from 5,200 to 5,500

2019-04-23 15:58:57 - [MESSAGE][PASSED] - Swiped from 5,200 to 5,500

2019-04-23 15:59:04 - [MESSAGE][PASSED] - Swiped from 0,255 to 0,200

2019-04-23 15:59:07 - [MESSAGE][PASSED] - Swiped from 0,284 to 0,200

2019-04-23 15:59:12 - [MESSAGE][PASSED] - Swiped from 0,284 to 0,200

2019-04-23 15:59:16 - [MESSAGE][PASSED] - Actual text and expected text of test object 'Object Repository/SliderOptions/Validate_LoginCode' are matched.

2019-04-23 15:59:16 - [MESSAGE][PASSED] - Actual text and expected text of test object 'Object Repository/SliderOptions/Validate_LoginTime' are matched.

2019-04-23 15:59:17 - [MESSAGE][PASSED] - Actual text and expected text of test object 'Object Repository/SliderOptions/Validate_SyncAttempted' are matched.

2019-04-23 15:59:17 - [MESSAGE][PASSED] - Actual text and expected text of test object 'Object Repository/SliderOptions/Validate_SyncSuccessful' are matched.

2019-04-23 15:59:17 - [MESSAGE][PASSED] - Actual text and expected text of test object 'Object Repository/SliderOptions/Validate_RefreshRoutes' are matched.

2019-04-23 15:59:18 - [MESSAGE][PASSED] - Actual text and expected text of test object 'Object Repository/SliderOptions/Validate_BuildVersion' are matched.

2019-04-23 15:59:18 - [MESSAGE][PASSED] - Press back button successfully

2019-04-23 15:59:18 - [MESSAGE][WARNING] - Timeout '0' is invalid. Using default page load timeout: '6'

2019-04-23 15:59:19 - [MESSAGE][PASSED] - Element 'Object Repository/SliderOptions/Validate_SliderItemsScreen' is exist

2019-04-23 15:59:19 - [MESSAGE][PASSED] - com.ct.qa.keywords.SliderOptionsKeywords.findSliderOption is PASSED

2019-04-23 15:59:19 - [TEST_STEP][PASSED] - swipe(320, 5, 2, 5): Swiped from 320,5 to 2,5

2019-04-23 15:59:20 - [MESSAGE][PASSED] - Swiped from 320,5 to 2,5

2019-04-23 15:59:20 - [TEST_STEP][PASSED] - swipe(320, 5, 2, 5): Swiped from 320,5 to 2,5

2019-04-23 15:59:21 - [MESSAGE][PASSED] - Swiped from 320,5 to 2,5

2019-04-23 15:59:21 - [TEST_STEP][PASSED] - com.ct.qa.keywords.SliderOptionsKeywords.displayMissingSliderOptionsInReport(): com.ct.qa.keywords.SliderOptionsKeywords.displayMissingSliderOptionsInReport is PASSED

2019-04-23 15:59:21 - [MESSAGE][INFO] - 

---------------------------------------------Missing Shop Data-----------------------------------------------------------------------------------------------------

<-------------------------------------------------------------------------------------------------------------------------------------->

Shop Name:               Ahmed bakery                       Channel: Small General   

Visiting Scenarios:      Data Verification                  Remark                   Out Of Route Shops                 

Shop Categories:              Competition Tracking,   
above items are display on device not match with expected items...



Question Categories:

Main Category:                Survey                                                      
Question Categories:          Competition Tracking,	
above items are missing on device...



<-------------------------------------------------------------------------------------------------------------------------------------->



2019-04-23 15:59:21 - [MESSAGE][INFO] - 

Shop Name:               Al Rahim Store                     Channel: Big General Store

Visiting Scenarios:      Data Verification                  Remark                   Abnormal Shops                     

Shop Categories:              Competition Tracking,   
above items are display on device not match with expected items...



Question Categories:

Main Category:                Survey                                                      
Question Categories:          Competition Tracking,	
above items are missing on device...



<-------------------------------------------------------------------------------------------------------------------------------------->



2019-04-23 15:59:21 - [MESSAGE][INFO] - 


---------------------------------------------Visited Shop Data-----------------------------------------------------------------------------------------------------

<-------------------------------------------------------------------------------------------------------------------------------------->

Shop Name:               Ahmed bakery                       Channel: Small General   

Visiting Scenarios:      Shop Open                          Remark                   Out Of Route Shops                 Other Categories Visiting Scenarios:    (1) 'RTM visit frequency' with 'Once a week'
                                            'Pop Application' with 'No' remark                                                                  
                                            'Retailer Remarks' with 'OB not visiting' remark                                                    
                                            'Hanger Availability' with 'Yes' remark                                                             
                                        (2) 'RTM visit frequency' with 'Twice a week'                                                       
                                            'Pop Application' with 'No' remark                                                                  
                                            'Retailer Remarks' with 'SM not visiting' remark                                                    
                                            'Hanger Availability' with 'No' remark                                                              

Main Category:                Chiller                                                     
Scenarios:                    Chiller Not Allocated  ==>  null                                                                                                  

Product Category:             Juices - 200ML                                              
Products:                                         Facing                      Stock Taking                Overwrite Facing            Overwrite Stock Taking      
NESFRUTA MANGO 200ML                              15645                       17459                       null                        null                        
FRUITA VITALS CHAUNSA 200ML                       15642                       17456                       null                        null                        
FRUITA VITALS RED GRAPES 200ML                    15643                       17457                       null                        null                        
FRUITA VITALS APPLE 200ML                         15644                       17458                       null                        null                        
FRUITA VITALS PEACH 200ML                         15646                       17460                       null                        null                        
FRUITA VITALS ROYAL MANGOES 200ML                 15647                       17461                       null                        null                        


Product Category:             Water                                                       
Products:                                         Facing                      Stock Taking                Overwrite Facing            Overwrite Stock Taking      
Water Npl 500ML                                   15657                       17471                       null                        null                        
Water Npl 1500ML                                  15658                       17472                       null                        null                        
Water Npl 330ML                                   15659                       17473                       null                        null                        


Product Category:             Flavoured Milk                                              
Products:                                         Facing                      Stock Taking                Overwrite Facing            Overwrite Stock Taking      
MILO RTD 200ML                                    15656                       17470                       null                        null                        


Product Category:             Yogurt                                                      
Products:                                         Facing                      Stock Taking                Overwrite Facing            Overwrite Stock Taking      
Sweet & Tasty 400GM                               15649                       17463                       null                        null                        
PODINA RAITA 250GM                                15650                       17464                       null                        null                        
NESTLE MILKPAK YOGURT POUCH 500GM                 15648                       17462                       null                        null                        
Nestle Nesvita YOGURT 400GM                       15651                       17465                       null                        null                        
NESTLE ZEERA RAITA 250GM                          15652                       17466                       null                        null                        
NESTLE MILKPAK YOGURT CUP 450GM                   15653                       17467                       null                        null                        
Sweet & Tasty 200GM                               15654                       17468                       null                        null                        
NESTLE MILKPAK YOGURT POUCH 1000GM                15655                       17469                       null                        null                        

                                ----------------------------------------------------------------------------------------------------                                


Main Category:                Nutrition                                                   
Scenarios:                    Display Space Available  ==>  null                                                                                                

Product Category:             Nutrition                                                   
Products:                                         Facing                      Stock Taking                Overwrite Facing            Overwrite Stock Taking      
CERELAC 3 Fruit 175GM                             1163                        2977                        null                        null                        
CERELAC RICE 175GM                                1164                        2978                        null                        null                        
CERELAC Wheat 175GM                               1165                        2979                        null                        null                        
NIDO NNS 1+ 400GM                                 1166                        2980                        null                        null                        

                                ----------------------------------------------------------------------------------------------------                                


Main Category:                Dairy Liquid                                                
Scenarios:                    Display Space Available  ==>  null                                                                                                

Product Category:             Dairy Liquid                                                
Products:                                         Facing                      Stock Taking                Overwrite Facing            Overwrite Stock Taking      
MILKPAK UHT 250ML                                 1148                        2962                        null                        null                        
MILKPAK UHT 1000ML                                1149                        2963                        null                        null                        
EVERYDAY UHT 180ML                                1150                        2964                        null                        null                        
MILKPAK CREAM 200ML                               1151                        2965                        null                        null                        
EVERYDAY UHT 225ML                                1152                        2966                        null                        null                        

                                ----------------------------------------------------------------------------------------------------                                


Main Category:                Powder Tea Whitener                                         
Scenarios:                    Display Space Available  ==>  null                                                                                                

Product Category:             Powder Tea Whitener                                         
Products:                                         Facing                      Stock Taking                Overwrite Facing            Overwrite Stock Taking      
NESTLE EVERYDAY ORIGINAL 375GM                    1169                        2983                        null                        null                        
NESTLE EVERYDAY MIXED TEA 250GM                   1170                        2984                        null                        null                        

                                ----------------------------------------------------------------------------------------------------                                


Main Category:                Juices                                                      
Scenarios:                    Display Space Available  ==>  null                                                                                                

Product Category:             Juices                                                      
Products:                                         Facing                      Stock Taking                Overwrite Facing            Overwrite Stock Taking      
FRUITA VITALS CHAUNSA 1000ML                      1153                        2967                        null                        null                        
FRUITA VITALS RED GRAPES 1000ML                   1154                        2968                        null                        null                        
FRUITA VITALS APPLE 1000ML                        1155                        2969                        null                        null                        
NESFRUTA MANGO 1000ML                             1156                        2970                        null                        null                        
FRUITA VITALS PEACH 1000ML                        1157                        2971                        null                        null                        
FRUITA VITALS ROYAL MANGOES 1000ML                1158                        2972                        null                        null                        

                                ----------------------------------------------------------------------------------------------------                                


Main Category:                Infant Nutrition                                            
Scenarios:                    Display Space Available  ==>  null                                                                                                

Product Category:             Infant Nutrition                                            
Products:                                         Facing                      Stock Taking                Overwrite Facing            Overwrite Stock Taking      
LACTOGEN 1 200GM                                  1161                        2975                        null                        null                        
LACTOGEN 2 200GM                                  1162                        2976                        null                        null                        
LACTOGEN 2 400GM                                  1160                        2974                        null                        null                        
LACTOGEN 1 400GM                                  1159                        2973                        null                        null                        

                                ----------------------------------------------------------------------------------------------------                                


Main Category:                Dairy Powder                                                
Scenarios:                    Display Space Available  ==>  null                                                                                                

Product Category:             Dairy Powder                                                
Products:                                         Facing                      Stock Taking                Overwrite Facing            Overwrite Stock Taking      
Nido Fortigrow 390GM                              1168                        2982                        null                        null                        
NESTLE BUNYAD 260GM                               1167                        2981                        null                        null                        

                                ----------------------------------------------------------------------------------------------------                                


Main Category:                Sachets                                                     
Scenarios:                    Display Space Available  ==>  null                                                                                                

Product Category:             Sachets                                                     
Products:                                         Facing                      Stock Taking                Overwrite Facing            Overwrite Stock Taking      
CERELAC 3 FRUIT 25GM                              1172                        2986                        null                        null                        
NESTLE BUNYAD 26GM                                1171                        2985                        null                        null                        
EVERYDAY 13GM                                     1173                        2987                        null                        null                        
NESTLE BUNYAD 130GM                               1174                        2988                        null                        null                        
CERELAC RICE 25GM                                 1177                        2991                        null                        null                        
EVERYDAY 30GM                                     1175                        2989                        null                        null                        
CERELAC Wheat 25GM                                1176                        2990                        null                        null                        
NESCAFE 3IN1 STRING 20GM                          1179                        2993                        null                        null                        
NESTLE BUNYAD CHOCO 26GM                          1178                        2992                        null                        null                        

                                ----------------------------------------------------------------------------------------------------                                


<-------------------------------------------------------------------------------------------------------------------------------------->



2019-04-23 15:59:21 - [MESSAGE][INFO] - 

Shop Name:               Al Rahim Store                     Channel: Big General Store

Visiting Scenarios:      Shop Open                          Remark                   Abnormal Shops                     Other Categories Visiting Scenarios:    (1) 'RTM visit frequency' with 'Once a week'
                                            'Pop Application' with 'No' remark                                                                  
                                            'Retailer Remarks' with 'OB not visiting' remark                                                    
                                            'Hanger Availability' with 'Yes' remark                                                             
                                        (2) 'RTM visit frequency' with 'Twice a week'                                                       
                                            'Pop Application' with 'No' remark                                                                  
                                            'Retailer Remarks' with 'SM not visiting' remark                                                    
                                            'Hanger Availability' with 'No' remark                                                              

Main Category:                Chiller                                                     
Scenarios:                    Chiller Not Allocated  ==>  null                                                                                                  

Product Category:             Juices - 200ML                                              
Products:                                         Facing                      Stock Taking                Overwrite Facing            Overwrite Stock Taking      
NESFRUTA MANGO 200ML                              14700                       16514                       null                        null                        
FRUITA VITALS CHAUNSA 200ML                       14697                       16511                       null                        null                        
FRUITA VITALS RED GRAPES 200ML                    14698                       16512                       null                        null                        
FRUITA VITALS APPLE 200ML                         14699                       16513                       null                        null                        
FRUITA VITALS PEACH 200ML                         14701                       16515                       null                        null                        
FRUITA VITALS ROYAL MANGOES 200ML                 14702                       16516                       null                        null                        


Product Category:             Yogurt                                                      
Products:                                         Facing                      Stock Taking                Overwrite Facing            Overwrite Stock Taking      
Sweet & Tasty 400GM                               14704                       16518                       null                        null                        
PODINA RAITA 250GM                                14705                       16519                       null                        null                        
Nestle Nesvita YOGURT 400GM                       14706                       16520                       null                        null                        
NESTLE MILKPAK YOGURT POUCH 500GM                 14703                       16517                       null                        null                        
NESTLE ZEERA RAITA 250GM                          14707                       16521                       null                        null                        
NESTLE MILKPAK YOGURT CUP 450GM                   14708                       16522                       null                        null                        
Sweet & Tasty 200GM                               14709                       16523                       null                        null                        
NESTLE MILKPAK YOGURT POUCH 1000GM                14710                       16524                       null                        null                        


Product Category:             Flavoured Milk                                              
Products:                                         Facing                      Stock Taking                Overwrite Facing            Overwrite Stock Taking      
MILO RTD 200ML                                    14711                       16525                       null                        null                        


Product Category:             Water                                                       
Products:                                         Facing                      Stock Taking                Overwrite Facing            Overwrite Stock Taking      
Water Npl 500ML                                   14712                       16526                       null                        null                        
Water Npl 1500ML                                  14713                       16527                       null                        null                        
Water Npl 330ML                                   14714                       16528                       null                        null                        

                                ----------------------------------------------------------------------------------------------------                                


Main Category:                Nutrition                                                   
Scenarios:                    Display Space Available  ==>  null                                                                                                

Product Category:             Nutrition                                                   
Products:                                         Facing                      Stock Taking                Overwrite Facing            Overwrite Stock Taking      
CERELAC 3 Fruit 175GM                             219                         2033                        null                        null                        
CERELAC Wheat 350GM                               220                         2034                        null                        null                        
CERELAC RICE 175GM                                221                         2035                        null                        null                        
CERELAC Wheat 175GM                               222                         2036                        null                        null                        
NIDO NNS 1+ 400GM                                 223                         2037                        null                        null                        
CERELAC 3 Fruit 350GM                             218                         2032                        null                        null                        

                                ----------------------------------------------------------------------------------------------------                                


Main Category:                Dairy Liquid                                                
Scenarios:                    Display Space Available  ==>  null                                                                                                

Product Category:             Dairy Liquid                                                
Products:                                         Facing                      Stock Taking                Overwrite Facing            Overwrite Stock Taking      
MILKPAK UHT 250ML                                 203                         2017                        null                        null                        
MILKPAK UHT 1000ML                                204                         2018                        null                        null                        
MILKPAK CREAM 200ML                               206                         2020                        null                        null                        
EVERYDAY UHT 180ML                                205                         2019                        null                        null                        
EVERYDAY UHT 225ML                                207                         2021                        null                        null                        

                                ----------------------------------------------------------------------------------------------------                                


Main Category:                Powder Tea Whitener                                         
Scenarios:                    Display Space Available  ==>  null                                                                                                

Product Category:             Powder Tea Whitener                                         
Products:                                         Facing                      Stock Taking                Overwrite Facing            Overwrite Stock Taking      
NESTLE EVERYDAY ORIGINAL 375GM                    229                         2043                        null                        null                        
NESTLE EVERYDAY ORIGINAL 900GM                    228                         2042                        null                        null                        
NESTLE EVERYDAY MIXED TEA 250GM                   230                         2044                        null                        null                        
NESTLE EVERYDAY MIXED TEA 600GM                   231                         2045                        null                        null                        

                                ----------------------------------------------------------------------------------------------------                                


Main Category:                Juices                                                      
Scenarios:                    Display Space Available  ==>  null                                                                                                

Product Category:             Juices                                                      
Products:                                         Facing                      Stock Taking                Overwrite Facing            Overwrite Stock Taking      
FRUITA VITALS CHAUNSA 1000ML                      208                         2022                        null                        null                        
FRUITA VITALS RED GRAPES 1000ML                   209                         2023                        null                        null                        
FRUITA VITALS APPLE 1000ML                        210                         2024                        null                        null                        
NESFRUTA MANGO 1000ML                             211                         2025                        null                        null                        
FRUITA VITALS PEACH 1000ML                        212                         2026                        null                        null                        
FRUITA VITALS ROYAL MANGOES 1000ML                213                         2027                        null                        null                        

                                ----------------------------------------------------------------------------------------------------                                


Main Category:                Infant Nutrition                                            
Scenarios:                    Display Space Available  ==>  null                                                                                                

Product Category:             Infant Nutrition                                            
Products:                                         Facing                      Stock Taking                Overwrite Facing            Overwrite Stock Taking      
LACTOGEN 1 200GM                                  216                         2030                        null                        null                        
LACTOGEN 1 400GM                                  214                         2028                        null                        null                        
LACTOGEN 2 400GM                                  215                         2029                        null                        null                        
LACTOGEN 2 200GM                                  217                         2031                        null                        null                        

                                ----------------------------------------------------------------------------------------------------                                


Main Category:                Dairy Powder                                                
Scenarios:                    Display Space Available  ==>  null                                                                                                

Product Category:             Dairy Powder                                                
Products:                                         Facing                      Stock Taking                Overwrite Facing            Overwrite Stock Taking      
NESTLE BUNYAD 260GM                               224                         2038                        null                        null                        
Nido Fortigrow 910GM                              225                         2039                        null                        null                        
Nido Fortigrow 390GM                              226                         2040                        null                        null                        
NESTLE BUNYAD 910GM                               227                         2041                        null                        null                        

                                ----------------------------------------------------------------------------------------------------                                


Main Category:                Sachets                                                     
Scenarios:                    Display Space Available  ==>  null                                                                                                

Product Category:             Sachets                                                     
Products:                                         Facing                      Stock Taking                Overwrite Facing            Overwrite Stock Taking      
EVERYDAY 13GM                                     234                         2048                        null                        null                        
NESTLE BUNYAD 26GM                                232                         2046                        null                        null                        
CERELAC 3 FRUIT 25GM                              233                         2047                        null                        null                        
CERELAC RICE 25GM                                 238                         2052                        null                        null                        
CERELAC Wheat 25GM                                237                         2051                        null                        null                        
NESTLE BUNYAD 130GM                               235                         2049                        null                        null                        
NESTLE BUNYAD CHOCO 26GM                          239                         2053                        null                        null                        
EVERYDAY 30GM                                     236                         2050                        null                        null                        
NESCAFE 3IN1 STRING 20GM                          240                         2054                        null                        null                        

                                ----------------------------------------------------------------------------------------------------                                


<-------------------------------------------------------------------------------------------------------------------------------------->



2019-04-23 15:59:21 - [MESSAGE][PASSED] - com.ct.qa.keywords.SliderOptionsKeywords.displayMissingSliderOptionsInReport is PASSED]]></system-out>
         <system-err><![CDATA[]]></system-err>
      </testcase>
      <testcase name="Test Cases/VisitShopScenarios/VisitShopsWithDataVerification" classname="Test Cases/VisitShopScenarios/VisitShopsWithDataVerification" status="PASSED">
         <system-out><![CDATA[2019-04-23 15:59:21 - [TEST_CASE][PASSED] - Test Cases/VisitShopScenarios/VisitShopsWithDataVerification: Test Cases/VisitShopScenarios/VisitShopsWithDataVerification

2019-04-23 15:59:21 - [TEST_STEP][PASSED] - verifyElementText(findTestObject("DashboardScreenElements/Validate_DashboardScreen", ["package":PACKAGENAME]), "Dashboard"): Actual text and expected text of test object 'Object Repository/DashboardScreenElements/Validate_DashboardScreen' are matched.

2019-04-23 15:59:21 - [MESSAGE][PASSED] - Actual text and expected text of test object 'Object Repository/DashboardScreenElements/Validate_DashboardScreen' are matched.

2019-04-23 15:59:21 - [TEST_STEP][PASSED] - com.ct.qa.keywords.CommonKeywords.selectday(): com.ct.qa.keywords.CommonKeywords.selectday is PASSED

2019-04-23 15:59:21 - [MESSAGE][WARNING] - Timeout '0' is invalid. Using default page load timeout: '6'

2019-04-23 15:59:22 - [MESSAGE][PASSED] - Tapped on element 'Object Repository/DashboardScreenElements/DaysDropdownMenu'

2019-04-23 15:59:22 - [MESSAGE][WARNING] - Timeout '0' is invalid. Using default page load timeout: '6'

2019-04-23 15:59:23 - [MESSAGE][PASSED] - Element 'Object Repository/DashboardScreenElements/Validate_DaysListScreen' is exist

2019-04-23 15:59:24 - [MESSAGE][PASSED] - com.ct.qa.keywords.CommonKeywords.selectday is PASSED

2019-04-23 15:59:24 - [TEST_STEP][PASSED] - tap(findTestObject("DashboardScreenElements/StartYourDay", ["package":PACKAGENAME]), 0): Tapped on element 'Object Repository/DashboardScreenElements/StartYourDay'

2019-04-23 15:59:24 - [MESSAGE][WARNING] - Timeout '0' is invalid. Using default page load timeout: '6'

2019-04-23 15:59:26 - [MESSAGE][PASSED] - Tapped on element 'Object Repository/DashboardScreenElements/StartYourDay'

2019-04-23 15:59:26 - [TEST_STEP][PASSED] - verifyElementText(findTestObject("Validate_ShopListScreen", ["package":PACKAGENAME]), "Shops on Route"): Actual text and expected text of test object 'Object Repository/Validate_ShopListScreen' are matched.

2019-04-23 15:59:28 - [MESSAGE][PASSED] - Actual text and expected text of test object 'Object Repository/Validate_ShopListScreen' are matched.

2019-04-23 15:59:28 - [TEST_STEP][PASSED] - com.ct.qa.keywords.ShopVisitingScenariosKeywords.visitShopWith_DataVerification(): com.ct.qa.keywords.ShopVisitingScenariosKeywords.visitShopWith_DataVerification is PASSED

2019-04-23 15:59:33 - [MESSAGE][PASSED] - Actual text and expected text of test object 'Object Repository/Validate_ShopOptionsScreen' are matched.

2019-04-23 15:59:34 - [MESSAGE][WARNING] - Timeout '0' is invalid. Using default page load timeout: '6'

2019-04-23 15:59:36 - [MESSAGE][PASSED] - Tapped on element 'Object Repository/StartWorking'

2019-04-23 15:59:51 - [MESSAGE][PASSED] - Delayed 15 second(s)

2019-04-23 15:59:51 - [MESSAGE][PASSED] - Element 'Object Repository/CommonScreenElements/Validate_MapScreen' is exist

2019-04-23 15:59:51 - [MESSAGE][WARNING] - Timeout '0' is invalid. Using default page load timeout: '6'

2019-04-23 15:59:52 - [MESSAGE][PASSED] - Tapped on element 'Object Repository/CommonScreenElements/Location_CheckIn'

2019-04-23 15:59:52 - [MESSAGE][WARNING] - Timeout '0' is invalid. Using default page load timeout: '6'

2019-04-23 15:59:53 - [MESSAGE][PASSED] - Element 'Object Repository/CommonScreenElements/Validate_InfoPopUP' is exist

2019-04-23 15:59:53 - [MESSAGE][WARNING] - Timeout '0' is invalid. Using default page load timeout: '6'

2019-04-23 15:59:53 - [MESSAGE][PASSED] - Tapped on element 'Object Repository/CommonScreenElements/InfoPopUp_NoButton'

2019-04-23 15:59:54 - [TEST_CASE][PASSED] - Test Cases/ShopOpen/VisitShopOpen: Test Cases/ShopOpen/VisitShopOpen

2019-04-23 15:59:54 - [TEST_STEP][PASSED] - verifyElementExist(findTestObject("ShopActions_List", ["package":PACKAGENAME]), 0): Element 'Object Repository/ShopActions_List' is exist

2019-04-23 15:59:54 - [MESSAGE][WARNING] - Timeout '0' is invalid. Using default page load timeout: '6'

2019-04-23 15:59:54 - [MESSAGE][PASSED] - Element 'Object Repository/ShopActions_List' is exist

2019-04-23 15:59:54 - [TEST_STEP][PASSED] - tap(findTestObject("ShopOpen/ShopOpen", ["package":PACKAGENAME]), 0): Tapped on element 'Object Repository/ShopOpen/ShopOpen'

2019-04-23 15:59:54 - [MESSAGE][WARNING] - Timeout '0' is invalid. Using default page load timeout: '6'

2019-04-23 15:59:56 - [MESSAGE][PASSED] - Tapped on element 'Object Repository/ShopOpen/ShopOpen'

2019-04-23 15:59:56 - [TEST_STEP][PASSED] - com.ct.qa.keywords.CommonKeywords.takePicture(): com.ct.qa.keywords.CommonKeywords.takePicture is PASSED

2019-04-23 15:59:56 - [MESSAGE][WARNING] - Timeout '0' is invalid. Using default page load timeout: '6'

2019-04-23 15:59:57 - [MESSAGE][PASSED] - Element 'Object Repository/CommonScreenElements/Validate_CameraScreen' is exist

2019-04-23 15:59:57 - [MESSAGE][WARNING] - Timeout '0' is invalid. Using default page load timeout: '6'

2019-04-23 16:00:00 - [MESSAGE][PASSED] - Tapped on element 'Object Repository/CommonScreenElements/Camera_TakePictureButton'

2019-04-23 16:00:05 - [MESSAGE][PASSED] - Delayed 5 second(s)

2019-04-23 16:00:05 - [MESSAGE][WARNING] - Timeout '0' is invalid. Using default page load timeout: '6'

2019-04-23 16:00:06 - [MESSAGE][PASSED] - Tapped on element 'Object Repository/CommonScreenElements/Camera_DoneButton'

2019-04-23 16:00:06 - [MESSAGE][PASSED] - com.ct.qa.keywords.CommonKeywords.takePicture is PASSED

2019-04-23 16:00:06 - [MESSAGE][PASSED] - Call Test Case 'Test Cases/ShopOpen/VisitShopOpen' successfully

2019-04-23 16:00:06 - [TEST_CASE][PASSED] - Test Cases/ShopOpen/VisitCategoryScenarios/VisitShopCategoriesWithDataVerification: Test Cases/ShopOpen/VisitCategoryScenarios/VisitShopCategoriesWithDataVerification

2019-04-23 16:00:06 - [TEST_STEP][PASSED] - verifyElementExist(findTestObject("ShopOpen/Validate_ShopCategoriesListScreen", ["package":PACKAGENAME]), 0): Element 'Object Repository/ShopOpen/Validate_ShopCategoriesListScreen' is exist

2019-04-23 16:00:06 - [MESSAGE][WARNING] - Timeout '0' is invalid. Using default page load timeout: '6'

2019-04-23 16:00:08 - [MESSAGE][PASSED] - Element 'Object Repository/ShopOpen/Validate_ShopCategoriesListScreen' is exist

2019-04-23 16:00:08 - [TEST_STEP][PASSED] - com.ct.qa.keywords.CategoryVisitingScenariosKeywords.visitShopCategoriesWithDataVerification(): com.ct.qa.keywords.CategoryVisitingScenariosKeywords.visitShopCategoriesWithDataVerification is PASSED

2019-04-23 16:00:13 - [MESSAGE][PASSED] - Swiped from 0,240 to 0,200

2019-04-23 16:00:15 - [MESSAGE][PASSED] - Swiped from 0,293 to 0,200

2019-04-23 16:00:19 - [MESSAGE][PASSED] - Swiped from 0,293 to 0,200

2019-04-23 16:00:23 - [MESSAGE][PASSED] - Swiped from 0,293 to 0,200

2019-04-23 16:00:27 - [MESSAGE][PASSED] - Swiped from 0,293 to 0,200

2019-04-23 16:00:31 - [MESSAGE][PASSED] - Swiped from 0,293 to 0,200

2019-04-23 16:00:35 - [MESSAGE][PASSED] - Swiped from 0,293 to 0,200

2019-04-23 16:00:37 - [MESSAGE][PASSED] - Swiped from 0,200 to 0,750

2019-04-23 16:00:38 - [MESSAGE][PASSED] - Swiped from 0,200 to 0,750

2019-04-23 16:00:39 - [MESSAGE][WARNING] - Timeout '0' is invalid. Using default page load timeout: '6'

2019-04-23 16:00:47 - [MESSAGE][WARNING] - Element 'Object Repository/CommonScreenElements/Validate_CameraScreen' not found
[[ATTACHMENT|F:\\Git Projects\\MMAPlus_Merchandising\\MMAPlus_Merchandising\\Reports\\MMA Plus Merchandising Data Verification\\20190423_151839\\1556017246551.png]]

2019-04-23 16:00:47 - [TEST_CASE][PASSED] - Test Cases/ShopOpen/ChillerUtilization/VisitChillerScenarios_WithCategeoryLevel/VisitChillerUtilizationWithDataVerification: Test Cases/ShopOpen/ChillerUtilization/VisitChillerScenarios_WithCategeoryLevel/VisitChillerUtilizationWithDataVerification

2019-04-23 16:00:47 - [TEST_STEP][PASSED] - verifyElementText(findTestObject("ShopOpen/ChillerUtilization/Validate_ChillerUtilizationScreen", ["package":PACKAGENAME]), "Shop Chillers"): Actual text and expected text of test object 'Object Repository/ShopOpen/ChillerUtilization/Validate_ChillerUtilizationScreen' are matched.

2019-04-23 16:00:48 - [MESSAGE][PASSED] - Actual text and expected text of test object 'Object Repository/ShopOpen/ChillerUtilization/Validate_ChillerUtilizationScreen' are matched.

2019-04-23 16:00:48 - [TEST_STEP][PASSED] - com.ct.qa.keywords.ChillerVisitingScenariosKeywords.visitChillersTaggedInChillerUtilizationWithDataVerification(): com.ct.qa.keywords.ChillerVisitingScenariosKeywords.visitChillersTaggedInChillerUtilizationWithDataVerification is PASSED

2019-04-23 16:00:50 - [MESSAGE][WARNING] - Timeout '0' is invalid. Using default page load timeout: '6'

2019-04-23 16:00:51 - [MESSAGE][PASSED] - Element 'Object Repository/CommonScreenElements/Validate_CameraScreen' is exist

2019-04-23 16:00:51 - [MESSAGE][WARNING] - Timeout '0' is invalid. Using default page load timeout: '6'

2019-04-23 16:00:54 - [MESSAGE][PASSED] - Tapped on element 'Object Repository/CommonScreenElements/Camera_TakePictureButton'

2019-04-23 16:00:59 - [MESSAGE][PASSED] - Delayed 5 second(s)

2019-04-23 16:00:59 - [MESSAGE][WARNING] - Timeout '0' is invalid. Using default page load timeout: '6'

2019-04-23 16:01:00 - [MESSAGE][PASSED] - Tapped on element 'Object Repository/CommonScreenElements/Camera_DoneButton'

2019-04-23 16:01:04 - [TEST_CASE][PASSED] - Test Cases/ShopOpen/ChillerUtilization/ChillerAvailable/VisitChillerAvailable: Test Cases/ShopOpen/ChillerUtilization/ChillerAvailable/VisitChillerAvailable

2019-04-23 16:01:04 - [TEST_STEP][PASSED] - verifyElementExist(findTestObject("ShopOpen/ChillerUtilization/ChillerAvailable/Validate_ChillerAvailableScreen", ["package":PACKAGENAME]), 0): Element 'Object Repository/ShopOpen/ChillerUtilization/ChillerAvailable/Validate_ChillerAvailableScreen' is exist

2019-04-23 16:01:04 - [MESSAGE][WARNING] - Timeout '0' is invalid. Using default page load timeout: '6'

2019-04-23 16:01:05 - [MESSAGE][PASSED] - Element 'Object Repository/ShopOpen/ChillerUtilization/ChillerAvailable/Validate_ChillerAvailableScreen' is exist

2019-04-23 16:01:05 - [TEST_STEP][PASSED] - tap(findTestObject("ShopOpen/ChillerUtilization/ChillerAvailable/Planogram_ImageView", ["package":PACKAGENAME]), 0): Tapped on element 'Object Repository/ShopOpen/ChillerUtilization/ChillerAvailable/Planogram_ImageView'

2019-04-23 16:01:05 - [MESSAGE][WARNING] - Timeout '0' is invalid. Using default page load timeout: '6'

2019-04-23 16:01:06 - [MESSAGE][PASSED] - Tapped on element 'Object Repository/ShopOpen/ChillerUtilization/ChillerAvailable/Planogram_ImageView'

2019-04-23 16:01:06 - [TEST_STEP][PASSED] - com.ct.qa.keywords.CommonKeywords.checkPlanogramAvailability(): com.ct.qa.keywords.CommonKeywords.checkPlanogramAvailability is PASSED

2019-04-23 16:01:06 - [MESSAGE][WARNING] - Timeout '0' is invalid. Using default page load timeout: '6'

2019-04-23 16:01:13 - [MESSAGE][WARNING] - Object Object Repository/CommonScreenElements/InfoPopUp_OKButton not found
[[ATTACHMENT|F:\\Git Projects\\MMAPlus_Merchandising\\MMAPlus_Merchandising\\Reports\\MMA Plus Merchandising Data Verification\\20190423_151839\\1556017272038.png]]

2019-04-23 16:01:13 - [MESSAGE][PASSED] - com.ct.qa.keywords.CommonKeywords.checkPlanogramAvailability is PASSED

2019-04-23 16:01:13 - [TEST_STEP][PASSED] - com.ct.qa.keywords.CommonKeywords.closePlanogram(): com.ct.qa.keywords.CommonKeywords.closePlanogram is PASSED

2019-04-23 16:01:13 - [MESSAGE][PASSED] - com.ct.qa.keywords.CommonKeywords.closePlanogram is PASSED

2019-04-23 16:01:13 - [TEST_STEP][PASSED] - verifyElementExist(findTestObject("ShopOpen/ChillerUtilization/ChillerAvailable/Validate_ChillerAvailableScreen", ["package":PACKAGENAME]), 0): Element 'Object Repository/ShopOpen/ChillerUtilization/ChillerAvailable/Validate_ChillerAvailableScreen' is exist

2019-04-23 16:01:13 - [MESSAGE][WARNING] - Timeout '0' is invalid. Using default page load timeout: '6'

2019-04-23 16:01:14 - [MESSAGE][PASSED] - Element 'Object Repository/ShopOpen/ChillerUtilization/ChillerAvailable/Validate_ChillerAvailableScreen' is exist

2019-04-23 16:01:14 - [TEST_STEP][PASSED] - tap(findTestObject("ShopOpen/ChillerUtilization/ChillerAvailable/Depth1_TakePicture", ["package":PACKAGENAME]), 0): Tapped on element 'Object Repository/ShopOpen/ChillerUtilization/ChillerAvailable/Depth1_TakePicture'

2019-04-23 16:01:14 - [MESSAGE][WARNING] - Timeout '0' is invalid. Using default page load timeout: '6'

2019-04-23 16:01:16 - [MESSAGE][PASSED] - Tapped on element 'Object Repository/ShopOpen/ChillerUtilization/ChillerAvailable/Depth1_TakePicture'

2019-04-23 16:01:16 - [TEST_STEP][PASSED] - com.ct.qa.keywords.CommonKeywords.takePicture(): com.ct.qa.keywords.CommonKeywords.takePicture is PASSED

2019-04-23 16:01:16 - [MESSAGE][WARNING] - Timeout '0' is invalid. Using default page load timeout: '6'

2019-04-23 16:01:17 - [MESSAGE][PASSED] - Element 'Object Repository/CommonScreenElements/Validate_CameraScreen' is exist

2019-04-23 16:01:17 - [MESSAGE][WARNING] - Timeout '0' is invalid. Using default page load timeout: '6'

2019-04-23 16:01:20 - [MESSAGE][PASSED] - Tapped on element 'Object Repository/CommonScreenElements/Camera_TakePictureButton'

2019-04-23 16:01:25 - [MESSAGE][PASSED] - Delayed 5 second(s)

2019-04-23 16:01:25 - [MESSAGE][WARNING] - Timeout '0' is invalid. Using default page load timeout: '6'

2019-04-23 16:01:26 - [MESSAGE][PASSED] - Tapped on element 'Object Repository/CommonScreenElements/Camera_DoneButton'

2019-04-23 16:01:26 - [MESSAGE][PASSED] - com.ct.qa.keywords.CommonKeywords.takePicture is PASSED

2019-04-23 16:01:26 - [TEST_STEP][PASSED] - verifyElementExist(findTestObject("ShopOpen/ChillerUtilization/ChillerAvailable/Validate_ChillerAvailableScreen", ["package":PACKAGENAME]), 0): Element 'Object Repository/ShopOpen/ChillerUtilization/ChillerAvailable/Validate_ChillerAvailableScreen' is exist

2019-04-23 16:01:26 - [MESSAGE][WARNING] - Timeout '0' is invalid. Using default page load timeout: '6'

2019-04-23 16:01:26 - [MESSAGE][PASSED] - Element 'Object Repository/ShopOpen/ChillerUtilization/ChillerAvailable/Validate_ChillerAvailableScreen' is exist

2019-04-23 16:01:26 - [TEST_STEP][PASSED] - tap(findTestObject("ShopOpen/ChillerUtilization/ChillerAvailable/Depth2TakePicture", ["package":PACKAGENAME]), 0): Tapped on element 'Object Repository/ShopOpen/ChillerUtilization/ChillerAvailable/Depth2TakePicture'

2019-04-23 16:01:26 - [MESSAGE][WARNING] - Timeout '0' is invalid. Using default page load timeout: '6'

2019-04-23 16:01:29 - [MESSAGE][PASSED] - Tapped on element 'Object Repository/ShopOpen/ChillerUtilization/ChillerAvailable/Depth2TakePicture'

2019-04-23 16:01:29 - [TEST_STEP][PASSED] - com.ct.qa.keywords.CommonKeywords.takePicture(): com.ct.qa.keywords.CommonKeywords.takePicture is PASSED

2019-04-23 16:01:29 - [MESSAGE][WARNING] - Timeout '0' is invalid. Using default page load timeout: '6'

2019-04-23 16:01:30 - [MESSAGE][PASSED] - Element 'Object Repository/CommonScreenElements/Validate_CameraScreen' is exist

2019-04-23 16:01:30 - [MESSAGE][WARNING] - Timeout '0' is invalid. Using default page load timeout: '6'

2019-04-23 16:01:33 - [MESSAGE][PASSED] - Tapped on element 'Object Repository/CommonScreenElements/Camera_TakePictureButton'

2019-04-23 16:01:38 - [MESSAGE][PASSED] - Delayed 5 second(s)

2019-04-23 16:01:38 - [MESSAGE][WARNING] - Timeout '0' is invalid. Using default page load timeout: '6'

2019-04-23 16:01:39 - [MESSAGE][PASSED] - Tapped on element 'Object Repository/CommonScreenElements/Camera_DoneButton'

2019-04-23 16:01:39 - [MESSAGE][PASSED] - com.ct.qa.keywords.CommonKeywords.takePicture is PASSED

2019-04-23 16:01:39 - [TEST_STEP][PASSED] - verifyElementExist(findTestObject("ShopOpen/ChillerUtilization/ChillerAvailable/Validate_ChillerAvailableScreen", ["package":PACKAGENAME]), 0): Element 'Object Repository/ShopOpen/ChillerUtilization/ChillerAvailable/Validate_ChillerAvailableScreen' is exist

2019-04-23 16:01:39 - [MESSAGE][WARNING] - Timeout '0' is invalid. Using default page load timeout: '6'

2019-04-23 16:01:40 - [MESSAGE][PASSED] - Element 'Object Repository/ShopOpen/ChillerUtilization/ChillerAvailable/Validate_ChillerAvailableScreen' is exist

2019-04-23 16:01:40 - [TEST_STEP][PASSED] - tap(findTestObject("ShopOpen/ChillerUtilization/ChillerAvailable/NextButton", ["package":PACKAGENAME]), 0): Tapped on element 'Object Repository/ShopOpen/ChillerUtilization/ChillerAvailable/NextButton'

2019-04-23 16:01:40 - [MESSAGE][WARNING] - Timeout '0' is invalid. Using default page load timeout: '6'

2019-04-23 16:01:42 - [MESSAGE][PASSED] - Tapped on element 'Object Repository/ShopOpen/ChillerUtilization/ChillerAvailable/NextButton'

2019-04-23 16:01:42 - [TEST_STEP][PASSED] - verifyElementText(findTestObject("ShopOpen/ChillerUtilization/ChillerAvailable/Validate_ChillerProductsCategoriesScreen", ["package":PACKAGENAME]), "Category:Chiller Utilization"): Actual text and expected text of test object 'Object Repository/ShopOpen/ChillerUtilization/ChillerAvailable/Validate_ChillerProductsCategoriesScreen' are matched.

2019-04-23 16:01:44 - [MESSAGE][PASSED] - Actual text and expected text of test object 'Object Repository/ShopOpen/ChillerUtilization/ChillerAvailable/Validate_ChillerProductsCategoriesScreen' are matched.

2019-04-23 16:01:44 - [TEST_STEP][PASSED] - com.ct.qa.keywords.ChillerProductsDataKeywords.visitChillerAvailableProductCategories(1): com.ct.qa.keywords.ChillerProductsDataKeywords.visitChillerAvailableProductCategories is PASSED

2019-04-23 16:01:52 - [TEST_CASE][PASSED] - Test Cases/ShopOpen/ChillerUtilization/ChillerAvailable/VisitProductCategoryAssets: Test Cases/ShopOpen/ChillerUtilization/ChillerAvailable/VisitProductCategoryAssets

2019-04-23 16:01:53 - [TEST_STEP][PASSED] - verifyElementText(findTestObject("ShopOpen/ChillerUtilization/ChillerAvailable/Validate_ProductCategoryAssetScreen", ["package":PACKAGENAME]), "Facing"): Actual text and expected text of test object 'Object Repository/ShopOpen/ChillerUtilization/ChillerAvailable/Validate_ProductCategoryAssetScreen' are matched.

2019-04-23 16:01:55 - [MESSAGE][PASSED] - Actual text and expected text of test object 'Object Repository/ShopOpen/ChillerUtilization/ChillerAvailable/Validate_ProductCategoryAssetScreen' are matched.

2019-04-23 16:01:55 - [TEST_STEP][PASSED] - tap(findTestObject("ShopOpen/ChillerUtilization/ChillerAvailable/Facing", ["package":PACKAGENAME]), 0): Tapped on element 'Object Repository/ShopOpen/ChillerUtilization/ChillerAvailable/Facing'

2019-04-23 16:01:55 - [MESSAGE][WARNING] - Timeout '0' is invalid. Using default page load timeout: '6'

2019-04-23 16:01:56 - [MESSAGE][PASSED] - Tapped on element 'Object Repository/ShopOpen/ChillerUtilization/ChillerAvailable/Facing'

2019-04-23 16:01:56 - [TEST_STEP][PASSED] - verifyElementText(findTestObject("ShopOpen/ChillerUtilization/ChillerAvailable/Validate_FacingScreen", ["package":PACKAGENAME]), "Facing"): Actual text and expected text of test object 'Object Repository/ShopOpen/ChillerUtilization/ChillerAvailable/Validate_FacingScreen' are matched.

2019-04-23 16:01:58 - [MESSAGE][PASSED] - Actual text and expected text of test object 'Object Repository/ShopOpen/ChillerUtilization/ChillerAvailable/Validate_FacingScreen' are matched.

2019-04-23 16:01:58 - [TEST_STEP][PASSED] - com.ct.qa.keywords.ChillerProductsDataKeywords.visitChillerAvailableProductsData(CHILLER_FACING, "Facing"): com.ct.qa.keywords.ChillerProductsDataKeywords.visitChillerAvailableProductsData is PASSED

2019-04-23 16:02:02 - [MESSAGE][PASSED] - Keyboard is hidden

2019-04-23 16:02:04 - [MESSAGE][PASSED] - Swiped from 117,359 to 117,250

2019-04-23 16:02:04 - [MESSAGE][PASSED] - com.ct.qa.keywords.ChillerProductsDataKeywords.visitChillerAvailableProductsData is PASSED

2019-04-23 16:02:04 - [TEST_STEP][PASSED] - tap(findTestObject("ShopOpen/ChillerUtilization/ChillerAvailable/SubmitButton", ["package":PACKAGENAME]), 0): Tapped on element 'Object Repository/ShopOpen/ChillerUtilization/ChillerAvailable/SubmitButton'

2019-04-23 16:02:04 - [MESSAGE][WARNING] - Timeout '0' is invalid. Using default page load timeout: '6'

2019-04-23 16:02:05 - [MESSAGE][PASSED] - Tapped on element 'Object Repository/ShopOpen/ChillerUtilization/ChillerAvailable/SubmitButton'

2019-04-23 16:02:05 - [TEST_STEP][PASSED] - verifyElementText(findTestObject("ShopOpen/ChillerUtilization/ChillerAvailable/Validate_ProductCategoryAssetScreen", ["package":PACKAGENAME]), "Facing"): Actual text and expected text of test object 'Object Repository/ShopOpen/ChillerUtilization/ChillerAvailable/Validate_ProductCategoryAssetScreen' are matched.

2019-04-23 16:02:06 - [MESSAGE][PASSED] - Actual text and expected text of test object 'Object Repository/ShopOpen/ChillerUtilization/ChillerAvailable/Validate_ProductCategoryAssetScreen' are matched.

2019-04-23 16:02:06 - [TEST_STEP][PASSED] - tap(findTestObject("ShopOpen/ChillerUtilization/ChillerAvailable/Depth", ["package":PACKAGENAME]), 0): Tapped on element 'Object Repository/ShopOpen/ChillerUtilization/ChillerAvailable/Depth'

2019-04-23 16:02:06 - [MESSAGE][WARNING] - Timeout '0' is invalid. Using default page load timeout: '6'

2019-04-23 16:02:07 - [MESSAGE][PASSED] - Tapped on element 'Object Repository/ShopOpen/ChillerUtilization/ChillerAvailable/Depth'

2019-04-23 16:02:07 - [TEST_STEP][PASSED] - verifyElementText(findTestObject("ShopOpen/ChillerUtilization/ChillerAvailable/Validate_DepthScreen", ["package":PACKAGENAME]), "Depth"): Actual text and expected text of test object 'Object Repository/ShopOpen/ChillerUtilization/ChillerAvailable/Validate_DepthScreen' are matched.

2019-04-23 16:02:09 - [MESSAGE][PASSED] - Actual text and expected text of test object 'Object Repository/ShopOpen/ChillerUtilization/ChillerAvailable/Validate_DepthScreen' are matched.

2019-04-23 16:02:09 - [TEST_STEP][PASSED] - com.ct.qa.keywords.ChillerProductsDataKeywords.visitChillerAvailableProductsData(CHILLER_DEPTH, "Depth"): com.ct.qa.keywords.ChillerProductsDataKeywords.visitChillerAvailableProductsData is PASSED

2019-04-23 16:02:12 - [MESSAGE][PASSED] - Keyboard is hidden

2019-04-23 16:02:14 - [MESSAGE][PASSED] - Swiped from 117,359 to 117,250

2019-04-23 16:02:14 - [MESSAGE][PASSED] - com.ct.qa.keywords.ChillerProductsDataKeywords.visitChillerAvailableProductsData is PASSED

2019-04-23 16:02:14 - [TEST_STEP][PASSED] - tap(findTestObject("ShopOpen/ChillerUtilization/ChillerAvailable/SubmitButton", ["package":PACKAGENAME]), 0): Tapped on element 'Object Repository/ShopOpen/ChillerUtilization/ChillerAvailable/SubmitButton'

2019-04-23 16:02:14 - [MESSAGE][WARNING] - Timeout '0' is invalid. Using default page load timeout: '6'

2019-04-23 16:02:15 - [MESSAGE][PASSED] - Tapped on element 'Object Repository/ShopOpen/ChillerUtilization/ChillerAvailable/SubmitButton'

2019-04-23 16:02:15 - [TEST_STEP][PASSED] - verifyElementText(findTestObject("ShopOpen/ChillerUtilization/ChillerAvailable/Validate_ProductCategoryAssetScreen", ["package":PACKAGENAME]), "Facing"): Actual text and expected text of test object 'Object Repository/ShopOpen/ChillerUtilization/ChillerAvailable/Validate_ProductCategoryAssetScreen' are matched.

2019-04-23 16:02:16 - [MESSAGE][PASSED] - Actual text and expected text of test object 'Object Repository/ShopOpen/ChillerUtilization/ChillerAvailable/Validate_ProductCategoryAssetScreen' are matched.

2019-04-23 16:02:16 - [TEST_STEP][PASSED] - tap(findTestObject("ShopOpen/ChillerUtilization/ChillerAvailable/StockCount", ["package":PACKAGENAME]), 0): Tapped on element 'Object Repository/ShopOpen/ChillerUtilization/ChillerAvailable/StockCount'

2019-04-23 16:02:16 - [MESSAGE][WARNING] - Timeout '0' is invalid. Using default page load timeout: '6'

2019-04-23 16:02:16 - [MESSAGE][PASSED] - Tapped on element 'Object Repository/ShopOpen/ChillerUtilization/ChillerAvailable/StockCount'

2019-04-23 16:02:16 - [TEST_STEP][PASSED] - verifyElementText(findTestObject("ShopOpen/ChillerUtilization/ChillerAvailable/Validate_StockCountScreen", ["package":PACKAGENAME]), "Stock Count"): Actual text and expected text of test object 'Object Repository/ShopOpen/ChillerUtilization/ChillerAvailable/Validate_StockCountScreen' are matched.

2019-04-23 16:02:18 - [MESSAGE][PASSED] - Actual text and expected text of test object 'Object Repository/ShopOpen/ChillerUtilization/ChillerAvailable/Validate_StockCountScreen' are matched.

2019-04-23 16:02:18 - [TEST_STEP][PASSED] - com.ct.qa.keywords.ChillerProductsDataKeywords.visitChillerAvailableProductsData(CHILLER_STOCKCOUNT, "Stock Count"): com.ct.qa.keywords.ChillerProductsDataKeywords.visitChillerAvailableProductsData is PASSED

2019-04-23 16:02:21 - [MESSAGE][PASSED] - Keyboard is hidden

2019-04-23 16:02:23 - [MESSAGE][PASSED] - Swiped from 117,359 to 117,250

2019-04-23 16:02:23 - [MESSAGE][PASSED] - com.ct.qa.keywords.ChillerProductsDataKeywords.visitChillerAvailableProductsData is PASSED

2019-04-23 16:02:23 - [TEST_STEP][PASSED] - tap(findTestObject("ShopOpen/ChillerUtilization/ChillerAvailable/SubmitButton", ["package":PACKAGENAME]), 0): Tapped on element 'Object Repository/ShopOpen/ChillerUtilization/ChillerAvailable/SubmitButton'

2019-04-23 16:02:23 - [MESSAGE][WARNING] - Timeout '0' is invalid. Using default page load timeout: '6'

2019-04-23 16:02:23 - [MESSAGE][PASSED] - Tapped on element 'Object Repository/ShopOpen/ChillerUtilization/ChillerAvailable/SubmitButton'

2019-04-23 16:02:23 - [TEST_STEP][PASSED] - verifyElementText(findTestObject("ShopOpen/ChillerUtilization/ChillerAvailable/Validate_ProductCategoryAssetScreen", ["package":PACKAGENAME]), "Facing"): Actual text and expected text of test object 'Object Repository/ShopOpen/ChillerUtilization/ChillerAvailable/Validate_ProductCategoryAssetScreen' are matched.

2019-04-23 16:02:24 - [MESSAGE][PASSED] - Actual text and expected text of test object 'Object Repository/ShopOpen/ChillerUtilization/ChillerAvailable/Validate_ProductCategoryAssetScreen' are matched.

2019-04-23 16:02:24 - [TEST_STEP][PASSED] - tap(findTestObject("ShopOpen/ChillerUtilization/ChillerAvailable/PorductCategoryActions_BackButton", ["package":PACKAGENAME]), 0): Tapped on element 'Object Repository/ShopOpen/ChillerUtilization/ChillerAvailable/PorductCategoryActions_BackButton'

2019-04-23 16:02:24 - [MESSAGE][WARNING] - Timeout '0' is invalid. Using default page load timeout: '6'

2019-04-23 16:02:25 - [MESSAGE][PASSED] - Tapped on element 'Object Repository/ShopOpen/ChillerUtilization/ChillerAvailable/PorductCategoryActions_BackButton'

2019-04-23 16:02:25 - [TEST_STEP][PASSED] - verifyElementText(findTestObject("ShopOpen/ChillerUtilization/ChillerAvailable/Validate_ChillerProductsCategoriesScreen", ["package":PACKAGENAME]), "Category:Chiller Utilization"): Actual text and expected text of test object 'Object Repository/ShopOpen/ChillerUtilization/ChillerAvailable/Validate_ChillerProductsCategoriesScreen' are matched.

2019-04-23 16:02:26 - [MESSAGE][PASSED] - Actual text and expected text of test object 'Object Repository/ShopOpen/ChillerUtilization/ChillerAvailable/Validate_ChillerProductsCategoriesScreen' are matched.

2019-04-23 16:02:26 - [MESSAGE][PASSED] - Call Test Case 'Test Cases/ShopOpen/ChillerUtilization/ChillerAvailable/VisitProductCategoryAssets' successfully

2019-04-23 16:02:27 - [TEST_CASE][PASSED] - Test Cases/ShopOpen/ChillerUtilization/ChillerAvailable/VisitProductCategoryAssets: Test Cases/ShopOpen/ChillerUtilization/ChillerAvailable/VisitProductCategoryAssets

2019-04-23 16:02:27 - [TEST_STEP][PASSED] - verifyElementText(findTestObject("ShopOpen/ChillerUtilization/ChillerAvailable/Validate_ProductCategoryAssetScreen", ["package":PACKAGENAME]), "Facing"): Actual text and expected text of test object 'Object Repository/ShopOpen/ChillerUtilization/ChillerAvailable/Validate_ProductCategoryAssetScreen' are matched.

2019-04-23 16:02:29 - [MESSAGE][PASSED] - Actual text and expected text of test object 'Object Repository/ShopOpen/ChillerUtilization/ChillerAvailable/Validate_ProductCategoryAssetScreen' are matched.

2019-04-23 16:02:29 - [TEST_STEP][PASSED] - tap(findTestObject("ShopOpen/ChillerUtilization/ChillerAvailable/Facing", ["package":PACKAGENAME]), 0): Tapped on element 'Object Repository/ShopOpen/ChillerUtilization/ChillerAvailable/Facing'

2019-04-23 16:02:29 - [MESSAGE][WARNING] - Timeout '0' is invalid. Using default page load timeout: '6'

2019-04-23 16:02:29 - [MESSAGE][PASSED] - Tapped on element 'Object Repository/ShopOpen/ChillerUtilization/ChillerAvailable/Facing'

2019-04-23 16:02:29 - [TEST_STEP][PASSED] - verifyElementText(findTestObject("ShopOpen/ChillerUtilization/ChillerAvailable/Validate_FacingScreen", ["package":PACKAGENAME]), "Facing"): Actual text and expected text of test object 'Object Repository/ShopOpen/ChillerUtilization/ChillerAvailable/Validate_FacingScreen' are matched.

2019-04-23 16:02:32 - [MESSAGE][PASSED] - Actual text and expected text of test object 'Object Repository/ShopOpen/ChillerUtilization/ChillerAvailable/Validate_FacingScreen' are matched.

2019-04-23 16:02:32 - [TEST_STEP][PASSED] - com.ct.qa.keywords.ChillerProductsDataKeywords.visitChillerAvailableProductsData(CHILLER_FACING, "Facing"): com.ct.qa.keywords.ChillerProductsDataKeywords.visitChillerAvailableProductsData is PASSED

2019-04-23 16:02:36 - [MESSAGE][PASSED] - Keyboard is hidden

2019-04-23 16:02:39 - [MESSAGE][PASSED] - Keyboard is hidden

2019-04-23 16:02:42 - [MESSAGE][PASSED] - Keyboard is hidden

2019-04-23 16:02:45 - [MESSAGE][PASSED] - Keyboard is hidden

2019-04-23 16:02:48 - [MESSAGE][PASSED] - Keyboard is hidden

2019-04-23 16:02:51 - [MESSAGE][PASSED] - Keyboard is hidden

2019-04-23 16:02:54 - [MESSAGE][PASSED] - Swiped from 25,359 to 25,250

2019-04-23 16:02:55 - [MESSAGE][PASSED] - com.ct.qa.keywords.ChillerProductsDataKeywords.visitChillerAvailableProductsData is PASSED

2019-04-23 16:02:55 - [TEST_STEP][PASSED] - tap(findTestObject("ShopOpen/ChillerUtilization/ChillerAvailable/SubmitButton", ["package":PACKAGENAME]), 0): Tapped on element 'Object Repository/ShopOpen/ChillerUtilization/ChillerAvailable/SubmitButton'

2019-04-23 16:02:55 - [MESSAGE][WARNING] - Timeout '0' is invalid. Using default page load timeout: '6'

2019-04-23 16:02:57 - [MESSAGE][PASSED] - Tapped on element 'Object Repository/ShopOpen/ChillerUtilization/ChillerAvailable/SubmitButton'

2019-04-23 16:02:57 - [TEST_STEP][PASSED] - verifyElementText(findTestObject("ShopOpen/ChillerUtilization/ChillerAvailable/Validate_ProductCategoryAssetScreen", ["package":PACKAGENAME]), "Facing"): Actual text and expected text of test object 'Object Repository/ShopOpen/ChillerUtilization/ChillerAvailable/Validate_ProductCategoryAssetScreen' are matched.

2019-04-23 16:02:57 - [MESSAGE][PASSED] - Actual text and expected text of test object 'Object Repository/ShopOpen/ChillerUtilization/ChillerAvailable/Validate_ProductCategoryAssetScreen' are matched.

2019-04-23 16:02:57 - [TEST_STEP][PASSED] - tap(findTestObject("ShopOpen/ChillerUtilization/ChillerAvailable/Depth", ["package":PACKAGENAME]), 0): Tapped on element 'Object Repository/ShopOpen/ChillerUtilization/ChillerAvailable/Depth'

2019-04-23 16:02:57 - [MESSAGE][WARNING] - Timeout '0' is invalid. Using default page load timeout: '6'

2019-04-23 16:02:58 - [MESSAGE][PASSED] - Tapped on element 'Object Repository/ShopOpen/ChillerUtilization/ChillerAvailable/Depth'

2019-04-23 16:02:58 - [TEST_STEP][PASSED] - verifyElementText(findTestObject("ShopOpen/ChillerUtilization/ChillerAvailable/Validate_DepthScreen", ["package":PACKAGENAME]), "Depth"): Actual text and expected text of test object 'Object Repository/ShopOpen/ChillerUtilization/ChillerAvailable/Validate_DepthScreen' are matched.

2019-04-23 16:03:00 - [MESSAGE][PASSED] - Actual text and expected text of test object 'Object Repository/ShopOpen/ChillerUtilization/ChillerAvailable/Validate_DepthScreen' are matched.

2019-04-23 16:03:00 - [TEST_STEP][PASSED] - com.ct.qa.keywords.ChillerProductsDataKeywords.visitChillerAvailableProductsData(CHILLER_DEPTH, "Depth"): com.ct.qa.keywords.ChillerProductsDataKeywords.visitChillerAvailableProductsData is PASSED

2019-04-23 16:03:04 - [MESSAGE][PASSED] - Keyboard is hidden

2019-04-23 16:03:07 - [MESSAGE][PASSED] - Keyboard is hidden

2019-04-23 16:03:10 - [MESSAGE][PASSED] - Keyboard is hidden

2019-04-23 16:03:13 - [MESSAGE][PASSED] - Keyboard is hidden

2019-04-23 16:03:16 - [MESSAGE][PASSED] - Keyboard is hidden

2019-04-23 16:03:19 - [MESSAGE][PASSED] - Keyboard is hidden

2019-04-23 16:03:22 - [MESSAGE][PASSED] - Swiped from 25,359 to 25,250

2019-04-23 16:03:23 - [MESSAGE][PASSED] - com.ct.qa.keywords.ChillerProductsDataKeywords.visitChillerAvailableProductsData is PASSED

2019-04-23 16:03:23 - [TEST_STEP][PASSED] - tap(findTestObject("ShopOpen/ChillerUtilization/ChillerAvailable/SubmitButton", ["package":PACKAGENAME]), 0): Tapped on element 'Object Repository/ShopOpen/ChillerUtilization/ChillerAvailable/SubmitButton'

2019-04-23 16:03:23 - [MESSAGE][WARNING] - Timeout '0' is invalid. Using default page load timeout: '6'

2019-04-23 16:03:24 - [MESSAGE][PASSED] - Tapped on element 'Object Repository/ShopOpen/ChillerUtilization/ChillerAvailable/SubmitButton'

2019-04-23 16:03:24 - [TEST_STEP][PASSED] - verifyElementText(findTestObject("ShopOpen/ChillerUtilization/ChillerAvailable/Validate_ProductCategoryAssetScreen", ["package":PACKAGENAME]), "Facing"): Actual text and expected text of test object 'Object Repository/ShopOpen/ChillerUtilization/ChillerAvailable/Validate_ProductCategoryAssetScreen' are matched.

2019-04-23 16:03:25 - [MESSAGE][PASSED] - Actual text and expected text of test object 'Object Repository/ShopOpen/ChillerUtilization/ChillerAvailable/Validate_ProductCategoryAssetScreen' are matched.

2019-04-23 16:03:25 - [TEST_STEP][PASSED] - tap(findTestObject("ShopOpen/ChillerUtilization/ChillerAvailable/StockCount", ["package":PACKAGENAME]), 0): Tapped on element 'Object Repository/ShopOpen/ChillerUtilization/ChillerAvailable/StockCount'

2019-04-23 16:03:25 - [MESSAGE][WARNING] - Timeout '0' is invalid. Using default page load timeout: '6'

2019-04-23 16:03:26 - [MESSAGE][PASSED] - Tapped on element 'Object Repository/ShopOpen/ChillerUtilization/ChillerAvailable/StockCount'

2019-04-23 16:03:26 - [TEST_STEP][PASSED] - verifyElementText(findTestObject("ShopOpen/ChillerUtilization/ChillerAvailable/Validate_StockCountScreen", ["package":PACKAGENAME]), "Stock Count"): Actual text and expected text of test object 'Object Repository/ShopOpen/ChillerUtilization/ChillerAvailable/Validate_StockCountScreen' are matched.

2019-04-23 16:03:27 - [MESSAGE][PASSED] - Actual text and expected text of test object 'Object Repository/ShopOpen/ChillerUtilization/ChillerAvailable/Validate_StockCountScreen' are matched.

2019-04-23 16:03:27 - [TEST_STEP][PASSED] - com.ct.qa.keywords.ChillerProductsDataKeywords.visitChillerAvailableProductsData(CHILLER_STOCKCOUNT, "Stock Count"): com.ct.qa.keywords.ChillerProductsDataKeywords.visitChillerAvailableProductsData is PASSED

2019-04-23 16:03:31 - [MESSAGE][PASSED] - Keyboard is hidden

2019-04-23 16:03:34 - [MESSAGE][PASSED] - Keyboard is hidden

2019-04-23 16:03:37 - [MESSAGE][PASSED] - Keyboard is hidden

2019-04-23 16:03:40 - [MESSAGE][PASSED] - Keyboard is hidden

2019-04-23 16:03:43 - [MESSAGE][PASSED] - Keyboard is hidden

2019-04-23 16:03:46 - [MESSAGE][PASSED] - Keyboard is hidden

2019-04-23 16:03:48 - [MESSAGE][PASSED] - Swiped from 25,359 to 25,250

2019-04-23 16:03:49 - [MESSAGE][PASSED] - com.ct.qa.keywords.ChillerProductsDataKeywords.visitChillerAvailableProductsData is PASSED

2019-04-23 16:03:49 - [TEST_STEP][PASSED] - tap(findTestObject("ShopOpen/ChillerUtilization/ChillerAvailable/SubmitButton", ["package":PACKAGENAME]), 0): Tapped on element 'Object Repository/ShopOpen/ChillerUtilization/ChillerAvailable/SubmitButton'

2019-04-23 16:03:49 - [MESSAGE][WARNING] - Timeout '0' is invalid. Using default page load timeout: '6'

2019-04-23 16:03:50 - [MESSAGE][PASSED] - Tapped on element 'Object Repository/ShopOpen/ChillerUtilization/ChillerAvailable/SubmitButton'

2019-04-23 16:03:50 - [TEST_STEP][PASSED] - verifyElementText(findTestObject("ShopOpen/ChillerUtilization/ChillerAvailable/Validate_ProductCategoryAssetScreen", ["package":PACKAGENAME]), "Facing"): Actual text and expected text of test object 'Object Repository/ShopOpen/ChillerUtilization/ChillerAvailable/Validate_ProductCategoryAssetScreen' are matched.

2019-04-23 16:03:51 - [MESSAGE][PASSED] - Actual text and expected text of test object 'Object Repository/ShopOpen/ChillerUtilization/ChillerAvailable/Validate_ProductCategoryAssetScreen' are matched.

2019-04-23 16:03:51 - [TEST_STEP][PASSED] - tap(findTestObject("ShopOpen/ChillerUtilization/ChillerAvailable/PorductCategoryActions_BackButton", ["package":PACKAGENAME]), 0): Tapped on element 'Object Repository/ShopOpen/ChillerUtilization/ChillerAvailable/PorductCategoryActions_BackButton'

2019-04-23 16:03:51 - [MESSAGE][WARNING] - Timeout '0' is invalid. Using default page load timeout: '6'

2019-04-23 16:03:52 - [MESSAGE][PASSED] - Tapped on element 'Object Repository/ShopOpen/ChillerUtilization/ChillerAvailable/PorductCategoryActions_BackButton'

2019-04-23 16:03:52 - [TEST_STEP][PASSED] - verifyElementText(findTestObject("ShopOpen/ChillerUtilization/ChillerAvailable/Validate_ChillerProductsCategoriesScreen", ["package":PACKAGENAME]), "Category:Chiller Utilization"): Actual text and expected text of test object 'Object Repository/ShopOpen/ChillerUtilization/ChillerAvailable/Validate_ChillerProductsCategoriesScreen' are matched.

2019-04-23 16:03:52 - [MESSAGE][PASSED] - Actual text and expected text of test object 'Object Repository/ShopOpen/ChillerUtilization/ChillerAvailable/Validate_ChillerProductsCategoriesScreen' are matched.

2019-04-23 16:03:52 - [MESSAGE][PASSED] - Call Test Case 'Test Cases/ShopOpen/ChillerUtilization/ChillerAvailable/VisitProductCategoryAssets' successfully

2019-04-23 16:03:54 - [TEST_CASE][PASSED] - Test Cases/ShopOpen/ChillerUtilization/ChillerAvailable/VisitProductCategoryAssets: Test Cases/ShopOpen/ChillerUtilization/ChillerAvailable/VisitProductCategoryAssets

2019-04-23 16:03:54 - [TEST_STEP][PASSED] - verifyElementText(findTestObject("ShopOpen/ChillerUtilization/ChillerAvailable/Validate_ProductCategoryAssetScreen", ["package":PACKAGENAME]), "Facing"): Actual text and expected text of test object 'Object Repository/ShopOpen/ChillerUtilization/ChillerAvailable/Validate_ProductCategoryAssetScreen' are matched.

2019-04-23 16:03:55 - [MESSAGE][PASSED] - Actual text and expected text of test object 'Object Repository/ShopOpen/ChillerUtilization/ChillerAvailable/Validate_ProductCategoryAssetScreen' are matched.

2019-04-23 16:03:55 - [TEST_STEP][PASSED] - tap(findTestObject("ShopOpen/ChillerUtilization/ChillerAvailable/Facing", ["package":PACKAGENAME]), 0): Tapped on element 'Object Repository/ShopOpen/ChillerUtilization/ChillerAvailable/Facing'

2019-04-23 16:03:55 - [MESSAGE][WARNING] - Timeout '0' is invalid. Using default page load timeout: '6'

2019-04-23 16:03:55 - [MESSAGE][PASSED] - Tapped on element 'Object Repository/ShopOpen/ChillerUtilization/ChillerAvailable/Facing'

2019-04-23 16:03:55 - [TEST_STEP][PASSED] - verifyElementText(findTestObject("ShopOpen/ChillerUtilization/ChillerAvailable/Validate_FacingScreen", ["package":PACKAGENAME]), "Facing"): Actual text and expected text of test object 'Object Repository/ShopOpen/ChillerUtilization/ChillerAvailable/Validate_FacingScreen' are matched.

2019-04-23 16:03:58 - [MESSAGE][PASSED] - Actual text and expected text of test object 'Object Repository/ShopOpen/ChillerUtilization/ChillerAvailable/Validate_FacingScreen' are matched.

2019-04-23 16:03:58 - [TEST_STEP][PASSED] - com.ct.qa.keywords.ChillerProductsDataKeywords.visitChillerAvailableProductsData(CHILLER_FACING, "Facing"): com.ct.qa.keywords.ChillerProductsDataKeywords.visitChillerAvailableProductsData is PASSED

2019-04-23 16:04:02 - [MESSAGE][PASSED] - Keyboard is hidden

2019-04-23 16:04:05 - [MESSAGE][PASSED] - Keyboard is hidden

2019-04-23 16:04:08 - [MESSAGE][PASSED] - Keyboard is hidden

2019-04-23 16:04:11 - [MESSAGE][PASSED] - Keyboard is hidden

2019-04-23 16:04:14 - [MESSAGE][PASSED] - Keyboard is hidden

2019-04-23 16:04:17 - [MESSAGE][PASSED] - Keyboard is hidden

2019-04-23 16:04:20 - [MESSAGE][PASSED] - Swiped from 30,359 to 30,250

2019-04-23 16:04:24 - [MESSAGE][PASSED] - Keyboard is hidden

2019-04-23 16:04:27 - [MESSAGE][PASSED] - Swiped from 30,359 to 30,250

2019-04-23 16:04:31 - [MESSAGE][PASSED] - Keyboard is hidden

2019-04-23 16:04:34 - [MESSAGE][PASSED] - Swiped from 30,359 to 30,250

2019-04-23 16:04:39 - [MESSAGE][PASSED] - Keyboard is hidden

2019-04-23 16:04:41 - [MESSAGE][PASSED] - Swiped from 30,359 to 30,250

2019-04-23 16:04:46 - [MESSAGE][PASSED] - Keyboard is hidden

2019-04-23 16:04:49 - [MESSAGE][PASSED] - Swiped from 30,359 to 30,250

2019-04-23 16:04:50 - [MESSAGE][PASSED] - com.ct.qa.keywords.ChillerProductsDataKeywords.visitChillerAvailableProductsData is PASSED

2019-04-23 16:04:50 - [TEST_STEP][PASSED] - tap(findTestObject("ShopOpen/ChillerUtilization/ChillerAvailable/SubmitButton", ["package":PACKAGENAME]), 0): Tapped on element 'Object Repository/ShopOpen/ChillerUtilization/ChillerAvailable/SubmitButton'

2019-04-23 16:04:50 - [MESSAGE][WARNING] - Timeout '0' is invalid. Using default page load timeout: '6'

2019-04-23 16:04:51 - [MESSAGE][PASSED] - Tapped on element 'Object Repository/ShopOpen/ChillerUtilization/ChillerAvailable/SubmitButton'

2019-04-23 16:04:51 - [TEST_STEP][PASSED] - verifyElementText(findTestObject("ShopOpen/ChillerUtilization/ChillerAvailable/Validate_ProductCategoryAssetScreen", ["package":PACKAGENAME]), "Facing"): Actual text and expected text of test object 'Object Repository/ShopOpen/ChillerUtilization/ChillerAvailable/Validate_ProductCategoryAssetScreen' are matched.

2019-04-23 16:04:52 - [MESSAGE][PASSED] - Actual text and expected text of test object 'Object Repository/ShopOpen/ChillerUtilization/ChillerAvailable/Validate_ProductCategoryAssetScreen' are matched.

2019-04-23 16:04:52 - [TEST_STEP][PASSED] - tap(findTestObject("ShopOpen/ChillerUtilization/ChillerAvailable/Depth", ["package":PACKAGENAME]), 0): Tapped on element 'Object Repository/ShopOpen/ChillerUtilization/ChillerAvailable/Depth'

2019-04-23 16:04:52 - [MESSAGE][WARNING] - Timeout '0' is invalid. Using default page load timeout: '6'

2019-04-23 16:04:52 - [MESSAGE][PASSED] - Tapped on element 'Object Repository/ShopOpen/ChillerUtilization/ChillerAvailable/Depth'

2019-04-23 16:04:52 - [TEST_STEP][PASSED] - verifyElementText(findTestObject("ShopOpen/ChillerUtilization/ChillerAvailable/Validate_DepthScreen", ["package":PACKAGENAME]), "Depth"): Actual text and expected text of test object 'Object Repository/ShopOpen/ChillerUtilization/ChillerAvailable/Validate_DepthScreen' are matched.

2019-04-23 16:04:55 - [MESSAGE][PASSED] - Actual text and expected text of test object 'Object Repository/ShopOpen/ChillerUtilization/ChillerAvailable/Validate_DepthScreen' are matched.

2019-04-23 16:04:55 - [TEST_STEP][PASSED] - com.ct.qa.keywords.ChillerProductsDataKeywords.visitChillerAvailableProductsData(CHILLER_DEPTH, "Depth"): com.ct.qa.keywords.ChillerProductsDataKeywords.visitChillerAvailableProductsData is PASSED

2019-04-23 16:04:59 - [MESSAGE][PASSED] - Keyboard is hidden

2019-04-23 16:05:02 - [MESSAGE][PASSED] - Keyboard is hidden

2019-04-23 16:05:05 - [MESSAGE][PASSED] - Keyboard is hidden

2019-04-23 16:05:08 - [MESSAGE][PASSED] - Keyboard is hidden

2019-04-23 16:05:11 - [MESSAGE][PASSED] - Keyboard is hidden

2019-04-23 16:05:14 - [MESSAGE][PASSED] - Keyboard is hidden

2019-04-23 16:05:17 - [MESSAGE][PASSED] - Swiped from 30,359 to 30,250

2019-04-23 16:05:21 - [MESSAGE][PASSED] - Keyboard is hidden

2019-04-23 16:05:24 - [MESSAGE][PASSED] - Swiped from 30,359 to 30,250

2019-04-23 16:05:29 - [MESSAGE][PASSED] - Keyboard is hidden

2019-04-23 16:05:31 - [MESSAGE][PASSED] - Swiped from 30,359 to 30,250

2019-04-23 16:05:35 - [MESSAGE][PASSED] - Keyboard is hidden

2019-04-23 16:05:38 - [MESSAGE][PASSED] - Swiped from 30,359 to 30,250

2019-04-23 16:05:42 - [MESSAGE][PASSED] - Keyboard is hidden

2019-04-23 16:05:45 - [MESSAGE][PASSED] - Swiped from 30,359 to 30,250

2019-04-23 16:05:46 - [MESSAGE][PASSED] - com.ct.qa.keywords.ChillerProductsDataKeywords.visitChillerAvailableProductsData is PASSED

2019-04-23 16:05:46 - [TEST_STEP][PASSED] - tap(findTestObject("ShopOpen/ChillerUtilization/ChillerAvailable/SubmitButton", ["package":PACKAGENAME]), 0): Tapped on element 'Object Repository/ShopOpen/ChillerUtilization/ChillerAvailable/SubmitButton'

2019-04-23 16:05:46 - [MESSAGE][WARNING] - Timeout '0' is invalid. Using default page load timeout: '6'

2019-04-23 16:05:47 - [MESSAGE][PASSED] - Tapped on element 'Object Repository/ShopOpen/ChillerUtilization/ChillerAvailable/SubmitButton'

2019-04-23 16:05:47 - [TEST_STEP][PASSED] - verifyElementText(findTestObject("ShopOpen/ChillerUtilization/ChillerAvailable/Validate_ProductCategoryAssetScreen", ["package":PACKAGENAME]), "Facing"): Actual text and expected text of test object 'Object Repository/ShopOpen/ChillerUtilization/ChillerAvailable/Validate_ProductCategoryAssetScreen' are matched.

2019-04-23 16:05:48 - [MESSAGE][PASSED] - Actual text and expected text of test object 'Object Repository/ShopOpen/ChillerUtilization/ChillerAvailable/Validate_ProductCategoryAssetScreen' are matched.

2019-04-23 16:05:48 - [TEST_STEP][PASSED] - tap(findTestObject("ShopOpen/ChillerUtilization/ChillerAvailable/StockCount", ["package":PACKAGENAME]), 0): Tapped on element 'Object Repository/ShopOpen/ChillerUtilization/ChillerAvailable/StockCount'

2019-04-23 16:05:48 - [MESSAGE][WARNING] - Timeout '0' is invalid. Using default page load timeout: '6'

2019-04-23 16:05:49 - [MESSAGE][PASSED] - Tapped on element 'Object Repository/ShopOpen/ChillerUtilization/ChillerAvailable/StockCount'

2019-04-23 16:05:49 - [TEST_STEP][PASSED] - verifyElementText(findTestObject("ShopOpen/ChillerUtilization/ChillerAvailable/Validate_StockCountScreen", ["package":PACKAGENAME]), "Stock Count"): Actual text and expected text of test object 'Object Repository/ShopOpen/ChillerUtilization/ChillerAvailable/Validate_StockCountScreen' are matched.

2019-04-23 16:05:50 - [MESSAGE][PASSED] - Actual text and expected text of test object 'Object Repository/ShopOpen/ChillerUtilization/ChillerAvailable/Validate_StockCountScreen' are matched.

2019-04-23 16:05:50 - [TEST_STEP][PASSED] - com.ct.qa.keywords.ChillerProductsDataKeywords.visitChillerAvailableProductsData(CHILLER_STOCKCOUNT, "Stock Count"): com.ct.qa.keywords.ChillerProductsDataKeywords.visitChillerAvailableProductsData is PASSED

2019-04-23 16:05:54 - [MESSAGE][PASSED] - Keyboard is hidden

2019-04-23 16:05:57 - [MESSAGE][PASSED] - Keyboard is hidden

2019-04-23 16:06:00 - [MESSAGE][PASSED] - Keyboard is hidden

2019-04-23 16:06:03 - [MESSAGE][PASSED] - Keyboard is hidden

2019-04-23 16:06:06 - [MESSAGE][PASSED] - Keyboard is hidden

2019-04-23 16:06:09 - [MESSAGE][PASSED] - Keyboard is hidden

2019-04-23 16:06:12 - [MESSAGE][PASSED] - Swiped from 30,359 to 30,250

2019-04-23 16:06:17 - [MESSAGE][PASSED] - Keyboard is hidden

2019-04-23 16:06:19 - [MESSAGE][PASSED] - Swiped from 30,359 to 30,250

2019-04-23 16:06:24 - [MESSAGE][PASSED] - Keyboard is hidden

2019-04-23 16:06:26 - [MESSAGE][PASSED] - Swiped from 30,359 to 30,250

2019-04-23 16:06:30 - [MESSAGE][PASSED] - Keyboard is hidden

2019-04-23 16:06:32 - [MESSAGE][PASSED] - Swiped from 30,359 to 30,250

2019-04-23 16:06:37 - [MESSAGE][PASSED] - Keyboard is hidden

2019-04-23 16:06:39 - [MESSAGE][PASSED] - Swiped from 30,359 to 30,250

2019-04-23 16:06:40 - [MESSAGE][PASSED] - com.ct.qa.keywords.ChillerProductsDataKeywords.visitChillerAvailableProductsData is PASSED

2019-04-23 16:06:40 - [TEST_STEP][PASSED] - tap(findTestObject("ShopOpen/ChillerUtilization/ChillerAvailable/SubmitButton", ["package":PACKAGENAME]), 0): Tapped on element 'Object Repository/ShopOpen/ChillerUtilization/ChillerAvailable/SubmitButton'

2019-04-23 16:06:40 - [MESSAGE][WARNING] - Timeout '0' is invalid. Using default page load timeout: '6'

2019-04-23 16:06:41 - [MESSAGE][PASSED] - Tapped on element 'Object Repository/ShopOpen/ChillerUtilization/ChillerAvailable/SubmitButton'

2019-04-23 16:06:41 - [TEST_STEP][PASSED] - verifyElementText(findTestObject("ShopOpen/ChillerUtilization/ChillerAvailable/Validate_ProductCategoryAssetScreen", ["package":PACKAGENAME]), "Facing"): Actual text and expected text of test object 'Object Repository/ShopOpen/ChillerUtilization/ChillerAvailable/Validate_ProductCategoryAssetScreen' are matched.

2019-04-23 16:06:42 - [MESSAGE][PASSED] - Actual text and expected text of test object 'Object Repository/ShopOpen/ChillerUtilization/ChillerAvailable/Validate_ProductCategoryAssetScreen' are matched.

2019-04-23 16:06:42 - [TEST_STEP][PASSED] - tap(findTestObject("ShopOpen/ChillerUtilization/ChillerAvailable/PorductCategoryActions_BackButton", ["package":PACKAGENAME]), 0): Tapped on element 'Object Repository/ShopOpen/ChillerUtilization/ChillerAvailable/PorductCategoryActions_BackButton'

2019-04-23 16:06:42 - [MESSAGE][WARNING] - Timeout '0' is invalid. Using default page load timeout: '6'

2019-04-23 16:06:42 - [MESSAGE][PASSED] - Tapped on element 'Object Repository/ShopOpen/ChillerUtilization/ChillerAvailable/PorductCategoryActions_BackButton'

2019-04-23 16:06:42 - [TEST_STEP][PASSED] - verifyElementText(findTestObject("ShopOpen/ChillerUtilization/ChillerAvailable/Validate_ChillerProductsCategoriesScreen", ["package":PACKAGENAME]), "Category:Chiller Utilization"): Actual text and expected text of test object 'Object Repository/ShopOpen/ChillerUtilization/ChillerAvailable/Validate_ChillerProductsCategoriesScreen' are matched.

2019-04-23 16:06:43 - [MESSAGE][PASSED] - Actual text and expected text of test object 'Object Repository/ShopOpen/ChillerUtilization/ChillerAvailable/Validate_ChillerProductsCategoriesScreen' are matched.

2019-04-23 16:06:43 - [MESSAGE][PASSED] - Call Test Case 'Test Cases/ShopOpen/ChillerUtilization/ChillerAvailable/VisitProductCategoryAssets' successfully

2019-04-23 16:06:45 - [TEST_CASE][PASSED] - Test Cases/ShopOpen/ChillerUtilization/ChillerAvailable/VisitProductCategoryAssets: Test Cases/ShopOpen/ChillerUtilization/ChillerAvailable/VisitProductCategoryAssets

2019-04-23 16:06:45 - [TEST_STEP][PASSED] - verifyElementText(findTestObject("ShopOpen/ChillerUtilization/ChillerAvailable/Validate_ProductCategoryAssetScreen", ["package":PACKAGENAME]), "Facing"): Actual text and expected text of test object 'Object Repository/ShopOpen/ChillerUtilization/ChillerAvailable/Validate_ProductCategoryAssetScreen' are matched.

2019-04-23 16:06:46 - [MESSAGE][PASSED] - Actual text and expected text of test object 'Object Repository/ShopOpen/ChillerUtilization/ChillerAvailable/Validate_ProductCategoryAssetScreen' are matched.

2019-04-23 16:06:46 - [TEST_STEP][PASSED] - tap(findTestObject("ShopOpen/ChillerUtilization/ChillerAvailable/Facing", ["package":PACKAGENAME]), 0): Tapped on element 'Object Repository/ShopOpen/ChillerUtilization/ChillerAvailable/Facing'

2019-04-23 16:06:46 - [MESSAGE][WARNING] - Timeout '0' is invalid. Using default page load timeout: '6'

2019-04-23 16:06:46 - [MESSAGE][PASSED] - Tapped on element 'Object Repository/ShopOpen/ChillerUtilization/ChillerAvailable/Facing'

2019-04-23 16:06:46 - [TEST_STEP][PASSED] - verifyElementText(findTestObject("ShopOpen/ChillerUtilization/ChillerAvailable/Validate_FacingScreen", ["package":PACKAGENAME]), "Facing"): Actual text and expected text of test object 'Object Repository/ShopOpen/ChillerUtilization/ChillerAvailable/Validate_FacingScreen' are matched.

2019-04-23 16:06:48 - [MESSAGE][PASSED] - Actual text and expected text of test object 'Object Repository/ShopOpen/ChillerUtilization/ChillerAvailable/Validate_FacingScreen' are matched.

2019-04-23 16:06:48 - [TEST_STEP][PASSED] - com.ct.qa.keywords.ChillerProductsDataKeywords.visitChillerAvailableProductsData(CHILLER_FACING, "Facing"): com.ct.qa.keywords.ChillerProductsDataKeywords.visitChillerAvailableProductsData is PASSED

2019-04-23 16:06:51 - [MESSAGE][PASSED] - Keyboard is hidden

2019-04-23 16:06:54 - [MESSAGE][PASSED] - Keyboard is hidden

2019-04-23 16:06:57 - [MESSAGE][PASSED] - Keyboard is hidden

2019-04-23 16:06:59 - [MESSAGE][PASSED] - Swiped from 117,359 to 117,250

2019-04-23 16:06:59 - [MESSAGE][PASSED] - com.ct.qa.keywords.ChillerProductsDataKeywords.visitChillerAvailableProductsData is PASSED

2019-04-23 16:06:59 - [TEST_STEP][PASSED] - tap(findTestObject("ShopOpen/ChillerUtilization/ChillerAvailable/SubmitButton", ["package":PACKAGENAME]), 0): Tapped on element 'Object Repository/ShopOpen/ChillerUtilization/ChillerAvailable/SubmitButton'

2019-04-23 16:06:59 - [MESSAGE][WARNING] - Timeout '0' is invalid. Using default page load timeout: '6'

2019-04-23 16:07:00 - [MESSAGE][PASSED] - Tapped on element 'Object Repository/ShopOpen/ChillerUtilization/ChillerAvailable/SubmitButton'

2019-04-23 16:07:00 - [TEST_STEP][PASSED] - verifyElementText(findTestObject("ShopOpen/ChillerUtilization/ChillerAvailable/Validate_ProductCategoryAssetScreen", ["package":PACKAGENAME]), "Facing"): Actual text and expected text of test object 'Object Repository/ShopOpen/ChillerUtilization/ChillerAvailable/Validate_ProductCategoryAssetScreen' are matched.

2019-04-23 16:07:01 - [MESSAGE][PASSED] - Actual text and expected text of test object 'Object Repository/ShopOpen/ChillerUtilization/ChillerAvailable/Validate_ProductCategoryAssetScreen' are matched.

2019-04-23 16:07:01 - [TEST_STEP][PASSED] - tap(findTestObject("ShopOpen/ChillerUtilization/ChillerAvailable/Depth", ["package":PACKAGENAME]), 0): Tapped on element 'Object Repository/ShopOpen/ChillerUtilization/ChillerAvailable/Depth'

2019-04-23 16:07:01 - [MESSAGE][WARNING] - Timeout '0' is invalid. Using default page load timeout: '6'

2019-04-23 16:07:02 - [MESSAGE][PASSED] - Tapped on element 'Object Repository/ShopOpen/ChillerUtilization/ChillerAvailable/Depth'

2019-04-23 16:07:02 - [TEST_STEP][PASSED] - verifyElementText(findTestObject("ShopOpen/ChillerUtilization/ChillerAvailable/Validate_DepthScreen", ["package":PACKAGENAME]), "Depth"): Actual text and expected text of test object 'Object Repository/ShopOpen/ChillerUtilization/ChillerAvailable/Validate_DepthScreen' are matched.

2019-04-23 16:07:03 - [MESSAGE][PASSED] - Actual text and expected text of test object 'Object Repository/ShopOpen/ChillerUtilization/ChillerAvailable/Validate_DepthScreen' are matched.

2019-04-23 16:07:03 - [TEST_STEP][PASSED] - com.ct.qa.keywords.ChillerProductsDataKeywords.visitChillerAvailableProductsData(CHILLER_DEPTH, "Depth"): com.ct.qa.keywords.ChillerProductsDataKeywords.visitChillerAvailableProductsData is PASSED

2019-04-23 16:07:06 - [MESSAGE][PASSED] - Keyboard is hidden

2019-04-23 16:07:09 - [MESSAGE][PASSED] - Keyboard is hidden

2019-04-23 16:07:12 - [MESSAGE][PASSED] - Keyboard is hidden

2019-04-23 16:07:14 - [MESSAGE][PASSED] - Swiped from 117,359 to 117,250

2019-04-23 16:07:15 - [MESSAGE][PASSED] - com.ct.qa.keywords.ChillerProductsDataKeywords.visitChillerAvailableProductsData is PASSED

2019-04-23 16:07:15 - [TEST_STEP][PASSED] - tap(findTestObject("ShopOpen/ChillerUtilization/ChillerAvailable/SubmitButton", ["package":PACKAGENAME]), 0): Tapped on element 'Object Repository/ShopOpen/ChillerUtilization/ChillerAvailable/SubmitButton'

2019-04-23 16:07:15 - [MESSAGE][WARNING] - Timeout '0' is invalid. Using default page load timeout: '6'

2019-04-23 16:07:16 - [MESSAGE][PASSED] - Tapped on element 'Object Repository/ShopOpen/ChillerUtilization/ChillerAvailable/SubmitButton'

2019-04-23 16:07:16 - [TEST_STEP][PASSED] - verifyElementText(findTestObject("ShopOpen/ChillerUtilization/ChillerAvailable/Validate_ProductCategoryAssetScreen", ["package":PACKAGENAME]), "Facing"): Actual text and expected text of test object 'Object Repository/ShopOpen/ChillerUtilization/ChillerAvailable/Validate_ProductCategoryAssetScreen' are matched.

2019-04-23 16:07:16 - [MESSAGE][PASSED] - Actual text and expected text of test object 'Object Repository/ShopOpen/ChillerUtilization/ChillerAvailable/Validate_ProductCategoryAssetScreen' are matched.

2019-04-23 16:07:16 - [TEST_STEP][PASSED] - tap(findTestObject("ShopOpen/ChillerUtilization/ChillerAvailable/StockCount", ["package":PACKAGENAME]), 0): Tapped on element 'Object Repository/ShopOpen/ChillerUtilization/ChillerAvailable/StockCount'

2019-04-23 16:07:16 - [MESSAGE][WARNING] - Timeout '0' is invalid. Using default page load timeout: '6'

2019-04-23 16:07:16 - [MESSAGE][PASSED] - Tapped on element 'Object Repository/ShopOpen/ChillerUtilization/ChillerAvailable/StockCount'

2019-04-23 16:07:16 - [TEST_STEP][PASSED] - verifyElementText(findTestObject("ShopOpen/ChillerUtilization/ChillerAvailable/Validate_StockCountScreen", ["package":PACKAGENAME]), "Stock Count"): Actual text and expected text of test object 'Object Repository/ShopOpen/ChillerUtilization/ChillerAvailable/Validate_StockCountScreen' are matched.

2019-04-23 16:07:18 - [MESSAGE][PASSED] - Actual text and expected text of test object 'Object Repository/ShopOpen/ChillerUtilization/ChillerAvailable/Validate_StockCountScreen' are matched.

2019-04-23 16:07:18 - [TEST_STEP][PASSED] - com.ct.qa.keywords.ChillerProductsDataKeywords.visitChillerAvailableProductsData(CHILLER_STOCKCOUNT, "Stock Count"): com.ct.qa.keywords.ChillerProductsDataKeywords.visitChillerAvailableProductsData is PASSED

2019-04-23 16:07:21 - [MESSAGE][PASSED] - Keyboard is hidden

2019-04-23 16:07:24 - [MESSAGE][PASSED] - Keyboard is hidden

2019-04-23 16:07:26 - [MESSAGE][PASSED] - Keyboard is hidden

2019-04-23 16:07:28 - [MESSAGE][PASSED] - Swiped from 117,359 to 117,250

2019-04-23 16:07:28 - [MESSAGE][PASSED] - com.ct.qa.keywords.ChillerProductsDataKeywords.visitChillerAvailableProductsData is PASSED

2019-04-23 16:07:28 - [TEST_STEP][PASSED] - tap(findTestObject("ShopOpen/ChillerUtilization/ChillerAvailable/SubmitButton", ["package":PACKAGENAME]), 0): Tapped on element 'Object Repository/ShopOpen/ChillerUtilization/ChillerAvailable/SubmitButton'

2019-04-23 16:07:28 - [MESSAGE][WARNING] - Timeout '0' is invalid. Using default page load timeout: '6'

2019-04-23 16:07:29 - [MESSAGE][PASSED] - Tapped on element 'Object Repository/ShopOpen/ChillerUtilization/ChillerAvailable/SubmitButton'

2019-04-23 16:07:29 - [TEST_STEP][PASSED] - verifyElementText(findTestObject("ShopOpen/ChillerUtilization/ChillerAvailable/Validate_ProductCategoryAssetScreen", ["package":PACKAGENAME]), "Facing"): Actual text and expected text of test object 'Object Repository/ShopOpen/ChillerUtilization/ChillerAvailable/Validate_ProductCategoryAssetScreen' are matched.

2019-04-23 16:07:30 - [MESSAGE][PASSED] - Actual text and expected text of test object 'Object Repository/ShopOpen/ChillerUtilization/ChillerAvailable/Validate_ProductCategoryAssetScreen' are matched.

2019-04-23 16:07:30 - [TEST_STEP][PASSED] - tap(findTestObject("ShopOpen/ChillerUtilization/ChillerAvailable/PorductCategoryActions_BackButton", ["package":PACKAGENAME]), 0): Tapped on element 'Object Repository/ShopOpen/ChillerUtilization/ChillerAvailable/PorductCategoryActions_BackButton'

2019-04-23 16:07:30 - [MESSAGE][WARNING] - Timeout '0' is invalid. Using default page load timeout: '6'

2019-04-23 16:07:31 - [MESSAGE][PASSED] - Tapped on element 'Object Repository/ShopOpen/ChillerUtilization/ChillerAvailable/PorductCategoryActions_BackButton'

2019-04-23 16:07:31 - [TEST_STEP][PASSED] - verifyElementText(findTestObject("ShopOpen/ChillerUtilization/ChillerAvailable/Validate_ChillerProductsCategoriesScreen", ["package":PACKAGENAME]), "Category:Chiller Utilization"): Actual text and expected text of test object 'Object Repository/ShopOpen/ChillerUtilization/ChillerAvailable/Validate_ChillerProductsCategoriesScreen' are matched.

2019-04-23 16:07:31 - [MESSAGE][PASSED] - Actual text and expected text of test object 'Object Repository/ShopOpen/ChillerUtilization/ChillerAvailable/Validate_ChillerProductsCategoriesScreen' are matched.

2019-04-23 16:07:31 - [MESSAGE][PASSED] - Call Test Case 'Test Cases/ShopOpen/ChillerUtilization/ChillerAvailable/VisitProductCategoryAssets' successfully

2019-04-23 16:07:31 - [MESSAGE][PASSED] - com.ct.qa.keywords.ChillerProductsDataKeywords.visitChillerAvailableProductCategories is PASSED

2019-04-23 16:07:31 - [TEST_STEP][PASSED] - com.ct.qa.keywords.CommonKeywords.visitPlanogramImageViewButton(): com.ct.qa.keywords.CommonKeywords.visitPlanogramImageViewButton is PASSED

2019-04-23 16:07:34 - [MESSAGE][WARNING] - Timeout '0' is invalid. Using default page load timeout: '6'

2019-04-23 16:07:41 - [MESSAGE][WARNING] - Object Object Repository/CommonScreenElements/InfoPopUp_OKButton not found
[[ATTACHMENT|F:\\Git Projects\\MMAPlus_Merchandising\\MMAPlus_Merchandising\\Reports\\MMA Plus Merchandising Data Verification\\20190423_151839\\1556017660589.png]]

2019-04-23 16:07:42 - [MESSAGE][PASSED] - com.ct.qa.keywords.CommonKeywords.visitPlanogramImageViewButton is PASSED

2019-04-23 16:07:42 - [TEST_STEP][PASSED] - verifyElementText(findTestObject("ShopOpen/ChillerUtilization/ChillerAvailable/Validate_ChillerProductsCategoriesScreen", ["package":PACKAGENAME]), "Category:Chiller Utilization"): Actual text and expected text of test object 'Object Repository/ShopOpen/ChillerUtilization/ChillerAvailable/Validate_ChillerProductsCategoriesScreen' are matched.

2019-04-23 16:07:42 - [MESSAGE][PASSED] - Actual text and expected text of test object 'Object Repository/ShopOpen/ChillerUtilization/ChillerAvailable/Validate_ChillerProductsCategoriesScreen' are matched.

2019-04-23 16:07:42 - [TEST_STEP][PASSED] - com.ct.qa.keywords.CommonKeywords.visitPictureImageViewButton(): com.ct.qa.keywords.CommonKeywords.visitPictureImageViewButton is PASSED

2019-04-23 16:07:44 - [MESSAGE][PASSED] - com.ct.qa.keywords.CommonKeywords.visitPictureImageViewButton is PASSED

2019-04-23 16:07:44 - [TEST_STEP][PASSED] - verifyElementText(findTestObject("ShopOpen/ChillerUtilization/ChillerAvailable/Validate_ChillerProductsCategoriesScreen", ["package":PACKAGENAME]), "Category:Chiller Utilization"): Actual text and expected text of test object 'Object Repository/ShopOpen/ChillerUtilization/ChillerAvailable/Validate_ChillerProductsCategoriesScreen' are matched.

2019-04-23 16:07:44 - [MESSAGE][PASSED] - Actual text and expected text of test object 'Object Repository/ShopOpen/ChillerUtilization/ChillerAvailable/Validate_ChillerProductsCategoriesScreen' are matched.

2019-04-23 16:07:44 - [TEST_STEP][PASSED] - com.ct.qa.keywords.CommonKeywords.visitBackImageViewButton(): com.ct.qa.keywords.CommonKeywords.visitBackImageViewButton is PASSED

2019-04-23 16:07:46 - [MESSAGE][PASSED] - com.ct.qa.keywords.CommonKeywords.visitBackImageViewButton is PASSED

2019-04-23 16:07:46 - [TEST_STEP][PASSED] - verifyElementText(findTestObject("ShopOpen/ChillerUtilization/Validate_ChillerUtilizationScreen", ["package":PACKAGENAME]), "Shop Chillers"): Actual text and expected text of test object 'Object Repository/ShopOpen/ChillerUtilization/Validate_ChillerUtilizationScreen' are matched.

2019-04-23 16:07:47 - [MESSAGE][PASSED] - Actual text and expected text of test object 'Object Repository/ShopOpen/ChillerUtilization/Validate_ChillerUtilizationScreen' are matched.

2019-04-23 16:07:47 - [MESSAGE][PASSED] - Call Test Case 'Test Cases/ShopOpen/ChillerUtilization/ChillerAvailable/VisitChillerAvailable' successfully

2019-04-23 16:07:48 - [MESSAGE][PASSED] - Swiped from 0,292 to 0,200

2019-04-23 16:07:48 - [MESSAGE][PASSED] - com.ct.qa.keywords.ChillerVisitingScenariosKeywords.visitChillersTaggedInChillerUtilizationWithDataVerification is PASSED

2019-04-23 16:07:48 - [TEST_STEP][PASSED] - tap(findTestObject("ShopOpen/ChillerUtilization/ChillerUtilization_backButton", ["package":PACKAGENAME]), 0): Tapped on element 'Object Repository/ShopOpen/ChillerUtilization/ChillerUtilization_backButton'

2019-04-23 16:07:48 - [MESSAGE][WARNING] - Timeout '0' is invalid. Using default page load timeout: '6'

2019-04-23 16:07:48 - [MESSAGE][PASSED] - Tapped on element 'Object Repository/ShopOpen/ChillerUtilization/ChillerUtilization_backButton'

2019-04-23 16:07:48 - [TEST_STEP][PASSED] - verifyElementExist(findTestObject("ShopOpen/Validate_ShopCategoriesListScreen", ["package":PACKAGENAME]), 0): Element 'Object Repository/ShopOpen/Validate_ShopCategoriesListScreen' is exist

2019-04-23 16:07:48 - [MESSAGE][WARNING] - Timeout '0' is invalid. Using default page load timeout: '6'

2019-04-23 16:07:50 - [MESSAGE][PASSED] - Element 'Object Repository/ShopOpen/Validate_ShopCategoriesListScreen' is exist

2019-04-23 16:07:50 - [MESSAGE][PASSED] - Call Test Case 'Test Cases/ShopOpen/ChillerUtilization/VisitChillerScenarios_WithCategeoryLevel/VisitChillerUtilizationWithDataVerification' successfully

2019-04-23 16:07:51 - [MESSAGE][WARNING] - Timeout '0' is invalid. Using default page load timeout: '6'

2019-04-23 16:07:58 - [MESSAGE][WARNING] - Element 'Object Repository/CommonScreenElements/Validate_CameraScreen' not found
[[ATTACHMENT|F:\\Git Projects\\MMAPlus_Merchandising\\MMAPlus_Merchandising\\Reports\\MMA Plus Merchandising Data Verification\\20190423_151839\\1556017677583.png]]

2019-04-23 16:07:58 - [MESSAGE][PASSED] - Actual text and expected text of test object 'Object Repository/ShopOpen/RemainingCategories/Validate_MainCategoryDetailScreen' are matched.

2019-04-23 16:08:00 - [TEST_CASE][PASSED] - Test Cases/ShopOpen/RemainingCategories/VisitRemainingCategoriesWithDSA: Test Cases/ShopOpen/RemainingCategories/VisitRemainingCategoriesWithDSA

2019-04-23 16:08:00 - [TEST_STEP][PASSED] - verifyElementText(findTestObject("ShopOpen/RemainingCategories/Validate_ProductCategoryAssetScreen", ["package":PACKAGENAME]), "Facing"): Actual text and expected text of test object 'Object Repository/ShopOpen/RemainingCategories/Validate_ProductCategoryAssetScreen' are matched.

2019-04-23 16:08:02 - [MESSAGE][PASSED] - Actual text and expected text of test object 'Object Repository/ShopOpen/RemainingCategories/Validate_ProductCategoryAssetScreen' are matched.

2019-04-23 16:08:02 - [TEST_STEP][PASSED] - tap(findTestObject("ShopOpen/RemainingCategories/Facing", ["package":PACKAGENAME]), 0): Tapped on element 'Object Repository/ShopOpen/RemainingCategories/Facing'

2019-04-23 16:08:02 - [MESSAGE][WARNING] - Timeout '0' is invalid. Using default page load timeout: '6'

2019-04-23 16:08:03 - [MESSAGE][PASSED] - Tapped on element 'Object Repository/ShopOpen/RemainingCategories/Facing'

2019-04-23 16:08:03 - [TEST_STEP][PASSED] - verifyElementText(findTestObject("ShopOpen/RemainingCategories/Validate_FacingScreen", ["package":PACKAGENAME]), "Facing"): Actual text and expected text of test object 'Object Repository/ShopOpen/RemainingCategories/Validate_FacingScreen' are matched.

2019-04-23 16:08:04 - [MESSAGE][PASSED] - Actual text and expected text of test object 'Object Repository/ShopOpen/RemainingCategories/Validate_FacingScreen' are matched.

2019-04-23 16:08:04 - [TEST_STEP][PASSED] - com.ct.qa.keywords.ChannelProductsDataKeywords.visitChannelWiseProductsData(CHANNEL_DSA_FACING, "Facing"): com.ct.qa.keywords.ChannelProductsDataKeywords.visitChannelWiseProductsData is PASSED

2019-04-23 16:08:08 - [MESSAGE][PASSED] - Keyboard is hidden

2019-04-23 16:08:11 - [MESSAGE][PASSED] - Keyboard is hidden

2019-04-23 16:08:14 - [MESSAGE][PASSED] - Keyboard is hidden

2019-04-23 16:08:17 - [MESSAGE][PASSED] - Keyboard is hidden

2019-04-23 16:08:19 - [MESSAGE][PASSED] - Swiped from 117,359 to 117,250

2019-04-23 16:08:20 - [MESSAGE][PASSED] - com.ct.qa.keywords.ChannelProductsDataKeywords.visitChannelWiseProductsData is PASSED

2019-04-23 16:08:20 - [TEST_STEP][PASSED] - tap(findTestObject("ShopOpen/RemainingCategories/SubmitButton", ["package":PACKAGENAME]), 0): Tapped on element 'Object Repository/ShopOpen/RemainingCategories/SubmitButton'

2019-04-23 16:08:20 - [MESSAGE][WARNING] - Timeout '0' is invalid. Using default page load timeout: '6'

2019-04-23 16:08:20 - [MESSAGE][PASSED] - Tapped on element 'Object Repository/ShopOpen/RemainingCategories/SubmitButton'

2019-04-23 16:08:20 - [TEST_STEP][PASSED] - verifyElementText(findTestObject("ShopOpen/RemainingCategories/Validate_ProductCategoryAssetScreen", ["package":PACKAGENAME]), "Facing"): Actual text and expected text of test object 'Object Repository/ShopOpen/RemainingCategories/Validate_ProductCategoryAssetScreen' are matched.

2019-04-23 16:08:21 - [MESSAGE][PASSED] - Actual text and expected text of test object 'Object Repository/ShopOpen/RemainingCategories/Validate_ProductCategoryAssetScreen' are matched.

2019-04-23 16:08:21 - [TEST_STEP][PASSED] - tap(findTestObject("ShopOpen/RemainingCategories/StockTaking", ["package":PACKAGENAME]), 0): Tapped on element 'Object Repository/ShopOpen/RemainingCategories/StockTaking'

2019-04-23 16:08:21 - [MESSAGE][WARNING] - Timeout '0' is invalid. Using default page load timeout: '6'

2019-04-23 16:08:22 - [MESSAGE][PASSED] - Tapped on element 'Object Repository/ShopOpen/RemainingCategories/StockTaking'

2019-04-23 16:08:22 - [TEST_STEP][PASSED] - verifyElementText(findTestObject("ShopOpen/RemainingCategories/Validate_StockTakingScreen", ["package":PACKAGENAME]), "Stock Taking"): Actual text and expected text of test object 'Object Repository/ShopOpen/RemainingCategories/Validate_StockTakingScreen' are matched.

2019-04-23 16:08:24 - [MESSAGE][PASSED] - Actual text and expected text of test object 'Object Repository/ShopOpen/RemainingCategories/Validate_StockTakingScreen' are matched.

2019-04-23 16:08:24 - [TEST_STEP][PASSED] - com.ct.qa.keywords.ChannelProductsDataKeywords.visitChannelWiseProductsData(CHANNEL_DSA_STOCKTAKING, "Stock Taking"): com.ct.qa.keywords.ChannelProductsDataKeywords.visitChannelWiseProductsData is PASSED

2019-04-23 16:08:27 - [MESSAGE][PASSED] - Keyboard is hidden

2019-04-23 16:08:30 - [MESSAGE][PASSED] - Keyboard is hidden

2019-04-23 16:08:33 - [MESSAGE][PASSED] - Keyboard is hidden

2019-04-23 16:08:36 - [MESSAGE][PASSED] - Keyboard is hidden

2019-04-23 16:08:38 - [MESSAGE][PASSED] - Swiped from 117,359 to 117,250

2019-04-23 16:08:39 - [MESSAGE][PASSED] - com.ct.qa.keywords.ChannelProductsDataKeywords.visitChannelWiseProductsData is PASSED

2019-04-23 16:08:39 - [TEST_STEP][PASSED] - tap(findTestObject("ShopOpen/RemainingCategories/SubmitButton", ["package":PACKAGENAME]), 0): Tapped on element 'Object Repository/ShopOpen/RemainingCategories/SubmitButton'

2019-04-23 16:08:39 - [MESSAGE][WARNING] - Timeout '0' is invalid. Using default page load timeout: '6'

2019-04-23 16:08:39 - [MESSAGE][PASSED] - Tapped on element 'Object Repository/ShopOpen/RemainingCategories/SubmitButton'

2019-04-23 16:08:39 - [TEST_STEP][PASSED] - verifyElementText(findTestObject("ShopOpen/RemainingCategories/Validate_ProductCategoryAssetScreen", ["package":PACKAGENAME]), "Facing"): Actual text and expected text of test object 'Object Repository/ShopOpen/RemainingCategories/Validate_ProductCategoryAssetScreen' are matched.

2019-04-23 16:08:40 - [MESSAGE][PASSED] - Actual text and expected text of test object 'Object Repository/ShopOpen/RemainingCategories/Validate_ProductCategoryAssetScreen' are matched.

2019-04-23 16:08:40 - [TEST_STEP][PASSED] - com.ct.qa.keywords.CommonKeywords.visitPlanogramImageViewButton(): com.ct.qa.keywords.CommonKeywords.visitPlanogramImageViewButton is PASSED

2019-04-23 16:08:43 - [MESSAGE][WARNING] - Timeout '0' is invalid. Using default page load timeout: '6'

2019-04-23 16:08:50 - [MESSAGE][WARNING] - Object Object Repository/CommonScreenElements/InfoPopUp_OKButton not found
[[ATTACHMENT|F:\\Git Projects\\MMAPlus_Merchandising\\MMAPlus_Merchandising\\Reports\\MMA Plus Merchandising Data Verification\\20190423_151839\\1556017729111.png]]

2019-04-23 16:08:50 - [MESSAGE][PASSED] - com.ct.qa.keywords.CommonKeywords.visitPlanogramImageViewButton is PASSED

2019-04-23 16:08:50 - [TEST_STEP][PASSED] - verifyElementText(findTestObject("ShopOpen/RemainingCategories/Validate_ProductCategoryAssetScreen", ["package":PACKAGENAME]), "Facing"): Actual text and expected text of test object 'Object Repository/ShopOpen/RemainingCategories/Validate_ProductCategoryAssetScreen' are matched.

2019-04-23 16:08:51 - [MESSAGE][PASSED] - Actual text and expected text of test object 'Object Repository/ShopOpen/RemainingCategories/Validate_ProductCategoryAssetScreen' are matched.

2019-04-23 16:08:51 - [TEST_STEP][PASSED] - com.ct.qa.keywords.CommonKeywords.visitPictureImageViewButton(): com.ct.qa.keywords.CommonKeywords.visitPictureImageViewButton is PASSED

2019-04-23 16:08:52 - [MESSAGE][WARNING] - Timeout '0' is invalid. Using default page load timeout: '6'

2019-04-23 16:08:55 - [MESSAGE][PASSED] - Element 'Object Repository/CommonScreenElements/Validate_CameraScreen' is exist

2019-04-23 16:08:55 - [MESSAGE][WARNING] - Timeout '0' is invalid. Using default page load timeout: '6'

2019-04-23 16:08:58 - [MESSAGE][PASSED] - Tapped on element 'Object Repository/CommonScreenElements/Camera_TakePictureButton'

2019-04-23 16:09:03 - [MESSAGE][PASSED] - Delayed 5 second(s)

2019-04-23 16:09:03 - [MESSAGE][WARNING] - Timeout '0' is invalid. Using default page load timeout: '6'

2019-04-23 16:09:05 - [MESSAGE][PASSED] - Tapped on element 'Object Repository/CommonScreenElements/Camera_DoneButton'

2019-04-23 16:09:05 - [MESSAGE][PASSED] - com.ct.qa.keywords.CommonKeywords.visitPictureImageViewButton is PASSED

2019-04-23 16:09:05 - [TEST_STEP][PASSED] - verifyElementText(findTestObject("ShopOpen/RemainingCategories/Validate_ProductCategoryAssetScreen", ["package":PACKAGENAME]), "Facing"): Actual text and expected text of test object 'Object Repository/ShopOpen/RemainingCategories/Validate_ProductCategoryAssetScreen' are matched.

2019-04-23 16:09:05 - [MESSAGE][PASSED] - Actual text and expected text of test object 'Object Repository/ShopOpen/RemainingCategories/Validate_ProductCategoryAssetScreen' are matched.

2019-04-23 16:09:05 - [TEST_STEP][PASSED] - com.ct.qa.keywords.CommonKeywords.visitBackImageViewButton(): com.ct.qa.keywords.CommonKeywords.visitBackImageViewButton is PASSED

2019-04-23 16:09:07 - [MESSAGE][PASSED] - com.ct.qa.keywords.CommonKeywords.visitBackImageViewButton is PASSED

2019-04-23 16:09:07 - [TEST_STEP][PASSED] - verifyElementExist(findTestObject("ShopOpen/Validate_ShopCategoriesListScreen", ["package":PACKAGENAME]), 0): Element 'Object Repository/ShopOpen/Validate_ShopCategoriesListScreen' is exist

2019-04-23 16:09:07 - [MESSAGE][WARNING] - Timeout '0' is invalid. Using default page load timeout: '6'

2019-04-23 16:09:09 - [MESSAGE][PASSED] - Element 'Object Repository/ShopOpen/Validate_ShopCategoriesListScreen' is exist

2019-04-23 16:09:09 - [MESSAGE][PASSED] - Call Test Case 'Test Cases/ShopOpen/RemainingCategories/VisitRemainingCategoriesWithDSA' successfully

2019-04-23 16:09:10 - [MESSAGE][WARNING] - Timeout '0' is invalid. Using default page load timeout: '6'

2019-04-23 16:09:17 - [MESSAGE][WARNING] - Element 'Object Repository/CommonScreenElements/Validate_CameraScreen' not found
[[ATTACHMENT|F:\\Git Projects\\MMAPlus_Merchandising\\MMAPlus_Merchandising\\Reports\\MMA Plus Merchandising Data Verification\\20190423_151839\\1556017756519.png]]

2019-04-23 16:09:17 - [MESSAGE][PASSED] - Actual text and expected text of test object 'Object Repository/ShopOpen/RemainingCategories/Validate_MainCategoryDetailScreen' are matched.

2019-04-23 16:09:19 - [TEST_CASE][PASSED] - Test Cases/ShopOpen/RemainingCategories/VisitRemainingCategoriesWithDSA: Test Cases/ShopOpen/RemainingCategories/VisitRemainingCategoriesWithDSA

2019-04-23 16:09:19 - [TEST_STEP][PASSED] - verifyElementText(findTestObject("ShopOpen/RemainingCategories/Validate_ProductCategoryAssetScreen", ["package":PACKAGENAME]), "Facing"): Actual text and expected text of test object 'Object Repository/ShopOpen/RemainingCategories/Validate_ProductCategoryAssetScreen' are matched.

2019-04-23 16:09:21 - [MESSAGE][PASSED] - Actual text and expected text of test object 'Object Repository/ShopOpen/RemainingCategories/Validate_ProductCategoryAssetScreen' are matched.

2019-04-23 16:09:21 - [TEST_STEP][PASSED] - tap(findTestObject("ShopOpen/RemainingCategories/Facing", ["package":PACKAGENAME]), 0): Tapped on element 'Object Repository/ShopOpen/RemainingCategories/Facing'

2019-04-23 16:09:21 - [MESSAGE][WARNING] - Timeout '0' is invalid. Using default page load timeout: '6'

2019-04-23 16:09:21 - [MESSAGE][PASSED] - Tapped on element 'Object Repository/ShopOpen/RemainingCategories/Facing'

2019-04-23 16:09:21 - [TEST_STEP][PASSED] - verifyElementText(findTestObject("ShopOpen/RemainingCategories/Validate_FacingScreen", ["package":PACKAGENAME]), "Facing"): Actual text and expected text of test object 'Object Repository/ShopOpen/RemainingCategories/Validate_FacingScreen' are matched.

2019-04-23 16:09:23 - [MESSAGE][PASSED] - Actual text and expected text of test object 'Object Repository/ShopOpen/RemainingCategories/Validate_FacingScreen' are matched.

2019-04-23 16:09:23 - [TEST_STEP][PASSED] - com.ct.qa.keywords.ChannelProductsDataKeywords.visitChannelWiseProductsData(CHANNEL_DSA_FACING, "Facing"): com.ct.qa.keywords.ChannelProductsDataKeywords.visitChannelWiseProductsData is PASSED

2019-04-23 16:09:27 - [MESSAGE][PASSED] - Keyboard is hidden

2019-04-23 16:09:30 - [MESSAGE][PASSED] - Keyboard is hidden

2019-04-23 16:09:33 - [MESSAGE][PASSED] - Keyboard is hidden

2019-04-23 16:09:36 - [MESSAGE][PASSED] - Keyboard is hidden

2019-04-23 16:09:39 - [MESSAGE][PASSED] - Keyboard is hidden

2019-04-23 16:09:42 - [MESSAGE][PASSED] - Swiped from 111,359 to 111,250

2019-04-23 16:09:42 - [MESSAGE][PASSED] - com.ct.qa.keywords.ChannelProductsDataKeywords.visitChannelWiseProductsData is PASSED

2019-04-23 16:09:42 - [TEST_STEP][PASSED] - tap(findTestObject("ShopOpen/RemainingCategories/SubmitButton", ["package":PACKAGENAME]), 0): Tapped on element 'Object Repository/ShopOpen/RemainingCategories/SubmitButton'

2019-04-23 16:09:42 - [MESSAGE][WARNING] - Timeout '0' is invalid. Using default page load timeout: '6'

2019-04-23 16:09:43 - [MESSAGE][PASSED] - Tapped on element 'Object Repository/ShopOpen/RemainingCategories/SubmitButton'

2019-04-23 16:09:43 - [TEST_STEP][PASSED] - verifyElementText(findTestObject("ShopOpen/RemainingCategories/Validate_ProductCategoryAssetScreen", ["package":PACKAGENAME]), "Facing"): Actual text and expected text of test object 'Object Repository/ShopOpen/RemainingCategories/Validate_ProductCategoryAssetScreen' are matched.

2019-04-23 16:09:44 - [MESSAGE][PASSED] - Actual text and expected text of test object 'Object Repository/ShopOpen/RemainingCategories/Validate_ProductCategoryAssetScreen' are matched.

2019-04-23 16:09:44 - [TEST_STEP][PASSED] - tap(findTestObject("ShopOpen/RemainingCategories/StockTaking", ["package":PACKAGENAME]), 0): Tapped on element 'Object Repository/ShopOpen/RemainingCategories/StockTaking'

2019-04-23 16:09:44 - [MESSAGE][WARNING] - Timeout '0' is invalid. Using default page load timeout: '6'

2019-04-23 16:09:44 - [MESSAGE][PASSED] - Tapped on element 'Object Repository/ShopOpen/RemainingCategories/StockTaking'

2019-04-23 16:09:44 - [TEST_STEP][PASSED] - verifyElementText(findTestObject("ShopOpen/RemainingCategories/Validate_StockTakingScreen", ["package":PACKAGENAME]), "Stock Taking"): Actual text and expected text of test object 'Object Repository/ShopOpen/RemainingCategories/Validate_StockTakingScreen' are matched.

2019-04-23 16:09:46 - [MESSAGE][PASSED] - Actual text and expected text of test object 'Object Repository/ShopOpen/RemainingCategories/Validate_StockTakingScreen' are matched.

2019-04-23 16:09:46 - [TEST_STEP][PASSED] - com.ct.qa.keywords.ChannelProductsDataKeywords.visitChannelWiseProductsData(CHANNEL_DSA_STOCKTAKING, "Stock Taking"): com.ct.qa.keywords.ChannelProductsDataKeywords.visitChannelWiseProductsData is PASSED

2019-04-23 16:09:49 - [MESSAGE][PASSED] - Keyboard is hidden

2019-04-23 16:09:52 - [MESSAGE][PASSED] - Keyboard is hidden

2019-04-23 16:09:55 - [MESSAGE][PASSED] - Keyboard is hidden

2019-04-23 16:09:58 - [MESSAGE][PASSED] - Keyboard is hidden

2019-04-23 16:10:01 - [MESSAGE][PASSED] - Keyboard is hidden

2019-04-23 16:10:03 - [MESSAGE][PASSED] - Swiped from 111,359 to 111,250

2019-04-23 16:10:04 - [MESSAGE][PASSED] - com.ct.qa.keywords.ChannelProductsDataKeywords.visitChannelWiseProductsData is PASSED

2019-04-23 16:10:04 - [TEST_STEP][PASSED] - tap(findTestObject("ShopOpen/RemainingCategories/SubmitButton", ["package":PACKAGENAME]), 0): Tapped on element 'Object Repository/ShopOpen/RemainingCategories/SubmitButton'

2019-04-23 16:10:04 - [MESSAGE][WARNING] - Timeout '0' is invalid. Using default page load timeout: '6'

2019-04-23 16:10:05 - [MESSAGE][PASSED] - Tapped on element 'Object Repository/ShopOpen/RemainingCategories/SubmitButton'

2019-04-23 16:10:05 - [TEST_STEP][PASSED] - verifyElementText(findTestObject("ShopOpen/RemainingCategories/Validate_ProductCategoryAssetScreen", ["package":PACKAGENAME]), "Facing"): Actual text and expected text of test object 'Object Repository/ShopOpen/RemainingCategories/Validate_ProductCategoryAssetScreen' are matched.

2019-04-23 16:10:05 - [MESSAGE][PASSED] - Actual text and expected text of test object 'Object Repository/ShopOpen/RemainingCategories/Validate_ProductCategoryAssetScreen' are matched.

2019-04-23 16:10:05 - [TEST_STEP][PASSED] - com.ct.qa.keywords.CommonKeywords.visitPlanogramImageViewButton(): com.ct.qa.keywords.CommonKeywords.visitPlanogramImageViewButton is PASSED

2019-04-23 16:10:07 - [MESSAGE][WARNING] - Timeout '0' is invalid. Using default page load timeout: '6'

2019-04-23 16:10:14 - [MESSAGE][WARNING] - Object Object Repository/CommonScreenElements/InfoPopUp_OKButton not found
[[ATTACHMENT|F:\\Git Projects\\MMAPlus_Merchandising\\MMAPlus_Merchandising\\Reports\\MMA Plus Merchandising Data Verification\\20190423_151839\\1556017813879.png]]

2019-04-23 16:10:15 - [MESSAGE][PASSED] - com.ct.qa.keywords.CommonKeywords.visitPlanogramImageViewButton is PASSED

2019-04-23 16:10:15 - [TEST_STEP][PASSED] - verifyElementText(findTestObject("ShopOpen/RemainingCategories/Validate_ProductCategoryAssetScreen", ["package":PACKAGENAME]), "Facing"): Actual text and expected text of test object 'Object Repository/ShopOpen/RemainingCategories/Validate_ProductCategoryAssetScreen' are matched.

2019-04-23 16:10:16 - [MESSAGE][PASSED] - Actual text and expected text of test object 'Object Repository/ShopOpen/RemainingCategories/Validate_ProductCategoryAssetScreen' are matched.

2019-04-23 16:10:16 - [TEST_STEP][PASSED] - com.ct.qa.keywords.CommonKeywords.visitPictureImageViewButton(): com.ct.qa.keywords.CommonKeywords.visitPictureImageViewButton is PASSED

2019-04-23 16:10:17 - [MESSAGE][WARNING] - Timeout '0' is invalid. Using default page load timeout: '6'

2019-04-23 16:10:20 - [MESSAGE][PASSED] - Element 'Object Repository/CommonScreenElements/Validate_CameraScreen' is exist

2019-04-23 16:10:20 - [MESSAGE][WARNING] - Timeout '0' is invalid. Using default page load timeout: '6'

2019-04-23 16:10:23 - [MESSAGE][PASSED] - Tapped on element 'Object Repository/CommonScreenElements/Camera_TakePictureButton'

2019-04-23 16:10:28 - [MESSAGE][PASSED] - Delayed 5 second(s)

2019-04-23 16:10:28 - [MESSAGE][WARNING] - Timeout '0' is invalid. Using default page load timeout: '6'

2019-04-23 16:10:29 - [MESSAGE][PASSED] - Tapped on element 'Object Repository/CommonScreenElements/Camera_DoneButton'

2019-04-23 16:10:29 - [MESSAGE][PASSED] - com.ct.qa.keywords.CommonKeywords.visitPictureImageViewButton is PASSED

2019-04-23 16:10:29 - [TEST_STEP][PASSED] - verifyElementText(findTestObject("ShopOpen/RemainingCategories/Validate_ProductCategoryAssetScreen", ["package":PACKAGENAME]), "Facing"): Actual text and expected text of test object 'Object Repository/ShopOpen/RemainingCategories/Validate_ProductCategoryAssetScreen' are matched.

2019-04-23 16:10:29 - [MESSAGE][PASSED] - Actual text and expected text of test object 'Object Repository/ShopOpen/RemainingCategories/Validate_ProductCategoryAssetScreen' are matched.

2019-04-23 16:10:29 - [TEST_STEP][PASSED] - com.ct.qa.keywords.CommonKeywords.visitBackImageViewButton(): com.ct.qa.keywords.CommonKeywords.visitBackImageViewButton is PASSED

2019-04-23 16:10:31 - [MESSAGE][PASSED] - com.ct.qa.keywords.CommonKeywords.visitBackImageViewButton is PASSED

2019-04-23 16:10:31 - [TEST_STEP][PASSED] - verifyElementExist(findTestObject("ShopOpen/Validate_ShopCategoriesListScreen", ["package":PACKAGENAME]), 0): Element 'Object Repository/ShopOpen/Validate_ShopCategoriesListScreen' is exist

2019-04-23 16:10:31 - [MESSAGE][WARNING] - Timeout '0' is invalid. Using default page load timeout: '6'

2019-04-23 16:10:33 - [MESSAGE][PASSED] - Element 'Object Repository/ShopOpen/Validate_ShopCategoriesListScreen' is exist

2019-04-23 16:10:33 - [MESSAGE][PASSED] - Call Test Case 'Test Cases/ShopOpen/RemainingCategories/VisitRemainingCategoriesWithDSA' successfully

2019-04-23 16:10:34 - [MESSAGE][WARNING] - Timeout '0' is invalid. Using default page load timeout: '6'

2019-04-23 16:10:42 - [MESSAGE][WARNING] - Element 'Object Repository/CommonScreenElements/Validate_CameraScreen' not found
[[ATTACHMENT|F:\\Git Projects\\MMAPlus_Merchandising\\MMAPlus_Merchandising\\Reports\\MMA Plus Merchandising Data Verification\\20190423_151839\\1556017840941.png]]

2019-04-23 16:10:42 - [MESSAGE][PASSED] - Actual text and expected text of test object 'Object Repository/ShopOpen/RemainingCategories/Validate_MainCategoryDetailScreen' are matched.

2019-04-23 16:10:43 - [TEST_CASE][PASSED] - Test Cases/ShopOpen/RemainingCategories/VisitRemainingCategoriesWithDSA: Test Cases/ShopOpen/RemainingCategories/VisitRemainingCategoriesWithDSA

2019-04-23 16:10:43 - [TEST_STEP][PASSED] - verifyElementText(findTestObject("ShopOpen/RemainingCategories/Validate_ProductCategoryAssetScreen", ["package":PACKAGENAME]), "Facing"): Actual text and expected text of test object 'Object Repository/ShopOpen/RemainingCategories/Validate_ProductCategoryAssetScreen' are matched.

2019-04-23 16:10:45 - [MESSAGE][PASSED] - Actual text and expected text of test object 'Object Repository/ShopOpen/RemainingCategories/Validate_ProductCategoryAssetScreen' are matched.

2019-04-23 16:10:45 - [TEST_STEP][PASSED] - tap(findTestObject("ShopOpen/RemainingCategories/Facing", ["package":PACKAGENAME]), 0): Tapped on element 'Object Repository/ShopOpen/RemainingCategories/Facing'

2019-04-23 16:10:45 - [MESSAGE][WARNING] - Timeout '0' is invalid. Using default page load timeout: '6'

2019-04-23 16:10:46 - [MESSAGE][PASSED] - Tapped on element 'Object Repository/ShopOpen/RemainingCategories/Facing'

2019-04-23 16:10:46 - [TEST_STEP][PASSED] - verifyElementText(findTestObject("ShopOpen/RemainingCategories/Validate_FacingScreen", ["package":PACKAGENAME]), "Facing"): Actual text and expected text of test object 'Object Repository/ShopOpen/RemainingCategories/Validate_FacingScreen' are matched.

2019-04-23 16:10:47 - [MESSAGE][PASSED] - Actual text and expected text of test object 'Object Repository/ShopOpen/RemainingCategories/Validate_FacingScreen' are matched.

2019-04-23 16:10:47 - [TEST_STEP][PASSED] - com.ct.qa.keywords.ChannelProductsDataKeywords.visitChannelWiseProductsData(CHANNEL_DSA_FACING, "Facing"): com.ct.qa.keywords.ChannelProductsDataKeywords.visitChannelWiseProductsData is PASSED

2019-04-23 16:10:50 - [MESSAGE][PASSED] - Keyboard is hidden

2019-04-23 16:10:53 - [MESSAGE][PASSED] - Keyboard is hidden

2019-04-23 16:10:55 - [MESSAGE][PASSED] - Swiped from 44,359 to 44,250

2019-04-23 16:10:56 - [MESSAGE][PASSED] - com.ct.qa.keywords.ChannelProductsDataKeywords.visitChannelWiseProductsData is PASSED

2019-04-23 16:10:56 - [TEST_STEP][PASSED] - tap(findTestObject("ShopOpen/RemainingCategories/SubmitButton", ["package":PACKAGENAME]), 0): Tapped on element 'Object Repository/ShopOpen/RemainingCategories/SubmitButton'

2019-04-23 16:10:56 - [MESSAGE][WARNING] - Timeout '0' is invalid. Using default page load timeout: '6'

2019-04-23 16:10:56 - [MESSAGE][PASSED] - Tapped on element 'Object Repository/ShopOpen/RemainingCategories/SubmitButton'

2019-04-23 16:10:56 - [TEST_STEP][PASSED] - verifyElementText(findTestObject("ShopOpen/RemainingCategories/Validate_ProductCategoryAssetScreen", ["package":PACKAGENAME]), "Facing"): Actual text and expected text of test object 'Object Repository/ShopOpen/RemainingCategories/Validate_ProductCategoryAssetScreen' are matched.

2019-04-23 16:10:57 - [MESSAGE][PASSED] - Actual text and expected text of test object 'Object Repository/ShopOpen/RemainingCategories/Validate_ProductCategoryAssetScreen' are matched.

2019-04-23 16:10:57 - [TEST_STEP][PASSED] - tap(findTestObject("ShopOpen/RemainingCategories/StockTaking", ["package":PACKAGENAME]), 0): Tapped on element 'Object Repository/ShopOpen/RemainingCategories/StockTaking'

2019-04-23 16:10:57 - [MESSAGE][WARNING] - Timeout '0' is invalid. Using default page load timeout: '6'

2019-04-23 16:10:58 - [MESSAGE][PASSED] - Tapped on element 'Object Repository/ShopOpen/RemainingCategories/StockTaking'

2019-04-23 16:10:58 - [TEST_STEP][PASSED] - verifyElementText(findTestObject("ShopOpen/RemainingCategories/Validate_StockTakingScreen", ["package":PACKAGENAME]), "Stock Taking"): Actual text and expected text of test object 'Object Repository/ShopOpen/RemainingCategories/Validate_StockTakingScreen' are matched.

2019-04-23 16:11:00 - [MESSAGE][PASSED] - Actual text and expected text of test object 'Object Repository/ShopOpen/RemainingCategories/Validate_StockTakingScreen' are matched.

2019-04-23 16:11:00 - [TEST_STEP][PASSED] - com.ct.qa.keywords.ChannelProductsDataKeywords.visitChannelWiseProductsData(CHANNEL_DSA_STOCKTAKING, "Stock Taking"): com.ct.qa.keywords.ChannelProductsDataKeywords.visitChannelWiseProductsData is PASSED

2019-04-23 16:11:03 - [MESSAGE][PASSED] - Keyboard is hidden

2019-04-23 16:11:06 - [MESSAGE][PASSED] - Keyboard is hidden

2019-04-23 16:11:08 - [MESSAGE][PASSED] - Swiped from 44,359 to 44,250

2019-04-23 16:11:08 - [MESSAGE][PASSED] - com.ct.qa.keywords.ChannelProductsDataKeywords.visitChannelWiseProductsData is PASSED

2019-04-23 16:11:08 - [TEST_STEP][PASSED] - tap(findTestObject("ShopOpen/RemainingCategories/SubmitButton", ["package":PACKAGENAME]), 0): Tapped on element 'Object Repository/ShopOpen/RemainingCategories/SubmitButton'

2019-04-23 16:11:08 - [MESSAGE][WARNING] - Timeout '0' is invalid. Using default page load timeout: '6'

2019-04-23 16:11:10 - [MESSAGE][PASSED] - Tapped on element 'Object Repository/ShopOpen/RemainingCategories/SubmitButton'

2019-04-23 16:11:10 - [TEST_STEP][PASSED] - verifyElementText(findTestObject("ShopOpen/RemainingCategories/Validate_ProductCategoryAssetScreen", ["package":PACKAGENAME]), "Facing"): Actual text and expected text of test object 'Object Repository/ShopOpen/RemainingCategories/Validate_ProductCategoryAssetScreen' are matched.

2019-04-23 16:11:11 - [MESSAGE][PASSED] - Actual text and expected text of test object 'Object Repository/ShopOpen/RemainingCategories/Validate_ProductCategoryAssetScreen' are matched.

2019-04-23 16:11:11 - [TEST_STEP][PASSED] - com.ct.qa.keywords.CommonKeywords.visitPlanogramImageViewButton(): com.ct.qa.keywords.CommonKeywords.visitPlanogramImageViewButton is PASSED

2019-04-23 16:11:13 - [MESSAGE][WARNING] - Timeout '0' is invalid. Using default page load timeout: '6'

2019-04-23 16:11:20 - [MESSAGE][WARNING] - Object Object Repository/CommonScreenElements/InfoPopUp_OKButton not found
[[ATTACHMENT|F:\\Git Projects\\MMAPlus_Merchandising\\MMAPlus_Merchandising\\Reports\\MMA Plus Merchandising Data Verification\\20190423_151839\\1556017879875.png]]

2019-04-23 16:11:21 - [MESSAGE][PASSED] - com.ct.qa.keywords.CommonKeywords.visitPlanogramImageViewButton is PASSED

2019-04-23 16:11:21 - [TEST_STEP][PASSED] - verifyElementText(findTestObject("ShopOpen/RemainingCategories/Validate_ProductCategoryAssetScreen", ["package":PACKAGENAME]), "Facing"): Actual text and expected text of test object 'Object Repository/ShopOpen/RemainingCategories/Validate_ProductCategoryAssetScreen' are matched.

2019-04-23 16:11:22 - [MESSAGE][PASSED] - Actual text and expected text of test object 'Object Repository/ShopOpen/RemainingCategories/Validate_ProductCategoryAssetScreen' are matched.

2019-04-23 16:11:22 - [TEST_STEP][PASSED] - com.ct.qa.keywords.CommonKeywords.visitPictureImageViewButton(): com.ct.qa.keywords.CommonKeywords.visitPictureImageViewButton is PASSED

2019-04-23 16:11:23 - [MESSAGE][WARNING] - Timeout '0' is invalid. Using default page load timeout: '6'

2019-04-23 16:11:26 - [MESSAGE][PASSED] - Element 'Object Repository/CommonScreenElements/Validate_CameraScreen' is exist

2019-04-23 16:11:26 - [MESSAGE][WARNING] - Timeout '0' is invalid. Using default page load timeout: '6'

2019-04-23 16:11:29 - [MESSAGE][PASSED] - Tapped on element 'Object Repository/CommonScreenElements/Camera_TakePictureButton'

2019-04-23 16:11:34 - [MESSAGE][PASSED] - Delayed 5 second(s)

2019-04-23 16:11:34 - [MESSAGE][WARNING] - Timeout '0' is invalid. Using default page load timeout: '6'

2019-04-23 16:11:35 - [MESSAGE][PASSED] - Tapped on element 'Object Repository/CommonScreenElements/Camera_DoneButton'

2019-04-23 16:11:35 - [MESSAGE][PASSED] - com.ct.qa.keywords.CommonKeywords.visitPictureImageViewButton is PASSED

2019-04-23 16:11:35 - [TEST_STEP][PASSED] - verifyElementText(findTestObject("ShopOpen/RemainingCategories/Validate_ProductCategoryAssetScreen", ["package":PACKAGENAME]), "Facing"): Actual text and expected text of test object 'Object Repository/ShopOpen/RemainingCategories/Validate_ProductCategoryAssetScreen' are matched.

2019-04-23 16:11:35 - [MESSAGE][PASSED] - Actual text and expected text of test object 'Object Repository/ShopOpen/RemainingCategories/Validate_ProductCategoryAssetScreen' are matched.

2019-04-23 16:11:35 - [TEST_STEP][PASSED] - com.ct.qa.keywords.CommonKeywords.visitBackImageViewButton(): com.ct.qa.keywords.CommonKeywords.visitBackImageViewButton is PASSED

2019-04-23 16:11:37 - [MESSAGE][PASSED] - com.ct.qa.keywords.CommonKeywords.visitBackImageViewButton is PASSED

2019-04-23 16:11:37 - [TEST_STEP][PASSED] - verifyElementExist(findTestObject("ShopOpen/Validate_ShopCategoriesListScreen", ["package":PACKAGENAME]), 0): Element 'Object Repository/ShopOpen/Validate_ShopCategoriesListScreen' is exist

2019-04-23 16:11:37 - [MESSAGE][WARNING] - Timeout '0' is invalid. Using default page load timeout: '6'

2019-04-23 16:11:38 - [MESSAGE][PASSED] - Element 'Object Repository/ShopOpen/Validate_ShopCategoriesListScreen' is exist

2019-04-23 16:11:38 - [MESSAGE][PASSED] - Call Test Case 'Test Cases/ShopOpen/RemainingCategories/VisitRemainingCategoriesWithDSA' successfully

2019-04-23 16:11:39 - [MESSAGE][WARNING] - Timeout '0' is invalid. Using default page load timeout: '6'

2019-04-23 16:11:46 - [MESSAGE][WARNING] - Element 'Object Repository/CommonScreenElements/Validate_CameraScreen' not found
[[ATTACHMENT|F:\\Git Projects\\MMAPlus_Merchandising\\MMAPlus_Merchandising\\Reports\\MMA Plus Merchandising Data Verification\\20190423_151839\\1556017905437.png]]

2019-04-23 16:11:46 - [MESSAGE][PASSED] - Actual text and expected text of test object 'Object Repository/ShopOpen/RemainingCategories/Validate_MainCategoryDetailScreen' are matched.

2019-04-23 16:11:48 - [TEST_CASE][PASSED] - Test Cases/ShopOpen/RemainingCategories/VisitRemainingCategoriesWithDSA: Test Cases/ShopOpen/RemainingCategories/VisitRemainingCategoriesWithDSA

2019-04-23 16:11:48 - [TEST_STEP][PASSED] - verifyElementText(findTestObject("ShopOpen/RemainingCategories/Validate_ProductCategoryAssetScreen", ["package":PACKAGENAME]), "Facing"): Actual text and expected text of test object 'Object Repository/ShopOpen/RemainingCategories/Validate_ProductCategoryAssetScreen' are matched.

2019-04-23 16:11:49 - [MESSAGE][PASSED] - Actual text and expected text of test object 'Object Repository/ShopOpen/RemainingCategories/Validate_ProductCategoryAssetScreen' are matched.

2019-04-23 16:11:49 - [TEST_STEP][PASSED] - tap(findTestObject("ShopOpen/RemainingCategories/Facing", ["package":PACKAGENAME]), 0): Tapped on element 'Object Repository/ShopOpen/RemainingCategories/Facing'

2019-04-23 16:11:49 - [MESSAGE][WARNING] - Timeout '0' is invalid. Using default page load timeout: '6'

2019-04-23 16:11:49 - [MESSAGE][PASSED] - Tapped on element 'Object Repository/ShopOpen/RemainingCategories/Facing'

2019-04-23 16:11:49 - [TEST_STEP][PASSED] - verifyElementText(findTestObject("ShopOpen/RemainingCategories/Validate_FacingScreen", ["package":PACKAGENAME]), "Facing"): Actual text and expected text of test object 'Object Repository/ShopOpen/RemainingCategories/Validate_FacingScreen' are matched.

2019-04-23 16:11:51 - [MESSAGE][PASSED] - Actual text and expected text of test object 'Object Repository/ShopOpen/RemainingCategories/Validate_FacingScreen' are matched.

2019-04-23 16:11:51 - [TEST_STEP][PASSED] - com.ct.qa.keywords.ChannelProductsDataKeywords.visitChannelWiseProductsData(CHANNEL_DSA_FACING, "Facing"): com.ct.qa.keywords.ChannelProductsDataKeywords.visitChannelWiseProductsData is PASSED

2019-04-23 16:11:55 - [MESSAGE][PASSED] - Keyboard is hidden

2019-04-23 16:11:58 - [MESSAGE][PASSED] - Keyboard is hidden

2019-04-23 16:12:01 - [MESSAGE][PASSED] - Keyboard is hidden

2019-04-23 16:12:04 - [MESSAGE][PASSED] - Keyboard is hidden

2019-04-23 16:12:07 - [MESSAGE][PASSED] - Keyboard is hidden

2019-04-23 16:12:10 - [MESSAGE][PASSED] - Keyboard is hidden

2019-04-23 16:12:13 - [MESSAGE][PASSED] - Swiped from 25,359 to 25,250

2019-04-23 16:12:14 - [MESSAGE][PASSED] - com.ct.qa.keywords.ChannelProductsDataKeywords.visitChannelWiseProductsData is PASSED

2019-04-23 16:12:14 - [TEST_STEP][PASSED] - tap(findTestObject("ShopOpen/RemainingCategories/SubmitButton", ["package":PACKAGENAME]), 0): Tapped on element 'Object Repository/ShopOpen/RemainingCategories/SubmitButton'

2019-04-23 16:12:14 - [MESSAGE][WARNING] - Timeout '0' is invalid. Using default page load timeout: '6'

2019-04-23 16:12:14 - [MESSAGE][PASSED] - Tapped on element 'Object Repository/ShopOpen/RemainingCategories/SubmitButton'

2019-04-23 16:12:14 - [TEST_STEP][PASSED] - verifyElementText(findTestObject("ShopOpen/RemainingCategories/Validate_ProductCategoryAssetScreen", ["package":PACKAGENAME]), "Facing"): Actual text and expected text of test object 'Object Repository/ShopOpen/RemainingCategories/Validate_ProductCategoryAssetScreen' are matched.

2019-04-23 16:12:15 - [MESSAGE][PASSED] - Actual text and expected text of test object 'Object Repository/ShopOpen/RemainingCategories/Validate_ProductCategoryAssetScreen' are matched.

2019-04-23 16:12:15 - [TEST_STEP][PASSED] - tap(findTestObject("ShopOpen/RemainingCategories/StockTaking", ["package":PACKAGENAME]), 0): Tapped on element 'Object Repository/ShopOpen/RemainingCategories/StockTaking'

2019-04-23 16:12:15 - [MESSAGE][WARNING] - Timeout '0' is invalid. Using default page load timeout: '6'

2019-04-23 16:12:17 - [MESSAGE][PASSED] - Tapped on element 'Object Repository/ShopOpen/RemainingCategories/StockTaking'

2019-04-23 16:12:17 - [TEST_STEP][PASSED] - verifyElementText(findTestObject("ShopOpen/RemainingCategories/Validate_StockTakingScreen", ["package":PACKAGENAME]), "Stock Taking"): Actual text and expected text of test object 'Object Repository/ShopOpen/RemainingCategories/Validate_StockTakingScreen' are matched.

2019-04-23 16:12:18 - [MESSAGE][PASSED] - Actual text and expected text of test object 'Object Repository/ShopOpen/RemainingCategories/Validate_StockTakingScreen' are matched.

2019-04-23 16:12:18 - [TEST_STEP][PASSED] - com.ct.qa.keywords.ChannelProductsDataKeywords.visitChannelWiseProductsData(CHANNEL_DSA_STOCKTAKING, "Stock Taking"): com.ct.qa.keywords.ChannelProductsDataKeywords.visitChannelWiseProductsData is PASSED

2019-04-23 16:12:22 - [MESSAGE][PASSED] - Keyboard is hidden

2019-04-23 16:12:25 - [MESSAGE][PASSED] - Keyboard is hidden

2019-04-23 16:12:28 - [MESSAGE][PASSED] - Keyboard is hidden

2019-04-23 16:12:31 - [MESSAGE][PASSED] - Keyboard is hidden

2019-04-23 16:12:34 - [MESSAGE][PASSED] - Keyboard is hidden

2019-04-23 16:12:37 - [MESSAGE][PASSED] - Keyboard is hidden

2019-04-23 16:12:39 - [MESSAGE][PASSED] - Swiped from 25,359 to 25,250

2019-04-23 16:12:40 - [MESSAGE][PASSED] - com.ct.qa.keywords.ChannelProductsDataKeywords.visitChannelWiseProductsData is PASSED

2019-04-23 16:12:40 - [TEST_STEP][PASSED] - tap(findTestObject("ShopOpen/RemainingCategories/SubmitButton", ["package":PACKAGENAME]), 0): Tapped on element 'Object Repository/ShopOpen/RemainingCategories/SubmitButton'

2019-04-23 16:12:40 - [MESSAGE][WARNING] - Timeout '0' is invalid. Using default page load timeout: '6'

2019-04-23 16:12:41 - [MESSAGE][PASSED] - Tapped on element 'Object Repository/ShopOpen/RemainingCategories/SubmitButton'

2019-04-23 16:12:41 - [TEST_STEP][PASSED] - verifyElementText(findTestObject("ShopOpen/RemainingCategories/Validate_ProductCategoryAssetScreen", ["package":PACKAGENAME]), "Facing"): Actual text and expected text of test object 'Object Repository/ShopOpen/RemainingCategories/Validate_ProductCategoryAssetScreen' are matched.

2019-04-23 16:12:42 - [MESSAGE][PASSED] - Actual text and expected text of test object 'Object Repository/ShopOpen/RemainingCategories/Validate_ProductCategoryAssetScreen' are matched.

2019-04-23 16:12:42 - [TEST_STEP][PASSED] - com.ct.qa.keywords.CommonKeywords.visitPlanogramImageViewButton(): com.ct.qa.keywords.CommonKeywords.visitPlanogramImageViewButton is PASSED

2019-04-23 16:12:44 - [MESSAGE][WARNING] - Timeout '0' is invalid. Using default page load timeout: '6'

2019-04-23 16:12:51 - [MESSAGE][WARNING] - Object Object Repository/CommonScreenElements/InfoPopUp_OKButton not found
[[ATTACHMENT|F:\\Git Projects\\MMAPlus_Merchandising\\MMAPlus_Merchandising\\Reports\\MMA Plus Merchandising Data Verification\\20190423_151839\\1556017970820.png]]

2019-04-23 16:12:52 - [MESSAGE][PASSED] - com.ct.qa.keywords.CommonKeywords.visitPlanogramImageViewButton is PASSED

2019-04-23 16:12:52 - [TEST_STEP][PASSED] - verifyElementText(findTestObject("ShopOpen/RemainingCategories/Validate_ProductCategoryAssetScreen", ["package":PACKAGENAME]), "Facing"): Actual text and expected text of test object 'Object Repository/ShopOpen/RemainingCategories/Validate_ProductCategoryAssetScreen' are matched.

2019-04-23 16:12:53 - [MESSAGE][PASSED] - Actual text and expected text of test object 'Object Repository/ShopOpen/RemainingCategories/Validate_ProductCategoryAssetScreen' are matched.

2019-04-23 16:12:53 - [TEST_STEP][PASSED] - com.ct.qa.keywords.CommonKeywords.visitPictureImageViewButton(): com.ct.qa.keywords.CommonKeywords.visitPictureImageViewButton is PASSED

2019-04-23 16:12:54 - [MESSAGE][WARNING] - Timeout '0' is invalid. Using default page load timeout: '6'

2019-04-23 16:12:56 - [MESSAGE][PASSED] - Element 'Object Repository/CommonScreenElements/Validate_CameraScreen' is exist

2019-04-23 16:12:56 - [MESSAGE][WARNING] - Timeout '0' is invalid. Using default page load timeout: '6'

2019-04-23 16:13:00 - [MESSAGE][PASSED] - Tapped on element 'Object Repository/CommonScreenElements/Camera_TakePictureButton'

2019-04-23 16:13:05 - [MESSAGE][PASSED] - Delayed 5 second(s)

2019-04-23 16:13:05 - [MESSAGE][WARNING] - Timeout '0' is invalid. Using default page load timeout: '6'

2019-04-23 16:13:06 - [MESSAGE][PASSED] - Tapped on element 'Object Repository/CommonScreenElements/Camera_DoneButton'

2019-04-23 16:13:06 - [MESSAGE][PASSED] - com.ct.qa.keywords.CommonKeywords.visitPictureImageViewButton is PASSED

2019-04-23 16:13:06 - [TEST_STEP][PASSED] - verifyElementText(findTestObject("ShopOpen/RemainingCategories/Validate_ProductCategoryAssetScreen", ["package":PACKAGENAME]), "Facing"): Actual text and expected text of test object 'Object Repository/ShopOpen/RemainingCategories/Validate_ProductCategoryAssetScreen' are matched.

2019-04-23 16:13:06 - [MESSAGE][PASSED] - Actual text and expected text of test object 'Object Repository/ShopOpen/RemainingCategories/Validate_ProductCategoryAssetScreen' are matched.

2019-04-23 16:13:06 - [TEST_STEP][PASSED] - com.ct.qa.keywords.CommonKeywords.visitBackImageViewButton(): com.ct.qa.keywords.CommonKeywords.visitBackImageViewButton is PASSED

2019-04-23 16:13:08 - [MESSAGE][PASSED] - com.ct.qa.keywords.CommonKeywords.visitBackImageViewButton is PASSED

2019-04-23 16:13:08 - [TEST_STEP][PASSED] - verifyElementExist(findTestObject("ShopOpen/Validate_ShopCategoriesListScreen", ["package":PACKAGENAME]), 0): Element 'Object Repository/ShopOpen/Validate_ShopCategoriesListScreen' is exist

2019-04-23 16:13:08 - [MESSAGE][WARNING] - Timeout '0' is invalid. Using default page load timeout: '6'

2019-04-23 16:13:10 - [MESSAGE][PASSED] - Element 'Object Repository/ShopOpen/Validate_ShopCategoriesListScreen' is exist

2019-04-23 16:13:10 - [MESSAGE][PASSED] - Call Test Case 'Test Cases/ShopOpen/RemainingCategories/VisitRemainingCategoriesWithDSA' successfully

2019-04-23 16:13:11 - [MESSAGE][WARNING] - Timeout '0' is invalid. Using default page load timeout: '6'

2019-04-23 16:13:19 - [MESSAGE][WARNING] - Element 'Object Repository/CommonScreenElements/Validate_CameraScreen' not found
[[ATTACHMENT|F:\\Git Projects\\MMAPlus_Merchandising\\MMAPlus_Merchandising\\Reports\\MMA Plus Merchandising Data Verification\\20190423_151839\\1556017998716.png]]

2019-04-23 16:13:19 - [MESSAGE][PASSED] - Actual text and expected text of test object 'Object Repository/ShopOpen/RemainingCategories/Validate_MainCategoryDetailScreen' are matched.

2019-04-23 16:13:21 - [TEST_CASE][PASSED] - Test Cases/ShopOpen/RemainingCategories/VisitRemainingCategoriesWithDSA: Test Cases/ShopOpen/RemainingCategories/VisitRemainingCategoriesWithDSA

2019-04-23 16:13:21 - [TEST_STEP][PASSED] - verifyElementText(findTestObject("ShopOpen/RemainingCategories/Validate_ProductCategoryAssetScreen", ["package":PACKAGENAME]), "Facing"): Actual text and expected text of test object 'Object Repository/ShopOpen/RemainingCategories/Validate_ProductCategoryAssetScreen' are matched.

2019-04-23 16:13:23 - [MESSAGE][PASSED] - Actual text and expected text of test object 'Object Repository/ShopOpen/RemainingCategories/Validate_ProductCategoryAssetScreen' are matched.

2019-04-23 16:13:23 - [TEST_STEP][PASSED] - tap(findTestObject("ShopOpen/RemainingCategories/Facing", ["package":PACKAGENAME]), 0): Tapped on element 'Object Repository/ShopOpen/RemainingCategories/Facing'

2019-04-23 16:13:23 - [MESSAGE][WARNING] - Timeout '0' is invalid. Using default page load timeout: '6'

2019-04-23 16:13:23 - [MESSAGE][PASSED] - Tapped on element 'Object Repository/ShopOpen/RemainingCategories/Facing'

2019-04-23 16:13:23 - [TEST_STEP][PASSED] - verifyElementText(findTestObject("ShopOpen/RemainingCategories/Validate_FacingScreen", ["package":PACKAGENAME]), "Facing"): Actual text and expected text of test object 'Object Repository/ShopOpen/RemainingCategories/Validate_FacingScreen' are matched.

2019-04-23 16:13:25 - [MESSAGE][PASSED] - Actual text and expected text of test object 'Object Repository/ShopOpen/RemainingCategories/Validate_FacingScreen' are matched.

2019-04-23 16:13:25 - [TEST_STEP][PASSED] - com.ct.qa.keywords.ChannelProductsDataKeywords.visitChannelWiseProductsData(CHANNEL_DSA_FACING, "Facing"): com.ct.qa.keywords.ChannelProductsDataKeywords.visitChannelWiseProductsData is PASSED

2019-04-23 16:13:29 - [MESSAGE][PASSED] - Keyboard is hidden

2019-04-23 16:13:32 - [MESSAGE][PASSED] - Keyboard is hidden

2019-04-23 16:13:35 - [MESSAGE][PASSED] - Keyboard is hidden

2019-04-23 16:13:38 - [MESSAGE][PASSED] - Keyboard is hidden

2019-04-23 16:13:40 - [MESSAGE][PASSED] - Swiped from 117,359 to 117,250

2019-04-23 16:13:40 - [MESSAGE][PASSED] - com.ct.qa.keywords.ChannelProductsDataKeywords.visitChannelWiseProductsData is PASSED

2019-04-23 16:13:40 - [TEST_STEP][PASSED] - tap(findTestObject("ShopOpen/RemainingCategories/SubmitButton", ["package":PACKAGENAME]), 0): Tapped on element 'Object Repository/ShopOpen/RemainingCategories/SubmitButton'

2019-04-23 16:13:40 - [MESSAGE][WARNING] - Timeout '0' is invalid. Using default page load timeout: '6'

2019-04-23 16:13:42 - [MESSAGE][PASSED] - Tapped on element 'Object Repository/ShopOpen/RemainingCategories/SubmitButton'

2019-04-23 16:13:42 - [TEST_STEP][PASSED] - verifyElementText(findTestObject("ShopOpen/RemainingCategories/Validate_ProductCategoryAssetScreen", ["package":PACKAGENAME]), "Facing"): Actual text and expected text of test object 'Object Repository/ShopOpen/RemainingCategories/Validate_ProductCategoryAssetScreen' are matched.

2019-04-23 16:13:42 - [MESSAGE][PASSED] - Actual text and expected text of test object 'Object Repository/ShopOpen/RemainingCategories/Validate_ProductCategoryAssetScreen' are matched.

2019-04-23 16:13:42 - [TEST_STEP][PASSED] - tap(findTestObject("ShopOpen/RemainingCategories/StockTaking", ["package":PACKAGENAME]), 0): Tapped on element 'Object Repository/ShopOpen/RemainingCategories/StockTaking'

2019-04-23 16:13:42 - [MESSAGE][WARNING] - Timeout '0' is invalid. Using default page load timeout: '6'

2019-04-23 16:13:43 - [MESSAGE][PASSED] - Tapped on element 'Object Repository/ShopOpen/RemainingCategories/StockTaking'

2019-04-23 16:13:43 - [TEST_STEP][PASSED] - verifyElementText(findTestObject("ShopOpen/RemainingCategories/Validate_StockTakingScreen", ["package":PACKAGENAME]), "Stock Taking"): Actual text and expected text of test object 'Object Repository/ShopOpen/RemainingCategories/Validate_StockTakingScreen' are matched.

2019-04-23 16:13:45 - [MESSAGE][PASSED] - Actual text and expected text of test object 'Object Repository/ShopOpen/RemainingCategories/Validate_StockTakingScreen' are matched.

2019-04-23 16:13:45 - [TEST_STEP][PASSED] - com.ct.qa.keywords.ChannelProductsDataKeywords.visitChannelWiseProductsData(CHANNEL_DSA_STOCKTAKING, "Stock Taking"): com.ct.qa.keywords.ChannelProductsDataKeywords.visitChannelWiseProductsData is PASSED

2019-04-23 16:13:48 - [MESSAGE][PASSED] - Keyboard is hidden

2019-04-23 16:13:51 - [MESSAGE][PASSED] - Keyboard is hidden

2019-04-23 16:13:54 - [MESSAGE][PASSED] - Keyboard is hidden

2019-04-23 16:13:57 - [MESSAGE][PASSED] - Keyboard is hidden

2019-04-23 16:14:00 - [MESSAGE][PASSED] - Swiped from 117,359 to 117,250

2019-04-23 16:14:01 - [MESSAGE][PASSED] - com.ct.qa.keywords.ChannelProductsDataKeywords.visitChannelWiseProductsData is PASSED

2019-04-23 16:14:01 - [TEST_STEP][PASSED] - tap(findTestObject("ShopOpen/RemainingCategories/SubmitButton", ["package":PACKAGENAME]), 0): Tapped on element 'Object Repository/ShopOpen/RemainingCategories/SubmitButton'

2019-04-23 16:14:01 - [MESSAGE][WARNING] - Timeout '0' is invalid. Using default page load timeout: '6'

2019-04-23 16:14:01 - [MESSAGE][PASSED] - Tapped on element 'Object Repository/ShopOpen/RemainingCategories/SubmitButton'

2019-04-23 16:14:01 - [TEST_STEP][PASSED] - verifyElementText(findTestObject("ShopOpen/RemainingCategories/Validate_ProductCategoryAssetScreen", ["package":PACKAGENAME]), "Facing"): Actual text and expected text of test object 'Object Repository/ShopOpen/RemainingCategories/Validate_ProductCategoryAssetScreen' are matched.

2019-04-23 16:14:02 - [MESSAGE][PASSED] - Actual text and expected text of test object 'Object Repository/ShopOpen/RemainingCategories/Validate_ProductCategoryAssetScreen' are matched.

2019-04-23 16:14:02 - [TEST_STEP][PASSED] - com.ct.qa.keywords.CommonKeywords.visitPlanogramImageViewButton(): com.ct.qa.keywords.CommonKeywords.visitPlanogramImageViewButton is PASSED

2019-04-23 16:14:04 - [MESSAGE][WARNING] - Timeout '0' is invalid. Using default page load timeout: '6'

2019-04-23 16:14:12 - [MESSAGE][WARNING] - Object Object Repository/CommonScreenElements/InfoPopUp_OKButton not found
[[ATTACHMENT|F:\\Git Projects\\MMAPlus_Merchandising\\MMAPlus_Merchandising\\Reports\\MMA Plus Merchandising Data Verification\\20190423_151839\\1556018050944.png]]

2019-04-23 16:14:12 - [MESSAGE][PASSED] - com.ct.qa.keywords.CommonKeywords.visitPlanogramImageViewButton is PASSED

2019-04-23 16:14:12 - [TEST_STEP][PASSED] - verifyElementText(findTestObject("ShopOpen/RemainingCategories/Validate_ProductCategoryAssetScreen", ["package":PACKAGENAME]), "Facing"): Actual text and expected text of test object 'Object Repository/ShopOpen/RemainingCategories/Validate_ProductCategoryAssetScreen' are matched.

2019-04-23 16:14:13 - [MESSAGE][PASSED] - Actual text and expected text of test object 'Object Repository/ShopOpen/RemainingCategories/Validate_ProductCategoryAssetScreen' are matched.

2019-04-23 16:14:13 - [TEST_STEP][PASSED] - com.ct.qa.keywords.CommonKeywords.visitPictureImageViewButton(): com.ct.qa.keywords.CommonKeywords.visitPictureImageViewButton is PASSED

2019-04-23 16:14:14 - [MESSAGE][WARNING] - Timeout '0' is invalid. Using default page load timeout: '6'

2019-04-23 16:14:16 - [MESSAGE][PASSED] - Element 'Object Repository/CommonScreenElements/Validate_CameraScreen' is exist

2019-04-23 16:14:16 - [MESSAGE][WARNING] - Timeout '0' is invalid. Using default page load timeout: '6'

2019-04-23 16:14:20 - [MESSAGE][PASSED] - Tapped on element 'Object Repository/CommonScreenElements/Camera_TakePictureButton'

2019-04-23 16:14:25 - [MESSAGE][PASSED] - Delayed 5 second(s)

2019-04-23 16:14:25 - [MESSAGE][WARNING] - Timeout '0' is invalid. Using default page load timeout: '6'

2019-04-23 16:14:25 - [MESSAGE][PASSED] - Tapped on element 'Object Repository/CommonScreenElements/Camera_DoneButton'

2019-04-23 16:14:25 - [MESSAGE][PASSED] - com.ct.qa.keywords.CommonKeywords.visitPictureImageViewButton is PASSED

2019-04-23 16:14:25 - [TEST_STEP][PASSED] - verifyElementText(findTestObject("ShopOpen/RemainingCategories/Validate_ProductCategoryAssetScreen", ["package":PACKAGENAME]), "Facing"): Actual text and expected text of test object 'Object Repository/ShopOpen/RemainingCategories/Validate_ProductCategoryAssetScreen' are matched.

2019-04-23 16:14:26 - [MESSAGE][PASSED] - Actual text and expected text of test object 'Object Repository/ShopOpen/RemainingCategories/Validate_ProductCategoryAssetScreen' are matched.

2019-04-23 16:14:26 - [TEST_STEP][PASSED] - com.ct.qa.keywords.CommonKeywords.visitBackImageViewButton(): com.ct.qa.keywords.CommonKeywords.visitBackImageViewButton is PASSED

2019-04-23 16:14:27 - [MESSAGE][PASSED] - com.ct.qa.keywords.CommonKeywords.visitBackImageViewButton is PASSED

2019-04-23 16:14:27 - [TEST_STEP][PASSED] - verifyElementExist(findTestObject("ShopOpen/Validate_ShopCategoriesListScreen", ["package":PACKAGENAME]), 0): Element 'Object Repository/ShopOpen/Validate_ShopCategoriesListScreen' is exist

2019-04-23 16:14:27 - [MESSAGE][WARNING] - Timeout '0' is invalid. Using default page load timeout: '6'

2019-04-23 16:14:30 - [MESSAGE][PASSED] - Element 'Object Repository/ShopOpen/Validate_ShopCategoriesListScreen' is exist

2019-04-23 16:14:30 - [MESSAGE][PASSED] - Call Test Case 'Test Cases/ShopOpen/RemainingCategories/VisitRemainingCategoriesWithDSA' successfully

2019-04-23 16:14:31 - [MESSAGE][WARNING] - Timeout '0' is invalid. Using default page load timeout: '6'

2019-04-23 16:14:39 - [MESSAGE][WARNING] - Element 'Object Repository/CommonScreenElements/Validate_CameraScreen' not found
[[ATTACHMENT|F:\\Git Projects\\MMAPlus_Merchandising\\MMAPlus_Merchandising\\Reports\\MMA Plus Merchandising Data Verification\\20190423_151839\\1556018078494.png]]

2019-04-23 16:14:39 - [MESSAGE][PASSED] - Actual text and expected text of test object 'Object Repository/ShopOpen/RemainingCategories/Validate_MainCategoryDetailScreen' are matched.

2019-04-23 16:14:41 - [TEST_CASE][PASSED] - Test Cases/ShopOpen/RemainingCategories/VisitRemainingCategoriesWithDSA: Test Cases/ShopOpen/RemainingCategories/VisitRemainingCategoriesWithDSA

2019-04-23 16:14:41 - [TEST_STEP][PASSED] - verifyElementText(findTestObject("ShopOpen/RemainingCategories/Validate_ProductCategoryAssetScreen", ["package":PACKAGENAME]), "Facing"): Actual text and expected text of test object 'Object Repository/ShopOpen/RemainingCategories/Validate_ProductCategoryAssetScreen' are matched.

2019-04-23 16:14:43 - [MESSAGE][PASSED] - Actual text and expected text of test object 'Object Repository/ShopOpen/RemainingCategories/Validate_ProductCategoryAssetScreen' are matched.

2019-04-23 16:14:43 - [TEST_STEP][PASSED] - tap(findTestObject("ShopOpen/RemainingCategories/Facing", ["package":PACKAGENAME]), 0): Tapped on element 'Object Repository/ShopOpen/RemainingCategories/Facing'

2019-04-23 16:14:43 - [MESSAGE][WARNING] - Timeout '0' is invalid. Using default page load timeout: '6'

2019-04-23 16:14:44 - [MESSAGE][PASSED] - Tapped on element 'Object Repository/ShopOpen/RemainingCategories/Facing'

2019-04-23 16:14:44 - [TEST_STEP][PASSED] - verifyElementText(findTestObject("ShopOpen/RemainingCategories/Validate_FacingScreen", ["package":PACKAGENAME]), "Facing"): Actual text and expected text of test object 'Object Repository/ShopOpen/RemainingCategories/Validate_FacingScreen' are matched.

2019-04-23 16:14:45 - [MESSAGE][PASSED] - Actual text and expected text of test object 'Object Repository/ShopOpen/RemainingCategories/Validate_FacingScreen' are matched.

2019-04-23 16:14:45 - [TEST_STEP][PASSED] - com.ct.qa.keywords.ChannelProductsDataKeywords.visitChannelWiseProductsData(CHANNEL_DSA_FACING, "Facing"): com.ct.qa.keywords.ChannelProductsDataKeywords.visitChannelWiseProductsData is PASSED

2019-04-23 16:14:48 - [MESSAGE][PASSED] - Keyboard is hidden

2019-04-23 16:14:51 - [MESSAGE][PASSED] - Keyboard is hidden

2019-04-23 16:14:53 - [MESSAGE][PASSED] - Swiped from 113,359 to 113,250

2019-04-23 16:14:53 - [MESSAGE][PASSED] - com.ct.qa.keywords.ChannelProductsDataKeywords.visitChannelWiseProductsData is PASSED

2019-04-23 16:14:53 - [TEST_STEP][PASSED] - tap(findTestObject("ShopOpen/RemainingCategories/SubmitButton", ["package":PACKAGENAME]), 0): Tapped on element 'Object Repository/ShopOpen/RemainingCategories/SubmitButton'

2019-04-23 16:14:53 - [MESSAGE][WARNING] - Timeout '0' is invalid. Using default page load timeout: '6'

2019-04-23 16:14:54 - [MESSAGE][PASSED] - Tapped on element 'Object Repository/ShopOpen/RemainingCategories/SubmitButton'

2019-04-23 16:14:54 - [TEST_STEP][PASSED] - verifyElementText(findTestObject("ShopOpen/RemainingCategories/Validate_ProductCategoryAssetScreen", ["package":PACKAGENAME]), "Facing"): Actual text and expected text of test object 'Object Repository/ShopOpen/RemainingCategories/Validate_ProductCategoryAssetScreen' are matched.

2019-04-23 16:14:55 - [MESSAGE][PASSED] - Actual text and expected text of test object 'Object Repository/ShopOpen/RemainingCategories/Validate_ProductCategoryAssetScreen' are matched.

2019-04-23 16:14:55 - [TEST_STEP][PASSED] - tap(findTestObject("ShopOpen/RemainingCategories/StockTaking", ["package":PACKAGENAME]), 0): Tapped on element 'Object Repository/ShopOpen/RemainingCategories/StockTaking'

2019-04-23 16:14:55 - [MESSAGE][WARNING] - Timeout '0' is invalid. Using default page load timeout: '6'

2019-04-23 16:14:55 - [MESSAGE][PASSED] - Tapped on element 'Object Repository/ShopOpen/RemainingCategories/StockTaking'

2019-04-23 16:14:55 - [TEST_STEP][PASSED] - verifyElementText(findTestObject("ShopOpen/RemainingCategories/Validate_StockTakingScreen", ["package":PACKAGENAME]), "Stock Taking"): Actual text and expected text of test object 'Object Repository/ShopOpen/RemainingCategories/Validate_StockTakingScreen' are matched.

2019-04-23 16:14:57 - [MESSAGE][PASSED] - Actual text and expected text of test object 'Object Repository/ShopOpen/RemainingCategories/Validate_StockTakingScreen' are matched.

2019-04-23 16:14:57 - [TEST_STEP][PASSED] - com.ct.qa.keywords.ChannelProductsDataKeywords.visitChannelWiseProductsData(CHANNEL_DSA_STOCKTAKING, "Stock Taking"): com.ct.qa.keywords.ChannelProductsDataKeywords.visitChannelWiseProductsData is PASSED

2019-04-23 16:15:00 - [MESSAGE][PASSED] - Keyboard is hidden

2019-04-23 16:15:03 - [MESSAGE][PASSED] - Keyboard is hidden

2019-04-23 16:15:05 - [MESSAGE][PASSED] - Swiped from 113,359 to 113,250

2019-04-23 16:15:05 - [MESSAGE][PASSED] - com.ct.qa.keywords.ChannelProductsDataKeywords.visitChannelWiseProductsData is PASSED

2019-04-23 16:15:05 - [TEST_STEP][PASSED] - tap(findTestObject("ShopOpen/RemainingCategories/SubmitButton", ["package":PACKAGENAME]), 0): Tapped on element 'Object Repository/ShopOpen/RemainingCategories/SubmitButton'

2019-04-23 16:15:05 - [MESSAGE][WARNING] - Timeout '0' is invalid. Using default page load timeout: '6'

2019-04-23 16:15:06 - [MESSAGE][PASSED] - Tapped on element 'Object Repository/ShopOpen/RemainingCategories/SubmitButton'

2019-04-23 16:15:06 - [TEST_STEP][PASSED] - verifyElementText(findTestObject("ShopOpen/RemainingCategories/Validate_ProductCategoryAssetScreen", ["package":PACKAGENAME]), "Facing"): Actual text and expected text of test object 'Object Repository/ShopOpen/RemainingCategories/Validate_ProductCategoryAssetScreen' are matched.

2019-04-23 16:15:07 - [MESSAGE][PASSED] - Actual text and expected text of test object 'Object Repository/ShopOpen/RemainingCategories/Validate_ProductCategoryAssetScreen' are matched.

2019-04-23 16:15:07 - [TEST_STEP][PASSED] - com.ct.qa.keywords.CommonKeywords.visitPlanogramImageViewButton(): com.ct.qa.keywords.CommonKeywords.visitPlanogramImageViewButton is PASSED

2019-04-23 16:15:09 - [MESSAGE][WARNING] - Timeout '0' is invalid. Using default page load timeout: '6'

2019-04-23 16:15:16 - [MESSAGE][WARNING] - Object Object Repository/CommonScreenElements/InfoPopUp_OKButton not found
[[ATTACHMENT|F:\\Git Projects\\MMAPlus_Merchandising\\MMAPlus_Merchandising\\Reports\\MMA Plus Merchandising Data Verification\\20190423_151839\\1556018115874.png]]

2019-04-23 16:15:17 - [MESSAGE][PASSED] - com.ct.qa.keywords.CommonKeywords.visitPlanogramImageViewButton is PASSED

2019-04-23 16:15:17 - [TEST_STEP][PASSED] - verifyElementText(findTestObject("ShopOpen/RemainingCategories/Validate_ProductCategoryAssetScreen", ["package":PACKAGENAME]), "Facing"): Actual text and expected text of test object 'Object Repository/ShopOpen/RemainingCategories/Validate_ProductCategoryAssetScreen' are matched.

2019-04-23 16:15:18 - [MESSAGE][PASSED] - Actual text and expected text of test object 'Object Repository/ShopOpen/RemainingCategories/Validate_ProductCategoryAssetScreen' are matched.

2019-04-23 16:15:18 - [TEST_STEP][PASSED] - com.ct.qa.keywords.CommonKeywords.visitPictureImageViewButton(): com.ct.qa.keywords.CommonKeywords.visitPictureImageViewButton is PASSED

2019-04-23 16:15:20 - [MESSAGE][WARNING] - Timeout '0' is invalid. Using default page load timeout: '6'

2019-04-23 16:15:22 - [MESSAGE][PASSED] - Element 'Object Repository/CommonScreenElements/Validate_CameraScreen' is exist

2019-04-23 16:15:22 - [MESSAGE][WARNING] - Timeout '0' is invalid. Using default page load timeout: '6'

2019-04-23 16:15:25 - [MESSAGE][PASSED] - Tapped on element 'Object Repository/CommonScreenElements/Camera_TakePictureButton'

2019-04-23 16:15:30 - [MESSAGE][PASSED] - Delayed 5 second(s)

2019-04-23 16:15:30 - [MESSAGE][WARNING] - Timeout '0' is invalid. Using default page load timeout: '6'

2019-04-23 16:15:31 - [MESSAGE][PASSED] - Tapped on element 'Object Repository/CommonScreenElements/Camera_DoneButton'

2019-04-23 16:15:31 - [MESSAGE][PASSED] - com.ct.qa.keywords.CommonKeywords.visitPictureImageViewButton is PASSED

2019-04-23 16:15:31 - [TEST_STEP][PASSED] - verifyElementText(findTestObject("ShopOpen/RemainingCategories/Validate_ProductCategoryAssetScreen", ["package":PACKAGENAME]), "Facing"): Actual text and expected text of test object 'Object Repository/ShopOpen/RemainingCategories/Validate_ProductCategoryAssetScreen' are matched.

2019-04-23 16:15:32 - [MESSAGE][PASSED] - Actual text and expected text of test object 'Object Repository/ShopOpen/RemainingCategories/Validate_ProductCategoryAssetScreen' are matched.

2019-04-23 16:15:32 - [TEST_STEP][PASSED] - com.ct.qa.keywords.CommonKeywords.visitBackImageViewButton(): com.ct.qa.keywords.CommonKeywords.visitBackImageViewButton is PASSED

2019-04-23 16:15:33 - [MESSAGE][PASSED] - com.ct.qa.keywords.CommonKeywords.visitBackImageViewButton is PASSED

2019-04-23 16:15:33 - [TEST_STEP][PASSED] - verifyElementExist(findTestObject("ShopOpen/Validate_ShopCategoriesListScreen", ["package":PACKAGENAME]), 0): Element 'Object Repository/ShopOpen/Validate_ShopCategoriesListScreen' is exist

2019-04-23 16:15:34 - [MESSAGE][WARNING] - Timeout '0' is invalid. Using default page load timeout: '6'

2019-04-23 16:15:35 - [MESSAGE][PASSED] - Element 'Object Repository/ShopOpen/Validate_ShopCategoriesListScreen' is exist

2019-04-23 16:15:35 - [MESSAGE][PASSED] - Call Test Case 'Test Cases/ShopOpen/RemainingCategories/VisitRemainingCategoriesWithDSA' successfully

2019-04-23 16:15:36 - [MESSAGE][PASSED] - Swiped from 0,240 to 0,200

2019-04-23 16:15:37 - [MESSAGE][WARNING] - Timeout '0' is invalid. Using default page load timeout: '6'

2019-04-23 16:15:44 - [MESSAGE][WARNING] - Element 'Object Repository/CommonScreenElements/Validate_CameraScreen' not found
[[ATTACHMENT|F:\\Git Projects\\MMAPlus_Merchandising\\MMAPlus_Merchandising\\Reports\\MMA Plus Merchandising Data Verification\\20190423_151839\\1556018143579.png]]

2019-04-23 16:15:45 - [MESSAGE][PASSED] - Actual text and expected text of test object 'Object Repository/ShopOpen/RemainingCategories/Validate_MainCategoryDetailScreen' are matched.

2019-04-23 16:15:46 - [TEST_CASE][PASSED] - Test Cases/ShopOpen/RemainingCategories/VisitRemainingCategoriesWithDSA: Test Cases/ShopOpen/RemainingCategories/VisitRemainingCategoriesWithDSA

2019-04-23 16:15:46 - [TEST_STEP][PASSED] - verifyElementText(findTestObject("ShopOpen/RemainingCategories/Validate_ProductCategoryAssetScreen", ["package":PACKAGENAME]), "Facing"): Actual text and expected text of test object 'Object Repository/ShopOpen/RemainingCategories/Validate_ProductCategoryAssetScreen' are matched.

2019-04-23 16:15:49 - [MESSAGE][PASSED] - Actual text and expected text of test object 'Object Repository/ShopOpen/RemainingCategories/Validate_ProductCategoryAssetScreen' are matched.

2019-04-23 16:15:49 - [TEST_STEP][PASSED] - tap(findTestObject("ShopOpen/RemainingCategories/Facing", ["package":PACKAGENAME]), 0): Tapped on element 'Object Repository/ShopOpen/RemainingCategories/Facing'

2019-04-23 16:15:49 - [MESSAGE][WARNING] - Timeout '0' is invalid. Using default page load timeout: '6'

2019-04-23 16:15:50 - [MESSAGE][PASSED] - Tapped on element 'Object Repository/ShopOpen/RemainingCategories/Facing'

2019-04-23 16:15:50 - [TEST_STEP][PASSED] - verifyElementText(findTestObject("ShopOpen/RemainingCategories/Validate_FacingScreen", ["package":PACKAGENAME]), "Facing"): Actual text and expected text of test object 'Object Repository/ShopOpen/RemainingCategories/Validate_FacingScreen' are matched.

2019-04-23 16:15:51 - [MESSAGE][PASSED] - Actual text and expected text of test object 'Object Repository/ShopOpen/RemainingCategories/Validate_FacingScreen' are matched.

2019-04-23 16:15:51 - [TEST_STEP][PASSED] - com.ct.qa.keywords.ChannelProductsDataKeywords.visitChannelWiseProductsData(CHANNEL_DSA_FACING, "Facing"): com.ct.qa.keywords.ChannelProductsDataKeywords.visitChannelWiseProductsData is PASSED

2019-04-23 16:15:55 - [MESSAGE][PASSED] - Keyboard is hidden

2019-04-23 16:15:58 - [MESSAGE][PASSED] - Keyboard is hidden

2019-04-23 16:16:01 - [MESSAGE][PASSED] - Keyboard is hidden

2019-04-23 16:16:04 - [MESSAGE][PASSED] - Keyboard is hidden

2019-04-23 16:16:07 - [MESSAGE][PASSED] - Keyboard is hidden

2019-04-23 16:16:10 - [MESSAGE][PASSED] - Keyboard is hidden

2019-04-23 16:16:12 - [MESSAGE][PASSED] - Swiped from 78,359 to 78,250

2019-04-23 16:16:16 - [MESSAGE][PASSED] - Keyboard is hidden

2019-04-23 16:16:19 - [MESSAGE][PASSED] - Swiped from 78,359 to 78,250

2019-04-23 16:16:23 - [MESSAGE][PASSED] - Keyboard is hidden

2019-04-23 16:16:26 - [MESSAGE][PASSED] - Swiped from 78,359 to 78,250

2019-04-23 16:16:31 - [MESSAGE][PASSED] - Keyboard is hidden

2019-04-23 16:16:33 - [MESSAGE][PASSED] - Swiped from 78,359 to 78,250

2019-04-23 16:16:34 - [MESSAGE][PASSED] - com.ct.qa.keywords.ChannelProductsDataKeywords.visitChannelWiseProductsData is PASSED

2019-04-23 16:16:34 - [TEST_STEP][PASSED] - tap(findTestObject("ShopOpen/RemainingCategories/SubmitButton", ["package":PACKAGENAME]), 0): Tapped on element 'Object Repository/ShopOpen/RemainingCategories/SubmitButton'

2019-04-23 16:16:34 - [MESSAGE][WARNING] - Timeout '0' is invalid. Using default page load timeout: '6'

2019-04-23 16:16:35 - [MESSAGE][PASSED] - Tapped on element 'Object Repository/ShopOpen/RemainingCategories/SubmitButton'

2019-04-23 16:16:35 - [TEST_STEP][PASSED] - verifyElementText(findTestObject("ShopOpen/RemainingCategories/Validate_ProductCategoryAssetScreen", ["package":PACKAGENAME]), "Facing"): Actual text and expected text of test object 'Object Repository/ShopOpen/RemainingCategories/Validate_ProductCategoryAssetScreen' are matched.

2019-04-23 16:16:36 - [MESSAGE][PASSED] - Actual text and expected text of test object 'Object Repository/ShopOpen/RemainingCategories/Validate_ProductCategoryAssetScreen' are matched.

2019-04-23 16:16:36 - [TEST_STEP][PASSED] - tap(findTestObject("ShopOpen/RemainingCategories/StockTaking", ["package":PACKAGENAME]), 0): Tapped on element 'Object Repository/ShopOpen/RemainingCategories/StockTaking'

2019-04-23 16:16:36 - [MESSAGE][WARNING] - Timeout '0' is invalid. Using default page load timeout: '6'

2019-04-23 16:16:36 - [MESSAGE][PASSED] - Tapped on element 'Object Repository/ShopOpen/RemainingCategories/StockTaking'

2019-04-23 16:16:36 - [TEST_STEP][PASSED] - verifyElementText(findTestObject("ShopOpen/RemainingCategories/Validate_StockTakingScreen", ["package":PACKAGENAME]), "Stock Taking"): Actual text and expected text of test object 'Object Repository/ShopOpen/RemainingCategories/Validate_StockTakingScreen' are matched.

2019-04-23 16:16:38 - [MESSAGE][PASSED] - Actual text and expected text of test object 'Object Repository/ShopOpen/RemainingCategories/Validate_StockTakingScreen' are matched.

2019-04-23 16:16:38 - [TEST_STEP][PASSED] - com.ct.qa.keywords.ChannelProductsDataKeywords.visitChannelWiseProductsData(CHANNEL_DSA_STOCKTAKING, "Stock Taking"): com.ct.qa.keywords.ChannelProductsDataKeywords.visitChannelWiseProductsData is PASSED

2019-04-23 16:16:42 - [MESSAGE][PASSED] - Keyboard is hidden

2019-04-23 16:16:45 - [MESSAGE][PASSED] - Keyboard is hidden

2019-04-23 16:16:48 - [MESSAGE][PASSED] - Keyboard is hidden

2019-04-23 16:16:51 - [MESSAGE][PASSED] - Keyboard is hidden

2019-04-23 16:16:54 - [MESSAGE][PASSED] - Keyboard is hidden

2019-04-23 16:16:57 - [MESSAGE][PASSED] - Keyboard is hidden

2019-04-23 16:17:00 - [MESSAGE][PASSED] - Swiped from 78,359 to 78,250

2019-04-23 16:17:04 - [MESSAGE][PASSED] - Keyboard is hidden

2019-04-23 16:17:07 - [MESSAGE][PASSED] - Swiped from 78,359 to 78,250

2019-04-23 16:17:12 - [MESSAGE][PASSED] - Keyboard is hidden

2019-04-23 16:17:14 - [MESSAGE][PASSED] - Swiped from 78,359 to 78,250

2019-04-23 16:17:18 - [MESSAGE][PASSED] - Keyboard is hidden

2019-04-23 16:17:21 - [MESSAGE][PASSED] - Swiped from 78,359 to 78,250

2019-04-23 16:17:22 - [MESSAGE][PASSED] - com.ct.qa.keywords.ChannelProductsDataKeywords.visitChannelWiseProductsData is PASSED

2019-04-23 16:17:22 - [TEST_STEP][PASSED] - tap(findTestObject("ShopOpen/RemainingCategories/SubmitButton", ["package":PACKAGENAME]), 0): Tapped on element 'Object Repository/ShopOpen/RemainingCategories/SubmitButton'

2019-04-23 16:17:22 - [MESSAGE][WARNING] - Timeout '0' is invalid. Using default page load timeout: '6'

2019-04-23 16:17:23 - [MESSAGE][PASSED] - Tapped on element 'Object Repository/ShopOpen/RemainingCategories/SubmitButton'

2019-04-23 16:17:23 - [TEST_STEP][PASSED] - verifyElementText(findTestObject("ShopOpen/RemainingCategories/Validate_ProductCategoryAssetScreen", ["package":PACKAGENAME]), "Facing"): Actual text and expected text of test object 'Object Repository/ShopOpen/RemainingCategories/Validate_ProductCategoryAssetScreen' are matched.

2019-04-23 16:17:24 - [MESSAGE][PASSED] - Actual text and expected text of test object 'Object Repository/ShopOpen/RemainingCategories/Validate_ProductCategoryAssetScreen' are matched.

2019-04-23 16:17:24 - [TEST_STEP][PASSED] - com.ct.qa.keywords.CommonKeywords.visitPlanogramImageViewButton(): com.ct.qa.keywords.CommonKeywords.visitPlanogramImageViewButton is PASSED

2019-04-23 16:17:26 - [MESSAGE][WARNING] - Timeout '0' is invalid. Using default page load timeout: '6'

2019-04-23 16:17:34 - [MESSAGE][WARNING] - Object Object Repository/CommonScreenElements/InfoPopUp_OKButton not found
[[ATTACHMENT|F:\\Git Projects\\MMAPlus_Merchandising\\MMAPlus_Merchandising\\Reports\\MMA Plus Merchandising Data Verification\\20190423_151839\\1556018252927.png]]

2019-04-23 16:17:34 - [MESSAGE][PASSED] - com.ct.qa.keywords.CommonKeywords.visitPlanogramImageViewButton is PASSED

2019-04-23 16:17:34 - [TEST_STEP][PASSED] - verifyElementText(findTestObject("ShopOpen/RemainingCategories/Validate_ProductCategoryAssetScreen", ["package":PACKAGENAME]), "Facing"): Actual text and expected text of test object 'Object Repository/ShopOpen/RemainingCategories/Validate_ProductCategoryAssetScreen' are matched.

2019-04-23 16:17:35 - [MESSAGE][PASSED] - Actual text and expected text of test object 'Object Repository/ShopOpen/RemainingCategories/Validate_ProductCategoryAssetScreen' are matched.

2019-04-23 16:17:35 - [TEST_STEP][PASSED] - com.ct.qa.keywords.CommonKeywords.visitPictureImageViewButton(): com.ct.qa.keywords.CommonKeywords.visitPictureImageViewButton is PASSED

2019-04-23 16:17:36 - [MESSAGE][WARNING] - Timeout '0' is invalid. Using default page load timeout: '6'

2019-04-23 16:17:38 - [MESSAGE][PASSED] - Element 'Object Repository/CommonScreenElements/Validate_CameraScreen' is exist

2019-04-23 16:17:38 - [MESSAGE][WARNING] - Timeout '0' is invalid. Using default page load timeout: '6'

2019-04-23 16:17:42 - [MESSAGE][PASSED] - Tapped on element 'Object Repository/CommonScreenElements/Camera_TakePictureButton'

2019-04-23 16:17:47 - [MESSAGE][PASSED] - Delayed 5 second(s)

2019-04-23 16:17:47 - [MESSAGE][WARNING] - Timeout '0' is invalid. Using default page load timeout: '6'

2019-04-23 16:17:47 - [MESSAGE][PASSED] - Tapped on element 'Object Repository/CommonScreenElements/Camera_DoneButton'

2019-04-23 16:17:47 - [MESSAGE][PASSED] - com.ct.qa.keywords.CommonKeywords.visitPictureImageViewButton is PASSED

2019-04-23 16:17:47 - [TEST_STEP][PASSED] - verifyElementText(findTestObject("ShopOpen/RemainingCategories/Validate_ProductCategoryAssetScreen", ["package":PACKAGENAME]), "Facing"): Actual text and expected text of test object 'Object Repository/ShopOpen/RemainingCategories/Validate_ProductCategoryAssetScreen' are matched.

2019-04-23 16:17:48 - [MESSAGE][PASSED] - Actual text and expected text of test object 'Object Repository/ShopOpen/RemainingCategories/Validate_ProductCategoryAssetScreen' are matched.

2019-04-23 16:17:48 - [TEST_STEP][PASSED] - com.ct.qa.keywords.CommonKeywords.visitBackImageViewButton(): com.ct.qa.keywords.CommonKeywords.visitBackImageViewButton is PASSED

2019-04-23 16:17:51 - [MESSAGE][PASSED] - com.ct.qa.keywords.CommonKeywords.visitBackImageViewButton is PASSED

2019-04-23 16:17:51 - [TEST_STEP][PASSED] - verifyElementExist(findTestObject("ShopOpen/Validate_ShopCategoriesListScreen", ["package":PACKAGENAME]), 0): Element 'Object Repository/ShopOpen/Validate_ShopCategoriesListScreen' is exist

2019-04-23 16:17:51 - [MESSAGE][WARNING] - Timeout '0' is invalid. Using default page load timeout: '6'

2019-04-23 16:17:53 - [MESSAGE][PASSED] - Element 'Object Repository/ShopOpen/Validate_ShopCategoriesListScreen' is exist

2019-04-23 16:17:53 - [MESSAGE][PASSED] - Call Test Case 'Test Cases/ShopOpen/RemainingCategories/VisitRemainingCategoriesWithDSA' successfully

2019-04-23 16:17:54 - [MESSAGE][PASSED] - Swiped from 0,240 to 0,200

2019-04-23 16:17:56 - [MESSAGE][PASSED] - Swiped from 0,293 to 0,200

2019-04-23 16:17:59 - [MESSAGE][PASSED] - Swiped from 0,200 to 0,750

2019-04-23 16:18:00 - [MESSAGE][PASSED] - Swiped from 0,200 to 0,750

2019-04-23 16:18:00 - [MESSAGE][PASSED] - Swiped from 0,240 to 0,200

2019-04-23 16:18:01 - [MESSAGE][PASSED] - Swiped from 0,293 to 0,200

2019-04-23 16:18:05 - [MESSAGE][PASSED] - Swiped from 0,293 to 0,200

2019-04-23 16:18:08 - [TEST_CASE][PASSED] - Test Cases/ShopOpen/RTMVisitFrequency/VisitRTMVisitFrequency: Test Cases/ShopOpen/RTMVisitFrequency/VisitRTMVisitFrequency

2019-04-23 16:18:08 - [TEST_STEP][PASSED] - verifyElementText(findTestObject("ShopOpen/RTMVisitFrequency/Validate_RTMVisitFrequencyScreen", ["package":PACKAGENAME]), "Options"): Actual text and expected text of test object 'Object Repository/ShopOpen/RTMVisitFrequency/Validate_RTMVisitFrequencyScreen' are matched.

2019-04-23 16:18:10 - [MESSAGE][PASSED] - Actual text and expected text of test object 'Object Repository/ShopOpen/RTMVisitFrequency/Validate_RTMVisitFrequencyScreen' are matched.

2019-04-23 16:18:10 - [TEST_STEP][PASSED] - com.ct.qa.keywords.RTMVisitFrequencyKeywords.visitRTMVisitFrequency(): com.ct.qa.keywords.RTMVisitFrequencyKeywords.visitRTMVisitFrequency is PASSED

2019-04-23 16:18:11 - [MESSAGE][WARNING] - Timeout '0' is invalid. Using default page load timeout: '6'

2019-04-23 16:18:12 - [MESSAGE][PASSED] - Element 'Object Repository/ShopOpen/RTMVisitFrequency/Validate_RTMVisitFrequencyRemarks' is exist

2019-04-23 16:18:14 - [MESSAGE][PASSED] - Actual text and expected text of test object 'Object Repository/ShopOpen/RTMVisitFrequency/Validate_RTMVisitFrequencyScreen' are matched.

2019-04-23 16:18:15 - [MESSAGE][WARNING] - Timeout '0' is invalid. Using default page load timeout: '6'

2019-04-23 16:18:16 - [MESSAGE][PASSED] - Element 'Object Repository/ShopOpen/RTMVisitFrequency/Validate_RTMVisitFrequencyRemarks' is exist

2019-04-23 16:18:18 - [MESSAGE][PASSED] - Actual text and expected text of test object 'Object Repository/ShopOpen/RTMVisitFrequency/Validate_RTMVisitFrequencyScreen' are matched.

2019-04-23 16:18:18 - [MESSAGE][WARNING] - Timeout '0' is invalid. Using default page load timeout: '6'

2019-04-23 16:18:20 - [MESSAGE][PASSED] - Element 'Object Repository/ShopOpen/RTMVisitFrequency/Validate_RTMVisitFrequencyRemarks' is exist

2019-04-23 16:18:22 - [MESSAGE][PASSED] - Actual text and expected text of test object 'Object Repository/ShopOpen/RTMVisitFrequency/Validate_RTMVisitFrequencyScreen' are matched.

2019-04-23 16:18:22 - [MESSAGE][WARNING] - Timeout '0' is invalid. Using default page load timeout: '6'

2019-04-23 16:18:24 - [MESSAGE][PASSED] - Element 'Object Repository/ShopOpen/RTMVisitFrequency/Validate_RTMVisitFrequencyRemarks' is exist

2019-04-23 16:18:26 - [MESSAGE][PASSED] - Actual text and expected text of test object 'Object Repository/ShopOpen/RTMVisitFrequency/Validate_RTMVisitFrequencyScreen' are matched.

2019-04-23 16:18:26 - [MESSAGE][PASSED] - com.ct.qa.keywords.RTMVisitFrequencyKeywords.visitRTMVisitFrequency is PASSED

2019-04-23 16:18:26 - [TEST_STEP][PASSED] - tap(findTestObject("ShopOpen/RTMVisitFrequency/BackButton", ["package":PACKAGENAME]), 0): Tapped on element 'Object Repository/ShopOpen/RTMVisitFrequency/BackButton'

2019-04-23 16:18:26 - [MESSAGE][WARNING] - Timeout '0' is invalid. Using default page load timeout: '6'

2019-04-23 16:18:27 - [MESSAGE][PASSED] - Tapped on element 'Object Repository/ShopOpen/RTMVisitFrequency/BackButton'

2019-04-23 16:18:27 - [TEST_STEP][PASSED] - verifyElementExist(findTestObject("ShopOpen/Validate_ShopCategoriesListScreen", ["package":PACKAGENAME]), 0): Element 'Object Repository/ShopOpen/Validate_ShopCategoriesListScreen' is exist

2019-04-23 16:18:27 - [MESSAGE][WARNING] - Timeout '0' is invalid. Using default page load timeout: '6'

2019-04-23 16:18:28 - [MESSAGE][PASSED] - Element 'Object Repository/ShopOpen/Validate_ShopCategoriesListScreen' is exist

2019-04-23 16:18:28 - [MESSAGE][PASSED] - Call Test Case 'Test Cases/ShopOpen/RTMVisitFrequency/VisitRTMVisitFrequency' successfully

2019-04-23 16:18:29 - [MESSAGE][PASSED] - Swiped from 0,240 to 0,200

2019-04-23 16:18:30 - [MESSAGE][PASSED] - Swiped from 0,293 to 0,200

2019-04-23 16:18:32 - [MESSAGE][PASSED] - Swiped from 0,293 to 0,200

2019-04-23 16:18:36 - [MESSAGE][PASSED] - Swiped from 0,293 to 0,200

2019-04-23 16:18:39 - [TEST_CASE][PASSED] - Test Cases/ShopOpen/POPApplication/OverwritePOPApplication: Test Cases/ShopOpen/POPApplication/OverwritePOPApplication

2019-04-23 16:18:39 - [TEST_STEP][PASSED] - verifyElementText(findTestObject("ShopOpen/POPApplication/Validate_POPApplicationDetailScreen", ["package":PACKAGENAME]), "KPI :POP Application"): Actual text and expected text of test object 'Object Repository/ShopOpen/POPApplication/Validate_POPApplicationDetailScreen' are matched.

2019-04-23 16:18:40 - [MESSAGE][PASSED] - Actual text and expected text of test object 'Object Repository/ShopOpen/POPApplication/Validate_POPApplicationDetailScreen' are matched.

2019-04-23 16:18:40 - [TEST_STEP][PASSED] - tap(findTestObject("ShopOpen/POPApplication/POPDeployment_No", ["package":PACKAGENAME]), 0): Tapped on element 'Object Repository/ShopOpen/POPApplication/POPDeployment_No'

2019-04-23 16:18:40 - [MESSAGE][WARNING] - Timeout '0' is invalid. Using default page load timeout: '6'

2019-04-23 16:18:40 - [MESSAGE][PASSED] - Tapped on element 'Object Repository/ShopOpen/POPApplication/POPDeployment_No'

2019-04-23 16:18:40 - [TEST_STEP][PASSED] - pressBack(): Press back button successfully

2019-04-23 16:18:41 - [MESSAGE][PASSED] - Press back button successfully

2019-04-23 16:18:41 - [TEST_STEP][PASSED] - verifyElementExist(findTestObject("ShopOpen/Validate_ShopCategoriesListScreen", ["package":PACKAGENAME]), 0): Element 'Object Repository/ShopOpen/Validate_ShopCategoriesListScreen' is exist

2019-04-23 16:18:41 - [MESSAGE][WARNING] - Timeout '0' is invalid. Using default page load timeout: '6'

2019-04-23 16:18:42 - [MESSAGE][PASSED] - Element 'Object Repository/ShopOpen/Validate_ShopCategoriesListScreen' is exist

2019-04-23 16:18:42 - [MESSAGE][PASSED] - Call Test Case 'Test Cases/ShopOpen/POPApplication/OverwritePOPApplication' successfully

2019-04-23 16:18:43 - [MESSAGE][PASSED] - Swiped from 0,240 to 0,200

2019-04-23 16:18:44 - [MESSAGE][PASSED] - Swiped from 0,293 to 0,200

2019-04-23 16:18:46 - [MESSAGE][PASSED] - Swiped from 0,293 to 0,200

2019-04-23 16:18:49 - [MESSAGE][PASSED] - Swiped from 0,293 to 0,200

2019-04-23 16:18:53 - [MESSAGE][PASSED] - Swiped from 0,293 to 0,200

2019-04-23 16:18:56 - [TEST_CASE][PASSED] - Test Cases/ShopOpen/AdditionalPicture/VisitAdditionalPicture: Test Cases/ShopOpen/AdditionalPicture/VisitAdditionalPicture

2019-04-23 16:18:56 - [TEST_STEP][PASSED] - verifyElementText(findTestObject("ShopOpen/AdditionalPicture/Validate_AdditionalPictureScreen", ["package":PACKAGENAME]), "Additional Picture"): Actual text and expected text of test object 'Object Repository/ShopOpen/AdditionalPicture/Validate_AdditionalPictureScreen' are matched.

2019-04-23 16:18:57 - [MESSAGE][PASSED] - Actual text and expected text of test object 'Object Repository/ShopOpen/AdditionalPicture/Validate_AdditionalPictureScreen' are matched.

2019-04-23 16:18:57 - [TEST_STEP][PASSED] - com.ct.qa.keywords.AdditionalPictureKeywords.takeMendatoryImages(): com.ct.qa.keywords.AdditionalPictureKeywords.takeMendatoryImages is PASSED

2019-04-23 16:18:58 - [MESSAGE][WARNING] - Timeout '0' is invalid. Using default page load timeout: '6'

2019-04-23 16:19:01 - [MESSAGE][PASSED] - Element 'Object Repository/CommonScreenElements/Validate_CameraScreen' is exist

2019-04-23 16:19:01 - [MESSAGE][WARNING] - Timeout '0' is invalid. Using default page load timeout: '6'

2019-04-23 16:19:04 - [MESSAGE][PASSED] - Tapped on element 'Object Repository/CommonScreenElements/Camera_TakePictureButton'

2019-04-23 16:19:09 - [MESSAGE][PASSED] - Delayed 5 second(s)

2019-04-23 16:19:09 - [MESSAGE][WARNING] - Timeout '0' is invalid. Using default page load timeout: '6'

2019-04-23 16:19:10 - [MESSAGE][PASSED] - Tapped on element 'Object Repository/CommonScreenElements/Camera_DoneButton'

2019-04-23 16:19:10 - [MESSAGE][PASSED] - com.ct.qa.keywords.AdditionalPictureKeywords.takeMendatoryImages is PASSED

2019-04-23 16:19:10 - [TEST_STEP][PASSED] - pressBack(): Press back button successfully

2019-04-23 16:19:11 - [MESSAGE][PASSED] - Press back button successfully

2019-04-23 16:19:11 - [TEST_STEP][PASSED] - verifyElementExist(findTestObject("ShopOpen/Validate_ShopCategoriesListScreen", ["package":PACKAGENAME]), 0): Element 'Object Repository/ShopOpen/Validate_ShopCategoriesListScreen' is exist

2019-04-23 16:19:11 - [MESSAGE][WARNING] - Timeout '0' is invalid. Using default page load timeout: '6'

2019-04-23 16:19:13 - [MESSAGE][PASSED] - Element 'Object Repository/ShopOpen/Validate_ShopCategoriesListScreen' is exist

2019-04-23 16:19:13 - [MESSAGE][PASSED] - Call Test Case 'Test Cases/ShopOpen/AdditionalPicture/VisitAdditionalPicture' successfully

2019-04-23 16:19:14 - [MESSAGE][PASSED] - Swiped from 0,240 to 0,200

2019-04-23 16:19:15 - [MESSAGE][PASSED] - Swiped from 0,293 to 0,200

2019-04-23 16:19:17 - [MESSAGE][PASSED] - Swiped from 0,293 to 0,200

2019-04-23 16:19:20 - [MESSAGE][PASSED] - Swiped from 0,293 to 0,200

2019-04-23 16:19:22 - [MESSAGE][PASSED] - Swiped from 0,293 to 0,200

2019-04-23 16:19:26 - [MESSAGE][PASSED] - Swiped from 0,293 to 0,200

2019-04-23 16:19:28 - [MESSAGE][WARNING] - Timeout '0' is invalid. Using default page load timeout: '6'

2019-04-23 16:19:36 - [MESSAGE][WARNING] - Element 'Object Repository/CommonScreenElements/Validate_CameraScreen' not found
[[ATTACHMENT|F:\\Git Projects\\MMAPlus_Merchandising\\MMAPlus_Merchandising\\Reports\\MMA Plus Merchandising Data Verification\\20190423_151839\\1556018375507.png]]

2019-04-23 16:19:36 - [TEST_CASE][PASSED] - Test Cases/ShopOpen/Survey/visitSurveyCategories: Test Cases/ShopOpen/Survey/visitSurveyCategories

2019-04-23 16:19:36 - [TEST_STEP][PASSED] - verifyElementText(findTestObject("ShopOpen/Survey/Validate_QuestionCategoriesScreen", ["package":PACKAGENAME]), "Question Category"): Actual text and expected text of test object 'Object Repository/ShopOpen/Survey/Validate_QuestionCategoriesScreen' are matched.

2019-04-23 16:19:36 - [MESSAGE][PASSED] - Actual text and expected text of test object 'Object Repository/ShopOpen/Survey/Validate_QuestionCategoriesScreen' are matched.

2019-04-23 16:19:36 - [TEST_STEP][PASSED] - com.ct.qa.keywords.SurveyKeywords.visitQuestionCategories(1): com.ct.qa.keywords.SurveyKeywords.visitQuestionCategories is PASSED

2019-04-23 16:19:39 - [TEST_CASE][PASSED] - Test Cases/ShopOpen/Survey/SurveyQuestions/VisitSurveyQuestions: Test Cases/ShopOpen/Survey/SurveyQuestions/VisitSurveyQuestions

2019-04-23 16:19:39 - [TEST_STEP][PASSED] - verifyElementExist(findTestObject("ShopOpen/Survey/Validate_SurveyQuestionsScreen", ["package":PACKAGENAME]), 0): Element 'Object Repository/ShopOpen/Survey/Validate_SurveyQuestionsScreen' is exist

2019-04-23 16:19:39 - [MESSAGE][WARNING] - Timeout '0' is invalid. Using default page load timeout: '6'

2019-04-23 16:19:40 - [MESSAGE][PASSED] - Element 'Object Repository/ShopOpen/Survey/Validate_SurveyQuestionsScreen' is exist

2019-04-23 16:19:40 - [TEST_STEP][PASSED] - com.ct.qa.keywords.SurveyKeywords.visitSurveyQuestions(): com.ct.qa.keywords.SurveyKeywords.visitSurveyQuestions is PASSED

2019-04-23 16:19:44 - [MESSAGE][PASSED] - Keyboard is hidden

2019-04-23 16:19:47 - [MESSAGE][PASSED] - Keyboard is hidden

2019-04-23 16:19:50 - [MESSAGE][PASSED] - Keyboard is hidden

2019-04-23 16:19:53 - [MESSAGE][PASSED] - Keyboard is hidden

2019-04-23 16:19:54 - [MESSAGE][WARNING] - Timeout '0' is invalid. Using default page load timeout: '6'

2019-04-23 16:19:55 - [MESSAGE][PASSED] - Element 'Object Repository/ShopOpen/Survey/Validate_RemarksPopup' is exist

2019-04-23 16:19:55 - [MESSAGE][WARNING] - Timeout '0' is invalid. Using default page load timeout: '6'

2019-04-23 16:19:56 - [MESSAGE][PASSED] - Tapped on element 'Object Repository/ShopOpen/Survey/RemarksPopup_Yes'

2019-04-23 16:19:59 - [MESSAGE][WARNING] - Timeout '0' is invalid. Using default page load timeout: '6'

2019-04-23 16:20:01 - [MESSAGE][PASSED] - Element 'Object Repository/CommonScreenElements/Validate_CameraScreen' is exist

2019-04-23 16:20:01 - [MESSAGE][WARNING] - Timeout '0' is invalid. Using default page load timeout: '6'

2019-04-23 16:20:04 - [MESSAGE][PASSED] - Tapped on element 'Object Repository/CommonScreenElements/Camera_TakePictureButton'

2019-04-23 16:20:09 - [MESSAGE][PASSED] - Delayed 5 second(s)

2019-04-23 16:20:09 - [MESSAGE][WARNING] - Timeout '0' is invalid. Using default page load timeout: '6'

2019-04-23 16:20:11 - [MESSAGE][PASSED] - Tapped on element 'Object Repository/CommonScreenElements/Camera_DoneButton'

2019-04-23 16:20:11 - [MESSAGE][WARNING] - Timeout '0' is invalid. Using default page load timeout: '6'

2019-04-23 16:20:12 - [MESSAGE][PASSED] - Element 'Object Repository/ShopOpen/Survey/Validate_SurveyQuestionsScreen' is exist

2019-04-23 16:20:14 - [MESSAGE][PASSED] - Swiped from 10,600 to 10,200

2019-04-23 16:20:16 - [MESSAGE][WARNING] - Timeout '0' is invalid. Using default page load timeout: '6'

2019-04-23 16:20:18 - [MESSAGE][PASSED] - Element 'Object Repository/CommonScreenElements/Validate_CameraScreen' is exist

2019-04-23 16:20:18 - [MESSAGE][WARNING] - Timeout '0' is invalid. Using default page load timeout: '6'

2019-04-23 16:20:21 - [MESSAGE][PASSED] - Tapped on element 'Object Repository/CommonScreenElements/Camera_TakePictureButton'

2019-04-23 16:20:26 - [MESSAGE][PASSED] - Delayed 5 second(s)

2019-04-23 16:20:26 - [MESSAGE][WARNING] - Timeout '0' is invalid. Using default page load timeout: '6'

2019-04-23 16:20:26 - [MESSAGE][PASSED] - Tapped on element 'Object Repository/CommonScreenElements/Camera_DoneButton'

2019-04-23 16:20:26 - [MESSAGE][WARNING] - Timeout '0' is invalid. Using default page load timeout: '6'

2019-04-23 16:20:27 - [MESSAGE][PASSED] - Element 'Object Repository/ShopOpen/Survey/Validate_SurveyQuestionsScreen' is exist

2019-04-23 16:20:29 - [MESSAGE][PASSED] - Swiped from 10,600 to 10,200

2019-04-23 16:20:32 - [MESSAGE][WARNING] - Timeout '0' is invalid. Using default page load timeout: '6'

2019-04-23 16:20:33 - [MESSAGE][PASSED] - Element 'Object Repository/CommonScreenElements/Validate_CameraScreen' is exist

2019-04-23 16:20:33 - [MESSAGE][WARNING] - Timeout '0' is invalid. Using default page load timeout: '6'

2019-04-23 16:20:36 - [MESSAGE][PASSED] - Tapped on element 'Object Repository/CommonScreenElements/Camera_TakePictureButton'

2019-04-23 16:20:41 - [MESSAGE][PASSED] - Delayed 5 second(s)

2019-04-23 16:20:41 - [MESSAGE][WARNING] - Timeout '0' is invalid. Using default page load timeout: '6'

2019-04-23 16:20:42 - [MESSAGE][PASSED] - Tapped on element 'Object Repository/CommonScreenElements/Camera_DoneButton'

2019-04-23 16:20:42 - [MESSAGE][WARNING] - Timeout '0' is invalid. Using default page load timeout: '6'

2019-04-23 16:20:42 - [MESSAGE][PASSED] - Element 'Object Repository/ShopOpen/Survey/Validate_SurveyQuestionsScreen' is exist

2019-04-23 16:20:44 - [MESSAGE][PASSED] - Swiped from 10,600 to 10,200

2019-04-23 16:20:46 - [MESSAGE][PASSED] - com.ct.qa.keywords.SurveyKeywords.visitSurveyQuestions is PASSED

2019-04-23 16:20:46 - [TEST_STEP][PASSED] - pressBack(): Press back button successfully

2019-04-23 16:20:47 - [MESSAGE][PASSED] - Press back button successfully

2019-04-23 16:20:47 - [MESSAGE][PASSED] - Call Test Case 'Test Cases/ShopOpen/Survey/SurveyQuestions/VisitSurveyQuestions' successfully

2019-04-23 16:20:47 - [MESSAGE][PASSED] - com.ct.qa.keywords.SurveyKeywords.visitQuestionCategories is PASSED

2019-04-23 16:20:47 - [TEST_STEP][PASSED] - pressBack(): Press back button successfully

2019-04-23 16:20:47 - [MESSAGE][PASSED] - Press back button successfully

2019-04-23 16:20:47 - [TEST_STEP][PASSED] - verifyElementExist(findTestObject("ShopOpen/Validate_ShopCategoriesListScreen"), 0): Element 'Object Repository/ShopOpen/Validate_ShopCategoriesListScreen' is exist

2019-04-23 16:20:47 - [MESSAGE][WARNING] - Timeout '0' is invalid. Using default page load timeout: '6'

2019-04-23 16:20:49 - [MESSAGE][PASSED] - Element 'Object Repository/ShopOpen/Validate_ShopCategoriesListScreen' is exist

2019-04-23 16:20:49 - [MESSAGE][PASSED] - Call Test Case 'Test Cases/ShopOpen/Survey/visitSurveyCategories' successfully

2019-04-23 16:20:50 - [MESSAGE][PASSED] - Swiped from 0,240 to 0,200

2019-04-23 16:20:51 - [MESSAGE][PASSED] - Swiped from 0,293 to 0,200

2019-04-23 16:20:54 - [MESSAGE][PASSED] - Swiped from 0,293 to 0,200

2019-04-23 16:20:57 - [MESSAGE][PASSED] - Swiped from 0,293 to 0,200

2019-04-23 16:20:59 - [MESSAGE][PASSED] - Swiped from 0,293 to 0,200

2019-04-23 16:21:03 - [MESSAGE][PASSED] - Swiped from 0,293 to 0,200

2019-04-23 16:21:06 - [MESSAGE][PASSED] - Swiped from 0,293 to 0,200

2019-04-23 16:21:07 - [MESSAGE][PASSED] - com.ct.qa.keywords.CategoryVisitingScenariosKeywords.visitShopCategoriesWithDataVerification is PASSED

2019-04-23 16:21:07 - [MESSAGE][PASSED] - Call Test Case 'Test Cases/ShopOpen/VisitCategoryScenarios/VisitShopCategoriesWithDataVerification' successfully

2019-04-23 16:21:07 - [TEST_CASE][PASSED] - Test Cases/ShopOpen/SaveShop: Test Cases/ShopOpen/SaveShop

2019-04-23 16:21:07 - [TEST_STEP][PASSED] - tap(findTestObject("ShopOpen/SubmitButtonToSaveShop", ["package":PACKAGENAME]), 0): Tapped on element 'Object Repository/ShopOpen/SubmitButtonToSaveShop'

2019-04-23 16:21:07 - [MESSAGE][WARNING] - Timeout '0' is invalid. Using default page load timeout: '6'

2019-04-23 16:21:08 - [MESSAGE][PASSED] - Tapped on element 'Object Repository/ShopOpen/SubmitButtonToSaveShop'

2019-04-23 16:21:08 - [TEST_STEP][PASSED] - verifyElementExist(findTestObject("CommonScreenElements/Validate_InfoPopUP", ["package":PACKAGENAME]), 0): Element 'Object Repository/CommonScreenElements/Validate_InfoPopUP' is exist

2019-04-23 16:21:08 - [MESSAGE][WARNING] - Timeout '0' is invalid. Using default page load timeout: '6'

2019-04-23 16:21:09 - [MESSAGE][PASSED] - Element 'Object Repository/CommonScreenElements/Validate_InfoPopUP' is exist

2019-04-23 16:21:09 - [TEST_STEP][PASSED] - tap(findTestObject("CommonScreenElements/InfoPopUp_YesButton", ["package":PACKAGENAME]), 0): Tapped on element 'Object Repository/CommonScreenElements/InfoPopUp_YesButton'

2019-04-23 16:21:09 - [MESSAGE][WARNING] - Timeout '0' is invalid. Using default page load timeout: '6'

2019-04-23 16:21:10 - [MESSAGE][PASSED] - Tapped on element 'Object Repository/CommonScreenElements/InfoPopUp_YesButton'

2019-04-23 16:21:10 - [TEST_STEP][PASSED] - verifyElementText(findTestObject("Validate_ShopListScreen", ["package":PACKAGENAME]), "Shops on Route"): Actual text and expected text of test object 'Object Repository/Validate_ShopListScreen' are matched.

2019-04-23 16:21:10 - [MESSAGE][PASSED] - Actual text and expected text of test object 'Object Repository/Validate_ShopListScreen' are matched.

2019-04-23 16:21:10 - [MESSAGE][PASSED] - Call Test Case 'Test Cases/ShopOpen/SaveShop' successfully

2019-04-23 16:21:10 - [MESSAGE][WARNING] - Timeout '0' is invalid. Using default page load timeout: '6'

2019-04-23 16:21:11 - [MESSAGE][PASSED] - Element 'Object Repository/Validate_ShopListScreen' is exist

2019-04-23 16:21:11 - [MESSAGE][INFO] - 

---------------------------------------------Missing Shop Data-----------------------------------------------------------------------------------------------------

<-------------------------------------------------------------------------------------------------------------------------------------->

Shop Name:               Al Naimat Store                    Channel: Small General   

Visiting Scenarios:      Data Verification                  Remark                   Normal Shops                       

Shop Categories:              Competition Tracking,   
above items are display on device not match with expected items...



Question Categories:

Main Category:                Survey                                                      
Question Categories:          Competition Tracking,	
above items are missing on device...



<-------------------------------------------------------------------------------------------------------------------------------------->



2019-04-23 16:21:11 - [MESSAGE][INFO] - 


---------------------------------------------Visited Shop Data-----------------------------------------------------------------------------------------------------

<-------------------------------------------------------------------------------------------------------------------------------------->

Shop Name:               Al Naimat Store                    Channel: Small General   

Visiting Scenarios:      Shop Open                          Remark                   Normal Shops                       Other Categories Visiting Scenarios:    (1) 'RTM visit frequency' with 'Once a week'
                                            'Pop Application' with 'No' remark                                                                  
                                            'Retailer Remarks' with 'OB not visiting' remark                                                    
                                            'Hanger Availability' with 'Yes' remark                                                             
                                        (2) 'RTM visit frequency' with 'Twice a week'                                                       
                                            'Pop Application' with 'No' remark                                                                  
                                            'Retailer Remarks' with 'SM not visiting' remark                                                    
                                            'Hanger Availability' with 'No' remark                                                              

Main Category:                Chiller Utilization                                                                                                               


Chiller Type Scenarios:       SAX 400 (Without Yogurt)  ==>  null                                                                                               
Chiller Remark Scenarios:     Chiller Available  ==>  null                                                                                                      


Product Category:             Flavoured Milk                                              
Products:                                         Facing      Stock Taking/      Depth      Overwrite Facing      Overwrite Stock Taking/      Overwrite Depth      
                                                              Stock Count                                         Overwrite Stock Count                             
MILO RTD 200ML                                    93          533                313        null                  null                         null                 


Product Category:             Juices - 1000ML                                             
Products:                                         Facing      Stock Taking/      Depth      Overwrite Facing      Overwrite Stock Taking/      Overwrite Depth      
                                                              Stock Count                                         Overwrite Stock Count                             
FRUITA VITALS ROYAL MANGOES 1000ML                99          539                319        null                  null                         null                 
FRUITA VITALS APPLE 1000ML                        96          536                316        null                  null                         null                 
FRUITA VITALS RED GRAPES 1000ML                   95          535                315        null                  null                         null                 
NESFRUTA MANGO 1000ML                             98          538                318        null                  null                         null                 
FRUITA VITALS CHAUNSA 1000ML                      94          534                314        null                  null                         null                 
FRUITA VITALS PEACH 1000ML                        97          537                317        null                  null                         null                 


Product Category:             Juices - 200ML                                              
Products:                                         Facing      Stock Taking/      Depth      Overwrite Facing      Overwrite Stock Taking/      Overwrite Depth      
                                                              Stock Count                                         Overwrite Stock Count                             
FRUITA VITALS PEACH 200ML                         104         544                324        null                  null                         null                 
NESFRUTA APPLE 200ML                              108         548                328        null                  null                         null                 
FRUITA VITALS CHAUNSA 200ML                       100         540                320        null                  null                         null                 
FRUITA VITALS PINEAPPLE 200ML                     105         545                325        null                  null                         null                 
FRUITA VITALS RED GRAPES 200ML                    101         541                321        null                  null                         null                 
FRUITA VITALS GUAVA 200ML                         106         546                326        null                  null                         null                 
FRUITA VITALS APPLE 200ML                         102         542                322        null                  null                         null                 
FRUITA VITALS ROYAL MANGOES 200ML                 109         549                329        null                  null                         null                 
FRUITA VITALS KINOW 200ML                         103         543                323        null                  null                         null                 
NESFRUTA MANGO 200ML                              107         547                327        null                  null                         null                 


Product Category:             Water                                                       
Products:                                         Facing      Stock Taking/      Depth      Overwrite Facing      Overwrite Stock Taking/      Overwrite Depth      
                                                              Stock Count                                         Overwrite Stock Count                             
Water Npl 500ML                                   110         550                330        null                  null                         null                 
Water Npl 330ML                                   112         552                332        null                  null                         null                 
Water Npl 1500ML                                  111         551                331        null                  null                         null                 

                                ----------------------------------------------------------------------------------------------------                                


Main Category:                Nutrition                                                   
Scenarios:                    Display Space Available  ==>  null                                                                                                

Product Category:             Nutrition                                                   
Products:                                         Facing                      Stock Taking                Overwrite Facing            Overwrite Stock Taking      
CERELAC 3 Fruit 175GM                             1163                        2977                        null                        null                        
CERELAC RICE 175GM                                1164                        2978                        null                        null                        
CERELAC Wheat 175GM                               1165                        2979                        null                        null                        
NIDO NNS 1+ 400GM                                 1166                        2980                        null                        null                        

                                ----------------------------------------------------------------------------------------------------                                


Main Category:                Dairy Liquid                                                
Scenarios:                    Display Space Available  ==>  null                                                                                                

Product Category:             Dairy Liquid                                                
Products:                                         Facing                      Stock Taking                Overwrite Facing            Overwrite Stock Taking      
MILKPAK UHT 250ML                                 1148                        2962                        null                        null                        
MILKPAK UHT 1000ML                                1149                        2963                        null                        null                        
EVERYDAY UHT 180ML                                1150                        2964                        null                        null                        
MILKPAK CREAM 200ML                               1151                        2965                        null                        null                        
EVERYDAY UHT 225ML                                1152                        2966                        null                        null                        

                                ----------------------------------------------------------------------------------------------------                                


Main Category:                Powder Tea Whitener                                         
Scenarios:                    Display Space Available  ==>  null                                                                                                

Product Category:             Powder Tea Whitener                                         
Products:                                         Facing                      Stock Taking                Overwrite Facing            Overwrite Stock Taking      
NESTLE EVERYDAY ORIGINAL 375GM                    1169                        2983                        null                        null                        
NESTLE EVERYDAY MIXED TEA 250GM                   1170                        2984                        null                        null                        

                                ----------------------------------------------------------------------------------------------------                                


Main Category:                Juices                                                      
Scenarios:                    Display Space Available  ==>  null                                                                                                

Product Category:             Juices                                                      
Products:                                         Facing                      Stock Taking                Overwrite Facing            Overwrite Stock Taking      
FRUITA VITALS CHAUNSA 1000ML                      1153                        2967                        null                        null                        
FRUITA VITALS RED GRAPES 1000ML                   1154                        2968                        null                        null                        
FRUITA VITALS APPLE 1000ML                        1155                        2969                        null                        null                        
NESFRUTA MANGO 1000ML                             1156                        2970                        null                        null                        
FRUITA VITALS PEACH 1000ML                        1157                        2971                        null                        null                        
FRUITA VITALS ROYAL MANGOES 1000ML                1158                        2972                        null                        null                        

                                ----------------------------------------------------------------------------------------------------                                


Main Category:                Infant Nutrition                                            
Scenarios:                    Display Space Available  ==>  null                                                                                                

Product Category:             Infant Nutrition                                            
Products:                                         Facing                      Stock Taking                Overwrite Facing            Overwrite Stock Taking      
LACTOGEN 1 200GM                                  1161                        2975                        null                        null                        
LACTOGEN 2 200GM                                  1162                        2976                        null                        null                        
LACTOGEN 2 400GM                                  1160                        2974                        null                        null                        
LACTOGEN 1 400GM                                  1159                        2973                        null                        null                        

                                ----------------------------------------------------------------------------------------------------                                


Main Category:                Dairy Powder                                                
Scenarios:                    Display Space Available  ==>  null                                                                                                

Product Category:             Dairy Powder                                                
Products:                                         Facing                      Stock Taking                Overwrite Facing            Overwrite Stock Taking      
Nido Fortigrow 390GM                              1168                        2982                        null                        null                        
NESTLE BUNYAD 260GM                               1167                        2981                        null                        null                        

                                ----------------------------------------------------------------------------------------------------                                


Main Category:                Sachets                                                     
Scenarios:                    Display Space Available  ==>  null                                                                                                

Product Category:             Sachets                                                     
Products:                                         Facing                      Stock Taking                Overwrite Facing            Overwrite Stock Taking      
CERELAC 3 FRUIT 25GM                              1172                        2986                        null                        null                        
NESTLE BUNYAD 26GM                                1171                        2985                        null                        null                        
EVERYDAY 13GM                                     1173                        2987                        null                        null                        
NESTLE BUNYAD 130GM                               1174                        2988                        null                        null                        
CERELAC RICE 25GM                                 1177                        2991                        null                        null                        
EVERYDAY 30GM                                     1175                        2989                        null                        null                        
CERELAC Wheat 25GM                                1176                        2990                        null                        null                        
NESCAFE 3IN1 STRING 20GM                          1179                        2993                        null                        null                        
NESTLE BUNYAD CHOCO 26GM                          1178                        2992                        null                        null                        

                                ----------------------------------------------------------------------------------------------------                                


<-------------------------------------------------------------------------------------------------------------------------------------->



2019-04-23 16:21:11 - [MESSAGE][PASSED] - com.ct.qa.keywords.ShopVisitingScenariosKeywords.visitShopWith_DataVerification is PASSED]]></system-out>
         <system-err><![CDATA[]]></system-err>
      </testcase>
      <system-out><![CDATA[2019-04-23 15:18:42 - [TEST_SUITE][PASSED] - MMA Plus Merchandising Data Verification: Test Cases/VisitShopScenarios/VisitShopsWithDataVerification]]></system-out>
      <system-err><![CDATA[]]></system-err>
   </testsuite>
</testsuites>
