<?xml version="1.0" encoding="UTF-8"?>
<testsuites name="MMA Plus Merchandising" time="138" tests="1" failures="0" errors="1">
   <testsuite name="MMA Plus Merchandising" tests="1" failures="0" errors="1" time="138" timestamp="2018-07-24 17:28:34" hostname="Fahad Shah - DESKTOP-L12UUAD" id="Test Suites/MMA Plus Merchandising">
      <properties>
         <property name="deviceName" value="samsung SM-J110H (Android 4.4.4)"/>
         <property name="devicePlatform" value=""/>
         <property name="logFolder" value="F:\\Git Projects\\MMAPlus_Merchandising\\MMAPlus_Merchandising\\Reports\\MMA Plus Merchandising\\20180724_172832"/>
         <property name="logFiles" value="F:\\Git Projects\\MMAPlus_Merchandising\\MMAPlus_Merchandising\\Reports\\MMA Plus Merchandising\\20180724_172832\\appium.log, F:\\Git Projects\\MMAPlus_Merchandising\\MMAPlus_Merchandising\\Reports\\MMA Plus Merchandising\\20180724_172832\\execution0.log"/>
         <property name="attachments" value=""/>
         <property name="hostName" value="Fahad Shah - DESKTOP-L12UUAD"/>
         <property name="os" value="Windows 10 64bit"/>
         <property name="katalonVersion" value="5.5.0.1"/>
         <property name="deviceOS" value="Android"/>
         <property name="appiumVersion" value="1.8.1"/>
         <property name="deviceModel" value="SM-J110H"/>
         <property name="hostAddress" value="192.168.3.191"/>
         <property name="deviceManufacturer" value="samsung"/>
         <property name="deviceId" value="11015a1136d0b24a"/>
         <property name="deviceName" value="samsung SM-J110H (Android 4.4.4)"/>
         <property name="deviceOSVersion" value="4.4.4"/>
      </properties>
      <testcase name="Test Cases/LaunchingApp/LaunchApp" classname="Test Cases/LaunchingApp/LaunchApp" status="PASSED">
         <system-out><![CDATA[2018-07-24 17:28:35 - [TEST_CASE][PASSED] - Test Cases/LaunchingApp/LaunchApp: Test Cases/LaunchingApp/LaunchApp

2018-07-24 17:28:36 - [TEST_STEP][PASSED] - startApplication: Started app at: 'F:\QA_Automation\Builds\MMAPlus_Sup_v147_0304_live.apk'

2018-07-24 17:28:55 - [MESSAGE][PASSED] - Started app at: 'F:\QA_Automation\Builds\MMAPlus_Sup_v147_0304_live.apk'

2018-07-24 17:28:55 - [TEST_STEP][PASSED] - delay: Delayed 5 second(s)

2018-07-24 17:29:00 - [MESSAGE][PASSED] - Delayed 5 second(s)]]></system-out>
         <system-err><![CDATA[]]></system-err>
      </testcase>
      <testcase name="Test Cases/Shop/VisitShop" classname="Test Cases/Shop/VisitShop" status="ERROR">
         <error type="ERROR" message="Test Cases/Shop/VisitShop FAILED because (of) Main Category: Chiller
Product Category: Juices - 200ML
displayed products are less than to expected products..."/>
         <system-out><![CDATA[2018-07-24 17:29:00 - [TEST_CASE][ERROR] - Test Cases/Shop/VisitShop: Test Cases/Shop/VisitShop FAILED because (of) Main Category: Chiller
Product Category: Juices - 200ML
displayed products are less than to expected products...

2018-07-24 17:29:00 - [TEST_STEP][PASSED] - verifyElementText: Actual text and expected text of test object 'Object Repository/DashboardScreenElements/Validate_DashboardScreen' are matched.

2018-07-24 17:29:04 - [MESSAGE][PASSED] - Actual text and expected text of test object 'Object Repository/DashboardScreenElements/Validate_DashboardScreen' are matched.

2018-07-24 17:29:04 - [TEST_STEP][PASSED] - com.ct.qa.keywords.CommonKeywords.selectday: com.ct.qa.keywords.CommonKeywords.selectday is PASSED

2018-07-24 17:29:06 - [MESSAGE][PASSED] - com.ct.qa.keywords.CommonKeywords.selectday is PASSED

2018-07-24 17:29:06 - [TEST_STEP][PASSED] - tap: Tapped on element 'Object Repository/DashboardScreenElements/StartYourDay'

2018-07-24 17:29:06 - [MESSAGE][WARNING] - Timeout '0' is invalid. Using default page load timeout: '15'

2018-07-24 17:29:08 - [MESSAGE][PASSED] - Tapped on element 'Object Repository/DashboardScreenElements/StartYourDay'

2018-07-24 17:29:08 - [TEST_STEP][PASSED] - verifyElementText: Actual text and expected text of test object 'Object Repository/Validate_ShopListScreen' are matched.

2018-07-24 17:29:09 - [MESSAGE][PASSED] - Actual text and expected text of test object 'Object Repository/Validate_ShopListScreen' are matched.

2018-07-24 17:29:09 - [TEST_STEP][ERROR] - com.ct.qa.keywords.VisitingScenariosKeywords.visitShop: Main Category: Chiller
Product Category: Juices - 200ML
displayed products are less than to expected products...

2018-07-24 17:29:13 - [MESSAGE][PASSED] - Actual text and expected text of test object 'Object Repository/Validate_ShopOptionsScreen' are matched.

2018-07-24 17:29:13 - [MESSAGE][WARNING] - Timeout '0' is invalid. Using default page load timeout: '15'

2018-07-24 17:29:13 - [MESSAGE][PASSED] - Tapped on element 'Object Repository/StartWorking'

2018-07-24 17:29:28 - [MESSAGE][PASSED] - Delayed 15 second(s)

2018-07-24 17:29:30 - [MESSAGE][PASSED] - Element 'Object Repository/CommonScreenElements/Validate_MapScreen' is exist

2018-07-24 17:29:30 - [MESSAGE][WARNING] - Timeout '0' is invalid. Using default page load timeout: '15'

2018-07-24 17:29:30 - [MESSAGE][PASSED] - Tapped on element 'Object Repository/CommonScreenElements/Location_CheckIn'

2018-07-24 17:29:30 - [MESSAGE][WARNING] - Timeout '0' is invalid. Using default page load timeout: '15'

2018-07-24 17:29:32 - [MESSAGE][PASSED] - Element 'Object Repository/CommonScreenElements/Validate_InfoPopUP' is exist

2018-07-24 17:29:32 - [MESSAGE][WARNING] - Timeout '0' is invalid. Using default page load timeout: '15'

2018-07-24 17:29:32 - [MESSAGE][PASSED] - Tapped on element 'Object Repository/CommonScreenElements/InfoPopUp_NoButton'

2018-07-24 17:29:32 - [TEST_CASE][PASSED] - Test Cases/ShopOpen/VisitShopOpen: Test Cases/ShopOpen/VisitShopOpen

2018-07-24 17:29:33 - [TEST_STEP][PASSED] - verifyElementExist: Element 'Object Repository/ShopActions_List' is exist

2018-07-24 17:29:33 - [MESSAGE][WARNING] - Timeout '0' is invalid. Using default page load timeout: '15'

2018-07-24 17:29:33 - [MESSAGE][PASSED] - Element 'Object Repository/ShopActions_List' is exist

2018-07-24 17:29:33 - [TEST_STEP][PASSED] - tap: Tapped on element 'Object Repository/ShopOpen/ShopOpen'

2018-07-24 17:29:33 - [MESSAGE][WARNING] - Timeout '0' is invalid. Using default page load timeout: '15'

2018-07-24 17:29:35 - [MESSAGE][PASSED] - Tapped on element 'Object Repository/ShopOpen/ShopOpen'

2018-07-24 17:29:35 - [TEST_STEP][PASSED] - verifyElementExist: Element 'Object Repository/CommonScreenElements/Validate_CameraScreen' is exist

2018-07-24 17:29:35 - [MESSAGE][WARNING] - Timeout '0' is invalid. Using default page load timeout: '15'

2018-07-24 17:29:36 - [MESSAGE][PASSED] - Element 'Object Repository/CommonScreenElements/Validate_CameraScreen' is exist

2018-07-24 17:29:36 - [TEST_STEP][PASSED] - tap: Tapped on element 'Object Repository/CommonScreenElements/TakePictureButton'

2018-07-24 17:29:36 - [MESSAGE][WARNING] - Timeout '0' is invalid. Using default page load timeout: '15'

2018-07-24 17:29:39 - [MESSAGE][PASSED] - Tapped on element 'Object Repository/CommonScreenElements/TakePictureButton'

2018-07-24 17:29:39 - [TEST_STEP][PASSED] - delay: Delayed 5 second(s)

2018-07-24 17:29:44 - [MESSAGE][PASSED] - Delayed 5 second(s)

2018-07-24 17:29:44 - [TEST_STEP][PASSED] - tap: Tapped on element 'Object Repository/CommonScreenElements/DoneButton'

2018-07-24 17:29:44 - [MESSAGE][WARNING] - Timeout '0' is invalid. Using default page load timeout: '15'

2018-07-24 17:29:46 - [MESSAGE][PASSED] - Tapped on element 'Object Repository/CommonScreenElements/DoneButton'

2018-07-24 17:29:46 - [MESSAGE][PASSED] - Call Test Case 'Test Cases/ShopOpen/VisitShopOpen' successfully

2018-07-24 17:29:46 - [TEST_CASE][ERROR] - Test Cases/ShopOpen/VisitShopCategories: Test Cases/ShopOpen/VisitShopCategories FAILED because (of) Main Category: Chiller
Product Category: Juices - 200ML
displayed products are less than to expected products...

2018-07-24 17:29:46 - [TEST_STEP][PASSED] - verifyElementExist: Element 'Object Repository/ShopOpen/Validate_ShopCategoriesListScreen' is exist

2018-07-24 17:29:46 - [MESSAGE][WARNING] - Timeout '0' is invalid. Using default page load timeout: '15'

2018-07-24 17:29:46 - [MESSAGE][PASSED] - Element 'Object Repository/ShopOpen/Validate_ShopCategoriesListScreen' is exist

2018-07-24 17:29:46 - [TEST_STEP][ERROR] - com.ct.qa.keywords.VisitingScenariosKeywords.visitShopCategories: Main Category: Chiller
Product Category: Juices - 200ML
displayed products are less than to expected products...

2018-07-24 17:29:48 - [TEST_CASE][ERROR] - Test Cases/ShopOpen/Chiller/VisitChillerWithChillerNotAllocated: Test Cases/ShopOpen/Chiller/VisitChillerWithChillerNotAllocated FAILED because (of) Main Category: Chiller
Product Category: Juices - 200ML
displayed products are less than to expected products...

2018-07-24 17:29:49 - [TEST_STEP][PASSED] - verifyElementText: Actual text and expected text of test object 'Object Repository/ShopOpen/Chiller/Validate_ChillerScreen' are matched.

2018-07-24 17:29:50 - [MESSAGE][PASSED] - Actual text and expected text of test object 'Object Repository/ShopOpen/Chiller/Validate_ChillerScreen' are matched.

2018-07-24 17:29:50 - [TEST_STEP][PASSED] - tap: Tapped on element 'Object Repository/ShopOpen/Chiller/ChillerNotAllocated'

2018-07-24 17:29:50 - [MESSAGE][WARNING] - Timeout '0' is invalid. Using default page load timeout: '15'

2018-07-24 17:29:50 - [MESSAGE][PASSED] - Tapped on element 'Object Repository/ShopOpen/Chiller/ChillerNotAllocated'

2018-07-24 17:29:50 - [TEST_STEP][PASSED] - verifyElementText: Actual text and expected text of test object 'Object Repository/ShopOpen/Chiller/Validate_ChillerNotAllocatedProductCategoryScreen' are matched.

2018-07-24 17:29:53 - [MESSAGE][PASSED] - Actual text and expected text of test object 'Object Repository/ShopOpen/Chiller/Validate_ChillerNotAllocatedProductCategoryScreen' are matched.

2018-07-24 17:29:53 - [TEST_STEP][ERROR] - com.ct.qa.keywords.ChannelKeywords.visitChillerNotAllocatedProductCategories: Main Category: Chiller
Product Category: Juices - 200ML
displayed products are less than to expected products...

2018-07-24 17:29:57 - [TEST_CASE][PASSED] - Test Cases/ShopOpen/Chiller/VisitProductCategoryAssets: Test Cases/ShopOpen/Chiller/VisitProductCategoryAssets

2018-07-24 17:29:58 - [TEST_STEP][PASSED] - verifyElementText: Actual text and expected text of test object 'Object Repository/ShopOpen/Chiller/Validate_ProductCategoryAssetsScreen' are matched.

2018-07-24 17:29:59 - [MESSAGE][PASSED] - Actual text and expected text of test object 'Object Repository/ShopOpen/Chiller/Validate_ProductCategoryAssetsScreen' are matched.

2018-07-24 17:29:59 - [TEST_STEP][PASSED] - tap: Tapped on element 'Object Repository/ShopOpen/Chiller/Facing'

2018-07-24 17:29:59 - [MESSAGE][WARNING] - Timeout '0' is invalid. Using default page load timeout: '15'

2018-07-24 17:29:59 - [MESSAGE][PASSED] - Tapped on element 'Object Repository/ShopOpen/Chiller/Facing'

2018-07-24 17:29:59 - [TEST_STEP][PASSED] - verifyElementText: Actual text and expected text of test object 'Object Repository/ShopOpen/Chiller/Validate_FacingScreen' are matched.

2018-07-24 17:30:01 - [MESSAGE][PASSED] - Actual text and expected text of test object 'Object Repository/ShopOpen/Chiller/Validate_FacingScreen' are matched.

2018-07-24 17:30:01 - [TEST_STEP][PASSED] - com.ct.qa.keywords.ChannelKeywords.visitChannelWiseProductsData: com.ct.qa.keywords.ChannelKeywords.visitChannelWiseProductsData is PASSED

2018-07-24 17:30:05 - [MESSAGE][PASSED] - Keyboard is hidden

2018-07-24 17:30:08 - [MESSAGE][PASSED] - Keyboard is hidden

2018-07-24 17:30:11 - [MESSAGE][PASSED] - Keyboard is hidden

2018-07-24 17:30:14 - [MESSAGE][PASSED] - Keyboard is hidden

2018-07-24 17:30:17 - [MESSAGE][PASSED] - Keyboard is hidden

2018-07-24 17:30:19 - [MESSAGE][PASSED] - com.ct.qa.keywords.ChannelKeywords.visitChannelWiseProductsData is PASSED

2018-07-24 17:30:19 - [TEST_STEP][PASSED] - tap: Tapped on element 'Object Repository/ShopOpen/Chiller/SubmitButton'

2018-07-24 17:30:19 - [MESSAGE][WARNING] - Timeout '0' is invalid. Using default page load timeout: '15'

2018-07-24 17:30:19 - [MESSAGE][PASSED] - Tapped on element 'Object Repository/ShopOpen/Chiller/SubmitButton'

2018-07-24 17:30:19 - [TEST_STEP][PASSED] - verifyElementText: Actual text and expected text of test object 'Object Repository/ShopOpen/Chiller/Validate_ProductCategoryAssetsScreen' are matched.

2018-07-24 17:30:20 - [MESSAGE][PASSED] - Actual text and expected text of test object 'Object Repository/ShopOpen/Chiller/Validate_ProductCategoryAssetsScreen' are matched.

2018-07-24 17:30:20 - [TEST_STEP][PASSED] - tap: Tapped on element 'Object Repository/ShopOpen/Chiller/StockTaking'

2018-07-24 17:30:20 - [MESSAGE][WARNING] - Timeout '0' is invalid. Using default page load timeout: '15'

2018-07-24 17:30:20 - [MESSAGE][PASSED] - Tapped on element 'Object Repository/ShopOpen/Chiller/StockTaking'

2018-07-24 17:30:20 - [TEST_STEP][PASSED] - verifyElementText: Actual text and expected text of test object 'Object Repository/ShopOpen/Chiller/Validate_StockTakingScreen' are matched.

2018-07-24 17:30:22 - [MESSAGE][PASSED] - Actual text and expected text of test object 'Object Repository/ShopOpen/Chiller/Validate_StockTakingScreen' are matched.

2018-07-24 17:30:22 - [TEST_STEP][PASSED] - com.ct.qa.keywords.ChannelKeywords.visitChannelWiseProductsData: com.ct.qa.keywords.ChannelKeywords.visitChannelWiseProductsData is PASSED

2018-07-24 17:30:26 - [MESSAGE][PASSED] - Keyboard is hidden

2018-07-24 17:30:29 - [MESSAGE][PASSED] - Keyboard is hidden

2018-07-24 17:30:32 - [MESSAGE][PASSED] - Keyboard is hidden

2018-07-24 17:30:35 - [MESSAGE][PASSED] - Keyboard is hidden

2018-07-24 17:30:38 - [MESSAGE][PASSED] - Keyboard is hidden

2018-07-24 17:30:40 - [MESSAGE][PASSED] - com.ct.qa.keywords.ChannelKeywords.visitChannelWiseProductsData is PASSED

2018-07-24 17:30:40 - [TEST_STEP][PASSED] - tap: Tapped on element 'Object Repository/ShopOpen/Chiller/SubmitButton'

2018-07-24 17:30:40 - [MESSAGE][WARNING] - Timeout '0' is invalid. Using default page load timeout: '15'

2018-07-24 17:30:40 - [MESSAGE][PASSED] - Tapped on element 'Object Repository/ShopOpen/Chiller/SubmitButton'

2018-07-24 17:30:40 - [TEST_STEP][PASSED] - verifyElementText: Actual text and expected text of test object 'Object Repository/ShopOpen/Chiller/Validate_ProductCategoryAssetsScreen' are matched.

2018-07-24 17:30:41 - [MESSAGE][PASSED] - Actual text and expected text of test object 'Object Repository/ShopOpen/Chiller/Validate_ProductCategoryAssetsScreen' are matched.

2018-07-24 17:30:41 - [TEST_STEP][PASSED] - tap: Tapped on element 'Object Repository/ShopOpen/Chiller/ChillerNotAllocatedProductCategory_BackButton'

2018-07-24 17:30:41 - [MESSAGE][WARNING] - Timeout '0' is invalid. Using default page load timeout: '15'

2018-07-24 17:30:41 - [MESSAGE][PASSED] - Tapped on element 'Object Repository/ShopOpen/Chiller/ChillerNotAllocatedProductCategory_BackButton'

2018-07-24 17:30:41 - [MESSAGE][PASSED] - Call Test Case 'Test Cases/ShopOpen/Chiller/VisitProductCategoryAssets' successfully

2018-07-24 17:30:43 - [TEST_CASE][ERROR] - Test Cases/ShopOpen/Chiller/VisitProductCategoryAssets: Test Cases/ShopOpen/Chiller/VisitProductCategoryAssets FAILED because (of) Main Category: Chiller
Product Category: Juices - 200ML
displayed products are less than to expected products...

2018-07-24 17:30:43 - [TEST_STEP][PASSED] - verifyElementText: Actual text and expected text of test object 'Object Repository/ShopOpen/Chiller/Validate_ProductCategoryAssetsScreen' are matched.

2018-07-24 17:30:45 - [MESSAGE][PASSED] - Actual text and expected text of test object 'Object Repository/ShopOpen/Chiller/Validate_ProductCategoryAssetsScreen' are matched.

2018-07-24 17:30:45 - [TEST_STEP][PASSED] - tap: Tapped on element 'Object Repository/ShopOpen/Chiller/Facing'

2018-07-24 17:30:45 - [MESSAGE][WARNING] - Timeout '0' is invalid. Using default page load timeout: '15'

2018-07-24 17:30:45 - [MESSAGE][PASSED] - Tapped on element 'Object Repository/ShopOpen/Chiller/Facing'

2018-07-24 17:30:45 - [TEST_STEP][PASSED] - verifyElementText: Actual text and expected text of test object 'Object Repository/ShopOpen/Chiller/Validate_FacingScreen' are matched.

2018-07-24 17:30:47 - [MESSAGE][PASSED] - Actual text and expected text of test object 'Object Repository/ShopOpen/Chiller/Validate_FacingScreen' are matched.

2018-07-24 17:30:47 - [TEST_STEP][ERROR] - com.ct.qa.keywords.ChannelKeywords.visitChannelWiseProductsData: Main Category: Chiller
Product Category: Juices - 200ML
displayed products are less than to expected products...

2018-07-24 17:30:53 - [MESSAGE][ERROR] - Main Category: Chiller
Product Category: Juices - 200ML
displayed products are less than to expected products...

2018-07-24 17:30:53 - [MESSAGE][FAILED] - Unable to call Test Case with id 'Test Cases/ShopOpen/Chiller/VisitProductCategoryAssets' (Root cause: Call Test Case 'Test Cases/ShopOpen/Chiller/VisitProductCategoryAssets' failed because of error(s))

2018-07-24 17:30:53 - [MESSAGE][ERROR] - Main Category: Chiller
Product Category: Juices - 200ML
displayed products are less than to expected products...

2018-07-24 17:30:53 - [MESSAGE][FAILED] - Unable to call Test Case with id 'Test Cases/ShopOpen/Chiller/VisitChillerWithChillerNotAllocated' (Root cause: Call Test Case 'Test Cases/ShopOpen/Chiller/VisitChillerWithChillerNotAllocated' failed because of error(s))

2018-07-24 17:30:53 - [MESSAGE][ERROR] - Main Category: Chiller
Product Category: Juices - 200ML
displayed products are less than to expected products...

2018-07-24 17:30:53 - [MESSAGE][FAILED] - Unable to call Test Case with id 'Test Cases/ShopOpen/VisitShopCategories' (Root cause: Call Test Case 'Test Cases/ShopOpen/VisitShopCategories' failed because of error(s))

2018-07-24 17:30:53 - [MESSAGE][ERROR] - Main Category: Chiller
Product Category: Juices - 200ML
displayed products are less than to expected products...]]></system-out>
         <system-err><![CDATA[2018-07-24 17:29:00 - [TEST_CASE][ERROR] - Test Cases/Shop/VisitShop: Test Cases/Shop/VisitShop FAILED because (of) Main Category: Chiller
Product Category: Juices - 200ML
displayed products are less than to expected products...]]></system-err>
      </testcase>
      <system-out><![CDATA[2018-07-24 17:28:34 - [TEST_SUITE][ERROR] - MMA Plus Merchandising: Test Cases/Shop/VisitShop FAILED because (of) Main Category: Chiller
Product Category: Juices - 200ML
displayed products are less than to expected products...]]></system-out>
      <system-err><![CDATA[2018-07-24 17:28:34 - [TEST_SUITE][ERROR] - MMA Plus Merchandising: Test Cases/Shop/VisitShop FAILED because (of) Main Category: Chiller
Product Category: Juices - 200ML
displayed products are less than to expected products...]]></system-err>
   </testsuite>
</testsuites>
