<?xml version="1.0" encoding="UTF-8"?>
<testsuites name="MMA Plus Merchandising With Shop Level Overwrite Scenarios" time="121" tests="2" failures="0" errors="0">
   <testsuite name="MMA Plus Merchandising With Shop Level Overwrite Scenarios" tests="2" failures="0" errors="0" time="121" timestamp="2018-08-10 19:04:31" hostname="Fahad Shah - DESKTOP-L12UUAD" id="Test Suites/MMA Plus Merchandising With Shop Level Overwrite Scenarios">
      <properties>
         <property name="deviceName" value="samsung SM-J110H (Android 4.4.4)"/>
         <property name="devicePlatform" value=""/>
         <property name="logFolder" value="F:\\Git Projects\\MMAPlus_Merchandising\\MMAPlus_Merchandising\\Reports\\MMA Plus Merchandising With Shop Level Overwrite Scenarios\\20180810_190429"/>
         <property name="logFiles" value="F:\\Git Projects\\MMAPlus_Merchandising\\MMAPlus_Merchandising\\Reports\\MMA Plus Merchandising With Shop Level Overwrite Scenarios\\20180810_190429\\appium.log, F:\\Git Projects\\MMAPlus_Merchandising\\MMAPlus_Merchandising\\Reports\\MMA Plus Merchandising With Shop Level Overwrite Scenarios\\20180810_190429\\execution0.log"/>
         <property name="attachments" value=""/>
         <property name="hostName" value="Fahad Shah - DESKTOP-L12UUAD"/>
         <property name="os" value="Windows 10 64bit"/>
         <property name="katalonVersion" value="5.6.0.1"/>
         <property name="deviceOS" value="Android"/>
         <property name="appiumVersion" value="1.8.1"/>
         <property name="deviceModel" value="SM-J110H"/>
         <property name="hostAddress" value="192.168.3.191"/>
         <property name="deviceManufacturer" value="samsung"/>
         <property name="deviceId" value="11016e423244a24a"/>
         <property name="deviceName" value="samsung SM-J110H (Android 4.4.4)"/>
         <property name="deviceOSVersion" value="4.4.4"/>
      </properties>
      <testcase name="Test Cases/LaunchingApp/LaunchApp" classname="Test Cases/LaunchingApp/LaunchApp" status="PASSED">
         <system-out><![CDATA[2018-08-10 19:04:31 - [TEST_CASE][PASSED] - Test Cases/LaunchingApp/LaunchApp: Test Cases/LaunchingApp/LaunchApp

2018-08-10 19:04:32 - [TEST_STEP][PASSED] - startApplication: Started app at: 'F:\QA_Automation\Builds\mma_local_060818_v150.apk'

2018-08-10 19:04:49 - [MESSAGE][PASSED] - Started app at: 'F:\QA_Automation\Builds\mma_local_060818_v150.apk'

2018-08-10 19:04:49 - [TEST_STEP][PASSED] - delay: Delayed 5 second(s)

2018-08-10 19:04:54 - [MESSAGE][PASSED] - Delayed 5 second(s)]]></system-out>
         <system-err><![CDATA[]]></system-err>
      </testcase>
      <testcase name="Test Cases/VisitShopScenarios/VisitShopsWithShopLevelOverwriting" classname="Test Cases/VisitShopScenarios/VisitShopsWithShopLevelOverwriting" status="PASSED">
         <system-out><![CDATA[2018-08-10 19:04:54 - [TEST_CASE][PASSED] - Test Cases/VisitShopScenarios/VisitShopsWithShopLevelOverwriting: Test Cases/VisitShopScenarios/VisitShopsWithShopLevelOverwriting

2018-08-10 19:04:54 - [TEST_STEP][PASSED] - verifyElementText: Actual text and expected text of test object 'Object Repository/DashboardScreenElements/Validate_DashboardScreen' are matched.

2018-08-10 19:05:02 - [MESSAGE][PASSED] - Actual text and expected text of test object 'Object Repository/DashboardScreenElements/Validate_DashboardScreen' are matched.

2018-08-10 19:05:02 - [TEST_STEP][PASSED] - com.ct.qa.keywords.CommonKeywords.selectday: com.ct.qa.keywords.CommonKeywords.selectday is PASSED

2018-08-10 19:05:02 - [MESSAGE][WARNING] - Timeout '0' is invalid. Using default page load timeout: '5'

2018-08-10 19:05:02 - [MESSAGE][PASSED] - Tapped on element 'Object Repository/DashboardScreenElements/DaysDropdownMenu'

2018-08-10 19:05:02 - [MESSAGE][WARNING] - Timeout '0' is invalid. Using default page load timeout: '5'

2018-08-10 19:05:04 - [MESSAGE][PASSED] - Element 'Object Repository/DashboardScreenElements/Validate_DaysListScreen' is exist

2018-08-10 19:05:06 - [MESSAGE][PASSED] - com.ct.qa.keywords.CommonKeywords.selectday is PASSED

2018-08-10 19:05:06 - [TEST_STEP][PASSED] - tap: Tapped on element 'Object Repository/DashboardScreenElements/StartYourDay'

2018-08-10 19:05:06 - [MESSAGE][WARNING] - Timeout '0' is invalid. Using default page load timeout: '5'

2018-08-10 19:05:07 - [MESSAGE][PASSED] - Tapped on element 'Object Repository/DashboardScreenElements/StartYourDay'

2018-08-10 19:05:07 - [TEST_STEP][PASSED] - verifyElementText: Actual text and expected text of test object 'Object Repository/Validate_ShopListScreen' are matched.

2018-08-10 19:05:09 - [MESSAGE][PASSED] - Actual text and expected text of test object 'Object Repository/Validate_ShopListScreen' are matched.

2018-08-10 19:05:09 - [TEST_STEP][PASSED] - com.ct.qa.keywords.ShopVisitingScenariosKeywords.visitShopsWithShopLevelOverwriting: com.ct.qa.keywords.ShopVisitingScenariosKeywords.visitShopsWithShopLevelOverwriting is PASSED

2018-08-10 19:05:13 - [MESSAGE][PASSED] - Actual text and expected text of test object 'Object Repository/Validate_ShopOptionsScreen' are matched.

2018-08-10 19:05:13 - [MESSAGE][WARNING] - Timeout '0' is invalid. Using default page load timeout: '5'

2018-08-10 19:05:13 - [MESSAGE][PASSED] - Tapped on element 'Object Repository/StartWorking'

2018-08-10 19:05:28 - [MESSAGE][PASSED] - Delayed 15 second(s)

2018-08-10 19:05:30 - [MESSAGE][PASSED] - Element 'Object Repository/CommonScreenElements/Validate_MapScreen' is exist

2018-08-10 19:05:30 - [MESSAGE][WARNING] - Timeout '0' is invalid. Using default page load timeout: '5'

2018-08-10 19:05:31 - [MESSAGE][PASSED] - Tapped on element 'Object Repository/CommonScreenElements/Location_CheckIn'

2018-08-10 19:05:31 - [MESSAGE][WARNING] - Timeout '0' is invalid. Using default page load timeout: '5'

2018-08-10 19:05:32 - [MESSAGE][PASSED] - Element 'Object Repository/CommonScreenElements/Validate_InfoPopUP' is exist

2018-08-10 19:05:32 - [MESSAGE][WARNING] - Timeout '0' is invalid. Using default page load timeout: '5'

2018-08-10 19:05:33 - [MESSAGE][PASSED] - Tapped on element 'Object Repository/CommonScreenElements/InfoPopUp_NoButton'

2018-08-10 19:05:33 - [TEST_CASE][PASSED] - Test Cases/ShopKeeperDidNotAllow/VisitShopKeeperDidNotAllow: Test Cases/ShopKeeperDidNotAllow/VisitShopKeeperDidNotAllow

2018-08-10 19:05:33 - [TEST_STEP][PASSED] - verifyElementExist: Element 'Object Repository/ShopActions_List' is exist

2018-08-10 19:05:33 - [MESSAGE][WARNING] - Timeout '0' is invalid. Using default page load timeout: '5'

2018-08-10 19:05:33 - [MESSAGE][PASSED] - Element 'Object Repository/ShopActions_List' is exist

2018-08-10 19:05:33 - [TEST_STEP][PASSED] - tap: Tapped on element 'Object Repository/ShopKeeperDidNotAllow/ShoopKeeperDidNotAllow'

2018-08-10 19:05:33 - [MESSAGE][WARNING] - Timeout '0' is invalid. Using default page load timeout: '5'

2018-08-10 19:05:35 - [MESSAGE][PASSED] - Tapped on element 'Object Repository/ShopKeeperDidNotAllow/ShoopKeeperDidNotAllow'

2018-08-10 19:05:35 - [TEST_STEP][PASSED] - verifyElementExist: Element 'Object Repository/CommonScreenElements/Validate_CameraScreen' is exist

2018-08-10 19:05:35 - [MESSAGE][WARNING] - Timeout '0' is invalid. Using default page load timeout: '5'

2018-08-10 19:05:36 - [MESSAGE][PASSED] - Element 'Object Repository/CommonScreenElements/Validate_CameraScreen' is exist

2018-08-10 19:05:36 - [TEST_STEP][PASSED] - tap: Tapped on element 'Object Repository/CommonScreenElements/TakePictureButton'

2018-08-10 19:05:36 - [MESSAGE][WARNING] - Timeout '0' is invalid. Using default page load timeout: '5'

2018-08-10 19:05:39 - [MESSAGE][PASSED] - Tapped on element 'Object Repository/CommonScreenElements/TakePictureButton'

2018-08-10 19:05:39 - [TEST_STEP][PASSED] - delay: Delayed 5 second(s)

2018-08-10 19:05:44 - [MESSAGE][PASSED] - Delayed 5 second(s)

2018-08-10 19:05:44 - [TEST_STEP][PASSED] - tap: Tapped on element 'Object Repository/CommonScreenElements/DoneButton'

2018-08-10 19:05:44 - [MESSAGE][WARNING] - Timeout '0' is invalid. Using default page load timeout: '5'

2018-08-10 19:05:45 - [MESSAGE][PASSED] - Tapped on element 'Object Repository/CommonScreenElements/DoneButton'

2018-08-10 19:05:45 - [TEST_STEP][PASSED] - verifyElementText: Actual text and expected text of test object 'Object Repository/ShopKeeperDidNotAllow/Validate_ShopRemarksScreen' are matched.

2018-08-10 19:05:47 - [MESSAGE][PASSED] - Actual text and expected text of test object 'Object Repository/ShopKeeperDidNotAllow/Validate_ShopRemarksScreen' are matched.

2018-08-10 19:05:47 - [TEST_STEP][PASSED] - tap: Tapped on element 'Object Repository/ShopKeeperDidNotAllow/CategoryRemark_ExpiryIssue'

2018-08-10 19:05:47 - [MESSAGE][WARNING] - Timeout '0' is invalid. Using default page load timeout: '5'

2018-08-10 19:05:47 - [MESSAGE][PASSED] - Tapped on element 'Object Repository/ShopKeeperDidNotAllow/CategoryRemark_ExpiryIssue'

2018-08-10 19:05:47 - [TEST_STEP][PASSED] - tap: Tapped on element 'Object Repository/ShopKeeperDidNotAllow/ShopRemarks_BackButton'

2018-08-10 19:05:47 - [MESSAGE][WARNING] - Timeout '0' is invalid. Using default page load timeout: '5'

2018-08-10 19:05:48 - [MESSAGE][PASSED] - Tapped on element 'Object Repository/ShopKeeperDidNotAllow/ShopRemarks_BackButton'

2018-08-10 19:05:48 - [MESSAGE][PASSED] - Call Test Case 'Test Cases/ShopKeeperDidNotAllow/VisitShopKeeperDidNotAllow' successfully

2018-08-10 19:05:48 - [MESSAGE][WARNING] - Timeout '0' is invalid. Using default page load timeout: '5'

2018-08-10 19:05:49 - [MESSAGE][PASSED] - Element 'Object Repository/Validate_ShopListScreen' is exist

2018-08-10 19:05:53 - [MESSAGE][PASSED] - Actual text and expected text of test object 'Object Repository/Validate_ShopOptionsScreen' are matched.

2018-08-10 19:05:53 - [MESSAGE][WARNING] - Timeout '0' is invalid. Using default page load timeout: '5'

2018-08-10 19:05:53 - [MESSAGE][PASSED] - Tapped on element 'Object Repository/StartWorking'

2018-08-10 19:05:53 - [MESSAGE][WARNING] - Timeout '0' is invalid. Using default page load timeout: '5'

2018-08-10 19:05:55 - [MESSAGE][PASSED] - Element 'Object Repository/CommonScreenElements/Validate_InfoPopUP' is exist

2018-08-10 19:05:55 - [MESSAGE][WARNING] - Timeout '-20' is invalid. Using default page load timeout: '5'

2018-08-10 19:05:55 - [MESSAGE][PASSED] - Tapped on element 'Object Repository/CommonScreenElements/InfoPopUp_YesButton'

2018-08-10 19:06:10 - [MESSAGE][PASSED] - Delayed 15 second(s)

2018-08-10 19:06:11 - [MESSAGE][PASSED] - Element 'Object Repository/CommonScreenElements/Validate_MapScreen' is exist

2018-08-10 19:06:11 - [MESSAGE][WARNING] - Timeout '0' is invalid. Using default page load timeout: '5'

2018-08-10 19:06:11 - [MESSAGE][PASSED] - Tapped on element 'Object Repository/CommonScreenElements/Location_CheckIn'

2018-08-10 19:06:11 - [MESSAGE][WARNING] - Timeout '0' is invalid. Using default page load timeout: '5'

2018-08-10 19:06:12 - [MESSAGE][PASSED] - Element 'Object Repository/CommonScreenElements/Validate_InfoPopUP' is exist

2018-08-10 19:06:12 - [MESSAGE][WARNING] - Timeout '0' is invalid. Using default page load timeout: '5'

2018-08-10 19:06:13 - [MESSAGE][PASSED] - Tapped on element 'Object Repository/CommonScreenElements/InfoPopUp_NoButton'

2018-08-10 19:06:15 - [MESSAGE][PASSED] - Swiped from 0,292 to 0,200

2018-08-10 19:06:15 - [TEST_CASE][PASSED] - Test Cases/ShopKeeperDidNotAllow/OverwriteShopKeeperDidNotAllow: Test Cases/ShopKeeperDidNotAllow/OverwriteShopKeeperDidNotAllow

2018-08-10 19:06:15 - [TEST_STEP][PASSED] - verifyElementExist: Element 'Object Repository/ShopActions_List' is exist

2018-08-10 19:06:15 - [MESSAGE][WARNING] - Timeout '0' is invalid. Using default page load timeout: '5'

2018-08-10 19:06:16 - [MESSAGE][PASSED] - Element 'Object Repository/ShopActions_List' is exist

2018-08-10 19:06:16 - [TEST_STEP][PASSED] - tap: Tapped on element 'Object Repository/ShopKeeperDidNotAllow/ShoopKeeperDidNotAllow'

2018-08-10 19:06:16 - [MESSAGE][WARNING] - Timeout '0' is invalid. Using default page load timeout: '5'

2018-08-10 19:06:18 - [MESSAGE][PASSED] - Tapped on element 'Object Repository/ShopKeeperDidNotAllow/ShoopKeeperDidNotAllow'

2018-08-10 19:06:18 - [TEST_STEP][PASSED] - verifyElementExist: Element 'Object Repository/CommonScreenElements/Validate_CameraScreen' is exist

2018-08-10 19:06:18 - [MESSAGE][WARNING] - Timeout '0' is invalid. Using default page load timeout: '5'

2018-08-10 19:06:19 - [MESSAGE][PASSED] - Element 'Object Repository/CommonScreenElements/Validate_CameraScreen' is exist

2018-08-10 19:06:19 - [TEST_STEP][PASSED] - tap: Tapped on element 'Object Repository/CommonScreenElements/TakePictureButton'

2018-08-10 19:06:19 - [MESSAGE][WARNING] - Timeout '0' is invalid. Using default page load timeout: '5'

2018-08-10 19:06:22 - [MESSAGE][PASSED] - Tapped on element 'Object Repository/CommonScreenElements/TakePictureButton'

2018-08-10 19:06:22 - [TEST_STEP][PASSED] - delay: Delayed 5 second(s)

2018-08-10 19:06:27 - [MESSAGE][PASSED] - Delayed 5 second(s)

2018-08-10 19:06:27 - [TEST_STEP][PASSED] - tap: Tapped on element 'Object Repository/CommonScreenElements/DoneButton'

2018-08-10 19:06:27 - [MESSAGE][WARNING] - Timeout '0' is invalid. Using default page load timeout: '5'

2018-08-10 19:06:27 - [MESSAGE][PASSED] - Tapped on element 'Object Repository/CommonScreenElements/DoneButton'

2018-08-10 19:06:27 - [TEST_STEP][PASSED] - verifyElementText: Actual text and expected text of test object 'Object Repository/ShopKeeperDidNotAllow/Validate_ShopRemarksScreen' are matched.

2018-08-10 19:06:30 - [MESSAGE][PASSED] - Actual text and expected text of test object 'Object Repository/ShopKeeperDidNotAllow/Validate_ShopRemarksScreen' are matched.

2018-08-10 19:06:30 - [TEST_STEP][PASSED] - tap: Tapped on element 'Object Repository/ShopKeeperDidNotAllow/ShopRemarks_Others'

2018-08-10 19:06:30 - [MESSAGE][WARNING] - Timeout '0' is invalid. Using default page load timeout: '5'

2018-08-10 19:06:30 - [MESSAGE][PASSED] - Tapped on element 'Object Repository/ShopKeeperDidNotAllow/ShopRemarks_Others'

2018-08-10 19:06:30 - [TEST_STEP][PASSED] - tap: Tapped on element 'Object Repository/ShopKeeperDidNotAllow/ShopRemarks_BackButton'

2018-08-10 19:06:30 - [MESSAGE][WARNING] - Timeout '0' is invalid. Using default page load timeout: '5'

2018-08-10 19:06:31 - [MESSAGE][PASSED] - Tapped on element 'Object Repository/ShopKeeperDidNotAllow/ShopRemarks_BackButton'

2018-08-10 19:06:31 - [MESSAGE][PASSED] - Call Test Case 'Test Cases/ShopKeeperDidNotAllow/OverwriteShopKeeperDidNotAllow' successfully

2018-08-10 19:06:31 - [MESSAGE][WARNING] - Timeout '0' is invalid. Using default page load timeout: '5'

2018-08-10 19:06:32 - [MESSAGE][PASSED] - Element 'Object Repository/Validate_ShopListScreen' is exist

2018-08-10 19:06:32 - [MESSAGE][PASSED] - com.ct.qa.keywords.ShopVisitingScenariosKeywords.visitShopsWithShopLevelOverwriting is PASSED]]></system-out>
         <system-err><![CDATA[]]></system-err>
      </testcase>
      <system-out><![CDATA[2018-08-10 19:04:31 - [TEST_SUITE][PASSED] - MMA Plus Merchandising With Shop Level Overwrite Scenarios: Test Cases/VisitShopScenarios/VisitShopsWithShopLevelOverwriting]]></system-out>
      <system-err><![CDATA[]]></system-err>
   </testsuite>
</testsuites>
