<?xml version="1.0" encoding="UTF-8"?>
<testsuites name="MMA Plus Merchandising With Category Level Overwrite Scenarios" time="35" tests="2" failures="0" errors="0">
   <testsuite name="MMA Plus Merchandising With Category Level Overwrite Scenarios" tests="2" failures="0" errors="0" time="35" timestamp="2019-04-05 16:59:36" hostname="Fahad Shah - DESKTOP-L12UUAD" id="Test Suites/MMA Plus Merchandising With Category Level Overwrite Scenarios">
      <properties>
         <property name="deviceName" value="samsung SM-J110H (Android 4.4.4)"/>
         <property name="devicePlatform" value=""/>
         <property name="logFolder" value="F:\\Git Projects\\MMAPlus_Merchandising\\MMAPlus_Merchandising\\Reports\\MMA Plus Merchandising With Category Level Overwrite Scenarios\\20190405_165934"/>
         <property name="logFiles" value="F:\\Git Projects\\MMAPlus_Merchandising\\MMAPlus_Merchandising\\Reports\\MMA Plus Merchandising With Category Level Overwrite Scenarios\\20190405_165934\\appium.log, F:\\Git Projects\\MMAPlus_Merchandising\\MMAPlus_Merchandising\\Reports\\MMA Plus Merchandising With Category Level Overwrite Scenarios\\20190405_165934\\execution0.log"/>
         <property name="attachments" value=""/>
         <property name="hostName" value="Fahad Shah - DESKTOP-L12UUAD"/>
         <property name="os" value="Windows 10 64bit"/>
         <property name="katalonVersion" value="5.10.0.1"/>
         <property name="deviceOS" value="Android"/>
         <property name="appiumVersion" value="1.8.1"/>
         <property name="deviceModel" value="SM-J110H"/>
         <property name="hostAddress" value="169.254.157.3"/>
         <property name="deviceManufacturer" value="samsung"/>
         <property name="deviceId" value="11016e423244a24a"/>
         <property name="deviceName" value="samsung SM-J110H (Android 4.4.4)"/>
         <property name="deviceOSVersion" value="4.4.4"/>
      </properties>
      <testcase name="Test Cases/LaunchingApp/LaunchApp" classname="Test Cases/LaunchingApp/LaunchApp" status="PASSED">
         <system-out><![CDATA[2019-04-05 16:59:37 - [TEST_CASE][PASSED] - Test Cases/LaunchingApp/LaunchApp: Test Cases/LaunchingApp/LaunchApp

2019-04-05 16:59:38 - [TEST_STEP][PASSED] - startApplication("F:\QA_Automation\Builds\mmaplus_030419_local_v154.apk", false): Started app at: 'F:\QA_Automation\Builds\mmaplus_030419_local_v154.apk'

2019-04-05 16:59:39 - [MESSAGE][INFO] - User set preference: ['deviceId', '']

2019-04-05 16:59:43 - [MESSAGE][INFO] - Appium server started on port 52,473

2019-04-05 16:59:55 - [MESSAGE][PASSED] - Started app at: 'F:\QA_Automation\Builds\mmaplus_030419_local_v154.apk'

2019-04-05 16:59:55 - [TEST_STEP][PASSED] - delay(5): Delayed 5 second(s)

2019-04-05 17:00:00 - [MESSAGE][PASSED] - Delayed 5 second(s)]]></system-out>
         <system-err><![CDATA[]]></system-err>
      </testcase>
      <testcase name="Test Cases/VisitShopScenarios/VisitShopsWithCategoryLevelOverwriteScenarios" classname="Test Cases/VisitShopScenarios/VisitShopsWithCategoryLevelOverwriteScenarios" status="PASSED">
         <system-out><![CDATA[2019-04-05 17:00:00 - [TEST_CASE][PASSED] - Test Cases/VisitShopScenarios/VisitShopsWithCategoryLevelOverwriteScenarios: Test Cases/VisitShopScenarios/VisitShopsWithCategoryLevelOverwriteScenarios

2019-04-05 17:00:00 - [TEST_STEP][PASSED] - verifyElementText(findTestObject("DashboardScreenElements/Validate_DashboardScreen", ["package":PACKAGENAME]), "Dashboard"): Actual text and expected text of test object 'Object Repository/DashboardScreenElements/Validate_DashboardScreen' are matched.

2019-04-05 17:00:04 - [MESSAGE][PASSED] - Actual text and expected text of test object 'Object Repository/DashboardScreenElements/Validate_DashboardScreen' are matched.

2019-04-05 17:00:04 - [TEST_STEP][PASSED] - com.ct.qa.keywords.CommonKeywords.selectday(): com.ct.qa.keywords.CommonKeywords.selectday is PASSED

2019-04-05 17:00:04 - [MESSAGE][WARNING] - Timeout '0' is invalid. Using default page load timeout: '6'

2019-04-05 17:00:05 - [MESSAGE][PASSED] - Tapped on element 'Object Repository/DashboardScreenElements/DaysDropdownMenu'

2019-04-05 17:00:05 - [MESSAGE][WARNING] - Timeout '0' is invalid. Using default page load timeout: '6'

2019-04-05 17:00:06 - [MESSAGE][PASSED] - Element 'Object Repository/DashboardScreenElements/Validate_DaysListScreen' is exist

2019-04-05 17:00:08 - [MESSAGE][PASSED] - com.ct.qa.keywords.CommonKeywords.selectday is PASSED

2019-04-05 17:00:08 - [TEST_STEP][PASSED] - tap(findTestObject("DashboardScreenElements/StartYourDay", ["package":PACKAGENAME]), 0): Tapped on element 'Object Repository/DashboardScreenElements/StartYourDay'

2019-04-05 17:00:08 - [MESSAGE][WARNING] - Timeout '0' is invalid. Using default page load timeout: '6'

2019-04-05 17:00:09 - [MESSAGE][PASSED] - Tapped on element 'Object Repository/DashboardScreenElements/StartYourDay'

2019-04-05 17:00:09 - [TEST_STEP][PASSED] - verifyElementText(findTestObject("Validate_ShopListScreen", ["package":PACKAGENAME]), "Shops on Route"): Actual text and expected text of test object 'Object Repository/Validate_ShopListScreen' are matched.

2019-04-05 17:00:11 - [MESSAGE][PASSED] - Actual text and expected text of test object 'Object Repository/Validate_ShopListScreen' are matched.

2019-04-05 17:00:11 - [TEST_STEP][PASSED] - com.ct.qa.keywords.ShopVisitingScenariosKeywords.visitShopsWith_CategoryLevel_OverwriteScenarios(): com.ct.qa.keywords.ShopVisitingScenariosKeywords.visitShopsWith_CategoryLevel_OverwriteScenarios is PASSED

2019-04-05 17:00:12 - [MESSAGE][PASSED] - com.ct.qa.keywords.ShopVisitingScenariosKeywords.visitShopsWith_CategoryLevel_OverwriteScenarios is PASSED]]></system-out>
         <system-err><![CDATA[]]></system-err>
      </testcase>
      <system-out><![CDATA[2019-04-05 16:59:36 - [TEST_SUITE][PASSED] - MMA Plus Merchandising With Category Level Overwrite Scenarios: Test Cases/VisitShopScenarios/VisitShopsWithCategoryLevelOverwriteScenarios]]></system-out>
      <system-err><![CDATA[]]></system-err>
   </testsuite>
</testsuites>
