<?xml version="1.0" encoding="UTF-8"?>
<testsuites name="MMA Plus Merchandising With Shop Level Overwrite Scenarios" time="42" tests="1" failures="0" errors="1">
   <testsuite name="MMA Plus Merchandising With Shop Level Overwrite Scenarios" tests="1" failures="0" errors="1" time="42" timestamp="2018-08-10 18:34:51" hostname="Fahad Shah - DESKTOP-L12UUAD" id="Test Suites/MMA Plus Merchandising With Shop Level Overwrite Scenarios">
      <properties>
         <property name="deviceName" value="samsung SM-J110H (Android 4.4.4)"/>
         <property name="devicePlatform" value=""/>
         <property name="logFolder" value="F:\\Git Projects\\MMAPlus_Merchandising\\MMAPlus_Merchandising\\Reports\\MMA Plus Merchandising With Shop Level Overwrite Scenarios\\20180810_183449"/>
         <property name="logFiles" value="F:\\Git Projects\\MMAPlus_Merchandising\\MMAPlus_Merchandising\\Reports\\MMA Plus Merchandising With Shop Level Overwrite Scenarios\\20180810_183449\\appium.log, F:\\Git Projects\\MMAPlus_Merchandising\\MMAPlus_Merchandising\\Reports\\MMA Plus Merchandising With Shop Level Overwrite Scenarios\\20180810_183449\\execution0.log"/>
         <property name="attachments" value=""/>
         <property name="hostName" value="Fahad Shah - DESKTOP-L12UUAD"/>
         <property name="os" value="Windows 10 64bit"/>
         <property name="katalonVersion" value="5.6.0.1"/>
         <property name="deviceOS" value="Android"/>
         <property name="appiumVersion" value="1.8.1"/>
         <property name="deviceModel" value="SM-J110H"/>
         <property name="hostAddress" value="192.168.3.191"/>
         <property name="deviceManufacturer" value="samsung"/>
         <property name="deviceId" value="11016e423244a24a"/>
         <property name="deviceName" value="samsung SM-J110H (Android 4.4.4)"/>
         <property name="deviceOSVersion" value="4.4.4"/>
      </properties>
      <testcase name="Test Cases/LaunchingApp/LaunchApp" classname="Test Cases/LaunchingApp/LaunchApp" status="PASSED">
         <system-out><![CDATA[2018-08-10 18:34:51 - [TEST_CASE][PASSED] - Test Cases/LaunchingApp/LaunchApp: Test Cases/LaunchingApp/LaunchApp

2018-08-10 18:34:52 - [TEST_STEP][PASSED] - startApplication: Started app at: 'F:\QA_Automation\Builds\mma_local_060818_v150.apk'

2018-08-10 18:35:09 - [MESSAGE][PASSED] - Started app at: 'F:\QA_Automation\Builds\mma_local_060818_v150.apk'

2018-08-10 18:35:09 - [TEST_STEP][PASSED] - delay: Delayed 5 second(s)

2018-08-10 18:35:14 - [MESSAGE][PASSED] - Delayed 5 second(s)]]></system-out>
         <system-err><![CDATA[]]></system-err>
      </testcase>
      <testcase name="Test Cases/VisitShopScenarios/VisitShopsWithShopLevelOverwriting" classname="Test Cases/VisitShopScenarios/VisitShopsWithShopLevelOverwriting" status="ERROR">
         <error type="ERROR" message="Test Cases/VisitShopScenarios/VisitShopsWithShopLevelOverwriting FAILED because (of) java.lang.ClassNotFoundException: com.ct.qa.keywords.ShopVisitingScenariosKeywords"/>
         <system-out><![CDATA[2018-08-10 18:35:14 - [TEST_CASE][ERROR] - Test Cases/VisitShopScenarios/VisitShopsWithShopLevelOverwriting: Test Cases/VisitShopScenarios/VisitShopsWithShopLevelOverwriting FAILED because (of) java.lang.ClassNotFoundException: com.ct.qa.keywords.ShopVisitingScenariosKeywords

2018-08-10 18:35:15 - [TEST_STEP][PASSED] - verifyElementText: Actual text and expected text of test object 'Object Repository/DashboardScreenElements/Validate_DashboardScreen' are matched.

2018-08-10 18:35:18 - [MESSAGE][PASSED] - Actual text and expected text of test object 'Object Repository/DashboardScreenElements/Validate_DashboardScreen' are matched.

2018-08-10 18:35:18 - [TEST_STEP][PASSED] - com.ct.qa.keywords.CommonKeywords.selectday: com.ct.qa.keywords.CommonKeywords.selectday is PASSED

2018-08-10 18:35:18 - [MESSAGE][WARNING] - Timeout '0' is invalid. Using default page load timeout: '5'

2018-08-10 18:35:19 - [MESSAGE][PASSED] - Tapped on element 'Object Repository/DashboardScreenElements/DaysDropdownMenu'

2018-08-10 18:35:19 - [MESSAGE][WARNING] - Timeout '0' is invalid. Using default page load timeout: '5'

2018-08-10 18:35:21 - [MESSAGE][PASSED] - Element 'Object Repository/DashboardScreenElements/Validate_DaysListScreen' is exist

2018-08-10 18:35:28 - [MESSAGE][PASSED] - com.ct.qa.keywords.CommonKeywords.selectday is PASSED

2018-08-10 18:35:28 - [TEST_STEP][PASSED] - tap: Tapped on element 'Object Repository/DashboardScreenElements/StartYourDay'

2018-08-10 18:35:28 - [MESSAGE][WARNING] - Timeout '0' is invalid. Using default page load timeout: '5'

2018-08-10 18:35:30 - [MESSAGE][PASSED] - Tapped on element 'Object Repository/DashboardScreenElements/StartYourDay'

2018-08-10 18:35:30 - [TEST_STEP][PASSED] - verifyElementText: Actual text and expected text of test object 'Object Repository/Validate_ShopListScreen' are matched.

2018-08-10 18:35:33 - [MESSAGE][PASSED] - Actual text and expected text of test object 'Object Repository/Validate_ShopListScreen' are matched.

2018-08-10 18:35:33 - [TEST_STEP][ERROR] - com.ct.qa.keywords.ShopVisitingScenariosKeywords.visitShopsWithShopLevelOverwriting: com.ct.qa.keywords.ShopVisitingScenariosKeywords

2018-08-10 18:35:33 - [MESSAGE][ERROR] - com.ct.qa.keywords.ShopVisitingScenariosKeywords]]></system-out>
         <system-err><![CDATA[2018-08-10 18:35:14 - [TEST_CASE][ERROR] - Test Cases/VisitShopScenarios/VisitShopsWithShopLevelOverwriting: Test Cases/VisitShopScenarios/VisitShopsWithShopLevelOverwriting FAILED because (of) java.lang.ClassNotFoundException: com.ct.qa.keywords.ShopVisitingScenariosKeywords]]></system-err>
      </testcase>
      <system-out><![CDATA[2018-08-10 18:34:51 - [TEST_SUITE][ERROR] - MMA Plus Merchandising With Shop Level Overwrite Scenarios: Test Cases/VisitShopScenarios/VisitShopsWithShopLevelOverwriting FAILED because (of) java.lang.ClassNotFoundException: com.ct.qa.keywords.ShopVisitingScenariosKeywords]]></system-out>
      <system-err><![CDATA[2018-08-10 18:34:51 - [TEST_SUITE][ERROR] - MMA Plus Merchandising With Shop Level Overwrite Scenarios: Test Cases/VisitShopScenarios/VisitShopsWithShopLevelOverwriting FAILED because (of) java.lang.ClassNotFoundException: com.ct.qa.keywords.ShopVisitingScenariosKeywords]]></system-err>
   </testsuite>
</testsuites>
