<?xml version="1.0" encoding="UTF-8"?>
<testsuites name="MMA Plus Merchandising With Chiller Utilization Data Verification" time="81" tests="1" failures="0" errors="1">
   <testsuite name="MMA Plus Merchandising With Chiller Utilization Data Verification" tests="1" failures="0" errors="1" time="81" timestamp="2018-07-30 14:40:30" hostname="Fahad Shah - DESKTOP-L12UUAD" id="Test Suites/MMA Plus Merchandising With Chiller Utilization Data Verification">
      <properties>
         <property name="deviceName" value="samsung SM-J110H (Android 4.4.4)"/>
         <property name="devicePlatform" value=""/>
         <property name="logFolder" value="F:\\Git Projects\\MMAPlus_Merchandising\\MMAPlus_Merchandising\\Reports\\MMA Plus Merchandising With Chiller Utilization Data Verification\\20180730_144028"/>
         <property name="logFiles" value="F:\\Git Projects\\MMAPlus_Merchandising\\MMAPlus_Merchandising\\Reports\\MMA Plus Merchandising With Chiller Utilization Data Verification\\20180730_144028\\appium.log, F:\\Git Projects\\MMAPlus_Merchandising\\MMAPlus_Merchandising\\Reports\\MMA Plus Merchandising With Chiller Utilization Data Verification\\20180730_144028\\execution0.log"/>
         <property name="attachments" value=""/>
         <property name="hostName" value="Fahad Shah - DESKTOP-L12UUAD"/>
         <property name="os" value="Windows 10 64bit"/>
         <property name="katalonVersion" value="5.5.0.1"/>
         <property name="deviceOS" value="Android"/>
         <property name="appiumVersion" value="1.8.1"/>
         <property name="deviceModel" value="SM-J110H"/>
         <property name="hostAddress" value="192.168.3.191"/>
         <property name="deviceManufacturer" value="samsung"/>
         <property name="deviceId" value="11015a1136d0b24a"/>
         <property name="deviceName" value="samsung SM-J110H (Android 4.4.4)"/>
         <property name="deviceOSVersion" value="4.4.4"/>
      </properties>
      <testcase name="Test Cases/LaunchingApp/LaunchApp" classname="Test Cases/LaunchingApp/LaunchApp" status="PASSED">
         <system-out><![CDATA[2018-07-30 14:40:30 - [TEST_CASE][PASSED] - Test Cases/LaunchingApp/LaunchApp: Test Cases/LaunchingApp/LaunchApp

2018-07-30 14:40:31 - [TEST_STEP][PASSED] - startApplication: Started app at: 'F:\QA_Automation\Builds\mmaplus_local_merchandising_030518.apk'

2018-07-30 14:40:48 - [MESSAGE][PASSED] - Started app at: 'F:\QA_Automation\Builds\mmaplus_local_merchandising_030518.apk'

2018-07-30 14:40:48 - [TEST_STEP][PASSED] - delay: Delayed 5 second(s)

2018-07-30 14:40:53 - [MESSAGE][PASSED] - Delayed 5 second(s)]]></system-out>
         <system-err><![CDATA[]]></system-err>
      </testcase>
      <testcase name="Test Cases/VisitShopScenarios/VisitShopsWithDataVerification" classname="Test Cases/VisitShopScenarios/VisitShopsWithDataVerification" status="ERROR">
         <error type="ERROR" message="Test Cases/VisitShopScenarios/VisitShopsWithDataVerification FAILED because (of) org.openqa.selenium.NoSuchElementException: An element could not be located on the page using the given search parameters. (WARNING: The server did not provide any stacktrace information)
Command duration or timeout: 0 milliseconds
For documentation on this error, please visit: http://seleniumhq.org/exceptions/no_such_element.html
Build info: version: '3.7.1', revision: '8a0099a', time: '2017-11-06T21:07:36.161Z'
System info: host: 'DESKTOP-L12UUAD', ip: '192.168.3.191', os.name: 'Windows 10', os.arch: 'amd64', os.version: '10.0', java.version: '1.8.0_102'
Driver info: com.kms.katalon.core.appium.driver.SwipeableAndroidDriver
Capabilities {app: F:\QA_Automation\Builds\mma..., appActivity: com.audit.main.ui.SplashScreen, appPackage: com.concavetech.bloc, appWaitActivity: com.audit.main.ui.SplashScreen, appWaitPackage: com.concavetech.bloc, autoGrantPermissions: true, databaseEnabled: false, desired: {app: F:\QA_Automation\Builds\mma..., autoGrantPermissions: true, deviceId: , deviceName: samsung SM-J110H (Android 4..., fullReset: false, newCommandTimeout: 1800, noReset: true, platform: ANDROID, platformName: Android, udid: 11015a1136d0b24a}, deviceId: , deviceManufacturer: samsung, deviceModel: SM-J110H, deviceName: 11015a1136d0b24a, deviceScreenSize: 480x800, deviceUDID: 11015a1136d0b24a, fullReset: false, javascriptEnabled: true, locationContextEnabled: false, networkConnectionEnabled: true, newCommandTimeout: 1800, noReset: true, platform: ANDROID, platformName: ANDROID, platformVersion: 4.4.4, takesScreenshot: true, udid: 11015a1136d0b24a, warnings: {}, webStorageEnabled: false}
Session ID: 3f82a45a-c6a6-4c2f-803f-007e8fd8d7fd
*** Element info: {Using=xpath, value=//hierarchy/android.widget.FrameLayout[1]/android.widget.LinearLayout[1]/android.widget.FrameLayout[1]/android.widget.RelativeLayout[1]/android.widget.RelativeLayout[1]/android.widget.TextView[1]}"/>
         <system-out><![CDATA[2018-07-30 14:40:53 - [TEST_CASE][ERROR] - Test Cases/VisitShopScenarios/VisitShopsWithDataVerification: Test Cases/VisitShopScenarios/VisitShopsWithDataVerification FAILED because (of) org.openqa.selenium.NoSuchElementException: An element could not be located on the page using the given search parameters. (WARNING: The server did not provide any stacktrace information)
Command duration or timeout: 0 milliseconds
For documentation on this error, please visit: http://seleniumhq.org/exceptions/no_such_element.html
Build info: version: '3.7.1', revision: '8a0099a', time: '2017-11-06T21:07:36.161Z'
System info: host: 'DESKTOP-L12UUAD', ip: '192.168.3.191', os.name: 'Windows 10', os.arch: 'amd64', os.version: '10.0', java.version: '1.8.0_102'
Driver info: com.kms.katalon.core.appium.driver.SwipeableAndroidDriver
Capabilities {app: F:\QA_Automation\Builds\mma..., appActivity: com.audit.main.ui.SplashScreen, appPackage: com.concavetech.bloc, appWaitActivity: com.audit.main.ui.SplashScreen, appWaitPackage: com.concavetech.bloc, autoGrantPermissions: true, databaseEnabled: false, desired: {app: F:\QA_Automation\Builds\mma..., autoGrantPermissions: true, deviceId: , deviceName: samsung SM-J110H (Android 4..., fullReset: false, newCommandTimeout: 1800, noReset: true, platform: ANDROID, platformName: Android, udid: 11015a1136d0b24a}, deviceId: , deviceManufacturer: samsung, deviceModel: SM-J110H, deviceName: 11015a1136d0b24a, deviceScreenSize: 480x800, deviceUDID: 11015a1136d0b24a, fullReset: false, javascriptEnabled: true, locationContextEnabled: false, networkConnectionEnabled: true, newCommandTimeout: 1800, noReset: true, platform: ANDROID, platformName: ANDROID, platformVersion: 4.4.4, takesScreenshot: true, udid: 11015a1136d0b24a, warnings: {}, webStorageEnabled: false}
Session ID: 3f82a45a-c6a6-4c2f-803f-007e8fd8d7fd
*** Element info: {Using=xpath, value=//hierarchy/android.widget.FrameLayout[1]/android.widget.LinearLayout[1]/android.widget.FrameLayout[1]/android.widget.RelativeLayout[1]/android.widget.RelativeLayout[1]/android.widget.TextView[1]}

2018-07-30 14:40:53 - [TEST_STEP][PASSED] - verifyElementText: Actual text and expected text of test object 'Object Repository/DashboardScreenElements/Validate_DashboardScreen' are matched.

2018-07-30 14:40:54 - [MESSAGE][PASSED] - Actual text and expected text of test object 'Object Repository/DashboardScreenElements/Validate_DashboardScreen' are matched.

2018-07-30 14:40:54 - [TEST_STEP][PASSED] - com.ct.qa.keywords.CommonKeywords.selectday: com.ct.qa.keywords.CommonKeywords.selectday is PASSED

2018-07-30 14:40:54 - [MESSAGE][WARNING] - Timeout '0' is invalid. Using default page load timeout: '15'

2018-07-30 14:40:55 - [MESSAGE][PASSED] - Tapped on element 'Object Repository/DashboardScreenElements/DaysDropdownMenu'

2018-07-30 14:40:57 - [MESSAGE][PASSED] - com.ct.qa.keywords.CommonKeywords.selectday is PASSED

2018-07-30 14:40:57 - [TEST_STEP][PASSED] - tap: Tapped on element 'Object Repository/DashboardScreenElements/StartYourDay'

2018-07-30 14:40:57 - [MESSAGE][WARNING] - Timeout '0' is invalid. Using default page load timeout: '15'

2018-07-30 14:40:58 - [MESSAGE][PASSED] - Tapped on element 'Object Repository/DashboardScreenElements/StartYourDay'

2018-07-30 14:40:58 - [TEST_STEP][PASSED] - verifyElementText: Actual text and expected text of test object 'Object Repository/Validate_ShopListScreen' are matched.

2018-07-30 14:41:00 - [MESSAGE][PASSED] - Actual text and expected text of test object 'Object Repository/Validate_ShopListScreen' are matched.

2018-07-30 14:41:00 - [TEST_STEP][ERROR] - com.ct.qa.keywords.ShopVisitingScenariosKeywords.visitShopWithDataVerification: An element could not be located on the page using the given search parameters. (WARNING: The server did not provide any stacktrace information)
Command duration or timeout: 0 milliseconds
For documentation on this error, please visit: http://seleniumhq.org/exceptions/no_such_element.html
Build info: version: '3.7.1', revision: '8a0099a', time: '2017-11-06T21:07:36.161Z'
System info: host: 'DESKTOP-L12UUAD', ip: '192.168.3.191', os.name: 'Windows 10', os.arch: 'amd64', os.version: '10.0', java.version: '1.8.0_102'
Driver info: com.kms.katalon.core.appium.driver.SwipeableAndroidDriver
Capabilities {app: F:\QA_Automation\Builds\mma..., appActivity: com.audit.main.ui.SplashScreen, appPackage: com.concavetech.bloc, appWaitActivity: com.audit.main.ui.SplashScreen, appWaitPackage: com.concavetech.bloc, autoGrantPermissions: true, databaseEnabled: false, desired: {app: F:\QA_Automation\Builds\mma..., autoGrantPermissions: true, deviceId: , deviceName: samsung SM-J110H (Android 4..., fullReset: false, newCommandTimeout: 1800, noReset: true, platform: ANDROID, platformName: Android, udid: 11015a1136d0b24a}, deviceId: , deviceManufacturer: samsung, deviceModel: SM-J110H, deviceName: 11015a1136d0b24a, deviceScreenSize: 480x800, deviceUDID: 11015a1136d0b24a, fullReset: false, javascriptEnabled: true, locationContextEnabled: false, networkConnectionEnabled: true, newCommandTimeout: 1800, noReset: true, platform: ANDROID, platformName: ANDROID, platformVersion: 4.4.4, takesScreenshot: true, udid: 11015a1136d0b24a, warnings: {}, webStorageEnabled: false}
Session ID: 3f82a45a-c6a6-4c2f-803f-007e8fd8d7fd
*** Element info: {Using=xpath, value=//hierarchy/android.widget.FrameLayout[1]/android.widget.LinearLayout[1]/android.widget.FrameLayout[1]/android.widget.RelativeLayout[1]/android.widget.RelativeLayout[1]/android.widget.TextView[1]}

2018-07-30 14:41:03 - [MESSAGE][PASSED] - Actual text and expected text of test object 'Object Repository/Validate_ShopOptionsScreen' are matched.

2018-07-30 14:41:03 - [MESSAGE][WARNING] - Timeout '0' is invalid. Using default page load timeout: '15'

2018-07-30 14:41:04 - [MESSAGE][PASSED] - Tapped on element 'Object Repository/StartWorking'

2018-07-30 14:41:19 - [MESSAGE][PASSED] - Delayed 15 second(s)

2018-07-30 14:41:20 - [MESSAGE][PASSED] - Element 'Object Repository/CommonScreenElements/Validate_MapScreen' is exist

2018-07-30 14:41:20 - [MESSAGE][WARNING] - Timeout '0' is invalid. Using default page load timeout: '15'

2018-07-30 14:41:21 - [MESSAGE][PASSED] - Tapped on element 'Object Repository/CommonScreenElements/Location_CheckIn'

2018-07-30 14:41:21 - [MESSAGE][WARNING] - Timeout '0' is invalid. Using default page load timeout: '15'

2018-07-30 14:41:22 - [MESSAGE][PASSED] - Element 'Object Repository/CommonScreenElements/Validate_InfoPopUP' is exist

2018-07-30 14:41:22 - [MESSAGE][WARNING] - Timeout '0' is invalid. Using default page load timeout: '15'

2018-07-30 14:41:22 - [MESSAGE][PASSED] - Tapped on element 'Object Repository/CommonScreenElements/InfoPopUp_NoButton'

2018-07-30 14:41:23 - [TEST_CASE][PASSED] - Test Cases/ShopOpen/VisitShopOpen: Test Cases/ShopOpen/VisitShopOpen

2018-07-30 14:41:23 - [TEST_STEP][PASSED] - verifyElementExist: Element 'Object Repository/ShopActions_List' is exist

2018-07-30 14:41:23 - [MESSAGE][WARNING] - Timeout '0' is invalid. Using default page load timeout: '15'

2018-07-30 14:41:23 - [MESSAGE][PASSED] - Element 'Object Repository/ShopActions_List' is exist

2018-07-30 14:41:23 - [TEST_STEP][PASSED] - tap: Tapped on element 'Object Repository/ShopOpen/ShopOpen'

2018-07-30 14:41:23 - [MESSAGE][WARNING] - Timeout '0' is invalid. Using default page load timeout: '15'

2018-07-30 14:41:26 - [MESSAGE][PASSED] - Tapped on element 'Object Repository/ShopOpen/ShopOpen'

2018-07-30 14:41:26 - [TEST_STEP][PASSED] - verifyElementExist: Element 'Object Repository/CommonScreenElements/Validate_CameraScreen' is exist

2018-07-30 14:41:26 - [MESSAGE][WARNING] - Timeout '0' is invalid. Using default page load timeout: '15'

2018-07-30 14:41:27 - [MESSAGE][PASSED] - Element 'Object Repository/CommonScreenElements/Validate_CameraScreen' is exist

2018-07-30 14:41:27 - [TEST_STEP][PASSED] - tap: Tapped on element 'Object Repository/CommonScreenElements/TakePictureButton'

2018-07-30 14:41:27 - [MESSAGE][WARNING] - Timeout '0' is invalid. Using default page load timeout: '15'

2018-07-30 14:41:30 - [MESSAGE][PASSED] - Tapped on element 'Object Repository/CommonScreenElements/TakePictureButton'

2018-07-30 14:41:30 - [TEST_STEP][PASSED] - delay: Delayed 5 second(s)

2018-07-30 14:41:35 - [MESSAGE][PASSED] - Delayed 5 second(s)

2018-07-30 14:41:35 - [TEST_STEP][PASSED] - tap: Tapped on element 'Object Repository/CommonScreenElements/DoneButton'

2018-07-30 14:41:35 - [MESSAGE][WARNING] - Timeout '0' is invalid. Using default page load timeout: '15'

2018-07-30 14:41:36 - [MESSAGE][PASSED] - Tapped on element 'Object Repository/CommonScreenElements/DoneButton'

2018-07-30 14:41:36 - [MESSAGE][PASSED] - Call Test Case 'Test Cases/ShopOpen/VisitShopOpen' successfully

2018-07-30 14:41:36 - [TEST_CASE][PASSED] - Test Cases/ShopOpen/VisitCategoryScenarios/VisitShopCategoriesWith_CNAl_CAv_DSA: Test Cases/ShopOpen/VisitCategoryScenarios/VisitShopCategoriesWith_CNAl_CAv_DSA

2018-07-30 14:41:36 - [TEST_STEP][PASSED] - verifyElementExist: Element 'Object Repository/ShopOpen/Validate_ShopCategoriesListScreen' is exist

2018-07-30 14:41:36 - [MESSAGE][WARNING] - Timeout '0' is invalid. Using default page load timeout: '15'

2018-07-30 14:41:38 - [MESSAGE][PASSED] - Element 'Object Repository/ShopOpen/Validate_ShopCategoriesListScreen' is exist

2018-07-30 14:41:38 - [TEST_STEP][PASSED] - com.ct.qa.keywords.CategoryVisitingScenariosKeywords.visitShopCategoriesWith_CNAl_CAv_DSA: com.ct.qa.keywords.CategoryVisitingScenariosKeywords.visitShopCategoriesWith_CNAl_CAv_DSA is PASSED

2018-07-30 14:41:42 - [MESSAGE][PASSED] - com.ct.qa.keywords.CategoryVisitingScenariosKeywords.visitShopCategoriesWith_CNAl_CAv_DSA is PASSED

2018-07-30 14:41:42 - [MESSAGE][PASSED] - Call Test Case 'Test Cases/ShopOpen/VisitCategoryScenarios/VisitShopCategoriesWith_CNAl_CAv_DSA' successfully

2018-07-30 14:41:42 - [TEST_CASE][PASSED] - Test Cases/ShopOpen/SaveShop: Test Cases/ShopOpen/SaveShop

2018-07-30 14:41:43 - [TEST_STEP][PASSED] - tap: Tapped on element 'Object Repository/ShopOpen/SubmitButtonToSaveShop'

2018-07-30 14:41:43 - [MESSAGE][WARNING] - Timeout '0' is invalid. Using default page load timeout: '15'

2018-07-30 14:41:43 - [MESSAGE][PASSED] - Tapped on element 'Object Repository/ShopOpen/SubmitButtonToSaveShop'

2018-07-30 14:41:43 - [TEST_STEP][PASSED] - verifyElementExist: Element 'Object Repository/CommonScreenElements/Validate_InfoPopUP' is exist

2018-07-30 14:41:43 - [MESSAGE][WARNING] - Timeout '0' is invalid. Using default page load timeout: '15'

2018-07-30 14:41:44 - [MESSAGE][PASSED] - Element 'Object Repository/CommonScreenElements/Validate_InfoPopUP' is exist

2018-07-30 14:41:44 - [TEST_STEP][PASSED] - tap: Tapped on element 'Object Repository/CommonScreenElements/InfoPopUp_YesButton'

2018-07-30 14:41:44 - [MESSAGE][WARNING] - Timeout '0' is invalid. Using default page load timeout: '15'

2018-07-30 14:41:45 - [MESSAGE][PASSED] - Tapped on element 'Object Repository/CommonScreenElements/InfoPopUp_YesButton'

2018-07-30 14:41:45 - [TEST_STEP][PASSED] - verifyElementText: Actual text and expected text of test object 'Object Repository/Validate_ShopListScreen' are matched.

2018-07-30 14:41:46 - [MESSAGE][PASSED] - Actual text and expected text of test object 'Object Repository/Validate_ShopListScreen' are matched.

2018-07-30 14:41:46 - [MESSAGE][PASSED] - Call Test Case 'Test Cases/ShopOpen/SaveShop' successfully

2018-07-30 14:41:47 - [MESSAGE][PASSED] - Swiped from 0,292 to 0,200

2018-07-30 14:41:50 - [TEST_CASE][ERROR] - Test Cases/ShopOpen/VisitCategoryScenarios/VisitShopCategoriesWith_CNAl_CAv_DSA: Test Cases/ShopOpen/VisitCategoryScenarios/VisitShopCategoriesWith_CNAl_CAv_DSA FAILED because (of) org.openqa.selenium.NoSuchElementException: An element could not be located on the page using the given search parameters. (WARNING: The server did not provide any stacktrace information)
Command duration or timeout: 0 milliseconds
For documentation on this error, please visit: http://seleniumhq.org/exceptions/no_such_element.html
Build info: version: '3.7.1', revision: '8a0099a', time: '2017-11-06T21:07:36.161Z'
System info: host: 'DESKTOP-L12UUAD', ip: '192.168.3.191', os.name: 'Windows 10', os.arch: 'amd64', os.version: '10.0', java.version: '1.8.0_102'
Driver info: com.kms.katalon.core.appium.driver.SwipeableAndroidDriver
Capabilities {app: F:\QA_Automation\Builds\mma..., appActivity: com.audit.main.ui.SplashScreen, appPackage: com.concavetech.bloc, appWaitActivity: com.audit.main.ui.SplashScreen, appWaitPackage: com.concavetech.bloc, autoGrantPermissions: true, databaseEnabled: false, desired: {app: F:\QA_Automation\Builds\mma..., autoGrantPermissions: true, deviceId: , deviceName: samsung SM-J110H (Android 4..., fullReset: false, newCommandTimeout: 1800, noReset: true, platform: ANDROID, platformName: Android, udid: 11015a1136d0b24a}, deviceId: , deviceManufacturer: samsung, deviceModel: SM-J110H, deviceName: 11015a1136d0b24a, deviceScreenSize: 480x800, deviceUDID: 11015a1136d0b24a, fullReset: false, javascriptEnabled: true, locationContextEnabled: false, networkConnectionEnabled: true, newCommandTimeout: 1800, noReset: true, platform: ANDROID, platformName: ANDROID, platformVersion: 4.4.4, takesScreenshot: true, udid: 11015a1136d0b24a, warnings: {}, webStorageEnabled: false}
Session ID: 3f82a45a-c6a6-4c2f-803f-007e8fd8d7fd
*** Element info: {Using=xpath, value=//hierarchy/android.widget.FrameLayout[1]/android.widget.LinearLayout[1]/android.widget.FrameLayout[1]/android.widget.RelativeLayout[1]/android.widget.RelativeLayout[1]/android.widget.TextView[1]}

2018-07-30 14:41:50 - [TEST_STEP][PASSED] - verifyElementExist: Element 'Object Repository/ShopOpen/Validate_ShopCategoriesListScreen' is exist

2018-07-30 14:41:50 - [MESSAGE][WARNING] - Timeout '0' is invalid. Using default page load timeout: '15'

2018-07-30 14:41:51 - [MESSAGE][PASSED] - Element 'Object Repository/ShopOpen/Validate_ShopCategoriesListScreen' is exist

2018-07-30 14:41:51 - [TEST_STEP][ERROR] - com.ct.qa.keywords.CategoryVisitingScenariosKeywords.visitShopCategoriesWith_CNAl_CAv_DSA: An element could not be located on the page using the given search parameters. (WARNING: The server did not provide any stacktrace information)
Command duration or timeout: 0 milliseconds
For documentation on this error, please visit: http://seleniumhq.org/exceptions/no_such_element.html
Build info: version: '3.7.1', revision: '8a0099a', time: '2017-11-06T21:07:36.161Z'
System info: host: 'DESKTOP-L12UUAD', ip: '192.168.3.191', os.name: 'Windows 10', os.arch: 'amd64', os.version: '10.0', java.version: '1.8.0_102'
Driver info: com.kms.katalon.core.appium.driver.SwipeableAndroidDriver
Capabilities {app: F:\QA_Automation\Builds\mma..., appActivity: com.audit.main.ui.SplashScreen, appPackage: com.concavetech.bloc, appWaitActivity: com.audit.main.ui.SplashScreen, appWaitPackage: com.concavetech.bloc, autoGrantPermissions: true, databaseEnabled: false, desired: {app: F:\QA_Automation\Builds\mma..., autoGrantPermissions: true, deviceId: , deviceName: samsung SM-J110H (Android 4..., fullReset: false, newCommandTimeout: 1800, noReset: true, platform: ANDROID, platformName: Android, udid: 11015a1136d0b24a}, deviceId: , deviceManufacturer: samsung, deviceModel: SM-J110H, deviceName: 11015a1136d0b24a, deviceScreenSize: 480x800, deviceUDID: 11015a1136d0b24a, fullReset: false, javascriptEnabled: true, locationContextEnabled: false, networkConnectionEnabled: true, newCommandTimeout: 1800, noReset: true, platform: ANDROID, platformName: ANDROID, platformVersion: 4.4.4, takesScreenshot: true, udid: 11015a1136d0b24a, warnings: {}, webStorageEnabled: false}
Session ID: 3f82a45a-c6a6-4c2f-803f-007e8fd8d7fd
*** Element info: {Using=xpath, value=//hierarchy/android.widget.FrameLayout[1]/android.widget.LinearLayout[1]/android.widget.FrameLayout[1]/android.widget.RelativeLayout[1]/android.widget.RelativeLayout[1]/android.widget.TextView[1]}

2018-07-30 14:41:52 - [MESSAGE][ERROR] - An element could not be located on the page using the given search parameters. (WARNING: The server did not provide any stacktrace information)
Command duration or timeout: 0 milliseconds
For documentation on this error, please visit: http://seleniumhq.org/exceptions/no_such_element.html
Build info: version: '3.7.1', revision: '8a0099a', time: '2017-11-06T21:07:36.161Z'
System info: host: 'DESKTOP-L12UUAD', ip: '192.168.3.191', os.name: 'Windows 10', os.arch: 'amd64', os.version: '10.0', java.version: '1.8.0_102'
Driver info: com.kms.katalon.core.appium.driver.SwipeableAndroidDriver
Capabilities {app: F:\QA_Automation\Builds\mma..., appActivity: com.audit.main.ui.SplashScreen, appPackage: com.concavetech.bloc, appWaitActivity: com.audit.main.ui.SplashScreen, appWaitPackage: com.concavetech.bloc, autoGrantPermissions: true, databaseEnabled: false, desired: {app: F:\QA_Automation\Builds\mma..., autoGrantPermissions: true, deviceId: , deviceName: samsung SM-J110H (Android 4..., fullReset: false, newCommandTimeout: 1800, noReset: true, platform: ANDROID, platformName: Android, udid: 11015a1136d0b24a}, deviceId: , deviceManufacturer: samsung, deviceModel: SM-J110H, deviceName: 11015a1136d0b24a, deviceScreenSize: 480x800, deviceUDID: 11015a1136d0b24a, fullReset: false, javascriptEnabled: true, locationContextEnabled: false, networkConnectionEnabled: true, newCommandTimeout: 1800, noReset: true, platform: ANDROID, platformName: ANDROID, platformVersion: 4.4.4, takesScreenshot: true, udid: 11015a1136d0b24a, warnings: {}, webStorageEnabled: false}
Session ID: 3f82a45a-c6a6-4c2f-803f-007e8fd8d7fd
*** Element info: {Using=xpath, value=//hierarchy/android.widget.FrameLayout[1]/android.widget.LinearLayout[1]/android.widget.FrameLayout[1]/android.widget.RelativeLayout[1]/android.widget.RelativeLayout[1]/android.widget.TextView[1]}

2018-07-30 14:41:52 - [MESSAGE][FAILED] - Unable to call Test Case with id 'Test Cases/ShopOpen/VisitCategoryScenarios/VisitShopCategoriesWith_CNAl_CAv_DSA' (Root cause: Call Test Case 'Test Cases/ShopOpen/VisitCategoryScenarios/VisitShopCategoriesWith_CNAl_CAv_DSA' failed because of error(s))

2018-07-30 14:41:52 - [MESSAGE][ERROR] - An element could not be located on the page using the given search parameters. (WARNING: The server did not provide any stacktrace information)
Command duration or timeout: 0 milliseconds
For documentation on this error, please visit: http://seleniumhq.org/exceptions/no_such_element.html
Build info: version: '3.7.1', revision: '8a0099a', time: '2017-11-06T21:07:36.161Z'
System info: host: 'DESKTOP-L12UUAD', ip: '192.168.3.191', os.name: 'Windows 10', os.arch: 'amd64', os.version: '10.0', java.version: '1.8.0_102'
Driver info: com.kms.katalon.core.appium.driver.SwipeableAndroidDriver
Capabilities {app: F:\QA_Automation\Builds\mma..., appActivity: com.audit.main.ui.SplashScreen, appPackage: com.concavetech.bloc, appWaitActivity: com.audit.main.ui.SplashScreen, appWaitPackage: com.concavetech.bloc, autoGrantPermissions: true, databaseEnabled: false, desired: {app: F:\QA_Automation\Builds\mma..., autoGrantPermissions: true, deviceId: , deviceName: samsung SM-J110H (Android 4..., fullReset: false, newCommandTimeout: 1800, noReset: true, platform: ANDROID, platformName: Android, udid: 11015a1136d0b24a}, deviceId: , deviceManufacturer: samsung, deviceModel: SM-J110H, deviceName: 11015a1136d0b24a, deviceScreenSize: 480x800, deviceUDID: 11015a1136d0b24a, fullReset: false, javascriptEnabled: true, locationContextEnabled: false, networkConnectionEnabled: true, newCommandTimeout: 1800, noReset: true, platform: ANDROID, platformName: ANDROID, platformVersion: 4.4.4, takesScreenshot: true, udid: 11015a1136d0b24a, warnings: {}, webStorageEnabled: false}
Session ID: 3f82a45a-c6a6-4c2f-803f-007e8fd8d7fd
*** Element info: {Using=xpath, value=//hierarchy/android.widget.FrameLayout[1]/android.widget.LinearLayout[1]/android.widget.FrameLayout[1]/android.widget.RelativeLayout[1]/android.widget.RelativeLayout[1]/android.widget.TextView[1]}]]></system-out>
         <system-err><![CDATA[2018-07-30 14:40:53 - [TEST_CASE][ERROR] - Test Cases/VisitShopScenarios/VisitShopsWithDataVerification: Test Cases/VisitShopScenarios/VisitShopsWithDataVerification FAILED because (of) org.openqa.selenium.NoSuchElementException: An element could not be located on the page using the given search parameters. (WARNING: The server did not provide any stacktrace information)
Command duration or timeout: 0 milliseconds
For documentation on this error, please visit: http://seleniumhq.org/exceptions/no_such_element.html
Build info: version: '3.7.1', revision: '8a0099a', time: '2017-11-06T21:07:36.161Z'
System info: host: 'DESKTOP-L12UUAD', ip: '192.168.3.191', os.name: 'Windows 10', os.arch: 'amd64', os.version: '10.0', java.version: '1.8.0_102'
Driver info: com.kms.katalon.core.appium.driver.SwipeableAndroidDriver
Capabilities {app: F:\QA_Automation\Builds\mma..., appActivity: com.audit.main.ui.SplashScreen, appPackage: com.concavetech.bloc, appWaitActivity: com.audit.main.ui.SplashScreen, appWaitPackage: com.concavetech.bloc, autoGrantPermissions: true, databaseEnabled: false, desired: {app: F:\QA_Automation\Builds\mma..., autoGrantPermissions: true, deviceId: , deviceName: samsung SM-J110H (Android 4..., fullReset: false, newCommandTimeout: 1800, noReset: true, platform: ANDROID, platformName: Android, udid: 11015a1136d0b24a}, deviceId: , deviceManufacturer: samsung, deviceModel: SM-J110H, deviceName: 11015a1136d0b24a, deviceScreenSize: 480x800, deviceUDID: 11015a1136d0b24a, fullReset: false, javascriptEnabled: true, locationContextEnabled: false, networkConnectionEnabled: true, newCommandTimeout: 1800, noReset: true, platform: ANDROID, platformName: ANDROID, platformVersion: 4.4.4, takesScreenshot: true, udid: 11015a1136d0b24a, warnings: {}, webStorageEnabled: false}
Session ID: 3f82a45a-c6a6-4c2f-803f-007e8fd8d7fd
*** Element info: {Using=xpath, value=//hierarchy/android.widget.FrameLayout[1]/android.widget.LinearLayout[1]/android.widget.FrameLayout[1]/android.widget.RelativeLayout[1]/android.widget.RelativeLayout[1]/android.widget.TextView[1]}]]></system-err>
      </testcase>
      <system-out><![CDATA[2018-07-30 14:40:30 - [TEST_SUITE][ERROR] - MMA Plus Merchandising With Chiller Utilization Data Verification: Test Cases/VisitShopScenarios/VisitShopsWithDataVerification FAILED because (of) org.openqa.selenium.NoSuchElementException: An element could not be located on the page using the given search parameters. (WARNING: The server did not provide any stacktrace information)
Command duration or timeout: 0 milliseconds
For documentation on this error, please visit: http://seleniumhq.org/exceptions/no_such_element.html
Build info: version: '3.7.1', revision: '8a0099a', time: '2017-11-06T21:07:36.161Z'
System info: host: 'DESKTOP-L12UUAD', ip: '192.168.3.191', os.name: 'Windows 10', os.arch: 'amd64', os.version: '10.0', java.version: '1.8.0_102'
Driver info: com.kms.katalon.core.appium.driver.SwipeableAndroidDriver
Capabilities {app: F:\QA_Automation\Builds\mma..., appActivity: com.audit.main.ui.SplashScreen, appPackage: com.concavetech.bloc, appWaitActivity: com.audit.main.ui.SplashScreen, appWaitPackage: com.concavetech.bloc, autoGrantPermissions: true, databaseEnabled: false, desired: {app: F:\QA_Automation\Builds\mma..., autoGrantPermissions: true, deviceId: , deviceName: samsung SM-J110H (Android 4..., fullReset: false, newCommandTimeout: 1800, noReset: true, platform: ANDROID, platformName: Android, udid: 11015a1136d0b24a}, deviceId: , deviceManufacturer: samsung, deviceModel: SM-J110H, deviceName: 11015a1136d0b24a, deviceScreenSize: 480x800, deviceUDID: 11015a1136d0b24a, fullReset: false, javascriptEnabled: true, locationContextEnabled: false, networkConnectionEnabled: true, newCommandTimeout: 1800, noReset: true, platform: ANDROID, platformName: ANDROID, platformVersion: 4.4.4, takesScreenshot: true, udid: 11015a1136d0b24a, warnings: {}, webStorageEnabled: false}
Session ID: 3f82a45a-c6a6-4c2f-803f-007e8fd8d7fd
*** Element info: {Using=xpath, value=//hierarchy/android.widget.FrameLayout[1]/android.widget.LinearLayout[1]/android.widget.FrameLayout[1]/android.widget.RelativeLayout[1]/android.widget.RelativeLayout[1]/android.widget.TextView[1]}]]></system-out>
      <system-err><![CDATA[2018-07-30 14:40:30 - [TEST_SUITE][ERROR] - MMA Plus Merchandising With Chiller Utilization Data Verification: Test Cases/VisitShopScenarios/VisitShopsWithDataVerification FAILED because (of) org.openqa.selenium.NoSuchElementException: An element could not be located on the page using the given search parameters. (WARNING: The server did not provide any stacktrace information)
Command duration or timeout: 0 milliseconds
For documentation on this error, please visit: http://seleniumhq.org/exceptions/no_such_element.html
Build info: version: '3.7.1', revision: '8a0099a', time: '2017-11-06T21:07:36.161Z'
System info: host: 'DESKTOP-L12UUAD', ip: '192.168.3.191', os.name: 'Windows 10', os.arch: 'amd64', os.version: '10.0', java.version: '1.8.0_102'
Driver info: com.kms.katalon.core.appium.driver.SwipeableAndroidDriver
Capabilities {app: F:\QA_Automation\Builds\mma..., appActivity: com.audit.main.ui.SplashScreen, appPackage: com.concavetech.bloc, appWaitActivity: com.audit.main.ui.SplashScreen, appWaitPackage: com.concavetech.bloc, autoGrantPermissions: true, databaseEnabled: false, desired: {app: F:\QA_Automation\Builds\mma..., autoGrantPermissions: true, deviceId: , deviceName: samsung SM-J110H (Android 4..., fullReset: false, newCommandTimeout: 1800, noReset: true, platform: ANDROID, platformName: Android, udid: 11015a1136d0b24a}, deviceId: , deviceManufacturer: samsung, deviceModel: SM-J110H, deviceName: 11015a1136d0b24a, deviceScreenSize: 480x800, deviceUDID: 11015a1136d0b24a, fullReset: false, javascriptEnabled: true, locationContextEnabled: false, networkConnectionEnabled: true, newCommandTimeout: 1800, noReset: true, platform: ANDROID, platformName: ANDROID, platformVersion: 4.4.4, takesScreenshot: true, udid: 11015a1136d0b24a, warnings: {}, webStorageEnabled: false}
Session ID: 3f82a45a-c6a6-4c2f-803f-007e8fd8d7fd
*** Element info: {Using=xpath, value=//hierarchy/android.widget.FrameLayout[1]/android.widget.LinearLayout[1]/android.widget.FrameLayout[1]/android.widget.RelativeLayout[1]/android.widget.RelativeLayout[1]/android.widget.TextView[1]}]]></system-err>
   </testsuite>
</testsuites>
